TRXV5
3
4
4
9
string Extension=J
integer IsArchMeasurement=1
integer IsSpherical=1
string Generator=SPM
string GeneratorVersion=1.3.1 Dev
double ArchRadius=0.449999988079071
integer FrequencyAxisIndex=0
integer AzimuthAxisIndex=1
integer ElevationAxisIndex=2
Frequency
5 136 690000000 960000000 LIN
Azimuth
7 8 0 2.74889357189107 LIN
Elevation
7 15 -2.74889357189107 2.74889357189107 LIN
Polar H Real Part
13
Polar H Imaginary Part
14
Polar V Real Part
13
Polar V Imaginary Part
14
Polar H Magnitude (dB)
12 0xC0000002 0 1
Polar H Phase
7 0xC0000003 0 1
Polar V Magnitude (dB)
12 0xC0000002 2 3
Polar V Phase
7 0xC0000003 2 3
-0.0198383331298828 0.0100002288818359 0.0269889831542969 0.0137710571289062
0.000608444213867189 0.0190620422363281 0.00951766967773438 0.0093984603881836
0.00884246826171875 0.00623416900634766 0.00103664398193359 0.0129499435424805
0.00815963745117188 0.000212192535400391 0.0108375549316406 0.0188331604003906
0.00746059417724609 -0.00450706481933594 0.0208091735839844 0.0130958557128906
0.00464534759521484 -0.00963306427001953 0.0247268676757812 0.00367927551269531
0.00332450866699219 -0.00859928131103516 0.02252197265625 0.00038909912109375
0.0040287971496582 -0.00755977630615234 0.0170869827270508 0.000809669494628906
0.00809001922607422 -0.00870180130004883 0.00926399230957031 0.00388336181640625
0.0124197006225586 -0.00106906890869141 0.00131559371948242 0.00365114212036133
0.0103893280029297 0.0093231201171875 -0.00364637374877929 -0.00691986083984375
0.00183486938476563 0.014012336730957 0.00490283966064453 -0.0151004791259766
-0.0107965469360352 0.0107994079589844 0.0258922576904297 -0.0126495361328125
-0.0178585052490234 0.00619316101074219 0.0286598205566406 0.00142097473144531
-0.0259189605712891 -0.000877380371093745 0.0103960037231445 0.00439357757568359
-0.0276985168457031 0.00511360168457031 0.018890380859375 0.0175609588623047
-0.00979232788085937 0.0185832977294922 0.00275421142578125 0.0141487121582031
0.00214862823486328 0.0102005004882813 -0.000846862792968748 0.0184803009033203
0.0059809684753418 0.0067143440246582 0.0101413726806641 0.0229301452636719
0.00901985168457031 0.00197124481201172 0.0202064514160156 0.0162181854248047
0.0100822448730469 -0.00416660308837891 0.0243663787841797 0.00677871704101562
0.00979804992675781 -0.00500679016113281 0.0211982727050781 0.00329971313476562
0.00941276550292969 -0.00363540649414063 0.0139760971069336 0.00412940979003906
0.0137882232666016 -0.00436019897460938 0.00547981262207031 0.00642299652099609
0.0162496566772461 0.00425434112548828 -0.00312662124633789 0.00511455535888672
0.0109739303588867 0.0152063369750977 -0.008392333984375 -0.00651979446411133
-0.000572204589843752 0.0200576782226563 -0.00054168701171875 -0.0161170959472656
-0.0165262222290039 0.0135116577148438 0.0199337005615234 -0.014984130859375
-0.0249214172363281 0.00475502014160156 0.0200443267822266 -5.14984130859372E-05
-0.0325927734375 -0.00415611267089844 1.45435333251931E-05 0.0025477409362793
-0.0323963165283203 -0.00219917297363282 0.00726890563964844 0.0177574157714844
-0.0190067291259766 0.0139846801757812 -0.00767898559570312 0.0176830291748047
-0.00677776336669922 0.0130786895751953 -0.00554084777832031 0.0244083404541016
0.00075531005859375 0.0138034820556641 0.00791168212890625 0.0270748138427734
0.00863742828369141 0.00968456268310547 0.0177116394042969 0.01904296875
0.0141382217407227 0.00304412841796875 0.0221633911132813 0.00957489013671875
0.0153446197509766 -0.000490188598632813 0.0169591903686523 0.00570106506347656
0.0132198333740234 -6.00814819335938E-05 0.00912380218505859 0.00628757476806641
0.0169029235839844 0.000131607055664063 -0.000152111053466796 0.00849294662475586
0.0178241729736328 0.0083160400390625 -0.0085916519165039 0.00615167617797852
0.0110511779785156 0.0177803039550781 -0.0141229629516602 -0.00589752197265625
-0.00130462646484375 0.0223140716552734 -0.0059051513671875 -0.0158624649047852
-0.0180587768554687 0.0152359008789063 0.0127124786376953 -0.0159139633178711
-0.0271396636962891 0.00474739074707031 0.00928306579589844 -0.000302314758300781
-0.0340728759765625 -0.00645065307617188 -0.0105533599853516 0.00101757049560547
-0.0311813354492188 -0.00848197937011718 -0.00523948669433594 0.015498161315918
-0.0250148773193359 0.00712203979492187 -0.0191059112548828 0.0180721282958984
-0.0146360397338867 0.0130548477172852 -0.0122013092041016 0.0276832580566406
-0.00501060485839844 0.0183563232421875 0.00379753112792969 0.0293083190917969
0.00620079040527344 0.0161323547363281 0.0139102935791016 0.0195770263671875
0.0156068801879883 0.00983810424804688 0.0170621871948242 0.010523796081543
0.0175209045410156 0.00405406951904297 0.0103597640991211 0.00656986236572266
0.0146331787109375 0.00355815887451172 0.00282907485961914 0.0067901611328125
0.0174808502197266 0.00423240661621094 -0.0059814453125 0.00936603546142578
0.0171346664428711 0.0106344223022461 -0.0136814117431641 0.00657463073730469
0.00959968566894531 0.0179252624511719 -0.01837158203125 -0.00470542907714844
-0.00177955627441406 0.0210189819335938 -0.0102996826171875 -0.0141572952270508
-0.0169496536254883 0.0142393112182617 0.00566005706787109 -0.0139923095703125
-0.0247783660888672 0.00332450866699218 -0.00102019309997559 0.00109851360321045
-0.0317840576171875 -0.00845146179199219 -0.0214347839355469 -0.00103950500488281
-0.0256614685058594 -0.0132503509521484 -0.0169801712036133 0.00960063934326172
-0.0249805450439453 0.000581741333007815 -0.0303230285644531 0.0147953033447266
-0.0195636749267578 0.00946617126464844 -0.0195503234863281 0.0279636383056641
-0.0104179382324219 0.0188465118408203 -0.000839233398437502 0.0283432006835938
0.00321578979492187 0.0186824798583984 0.00887298583984375 0.0170459747314453
0.0137615203857422 0.0143928527832031 0.0103321075439453 0.00864124298095703
0.0167827606201172 0.00828838348388672 0.00209856033325195 0.00548315048217773
0.0134248733520508 0.00665855407714844 -0.00473499298095703 0.00680685043334961
0.0155067443847656 0.00720024108886719 -0.0118322372436523 0.00933742523193359
0.0141382217407227 0.0119962692260742 -0.0186424255371094 0.00656890869140625
0.00681114196777344 0.0171194076538086 -0.0213966369628906 -0.00382041931152344
-0.00396728515625 0.0183868408203125 -0.0124406814575195 -0.01251220703125
-0.0163822174072266 0.0103597640991211 0.00177288055419922 -0.0105066299438477
-0.0208740234375 -0.000240325927734378 -0.00857210159301758 0.00423049926757813
-0.0267219543457031 -0.0118579864501953 -0.0303707122802734 -0.00195121765136719
-0.0145273208618164 -0.0139293670654297 -0.0237655639648437 0.0033111572265625
-0.0174446105957031 -0.00481224060058594 -0.03704833984375 0.00926589965820313
-0.0172595977783203 0.00360965728759766 -0.0244083404541016 0.0239067077636719
-0.0119514465332031 0.0132150650024414 -0.00537490844726563 0.0245380401611328
-0.00145149230957031 0.0155467987060547 0.00409221649169922 0.0131082534790039
0.008453369140625 0.0152406692504883 0.00336313247680664 0.00589466094970703
0.01226806640625 0.010798454284668 -0.00458574295043945 0.00344991683959961
0.00996780395507812 0.00891304016113281 -0.0109729766845703 0.00520801544189453
0.0116977691650391 0.00934886932373047 -0.0167808532714844 0.00745773315429688
0.00985908508300781 0.0129203796386719 -0.0210170745849609 0.00456809997558594
0.00241661071777344 0.0153942108154297 -0.0213394165039063 -0.00438117980957031
-0.00663471221923828 0.0153598785400391 -0.0122089385986328 -0.0106344223022461
-0.0156183242797852 0.00487136840820313 -0.0015411376953125 -0.00786209106445313
-0.0160446166992188 -0.00561904907226563 -0.0138092041015625 0.0048837661743164
-0.0174398422241211 -0.0155839920043945 -0.0349006652832031 -0.005157470703125
-0.00151252746582031 -0.0106706619262695 -0.0267105102539063 -0.00227165222167968
-0.00437498092651367 -0.00645065307617188 -0.0382919311523438 0.0041351318359375
-0.00876569747924805 -0.00226449966430664 -0.0265884399414063 0.0204410552978516
-0.00925350189208984 0.00424957275390625 -0.00690460205078125 0.0194168090820313
-0.00439882278442383 0.00787496566772461 0.0018162727355957 0.0075068473815918
0.000532150268554688 0.0115299224853516 -0.00214910507202148 0.00097942352294922
0.00551033020019531 0.0114841461181641 -0.0104446411132812 0.000688552856445313
0.00489521026611328 0.00920963287353516 -0.016143798828125 0.0031118392944336
0.00611209869384766 0.00988006591796875 -0.0205955505371094 0.00561332702636719
0.00427818298339844 0.0124673843383789 -0.0232048034667969 0.00239372253417969
-0.000917434692382811 0.0139999389648438 -0.0226459503173828 -0.00578498840332032
-0.00927829742431641 0.0121021270751953 -0.0123147964477539 -0.0117006301879883
-0.0158472061157227 -0.000381469726562498 -0.00199699401855469 -0.00747585296630859
-0.0102920532226563 -0.011439323425293 -0.015106201171875 0.0035552978515625
-0.00815773010253907 -0.01885986328125 -0.0373649597167969 -0.00811767578124999
0.0116443634033203 -0.00644779205322266 -0.0222740173339844 -0.00398635864257812
0.0083775520324707 -0.00646877288818359 -0.0342750549316406 0.00168800354003906
0.00150632858276367 -0.0072941780090332 -0.0248546600341797 0.0171432495117188
-0.00446224212646484 -0.00577783584594727 -0.00644588470458984 0.0157356262207031
-0.00652647018432617 -0.00115442276000977 0.00135898590087891 0.0047917366027832
-0.00684309005737305 0.00585079193115234 -0.00368118286132813 -0.00218057632446289
-0.00227832794189453 0.0100307464599609 -0.0125522613525391 -0.00231838226318359
-0.000977516174316405 0.00892162322998047 -0.0184574127197266 0.000375747680664061
0.000456809997558594 0.00922203063964844 -0.0226898193359375 0.0022125244140625
-0.00048065185546875 0.0105133056640625 -0.0243167877197266 -0.00189208984375
-0.00353717803955078 0.010406494140625 -0.0216693878173828 -0.00890922546386719
-0.0100688934326172 0.00744438171386719 -0.0119190216064453 -0.0131626129150391
-0.0137977600097656 -0.00456428527832031 -0.00326061248779297 -0.0099935531616211
-0.00496959686279297 -0.0150289535522461 -0.0150527954101562 -0.00152587890625
0.0023040771484375 -0.0198898315429688 -0.0347023010253906 -0.0132637023925781
-0.0198078155517578 0.0141124725341797 0.030914306640625 0.0153541564941406
0.00357246398925781 0.0209121704101562 0.0122766494750977 0.0103120803833008
0.0115890502929688 0.00554084777832031 0.002532958984375 0.0134820938110352
0.00962543487548828 -0.00217819213867188 0.0123176574707031 0.0193138122558594
0.00725030899047851 -0.00696659088134766 0.0228195190429687 0.0134048461914063
0.00314521789550781 -0.0121402740478516 0.026641845703125 0.00324630737304687
0.00162315368652344 -0.0101537704467773 0.0249156951904297 -0.000638961791992188
0.00289487838745117 -0.00878286361694336 0.0191249847412109 0.000900268554687499
0.00715351104736328 -0.0113935470581055 0.01153564453125 0.00490283966064453
0.0131587982177734 -0.00354194641113281 0.00271892547607422 0.00535345077514649
0.0127849578857422 0.0081939697265625 -0.00441884994506836 -0.00569629669189453
0.00416469573974609 0.0151758193969727 0.00331592559814453 -0.0152101516723633
-0.010528564453125 0.0141725540161133 0.0260028839111328 -0.0150775909423828
-0.0196800231933594 0.0104598999023438 0.0316963195800781 0.000177383422851563
-0.0291461944580078 0.00319480895996094 0.0125675201416016 0.00600719451904297
-0.0284824371337891 0.00820350646972657 0.0223903656005859 0.0203113555908203
-0.0075531005859375 0.020416259765625 0.00549602508544922 0.0163469314575195
0.00404644012451172 0.00989723205566406 0.00103378295898437 0.01983642578125
0.00679922103881836 0.00591421127319336 0.0122089385986328 0.0240421295166016
0.00901603698730469 0.000569343566894531 0.0219993591308594 0.0170440673828125
0.00917243957519531 -0.00581741333007813 0.027008056640625 0.00709342956542969
0.00926399230957031 -0.00658988952636719 0.0242385864257813 0.00357437133789062
0.00916004180908203 -0.00513935089111328 0.017247200012207 0.00453472137451172
0.0136508941650391 -0.00619316101074219 0.00814199447631836 0.00826263427734375
0.0178108215332031 0.00270271301269531 -0.00164937973022461 0.00762653350830078
0.0134553909301758 0.0150108337402344 -0.00930595397949219 -0.00475978851318359
0.00153350830078125 0.0216045379638672 -0.00257492065429688 -0.0155668258666992
-0.0167722702026367 0.0166015625 0.0191631317138672 -0.0173778533935547
-0.0272235870361328 0.00838851928710937 0.0217323303222656 -0.00042724609375
-0.0364799499511719 -0.000900268554687497 0.00126838684082031 0.00527381896972656
-0.0345363616943359 -0.000272750854492194 0.00961875915527343 0.0218944549560547
-0.0192699432373047 0.0155582427978516 -0.00520515441894531 0.0213108062744141
-0.00620269775390625 0.0137042999267578 -0.00374794006347656 0.0257606506347656
0.00127696990966797 0.0141563415527344 0.00986289978027344 0.0288410186767578
0.00922584533691406 0.00943183898925781 0.0202369689941406 0.0200843811035156
0.0150880813598633 0.00215339660644531 0.0249080657958984 0.00972747802734375
0.0158481597900391 -0.00178813934326172 0.0201148986816406 0.00571441650390625
0.0142145156860352 -0.000457763671875 0.0120582580566406 0.00658988952636719
0.01800537109375 -0.000844955444335938 0.00253582000732422 0.0104045867919922
0.0198516845703125 0.007232666015625 -0.00724411010742187 0.00914096832275391
0.0131568908691406 0.0184116363525391 -0.0152044296264648 -0.003265380859375
0.00044059753417969 0.0243721008300781 -0.00821113586425781 -0.014561653137207
-0.0187892913818359 0.0178146362304687 0.0116481781005859 -0.0167608261108398
-0.0303611755371094 0.00702476501464844 0.0103511810302734 0.000415802001953125
-0.039031982421875 -0.00473785400390625 -0.0111427307128906 0.00417232513427734
-0.0340499877929688 -0.00873184204101563 -0.00429916381835938 0.0199794769287109
-0.0269126892089844 0.00846290588378906 -0.0180931091308594 0.022216796875
-0.0158395767211914 0.0137519836425781 -0.0104637145996094 0.0304012298583984
-0.00482749938964844 0.0198764801025391 0.00539016723632813 0.0313091278076172
0.00696754455566406 0.0168781280517578 0.0159912109375 0.0208015441894531
0.0167980194091797 0.0100641250610352 0.020172119140625 0.0107078552246094
0.0198097229003906 0.00374031066894531 0.0129518508911133 0.00695610046386719
0.0162162780761719 0.00413799285888672 0.00535964965820313 0.00785589218139649
0.0195236206054687 0.00415802001953125 -0.00383567810058594 0.0114679336547852
0.0190048217773438 0.0111083984375 -0.0123844146728516 0.00959682464599609
0.0105628967285156 0.0193252563476562 -0.0190849304199219 -0.00181770324707031
-0.00125503540039062 0.023773193359375 -0.0120763778686523 -0.0123567581176758
-0.0188541412353516 0.0162906646728516 0.00490856170654297 -0.0140876770019531
-0.0287609100341797 0.00412559509277344 -0.000616312026977541 0.00231337547302246
-0.036529541015625 -0.0082550048828125 -0.0225429534912109 0.00282669067382813
-0.0284442901611328 -0.0147857666015625 -0.0176239013671875 0.0140972137451172
-0.0274314880371094 -0.000408172607421877 -0.0311794281005859 0.0198383331298828
-0.0219669342041016 0.0103397369384766 -0.0184173583984375 0.0314617156982422
-0.0114002227783203 0.0208072662353516 0.000591278076171876 0.0306968688964844
0.00324249267578125 0.0203151702880859 0.0109729766845703 0.0181636810302734
0.0156221389770508 0.0161600112915039 0.0124626159667969 0.00948238372802735
0.0190620422363281 0.00913238525390625 0.00405550003051758 0.00623178482055664
0.0156240463256836 0.00802421569824219 -0.00338363647460937 0.00786256790161133
0.0178604125976563 0.00853538513183594 -0.00999927520751953 0.0114727020263672
0.0164155960083008 0.0136632919311523 -0.0174112319946289 0.00943756103515625
0.00755119323730469 0.0195426940917969 -0.0216331481933594 -0.00111770629882813
-0.00399971008300781 0.0214710235595703 -0.013758659362793 -0.0103912353515625
-0.0184116363525391 0.0120410919189453 0.000494956970214843 -0.0103616714477539
-0.0247917175292969 -0.000442504882812504 -0.0089559555053711 0.00658988952636719
-0.0305366516113281 -0.0132102966308594 -0.0329208374023438 0.00128555297851562
-0.0163812637329102 -0.0169439315795898 -0.0260982513427734 0.00726890563964843
-0.0206527709960938 -0.00748634338378906 -0.0389862060546875 0.0131340026855469
-0.0200786590576172 0.00366973876953125 -0.0242576599121094 0.0278568267822266
-0.0144376754760742 0.0151567459106445 -0.00431632995605469 0.0264167785644531
-0.00202560424804687 0.0184688568115234 0.00559902191162109 0.0138082504272461
0.0103206634521484 0.0180702209472656 0.00459814071655273 0.00590038299560547
0.0157098770141602 0.0122003555297852 -0.00406217575073242 0.00419855117797852
0.0127706527709961 0.0104045867919922 -0.0107297897338867 0.00636672973632813
0.0144062042236328 0.0111722946166992 -0.0162172317504883 0.0094146728515625
0.0119819641113281 0.0151176452636719 -0.0206260681152344 0.00675010681152344
0.0033721923828125 0.0185146331787109 -0.0220699310302734 -0.00235748291015625
-0.00741195678710938 0.0182380676269531 -0.0132293701171875 -0.00934505462646484
-0.0188255310058594 0.00647163391113282 -0.00216531753540039 -0.00736331939697266
-0.0203151702880859 -0.0072784423828125 -0.0145788192749023 0.00686550140380859
-0.0211563110351562 -0.0182132720947266 -0.0381126403808594 -0.00250625610351563
-0.00157928466796875 -0.0146770477294922 -0.0299453735351563 0.000345230102539056
-0.00579643249511719 -0.0104961395263672 -0.0415382385253906 0.00757980346679688
-0.0112342834472656 -0.00387477874755859 -0.0263919830322266 0.0235919952392578
-0.0124197006225586 0.00516223907470703 -0.00594329833984375 0.0206871032714844
-0.00603866577148438 0.0102710723876953 0.00256967544555664 0.00745964050292969
0.00164508819580078 0.0149593353271484 -0.00239181518554688 0.000845432281494141
0.00821971893310547 0.0137624740600586 -0.0107746124267578 0.000931739807128907
0.00731086730957031 0.011713981628418 -0.0168132781982422 0.00430011749267578
0.00884819030761719 0.0123586654663086 -0.0207881927490234 0.00726318359375
0.00648021697998047 0.0150651931762695 -0.0234870910644531 0.00347137451171875
-0.000561714172363281 0.0167427062988281 -0.0228786468505859 -0.00461959838867188
-0.0102386474609375 0.0155124664306641 -0.0132770538330078 -0.0105466842651367
-0.0190906524658203 0.000785827636718754 -0.00280952453613281 -0.00712299346923828
-0.0147838592529297 -0.0137014389038086 -0.016143798828125 0.00531864166259766
-0.0114288330078125 -0.0225486755371094 -0.0406646728515625 -0.00690841674804688
0.0127115249633789 -0.0106630325317383 -0.0255298614501953 -0.0032501220703125
0.00833606719970703 -0.0106773376464844 -0.0373611450195313 0.00376129150390626
-0.000316619873046874 -0.0101480484008789 -0.0249462127685547 0.0200443267822266
-0.00726604461669922 -0.00627946853637695 -0.00554275512695313 0.0167598724365234
-0.008575439453125 0.000628948211669921 0.00174427032470703 0.00417375564575195
-0.00649356842041015 0.00917625427246094 -0.00443840026855469 -0.00307512283325195
-0.000508308410644531 0.0127477645874023 -0.0142726898193359 -0.00250816345214844
0.000957489013671875 0.0109958648681641 -0.0200939178466797 0.00123405456542969
0.00257205963134766 0.0112419128417969 -0.0243358612060547 0.00336647033691406
0.00165653228759766 0.0131912231445313 -0.0254192352294922 -0.00095176696777344
-0.00320625305175781 0.0130538940429688 -0.0233192443847656 -0.00801467895507813
-0.0106973648071289 0.0104494094848633 -0.0129566192626953 -0.0129680633544922
-0.0172271728515625 -0.00353431701660156 -0.00416278839111328 -0.00961971282958984
-0.00857925415039062 -0.0176372528076172 -0.0167303085327148 -0.000973701477050783
0.000324249267578127 -0.0241031646728516 -0.0380401611328125 -0.0137443542480469
-0.0176544189453125 0.0178356170654297 0.0344524383544922 0.0158729553222656
0.00759506225585938 0.0215435028076172 0.0147867202758789 0.0101346969604492
0.0134744644165039 0.0032958984375 0.00379657745361328 0.0131826400756836
0.009613037109375 -0.00463581085205078 0.0131111145019531 0.0189571380615234
0.00606250762939453 -0.00873756408691406 0.0239486694335938 0.0130939483642578
0.00018310546875 -0.0131244659423828 0.0280513763427734 0.00223350524902344
-0.000522613525390626 -0.0107927322387695 0.0272884368896484 -0.00139999389648438
0.000715255737304686 -0.00986671447753906 0.0213737487792969 0.000455856323242187
0.00463962554931641 -0.0128011703491211 0.0137500762939453 0.00489711761474609
0.0129432678222656 -0.00634479522705078 0.0045623779296875 0.00648880004882813
0.0152063369750977 0.00598430633544922 -0.00426888465881348 -0.00374746322631836
0.007598876953125 0.0148983001708984 0.00190258026123047 -0.0146417617797852
-0.00867271423339844 0.0169563293457031 0.0248126983642578 -0.0175590515136719
-0.0197582244873047 0.0146713256835938 0.0337982177734375 -0.00184822082519531
-0.030364990234375 0.00815391540527343 0.0148534774780273 0.00719451904296875
-0.0280933380126953 0.0114479064941406 0.0262680053710938 0.0221500396728516
-0.005157470703125 0.0211009979248047 0.00874900817871094 0.01727294921875
0.00530529022216797 0.00918006896972656 0.00242996215820312 0.0196094512939453
0.00688314437866211 0.00418329238891602 0.0133190155029297 0.0244197845458984
0.00833511352539062 -0.00112676620483398 0.0241146087646484 0.0170688629150391
0.00763225555419922 -0.00709867477416992 0.0290794372558594 0.00618743896484375
0.00820589065551758 -0.00726795196533203 0.0266780853271484 0.00215721130371094
0.00814294815063477 -0.00600624084472656 0.020111083984375 0.00376510620117188
0.0130338668823242 -0.0076141357421875 0.0111894607543945 0.00834941864013672
0.0181884765625 0.000728607177734375 0.000967979431152345 0.009521484375
0.0157508850097656 0.0139083862304688 -0.00943470001220703 -0.00154781341552734
0.00462532043457031 0.0225601196289062 -0.00386238098144531 -0.0138587951660156
-0.0160255432128906 0.0201950073242187 0.0180625915527344 -0.0182819366455078
-0.0287361145019531 0.0121879577636719 0.0234432220458984 -0.00149345397949219
-0.0386314392089844 0.00329208374023438 0.00314283370971679 0.00746631622314453
-0.0352668762207031 0.00225830078125 0.0134449005126953 0.0247764587402344
-0.0186214447021484 0.0165843963623047 -0.00188255310058594 0.0230674743652344
-0.00566387176513672 0.0137434005737305 -0.00116920471191407 0.0267257690429688
0.00202083587646485 0.0139760971069336 0.0119819641113281 0.0296039581298828
0.00951862335205078 0.00887107849121094 0.0228195190429688 0.0203113555908203
0.0146923065185547 0.00131797790527344 0.0273399353027344 0.00908851623535156
0.0163183212280273 -0.00237655639648438 0.0231208801269531 0.00526809692382813
0.0144424438476562 -0.000909805297851562 0.0152406692504883 0.00667095184326172
0.0182704925537109 -0.00171470642089844 0.00594043731689453 0.0112190246582031
0.0208168029785156 0.00661087036132813 -0.00439929962158203 0.011265754699707
0.0150489807128906 0.0185565948486328 -0.0141916275024414 3.52859497070321E-05
0.00243949890136719 0.0257625579833984 -0.00899791717529297 -0.0124034881591797
-0.0189857482910156 0.0207347869873047 0.0102806091308594 -0.0173768997192383
-0.0323467254638672 0.00994110107421875 0.0111188888549805 0.000717163085937501
-0.042266845703125 -0.00162506103515625 -0.0101222991943359 0.00735092163085938
-0.0365333557128906 -0.008270263671875 -0.00193595886230469 0.0241165161132812
-0.0282249450683594 0.00903892517089843 -0.0157756805419922 0.0254497528076172
-0.0163364410400391 0.0147008895874023 -0.00765419006347657 0.0314579010009766
-0.00528717041015625 0.0214080810546875 0.00787544250488281 0.0324859619140625
0.00779914855957031 0.0176525115966797 0.0188121795654297 0.0213336944580078
0.0184555053710938 0.0103225708007812 0.0226840972900391 0.0107460021972656
0.0213699340820313 0.00351333618164063 0.0159530639648438 0.00668525695800781
0.0177745819091797 0.00384330749511719 0.00805854797363281 0.00809383392333984
0.0209140777587891 0.00385665893554687 -0.000590324401855467 0.0123319625854492
0.0210361480712891 0.0115947723388672 -0.00969600677490234 0.0120029449462891
0.0127735137939453 0.0205116271972656 -0.0179767608642578 0.00131988525390625
0.000129699707031248 0.0257492065429688 -0.0128450393676758 -0.00974655151367187
-0.0198612213134766 0.0186538696289063 0.00359153747558594 -0.0133686065673828
-0.0314903259277344 0.00605201721191406 0.000250816345214842 0.00391507148742676
-0.0398826599121094 -0.00679016113281249 -0.0225543975830078 0.00653266906738281
-0.0316619873046875 -0.0159740447998047 -0.0170860290527344 0.0182552337646484
-0.0307903289794922 -0.000570297241210942 -0.0291900634765625 0.0240249633789063
-0.0235824584960938 0.0116443634033203 -0.0157890319824219 0.0331306457519531
-0.0121231079101562 0.0235805511474609 0.00299644470214844 0.0316123962402344
0.00406646728515625 0.0225009918212891 0.0129661560058594 0.0185394287109375
0.0180320739746094 0.0169124603271484 0.0147571563720703 0.00901317596435547
0.0225200653076172 0.00915908813476563 0.00622987747192383 0.00646781921386719
0.0181922912597656 0.00830459594726563 -0.000904083251953124 0.00841474533081055
0.0202980041503906 0.00871086120605469 -0.00786685943603515 0.0127315521240234
0.0188560485839844 0.0148601531982422 -0.0146417617797852 0.0114526748657227
0.00924301147460938 0.0212287902832031 -0.0203876495361328 0.00190353393554688
-0.00367355346679687 0.0243110656738281 -0.0140924453735352 -0.00833892822265625
-0.0204105377197266 0.0139179229736328 0.0003814697265625 -0.00918674468994141
-0.0287017822265625 -7.62939453125151E-06 -0.00805139541625977 0.00864601135253906
-0.0347633361816406 -0.0129051208496094 -0.0333461761474609 0.00542640686035156
-0.0193653106689453 -0.0200099945068359 -0.0271224975585938 0.0108432769775391
-0.0243930816650391 -0.00933074951171875 -0.0392189025878906 0.0177230834960938
-0.0232429504394531 0.00428581237792968 -0.0222091674804688 0.0302696228027344
-0.0160293579101563 0.0179538726806641 -0.00246620178222656 0.0272789001464844
-0.00173187255859375 0.0212802886962891 0.00654029846191406 0.0138893127441406
0.0126380920410156 0.0197200775146484 0.00616168975830078 0.00606489181518555
0.0190353393554688 0.0129795074462891 -0.00329256057739258 0.00443553924560547
0.015960693359375 0.0110931396484375 -0.00961112976074219 0.00685405731201172
0.0175914764404297 0.01220703125 -0.0144033432006836 0.0102367401123047
0.0151596069335938 0.0169057846069336 -0.0190410614013672 0.00818443298339844
0.00467491149902344 0.0211505889892578 -0.0213356018066406 -0.000415802001953121
-0.00731849670410156 0.0216274261474609 -0.0133275985717773 -0.00794029235839843
-0.0214061737060547 0.0088653564453125 -0.00233983993530274 -0.00627613067626953
-0.0242710113525391 -0.00749969482421875 -0.0140838623046875 0.0092620849609375
-0.025634765625 -0.0197467803955078 -0.0396614074707031 0.000427246093749992
-0.00307464599609375 -0.0189666748046875 -0.0322265625 0.00284576416015624
-0.00893402099609375 -0.0134983062744141 -0.04315185546875 0.0113296508789062
-0.0145502090454102 -0.00456523895263672 -0.0250091552734375 0.0263462066650391
-0.0148000717163086 0.00703239440917969 -0.00464248657226563 0.0211696624755859
-0.00666522979736328 0.0131120681762695 0.00300407409667969 0.00726175308227539
0.00390815734863281 0.0178661346435547 -0.00189304351806641 0.000384807586669923
0.0116949081420898 0.0152111053466797 -0.0115585327148438 0.00175857543945313
0.0105161666870117 0.0126628875732422 -0.0169963836669922 0.00496292114257813
0.0120983123779297 0.0136833190917969 -0.0206470489501953 0.008331298828125
0.00970649719238281 0.0169477462768555 -0.023040771484375 0.00497055053710937
0.00155830383300781 0.0193977355957031 -0.0231456756591797 -0.00284385681152344
-0.0101165771484375 0.0185470581054688 -0.0132989883422852 -0.00990772247314453
-0.0221023559570313 0.00278282165527343 -0.00288105010986328 -0.00630474090576172
-0.0191879272460938 -0.0147113800048828 -0.0165824890136719 0.00734996795654297
-0.0155811309814453 -0.024658203125 -0.0432662963867187 -0.004730224609375
0.0125608444213867 -0.0152053833007813 -0.0282669067382812 -0.002105712890625
0.00684833526611328 -0.0151948928833008 -0.0390281677246094 0.00613021850585938
-0.00315380096435547 -0.0116615295410156 -0.0237312316894531 0.0221977233886719
-0.0105686187744141 -0.00519466400146484 -0.00457763671875 0.0167512893676758
-0.010249137878418 0.00311470031738281 0.00195503234863281 0.00313973426818848
-0.00551319122314453 0.0122051239013672 -0.00564670562744141 -0.00333499908447265
0.00269794464111328 0.0142641067504883 -0.0158653259277344 -0.00191211700439453
0.00391769409179688 0.0120620727539063 -0.0217247009277344 0.00208854675292969
0.00546932220458984 0.0122547149658203 -0.0250263214111328 0.00417518615722657
0.00427818298339844 0.0149202346801758 -0.0257358551025391 -0.000377655029296869
-0.00175571441650391 0.0154523849487305 -0.0233879089355469 -0.00709915161132813
-0.0105648040771484 0.0136194229125977 -0.013615608215332 -0.0124073028564453
-0.0197601318359375 -0.00159072875976563 -0.00440120697021484 -0.00890541076660156
-0.0125331878662109 -0.0187339782714844 -0.0185680389404297 0.000408172607421874
-0.00330924987792969 -0.0271739959716797 -0.0413055419921875 -0.0130767822265625
-0.0149383544921875 0.0200996398925781 0.0380172729492188 0.0160293579101563
0.0107078552246094 0.0209770202636719 0.0173978805541992 0.00900840759277344
0.0146923065185547 0.000866889953613281 0.00427722930908203 0.0125026702880859
0.00972652435302734 -0.00650215148925781 0.0134716033935547 0.0194091796875
0.00434017181396484 -0.0103092193603516 0.0249137878417969 0.0131778717041016
-0.00217819213867188 -0.0135421752929687 0.0293331146240234 0.0023193359375
-0.00271701812744141 -0.0109434127807617 0.0288600921630859 -0.00227546691894531
-0.000982284545898438 -0.0100507736206055 0.0236148834228516 -0.000659942626953126
0.00247955322265625 -0.0137500762939453 0.0165338516235352 0.00478744506835937
0.0117273330688477 -0.00838851928710938 0.0071110725402832 0.00720500946044922
0.0164070129394531 0.00369358062744141 -0.00348043441772461 -0.00158452987670898
0.0101318359375 0.0139493942260742 0.00111293792724609 -0.0131216049194336
-0.00616836547851562 0.0189056396484375 0.0239849090576172 -0.0185317993164063
-0.0187149047851563 0.0182914733886719 0.0352249145507813 -0.00338363647460937
-0.0294265747070312 0.0127716064453125 0.0177459716796875 0.00749778747558594
-0.0267524719238281 0.0133304595947266 0.0300235748291016 0.0229759216308594
-0.0029754638671875 0.0208244323730469 0.0121335983276367 0.0169973373413086
0.00573539733886719 0.00743913650512695 0.00403785705566406 0.0193748474121094
0.00687170028686524 0.0025944709777832 0.0142459869384766 0.0243892669677734
0.0072789192199707 -0.00150680541992188 0.0256195068359375 0.0173969268798828
0.00612497329711914 -0.00721883773803711 0.0314922332763672 0.00585365295410156
0.00725269317626953 -0.0073699951171875 0.0295162200927734 0.0015869140625
0.00739669799804688 -0.00595664978027344 0.0227508544921875 0.00269508361816406
0.0117702484130859 -0.00851631164550781 0.0145759582519531 0.00850868225097656
0.0182590484619141 -0.000894546508789063 0.00383853912353516 0.0104494094848633
0.0169382095336914 0.0123291015625 -0.00784730911254883 0.000698089599609375
0.00689506530761719 0.0223312377929688 -0.00380325317382812 -0.0118789672851562
-0.0145378112792969 0.0221652984619141 0.0169601440429688 -0.0184516906738281
-0.0292892456054688 0.0158119201660156 0.0247383117675781 -0.00198554992675781
-0.0396041870117188 0.00744628906250001 0.00582313537597656 0.00952816009521484
-0.0360870361328125 0.00317382812499999 0.0171184539794922 0.0268115997314453
-0.0183582305908203 0.0173091888427734 0.00174713134765625 0.0238323211669922
-0.00567722320556641 0.0132503509521484 0.000728607177734373 0.026641845703125
0.00145053863525391 0.0138616561889648 0.0131282806396484 0.0296821594238281
0.00893115997314453 0.00871944427490234 0.0245761871337891 0.0201168060302734
0.0142107009887695 0.001556396484375 0.0298213958740234 0.00848579406738281
0.0164356231689453 -0.00263881683349609 0.0254001617431641 0.00435829162597656
0.0147342681884766 -0.00135993957519531 0.0178661346435547 0.00553703308105469
0.0185394287109375 -0.0023040771484375 0.00915050506591797 0.0111970901489258
0.0217876434326172 0.00585365295410156 -0.000822067260742186 0.0127286911010742
0.0165634155273437 0.0181293487548828 -0.0127487182617187 0.00253391265869141
0.00425148010253907 0.0269660949707031 -0.00907802581787109 -0.00980567932128906
-0.018341064453125 0.0231094360351563 0.00952625274658203 -0.0166616439819336
-0.0338649749755859 0.0128116607666016 0.0128231048583984 0.00102138519287109
-0.044097900390625 0.00112152099609374 -0.00764846801757813 0.010345458984375
-0.038543701171875 -0.00757217407226563 0.00135612487792968 0.0271167755126953
-0.0297431945800781 0.00961685180664063 -0.0124683380126953 0.0274276733398438
-0.0173158645629883 0.0155916213989258 -0.00586509704589844 0.0321197509765625
-0.00537300109863281 0.0225296020507813 0.00931739807128906 0.0328693389892578
0.00810813903808594 0.0187053680419922 0.0205097198486328 0.0213718414306641
0.019439697265625 0.0105419158935547 0.0251140594482422 0.00993156433105469
0.0224704742431641 0.00309562683105469 0.0182285308837891 0.00593376159667969
0.0195980072021484 0.00380325317382812 0.0105218887329102 0.00739860534667969
0.0223350524902344 0.00355339050292969 0.00226116180419922 0.0123634338378906
0.0227680206298828 0.0112533569335938 -0.00629615783691406 0.0129251480102539
0.014404296875 0.0214996337890625 -0.0156354904174805 0.00361156463623047
0.00101852416992188 0.0273876190185547 -0.011866569519043 -0.00745868682861328
-0.0198745727539063 0.0208988189697266 0.00348758697509766 -0.012298583984375
-0.0340557098388672 0.00797080993652344 0.00183582305908203 0.00570154190063477
-0.0428581237792969 -0.00460815429687499 -0.0209846496582031 0.00961685180664063
-0.0347442626953125 -0.0165290832519531 -0.0153446197509766 0.0220260620117188
-0.0341167449951172 -0.00030708312988282 -0.0277423858642578 0.0260486602783203
-0.0254421234130859 0.012847900390625 -0.0134716033935547 0.0342350006103516
-0.0127239227294922 0.0256938934326172 0.004302978515625 0.0321807861328125
0.00481605529785156 0.0245075225830078 0.0143566131591797 0.0184535980224609
0.0200824737548828 0.01800537109375 0.0162887573242188 0.00847721099853516
0.0247936248779297 0.00886344909667969 0.00793790817260742 0.00605344772338867
0.0209255218505859 0.00851249694824219 0.000914573669433595 0.00822257995605469
0.0233383178710938 0.009033203125 -0.00514984130859375 0.012303352355957
0.0217437744140625 0.0152816772460938 -0.0122709274291992 0.0120477676391602
0.0109920501708984 0.0231761932373047 -0.0188865661621094 0.00354957580566406
-0.00256919860839844 0.0270252227783203 -0.0128707885742188 -0.006439208984375
-0.0217666625976562 0.0166282653808594 0.000292778015136718 -0.00825023651123047
-0.0321807861328125 0.00126838684082031 -0.00626373291015625 0.0104055404663086
-0.0390357971191406 -0.0121650695800781 -0.0320262908935547 0.00842666625976563
-0.0226173400878906 -0.0222015380859375 -0.0270919799804688 0.0144939422607422
-0.0282497406005859 -0.00982284545898437 -0.0383377075195313 0.0210838317871094
-0.0262355804443359 0.00532341003417968 -0.0204887390136719 0.0315341949462891
-0.017425537109375 0.0206317901611328 -0.00111770629882812 0.0279884338378906
-0.00112152099609375 0.0237522125244141 0.00776004791259766 0.0137968063354492
0.0160255432128906 0.0213737487792969 0.00721597671508789 0.00577259063720703
0.0222072601318359 0.0127372741699219 -0.00247478485107422 0.00482177734375
0.0189151763916016 0.0114154815673828 -0.00863170623779297 0.00719451904296875
0.0210399627685547 0.0121650695800781 -0.0133514404296875 0.0105552673339844
0.0186843872070313 0.0177001953125 -0.0173053741455078 0.0085592269897461
0.00693702697753906 0.0231990814208984 -0.0199241638183594 0.000602722167968755
-0.00683975219726563 0.0246677398681641 -0.012507438659668 -0.00654411315917969
-0.0232887268066406 0.011016845703125 -0.00160074234008789 -0.00525665283203125
-0.02862548828125 -0.00683021545410156 -0.0127992630004883 0.0110683441162109
-0.0300960540771484 -0.0197963714599609 -0.0397834777832031 0.00333023071289062
-0.00572776794433594 -0.0221576690673828 -0.0333881378173828 0.00545692443847655
-0.0130205154418945 -0.0158672332763672 -0.043060302734375 0.0141258239746094
-0.0181102752685547 -0.0044708251953125 -0.0233631134033203 0.0269527435302734
-0.0171518325805664 0.00949573516845703 -0.00391006469726562 0.0214805603027344
-0.00654411315917969 0.0164585113525391 0.00315237045288086 0.00703334808349609
0.00673675537109375 0.0201473236083984 -0.00185263156890869 0.000961542129516602
0.0153980255126953 0.0151042938232422 -0.0118350982666016 0.00241565704345703
0.0136957168579102 0.0132875442504883 -0.0168724060058594 0.00619602203369141
0.0156183242797852 0.0141096115112305 -0.0200386047363281 0.00885581970214844
0.0132217407226562 0.0181655883789063 -0.0222053527832031 0.00517082214355469
0.00363349914550781 0.0214900970458984 -0.0222854614257813 -0.00250053405761718
-0.00922393798828125 0.0219898223876953 -0.0125789642333984 -0.00894451141357422
-0.0241870880126953 0.00563621520996094 -0.00231599807739258 -0.00548791885375977
-0.0236225128173828 -0.0140819549560547 -0.0164833068847656 0.00923347473144531
-0.0198898315429688 -0.0261096954345703 -0.0438079833984375 -0.00268173217773438
0.0112857818603516 -0.0193099975585938 -0.0308456420898437 -0.000724792480468755
0.003662109375 -0.0180873870849609 -0.0401229858398438 0.00859832763671874
-0.005828857421875 -0.0129222869873047 -0.0220985412597656 0.0230293273925781
-0.0126562118530273 -0.00358295440673828 -0.00359439849853516 0.0160980224609375
-0.0104789733886719 0.0057229995727539 0.00160562992095947 0.00182580947875977
-0.00286388397216797 0.0151100158691406 -0.00675535202026367 -0.00402402877807617
0.00603771209716797 0.0149211883544922 -0.0175275802612305 -0.00164127349853515
0.00681209564208984 0.0120029449462891 -0.0231475830078125 0.00300025939941407
0.00876808166503906 0.0132713317871094 -0.025970458984375 0.00479888916015625
0.0076904296875 0.0156030654907227 -0.0262241363525391 -8.9645385742184E-05
0.000401496887207032 0.017338752746582 -0.0236091613769531 -0.00674247741699218
-0.0100736618041992 0.0168247222900391 -0.0132570266723633 -0.0119419097900391
-0.0215778350830078 0.00107192993164062 -0.0044240951538086 -0.00852012634277344
-0.0168609619140625 -0.0184516906738281 -0.0194816589355469 0.00177574157714844
-0.00740432739257812 -0.0290298461914063 -0.0437889099121094 -0.0121498107910156
-0.0123939514160156 0.0214099884033203 0.0416793823242188 0.015899658203125
0.0132808685302734 0.0199737548828125 0.0191078186035156 0.00791549682617188
0.0153379440307617 -0.000969886779785156 0.00445842742919922 0.0121946334838867
0.00878620147705078 -0.00873088836669922 0.0139999389648438 0.0203208923339844
0.00252723693847656 -0.0106258392333984 0.0256671905517578 0.0139522552490234
-0.00463581085205078 -0.0131940841674805 0.03125 0.00190353393554687
-0.00445461273193359 -0.0102729797363281 0.0311679840087891 -0.00317573547363281
-0.00238132476806641 -0.00923824310302734 0.0258541107177734 -0.00176811218261719
0.000178337097167968 -0.0139083862304688 0.0190353393554687 0.00426673889160156
0.0103139877319336 -0.00999927520751953 0.00940990447998047 0.00787925720214844
0.0166969299316406 0.00150871276855469 -0.00199413299560547 1.34706497192381E-05
0.0119400024414063 0.0128602981567383 0.00175285339355469 -0.0121135711669922
-0.00354194641113281 0.0200538635253906 0.0231704711914063 -0.0186576843261719
-0.0167999267578125 0.021759033203125 0.037078857421875 -0.0046234130859375
-0.0286808013916016 0.0160446166992187 0.021514892578125 0.00809860229492188
-0.0262184143066406 0.0145702362060547 0.0343894958496094 0.0237522125244141
-0.00160598754882813 0.0207672119140625 0.0145406723022461 0.0165872573852539
0.00606155395507813 0.00643634796142578 0.00470924377441406 0.0186176300048828
0.00606250762939453 0.00235700607299805 0.0147514343261719 0.0251998901367188
0.00637722015380859 -0.00182771682739258 0.0272560119628906 0.0178909301757813
0.00508642196655274 -0.00658273696899414 0.0334281921386719 0.0055999755859375
0.00672435760498047 -0.00732517242431641 0.0322647094726562 3.43322753906246E-05
0.00693273544311523 -0.00583791732788086 0.0253238677978516 0.00139617919921875
0.0105466842651367 -0.00873756408691406 0.0174884796142578 0.00781345367431641
0.0178146362304688 -0.0018463134765625 0.00680828094482422 0.0113162994384766
0.0180377960205078 0.0110092163085938 -0.00602531433105469 0.00237369537353516
0.00866889953613281 0.0219974517822266 -0.00337123870849609 -0.00989818572998047
-0.0129146575927734 0.0238552093505859 0.0163974761962891 -0.0178279876708984
-0.0289249420166016 0.0189304351806641 0.0266590118408203 -0.00252532958984375
-0.0399017333984375 0.0104179382324219 0.00896549224853515 0.0110177993774414
-0.03692626953125 0.00395202636718751 0.0208148956298828 0.0286312103271484
-0.0185260772705078 0.0176296234130859 0.00428581237792968 0.0241012573242188
-0.00635242462158203 0.013092041015625 0.00152015686035156 0.0264110565185547
0.00107574462890625 0.0142107009887695 0.0145130157470703 0.0302333831787109
0.00867652893066406 0.00961112976074219 0.0260868072509766 0.0207328796386719
0.0140552520751953 0.00191211700439453 0.0321559906005859 0.008026123046875
0.0167150497436523 -0.00240230560302734 0.0283164978027344 0.00331687927246094
0.0156822204589844 -0.00126361846923828 0.0208053588867188 0.00428962707519531
0.0191364288330078 -0.00284194946289062 0.0123071670532227 0.0102863311767578
0.0226287841796875 0.00549125671386719 0.00237751007080078 0.0128707885742188
0.0177936553955078 0.0185298919677734 -0.0100574493408203 0.00381088256835938
0.00569343566894531 0.0276756286621094 -0.00805330276489258 -0.0077981948852539
-0.0179328918457031 0.0251598358154297 0.00921154022216797 -0.0158586502075195
-0.0355567932128906 0.0153770446777344 0.0149908065795898 0.00164699554443359
-0.0460968017578125 0.00384902954101562 -0.00485038757324219 0.0124330520629883
-0.0415611267089844 -0.00733566284179687 0.00416946411132812 0.0292682647705078
-0.0316829681396484 0.0102558135986328 -0.0099334716796875 0.028167724609375
-0.0189743041992188 0.0165824890136719 -0.00423812866210937 0.0316658020019531
-0.00581169128417969 0.0244178771972656 0.0107059478759766 0.0335865020751953
0.00846290588378906 0.0195598602294922 0.0223541259765625 0.0218429565429688
0.0204620361328125 0.0109615325927734 0.0273361206054688 0.00929832458496094
0.0242271423339844 0.00270843505859375 0.0207538604736328 0.00531959533691406
0.0211391448974609 0.003875732421875 0.0127964019775391 0.00597286224365234
0.0244121551513672 0.00367927551269531 0.00528144836425782 0.0116195678710938
0.0247821807861328 0.011566162109375 -0.00378799438476563 0.0129251480102539
0.0161972045898438 0.0227832794189453 -0.0134563446044922 0.00474834442138672
0.00224113464355469 0.0296821594238281 -0.0105781555175781 -0.00578498840332031
-0.0207862854003906 0.0234127044677734 0.00360298156738281 -0.0117864608764648
-0.0368118286132813 0.0102005004882813 0.00398731231689453 0.00631284713745117
-0.0461692810058594 -0.00307083129882812 -0.0184841156005859 0.0121326446533203
-0.0386505126953125 -0.017547607421875 -0.013763427734375 0.0248470306396484
-0.0374488830566406 -0.000507354736328124 -0.0253467559814453 0.0278892517089844
-0.0278911590576172 0.0141792297363281 -0.0120773315429688 0.0343818664550781
-0.0130405426025391 0.0284366607666016 0.00530433654785156 0.0331287384033203
0.00541305541992187 0.0265922546386719 0.0155048370361328 0.0189590454101563
0.0226860046386719 0.0186672210693359 0.0179996490478516 0.00806617736816406
0.0271110534667969 0.00786972045898438 0.00959968566894531 0.0055694580078125
0.0240440368652344 0.00828170776367188 0.00188350677490234 0.00776290893554688
0.0260810852050781 0.00902366638183594 -0.00372314453125 0.0116395950317383
0.0245437622070313 0.0155792236328125 -0.00986003875732422 0.0117483139038086
0.0130462646484375 0.0250930786132813 -0.0169363021850586 0.00422859191894531
-0.00195121765136718 0.0295810699462891 -0.012080192565918 -0.00535106658935547
-0.0235080718994141 0.0187721252441406 0.00158071517944336 -0.00765466690063477
-0.0360565185546875 0.00300598144531251 -0.0042562484741211 0.0114831924438477
-0.04266357421875 -0.0113372802734375 -0.0309696197509766 0.0109634399414063
-0.0266361236572266 -0.0238914489746094 -0.0269737243652344 0.0169715881347656
-0.0323562622070313 -0.0102100372314453 -0.0372848510742188 0.0230026245117188
-0.0291423797607422 0.00652313232421875 -0.0189895629882813 0.0319499969482422
-0.0185756683349609 0.0237865447998047 -0.000509262084960937 0.0282402038574219
-0.000143051147460938 0.0263938903808594 0.00821876525878906 0.0138568878173828
0.0184459686279297 0.0226993560791016 0.00809717178344727 0.00475883483886719
0.0255699157714844 0.0124397277832031 -0.00144338607788086 0.00452327728271484
0.0219764709472656 0.0110797882080078 -0.00811052322387695 0.00698566436767578
0.0245151519775391 0.0121536254882813 -0.0125970840454102 0.0102510452270508
0.0220069885253906 0.0183849334716797 -0.0159988403320313 0.00836753845214844
0.0094146728515625 0.0251846313476563 -0.0186996459960938 0.000972747802734378
-0.00543785095214844 0.0279808044433594 -0.0113611221313477 -0.0057525634765625
-0.0249252319335938 0.0138072967529297 -0.00036287307739258 -0.00493001937866211
-0.0329761505126953 -0.00524520874023437 -0.0120105743408203 0.0127372741699219
-0.0343818664550781 -0.019744873046875 -0.0394935607910156 0.00519943237304687
-0.0093841552734375 -0.0255775451660156 -0.0350379943847656 0.00815963745117187
-0.0176715850830078 -0.01708984375 -0.0428733825683594 0.0163383483886719
-0.021728515625 -0.00383186340332031 -0.0223541259765625 0.0280818939208984
-0.0184326171875 0.0118904113769531 -0.00372505187988281 0.0212001800537109
-0.006317138671875 0.0192508697509766 0.00270175933837891 0.00674629211425781
0.00958251953125 0.0218067169189453 -0.00181162357330322 0.000481367111206056
0.0184364318847656 0.0151100158691406 -0.0118341445922852 0.00263786315917969
0.0170717239379883 0.0129499435424805 -0.0174894332885742 0.00673484802246094
0.0191993713378906 0.0138683319091797 -0.0207176208496094 0.00867462158203125
0.0168685913085937 0.0182723999023437 -0.0215873718261719 0.00457954406738281
0.00605392456054688 0.0235939025878906 -0.0213661193847656 -0.00234222412109374
-0.00821495056152343 0.0250988006591797 -0.0122766494750977 -0.00873374938964843
-0.0250835418701172 0.00814437866210937 -0.00140380859375 -0.00558614730834961
-0.0283946990966797 -0.0130615234375 -0.0161514282226563 0.0103893280029297
-0.0249290466308594 -0.0264778137207031 -0.0455703735351563 -0.00133895874023439
0.00869560241699219 -0.0228328704833984 -0.0330734252929688 0.000404357910156246
-5.34057617187517E-05 -0.0205802917480469 -0.0416221618652344 0.0101356506347656
-0.00843143463134765 -0.0130558013916016 -0.0216941833496094 0.0233249664306641
-0.0150279998779297 -0.00189495086669922 -0.0038747787475586 0.0154743194580078
-0.0103368759155273 0.00837898254394531 0.000491857528686523 0.00143933296203613
-0.000382423400878907 0.0169429779052734 -0.00791788101196289 -0.0042881965637207
0.00906562805175781 0.0152196884155273 -0.0192184448242188 -0.000797271728515621
0.00981903076171875 0.0120830535888672 -0.0244274139404297 0.00428962707519532
0.0115489959716797 0.0127620697021484 -0.0272331237792969 0.00540733337402344
0.0106029510498047 0.0159444808959961 -0.0273418426513672 -0.000543594360351556
0.00242805480957031 0.0187625885009766 -0.0240249633789062 -0.00735664367675782
-0.00872993469238281 0.0188446044921875 -0.0132284164428711 -0.0120716094970703
-0.0226516723632813 0.00337600708007813 -0.00403928756713867 -0.00802993774414063
-0.0202808380126953 -0.0175571441650391 -0.0202102661132813 0.0030975341796875
-0.0110664367675781 -0.0299301147460938 -0.046600341796875 -0.011932373046875
-0.0101432800292969 0.0226154327392578 0.0451545715332031 0.0155601501464844
0.0157184600830078 0.0192737579345703 0.0218544006347656 0.00694084167480469
0.0158290863037109 -0.00292110443115234 0.00460243225097656 0.0119647979736328
0.00734615325927734 -0.0103206634521484 0.0143470764160156 0.0212650299072266
0.00118350982666016 -0.011631965637207 0.0273990631103516 0.0149154663085938
-0.00710773468017578 -0.0130348205566406 0.0334796905517578 0.00250244140625
-0.00578880310058594 -0.009368896484375 0.0338516235351563 -0.00387763977050781
-0.00385665893554687 -0.00908565521240234 0.0286064147949219 -0.00356864929199219
-0.0020294189453125 -0.0141716003417969 0.0220069885253906 0.00332832336425781
0.00896835327148438 -0.0111169815063477 0.0120687484741211 0.00760173797607422
0.0170011520385742 -0.00048828125 -0.000347375869750976 0.0012277364730835
0.0138301849365234 0.011204719543457 0.00214290618896485 -0.0110149383544922
-0.00131416320800781 0.0212268829345703 0.0237865447998047 -0.0188789367675781
-0.0149517059326172 0.0243949890136719 0.0392608642578125 -0.0062255859375
-0.027679443359375 0.0195198059082031 0.0252494812011719 0.00798988342285156
-0.0258712768554688 0.0159854888916016 0.0385475158691406 0.0244979858398437
-0.000679016113281248 0.0206985473632813 0.0170164108276367 0.0156030654907227
0.00591802597045898 0.00545310974121094 0.00522994995117188 0.0190010070800781
0.00563144683837891 0.00167608261108398 0.0158519744873047 0.0267372131347656
0.00525808334350586 -0.0016627311706543 0.02935791015625 0.0185470581054688
0.00394487380981445 -0.00614356994628906 0.0362815856933594 0.0052642822265625
0.00600862503051758 -0.00688934326171875 0.0353355407714844 -0.00130081176757813
0.00738620758056641 -0.00542354583740234 0.0285739898681641 1.14440917968747E-05
0.0101938247680664 -0.00872135162353516 0.0210018157958984 0.00598716735839844
0.0182380676269531 -0.00246047973632813 0.0103025436401367 0.010899543762207
0.0190486907958984 0.01019287109375 -0.00398635864257812 0.00372886657714844
0.00998306274414063 0.0221977233886719 -0.00231552124023437 -0.00838708877563476
-0.0117931365966797 0.0258293151855469 0.0167560577392578 -0.0180625915527344
-0.0290908813476562 0.0222644805908203 0.0290794372558594 -0.00307846069335937
-0.0411453247070312 0.0136795043945313 0.0134038925170898 0.011784553527832
-0.0384025573730469 0.00549697875976562 0.0246849060058594 0.0303192138671875
-0.0195217132568359 0.0183067321777344 0.00721359252929688 0.0239219665527344
-0.00719547271728516 0.0131635665893555 0.00226211547851562 0.0263824462890625
0.000809669494628907 0.0154228210449219 0.0157470703125 0.0321865081787109
0.00853443145751953 0.0103855133056641 0.0285720825195313 0.0217952728271484
0.0147294998168945 0.00210285186767578 0.0351676940917969 0.007598876953125
0.0177402496337891 -0.00265312194824219 0.0316982269287109 0.00161933898925781
0.0168981552124023 -0.00161552429199219 0.0235214233398438 0.00320053100585938
0.0200996398925781 -0.002655029296875 0.0158834457397461 0.009063720703125
0.0245208740234375 0.00511550903320313 0.00525093078613282 0.0129756927490234
0.0195693969726563 0.0190315246582031 -0.00797939300537109 0.0049748420715332
0.00687217712402343 0.029266357421875 -0.00677680969238281 -0.00635051727294922
-0.0183334350585937 0.0278759002685547 0.00982093811035156 -0.0158329010009766
-0.0372314453125 0.0185585021972656 0.0172462463378906 0.00108432769775391
-0.0483818054199219 0.00629043579101562 -0.00137519836425782 0.0137834548950195
-0.044891357421875 -0.00701141357421875 0.00728607177734375 0.0318489074707031
-0.0347557067871094 0.0113201141357422 -0.00745964050292969 0.0289344787597656
-0.0212726593017578 0.0178852081298828 -0.00345420837402344 0.0322799682617188
-0.00607681274414062 0.0266819000244141 0.0119838714599609 0.0350532531738281
0.00943565368652344 0.0218276977539063 0.0243587493896484 0.0223426818847656
0.0224323272705078 0.0115756988525391 0.0296173095703125 0.00867843627929687
0.02630615234375 0.00239181518554688 0.0231895446777344 0.00376510620117188
0.0237369537353516 0.00370025634765625 0.0149402618408203 0.00478744506835937
0.0269565582275391 0.003662109375 0.00765514373779297 0.01080322265625
0.0278072357177734 0.0116214752197266 -0.00078296661376953 0.0129938125610352
0.0180644989013672 0.0244331359863281 -0.011474609375 0.00500011444091797
0.00354766845703125 0.032073974609375 -0.00922107696533203 -0.00492954254150391
-0.0219688415527344 0.0260543823242188 0.00466442108154297 -0.0112371444702148
-0.0400962829589844 0.0130348205566406 0.00621652603149414 0.00683403015136719
-0.0499000549316406 -0.00101470947265625 -0.0160465240478516 0.0143899917602539
-0.0429458618164062 -0.0174903869628906 -0.0118026733398438 0.0274181365966797
-0.0418357849121094 0.00153350830078125 -0.0243263244628906 0.0298175811767578
-0.0311374664306641 0.0162143707275391 -0.0114860534667969 0.0348663330078125
-0.0135917663574219 0.0318145751953125 0.0061492919921875 0.0343399047851563
0.00646591186523438 0.0291252136230469 0.0171051025390625 0.0191726684570313
0.0256938934326172 0.0195655822753906 0.0194892883300781 0.00695419311523438
0.0304908752441406 0.00751495361328125 0.0114994049072266 0.00468826293945313
0.0269088745117188 0.00768661499023438 0.00385570526123047 0.00668478012084961
0.0296726226806641 0.00862312316894531 -0.00197601318359375 0.0109119415283203
0.0277957916259766 0.0166435241699219 -0.00803947448730468 0.0111188888549805
0.0156898498535156 0.0272312164306641 -0.0153713226318359 0.00391292572021484
-0.000146865844726563 0.0328845977783203 -0.0101070404052734 -0.00457763671875
-0.0251350402832031 0.0225753784179687 0.00216960906982422 -0.0074014663696289
-0.0401229858398438 0.00549316406249999 -0.00244331359863282 0.012141227722168
-0.0475997924804688 -0.0100555419921875 -0.0298557281494141 0.0124244689941406
-0.0317573547363281 -0.0254688262939453 -0.0271015167236328 0.0197029113769531
-0.0379409790039063 -0.00947189331054688 -0.0373802185058594 0.0252494812011719
-0.0326442718505859 0.00859642028808594 -0.0190162658691406 0.0328598022460937
-0.0195598602294922 0.0273513793945312 7.2479248046873E-05 0.0292816162109375
0.00159072875976563 0.0297031402587891 0.00883674621582031 0.0141668319702148
0.0221385955810547 0.0232925415039063 0.00855255126953125 0.00452232360839844
0.0290431976318359 0.0116615295410156 -0.00118732452392578 0.00453042984008789
0.0254096984863281 0.0104827880859375 -0.00760746002197266 0.00703287124633789
0.0281829833984375 0.0116596221923828 -0.0122385025024414 0.009765625
0.0256900787353516 0.0184516906738281 -0.0152950286865234 0.00757408142089844
0.0120868682861328 0.0277023315429688 -0.0181121826171875 0.000562667846679687
-0.00386238098144531 0.0312576293945313 -0.0104055404663086 -0.00613307952880859
-0.0270576477050781 0.0171413421630859 0.000414371490478514 -0.00463676452636719
-0.0380325317382813 -0.00317382812500001 -0.0112819671630859 0.0135593414306641
-0.0396842956542969 -0.0194091796875 -0.0401268005371094 0.0070037841796875
-0.0132808685302734 -0.0271434783935547 -0.0364761352539063 0.0101699829101562
-0.0225009918212891 -0.0183181762695313 -0.0447311401367188 0.0186500549316406
-0.0247898101806641 -0.00189018249511719 -0.0227375030517578 0.0291728973388672
-0.0205154418945313 0.0155601501464844 -0.00354957580566406 0.0218086242675781
-0.00470733642578125 0.0226707458496094 0.00196933746337891 0.00615406036376953
0.0128688812255859 0.0233154296875 -0.0025794506072998 2.4795532226564E-05
0.0220088958740234 0.0143203735351563 -0.0133485794067383 0.00305271148681641
0.0197296142578125 0.0122642517089844 -0.0184440612792969 0.00720977783203125
0.0227584838867188 0.0132980346679688 -0.0214557647705078 0.00916671752929688
0.0206451416015625 0.0188617706298828 -0.02276611328125 0.00460243225097657
0.00869560241699219 0.0254840850830078 -0.0216922760009766 -0.00363540649414063
-0.00666046142578125 0.0281944274902344 -0.0117692947387695 -0.00929546356201172
-0.0278034210205078 0.0119686126708984 -0.000762462615966799 -0.00537300109863281
-0.0326061248779297 -0.0114250183105469 -0.0162134170532227 0.0117225646972656
-0.0292587280273437 -0.0268402099609375 -0.0473899841308594 -6.48498535156267E-05
0.00683975219726563 -0.0257358551025391 -0.03656005859375 0.00203323364257813
-0.00339126586914063 -0.0226058959960937 -0.0436363220214844 0.0114898681640625
-0.0119838714599609 -0.012969970703125 -0.0218620300292969 0.0242404937744141
-0.0170526504516602 0.000597000122070315 -0.00435829162597656 0.0153522491455078
-0.0103034973144531 0.0114612579345703 -0.000761568546295167 0.000755131244659425
0.00256538391113281 0.0184860229492187 -0.0100545883178711 -0.00381946563720703
0.0119447708129883 0.0147647857666016 -0.0211391448974609 0.00018119812011719
0.0120391845703125 0.0117254257202148 -0.0263881683349609 0.00551986694335938
0.0145273208618164 0.012263298034668 -0.0290660858154297 0.00614547729492188
0.0132875442504883 0.0162143707275391 -0.0288791656494141 -0.000486373901367182
0.0048370361328125 0.0204715728759766 -0.0251483917236328 -0.008056640625
-0.00762367248535156 0.0215396881103516 -0.0138435363769531 -0.0132045745849609
-0.0241489410400391 0.00588226318359375 -0.00363302230834961 -0.0084834098815918
-0.024688720703125 -0.0165309906005859 -0.0214195251464844 0.00440597534179687
-0.0155029296875 -0.0306529998779297 -0.049774169921875 -0.0110969543457031
-0.00778007507324219 0.0237960815429688 0.0501823425292969 0.0143928527832031
0.0183067321777344 0.017303466796875 0.0240230560302734 0.00491714477539063
0.0155000686645508 -0.00512313842773438 0.00481986999511719 0.0120811462402344
0.00644779205322266 -0.0115776062011719 0.0159740447998047 0.0225944519042969
-0.000945091247558593 -0.0121755599975586 0.0299720764160156 0.0155277252197266
-0.00895309448242187 -0.0121526718139648 0.0366325378417969 0.00165557861328125
-0.00722742080688476 -0.00843048095703125 0.0371475219726563 -0.00686264038085938
-0.00494480133056641 -0.00812530517578125 0.0311183929443359 -0.00551414489746094
-0.00377941131591797 -0.0135126113891602 0.0252227783203125 0.000694274902343749
0.00721263885498047 -0.0125417709350586 0.0153837203979492 0.00665855407714844
0.0170421600341797 -0.00270652770996094 0.00169479846954346 0.0013573169708252
0.0150642395019531 0.0102396011352539 0.00354766845703125 -0.0101757049560547
0.00111961364746094 0.0221920013427734 0.0241794586181641 -0.0198688507080078
-0.0125865936279297 0.0278358459472656 0.042083740234375 -0.00856781005859375
-0.025909423828125 0.0231075286865234 0.0298500061035156 0.00674247741699219
-0.02587890625 0.0175590515136719 0.0439300537109375 0.0241737365722656
-0.000326156616210935 0.0206661224365234 0.0199813842773438 0.0141773223876953
0.00545740127563477 0.00447797775268555 0.00584602355957031 0.0191535949707031
0.00495338439941406 0.00154304504394531 0.0180282592773438 0.0282306671142578
0.00471639633178711 -0.00125932693481445 0.0325679779052734 0.0186939239501953
0.00276517868041992 -0.005828857421875 0.0398597717285156 0.00408554077148438
0.00611782073974609 -0.00650882720947266 0.0386276245117188 -0.00397491455078125
0.00723361968994141 -0.00483369827270508 0.0315189361572266 -0.00338935852050781
0.00971031188964844 -0.00881385803222656 0.0243968963623047 0.00428199768066406
0.0178337097167969 -0.00334930419921875 0.0136842727661133 0.0101985931396484
0.0202865600585938 0.00988197326660156 -0.000895977020263671 0.0044097900390625
0.0118274688720703 0.0220870971679688 -0.000895977020263671 -0.00751352310180664
-0.0105190277099609 0.0278434753417969 0.0173549652099609 -0.0183811187744141
-0.0285606384277344 0.0258884429931641 0.0318450927734375 -0.00503730773925781
-0.0419502258300781 0.0177383422851562 0.0175657272338867 0.0117511749267578
-0.0412826538085938 0.0069122314453125 0.0302448272705078 0.0307598114013672
-0.0203647613525391 0.0196933746337891 0.0101528167724609 0.0235996246337891
-0.00843524932861328 0.0142631530761719 0.00359725952148438 0.0268096923828125
0.000268936157226562 0.0166339874267578 0.0180606842041016 0.0334148406982422
0.00935745239257813 0.0117626190185547 0.0318260192871094 0.0216026306152344
0.0155735015869141 0.00253582000732422 0.03875732421875 0.0060882568359375
0.0192584991455078 -0.00325202941894531 0.0348300933837891 -0.000789642333984375
0.0184383392333984 -0.00134086608886719 0.0263938903808594 5.91278076171874E-05
0.0215492248535156 -0.00314140319824219 0.01873779296875 0.00711631774902344
0.026275634765625 0.00473785400390625 0.00889396667480469 0.0120687484741211
0.021759033203125 0.0191135406494141 -0.00556039810180664 0.00559806823730469
0.00924873352050781 0.0308952331542969 -0.00522089004516601 -0.00555753707885742
-0.0175857543945313 0.0308723449707031 0.0107517242431641 -0.0160427093505859
-0.0389556884765625 0.022735595703125 0.0199146270751953 0.000419616699218751
-0.05126953125 0.0101242065429687 0.00219058990478515 0.0153341293334961
-0.0498390197753906 -0.00527572631835937 0.0116214752197266 0.0332260131835938
-0.0380477905273438 0.0138816833496094 -0.00511741638183594 0.0301170349121094
-0.0228805541992187 0.0203990936279297 -0.00268363952636719 0.0332469940185547
-0.00597000122070312 0.0299930572509766 0.013946533203125 0.0365562438964844
0.0112419128417969 0.0239887237548828 0.0271053314208984 0.0223617553710938
0.0253620147705078 0.011810302734375 0.0331001281738281 0.00716590881347656
0.0292587280273438 0.00136184692382813 0.0256729125976563 0.00179862976074219
0.0263519287109375 0.00273704528808594 0.0174446105957031 0.00313377380371094
0.0298519134521484 0.00251388549804688 0.00967502593994141 0.00870323181152344
0.0308570861816406 0.0110988616943359 0.00169563293457031 0.0116910934448242
0.0212306976318359 0.0256214141845703 -0.00949954986572265 0.00540637969970703
0.00609970092773437 0.0352706909179688 -0.00808429718017578 -0.00432443618774414
-0.0225429534912109 0.0300922393798828 0.00559902191162109 -0.0116510391235352
-0.0435981750488281 0.0170783996582031 0.00872230529785156 0.00662803649902344
-0.0544815063476563 0.0022430419921875 -0.0135707855224609 0.0158958435058594
-0.0487747192382813 -0.016998291015625 -0.00966453552246094 0.0307025909423828
-0.0468215942382813 0.00429534912109375 -0.0227470397949219 0.0316104888916016
-0.0340309143066406 0.0198726654052734 -0.0107307434082031 0.0364265441894531
-0.0138778686523438 0.0360603332519531 0.00762939453125 0.0358619689941406
0.00933837890625 0.0323143005371094 0.0190067291259766 0.0196418762207031
0.029052734375 0.0195045471191406 0.0216808319091797 0.00584030151367188
0.0342521667480469 0.00606727600097656 0.0129947662353516 0.00394248962402344
0.0304718017578125 0.00683784484863281 0.00492954254150391 0.00566768646240234
0.0336666107177734 0.00655555725097656 -0.00107479095458984 0.0103883743286133
0.0322341918945313 0.0155696868896484 -0.00635719299316406 0.0107851028442383
0.0197086334228516 0.0292434692382813 -0.0141963958740234 0.00374317169189453
0.00217819213867188 0.0368003845214844 -0.00952053070068359 -0.00423145294189453
-0.0262737274169922 0.0265312194824219 0.00355768203735351 -0.00779104232788086
-0.0444984436035156 0.00897598266601562 -0.000773429870605472 0.0132637023925781
-0.0531120300292969 -0.00719833374023437 -0.0285434722900391 0.0152168273925781
-0.0379447937011719 -0.025360107421875 -0.0271015167236328 0.0231895446777344
-0.0437049865722656 -0.00821304321289062 -0.0380668640136719 0.0279350280761719
-0.0363616943359375 0.0120086669921875 -0.0183582305908203 0.0347232818603516
-0.0200386047363281 0.0323848724365234 0.000738143920898438 0.0307712554931641
0.00370407104492188 0.0330295562744141 0.00959587097167969 0.0140562057495117
0.0267238616943359 0.0237846374511719 0.00923824310302735 0.00393390655517578
0.0328445434570312 0.0100917816162109 -0.00126075744628906 0.00445556640625
0.0291881561279297 0.00933647155761719 -0.00815916061401367 0.0065922737121582
0.0326423645019531 0.0101394653320313 -0.0124282836914062 0.0102386474609375
0.0302543640136719 0.0184307098388672 -0.0155134201049805 0.00740337371826172
0.0163555145263672 0.0296955108642578 -0.0179729461669922 -0.0002288818359375
-0.0011749267578125 0.035369873046875 -0.0101156234741211 -0.00668144226074219
-0.0286312103271484 0.0215339660644531 0.00145292282104492 -0.0053868293762207
-0.0427665710449219 0.000198364257812504 -0.00934505462646485 0.0151262283325195
-0.0460891723632813 -0.0174560546875 -0.0409317016601563 0.00959396362304688
-0.0186386108398438 -0.0283374786376953 -0.0384140014648438 0.0135116577148438
-0.0276565551757813 -0.0166873931884766 -0.0464515686035156 0.0213279724121094
-0.0290889739990234 -7.62939453125472E-06 -0.0222969055175781 0.0305862426757813
-0.0216999053955078 0.0198192596435547 -0.00416374206542969 0.0231685638427734
-0.00294876098632812 0.0258045196533203 0.00251102447509766 0.00652694702148438
0.0174312591552734 0.0237312316894531 -0.00338077545166016 -2.5510787963866E-05
0.0260715484619141 0.0132465362548828 -0.0139427185058594 0.00396347045898438
0.0238552093505859 0.0108318328857422 -0.0194606781005859 0.00836944580078125
0.0266990661621094 0.0118522644042969 -0.0226840972900391 0.0100364685058594
0.0246124267578125 0.0182094573974609 -0.0234737396240234 0.00440597534179688
0.0121898651123047 0.0270671844482422 -0.0232048034667969 -0.0035858154296875
-0.00441169738769531 0.0313453674316406 -0.0122509002685547 -0.00964164733886719
-0.0292816162109375 0.0157318115234375 -0.00020122528076172 -0.00598573684692383
-0.0377883911132813 -0.00850296020507812 -0.0161924362182617 0.0135898590087891
-0.0350608825683594 -0.0255947113037109 -0.0499229431152344 0.00179290771484375
0.002716064453125 -0.0279560089111328 -0.0402641296386719 0.00422286987304688
-0.00790596008300781 -0.0234718322753906 -0.0462265014648438 0.0148811340332031
-0.0151796340942383 -0.0121641159057617 -0.0217533111572266 0.0254993438720703
-0.0189056396484375 0.00325584411621094 -0.00510597229003907 0.0157966613769531
-0.00919246673583984 0.0138654708862305 -0.00185203552246094 0.000581622123718263
0.00557518005371094 0.0190067291259766 -0.0115947723388672 -0.00425434112548828
0.0151891708374023 0.0138034820556641 -0.0235080718994141 0.0018310546875
0.0143499374389648 0.0105772018432617 -0.0280952453613281 0.00754165649414062
0.0174999237060547 0.0114212036132812 -0.0312957763671875 0.00797462463378907
0.0165042877197266 0.0156364440917969 -0.0317268371582031 0.000108718872070311
0.00758743286132813 0.0212955474853516 -0.0270442962646484 -0.00831222534179688
-0.00557327270507812 0.0240211486816406 -0.0143184661865234 -0.0140161514282227
-0.0254268646240234 0.00885200500488282 -0.00341510772705078 -0.00873327255249023
-0.0287189483642578 -0.0149517059326172 -0.0222663879394531 0.00669288635253906
-0.0198249816894531 -0.0310192108154297 -0.0539016723632813 -0.0096282958984375
-0.005340576171875 0.0246849060058594 0.0550765991210938 0.011199951171875
0.0211944580078125 0.0149497985839844 0.0254173278808594 0.00182914733886719
0.0146541595458984 -0.00707530975341797 0.00535297393798828 0.0120506286621094
0.00455093383789063 -0.013087272644043 0.0186309814453125 0.0233402252197266
-0.00289249420166015 -0.0121898651123047 0.0342864990234375 0.0145549774169922
-0.0112514495849609 -0.0105304718017578 0.0404205322265625 -0.00141525268554688
-0.00832128524780273 -0.0074458122253418 0.0399627685546875 -0.0107154846191406
-0.00630092620849609 -0.00738859176635742 0.0335674285888672 -0.00977325439453125
-0.00572872161865234 -0.0123710632324219 0.0276947021484375 -0.00207710266113281
0.00531005859375 -0.0128412246704102 0.0186233520507813 0.0048980712890625
0.0168228149414062 -0.00517749786376953 0.00430870056152344 0.00148725509643555
0.0163631439208984 0.0081329345703125 0.00452041625976562 -0.0103178024291992
0.00449752807617188 0.0228023529052734 0.0246829986572266 -0.0215644836425781
-0.00895309448242187 0.0295639038085937 0.0435714721679688 -0.01312255859375
-0.0234565734863281 0.0272331237792969 0.0340671539306641 0.00434112548828125
-0.0258216857910156 0.0203609466552734 0.0495033264160156 0.0222358703613281
0.00152778625488281 0.0207786560058594 0.0225162506103516 0.0116043090820313
0.00607061386108399 0.00380420684814453 0.00636482238769531 0.0191841125488281
0.00374579429626465 0.0021522045135498 0.0209083557128906 0.0288715362548828
0.00450325012207031 -0.00127744674682617 0.0368881225585937 0.0179710388183594
0.00203323364257812 -0.00490617752075195 0.0437202453613281 0.000865936279296875
0.00552272796630859 -0.00679588317871094 0.041748046875 -0.00882720947265625
0.00776195526123047 -0.00534582138061523 0.0335464477539063 -0.00742340087890625
0.00960636138916016 -0.00925159454345703 0.0269298553466797 -5.34057617187506E-05
0.0175857543945313 -0.00445747375488281 0.0178680419921875 0.00814437866210938
0.022125244140625 0.00896072387695313 0.00137805938720703 0.0043332576751709
0.0138397216796875 0.0218257904052734 0.000545024871826173 -0.00732040405273437
-0.00801849365234375 0.0293998718261719 0.0180931091308594 -0.0195560455322266
-0.0273380279541016 0.0298652648925781 0.034881591796875 -0.00819778442382813
-0.0411415100097656 0.0221786499023437 0.0222225189208984 0.0104236602783203
-0.0443687438964844 0.01031494140625 0.0362510681152344 0.0296440124511719
-0.0211563110351562 0.0218124389648438 0.0132637023925781 0.02264404296875
-0.00911712646484375 0.0166530609130859 0.00544929504394531 0.0273284912109375
0.00137710571289062 0.0186977386474609 0.0212287902832031 0.0341796875
0.0108833312988281 0.0121793746948242 0.0356292724609375 0.0207939147949219
0.0168304443359375 0.00271320343017578 0.0424270629882812 0.00268936157226562
0.0201263427734375 -0.004241943359375 0.0376129150390625 -0.00566482543945312
0.019561767578125 -0.00261497497558594 0.0292091369628906 -0.00370025634765625
0.0235977172851563 -0.00446128845214844 0.0217170715332031 0.00445175170898438
0.0284156799316406 0.00303840637207031 0.0125932693481445 0.0103836059570313
0.0247840881347656 0.0191860198974609 -0.00279760360717773 0.00568723678588867
0.0128688812255859 0.031982421875 -0.00356340408325195 -0.00529670715332031
-0.0165863037109375 0.0349540710449219 0.0110578536987305 -0.0163793563842773
-0.0394935607910156 0.0284004211425781 0.0226764678955078 -0.00177383422851562
-0.0533256530761719 0.0157928466796875 0.00683116912841796 0.0157794952392578
-0.053741455078125 -0.00160598754882812 0.0167064666748047 0.0344047546386719
-0.0407142639160156 0.0176963806152344 -0.00255584716796875 0.0308265686035156
-0.0241107940673828 0.024444580078125 -0.000741958618164067 0.0340175628662109
-0.00416183471679688 0.0329246520996094 0.0176544189453125 0.0380706787109375
0.0135517120361328 0.0255641937255859 0.0303821563720703 0.0212421417236328
0.0280590057373047 0.0106582641601563 0.0357437133789063 0.00407028198242188
0.0315017700195313 -0.00114631652832031 0.0281085968017578 -0.00123023986816406
0.0292415618896484 0.000324249267578125 0.0185222625732422 9.5367431640625E-05
0.0333251953125 -0.000278472900390625 0.0116615295410156 0.00662040710449219
0.0342197418212891 0.00948333740234375 0.00379657745361328 0.0102500915527344
0.0254096984863281 0.0257701873779297 -0.00795841217041015 0.00522089004516602
0.00979995727539063 0.0369720458984375 -0.00665521621704102 -0.00395488739013672
-0.0220584869384766 0.0346584320068359 0.00654506683349609 -0.0126018524169922
-0.0458641052246094 0.022918701171875 0.0115070343017578 0.00548076629638672
-0.0582160949707031 0.00710678100585938 -0.0105915069580078 0.0175952911376953
-0.0548477172851563 -0.0137214660644531 -0.00659942626953125 0.0323143005371094
-0.0511054992675781 0.00903320312500001 -0.0211029052734375 0.0340118408203125
-0.0358848571777344 0.0252609252929687 -0.00892257690429687 0.0382881164550781
-0.0121231079101562 0.0408515930175781 0.00992584228515625 0.0368423461914063
0.0127296447753906 0.0349235534667969 0.0210704803466797 0.0180797576904297
0.0333042144775391 0.0185222625732422 0.0239601135253906 0.00394630432128906
0.0378379821777344 0.0027618408203125 0.0143566131591797 0.00149822235107422
0.0331611633300781 0.00388145446777344 0.00596714019775391 0.00416803359985351
0.0381851196289063 0.0037841796875 8.77380371093764E-05 0.00853443145751953
0.0368194580078125 0.0142173767089844 -0.00513172149658203 0.00995635986328125
0.0250968933105469 0.0298595428466797 -0.0129556655883789 0.00350379943847656
0.00618362426757812 0.0400238037109375 -0.00855684280395508 -0.00415563583374023
-0.0263900756835938 0.0316677093505859 0.00345754623413086 -0.00875568389892578
-0.0483779907226563 0.0156974792480469 0.00137710571289062 0.0128870010375977
-0.058319091796875 -0.00194168090820314 -0.0269393920898438 0.0175342559814453
-0.0447463989257813 -0.0243721008300781 -0.0259189605712891 0.0269260406494141
-0.0490036010742188 -0.00358581542968749 -0.0371284484863281 0.0317306518554688
-0.0392265319824219 0.0166816711425781 -0.0165061950683594 0.0371208190917969
-0.0185012817382813 0.0379257202148437 0.00225639343261719 0.0321254730224609
0.00707244873046875 0.0360641479492188 0.0111608505249023 0.0140180587768555
0.0320053100585938 0.0234298706054688 0.0092611312866211 0.00301074981689453
0.0365447998046875 0.00687408447265625 -0.000838518142700193 0.00432682037353516
0.0326690673828125 0.00629615783691406 -0.00812816619873047 0.00743389129638672
0.0368614196777344 0.00689697265625 -0.012481689453125 0.010009765625
0.0347862243652344 0.0162754058837891 -0.0156145095825195 0.00755596160888672
0.0215911865234375 0.0311794281005859 -0.0185489654541016 4.95910644531287E-05
0.00303268432617187 0.0381393432617188 -0.0103340148925781 -0.00715255737304687
-0.0291957855224609 0.0265007019042969 0.00188827514648437 -0.00668859481811523
-0.0471611022949219 0.0056610107421875 -0.00801467895507813 0.0162410736083984
-0.0515708923339844 -0.0131568908691406 -0.0409355163574219 0.0127105712890625
-0.0248336791992187 -0.0285701751708984 -0.0402030944824219 0.0181999206542969
-0.0337657928466797 -0.0144882202148438 -0.0469436645507813 0.025909423828125
-0.0323028564453125 0.00328063964843749 -0.0210018157958984 0.0325641632080078
-0.0218086242675781 0.0254192352294922 -0.00319099426269532 0.0238227844238281
0.00029754638671875 0.0286617279052734 0.00167417526245117 0.00675249099731446
0.0216884613037109 0.0234241485595703 -0.00386786460876465 0.000223636627197268
0.02996826171875 0.0109043121337891 -0.0150089263916016 0.00485515594482422
0.0273075103759766 0.00804901123046875 -0.0204868316650391 0.00984764099121094
0.0310230255126953 0.00956916809082031 -0.0238380432128906 0.0118255615234375
0.02899169921875 0.0167560577392578 -0.0255050659179688 0.00474166870117187
0.0169315338134766 0.0278301239013672 -0.0243339538574219 -0.00308418273925781
0.000205993652343751 0.0337295532226563 -0.0133285522460938 -0.0112123489379883
-0.0293827056884766 0.0197010040283203 0.000359535217285155 -0.00768852233886719
-0.0420608520507813 -0.00305557250976563 -0.0146875381469727 0.0154581069946289
-0.0406417846679688 -0.0225753784179688 -0.0523796081542969 0.00587844848632811
-0.00177574157714843 -0.0295867919921875 -0.0431594848632812 0.00827407836914063
-0.0129261016845703 -0.0234794616699219 -0.0478439331054687 0.0191879272460938
-0.0187320709228516 -0.0107707977294922 -0.0219230651855469 0.0279674530029297
-0.0203285217285156 0.00742721557617188 -0.00535678863525391 0.0165834426879883
-0.00739479064941406 0.0173702239990234 -0.00286579132080078 0.00101470947265625
0.00938606262207031 0.0200061798095703 -0.0137033462524414 -0.00290393829345703
0.0179405212402344 0.0119705200195313 -0.0255470275878906 0.00495147705078125
0.0170221328735352 0.00936508178710938 -0.0298805236816406 0.0109233856201172
0.0207023620605469 0.0100383758544922 -0.03314208984375 0.0110836029052734
0.0199089050292969 0.0135135650634766 -0.0335121154785156 0.00159835815429688
0.0117416381835937 0.0220050811767578 -0.0296363830566406 -0.00816535949707031
-0.00185394287109375 0.0269737243652344 -0.0155811309814453 -0.0142593383789063
-0.0258426666259766 0.0129127502441406 -0.00369548797607422 -0.00937271118164063
-0.0322399139404297 -0.0108280181884766 -0.0225353240966797 0.00919151306152344
-0.0256004333496094 -0.0294322967529297 -0.0587730407714844 -0.00623321533203125
-0.00396537780761719 0.0244522094726563 0.0579185485839844 0.00537109375
0.0214729309082031 0.0120849609375 0.0254478454589844 -0.00133705139160156
0.0129194259643555 -0.00849056243896484 0.00505447387695313 0.0117959976196289
0.00205230712890625 -0.0132255554199219 0.0206546783447266 0.0234813690185547
-0.00429630279541015 -0.0121917724609375 0.0385627746582031 0.0129280090332031
-0.0125532150268555 -0.00848484039306641 0.04150390625 -0.00470733642578125
-0.0098419189453125 -0.00506305694580078 0.0403823852539063 -0.0160179138183594
-0.00697469711303711 -0.00636482238769531 0.0339603424072266 -0.0136547088623047
-0.0074758529663086 -0.0105409622192383 0.0282573699951172 -0.00726509094238282
0.00344371795654297 -0.0134391784667969 0.0210971832275391 0.00129318237304687
0.0148324966430664 -0.00730133056640625 0.00659513473510742 0.000472068786621093
0.01763916015625 0.0059356689453125 0.00573158264160156 -0.0105733871459961
0.00903511047363281 0.020904541015625 0.0233192443847656 -0.0240077972412109
-0.00419807434082031 0.0312213897705078 0.0442047119140625 -0.017364501953125
-0.0187873840332031 0.0292873382568359 0.0377349853515625 0.000377655029296877
-0.023101806640625 0.022064208984375 0.0529594421386719 0.0172843933105469
0.00180244445800781 0.0193367004394531 0.0241966247558594 0.00834083557128906
0.00438928604125977 0.00379729270935059 0.00815391540527344 0.0191001892089844
0.00368475914001465 0.00272798538208008 0.0234718322753906 0.0269718170166016
0.00364398956298828 -0.00109004974365234 0.0393028259277344 0.0159149169921875
0.00198078155517578 -0.00277924537658691 0.0461769104003906 -0.00377273559570312
0.00621175765991211 -0.00722074508666992 0.042572021484375 -0.0146369934082031
0.00791168212890625 -0.00577068328857422 0.0341930389404297 -0.0123500823974609
0.00853919982910156 -0.00974273681640625 0.0292778015136719 -0.00341987609863281
0.0173320770263672 -0.00532436370849609 0.0200290679931641 0.00488090515136719
0.0215682983398437 0.00634574890136719 0.00419449806213379 0.00409722328186035
0.0175037384033203 0.0210742950439453 0.0017538070678711 -0.00606298446655273
-0.00353240966796875 0.0309104919433594 0.0174751281738281 -0.0213794708251953
-0.0239181518554687 0.0336971282958984 0.0342292785644531 -0.0113410949707031
-0.0385971069335938 0.0279083251953125 0.0255699157714844 0.00727081298828125
-0.0445060729980469 0.0145797729492188 0.0414314270019531 0.026153564453125
-0.0199546813964844 0.0245513916015625 0.0161457061767578 0.0190372467041016
-0.0091104507446289 0.0174484252929688 0.00678253173828125 0.0274276733398438
0.00195693969726562 0.0197601318359375 0.0242519378662109 0.0333309173583984
0.0119819641113281 0.0132427215576172 0.0391654968261719 0.0183181762695313
0.0171880722045898 0.0024566650390625 0.0443954467773438 -0.002288818359375
0.02117919921875 -0.00649452209472656 0.0394783020019531 -0.011199951171875
0.0212917327880859 -0.00508499145507813 0.0290489196777344 -0.00916290283203125
0.0239009857177734 -0.00745582580566406 0.0228252410888672 -0.000202178955078125
0.0299530029296875 0.0005035400390625 0.0149879455566406 0.00644016265869141
0.0273609161376953 0.01776123046875 -0.00100088119506836 0.00481367111206055
0.0168514251708984 0.0321006774902344 -0.002716064453125 -0.00497722625732422
-0.0138282775878906 0.0366439819335938 0.0113487243652344 -0.018463134765625
-0.0385169982910156 0.0337142944335938 0.0244636535644531 -0.00450325012207031
-0.0528717041015625 0.022216796875 0.0111179351806641 0.0146055221557617
-0.0563926696777344 0.0038299560546875 0.0226192474365234 0.0324649810791016
-0.0411796569824219 0.0232353210449219 0.00101470947265625 0.0300407409667969
-0.0224971771240234 0.0282840728759766 0.00182151794433594 0.0344371795654297
-0.000953674316406253 0.0362701416015625 0.0200576782226563 0.0378227233886719
0.0171699523925781 0.0259475708007813 0.0340404510498047 0.0190200805664063
0.0317535400390625 0.00881576538085938 0.0372695922851562 -0.000392913818359374
0.0323371887207031 -0.00479698181152344 0.0282802581787109 -0.0052337646484375
0.0314216613769531 -0.00282859802246094 0.0190238952636719 -0.00291824340820313
0.0346221923828125 -0.004852294921875 0.0127592086791992 0.00441741943359375
0.0371551513671875 0.0066986083984375 0.00658226013183594 0.00890541076660156
0.0299453735351562 0.0238742828369141 -0.00650644302368164 0.00456380844116211
0.0150070190429687 0.0374259948730469 -0.00482273101806641 -0.00348711013793945
-0.0197410583496094 0.038055419921875 0.0057229995727539 -0.0131683349609375
-0.0448493957519531 0.0301856994628906 0.0133028030395508 0.00347232818603516
-0.0600852966308594 0.0147819519042969 -0.00777053833007813 0.0185909271240234
-0.0594863891601563 -0.00628662109375001 -0.00186920166015626 0.0352401733398438
-0.0537490844726563 0.0162086486816406 -0.0168266296386719 0.0363197326660156
-0.0364646911621094 0.0304183959960938 -0.00708389282226563 0.0390586853027344
-0.00841903686523437 0.0463371276855469 0.0134124755859375 0.036529541015625
0.0181236267089844 0.0349807739257812 0.022613525390625 0.0176315307617188
0.0366706848144531 0.0158958435058594 0.0245723724365234 0.00189208984375
0.0404052734375 -0.0008544921875 0.0144948959350586 9.72747802734374E-05
0.035980224609375 -0.00018310546875 0.00653266906738282 0.00226402282714844
0.0406379699707031 -0.00086212158203125 0.000603675842285159 0.00654506683349609
0.0405693054199219 0.00952911376953125 -0.00399494171142578 0.00885963439941406
0.0290889739990234 0.0280818939208984 -0.011967658996582 0.00344657897949219
0.0114364624023438 0.0409927368164062 -0.00801849365234375 -0.00475120544433594
-0.0244178771972656 0.0360755920410156 0.00537014007568359 -0.0113735198974609
-0.0491256713867187 0.0214805603027344 0.00397777557373047 0.0115337371826172
-0.0613479614257813 0.00453948974609375 -0.0237522125244141 0.0187187194824219
-0.0505714416503906 -0.0195846557617188 -0.02252197265625 0.0294666290283203
-0.0516815185546875 0.00347518920898438 -0.0344982147216797 0.03472900390625
-0.0399932861328125 0.0226783752441406 -0.0144157409667969 0.0383682250976563
-0.0149154663085938 0.0429458618164063 0.00455856323242187 0.0323677062988281
0.0129356384277344 0.0364952087402344 0.011693000793457 0.0125675201416016
0.0362510681152344 0.0192794799804688 0.0102777481079102 0.00133132934570313
0.0398750305175781 0.00185012817382813 -0.000542879104614256 0.00385260581970215
0.0350799560546875 0.0016021728515625 -0.00679922103881836 0.00789451599121094
0.040191650390625 0.00196456909179688 -0.011378288269043 0.0108356475830078
0.0384101867675781 0.0121192932128906 -0.0148248672485352 0.0073699951171875
0.0262012481689453 0.029266357421875 -0.0185794830322266 -0.000183105468749995
0.008270263671875 0.0399131774902344 -0.0100955963134766 -0.00677871704101562
-0.0272979736328125 0.0317974090576172 0.00227260589599609 -0.00727701187133789
-0.0482673645019531 0.0125656127929688 -0.00521278381347656 0.017125129699707
-0.0553398132324219 -0.00775909423828126 -0.0396842956542969 0.0164108276367188
-0.0304584503173828 -0.0256175994873047 -0.0389328002929688 0.0212516784667969
-0.0392417907714844 -0.00968551635742187 -0.0466156005859375 0.0296859741210938
-0.0344257354736328 0.00811576843261719 -0.0201072692871094 0.0354423522949219
-0.0216197967529297 0.0279960632324219 -0.00233268737792969 0.0243263244628906
0.00311660766601563 0.0314044952392578 0.0013580322265625 0.00627565383911133
0.02685546875 0.0210685729980469 -0.00417852401733398 4.86373901367209E-05
0.0328159332275391 0.00645828247070313 -0.01495361328125 0.00723743438720703
0.0281524658203125 0.00524139404296875 -0.0195903778076172 0.0126380920410156
0.0326004028320313 0.00344657897949219 -0.0241680145263672 0.0126838684082031
0.0330295562744141 0.0119400024414063 -0.0253028869628906 0.00717353820800781
0.022491455078125 0.0273265838623047 -0.0243129730224609 -0.00208663940429687
0.00446319580078125 0.0353355407714844 -0.0142736434936523 -0.0116891860961914
-0.0284271240234375 0.0250530242919922 0.000745296478271482 -0.00742101669311523
-0.045379638671875 0.00291824340820313 -0.0141105651855469 0.016937255859375
-0.0460014343261719 -0.0200042724609375 -0.0515937805175781 0.00960159301757812
-0.00644683837890625 -0.0302276611328125 -0.0432510375976563 0.0140380859375
-0.0171165466308594 -0.0204067230224609 -0.0477485656738281 0.0242691040039063
-0.0216426849365234 -0.00772285461425782 -0.0205211639404297 0.0284099578857422
-0.018646240234375 0.0109119415283203 -0.00481033325195313 0.0166282653808594
-0.00414848327636718 0.0190505981445312 -0.00484371185302734 0.000756740570068361
0.0135841369628906 0.0177459716796875 -0.0152530670166016 -0.00170516967773437
0.0202922821044922 0.00908470153808594 -0.0260353088378906 0.00904464721679688
0.0191555023193359 0.00677680969238281 -0.0291347503662109 0.0160541534423828
0.0221805572509766 0.00642776489257813 -0.0330390930175781 0.0152416229248047
0.022552490234375 0.0112533569335938 -0.0355911254882813 0.00489425659179688
0.0146312713623047 0.0201892852783203 -0.0315914154052734 -0.00516700744628906
0.00143051147460938 0.0271530151367188 -0.0166196823120117 -0.0147256851196289
-0.0244827270507813 0.0170822143554688 -0.0043644905090332 -0.00851821899414062
-0.0349788665771484 -0.00631904602050782 -0.0219860076904297 0.0124988555908203
-0.030242919921875 -0.0268058776855469 -0.0600204467773438 -0.000778198242187511
0.000692367553710938 0.0234050750732422 0.0580787658691406 0.000255584716796876
0.0226802825927734 0.00781631469726563 0.0249786376953125 -0.00453376770019531
0.0119724273681641 -0.0111255645751953 0.00636863708496094 0.0115804672241211
0.000838279724121093 -0.0132408142089844 0.0226688385009766 0.0212326049804688
-0.00652122497558594 -0.0103626251220703 0.0382041931152344 0.00988006591796875
-0.0133628845214844 -0.00585746765136719 0.0419425964355469 -0.00777435302734375
-0.00878143310546875 -0.00391483306884766 0.0389442443847656 -0.0205497741699219
-0.00727272033691406 -0.00484228134155274 0.0323238372802734 -0.0189952850341797
-0.00857353210449219 -0.00929641723632812 0.0281867980957031 -0.0102996826171875
0.00102519989013672 -0.0133771896362305 0.0219936370849609 -0.00102996826171875
0.0132999420166016 -0.00925254821777344 0.00787115097045898 -0.000397682189941407
0.0167121887207031 0.00302696228027344 0.00656509399414063 -0.0106515884399414
0.0105724334716797 0.0194263458251953 0.0221652984619141 -0.0245914459228516
-0.000194549560546877 0.0297794342041016 0.0425910949707031 -0.0214271545410156
-0.0152454376220703 0.0302658081054688 0.0388565063476563 -0.00534439086914062
-0.0219535827636719 0.0233249664306641 0.0546035766601562 0.0123405456542969
0.00318145751953125 0.0193138122558594 0.0244617462158203 0.00499725341796875
0.00323009490966797 0.00347518920898438 0.00823402404785156 0.0173587799072266
0.0030217170715332 0.00284218788146973 0.025421142578125 0.0255146026611328
0.0035860538482666 -0.000168800354003906 0.04095458984375 0.0116310119628906
0.00183963775634766 -0.00358152389526367 0.0453529357910156 -0.00743865966796875
0.00549602508544922 -0.0064854621887207 0.0413017272949219 -0.0194587707519531
0.00814628601074219 -0.00622463226318359 0.0328350067138672 -0.0171737670898438
0.00782966613769531 -0.0104894638061523 0.0277462005615234 -0.00863075256347656
0.0162143707275391 -0.00763988494873047 0.0214118957519531 0.000738143920898437
0.0223827362060547 0.00422286987304688 0.00625133514404297 0.00226116180419922
0.0177230834960937 0.0190505981445312 0.00332403182983399 -0.0081486701965332
-0.001373291015625 0.0308055877685547 0.0161666870117188 -0.0217494964599609
-0.0205612182617187 0.0352287292480469 0.0342864990234375 -0.0155830383300781
-0.0349845886230469 0.0296421051025391 0.0284099578857422 0.00364112854003906
-0.0430183410644531 0.0181427001953125 0.0439567565917969 0.0223960876464844
-0.0188674926757813 0.0262088775634766 0.0168848037719727 0.0171089172363281
-0.0087127685546875 0.0192775726318359 0.008453369140625 0.0246849060058594
0.00427055358886719 0.0206680297851563 0.0267333984375 0.0312156677246094
0.0128841400146484 0.0128650665283203 0.0403289794921875 0.0142097473144531
0.0180740356445313 0.00090789794921875 0.0438804626464844 -0.00692367553710937
0.0208759307861328 -0.00849342346191406 0.0373878479003906 -0.0151443481445313
0.0207481384277344 -0.00692367553710937 0.0280838012695313 -0.0128993988037109
0.023712158203125 -0.00901031494140625 0.0222835540771484 -0.00358009338378906
0.0296554565429688 -0.00150299072265625 0.0157251358032227 0.00372791290283203
0.0293197631835937 0.0144290924072266 0.00151968002319336 0.00330829620361328
0.0188274383544922 0.0298614501953125 -0.00069141387939453 -0.00487756729125976
-0.0102500915527344 0.0378684997558594 0.0102939605712891 -0.0185565948486328
-0.0341529846191406 0.0370368957519531 0.0243244171142578 -0.00734710693359375
-0.05010986328125 0.02587890625 0.0141382217407227 0.0114831924438477
-0.0572013854980469 0.00828933715820312 0.02459716796875 0.0303230285644531
-0.0397453308105469 0.0264434814453125 0.00362586975097656 0.0282516479492188
-0.0217704772949219 0.0307178497314453 0.00342559814453125 0.0324268341064453
0.00225067138671875 0.036376953125 0.0231151580810547 0.0349750518798828
0.0199546813964844 0.024993896484375 0.0343990325927734 0.0161285400390625
0.0317325592041016 0.00628280639648438 0.0367851257324219 -0.00388336181640625
0.0328521728515625 -0.007843017578125 0.028411865234375 -0.00892829895019531
0.0313892364501953 -0.00570487976074219 0.0181026458740234 -0.00647544860839844
0.0348758697509766 -0.00780105590820312 0.0127468109130859 0.000550270080566406
0.0381393432617188 0.00211715698242188 0.00719451904296875 0.00558137893676758
0.0323314666748047 0.0217781066894531 -0.00417137145996094 0.00297069549560547
0.01873779296875 0.0369529724121094 -0.00412583351135254 -0.00417590141296386
-0.0160903930664063 0.0405540466308594 0.00629329681396484 -0.014592170715332
-0.0426025390625 0.0343742370605469 0.0142221450805664 0.00168228149414063
-0.0580673217773437 0.0204010009765625 -0.002960205078125 0.0166435241699219
-0.0615196228027344 -0.00291061401367187 0.00124740600585937 0.0329799652099609
-0.0526580810546875 0.0207748413085937 -0.0141830444335938 0.0348186492919922
-0.0332088470458984 0.034759521484375 -0.0044403076171875 0.0376968383789063
-0.00341415405273437 0.0459136962890625 0.0153026580810547 0.0350513458251953
0.0215682983398438 0.0341739654541016 0.0243759155273438 0.0154953002929688
0.0390357971191406 0.0117988586425781 0.0238666534423828 -0.00136566162109375
0.039886474609375 -0.005706787109375 0.014714241027832 -0.00225639343261719
0.0365180969238281 -0.004547119140625 0.00594711303710938 0.00130987167358398
0.0411949157714844 -0.0062103271484375 0.000852108001708986 0.00643014907836914
0.0420722961425781 0.0051116943359375 -0.00362539291381836 0.00689506530761719
0.0328483581542969 0.0249099731445313 -0.0118770599365234 0.00274181365966797
0.016754150390625 0.0400238037109375 -0.00719404220581055 -0.00520753860473632
-0.0204200744628906 0.0394363403320312 0.00404644012451172 -0.0110559463500977
-0.0472869873046875 0.028228759765625 0.0058441162109375 0.0105934143066406
-0.0601310729980469 0.0112571716308594 -0.0204887390136719 0.0199050903320312
-0.0531845092773437 -0.0145339965820313 -0.0201778411865234 0.0322990417480469
-0.0528335571289062 0.00910568237304687 -0.0307769775390625 0.0368423461914063
-0.0384902954101563 0.0275077819824219 -0.011993408203125 0.0380439758300781
-0.0101165771484375 0.044891357421875 0.00636863708496094 0.0312213897705078
0.0170669555664063 0.0362014770507813 0.0115957260131836 0.0117883682250977
0.0384597778320313 0.0160560607910156 0.00899028778076172 0.000915527343750001
0.03961181640625 -0.00206375122070313 -0.000413417816162107 0.00353407859802246
0.0362930297851563 -0.00208282470703125 -0.00742006301879883 0.00820589065551758
0.0404853820800781 -0.00278472900390625 -0.0118551254272461 0.0110263824462891
0.0407180786132813 0.00726318359375 -0.0150432586669922 0.00767707824707031
0.0301971435546875 0.0264415740966797 -0.0189437866210937 0.000560760498046874
0.0131340026855469 0.0392990112304688 -0.0102748870849609 -0.00667190551757812
-0.0240001678466797 0.0348625183105469 0.001922607421875 -0.00863885879516601
-0.0478858947753906 0.0188789367675781 -0.00288963317871094 0.015986442565918
-0.0565032958984375 -0.000957489013671879 -0.03631591796875 0.0183868408203125
-0.033538818359375 -0.0230312347412109 -0.0367164611816406 0.0267791748046875
-0.0399513244628906 -0.00603485107421875 -0.0423431396484375 0.0334510803222656
-0.0337142944335938 0.0130882263183594 -0.016876220703125 0.0337276458740234
-0.0155963897705078 0.0322513580322266 -0.001190185546875 0.0250453948974609
0.00866317749023437 0.0304813385009766 0.000792026519775392 0.00684070587158203
0.0290336608886719 0.0177688598632813 -0.00602436065673828 0.00101852416992188
0.0327396392822266 0.00159454345703125 -0.0153865814208984 0.00931358337402344
0.0299968719482422 -0.000112533569335938 -0.0194606781005859 0.0142002105712891
0.0345916748046875 0.000627517700195313 -0.0231456756591797 0.0156116485595703
0.0346202850341797 0.00832176208496094 -0.0256786346435547 0.00838279724121094
0.0253410339355469 0.0241012573242187 -0.0264244079589844 -0.00201606750488281
0.00878334045410156 0.0350837707519531 -0.0143852233886719 -0.00968647003173828
-0.0250034332275391 0.0273170471191406 -0.000563621520996095 -0.00842952728271484
-0.0437126159667969 0.00737762451171875 -0.0109262466430664 0.0175352096557617
-0.0468635559082031 -0.0121917724609375 -0.0508041381835938 0.0140876770019531
-0.0102176666259766 -0.0287151336669922 -0.0429191589355469 0.0176506042480469
-0.0204658508300781 -0.0188045501708984 -0.0450363159179688 0.0276756286621094
-0.0232524871826172 -0.00451278686523437 -0.018402099609375 0.0295429229736328
-0.0176448822021484 0.0136222839355469 -0.00515937805175781 0.0174541473388672
-0.00222396850585937 0.0192680358886719 -0.00589418411254883 0.00204896926879883
0.0158233642578125 0.0158405303955078 -0.016326904296875 0.00154781341552734
0.0209312438964844 0.00557518005371094 -0.0255470275878906 0.0114002227783203
0.0193500518798828 0.00347518920898438 -0.0282535552978516 0.0180282592773437
0.0229721069335937 0.00227737426757812 -0.0326957702636719 0.0180072784423828
0.0245437622070313 0.00748252868652344 -0.0352745056152344 0.00690841674804687
0.0173912048339844 0.0188274383544922 -0.0323619842529297 -0.00365066528320312
0.00498008728027344 0.0270481109619141 -0.0186710357666016 -0.0131797790527344
-0.0225200653076172 0.0195369720458984 -0.0046072006225586 -0.00952625274658203
-0.0352897644042969 -0.00213241577148438 -0.0195083618164063 0.0136184692382812
-0.0322418212890625 -0.0218009948730469 -0.0598678588867188 0.004486083984375
0.00168037414550781 0.0218181610107422 0.0567512512207031 -0.00274658203125
0.0210037231445313 0.00617027282714844 0.0233860015869141 -0.00605201721191406
0.0103054046630859 -0.0111808776855469 0.00605106353759766 0.0108613967895508
-0.000807762145996095 -0.012507438659668 0.0227375030517578 0.0198535919189453
-0.00717926025390625 -0.00975418090820313 0.0383567810058594 0.00713348388671875
-0.0134801864624023 -0.00389289855957032 0.0417137145996094 -0.0108528137207031
-0.00887489318847656 -0.00266933441162109 0.0373268127441406 -0.0226783752441406
-0.0066990852355957 -0.00384664535522461 0.0303707122802734 -0.0206623077392578
-0.00881862640380859 -0.00757598876953125 0.0262966156005859 -0.0133438110351563
-0.000403404235839844 -0.0119524002075195 0.0214653015136719 -0.00364303588867188
0.0114231109619141 -0.00954914093017578 0.00878190994262695 -0.00200891494750977
0.0160341262817383 0.00162410736083984 0.00689315795898438 -0.010859489440918
0.0115337371826172 0.0172672271728516 0.0206451416015625 -0.0238418579101563
0.00208854675292969 0.0281028747558594 0.0407943725585938 -0.0231170654296875
-0.0117664337158203 0.0289421081542969 0.0389251708984375 -0.00764083862304687
-0.0203895568847656 0.0232925415039062 0.0542182922363281 0.0082244873046875
0.00361824035644531 0.0178146362304688 0.0232276916503906 0.00337982177734375
0.00246953964233398 0.0038154125213623 0.00812435150146484 0.0166168212890625
0.00287055969238281 0.00262212753295898 0.0266208648681641 0.0242729187011719
0.00371456146240234 0.00032496452331543 0.0407600402832031 0.0092010498046875
0.00206327438354492 -0.00264525413513184 0.0442161560058594 -0.0111045837402344
0.00570583343505859 -0.00671482086181641 0.0390205383300781 -0.0221481323242188
0.0076298713684082 -0.00633478164672852 0.0306644439697266 -0.0199775695800781
0.00753116607666016 -0.00959491729736328 0.0265541076660156 -0.0115985870361328
0.0152177810668945 -0.00786495208740234 0.0212421417236328 -0.00187492370605469
0.0215110778808594 0.00264167785644531 0.00742053985595703 -0.000338077545166015
0.0178718566894531 0.0170555114746094 0.00419235229492188 -0.00795745849609375
-0.00012397766113281 0.0292243957519531 0.0152664184570313 -0.0211505889892578
-0.0170536041259766 0.0345439910888672 0.0332622528076172 -0.0172691345214844
-0.0320892333984375 0.0304851531982422 0.0298938751220703 0.000459671020507814
-0.0421295166015625 0.0196952819824219 0.0440864562988281 0.0177993774414063
-0.0177726745605469 0.0265750885009766 0.0169048309326172 0.0146141052246094
-0.008270263671875 0.0196952819824219 0.00790023803710938 0.0237102508544922
0.00482559204101563 0.0200958251953125 0.0273227691650391 0.0289325714111328
0.0139455795288086 0.0120029449462891 0.0399131774902344 0.0112724304199219
0.0182476043701172 3.814697265625E-05 0.0421180725097656 -0.00947952270507813
0.0203380584716797 -0.00941658020019531 0.0355110168457031 -0.0180931091308594
0.0208663940429688 -0.00823020935058594 0.0261478424072266 -0.0154132843017578
0.0229454040527344 -0.0102863311767578 0.0212326049804688 -0.00690650939941406
0.0290660858154297 -0.00404739379882813 0.015843391418457 0.000842094421386718
0.029510498046875 0.0124645233154297 0.0029451847076416 0.00125217437744141
0.0201473236083984 0.0282173156738281 0.000562667846679689 -0.00612115859985351
-0.00792312622070312 0.0374183654785156 0.0101299285888672 -0.0184745788574219
-0.0313453674316406 0.0380592346191406 0.0238170623779297 -0.00915908813476562
-0.0470199584960937 0.0281715393066406 0.0162572860717773 0.0088043212890625
-0.0566749572753906 0.011871337890625 0.0266857147216797 0.0271644592285156
-0.0376319885253906 0.0289726257324219 0.00457572937011719 0.0258350372314453
-0.0205821990966797 0.0323104858398438 0.00365066528320313 0.030975341796875
0.0045013427734375 0.036376953125 0.0238971710205078 0.0328922271728516
0.0214633941650391 0.0234127044677734 0.033935546875 0.0133628845214844
0.0315742492675781 0.00415420532226563 0.0350780487060547 -0.006072998046875
0.0326004028320313 -0.0100212097167969 0.0266799926757813 -0.0113697052001953
0.0310344696044922 -0.00862312316894531 0.0168008804321289 -0.00831699371337891
0.0341911315917969 -0.0100936889648438 0.0116662979125977 -0.00163650512695313
0.0381851196289063 -0.0005035400390625 0.00730943679809571 0.00299692153930664
0.0335273742675781 0.0191822052001953 -0.00356578826904297 0.00148177146911621
0.0205841064453125 0.0352859497070313 -0.0028538703918457 -0.00529289245605469
-0.0136337280273437 0.0412635803222656 0.00591564178466797 -0.0143575668334961
-0.0399436950683594 0.0371818542480469 0.0148763656616211 -0.000312805175781248
-0.0554122924804687 0.0236701965332031 -2.86102294921906E-05 0.014897346496582
-0.0611724853515625 0.0012664794921875 0.00405120849609374 0.0321712493896484
-0.0507774353027344 0.0242538452148438 -0.0119972229003906 0.0334091186523438
-0.031768798828125 0.0366592407226563 -0.00344085693359375 0.0357551574707031
-0.000267028808593752 0.0462150573730469 0.0165233612060547 0.0333156585693359
0.0235843658447266 0.0323753356933594 0.0234088897705078 0.0130691528320313
0.0392303466796875 0.0084075927734375 0.0221080780029297 -0.00281906127929688
0.0385818481445313 -0.0088653564453125 0.0139503479003906 -0.00375175476074219
0.0361824035644531 -0.00728607177734375 0.00558567047119141 0.000115871429443359
0.0401039123535156 -0.008544921875 0.00013542175292969 0.00503921508789062
0.0422935485839844 0.00173187255859375 -0.00368404388427734 0.00562906265258789
0.0348758697509766 0.0226707458496094 -0.0107927322387695 0.00166606903076172
0.0189437866210938 0.0383987426757812 -0.00645303726196289 -0.00579977035522461
-0.0181961059570313 0.0406227111816406 0.00400829315185547 -0.0113039016723633
-0.0449180603027344 0.0313796997070313 0.00704860687255859 0.00910186767578125
-0.058258056640625 0.0149803161621094 -0.0174636840820313 0.0188064575195312
-0.0540885925292969 -0.0100631713867187 -0.0175590515136719 0.0317173004150391
-0.0519371032714844 0.0125198364257812 -0.0283851623535156 0.0364303588867187
-0.0369033813476563 0.0298538208007812 -0.010711669921875 0.0364227294921875
-0.00703048706054688 0.0451850891113281 0.00670051574707031 0.0299930572509766
0.0193748474121094 0.03497314453125 0.0110797882080078 0.0112581253051758
0.0390357971191406 0.0128211975097656 0.00811147689819336 -6.81877136230461E-05
0.0386619567871094 -0.00550460815429687 -0.000341415405273435 0.0037229061126709
0.0355491638183594 -0.0048828125 -0.00712919235229492 0.00818204879760742
0.0401039123535156 -0.00640487670898437 -0.0117931365966797 0.0105009078979492
0.0405082702636719 0.00335693359375 -0.0152721405029297 0.00737285614013672
0.0318145751953125 0.023590087890625 -0.0183048248291016 8.39233398437518E-05
0.0157432556152344 0.0374526977539062 -0.0102519989013672 -0.007476806640625
-0.0213165283203125 0.0362358093261719 0.00158405303955078 -0.00887012481689453
-0.0461349487304688 0.0227890014648437 -0.00197505950927735 0.0150203704833984
-0.055084228515625 0.00343704223632813 -0.0336151123046875 0.0187549591064453
-0.0361709594726563 -0.0198440551757813 -0.0341548919677734 0.0271396636962891
-0.04022216796875 -0.00201034545898438 -0.0394744873046875 0.0344161987304688
-0.0336036682128906 0.0155124664306641 -0.0154991149902344 0.0330066680908203
-0.012664794921875 0.0335502624511719 -0.000688552856445311 0.0235424041748047
0.0110664367675781 0.0296497344970703 0.00049591064453125 0.00651264190673828
0.0309028625488281 0.0144977569580078 -0.0065608024597168 0.00155496597290039
0.0324745178222656 -0.00132179260253906 -0.0138912200927734 0.00958061218261719
0.0293598175048828 -0.00232696533203125 -0.0181350708007812 0.0147800445556641
0.033538818359375 -0.00286865234375 -0.0224819183349609 0.0159893035888672
0.0343570709228516 0.00446319580078125 -0.0255718231201172 0.00886154174804688
0.0262947082519531 0.0213546752929688 -0.0261516571044922 -0.000980377197265619
0.0116233825683594 0.0331287384033203 -0.0143852233886719 -0.0105228424072266
-0.0227146148681641 0.0294075012207031 -0.00067424774169922 -0.00905609130859375
-0.04327392578125 0.0120315551757813 -0.00958061218261719 0.0170984268188477
-0.0466690063476563 -0.00812911987304689 -0.0474815368652344 0.0151176452636719
-0.01275634765625 -0.0265293121337891 -0.0417098999023438 0.0202178955078125
-0.0216102600097656 -0.0155963897705078 -0.04254150390625 0.0285110473632813
-0.0233249664306641 -0.00191497802734375 -0.0171108245849609 0.0288105010986328
-0.0155105590820312 0.0155553817749023 -0.00510597229003907 0.0168437957763672
0.000364303588867188 0.0191402435302734 -0.00680780410766602 0.00257539749145508
0.0168609619140625 0.0133724212646484 -0.0163240432739258 0.00294113159179687
0.0206737518310547 0.00301361083984375 -0.0239448547363281 0.0134429931640625
0.0194072723388672 0.00128555297851562 -0.0268096923828125 0.0193595886230469
0.0227069854736328 -1.52587890625E-05 -0.0313510894775391 0.0191612243652344
0.0237827301025391 0.00435829162597656 -0.0346450805664063 0.00847053527832032
0.0185260772705078 0.0163345336914063 -0.032470703125 -0.002685546875
0.00703048706054687 0.0256099700927734 -0.0186443328857422 -0.0124988555908203
-0.0201835632324219 0.0201339721679688 -0.00487804412841797 -0.0102367401123047
-0.0349445343017578 0.00128746032714844 -0.0179786682128906 0.0143985748291016
-0.0324420928955078 -0.0181121826171875 -0.0577735900878906 0.00654983520507813
0.00228309631347656 0.0211753845214844 0.0560264587402344 -0.00393295288085937
0.0202808380126953 0.00504493713378906 0.0222854614257813 -0.00668144226074219
0.00915336608886719 -0.0111675262451172 0.00568103790283203 0.0107946395874023
-0.00125885009765625 -0.0123701095581055 0.0229606628417969 0.0199432373046875
-0.00751256942749024 -0.00864839553833008 0.0384368896484375 0.00592803955078125
-0.0129308700561523 -0.00257682800292969 0.0417671203613281 -0.0119438171386719
-0.00823402404785156 -0.00229072570800781 0.0361099243164063 -0.0239715576171875
-0.00647926330566406 -0.00320672988891602 0.0293254852294922 -0.0221042633056641
-0.00846147537231445 -0.00648260116577148 0.0260238647460937 -0.0147113800048828
-0.000705718994140625 -0.0110874176025391 0.0217266082763672 -0.00551795959472656
0.010289192199707 -0.00975704193115234 0.00982284545898438 -0.00315475463867188
0.0152692794799805 0.000594139099121094 0.00819015502929688 -0.0107908248901367
0.0116119384765625 0.0159702301025391 0.0205841064453125 -0.0235080718994141
0.00315475463867187 0.0265045166015625 0.0401077270507813 -0.023681640625
-0.0101566314697266 0.0281085968017578 0.0390281677246094 -0.00926589965820312
-0.0201168060302734 0.0228157043457031 0.0541648864746094 0.00626754760742188
0.0028696060180664 0.0170803070068359 0.0222434997558594 0.00192832946777344
0.00192499160766602 0.00404524803161621 0.00801658630371094 0.0162687301635742
0.00264763832092285 0.00271081924438477 0.0264110565185547 0.0234851837158203
0.00319933891296387 0.000540018081665039 0.040679931640625 0.008331298828125
0.00236225128173828 -0.0016176700592041 0.0438995361328125 -0.0120811462402344
0.00588893890380859 -0.00636625289916992 0.0374641418457031 -0.0233192443847656
0.00787496566772461 -0.0066828727722168 0.0294170379638672 -0.0210723876953125
0.00789928436279297 -0.0092477798461914 0.0252571105957031 -0.0131015777587891
0.0151815414428711 -0.00739002227783203 0.0211944580078125 -0.00356864929199219
0.0209484100341797 0.00242042541503906 0.00825309753417969 -0.0013890266418457
0.0180397033691406 0.0164852142333984 0.00552558898925781 -0.00818204879760742
0.000349044799804687 0.0289382934570313 0.0154762268066406 -0.0208225250244141
-0.0158805847167969 0.0341968536376953 0.0324382781982422 -0.0184726715087891
-0.0305328369140625 0.0301685333251953 0.0307636260986328 -0.00136375427246094
-0.0412368774414062 0.0204544067382813 0.0438766479492187 0.0166816711425781
-0.0177230834960937 0.0265140533447266 0.0165205001831055 0.013087272644043
-0.00840187072753906 0.0205287933349609 0.00744056701660156 0.0235462188720703
0.0057830810546875 0.0205898284912109 0.0273704528808594 0.0281867980957031
0.0143756866455078 0.0118303298950195 0.0393218994140625 0.0105056762695313
0.0185871124267578 0.00025177001953125 0.0415077209472656 -0.0102806091308594
0.0205192565917969 -0.00978660583496094 0.0341129302978516 -0.0195369720458984
0.0212516784667969 -0.00905990600585938 0.0247344970703125 -0.0165271759033203
0.0229015350341797 -0.0110092163085938 0.0202751159667969 -0.00905227661132813
0.0289058685302734 -0.004638671875 0.0161361694335938 -0.00163745880126953
0.0295829772949219 0.0116004943847656 0.00381803512573242 -0.00054645538330078
0.0206279754638672 0.0273399353027344 0.00188732147216797 -0.0069270133972168
-0.00743484497070312 0.0376625061035156 0.00984764099121094 -0.0183238983154297
-0.0299263000488281 0.0383453369140625 0.0241413116455078 -0.010345458984375
-0.0455093383789063 0.0287094116210937 0.0175256729125977 0.00686836242675781
-0.0562667846679688 0.0138206481933594 0.0266876220703125 0.0258159637451172
-0.0373420715332031 0.0300025939941406 0.00455474853515625 0.0245323181152344
-0.0201473236083984 0.0332775115966797 0.00337409973144531 0.0302333831787109
0.00555038452148437 0.036773681640625 0.0234050750732422 0.0319290161132813
0.0225334167480469 0.0230751037597656 0.0333099365234375 0.0128173828125
0.0320186614990234 0.0033111572265625 0.0335445404052734 -0.00715827941894531
0.0320835113525391 -0.0111560821533203 0.0259838104248047 -0.0128707885742188
0.0308666229248047 -0.00947380065917969 0.0164279937744141 -0.00959396362304688
0.0341567993164063 -0.0114002227783203 0.0111427307128906 -0.00310134887695313
0.0380821228027344 -0.00198745727539063 0.0071864128112793 0.00129270553588867
0.0345344543457031 0.0176544189453125 -0.00278139114379883 8.84532928466803E-05
0.0220317840576172 0.0346508026123047 -0.00248098373413086 -0.00594091415405273
-0.0124053955078125 0.0420684814453125 0.00607204437255859 -0.0150728225708008
-0.0387802124023437 0.0385398864746094 0.0151615142822266 -0.00116252899169922
-0.0541610717773438 0.024261474609375 0.00119972229003906 0.0132274627685547
-0.061553955078125 0.00334548950195312 0.00446891784667969 0.0309810638427734
-0.0502586364746094 0.0257072448730469 -0.0111408233642578 0.0325050354003906
-0.0314865112304688 0.0383110046386719 -0.00327682495117187 0.0349960327148438
0.00150299072265625 0.046630859375 0.0163326263427734 0.0326614379882813
0.0249824523925781 0.0313816070556641 0.0225906372070313 0.0130424499511719
0.0399971008300781 0.00733184814453125 0.0211448669433594 -0.00356864929199219
0.0386009216308594 -0.010284423828125 0.0132770538330078 -0.00438976287841797
0.0365486145019531 -0.00923919677734375 0.00499248504638672 -0.000438213348388672
0.0401382446289063 -0.0110816955566406 -4.76837158200575E-07 0.00422954559326172
0.042022705078125 -0.000152587890625 -0.00381946563720703 0.00438475608825684
0.03594970703125 0.0209732055664063 -0.0109729766845703 0.000554084777832033
0.0207252502441406 0.0374984741210938 -0.00606107711791992 -0.00712299346923828
-0.0169181823730469 0.0411643981933594 0.00391387939453125 -0.01153564453125
-0.0440902709960938 0.033447265625 0.00728464126586914 0.00787401199340821
-0.0576858520507813 0.0164070129394531 -0.0156593322753906 0.0181255340576172
-0.0547981262207031 -0.00814437866210937 -0.0164833068847656 0.0312480926513672
-0.0513572692871094 0.0145797729492188 -0.0270462036132813 0.0354385375976563
-0.0365486145019531 0.0313301086425781 -0.0110130310058594 0.0350685119628906
-0.00555038452148437 0.0454750061035156 0.00655174255371094 0.0289840698242188
0.0210247039794922 0.0337638854980469 0.0106592178344727 0.0109577178955078
0.0393142700195313 0.0107078552246094 0.00724935531616211 -8.48770141601556E-05
0.0385017395019531 -0.00718307495117188 -0.000269889831542967 0.0033574104309082
0.0351676940917969 -0.00697708129882813 -0.0069575309753418 0.00792741775512695
0.0392189025878906 -0.00854110717773438 -0.0118684768676758 0.0101146697998047
0.04083251953125 0.001556396484375 -0.015106201171875 0.00656604766845703
0.0335292816162109 0.0221118927001953 -0.0186481475830078 -0.000537872314453123
0.0172309875488281 0.03680419921875 -0.00982379913330078 -0.00802230834960937
-0.0200881958007813 0.0370864868164063 0.00148773193359375 -0.0096282958984375
-0.0451240539550781 0.0248947143554688 -0.00102806091308594 0.0137739181518555
-0.0543899536132812 0.00573348999023438 -0.0320091247558594 0.0179367065429687
-0.0369911193847656 -0.0180625915527344 -0.0335121154785156 0.0273857116699219
-0.0403671264648438 -0.000186920166015631 -0.038238525390625 0.0338020324707031
-0.0333633422851563 0.0172462463378906 -0.0157279968261719 0.0323200225830078
-0.0114860534667969 0.0337066650390625 -0.000644683837890628 0.0228042602539063
0.0126876831054688 0.0291919708251953 -0.000710964202880858 0.00738430023193359
0.0306644439697266 0.0124588012695313 -0.00724935531616211 0.00235509872436524
0.0319690704345703 -0.00319671630859375 -0.0138473510742188 0.00990581512451172
0.0289974212646484 -0.00386810302734375 -0.0175857543945312 0.0150947570800781
0.0331020355224609 -0.00509262084960938 -0.0222110748291016 0.0160751342773438
0.0343570709228516 0.00275802612304688 -0.0255279541015625 0.00858306884765625
0.0269145965576172 0.0198326110839844 -0.0261573791503906 -0.000850677490234372
0.0129642486572266 0.0330085754394531 -0.0144853591918945 -0.0104093551635742
-0.0211315155029297 0.0298576354980469 -0.00115013122558594 -0.00961971282958984
-0.04217529296875 0.0140190124511719 -0.00882816314697266 0.0165243148803711
-0.0461311340332031 -0.0060882568359375 -0.0459785461425781 0.0152091979980469
-0.0140037536621094 -0.0250320434570313 -0.0411148071289063 0.0208625793457031
-0.0224723815917969 -0.0143032073974609 -0.0415458679199219 0.0289878845214844
-0.0230827331542969 -0.000467300415039067 -0.0166721343994141 0.0280685424804688
-0.0143680572509766 0.0167903900146484 -0.00577259063720703 0.0163640975952148
0.00193405151367188 0.0190067291259766 -0.00754165649414063 0.00349855422973633
0.0177822113037109 0.0115032196044922 -0.0164861679077148 0.00415611267089844
0.0206317901611328 0.000947952270507812 -0.0228691101074219 0.0146408081054688
0.0191192626953125 -0.000436782836914063 -0.0255413055419922 0.0203838348388672
0.0223846435546875 -0.001739501953125 -0.0309524536132813 0.0197315216064453
0.0238857269287109 0.00304222106933594 -0.0342350006103516 0.00961303710937499
0.0192337036132813 0.0151901245117188 -0.0323505401611328 -0.00267219543457031
0.008087158203125 0.0244846343994141 -0.0188179016113281 -0.0126495361328125
-0.0187339782714844 0.0209522247314453 -0.00481319427490234 -0.0101308822631836
-0.0336818695068359 0.00282669067382813 -0.0168476104736328 0.0142908096313477
-0.0318565368652344 -0.0162849426269531 -0.0563468933105469 0.00702285766601563
0.00258255004882813 0.0202217102050781 0.0564994812011719 -0.00393295288085937
0.0194168090820312 0.00451278686523437 0.0219821929931641 -0.00728034973144531
0.0092315673828125 -0.0111551284790039 0.00567245483398438 0.0110359191894531
-0.00172328948974609 -0.0117578506469727 0.0232830047607422 0.0200386047363281
-0.0078282356262207 -0.00838518142700195 0.0396652221679688 0.00592422485351562
-0.012629508972168 -0.0019369125366211 0.0431480407714844 -0.0129280090332031
-0.00839948654174805 -0.00157642364501953 0.0363044738769531 -0.0254783630371094
-0.00601530075073242 -0.00320720672607422 0.0290737152099609 -0.0234279632568359
-0.00835514068603516 -0.00588274002075195 0.0257682800292969 -0.0161418914794922
-0.00138759613037109 -0.0108480453491211 0.0219459533691406 -0.00726509094238281
0.00977802276611328 -0.00957489013671875 0.0110931396484375 -0.00438594818115234
0.0145883560180664 0.000345230102539062 0.00928115844726563 -0.0113868713378906
0.0120229721069336 0.0151252746582031 0.0217723846435547 -0.0230922698974609
0.00384712219238281 0.0260353088378906 0.0406608581542969 -0.0242843627929688
-0.00913810729980469 0.0274200439453125 0.0406303405761719 -0.0109329223632813
-0.0204639434814453 0.0233211517333984 0.0546607971191406 0.00621414184570313
0.00256729125976562 0.0172481536865234 0.0221462249755859 0.00171279907226563
0.00177812576293945 0.00488567352294922 0.00734043121337891 0.0166959762573242
0.00262188911437988 0.00363612174987793 0.0266571044921875 0.0241813659667969
0.00337052345275879 0.00090336799621582 0.0416908264160156 0.008056640625
0.00289011001586914 -0.00148916244506836 0.044281005859375 -0.0129470825195313
0.00703811645507812 -0.00662803649902344 0.0378761291503906 -0.0246047973632813
0.00820684432983398 -0.00684070587158203 0.0292549133300781 -0.0223617553710938
0.00799083709716797 -0.00933074951171875 0.0251560211181641 -0.0145664215087891
0.0151987075805664 -0.00759220123291015 0.0221366882324219 -0.00571060180664063
0.0207195281982422 0.00197792053222656 0.00928306579589844 -0.0028228759765625
0.0181312561035156 0.0159187316894531 0.00679492950439453 -0.00907039642333984
0.000789642333984375 0.0288314819335938 0.0164012908935547 -0.0212593078613281
-0.0155658721923828 0.0345020294189453 0.0334625244140625 -0.0191307067871094
-0.0300884246826172 0.0303287506103516 0.0325660705566406 -0.00258064270019531
-0.0420951843261719 0.0213966369628906 0.0449562072753906 0.015960693359375
-0.0183238983154297 0.0269889831542969 0.01611328125 0.012507438659668
-0.00871086120605469 0.0220413208007812 0.00671768188476562 0.023834228515625
0.00629615783691406 0.0214900970458984 0.0277729034423828 0.0284004211425781
0.015263557434082 0.0126018524169922 0.0399017333984375 0.0104827880859375
0.0197181701660156 1.9073486328125E-05 0.042022705078125 -0.0112037658691406
0.0212898254394531 -0.0101528167724609 0.0342960357666016 -0.0210113525390625
0.0215320587158203 -0.00992965698242188 0.0244350433349609 -0.0178451538085937
0.0238914489746094 -0.0115451812744141 0.0196704864501953 -0.0105991363525391
0.0293941497802734 -0.00477790832519531 0.0162868499755859 -0.00319862365722656
0.0302371978759766 0.0113277435302734 0.00418400764465332 -0.00142741203308105
0.0215511322021484 0.027862548828125 0.00306367874145508 -0.00773477554321289
-0.00744247436523438 0.0386466979980469 0.0108776092529297 -0.0183811187744141
-0.0303688049316406 0.039947509765625 0.0248317718505859 -0.0116920471191406
-0.0456581115722656 0.0297355651855469 0.0193061828613281 0.00557899475097656
-0.0573005676269531 0.0149688720703125 0.0274734497070312 0.0255966186523437
-0.0377960205078125 0.0314407348632813 0.00464820861816406 0.0234813690185547
-0.0206336975097656 0.0353813171386719 0.00292396545410156 0.0303668975830078
0.00656509399414062 0.0373077392578125 0.0235404968261719 0.0320491790771484
0.023590087890625 0.0230579376220703 0.0337810516357422 0.0126686096191406
0.0329170227050781 0.00279426574707031 0.0337772369384766 -0.00748443603515625
0.0329647064208984 -0.0121593475341797 0.0261459350585938 -0.0138874053955078
0.0316295623779297 -0.0110397338867188 0.0160713195800781 -0.0107145309448242
0.0349025726318359 -0.0128192901611328 0.0107488632202148 -0.00412464141845703
0.0391578674316406 -0.003143310546875 0.00732469558715821 -0.000266075134277344
0.0358924865722656 0.0172004699707031 -0.00260591506958008 -0.00125479698181152
0.0235328674316406 0.034820556640625 -0.00105953216552734 -0.00728511810302734
-0.0123634338378906 0.0433273315429688 0.00682258605957031 -0.0154247283935547
-0.0393714904785156 0.0402946472167969 0.0158901214599609 -0.00223827362060547
-0.0545921325683594 0.0257415771484375 0.00305557250976562 0.0118560791015625
-0.0632972717285156 0.00508880615234374 0.00487518310546874 0.0309715270996094
-0.0507774353027344 0.0273208618164062 -0.0116348266601563 0.0318527221679688
-0.0317306518554688 0.0404243469238281 -0.00433349609375 0.0349159240722656
0.0024871826171875 0.047576904296875 0.0159568786621094 0.0326347351074219
0.0266208648681641 0.0320186614990234 0.0227489471435547 0.0130424499511719
0.0410079956054688 0.00669097900390625 0.0208568572998047 -0.00339889526367188
0.0393905639648438 -0.0117073059082031 0.0136728286743164 -0.00469970703125
0.0369987487792969 -0.0104904174804688 0.00475263595581055 -0.00121688842773438
0.0405235290527344 -0.0124549865722656 -0.000833272933959959 0.00356125831604004
0.0432586669921875 -0.00154876708984375 -0.00391745567321777 0.00305342674255371
0.0378189086914063 0.0207710266113281 -0.0109653472900391 -0.00057411193847656
0.0221900939941406 0.0379714965820313 -0.00577831268310547 -0.00766515731811523
-0.0166053771972656 0.0431251525878906 0.00412654876708984 -0.0124454498291016
-0.0444145202636719 0.0359954833984375 0.00769567489624023 0.00697946548461914
-0.0581016540527344 0.0177345275878906 -0.0152082443237305 0.0171308517456055
-0.0564117431640625 -0.00663757324218751 -0.0168781280517578 0.0314788818359375
-0.0521316528320313 0.0159378051757812 -0.0274715423583984 0.0351123809814453
-0.0373191833496094 0.0337791442871094 -0.0115165710449219 0.0352783203125
-0.00422286987304688 0.0469322204589844 0.00668907165527344 0.0296249389648438
0.0228061676025391 0.0344715118408203 0.010289192199707 0.0113687515258789
0.0405426025390625 0.0100173950195313 0.00637006759643555 0.000364780426025391
0.0390052795410156 -0.00876998901367188 -0.000562429428100584 0.00356507301330566
0.03594970703125 -0.00848770141601563 -0.00683879852294921 0.00786733627319336
0.0401382446289062 -0.0102882385253906 -0.0125246047973633 0.009918212890625
0.0420379638671875 -4.57763671875E-05 -0.0157279968261719 0.00604820251464843
0.0348644256591797 0.0212478637695313 -0.0188426971435547 -0.000995635986328125
0.0190811157226563 0.0369606018066406 -0.0103693008422852 -0.00900077819824219
-0.0197372436523438 0.0390777587890625 0.00178432464599609 -0.0103530883789062
-0.04541015625 0.0272979736328125 -0.000521659851074221 0.0130319595336914
-0.0552635192871094 0.00696182250976562 -0.0313396453857422 0.0174655914306641
-0.0387802124023438 -0.0172119140625 -0.0344047546386719 0.0280132293701172
-0.0414314270019531 0.00140380859374999 -0.0385818481445313 0.03387451171875
-0.0336589813232422 0.0192775726318359 -0.0159969329833984 0.0321369171142578
-0.0098419189453125 0.0353050231933594 -0.00150299072265625 0.023193359375
0.0142097473144531 0.0289440155029297 -0.00133466720581055 0.00748300552368164
0.0317497253417969 0.0115032196044922 -0.00756692886352539 0.00274324417114258
0.0324249267578125 -0.00417137145996094 -0.0132665634155273 0.0110673904418945
0.0298652648925781 -0.00503158569335938 -0.0177593231201172 0.0161762237548828
0.0336647033691406 -0.00681495666503906 -0.0228099822998047 0.0168037414550781
0.0351715087890625 0.00122833251953125 -0.0267162322998047 0.00869941711425781
0.0290679931640625 0.0188922882080078 -0.0270938873291016 -0.00160026550292968
0.0145454406738281 0.03192138671875 -0.014801025390625 -0.0112295150756836
-0.0206813812255859 0.0312519073486328 -0.000889778137207033 -0.0099191665649414
-0.0425186157226562 0.01593017578125 -0.00851440429687501 0.0162458419799805
-0.0466156005859375 -0.00448608398437501 -0.0463371276855469 0.0142745971679687
-0.0152568817138672 -0.0255012512207031 -0.0417976379394531 0.0218925476074219
-0.0231361389160156 -0.0131168365478516 -0.0418853759765625 0.0294113159179688
-0.0239143371582031 0.000732421874999997 -0.0174026489257813 0.0276947021484375
-0.0133094787597656 0.0177288055419922 -0.00607490539550782 0.0170183181762695
0.00337409973144531 0.0190887451171875 -0.00795316696166992 0.00406503677368164
0.0182628631591797 0.0111236572265625 -0.0173864364624023 0.00501060485839844
0.0207881927490234 0.000331878662109375 -0.0229377746582031 0.0154743194580078
0.0197849273681641 -0.00156021118164062 -0.0253543853759766 0.0211925506591797
0.0227832794189453 -0.00288772583007813 -0.0309009552001953 0.0207614898681641
0.0245323181152344 0.00186920166015625 -0.0355606079101563 0.00985336303710937
0.0202827453613281 0.0143470764160156 -0.0331859588623047 -0.00255775451660156
0.00928115844726562 0.0241489410400391 -0.0191059112548828 -0.0132331848144531
-0.0183334350585938 0.0215244293212891 -0.00432491302490235 -0.0110044479370117
-0.0339374542236328 0.00457763671874999 -0.0164690017700195 0.0146493911743164
-0.0323467254638672 -0.015289306640625 -0.057159423828125 0.00693893432617188
0.00295829772949219 0.0207691192626953 0.0586318969726563 -0.00489425659179687
0.0197849273681641 0.00415992736816406 0.0219631195068359 -0.00791168212890625
0.00856494903564453 -0.011631965637207 0.00549793243408203 0.0117387771606445
-0.00260162353515625 -0.0122365951538086 0.02471923828125 0.0208606719970703
-0.0083770751953125 -0.00778484344482422 0.0411796569824219 0.00506591796875
-0.0129165649414062 -0.000871658325195313 0.0447998046875 -0.0153427124023437
-0.00809097290039063 -0.00109767913818359 0.0376930236816406 -0.027740478515625
-0.00638103485107422 -0.00315427780151367 0.0294990539550781 -0.0261154174804687
-0.00813722610473633 -0.0051722526550293 0.0259132385253906 -0.0178623199462891
-0.00182533264160156 -0.0104770660400391 0.023223876953125 -0.00926589965820313
0.00885391235351563 -0.00990772247314453 0.0123863220214844 -0.00557231903076172
0.014988899230957 -3.814697265625E-05 0.0104923248291016 -0.0119228363037109
0.0126771926879883 0.015228271484375 0.0227718353271484 -0.0240840911865234
0.00472068786621094 0.0265579223632813 0.0426750183105469 -0.0261039733886719
-0.00830841064453125 0.0281524658203125 0.0435905456542969 -0.0126419067382813
-0.0206584930419922 0.0242443084716797 0.0569496154785156 0.0055694580078125
0.00220489501953125 0.0178184509277344 0.0220870971679687 0.000953674316406251
0.00159549713134766 0.0057673454284668 0.00742721557617188 0.0173273086547852
0.00287151336669922 0.00406050682067871 0.0280799865722656 0.0248928070068359
0.00412559509277344 0.00113177299499512 0.0434150695800781 0.00740432739257813
0.00356173515319824 -0.000936746597290039 0.0462074279785156 -0.0148277282714844
0.00710916519165039 -0.00731229782104492 0.0387458801269531 -0.0272064208984375
0.00883960723876953 -0.00741481781005859 0.0293464660644531 -0.0247879028320313
0.00914382934570313 -0.00926494598388672 0.0256671905517578 -0.0169525146484375
0.0161752700805664 -0.00789546966552734 0.0226211547851563 -0.00786781311035156
0.0215835571289062 0.00170516967773438 0.0107631683349609 -0.00432777404785156
0.0186138153076172 0.0163478851318359 0.00827693939208985 -0.0096750259399414
0.000877380371093747 0.0298309326171875 0.0174274444580078 -0.0218219757080078
-0.0156707763671875 0.0357589721679687 0.0347576141357422 -0.0206336975097656
-0.0305347442626953 0.0314598083496094 0.0350761413574219 -0.00430107116699219
-0.0437850952148438 0.0237274169921875 0.0465278625488281 0.0158615112304688
-0.0187644958496094 0.0290279388427734 0.0163354873657227 0.0123319625854492
-0.00887680053710938 0.0243206024169922 0.00697517395019531 0.0242938995361328
0.0071868896484375 0.0223846435546875 0.0291233062744141 0.0292167663574219
0.0166120529174805 0.0126590728759766 0.0416450500488281 0.0100746154785156
0.0207424163818359 -1.1444091796875E-05 0.0431709289550781 -0.0125579833984375
0.0220317840576172 -0.0117111206054687 0.0348033905029297 -0.0230617523193359
0.0225009918212891 -0.0113391876220703 0.0245437622070313 -0.0199375152587891
0.0248432159423828 -0.0130329132080078 0.0197124481201172 -0.0122451782226563
0.0307826995849609 -0.0058746337890625 0.0169057846069336 -0.00546360015869141
0.032135009765625 0.0111579895019531 0.00519180297851563 -0.00325155258178711
0.0231952667236328 0.0284004211425781 0.00387096405029297 -0.00856542587280273
-0.00664901733398438 0.0406646728515625 0.0116291046142578 -0.0195217132568359
-0.0307502746582031 0.0420303344726563 0.0257396697998047 -0.0129623413085937
-0.0465354919433594 0.0314140319824219 0.0212497711181641 0.00398445129394532
-0.0599174499511719 0.0173606872558594 0.0288829803466797 0.0256748199462891
-0.0387191772460938 0.0337944030761719 0.00449752807617187 0.0235118865966797
-0.0212211608886719 0.0384902954101563 0.00254440307617187 0.0312156677246094
0.00809860229492187 0.0396080017089844 0.0247669219970703 0.032745361328125
0.0260524749755859 0.0240459442138672 0.0348472595214844 0.0127620697021484
0.0349578857421875 0.00218582153320313 0.0347232818603516 -0.00858306884765625
0.0339145660400391 -0.0140094757080078 0.0265216827392578 -0.0152912139892578
0.0329952239990234 -0.0132980346679688 0.0158329010009766 -0.0118770599365234
0.0366134643554688 -0.0148353576660156 0.0100078582763672 -0.00534439086914063
0.0410346984863281 -0.00466537475585938 0.00751304626464844 -0.00176048278808594
0.0386695861816406 0.016937255859375 -0.00261330604553222 -0.00239086151123047
0.0255165100097656 0.0360298156738281 -0.000838279724121092 -0.00827884674072265
-0.011444091796875 0.0462875366210938 0.00753879547119141 -0.0162200927734375
-0.0398521423339844 0.0437431335449219 0.0168771743774414 -0.00356960296630859
-0.0561141967773438 0.0279312133789063 0.00417232513427734 0.0110254287719727
-0.0664634704589844 0.00720977783203126 0.00558280944824218 0.0315437316894531
-0.0526466369628906 0.0301780700683594 -0.0116539001464844 0.0325069427490234
-0.0323066711425781 0.0441246032714844 -0.0044097900390625 0.0361061096191406
0.00441360473632812 0.0499114990234375 0.0169334411621094 0.0336151123046875
0.0293102264404297 0.0326004028320313 0.0233287811279297 0.0134944915771484
0.0429763793945313 0.005584716796875 0.0212669372558594 -0.00376510620117187
0.0408515930175781 -0.0138282775878906 0.0132608413696289 -0.00551319122314453
0.038177490234375 -0.0131378173828125 0.00459480285644532 -0.0017399787902832
0.0423240661621094 -0.0149040222167969 -0.00104475021362304 0.00301623344421387
0.0454292297363281 -0.00361251831054687 -0.00420498847961426 0.00282549858093262
0.0403099060058594 0.0203704833984375 -0.0117063522338867 -0.00127506256103515
0.0253868103027344 0.0387344360351562 -0.00582695007324219 -0.00901603698730468
-0.0160751342773437 0.0469017028808594 0.00424003601074219 -0.0131216049194336
-0.045135498046875 0.0396270751953125 0.00885391235351562 0.00627422332763672
-0.0601692199707031 0.0202674865722656 -0.0142602920532227 0.0164852142333984
-0.0594100952148438 -0.00482940673828125 -0.0168914794921875 0.0328311920166016
-0.0544509887695313 0.0186309814453125 -0.0276222229003906 0.0361289978027344
-0.0381431579589844 0.0374412536621094 -0.0118637084960938 0.0363960266113281
-0.00255584716796875 0.0492401123046875 0.00644874572753906 0.03021240234375
0.025543212890625 0.0352935791015625 0.009918212890625 0.0122432708740234
0.0426101684570313 0.00893783569335938 0.00627183914184571 0.000764846801757813
0.0405158996582031 -0.0108108520507812 -0.000171661376953123 0.00364971160888672
0.0375938415527344 -0.0110282897949219 -0.00718307495117187 0.00799369812011719
0.0417938232421875 -0.0126152038574219 -0.013148307800293 0.0108175277709961
0.043731689453125 -0.00220870971679688 -0.0163354873657227 0.00592422485351563
0.0377960205078125 0.0207328796386719 -0.0201358795166016 -0.00151443481445312
0.0216751098632813 0.0380973815917969 -0.0106334686279297 -0.0100574493408203
-0.0193443298339844 0.0418472290039062 0.0017242431640625 -0.0111293792724609
-0.0462112426757813 0.0305824279785156 0.000406265258789061 0.0131111145019531
-0.0573348999023438 0.00957870483398437 -0.0316925048828125 0.0175914764404297
-0.0410003662109375 -0.0159111022949219 -0.0349693298339844 0.0293998718261719
-0.0431251525878906 0.00286483764648438 -0.0393943786621094 0.0352783203125
-0.0349407196044922 0.0215816497802734 -0.0166683197021484 0.0333480834960938
-0.00914764404296875 0.0377044677734375 -0.00197410583496094 0.0241851806640625
0.0160579681396484 0.0299930572509766 -0.00150728225708008 0.00864028930664063
0.0342693328857422 0.0103969573974609 -0.00845861434936523 0.00434017181396484
0.0335674285888672 -0.00635337829589844 -0.0133810043334961 0.0118618011474609
0.0311698913574219 -0.00695610046386719 -0.0179080963134766 0.0168781280517578
0.0348720550537109 -0.00895309448242188 -0.0236625671386719 0.0181732177734375
0.0369300842285156 -0.000701904296875 -0.0278472900390625 0.00960731506347656
0.0310535430908203 0.0187034606933594 -0.0286140441894531 -0.00150871276855468
0.0166645050048828 0.033416748046875 -0.0154829025268555 -0.011958122253418
-0.0205287933349609 0.0336170196533203 -0.00122928619384766 -0.0107326507568359
-0.0434455871582031 0.01873779296875 -0.00766372680664063 0.0167665481567383
-0.0480575561523438 -0.00305175781249999 -0.0474967956542969 0.0153999328613281
-0.0170726776123047 -0.0249881744384766 -0.0435676574707031 0.0236358642578125
-0.0248298645019531 -0.0122051239013672 -0.0432853698730469 0.03118896484375
-0.0246410369873047 0.00239372253417968 -0.0180339813232422 0.028778076171875
-0.0127983093261719 0.0190906524658203 -0.00736618041992188 0.0175914764404297
0.00493621826171875 0.0194435119628906 -0.00916194915771484 0.00553512573242188
0.0197181701660156 0.00994491577148437 -0.0179710388183594 0.00678443908691406
0.0214138031005859 -0.00130081176757812 -0.0229740142822266 0.016845703125
0.0203437805175781 -0.00260162353515625 -0.0254001617431641 0.0229301452636719
0.0234909057617187 -0.00458335876464844 -0.0319309234619141 0.0228595733642578
0.0257186889648438 0.000688552856445312 -0.0370674133300781 0.0107650756835937
0.0216464996337891 0.0139389038085938 -0.0351448059082031 -0.00201988220214844
0.0107173919677734 0.0248222351074219 -0.0204086303710938 -0.0139598846435547
-0.0184669494628906 0.0231380462646484 -0.00486183166503907 -0.0114231109619141
-0.0345668792724609 0.00620841979980469 -0.0162744522094727 0.0151052474975586
-0.0335044860839844 -0.0141983032226563 -0.05914306640625 0.00856781005859375
0.004241943359375 0.0211048126220703 0.0616302490234375 -0.00726318359375
0.020294189453125 0.00335121154785156 0.0222091674804688 -0.00911712646484375
0.00823593139648438 -0.0120296478271484 0.0061798095703125 0.0122013092041016
-0.00295829772949219 -0.0121450424194336 0.0268764495849609 0.0211906433105469
-0.00914669036865234 -0.00734138488769531 0.0435028076171875 0.00321197509765625
-0.0129070281982422 0.000699043273925781 0.0462150573730469 -0.0187644958496094
-0.00826263427734375 -0.000425815582275392 0.0377388000488281 -0.0313644409179688
-0.00653362274169922 -0.0025334358215332 0.0291728973388672 -0.0291881561279297
-0.00843620300292969 -0.00451135635375977 0.0264739990234375 -0.0210552215576172
-0.00210380554199219 -0.0100622177124023 0.0235252380371094 -0.0120868682861328
0.008453369140625 -0.0107107162475586 0.0136814117431641 -0.00747489929199219
0.0152902603149414 -0.00117301940917969 0.0115671157836914 -0.0135250091552734
0.0138578414916992 0.0146293640136719 0.0231781005859375 -0.0259361267089844
0.00589561462402344 0.0267162322998047 0.0431632995605469 -0.0291175842285156
-0.00741195678710937 0.0291328430175781 0.0459785461425781 -0.0159873962402344
-0.0206832885742187 0.0263824462890625 0.0599708557128906 0.003204345703125
0.00274085998535156 0.0191993713378906 0.0226993560791016 -0.000537872314453124
0.00194644927978516 0.00663518905639649 0.00835609436035156 0.0180282592773438
0.00343799591064453 0.00458288192749023 0.0302314758300781 0.0250072479248047
0.00447750091552734 0.00172567367553711 0.0454330444335938 0.00557708740234375
0.00412058830261231 -0.000853300094604492 0.0477790832519531 -0.0183677673339844
0.00747489929199219 -0.007720947265625 0.0388870239257812 -0.031036376953125
0.00879096984863281 -0.00884819030761719 0.028778076171875 -0.0281867980957031
0.00960254669189453 -0.0104589462280273 0.0253963470458984 -0.0201568603515625
0.0164937973022461 -0.00851249694824219 0.0232028961181641 -0.0108394622802734
0.0222263336181641 0.00108146667480469 0.0114984512329102 -0.00641727447509765
0.0203227996826172 0.0160427093505859 0.00898551940917969 -0.0113134384155273
0.00260543823242188 0.0311965942382812 0.0177669525146484 -0.0234813690185547
-0.014495849609375 0.0380706787109375 0.0355339050292969 -0.0236473083496094
-0.0300960540771484 0.0339508056640625 0.0376319885253906 -0.00770187377929687
-0.0444755554199219 0.0269393920898438 0.0495681762695313 0.0143890380859375
-0.0188789367675781 0.0314140319824219 0.0171079635620117 0.01129150390625
-0.00821495056152344 0.0263462066650391 0.00738143920898437 0.025299072265625
0.00929641723632813 0.0237312316894531 0.0311508178710938 0.0289764404296875
0.0181941986083984 0.0125503540039063 0.0436935424804687 0.0083770751953125
0.0217876434326172 -0.00102806091308594 0.0445938110351563 -0.0156059265136719
0.0226688385009766 -0.0138111114501953 0.0349521636962891 -0.0266189575195313
0.0231876373291016 -0.0136871337890625 0.0239295959472656 -0.0229282379150391
0.0255756378173828 -0.0152091979980469 0.0191001892089844 -0.0144748687744141
0.0322799682617188 -0.00761222839355469 0.017125129699707 -0.00814151763916016
0.0340557098388672 0.00979232788085938 0.00562572479248047 -0.00493478775024414
0.0258121490478516 0.0282478332519531 0.00412845611572266 -0.010218620300293
-0.00494766235351563 0.0430984497070312 0.0118770599365234 -0.0208683013916016
-0.0300445556640625 0.04595947265625 0.0265541076660156 -0.0150394439697266
-0.0472946166992188 0.0351676940917969 0.0234966278076172 0.00172996520996094
-0.0619316101074219 0.02197265625 0.0313148498535156 0.0250835418701172
-0.0394630432128906 0.0379371643066406 0.00529670715332031 0.0234470367431641
-0.02032470703125 0.0425224304199219 0.00341033935546875 0.0321006774902344
0.0106925964355469 0.0412673950195313 0.0271186828613281 0.0331382751464844
0.0287895202636719 0.0236358642578125 0.0366859436035156 0.0116615295410156
0.0369300842285156 0.000286102294921875 0.0355949401855469 -0.0100746154785156
0.0347366333007813 -0.0173625946044922 0.0263442993164062 -0.0176258087158203
0.0335674285888672 -0.0162563323974609 0.0155172348022461 -0.0136651992797852
0.0374107360839844 -0.0183029174804688 0.00973892211914063 -0.00673484802246094
0.0426177978515625 -0.00790786743164063 0.00725126266479493 -0.00369977951049805
0.0418052673339844 0.0151481628417969 -0.00269865989685058 -0.00350594520568848
0.0290985107421875 0.0363235473632812 -0.000814437866210937 -0.00963687896728515
-0.00957870483398438 0.0497169494628906 0.00707626342773438 -0.0175933837890625
-0.0397720336914063 0.0485267639160156 0.0180034637451172 -0.00511741638183593
-0.0574607849121094 0.0322303771972656 0.00599861145019531 0.0101432800292969
-0.0691490173339844 0.0119209289550781 0.00741577148437499 0.0325679779052734
-0.0538825988769531 0.0351982116699219 -0.0114364624023438 0.033538818359375
-0.0316123962402344 0.0490951538085938 -0.00374984741210938 0.0374031066894531
0.00770568847656251 0.0528640747070313 0.0180644989013672 0.0343837738037109
0.0330619812011719 0.0322914123535156 0.0246219635009766 0.0133228302001953
0.0458755493164063 0.00328826904296875 0.0216350555419922 -0.00427055358886719
0.0417747497558594 -0.0172195434570313 0.0138940811157227 -0.00676631927490234
0.0392303466796875 -0.0162353515625 0.00481367111206055 -0.00253915786743164
0.043670654296875 -0.0187263488769531 -0.00178670883178711 0.00271844863891601
0.0474433898925781 -0.00711441040039063 -0.00476455688476562 0.00199174880981445
0.0438461303710937 0.0184898376464844 -0.0120401382446289 -0.00196361541748047
0.0290870666503906 0.0390167236328125 -0.00626659393310547 -0.0101585388183594
-0.0144691467285156 0.0501213073730469 0.00408172607421875 -0.0142946243286133
-0.0449752807617188 0.0445022583007813 0.00975704193115234 0.00564098358154297
-0.0618553161621094 0.0247650146484375 -0.0132713317871094 0.0165557861328125
-0.062713623046875 -0.000854492187499992 -0.0164241790771484 0.0348758697509766
-0.0560111999511719 0.0230216979980469 -0.0278816223144531 0.0384101867675781
-0.0380020141601562 0.0423736572265625 -0.0114402770996094 0.0378265380859375
0.000602722167968749 0.0524330139160156 0.00743293762207031 0.0309028625488281
0.0292282104492188 0.0352401733398438 0.0104761123657227 0.0128154754638672
0.0457191467285156 0.00688934326171875 0.00596141815185547 0.00142097473144531
0.0419044494628906 -0.0146865844726563 -0.000191926956176755 0.00387334823608398
0.038818359375 -0.0145492553710938 -0.00676250457763672 0.00871467590332031
0.0428199768066406 -0.0164833068847656 -0.0137796401977539 0.0116443634033203
0.0457191467285156 -0.00566864013671875 -0.0174036026000977 0.00678253173828125
0.0410957336425781 0.0192985534667969 -0.0215377807617187 -0.00129508972167969
0.0257377624511719 0.0384101867675781 -0.0117635726928711 -0.0105714797973633
-0.0175094604492188 0.0455360412597656 0.00119209289550781 -0.0118694305419922
-0.0466995239257813 0.0356330871582031 0.00104141235351562 0.0126590728759766
-0.0589103698730469 0.0133056640625 -0.0315227508544922 0.0190048217773438
-0.0439987182617188 -0.0136222839355469 -0.0352363586425781 0.0324134826660156
-0.0453033447265625 0.0060577392578125 -0.0400047302246094 0.0377006530761719
-0.0354423522949219 0.0257759094238281 -0.0165138244628906 0.0351448059082031
-0.00629043579101563 0.0398674011230469 -0.00128936767578125 0.0250396728515625
0.0194683074951172 0.0302658081054687 -0.00212669372558594 0.00977230072021484
0.0365142822265625 0.00835037231445313 -0.00873136520385742 0.0060429573059082
0.0346775054931641 -0.00942420959472656 -0.0133075714111328 0.0132360458374023
0.0318603515625 -0.00989913940429688 -0.0172748565673828 0.0186901092529297
0.035858154296875 -0.0124359130859375 -0.0240936279296875 0.0205612182617188
0.0383033752441406 -0.00341415405273438 -0.0289459228515625 0.0112686157226562
0.0337409973144531 0.0174388885498047 -0.0303592681884766 -0.000205993652343747
0.0195693969726563 0.0333747863769531 -0.0171432495117188 -0.011784553527832
-0.0193099975585937 0.0370903015136719 -0.00152492523193359 -0.0114822387695312
-0.0438652038574219 0.0230331420898438 -0.00689506530761719 0.0171375274658203
-0.0502700805664062 1.14440917968657E-05 -0.0484733581542969 0.0171928405761719
-0.0191268920898438 -0.0246963500976563 -0.04473876953125 0.02703857421875
-0.0264072418212891 -0.0112380981445313 -0.0441932678222656 0.0340957641601562
-0.0257930755615234 0.00489234924316406 -0.0180263519287109 0.0298385620117187
-0.0116729736328125 0.0208988189697266 -0.00741195678710938 0.0187873840332031
0.00662803649902344 0.0196475982666016 -0.0100030899047852 0.00672245025634766
0.0212879180908203 0.00888824462890625 -0.0187549591064453 0.00906753540039062
0.0218334197998047 -0.003143310546875 -0.0225887298583984 0.0194892883300781
0.0209236145019531 -0.00484657287597656 -0.024810791015625 0.0255126953125
0.0243740081787109 -0.00608253479003906 -0.0322227478027344 0.0256633758544922
0.0260734558105469 -0.00145149230957031 -0.0382652282714844 0.0133590698242188
0.0235424041748047 0.0130462646484375 -0.0370864868164062 -0.000843048095703128
0.0128307342529297 0.0249080657958984 -0.0220584869384766 -0.0137367248535156
-0.0178279876708984 0.0251007080078125 -0.00531578063964844 -0.0119895935058594
-0.0352058410644531 0.00875091552734374 -0.0156726837158203 0.0160799026489258
-0.0350723266601563 -0.0126056671142578 -0.0609130859375 0.0107040405273438
0.00565719604492187 0.0207004547119141 0.0627059936523438 -0.0114212036132812
0.0203361511230469 0.00218963623046875 0.0217933654785156 -0.0102577209472656
0.00769615173339844 -0.0126094818115234 0.00658988952636719 0.0128488540649414
-0.00429534912109375 -0.0119304656982422 0.0288524627685547 0.0198040008544922
-0.0104761123657227 -0.0065155029296875 0.0444374084472656 0.000335693359375
-0.0125350952148438 0.00174999237060547 0.0458946228027344 -0.0231094360351563
-0.00812101364135742 0.000216007232666014 0.0359992980957031 -0.0351982116699219
-0.00667810440063476 -0.00203371047973633 0.0270671844482422 -0.0318508148193359
-0.0082855224609375 -0.0034952163696289 0.0248012542724609 -0.0244674682617188
-0.00289535522460938 -0.00962257385253906 0.0228939056396484 -0.0152721405029297
0.00731658935546875 -0.0109663009643555 0.0139331817626953 -0.00966930389404297
0.0148468017578125 -0.002197265625 0.0120029449462891 -0.0150890350341797
0.0150394439697266 0.0137395858764648 0.0225162506103516 -0.0272941589355469
0.00773239135742188 0.0263423919677734 0.0424079895019531 -0.0327110290527344
-0.00532913208007813 0.0294513702392578 0.0467109680175781 -0.02008056640625
-0.0195636749267578 0.0284385681152344 0.0620346069335937 -0.000202178955078123
0.00374984741210937 0.0197563171386719 0.0223827362060547 -0.00177955627441406
0.00213336944580078 0.00756072998046875 0.00897407531738281 0.0179290771484375
0.00403308868408203 0.00505733489990234 0.0323753356933594 0.0236587524414063
0.00438022613525391 0.00170421600341797 0.0465354919433594 0.00224685668945313
0.00468063354492187 -0.00108051300048828 0.0473213195800781 -0.0223045349121094
0.00699853897094727 -0.00819730758666992 0.0369033813476563 -0.0347785949707031
0.00813770294189453 -0.00959014892578125 0.0267658233642578 -0.0312690734863281
0.00928306579589844 -0.0111169815063477 0.0237636566162109 -0.0228099822998047
0.0161495208740234 -0.0100421905517578 0.0225410461425781 -0.0141239166259766
0.0226459503173828 -0.00041961669921875 0.0115747451782227 -0.00849819183349609
0.0216388702392578 0.0145473480224609 0.009246826171875 -0.0126276016235352
0.00460052490234375 0.0316638946533203 0.0169544219970703 -0.0249290466308594
-0.0122871398925781 0.039886474609375 0.0353126525878906 -0.026519775390625
-0.0281524658203125 0.036102294921875 0.0390090942382813 -0.0116081237792969
-0.0440750122070313 0.0309028625488281 0.0520248413085937 0.0115013122558594
-0.0174713134765625 0.0342521667480469 0.0173063278198242 0.00980567932128906
-0.00663185119628907 0.0286998748779297 0.00903892517089844 0.0252723693847656
0.0114803314208984 0.0239620208740234 0.0332679748535156 0.0277271270751953
0.0199928283691406 0.0114154815673828 0.0448722839355469 0.00597381591796875
0.0229625701904297 -0.00259017944335938 0.0436897277832031 -0.0186080932617188
0.0224933624267578 -0.01593017578125 0.0330848693847656 -0.0294704437255859
0.0225086212158203 -0.0161113739013672 0.0222377777099609 -0.0259475708007813
0.0254745483398438 -0.0176715850830078 0.0181808471679688 -0.0172462463378906
0.0325965881347656 -0.0105533599853516 0.0167140960693359 -0.0107278823852539
0.0357131958007813 0.00753402709960938 0.00561332702636719 -0.00716304779052734
0.0286197662353516 0.0272941589355469 0.00481128692626953 -0.0118608474731445
-0.002044677734375 0.0448722839355469 0.0113124847412109 -0.0217876434326172
-0.0276451110839844 0.0494537353515625 0.0264396667480469 -0.0177898406982422
-0.0460548400878906 0.0392875671386719 0.0252017974853516 -0.00103378295898437
-0.0623054504394531 0.0273094177246094 0.0336017608642578 0.0237770080566406
-0.0375633239746094 0.0418243408203125 0.00613975524902343 0.0230026245117188
-0.0175323486328125 0.0460739135742187 0.00498390197753906 0.0329017639160156
0.0146102905273438 0.0418968200683594 0.0290355682373047 0.0323677062988281
0.0316219329833984 0.0219497680664063 0.0376205444335937 0.0098876953125
0.0382308959960937 -0.0024871826171875 0.0350799560546875 -0.0124950408935547
0.0343494415283203 -0.0205307006835938 0.0252933502197266 -0.0203666687011719
0.0331535339355469 -0.0200233459472656 0.0142955780029297 -0.0155925750732422
0.0370368957519531 -0.022247314453125 0.00870180130004883 -0.00807809829711914
0.0435371398925781 -0.0114059448242188 0.00680971145629883 -0.00543212890625
0.0441551208496094 0.012542724609375 -0.00323629379272461 -0.00467920303344726
0.0327625274658203 0.0346736907958984 -0.00120353698730468 -0.010401725769043
-0.00611495971679688 0.0525627136230469 0.00644493103027344 -0.0183982849121094
-0.0367393493652344 0.0531730651855469 0.0177364349365234 -0.0070953369140625
-0.0567550659179688 0.0373382568359375 0.0078744888305664 0.00828361511230469
-0.0698928833007812 0.0179481506347656 0.00928878784179687 0.0326576232910156
-0.0525779724121094 0.0400543212890625 -0.00971221923828125 0.0339851379394531
-0.0289039611816406 0.0535163879394531 -0.00212860107421875 0.0383033752441406
0.0118789672851562 0.0535507202148438 0.0200691223144531 0.0335502624511719
0.0368995666503906 0.0304832458496094 0.0255413055419922 0.012359619140625
0.0472335815429687 4.1961669921875E-05 0.0214023590087891 -0.00483131408691406
0.0414009094238281 -0.0214881896972656 0.0132036209106445 -0.00776576995849609
0.0384101867675781 -0.0208816528320313 0.00407981872558594 -0.00332021713256836
0.0429496765136719 -0.0232467651367188 -0.00235104560852051 0.00284194946289062
0.0482673645019531 -0.0115432739257813 -0.00537347793579101 0.00130033493041992
0.0470771789550781 0.0154838562011719 -0.0129623413085937 -0.00183582305908203
0.0329437255859375 0.0378837585449219 -0.00709915161132812 -0.0102663040161133
-0.0105094909667969 0.0533103942871094 0.00348472595214844 -0.0157089233398437
-0.0427665710449219 0.0498504638671875 0.0103244781494141 0.00432300567626953
-0.0612335205078125 0.0298385620117188 -0.0110063552856445 0.0166349411010742
-0.0644073486328125 0.00441360473632814 -0.0149497985839844 0.0366668701171875
-0.055755615234375 0.0283126831054688 -0.0261001586914063 0.0403366088867187
-0.0357894897460938 0.0474777221679687 -0.00966262817382813 0.0388374328613281
0.00479507446289063 0.0540695190429687 0.00919532775878906 0.0313663482666016
0.0330486297607422 0.0334873199462891 0.0112247467041016 0.012995719909668
0.0471916198730469 0.00315475463867187 0.00631999969482422 0.00208091735839844
0.0415382385253906 -0.0185356140136719 0.000101327896118166 0.00404763221740723
0.0380287170410156 -0.0181808471679688 -0.00664997100830078 0.00929546356201172
0.042755126953125 -0.02093505859375 -0.0133552551269531 0.0133266448974609
0.04638671875 -0.0100822448730469 -0.0178432464599609 0.00774383544921875
0.044036865234375 0.0159416198730469 -0.0224208831787109 -0.000120162963867186
0.0296783447265625 0.0372123718261719 -0.0129623413085938 -0.0105552673339844
-0.0142135620117188 0.0486602783203125 0.000252723693847656 -0.0124921798706055
-0.0450401306152344 0.040557861328125 0.00223541259765625 0.012394905090332
-0.0591888427734375 0.0182075500488281 -0.0302581787109375 0.0205917358398437
-0.0468978881835938 -0.00999069213867187 -0.0348052978515625 0.0355644226074219
-0.045654296875 0.0101814270019531 -0.0385589599609375 0.0409355163574219
-0.0344505310058594 0.0303497314453125 -0.0153579711914063 0.0365066528320313
-0.00341415405273438 0.0423088073730469 -0.000833511352539064 0.0257720947265625
0.0229377746582031 0.0291900634765625 -0.00168037414550781 0.0106315612792969
0.0381126403808594 0.0057373046875 -0.00848054885864258 0.00744533538818359
0.03436279296875 -0.0124645233154297 -0.0126171112060547 0.0146350860595703
0.0314292907714844 -0.0135822296142578 -0.0161552429199219 0.0201587677001953
0.0357017517089844 -0.0160789489746094 -0.0232772827148438 0.0228748321533203
0.0387191772460938 -0.00716781616210938 -0.0289344787597656 0.0133171081542969
0.0362930297851563 0.0149345397949219 -0.0313434600830078 0.00152587890625
0.0228824615478516 0.0323734283447266 -0.0187206268310547 -0.0116157531738281
-0.016815185546875 0.0396575927734375 -0.00285053253173828 -0.0121698379516602
-0.0426368713378906 0.0272712707519531 -0.00594520568847657 0.017669677734375
-0.0508003234863281 0.00416946411132814 -0.0479850769042969 0.02069091796875
-0.0215358734130859 -0.0223865509033203 -0.0450210571289063 0.0311470031738281
-0.0276527404785156 -0.00841712951660156 -0.04327392578125 0.0373725891113281
-0.026214599609375 0.00781059265136718 -0.0170345306396484 0.0313949584960938
-0.00987434387207031 0.0226631164550781 -0.00740814208984375 0.0197734832763672
0.0087432861328125 0.0191364288330078 -0.0103902816772461 0.00885963439941406
0.0223159790039063 0.00686073303222656 -0.0183868408203125 0.0116519927978516
0.0217819213867188 -0.00527763366699219 -0.0212287902832031 0.0222282409667969
0.0207157135009766 -0.00683975219726563 -0.0231971740722656 0.0278606414794922
0.0240554809570313 -0.00911521911621094 -0.0309886932373047 0.0291004180908203
0.0266819000244141 -0.00403022766113281 -0.0385551452636719 0.0169715881347656
0.0252323150634766 0.0112133026123047 -0.0386123657226563 0.00197219848632813
0.0148296356201172 0.0241527557373047 -0.0238742828369141 -0.0130519866943359
-0.016021728515625 0.0268936157226562 -0.006378173828125 -0.0125951766967773
-0.0348415374755859 0.0117855072021484 -0.0141401290893555 0.0174922943115234
-0.0356101989746094 -0.00988006591796875 -0.0613822937011719 0.0147590637207031
0.00661277770996094 0.0199241638183594 0.0621795654296875 -0.0142707824707031
0.0197601318359375 0.00131034851074219 0.0204257965087891 -0.011383056640625
0.00689601898193359 -0.0128879547119141 0.00726795196533203 0.0125560760498047
-0.00497627258300781 -0.0109424591064453 0.0297489166259766 0.0185985565185547
-0.0105428695678711 -0.00501632690429687 0.0442695617675781 -0.00219345092773438
-0.0120754241943359 0.00335311889648437 0.0437545776367188 -0.0259971618652344
-0.00805091857910156 0.00124883651733398 0.0331077575683594 -0.0377845764160156
-0.00683879852294922 -0.0015416145324707 0.0245742797851563 -0.0337543487548828
-0.00849437713623047 -0.00272846221923828 0.0225582122802734 -0.0260429382324219
-0.00334739685058594 -0.0087127685546875 0.0213603973388672 -0.0172080993652344
0.00596427917480469 -0.0108175277709961 0.0134553909301758 -0.0112762451171875
0.0143022537231445 -0.0031280517578125 0.0121431350708008 -0.0160312652587891
0.0154962539672852 0.0123004913330078 0.0217208862304688 -0.0279655456542969
0.00921440124511719 0.0255718231201172 0.0405616760253906 -0.0345726013183594
-0.00346565246582031 0.0290870666503906 0.0460968017578125 -0.0239028930664062
-0.0178775787353516 0.0292129516601563 0.0615196228027344 -0.00304031372070312
0.00419044494628906 0.0193195343017578 0.0216827392578125 -0.00288963317871094
0.00246715545654297 0.00772285461425781 0.00954627990722656 0.0177268981933594
0.00455808639526367 0.00486135482788086 0.0335559844970703 0.0218334197998047
0.00482463836669922 0.00185155868530273 0.046234130859375 -7.62939453124989E-06
0.00523090362548828 -0.000935554504394531 0.0453453063964844 -0.0251922607421875
0.00662708282470703 -0.00887584686279297 0.033721923828125 -0.0369453430175781
0.00796699523925781 -0.0103626251220703 0.0237274169921875 -0.03289794921875
0.00881004333496094 -0.0118465423583984 0.0215568542480469 -0.0246429443359375
0.0157938003540039 -0.0103826522827148 0.0209159851074219 -0.0165901184082031
0.0221939086914062 -0.00131988525390625 0.011418342590332 -0.0100650787353516
0.0225658416748047 0.0137157440185547 0.00942516326904297 -0.0136995315551758
0.00629997253417969 0.0313186645507813 0.0158729553222656 -0.025543212890625
-0.0105323791503906 0.0404129028320312 0.0337696075439453 -0.029022216796875
-0.026153564453125 0.0371170043945313 0.0390586853027344 -0.0149993896484375
-0.0419158935546875 0.0336074829101563 0.0520210266113281 0.00878143310546875
-0.0155143737792969 0.03533935546875 0.017094612121582 0.00864887237548828
-0.00449180603027344 0.0296955108642578 0.00906944274902344 0.0247173309326172
0.0126857757568359 0.0236301422119141 0.0340633392333984 0.0264244079589844
0.0207881927490234 0.0105800628662109 0.0446281433105469 0.0030517578125
0.0235080718994141 -0.00396728515625 0.0422477722167969 -0.0211181640625
0.0212860107421875 -0.0173492431640625 0.0304317474365234 -0.0318946838378906
0.0212593078613281 -0.0176162719726563 0.0193405151367188 -0.0270805358886719
0.024261474609375 -0.0194129943847656 0.0157718658447266 -0.0186061859130859
0.0317020416259766 -0.0131034851074219 0.0153656005859375 -0.0130825042724609
0.036224365234375 0.00525283813476563 0.00502490997314453 -0.00805330276489258
0.030242919921875 0.0257453918457031 0.0045623779296875 -0.0125102996826172
0.000492095947265621 0.0452919006347656 0.0102767944335937 -0.0225639343261719
-0.0246810913085938 0.051300048828125 0.0252037048339844 -0.0196456909179687
-0.0438690185546875 0.0415916442871094 0.0262584686279297 -0.00404930114746094
-0.0606155395507812 0.0314483642578125 0.034637451171875 0.021759033203125
-0.0352935791015625 0.044708251953125 0.00702285766601562 0.0221366882324219
-0.0142440795898438 0.0483322143554688 0.00569534301757813 0.0322990417480469
0.0174446105957031 0.040863037109375 0.0298671722412109 0.0305957794189453
0.0331707000732422 0.0198936462402344 0.0375633239746094 0.00799560546875
0.0382728576660156 -0.00543594360351563 0.0343246459960938 -0.0141849517822266
0.0328388214111328 -0.0230121612548828 0.023406982421875 -0.0216388702392578
0.0311985015869141 -0.0224895477294922 0.012303352355957 -0.0166826248168945
0.0353736877441406 -0.0250587463378906 0.00770282745361328 -0.00890922546386719
0.04248046875 -0.0147514343261719 0.00535011291503906 -0.00706005096435547
0.0450096130371094 0.00954437255859375 -0.00346851348876953 -0.00555324554443359
0.0351047515869141 0.032501220703125 -0.00182628631591797 -0.0114946365356445
-0.00268173217773438 0.0532379150390625 0.00545120239257812 -0.0188655853271484
-0.0334892272949219 0.0558280944824219 0.0172891616821289 -0.00860977172851562
-0.0545158386230469 0.0408554077148437 0.00907421112060547 0.00623798370361328
-0.0692634582519531 0.0225830078125 0.0106582641601562 0.0320510864257813
-0.049468994140625 0.0440177917480469 -0.00822067260742188 0.0339126586914062
-0.0254364013671875 0.0566291809082031 -0.000881195068359376 0.037506103515625
0.0159873962402344 0.0530242919921875 0.0208244323730469 0.032562255859375
0.0390739440917969 0.027801513671875 0.0258197784423828 0.0117397308349609
0.0474395751953125 -0.0034942626953125 0.0212364196777344 -0.00554084777832031
0.0396080017089844 -0.0243949890136719 0.0122785568237305 -0.00898075103759766
0.0368614196777344 -0.0236663818359375 0.00317597389221192 -0.00382184982299805
0.0412101745605469 -0.0266342163085937 -0.00264286994934082 0.00269150733947754
0.0471458435058594 -0.0153236389160156 -0.00564479827880859 0.000880241394042967
0.0482368469238281 0.0118370056152344 -0.0132350921630859 -0.00205802917480469
0.0363693237304688 0.0356636047363281 -0.00762748718261718 -0.0104579925537109
-0.00671768188476563 0.0545234680175781 0.00239467620849609 -0.0155820846557617
-0.0391654968261719 0.0533370971679688 0.0104484558105469 0.00291538238525391
-0.0592460632324219 0.0340499877929688 -0.00996494293212891 0.015955924987793
-0.0644683837890625 0.00886917114257813 -0.0134429931640625 0.0378990173339844
-0.0535736083984375 0.0318794250488281 -0.0242271423339844 0.0411529541015625
-0.0323371887207031 0.050933837890625 -0.00847244262695313 0.0385551452636719
0.00855255126953125 0.05352783203125 0.00954818725585937 0.0305442810058594
0.0355567932128906 0.0311508178710938 0.0113430023193359 0.0131635665893555
0.0472908020019531 -0.00055694580078125 0.00627374649047852 0.00269126892089844
0.0396270751953125 -0.0217437744140625 0.000247001647949221 0.00408148765563965
0.035980224609375 -0.0216255187988281 -0.0061655044555664 0.00923347473144531
0.0405693054199219 -0.0246696472167969 -0.0133905410766602 0.014643669128418
0.0455245971679688 -0.0135879516601563 -0.0177745819091797 0.00835037231445313
0.0454330444335938 0.0126876831054687 -0.0228557586669922 0.000967025756835936
0.0320663452148437 0.034759521484375 -0.013554573059082 -0.00972270965576172
-0.0110588073730469 0.0504570007324219 -0.00049877166748047 -0.012913703918457
-0.0420188903808594 0.0441474914550781 0.00310516357421875 0.0116329193115234
-0.057464599609375 0.0220718383789063 -0.0285854339599609 0.0213813781738281
-0.0473403930664063 -0.00586318969726562 -0.0335044860839844 0.0380058288574219
-0.0445899963378906 0.0140724182128906 -0.0362548828125 0.0427474975585937
-0.0321788787841797 0.0331611633300781 -0.0136642456054688 0.0360527038574219
-0.000190734863281246 0.0426902770996094 -0.000385284423828127 0.0256671905517578
0.0251522064208984 0.027191162109375 -0.00131797790527344 0.0118188858032227
0.0384750366210937 0.00254440307617188 -0.00742053985595703 0.00942516326904297
0.0332088470458984 -0.0153388977050781 -0.0111026763916016 0.0158472061157227
0.0300464630126953 -0.0159587860107422 -0.0146446228027344 0.0207653045654297
0.0341606140136719 -0.0184783935546875 -0.02191162109375 0.0244331359863281
0.03802490234375 -0.0101165771484375 -0.0286769866943359 0.0151424407958984
0.0378684997558594 0.0119056701660156 -0.0314846038818359 0.00343894958496094
0.0252437591552734 0.0303058624267578 -0.0197620391845703 -0.0108890533447266
-0.0141944885253906 0.0410614013671875 -0.00325393676757813 -0.0118446350097656
-0.0407638549804687 0.0307235717773438 -0.00449562072753907 0.0177001953125
-0.0498085021972656 0.00790023803710938 -0.0462417602539063 0.0222625732421875
-0.0232715606689453 -0.0205936431884766 -0.0440216064453125 0.0337677001953125
-0.0283279418945312 -0.00622367858886719 -0.0413017272949219 0.0391921997070313
-0.0249271392822266 0.0102672576904297 -0.0154457092285156 0.0316066741943359
-0.00786781311035156 0.0237140655517578 -0.00707244873046875 0.0201930999755859
0.0106124877929688 0.0183429718017578 -0.0100727081298828 0.0104227066040039
0.0226497650146484 0.00482559204101563 -0.0171346664428711 0.0135564804077148
0.0209999084472656 -0.00692367553710938 -0.0192718505859375 0.0231437683105469
0.0197696685791016 -0.00834083557128906 -0.0207500457763672 0.0293464660644531
0.0229892730712891 -0.0111827850341797 -0.0289306640625 0.0315170288085938
0.0259685516357422 -0.00589179992675781 -0.0373916625976562 0.0190887451171875
0.0259075164794922 0.00936698913574219 -0.0383186340332031 0.00455093383789062
0.0170001983642578 0.0228614807128906 -0.0245628356933594 -0.0117511749267578
-0.0146007537841797 0.0281982421875 -0.00705051422119141 -0.0120210647583008
-0.0335960388183594 0.0151214599609375 -0.0126895904541016 0.0177421569824219
-0.0355720520019531 -0.00769805908203124 -0.0598411560058594 0.0181884765625
0.00676345825195313 0.0195045471191406 0.0609130859375 -0.0157699584960938
0.0191326141357422 0.000268936157226563 0.0197315216064453 -0.0114784240722656
0.0063467025756836 -0.0125656127929688 0.0068511962890625 0.0126018524169922
-0.00533294677734375 -0.010498046875 0.029693603515625 0.0177421569824219
-0.0105705261230469 -0.00422859191894531 0.0431442260742188 -0.00354385375976563
-0.01129150390625 0.00382614135742187 0.0416297912597656 -0.0274467468261719
-0.00739431381225586 0.00199365615844727 0.0308189392089844 -0.0386085510253906
-0.00668811798095703 -0.00126838684082031 0.0226364135742188 -0.0342655181884766
-0.00798559188842774 -0.00228643417358398 0.0205345153808594 -0.0270061492919922
-0.00339698791503906 -0.00809812545776367 0.0200309753417969 -0.0189990997314453
0.00525856018066406 -0.0107583999633789 0.0135107040405273 -0.0125598907470703
0.0134706497192383 -0.00328445434570313 0.0122308731079102 -0.0162649154663086
0.0157222747802734 0.0114688873291016 0.021026611328125 -0.0279922485351562
0.00944137573242188 0.0245933532714844 0.0393791198730469 -0.0357246398925781
-0.00258064270019531 0.0284538269042969 0.0455513000488281 -0.0259552001953125
-0.0173053741455078 0.0296077728271484 0.0607681274414063 -0.00513458251953125
0.00452041625976562 0.0195465087890625 0.0208492279052734 -0.00339126586914062
0.0029149055480957 0.00810098648071289 0.00925731658935547 0.0174484252929688
0.00445222854614258 0.0046844482421875 0.0334854125976563 0.02117919921875
0.00497674942016601 0.00179958343505859 0.045196533203125 -0.00142669677734375
0.00573253631591797 -0.00142192840576172 0.0436134338378906 -0.0263748168945313
0.00627422332763672 -0.00895309448242188 0.03155517578125 -0.0379104614257812
0.00708389282226563 -0.0105075836181641 0.0214767456054688 -0.0335121154785156
0.00813674926757813 -0.0119352340698242 0.0194664001464844 -0.0258693695068359
0.0155048370361328 -0.0109481811523438 0.0191974639892578 -0.0179805755615234
0.0217552185058594 -0.00213241577148438 0.0110158920288086 -0.0115375518798828
0.0221958160400391 0.0129909515380859 0.00942707061767578 -0.0145187377929688
0.007110595703125 0.0308380126953125 0.0156326293945312 -0.0252647399902344
-0.00884628295898438 0.0400886535644531 0.0323600769042969 -0.0292949676513672
-0.0248680114746094 0.0371971130371094 0.038726806640625 -0.0173416137695312
-0.0406532287597656 0.0348701477050781 0.0519523620605469 0.00708770751953125
-0.0145645141601562 0.0358390808105469 0.0166664123535156 0.00813770294189453
-0.00331687927246094 0.0303840637207031 0.00930023193359375 0.0244922637939453
0.0136623382568359 0.0232410430908203 0.0336799621582031 0.02557373046875
0.0209712982177734 0.00975418090820313 0.0436172485351563 0.00193405151367188
0.0229701995849609 -0.00464630126953125 0.0407600402832031 -0.0223350524902344
0.0204086303710938 -0.0181598663330078 0.0285148620605469 -0.0324039459228516
0.0203914642333984 -0.0183811187744141 0.0175457000732422 -0.027130126953125
0.0230617523193359 -0.020751953125 0.0145664215087891 -0.0192356109619141
0.0308589935302734 -0.0139636993408203 0.0134963989257813 -0.0144014358520508
0.0359687805175781 0.0039215087890625 0.00456714630126953 -0.00943088531494141
0.0309238433837891 0.024322509765625 0.00449275970458985 -0.0132741928100586
0.00234222412109374 0.0451278686523437 0.00985908508300782 -0.022552490234375
-0.0225639343261719 0.0519447326660156 0.0244770050048828 -0.0202808380126953
-0.0419120788574219 0.0421676635742188 0.0264892578125 -0.00612068176269531
-0.0587120056152344 0.0337562561035156 0.0349140167236328 0.0203685760498047
-0.0333824157714844 0.045623779296875 0.00658607482910156 0.0216083526611328
-0.0120887756347656 0.0487785339355469 0.00532150268554687 0.0316562652587891
0.0191307067871094 0.0402946472167969 0.0297489166259766 0.0297832489013672
0.0336761474609375 0.0185184478759766 0.036895751953125 0.00705337524414063
0.0379753112792969 -0.00615692138671875 0.0332279205322266 -0.0147552490234375
0.0315456390380859 -0.0245933532714844 0.0218982696533203 -0.0223369598388672
0.0297756195068359 -0.0234870910644531 0.011052131652832 -0.0167713165283203
0.0337810516357422 -0.0263557434082031 0.00638675689697266 -0.00943756103515625
0.0411720275878906 -0.0167274475097656 0.00443840026855469 -0.00804901123046875
0.0450363159179688 0.0074005126953125 -0.004119873046875 -0.00606775283813477
0.0365409851074219 0.0306777954101563 -0.00157928466796875 -0.0116138458251953
-0.000625610351562498 0.0531539916992188 0.00511550903320313 -0.0188446044921875
-0.0309524536132812 0.0573387145996094 0.0168428421020508 -0.0093231201171875
-0.0524063110351563 0.0420074462890625 0.00974750518798828 0.00450420379638672
-0.0678939819335938 0.0255279541015625 0.0113277435302734 0.0314407348632812
-0.0476493835449219 0.0454978942871094 -0.0081329345703125 0.0333766937255859
-0.0224342346191406 0.0577659606933594 -0.000740051269531252 0.0366325378417969
0.0179519653320313 0.0523567199707031 0.0209121704101563 0.0316581726074219
0.0399894714355469 0.0258216857910156 0.0252151489257813 0.0113334655761719
0.0469818115234375 -0.00516891479492188 0.0207557678222656 -0.005706787109375
0.0377311706542969 -0.02618408203125 0.0118427276611328 -0.0091238021850586
0.0348625183105469 -0.0253105163574219 0.00278472900390625 -0.00381040573120117
0.0390586853027344 -0.0287895202636719 -0.0029752254486084 0.00317597389221191
0.0458221435546875 -0.0177955627441406 -0.00645971298217773 0.00027036666870117
0.0480918884277344 0.00925445556640625 -0.0136995315551758 -0.00225734710693359
0.0372962951660156 0.0337600708007813 -0.00787734985351562 -0.0102643966674805
-0.00435256958007812 0.0546340942382813 0.00179576873779297 -0.015446662902832
-0.0366096496582031 0.0551872253417969 0.0105972290039063 0.00232791900634766
-0.0570449829101563 0.0361289978027344 -0.00828266143798828 0.0145807266235352
-0.0634613037109375 0.0119361877441406 -0.0120964050292969 0.0377273559570313
-0.0517654418945312 0.0341567993164063 -0.0233001708984375 0.0410346984863281
-0.030059814453125 0.0519256591796875 -0.00821685791015625 0.0378303527832031
0.0107192993164062 0.0530891418457031 0.00938034057617187 0.0300731658935547
0.0364608764648437 0.0292091369628906 0.0112733840942383 0.0132064819335938
0.0469398498535156 -0.0023956298828125 0.00633001327514649 0.00314760208129883
0.0379409790039063 -0.0232276916503906 0.00026512145996094 0.00407814979553222
0.0344524383544922 -0.0229549407958984 -0.00627231597900391 0.00951671600341797
0.0387649536132813 -0.0265693664550781 -0.0124855041503906 0.0146894454956055
0.04412841796875 -0.0156402587890625 -0.0180110931396484 0.00831031799316406
0.0455245971679688 0.0102500915527344 -0.0229091644287109 0.00127601623535157
0.0335044860839844 0.0329093933105469 -0.0137596130371094 -0.0100288391113281
-0.00866317749023438 0.0506019592285156 -0.000772476196289063 -0.0125923156738281
-0.0393447875976562 0.0459785461425781 0.00343894958496093 0.0110635757446289
-0.05596923828125 0.0242767333984375 -0.0272941589355469 0.0208606719970703
-0.0473060607910156 -0.00362396240234375 -0.0326347351074219 0.0385818481445313
-0.0442619323730469 0.0155868530273438 -0.0348930358886719 0.0425910949707031
-0.0300998687744141 0.0347862243652344 -0.0135345458984375 0.0353050231933594
0.0016937255859375 0.0421142578125 -0.000581741333007813 0.0254993438720703
0.0256633758544922 0.0259037017822266 -0.00165081024169922 0.0125360488891602
0.0378379821777344 0.000720977783203125 -0.00703048706054687 0.0102090835571289
0.0315608978271484 -0.0165557861328125 -0.0103855133056641 0.015925407409668
0.0286483764648437 -0.0172176361083984 -0.0140285491943359 0.0215435028076172
0.0323581695556641 -0.0207996368408203 -0.0204353332519531 0.0253276824951172
0.0368843078613281 -0.0121917724609375 -0.0281143188476562 0.01556396484375
0.03765869140625 0.00987625122070312 -0.0313396453857422 0.00463104248046876
0.0264225006103516 0.0285453796386719 -0.0199909210205078 -0.0103416442871094
-0.0118675231933594 0.0414009094238281 -0.00359630584716797 -0.0118179321289062
-0.0386695861816406 0.032623291015625 -0.00337505340576172 0.016815185546875
-0.0484428405761719 0.00957107543945313 -0.0447311401367188 0.0228424072265625
-0.0238304138183594 -0.0186347961425781 -0.0431442260742188 0.0353775024414063
-0.0282630920410156 -0.00441932678222657 -0.0400657653808594 0.0398216247558594
-0.0239753723144531 0.0116405487060547 -0.0151596069335938 0.0311641693115234
-0.00657081604003906 0.02374267578125 -0.00741004943847656 0.0204372406005859
0.0111236572265625 0.0173673629760742 -0.00963497161865235 0.0114860534667969
0.0226936340332031 0.00321578979492188 -0.0158777236938477 0.0148143768310547
0.0201625823974609 -0.00805473327636719 -0.0176582336425781 0.0240116119384766
0.0185260772705078 -0.00972366333007813 -0.0191593170166016 0.029632568359375
0.0220394134521484 -0.0122795104980469 -0.0272865295410156 0.0324020385742188
0.0249614715576172 -0.00717353820800781 -0.0366477966308594 0.0202445983886719
0.0260009765625 0.00792694091796875 -0.0380783081054688 0.0056304931640625
0.0174312591552734 0.0213642120361328 -0.0246315002441406 -0.0109729766845703
-0.0125751495361328 0.0287189483642578 -0.00696754455566406 -0.0118846893310547
-0.0321636199951172 0.0161495208740234 -0.0121250152587891 0.0177116394042969
-0.0347003936767578 -0.00619125366210938 -0.0587196350097656 0.0189743041992187
0.00704574584960937 0.0190334320068359 0.0612449645996094 -0.01629638671875
0.0189228057861328 0.000619888305664063 0.0196475982666016 -0.0111293792724609
0.00556755065917969 -0.012700080871582 0.00668048858642578 0.0129499435424805
-0.00557994842529297 -0.0106220245361328 0.0298614501953125 0.0180072784423828
-0.0102691650390625 -0.00383949279785156 0.0431404113769531 -0.00374984741210938
-0.0107641220092773 0.00425434112548828 0.0412826538085938 -0.028045654296875
-0.00723934173583984 0.00201177597045898 0.0299758911132813 -0.0391960144042969
-0.00663566589355469 -0.000905513763427734 0.0216312408447266 -0.0346221923828125
-0.00793313980102539 -0.001922607421875 0.0197105407714844 -0.0276222229003906
-0.0041499137878418 -0.00780057907104492 0.0191364288330078 -0.0196800231933594
0.00484848022460938 -0.0103235244750977 0.0135612487792969 -0.0134782791137695
0.0132293701171875 -0.00364589691162109 0.0130043029785156 -0.0171175003051758
0.0155811309814453 0.0111818313598633 0.0214042663574219 -0.0277061462402344
0.00999641418457031 0.0242443084716797 0.0391960144042969 -0.0362167358398438
-0.00254631042480469 0.0281429290771484 0.0462303161621094 -0.0274391174316406
-0.0170879364013672 0.0300006866455078 0.0608634948730469 -0.005645751953125
0.00447845458984375 0.0196990966796875 0.0207176208496094 -0.00316238403320312
0.00305318832397461 0.00846958160400391 0.00908470153808594 0.0176258087158203
0.00486469268798828 0.00482273101806641 0.0333404541015625 0.0212230682373047
0.00504016876220703 0.00206661224365234 0.0454025268554687 -0.0015106201171875
0.0062408447265625 -0.00100326538085938 0.0428428649902344 -0.0269508361816406
0.00658130645751953 -0.00954246520996094 0.0306930541992187 -0.0385322570800781
0.00689601898193359 -0.0108194351196289 0.0205631256103516 -0.0337123870849609
0.00845146179199219 -0.0122642517089844 0.0185203552246094 -0.0262584686279297
0.0151462554931641 -0.0113315582275391 0.0182743072509766 -0.0191555023193359
0.0216617584228516 -0.00198745727539063 0.0106735229492188 -0.0125751495361328
0.0225505828857422 0.0125999450683594 0.010014533996582 -0.0151433944702148
0.00739669799804688 0.0309391021728516 0.0160446166992188 -0.0250473022460938
-0.00894546508789063 0.040313720703125 0.032501220703125 -0.0302066802978516
-0.0247116088867188 0.0374984741210938 0.0400428771972656 -0.018341064453125
-0.0405120849609375 0.0355720520019531 0.0517730712890625 0.0069427490234375
-0.0140533447265625 0.0364570617675781 0.0160093307495117 0.00810050964355469
-0.00265312194824219 0.0310611724853516 0.00850296020507813 0.0244159698486328
0.014312744140625 0.0230464935302734 0.0334491729736328 0.0255374908447266
0.0214748382568359 0.00932502746582031 0.043426513671875 0.00225067138671875
0.0235519409179688 -0.00516128540039063 0.0401268005371094 -0.022857666015625
0.0198154449462891 -0.0187702178955078 0.0278072357177734 -0.0329074859619141
0.0196666717529297 -0.0187969207763672 0.0163345336914063 -0.0274887084960938
0.0226345062255859 -0.0215187072753906 0.0133762359619141 -0.0197601318359375
0.03082275390625 -0.0147647857666016 0.0124721527099609 -0.015650749206543
0.0362434387207031 0.00317001342773437 0.00407505035400391 -0.0108232498168945
0.0313968658447266 0.0241374969482422 0.00457954406738281 -0.0135641098022461
0.00328063964843751 0.0457572937011719 0.0102920532226562 -0.0226116180419922
-0.0220794677734375 0.052825927734375 0.0247058868408203 -0.0210456848144531
-0.0420417785644531 0.0428276062011719 0.0269355773925781 -0.00759506225585937
-0.0591506958007813 0.0348892211914063 0.0348377227783203 0.0204544067382813
-0.0328254699707031 0.04632568359375 0.0064544677734375 0.0209846496582031
-0.0111923217773438 0.05010986328125 0.00510406494140625 0.0314559936523438
0.0201301574707031 0.0406036376953125 0.0288982391357422 0.0296497344970703
0.0341663360595703 0.0177764892578125 0.0364913940429688 0.00753021240234375
0.0383186340332031 -0.00750350952148438 0.0328140258789063 -0.0148544311523438
0.0308589935302734 -0.0252132415771484 0.021026611328125 -0.0227890014648438
0.0294094085693359 -0.0242290496826172 0.010319709777832 -0.0173282623291016
0.0332202911376953 -0.0279674530029297 0.00577163696289063 -0.00967884063720703
0.04119873046875 -0.0178565979003906 0.00353336334228516 -0.00919723510742188
0.0457191467285156 0.00632095336914063 -0.00458097457885742 -0.00705194473266602
0.0368499755859375 0.0303497314453125 -0.00180244445800781 -0.0122098922729492
0.000782012939453125 0.0541038513183594 0.005096435546875 -0.0191860198974609
-0.0303459167480469 0.0588951110839844 0.0170555114746094 -0.0104398727416992
-0.0524406433105469 0.0429229736328125 0.0108375549316406 0.00305938720703125
-0.0675315856933594 0.0269241333007813 0.0116519927978516 0.0315589904785156
-0.0470542907714844 0.0465850830078125 -0.00847816467285157 0.0330810546875
-0.0216636657714844 0.0584182739257813 -0.00138092041015625 0.0363502502441406
0.019317626953125 0.0522079467773438 0.0201187133789063 0.0319061279296875
0.0402755737304688 0.0251007080078125 0.0247211456298828 0.01171875
0.0472526550292969 -0.00648117065429688 0.0207920074462891 -0.00493431091308594
0.0370254516601563 -0.0271530151367188 0.0112552642822266 -0.00934982299804688
0.0340061187744141 -0.02618408203125 0.00222039222717285 -0.00405621528625488
0.0385284423828125 -0.0299797058105469 -0.00333428382873535 0.0028846263885498
0.0454902648925781 -0.0190048217773438 -0.00742340087890625 -9.01222229003924E-05
0.0488319396972656 0.00812911987304688 -0.0141763687133789 -0.00267791748046875
0.0384750366210937 0.03271484375 -0.00825119018554687 -0.0107898712158203
-0.003021240234375 0.0560111999511719 0.00191116333007812 -0.015843391418457
-0.0355186462402344 0.0567474365234375 0.0107831954956055 0.00143718719482422
-0.0568771362304688 0.036773681640625 -0.00815391540527344 0.0131473541259766
-0.0635032653808594 0.0133819580078125 -0.0123481750488281 0.0381965637207031
-0.0516433715820313 0.0351066589355469 -0.0234603881835938 0.0404434204101562
-0.0289154052734375 0.0534782409667969 -0.00880050659179688 0.0373497009277344
0.0122299194335938 0.0535316467285156 0.00858497619628906 0.0302238464355469
0.0370941162109375 0.0283470153808594 0.0110664367675781 0.0140705108642578
0.0471534729003906 -0.00380325317382813 0.00696754455566407 0.0039982795715332
0.0372734069824219 -0.0244522094726563 0.000524997711181643 0.00437188148498535
0.0339412689208984 -0.0237827301025391 -0.00634288787841797 0.00905513763427734
0.037933349609375 -0.0276641845703125 -0.0124979019165039 0.0150899887084961
0.043853759765625 -0.0172386169433594 -0.0181999206542969 0.00816154479980469
0.0460472106933594 0.0093994140625 -0.0232963562011719 0.001312255859375
0.0341453552246094 0.0324726104736328 -0.0143756866455078 -0.0099191665649414
-0.00748062133789062 0.0515594482421875 -0.000845909118652344 -0.0127878189086914
-0.0385818481445313 0.0476837158203125 0.00395965576171875 0.0106935501098633
-0.0555953979492188 0.0252151489257812 -0.0267353057861328 0.0201148986816406
-0.0471038818359375 -0.00275802612304687 -0.0325508117675781 0.0392646789550781
-0.0434532165527344 0.0171165466308594 -0.0354576110839844 0.0420722961425781
-0.0296249389648437 0.0359725952148438 -0.0145149230957031 0.035369873046875
0.00324630737304687 0.0428657531738281 -0.00150680541992187 0.0259075164794922
0.0265159606933594 0.0251216888427734 -0.00122547149658203 0.012969970703125
0.0378379821777344 -0.000213623046875 -0.0066995620727539 0.0105562210083008
0.0312595367431641 -0.0175952911376953 -0.00970363616943359 0.0158672332763672
0.0279769897460938 -0.0181369781494141 -0.0133762359619141 0.0216426849365234
0.0324039459228516 -0.0216102600097656 -0.0203762054443359 0.0257072448730469
0.0370635986328125 -0.012969970703125 -0.0281009674072266 0.0158729553222656
0.0381698608398438 0.0087127685546875 -0.0317363739013672 0.00443077087402343
0.0266208648681641 0.0288333892822266 -0.0199680328369141 -0.00995445251464843
-0.01141357421875 0.0423049926757813 -0.00363636016845703 -0.01171875
-0.0373458862304687 0.0337142944335938 -0.00308036804199219 0.0163688659667969
-0.0477790832519531 0.0102806091308594 -0.0443153381347656 0.0222396850585938
-0.023834228515625 -0.0178165435791016 -0.04376220703125 0.0362701416015625
-0.0282573699951172 -0.00314903259277343 -0.0402069091796875 0.0397377014160156
-0.0238132476806641 0.0128116607666016 -0.0158348083496094 0.0305461883544922
-0.00542068481445312 0.0241355895996094 -0.00831794738769531 0.0208377838134766
0.0115680694580078 0.0171709060668945 -0.00987720489501953 0.0123872756958008
0.0225162506103516 0.00249862670898438 -0.0154590606689453 0.0157756805419922
0.0195465087890625 -0.00869941711425781 -0.0172576904296875 0.0243968963623047
0.0179958343505859 -0.0101566314697266 -0.0187664031982422 0.0298500061035156
0.0216712951660156 -0.0126743316650391 -0.0265483856201172 0.0327701568603516
0.0247211456298828 -0.00797462463378906 -0.0364341735839844 0.0211219787597656
0.0260639190673828 0.00731086730957031 -0.0382881164550781 0.00606536865234375
0.0180168151855469 0.0208053588867188 -0.0253200531005859 -0.0108623504638672
-0.0122432708740234 0.0288639068603516 -0.0074300765991211 -0.0122604370117187
-0.0313968658447266 0.0170249938964844 -0.0114059448242188 0.0171575546264648
-0.0345420837402344 -0.00595474243164063 -0.0586624145507812 0.0192108154296875
0.00746536254882813 0.0195808410644531 0.0633010864257813 -0.0166969299316406
0.0193290710449219 0.000871658325195312 0.01959228515625 -0.0115394592285156
0.00533103942871094 -0.0131673812866211 0.00691604614257813 0.0137453079223633
-0.00593852996826172 -0.0106611251831055 0.0309982299804687 0.0187702178955078
-0.0107412338256836 -0.00305080413818359 0.0441741943359375 -0.00387191772460938
-0.0106363296508789 0.00454521179199219 0.0413780212402344 -0.029144287109375
-0.00712251663208008 0.00181722640991211 0.0304832458496094 -0.0404853820800781
-0.00678777694702148 -0.000818252563476563 0.0210762023925781 -0.0359077453613281
-0.00786161422729492 -0.00182580947875976 0.0194454193115234 -0.0289897918701172
-0.00431537628173828 -0.00787973403930664 0.0187034606933594 -0.0207099914550781
0.00453948974609375 -0.010223388671875 0.0138177871704102 -0.0152683258056641
0.0135097503662109 -0.00383758544921875 0.0135898590087891 -0.0177497863769531
0.0160789489746094 0.0111837387084961 0.0229110717773438 -0.0283546447753906
0.0101051330566406 0.0246238708496094 0.0401878356933594 -0.0372238159179687
-0.00257492065429687 0.0283718109130859 0.0481796264648438 -0.029205322265625
-0.0172386169433594 0.0309181213378906 0.0631332397460938 -0.00613784790039062
0.0044708251953125 0.0204830169677734 0.0210895538330078 -0.00315475463867187
0.00328826904296875 0.00862979888916015 0.00882911682128906 0.0186405181884766
0.00507164001464844 0.0050806999206543 0.0339012145996094 0.0220108032226562
0.00559139251708984 0.00208139419555664 0.0459213256835937 -0.00147628784179687
0.00667619705200195 -0.00122880935668945 0.0435447692871094 -0.0280342102050781
0.00621509552001953 -0.00934982299804688 0.0308380126953125 -0.0398979187011719
0.00729179382324219 -0.0112438201904297 0.0200080871582031 -0.0351524353027344
0.00860786437988281 -0.0134487152099609 0.0179176330566406 -0.0274314880371094
0.0149402618408203 -0.0117959976196289 0.0177898406982422 -0.0208320617675781
0.0222492218017578 -0.00235366821289063 0.0111551284790039 -0.013972282409668
0.0231723785400391 0.0132694244384766 0.011199951171875 -0.0162897109985352
0.00778961181640625 0.0314865112304687 0.0166969299316406 -0.025848388671875
-0.00868988037109375 0.0417251586914063 0.0332775115966797 -0.0310401916503906
-0.02557373046875 0.0385246276855469 0.0418167114257813 -0.0209197998046875
-0.0416221618652344 0.0365791320800781 0.0535507202148437 0.00682449340820313
-0.0141448974609375 0.0377159118652344 0.0162343978881836 0.00804996490478516
-0.00200462341308594 0.0322399139404297 0.00842857360839844 0.0250129699707031
0.0150852203369141 0.0242881774902344 0.0343418121337891 0.0256881713867188
0.0221691131591797 0.00967788696289063 0.044525146484375 0.00255966186523438
0.0245437622070313 -0.00612068176269531 0.0407867431640625 -0.0233001708984375
0.0205516815185547 -0.0197124481201172 0.0274257659912109 -0.0340995788574219
0.0199031829833984 -0.0200824737548828 0.0158824920654297 -0.0286312103271484
0.0229225158691406 -0.022491455078125 0.0129604339599609 -0.0203323364257813
0.0313682556152344 -0.0158653259277344 0.0118179321289063 -0.0170316696166992
0.0375213623046875 0.00312423706054688 0.00426101684570313 -0.0119075775146484
0.0327587127685547 0.0242042541503906 0.00492954254150391 -0.0147037506103516
0.00372695922851563 0.0471115112304687 0.0108528137207031 -0.0231437683105469
-0.0218391418457031 0.0549736022949219 0.0251350402832031 -0.0218601226806641
-0.0429229736328125 0.0442543029785156 0.0281753540039063 -0.00966072082519531
-0.0599441528320312 0.0368118286132813 0.0356101989746094 0.0208854675292969
-0.0332717895507812 0.0486526489257813 0.00622367858886718 0.0215415954589844
-0.0107536315917969 0.0518112182617188 0.00472450256347656 0.0322628021240234
0.0215606689453125 0.0420722961425781 0.0294132232666016 0.0306854248046875
0.0358390808105469 0.0181427001953125 0.0368537902832031 0.00780105590820313
0.0390777587890625 -0.0083465576171875 0.0334930419921875 -0.0153236389160156
0.0307483673095703 -0.02655029296875 0.0211639404296875 -0.0236072540283203
0.0290622711181641 -0.0258636474609375 0.00954246520996094 -0.0179119110107422
0.0333366394042969 -0.0298500061035156 0.00500106811523438 -0.0100164413452148
0.0419845581054688 -0.0196266174316406 0.00238609313964844 -0.0100193023681641
0.0474395751953125 0.00571823120117188 -0.00493001937866211 -0.008026123046875
0.0385932922363281 0.0307846069335938 -0.00139617919921875 -0.0130090713500977
0.00152206420898437 0.0558242797851562 0.00580024719238281 -0.0196151733398438
-0.0298423767089844 0.0610389709472656 0.0174484252929687 -0.0107765197753906
-0.0537071228027344 0.0447807312011719 0.0114583969116211 0.0015707015991211
-0.0691757202148438 0.0287208557128906 0.0118083953857422 0.0325870513916016
-0.0479469299316406 0.0486297607421875 -0.00890541076660157 0.0341396331787109
-0.0207099914550781 0.0616722106933594 -0.00255584716796875 0.0371017456054688
0.0206642150878906 0.0541915893554688 0.0203704833984375 0.0327892303466797
0.0419731140136719 0.0251083374023438 0.0251388549804688 0.0128440856933594
0.0490951538085938 -0.00752639770507813 0.0213966369628906 -0.00530815124511719
0.0376701354980469 -0.0285377502441406 0.0116291046142578 -0.0100574493408203
0.0344066619873047 -0.0278472900390625 0.00173807144165039 -0.00412511825561524
0.0391159057617188 -0.0317192077636719 -0.00359535217285156 0.00297236442565918
0.0464439392089844 -0.0206794738769531 -0.00766706466674804 -0.000524044036865235
0.0510139465332031 0.00681304931640625 -0.0149850845336914 -0.00310707092285156
0.0407600402832031 0.0333900451660156 -0.00851631164550781 -0.0113029479980469
-0.00214004516601563 0.05810546875 0.00192642211914063 -0.0164890289306641
-0.0358352661132812 0.0593528747558594 0.0110969543457031 0.000642776489257816
-0.0583534240722656 0.0382614135742188 -0.00782203674316407 0.0122194290161133
-0.0656929016113281 0.0147552490234375 -0.0130767822265625 0.0395393371582031
-0.0526390075683594 0.0369186401367187 -0.0245513916015625 0.0412750244140625
-0.0287895202636719 0.0558395385742188 -0.01043701171875 0.0380477905273438
0.0136032104492188 0.05487060546875 0.00818634033203125 0.0314064025878906
0.0383491516113281 0.0288619995117188 0.0108623504638672 0.0145912170410156
0.048980712890625 -0.00471115112304688 0.00716400146484375 0.00438165664672852
0.0377006530761719 -0.0261650085449219 0.000303506851196291 0.00405430793762207
0.0343837738037109 -0.0256481170654297 -0.00651741027832031 0.0097208023071289
0.038177490234375 -0.0299148559570313 -0.0125341415405273 0.0155801773071289
0.0445899963378906 -0.0189094543457031 -0.0191459655761719 0.00848579406738281
0.0480537414550781 0.00800323486328125 -0.0242786407470703 0.001373291015625
0.0360832214355469 0.0324745178222656 -0.0146360397338867 -0.0101947784423828
-0.00667190551757813 0.053802490234375 -0.000748634338378906 -0.0132284164428711
-0.0386085510253906 0.0498542785644531 0.00425910949707031 0.0099325180053711
-0.0567703247070312 0.026611328125 -0.0275592803955078 0.0195465087890625
-0.0489387512207031 -0.00167846679687499 -0.0340347290039063 0.0415115356445312
-0.0450477600097656 0.0181922912597656 -0.0365943908691406 0.0438613891601563
-0.0296478271484375 0.0380363464355469 -0.0152740478515625 0.0351409912109375
0.00424957275390625 0.0441513061523438 -0.00247573852539062 0.0265884399414063
0.0272693634033203 0.0251750946044922 -0.00185585021972656 0.014068603515625
0.0391120910644531 -0.00174331665039063 -0.00610160827636718 0.0118522644042969
0.0312309265136719 -0.0188350677490234 -0.0102376937866211 0.0165109634399414
0.0284976959228516 -0.0191268920898438 -0.0138339996337891 0.0221366882324219
0.0318927764892578 -0.0234947204589844 -0.0206966400146484 0.0261363983154297
0.0371856689453125 -0.0149650573730469 -0.0288352966308594 0.0163307189941406
0.0395889282226562 0.00806808471679688 -0.0329189300537109 0.00476837158203125
0.0282649993896484 0.0284366607666016 -0.0208606719970703 -0.0105571746826172
-0.0109176635742187 0.0441551208496094 -0.00374221801757813 -0.0120639801025391
-0.0376358032226563 0.0355758666992187 -0.00309467315673828 0.0159187316894531
-0.0487174987792969 0.0108604431152344 -0.0454483032226563 0.0224952697753906
-0.0249004364013672 -0.0176124572753906 -0.0451583862304687 0.0382881164550781
-0.0291938781738281 -0.00266647338867188 -0.0418510437011719 0.0413818359375
-0.0241012573242188 0.0133533477783203 -0.0174083709716797 0.0314445495605469
-0.00461578369140625 0.0253009796142578 -0.00895309448242188 0.0220413208007813
0.0123147964477539 0.0170793533325195 -0.0101642608642578 0.0136232376098633
0.0233306884765625 0.00200653076171875 -0.0151233673095703 0.0171394348144531
0.0195713043212891 -0.00934600830078125 -0.0173377990722656 0.0253067016601562
0.0179519653320312 -0.0108604431152344 -0.0187053680419922 0.0309906005859375
0.0211944580078125 -0.0139369964599609 -0.0268325805664062 0.0340385437011719
0.0251922607421875 -0.00887489318847656 -0.0370063781738281 0.0221710205078125
0.0273284912109375 0.0068359375 -0.0392379760742188 0.00663375854492188
0.0187644958496094 0.0211963653564453 -0.0260143280029297 -0.0110397338867188
-0.0123176574707031 0.0300312042236328 -0.00746822357177735 -0.0125837326049805
-0.0316219329833984 0.0178756713867188 -0.0114574432373047 0.0172004699707031
-0.0348224639892578 -0.00580215454101563 -0.0602264404296875 0.0196609497070312
0.00794601440429687 0.02001953125 0.0663566589355469 -0.0193252563476563
0.0197544097900391 0.00022125244140625 0.0211925506591797 -0.011993408203125
0.00539398193359375 -0.0136432647705078 0.00752639770507813 0.0146093368530273
-0.00681304931640625 -0.0108909606933594 0.0323829650878906 0.0188159942626953
-0.011317253112793 -0.00293159484863281 0.0458183288574219 -0.00511550903320313
-0.0103425979614258 0.0051107406616211 0.042449951171875 -0.0315017700195313
-0.00690126419067383 0.00263023376464844 0.0301856994628906 -0.0432815551757813
-0.00722551345825195 -0.000359058380126954 0.0207366943359375 -0.0382003784179688
-0.00803422927856445 -0.00202465057373047 0.0188388824462891 -0.0309104919433594
-0.0041966438293457 -0.00798988342285156 0.0187892913818359 -0.0227127075195313
0.00408935546875 -0.0110235214233398 0.0142850875854492 -0.0171575546264648
0.0137529373168945 -0.00417613983154297 0.0145320892333984 -0.0198593139648438
0.0172119140625 0.0106964111328125 0.0236396789550781 -0.0302410125732422
0.0110874176025391 0.0252780914306641 0.0416107177734375 -0.0398788452148438
-0.00232696533203125 0.0294570922851563 0.050811767578125 -0.032867431640625
-0.01739501953125 0.0329055786132813 0.06622314453125 -0.00806808471679687
0.00556373596191406 0.0214271545410156 0.0217761993408203 -0.00415611267089844
0.00340652465820312 0.00959491729736328 0.00926017761230469 0.0189857482910156
0.00589513778686523 0.00551271438598633 0.0363311767578125 0.0215263366699219
0.00620508193969727 0.00226688385009766 0.0482215881347656 -0.00260543823242188
0.00735712051391601 -0.00189208984375 0.0446319580078125 -0.0304908752441406
0.00664710998535156 -0.0102663040161133 0.0304527282714844 -0.0433540344238281
0.00687313079833984 -0.0118856430053711 0.0195426940917969 -0.037200927734375
0.00806999206542969 -0.0139045715332031 0.017242431640625 -0.0294609069824219
0.015625 -0.0127592086791992 0.0176315307617188 -0.0227489471435547
0.0230808258056641 -0.00286865234375 0.0110645294189453 -0.0159902572631836
0.0246047973632813 0.0130653381347656 0.0119352340698242 -0.017298698425293
0.00928497314453125 0.0327053070068359 0.0175800323486328 -0.0273971557617187
-0.0077056884765625 0.0441932678222656 0.034088134765625 -0.0337333679199219
-0.0262107849121094 0.0408897399902344 0.0436172485351563 -0.0239219665527344
-0.0427131652832031 0.0398674011230469 0.0567512512207031 0.00536727905273438
-0.0138320922851563 0.0399894714355469 0.0170907974243164 0.00785160064697266
-0.00141525268554687 0.0346717834472656 0.00842857360839844 0.0264129638671875
0.0170974731445313 0.0246505737304687 0.03631591796875 0.027130126953125
0.0236930847167969 0.00936508178710938 0.04595947265625 0.00183486938476563
0.0260295867919922 -0.00732803344726562 0.0420303344726563 -0.0252876281738281
0.0204906463623047 -0.0212669372558594 0.0275077819824219 -0.0367546081542969
0.0199375152587891 -0.0217494964599609 0.0152969360351563 -0.0306682586669922
0.0231246948242188 -0.0248260498046875 0.0119552612304688 -0.0221138000488281
0.0326042175292969 -0.0182571411132813 0.0106582641601563 -0.019012451171875
0.0389823913574219 0.00202560424804688 0.00373458862304688 -0.013361930847168
0.0352783203125 0.02471923828125 0.00531864166259766 -0.0161046981811523
0.00552368164062499 0.0498619079589844 0.0112686157226562 -0.0241851806640625
-0.020843505859375 0.0586280822753906 0.0260009765625 -0.0239086151123047
-0.0443992614746094 0.04730224609375 0.0300273895263672 -0.0123558044433594
-0.0619468688964844 0.0409469604492187 0.0385551452636719 0.0211868286132813
-0.0333518981933594 0.0518913269042969 0.00690650939941406 0.0222492218017578
-0.00923919677734376 0.0552749633789063 0.00449180603027344 0.0335521697998047
0.0239448547363281 0.0429611206054688 0.0308494567871094 0.031402587890625
0.0381851196289063 0.0175056457519531 0.0386772155761719 0.00774002075195313
0.0414199829101563 -0.0100440979003906 0.0349102020263672 -0.0164089202880859
0.0315608978271484 -0.0288600921630859 0.0212116241455078 -0.0257911682128906
0.029754638671875 -0.0284271240234375 0.00896263122558594 -0.0189037322998047
0.0339508056640625 -0.0323715209960938 0.00418472290039063 -0.011347770690918
0.0426902770996094 -0.0225296020507813 0.00155162811279297 -0.0113353729248047
0.0498619079589844 0.00371932983398437 -0.00577640533447265 -0.00925922393798828
0.0422859191894531 0.03070068359375 -0.00165081024169922 -0.0138969421386719
0.00384140014648438 0.0591888427734375 0.00585365295410156 -0.0209197998046875
-0.0292854309082031 0.0653495788574219 0.0183467864990234 -0.0130748748779297
-0.0553321838378906 0.0482101440429688 0.0123472213745117 -0.000218391418457028
-0.0714340209960937 0.0330352783203125 0.0132694244384766 0.0342903137207031
-0.0486984252929688 0.0525054931640625 -0.00870132446289063 0.0352363586425781
-0.0194282531738281 0.0654487609863281 -0.00276947021484375 0.0386276245117188
0.02447509765625 0.0563545227050781 0.0212135314941406 0.0342350006103516
0.0448265075683594 0.0252914428710937 0.0263786315917969 0.012786865234375
0.0511054992675781 -0.00996017456054688 0.0223236083984375 -0.005523681640625
0.0378875732421875 -0.0315361022949219 0.0116243362426758 -0.0105600357055664
0.0349845886230469 -0.0308303833007813 0.00188350677490235 -0.00481843948364258
0.039154052734375 -0.0360298156738281 -0.00420331954956054 0.00299644470214844
0.0475234985351562 -0.02423095703125 -0.00923347473144531 -0.0013570785522461
0.0536994934082031 0.00517654418945313 -0.0163154602050781 -0.00336837768554687
0.0437889099121094 0.0335960388183594 -0.00902271270751953 -0.0116081237792969
0.000862121582031251 0.0616340637207031 0.00168991088867187 -0.0169858932495117
-0.0351333618164063 0.0642738342285156 0.0117454528808594 0.000102996826171879
-0.0603904724121094 0.0421180725097656 -0.00753593444824219 0.0118265151977539
-0.0682487487792969 0.0180854797363281 -0.0127906799316406 0.0424690246582031
-0.0543670654296875 0.0407295227050781 -0.0253067016601563 0.0437736511230469
-0.0282783508300781 0.0601005554199219 -0.0107536315917969 0.0400733947753906
0.0166778564453125 0.0575447082519531 0.00858497619628906 0.0329780578613281
0.0417747497558594 0.0291290283203125 0.0114326477050781 0.0155344009399414
0.0510749816894531 -0.0069122314453125 0.00796699523925782 0.00470638275146484
0.0387687683105469 -0.0287055969238281 0.000343799591064456 0.00435733795166015
0.0347099304199219 -0.0283145904541016 -0.00665569305419922 0.0101947784423828
0.038818359375 -0.0330162048339844 -0.0130014419555664 0.0166072845458984
0.0457992553710938 -0.0218925476074219 -0.020355224609375 0.00908851623535156
0.0507698059082031 0.0066070556640625 -0.0256996154785156 0.00180244445800781
0.0393562316894531 0.03277587890625 -0.0159273147583008 -0.0103034973144531
-0.00454711914062499 0.0570106506347656 -0.001190185546875 -0.0138969421386719
-0.0380859375 0.0539398193359375 0.0049448013305664 0.00967025756835938
-0.0588417053222656 0.0294723510742187 -0.0281219482421875 0.0201244354248047
-0.0511932373046875 0.000263214111328129 -0.0349464416503906 0.044464111328125
-0.0465888977050781 0.0203361511230469 -0.0382003784179687 0.0458183288574219
-0.0295753479003906 0.0411376953125 -0.0161399841308594 0.037445068359375
0.00616455078125 0.0456008911132813 -0.00219917297363281 0.0282726287841797
0.0298519134521484 0.0254497528076172 -0.00188922882080078 0.0157260894775391
0.0406074523925781 -0.00312042236328125 -0.00595855712890625 0.0126876831054687
0.0322723388671875 -0.0208034515380859 -0.00999259948730468 0.0180892944335938
0.0289764404296875 -0.0220375061035156 -0.0137062072753906 0.0238990783691406
0.0327701568603516 -0.0253391265869141 -0.0212059020996094 0.0283012390136719
0.0382461547851563 -0.0168800354003906 -0.0300979614257812 0.0179405212402344
0.0422325134277344 0.00661849975585938 -0.0343170166015625 0.00613212585449219
0.0314903259277344 0.0290622711181641 -0.0221843719482422 -0.0102195739746094
-0.009368896484375 0.0465965270996094 -0.0042724609375 -0.0128078460693359
-0.0377655029296875 0.0385284423828125 -0.0029897689819336 0.0167999267578125
-0.0510444641113281 0.0130462646484375 -0.047454833984375 0.0239105224609375
-0.0269794464111328 -0.0172786712646484 -0.0472526550292969 0.0418624877929687
-0.0308513641357422 -0.00166702270507812 -0.0432701110839844 0.0436935424804687
-0.0243396759033203 0.0157375335693359 -0.0183334350585938 0.0325984954833984
-0.00394439697265625 0.0267372131347656 -0.0101566314697266 0.0231895446777344
0.0133934020996094 0.0175762176513672 -0.0102977752685547 0.0147857666015625
0.0242042541503906 0.000858306884765625 -0.0149803161621094 0.0185508728027344
0.0201225280761719 -0.0102939605712891 -0.0163211822509766 0.0270957946777344
0.0183696746826172 -0.0115947723388672 -0.0183868408203125 0.0325412750244141
0.0222816467285156 -0.0151920318603516 -0.0265884399414063 0.036376953125
0.0252170562744141 -0.0103855133056641 -0.0385284423828125 0.0240287780761719
0.028656005859375 0.00586128234863281 -0.0409927368164063 0.00823211669921875
0.0203628540039063 0.021484375 -0.0275917053222656 -0.0104522705078125
-0.0118541717529297 0.0326156616210938 -0.00844860076904297 -0.0132761001586914
-0.0321979522705078 0.0199909210205078 -0.0111770629882813 0.0180149078369141
-0.0363082885742188 -0.00490188598632813 -0.0627098083496094 0.0220832824707031
0.00954437255859375 0.0203819274902344 0.0683822631835938 -0.0241851806640625
0.0210208892822266 -0.000812530517578125 0.0210094451904297 -0.0142555236816406
0.00448131561279297 -0.0139951705932617 0.00822830200195313 0.0150079727172852
-0.00779342651367188 -0.0107326507568359 0.0351295471191406 0.0180625915527344
-0.011683464050293 -0.00216960906982422 0.047454833984375 -0.0076751708984375
-0.0101871490478516 0.00547885894775391 0.0424575805664063 -0.0350875854492188
-0.00686883926391601 0.0028843879699707 0.0286140441894531 -0.0468521118164063
-0.0077977180480957 0.000139713287353516 0.0188827514648438 -0.0410003662109375
-0.00852775573730469 -0.0016026496887207 0.0174446105957031 -0.0336799621582031
-0.00473499298095703 -0.00774955749511719 0.0175533294677734 -0.0252132415771484
0.00336742401123047 -0.0110359191894531 0.0141544342041016 -0.0195579528808594
0.0135498046875 -0.00533485412597656 0.0151996612548828 -0.0221366882324219
0.0181732177734375 0.0100193023681641 0.0236244201660156 -0.0321483612060547
0.0127048492431641 0.0252475738525391 0.0415191650390625 -0.0439910888671875
-0.000743865966796873 0.0313205718994141 0.0516510009765625 -0.0380477905273438
-0.0164680480957031 0.0352249145507813 0.0688972473144531 -0.0118637084960938
0.00686073303222656 0.0222072601318359 0.0224761962890625 -0.00570487976074218
0.00469970703125 0.0101432800292969 0.0106239318847656 0.019866943359375
0.00616312026977539 0.00553369522094727 0.0387916564941406 0.021514892578125
0.00707006454467773 0.00205755233764648 0.0496292114257813 -0.0048675537109375
0.00830602645874023 -0.00281953811645508 0.0443191528320313 -0.0341682434082031
0.00672245025634766 -0.0111541748046875 0.0291481018066406 -0.0466117858886719
0.00619316101074219 -0.0128688812255859 0.0175857543945312 -0.0400390625
0.00793266296386719 -0.0156641006469727 0.0157337188720703 -0.0315170288085938
0.0157623291015625 -0.0143699645996094 0.0159549713134766 -0.0251579284667969
0.0237102508544922 -0.00419235229492188 0.0108547210693359 -0.0183658599853516
0.0263271331787109 0.0121726989746094 0.0120658874511719 -0.0200462341308594
0.0117702484130859 0.0333213806152344 0.0175876617431641 -0.0293121337890625
-0.00578689575195313 0.0464706420898438 0.0341796875 -0.0373077392578125
-0.0251579284667969 0.0444755554199219 0.0452003479003906 -0.0284767150878906
-0.042388916015625 0.04473876953125 0.0601577758789062 0.00305938720703125
-0.0116386413574219 0.0427093505859375 0.0180263519287109 0.00725746154785157
0.00104904174804687 0.03656005859375 0.00970077514648438 0.0271930694580078
0.0194301605224609 0.0248908996582031 0.0388450622558594 0.0267143249511719
0.0263500213623047 0.00862693786621094 0.0482254028320313 0.000236511230468751
0.0270843505859375 -0.00964164733886719 0.0424041748046875 -0.0288429260253906
0.0205173492431641 -0.0237503051757813 0.0261039733886719 -0.0399436950683594
0.0192317962646484 -0.0238094329833984 0.0136909484863281 -0.0323677062988281
0.0225448608398437 -0.0280685424804688 0.0111865997314453 -0.0241146087646484
0.0323104858398438 -0.0212974548339844 0.00955581665039063 -0.0210742950439453
0.0412788391113281 -0.00106430053710938 0.00307941436767578 -0.0152597427368164
0.0379562377929688 0.0237274169921875 0.00562667846679688 -0.0180454254150391
0.00901031494140625 0.0520210266113281 0.0111446380615234 -0.0260334014892578
-0.0184745788574219 0.0626602172851563 0.0258560180664063 -0.0270500183105469
-0.043365478515625 0.0523681640625 0.0312557220458984 -0.0158920288085938
-0.0626182556152344 0.0464630126953125 0.0417404174804687 0.019775390625
-0.0313796997070313 0.0562400817871094 0.00780868530273437 0.0226497650146484
-0.00601959228515624 0.0587348937988281 0.00548934936523438 0.0350666046142578
0.0284538269042969 0.0435714721679688 0.0332965850830078 0.0319938659667969
0.0413284301757813 0.0159263610839844 0.04058837890625 0.00662994384765625
0.0429420471191406 -0.0137596130371094 0.0350170135498047 -0.0185203552246094
0.0316352844238281 -0.0325164794921875 0.0203361511230469 -0.0277099609375
0.0292110443115234 -0.031646728515625 0.00813865661621094 -0.020599365234375
0.0329742431640625 -0.0368461608886719 0.0039205551147461 -0.0117588043212891
0.04345703125 -0.0267715454101563 0.000267028808593753 -0.0123710632324219
0.052703857421875 0.000457763671875 -0.00703716278076172 -0.00969409942626953
0.0461959838867188 0.0292282104492188 -0.00198554992675781 -0.0150794982910156
0.00809478759765626 0.0622024536132813 0.00559234619140625 -0.0219917297363281
-0.0259170532226563 0.070587158203125 0.0185146331787109 -0.0145797729492187
-0.0551033020019531 0.053802490234375 0.0130491256713867 -0.0022125244140625
-0.0727767944335937 0.038482666015625 0.0155677795410156 0.0351161956787109
-0.0472755432128906 0.0581169128417969 -0.00770950317382813 0.0370254516601563
-0.0161781311035156 0.0701980590820313 -0.0019989013671875 0.0407562255859375
0.0288925170898438 0.0570335388183594 0.0233745574951172 0.0347347259521484
0.0490303039550781 0.0235557556152344 0.0279178619384766 0.0127315521240234
0.052703857421875 -0.0140457153320312 0.023406982421875 -0.00655174255371094
0.0377120971679688 -0.0355262756347656 0.0113945007324219 -0.0118274688720703
0.0340957641601563 -0.0342216491699219 0.00110483169555664 -0.00489711761474609
0.0384178161621094 -0.0401573181152344 -0.00427842140197754 0.00297331809997558
0.0475654602050781 -0.028839111328125 -0.0102386474609375 -0.00109577178955078
0.0566444396972656 0.00147247314453125 -0.0177383422851562 -0.00294113159179687
0.0483245849609375 0.0320510864257813 -0.00928783416748046 -0.0122871398925781
0.00491714477539062 0.0646781921386719 0.00169944763183594 -0.0181312561035156
-0.0317497253417969 0.068939208984375 0.0122108459472656 -0.0014495849609375
-0.0603675842285156 0.0476303100585938 -0.00730323791503907 0.0116758346557617
-0.0700263977050781 0.0234603881835938 -0.0114021301269531 0.0456161499023437
-0.0541725158691406 0.0459480285644531 -0.0243759155273438 0.0466499328613281
-0.0256729125976563 0.0645713806152344 -0.01019287109375 0.0419807434082031
0.0217666625976563 0.0591812133789063 0.00958824157714844 0.0342960357666016
0.045684814453125 0.0274772644042969 0.0125789642333984 0.0164041519165039
0.0526542663574219 -0.0112266540527344 0.00900459289550782 0.00504112243652344
0.0382499694824219 -0.0323295593261719 0.000857353210449221 0.00495290756225586
0.0343799591064453 -0.0316066741943359 -0.0067138671875 0.0108070373535156
0.0379676818847656 -0.0375022888183594 -0.0129051208496094 0.0177764892578125
0.0461196899414063 -0.0264968872070313 -0.0211296081542969 0.0103569030761719
0.0537376403808594 0.00299835205078125 -0.0270462036132813 0.00328445434570312
0.0434417724609375 0.0314674377441406 -0.0167837142944336 -0.0100307464599609
-0.000476837158203129 0.0602607727050781 -0.00179576873779297 -0.0149631500244141
-0.03570556640625 0.0594367980957031 0.00540542602539062 0.0096588134765625
-0.0598678588867187 0.0339546203613281 -0.0284633636474609 0.0217800140380859
-0.0536766052246094 0.00386810302734374 -0.0346221923828125 0.0494155883789063
-0.0472869873046875 0.0248908996582031 -0.0375709533691406 0.05035400390625
-0.0281791687011719 0.0448951721191406 -0.0163154602050781 0.039459228515625
0.0104026794433594 0.0480422973632812 -0.00187492370605469 0.0300579071044922
0.0331783294677734 0.0251064300537109 -0.000985145568847653 0.0171680450439453
0.0426406860351563 -0.00626373291015625 -0.00502586364746093 0.0140285491943359
0.0318889617919922 -0.0243015289306641 -0.00944900512695312 0.0190906524658203
0.0279254913330078 -0.0244045257568359 -0.0125465393066406 0.0249671936035156
0.0320053100585938 -0.0291366577148438 -0.0200462341308594 0.0305824279785156
0.038543701171875 -0.0213050842285156 -0.0304431915283203 0.0209236145019531
0.0443611145019531 0.0036773681640625 -0.0356216430664063 0.00824737548828125
0.0340538024902344 0.0280647277832031 -0.0236854553222656 -0.009429931640625
-0.00639724731445313 0.0499191284179688 -0.00507831573486328 -0.0135593414306641
-0.0364227294921875 0.0428199768066406 -0.00204181671142578 0.0168066024780273
-0.0521888732910156 0.0161857604980469 -0.0480613708496094 0.0272865295410156
-0.02886962890625 -0.0155658721923828 -0.0478515625 0.047271728515625
-0.0323257446289062 0.000616073608398441 -0.0433845520019531 0.0484085083007813
-0.0241737365722656 0.0178279876708984 -0.0181522369384766 0.0348453521728516
-0.00165557861328125 0.0277957916259766 -0.00998687744140625 0.0253925323486328
0.0156106948852539 0.0169429779052734 -0.0102548599243164 0.0167160034179688
0.0254020690917969 -0.0011444091796875 -0.0139522552490234 0.0207176208496094
0.0201282501220703 -0.0122089385986328 -0.0153865814208984 0.0295448303222656
0.0178298950195313 -0.0141448974609375 -0.0170021057128906 0.0347251892089844
0.021575927734375 -0.0176925659179688 -0.0256576538085938 0.0392913818359375
0.0262107849121094 -0.01312255859375 -0.0389518737792969 0.0275039672851563
0.0304775238037109 0.00451278686523438 -0.0422515869140625 0.0111961364746094
0.0222816467285156 0.0206947326660156 -0.0296726226806641 -0.00970840454101562
-0.00984764099121094 0.0345611572265625 -0.00881385803222656 -0.0135602951049805
-0.0319175720214844 0.0227165222167969 -0.0103797912597656 0.0188198089599609
-0.0377349853515625 -0.00391769409179687 -0.0643424987792969 0.0258750915527344
0.0110645294189453 0.0198898315429688 0.068450927734375 -0.0293159484863281
0.0211296081542969 -0.00277900695800781 0.0197601318359375 -0.0162696838378906
0.00398826599121094 -0.0144128799438477 0.00989627838134765 0.0142946243286133
-0.0088357925415039 -0.00995635986328125 0.0366973876953125 0.0166854858398438
-0.0118494033813477 -0.00103282928466797 0.0476341247558594 -0.0100784301757813
-0.00891494750976563 0.00659751892089844 0.0405426025390625 -0.0384559631347656
-0.00620126724243164 0.00320768356323242 0.0250015258789062 -0.0498886108398437
-0.00763416290283203 0.000390529632568358 0.0158958435058594 -0.0428047180175781
-0.00870752334594727 -0.00141382217407227 0.0149650573730469 -0.035430908203125
-0.00524282455444336 -0.00731563568115234 0.0157642364501953 -0.0271816253662109
0.00277233123779297 -0.0105533599853516 0.0129337310791016 -0.0215644836425781
0.0128660202026367 -0.00614738464355469 0.0146007537841797 -0.0253105163574219
0.019073486328125 0.00843429565429688 0.0230197906494141 -0.0346870422363281
0.0143089294433594 0.0247592926025391 0.039276123046875 -0.0476875305175781
0.00164794921875 0.0317459106445313 0.0508003234863281 -0.0429649353027344
-0.0145683288574219 0.0371170043945313 0.0700111389160156 -0.0173263549804688
0.00901412963867187 0.0218086242675781 0.0231533050537109 -0.00699996948242187
0.00575828552246094 0.0102443695068359 0.0118331909179687 0.0192642211914063
0.00677394866943359 0.00573539733886719 0.0399932861328125 0.0200119018554688
0.00726604461669922 0.00175905227661133 0.0501365661621094 -0.00849151611328125
0.00835180282592773 -0.00392341613769531 0.043121337890625 -0.0378799438476563
0.00612926483154297 -0.0124692916870117 0.0256309509277344 -0.0495452880859375
0.00577068328857422 -0.0130386352539063 0.0146865844726563 -0.0413665771484375
0.00690364837646484 -0.015690803527832 0.0134258270263672 -0.0337562561035156
0.0145225524902344 -0.0156698226928711 0.0141925811767578 -0.0274581909179688
0.0238723754882813 -0.0057525634765625 0.00912094116210938 -0.0201358795166016
0.0279350280761719 0.0102634429931641 0.0111598968505859 -0.0215625762939453
0.0139102935791016 0.0333232879638672 0.0164833068847656 -0.0309257507324219
-0.00235366821289063 0.0481986999511719 0.0323600769042969 -0.0405387878417969
-0.0228080749511719 0.0470314025878906 0.0450973510742188 -0.0334129333496094
-0.0398139953613281 0.0492172241210938 0.0622215270996094 -0.000934600830078122
-0.00897598266601563 0.0441398620605469 0.0185012817382813 0.00613021850585938
0.00461196899414063 0.0370750427246094 0.0118637084960938 0.0276679992675781
0.0223350524902344 0.0240535736083984 0.0412521362304688 0.0251655578613281
0.0272159576416016 0.00685691833496094 0.0485916137695313 -0.00235748291015625
0.02703857421875 -0.0128669738769531 0.0416107177734375 -0.0315704345703125
0.019134521484375 -0.0260047912597656 0.0232810974121094 -0.0423507690429688
0.0181503295898438 -0.0261096954345703 0.0110340118408203 -0.0337944030761719
0.0205287933349609 -0.0309638977050781 0.00918197631835938 -0.0249176025390625
0.0313148498535156 -0.0243206024169922 0.00777816772460938 -0.0219078063964844
0.0425987243652344 -0.00417327880859375 0.000782012939453127 -0.0164031982421875
0.0411224365234375 0.0208892822265625 0.00493621826171875 -0.0191287994384766
0.0134658813476563 0.0522117614746094 0.00995445251464844 -0.0274944305419922
-0.013763427734375 0.0650062561035156 0.0248966217041016 -0.0290679931640625
-0.0411796569824219 0.0564079284667969 0.0314178466796875 -0.0200061798095703
-0.0595932006835938 0.0520706176757813 0.0438728332519531 0.0176124572753906
-0.027252197265625 0.0598716735839844 0.00907325744628906 0.0229015350341797
-0.000865936279296871 0.06036376953125 0.007232666015625 0.0356216430664063
0.0331382751464844 0.0421981811523438 0.0361328125 0.03076171875
0.0438270568847656 0.0136070251464844 0.0418624877929688 0.00437164306640625
0.0426597595214844 -0.0176010131835937 0.035186767578125 -0.0209846496582031
0.0295677185058594 -0.0354766845703125 0.0186309814453125 -0.029937744140625
0.0273952484130859 -0.0343303680419922 0.00660514831542969 -0.0215702056884766
0.0304832458496094 -0.0402717590332031 0.00260353088378907 -0.0128040313720703
0.0418968200683594 -0.0313224792480469 -0.00159072875976562 -0.0129003524780273
0.0538825988769531 -0.00355148315429688 -0.00819969177246094 -0.0100622177124023
0.0502357482910156 0.0270042419433594 -0.0029296875 -0.0157155990600586
0.0136451721191406 0.0631752014160156 0.00480461120605469 -0.0233707427978516
-0.02020263671875 0.0743560791015625 0.0180149078369141 -0.0170860290527344
-0.0530891418457031 0.0587615966796875 0.0131416320800781 -0.00411605834960937
-0.0710372924804687 0.0454864501953125 0.0193729400634766 0.0348033905029297
-0.0440673828125 0.0630378723144531 -0.00519561767578125 0.0384521484375
-0.0110015869140625 0.072265625 -0.000339508056640623 0.0423126220703125
0.03466796875 0.0559577941894531 0.0248279571533203 0.0346088409423828
0.0517539978027344 0.0202293395996094 0.0294361114501953 0.0117015838623047
0.0522575378417969 -0.0183372497558594 0.0234889984130859 -0.00808525085449219
0.03594970703125 -0.0394783020019531 0.0105762481689453 -0.0127134323120117
0.0321769714355469 -0.0377540588378906 3.38554382324241E-05 -0.00560140609741211
0.0360603332519531 -0.0440521240234375 -0.00415492057800293 0.00363922119140625
0.0460472106933594 -0.0339546203613281 -0.0116109848022461 0.000388145446777342
0.0584983825683594 -0.00344085693359375 -0.0188140869140625 -0.0017242431640625
0.0515708923339844 0.0284996032714844 -0.0104188919067383 -0.0126152038574219
0.0109748840332031 0.0659217834472656 0.000537872314453126 -0.0188140869140625
-0.0267562866210938 0.0731887817382813 0.0126733779907227 -0.00252246856689453
-0.05828857421875 0.0526237487792969 -0.0063018798828125 0.0105352401733398
-0.0698471069335938 0.0294570922851562 -0.00708389282226563 0.047607421875
-0.0517387390136719 0.0510482788085937 -0.0220680236816406 0.0491447448730469
-0.0210952758789062 0.0676956176757813 -0.00847625732421875 0.0434684753417969
0.0271835327148438 0.0585861206054688 0.0111122131347656 0.0346546173095703
0.0487785339355469 0.0243797302246094 0.0145292282104492 0.015960693359375
0.052581787109375 -0.0158805847167969 0.0102424621582031 0.00547409057617187
0.0362129211425781 -0.0359115600585938 0.00156021118164063 0.0050349235534668
0.0320949554443359 -0.0346641540527344 -0.00571727752685547 0.0109071731567383
0.0352897644042969 -0.0411643981933594 -0.0118350982666016 0.0191612243652344
0.0442047119140625 -0.0314292907714844 -0.0211772918701172 0.0117683410644531
0.0552978515625 -0.001373291015625 -0.0276775360107422 0.00527191162109374
0.0471343994140625 0.0287284851074219 -0.0176753997802734 -0.0089874267578125
0.00504302978515624 0.0612983703613281 -0.00237178802490234 -0.0151281356811523
-0.0312080383300781 0.0635948181152344 0.00614118576049805 0.00835704803466797
-0.0583992004394531 0.0391426086425781 -0.0268440246582031 0.0232086181640625
-0.0538139343261719 0.00909042358398437 -0.0317001342773438 0.0524101257324219
-0.0455093383789062 0.0284996032714844 -0.0352592468261719 0.0540504455566406
-0.025177001953125 0.0480842590332031 -0.01416015625 0.0411376953125
0.0136566162109375 0.0480079650878906 -0.000759124755859377 0.0311241149902344
0.0357208251953125 0.0232620239257813 0.000160217285156253 0.0180835723876953
0.0427703857421875 -0.0106277465820312 -0.00363636016845703 0.0155849456787109
0.02984619140625 -0.0275421142578125 -0.00748825073242187 0.0203380584716797
0.0258674621582031 -0.0271530151367188 -0.0109138488769531 0.0261611938476562
0.0307292938232422 -0.0320720672607422 -0.0178298950195313 0.0322761535644531
0.0364036560058594 -0.0244483947753906 -0.0305385589599609 0.0230503082275391
0.0459022521972656 0.000164031982421875 -0.0358657836914062 0.01080322265625
0.0366706848144531 0.0259895324707031 -0.0248146057128906 -0.00756072998046874
-0.00223541259765626 0.0520896911621094 -0.00608730316162109 -0.0134792327880859
-0.0329971313476562 0.0468368530273438 -0.000144958496093751 0.0168924331665039
-0.0522422790527344 0.0207672119140625 -0.0470809936523438 0.0307846069335938
-0.0300579071044922 -0.01336669921875 -0.0457382202148437 0.0527076721191406
-0.0323314666748047 0.00347328186035156 -0.0417137145996094 0.0525131225585938
-0.0227832794189453 0.0199604034423828 -0.017669677734375 0.0367698669433594
0.000690460205078122 0.0287532806396484 -0.0089111328125 0.0270595550537109
0.0172452926635742 0.0166072845458984 -0.0092315673828125 0.0180511474609375
0.0265655517578125 -0.0038299560546875 -0.0119419097900391 0.0224151611328125
0.0189476013183594 -0.0144195556640625 -0.0134220123291016 0.0308780670166016
0.0165071487426758 -0.0158376693725586 -0.0151596069335937 0.0362091064453125
0.0198631286621094 -0.0201759338378906 -0.0234870910644531 0.0421676635742188
0.0251979827880859 -0.0151786804199219 -0.0374755859375 0.0306968688964844
0.0312480926513672 0.00124359130859375 -0.0424461364746094 0.0138053894042969
0.0240077972412109 0.0193805694580078 -0.0305557250976563 -0.00780868530273437
-0.0063323974609375 0.0351715087890625 -0.0096588134765625 -0.0135221481323242
-0.0303859710693359 0.0256214141845703 -0.00909042358398437 0.0195960998535156
-0.0384712219238281 -0.00149917602539062 -0.0635490417480469 0.0306892395019531
0.0113391876220703 0.0181789398193359 0.0663375854492188 -0.0333786010742188
0.0209255218505859 -0.00349807739257812 0.0183868408203125 -0.0171928405761719
0.00171566009521484 -0.0146074295043945 0.0092315673828125 0.0139942169189453
-0.010009765625 -0.00881385803222656 0.0379447937011719 0.0152473449707031
-0.0111808776855469 0.000581741333007811 0.047607421875 -0.012786865234375
-0.00919151306152344 0.00768375396728516 0.0371170043945313 -0.0403060913085938
-0.0060267448425293 0.00268411636352539 0.0218124389648438 -0.051544189453125
-0.00805568695068359 0.00218963623046875 0.0138320922851563 -0.0433311462402344
-0.00816249847412109 -0.000138282775878905 0.0117912292480469 -0.0373573303222656
-0.00553655624389649 -0.00745248794555664 0.0143585205078125 -0.0281429290771484
0.0025482177734375 -0.011082649230957 0.0112171173095703 -0.0234146118164063
0.0135898590087891 -0.00690269470214844 0.0133914947509766 -0.0267429351806641
0.0198383331298828 0.00765609741210938 0.0214900970458984 -0.0350170135498047
0.0150604248046875 0.0232219696044922 0.0366859436035156 -0.0500679016113281
0.00400352478027344 0.0311946868896484 0.0491828918457031 -0.0469818115234375
-0.0114097595214844 0.0384407043457031 0.0674476623535156 -0.0219306945800781
0.00915336608886719 0.0214424133300781 0.02166748046875 -0.00953483581542969
0.00712203979492188 0.0100317001342773 0.01275634765625 0.0192108154296875
0.00784206390380859 0.00580883026123047 0.041748046875 0.0179862976074219
0.00725698471069336 0.00105094909667969 0.0503311157226563 -0.0113143920898438
0.00880908966064453 -0.00515460968017578 0.0397605895996094 -0.0414237976074219
0.00561809539794922 -0.0126752853393555 0.0232620239257813 -0.0510711669921875
0.00507831573486328 -0.0143356323242188 0.0124893188476563 -0.0419197082519531
0.00495719909667969 -0.0166835784912109 0.0112934112548828 -0.0344448089599609
0.0136337280273437 -0.0168485641479492 0.0105190277099609 -0.026885986328125
0.0232925415039063 -0.0076141357421875 0.00793838500976563 -0.0216846466064453
0.02911376953125 0.00954246520996094 0.0104560852050781 -0.0237445831298828
0.0166950225830078 0.0327739715576172 0.0153675079345703 -0.0319290161132813
0.000862121582031245 0.047332763671875 0.0294570922851563 -0.0427894592285156
-0.0196151733398437 0.0473518371582031 0.0423736572265625 -0.0372085571289063
-0.0361671447753906 0.0509223937988281 0.0622787475585938 -0.00510406494140625
-0.00592041015625 0.0442962646484375 0.0190639495849609 0.00540924072265625
0.00725555419921875 0.0383377075195313 0.0120315551757812 0.0265522003173828
0.0232925415039062 0.0230770111083984 0.0424461364746094 0.022125244140625
0.0269508361816406 0.00482559204101563 0.0484886169433594 -0.00495147705078125
0.0266857147216797 -0.0147705078125 0.0401649475097656 -0.0338706970214844
0.0181388854980469 -0.0268974304199219 0.0203666687011719 -0.0430793762207031
0.0158882141113281 -0.0259685516357422 0.00835418701171875 -0.0333976745605469
0.0187473297119141 -0.0302944183349609 0.00650978088378906 -0.0270233154296875
0.0298175811767578 -0.0267429351806641 0.00528526306152344 -0.0224056243896484
0.0416908264160156 -0.00679397583007812 -0.000491142272949216 -0.0167760848999023
0.0426368713378906 0.0181846618652344 0.00409317016601563 -0.0201244354248047
0.0159988403320312 0.0502090454101563 0.00995635986328125 -0.0277252197265625
-0.00946044921875 0.0661506652832031 0.0231361389160156 -0.0305252075195312
-0.0368385314941406 0.0585403442382813 0.0295295715332031 -0.02264404296875
-0.0568313598632813 0.0563545227050781 0.0451583862304687 0.0143890380859375
-0.0241203308105469 0.0609664916992188 0.00997352600097656 0.0210838317871094
0.00321197509765625 0.0597763061523438 0.00858306884765625 0.0352745056152344
0.0350799560546875 0.0400009155273438 0.0370635986328125 0.0282783508300781
0.0443191528320313 0.0108299255371094 0.0417060852050781 0.0028076171875
0.042083740234375 -0.0211448669433594 0.0334854125976562 -0.022552490234375
0.0270614624023438 -0.0379829406738281 0.0157356262207031 -0.0309581756591797
0.0245513916015625 -0.0355949401855469 0.00425338745117188 -0.0219745635986328
0.0267066955566406 -0.041900634765625 0.00130462646484375 -0.0127811431884766
0.0396194458007813 -0.0342941284179688 -0.00269222259521484 -0.0136451721191406
0.0536384582519531 -0.00757217407226563 -0.00958538055419922 -0.00987625122070312
0.0517616271972656 0.0222854614257813 -0.00332450866699218 -0.0165843963623047
0.0181541442871094 0.061248779296875 0.00450897216796875 -0.0229721069335937
-0.015106201171875 0.074188232421875 0.0166912078857422 -0.0176506042480469
-0.0486259460449219 0.0620460510253906 0.0131978988647461 -0.00662136077880859
-0.0683364868164063 0.0497283935546875 0.0207271575927734 0.0325565338134766
-0.0384979248046875 0.0642433166503906 -0.00183486938476563 0.0378150939941406
-0.00694274902343749 0.0743026733398438 9.91821289062456E-05 0.0408287048339844
0.0387763977050781 0.0529060363769531 0.0268459320068359 0.0330371856689453
0.053253173828125 0.0170478820800781 0.0300922393798828 0.00981330871582031
0.0513763427734375 -0.0237846374511719 0.0233860015869141 -0.00959205627441406
0.0337409973144531 -0.0408058166503906 0.00966072082519531 -0.0136308670043945
0.0294456481933594 -0.0404510498046875 -0.000415802001953124 -0.00568866729736328
0.0323448181152344 -0.04632568359375 -0.00443601608276367 0.00420284271240234
0.0419731140136719 -0.0372428894042969 -0.0131187438964844 0.000351905822753906
0.0577507019042969 -0.00817489624023438 -0.0183086395263672 -0.00206184387207031
0.0538368225097656 0.0231513977050781 -0.0106706619262695 -0.0110616683959961
0.0148963928222656 0.0637893676757812 0.000957489013671878 -0.0187473297119141
-0.0204925537109375 0.0746383666992188 0.0124998092651367 -0.0033884048461914
-0.0553817749023438 0.0554924011230469 -0.00522613525390626 0.00975704193115235
-0.0675315856933594 0.0339584350585938 -0.00418090820312501 0.0483245849609375
-0.0469818115234375 0.0531387329101562 -0.0193443298339844 0.0498123168945313
-0.0156402587890625 0.0689544677734375 -0.00611114501953125 0.0441856384277344
0.0307655334472656 0.0557327270507813 0.0130424499511719 0.0348854064941406
0.0506172180175781 0.0212326049804688 0.0144186019897461 0.0167083740234375
0.0517730712890625 -0.0195770263671875 0.0104923248291016 0.00511455535888672
0.0333061218261719 -0.0386199951171875 0.0019223690032959 0.00378966331481933
0.0297317504882812 -0.0366859436035156 -0.00469779968261718 0.0116195678710937
0.0319328308105469 -0.0440788269042969 -0.00960540771484375 0.0193347930908203
0.0415229797363281 -0.0346717834472656 -0.0199871063232422 0.013336181640625
0.0547828674316406 -0.00555038452148437 -0.0263271331787109 0.00664710998535156
0.0474357604980469 0.0252914428710938 -0.0171117782592773 -0.00888252258300781
0.00874328613281249 0.0609207153320312 -0.00257682800292969 -0.015838623046875
-0.0264625549316406 0.0648307800292969 0.00705528259277344 0.00794315338134766
-0.05548095703125 0.0426292419433594 -0.0260238647460938 0.0240097045898438
-0.0515556335449219 0.0123252868652344 -0.027923583984375 0.0549392700195312
-0.0442543029785156 0.0323715209960938 -0.0313186645507812 0.054443359375
-0.0218391418457031 0.0496826171875 -0.0133552551269531 0.0409736633300781
0.0177192687988281 0.0466957092285156 -1.71661376953123E-05 0.0324344635009766
0.0377464294433594 0.0201301574707031 0.00185203552246094 0.0195178985595703
0.0419082641601563 -0.01416015625 -0.00247097015380859 0.0151920318603516
0.0292739868164062 -0.0298213958740234 -0.00552558898925781 0.02044677734375
0.0240020751953125 -0.0295619964599609 -0.00789451599121094 0.0269355773925781
0.0271244049072266 -0.0340824127197266 -0.0159912109375 0.0341606140136719
0.0357208251953125 -0.0269279479980469 -0.028411865234375 0.0232467651367188
0.0451011657714844 -0.00299453735351563 -0.0334968566894531 0.0115184783935547
0.0383110046386719 0.0240898132324219 -0.0244464874267578 -0.00661277770996094
0.0016021728515625 0.0517120361328125 -0.00600147247314453 -0.0132322311401367
-0.0296897888183594 0.0486297607421875 0.000101089477539062 0.0165033340454102
-0.05010986328125 0.02337646484375 -0.0453872680664063 0.0332756042480469
-0.0297470092773438 -0.0105152130126953 -0.0422019958496094 0.056182861328125
-0.0308494567871094 0.00424957275390625 -0.0386848449707031 0.0536155700683594
-0.0213069915771484 0.0219821929931641 -0.0155982971191406 0.0371627807617188
0.00429153442382813 0.0280685424804687 -0.00689697265625 0.027557373046875
0.0188217163085938 0.0145473480224609 -0.00720977783203125 0.0199756622314453
0.0255794525146484 -0.00574302673339844 -0.00998115539550781 0.0234031677246094
0.0177211761474609 -0.015380859375 -0.0112533569335937 0.0310096740722656
0.0154867172241211 -0.0172996520996094 -0.0115776062011719 0.0365943908691406
0.0190677642822266 -0.0210456848144531 -0.0194320678710937 0.0433769226074219
0.0229816436767578 -0.0188503265380859 -0.0355949401855469 0.0333976745605469
0.0315876007080078 -0.00110816955566406 -0.041656494140625 0.0157928466796875
0.0259666442871094 0.0168571472167969 -0.0306854248046875 -0.00628471374511718
-0.00414848327636719 0.0351219177246094 -0.00997352600097656 -0.0129308700561523
-0.0285263061523437 0.0275077819824219 -0.00855827331542969 0.0188541412353516
-0.03863525390625 0.00153732299804688 -0.0607490539550781 0.0347518920898438
0.0121364593505859 0.0178680419921875 0.0641632080078125 -0.0361709594726563
0.0197715759277344 -0.0037078857421875 0.0176601409912109 -0.0183162689208984
0.002777099609375 -0.0136470794677734 0.0100440979003906 0.0148954391479492
-0.00970649719238281 -0.00820255279541016 0.0381088256835938 0.0128746032714844
-0.0111455917358398 0.000848770141601561 0.0459022521972656 -0.0141830444335937
-0.00880050659179687 0.00690650939941406 0.03570556640625 -0.0408172607421875
-0.0058445930480957 0.00340414047241211 0.0192985534667969 -0.0512771606445313
-0.0072941780090332 0.00188970565795898 0.0106620788574219 -0.0430641174316406
-0.00833272933959961 0.000457763671875001 0.0102767944335937 -0.0359306335449219
-0.00554847717285156 -0.00616264343261719 0.0127124786376953 -0.0282344818115234
0.00099945068359375 -0.0101938247680664 0.0106124877929688 -0.0237636566162109
0.0118961334228516 -0.00715923309326172 0.0129222869873047 -0.0267124176025391
0.0187702178955078 0.00681304931640625 0.0202713012695313 -0.0348415374755859
0.0160808563232422 0.0219802856445313 0.0352401733398438 -0.0499382019042969
0.00498390197753906 0.0309524536132813 0.047088623046875 -0.0489082336425781
-0.0113372802734375 0.0378570556640625 0.0668373107910156 -0.0239448547363281
0.0109024047851563 0.0205974578857422 0.0209503173828125 -0.0101051330566406
0.006622314453125 0.0100431442260742 0.01226806640625 0.0193443298339844
0.00817680358886719 0.00495624542236328 0.0418624877929688 0.0164260864257813
0.00821161270141602 0.00101375579833984 0.0478096008300781 -0.0115547180175781
0.00787830352783203 -0.00526762008666992 0.0379829406738281 -0.0404243469238281
0.00516128540039063 -0.0126581192016602 0.0197410583496094 -0.0506210327148438
0.00425910949707031 -0.01318359375 0.0090789794921875 -0.0416717529296875
0.00444889068603516 -0.0167360305786133 0.00893592834472656 -0.03448486328125
0.0125341415405273 -0.016963005065918 0.00922966003417969 -0.0281887054443359
0.0232105255126953 -0.00766181945800781 0.00650215148925781 -0.022430419921875
0.0285282135009766 0.00764274597167969 0.0099334716796875 -0.0244636535644531
0.0171489715576172 0.0312786102294922 0.0151252746582031 -0.0318965911865234
0.001983642578125 0.0465507507324219 0.0291824340820313 -0.0421714782714844
-0.0176467895507812 0.0482521057128906 0.0408744812011719 -0.0392379760742187
-0.0344657897949219 0.0512733459472656 0.0609207153320313 -0.00777053833007812
-0.0044403076171875 0.0444145202636719 0.0188083648681641 0.00337028503417969
0.00793838500976563 0.0365829467773437 0.01202392578125 0.0271034240722656
0.0250091552734375 0.021514892578125 0.041900634765625 0.0214462280273438
0.0281620025634766 0.00327110290527344 0.0473899841308594 -0.00606918334960938
0.0252456665039063 -0.0156135559082031 0.0372886657714844 -0.0347824096679687
0.0160942077636719 -0.0276699066162109 0.0184745788574219 -0.0435028076171875
0.0142269134521484 -0.0273056030273438 0.00699996948242187 -0.0338592529296875
0.0163822174072266 -0.0318851470947266 0.00568962097167969 -0.0258197784423828
0.0273265838623047 -0.0271110534667969 0.00328254699707031 -0.0226459503173828
0.0408668518066406 -0.00839614868164063 -0.0011444091796875 -0.0172147750854492
0.0426063537597656 0.0166969299316406 0.00432968139648438 -0.0211715698242188
0.0193595886230469 0.0491981506347656 0.00846290588378906 -0.0277786254882813
-0.00618362426757812 0.0651016235351562 0.0220394134521484 -0.030853271484375
-0.0346145629882813 0.0594825744628906 0.0284252166748047 -0.0246200561523437
-0.0534629821777344 0.0569419860839844 0.0448951721191406 0.0121726989746094
-0.0208320617675781 0.0603523254394531 0.01055908203125 0.0203208923339844
0.0059967041015625 0.059722900390625 0.00839042663574219 0.0345706939697266
0.0369377136230469 0.0379562377929688 0.0366325378417969 0.0272750854492188
0.0444869995117188 0.008056640625 0.0414810180664062 0.001922607421875
0.0399246215820313 -0.0230941772460938 0.032318115234375 -0.0234870910644531
0.0250625610351563 -0.0381393432617188 0.0147876739501953 -0.0307083129882813
0.0226898193359375 -0.0366058349609375 0.00293731689453125 -0.0214157104492188
0.0247573852539062 -0.0430145263671875 0.000805854797363283 -0.0127372741699219
0.0370979309082031 -0.0351333618164063 -0.00469684600830078 -0.012939453125
0.0527191162109375 -0.0100021362304688 -0.00994300842285156 -0.0101032257080078
0.0519866943359375 0.0204925537109375 -0.00295734405517578 -0.0171928405761719
0.0203323364257812 0.0592575073242188 0.00356864929199219 -0.0237083435058594
-0.0115737915039063 0.0739898681640625 0.0161762237548828 -0.0186538696289062
-0.0453910827636719 0.0628280639648437 0.0126895904541016 -0.00760459899902343
-0.0641441345214844 0.0513038635253906 0.0225467681884766 0.0321731567382813
-0.035858154296875 0.0647964477539062 -0.00146484375 0.0369415283203125
-0.00330352783203125 0.0725021362304688 0.00165176391601562 0.0413322448730469
0.040130615234375 0.0507965087890625 0.0271015167236328 0.0324020385742188
0.0530624389648438 0.0138740539550781 0.0291233062744141 0.00933456420898438
0.0493850708007813 -0.0249176025390625 0.0232105255126953 -0.00989532470703125
0.0305976867675781 -0.0426063537597656 0.0088958740234375 -0.0128345489501953
0.0274696350097656 -0.040802001953125 -0.00122404098510742 -0.00546503067016602
0.0292243957519531 -0.0479240417480469 -0.00465297698974609 0.00382804870605468
0.0402870178222656 -0.03875732421875 -0.0127687454223633 0.000224113464355467
0.0570030212402344 -0.0104026794433594 -0.0188655853271484 -0.000545501708984373
0.0543670654296875 0.0215072631835938 -0.0103273391723633 -0.0123224258422852
0.0180320739746094 0.0628395080566406 -7.62939453124976E-05 -0.0190696716308594
-0.0168914794921875 0.0741348266601563 0.0124788284301758 -0.00494766235351562
-0.0514411926269531 0.057220458984375 -0.00542068481445313 0.00946331024169922
-0.0643577575683594 0.0359954833984375 -0.00284957885742188 0.0477104187011719
-0.0443305969238281 0.0543136596679687 -0.0173683166503906 0.0494842529296875
-0.0132865905761719 0.0690689086914063 -0.00591659545898438 0.0431251525878906
0.0333480834960937 0.0539474487304688 0.0128383636474609 0.0338897705078125
0.0504989624023438 0.0182456970214844 0.0148649215698242 0.0162725448608398
0.0494537353515625 -0.0221138000488281 0.0112314224243164 0.00410747528076172
0.0310020446777344 -0.0397872924804688 0.00201940536499024 0.00427865982055664
0.0274505615234375 -0.0376358032226563 -0.00506687164306641 0.010930061340332
0.0294113159179688 -0.0447654724121094 -0.00937080383300781 0.0191745758056641
0.0392341613769531 -0.0360031127929688 -0.0208530426025391 0.0135936737060547
0.0536117553710938 -0.00855255126953125 -0.0267620086669922 0.00803756713867187
0.0493354797363281 0.0224533081054688 -0.0172386169433594 -0.00834369659423828
0.0121803283691406 0.0600090026855469 -0.00335216522216797 -0.0152664184570312
-0.0228729248046875 0.0643234252929687 0.0076136589050293 0.0070948600769043
-0.0530204772949219 0.0442390441894531 -0.0242557525634766 0.0237560272216797
-0.05072021484375 0.0148811340332031 -0.02557373046875 0.0559883117675781
-0.0414199829101563 0.0331916809082031 -0.0303230285644531 0.0556716918945313
-0.019378662109375 0.0499153137207031 -0.0123291015625 0.0420722961425781
0.0202522277832031 0.0449295043945313 0.000909805297851563 0.0322170257568359
0.0373573303222656 0.017486572265625 0.00163841247558594 0.018463134765625
0.0406570434570313 -0.0155830383300781 -0.00128173828125 0.0150852203369141
0.0256748199462891 -0.0298309326171875 -0.00459861755371094 0.0196628570556641
0.0228843688964844 -0.0301170349121094 -0.00856971740722656 0.0264873504638672
0.0256614685058594 -0.0362815856933594 -0.0140266418457031 0.0338973999023438
0.0333614349365234 -0.0286521911621094 -0.0280666351318359 0.0250644683837891
0.0448722839355469 -0.0052490234375 -0.0336685180664063 0.0145626068115234
0.0392417907714844 0.0209426879882813 -0.0240440368652344 -0.00585746765136718
0.004547119140625 0.0505256652832031 -0.0067148208618164 -0.0138521194458008
-0.0266304016113281 0.0483856201171875 0.00133800506591797 0.0155115127563477
-0.04833984375 0.0244979858398437 -0.0430145263671875 0.0330314636230469
-0.0298728942871094 -0.00886917114257813 -0.0402336120605469 0.0569419860839844
-0.0299072265625 0.00691413879394531 -0.0364990234375 0.0554733276367188
-0.0197944641113281 0.0225696563720703 -0.0149879455566406 0.0376815795898437
0.00422859191894531 0.0274257659912109 -0.0078125 0.0282211303710937
0.0191154479980469 0.0137958526611328 -0.00727081298828125 0.0196685791015625
0.0241756439208984 -0.00702476501464844 -0.00844192504882813 0.0227584838867188
0.0165491104125977 -0.0165796279907227 -0.009368896484375 0.0314826965332031
0.0149822235107422 -0.0166959762573242 -0.0107765197753906 0.0368537902832031
0.0176181793212891 -0.0218276977539063 -0.0180625915527344 0.0426902770996094
0.0228252410888672 -0.0180759429931641 -0.0338611602783203 0.0338287353515625
0.0306129455566406 -0.00177955627441406 -0.039825439453125 0.0179901123046875
0.0254402160644531 0.0162010192871094 -0.0303153991699219 -0.00539779663085937
-0.00273513793945313 0.0355339050292969 -0.0105075836181641 -0.0133438110351562
-0.0259933471679687 0.0276012420654297 -0.00712394714355469 0.0189151763916016
-0.0371360778808594 0.00263595581054687 -0.0591888427734375 0.0355339050292969
0.0122013092041016 0.0174894332885742 0.0627937316894531 -0.0369796752929688
0.0195388793945313 -0.00469779968261719 0.0170688629150391 -0.0185203552246094
0.00235176086425781 -0.0140752792358398 0.00951862335205078 0.0145626068115234
-0.00949287414550781 -0.00796985626220703 0.0381622314453125 0.0125579833984375
-0.0111989974975586 0.000858306884765624 0.0456619262695313 -0.0142288208007813
-0.00797033309936523 0.0067758560180664 0.0346527099609375 -0.041473388671875
-0.0051875114440918 0.0040287971496582 0.01837158203125 -0.0512733459472656
-0.00689411163330078 0.00254535675048828 0.00938796997070312 -0.0428924560546875
-0.00836515426635742 0.000549793243408203 0.00928115844726563 -0.0365791320800781
-0.00535869598388672 -0.00557422637939453 0.011322021484375 -0.0286121368408203
0.00117683410644531 -0.0102777481079102 0.00961875915527344 -0.0245494842529297
0.0114727020263672 -0.00706291198730469 0.0127296447753906 -0.0274314880371094
0.0187015533447266 0.00618934631347656 0.0206661224365234 -0.0345993041992188
0.0158367156982422 0.0223522186279297 0.0346450805664063 -0.0505027770996094
0.00473403930664062 0.030242919921875 0.0468521118164063 -0.0502777099609375
-0.0106658935546875 0.0375823974609375 0.0656852722167969 -0.02508544921875
0.0107746124267578 0.0206432342529297 0.0202960968017578 -0.0104427337646484
0.00717067718505859 0.010009765625 0.0119743347167969 0.0194625854492188
0.00830268859863281 0.00474262237548828 0.0413780212402344 0.0155754089355469
0.00788021087646484 0.000758171081542969 0.0478858947753906 -0.0120429992675781
0.00793981552124023 -0.00532054901123047 0.0371665954589844 -0.0404853820800781
0.00526046752929688 -0.012995719909668 0.0187950134277344 -0.0501861572265625
0.00417709350585938 -0.0133037567138672 0.00804901123046875 -0.0412864685058594
0.00470733642578125 -0.0166187286376953 0.00778961181640625 -0.0340976715087891
0.0121355056762695 -0.0169992446899414 0.00838661193847656 -0.0285396575927734
0.0227298736572266 -0.00848770141601563 0.00545120239257813 -0.0225181579589844
0.0282611846923828 0.00719451904296875 0.00990867614746094 -0.024993896484375
0.0174751281738281 0.0307960510253906 0.0154972076416016 -0.0311813354492187
0.00296783447265625 0.0464363098144531 0.0289192199707031 -0.0429306030273438
-0.0170631408691406 0.0483589172363281 0.0411491394042969 -0.04095458984375
-0.0335426330566406 0.0520744323730469 0.0599861145019531 -0.008880615234375
-0.00334930419921875 0.0437355041503906 0.0178451538085937 0.00311470031738281
0.00937652587890625 0.0364913940429687 0.0120410919189453 0.0267162322998047
0.0256500244140625 0.0211601257324219 0.0415763854980469 0.0213356018066406
0.0283164978027344 0.00310325622558594 0.0466079711914063 -0.00613784790039063
0.0248966217041016 -0.0168361663818359 0.036590576171875 -0.0347633361816406
0.0156135559082031 -0.0283184051513672 0.0174980163574219 -0.0430755615234375
0.0142345428466797 -0.0272006988525391 0.00570106506347656 -0.0336837768554687
0.0158214569091797 -0.032379150390625 0.00462150573730469 -0.0257492065429688
0.0263500213623047 -0.0282821655273438 0.00231361389160157 -0.0228824615478516
0.0404052734375 -0.00934600830078125 -0.00174522399902343 -0.0172595977783203
0.0428619384765625 0.0153846740722656 0.00365257263183594 -0.0221023559570313
0.019287109375 0.0490646362304687 0.00899696350097657 -0.0282459259033203
-0.00529861450195312 0.0649909973144531 0.0221900939941406 -0.0322780609130859
-0.0339622497558594 0.0597305297851562 0.0285396575927734 -0.0258884429931641
-0.0521659851074219 0.0574493408203125 0.0451202392578125 0.0113029479980469
-0.0192794799804688 0.060302734375 0.0108814239501953 0.0195369720458984
0.00649261474609375 0.0593376159667969 0.0084381103515625 0.0343608856201172
0.0380821228027344 0.0368728637695313 0.0365447998046875 0.0275611877441406
0.0445518493652344 0.007171630859375 0.04071044921875 0.00167083740234375
0.0392112731933594 -0.0243110656738281 0.0318756103515625 -0.0239429473876953
0.0240287780761719 -0.0385360717773438 0.0136775970458984 -0.0306892395019531
0.0217437744140625 -0.0370292663574219 0.00191307067871094 -0.0214099884033203
0.0232353210449219 -0.043426513671875 -0.000302314758300781 -0.0124807357788086
0.0352249145507813 -0.0361862182617188 -0.00556468963623047 -0.0124883651733398
0.0519256591796875 -0.0112037658691406 -0.0102710723876953 -0.00985908508300781
0.0523643493652344 0.0185050964355469 -0.00324058532714843 -0.0175952911376953
0.0216865539550781 0.0592575073242187 0.00337791442871094 -0.0236015319824219
-0.0096588134765625 0.0742416381835938 0.0164108276367188 -0.019134521484375
-0.0446243286132812 0.0634117126464844 0.0123538970947266 -0.00910854339599609
-0.0631484985351563 0.0526008605957031 0.0224800109863281 0.0314750671386719
-0.0347785949707031 0.0654144287109375 -0.00176620483398438 0.0363121032714844
-0.0013427734375 0.0723800659179688 0.001708984375 0.0409965515136719
0.0416641235351563 0.049957275390625 0.0262184143066406 0.0326080322265625
0.0533905029296875 0.0125274658203125 0.0292606353759766 0.0097808837890625
0.0482368469238281 -0.02667236328125 0.0229911804199219 -0.009490966796875
0.0295677185058594 -0.0436248779296875 0.00852489471435547 -0.0137872695922852
0.0257225036621094 -0.0413818359375 -0.00159835815429687 -0.00530672073364258
0.0275764465332031 -0.0485305786132813 -0.00410032272338867 0.00359773635864258
0.0386161804199219 -0.0393486022949219 -0.0129709243774414 0.000671386718749999
0.0563697814941406 -0.0120315551757813 -0.0188789367675781 -0.000213623046875002
0.055145263671875 0.0198554992675781 -0.0104637145996094 -0.0130271911621094
0.0196571350097656 0.0619926452636719 0.000196456909179688 -0.0193672180175781
-0.0151901245117188 0.0742340087890625 0.0124330520629883 -0.00526618957519531
-0.0506057739257812 0.0585594177246094 -0.0051565170288086 0.00829219818115235
-0.0631141662597656 0.0378761291503906 -0.00217437744140625 0.0473899841308594
-0.0427055358886719 0.0550804138183594 -0.0165367126464844 0.0491600036621094
-0.0116729736328125 0.0687675476074219 -0.00607299804687501 0.0434455871582031
0.0343475341796875 0.0527572631835938 0.0124549865722656 0.0339832305908203
0.0510826110839844 0.0169525146484375 0.0150289535522461 0.0164680480957031
0.0484085083007813 -0.0237274169921875 0.0113773345947266 0.00401020050048828
0.029937744140625 -0.0405654907226563 0.0018465518951416 0.00413823127746582
0.0263290405273437 -0.0384407043457031 -0.00522613525390625 0.0111837387084961
0.0278892517089844 -0.0460243225097656 -0.00924491882324218 0.0192508697509766
0.0377273559570313 -0.0368576049804688 -0.0206565856933594 0.0137882232666016
0.0538368225097656 -0.00994110107421875 -0.0262718200683594 0.00789642333984375
0.0500030517578125 0.0206985473632812 -0.0170364379882813 -0.00865554809570313
0.0137138366699219 0.0590553283691406 -0.00332450866699219 -0.0158538818359375
-0.0210418701171875 0.0648956298828125 0.00715160369873047 0.00628423690795899
-0.0522994995117188 0.044921875 -0.0242099761962891 0.0234279632568359
-0.05010986328125 0.0161819458007813 -0.0250205993652344 0.0563926696777344
-0.0403099060058594 0.0339736938476562 -0.0292510986328125 0.0553398132324219
-0.0181236267089844 0.0501556396484375 -0.012451171875 0.04180908203125
0.0208320617675781 0.0441207885742188 0.000436782836914064 0.0323162078857422
0.0379104614257813 0.0172233581542969 0.00171279907226563 0.0192241668701172
0.0395011901855469 -0.0168304443359375 -7.53402709960905E-05 0.0154428482055664
0.0251827239990234 -0.0310077667236328 -0.00423622131347656 0.0203647613525391
0.0220394134521484 -0.0304622650146484 -0.00789833068847656 0.0260009765625
0.0246543884277344 -0.0364913940429688 -0.0130710601806641 0.0334320068359375
0.0315151214599609 -0.0293636322021484 -0.0274658203125 0.0256233215332031
0.0446319580078125 -0.00646209716796875 -0.0335407257080078 0.0148067474365234
0.039794921875 0.0196456909179688 -0.0238494873046875 -0.00614929199218749
0.00530242919921875 0.0497245788574219 -0.00655937194824219 -0.01361083984375
-0.0253562927246094 0.0487823486328125 0.00107669830322265 0.0149879455566406
-0.0476837158203125 0.0255241394042969 -0.0426177978515625 0.033447265625
-0.0291633605957031 -0.00833320617675781 -0.038482666015625 0.0583877563476562
-0.0295047760009766 0.00746726989746094 -0.0360336303710937 0.0552482604980469
-0.0191421508789063 0.0227985382080078 -0.0153045654296875 0.0377159118652344
0.00551223754882812 0.0265960693359375 -0.00769233703613281 0.0287876129150391
0.0190334320068359 0.0126972198486328 -0.00686264038085938 0.0206432342529297
0.0237655639648437 -0.00770950317382812 -0.00775718688964843 0.0231971740722656
0.0160923004150391 -0.0169382095336914 -0.00874710083007812 0.0314846038818359
0.0146160125732422 -0.0177135467529297 -0.00986862182617187 0.0366706848144531
0.0168418884277344 -0.0219841003417969 -0.01708984375 0.0426216125488281
0.0219402313232422 -0.0184555053710938 -0.0328922271728516 0.0341224670410156
0.0307140350341797 -0.00317573547363281 -0.0391998291015625 0.0187568664550781
0.0258235931396484 0.0155963897705078 -0.0300655364990234 -0.00512504577636719
-0.00189590454101562 0.0355682373046875 -0.0106124877929688 -0.0130739212036133
-0.0249862670898438 0.0277671813964844 -0.00692939758300782 0.0184478759765625
-0.0370712280273438 0.00296783447265626 -0.0579452514648438 0.0365715026855469
0.0119075775146484 0.01751708984375 0.0633659362792969 -0.0383377075195313
0.0196762084960938 -0.00472640991210938 0.0162467956542969 -0.0191154479980469
0.00251007080078125 -0.0134658813476563 0.00976085662841797 0.0151948928833008
-0.00978565216064453 -0.00748348236083985 0.0386924743652344 0.0127792358398438
-0.0108489990234375 0.00153923034667969 0.0459060668945313 -0.0152626037597656
-0.00827503204345703 0.00713253021240235 0.0345001220703125 -0.0421142578125
-0.00536060333251953 0.00423240661621094 0.0178337097167969 -0.052001953125
-0.00661420822143555 0.00281143188476562 0.00878143310546875 -0.0439186096191406
-0.00838232040405273 0.00112056732177735 0.00834274291992187 -0.0371170043945313
-0.00581598281860351 -0.00527715682983398 0.0107517242431641 -0.0296096801757812
0.00123882293701172 -0.0100135803222656 0.00911521911621094 -0.0254859924316406
0.0115070343017578 -0.00755405426025391 0.0127735137939453 -0.0284538269042969
0.0186996459960938 0.00582313537597656 0.0212898254394531 -0.0351486206054688
0.0168724060058594 0.0223369598388672 0.0350532531738281 -0.0515174865722656
0.00519180297851563 0.0308513641357422 0.047393798828125 -0.0530853271484375
-0.01068115234375 0.0383720397949219 0.0665931701660156 -0.0266494750976562
0.0109500885009766 0.0206165313720703 0.0197772979736328 -0.0107002258300781
0.00783538818359375 0.0106716156005859 0.0122966766357422 0.01995849609375
0.00865745544433594 0.00480842590332031 0.0420036315917969 0.0159835815429688
0.00884914398193359 0.000763893127441406 0.0487747192382813 -0.0121116638183594
0.00789737701416016 -0.00627517700195313 0.0374794006347656 -0.0414352416992188
0.00460338592529297 -0.0137290954589844 0.0180816650390625 -0.0511322021484375
0.00362682342529297 -0.0136375427246094 0.00751495361328125 -0.041778564453125
0.00407695770263672 -0.0170097351074219 0.00704574584960938 -0.0348300933837891
0.0118961334228516 -0.0178642272949219 0.00781822204589844 -0.0292167663574219
0.0228652954101563 -0.009033203125 0.0051116943359375 -0.0230159759521484
0.0284786224365234 0.00692176818847656 0.00992774963378906 -0.026458740234375
0.0175762176513672 0.0314064025878906 0.0160713195800781 -0.032257080078125
0.00360870361328125 0.0477027893066406 0.0291290283203125 -0.0441017150878906
-0.0167007446289062 0.0497322082519531 0.0416259765625 -0.0428619384765625
-0.0332145690917969 0.0532989501953125 0.0608177185058594 -0.0100517272949219
-0.00307464599609375 0.0447883605957031 0.0178623199462891 0.00240898132324219
0.0101432800292969 0.0374755859375 0.0119190216064453 0.0276470184326172
0.0267124176025391 0.0210361480712891 0.0419387817382813 0.02166748046875
0.0289344787597656 0.00242042541503906 0.0471992492675781 -0.00640869140625
0.024627685546875 -0.0176734924316406 0.036895751953125 -0.0349197387695313
0.0148715972900391 -0.0293731689453125 0.0163841247558594 -0.0441322326660156
0.0136947631835937 -0.0276908874511719 0.00480461120605469 -0.0344161987304688
0.0150871276855469 -0.0330047607421875 0.00386238098144531 -0.0261344909667969
0.025665283203125 -0.0286617279052734 0.00134849548339844 -0.0232677459716797
0.0409088134765625 -0.0106773376464844 -0.00220680236816406 -0.0182914733886719
0.0438652038574219 0.0143585205078125 0.00404548645019531 -0.0229759216308594
0.02056884765625 0.0497856140136719 0.00927925109863282 -0.0287227630615234
-0.0044097900390625 0.0658721923828125 0.0225734710693359 -0.0327491760253906
-0.03411865234375 0.0614013671875 0.0287990570068359 -0.0276908874511719
-0.0525856018066406 0.0594978332519531 0.0459213256835938 0.0108528137207031
-0.0190811157226563 0.061737060546875 0.0108184814453125 0.0193138122558594
0.00768280029296875 0.0606880187988281 0.0077972412109375 0.0354156494140625
0.0397415161132813 0.0367851257324219 0.0368614196777344 0.0280036926269531
0.0455169677734375 0.00630569458007813 0.0409965515136719 0.0016326904296875
0.0391960144042969 -0.0261192321777344 0.0322265625 -0.0240688323974609
0.0235404968261719 -0.0402069091796875 0.0132617950439453 -0.03094482421875
0.0209121704101562 -0.0381622314453125 0.00139045715332032 -0.0214157104492188
0.0226707458496094 -0.0449028015136719 -0.000464439392089841 -0.0129528045654297
0.0344963073730469 -0.0375747680664063 -0.00641155242919922 -0.0126209259033203
0.0524635314941406 -0.0132675170898438 -0.0106382369995117 -0.00965404510498047
0.0536994934082031 0.0176658630371094 -0.00337028503417968 -0.0190391540527344
0.0230369567871094 0.0599136352539062 0.00361061096191406 -0.0245857238769531
-0.00875854492187501 0.0755996704101563 0.0171089172363281 -0.0197200775146484
-0.0446662902832031 0.0653419494628906 0.0124359130859375 -0.0102348327636719
-0.0632781982421875 0.0538825988769531 0.0230503082275391 0.0313186645507813
-0.0336799621582031 0.0663566589355469 -0.00189971923828125 0.0360603332519531
3.81469726562471E-05 0.0739059448242188 0.000946044921875001 0.0420188903808594
0.0433006286621094 0.049468994140625 0.0263023376464844 0.0334548950195313
0.0544242858886719 0.0115699768066406 0.0295772552490234 0.0104522705078125
0.0480613708496094 -0.0286865234375 0.0232353210449219 -0.0102062225341797
0.0285072326660156 -0.0448532104492188 0.00817584991455078 -0.0139045715332031
0.0253868103027344 -0.0426826477050781 -0.00208425521850586 -0.00536918640136719
0.02703857421875 -0.0499038696289063 -0.00456905364990234 0.00350284576416015
0.0380401611328125 -0.0408821105957031 -0.0138149261474609 0.000861167907714839
0.0570030212402344 -0.0141754150390625 -0.0190181732177734 -0.000429153442382813
0.0560989379882812 0.0186309814453125 -0.0111093521118164 -0.0141229629516602
0.0214271545410156 0.0632514953613281 0.000102996826171875 -0.0201702117919922
-0.0138168334960937 0.0755615234375 0.0128250122070313 -0.00568771362304687
-0.0510368347167969 0.05999755859375 -0.00554656982421875 0.00789213180541992
-0.06317138671875 0.0389175415039063 -0.00183868408203125 0.0482139587402344
-0.0428657531738281 0.0561027526855469 -0.0164108276367188 0.0496139526367187
-0.0109214782714844 0.0702781677246094 -0.00694656372070312 0.0440788269042969
0.0360450744628906 0.0527992248535156 0.0128555297851563 0.0348052978515625
0.0518074035644531 0.016143798828125 0.0151071548461914 0.0171794891357422
0.0489692687988281 -0.0253334045410156 0.0118646621704102 0.00446796417236328
0.0293731689453125 -0.0420684814453125 0.00217819213867188 0.00456094741821289
0.0256576538085938 -0.0398521423339844 -0.00551509857177734 0.0115089416503906
0.026947021484375 -0.048004150390625 -0.00924110412597656 0.0197772979736328
0.0373420715332031 -0.0384025573730469 -0.0212955474853516 0.0144233703613281
0.0543136596679688 -0.0120773315429688 -0.0266532897949219 0.00853729248046875
0.0513687133789062 0.0196990966796875 -0.0176906585693359 -0.00946426391601563
0.0151519775390625 0.0596809387207031 -0.0036783218383789 -0.0166549682617187
-0.0201644897460937 0.066314697265625 0.0077061653137207 0.00608205795288086
-0.0525245666503906 0.0466995239257812 -0.024261474609375 0.0237236022949219
-0.050384521484375 0.0171432495117187 -0.0249671936035156 0.0580520629882813
-0.0403175354003906 0.03509521484375 -0.0294075012207031 0.0561485290527344
-0.0178947448730469 0.0513114929199219 -0.0130119323730469 0.0426406860351563
0.0226325988769531 0.0442543029785156 0.000516891479492192 0.0330657958984375
0.0389747619628906 0.0165596008300781 0.00153541564941406 0.0200462341308594
0.0393257141113281 -0.0183143615722656 0.000398635864257814 0.0163097381591797
0.0244140625 -0.0316314697265625 -0.00440216064453125 0.0209770202636719
0.0215835571289063 -0.0311431884765625 -0.00794029235839843 0.0265121459960938
0.0236358642578125 -0.0383415222167969 -0.0130519866943359 0.0341110229492187
0.031158447265625 -0.0304183959960937 -0.0279369354248047 0.0264873504638672
0.0454940795898438 -0.00833511352539063 -0.0337791442871094 0.0155410766601563
0.0408859252929688 0.0188102722167969 -0.0245151519775391 -0.00627899169921875
0.006622314453125 0.0502052307128906 -0.00694370269775391 -0.0139188766479492
-0.0240859985351562 0.0500450134277344 0.00175380706787109 0.0146493911743164
-0.0486183166503906 0.0265464782714844 -0.0430755615234375 0.0343475341796875
-0.0289535522460938 -0.00771331787109375 -0.0386543273925781 0.0603256225585938
-0.0298328399658203 0.00759506225585937 -0.0358428955078125 0.0566139221191406
-0.0191974639892578 0.0233783721923828 -0.0159339904785156 0.0384635925292969
0.00602340698242188 0.0269241333007813 -0.00809669494628907 0.0300197601318359
0.0198860168457031 0.0125675201416016 -0.00700759887695313 0.0216541290283203
0.0240821838378906 -0.00852394104003906 -0.0077362060546875 0.0239791870117188
0.0157737731933594 -0.0175724029541016 -0.00843429565429688 0.0323085784912109
0.0141735076904297 -0.01800537109375 -0.00969696044921875 0.0371437072753906
0.0165367126464844 -0.0234699249267578 -0.0167350769042969 0.0437507629394531
0.0218372344970703 -0.0195598602294922 -0.0332126617431641 0.0350017547607422
0.0313262939453125 -0.00393295288085938 -0.0395851135253906 0.0193977355957031
0.0269451141357422 0.0152626037597656 -0.0304851531982422 -0.00548362731933594
-0.000995635986328126 0.0359573364257813 -0.0106468200683594 -0.0137796401977539
-0.0247802734375 0.0281753540039062 -0.00633430480957032 0.0187702178955078
-0.0376319885253906 0.00356292724609375 -0.0584220886230469 0.037841796875
0.0122795104980469 0.0177879333496094 0.0637168884277344 -0.0414543151855469
0.0200328826904297 -0.00548934936523438 0.0160980224609375 -0.0202903747558594
0.00206565856933594 -0.0136575698852539 0.0100536346435547 0.0160236358642578
-0.0100278854370117 -0.00729465484619141 0.0403213500976563 0.0126724243164063
-0.0107240676879883 0.00182247161865235 0.0473556518554688 -0.0167236328125
-0.00795507431030273 0.00776004791259766 0.0348434448242188 -0.044097900390625
-0.00537729263305664 0.00406265258789063 0.0162239074707031 -0.05419921875
-0.00696229934692383 0.00367498397827148 0.00786590576171875 -0.0451736450195312
-0.00873613357543945 0.00171947479248047 0.0074920654296875 -0.0386161804199219
-0.00642251968383789 -0.00532865524291992 0.0098876953125 -0.0308284759521484
0.000810623168945313 -0.0101299285888672 0.00819587707519531 -0.0268402099609375
0.0112733840942383 -0.00748348236083984 0.0126075744628906 -0.0299015045166016
0.0189666748046875 0.00548171997070312 0.0219688415527344 -0.037322998046875
0.0176334381103516 0.0227031707763672 0.0355224609375 -0.054229736328125
0.00661468505859375 0.0316371917724609 0.0475311279296875 -0.0570640563964844
-0.0105972290039063 0.0399856567382813 0.0680885314941406 -0.0295372009277344
0.0119705200195313 0.0208377838134766 0.0203227996826172 -0.0118370056152344
0.00869655609130859 0.0113286972045898 0.0122585296630859 0.0212497711181641
0.00923728942871094 0.00451850891113281 0.0435676574707031 0.0159568786621094
0.00928115844726563 0.00043487548828125 0.049835205078125 -0.0133438110351563
0.00814104080200195 -0.0067601203918457 0.0374031066894531 -0.0429534912109375
0.00420856475830078 -0.0145025253295898 0.0167999267578125 -0.053070068359375
0.00327491760253906 -0.0138521194458008 0.00591278076171875 -0.043304443359375
0.00328254699707031 -0.0177593231201172 0.00554275512695313 -0.0361709594726563
0.0112266540527344 -0.0181045532226563 0.00680732727050782 -0.0302352905273438
0.0236186981201172 -0.010345458984375 0.00475883483886719 -0.0249252319335938
0.0298213958740234 0.00612068176269531 0.00992012023925782 -0.0281333923339844
0.0190505981445313 0.0321865081787109 0.0164070129394531 -0.0334892272949219
0.00532913208007813 0.0491905212402344 0.029998779296875 -0.0464096069335938
-0.016082763671875 0.0517349243164063 0.0413818359375 -0.04656982421875
-0.0338134765625 0.0559539794921875 0.0620689392089844 -0.0123252868652344
-0.00169754028320313 0.0456390380859375 0.0182170867919922 0.00164794921875
0.0118217468261719 0.0391082763671875 0.0120792388916016 0.0284671783447266
0.0284290313720703 0.0204639434814453 0.0429344177246094 0.0214691162109375
0.0300559997558594 0.00141143798828125 0.048675537109375 -0.00694656372070313
0.0241298675537109 -0.0195827484130859 0.0369529724121094 -0.0367164611816406
0.0143623352050781 -0.0307731628417969 0.015106201171875 -0.0458755493164063
0.0126857757568359 -0.0294113159179688 0.00342559814453125 -0.0349712371826172
0.0141143798828125 -0.0351333618164063 0.00311470031738282 -0.0269412994384766
0.0255279541015625 -0.0301685333251953 0.000190734863281252 -0.0240726470947266
0.0418777465820313 -0.0124740600585938 -0.00295448303222656 -0.0189876556396484
0.045440673828125 0.0138702392578125 0.00330924987792969 -0.0250473022460938
0.0223808288574219 0.0509567260742188 0.00952529907226563 -0.0299644470214844
-0.00188827514648437 0.0682373046875 0.022918701171875 -0.0350685119628906
-0.033294677734375 0.0639457702636719 0.0286216735839844 -0.0307769775390625
-0.0528945922851562 0.0623435974121094 0.0474853515625 0.00942611694335938
-0.0177536010742188 0.0634727478027344 0.0109653472900391 0.0189380645751953
0.01007080078125 0.0629806518554688 0.00806045532226562 0.0365715026855469
0.0418968200683594 0.036407470703125 0.0378608703613281 0.0284881591796875
0.0471153259277344 0.00464630126953125 0.042205810546875 0.00156784057617188
0.0384025573730469 -0.0284500122070312 0.0327053070068359 -0.0252838134765625
0.0223197937011719 -0.0426902770996094 0.0128364562988281 -0.0322132110595703
0.0203018188476562 -0.0397911071777344 2.28881835937534E-05 -0.0219898223876953
0.0213279724121094 -0.0475502014160156 -0.0015115737915039 -0.0132942199707031
0.0337295532226563 -0.0399398803710937 -0.00774192810058594 -0.0128183364868164
0.053619384765625 -0.0161590576171875 -0.0115566253662109 -0.0103263854980469
0.0555076599121094 0.016082763671875 -0.00435066223144531 -0.0202388763427734
0.0256881713867188 0.0611915588378906 0.00353813171386719 -0.0256423950195312
-0.00699615478515625 0.07818603515625 0.0169849395751953 -0.0214080810546875
-0.0440902709960937 0.0688133239746094 0.0126218795776367 -0.0116891860961914
-0.0638236999511719 0.0574913024902344 0.0245265960693359 0.0316715240478516
-0.0328826904296875 0.0690231323242188 -0.00123977661132813 0.0368461608886719
0.00188446044921875 0.0764236450195313 0.00090789794921875 0.0430679321289063
0.0460853576660156 0.0493812561035156 0.0276317596435547 0.0342025756835938
0.0565299987792969 0.00994110107421875 0.0303840637207031 0.0109081268310547
0.0479965209960938 -0.0315322875976563 0.0237884521484375 -0.0105552673339844
0.0275917053222656 -0.0476646423339844 0.00790977478027344 -0.0144424438476563
0.0243072509765625 -0.0445709228515625 -0.0035409927368164 -0.00497913360595703
0.02508544921875 -0.0529518127441406 -0.00462484359741211 0.00348567962646484
0.037322998046875 -0.0436248779296875 -0.015315055847168 0.00137805938720703
0.0581398010253906 -0.0173149108886719 -0.0198078155517578 3.43322753906218E-05
0.058624267578125 0.0165977478027344 -0.011866569519043 -0.0145473480224609
0.0240669250488281 0.0638275146484375 -0.000720977783203122 -0.0210132598876953
-0.0116500854492188 0.0783309936523438 0.0128488540649414 -0.0066690444946289
-0.0506172180175781 0.0634613037109375 -0.00545358657836914 0.00761032104492188
-0.0637474060058594 0.0421524047851563 -0.000545501708984375 0.0496368408203125
-0.0420455932617188 0.0588302612304688 -0.016265869140625 0.0506439208984375
-0.00897979736328125 0.0731658935546875 -0.00696563720703125 0.0456008911132813
0.0392303466796875 0.053009033203125 0.0130081176757813 0.0363388061523438
0.0540008544921875 0.0146980285644531 0.015777587890625 0.0178813934326172
0.0484352111816406 -0.0281562805175781 0.0124168395996094 0.0041666030883789
0.0282745361328125 -0.0444564819335937 0.00162982940673828 0.00467586517333984
0.0245628356933594 -0.0421104431152344 -0.00583839416503906 0.0118770599365234
0.0256729125976562 -0.0504302978515625 -0.00899124145507813 0.0205116271972656
0.0362472534179688 -0.0410728454589844 -0.0218372344970703 0.0155715942382812
0.0553436279296875 -0.0148658752441406 -0.0272865295410156 0.00948905944824219
0.0534858703613281 0.0185508728027344 -0.0186862945556641 -0.00970649719238281
0.0175666809082031 0.0611038208007813 -0.00404548645019531 -0.0173358917236328
-0.0182228088378906 0.0689735412597656 0.00807809829711914 0.00540924072265625
-0.0528373718261719 0.0494880676269531 -0.0241336822509766 0.0244293212890625
-0.0508499145507812 0.0191612243652344 -0.0239753723144531 0.0603561401367188
-0.0401420593261719 0.0370330810546875 -0.0291099548339844 0.0588111877441406
-0.016143798828125 0.0540084838867188 -0.0132789611816406 0.0437240600585938
0.0247154235839844 0.0446243286132813 0.000675201416015626 0.034698486328125
0.0406494140625 0.0150718688964844 0.00214385986328125 0.0214996337890625
0.0397529602050781 -0.0202598571777344 0.000863075256347657 0.0166635513305664
0.0237483978271484 -0.0341701507568359 -0.00360107421875 0.0220279693603516
0.0208377838134766 -0.0331935882568359 -0.00797271728515625 0.0279121398925781
0.0225982666015625 -0.0406036376953125 -0.0125732421875 0.0354652404785156
0.0310935974121094 -0.03289794921875 -0.0279941558837891 0.0282268524169922
0.0461845397949219 -0.01055908203125 -0.0342140197753906 0.0168933868408203
0.0428466796875 0.0180206298828125 -0.0254688262939453 -0.00658226013183593
0.00867843627929688 0.0518035888671875 -0.00793170928955078 -0.0146245956420898
-0.0233192443847656 0.0518112182617188 0.00188350677490234 0.0152120590209961
-0.0488662719726563 0.0286407470703125 -0.0427055358886719 0.0362167358398438
-0.0298557281494141 -0.00721740722656251 -0.0382919311523438 0.0636024475097656
-0.0298385620117188 0.00899696350097656 -0.0359992980957031 0.0592994689941406
-0.0190620422363281 0.0246334075927734 -0.0157089233398438 0.0400390625
0.007598876953125 0.0272502899169922 -0.00802230834960938 0.0310096740722656
0.0212421417236328 0.0118427276611328 -0.00660514831542969 0.0229339599609375
0.02337646484375 -0.00973129272460938 -0.00704002380371094 0.0249366760253906
0.0154399871826172 -0.0185642242431641 -0.00750732421875 0.0336971282958984
0.0137920379638672 -0.0192317962646484 -0.00871276855468749 0.0385055541992187
0.0157356262207031 -0.0249977111816406 -0.0163841247558594 0.0455093383789063
0.0213298797607422 -0.0209312438964844 -0.0330352783203125 0.0368309020996094
0.0317611694335937 -0.0052642822265625 -0.0397796630859375 0.021209716796875
0.0279216766357422 0.0146675109863281 -0.0316028594970703 -0.00507354736328124
0.000263214111328121 0.0368843078613281 -0.0115222930908203 -0.0143575668334961
-0.0245647430419922 0.02935791015625 -0.00644874572753906 0.0194339752197266
-0.0387115478515625 0.0046844482421875 -0.0586051940917969 0.04046630859375
0.0129375457763672 0.0182628631591797 0.062957763671875 -0.04534912109375
0.0199909210205078 -0.00714683532714844 0.0148906707763672 -0.0214099884033203
0.00176811218261719 -0.014063835144043 0.0110292434692383 0.0168275833129883
-0.0104122161865234 -0.00677967071533203 0.04150390625 0.0110282897949219
-0.0104923248291016 0.00225162506103516 0.0476570129394531 -0.0189590454101563
-0.00748825073242188 0.00800752639770508 0.0334663391113281 -0.0465965270996094
-0.00533294677734375 0.00428342819213867 0.01409912109375 -0.0558319091796875
-0.00670289993286133 0.00383186340332031 0.00560760498046875 -0.0460128784179687
-0.00829553604125977 0.00228786468505859 0.0050811767578125 -0.0394210815429687
-0.00672292709350586 -0.00496292114257813 0.00856971740722656 -0.0324573516845703
-2.47955322265622E-05 -0.009735107421875 0.00702476501464844 -0.0282325744628906
0.0113725662231445 -0.00832366943359375 0.0117511749267578 -0.0318584442138672
0.0194015502929688 0.00494003295898438 0.0218772888183594 -0.0387115478515625
0.0188503265380859 0.0225124359130859 0.0339164733886719 -0.0574226379394531
0.00823974609375 0.0317173004150391 0.0456466674804688 -0.0618019104003906
-0.0093841552734375 0.0419120788574219 0.0674285888671875 -0.0335502624511719
0.0128459930419922 0.0208282470703125 0.0194606781005859 -0.0135250091552734
0.00990867614746094 0.0113077163696289 0.0131263732910156 0.0214023590087891
0.00989532470703125 0.00435733795166016 0.0450286865234375 0.0144500732421875
0.00945949554443359 0.000119209289550781 0.0503654479980469 -0.0157928466796875
0.00748825073242188 -0.00770139694213867 0.0358543395996094 -0.045806884765625
0.00315952301025391 -0.0156536102294922 0.0144233703613281 -0.0551567077636719
0.00255298614501953 -0.0145854949951172 0.00373458862304688 -0.0438003540039062
0.00275230407714844 -0.0180683135986328 0.00376129150390625 -0.0370864868164063
0.0104408264160156 -0.0192375183105469 0.00472831726074219 -0.0315017700195312
0.0233173370361328 -0.0111541748046875 0.00310325622558594 -0.0259056091308594
0.0304622650146484 0.0050811767578125 0.00848007202148438 -0.0298252105712891
0.0207805633544922 0.0319633483886719 0.0157127380371094 -0.0351009368896484
0.00738525390625 0.0499458312988281 0.0285072326660156 -0.049346923828125
-0.0141868591308594 0.05364990234375 0.0402259826660156 -0.0505790710449219
-0.0320892333984375 0.0589447021484375 0.0628280639648438 -0.0154190063476562
0.000400543212890628 0.0465927124023438 0.0181503295898438 0.00029563903808594
0.0142631530761719 0.0392341613769531 0.0127964019775391 0.0292530059814453
0.0300369262695313 0.0188407897949219 0.0451316833496094 0.0205459594726563
0.0306892395019531 -0.000314712524414063 0.0492820739746094 -0.00928878784179688
0.0233821868896484 -0.02203369140625 0.0361709594726563 -0.0391845703125
0.0126190185546875 -0.0330333709716797 0.0134963989257813 -0.0473060607910156
0.0115890502929687 -0.0303554534912109 0.000850677490234378 -0.0355758666992187
0.012359619140625 -0.036529541015625 0.000808715820312501 -0.0280418395996094
0.0237598419189453 -0.0324058532714844 -0.00193595886230469 -0.0246257781982422
0.0418777465820312 -0.0151634216308594 -0.0044097900390625 -0.0196037292480469
0.0471076965332031 0.0119705200195312 0.00217437744140625 -0.0267276763916016
0.0252952575683594 0.0509185791015625 0.00902175903320313 -0.0314235687255859
0.00101089477539063 0.0701026916503906 0.0224266052246094 -0.0373458862304688
-0.0313873291015625 0.0675086975097656 0.0278816223144531 -0.0335311889648438
-0.0508460998535156 0.0665512084960938 0.0488967895507813 0.00740051269531251
-0.0151100158691406 0.0654487609863281 0.0115394592285156 0.0183486938476563
0.0134048461914063 0.0638160705566406 0.009185791015625 0.0375518798828125
0.0450325012207031 0.0345535278320313 0.0397796630859375 0.0280532836914063
0.0482940673828125 0.00233840942382813 0.0429153442382813 0.000896453857421875
0.0374565124511719 -0.0313148498535156 0.0322399139404297 -0.0274028778076172
0.0204048156738281 -0.0447311401367188 0.0111961364746094 -0.03350830078125
0.0179176330566406 -0.0420417785644531 -0.00177001953125 -0.0222187042236328
0.0184326171875 -0.0497817993164063 -0.00254249572753906 -0.0133152008056641
0.0318222045898438 -0.0422859191894531 -0.00914573669433593 -0.0126428604125977
0.0536575317382812 -0.0201301574707031 -0.0125713348388672 -0.0103988647460938
0.0577735900878906 0.0133323669433594 -0.00577735900878906 -0.0213661193847656
0.0291481018066406 0.0614089965820313 0.00269889831542969 -0.0266456604003906
-0.00276947021484375 0.0803756713867188 0.0169963836669922 -0.0232524871826172
-0.0422744750976563 0.0723648071289063 0.0117979049682617 -0.0139255523681641
-0.0630149841308594 0.0617866516113281 0.0262393951416016 0.0306987762451172
-0.0306854248046875 0.0718536376953125 -0.000396728515625002 0.036956787109375
0.00589752197265624 0.077850341796875 0.00217056274414063 0.0447196960449219
0.050018310546875 0.0474929809570312 0.0286140441894531 0.0344142913818359
0.0575675964355469 0.0069580078125 0.0315914154052734 0.0105571746826172
0.0462188720703125 -0.0347976684570312 0.0239753723144531 -0.0119514465332031
0.0252342224121094 -0.05023193359375 0.00696754455566406 -0.0151643753051758
0.0218429565429688 -0.046875 -0.00388431549072266 -0.00483322143554688
0.0220260620117188 -0.0558662414550781 -0.00562953948974609 0.00410318374633789
0.0350494384765625 -0.0465202331542969 -0.0159292221069336 0.00200939178466796
0.0579376220703125 -0.0213546752929687 -0.0203838348388672 0.000720977783203127
0.0604705810546875 0.0142593383789063 -0.0132932662963867 -0.0157480239868164
0.0277938842773437 0.0641708374023438 -0.00164604187011719 -0.0218353271484375
-0.00780487060546875 0.080322265625 0.013453483581543 -0.00802230834960937
-0.0495452880859375 0.0675544738769531 -0.00555419921875 0.00687217712402344
-0.0629386901855469 0.0459671020507813 0.00165939331054687 0.0504341125488281
-0.0402030944824219 0.0617103576660156 -0.0145645141601563 0.0521774291992188
-0.00576019287109376 0.0756301879882813 -0.00593185424804688 0.0471267700195313
0.0428619384765625 0.0515823364257813 0.0144805908203125 0.0371437072753906
0.0555229187011719 0.0123062133789063 0.0169258117675781 0.0187034606933594
0.0472946166992187 -0.0317268371582031 0.0133838653564453 0.00359058380126953
0.0261878967285156 -0.0472068786621094 0.00221347808837891 0.00457191467285156
0.0224876403808594 -0.0440521240234375 -0.00592899322509766 0.0128755569458008
0.0226097106933594 -0.0536155700683594 -0.00850105285644531 0.0210494995117188
0.03448486328125 -0.0441627502441406 -0.0223197937011719 0.01690673828125
0.0553855895996094 -0.0186614990234375 -0.0273914337158203 0.0106487274169922
0.0557479858398438 0.0151748657226563 -0.0199146270751953 -0.00965309143066406
0.0212173461914063 0.06121826171875 -0.00492668151855469 -0.0177135467529297
-0.0145034790039062 0.0711746215820313 0.00851631164550781 0.00477218627929688
-0.0518951416015625 0.053466796875 -0.0236034393310547 0.025482177734375
-0.0510711669921875 0.0218429565429688 -0.0220527648925781 0.0629692077636719
-0.0392265319824219 0.0396461486816406 -0.02752685546875 0.0605926513671875
-0.0141448974609375 0.0560302734375 -0.0125923156738281 0.0459632873535156
0.0276832580566406 0.0438270568847656 0.0014190673828125 0.0355300903320313
0.0423583984375 0.0132331848144531 0.00294113159179688 0.0225143432617188
0.0388679504394531 -0.0228309631347656 0.00197601318359375 0.0169496536254883
0.0224494934082031 -0.036224365234375 -0.00262641906738281 0.0229034423828125
0.0191116333007813 -0.0348415374755859 -0.00702667236328125 0.0290451049804687
0.0200462341308594 -0.0430183410644531 -0.0112342834472656 0.0366249084472656
0.0292549133300781 -0.035552978515625 -0.0279197692871094 0.030548095703125
0.0463752746582031 -0.0137290954589844 -0.0338191986083984 0.0187397003173828
0.0446205139160156 0.0156745910644531 -0.0264663696289062 -0.00571250915527343
0.0114631652832031 0.05230712890625 -0.00862598419189453 -0.0153102874755859
-0.0208854675292969 0.0535316467285156 0.00283050537109375 0.015009880065918
-0.0491676330566406 0.0318336486816406 -0.0421104431152344 0.0383872985839844
-0.0306110382080078 -0.00634765625 -0.03607177734375 0.0673599243164062
-0.0303974151611328 0.0104904174804688 -0.0344924926757812 0.0621604919433594
-0.0184383392333984 0.0265712738037109 -0.0152168273925781 0.041534423828125
0.00934982299804688 0.0271320343017578 -0.0068817138671875 0.0333213806152344
0.0218772888183594 0.0107612609863281 -0.00578880310058594 0.0242252349853516
0.0233573913574219 -0.0113143920898438 -0.00549507141113281 0.0261669158935547
0.0144062042236328 -0.0195808410644531 -0.00551414489746094 0.0351409912109375
0.0128803253173828 -0.0203456878662109 -0.00748062133789063 0.0402069091796875
0.0145130157470703 -0.0268497467041016 -0.0136528015136719 0.0473403930664063
0.0203285217285156 -0.0225391387939453 -0.0323562622070313 0.0392608642578125
0.0320472717285156 -0.00749969482421875 -0.0399246215820313 0.0234184265136719
0.0294456481933594 0.0135154724121094 -0.0329265594482422 -0.00364875793457031
0.00227737426757813 0.037353515625 -0.0131893157958984 -0.0143642425537109
-0.0233020782470703 0.0310707092285156 -0.00527381896972657 0.0198040008544922
-0.0389251708984375 0.00642776489257813 -0.0574493408203125 0.0437088012695312
0.0135345458984375 0.0180702209472656 0.0604286193847656 -0.04864501953125
0.0190448760986328 -0.0078277587890625 0.0134029388427734 -0.0223178863525391
0.0013427734375 -0.0143165588378906 0.0116367340087891 0.0170745849609375
-0.0107908248901367 -0.00579929351806641 0.04193115234375 0.00927734375
-0.0102119445800781 0.00299453735351562 0.0463943481445312 -0.0213241577148437
-0.00742435455322266 0.00838899612426758 0.030670166015625 -0.047760009765625
-0.00520896911621094 0.00428581237792969 0.0110206604003906 -0.0565643310546875
-0.00617837905883789 0.00422430038452148 0.00279617309570313 -0.0462112426757813
-0.00830221176147461 0.00299835205078125 0.0028076171875 -0.0401954650878906
-0.00669288635253906 -0.00440073013305664 0.00626182556152343 -0.0327816009521484
-0.000241279602050782 -0.00995063781738281 0.005615234375 -0.0292987823486328
0.0110979080200195 -0.00856494903564453 0.0101451873779297 -0.0328655242919922
0.0198078155517578 0.00421714782714844 0.0201835632324219 -0.0400581359863281
0.0195522308349609 0.021575927734375 0.0314292907714844 -0.0591163635253906
0.00963211059570312 0.0314407348632813 0.0428352355957031 -0.0647621154785156
-0.00752639770507812 0.0425491333007813 0.0652351379394531 -0.0373687744140625
0.0138320922851563 0.0199966430664063 0.0179691314697266 -0.0146808624267578
0.0107908248901367 0.0108194351196289 0.0139751434326172 0.0216503143310547
0.0102214813232422 0.00357246398925781 0.0453529357910156 0.0127677917480469
0.00935649871826172 -0.000767707824707031 0.0497245788574219 -0.0177383422851563
0.00722646713256836 -0.0085597038269043 0.033660888671875 -0.0472755432128906
0.00242996215820312 -0.0159473419189453 0.0113296508789062 -0.0555267333984375
0.00208854675292969 -0.0144596099853516 0.000900268554687505 -0.0437736511230469
0.00154685974121094 -0.0182285308837891 0.00146484375 -0.037506103515625
0.00925254821777344 -0.0196571350097656 0.00276565551757812 -0.0317668914794922
0.0223903656005859 -0.0124893188476563 0.00149345397949219 -0.0268363952636719
0.0306720733642578 0.0033721923828125 0.00729942321777344 -0.0307025909423828
0.0224895477294922 0.0306549072265625 0.0148200988769531 -0.0360565185546875
0.0101661682128906 0.0497283935546875 0.0264968872070312 -0.0511283874511719
-0.0119056701660156 0.0542716979980469 0.0377616882324219 -0.0536155700683594
-0.0292015075683594 0.0610084533691406 0.0618629455566406 -0.019134521484375
0.00228500366210937 0.0460472106933594 0.0180263519287109 -0.00109291076660156
0.0164222717285156 0.0388221740722656 0.0136623382568359 0.0288734436035156
0.0310573577880859 0.0170173645019531 0.0458793640136719 0.0189857482910156
0.0305690765380859 -0.00195884704589844 0.0492630004882813 -0.0109176635742188
0.022308349609375 -0.0232429504394531 0.0340766906738281 -0.0410614013671875
0.0103340148925781 -0.0336551666259766 0.0105056762695312 -0.0476531982421875
0.00970458984375 -0.031158447265625 -0.00104141235351562 -0.0349292755126953
0.00973129272460938 -0.0373573303222656 -0.00107765197753906 -0.02789306640625
0.0217418670654297 -0.0335521697998047 -0.00383949279785156 -0.0243587493896484
0.0404739379882813 -0.0176734924316406 -0.00543403625488281 -0.0198898315429687
0.0475273132324219 0.00909805297851562 0.000644683837890626 -0.0272693634033203
0.0278663635253906 0.0497894287109375 0.00787925720214844 -0.0318355560302734
0.00503158569335937 0.0701713562011719 0.0201988220214844 -0.0392723083496094
-0.0282173156738281 0.0692291259765625 0.0255546569824219 -0.0359878540039062
-0.0481491088867188 0.0693016052246094 0.048675537109375 0.0044708251953125
-0.0117759704589844 0.065460205078125 0.0119295120239258 0.0169467926025391
0.0171127319335937 0.0637588500976563 0.0102691650390625 0.0376091003417969
0.0465927124023437 0.0318832397460938 0.0403480529785156 0.0266647338867188
0.0481681823730469 -0.000469207763671875 0.0433616638183594 -0.00090789794921875
0.0355758666992188 -0.0334510803222656 0.0310401916503906 -0.0289478302001953
0.0171546936035156 -0.0460891723632813 0.0089874267578125 -0.0337162017822266
0.0157051086425781 -0.0427474975585937 -0.00341606140136719 -0.0214061737060547
0.014862060546875 -0.0510749816894531 -0.00390911102294922 -0.0134048461914063
0.0290565490722656 -0.0443954467773438 -0.0105171203613281 -0.012481689453125
0.0517997741699219 -0.0231437683105469 -0.0131921768188477 -0.0102729797363281
0.0582389831542969 0.00988388061523438 -0.00712203979492187 -0.0217666625976563
0.0325164794921875 0.0602188110351563 0.00164031982421875 -0.0271663665771484
0.00156402587890626 0.0800857543945313 0.0156345367431641 -0.0248584747314453
-0.03924560546875 0.0748443603515625 0.0109462738037109 -0.0157661437988281
-0.0599899291992188 0.0651817321777344 0.0276966094970703 0.0290431976318359
-0.0267410278320312 0.0726776123046875 0.0010223388671875 0.0364112854003906
0.00972747802734374 0.0786666870117188 0.00308990478515625 0.0447578430175781
0.0522956848144531 0.0445899963378906 0.0300884246826172 0.0336151123046875
0.05804443359375 0.00385665893554687 0.0322303771972656 0.00972938537597656
0.0441474914550781 -0.0373687744140625 0.0239105224609375 -0.0131702423095703
0.022125244140625 -0.0516204833984375 0.00629806518554688 -0.0153989791870117
0.0190353393554688 -0.0480995178222656 -0.00464773178100586 -0.00400781631469727
0.0180740356445313 -0.0573616027832031 -0.00578069686889648 0.00371646881103515
0.0320320129394531 -0.048614501953125 -0.0166187286376953 0.00351619720458984
0.055877685546875 -0.0252494812011719 -0.0206165313720703 0.00163459777832031
0.0611419677734375 0.0105133056640625 -0.0144357681274414 -0.0152759552001953
0.0314865112304688 0.0630378723144531 -0.00248336791992187 -0.0222492218017578
-0.00319671630859375 0.0805816650390625 0.0127410888671875 -0.00956630706787109
-0.04632568359375 0.070220947265625 -0.00556421279907227 0.00656604766845704
-0.0607643127441406 0.0491447448730469 0.0038299560546875 0.0501785278320313
-0.0370140075683594 0.0633964538574219 -0.0125274658203125 0.0524673461914063
-0.00143432617187501 0.0764389038085938 -0.00464630126953125 0.0476264953613281
0.0454368591308594 0.0489578247070313 0.0156784057617188 0.0367622375488281
0.0561027526855469 0.0090484619140625 0.0179901123046875 0.0185718536376953
0.0449676513671875 -0.0343475341796875 0.0136280059814453 0.00334739685058594
0.0230484008789063 -0.0487098693847656 0.00204563140869141 0.00471353530883789
0.0197601318359375 -0.0457191467285156 -0.00568675994873047 0.0136470794677734
0.0185356140136719 -0.055145263671875 -0.0079498291015625 0.0214653015136719
0.0312576293945313 -0.046295166015625 -0.0215473175048828 0.0183429718017578
0.0540771484375 -0.0227432250976563 -0.0268363952636719 0.0117473602294922
0.05645751953125 0.0116539001464844 -0.0210437774658203 -0.009246826171875
0.0245628356933594 0.0601768493652344 -0.00623893737792968 -0.0180950164794922
-0.0110321044921875 0.0714645385742188 0.00897216796875 0.00371646881103516
-0.0494384765625 0.0561904907226562 -0.0226879119873047 0.0259304046630859
-0.0495109558105469 0.0242767333984375 -0.0191383361816406 0.0643386840820313
-0.0373115539550781 0.0414657592773437 -0.0250701904296875 0.0618133544921875
-0.0115623474121094 0.0566787719726563 -0.011260986328125 0.0465126037597656
0.0299568176269531 0.041778564453125 0.0029296875 0.0361862182617188
0.0427742004394531 0.0106391906738281 0.00424003601074219 0.0232906341552734
0.0370826721191406 -0.0254707336425781 0.00309467315673828 0.0171337127685547
0.0198211669921875 -0.0373764038085937 -0.001556396484375 0.0223979949951172
0.0169296264648437 -0.0359344482421875 -0.00571823120117188 0.0295257568359375
0.017181396484375 -0.0444107055664063 -0.00901412963867187 0.0370330810546875
0.0269355773925781 -0.037139892578125 -0.0261077880859375 0.0318107604980469
0.0453414916992188 -0.0170860290527344 -0.03277587890625 0.0204315185546875
0.0454292297363281 0.0128517150878906 -0.0273208618164062 -0.00465965270996094
0.0142173767089844 0.0514907836914062 -0.00962066650390625 -0.0153055191040039
-0.0176315307617188 0.0548019409179688 0.00370121002197266 0.0147171020507813
-0.0471725463867188 0.0339698791503906 -0.0399818420410156 0.0400238037109375
-0.0305595397949219 -0.00453186035156249 -0.0328941345214844 0.0694999694824219
-0.0294361114501953 0.0118198394775391 -0.0316963195800781 0.064208984375
-0.0170116424560547 0.0276603698730469 -0.013824462890625 0.0422935485839844
0.0104446411132813 0.0259590148925781 -0.0059661865234375 0.0337390899658203
0.0220890045166016 0.00908470153808594 -0.00451469421386718 0.025238037109375
0.0221691131591797 -0.0127487182617188 -0.00400924682617188 0.0265636444091797
0.0133228302001953 -0.0203609466552734 -0.00389862060546875 0.0353126525878906
0.0114917755126953 -0.0211639404296875 -0.00530242919921875 0.0403823852539063
0.0122604370117188 -0.027679443359375 -0.0108718872070313 0.0479316711425781
0.0188140869140625 -0.0237445831298828 -0.0302886962890625 0.0410118103027344
0.0314254760742188 -0.00966644287109375 -0.0385589599609375 0.0251121520996094
0.0301761627197266 0.0115680694580078 -0.0334243774414063 -0.00239181518554687
0.00403213500976562 0.0373725891113281 -0.013728141784668 -0.0135498046875
-0.0215969085693359 0.0319194793701172 -0.00397300720214844 0.019866943359375
-0.0386505126953125 0.00870895385742188 -0.0553665161132813 0.0461387634277344
0.013580322265625 0.0180511474609375 0.0572967529296875 -0.0497512817382812
0.0182971954345703 -0.00810623168945312 0.0119991302490234 -0.0227584838867188
0.00116729736328125 -0.0143823623657227 0.0121784210205078 0.0165338516235352
-0.0104398727416992 -0.00577163696289063 0.0418205261230469 0.00817108154296875
-0.0103492736816406 0.0032663345336914 0.0448799133300781 -0.0224761962890625
-0.00670146942138672 0.00826263427734375 0.0291023254394531 -0.0479583740234375
-0.00502347946166992 0.00428438186645508 0.00879669189453126 -0.0559272766113281
-0.005706787109375 0.00441408157348633 0.00122833251953125 -0.0456581115722656
-0.00771427154541016 0.00357484817504883 0.000755310058593748 -0.0394935607910156
-0.00710964202880859 -0.00377464294433594 0.00513267517089843 -0.0330410003662109
-0.000321388244628906 -0.00965690612792969 0.00412559509277343 -0.0294342041015625
0.0105190277099609 -0.00843334197998047 0.00920486450195313 -0.0333461761474609
0.0193443298339844 0.00377845764160156 0.0195121765136719 -0.0403900146484375
0.0203800201416016 0.0204391479492188 0.0292510986328125 -0.0596084594726563
0.0101718902587891 0.0307178497314453 0.0402336120605469 -0.0656547546386719
-0.0062255859375 0.0428047180175781 0.0627403259277344 -0.0389900207519531
0.0139255523681641 0.0190086364746094 0.0169811248779297 -0.0155572891235352
0.0113143920898438 0.0101957321166992 0.0142726898193359 0.0215682983398438
0.010828971862793 0.00307369232177734 0.0450820922851563 0.0115165710449219
0.00932788848876953 -0.00146961212158203 0.0484771728515625 -0.0191841125488281
0.00598382949829102 -0.00876188278198242 0.0318450927734375 -0.0473403930664062
0.001434326171875 -0.016143798828125 0.00930404663085937 -0.0553665161132813
0.00140380859375 -0.014460563659668 -0.000923156738281245 -0.0430564880371094
0.000677108764648438 -0.0180759429931641 -0.000251770019531253 -0.0367889404296875
0.00815010070800781 -0.0191478729248047 0.000873565673828124 -0.03179931640625
0.0213966369628906 -0.01300048828125 0.00024223327636719 -0.0264892578125
0.0305461883544922 0.00206565856933594 0.00604057312011719 -0.0316390991210938
0.0230026245117188 0.0298805236816406 0.0144386291503906 -0.0363311767578125
0.0115585327148437 0.0486259460449219 0.0244979858398438 -0.0517196655273438
-0.010009765625 0.0538978576660156 0.0351676940917969 -0.05474853515625
-0.0272254943847656 0.0613746643066406 0.0598716735839844 -0.0213165283203125
0.00354766845703125 0.0453109741210938 0.0167388916015625 -0.00179767608642578
0.0176963806152344 0.0378494262695313 0.0142288208007813 0.0288810729980469
0.0316543579101563 0.0156326293945313 0.0456161499023438 0.0178375244140625
0.0299892425537109 -0.00306892395019531 0.0481224060058594 -0.0120277404785156
0.0205059051513672 -0.0240077972412109 0.0323715209960938 -0.0414581298828125
0.00853919982910156 -0.0337619781494141 0.0089263916015625 -0.0472755432128906
0.00822067260742188 -0.031219482421875 -0.00263786315917969 -0.0340194702148438
0.00811004638671875 -0.0373573303222656 -0.00268745422363281 -0.0273761749267578
0.0196132659912109 -0.0340023040771484 -0.00476264953613281 -0.0238933563232422
0.0389671325683594 -0.0191841125488281 -0.00679397583007812 -0.0197086334228516
0.0470542907714844 0.00704574584960938 -0.000322341918945308 -0.0277099609375
0.0290908813476563 0.04888916015625 0.00731658935546875 -0.0323104858398438
0.00701141357421875 0.0684776306152344 0.0189933776855469 -0.0400428771972656
-0.0260658264160156 0.0693702697753906 0.0240974426269531 -0.0371475219726562
-0.0451011657714844 0.0697479248046875 0.047698974609375 0.00268936157226563
-0.0102500915527344 0.064483642578125 0.0117015838623047 0.0159311294555664
0.0193901062011719 0.0624351501464844 0.0104255676269531 0.0376930236816406
0.0471572875976562 0.0293426513671875 0.0401725769042969 0.0253791809082031
0.0476417541503906 -0.002105712890625 0.0429000854492188 -0.0017852783203125
0.0329875946044922 -0.0342197418212891 0.0297222137451172 -0.02960205078125
0.0149574279785156 -0.0464630126953125 0.0079193115234375 -0.0335655212402344
0.0137100219726563 -0.0427322387695313 -0.00413703918457031 -0.0199871063232422
0.0122489929199219 -0.0508346557617187 -0.00469970703125 -0.0131120681762695
0.0262222290039062 -0.0444831848144531 -0.011082649230957 -0.0113201141357422
0.0498542785644531 -0.0251579284667969 -0.013859748840332 -0.0100622177124023
0.0574607849121094 0.00743865966796875 -0.00781059265136719 -0.0216121673583984
0.0342597961425781 0.0583534240722656 0.00123405456542969 -0.026885986328125
0.00441741943359374 0.0786285400390625 0.0150375366210938 -0.0256099700927734
-0.0365829467773438 0.0753860473632813 0.00988388061523438 -0.0163402557373047
-0.0564765930175781 0.0660743713378906 0.0277156829833984 0.0273990631103516
-0.0245895385742188 0.0717849731445313 0.00126647949218749 0.0352821350097656
0.01263427734375 0.0770034790039063 0.003692626953125 0.0443344116210938
0.0531578063964844 0.0421485900878906 0.0297222137451172 0.0322799682617187
0.0571556091308594 0.00154876708984375 0.0324020385742188 0.00943183898925781
0.0413970947265625 -0.0388679504394531 0.0232219696044922 -0.0137310028076172
0.0192718505859375 -0.0518302917480469 0.0053558349609375 -0.0151023864746094
0.0169105529785156 -0.04803466796875 -0.00484132766723633 -0.00341367721557618
0.0149383544921875 -0.0570640563964844 -0.00587224960327148 0.00399065017700195
0.0289268493652344 -0.0493431091308594 -0.0165615081787109 0.00392913818359375
0.0540847778320313 -0.0273590087890625 -0.020477294921875 0.00183296203613281
0.0608711242675781 0.0078277587890625 -0.0151100158691406 -0.0150737762451172
0.0334510803222656 0.0611648559570312 -0.00302505493164062 -0.021881103515625
-0.000289916992187505 0.0791397094726563 0.0126733779907227 -0.0105190277099609
-0.0438003540039062 0.071014404296875 -0.00548124313354492 0.00600433349609375
-0.0580940246582031 0.0503883361816406 0.00502777099609374 0.0492401123046875
-0.0346870422363281 0.0627822875976563 -0.0110054016113281 0.0517234802246094
0.00125122070312499 0.0755767822265625 -0.00416183471679688 0.0471572875976563
0.0462608337402344 0.0461997985839844 0.0160713195800781 0.0360221862792969
0.0550384521484375 0.0064849853515625 0.0183792114257813 0.0184860229492188
0.042388916015625 -0.0353431701660156 0.0139589309692383 0.00273799896240234
0.0202217102050781 -0.0489234924316406 0.00229024887084961 0.00458192825317383
0.017486572265625 -0.0453071594238281 -0.00533199310302734 0.01385498046875
0.0156784057617188 -0.0548133850097656 -0.00706291198730469 0.0211524963378906
0.0281562805175781 -0.0466461181640625 -0.0207576751708984 0.0188941955566406
0.0518264770507812 -0.024932861328125 -0.0264739990234375 0.0125293731689453
0.0560264587402344 0.00935745239257812 -0.0213203430175781 -0.00830650329589844
0.026702880859375 0.0584335327148438 -0.00667762756347656 -0.0175800323486328
-0.00815582275390624 0.0707931518554688 0.00890731811523438 0.00286006927490235
-0.0466384887695312 0.0570030212402344 -0.0216846466064453 0.0257644653320313
-0.0481834411621094 0.0256195068359375 -0.016693115234375 0.0635757446289063
-0.0352783203125 0.0416450500488281 -0.0228843688964844 0.0616188049316406
-0.00899505615234375 0.0569038391113281 -0.0103416442871094 0.0460739135742188
0.0311317443847656 0.0400886535644531 0.0034027099609375 0.0360031127929688
0.0423393249511719 0.00860977172851563 0.00471305847167969 0.0233020782470703
0.0348834991455078 -0.0262908935546875 0.00355625152587891 0.0167064666748047
0.0178985595703125 -0.037689208984375 -0.000823974609374998 0.0224781036376953
0.015411376953125 -0.036041259765625 -0.00475120544433594 0.029388427734375
0.0139808654785156 -0.0445938110351562 -0.00802230834960938 0.0366783142089844
0.0242385864257813 -0.0375251770019531 -0.0244789123535156 0.0323009490966797
0.0439872741699219 -0.0188179016113281 -0.0316505432128906 0.021026611328125
0.0452461242675781 0.0106124877929688 -0.0273799896240234 -0.00369071960449219
0.0161857604980469 0.0505294799804688 -0.0101480484008789 -0.0145978927612305
-0.01531982421875 0.0544662475585938 0.00423336029052734 0.0139713287353516
-0.0456581115722656 0.0355072021484375 -0.0381050109863281 0.0405616760253906
-0.0300750732421875 -0.0034332275390625 -0.0303268432617187 0.069854736328125
-0.0290546417236328 0.0123920440673828 -0.0292396545410156 0.0644645690917969
-0.0156345367431641 0.0284156799316406 -0.0129585266113281 0.0421524047851563
0.0115852355957031 0.0251998901367187 -0.00520133972167969 0.0340652465820313
0.021636962890625 0.00794792175292969 -0.00385475158691406 0.0253257751464844
0.0210075378417969 -0.0130825042724609 -0.00275802612304687 0.0263423919677734
0.0122337341308594 -0.0206165313720703 -0.00223159790039062 0.03515625
0.0105342864990234 -0.0213069915771484 -0.00379562377929687 0.039947509765625
0.0109386444091797 -0.0278396606445313 -0.00956344604492188 0.0471534729003906
0.01739501953125 -0.0241184234619141 -0.0284385681152344 0.0416030883789063
0.0303363800048828 -0.0108108520507813 -0.0367164611816406 0.0259323120117188
0.0301380157470703 0.0101184844970703 -0.0330581665039063 -0.00136375427246094
0.00512313842773438 0.0359458923339844 -0.0141830444335938 -0.013432502746582
-0.0203189849853516 0.0317344665527344 -0.00307083129882812 0.019256591796875
-0.0378303527832031 0.00934600830078126 -0.0525474548339844 0.0466957092285156
0.0135421752929687 0.018280029296875 0.0559539794921875 -0.0497932434082031
0.0178279876708984 -0.00806045532226563 0.0108547210693359 -0.0224990844726563
0.001129150390625 -0.0144252777099609 0.0125303268432617 0.0169677734375
-0.0102424621582031 -0.00582122802734375 0.0416984558105469 0.00799560546875
-0.00972366333007813 0.00258255004882813 0.0442085266113281 -0.0225601196289063
-0.00687074661254883 0.00815343856811523 0.0284080505371094 -0.047576904296875
-0.00514459609985352 0.00431156158447266 0.00813674926757813 -0.0552635192871094
-0.00530672073364258 0.00432300567626953 0.000507354736328124 -0.0453224182128906
-0.00707864761352539 0.00333738327026367 0.000236511230468748 -0.0392112731933594
-0.00698232650756836 -0.00362682342529297 0.00437355041503906 -0.0328025817871094
-0.000566482543945312 -0.00969219207763672 0.00363922119140625 -0.0294780731201172
0.0103158950805664 -0.00882053375244141 0.00934219360351562 -0.0335979461669922
0.0194492340087891 0.00369644165039063 0.0197334289550781 -0.040374755859375
0.0197048187255859 0.0202312469482422 0.0286293029785156 -0.0594520568847656
0.00976181030273437 0.0302867889404297 0.0396919250488281 -0.06610107421875
-0.00643157958984375 0.0430679321289063 0.0614662170410156 -0.0392189025878906
0.0133171081542969 0.0186729431152344 0.0160160064697266 -0.0158710479736328
0.0116424560546875 0.00998115539550781 0.0141086578369141 0.0215091705322266
0.0106964111328125 0.00260639190673828 0.0448799133300781 0.01141357421875
0.00926399230957031 -0.00150966644287109 0.0478668212890625 -0.0189170837402344
0.005859375 -0.00890827178955078 0.0307388305664062 -0.0469589233398438
0.000823974609374998 -0.0161333084106445 0.00850296020507813 -0.0548133850097656
0.00115776062011719 -0.0142736434936523 -0.000911712646484374 -0.0422630310058594
0.000452041625976562 -0.0180282592773438 -0.00111770629882812 -0.0366134643554688
0.00761795043945313 -0.019256591796875 0.000377655029296873 -0.0311832427978516
0.0208168029785156 -0.0131969451904297 -0.000198364257812498 -0.0266647338867188
0.0301589965820313 0.00212860107421875 0.00586509704589844 -0.0313720703125
0.0230903625488281 0.0296211242675781 0.0143318176269531 -0.0365638732910156
0.0120735168457031 0.047882080078125 0.0242424011230469 -0.0519065856933594
-0.0102806091308594 0.0533523559570313 0.0347366333007812 -0.0552139282226563
-0.0266189575195312 0.0612983703613281 0.0584869384765625 -0.0216789245605469
0.00323867797851562 0.0447006225585938 0.0159950256347656 -0.00299739837646484
0.01849365234375 0.0371437072753906 0.0138301849365234 0.0289058685302734
0.0311374664306641 0.0148410797119141 0.0448417663574219 0.0178375244140625
0.0297756195068359 -0.00351715087890625 0.0476264953613281 -0.01141357421875
0.0196342468261719 -0.0239830017089844 0.0319938659667969 -0.0410499572753906
0.00771331787109375 -0.0335750579833984 0.00823211669921875 -0.0469856262207031
0.00817680358886719 -0.0308818817138672 -0.00268363952636718 -0.0330982208251953
0.0070343017578125 -0.0368881225585938 -0.00325393676757812 -0.0270977020263672
0.0189266204833984 -0.0337924957275391 -0.00543403625488281 -0.0235404968261719
0.0382537841796875 -0.019927978515625 -0.00706863403320312 -0.0201187133789063
0.0466728210449219 0.00638580322265625 -0.000881195068359373 -0.0277652740478516
0.0297317504882812 0.0481033325195312 0.00748062133789063 -0.0322303771972656
0.00783157348632813 0.0678443908691406 0.0189399719238281 -0.0398826599121094
-0.0255851745605469 0.0689353942871094 0.0232696533203125 -0.0373916625976562
-0.0445671081542969 0.0696449279785156 0.0468902587890625 0.00159454345703125
-0.01031494140625 0.0636138916015625 0.010890007019043 0.0150985717773438
0.0195884704589844 0.0617446899414062 0.0099029541015625 0.0373878479003906
0.0468521118164063 0.0289573669433594 0.0394058227539063 0.0256538391113281
0.0467872619628906 -0.00259780883789063 0.042694091796875 -0.00121307373046875
0.0321102142333984 -0.0345001220703125 0.0294609069824219 -0.0291805267333984
0.0135154724121094 -0.0462989807128906 0.00708580017089844 -0.0329475402832031
0.0133857727050781 -0.042205810546875 -0.00452995300292969 -0.0193862915039063
0.0109901428222656 -0.0503730773925781 -0.00529956817626953 -0.0130529403686523
0.0249404907226563 -0.0442733764648438 -0.0114355087280273 -0.0111083984375
0.0485267639160156 -0.0257186889648438 -0.0139627456665039 -0.0100307464599609
0.0568351745605469 0.00689697265625 -0.00798797607421875 -0.0215911865234375
0.0348167419433594 0.0577125549316406 0.00124168395996094 -0.0274658203125
0.00534820556640624 0.0777816772460938 0.0149688720703125 -0.0261077880859375
-0.0357894897460938 0.074859619140625 0.00936317443847656 -0.0169153213500977
-0.0561447143554687 0.0656471252441406 0.0273323059082031 0.0264091491699219
-0.0245742797851562 0.0708541870117188 0.00123405456542968 0.0342979431152344
0.0130691528320313 0.07623291015625 0.003326416015625 0.0444412231445313
0.0521926879882813 0.0407333374023438 0.0291652679443359 0.0324039459228516
0.0562667846679688 0.00154495239257813 0.0320167541503906 0.00975990295410156
0.0400199890136719 -0.0388107299804688 0.0230045318603516 -0.0136737823486328
0.0180130004882813 -0.0518112182617188 0.00500011444091797 -0.0149860382080078
0.0160980224609375 -0.0473060607910156 -0.00500917434692383 -0.00254631042480469
0.0134849548339844 -0.0569801330566406 -0.00599050521850586 0.00378274917602539
0.0273666381835937 -0.0488967895507813 -0.0168628692626953 0.00428104400634765
0.0526695251464844 -0.0281524658203125 -0.0200519561767578 0.001495361328125
0.0597572326660156 0.00675201416015625 -0.0150356292724609 -0.0147066116333008
0.0337677001953125 0.0604324340820313 -0.00290870666503906 -0.0222759246826172
0.00103759765624999 0.0785751342773438 0.0122184753417969 -0.0111408233642578
-0.0431900024414063 0.0705795288085938 -0.00559091567993164 0.00539684295654297
-0.0570259094238281 0.0502395629882813 0.00564193725585938 0.0483322143554688
-0.0339088439941406 0.0622367858886719 -0.0112495422363281 0.0505790710449219
0.00220489501953124 0.0752105712890625 -0.00462722778320312 0.0464286804199219
0.0463371276855469 0.0451622009277344 0.0155982971191406 0.036285400390625
0.0545310974121094 0.00608062744140625 0.0182018280029297 0.0189151763916016
0.040985107421875 -0.035919189453125 0.0141000747680664 0.00268459320068359
0.0195236206054687 -0.0486869812011719 0.00239992141723633 0.00470113754272461
0.016845703125 -0.0454750061035156 -0.0053253173828125 0.0143423080444336
0.0142097473144531 -0.0547599792480469 -0.0070037841796875 0.0207042694091797
0.0267715454101562 -0.0465774536132813 -0.0203685760498047 0.0188255310058594
0.050506591796875 -0.0259170532226562 -0.0256080627441406 0.0120944976806641
0.0553703308105469 0.00828170776367188 -0.0208473205566406 -0.00843620300292968
0.0272750854492187 0.0577125549316406 -0.00689983367919921 -0.0170459747314453
-0.00691604614257813 0.0696258544921875 0.00901317596435547 0.00243377685546875
-0.0462608337402344 0.0571632385253906 -0.0210704803466797 0.0252761840820312
-0.0471572875976563 0.0254974365234375 -0.016204833984375 0.0635643005371094
-0.034576416015625 0.0411224365234375 -0.0225639343261719 0.0608596801757813
-0.00839996337890625 0.0568428039550781 -0.0109901428222656 0.0457839965820313
0.0308151245117187 0.0390129089355469 0.00271224975585938 0.0363616943359375
0.0414199829101563 0.00820159912109375 0.00518417358398438 0.0236167907714844
0.0339622497558594 -0.0263805389404297 0.00412654876708984 0.0166292190551758
0.0167999267578125 -0.0376968383789063 -0.000316619873046872 0.0223922729492187
0.0146484375 -0.0359153747558594 -0.00461578369140625 0.0297698974609375
0.0127983093261719 -0.0441093444824219 -0.00738525390625 0.0360488891601563
0.0229530334472656 -0.0378570556640625 -0.0239429473876953 0.0321044921875
0.0427627563476563 -0.0190391540527344 -0.0309886932373047 0.0206470489501953
0.0448265075683594 0.0101890563964844 -0.0269432067871094 -0.00386428833007812
0.0168914794921875 0.0494956970214844 -0.00994110107421875 -0.0148372650146484
-0.0146598815917969 0.0534858703613281 0.00416946411132813 0.0133676528930664
-0.0445098876953125 0.0353431701660156 -0.0370979309082031 0.0398483276367187
-0.0294857025146484 -0.00323486328125001 -0.0294990539550781 0.0690498352050781
-0.0284061431884766 0.0122890472412109 -0.0288009643554688 0.0640411376953125
-0.0150661468505859 0.0282459259033203 -0.0134468078613281 0.0416259765625
0.0111732482910156 0.0246257781982422 -0.0056610107421875 0.0340061187744141
0.0214042663574219 0.00773429870605469 -0.00328254699707031 0.0258865356445313
0.0204906463623047 -0.0132656097412109 -0.0023651123046875 0.0263862609863281
0.0116443634033203 -0.0206069946289063 -0.00160789489746094 0.0346336364746094
0.00996017456054688 -0.0210189819335938 -0.00366973876953125 0.0396537780761719
0.00976371765136719 -0.0275726318359375 -0.00883865356445313 0.0466842651367188
0.0165023803710938 -0.0241813659667969 -0.0275306701660156 0.0411491394042969
0.0299472808837891 -0.0112895965576172 -0.0363311767578125 0.0255203247070313
0.0297966003417969 0.00964546203613281 -0.0327587127685547 -0.0011444091796875
0.00579452514648438 0.0357170104980469 -0.014225959777832 -0.0135965347290039
-0.0198974609375 0.0313091278076172 -0.00278472900390625 0.0189342498779297
-0.0371475219726563 0.00946426391601563 -0.0514945983886719 0.0464744567871094
0.0138149261474609 0.0191116333007813 0.0566368103027344 -0.0499725341796875
0.0179862976074219 -0.00786209106445313 0.010406494140625 -0.0229549407958984
0.00134086608886719 -0.0148458480834961 0.0121269226074219 0.0174713134765625
-0.00989151000976563 -0.00584030151367188 0.0422019958496094 0.00838088989257813
-0.00991535186767578 0.00288677215576172 0.0452919006347656 -0.0221214294433594
-0.00700044631958008 0.00841045379638672 0.0291709899902344 -0.0477066040039063
-0.00524473190307617 0.00462675094604492 0.00815963745117187 -0.0561027526855469
-0.00509977340698242 0.00419282913208008 0.001190185546875 -0.0458030700683594
-0.00708532333374023 0.00319766998291016 0.000614166259765627 -0.039581298828125
-0.00707340240478516 -0.00361394882202148 0.0044403076171875 -0.0331821441650391
-0.000285148620605469 -0.00934028625488281 0.00376129150390625 -0.0301227569580078
0.0109901428222656 -0.00890922546386719 0.00984954833984375 -0.0342731475830078
0.0200424194335938 0.00392723083496094 0.0212669372558594 -0.0409393310546875
0.0201396942138672 0.0207347869873047 0.0297698974609375 -0.06060791015625
0.0096435546875 0.0307254791259766 0.0406608581542969 -0.0674934387207031
-0.00631332397460938 0.0440177917480469 0.0624809265136719 -0.0391960144042969
0.0132827758789063 0.0188503265380859 0.0154104232788086 -0.0162982940673828
0.0120763778686523 0.0100212097167969 0.0142345428466797 0.0223751068115234
0.0112953186035156 0.00236225128173828 0.0452880859375 0.0123977661132813
0.009613037109375 -0.00162887573242188 0.0488700866699219 -0.0187606811523437
0.00570964813232422 -0.00908660888671875 0.0320472717285156 -0.0475082397460938
0.000657081604003907 -0.0160903930664063 0.00885772705078125 -0.0552101135253906
0.00178718566894531 -0.0146017074584961 -0.000995635986328129 -0.042449951171875
0.000587463378906249 -0.0181217193603516 -0.00119400024414062 -0.0370101928710938
0.00749588012695312 -0.0195140838623047 0.000289916992187502 -0.0317649841308594
0.0210857391357422 -0.0132579803466797 -0.000261306762695312 -0.0273876190185547
0.0306816101074219 0.00195121765136719 0.00629425048828125 -0.0323085784912109
0.0232315063476563 0.0308971405029297 0.0155181884765625 -0.0373001098632813
0.0116653442382813 0.0486640930175781 0.0252838134765625 -0.0530548095703125
-0.0108489990234375 0.05426025390625 0.0355453491210938 -0.05633544921875
-0.0277976989746094 0.0622062683105469 0.058990478515625 -0.0218009948730469
0.00228118896484375 0.0448188781738281 0.0155057907104492 -0.00283336639404297
0.0185890197753906 0.0380935668945313 0.0132541656494141 0.0302104949951172
0.0315361022949219 0.0152549743652344 0.0450706481933594 0.0189552307128906
0.0304012298583984 -0.00348854064941406 0.0488739013671875 -0.0111236572265625
0.0195693969726563 -0.0243892669677734 0.0330238342285156 -0.0413169860839844
0.00746726989746094 -0.0343055725097656 0.00822067260742187 -0.0474281311035156
0.00837326049804688 -0.0314559936523438 -0.00274085998535156 -0.033111572265625
0.00695419311523438 -0.0371742248535156 -0.003387451171875 -0.0273342132568359
0.0189037322998047 -0.0340328216552734 -0.00563621520996093 -0.0235614776611328
0.0383567810058594 -0.0200309753417969 -0.00690841674804687 -0.0205669403076172
0.0472908020019531 0.0067901611328125 -0.000314712524414062 -0.0287570953369141
0.0297355651855469 0.0494842529296875 0.00833320617675781 -0.0333194732666016
0.00783538818359375 0.0687408447265625 0.0197601318359375 -0.0411109924316406
-0.0268135070800781 0.0696830749511719 0.0240554809570312 -0.0382537841796875
-0.045928955078125 0.070709228515625 0.0467491149902344 0.00204086303710938
-0.0115394592285156 0.0640754699707031 0.0101938247680664 0.0147037506103516
0.0200576782226563 0.0628890991210938 0.00924682617187501 0.0384063720703125
0.0472221374511719 0.0291900634765625 0.0397911071777344 0.0269088745117188
0.0477142333984375 -0.00238800048828125 0.0437698364257813 -2.67028808593751E-05
0.0317745208740234 -0.0347499847412109 0.0303878784179688 -0.0293807983398438
0.0136871337890625 -0.0470809936523438 0.00728034973144531 -0.0333480834960938
0.0133132934570313 -0.0432510375976563 -0.00445747375488281 -0.0193157196044922
0.0108680725097656 -0.0507583618164062 -0.00522232055664062 -0.0131330490112305
0.024749755859375 -0.0448646545410156 -0.011744499206543 -0.0116548538208008
0.0486984252929688 -0.0261306762695313 -0.0141973495483398 -0.0106191635131836
0.057464599609375 0.0067901611328125 -0.00801086425781249 -0.0224437713623047
0.0351219177246094 0.0590629577636719 0.00209426879882813 -0.0282039642333984
0.00499725341796875 0.0789108276367187 0.0153160095214844 -0.0272865295410156
-0.0373611450195312 0.0759506225585937 0.00966262817382813 -0.0175256729125977
-0.0574569702148438 0.0661354064941406 0.0270214080810547 0.0269794464111328
-0.025299072265625 0.0710525512695313 0.000104904174804683 0.0340747833251953
0.0132217407226562 0.0779800415039063 0.00214385986328125 0.0452041625976563
0.0530052185058594 0.0409126281738281 0.0284957885742188 0.0342178344726563
0.0569534301757813 0.00191879272460937 0.0329303741455078 0.011016845703125
0.04022216796875 -0.0391159057617187 0.0239601135253906 -0.0138187408447266
0.0181961059570313 -0.0522842407226563 0.005340576171875 -0.0148687362670898
0.0166702270507813 -0.0482864379882813 -0.00525665283203125 -0.00226688385009766
0.01324462890625 -0.0574836730957031 -0.00635433197021484 0.00375223159790039
0.0273780822753906 -0.0498085021972656 -0.0170755386352539 0.0037851333618164
0.0528602600097656 -0.0286331176757812 -0.0208625793457031 0.000816345214843748
0.0603370666503906 0.00694656372070312 -0.0152778625488281 -0.0156946182250977
0.0346183776855469 0.0618934631347656 -0.00258064270019531 -0.0228824615478516
0.000488281249999992 0.0791549682617188 0.0126218795776367 -0.0115547180175781
-0.04443359375 0.0715789794921875 -0.00612258911132813 0.00470638275146485
-0.05828857421875 0.0506973266601563 0.00466537475585937 0.0490379333496094
-0.0352592468261719 0.0623664855957031 -0.0121726989746094 0.0505180358886719
0.0018768310546875 0.0764541625976562 -0.0059051513671875 0.0474777221679688
0.046356201171875 0.045806884765625 0.0148849487304688 0.0376968383789063
0.05535888671875 0.0064544677734375 0.0189380645751953 0.0202293395996094
0.0416374206542969 -0.0357093811035156 0.0145845413208008 0.00300979614257812
0.0194091796875 -0.0493583679199219 0.00273990631103516 0.00512266159057617
0.017059326171875 -0.0459251403808594 -0.00543594360351562 0.0150585174560547
0.013427734375 -0.0551261901855469 -0.00757408142089844 0.0208702087402344
0.0264739990234375 -0.0469856262207031 -0.0210838317871094 0.0190238952636719
0.0505447387695313 -0.0260429382324219 -0.0262660980224609 0.0119285583496094
0.0558738708496094 0.00850677490234375 -0.021209716796875 -0.00893402099609375
0.027374267578125 0.0586357116699219 -0.00658416748046875 -0.0181427001953125
-0.00725555419921875 0.0704116821289063 0.00916290283203125 0.00206851959228516
-0.0475845336914063 0.0580635070800781 -0.0220108032226563 0.0250682830810547
-0.0476799011230469 0.0252151489257812 -0.0170135498046875 0.0637931823730469
-0.0355339050292969 0.0408248901367188 -0.0237998962402344 0.0611763000488281
-0.00856781005859375 0.0577888488769531 -0.01239013671875 0.0467185974121094
0.0307960510253906 0.0394859313964844 0.00181961059570312 0.0372886657714844
0.0420989990234375 0.00899124145507813 0.00534629821777344 0.0250473022460938
0.0341625213623047 -0.0266284942626953 0.0043792724609375 0.0171241760253906
0.0171546936035156 -0.0378952026367188 -5.91278076171867E-05 0.0230522155761719
0.01513671875 -0.036468505859375 -0.00475692749023437 0.0297260284423828
0.0125045776367187 -0.0446052551269531 -0.008056640625 0.0362548828125
0.0228652954101563 -0.0381546020507813 -0.0244140625 0.0323886871337891
0.0431251525878906 -0.0197715759277344 -0.0315189361572266 0.0206928253173828
0.045013427734375 0.0100860595703125 -0.0275859832763672 -0.00436973571777344
0.0166854858398437 0.0500526428222656 -0.010289192199707 -0.0149869918823242
-0.0149192810058594 0.0539093017578125 0.00441741943359375 0.0131454467773438
-0.0453987121582031 0.0355873107910156 -0.0382041931152344 0.0398292541503906
-0.0294475555419922 -0.00404548645019532 -0.0305252075195312 0.0701446533203125
-0.0288028717041016 0.0124149322509766 -0.029937744140625 0.0644912719726563
-0.0152530670166016 0.0286960601806641 -0.0147552490234375 0.0424766540527344
0.0114822387695313 0.0251731872558594 -0.00633239746093749 0.0351047515869141
0.0218067169189453 0.00832176208496094 -0.00366973876953125 0.0270271301269531
0.0206680297851563 -0.0133247375488281 -0.00223731994628906 0.0268383026123047
0.0118961334228516 -0.0207691192626953 -0.00120162963867187 0.0353279113769531
0.0105533599853516 -0.0212879180908203 -0.00371170043945312 0.0405044555664063
0.00984573364257813 -0.0279083251953125 -0.00938034057617187 0.0470046997070313
0.0166492462158203 -0.0245304107666016 -0.0280876159667969 0.04156494140625
0.0303993225097656 -0.0114250183105469 -0.0362281799316406 0.0254249572753906
0.0300559997558594 0.0100955963134766 -0.032806396484375 -0.00143623352050781
0.00527191162109375 0.0360984802246094 -0.0139913558959961 -0.0136899948120117
-0.0205841064453125 0.0313339233398437 -0.00238418579101563 0.0190505981445313
-0.0378341674804687 0.00934982299804688 -0.0522689819335938 0.0463600158691406
0.0144824981689453 0.0203361511230469 0.0584030151367188 -0.0514068603515625
0.0184803009033203 -0.00826644897460938 0.0102424621582031 -0.0235919952392578
0.0011749267578125 -0.0151615142822266 0.0132369995117187 0.0188560485839844
-0.0100193023681641 -0.00590229034423828 0.043975830078125 0.00894927978515625
-0.010157585144043 0.00253677368164063 0.0470848083496094 -0.0231094360351563
-0.00713920593261719 0.00889492034912109 0.0301094055175781 -0.0492706298828125
-0.00582647323608398 0.00474023818969727 0.00832366943359375 -0.0583763122558594
-0.00522947311401367 0.00444936752319336 0.000911712646484373 -0.04742431640625
-0.0071864128112793 0.00381994247436523 -0.000114440917968752 -0.0416336059570313
-0.0072178840637207 -0.00327634811401367 0.0043487548828125 -0.0348091125488281
-0.000504493713378906 -0.00990772247314453 0.00407600402832031 -0.0315666198730469
0.0113086700439453 -0.00920009613037109 0.0106925964355469 -0.0364608764648438
0.0203266143798828 0.0040130615234375 0.0226783752441406 -0.0430679321289063
0.0206375122070313 0.0212650299072266 0.031280517578125 -0.0635032653808594
0.00998687744140625 0.0321998596191406 0.0428314208984375 -0.0711593627929688
-0.0063323974609375 0.0466766357421875 0.0639228820800781 -0.0406951904296875
0.0131378173828125 0.0197906494140625 0.0151901245117188 -0.0173425674438477
0.0129184722900391 0.0105743408203125 0.0147533416748047 0.0235805511474609
0.0117483139038086 0.00244998931884766 0.0471115112304687 0.0126228332519531
0.0100984573364258 -0.00195693969726563 0.0512313842773438 -0.01898193359375
0.00527572631835938 -0.00932502746582031 0.0332984924316406 -0.04925537109375
-7.62939453124992E-05 -0.0170192718505859 0.00893783569335937 -0.0576095581054688
0.00159835815429688 -0.0156164169311523 -0.000938415527343745 -0.0440254211425781
0.000661849975585939 -0.0185775756835937 -0.00127410888671875 -0.0380821228027344
0.00753593444824219 -0.0199317932128906 -0.000173568725585935 -0.0329666137695313
0.021881103515625 -0.0142345428466797 -0.000463485717773435 -0.0286827087402344
0.0319919586181641 0.00199699401855469 0.00691986083984375 -0.0343227386474609
0.0245609283447266 0.032073974609375 0.0171012878417969 -0.0394401550292969
0.0126304626464844 0.0505218505859375 0.0264472961425781 -0.0557174682617188
-0.0116081237792969 0.0569915771484375 0.0374183654785156 -0.0592041015625
-0.0291671752929688 0.065338134765625 0.0611114501953125 -0.022735595703125
0.00222015380859375 0.0464630126953125 0.0150651931762695 -0.00364208221435547
0.0197830200195313 0.039886474609375 0.0134811401367188 0.0320854187011719
0.0332622528076172 0.0154228210449219 0.0467185974121094 0.0199546813964844
0.0317745208740234 -0.0036468505859375 0.0512847900390625 -0.0108299255371094
0.0200595855712891 -0.0252532958984375 0.0341453552246094 -0.042999267578125
0.00714111328125 -0.0357742309570313 0.0081787109375 -0.0489921569824219
0.00896835327148438 -0.0327510833740234 -0.00277900695800781 -0.0341262817382813
0.00653839111328125 -0.0387840270996094 -0.00378608703613281 -0.0285301208496094
0.018951416015625 -0.0352859497070313 -0.00615119934082031 -0.0247478485107422
0.039642333984375 -0.0210456848144531 -0.00761795043945312 -0.0217800140380859
0.049407958984375 0.00695037841796875 -0.00025367736816406 -0.0302829742431641
0.0315322875976563 0.0516738891601563 0.00939559936523438 -0.03533935546875
0.00830841064453126 0.0716323852539063 0.0206756591796875 -0.0435295104980469
-0.0282363891601562 0.0731582641601563 0.0249176025390625 -0.0404930114746094
-0.04827880859375 0.07354736328125 0.0483512878417969 0.00187301635742188
-0.0123100280761719 0.0665283203125 0.00996494293212891 0.0146045684814453
0.0211029052734375 0.0660438537597656 0.00902175903320312 0.0404586791992188
0.049346923828125 0.0297660827636719 0.0408172607421875 0.0287895202636719
0.0498542785644531 -0.00269317626953125 0.0455589294433594 0.00037384033203125
0.0325889587402344 -0.0363082885742188 0.0318164825439453 -0.0302619934082031
0.0134544372558594 -0.0491867065429688 0.0074310302734375 -0.034576416015625
0.0139503479003906 -0.0451316833496094 -0.00460433959960937 -0.0194606781005859
0.0107917785644531 -0.0532112121582031 -0.00601482391357422 -0.0136280059814453
0.0253562927246094 -0.0466041564941406 -0.0127220153808594 -0.0119609832763672
0.0503082275390625 -0.0278167724609375 -0.0150585174560547 -0.0113334655761719
0.0599021911621094 0.00682449340820313 -0.00832366943359375 -0.0237102508544922
0.0372276306152344 0.061492919921875 0.00274276733398437 -0.0299873352050781
0.00608825683593751 0.0818023681640625 0.0159912109375 -0.0287132263183594
-0.03955078125 0.0794525146484375 0.00964164733886719 -0.0188655853271484
-0.059814453125 0.0692672729492188 0.0276165008544922 0.0279445648193359
-0.0272140502929688 0.0737686157226563 -0.000556945800781254 0.03460693359375
0.0143585205078125 0.0817108154296875 0.00094985961914063 0.0478363037109375
0.0552177429199219 0.0426750183105469 0.0293502807617188 0.0363006591796875
0.0600471496582031 0.00212478637695312 0.0346450805664063 0.0118465423583984
0.0412521362304688 -0.0406990051269531 0.0247955322265625 -0.014495849609375
0.0181083679199219 -0.054840087890625 0.00501441955566407 -0.0150146484375
0.0169563293457031 -0.0505256652832031 -0.00535345077514648 -0.00156879425048829
0.0125503540039063 -0.0597991943359375 -0.00724315643310547 0.00424098968505859
0.0277290344238281 -0.051422119140625 -0.0180034637451172 0.00418472290039062
0.0542984008789063 -0.0307159423828125 -0.0217552185058594 0.00108146667480469
0.0631980895996094 0.007080078125 -0.0156259536743164 -0.0162820816040039
0.0362472534179688 0.0644645690917969 -0.00229644775390625 -0.0242786407470703
0.00151824951171874 0.0825576782226563 0.0130205154418945 -0.0126056671142578
-0.0462112426757813 0.0752792358398438 -0.00622940063476563 0.00461244583129883
-0.0607185363769531 0.052581787109375 0.00453567504882813 0.0506095886230469
-0.036865234375 0.0647430419921875 -0.0132331848144531 0.0518798828125
0.00231170654296876 0.079833984375 -0.00771331787109375 0.0500755310058594
0.0483322143554687 0.0474510192871094 0.0145797729492188 0.0399894714355469
0.0577011108398437 0.00708389282226562 0.0199661254882813 0.0216941833496094
0.0423812866210938 -0.0371627807617188 0.0150794982910156 0.00284862518310547
0.0195884704589844 -0.0517692565917969 0.00279331207275391 0.0050210952758789
0.0173454284667969 -0.0480537414550781 -0.00570106506347656 0.0160083770751953
0.013153076171875 -0.0572586059570313 -0.00824165344238281 0.0216960906982422
0.0269203186035156 -0.0496749877929688 -0.0221710205078125 0.019744873046875
0.0520362854003906 -0.0274085998535156 -0.0272617340087891 0.0118217468261719
0.0581817626953125 0.00838851928710937 -0.0219058990478516 -0.00933647155761719
0.0290031433105469 0.0609703063964844 -0.00639724731445312 -0.0189151763916016
-0.0067901611328125 0.0730438232421875 0.00933361053466797 0.00170230865478516
-0.04949951171875 0.0605049133300781 -0.0229454040527344 0.0255680084228516
-0.0495872497558594 0.0264244079589844 -0.0181961059570313 0.0661087036132813
-0.0373878479003906 0.0422592163085938 -0.0247421264648438 0.0627517700195313
-0.008819580078125 0.0603599548339844 -0.0137786865234375 0.0484352111816406
0.0323066711425781 0.0409126281738281 0.00179672241210938 0.0397491455078125
0.0440330505371094 0.00906753540039062 0.0059814453125 0.0263690948486328
0.0352020263671875 -0.0275993347167969 0.00527381896972657 0.0179615020751953
0.017303466796875 -0.0398750305175781 0.000177383422851566 0.0236968994140625
0.0154533386230469 -0.0381698608398437 -0.00487709045410156 0.0316734313964844
0.0123100280761719 -0.0462188720703125 -0.0082244873046875 0.0379180908203125
0.0232467651367188 -0.0399932861328125 -0.0254535675048828 0.0336685180664062
0.0443992614746094 -0.021148681640625 -0.0328845977783203 0.0209178924560547
0.0465583801269531 0.0104293823242188 -0.0283451080322266 -0.00446319580078124
0.01776123046875 0.0523490905761719 -0.0101613998413086 -0.0156612396240234
-0.0152702331542969 0.05572509765625 0.00522232055664062 0.0135412216186523
-0.0475425720214844 0.0376319885253906 -0.0391082763671875 0.0410041809082031
-0.0304069519042969 -0.004241943359375 -0.0317916870117188 0.0733718872070313
-0.0301475524902344 0.0127620697021484 -0.0308876037597656 0.0670051574707031
-0.015594482421875 0.0300159454345703 -0.0157203674316406 0.0443687438964844
0.0121059417724609 0.0258827209472656 -0.006622314453125 0.0374908447265625
0.0225296020507813 0.0083770751953125 -0.00337028503417968 0.0282611846923828
0.0213985443115234 -0.0139827728271484 -0.00162887573242187 0.0279350280761719
0.0123043060302734 -0.0220527648925781 -0.000957489013671873 0.036834716796875
0.0107841491699219 -0.0222358703613281 -0.0038299560546875 0.0419273376464844
0.00957870483398438 -0.0288791656494141 -0.00975036621093751 0.0488510131835938
0.0170726776123047 -0.0256595611572266 -0.0292015075683594 0.0429954528808594
0.0313663482666016 -0.0123329162597656 -0.0378036499023438 0.0265083312988281
0.0315475463867188 0.0103721618652344 -0.0343399047851563 -0.00177574157714843
0.0055389404296875 0.0378837585449219 -0.0141944885253906 -0.0144901275634766
-0.0210952758789062 0.0325679779052734 -0.00214195251464844 0.0200424194335938
-0.03887939453125 0.00997161865234374 -0.0544815063476562 0.0479011535644531
0.0161781311035156 0.0211696624755859 0.0598640441894531 -0.05572509765625
0.0185565948486328 -0.00914382934570313 0.00955581665039063 -0.0254135131835938
0.00112342834472656 -0.0162925720214844 0.01434326171875 0.0199127197265625
-0.0104703903198242 -0.00648784637451172 0.0463218688964844 0.00803756713867188
-0.0102720260620117 0.00290489196777344 0.0488700866699219 -0.0255355834960938
-0.00755882263183594 0.00930500030517578 0.0304985046386719 -0.052734375
-0.00585031509399414 0.00527334213256836 0.0065765380859375 -0.0615463256835938
-0.0050511360168457 0.00457048416137695 -0.000282287597656249 -0.0497245788574219
-0.00701618194580078 0.00405597686767578 -0.00112152099609375 -0.0432624816894531
-0.00750970840454101 -0.003173828125 0.00352096557617187 -0.0368576049804688
-0.00108528137207031 -0.0100927352905273 0.00332832336425781 -0.0335159301757813
0.0118398666381836 -0.0101051330566406 0.0107688903808594 -0.0391349792480469
0.0216903686523438 0.00379562377929688 0.0230026245117188 -0.04644775390625
0.0225925445556641 0.0221176147460938 0.0309638977050781 -0.0677947998046875
0.0113773345947266 0.0338497161865234 0.0436019897460938 -0.076324462890625
-0.00557327270507813 0.049957275390625 0.0659561157226563 -0.0445137023925781
0.0145435333251953 0.0204792022705078 0.0149440765380859 -0.0187129974365234
0.0138053894042969 0.0107803344726563 0.0159645080566406 0.0252513885498047
0.0122890472412109 0.00160694122314453 0.0497589111328125 0.0125236511230469
0.0110378265380859 -0.00276374816894531 0.0530815124511719 -0.0213165283203125
0.00495433807373047 -0.00992488861083984 0.0336570739746094 -0.0527610778808594
-0.000841140747070313 -0.0175876617431641 0.0074615478515625 -0.0605010986328125
0.00128555297851563 -0.0165643692016602 -0.00192642211914062 -0.045806884765625
-0.000127792358398435 -0.01959228515625 -0.00316619873046875 -0.0405044555664062
0.00716209411621094 -0.0210113525390625 -0.00104141235351562 -0.0344085693359375
0.0221462249755859 -0.01568603515625 -0.001220703125 -0.0305023193359375
0.0340461730957031 0.00125885009765625 0.00652694702148438 -0.0367469787597656
0.0270977020263672 0.0332107543945313 0.0174293518066406 -0.0423088073730469
0.0149917602539063 0.0525474548339844 0.0265274047851563 -0.0595474243164063
-0.0110588073730469 0.0606231689453125 0.0377311706542969 -0.06414794921875
-0.028717041015625 0.0701713562011719 0.0629997253417969 -0.0251922607421875
0.0031890869140625 0.0491485595703125 0.015202522277832 -0.00451087951660156
0.02239990234375 0.0416450500488281 0.0146865844726562 0.0336971282958984
0.0352287292480469 0.0149765014648438 0.0494613647460938 0.0202598571777344
0.0336532592773438 -0.00491905212402344 0.0542259216308594 -0.0123367309570313
0.0192985534667969 -0.027099609375 0.0351371765136719 -0.0457000732421875
0.00582504272460938 -0.0380134582519531 0.0071258544921875 -0.0517921447753906
0.00824928283691407 -0.0351200103759766 -0.0034942626953125 -0.0355911254882813
0.00539398193359375 -0.0408363342285156 -0.004913330078125 -0.0297298431396484
0.0186004638671875 -0.03759765625 -0.00760078430175781 -0.0255317687988281
0.0408592224121094 -0.0234756469726563 -0.00901603698730469 -0.0230712890625
0.0521736145019531 0.00598526000976562 -0.000711441040039057 -0.0326881408691406
0.0354423522949219 0.0536041259765625 0.00945663452148437 -0.0377998352050781
0.0106658935546875 0.07489013671875 0.0206794738769531 -0.0470809936523438
-0.0278244018554688 0.0782470703125 0.0252723693847656 -0.0440483093261719
-0.0489654541015625 0.0795364379882812 0.0504074096679688 0.000991821289062505
-0.011474609375 0.0703887939453125 0.00994873046875 0.0146579742431641
0.0247535705566406 0.0691337585449219 0.00985717773437501 0.0430145263671875
0.0528678894042969 0.030029296875 0.0433273315429688 0.0298309326171875
0.0524330139160156 -0.00412368774414063 0.0489311218261719 -0.00012969970703125
0.0330924987792969 -0.0392990112304688 0.0326442718505859 -0.0327777862548828
0.0122833251953125 -0.0520668029785156 0.00676345825195313 -0.0364570617675781
0.0130157470703125 -0.0478439331054688 -0.00520896911621094 -0.0197277069091797
0.0091094970703125 -0.0559501647949219 -0.00681877136230469 -0.0142860412597656
0.0248756408691406 -0.0498085021972656 -0.0142040252685547 -0.0116186141967773
0.0513839721679687 -0.0303382873535156 -0.016200065612793 -0.011683464050293
0.0634956359863281 0.00564193725585937 -0.00922012329101562 -0.0253562927246094
0.0413627624511719 0.0640335083007813 0.00244712829589844 -0.0319480895996094
0.00902557373046875 0.0861053466796875 0.0162162780761719 -0.0314960479736328
-0.0400314331054688 0.0850677490234375 0.0102100372314453 -0.0204715728759766
-0.0615692138671875 0.0750732421875 0.029388427734375 0.0282497406005859
-0.0269851684570312 0.0781173706054688 -0.000545501708984375 0.0359611511230469
0.0180435180664062 0.0857696533203125 0.00149154663085938 0.0506324768066406
0.0591812133789062 0.0430679321289062 0.031463623046875 0.0381507873535156
0.0633392333984375 0.000415802001953125 0.0373992919921875 0.0124855041503906
0.0420303344726563 -0.0439682006835938 0.0259304046630859 -0.0158061981201172
0.0164871215820313 -0.0583915710449219 0.00506877899169922 -0.0157842636108398
0.0160064697265625 -0.0537452697753906 -0.00574398040771484 -0.000943183898925784
0.0110702514648438 -0.0629844665527344 -0.00768899917602539 0.00467157363891601
0.0270957946777344 -0.0550651550292969 -0.0190334320068359 0.0052032470703125
0.055908203125 -0.0341033935546875 -0.0226497650146484 0.00131988525390625
0.0662002563476563 0.00504302978515625 -0.0165557861328125 -0.0173091888427734
0.0408248901367188 0.0667533874511719 -0.00237083435058593 -0.0256919860839844
0.00441741943359375 0.0865325927734375 0.013641357421875 -0.0142536163330078
-0.0471420288085938 0.0802841186523438 -0.00637054443359375 0.00462484359741211
-0.0629348754882812 0.0573158264160156 0.00532913208007812 0.0531158447265625
-0.037567138671875 0.068939208984375 -0.0128707885742188 0.0543022155761719
0.00539398193359375 0.08441162109375 -0.0072784423828125 0.0531806945800781
0.0520133972167969 0.0484848022460938 0.0160446166992188 0.0423927307128906
0.0613746643066406 0.00577545166015625 0.0222511291503906 0.0230216979980469
0.0429763793945313 -0.0404129028320313 0.0163297653198242 0.0021514892578125
0.0186958312988281 -0.0552444458007813 0.0030970573425293 0.0054330825805664
0.0169029235839844 -0.0513267517089844 -0.00543785095214844 0.0176181793212891
0.0115013122558594 -0.0601348876953125 -0.00824737548828125 0.0232524871826172
0.0259857177734375 -0.0523719787597656 -0.0230884552001953 0.0215740203857422
0.0535202026367188 -0.0309638977050781 -0.0282173156738281 0.0130519866943359
0.0613327026367188 0.00685882568359375 -0.0232086181640625 -0.00953292846679688
0.03314208984375 0.0635795593261719 -0.00700187683105468 -0.0198860168457031
-0.00466156005859375 0.07708740234375 0.0106220245361328 0.00138473510742188
-0.0503044128417969 0.0654373168945313 -0.0234394073486328 0.0270957946777344
-0.0518112182617188 0.0296859741210938 -0.017547607421875 0.0703964233398438
-0.0383872985839844 0.0457725524902344 -0.0251083374023438 0.06634521484375
-0.00698089599609375 0.0640602111816406 -0.0138320922851563 0.0519943237304688
0.0354576110839844 0.0421333312988281 0.00220108032226563 0.0427398681640625
0.0469703674316406 0.00878524780273438 0.00744438171386719 0.0285091400146484
0.0359687805175781 -0.0300674438476562 0.00598907470703125 0.0183563232421875
0.0167236328125 -0.0427818298339844 0.000925064086914065 0.0253715515136719
0.0146293640136719 -0.0407981872558594 -0.00374794006347657 0.0339241027832031
0.0108413696289062 -0.0491523742675781 -0.0076141357421875 0.0398178100585938
0.0226097106933594 -0.0426788330078125 -0.0262031555175781 0.0359535217285156
0.0454597473144531 -0.0239677429199219 -0.0337982177734375 0.0228500366210938
0.049407958984375 0.00930023193359375 -0.0299758911132812 -0.00419998168945312
0.0201568603515625 0.0546607971191406 -0.0108919143676758 -0.0162601470947266
-0.0145187377929688 0.0590896606445313 0.00578022003173828 0.013697624206543
-0.048736572265625 0.0410499572753906 -0.0405235290527344 0.0437736511230469
-0.0319862365722656 -0.00362586975097656 -0.0317153930664063 0.0780181884765625
-0.0312881469726563 0.0144233703613281 -0.03106689453125 0.0709686279296875
-0.0156574249267578 0.0326366424560547 -0.016357421875 0.0472373962402344
0.0136680603027344 0.0268535614013672 -0.00640487670898437 0.0402374267578125
0.0243434906005859 0.0083770751953125 -0.00240898132324219 0.0305805206298828
0.0220451354980469 -0.0150871276855469 -0.000907897949218747 0.0292854309082031
0.0121402740478516 -0.0236606597900391 0.00028610229492188 0.03887939453125
0.0105419158935547 -0.0241546630859375 -0.00263595581054688 0.0446052551269531
0.00920295715332031 -0.0308055877685547 -0.008575439453125 0.0514488220214844
0.0168209075927734 -0.0274238586425781 -0.0296592712402344 0.0461654663085938
0.0324859619140625 -0.0141735076904297 -0.0389213562011719 0.0285377502441406
0.0331954956054688 0.0100269317626953 -0.0356254577636719 -0.00124740600585938
0.0067596435546875 0.0394325256347656 -0.0154209136962891 -0.0151100158691406
-0.0215129852294922 0.0346240997314453 -0.00120925903320313 0.0205211639404297
-0.040924072265625 0.0115242004394531 -0.0556907653808594 0.0517234802246094
0.0185508728027344 0.0214748382568359 0.0590133666992187 -0.060760498046875
0.0190277099609375 -0.0102005004882813 0.00755500793457031 -0.0263633728027344
0.000440597534179686 -0.0171146392822266 0.0160179138183594 0.0200119018554688
-0.0114250183105469 -0.00656986236572265 0.0486412048339844 0.00603485107421875
-0.0110235214233398 0.00334453582763672 0.0491867065429687 -0.0288772583007812
-0.00734233856201172 0.0101566314697266 0.0291900634765625 -0.05645751953125
-0.00566625595092774 0.00607681274414063 0.00363922119140625 -0.0641098022460938
-0.00516748428344727 0.00527524948120117 -0.00312423706054687 -0.0517845153808594
-0.00672817230224609 0.00458478927612305 -0.00420761108398437 -0.0450286865234375
-0.00758552551269531 -0.00237226486206055 0.00145721435546875 -0.0384712219238281
-0.00168609619140625 -0.0103864669799805 0.00191879272460937 -0.0353736877441406
0.0118627548217773 -0.0112228393554688 0.00880050659179688 -0.0417976379394531
0.0231838226318359 0.00253105163574219 0.0216026306152344 -0.0496444702148438
0.0243511199951172 0.0217437744140625 0.0286788940429688 -0.0723800659179688
0.0134124755859375 0.0352210998535156 0.0413894653320313 -0.0826644897460938
-0.002593994140625 0.0525016784667969 0.066162109375 -0.0497398376464844
0.0158519744873047 0.0209007263183594 0.0134181976318359 -0.0204391479492188
0.0152435302734375 0.0106019973754883 0.0178356170654297 0.0258884429931641
0.0134696960449219 0.000905036926269531 0.0524520874023438 0.0107917785644531
0.0111818313598633 -0.00397872924804688 0.0545196533203125 -0.0246505737304688
0.00426769256591797 -0.0104780197143555 0.0325584411621094 -0.0561180114746094
-0.00202560424804687 -0.0179386138916016 0.00411224365234375 -0.0632286071777344
0.000823974609375 -0.0175104141235352 -0.00470733642578125 -0.0475234985351563
-0.00129508972167969 -0.0205287933349609 -0.00542831420898438 -0.04168701171875
0.00664710998535156 -0.0216159820556641 -0.00298690795898438 -0.0360336303710937
0.0222244262695313 -0.0175685882568359 -0.0030364990234375 -0.0313777923583984
0.0353736877441406 -0.000720977783203125 0.00519180297851563 -0.0393829345703125
0.0307960510253906 0.0329570770263672 0.0160942077636719 -0.0456199645996094
0.0182266235351563 0.0538444519042969 0.0238494873046875 -0.0642242431640625
-0.00823974609375 0.0641403198242188 0.0358009338378906 -0.069854736328125
-0.0257720947265625 0.075439453125 0.06396484375 -0.0294456481933594
0.00551986694335937 0.0511436462402344 0.0144052505493164 -0.00605201721191406
0.0263214111328125 0.042236328125 0.0168304443359375 0.0353355407714844
0.0378036499023437 0.0132102966308594 0.052459716796875 0.01922607421875
0.0347881317138672 -0.00746536254882812 0.0557861328125 -0.0156097412109375
0.0184078216552734 -0.0295238494873047 0.03411865234375 -0.0496940612792969
0.00366973876953125 -0.0396347045898438 0.00474929809570312 -0.0541152954101562
0.00621795654296875 -0.0368919372558594 -0.00590133666992188 -0.0364761352539062
0.00317001342773437 -0.0428047180175781 -0.00735282897949219 -0.0305309295654297
0.0171356201171875 -0.0397377014160156 -0.00972938537597656 -0.0262775421142578
0.0407981872558594 -0.026397705078125 -0.0107383728027344 -0.0236988067626953
0.0546684265136719 0.00298690795898438 -0.00220298767089843 -0.0344390869140625
0.0400276184082031 0.053863525390625 0.0086517333984375 -0.0408859252929688
0.0154800415039063 0.0769805908203125 0.0187149047851563 -0.0509414672851563
-0.0255966186523437 0.0837326049804688 0.0240020751953125 -0.0478897094726562
-0.0467605590820313 0.0860366821289063 0.0521430969238281 -0.00182342529296874
-0.0089874267578125 0.0739212036132813 0.0103120803833008 0.0142345428466797
0.0297012329101563 0.0709915161132813 0.0121078491210938 0.0454177856445313
0.0569725036621094 0.0278968811035156 0.046539306640625 0.0295372009277344
0.0550003051757813 -0.007537841796875 0.0512504577636719 -0.00222015380859375
0.0315666198730469 -0.0425529479980469 0.0321884155273438 -0.0359420776367188
0.00899124145507812 -0.0549850463867187 0.00490188598632812 -0.0377578735351562
0.010986328125 -0.0508880615234375 -0.00661277770996094 -0.0197067260742188
0.00556182861328125 -0.0583610534667969 -0.00846004486083984 -0.014012336730957
0.0223617553710938 -0.0525932312011719 -0.0157155990600586 -0.0114994049072266
0.0511741638183594 -0.0348587036132813 -0.0177154541015625 -0.0113582611083984
0.0665397644042969 0.00176620483398438 -0.0109100341796875 -0.0266094207763672
0.0472869873046875 0.064239501953125 0.00132942199707032 -0.03411865234375
0.014251708984375 0.0886611938476562 0.0150966644287109 -0.0340633392333984
-0.036834716796875 0.0917510986328125 0.00927162170410156 -0.0224456787109375
-0.060028076171875 0.0816726684570313 0.031585693359375 0.0279254913330078
-0.0247039794921875 0.0826568603515625 0.00049591064453125 0.0367050170898438
0.023590087890625 0.0888214111328125 0.00351715087890625 0.0535049438476563
0.0640830993652344 0.0415840148925781 0.03466796875 0.0389633178710938
0.0666618347167969 -0.00314712524414063 0.0404090881347656 0.0113487243652344
0.0403709411621094 -0.0478439331054688 0.0259990692138672 -0.0178604125976563
0.0129966735839844 -0.0615234375 0.00425529479980469 -0.0166730880737305
0.0136604309082031 -0.0571327209472656 -0.00586080551147461 -0.000391006469726565
0.00725936889648437 -0.06591796875 -0.00792694091796875 0.0051116943359375
0.0239944458007813 -0.0584983825683594 -0.0199413299560547 0.00650978088378906
0.0554008483886719 -0.0384407043457031 -0.0238437652587891 0.00260162353515625
0.0693817138671875 0.00174331665039063 -0.0181312561035156 -0.0176010131835938
0.0466766357421875 0.0670928955078125 -0.00376319885253906 -0.0271034240722656
0.009246826171875 0.089111328125 0.0135335922241211 -0.015782356262207
-0.044769287109375 0.0875015258789063 -0.00639438629150391 0.00492525100708008
-0.0624008178710938 0.0633583068847656 0.00823593139648437 0.0547866821289063
-0.0360260009765625 0.0738525390625 -0.0113754272460938 0.0566520690917969
0.0106124877929688 0.0879592895507813 -0.00571823120117188 0.0568656921386719
0.0568733215332031 0.0474967956542969 0.0188179016113281 0.0445899963378906
0.0645751953125 0.0027618408203125 0.024871826171875 0.0231685638427734
0.0422706604003906 -0.0443077087402344 0.016993522644043 0.00160598754882812
0.0153045654296875 -0.0585670471191406 0.00378799438476563 0.00595283508300781
0.0146217346191406 -0.0547332763671875 -0.0043487548828125 0.0191249847412109
0.00800323486328125 -0.063262939453125 -0.007232666015625 0.024871826171875
0.0234413146972656 -0.0560722351074219 -0.0229206085205078 0.0237407684326172
0.0530891418457031 -0.035736083984375 -0.0287380218505859 0.0147285461425781
0.0641059875488281 0.00355148315429688 -0.0246829986572266 -0.00924110412597657
0.0388679504394531 0.0642242431640625 -0.00772857666015625 -0.0205192565917969
-0.000396728515625002 0.0797576904296875 0.0115060806274414 0.00020980834960938
-0.0489425659179688 0.0711593627929687 -0.0226116180419922 0.0292987823486328
-0.0523185729980469 0.0335311889648438 -0.0150299072265625 0.07440185546875
-0.0372772216796875 0.0499382019042969 -0.023101806640625 0.0700950622558594
-0.00316238403320312 0.067779541015625 -0.012481689453125 0.055511474609375
0.0388717651367187 0.0417213439941406 0.00451278686523438 0.0449485778808594
0.0497055053710938 0.00652313232421875 0.00924301147460938 0.0295848846435547
0.0352210998535156 -0.0333518981933594 0.00697898864746094 0.0184879302978516
0.0142974853515625 -0.0456619262695313 0.00255203247070312 0.0262527465820313
0.0129432678222656 -0.0437431335449219 -0.00214385986328125 0.0360832214355469
0.00822830200195313 -0.0513114929199219 -0.006103515625 0.0418815612792969
0.0206260681152344 -0.0453376770019531 -0.0253143310546875 0.0391044616699219
0.0456962585449219 -0.0277252197265625 -0.0334548950195312 0.0253982543945313
0.0520820617675781 0.0064697265625 -0.0307884216308594 -0.00287628173828124
0.0246734619140625 0.0559616088867187 -0.0119457244873047 -0.0166645050048828
-0.0113372802734375 0.0619697570800781 0.00773525238037109 0.0136270523071289
-0.0486640930175781 0.0457229614257812 -0.0393257141113281 0.0476875305175781
-0.0334091186523438 -0.00223350524902344 -0.029083251953125 0.0830535888671875
-0.0319728851318359 0.0164031982421875 -0.0284576416015625 0.0754928588867188
-0.0139846801757812 0.0352668762207031 -0.0149879455566406 0.05084228515625
0.0155696868896484 0.026947021484375 -0.00457000732421875 0.0431327819824219
0.0258274078369141 0.00764083862304688 -0.000528335571289064 0.0325946807861328
0.0214920043945313 -0.0175647735595703 0.00107955932617188 0.0305690765380859
0.0107612609863281 -0.0258560180664063 0.00299072265625 0.0404396057128906
0.00967025756835937 -0.0256767272949219 9.15527343750029E-05 0.0470314025878906
0.0075836181640625 -0.0322914123535156 -0.00659561157226563 0.0542335510253906
0.0155735015869141 -0.0293712615966797 -0.0281028747558594 0.0496749877929688
0.0326881408691406 -0.0164661407470703 -0.0384902954101562 0.0313796997070313
0.0351486206054688 0.00820541381835938 -0.0373687744140625 0.000930786132812498
0.0096282958984375 0.0410842895507813 -0.0165605545043945 -0.0150184631347656
-0.0204696655273438 0.0370750427246094 0.000846862792968749 0.0212230682373047
-0.0416145324707031 0.014434814453125 -0.0546875 0.0561599731445313
0.0203456878662109 0.0206871032714844 0.0559616088867188 -0.0649452209472656
0.0186653137207031 -0.0116214752197266 0.00488853454589844 -0.0269374847412109
-0.000711441040039062 -0.0171651840209961 0.0172710418701172 0.0195770263671875
-0.0118122100830078 -0.00638389587402344 0.0489234924316406 0.003631591796875
-0.0107641220092773 0.00364780426025391 0.0479202270507813 -0.0317878723144531
-0.00664710998535156 0.0113248825073242 0.0265045166015625 -0.0583343505859375
-0.00529003143310547 0.00687789916992188 -0.000507354736328123 -0.0652122497558594
-0.00467824935913086 0.00567340850830078 -0.00615310668945313 -0.052032470703125
-0.00616312026977539 0.00493240356445312 -0.00645828247070313 -0.0452079772949219
-0.00786828994750977 -0.00152015686035156 -0.000991821289062503 -0.039581298828125
-0.00226974487304688 -0.00992965698242188 -4.19616699218745E-05 -0.0359420776367188
0.0113658905029297 -0.0125265121459961 0.00699615478515625 -0.0435714721679688
0.0233402252197266 0.00122261047363281 0.0189552307128906 -0.0517730712890625
0.0259151458740234 0.0204048156738281 0.0245513916015625 -0.0749435424804688
0.0163497924804688 0.03485107421875 0.0370941162109375 -0.0867156982421875
0.000911712646484381 0.0535926818847656 0.0636520385742188 -0.0541229248046875
0.0170497894287109 0.0207443237304688 0.0112018585205078 -0.0211887359619141
0.0164394378662109 0.0096273422241211 0.0193424224853516 0.0253410339355469
0.0136680603027344 -0.000204086303710937 0.0532951354980469 0.00809097290039063
0.0110569000244141 -0.00486087799072266 0.0535850524902344 -0.0276527404785156
0.00362682342529297 -0.0108671188354492 0.0296211242675781 -0.0587310791015625
-0.00368881225585938 -0.0181388854980469 0.000335693359375004 -0.0639457702636719
-0.000584602355957031 -0.0174827575683594 -0.00732803344726562 -0.0475730895996094
-0.00260543823242187 -0.0206356048583984 -0.008453369140625 -0.0417594909667969
0.00506591796875 -0.022186279296875 -0.0054779052734375 -0.0363197326660156
0.0209770202636719 -0.0187225341796875 -0.00472450256347656 -0.0320854187011719
0.0358009338378906 -0.0032806396484375 0.00283050537109375 -0.0407066345214844
0.0333995819091797 0.0318012237548828 0.0136032104492188 -0.0476875305175781
0.0219345092773437 0.0532455444335937 0.0198974609375 -0.0667572021484375
-0.00447463989257813 0.0655136108398438 0.0323715209960938 -0.0733108520507813
-0.02154541015625 0.078521728515625 0.0628623962402344 -0.0336952209472656
0.00824356079101563 0.0520095825195312 0.0131673812866211 -0.00711822509765625
0.0296096801757813 0.0410690307617188 0.0188369750976563 0.035491943359375
0.0392646789550781 0.0107994079589844 0.0539360046386719 0.0170669555664062
0.0350589752197266 -0.0101222991943359 0.0557708740234375 -0.0189437866210938
0.0161914825439453 -0.0307540893554688 0.0313987731933594 -0.0521392822265625
0.000419616699218754 -0.0400199890136719 0.00123977661132813 -0.0547676086425781
0.00401687622070313 -0.0377159118652344 -0.00806045532226563 -0.0361976623535156
3.43322753906272E-05 -0.0433235168457031 -0.00978660583496094 -0.0303745269775391
0.0147514343261719 -0.040771484375 -0.0113143920898438 -0.0260276794433594
0.0392951965332031 -0.0294456481933594 -0.0121707916259766 -0.0233688354492188
0.0557136535644531 -0.0006256103515625 -0.00441741943359374 -0.0356330871582031
0.0444717407226563 0.0518646240234375 0.00625228881835938 -0.0423965454101563
0.0208511352539062 0.07672119140625 0.0154037475585938 -0.0527114868164063
-0.020782470703125 0.0867843627929688 0.0214500427246094 -0.0506935119628906
-0.0419082641601562 0.0906524658203125 0.0522232055664063 -0.00473022460937499
-0.00495147705078125 0.0758056640625 0.0101690292358398 0.013422966003418
0.0348968505859375 0.0699996948242188 0.0141868591308594 0.0459823608398438
0.0592117309570313 0.0245895385742188 0.0487213134765625 0.0281600952148438
0.055389404296875 -0.0107345581054688 0.0520744323730469 -0.00514602661132813
0.0286407470703125 -0.0449790954589844 0.0302352905273438 -0.0379486083984375
0.00493240356445313 -0.0557899475097656 0.00262832641601562 -0.0385589599609375
0.0074920654296875 -0.0522575378417969 -0.00763130187988281 -0.0193004608154297
0.00153350830078125 -0.0595130920410156 -0.00954627990722656 -0.013361930847168
0.0188560485839844 -0.0542831420898438 -0.0167160034179688 -0.0107383728027344
0.0492630004882813 -0.0383949279785156 -0.018951416015625 -0.0111293792724609
0.0671844482421875 -0.00244903564453125 -0.0124416351318359 -0.0265979766845703
0.0526466369628906 0.0623741149902344 -0.000186920166015625 -0.0352287292480469
0.0201263427734375 0.0880355834960937 0.0130615234375 -0.0362358093261719
-0.0319671630859375 0.0955886840820313 0.00827407836914062 -0.0236625671386719
-0.0561141967773438 0.0866851806640625 0.0334091186523438 0.0264492034912109
-0.0203933715820313 0.0854721069335938 0.00200271606445312 0.036651611328125
0.0295791625976562 0.0887603759765625 0.00606918334960938 0.05462646484375
0.0672874450683594 0.0379524230957031 0.0368194580078125 0.0382881164550781
0.0676612854003906 -0.00720977783203125 0.0417938232421875 0.00954055786132812
0.0374565124511719 -0.0505638122558594 0.024658203125 -0.0196914672851563
0.00876998901367187 -0.0630149841308594 0.00338459014892578 -0.0171852111816406
0.00992202758789062 -0.0586967468261719 -0.00526094436645508 0.000454902648925778
0.00246810913085938 -0.0665855407714844 -0.00810050964355469 0.00621318817138672
0.0198745727539063 -0.0604095458984375 -0.0200328826904297 0.00771903991699218
0.0534400939941406 -0.0425910949707031 -0.0240001678466797 0.00343704223632812
0.0700416564941406 -0.00305557250976563 -0.019317626953125 -0.0172290802001953
0.0519905090332031 0.0647850036621094 -0.00487709045410156 -0.0278701782226562
0.0149459838867187 0.0889739990234375 0.0128860473632813 -0.0176200866699219
-0.0402603149414063 0.091705322265625 -0.00635957717895508 0.00482034683227539
-0.0590286254882812 0.0683403015136719 0.0108299255371094 0.0549812316894531
-0.0327072143554688 0.0767745971679688 -0.008880615234375 0.0572700500488281
0.0159835815429687 0.0888137817382813 -0.00273513793945313 0.0587539672851563
0.0604591369628906 0.0444374084472656 0.0217247009277344 0.0449371337890625
0.0657386779785156 -0.001312255859375 0.0269222259521484 0.0223884582519531
0.039276123046875 -0.0472908020019531 0.0173749923706055 0.000656127929687497
0.0111808776855469 -0.0603408813476563 0.00416994094848633 0.00573635101318359
0.0109977722167969 -0.0559425354003906 -0.00314521789550781 0.0202064514160156
0.00311660766601562 -0.0642433166503906 -0.00628471374511719 0.0257129669189453
0.0193138122558594 -0.0574836730957031 -0.0219650268554688 0.0257434844970703
0.05108642578125 -0.0398635864257812 -0.0280914306640625 0.0165443420410156
0.0651969909667969 -0.000762939453125 -0.0251827239990234 -0.00826454162597656
0.0431900024414063 0.0624122619628906 -0.00902557373046875 -0.0206584930419922
0.0043182373046875 0.0801773071289063 0.0115108489990234 -0.00126361846923828
-0.0452423095703125 0.07586669921875 -0.0210342407226562 0.0303440093994141
-0.0506591796875 0.0369796752929687 -0.0112762451171875 0.076507568359375
-0.0347213745117188 0.0523109436035156 -0.0193023681640625 0.0719680786132813
0.000930786132812498 0.0688705444335938 -0.00976943969726563 0.0570526123046875
0.0418357849121094 0.0397796630859375 0.00732803344726563 0.0459632873535156
0.0506401062011719 0.00329971313476563 0.0116977691650391 0.0297775268554688
0.0328483581542969 -0.0359001159667969 0.00818061828613281 0.0183391571044922
0.0112075805664063 -0.0468559265136719 0.004425048828125 0.0267829895019531
0.0100517272949219 -0.0447654724121094 0.000267028808593749 0.0367698669433594
0.00432968139648438 -0.0522918701171875 -0.00367355346679688 0.0431175231933594
0.0173530578613281 -0.0469169616699219 -0.0234375 0.0412521362304687
0.0440101623535156 -0.0307273864746094 -0.0326862335205078 0.0271968841552734
0.0526771545410156 0.00334930419921875 -0.0318470001220703 -0.00139045715332031
0.0286293029785156 0.0549430847167969 -0.0123100280761719 -0.0164175033569336
-0.00757217407226563 0.0627784729003906 0.00904655456542969 0.0130090713500977
-0.0463790893554688 0.0494842529296875 -0.0368232727050781 0.0502891540527344
-0.0337333679199219 9.53674316406183E-05 -0.0244293212890625 0.0861740112304687
-0.0310516357421875 0.01873779296875 -0.0246124267578125 0.0778350830078125
-0.0118980407714844 0.0362358093261719 -0.01251220703125 0.0524101257324219
0.0178813934326172 0.0260715484619141 -0.00242233276367187 0.0442390441894531
0.0268268585205078 0.00619316101074219 0.00120735168457031 0.0334243774414063
0.0207538604736328 -0.01861572265625 0.00315475463867188 0.0305633544921875
0.00910186767578125 -0.0269641876220703 0.00542831420898438 0.0408248901367188
0.00798606872558594 -0.0270328521728516 0.00333023071289062 0.0478324890136719
0.00525856018066406 -0.0329723358154297 -0.00304412841796875 0.0554542541503906
0.0132865905761719 -0.0305461883544922 -0.0256233215332031 0.0517921447753906
0.0322341918945313 -0.01904296875 -0.0367889404296875 0.033477783203125
0.0359840393066406 0.00629425048828125 -0.0377311706542969 0.00273132324218749
0.0122413635253906 0.0412750244140625 -0.0169591903686523 -0.0145711898803711
-0.0182647705078125 0.0388565063476563 0.00241851806640625 0.0207691192626953
-0.0410003662109375 0.0169639587402344 -0.0516624450683594 0.05987548828125
0.0211925506591797 0.0196552276611328 0.0527534484863281 -0.0666923522949219
0.0178356170654297 -0.0116310119628906 0.00309371948242187 -0.0263404846191406
-0.00139999389648438 -0.01727294921875 0.0178947448730469 0.0189952850341797
-0.0122480392456055 -0.00623416900634766 0.04876708984375 0.0018768310546875
-0.0108680725097656 0.00434207916259765 0.0458564758300781 -0.0325889587402344
-0.00583267211914063 0.01129150390625 0.0241012573242188 -0.0588035583496094
-0.00486040115356445 0.00753641128540039 -0.00336074829101563 -0.0646934509277344
-0.0042262077331543 0.00567960739135742 -0.0080718994140625 -0.0516624450683594
-0.00551033020019531 0.00511074066162109 -0.00880050659179687 -0.0448417663574219
-0.00775623321533203 -0.000814437866210936 -0.00275421142578125 -0.0393028259277344
-0.00311470031738281 -0.00970172882080078 -0.00135421752929687 -0.036376953125
0.0104656219482422 -0.0126276016235352 0.0048980712890625 -0.0435142517089844
0.0233688354492188 -5.7220458984375E-05 0.0170326232910156 -0.0525245666503906
0.0266647338867188 0.0195484161376953 0.0209503173828125 -0.0750045776367188
0.0174827575683594 0.0338726043701172 0.0329818725585938 -0.0885543823242188
0.00324249267578125 0.0535125732421875 0.0606575012207031 -0.05615234375
0.0175724029541016 0.0199661254882813 0.00899696350097657 -0.0211677551269531
0.0172357559204102 0.00875759124755859 0.0203933715820313 0.0253963470458984
0.0132789611816406 -0.00117778778076172 0.0531425476074219 0.00659561157226563
0.0106678009033203 -0.00553417205810547 0.0519332885742188 -0.0292129516601563
0.00300121307373047 -0.0109081268310547 0.0270767211914063 -0.0591926574707031
-0.00465869903564453 -0.0172691345214844 -0.00267410278320313 -0.0635223388671875
-0.00151538848876953 -0.0175018310546875 -0.009063720703125 -0.0469818115234375
-0.00364112854003906 -0.0203361511230469 -0.0100822448730469 -0.0409660339355469
0.00408554077148438 -0.0219402313232422 -0.00713729858398438 -0.0360488891601563
0.0197200775146484 -0.0192470550537109 -0.00591468811035156 -0.0324115753173828
0.035552978515625 -0.00469970703125 0.00146484375 -0.0411148071289063
0.0343399047851563 0.0297470092773438 0.0115890502929687 -0.0480499267578125
0.023712158203125 0.0518302917480469 0.0170173645019531 -0.0673103332519531
-0.0016021728515625 0.0658531188964844 0.0291595458984375 -0.0751876831054688
-0.0179214477539063 0.07928466796875 0.0602645874023438 -0.0362701416015625
0.00969696044921875 0.0514869689941406 0.0114889144897461 -0.00748538970947265
0.0312843322753906 0.03973388671875 0.0198516845703125 0.0354118347167969
0.0390129089355469 0.00894927978515625 0.0544471740722656 0.0152206420898438
0.0345363616943359 -0.0116634368896484 0.0550613403320313 -0.0203857421875
0.0148544311523437 -0.0313682556152344 0.0292167663574219 -0.0527572631835938
-0.0016632080078125 -0.039520263671875 -0.000968933105468755 -0.0542411804199219
0.00230026245117188 -0.0382423400878906 -0.00886917114257813 -0.0352554321289063
-0.00196456909179688 -0.0429725646972656 -0.0107002258300781 -0.0297336578369141
0.0123825073242188 -0.0406913757324219 -0.0128021240234375 -0.0252552032470703
0.0374259948730469 -0.0306625366210938 -0.0132293701171875 -0.0231552124023438
0.0551948547363281 -0.00286865234375 -0.00609207153320312 -0.0356826782226563
0.0467262268066406 0.0495071411132812 0.00455856323242188 -0.0426902770996094
0.023651123046875 0.0745697021484375 0.0135078430175781 -0.0534324645996094
-0.0171890258789063 0.0877761840820313 0.0191688537597656 -0.0517692565917969
-0.0380630493164063 0.0919952392578125 0.0512428283691406 -0.00710678100585937
-0.0023651123046875 0.0756149291992188 0.00946617126464844 0.0128078460693359
0.0380706787109375 0.0686607360839844 0.0152320861816406 0.0460052490234375
0.060089111328125 0.0217704772949219 0.049530029296875 0.026885986328125
0.05535888671875 -0.0135688781738281 0.0519523620605469 -0.00708770751953125
0.0260467529296875 -0.0456352233886719 0.0283203125 -0.0391197204589844
0.00174713134765625 -0.0557098388671875 0.00159072875976562 -0.0381202697753906
0.0051116943359375 -0.0524253845214844 -0.0074920654296875 -0.0182056427001953
-0.00173568725585938 -0.05841064453125 -0.0104589462280273 -0.0127525329589844
0.0155830383300781 -0.054412841796875 -0.0174150466918945 -0.00947666168212891
0.0470657348632813 -0.040374755859375 -0.0191516876220703 -0.0100364685058594
0.0669364929199219 -0.0054779052734375 -0.0135536193847656 -0.0269374847412109
0.0548362731933594 0.0591888427734375 -0.00146865844726562 -0.0353622436523437
0.0233154296875 0.0863037109375 0.01171875 -0.0370864868164062
-0.0280990600585938 0.0971527099609375 0.00727653503417969 -0.0248603820800781
-0.0520095825195312 0.0888290405273438 0.0335731506347656 0.0250968933105469
-0.0170516967773438 0.0857315063476563 0.0022735595703125 0.0356864929199219
0.033782958984375 0.0873031616210938 0.00811386108398437 0.0551910400390625
0.0683975219726563 0.03509521484375 0.0384902954101563 0.037689208984375
0.0671157836914063 -0.0103836059570313 0.0421981811523438 0.00815963745117188
0.0343818664550781 -0.0517959594726562 0.0237045288085938 -0.0203647613525391
0.00536346435546875 -0.0628890991210938 0.00257492065429687 -0.0166473388671875
0.00690460205078125 -0.0588531494140625 -0.00468587875366211 0.00117015838623046
-0.00111007690429688 -0.0662727355957031 -0.00817489624023437 0.00660085678100586
0.0165138244628906 -0.0603294372558594 -0.0197830200195313 0.00947380065917969
0.050689697265625 -0.0450019836425781 -0.0237178802490234 0.00463294982910156
0.0696754455566406 -0.00622940063476563 -0.0202884674072266 -0.0171394348144531
0.0547943115234375 0.0619354248046875 -0.00634765625 -0.0281524658203125
0.0185928344726562 0.0872116088867188 0.0121612548828125 -0.0183906555175781
-0.03607177734375 0.0934677124023438 -0.00588130950927735 0.00433683395385743
-0.0559005737304688 0.0705032348632813 0.0127334594726562 0.054473876953125
-0.0290679931640625 0.077728271484375 -0.00714492797851563 0.0569419860839844
0.020111083984375 0.0879364013671875 -0.00124740600585937 0.0588951110839844
0.0616950988769531 0.0416717529296875 0.0230789184570313 0.044464111328125
0.0655593872070313 -0.00420761108398438 0.0277729034423828 0.021484375
0.0364189147949219 -0.0486373901367188 0.01690673828125 -3.0517578125003E-05
0.00757598876953124 -0.05987548828125 0.00446891784667969 0.00576925277709961
0.00808334350585938 -0.0563430786132813 -0.00157928466796875 0.0204524993896484
-0.000102996826171879 -0.063507080078125 -0.00556755065917969 0.0260848999023437
0.0161056518554688 -0.057525634765625 -0.0209274291992188 0.0267829895019531
0.0482177734375 -0.0417060852050781 -0.0274200439453125 0.0175666809082031
0.0646286010742188 -0.00347137451171875 -0.0256328582763672 -0.00772857666015624
0.04595947265625 0.0600700378417969 -0.00957489013671875 -0.0209331512451172
0.0078582763671875 0.0792083740234375 0.0116119384765625 -0.00232410430908203
-0.0418548583984375 0.0775375366210937 -0.0197010040283203 0.0307712554931641
-0.0487098693847656 0.0394134521484375 -0.00834655761718751 0.076263427734375
-0.0332984924316406 0.0533981323242187 -0.01751708984375 0.0714797973632813
0.00412368774414062 0.0686607360839844 -0.00809097290039062 0.05810546875
0.0431632995605469 0.0381431579589844 0.00907135009765625 0.0459938049316406
0.0511436462402344 0.00148391723632812 0.0130462646484375 0.0295600891113281
0.0306625366210938 -0.0370140075683594 0.00883102416992188 0.0177364349365234
0.00832748413085938 -0.0475845336914063 0.00568008422851563 0.0264892578125
0.00777053833007813 -0.0453720092773438 0.0023345947265625 0.0369529724121094
0.00178146362304688 -0.0516738891601562 -0.0025482177734375 0.0429344177246094
0.0143814086914063 -0.0475044250488281 -0.021820068359375 0.0428276062011719
0.0416755676269531 -0.0324249267578125 -0.0309848785400391 0.0281791687011719
0.0529327392578125 0.00107192993164063 -0.0313472747802734 -0.000270843505859379
0.0307655334472656 0.0533676147460938 -0.0131635665893555 -0.0162687301635742
-0.00508499145507812 0.0623588562011719 0.00950336456298828 0.0112972259521484
-0.0437278747558594 0.0512275695800781 -0.0344657897949219 0.0508880615234375
-0.0337123870849609 0.00132560729980468 -0.021728515625 0.08697509765625
-0.0300502777099609 0.0196762084960938 -0.0215682983398437 0.0780410766601563
-0.00989151000976562 0.036834716796875 -0.01019287109375 0.0527267456054688
0.0182533264160156 0.0253677368164063 -0.000705718994140628 0.0448265075683594
0.0271186828613281 0.00537681579589844 0.00283622741699219 0.0331344604492188
0.0193996429443359 -0.0191631317138672 0.00409698486328125 0.0307579040527344
0.00706863403320313 -0.0271530151367187 0.00736236572265625 0.0399742126464844
0.00655937194824219 -0.0273494720458984 0.00547409057617188 0.0475234985351563
0.00391578674316406 -0.0333137512207031 -0.000965118408203124 0.0555000305175781
0.0117664337158203 -0.0308551788330078 -0.02349853515625 0.0524978637695313
0.0310592651367187 -0.0203533172607422 -0.0356483459472656 0.0343742370605469
0.0359573364257813 0.00482940673828125 -0.0373649597167969 0.00376129150390625
0.0137901306152344 0.0405349731445313 -0.0175399780273438 -0.014404296875
-0.0166549682617188 0.0389060974121094 0.00412559509277344 0.019622802734375
-0.0398025512695313 0.0186958312988281 -0.0486679077148438 0.0613441467285156
0.0217723846435547 0.0192451477050781 0.0513687133789063 -0.0676460266113281
0.0173349380493164 -0.0117549896240234 0.00173759460449219 -0.0258808135986328
-0.00166893005371094 -0.0173683166503906 0.0184497833251953 0.0193462371826172
-0.0127725601196289 -0.00610256195068359 0.0488815307617188 0.00167465209960937
-0.0110654830932617 0.00411128997802734 0.0455207824707031 -0.0331993103027344
-0.0054168701171875 0.0114231109619141 0.0229949951171875 -0.0589447021484375
-0.00438261032104492 0.00810956954956055 -0.00465011596679688 -0.0644264221191406
-0.00382804870605469 0.00576591491699219 -0.00939178466796874 -0.0514335632324219
-0.00528860092163086 0.00511837005615234 -0.00956344604492187 -0.0448760986328125
-0.00702333450317383 -0.000664710998535155 -0.00329208374023438 -0.0395736694335938
-0.00316524505615234 -0.00923728942871094 -0.00205612182617188 -0.0363883972167969
0.0106010437011719 -0.0133047103881836 0.0042877197265625 -0.0445327758789063
0.0230331420898438 -0.000478744506835938 0.0158157348632813 -0.0523719787597656
0.0264320373535156 0.0190048217773438 0.01995849609375 -0.075103759765625
0.0181808471679688 0.033660888671875 0.0313949584960938 -0.0891342163085938
0.0045318603515625 0.0536689758300781 0.0591964721679688 -0.0573616027832031
0.0174827575683594 0.0201206207275391 0.00753211975097656 -0.0209083557128906
0.0174331665039063 0.00845146179199219 0.0204887390136719 0.0260219573974609
0.0131149291992188 -0.001739501953125 0.0530128479003906 0.00606918334960938
0.0106573104858398 -0.00616359710693359 0.0516777038574219 -0.0296630859375
0.00242424011230469 -0.0105686187744141 0.0260353088378906 -0.0590629577636719
-0.00509548187255859 -0.016749382019043 -0.00395965576171875 -0.0630683898925781
-0.00161075592041016 -0.0175628662109375 -0.0096435546875 -0.0468025207519531
-0.00433349609375 -0.0203571319580078 -0.0106391906738281 -0.0409736633300781
0.00381660461425781 -0.0217952728271484 -0.00782012939453125 -0.0358543395996094
0.0192623138427734 -0.0193824768066406 -0.00649642944335938 -0.0325870513916016
0.0352516174316406 -0.00529098510742188 0.000511169433593749 -0.0420684814453125
0.0349006652832031 0.0290946960449219 0.0107421875 -0.0483741760253906
0.024383544921875 0.0509986877441406 0.0157394409179688 -0.0675048828125
-0.000564575195312498 0.06597900390625 0.0279083251953125 -0.0758819580078125
-0.0160903930664063 0.0796356201171875 0.0592994689941406 -0.0369148254394531
0.0105743408203125 0.05169677734375 0.00998783111572266 -0.00758743286132812
0.0324935913085938 0.0390357971191406 0.0201301574707031 0.0358428955078125
0.0393829345703125 0.007659912109375 0.0546455383300781 0.0152587890625
0.0342960357666016 -0.0128421783447266 0.0548171997070313 -0.0212249755859375
0.0135555267333984 -0.0311069488525391 0.0278396606445312 -0.0527572631835938
-0.00312423706054688 -0.0389289855957031 -0.00197982788085937 -0.0534706115722656
0.00151443481445312 -0.0380401611328125 -0.00915336608886719 -0.0350399017333984
-0.00319671630859375 -0.0426025390625 -0.0112266540527344 -0.0291519165039063
0.0113792419433594 -0.0407485961914062 -0.0134162902832031 -0.0249900817871094
0.0365486145019531 -0.0311965942382813 -0.0134143829345703 -0.0232257843017578
0.0554771423339844 -0.00415802001953125 -0.00660705566406249 -0.0365982055664063
0.0474319458007813 0.04852294921875 0.00384902954101562 -0.0430717468261719
0.0247955322265625 0.0739898681640625 0.0121688842773438 -0.053558349609375
-0.0152969360351562 0.0885391235351562 0.0186042785644531 -0.0527496337890625
-0.0360946655273438 0.0929946899414062 0.0506019592285156 -0.00816726684570312
-0.0016326904296875 0.0761184692382813 0.00832366943359375 0.0122060775756836
0.0398712158203125 0.067901611328125 0.0161705017089844 0.0467681884765625
0.0602531433105469 0.0205268859863281 0.0499687194824219 0.0268363952636719
0.0549354553222656 -0.0150909423828125 0.0521774291992188 -0.00742340087890625
0.0245208740234375 -0.0455703735351563 0.027557373046875 -0.0388717651367188
-7.6293945312495E-05 -0.0548934936523438 0.000629425048828122 -0.0373458862304688
0.003692626953125 -0.0524063110351563 -0.00766372680664063 -0.0177173614501953
-0.00349807739257813 -0.0584907531738281 -0.0106983184814453 -0.0122966766357422
0.0139579772949219 -0.0539321899414063 -0.0174732208251953 -0.00883674621582032
0.0455474853515625 -0.0409393310546875 -0.019134521484375 -0.0099334716796875
0.0667152404785156 -0.00670242309570312 -0.0143051147460937 -0.0273876190185547
0.0562362670898438 0.0576820373535156 -0.00244903564453125 -0.0358467102050781
0.024932861328125 0.085479736328125 0.0105552673339844 -0.0371360778808594
-0.026092529296875 0.0978012084960938 0.00655555725097656 -0.0252628326416016
-0.0502395629882813 0.08984375 0.0334014892578125 0.0239048004150391
-0.0163650512695313 0.0858840942382813 0.00129318237304688 0.0352516174316406
0.0358734130859375 0.0870285034179687 0.00841903686523438 0.0560264587402344
0.0687904357910156 0.0334968566894531 0.038970947265625 0.0377120971679688
0.0673408508300781 -0.011962890625 0.042877197265625 0.00767898559570313
0.0326423645019531 -0.0521697998046875 0.0231761932373047 -0.0202312469482422
0.00317001342773437 -0.0621376037597656 0.00263023376464844 -0.0164337158203125
0.00559234619140625 -0.0593376159667969 -0.00423693656921387 0.0019986629486084
-0.00276947021484375 -0.0653533935546875 -0.00796890258789063 0.00709915161132812
0.0146331787109375 -0.0599327087402344 -0.019775390625 0.00971031188964843
0.0490150451660156 -0.0459136962890625 -0.0235939025878906 0.00490760803222656
0.0693893432617187 -0.0075531005859375 -0.0204906463623047 -0.0173549652099609
0.05615234375 0.0605049133300781 -0.00656318664550781 -0.0285549163818359
0.02032470703125 0.0865859985351563 0.0114173889160156 -0.0196208953857422
-0.0346145629882813 0.0947189331054688 -0.00594806671142578 0.00393962860107422
-0.0544815063476563 0.071746826171875 0.0131912231445313 0.0539321899414063
-0.0288162231445312 0.0781478881835938 -0.00765228271484375 0.0558509826660156
0.0222549438476562 0.0878753662109375 -0.000656127929687501 0.0594024658203125
0.0625572204589844 0.0401382446289063 0.0236663818359375 0.0443191528320313
0.0657501220703125 -0.00577545166015625 0.0282096862792969 0.0208797454833984
0.0349998474121094 -0.0487823486328125 0.0163087844848633 2.86102294921845E-05
0.00539398193359375 -0.0596084594726562 0.00500011444091797 0.00613307952880859
0.00656509399414063 -0.0568923950195313 -0.000810623168945313 0.021240234375
-0.00223159790039062 -0.0631256103515625 -0.00514030456542969 0.0265750885009766
0.0141258239746094 -0.057281494140625 -0.0204734802246094 0.0271701812744141
0.0470695495605469 -0.0424041748046875 -0.0268688201904297 0.0180263519287109
0.0640869140625 -0.00517654418945313 -0.0255603790283203 -0.00776863098144531
0.0468826293945312 0.0591201782226562 -0.0100574493408203 -0.0212192535400391
0.00933074951171875 0.0783004760742188 0.0117568969726563 -0.002960205078125
-0.0400543212890625 0.0783004760742188 -0.018951416015625 0.0303764343261719
-0.048126220703125 0.0399513244628906 -0.007568359375 0.0764541625976563
-0.0324745178222656 0.0537376403808594 -0.016510009765625 0.0711746215820312
0.00594711303710938 0.0689239501953125 -0.00708389282226563 0.0577888488769531
0.0440292358398438 0.0367507934570313 0.00970077514648438 0.0464019775390625
0.0510139465332031 -0.00016021728515625 0.0133934020996094 0.0294971466064453
0.0296897888183594 -0.0369644165039063 0.00893402099609375 0.018157958984375
0.00605392456054688 -0.0472259521484375 0.00646591186523438 0.0263519287109375
0.00654220581054688 -0.0450630187988281 0.00338363647460937 0.0375328063964844
-9.91821289062544E-05 -0.0517311096191406 -0.00174331665039063 0.0433769226074219
0.0132980346679687 -0.0469017028808594 -0.0207405090332031 0.0427093505859375
0.0409736633300781 -0.0335845947265625 -0.0305881500244141 0.0284328460693359
0.0526351928710938 -0.0004119873046875 -0.0312042236328125 -8.20159912109316E-05
0.0313644409179688 0.0528678894042969 -0.0131101608276367 -0.0169258117675781
-0.00386810302734374 0.0622596740722656 0.00989151000976563 0.0106716156005859
-0.0426216125488281 0.052001953125 -0.0332717895507812 0.0507774353027344
-0.0332450866699219 0.00201797485351563 -0.020294189453125 0.0874786376953125
-0.029754638671875 0.0204181671142578 -0.0205078125 0.0779342651367188
-0.00907135009765624 0.0373916625976562 -0.00967788696289063 0.0529861450195312
0.0190181732177734 0.0248203277587891 0.000495910644531247 0.0450973510742188
0.0272331237792969 0.00447845458984375 0.00352096557617188 0.0336265563964844
0.0186443328857422 -0.0194511413574219 0.004486083984375 0.0309505462646484
0.00601005554199219 -0.0271377563476563 0.00872039794921875 0.0402336120605469
0.00532341003417969 -0.0278053283691406 0.00670623779296875 0.0477638244628906
0.00255012512207031 -0.03289794921875 -1.52587890625001E-05 0.0555686950683594
0.0108013153076172 -0.0306987762451172 -0.0229339599609375 0.05322265625
0.0299911499023438 -0.0211658477783203 -0.0347614288330078 0.0348167419433594
0.0357398986816406 0.00386810302734375 -0.0371017456054688 0.00408935546875001
0.0146751403808594 0.0402412414550781 -0.0173587799072266 -0.014643669128418
-0.0163307189941406 0.0390510559082031 0.00449371337890625 0.0184726715087891
-0.0392227172851562 0.0191459655761719 -0.0473365783691406 0.0614852905273438
0.0227413177490234 0.0194053649902344 0.0511894226074219 -0.0687294006347656
0.0172901153564453 -0.0118188858032227 0.00102424621582032 -0.0257034301757813
-0.00214004516601562 -0.0178012847900391 0.0190544128417969 0.0200920104980469
-0.0131330490112305 -0.0061197280883789 0.0497055053710938 0.00182342529296875
-0.0117979049682617 0.00430870056152344 0.0461502075195312 -0.0333595275878906
-0.00558376312255859 0.0118741989135742 0.0236167907714844 -0.0599517822265625
-0.0041961669921875 0.00789403915405273 -0.00510025024414063 -0.06536865234375
-0.00360345840454102 0.00537633895874024 -0.00991439819335938 -0.0526542663574219
-0.00510597229003906 0.00507450103759766 -0.0105438232421875 -0.0458564758300781
-0.0067753791809082 -0.000383853912353516 -0.00397491455078125 -0.0408096313476563
-0.00358676910400391 -0.0093536376953125 -0.00238800048828125 -0.0381546020507813
0.0103855133056641 -0.0136308670043945 0.00410842895507813 -0.0458030700683594
0.0236225128173828 -0.000738143920898438 0.0163192749023438 -0.0531044006347656
0.0272865295410156 0.0189628601074219 0.0198287963867187 -0.0765228271484375
0.0186309814453125 0.0341854095458984 0.0311813354492187 -0.091796875
0.00551223754882812 0.054840087890625 0.0594558715820313 -0.0590057373046875
0.0179615020751953 0.0206546783447266 0.00678253173828125 -0.0210113525390625
0.0179862976074219 0.00861930847167969 0.0212478637695313 0.0271453857421875
0.0128498077392578 -0.00232505798339844 0.0546379089355469 0.00650405883789063
0.0100183486938477 -0.00644493103027344 0.0522727966308594 -0.0304794311523438
0.00243663787841797 -0.0104207992553711 0.0265350341796875 -0.0603065490722656
-0.00553512573242188 -0.0162229537963867 -0.00437545776367188 -0.0640716552734375
-0.00196075439453125 -0.0178203582763672 -0.0100059509277344 -0.0477981567382812
-0.0043792724609375 -0.0206012725830078 -0.0114631652832031 -0.0418548583984375
0.00403404235839844 -0.0215301513671875 -0.008056640625 -0.0367240905761719
0.0196819305419922 -0.0194644927978516 -0.00691604614257812 -0.0335636138916016
0.0360984802246094 -0.0059967041015625 0.000415802001953124 -0.0434913635253906
0.0356712341308594 0.029541015625 0.0107650756835937 -0.0495452880859375
0.025146484375 0.0516281127929688 0.0158805847167969 -0.0687980651855469
-0.000106811523437498 0.0673828125 0.0283660888671875 -0.0784835815429688
-0.0161056518554688 0.0818405151367188 0.0600967407226563 -0.0382919311523437
0.0104713439941406 0.0533828735351563 0.00917530059814453 -0.0079803466796875
0.0337638854980469 0.0399856567382813 0.0208778381347656 0.0373687744140625
0.0398483276367188 0.00770187377929688 0.055816650390625 0.0158843994140625
0.0351314544677734 -0.0137500762939453 0.0557022094726563 -0.0215492248535156
0.0127906799316406 -0.031402587890625 0.0282325744628906 -0.0536308288574219
-0.00377655029296875 -0.0389022827148438 -0.00226593017578125 -0.0545501708984375
0.000701904296875002 -0.0389366149902344 -0.00915145874023438 -0.0353355407714844
-0.00379562377929687 -0.0433845520019531 -0.0121231079101563 -0.0299148559570313
0.0113105773925781 -0.0408744812011719 -0.0139789581298828 -0.0253467559814453
0.0364112854003906 -0.03192138671875 -0.0135097503662109 -0.0236415863037109
0.0562400817871094 -0.00467681884765625 -0.0069732666015625 -0.0379371643066406
0.04876708984375 0.0490455627441406 0.00389862060546875 -0.0443267822265625
0.025665283203125 0.0750198364257813 0.0120010375976563 -0.0552635192871094
-0.0155258178710937 0.0907440185546875 0.01837158203125 -0.0547409057617187
-0.0363006591796875 0.0956649780273438 0.0512580871582031 -0.00827026367187499
-0.00193023681640625 0.077606201171875 0.00727653503417969 0.0126285552978516
0.0416412353515625 0.0690269470214844 0.0165596008300781 0.0487747192382813
0.0614471435546875 0.020294189453125 0.0510406494140625 0.027435302734375
0.0557060241699219 -0.0163764953613281 0.0533676147460938 -0.00749969482421875
0.0242805480957031 -0.046356201171875 0.0278434753417969 -0.0393829345703125
-0.0010528564453125 -0.0555305480957031 0.000537872314453122 -0.0381202697753906
0.00345611572265625 -0.0539512634277344 -0.00704574584960938 -0.0179653167724609
-0.00436782836914063 -0.0588912963867188 -0.0109395980834961 -0.0125150680541992
0.0138053894042969 -0.0541610717773438 -0.0175256729125977 -0.00871086120605469
0.04571533203125 -0.0419845581054688 -0.0198726654052734 -0.0105800628662109
0.0681381225585938 -0.00762176513671875 -0.0145111083984375 -0.0285320281982422
0.0578155517578125 0.0584716796875 -0.00269699096679687 -0.0370330810546875
0.025634765625 0.08648681640625 0.0104103088378906 -0.0383644104003906
-0.0261611938476562 0.100494384765625 0.0066680908203125 -0.0266571044921875
-0.0507888793945313 0.0926742553710937 0.0333995819091797 0.0241222381591797
-0.0166091918945313 0.0879592895507813 0.000743865966796876 0.0354576110839844
0.0377044677734375 0.0884246826171875 0.00905609130859375 0.0581169128417969
0.0704803466796875 0.0337982177734375 0.0396308898925781 0.038818359375
0.0684585571289063 -0.0130729675292969 0.043701171875 0.00782012939453125
0.0325508117675781 -0.0530433654785156 0.0233612060546875 -0.0203056335449219
0.00144577026367187 -0.0631256103515625 0.002716064453125 -0.0161819458007813
0.00489425659179687 -0.060546875 -0.00396275520324707 0.00222563743591308
-0.00391387939453124 -0.0663299560546875 -0.00848674774169922 0.00791549682617187
0.01397705078125 -0.0605239868164063 -0.0203399658203125 0.0103054046630859
0.0488204956054688 -0.0471534729003906 -0.0244922637939453 0.00512504577636719
0.0706024169921875 -0.00850677490234375 -0.0210800170898438 -0.0179157257080078
0.0577049255371094 0.0615768432617188 -0.00735473632812499 -0.0293960571289063
0.0206756591796875 0.0877761840820313 0.0113887786865234 -0.0201759338378906
-0.0346832275390625 0.0968704223632812 -0.00603818893432617 0.0034623146057129
-0.0553741455078125 0.07354736328125 0.0130233764648437 0.0549736022949219
-0.0290069580078125 0.0797805786132813 -0.00850677490234375 0.056549072265625
0.0239410400390625 0.089752197265625 0.000133514404296874 0.0613517761230469
0.0639228820800781 0.0400772094726563 0.0242958068847656 0.0454063415527344
0.0671272277832031 -0.00651168823242188 0.0291843414306641 0.0217571258544922
0.0347709655761719 -0.0496292114257813 0.0166873931884766 0.000177383422851559
0.00413131713867187 -0.0602836608886719 0.00479602813720703 0.00610828399658203
0.00545883178710938 -0.0580215454101562 7.62939453124999E-05 0.0216484069824219
-0.00310897827148437 -0.0639457702636719 -0.00522994995117187 0.0273094177246094
0.0132789611816406 -0.0577964782714844 -0.0207481384277344 0.0282020568847656
0.046905517578125 -0.0440483093261719 -0.0270633697509766 0.0184421539306641
0.0650749206542969 -0.0059661865234375 -0.0264835357666016 -0.00808334350585938
0.0484848022460938 0.0599594116210938 -0.010589599609375 -0.0221920013427734
0.00962066650390625 0.0792465209960938 0.0115604400634766 -0.00360870361328124
-0.0405654907226562 0.0806884765625 -0.0193958282470703 0.0304698944091797
-0.0484962463378906 0.0411796569824219 -0.00752258300781249 0.0779190063476563
-0.0328102111816406 0.0551490783691406 -0.0170974731445312 0.0721206665039063
0.00702667236328125 0.070648193359375 -0.00716400146484375 0.0594711303710938
0.0447006225585938 0.0369682312011719 0.00995635986328125 0.0469779968261719
0.0521202087402344 -0.000843048095703125 0.0141944885253906 0.0301876068115234
0.0293159484863281 -0.0374641418457031 0.00848197937011719 0.0186367034912109
0.00522232055664062 -0.04718017578125 0.00701522827148438 0.0267868041992187
0.00558853149414063 -0.0463333129882813 0.0042266845703125 0.0383567810058594
-0.000545501708984373 -0.0522651672363281 -0.00148773193359375 0.0443611145019531
0.0123634338378906 -0.0473785400390625 -0.0216560363769531 0.0437507629394531
0.0412559509277344 -0.0347709655761719 -0.0309429168701172 0.0285282135009766
0.0532035827636719 -0.000316619873046875 -0.0320243835449219 -0.000808715820312495
0.0326156616210938 0.0534744262695313 -0.0137910842895508 -0.0175628662109375
-0.00449371337890626 0.0628776550292969 0.0104284286499023 0.0101442337036133
-0.0429801940917969 0.0534744262695312 -0.0333709716796875 0.0512924194335938
-0.0343723297119141 0.00233650207519532 -0.0206451416015625 0.0892486572265625
-0.0303821563720703 0.0210475921630859 -0.020538330078125 0.0790634155273438
-0.00852966308593751 0.0382080078125 -0.0103416442871094 0.0538215637207031
0.0196762084960938 0.0248279571533203 0.000122070312500005 0.0458793640136719
0.0281944274902344 0.00431442260742188 0.00365066528320312 0.0346775054931641
0.0186347961425781 -0.0195369720458984 0.00466728210449219 0.0317153930664063
0.00523757934570312 -0.0274200439453125 0.00896072387695313 0.0408477783203125
0.00515937805175781 -0.0284709930419922 0.00727462768554687 0.0487747192382813
0.00204086303710938 -0.0337848663330078 0.00054168701171875 0.0569229125976563
0.0104942321777344 -0.0309181213378906 -0.0229225158691406 0.0541458129882813
0.0305671691894531 -0.0220260620117188 -0.035552978515625 0.0350914001464844
0.0361480712890625 0.00393295288085937 -0.0380172729492188 0.00401687622070312
0.0149765014648438 0.0414619445800781 -0.0178203582763672 -0.0155963897705078
-0.0163497924804688 0.0395927429199219 0.00550270080566406 0.0184822082519531
-0.0395050048828125 0.0197105407714844 -0.0478668212890625 0.0623512268066406
0.0237960815429688 0.0201015472412109 0.0517425537109375 -0.0726547241210938
0.0180549621582031 -0.0124320983886719 0.000318527221679691 -0.0259342193603516
-0.00244522094726562 -0.0177192687988281 0.020294189453125 0.0209999084472656
-0.0140342712402344 -0.00611019134521485 0.0515670776367187 0.00190353393554687
-0.0123624801635742 0.00482082366943359 0.0481834411621094 -0.0351982116699219
-0.00538349151611328 0.0125694274902344 0.0238151550292969 -0.0623435974121094
-0.00377559661865234 0.00879383087158203 -0.00661087036132812 -0.0678558349609375
-0.00382041931152344 0.00582551956176758 -0.0111465454101563 -0.0552825927734375
-0.00538873672485352 0.00514364242553711 -0.0116920471191406 -0.0481185913085938
-0.00667333602905273 -0.000427722930908202 -0.00471115112304688 -0.0426025390625
-0.00324821472167969 -0.00925636291503906 -0.00279617309570313 -0.0399360656738281
0.0103645324707031 -0.0146770477294922 0.0038909912109375 -0.0483016967773438
0.0247116088867188 -0.000860214233398437 0.0169677734375 -0.0550575256347656
0.0284671783447266 0.0195541381835938 0.01983642578125 -0.0795745849609375
0.02001953125 0.035430908203125 0.0315399169921875 -0.0964126586914063
0.00655364990234375 0.0571060180664063 0.0602302551269531 -0.0624427795410156
0.0187397003173828 0.0216560363769531 0.00569725036621094 -0.0209617614746094
0.0191268920898438 0.00844955444335938 0.0229835510253906 0.0279140472412109
0.0131673812866211 -0.00240802764892578 0.0565223693847656 0.00652694702148438
0.0103464126586914 -0.00739955902099609 0.0546226501464844 -0.0317764282226563
0.00210189819335938 -0.0109109878540039 0.0270309448242188 -0.062652587890625
-0.00548934936523438 -0.0163898468017578 -0.00542831420898437 -0.06640625
-0.00230216979980469 -0.018829345703125 -0.0112495422363281 -0.0498580932617188
-0.00504302978515625 -0.0213470458984375 -0.0125465393066406 -0.0437965393066406
0.00396919250488281 -0.0222930908203125 -0.0091552734375 -0.0383453369140625
0.02001953125 -0.0206317901611328 -0.00751876831054687 -0.0350780487060547
0.0371780395507813 -0.00670242309570313 -0.000270843505859374 -0.0461807250976563
0.0377883911132813 0.0297164916992187 0.0102653503417969 -0.0514450073242188
0.0264472961425781 0.0532875061035156 0.0153656005859375 -0.0719223022460938
0.000679016113281249 0.0706253051757813 0.0280609130859375 -0.0826339721679688
-0.015106201171875 0.0855026245117188 0.060882568359375 -0.0414886474609375
0.0116386413574219 0.0550994873046875 0.00807666778564453 -0.00790023803710937
0.0366706848144531 0.0409698486328125 0.0226173400878906 0.0390853881835938
0.0417289733886719 0.0068206787109375 0.0580902099609375 0.0161705017089844
0.0357856750488281 -0.0156517028808594 0.0579261779785156 -0.0222587585449219
0.0128154754638672 -0.032684326171875 0.0288124084472656 -0.0560150146484375
-0.00497055053710938 -0.0401802062988281 -0.00337600708007813 -0.0568885803222656
0.000236511230468753 -0.0405921936035156 -0.00957870483398438 -0.03692626953125
-0.00472259521484375 -0.0446853637695312 -0.0130481719970703 -0.0308971405029297
0.0103302001953125 -0.0422096252441406 -0.0148048400878906 -0.0259742736816406
0.0370445251464844 -0.033538818359375 -0.0148296356201172 -0.0253887176513672
0.0587959289550781 -0.00617218017578125 -0.00794601440429687 -0.0399703979492188
0.0517921447753906 0.0504302978515625 0.00325393676757813 -0.0461082458496094
0.0273513793945312 0.0775222778320313 0.0117759704589844 -0.0578079223632812
-0.0149383544921875 0.0948715209960937 0.0181770324707031 -0.058349609375
-0.035919189453125 0.100738525390625 0.0523223876953125 -0.00986480712890624
-0.000839233398437499 0.0816116333007813 0.0066232681274414 0.0126867294311523
0.0454635620117188 0.0715103149414062 0.0181961059570312 0.0510902404785156
0.0643997192382813 0.0198173522949219 0.0535850524902344 0.0286750793457031
0.0582008361816406 -0.0185356140136719 0.0555305480957031 -0.00834274291992188
0.0238456726074219 -0.0482711791992188 0.0283241271972656 -0.0412139892578125
-0.00265121459960938 -0.0569534301757813 -0.000125885009765628 -0.0395050048828125
0.00209426879882812 -0.056060791015625 -0.0068817138671875 -0.0185832977294922
-0.005950927734375 -0.0610122680664063 -0.0114727020263672 -0.012603759765625
0.0130348205566406 -0.0562553405761719 -0.0191516876220703 -0.00860214233398438
0.0463600158691406 -0.0448493957519531 -0.0204906463623047 -0.0106391906738281
0.0707855224609375 -0.00926971435546875 -0.0158824920654297 -0.0304450988769531
0.0616645812988281 0.06005859375 -0.0036468505859375 -0.0388679504394531
0.0279159545898438 0.0895156860351563 0.0101890563964844 -0.0407295227050781
-0.0254974365234375 0.105880737304688 0.00601768493652343 -0.0282440185546875
-0.0512924194335937 0.0976791381835938 0.0343647003173828 0.0249156951904297
-0.016510009765625 0.0927886962890625 -0.000446319580078125 0.0370635986328125
0.04132080078125 0.0918502807617188 0.0101699829101563 0.0609016418457031
0.0739974975585938 0.03363037109375 0.0418052673339844 0.0404434204101563
0.0712509155273438 -0.0152435302734375 0.0455169677734375 0.00800323486328125
0.0324325561523438 -0.0550804138183594 0.0236682891845703 -0.0211467742919922
-4.57763671875016E-05 -0.0648422241210938 0.00293731689453125 -0.016718864440918
0.003570556640625 -0.0631790161132813 -0.00316739082336426 0.00246262550354004
-0.00646209716796876 -0.0684089660644531 -0.00880146026611328 0.00828075408935547
0.013214111328125 -0.0621528625488281 -0.0207633972167969 0.0112361907958984
0.0495071411132813 -0.0498695373535156 -0.0247402191162109 0.00537109375
0.0732803344726563 -0.010009765625 -0.0224132537841797 -0.0193576812744141
0.0613632202148437 0.0631370544433594 -0.00810623168945312 -0.0310211181640625
0.0229339599609375 0.09051513671875 0.0115070343017578 -0.0217990875244141
-0.0341949462890625 0.102462768554688 -0.00701570510864258 0.00313901901245118
-0.05621337890625 0.0775985717773438 0.0138320922851562 0.0571136474609375
-0.0292892456054687 0.083831787109375 -0.00883865356445313 0.05859375
0.0272369384765625 0.0928497314453125 0.000839233398437498 0.0638771057128906
0.0673866271972656 0.0407867431640625 0.0254707336425781 0.0474891662597656
0.0702896118164063 -0.0086822509765625 0.0310859680175781 0.0223045349121094
0.0350685119628906 -0.0520362854003906 0.0169057846069336 0.000674247741699216
0.00246810913085937 -0.0619354248046875 0.00555562973022461 0.00644493103027343
0.00452804565429687 -0.0605697631835938 0.000907897949218751 0.0229091644287109
-0.00473403930664062 -0.0661468505859375 -0.00469779968261719 0.0289058685302734
0.0124740600585937 -0.0599021911621094 -0.0213756561279297 0.02984619140625
0.0478057861328125 -0.0465354919433594 -0.0280055999755859 0.0187263488769531
0.0677452087402344 -0.00727462768554688 -0.0278854370117187 -0.00835990905761719
0.0517997741699219 0.0618515014648438 -0.0115985870361328 -0.0233783721923828
0.0109024047851563 0.0823593139648438 0.0118808746337891 -0.00423717498779296
-0.0407485961914063 0.0849761962890625 -0.0200099945068359 0.0318336486816406
-0.049530029296875 0.0438919067382812 -0.00732421875 0.0810546875
-0.0336685180664062 0.058074951171875 -0.0177078247070313 0.0745773315429687
0.00874328613281251 0.0732421875 -0.00673294067382812 0.0618820190429688
0.04730224609375 0.037628173828125 0.0108604431152344 0.0497016906738281
0.0545310974121094 -0.00209808349609375 0.0147686004638672 0.0316791534423828
0.0298805236816406 -0.0395584106445312 0.00943756103515625 0.0194358825683594
0.00394439697265625 -0.0489578247070313 0.00784492492675781 0.0280895233154297
0.00475311279296875 -0.0486679077148438 0.00568771362304688 0.0397491455078125
-0.00214767456054687 -0.0544662475585937 -0.000625610351562495 0.046661376953125
0.0117759704589844 -0.0494308471679687 -0.021575927734375 0.0456809997558594
0.0413780212402344 -0.0373306274414063 -0.0318527221679688 0.0300807952880859
0.0553855895996094 -0.001739501953125 -0.0333671569824219 -0.000467300415039067
0.0352210998535156 0.0552139282226563 -0.0152225494384766 -0.0186939239501953
-0.00360870361328125 0.0657157897949219 0.0109682083129883 0.00968360900878907
-0.0439872741699219 0.0568733215332031 -0.0341033935546875 0.0535697937011719
-0.0353813171386719 0.00279998779296875 -0.02032470703125 0.0935745239257813
-0.0313205718994141 0.0222549438476563 -0.0208740234375 0.082122802734375
-0.00801849365234375 0.0402145385742188 -0.0100288391113281 0.0557098388671875
0.0205287933349609 0.0252933502197266 0.000629425048828123 0.0480804443359375
0.0293979644775391 0.00352096557617188 0.00467300415039063 0.0363082885742188
0.0193748474121094 -0.0209941864013672 0.00519180297851563 0.0327816009521484
0.00427627563476563 -0.02838134765625 0.0104179382324219 0.0423927307128906
0.00432205200195313 -0.0295391082763672 0.009246826171875 0.0510177612304688
0.000991821289062503 -0.0350933074951172 0.00152969360351562 0.0597343444824219
0.00979804992675781 -0.0327033996582031 -0.0230293273925781 0.0568695068359375
0.0309371948242188 -0.0237159729003906 -0.0363845825195313 0.0370101928710938
0.0383987426757813 0.003509521484375 -0.0392913818359375 0.00461196899414062
0.0164260864257813 0.0429763793945313 -0.0190830230712891 -0.0161552429199219
-0.01666259765625 0.0416069030761719 0.00563430786132812 0.0186176300048828
-0.0405540466308594 0.0209503173828125 -0.0484199523925781 0.0653533935546875
0.0259933471679688 0.0196781158447266 0.0504226684570313 -0.0779876708984375
0.0184764862060547 -0.0134372711181641 -0.00179290771484375 -0.0265541076660156
-0.00284957885742187 -0.0182590484619141 0.0221366882324219 0.0213146209716797
-0.0146551132202148 -0.00571632385253906 0.0543632507324219 -0.00026702880859375
-0.0133256912231445 0.00541496276855469 0.0488510131835937 -0.0380134582519531
-0.00508022308349609 0.0136919021606445 0.0221366882324219 -0.0661659240722656
-0.00291824340820312 0.00946712493896484 -0.0102157592773438 -0.0704803466796875
-0.00336885452270508 0.00637722015380859 -0.0146980285644531 -0.0577468872070313
-0.00504636764526367 0.00524663925170898 -0.0147323608398437 -0.0502548217773438
-0.00630664825439453 -0.00033426284790039 -0.00692367553710937 -0.0447502136230469
-0.00360870361328125 -0.00924777984619141 -0.00498199462890625 -0.0424995422363281
0.0100221633911133 -0.0157127380371094 0.0017852783203125 -0.0511817932128906
0.0259494781494141 -0.00204277038574219 0.0159492492675781 -0.0582389831542969
0.0306835174560547 0.0193672180175781 0.0174636840820313 -0.08392333984375
0.02191162109375 0.0364418029785156 0.0284423828125 -0.10284423828125
0.00963211059570312 0.059661865234375 0.0595779418945313 -0.0675163269042969
0.0206336975097656 0.02264404296875 0.00424575805664063 -0.0218544006347656
0.0209274291992187 0.0082244873046875 0.0254402160644531 0.0291023254394531
0.0136423110961914 -0.00311183929443359 0.0594024658203125 0.0046234130859375
0.00980854034423828 -0.00807476043701172 0.0558547973632812 -0.0355339050292969
0.00126743316650391 -0.0111217498779297 0.025665283203125 -0.0664558410644531
-0.00664615631103516 -0.0165300369262695 -0.00890731811523438 -0.0691070556640625
-0.00331306457519531 -0.0194091796875 -0.013946533203125 -0.0516471862792969
-0.00607872009277344 -0.0222091674804687 -0.0156974792480469 -0.0457267761230469
0.00335693359375 -0.0231857299804688 -0.011627197265625 -0.0401115417480469
0.0201587677001953 -0.0221977233886719 -0.00957870483398438 -0.0372962951660156
0.0387382507324219 -0.00901412963867187 -0.00226974487304688 -0.0488662719726563
0.0409698486328125 0.0297088623046875 0.00963211059570313 -0.0542106628417969
0.0296745300292969 0.0547447204589844 0.0133590698242188 -0.0759048461914063
0.0040435791015625 0.0747528076171875 0.0249481201171875 -0.0885772705078125
-0.0118789672851562 0.0913619995117187 0.0611038208007813 -0.0457382202148437
0.0144805908203125 0.0583000183105469 0.00691604614257813 -0.00844573974609375
0.0408592224121094 0.0414199829101563 0.0260848999023438 0.0409164428710937
0.0439949035644531 0.005462646484375 0.0617218017578125 0.0152206420898438
0.0364570617675781 -0.0183639526367188 0.0602569580078125 -0.0262336730957031
0.0116996765136719 -0.0343914031982422 0.027923583984375 -0.0595474243164063
-0.00702285766601563 -0.0409049987792969 -0.00585174560546874 -0.0587654113769531
-0.00192642211914062 -0.0428199768066406 -0.0114555358886719 -0.0389785766601563
-0.00765228271484375 -0.0463485717773438 -0.0152606964111328 -0.0319232940673828
0.00939559936523438 -0.0443305969238281 -0.0168952941894531 -0.0271415710449219
0.0375785827636719 -0.0366592407226563 -0.0166606903076172 -0.02557373046875
0.0613861083984375 -0.00901412963867188 -0.0105438232421875 -0.042755126953125
0.05670166015625 0.0501976013183594 0.00195693969726563 -0.0486564636230469
0.03173828125 0.0799789428710938 0.00970840454101562 -0.0614967346191406
-0.0111007690429688 0.100868225097656 0.0161857604980469 -0.0625572204589844
-0.032867431640625 0.107337951660156 0.0536842346191406 -0.0128250122070312
0.00225830078125001 0.0859527587890625 0.00600814819335938 0.0134954452514649
0.05181884765625 0.072998046875 0.0221176147460938 0.0532493591308594
0.0683670043945313 0.0180130004882813 0.0566596984863281 0.0283699035644531
0.0598793029785156 -0.0229644775390625 0.0581855773925781 -0.010650634765625
0.0225753784179688 -0.051055908203125 0.0278701782226563 -0.0434150695800781
-0.00586318969726563 -0.0588493347167969 -0.00181961059570312 -0.0410118103027344
-0.000629425048828126 -0.0591011047363281 -0.00789070129394531 -0.0191974639892578
-0.00968551635742188 -0.0636100769042969 -0.0131464004516602 -0.0129852294921875
0.0107994079589844 -0.0591392517089844 -0.0203952789306641 -0.00816917419433594
0.0466041564941406 -0.0487556457519531 -0.0223217010498047 -0.0106067657470703
0.073883056640625 -0.0130157470703125 -0.0179328918457031 -0.0317649841308594
0.0673713684082031 0.0600318908691406 -0.00561141967773437 -0.0406570434570312
0.0328445434570312 0.0925979614257812 0.00872039794921875 -0.0430526733398437
-0.0225296020507812 0.112823486328125 0.00480842590332031 -0.0305442810058594
-0.0487899780273437 0.105018615722656 0.0362281799316406 0.0246353149414063
-0.0136566162109375 0.0986557006835938 0.000156402587890627 0.03839111328125
0.0490341186523438 0.09454345703125 0.0142402648925781 0.0634384155273438
0.0793609619140625 0.031890869140625 0.0448875427246094 0.040740966796875
0.07415771484375 -0.0199737548828125 0.0484352111816406 0.00687026977539063
0.0310096740722656 -0.0590667724609375 0.0243053436279297 -0.0223560333251953
-0.00331497192382813 -0.0669403076171875 0.00180435180664062 -0.0174722671508789
0.000919342041015626 -0.0667610168457031 -0.00268197059631348 0.00279569625854492
-0.00994110107421875 -0.071075439453125 -0.00903701782226563 0.00961112976074218
0.0102119445800781 -0.0653038024902344 -0.0214653015136719 0.0125446319580078
0.0491600036621094 -0.054534912109375 -0.0258102416992187 0.00599479675292968
0.0762100219726563 -0.0142822265625 -0.0244884490966797 -0.0196914672851563
0.06719970703125 0.0638465881347656 -0.0104179382324219 -0.0322036743164062
0.0273513793945313 0.0939407348632812 0.0107631683349609 -0.0233860015869141
-0.0317840576171875 0.1092529296875 -0.00727510452270508 0.00293540954589845
-0.0551376342773438 0.0841293334960938 0.0162124633789063 0.0591468811035156
-0.0275802612304688 0.0895309448242188 -0.00783157348632813 0.0616569519042969
0.0332794189453125 0.096282958984375 0.003753662109375 0.0673294067382813
0.0718765258789063 0.0396957397460938 0.0282516479492188 0.0490646362304688
0.0732650756835938 -0.0129013061523438 0.0335006713867188 0.0225696563720703
0.03411865234375 -0.0555953979492188 0.0176486968994141 0.000432968139648434
-0.000873565673828127 -0.0643692016601563 0.0061187744140625 0.00705814361572265
0.00145721435546875 -0.0638504028320313 0.00268745422363281 0.0238380432128906
-0.00904846191406249 -0.0685157775878906 -0.00362968444824219 0.0310268402099609
0.0100898742675781 -0.0625572204589844 -0.0211982727050781 0.0324764251708984
0.0468330383300781 -0.0512428283691406 -0.0281887054443359 0.0208072662353516
0.07073974609375 -0.0107269287109375 -0.0293102264404297 -0.00862121582031251
0.0569686889648438 0.0623092651367187 -0.0133705139160156 -0.0237541198730469
0.0148239135742188 0.0855255126953125 0.0128002166748047 -0.00570678710937499
-0.039215087890625 0.0912857055664062 -0.0195407867431641 0.0341167449951172
-0.0496673583984375 0.0482978820800781 -0.00455474853515626 0.0854873657226563
-0.0327301025390625 0.0625724792480469 -0.0160598754882813 0.078521728515625
0.0130538940429688 0.0762710571289063 -0.004302978515625 0.0652008056640625
0.0506706237792969 0.0372047424316406 0.0131034851074219 0.05157470703125
0.057098388671875 -0.00517654418945312 0.0176677703857422 0.0333900451660156
0.0292510986328125 -0.0423355102539063 0.0103912353515625 0.0205612182617187
0.00114059448242187 -0.0506744384765625 0.00960350036621094 0.0291519165039062
0.0023193359375 -0.0512351989746094 0.008575439453125 0.0414237976074219
-0.00533676147460938 -0.0561943054199219 0.00169754028320312 0.0499343872070313
0.00988388061523437 -0.051513671875 -0.0202674865722656 0.0493240356445313
0.0407752990722656 -0.0408401489257813 -0.0314407348632813 0.0323829650878906
0.0582275390625 -0.00424957275390625 -0.0352783203125 0.000583648681640623
0.0392723083496094 0.0567398071289063 -0.0171279907226562 -0.0190238952636719
-0.00115966796875001 0.0686836242675781 0.0117635726928711 0.00911426544189453
-0.0433616638183594 0.0612869262695313 -0.0333175659179688 0.0576553344726563
-0.0366363525390625 0.00468826293945313 -0.0169754028320312 0.0988388061523438
-0.0317096710205078 0.0245704650878906 -0.0187911987304687 0.0865859985351562
-0.0064849853515625 0.0423812866210938 -0.0086212158203125 0.0586204528808594
0.0224704742431641 0.0254058837890625 0.00237655639648438 0.0501823425292969
0.0310287475585938 0.002044677734375 0.00626754760742188 0.0382957458496094
0.0186271667480469 -0.0224056243896484 0.00673866271972656 0.0345878601074219
0.00275611877441406 -0.0294361114501953 0.0129318237304688 0.0442581176757813
0.00295639038085938 -0.0313072204589844 0.0124015808105469 0.0531654357910156
-0.000869750976562499 -0.0366630554199219 0.00445938110351563 0.062896728515625
0.00864028930664062 -0.034576416015625 -0.021484375 0.0605392456054688
0.0308303833007813 -0.0261974334716797 -0.0364341735839844 0.0397071838378906
0.0400772094726563 0.0017547607421875 -0.0406379699707031 0.00617218017578126
0.0193214416503906 0.0444793701171875 -0.0210437774658203 -0.0162868499755859
-0.0159912109375 0.0442008972167969 0.00713539123535156 0.0182266235351563
-0.041473388671875 0.0236549377441406 -0.0478782653808594 0.0699844360351562
0.0283088684082031 0.0185108184814453 0.0461959838867188 -0.0831146240234375
0.0180988311767578 -0.0143852233886719 -0.00387954711914062 -0.0261192321777344
-0.00386810302734375 -0.0187969207763672 0.0247764587402344 0.0211715698242188
-0.015894889831543 -0.00504493713378906 0.0557098388671875 -0.0033721923828125
-0.0133037567138672 0.00705146789550781 0.0478782653808594 -0.0424842834472656
-0.004119873046875 0.0148296356201172 0.0195236206054688 -0.0692977905273438
-0.00202560424804687 0.00980186462402344 -0.015380859375 -0.0719528198242187
-0.00247430801391602 0.00694036483764649 -0.0192756652832031 -0.0589027404785156
-0.00498676300048828 0.00596809387207031 -0.0195198059082031 -0.0512466430664063
-0.00651931762695312 -1.57356262207022E-05 -0.0101280212402344 -0.0460968017578125
-0.00423908233642578 -0.00887107849121094 -0.00844573974609375 -0.0436973571777344
0.00930404663085937 -0.0171480178833008 -0.00164413452148437 -0.0529556274414063
0.0264663696289063 -0.00390052795410156 0.0130691528320313 -0.0610008239746094
0.0328941345214844 0.0176868438720703 0.0124435424804688 -0.08746337890625
0.0254287719726563 0.036376953125 0.022216796875 -0.108718872070312
0.014129638671875 0.061187744140625 0.0556640625 -0.0733871459960938
0.0226631164550781 0.0219650268554688 0.00214385986328125 -0.0220222473144531
0.0225429534912109 0.00736427307128906 0.0283851623535156 0.0283966064453125
0.01397705078125 -0.00419902801513672 0.0616683959960938 0.00184249877929687
0.00916194915771484 -0.00902271270751953 0.0553627014160156 -0.0396499633789063
0.000699996948242188 -0.0107212066650391 0.0227088928222656 -0.069854736328125
-0.007476806640625 -0.0162868499755859 -0.0140609741210938 -0.0703277587890625
-0.00459861755371094 -0.0197219848632813 -0.0182723999023438 -0.0529212951660156
-0.00824356079101563 -0.0219497680664063 -0.0199394226074219 -0.046356201171875
0.00184822082519531 -0.0240535736083984 -0.0145683288574219 -0.0408592224121094
0.0189285278320313 -0.0240879058837891 -0.012603759765625 -0.0380783081054688
0.0392913818359375 -0.012176513671875 -0.00587081909179687 -0.0506019592285156
0.044219970703125 0.0276985168457031 0.00651168823242188 -0.0564231872558594
0.0342369079589844 0.0542335510253906 0.00847625732421876 -0.0788345336914062
0.00904083251953125 0.076812744140625 0.019287109375 -0.0936203002929688
-0.00516510009765626 0.0948715209960937 0.05889892578125 -0.0511207580566406
0.018798828125 0.0596694946289063 0.00549221038818359 -0.00837278366088867
0.0459098815917969 0.0400886535644531 0.0300827026367188 0.0406913757324219
0.0455780029296875 0.00295257568359375 0.0644607543945313 0.012054443359375
0.0360794067382813 -0.0217094421386719 0.0605964660644531 -0.0302276611328125
0.0089569091796875 -0.03546142578125 0.0250129699707031 -0.0624732971191406
-0.0102005004882812 -0.041259765625 -0.00999069213867188 -0.0599212646484375
-0.00493621826171875 -0.0441513061523438 -0.0141983032226563 -0.0393257141113281
-0.0116691589355469 -0.0471229553222656 -0.0184898376464844 -0.0319404602050781
0.00683212280273438 -0.0457267761230469 -0.0191764831542969 -0.0264759063720703
0.0356826782226563 -0.04022216796875 -0.0191326141357422 -0.0263137817382813
0.0626945495605469 -0.0140342712402344 -0.01373291015625 -0.0437049865722656
0.0623397827148438 0.0481986999511719 -0.00113296508789062 -0.0499610900878906
0.0377655029296875 0.0804519653320313 0.00574493408203125 -0.0637054443359375
-0.00495147705078124 0.105850219726563 0.0115470886230469 -0.0660629272460938
-0.0266342163085938 0.1136474609375 0.0533943176269531 -0.0164947509765625
0.00769805908203126 0.0890350341796875 0.00592708587646484 0.0135669708251953
0.0594635009765625 0.0721359252929688 0.0265159606933594 0.0539588928222656
0.0715255737304688 0.013824462890625 0.0604171752929688 0.0263214111328125
0.0599136352539063 -0.0278282165527344 0.0592308044433594 -0.0145683288574219
0.0193672180175781 -0.0538177490234375 0.0258636474609375 -0.0461692810058594
-0.01007080078125 -0.0591087341308594 -0.00457382202148437 -0.0419235229492188
-0.004852294921875 -0.0609283447265625 -0.00875473022460938 -0.0195884704589844
-0.0145645141601563 -0.0646095275878906 -0.0146369934082031 -0.0122766494750977
0.00719451904296875 -0.0610084533691406 -0.0214576721191406 -0.0070343017578125
0.0436744689941406 -0.0533943176269531 -0.0238475799560547 -0.00998497009277344
0.0753707885742188 -0.0186843872070313 -0.021484375 -0.0322704315185547
0.0739974975585938 0.0578460693359375 -0.00846481323242187 -0.0412673950195312
0.0396575927734375 0.0931167602539062 0.00579071044921875 -0.0454902648925781
-0.0152435302734375 0.118797302246094 0.00218963623046875 -0.0324459075927734
-0.0432815551757813 0.111961364746094 0.0384712219238281 0.023101806640625
-0.00786590576171875 0.102302551269531 0.00148773193359375 0.0394744873046875
0.0578079223632812 0.0939788818359375 0.018951416015625 0.0644302368164063
0.0834732055664063 0.0273513793945313 0.048919677734375 0.0396232604980469
0.07489013671875 -0.0264434814453125 0.0505447387695313 0.004669189453125
0.0278129577636719 -0.062164306640625 0.0230388641357422 -0.02398681640625
-0.00831222534179687 -0.06793212890625 0.000953674316406248 -0.0180568695068359
-0.00465011596679688 -0.0686874389648438 -0.00174570083618164 0.00298547744750976
-0.01611328125 -0.0723114013671875 -0.00835323333740235 0.0107431411743164
0.00606918334960938 -0.0673408508300781 -0.0207958221435547 0.0145168304443359
0.0459785461425781 -0.059112548828125 -0.0263042449951172 0.00736045837402343
0.0780487060546875 -0.0203018188476563 -0.0270500183105469 -0.0192241668701172
0.0743637084960938 0.0612564086914062 -0.0128097534179687 -0.032175064086914
0.0341567993164063 0.0948257446289062 0.00959968566894531 -0.0250988006591797
-0.0252456665039062 0.115325927734375 -0.00743913650512696 0.0033864974975586
-0.0509033203125 0.090911865234375 0.0198516845703125 0.0599861145019531
-0.0223617553710937 0.0940475463867188 -0.00535202026367188 0.0635757446289063
0.0418472290039063 0.0970535278320313 0.00838851928710937 0.068450927734375
0.0764694213867188 0.0356521606445313 0.0323066711425781 0.0493850708007812
0.0745010375976563 -0.0188064575195313 0.0362129211425781 0.0219230651855469
0.0308303833007813 -0.0592994689941406 0.0177993774414063 -9.15527343750036E-05
-0.00558853149414063 -0.0654029846191406 0.00702953338623047 0.00707054138183593
-0.00312042236328125 -0.0656051635742188 0.00551033020019531 0.0243015289306641
-0.0144271850585937 -0.0699844360351562 -0.00129508972167969 0.0326137542724609
0.00588226318359375 -0.0644035339355469 -0.0196170806884766 0.0348949432373047
0.044219970703125 -0.0560226440429688 -0.0278472900390625 0.0225448608398437
0.0721054077148438 -0.0163116455078125 -0.0312728881835937 -0.0072784423828125
0.0636215209960938 0.0604362487792969 -0.0156822204589844 -0.0234622955322266
0.0205612182617187 0.0871124267578125 0.0127153396606445 -0.00739002227783203
-0.0338363647460937 0.0973739624023437 -0.0183486938476563 0.0361366271972656
-0.0479812622070313 0.0533103942871094 0.000289916992187501 0.0885238647460938
-0.0296745300292969 0.0661849975585938 -0.012237548828125 0.0814437866210938
0.0189132690429687 0.0775985717773437 -0.000446319580078122 0.0666618347167969
0.0547866821289063 0.0341567993164063 0.0162277221679688 0.0524330139160156
0.0582199096679688 -0.00975418090820313 0.0201225280761719 0.0331058502197266
0.0270576477050781 -0.0453948974609375 0.0117111206054688 0.0212955474853516
-0.0023956298828125 -0.0514030456542969 0.0121231079101563 0.0294761657714844
-0.00134658813476562 -0.0525169372558594 0.0127182006835938 0.0422248840332031
-0.00990295410156249 -0.0575294494628906 0.00562286376953125 0.0512313842773437
0.00624084472656251 -0.0532150268554688 -0.0176963806152344 0.0522422790527344
0.0387611389160156 -0.0447540283203125 -0.0304374694824219 0.0347881317138672
0.0598945617675781 -0.00843048095703125 -0.0360069274902344 0.00241851806640624
0.0450553894042969 0.0556297302246094 -0.0190486907958984 -0.0181446075439453
0.002777099609375 0.0707778930664063 0.0131950378417969 0.00800132751464844
-0.0402374267578125 0.0666542053222656 -0.0302848815917969 0.0607757568359375
-0.0369987487792969 0.00721740722656249 -0.0114364624023437 0.103302001953125
-0.0308189392089844 0.0273399353027344 -0.0142898559570312 0.0897979736328125
-0.00330352783203125 0.0439834594726562 -0.00569534301757813 0.06036376953125
0.0246753692626953 0.0240612030029297 0.00551223754882812 0.0519256591796875
0.0319652557373047 -0.000429153442382812 0.00957107543945313 0.0393791198730469
0.0180492401123047 -0.0244960784912109 0.00913238525390625 0.0354537963867188
0.000509262084960939 -0.0298976898193359 0.0165557861328125 0.0445899963378906
0.000478744506835939 -0.0324916839599609 0.0174598693847656 0.0540199279785156
-0.00386810302734375 -0.0378837585449219 0.00962066650390626 0.0652122497558594
0.00675201416015625 -0.03570556640625 -0.0181388854980469 0.0646209716796875
0.0295124053955078 -0.0295543670654297 -0.0351181030273438 0.0427436828613281
0.0417022705078125 -0.00123977661132813 -0.0418891906738281 0.00868606567382813
0.0231132507324219 0.0448379516601562 -0.0227546691894531 -0.0155181884765625
-0.0139045715332031 0.046722412109375 0.00884151458740234 0.0173196792602539
-0.0411262512207031 0.0270233154296875 -0.04412841796875 0.0750961303710938
0.02935791015625 0.0167694091796875 0.0395355224609375 -0.085296630859375
0.0175466537475586 -0.0153799057006836 -0.00576400756835938 -0.0251235961914063
-0.00496673583984375 -0.0185317993164063 0.0260810852050781 0.0193767547607422
-0.0161285400390625 -0.00352287292480469 0.0557594299316406 -0.00663375854492187
-0.0131540298461914 0.00850868225097656 0.0448570251464844 -0.0446586608886719
-0.00284671783447265 0.0152549743652344 0.0154037475585938 -0.0706558227539062
-0.000664710998535157 0.00983715057373047 -0.020294189453125 -0.0703506469726563
-0.0023655891418457 0.00634098052978516 -0.0240554809570313 -0.0570068359375
-0.00420141220092773 0.00639152526855469 -0.0238265991210937 -0.0497589111328125
-0.00595903396606445 0.000518798828125 -0.0138206481933594 -0.0456314086914062
-0.00456094741821289 -0.00859832763671875 -0.0111770629882813 -0.0434150695800781
0.00792503356933594 -0.0174522399902344 -0.00559234619140625 -0.0530776977539063
0.0256767272949219 -0.00547218322753906 0.0100135803222656 -0.0615005493164063
0.0342235565185547 0.0159778594970703 0.00676727294921875 -0.0877304077148438
0.0278873443603516 0.03497314453125 0.0144119262695313 -0.109649658203125
0.0185623168945313 0.0603179931640625 0.0496826171875 -0.0764541625976563
0.0241909027099609 0.0208587646484375 -0.000265121459960936 -0.0211257934570313
0.0235729217529297 0.00533294677734375 0.0310630798339844 0.0263767242431641
0.0134649276733398 -0.00501251220703125 0.0619583129882813 -0.0019073486328125
0.00826168060302734 -0.00939178466796875 0.0528602600097656 -0.0426254272460938
-1.71661376953133E-05 -0.0106296539306641 0.01824951171875 -0.0709228515625
-0.00831985473632812 -0.0155582427978516 -0.018890380859375 -0.0690803527832031
-0.00615692138671875 -0.0198154449462891 -0.0221672058105469 -0.0516815185546875
-0.0097808837890625 -0.0212230682373047 -0.0239295959472656 -0.0448341369628906
0.000717163085937501 -0.0238761901855469 -0.0176773071289062 -0.0400123596191406
0.0175056457519531 -0.0246429443359375 -0.0150527954101562 -0.0374412536621094
0.0385475158691406 -0.0149688720703125 -0.00987625122070312 -0.0505332946777344
0.0458946228027344 0.0246353149414063 0.003265380859375 -0.0566329956054688
0.0375862121582031 0.0519447326660156 0.00290679931640626 -0.078887939453125
0.0146865844726563 0.076904296875 0.0123825073242188 -0.0947341918945313
0.0013427734375 0.0951919555664062 0.0542755126953125 -0.0545730590820312
0.0228042602539063 0.0587615966796875 0.00411558151245117 -0.00795555114746093
0.0494117736816406 0.0364799499511719 0.0329132080078125 0.0386810302734375
0.0457725524902344 -0.000804901123046875 0.064971923828125 0.008209228515625
0.0335922241210937 -0.0244331359863281 0.0585441589355469 -0.0341911315917969
0.0067901611328125 -0.0356826782226562 0.0207443237304688 -0.0634803771972656
-0.0129661560058594 -0.0399589538574219 -0.0144462585449219 -0.0591812133789063
-0.00841903686523437 -0.0435256958007813 -0.0171318054199219 -0.0385780334472656
-0.0151252746582031 -0.0457077026367188 -0.0213832855224609 -0.0308799743652344
0.00360488891601563 -0.0458106994628906 -0.0212726593017578 -0.0253791809082031
0.0326728820800781 -0.0421676635742187 -0.0206394195556641 -0.0250434875488281
0.0614662170410156 -0.0184593200683594 -0.0174446105957031 -0.0430488586425781
0.0655860900878906 0.0441932678222656 -0.00471496582031249 -0.0497245788574219
0.0430068969726562 0.0775299072265625 0.000961303710937495 -0.06414794921875
0.00282287597656251 0.106613159179688 0.00644683837890625 -0.0668258666992188
-0.0181045532226562 0.115287780761719 0.0508956909179688 -0.0199432373046875
0.01361083984375 0.0889358520507813 0.00546455383300782 0.0135478973388672
0.0652656555175781 0.0674629211425781 0.0306205749511719 0.0518112182617188
0.0723800659179688 0.00885009765625 0.0618629455566406 0.0227890014648437
0.0575599670410156 -0.0328826904296875 0.0583534240722656 -0.0179290771484375
0.01544189453125 -0.0547142028808594 0.023101806640625 -0.0473060607910156
-0.0141258239746094 -0.0580062866210938 -0.00759506225585937 -0.0415229797363281
-0.00966262817382813 -0.0606231689453125 -0.0100803375244141 -0.0192832946777344
-0.0196418762207031 -0.0623283386230469 -0.0156221389770508 -0.0108766555786133
0.00252532958984375 -0.0611076354980469 -0.0219326019287109 -0.00562286376953125
0.0394744873046875 -0.0557441711425781 -0.0242996215820312 -0.00892257690429688
0.0742111206054687 -0.0244140625 -0.0240039825439453 -0.0311203002929687
0.0782089233398438 0.05242919921875 -0.0110092163085937 -0.0403518676757812
0.0455093383789063 0.0902175903320312 0.00255203247070312 -0.0458869934082031
-0.00683593749999999 0.120681762695312 -0.000440597534179686 -0.0325736999511719
-0.0353927612304688 0.114982604980469 0.0388450622558594 0.0199432373046875
-0.00064086914062501 0.103111267089844 0.0027923583984375 0.0392990112304688
0.0647354125976563 0.0896835327148438 0.0233993530273438 0.0625190734863281
0.0852203369140625 0.02142333984375 0.0510444641113281 0.0369071960449219
0.0724411010742188 -0.0323104858398438 0.0505638122558594 0.00116348266601562
0.0232353210449219 -0.0638275146484375 0.0213050842285156 -0.02459716796875
-0.0130424499511719 -0.0662345886230469 4.19616699218744E-05 -0.0179805755615234
-0.00949859619140626 -0.0684738159179688 -0.00131869316101074 0.00228524208068847
-0.0217208862304688 -0.0702972412109375 -0.00751590728759766 0.0117635726928711
0.00103378295898438 -0.0671615600585938 -0.0197219848632812 0.0164546966552734
0.04083251953125 -0.0619277954101563 -0.0259532928466797 0.00887107849121093
0.0763626098632813 -0.0259552001953125 -0.0288829803466797 -0.0182666778564453
0.0785903930664063 0.05615234375 -0.0146694183349609 -0.0309524536132812
0.0407867431640625 0.0923690795898438 0.00779151916503907 -0.0262660980224609
-0.0171127319335938 0.117622375488281 -0.00757884979248047 0.00407171249389649
-0.0440521240234375 0.0942535400390625 0.0232009887695312 0.0583038330078125
-0.01611328125 0.0956649780273438 -0.00241851806640625 0.0633888244628906
0.04876708984375 0.0934829711914063 0.0128440856933594 0.0675392150878906
0.0786361694335938 0.0300979614257813 0.0348930358886719 0.047119140625
0.07232666015625 -0.0248489379882813 0.0373764038085938 0.0194931030273438
0.0265922546386719 -0.0606918334960937 0.0179862976074219 -0.000511169433593754
-0.010406494140625 -0.0638809204101563 0.00745964050292969 0.00661849975585937
-0.00808334350585937 -0.0653953552246094 0.00768470764160156 0.0234813690185547
-0.0200309753417969 -0.0681304931640625 0.00156211853027344 0.0327243804931641
0.0010833740234375 -0.0641098022460938 -0.016937255859375 0.0364761352539062
0.0394477844238281 -0.0587997436523438 -0.0264873504638672 0.0238895416259766
0.07086181640625 -0.0220870971679687 -0.0319747924804688 -0.00553894042968751
0.0680198669433594 0.056121826171875 -0.0170497894287109 -0.0223712921142578
0.0262451171875 0.0855789184570313 0.0119342803955078 -0.00837039947509765
-0.0265960693359375 0.099884033203125 -0.0159111022949219 0.0367317199707031
-0.0434913635253906 0.0566444396972656 0.00633239746093749 0.0881805419921875
-0.0255508422851562 0.0679931640625 -0.007568359375 0.0814208984375
0.0250091552734375 0.0759201049804688 0.00309371948242188 0.0659713745117188
0.0562629699707031 0.0303993225097656 0.0195503234863281 0.0518264770507813
0.0568885803222656 -0.0139007568359375 0.0227527618408203 0.0322418212890625
0.0234489440917969 -0.0470466613769531 0.0133266448974609 0.021209716796875
-0.0064849853515625 -0.0506744384765625 0.0146007537841797 0.0286655426025391
-0.00556182861328126 -0.052276611328125 0.0162391662597656 0.0410804748535156
-0.0144729614257813 -0.0563621520996094 0.009796142578125 0.0510139465332031
0.00228500366210937 -0.0535163879394531 -0.0140571594238281 0.0535545349121094
0.0346336364746094 -0.0475273132324219 -0.0284652709960937 0.0364456176757813
0.0589714050292969 -0.0127449035644531 -0.0360565185546875 0.00439071655273437
0.0493316650390625 0.0527305603027344 -0.0197124481201172 -0.0169315338134766
0.00778961181640624 0.0704574584960938 0.0137262344360352 0.00614738464355469
-0.0352745056152344 0.0692024230957031 -0.0257644653320313 0.0625953674316406
-0.0361061096191406 0.00966644287109375 -0.00462341308593749 0.103538513183594
-0.0287303924560547 0.0290069580078125 -0.00885009765625001 0.0897140502929688
4.19616699218761E-05 0.0440330505371094 -0.00250625610351562 0.0600471496582031
0.0254764556884766 0.0224113464355469 0.0085296630859375 0.0514755249023438
0.0316429138183594 -0.00279426574707031 0.0121879577636719 0.0392837524414063
0.0159854888916016 -0.0258560180664062 0.0110702514648438 0.0355300903320313
-0.00100517272949219 -0.0297946929931641 0.0201148986816406 0.0433845520019531
-0.00202560424804688 -0.0321273803710938 0.0215568542480469 0.0522651672363281
-0.00684738159179687 -0.037811279296875 0.0148544311523437 0.0641822814941406
0.00374221801757812 -0.0361251831054687 -0.0132942199707031 0.0654869079589844
0.0269241333007812 -0.0311775207519531 -0.0325927734375 0.044464111328125
0.0415153503417969 -0.00448989868164062 -0.040985107421875 0.0110893249511719
0.0266838073730469 0.0437088012695313 -0.0239334106445313 -0.0139484405517578
-0.0108680725097656 0.0477218627929688 0.0102462768554687 0.0160989761352539
-0.0391197204589844 0.0300331115722656 -0.0387420654296875 0.0771942138671875
0.0295372009277344 0.0149021148681641 0.0347213745117188 -0.0846633911132813
0.0166254043579102 -0.0154504776000977 -0.00724029541015625 -0.0231113433837891
-0.00543785095214844 -0.0179481506347656 0.0264663696289063 0.0178585052490234
-0.0160160064697266 -0.0026702880859375 0.0544815063476563 -0.00870895385742188
-0.0123796463012695 0.00936412811279297 0.0423088073730469 -0.0455284118652344
-0.00177192687988281 0.0150232315063477 0.0126152038574219 -0.0700569152832031
-0.000112533569335938 0.00919628143310547 -0.0233421325683594 -0.0683021545410156
-0.00185489654541016 0.00636529922485352 -0.0270881652832031 -0.0548744201660156
-0.00387001037597656 0.00641441345214844 -0.026214599609375 -0.0476341247558594
-0.00566387176513672 0.000642776489257814 -0.0159225463867188 -0.0447959899902344
-0.00456380844116211 -0.00818777084350586 -0.0132865905761719 -0.042572021484375
0.00662040710449219 -0.0180149078369141 -0.00810623168945312 -0.0521583557128906
0.0251121520996094 -0.00622177124023437 0.00762939453125 -0.0605621337890625
0.0339851379394531 0.0143222808837891 0.00287628173828126 -0.0858306884765625
0.0289440155029297 0.0328578948974609 0.0089874267578125 -0.108039855957031
0.0212326049804688 0.0580062866210938 0.0444183349609375 -0.076446533203125
0.0252113342285156 0.0200386047363281 -0.00180816650390625 -0.0200004577636719
0.0239753723144531 0.00398635864257813 0.0314598083496094 0.0246200561523437
0.0127935409545898 -0.00541210174560547 0.0607185363769531 -0.00383758544921875
0.00697517395019531 -0.00917625427246094 0.0502433776855469 -0.0436744689941406
-0.000205993652343751 -0.0100193023681641 0.015167236328125 -0.0703048706054688
-0.00874519348144532 -0.014857292175293 -0.0219841003417969 -0.0664634704589844
-0.00680160522460938 -0.0189857482910156 -0.0245857238769531 -0.049957275390625
-0.0103244781494141 -0.0200748443603516 -0.0262794494628906 -0.0426216125488281
-0.000534057617187502 -0.0233879089355469 -0.019195556640625 -0.0384101867675781
0.0159568786621094 -0.0246829986572266 -0.0168609619140625 -0.03607177734375
0.0365486145019531 -0.0164985656738281 -0.0121994018554687 -0.0490455627441406
0.0464210510253906 0.0225334167480469 0.00119781494140626 -0.0550994873046875
0.0386810302734375 0.0496978759765625 -0.00064086914062499 -0.0772476196289063
0.0177993774414063 0.075286865234375 0.0072021484375 -0.0934066772460938
0.00634765625000001 0.093353271484375 0.0496902465820313 -0.0552330017089844
0.0253562927246094 0.0572090148925781 0.0024104118347168 -0.00745773315429687
0.0505142211914062 0.0332374572753906 0.0339622497558594 0.0360336303710938
0.0447845458984375 -0.00284194946289063 0.0638694763183594 0.00615692138671875
0.0315265655517578 -0.0252552032470703 0.0559043884277344 -0.035369873046875
0.00496101379394531 -0.0345726013183594 0.0181961059570312 -0.06298828125
-0.0145797729492188 -0.0381431579589844 -0.0166130065917969 -0.0567474365234375
-0.0104446411132813 -0.0423126220703125 -0.0187835693359375 -0.037384033203125
-0.0170669555664063 -0.0434074401855469 -0.0226383209228516 -0.0289211273193359
0.001556396484375 -0.0445594787597656 -0.0217342376708984 -0.0241718292236328
0.0300178527832031 -0.0426216125488281 -0.0217456817626953 -0.0242156982421875
0.0594558715820313 -0.021240234375 -0.0195083618164062 -0.0422859191894531
0.0664634704589844 0.0402336120605469 -0.00600051879882812 -0.0485496520996094
0.0452957153320313 0.074615478515625 -0.00178909301757813 -0.0626564025878906
0.00784301757812499 0.104949951171875 0.00259399414062501 -0.0653495788574219
-0.0118255615234375 0.113945007324219 0.0478973388671875 -0.0212860107421875
0.0177078247070313 0.087554931640625 0.00485038757324219 0.0135002136230469
0.0676612854003906 0.0628585815429687 0.0324020385742188 0.0489501953125
0.0713043212890625 0.00525665283203125 0.061309814453125 0.0202407836914063
0.0537109375 -0.0347099304199219 0.0567474365234375 -0.0198020935058594
0.0121803283691406 -0.053863525390625 0.0206642150878906 -0.0467262268066406
-0.0164337158203125 -0.0552711486816406 -0.00933837890625 -0.0398216247558594
-0.0126876831054688 -0.0588951110839844 -0.0106239318847656 -0.0185909271240234
-0.0226898193359375 -0.0600471496582031 -0.0158710479736328 -0.00965213775634766
-0.000289916992187501 -0.0593528747558594 -0.0219860076904297 -0.00421905517578126
0.0357513427734375 -0.0565109252929688 -0.0244693756103516 -0.00830078125
0.0710067749023438 -0.0274276733398438 -0.0253391265869141 -0.0305652618408203
0.0795211791992187 0.0483779907226562 -0.012237548828125 -0.0391998291015625
0.0484085083007812 0.0867156982421875 0.000434875488281248 -0.0451240539550781
-0.0013580322265625 0.119171142578125 -0.00229263305664063 -0.0319061279296875
-0.0284347534179687 0.113906860351562 0.0381431579589844 0.0183525085449219
0.00382232666015624 0.101875305175781 0.00294876098632812 0.0386085510253906
0.0682449340820313 0.0840988159179688 0.0251846313476563 0.0594711303710938
0.0843124389648438 0.0165863037109375 0.0509185791015625 0.0346832275390625
0.0689506530761719 -0.035064697265625 0.0499305725097656 3.81469726562285E-06
0.0196876525878906 -0.0630722045898438 0.0200519561767578 -0.0242843627929688
-0.0157737731933594 -0.0638198852539063 -0.000543594360351562 -0.0172443389892578
-0.0128974914550781 -0.066558837890625 -0.000733375549316407 0.00262331962585449
-0.0250244140625 -0.0673789978027344 -0.00630283355712891 0.0118417739868164
-0.00228881835937499 -0.0653839111328125 -0.0188007354736328 0.0166225433349609
0.0366439819335938 -0.0625495910644531 -0.0247631072998047 0.00907516479492187
0.0737228393554688 -0.0297698974609375 -0.0295219421386719 -0.0172882080078125
0.0803070068359375 0.0513992309570313 -0.0154285430908203 -0.0297298431396484
0.0436248779296875 0.0886764526367187 0.00634574890136719 -0.0264110565185547
-0.0108261108398438 0.117019653320313 -0.00772714614868164 0.00383043289184571
-0.03875732421875 0.0943832397460938 0.0244712829589844 0.0561676025390625
-0.0114822387695313 0.0947036743164063 -0.000682830810546871 0.0622634887695313
0.0524215698242188 0.0887680053710938 0.0145454406738281 0.0645599365234375
0.0779342651367188 0.0259017944335938 0.0357551574707031 0.0456275939941406
0.0691642761230469 -0.0277671813964844 0.0380058288574219 0.0179061889648437
0.0230941772460938 -0.0602645874023438 0.0174398422241211 -4.10079956054724E-05
-0.0128135681152344 -0.0612220764160156 0.00781679153442383 0.00646305084228515
-0.0116310119628906 -0.0638275146484375 0.0091094970703125 0.0222091674804687
-0.0233192443847656 -0.0652618408203125 0.00349235534667969 0.0321998596191406
-0.00221633911132812 -0.062591552734375 -0.0151824951171875 0.036529541015625
0.0348968505859375 -0.0593223571777344 -0.0249156951904297 0.0244426727294922
0.0681800842285156 -0.0250511169433594 -0.03155517578125 -0.00455665588378906
0.0696563720703125 0.0517654418945312 -0.0178146362304687 -0.0212669372558594
0.029449462890625 0.0826950073242187 0.0111846923828125 -0.00934028625488281
-0.0216751098632812 0.0994110107421875 -0.0139389038085938 0.0365104675292969
-0.0400390625 0.0576095581054687 0.00887298583984376 0.0862350463867188
-0.0217514038085937 0.06781005859375 -0.00460052490234376 0.079681396484375
0.0279693603515625 0.0728378295898438 0.005096435546875 0.0638084411621094
0.0562057495117187 0.0271224975585938 0.0204277038574219 0.04986572265625
0.05517578125 -0.0170135498046875 0.0234451293945313 0.0311107635498047
0.0206794738769531 -0.0468826293945313 0.0137519836425781 0.0208988189697266
-0.00838851928710937 -0.0483856201171875 0.0157279968261719 0.0280838012695313
-0.00829315185546875 -0.0514183044433594 0.0180587768554687 0.039154052734375
-0.0174446105957031 -0.0544013977050781 0.0126876831054687 0.0495414733886719
-0.000183105468750001 -0.0517425537109375 -0.0109405517578125 0.0530929565429688
0.0311164855957031 -0.0481491088867188 -0.0262489318847656 0.0367088317871094
0.0568733215332031 -0.0158653259277344 -0.0352096557617188 0.00495529174804687
0.0511970520019531 0.0495262145996094 -0.0198383331298828 -0.0154762268066406
0.0107269287109375 0.06890869140625 0.0140142440795898 0.00474739074707032
-0.0314674377441406 0.0698699951171875 -0.022552490234375 0.0616073608398438
-0.0347003936767578 0.0106544494628906 -0.000381469726562499 0.10107421875
-0.0266933441162109 0.0290489196777344 -0.00513458251953125 0.0876998901367188
0.00219345092773438 0.0426063537597656 -0.000888824462890624 0.0586700439453125
0.0260105133056641 0.020538330078125 0.0100975036621094 0.050384521484375
0.0301914215087891 -0.00433349609375 0.013824462890625 0.0375785827636719
0.0142860412597656 -0.0260391235351563 0.0128402709960938 0.0348987579345703
-0.00281333923339844 -0.0284824371337891 0.0219688415527344 0.0416946411132813
-0.00354194641113281 -0.0314693450927734 0.0239410400390625 0.0497856140136719
-0.00883865356445313 -0.0364990234375 0.0184593200683594 0.0618972778320313
0.00210189819335937 -0.0351753234863281 -0.0102043151855469 0.0653419494628906
0.0245170593261719 -0.032012939453125 -0.0298538208007812 0.044830322265625
0.0403861999511719 -0.00630950927734375 -0.03973388671875 0.0118942260742188
0.0284538269042969 0.041290283203125 -0.0240230560302734 -0.0127582550048828
-0.00860977172851563 0.0474586486816406 0.0109071731567383 0.0146923065185547
-0.0366935729980469 0.0307960510253906 -0.0344009399414063 0.0766754150390625
0.0291385650634766 0.0145015716552734 0.031982421875 -0.0831985473632813
0.0164661407470703 -0.0154695510864258 -0.00759696960449219 -0.0226516723632813
-0.00516796112060547 -0.0173492431640625 0.0263023376464844 0.0169620513916016
-0.0158920288085938 -0.00229454040527344 0.0533905029296875 -0.0091400146484375
-0.0122337341308594 0.00985527038574219 0.0413703918457031 -0.0449180603027344
-0.000512123107910156 0.0148983001708984 0.0115127563476563 -0.0690879821777344
0.000186443328857422 0.00860023498535156 -0.0242843627929688 -0.0664329528808594
-0.00173377990722656 0.00560569763183594 -0.027801513671875 -0.0533943176269531
-0.00353097915649414 0.00614786148071289 -0.0274772644042969 -0.0461807250976563
-0.00516319274902344 0.00106382369995117 -0.0170021057128906 -0.0438957214355469
-0.0044703483581543 -0.00768327713012695 -0.0136260986328125 -0.0412826538085937
0.00624465942382813 -0.0172452926635742 -0.00864028930664063 -0.0510711669921875
0.0239849090576172 -0.00627326965332031 0.00691604614257813 -0.0594367980957031
0.0335407257080078 0.0138454437255859 0.00138854980468751 -0.083587646484375
0.0290279388427734 0.0321331024169922 0.00665283203125 -0.106315612792969
0.0217018127441406 0.0566673278808594 0.041534423828125 -0.0747451782226563
0.0250110626220703 0.0194778442382813 -0.00249862670898437 -0.0191020965576172
0.0242214202880859 0.00327682495117187 0.0310497283935547 0.0238265991210938
0.0124120712280273 -0.00559329986572266 0.059295654296875 -0.00434112548828125
0.00679397583007813 -0.00911235809326172 0.0489120483398438 -0.0429534912109375
-0.000222206115722656 -0.00918960571289063 0.01416015625 -0.0691375732421875
-0.00876140594482422 -0.0143766403198242 -0.0226936340332031 -0.0648612976074219
-0.00752449035644531 -0.0190219879150391 -0.0251884460449219 -0.0488777160644531
-0.0108776092529297 -0.0191421508789063 -0.0269966125488281 -0.0409927368164063
-0.000774383544921876 -0.0226211547851562 -0.0199432373046875 -0.0375328063964844
0.0156288146972656 -0.0242691040039063 -0.0169944763183594 -0.0354804992675781
0.0358238220214844 -0.0169219970703125 -0.013092041015625 -0.048187255859375
0.0457992553710938 0.02154541015625 0.000518798828125001 -0.0540618896484375
0.0388755798339844 0.0484352111816406 -0.00234985351562499 -0.0752410888671875
0.0190963745117188 0.0738067626953125 0.00522613525390626 -0.0917510986328125
0.007965087890625 0.0916366577148437 0.0467147827148437 -0.0545005798339844
0.0264472961425781 0.0562477111816406 0.00132036209106446 -0.00686216354370117
0.0510063171386719 0.03106689453125 0.0339508056640625 0.0341281890869141
0.0440025329589844 -0.00388717651367188 0.0630874633789063 0.005615234375
0.0299663543701172 -0.0258274078369141 0.0547943115234375 -0.0348129272460938
0.00417518615722656 -0.0336151123046875 0.0174140930175781 -0.0614738464355469
-0.015106201171875 -0.0365524291992188 -0.017608642578125 -0.0556907653808594
-0.0115432739257813 -0.041900634765625 -0.0193328857421875 -0.0360031127929688
-0.017913818359375 -0.0419158935546875 -0.0229930877685547 -0.028045654296875
0.000457763671875004 -0.0434379577636719 -0.02227783203125 -0.0233573913574219
0.0284080505371094 -0.0420722961425781 -0.0220146179199219 -0.0236701965332031
0.0577049255371094 -0.022064208984375 -0.0205345153808594 -0.0416450500488281
0.0666007995605469 0.038299560546875 -0.00659942626953124 -0.0472640991210938
0.04571533203125 0.0724639892578125 -0.0032958984375 -0.0617332458496094
0.00990295410156251 0.103530883789062 0.00105285644531249 -0.0646018981933594
-0.00945281982421876 0.112174987792969 0.0459938049316406 -0.0211334228515625
0.0193939208984375 0.086151123046875 0.00370597839355469 0.0133781433105469
0.0684089660644531 0.0600852966308594 0.0319442749023438 0.0471229553222656
0.0703964233398438 0.0033416748046875 0.0605850219726563 0.0196075439453125
0.0519180297851563 -0.0354957580566406 0.0554733276367188 -0.0195960998535156
0.0114631652832031 -0.0524101257324219 0.0200119018554688 -0.0457916259765625
-0.017364501953125 -0.0537757873535156 -0.00994491577148438 -0.0387496948242188
-0.0140953063964844 -0.0578994750976562 -0.0106182098388672 -0.0189647674560547
-0.02374267578125 -0.0576820373535156 -0.0160465240478516 -0.00947952270507813
-0.0015411376953125 -0.05767822265625 -0.0217266082763672 -0.00400161743164063
0.0332489013671875 -0.0559539794921875 -0.0244083404541016 -0.00802230834960938
0.0692253112792969 -0.0289993286132813 -0.0263500213623047 -0.0297946929931641
0.0798187255859375 0.046112060546875 -0.0122947692871094 -0.0382232666015625
0.0492019653320313 0.0841827392578125 -0.000610351562499993 -0.0443458557128906
0.00205230712890625 0.118049621582031 -0.00331306457519531 -0.0315608978271484
-0.026123046875 0.112777709960938 0.0367546081542969 0.0177993774414063
0.00577545166015625 0.100532531738281 0.00223159790039063 0.0379714965820313
0.0694503784179688 0.0812149047851563 0.0251312255859375 0.0575714111328125
0.0828170776367188 0.0145187377929688 0.0508079528808594 0.0338211059570313
0.0663414001464844 -0.0360794067382813 0.04949951171875 -0.00104904174804688
0.0176277160644531 -0.0617866516113281 0.0198554992675781 -0.0233879089355469
-0.0166816711425781 -0.0617866516113281 -0.000747680664062503 -0.017064094543457
-0.0144233703613281 -0.0650711059570313 -0.000195384025573731 0.00184988975524902
-0.0262031555175781 -0.0652198791503906 -0.00581645965576172 0.0113792419433594
-0.0039825439453125 -0.0636444091796875 -0.0179672241210938 0.0168476104736328
0.0343284606933594 -0.0618133544921875 -0.0244808197021484 0.0091419219970703
0.0714111328125 -0.030975341796875 -0.0297260284423828 -0.0169563293457031
0.0808181762695313 0.0489425659179688 -0.0153408050537109 -0.0290718078613281
0.04376220703125 0.086578369140625 0.00566291809082031 -0.0264072418212891
-0.00777435302734374 0.11578369140625 -0.00778913497924805 0.00349426269531251
-0.035858154296875 0.0927734375 0.0241737365722656 0.0548629760742188
-0.00985717773437499 0.0933761596679688 -0.00111007690429687 0.0612754821777344
0.0535049438476562 0.0858306884765625 0.0148048400878906 0.06292724609375
0.0771865844726563 0.0237045288085938 0.0356941223144531 0.0444526672363281
0.066986083984375 -0.0286483764648438 0.0377883911132813 0.0176734924316406
0.0213966369628906 -0.0591621398925781 0.0176200866699219 0.000307083129882809
-0.0133743286132813 -0.0597381591796875 0.00862741470336914 0.00657796859741211
-0.0126953125 -0.0625228881835938 0.00994300842285156 0.0213813781738281
-0.0244369506835938 -0.0630531311035156 0.00427436828613281 0.0315532684326172
-0.00344467163085937 -0.0608024597167969 -0.0135383605957031 0.0362701416015625
0.0325736999511719 -0.0582923889160156 -0.0243854522705078 0.0234489440917969
0.0660629272460938 -0.0261688232421875 -0.0313720703125 -0.00475502014160156
0.0698776245117188 0.0492362976074219 -0.0172252655029297 -0.0205783843994141
0.0303192138671875 0.0808334350585938 0.0109195709228516 -0.0100116729736328
-0.0187835693359375 0.098663330078125 -0.0127449035644531 0.0357170104980469
-0.0377273559570313 0.0563926696777344 0.00986480712890626 0.08477783203125
-0.0205802917480469 0.0671348571777344 -0.00456237792968749 0.0785675048828125
0.029571533203125 0.07080078125 0.00501251220703125 0.0624237060546875
0.0554962158203125 0.0254325866699219 0.0203666687011719 0.0492744445800781
0.0536041259765625 -0.0173568725585937 0.0239028930664063 0.0300045013427734
0.0193061828613281 -0.0459747314453125 0.0141353607177734 0.0213356018066406
-0.00926971435546875 -0.0472335815429688 0.0165958404541016 0.0276412963867187
-0.009368896484375 -0.05023193359375 0.0191726684570313 0.0375785827636719
-0.0186614990234375 -0.0526885986328125 0.0137672424316406 0.0481414794921875
-0.00157546997070312 -0.0505104064941406 -0.00948333740234376 0.0529022216796875
0.02947998046875 -0.0475654602050781 -0.0253257751464844 0.0359954833984375
0.0553092956542969 -0.0175895690917969 -0.0343494415283203 0.00532531738281251
0.0518608093261719 0.047637939453125 -0.019683837890625 -0.0151271820068359
0.0113143920898437 0.0675239562988281 0.0137615203857422 0.00381088256835938
-0.0289154052734375 0.0693817138671875 -0.0207252502441406 0.0608711242675781
-0.0336647033691406 0.0108642578125 0.000968933105468754 0.0997772216796875
-0.0261650085449219 0.0289974212646484 -0.00449371337890625 0.0861129760742188
0.00355148315429687 0.041778564453125 -0.00111770629882813 0.0573158264160156
0.0256824493408203 0.0200328826904297 0.0102386474609375 0.0495567321777344
0.0297508239746094 -0.00481414794921875 0.014251708984375 0.0368728637695313
0.0134449005126953 -0.0255584716796875 0.0129146575927734 0.0348167419433594
-0.00336265563964844 -0.0278949737548828 0.0228347778320312 0.0405616760253906
-0.00443840026855469 -0.0309333801269531 0.0254783630371094 0.0482254028320312
-0.00988388061523438 -0.0355148315429688 0.0198402404785156 0.0601577758789063
0.000921249389648439 -0.0343112945556641 -0.00844573974609376 0.0642013549804688
0.022979736328125 -0.0319633483886719 -0.0288543701171875 0.0440750122070313
0.0396041870117188 -0.00698471069335938 -0.0387344360351563 0.0122146606445312
0.0290946960449219 0.0398635864257813 -0.0234127044677734 -0.012451171875
-0.00780487060546875 0.0466194152832031 0.0110282897949219 0.0133438110351563
-0.0352821350097656 0.0307273864746094 -0.0318603515625 0.07501220703125
0.0286464691162109 0.0145912170410156 0.0310745239257812 -0.082366943359375
0.0165233612060547 -0.015620231628418 -0.0086822509765625 -0.021881103515625
-0.00517177581787109 -0.0174121856689453 0.0259323120117188 0.0171375274658203
-0.0162839889526367 -0.00205135345458985 0.0531654357910156 -0.008819580078125
-0.0122613906860352 0.0102100372314453 0.0416679382324219 -0.0442314147949219
-5.0544738769531E-05 0.0147686004638672 0.0113487243652344 -0.0699234008789063
0.000298023223876953 0.00856494903564453 -0.0249900817871094 -0.0664596557617188
-0.00212478637695312 0.00591754913330078 -0.0287513732910156 -0.05377197265625
-0.00327920913696289 0.00653171539306641 -0.0284233093261719 -0.0456352233886719
-0.00532674789428711 0.00087881088256836 -0.0175437927246094 -0.0443077087402344
-0.00406694412231445 -0.00776386260986328 -0.0142364501953125 -0.0418510437011719
0.00575542449951172 -0.0174665451049805 -0.00894546508789062 -0.0510635375976563
0.0241298675537109 -0.00637626647949219 0.007110595703125 -0.0593338012695312
0.0337657928466797 0.0139026641845703 0.001190185546875 -0.0828781127929688
0.0294418334960938 0.0320377349853516 0.00638580322265624 -0.105995178222656
0.0218124389648438 0.0569038391113281 0.0406417846679688 -0.0742568969726563
0.0258045196533203 0.0196514129638672 -0.00315475463867187 -0.0184116363525391
0.0240402221679688 0.00320053100585938 0.0308017730712891 0.0233116149902344
0.0120182037353516 -0.00579547882080078 0.0594329833984375 -0.00396347045898438
0.00675010681152344 -0.00896930694580078 0.0492591857910156 -0.0427436828613281
0.000220298767089843 -0.00935745239257813 0.0143966674804688 -0.0697288513183594
-0.00904178619384766 -0.0143184661865234 -0.0233039855957031 -0.0650444030761719
-0.00753021240234375 -0.019439697265625 -0.0261383056640625 -0.0485801696777344
-0.0107345581054688 -0.0189380645751953 -0.0279541015625 -0.0411338806152344
-0.00092887878417969 -0.0225505828857422 -0.02099609375 -0.0378494262695313
0.0157394409179687 -0.0245647430419922 -0.0172996520996094 -0.0363082885742188
0.0350723266601563 -0.0172500610351563 -0.0136451721191406 -0.0489578247070313
0.0458717346191406 0.0215377807617188 0.00102233886718751 -0.053955078125
0.0391044616699219 0.0486602783203125 -0.0023956298828125 -0.0751266479492188
0.01959228515625 0.0741500854492188 0.00491333007812501 -0.0916061401367188
0.00830078125 0.0918045043945313 0.0460243225097656 -0.0536766052246094
0.0264396667480469 0.0567169189453125 0.000274658203125001 -0.00637149810791015
0.0517082214355469 0.0305671691894531 0.0331401824951172 0.0344448089599609
0.0436134338378906 -0.00444793701171875 0.0634689331054688 0.00574874877929688
0.0298423767089844 -0.0259246826171875 0.0550498962402344 -0.034698486328125
0.00395393371582031 -0.0333652496337891 0.0178184509277344 -0.0618782043457031
-0.0152816772460938 -0.0366744995117188 -0.01849365234375 -0.0555534362792969
-0.0120201110839844 -0.0421104431152344 -0.0199661254882813 -0.0365333557128906
-0.0184440612792969 -0.0417938232421875 -0.023773193359375 -0.0281410217285156
0.000465393066406246 -0.0431365966796875 -0.0228290557861328 -0.0238399505615234
0.0283241271972656 -0.0421524047851563 -0.0221042633056641 -0.0243568420410156
0.0573196411132813 -0.0227813720703125 -0.0208854675292969 -0.0420761108398438
0.0670318603515625 0.0385017395019531 -0.00629806518554687 -0.0471038818359375
0.0454559326171875 0.0726547241210938 -0.00364685058593749 -0.0615043640136719
0.0105438232421875 0.104141235351563 0.000778198242187495 -0.0648269653320313
-0.00911712646484374 0.112022399902344 0.0450248718261719 -0.0210380554199219
0.0195159912109375 0.0866165161132813 0.00268936157226563 0.0137481689453125
0.069671630859375 0.0592765808105469 0.0311088562011719 0.0463714599609375
0.06988525390625 0.00304794311523438 0.06060791015625 0.0200767517089844
0.0517082214355469 -0.0359268188476563 0.0561065673828125 -0.0191726684570313
0.0107765197753906 -0.0520820617675781 0.0205802917480469 -0.0455131530761719
-0.0178604125976562 -0.0532722473144531 -0.00999069213867187 -0.0387306213378906
-0.0148429870605469 -0.0583267211914063 -0.0109367370605469 -0.0189571380615234
-0.0244712829589844 -0.0569381713867188 -0.0160226821899414 -0.00959300994873047
-0.001800537109375 -0.0571861267089844 -0.0221385955810547 -0.00424194335937501
0.0331001281738281 -0.0556831359863281 -0.0245933532714844 -0.00861930847167969
0.0690956115722656 -0.0298080444335937 -0.0271835327148437 -0.0306510925292969
0.0806884765625 0.045745849609375 -0.0117111206054687 -0.03857421875
0.0493316650390625 0.084716796875 -0.000938415527343746 -0.0444488525390625
0.00273895263671876 0.118766784667969 -0.00375747680664063 -0.0315265655517578
-0.0255203247070313 0.112701416015625 0.0355873107910156 0.0180892944335938
0.00556945800781251 0.10125732421875 0.001129150390625 0.0384063720703125
0.0707321166992188 0.0803909301757813 0.0240707397460938 0.0569419860839844
0.0829391479492188 0.0140838623046875 0.0508041381835938 0.0344123840332031
0.0663986206054688 -0.0367279052734375 0.0497093200683594 0.000125885009765623
0.0175209045410156 -0.0614738464355469 0.0202579498291016 -0.0231056213378906
-0.01702880859375 -0.0612258911132813 -0.000958442687988283 -0.0167999267578125
-0.0152702331542969 -0.0656547546386719 -0.000186562538146974 0.00153076648712158
-0.0270156860351562 -0.0644149780273438 -0.00563335418701172 0.0111894607543945
-0.004241943359375 -0.0632781982421875 -0.0181694030761719 0.0166950225830078
0.0337562561035156 -0.061798095703125 -0.0247688293457031 0.00826263427734374
0.0708541870117188 -0.0317611694335938 -0.0305137634277344 -0.0174999237060547
0.0815200805664062 0.0486602783203125 -0.0149078369140625 -0.0291175842285156
0.0445327758789063 0.0866928100585937 0.00541877746582032 -0.0267562866210937
-0.00686645507812499 0.116462707519531 -0.0079193115234375 0.00383806228637696
-0.0355224609375 0.0929183959960938 0.0230827331542969 0.0548744201660156
-0.0098419189453125 0.093994140625 -0.002166748046875 0.0609893798828125
0.0547714233398437 0.0855026245117188 0.0139503479003906 0.0627899169921875
0.0769805908203125 0.023406982421875 0.0354347229003906 0.0452651977539063
0.0671501159667969 -0.0293769836425781 0.0377693176269531 0.0179901123046875
0.0208168029785156 -0.059326171875 0.0180683135986328 0.00124549865722656
-0.0140762329101563 -0.0592193603515625 0.00836563110351563 0.00647926330566406
-0.0134696960449219 -0.06298828125 0.0102500915527344 0.0210514068603516
-0.0254974365234375 -0.0624160766601563 0.00507736206054687 0.0312404632568359
-0.0040130615234375 -0.0600929260253906 -0.013397216796875 0.0361480712890625
0.0320701599121094 -0.0586128234863281 -0.024566650390625 0.0227146148681641
0.0658798217773437 -0.0272712707519531 -0.0321521759033203 -0.00519371032714844
0.0714187622070313 0.0488510131835938 -0.0166187286376953 -0.0206031799316406
0.0307693481445313 0.0807952880859375 0.0107192993164063 -0.0105838775634766
-0.0176239013671875 0.0991439819335938 -0.0131645202636719 0.0353279113769531
-0.0375633239746094 0.0565109252929688 0.00935363769531251 0.0844573974609375
-0.020660400390625 0.0670585632324219 -0.00514984130859376 0.0785675048828125
0.029693603515625 0.0699920654296875 0.003814697265625 0.0615997314453125
0.05523681640625 0.0252189636230469 0.0198745727539063 0.0500869750976562
0.0533332824707031 -0.0175933837890625 0.0241031646728516 0.0303268432617188
0.0191307067871094 -0.0465507507324219 0.0147476196289063 0.0218849182128906
-0.00942611694335937 -0.0467033386230469 0.0171566009521484 0.0271625518798828
-0.00996398925781251 -0.0502166748046875 0.0203475952148438 0.0372810363769531
-0.019439697265625 -0.052276611328125 0.0149154663085938 0.0476722717285156
-0.00181198120117187 -0.0500869750976563 -0.009063720703125 0.0527114868164062
0.0285911560058594 -0.0472946166992188 -0.0255050659179688 0.0354270935058594
0.0551185607910156 -0.017791748046875 -0.0351104736328125 0.00490760803222656
0.0523605346679688 0.0471954345703125 -0.0191669464111328 -0.0153846740722656
0.0114326477050781 0.0677680969238281 0.0135993957519531 0.0031890869140625
-0.0285797119140625 0.0697364807128906 -0.020660400390625 0.0599784851074219
-0.0333538055419922 0.0104484558105469 0.00115966796875001 0.099609375
-0.0261421203613281 0.0289287567138672 -0.0047454833984375 0.0859832763671875
0.00350189208984375 0.04180908203125 -0.00194931030273438 0.0575828552246094
0.0253715515136719 0.0200996398925781 0.00968551635742188 0.0501861572265625
0.0300807952880859 -0.00487327575683594 0.013946533203125 0.0373153686523438
0.0137004852294922 -0.0258579254150391 0.0137557983398437 0.0353965759277344
-0.00383758544921875 -0.0279960632324219 0.0238304138183594 0.0412521362304688
-0.00511550903320312 -0.0308780670166016 0.02703857421875 0.0476036071777344
-0.0103130340576172 -0.0351390838623047 0.0204010009765625 0.0599136352539063
0.000997543334960936 -0.03411865234375 -0.00783538818359374 0.0642852783203125
0.0225753784179688 -0.0318470001220703 -0.0288925170898437 0.04315185546875
0.0391159057617188 -0.00760269165039063 -0.0386772155761719 0.0114784240722656
0.0299644470214844 0.0398521423339844 -0.0232810974121094 -0.0125694274902344
-0.00747299194335938 0.0470771789550781 0.0113191604614258 0.0124292373657227
-0.0347747802734375 0.0309238433837891 -0.0319290161132813 0.07464599609375
0.0295028686523438 0.0151634216308594 0.0308914184570313 -0.083831787109375
0.0172767639160156 -0.0161867141723633 -0.00917243957519531 -0.0218143463134766
-0.00503158569335938 -0.0187149047851563 0.0262088775634766 0.0175571441650391
-0.0164461135864258 -0.002044677734375 0.0546684265136719 -0.0088958740234375
-0.0121679306030273 0.0106287002563477 0.0427589416503906 -0.0453109741210938
-3.62396240234359E-05 0.0151243209838867 0.011199951171875 -0.0718002319335937
0.000364303588867188 0.00824785232543945 -0.026702880859375 -0.0675773620605469
-0.00191879272460937 0.0059046745300293 -0.0312728881835937 -0.0542831420898438
-0.0036158561706543 0.00623035430908203 -0.0300102233886719 -0.0467605590820312
-0.00522804260253906 0.00086069107055664 -0.0187301635742187 -0.045623779296875
-0.00425243377685547 -0.00762796401977539 -0.0148200988769531 -0.0437889099121094
0.00565147399902344 -0.0177688598632813 -0.00966644287109375 -0.0525093078613281
0.0247077941894531 -0.00629615783691406 0.00751113891601563 -0.0605125427246094
0.0347747802734375 0.0144100189208984 0.000846862792968751 -0.084442138671875
0.0305690765380859 0.0325927734375 0.00576019287109375 -0.108848571777344
0.0223274230957031 0.0586280822753906 0.0407867431640625 -0.0756759643554688
0.026763916015625 0.0201473236083984 -0.00475120544433594 -0.0183639526367188
0.0256423950195313 0.00194168090820313 0.0315303802490234 0.0240135192871094
0.012481689453125 -0.00628757476806641 0.0611495971679687 -0.00431060791015625
0.00665950775146484 -0.00938129425048828 0.0505218505859375 -0.04400634765625
0.000280380249023437 -0.00975322723388672 0.01416015625 -0.0719528198242187
-0.00953102111816406 -0.0146284103393555 -0.02471923828125 -0.0663528442382813
-0.00838851928710937 -0.0198001861572266 -0.028350830078125 -0.0499114990234375
-0.0113315582275391 -0.0193843841552734 -0.0296516418457031 -0.04205322265625
-0.000745773315429689 -0.02294921875 -0.0218467712402344 -0.0396537780761719
0.0154476165771484 -0.0249958038330078 -0.018218994140625 -0.0375633239746094
0.0359001159667969 -0.0180816650390625 -0.0150032043457031 -0.0501518249511719
0.0476417541503906 0.0218429565429688 0.00147247314453126 -0.0552597045898437
0.0403289794921875 0.0495452880859375 -0.0028533935546875 -0.076202392578125
0.020904541015625 0.0761871337890625 0.00391387939453124 -0.0937957763671875
0.00921630859375001 0.0942306518554688 0.0457916259765625 -0.0544700622558594
0.0277824401855469 0.0584640502929688 -0.000518321990966794 -0.00623178482055664
0.053741455078125 0.0300178527832031 0.0338325500488281 0.0344867706298828
0.0441932678222656 -0.00482940673828125 0.065032958984375 0.00623321533203125
0.0299053192138672 -0.0267658233642578 0.056854248046875 -0.0352668762207031
0.00411224365234375 -0.0341892242431641 0.018341064453125 -0.0636100769042969
-0.0157737731933594 -0.0371627807617187 -0.019622802734375 -0.0565299987792969
-0.0134391784667969 -0.0436172485351563 -0.0214004516601562 -0.0375938415527344
-0.01934814453125 -0.0419540405273438 -0.024993896484375 -0.0285587310791016
-0.000389099121093754 -0.0439071655273438 -0.0241756439208984 -0.0244808197021484
0.0283241271972656 -0.0431938171386719 -0.0230846405029297 -0.0252952575683594
0.05853271484375 -0.0240936279296875 -0.0221481323242188 -0.043365478515625
0.0696792602539063 0.0390434265136719 -0.00590896606445312 -0.0485992431640625
0.0472869873046875 0.0743408203125 -0.0042724609375 -0.0625572204589844
0.0118865966796875 0.107521057128906 -0.000492095947265619 -0.0662002563476563
-0.00814819335937499 0.115165710449219 0.0449104309082031 -0.0212020874023437
0.0210037231445313 0.0894699096679687 0.00140857696533203 0.0144777297973633
0.07232666015625 0.0591201782226563 0.0314445495605469 0.047393798828125
0.071746826171875 0.0017242431640625 0.0624046325683594 0.0209808349609375
0.05224609375 -0.0375747680664063 0.0578842163085938 -0.0195159912109375
0.0105056762695313 -0.0529441833496094 0.0214080810546875 -0.0466461181640625
-0.0187301635742188 -0.0540657043457031 -0.0105628967285156 -0.0394859313964844
-0.0166664123535156 -0.0601730346679688 -0.0113677978515625 -0.0195941925048828
-0.0261650085449219 -0.05792236328125 -0.01641845703125 -0.0101280212402344
-0.00258255004882813 -0.0582656860351563 -0.0226993560791016 -0.00421905517578125
0.0333213806152344 -0.0573081970214844 -0.0255107879638672 -0.00887680053710938
0.0700836181640625 -0.0315055847167969 -0.0287933349609375 -0.0317173004150391
0.0837631225585938 0.04583740234375 -0.0118980407714844 -0.0396881103515625
0.0513458251953125 0.0867538452148438 -0.00157928466796875 -0.0456352233886719
0.00434875488281251 0.122421264648437 -0.0046539306640625 -0.0322208404541016
-0.02520751953125 0.115631103515625 0.0355720520019531 0.0187110900878906
0.00698089599609376 0.104293823242188 0.000282287597656247 0.0396232604980469
0.073394775390625 0.081573486328125 0.02423095703125 0.0580940246582031
0.0850830078125 0.0133285522460938 0.0519981384277344 0.0359077453613281
0.0669212341308594 -0.0384979248046875 0.0513954162597656 0.000560760498046873
0.0175247192382812 -0.0629501342773438 0.0213336944580078 -0.0234565734863281
-0.0185279846191406 -0.0622482299804688 -0.000721931457519533 -0.0170984268188477
-0.0176162719726563 -0.0673904418945313 9.29832458495999E-06 0.00131499767303466
-0.0288162231445313 -0.0657958984375 -0.00524711608886719 0.0114164352416992
-0.00511550903320313 -0.0644493103027344 -0.018646240234375 0.0173110961914062
0.03326416015625 -0.0634422302246094 -0.0257682800292969 0.00800323486328124
0.0721969604492188 -0.0334701538085938 -0.0323524475097656 -0.0185394287109375
0.084716796875 0.047943115234375 -0.0154876708984375 -0.0304222106933594
0.0463104248046875 0.0889358520507812 0.00543785095214844 -0.027557373046875
-0.00542449951171874 0.120323181152344 -0.00840044021606445 0.00366258621215821
-0.0360641479492188 0.0950241088867188 0.0231437683105469 0.0564956665039063
-0.00941467285156251 0.096221923828125 -0.00284576416015624 0.0627899169921875
0.0572433471679688 0.0867385864257812 0.0134162902832031 0.0637397766113281
0.0787887573242188 0.0232620239257813 0.0361328125 0.0467071533203125
0.068511962890625 -0.0309066772460938 0.0390739440917969 0.0187263488769531
0.0208168029785156 -0.0606460571289063 0.0190010070800781 0.00152397155761718
-0.0151481628417969 -0.0604209899902344 0.00903797149658203 0.00669384002685547
-0.0152778625488281 -0.0650596618652344 0.0113849639892578 0.0210514068603516
-0.0270042419433594 -0.0634117126464844 0.00522613525390625 0.03125
-0.00491333007812501 -0.0617179870605469 -0.0129547119140625 0.0372047424316406
0.0315093994140625 -0.0599899291992188 -0.0251140594482422 0.0228843688964844
0.0666580200195313 -0.0282821655273438 -0.0337677001953125 -0.00590705871582031
0.0743331909179688 0.0491561889648438 -0.0170707702636719 -0.0216655731201172
0.0321197509765625 0.0828094482421875 0.0110740661621094 -0.0115280151367187
-0.016876220703125 0.102348327636719 -0.01312255859375 0.0358619689941406
-0.0384750366210938 0.05767822265625 0.00997161865234376 0.0868988037109375
-0.0204010009765625 0.0685615539550781 -0.00542449951171876 0.080535888671875
0.032012939453125 0.0714492797851562 0.0033111572265625 0.0634422302246094
0.0564727783203125 0.025482177734375 0.020843505859375 0.0517425537109375
0.0543975830078125 -0.0186920166015625 0.0248622894287109 0.0313377380371094
0.0190048217773437 -0.0476417541503906 0.0159740447998047 0.0230312347412109
-0.0101318359375 -0.0483970642089844 0.0184326171875 0.0277118682861328
-0.01129150390625 -0.0520286560058594 0.0214576721191406 0.0376091003417969
-0.0206451416015625 -0.0531883239746094 0.0160255432128906 0.048583984375
-0.00275039672851562 -0.0510063171386719 -0.00872039794921875 0.0539970397949219
0.0284538269042969 -0.0488700866699219 -0.0259819030761719 0.0357704162597656
0.0558357238769531 -0.0193405151367188 -0.0365562438964844 0.00457382202148437
0.0549468994140625 0.047576904296875 -0.0194683074951172 -0.0159473419189453
0.0124969482421875 0.0694389343261719 0.0139617919921875 0.00240421295166016
-0.0280303955078125 0.071533203125 -0.0209007263183594 0.0614891052246094
-0.0341815948486328 0.0104579925537109 0.00136566162109374 0.10211181640625
-0.0268764495849609 0.0297508239746094 -0.00503540039062501 0.0876312255859375
0.00437545776367188 0.0427207946777344 -0.00240325927734375 0.0591850280761719
0.0261058807373047 0.0205249786376953 0.0100936889648437 0.0522575378417969
0.0309028625488281 -0.00562095642089844 0.0149269104003906 0.0386238098144531
0.0135993957519531 -0.0268592834472656 0.0143814086914063 0.0370063781738281
-0.00427436828613281 -0.0288600921630859 0.0256500244140625 0.0415153503417969
-0.00564002990722656 -0.0320949554443359 0.0286178588867188 0.0478401184082031
-0.0114555358886719 -0.035675048828125 0.0225677490234375 0.0609245300292969
3.81469726562465E-05 -0.0349769592285156 -0.00710296630859374 0.0658950805664063
0.0223884582519531 -0.0326328277587891 -0.0298042297363281 0.0443229675292969
0.0397911071777344 -0.00854873657226563 -0.0402336120605469 0.0116004943847656
0.0315780639648437 0.0401687622070313 -0.0235004425048828 -0.0131797790527344
-0.00741958618164063 0.0487022399902344 0.0118255615234375 0.0119857788085938
-0.0353927612304688 0.0313301086425781 -0.0323715209960937 0.0756683349609375
0.0304698944091797 0.015289306640625 0.0293121337890625 -0.0866012573242188
0.0175580978393555 -0.0171737670898438 -0.0103645324707031 -0.0214824676513672
-0.00569343566894531 -0.0195217132568359 0.0272407531738281 0.0179634094238281
-0.0173749923706055 -0.0015106201171875 0.0562286376953125 -0.0106620788574219
-0.0120429992675781 0.0118217468261719 0.0434417724609375 -0.0478630065917969
0.000712394714355468 0.0149736404418945 0.00941467285156249 -0.074951171875
0.000642776489257812 0.00861501693725586 -0.0303192138671875 -0.0695724487304687
-0.00218439102172852 0.00636625289916992 -0.0348892211914063 -0.0552902221679687
-0.00360918045043945 0.00682163238525391 -0.0339317321777344 -0.0473899841308594
-0.00515127182006836 0.00104141235351563 -0.0210456848144531 -0.0472068786621094
-0.00440120697021484 -0.00815677642822266 -0.0167922973632812 -0.0453147888183594
0.00507354736328125 -0.0184917449951172 -0.0116195678710938 -0.0540199279785156
0.0254306793212891 -0.00697898864746094 0.00648117065429688 -0.0621223449707031
0.036834716796875 0.0137214660644531 -0.00102996826171874 -0.0865936279296875
0.0323944091796875 0.0331745147705078 0.002349853515625 -0.111717224121094
0.0252456665039063 0.0600357055664063 0.0390853881835938 -0.0784454345703125
0.0286827087402344 0.0195446014404297 -0.00637435913085937 -0.0181026458740234
0.0266799926757813 0.000911712646484375 0.0322818756103516 0.0239467620849609
0.0123157501220703 -0.00664901733398437 0.0633926391601563 -0.00566864013671875
0.00623130798339844 -0.00957584381103516 0.0515937805175781 -0.0465278625488281
0.000124931335449219 -0.00976181030273438 0.0130844116210937 -0.0747528076171875
-0.0101222991943359 -0.0148353576660156 -0.0278091430664062 -0.0676727294921875
-0.00984764099121093 -0.0203037261962891 -0.0317878723144531 -0.0503883361816406
-0.0123386383056641 -0.0192890167236328 -0.0327987670898438 -0.0423622131347656
-0.00157356262207031 -0.0238265991210938 -0.0243453979492187 -0.0401992797851563
0.0156116485595703 -0.0265846252441406 -0.0201416015625 -0.039154052734375
0.0360870361328125 -0.01959228515625 -0.0170021057128906 -0.0517349243164063
0.0503883361816406 0.0211677551269531 0.000602722167968749 -0.0570297241210938
0.0430984497070313 0.0501251220703125 -0.005218505859375 -0.0783920288085938
0.02374267578125 0.07855224609375 0.00106811523437499 -0.0967788696289063
0.0124130249023437 0.097320556640625 0.0450401306152344 -0.0570411682128906
0.0312118530273438 0.0593452453613281 -0.00196695327758789 -0.00548553466796875
0.0570487976074219 0.0288925170898438 0.0350723266601563 0.0349273681640625
0.0454597473144531 -0.00667953491210938 0.0670127868652344 0.00508880615234375
0.0298614501953125 -0.0288200378417969 0.0581398010253906 -0.0380439758300781
0.00330162048339843 -0.0351371765136719 0.0173568725585938 -0.0663261413574219
-0.017791748046875 -0.0373802185058594 -0.0220870971679688 -0.0577316284179688
-0.0160484313964844 -0.0444259643554688 -0.0236282348632813 -0.038238525390625
-0.0213661193847656 -0.0427398681640625 -0.0275306701660156 -0.0284976959228516
-0.00161361694335937 -0.045379638671875 -0.0261001586914063 -0.0247383117675781
0.0278892517089844 -0.0455665588378906 -0.0247535705566406 -0.0261287689208984
0.05938720703125 -0.02667236328125 -0.0253372192382812 -0.0443458557128906
0.0736923217773438 0.0379104614257813 -0.00712203979492187 -0.0501136779785156
0.0514068603515625 0.0757293701171875 -0.00636291503906249 -0.0642814636230469
0.01629638671875 0.110641479492188 -0.00291824340820312 -0.0682640075683594
-0.0050506591796875 0.119697570800781 0.0446891784667969 -0.0223655700683594
0.0248260498046875 0.0916824340820313 5.7220458984376E-05 0.0155868530273438
0.07720947265625 0.0581130981445313 0.0323104858398438 0.0477676391601563
0.073883056640625 -0.00051116943359375 0.0647430419921875 0.020294189453125
0.0523948669433594 -0.040985107421875 0.0597267150878906 -0.0214691162109375
0.0091400146484375 -0.0552253723144531 0.021240234375 -0.0489349365234375
-0.0213737487792969 -0.0549278259277344 -0.0124130249023438 -0.0403327941894531
-0.0200958251953125 -0.0614204406738281 -0.0126991271972656 -0.0203838348388672
-0.0287284851074219 -0.0587539672851563 -0.0177516937255859 -0.0101509094238281
-0.00478744506835938 -0.0597381591796875 -0.0239715576171875 -0.00390243530273438
0.0320358276367187 -0.0598640441894531 -0.0268173217773437 -0.00938796997070313
0.0711441040039063 -0.0346908569335938 -0.0313129425048828 -0.0319747924804688
0.0886611938476562 0.0442886352539062 -0.0128631591796875 -0.0408439636230469
0.0559844970703125 0.0882034301757812 -0.00288391113281249 -0.0473098754882812
0.0087432861328125 0.126533508300781 -0.00591468811035156 -0.0335731506347656
-0.0226516723632812 0.12017822265625 0.0363311767578125 0.0186920166015625
0.01068115234375 0.107421875 7.62939453124846E-06 0.0409660339355469
0.0784912109375 0.0812911987304688 0.0253639221191406 0.0592498779296875
0.0878982543945313 0.01129150390625 0.0547904968261719 0.0360260009765625
0.0678024291992188 -0.042083740234375 0.0535469055175781 -0.000911712646484378
0.016082763671875 -0.0653152465820313 0.0219821929931641 -0.0242805480957031
-0.0211906433105469 -0.0633468627929688 -0.00156307220458985 -0.0173044204711914
-0.0210075378417969 -0.0697975158691406 0.000132948160171508 0.000370234251022335
-0.0322952270507813 -0.0664596557617188 -0.00516510009765625 0.0111932754516602
-0.00723648071289063 -0.0656166076660156 -0.0184516906738281 0.0182380676269531
0.0321540832519531 -0.0662498474121094 -0.0269584655761719 0.00848960876464843
0.0731582641601563 -0.0371475219726563 -0.0345497131347656 -0.0185070037841797
0.0900039672851563 0.0469436645507813 -0.0160694122314453 -0.0313301086425781
0.0505523681640625 0.09039306640625 0.0042877197265625 -0.0294036865234375
-0.000984191894531251 0.124542236328125 -0.0090484619140625 0.00340938568115235
-0.0345687866210937 0.0991897583007812 0.0246658325195312 0.0582847595214844
-0.00670623779296874 0.099884033203125 -0.00197982788085938 0.0649185180664063
0.062103271484375 0.0874099731445312 0.0142898559570313 0.0652427673339844
0.0819091796875 0.0215911865234375 0.0386238098144531 0.047607421875
0.0693321228027344 -0.0344276428222656 0.0409469604492188 0.0185127258300781
0.0195350646972656 -0.0631942749023438 0.0206489562988281 0.00168037414550781
-0.0177040100097656 -0.0614585876464844 0.00992774963378906 0.0067596435546875
-0.0190162658691406 -0.0667533874511719 0.0125904083251953 0.0208549499511719
-0.0305595397949219 -0.0648460388183594 0.00699043273925781 0.0316429138183594
-0.00687408447265625 -0.0628662109375 -0.0123367309570312 0.0389251708984375
0.0303421020507812 -0.0625267028808594 -0.025665283203125 0.0238609313964844
0.0677604675292969 -0.0317573547363281 -0.0355453491210937 -0.00546646118164062
0.0788192749023437 0.04803466796875 -0.0174884796142578 -0.0222969055175781
0.0357437133789063 0.0844192504882813 0.0114717483520508 -0.0127668380737305
-0.0134963989257812 0.105842590332031 -0.0130729675292969 0.0369148254394531
-0.0379447937011719 0.060455322265625 0.011688232421875 0.0898971557617188
-0.0190277099609375 0.0718765258789063 -0.00460815429687499 0.08270263671875
0.0352020263671875 0.072845458984375 0.00410079956054687 0.065216064453125
0.0589179992675781 0.0247154235839844 0.0222892761230469 0.0526847839355469
0.0555801391601563 -0.0213127136230469 0.0261650085449219 0.0327663421630859
0.0185966491699219 -0.0499038696289063 0.0175399780273438 0.0241832733154297
-0.0125236511230469 -0.0489120483398438 0.0201568603515625 0.0283317565917969
-0.0139389038085938 -0.0536079406738281 0.0241851806640625 0.0374412536621094
-0.0233497619628906 -0.05413818359375 0.0187225341796875 0.0490608215332031
-0.00421524047851562 -0.0523910522460938 -0.00680541992187499 0.056304931640625
0.0273590087890625 -0.0505714416503906 -0.0263900756835937 0.0368423461914063
0.0569114685058594 -0.0213546752929687 -0.0376663208007812 0.00469207763671874
0.0585212707519531 0.0465126037597656 -0.0198249816894531 -0.0162868499755859
0.0151824951171875 0.0713958740234375 0.014617919921875 0.00114059448242188
-0.0263748168945313 0.0745315551757813 -0.0203208923339844 0.0628242492675781
-0.0352554321289063 0.0114326477050781 0.00398254394531249 0.10516357421875
-0.0269031524658203 0.0309333801269531 -0.00309753417968749 0.090362548828125
0.00540542602539062 0.04376220703125 -0.002105712890625 0.0614356994628906
0.0272541046142578 0.0206203460693359 0.0113143920898438 0.0536308288574219
0.0315322875976563 -0.00678825378417969 0.0162277221679688 0.0403709411621094
0.0129661560058594 -0.0281963348388672 0.0167121887207031 0.03863525390625
-0.00533103942871094 -0.0291481018066406 0.0286445617675781 0.0420188903808594
-0.00745391845703125 -0.0332202911376953 0.0315475463867188 0.0482292175292969
-0.0135536193847656 -0.0369071960449219 0.0256271362304688 0.0612716674804688
-0.000564575195312501 -0.035797119140625 -0.00472259521484374 0.0682525634765625
0.0219707489013672 -0.034149169921875 -0.0297393798828125 0.0462188720703125
0.0408515930175781 -0.00946807861328125 -0.0411491394042969 0.0127601623535156
0.0341873168945313 0.0404624938964844 -0.0243930816650391 -0.0135173797607422
-0.00560760498046876 0.0503807067871094 0.0123319625854492 0.0106954574584961
-0.0351181030273438 0.0326385498046875 -0.0313339233398438 0.0777130126953125
0.0319137573242188 0.01470947265625 0.025726318359375 -0.08929443359375
0.0173377990722656 -0.0181083679199219 -0.0123424530029297 -0.0205879211425781
-0.00699043273925781 -0.01995849609375 0.0283012390136719 0.0174541473388672
-0.0177783966064453 -0.000494003295898437 0.0568199157714844 -0.0125617980957031
-0.0119533538818359 0.0127096176147461 0.0427360534667969 -0.0508804321289063
0.00146770477294922 0.0151004791259766 0.00606536865234375 -0.0771484375
0.00089740753173828 0.00850772857666016 -0.0344696044921875 -0.0689048767089844
-0.00201511383056641 0.00641918182373047 -0.039031982421875 -0.0540390014648438
-0.00324058532714844 0.00698614120483398 -0.0376396179199219 -0.0462608337402344
-0.00483894348144531 0.00100946426391602 -0.0246849060058594 -0.0475997924804688
-0.00452804565429687 -0.00814628601074219 -0.0194282531738281 -0.0459480285644531
0.00388717651367188 -0.0194072723388672 -0.0137825012207031 -0.054473876953125
0.0260906219482422 -0.00812149047851563 0.00489044189453126 -0.0637588500976563
0.0382804870605469 0.0122032165527344 -0.00473785400390626 -0.087432861328125
0.0346603393554688 0.0324363708496094 -0.00260162353515626 -0.113960266113281
0.0285720825195313 0.0605010986328125 0.0359649658203125 -0.0807647705078125
0.0301609039306641 0.0192241668701172 -0.00790309906005859 -0.0174140930175781
0.0271530151367188 -0.000919342041015625 0.0333766937255859 0.0233860015869141
0.0122356414794922 -0.0074920654296875 0.0636558532714844 -0.00794601440429688
0.00554656982421875 -0.0101108551025391 0.0511512756347656 -0.0496253967285156
-0.000644683837890625 -0.0101480484008789 0.0102005004882812 -0.0771026611328125
-0.0110712051391602 -0.0146055221557617 -0.0324821472167969 -0.0673789978027344
-0.011505126953125 -0.0201606750488281 -0.0352554321289063 -0.04974365234375
-0.0133800506591797 -0.0188350677490234 -0.036773681640625 -0.041351318359375
-0.00213050842285156 -0.0240001678466797 -0.02685546875 -0.0401611328125
0.0146293640136719 -0.0277919769287109 -0.0227622985839844 -0.0394935607910156
0.0359382629394531 -0.0222587585449219 -0.0199966430664062 -0.0517616271972656
0.0528678894042969 0.0194931030273438 -0.00150680541992187 -0.058441162109375
0.0463829040527344 0.0495376586914063 -0.00896453857421874 -0.0789413452148438
0.02838134765625 0.0789108276367188 -0.0038299560546875 -0.098541259765625
0.0169601440429688 0.0990066528320313 0.0424575805664063 -0.0592384338378906
0.0350532531738281 0.0591239929199219 -0.00393390655517578 -0.00472164154052734
0.0600013732910156 0.0258598327636719 0.0360336303710938 0.0344047546386719
0.0457191467285156 -0.00881195068359375 0.0686264038085938 0.00285720825195313
0.0285091400146484 -0.0308322906494141 0.0586738586425781 -0.0410232543945313
0.00154495239257813 -0.0359764099121094 0.0149383544921875 -0.0685768127441406
-0.0201530456542969 -0.0369606018066406 -0.0256423950195313 -0.057373046875
-0.0192680358886719 -0.0446586608886719 -0.0265159606933594 -0.038330078125
-0.0244331359863281 -0.0424156188964844 -0.0302295684814453 -0.0283718109130859
-0.0037841796875 -0.0456771850585938 -0.0279521942138672 -0.0242729187011719
0.0261039733886719 -0.0476150512695313 -0.0267829895019531 -0.0262031555175781
0.0586967468261719 -0.0301666259765625 -0.0282020568847656 -0.0441360473632813
0.07757568359375 0.0349884033203125 -0.00873565673828125 -0.0512466430664063
0.0557785034179688 0.0747528076171875 -0.00916290283203125 -0.0648727416992187
0.0226898193359375 0.112579345703125 -0.00621032714843749 -0.0698089599609375
0.000450134277343751 0.122337341308594 0.0436630249023438 -0.0237846374511719
0.0304412841796875 0.0924453735351563 -0.000105857849121092 0.0163364410400391
0.081756591796875 0.054962158203125 0.0344161987304688 0.0474014282226563
0.074737548828125 -0.0045623779296875 0.0667457580566406 0.0185966491699219
0.0511093139648438 -0.0442657470703125 0.0608787536621094 -0.0240669250488281
0.00682830810546875 -0.0565948486328125 0.019744873046875 -0.0507087707519531
-0.0246009826660156 -0.0545158386230469 -0.0146827697753906 -0.0405387878417969
-0.0244560241699219 -0.062225341796875 -0.0142898559570313 -0.0202865600585938
-0.0328712463378906 -0.0580101013183594 -0.0193138122558594 -0.00946807861328125
-0.00758743286132813 -0.0605278015136719 -0.0248851776123047 -0.00306701660156251
0.02996826171875 -0.0626373291015625 -0.0285511016845703 -0.00908470153808594
0.0705337524414063 -0.0391998291015625 -0.0343055725097656 -0.0317573547363281
0.0932388305664063 0.0403213500976563 -0.014251708984375 -0.0417060852050781
0.0611495971679688 0.087188720703125 -0.00524520874023437 -0.0481338500976562
0.015960693359375 0.1285400390625 -0.00798416137695312 -0.0340919494628906
-0.0175018310546875 0.123603820800781 0.0372505187988281 0.0180816650390625
0.01629638671875 0.108680725097656 0.000431060791015624 0.0421180725097656
0.0845108032226563 0.0784530639648438 0.0269050598144531 0.0592498779296875
0.089752197265625 0.006988525390625 0.056732177734375 0.0349540710449219
0.0668754577636719 -0.0465583801269531 0.0553359985351563 -0.00295257568359375
0.0133132934570312 -0.0673713684082031 0.0220928192138672 -0.0255451202392578
-0.0245094299316406 -0.06298828125 -0.00204086303710937 -0.0175552368164063
-0.0257492065429688 -0.070343017578125 -0.000106751918792726 -0.000173449516296391
-0.0368728637695312 -0.0656471252441406 -0.00523853302001953 0.0112066268920898
-0.0101242065429687 -0.0660781860351563 -0.018035888671875 0.0195484161376953
0.029083251953125 -0.0687675476074219 -0.0274734497070312 0.00896835327148437
0.0722732543945312 -0.04180908203125 -0.0369224548339844 -0.0176734924316406
0.0945968627929687 0.0428085327148437 -0.0173511505126953 -0.0318622589111328
0.0562667846679688 0.0894317626953125 0.00337791442871094 -0.0303955078125
0.0053253173828125 0.126739501953125 -0.00897026062011719 0.00365257263183595
-0.0305252075195313 0.103111267089844 0.0271720886230469 0.0588798522949219
-0.00202941894531249 0.101829528808594 -0.000431060791015629 0.0664939880371094
0.0680618286132813 0.0854873657226563 0.0158119201660156 0.0660743713378906
0.0839614868164063 0.0185317993164063 0.04119873046875 0.0477333068847656
0.0688667297363281 -0.038726806640625 0.0435752868652344 0.0175552368164062
0.0169219970703125 -0.0653762817382813 0.0220394134521484 0.00123023986816406
-0.0211105346679687 -0.0613327026367188 0.0108327865600586 0.00673580169677734
-0.0232467651367188 -0.0672950744628906 0.0140972137451172 0.0196762084960937
-0.0348358154296875 -0.0638580322265625 0.00926589965820313 0.0312519073486328
-0.0104484558105469 -0.0632553100585938 -0.0104789733886719 0.0396728515625
0.0275459289550781 -0.0650558471679688 -0.0258617401123047 0.0248012542724609
0.0675506591796875 -0.0357933044433594 -0.0375137329101563 -0.00438308715820312
0.0830459594726563 0.0443954467773438 -0.0182971954345703 -0.0225582122802734
0.04052734375 0.0841217041015625 0.0107669830322266 -0.0140810012817383
-0.0084228515625 0.108680725097656 -0.01165771484375 0.0376396179199219
-0.0358695983886719 0.0630531311035156 0.0157852172851562 0.0910415649414063
-0.0164718627929687 0.0736770629882813 -0.0012969970703125 0.08428955078125
0.0393905639648438 0.0720977783203125 0.00597381591796876 0.0663375854492188
0.0611839294433594 0.0228271484375 0.0248794555664063 0.0534172058105469
0.05535888671875 -0.0248298645019531 0.0288658142089844 0.032867431640625
0.0161857604980469 -0.0518264770507813 0.0202350616455078 0.024871826171875
-0.0146865844726562 -0.0493011474609375 0.0227031707763672 0.0276603698730469
-0.017730712890625 -0.0541763305664063 0.0266647338867188 0.0362205505371094
-0.0272064208984375 -0.0539474487304688 0.0215339660644531 0.048065185546875
-0.00701904296875 -0.0531196594238281 -0.00388717651367188 0.057159423828125
0.0255279541015625 -0.052978515625 -0.0257949829101563 0.0383720397949219
0.0566291809082031 -0.0245857238769531 -0.0387191772460938 0.00628280639648437
0.0624961853027344 0.0442581176757812 -0.0210857391357422 -0.0165882110595703
0.0189361572265625 0.0718917846679688 0.01531982421875 -0.000337600708007808
-0.023040771484375 0.0766220092773438 -0.0178260803222656 0.0645790100097656
-0.0359115600585938 0.0130462646484375 0.00792694091796875 0.107284545898437
-0.0263805389404297 0.0328025817871094 0.000328063964843752 0.0918731689453125
0.00813674926757813 0.0442085266113281 -0.00018692016601562 0.0628128051757813
0.028564453125 0.0199241638183594 0.0137176513671875 0.0546684265136719
0.0318698883056641 -0.00867652893066406 0.0184249877929688 0.0408973693847656
0.0114116668701172 -0.0296192169189453 0.0201187133789063 0.0392608642578125
-0.00692367553710938 -0.0293998718261719 0.0318641662597656 0.0414848327636719
-0.0093841552734375 -0.0334053039550781 0.03509521484375 0.0465888977050781
-0.0159111022949219 -0.0367889404296875 0.0294685363769531 0.060516357421875
-0.00242996215820312 -0.0370407104492188 -0.00133895874023438 0.069549560546875
0.0206527709960938 -0.0362052917480469 -0.0287704467773437 0.0481681823730469
0.0406036376953125 -0.0118064880371094 -0.0416717529296875 0.0139274597167969
0.0367240905761719 0.0391426086425781 -0.0255565643310547 -0.0133495330810547
-0.0035858154296875 0.0513229370117188 0.0135612487792969 0.00935935974121094
-0.0344791412353516 0.0348987579345703 -0.028289794921875 0.080474853515625
0.0325527191162109 0.0138950347900391 0.02191162109375 -0.0895538330078125
0.0163841247558594 -0.01934814453125 -0.0137500762939453 -0.0196914672851562
-0.00820541381835938 -0.0198688507080078 0.0285530090332031 0.0167961120605469
-0.0177230834960938 0.000341415405273436 0.0560188293457031 -0.0146026611328125
-0.0113306045532227 0.0132999420166016 0.0411758422851563 -0.0526466369628906
0.0021514892578125 0.0149765014648438 0.00273895263671875 -0.0776824951171875
0.00163555145263672 0.00837373733520508 -0.0378227233886719 -0.066986083984375
-0.00156974792480469 0.00615358352661133 -0.042144775390625 -0.0518035888671875
-0.00246477127075195 0.00694894790649414 -0.040313720703125 -0.0436973571777344
-0.00479316711425781 0.00100564956665039 -0.0271720886230469 -0.0467681884765625
-0.00496101379394531 -0.00816011428833008 -0.0215950012207031 -0.0460128784179687
0.00278282165527344 -0.0192527770996094 -0.0160102844238281 -0.0536270141601562
0.0257511138916016 -0.00952911376953125 0.00255584716796876 -0.0632209777832031
0.038848876953125 0.0104866027832031 -0.00777435302734374 -0.08642578125
0.0357856750488281 0.0307693481445313 -0.00718688964843749 -0.113327026367188
0.0313491821289062 0.0595283508300781 0.0320587158203125 -0.0812225341796875
0.0316524505615234 0.0177230834960938 -0.00947284698486328 -0.0159797668457031
0.0276355743408203 -0.0030364990234375 0.0337009429931641 0.0227241516113281
0.0115747451782227 -0.00788974761962891 0.0634536743164063 -0.0102577209472656
0.00529384613037109 -0.0102157592773438 0.0499420166015625 -0.0520973205566406
-0.00116825103759766 -0.0100116729736328 0.00639343261718751 -0.0777206420898438
-0.0116348266601562 -0.0143928527832031 -0.0357780456542969 -0.0651931762695313
-0.0127201080322266 -0.0196933746337891 -0.0382041931152344 -0.0479469299316406
-0.0147190093994141 -0.0182914733886719 -0.0388565063476563 -0.0392227172851563
-0.00325584411621094 -0.0238571166992188 -0.0292701721191406 -0.0395126342773438
0.0135364532470703 -0.0284938812255859 -0.0246238708496094 -0.0390472412109375
0.0342540740966797 -0.0234889984130859 -0.0221023559570312 -0.0505943298339844
0.0542030334472656 0.0166549682617188 -0.00328445434570312 -0.0577430725097656
0.0487442016601562 0.0468826293945312 -0.0120010375976563 -0.07806396484375
0.0319290161132812 0.077606201171875 -0.00813293457031249 -0.0978164672851563
0.02178955078125 0.0981597900390625 0.0397567749023437 -0.05999755859375
0.0379180908203125 0.0573387145996094 -0.00465965270996094 -0.00334882736206054
0.0612068176269531 0.0223541259765625 0.036468505859375 0.0332984924316406
0.0451126098632813 -0.011260986328125 0.0687522888183594 0.000373840332031249
0.0266342163085938 -0.0324554443359375 0.0572738647460938 -0.0432853698730469
-0.000373840332031249 -0.0356254577636719 0.0118331909179688 -0.0690116882324219
-0.0217247009277344 -0.0361175537109375 -0.0280838012695313 -0.0561676025390625
-0.0220260620117188 -0.0434684753417969 -0.0291786193847656 -0.0365982055664063
-0.02655029296875 -0.0407257080078125 -0.0320606231689453 -0.0266742706298828
-0.00549697875976562 -0.045440673828125 -0.0296707153320312 -0.0232410430908203
0.0239334106445312 -0.04876708984375 -0.0285797119140625 -0.02569580078125
0.0572929382324219 -0.0333061218261719 -0.030670166015625 -0.0427322387695313
0.0798568725585938 0.03082275390625 -0.0102653503417969 -0.0505790710449219
0.0590972900390625 0.072113037109375 -0.01214599609375 -0.0640335083007813
0.0281295776367187 0.111198425292969 -0.00965499877929688 -0.0689926147460938
0.00591278076171874 0.122268676757813 0.0416221618652344 -0.0249671936035156
0.03485107421875 0.0907440185546875 -0.000648498535156249 0.0171976089477539
0.0845565795898438 0.050262451171875 0.0349159240722656 0.0461692810058594
0.0743942260742188 -0.00789642333984375 0.0673866271972656 0.0163650512695313
0.0484161376953125 -0.0472335815429688 0.0603103637695312 -0.0268783569335938
0.00421142578125 -0.056732177734375 0.0179939270019531 -0.0517082214355469
-0.02740478515625 -0.0529403686523437 -0.0163955688476563 -0.0392723083496094
-0.0283393859863281 -0.0608749389648437 -0.0156383514404297 -0.019989013671875
-0.0358428955078125 -0.0559730529785156 -0.0201435089111328 -0.00885009765625001
-0.0101966857910156 -0.0596351623535156 -0.0252056121826172 -0.00228691101074219
0.02703857421875 -0.0638427734375 -0.0294971466064453 -0.00851631164550782
0.068634033203125 -0.04266357421875 -0.0362586975097656 -0.0305442810058594
0.0955810546875 0.0350570678710937 -0.015838623046875 -0.041351318359375
0.065185546875 0.0843887329101563 -0.0069427490234375 -0.0477218627929687
0.0223464965820312 0.127418518066406 -0.00991249084472656 -0.03363037109375
-0.0118865966796875 0.124732971191406 0.0373916625976562 0.0175094604492188
0.0215377807617187 0.108192443847656 0.0010223388671875 0.0427055358886719
0.0885391235351563 0.0731964111328125 0.0280189514160156 0.0581130981445313
0.089263916015625 0.00279998779296875 0.0579376220703125 0.0329551696777344
0.0639076232910156 -0.0497627258300781 0.0559577941894531 -0.0050506591796875
0.0101394653320313 -0.0676689147949219 0.0216732025146484 -0.0261383056640625
-0.0272903442382812 -0.0618553161621094 -0.00247955322265625 -0.0169925689697266
-0.0301780700683594 -0.0681838989257813 -0.000210344791412355 -0.00037506222724915
-0.0404319763183594 -0.0637359619140625 -0.00503158569335938 0.0111446380615234
-0.013702392578125 -0.0651702880859375 -0.0171985626220703 0.0200386047363281
0.0256462097167969 -0.0697898864746094 -0.0274715423583984 0.0096588134765625
0.0700454711914063 -0.0450286865234375 -0.0384407043457031 -0.0161056518554688
0.0968017578125 0.0373001098632812 -0.0177574157714844 -0.0316486358642578
0.0605239868164063 0.0869598388671875 0.00206565856933594 -0.0307464599609375
0.0119552612304687 0.126152038574219 -0.00905990600585938 0.00391769409179688
-0.025909423828125 0.104110717773438 0.0289993286132813 0.0580062866210938
0.0030517578125 0.101844787597656 0.00138854980468751 0.0661964416503906
0.0721054077148438 0.0817031860351563 0.017181396484375 0.0652084350585938
0.0845184326171875 0.0149078369140625 0.042572021484375 0.046112060546875
0.0664024353027344 -0.0417098999023438 0.0442428588867188 0.0164260864257812
0.0139694213867188 -0.0659065246582031 0.0226287841796875 0.000432968139648433
-0.0238265991210938 -0.0601348876953125 0.0119638442993164 0.00619792938232421
-0.0273323059082031 -0.0659370422363281 0.0149936676025391 0.0182456970214844
-0.0380325317382812 -0.0618400573730469 0.010345458984375 0.0300178527832031
-0.0132560729980469 -0.0625419616699219 -0.00798416137695313 0.0399551391601563
0.0244331359863281 -0.0656318664550781 -0.0250816345214844 0.0254058837890625
0.0649452209472656 -0.0388374328613281 -0.0379676818847656 -0.00334930419921875
0.0850982666015625 0.0395278930664062 -0.0190467834472656 -0.0224494934082031
0.0444869995117187 0.0821685791015625 0.0103483200073242 -0.0156488418579102
-0.00270843505859376 0.108421325683594 -0.0103034973144531 0.0379753112792969
-0.0332756042480469 0.0649452209472656 0.0186080932617188 0.0905380249023438
-0.0130081176757813 0.0741348266601563 0.000915527343750006 0.0840911865234375
0.0427093505859375 0.0696487426757813 0.00766754150390625 0.0660438537597656
0.0619583129882813 0.0205764770507813 0.0270805358886719 0.0527915954589844
0.0537872314453125 -0.0277366638183594 0.0303878784179688 0.0317459106445313
0.0136642456054687 -0.0520591735839844 0.0216732025146484 0.0242538452148438
-0.0171127319335937 -0.0479736328125 0.0247764587402344 0.0262184143066406
-0.0206985473632812 -0.0531692504882813 0.0285873413085938 0.0339183807373047
-0.0301361083984375 -0.0520248413085937 0.0242042541503906 0.0461692810058594
-0.00931549072265624 -0.0522956848144531 -0.00106048583984375 0.0571250915527344
0.0228118896484375 -0.0541191101074219 -0.0243339538574219 0.0388069152832031
0.0553207397460938 -0.0268211364746094 -0.0388298034667969 0.0077362060546875
0.0646018981933594 0.0409927368164063 -0.0209522247314453 -0.0161609649658203
0.02191162109375 0.0703811645507813 0.0152759552001953 -0.00222301483154296
-0.0191192626953125 0.0774002075195313 -0.015289306640625 0.0642738342285156
-0.0356025695800781 0.0141525268554687 0.0122451782226563 0.10638427734375
-0.0250663757324219 0.0338249206542969 0.00345611572265624 0.0911331176757813
0.0103111267089844 0.0432815551757813 0.00151824951171875 0.0629653930664063
0.0297298431396484 0.0190925598144531 0.0161323547363281 0.0543251037597656
0.0312843322753906 -0.0107994079589844 0.0202255249023438 0.0408439636230469
0.0100421905517578 -0.0302391052246094 0.0220146179199219 0.0392341613769531
-0.00825881958007812 -0.0285816192626953 0.0344276428222656 0.0391387939453125
-0.0116920471191406 -0.0329666137695312 0.0377540588378906 0.0440444946289063
-0.0180397033691406 -0.03564453125 0.0328445434570312 0.0585975646972656
-0.004425048828125 -0.0364875793457031 0.0021514892578125 0.0689849853515625
0.0188446044921875 -0.0364952087402344 -0.0269966125488281 0.0490188598632813
0.0401725769042969 -0.0137138366699219 -0.041778564453125 0.0152664184570312
0.0386276245117188 0.0369796752929688 -0.0252590179443359 -0.012725830078125
-0.00107574462890625 0.0514717102050781 0.0140161514282227 0.00743198394775391
-0.0329856872558594 0.0357894897460938 -0.0250778198242188 0.0806350708007813
0.0329818725585938 0.0131397247314453 0.0197906494140625 -0.0880966186523438
0.0155181884765625 -0.0193500518798828 -0.0144786834716797 -0.0180492401123047
-0.00858116149902344 -0.0201988220214844 0.0285053253173828 0.0164546966552734
-0.0172452926635742 0.000841140747070312 0.055023193359375 -0.0148963928222656
-0.0106773376464844 0.0136203765869141 0.040008544921875 -0.052947998046875
0.00223922729492188 0.0146493911743164 0.00107574462890624 -0.0770797729492188
0.0014653205871582 0.00785112380981445 -0.0398025512695313 -0.0648918151855469
-0.00192642211914062 0.00664806365966797 -0.0435943603515625 -0.0491447448730469
-0.00217723846435547 0.00695133209228516 -0.041473388671875 -0.0417251586914063
-0.00423169136047363 0.000760316848754883 -0.0286331176757813 -0.0459365844726562
-0.00513458251953125 -0.00815248489379883 -0.0229415893554688 -0.0454635620117188
0.00211334228515625 -0.0192508697509766 -0.0168190002441406 -0.0530052185058594
0.0259742736816406 -0.00988006591796875 0.00246810913085938 -0.0625343322753906
0.0389022827148438 0.009490966796875 -0.00923919677734375 -0.084228515625
0.0357856750488281 0.0299758911132813 -0.00937652587890624 -0.111366271972656
0.0331153869628906 0.0583305358886719 0.0294265747070312 -0.0802154541015625
0.0315322875976562 0.0164337158203125 -0.0101785659790039 -0.0149555206298828
0.0268325805664063 -0.00391387939453125 0.0331535339355469 0.0225887298583984
0.0111961364746094 -0.00820636749267578 0.0629234313964844 -0.0110397338867188
0.00467109680175781 -0.0103235244750977 0.0486831665039063 -0.0527305603027344
-0.00137138366699219 -0.00983238220214844 0.00476837158203125 -0.0773849487304688
-0.0121059417724609 -0.0134811401367188 -0.0373725891113281 -0.0632247924804688
-0.0137920379638672 -0.0190639495849609 -0.039642333984375 -0.0457496643066406
-0.0150165557861328 -0.0178585052490234 -0.0401611328125 -0.0373191833496094
-0.00345039367675781 -0.0236415863037109 -0.0308341979980469 -0.0387535095214844
0.0126304626464844 -0.0287322998046875 -0.0255508422851563 -0.0386238098144531
0.0331535339355469 -0.0243053436279297 -0.0230674743652344 -0.0497360229492188
0.0543899536132812 0.0145530700683594 -0.00327682495117187 -0.0569038391113281
0.0494194030761719 0.045166015625 -0.0133438110351563 -0.0761566162109375
0.0336074829101563 0.0757904052734375 -0.0102767944335937 -0.0956649780273438
0.0244522094726562 0.0968017578125 0.0370407104492188 -0.0590400695800781
0.03936767578125 0.0557823181152344 -0.00585556030273437 -0.00205898284912109
0.0610733032226563 0.0199432373046875 0.0362396240234375 0.0328025817871094
0.0440902709960938 -0.0122756958007813 0.0679893493652344 -0.000709533691406251
0.0250492095947266 -0.032501220703125 0.0563392639160156 -0.0441780090332031
-0.00107955932617188 -0.0351753234863281 0.0104560852050781 -0.069244384765625
-0.0223903656005859 -0.03448486328125 -0.0292282104492188 -0.0545654296875
-0.0233879089355469 -0.0420074462890625 -0.0302658081054688 -0.0352859497070312
-0.0275306701660156 -0.0392913818359375 -0.0335121154785156 -0.0254192352294922
-0.00617599487304688 -0.044769287109375 -0.0301761627197266 -0.0225276947021484
0.022552490234375 -0.0489578247070312 -0.0294322967529297 -0.0256118774414063
0.0557022094726563 -0.034454345703125 -0.0313453674316406 -0.0419502258300781
0.0797119140625 0.0276107788085938 -0.00992584228515625 -0.0504531860351563
0.060455322265625 0.0696296691894531 -0.0130729675292969 -0.0628471374511719
0.0304489135742187 0.108848571777344 -0.011322021484375 -0.0673255920410156
0.00953674316406251 0.121139526367188 0.0403175354003906 -0.0248565673828125
0.037353515625 0.0887832641601563 -0.00144004821777343 0.0180912017822266
0.0853500366210938 0.0465164184570313 0.0344390869140625 0.0455665588378906
0.0728988647460938 -0.00951385498046875 0.0668907165527344 0.0150680541992188
0.0463829040527344 -0.0477867126464844 0.0596733093261719 -0.0274658203125
0.00255584716796875 -0.0552978515625 0.0171432495117187 -0.0514564514160156
-0.0282058715820313 -0.0514068603515625 -0.0169105529785156 -0.0383224487304687
-0.0304107666015625 -0.0590095520019531 -0.0159702301025391 -0.0193691253662109
-0.0371246337890625 -0.0539894104003906 -0.0207710266113281 -0.00841331481933594
-0.0114860534667969 -0.0584297180175781 -0.0251674652099609 -0.00168991088867188
0.0248680114746094 -0.0637969970703125 -0.0294971466064453 -0.00877189636230469
0.0664863586425781 -0.0441818237304688 -0.0372886657714844 -0.0292396545410156
0.0956954956054688 0.0317001342773438 -0.0156936645507812 -0.0411415100097656
0.0664901733398438 0.08148193359375 -0.00772476196289062 -0.0470314025878906
0.0253067016601562 0.125663757324219 -0.0111942291259766 -0.0325527191162109
-0.00847625732421875 0.123603820800781 0.0370979309082031 0.017303466796875
0.0245895385742188 0.106338500976563 0.000896453857421879 0.042877197265625
0.0899810791015625 0.0693359375 0.0275459289550781 0.0569572448730469
0.08843994140625 0.00064849853515625 0.0578765869140625 0.0319175720214844
0.061859130859375 -0.0513153076171875 0.0558700561523438 -0.0052032470703125
0.00778198242187501 -0.0668220520019531 0.0214900970458984 -0.0262718200683594
-0.0285758972167969 -0.0596351623535156 -0.00265026092529297 -0.0161504745483398
-0.0323944091796875 -0.0668067932128906 -6.43730163574418E-06 -0.000981688499450688
-0.0417060852050781 -0.0608062744140625 -0.00500583648681641 0.0105419158935547
-0.0151786804199219 -0.0634880065917969 -0.0160999298095703 0.019805908203125
0.0235519409179688 -0.0696449279785156 -0.0276947021484375 0.00935935974121094
0.0676803588867188 -0.0465507507324219 -0.0388336181640625 -0.0151863098144531
0.0969619750976563 0.0335540771484375 -0.0176239013671875 -0.0314083099365234
0.0621719360351563 0.0841827392578125 0.00183105468750001 -0.0307178497314453
0.015594482421875 0.124336242675781 -0.00909423828125 0.00421810150146485
-0.0227508544921875 0.103591918945313 0.0296554565429687 0.0576057434082031
0.00568389892578125 0.100616455078125 0.00159072875976562 0.0660171508789063
0.0732955932617188 0.0784072875976563 0.0176429748535156 0.0639457702636719
0.0839691162109375 0.0125350952148438 0.0428810119628906 0.0452957153320313
0.0642662048339844 -0.0434226989746094 0.0449028015136719 0.0156364440917969
0.0117950439453125 -0.0653419494628906 0.0235176086425781 0.000143051147460933
-0.0252876281738281 -0.0582427978515625 0.0123100280761719 0.00605201721191406
-0.0296249389648438 -0.0643463134765625 0.015655517578125 0.0170955657958984
-0.0403671264648437 -0.0594520568847656 0.0109691619873047 0.0286750793457031
-0.01470947265625 -0.0611038208007813 -0.00669479370117187 0.0394515991210937
0.0219230651855469 -0.0655555725097656 -0.0247974395751953 0.0248928070068359
0.0631561279296875 -0.0400772094726562 -0.0383796691894531 -0.0022125244140625
0.08551025390625 0.0362014770507813 -0.0186614990234375 -0.0225658416748047
0.046173095703125 0.0802078247070312 0.0101737976074219 -0.0161418914794922
0.000450134277343745 0.106910705566406 -0.0100250244140625 0.0372047424316406
-0.0312118530273438 0.0647392272949219 0.0202178955078125 0.089385986328125
-0.010772705078125 0.0730972290039063 0.0023040771484375 0.0828475952148438
0.0447998046875 0.0673332214355469 0.00768661499023438 0.0648345947265625
0.0618400573730469 0.0186233520507813 0.0274887084960938 0.0518302917480469
0.0524177551269531 -0.0286445617675781 0.0315227508544922 0.0315990447998047
0.0117263793945312 -0.0518264770507813 0.0233726501464844 0.0236625671386719
-0.0180282592773438 -0.0470848083496094 0.0257625579833984 0.0254592895507812
-0.0228157043457031 -0.0517616271972656 0.029388427734375 0.0321006774902344
-0.0317535400390625 -0.0496673583984375 0.0249252319335938 0.0445785522460938
-0.0107040405273438 -0.0511741638183594 0.000705718994140621 0.0558013916015625
0.02105712890625 -0.0538101196289062 -0.023681640625 0.0388641357421875
0.0540313720703125 -0.0279998779296875 -0.0392227172851563 0.00797653198242187
0.0650672912597656 0.0381698608398438 -0.0211906433105469 -0.0162906646728516
0.0237579345703125 0.0690155029296875 0.0150842666625977 -0.00350475311279296
-0.0169448852539062 0.0764617919921875 -0.0142288208007813 0.0636520385742188
-0.0345439910888672 0.01519775390625 0.0140533447265625 0.105323791503906
-0.023651123046875 0.0337944030761719 0.004852294921875 0.0892257690429688
0.0116958618164063 0.0422744750976563 0.00194931030273438 0.0618209838867188
0.0301761627197266 0.0182876586914063 0.0163383483886719 0.0534591674804688
0.0308132171630859 -0.0112037658691406 0.02130126953125 0.0400962829589844
0.00913047790527344 -0.0302600860595703 0.0237808227539063 0.0385093688964844
-0.00897789001464844 -0.0279445648193359 0.0358505249023438 0.0375556945800781
-0.0126590728759766 -0.0322494506835938 0.0386085510253906 0.0416793823242188
-0.019012451171875 -0.0346622467041016 0.0344123840332031 0.0560264587402344
-0.00533294677734375 -0.0356216430664063 0.00458145141601563 0.0677719116210938
0.0174522399902344 -0.0366439819335938 -0.026092529296875 0.0485496520996094
0.039398193359375 -0.0143394470214844 -0.0412178039550781 0.0152320861816406
0.0392265319824219 0.0350570678710938 -0.0250358581542969 -0.0131034851074219
0.000209808349609372 0.0508613586425781 0.0137834548950195 0.00629043579101563
-0.0316696166992187 0.0359077453613281 -0.0237960815429688 0.0798797607421875
0.0334568023681641 0.0131111145019531 0.0191726684570313 -0.087799072265625
0.0155353546142578 -0.0197219848632813 -0.0147027969360352 -0.0172576904296875
-0.00891494750976563 -0.0200099945068359 0.0281314849853516 0.0173892974853516
-0.0169639587402344 0.00097370147705078 0.0557136535644531 -0.0146942138671875
-0.0106935501098633 0.0137233734130859 0.0401611328125 -0.0532569885253906
0.0023956298828125 0.0139932632446289 0.000259399414062494 -0.077056884765625
0.00159931182861328 0.00761890411376953 -0.0405502319335938 -0.0640220642089844
-0.00196218490600586 0.00636720657348633 -0.044708251953125 -0.0475349426269531
-0.00191545486450195 0.00674772262573242 -0.0422859191894531 -0.0406494140625
-0.00415325164794922 0.000479698181152343 -0.0294342041015625 -0.0464515686035156
-0.00526523590087891 -0.00825929641723633 -0.0235099792480469 -0.0460395812988281
0.00184249877929688 -0.0189228057861328 -0.0163688659667969 -0.0529937744140625
0.0260524749755859 -0.01043701171875 0.00339889526367188 -0.0622825622558594
0.0387344360351563 0.00872802734375 -0.00914764404296874 -0.0835647583007813
0.0360755920410156 0.0296859741210938 -0.00913238525390625 -0.110481262207031
0.0335807800292969 0.0586662292480469 0.029052734375 -0.0792312622070313
0.03173828125 0.0159339904785156 -0.0107040405273437 -0.013249397277832
0.0268936157226562 -0.00440025329589844 0.0329265594482422 0.0229511260986328
0.0113658905029297 -0.00811004638671875 0.0625839233398438 -0.0104026794433594
0.00424480438232422 -0.0102815628051758 0.0489730834960937 -0.0528030395507813
-0.00128936767578125 -0.00949573516845703 0.00418853759765625 -0.0775680541992188
-0.0119132995605469 -0.0132560729980469 -0.0379638671875 -0.06256103515625
-0.0138339996337891 -0.0189743041992188 -0.0408287048339844 -0.0448684692382812
-0.0148124694824219 -0.0177764892578125 -0.0409431457519531 -0.0364341735839844
-0.00323104858398438 -0.0239009857177734 -0.0317878723144531 -0.0387916564941406
0.0125770568847656 -0.0286617279052734 -0.0259628295898437 -0.039703369140625
0.0329265594482422 -0.0244560241699219 -0.0229988098144531 -0.0497550964355469
0.0546798706054687 0.0142974853515625 -0.00240707397460937 -0.0571556091308594
0.0494918823242188 0.0448989868164063 -0.0127792358398437 -0.075408935546875
0.0340499877929688 0.0756988525390625 -0.0104293823242188 -0.0951614379882813
0.025146484375 0.0968551635742188 0.036712646484375 -0.0583763122558594
0.0401039123535156 0.0554618835449219 -0.0063939094543457 -0.000955104827880857
0.0612640380859375 0.0186767578125 0.0352439880371094 0.0332756042480469
0.0438270568847656 -0.012542724609375 0.067779541015625 0.000244140624999999
0.0244655609130859 -0.032958984375 0.0570755004882812 -0.0444107055664062
-0.00122451782226562 -0.0345916748046875 0.0107994079589844 -0.0692634582519531
-0.0226325988769531 -0.0340843200683594 -0.0294952392578125 -0.0535011291503906
-0.0245933532714844 -0.041839599609375 -0.0309181213378906 -0.0350227355957031
-0.0273551940917969 -0.0387840270996094 -0.0341453552246094 -0.0244865417480469
-0.00632858276367188 -0.044281005859375 -0.0306034088134766 -0.0228252410888672
0.0223121643066406 -0.0490188598632812 -0.0297946929931641 -0.0261001586914062
0.0551681518554688 -0.0348739624023438 -0.03173828125 -0.0416336059570313
0.0802078247070312 0.0265579223632812 -0.00947189331054687 -0.0503158569335938
0.0606918334960938 0.0689544677734375 -0.0129127502441406 -0.0623779296875
0.0312652587890625 0.108741760253906 -0.0114593505859375 -0.0668106079101563
0.0102462768554687 0.120826721191406 0.0398979187011719 -0.0235366821289062
0.0378799438476563 0.0884857177734375 -0.00210952758789062 0.0191173553466797
0.0859909057617187 0.0451126098632812 0.0333671569824219 0.0462188720703125
0.072601318359375 -0.0100555419921875 0.0668182373046875 0.0157966613769531
0.0455245971679688 -0.0482521057128906 0.0606193542480469 -0.0277862548828125
0.00217056274414063 -0.0550422668457031 0.017578125 -0.0517501831054688
-0.0281753540039062 -0.0507545471191406 -0.0168037414550781 -0.0375823974609375
-0.0315437316894531 -0.058624267578125 -0.0171012878417969 -0.0193023681640625
-0.0378684997558594 -0.0533523559570312 -0.0212955474853516 -0.00796508789062501
-0.0116615295410156 -0.0578193664550781 -0.0252532958984375 -0.00211906433105469
0.0242767333984375 -0.0638046264648438 -0.0301933288574219 -0.00923728942871094
0.0656967163085938 -0.04449462890625 -0.0375785827636719 -0.0291481018066406
0.0962371826171875 0.030426025390625 -0.0149459838867187 -0.0416259765625
0.0674362182617188 0.080657958984375 -0.00780487060546874 -0.0471572875976563
0.0266799926757812 0.125137329101563 -0.0111522674560547 -0.0324859619140625
-0.00730895996093751 0.123725891113281 0.0366439819335938 0.0183181762695313
0.0251083374023437 0.105575561523438 0.000148773193359376 0.043701171875
0.0904388427734375 0.0679931640625 0.02642822265625 0.0574569702148438
0.0883941650390625 0.00035858154296875 0.0572967529296875 0.0327301025390625
0.0608329772949219 -0.0517692565917969 0.0567283630371094 -0.0056304931640625
0.00777053833007813 -0.0663375854492188 0.0223026275634766 -0.0265254974365234
-0.0289115905761719 -0.0591850280761719 -0.00177383422851563 -0.0163946151733399
-0.033599853515625 -0.0660018920898438 -0.000746846199035646 -0.00113356113433838
-0.0425949096679688 -0.0597915649414063 -0.00553607940673828 0.010624885559082
-0.0152244567871094 -0.062896728515625 -0.0157356262207031 0.0193042755126953
0.0228347778320313 -0.0696945190429688 -0.0280857086181641 0.00901603698730469
0.0673713684082031 -0.0469741821289062 -0.0394058227539062 -0.0150299072265625
0.097625732421875 0.0323410034179688 -0.0173606872558594 -0.0322189331054688
0.0623397827148438 0.0830154418945313 0.00171852111816406 -0.0313739776611328
0.0165252685546875 0.123336791992187 -0.00972366333007812 0.00410938262939454
-0.0225830078125 0.103919982910156 0.0293045043945313 0.0578842163085938
0.00591278076171876 0.0998611450195313 0.000915527343750007 0.0661544799804688
0.0741119384765625 0.0769195556640625 0.0163040161132813 0.0645103454589844
0.0836257934570313 0.0123977661132813 0.0426025390625 0.0455513000488281
0.0640220642089844 -0.0439033508300781 0.0458412170410156 0.0159149169921875
0.0115814208984375 -0.0648841857910156 0.0244140625 0.000541687011718746
-0.0250053405761719 -0.0578117370605469 0.0132322311401367 0.00569629669189453
-0.0309028625488281 -0.0635566711425781 0.0156183242797852 0.0161037445068359
-0.0406723022460937 -0.0584907531738281 0.0105342864990234 0.0282802581787109
-0.0147895812988281 -0.0602264404296875 -0.00638198852539063 0.0385513305664062
0.0215377807617188 -0.0650863647460938 -0.0253791809082031 0.0247211456298828
0.0624618530273438 -0.0403594970703125 -0.0387420654296875 -0.00266265869140626
0.0857315063476563 0.0349273681640625 -0.0182228088378906 -0.0236358642578125
0.0465469360351563 0.0795211791992188 0.00995254516601563 -0.0170154571533203
0.00112152099609375 0.106201171875 -0.00994873046875 0.037322998046875
-0.0314254760742188 0.0651779174804688 0.0201034545898437 0.0892257690429688
-0.0107650756835938 0.0728912353515625 0.0015869140625 0.0823745727539063
0.0451126098632813 0.0662651062011719 0.00676345825195313 0.0649337768554688
0.0618438720703125 0.0185050964355469 0.0264549255371094 0.0520896911621094
0.0522384643554688 -0.0292015075683594 0.0319728851318359 0.0320281982421875
0.0113029479980469 -0.0521278381347656 0.0243091583251953 0.0239391326904297
-0.0180320739746094 -0.0465469360351563 0.0269393920898438 0.0249080657958984
-0.023834228515625 -0.0513458251953125 0.0298137664794922 0.0305805206298828
-0.0323295593261719 -0.0492897033691406 0.0251197814941406 0.0432815551757813
-0.0107231140136719 -0.0506591796875 0.00138092041015625 0.0551910400390625
0.0201835632324219 -0.0533294677734375 -0.0245208740234375 0.0382804870605469
0.0536079406738281 -0.0282859802246094 -0.0392036437988281 0.00804519653320313
0.0651702880859375 0.0369186401367187 -0.0204696655273437 -0.0169734954833984
0.0244178771972656 0.06884765625 0.0147409439086914 -0.00446796417236328
-0.0163726806640625 0.0757369995117188 -0.0143623352050781 0.0633354187011719
-0.0346107482910156 0.0150737762451172 0.0142135620117187 0.104873657226562
-0.023590087890625 0.0335445404052734 0.00487518310546874 0.0885467529296875
0.012115478515625 0.0419120788574219 0.00146865844726563 0.0621528625488281
0.0299854278564453 0.0180282592773438 0.015838623046875 0.0538291931152344
0.0305938720703125 -0.0116024017333984 0.0218963623046875 0.0411224365234375
0.0087890625 -0.0303764343261719 0.0248069763183594 0.0389060974121094
-0.00910377502441406 -0.0275764465332031 0.0370292663574219 0.0369224548339844
-0.0132560729980469 -0.0317573547363281 0.0392227172851563 0.0406646728515625
-0.0199375152587891 -0.0337753295898438 0.0348892211914063 0.0549125671386719
-0.00545501708984375 -0.035675048828125 0.00514602661132813 0.0671234130859375
0.0174789428710938 -0.0365753173828125 -0.0263938903808594 0.0484886169433594
0.0392723083496094 -0.0140838623046875 -0.04132080078125 0.0154609680175781
0.0394744873046875 0.0344657897949219 -0.0248661041259766 -0.0136089324951172
0.000465393066406254 0.050445556640625 0.0138673782348633 0.0047597885131836
-0.0315132141113281 0.035614013671875 -0.0238113403320313 0.0794296264648438
0.034271240234375 0.0139064788818359 0.0199661254882813 -0.0891799926757812
0.0156383514404297 -0.0200271606445313 -0.0147895812988281 -0.0167522430419922
-0.0094146728515625 -0.0205059051513672 0.0287628173828125 0.0190544128417969
-0.0172891616821289 0.000539779663085938 0.0570220947265625 -0.0139389038085938
-0.0108985900878906 0.0145502090454102 0.0413894653320313 -0.0541419982910156
0.00244712829589844 0.0144424438476563 0.000862121582031247 -0.0788650512695313
0.00170469284057617 0.00807952880859375 -0.0418510437011719 -0.0649261474609375
-0.00200653076171875 0.00656652450561524 -0.046173095703125 -0.0480155944824219
-0.00204658508300781 0.00630807876586914 -0.0433578491210937 -0.0414848327636719
-0.00410175323486328 0.000200271606445312 -0.0310821533203125 -0.0475349426269531
-0.00516176223754883 -0.00856685638427734 -0.0243339538574219 -0.0474281311035156
0.00187301635742188 -0.0193634033203125 -0.0163459777832031 -0.0548477172851563
0.0269241333007813 -0.0105209350585938 0.00554275512695313 -0.0637054443359375
0.0392951965332031 0.008819580078125 -0.00820159912109375 -0.0842971801757813
0.0365982055664063 0.0308990478515625 -0.00846862792968749 -0.112503051757813
0.0342788696289062 0.0600395202636719 0.0299911499023438 -0.0799789428710938
0.0323810577392578 0.0163002014160156 -0.0109529495239258 -0.0126667022705078
0.0274391174316406 -0.00554466247558594 0.0329437255859375 0.0245170593261719
0.0115861892700195 -0.00829029083251953 0.0642738342285156 -0.00983428955078125
0.00413227081298828 -0.0101699829101563 0.0506668090820313 -0.0541229248046875
-0.000781059265136718 -0.00969982147216797 0.00502777099609375 -0.0794830322265625
-0.0123653411865234 -0.0136775970458984 -0.0389404296875 -0.0641860961914063
-0.0148582458496094 -0.0192909240722656 -0.0424156188964844 -0.0451545715332031
-0.0153045654296875 -0.0180168151855469 -0.0423965454101563 -0.0368614196777344
-0.00348281860351563 -0.0241889953613281 -0.032989501953125 -0.0399742126464844
0.0126609802246094 -0.0296401977539062 -0.0272407531738281 -0.0412826538085938
0.0333518981933594 -0.0248546600341797 -0.0234489440917969 -0.0511245727539063
0.0559883117675781 0.0142059326171875 -0.000823974609374992 -0.0585441589355469
0.0502395629882812 0.0455780029296875 -0.01263427734375 -0.0763015747070313
0.0341949462890625 0.0775909423828125 -0.00956726074218749 -0.0966415405273438
0.02569580078125 0.0992584228515625 0.0377044677734375 -0.05816650390625
0.0409431457519531 0.0559577941894531 -0.00751018524169922 0.000260353088378911
0.0629844665527344 0.0182075500488281 0.0352592468261719 0.0353431701660156
0.0446510314941406 -0.0128707885742188 0.0692787170410156 0.000904083251953124
0.0245819091796875 -0.033111572265625 0.0591316223144531 -0.0455245971679688
-0.00125694274902343 -0.0349903106689453 0.0115585327148438 -0.0713119506835938
-0.0231170654296875 -0.0347614288330078 -0.0302276611328125 -0.0545005798339844
-0.0258941650390625 -0.0423622131347656 -0.0323753356933594 -0.0355377197265625
-0.0282211303710938 -0.0395774841308594 -0.0352096557617188 -0.0245552062988281
-0.00638961791992188 -0.0450248718261719 -0.0317363739013672 -0.0234565734863281
0.022430419921875 -0.0500946044921875 -0.0310001373291016 -0.0276966094970703
0.0561256408691406 -0.0353240966796875 -0.0326805114746094 -0.0427436828613281
0.0823516845703125 0.0270233154296875 -0.00857162475585936 -0.0520133972167969
0.0617294311523438 0.0704879760742188 -0.0124664306640625 -0.0631332397460937
0.0317611694335938 0.11126708984375 -0.0111770629882812 -0.0678253173828125
0.010894775390625 0.123634338378906 0.0404930114746094 -0.023223876953125
0.0391921997070313 0.0899658203125 -0.00297737121582031 0.0204849243164063
0.0873794555664063 0.0451889038085938 0.0328330993652344 0.0483932495117188
0.0743331909179687 -0.0100021362304687 0.0677452087402344 0.0174751281738281
0.0459671020507813 -0.04931640625 0.0629425048828125 -0.0281982421875
0.00242233276367188 -0.0560188293457031 0.018524169921875 -0.0528182983398438
-0.029083251953125 -0.0516891479492188 -0.0166664123535156 -0.0383720397949219
-0.0330085754394531 -0.0591621398925781 -0.0176067352294922 -0.0201072692871094
-0.0387229919433594 -0.0536956787109375 -0.0221195220947266 -0.00787734985351563
-0.0116310119628906 -0.0585365295410156 -0.0260238647460938 -0.00251579284667969
0.0244865417480469 -0.06494140625 -0.0314159393310547 -0.0104274749755859
0.0669784545898438 -0.0456771850585938 -0.0385780334472656 -0.0294761657714844
0.0982818603515625 0.0299148559570313 -0.0143013000488281 -0.0430488586425781
0.0682144165039063 0.082427978515625 -0.00739288330078125 -0.0481414794921875
0.0271835327148438 0.127517700195313 -0.0112209320068359 -0.03265380859375
-0.0072479248046875 0.12615966796875 0.0369987487792969 0.0195465087890625
0.0261077880859375 0.107345581054687 -0.001251220703125 0.0449752807617188
0.0923995971679688 0.0682220458984375 0.0250587463378906 0.0599021911621094
0.0900115966796875 0.00067138671875 0.0581588745117188 0.0345191955566406
0.061676025390625 -0.0529365539550781 0.0587692260742188 -0.0053253173828125
0.00756072998046875 -0.0674705505371094 0.0234699249267578 -0.0270366668701172
-0.0291671752929688 -0.060302734375 -0.00133323669433594 -0.0169811248779297
-0.0353622436523438 -0.0670127868652344 -0.000700354576110842 -0.00144326686859131
-0.0437393188476562 -0.0604820251464844 -0.00587749481201172 0.0110349655151367
-0.0153236389160156 -0.0640182495117188 -0.0166339874267578 0.0193710327148437
0.0228271484375 -0.0704879760742188 -0.0291385650634766 0.00854682922363281
0.0685539245605469 -0.0479087829589844 -0.0407295227050781 -0.0151405334472656
0.0992279052734375 0.0323638916015625 -0.0170555114746094 -0.0338401794433594
0.0638351440429688 0.0854721069335938 0.00181770324707032 -0.0326576232910156
0.0162811279296875 0.1260986328125 -0.00977420806884765 0.00434303283691407
-0.0225982666015625 0.106124877929688 0.0293159484863281 0.0598487854003906
0.00572967529296874 0.101554870605469 -0.000213623046874997 0.0673942565917969
0.07525634765625 0.0777359008789063 0.0146865844726563 0.0664787292480469
0.0852508544921875 0.0128631591796875 0.0422477722167969 0.0475387573242187
0.065216064453125 -0.0446434020996094 0.047454833984375 0.0168228149414062
0.0117912292480469 -0.0661468505859375 0.0259933471679688 0.000972747802734371
-0.0256538391113281 -0.0586776733398438 0.0144720077514648 0.00571060180664062
-0.0322303771972656 -0.0644416809082031 0.0159168243408203 0.0165290832519531
-0.0417022705078125 -0.0588607788085938 0.0107803344726562 0.0288276672363281
-0.0149154663085937 -0.0608177185058594 -0.00661849975585938 0.0392303466796875
0.0220489501953125 -0.0664825439453125 -0.0263442993164063 0.0244503021240234
0.0638389587402344 -0.040802001953125 -0.039886474609375 -0.0024261474609375
0.0874786376953125 0.03515625 -0.0182514190673828 -0.0247230529785156
0.0474624633789063 0.0810394287109375 0.0100269317626953 -0.0178871154785156
0.000885009765625002 0.108245849609375 -0.0107269287109375 0.0378265380859375
-0.03179931640625 0.0665245056152344 0.0201492309570313 0.0916900634765625
-0.0110702514648437 0.073883056640625 0.000366210937500003 0.0837860107421875
0.0455856323242188 0.06744384765625 0.00536346435546875 0.067352294921875
0.0627784729003906 0.0191116333007813 0.0265007019042969 0.0539283752441406
0.0534095764160156 -0.0296859741210938 0.0330581665039062 0.0336742401123047
0.0116500854492188 -0.0529327392578125 0.0257339477539062 0.0251789093017578
-0.0184555053710938 -0.0472908020019531 0.0280952453613281 0.0252761840820312
-0.0248947143554687 -0.0523300170898438 0.0304069519042969 0.0309638977050781
-0.0333595275878906 -0.0492515563964844 0.0257720947265625 0.044097900390625
-0.0109672546386719 -0.0517539978027344 0.001708984375 0.0555610656738281
0.0205802917480469 -0.0539627075195313 -0.0253143310546875 0.0388107299804688
0.0543251037597656 -0.0283393859863281 -0.0402908325195313 0.008026123046875
0.0662994384765625 0.0376358032226563 -0.0204753875732422 -0.0185222625732422
0.0247879028320312 0.0705184936523438 0.0150785446166992 -0.00537395477294922
-0.0170364379882813 0.0770187377929688 -0.0154685974121094 0.0646018981933594
-0.0350933074951172 0.0154647827148437 0.0136032104492187 0.107078552246094
-0.0241851806640625 0.0340061187744141 0.0036468505859375 0.0900344848632813
0.0124664306640625 0.04205322265625 -0.000373840332031254 0.0632858276367188
0.0304279327392578 0.0186347961425781 0.01568603515625 0.0557327270507813
0.0315341949462891 -0.0118789672851563 0.0227279663085938 0.0427932739257813
0.00858306884765625 -0.0309009552001953 0.0263900756835938 0.0400276184082031
-0.00931167602539063 -0.0281047821044922 0.0384025573730469 0.0371818542480469
-0.0137996673583984 -0.0323390960693359 0.0402412414550781 0.04052734375
-0.0206527709960938 -0.0340843200683594 0.03570556640625 0.0553474426269531
-0.0055694580078125 -0.0362548828125 0.00556182861328125 0.0675926208496094
0.017669677734375 -0.0370597839355469 -0.0273361206054688 0.0491371154785156
0.0398178100585938 -0.0143852233886719 -0.0425491333007812 0.0149078369140625
0.0402946472167969 0.0351181030273438 -0.0250835418701172 -0.0148677825927734
0.000953674316406254 0.0514678955078125 0.0136165618896484 0.00385761260986328
-0.0323829650878906 0.0359840393066406 -0.0253067016601563 0.080810546875
0.0363922119140625 0.0141181945800781 0.0202255249023438 -0.0924530029296875
0.0164279937744141 -0.0208644866943359 -0.0161905288696289 -0.0162496566772461
-0.00977134704589844 -0.0213127136230469 0.0300464630126953 0.0197372436523437
-0.0183296203613281 0.000637054443359374 0.0590095520019531 -0.0145034790039063
-0.0111150741577148 0.0152711868286133 0.0429725646972656 -0.057220458984375
0.00301265716552734 0.0152645111083984 -0.000366210937500008 -0.0827713012695313
0.00177097320556641 0.00805377960205078 -0.0447616577148438 -0.066192626953125
-0.00185298919677734 0.00725173950195312 -0.0492782592773438 -0.0483741760253906
-0.00212240219116211 0.00668525695800781 -0.0459480285644531 -0.0416641235351562
-0.00450754165649414 -0.00034475326538086 -0.0335311889648438 -0.0496482849121094
-0.00599193572998047 -0.00891876220703125 -0.026397705078125 -0.0496292114257812
0.00115585327148438 -0.0197925567626953 -0.0171661376953125 -0.0568809509277344
0.0280418395996094 -0.0115737915039063 0.00596618652343751 -0.0664558410644531
0.0404167175292969 0.0083465576171875 -0.00852966308593749 -0.0867080688476563
0.0384712219238281 0.0318832397460938 -0.0091400146484375 -0.1165771484375
0.037139892578125 0.0621833801269531 0.0302963256835938 -0.0827178955078125
0.0343589782714844 0.0168132781982422 -0.012059211730957 -0.0116329193115234
0.0283527374267578 -0.00626754760742188 0.0345172882080078 0.0262565612792969
0.0119991302490234 -0.00928878784179688 0.0670623779296875 -0.0103569030761719
0.00377273559570313 -0.00997352600097656 0.05267333984375 -0.0567512512207031
-0.00111007690429687 -0.00945186614990234 0.00384521484375 -0.0835952758789063
-0.0127592086791992 -0.0140953063964844 -0.0412445068359375 -0.0653800964355469
-0.0159263610839844 -0.0192165374755859 -0.0450210571289062 -0.045379638671875
-0.0162391662597656 -0.0187625885009766 -0.0450286865234375 -0.0369415283203125
-0.0033111572265625 -0.0251064300537109 -0.0354347229003906 -0.0417251586914063
0.0130901336669922 -0.0311031341552734 -0.0292701721191406 -0.0435562133789063
0.0339622497558594 -0.0263214111328125 -0.0245475769042969 -0.0532150268554688
0.0587806701660156 0.0140380859375 5.72204589843765E-05 -0.0613441467285156
0.0526618957519531 0.0465202331542969 -0.012939453125 -0.0783767700195312
0.03668212890625 0.0806198120117188 -0.0103225708007812 -0.100456237792969
0.0283050537109375 0.102790832519531 0.0384407043457031 -0.0599098205566406
0.0437393188476563 0.0579338073730469 -0.00783491134643554 0.0015864372253418
0.0654563903808594 0.0173416137695313 0.0364570617675781 0.0375175476074219
0.0463905334472656 -0.0139427185058594 0.072509765625 0.00110626220703125
0.0249881744384766 -0.0344257354736328 0.0613784790039063 -0.0482368469238281
-0.0015106201171875 -0.036346435546875 0.0110092163085937 -0.0745773315429688
-0.0243721008300781 -0.0352439880371094 -0.03216552734375 -0.056304931640625
-0.0278244018554687 -0.0433807373046875 -0.0342826843261719 -0.03564453125
-0.0301628112792969 -0.0406990051269531 -0.03741455078125 -0.0251960754394531
-0.00678634643554687 -0.0467185974121094 -0.0336856842041016 -0.0245265960693359
0.0228233337402344 -0.0520896911621094 -0.0331687927246094 -0.0295696258544922
0.0574798583984375 -0.0376129150390625 -0.0347709655761719 -0.0441856384277344
0.0861053466796875 0.0261764526367188 -0.00843048095703125 -0.0545005798339844
0.0645065307617187 0.0722427368164063 -0.0131111145019531 -0.0653076171875
0.0346755981445313 0.115867614746094 -0.0120010375976563 -0.0703277587890625
0.0127487182617187 0.128440856933594 0.0421066284179688 -0.0233802795410156
0.041839599609375 0.0921707153320313 -0.00359535217285156 0.0222244262695313
0.0919723510742188 0.0450286865234375 0.0336647033691406 0.0511894226074219
0.0768356323242187 -0.0110702514648437 0.070709228515625 0.0182571411132812
0.0471000671386719 -0.0520057678222656 0.0657882690429688 -0.0301437377929688
0.00198745727539063 -0.0577392578125 0.019439697265625 -0.0556411743164063
-0.0305061340332031 -0.0526351928710938 -0.0177764892578125 -0.0401687622070313
-0.0359001159667969 -0.0604171752929688 -0.0189914703369141 -0.0201339721679688
-0.0414352416992187 -0.0550727844238281 -0.0238437652587891 -0.00749588012695313
-0.0127716064453125 -0.0603828430175781 -0.0274333953857422 -0.00273513793945313
0.0242805480957031 -0.0678863525390625 -0.0338706970214844 -0.0112552642822266
0.06927490234375 -0.0484809875488281 -0.0409660339355469 -0.0300331115722656
0.102699279785156 0.0294189453125 -0.014678955078125 -0.045623779296875
0.071990966796875 0.0848617553710938 -0.00832366943359375 -0.0497283935546875
0.0303878784179687 0.132499694824219 -0.0121536254882813 -0.0338325500488281
-0.0056915283203125 0.131446838378906 0.038787841796875 0.0209465026855469
0.0282135009765625 0.110710144042969 -0.00093841552734375 0.0477447509765625
0.0969924926757813 0.0686569213867188 0.0255661010742188 0.0629463195800781
0.09344482421875 -0.00048065185546875 0.0604972839355469 0.0360145568847656
0.0633964538574219 -0.0559043884277344 0.0619354248046875 -0.00642776489257813
0.00766372680664063 -0.0700225830078125 0.0252971649169922 -0.0284214019775391
-0.0312690734863281 -0.0620994567871094 -0.00094413757324219 -0.0179805755615234
-0.0384750366210937 -0.06817626953125 -0.000907659530639651 -0.00182652473449707
-0.0465202331542969 -0.061614990234375 -0.00648975372314454 0.0111713409423828
-0.01654052734375 -0.0655670166015625 -0.0174636840820312 0.0198020935058594
0.0229949951171875 -0.073822021484375 -0.03118896484375 0.00842475891113281
0.0708160400390625 -0.050506591796875 -0.0426063537597656 -0.0153312683105469
0.103622436523438 0.031463623046875 -0.0171928405761719 -0.0361862182617187
0.067413330078125 0.0875015258789063 0.00158309936523438 -0.0342445373535156
0.0188674926757812 0.131011962890625 -0.010350227355957 0.00467967987060548
-0.0218048095703125 0.110733032226563 0.0313606262207031 0.0625648498535156
0.00730133056640626 0.105133056640625 -0.000221252441406257 0.0706863403320313
0.0794143676757812 0.0788803100585938 0.0146827697753906 0.0697135925292969
0.0889739990234375 0.0130233764648438 0.044189453125 0.0502510070800781
0.0670318603515625 -0.047454833984375 0.0502662658691406 0.0172119140625
0.0114860534667969 -0.0686874389648437 0.0280265808105469 0.000909805297851558
-0.0272865295410156 -0.0610008239746094 0.015446662902832 0.00521087646484375
-0.0350418090820312 -0.0659637451171875 0.0166559219360352 0.0162620544433594
-0.0447845458984375 -0.0599250793457031 0.0110836029052734 0.029388427734375
-0.0159378051757813 -0.0631217956542969 -0.00632476806640625 0.0403022766113281
0.0217056274414063 -0.0690193176269531 -0.0279750823974609 0.0252971649169922
0.0658607482910156 -0.0429725646972656 -0.0421028137207031 -0.00222015380859376
0.0915908813476563 0.0349655151367188 -0.0188503265380859 -0.0264472961425781
0.0503768920898437 0.083251953125 0.0104656219482422 -0.0194988250732422
0.00206756591796874 0.112319946289063 -0.0111923217773437 0.0397148132324219
-0.0319252014160156 0.0691261291503906 0.0212936401367187 0.0954055786132813
-0.0115432739257812 0.0767059326171875 0.000518798828125004 0.0870895385742188
0.0479660034179688 0.0692138671875 0.0049591064453125 0.0698585510253906
0.0655479431152344 0.0196266174316406 0.0275802612304688 0.0570030212402344
0.0545654296875 -0.0317344665527344 0.0357284545898438 0.034759521484375
0.0113983154296875 -0.0555381774902344 0.0281791687011719 0.0255527496337891
-0.0197639465332031 -0.0485687255859375 0.0304813385009766 0.0250110626220703
-0.02655029296875 -0.0537147521972656 0.0323543548583984 0.0313053131103516
-0.0351638793945312 -0.0504684448242188 0.0272789001464844 0.0448722839355469
-0.0118865966796875 -0.0533409118652344 0.00201797485351562 0.0575523376464844
0.0205535888671875 -0.0565185546875 -0.0268821716308594 0.0405693054199219
0.0564422607421875 -0.0299568176269531 -0.0420379638671875 0.00831985473632813
0.0696449279785156 0.0377883911132813 -0.0210685729980469 -0.0197257995605469
0.0267868041992188 0.0723190307617188 0.0150537490844727 -0.00639057159423828
-0.0168075561523438 0.0806961059570313 -0.0158271789550781 0.0671920776367188
-0.0355796813964844 0.0165977478027344 0.0148162841796875 0.111412048339844
-0.0251827239990234 0.0349140167236328 0.00347900390624999 0.0932235717773438
0.013275146484375 0.0436592102050781 -0.000667572021484377 0.0661430358886719
0.0318622589111328 0.0194377899169922 0.0163192749023438 0.0584793090820313
0.032318115234375 -0.0130405426025391 0.0248031616210938 0.044921875
0.0085906982421875 -0.0324554443359375 0.0291900634765625 0.0415153503417969
-0.0100440979003906 -0.0289173126220703 0.0412368774414063 0.0380020141601563
-0.0149250030517578 -0.0334033966064453 0.0424842834472656 0.0406570434570312
-0.0216732025146484 -0.0345897674560547 0.0377197265625 0.0564842224121094
-0.00603103637695313 -0.0378379821777344 0.00671386718749999 0.0702438354492188
0.0177841186523437 -0.0386543273925781 -0.0289421081542969 0.0514907836914063
0.0417938232421875 -0.0147247314453125 -0.0442886352539063 0.0157814025878906
0.0422401428222656 0.0360298156738281 -0.0259971618652344 -0.0161876678466797
0.00160980224609375 0.0535354614257812 0.0140419006347656 0.00298023223876953
-0.0333290100097656 0.0376815795898438 -0.0260009765625 0.0844039916992188
-0.00881848067306682 -0.0275335162038976 0.0879020200976301 -0.0316584067751554
-0.0262428493475986 0.00135258581225006 0.00815247694394149 -0.0182885428676132
-0.0162087322621714 0.0207256730081045 0.0024129822005468 0.0405234184787145
0.00877433406785924 0.0178727094578346 0.0457306354378877 0.0431649322335492
0.0166924140147523 0.00273027606384385 0.0770740578659565 0.00644171567563911
0.00882925212669484 -0.00328474216652703 0.0743696745648845 -0.0392455420744658
0.00946340998241798 -0.00173492779538578 0.0469855130940856 -0.068350276537673
0.0109206051890788 1.3961166277254E-05 0.0227517907311596 -0.0732846164508059
0.00924853062038026 0.00207284345657868 0.0198950236074328 -0.0630755318024497
0.0058114759997788 0.00612615444641147 0.0275243418215165 -0.0549451344644312
-0.00187967329563332 0.0133945653337856 0.0363365253715461 -0.0508098876060755
-0.0172424968049123 0.0146900053150696 0.0481896683757147 -0.0422146293349737
-0.0309081773242444 -0.00639977366764963 0.059767048651672 -0.028571018408588
-0.0178773891960659 -0.031767422598518 0.0682061201687968 -0.0490893542583093
0.00754371930038343 -0.0415741287506338 0.0827377966912512 -0.0804651483732222
0.0294626830059716 -0.054411042054179 0.0789175690847728 -0.0211838271178117
-0.00687805177691107 -0.0390513350845392 -0.00294388143666037 -0.0140497881877339
-0.0272692970737778 -0.0216012817722668 -0.0089924135481997 0.0559084915991946
-0.022458303454047 -0.00213591706927868 0.04413079171615 0.0623718783859208
-0.0150455098055253 0.0110673300471163 0.0862244596715395 0.0187732701433663
-0.00875221958803247 0.0154849354406127 0.0804492242098466 -0.0338182406642876
-0.00283553377041211 0.0232870505808099 0.051493817455565 -0.0634927726952236
1.95504887570979E-05 0.0277660102418282 0.0246339675357893 -0.067780517587207
-0.00443384385630599 0.0294451595163454 0.0192124881151876 -0.059255504295677
-0.0157309038860699 0.0215451904128091 0.0221666386893415 -0.0496443560116669
-0.0311767584571888 0.0144060333031154 0.0287681397964173 -0.0464469378390418
-0.0430607637294208 -0.0106397300069471 0.0367348629600066 -0.0433637791755716
-0.0352551873969449 -0.0460146071924061 0.0472683610200365 -0.0301509489685707
0.00495787881915087 -0.0645297002798619 0.0553919359734161 -0.0525089228815956
0.0476166415587397 -0.0655432721907799 0.06890541188251 -0.0773545143216638
0.0664353361968805 -0.071949773109417 0.0584833242645478 -0.0053304147927553
0.0204585677891239 -0.0749975063107463 -0.0217440058874701 -0.00764595248875942
-0.0298824942221619 -0.0688778017851214 -0.0297178359682141 0.0693934105688966
-0.0523398279259732 -0.0302674044380524 0.033002001372149 0.0831773397166811
-0.0496976878342127 0.0134126452922268 0.0867932280588819 0.036335658630221
-0.0299328933937616 0.0315981986407135 0.0794907171390405 -0.0216119493943164
-0.0173547483254487 0.0449852266584832 0.0502348942695424 -0.0492525598281001
-0.0107094363827804 0.0516021643229131 0.0228610465474696 -0.052555967479332
-0.015513131963857 0.0534030417743072 0.0134235786972811 -0.0456627747629175
-0.0306889129240141 0.0372521077811572 0.0104394616588482 -0.0375949583650848
-0.0539905560077516 0.0212613903465538 0.0145563612747557 -0.0402018806987857
-0.0678128234388591 -0.0243483000440517 0.0210808577776003 -0.0439509382834976
-0.0461463796523143 -0.0745325530628443 0.0347318475440717 -0.0325749090898784
0.0173104296722544 -0.0907292507637672 0.0409341116029962 -0.048371842628361
0.0758231697087441 -0.082702184238996 0.0443239237536161 -0.0641204943148438
0.0954965643386188 -0.0771763667218652 0.0263283993088473 0.0141418997954313
0.0501384039679439 -0.0981905828743806 -0.0455605252076927 0.00220738412289605
-0.0223779635013207 -0.109459569370735 -0.0537326226670462 0.0766464609945271
-0.0721220738241452 -0.0609615596662644 0.0111754278703629 0.0984701786070779
-0.0802519042581488 0.00769136508603826 0.0739889269280545 0.0549008116633831
-0.0498272263142029 0.0409021452668576 0.0689048326673084 -0.00314039034842334
-0.0308659083699228 0.0594236318208541 0.0420951768006696 -0.027574610794203
-0.0194121517271581 0.0682883840696997 0.0176323103085872 -0.0299155813162438
-0.0222002266190973 0.0705945232522013 0.00514483437341408 -0.0251011250789686
-0.0387427411496055 0.049797264463108 -0.00366327004401915 -0.0199886295092819
-0.0668891898261389 0.0294894558679738 -0.00219952216296449 -0.0296297218930079
-0.084382365549879 -0.0283979431833572 0.00447405885878948 -0.0407343880197812
-0.0558310074983851 -0.0887470624128532 0.0222130792062268 -0.0319442709742525
0.0221123413335608 -0.104435671853647 0.0289071854612645 -0.0377520889545619
0.0916480004101727 -0.0894245909902626 0.0153295922811335 -0.0437123366242216
0.108229555234413 -0.0682338659269704 -0.0136450133940671 0.0334986004315914
0.0741118291163368 -0.100849565967361 -0.0698474409365698 0.0120598349539447
-0.00469120016592333 -0.12985409542794 -0.0761834495689723 0.073783439498219
-0.0736123788405902 -0.085882151291675 -0.0161269424005165 0.100569447015178
-0.0965200454544287 -0.00384820065214352 0.0489705644819191 0.0683014035274979
-0.0627348640017544 0.0417238585722509 0.0477183127036468 0.0166900168486969
-0.0399785809985294 0.0633260499299761 0.0278569146691403 -0.00206489916957553
-0.0254741779349512 0.0740568230463004 0.00932764977941407 -0.00261829389811911
-0.025425598422728 0.0775384552021088 -0.00457992121572822 -3.21755362702038E-05
-0.041366818384017 0.0550145524908146 -0.017411732110841 0.000559693728686883
-0.0698683366900994 0.0337355970388921 -0.0186621056841761 -0.0168099036829808
-0.086763293973854 -0.0293936558957705 -0.0107874967012716 -0.0350920533039807
-0.0548716657817497 -0.0915882977031803 0.0120459149349851 -0.0294405571902815
0.0269431588197931 -0.103201085052809 0.0206416815582985 -0.0219890070030587
0.0956835984240519 -0.0819828731048377 -0.0127999798724378 -0.0193511729234533
0.0992882160984038 -0.0484338046227596 -0.0507448436787626 0.0509738533743706
0.0821433292293045 -0.0812086928090017 -0.0874084097991527 0.0215894700839578
0.0161999281382327 -0.121353841436506 -0.0886264127027016 0.0610169621673564
-0.0570246563031553 -0.0925521196092114 -0.0406289432982267 0.08921165402367
-0.0918799436866598 -0.0153779693803924 0.0181132271302337 0.0708552311517237
-0.0649288476599594 0.0347490149329851 0.0217206119357959 0.0333218621706735
-0.0420368579464905 0.0575584873658365 0.0108915112384327 0.0229712606326892
-0.0270490762778558 0.0689656057960458 -0.000144488448354228 0.0242108603720847
-0.0262107556860284 0.0728081021980958 -0.0144799333319205 0.0246023338395059
-0.0405608262460383 0.0520454018655048 -0.0305702599278775 0.0192709625591677
-0.0658851086320828 0.030625693787361 -0.0340026723341833 -0.0054997823101306
-0.0774801635321863 -0.0306613291889329 -0.0229011131149275 -0.0292569214786719
-0.0430469013675271 -0.0859897161149691 0.00413905249644293 -0.0268366843855514
0.0333868858090162 -0.0884429014576299 0.0139149441496281 -0.00759135432530241
0.0889323586339692 -0.060821956602535 -0.0389810678180458 0.00342429028582175
0.0705880307816298 -0.022210428201009 -0.0786583115570435 0.0634194761717016
0.0697345300468166 -0.0486032234301995 -0.0957755792370649 0.0313622802517789
0.0275708492404339 -0.0892525888083661 -0.0885992075010756 0.0451749046903702
-0.0324311568907578 -0.0777391460315559 -0.0542172207606663 0.0699594288246786
-0.0693980293039253 -0.020682989936693 -0.00961964034511929 0.0648885276429971
-0.0536807910535741 0.0234171955399575 -0.00328860093819541 0.0443040500837901
-0.0360657180308213 0.0432087925144577 -0.00523100723837378 0.0437382065074849
-0.024371021714415 0.0533764711765634 -0.00837012334596171 0.0466673959810773
-0.0242399913203665 0.0578038247192089 -0.0239535703599409 0.0464910810965175
-0.0361459432842305 0.0415516547118945 -0.0425414177453714 0.0348855910817675
-0.0555077448538505 0.0215624869856948 -0.0489833218856234 0.00169740862006763
-0.0595647540276199 -0.0316816692290194 -0.0329262445746741 -0.0262349028729968
-0.0244458125314361 -0.0741634571710403 -0.001602484979103 -0.0270189676067923
0.0390075732879391 -0.0640591701065668 0.00826421065828782 0.00331110210096224
0.0729241531377637 -0.0300684225912079 -0.0615849969570238 0.0194973498923672
0.0291889130780828 0.00805120810976052 -0.0894346006038472 0.0707980552292572
0.043625221847105 -0.0100852734399827 -0.090593412014092 0.04052541352758
0.0280386326589695 -0.0437742239500944 -0.0776114176286939 0.0328763674247132
-0.00782105395558369 -0.0479968662220053 -0.0569429923791252 0.051467533494933
-0.0378169082041779 -0.0191022852233016 -0.0280227162400296 0.0558006173656717
-0.0333347036010532 0.00968908904892017 -0.0208258349647513 0.0507035056714768
-0.0240817206667904 0.0228276827642776 -0.0170166854749293 0.057181444606595
-0.0179966255673081 0.0307662271538913 -0.0155502825911819 0.0617574856878339
-0.0186913353057555 0.0351836420361012 -0.0328651329558191 0.0613947953985194
-0.0279133482644899 0.026023830491645 -0.0539200489433983 0.0434499596668362
-0.0402872158010844 0.0108656708489951 -0.0623674517177245 0.00364039382280336
-0.0367633004044002 -0.028648831527884 -0.040876522691574 -0.028428210204117
-0.00491891284559337 -0.0539289970802102 -0.00573643230494466 -0.0309663119723955
0.039802215919786 -0.0335637449424762 0.00258048395469622 0.00790231137346533
0.0474803799512961 0.00339382426889746 -0.0794638099086967 0.0263104329312208
-0.010294273040656 -0.0278182125580719 0.0881509878697884 -0.036889457511942
-0.0266172304309362 0.00226332380518168 0.00635657492980855 -0.0193670966206521
-0.0156534318466399 0.0223157709295733 0.00361152868592541 0.0420138501609457
0.0103033901868719 0.0182468249522702 0.0489178226307947 0.0432069507205716
0.0172755429387992 0.0010926395907007 0.0797290712482189 0.00324437703182617
0.00902480050401711 -0.00426463376150183 0.0743203204395017 -0.044105066685012
0.00953417270676141 -0.00212788785431932 0.0437917659278415 -0.0729008357451816
0.011527193135781 -0.000746937551509494 0.01748827925236 -0.0760634968859884
0.00997489996226812 0.002054404921825 0.0167142835455673 -0.0661455543199105
0.00615073450027756 0.0060876591816624 0.0250763972708346 -0.0591687112577709
-0.000981201534965918 0.0140577375292678 0.0344610426592727 -0.0547720766477147
-0.0170217000121068 0.0162405231494965 0.0478581798361294 -0.0457215933427269
-0.0327849946855076 -0.0047994438012031 0.06095990391394 -0.030763888056876
-0.0194512120147691 -0.0316711361409894 0.067039989972618 -0.0524292466891268
0.00575083331285433 -0.0432261780571311 0.0815157475022427 -0.0868903839950913
0.0274504420665888 -0.0578611895405536 0.0794434764013842 -0.0254752365501101
-0.00928647436531076 -0.0397334281508066 -0.0050586161910654 -0.0138456854577504
-0.0294162801355848 -0.0208415389714154 -0.00798364974426323 0.0584557978176272
-0.0232308140791625 -0.000980373322311837 0.0481164833684953 0.0627417088200261
-0.0141568904215893 0.0119183393067493 0.0903156907456785 0.0150825982033151
-0.00848266274557907 0.0165029012836428 0.0813604942070988 -0.0392453547166559
-0.00152550052021073 0.0241760882071511 0.048798258891661 -0.0683777988204718
0.002276429729165 0.0283276240860782 0.020011811314509 -0.0710244271075012
-0.00276237119160755 0.0303838442495601 0.0156782086055904 -0.0622625762807369
-0.0149666739552429 0.022988930966589 0.019752970442066 -0.0533981415630862
-0.0314635431538238 0.0165505865448606 0.0274109399990321 -0.0500993671668515
-0.044874892084663 -0.0084533672997289 0.0359145944366874 -0.0457973583199735
-0.0395228303214829 -0.0454753778950127 0.0485288356334421 -0.0326721925251163
0.00218778851658498 -0.0665740037276527 0.0539510902304303 -0.0556652871311926
0.0454131624936411 -0.0703657058120845 0.0673275794259188 -0.0822739446525951
0.0645152217696169 -0.0777863262759174 0.0594551309937031 -0.00811086312518838
0.017349361946819 -0.0779350841010191 -0.0240613771505486 -0.00667585795711285
-0.0345934339365301 -0.0683709336111799 -0.0277453096898234 0.0735171386381922
-0.0555755850733708 -0.0282608991256199 0.037199300421398 0.0848058683294473
-0.0504503995244918 0.016083926464084 0.0915229743904258 0.0330879091083469
-0.0289748545529984 0.0342852321428955 0.0806123408867616 -0.0263257331647595
-0.015055255022245 0.0473044774373692 0.0487167785798388 -0.0536656427240033
-0.00721896723424414 0.0536733600175524 0.0199739201163881 -0.0554958774596105
-0.0122849477165253 0.0559015227536381 0.0106104919456114 -0.0482237562559919
-0.029682782005396 0.0398893115056472 0.00819505202381743 -0.0402990402099985
-0.0541627063358123 0.0247569963741076 0.0126842435015005 -0.0433168154876789
-0.0707128445974267 -0.0217358875258554 0.0197044878165263 -0.0464286146376367
-0.0520994983509669 -0.0736370434488429 0.0352819569545178 -0.0348711085993224
0.0135430102016866 -0.0938184657067001 0.0395041377626107 -0.0512561304811905
0.0741400557156814 -0.0897351630227655 0.0418511954043645 -0.0677952450837985
0.0940153495207533 -0.0849778176546029 0.0269840928853666 0.0138030181913519
0.0460074039868234 -0.103498186794396 -0.047840076409268 0.00443467944354719
-0.029677136561889 -0.11070053952667 -0.0527065188419246 0.0819009933006937
-0.0775552597843742 -0.0591021846138233 0.0159147837302498 0.100950507281652
-0.0819327089411906 0.0125662629055107 0.0795970601808451 0.0530979925163394
-0.0492749153576198 0.0443918090758971 0.0707479614794168 -0.00639145991843482
-0.0278055289423061 0.0622617267593927 0.0420252590107231 -0.0308365362407665
-0.0155581129944333 0.0710978344032871 0.0158589262227831 -0.0317728953790597
-0.0181339225967462 0.0738456856894082 0.00303445150889692 -0.0265314878669494
-0.0371357761275161 0.0530017234050306 -0.00505943848697427 -0.0214054067571501
-0.0664589131480261 0.0340758595091403 -0.00389764145879043 -0.0318804618018769
-0.0880156252331005 -0.024793726031237 0.00272964673567904 -0.0422347485567866
-0.0626736922777309 -0.0876410413668421 0.0224349977149059 -0.0339317938362138
0.0179245594059606 -0.108596058854589 0.0276864332863961 -0.0401108961097756
0.0896409285713794 -0.0970721031261653 0.0135428791797224 -0.0455604864363451
0.10705361478948 -0.0765788549918962 -0.0126405953170505 0.0357255519899618
0.0705858702148757 -0.107117906030857 -0.0721365954150158 0.0158927417636112
-0.011746499436599 -0.13278375060425 -0.0758810026260691 0.0793845185529101
-0.0795934092620368 -0.0846100543939854 -0.0126463403284351 0.104625012064673
-0.0985032333964417 0.00190542218741344 0.0547263168568388 0.0677705745730252
-0.0625856430029075 0.0462018196578426 0.0507022177567508 0.0146767075471542
-0.037263946830114 0.0670728944086911 0.02881723637914 -0.00371489763548698
-0.0209929026782439 0.0777509799852569 0.00939843417147836 -0.00350816076951339
-0.0208656938683518 0.0808211115190142 -0.00522017018032341 -0.000498055582815897
-0.0398091959113476 0.0587262781082477 -0.0177448448376792 0.000418352018997845
-0.0701136437322986 0.0385837315097382 -0.0203873508212158 -0.0175335941066128
-0.0908817256269307 -0.0258184419061637 -0.0126829474986536 -0.0355838169608476
-0.0616673200481543 -0.0910254373271915 0.0123776365057996 -0.0313834477208795
0.0219814721911107 -0.107513571474802 0.0200315146094022 -0.024270964237516
0.0939340790966518 -0.0893905253447688 -0.014581787703153 -0.0191400796739844
0.0995577666358272 -0.055325851068448 -0.0497030021034736 0.0549897248136078
0.0802881071611529 -0.0870825740515235 -0.0892833793662715 0.0258099274049256
0.00998890148802866 -0.125487328929241 -0.0895986821212712 0.0667622856589809
-0.0632671468049163 -0.0925338538740682 -0.0387462866301076 0.094104513944664
-0.0950862333891871 -0.0107600100278391 0.0224956672947508 0.072612842556485
-0.0643129256996641 0.0391027977413753 0.0249027982150445 0.0335364272441235
-0.0400141559429498 0.0612224318555244 0.0132960273085747 0.0232259867041641
-0.0230933097885942 0.0726227849214204 0.00156744427054886 0.0241650992813935
-0.0223131794159786 0.076228526481733 -0.0135534739882384 0.0259706061086656
-0.0390087851924056 0.0553698146626834 -0.0299693494738953 0.0208141073041168
-0.0654806729879248 0.0350964884781085 -0.0356168150880246 -0.00490244584178792
-0.0809887651594633 -0.0277327324514777 -0.0250283505516274 -0.0291947616343881
-0.0489885704513356 -0.0860490120905522 0.0040756613993591 -0.0286309329873199
0.0296263594021992 -0.092467816776211 0.0142414154067498 -0.00933972698106131
0.0882283136000858 -0.0673556717567026 -0.0404853442834257 0.00588742657249377
0.0711984775537665 -0.026489068096237 -0.0778924164862604 0.0691883288527143
0.0695436474723133 -0.0527290572918975 -0.097067367471052 0.0360742677401529
0.0242456496010462 -0.092790593125275 -0.0898830141488606 0.0498177865788754
-0.0372137794865966 -0.078866841456769 -0.0534236258099555 0.074798534914488
-0.0726070878394271 -0.0170394079914564 -0.00653334863633604 0.067807873749126
-0.0536622709822609 0.0271209201786097 -0.000603721697938868 0.0463369608514142
-0.0347778548441621 0.0464280709631558 -0.00180875569450673 0.0454870011499677
-0.0219734968056282 0.0567752668725948 -0.0052197038049426 0.0482523283945189
-0.0207513503925979 0.0607858179509282 -0.0215951970927976 0.0487822519743581
-0.0347756292552146 0.0446981474214217 -0.041681303749409 0.0376682383142792
-0.0560643076400141 0.0255071375243579 -0.0503337299510353 0.00362923364811437
-0.0628260450543736 -0.0299279182939351 -0.0354713525796111 -0.0260792406072724
-0.0290634108237866 -0.074390312589818 -0.0024623607335063 -0.0283211297390696
0.0367383748514125 -0.0677060361917527 0.00869882817830397 0.00192876528704376
0.0735327424130283 -0.0349495443433668 -0.0630048360473803 0.0232596031130994
0.0305640868065128 0.00639622667989533 -0.088865527647752 0.0770387033588335
0.0440327646732563 -0.0118156801030335 -0.0906797196730292 0.0450036925166181
0.0267829103352987 -0.046256344657124 -0.0790896629087199 0.0363043241426173
-0.0104808236683924 -0.0493084723906059 -0.0572732099441108 0.0557387560847905
-0.0399069091566679 -0.0174773966787686 -0.0262323335672051 0.0598257127144197
-0.0336277312155601 0.0123085094808479 -0.0182757967976216 0.0538084414930962
-0.0232150786511685 0.0251169234074833 -0.013519835725879 0.0600307184739804
-0.0167824409301667 0.0327799087425858 -0.0113387928206023 0.0641165464109708
-0.0172389821659127 0.0374762828153087 -0.0294391113131595 0.0647885341803581
-0.0273972428400391 0.0282982007198717 -0.0526682003446339 0.0476666677131003
-0.0407400387942111 0.0130352548014594 -0.0642475499852378 0.00669142418246116
-0.0393883543789853 -0.0282714601604116 -0.0433593329344591 -0.0278974518356077
-0.00792965633140003 -0.055114779134405 -0.00689152234987017 -0.0325859552292961
0.039352146376585 -0.0365228607565645 0.00313195730054768 0.00675944744907553
0.0490742660182125 0.00140596196234358 -0.080817326835353 0.0311221242957102
-0.0116049693597805 -0.0277038053887255 0.0867900324110324 -0.0412762075945173
-0.0265793751741287 0.00337927785525066 0.00452351297761265 -0.0194832924657995
-0.0144227836994899 0.0233660916095925 0.00453663782755751 0.0427003890269794
0.0109972022082871 0.0180692058049559 0.0511481616091881 0.041834699826929
0.0171737529630041 -3.08854389255379E-05 0.0808541529460232 -0.000495625863956809
0.00859489985033768 -0.00459937935903269 0.0725038812039268 -0.0484228305830444
0.00981313550088577 -0.00273450981479476 0.0392088361523015 -0.0754169417782638
0.0117667683013478 -0.001540327906565 0.012822593618695 -0.0767966318312969
0.0101366907733547 0.00139821645048296 0.0125925917942282 -0.0675877339331288
0.00656554857671878 0.00607024145680922 0.0217420683334849 -0.0619315337618907
7.20642789203338E-05 0.0144945736071414 0.0323104805956937 -0.0579216047624809
-0.0161570886713799 0.0171212100823392 0.0464976650514278 -0.0480850709238242
-0.0334059948405585 -0.00262600334430313 0.060946684312829 -0.0335317606511997
-0.0209305401109046 -0.0309815965863787 0.0653864913769288 -0.0544189245532395
0.00360362416694005 -0.0444119543331952 0.0782998820348411 -0.0907395228705321
0.0250069676751914 -0.0603108016515799 0.0781181004360643 -0.0289488392829814
-0.0115359713304541 -0.0398894394978313 -0.00698422800807737 -0.0132884030029666
-0.0305162808362472 -0.0187154652525489 -0.00596938531125474 0.0594689863350999
-0.0236397849171441 0.000670869622691034 0.0513224322802424 0.0617798594538145
-0.0137004519029122 0.0123782502682531 0.0916861790522577 0.0110082233707812
-0.00786001832286881 0.0167012477199661 0.0800378968220593 -0.0435819053871426
-0.000412900168254589 0.0243454949353531 0.0447913224342738 -0.0710861758339704
0.00424696909135009 0.0284077149298416 0.0158739796573224 -0.0722841625557867
-0.000710369085510747 0.0308832231971779 0.0116804695752681 -0.0638800244901511
-0.0137499146169123 0.0239728913406526 0.016811619280224 -0.0557038870456024
-0.0303676886646829 0.0184958210308267 0.0248152109163788 -0.0535243093038595
-0.0457541559373283 -0.00665160952497077 0.0344458819542299 -0.0481567058300859
-0.042031568668347 -0.0434405123554503 0.0485798756334474 -0.0346593002527415
-0.000603733440388654 -0.0669196613665771 0.0518175449511226 -0.0573485053090386
0.0424665491748598 -0.0731076088953119 0.0641861215865867 -0.0860737611400055
0.0610980509243184 -0.0817254553271367 0.0589218017785277 -0.0105964091970779
0.0127050470188106 -0.0792223273104055 -0.0252259316080581 -0.00446890051823346
-0.0389027643140989 -0.0666800342665063 -0.0260778306785432 0.0756663248883154
-0.0573202576625571 -0.0259076779785439 0.041040603946783 0.0843273787053304
-0.0495720765371348 0.0190370969763443 0.0938399095998782 0.0291705999664341
-0.0276825250050032 0.0354810775110186 0.0804434641738122 -0.0303629294018416
-0.012431566608742 0.0477948988786655 0.0454230577545584 -0.0566580948621719
-0.00371101160104356 0.0545889978784886 0.0161684315144411 -0.0568589659460538
-0.0087532672546723 0.0571011135317517 0.00746027884697591 -0.0492552870646503
-0.0278150059621243 0.0414986435041817 0.00610398542375647 -0.0417887559966244
-0.0529200927126656 0.0278816495507126 0.0108155905766696 -0.0455627235608116
-0.0725349288241108 -0.0180122690830428 0.0177678751047821 -0.0476500115569268
-0.0565793792769725 -0.0707191385870028 0.035585196458718 -0.0365416918616432
0.00916699340819431 -0.0952096812664375 0.037520333291659 -0.0526769363346162
0.0701376956748429 -0.0944152406566254 0.0389750108666411 -0.0700256015247129
0.0902703656479983 -0.0900887822328658 0.0273305149476162 0.0127229698998053
0.0415701246754834 -0.106052852464525 -0.0487987934734257 0.00691123620683699
-0.0356587941900584 -0.109050902101849 -0.0506066657294423 0.0852489412988445
-0.0807747064233668 -0.0560558329613376 0.0193176036369273 0.101830747870572
-0.0811975481958085 0.0173086526565043 0.0826954756781828 0.0493285356783543
-0.0471467847232576 0.0473768639246621 0.0712391165434618 -0.00981975603288333
-0.0248555080374246 0.0639581756291827 0.0403677248394657 -0.0334003570199339
-0.01067741981543 0.0724574731918075 0.0139074666902573 -0.0330530047597012
-0.0134988124844253 0.0753654997515495 0.00123307424697982 -0.0271740763906597
-0.0347673716888556 0.0550703869180486 -0.00641877095386233 -0.0223979758249174
-0.0651259427104141 0.0380434439394522 -0.00586473510700521 -0.032991667857305
-0.089995355876216 -0.0201914959161528 0.000703026487029956 -0.0429284260164431
-0.0680174255334654 -0.0846501796825326 0.0223068887989161 -0.0356263931401295
0.0124929370925476 -0.109955408431086 0.0261394069842333 -0.0414284116499017
0.0851354149807109 -0.102917511845969 0.0111382751843829 -0.0465326599990734
0.103540903905597 -0.0823333677511306 -0.0110044991859367 0.0367920268649055
0.0659649618981364 -0.110919286840323 -0.072501781179562 0.0190464887294919
-0.019059653705473 -0.132102672521752 -0.0741557016329256 0.0836060949061482
-0.0847150220957304 -0.0816134029244038 -0.00952856737369012 0.107204067378895
-0.0988521131251908 0.00690991156250082 0.0582999440326613 0.0658811156954339
-0.0611265990684767 0.0495400437034926 0.0521510711041987 0.01319643787632
-0.0342292480491506 0.0693221836332152 0.0290859324870755 -0.00539467546005265
-0.0164340600465017 0.0794076798769145 0.00947679246312037 -0.00452269760469033
-0.016377801709904 0.0825900228809235 -0.00550515218352092 -0.000418147285463269
-0.0371261412991609 0.0609093624720666 -0.0179366278290785 0.000863825521999699
-0.0678112862259772 0.0427417919333421 -0.0219330091075566 -0.0179434062869609
-0.0931328998774707 -0.021063916826068 -0.0141103376550964 -0.0355770077213731
-0.06691377431484 -0.0875901606729322 0.0119405044829629 -0.032536932511376
0.0168983971751559 -0.109042116705753 0.019144149183427 -0.0254710442362059
0.0902442105169597 -0.0953300279526035 -0.0159015472945906 -0.0181562754656126
0.0967365256940245 -0.060865303071688 -0.0476017034149456 0.0576934873410604
0.0768533844747097 -0.0908850515848154 -0.0893246921387147 0.029690775324633
0.00337342606316105 -0.12608754786988 -0.0886863859884401 0.0707660293444587
-0.0684945358475667 -0.0908134866818584 -0.0356949746219049 0.097178182543303
-0.0962753527436727 -0.00542504371358386 0.0267906400450141 0.0727089225806812
-0.0631859393790777 0.0428178853486949 0.0272165439077366 0.0335983060043459
-0.036753001640789 0.0640075062249373 0.0151013585927379 0.0225492105321774
-0.0186532792933526 0.0745702267566632 0.00348401576315479 0.0237610728649603
-0.0174428835771787 0.0781098502591637 -0.0121110281290506 0.026404324508278
-0.0364243814123002 0.0576171009502661 -0.0293281544826197 0.022147474818494
-0.0637875855101867 0.0383761058707687 -0.0366153239620839 -0.00456361445740633
-0.0832256699222171 -0.0239745517235352 -0.0264330125890831 -0.0284643122415199
-0.0539026212285973 -0.0836163909182159 0.00399278543963522 -0.0296063957229836
0.0252190193332236 -0.0944974747463815 0.0139374184896975 -0.0107002081050491
0.0855415426452827 -0.0724570247113372 -0.0407092523910404 0.0076244175687829
0.0699129586459254 -0.0301251499489055 -0.0752667739145309 0.0732659830535941
0.0679883832320421 -0.0557000786578641 -0.0960249479652129 0.0396074757958541
0.0192880955087558 -0.0940791708893673 -0.0895610114732676 0.0539608133284376
-0.0413916807245787 -0.0783412840196959 -0.0521587089947371 0.0783080842186085
-0.0740863416392489 -0.0133454484536379 -0.00280406035292507 0.0694580981356594
-0.0529105081747594 0.0304718692166404 0.00216825504141574 0.0478625008872611
-0.0322366532492642 0.0487865230352035 0.00119143190545462 0.045687862851955
-0.0186200191082224 0.058114569909798 -0.00239940448355449 0.0481432610994344
-0.0169590671774817 0.0625060064217536 -0.0187710922676117 0.0496786090277829
-0.0334156934109724 0.0467712986890222 -0.0398430535302247 0.0397958808476754
-0.0546997090337454 0.0282747165929504 -0.05094878593306 0.00569359442197707
-0.0650203569183372 -0.027003424153688 -0.0370470211688777 -0.0248987702353343
-0.0332872816736253 -0.0732816471350392 -0.0028854718253313 -0.0296597770762771
0.0337309733644941 -0.0701097025491236 0.008953534568635 0.000524579900436989
0.0723016111331596 -0.0392909401479178 -0.0626371972197289 0.0267688359269878
0.0302553265070942 0.00519395729889536 -0.0859785477701521 0.0815132116802868
0.0448020009082465 -0.0135678614737818 -0.0895941962561916 0.0477959379320292
0.0242993011215024 -0.0476899071452175 -0.0789103153157413 0.0398273546968592
-0.0130290360321429 -0.0497255927676259 -0.0564561632940554 0.059108298008664
-0.0414113342792136 -0.0154615899124179 -0.0233853982076185 0.0621688389672446
-0.0336400702575878 0.014701192349056 -0.0145901760442143 0.0558149410966089
-0.0216014901811206 0.0262908791862819 -0.00961976408282719 0.0609782147949213
-0.0147047636124692 0.0342137796817372 -0.00701908252660607 0.0644396531525224
-0.0147589049540181 0.0387917850553074 -0.0253732838469628 0.0663188598720341
-0.0264130754693175 0.0305644747961294 -0.0504725400011083 0.0503211548333662
-0.0404211379828152 0.0154320817721116 -0.0649001382498077 0.00929032602163825
-0.0412512868790905 -0.0269664064828015 -0.0451124641346475 -0.0266837507339833
-0.010850285008615 -0.0548145270207974 -0.00783317031018928 -0.0333061826895462
0.0375418325082907 -0.0380406783083725 0.00407098188609873 0.0057421012092077
0.0495846362967078 -0.00102581143875058 -0.0804798836437641 0.0355487149119171
-0.0214306430494844 -0.0237652973362861 0.0693919835513377 -0.0672337522600999
-0.0248259802964202 0.0122603788925117 -0.00256927236189207 -0.0204510099434769
-0.00485444666091807 0.0278787751289654 0.0169988705342567 0.0383950622802371
0.0172768969676004 0.0133114926638464 0.0613163379144634 0.023846323176569
0.0166781467934205 -0.00620250873459038 0.076270616872495 -0.0262083368251743
0.00745110667010408 -0.00773622805191916 0.0520647589743357 -0.0704678271649423
0.00898902616912808 -0.00663384428053679 0.00958967949870662 -0.0838234100808886
0.0105038147694488 -0.00591046540800332 -0.0159248449824811 -0.0746048351694317
0.00998942593369933 -0.00231182215797847 -0.0118354200302479 -0.0676535727651618
0.00792274969296064 0.003486174978555 -0.00103419148151568 -0.0658678807781224
0.00522905448605917 0.0137407483803129 0.010247764707893 -0.0657920399548114
-0.00982996293253097 0.0215795013385458 0.0287728595515366 -0.060935418630846
-0.0322915335768106 0.00873700734764164 0.0490209487839144 -0.0508865901539804
-0.0303777633813844 -0.0217353616378007 0.0443723975880553 -0.070301992522753
-0.0108796256998589 -0.0428587924257386 0.0446853768929687 -0.108413714022805
0.00275845599521199 -0.0681001802826868 0.0653453574836078 -0.0507900285280628
-0.0259564934778815 -0.0341008134743484 -0.00969081602164192 -0.00916502940231288
-0.0352758193986011 -0.00639816050980691 0.0151286664852029 0.0580055286825004
-0.021227421374576 0.00965284175646936 0.0693335870454005 0.0415314781141096
-0.00762004546567755 0.0157678454630278 0.0905110720083021 -0.0210712164695486
-0.000484249666314451 0.017624989321759 0.0599984918936718 -0.0691042910913854
0.00855494431630246 0.0225995761826028 0.0163185515066149 -0.0828444158472631
0.01348464289576 0.02402233775355 -0.0121840922759449 -0.0720259983067734
0.00998242807883499 0.0287077068111465 -0.0115461496601999 -0.0637842809374507
-0.00520239621763898 0.0271510768438611 -0.00342533566046467 -0.0590676979620499
-0.0219125053173014 0.027576621516319 0.00526641226678788 -0.0596070697567508
-0.0448293064306646 0.00958985122379886 0.018388686288521 -0.0566440095494748
-0.0542732074335162 -0.0261082388510741 0.0365473889186494 -0.0476617870104823
-0.0233538213795683 -0.0628309378005477 0.0302013455164841 -0.0691460271207565
0.016459116558487 -0.0832643027546183 0.0307512974664005 -0.0997660093004139
0.029404937746384 -0.101688089653301 0.0531601106200983 -0.0247422865209873
-0.0166559771106087 -0.0800026172327417 -0.0236224776899761 0.00738558644329805
-0.0604115300297498 -0.0476413115512489 0.00431403938264647 0.0801303909525931
-0.0623669725158138 -0.00285153064266008 0.0690551201666361 0.0647854339355311
-0.0385769576908039 0.0347779834659554 0.0993323733376889 -0.00639581568630559
-0.0131515354704391 0.0418186049806316 0.0647901436896577 -0.0577768222158422
0.0047837149480201 0.0496017366560386 0.0222967759852702 -0.0704983601371454
0.0153161617988443 0.0513999918036793 -0.00663360113471566 -0.0586518988969006
0.0115737207720214 0.0559411971140757 -0.0107852751686219 -0.0490741655972589
-0.0125974468622186 0.0481828462308541 -0.00877489251422255 -0.0434106316741328
-0.0396021753149186 0.0441371430766403 -0.00568126576992348 -0.0488068586412339
-0.0745053714604691 0.00774967480995202 0.0031996850377535 -0.0508829136380849
-0.0767241071318172 -0.0474829383383601 0.0232571412739936 -0.0443802871248455
-0.0237799204593446 -0.0922475347872365 0.0171949417818497 -0.0601555704326467
0.0362631016433852 -0.112618849374271 0.0106698253755473 -0.0777020510217373
0.0541549355334029 -0.119970504029145 0.0304459038389198 0.00839914282059603
0.000928301255067073 -0.115526335139521 -0.0413977363713966 0.0279779014583875
-0.0725178614217358 -0.0890515462782038 -0.0136120493694277 0.0981296719243264
-0.0960713243377657 -0.0222936493746154 0.0563223852802297 0.0881351440302632
-0.0689445626486973 0.0442942074658163 0.0962365039991246 0.0156515195843518
-0.0275699488092213 0.0601628140298046 0.0631174551222521 -0.0360791570189141
-0.00103417988429592 0.0692333409236358 0.0260382862767976 -0.0482308881031761
0.0151891439285531 0.070100798614986 -0.000930618361628604 -0.0366524346385059
0.0136282145286435 0.0744483522632684 -0.00935585453862236 -0.0265699120285595
-0.0145592726105857 0.0629627068682144 -0.0139014040840061 -0.0210612092968616
-0.0474111728204118 0.0575077549993719 -0.0170118460118442 -0.0321767947193943
-0.0914623399608171 0.0115587939114906 -0.0104494903591807 -0.0410859961113647
-0.0919696500785131 -0.0562128183521425 0.0113621211262792 -0.0394272590504876
-0.0256658594087925 -0.107048270190129 0.00967015914616832 -0.0461141431909569
0.0480756591978323 -0.125912085997513 -0.00814420911299514 -0.0471544099902867
0.0700196348128997 -0.116112742270216 0.00164731264962726 0.0441495226280333
0.0225378089230311 -0.128427114537276 -0.0603477986201556 0.0479179742680534
-0.0647842281896703 -0.1163354044607 -0.0361263171409995 0.105284547619613
-0.109153983116849 -0.0448690852742241 0.032253343561971 0.102322485283273
-0.0892663536582871 0.0412289768991459 0.0788717806652077 0.0384683080585581
-0.0395825073740663 0.0674199425478637 0.0529859148909285 -0.00841263206344945
-0.008090770034485 0.0778864893673805 0.0260701903788628 -0.0178182999708246
0.0123806839710481 0.0787411079230183 0.00505870274928377 -0.00876152294264275
0.0135441308742036 0.0821852712359448 -0.00661775050605155 0.000634756653208534
-0.0140214715901335 0.0693184175655313 -0.0170498745617046 0.00447822211419548
-0.048880642771052 0.0623641552375091 -0.0266053447103821 -0.0127854371533012
-0.0944508431115157 0.0115807806389955 -0.0226741628038794 -0.0294391321669392
-0.092337330690986 -0.0598524382820148 0.00235410913028327 -0.0333529369895452
-0.0211713029600539 -0.108207602203003 0.00813564669492343 -0.0294636609809581
0.0549847729726554 -0.120271232978559 -0.0246164756888737 -0.012170604663677
0.0709427293802508 -0.0928447197289253 -0.0269791762817744 0.07525588223078
0.0406646791285689 -0.113269769582117 -0.0738290010631987 0.0630959290749681
-0.041762670261704 -0.118751708425694 -0.0547517142031567 0.0992591955699013
-0.0974604802484295 -0.0593825714001225 0.00312048643674936 0.103339499940881
-0.0914680075959407 0.0287029577176697 0.0513642993256803 0.0559174542195162
-0.0440595880205942 0.0621169658118873 0.0371286239382031 0.0196267815593478
-0.0126353747656508 0.0738173569739021 0.0227859173322493 0.0131404511414239
0.00812313282331545 0.0752558139227421 0.0100722609373655 0.0192119457211177
0.0107107744288636 0.0785079479170149 -0.0031827298790198 0.0277404163190714
-0.014707605582908 0.0664136928815401 -0.0203733586839264 0.0281823198296586
-0.0462740271428214 0.0578290039043561 -0.0357210175132824 0.00531903620942324
-0.0864742171005559 0.00550310781329046 -0.0320702115983153 -0.0186036531225605
-0.078740058449222 -0.0603622654871106 -0.00504368398192783 -0.0280290607269171
-0.00850907317662395 -0.0973224139679665 0.00801908574933998 -0.0143090846545028
0.0582923183001067 -0.0971923838355011 -0.0394128885230562 0.0190885028294322
0.0562785776451282 -0.0529839424350649 -0.04802711359786 0.0968658699587655
0.0447545075465521 -0.0766310085332231 -0.0786017710834138 0.0729301374454676
-0.0154796743695699 -0.0943835133924013 -0.0631226217349085 0.0838215626543646
-0.0678775792044944 -0.0576593837410938 -0.0192349063400254 0.0917619845250767
-0.0738346195366599 0.0140371768517245 0.0215852218226314 0.0637493137925842
-0.0389287174150962 0.0470046383316476 0.0189711787286395 0.0421044350898428
-0.0136591157199657 0.0581680061279852 0.0180167458459364 0.0403786829680697
0.00294454350642511 0.0605046702082863 0.0142242341472874 0.0437316525825537
0.00556946013337423 0.0640755726860214 -0.00145678019277309 0.0520044008476478
-0.0150605818056965 0.0550712320743632 -0.0242204540452158 0.048587642382503
-0.0415400788824727 0.0447256075780244 -0.0461906087455939 0.0202435297074431
-0.0707715335478938 -0.00379725269416186 -0.0409498734621581 -0.0120830907605057
-0.0553396773684805 -0.057234576420023 -0.0116105381313752 -0.0262317720309857
0.00820709645337436 -0.0770801554056173 0.00768144356433031 -0.00266220220112758
0.0566031366658014 -0.0611203070034572 -0.0528194434378854 0.0434723236660504
0.0310680536948145 -0.00443370471293834 -0.0552933683269096 0.1064781806675
0.0381077216465019 -0.0280505278021626 -0.0706555646749295 0.0765529824335913
0.0062109445214727 -0.0528898536305339 -0.0609358072048625 0.0656679957991525
-0.0307147271385799 -0.0416223614835257 -0.0316393701612053 0.0757274479714948
-0.0440293900329694 0.000839449447729042 6.19818637314561E-05 0.0658901856554916
-0.0261145936331382 0.0257466412079616 0.00587841421421362 0.057036106793418
-0.0112559877139551 0.0330821431526798 0.014088193463224 0.0592999247352619
-0.00191797820832033 0.0371208975632087 0.0160033846447239 0.0613227755532411
-0.000148695310363376 0.0411537379519387 -0.00153735069730557 0.0697032537541276
-0.0143546352915689 0.0377951378649354 -0.030604218185785 0.0624985251846124
-0.0326917379982698 0.0280530246358508 -0.0571832475175255 0.0288860206362834
-0.0480177083315493 -0.0114089252943665 -0.0496281978136429 -0.0109189430139329
-0.0282156305500366 -0.0476253564156386 -0.0179278164207972 -0.0286862095359556
0.0225472866551328 -0.0484688419097506 0.00451083187028662 0.00340430175716083
0.0472477681438409 -0.0171839247033496 -0.0648861039122866 0.0571611263930712
-0.0219298260584466 -0.0236624985742451 0.068343158539591 -0.06910275671793
-0.0248944834766425 0.0131623201549526 -0.00367543052130099 -0.0198285536614782
-0.00396740616525538 0.0279686864526224 0.017433677154558 0.0394968357164343
0.0180279376655528 0.0129589884014359 0.0625911235751554 0.0233597889260068
0.0160054518799199 -0.00696104564319208 0.0770737857299204 -0.0277540466142016
0.00717265568878819 -0.00833010469919219 0.0506075838677497 -0.0721176768234068
0.00892317670820778 -0.00725542643921023 0.00701277780240574 -0.0839182237136617
0.0102877578479501 -0.0069572628082443 -0.0180026307814932 -0.0738332430102705
0.00998615608314202 -0.00260521899287841 -0.0146247342054553 -0.0679258744161018
0.00842229384445783 0.00345180174031094 -0.00330490592686674 -0.066789161082377
0.0055823084430285 0.0135936394832068 0.00843731506003482 -0.0672036610970097
-0.00913284705239644 0.0219854614893469 0.0286669753941747 -0.06230856784486
-0.0325558831831744 0.00985874163524827 0.0495105363369829 -0.0519092339594626
-0.0309454461188333 -0.0219017245145314 0.0444917074029258 -0.0704682049961632
-0.0122280414996306 -0.0432413190740785 0.0426975187987981 -0.110028191577493
0.000581151200079838 -0.0688815360487917 0.064689268074824 -0.0517278422083754
-0.0268489027138523 -0.0339728594678645 -0.010575086906172 -0.00809384824534482
-0.0355069007698805 -0.00482282472732076 0.0158999455080376 0.0585645057344612
-0.0213558251603822 0.0100677033974843 0.0710117375081185 0.0412898420755089
-0.00778500577421878 0.0161465107725207 0.0913796879012296 -0.0226250321843336
-0.000226252252275175 0.0178234835999686 0.0590685639474133 -0.071468205652788
0.00949428502838571 0.0221244724487694 0.0141007617719514 -0.083380035229656
0.0145750586391936 0.0233674982141185 -0.014673310246931 -0.0710365591565671
0.01163767655394 0.0286054369220282 -0.0141849398792899 -0.0643697476632844
-0.0048694123253043 0.0271328081238937 -0.00586132016398708 -0.0602551608083519
-0.0213457314885924 0.0283529381531173 0.003465518109854 -0.0609559062188912
-0.0451061009704033 0.0108276402568291 0.0177302649216487 -0.0577127780343392
-0.055462762334268 -0.0248676132405954 0.0370508484132062 -0.0489549690565681
-0.0248137220989443 -0.063102768260307 0.0294743687356688 -0.0687548825999583
0.0146920643774249 -0.0844726286366774 0.0288746604795467 -0.100452767590022
0.0270250876383758 -0.103650042994129 0.0526967789349973 -0.0257126472456298
-0.0184271916507848 -0.08037969043834 -0.0242355370560622 0.00844238183855445
-0.0619038978342781 -0.0463111710091761 0.0052542414397088 0.0817731946723345
-0.0632832859443103 -0.001246042812441 0.0708454638197696 0.0649864754671924
-0.0381091148540404 0.0357727711990413 0.100214432688777 -0.0083365561985541
-0.0120432024457335 0.0422388844991624 0.0640476594860787 -0.0597043608299295
0.00618155559390717 0.0492100763951638 0.0204738699888959 -0.0711481495349628
0.017273147772667 0.0504531195668499 -0.00928116487258145 -0.0583492475451748
0.0135591849502557 0.0555138204500092 -0.0130398843660041 -0.0494922864196834
-0.0116484091852385 0.0483558046761488 -0.011127200757355 -0.0439994913340278
-0.0389597122439231 0.0451390418541283 -0.00746102108181911 -0.0495458345660642
-0.0748391844974349 0.00986072358607379 0.00312293062195789 -0.0517067797392782
-0.0783765125814704 -0.0454329868568525 0.0239613831136413 -0.0459542372815846
-0.0257389201338679 -0.0923555156617228 0.0166875509736774 -0.05990876366945
0.0337657349595057 -0.114871697556467 0.00944197404254829 -0.078247533685489
0.0511068680411516 -0.121732549351251 0.0304254520862174 0.00855726351438091
-0.00187413180224897 -0.116151022427538 -0.0421896346147776 0.0292323622382086
-0.0750991272132175 -0.0871640374539064 -0.0129798295313538 0.099948609797549
-0.0974756058711685 -0.0199835678187888 0.0582802407787242 0.0886998841075114
-0.0678792748045405 0.0464788339737971 0.0973079920571176 0.0134663211907228
-0.026324554351037 0.061283043934194 0.0630780954105391 -0.0373968882460645
0.000507504487975079 0.0694529944974208 0.0245665920877737 -0.0488483377659091
0.0177154122757128 0.0699691043457519 -0.00237940191513962 -0.0369761490295146
0.0165845802162585 0.0737134577619886 -0.0113860288218886 -0.026708795444295
-0.0128791814269724 0.0640172125583597 -0.0149009067320101 -0.0212526046031276
-0.0460456255591835 0.0590838378522834 -0.0183116147130155 -0.0330176737682997
-0.0919152020020567 0.0138945193659276 -0.0114338061020872 -0.0417476550219455
-0.0944986575383244 -0.0536316460940462 0.0115261985951591 -0.0412013211223899
-0.0282633588181635 -0.107599100085445 0.00929160854084384 -0.0459562144176691
0.0455624383710755 -0.128332932820372 -0.00945120599654792 -0.046669218807957
0.0670379260768411 -0.119176934059569 0.00188988903216609 0.0449267000954193
0.0201355765550606 -0.129574480243986 -0.0601789466830851 0.0492443408896833
-0.0681527799258007 -0.114850464623135 -0.0357387892463478 0.106882192910222
-0.111435655618204 -0.0423584335116466 0.0338125402958475 0.10396157785712
-0.0889524475668357 0.0441290278840921 0.0809930095316188 0.037430880277649
-0.0381240493807362 0.0689735674469497 0.0537475326689002 -0.00900547696716534
-0.00625448703857264 0.078323521635205 0.0257538225343927 -0.0191066956765803
0.0152676699029092 0.0786827197121456 0.00458663540283848 -0.0090634522788908
0.0164046349695205 0.0816083603279645 -0.00708508661712878 0.000627528108627042
-0.012753509283699 0.0702559721103437 -0.0179922784175443 0.00438751568881526
-0.0467616166239934 0.0638862426388433 -0.0280698887031927 -0.0131935247853785
-0.0950083706813017 0.014156874842899 -0.022867734886725 -0.0300370792570735
-0.0944055719177474 -0.0570976400177914 0.0023542087229033 -0.0347226103694625
-0.0236763489162175 -0.108323331668375 0.00741563575400076 -0.029657392167978
0.0524568114988085 -0.122863124826091 -0.0254056427816565 -0.0115601404824069
0.0689220884677319 -0.0947350512034784 -0.0262698710952914 0.0761177831705525
0.03912323759351 -0.114761515077121 -0.0740362689727474 0.0642863398778871
-0.0439316944111554 -0.11768888209011 -0.0544667995761844 0.101143777948857
-0.099596883778044 -0.058150212000464 0.00464100638030317 0.105129126690724
-0.0912296677187428 0.031127267633193 0.0529764747231123 0.0554512847209435
-0.0425871723810524 0.063632876379224 0.0379345331058309 0.0190684772500139
-0.0111358882519137 0.0747136754552308 0.0238655608453449 0.0120616661696743
0.0111904347102796 0.0756613833265581 0.0103046963319728 0.0183373653234384
0.0135234987015962 0.0784491126551656 -0.00299831711254471 0.027805499784044
-0.0131143344273811 0.0672103441026666 -0.0198330952700581 0.0283512362284567
-0.0446350785314834 0.0590560478594518 -0.0366639842387514 0.00574420699850856
-0.0871324717822373 0.00759623504166658 -0.0327808196619625 -0.018857711903134
-0.0810275564795591 -0.0582002388531455 -0.00497701333910779 -0.0294133632881381
-0.0102892201120632 -0.0976315894326291 0.00736477976161843 -0.0149254390443629
0.056635827798895 -0.0992634643914391 -0.0393139022154102 0.0206041292742632
0.0553859491400971 -0.0543524553034759 -0.047269195801685 0.0985427712833211
0.0445408937239425 -0.0774271148443025 -0.0783608040424376 0.0739605883292116
-0.0169043502843936 -0.0943436363622915 -0.0633348674547799 0.0851372208787062
-0.0698067096602451 -0.0567600619933739 -0.0187042256932428 0.0940935965274246
-0.0741320854558933 0.0161582706260206 0.0240127966221243 0.0643348337519733
-0.0375758254450019 0.0482710935563093 0.0207963673883122 0.0427499753087412
-0.0120786918094418 0.0590618642538316 0.0198930492028098 0.0397954794136818
0.00501550389068093 0.0612076096196274 0.0159210529451283 0.0426583970112305
0.00807931027674586 0.0640079835308095 0.000224955896531944 0.051569814379519
-0.0137431666655891 0.0560797801028544 -0.023386503183262 0.0489068406222099
-0.0405893033647372 0.0461948895906225 -0.0459694393793679 0.0205357058056595
-0.0711107799218424 -0.0027103594947998 -0.0415042474899612 -0.0125465570670081
-0.057116804524753 -0.0559780218807106 -0.0121201920377042 -0.0274872083424438
0.00627677816459504 -0.0775860817351319 0.00675937119233893 -0.00336887655478052
0.0553453445467104 -0.0628272918869114 -0.0523576366868842 0.0448888285721697
0.0305273834573658 -0.00501106227190648 -0.054092457786909 0.107760299917399
0.0380666115530548 -0.0286273893620621 -0.0705674046709777 0.0769344922120672
0.00520804269409183 -0.0530439844330058 -0.061201517515372 0.0670997155559066
-0.0318596099347364 -0.0415083836667625 -0.031669145118387 0.0779280507117567
-0.0443593022679765 0.00230392982595916 0.00193708648056354 0.0668526037733424
-0.0253985145646821 0.0269585281493141 0.00816987363977612 0.0574427200331873
-0.0108597132196953 0.0340395838522442 0.0166388478370376 0.05904034604717
-0.000718450975527005 0.0377185090594678 0.0179771861735329 0.0601405618645322
0.00116666716199808 0.0416318997813348 0.000616963730781225 0.0693366017906718
-0.0132225053295341 0.038857022702806 -0.0288660693424963 0.0632300112923123
-0.0321076173601706 0.0293947911248218 -0.0572437125101957 0.030399582270916
-0.0490295183838396 -0.0105420952211656 -0.0503533632629421 -0.0109581279296906
-0.0296205224320743 -0.0471818917332969 -0.0185530464153042 -0.0296656347379664
0.0214369211998256 -0.0495459218113981 0.00460901137145945 0.00269899072275804
0.0474675756306915 -0.0186558080485673 -0.0643331899024935 0.05934441675095
-0.0233118526187506 -0.0242828568168778 0.0682109896973554 -0.0714149305937362
-0.0251786428109527 0.0137095143356335 -0.00505463223657636 -0.0194294771966923
-0.00375467683787785 0.0284612486852509 0.0181192092991061 0.0409091514077354
0.0188143120595816 0.0129889069407938 0.0646925652439035 0.0232872596598914
0.0161226745385941 -0.00773296440304106 0.0786529257559255 -0.0302115417574337
0.00702138200436149 -0.00849370339917156 0.0502680183686361 -0.075274594352429
0.00879212820501671 -0.00810716558877241 0.00492188569895591 -0.0848540769826228
0.0101884066995851 -0.00780816384627736 -0.0211021240531894 -0.0731410670075226
0.010906204690297 -0.00330227803477812 -0.0172632357082394 -0.0690860808511331
0.00857442178620235 0.00360534902273037 -0.00617910229025745 -0.0688258409406009
0.0063631315774691 0.0140244556389768 0.00676837826156859 -0.0696343744992592
-0.00826666447406521 0.0228616766542017 0.0283976524551415 -0.0641818284643366
-0.0333608968459787 0.0113270506422799 0.051173963959621 -0.0540360752710375
-0.0323804562070983 -0.0217290523036139 0.044971026339267 -0.0717212447595833
-0.0136462733302838 -0.0439204671448306 0.0417280052926973 -0.113075390262678
-0.00163861411967695 -0.0707180220273026 0.0649780999142255 -0.0536745966595241
-0.0286087308121558 -0.033987434677149 -0.0119282688812463 -0.0072602652059323
-0.0365805606386269 -0.00400555943960758 0.0170069458637254 0.0609814261334048
-0.0214793370705167 0.0108420099024316 0.0736038154400316 0.0412359016319231
-0.00748829745183297 0.0165699005520111 0.0932683098604918 -0.025703067651249
0.000169480336120109 0.017949226108498 0.0585404160614598 -0.074469167504965
0.0100187519237749 0.022389184237322 0.0117896020918437 -0.0849034435878056
0.0158357923866926 0.0226879131094588 -0.0174993368438642 -0.0712172006577868
0.0129267067763144 0.0281505617486046 -0.0173709221480287 -0.0652012383066062
-0.00399534393554042 0.0279067995853866 -0.00846183855237296 -0.061880054056589
-0.0207710334123885 0.0296794132234312 0.00158781828518487 -0.0630912791534027
-0.0455923496811972 0.0121662130482923 0.0176218765754197 -0.0593516745370655
-0.0573737923974262 -0.0234111717374879 0.0385463120196911 -0.0506984297321322
-0.0266146511495746 -0.0640475863853227 0.029249927545481 -0.0698999963197033
0.0127446298434329 -0.0870929904606278 0.0274954148985481 -0.103396519784694
0.0248147683280538 -0.106980921954727 0.052528348520974 -0.0261795283307121
-0.0205022452118491 -0.0816955138890458 -0.0255344892998131 0.00984544817760993
-0.064327161508683 -0.0449157222777753 0.00635601447593905 0.0842136448632388
-0.0651656385837304 4.19169327525639E-05 0.0736802106929046 0.0666008608092295
-0.0379041407517573 0.0375820950876118 0.102874484104074 -0.0108152575297241
-0.0114216069459039 0.0434525128488007 0.0643342876952833 -0.063023490547896
0.00754394602301125 0.0501701558123593 0.0188984503767858 -0.0729523133510015
0.019349232713503 0.0503963333397707 -0.011635289894898 -0.0584323402107502
0.0158300987481899 0.0558461435281142 -0.0156907414227926 -0.0504350524941777
-0.0108377638468651 0.0503469870179989 -0.01301340201026 -0.0452383162796999
-0.0381366114734703 0.047364187324262 -0.00963014806658996 -0.0517646386897643
-0.07604478246075 0.0120164786371716 0.0024881265107858 -0.0534715653197625
-0.08145478889896 -0.0440015271811542 0.0250789411223679 -0.0480807933483188
-0.0287873587588107 -0.0945090580279672 0.0157624735613845 -0.0605970837638193
0.0311902129702547 -0.118429130983136 0.00768672629989244 -0.0798613247216314
0.0487199148345226 -0.126187672474193 0.0308025685414813 0.00897276430808271
-0.00419940690408592 -0.1187599111472 -0.0430698629055253 0.0308010100193611
-0.0787948338776172 -0.0859136372562249 -0.0118817259576753 0.103203068230878
-0.100636678652643 -0.0179967199756101 0.0612777456107626 0.0913518962435284
-0.0681435801792434 0.0492507239501247 0.100243662608768 0.0115660628420488
-0.0252577538079449 0.0630446807599126 0.0641013149443293 -0.0399727512974606
0.00252280149072789 0.0711697032813051 0.0241287131234595 -0.0503943643079845
0.02066791572825 0.0702756881691501 -0.00400375320484766 -0.0368526471200058
0.0192780589594649 0.0745602914061673 -0.0126878252929548 -0.0269140507986287
-0.0116268936836385 0.0654227307872932 -0.0168153419793102 -0.0220472814684607
-0.0448351947325061 0.0611711225938622 -0.0208186235401423 -0.0343000346522217
-0.0932797580721034 0.0164494493506424 -0.0120760099286151 -0.0432278089330292
-0.0979663356709994 -0.0516032719826873 0.0123972554190555 -0.0429066481677103
-0.0314492136812538 -0.109690517709122 0.00851966102908806 -0.0467304986775321
0.0427343791808198 -0.132918136226369 -0.0109604592437943 -0.0472578613428845
0.0653550321030783 -0.123058525987747 0.00209878861552867 0.0461741348949121
0.0185106144943664 -0.133026410966929 -0.0620816915168391 0.0515031372570386
-0.0719604501177575 -0.114914149003361 -0.0352740014960337 0.111052816700394
-0.115184128776536 -0.0411421283676047 0.0360018445712534 0.107484312991579
-0.0896587994931691 0.0481252285820012 0.083642894666907 0.0362500114368048
-0.0371988613824054 0.0713236577552137 0.0551203130399893 -0.0105986307750174
-0.00418545248337154 0.0802905214801386 0.0258593298258902 -0.0201902870731485
0.0185970223114737 0.0798173326044732 0.00418248356773447 -0.0100426181204457
0.020082064724279 0.0825554705811281 -0.00745502087922517 0.00068981950319958
-0.0113253733768748 0.0719300216197085 -0.01809020174266 0.00420220070980466
-0.0458693311329346 0.0665081253262156 -0.0298413307919541 -0.0134856537855807
-0.0966973307891015 0.0171491024061554 -0.0242293584932883 -0.0307024182138492
-0.0985421182187113 -0.0550424596474603 0.00252948574636219 -0.0368446650222114
-0.0271422495713177 -0.110168624006888 0.00701558420743562 -0.0302703974072522
0.0500589071721703 -0.12719099036618 -0.0263284297545629 -0.0107932269724873
0.0679604535671486 -0.0982447091439439 -0.0256223716348008 0.0787119096847802
0.0380763151715557 -0.118185817667787 -0.0753058623438027 0.0665332704097347
-0.0478047227325747 -0.118801415438886 -0.0550080246851917 0.105104259573713
-0.103616734210939 -0.0575035936944866 0.00599667494361173 0.109049506412921
-0.0922383736701937 0.0347249366519193 0.0560925008834689 0.0557677176288898
-0.0420192890421802 0.0666654572618614 0.040225268121756 0.0189647117161594
-0.00885381256247837 0.0772770887067237 0.0251387669435322 0.0117713928137995
0.0139771646344029 0.0767022648725089 0.0112952958954725 0.0175911859362893
0.0168517238593255 0.0792137409232312 -0.00212913615202788 0.0277332298034155
-0.0115924829397345 0.0691689986134964 -0.0195809587823131 0.0290441192204462
-0.0436967719687022 0.061088068549076 -0.0380251253193258 0.00624204473632642
-0.0892255531888326 0.0102994572217454 -0.0335695092396905 -0.019590590938874
-0.0840971366098948 -0.0568710661587512 -0.00558910967244143 -0.0315601850870043
-0.0134692099974927 -0.0994036355094384 0.00751955270087777 -0.0151265188405947
0.0548170829323901 -0.103452440436823 -0.0400297900680885 0.0225049501008664
0.0545821875156599 -0.0561739206630062 -0.0469047344584173 0.101645207297453
0.0443840388192467 -0.0804859874249918 -0.0797648781502779 0.0767567467308138
-0.0189368148732586 -0.0952302324354549 -0.0643261789197887 0.0882733995391833
-0.0723312687397265 -0.0575218076051532 -0.0178790880084812 0.0973750352253988
-0.0754623244736941 0.018467691638054 0.026557416414852 0.0656288208700904
-0.0368709125642784 0.0505541094320351 0.022816668177301 0.0435354980405234
-0.011104426490634 0.0608922495220194 0.0222358016920567 0.0399165274813044
0.00778189858137956 0.0623714712775118 0.0171734795670896 0.0422193939726593
0.0101167363502372 0.0651041861671601 0.00170331455210306 0.0517399394614832
-0.0125092271315981 0.0579156843833969 -0.0225489896860228 0.0501816340692538
-0.0396686243213146 0.0484119961985976 -0.0473863479755149 0.0218023293152075
-0.0733680450688197 -0.000364553307631507 -0.0427816835688013 -0.0126055103922553
-0.0602083649456063 -0.0557136864927949 -0.0127678220810207 -0.0296321168052366
0.00499947962739847 -0.0794349814738278 0.00696163385910125 -0.00409159778416679
0.0551700866125528 -0.0661101380081019 -0.0526943999979289 0.0479847243510498
0.0306714945497008 -0.00528038446438666 -0.0539397922846002 0.111003802468857
0.0390704185305549 -0.0298803706675892 -0.0711232576828396 0.0790272064180444
0.0042553060429909 -0.0542328197923289 -0.0626453629276097 0.0695043502514814
-0.0338712449876544 -0.0420828918335318 -0.0311023131821741 0.0814074495101057
-0.0452830866430817 0.00351144183749991 0.00365272585664238 0.0689884987306596
-0.0246000009996642 0.0278858694893857 0.0101097227732239 0.0591798117231419
-0.00988415820125502 0.0352333769165807 0.0190304097234666 0.0589946224818813
0.000679876296318322 0.03871271364422 0.0202534703292095 0.0598118392198549
0.00293058076360668 0.0424596413518263 0.00275114416952969 0.0697453911575551
-0.0122157524155985 0.0402297407839982 -0.0277106645556606 0.0650303025804052
-0.0322233888994721 0.0306850435644016 -0.0578722867426992 0.0316430098671903
-0.0511895400468606 -0.0101256897863167 -0.0524709891985145 -0.0110135839257731
-0.031546805977372 -0.0470827085182572 -0.0196618939547399 -0.0310997084014784
0.0207859072823307 -0.0506339925898354 0.00462818637375603 0.00218757300600173
0.0481847927682821 -0.02034946980726 -0.0644830124803246 0.0624030842366143
-0.0250602464682843 -0.0243174397035287 0.0674307099998099 -0.0758853991121462
-0.0255909967172373 0.0152415901723622 -0.00645118237997107 -0.0192429745878639
-0.00265971494283848 0.0296656113746842 0.0200590211163268 0.0429525019386599
0.0201792915505292 0.0129477973541179 0.0675920887070883 0.0221514002181148
0.0158695034688398 -0.00866099455227303 0.079866018883481 -0.0338730315714299
0.00686131118752534 -0.00933298874606071 0.0485234684495737 -0.0796998795448368
0.00880110684681628 -0.00833143158486576 0.00157334114657515 -0.0868240604875081
0.0101087757034875 -0.00910667651199306 -0.0246378773955543 -0.0730399897159645
0.0107926230219869 -0.00428105858559288 -0.0219532346971371 -0.0698061848616323
0.00893168029469631 0.00312980258207948 -0.00997917042777018 -0.0706011669043378
0.00704524789602431 0.014380408602317 0.00403057707199272 -0.0723680024244994
-0.00779696691281575 0.0236903447045741 0.0271089656890371 -0.0674799227505831
-0.0333177537021156 0.0134715658417046 0.0522603661390417 -0.0576073317944978
-0.034517083045259 -0.0208638515845371 0.0443610292271931 -0.0736550118872494
-0.0158965512436787 -0.0447395821763626 0.0387561082750447 -0.117464411047645
-0.0045326195875052 -0.0730048678621697 0.0646538757626646 -0.0573860773017054
-0.0306442023692523 -0.0336227434617491 -0.0129787875075039 -0.0065434480155195
-0.0375237005344669 -0.00220811623804852 0.0191231333330333 0.0631822413790524
-0.0214248304301764 0.0122022291238404 0.0773434065093513 0.0403008577063036
-0.00694175725995616 0.0171845262737202 0.0949472889905741 -0.0301426664125267
0.00106701642694404 0.0179434313396088 0.0571597189055646 -0.0793815840882595
0.0114292070635184 0.022686164674237 0.00841096256139865 -0.0872905030650754
0.0176192847942213 0.0222575220373002 -0.0211664862933923 -0.0709968829765041
0.0146979952372374 0.0277289809263676 -0.0214446462393624 -0.0657099777664427
-0.00318461850324221 0.0291596495833115 -0.0123648873489167 -0.063493827595518
-0.0196662472140452 0.0310858318213257 -0.00158763780984287 -0.0659527168271263
-0.0465025850542841 0.0144441943375355 0.0165320598872167 -0.0624447169990909
-0.0596448824993163 -0.0209412415686238 0.0391643327966235 -0.0541446107078579
-0.0302419565588395 -0.0645553500390079 0.0281103858129312 -0.0713403466759073
0.00934849579459695 -0.0907315115262484 0.0242189023073148 -0.106850840204281
0.0203587774367299 -0.111097527672515 0.0532609392429445 -0.0282356480788689
-0.0248607995863715 -0.0834260696855447 -0.0266397210936849 0.0115892563970232
-0.0676353150615416 -0.043305914707863 0.00910926806539064 0.0871735338737667
-0.0669935931289605 0.00314793334667453 0.0784891661050528 0.0667341903588789
-0.0369899515692169 0.0400594750824063 0.104899065255468 -0.0158326498601611
-0.00990001417746184 0.0450449607393876 0.0638372844794266 -0.0672240042286611
0.0103932625707042 0.0512921842958461 0.0159779423644308 -0.0756595872788584
0.0227676907832636 0.0508016637517885 -0.0149466640366561 -0.0585645165321392
0.0196269721560671 0.0556576187556347 -0.0194604981589574 -0.0506832211407184
-0.00931090128844503 0.0517201685720022 -0.0165366529304999 -0.0461008683434305
-0.0367424496779755 0.0500732902638352 -0.0127616241976655 -0.0534393206481883
-0.0776678901830824 0.0157800174903852 0.000730368798676203 -0.0558627287307494
-0.0856591040464854 -0.0407894034048807 0.0249112017672836 -0.0510619068201757
-0.0338688847897413 -0.0957701265513818 0.0146667646493981 -0.0617724079025423
0.027072728594268 -0.123594292350012 0.00465848794100021 -0.0816625057857833
0.0443635844273138 -0.131522097032476 0.0313769918820526 0.00872063312813679
-0.00927086054594034 -0.122437429325955 -0.0440555906349874 0.0335633976270477
-0.0843039490477065 -0.0847893074993297 -0.010023632119241 0.107470610369083
-0.104708914840576 -0.0145010414942486 0.0663103625799799 0.0931551298337128
-0.0677780747725446 0.0536837339009416 0.103932549264385 0.00765447164898932
-0.0231119667947633 0.0657293240850715 0.0644456602261521 -0.0438546632618714
0.00554520191421987 0.0726504491453029 0.0225424257362011 -0.0523074277419062
0.025553167457202 0.0707502393448286 -0.0065468839669771 -0.0371621671596082
0.0240615930172194 0.0741550411528808 -0.0149030386547731 -0.0272509731302932
-0.00949757162434956 0.0674686665134305 -0.0192805712147024 -0.0224342327374645
-0.0429340507448484 0.064628782674734 -0.0237787174380498 -0.0349996179877295
-0.0953952809203251 0.0214313418214924 -0.0141608050007726 -0.0448190125917123
-0.102859828049437 -0.0483657383944449 0.011774575786773 -0.0457693050238365
-0.0372292051552778 -0.1114172789721 0.00714924025645608 -0.0473465829734347
0.0376991509875583 -0.138877614472524 -0.0132866236338975 -0.0475753423234163
0.0615967459968025 -0.128827333063792 0.00354962975383562 0.0484928711243032
0.0135876727397981 -0.137183681015351 -0.0623184346025627 0.0553435923560953
-0.0782361175857681 -0.114366223487133 -0.0332546719492351 0.116313425300247
-0.120147645143817 -0.037231634602569 0.0406129983336497 0.11122532008297
-0.0893929102952318 0.0530227190351462 0.0881872737288664 0.0338765778957499
-0.0351821649630531 0.0746887075452564 0.0570990043897984 -0.0126083251942764
-0.000566336688540016 0.0830161343043169 0.0259213110096658 -0.0220184885551635
0.0237650103493771 0.0804851990444061 0.00322024708634572 -0.0100990388918968
0.0254021137594018 0.0829014687206121 -0.00840170868390401 0.000671198308628342
-0.00842515431101101 0.0744415588570048 -0.0193006215171659 0.00443541352556864
-0.0436949829916919 0.0695497844851545 -0.0324063853553218 -0.013269085847236
-0.0986443803534187 0.0222554832919176 -0.0261017707849746 -0.0317851305006459
-0.103425969212962 -0.0520587207903343 0.00182095137292854 -0.039229951253039
-0.0321529995006268 -0.112106261732248 0.00608224079843102 -0.0307804859766152
0.0454800149832314 -0.13368118676262 -0.0277117560215981 -0.00925279541627369
0.0651160016838905 -0.103262949426561 -0.0241820090085048 0.0823968820927983
0.0350768464955428 -0.122915251582752 -0.0762164670301069 0.0709790334379365
-0.0536438689665562 -0.119776998188144 -0.054275580765599 0.110171317167836
-0.108893797941065 -0.0552389470772035 0.00980830738738453 0.113414306262605
-0.0930797088432016 0.0395651703544424 0.0604030952193982 0.0552977024711907
-0.039851741766096 0.0700885682972851 0.0428058159547124 0.0190604380969439
-0.00547126463881346 0.0797057315299158 0.0265892546754864 0.0102820637515813
0.0186596936499094 0.0778344386009602 0.0116859435404961 0.0172742117069801
0.0220134560415018 0.0799445552801173 -0.00137984582955298 0.0279707167540121
-0.00862536582089996 0.0713807066703944 -0.0195338831005242 0.0301115976104399
-0.0420551710691689 0.0642143860106401 -0.0393131667300187 0.00683427927016064
-0.0914976610288036 0.0141974300418521 -0.0356336145305311 -0.0201612024615703
-0.0887838971616111 -0.0541424384922663 -0.00646933951359792 -0.0334027951961621
-0.0177335363148363 -0.101714157480067 0.00661850031206563 -0.0162849374612684
0.0514279156644614 -0.109131431711218 -0.0402129501383667 0.0252018188558628
0.0535327292341007 -0.0597659997690781 -0.0448953841443305 0.106795326094246
0.0438384352123693 -0.0841643676461289 -0.0802679760071174 0.080345284121727
-0.0232735292073467 -0.0968475563121978 -0.0643657183668786 0.0931884521487022
-0.0769949183249857 -0.056203336850157 -0.0157881523292839 0.101902292080587
-0.0762589280104894 0.0224280694960938 0.030250389494151 0.0670291987334631
-0.0351007014265505 0.053599540534624 0.0258320003407611 0.044418719825441
-0.0081155916431105 0.0631549537609028 0.0249951742835303 0.0395445950410953
0.0115930574563989 0.0634471411656119 0.0190797427245148 0.0416979217301351
0.0144156004016228 0.0658807919680779 0.00417966634971979 0.0525328523919452
-0.00965709924357666 0.060184741467581 -0.0209669637660141 0.0521230020436235
-0.0388129632616672 0.0512428844150607 -0.0480338545697296 0.0240603494968089
-0.0759499023478816 0.00291890178665313 -0.0453266049294515 -0.011883231919993
-0.0645635611576866 -0.0543144384559767 -0.0141408105838514 -0.0305174308671858
0.00160011716048083 -0.0812715670145854 0.00705523599406367 -0.00440315013939798
0.053190973819666 -0.0705179350894699 -0.052156382861355 0.0511748510482117
0.0314718340959241 -0.00608415939745704 -0.0512678384493889 0.115768381003469
0.0398381105732022 -0.0321830278971232 -0.0716746400011145 0.0830387947169425
0.00254460935926201 -0.0557142388577014 -0.0629112473461228 0.0731177488003569
-0.036853722509329 -0.0418616437985484 -0.0291604672742832 0.0860688625663142
-0.0460132182493956 0.00561288156102445 0.00700702510326267 0.0714570095585094
-0.0238626894508888 0.0297859282662349 0.0138397621480989 0.0609879468358713
-0.00813775920475596 0.0363942889678417 0.0229741463173499 0.059358589111678
0.00271973652538144 0.0397600263060908 0.023557024855283 0.0588186271898343
0.00547028608490449 0.0429689409660255 0.00614741932868345 0.0702818276725418
-0.0106737940705229 0.0420913673763326 -0.0256823218670965 0.0674907141200501
-0.0315472419239108 0.0334399330930296 -0.0583297061188883 0.0347138100542767
-0.053629495665224 -0.00783281869709603 -0.0542534709500382 -0.0100995238333619
-0.0345269288294892 -0.0469964569847467 -0.0212545485932827 -0.0323069079814591
0.0193458950981533 -0.0529154037123979 0.00484560375230383 0.00175480930806678
0.048175650965692 -0.0225619580523373 -0.0633484687156846 0.066982165004111
-0.0266609098248758 -0.0237468067794832 0.0642709223958106 -0.0806288929754501
-0.025618506426582 0.0169066730447365 -0.00764634316165359 -0.0176440656478805
-0.000981725094638026 0.0303105153985065 0.0225719729750515 0.0436994967494445
0.0209056192933362 0.0114085833277078 0.0697360288956273 0.0194562971369715
0.0154341720885433 -0.00985291608209194 0.0792012183042832 -0.0390020291104738
0.0059392297888952 -0.0105531615091212 0.0445307898446548 -0.0840371385976037
0.00850645040645819 -0.00932103093359534 -0.00337146407410326 -0.0875465233379804
0.00893929827801671 -0.00989029223638188 -0.0287871834296344 -0.0710159156499619
0.0103092179937329 -0.00552267990117279 -0.0274232122486318 -0.0686293667606489
0.00938925273806272 0.00207019601262707 -0.015468393763072 -0.0712332209903478
0.00853110037112843 0.0138621196680032 -0.000808450632212611 -0.0739699671142639
-0.00644446283691082 0.024764708515732 0.0242584256705904 -0.0702651360005322
-0.0332963343230811 0.0157893767525515 0.0512975836744659 -0.0617436453556522
-0.0363725766937403 -0.0191451372093795 0.0425183678891998 -0.0757147144207195
-0.0185877251182591 -0.0440827716105508 0.0332295849646959 -0.120942560819552
-0.00924723382941934 -0.0737678763281661 0.0625121720258341 -0.060982876339154
-0.0335466396135678 -0.0327967061938904 -0.0140521373431133 -0.0046887853157346
-0.0382686021231446 0.000232691138437501 0.0228299928799301 0.0646541264684192
-0.0212589010617817 0.0136866498165373 0.0808953260216772 0.0380895802496005
-0.00592970988855479 0.01743118542247 0.0948918718134403 -0.0359842468177561
0.00140904590350326 0.0176889093226348 0.0538402733010782 -0.083853904484147
0.0132123217446446 0.0219876793650627 0.00297559357405135 -0.0882338561825281
0.019310838681732 0.0209766041495346 -0.025582562806184 -0.0690491731195618
0.016866566492466 0.0263194290598992 -0.0270320475028632 -0.0648895625912794
-0.00117019137846156 0.0293080602205263 -0.0171899770242967 -0.0641554009142536
-0.0176435708812061 0.0329042715692481 -0.00602118662988329 -0.0676458751661593
-0.0462109783258884 0.0171934175014916 0.0137930529935208 -0.0646176807648919
-0.0618282130705697 -0.016927838742678 0.0380636018552932 -0.0574440058166332
-0.034505130390331 -0.0640969995008812 0.0259179023519533 -0.0726620195207393
0.00376599184673881 -0.0927524462826187 0.0184238116895147 -0.108977549578133
0.0138882029884609 -0.113675279106384 0.0521883942630429 -0.0311137464814554
-0.0300609039161387 -0.0833960673931185 -0.0267420848218195 0.0135926862658051
-0.0706650788478205 -0.0391335566757819 0.0134281199618002 0.0892058224902217
-0.0675723535810801 0.00679755447215331 0.0831806367846027 0.0646291442252325
-0.0350118059576363 0.0423914278424171 0.105440818894814 -0.0219204659092384
-0.00753834480450912 0.046079904786848 0.061305195665765 -0.071882624162384
0.0135128598953548 0.0514474199440306 0.0119698522398914 -0.0772503414297023
0.0267685531492901 0.0487084596250095 -0.0186963086290361 -0.0571266370986959
0.0233816360068073 0.0539095461081737 -0.0239153057668939 -0.0495191460250695
-0.00570620548716589 0.0532277037081292 -0.0204856456854586 -0.0461721567344426
-0.033889677067773 0.0528687022171881 -0.0165005268072128 -0.0539509834711322
-0.0778215205912045 0.0204111890697469 -0.00224845722964462 -0.0573570292040378
-0.0893549086068377 -0.0357068330073113 0.0236794308208403 -0.0540475954023662
-0.0399624150174956 -0.095399749729985 0.0123884602729093 -0.0622721497574535
0.0195034206093413 -0.126892169087013 4.00366104279475E-05 -0.0825732428247953
0.0371300771958201 -0.135665124973633 0.0322073392770122 0.00828611922580227
-0.0160852586011515 -0.12316235716057 -0.0433997812114029 0.0371785819717171
-0.0899313168827136 -0.08021875057264 -0.00514032336085798 0.110080805318252
-0.106875964204729 -0.00907492137012236 0.0714869771690546 0.0924091144191444
-0.064783458308501 0.0581215675150687 0.10574133736368 0.00201911927214
-0.0197588316863687 0.0680954940703744 0.0635200131654617 -0.0477765416202905
0.010446826161781 0.0734408369900571 0.019936408718883 -0.054344465047791
0.0306270199804814 0.0692438161603271 -0.00899769366096067 -0.0367705613985921
0.0294035966131947 0.0725305531607024 -0.0179067060061961 -0.0262857912901157
-0.00543676482878062 0.0689864110838194 -0.0214550288723236 -0.0215143347290476
-0.0395648999901234 0.0677301786817115 -0.0268396284300771 -0.0345489582447353
-0.0954063483164252 0.0274384053874914 -0.0167436586872438 -0.0454880651098888
-0.106942237659272 -0.042503693498676 0.0100580349364337 -0.0481018565805906
-0.0440615341096668 -0.110722818643127 0.00553107795013329 -0.0477783762729079
0.0293446234857187 -0.143119060455579 -0.0162045078893119 -0.0467814688548707
0.0538554327926296 -0.133940275360799 0.00586706277864128 0.0497388141846459
0.00654413467008303 -0.13981252931556 -0.0613862243997102 0.059439222589852
-0.0853992668477148 -0.110648952635495 -0.0291109509689332 0.120143297587135
-0.124908502934216 -0.0316611906359525 0.0467278577436612 0.112255287486885
-0.0870349474064788 0.0590117458059723 0.0913815556981466 0.0296560410610751
-0.0306516448899392 0.0776176380698645 0.0578889098225261 -0.0161526373717421
0.00499429878855914 0.0846432047064528 0.0247234549157523 -0.0238487388118456
0.0296701314719495 0.079494379767837 0.00234603077643123 -0.0103253714746679
0.0313399524383506 0.0814597384146579 -0.00918484816525488 0.000975816454974649
-0.00444051472221423 0.0758417298123955 -0.0199413644425558 0.00588289535625896
-0.0400293198505419 0.0727268314835481 -0.0345453714733628 -0.0121263399465245
-0.0989712304300371 0.0283724621681943 -0.0287631129332674 -0.0318190320633967
-0.107625672388709 -0.0452995157950757 3.10079742302276E-05 -0.0411112056602469
-0.0395607976873908 -0.111693317705719 0.00541207007899579 -0.0310463850897844
0.0372808047010582 -0.138209549158873 -0.0288660650309354 -0.00734302667655526
0.0595002849118536 -0.107738456809683 -0.0202637401461328 0.0850987935488052
0.0291613563819733 -0.126399038474002 -0.0743006148980557 0.0756158520279388
-0.0599779066684438 -0.117726494261116 -0.0507871641601441 0.114577246680712
-0.114318877729325 -0.0499288589445648 0.0158510756889008 0.116187672609019
-0.0910462700765228 0.0461837015813237 0.0648636779895343 0.0527609286161182
-0.0358669510566925 0.073148627833705 0.0453175987495411 0.0169239794249811
-0.000782509030244303 0.0811743330868437 0.0280200862071308 0.00880258815667148
0.0245714790850682 0.0771189441167946 0.0127156925101646 0.0166688950969704
0.0276120014989631 0.0785449812682979 -0.000597705433562622 0.0278687731349992
-0.00400903643006165 0.0731929467450958 -0.0181768281612107 0.0312578788241034
-0.0386797410997243 0.0675399657965243 -0.0404178620772329 0.0089509855700522
-0.092275126454635 0.0199176219668127 -0.037843090067789 -0.0192616705834324
-0.0932166102177452 -0.0487548645302153 -0.00824288141136971 -0.0346084161324029
-0.0237895444784147 -0.101893229182323 0.00643850566237717 -0.0162906861920559
0.0450112872355363 -0.113717327215032 -0.0393712253395081 0.0282631880269355
0.0504409879116059 -0.0629200295089241 -0.0402140033567324 0.110435517173765
0.0404943002867316 -0.0878652312894587 -0.0784044784126258 0.0848214917701403
-0.0282583260214369 -0.0966883528936058 -0.0616416805570633 0.0974510945499809
-0.0818394449723603 -0.0532589082979577 -0.0105107507282565 0.106021455010001
-0.0756090267968546 0.0273407011457547 0.0346423792254791 0.0664063613424467
-0.0318331451972714 0.0564540395222947 0.0300820455757028 0.0436010893733603
-0.00408772769484265 0.0642755011086258 0.0279332582166582 0.0375829142230086
0.016209970179692 0.0632500539455897 0.0211872801583003 0.0400170420284708
0.0193969538624993 0.065457012647218 0.00705349019988861 0.0517862034229269
-0.00623053651467072 0.0619714914187585 -0.0178626028116381 0.0534711839899118
-0.0360951676084326 0.0543735226977989 -0.0480967505702178 0.0268644838801495
-0.0775960578985911 0.00739412362903121 -0.0468738254880511 -0.0103976012002515
-0.0682682317436593 -0.0506606333257802 -0.0159396345480623 -0.0309386315482352
-0.00293636208961091 -0.0826212222699957 0.00688531448729741 -0.00476754568750956
0.04988954460573 -0.0743279948334206 -0.0496758898324361 0.0553544418221653
0.0314656311341166 -0.00701738983463839 -0.0464275685966532 0.120272129687104
0.0396498372737461 -0.0354849738139285 -0.0693522736226468 0.0872718375612524
0.000206722421499438 -0.056425005889786 -0.0608367272300893 0.0777259908954344
-0.0401739556057062 -0.0412504582467485 -0.0257143397785861 0.0899262441106945
-0.0465088208754419 0.00861814048245649 0.0118789288093765 0.0728032980199436
-0.0217351529036365 0.0317365574062396 0.0184113633463312 0.0616439647743222
-0.00573956391894864 0.037345714158157 0.0270332955925794 0.0581401908254381
0.00594141971515889 0.0399181972572098 0.0267078944598305 0.05709975072298
0.00863460853159945 0.043304937671169 0.010552376636071 0.0698866097358708
-0.00772292641079211 0.0434063960028788 -0.0214333202447936 0.0692531327150204
-0.0298293307093926 0.0357955642313173 -0.0576271968346341 0.037747004551496
-0.0550269698383725 -0.0046451759987518 -0.0562903038968572 -0.00793499297888508
-0.0373707435308939 -0.045771716897082 -0.0237208375507556 -0.0322197957375361
0.0167732304676334 -0.0547131642208667 0.00529907619188028 0.00137604548614634
0.0478703197749675 -0.0256541196502994 -0.0604770431605852 0.0716866147958601
-0.0305622574241124 -0.0207308197024343 0.0508919025590167 -0.0879411585646017
-0.0222590787313341 0.0205963066813239 -0.010851023779059 -0.0171255580905163
0.00531948317818459 0.0300705382008002 0.0276100252223151 0.0392633549706585
0.0240429368045859 0.00711859063216356 0.0701723657675118 0.00931060737521715
0.0140727601389712 -0.013552010228051 0.0716254321422875 -0.050338693264269
0.003259041102021 -0.0139065477846828 0.0297819489174068 -0.0885755804778211
0.00588296200349192 -0.0125608897677757 -0.0177459804819606 -0.0834053014673405
0.00612521532074015 -0.0117655289212087 -0.038172746313695 -0.0630389841673751
0.00823083205757635 -0.00770071816185006 -0.0374759428734445 -0.0625679236652166
0.00890151693433525 0.0010636535110211 -0.0259100693503397 -0.0688193732212006
0.0100143087201942 0.0120860648684134 -0.0116567023315772 -0.0728060223760937
-0.00241465472735443 0.0250613289189691 0.0154802007699026 -0.0732434899560041
-0.0309783398533252 0.0209299679287607 0.04490294505604 -0.0681012723857394
-0.0391557250707675 -0.0130233275716355 0.0332245459622723 -0.0787258731543904
-0.0259037776996819 -0.0415213286918328 0.0165720410941712 -0.120363291318351
-0.0226144902923927 -0.0727652003095399 0.0538229215002973 -0.0667926837081795
-0.0389509846748444 -0.0253438464024027 -0.0124032191888014 -0.0025945155929428
-0.0363822272517104 0.00815426788802318 0.0329387990889353 0.0581123760046927
-0.0160275087707746 0.0171174760076594 0.084893856503023 0.0236459021575464
-0.00135191561015246 0.0162641030561933 0.0863997575353611 -0.0509407371398698
0.00446423859316923 0.0141456918514153 0.0374912105278407 -0.0903747233014671
0.0163146604905385 0.0178638060248324 -0.0121291960768387 -0.0866468993993706
0.020567805371932 0.0163654805767276 -0.0359188794868896 -0.0615765840755934
0.0195377050286666 0.0224470635685982 -0.0362859572189982 -0.0592028830830845
0.00273444396986476 0.0291269522528937 -0.0269138660591781 -0.0612994137098844
-0.0120336673536607 0.0347815324648163 -0.0160468217712244 -0.0664751408720125
-0.0435617505175547 0.0246749351563503 0.00623991749475678 -0.0662879182433337
-0.0640806391959397 -0.00706848189805843 0.0327152582666609 -0.0614060345054976
-0.0445640302693155 -0.0568010767609019 0.0155488397602795 -0.0730591062272763
-0.0107902836850916 -0.0915301649991279 0.00270816861012269 -0.107048943869264
-0.00739447506297117 -0.114807119715102 0.0496908307308093 -0.034034083891573
-0.0452453685771487 -0.0743289154950055 -0.0201067729055746 0.0188367534991525
-0.0750198127100162 -0.0243092069966772 0.0304890646409792 0.083402320830778
-0.0626793983964031 0.0198923861215078 0.0935446837224388 0.0476217047983092
-0.0244928534874821 0.0454339338184418 0.0984818733025261 -0.040458876633464
0.000320949450294709 0.0430796115019946 0.046042666791484 -0.0805444713682924
0.0223366215152864 0.0470729996735102 -0.0026527630646028 -0.0781794154467825
0.0324784866700032 0.0422083941576722 -0.027435013936614 -0.0511914452052473
0.0314403130262067 0.0479857960390085 -0.0319567256313841 -0.0442623378666258
0.00185076257336992 0.0534898792192302 -0.0276332659283187 -0.0435198932314283
-0.0246214891223786 0.0568325026477353 -0.0247046020957678 -0.0522081153267713
-0.0740122256712982 0.0335283118320732 -0.00724738973284111 -0.0578110490086327
-0.0932670658453019 -0.020659565509174 0.0193971321025462 -0.0557047325605286
-0.0541002932902015 -0.0866444975374984 0.00256703159647242 -0.060687148420601
-0.000367594708757704 -0.128026005834186 -0.013614659956637 -0.0784587037291267
0.0115439787826577 -0.138737887792617 0.0367420623870563 0.00832684552335254
-0.0388273299944504 -0.115619482931292 -0.0313316046427707 0.0450296558903946
-0.0998055041713993 -0.0601788700048225 0.0180742651269033 0.106369394499194
-0.103438927119492 0.0120976010048094 0.0887889842902305 0.0753291706834704
-0.0500791827885653 0.0660378105787827 0.102042665324975 -0.0190784801464013
-0.00745116883143607 0.0666868682129844 0.0521911383666251 -0.0578811935206333
0.0237556098997139 0.0702429276512641 0.00920755498301471 -0.0588810414746033
0.0400495726369687 0.061205095258571 -0.0156328178073167 -0.032647687735092
0.0409267076666583 0.0653843567078738 -0.022999960007001 -0.0227990188790962
0.00564258294802942 0.0689930992464081 -0.0251565128360599 -0.0197313416528865
-0.0274443550469222 0.0720235079960717 -0.032010120606643 -0.0324143135813689
-0.090300035436136 0.0434489898665586 -0.0201205737298741 -0.0444620054726606
-0.11129537619577 -0.0236779168933356 0.00695175214071141 -0.048502808595738
-0.060977948619566 -0.101045243568072 -0.0022310833428993 -0.0450106447225424
0.00731686101129102 -0.145398905900895 -0.0257055446693138 -0.0416811478371214
0.0290738993003711 -0.138577543745382 0.017184612492074 0.0528993456694045
-0.0192973808086606 -0.135696710125921 -0.0456970624628126 0.0708324483775616
-0.101150542401635 -0.0903237056833294 -0.0028082556057606 0.120397343410952
-0.125395708123054 -0.00677989919997191 0.0687554398118038 0.0987028926390455
-0.0712944430642414 0.0712414963479787 0.0924808059959924 0.00965501720501662
-0.0159452973260157 0.078810711335054 0.0520117207749616 -0.0260637771659513
0.0206638681937772 0.0824075410349918 0.0192740665329225 -0.0305726947829634
0.0411607048636607 0.0711674666740715 -0.0011617276658791 -0.0098172229488271
0.0449531519283776 0.0734394087814224 -0.0101974818600578 0.00207720059989172
0.00846948367673476 0.075152277360648 -0.0201490339848049 0.0067625672232852
-0.0267114163538246 0.0774389727549333 -0.0365153094943285 -0.00923322791707012
-0.0932749599695477 0.0452324530679992 -0.0297086465106805 -0.0297634531218508
-0.11265061209449 -0.0268407073284927 -0.00266869584226616 -0.0397636179243521
-0.0561570024514646 -0.102671771712924 -0.000910910566161844 -0.0289279455239257
0.0155894471117022 -0.141633959344793 -0.0330927937512684 -0.00205622643660871
0.0390539525566309 -0.113372103634411 -0.00360181058771897 0.0914995843787239
0.00531668426058334 -0.125992740886925 -0.0568347988256073 0.0894323612268115
-0.0782564071272223 -0.101564431617323 -0.025219550721279 0.119976111323209
-0.119483837664902 -0.0262725789719835 0.0395032618728374 0.108347862557466
-0.0783315682425628 0.0602069086114959 0.0707505327081605 0.0371606649007489
-0.021546458053053 0.0762599758493209 0.0450721436255496 0.00730137814249722
0.0150981024284584 0.0805375688574522 0.0271751588129239 0.000486447409307144
0.0363764930571486 0.0702336530359489 0.0130188171584638 0.0138714370731807
0.0411582490910762 0.0714013693348133 0.00237622157060426 0.0270054381333444
0.00817084133420443 0.0727659690063289 -0.0144733310904329 0.0317662876218798
-0.0263142930094476 0.0719493658797035 -0.0396169722971932 0.0124838656122665
-0.0878560710961433 0.0364231627675411 -0.0373429391683899 -0.0156958895421056
-0.0988936477846728 -0.0324244869914027 -0.010675381697904 -0.0325841945532595
-0.039136575372737 -0.0957064647135956 0.00202307835739705 -0.0154846496388856
0.0276876659734963 -0.118459806152232 -0.0382916363158227 0.0334207531962207
0.0383470061706702 -0.067461517582909 -0.0203546222794103 0.116813892892055
0.0234356228058747 -0.0901990293539501 -0.0608750013733181 0.0986222819159111
-0.0437995792039454 -0.0874401303862537 -0.0408308853631987 0.106210321529162
-0.0895370599488249 -0.0347695387845526 0.0114318426288989 0.103928404159179
-0.0672006372462845 0.03997006406727 0.0449789675965163 0.0564067271681562
-0.0203458158399185 0.0596289450868799 0.035426133205917 0.0363391941747065
0.00872024936141969 0.0647590632463599 0.0327226082875725 0.0295199369735708
0.0263138512736185 0.0585698700621899 0.0252347558116456 0.0353781368152987
0.0316222155919384 0.0603180321053697 0.0134196774007228 0.048682524527173
0.00523211416065942 0.0619226397003657 -0.0111049662894852 0.0534761195216227
-0.025716676499509 0.0590114333703561 -0.0440537187645711 0.0310245407464456
-0.075462476359873 0.0212584401427907 -0.0458028430750433 -0.00583057359369018
-0.0745892890150403 -0.0379449663390327 -0.0187072879621348 -0.0277003635809044
-0.0158341740903968 -0.0802672049828843 0.00464342702802191 -0.00555948253618836
0.0383403144642617 -0.0799105870286587 -0.0442480971158329 0.0604698369834235
0.0302446393053849 -0.00967071752452662 -0.0268578870320729 0.125148495711656
0.0323479081034902 -0.0392437364638409 -0.0539343805756378 0.0977502803196936
-0.00945466938077406 -0.0536782293007279 -0.0458718051828994 0.086739876916089
-0.0465141477957691 -0.0314841918135364 -0.00777286989536145 0.0919264751618861
-0.0423862323680492 0.0179982783662946 0.0245017627827555 0.0675281926731669
-0.0139400092495987 0.0352418526407712 0.0276755674652783 0.0558664630608583
0.00227206688239807 0.0385377726472792 0.0358355400212226 0.0501041315130662
0.0130046604414035 0.0379855758520715 0.0336047602200377 0.0502130190515697
0.0168015787257748 0.0411449109420167 0.0195530794357279 0.0659250692608347
0.000885608880233129 0.0441292778917704 -0.0117390866215909 0.0699759456078297
-0.0224587780821315 0.0403783569580317 -0.051770808988069 0.0438824819166017
-0.0556396945834939 0.00553207028084414 -0.0555860841216554 -0.00113479922550506
-0.04406404366587 -0.0381195686069806 -0.0270618010521705 -0.0281850677861033
0.00817901573868507 -0.0560684514996814 0.00424104165859916 7.66557008078082E-05
0.0439956190958065 -0.0313954428515731 -0.0513774141422279 0.0770294749557653
-0.0305794291640534 -0.0193936381542404 0.0460203682300394 -0.0871517220559792
-0.0213099051983729 0.0208436216612901 -0.0112930436284283 -0.0155192804611137
0.00614371353978142 0.0288328859325458 0.0280484424206542 0.0385942393635613
0.0242951320943245 0.00574109605014558 0.0689534992050602 0.00741370920940744
0.012825603514056 -0.0145053767200002 0.067792373970101 -0.0507509705989799
0.00302720285771721 -0.0137289135077647 0.0253276230503276 -0.0873803297075378
0.00477288822063113 -0.0129078127852823 -0.0204145719158135 -0.0801679577143101
0.00509617149844092 -0.0118065027106783 -0.0387695226697846 -0.0592651528221251
0.00719521115975822 -0.00786880195053559 -0.0390407677659945 -0.0584730398191929
0.00833781627079688 0.00046613614617439 -0.028796531019736 -0.0651456566407908
0.0105023296701334 0.0111465459448408 -0.0146021984767206 -0.0708558817829062
-0.00157170416097301 0.0246360896061912 0.0137662584021061 -0.0719828647063283
-0.0295420754988301 0.0214949105564979 0.0430583468154234 -0.0688223775786501
-0.0383187229832864 -0.0112087009415273 0.0303759981263804 -0.0769734034494308
-0.0262351762146794 -0.0393976194505355 0.0125363012700681 -0.117636216081509
-0.0251329513821419 -0.069808167439153 0.0504184102819105 -0.066258902943519
-0.0389914447131066 -0.0231923458559693 -0.0126205163733457 -0.00133418449005798
-0.0350180109908281 0.00917093765661901 0.0339066506788886 0.0570037283805197
-0.0149641918636565 0.0176996992612761 0.0839389609344353 0.021424165531691
-0.000606344178230181 0.0154103505300631 0.0818960611710433 -0.0522968505729911
0.00433680972063853 0.0132100848476561 0.033137528973496 -0.089457414057809
0.0167790316870159 0.0163116197985285 -0.0152439902897908 -0.0834081356790367
0.0207983477806848 0.0147004007719398 -0.0365091674831478 -0.0580546795474608
0.0197546398829629 0.0203552437019797 -0.0385212270155839 -0.0546526643377992
0.00343757510413688 0.0280044351251168 -0.0292726372184693 -0.0582335126360474
-0.00997329438573694 0.0338984274911013 -0.0185669184109813 -0.0642071487526512
-0.040911548367843 0.0256536394517639 0.00467541011579937 -0.0650861828364765
-0.062012365631825 -0.00410315545868826 0.0310920098104888 -0.0617507909335665
-0.0447921480817456 -0.0535253745948013 0.0139797176927687 -0.0707799219558145
-0.013459203651554 -0.0887315172811884 -0.000502404436424685 -0.103435666320583
-0.0112515763532136 -0.110911207939938 0.0472527349692936 -0.034052079333393
-0.0467030025853481 -0.071003774165783 -0.0194500291406958 0.0192824998024566
-0.0731897500761407 -0.0204648870637802 0.0317158159503707 0.0813910271389493
-0.0600817595081341 0.0213463170339506 0.0930020961608092 0.0445128811829892
-0.0218354687149336 0.0447030997048357 0.0941881393873273 -0.0425974932229807
0.00147705581702064 0.0416205151031216 0.04220727648235 -0.0799855751887626
0.0239410304044276 0.0445491719936527 -0.00579467025783559 -0.0759163706639263
0.0331953499181686 0.0390530093599203 -0.028265886938163 -0.0479183608973612
0.0325010206293745 0.0445867759136027 -0.0333904185476496 -0.0408832882096662
0.00382810454650141 0.0514655727006073 -0.0292948567336306 -0.0414062432692787
-0.0214009822920507 0.0558409799132141 -0.0266496694544329 -0.0503863706613573
-0.0706576024672346 0.0355246157760526 -0.0089795944731603 -0.056113739876119
-0.090918915315198 -0.0160171084924707 0.0174688389985579 -0.0557832361996931
-0.0554010090963612 -0.0819056017080878 0.00208817244950398 -0.0585567568003769
-0.00481347158641964 -0.124275944684046 -0.0157974685695012 -0.0752851530331604
0.00619718004339482 -0.134930209766806 0.0365967221116596 0.00761076515600526
-0.0416961438288505 -0.110828876954103 -0.0295605836778086 0.0451266641960222
-0.0987042138955255 -0.0550187730678324 0.0198388500007095 0.104110311830579
-0.100499499765347 0.0156443998040414 0.08933610554402 0.0724004621421051
-0.0460816075751447 0.0656770764718436 0.0983296297919721 -0.0213216328623362
-0.00496300950151327 0.0649461908620227 0.0492369707186744 -0.0584101548931155
0.0264382397882883 0.0668016814961037 0.00573473647285252 -0.0573642806932681
0.0410669906526092 0.0570956056694852 -0.0161223559192337 -0.0306525487584223
0.042327388867695 0.060765599070352 -0.0236133087607481 -0.0203863082900459
0.00827528263350886 0.0665814573900568 -0.0265310177614984 -0.0182954336335783
-0.0237032329682995 0.0706889303251584 -0.0333826485476754 -0.0303864088170255
-0.0862140547770827 0.0461368056415439 -0.0215133721946472 -0.0429908962747104
-0.108530978595968 -0.018264237481026 0.0052907450679155 -0.0479743548344296
-0.0628049043693859 -0.0954578306171422 -0.00266559774990616 -0.0432295388656145
0.00128617547479235 -0.141154034803502 -0.0261221642154889 -0.0386826421569676
0.0231521579812185 -0.135123054795102 0.0187395885968428 0.0518948145866646
-0.0230459149631526 -0.131019416762204 -0.042270960794071 0.070144375718044
-0.10071954325772 -0.0841268623961521 -0.000499525114788023 0.118167888649982
-0.123208321412648 -0.00196198586302343 0.0704443690994016 0.0957248659111635
-0.0661728681921276 0.0714648668787847 0.0899689493804211 0.00648673316441256
-0.0125647130285131 0.0766922081564641 0.049983876919939 -0.0277498412994469
0.0234897568072872 0.0787635031278721 0.0174256862429374 -0.0301888932688931
0.042773105830383 0.0667781954305284 -0.00158014931913362 -0.00896441593553603
0.0460400345404279 0.0680502820594009 -0.010859191717869 0.0032260853724701
0.0111849469758685 0.0726511713907881 -0.0199664670126503 0.0069783338941554
-0.0230722581928121 0.0754480387734269 -0.036872123708151 -0.00815364728445435
-0.0891728116053736 0.0476096077101508 -0.0309560363890714 -0.0284227270527485
-0.109941007732378 -0.0213276892810698 -0.00393967811586658 -0.039722133061031
-0.0582621850519716 -0.0975306512279731 -0.000975251773167141 -0.0281851515566445
0.00996298370647067 -0.137432872397473 -0.0319044564096963 -3.83507609608474E-05
0.0341124386653988 -0.110495518336624 -0.000371570264106904 0.0892597421337456
0.00146085902791064 -0.123049741863119 -0.0529959980633188 0.0887713067899269
-0.0784724203242802 -0.0960534182703098 -0.0222413892699363 0.117791402609769
-0.11773791155638 -0.0217198317018051 0.0421557934831153 0.106104298941629
-0.0737434737203468 0.0612270451239575 0.0702202323738894 0.0334185108032599
-0.0175386129687209 0.0739706789516063 0.0452368682874797 0.00574831075248949
0.0184821968649796 0.0773355679770728 0.0267464900575619 -0.000737264326543258
0.0385103422187733 0.0661774981776422 0.0126877997107429 0.0130139395932784
0.043027894658415 0.0661087096525575 0.002606384202482 0.0257788514719943
0.0113718328463567 0.0698621475967852 -0.0131812695185298 0.0309599145872715
-0.0229442566586029 0.0703261430864627 -0.0387783982631883 0.013327402090429
-0.0841867695103566 0.0388649928921112 -0.0377723664765105 -0.014914517774967
-0.096663631803523 -0.027495054863656 -0.0115903169608483 -0.0322744601816596
-0.0412569406179137 -0.0912020635858682 0.0023485452598889 -0.0152553936139692
0.0219667098772348 -0.115477040466494 -0.0359800260439917 0.0341784874661316
0.0352781997928599 -0.0659940081453424 -0.016609435627368 0.114656434529706
0.0202721066806912 -0.089308225972293 -0.05688843992286 0.0978829094726728
-0.0450553078835039 -0.0833460019529533 -0.0381340480636599 0.105203861236826
-0.088875435227829 -0.0313894292770144 0.0142196993495063 0.102011187074018
-0.0635725234231776 0.041700540844246 0.0461631907654852 0.0528205547844169
-0.0172906524511422 0.0582880061815563 0.0367290391719527 0.0344439621011833
0.0114926854194241 0.0624549695532719 0.0333309725161968 0.0268944254318787
0.0283766662159077 0.0551890437087138 0.0251284632209227 0.0324392855294445
0.0327798929676961 0.0565489832919623 0.0137004867216156 0.0464303105186274
0.00790976693023268 0.0597685943590778 -0.00902948376947812 0.0517382012309117
-0.0224123131257423 0.0580556873355386 -0.0424354394738281 0.0311125161732698
-0.0730505039102323 0.023699578228335 -0.0450692351972771 -0.00456375055561534
-0.0736688984919723 -0.0342595151267946 -0.019457073862915 -0.0273241974644575
-0.0182674810049716 -0.076863438147377 0.0045195585454616 -0.00545739213143447
0.0342454932207897 -0.0784923322026741 -0.040826732519003 0.0606930639156097
0.029209368614529 -0.00968693388983155 -0.0221480686106252 0.122262141930354
0.0306765359984323 -0.0396322477715039 -0.050671906107644 0.0962370107436833
-0.0105289411159322 -0.0520577931968937 -0.0436240706768325 0.085953848305259
-0.0476115415412258 -0.0293093691127894 -0.00463979517465589 0.0909971968741729
-0.0403457202646684 0.0188757467369198 0.0262012251553933 0.0647910327534534
-0.0116312729260455 0.0341006841517589 0.0297301282874073 0.0533920872747457
0.00421274097971433 0.037672228769309 0.0370080863115147 0.0467408069588249
0.0147178331550443 0.0359063131996222 0.0336196486342868 0.046559224482817
0.0183161028423377 0.0386736703364686 0.0210174662181106 0.0623124899092915
0.00287462314182243 0.043487215219725 -0.00869824077749227 0.0674189028671084
-0.0203628539968047 0.0405462356028065 -0.0489381780785233 0.0443480912604333
-0.0543429885722592 0.00802544311328659 -0.0544396448326441 0.000276586952134424
-0.0439652893249554 -0.035217390052274 -0.0271452571161665 -0.0272433399933576
0.00582172061326652 -0.0540683804510296 0.0045624681101565 -0.000721628025274996
0.0415153759422407 -0.0321002538360733 -0.0469707033077269 0.0762652884187438
-0.0303506794985856 -0.0194250666961791 0.0445256475415915 -0.0847903021665615
-0.0206277462511851 0.0206486644413251 -0.0113132079118055 -0.0152429899701922
0.00607839180481296 0.0285794428431161 0.0281619009850575 0.0390369544706237
0.0242201815476899 0.0052560182996532 0.0675842507742273 0.00787131841769267
0.0122321879505973 -0.0139172519008052 0.0656663554675228 -0.0494532868792188
0.0019518355304185 -0.0133370726983946 0.0232822560225139 -0.0851770449208289
0.00456118674976878 -0.0130111417271179 -0.0206503988084158 -0.0773121486495599
0.00477878006510873 -0.011720419124539 -0.0379633129593591 -0.0570037213766987
0.00667432330346208 -0.00807380623212301 -0.0393804633463621 -0.0554501782459217
0.00835741506051906 -0.000341515100931395 -0.0297516387634261 -0.0631949614171698
0.0111322901480147 0.0104546528811938 -0.0153748805552611 -0.069767289035071
-0.0010097271904636 0.0239667603591929 0.0134117801149005 -0.0705275839609116
-0.0285628842034146 0.0217453037529163 0.0427097640397894 -0.0679710271088011
-0.0371782079186656 -0.0109438151604033 0.0304377887283402 -0.0741326390347936
-0.0257996459331144 -0.0385846227956234 0.012210379295762 -0.114393967580286
-0.0250708537884282 -0.0680452633130179 0.0488349459275272 -0.0643220261755608
-0.03832065299695 -0.0219383619183106 -0.0124642208547492 -0.0016304161959029
-0.0340927057844731 0.00937653557283255 0.0337951666982142 0.0567854488255248
-0.0143395008199883 0.0171278555212134 0.0824791119131371 0.0215004099337413
-0.000415442342717805 0.014735267950896 0.0793496075767036 -0.0511221272287812
0.00420818353347118 0.0130402904049593 0.0309502648668306 -0.0876449688639369
0.0166304124321762 0.0150174261420642 -0.0161077128847943 -0.0806706506515727
0.0203846054736221 0.0136156373657538 -0.0355578560187081 -0.0552495575522184
0.0191948357829492 0.0190045032936062 -0.0382476018802243 -0.0521392623518124
0.00380369752336733 0.0273249655211964 -0.0300582071592625 -0.0566513411339301
-0.00918554237368991 0.0326048379719243 -0.0194692003528462 -0.0631745592478744
-0.0398502830371066 0.0255302381555393 0.00472283395700859 -0.0640841820335777
-0.0604230148402044 -0.00316790630583899 0.0313074723038966 -0.061261425150739
-0.0437437740346049 -0.0519068724120857 0.0144285000860578 -0.0682848699374348
-0.0139009267252266 -0.0867926145112576 -0.00107094450976385 -0.100344207832605
-0.0122320787146785 -0.108297129982931 0.0464883896306038 -0.0331008944210967
-0.0461521243597145 -0.0686742099886565 -0.0191852176749794 0.0192152779098168
-0.0715454793620779 -0.0192158269018862 0.0311073509019451 0.0811677551908918
-0.0590875237063008 0.0215330261983184 0.0918875399292913 0.0448439338731213
-0.0207074399305823 0.0434145285875321 0.0911971008995572 -0.0421700429071529
0.00130742238737348 0.0403849723241177 0.0404911801901887 -0.0788945898057166
0.0239814085861422 0.0425942689480897 -0.00696568959689246 -0.073563910852822
0.0331469791133876 0.0369243784790027 -0.0277111789439296 -0.0455758043850974
0.0316926705261146 0.0418133088061206 -0.0334649266698056 -0.0388541731296487
0.00431406768670439 0.0501088104187314 -0.0297785237890602 -0.0401259836661421
-0.0200419278518235 0.053853981509076 -0.0277880546844388 -0.0492062049111441
-0.068165563318865 0.035380096298201 -0.0089279782724668 -0.0557654839898939
-0.08837584906103 -0.014517120529863 0.0176454530914756 -0.0556218668825181
-0.0541377334232101 -0.0793612110223338 0.00298317128386768 -0.0568564060862504
-0.00614531124791377 -0.121089557983108 -0.0154645679439647 -0.072359185753162
0.00465201662782247 -0.131084872816711 0.0360438071869737 0.00821435550512402
-0.0415339885394914 -0.107901885507942 -0.0292925981895412 0.0444017429025364
-0.0967675267478006 -0.0524693648831492 0.0188326950276399 0.103420354302606
-0.0987553555979858 0.0159317677558349 0.0881633434256525 0.0716135258915528
-0.0441504172250478 0.0643132490975531 0.0956925445651406 -0.0214859553531021
-0.00415653431962543 0.0631993237665349 0.0476387280470047 -0.0581651415254849
0.0270716454296625 0.0644549783336097 0.00483131104432116 -0.0557330759032089
0.0412265131303765 0.0546384033120881 -0.0158664981955338 -0.0292063892190114
0.0417813920102704 0.0575360704833914 -0.023877412940891 -0.019034978909564
0.00885468308684943 0.0647302607566589 -0.0264166352300418 -0.0174503032237506
-0.0223703528722032 0.068690389765658 -0.0339853075687222 -0.0303690470504534
-0.0830120948070264 0.0460983198367224 -0.0215910054145958 -0.0429637501105171
-0.105733916180753 -0.0163360777676103 0.00577445458812595 -0.0481015111281965
-0.0617180746854288 -0.0924303404580287 -0.00199748333516274 -0.0422581778076327
-0.000214553698987184 -0.137186952731926 -0.0254175711577674 -0.0365177051004565
0.0217554341726326 -0.131271653117489 0.019091739400027 0.0512102764116076
-0.023281857031374 -0.127987570346498 -0.0414147316518837 0.0690575591619046
-0.0980545490025179 -0.0819166117034423 -0.00154409345924919 0.116782709693278
-0.120736226727658 -0.000980468014198569 0.0699771777230385 0.0946763713845252
-0.064127344231601 0.0698441798596924 0.0876152247860319 0.00621735441594545
-0.0116531865377827 0.0746047269252312 0.0496669962171143 -0.0274089671349551
0.0246727402991387 0.0761947992715175 0.0162717487582968 -0.0299584841590642
0.043231838530014 0.0640822706615837 -0.00155588079615199 -0.00852613775855383
0.0459447386899591 0.0647783213979918 -0.0109759552973369 0.00309410605610875
0.0119729876918911 0.0706881052237755 -0.019958969402682 0.00664516312111458
-0.0216274204082806 0.0738071151572577 -0.0374636736699346 -0.00801297303366328
-0.0862958159013546 0.047886863284614 -0.0305779190766979 -0.0282909017051812
-0.106883816240366 -0.0195627835546006 -0.00369815729027793 -0.0397775487233405
-0.0572992692019939 -0.0939693671249849 -7.5276399312884E-05 -0.0276997582538584
0.00834554187297893 -0.134058752335771 -0.0310295478959325 0.00101622873862263
0.0323906068658708 -0.107497788495317 0.000348413563128944 0.0874491901308699
0.000836028098307285 -0.120277095753672 -0.0523676032392587 0.0869552145398306
-0.0768429459090367 -0.0936895243446998 -0.0231031034776445 0.116655322154496
-0.115717336063561 -0.0200102160956989 0.0421774311728446 0.105086048906224
-0.0709927351013145 0.0599056073931443 0.0691145834915395 0.0326374370344206
-0.0163682853494755 0.0719485197319043 0.0450647217514902 0.00496485673104799
0.0193718836727313 0.0750456116811865 0.0258648011502455 -0.00113019882489672
0.0385794345644145 0.0633785770744166 0.0124407396967585 0.0123556633432191
0.0430324666515937 0.0636246792120697 0.00209203032477054 0.0251570159322941
0.0118590990758643 0.0680837411361118 -0.0129295685217816 0.0295584169432711
-0.0211769063371965 0.0685495911726078 -0.0387603803227978 0.0128639775228226
-0.0821517990469506 0.0390871933797198 -0.0377015319916333 -0.0149029342631172
-0.0943394014362915 -0.0257597110837464 -0.0111450530143334 -0.032345059379761
-0.0411611646073447 -0.0880260534377845 0.00277925643934782 -0.0150370209004044
0.0204314813685388 -0.11226119659983 -0.0350477681237294 0.0342994418390456
0.0344022938962773 -0.063823465742009 -0.0154923064921109 0.11221131734136
0.019907421029246 -0.08773977507885 -0.0558653800079785 0.0950603344353641
-0.0437951188957184 -0.0815649987364866 -0.0387880336907276 0.103423315641785
-0.08742624270544 -0.0296691969676637 0.0144724008874697 0.10091652521335
-0.061382355683434 0.0412531248208537 0.0452684049214676 0.0515404204411518
-0.0159617247711597 0.0566485491418632 0.0371576093164328 0.0331384493950639
0.0127280578029454 0.0605701588438646 0.0329997722715092 0.0256169700648398
0.028517325507154 0.0535999854722807 0.0245930526558874 0.0310028047076439
0.0327924031377735 0.0538966910257853 0.013749884613185 0.0447418206682976
0.00853310314145001 0.0581598092817969 -0.00836374540240421 0.0499906147956611
-0.0212339240147576 0.0565676268526497 -0.0420539878905939 0.0299045084706482
-0.0711007945087726 0.0242525832142804 -0.0449298243153215 -0.00506706987432576
-0.0721451298458286 -0.0324001910859617 -0.0191601443126588 -0.0271374993862761
-0.0184566084482586 -0.074421798185384 0.00501118539117312 -0.00590884899224796
0.0324215677407062 -0.0770100402134466 -0.0395823891859216 0.0597858173803491
0.0289649760010638 -0.00911387707658176 -0.0214043487464216 0.119031371744251
0.0301320590926353 -0.0393969559226403 -0.0492878755321194 0.0938020260988414
-0.010733189071231 -0.0511922368425751 -0.0437921211359601 0.0849138835251482
-0.0469380413821491 -0.0282168029407894 -0.00407933982660787 0.0898188952914374
-0.0393734503663792 0.0190458439384313 0.0266660698212842 0.063335022340529
-0.0108532476867468 0.0324324723961297 0.030575815496756 0.0519429174178521
0.00487547009841027 0.0365575611272321 0.0370454893914452 0.0440464901115033
0.015224250606575 0.0350508215274443 0.0327915906225182 0.0444656134544379
0.0189903731572203 0.0370911695100937 0.0201759061639013 0.0597302072605617
0.00396641591782816 0.0420651427010497 -0.00784186184292529 0.0649449033035698
-0.019810650130137 0.0394880168516025 -0.0479554207023689 0.0430973409566327
-0.0530817057901986 0.00901859767089907 -0.0536955756739575 -0.000129263474135299
-0.0431861441359467 -0.0339724864984928 -0.0268045498507603 -0.0274200344048267
0.00532976246787848 -0.0526164668003397 0.00471041217635658 -0.0012791777735501
0.0401343121786631 -0.0314393484269692 -0.0450172422072202 0.0753210624793775
-0.0306129453301186 -0.0199284070569011 0.0452562666246719 -0.0837541664013439
-0.0207892177364581 0.0204282324416461 -0.0119902486791767 -0.0152075816606468
0.00550842852292772 0.0289073912264365 0.02779310220769 0.0396243589277391
0.0243177853706193 0.00548523995929118 0.0674420372242413 0.00969226490629453
0.0120382125569424 -0.0138987753268725 0.0661544466998397 -0.0483617187546165
0.00126911245203003 -0.0131609556238054 0.0233445613055351 -0.0849987919459751
0.00414816710051436 -0.0132061262076929 -0.0203942112123455 -0.0765315692823412
0.00447411748882476 -0.0119119024408891 -0.0366995162020443 -0.0569036198364524
0.0063611466454938 -0.00798781690373215 -0.0390777499958774 -0.0550036031708301
0.00821726784561579 -0.000189332017433251 -0.0301978648712642 -0.0632309685455614
0.0113696233061951 0.00999387019721019 -0.0149480611279595 -0.0694798351761898
-0.00101344090029012 0.0233236770906953 0.0145768562097429 -0.0708741323541386
-0.028623149815179 0.0217419705079014 0.0446445829408512 -0.0680559647030297
-0.0365558092259298 -0.0112235652489233 0.0322470131825665 -0.0728228612790261
-0.0251555672526881 -0.0393643007449879 0.0133617876479625 -0.113109749115815
-0.0243251976034461 -0.0686969025440067 0.0493736079357524 -0.0633020241864077
-0.0387057383990577 -0.0223286127135548 -0.0129301089925598 -0.00142312243767858
-0.0342480528602389 0.00904309390926331 0.0327036347583713 0.0580112100471081
-0.0144154538564769 0.0170335592824096 0.0829118561280767 0.0233822520530924
-0.000641401537131036 0.0145532485327155 0.0793428092486647 -0.0501653566499184
0.00340757358249056 0.0129502556101748 0.0313161235154573 -0.0875557547709102
0.0165951595009209 0.0141937578062236 -0.0160210491523207 -0.0799813260151656
0.0201297805612281 0.0134287345954368 -0.0344933478692291 -0.0548196306393065
0.0186193208895342 0.0186986253343649 -0.0383711084428453 -0.0513029234800392
0.0037585340749805 0.0269646425137072 -0.0305522854639072 -0.0565123700040241
-0.00921160458069395 0.0321418033314919 -0.0197717586763361 -0.0634357673704561
-0.0395024814034413 0.0252019095949489 0.00615185194787762 -0.0644107087070512
-0.0596337870061091 -0.00323849059165946 0.032618960808375 -0.0620348092785392
-0.0424937596235797 -0.0522662203291471 0.0159216887878172 -0.0674260121108831
-0.0129362673676336 -0.0866557299430104 0.000270124093479945 -0.0994181992086075
-0.011263964678648 -0.107607553969653 0.0469681210821709 -0.0317473166708857
-0.045616569311818 -0.068363311370973 -0.0197004754354928 0.0186485921116431
-0.0712686563794334 -0.0197772089435412 0.0296022436646705 0.0822601456606251
-0.0588874138300437 0.0214925831136648 0.0920603620791184 0.046601200685592
-0.0211038732630331 0.0427256138665355 0.0915621562248457 -0.0404478140842147
0.00102584116047336 0.0403989069853109 0.0402629675216606 -0.0784131500988605
0.0240644389696148 0.041953875211788 -0.00705115434443772 -0.0727397912075358
0.0329833160302682 0.0363753610084134 -0.0269855446284199 -0.0450152200591333
0.0311474531941397 0.0415577363704208 -0.0336475790980424 -0.038135974232655
0.00403505768534126 0.0497858339871521 -0.0303555751578775 -0.040235043930481
-0.0198036718809817 0.0531436994453235 -0.0282278665690198 -0.0501265644688817
-0.0684291040770741 0.0351277103018647 -0.0080166634645404 -0.0561540697611198
-0.0876680930635075 -0.0149849692125713 0.0196014940400117 -0.0564893642627719
-0.052805496551028 -0.0792972588183931 0.00458990954032578 -0.0561526022998414
-0.00497746150984608 -0.120654789672763 -0.014537460220341 -0.0715977023728379
0.0059224025694906 -0.130515004788784 0.0364456871882353 0.00883639975359443
-0.0402540079165837 -0.108107458980875 -0.030372238347871 0.0442127373399487
-0.0956705762666247 -0.0533525130800528 0.0166646591047543 0.105028425385612
-0.0993201494452771 0.0153410067589292 0.0883164418805725 0.0742693137854838
-0.0444969829939339 0.0632947184647812 0.0956045717860958 -0.0200755462331813
-0.00495497536514822 0.0626827492379163 0.048122565355943 -0.057526956763259
0.0267773045779196 0.0636166085782051 0.00444232515957347 -0.0551074587793052
0.0411237168130612 0.0538432507968311 -0.0152307409239632 -0.0290909535070598
0.0408822025705628 0.0567465100445624 -0.0242537857036266 -0.0187622659213879
0.0084069183520384 0.0644663660721966 -0.0269498214869668 -0.0180704083648532
-0.0222921528054243 0.0682022908257341 -0.0351288454389443 -0.0303118390658871
-0.0832816529974081 0.0456946877385032 -0.0212228135256606 -0.0433693211127823
-0.104412375953803 -0.0166587228683436 0.00698929351735355 -0.049035268128103
-0.0604315976283113 -0.0922981097990203 -0.000513343726922324 -0.041975891656084
0.00082925620758491 -0.13654569268062 -0.0247286378574838 -0.0360237548739182
0.0228569893699811 -0.129897094150333 0.018990398045155 0.0513185928723417
-0.0220392648928497 -0.127514762326081 -0.0426248875605723 0.0688563379143383
-0.0965499476362873 -0.0827481252696996 -0.00428726673563539 0.11827310999096
-0.12069659592657 -0.00154329664464604 0.0696753464209253 0.0967196030190904
-0.0640002057590104 0.0692241042026794 0.0877349331068182 0.00743513591626044
-0.012327752160853 0.0740750299881774 0.0498268661841401 -0.0272715083490463
0.0246988196020466 0.0753567434501375 0.015869786743617 -0.0297445255449389
0.0432384582789238 0.0635129632374829 -0.00144188207336897 -0.00829211182071151
0.0447556654389861 0.0632204956318709 -0.0117106193637354 0.00359812888789894
0.011581640576874 0.0703683010508585 -0.0200735063312598 0.00577866418217755
-0.0216659925964305 0.0726372285264857 -0.0384699128619046 -0.00823163804486042
-0.0863820830455592 0.0474672740312479 -0.0311643318729396 -0.0291252179067659
-0.105824051243769 -0.0199562191277314 -0.0027500883453167 -0.041070500209422
-0.056158416418223 -0.0936002576969601 0.00120640184494985 -0.0274883260409617
0.00944538469536346 -0.133139042693069 -0.0306384444889159 0.00169636626747858
0.033814283227009 -0.105988477668553 -0.000243000250969106 0.0874808677859169
0.00225395317221658 -0.120120667707526 -0.0538268599717446 0.0858448840362392
-0.0750678300201483 -0.0944079592794308 -0.0256741754894791 0.11704878766728
-0.116264041858628 -0.0204695786780234 0.0412644716036078 0.106716105501447
-0.0708732903896429 0.0589706598562573 0.068403880072652 0.033507381940172
-0.0169344694243354 0.0712425679624279 0.045827392807381 0.00503962241318641
0.0198851342924618 0.0744679795619815 0.0254666832393949 -0.00137290324820218
0.0389931705059363 0.0632225538797554 0.0121980220991878 0.0125137116143753
0.0420401076602999 0.0623013441711978 0.00112538206432218 0.0251263409268285
0.0118624923393831 0.0676702540949578 -0.013552068023817 0.0289506090032816
-0.0212466763837991 0.0680291219834934 -0.0397835439082991 0.0120600011661617
-0.0817296911969919 0.0386006744272862 -0.0384007994849524 -0.0157820966780047
-0.0931498704359629 -0.0263464946902758 -0.0107866021579038 -0.0332452099963081
-0.0397647371431853 -0.0874028035826038 0.00352325455906878 -0.0152681618351141
0.0212427670487212 -0.111533522517787 -0.0350526882469667 0.034535528642343
0.0352428295407726 -0.0627413488862875 -0.0169520001644432 0.111134140238792
0.0206473145112858 -0.0872979598519561 -0.057525693128309 0.0943697963041235
-0.0427804310388608 -0.0828586227456797 -0.0412232262198128 0.103206980544314
-0.0882432775039142 -0.0306101023806587 0.0140205577500239 0.102150653900724
-0.0614820000829629 0.040655537651186 0.0451528420138013 0.0525158441699098
-0.0157918853593845 0.0558395060516133 0.0381460494510576 0.0329374839034315
0.0131261938905984 0.060047709141763 0.0327209384917925 0.0251385451864963
0.0290121028279119 0.0532790927138568 0.0235599123042297 0.0310353484631906
0.0330422395369223 0.0530301535359919 0.0123917584840076 0.0440926602736083
0.00833833948118236 0.0580585232370156 -0.00904311065806012 0.0488893570548606
-0.0215472269245839 0.0566512908915051 -0.0429417751833712 0.029258244936445
-0.0712619842059894 0.0242049961302038 -0.0453769713627084 -0.00614991938316792
-0.0712816822328825 -0.0325965253685834 -0.0185854482039456 -0.0285472723638796
-0.0174848069511128 -0.0738855700896667 0.00573452550793154 -0.00615411049646621
0.0332730360557393 -0.0756443762580153 -0.0394187635203904 0.0597954039090026
0.0296880614845704 -0.00857872507753828 -0.0236861031334703 0.118077581550748
0.0307354319932614 -0.0391762723269702 -0.0517060473758861 0.0924647534433712
-0.0102217689104831 -0.0518706268498414 -0.0461698289022082 0.0846099636838617
-0.0473017646851336 -0.0285171945811927 -0.00497377994250852 0.090547800789281
-0.0394461800288355 0.0188410988695096 0.0262370312589332 0.063587619172367
-0.0112647643050742 0.0319625914071007 0.031183061270622 0.0519776138332131
0.00485746918348862 0.0356944842620377 0.0372299161322827 0.043828050418014
0.0153414862458499 0.0349132464237354 0.0317928744863475 0.0439305638680945
0.0187675792291647 0.0365989377916663 0.0193730868826782 0.0589108870622141
0.00395306492631437 0.0417225521376472 -0.00836266609285706 0.0637083362021424
-0.0192813684988689 0.039397641489126 -0.0489600457675009 0.0420477880392223
-0.0532893267485189 0.00839767314058528 -0.0543080753947093 -0.00155751080771444
-0.0426953887551538 -0.0345269682938416 -0.0263635844626419 -0.0281597491782455
0.00598058431225916 -0.0521103691886241 0.00521246837210033 -0.00152199780901014
0.0405594870446376 -0.0311080362464458 -0.0458223686490675 0.0749254124109623
-0.031360150064715 -0.0212421130252727 0.0468793654413881 -0.0853672963649881
-0.0212177502337703 0.0212777018063896 -0.012849320711893 -0.015682955761862
0.00554447828811027 0.0299992578931712 0.0282989129185091 0.042063035223817
0.0252623884128742 0.00537571489531833 0.0697872434104403 0.0114944581178796
0.0120232601004072 -0.0139788069817165 0.0684273905127682 -0.0486995150976444
0.00120229580802873 -0.0135035076295766 0.0233489349368757 -0.0865846538233395
0.00364196135446473 -0.0139781730903663 -0.0205444040093152 -0.0777535659385183
0.00449207797659807 -0.012528115405904 -0.0371270738877663 -0.0579948915631778
0.00663774644602362 -0.00831501133163906 -0.0399285838063575 -0.0556509241217147
0.00877084705024703 -0.000593150471930357 -0.0316215406260424 -0.0642685478524052
0.0116251904850959 0.00992046837389571 -0.015610083078006 -0.0717413357246698
-0.00114669529816451 0.0242453750193594 0.017105809204134 -0.0729470776733072
-0.02891569777051 0.0226321954899393 0.047157451149882 -0.0705099653781898
-0.0366636043783299 -0.012620704452333 0.0344038773535053 -0.0733731026204549
-0.0255216356296411 -0.040699641141262 0.0151512340690263 -0.115228439947466
-0.0252247035834215 -0.0704659353832729 0.0513265726840915 -0.0645610273499771
-0.0391842903348356 -0.0232871828790079 -0.0140609243104657 -0.00143596176281163
-0.0349173561159991 0.010233905115197 0.0334429354436921 0.0611195580012375
-0.0142906869287546 0.017100822825074 0.0853764658378804 0.0252079509858298
-0.000866618544675452 0.0140760457365364 0.0818389049188985 -0.050231443239798
0.00290826445284356 0.0134734773904722 0.031846072263831 -0.0893951596369401
0.0167480248251789 0.0139826144142777 -0.0166301981210547 -0.0809010239544103
0.0205704410939372 0.0129898815361913 -0.0351142512326935 -0.0558879016688193
0.0187452815187028 0.0191513429569688 -0.039554839269276 -0.0518019424778481
0.00351003028298832 0.0276015564487035 -0.032109923283974 -0.0579030462423598
-0.00929874220982126 0.0324123185872122 -0.0203227310231362 -0.0653769969083982
-0.0401149281475402 0.0258379889163794 0.0073621508230549 -0.0666295116734928
-0.0605120055094738 -0.00347814081636179 0.0353804919406873 -0.0644156987529482
-0.0426282858709528 -0.0539914872439173 0.0181126741278477 -0.0681616026475064
-0.0127502330643075 -0.0896775504902211 0.00161677986882501 -0.10095821021153
-0.0110905259239664 -0.109972848119153 0.0490337159495181 -0.0318735595985054
-0.046638182113065 -0.0704499644863632 -0.0208359516940481 0.0191693340617924
-0.072773553990983 -0.0201733369454293 0.0293389611387072 0.0859295502373927
-0.0605709798057222 0.022289865898384 0.0950372267404356 0.0495009564194413
-0.0213461046232112 0.0430955112535652 0.0934744053537822 -0.0405075563478906
0.00055968846831605 0.0413147714817769 0.0415352135700012 -0.0806134228811729
0.024811095225885 0.0422721538301448 -0.00755686753322777 -0.0736396105896866
0.034041874403472 0.03700123576455 -0.0268138711411037 -0.0459551995084547
0.0312417290955224 0.0415639308012142 -0.0348759046741614 -0.0380330919138446
0.00387085679707418 0.0507860181080466 -0.0322808463610618 -0.0413273299869634
-0.0202618331356411 0.0540312713430718 -0.0297322517132091 -0.0516455891061883
-0.0696963733873869 0.0356335686724967 -0.0076562058391852 -0.0584504079773361
-0.0893073371686591 -0.0151112192381999 0.0213774150167316 -0.0589300581845843
-0.0531293167574594 -0.0817676325276639 0.00567096737417819 -0.0569287577167748
-0.00459124218230468 -0.123909805177619 -0.0137575192435222 -0.0725919867638641
0.00693481183070102 -0.132897212721185 0.0377424981608061 0.00929407813115083
-0.0409344146499797 -0.110834425264247 -0.0318011532184056 0.0449272322251682
-0.0973468225041053 -0.0549058798882321 0.0154827784154822 0.109057936013531
-0.101931408509176 0.0161047881795649 0.0910915058489349 0.0781225959150164
-0.0451713538795343 0.0642321209861428 0.0974319131350184 -0.01913657723928
-0.00538462721224803 0.0641628363448583 0.0495365315134173 -0.0588882782180719
0.027681604108026 0.0642547718971288 0.00431230587313244 -0.0560957230437218
0.042363544203116 0.0546363797184421 -0.0151124791261469 -0.0292639473756726
0.0410946981831356 0.0571779687082718 -0.0254626621935305 -0.0186394204314639
0.00816997809225421 0.0658591981840304 -0.0284569956292488 -0.0191858572267059
-0.0233742434984973 0.0692065584031805 -0.0371449528874064 -0.0318134806044645
-0.0850657790237909 0.0471134052737448 -0.0212805546293821 -0.0454567508513736
-0.106627449443348 -0.0174573568611976 0.00834213636915286 -0.0520459113256286
-0.0603844862511323 -0.0941607876753853 0.000976740351597605 -0.0428658673686492
0.00176496804662989 -0.140145799034946 -0.0245569534446026 -0.036189341962322
0.0247741282510504 -0.132320585257447 0.019467751133915 0.0525461587241585
-0.0209400514087231 -0.130811194049409 -0.0453160193743296 0.0692905593744551
-0.0986243831075393 -0.0853613063707885 -0.00628353852523231 0.122916779010432
-0.124891725895921 -0.00165363712519973 0.0714222713225241 0.101230123807704
-0.0654767855240077 0.0703598999797304 0.0896179756676959 0.00878567960682382
-0.0126058655626576 0.0761328963022217 0.0519633422213545 -0.0283211670819566
0.0258482890908802 0.0767149861112886 0.0159850065461386 -0.0300259573689815
0.0445136958726798 0.0646106266259735 -0.00129233552996974 -0.00864652836545512
0.0454266282681801 0.0641151714541267 -0.0126014200993014 0.00408823041911857
0.0120647094450978 0.0714122823118243 -0.0215788567631776 0.0057529461445026
-0.0224990021637215 0.0738712736397256 -0.0406714535569195 -0.00920460896382422
-0.088688658517811 0.0486815878655262 -0.0322071820470161 -0.0306643775908982
-0.107741200364236 -0.0204648571179452 -0.00174465141338592 -0.0436044874445642
-0.0563950136874926 -0.0957367439149627 0.00148179989218317 -0.0284872054896336
0.00998518719260449 -0.136129489420331 -0.0311159276457368 0.00209540296998766
0.0358516018231518 -0.107890758485795 -0.00111154867913688 0.0894618403174718
0.00388454832347305 -0.122880052002859 -0.0560120571181004 0.0871179820697561
-0.0760764570251934 -0.0975503493369896 -0.028865759988137 0.120995907288421
-0.119591332226167 -0.0215675158896017 0.0427095587913905 0.110744713506261
-0.0727640145336003 0.0601680460302294 0.0698820718478439 0.0349601761113773
-0.0177541489288999 0.0725346312998148 0.0475761879579108 0.00506595063184843
0.0203029602209125 0.0757901202970429 0.0257804530559093 -0.00124020771152245
0.0401240464942953 0.0643513365655683 0.012272070732786 0.0128858323575605
0.0428781046263048 0.0629742922532648 0.000559676321216081 0.0254914356498876
0.0122905023021999 0.0691122923092045 -0.0143256999371954 0.0287279554464801
-0.0221135457662971 0.0692701901579068 -0.0420813249461282 0.0116510730184117
-0.0841116068675011 0.0400447732083393 -0.0398314113259995 -0.0170205228121798
-0.0950342681015553 -0.0266852720730513 -0.0105684293940665 -0.0356702213417653
-0.0399748116483315 -0.089184223812038 0.00466877485770374 -0.0162506240324716
0.022245684497207 -0.1138431302294 -0.0358944195619124 0.0360230411675468
0.0373531865121984 -0.0632317745222748 -0.0182757586277737 0.113208682299478
0.02214115642453 -0.0896142793876388 -0.0604408071110443 0.0954884203902277
-0.0428999014668491 -0.0851072809555962 -0.0442200971017748 0.106351632233729
-0.0902354843035442 -0.0315904750417269 0.0137067807034424 0.106148004842149
-0.0631117571824904 0.0412459273093062 0.0458880568223945 0.054339374944907
-0.0169147979014664 0.0564387475499773 0.03947871336779 0.034104522301205
0.0133022619706754 0.061591685215906 0.0330467308174538 0.0253631130225716
0.030288036231196 0.0539200918186659 0.0237074984824096 0.0313566463052639
0.033350449661382 0.0536729210524754 0.0119290757617615 0.0445885807812884
0.00872939091159284 0.0592981210593034 -0.00976198452383864 0.0492544224941469
-0.0219320597801516 0.0576599231472475 -0.0454243710545702 0.0294939892809142
-0.0733455045731461 0.0251823286996311 -0.0471330609386423 -0.00698312987762386
-0.072495076580762 -0.0336982069995328 -0.0185125161123816 -0.0305389005278286
-0.0166819006219156 -0.0751028832396876 0.00596542748143523 -0.00714527820789232
0.0345526686189458 -0.0773283908269519 -0.0403619137561774 0.0618008103364375
0.0311359241128637 -0.00840426477536381 -0.0252385195207891 0.120274940898133
0.0321604309518798 -0.0402881286761898 -0.0547659519215041 0.0942553440893963
-0.0100606409857103 -0.0533539618353627 -0.04983264174843 0.0870824267915462
-0.0490332480570158 -0.0293165604869283 -0.00553657613661378 0.093745037136783
-0.0400097629827155 0.0195923532183029 0.0271201285613718 0.0654965014928992
-0.0116567157469128 0.0323167500555132 0.0329589691368105 0.053162313180912
0.0052878167198068 0.0365926779205979 0.0377158501234524 0.0442359386029034
0.0161176688359973 0.0358166105824737 0.0319681377358139 0.0442534928801119
0.0193767948542866 0.0369547132399809 0.0187541785858718 0.0597468363583223
0.0047451555210599 0.0427864200626544 -0.0092748915904544 0.0639110770653057
-0.0199969284565145 0.0402929550637989 -0.0511564541538477 0.0422584110534615
-0.0556054013842871 0.00871224168577393 -0.0563951549871549 -0.0023115197349411
-0.0435587059321471 -0.0354324661347842 -0.0267844764099476 -0.0303435313405204
0.00705231068390806 -0.0529774353018917 0.00608852809388569 -0.00230661544356089
0.0420593172972186 -0.0312828507910254 -0.0470775650048923 0.0768117074695131
-0.0354260949408061 -0.0197569120635027 0.0457603002787233 -0.0928641210740126
-0.0197963182275024 0.0236255189402607 -0.0160909381110896 -0.0165696580719491
0.010125042902086 0.0302510952713586 0.0294619334991368 0.0427127626470621
0.0277949734468909 0.00169540420931618 0.0723778661871582 0.00970523212830607
0.0108764306682987 -0.0170582364206776 0.068618940424484 -0.0537745174360701
-0.00134189563317021 -0.0146104397416695 0.0178681186549368 -0.0902040488112328
0.00151532547986789 -0.0155706079180113 -0.0264821307124728 -0.0775244735026128
0.00276301282426073 -0.0135944587312328 -0.0422991651478668 -0.0564686577606695
0.00543063259301765 -0.00887347916546172 -0.0464902400876731 -0.0549158094194409
0.00899583488774372 -0.0011130808861445 -0.0392974725211696 -0.0656893404936353
0.0139525240486042 0.0086454463052446 -0.0222228926863841 -0.0747806751980068
0.00253384723796022 0.0258526698622152 0.0131095847609618 -0.0809691185080208
-0.0264566435163759 0.0276674326566876 0.0467544746947983 -0.0805718701281821
-0.0382282763907493 -0.0098644606397034 0.0345819733530742 -0.0774972065837206
-0.0286456571122393 -0.0414076528343482 0.0107283642197387 -0.118878592031161
-0.0341305627935892 -0.0696106360425611 0.0552722747790221 -0.0701478634442457
-0.0419844066524565 -0.0185838186956431 -0.0136874731111544 -0.00322309091350514
-0.0332007716561934 0.0148048450233822 0.0375015360728071 0.0586596441194847
-0.0112116970692668 0.0192683196589504 0.0894332123117477 0.020274787566281
0.000757886975244798 0.0133397249767354 0.0800916643395635 -0.0571167860190015
0.00260633667191479 0.0124389046644872 0.0251681597285081 -0.0938662569071009
0.0179052416539932 0.0118724297635586 -0.0249023316424244 -0.0810569468095837
0.0212742480238068 0.0111680689621166 -0.0399768829020586 -0.0540067170610068
0.020771443837266 0.0174355339006351 -0.0460995886732252 -0.0507058140268425
0.00666181404141962 0.0278730826391586 -0.0402406831193813 -0.0594965454711525
-0.00465724667480761 0.0333594153392214 -0.0276444658023154 -0.0689890144830045
-0.0378044840452327 0.0308439395468518 0.00445056508924548 -0.0742504652865425
-0.0614197463333887 0.0031176453422524 0.0367968873572944 -0.0727900448163885
-0.0476895817870627 -0.052888084849795 0.0165264508457988 -0.0682719807701924
-0.0187970540327661 -0.0942010828712631 -0.00616624154011805 -0.100691502832378
-0.023771120691853 -0.110807516107847 0.0575330595081158 -0.0356216641713264
-0.053974111281987 -0.0657750968243218 -0.0170642330037931 0.0188170381758912
-0.0747146420985006 -0.0118900286997493 0.0382169645894091 0.0820563367174447
-0.0575510895996565 0.0295228274009624 0.101421894034924 0.040881083493312
-0.0167271838664826 0.0441474001929022 0.0908527397279799 -0.0491003555873164
0.00309706507592352 0.0413716051736349 0.0347070680711862 -0.0861352835671411
0.0298076799716076 0.0396424137108241 -0.0171614292888821 -0.0751312257509454
0.0373982041701088 0.0343074727894975 -0.03135547551189 -0.044443226249124
0.0356709395993312 0.0390137721729854 -0.0395938122650092 -0.0372052029358666
0.00918629817684594 0.0514651121884945 -0.0391090097124466 -0.0424128530787761
-0.0148682008200021 0.0564725718890439 -0.036877489948248 -0.0543684663830184
-0.0667751677535709 0.0440872138616245 -0.0102938830051228 -0.0648975721167748
-0.0916886533125919 -0.00641798903794738 0.0234373371420866 -0.0661465899240783
-0.0614619118571199 -0.0813388701424626 0.00366223718709423 -0.05441625328116
-0.0125375576733073 -0.131223949338759 -0.0223539493668079 -0.0679976390324131
-0.00709342264044082 -0.135166904195395 0.049615428975335 0.00949460773224593
-0.0515791182002281 -0.106997122577393 -0.0240652691160443 0.0460043715195848
-0.103585059171445 -0.0447296256912614 0.0285040805692126 0.104999759649895
-0.0997898766788474 0.0289264808906613 0.100699385297769 0.0663659062164532
-0.0383330065996784 0.0677821401433594 0.0952096849723461 -0.029510887427736
-0.000383372635254156 0.0648084402786838 0.0436820433992049 -0.065047120182408
0.0363364916828219 0.0627452063461078 -0.00547493593261843 -0.0592398322186229
0.0472975661582046 0.0516499179251925 -0.0185002467639169 -0.0278730854091737
0.0477450850622695 0.0533221465468693 -0.0281171533553554 -0.0169564224989961
0.0150855314413926 0.0663739852223391 -0.0334211047269322 -0.0191967988252473
-0.0157415678701619 0.0717836387031486 -0.0435366160865073 -0.0329732721735345
-0.0813339415173027 0.0571187965622696 -0.0247215702172258 -0.0509832864743142
-0.110136415317127 -0.00763401970554785 0.0109718392251184 -0.057827864303606
-0.0702544284022082 -0.0936672902137076 -0.00107043335633559 -0.0385047716315405
-0.00816975572534683 -0.14897038028462 -0.0332129725909671 -0.0283507406307863
0.011735585479181 -0.13589737721362 0.0324121635688602 0.0559539401881018
-0.0339328307524804 -0.129138918906917 -0.035481463703899 0.0735207928330475
-0.107824249055685 -0.0746698829372815 0.00877747257107786 0.120482580572694
-0.125053217242111 0.0140516403059296 0.0840583753433574 0.0903868814053041
-0.0578816608802253 0.0763919052628318 0.0882147834109 -0.00146912896085005
-0.0066055642595252 0.077278552410229 0.048159367579681 -0.0337341256923355
0.0360548376761257 0.0753621043199368 0.00792602816648522 -0.0344361210734256
0.050797867135074 0.0616173114983179 -0.0027747561787391 -0.00753308312537914
0.0529403212898312 0.0596600117745511 -0.0133844180106542 0.00518392448500797
0.0195977053127285 0.0717228484901613 -0.0242554057767613 0.00553076450629972
-0.0155657594771736 0.076508779972429 -0.0458111536400129 -0.00914871233063591
-0.0847589542063453 0.0594866171594604 -0.0348489746961892 -0.0346171691412946
-0.112170290494589 -0.0111060680573455 3.03712285894404E-05 -0.0479753028206458
-0.0660677068841213 -0.0950355292300943 0.000824841779307257 -0.0237972279486774
0.00070091091914362 -0.1448747229207 -0.03777955863402 0.0116109263287576
0.0267657987003737 -0.111303373496792 0.0112519946184417 0.0954759072612254
-0.00752263128388248 -0.123795502848235 -0.0467360059940004 0.0938451984189398
-0.0869526072999374 -0.0896338511833645 -0.0133171941360868 0.122173055313748
-0.12284033548947 -0.00655176521660971 0.0559080562499944 0.102981746425953
-0.0662180222924592 0.067574491009025 0.0707313527175791 0.0270981123552529
-0.0116779903307438 0.0746904506772952 0.0462630982117868 0.000228835976380589
0.0302920197595373 0.0753158173737891 0.0211172110168605 -0.00623944595422319
0.0464869742554788 0.0615142920745246 0.0125689987754475 0.0131243814747514
0.0501637137909638 0.0594606670989832 0.00188385689320325 0.0268239452849299
0.0192476345571758 0.0692787305664761 -0.0151347054068958 0.0296192560677174
-0.0155568943278788 0.0718483220158146 -0.0456053103233418 0.0133395118438738
-0.0816613902999186 0.0495920304976531 -0.0422431212767016 -0.0189622163974718
-0.09959992673895 -0.0186912428769421 -0.00891326054151577 -0.0383122338415445
-0.04813453298522 -0.0898078075740458 0.003609181039431 -0.0120942645587586
0.0148572165979814 -0.122801502137486 -0.0407072330134928 0.0457722106741859
0.0332534137927772 -0.0675735043253284 -0.00911888620807562 0.120519435656213
0.0153671736102802 -0.090946288563781 -0.052300677963819 0.103261261141624
-0.0519791529623056 -0.0811098076405167 -0.0323284664137257 0.110946506778983
-0.0947751425203856 -0.0202199948265079 0.0265106638064831 0.102137960958666
-0.0582973157500293 0.0483862460793124 0.048652612973076 0.0486603741474855
-0.0117255471295189 0.0585222650305261 0.0413071520704072 0.0304604073944392
0.0213627763817394 0.061287190077725 0.0317586426282049 0.0202673132357498
0.0358091356767039 0.0527473200313217 0.0266046941258359 0.0310729652655532
0.0396028181736687 0.0508866457716699 0.0152630756134217 0.0457938778891547
0.0149868803542743 0.0593507542994833 -0.00786500473259702 0.0501280971783497
-0.0168858916243029 0.0598261982890065 -0.0479457642157235 0.0330669112361709
-0.0726481040301747 0.0327353203229949 -0.0497070347608918 -0.00701706580647113
-0.0773704589226675 -0.028121864228179 -0.0183376668541043 -0.031778427200624
-0.0226906130241409 -0.076783555177113 0.00502824795236099 -0.00439722049094778
0.0300000099790226 -0.0848859591858935 -0.043783430969226 0.0702639973094928
0.0330219020233105 -0.0105080475143337 -0.0205101186737678 0.127421952852933
0.0300808407760224 -0.0425843318805062 -0.0496457562628723 0.100983550183923
-0.0153415807890162 -0.0525434868016899 -0.0420440086728437 0.093312442043219
-0.0523569834425388 -0.0227214217520051 0.00428984676145182 0.0944598544321923
-0.0378806034503648 0.0242135801069619 0.0316055736207159 0.0630121773027418
-0.00813805542319882 0.0335684168218611 0.0369734115005917 0.0515344657390592
0.010558132341317 0.0375253610953381 0.0398880727860805 0.0399418592037395
0.0198950775247881 0.0353066321418889 0.0353915195448425 0.0436888879765154
0.0239208105748426 0.0357852949024862 0.0238962537012162 0.0607712722492508
0.00867151135506377 0.0433538540578214 -0.00602627660261636 0.0666405149375006
-0.0164913611196401 0.0425527085664458 -0.0525126240743347 0.0469952761923099
-0.0561003102603506 0.0142017576866702 -0.0591097791469165 -0.000431018906744314
-0.0476279436254086 -0.0327072741422254 -0.0282163616184965 -0.0300399323896029
0.00314366358939047 -0.0555503682106241 0.00437934091920005 -0.0011386285197686
0.0410957559232928 -0.0367621330770626 -0.0481418603598057 0.0836184472933125
-0.0380266259316219 -0.0188929382961413 0.0430267746126059 -0.0971308912381539
-0.0195725229737737 0.0249069733642366 -0.0186758349568923 -0.0155452549112246
0.0123562208688936 0.0314650749566149 0.0321723702408461 0.0438612657855391
0.0286992905218839 0.000487743946500816 0.0756991612023868 0.00804027518038722
0.0101582480581758 -0.01785922717279 0.0688300498273257 -0.0578444544303965
-0.00221360509134183 -0.0144567117061858 0.0141539824635522 -0.0932849568417314
0.00043917859962157 -0.015885471534127 -0.0309413589239106 -0.0775955586044024
0.00170136881251532 -0.0142931861559584 -0.0456203295568509 -0.0554208934954425
0.00512700379202859 -0.00958119224883794 -0.0500812065154978 -0.0536014467688107
0.0093580819610495 -0.00192836564526417 -0.044065327972344 -0.0653683846375024
0.0150180340388146 0.00763704061832588 -0.0266652892943687 -0.0764237000978585
0.00431880188416265 0.0260494948785889 0.0106783773664716 -0.0857687592145727
-0.0254155251532164 0.0295634176241294 0.0456746645460927 -0.0862720690106524
-0.0400371668534466 -0.00929173172122336 0.0339168443537476 -0.080031402809237
-0.031466901384313 -0.0415569361777481 0.00666662531952964 -0.122522928149488
-0.0385405607974977 -0.0705578255139149 0.0543992909386743 -0.0745199394653051
-0.0440415568417267 -0.0173242872054015 -0.0155897714940991 -0.00185333957435892
-0.0330759270768907 0.0170650081833075 0.0414075437172519 0.0605091852986016
-0.0105403518407918 0.0202412329613876 0.0942774641649229 0.0175439358492872
0.00132590926930278 0.0129159803615096 0.0806607846674384 -0.061590964993045
0.00357866123563532 0.0128730900134168 0.0211778283936847 -0.0973367591017798
0.0187533817501832 0.0105213050128196 -0.0294632618787555 -0.0813675317142604
0.0222981579172307 0.00992674225796067 -0.0430214780309589 -0.0533971000678931
0.0218607606632414 0.0166155575106237 -0.0497778855829902 -0.0489729423760379
0.00796284312703965 0.0281787139764053 -0.044761549179117 -0.0587791668699448
-0.0036107778891519 0.0339649638070735 -0.0319751914898796 -0.0697445997241431
-0.0371923917193667 0.0334420287718261 0.00214561104651302 -0.0779494842711675
-0.0622448097755652 0.00661312298408082 0.0353205219139708 -0.0777845657919211
-0.0512335348269049 -0.053110309577116 0.0155839718767764 -0.0699095907672558
-0.0238733093068349 -0.0966821843561244 -0.00948730421615864 -0.102620849880965
-0.0291093363389248 -0.112977567793016 0.0582274041060596 -0.0388761155281694
-0.0585327656124443 -0.0652557644056676 -0.0176671984764672 0.020263774157757
-0.0771572260251638 -0.00863823558858471 0.0427344777709983 0.0844857826562494
-0.0573349470313154 0.0336245927253108 0.106981468873679 0.0382710631013707
-0.0152458051459501 0.0458843993470004 0.0916609243850887 -0.0537503556998195
0.00507283133346808 0.0425315309766907 0.031358350114316 -0.0901512773084649
0.0325383636381989 0.0385492875532894 -0.0214316263777718 -0.0756605454394212
0.0397810717965391 0.0327360817902032 -0.0343838304071737 -0.0437727694936664
0.0382375573321979 0.0377402327540596 -0.0431689787359858 -0.0352494430143256
0.0121969806190191 0.0527377003870518 -0.04303018773319 -0.0415965430839044
-0.012707169440768 0.0579528024620403 -0.0413722324747789 -0.0542537184030721
-0.0666604746842477 0.0486464528867351 -0.0132885036945325 -0.0676355888705348
-0.0938463735968769 -0.0023326049294424 0.0220801007979573 -0.0707595248454932
-0.0661118886345313 -0.0808318057840795 0.00304253343352889 -0.0550879701266828
-0.0194859926199253 -0.134855795993944 -0.0250266202163216 -0.0680777901717222
-0.0126797576805947 -0.138254260665958 0.0517929459102362 0.00734902461602579
-0.0575909930289245 -0.107584895178438 -0.0240555076603118 0.0484560958121851
-0.108251444056226 -0.0405083927560053 0.0336338653269708 0.108907070425383
-0.101539332577366 0.0352360543256227 0.107739724893107 0.0652908230117961
-0.0362879783454285 0.0715141101447456 0.0967392960756342 -0.0332925119872888
0.00249419705966274 0.0669646200005796 0.0420525631751551 -0.0692609913598688
0.0404206643914629 0.0613932716970223 -0.00850848892663097 -0.0595027777340867
0.0513671792360963 0.0499981838836448 -0.0200426877288998 -0.0277994862874321
0.0509883084743832 0.0519137465848507 -0.0305447085419543 -0.0153840037092643
0.0183768989530657 0.0669393911273902 -0.036811026656233 -0.0182964162010838
-0.0130679580884272 0.0742416184323797 -0.0475621439289994 -0.031918733771522
-0.0806069719794285 0.0624478159842186 -0.0277468894206368 -0.0524164433133567
-0.112842243519958 -0.00267955172444889 0.008811470486135 -0.0623071150129978
-0.0758393852148335 -0.093236360226608 -0.00178604605210185 -0.0393589896907318
-0.0152316574430795 -0.152345408127973 -0.034062882628501 -0.0270342178455321
0.006542438976775 -0.140090536053986 0.0359590605056261 0.0558533802671069
-0.0399478145029077 -0.131438594322508 -0.0340982732442738 0.076432357885314
-0.114085799441645 -0.072070420738226 0.0134980056031546 0.125416695847352
-0.128350116068405 0.0205369546615669 0.0912169873375084 0.0907276106979096
-0.056240379325274 0.0804126610564934 0.0913210318137522 -0.00449908291078308
-0.00353962379429776 0.0800258454135338 0.0484207333571876 -0.0375511155559338
0.0407188770686755 0.0751439325548605 0.00676700370127927 -0.0351891953838515
0.0555569295853695 0.0599320302097532 -0.00337049635865925 -0.00819848358388179
0.0566051431509984 0.0582509221348983 -0.014076593534436 0.00639937000049578
0.0232594640367962 0.0727599553023925 -0.0262826060593678 0.00711184310085204
-0.0121055582845004 0.0791743795083521 -0.0490773683327284 -0.00691326333529006
-0.0842267652185672 0.0652346999577096 -0.0378096323596809 -0.0350798315462649
-0.115032618290204 -0.00576214045277495 -0.00183316350454183 -0.0514976803632676
-0.0714184762733989 -0.0948290093657522 0.000436886553781156 -0.024872975030517
-0.00577047311585349 -0.148869514938412 -0.0375381170956257 0.014279127840913
0.0234181903180127 -0.116014854944205 0.0152945220855468 0.0971444896276731
-0.0119905533536685 -0.126851541473421 -0.044658127908371 0.0973417796721547
-0.0930309198683853 -0.0891131494529897 -0.010265791096211 0.127686705474004
-0.126768294861947 -0.000622793763193095 0.0626278152522329 0.104492316921975
-0.0650385282158944 0.0721361453180466 0.0737705346215384 0.0254313843685354
-0.00873017502015011 0.0778344922762216 0.0486135842362328 -0.00224452279015531
0.0353294040500976 0.0748489013869456 0.021180298160284 -0.00722108569879459
0.0513912100274888 0.0607002269124769 0.0131927881641958 0.0123071663477043
0.0540192420401251 0.0581563340500797 0.00278372231182996 0.027379719848697
0.0233685891666158 0.0697914639351661 -0.0156063245607589 0.0304119713573283
-0.0130187811992451 0.0742090704190368 -0.0476580532496114 0.0161244782155755
-0.0814817868675126 0.0554119950416407 -0.0449556556495093 -0.0186908766446637
-0.103076039389944 -0.0145008622305264 -0.0110696657023078 -0.0410192815006391
-0.0528161758984218 -0.089873604393581 0.00366230219648901 -0.0133944004537113
0.00948203037556647 -0.126366671414393 -0.0391172901941456 0.0493314898885183
0.0320847087700924 -0.069950872875025 -0.00449305034967351 0.123792601402289
0.0126195956680759 -0.0949405558367016 -0.0504748017708442 0.107369085505674
-0.0566863544004697 -0.0814353811832766 -0.0301979289336905 0.116547226915399
-0.09910462556304 -0.0162715892118012 0.0321786167630174 0.104995473495921
-0.0575641499985842 0.0518802516959663 0.052443209222439 0.0484081598616898
-0.00977734211356493 0.0607829313007447 0.0446001586568051 0.0291344193973473
0.0256480593811984 0.0615925846158518 0.0336319858112863 0.0189838046362982
0.0400599152021051 0.0515613702581872 0.0278907619918021 0.0301043946130036
0.0435296155346388 0.050156559920879 0.0170452719790343 0.0461766515750297
0.0186665915588143 0.0601679253893126 -0.00746931493467708 0.0513371912863872
-0.014658952974669 0.0623129505747855 -0.0486244412506826 0.0358244110545714
-0.0733296733167958 0.0376951893378658 -0.0521051929504545 -0.00551674943310504
-0.0805974993801336 -0.0251112123605222 -0.0202280014691705 -0.0333900187926071
-0.0260093281706192 -0.0778326034248436 0.00519212311296297 -0.00556298530308346
0.0270848778073733 -0.0882725215728113 -0.0413975257667121 0.0746948162296408
0.0341341738985062 -0.0120225958974959 -0.0164370274877366 0.131396302097912
0.0297411646752736 -0.0455394031601928 -0.0483497533903178 0.105166362132016
-0.0179313939839308 -0.0530859232325279 -0.0412210808175818 0.0982229398793035
-0.0553751854063114 -0.0209871959750039 0.00815992725831329 0.0973402270695855
-0.0374605936420762 0.0271520632692779 0.03558205588145 0.063531173190435
-0.00677222053965645 0.0349209177366819 0.0412086054742535 0.0504891913085719
0.0127288801546593 0.0379664345317539 0.042797393919906 0.0383883993168583
0.0228511035629538 0.0349673795984803 0.0376620384732609 0.0422270295350055
0.0263428024466513 0.0355138830293119 0.0263560364746541 0.0606985746681019
0.0116864074091649 0.0442249928653033 -0.0041876769585344 0.0677656548694029
-0.0150943074035252 0.0446062205690598 -0.0527322093294595 0.0506462258979716
-0.057044335177462 0.0183492908922613 -0.0615450552732671 0.00118246917930428
-0.0506992600091529 -0.0315145745339658 -0.0305580495770981 -0.0313551019662164
0.00170324466743842 -0.0569745571839491 0.00505162889111268 -0.00224598812919949
0.0406447861192621 -0.0393606370926044 -0.0455375778814178 0.0880916534096133
-0.0395861968874864 -0.0172046371832451 0.0389167257278157 -0.0994013517935275
-0.0182175703508685 0.0258987173391073 -0.0207477182395169 -0.0141420290520761
0.0140089186970666 0.0309075518978027 0.0350202329674631 0.0440294786270122
0.0288937697745574 -0.00134300351420449 0.077448727464865 0.00507153148909808
0.00922115818603098 -0.018474531138474 0.0667058980595545 -0.0605941333412631
-0.00331223731940161 -0.0138360753460534 0.00913609378854348 -0.0935402876926828
-0.0011976624219287 -0.0159872925121324 -0.034406415121428 -0.0755860554643121
0.000495405670775935 -0.0141577838708908 -0.0477544900221281 -0.0528171236828155
0.00438698195210288 -0.00978204354381832 -0.0531438042205165 -0.0497701056635428
0.00917841993528605 -0.00245544216770675 -0.0487852477277978 -0.0623873073480174
0.0157745534843731 0.0061687733276636 -0.0307466890252494 -0.0755718531981196
0.00562701836011764 0.0266379971573615 0.00734433668256069 -0.0877519914772522
-0.0233380217722236 0.0312528598554896 0.0421515187319205 -0.0894807355875797
-0.0409654670445404 -0.00799299899704343 0.0322864613344002 -0.0802724473043827
-0.0342677146493361 -0.0405356235369579 0.00193393151230692 -0.122320654840946
-0.042843837719352 -0.0689914180453914 0.0513135186499948 -0.0772728563936004
-0.0449883158423054 -0.0151491607916996 -0.0165803629242248 -0.000354458879239512
-0.0322132771051725 0.0190350652095303 0.0453938395228516 0.0599680021819716
-0.00905984943576571 0.0210369026530441 0.0960033007204337 0.01429543163411
0.00177987486389298 0.0128310778024204 0.0779442423466283 -0.0646915674652231
0.00381935431054032 0.0129952576485266 0.0157896126880096 -0.0979572575738659
0.0188511159892946 0.00939264862084184 -0.0332067051531748 -0.0790203109396701
0.0225212316818298 0.00830200176889041 -0.0455325467684798 -0.0512457839099984
0.0220238107276821 0.0152098080736532 -0.0525308249816754 -0.0454354835611198
0.00934941433949354 0.0276761745959642 -0.0487223435707384 -0.0558019482653809
-0.00172945603548479 0.0334948511519925 -0.0364753263795529 -0.0690530561092791
-0.0351926500197836 0.0360672347275774 -0.00110652558849209 -0.0794537384086588
-0.0613882534035219 0.00987534795860983 0.0318187414746722 -0.0814561324458617
-0.0539648234301484 -0.0515437940745968 0.0140492664958312 -0.0696313625111865
-0.0291851183731312 -0.095654029470866 -0.0135997811822949 -0.101146398948389
-0.035357721681305 -0.111654541976514 0.0569287337317832 -0.0419847800288467
-0.0614701799627996 -0.0620133374044647 -0.0178137536117427 0.021251237628624
-0.0776461944424049 -0.00420500159646599 0.0476691911781557 0.084527809562878
-0.0553054311191406 0.0371673075843471 0.110714729576756 0.0343851965418079
-0.0132742422812014 0.0465264844384703 0.0901397899137443 -0.0575831516524415
0.00704624639822967 0.0423387448456675 0.0268685167672137 -0.0915919883062399
0.0344686120718868 0.0361942075730555 -0.0249642515539304 -0.073374659078933
0.0414312656427889 0.0298602259055465 -0.036200628695989 -0.0422661182127155
0.0399504488892314 0.035735469452009 -0.0448189398685283 -0.0320886733313482
0.014676705520406 0.0517234933845731 -0.0462421924659661 -0.0389782665668469
-0.00973652152661579 0.0580156885169915 -0.0450422617401019 -0.0526093433196622
-0.0638525173990282 0.052393011650307 -0.016278184902233 -0.0688840592836795
-0.0932824340163327 0.00278612290713914 0.0187474961902958 -0.0742006209277323
-0.0700487702345743 -0.0786103880838998 0.00161820121906305 -0.0552958454868486
-0.0267021674934877 -0.133938433419075 -0.0276121278906728 -0.0659985833612838
-0.0193656863016567 -0.137929521083239 0.0523540303371515 0.00462210662390944
-0.06257649676953 -0.104661898083068 -0.0231854096177434 0.0495174791918093
-0.110884145690902 -0.0352582591733506 0.0387423687398208 0.1095806777442
-0.099592326033248 0.0410210027997295 0.112437332462706 0.0610368726482328
-0.0329964722044543 0.0728427516315641 0.0965302451449564 -0.0368789595289836
0.00583943489780266 0.0671312060585129 0.038638705544332 -0.0715669306464673
0.0432583719985643 0.0584388159799661 -0.0116526352554761 -0.058473914980205
0.0543979738046242 0.0464658606966534 -0.0217310140251344 -0.0268944257962353
0.0534102604039253 0.0487328802314476 -0.0312977199079435 -0.0133278786844462
0.0225038918818164 0.0660398910602466 -0.0390038717006645 -0.0162364885912824
-0.00965062684896794 0.0740470076113162 -0.0504937866550128 -0.0301184909171025
-0.0769856467595308 0.0675744619210373 -0.0305732398967483 -0.0528253583513719
-0.112402088283544 0.00344050775801839 0.00565537192163974 -0.0649522623725878
-0.0797681523122776 -0.0901432473076649 -0.00241234106068574 -0.0394505318166923
-0.023150111684691 -0.151523847185261 -0.0344000101421178 -0.0245238885813285
0.000820351786107812 -0.140104658934983 0.0389764490411336 0.053895330018471
-0.0459018100968566 -0.129838744198447 -0.0321478953861248 0.0777750985195016
-0.118092576160767 -0.066645673667611 0.0190741562183078 0.126951582080946
-0.12750537505659 0.0277503966455075 0.0974247667534401 0.0871458555221833
-0.051973906769677 0.0834747155217185 0.091634680097972 -0.00771448869663277
0.000282713296876225 0.0805654768879723 0.0470397167661698 -0.0407590036032326
0.0445793788170856 0.0719242246297745 0.00497369991496277 -0.034832911018157
0.0589242785498087 0.05586461626934 -0.00385211098187516 -0.00815248343930758
0.0597270857153883 0.0544325407129668 -0.0139416018490055 0.0074076536474478
0.0273444910437601 0.0708416740050705 -0.0271703767337479 0.0079864268416526
-0.00832717035190255 0.0793466813818921 -0.0505497119365191 -0.00452440696551314
-0.0810260146220053 0.0701808601919847 -0.0400110955006084 -0.0347242175398251
-0.115042880849668 0.000525041892992703 -0.00484862325587625 -0.0537719974759075
-0.0754193313259773 -0.0914269465178366 0.000735943982576907 -0.0255608588511085
-0.0135547488060381 -0.148576581390081 -0.0359105302457457 0.0171840120492811
0.0189497653295879 -0.116754871451929 0.0192468177471037 0.0963789400198958
-0.0173943836829376 -0.127007100345333 -0.0418037451883714 0.098721693635499
-0.0975872205598112 -0.0847789328837776 -0.00544346268485515 0.130309300626726
-0.127594250422648 0.00612269515634046 0.0683373355526867 0.102744701936581
-0.0615728355613488 0.0752941001009525 0.0758562273962472 0.0225454134721855
-0.00458518771021917 0.0782502682081167 0.0489879095170741 -0.00561786951293554
0.0394435803426767 0.0725958150471278 0.0205651241172903 -0.00820950440603965
0.0551883065321945 0.0568047151205393 0.0135085622248272 0.0114248152790194
0.057172564822492 0.0543440562519853 0.00346759147152466 0.0273217316950082
0.0270776937085002 0.0683716839591015 -0.0150396399897043 0.0308450666685089
-0.00933104347725524 0.074218693119672 -0.0485153608731083 0.0186260568307544
-0.0788826886867676 0.0597274705682942 -0.046774033653665 -0.0171373555283514
-0.10353465076544 -0.00883383871809453 -0.0134537338452113 -0.0428104042539665
-0.05634458704785 -0.087245153387913 0.00380391957523676 -0.0145822074067357
0.00261188013924429 -0.126494690927023 -0.0355249283154315 0.0517971168019159
0.0300946300364843 -0.0720462585341204 0.000489990596366239 0.124153018335139
0.00910993311341511 -0.0963093486870845 -0.0474283353847408 0.109136303030036
-0.0611027933494048 -0.0793841884439545 -0.0264109080752974 0.119841931288985
-0.100509253639186 -0.0107181535428944 0.0373249181868828 0.104234743442808
-0.0551510020137032 0.0544021958634917 0.0547031536752873 0.0462970509168147
-0.0068368847416438 0.0610830476086416 0.0464895605061705 0.0263888239640761
0.0291864738172402 0.0595777312123713 0.0338823880357977 0.0171089023251557
0.0436456712544225 0.0489718022920475 0.0284877753917243 0.0284535456738951
0.0459999390071903 0.0469161230767417 0.0188178934128058 0.0449558084109073
0.0220518392618302 0.0587674886851024 -0.00606473171481238 0.0515372084240038
-0.0108005402745362 0.0632242628994414 -0.0476161459724635 0.0383801126898011
-0.0713851045853083 0.0422320047658849 -0.0532622141258834 -0.00408895104955778
-0.0819125737959738 -0.0207474554918402 -0.0224866232639836 -0.0345245222626674
-0.0292248965646203 -0.076848567315524 0.00561053000677077 -0.00683556205590275
0.0221091628331763 -0.0896562430626849 -0.0369782961442774 0.0772010953383406
0.0340679427990437 -0.0139331989984954 -0.01170232065296 0.132295017341257
0.0278223623478639 -0.047644887349492 -0.0449332960100089 0.107087781623603
-0.0208255215812142 -0.053024368101414 -0.0381589409573536 0.101487085134771
-0.0568145191381791 -0.0181835792456023 0.0130449293479596 0.0972657236392855
-0.035151295660537 0.0286814849404 0.0388263095863017 0.0622500527734238
-0.00539051339015442 0.0353546336788762 0.0446268955030838 0.0477521390032832
0.0156167285288828 0.0367867085091697 0.0442646164461151 0.0353622264211598
0.0254396788460414 0.0337092099774016 0.0390206936261067 0.0400023375208229
0.0284771401221163 0.0336757466417242 0.0286341997294331 0.0589485693673731
0.0143669835492899 0.043404350374342 -0.00151174340452306 0.0668812060394462
-0.0122014754192596 0.0454154325924455 -0.0511241888783675 0.0531077973250995
-0.0564605886160812 0.0222035297651945 -0.0619352626714699 0.00372426044947422
-0.0524508136594203 -0.0288120252555233 -0.0323173327989234 -0.0313482236628145
-0.000635134812242757 -0.0573480046715734 0.00540253301385029 -0.00373651709446321
0.0385143663122326 -0.0412046956112383 -0.0410208423288497 0.0910017066862959
-0.0401772200294034 -0.0159799549349619 0.0355389100104124 -0.099104518920189
-0.0174448647452115 0.025744324643107 -0.021906499299088 -0.011955282839822
0.0152954093719252 0.030330151849595 0.0364013979986206 0.043396558884822
0.0288308695453848 -0.0022094121602208 0.0777381563458252 0.00342672156039589
0.00839482583867016 -0.01791099485293 0.0649837808346071 -0.061389985074768
-0.00392212565028478 -0.0129280764112104 0.00609565836406214 -0.0911980564294814
-0.00247098512190798 -0.0162100171492926 -0.0355054831541895 -0.0724954876976563
-0.000615578420591853 -0.0143432754165902 -0.0478534346974556 -0.0500419500227834
0.00356198430228219 -0.00950968777842963 -0.0536082132466493 -0.0464293596805742
0.00877873166157981 -0.00269578053573235 -0.0500848751267434 -0.0590694896424525
0.0157374951133896 0.0045628919021772 -0.0334072861350117 -0.0739102898647827
0.00703522021674066 0.0256299080601821 0.00511282771374557 -0.0880382187227216
-0.0211214736433485 0.0315308800282495 0.0393338510459019 -0.0904344634550638
-0.0411684557072519 -0.00741474015196315 0.0318118687419769 -0.0788936215881934
-0.0352400671608125 -0.0387756159727499 -0.00049691196063673 -0.11971472797944
-0.0447169120772677 -0.0666577878759695 0.0484985568520403 -0.0776269860418115
-0.0450803613720703 -0.0135326073615243 -0.0177162529600396 0.000956747550885484
-0.0306267650846461 0.0204535548329258 0.0470580613283658 0.0593628308798772
-0.00769128985843506 0.0206786333701776 0.0964965690615193 0.0116075156627492
0.0014515251725982 0.0125699759695071 0.0757200441867986 -0.0653114637972125
0.0044031879015587 0.0130468860363647 0.0127289334547182 -0.0967134707986017
0.0179134231913324 0.00825619837284591 -0.0347706975134748 -0.0758421655322482
0.0217091963128885 0.00685465529896615 -0.0454132403244716 -0.0487855897371848
0.0220007217232812 0.0141389398323599 -0.0530364553131492 -0.0421659862744559
0.009900116528648 0.0266211074581417 -0.0505623368869799 -0.0525622464474042
-0.000806415874728069 0.0322447083775586 -0.0386233723412366 -0.0669493981908796
-0.0330124778106152 0.0363779787929826 -0.00361129072771454 -0.0798223926897979
-0.0588566095376377 0.0118036811583748 0.0293441965294283 -0.082223355940971
-0.0550028549779768 -0.0495756197212462 0.013677332272247 -0.0683420910713119
-0.032048637398175 -0.0928356342159033 -0.01517140994172 -0.0988888081798747
-0.0381866530583029 -0.108859158820164 0.0551613497010195 -0.0430743883410465
-0.0622375652046228 -0.0595394052165585 -0.0179838860109606 0.0223479747429319
-0.0766589680675409 -0.00132712261181835 0.0495011588556424 0.0836270067571276
-0.0532158307872865 0.038642179555369 0.111042653847575 0.0312816252312314
-0.0117998255889865 0.0459620444297544 0.0879907631860379 -0.0580905992976704
0.00837182638321808 0.0416246862445353 0.0234130134659716 -0.0905059381400199
0.0344854843012634 0.0336614916234858 -0.0265236768299544 -0.0704528960529545
0.0412755461323699 0.0266928365554043 -0.0367033441913722 -0.0401334856567983
0.0396128549670235 0.0333629403012305 -0.0449292161093607 -0.0291586750338727
0.0156947568373774 0.0501607329872026 -0.0474436088738937 -0.0361324747197994
-0.00767877611839787 0.0568167986765556 -0.0472426341530344 -0.0506391873085917
-0.0605065966992906 0.0539886744213148 -0.0181537536465873 -0.068560351395028
-0.0906934351884503 0.00504352236056944 0.0163956923349164 -0.0747567675784178
-0.0708612924883872 -0.0753374113171783 0.00217298023498182 -0.053799681833625
-0.0309428397228396 -0.131045101045012 -0.0275098344429451 -0.0634930726439634
-0.0225791152785342 -0.135272634372513 0.0519396242883032 0.00265143653598337
-0.0642868033086125 -0.101355928928859 -0.0227258302562241 0.0497821886114127
-0.109706225039695 -0.0306633497404438 0.0412344533450864 0.108668199802668
-0.0968225423029347 0.0441067772964009 0.113943681099216 0.057834316172299
-0.03026423744044 0.0726345379379459 0.0944399139722505 -0.038773234302871
0.00805475566499817 0.0660435787240555 0.0361215715732614 -0.0714751436747237
0.0442493369767512 0.0551896260725358 -0.0128980998433447 -0.0559316746323773
0.0548024584292239 0.0427706166891155 -0.0220763991665938 -0.0258574996514275
0.0535114045356152 0.0456412082657144 -0.0311697864808352 -0.0115502313546588
0.0232824134533134 0.0642057604122655 -0.0401455774499917 -0.0141722380595324
-0.00777990264470758 0.0728635315293506 -0.0517058616109975 -0.0276727500592985
-0.0734968906508878 0.0692729046518233 -0.0318344490034543 -0.0526018167135276
-0.109537869250524 0.00667303610739567 0.00367129551485371 -0.0660328591505361
-0.0807880543443972 -0.0864285050843629 -0.00197368373907847 -0.0386603464199921
-0.0283740258913336 -0.14831185343068 -0.0334858162956265 -0.0218268770191026
-0.00274788732488325 -0.138200016882354 0.0395844160862995 0.0517184700367121
-0.0480685872343919 -0.126843584464285 -0.0308599912176838 0.0775194882554445
-0.11742101014036 -0.0622602240585645 0.0219423231285981 0.12615355350591
-0.124532589421319 0.0320274278156268 0.0990168742264992 0.0842463278509701
-0.0485658195986169 0.0834199687278221 0.0909581826331283 -0.00925153272520411
0.0031097592623314 0.0790092778010452 0.0453478819882553 -0.041779936029684
0.0461382463481303 0.0684692813622633 0.00371320636483896 -0.0339566285234027
0.0604891221733604 0.0519834046035785 -0.00446348106265308 -0.00807507704907767
0.0602120708237735 0.0514361777824863 -0.0137859114233407 0.00810376317474743
0.0287515522351291 0.0685178608273398 -0.0275100205704335 0.00890264008684258
-0.00611947279543042 0.0781372054190103 -0.0513268610499355 -0.00286719311146457
-0.0772798742782534 0.0723101622538125 -0.0410683325303217 -0.0336965404012122
-0.112219073656105 0.00427779155607123 -0.00703188075840045 -0.0551347034625126
-0.0760598007858211 -0.0876342564208919 0.000810690528673822 -0.0254625372065924
-0.0186176776363361 -0.145549062934289 -0.0338140977932803 0.0179428010321219
0.0159566464430065 -0.116001137991103 0.0216188850957608 0.0944592128579421
-0.0200010886798432 -0.125096421084431 -0.0403117724524391 0.0983880591390922
-0.0984952552861829 -0.0806432737745619 -0.00275144058763223 0.130263938559226
-0.124891249732969 0.0103805880179983 0.0712485645658673 0.099989047604335
-0.0582040560543648 0.0754740951141877 0.0760323959941885 0.0206480111922362
-0.00219684123211436 0.0767849555510321 0.0486216572633614 -0.00771125628713124
0.0413987519391799 0.0691106808653089 0.0200753245566693 -0.00828386629970718
0.0564589004560441 0.0531858140623322 0.0132115061828082 0.0104956169743125
0.0577709486397013 0.0507801905021245 0.00357416077540807 0.0268241960337534
0.0289665708489819 0.0659179163296158 -0.01516028299048 0.0307863809493531
-0.00664260319174907 0.0735248064895379 -0.0481169060649869 0.0196121422139025
-0.0753736430355105 0.061851957998434 -0.0468111544633228 -0.016676636798796
-0.101698303981886 -0.00551589566380412 -0.0152101210586039 -0.0436677604525311
-0.0571752216745381 -0.0843018821618844 0.00404243844727328 -0.0149519625510447
-0.00143993720401615 -0.123726254982984 -0.0327565255006486 0.0522851317226408
0.0281213891540614 -0.0721172414747133 0.00312635451107769 0.122213202452055
0.00679300747697665 -0.0958683074523935 -0.0457662361560079 0.108248114569161
-0.0622096230661358 -0.07691285693943 -0.0237928361663113 0.120145019482265
-0.0992409243037356 -0.00756006401930734 0.0404380001851655 0.101905800095481
-0.0524854078569646 0.055313513709575 0.0555348925332516 0.0444526793530346
-0.00506093613521943 0.0607487689841871 0.047778208456197 0.0229375445642551
0.0304470335580384 0.0571360184300625 0.0339603185097915 0.0157121304945777
0.0449940529057395 0.0462164401256781 0.0277525097807764 0.0261396661084096
0.0464059274255984 0.0441627444802548 0.0189591314288656 0.0436740031235409
0.0243024890924439 0.0569316850687792 -0.00531329076173293 0.0500293703998293
-0.008771389271606 0.0623156051410197 -0.0468443236029994 0.0389665520308106
-0.0686151533873215 0.0448219283233723 -0.0534881236600263 -0.00326643311853138
-0.0808507191040439 -0.0175190193161356 -0.0236965512982086 -0.0352534481227184
-0.0306725688327722 -0.0747174232874029 0.00587016111010149 -0.00780454121457215
0.019226418547397 -0.088345578007763 -0.0337232388645278 0.0767131770708716
0.0339418741070337 -0.0150674696979941 -0.00851260998990659 0.129981542066575
0.0267182173432875 -0.0488091760566008 -0.0431868176260647 0.105843078309801
-0.0219693660507327 -0.0516602572518781 -0.0362628300283567 0.101874665698831
-0.0567323870930694 -0.0154759492167012 0.0155749597260658 0.0958824596178325
-0.0340961403872755 0.0295365747263334 0.0403262269347697 0.0600812587999292
-0.00399087624850073 0.0349586718521544 0.0457837849437728 0.0447320782944631
0.016465643927242 0.0355267036875126 0.0444667240341939 0.0327923157630002
0.0265201089182138 0.0319380990358683 0.0388263915763986 0.0382494749321175
0.0292762005314513 0.0314480548698747 0.0296244829589006 0.0568175574504283
0.0163576441869632 0.0419946516934823 -0.00063812311492615 0.0653913333895055
-0.0104748122201032 0.0452408696549464 -0.0495968612636121 0.0541341191091619
-0.0554153172549594 0.0242003226059082 -0.0618205734722865 0.00473202344357024
-0.0523528672911719 -0.0261716269882977 -0.0331768315055748 -0.0314166142387279
-0.00174482135102166 -0.0567646407048635 0.00536740617486658 -0.00496922401224345
0.0368141337177088 -0.0412431795263161 -0.0368810745985659 0.0900410638804905
-0.041218782423585 -0.0157547482480018 0.0356185644437648 -0.0984024263010273
-0.0174365172211472 0.0253177010473635 -0.0222754858952655 -0.0105259228432666
0.015420077220343 0.0304130239784248 0.0374617943778897 0.04386312965231
0.0290303589920785 -0.00277357614464414 0.0780889293039388 0.00353878137045736
0.00854669170924776 -0.0177190145878577 0.0650149601707361 -0.060837109675576
-0.00407826759443558 -0.0124426028232451 0.00641811465430015 -0.0893300455865934
-0.00333039064826936 -0.0155382666599457 -0.0351301997480671 -0.0714395841268698
-0.00142214475855804 -0.0142360350307373 -0.0471989759363729 -0.049408636619577
0.00278405131138366 -0.00925761651771556 -0.0528793018820711 -0.0448281730412749
0.00852130759546531 -0.00314069851968761 -0.0502967388520028 -0.0580004861284378
0.0154316888395149 0.00401616385048464 -0.0336263923307105 -0.0734163351999411
0.00745618151326226 0.0253894400497626 0.00461424016662115 -0.0886137758369876
-0.0204516904400789 0.031036614593793 0.0387226840053634 -0.0899236641854866
-0.0414931188474782 -0.00739091982908246 0.0335060393859139 -0.0772938387088223
-0.0354712051466276 -0.0387908058376488 -8.29615032690184E-05 -0.118530251574528
-0.0454672575495206 -0.0657552350231713 0.048334564613055 -0.0774478618250691
-0.0444703065749068 -0.0133926414653288 -0.0181014236322313 0.00186587651047602
-0.0303701613231604 0.0205681631501979 0.04762559659786 0.0598145974883751
-0.0073967404970387 0.0208107790622276 0.0970594325595204 0.0116399099222312
0.00179353218513602 0.0127140042577554 0.0761457485403447 -0.0647749746441097
0.0041896716208359 0.0132279601894052 0.0118422976034711 -0.0945864877968696
0.0173903889420904 0.00757848617514163 -0.0340252693303773 -0.0742460117576834
0.0212755545722131 0.0059794887645383 -0.0450109791076154 -0.0476184710582087
0.0214004456727518 0.0137782421190752 -0.0521652724094662 -0.0401428141169927
0.0094596543951303 0.0265883273161716 -0.0506859065442875 -0.0512208056311197
-0.000840785164595128 0.0313883307431444 -0.0389798433027895 -0.06588165019376
-0.031970398034663 0.0358752901599852 -0.00355857747963494 -0.080875605509735
-0.0577544988821051 0.0112616260355513 0.0294910932600232 -0.0824756209998636
-0.054863199019533 -0.0494194336695349 0.0156839976645603 -0.0669092827289242
-0.0324309362059874 -0.0921031494490406 -0.0137400053653313 -0.0969230679081436
-0.0384302070070185 -0.107837223938814 0.0547648550926456 -0.0428295247493832
-0.0615369333960237 -0.0590202593352212 -0.0193174853742887 0.0226079062418991
-0.0750108944980329 -0.000115453167183225 0.0502692604169162 0.0842052706795258
-0.0521056828591499 0.0388530305424641 0.111752449099369 0.0308786426761548
-0.011569173366022 0.0455888016215391 0.0883758332091829 -0.0574385791186028
0.0083980489962433 0.0412001338243051 0.0229122567731537 -0.0898533135357947
0.0331915457188003 0.0323825547567707 -0.0259974915718711 -0.0686722713926383
0.0409339966312425 0.0255845748917196 -0.0360122610797545 -0.0397856535187126
0.0390133836326409 0.0324716957526472 -0.0446289983627454 -0.027749844068771
0.0155346124346855 0.0493207365344631 -0.048332097484713 -0.0349675559100563
-0.00740667515779126 0.0557823020227282 -0.0479596260924567 -0.0497353903075862
-0.0590875448489555 0.0535191611614546 -0.0181180882023445 -0.0698707418042581
-0.0894720658219482 0.00529988469928098 0.0159275943702904 -0.0755991657741538
-0.0705805028116129 -0.0746964131722656 0.00392222320267378 -0.0527638440221999
-0.0312234344937535 -0.128939136484035 -0.0261543949694168 -0.0623692496306015
-0.0230841644045076 -0.134081024876181 0.0518332037157951 0.00266294913383303
-0.0635337444597982 -0.100310451016081 -0.023813328714324 0.0492865491369975
-0.108732038123702 -0.029893190802613 0.041735813660269 0.109221190869824
-0.094913012333597 0.0444153342821587 0.1143616983658 0.057775005345306
-0.0297548026182007 0.0716768524777169 0.0950506483267581 -0.0377137569129203
0.00833704755182488 0.0652886740282262 0.0354306478320518 -0.071675293183689
0.0435019201989026 0.0537205667242107 -0.0121133939138428 -0.0546204980019594
0.0546971297137829 0.0409211962432403 -0.0217740198048784 -0.0256059085343621
0.0528904217861314 0.0443078506175378 -0.0311321493432392 -0.0104913957001471
0.0236465035862059 0.062962603045116 -0.0404436462642813 -0.0134655017222186
-0.00676901165696482 0.0716430161403683 -0.0522332059996184 -0.0270565197046188
-0.0716566575636827 0.0691617192820131 -0.0324027404707928 -0.0534919305564989
-0.107800328230758 0.0072255832030604 0.00287825679371524 -0.0670230784620892
-0.0798251541796127 -0.085240875853513 -0.000166941465973345 -0.0386305930247706
-0.0284485264027896 -0.146231435653052 -0.0314660398376325 -0.0216035490052912
-0.00253223546234849 -0.136791788169748 0.0388783889267762 0.0508852887245923
-0.0477389929281739 -0.126195812749807 -0.0323674341296294 0.0765699112160257
-0.117182449205778 -0.0608976869494357 0.0218876857305564 0.127249227482158
-0.122396416823423 0.0327649310094096 0.0998420689840352 0.083760615002319
-0.0481118180708445 0.0825016159772528 0.0913005101172649 -0.0089527532391419
0.00372537411207727 0.0783532645440886 0.0449360787397536 -0.0425135356010703
0.0458347483374733 0.0663646264505446 0.00391830502440687 -0.0332442786803319
0.0602630989009227 0.0497517382665382 -0.0046565270410673 -0.00803825707006167
0.0594829338579028 0.0499793639626703 -0.0138356485539088 0.00840039217784754
0.0286611776406382 0.0673786576425837 -0.0283975286297618 0.0091170734739555
-0.00527926736979481 0.0767029394010037 -0.0517125800059623 -0.00254168012515588
-0.0751324954652945 0.0725196310068018 -0.0415424805977357 -0.0351665828397623
-0.110704113196702 0.00460119561828559 -0.00785182846733485 -0.0558874510082469
-0.0749826148939966 -0.0867867241430211 0.001997776932572 -0.0256304667355013
-0.0187233045338737 -0.142888279218015 -0.0318271441094637 0.0186292000553969
0.015783649285863 -0.115203256804386 0.0208918281250097 0.0928506927718977
-0.0197161893958972 -0.124720214035981 -0.041150494606349 0.0974141460640917
-0.0976613990025711 -0.0796789105869555 -0.00283298260529348 0.130944761663524
-0.123959621968844 0.0109121748503855 0.0719030710443685 0.0994009865098017
-0.0573849203187676 0.0749766911962789 0.0762937921944958 0.0207324182166173
-0.00179197474541286 0.0761500792414453 0.0483266140506785 -0.00871228509375952
0.0408471972199569 0.0671784215267837 0.0200455637599412 -0.00839328013878292
0.0568692356584522 0.0508850092937944 0.0120201630333827 0.0101261769562893
0.0569262625372105 0.0498084089474074 0.00319741400858735 0.0265603713498685
0.0293455337475666 0.0647599949933775 -0.0161847391771486 0.0304861777311164
-0.00596739529853958 0.0728814434315404 -0.0485940059206848 0.0197484441119466
-0.0737297646481437 0.0626697493470834 -0.0474525021703775 -0.0175098791845533
-0.100118881450762 -0.00462214016400383 -0.0162654773520739 -0.044779076487672
-0.0562663691166435 -0.0835282206704717 0.00471703001053376 -0.015434768705093
-0.00163841309270138 -0.122131109332963 -0.0313449360417254 0.0519520310596499
0.0279272934394848 -0.0717854678812898 0.00252139732418347 0.121000242599545
0.00671757912978567 -0.0958596652497737 -0.0466392518304652 0.106840175593198
-0.0620027203110151 -0.0759595817119046 -0.0242951955292145 0.120482161271993
-0.0986775592604214 -0.00683089308203835 0.0407809178808243 0.101613858139952
-0.0518302085115003 0.0545635313270543 0.0563009782997437 0.0446007488072066
-0.00432392614258144 0.0595933688731451 0.0470178009462735 0.0217685641167716
0.0308870276477629 0.0556571639956397 0.0333410483677604 0.0155760203990093
0.0450422372548991 0.0445576408927382 0.0270942964908327 0.0258403717634413
0.0465137243324555 0.0430363145735487 0.0182523361467361 0.0427136239350492
0.0246869665155082 0.0560028927482266 -0.00617179168673587 0.0492336732308361
-0.00824671510506886 0.0613755331358471 -0.047330445685506 0.0388547911867741
-0.0674444494925587 0.045433302483742 -0.0534505447949418 -0.00405614508365918
-0.0799494937681633 -0.0168429988217596 -0.0243870324925474 -0.036019163262559
-0.0298434146501265 -0.0740473101261691 0.00629273494921595 -0.00843653483554173
0.0182282083001559 -0.0870773870591626 -0.03251148235663 0.0766143039365494
0.0340113807988391 -0.0152622322232583 -0.00941898068548598 0.128979561387067
0.026412582274046 -0.0490222117449816 -0.0445670665324487 0.104911201911131
-0.0221607398474313 -0.0518762176862111 -0.0371898058254309 0.102554395064551
-0.0567546618108539 -0.0149714373254299 0.0158391949212699 0.0958224518006092
-0.0338638512071326 0.0288888735348787 0.0400823324524032 0.0597558304783947
-0.00384844891465986 0.0342490057845743 0.0461060938794268 0.0433099768154753
0.0166312348067168 0.0344435976677665 0.0436004139871646 0.0319918594237872
0.0274080063772178 0.0308924581488189 0.0375124474767617 0.0369827932092944
0.0297914612343588 0.0311361887108209 0.0285043445619507 0.0557050600799745
0.0168769725596669 0.0411103697824054 -0.00151659286509858 0.0645700213211952
-0.00968988575056633 0.0451776515049317 -0.0496771647113346 0.053449291238236
-0.0543520355129139 0.0253965849240944 -0.0621097858728806 0.00418363471046734
-0.0517346364470238 -0.0256430959928298 -0.0336831836980156 -0.0326726581897264
-0.00162634102419108 -0.0560037235960474 0.00576567411665006 -0.00592211446390232
0.0363359859454257 -0.0405105605808884 -0.0359991455957852 0.0894905168792618
-0.0432487819135112 -0.00798959598668975 0.0170256918183746 -0.111408337054039
-0.0126081395650647 0.0287337054128503 -0.0264079010469431 -0.00572490439490757
0.0215258536155057 0.0266657369949622 0.0460510339266984 0.0409379890454901
0.0282212130448231 -0.00951442448644993 0.0828146249661063 -0.00760644673404325
0.00489293558649627 -0.019849539500781 0.0572802034988047 -0.0739053407795161
-0.00748204593058102 -0.0116932666331215 -0.00864180726817515 -0.0915562918212691
-0.00757731527528206 -0.0142485761402852 -0.045771102452287 -0.0654973137095156
-0.00457636762361703 -0.0133417740367845 -0.0558738693336652 -0.040838489223612
0.000508944464884288 -0.00994123647767438 -0.0617586951455657 -0.0354564975368798
0.00692086594697684 -0.0051721776617718 -0.0630598217465079 -0.0482325172735651
0.0151070979618049 -0.000336458960466529 -0.0495790383101233 -0.0683635628290588
0.0131210170068136 0.0218563504149514 -0.0137550355652911 -0.0930853825077247
-0.0121473300164586 0.0330434888568904 0.0214543402170923 -0.101997274257241
-0.0422088103556399 -3.03280400888823E-05 0.0234120463336245 -0.0867657771495035
-0.0422268223464381 -0.0334405701587948 -0.017357409112738 -0.120165018474136
-0.0550322296427494 -0.0552741933079105 0.0371215054994194 -0.0944755691682431
-0.0457336565313007 -0.0039117525679187 -0.0194461494407954 0.0040722042360675
-0.0241041122069425 0.0261057728691813 0.0581134530707297 0.0520485569853242
-0.00160168003674543 0.0200910100313116 0.100616122171517 -0.00522425979264371
0.00375437350424427 0.0103578531790313 0.0660734865188914 -0.0790608617810689
0.00538944371169815 0.012077385503017 -0.004946357472107 -0.0974920016107996
0.0166088505648179 0.00411860010087356 -0.0462751824768107 -0.0666716758755849
0.0211726617252921 0.00202789147887594 -0.0533986580473874 -0.0394140121629964
0.0224203777648474 0.00928000543991496 -0.0607345564323972 -0.030863239721212
0.013390575168407 0.0235651717224042 -0.0631300658861681 -0.0422739791106139
0.00406865891005313 0.0287024486309459 -0.0541947181171986 -0.0600045187778763
-0.0237451714060107 0.0396209226659054 -0.0208481425895241 -0.0846783654827593
-0.0518584932763145 0.0204831080423667 0.0139863217976631 -0.0939373420258462
-0.0632362142194412 -0.0387741786511252 0.009396125137361 -0.0711155390238125
-0.0496490931914374 -0.0868613113556531 -0.0256985833779976 -0.0931073185632417
-0.0559751956792833 -0.0969383542354498 0.0522191723009605 -0.0615879227334367
-0.0706181135882895 -0.0452815742870416 -0.0156829906518599 0.0233735285802271
-0.0715715516570928 0.0143466113712597 0.0641363577090945 0.0725731942475578
-0.0401720816334161 0.046494735072865 0.116477105186165 0.00919371642059381
-0.00307957676454572 0.0446340017395356 0.0777037875458563 -0.0729229119350512
0.0146453332789456 0.0384647443368362 0.00564202528709281 -0.092910654483538
0.0370163767585048 0.0243673765666627 -0.0390458660764345 -0.0607113724912024
0.0430966361538207 0.017605248547125 -0.0430403073406465 -0.0325563242833173
0.0428196879619318 0.02466954614348 -0.0505284997354371 -0.019761555647929
0.0232034530903374 0.0453486968176875 -0.0583448304654729 -0.0263204825039427
0.00127478821619872 0.05363813933902 -0.0600756959560328 -0.0416815151788117
-0.0471732673009974 0.0616019145770313 -0.0336682047873246 -0.0713258961793275
-0.083805062255497 0.020573268729971 0.00159172152830037 -0.0862364278894874
-0.0835095728871877 -0.0614478944445443 0.00102763045311492 -0.0539021367114806
-0.0552655207742122 -0.123473101061157 -0.0306989329874202 -0.0537036810212419
-0.0447399384856263 -0.124536772955195 0.059187739789134 -0.0143301269489046
-0.0798030517906137 -0.0855148467076918 -0.0145028985391066 0.0503894281260068
-0.109043013398924 -0.0077040206056358 0.0595928510237725 0.0966525208919692
-0.0805022188294922 0.061287275824676 0.12198936570457 0.0329215284893822
-0.0153498954663736 0.0739233419332766 0.0861022482719241 -0.0537237244542625
0.0191276699017937 0.0615745660554563 0.0203876207317859 -0.0762908465923989
0.0520070621948009 0.0423923049557281 -0.0247919325101868 -0.0476483983951203
0.0596138617555352 0.0300155520759479 -0.0269645477660178 -0.0213222124907194
0.0584806137644242 0.0334423888089711 -0.0341182569692762 -0.00502871536415031
0.0333404511983206 0.0571591557801596 -0.0465765430857064 -0.00594976819780517
0.0043981182076492 0.0687159938129739 -0.0610827312882418 -0.0174512216194757
-0.0571068803458328 0.0791172974220987 -0.0455295007523736 -0.0524137905776705
-0.101880002500494 0.0258506165147699 -0.0101937151300831 -0.0756031041114991
-0.0949513457018974 -0.0696766234014406 5.31049044211632E-05 -0.038059995126967
-0.0565137591238005 -0.140334772198828 -0.0285527352831788 -0.00999652352053051
-0.0260836453630196 -0.131137298026736 0.0559418535290174 0.0390219434504382
-0.0688293972539562 -0.113420649998243 -0.016416734830075 0.0797880550286474
-0.123273979562213 -0.0361262419234234 0.044476904155503 0.116645462633297
-0.109576215159771 0.0562411953283924 0.111533964134533 0.0596835726678649
-0.0309170568266409 0.0879221758467979 0.0857978552760846 -0.0242239706677014
0.0170969811325566 0.0750255295638237 0.034015740926512 -0.0485075376060952
0.0571219332094782 0.0544449891609297 -0.00576421933852769 -0.02897552396006
0.0669581646602961 0.0377964168391061 -0.00683908733062833 -0.00622055048472471
0.0660101726129287 0.0378730207793974 -0.0137151370640068 0.0106081684098975
0.0391438520897194 0.0609875851793652 -0.0301826138223163 0.0147514916316335
0.00667574636508337 0.0741620753251503 -0.0560626750687054 0.0076036343900157
-0.0601073524228144 0.0827983933320381 -0.0514322864154091 -0.0309144077638687
-0.10526448541205 0.0236662175402337 -0.0189536097444532 -0.062449385945064
-0.0902982221678599 -0.0722537175578143 0.0037535149650711 -0.0257188548558512
-0.045776112697665 -0.138464299134381 -0.0227800512122333 0.0309831282334587
-0.00448637049327671 -0.113188646113276 0.0445836882472883 0.088419309193964
-0.0413059229160873 -0.117620207786662 -0.0214472996180797 0.104148765793655
-0.108476492192426 -0.0582253200451795 0.0215069313330381 0.125306354344296
-0.115394518828104 0.0360442200015229 0.0870235839497493 0.0795080716532088
-0.0413212432822768 0.0826313149388991 0.0757829695370921 0.00738723394481301
0.0118086947218558 0.0738291506472631 0.0438655026861697 -0.0157992424960456
0.0531690277567247 0.0560258775156606 0.0140677198706007 -0.00710651150521681
0.0640218626211052 0.0399322099991766 0.0136313705665284 0.00827665185288382
0.0641170169898 0.0379171347992702 0.00693518217639473 0.0259288261010417
0.0395009243714458 0.0582208333482651 -0.013351961608745 0.0340354925033147
0.005523602678764 0.0705204954722679 -0.048242789604238 0.0298205423074695
-0.0606880314309172 0.0741398979086308 -0.0536986887110237 -0.0118469390407284
-0.0973033494993623 0.0130522356314754 -0.024953274697832 -0.0490170605463665
-0.0710281164243009 -0.0721959984905223 0.00755226112743548 -0.0158185246649437
-0.024833999092097 -0.120497003295696 -0.0174368988918833 0.0648115127590946
0.0148616461703585 -0.0738888203613894 0.0288897077047176 0.122626294410342
-0.0102020045614835 -0.0944546254504248 -0.0261724361355294 0.116635966628139
-0.073621302275031 -0.0610618312227529 -0.00148328430859216 0.121260248782359
-0.0953339399585071 0.0135795837706632 0.0569244711517274 0.0890032895316693
-0.0393925163318081 0.0624807888106866 0.0606328214101181 0.0349080715953336
0.00646270224608867 0.058793581223938 0.0486365582513018 0.0149343573796233
0.0408349086391878 0.0468019801213034 0.0320413382970629 0.0129187253844718
0.0520006827663382 0.0352170473148396 0.0309516588521426 0.021579811151125
0.0533673772667951 0.0335548056953323 0.0247561036009417 0.0392961197028063
0.0335409547715175 0.0503182184451559 0.000628782149185358 0.0510193376197361
0.0018115953898116 0.0606108700442583 -0.0426099088268451 0.0494454551678491
-0.0580201520207289 0.0563916898983405 -0.0567294283877617 0.00338869730278583
-0.0800319978008758 -0.00241760705038795 -0.0316823274736632 -0.0371955854908393
-0.0431665194402088 -0.0678898341324876 0.00849637119659419 -0.00852987570983619
0.00189628671247863 -0.0890967978363156 -0.0168110371686122 0.0885055645301726
0.0296668122026124 -0.0208077990813495 0.0151251673576336 0.136140891412412
0.0176057333374193 -0.0527655720156383 -0.0258587781415326 0.115965601854139
-0.0308712589226116 -0.0455688289877071 -0.0177602973215848 0.108835811615671
-0.0567023097793665 -0.00237747034376214 0.0324822952980815 0.0901215729795708
-0.0263429579445298 0.0342594401699102 0.0493624574575151 0.0531748163502587
0.00280261008198659 0.0335083876016199 0.0526179146689511 0.0360830964025782
0.0232629134597621 0.0298623445546649 0.0459830556490529 0.0262553509859146
0.0327454546914768 0.0252579299447756 0.0433641953312791 0.0306540499227902
0.0347873163733829 0.0247854237530026 0.038323505465156 0.0507189196128549
0.0238683561978917 0.037472663429403 0.0086831608587599 0.0655681604798371
-0.00225483636068428 0.0451552249554257 -0.0419013844853166 0.0641056302507631
-0.048902870041263 0.0340588442162086 -0.0638439556593737 0.0145093904538661
-0.0545049731265751 -0.0156057721327737 -0.0401632022278233 -0.0299678222248445
-0.0117361112903184 -0.0555049792502268 0.00621955166798561 -0.00603732144159625
0.0279696860023655 -0.0464461196639895 -0.0208843533840407 0.100954209335227
-0.0457479728675622 -0.0075739540526021 0.0176699989427127 -0.116220628560823
-0.0133397749795014 0.0299069851093402 -0.0276565257516731 -0.00547795366677963
0.0231016052224708 0.0276591253292642 0.0488685404640363 0.0426293008518522
0.029548333526112 -0.0109773765306917 0.0864617430443768 -0.00791517806428494
0.00490617214267203 -0.0212913842650968 0.0602317924856298 -0.0777395098148018
-0.00759158889174504 -0.0115840140759985 -0.00877777053812443 -0.0948720646950115
-0.00861604522360606 -0.0142480567495469 -0.0476199654997976 -0.067629276624794
-0.00535509074591608 -0.0136081761294346 -0.0574822917400756 -0.0424121973853233
-0.000182255308017834 -0.0101358204535166 -0.0636210626809894 -0.0359751246041449
0.00692786478307487 -0.00530714425983626 -0.066198342260744 -0.0494142189931471
0.0151808807651507 -0.000976861629568329 -0.0524151594514229 -0.0709331296648843
0.0150095463062228 0.0224706720618046 -0.0155405879527654 -0.0985651648112302
-0.0119256452566929 0.0337391469508786 0.0222289578516904 -0.106830798807638
-0.0445221818010802 0.000209365337280963 0.0273316934300897 -0.0899178109765878
-0.0442646251289758 -0.0344237362389909 -0.0171354435495949 -0.124834503978893
-0.0585224035437457 -0.0562889505412902 0.0381809811158407 -0.0990043845954578
-0.0476700144709661 -0.00360622410363507 -0.0205845071441385 0.00529516718837176
-0.024286862801585 0.0276802430725214 0.0614530486729884 0.0542941279283078
-0.0010646968890572 0.0212233792468777 0.105884255047775 -0.00584845391077544
0.00414492916637286 0.0108552225098011 0.0697251440170885 -0.0830763655335566
0.00553309685900298 0.0127478750282959 -0.00504430388843953 -0.100206511238012
0.0167990623752904 0.00446920333468162 -0.0479219765302211 -0.0688017383369292
0.0209537919287511 0.00164923750917158 -0.0551848472734226 -0.0404799670550959
0.0226522488005825 0.0092925550328676 -0.062581530581994 -0.0314402645236658
0.0135911055407285 0.0243375721233106 -0.0662050703904495 -0.0425842227193561
0.00361700981383336 0.0293922856189831 -0.0574587657756651 -0.0621286541222034
-0.0234627110505751 0.040842664107548 -0.0229007450132352 -0.0901734530116483
-0.0532210981021498 0.0209947931562362 0.0143434028226007 -0.0988959429708451
-0.066192051688286 -0.0402603069822934 0.0122157337424753 -0.0739594397473919
-0.0524595482733142 -0.0898263253015003 -0.0257808357124761 -0.0966332481791407
-0.0590845235889458 -0.0998825782807878 0.0549162180683766 -0.06472875773396
-0.0736664557744523 -0.0464929293834858 -0.016441299969461 0.0253924007249371
-0.0736171837461023 0.0159625072598386 0.0676476419716503 0.0758472117220737
-0.0408561128013625 0.0494413149713615 0.122326005611328 0.00864324026579058
-0.00298088709225596 0.0462666498034793 0.0816563618234246 -0.0765870306070708
0.0154527330975496 0.0397188077109248 0.00564826164675729 -0.0962848131165544
0.038260477870898 0.0247302337604266 -0.0398742449593387 -0.0626291821886476
0.0445461913763337 0.017384788591693 -0.0452039924564057 -0.0334163849076886
0.0440947411639187 0.0250878471764199 -0.0524213440425952 -0.0198008234293036
0.0242363398488845 0.0469776268446788 -0.0613458502925626 -0.0263337150596613
0.00125760237360383 0.0546983137680454 -0.0639408644466099 -0.0427796441520628
-0.0478104643836735 0.0643051466842343 -0.036570538960876 -0.0755671103953395
-0.0863506162713738 0.0213445790273931 0.00150616851216908 -0.0908861572805991
-0.0871019253710633 -0.063681281486681 0.00357862490303998 -0.0563280355447042
-0.058612907763912 -0.127842845214859 -0.0304943619624597 -0.0551082996457364
-0.0476859660481168 -0.129335848336532 0.0617902646678352 -0.0153111389869773
-0.0834946698098254 -0.088843928793516 -0.0156365711963907 0.0536727218677048
-0.113171242570226 -0.00682785353351093 0.0637886068396158 0.101187356317275
-0.0824973820849776 0.0644174217818981 0.127828137262862 0.0331376406960608
-0.0155403152028143 0.0767613584681038 0.0905705318335544 -0.0570728239261048
0.0201708288912507 0.0636822008322907 0.0204262138082353 -0.0794667025737976
0.0530541170684414 0.0435315016102164 -0.0249753083076594 -0.0492864577257906
0.0616334468243528 0.0295353086763899 -0.0282673006125839 -0.0219520188975606
0.0603433921939317 0.0340238268673929 -0.0351440260419539 -0.00472950587240166
0.035191146716757 0.0592135027573778 -0.0492419226373152 -0.0052080265794269
0.00443103192656299 0.0715654069683307 -0.0648072477336212 -0.0176677592078769
-0.0577870042994347 0.0825958409160339 -0.0489094025440488 -0.055811977242564
-0.104951574493051 0.0268770322049008 -0.0115203881554868 -0.0803419389423646
-0.0984881146639277 -0.0721185427045915 0.00158864888046746 -0.0409923098429985
-0.0591499276955812 -0.145350768238685 -0.0285291236127262 -0.0102274811079164
-0.0273804058579358 -0.136517641293843 0.0581739405850522 0.040160948077217
-0.0720900903754985 -0.118103795183065 -0.0180049369587901 0.0837492718806331
-0.128192778547142 -0.0363061690030146 0.0473221523161256 0.122262299938847
-0.113325918839559 0.0592774641094624 0.1172674266331 0.061815117807395
-0.0314786776455892 0.091725892129786 0.0904094775520615 -0.0261080661835735
0.0182547527771525 0.0778817144324279 0.0350250812131977 -0.0513348485120913
0.0588113429388353 0.0555696430700093 -0.0056197279590887 -0.0297388056993508
0.0693568631475819 0.0373295755147715 -0.0071980713665234 -0.00686534003759959
0.0684349483176362 0.0380955942485251 -0.0140547118278226 0.0115597693296142
0.040912682862259 0.0629014728658849 -0.0322371204818015 0.0159201229955163
0.00732553655743667 0.0765884956989234 -0.0593748008416121 0.00873309906995071
-0.061180564035251 0.0866615469254532 -0.0554505479156858 -0.0335125222598199
-0.108857394024868 0.0250272467952495 -0.0214056330038613 -0.0661780143516799
-0.0938861907162065 -0.0742804598117177 0.00554556483186265 -0.0280950542923705
-0.0482433765439113 -0.143403971254405 -0.0222943057682743 0.0324878952475548
-0.00483849088617419 -0.118164555878438 0.0461346702703938 0.0912648057728675
-0.0434889904332302 -0.122238178276106 -0.0234285886127252 0.108370663488852
-0.11339791243499 -0.0599883073260448 0.0231923487116926 0.1316005390025
-0.11959142983175 0.0378371255202328 0.0913204725843593 0.0831685764864449
-0.0426985823112228 0.0862065111338803 0.0795578355906829 0.00757867590116033
0.0124288496889111 0.0765713521069916 0.0452839691436709 -0.0171994879201896
0.0549840652413984 0.0570441575196178 0.0151240454100892 -0.00735858242906861
0.0666946755276731 0.0396662845392775 0.0132334482663742 0.00859967518088773
0.0666775059064803 0.0381930532980658 0.00706093616566642 0.0270626256453302
0.040959213213772 0.0598590287672429 -0.014943961390387 0.0357305265536069
0.00641240727779905 0.0732492534572049 -0.0509324822289621 0.0317158300457197
-0.0619628361466733 0.0774907501381127 -0.0575906788067604 -0.0130582426994672
-0.100081567312355 0.0138500202780114 -0.0280641062695703 -0.052096682084985
-0.0736706545720973 -0.0748760648938549 0.00828649312152366 -0.0177938114390605
-0.026543696919134 -0.124210908615016 -0.0174144896353543 0.0671319461760416
0.0151087943527462 -0.0772002146268231 0.0300050423596191 0.127525746113292
-0.0111488894209347 -0.0989425658665525 -0.0279407607813259 0.121559502862076
-0.0767492556400412 -0.063887391637171 -0.00135112663960726 0.127487599068352
-0.0993438282881886 0.0149250339382298 0.059934760647478 0.0926691095406763
-0.0411941138667033 0.0654687201911444 0.0637009648308047 0.0356816445522335
0.00662104691429233 0.0609360058885069 0.0503113895721385 0.0143998725768299
0.0423890270685487 0.0481438592233471 0.0331637624200722 0.0128582161334422
0.0546962415203157 0.0353200380823974 0.0315117880002194 0.022540244697231
0.0554272508303915 0.0338813018075733 0.0256336632346502 0.0406557649853033
0.0354133729618329 0.051772961085829 -0.00040505106924673 0.0532695730159307
0.00228975338435907 0.0629357874061355 -0.0448949503679161 0.0516688875292816
-0.0594469406103381 0.0594650424297046 -0.0603880107422351 0.00351264243802473
-0.0827191118480612 -0.00192622424036065 -0.0343957922362226 -0.0393092183974029
-0.0446393498385175 -0.0705697659204126 0.00875631580563888 -0.0104729235632281
0.00181111198028366 -0.0921051549348207 -0.0166540458627365 0.0920451911697407
0.0309534593833514 -0.0220909161579695 0.0155042200496518 0.14184468296425
0.0172011088552259 -0.0559618761071757 -0.0276334970423612 0.120590765690648
-0.0324831236959731 -0.0476559124122061 -0.0187620695997464 0.114461917496393
-0.0596059291889251 -0.00191605934564653 0.0343508082137324 0.0942188564930328
-0.0273645732246852 0.0362400230112197 0.051743768117275 0.0552548173609538
0.00293148553906117 0.0347462248414385 0.0547279194372666 0.0364789148342458
0.0246939077367411 0.0299263729666776 0.0475509720495144 0.0268774134409915
0.0346386336689083 0.0249794975590672 0.0441217437757587 0.0320522754333602
0.0365011988110967 0.0247178112609577 0.0392358633387794 0.0525326052498301
0.0252504707609421 0.0386461690353382 0.00839370368799859 0.0682424873626395
-0.00176079658754943 0.0471875820404999 -0.0438306581095985 0.0671762972082693
-0.0502384415986177 0.0366784308171414 -0.0673237810223724 0.0146284478954812
-0.0563537566104924 -0.0159680106305292 -0.043230075979522 -0.0323410389317697
-0.0121568784500487 -0.0575812573563492 0.00619690272835282 -0.00774499214796125
0.0291763111509753 -0.0481079285447137 -0.0208427813637125 0.105259511166101
-0.0491280463762862 -0.0051052863748148 0.0140968613740562 -0.122593609424948
-0.0130727446736252 0.0322653728420422 -0.0294835192280635 -0.00369627289510178
0.0263895760407536 0.0280768189102649 0.053067978406536 0.0430494223270148
0.0307335793445523 -0.0128256224750806 0.0913432350814953 -0.0114751372631205
0.00383053156802961 -0.0222451189881641 0.0611011768957054 -0.0835152671647953
-0.00852990041771941 -0.0112957004443291 -0.0117022930642299 -0.0984005901866282
-0.00992541040901519 -0.0138157109795368 -0.0518574488662125 -0.0688378007681041
-0.00675546153784529 -0.0135021848364163 -0.0615200943825541 -0.0419710882615916
-0.00102580745277022 -0.0100852034903676 -0.0674110110890191 -0.0348768762053314
0.00680859698170992 -0.00538351156064287 -0.0709878310325818 -0.0484321093961341
0.0150364529537299 -0.00216313775138854 -0.0579116911536447 -0.0719270223882601
0.0166037685234812 0.0221503046212247 -0.0211054545894139 -0.102992478442345
-0.0107786639649567 0.035156622692176 0.0199493443297615 -0.113159383070253
-0.0469371013496261 0.00198224656365171 0.027996107519552 -0.0954727764897822
-0.0483274798686299 -0.0340919989225599 -0.0206524392965774 -0.129952546931607
-0.063559203337799 -0.0559570203487583 0.0365767178853085 -0.104897360978846
-0.0503495124368552 -0.00189087033414832 -0.0213866622225394 0.0068748251456828
-0.0230448517282481 0.0301373094654942 0.0671583061207473 0.0545073027118368
9.21884260723731E-05 0.0214271611470019 0.111279020512974 -0.00958113556594958
0.00438638169215847 0.0107854012325444 0.0708339611778048 -0.0891055724752696
0.00626720778389059 0.0134674348757986 -0.00844386942458058 -0.104358895201302
0.0167635475041234 0.00411324952872995 -0.0521073125185543 -0.0694315184745531
0.0216202379728893 0.00102906216921685 -0.0590492674071669 -0.0403729908203053
0.0236165532867261 0.00922123776117698 -0.0659471354235363 -0.0300937199847506
0.0149724566311177 0.0252226934406743 -0.0714821694447464 -0.041263986390253
0.00446545004891711 0.0298644298137907 -0.0635155585996495 -0.0626486709582697
-0.0226667234159533 0.0432834024254371 -0.0283168556698322 -0.0947558938124763
-0.0541384178628484 0.0234397893140355 0.0115148677054021 -0.104544657741116
-0.0709665545363877 -0.0393308808325106 0.0129473367447167 -0.0784981200550967
-0.0586117198240615 -0.0916280011206887 -0.028732361977495 -0.100414612195321
-0.0660433919306506 -0.10111678123935 0.0554994606614754 -0.0697740315629107
-0.0782571757188268 -0.0455265888044965 -0.0166945396738342 0.0276591759676262
-0.0757765880006766 0.0199956010993173 0.0745915039671488 0.0774684202514877
-0.0404770999615068 0.0528194203483793 0.129241165879923 0.00446806070107726
-0.00108313648487274 0.0480459223361831 0.08355422170009 -0.0839808684472418
0.0176385557633163 0.0409315954407988 0.00247598721160735 -0.100762642185982
0.0402455332859132 0.0244851858891604 -0.0434885920527606 -0.0634196603014757
0.0465731494156333 0.0155652846891834 -0.0481221523556321 -0.0330414398011438
0.0463857412499649 0.0240757703888482 -0.0553580071672462 -0.0183039264872952
0.0267244183241112 0.0483197913577005 -0.0655344785274565 -0.0241510777975102
0.00285117258203495 0.0571373407524172 -0.0697194048567123 -0.0420082330629739
-0.04682297426728 0.0685735783055093 -0.0430966025752494 -0.0796224713586224
-0.0890802123224729 0.0249297645030442 -0.00213137949128618 -0.0963094171413469
-0.0931349730356243 -0.0634097382575149 0.00367212856308357 -0.0601177036902119
-0.066487747041823 -0.130670234362653 -0.0324149336422363 -0.0567186575210611
-0.0543620839475018 -0.132645738548056 0.0642918961646763 -0.0191211732657677
-0.0905488961521535 -0.0893701271894339 -0.015061271892139 0.0569367360323516
-0.117829462250606 -0.00209069605803199 0.0711492072262915 0.103864892477664
-0.0835446583390074 0.0708136673946722 0.136490506948852 0.0302113486701333
-0.0134436260649405 0.0805280812937534 0.0937205978571981 -0.06373596267385
0.0234775473106843 0.0655379312254994 0.0185055455657116 -0.0838387377574982
0.0564632839405628 0.0430269324946543 -0.0270329925812647 -0.0503717423708651
0.0647381939574927 0.0272365044639528 -0.0303889525729918 -0.0216855792664233
0.0635314186200575 0.0327757194445733 -0.0366385802677801 -0.00302448111487424
0.0380832126534183 0.0605909245045323 -0.0524179764742462 -0.00278846347645541
0.006902718245847 0.0739656089206315 -0.0699444417649543 -0.0156243758133028
-0.0569143269505818 0.0881877569896548 -0.0551485466526624 -0.0576676976273146
-0.10829499345528 0.0317238821600588 -0.0163187977293761 -0.0846476087308291
-0.105231971556859 -0.0718867923294414 0.00217856822801281 -0.0440877566475716
-0.0676042715534898 -0.148750994204741 -0.0284012166582402 -0.00959347196182887
-0.0337536559587124 -0.140939150917092 0.0621900383823756 0.0391850987551002
-0.0791516397999477 -0.120819165148999 -0.0168273488486511 0.0881984507030289
-0.135184535801015 -0.0332052132946801 0.0546271592561563 0.127150659811269
-0.115417766762851 0.0662180353399182 0.12584927482321 0.0596859991539256
-0.0295882848153795 0.0966321599177547 0.094981338550192 -0.0313770558691779
0.0216324227138768 0.0803371453550539 0.0342043542448113 -0.0555632337225914
0.063008660569999 0.055199055047763 -0.00643366969854051 -0.0309802713611786
0.0734550804054966 0.0351610945879381 -0.00816901666696534 -0.00676645610325139
0.072136703026206 0.0369349208441049 -0.0146608809056212 0.0129784882576195
0.044894943770223 0.0634748298012833 -0.0339324677703301 0.0186936555274621
0.0101696298639701 0.0795390840834541 -0.0625406622749932 0.0116081704828288
-0.0596862832880127 0.0929768678209321 -0.061137555813014 -0.0341404474387469
-0.111491208873028 0.0303977482226977 -0.0262723316906441 -0.0699604915128062
-0.100264144732801 -0.0749777633451088 0.00542596867823529 -0.0306317425051859
-0.0559818185586068 -0.146927091740729 -0.0205235248764485 0.0344861107755179
-0.00940938779425492 -0.123351250317051 0.0512904152199014 0.0932275693180852
-0.0499630736902645 -0.126698221339639 -0.0212496981256478 0.113768659122471
-0.120922270793568 -0.0581605477599511 0.0289638342479786 0.137571333820074
-0.123521361585551 0.044602239265819 0.0988934516576649 0.0831371514877739
-0.0413849208733943 0.0918500846121266 0.0844312074820997 0.00420561336119225
0.015769555885783 0.0795655176384108 0.046097621587813 -0.0203617751601174
0.0590080577537671 0.0569458577417914 0.0154086524843391 -0.00822741758863102
0.0710327179722733 0.0375553921539301 0.0139255362668912 0.00894822835461809
0.0706927643542173 0.0369265309864194 0.0077206493630636 0.0284855191127233
0.0452648129200829 0.060369107524078 -0.0154211695597829 0.0381435750767072
0.00915682419346874 0.0758813479438451 -0.0535418396826271 0.0356749098063609
-0.0605684960518885 0.0832670108716181 -0.0627405487450218 -0.0125134118494653
-0.103687533139572 0.0184060562881354 -0.0325425681506854 -0.0544876404001638
-0.0792131060519846 -0.0756961172865951 0.00828385823100322 -0.0203899514742498
-0.0323998074727337 -0.128200364190269 -0.0144860936323573 0.071086445947404
0.0126402986305897 -0.0811375867560157 0.0348554662739053 0.131361993098102
-0.0154385716424678 -0.103375461469388 -0.025722007704127 0.127779927255664
-0.082993534824209 -0.0638936504872395 0.0027760949432287 0.134180878523856
-0.103056877815524 0.0193256947799985 0.0659953223231956 0.0949998361793341
-0.0403510251628464 0.0697965544901177 0.0681565559756668 0.0348744238380832
0.00908711692497922 0.0633335843160691 0.0528867044304424 0.0128475581905043
0.0458120423290563 0.0484333123835517 0.035269378280186 0.0122025593317707
0.0583878788989294 0.0332790022051104 0.0328037832854366 0.0226030721512327
0.0590237878169144 0.0319859187309434 0.0273721597261907 0.0418017379891589
0.0388683918776305 0.0525273501455232 0.000393210050290314 0.0559839719715369
0.00529245729461328 0.0654768973751134 -0.0462610366030837 0.0559417002692523
-0.0588160818760439 0.064802451669433 -0.064836763657669 0.00518604974886083
-0.0859474282385666 0.00109726911728691 -0.038860997431366 -0.0414863309155764
-0.0485506190543856 -0.0723425337767807 0.00896245820029404 -0.0126862569427778
-0.00176877678905306 -0.0961448787956668 -0.0135061235358182 0.0968044310998424
0.0315026002579867 -0.0246785489561277 0.0202056692777428 0.147765590392422
0.0154962197539421 -0.0589179331400602 -0.0258038132902937 0.127129094463022
-0.0361921827090007 -0.048591085680482 -0.016029224187458 0.121894270292384
-0.0628665404525811 0.000143052060100038 0.038755679867127 0.097711649207968
-0.0271722091639596 0.0386361749140496 0.0564141144355574 0.0559308190808366
0.00396909329351406 0.0359008747257886 0.058326396818924 0.035538990977773
0.02703965344219 0.0302657556568453 0.0504556652732099 0.0262355388726669
0.0375198741340686 0.0238554756040167 0.0464790286480441 0.0320076284614872
0.0391860219750245 0.0241188271530538 0.0419906913043493 0.0534045175017152
0.0283449145128261 0.0384059957237377 0.00997372932498553 0.070877081441942
0.000288010229815139 0.0492237937641514 -0.0444454357379904 0.0721218461782573
-0.0507631611396928 0.0408052124762902 -0.0715454031866302 0.017496648376412
-0.0596081756875783 -0.0143150346335012 -0.0476394190849883 -0.033031447819268
-0.0143672230092197 -0.0603268720850206 0.00590520848933095 -0.00931459037361972
0.0288481085163953 -0.0512126377531421 -0.0170146589886859 0.110873601198869
-0.0508902985919253 -0.00102021517762971 0.00666193890411337 -0.125852750175277
-0.011439322005081 0.0341913800969926 -0.0303614526983074 -0.0012218567118997
0.0296287909232225 0.0265137242445036 0.0572839825091325 0.0411051283804807
0.03030831307995 -0.015395719991419 0.0939501687925812 -0.016918245213152
0.0025091951199757 -0.023117483675273 0.0583135193900569 -0.0892747281794613
-0.00916029183670648 -0.0105039047337229 -0.0173582373086589 -0.0994522313957646
-0.0112894527854792 -0.0128042118938935 -0.0565624669681292 -0.0669991943122816
-0.00831688850851067 -0.013078928503821 -0.0649771554426969 -0.0389778439654352
-0.0020304888169368 -0.00996284445901234 -0.0704638601354821 -0.0309396558321292
0.00644912666238515 -0.00610203540390673 -0.0751667029927897 -0.0439755545432901
0.0148459645627929 -0.0034360310595596 -0.0648758763091014 -0.0695155746205879
0.0182963520035126 0.0209639060534727 -0.0293948425190668 -0.104525894968939
-0.00835064802253906 0.0360058585125285 0.01386080388635 -0.117237871253689
-0.048564926492125 0.00558845993244231 0.0259406975909623 -0.0991462495640739
-0.051490294657697 -0.0311601171839242 -0.0282038413181775 -0.1311366410939
-0.0691953794797768 -0.0517533019067368 0.0309849962527928 -0.11022736192443
-0.0508024166910995 0.00181730917114537 -0.021984803766914 0.00907045557941761
-0.0204457852665073 0.0320852603277035 0.0722520378754658 0.0515642944436004
0.00188946059033365 0.0215560756856286 0.113925141320465 -0.0171876584535067
0.00515089854358072 0.010469454165767 0.0674099042637051 -0.0964623676039817
0.00713885281402324 0.0132414514080579 -0.0150080942562349 -0.105798838070965
0.0169779932502562 0.00348094490404457 -0.0567687024410078 -0.0676055732265755
0.0209642078801777 -0.000734186629520579 -0.0623191050429313 -0.0373587724564587
0.024372895775281 0.00776207191145914 -0.0685996377313537 -0.0261469527743591
0.0167276548503961 0.0247334131761121 -0.0753497945840719 -0.0368010236398433
0.00599986573949736 0.0295797176460303 -0.0695676621580641 -0.0596717643636579
-0.019573597398212 0.0447109623375415 -0.0362895654863602 -0.0956846563459351
-0.0534401198053384 0.0264148829281869 0.00571940709604423 -0.108590080967628
-0.0752205566112641 -0.0357271926482029 0.0114779514267474 -0.0815368773774007
-0.0654768545871284 -0.0884856251797565 -0.0337704385545782 -0.100557417269495
-0.0733956278973403 -0.0981028359708951 0.0522077302737606 -0.0757677347276862
-0.0821705417526044 -0.0411194022632029 -0.015920927001605 0.029692266649261
-0.0744469769118326 0.0258652768307514 0.0814173707271892 0.0744657572596026
-0.0375668157136988 0.0562247661274883 0.133234879333547 -0.00360294399698758
0.00184081799544455 0.0489171661776561 0.0811633439912476 -0.0916246277528085
0.0206008268291437 0.0406834340139813 -0.00396224777859175 -0.102594423030571
0.0416058307987486 0.0227424202346378 -0.0476966279624449 -0.0621698268952206
0.0471814277106823 0.012300187265947 -0.0506064812406861 -0.0305298793120897
0.0484815168414367 0.0214200294587542 -0.0568334844624413 -0.014859177582592
0.03012087821688 0.0473721197451346 -0.0685182567687523 -0.0196390423519527
0.00590409269856894 0.0575921718654818 -0.0746849933236146 -0.0381541848127554
-0.0423135868293398 0.0722834289136439 -0.0507389195861953 -0.0794382310074508
-0.0883532163876879 0.0305446596389094 -0.00855578155582159 -0.100129362593379
-0.0985456695885475 -0.0583270543843031 0.00309127279001188 -0.0627298623265296
-0.0765667480263327 -0.127931205754815 -0.0346970179053972 -0.0558920905819153
-0.0638916285483022 -0.131179906154534 0.0646946289187262 -0.0240803141371934
-0.0972383834973428 -0.085411768608433 -0.0123272098245227 0.0592587831002095
-0.119171633184282 0.00579570435280282 0.0791388350481951 0.101747810644443
-0.0794603964462573 0.0771601464214346 0.141668533144002 0.0222275858851423
-0.008569424397675 0.0823291356517126 0.0923711398279188 -0.0716243536425845
0.0280015152702555 0.0656606213251635 0.0132508278136166 -0.0869044595443995
0.0595102386714915 0.039742902029302 -0.0305585051746616 -0.0495008933667336
0.066545313755364 0.0226798302667371 -0.0321143018167227 -0.0196163092857531
0.0664134674284498 0.0288302934681994 -0.0374855067447616 -0.00046057609340487
0.0421267164383837 0.0594405530097576 -0.0539760257727728 0.00147237532874613
0.0114150170669595 0.0747955921425411 -0.0731763202951649 -0.0113383821340345
-0.050768078712977 0.0931819805226118 -0.0622355499367181 -0.0563832666271055
-0.107724023842242 0.0389287877274056 -0.0225877560004488 -0.0865633621793578
-0.111192439285285 -0.0667615555918287 0.00116592629935553 -0.046542859153894
-0.0785798774239269 -0.146236653588437 -0.028053068600308 -0.00831635373351177
-0.0430358601563322 -0.141250986732081 0.0662293531099327 0.0353920778965641
-0.0875749137555813 -0.118494726774919 -0.012609414029793 0.0914776931563802
-0.138811227720807 -0.0246751666129576 0.0633827375466804 0.126622364045621
-0.113327431443949 0.074935014067959 0.132335290696238 0.0532602508465539
-0.0241289435181691 0.100192080407898 0.095465891363319 -0.0386502416093107
0.0270652975783156 0.0805206981588818 0.0309944385682994 -0.059205905979345
0.0666669257905488 0.0518177575275598 -0.00777681872771935 -0.031137097149117
0.0757834824680107 0.0303053520012299 -0.00935717512134346 -0.00629225161229525
0.0751676342360148 0.0316842169072944 -0.014491384807338 0.0143993308531475
0.0496177148907574 0.062074180135578 -0.0345148964568462 0.0218174924875996
0.015340579739237 0.0801661084112145 -0.0642297816568114 0.0161790510804933
-0.0540386460812595 0.0984687405986106 -0.0671690993291884 -0.0315840009305968
-0.110947069396946 0.0375809504127475 -0.0327121259516088 -0.0713724925647976
-0.106328847958052 -0.0697953337033381 0.00469223625371065 -0.0333166751406626
-0.0665841656175701 -0.145322014322771 -0.0174013460868231 0.0363022602288046
-0.0170515073789317 -0.124628863351664 0.0581351726924164 0.0908996276961858
-0.0586321041594636 -0.126590409500055 -0.0160188267919761 0.117227283708649
-0.126101683113934 -0.0514025660081175 0.0382854665001426 0.139569572059074
-0.123067694078934 0.0530322215674488 0.106150529969647 0.0792173660630112
-0.0363740124399811 0.0961767315281316 0.0867447691970007 -0.00133438357495319
0.0205038372478782 0.0800199946190093 0.0451033673661843 -0.0237564737231282
0.0632649506493343 0.054356393743626 0.0153072366823069 -0.00961971372275725
0.0739666003922703 0.0325409654058706 0.0142015646903655 0.00847531219286043
0.0736870125839204 0.0323028373843389 0.00913323740279208 0.0282486449049006
0.049626037085614 0.0585505020323469 -0.0142422272091954 0.0405321794349046
0.0138182136383883 0.0766966266905177 -0.0535491175033285 0.0400711778931934
-0.0562457792354947 0.0887359005257154 -0.0669071359706857 -0.00920939859792359
-0.103569411480905 0.0252723070314248 -0.0383307586296408 -0.0550127021201276
-0.0847832305647011 -0.0718481512206924 0.00761451921433439 -0.0229190628552838
-0.0411303275676481 -0.127874687400161 -0.00914190438973786 0.0727469787480129
0.00798902332706153 -0.0838504890551597 0.0433999137309075 0.132095856915293
-0.0226072159517207 -0.104976146014744 -0.0197492098425741 0.131297240553321
-0.0886335300204414 -0.0593188383153476 0.0111786988522713 0.137086450431584
-0.104468227655145 0.0265941839207823 0.0729293044052478 0.0930859798236616
-0.03695975906778 0.0738906520180861 0.071914326373439 0.0310031107891985
0.0130880765529686 0.0639462800034264 0.0539910243987998 0.00903381875890466
0.0497145471651651 0.045379894062464 0.0361235896752962 0.0100366545353331
0.0613834065118061 0.0290510383545147 0.0348085120413513 0.0211768733995551
0.0617337387032458 0.0282135220391 0.0297144610213705 0.0413577074471222
0.0431155597223596 0.0500500982524357 0.00248557907169082 0.0571437571256973
0.00911144375294593 0.0664423104981098 -0.0444518617576857 0.0601709459110175
-0.0551573684209837 0.0696187319628087 -0.0681012005377229 0.00844743809064933
-0.0871658810190428 0.00637314111272897 -0.0434212634528693 -0.0406577387361641
-0.0536472596597787 -0.0708744655561482 0.00782341132768315 -0.0145566372300348
-0.00710076659577982 -0.097478751621393 -0.00663940885423925 0.0997681401476398
0.0304034046457185 -0.0271659986850993 0.0285895087725702 0.149038410692282
0.0116727374084094 -0.0615130762367839 -0.0199844435485259 0.130482712648541
-0.0406438860894268 -0.0469582347881448 -0.00931807320549851 0.125977266414586
-0.06475704855544 0.00476818653338815 0.0457369154922825 0.0973797040283548
-0.0254502657456331 0.0415282598065545 0.0611844612626507 0.0534388916788952
0.00620262110542569 0.0367535175789961 0.0613287218167036 0.0318639465493299
0.0294830848702616 0.0285148221871183 0.052259204428107 0.0233303122819497
0.0399756212779448 0.0210626956592995 0.0488442071934238 0.0303527429568009
0.0412486933075551 0.0212061945875867 0.0450143620580559 0.0516229347600701
0.0315794231488978 0.0367103229966675 0.0133274327836663 0.0722694341824501
0.00362519922757514 0.0501568874979577 -0.0418811825205811 0.0770356340041712
-0.0480956636858727 0.0452297452461195 -0.0731358001274551 0.0213984672457108
-0.0611530003628616 -0.0108656396128212 -0.0518942815435008 -0.0315259875262798
-0.0181274232778172 -0.060755749472243 0.00518488962130152 -0.010859776816624
0.0262604920822128 -0.0542837515948198 -0.0104591061882749 0.114277981145844
-0.050125216417222 0.00336438948787124 -5.30917167484179E-05 -0.124948172602541
-0.00977774158623962 0.0344937496755869 -0.0308376447200569 0.00124805744330381
0.0314362241265701 0.02397039367125 0.0588979876229916 0.0377609926674024
0.0288185014113273 -0.0175202849980069 0.0925766804520269 -0.0218847779381745
0.000544385356488718 -0.0233315216638998 0.0534413565628417 -0.0911618643481513
-0.00928103910222749 -0.00964930924405333 -0.0219851989794421 -0.0967434614676407
-0.0118219285330207 -0.0109971390214598 -0.058814757364145 -0.0624968006536593
-0.00931131956903299 -0.0116811808107952 -0.0654486798532369 -0.0345611863299821
-0.00262315173022786 -0.00938936446704609 -0.0700219000655673 -0.0264446644223769
0.00559064505382027 -0.00613314594877057 -0.0760816850474362 -0.0383081442911228
0.0138492711713284 -0.00452769133756817 -0.0673779451459989 -0.0643265010103655
0.019227601306649 0.0184776991410404 -0.0355012967643656 -0.100967509057028
-0.00576607279197415 0.0352136514540135 0.0074533900523065 -0.116559390840619
-0.0476973550601984 0.00843922771215844 0.0233508350560529 -0.0999277559315265
-0.0528755817531441 -0.026734875427763 -0.033310339072055 -0.12735784115005
-0.0706828453209137 -0.0456653806249371 0.0247505051218221 -0.11057348399778
-0.0499161102375931 0.00455848775448997 -0.0213137606727477 0.0107236391333653
-0.0171834840994194 0.032484941742738 0.0740703959317176 0.0474620757514378
0.0031421965270284 0.0204893533886484 0.112071521806115 -0.022701546387633
0.00516958609940241 0.00956490962689574 0.0621188693213095 -0.0986582169535912
0.00772922509611718 0.0126423144368295 -0.0199807645720757 -0.103015497157433
0.0160815731821303 0.00335160041663927 -0.0589190622567081 -0.0635727106498328
0.0195872820092641 -0.00141860931641945 -0.0625539813035569 -0.0331165180776978
0.0237945608808066 0.00635323797894649 -0.0681279926392148 -0.0215051781347269
0.0175603385526676 0.0235639685891608 -0.0754912251756601 -0.0313030784204458
0.00682612911571238 0.0288157134666722 -0.0719753937712589 -0.0544034393391489
-0.0165031066663 0.0441479528939359 -0.0427837196294677 -0.0922567239342575
-0.0507155249748934 0.0283676236466818 -0.000417256991613074 -0.107731806893003
-0.0753094340140514 -0.0307546993539399 0.00951589313744811 -0.0816177213355557
-0.0694735999059664 -0.0817528078461428 -0.0367891996181242 -0.0968254367047496
-0.0776551021276206 -0.0911776559626681 0.047260808731159 -0.0783506964399892
-0.082388020385985 -0.0355199957313692 -0.0145860852685888 0.0307107654186463
-0.0704291280758719 0.0292269834072798 0.0840289981745202 0.0685312399584545
-0.0328413052577079 0.0565308872256514 0.131783721273189 -0.0105531715820189
0.0042368858275749 0.0477431399886106 0.0749155776299999 -0.0949256952283895
0.0224379388855588 0.0390069429500082 -0.00953589230867288 -0.100437092021629
0.0414601018860515 0.0199396422894625 -0.0495122652224256 -0.0585966088785246
0.0457737224224179 0.00929768326226114 -0.0510429168167696 -0.02695378972907
0.0475970801846 0.0181799226037159 -0.0561331256450725 -0.0110135908212764
0.0316561301160979 0.0452100307259038 -0.0684255489851903 -0.0148290311293048
0.00855728587627968 0.0559350814206272 -0.0756851921854999 -0.0327250872210967
-0.0371199083809487 0.072689537865031 -0.0565468413056782 -0.0753896547670438
-0.0844854033157185 0.0340810468743877 -0.0142391944212196 -0.0982023129243764
-0.099482583935347 -0.0516771780187939 0.0013449637709812 -0.0633365257504544
-0.0818034469702956 -0.119809919667187 -0.0350531966375167 -0.0533061348244106
-0.0693576468124244 -0.124413078641367 0.0615670203948304 -0.0281867873812073
-0.0995209276469584 -0.0785590565840533 -0.00938179976818918 0.0590999792440874
-0.115486124550469 0.0124280127966321 0.0837747949079667 0.0960379126269857
-0.0734228242515781 0.0800535222362168 0.14118069095305 0.0144199045208267
-0.00410364903304248 0.0809028206137816 0.0870189579741786 -0.07550620345885
0.0307109812952227 0.0628688007826794 0.00795411098981766 -0.0861960334578781
0.0600312763401181 0.0359367387096759 -0.0318639656868786 -0.0469745200414909
0.0652765418622299 0.0181775001958585 -0.0324130477570768 -0.0174680701087912
0.0657466208279214 0.0242353105634518 -0.03695354183887 0.00163733208570608
0.0444547558058329 0.0556622034299831 -0.0538835607509587 0.00518725585921259
0.0149004476352419 0.0722199217258002 -0.0736142966763443 -0.00607991391252224
-0.0442167646712912 0.0936445425251907 -0.0665736915291277 -0.0523012475550717
-0.102445264101816 0.0434865356120063 -0.0277736546078034 -0.0855390768467397
-0.112461259743194 -0.0593986943941838 7.63735789305813E-05 -0.047530065097908
-0.0849157784634969 -0.137369598943226 -0.0256999161000652 -0.00714539742900713
-0.0499763481700458 -0.135692528793604 0.0665220030070867 0.0301162200754941
-0.0923453336598326 -0.111635003481483 -0.00857710951795393 0.0896819424069038
-0.136865771481487 -0.0160698230185259 0.0692599704902123 0.121329548714404
-0.106794797390691 0.0800953004075812 0.133650985780663 0.0452918752184875
-0.0182695879110795 0.0993996412531423 0.0916459713635554 -0.043735957967562
0.0305303855595953 0.0775195669166322 0.0268917289255951 -0.059741781424538
0.0675176832300338 0.0473218531492283 -0.00914248159917457 -0.0301613903926805
0.0749797394621519 0.0245442205726029 -0.00956785958932905 -0.00520966586858498
0.0749881891260156 0.026703554118532 -0.0133507016499177 0.0152407406843403
0.0516034808943302 0.0580678168957532 -0.0333667005960842 0.0239849951096296
0.0190359594833942 0.0776682599340526 -0.0636178402699106 0.0201731806500121
-0.0467856158164123 0.0990098414608955 -0.0704648445209681 -0.0276691249389869
-0.106395516756318 0.0429264241164162 -0.0368933678956265 -0.0692585035076775
-0.107362410670598 -0.0626942738675038 0.003347872522189 -0.0344833553078307
-0.0732043499920023 -0.137463795503895 -0.0135156072537474 0.0359014254151723
-0.0234140277424745 -0.121116229598647 0.061017670360687 0.0854970746523049
-0.0640072898005649 -0.121564607952624 -0.0108381622931741 0.11527546210112
-0.126145570574732 -0.0432339749383876 0.0446141286135439 0.135268882925876
-0.117908596346388 0.0590383831667274 0.108714885439383 0.0721053613616858
-0.0306091401542255 0.0962523006029605 0.0854822726302641 -0.00641817312594608
0.0242654086827999 0.0775095200477053 0.0424627924757011 -0.0258798329956554
0.0641827993128825 0.0493695578142722 0.0145003484757338 -0.0101739717082095
0.0735278706826894 0.0267417894951144 0.0137714921627105 0.00803794081609376
0.0730748729355225 0.0263559524165704 0.0100036615251037 0.0276859690959287
0.051792187540729 0.0542779265630794 -0.0127587699569918 0.0409561209617754
0.017742726265137 0.0739019779374018 -0.0513377407353571 0.0428202828782754
-0.049202075703116 0.0898477689614781 -0.0686597570832985 -0.0056511731215234
-0.0995927745601006 0.0302815812565606 -0.0421544688398338 -0.0527129128804228
-0.0864937867728953 -0.0665185364885123 0.00651357411808546 -0.0240999451862929
-0.0473468662701718 -0.12230518811592 -0.00354882982484745 0.0714272424076051
0.00318303242679306 -0.0821567715151678 0.0487818906417036 0.126549633211548
-0.0272839652293258 -0.10211255687052 -0.0141405658245686 0.129373865497206
-0.0906230077096639 -0.0531084273888561 0.0176865120846109 0.134630339235134
-0.101578085455392 0.0323011757858029 0.0771156505420751 0.0880288778036586
-0.0317647537137444 0.0748104702101028 0.0728251724680332 0.0262525957966661
0.0160542206630424 0.0619700672058924 0.0536258959292809 0.00610014354080611
0.0507052657251843 0.041960959724591 0.0359423612382518 0.00790938259937209
0.0614071216651048 0.0241877347220874 0.0346169435388228 0.0193389264942081
0.0620603891702223 0.0231611589089205 0.03063869615973 0.0391923031016682
0.0449019072650172 0.046388123740055 0.00463772947347589 0.0565991881109308
0.0128318014757361 0.0642244262944296 -0.0416767050614292 0.0619829436067502
-0.0493390422475512 0.0712715469947086 -0.0683402532185906 0.0121537869167761
-0.0843413577814223 0.0113574611302956 -0.0468314045200485 -0.0382487785735796
-0.0560857124306258 -0.0666500775432391 0.00658858343861829 -0.0159283626659131
-0.0127786944177538 -0.0945065333448623 -0.000348898170480967 0.0981701126737834
0.0279140207181016 -0.0281729801795353 0.0350608548582002 0.144697527174394
0.00782356742234739 -0.0610951555770794 -0.01464106990364 0.128696361780276
-0.0426425684252663 -0.0434636082822911 -0.00345069081078551 0.125126650484724
-0.0639358822921378 0.00921786519263194 0.0503200087461153 0.0941271877574784
-0.0224763731267118 0.0425108084959825 0.0632155062894411 0.0491234993435969
0.00786449485299177 0.0360260269130505 0.0616364840641798 0.0282139814066759
0.030332459194187 0.0260615281443435 0.0524332307221681 0.020291846013487
0.0399537574982 0.0173738982177776 0.04942848297363 0.0279496259922926
0.0416967415817892 0.0179278677716926 0.0464659736341519 0.0482390444232685
0.0330016880690197 0.0336937024108429 0.0156390361999304 0.0700683886191221
0.00672316999407951 0.0488238180007105 -0.0375662900721665 0.0780760686481757
-0.0442992887966089 0.0471728819616358 -0.0722817334097647 0.0251741788429243
-0.0603474527863081 -0.00724664202802967 -0.0541540085148038 -0.0287761000607919
-0.0208454447897601 -0.0587676872306323 0.0037367918468806 -0.0119450216979026
0.0225548239769317 -0.0545997077921549 -0.00270790486062339 0.112339589996152
-0.0483387499075103 0.0084820339514884 -0.0237497916735776 -0.119077928910067
-0.00448432522634122 0.0349158332404394 -0.0299754851098368 0.00821902394916708
0.033629978986366 0.0171859473757477 0.0647799940977719 0.0294146657965331
0.0244626001440498 -0.0228872336332606 0.0896352264577893 -0.0356491786157099
-0.00443639421621197 -0.0230618593433913 0.0382651961709688 -0.0982765792904755
-0.0113068576130384 -0.00734114063621324 -0.0358293064613461 -0.090929266456738
-0.0132341530658298 -0.00754010656893843 -0.0664109369576732 -0.053157325634646
-0.0109292175058084 -0.00931232491131655 -0.0673569043459809 -0.0242337000710638
-0.00422747734791784 -0.0078362293053998 -0.0711803586956661 -0.0148961134791737
0.00368932721030092 -0.00660417515307776 -0.079273912461972 -0.0240170522888918
0.0114781511903954 -0.00649040991127906 -0.0753678285130115 -0.0506444634758034
0.0204549387705053 0.0134090461548074 -0.0507752150521596 -0.0911461332166539
-0.00109470390317078 0.031970920276663 -0.0118808654907346 -0.113248190654846
-0.0434422298712645 0.0133993900757281 0.00848338862219598 -0.101083709394472
-0.0547444791221173 -0.0204480275749699 -0.0480687323378922 -0.117284926650845
-0.0726052373482654 -0.035210208365619 0.00182153932296166 -0.112499711516385
-0.0457869862923815 0.0118357158354672 -0.0213923142656134 0.0142288357447122
-0.00972249700132416 0.031305218721778 0.0773096833268856 0.0357804305719767
0.00607170296105102 0.015443825856549 0.105188611484041 -0.0386798172200986
0.0035905257106745 0.00643137463230037 0.0447910912128859 -0.10468368246621
0.00764978575795628 0.0114709571925684 -0.0341161604968185 -0.0958062373427999
0.014835967007074 0.00166647801945713 -0.0655269206037233 -0.0527819516670241
0.0172504970569257 -0.00325636291399866 -0.0646356269194144 -0.022415875012997
0.0225991147686281 0.00390013081035976 -0.0684802245139867 -0.0101039243331943
0.0191316191358528 0.0205062671347518 -0.0786840934681774 -0.0166794688321294
0.007952820148714 0.0260802424701015 -0.0783464732203972 -0.0401926117816255
-0.0106381390655018 0.0421830788801043 -0.0562006172823129 -0.0824935287467087
-0.0440506953095016 0.0306857162834972 -0.0190261190311421 -0.105224354122165
-0.0748777053423287 -0.0200211121172971 -0.000758490293384861 -0.0822486481545979
-0.0772311534273235 -0.0708064712526465 -0.0463587842745973 -0.088398424597333
-0.0835103073402871 -0.0772904333106316 0.0283629554854385 -0.0876907257654368
-0.081380433507331 -0.0221017200752302 -0.0128360176722032 0.0301288371821881
-0.059080351303014 0.0353550930171389 0.0865494611891156 0.0534880667679904
-0.02167455036177 0.0542065110868026 0.12229872064092 -0.0287515255315517
0.0080614489993815 0.0413836980707944 0.0578328783747564 -0.100758508592502
0.0242560684419976 0.0343869486914512 -0.0233586212826937 -0.0939452300202692
0.0408544730097853 0.014180561490632 -0.0549928077263786 -0.0481864526088965
0.043399984220721 0.00370799589737038 -0.0526247579482282 -0.0181514506190496
0.046953208294002 0.0115066288878843 -0.056668252004105 -0.00153377973091486
0.0352318324332057 0.0393298407519117 -0.0696289842957106 -0.00171249907534749
0.0126957436094602 0.051999511664764 -0.0794121137692077 -0.0187694430619943
-0.0266680767375692 0.072514423424026 -0.067569198382617 -0.0652852926296134
-0.0754888311905984 0.0403855311511771 -0.0313818966721448 -0.0939952963202687
-0.100869688995905 -0.0366878954218737 -0.00501402542264681 -0.0631179831089315
-0.0932241011557185 -0.105400483107642 -0.0381638304437149 -0.0475342919846515
-0.0795302492707434 -0.109115040996948 0.0510065640360841 -0.0442614034148297
-0.102411474220307 -0.0599153887252304 -0.00379422782571113 0.0546371562543359
-0.102868093831722 0.0260997786209204 0.0877246142208703 0.0781961131920937
-0.0550100808773529 0.081784064844178 0.131527187005635 -0.00626676876087017
0.0056374484439424 0.0737949303072519 0.071544169640028 -0.0821449468897551
0.0356303418319145 0.0558379504216999 -0.00422204607034999 -0.0816144758384645
0.0604548263312539 0.0265264647325556 -0.0359715585907791 -0.0386136156056798
0.0630772287233358 0.00925073520397763 -0.033541195127498 -0.0110301901536135
0.0647043958447754 0.0147326959616062 -0.0363685699694914 0.00847965115238902
0.0495263837609347 0.0479539967537376 -0.0526302890061376 0.0153210563529022
0.0207256180604855 0.0674912045753056 -0.0725155268010308 0.00675486301534052
-0.0307292492183077 0.0938561679522752 -0.0740555828251263 -0.0412751352089134
-0.0916219202497577 0.051668809051118 -0.0431002884880346 -0.0795140064722823
-0.113756758025383 -0.0419835084536443 -0.00445388388605054 -0.048166930507127
-0.0976065755403863 -0.120938791689302 -0.0225171103399027 -0.00497014089879903
-0.0610048100346149 -0.121727387113255 0.065679914489159 0.00980029533160607
-0.0998950336473253 -0.0915346020908533 0.00236090830961924 0.0827745933410031
-0.126719701131933 0.00273730848264111 0.0766552839423491 0.10251523850377
-0.0858508779218975 0.0871082638197379 0.126892400822132 0.0242530520739642
-0.00456384436938834 0.0929557084861727 0.0803040598671523 -0.0506413974959744
0.0377495311251866 0.0695426810056862 0.0184174475616422 -0.0580751193474421
0.0691301675931507 0.0354199220696148 -0.0112210323619632 -0.0243869796619622
0.0732374995624214 0.01405051095767 -0.00962850650871604 -0.00232812791932832
0.0739160605395727 0.0154633569392259 -0.0121868349942228 0.0178266027765764
0.0566199893832223 0.0490023649134193 -0.0305684961461089 0.0304033873902526
0.0255987817976915 0.0722668261003591 -0.058923028250737 0.0304982502504436
-0.0324503417366188 0.0998445481086306 -0.0733414278737388 -0.0167851214655983
-0.0950662530246005 0.0512524318869944 -0.049863544921286 -0.0623248289582561
-0.109224714465295 -0.045730602150467 0.00029616562606964 -0.0362998249528313
-0.0861093761947595 -0.122056446111314 -0.00482355245610051 0.0346676636131519
-0.0340523505814981 -0.110418885305752 0.0708462864250425 0.0643528145448796
-0.074154938645924 -0.104302190956707 0.00537956175868494 0.107304156860724
-0.120289633793677 -0.0235534605294319 0.0561743800680519 0.118286074748523
-0.0990458444557299 0.0702267143681396 0.107377484338296 0.0522561235133824
-0.015407061622249 0.0924579360082638 0.0791206737320046 -0.0139332711230093
0.0322146760093629 0.0702255163690478 0.0377012227969699 -0.0278141270918872
0.066545215363821 0.0371946863864591 0.014266385631084 -0.00813039053040037
0.0722471592071207 0.0159131334721416 0.0145311325627527 0.006920864432336
0.0728597084266023 0.0150185512156479 0.0121207558864832 0.0267614670094178
0.0562149215419017 0.0451179802994178 -0.00798992772329168 0.0435333950362735
0.0245927637727336 0.0690778653952359 -0.0437669938510884 0.0499600031860091
-0.0360286181373896 0.0922008526371089 -0.0686047535330443 0.00452607168889917
-0.0904922176258932 0.0389956065639778 -0.0521277970046283 -0.045289087437066
-0.0902242375317141 -0.0521423315031232 0.00431579976411381 -0.0258597986360892
-0.0589385687343584 -0.110339471484474 0.00895674714460662 0.0675548962000753
-0.00405933058496722 -0.0766053644950053 0.0666777000811944 0.107875147634579
-0.0373671705864198 -0.0908202660300112 0.00514116514606132 0.122465834726991
-0.0885420191250558 -0.0367203835113065 0.0323759760970747 0.12237358786117
-0.0877705750314368 0.0438234458457343 0.0809392589250041 0.0715981489679943
-0.0190277742672055 0.0733695123615387 0.0718196884938383 0.0186789654754805
0.0230672499474129 0.0569151108907332 0.0531756715298986 0.000490041100287747
0.0535538699005103 0.0320740723137459 0.0373315426739921 0.00605480391870981
0.0607681036817931 0.0146993319514801 0.036033220165302 0.0153270578863885
0.0620750425037071 0.0133743703167982 0.0341400962056791 0.0344941284019624
0.0491685752431396 0.0383561905445739 0.0113017005546389 0.055507678905907
0.0189209144043859 0.0604882844005431 -0.0307885262609889 0.0670033997989143
-0.0388156440133428 0.0749152322048571 -0.0648569960692523 0.02129843936185
-0.0783971152880761 0.0195095658432833 -0.0534600650889934 -0.030930012335985
-0.061463541094027 -0.0566520885074561 0.00545462528952171 -0.0172412279454905
-0.0227378802640679 -0.0877000405602138 0.0154068937565245 0.0926299394583752
0.0251782091543876 -0.0276742813659707 0.0574833756174123 0.130591849104737
0.00116558855788685 -0.0571725700988205 0.00543757200616871 0.123516804864489
-0.043407336730186 -0.0338235617042102 0.0137558076261991 0.11818122532616
-0.0561181973880364 0.0177712258325595 0.0588028095860298 0.0820844767384914
-0.0134676994965705 0.0421223123568694 0.067369952043689 0.0403502929138544
0.0125530512306496 0.0322362340379045 0.0641350049675342 0.0196279573827372
0.0322572861970703 0.0197253672358761 0.054323623780802 0.0146762763596633
0.0404357637541028 0.0112175344105746 0.0514366141157959 0.0207470686477481
0.0423688847328262 0.0108984724580424 0.0509638228464413 0.0403567179057419
0.036466842410392 0.0275582435415788 0.0246586278547897 0.0666250867788342
0.0116536105803735 0.0464110895133227 -0.0238463260221671 0.0815288667270338
-0.0363866777106895 0.0514465018122799 -0.0667108824150409 0.0346468078611533
-0.0578943112444644 -0.000245765123464504 -0.0583641658718925 -0.0204067135770182
-0.02779230999224 -0.0535695582382225 0.00255848583871929 -0.0121272362814812
0.0154631621899748 -0.0533052409770439 0.0142032820227891 0.10748915432565
-0.0473791590225713 0.00830972174643034 -0.0214432734092377 -0.117559999483388
-0.00504424703140176 0.0341038199825793 -0.0299263507240962 0.00808421375771697
0.0329455717855842 0.016656096686264 0.0632241511777165 0.0309193899641948
0.0237590774725241 -0.0222607655386304 0.0894538000264314 -0.0338642642306393
-0.00441116708382392 -0.0227652736776176 0.0398981665370323 -0.0964098187053074
-0.0108572001881634 -0.00695647818696949 -0.0325857039694294 -0.0895677585200514
-0.0128127508159593 -0.00736302239979323 -0.063767288564579 -0.0531892164237098
-0.0113468481913619 -0.00868189093033705 -0.0650971341565137 -0.0250026890002312
-0.00422005333303549 -0.00716758939112143 -0.0688984246082321 -0.0155531711516261
0.0036005547797287 -0.00599604345147985 -0.077017347848817 -0.0249580064001911
0.0105638980559629 -0.00606357772165283 -0.0731546468380543 -0.0504337751455971
0.0193887577392 0.0126412908111621 -0.0483719872825232 -0.0901391754441868
-0.00201157270138 0.0311426330971663 -0.00896444320015371 -0.111633894645044
-0.0427219482261698 0.0127243158862212 0.0124910057367331 -0.10003439668142
-0.0533810161312472 -0.0201226055755333 -0.0431056560213219 -0.115995656253265
-0.0700555279176206 -0.0347582987548882 0.00294460820000525 -0.110825229478483
-0.0444559779375915 0.0107449811339487 -0.0212519504693597 0.0139640064328176
-0.00927559980201519 0.0297587772303338 0.0751200302427045 0.0371580923217808
0.00576773786722446 0.0149752259814993 0.104488137246845 -0.0360806012545684
0.00323578585537657 0.00649559091156133 0.0466103211460143 -0.102198874083862
0.00694210781861359 0.0118506492350543 -0.0313360736654071 -0.0939219017422724
0.0141421136636493 0.00278805905317743 -0.0630195766294401 -0.053003643694973
0.0158958767836467 -0.00271455014039029 -0.0622270124193726 -0.0236551381990003
0.021377659338058 0.00482526031435297 -0.0662446285734863 -0.011084773237355
0.0180025530033585 0.0207100431483141 -0.076700248905643 -0.0170075301421065
0.00677018544592361 0.0255651077982804 -0.0763517019147426 -0.0402548378137733
-0.0109443734005648 0.0405862365730655 -0.0544321862437882 -0.0816623642756421
-0.0436291462966473 0.028618549798907 -0.0162424004016803 -0.103616862243846
-0.0725476806437244 -0.0208193486845756 0.00280109133887429 -0.0821986059770841
-0.0741266887153524 -0.0699578024429665 -0.0422373174449391 -0.0874886315928313
-0.0800411347704399 -0.0759805072054929 0.0287332254462505 -0.0865361203178198
-0.0787995254579047 -0.0230027613425705 -0.01356441500356 0.0294493119443475
-0.0574109774011367 0.0334932269363906 0.0841931959009307 0.0544659608905077
-0.0218569918806994 0.0525946856736414 0.121279961565922 -0.0263574368390785
0.00653511706989088 0.0407948668220392 0.0585851563862127 -0.0980977800999658
0.0231212997014547 0.0343959118425398 -0.0208273510410879 -0.0921435814874469
0.0393144967127765 0.0149027378025165 -0.0525954230691291 -0.0478540263712761
0.0413773091287348 0.00439096583733578 -0.0510255801972412 -0.0190488715443557
0.0446026624507906 0.0125534964223155 -0.0549270206627044 -0.00223525567504101
0.0334860416385197 0.0391667530978386 -0.0681984075247456 -0.0021907253031779
0.0108217378141038 0.0513072687705752 -0.0780056535792313 -0.019191096742656
-0.0277751513727825 0.0693945143165519 -0.066391006785637 -0.0650898791449359
-0.0742056564656246 0.0374557317368228 -0.0293267007439971 -0.0937242479469494
-0.0975434883758698 -0.0378124433256759 -0.00226124953905019 -0.0639012948614796
-0.0885262310310932 -0.103140687993028 -0.0346610506197317 -0.0475063137639917
-0.0752514673312514 -0.107357141211583 0.0499802646334822 -0.0435608219090639
-0.0987683047711227 -0.0605309721889455 -0.00580955445513748 0.0533993454649782
-0.100165842690309 0.0237913805532397 0.0845087069465298 0.0788830839522968
-0.0556054683689331 0.0788598450031203 0.130402199566743 -0.00404130122259958
0.00375648870640849 0.0721319491163406 0.0718938530512683 -0.0794504083489137
0.0335852332594056 0.0552107536902021 -0.00235741448550383 -0.0795139866751158
0.0579134123488551 0.0271623309140436 -0.0341199079629515 -0.0386784482997353
0.0599645334438268 0.0102783734111295 -0.0325941784442764 -0.0115030645727165
0.0620717465108662 0.0154961244445497 -0.0358130922043584 0.00816052038809201
0.0469216515793209 0.048183459869913 -0.0518095041954489 0.0146679792105122
0.0187563455758102 0.066073101134595 -0.0717416487838373 0.00624931755536233
-0.0318987579977491 0.0905001686933104 -0.0733862650622945 -0.0411941283251309
-0.0896558611193803 0.0482912985725289 -0.0423203599466021 -0.0796040441926971
-0.10967136001187 -0.0433765401457445 -0.00247013091466204 -0.0490222658145536
-0.0928947120960904 -0.119066910106486 -0.0204594407399063 -0.00573904758078114
-0.0571545960303897 -0.120136108135069 0.0630671769596935 0.009858777488363
-0.0957676150364315 -0.0914079816157985 -0.000647352098480156 0.0806264680477571
-0.122558351849179 0.000480405650484631 0.0729999302175612 0.102567927171347
-0.0851910175109272 0.0835503612448942 0.124670699481628 0.0260334197084893
-0.00641853427476364 0.0906791233057079 0.0795468425377374 -0.0484636960194892
0.0358751568121026 0.06903252412926 0.0186243386586767 -0.0563422732059958
0.066483016339614 0.0360375719801455 -0.0102754663536944 -0.0240608177654667
0.0702974472715382 0.0147580844461645 -0.00947411319176999 -0.0021594219820033
0.0706518640322147 0.0160445921998135 -0.0119791658711596 0.0179850037366627
0.0539112987261049 0.048720346642921 -0.0308957332554725 0.0298727053385233
0.0235069869462146 0.0708430953241921 -0.0590422566809386 0.0300097432598047
-0.0334063923557676 0.0964740134974423 -0.0734266388109902 -0.0170906659005316
-0.0935960584984609 0.0483099066678149 -0.0490262391963837 -0.0628733509179983
-0.105394099870446 -0.0472941360435447 0.0011402634631408 -0.0371246425154087
-0.0812060540100465 -0.119648280491782 -0.0042849837868082 0.0330240324105374
-0.0308746676165885 -0.108385313163443 0.0669346136012721 0.0632605266571148
-0.070584311211982 -0.10365342883335 0.00137156696250494 0.104436560051022
-0.11628475710453 -0.024893736612843 0.0526543047724418 0.117691022167607
-0.0982930925223929 0.0676619575264963 0.105227859767139 0.0536254285171502
-0.0168738989429641 0.0898802976656987 0.0777769259446364 -0.0123789228475878
0.0302148695507515 0.0697400654738391 0.0376428240266387 -0.0262488724811554
0.063917997888828 0.038060271316762 0.014319564430985 -0.00780981615466962
0.0694791245743689 0.0163504561762633 0.0141961758014172 0.00761825348512415
0.0700029337041695 0.01551504021735 0.0111390231257449 0.027042035418134
0.0539912958983444 0.0449263598142028 -0.00921163228742151 0.0433098042059558
0.0223542597721034 0.0678926886651768 -0.0442628772167411 0.0493986392760196
-0.0366222691898767 0.0890356581199316 -0.0690952184934302 0.00365833615735402
-0.0886592460961865 0.0362932803288419 -0.052021575070144 -0.046159831848179
-0.0868510966115382 -0.0530188311146105 0.00453947935615197 -0.0265376681244771
-0.0552794953075764 -0.107808035758828 0.00856261808646942 0.0653853394105029
-0.00233533521819347 -0.0744432183859419 0.0619070047108857 0.10644259049551
-0.0347566400972146 -0.0897991882411472 0.000451713336368364 0.119255538453831
-0.085745992441997 -0.0375632024595538 0.0291094995466434 0.121673952199921
-0.0870675961009264 0.042306844951602 0.078060763916023 0.071842293548958
-0.0201910904504479 0.0712151440882132 0.0704528014360181 0.0193911247329756
0.0212183134076554 0.0561334262102855 0.0520351931255205 0.00185125427226147
0.0511584561968315 0.0321536872504272 0.0366159922610866 0.00651220686909655
0.0589296306575165 0.0148353648037265 0.0353210841612882 0.0162036980514461
0.0595997511469098 0.0136888183881509 0.0323791497990965 0.0348094435170847
0.0474955480256431 0.0377765708631084 0.00919762617654514 0.0552618081810945
0.0173479676952921 0.0593336133267508 -0.032026752140247 0.0660444435266069
-0.0388291805751029 0.0722587917106137 -0.065268541023845 0.0204229671945844
-0.0767555645671462 0.0177595261083425 -0.0535165820282033 -0.0317735126726657
-0.0590568145082987 -0.0567802149613954 0.00520761737516166 -0.0177233458799028
-0.020659918750099 -0.0853892345000932 0.0142428783729884 0.0903103888549398
0.0254682761319121 -0.0264835727398528 0.0520796619792021 0.129013522406856
0.00206327753748607 -0.0554168323527777 0.000639931906774946 0.121057933146389
-0.0422661737421184 -0.0330798431412434 0.0108738367103659 0.117143270446567
-0.055416069994214 0.0176693816482197 0.0563177395092086 0.0820897813791606
-0.0140562079398768 0.0410849218382116 0.0652360230487949 0.040072964198855
0.0117655208283589 0.0321203067810898 0.062633102400375 0.0201809075903883
0.0312605414059255 0.0196855062432676 0.0526754530114358 0.0156168722215146
0.0391633466022311 0.0104035841816506 0.0498821074778978 0.0215921117154052
0.0412067916258343 0.0103351076867957 0.0483015315053965 0.0411002618538094
0.0350416396158365 0.026992494690378 0.0220790799786412 0.0660604995791733
0.0107287514042634 0.0457058255491621 -0.0255793062430118 0.0798502015955013
-0.0362276190494087 0.0496220186075362 -0.0673557235471496 0.0333457332611163
-0.0566184957997456 -0.00136125666402496 -0.058548061460407 -0.0211658940214434
-0.0260648767761787 -0.0530650073995333 0.0019610505118039 -0.0129860298982714
0.0160516218791965 -0.0517068468075491 0.0123966214551739 0.105111629625594
-0.0475985400816925 0.00849832244783704 -0.0177136078001407 -0.120202089812904
-0.0059273192793639 0.0354045456832597 -0.0307797050311906 0.00799748237069876
0.0333006137982098 0.0175518782662135 0.0633940346218695 0.0335177719989468
0.02421424967121 -0.0221240836773951 0.0935790673170788 -0.0318073522362238
-0.00426088794989797 -0.0225379686671712 0.0446542582780206 -0.0971705906794025
-0.0103766221360052 -0.00745876019250236 -0.0292497666747453 -0.091706607632582
-0.0126004827403268 -0.00677278505386269 -0.0622264273407223 -0.0556828840718377
-0.011264034843695 -0.00834592674390637 -0.0647753976834447 -0.0283914911700699
-0.00450043595938529 -0.00712712563919129 -0.0687354036256821 -0.0184721264338679
0.00341542440032413 -0.00581525947309872 -0.0768585752057965 -0.0270932260814451
0.0102701605347209 -0.0058995016160305 -0.0724038361907066 -0.0532008041703001
0.0189564163286202 0.0133272980318644 -0.0450558686914663 -0.0930380492047052
-0.00287932708721472 0.0307195568107686 -0.00442254018001711 -0.114049488613192
-0.0441467696532542 0.0115079740637394 0.0189115145189159 -0.102281635194191
-0.0533547473881691 -0.0220989297116863 -0.0382108887607849 -0.119429743852432
-0.0691585618291372 -0.0363950548700004 0.00683441975674812 -0.113022236967913
-0.045375968413286 0.00994080319285756 -0.023052348652584 0.0141563211902099
-0.00976803139058275 0.0294239648961949 0.0756088328403904 0.0405812007607435
0.00480612597750523 0.0150695145147179 0.108291557397816 -0.0335760392924952
0.00216457656741482 0.00704646544692295 0.0513674072494686 -0.102892543806426
0.00672307476774888 0.0124979962814624 -0.027722293816861 -0.0965496932672791
0.0136977018148345 0.0034156545485192 -0.0610420278365276 -0.0557166196185843
0.0154290554653645 -0.00155352322294597 -0.06180194045249 -0.0261840430315406
0.0206155000339861 0.00597796787104459 -0.0663629318120985 -0.0135906041043076
0.0167751102721267 0.021740287238899 -0.0766701441415938 -0.0195741244545284
0.0050158270345243 0.0259143496757464 -0.075787009573538 -0.0431781642847198
-0.0131108912696855 0.03990948844495 -0.0529826200962886 -0.0845146957211844
-0.0448748254961902 0.027048494926114 -0.0127116300269829 -0.10689891406808
-0.0727183484208879 -0.0235214237054675 0.00808177268393411 -0.0847000500718849
-0.0720294056847466 -0.0725871718691244 -0.0376538524151675 -0.0915515451105584
-0.0774460134411038 -0.078705656347549 0.0317917682510999 -0.0876815980496827
-0.0784613897790293 -0.0260633551563623 -0.0155687824112206 0.0300823249777161
-0.0584960548732103 0.0314912611312529 0.0840158772592694 0.0591249982889731
-0.0241031401112207 0.0522716090834241 0.124731767981259 -0.0226338077755398
0.00461188824713073 0.0414697187726712 0.0639633351583566 -0.0979598398500616
0.022202271270736 0.0358025996130254 -0.0173083967196008 -0.0937631079652017
0.0386141782019976 0.0172762776799597 -0.0510061420247574 -0.0505588839407659
0.0405056384472188 0.00629709308987043 -0.0506407456710748 -0.0209307844477207
0.0437827056819091 0.0144966588520095 -0.0549833715821139 -0.00437282995196697
0.032090797501158 0.0410200607888628 -0.0688614106093973 -0.00404504346154302
0.00856865658761859 0.0519832064126735 -0.0785148327061664 -0.0211852772460481
-0.0300512771487328 0.0689575467728046 -0.0659195439594623 -0.0674393560245637
-0.0763174124861503 0.0346583898773654 -0.027105943456452 -0.0969703450480926
-0.0969510956799959 -0.0422998812642604 0.00136615569279174 -0.0668400694548618
-0.0853717660316152 -0.10710086458685 -0.031773133073774 -0.0506077494934512
-0.0717967614005555 -0.110406368091748 0.0514405631843263 -0.0434832376252168
-0.0978043258041764 -0.0647144542476159 -0.00940125724102677 0.0542389103268381
-0.101208624043383 0.0200998293626738 0.0832385182485982 0.083722752359722
-0.0586338036976151 0.0780080941895617 0.133386709187357 0.00055902188958695
0.00079221117482129 0.0731472402217579 0.0763817860409248 -0.0787196351291013
0.0317193188304135 0.057212588380495 0.00043107567917301 -0.0801098350456148
0.0568490756952197 0.0293623277074743 -0.0320461085938881 -0.039988099346234
0.0592987850864498 0.0123619472682058 -0.0321871995190211 -0.0126868997096083
0.0607687369166391 0.0179244028298837 -0.0358825807860609 0.00711271868888081
0.0454666359483636 0.050334973091661 -0.0532281516161201 0.0139528104390008
0.0157445307092123 0.0675036674686746 -0.0734462707202939 0.00468532968486503
-0.0355091910066603 0.0898430320778493 -0.0745036099567601 -0.0438157005267704
-0.0925465149977477 0.0453342586918348 -0.0411070334597095 -0.0832743075757345
-0.10918859572921 -0.0488433673886199 0.000100475251201591 -0.0511101611336897
-0.0888758274375284 -0.122722500614497 -0.0191510420524459 -0.00784769257796564
-0.0527939085804375 -0.122440965834321 0.0626923242793387 0.0113262922143177
-0.0932816512171677 -0.0969279332776924 -0.00575956595032568 0.0820865271974028
-0.123648312370273 -0.00383899773457299 0.0706477916153615 0.107591232940981
-0.0895140232536272 0.0816097131028242 0.126599650456076 0.0308356295266427
-0.0102634393977832 0.0923041505218451 0.0833947259715214 -0.0466028496172102
0.0334586028163937 0.0712270505774548 0.0211223891862441 -0.0555993824011985
0.0657356697893114 0.0386939495669734 -0.00911802533555074 -0.0248596067087187
0.0695271521780213 0.0167822117932062 -0.00890094157355525 -0.00221937747004265
0.069976486343895 0.0189780834348892 -0.0125957669717417 0.0183837971105124
0.052994238845853 0.05142913932388 -0.0325622932041671 0.0301931984968473
0.0209987033443709 0.0724583319991207 -0.0614101845318812 0.0290589304936253
-0.0372122581652715 0.0960184211220211 -0.0752950629851026 -0.0190079702350097
-0.0961818657794731 0.0453265918958735 -0.0489677660019324 -0.0662442265911993
-0.104644138374666 -0.0523279524846495 0.0030870711871549 -0.0389200136645546
-0.0768229520982799 -0.123180140704519 -0.00429275252651095 0.0322631919031823
-0.0272045682876965 -0.110387651517099 0.0644251393733102 0.0668463339122312
-0.0675733861573964 -0.107600012015822 -0.00511405434106967 0.105910639739996
-0.116294023232053 -0.0290569875476031 0.0489701570164953 0.122184558324364
-0.102023400804985 0.0651797460037485 0.105179502493888 0.0585794812892756
-0.0205406765732669 0.0909610240186954 0.0795922736703065 -0.0101677519640703
0.0280027205622727 0.0717084171983677 0.0390036238795495 -0.0254271467120896
0.0632025361728934 0.0403670110940793 0.0150765459169446 -0.00734980439213712
0.0690849575337174 0.0185039209315926 0.0141284860321041 0.00860747211623374
0.0691874318503808 0.0178696122481444 0.0104875441060446 0.0285280070040944
0.0529885719411633 0.0474487519569799 -0.0111262249124992 0.0441289242793094
0.0199389066780365 0.0694125081932511 -0.0471923449852673 0.0494528461057987
-0.040221129776744 0.088700524272091 -0.0713997844136003 0.00245522786653352
-0.0907704705880534 0.033539083589603 -0.0525420089660513 -0.0493354376063659
-0.0856809217633287 -0.0574440347445876 0.00530525122126797 -0.0281586089568338
-0.0512641956109706 -0.110933209098659 0.00701266881101973 0.0659572265013546
0.000381465780551832 -0.0752431867571005 0.0568726058029545 0.109936609884956
-0.0316708951740525 -0.092100046667024 -0.00642977965809062 0.121130877270426
-0.0850027965309714 -0.0411116421779386 0.024665248622841 0.125899173765936
-0.0900692908288079 0.0408592801381554 0.0768310955104823 0.0759099381933648
-0.0229600801518645 0.071903862656201 0.0708845037984565 0.0219163782739896
0.0197419401711387 0.0576840189268135 0.052712732734819 0.00361287992621222
0.0505635707659226 0.0339562799890529 0.0367914223083472 0.00844652765189918
0.0584359689854003 0.0163495292380831 0.0351204675701631 0.0183296374076765
0.0592298816738297 0.015507462842635 0.0311168775590193 0.0373227635667682
0.0463433586179374 0.0393978522801952 0.0067681202791362 0.0572651600483132
0.0154584143781292 0.0606539241879216 -0.035175687834648 0.066375218706718
-0.0417473253392536 0.0722984249714316 -0.0683826199615871 0.0190993065430183
-0.078313483752289 0.0148533064099399 -0.0547343540331167 -0.0344037197891372
-0.0576885557429864 -0.0606481328679904 0.00527240741457238 -0.018520898590949
-0.0173503235844326 -0.0862855057859269 0.0120651644814743 0.091513151476172
0.0266772557891127 -0.0256408184030876 0.0468987926385429 0.132797040926921
0.00383262540993485 -0.0561298621977881 -0.00675188502174845 0.123152748894834
-0.0411614675563043 -0.0349705557885935 0.00610820165355081 0.120505858668839
-0.0572753620316295 0.0168930505586804 0.0544264107312771 0.0856467783475601
-0.0158461802597969 0.0411910090893225 0.0651096992502512 0.0431236959113944
0.010552102899305 0.0327945860976875 0.0629670796341517 0.0224791694819646
0.0305074849136565 0.0204534806722767 0.0530331176801101 0.0178666492223069
0.039284292267113 0.011209503691079 0.0500693995798476 0.0248093541469287
0.0408614310457574 0.0112961430498009 0.0467839146379264 0.0440344606822329
0.0346718535183261 0.0275488104118885 0.019149022516536 0.0682475481928002
0.0100232639763491 0.0462091220932974 -0.0291129537377581 0.0806937186133581
-0.0382537617073273 0.0494622550135066 -0.0700167227575534 0.0318060677527423
-0.0570393437957652 -0.00307932384561974 -0.0594020315369258 -0.0239644320571046
-0.0246898030861404 -0.055262781861847 0.00240052192473812 -0.0136944172687909
0.017861335640148 -0.0514370066635616 0.00990235961828976 0.10655175936163
-0.0495873249879579 0.00867930093967219 -0.0167844806216989 -0.127716603390755
-0.00695199763457614 0.0378659421390165 -0.0332284199117963 0.0087824958986014
0.0344257825500471 0.0185962837364156 0.0663726643191287 0.0376443380853124
0.0255505104783543 -0.0230618322676864 0.0997801094666544 -0.0312638693150495
-0.00404710656785809 -0.0236952651384767 0.0504972779462831 -0.10191803392316
-0.0108632139275826 -0.00772384285779506 -0.0272399984818671 -0.09774780059516
-0.0132992693144381 -0.00677789657108429 -0.0635548342957115 -0.0600948486082553
-0.0123726218856335 -0.00824612260221418 -0.0667180252893181 -0.0317628657952781
-0.00491708586658525 -0.00661282380913765 -0.0710464493906515 -0.0218638475052081
0.00298339879294337 -0.00545815992458005 -0.0795215295086195 -0.030581245977559
0.00983316307787269 -0.00598686754531288 -0.0741793666523594 -0.0580792672719104
0.0196673256302922 0.0139568852126209 -0.0454201925925995 -0.0995784586317281
-0.00412476090463255 0.0317846692349361 -0.00100818214084033 -0.120597798279475
-0.0473833192076181 0.0113612846749886 0.0250643350712169 -0.108192882838688
-0.0550847968362976 -0.0237898624825639 -0.0351854718562372 -0.127440270995157
-0.0708200835518596 -0.0387548690923154 0.00887094207691309 -0.119460918659801
-0.0475708007141224 0.00968642929943659 -0.0251999446815734 0.0148764475838648
-0.0103909836831574 0.029784883159346 0.0789384053310749 0.0455964754088309
0.00446132432785612 0.0156066686140494 0.116238794213242 -0.0331357495832436
0.00156545077168319 0.00755968760149286 0.0576485706886997 -0.107524675316937
0.00657712183745303 0.0135495068827669 -0.0261237987074777 -0.101965279285695
0.0141599361037857 0.00489409832272853 -0.062221238308555 -0.0601264129614972
0.0153111791603655 -0.000340868044906265 -0.0636688062393504 -0.0293392366521301
0.0211394880850653 0.00752068158059475 -0.0689966763900694 -0.0160390857131342
0.0161638686554416 0.0234673686064165 -0.0795652930287634 -0.022449453468751
0.00365928184424842 0.0274131641516444 -0.0789818729496086 -0.0473749994091652
-0.0148809170851229 0.0408957308558161 -0.0540728334606044 -0.0907140865906376
-0.048153280648696 0.0264309047566127 -0.0108577136734059 -0.113620115968927
-0.076029629041368 -0.0271942816119557 0.0123660747240897 -0.0902898931097982
-0.073157909344585 -0.0773333745957423 -0.0354702885323734 -0.0977906372413819
-0.0789090290411313 -0.0837039489219786 0.034385449975535 -0.0924510945214099
-0.0822689371684832 -0.0289392684349669 -0.0187682585490959 0.0318822198302902
-0.0613312767566902 0.0309899196659018 0.0869950276879943 0.0649097298084429
-0.0267300426350246 0.0537537101460406 0.133504142005832 -0.0212352501594346
0.00344846299099977 0.0440832767432084 0.0702213608319312 -0.101569696860434
0.0224021133858096 0.0386889962030873 -0.0154485332974575 -0.0984922364340154
0.0396383830889858 0.0186177649659108 -0.0518002435914093 -0.05410449061761
0.0413562723968435 0.00774539104386364 -0.0517630942972878 -0.0235817640513533
0.0448331101925158 0.0168880789471728 -0.0571007263071665 -0.00588362568675016
0.0321045023487452 0.0444200386807162 -0.0718958181887959 -0.00550433971148583
0.0068842734670671 0.0547274102136313 -0.0823676556535001 -0.0239434586527955
-0.033783241116396 0.0708201695159236 -0.0684503967997082 -0.0727084381316383
-0.0809682982622983 0.0341709203059594 -0.0264342816137184 -0.104129661017642
-0.100354985974015 -0.0473676059449097 0.00463650554119921 -0.0715415595906457
-0.0862879470803441 -0.113880048031501 -0.0305085553023758 -0.0551310580513071
-0.0718463832955596 -0.117293126896349 0.0540748421630303 -0.0455380988261597
-0.101080045355153 -0.0708871141819282 -0.0129468375096205 0.0571381737278032
-0.106185953101051 0.0180941366710633 0.0857452600964849 0.0913608905827204
-0.0633722196869049 0.0803881151188759 0.141247536613078 0.0037387939547505
-0.00158223621164662 0.0773771020414258 0.0834005747409867 -0.081311421872756
0.0320007160031466 0.0614154618732038 0.00309479669229543 -0.0841832162046607
0.058529620938219 0.032872360226719 -0.0323371633288224 -0.0430023575807573
0.0611348831178406 0.0144570522550277 -0.0330147834847557 -0.0139218086868054
0.0623647810924039 0.0208895945269865 -0.0373791039001162 0.00699041873327578
0.0458059920943063 0.0541465159514138 -0.0568806027624104 0.0139432247446422
0.0144115736046548 0.0711068704781297 -0.0778016750072943 0.00407982258254378
-0.0395819166498196 0.0929098835305329 -0.0787630315656938 -0.0472438150776476
-0.0979736999257643 0.0448537997090683 -0.0421634273668828 -0.0896444162527265
-0.112366797062681 -0.0547924913703568 0.00241217902990518 -0.055753735412836
-0.0892248681887652 -0.130095293725838 -0.0186545916988603 -0.00989042388583153
-0.0521567026662046 -0.129272976027933 0.0638887925959144 0.0131620142653699
-0.0954881942815709 -0.103839229009656 -0.0100431217013726 0.0865851350432746
-0.12894583196915 -0.00787866183533399 0.0716173063751245 0.116356544729892
-0.0957645484733593 0.0843918438225441 0.133809218585654 0.0355513130218197
-0.0132880285479876 0.0964820435219252 0.0892959465051844 -0.0475738233938033
0.0329221619156768 0.0757014081332344 0.0238648326366899 -0.0581106042360049
0.0669471821240295 0.0426026025477148 -0.00824910269845212 -0.0260376891061308
0.0717901358359807 0.0191967829931902 -0.00935624299536015 -0.00210832502114488
0.0717623573250323 0.0217154156910632 -0.0139313340994933 0.0191506630195231
0.0535855449380119 0.0554046474362382 -0.0352344509075107 0.0318562835868961
0.0193252756716148 0.0764496542335113 -0.0660573875382719 0.0303842923420193
-0.0418227495624382 0.0995565085739159 -0.0799465189781755 -0.020866871224072
-0.101588035609514 0.0444800192286172 -0.051787772957765 -0.0719675989784816
-0.107791990310274 -0.0583454766396315 0.00419855852588884 -0.0424297737441166
-0.0774585390753568 -0.131193835377015 -0.00442984869718306 0.0330683877134216
-0.0252282793021932 -0.11565357157015 0.0641748784878806 0.0709958330375733
-0.0678501086919521 -0.115420370002953 -0.0105813161113937 0.112435834306348
-0.121092979919248 -0.0340622502404343 0.0480175212233258 0.131226980588936
-0.109080708129646 0.0663101152704271 0.109965007934491 0.0640379930477996
-0.0243543462509417 0.0952543436239148 0.0847240214093828 -0.00873820680393882
0.0272909661353518 0.0765295427782988 0.0418832396181672 -0.025555911489413
0.0646860074565785 0.0438478710851154 0.0163240269688079 -0.00750685352682675
0.0714907807681723 0.0203776985856966 0.0148339534243665 0.0100168922831105
0.0712352931940868 0.0203604878019613 0.010388386808636 0.0309908385005282
0.0539548990089631 0.0510762717181047 -0.0136253182047342 0.0472010500245024
0.0196483238841039 0.0731844626284621 -0.051714131790199 0.0520509994688473
-0.0445882977006129 0.0922235549768574 -0.0763426634236734 0.00187421640412997
-0.0955999504945782 0.0325140092054322 -0.0560449868616877 -0.0535330384471823
-0.0880609192418953 -0.0636501943357616 0.00583611223878338 -0.0304442442163471
-0.0509346575285312 -0.117553094346008 0.0065254336960057 0.0685748103292231
0.00218279311730446 -0.078490627756433 0.0557467557468224 0.116995827293435
-0.0308183761591562 -0.0985299982524578 -0.0130464629763704 0.127752873316755
-0.0879296363010998 -0.0457261521999661 0.0224109806226671 0.133848639445349
-0.095491245483067 0.04136684355092 0.0800114888169641 0.0821063971008743
-0.0262867975454005 0.0749998821217867 0.0742800159415129 0.0243216209809515
0.0188703084551567 0.06141993584854 0.0555397649878312 0.00509038222085472
0.0517910971939704 0.036532605041415 0.0387366873225608 0.00971380724253236
0.060519943643243 0.0178823938590795 0.0366222682234996 0.0204402330887744
0.0609958929053402 0.0174691898329087 0.0313704123811121 0.0410321899290179
0.0472951881889002 0.0418367983847457 0.00466411771122767 0.0612663186237789
0.0151138861262053 0.0638945226764513 -0.0393907978237417 0.0699839381198136
-0.0455431319143931 0.0748860828298183 -0.0733293709998103 0.0195082132316498
-0.0822798758480826 0.0137362636261652 -0.0583869099207525 -0.037939801600156
-0.0590593347377873 -0.0652405371969417 0.00611376318924055 -0.0205561107399983
-0.0158612383254041 -0.0910403232049856 0.0113758928484814 0.0960729441477158
0.0287407655230076 -0.0259498826891639 0.0441784736863679 0.141201986593562
0.00552805877588596 -0.0592204316757279 -0.0127494921316897 0.129974694316276
-0.0421655318371573 -0.037784848896256 0.00292538068638529 0.12814536134947
-0.0607969255402518 0.017503696005365 0.0556600505114947 0.0913200090602262
-0.0174939439201828 0.0432097456496167 0.067588124612158 0.0467426420220024
0.0102807466548629 0.0350702687882125 0.0655211050314548 0.0250674066867995
0.031610548202945 0.0219683236621381 0.0552263969740632 0.0202745459902235
0.0406464356261507 0.0117882567117339 0.0523863684251182 0.0277915682387107
0.0425166411514126 0.0126550649101977 0.0480478856335272 0.0479546010348594
0.0357187207933337 0.0298072513124299 0.0173076529975658 0.0732797996934533
0.00934408219736166 0.0492816296739894 -0.033573987456905 0.0844012336322512
-0.0411348853797321 0.0511963544078313 -0.0755382370973713 0.0320006456069757
-0.059542004263905 -0.00494183386430706 -0.0637272242554541 -0.027336938653959
-0.0246401171596666 -0.0587361989221785 0.00225901910250194 -0.0151427257966198
0.0202057047881697 -0.0530499330089188 0.00844420729012362 0.111897079889254
-0.0520803588029444 0.0109111539200447 -0.0200734766346611 -0.137341163940461
-0.00662059300439027 0.0407974473535531 -0.0362747425285164 0.011215647886396
0.0375422081569212 0.0188019319510479 0.0730600761855147 0.0407263047187738
0.0266652548669622 -0.0251231780949806 0.107738285826274 -0.0355070630222764
-0.00516259626162678 -0.025027787488181 0.0541628723334532 -0.110203842914155
-0.01191038620078 -0.00800640471672627 -0.0297529570093479 -0.105189677431302
-0.0145869118154994 -0.00657240392500329 -0.0680297749684177 -0.0638454453120819
-0.0140424321425602 -0.00769643412101385 -0.0715645217908757 -0.0335951981812446
-0.00564229043222669 -0.00615064885666082 -0.0760475444981896 -0.0226058966375867
0.00284038647263759 -0.00539358893851455 -0.0852732583136524 -0.031570680537943
0.00969395151055989 -0.00652044307296466 -0.0805066745916133 -0.0618114441244108
0.0206800077264137 0.0139585131648915 -0.0497191878056052 -0.10714107789951
-0.0041139464607811 0.03357447953455 -0.00198155465050982 -0.12996961629431
-0.0514282700588999 0.0126996534342395 0.0286530141444826 -0.118311001365417
-0.0595574850874289 -0.0242700987016236 -0.0372301389284006 -0.136923602280625
-0.0756934195564695 -0.0397869169403264 0.00727738024099219 -0.129392863323434
-0.0504109871759331 0.011295436162425 -0.0277235788329823 0.0177964209028445
-0.0103140094716764 0.0312493821987366 0.0862008983423058 0.048860266936101
0.00466180890704689 0.0162044093249405 0.125412525486528 -0.0375202845602403
0.00110823518197025 0.00860626786543119 0.0613879017431026 -0.116950973256107
0.00713597740081131 0.0147160615260189 -0.0281836308544549 -0.109623923567758
0.0147471611949551 0.00558119673154925 -0.0666784759011551 -0.0637394944411549
0.0157521028090534 0.000234967317585898 -0.0683999759242544 -0.0317978568184736
0.02238975654932 0.00855394724498919 -0.0737134254985037 -0.0169064534367894
0.0174737600048836 0.0257581977881169 -0.0852451333166345 -0.0226039001498072
0.00347469257043802 0.0290865485076586 -0.0851542727388976 -0.0496457299568225
-0.0159521758242818 0.043524531534297 -0.0595198088334307 -0.0971626027212584
-0.0514724859397934 0.0286323073730742 -0.0123749399787098 -0.12249478400674
-0.0821487555288102 -0.0287943979834398 0.0153717644768964 -0.098536850702436
-0.0792193669734286 -0.0815256719306388 -0.0377934892040257 -0.105296571185076
-0.0848915341530285 -0.0881827101461189 0.0348484961573634 -0.100417247278848
-0.0881909673500059 -0.0303877025832207 -0.02053816157547 0.0354206547452099
-0.0647991015255724 0.0334856766402964 0.0949782918058343 0.0697962160775233
-0.0280685807421385 0.0579610237368107 0.143770197149538 -0.0247723265309878
0.00364803572781501 0.047600421948864 0.0756330493284096 -0.110850679580585
0.0239011747079682 0.0414313394050711 -0.0168453804400125 -0.105897479315226
0.0421164970031966 0.0205072393376262 -0.0553330241121039 -0.0577494202764021
0.0431222538139184 0.00854084904071604 -0.0556831133723725 -0.0250087189449172
0.0476894065941038 0.018321606526779 -0.0607251733063872 -0.00544276829001882
0.0345037316059145 0.0474296680658839 -0.0773224970087468 -0.00445673582978551
0.0065708468037017 0.0587679708043534 -0.0885738989271174 -0.024550533381403
-0.036205897226738 0.0756963235465713 -0.0753748595862059 -0.077280073715133
-0.0862590719507759 0.036464195127042 -0.0306160082214324 -0.112565503724561
-0.108247665803516 -0.0501605097224452 0.00602338674437504 -0.0787406715421887
-0.0932739659645808 -0.120438220508988 -0.0317006480440902 -0.0602068828086713
-0.0775211368309241 -0.124188573609291 0.0557315473206115 -0.0502554775320875
-0.108881304068369 -0.0751161450899233 -0.0149378723892008 0.0627987555781762
-0.112804708589442 0.0201151785721505 0.0934475850932621 0.0981868522638422
-0.0669649979205554 0.0871930392216066 0.153032150125995 0.00166635120905452
-0.00135196225261671 0.0833179713274173 0.0895551946964357 -0.0895758248577285
0.0350432876589823 0.0658002420760638 0.00278652338471894 -0.0901272787718345
0.0619008083610455 0.034762718534803 -0.0342783776520397 -0.0456686501051927
0.0645481858396672 0.0151745282066556 -0.0347233667280169 -0.0144341403924317
0.0663296156539852 0.022249526736824 -0.0393126695935137 0.00808244830111524
0.0493255501352291 0.0577044250362845 -0.0607283578389025 0.0167858629792813
0.0157708762758301 0.076144348564765 -0.0841421467196521 0.00597719854959291
-0.0423115699964832 0.0997738384768371 -0.0861614305120743 -0.0488472228406652
-0.104329126457625 0.0483288105525268 -0.0476682313792183 -0.0969187930501441
-0.12146217028077 -0.0583154037845658 0.00250206875478554 -0.0614519683417731
-0.0967722749745008 -0.138362012326226 -0.0184263227821028 -0.0114038102272149
-0.0564436750633764 -0.13734864667766 0.0676642479473788 0.0128109687495874
-0.103524833062026 -0.111247410327853 -0.0122996773838879 0.0940874718017277
-0.137537260149241 -0.00745718806990263 0.0789272693084857 0.124920302733725
-0.102203604172439 0.0916768968332297 0.145271632280005 0.0364275736362242
-0.0133933230122897 0.104145705916888 0.0963237871437803 -0.0526577907848542
0.0361313883806751 0.0817634526401788 0.0255624166314483 -0.0626425582588096
0.0718911371756477 0.045174554548343 -0.00830716290910737 -0.0285368406481811
0.0760161805500385 0.0198465357498185 -0.00914672037517859 -0.00179924885411217
0.0764187435367408 0.0221897364915996 -0.0138008352659621 0.0213934208451707
0.0575734103888566 0.0590873804120949 -0.0376546890330336 0.0358538433441572
0.0213538970033775 0.0813999967862663 -0.0708790946114571 0.0344797569724247
-0.0440738978730438 0.107125806969471 -0.08724307942636 -0.020595292023837
-0.108470892534275 0.0486091968035638 -0.0581248288938252 -0.0768496756749143
-0.11627794949054 -0.0623761332109292 0.00419865647071409 -0.047095477364764
-0.0837082448248245 -0.139270951641113 -0.0031193606464547 0.0343681897581391
-0.0276268712483046 -0.123503928751339 0.0681176521917752 0.0754224125799168
-0.0739808140466621 -0.123493220280462 -0.0125672527156551 0.121498351797878
-0.129941830242825 -0.0358773228640289 0.0533543829369086 0.141142614765133
-0.11669561889596 0.0734347457327113 0.119837289161278 0.0668935083296561
-0.0253822394819399 0.1026460023083 0.0913595497874129 -0.0109743510090366
0.0301093546439577 0.0821025560865785 0.0449407569809917 -0.0277526908761006
0.0695976452211542 0.0464665633514781 0.0179610755123491 -0.00813720317532482
0.0761896244603933 0.0206830572689903 0.0168277154923226 0.0108947101140628
0.0760645508357904 0.0211337687977439 0.0117292620115683 0.0333959029984352
0.0579462129483404 0.054211221727541 -0.0148270125611482 0.0523051801748117
0.021293213104832 0.0784836124823166 -0.0552663590778106 0.0576429549899321
-0.0472272438355646 0.0996275962016467 -0.0830831370093074 0.00402792489303412
-0.102313723995222 0.0358128653225356 -0.0629042146701297 -0.0572903815292715
-0.0949848136460262 -0.0676644739967029 0.00560917968005501 -0.0342021696901752
-0.0554367667914213 -0.124627134437097 0.0088509739342197 0.0729396290121206
0.00236757183057161 -0.0839058914812856 0.0595706288268718 0.125665072648308
-0.0340645750351249 -0.105713972506953 -0.0155424378921314 0.138292827895952
-0.094751107196331 -0.0484293416267772 0.0256000684606414 0.144276197262087
-0.102196673487355 0.0465296110586663 0.087415923497134 0.0869966128849125
-0.0273086970174407 0.0812985264213195 0.0804884755280814 0.0254092743183819
0.0213708492140251 0.0660487682725959 0.0599531403607016 0.00475156219392944
0.0552808964662619 0.0385844818308006 0.0420210538939796 0.0102145553552002
0.0647268325817364 0.0174753663197597 0.0406753827916437 0.0219992635470178
0.0649131429300824 0.0176015557529316 0.034895477786719 0.0445913788008438
0.0511125037147972 0.0443759308497737 0.00490669643371652 0.0674068012508062
0.0169746753847553 0.0681143961029532 -0.042018940720796 0.0766376414336471
-0.0477763778099557 0.0811941666124628 -0.0799755769353115 0.0225225452096366
-0.0875995676527108 0.0155629120931822 -0.0651564838348792 -0.0405242251047462
-0.0639350545465715 -0.0699617528723604 0.00527305314500114 -0.0229409718469083
-0.0177505885530956 -0.0974069951365868 0.0137679978814771 0.102504098296967
0.0307045958796816 -0.0281743312687214 0.0477511059295483 0.151972955870585
0.00510604097389055 -0.0637454825900167 -0.0152014380620704 0.141097032206033
-0.0457478173119959 -0.0402413018491457 0.0044803038326872 0.139175449375725
-0.0644593232412223 0.0207750205686758 0.0609340804453454 0.0975250661426028
-0.0180237013492824 0.0470739694028253 0.0736719869536156 0.0496753091117952
0.0114101851477904 0.0377138700579728 0.0709062554997846 0.0262234538922809
0.034000798122127 0.0231117047515259 0.0596318355380887 0.021513198122998
0.043601381613848 0.0110572058884851 0.0568927471036456 0.0296759735662585
0.0452876590582884 0.0123185921993012 0.051703822210759 0.0515683181522134
0.0384014989290368 0.0305435038156523 0.0185308796461872 0.079881327676062
0.0111665218709015 0.0523054560605247 -0.0354670571787311 0.0918255600404893
-0.0429141313933863 0.0561726135004104 -0.0823333581569276 0.0357489330422162
-0.0639135165478402 -0.00484771608932686 -0.0705161432710267 -0.0286621361578094
-0.0272354217366002 -0.0629055129937921 0.00187823510903675 -0.0171006852356351
0.0209092571188265 -0.056822194895022 0.0113495184443053 0.119332782403991
-0.0572706917341447 0.000632073123312639 -0.000134513048653656 -0.145534196760392
-0.0140201058723199 0.0417246735481576 -0.0405778324376572 0.00862543644431213
0.0362507242417319 0.0249778546760382 0.0723595124898322 0.0579105169120062
0.0312941339667163 -0.023609508030994 0.123340663752925 -0.0197424112958309
-0.0029680667089183 -0.0280858363920475 0.0758812095447944 -0.109516440803728
-0.0122552376943166 -0.011042135278769 -0.0124832184406363 -0.116720385304078
-0.0144836046018241 -0.00893517722906834 -0.0611267519475929 -0.0799588740947407
-0.0139883613913374 -0.010148626127617 -0.0694189085646323 -0.048921088203146
-0.00483279716590752 -0.00657723076642616 -0.076267814674756 -0.037849853829979
0.00275389450675626 -0.00509646455240628 -0.0847117956077087 -0.047124280462538
0.0103340860511481 -0.00577504389563006 -0.0750474619379288 -0.0777118072911125
0.0191651890298721 0.0164219290231578 -0.0346503394995148 -0.122008100462879
-0.0106825479947748 0.0329955899099599 0.0209366813811638 -0.137935796386918
-0.0561530797819599 0.00235945002771237 0.0558053309222735 -0.120215921825132
-0.0595331636013749 -0.0395375913477387 -0.00845535875136583 -0.148840899959213
-0.0714286444001375 -0.0564106092849475 0.0266957650283166 -0.135101583102124
-0.0535017606328838 0.00291727081780396 -0.0343236074392129 0.0151219108674628
-0.0151678209726027 0.028640879106817 0.0819536138645744 0.0686594617531368
0.00148392293781786 0.0146739395662472 0.140151571060243 -0.0169143063873917
-0.00287766065999625 0.00746008444640816 0.0856115906821538 -0.112898544046469
0.00303164105265832 0.0166074159126595 -0.0104067402241846 -0.119981065379592
0.0134731993671717 0.00877515266782486 -0.0593353092144415 -0.0785332078044362
0.0148025108579787 0.00401850603651522 -0.066578467650401 -0.0458699936064971
0.021293552253148 0.0140000034361138 -0.0755294007249905 -0.0304714060047405
0.0121781132540823 0.0304227918352456 -0.0870713592948115 -0.0373206411787122
-0.00477875715600433 0.0307606962403956 -0.0814074392544422 -0.0672246705166051
-0.0252407770212639 0.0404097103062081 -0.0456841743689138 -0.115593645543536
-0.0587871941383334 0.0165378453875871 0.00868517365543682 -0.13280243583702
-0.0798068942509278 -0.0477042042761286 0.0394799213963703 -0.10044184258436
-0.0682903075654422 -0.105200755232678 -0.0150570319077395 -0.112704689261801
-0.0701839917463753 -0.107938924062988 0.0500029559128359 -0.103045058576926
-0.0839986051417448 -0.0462354248799844 -0.031244662177375 0.03344945282232
-0.0701219613980026 0.0203211651418601 0.0838562479743822 0.0923909726590263
-0.0387356174944711 0.0511439699704123 0.154293545928525 0.00103471159796854
-0.00785206942844202 0.0476467214741271 0.0999162738684398 -0.102511985389278
0.0158759307071231 0.047743519128265 0.00106855345283161 -0.113792389454728
0.0388579369350887 0.029385806441897 -0.0473408814611447 -0.0692244921992831
0.0419748349691012 0.0186141783407947 -0.0537445620315325 -0.0362241756436359
0.0453223157172575 0.0292321359568042 -0.0637903795193847 -0.0161417872060275
0.0256775151331149 0.0569776340575389 -0.082412665721155 -0.0164118062875988
-0.0074423201866584 0.0626777286161934 -0.0894506879937105 -0.0420891215816956
-0.0530601366992064 0.0710928773270094 -0.0660915025486372 -0.0991365541413985
-0.0979582727820494 0.0175534164487932 -0.0116232486040913 -0.125181844647451
-0.102991319630708 -0.0764712774021523 0.0269241950832988 -0.080218732756611
-0.0751323730699047 -0.149654030736828 -0.0183470711649163 -0.0615195055293917
-0.0549221285783988 -0.143671571633659 0.0631934652626203 -0.0478052022072988
-0.0965456427472241 -0.0963743759363548 -0.0311702880877105 0.0618730249876557
-0.116634185488909 -0.00175874143999548 0.0741646432311036 0.12048597087345
-0.082509217386939 0.0745898077305699 0.156317231634549 0.0322079050733616
-0.0187334162171346 0.0836349795576462 0.110683374602029 -0.0747530047893071
0.0227057902656127 0.0748763458901207 0.0195551522426067 -0.0929022119265615
0.0573809034221519 0.0476282666469541 -0.0277706631566344 -0.0522617846180107
0.0625797299016044 0.0296452653353033 -0.0338003575612183 -0.0212741719534979
0.0640013855718597 0.0364997382555366 -0.0443516086106027 0.00234112855763024
0.0393802445146407 0.0708920034463423 -0.0689121933947039 0.00859301645546947
-0.00207551551662927 0.0835531501190357 -0.0897476648297015 -0.00945102938893166
-0.06379953018775 0.0957115989581934 -0.0824164877264155 -0.0725269010435866
-0.119415472619714 0.0258802634719978 -0.0323289210719336 -0.111342017076557
-0.114891812564277 -0.0876216426676915 0.0202424868678454 -0.0623865081128627
-0.0745739560972676 -0.169485855373924 -0.0141568584070008 -0.00724530258216133
-0.0293551629767712 -0.15248062571611 0.0647864449943442 0.0188661900917931
-0.0839506461094077 -0.132400314438968 -0.0337662966484808 0.0939212406993855
-0.136473530531958 -0.0344995378374764 0.0524814138001078 0.144405560543577
-0.118381005550497 0.0735317386309714 0.138715637538891 0.0662504511445704
-0.0344658123601784 0.102773044955156 0.110992676172049 -0.0336071187421786
0.0217800845734434 0.0917638375430487 0.0382969518183435 -0.0592252949725034
0.0657062056091519 0.0597247310947996 -0.00320049766671154 -0.0284523834600379
0.0739967110202996 0.0364212100747296 -0.00896575910772648 -0.00341007806709768
0.0743390518038997 0.0387396901199085 -0.0196484385847462 0.0212899092927009
0.048390458245133 0.0733520022995407 -0.048561042569966 0.0327948123996064
0.00323990721165693 0.0910531576870173 -0.0810149220779043 0.022269692498552
-0.0676854833993296 0.103892330309823 -0.0890357345813268 -0.0431275594347808
-0.123818764209933 0.0258155202396482 -0.0469280156703668 -0.0921166023379152
-0.108937691138923 -0.0907273974856777 0.0182663178931789 -0.0459639060876294
-0.0605151007980583 -0.16668734547934 -0.00716697211125372 0.0436985932905159
-0.00107937077242741 -0.132043349024808 0.0551364254641311 0.0847400303683534
-0.0506829782916904 -0.139708502759438 -0.0381231941346629 0.122104786954296
-0.123395427733545 -0.0614094333776961 0.0234383674163301 0.155375458198167
-0.129843492293509 0.0534008611123187 0.105808902641031 0.0930914413789627
-0.0453644497892224 0.0995587712535777 0.0978011377216972 0.00969046990127467
0.0156301812045576 0.0913024880778548 0.0528531607722518 -0.0193421227243202
0.0626287013720973 0.0607442683156984 0.0214032476533642 -0.00214666741074633
0.0746289565721701 0.0370160293890549 0.0160399755266207 0.0149295777977239
0.0743558912425775 0.0365247031568101 0.00532561552027094 0.0387872594742939
0.0499337100740737 0.0681409593401379 -0.027325060219286 0.0541267010255159
0.00413060204705588 0.0876022144301614 -0.0684523338568472 0.049707619970533
-0.0691514943207066 0.0957593062855125 -0.0886789947994604 -0.016155663866234
-0.114962153705828 0.0133756082953671 -0.0556451124058745 -0.0710783313774381
-0.0861054008721055 -0.0920528867815658 0.0165426582264112 -0.0319841179930384
-0.0325178882477964 -0.145323759182431 -0.00382649271841259 0.0853798377505283
0.0225296506513271 -0.0845184248501232 0.0381244279086322 0.137190755764536
-0.0130490947388924 -0.113984292386421 -0.0426760463529631 0.140481102612215
-0.0856291385318502 -0.0669273644641401 -0.00463799553611343 0.153233976853167
-0.110911715882005 0.0299438693884461 0.0695383204564786 0.10705779679468
-0.0423266135817718 0.0776755418338159 0.0793396417875953 0.0448460933273556
0.0100366738977471 0.0727581345019047 0.0624601491729431 0.017337934454897
0.0509125458248371 0.0499252070534079 0.0429721371420675 0.020547557245878
0.0637537081663099 0.0314992482388306 0.0391509386077665 0.0307905747865503
0.0637611128133411 0.0307084891995949 0.0283329289042643 0.0537079635553677
0.0449538323075292 0.0560920983604463 -0.00845395780338126 0.073174260680329
0.00267655108909289 0.0757016456668284 -0.0579309764036781 0.0718492165584953
-0.0665426889169427 0.0766387726825144 -0.0878796059775823 0.00483387908030117
-0.0953145867426795 -0.00412529251383777 -0.0615058473022386 -0.0536429187073748
-0.0528673931843865 -0.0874187488899743 0.0124975122372821 -0.02027565426415
0.00190354043598867 -0.107173788036239 -0.00509229626164281 0.115292018389891
0.0405693713014958 -0.0210347538890057 0.0221443368008395 0.165326337569198
0.0191169758502972 -0.0637125434581283 -0.0422042210277289 0.14454652072709
-0.0371171184854721 -0.0490709737095418 -0.0232555720123416 0.144729330346891
-0.0674626145809338 0.0106499855323993 0.042729356777059 0.1136683512882
-0.0257479874019377 0.0439466112596872 0.0679709908016777 0.0672887962062842
0.00601440564410384 0.041022116544606 0.0707164906222382 0.0402955330674382
0.0316581861243177 0.0293818796802672 0.0599037382112454 0.0347946504149153
0.043289818232769 0.0201735152615817 0.0554720157658814 0.0414438507474441
0.0448261554370446 0.0213186800162671 0.0450726350226477 0.0645641299545606
0.034768299639862 0.0389908025069623 0.00407661585493575 0.0888194979994148
0.000305246361900146 0.0582249050157331 -0.0533381189632354 0.0896572125016687
-0.0566885776712029 0.051601658829356 -0.092832108830173 0.0192382049628182
-0.0660915283853738 -0.0202664831641414 -0.0692625281001452 -0.0418474765072184
-0.0159826946295144 -0.0722385049040807 0.00550854832719604 -0.0149636858614687
0.0352459553584027 -0.0550096143883436 -0.0125764925449004 0.129881748031291
-0.05715051199018 0.00543349670589587 -0.0117633523705085 -0.148133927834856
-0.0105428228420824 0.0436550062734888 -0.0412456166015451 0.01303185368658
0.0389380602232628 0.0218277746740722 0.0786987189189867 0.0544502125301463
0.029832068647341 -0.0268336464635345 0.125345556275314 -0.0290403760745998
-0.00571424662869347 -0.0280925398538489 0.0703245344369846 -0.118031634542968
-0.0131149479878593 -0.00973234389372018 -0.0201395200291584 -0.118809253434592
-0.0152089735983527 -0.00742735617663978 -0.0675049858968145 -0.0770673926076116
-0.015870221871009 -0.00814187199771951 -0.0740819251945277 -0.0453131079597948
-0.00523888099501733 -0.00605182369102373 -0.0810843128730442 -0.0330122308026483
0.00208409655317832 -0.00491449742438013 -0.0890736924145417 -0.041711612772883
0.0092192549513242 -0.00612985063819005 -0.0821121100209066 -0.073957687036167
0.0206550999727293 0.0144357807392168 -0.0448884002535107 -0.122169647330907
-0.00876925353226684 0.0338219458190461 0.0127677302199225 -0.14330606890986
-0.0571441181497409 0.00725520692095037 0.0510092822756038 -0.128437246685685
-0.0632940254819125 -0.0349261560161174 -0.0175071852257985 -0.151680656206913
-0.0751731981689805 -0.0516823518699626 0.0155098303841117 -0.140312913068927
-0.0537722438603602 0.0067286678525314 -0.034816993484383 0.0193413788325614
-0.0129810479344343 0.0296274977233755 0.0892582668234674 0.064841320735128
0.00263607442896058 0.0145436888518522 0.142218471898724 -0.0277211866904524
-0.00286655807991916 0.00780188329520791 0.080312297927032 -0.122283848493833
0.00447933658959533 0.0168532536813402 -0.0184931569569908 -0.121942404143859
0.0140569105349046 0.00857663723567238 -0.0653816408148933 -0.0759931803014348
0.0148290641505657 0.00435469653959829 -0.0703734428015795 -0.0424307215448973
0.0224295127647252 0.0137816790051433 -0.0783932506970036 -0.0259196485460964
0.0136330300617045 0.0307859574646456 -0.091028616189053 -0.0318728332461319
-0.00362378519592089 0.0317262963128262 -0.0881496524768238 -0.0625766641040017
-0.0231619400620203 0.0418633538852792 -0.0561060178049608 -0.114780822615266
-0.0586909795276283 0.0207650889913809 -6.16762117228339E-05 -0.13641933345468
-0.0848864184770302 -0.0427633054827879 0.0357821289853853 -0.106828930945477
-0.0764991072285903 -0.100527336858523 -0.0214743923004572 -0.114876985130587
-0.0778106152499164 -0.104368081538215 0.0417485716744929 -0.10842082109144
-0.0884646158265721 -0.0414252128482956 -0.0307322860414966 0.0376875646455364
-0.0697153061405626 0.0254149796719646 0.0931708053959985 0.0888667418580633
-0.0354001348366571 0.0549600825844542 0.158116482621766 -0.0102378315341018
-0.00493693358342636 0.0493317914495294 0.0946078390752439 -0.112410983956802
0.0196766141973136 0.0469643203360765 -0.00625419326319304 -0.115556657693269
0.0412093219390281 0.0272243659595247 -0.0529583272737881 -0.0672375735066225
0.0429268787700948 0.0161482275995007 -0.0573264964135738 -0.0334319784639744
0.0474499160587473 0.0270066929901265 -0.0659478684332066 -0.0115937722202066
0.0294916308470152 0.0568377942369808 -0.0852998060993327 -0.0103802348727335
-0.00427938840511587 0.0643677664089353 -0.0947630334692466 -0.0362405234083586
-0.049191162661348 0.0755343044211907 -0.0752987249611529 -0.0963163810534327
-0.0980577384238235 0.024347565736327 -0.0211851582895105 -0.127513963452067
-0.11018394589741 -0.0711430381345654 0.023347483852583 -0.0852158296822803
-0.086499785262196 -0.145584588062813 -0.0204372612359719 -0.0627505959840282
-0.064829572457779 -0.141297215533693 0.0596562470965091 -0.0539588559054611
-0.105099974777522 -0.091189884083259 -0.0287033326758816 0.0665606552764667
-0.118361879097309 0.00616353159092052 0.0850298160707852 0.118173239854614
-0.0786041845085882 0.082068292720371 0.16188965316941 0.0207420341148104
-0.0132791784135165 0.0867624669370204 0.108238737862561 -0.0850288736657832
0.0284660003102936 0.0747265918334047 0.0136765178618634 -0.0961047332375777
0.0614481901181598 0.0446335045619729 -0.031444164786772 -0.0515628462808592
0.0649152928181145 0.0256002449135986 -0.0356302027255102 -0.0197051479942669
0.0670481128381935 0.0330972516658761 -0.0445011906416375 0.00538112511892296
0.0447639469310432 0.0697626395280611 -0.0698896611871929 0.0146013905563552
0.00285218919389588 0.0850667389187175 -0.0927329365452657 -0.00222886387994647
-0.0582197036603295 0.101826708491978 -0.090293239775674 -0.0675210692347734
-0.119299230918132 0.0341898252896442 -0.0429797969300285 -0.111763335012997
-0.122906736500908 -0.0813075782126263 0.0170584454256795 -0.0665397318207866
-0.0873079852523826 -0.166130378059443 -0.013043575372444 -0.00750187966682056
-0.0394304170461634 -0.152592911648741 0.0656243991031915 0.0147150373096519
-0.0948622233257685 -0.129070895003671 -0.0296234026344229 0.0988841269284572
-0.140878366743379 -0.0258232795559464 0.0634656474953038 0.144411781756066
-0.114853548300257 0.0843671807613991 0.146817519379639 0.057274775852898
-0.0277284175531883 0.107230555959586 0.111377746303877 -0.0431137478772984
0.0289742456200631 0.0920109868396569 0.0351044515565239 -0.0633203325200342
0.070524899966217 0.0560677703878316 -0.00522231218321316 -0.02903508930243
0.0771145220146727 0.0314195241670204 -0.00915088823012422 -0.00295633330656374
0.0773408907359211 0.0344914349978145 -0.0182104811225647 0.0231101907524903
0.0540074445934357 0.0714929545109954 -0.047834595043702 0.0385619438664794
0.00942667560927837 0.0921667741966321 -0.0816361103440305 0.0298536088161926
-0.0614607653565917 0.110729420542392 -0.0952411336086776 -0.0362754273312361
-0.12358004375009 0.0343624617177085 -0.0571950974502665 -0.0906480596100339
-0.117324541087951 -0.0856682059385027 0.0154534685759759 -0.0500004794712343
-0.0725468995737724 -0.16459888971434 -0.00293400748931608 0.0440230432498484
-0.00984300370992066 -0.13372240278296 0.0609732134054021 0.0826555209057643
-0.0612435323278686 -0.139568406198102 -0.0326959154777393 0.127992635344677
-0.129266967770627 -0.0543603506290989 0.0343008167645935 0.158028064479507
-0.127992241409481 0.0644906983228951 0.114706520558294 0.0869337959616846
-0.0392481076578499 0.10542374806078 0.100969950735205 0.00270737125759295
0.0229537826887795 0.0920634867610105 0.0527090907140309 -0.0235648006675806
0.0677680943387963 0.0576241718638319 0.0217046731048805 -0.00372275714647517
0.077794329094187 0.0314724060366315 0.0175767919339856 0.0140501035725258
0.0775090461736446 0.0315528315835273 0.00851571483195764 0.0392481521729656
0.0555477040033776 0.0652684159655382 -0.0242893322625702 0.0590285019653266
0.00999099485119325 0.0885837352489148 -0.0670549396575729 0.0566587247724842
-0.0631659133547008 0.103046908795764 -0.0929213815468242 -0.00878604776019732
-0.115219564402454 0.0213410647410571 -0.064425909152509 -0.0689602426016423
-0.0938233768367109 -0.0884963117338854 0.0138236725681968 -0.0346884475982614
-0.0431582761667119 -0.144436971644936 0.00360568001281369 0.0866252260808831
0.0179111295022092 -0.08747729705811 0.047474976053604 0.137390317713875
-0.0215985987159414 -0.115446790346169 -0.036246266476999 0.146941926092604
-0.0914295152963681 -0.0627432384264316 0.00560455580151586 0.158001255235615
-0.110084198402788 0.0395943886598846 0.0778914831672654 0.104698326627793
-0.0372498396609064 0.0823887875541872 0.0844437119742318 0.0405491007504756
0.0157384473380242 0.0735930013966195 0.0649810697730093 0.0131489510397857
0.0546399380393798 0.0471471139258157 0.0457253917755298 0.018365349939615
0.0665907437600557 0.0257986574832827 0.0420433890587582 0.0286890789842289
0.0665936303629682 0.0263311991064566 0.032575846807667 0.0532797225617417
0.0493624247716009 0.0533873451397646 -0.00390479627964642 0.0772386550809679
0.00790863793998953 0.0769722839785625 -0.0545060016952599 0.0783359539364994
-0.0619958196587163 0.0839887185739712 -0.0909062228324865 0.0119316173068191
-0.0967515522559555 0.00216294307909729 -0.0686906245748144 -0.050248914451255
-0.0604397391742174 -0.0861035643187886 0.0104075682202971 -0.0221485647458077
-0.00533554388215786 -0.108575529524732 0.00436561714513393 0.117043948247716
0.0405010999901806 -0.0244952290498527 0.0328543289176218 0.167491417356741
0.0150831681625494 -0.0662085175377187 -0.0349362309638755 0.151153908625909
-0.0413689034329145 -0.0473475653640588 -0.0133837087770012 0.150753928900093
-0.0672669296817343 0.0173304424724351 0.0512753889323583 0.113782667166609
-0.0224896966715097 0.0469337196499519 0.0741357911517994 0.0641253812408783
0.00912275907515617 0.0415100819909866 0.07509860830591 0.0363872270212063
0.0339669667481765 0.027561337266354 0.0637002671868487 0.0313812920038422
0.0452878319530441 0.016178862904568 0.0599847731612287 0.0382577976639695
0.0474625001896394 0.0179334372750366 0.0505229716576649 0.0628604526643552
0.0379485768307163 0.0364538556409504 0.0103092198590772 0.0917305975990558
0.00505039145192958 0.0591569722790246 -0.0488519272280409 0.095757318240035
-0.0532459544940034 0.0572232692301531 -0.0946650346486511 0.0274662155353097
-0.0684890865550031 -0.0163846052366286 -0.0755538417060169 -0.0376042943786477
-0.0218277456787288 -0.0729084776958173 0.0039566744671188 -0.0166661871878301
0.0317318012784039 -0.0579814900994111 -0.00186437470162106 0.132194772625244
-0.0544103414808197 0.00846390304887648 -0.0194627094591313 -0.144864249342631
-0.00792462056591251 0.0436781104007888 -0.0398566575665796 0.0168082276944734
0.0390245802335253 0.0186528230356391 0.0816133601297429 0.0504786996588703
0.0272317789185346 -0.0277742513074064 0.122599872540441 -0.0349151261652251
-0.00713844774533451 -0.0273659951255261 0.0643308633698666 -0.120545849125371
-0.0134963851904679 -0.00900437132670915 -0.025311461935595 -0.116370741135507
-0.0151206454747549 -0.00563481358071832 -0.0694193701998476 -0.072225789577963
-0.0157982234724638 -0.00616920689935111 -0.0752975640291997 -0.0416262667348468
-0.00520728470106042 -0.00474436781773872 -0.0811846018499762 -0.0289404430533409
0.00135400857663678 -0.00410475294241183 -0.0897009991132836 -0.0366463598984732
0.00807253142859062 -0.00680659528729816 -0.0847546590733107 -0.0686654924723914
0.0207939900331503 0.0121645874663708 -0.0506757565766671 -0.118471366673832
-0.00679080265170474 0.0336092742166953 0.00617254454919397 -0.142176190958501
-0.0563406186183073 0.0108621041687248 0.0466660117830123 -0.130559913607937
-0.0630607239689215 -0.0305724975602945 -0.0227554588329769 -0.149147139581907
-0.0753011904393269 -0.0465884011469697 0.00715218087073914 -0.138451122738318
-0.0518579801634635 0.0096102871621075 -0.0337324306783882 0.0222692902925761
-0.0109097263395833 0.028875616742933 0.0921355359455143 0.0603690862562954
0.00314530128578323 0.0138173323998661 0.139076142721093 -0.0347347499504673
-0.0028070920329182 0.0082976247870571 0.0737982303198407 -0.12494787275563
0.00489750609640685 0.0165694518586194 -0.023330813619022 -0.119323145144478
0.0141331291054479 0.00858072982346712 -0.0678250225424307 -0.0714851238511041
0.0141526247893547 0.00436108767317649 -0.0715292405162699 -0.0389676825191619
0.0224643978156187 0.012907172326115 -0.0789416132202114 -0.0216129540301347
0.0146364199181748 0.0304425848038335 -0.0908549911366112 -0.026176444333482
-0.00293208086268995 0.0315182088667149 -0.0902996250178751 -0.057240615843101
-0.0210904613821415 0.041803392216425 -0.0614970956081831 -0.110299786474015
-0.0567847685132819 0.0225384955872308 -0.00653443688096517 -0.135064946476529
-0.0856054972541714 -0.037699708431664 0.0318106174525183 -0.109148143519674
-0.0788768650091643 -0.0942137137043455 -0.024778985322412 -0.113650438324575
-0.0804218104789716 -0.0984746829321596 0.034124228832371 -0.108589504166564
-0.0887742492618413 -0.0362861269238634 -0.0294620645815857 0.0397796210083483
-0.0666998191581246 0.0278033459605578 0.0962406270788281 0.0838825274030777
-0.0320215139528649 0.0556956093788639 0.155590004792185 -0.0186907010711271
-0.00249551173418999 0.0493167268224367 0.089279522454245 -0.115683372329314
0.021618938650608 0.0453174453034067 -0.0113370711754623 -0.113813866804333
0.0416905674655607 0.0256930400544338 -0.0554172701583107 -0.0635688927198694
0.0420035105278765 0.0147656223854747 -0.0580428026593298 -0.030364777775805
0.0479076431186462 0.0250950034889393 -0.0656426263509913 -0.00846287047866568
0.0312609057684823 0.0550270070617174 -0.0842634851841073 -0.00550462594477042
-0.00217862020788754 0.0642015924080715 -0.0957612306565389 -0.0304444937209421
-0.0449940790496047 0.075633452251217 -0.0798485841632441 -0.0908259710159878
-0.0948058751995027 0.0275574653106901 -0.0282770538062166 -0.12527717549785
-0.11191915099317 -0.0646906343349089 0.0202077810184556 -0.0872292769461193
-0.0910020756145095 -0.138061638554655 -0.0218724861186489 -0.0621128268902542
-0.0690276354382297 -0.135704976442844 0.0543320018855964 -0.0557522863851676
-0.107371886466836 -0.0851693013106522 -0.0264455799961292 0.0680246553506559
-0.115292867490163 0.011397173398572 0.089513889779269 0.113650878638329
-0.0730270066215958 0.0848110431289351 0.160829189211869 0.0122223574856341
-0.00914830188958918 0.0858878654407987 0.103324756894956 -0.0895228166458414
0.0316110765958241 0.072234411082564 0.00923163345225963 -0.0950549872820712
0.0626603169112977 0.0415370213666023 -0.0332689764913492 -0.0491462326074403
0.064029683471189 0.0221665574930116 -0.0362931353241828 -0.0174302554690029
0.0674557470214997 0.0298938014277485 -0.0435282876821555 0.00749650287570881
0.0472545563441419 0.066660841948984 -0.0682384564933485 0.0189079987102453
0.00606822734607429 0.0837706227251095 -0.0920659119895647 0.00287623660185021
-0.0526939182706714 0.102417138743403 -0.0936658402508628 -0.0613693651229661
-0.115557216469903 0.0383514995619025 -0.0493652789982425 -0.108023740630501
-0.125150541285914 -0.0750173415516897 0.0143317205534123 -0.0681501720897602
-0.0928273607743486 -0.157807954021665 -0.0119166541581028 -0.00812194300583248
-0.0450510188938446 -0.148199568067241 0.0638438891263437 0.0108338399350287
-0.0991379110557047 -0.122432963455726 -0.0260109137780845 0.100055912375745
-0.139485595154983 -0.018785333260241 0.0691028358114668 0.1403718041421
-0.108400319281521 0.0886491042806903 0.147547997276463 0.0492786561344469
-0.0223976456036872 0.107401761682822 0.107685100813722 -0.0481682705319001
0.0328292883294076 0.0894745315110526 0.0316607292195774 -0.0639665150747986
0.0719627570754268 0.0522738283031125 -0.00659171048223406 -0.0281304933472969
0.0765410863168922 0.0268293009009882 -0.00952488208358342 -0.00250954836620951
0.0775908560307888 0.0302525306021985 -0.0168099240481988 0.0238703592867482
0.0563390451662182 0.0677482595679229 -0.0450579213055669 0.0418026315666718
0.0127456115427873 0.0907430407053724 -0.0796955836896874 0.0345427533832196
-0.0548764547834264 0.111980118827591 -0.0968035826800306 -0.0298845658383281
-0.119256697460325 0.0386722951469907 -0.0628129125414288 -0.0861069061020186
-0.119619091225741 -0.0792038488375927 0.0135724607980326 -0.0512049013470113
-0.0785074943126877 -0.156984551387456 0.000913942154569926 0.0420700581161611
-0.0146203432687233 -0.131176025649098 0.0624487283864991 0.0786972221393212
-0.0668835640471976 -0.134535926647871 -0.0280019398663027 0.128678667445872
-0.129348694632591 -0.0478789698186968 0.0410787189119736 0.154813304443659
-0.12192631856185 0.0706739569312808 0.116841096999947 0.0804593607558307
-0.0335260921775666 0.10557975671893 0.0998522370572221 -0.00260020109095551
0.0272659474284943 0.0891371273309073 0.0508100467232261 -0.0256087580417514
0.0697364784069323 0.0534480523714175 0.0212303132620806 -0.00462049748490698
0.0775196383330377 0.0265324185073392 0.0181791688671948 0.0132633773237877
0.0776212934528736 0.027405339452343 0.0101773169821901 0.0386263515856839
0.0575757544352704 0.0613679628853351 -0.0212161107491835 0.0606092080483808
0.014118708726027 0.086759805884523 -0.0638674167483411 0.0599203751350442
-0.0566771605838872 0.105116963549075 -0.092959795546248 -0.0031505266796792
-0.112183971700965 0.0261989051999878 -0.0688951290546702 -0.0638607528913332
-0.0965386418383515 -0.0830693351297564 0.0120700480629853 -0.0359468556509305
-0.0486326351675859 -0.139074321495966 0.00935803659375201 0.0838769968859073
0.0140325589728362 -0.0869847950484868 0.0515665741080175 0.132922660667032
-0.0266262577265713 -0.112930166235917 -0.0309134656573018 0.147629563424935
-0.0925907345681919 -0.0577916057646683 0.0127424772774488 0.156613359668727
-0.105461321311435 0.0451337661486797 0.0818391321625321 0.0997930877246879
-0.0323705205171765 0.0831488584607425 0.0851800870917102 0.0354382630495702
0.0192227599437403 0.0716631905255787 0.0648765188846213 0.00980123346303406
0.0561359738499624 0.0434089156439207 0.0460296870956749 0.0162096246022118
0.0662555598460467 0.0211512745539984 0.042978246002129 0.0260271708146076
0.0666996605052123 0.0216645769080042 0.0345691694832689 0.0511800549633887
0.051396310271195 0.0498151301423834 -0.000189148942738687 0.0774536969132957
0.011806257159371 0.0754147555669207 -0.0505000988705841 0.0803552653052926
-0.0565034081578421 0.0863037119456619 -0.0899292286483829 0.0174548766651124
-0.0952789512955966 0.00608827730633033 -0.0717350116893546 -0.0449153623761437
-0.0634724865469344 -0.081918589807484 0.00868749317597097 -0.0231917590537759
-0.00978715553169592 -0.105160627751185 0.0107921795470701 0.113851000448775
0.0392886817690688 -0.0260984037264025 0.0395947304123553 0.163079264111585
0.0115221471779704 -0.065907780223583 -0.0288854308496628 0.15212035522033
-0.043045546619957 -0.0447481648850365 -0.00694441714882833 0.150039489999444
-0.0645181577797445 0.0213328890219494 0.0561415462895488 0.109715333521548
-0.0194883440376266 0.0473102176329893 0.0762428229418743 0.0595402975022155
0.0111937997759745 0.040125602579462 0.0759075399169785 0.0319660308441686
0.0349007897558047 0.024903975638668 0.0643809494286953 0.0282456167893763
0.0451869087469652 0.0123613754117426 0.0606948744631559 0.0347822511507121
0.0472062080157317 0.0143363725509144 0.0523284690202707 0.0598596955315274
0.0387645849039005 0.0331015327331623 0.0146612200435258 0.0914334732655782
0.00829534842815166 0.0577305287005422 -0.0440050861969691 0.0971518358232324
-0.0487673799669969 0.0595065421337729 -0.0932448224555578 0.0327331476565295
-0.0682029022878397 -0.012939479398602 -0.0779185634496561 -0.0327355124258365
-0.0251210169661697 -0.0706674470183972 0.00313604760031269 -0.0173102666244626
0.0287421589655326 -0.0577503101860938 0.00531756837889671 0.129185106543135
-0.0523638223266603 0.00931752105614275 -0.0220373969841391 -0.141260788634357
-0.0067409329339827 0.0430141460813116 -0.0389084924328575 0.0180367039939353
0.0382846677936687 0.0173339750744579 0.0818305453119661 0.0496277578465807
0.0261025268819116 -0.0280233676537589 0.120640526575116 -0.0353118639075827
-0.00776315805645669 -0.026385885097869 0.0627468294826676 -0.119246126077678
-0.0130149497454044 -0.00860908601604362 -0.025301989429166 -0.114768816864577
-0.0149664680000003 -0.00482841711009636 -0.0689970512544648 -0.0702107424832099
-0.0154617854404303 -0.00460512101769541 -0.0745544692389374 -0.0404247501101603
-0.00505479779661589 -0.00448126687263919 -0.0802218255047289 -0.0280402070520569
0.00108181484460787 -0.00385912309675782 -0.0881140966250207 -0.0351418415889824
0.00700044349311839 -0.00663195258865308 -0.0838940569630059 -0.0664464402286445
0.0203949319993187 0.0107956216087579 -0.0518259579535464 -0.116068054554265
-0.00646184195242711 0.0326569652867647 0.00540107661233825 -0.140338041720711
-0.054893463265896 0.0121503753790055 0.0465438766526501 -0.130595990115176
-0.0611742323139183 -0.0282697505923707 -0.0227122323982565 -0.147268517531329
-0.0728836966502997 -0.0444654736838995 0.00436702778649127 -0.135118560446537
-0.0505492707281982 0.0096754822142501 -0.0336867051185558 0.023523793698656
-0.0100571416725787 0.0276525428139494 0.0918476660009733 0.059237988468071
0.00357250262706091 0.0132140452368414 0.136655150539072 -0.0356966963998834
-0.00309056852499927 0.00849279974418062 0.0712837513735087 -0.12362836392881
0.00494096537585828 0.0166123356659374 -0.0235978307274626 -0.117228525269755
0.0141509101284557 0.00884044115518776 -0.0669703363091097 -0.0690106656158073
0.0133722484678641 0.00540018734464716 -0.0712790663723675 -0.0375304855669476
0.0222252390349902 0.0129491350691212 -0.0779366999880838 -0.0206454213719464
0.0141902929224383 0.0304481235040592 -0.0892377275970602 -0.0247432037585856
-0.00353777244598585 0.0311148901730628 -0.0901817124172715 -0.0548447862827663
-0.0204806090367267 0.0401261683849743 -0.0622134850178173 -0.107839409286279
-0.0554618562051338 0.0219576811992419 -0.0081926412513892 -0.13313846644044
-0.0841502075680761 -0.0359855636712166 0.0320544755063339 -0.108982310978443
-0.0767658567407226 -0.0905218976602165 -0.0240451610193094 -0.111758189377292
-0.0784118934654765 -0.0952337427581307 0.0307738736068219 -0.106342201805522
-0.0867313436400241 -0.034732150711932 -0.0293704672514067 0.0405995503630596
-0.0645440320855375 0.0271969124062893 0.0959771658107652 0.082406951822705
-0.0304214213370875 0.054704355945173 0.153047134152844 -0.0198118804504464
-0.00242790224956577 0.0483687259231615 0.0868683358046295 -0.115286587061642
0.0211513504363446 0.0448507211548664 -0.0118212420836811 -0.111715975113218
0.0410798623181629 0.0251766403745545 -0.0546631372921461 -0.0615578568206306
0.0406677140739463 0.0145113334325264 -0.0575460208232669 -0.0293598526441772
0.0470691511508348 0.0244985536101283 -0.0644695662986349 -0.00764403815141055
0.0311283842793946 0.0543763601753491 -0.0823372785831615 -0.00350746088546364
-0.00215644501713802 0.0631869538471884 -0.0949769217063967 -0.0286673652565292
-0.0435823703483968 0.0740409770120935 -0.0807544231912505 -0.088032207674487
-0.0925436365192581 0.0271774059929712 -0.0298296855321254 -0.123167167109656
-0.109829903013745 -0.0627025656454181 0.0206052073733756 -0.087601849478197
-0.0888295113269848 -0.133161990600378 -0.0206571743736563 -0.0624090338729758
-0.0678959469148083 -0.13245264279722 0.0510167643797887 -0.0547357010770453
-0.105517189187116 -0.0821428126257462 -0.0266765435286475 0.0679141064157906
-0.112148807752202 0.011551756336675 0.0891832089044597 0.111837174111119
-0.0698618550518736 0.0837996018344237 0.158205269627006 0.00994495225164566
-0.0081578021283905 0.0844753571976716 0.100571932543225 -0.0899432773912252
0.0318560455399404 0.0705371915154159 0.00812890738122556 -0.0936881008205002
0.0618838294958894 0.0401637654216531 -0.0334128193130917 -0.0478633962010526
0.0624006100444289 0.0214695974897756 -0.0361495050566022 -0.0168337094446267
0.0658361771616486 0.0286477587100381 -0.0431775198361448 0.00803970854291595
0.0465426658126917 0.0659178074778571 -0.0664196006566402 0.0205582231774429
0.00646087534754733 0.0825348107773498 -0.0912236726477856 0.00452327567496636
-0.0502197460272419 0.100798145300914 -0.0940670036478217 -0.0583826848715777
-0.112036289891194 0.0381426831286401 -0.0509507417552262 -0.106117588166191
-0.123169340662036 -0.0727872543492485 0.014425381939905 -0.0687753043059479
-0.0908956158331873 -0.152333232287667 -0.0102188126607351 -0.00943009455728783
-0.0440172479836301 -0.145069864865422 0.0613214891657819 0.0102346742669617
-0.0976313993590122 -0.11984604474588 -0.0261023237134267 0.0995786821006588
-0.135950379256724 -0.0174042930052974 0.0696251352186605 0.13823149437279
-0.104360935529902 0.0884099731006929 0.145174184359313 0.0468229117175517
-0.0202809765208865 0.105548684282627 0.106228170652279 -0.0493857176098091
0.0331615996113218 0.0867160472925062 0.0306235732768251 -0.0634134038156642
0.0712512469422905 0.0507052069650745 -0.0066760130279962 -0.0274829306949592
0.074789156652707 0.0252744322554475 -0.00932694762715494 -0.00196302714551214
0.075943994938828 0.0287365018211076 -0.0168697855600219 0.0233457448622428
0.0552791152473025 0.0663643766921755 -0.0435995749246916 0.0427610399595147
0.0130447993492581 0.0889397219104602 -0.0784444346433334 0.0354365268757486
-0.0522295948020476 0.110694161434581 -0.0962709957930417 -0.0275779651267263
-0.116514676438493 0.0382013812693729 -0.0643651538842158 -0.0837848409142139
-0.118129879752718 -0.0773035610114698 0.0126420014727385 -0.0512997831039568
-0.0772143521922 -0.151809929581395 0.00216132469781732 0.03986776894509
-0.0144886818548283 -0.128622636246455 0.0605999318694625 0.0767376100037603
-0.0665755452236048 -0.131533986241269 -0.0281751121552145 0.127857027648915
-0.126530675714552 -0.0454081316716274 0.0416934480506964 0.153378966540015
-0.118068137287002 0.071070062702138 0.115653672515197 0.0775584403467781
-0.0311179859240777 0.104013616645114 0.098547094848858 -0.004133099706919
0.0275181764882942 0.0872176687631677 0.0500390588713206 -0.0259015621404251
0.0688410877079777 0.051664141055565 0.0209383832004212 -0.00454517938627396
0.075325719599302 0.0243990783228469 0.0178753057285163 0.0129776768226968
0.0758241022245898 0.0256228132188335 0.0103321816609262 0.0380278916072009
0.056308334784207 0.0595279325395159 -0.019976695717748 0.0617942328760281
0.0145798146479606 0.0851343441673606 -0.0622710919278621 0.0605252741078362
-0.0538995015217166 0.104068564039362 -0.092412977234805 -0.00128881440793005
-0.109015328565178 0.0256302063295865 -0.0699928058542671 -0.0612902739644366
-0.0955907831210782 -0.0812598145502187 0.0112070835808617 -0.0362402074772614
-0.0481095347342608 -0.134788761964884 0.0105878994354631 0.0809654241792868
0.0139977422392794 -0.085645540278626 0.0508024727317837 0.129604045342061
-0.0267384447442384 -0.111262213564062 -0.0306088127561625 0.1465708494079
-0.0911971302208735 -0.0556064283679683 0.014013296024461 0.154406576822313
-0.101655723500718 0.0455441031919211 0.0817258402809969 0.0974286615747573
-0.0304188583575006 0.0816733303394552 0.084270271875623 0.0340741859604209
0.0200275779340031 0.0696782605304084 0.0639105600694439 0.00886327446424175
0.0557413736415357 0.0418230152976537 0.0449698725040378 0.0155811504990096
0.0643111963080416 0.0193006770727326 0.0418438377217343 0.0254009882636992
0.065777331180338 0.0202311063489538 0.0340366931432931 0.0500699861218412
0.0502372737539175 0.0477996429640309 0.000533372023377267 0.0772016367943078
0.0125000151895499 0.0739073287957959 -0.0492428482005876 0.0802167912823227
-0.0529621440478472 0.0855355355714874 -0.0893282603887527 0.0183135391461135
-0.0930368883291407 0.00625192527886023 -0.0726767348046129 -0.0429696085751609
-0.0634193552570111 -0.0800148525091383 0.00827291948255306 -0.0239243821777805
-0.0102565849236954 -0.101655273588242 0.0130606234817087 0.110511255030527
0.038431630171364 -0.0261717425170909 0.0391699552558322 0.160236574736434
0.0102311905856813 -0.0649674561201125 -0.0289931685312131 0.150588508429123
-0.0426450466720987 -0.043582654440583 -0.00521623513111589 0.14863001582917
-0.0620043799866669 0.0221468505537198 0.0560483325077475 0.107530361453583
-0.0183946865044108 0.0468225426799007 0.0753849595690267 0.058164479707306
0.0117058328161982 0.0393144762223838 0.0751959000007576 0.0304464675294725
0.0343341936626201 0.0234295548329553 0.0637547798424175 0.0272175085248742
0.0437940121839617 0.0105114661826855 0.0596908558006544 0.0334828144524542
0.046359218664219 0.0121649826713498 0.0514205949267738 0.0587472047433453
0.0384229602461899 0.0314271957024283 0.0150486601256191 0.0904775660358495
0.00969198246154432 0.0562132920767807 -0.0426543236073511 0.0966764758682589
-0.045877795372651 0.0596158338316202 -0.0922675349022449 0.0336607253228178
-0.0670065695464142 -0.0128946755116927 -0.0780772604654806 -0.0308213136374943
-0.0256396106300023 -0.0686832471194886 0.00230879735235365 -0.0175279836647915
0.027761237486295 -0.0562200224630004 0.00759814757880126 0.125362417153974
-0.0518307970226455 0.0085845985310753 -0.021262902930212 -0.141272155383397
-0.00700990221345097 0.0432664113987112 -0.0397296124426093 0.0193409645008388
0.0381742455442847 0.0173178053658667 0.0824627469057775 0.0513825212274273
0.0262799022062223 -0.0282561129327768 0.122162614474654 -0.0341025813137607
-0.00736650633754627 -0.0263715513969781 0.0655779261597627 -0.120502439884835
-0.0132243195437409 -0.00799164477926139 -0.0233968537678413 -0.116669876673463
-0.0142720724674177 -0.00471788163031551 -0.0674926772268 -0.0712613920119631
-0.0151964384089973 -0.00346493501172811 -0.074379966843925 -0.0417999319888018
-0.00502252833704096 -0.00372909987992833 -0.0807203974279357 -0.0289148710739791
0.00126227935005205 -0.00321545448544075 -0.0880120168473846 -0.0367721204326153
0.0064360448677882 -0.00646710686249566 -0.0836358700975738 -0.0674710293377907
0.0194806166523833 0.0102076823219871 -0.0508423642510048 -0.117251734941957
-0.00677798744283285 0.0324159419927763 0.00831357878530217 -0.141096720759254
-0.0553030142459573 0.0128622036500652 0.0511427912395672 -0.132721404773775
-0.060071154632334 -0.0289709577931761 -0.0189206733088255 -0.14932535281711
-0.0715563697945216 -0.0460858319360017 0.00503014899895837 -0.135356682290698
-0.0503594973007478 0.00941593265219989 -0.0342960877234342 0.0248987068255288
-0.0104294000595061 0.0270410757739325 0.0922997935307429 0.0614861750346769
0.00271578526480412 0.0130868950716787 0.138281784010204 -0.0337239418791037
-0.00356725636742282 0.00903688944163088 0.0745192586420938 -0.124535384842188
0.00432026064700792 0.0169422388847628 -0.0213898488803485 -0.119079954046739
0.0139239171388964 0.0093348226042959 -0.0660881611843761 -0.070016049696108
0.0130530962220582 0.0065303847205522 -0.0710316209908931 -0.038484783600071
0.0221838621478057 0.0140136490325181 -0.0784524481451531 -0.0216512335174706
0.0140993543808742 0.0314063473026027 -0.0891750978337719 -0.026093825988674
-0.00494266882749693 0.0315614054469436 -0.0900394508621496 -0.0561776006713267
-0.0215994407238195 0.0391213404958988 -0.0621382638683433 -0.109010559912743
-0.0554611913463704 0.0202518935673723 -0.00642647342423851 -0.134283664676366
-0.0832781969899432 -0.0370773257819574 0.0353370567189062 -0.111678010450313
-0.0747051656217742 -0.0911887379549698 -0.0210990609615164 -0.113811286909071
-0.0765856684171329 -0.0969753315450052 0.0308995891726728 -0.105855311976028
-0.0862200569122078 -0.0361468055708982 -0.031206642796477 0.0424312123731387
-0.0645845122082214 0.0258315954984572 0.0959690608896582 0.0850764172844926
-0.0311236692546294 0.0539268496258946 0.154289149351837 -0.0178922570540131
-0.00345690483638248 0.0488203105252038 0.0894402981808537 -0.11578397354247
0.020647729644394 0.0450162053800704 -0.0101046809011891 -0.112761246479456
0.040759928390363 0.0261516490161688 -0.0539801410147497 -0.0630627519050143
0.0403153865101787 0.015844648663085 -0.0579526587559664 -0.0302542075592018
0.0472781226194386 0.0258273918395764 -0.0656498308682121 -0.00882968423247925
0.0301932360594248 0.0558814936462507 -0.0831918107534289 -0.00421110495050971
-0.00391725623135038 0.0637448369295924 -0.096022715179868 -0.0296387535961151
-0.0448465046950666 0.0730634751439916 -0.0809510184090834 -0.0890152018757368
-0.0929859472768746 0.0250238910668118 -0.0294148738605924 -0.124734023825628
-0.108909007958148 -0.0648532264686051 0.0229908521053966 -0.0900419722538032
-0.0858359994476875 -0.133763244150949 -0.0184440808733249 -0.0642879863349513
-0.0656447991763347 -0.134268868123008 0.0507316784797051 -0.0538399576395411
-0.104511766735864 -0.0843569219986729 -0.029063256315338 0.0697978862775224
-0.111870261732944 0.00981243173267104 0.0884663900650059 0.114234593651597
-0.0702768822990958 0.0830957703930307 0.159223322974564 0.0122250160098622
-0.00927474135682458 0.0852928508364934 0.103332046497295 -0.0899221447185756
0.0305972290817309 0.0712225935149549 0.00978770801184382 -0.0941780392576319
0.0612313503089088 0.0415369301318739 -0.0329737869511821 -0.0484434493902761
0.0617907486098114 0.0225395261393209 -0.036457231294676 -0.0170825027486784
0.0658047239948506 0.0302046661703038 -0.0440574267702258 0.0080106994140558
0.0453267241198405 0.0670553076896821 -0.0672037878631435 0.0206460247457074
0.00460730350078996 0.0834351942008098 -0.0922677753670379 0.00425946592982136
-0.0520295204484492 0.100153985462485 -0.0946341931051078 -0.0591743006766898
-0.113264619323899 0.0355161176711937 -0.0512809584369326 -0.106794803205672
-0.122404397750335 -0.075649353835251 0.0159837395091649 -0.0704043612820763
-0.0875340209256657 -0.153184146479849 -0.00904630819142739 -0.0109886785120205
-0.0410885991701762 -0.146529229551484 0.0598276491532798 0.0117648934944016
-0.0961194595567962 -0.122244209421652 -0.0294869148705014 0.101106711635173
-0.135457749563234 -0.0199228957442669 0.0681433914605414 0.140899061748511
-0.105256445257194 0.0876157339621406 0.145715590622112 0.0487287829135078
-0.0217940601407808 0.106260126825807 0.108209422132175 -0.0487127900839102
0.0313748827864631 0.0879844050732587 0.0320924171634896 -0.0634040172401224
0.0707860101788495 0.0515377107836534 -0.00642227470610774 -0.0272121596189398
0.073649628416914 0.0261005112951467 -0.0099242067709747 -0.00167664816759363
0.0758527815472816 0.0301090410433835 -0.0175822553250616 0.0238923139434398
0.0544390596807505 0.0677849358949957 -0.0442402276962576 0.0433141560093972
0.0116113631316808 0.0898071778978008 -0.0801952526175966 0.0355980162475623
-0.0533758278015811 0.110438635600026 -0.0980935210408977 -0.0282056233985055
-0.11705870722818 0.0352320804294174 -0.0657792040138843 -0.0844683035709732
-0.117210890296014 -0.0798110800368283 0.0137346268501651 -0.0532466892947105
-0.0737620808706196 -0.153003199172229 0.00266772976389505 0.0389261050861914
-0.0117698659724336 -0.129438702405191 0.0580075374308714 0.078221583477454
-0.0643766810112733 -0.133815171939871 -0.031437641542925 0.129395772030643
-0.125845530983341 -0.0480991816773272 0.0396993587153449 0.155035677509519
-0.118545417606443 0.0702533548468756 0.115173757465536 0.0802011293939368
-0.0328039842477265 0.10454284004835 0.0998323862314414 -0.00336556713981258
0.026615004610649 0.0881488577402488 0.0506484405755068 -0.0253144673337104
0.0686319711610785 0.052544856094626 0.0209644843060836 -0.00363258895535831
0.0747452398204804 0.0250773268185531 0.0174507537065825 0.0136383103623599
0.0760156358898894 0.0265757703690193 0.00910753263814331 0.0388549115948748
0.0557985758876564 0.0608081646658465 -0.0209431320816867 0.062886877916515
0.0137573225794202 0.0857685790198877 -0.0646987452321848 0.0605221995758636
-0.0549131778775312 0.103771825591771 -0.0940927738833278 -0.00128577595127078
-0.109723110157941 0.0238168268979582 -0.0716023344009501 -0.0617795220494759
-0.0948272420743982 -0.0833853320851681 0.0118439576270591 -0.037605407036405
-0.0450043912837149 -0.134510767003195 0.0108629152026611 0.0803077021954989
0.0160745605688874 -0.0862720944862476 0.0480331148000181 0.131514440731067
-0.0254033486511706 -0.112500340477525 -0.0343494508288149 0.147634140580403
-0.0902477682101514 -0.0573324117981582 0.0120408776218554 0.156655074462296
-0.101861420300898 0.0455462492773351 0.0805085950375385 0.0990580002747285
-0.0317595944826331 0.0825043900498058 0.0848089001616434 0.0353720674333551
0.0192948931484541 0.0709049936973443 0.0643307565267926 0.0097560100003733
0.055395519216577 0.0424754931648453 0.0454995831339428 0.0169566591897554
0.0640868446437425 0.019188021733004 0.042205247517643 0.0263233627814509
0.0655390881110535 0.0204642538783272 0.0335937788293632 0.0515798190140994
0.049675080449918 0.0483807470664902 7.20352923997913E-05 0.0786786709695432
0.0118858473802778 0.0738023135598058 -0.0516950507230297 0.0806090468500513
-0.0534406454489786 0.085824829146155 -0.0908775742505318 0.0182325665972235
-0.0936403360932957 0.00457307991091065 -0.0743786365235309 -0.0435004612343868
-0.0623973153896533 -0.0815471171517831 0.00882464680882793 -0.0246810155811159
-0.00755556821751277 -0.101626146519868 0.0123422443375177 0.110535213488077
0.0393523269684069 -0.0264882485127665 0.0354005806751576 0.161336181586389
0.0114098171457184 -0.0653226103722789 -0.0325351838008179 0.152068266572907
-0.0424302309744621 -0.0442897435163161 -0.00748667923682678 0.150652357567196
-0.0612980603459276 0.0221904648583651 0.0552910712564552 0.109318331087776
-0.018470221066475 0.047186037299977 0.0756021046932881 0.0592445859864575
0.0111313184446618 0.0396497136792948 0.0749998717639802 0.0316390865778702
0.0347059414310636 0.0236244137572947 0.064224404911354 0.0290971489821176
0.0436957333575357 0.0100597961862704 0.0595464619574427 0.034586395439871
0.0462180673944636 0.0120183167110737 0.0505670768334631 0.06009632810293
0.0380295914916713 0.0314552489910321 0.0141536073529416 0.0921644278233082
0.00934288092645856 0.0563286041308421 -0.045253485876074 0.0971666638962226
-0.0462056861762015 0.0594144151758516 -0.0939340966202656 0.0335848373399671
-0.0674226813720614 -0.0142312055139331 -0.0790899944823888 -0.0316826796013923
-0.0249455392369098 -0.069537663180036 0.00245181275273903 -0.0185806374087093
0.0298352408994968 -0.0551901343838202 0.00618003775858885 0.125244666122234
-0.0461031716772893 0.0299775696301143 -0.0803914091460388 -0.12251393889357
0.0118811044028017 0.0432537542117756 -0.0270874153278613 0.0367635881241222
0.0419404922972997 -0.000999203283941796 0.102323868397018 0.0118653221546754
0.0107605242410118 -0.0380449695847466 0.1022062196728 -0.0874792609371843
-0.0200841999299562 -0.0201987417392095 0.0082844846432697 -0.143757400075417
-0.0164725417411141 -0.0009644175765553 -0.072973818238892 -0.100772312446821
-0.0151266498758214 0.00140423888376892 -0.0949174930062378 -0.038280809780571
-0.0157566605298467 0.00392079725839144 -0.0891904235766085 -0.00684858061910338
-0.00599143902449501 -0.00164696268117471 -0.0895020715564159 0.00757362334865958
-0.000446134126819639 -0.00260819010603002 -0.0989152279597379 0.00355944939003582
0.00198185653317674 -0.0089206008908611 -0.106924157900953 -0.0264590170137033
0.0211090277409723 -0.000920277867139567 -0.0985997348303561 -0.0874225137458289
0.007603170359722 0.0321693243299699 -0.0536322072699204 -0.136407245638371
-0.0458625531938283 0.0348344917865068 -0.00743867895120598 -0.152245399286365
-0.0709677979567374 -0.00212996719431153 -0.077061648388537 -0.138150115584885
-0.0863545767206442 -0.0143592169818538 -0.0556044698259611 -0.127804562646454
-0.0422185214769777 0.0284801877457807 -0.0213275054660557 0.0408093655962553
-5.5782766692354E-05 0.0274125042000288 0.115315659966789 0.0195028386698231
0.00593522230096817 0.00913149639341231 0.117772479699149 -0.0921299762768117
-0.00236949584888036 0.0108211729695077 0.0165149317338213 -0.151034263326154
0.0104086285877377 0.0153494049761049 -0.0711911468241422 -0.102956428811985
0.0173792787005223 0.00348791115998958 -0.0916474627950765 -0.0375593679355962
0.0158812739508361 0.00236446572186346 -0.0840085148150357 -0.00499792145187864
0.027125235723049 0.00428723601818843 -0.084118896685552 0.0144052264746008
0.0263765955960611 0.025445806591073 -0.0963437519524161 0.0153436149107471
0.00721199669197595 0.0332882867826153 -0.110535910772483 -0.0137478789443593
-0.00601773991300248 0.0438998817198373 -0.109148418816774 -0.0759626982770034
-0.0447777915413573 0.0408484069852439 -0.0648351097212546 -0.125933243072831
-0.0942548789276934 -0.000792577828321405 -0.0109939597349419 -0.127363380920506
-0.113367978429428 -0.0555692205439237 -0.060752608117128 -0.104002586686037
-0.111360078613728 -0.0613480226692412 -0.0207050887738494 -0.11215845157907
-0.0938837932740956 3.95374426579648E-05 -0.0127365730561333 0.056931058351747
-0.0506953650371113 0.0473174450294476 0.127848662129498 0.0428554684113818
-0.00836377043427386 0.0604580330139052 0.139615384212886 -0.0812853223668515
0.014084458141783 0.0480115774784915 0.0356130281387547 -0.147823480083111
0.0372353324365256 0.0353568075433035 -0.0565582185470208 -0.101890974237796
0.0494757465323787 0.00781956043194895 -0.0764218540214006 -0.035826419647747
0.0456043755379952 2.55954150063234E-05 -0.0677975725466571 -0.00256326879262559
0.0558523368819585 0.00567564592319599 -0.0658810413624874 0.0219744837475767
0.0524490594778016 0.0423565718924952 -0.0807277976108178 0.0339396917725674
0.0217721869538064 0.0643085670320631 -0.106186990050517 0.0145566287096796
-0.0134002698958562 0.086296473218555 -0.121572283086442 -0.0491168054438095
-0.0793282419823756 0.060759473858651 -0.083159631540318 -0.1079728274355
-0.131466425534353 -0.0165950100751165 -0.0125672359753872 -0.103001267647548
-0.143016651562202 -0.091408408775745 -0.0347227369345667 -0.057662515383011
-0.114954713255571 -0.102016041705679 0.0179942603645104 -0.0720521787013226
-0.129928925523227 -0.0385182307836069 -0.000788733317597328 0.0823991526103914
-0.10093318670188 0.0508721634888849 0.131581726003412 0.0762118104107284
-0.0326594055642609 0.10287495478891 0.157447486524869 -0.0520513456431806
0.0231693447151331 0.0838250158832502 0.0614878479242418 -0.129312280077419
0.0576906042655701 0.055454918247458 -0.029638585876231 -0.0929326221410503
0.07502855041634 0.0138615068707702 -0.0493154425324382 -0.0310924095226986
0.0684818722153229 -0.00225953940290387 -0.0415320607165143 0.000871033193874551
0.0755739217912491 0.00219399426353768 -0.0385190924297537 0.0282866701718652
0.0716314773680026 0.0465990384820721 -0.0549288029056039 0.0514485151730983
0.0391454214172083 0.0793894946817 -0.0893501021331173 0.0454986772324817
-0.00826484727612521 0.115782045257303 -0.123498764927907 -0.0143328131784258
-0.0949081860368736 0.0792836097619394 -0.0972898026751101 -0.0819133618250576
-0.148789813034577 -0.0213221109197523 -0.011245459408424 -0.0818793516170905
-0.153154420407792 -0.109408295038323 -0.00249724645523953 -0.0110920313541799
-0.0963076117229281 -0.124366644756486 0.0542048688992163 -0.0144819889108506
-0.136864881620878 -0.0779732344785703 0.0112948634372812 0.111588816520271
-0.133992647265554 0.0318274038799719 0.12169173268082 0.110406665864592
-0.0620774645879806 0.120844628428978 0.159253039540675 -0.00963018571607504
0.0206698388453495 0.107683855808099 0.0844711500732869 -0.091606963716799
0.066279938409154 0.0706968680063467 0.00491793481332061 -0.0729394939104903
0.0881395775529277 0.0200006385243264 -0.0142077298552585 -0.0225911556445244
0.0815487760986259 -0.00455881301720497 -0.00955473854344242 0.00376638396085962
0.0850383051357763 -0.00261340248495091 -0.00646012928073551 0.0323094575045954
0.08098884626148 0.0431028732295541 -0.0234921822229062 0.0638452677621947
0.0487532493388613 0.0827693531537366 -0.0644538110362107 0.0701042209212304
-0.00434809486845433 0.126082213007581 -0.114210994836086 0.0165882019181723
-0.0992597785396765 0.081992932790284 -0.10076791489067 -0.0549154482417579
-0.146145643294785 -0.0273546388657511 -0.00582024358630747 -0.0637521016133637
-0.139289713556352 -0.114254377474289 0.0287823635568328 0.0320322086701932
-0.0609129563101446 -0.120698668445759 0.0815632988417629 0.048233093908068
-0.111657034014788 -0.101981335180111 0.0209899642608046 0.138526057276655
-0.136043981731899 0.00176202370740486 0.100149938841863 0.1351049478846
-0.0806441259398248 0.11036469727103 0.143087569319095 0.0326832431223849
0.0107597509199685 0.110099043552056 0.0964055166428395 -0.0442010133544313
0.0614951761327354 0.0728253182605616 0.038930604126311 -0.0451345733473832
0.0862568206453099 0.0211492661587215 0.0221304844686591 -0.0117415683120269
0.0815318015576715 -0.00619160914982305 0.0230975165737156 0.00635528423484768
0.0832718785308271 -0.0060141137021143 0.0258086104042405 0.035258096428872
0.0786330408321427 0.0351832187378247 0.00795714293764235 0.0716046323332148
0.0490898629878056 0.077886895094632 -0.0384195435315387 0.0871116549235222
-0.00754291225181845 0.12135512346364 -0.098566437379285 0.0399675423057508
-0.0971909456077475 0.0673994836904915 -0.0962830886789067 -0.0305523114304068
-0.126356688815706 -0.0395410317489095 -0.000857450476538944 -0.046739367142701
-0.102525884217908 -0.109939228773656 0.0522742700869951 0.0697124841835997
-0.0169677467829364 -0.0908025946850028 0.0961419799383027 0.103165861532208
-0.0666762342419794 -0.0977752920039056 0.0273050392081242 0.15609182078318
-0.106394593291463 -0.0207206093834215 0.074051379574446 0.146305627324099
-0.0743491466904559 0.0808915070006547 0.117746076561547 0.064733182445488
0.00333077074669029 0.0886265832197633 0.0982549744028466 -0.00168292984635914
0.047393072617932 0.0586419165174366 0.0661067716272136 -0.0176286628901257
0.0699038828102327 0.0169035715277879 0.0539546168882792 -0.002975706661518
0.0686547286766116 -0.00790816514601606 0.0518268185505734 0.00748060622799979
0.0706824228299117 -0.00794800807344835 0.0540065966500381 0.0358282591061307
0.0673206418830234 0.02594004772834 0.034774275331667 0.0773600884467075
0.0429812860971913 0.0666480324882226 -0.0174318450194107 0.100369849594909
-0.0141857605665124 0.103574935740781 -0.0862199305089478 0.0572604296547805
-0.0896115559215518 0.0426705270469898 -0.089684843819497 -0.0120480013041146
-0.0942648164610623 -0.0513145285756518 0.00147800612400235 -0.0315317188145425
-0.0518622697984671 -0.0945280457891971 0.0638340521340047 0.0998597360020041
0.028954533809406 -0.0432728089332253 0.100010133915638 0.137400411252591
-0.0135448887107967 -0.0673485919853241 0.0324110836799006 0.159318071156228
-0.0558918388621201 -0.0265557256466048 0.0545630698285935 0.147013721153275
-0.0460591190404611 0.0438979206591443 0.098370535464283 0.0828492218204259
0.00197211178430144 0.050175929546381 0.098513572254185 0.0245539049628936
0.0272176300483987 0.0321976658270915 0.0856074119535905 -0.00287507829388278
0.0418019149771417 0.00767368351918546 0.0757510707452199 0.000190226933689338
0.0447668886818226 -0.00884796056337937 0.0725859066529006 0.00706135863963372
0.0485139498991919 -0.00798563561331794 0.0748961024208727 0.0363005727701193
0.0491006384891654 0.0141861110152333 0.0539093670332858 0.0826394909280464
0.0335434475838183 0.050443779533861 -0.003418344989703 0.112542157768109
-0.0186150173281305 0.0763048824653464 -0.0806398568071174 0.0721627453150265
-0.0723754528347042 0.0145394387632773 -0.0883819879785871 0.00237481369472094
-0.0533100945256725 -0.0557410856934808 -0.00209657229287896 -0.0205679723074398
0.00513577717357662 -0.0664010336310147 0.0614344323063779 0.117743353130183
-0.0469761746265542 0.0319649828720385 -0.0865086436398466 -0.127399958168807
0.0135082114847643 0.0451157951795761 -0.0271908404849566 0.0404097563071104
0.0436815600524335 -0.00188218749008868 0.109316355368756 0.0109074977971891
0.0101595732072711 -0.0405977238083798 0.108589157582188 -0.0946276249435227
-0.0213882788084108 -0.0205147206110366 0.00643233338293421 -0.153535619524862
-0.0169933010608405 -0.000492958062850215 -0.0784582147223732 -0.106751292869435
-0.0158578893619361 0.00216228174380358 -0.0999218715720837 -0.0396557586258992
-0.0156547789568047 0.00540902617765285 -0.0946897218771308 -0.00604242212550337
-0.00644236138724434 -0.00127763315977323 -0.0947047802148346 0.00947657357672238
1.90344551431241E-05 -0.00232802782194861 -0.104698891241946 0.0050291379942471
0.00121746565200855 -0.009022271609977 -0.11367474237174 -0.026788647538142
0.0213538507253465 -0.00174144283706303 -0.105613771680489 -0.0911569484132006
0.00862960778975338 0.0334468281161373 -0.0586594288849651 -0.144333704976598
-0.0469429977250767 0.0377531054120056 -0.00916829960659805 -0.163336598460874
-0.0739312997268254 -0.001308267215872 -0.0824030211500361 -0.146616310559955
-0.0902679335226098 -0.0141716861010871 -0.0605848168094987 -0.133330825324834
-0.0440917914201077 0.0301796644243719 -0.0212321559723134 0.0451485849898532
0.000375884819036183 0.0282825726414284 0.123588282174921 0.0190622720802342
0.00596179442454106 0.00910520570407065 0.124063725011496 -0.0992020651747188
-0.0019939285242303 0.0119886478181767 0.0152309499545405 -0.161393723988753
0.0116205288096388 0.0168823128634285 -0.0766473427578075 -0.108961940766398
0.0186353837742658 0.00393704004358418 -0.0973151935468951 -0.0386714659903679
0.0173954249182884 0.00320260214282177 -0.0891532471430888 -0.00417667626671535
0.0290358798291327 0.00451849580176698 -0.0888291935446555 0.0164232350569409
0.0288991965415004 0.0273927264184059 -0.101759321685544 0.017820586795434
0.00708868024225943 0.0357489844456049 -0.117458296523388 -0.0127453988200756
-0.00651796770701493 0.0461592435642933 -0.11636246953268 -0.078565008924345
-0.0467362345081891 0.0427763321621829 -0.0701812333919694 -0.132744643125525
-0.0991858520921886 0.000189752816861863 -0.0129438615533085 -0.137094892757065
-0.1185036023346 -0.0577913212928096 -0.0651291471930978 -0.110822700585365
-0.1173928740344 -0.0637398904325273 -0.0235432426229486 -0.116829771310906
-0.0988643266670289 0.000554225198261093 -0.0123568315632046 0.0619374574413103
-0.0531834774219818 0.04997217941179 0.136925971718805 0.0434885964451485
-0.00766866577318879 0.06296861589278 0.147479266197159 -0.088360941040926
0.015713579268455 0.050545491331188 0.0360376617962804 -0.15893862642627
0.0398319945354219 0.0375540226044941 -0.0610512576312855 -0.107481866407886
0.0524700214335906 0.00802764436259792 -0.0801643807737562 -0.0365585328801624
0.0482872510652361 0.000596974315072012 -0.071427734705586 -0.00149572581191983
0.059145620736521 0.00551499189972889 -0.0695541590771049 0.0248154507489881
0.0561837135305526 0.0448885496048701 -0.0846102417394243 0.0379039819446286
0.0231397719186041 0.0682824269455296 -0.112267518540243 0.0177263421620727
-0.0138930469449305 0.0915226340584008 -0.129594596321106 -0.0491276745753604
-0.083561013325942 0.0642625820223134 -0.0898882862858611 -0.112991487848081
-0.138782749586316 -0.0163371321953149 -0.0144778961002241 -0.110807540790096
-0.150339292616166 -0.0950311710531143 -0.0369884033289764 -0.0627626243281746
-0.121836338524252 -0.106359461511282 0.017637331767712 -0.0755909970752457
-0.137340478396412 -0.0398700446974863 0.000280911651416968 0.0888562238758561
-0.105868565062655 0.0537165898555225 0.141391556863837 0.0789860283001421
-0.0321655212676369 0.108251704895718 0.166360722113551 -0.0576392288895702
0.0260453479535533 0.0883919437940321 0.0631156888500691 -0.139319115787199
0.0617327914725004 0.0586334002455101 -0.0324469990362244 -0.0980329378568511
0.0791098347542712 0.0140457986275321 -0.0515438456900138 -0.0317379237710835
0.0720390363728301 -0.00278226868641464 -0.0435398549341396 0.00176209060554323
0.079434844926278 0.00173797511860043 -0.0403938779023287 0.031230397344178
0.0769699428751934 0.0492331800886582 -0.0567401789611173 0.0561883686804373
0.0416081176924066 0.084179647367972 -0.0948329830938444 0.0506339102729137
-0.0072190840722974 0.122455425883037 -0.131588694464427 -0.0131432279855715
-0.0995791895902714 0.0839095689111544 -0.105341884986626 -0.0844470257358743
-0.157415115943415 -0.0212347915505305 -0.0131097490051161 -0.0886089796438011
-0.160726979234674 -0.113512016873429 -0.00253126959671663 -0.013672435813536
-0.102791266384695 -0.130272078961867 0.0561411714124554 -0.0158879371216598
-0.145033519861104 -0.0812868773477724 0.0127940759867053 0.119563250920541
-0.140815446805622 0.0342902425405018 0.130951338420479 0.115561876153118
-0.063320399008555 0.128154529695312 0.168890111905801 -0.0125451870251673
0.0234774449935095 0.11354414247736 0.0882035113547619 -0.0994907730356874
0.0708028719006122 0.0746933129716673 0.00435943617518322 -0.077619000821605
0.0931356048113327 0.0197950804658083 -0.0152548275470885 -0.0230813748785218
0.0850455726366884 -0.00557635824734883 -0.00986568326528603 0.00464510326574478
0.0892750432727014 -0.00363363183481575 -0.00603090529577113 0.035073674650575
0.0859950345388812 0.0450293110767414 -0.0231796069365174 0.068366674391834
0.0521342683509613 0.0872138460125933 -0.0675159458476597 0.0767959907953736
-0.00277455717356731 0.133660711124174 -0.121044551717419 0.0207248679880574
-0.103930972041145 0.0868071902011113 -0.108472963991557 -0.0550510607348414
-0.154490010855317 -0.0278959596961134 -0.00805917171485106 -0.0692334309347151
-0.146340007964866 -0.119045276294102 0.0311033361866658 0.0316309212079016
-0.0655128833818783 -0.12707400246121 0.0853828376199803 0.0505514246484987
-0.119243324814852 -0.107033606986238 0.0229969947780338 0.148162278740375
-0.143217880457927 0.00288963245042167 0.107799147822023 0.141609448266007
-0.0827075532847222 0.11740257684685 0.151813192311246 0.032836674062229
0.0130262253163225 0.116343409125555 0.101218838289889 -0.0494102605373838
0.0661503795358735 0.0764870559088165 0.0404826135657754 -0.0482609681631767
0.0912710088268614 0.0209801973696847 0.0235848760324244 -0.0124860469247609
0.0847087803116032 -0.00792984963831038 0.0250023160015808 0.00678852101063314
0.0873507535744862 -0.00809733911327998 0.0277419911368179 0.0374505652920862
0.0836940972860014 0.0365072020674613 0.0101398951324928 0.0761753107214554
0.0530574245966923 0.0814532619270266 -0.0404488612827073 0.0942812760875252
-0.00587592094566574 0.128211691494516 -0.104006704126505 0.0451219729907672
-0.102613061482361 0.0720624632876458 -0.103118471953692 -0.0299436503865316
-0.134025653769235 -0.040664353056036 -0.00244231295189057 -0.0505512528869094
-0.108432175840252 -0.114944265075187 0.0563254940919036 0.0712786722119855
-0.0187930528927367 -0.0959460992754461 0.101198913980831 0.108888548067534
-0.0711952378900458 -0.10275781194522 0.029603269953941 0.166114605534143
-0.112861505705424 -0.0208950555898974 0.079846048048344 0.153942485929341
-0.0764746723633972 0.0862972401910884 0.125378600932861 0.0666335720543455
0.00481263277615995 0.0941140321932261 0.104009271531215 -0.00364602917287081
0.0512208086655112 0.0614606035562842 0.0700988196544972 -0.0201261028690151
0.0736869367223625 0.0164048556291965 0.0577919759710137 -0.00373769793556873
0.0712099286928553 -0.00938462388040325 0.0553610982172491 0.00753111289593532
0.0737781010388602 -0.0101123212382889 0.0579507424124859 0.0383595804994721
0.071347105424376 0.0261196360290197 0.0386745876777731 0.0822941424587136
0.0463400237284755 0.0695066296881115 -0.0174862435029805 0.107567135618056
-0.0122430130766344 0.109665181981344 -0.0908863913858464 0.0620470980105905
-0.0948582563012381 0.0462496710911623 -0.0955862626380297 -0.00997190568234346
-0.100676641222296 -0.0533084639571074 0.000150957956813081 -0.0340421769521106
-0.0547230172453941 -0.0996399910339517 0.0691631775844982 0.10268478687396
0.0302661522249005 -0.0462538818681939 0.105687677379649 0.144702004306492
-0.0151599763996756 -0.0715227205706764 0.0353465998655498 0.168751001893758
-0.0591548340696551 -0.0274466580201214 0.0592279920455055 0.155222864087286
-0.046922973204774 0.046832462416773 0.105459867351139 0.0863925937978667
0.0029958178372936 0.0535416165100649 0.104729206870847 0.0243362642743179
0.0295876541498414 0.0335337254067013 0.0904604954627302 -0.00408142254711297
0.0439536459608375 0.00724464371731919 0.0807001848058976 -0.00124437251898527
0.0464468803900377 -0.0105635550900107 0.0767681953384625 0.00640980835293693
0.0505141020393849 -0.0101599194570317 0.0797652391836607 0.0375889312484827
0.0514968297831839 0.0140496940474319 0.0587091371787917 0.0875297934990247
0.0365789207988266 0.0518688776953548 -0.00277122522307936 0.120189825578036
-0.0170154617286945 0.0807129213330275 -0.0846737654342164 0.0781002274536623
-0.0767258066805456 0.0165890521126008 -0.0943964149477573 0.00420305550008434
-0.0567627146255934 -0.057843754284387 -0.00341893657012399 -0.0227018101460397
0.0051894343834193 -0.0707681767126205 0.0666784297762984 0.122604785453431
-0.0469194683486522 0.0346860516509505 -0.0955759553618723 -0.128180636936464
0.0164606193715152 0.0464896589082112 -0.0257192437199148 0.0443929246275744
0.0449435011647334 -0.00413056409529754 0.116296848706165 0.00629800205296576
0.00821488754287534 -0.0434157707444093 0.110451146499425 -0.103981709837307
-0.023436257055213 -0.0203856448073076 0.000253527629655621 -0.163128670672726
-0.0175587131189794 0.000191107153158821 -0.0875619724583661 -0.109853432540634
-0.0156167276329826 0.00351433051905496 -0.106096878129459 -0.0379666529090546
-0.0156840564751809 0.00704006521185405 -0.0997712748353959 -0.00264715528642335
-0.00623036843567103 -0.000730358945398507 -0.0989764766149049 0.0141439783645397
0.000442693884926364 -0.00222146221439005 -0.110153656057994 0.010062174350738
-8.90599786613393E-05 -0.00852738699056902 -0.119577957527434 -0.0230442752729984
0.0211702344930157 -0.00272959570941328 -0.114957734701305 -0.0906579811161343
0.0107063424340668 0.0341705909825723 -0.0670358026594245 -0.149400217473638
-0.0467531005068193 0.0417790050749192 -0.016054185061793 -0.173283595591488
-0.0758605533883004 0.00133022135882883 -0.0918247884746599 -0.151443733862114
-0.0934715180255141 -0.0111522425510037 -0.0695735990945552 -0.135996508328427
-0.0443044430145215 0.0331591162393673 -0.0194438316656125 0.0493946181004147
0.00158935030052121 0.0292154524827211 0.130891316629224 0.0148556743513939
0.00638768155530792 0.0087140501907145 0.126492931497113 -0.109709568797271
-0.00192519481015611 0.0129581466322022 0.00839918073724417 -0.171278535220945
0.0131743096595146 0.017795840617369 -0.0850439232143438 -0.111874791540401
0.0197863347977729 0.00380492974369546 -0.102596623769549 -0.0372105104710048
0.0188698530560197 0.00335337073985205 -0.0940153013078778 -0.000847729672505269
0.030896284524017 0.00412843498148708 -0.0926983904723709 0.021884960842852
0.031624568007242 0.0280827192361107 -0.105800035066135 0.0234182904704967
0.00815104745311774 0.0380019342727184 -0.123579788163113 -0.00709847075767818
-0.00599011936572444 0.0486455566680368 -0.125714928457958 -0.0766843218258693
-0.0474680949980012 0.0455921389830452 -0.0792142575690261 -0.136438132367968
-0.103065163803207 0.00402379762111752 -0.0190515215740616 -0.145981017240667
-0.124244948845937 -0.0558428719675476 -0.072075861782756 -0.115416319483502
-0.124037978899403 -0.0612460115388471 -0.0303725517974745 -0.120473538734953
-0.102903996356918 0.00461554905385318 -0.00991173386725893 0.066759571227887
-0.0530743362265682 0.0539260217021709 0.145998839767733 0.040097304218997
-0.00535213276320434 0.0659597765544692 0.151245481650988 -0.0990112674549275
0.0186209327955945 0.0527326130801748 0.0303461040133901 -0.17024173264983
0.0437865476848585 0.0384019814533458 -0.0685044160124676 -0.111007060514874
0.0552788199993423 0.00672304595512709 -0.0851515993555778 -0.035106876747973
0.0505278215155543 -0.000518423933767531 -0.0750534363168806 0.0017215931330509
0.0624623882941253 0.00385631467275187 -0.0719523829610083 0.0298184359115769
0.0617425712158978 0.0456121805489584 -0.0870961773285554 0.0435968958599038
0.0265868063883166 0.0713654813421188 -0.117330162226278 0.0247154811163431
-0.0114768062703907 0.0959783789564468 -0.138227819442267 -0.0454436798798882
-0.0852192006613195 0.0693398394291245 -0.0992336717527769 -0.113659648339352
-0.145420231136373 -0.0122014666554344 -0.0198967127819818 -0.118372226094483
-0.158678573598876 -0.0936161794872615 -0.0414885838482255 -0.0663055387618722
-0.131189514604669 -0.10632136817926 0.0145622439710559 -0.0790413741493327
-0.144943841375644 -0.0361937523607926 0.00389918745938031 0.0943797734323906
-0.108245489652447 0.0598638847196373 0.151794239758577 0.0766983332519625
-0.0292737037455373 0.114065265408927 0.172404844574319 -0.0684990237133409
0.0310452285375156 0.0920640221815905 0.0597401024747222 -0.150623496651983
0.0675635137804568 0.0597617563791306 -0.038173618764332 -0.10179064541223
0.0836146595813536 0.0114651576158953 -0.0555819270631584 -0.0309465922177502
0.0748523685446678 -0.00521622159320479 -0.0454638132084578 0.00373800865832752
0.083655665842976 -0.00148704657112103 -0.0408864298251041 0.0355838395155439
0.0835926388525035 0.0490032586700152 -0.0566963012911886 0.061958516957717
0.0468773868719476 0.0872293936815346 -0.0975374395363332 0.0586936592340932
-0.00290061488395408 0.128271203305944 -0.138834241496646 -0.00663830703327567
-0.10160038646449 0.0908253476933736 -0.114327736479057 -0.0828224127533664
-0.165658594521256 -0.0162813473646884 -0.0180363060711452 -0.094315024594669
-0.170841050508061 -0.112844842972983 -0.00348673843245212 -0.0164138178676774
-0.111996265398238 -0.131762071725743 0.0570596800681031 -0.0180933904509207
-0.15518591619651 -0.0800648027805446 0.018221691098882 0.126049463377721
-0.145796798672358 0.0411418226107469 0.142326648018872 0.115643904394556
-0.0601931176779805 0.136116838258933 0.176768248183591 -0.0206653256951726
0.0297095194965903 0.118465206736964 0.0875204694100534 -0.110106907887258
0.0776811188485055 0.0757911640163069 0.0012726431150345 -0.0815559453513512
0.0985819763249879 0.0168199456056105 -0.0159408719536415 -0.0234430306785063
0.0882884409175426 -0.00894748614459371 -0.00944947869782603 0.00552269874629936
0.0930667884362065 -0.00768755019035084 -0.00473087166843553 0.0384013252328323
0.0926629756663544 0.0439633733654807 -0.0208481435565725 0.0734623263870202
0.0580850880895579 0.0896857755442049 -0.0680578281451149 0.0846304116108397
0.00282436940792663 0.139574925158759 -0.126063329190323 0.0278265556690412
-0.105975236533685 0.0943147417416969 -0.116647130385248 -0.0516672172873577
-0.162836026137805 -0.0232270816591974 -0.0121159449949642 -0.0735425040167732
-0.155926677632089 -0.119608775978304 0.033904173773687 0.0299954860442038
-0.0733072039450474 -0.130556213888491 0.0904582697148872 0.050303592096139
-0.129121246226092 -0.107977111822136 0.0299062937348321 0.154761515520873
-0.14972452994612 0.0082871147795022 0.11864228884794 0.144166753348685
-0.0805363305614787 0.125824272401566 0.16110218934638 0.02739811212401
0.0189685573373963 0.121309510695964 0.10384542265197 -0.057417300226269
0.0728593076975426 0.0777865761606291 0.0403059506356005 -0.0526002219848809
0.0966625516812757 0.0186521241282953 0.0251192182438798 -0.01392998677889
0.0877580346959808 -0.0115678107138454 0.0272522790807291 0.00636360214243797
0.0901225194855412 -0.0124708452859273 0.0313749989688054 0.0388985038085974
0.0895734772407422 0.0347862064211677 0.0140877449388187 0.0802545369392441
0.0588084648368381 0.0830066174452679 -0.0381536274054005 0.102094765645231
0.000231093098228679 0.133999062318101 -0.107734978906891 0.0527090611507268
-0.105062048758961 0.0796052578379452 -0.109745881038175 -0.0250106031478255
-0.141967711777931 -0.0373930092305945 -0.00584825818572622 -0.05401975904171
-0.116577429408638 -0.116175685570609 0.0623914668520172 0.0707105325506869
-0.0233954683879363 -0.10015693184276 0.108869269819788 0.110452589062481
-0.0790655191977018 -0.105460869842214 0.0372943799665704 0.17361770645286
-0.118416555049579 -0.0177691047635937 0.0905655071232389 0.158525470378314
-0.0756394160936276 0.0933342368539917 0.134397302087464 0.0642107022337649
0.0100527323886579 0.0981312282278148 0.108723501926801 -0.00907641972134967
0.0569299567037352 0.0625901673720342 0.0723977594631546 -0.0239738840568612
0.0777022094675468 0.0140271571436284 0.0615068040836858 -0.00635962518078613
0.0730196546938929 -0.0130819204234574 0.0590158994563442 0.00557497025221967
0.0759642392309841 -0.0143730616152586 0.0632886732707521 0.0380718615355935
0.0757573701224393 0.0245547476029741 0.0443020719343539 0.0849425593940597
0.0516236973210124 0.0707688889671497 -0.0140792070902759 0.115095312284957
-0.00707556738690921 0.114968709138047 -0.0933189498822445 0.0703129491476027
-0.0980037109145741 0.0526534248679322 -0.101442942057831 -0.00522790002452765
-0.107013730110144 -0.0518120729772739 -0.0022671370547168 -0.0364998273760505
-0.0602273543346817 -0.102521252700031 0.0770096672178888 0.102926474076087
0.0294999461604994 -0.0498850933498992 0.115038807645886 0.147827753295308
-0.0192673170680358 -0.0737694195763461 0.0430903789043799 0.176106342528212
-0.0633834477474026 -0.0259376626786383 0.06861194021019 0.160694509931516
-0.0457816672582705 0.0507043600378316 0.114029295304766 0.085996793968515
0.00626272893470906 0.0559082977436402 0.111028263164482 0.020543829770003
0.0327137151571867 0.0335277992402091 0.0946505698743942 -0.00752045510560291
0.0461615909538598 0.00542374713054385 0.0855015487197361 -0.00465997740474013
0.0466839486186752 -0.013360308077457 0.080913466588664 0.00345165666427654
0.0509881433502281 -0.0136900404332955 0.0858808141993087 0.0365070843741163
0.0545739394733947 0.0120926851506324 0.0656311996038564 0.0896062570514662
0.040608632596078 0.0520471116775554 0.00215525619535564 0.127374754413515
-0.0136628327899268 0.0848609330080628 -0.0858777004912374 0.085907306976382
-0.0801431069824297 0.0210340481095161 -0.0990217107099042 0.00920105147685416
-0.0613557576446838 -0.0582955250031073 -0.00576937388086107 -0.0241081295213318
0.0029907677589734 -0.074472169610984 0.075770441657213 0.123652415468448
-0.044928145572732 0.0367270794976796 -0.103528650242087 -0.124190723775795
0.0198299669337724 0.0463785783989394 -0.0230098884085997 0.0468586412198631
0.045289432730295 -0.00652029708310128 0.11985111805419 0.000531789980450913
0.00527230965446538 -0.045147873701138 0.108449678944351 -0.112518973767838
-0.024767685273821 -0.0195429764500582 -0.0087346012473764 -0.167454823307559
-0.0173878852380896 0.00104150409780139 -0.0957636072084698 -0.108975360750171
-0.0156840495499845 0.00462696349375469 -0.109900523905645 -0.0341631121744539
-0.0146534273493328 0.0086737556750966 -0.102139835081097 0.00216802043529859
-0.00614977165942442 0.000288128092189126 -0.100892449691535 0.0192663469618819
0.000567834163496159 -0.00176272621561764 -0.111812329949632 0.0153376557506527
-0.00109841210969767 -0.00833470148666495 -0.122831285105967 -0.0176522402372342
0.0203932428319447 -0.00420623742282672 -0.121865546952676 -0.0860322568119541
0.0129677319947013 0.0330568503769018 -0.0747837344458089 -0.149590573261736
-0.0444559803674024 0.0446769887389348 -0.0244759950625028 -0.178318449458011
-0.0758276816595141 0.00457838245248373 -0.100636496964875 -0.150834625496482
-0.0947552180185491 -0.00738680212168731 -0.0778015370531838 -0.133922674130863
-0.0429091881597429 0.0358251501257265 -0.0167854670261829 0.051867018553294
0.00281372991957737 0.0294883012788016 0.135140145823649 0.00833081975949438
0.0059790747795986 0.0081202459973055 0.124579700609436 -0.119101678488571
-0.000998880956268293 0.0139799973884448 -0.000706556636476925 -0.176683804138373
0.0150959873905893 0.0175324719118183 -0.0930532007605949 -0.110724173893065
0.0210796599930635 0.00296696028075258 -0.10612574249477 -0.0327868657337712
0.01970995245444 0.00350418036327647 -0.0961437729692457 0.00431723208180288
0.0321328153015785 0.00292138193814546 -0.0934976472286341 0.0272517992970787
0.0346301447322847 0.027826585569978 -0.106914543158239 0.0293286186425287
0.00885104531728593 0.0396060806474567 -0.126122323302411 -0.000424280834635908
-0.00524902915426906 0.0497406124463822 -0.132534412301696 -0.0713337554313592
-0.0464393374347669 0.0478441288573683 -0.0872989003253808 -0.13505526445974
-0.103925524687498 0.00887456743340873 -0.0266245436451241 -0.15048261331188
-0.127433168624194 -0.0512063134955289 -0.0788613801201444 -0.115478208874982
-0.128236878337325 -0.0567622615488089 -0.0370043207014977 -0.119984253916957
-0.104187279327493 0.00924819731015973 -0.00668392210974761 0.0689476467278948
-0.0511420104861647 0.0569581670697152 0.152265104571877 0.033600186382319
-0.00246776415455448 0.0664632901016501 0.149961494245909 -0.109636113925407
0.0219989968428688 0.0532337391401588 0.0210447704981851 -0.176990534756113
0.0473220287385233 0.0377138025546649 -0.0761489465601551 -0.110386786032957
0.0572616851934611 0.00450611477421448 -0.0879969058373671 -0.0314765485195036
0.0517847259759847 -0.00234529858402934 -0.0761794565756532 0.00547392080243893
0.063867921997363 0.00084054032932636 -0.0714493306318497 0.0347641455619828
0.0662097836466825 0.0441500600294504 -0.0863542511537767 0.0494429685375798
0.0298250688690543 0.0722244528021843 -0.118703685114285 0.0320137140118448
-0.00793267139511995 0.0984287521950578 -0.144115940319888 -0.0385253843216012
-0.0843304526193434 0.073687435735467 -0.107338659361307 -0.110490328084527
-0.148302780873637 -0.00585661654222442 -0.027282091188954 -0.121802976331803
-0.164252293094693 -0.0883902541577537 -0.045143490083802 -0.067161765729125
-0.137758100498732 -0.101625226324748 0.0099450796324238 -0.0800629614840436
-0.148988758051697 -0.0305658543686212 0.0084237820538159 0.0966908497199935
-0.106352756512217 0.065826994842333 0.159585914656436 0.0707116107136376
-0.0238455915506102 0.116338993370424 0.17210948525265 -0.078893766184317
0.0366137677506758 0.0921199307312553 0.0518296647547533 -0.158272233984198
0.0725533132535051 0.0582828682778959 -0.0443916778061713 -0.102337921692537
0.0864163079320091 0.00780473094811871 -0.0569175151262898 -0.0287788287120682
0.0757772442724968 -0.00814218184225308 -0.0455224600204923 0.00637315342573672
0.0851749700991192 -0.00563950195380601 -0.0395855373803484 0.0390512580556703
0.0884083470713205 0.0466746147490174 -0.0540970819239762 0.0662851781803681
0.0510017491335452 0.087697936579263 -0.0962329609976656 0.0665979847242779
0.00304082755829721 0.130848578812844 -0.142292691774261 0.00130757606029497
-0.0996796976727018 0.0966870504713118 -0.121375212249095 -0.0780909403804041
-0.168750096427259 -0.00950153934340204 -0.0245989532945018 -0.0974635499780347
-0.177693223897469 -0.107416572507514 -0.00406923126033461 -0.0188234392239064
-0.12018320902131 -0.128992529416258 0.0558220212113055 -0.0205501860312832
-0.161636654645993 -0.0746006189112692 0.0244227754703143 0.128506012344793
-0.146294177223908 0.047967753962297 0.151239085488432 0.110708179116724
-0.054161446969039 0.140530012994845 0.179538939938391 -0.0310874076940533
0.0365584443284617 0.119806507493456 0.0822373509089521 -0.11860924386451
0.0836995071200655 0.0739150457421828 -0.00329221720363884 -0.0837265342754817
0.101489659972765 0.0127146116202499 -0.0165956948259296 -0.0227241725581594
0.0890793632252297 -0.0127365166417289 -0.00869644029123204 0.00602606449239615
0.0940096600790143 -0.0124384309208016 -0.00241893156169318 0.0404220625482978
0.0972271455944427 0.0409085590304156 -0.0169080879374214 0.0768617203454679
0.0631850281182181 0.0891765716247172 -0.0648862403960664 0.0917735762619292
0.0102955706885439 0.142063651630858 -0.128038591841767 0.0359550871140931
-0.103894782271915 0.100861849293933 -0.122098988301584 -0.0454937963615206
-0.166956383283629 -0.0162002956528576 -0.0171640605400655 -0.0758885095223364
-0.162791030449807 -0.114569691340133 0.0358424768850808 0.0265721578491162
-0.0805647810414735 -0.129077791301124 0.0929104776004617 0.0473777789646049
-0.137350311607249 -0.104295793872375 0.0372656423659938 0.156477529377684
-0.151973136149518 0.0146997655564835 0.128400266060562 0.141585264996167
-0.0757871804657154 0.130883767350745 0.164912252648413 0.0193129521876119
0.0256640950976728 0.12314966788628 0.101458829720431 -0.065696260634364
0.0791456395337548 0.0762406823690935 0.038065762721727 -0.0557604836795591
0.0996183416505206 0.0136907438410688 0.0258279129127635 -0.0154661165003524
0.0879419570509946 -0.0158111396547002 0.0286857113447659 0.00503418711397591
0.0906372323510975 -0.0171377936650399 0.0348872730390835 0.0388771079973712
0.0932859961396022 0.031444417553775 0.0193994436927765 0.0815778041690987
0.0637910873732758 0.0822286966822866 -0.0337070035149669 0.107820574146869
0.00759766919017044 0.136224124799249 -0.108108315468212 0.0601672574946009
-0.103629147572776 0.086153552214068 -0.113703165073578 -0.0184096118581423
-0.146165285526491 -0.0319789516331923 -0.0102357189507029 -0.0556603566411814
-0.123270852921037 -0.113533242101248 0.06661260118813 0.067110313632851
-0.0285512679648097 -0.100807286714416 0.115087588446395 0.107829176564195
-0.0866664657846593 -0.104168923093303 0.0455906629823452 0.175877240582131
-0.122003495346094 -0.01287650196009 0.0998255299545036 0.157813068273002
-0.0715644280786186 0.0983077601610527 0.140054741066043 0.0587129263173337
0.0157840777873615 0.100517746519557 0.109844166027345 -0.0158074042792687
0.0615866965697594 0.0609755014651792 0.0726012482115069 -0.0282052739578097
0.0800914832455622 0.0104065753457813 0.0632493127905103 -0.00989835060353155
0.0727536844880192 -0.016869824513067 0.0610784981803771 0.00247025352523772
0.0749294532384862 -0.0184424649698378 0.0670229271997276 0.0361146379843033
0.0784203735424944 0.0208338320147166 0.0499390859898133 0.0853927736619812
0.056458306434818 0.0690577415793583 -0.00846566729147723 0.119685850569717
-0.000758647846059815 0.116801671099631 -0.0918774660714781 0.0772494308227546
-0.0974489574875121 0.0585268339183838 -0.104451163526429 0.00132033463315259
-0.111517115982665 -0.0474147173241755 -0.00540899026163117 -0.0379083156124421
-0.0657977314533214 -0.101976655682359 0.0839250423702778 0.0995111580959296
0.0274844927568783 -0.0524541208148412 0.123168035683719 0.145127383614982
-0.023444904544282 -0.0744383751701235 0.0519462386943644 0.178111345022032
-0.0659197000515835 -0.0233434511033156 0.0778503579776742 0.161151925176052
-0.0427936179963146 0.0535736206343793 0.120688557821882 0.0818181992800383
0.0096914496172766 0.0568655596244349 0.113959249226788 0.0150609457893591
0.0356228961300354 0.0325074537190948 0.0961792396605429 -0.0127855368196221
0.0466358358912872 0.00299065138363149 0.088137391934514 -0.0100144884627543
0.0455707132402618 -0.0160681535601313 0.0831624754398266 -0.000726589793467727
0.0499217187703793 -0.0168816038169705 0.0902601044048111 0.0330314382239757
0.0555914294966893 0.00921391418555858 0.0720443337799634 0.0886705789222015
0.0441204145214883 0.0503996721619214 0.00857035361336976 0.131634932070271
-0.00855319053177461 0.0862886834440402 -0.0840146436937514 0.0933338503372626
-0.0803830731758585 0.0256380317997795 -0.101116472950568 0.0155980843532877
-0.0655846567220972 -0.056131393780541 -0.00756478410538595 -0.0252030393279611
-0.000828455556994156 -0.0764922629516963 0.0831702800336192 0.121099456967424
-0.042662712133519 0.0368463728584294 -0.106728267309633 -0.120185518147331
0.0216471727018117 0.0458421232578255 -0.021270747729391 0.0482697851148698
0.0445466530613308 -0.00825181565396946 0.121138579617931 -0.00314592099929914
0.00236905800953396 -0.0450967760766613 0.106131310128191 -0.116959404347117
-0.0253785706598508 -0.0181676954765878 -0.0145577856619434 -0.168688732806629
-0.0167701653409508 0.00159813960267906 -0.0999946570109696 -0.107030603108912
-0.014911669636415 0.00544619057121684 -0.11107894978284 -0.0316432680352296
-0.0130035134991784 0.00957112944916045 -0.102632942691401 0.005930568047647
-0.00561755756988179 0.00101818932692903 -0.100794550424876 0.0230276518126235
0.000410192650881286 -0.00166052483972643 -0.11105492416651 0.0191374913365555
-0.00224654817512577 -0.00668897596143753 -0.122873563802628 -0.0139137781012849
0.0192111613877395 -0.00489306216613794 -0.124558835059723 -0.0815581569869139
0.0137311339609957 0.0317635905387466 -0.0791656410408363 -0.148110327739421
-0.0421853165630297 0.0464016396906323 -0.0295740857805864 -0.180019813061013
-0.073876714791304 0.00619486759493738 -0.104477050037446 -0.148996410167813
-0.0938028264674249 -0.00501406461979749 -0.0817344619633808 -0.130134698841724
-0.040940027569185 0.036630229337196 -0.0150572578834479 0.0529524396977544
0.00338457607971397 0.0287999544799135 0.136027499640284 0.00366332245313238
0.00536623346918686 0.00729756005053138 0.121369264343213 -0.123291917572158
-0.000691642088425026 0.0141409526718068 -0.00755296103121921 -0.177886700265026
0.016282725830369 0.0171015041538384 -0.0971971342386529 -0.108902942373826
0.0217290069039905 0.00267392179240215 -0.107086059857617 -0.0301658039505245
0.020741221404185 0.00365687392917544 -0.0962049545936237 0.00766774477053915
0.03279625902562 0.00252078496437998 -0.0926682631824941 0.0304938068372237
0.0363121168920104 0.0270942752402432 -0.105745399503335 0.032874114999168
0.00978106024488257 0.0406570541776899 -0.126129494603357 0.00369573663254468
-0.00474313693050563 0.0496472980784584 -0.134721855012224 -0.0665364633809734
-0.0455293072594509 0.0478864622842671 -0.0911146121574831 -0.132833621015847
-0.10263865936704 0.0117551366443627 -0.0319574520366788 -0.152128405671141
-0.126916786100849 -0.048351736480981 -0.0823102657169288 -0.11459853510216
-0.128486375803178 -0.0531898659650608 -0.0416195324458708 -0.117731991872643
-0.103376864701149 0.0119336053889914 -0.00405802651736899 0.0703268688563435
-0.0490604891209656 0.0580090419407826 0.153186257044417 0.0282121060513541
-0.000865789146667271 0.0661522555905334 0.146424900456815 -0.114626246318155
0.0237933084635737 0.0524223193828756 0.0135444474012024 -0.178675149548631
0.0490912006162936 0.0366220187970238 -0.0806918086894712 -0.108350859038383
0.0573322942098422 0.00299829521511554 -0.0886803181649131 -0.0288894233584689
0.0521852867728741 -0.0028475889976854 -0.0762299462820453 0.00786774725498924
0.0642960746389714 -0.000686338297000115 -0.0701718800675053 0.0373906780047919
0.068720333434685 0.0425649963856581 -0.0846406415413384 0.0523175768825723
0.0316713592958068 0.0730028375824357 -0.117550734301795 0.036873384286767
-0.00573537132285795 0.0986757873712074 -0.145476773854994 -0.0335086388105756
-0.0823349000345853 0.0753923562824115 -0.110707724456936 -0.106967887178471
-0.147764467364023 -0.00226267947736081 -0.0319885208334587 -0.123421516520353
-0.164633056054161 -0.0840983140737948 -0.0474969487926926 -0.067764626619927
-0.139253736192407 -0.0970182393348384 0.00663599101828444 -0.0796835477769417
-0.149167718079133 -0.0264469672804397 0.0114726971740545 0.0971846006645865
-0.103669820266533 0.068121614353606 0.162175518287549 0.0653863931832066
-0.0202547435943764 0.116507332526867 0.169791650599191 -0.0849465534529404
0.0399639965053894 0.0911867221058685 0.0446185364263704 -0.161909996864438
0.0755380750111396 0.0565310662700552 -0.0480936044632363 -0.101347909870656
0.0863844537530413 0.00579542813943138 -0.0573595744347828 -0.0271818353501856
0.0757753111747999 -0.00932637257724578 -0.0454046208510068 0.00708206283336027
0.0844691852773447 -0.00835573934732105 -0.0378476572263287 0.0412211247556088
0.0910749834186684 0.0440295934228004 -0.0519170255298152 0.0692578897514835
0.053673387023466 0.0867921493897402 -0.0940392995512418 0.0710221207442953
0.00700301136231071 0.130400198180123 -0.142713009154235 0.00666633192745665
-0.0974506526720314 0.098905331133918 -0.123658859444551 -0.0727565365418905
-0.168847398903491 -0.00532687203635408 -0.0287829561786873 -0.0982939165608483
-0.178350756170706 -0.102568636004384 -0.00520533694455817 -0.0207746154191871
-0.122847009936234 -0.124947876133407 0.0544421214175868 -0.0214561587487969
-0.163972538289141 -0.0701186165134177 0.0279704341827961 0.127948689857337
-0.1445004739625 0.0518419765043618 0.154986870006669 0.105956215971835
-0.0497321841046255 0.140990496934317 0.177640927999704 -0.0371712145917517
0.0408716557022124 0.118610724798529 0.07678296767941 -0.122637589400726
0.0876027290692482 0.0718447013365876 -0.00662341661924768 -0.0835094305033916
0.102018743790121 0.00903577077471649 -0.0165687994679714 -0.0227374355325534
0.0883244321462871 -0.0146405467453735 -0.00797896422250951 0.00581877885941735
0.0932063886808973 -0.0154747401858623 -0.000144194012074789 0.0409976985294171
0.0992760798447307 0.0372859204021616 -0.0141347362943249 0.0779103155637931
0.0658148569084506 0.0876408394741995 -0.0619523700920592 0.0956535497066391
0.0150664924030336 0.141142906001608 -0.127112712774403 0.0408637263651302
-0.101392490372266 0.10367755686178 -0.123552901988579 -0.0401358586592533
-0.167293300611146 -0.0124227815271135 -0.0212086927382 -0.0762990261579142
-0.164122679913381 -0.110727227564942 0.0359645971766269 0.0241206131171608
-0.0835689391360912 -0.126452327511354 0.0931366898657653 0.0447696549319717
-0.140373601274118 -0.100636406803977 0.0413209513846805 0.155816349482903
-0.151489691376417 0.01879078900778 0.132874771110662 0.137935452645651
-0.0707256050813909 0.132693325794919 0.165453399979425 0.0138633860605338
0.0305489418137618 0.122854022210793 0.0981804804586308 -0.0701166244833575
0.0825341807295366 0.0738369760038475 0.0359457926052832 -0.0567326967274619
0.0999747981159762 0.0107759822294948 0.0263404794358323 -0.0171170730060215
0.0865551654773221 -0.0177731304041257 0.0293139604443937 0.00338343444980284
0.0887409006904226 -0.0201905086918382 0.0366909808100523 0.0385176376714971
0.0947685913530092 0.0282506345305689 0.022309168726612 0.0820819533293007
0.0660619495661092 0.0802444346282798 -0.0300022493447465 0.11099943895587
0.012582473889357 0.135854341938148 -0.106485035805394 0.0641593663170391
-0.101083710647887 0.0897692767239566 -0.114500910368704 -0.0139812708985893
-0.146983667054889 -0.0276937620892464 -0.0131434045036207 -0.056449412910723
-0.125024776753752 -0.110268921789852 0.068639040827386 0.0627219771060507
-0.0312918641851125 -0.0998072489384792 0.116941540449409 0.104904230409793
-0.0894361455754834 -0.101397734700139 0.0500699690918353 0.174409762955829
-0.122464320091086 -0.00935162495850382 0.103877624225565 0.154976977566842
-0.0675700822240927 0.0997648037374115 0.141182211634939 0.0537997926027742
0.0197258957065124 0.0997935533324507 0.10812077412715 -0.0199231408408814
0.0640757669135522 0.0595503481365673 0.0717047949914612 -0.0304425995075544
0.0800926596086139 0.00779921065470071 0.0640644964598018 -0.0124350495676275
0.070672117244713 -0.0190536922981156 0.0623569371928188 -7.28357365917196E-05
0.0734857505586067 -0.0214729130489281 0.0690014527165245 0.034219645802719
0.0788703397074633 0.0176930403052426 0.0532628125611442 0.0841442191728225
0.0582045902572271 0.06698005552021 -0.00431155779335247 0.121768772348258
0.00421668103486484 0.116528261213809 -0.089928619902274 0.0814255803730953
-0.0954545298695868 0.0620020776606922 -0.10425786636212 0.00532254519771983
-0.112987416262407 -0.044599647978786 -0.00760887037574177 -0.038090401050955
-0.0682701815023761 -0.100239876782107 0.0868559560669617 0.0949776739006006
0.0258291505485907 -0.0534039700053551 0.126099424986739 0.142037402335626
-0.0260214041712817 -0.0735636517997895 0.0555987650583052 0.177411622363865
-0.0668813548021001 -0.0214527100363849 0.082359733017764 0.159140673395629
-0.039867158153595 0.0542700983482011 0.122965084709159 0.077844665245733
0.0130154613346557 0.0563516240695674 0.114565982043771 0.0108179519622045
0.0368247043579288 0.031049120490526 0.0962739348741114 -0.0156594650171988
0.0464113361181383 0.00119332536200865 0.0888858712933333 -0.0130928878900192
0.043792110590788 -0.0175892085965379 0.0837411550934188 -0.00431207109252902
0.0480188124211159 -0.0187911922482921 0.091536386000178 0.0300910927047786
0.055500539217361 0.0067891439052094 0.0754223935752651 0.0869883025718726
0.0456648447869784 0.0480899080163314 0.0126414368599385 0.132440463352058
-0.0046270751635409 0.085843241575734 -0.0817875214375822 0.0973676980036174
-0.0797820577540463 0.0290781694376895 -0.100851790545249 0.0194887652154748
-0.0669403646049866 -0.0540951188932905 -0.00947065426009756 -0.0252361750939865
-0.00259852697421174 -0.0768780445213611 0.0871531963440419 0.116627143744438
-0.0461987088798305 0.0351829214241842 -0.098999007721655 -0.124195254357902
0.0197774706326317 0.0464836717112233 -0.0220156304978461 0.0468284397100501
0.0451229955019404 -0.00713645027911976 0.120722059036611 0.000844941608877198
0.00227165722162562 -0.0448942121714969 0.1112390210174 -0.113992448411147
-0.0263753253521506 -0.018611063043947 -0.0099151274661458 -0.168582321444335
-0.0172206730626532 0.00112925683259413 -0.0959070803621284 -0.110170525472161
-0.0160112935303671 0.0047051642144908 -0.11028522945128 -0.0358889446922901
-0.0135788521273334 0.00951882836868524 -0.103767174903641 0.00319508961352957
-0.00614979111352957 0.00134387924306526 -0.102529151837151 0.0204542918435159
-9.35794037353012E-06 -0.000989310829272704 -0.112117691713273 0.0160124956588978
-0.00380929125401971 -0.00582733635805339 -0.121319534276484 -0.0191365101224027
0.0158901274529806 -0.00502798224303872 -0.119711714767099 -0.0856547144610702
0.0109534793919363 0.0287891496239405 -0.0707875401967344 -0.150119717880653
-0.0432868267043855 0.0421396090252386 -0.022201916252899 -0.184087711514408
-0.0756579695254063 0.00275454838080207 -0.0945806802439832 -0.156761821473029
-0.0951978517054786 -0.0106001016973972 -0.0761615980800456 -0.131092682870114
-0.0426427894236358 0.0331806394045853 -0.0162953340522146 0.053990117130574
0.00168274104158422 0.0270876275212099 0.136986354007776 0.0106669502955972
0.00229907633346224 0.00693941299202261 0.128374582717548 -0.118219732599838
-0.00349818505451263 0.015266353459792 -0.000990107067302648 -0.177756315201014
0.0153708219815301 0.0189670707442718 -0.0919238601977122 -0.11219846713755
0.0206889475715972 0.00400468582084451 -0.105044954931327 -0.0349590760169838
0.0218996948708059 0.00546960358869819 -0.096720535086885 0.00521720225195649
0.0329443044676201 0.00419445781445679 -0.0939851641436536 0.0284329004419887
0.036102356296508 0.0302300659434839 -0.106800343030638 0.0311165693965102
0.00695941661613448 0.0436502105149374 -0.127178994907858 0.000404254301869746
-0.0102073316260218 0.0492864610370315 -0.133810961398327 -0.0699429456101804
-0.0497001608000453 0.0428511977344127 -0.0862309017937052 -0.136725164463899
-0.1033418364761 0.00444817091554932 -0.0250242987199153 -0.158518607919324
-0.126615148025848 -0.053299744320332 -0.0730621336390885 -0.123230505501922
-0.126992495151892 -0.0621866525914716 -0.0397846300010968 -0.115437570538763
-0.103563797102575 0.00417027094636176 -0.0071135559929613 0.073885892690827
-0.0531653257223749 0.0527635337106619 0.153544617126402 0.0385045986173693
-0.00688785258284847 0.063904733990859 0.153997675304672 -0.106369420584207
0.0187981499639106 0.0550628524629605 0.022350814212932 -0.17731731624397
0.048134660643273 0.0401845556860002 -0.0736994855563597 -0.111438478327049
0.0570686840530216 0.00606122929220956 -0.0862816194253992 -0.0338818971814025
0.053767424253033 0.000621026177295143 -0.0760101208142941 0.00564819378083847
0.0646447954412316 0.00247641378466024 -0.0716683167601351 0.0370325141395997
0.0689298734610293 0.0469299478410118 -0.0860636796422354 0.0522416991881459
0.0286215616002406 0.0780409789706364 -0.120703000147892 0.0350904050310977
-0.0129486393200953 0.0987281318449898 -0.147506228205964 -0.0353586033732786
-0.0889993879464023 0.0694427915997092 -0.108086063748903 -0.11216028158106
-0.148288529430574 -0.0110273105783279 -0.0267136297024371 -0.131104900919915
-0.162238524780415 -0.0902234117195798 -0.0411564076290651 -0.0766509749864479
-0.134463553758022 -0.108332665277653 0.00440199513669433 -0.0745684350533327
-0.147716725014078 -0.0377097413562856 0.00554830757507469 0.102850388561088
-0.10852780288693 0.0588205407300375 0.159992607972931 0.0781544388514305
-0.0284108391439856 0.111863220304221 0.176538684448356 -0.0732989010080668
0.0330678021334715 0.0938298453000829 0.0539608012675201 -0.158628574664634
0.0730845142418312 0.0613688254874907 -0.0414577960458309 -0.103342576387312
0.0865718185602015 0.0103499044870664 -0.0538291770364982 -0.031013840955619
0.0778564787000278 -0.00505522164081906 -0.0441084211080324 0.00569819628252111
0.085933419207516 -0.0038780767010455 -0.0379187214144745 0.0420398410040801
0.0919509601664423 0.0492563795699197 -0.0536449759620877 0.0701493848966955
0.0510613046516163 0.093222568574089 -0.0985137461234629 0.0716822435477754
-0.00107906681415795 0.131368196554222 -0.147051945534505 0.00626988134962851
-0.105616229001063 0.0936751397264171 -0.124162835155123 -0.0787167622992326
-0.170003964243661 -0.0147001555011137 -0.0254031914909932 -0.105773833349706
-0.174863631228861 -0.109210706162542 -0.00238641636804604 -0.0283031783945073
-0.115469941406521 -0.136172184765523 0.0476427650579186 -0.0149077084299039
-0.159539366972691 -0.0836424071695253 0.0184056688448223 0.135353295909988
-0.147806579777039 0.038827928178862 0.150040465569095 0.11969160706575
-0.0579983821168476 0.134512063625618 0.182260019925454 -0.0232599948753168
0.0325131183810873 0.12100435246334 0.0853105627100566 -0.117687151473205
0.0844482169885793 0.0770803033228748 -0.000557910141614002 -0.0838351667821422
0.102303588444382 0.0147558602430682 -0.0129766216351781 -0.0255935946406716
0.0912434265709728 -0.00958480793912298 -0.00712946606582681 0.00509045026674445
0.0947929772840682 -0.0107622306898469 -0.000615975920818884 0.0425681384878417
0.101068582852588 0.0424966786312732 -0.0156737053075399 0.0804901705638966
0.0636921680948538 0.0940551593106957 -0.0669208802722459 0.0983122543641836
0.00777634217438769 0.143201183810732 -0.133265838585132 0.041784953641264
-0.109708247710165 0.099247309089738 -0.125676719563074 -0.045737007893884
-0.167912433774625 -0.0209938381905494 -0.0189980290208474 -0.0831609562640722
-0.160297905290482 -0.116138358007663 0.0367736717259294 0.018168908011609
-0.074926035624419 -0.135699183710204 0.0828783285627149 0.0522489238476977
-0.133997173624388 -0.112895954609359 0.0290620463246164 0.163896515679535
-0.152714755419698 0.00560369190430353 0.124000507382458 0.150371330883607
-0.0779654543163934 0.125246894558422 0.166791511855618 0.0272713920643506
0.0228839845001556 0.123766349125316 0.104370301710835 -0.0640942034396918
0.0796454367522071 0.0785912018815437 0.0410929002145772 -0.0554366221207259
0.100314125105968 0.016342341518663 0.0299433184659148 -0.0179163270777257
0.0890115719586819 -0.0130709827857907 0.0308335663393593 0.00357944351996405
0.0906164216752583 -0.016431768898482 0.0370086266622806 0.0410968556756002
0.096028478171274 0.0329040735118652 0.021054270267902 0.0854239501353685
0.0648486207475848 0.0858140398463449 -0.0351516349898382 0.114404197542169
0.00611280762126665 0.13692517857393 -0.113723980973672 0.0660662357590175
-0.108256942964409 0.0856447246279356 -0.117525338026662 -0.0190572458549171
-0.147372242535348 -0.0350172635116672 -0.0110425077378965 -0.0618215196202331
-0.121157622645627 -0.114489933350217 0.0665208006956681 0.0602432722036969
-0.0234343989663319 -0.105720406329556 0.104870797737314 0.111856741925275
-0.0825465792442759 -0.110545055526392 0.0366186376395026 0.181386131097313
-0.121781069713394 -0.0196698745983882 0.0934355955903206 0.16510033517251
-0.0722485086647245 0.0925489923365346 0.139537866104871 0.0650192604984587
0.0139992922350728 0.0996706881954519 0.112154380358715 -0.0143839047821486
0.0619905302246398 0.0622614642582652 0.0749091024953301 -0.0271378812349902
0.0806180841781224 0.012046111715921 0.0669620553694736 -0.0120773778465161
0.0727674577163237 -0.0150741522315309 0.0630084346819275 0.000555783577905433
0.0745064644999372 -0.0183776884552974 0.0694419819757472 0.0374328314742436
0.0803290109340251 0.0209800749818104 0.0521020373133069 0.0881065374107189
0.0570738099561701 0.0712731381948481 -0.00974781200672441 0.125981273348307
-0.00088607410838378 0.117593087366801 -0.0978245485471939 0.0830896796335402
-0.101003049213275 0.0587109806483066 -0.10795721418043 9.06492537052912E-05
-0.11215265482988 -0.0498837681443961 -0.00575312185903406 -0.0422030722297349
-0.0640517546937505 -0.102414456748541 0.0825411193789716 0.0951754914825448
0.0311226605543188 -0.0547816874431677 0.114987645257221 0.14847636169378
-0.0200181849635267 -0.0776421960584848 0.0429421568930982 0.182193936462826
-0.0645175599278787 -0.0272989049814081 0.0713179717103571 0.166780356624706
-0.0414903619277389 0.0497724430141914 0.119510992894139 0.0861882176182433
0.0098173344758013 0.0554365659132567 0.116237915932726 0.0162115217436423
0.0356353869119599 0.0318827261177829 0.0974980726826789 -0.0118621092980184
0.046969645196008 0.00341806264015262 0.0910183986313255 -0.0115128643059504
0.0445443227574626 -0.0153398939630762 0.0846263458615752 -0.00233444035328988
0.0489145421073065 -0.0171110184162402 0.0920763159249579 0.0336068213069673
0.0564186081099205 0.00889245578390442 0.0739434657564758 0.0909057661133978
0.0452155407964075 0.0507910877272086 0.00758111602406058 0.136664890212784
-0.00791067075549396 0.0873474048170657 -0.0891386581225239 0.0974282869439668
-0.0833909318780311 0.0260095271777034 -0.103653379393961 0.0133923951039479
-0.0654364737540375 -0.0578633252899861 -0.0075326470903173 -0.0281690280659631
0.000392109184394111 -0.0768622222776617 0.0815255440863362 0.119116030158891
-0.047090929170695 0.0347002786018776 -0.0996066427035029 -0.127596294200321
0.0201898514111685 0.0475260374815629 -0.0227281221527646 0.0487529983358304
0.0459969354195032 -0.00715209833155923 0.125220593003511 0.00212565515974186
0.0016282031000542 -0.0462252863951355 0.11652150594893 -0.117291193174751
-0.0271075848609135 -0.0190816760794035 -0.00939015610320713 -0.174897900274302
-0.0179228018952892 0.000997102733654041 -0.0988346160711138 -0.115597206568755
-0.0162983467931825 0.00494376412471398 -0.113571995140841 -0.0387671930691428
-0.0130040889593508 0.00995697077184292 -0.107283547260885 0.00280400876300928
-0.00588676803873628 0.00171136200687817 -0.105913221591598 0.020254648885229
0.00075274438860615 -0.00102792356111294 -0.115482586169911 0.0151135668383768
-0.00444382758600275 -0.00447837544385749 -0.124680874963279 -0.0208894442847297
0.0150626540554088 -0.00486067408128677 -0.121348909403589 -0.0888884008684856
0.0105301377256801 0.0289533481614266 -0.0700658698714851 -0.156086822704493
-0.0438589315173549 0.0428076817101352 -0.0201801362301635 -0.191523848534821
-0.0768964119746091 0.000849698895446555 -0.094140019256517 -0.163301038728939
-0.0962404949719664 -0.0131299648779363 -0.0768923409200473 -0.13441473762873
-0.0438783208542465 0.0334628909667193 -0.0170653274256903 0.056420584107036
0.001223904075564 0.0275107526933461 0.141108760413993 0.0119559746293891
0.00152040026855214 0.00729750032683866 0.133894512099627 -0.121024405057244
-0.0041099286550084 0.0160845305633222 -2.3209126925209E-05 -0.18375123020938
0.0161190840738503 0.0195057991829777 -0.0943467218431951 -0.117421702562475
0.0216850646908291 0.00471621715482256 -0.107727419311843 -0.0374666775236393
0.0228594119736686 0.00639317393245826 -0.0999781018755483 0.00484522284224162
0.0341586102564897 0.00556954372919247 -0.0974030904195073 0.0292898893121193
0.0377433657247573 0.0318909971712179 -0.110789947735471 0.0309379496794903
0.0062333278432657 0.0462424152881592 -0.130521925712814 -0.00110119170492994
-0.0126457406050655 0.0506242454078875 -0.136553477610964 -0.0727771287573479
-0.05248108529113 0.0422858601138284 -0.0862441318032364 -0.142346340609658
-0.105391998140681 0.00252591154757604 -0.0241276442019727 -0.165150710977636
-0.128167905667758 -0.0569123070322442 -0.0733736565461379 -0.129124315448918
-0.128138879378041 -0.0655218042298408 -0.0396545400114525 -0.118310068725124
-0.105978232321403 0.00285742745519321 -0.00858656708042266 0.0767029499702909
-0.0544757704150443 0.052496846826347 0.157607940904348 0.0408315509762544
-0.00805096791192506 0.0651310843645833 0.159813256894573 -0.108312437061904
0.0187628741728896 0.0569896045805055 0.0226076176061714 -0.183044768396175
0.04955769954088 0.0418928819690469 -0.0751341323444457 -0.116278496672656
0.0587888887183834 0.00712749534072236 -0.0879941169173816 -0.0363999710857611
0.0558188603913076 0.00198949840436116 -0.0785892368624952 0.00525899718354828
0.06670229970444 0.00385878498188567 -0.0733514898629735 0.0377499217198045
0.0712925101097258 0.0493008392159831 -0.0893205218143468 0.0532125852118081
0.028374031707426 0.0821653580078876 -0.124125518312891 0.0357523552822926
-0.0155046030478936 0.101619148553763 -0.151299583264603 -0.037600656698092
-0.0931351592651618 0.0694240911157566 -0.109833585063639 -0.116345325215569
-0.151830548394952 -0.0140388989287339 -0.0267553630850413 -0.136664760348893
-0.163704340864746 -0.0956292519291771 -0.0415365278141163 -0.0811460979879334
-0.135416523001266 -0.112739013365159 0.00429102249155576 -0.0762657405285705
-0.150759956325372 -0.0412636240646342 0.00348100802301384 0.106787067994435
-0.111973304982046 0.0584732804338648 0.163679762960621 0.0816685077512483
-0.0308709392705009 0.114508696406461 0.1824047151983 -0.0734429893902412
0.0328487206444326 0.0969306547135506 0.0549307952767709 -0.163361602594664
0.0756987794155973 0.0637432067704204 -0.0417291577767182 -0.107131035457531
0.0893413995393413 0.0117801222721384 -0.0549754428793568 -0.0333112476962974
0.0806919858184959 -0.00342011059057196 -0.0456013089990879 0.00508231311513513
0.0881202626584046 -0.00277367870557676 -0.0393164581688528 0.0426569872159868
0.0954346471638815 0.051952116413527 -0.055426613168601 0.0720772704920196
0.0511088841733548 0.0975664001201268 -0.10151200697148 0.0740003190382422
-0.00291833738087168 0.135200704299854 -0.151857406536358 0.00571014893208112
-0.110107618475009 0.0944745923975497 -0.126448436003263 -0.0823589600279554
-0.174316836247231 -0.0185011202418075 -0.0259139079042837 -0.110390999887179
-0.176632888752031 -0.11572923355354 -0.00184058969471374 -0.0308205258214395
-0.115206966956885 -0.141180909236724 0.0476472849697295 -0.0144124362539749
-0.162647377814238 -0.0881212885121579 0.0162135628548764 0.140147957011876
-0.151900590200573 0.0376855566101611 0.151799268959861 0.124710231888031
-0.0611459603206736 0.137446013342453 0.187256036077888 -0.0225130331052726
0.0324851776337035 0.124197745432368 0.0868981738704622 -0.120920936169255
0.0872429662099475 0.0799227636172778 0.000220636618557327 -0.0861654187373177
0.105149445013639 0.0167265483155244 -0.0124967184894697 -0.0269792276923411
0.0931532434193164 -0.00829908501338888 -0.00693554897609143 0.00481308304014415
0.0969054707874569 -0.00990885899481805 0.000421131804975084 0.0442625043564789
0.103681732824345 0.0450296553190322 -0.0160893409866498 0.0835432295717175
0.0643389520143222 0.0986796032622176 -0.069435800846789 0.102105826008949
0.00652146674366981 0.147407904364612 -0.138042512197856 0.0424161341742934
-0.114584971756791 0.100650087263859 -0.128676985309066 -0.0479992733695577
-0.172799834004636 -0.0245797586295438 -0.0194568440640293 -0.0867297591364458
-0.162021845554218 -0.122867974838064 0.0374430906079162 0.0176877628359722
-0.0741486644458258 -0.140357516330948 0.082719889732423 0.0552601603836651
-0.136297235965753 -0.118410072038251 0.0265475522021466 0.169009659192584
-0.156689907192608 0.00366032977905248 0.124963853308777 0.156369103999314
-0.0816830005246601 0.127143887106406 0.170262687344178 0.0292282376752982
0.0228754203066899 0.127231078193183 0.106367253553298 -0.0657903379090022
0.0826259923503649 0.0812676794689198 0.0428709712351209 -0.0565567095099981
0.103521340139097 0.0178981338814727 0.031868580559743 -0.0189320917391608
0.0913678350828387 -0.0118368811685904 0.0317160440460818 0.00330055395954495
0.092298968214305 -0.0156647424759565 0.0385761975532788 0.0426390129571003
0.0987452987355241 0.0345315592627187 0.0213098919520387 0.088996868073462
0.0654604648138745 0.0895973634541801 -0.0371844606326056 0.11916867927341
0.00579472858281829 0.140938912165179 -0.118221073713568 0.0684700115720322
-0.112374278737438 0.0867862570571679 -0.120736721672935 -0.0197834711117423
-0.151057087425588 -0.0388919290866612 -0.0117696339122204 -0.0642219048397119
-0.121966206655515 -0.119957952300253 0.0680909952756544 0.0608344549892921
-0.0218549032469627 -0.108946448073645 0.10495201141431 0.116673827489275
-0.0836772240637692 -0.114765184617755 0.0340355050884099 0.18718113712532
-0.124886224212594 -0.0219836371301271 0.0932248806198167 0.171736955227132
-0.0749532636928966 0.0937901110452358 0.142077604446975 0.0678718480839703
0.0142184480020171 0.102152246726026 0.113806171748914 -0.0146678039979116
0.0641064814837313 0.0643975389519038 0.0775786491055583 -0.0270801348741969
0.0828799328125966 0.0130135416730403 0.0699894296272496 -0.0126379774226186
0.0741351929623328 -0.0144528251550698 0.0650727006275289 0.00131430630877789
0.0757405170413546 -0.0181128085022036 0.0718324895333746 0.0389931523190119
0.0821551950104595 0.0221208707050416 0.0532611955144433 0.0917366722585928
0.0580424787651535 0.0743222590951407 -0.0110577921965433 0.131011591237423
-0.00125752878999083 0.120499124456587 -0.101593204189512 0.0859025715675653
-0.103985314516821 0.0595804801889962 -0.11088490560872 -0.000741682471051426
-0.115227224593641 -0.052999118413948 -0.00603927854279472 -0.044048326518322
-0.0639521457963534 -0.106456569322641 0.0844053902984067 0.0968048559700901
0.0326343117122687 -0.0562598029004411 0.113973832397154 0.154371571148811
-0.0197629560650593 -0.0797738636111228 0.040473769521196 0.188602940267179
-0.0663596133868496 -0.0285501228101089 0.0711221862030193 0.173246140515371
-0.0423539479614445 0.0496365213568548 0.121577726738232 0.0894998010621939
0.0103662868242356 0.0564223482112964 0.11864655042283 0.0172703506633847
0.0364164295731236 0.0326980857018973 0.10105414179364 -0.0113061990020358
0.0480595753750367 0.00363742486574586 0.0945230852870595 -0.0121293781711819
0.0449037297292326 -0.0149159156220422 0.0872180028617063 -0.00212662373918364
0.0490511176398058 -0.0170215198646788 0.0947783343413681 0.0355426243379838
0.0569942468917893 0.00937923276468001 0.075459395239728 0.094894478453853
0.0458927616761953 0.052284456190689 0.00683951182762972 0.141790126194608
-0.00842116809416843 0.0890077411917782 -0.093384967701199 0.10064016540564
-0.0858839322429316 0.0268240210844584 -0.106999547929664 0.0134059082726493
-0.0666101400947593 -0.0601228559214219 -0.00791743494969445 -0.0292246332614378
0.001156810149463 -0.0789162138007363 0.0832564344464682 0.12122459956266
-0.0493450613126869 0.0351707567057373 -0.104042210355538 -0.134149775081976
0.0213144969618994 0.0499916877086685 -0.0234293198246861 0.0521901400863194
0.0485693791334707 -0.00767780750914737 0.132697494439426 0.00241205413336179
0.000974607962059293 -0.0480376678095738 0.125014871805963 -0.124971066239843
-0.0290028785758063 -0.0197664418445754 -0.00961554839844084 -0.185472980250857
-0.0190803988639556 0.000799809305421743 -0.105141882733105 -0.123069016043064
-0.0168352670801854 0.00519569004489046 -0.120508743782004 -0.0416414173413865
-0.0125852163922896 0.0109373795808694 -0.113631219195806 0.00344016820798852
-0.00576592869258174 0.00202097078700678 -0.112921943555857 0.0214129928916807
0.000989182015563571 -0.000605370478479552 -0.122674241142137 0.0155960688745382
-0.0048045381419531 -0.00389407021621669 -0.131636601357121 -0.0230931580043229
0.0144618325465262 -0.00538140509965319 -0.12725208710981 -0.0940398105004672
0.0100226293116033 0.029626469596864 -0.0721024066679488 -0.166823923304406
-0.0451242109105485 0.0445530741602138 -0.0200328845068022 -0.204643266487148
-0.0804270263839199 -0.000258752208113673 -0.0978370745317331 -0.174516001573284
-0.100183227827462 -0.0151454733966804 -0.0801190054782542 -0.141554413064791
-0.0461481718291105 0.03438167084019 -0.018126433980992 0.06035165173564
0.00178074724779956 0.0284116693666853 0.149457990386961 0.0135921370825387
0.000757689721224898 0.00793937046913846 0.142990366618728 -0.128242900199035
-0.00440980915353195 0.017143643656568 -0.000962687637641272 -0.194699506491009
0.0169563453379861 0.0203588722344334 -0.100085489569188 -0.125358394849323
0.023514206445205 0.00546845344549187 -0.114268765098954 -0.040685361485409
0.0252425096511658 0.00773920077778693 -0.105664042355784 0.00506836241059738
0.0359613224270173 0.00602728244581127 -0.103240811613925 0.0311878556251813
0.0403358759189668 0.0339237885774424 -0.117186365190677 0.0324654355959433
0.00599768835082654 0.0508238147953256 -0.137785248562907 -0.00148773282710495
-0.0148999779925404 0.0534210711399238 -0.14374936516182 -0.0771823408992012
-0.0565647607095244 0.0432551695513517 -0.0897936111185196 -0.15179726941867
-0.110278734624581 0.00145034444998051 -0.0250043493458625 -0.17678740125889
-0.13367617353579 -0.062327634964214 -0.0759453662404409 -0.138839403519601
-0.132280664269007 -0.0695195193626404 -0.0419309628310603 -0.124233672355172
-0.111367910413602 0.00193381597717181 -0.00961662436804379 0.0819439681426792
-0.0571419707583562 0.0545614005198311 0.16681833702296 0.0435175192672896
-0.00937426798650036 0.0688272958816414 0.169999229113481 -0.114009399563952
0.0193778182788054 0.0603519158453568 0.023496107386196 -0.193693565609936
0.0525871642809866 0.0443420523531486 -0.0795114606583633 -0.123890811492408
0.0628208048675462 0.00825515557023302 -0.0926943029341466 -0.038787516704706
0.0599054965054798 0.00282866915705316 -0.0828254584482706 0.00542290225091664
0.0706098183325667 0.00451850489866521 -0.0776350081986942 0.0400631707080505
0.0764750556433744 0.0529969381944266 -0.0950000779156244 0.0560440828360476
0.029258776862737 0.0885204817374841 -0.131429330464255 0.0384448959716257
-0.0177338048891559 0.107568813634653 -0.160271762867942 -0.0399611520928565
-0.0996494913655507 0.0721033617328129 -0.114891148733054 -0.124438304521069
-0.159859611555584 -0.0171360302039275 -0.0282859055135801 -0.146471746558907
-0.17095081624921 -0.103507110434352 -0.0430775826504171 -0.0875284959145554
-0.139294920837832 -0.11980334357074 0.0041023904701946 -0.0798907028932937
-0.159103333347644 -0.0450238133108203 0.00206569588334511 0.113704065574557
-0.117984210259902 0.0595931584006243 0.171680337015468 0.0873045937031307
-0.0334203649774483 0.120163785613284 0.192890122077548 -0.0772350500786503
0.0344610763026832 0.102576621538048 0.0568320915751929 -0.172748602864665
0.0804852170163108 0.0674398190684716 -0.0442292604626011 -0.11356715489264
0.0949648618788723 0.013049750947546 -0.0574248670079239 -0.0356973448471013
0.0853063421768231 -0.00250160420642945 -0.0488061854032109 0.00530954961790582
0.0932857583822354 -0.00193872563291957 -0.0411487930727507 0.045742982172121
0.101140763660068 0.0555714709117252 -0.058577337000957 0.0770885196808742
0.0532871227230977 0.104924111975379 -0.10710587148526 0.0788347750369532
-0.00392818645121543 0.142904592251212 -0.161189168291161 0.00648245566057012
-0.117853778468727 0.0986745553654715 -0.133104035456152 -0.0873548034608266
-0.18447116706614 -0.0211101253396708 -0.0278274429686277 -0.118123229780679
-0.184542209325755 -0.124611891885776 -0.00171187181752059 -0.0347594652818325
-0.118342931299937 -0.149708530465733 0.0484802362759942 -0.0140928499372874
-0.170905955518503 -0.0951805550816641 0.0148726503290777 0.149132009869258
-0.160260704102938 0.0378440481217772 0.159405931615574 0.132739171556349
-0.065813362791891 0.143789132458078 0.197923368709611 -0.023556581921436
0.0339823557111121 0.131606012219506 0.0898208392659002 -0.128040103501586
0.0929944886585434 0.0848136104610008 0.000349594818904812 -0.091547960795398
0.112033800056214 0.0182372556025562 -0.0122519684691569 -0.029055319238873
0.0985485803178122 -0.00788806288247433 -0.00795581551273567 0.00471244490395534
0.101994477107867 -0.00973958409623446 0.000577246676752322 0.0472208770854541
0.110116108617105 0.0482020443047138 -0.0169353142565165 0.0891178591062252
0.0677308552480593 0.105343766048193 -0.0733274132019481 0.109687546414747
0.00669554807474992 0.15542804740642 -0.146941856324611 0.0454539807451264
-0.121994073833661 0.105724414093453 -0.13582189771172 -0.0507529843675904
-0.18273505616464 -0.0282126547642497 -0.0212552221710592 -0.09239297544758
-0.168751687984309 -0.131706439316495 0.0392050405698848 0.0167056823340419
-0.0760516429288906 -0.148818782654216 0.0848198329210439 0.059838333110194
-0.143402533596548 -0.126357574283872 0.0257643412695175 0.179582866472979
-0.165879606105393 0.00205255050695565 0.130914153620537 0.166164839091284
-0.0864446928346978 0.133243618001224 0.179845936724323 0.0318200838200177
0.0239443581190599 0.134378508301712 0.110711628877801 -0.0697039472924902
0.0878639775927137 0.0858277290715157 0.0453584750232099 -0.0596241397392475
0.109825422567234 0.0186267450512948 0.0345114016624808 -0.0203117166466637
0.0960513356573504 -0.0115870114883596 0.0334593764687324 0.00338665585862512
0.0969929338551757 -0.0157902318858092 0.0414605149541189 0.0451384812804938
0.104313859260418 0.0366169595215064 0.0228730025563076 0.0951796169182775
0.0688626633338577 0.0953127480282596 -0.0388784820914629 0.12793836713927
0.00611379392731557 0.148635760141571 -0.12590050247368 0.0730572213361059
-0.119553101296257 0.0914698669187393 -0.127753680665157 -0.0210621114446202
-0.159655012599898 -0.0421610015661411 -0.0129446048521043 -0.0683498464795031
-0.126597104839619 -0.127825877728348 0.0716220356334268 0.0626762092290889
-0.0215811050359028 -0.115717141125973 0.107692883439424 0.124605329114828
-0.0877787987554055 -0.122223345771183 0.0328263464993676 0.19907450314751
-0.131651764055131 -0.0241183807757085 0.097179764247515 0.182108858802541
-0.0793503741187126 0.0984112052013905 0.148983110341328 0.0729248503938403
0.0151084324741355 0.10764627865266 0.119179572734836 -0.0153094869538615
0.0680655995814302 0.0676387616681013 0.0821218107754693 -0.0281629776203241
0.0880025692686525 0.0135262226631565 0.0746666750165624 -0.0138393298426206
0.0776618969773568 -0.0147083028447266 0.0686818356862407 0.000548139819681582
0.0789928394541388 -0.0184936067568662 0.0764232981053419 0.0413723715728773
0.0861160354223522 0.0237109305623046 0.0568515649756881 0.0976085677880194
0.060913731348853 0.0783146809057599 -0.0112448421851737 0.140021677203113
-0.00102084587376577 0.127066674884002 -0.108846501809972 0.0916789749862579
-0.110621911882165 0.0627571492794335 -0.117549981619186 -0.000117485164519943
-0.121211807208083 -0.0566751323085201 -0.00670307853744367 -0.046678224930819
-0.0665183433795011 -0.112682531340667 0.0889270672842292 0.100750423119408
0.0352670295590352 -0.0594157984001764 0.117643754889994 0.165362364983432
-0.0205717074402886 -0.0842513009568408 0.040097926068559 0.201021232443794
-0.0699940542451436 -0.0300987267155103 0.0739399715685729 0.184806624157656
-0.0447942242088345 0.0519487685822539 0.127622401375558 0.0951480806231128
0.0116758766934968 0.0593778834907487 0.124606446514465 0.01808240997214
0.038682535372748 0.0341466713289853 0.10750321404317 -0.0114838019894448
0.0506929614337465 0.00366245671465084 0.100765338063741 -0.0138488567127172
0.0467515462362519 -0.0151738498331128 0.0921800086047548 -0.00257258362226573
0.0506023750134528 -0.0170449524234872 0.100538758660482 0.0368025133537038
0.059341395915203 0.00979328473871249 0.080077429939126 0.100988461041187
0.0478142260855426 0.0545530397493524 0.0067696687949809 0.151023526543479
-0.00888086332048662 0.0933791191559257 -0.0991799156205487 0.107379170795227
-0.0904989571842405 0.028158290089405 -0.113644437085657 0.0142722212979395
-0.0698387485703067 -0.0637079051269425 -0.00848878367342472 -0.0314336184616631
0.00218741439744465 -0.0829327885109009 0.0872553945201916 0.126630947923292
-0.0513350321854021 0.0376754631655574 -0.114084933509788 -0.141565033449389
0.0243828938551636 0.0527714002769685 -0.0233965899849449 0.05702080936995
0.0516599341549477 -0.0101349771727044 0.144198427152493 -0.000636316269516247
-0.00123067731192046 -0.0507981555226794 0.132194362165923 -0.138841249672996
-0.0322904161654393 -0.0198042802946857 -0.0159059904065921 -0.200045861696223
-0.0209666831592643 0.00145682194812595 -0.118143411046097 -0.130318664075208
-0.0175880441550876 0.00653840373032267 -0.13104759756002 -0.0423302306257942
-0.0124190575536357 0.0126697739538593 -0.121897049643769 0.00685441389426715
-0.00558947874964944 0.00259380149851874 -0.121155286895827 0.0266711415316979
0.000863211950308376 -0.000556705688509348 -0.131908401431151 0.0191147550681597
-0.00530250771366995 -0.00262434490487326 -0.141353597598204 -0.0228183239749316
0.0142832134745379 -0.00583265359656397 -0.138408328030068 -0.0972505980516587
0.0113120464507331 0.0304691816346131 -0.0803955884708146 -0.179011190261175
-0.0465059918406423 0.0481052864983263 -0.0256531447660134 -0.22184805862481
-0.0860483914162771 0.000679507193967279 -0.107346072813485 -0.186322522686969
-0.10595718042373 -0.0151993777489112 -0.0889898648405385 -0.149011599089363
-0.0483303772227261 0.0375000286603354 -0.0181835806656889 0.065330683615471
0.00242449649161792 0.0293777349520262 0.161944514646798 0.0111859260861843
0.000309533105860333 0.00877410446387258 0.151237325574223 -0.142237705995882
-0.0049904487456575 0.0190193909543454 -0.00576409642646686 -0.209983079743716
0.0188586781453975 0.0217093418435562 -0.111582263289941 -0.132663970388096
0.0257757963945406 0.0056964243353715 -0.123859970202762 -0.0412397617246079
0.0280938821760532 0.0081019676181126 -0.113831027552026 0.00851981306855432
0.0397093136403184 0.00632645247005474 -0.110128923379223 0.036391173594076
0.0447209920395579 0.0357502535784566 -0.125802577068958 0.0378844610275137
0.00781911946219177 0.056116187060064 -0.148129063911083 0.00104660443001195
-0.015825857915933 0.0584817978557464 -0.155889202633725 -0.0798512736271828
-0.0610869778374669 0.0464331551654748 -0.0989064179560214 -0.162139654187818
-0.1183510545126 0.00247924126055885 -0.0303087831881454 -0.191996936839771
-0.143332751857881 -0.0652419656202581 -0.0837142795926332 -0.148849125272831
-0.141375207978812 -0.0732170768996631 -0.0480883299321909 -0.131408114064899
-0.119626500301814 0.00313008770153733 -0.00893776799651885 0.0889552869086829
-0.0601539522098743 0.0582997061265395 0.180446581321014 0.0433815050540019
-0.00903276875014708 0.0738328782408766 0.180172765817831 -0.127382471587741
0.0214535343660242 0.0645762088051427 0.0190407533683603 -0.20914676692284
0.0582999065672081 0.0460469371410774 -0.0894402227017877 -0.131237549692917
0.0682758042775877 0.00801786944050026 -0.10079335774001 -0.039938887888896
0.065202922186307 0.00228851996607454 -0.0896741173767858 0.00804271513775551
0.076858221917367 0.00410942216288501 -0.0820206175957417 0.0450646375208468
0.0840854932044203 0.0553847430630569 -0.100905820879025 0.0632039528290653
0.0334626072387031 0.0963972311127494 -0.139919320967724 0.0445371710609592
-0.017730275298869 0.116896840505371 -0.173116135326081 -0.0389942771016762
-0.10683099455206 0.0782603781205637 -0.125602419107542 -0.131711882307293
-0.172335577196125 -0.0166742383192466 -0.0340123118500354 -0.158415527207668
-0.184195218177263 -0.108942919058602 -0.0476520305241057 -0.0955332075586392
-0.149327401607268 -0.126527317855494 0.00138937106661166 -0.084771758438625
-0.171559241792372 -0.0457035568885629 0.00409705017648171 0.123197320852742
-0.124666021735302 0.0652689552984585 0.186967399008043 0.0903824474095181
-0.0331345300600793 0.129554377555404 0.205673424327479 -0.0880562096283011
0.0388415265059183 0.109532821786975 0.0548636313597967 -0.187311780597375
0.0885651997829742 0.0706180241289742 -0.0508695356620372 -0.121455962303447
0.103006332293363 0.0119522899797787 -0.0620394387070507 -0.0374600499544442
0.0920663174277262 -0.00406277763848383 -0.0525696910290493 0.00682609803992639
0.100454900094813 -0.00358089462455035 -0.0423106995578665 0.0503082627800082
0.110847086164318 0.0572340240373578 -0.0615105858786609 0.0847426033288053
0.0601376539773071 0.113645874617401 -0.11255092195604 0.0882503026491167
-0.00118128193058428 0.154139206301295 -0.173922931984546 0.0111225381718309
-0.12556903985416 0.108065866649947 -0.144847432744385 -0.0908987021253481
-0.198665185170615 -0.0209603237647041 -0.0331314990554857 -0.127623657762695
-0.198289613525442 -0.131414089409557 -0.00257475894545041 -0.0391113750281035
-0.127656289545397 -0.15890105249935 0.0498400835454822 -0.0154005744145128
-0.186342429602768 -0.0993142280252333 0.0177365700717848 0.160667171778728
-0.17117694274958 0.0426637958527242 0.173553611079009 0.139873276666282
-0.0677199983101972 0.155360030959536 0.211714983391794 -0.0296408778942747
0.0392338736326652 0.14023609450017 0.0911354039246066 -0.140159109264323
0.102835624368115 0.0888074521715443 -0.00222102528377962 -0.0981756133219882
0.121994855077581 0.0167349277390603 -0.0137338321073021 -0.0314511912336511
0.105850999692243 -0.0099570030204082 -0.0087584261784389 0.0053783568668131
0.10906461821088 -0.0123364714584968 0.00253698499036836 0.0512336419266796
0.120355410081721 0.0492179527562557 -0.0159343789203235 0.0972559827257778
0.0755906784742615 0.113060774047567 -0.0749265169033745 0.120540311399868
0.0106919617168546 0.166984702686073 -0.157492751078129 0.0533170913101677
-0.129386067847711 0.115320788469212 -0.147237526897385 -0.0505614199562082
-0.1970260756306 -0.0273745130317456 -0.0258948682971651 -0.0998127944274417
-0.182632434530331 -0.138694615695612 0.0427411533916926 0.0150416592044796
-0.0820153407828671 -0.158971066530844 0.0902904907964548 0.0636006624241945
-0.157064951927516 -0.133912325367583 0.0292716514441872 0.19327671172708
-0.178112415781533 0.00450660421245412 0.143370148359925 0.176450820296949
-0.0908365233512514 0.144528270827441 0.19278521252912 0.0301049884561255
0.0291968867916149 0.143357478657722 0.114693788359174 -0.0780455828755939
0.0972259266451672 0.0900885752838463 0.0472371288212038 -0.0646629582152729
0.11902819002007 0.0174983955729496 0.0372224171780609 -0.0239640811464045
0.102856421804929 -0.0144841847651003 0.0355756326930679 0.00259038195352593
0.103361709552 -0.0185489248908702 0.0462909135547374 0.0476506275290139
0.112511310259795 0.0366177175039225 0.0271774612483031 0.10216258103246
0.0761868491708846 0.101659138738762 -0.0383806405277938 0.139879567415021
0.0104460557726137 0.158902797810451 -0.134805243393878 0.0825475249761824
-0.126368482998869 0.100443216051889 -0.137817269270918 -0.0189980834355021
-0.172744257623235 -0.0427927078094115 -0.0163160028871935 -0.0736790507647851
-0.137571801357183 -0.135328333723803 0.0780611490496756 0.063689890498655
-0.0239908816829633 -0.1243874441198 0.115647330369439 0.133208195477532
-0.0972392315303289 -0.129833729842508 0.0375564653516855 0.21461155108467
-0.142143256857718 -0.0237472293312362 0.107864536508119 0.194657459169491
-0.0833624667218362 0.106673562036753 0.160888030229622 0.0745775720904407
0.0194553584396719 0.115229511887857 0.125380637269203 -0.0196136951631712
0.0755823907959568 0.070760215707689 0.0882195313801702 -0.032334055650409
0.0952913159247935 0.0119549117368875 0.0806671413888227 -0.0176754707647387
0.082697261113152 -0.017014833523638 0.07340234424517 -0.00131843728091407
0.083566838746967 -0.0209099969232081 0.0830747138648438 0.0426967889670122
0.0927730035247845 0.0230902202200301 0.0633283063922429 0.104881836309481
0.0671063900560926 0.0828208159541881 -0.00815687013397387 0.152364895993878
0.00277781999976781 0.136117082303839 -0.115708436990387 0.102004617254437
-0.116937480260932 0.0700489934979178 -0.126732503107682 0.00300941847558717
-0.131326936512958 -0.0587531107196011 -0.00937316346060931 -0.0506862791437387
-0.0730193637428925 -0.120210256279468 0.0973628658900611 0.103970676871933
0.037044675110572 -0.0646164448416071 0.127448153928071 0.17621191812623
-0.0239080771700907 -0.0902898527361813 0.0459276455246126 0.216075752755359
-0.0762861299450154 -0.0309310705416401 0.0832201693450402 0.198022983580022
-0.0464776933699462 0.0562026951208224 0.138232975197328 0.0995148681273442
0.0145873569517291 0.062516854386796 0.132665634545047 0.0161653311805502
0.0423849680315784 0.0353049526432603 0.115584755454877 -0.0148104670643389
0.0541077853398628 0.00260049043591917 0.108492493532396 -0.0179771247565749
0.0490825490117464 -0.0171027282994881 0.0990017185143878 -0.00574716731982246
0.0526151096286968 -0.0194322271842244 0.108454639629816 0.0374073957009597
0.0632126668438834 0.0084542850961801 0.0887905504713141 0.10704136706492
0.0529313479099741 0.0569522424496886 0.0111567424953314 0.163678121721299
-0.00620650988576209 0.0998580322232701 -0.105011345957126 0.119533220204807
-0.096650357390359 0.0327933286144933 -0.122237298659853 0.0185356188361721
-0.0764502269511354 -0.0666258082832904 -0.0103739775028715 -0.0343059536105763
0.000690827979670788 -0.0887905726391155 0.0966814735288833 0.131757785908208
-0.0524876930988187 0.040791563066884 -0.127998112285882 -0.14429172613585
0.0291624733054908 0.0547011354580849 -0.0215443612157022 0.0626953176256164
0.0538467056122739 -0.0143202778769714 0.155194827296038 -0.00981625106981077
-0.00510675910171265 -0.0533940237382777 0.134048795896299 -0.158403884837719
-0.0361052904485904 -0.0182881847160484 -0.0292556987964435 -0.213181040211613
-0.0224370539022104 0.00318128158532047 -0.134956150830499 -0.132380080360529
-0.0183502173104814 0.00848448235545436 -0.142785716352383 -0.0378598636854066
-0.0113052349252117 0.01467994945382 -0.129472569760965 0.0147390514162395
-0.00472947326262217 0.0036361898563242 -0.128352852092468 0.0364146953755719
0.00140962947414626 -0.000214789568166611 -0.140194386107596 0.0282974955692003
-0.00590071805492065 -0.00140908512610917 -0.152442289922067 -0.0174128800220074
0.0139073364876198 -0.00686319700119636 -0.151307309021275 -0.096167304863833
0.0126437011485111 0.0309837885843151 -0.0947287839001314 -0.188011913053799
-0.0464271677083861 0.0536567332007601 -0.0391231727679291 -0.23787405561423
-0.0910103375846584 0.00469941778298128 -0.123696528299499 -0.194049732960966
-0.112810506589925 -0.0119610713406323 -0.10263104751355 -0.153692972783317
-0.0496202006828559 0.0420506799085567 -0.0151033528645863 0.0716374045784033
0.00416526657675033 0.0300316743491528 0.17468621511715 0.00196856075286742
0.000331362120334312 0.0101300332324944 0.154306252691787 -0.162421351478767
-0.00456035123824235 0.02159922096041 -0.0195422041500578 -0.223758393124872
0.021180947982456 0.0224119012687677 -0.128409578655103 -0.135077704173522
0.0286089233492939 0.0050050117839465 -0.135240880603451 -0.0371726694163123
0.0316047530136083 0.00774042124074637 -0.120836293976182 0.016196231188018
0.0438858632383069 0.00509485250733255 -0.115738378956295 0.046165308879129
0.0504047032695566 0.0359898769957361 -0.132865430951258 0.0479358106592215
0.011746361753057 0.0612588400888676 -0.158193819632029 0.00923551280294149
-0.0149795331967824 0.0640909844655824 -0.170656689800981 -0.0760787410490838
-0.0638440777500986 0.0519276324393291 -0.113626382434472 -0.168976871144382
-0.125646409738343 0.00800792689781168 -0.0433729419498354 -0.205271594622454
-0.155530306217179 -0.0630996426569408 -0.0972102873916808 -0.156091885132404
-0.152558305817018 -0.0722913988287245 -0.0587890096772153 -0.137156027884802
-0.126999458677681 0.00982112458463025 -0.00507631727062999 0.0963853947525623
-0.0605002692721566 0.0641293377512217 0.195602826005616 0.0361001774591844
-0.00589600291900871 0.0798010457232723 0.18615156939003 -0.147693351501862
0.0268689708772905 0.0683558196371789 0.00688831526974971 -0.224695141287559
0.0650335884006017 0.0456729737163232 -0.103871647833503 -0.135430075132908
0.0740709757635893 0.00438829932171029 -0.10929233531858 -0.0373802994293192
0.0704030763925931 -0.000181005176064679 -0.0949884000010277 0.0143327266570658
0.0826112415135925 0.000344620567463308 -0.0848550439029224 0.0536269301248804
0.0939694686280339 0.0542667871547375 -0.104420360454374 0.073928652218517
0.0414513040070956 0.102932613961572 -0.146370931386385 0.0558038492059752
-0.0132938608375489 0.126198070992803 -0.187370360759586 -0.0311344062611889
-0.111131392528169 0.0888476320474964 -0.141204923817653 -0.134209084097248
-0.18533970593711 -0.00988337003114594 -0.0455630083076432 -0.169473640989734
-0.200726316227994 -0.107934853490776 -0.0556691742904681 -0.101564357228897
-0.163487014922188 -0.12816173034314 -0.00416028998710899 -0.0893646789414378
-0.185459340037856 -0.0406206394020068 0.00990246592567194 0.132011016217648
-0.129462932727327 0.0748873585190439 0.204137671013588 0.0860094654995525
-0.0289252456989983 0.139658501704957 0.214369824729909 -0.106262434386058
0.0473572741976915 0.114884825572847 0.0457802667492452 -0.20300730662092
0.0994854020807452 0.0700382158740085 -0.0620350189946116 -0.126564071768838
0.111236954057573 0.00695243102673263 -0.0682309238090626 -0.036860593816219
0.0988015290374185 -0.009174270386193 -0.0559765328420384 0.0111632803663371
0.107099634465519 -0.00901698452453736 -0.0415975851107825 0.0565786148162963
0.122860580500941 0.0545627518991869 -0.0606841740483427 0.0946902938090659
0.0712124424193382 0.119390961803233 -0.115347142831694 0.101915330706403
0.00670812529971669 0.16551834004963 -0.185949744505978 0.0227379863337077
-0.129352790841591 0.121736850250693 -0.159275981238672 -0.0889442052526289
-0.213983875425194 -0.0128861185969591 -0.0436791661605173 -0.136218670475227
-0.217645215409079 -0.130955929245236 -0.00512607792257372 -0.0439004653466077
-0.142083815633827 -0.164006488060584 0.0509698554104684 -0.0178760695550146
-0.204521837728198 -0.0973299255892975 0.0261896205452098 0.171409663222736
-0.180739649635412 0.052979549080838 0.193263191929608 0.139794922728834
-0.0640292295158237 0.168720332749157 0.223463989245666 -0.0440300871177137
0.0502093692263056 0.147427672550443 0.0863955468145781 -0.154540488267372
0.115474178809109 0.0883218118635296 -0.00843337493185907 -0.104392924069191
0.131782828672916 0.0100367454135587 -0.0153460316070437 -0.0330354759919731
0.112963747068121 -0.0164655988197484 -0.00918100451170475 0.0060900481776074
0.115690825541414 -0.0188971585532657 0.00626830867661802 0.0544909174927504
0.131999866552672 0.0455323748431453 -0.0110959265412343 0.105778264715075
0.0875644208932036 0.117966773145011 -0.0722405479878546 0.134579250832448
0.021560582737344 0.177533888918564 -0.166035591571229 0.0669935606962856
-0.132466723508521 0.130442154738368 -0.159715146908981 -0.0454175989608839
-0.212794308837004 -0.0196656038748379 -0.0338978327123005 -0.105774353300454
-0.200938252612619 -0.14017911884475 0.0459939419246795 0.0110923652387209
-0.0942982708362251 -0.165897021314373 0.0975801472963034 0.0641685989352166
-0.175543222142103 -0.134787671223204 0.0402793206952983 0.206117813546159
-0.190068236976896 0.0131758757954599 0.16191671406782 0.180903021283726
-0.0888629248559477 0.158605304793743 0.20682692874854 0.0209051046125289
0.0391468582505015 0.151423010575151 0.114561511302409 -0.0890980895121345
0.109361661410995 0.0898131807637633 0.0459749406980337 -0.0716181562643468
0.128413890109562 0.0109238202410932 0.0388430732856016 -0.0281917770016764
0.10899442861625 -0.0210682452831576 0.0376881374120046 0.000350295772310281
0.108463124456791 -0.0255000373488048 0.0530143924878203 0.0484247060850894
0.122475577033032 0.0324287590164531 0.0355469186387778 0.10828918320221
0.0872550008843174 0.104913624717286 -0.0316377793773947 0.153146938705528
0.0209144411066725 0.168584038435877 -0.139671902092312 0.0976279384106684
-0.12963540832373 0.11449239564856 -0.148394831849918 -0.0116602451451521
-0.187211776208879 -0.0369471524852182 -0.0222041164167779 -0.078477053735951
-0.153158750668132 -0.138148695895299 0.0864005216632515 0.060698657758615
-0.0314827020153 -0.132109460416044 0.128868178193592 0.137378854725913
-0.111435930721441 -0.133685854473031 0.0504884863792158 0.227570337016736
-0.1535158527841 -0.0181847605249715 0.125376954948293 0.202992121977221
-0.0829939237936991 0.117964931581503 0.175293589390463 0.0708123959995595
0.0275584538852595 0.121406755090045 0.130101735096199 -0.0278492231441653
0.0848157102510448 0.0702178788717127 0.0920358717000397 -0.0391346381070847
0.102172983833807 0.00648503898092139 0.0856776989335305 -0.025011226133311
0.087234330953183 -0.0228386832610644 0.078053802108693 -0.00613879197018576
0.0871767797669888 -0.0266940842170954 0.0916753201793455 0.0408320139392392
0.0997959320977293 0.0195603260941723 0.0750653329844559 0.108993664167293
0.076399126626647 0.0842770074627598 0.00108076155319469 0.165232361010591
0.0115559242127617 0.144126913977054 -0.11850323505924 0.116797851217907
-0.121056543323301 0.0817334988387314 -0.13518165563001 0.0118748143289356
-0.144098511728692 -0.0556134526128131 -0.0129086881221294 -0.0543867590001515
-0.0832806494574644 -0.124612739303402 0.109322326851524 0.102761881840164
0.0360338031721144 -0.0717871461996044 0.143076935789719 0.1831150110757
-0.0305811830892756 -0.0951885118440309 0.0588405423698727 0.229344111504936
-0.0829040287427981 -0.0285127392816669 0.0993371144607515 0.208409437341183
-0.0464393352665879 0.0617517160485054 0.152179668485545 0.0984976855999143
0.0197905769123084 0.0652134180088906 0.140387725479319 0.00973058646717226
0.0475433107819973 0.0343121074232047 0.122800725249258 -0.0226303500252551
0.0578616468073205 -0.00148699794530412 0.115064478659556 -0.0271202374747852
0.0508751733372093 -0.0206305583767518 0.104932715280185 -0.0124260445043718
0.0543842898222534 -0.0236583719688949 0.118187874814487 0.0337079801168379
0.0671143212090019 0.00549761161374428 0.101950227838744 0.110378020580655
0.0588368189785405 0.0575514196513885 0.0220432374514904 0.175908423392076
-0.000349770415246061 0.106374640442182 -0.105832012628749 0.134297979261369
-0.101097804772616 0.0407537380942068 -0.129890094271167 0.0273398931125599
-0.0852815457264853 -0.0668288536952473 -0.0131572657939339 -0.0368204291064971
-0.00332162126143915 -0.0952350351839311 0.109882389074678 0.133193709603333
-0.0684475951660315 0.0156694372669651 -0.0549045423357512 -0.193671390921024
0.00494968211018965 0.0637984927715383 -0.0480721640247628 0.048056346870487
0.0555063522020225 0.00817002261358102 0.150202632922141 0.0586438311390077
0.0149352059675589 -0.0512866326111645 0.196843954766609 -0.0924196353037457
-0.0287770268020263 -0.0307722014972187 0.0655933735375684 -0.214217022560657
-0.0246072816161796 -0.00553057080674808 -0.0687645451401986 -0.185306747762659
-0.0229066613510263 0.000688940839331987 -0.117458200167361 -0.0995709698096398
-0.0173499328809253 0.0101710205390399 -0.128081325761178 -0.0419913986889297
-0.00621526820146479 0.0023479595695856 -0.136585284204627 -0.0205673921756624
0.000623053972172742 0.00197588125729633 -0.143763943755333 -0.034590680297956
-0.00643992252719182 -0.00263042289510992 -0.135162036230277 -0.0843488659183566
0.0116221295242441 -0.000923464605849796 -0.096622536896073 -0.15785952478345
-0.00410446567338165 0.0311809703699255 -0.00189744669642051 -0.221071506018974
-0.0671432889993861 0.0265763502345791 0.0734895420494863 -0.247603625504171
-0.0878363160980782 -0.0362480421060205 -0.0200380346155616 -0.245321070379064
-0.100157604969632 -0.0614213556562744 -0.0282323922085465 -0.189404684749716
-0.0645859041792681 0.0165216337584279 -0.0449886412942524 0.0613046848023129
-0.0114843759189063 0.0272470566051687 0.165317173991151 0.079052450671029
-0.00787088861256374 0.00949078820712255 0.219666482438844 -0.0871503126550057
-0.0172693344350223 0.0208928183376504 0.0812654318514157 -0.220902380583701
0.00878904837484423 0.0318487284875486 -0.0602146451947055 -0.186170827225116
0.023281943868296 0.0181213006159341 -0.110360975227595 -0.0961941681440914
0.0273073474845519 0.0229283292452224 -0.119950553442384 -0.0366215812681262
0.0393906265332656 0.0251722336789396 -0.129066787637555 -0.00630980864386504
0.0324944260500126 0.0575420399853196 -0.145379102717647 -0.0115637073262719
-0.0167549615849171 0.0655964198795779 -0.1537102019112 -0.0600930810319524
-0.0461270262535225 0.0529245166231178 -0.127113959552774 -0.146749299915177
-0.085489942562427 0.0165707954184212 -0.0305743646518373 -0.213020126481292
-0.121965808256169 -0.0523056709402673 0.056396753025897 -0.220336378183054
-0.117854908666203 -0.128529276928536 -0.0124352842454583 -0.19662030045819
-0.110179628919622 -0.136938685234954 0.00386626844007453 -0.152018758121719
-0.123656497449557 -0.0491440452331441 -0.0456492744664452 0.091683300877263
-0.0875363373946054 0.029540721697765 0.170992872847505 0.121593418151956
-0.0443461085753709 0.0711230269935383 0.24432553160628 -0.0575420230121505
-0.00943110205947226 0.0780350540647732 0.109003983110539 -0.210762040677921
0.0401805737596031 0.0735290725755387 -0.0362951143704264 -0.177228405938151
0.067534491056114 0.0377441442642478 -0.0853028167620163 -0.0852090075892554
0.0673525975672059 0.0324843321612437 -0.09493644186467 -0.0277117311976541
0.0783105421499697 0.0378785301215823 -0.102442623080181 0.0144276591282163
0.0662359114197936 0.0937637253598153 -0.129730728493494 0.0261210889200144
-0.0067160026771132 0.118564852103824 -0.164390580976177 -0.00913817787124111
-0.0710864880734295 0.113123795264116 -0.165454818955452 -0.110473214856793
-0.147422376245154 0.0300293761903382 -0.0738669435544751 -0.193503885782354
-0.170033967951283 -0.0955014703824455 0.0383521939513313 -0.188849195344687
-0.14031456275839 -0.190949800895301 0.00141643239642224 -0.126372908482069
-0.0948454536494285 -0.195446728758048 0.0314533181377377 -0.0822432172086797
-0.15633635007169 -0.124287707329524 -0.0469932778361995 0.13471035787276
-0.157362946516739 0.00806592566382103 0.158157267220415 0.174966174115108
-0.091975030068711 0.116384553595089 0.255081031521442 -0.00469006501942341
-0.00992818887749816 0.13027986099554 0.137383709346945 -0.173654868458705
0.0624335799945579 0.110822139866534 -0.000180809475202813 -0.150642077782916
0.103169188703937 0.0557383991426015 -0.046527299628112 -0.0664919750489186
0.0986299370962424 0.0368172440118668 -0.0565269878748744 -0.0143685763415333
0.105624561337581 0.0394064654453126 -0.0634354045626728 0.0368681571435448
0.0940499915092324 0.105992895140741 -0.0982113231537659 0.0657621923550987
0.0146700342058047 0.147347855957223 -0.154724121631541 0.0495393745373576
-0.0690841362497529 0.159227705143719 -0.188559497362983 -0.0574369573204993
-0.17975309491688 0.0536566880642551 -0.113849346725779 -0.158444868817653
-0.196609250115826 -0.110980143305862 0.0244689746917208 -0.155733066549104
-0.145596454355661 -0.220040481716311 0.0215160294108634 -0.0477294647779992
-0.0579481969346774 -0.220890041317118 0.0498406502576097 0.0104963297755657
-0.149095931445284 -0.18675533823413 -0.0507812823614728 0.180775390671635
-0.195665875597203 -0.0358923909015557 0.122481422137393 0.222646700088183
-0.137316698873965 0.127979979297442 0.236162700658724 0.0595009219264398
-0.021938844333552 0.16120256049325 0.155098006440426 -0.10961437960776
0.0701331210094133 0.134619975681482 0.0403504946519329 -0.105707432330132
0.12109725286712 0.0675063565993188 0.00166213097025529 -0.0399658029577578
0.115915470028307 0.0358330825701906 -0.0108481592842924 0.00117619008939736
0.117688121490728 0.0336801082594805 -0.0167895023421079 0.0553461134564796
0.106472331513468 0.100710361240849 -0.0559611137981042 0.09735473024368
0.031854973144309 0.152675202581122 -0.128491880319329 0.100437675630082
-0.0592897945726258 0.177117539537381 -0.190729089766156 -0.00602430073474075
-0.186370558461417 0.0614465286711498 -0.135158195387862 -0.117490782850558
-0.19278974635588 -0.115433446974786 0.0197602371548543 -0.122547550210945
-0.125680641882023 -0.221212327594731 0.0422228193857651 0.0291063442328487
-0.0117782004657276 -0.202911430201591 0.0562990188670978 0.108413792876092
-0.10509492182415 -0.21110119352727 -0.0544485727934381 0.220001014724471
-0.186437680732661 -0.0779489649802859 0.0738839372969793 0.248611031234946
-0.154327775987808 0.106667741996227 0.19023355138974 0.114379028137759
-0.0325758836269032 0.159133687227606 0.152607702109656 -0.0347541659415824
0.0638611507044664 0.132648599304018 0.0772230318296847 -0.049828996248683
0.118766957549943 0.0658920270531735 0.0505911345461349 -0.0111809381412036
0.11337886243395 0.0290589769336417 0.0359181107976711 0.0163667447780296
0.113413404562018 0.0232673234795548 0.0291036534569766 0.0693746979505669
0.103425461846763 0.0835411092172818 -0.0131235205523014 0.119848054516482
0.0380846996051842 0.139350528521272 -0.0979974350975837 0.135194619605957
-0.0542498151554924 0.169143006243106 -0.179563218644147 0.0341334114974887
-0.176021495790694 0.0486334521941637 -0.139060610519293 -0.0798825052432963
-0.160614055962829 -0.11903068127911 0.0181958601312346 -0.0899093582336966
-0.0822984761618909 -0.198256437037159 0.0555794260226218 0.0956765687918323
0.0319771194360531 -0.143510269385638 0.0529191224510099 0.191400700664643
-0.044795000106162 -0.181048663644483 -0.0565219688540566 0.244318257448225
-0.137045329687027 -0.0907446353016582 0.0272871168568243 0.252269037321146
-0.130093482360351 0.0709322866451768 0.136270116195353 0.147147968833267
-0.0287412227521567 0.124558225563672 0.138652656205972 0.0307168713344987
0.0495173667951725 0.102619785294576 0.106031585124271 0.00229621316259951
0.0951946559026157 0.0501815364116667 0.0930089463169137 0.0128398878656647
0.0932457813942225 0.0172098120353239 0.0762274102329434 0.0273201735641952
0.0939254835495133 0.0121461942017537 0.0686347235646999 0.0783304014260558
0.0867268340136549 0.0609261570540764 0.0235061423446716 0.136261591578359
0.0368512373537937 0.114312791874643 -0.0722986779469883 0.160747197137586
-0.052524154588874 0.141893565445212 -0.167899615248201 0.0617180471398473
-0.15260832024657 0.0223653632566776 -0.136514674656647 -0.0519077544965383
-0.110985761416553 -0.117054314453006 0.0155331969930844 -0.0613274871289698
-0.0222950413642569 -0.154860889941262 0.0560237178531462 0.146987301977728
0.0673820422040349 -0.0564317447156367 0.0489148914151 0.239190333142127
0.0144932699200098 -0.10770364297034 -0.0501585066932277 0.24746040779058
-0.0651542423958229 -0.0677911326248506 -0.000430418218496267 0.244182123799354
-0.0702361040688666 0.0346187891597428 0.100643977812645 0.161892714788103
-0.0106188139303737 0.0671314441982575 0.129609990947814 0.0712744589038561
0.0296330958782568 0.051405679919928 0.126749365983927 0.0332172897106979
0.0560279634810879 0.0229711317366922 0.121009855639461 0.0240562772490322
0.0575640223357088 0.00274599653417992 0.103294036205409 0.033106658052875
0.0613120243155954 0.00108410283473032 0.0964735638078313 0.0824909066542346
0.0614504914504089 0.0336814937907006 0.048335617475482 0.148421988751245
0.0323721989395721 0.080527787881093 -0.0568686053280009 0.178688847943319
-0.0461682998517094 0.1016779481652 -0.163525427908351 0.082244983306486
-0.114971952543248 -0.00605136513867043 -0.137878169291477 -0.0350056152914875
-0.050344591133452 -0.101073042641301 0.00774117509650837 -0.0432914390433527
0.039725278242463 -0.091224814458598 0.0409721724369315 0.176783560608041
-0.0686191655577305 0.0184995610463686 -0.0674320497006092 -0.193416046911152
0.00953739906398852 0.0640530263112386 -0.0464586479815459 0.0521695958495411
0.0553471528659432 0.00388626742287199 0.156945095584288 0.0491150082129502
0.0110387458203118 -0.0526229133308311 0.194139518276859 -0.108245407476921
-0.0314365341798372 -0.0286693824431818 0.0521922603258032 -0.222644932896329
-0.0257687885834517 -0.00338979388923265 -0.0836442520954422 -0.183990592984279
-0.0230061979695826 0.00310368589965724 -0.126860859064665 -0.0938886282008924
-0.0160436310159677 0.0119224403416046 -0.133317320100766 -0.0333290241713631
-0.00556341615149198 0.00319188932192971 -0.140845736015133 -0.0115376719754729
0.000493348850621766 0.00244467853920082 -0.149424996787087 -0.0256222632633367
-0.0074860011443326 -0.000791792937871427 -0.143085863404263 -0.0778307915426447
0.0105778756613279 -0.00176932395002842 -0.107372484076771 -0.154224779048178
-0.00328017814347567 0.0313535703555212 -0.0146164220045092 -0.226260429978994
-0.0650613388959351 0.0315066586867801 0.0591998788055225 -0.258651849148418
-0.0904015279898447 -0.0313186895458971 -0.0345357432640391 -0.248489073160151
-0.104842092453976 -0.0576013323567529 -0.0408029376595107 -0.190250711104195
-0.0635616538720859 0.020457992322355 -0.04288223938424 0.0652107868492018
-0.0100618858733135 0.0272936570702127 0.173723464830721 0.0684114450467001
-0.00803243163187068 0.0108138277312087 0.217642814529934 -0.104223488703301
-0.0170689294763416 0.0230363333059615 0.0669904949963457 -0.229901005936571
0.0108546681017531 0.0323050505573331 -0.07519715974787 -0.185656014125836
0.0253657491052951 0.0175515584866327 -0.118003251823009 -0.0905945519425893
0.0294766713158362 0.0223393745509671 -0.124432682256734 -0.0292294364588425
0.0421952669203905 0.0233142463956599 -0.131334836850467 0.00328373850944711
0.0375204715684552 0.0570586005049837 -0.149543502775567 -0.00203255914052516
-0.0134257244928283 0.0698357089415145 -0.16113923812392 -0.0513825175454515
-0.0448147890253663 0.0570998130826408 -0.138452631047683 -0.141194919839167
-0.0874492258707143 0.0208377573854627 -0.0434667395449531 -0.216429561681275
-0.126411944564664 -0.0459682729931939 0.0432756133595805 -0.230042156861462
-0.126212022421531 -0.123398349895887 -0.0242475456832719 -0.200171422845029
-0.118427442212022 -0.132993824649471 -0.00688432490750767 -0.154337499863808
-0.128154556755747 -0.0432710244779687 -0.0418110050547324 0.0961954292686076
-0.0870046765876504 0.03418858190619 0.181671487677197 0.111762309039108
-0.0406785539705141 0.0752756752460098 0.24524297716778 -0.0758091922438717
-0.00489427185999674 0.0808450030547478 0.0946443618221244 -0.221170952665016
0.0455921692010541 0.0718927641783104 -0.0498248244641197 -0.177623927917325
0.0717339096967262 0.0336909821401167 -0.091768124418377 -0.0811798925524932
0.071316549742229 0.0295684805087063 -0.0981580573319419 -0.0210781990040141
0.0828385660988623 0.0337169643533081 -0.103384742926527 0.0221742324755702
0.0747547320247371 0.0913672496082898 -0.131125386668707 0.0357146632445525
0.000724560294794415 0.123249238824232 -0.168206454517035 0.00164879305611505
-0.0657523364759277 0.119864174176315 -0.175959978660246 -0.101075657300832
-0.149754858654733 0.038862607490466 -0.0869053272888148 -0.192613000098362
-0.17903626555112 -0.0872870035923129 0.0262260650169119 -0.196291772810996
-0.152337880951677 -0.186299154807554 -0.00624095220318875 -0.130516921191003
-0.106016257423146 -0.194180670598118 0.0253262723160521 -0.0851855615004395
-0.166727503743924 -0.116942006960124 -0.041322489120181 0.140099211250184
-0.159194275531067 0.0164850723166868 0.171398014963647 0.167116470817497
-0.0857345140197948 0.123987649067573 0.258881894522894 -0.0218819577613163
-0.00214550047340654 0.13352095203534 0.125541213483266 -0.184754828190042
0.0713705180642892 0.108522903691121 -0.0116719962761241 -0.152806988172456
0.108533781984577 0.0491771769880801 -0.0510354150392021 -0.0648164914537881
0.103351459510916 0.0310741521271229 -0.0590632584168681 -0.00984520207217093
0.110062195242726 0.033159799652 -0.0615694857798628 0.0420143644796891
0.103686080095991 0.102083317722931 -0.0954442138503075 0.0742029852417823
0.0254568005948827 0.150979106429123 -0.153912781941905 0.0617588569425092
-0.0596832238006081 0.166329156365563 -0.196987051618808 -0.0448250600837395
-0.180231032981806 0.0652216107477409 -0.125322559797347 -0.153866921349926
-0.207317547627795 -0.101482228278127 0.0145208054762221 -0.162039496529887
-0.160294427329148 -0.215500057042615 0.0192446459454535 -0.052529410321395
-0.0705403614735172 -0.222108693367797 0.049274148392089 0.00840824477034406
-0.163773617628226 -0.181520945137202 -0.0423789218582481 0.187102228721138
-0.200819290240674 -0.0257493486625315 0.13850230244502 0.217883892649502
-0.131267312244924 0.138486318433722 0.243475692415185 0.0449372624858278
-0.0117241586545161 0.165733286409117 0.147339727366396 -0.120896914430392
0.0808223667396359 0.131764276203626 0.0330284713609378 -0.109630943445782
0.127902317080552 0.0594511204386807 0.000223267782246751 -0.0410995052738102
0.119944076581733 0.028993966952255 -0.0113435947765961 0.00279951165248188
0.121593564963629 0.0260737871623254 -0.0131322120583616 0.0576854491415195
0.115612126529985 0.0952200282791624 -0.0502359560401248 0.103885268340329
0.0427378388265692 0.154519452344952 -0.123784902134007 0.111694216684411
-0.048233864091776 0.184031471262571 -0.19619115625976 0.00805914795230076
-0.186546588058933 0.0743121507783847 -0.144423935883276 -0.109753644148671
-0.203955212695188 -0.106666407458298 0.011383860376377 -0.126965494755568
-0.140742728839182 -0.217501196355455 0.0451608522133272 0.0240689466940538
-0.0231518038767112 -0.206810744827456 0.0620081725686826 0.107722777649429
-0.120586356588042 -0.208724291443679 -0.0439667509609668 0.227670839598609
-0.19422479786464 -0.0685720069233084 0.0897919934687826 0.24838832632595
-0.150527810871668 0.117875918861837 0.199389810572918 0.103777223770671
-0.0227378556179712 0.163527070216164 0.149504590963363 -0.0442985915305154
0.0742799701507986 0.129924269941589 0.0748749233068031 -0.0546094876490072
0.125443041321477 0.057788264232117 0.0516280040486844 -0.0152884973707208
0.117012229342245 0.0215745815114578 0.0370726909980355 0.0141599637369505
0.116345411333117 0.0159694881673007 0.034379728994082 0.0690061483761343
0.110609969306238 0.0784244072327669 -0.00480782767782732 0.123916256767824
0.048095517228127 0.140045051412309 -0.0903404043069792 0.146245618796188
-0.0435021035575989 0.175023798361616 -0.18199514399264 0.0482491622167148
-0.176108898679335 0.0608948874306847 -0.146325549788263 -0.0710146214601594
-0.171047653654959 -0.111846467709182 0.0124637887119737 -0.0937476408505216
-0.0948820940593215 -0.197233321773591 0.063135766032376 0.0911167326862549
0.0244340220594098 -0.148858202947912 0.063885456147188 0.191402414245353
-0.0574852610721823 -0.181971057984547 -0.0443948100234246 0.251624684395304
-0.145163771436356 -0.0834065542542309 0.0424581213831789 0.255217171460295
-0.127487552602567 0.0803035011849679 0.146604742040825 0.141010689969024
-0.0204923364105286 0.128124292425996 0.139083845466341 0.0233757340912233
0.0573704159830926 0.100205820795709 0.107543599931427 -0.00360160029331601
0.0998080753539398 0.0429446951873429 0.0959074719932233 0.00607465921402431
0.0952572088656606 0.01098199089278 0.0788908146425325 0.0223890152769324
0.0952153574660668 0.0060643544795225 0.0750670268348525 0.0753025899557222
0.0918141301949493 0.0558848625498691 0.0334777144177701 0.138091067003045
0.0449219614081796 0.114034561042776 -0.0623449218749915 0.169280939606734
-0.0421570358953372 0.14689227823803 -0.168673804402133 0.0756801571477339
-0.153820827971154 0.0329973412419547 -0.142343667097541 -0.0429944073117701
-0.120437751608488 -0.112235662223524 0.0115434596965191 -0.0646196978494458
-0.0318711961670281 -0.155881522774885 0.0666950822897492 0.14327986561213
0.0652286576566738 -0.0619901499278739 0.061976395155849 0.240763736217135
0.00757471170187297 -0.110516412349749 -0.0373083867591232 0.254980896722506
-0.0710085437280693 -0.0638750804513205 0.0144769494468918 0.249095565399697
-0.0687058366113691 0.0394889378595755 0.111301323560297 0.158328911296077
-0.00554518331791592 0.0683579392092834 0.133716731233742 0.0646643892175872
0.0334523968753474 0.0498933423251418 0.131052855216764 0.0255164465285061
0.0580241102508228 0.0183284459913343 0.125026758609949 0.0159629357705098
0.0579465495303832 -0.00110692443497501 0.106898707307098 0.0260739126364776
0.0615237988532736 -0.00307538898748856 0.102990099002811 0.0775379140142702
0.0640170444094576 0.03028264482975 0.0593033293049859 0.147644245882588
0.0385598841322586 0.0788310620266655 -0.0457462767971769 0.187372695194566
-0.0389574067736253 0.106099320427937 -0.16240687720269 0.0954976549261675
-0.117045358366903 0.00165462886180424 -0.142783479400217 -0.0258334931450057
-0.0576207052390051 -0.0995256841421518 0.00440198964024858 -0.04631670743381
0.0350480748381624 -0.0953290285247303 0.0527484614163387 0.174151760552037
-0.068754996381878 0.0201662491954383 -0.0766369339847597 -0.191314960308627
0.0126361265457907 0.0640070109609679 -0.0455004508608631 0.0545882047661591
0.0551560048667697 0.00102581419752818 0.160501994456132 0.040520942630382
0.00804931431953387 -0.0530440138239333 0.19082906629372 -0.119845621725197
-0.0337857034028871 -0.0263238466720997 0.0417611825794167 -0.227155245554131
-0.0265911733653753 -0.0013899638927042 -0.0948496238612235 -0.180678415986485
-0.0225517264167181 0.00545818038386174 -0.132677235382249 -0.0882435819918474
-0.0148834240444658 0.0139992611983717 -0.135482180050418 -0.0271781666202327
-0.00484786062035076 0.00401426529221328 -0.143226428693312 -0.00389511520648315
0.000871459626025376 0.00291441821518977 -0.152243899418265 -0.0185731779557452
-0.00763680815928574 0.000640534408402592 -0.148011686791663 -0.0724487431503456
0.00932828207868646 -0.00207251137860769 -0.114273738672637 -0.150009183550843
-0.00280389649611331 0.0312566742668469 -0.0236472589074482 -0.228386152241281
-0.0631073457330017 0.0341418524971905 0.047950817455097 -0.265109687782284
-0.0912169280470541 -0.0275718579210347 -0.0453773989775024 -0.24957436192423
-0.107732623284017 -0.0547775740988517 -0.0495532672468558 -0.189114190922153
-0.0629902701218049 0.0228871522579534 -0.0415535080278299 0.0678543523791228
-0.00954319788065881 0.0268902006284161 0.177778117341571 0.0598025552751012
-0.00786782472697153 0.0118391914279719 0.214404117209327 -0.116576842977098
-0.0164734569341034 0.0252278020737515 0.0555875731082042 -0.235062057500339
0.0124193500011369 0.0327816271038222 -0.0862235556348387 -0.183167835665433
0.0271108408490987 0.0170033645933747 -0.123485889843045 -0.0859389469118076
0.0318962865900536 0.0219253520345943 -0.126151589784155 -0.0226846317620031
0.0441858083778169 0.0217164651565501 -0.132489310716684 0.00968637044132452
0.040856314015618 0.05610954972775 -0.151440938013959 0.00592770889293559
-0.0104685074673787 0.0727122852697017 -0.16494506352525 -0.0443343494553782
-0.0439071618443771 0.0602411770287761 -0.145808019261359 -0.135250820207997
-0.0884048974505804 0.0244484568274092 -0.0521237993178581 -0.216754279617435
-0.128704833772597 -0.0410695925772163 0.0325681179460741 -0.235636246920812
-0.130936163370359 -0.118952304654346 -0.0324682010253157 -0.202393253927423
-0.123631018326217 -0.13036036195713 -0.0146020844364944 -0.154125797743616
-0.13066497362393 -0.0380337848171917 -0.0392000434152302 0.0991610526321466
-0.0861266274803449 0.0369292247225007 0.187487748162372 0.103354130300319
-0.0372572165904565 0.0779025691472218 0.243141333695948 -0.0886988382062866
-0.00145407551904494 0.0823440681006611 0.0830789254385849 -0.226715077282819
0.0494800910013566 0.0706322086535052 -0.0600485790591136 -0.175728978717017
0.0742416834451131 0.0306432278251822 -0.0963389052710192 -0.0777735711287516
0.0739345107561082 0.0265310014737518 -0.10009301682877 -0.0159361408776245
0.0850792366166024 0.0304396638530058 -0.102654322968 0.0282799187650513
0.0807244103241569 0.0888040040828511 -0.131003432632516 0.0434904499927086
0.00707090093751948 0.1265502785568 -0.169878577327434 0.0101441605250317
-0.0615082944646087 0.124150068286023 -0.182356878547406 -0.0930182053408376
-0.150605061947983 0.0458294001504616 -0.0953242763694348 -0.190898712397586
-0.18471337627375 -0.0808494735912652 0.0166503136938259 -0.201075104861641
-0.160012610576229 -0.18129204984893 -0.0118755305688011 -0.133481454603236
-0.113174240007962 -0.192020886640975 0.0199456292114627 -0.0853516382980443
-0.173493705386843 -0.110593855621016 -0.0373538965749402 0.143631053208742
-0.158911351393232 0.0220572246955683 0.180152744053323 0.159791687703179
-0.0803567661024829 0.128442902382551 0.258836135696857 -0.0352318012168933
0.00387216749351886 0.135045923389484 0.115103535420948 -0.191323025856396
0.0776253729063939 0.105373358695641 -0.0203280599879129 -0.152379595698839
0.111757698900392 0.0438104704564929 -0.0536764717392885 -0.062559228727535
0.105339168337916 0.0266473475018889 -0.0595023883837857 -0.00641725964992587
0.113000876201879 0.0281233282097009 -0.0595146513897831 0.0460933650007243
0.110390300315878 0.0979703592250642 -0.0923795107326793 0.0806919888759973
0.0327232846001162 0.152898320931371 -0.152313256253914 0.0706198365596643
-0.052953637224253 0.171099382195376 -0.202014871870944 -0.0345358566821924
-0.180518920111213 0.0738192484794771 -0.132653826696318 -0.149493286615772
-0.214451773030677 -0.0942952402700187 0.00661573770209891 -0.16512265871318
-0.169318897021875 -0.210560608434588 0.0170456606341861 -0.0562536102224778
-0.0786819156161011 -0.222137932610811 0.0482847077523385 0.00720829037604056
-0.173691739020947 -0.176025954342094 -0.0369991828522779 0.190919713461269
-0.203242649583647 -0.0185679477865866 0.147812622209265 0.213705062892168
-0.125189327383538 0.145165089877616 0.246063297444368 0.0333817578798037
-0.00396082160158368 0.167649301972613 0.139366235136197 -0.12745653664453
0.0881946102729879 0.128224886455872 0.0272056692421455 -0.110719091925443
0.131937042035035 0.0526042248893093 -0.0010979223405634 -0.0418052928537045
0.121766101795855 0.0235153097221667 -0.0109289670933644 0.00369753870220757
0.12363199282872 0.0207491556937433 -0.00966787990538989 0.0596680156955137
0.121691993657115 0.0904384625076854 -0.0454252975998152 0.108141051685151
0.0512598016382944 0.155126079966124 -0.119384408515184 0.119956948378522
-0.0393586032584689 0.187298309940314 -0.198263789198319 0.019208943353025
-0.185408282252398 0.0832460314638766 -0.149865934258569 -0.103160934221957
-0.210747740836711 -0.0988934678847911 0.00467048153288508 -0.129309209695283
-0.150428666635849 -0.213601129804414 0.0466329009078393 0.0194313603600763
-0.0309322321748525 -0.208000852554959 0.0649865896377302 0.106745857915328
-0.131294785097462 -0.20506979889799 -0.0368725403283452 0.231476714956323
-0.198858468899003 -0.0616228568583185 0.10034056703746 0.246458465558631
-0.145773476718247 0.125029425394644 0.204681446561109 0.0949781140633718
-0.0144909226109248 0.165800049902401 0.144738494772643 -0.0501648288390531
0.0814744155037958 0.126627947324962 0.0722159699682729 -0.0571100028262284
0.128437317636757 0.05109105390013 0.0523334529662811 -0.0186812815888834
0.11857427307399 0.016159925754562 0.0381018621001453 0.0129107005948861
0.11736069953034 0.0104751202945046 0.038600989633769 0.0681137576349179
0.11499317348358 0.072739099014659 0.00147098601523201 0.126260776010323
0.0558018377869964 0.139349986242501 -0.0836735265239151 0.153493112713129
-0.0339131815637572 0.177774604417511 -0.182584604601304 0.0594290071453381
-0.174490964182414 0.0700074124714126 -0.15033003805956 -0.0634938512006732
-0.178364983299214 -0.10511542824682 0.00698631741850614 -0.095504536981908
-0.103625198011216 -0.194529587447314 0.0675705615040116 0.0861087204048342
0.0183475448421012 -0.151520850873774 0.0709389793859066 0.191264336325438
-0.0669132852763128 -0.181001624019808 -0.0359036342412617 0.256552378517127
-0.150224502995958 -0.0778320254585239 0.053823434041101 0.255884153871507
-0.124371533391497 0.0863698225007351 0.152610828122811 0.135029428035676
-0.0142257435742045 0.129747984169496 0.138556900468048 0.0186691863724205
0.0627653451977888 0.0975056110337012 0.108209627996864 -0.00781653971498712
0.102037371471612 0.0374884070785654 0.0976503186396524 0.000916417792274393
0.0957050278199932 0.00634114556545485 0.0797698172557486 0.0188993393104577
0.095844639293424 0.00132615443812259 0.0795765356345677 0.0725804051768895
0.0947902970032605 0.0512774705678851 0.0406179648399757 0.138098899963012
0.0512306283664469 0.112214380687092 -0.0545907100970564 0.175502807364539
-0.0338633836360659 0.14933308185498 -0.167105861835457 0.0862072991155908
-0.153023495965026 0.0409354158125125 -0.145197646937142 -0.0355752626620949
-0.126617324564216 -0.107423900042546 0.00756534155239051 -0.0668748001590396
-0.0380948879230509 -0.155786478341545 0.0733961840615639 0.137936441661069
0.062128312195511 -0.0663957629648453 0.0710076709863927 0.240764939383323
0.0024184032617559 -0.111685497362451 -0.0289368806321484 0.259937475651429
-0.0741432172534123 -0.0611400183944136 0.0250911059437624 0.251703420589521
-0.0669287650365973 0.0427357131621935 0.118531065470015 0.154539253558035
-0.00139164870595036 0.0680644402876863 0.135625280374021 0.0599329781548961
0.0358041956077045 0.0479256955134438 0.133642037200415 0.0205327169966914
0.0584273954859644 0.0147969132198434 0.126860782827841 0.00908884650843548
0.0574156067674876 -0.00388279488433175 0.108203379822151 0.0206696289224157
0.0608514282388829 -0.00643065487587917 0.106946062536139 0.0734145915309297
0.0652723562271262 0.0268791409039248 0.0674596787528672 0.14708432018135
0.0424207018597052 0.076549549676163 -0.0365443234526162 0.192151525899053
-0.0324944062609142 0.10765154109251 -0.159557241321263 0.105869812682443
-0.117101529986223 0.00764418378312708 -0.145017904845286 -0.0179865897495101
-0.0618649779117085 -0.0971250152479133 0.00189592019252776 -0.0481166131811582
0.0313385931140739 -0.0973106746547532 0.0611315710759653 0.170368578298216
-0.0698955091366092 0.0218527219764776 -0.0834012973383299 -0.191490459151445
0.0152921326483713 0.0642390714397479 -0.0450853953437886 0.0577852158001835
0.0547256801702488 -0.000741607405729147 0.163503082521079 0.0357464328075821
0.00549806253484891 -0.0529504838559622 0.18886837986487 -0.128928117774429
-0.0357827364166169 -0.0243011594978023 0.0343345610048244 -0.23159223775955
-0.0269091027726907 0.00078478716621264 -0.103903257170078 -0.179230809740766
-0.0224066975651159 0.00788362859538339 -0.138453573862091 -0.0849626530365349
-0.0136259061344809 0.0159134732808986 -0.138167513541697 -0.022082997819248
-0.00476546939969132 0.0041941151227273 -0.145238824983923 0.00168522768962031
0.00107412517191251 0.00342084663459994 -0.156246842722903 -0.0131581358389526
-0.00826167764336383 0.0022132110186772 -0.152502946333801 -0.0690199067895554
0.00795742285640101 -0.00213309056178924 -0.119631782593834 -0.14802617716036
-0.00266095385648 0.0309654936383818 -0.0302515484270389 -0.231985503758649
-0.0614626310938542 0.0366637863884084 0.0399024989259865 -0.271176257121878
-0.092313575465799 -0.0253798372471348 -0.0530289508514756 -0.251325233346708
-0.110396376335709 -0.0531991584887162 -0.0564673198669238 -0.189240497210471
-0.0628625036914314 0.0249544256895943 -0.0415516778207913 0.0712808962812109
-0.00928994260394926 0.0268652197199149 0.181001837709736 0.0540807765738235
-0.00790212637135879 0.0123947556062645 0.212948475585043 -0.1264873951665
-0.0162012236592842 0.0274632781944451 0.047278011335096 -0.239743191155925
0.0135409969844442 0.0333523840746682 -0.0939876920570991 -0.181522223728807
0.0283443783681943 0.0172020465560877 -0.128417290599855 -0.0825672096884852
0.0334994695064504 0.0220563714762092 -0.128350861971827 -0.0184217419396771
0.0456311594365965 0.0210323182008826 -0.134130874819574 0.0158968741593711
0.0441936679286932 0.055724321361201 -0.15401967755709 0.0117621568423587
-0.00796208876811229 0.0759218883133503 -0.169087160348403 -0.0397989602980433
-0.0435390502744185 0.0629008664989266 -0.151883644113714 -0.131567922698604
-0.090268535978527 0.0272438445989021 -0.0588863868640581 -0.219060150722591
-0.131127494143774 -0.0383921759362003 0.0246062105701567 -0.241049663663876
-0.134555322733098 -0.116433024047784 -0.0388112383388697 -0.205830309072346
-0.128400628961414 -0.129729563486138 -0.0205409813341766 -0.154750701673317
-0.133551244086458 -0.0343881765441532 -0.038592846085758 0.102536434855914
-0.0859335170879441 0.0390340300698758 0.192415794694886 0.0976366704789608
-0.035156411088657 0.0796101140710101 0.242516116479141 -0.0989886025830856
0.00085019182548354 0.0843969210501239 0.0747292322503713 -0.232189426437028
0.0527077305483869 0.0702339395827522 -0.0677556168567039 -0.175250802431938
0.0763524852640544 0.0286967296973107 -0.100240006058928 -0.0757863924053296
0.0760032288716104 0.025367891793708 -0.101552340242658 -0.0120536226027795
0.0875588283588402 0.0278291431288646 -0.103050333317823 0.0326103317897758
0.0853450642047124 0.0876001321411581 -0.1318459048549 0.0493016488270917
0.0117619737595946 0.130188453328376 -0.171682461771719 0.01634791244238
-0.0593854736207092 0.128696346699037 -0.188554858726854 -0.0875303276659273
-0.152727722968748 0.050583455772428 -0.102320102670425 -0.191042929476711
-0.189946408845044 -0.0775198240686347 0.00969347385435682 -0.205131844386436
-0.166231637868729 -0.178795925256128 -0.016019913016381 -0.136764120009346
-0.119215036381499 -0.192038648077913 0.0159985225292589 -0.0863264493391638
-0.179029719870665 -0.107115327707788 -0.0359035749711138 0.14795680493201
-0.160531711190428 0.0259767579531085 0.185366599780825 0.155801541457814
-0.0769432235267484 0.132460825757697 0.259701077994122 -0.0444830411065971
0.00861235451635489 0.137661178728079 0.107863535781037 -0.195830276747863
0.0824281884048051 0.104221204935848 -0.0264188779736571 -0.152407222327352
0.115162940603516 0.0396370476116595 -0.05655839937265 -0.0624083528342554
0.107950734281025 0.0240103770002154 -0.060251792959536 -0.00435990132041464
0.115184592577571 0.0246256476182421 -0.0584018208278013 0.0488655053880859
0.115821474565569 0.0953525550345608 -0.0913998055725111 0.0860890342996953
0.0392448583121 0.155518675002651 -0.152174646090603 0.077857873976789
-0.0479512362429561 0.1746877851743 -0.206244115911478 -0.0269086208925426
-0.181830159509203 0.0805133515491337 -0.138138690022175 -0.147527360086789
-0.220467793187336 -0.0894056855768057 0.00042281780907965 -0.168569835001215
-0.1766685047868 -0.20831716498225 0.0150328626217184 -0.0603410905170607
-0.0848231967520706 -0.223766786014313 0.0469486249715228 0.0067386521214296
-0.18226611764188 -0.173633445708724 -0.0344937235792128 0.19648853083989
-0.206413203929003 -0.0138585790302031 0.155395176361826 0.211051636046898
-0.121628944503922 0.150380781076912 0.249437586469396 0.0255687573746366
0.00203664752950226 0.169991034783056 0.133606790315301 -0.131365589275762
0.0938055618739043 0.12702080801948 0.0234687141001786 -0.11119938149691
0.135109122139564 0.0476311723208291 -0.00217869921043523 -0.0431332705496458
0.123675533482498 0.019681696809297 -0.011125906394747 0.00439805891822681
0.125221052194998 0.016336963286473 -0.00713344063015013 0.0609855137160382
0.127055048975789 0.0871799859987512 -0.0420934253527693 0.112795943251257
0.0579655443677795 0.156198128251531 -0.116717913917755 0.127277594435262
-0.0330436354206135 0.191120468138559 -0.201053505657388 0.0284286376360222
-0.185915605849674 0.0907135250107692 -0.154618473645941 -0.0994526838862446
-0.217283347006008 -0.0945066465845399 -0.00056487081424952 -0.131972261083926
-0.157787853448477 -0.211722712478147 0.0473058204280982 0.0151416802518245
-0.0371009938329382 -0.210872810125746 0.0670586711833059 0.106995993745421
-0.140304819237284 -0.203825475489602 -0.0326796465078253 0.236595979138854
-0.203265357647924 -0.056944120954242 0.108393357344077 0.246550984920407
-0.142758311512924 0.131095910276275 0.208660825188492 0.0892765655747605
-0.00846728384348819 0.168551119142809 0.142161023317953 -0.0532892255649878
0.0870534805830868 0.12485517750533 0.0710512148407513 -0.0587890086693018
0.131017920884936 0.0456705685765527 0.0529962764636085 -0.0216069830805218
0.119898866394408 0.0120939428780527 0.0384352759604227 0.0118334042695289
0.118285092755197 0.00649387567794344 0.0423503214497196 0.0681027430733381
0.119162577846337 0.0700728190979606 0.00621523064368876 0.129179983069471
0.0621697521171228 0.139628623909138 -0.0784156683827679 0.159545624597972
-0.0273543876282735 0.18062748498805 -0.184000164592831 0.0690348271229824
-0.174444892612203 0.0768392423754629 -0.154146200916616 -0.0584543762017123
-0.184431244862939 -0.100922584212064 0.00271453036923969 -0.0980862103056635
-0.109909785652298 -0.193234334955634 0.070533440055079 0.0816770432065008
0.0142472018333878 -0.155468659476981 0.0752754185258924 0.192258452919525
-0.0735744289096506 -0.181183856042594 -0.0316627623074542 0.261972464042928
-0.154364645014623 -0.0747568562778967 0.0614497027567499 0.258733062852436
-0.122304374046655 0.0916387567549077 0.157993629809297 0.131662546000666
-0.00958077065947369 0.131553136009228 0.137886516557451 0.0171281491401576
0.0668715227948185 0.0961294999164072 0.110102233149215 -0.00986591131458537
0.103710420600556 0.0335240505816016 0.100047141824626 -0.0038078718612268
0.0964878914610018 0.00361273319121956 0.0810692496781148 0.0159837982028402
0.0955867906467268 -0.00231930834269345 0.0835387984683179 0.0712996891548273
0.0970260653336058 0.0488071852107235 0.0465311217602841 0.139418409447527
0.0564827833358976 0.11168036836438 -0.0482460587925 0.181439082210244
-0.0279836223443416 0.151741884177636 -0.167310011655606 0.0959169507836942
-0.152908945810576 0.0471443683090002 -0.148443592883235 -0.0303421818371757
-0.131543084457347 -0.105118018573517 0.00480532923212946 -0.0692122693635376
-0.0426326271133718 -0.156368893812375 0.0783101169303466 0.134634791200836
0.0604634471434495 -0.0696976315597112 0.0771889359514646 0.242316945233836
-0.001959596008855 -0.113120697929058 -0.0241577273394536 0.264949929118992
-0.0767315418021637 -0.059130266013116 0.0335025257728571 0.255862683781136
-0.0656241750583127 0.0451324642061026 0.123581348119687 0.15238055750482
0.00144162050593429 0.0681190938190719 0.13721412393546 0.058043064618258
0.0373711256243051 0.0462818833296117 0.136692225890075 0.0170700385513195
0.0585189262279587 0.0126096621143731 0.129055847640667 0.00360223683823772
0.0570586033879535 -0.00587369885739538 0.109173553957406 0.0171181773008895
0.0604288253106117 -0.00876461897994313 0.11062038684432 0.0712360952566325
0.065974460752386 0.0250380253947006 0.0732551214800103 0.147003156466492
0.0457206862613778 0.0751689475946132 -0.0297993840482626 0.197358250023897
-0.027567542294527 0.109369288496239 -0.158692111841451 0.115303409874414
-0.117779754774611 0.0126726017989949 -0.147220486964569 -0.0126804444189451
-0.0655289259411952 -0.0964044575122544 -0.000682684009118186 -0.0498534774039251
0.0291039088813453 -0.0998608071573523 0.0672475290462555 0.168149906787544
-0.071594620293407 0.0239619425692634 -0.0905066025027351 -0.192863070490292
0.0176221063025312 0.0650385976690878 -0.0458528049764673 0.0611809410192852
0.0550923457051504 -0.00247852575905199 0.167988939879166 0.0311852812337255
0.00323991871914149 -0.0537300087788776 0.188369772808078 -0.139215635867566
-0.0373669647005389 -0.0220961341369932 0.0278607230450777 -0.238364440114862
-0.0273537856623442 0.00324353445176419 -0.112775362319884 -0.178767982494502
-0.0218709830109401 0.00996897045507618 -0.144770711710593 -0.0820825346343928
-0.01226513770081 0.0170464796481191 -0.141845060611185 -0.0172956460725405
-0.00463023367331547 0.00537865937626408 -0.149518758521174 0.00821932250548108
0.00129692881659364 0.00361831683676033 -0.160544352007765 -0.00835082842476903
-0.00842072865106281 0.003759574880832 -0.158424789256083 -0.0660356601384776
0.0072285199845102 -0.00190725813166875 -0.125233866379229 -0.148282312136201
-0.00273411860632368 0.0316373636833922 -0.0365180222734222 -0.237926128740551
-0.060844965691321 0.0387984248826741 0.0327274182989972 -0.27940770579979
-0.0935013147815854 -0.023094837423773 -0.0601371113152596 -0.255240148236538
-0.113808726242577 -0.052096444331451 -0.0630221368881543 -0.191408044572031
-0.0630500512333604 0.0274737848696242 -0.0414898538477053 0.0759246684938344
-0.0091906868913416 0.0271229302283997 0.185577158296208 0.0492316743583485
-0.00797172872585046 0.0128408799160186 0.212325168314831 -0.137094794062161
-0.0159273068265194 0.0301588635046877 0.0397714337861824 -0.246317979036564
0.0151639381733515 0.0350447117435406 -0.103485792752048 -0.181627304316067
0.0298353108592866 0.0171146950842314 -0.134222787199584 -0.0804323161888128
0.0362426232883168 0.0221933726342351 -0.132261123294688 -0.0142455984445853
0.0475910627231564 0.0201534246057633 -0.136624861003035 0.0206056002250907
0.0480721505364098 0.0564470424300904 -0.157733183327111 0.0181754105297905
-0.00532863651691393 0.0796501245423591 -0.174552248404277 -0.0351622111016456
-0.0436943754117257 0.0666340360479707 -0.158183165951703 -0.129561639291191
-0.0925742358327841 0.0297595394573936 -0.0664818926634828 -0.224175644382488
-0.134629621762403 -0.0360447901974262 0.0180441685276398 -0.248057243081313
-0.138785333515425 -0.115790998540698 -0.045390146258908 -0.210013521618067
-0.133554043060845 -0.129840536368252 -0.0258000207162016 -0.156462305871624
-0.136944185747551 -0.0322366531960932 -0.0384154734988953 0.108220386208037
-0.0868335487888818 0.0411917831707781 0.198220112731372 0.0939761330870054
-0.0336018608476021 0.0820387974262463 0.244035580386641 -0.109568272742051
0.00404178221278707 0.0875227090437747 0.0679869456140795 -0.238131075262282
0.0564298044714055 0.0705876366708575 -0.0756296846430814 -0.175413434413884
0.0795512578491975 0.0272510767227521 -0.105034454070047 -0.0747549693587875
0.0794260217026638 0.0240930433232848 -0.103900682069689 -0.00856103123525373
0.090666728888372 0.0264481430683712 -0.103863304915645 0.037423336225355
0.0912184831693438 0.0868718830662591 -0.133451721662837 0.0563115871403477
0.0174993276490652 0.13413549261294 -0.1751587410043 0.0229113091094855
-0.0573635665143312 0.13471607002016 -0.195058516671788 -0.0820589421496025
-0.155917045227911 0.0560663812724262 -0.109653007138345 -0.194112947347496
-0.196065611410612 -0.074931142411229 0.00267921432745571 -0.21136713439679
-0.172785346539577 -0.177713228030622 -0.0210722682176362 -0.141016920405206
-0.125462231389911 -0.194307115243253 0.0131211071452166 -0.0877925776868503
-0.186860862146284 -0.104833940939984 -0.0348993001137413 0.154069122108392
-0.16306909855242 0.0295461377924881 0.193580229539505 0.153821782902991
-0.0744353167014994 0.136273181144308 0.263452419811725 -0.0540917232900452
0.0134892143664707 0.141109023031854 0.102128144090208 -0.201738775517513
0.0876373750223151 0.104087144589719 -0.0322113440440278 -0.15303794502269
0.118669567029924 0.0367470995244924 -0.059396730850401 -0.0624078196669864
0.111712423635618 0.0217955760422089 -0.0613950996295867 -0.00188036427765072
0.118186537701029 0.0217008795119737 -0.0573286243332434 0.0525283618888272
0.122354023221606 0.0938805907694603 -0.0905283813718756 0.0925843833176712
0.04639980424976 0.159567551920129 -0.152770927934579 0.0854194114194427
-0.0436471450732012 0.181330007064313 -0.212329152817466 -0.0191810241473861
-0.184542251987949 0.0875816684119784 -0.14527415715419 -0.146476291887631
-0.228535571512061 -0.0861605075215268 -0.00589007950084557 -0.172971203250411
-0.18502050327054 -0.208179010928773 0.0125318077462152 -0.0642477902427549
-0.0918964669157681 -0.227782571445754 0.0462028137710658 0.0065273032924487
-0.190927274775947 -0.172359480127422 -0.0322598252560629 0.20296293279436
-0.211149649966681 -0.00942064951223485 0.163283350828577 0.211768583815589
-0.119710817132253 0.156407584916468 0.25399104052924 0.0184163865457765
0.00808852680392473 0.174319210492443 0.130596243352294 -0.136469072649159
0.10056562386317 0.125720723622516 0.0202904888323887 -0.112755192557253
0.139444237345705 0.0436848067808645 -0.0027577692743951 -0.0447762337192882
0.127161285324648 0.0165145076196047 -0.0111994801224381 0.00585359207982258
0.12840145766957 0.0126284127609432 -0.00448760675304675 0.0625453211169789
0.132876822720205 0.0844218341016944 -0.0392801887901869 0.118389143935881
0.0650574117498976 0.159224220646713 -0.114424287642961 0.135607427181434
-0.0273103728394445 0.195596762090318 -0.205332884420648 0.0382193569614284
-0.18712160186896 0.0997685105535736 -0.160709011548078 -0.0965061474301702
-0.225671354416365 -0.0904388641631457 -0.0057237144893917 -0.135605382258995
-0.165543090820321 -0.211790137602567 0.0478879336851071 0.0114060089781302
-0.0420795848028859 -0.216242808015356 0.0691057159171943 0.107890345770709
-0.149723376180548 -0.204245458895623 -0.0296932951483857 0.24476851121802
-0.210048923981133 -0.0537928622127244 0.116805469934533 0.249464356878019
-0.141983878741126 0.13754988454848 0.214384041915392 0.0851898787340122
-0.00322182242659364 0.172266540923898 0.141492233222836 -0.0564021850404852
0.0933711122659557 0.124346001768822 0.0716774551953116 -0.0605951772473939
0.135375347779826 0.0419552288668526 0.0543224059730004 -0.0246537284308679
0.122700002707134 0.00913011853898741 0.0394104187037912 0.0114955411752301
0.120192211833014 0.00253426111384042 0.0464517289274176 0.0686135026126015
0.124067700839084 0.0670263095714066 0.0109055372553009 0.133336853591256
0.0689504082396149 0.141079954160466 -0.074275582787956 0.167247428110547
-0.0210207335126806 0.184163454160055 -0.186133044738598 0.0793376254659214
-0.176207425993296 0.0841243854939645 -0.158524141889355 -0.0549792633949734
-0.191426443645065 -0.0975673786375963 -0.000669984188825864 -0.100399893151147
-0.11610980685005 -0.194732016810106 0.0736033825918627 0.0788453685229629
0.0107608786230076 -0.160558328480754 0.0801494769020954 0.194707227809726
-0.0814955094626373 -0.182888513713208 -0.0264493393856106 0.27049328246781
-0.160776565769367 -0.0725174774741154 0.0701136302105369 0.263207273310557
-0.122290027348318 0.0965728474029235 0.163958897725054 0.129294369557966
-0.00509807530751768 0.133984538746036 0.139715048636092 0.0149346188388417
0.0716894611387697 0.09529316878271 0.113080680071234 -0.0123781797458436
0.106518815096216 0.0300613444173382 0.102406778207421 -0.0081894079304667
0.0982673252692686 0.00073813490073118 0.0825946144352938 0.0143010796516794
0.0962871007295325 -0.00560556730831088 0.0877168372071052 0.0705313838854968
0.100387512030468 0.0462918156990264 0.0522149366534712 0.141659387951766
0.0614329401227151 0.112042196649276 -0.0424723426774861 0.188887498817876
-0.0223209516382123 0.154575740705357 -0.167766482381605 0.105694508832011
-0.154237543589744 0.0533663537693273 -0.15231603906159 -0.0250632422865508
-0.137700577488553 -0.103264056105591 0.00157136718761302 -0.0712818681208108
-0.0474022685899788 -0.158649848925775 0.0831590481426566 0.132524965607289
0.0592376698669322 -0.0732884678777032 0.0836127490268847 0.245555711127315
-0.00575780872362431 -0.115409613012394 -0.0184562052163745 0.273224069716608
-0.0804957534534802 -0.0584894654811892 0.0409979241706176 0.261874358465129
-0.0656458050216186 0.0474332868269876 0.129935573436836 0.151995566307243
0.00397638328854832 0.0686462297582064 0.14121321230077 0.0570681680696498
0.0398587014535364 0.045565306265239 0.141629487956809 0.0133700176519146
0.059022319544279 0.0108776644609969 0.131966310817514 -0.00110821806385899
0.0570439256322499 -0.00714796737622926 0.111267116737138 0.0141765433944853
0.0603437929836964 -0.0109869591944197 0.115332945530524 0.0697798822136296
0.0675894896524372 0.0234589510231758 0.0806228831794414 0.148582878996041
0.0493551321840262 0.074382738314232 -0.0228667506863541 0.20469862391439
-0.0233311112490105 0.111744673103667 -0.158809953421562 0.125271478806068
-0.119465756740362 0.0174050114424195 -0.150785271065121 -0.00717848400568402
-0.0695288094902623 -0.0964709848707431 -0.00317694553540868 -0.0521707683354704
0.0272315805485958 -0.103010805250107 0.0730756118193055 0.167359610814802
-0.0727413168748922 0.0109371355694314 -0.0586467415911901 -0.212148859588743
0.00710882114505189 0.0655935717435998 -0.0608135555317049 0.0552855694485164
0.0527387691508261 0.0093766943368564 0.16183866356891 0.0643485329337447
0.0109842232868002 -0.0482722819755872 0.216176556922671 -0.107526963994164
-0.0321272109473021 -0.0235209970662588 0.0713664967672799 -0.235092826914298
-0.0270948207600463 0.000965676319082831 -0.0815484114262676 -0.201520214752268
-0.0232377262961805 0.00777087637586344 -0.132825845679854 -0.110974125432732
-0.0143401442315555 0.0165395374361234 -0.138183943589519 -0.0442079191178267
-0.00579613616275635 0.00518807995157527 -0.152098390061605 -0.0197568802679682
0.000704442118521066 0.00503286197003654 -0.15958467073343 -0.0396113410747249
-0.00924902447980802 0.00348659530721932 -0.14612559392886 -0.0968235736503609
0.00461739415817384 0.000757585654177237 -0.0950102442926087 -0.17423752724246
-0.0111548394006796 0.0294759394807614 0.00983023315255803 -0.25010187788261
-0.0694083381854727 0.0252589359571399 0.0868781795965246 -0.282405622632463
-0.0877781168612702 -0.0423760571721856 -0.00716364417036747 -0.277741638387222
-0.0993908469974996 -0.0719855595665492 -0.0314898769934552 -0.206656067092482
-0.066693089669814 0.0151616632412833 -0.0575645320902921 0.0677711297445261
-0.0166324302570961 0.0266872591387282 0.174535439452292 0.0834462569509626
-0.0116881813314298 0.0145117589336979 0.238804774965217 -0.100339639195564
-0.0201486015719553 0.0318521335418575 0.0839016021896561 -0.24131590979432
0.0096274439757311 0.0400249192790763 -0.0727667394572239 -0.20232523060106
0.0268367347800192 0.0240339325011245 -0.121523184515755 -0.107175028212141
0.0337441559538537 0.0312610159018856 -0.129483351803047 -0.0391998544467045
0.0441780680476815 0.0304880159179978 -0.141526186138294 -0.00330359050115995
0.0373660381831289 0.0663580524607747 -0.161729245643573 -0.0109269340690507
-0.0207792799457737 0.0810739820117105 -0.168999306391169 -0.0660680878161708
-0.0594951054372256 0.0585407089437153 -0.134359699617636 -0.158911106806347
-0.102660670547472 0.0087995307969042 -0.0262017003620389 -0.240992333400921
-0.128828631839389 -0.0659507633455358 0.0655742027953955 -0.255783027300813
-0.11363379665954 -0.145211296617046 -0.00304324638928667 -0.228736639416627
-0.104480528519051 -0.153222432437625 -0.000206857819812668 -0.165541042811235
-0.12993972608117 -0.0563324801033489 -0.0580674437568323 0.098817775325247
-0.096664779676179 0.0258765036510407 0.178418958614173 0.127984523716398
-0.0489436788538743 0.0771960447194226 0.263388208036114 -0.0672941650829185
-0.0115423427763335 0.0925047830071064 0.109686678903737 -0.228557192479242
0.0439474766009208 0.0828520349797304 -0.0462668610191435 -0.190665852813406
0.0747304398974554 0.0424446556790716 -0.0922936191134403 -0.0954786404833872
0.0771284730587306 0.0408457683959663 -0.102111657566276 -0.0284914886618045
0.0858126636577567 0.0443374061962367 -0.111621522521723 0.0193923434603713
0.0756309296854302 0.104832072124569 -0.144048864169554 0.0337491613393772
-0.00871527262273084 0.140280369586955 -0.180134803796945 -0.00566660352913515
-0.0861067926237127 0.123337469540682 -0.182198332773979 -0.11622602242503
-0.172872329008093 0.0217177299493442 -0.0790844250465755 -0.217331471633386
-0.183177759655836 -0.118035134428415 0.0420812810254285 -0.221895745190708
-0.13551277815842 -0.215311954834644 0.00708495221780592 -0.152996254155766
-0.0847394876255127 -0.21600856630232 0.0269590287813231 -0.0890658662583659
-0.167407922171001 -0.137567543248808 -0.0592741044382678 0.144871075507619
-0.170958188586609 -0.000430572241289276 0.163774444114288 0.18481333319333
-0.0993847993534445 0.122360827904965 0.271309444049102 -0.00884162921754402
-0.0128498078778061 0.146060496808957 0.136434595006877 -0.186341655769978
0.0689529309315462 0.121612449828792 -0.00778333327400307 -0.159074338389113
0.112363870525357 0.0581149836166975 -0.0475172486284197 -0.0740814820889797
0.10991738608676 0.0442068673589365 -0.0614463305269449 -0.0132625607737317
0.11424141142996 0.0456385557406654 -0.0674266458560849 0.043246101371214
0.105606413755628 0.117299407144922 -0.107300849197707 0.0792376829294779
0.0154412003929998 0.171327613730311 -0.168106761120686 0.0636662061495506
-0.0811101651075792 0.172093602626274 -0.21179848421293 -0.0538788642268234
-0.208601050971583 0.0484651517579671 -0.12577963654595 -0.174694094634222
-0.214364793286516 -0.135708074743809 0.0256827597151641 -0.184480156652592
-0.141721293194467 -0.248410445716602 0.0251218805841036 -0.0667443662352766
-0.0468277338778833 -0.243035180314052 0.0440200370733711 0.0126991507725726
-0.161326810113235 -0.20540953416718 -0.0629321329891302 0.194822835398577
-0.212139974353112 -0.0489184021781406 0.123620435127595 0.236126533576249
-0.147845510323979 0.132633454459672 0.248159120534559 0.0615543277396819
-0.0251492189376347 0.176943724203109 0.153259307785291 -0.115416393973458
0.0773186290087279 0.145016593833692 0.0385243301859202 -0.10818121922596
0.131553555603176 0.0676547518185927 0.00632772486865755 -0.0446765024619921
0.126360053317722 0.0416773880002055 -0.0120380968170084 0.00369423880990319
0.12555632099777 0.0375838328796917 -0.0154505846179099 0.0639807210657332
0.117840366925699 0.109810057539555 -0.0607218691064924 0.114777789452376
0.0346162592238026 0.173908557429232 -0.13825405300838 0.121090408096187
-0.0664956383028101 0.190064491854457 -0.216059277028027 0.00633829511248288
-0.212866666624342 0.0594728328407762 -0.151145049505005 -0.124873144194745
-0.209788338281165 -0.138666434734347 0.018827051498306 -0.14588771813108
-0.121997662996086 -0.247875572628913 0.0455139230490323 0.0189937089526021
-0.00144663358138678 -0.222671312120852 0.0490072765978259 0.119467751244077
-0.115967211000653 -0.230818583762178 -0.0675771616073729 0.239243789005733
-0.203175131361275 -0.0936052661280662 0.0721229895909398 0.265591166507948
-0.166535687872839 0.109375719567353 0.19612111056606 0.121057945615422
-0.0360424998113174 0.171596483525784 0.149900749886856 -0.0319600999759871
0.0699415735536831 0.141647579203759 0.0815970751787675 -0.0465146046942492
0.127062426738108 0.0653058410603111 0.0609334430555432 -0.0133641231330792
0.123181759660157 0.0326074928372817 0.0367883742895033 0.0192991020486615
0.118784031654299 0.0258020808573395 0.0343935810934951 0.0788450759161871
0.111231796966436 0.090509373294878 -0.013188710108287 0.138674092924895
0.0416713670902799 0.155970464604517 -0.103304094212624 0.160612194463299
-0.0573965626122424 0.179062045346256 -0.20440293518174 0.0512863149225289
-0.197908068464215 0.0476843195754079 -0.155904554343927 -0.0819624213640677
-0.173184235644334 -0.138047209683465 0.0172106736646527 -0.108176723274411
-0.0753393754952262 -0.219966229828477 0.0585173084186259 0.0938785249945467
0.0386234752875433 -0.15807425228018 0.044412495676778 0.210303011596915
-0.0524304031001756 -0.197809822105722 -0.0698664740609946 0.268295305425156
-0.150718566725338 -0.103688677929632 0.0232545246922778 0.272471009287992
-0.139239421005505 0.0720553752736995 0.13759387769332 0.15702634258903
-0.0307892748253031 0.131537531843756 0.13632166857918 0.0399631076841187
0.0527005765213476 0.108154862725654 0.115597273864444 0.00936705916090756
0.100463046277406 0.0480823540841374 0.106716080878805 0.0122478385719063
0.0990146434109184 0.0192117184587765 0.0795175074039652 0.0304409890667613
0.0964077353554871 0.0126384233088642 0.0752845171422515 0.0883290906907338
0.0915940032425182 0.0651250492924918 0.0262022456966409 0.153937539633118
0.0399796849983661 0.123983148714954 -0.0756371529225607 0.186373393772053
-0.0515872480576495 0.149331053472839 -0.191693276344653 0.0809217002896495
-0.168333186363003 0.0215242953141896 -0.15425550785528 -0.0513597711351201
-0.117293553471916 -0.132471039932115 0.0150730423103926 -0.077342982243951
-0.0139330867208474 -0.17007939924543 0.0573423066747015 0.151907073055137
0.0689182464418551 -0.0629778248799467 0.0386801939898275 0.263544061724751
0.0105598765547333 -0.11777423291954 -0.0647554128969085 0.27469552415649
-0.0727113251881507 -0.074252183784419 -0.00478765400776245 0.268075600828943
-0.0746078090523775 0.0340905673436251 0.100167582221005 0.174351550353459
-0.0105036169791496 0.068068326000961 0.12981078147028 0.0827650717049501
0.0298935123386415 0.0519981634503853 0.141256277661704 0.040726681614027
0.0564980594050188 0.020149414815862 0.135798542687815 0.0241376432853995
0.0594050626144183 0.00318455867057525 0.107673085930846 0.0357956289491086
0.0611605661389503 0.000518031245069252 0.102627657298283 0.0925331801149833
0.0628715214427282 0.0355084801390894 0.0521730189049434 0.165518712233376
0.0349928373868194 0.0832039921024879 -0.0594534342275027 0.204984324352871
-0.0436640545725228 0.106049866538839 -0.186057488790129 0.0999810480743313
-0.124474871733765 -0.00727442163394338 -0.155499097203658 -0.034847090451749
-0.0496165625323716 -0.111171836286905 0.00702279726076137 -0.0579422444532262
0.0491932212328204 -0.0989725004946607 0.0406499920830945 0.186126111586008
-0.0741717269730693 0.0131096574240157 -0.0670206671170686 -0.213781504516575
0.00972810336739417 0.0665319620539289 -0.0616276193039432 0.0605893998735679
0.0533750476916297 0.00802146115694118 0.166462066641312 0.0598819628982657
0.00879484616610686 -0.0487787689107812 0.216231670338814 -0.118003910745295
-0.033177091150373 -0.0212152355333207 0.0644442260797834 -0.242774285203164
-0.0268579089966173 0.00349858618749678 -0.0907442602225975 -0.201576215965799
-0.0222187079345024 0.0100360657244968 -0.139853755312617 -0.107377513963991
-0.012379077062243 0.0185535434526986 -0.142577360147273 -0.0399993456134636
-0.00553085550554307 0.00685564479661765 -0.155709048714379 -0.0130438513038156
0.00124768082967694 0.00551151223161119 -0.164539955660222 -0.0335994809039377
-0.00955796901387543 0.00485099027862796 -0.152678819508804 -0.0943142823895457
0.00399671081253047 0.000576980355048284 -0.100768924928639 -0.174357854696502
-0.0118034190263998 0.029861438794558 0.00294114228504612 -0.255509890988188
-0.0679278922865637 0.0281934019719226 0.0795396703745138 -0.290712853158
-0.0887925508515164 -0.0403971902301604 -0.014250545548138 -0.282355967012801
-0.102919543345301 -0.0705260509525501 -0.0386830198214069 -0.209089563252606
-0.0663590666322573 0.0173413426332843 -0.0583299237551384 0.072814929881331
-0.0163050447457746 0.0272064190089347 0.179708064858956 0.0793398715721718
-0.011581211652467 0.0153284036893102 0.239213612754685 -0.110962342939398
-0.0193841025517008 0.0347741967976283 0.0770190334731296 -0.248319752627603
0.0120592495299165 0.0417516205338171 -0.081638177673817 -0.202334350746996
0.0288696518949505 0.0242247270392132 -0.128359054971453 -0.104791667307417
0.0369890042673684 0.0315923185155297 -0.133266297518653 -0.0350328237959656
0.0462502558050378 0.0305371262553038 -0.144405186172028 0.00240320106144242
0.0410913087407675 0.0664343096480251 -0.165786349032676 -0.00396776984977211
-0.0183700388623098 0.0844348826799242 -0.174478206089253 -0.0616291090329909
-0.0597000802801633 0.0621627648536957 -0.141629623595233 -0.15738768931805
-0.105351513635158 0.0112413427345393 -0.0336330689405592 -0.246098119425541
-0.132613522111746 -0.063637528833939 0.0583256914842455 -0.262775347484529
-0.117670588784299 -0.144504625811997 -0.00968243645652356 -0.233280964331631
-0.109117215110036 -0.152984907741647 -0.00570953069330384 -0.167832578017907
-0.133595663657834 -0.0531840205198712 -0.0573237170159568 0.104953131663558
-0.0969984371987964 0.0282054983799538 0.184586082293862 0.124234696872135
-0.0476570940502418 0.0794981367279274 0.264866908527083 -0.0771990945303601
-0.0084204498044804 0.0954629432497769 0.102299106398663 -0.234971057386173
0.0483302005804058 0.0839172386646374 -0.0537709660927231 -0.19047922532494
0.0779269412319427 0.0406277874550795 -0.0975261162276216 -0.0939826012403293
0.0815042010309103 0.0399145359170615 -0.104952574327052 -0.0251216253048233
0.0897019264291765 0.0433390772729275 -0.113337167811323 0.0241740095329199
0.0812019246924413 0.104237470521702 -0.145624726527555 0.0412950885320115
-0.00361590918755136 0.145299298148835 -0.183850501367918 0.00132531006544377
-0.084058174998184 0.129287325747553 -0.189226958540587 -0.110989537489652
-0.176060313083386 0.0273667170641258 -0.0874107538089377 -0.220014208473422
-0.189926397775027 -0.114877010116226 0.0357215371149968 -0.227564475777932
-0.141564218664731 -0.214019199610257 0.00234533347545578 -0.157806688709022
-0.0910111486812479 -0.218441109276431 0.0233903347556223 -0.0904158344646962
-0.174463031852962 -0.135099431391976 -0.0582996659984994 0.15163198234696
-0.173927119176867 0.00338959147706696 0.171059924683183 0.182675954679038
-0.0971487694335792 0.126762427190996 0.274911671295011 -0.0180262550789759
-0.00814660187927098 0.149306733227607 0.130653061564922 -0.191856157767456
0.0749773923410792 0.121750051162778 -0.0120065987540955 -0.159995390290111
0.116132661522374 0.0548548325500984 -0.0508150784145385 -0.0740813049283981
0.114185202245504 0.0419535847078974 -0.062918397294948 -0.0104756605402675
0.117909859986041 0.0430854915662522 -0.0665655472630561 0.0466302356433024
0.112627890668298 0.115406571874501 -0.107012824540304 0.0864455154131035
0.0227112580733611 0.175060551395531 -0.169303754696732 0.071870142813343
-0.0764940980730562 0.178482678836187 -0.218123195504753 -0.0458748889746776
-0.211397030376505 0.0561015881607932 -0.132986115704053 -0.173914089521304
-0.222255735814706 -0.131853832052016 0.019462923349873 -0.189548502573959
-0.148919784980598 -0.247793145655968 0.0232312403100721 -0.0710214381518222
-0.0526948597526534 -0.24683690622876 0.0433641635470476 0.0119966546193494
-0.17090450988305 -0.204582643989748 -0.0604802095515801 0.202170795767677
-0.21792459270572 -0.0446475447929414 0.132052360054204 0.236626734656482
-0.146258243738149 0.139056212530955 0.253369547770284 0.0543433799608128
-0.0192415159126225 0.181531392903376 0.149378404841777 -0.119451089824729
0.0840130167785521 0.144935758074121 0.0368753994294921 -0.10983288546183
0.1357894130596 0.0638502547387331 0.00580587959833266 -0.0462610386607017
0.130715903044934 0.0383089500578362 -0.0122516064603917 0.00520997566300138
0.128426214043104 0.0347384022747915 -0.0131967233741994 0.0656214815105093
0.124014534042268 0.107022991901228 -0.0570742344310109 0.121120106095535
0.0423728325043104 0.176719716699732 -0.135839861398763 0.129944051441921
-0.0602800069930443 0.195698290434213 -0.220447173932575 0.016798552466811
-0.215315384556913 0.06827309330445 -0.156528865443777 -0.122126493995882
-0.217582432663492 -0.135460159514584 0.013252542464375 -0.148574739324579
-0.129458772875179 -0.248282098498397 0.0462894463529332 0.0156048847059199
-0.00684408106260234 -0.227594563838161 0.051069644826857 0.121175753843555
-0.125518973654987 -0.231196632026247 -0.0636413704530858 0.247348971567164
-0.210804904412606 -0.09009650705705 0.0806146733936305 0.268187035718782
-0.165954300154013 0.11633673998723 0.201317828297682 0.116793077847732
-0.0300995864425519 0.176013779494421 0.149572783358331 -0.0344713232933396
0.0761395935934856 0.141210882587741 0.0826549910924423 -0.0485398477916434
0.130880970231344 0.0609928841908941 0.0625919318050124 -0.0162121578877224
0.126178011274727 0.0291209308871484 0.0383921616411238 0.0192420915316273
0.120948422837363 0.0221267055683263 0.0380773340558251 0.0793516128547664
0.116379531932404 0.0874655994097523 -0.0079827772533069 0.143239100668766
0.0486879960383623 0.157360867541797 -0.0985368312082196 0.168373043886659
-0.0510923162580165 0.183103935398385 -0.206845918806418 0.0623833474280349
-0.199035294364565 0.0554159513895934 -0.161190634189961 -0.077536847495727
-0.180955403904483 -0.135064627827633 0.0133733471681366 -0.111149640679928
-0.082249762775761 -0.221472631400063 0.0614606100888276 0.0910782979159775
0.0350998682382772 -0.162738820531561 0.0485622424140112 0.213564384947269
-0.0601047576628993 -0.200008439147895 -0.0652803208338511 0.276545725018465
-0.157282349310102 -0.100929905188897 0.0319986869278149 0.276665261558583
-0.139522753520573 0.0777459946951354 0.142516487498239 0.155464862532632
-0.0267163088521839 0.134788233777493 0.13814311617762 0.0388353699034426
0.0571777728591725 0.107528902037331 0.120242448047675 0.00639413102762406
0.103107147598691 0.0448021211293534 0.109901224429497 0.00777518756543197
0.101569965278961 0.0161719790888413 0.0819852287722017 0.0291416200355633
0.0973862659037979 0.00973097692446563 0.0800194452565265 0.0877389442036593
0.0949645860752532 0.0627048710733919 0.0326980101181247 0.157737916649365
0.0454147086492494 0.12453046689326 -0.0693200859769419 0.19414909167695
-0.0456210562749993 0.152428285950565 -0.192940486943009 0.0914154321783777
-0.169613157295753 0.0279805767873833 -0.158344818854493 -0.0459361760452808
-0.123154114772181 -0.13078890611517 0.0115733454780446 -0.0802590127309751
-0.01816404150808 -0.172610324864312 0.0623329187015857 0.149527825417464
0.0680070887673642 -0.0665195429613276 0.044343733650085 0.267914038074963
0.00633964173181504 -0.11997005506052 -0.059792960939494 0.282701130772236
-0.0774427042204125 -0.0731346758170277 0.00388957443459763 0.27264755296926
-0.0745399077182489 0.0371177843172639 0.105676817088041 0.174244361391339
-0.00806876480142496 0.0690202895672956 0.133569314157995 0.0815769579425129
0.0315599814005003 0.0512743328426447 0.14658474206309 0.036414259685003
0.0576842525751798 0.0185772466733985 0.139579606171599 0.0189018691878855
0.0602022774474887 0.00124486460592191 0.110441506161685 0.0339522496572241
0.0607863666730805 -0.00144170905607703 0.107938277051463 0.0913586652364602
0.0648083528266495 0.0338779511422415 0.0598173063170304 0.167003737489154
0.0386116912844655 0.0831891416154214 -0.0528921024515798 0.211266549517445
-0.0396363871485574 0.107919208398248 -0.185516626408572 0.110596504801639
-0.126198220962688 -0.00256727575635972 -0.158865158603632 -0.0294735481351563
-0.0537899661750985 -0.111931457369238 0.00420933737081743 -0.0602517328600559
0.0472715867046413 -0.103077374804952 0.0466141313335414 0.185469537957783
-0.0754666856210286 0.0151425282623941 -0.0728911122712342 -0.216661140511252
0.0124868268544591 0.0672026876399571 -0.0628135330793173 0.064941752424471
0.0539769053558894 0.0073022431033288 0.170573059338416 0.0572760149982353
0.00712732514487096 -0.0491155988227965 0.217029438482399 -0.126203865036307
-0.0335934007324968 -0.0196728403020889 0.0603561951725313 -0.250504735174577
-0.0264543312990155 0.00531758299709465 -0.097030081408986 -0.201985279962498
-0.021125433849045 0.011570995747086 -0.145943343207088 -0.104551076725268
-0.0102968621176766 0.0199218524596905 -0.145842304901032 -0.0374335625716681
-0.00443444506264227 0.00843022136377884 -0.15892284332209 -0.00881388798232005
0.000965537634577691 0.00627012742930718 -0.168587743891364 -0.0299152525470588
-0.00988224793893692 0.00611915113271838 -0.157577858067132 -0.0934838243214714
0.00307851987896735 0.000745650239995498 -0.104688280795744 -0.175126896701408
-0.0118959733371215 0.0305159955248629 -0.00184432952516179 -0.261941204958404
-0.0673581987443524 0.0295269938480732 0.0751082876525151 -0.297700891199153
-0.0894196863484547 -0.0398957345640159 -0.0191324333069277 -0.28701649606696
-0.105891197459959 -0.0705953722270838 -0.0439693633837592 -0.211876042213792
-0.0665142220839264 0.0188523275098556 -0.0590935951063407 0.0782129935581876
-0.0156183900161566 0.0276212271195517 0.183985191040474 0.0769784304092536
-0.012007740368643 0.0163125165728726 0.240288803545421 -0.119437565808926
-0.017794660404758 0.0367009565518348 0.0729195375555993 -0.254946096240924
0.0144106109606783 0.043389974598764 -0.087525981947414 -0.203041508968884
0.0308234047538169 0.0246638382533799 -0.133435439811691 -0.101979715999283
0.0404182198901386 0.0317176310463882 -0.136527411340519 -0.0321585977190554
0.0487383601810058 0.0309731628895119 -0.147180347120189 0.00702777432927504
0.0435792141095677 0.0673596273970426 -0.169053434206902 0.00114135683426147
-0.0159867980285638 0.0882771014421519 -0.179894854362023 -0.0586804502389499
-0.0592685300423406 0.0653307834092287 -0.146892258054569 -0.15659582681621
-0.108005397337042 0.0136435933050637 -0.0390148775739822 -0.250972646616109
-0.135542077957386 -0.062137661884277 0.0539207894412652 -0.269087967204225
-0.119735116505159 -0.144694954272414 -0.0139312543934734 -0.238231373558012
-0.113174264710589 -0.154815978777136 -0.00991000997893474 -0.169995696691901
-0.13682436219537 -0.051994814419743 -0.0579951547998656 0.110939460111629
-0.0985572827588307 0.0297016079420862 0.189603966011183 0.122154913993304
-0.0470389423412447 0.0820373071359845 0.266809276035578 -0.086010691777095
-0.00617011698219112 0.0983351784456451 0.0987313708591147 -0.240506495844794
0.05237833381009 0.0845550177022815 -0.0585926779851274 -0.191417779400441
0.0805668434435924 0.0396723358043004 -0.101947901873534 -0.0929557781624594
0.0855558728232462 0.0396000348062418 -0.107809255522251 -0.0223118871246014
0.0927465659285873 0.0424889290537241 -0.114742614783011 0.0283320484426727
0.0864000021852979 0.104198506904083 -0.147228234378606 0.0471817871481963
0.000744110078911369 0.14997271307454 -0.187334944549746 0.00616325164453752
-0.0827030062328928 0.133730581689907 -0.195766203179001 -0.107074190168246
-0.17976917073576 0.0317595266433195 -0.0933889397996439 -0.222359579266553
-0.195481441491822 -0.113529853288352 0.0304918101334372 -0.233501643004237
-0.145101177600668 -0.216032132582162 -0.00067036569579845 -0.162161745984233
-0.0959972999809568 -0.221788520630857 0.0210814250535648 -0.0918361829845035
-0.18065083218827 -0.134198570461957 -0.0577913413075315 0.157757721529105
-0.177383307828595 0.00565780575681538 0.176052809236862 0.181757824993869
-0.0964177052354511 0.131053891546412 0.277897071877886 -0.0244936381102517
-0.00432658412737932 0.153390476884075 0.127334024284942 -0.195692364057553
0.0801520531032691 0.122983352672802 -0.0154548021574635 -0.161502025406753
0.119996722268119 0.0529001703113984 -0.0529353005137298 -0.074200259131511
0.118912180147543 0.0403597968725198 -0.0645963800941982 -0.00900083168523905
0.120971435075179 0.0415273629660472 -0.0665701098584167 0.0501331938218486
0.117891254154504 0.11473318962503 -0.106125700873413 0.0926779263481084
0.0286453564059315 0.179805793333709 -0.169705187485614 0.078298345038534
-0.0727314782037585 0.18396275309004 -0.223780606738032 -0.039639024658648
-0.21503867061758 0.0622669169894889 -0.138321188618398 -0.17450018760858
-0.229661693750507 -0.130443533950847 0.0153745829475466 -0.193036414892462
-0.153523258330446 -0.248938224550864 0.021618564088967 -0.0749626882182446
-0.0577075695197911 -0.251351326976211 0.0427905472728349 0.0126371050453547
-0.179057205764224 -0.204963795995449 -0.0594164410029558 0.209327571197036
-0.223513643840612 -0.0421296084647251 0.138523438453559 0.237858956518666
-0.145719764756582 0.144503178738277 0.25696470376036 0.0499689620797228
-0.0151801245032172 0.185344962214187 0.147931265766309 -0.122105161138512
0.0896702666452019 0.145437629033566 0.0367146237255408 -0.111524758625091
0.139672854713739 0.0611636544497794 0.00505057816065284 -0.047642449849896
0.134320820659294 0.0358302922387716 -0.0122106101671744 0.00635389517135118
0.130663156869484 0.0323247896644882 -0.011458710413622 0.0673402564934898
0.129157332677316 0.105508283212962 -0.0544662291600769 0.126633935782768
0.048717485686894 0.179691357011842 -0.134308138473695 0.136802229964224
-0.0553956554932106 0.199885455344089 -0.224558066403124 0.024413072450384
-0.218207836964656 0.0741033275919851 -0.161527129459932 -0.120654058347244
-0.225313905995429 -0.132732693872344 0.0102329172270256 -0.152358845078393
-0.133742671684675 -0.250603952023146 0.0463940577201647 0.0121302384852905
-0.0106134913437645 -0.232459396058282 0.0523866251732059 0.123651589647733
-0.133747355724091 -0.233150859138477 -0.0613750465581664 0.25529607440037
-0.217391405938342 -0.0875711982130575 0.0864962556168125 0.271226495705142
-0.166906948100323 0.122051533488484 0.205829429320164 0.114026314930296
-0.0264428617130531 0.180057751199768 0.149412623658253 -0.0359738429141692
0.0810464941750536 0.141848893966889 0.0849553037063706 -0.0505938241472657
0.134276337460163 0.0581794227932009 0.0640149116210157 -0.0191412349887369
0.12950216202361 0.0262128655702889 0.0398864477270407 0.0200902882512056
0.122814170055973 0.0200601799817393 0.040855325914573 0.0795996371119909
0.120090561901744 0.0860103198876432 -0.00356918283065072 0.148322634715303
0.054578152005346 0.159097055583885 -0.0954339627027203 0.175682478033953
-0.045670898583283 0.186351902803031 -0.209539543396115 0.0707094684389775
-0.201772571279704 0.0614279807166371 -0.164735083218826 -0.0746827714255497
-0.18724300417881 -0.134190082777922 0.00989426068632064 -0.113962712124011
-0.0859309895766644 -0.224084469058167 0.0639166460788957 0.0887028520758378
0.0329467209037534 -0.166991171400517 0.0511972923820443 0.217453761003987
-0.0669613162763683 -0.202339990599674 -0.0626188682633932 0.283866787232734
-0.164015480623895 -0.099393310618046 0.0367733687894503 0.281050251462787
-0.140368912288773 0.0822135820968543 0.146530907043619 0.154686864709621
-0.0240913184389048 0.137700867335678 0.139960643020877 0.0393236562969179
0.060809714267023 0.108113645431882 0.124475520514465 0.00360875397543626
0.105492019047735 0.0423180373727289 0.113309680491898 0.00401351902187926
0.103999076202652 0.0134290412343294 0.0841464057441795 0.0284263439700619
0.0978559839424441 0.00787193208750878 0.0844159983627965 0.0875246483636908
0.0975227126089565 0.0609859544108013 0.0381408746857118 0.161061389758804
0.0496134077052728 0.125210857106947 -0.0649708013380219 0.200537316264202
-0.0413994851834407 0.154407498795055 -0.193328800383714 0.100386943761727
-0.171943509871322 0.0328299106580115 -0.161473761870662 -0.043547387399548
-0.128011318605597 -0.130506476293342 0.00932887810372415 -0.082525594240392
-0.0217866573322 -0.176453587446427 0.0659764144056928 0.148605580350504
0.0675625340042175 -0.0695208975358399 0.0475436034070872 0.273427086914406
0.00310227369581965 -0.12228224412861 -0.0559204532407849 0.290497632275379
-0.0817166782897758 -0.0717810281992387 0.00925186166306887 0.278756044899113
-0.0745127720221546 0.0395626647765397 0.108864167765115 0.175269821694844
-0.00634433631785971 0.0695256367396246 0.137067910300685 0.082473623055751
0.0331995220495561 0.0511910882740446 0.152134129039407 0.0324998270519817
0.0581912186473197 0.0173053454600458 0.143836951727094 0.01470921825531
0.0613492488247804 -0.000198463963338593 0.113819207281754 0.032169302797006
0.060784717711342 -0.00285178727071123 0.112190027491567 0.0906923785319015
0.0658627631346163 0.0328715882265462 0.0655095808078369 0.168979298171889
0.0414164178737586 0.082088906789654 -0.046718344561277 0.217326334052494
-0.0360807305894845 0.109409677559523 -0.185434720759145 0.119409445823849
-0.128097415995692 0.000900940639327046 -0.161290204583078 -0.0252132325672859
-0.0569874257547328 -0.112165036442949 0.00230666924584551 -0.0620064742513717
0.0463453218500764 -0.106943189139922 0.0513053702442122 0.185179667748223
-0.0777484672542409 0.0167178189654474 -0.0782337430199337 -0.222420044507163
0.0149263337300339 0.0681935574086572 -0.0645439915029556 0.0702528269642479
0.0558776446090279 0.00643234837923348 0.1757712917031 0.057524427924104
0.00618451308990993 -0.0502519899415463 0.221057096871196 -0.133850187362674
-0.0342879751435238 -0.0188516981709049 0.0586460191322454 -0.259787642103783
-0.0259759729062408 0.00663503293456639 -0.102902628084968 -0.206072519731338
-0.0205774050626958 0.0129884972915354 -0.151593241011922 -0.10415291958723
-0.00856791406788784 0.0209702846406536 -0.150871848560273 -0.0360648689726288
-0.00359597822314358 0.0094971153568762 -0.164095382735338 -0.00499958531486005
0.00136213998006692 0.00714239624045788 -0.174530447345263 -0.027818459081335
-0.0103395966613993 0.00763560282250871 -0.16318614167392 -0.0941997722897655
0.00278047884119023 0.000670469363428567 -0.107933596567399 -0.179241751592663
-0.0126377788483272 0.0310742146901605 -0.00306449470243432 -0.27093963314185
-0.0673048648365235 0.0310930072769616 0.0748636422403142 -0.307949061806659
-0.089942780875121 -0.0414600533447239 -0.0213014201212461 -0.294484188861331
-0.109094788474719 -0.0717531940939822 -0.0482195640680765 -0.217584836347627
-0.0667954994735112 0.0196605949524793 -0.0607990558081575 0.0832067777707616
-0.0155871985423643 0.0274965903560444 0.189084071258323 0.0769333346900975
-0.012067969574365 0.0168697240122477 0.245127969967219 -0.126502593831572
-0.0172595749006729 0.0393155738236176 0.0712212333996149 -0.262856135011497
0.0163261083525602 0.044900492518533 -0.0933694445351978 -0.206688383068077
0.0328997742463635 0.0257083294507506 -0.139266000517719 -0.102317615125053
0.0439630886884276 0.0328025902803703 -0.141652530545807 -0.0307010272101849
0.0519338835022526 0.0318345600128128 -0.151874564387302 0.0105961383751757
0.0461906580142063 0.0692032145394023 -0.173869335827907 0.00479993215753073
-0.0147474248664485 0.0927666040386192 -0.186142787642515 -0.0582065953301752
-0.0608509253127329 0.0684939767247855 -0.152239339033087 -0.158508009982575
-0.111745642135375 0.0147788503704223 -0.0418699760693778 -0.25922098276693
-0.139000263344824 -0.0636808692191603 0.0523231827484588 -0.277868830065955
-0.121707915020002 -0.148333643028798 -0.0158527015333769 -0.245808499448277
-0.11631155084686 -0.159298788567071 -0.0122984597621705 -0.174529523804913
-0.140440497379991 -0.0517763569046373 -0.0596112887880031 0.116420546317872
-0.100615794803816 0.0306018002424584 0.194500149524632 0.123998024230266
-0.0470456578573559 0.0840849474615535 0.272636454344211 -0.0921001059126896
-0.00402019968547399 0.101950610189568 0.0977169543484676 -0.247390674138397
0.0556746574275855 0.0866941565994749 -0.062676751699298 -0.195345800479654
0.0840158912273715 0.0399726131709274 -0.106273247578014 -0.0937600721087513
0.0904731276282616 0.0400097504642274 -0.111004812919079 -0.0210958255867412
0.0969172748923115 0.0426787049979563 -0.117842033908314 0.031995330056023
0.0908834310902745 0.106464552192967 -0.150878885319341 0.0524827466705039
0.00458667000408741 0.15617797368378 -0.193376976126395 0.00922902882301386
-0.0834047127979042 0.139124771908031 -0.202310611809268 -0.105797333186573
-0.185748111830452 0.0349333024777825 -0.0975281373288543 -0.228864820504934
-0.202832916576245 -0.115328047718691 0.0288394383281201 -0.241158134829619
-0.148254896017183 -0.22158798130838 -0.00264133430945095 -0.168269663255847
-0.0992845036319578 -0.22868340054879 0.0193940252359935 -0.0936325425925113
-0.186912878018543 -0.13583051839037 -0.0598962896420247 0.165485455801493
-0.182817758538637 0.00660112981045191 0.181723265365774 0.18478725618534
-0.0973945573651589 0.135378895486484 0.284395848063144 -0.0289692534165748
-0.00232800038560192 0.158343890365531 0.128673325729474 -0.201183470237284
0.0849342402899388 0.125341464651104 -0.0173198833930707 -0.165023530736885
0.124155197749856 0.0527118745022021 -0.0549006063067086 -0.0756953896053834
0.124494150829157 0.0397680160730273 -0.0664240755798758 -0.00696815730710954
0.126222498348225 0.0412477924503683 -0.0680095476430806 0.0527741621117391
0.122854048936063 0.11678248948504 -0.107014941645936 0.0995272666260025
0.033696053166214 0.185993839643674 -0.173898796455153 0.0837358078073496
-0.0719807334202285 0.190054168143836 -0.23076090610136 -0.0354194682535451
-0.22169958624125 0.0662730377552191 -0.144038375800216 -0.177821634240116
-0.238262698724267 -0.132930557370291 0.0130191681257924 -0.199575536599324
-0.156515619073454 -0.255936863103579 0.0202593439833302 -0.0790756298080497
-0.0600717740421633 -0.260169569156077 0.0427562791715024 0.0140368534219062
-0.187101428139613 -0.208432466076181 -0.060879750603057 0.218638505340342
-0.23168383959245 -0.04256583215736 0.143415882881236 0.242758947285573
-0.14916185218178 0.149759006454419 0.263330265829033 0.0483695459062445
-0.0135080406092395 0.191150006817073 0.149668914383488 -0.124240772033595
0.0945539224574422 0.148799949834012 0.0370283181848703 -0.115062076961301
0.144437805074011 0.0608126085781041 0.00606107901624316 -0.0503109637859664
0.139971937105245 0.0348248740166306 -0.0123036946956777 0.00757786030465041
0.135113568007974 0.0313191171120413 -0.0110402808344608 0.0699775891091395
0.134282777924571 0.106757493976886 -0.052907438489122 0.133409146072544
0.0540869733140478 0.185475190630258 -0.135584716782044 0.143814758518751
-0.0540287910968603 0.205846287238603 -0.230288648629383 0.030738102681168
-0.223914982401734 0.0792185599013299 -0.166871687536814 -0.121972106486128
-0.234039071325476 -0.135103851335386 0.00829773562064529 -0.15734788075411
-0.137386186554348 -0.256379813641659 0.0470148123611523 0.00991079930430405
-0.0119616485130179 -0.240934878682835 0.0530319898883049 0.128235326061891
-0.140509163878283 -0.238612712386562 -0.0629480953348529 0.26508936840299
-0.225739191698247 -0.0883484250499754 0.0902982222938951 0.277864531443509
-0.170087374275697 0.1270985464741 0.211180896151742 0.115203820669771
-0.0250422946354743 0.185464307744143 0.15231102300564 -0.0355421818677161
0.0856503042303783 0.14512599833579 0.0885667486609742 -0.0534965680902492
0.138463730421029 0.0575723794761466 0.066803813274346 -0.0217934089482884
0.134026120743702 0.0247282730140042 0.0421331862320131 0.0203856156807269
0.125733881023246 0.019086405868643 0.0438347534847212 0.0815973723971247
0.124783489677721 0.0867667801970778 0.00015057033771238 0.154003717170652
0.059429527927917 0.163071487847142 -0.0940715768219156 0.182681639518739
-0.0432805178855039 0.19095149065627 -0.214189047761996 0.0782821669836481
-0.206578969912233 0.0658687720198859 -0.16932544053085 -0.0747707001544368
-0.194050161693194 -0.136281340809224 0.00859984323745314 -0.117365539997529
-0.0892143536177079 -0.230221668426569 0.0658374375365412 0.0878675038284654
0.0329446119938344 -0.173735326472396 0.0526985681103307 0.224821054554526
-0.071241103150618 -0.207525142228546 -0.0633184547705963 0.295108293584786
-0.171053285286746 -0.100103639635004 0.0399430932296524 0.288874935725592
-0.143352145192084 0.0863767328085738 0.149752309725519 0.158167848222457
-0.0222809201597837 0.141861956381863 0.143143374865967 0.0412894336670682
0.0641520855654914 0.110330193136765 0.129678700751469 0.00110350105897743
0.108531830186596 0.0423908174341927 0.117348670379451 0.000667726439735488
0.106831413451691 0.0118824670059774 0.0880127837953859 0.0286412277211834
0.100030457199436 0.00713857799097509 0.0882583371205329 0.0886749759837322
0.100362445841118 0.0612708877716799 0.0422429343324453 0.165966968451347
0.0533248537282251 0.127161853390257 -0.0632855058619213 0.207537366556357
-0.0390909741692327 0.157348676474615 -0.197876330003473 0.108462560248343
-0.175891624451169 0.0359745218190554 -0.165579438104249 -0.0414939895225515
-0.133454766641265 -0.133132913948744 0.00790604890150965 -0.0853701902196248
-0.0227268384537944 -0.182204027401925 0.0687312001380994 0.149191665451386
0.0685289191202487 -0.0732418810743034 0.0492895348651449 0.282433336766691
0.00114168068516799 -0.125380472243377 -0.0563015392050839 0.30046689482132
-0.08559450330356 -0.0716364370794144 0.0119626401463737 0.286651006664535
-0.0757319904350782 0.0419077285196315 0.111795563102112 0.179313124811922
-0.00499533492777446 0.0709142894043124 0.141152687311675 0.0850402637513221
0.0341270323832993 0.0517445638092714 0.158747408603684 0.0304227585497421
0.0596759519434897 0.0166995475524549 0.149292404503129 0.0111620477220115
0.0628687266888868 -0.001789833493077 0.118184238319367 0.0318689778238824
0.0615408709331822 -0.00367473182330549 0.116939230044548 0.0918715720589211
0.0677530624284649 0.0329295302853306 0.0704198676211394 0.173531512235028
0.0428660765920571 0.0827677417073809 -0.0439896599571455 0.224604967683298
-0.0346158743344351 0.111171893869338 -0.188396961921428 0.126754670574622
-0.131417088677335 0.00350640924401694 -0.165167385403767 -0.0243337261107706
-0.0591584785801625 -0.115589719427765 0.000893016684493353 -0.065190597672561
0.0458344405030976 -0.111299582840008 0.0550371780674628 0.187638226953665
-0.0810553032430385 0.0190137113367683 -0.0854228143206425 -0.232692505878427
0.0176048332426253 0.0705791961534246 -0.0675248024834925 0.0771834678224389
0.0589512146483207 0.00609533254949355 0.185819586352214 0.0585571731594506
0.00550863450616864 -0.0522246632968737 0.229346608445927 -0.143919574545028
-0.0351434818273605 -0.0186301102465638 0.0585822095628059 -0.275380832111807
-0.0253056574805244 0.00753758099555572 -0.111790516013243 -0.214347206532242
-0.0199941194294314 0.0145303467925479 -0.160585475432473 -0.104822512392043
-0.00683957036613271 0.0224954328601137 -0.159474461337846 -0.034781213471293
-0.00290924337253083 0.0111331005877585 -0.172355362336826 -0.00112100302537173
0.00141926193114478 0.00858941016627016 -0.184184530471119 -0.0261128037059071
-0.010923720905721 0.00944410337232668 -0.172606087392716 -0.098069730258765
0.00113709257044501 0.000609663090962635 -0.113399179188355 -0.18727831812792
-0.0139567163320046 0.0332131854739337 -0.00500242947783662 -0.285661648947113
-0.0684399360617577 0.0333970547873307 0.0757524395698866 -0.324470828434631
-0.0936476947564212 -0.0438802505718922 -0.0232018455146892 -0.309544545426943
-0.11476017741538 -0.0744911323127814 -0.0538554333613427 -0.228247478670344
-0.0689939770645342 0.0206852655055374 -0.0637555629393805 0.0909482240839111
-0.01602208455548 0.0288030577299513 0.19860658258916 0.0790778655198896
-0.0127366804277608 0.0176290482143967 0.254508539228671 -0.13631496261462
-0.0166770056065071 0.0426155524863173 0.0716972114911465 -0.27845782351358
0.0191205058865499 0.0476953274146755 -0.101313473413226 -0.215556635629838
0.0364002130469684 0.0266752992211331 -0.147657128278104 -0.104174359713985
0.0485336946990817 0.0337900504100805 -0.149178742389895 -0.0294037789899054
0.0560366197059356 0.0331992545995198 -0.15972768581938 0.0146457753605577
0.0506189132523508 0.0730581985207126 -0.18337095509698 0.00872168741048483
-0.0135480360930878 0.0990488078557118 -0.197191859441532 -0.0587132901044927
-0.0637343727146354 0.0723346180470243 -0.160989196535235 -0.164225610836888
-0.118270249759619 0.0172669808582229 -0.0458571075600484 -0.273700032919637
-0.145050332441234 -0.0661836403228823 0.0521828983206702 -0.293701963286495
-0.125675041620131 -0.156602697824487 -0.0182721218051659 -0.258021653670839
-0.122782529330032 -0.167055429368241 -0.0160251208154249 -0.182694887062802
-0.147804195185071 -0.0530216282746225 -0.0622563065725375 0.125997836523545
-0.105589369386222 0.0317596079776034 0.204513365482806 0.128127897877408
-0.0484401989923484 0.0884605052458961 0.284927135038561 -0.0997618799204411
-0.00232941942377748 0.108195223504094 0.0993066177200783 -0.260706815391019
0.061051734524642 0.0906050175712409 -0.0681219136993717 -0.203820311004254
0.0893285050544984 0.0406249267174326 -0.112174912091912 -0.0959793320577688
0.097439150278476 0.0403284360232879 -0.117416976696836 -0.0195213861691991
0.10373131556924 0.0440207288191262 -0.123283125941624 0.0364486408884208
0.0978075464999426 0.111244606797572 -0.15717363310781 0.0593128008415376
0.00808789942870609 0.165276047556627 -0.203803419474495 0.0124918338417051
-0.0855782613251083 0.14734054825335 -0.213014163933749 -0.107495724222341
-0.196089066183543 0.0386045539565682 -0.10370861522363 -0.240420641941631
-0.213713814034236 -0.12044050487505 0.0270747179489285 -0.254249840860408
-0.153701906977994 -0.232370785627405 -0.00487178743362133 -0.178353320415449
-0.105063229100003 -0.24075168663069 0.0183609637201893 -0.0976957186670116
-0.198107967859359 -0.140621945216328 -0.062161643877335 0.1772144962318
-0.192499146630096 0.00742781680164566 0.190436393932809 0.192943745520018
-0.100382450102511 0.142957688849852 0.296897014318549 -0.0336059308458005
0.000247135337515038 0.167058842776558 0.13212815696748 -0.211762985378712
0.0917932196713777 0.130265690767535 -0.0196322386834603 -0.173198544269222
0.131277444269764 0.0531063047429753 -0.0582837871626032 -0.0794623168763555
0.132445391098339 0.0398237065121112 -0.0694756748796704 -0.00545830785139953
0.133582116822653 0.0414730287930689 -0.0709132256746009 0.0575898466358507
0.131787722943563 0.120971505352295 -0.110134100865541 0.107847285935319
0.039815490030554 0.196155591792502 -0.181472459734294 0.0911424341208087
-0.0727474258654988 0.200270982951926 -0.242223386717838 -0.031483324508371
-0.232971750717609 0.0726748374337514 -0.1525280531236 -0.186173807828121
-0.252056384359833 -0.137596192608373 0.0107484383665321 -0.210103937764332
-0.16452623632827 -0.268632454963357 0.0198011531267815 -0.0847746558852655
-0.06437147940945 -0.27435869524877 0.0429804213610568 0.0156835994683181
-0.198861042361903 -0.216930554656714 -0.0628072074995221 0.233018981952431
-0.24435455770251 -0.0427983847887349 0.150585204645943 0.253851922298925
-0.154719583823465 0.159145748648478 0.275758849452393 0.0475011414012242
-0.0107678137955312 0.201616585323017 0.155820629430827 -0.130162472190167
0.101940625518411 0.154982512642028 0.0388947582957337 -0.121384053158427
0.152248107171971 0.0609576771258797 0.00656460757568228 -0.0542769165854814
0.148292871183027 0.0338375842550644 -0.011684406824192 0.00928174201322289
0.142625195361449 0.0313041292335918 -0.010492956712944 0.0742355020089582
0.14280989369472 0.110196566108592 -0.0524065198854722 0.143401354524817
0.0610697043245046 0.194807196753587 -0.139857482073102 0.153231150509265
-0.052839191482043 0.215395301269953 -0.241027878116992 0.0385009967736604
-0.234612664379464 0.0872772834590557 -0.175686480221313 -0.126363506931899
-0.247408367118285 -0.139713066000385 0.00659672916101671 -0.164982682495037
-0.144050681889955 -0.268363013400588 0.0481568758922514 0.00725977413105129
-0.013712985438998 -0.254663163540802 0.0550359436492026 0.13579638428422
-0.150967441120066 -0.248302277504262 -0.0642733809391808 0.280835470067589
-0.239143960301094 -0.0902429991346256 0.0959001119169238 0.291361405838748
-0.177123360803249 0.135138382319491 0.221101249027058 0.119094964615257
-0.022948303819643 0.19523789506457 0.159277565301788 -0.0361566911407678
0.0922403358236057 0.151418479856232 0.0938502903237227 -0.057827622976366
0.146093365615454 0.0577863839122523 0.0712984372585005 -0.0265146968214769
0.141479357072788 0.0229566463571557 0.0453702050073068 0.0218360281461219
0.132161006760253 0.018198542001239 0.0470646438006231 0.0852366699389104
0.131768977657827 0.0891572762069504 0.00368624957292078 0.163681279709558
0.0658279399683308 0.17018500754407 -0.0963109105368262 0.194052724509691
-0.0417971524757862 0.199546685407264 -0.222890942956888 0.0878457599834138
-0.216415720988538 0.0726566945782939 -0.177526450355195 -0.0766858322715435
-0.205402066793156 -0.14116184679676 0.00698413849921517 -0.124279909501208
-0.0932968403162308 -0.241781414739414 0.0685968294598525 0.088912933744669
0.0333720219661075 -0.184227972818586 0.0544023875268226 0.237199889673406
-0.0782266983820454 -0.21658696728443 -0.0638274335774407 0.31245802024686
-0.181530470053234 -0.102523711846509 0.0436415997580532 0.302659251021427
-0.149217746846957 0.0926033000215983 0.157021009918273 0.164552415087768
-0.0211205072894266 0.149275038846419 0.150665482464081 0.0438412132573949
0.0688189801806024 0.115084551463262 0.137650759268306 -0.00112492571705677
0.11423492410752 0.0422220937285698 0.124538119512704 -0.00341735241022226
0.11231248914768 0.0101319579511537 0.0936440720114216 0.0296528953231081
0.104628114700794 0.00608214520588364 0.0943600453042818 0.0920416697964029
0.106050476792411 0.0630222279046062 0.0477884207479952 0.174606659349125
0.0585294701946286 0.132102825671837 -0.0620304489817056 0.219493236125058
-0.0381440132960879 0.163742034311836 -0.205139076470338 0.119377315223007
-0.184044946633556 0.0413570921470749 -0.173065274573063 -0.0419282746874222
-0.140877329300584 -0.139063896641825 0.00619505588901743 -0.0898242464455283
-0.0257322614919758 -0.190993219346593 0.0729077308600594 0.152988488224343
0.0711855269620983 -0.0782808034952148 0.0521760054209205 0.298185639763577
-0.00088851691441195 -0.131163295066866 -0.0563131297883932 0.317176270556142
-0.0913473448833511 -0.0729978192384738 0.0151480493318153 0.301113441562533
-0.0787887993247609 0.045210198763323 0.116641977510956 0.187664417737814
-0.00434240285056861 0.0741394411069273 0.148344379141043 0.0900341200139887
0.0359590060583714 0.0543215122209829 0.167911546289913 0.0279247483883184
0.0619786223036362 0.016732285123681 0.157472808387901 0.00711045391202895
0.065655516844575 -0.00341375241294783 0.125358831399485 0.032506057251073
0.0640984600898142 -0.00393449589677772 0.124324972238405 0.0954423496271555
0.0709415605528648 0.0333135611033427 0.0772626716896531 0.181605280801716
0.0461196140313282 0.0849349928938306 -0.041712213238244 0.237314764327223
-0.0339223563796378 0.115293868566667 -0.194576568918323 0.137963260707569
-0.137370204600243 0.00595674791380272 -0.172573889979219 -0.0234654751255782
-0.0634178819492567 -0.120931956724463 -0.000944480482864501 -0.0687512137788743
0.0461461900599346 -0.117513308395955 0.0592049669331072 0.193668317819889
-0.0593558761112058 0.0653313477644362 -0.222282370620665 -0.131070144419502
0.0580474512057638 0.046392901587548 -0.00157057938491174 0.112695957802952
0.0539014401130541 -0.0331580376359769 0.195377875888866 -0.073771696265298
-0.0284035513423422 -0.0475896495768826 0.0957464074118676 -0.274230265485809
-0.0413265019692714 0.00719431124217058 -0.134339634755844 -0.268129291613868
-0.015884248791815 0.02369425115558 -0.235489407937057 -0.103792493917266
-0.00574304239070874 0.0258557296100921 -0.204756949916281 0.0201889527890983
0.0104661254203725 0.0225308762630726 -0.156356570219565 0.0774023920871129
0.0060644061961811 0.0119060604261786 -0.144112888883885 0.114866744858412
0.00748423070479683 0.00813610279635429 -0.173321803956671 0.100772329845075
-0.00420108108898825 0.0172076074527565 -0.209601735122817 0.0333578954233088
-0.00178873920401184 0.00135711049355762 -0.218632086044921 -0.0836807435123052
0.00692988857253708 0.035960134438165 -0.197109366157802 -0.237897794633073
-0.037449554564543 0.0689541362461752 -0.16019881425062 -0.326940387056933
-0.112162340516113 0.0196257344302531 -0.225291781987571 -0.250786870076244
-0.145035203144261 0.00458913944229438 -0.198994727233203 -0.144213828551294
-0.0433705754246142 0.058632491866579 0.00619255376785118 0.123624231545161
0.00551115171178856 0.0324691270908966 0.218687861464374 -0.0596395039157295
-0.000387935799925822 0.0208038501782783 0.123983784924541 -0.281561880502168
0.0124754492036105 0.0463508385258345 -0.123202029324186 -0.276949379449934
0.0469406934165511 0.0277792278228665 -0.224679423637516 -0.111099675295942
0.0483058555047412 -0.000118529752169484 -0.192561647753323 0.0116573067027856
0.0643683186159127 -0.00464563764084318 -0.144028057538667 0.0754063881623873
0.0705500922958262 -0.00844184381941258 -0.123302352202655 0.120704814114919
0.0927219888352324 0.0288953348818574 -0.149047199385863 0.129985423729725
0.0553594082677932 0.0955004857014354 -0.202798076154656 0.0819900949681778
-0.0099179985907671 0.106826413426904 -0.242209673775764 -0.032456469316195
-0.0960448468574004 0.0939551941465274 -0.221652217778795 -0.199330419068535
-0.17192920474842 0.0376150569033582 -0.156824393629288 -0.286035132077623
-0.217069834744705 -0.056013634272382 -0.182156954483706 -0.209739343483275
-0.208335992279079 -0.0712152352622939 -0.144278904193248 -0.129516475971084
-0.153662393930715 0.0461994491178063 0.0259788281009943 0.152282579256435
-0.0678548235668856 0.0914147965216732 0.253187187125119 -0.0182002145227375
0.0135754983846818 0.101255423053694 0.175296472906532 -0.266671075740827
0.0657659441066286 0.0919729456408103 -0.0852663280293591 -0.280644436450297
0.109439227590231 0.0368454145887736 -0.188244631876429 -0.122773273406158
0.100652264413424 -0.0232775408877225 -0.157214998341381 -0.00680385900023779
0.109463670011075 -0.0314127289647482 -0.11039741130519 0.0628928298674108
0.117650651557494 -0.0312583035045716 -0.0785449670205381 0.116040695659373
0.158439325174784 0.0289085676594216 -0.0924968719141113 0.155682074745739
0.119834924207031 0.13700944398131 -0.159682826814466 0.145251607965777
0.0216893106601788 0.185832544089419 -0.247829887444711 0.050684283373217
-0.150025973851142 0.167993736450935 -0.246691597050303 -0.132937321465947
-0.268620129541346 0.0388749343778942 -0.150083043566207 -0.238438250493051
-0.292923417293003 -0.102300361317127 -0.112933853160124 -0.149509161956287
-0.237580411770396 -0.14583873023611 -0.0650534788174649 -0.0812941609526085
-0.249111003958892 0.00530152952508729 0.0551373882336423 0.193738957643797
-0.156012815943291 0.125679531223834 0.28029094758251 0.0487618218092888
0.00312510005304894 0.178184380151142 0.23067822381507 -0.215620840883833
0.105022251287533 0.139625617013318 -0.0239874984772142 -0.259519016370488
0.160471314307124 0.0503900630575026 -0.124956899422449 -0.12918989312124
0.142606544513116 -0.040730265960551 -0.10016880479611 -0.0299815807844712
0.138144535150608 -0.055178931761263 -0.0608222539471215 0.042314412164973
0.141171840948451 -0.0535966874482851 -0.0211218958956723 0.0987411040515651
0.193989062638488 0.0143253408899582 -0.0196172093082489 0.165332936155158
0.167988862654446 0.142392485340202 -0.0893173991418771 0.194952316856603
0.0687098251863224 0.222431021646523 -0.222022696313804 0.13401195887656
-0.15867696631288 0.224448261342926 -0.250494723725115 -0.0554907010216265
-0.313837323902914 0.0519487530606007 -0.132697331306459 -0.191747517858269
-0.325698599321395 -0.124240774403326 -0.0267217594465052 -0.0875060386088127
-0.222848901474529 -0.199187933637449 0.0269903204800225 -0.00535993701417516
-0.296523642378359 -0.0576192745898535 0.0876810844102775 0.238487786593728
-0.231300629722993 0.117114256419476 0.282616008858051 0.12777587999552
-0.0308864492536889 0.225371622131275 0.265390148861275 -0.128770628996889
0.117173689194499 0.175008564484215 0.0500746462318553 -0.205665381821614
0.18500375092974 0.0639466006202967 -0.0421510942695117 -0.124427535079155
0.164088135733777 -0.0482652288391103 -0.0289673627027613 -0.0535597960059543
0.147139059542813 -0.0709307724922796 -0.00312808149478838 0.0159239482182566
0.142126456145699 -0.0683292847117141 0.0406122344460221 0.0718249708068863
0.196081197182027 -0.00214330992871586 0.0524984731577945 0.156953658205574
0.185274715079771 0.125406336174749 -0.0127594168216548 0.218957261136095
0.0970916053605222 0.222087327751024 -0.174311503767266 0.192308353236023
-0.149110730252109 0.239661352669943 -0.228887744194608 0.0103125126273779
-0.310867622679904 0.0466406752647755 -0.105690880932134 -0.151461922123558
-0.308863534763277 -0.136372869288923 0.0599158632520582 -0.0273593029270902
-0.167489064012274 -0.213390545431096 0.116150911837052 0.083899957353852
-0.276487239964711 -0.112351016848734 0.118594926279647 0.277198495662824
-0.255936917619136 0.075343254165258 0.258182164196582 0.193140093693016
-0.0634138185805042 0.22058704568073 0.264759646223579 -0.0321070091965669
0.104022726650016 0.177337649052352 0.114069006664958 -0.129279817172071
0.173983611300703 0.0672071506852631 0.0450292654543726 -0.108103136765628
0.156570540327914 -0.0466942770988506 0.0435823815834929 -0.0735367960046349
0.13353179565509 -0.0749745755801975 0.0526937218451332 -0.0120614544138259
0.124403199188367 -0.0720181771301116 0.096783160059712 0.0419771024582151
0.172188085373145 -0.0126118940480638 0.113152519538336 0.136246410679811
0.172404162415749 0.101618511997356 0.0511079865163559 0.222817740135395
0.0955440647114256 0.199931001275422 -0.125758563466043 0.222362928921707
-0.141881332449243 0.214433921271274 -0.196628285102303 0.0534383933247098
-0.275121880421658 0.0176626952976671 -0.0762941612387241 -0.11543792873387
-0.246446448587755 -0.14506443103694 0.129972408854294 0.0286901998874985
-0.0837168978846512 -0.179807088850839 0.187536695785587 0.165055981616786
-0.196305431606712 -0.13052383523268 0.141915974394905 0.300911596975549
-0.214369014626565 0.0302715942528093 0.22418430390521 0.234076545240974
-0.0655480087045856 0.167761928085448 0.239186391571934 0.0467787371326073
0.0763940285754218 0.13652145281964 0.157639252744983 -0.0568812859141891
0.131195841152756 0.0516071892669414 0.11721738114311 -0.0905436077045156
0.120741077715252 -0.0394658093391202 0.103035923698892 -0.0895020447472639
0.100251126113795 -0.0663487302782204 0.0977419628697933 -0.0373917887075148
0.0935972014526403 -0.064258218974032 0.140051756453446 0.0159398914701952
0.132820860522544 -0.0173732842379056 0.158022259950383 0.116276737686857
0.13936174475843 0.0740442867140545 0.0957245022338094 0.221309315704735
0.0759575206273358 0.167025160050849 -0.0900093455353217 0.235153107606041
-0.133415105015682 0.164456684329159 -0.169564025745217 0.0797990580975814
-0.217092494078728 -0.0237261052403939 -0.0533100589900817 -0.084461335791092
-0.152819581916702 -0.147372984314554 0.173760682390362 0.0819268522151205
0.0131339572330161 -0.110267361962342 0.231073332563741 0.214132937811651
-0.0799405746470591 -0.106446069953642 0.156473946298193 0.299002518821267
-0.119808343133624 -0.00055299202965012 0.202250299884 0.247479061909426
-0.0356685827920366 0.085656273554571 0.220146029824362 0.0884872943681476
0.043121833826946 0.0629971383553315 0.184177416664089 -0.0188216328514199
0.0642752516186523 0.0221259886542941 0.159120005066289 -0.0873712243840065
0.0612093927592684 -0.0271307857508218 0.137188825109953 -0.102666390875585
0.0522869870595857 -0.0464389765876181 0.12592660588062 -0.0561560656426892
0.0519404712281943 -0.0460486235336645 0.167695687452134 -0.0022276105738564
0.0831037456160178 -0.0187240679113056 0.185718374816968 0.102269597164491
0.0968706662176123 0.0417431146782509 0.123798238293278 0.222793220574334
0.0470057547464984 0.12247613930388 -0.06916496159776 0.244739506033591
-0.116857936124315 0.10142077521184 -0.157619221925444 0.0955164910317759
-0.138152752661618 -0.0614010499956733 -0.0454116781223761 -0.0597396776875297
-0.041093128402609 -0.131165891492813 0.185375250635092 0.127053302470926
-0.0586100229747171 0.0736700050913588 -0.247394696753297 -0.125803240157576
0.0651499155551011 0.0446181053286376 0.00698156177360542 0.124016912326151
0.0550991510860429 -0.0387778274172402 0.205545953451305 -0.0897553943221062
-0.0331746772348714 -0.0485706085102224 0.0844170396359787 -0.29979568648246
-0.0434283534784496 0.0103582932830941 -0.162941240690564 -0.280131975463033
-0.0146666615569645 0.0256547781459899 -0.258955631849941 -0.095409315707508
-0.00298646114218617 0.0278266729971469 -0.216509822857811 0.0356162604867725
0.0139019520849129 0.0218715126666008 -0.162131912723109 0.0935214439483827
0.00826200268136889 0.0119940303642067 -0.145662728781869 0.13373529484442
0.00923975173619209 0.00820712123618444 -0.180159939731463 0.120128040877805
-0.00232166242003051 0.0195193866186962 -0.224061430295697 0.0485448502426756
-0.00261228322800041 0.00251097574515495 -0.238424447008121 -0.0798969137221326
0.00882293842182889 0.0380251208679643 -0.22704706359041 -0.246111459143177
-0.0350757824462844 0.0735706938712676 -0.191511953986654 -0.340439442173
-0.119838136335025 0.0253520609169669 -0.254674922628517 -0.258729843392931
-0.154914987863046 0.0120969859911408 -0.223302056996423 -0.142154679900812
-0.0432319721247977 0.064270774365488 0.01609269433046 0.135210222892557
0.00627639346371788 0.033474338989739 0.230238499395175 -0.0754244542664184
0.000351219308077945 0.022620848807371 0.115411014677195 -0.309162160197244
0.0174798078699801 0.0488492281409424 -0.150065740063541 -0.291108233438027
0.0532207400648137 0.0261345697906299 -0.247412357529968 -0.105289843372254
0.0525147139347737 -0.00385931858130154 -0.204758838798214 0.0252386335862337
0.0697996336313628 -0.0106911504963996 -0.148570807635586 0.0908159918124306
0.0760717131459947 -0.0143585217144451 -0.12244719331575 0.139332495154942
0.102588833915624 0.0252043749755004 -0.151166732882641 0.150405064268843
0.0670679310477595 0.100007211767007 -0.213643206468632 0.101157742351755
-0.00444063485395668 0.116401287579918 -0.25957059178109 -0.0218926176118461
-0.0987079045385923 0.107384117486172 -0.251188364228816 -0.203455967799991
-0.18239031488393 0.0484052698724564 -0.185809996205184 -0.297530388484269
-0.235841206441149 -0.0510515043164101 -0.206841983503997 -0.215800985938448
-0.227926454233069 -0.0660902619742112 -0.162642118522684 -0.129217558016066
-0.16244217624029 0.0577875906196212 0.0384268541142418 0.164672977903611
-0.068894584880341 0.101581445306628 0.269133058908 -0.031972418945682
0.0193730157098464 0.107718850937009 0.170996344389662 -0.296412656460418
0.0774412275506714 0.0948105403587641 -0.109254681347421 -0.295583036288307
0.121105727091534 0.0318382859349838 -0.208983437570114 -0.120546433651995
0.106835826297897 -0.0317031671192383 -0.169393282894593 0.00239239151915437
0.116213971709691 -0.0424276654920014 -0.113131666708431 0.0751935079234408
0.124636143044748 -0.0418316642470633 -0.0755781806920048 0.131424155697069
0.173680915282619 0.0208118090822143 -0.0881114544818048 0.173735808101577
0.139199512117489 0.139886713150921 -0.162898164308554 0.167105265500732
0.0343934008327843 0.198798026217611 -0.261135908344153 0.0689986167798291
-0.151602632135889 0.190161565417574 -0.274375812170319 -0.129710127505548
-0.287298953779796 0.0566519240467421 -0.175328373716314 -0.246939379658083
-0.320386756486231 -0.0971392193065544 -0.130220348264074 -0.15487384925106
-0.264228217136464 -0.145622875858348 -0.0745702109934151 -0.0818020296264915
-0.267826261919026 0.0195781870824786 0.0726265364004176 0.207500472904235
-0.161630646195534 0.143799263715947 0.301924431612677 0.0384568993900221
0.0133967529827861 0.191302298565307 0.234426932912588 -0.244222658256091
0.122285957069276 0.143367179948295 -0.0411021509226205 -0.275878687214595
0.176216816439934 0.0434937765704057 -0.141799296017502 -0.131203426646212
0.150388638919216 -0.0527888250340207 -0.109681334416754 -0.0273975130034255
0.144805599364398 -0.0686251484107831 -0.0614473650083374 0.0494280184594453
0.148576066950188 -0.0666455261983014 -0.0146162922902363 0.108839701906694
0.210735286866643 0.00251797486588105 -0.00843645167468131 0.179500563602106
0.191744940867703 0.141683260424988 -0.0836574037899411 0.215836370082304
0.0873880205415372 0.234430906947201 -0.22689032398486 0.157588707087934
-0.156967455455237 0.252089428967197 -0.272584179748226 -0.0458464648128012
-0.33520422628381 0.0740443087690242 -0.153598255526209 -0.197508985129655
-0.356812705416816 -0.119404641617415 -0.035572514324484 -0.0923947157412452
-0.251649505922469 -0.203902366299841 0.0288434735184102 -0.00496555461562806
-0.322377289374495 -0.0445443212136037 0.110127946748246 0.252507318676
-0.242909413697538 0.139992976776613 0.308623087569467 0.122187839821901
-0.0198610342487991 0.243603302146699 0.277003731769288 -0.153058933216798
0.138052491147432 0.180945358547797 0.0420408106895309 -0.222904329569182
0.203746078758475 0.0566240177124113 -0.0525778879329363 -0.131708917454279
0.172477212613756 -0.0622150806893566 -0.0358233134863487 -0.0573862774710204
0.152929997437054 -0.0861260361059366 -0.00120324568115702 0.0171885611768862
0.147761441411462 -0.0823162716851053 0.0494646281864579 0.0761127836302019
0.211306709871343 -0.0146836381881968 0.0691916739633375 0.164298725555483
0.2076885906247 0.122582371171274 0.000643085684230393 0.236595733043809
0.117287940290313 0.230945960186153 -0.172000687171978 0.217864885001831
-0.144785866165956 0.266343521910059 -0.245000739591525 0.0236982287978787
-0.33249694427575 0.0687274162752174 -0.122283161688419 -0.156014910347023
-0.338504467064684 -0.13208431824204 0.0598393791373155 -0.0327818727183888
-0.192688565443309 -0.220629841542309 0.129597256008345 0.0861666322547345
-0.303974908354148 -0.104010244154822 0.144868848716752 0.291330647100684
-0.271251602596664 0.0972690945240038 0.287256151613196 0.193657039671497
-0.0547726903174328 0.241015046947154 0.279954942574598 -0.0484972280362422
0.123238622358713 0.184374663002827 0.115430673330902 -0.14279401764743
0.192294065207205 0.0612681263598292 0.0419365090220613 -0.119601511572981
0.164789126914738 -0.0601947888766238 0.0404632843319673 -0.0838887671337135
0.138009445594087 -0.0893536784265848 0.0567070888868366 -0.0165118396472466
0.128096147051928 -0.0846009843791281 0.106823033583883 0.0398243446887111
0.184434878466665 -0.0245362447273226 0.132786461251484 0.139258883313901
0.191207895208976 0.0973497424890478 0.0692763901059521 0.236859141136684
0.114752607461452 0.207222845006199 -0.118420154759089 0.24711835513639
-0.138126802878341 0.238647319578421 -0.207584379503945 0.0687542453480166
-0.295259490270727 0.0354330759260525 -0.0889160579196093 -0.119614733387569
-0.271815663030425 -0.144087698362472 0.138201067746661 0.0227889647954587
-0.101415295188592 -0.189562350684508 0.210323564411247 0.169213039345742
-0.218978053099974 -0.12800940605065 0.17070832060338 0.314835309144395
-0.228334670617968 0.0461335202587141 0.252823803727265 0.238971781330701
-0.0595699058537892 0.184745843940888 0.258679725252303 0.0388856578553722
0.0914306533592881 0.141482804105201 0.167099175384186 -0.068190018667619
0.144535357449754 0.0474627530554711 0.119731743214294 -0.105766646093081
0.125582803649995 -0.0503093691619269 0.102391988075862 -0.105002240631036
0.10281891707991 -0.0779704465655397 0.103863951317401 -0.0467864255930558
0.0950420484980851 -0.0736790343937412 0.152294940464743 0.00890050080894367
0.141671355422156 -0.0269743963913175 0.178446775929968 0.114400286592865
0.153522915793107 0.0702206723531833 0.117071165607546 0.232581487261486
0.0906133631052327 0.172334246491822 -0.0791498288875669 0.259304330222433
-0.131662392021502 0.184756348909169 -0.176658426222395 0.0947014262429452
-0.235283446390001 -0.0129387333583137 -0.0631643134487253 -0.0879364628984556
-0.172510154110452 -0.150120325638332 0.188852747076952 0.0763505302079813
0.00665429235449825 -0.119472027599317 0.260185328445215 0.21942662181336
-0.0921632116019829 -0.109621943812674 0.185687621381348 0.312517259490991
-0.127553486291663 0.00755651262555434 0.231665228876296 0.253823638193222
-0.0319238297787468 0.0941818487751074 0.240358951914877 0.0852424889502744
0.0510209588753941 0.0640685436439036 0.198549351930939 -0.0288116347308078
0.0706818212995235 0.0197165370417451 0.164728449939502 -0.104628097320846
0.0635090831481967 -0.0329067622044856 0.138462043602212 -0.12021120725177
0.0522840915714164 -0.0533873307943025 0.131988425031185 -0.0689189102206558
0.0523863568985324 -0.051749544047124 0.180244031928071 -0.0132039964607884
0.0880419857605949 -0.025201711839673 0.207163657801809 0.0979405376552384
0.105447848913662 0.0388777628336765 0.147114434991556 0.231804588699277
0.0577212827063097 0.12672844697345 -0.058145723206386 0.26679083790771
-0.11780677275708 0.116026232155384 -0.162483820348614 0.111091550514225
-0.152077308726481 -0.0581644504312266 -0.0531619021356697 -0.0612064386783944
-0.0525471200627379 -0.138107851585241 0.204637668367273 0.123198357784117
-0.0549049473049897 0.0827032528168623 -0.272024284845605 -0.109696062274523
0.0723107908357299 0.0399855243428406 0.0207965715750035 0.132728179582446
0.0544416522035862 -0.045705603818386 0.208853506375217 -0.111071625764019
-0.0397190825700933 -0.0474958752565492 0.0620667484346941 -0.322239045704179
-0.0443052684362136 0.0148580075664199 -0.199116068914632 -0.281353992267776
-0.011941466164349 0.0283184501292836 -0.281192978968062 -0.0777100298445027
0.000711138947465197 0.0292520756414887 -0.222492110877997 0.0570710280693812
0.0174277154037494 0.0203354283039663 -0.161467724927252 0.113481394723349
0.0113255833273326 0.0115826971836688 -0.140110420370826 0.154676331519453
0.0115151337397394 0.00827216077440097 -0.179422242518221 0.144135015074442
0.000420494592821315 0.0219812103472851 -0.232260787986141 0.0705047872163895
-0.00339133914652587 0.00388724125362163 -0.256577206916973 -0.0668984592103457
0.0125072466134966 0.0386830045882473 -0.262136709833991 -0.242532947086081
-0.0303463095254485 0.0773878201713032 -0.230187474498927 -0.341557193015919
-0.125218071898831 0.0348162410572849 -0.287587031150167 -0.253730526826591
-0.161906585301191 0.0244132613789028 -0.247694674519026 -0.129191044747237
-0.0403934785275373 0.0694822131212579 0.0312114805750525 0.143018601861238
0.00854183326399693 0.0345679794732918 0.235722305380171 -0.0970842826672293
0.00165444621787432 0.0240316404552306 0.0928271127817284 -0.334036952339061
0.023462111602866 0.049826759614517 -0.185741481270456 -0.293861517389161
0.0590018684543685 0.0219458889214328 -0.270128419792289 -0.0882590873288899
0.0558625887706498 -0.00911816030431032 -0.212181309860058 0.0447339501387864
0.0737334614879831 -0.0190328821060521 -0.146843556580556 0.109492356414069
0.0794862774379617 -0.0223563373326321 -0.114559025842247 0.158575519923992
0.111611664525382 0.016768818488693 -0.144328023194945 0.172812749987816
0.0814533309621087 0.0994295660906953 -0.216374373026092 0.125961856557229
0.00459368253514359 0.123400629817544 -0.273685915973851 -0.00216546754816353
-0.0957844891707019 0.121657452321226 -0.28318228374942 -0.194663066564696
-0.187882870355463 0.0638902906903607 -0.221098796884637 -0.297237068646114
-0.254267266815746 -0.038487803812491 -0.235533396639998 -0.210714066295297
-0.245923042570776 -0.05268934030355 -0.182785010978057 -0.120463740445094
-0.166009020926789 0.0731727931547567 0.057301673588408 0.172573409557694
-0.0653893613053264 0.112456347997669 0.279958066513656 -0.0534600875910431
0.029450967145962 0.11211836566851 0.153555048599373 -0.325711136843844
0.0909287094659025 0.0928995351340493 -0.141411875030664 -0.302118909824166
0.131106670864202 0.0221120685420267 -0.230326760784043 -0.109073926687255
0.109686450242376 -0.043320311269027 -0.177305960557856 0.0175845771344546
0.119208485884894 -0.0560749542558733 -0.111135791896637 0.0897942838609385
0.127798240660983 -0.0560752215522819 -0.0654064336782507 0.146628224878314
0.186188893803714 0.00543186029273188 -0.0751526603925213 0.191981226543349
0.160313154838575 0.135290941607953 -0.156820062652472 0.191751355857901
0.0531098484435948 0.206846767066163 -0.266840663647348 0.0945614569294207
-0.143455874008993 0.213751048955356 -0.301345639377714 -0.115909581556935
-0.29843557777569 0.0831402370946184 -0.205485893594653 -0.24446640741158
-0.34564883783555 -0.0810604468707714 -0.150902027323118 -0.15282166837025
-0.291736834383966 -0.133851157981727 -0.0853275386352354 -0.0780049955710066
-0.280184138875698 0.0429551605017394 0.0960700919394156 0.214292900194563
-0.160406256478266 0.165263118258213 0.319566583616497 0.017973502598463
0.0300575338980386 0.200390988977718 0.22394079370089 -0.276239037179073
0.143103199174168 0.140378642300475 -0.0666058098798917 -0.285943598551475
0.190851739071619 0.0288740892519754 -0.160632086344355 -0.126749132641976
0.153088718473535 -0.0691778783760459 -0.119341584634072 -0.0192214611181099
0.146603747028573 -0.0868138778618537 -0.0587014404746728 0.0576625999437903
0.149561803995287 -0.0835072631696168 -0.00361439978184393 0.11781945359563
0.223515904420229 -0.0168236118283779 0.0100949682492317 0.190122251228111
0.215870848742222 0.131822661661786 -0.0680902382521121 0.236866101734497
0.112197375989041 0.23900415585372 -0.223125336862688 0.18642003447279
-0.14360585825486 0.279999664107446 -0.2913751424733 -0.0264530987518151
-0.348103874143437 0.106529163698426 -0.178231487299837 -0.195702138728486
-0.385398332731002 -0.100969424735024 -0.0466009466416623 -0.0951880235255602
-0.284038116158031 -0.196202246607296 0.030637278841207 -0.00536834768750657
-0.343939061772394 -0.0192596880984779 0.139342917833885 0.258228872642498
-0.244916815584568 0.168997272404162 0.333620143371649 0.105375166367494
-0.000209994238384561 0.259216559584515 0.277198667654011 -0.182764011474146
0.162597027251001 0.177986273303618 0.025916734524959 -0.236139441443286
0.220614980409312 0.040569533700652 -0.0668543601794479 -0.134771450145187
0.175127775171539 -0.080466866991807 -0.0448754025261219 -0.0580774242542472
0.152877465440821 -0.10472265926514 0.00190627829671221 0.0176490331243125
0.147214301269697 -0.0994156582696373 0.0610005239967082 0.0771059265305536
0.222155777751171 -0.0352274772876963 0.0909863925058258 0.166812792057745
0.230590076554796 0.11000969927362 0.0226468062131997 0.250745203034676
0.14321886565616 0.232272453822804 -0.159512184568865 0.245183531084337
-0.129390546541148 0.294408979914554 -0.256232539793839 0.0441016705175302
-0.34488606052703 0.101338590487039 -0.141151796526481 -0.153812164634576
-0.36758060216155 -0.114969848399148 0.0586781938753895 -0.0404927129800997
-0.224250295520516 -0.218848953759854 0.144168437087217 0.0826357386620725
-0.32962736169749 -0.0827569540569078 0.178544717050915 0.295203311008232
-0.278457568444512 0.126221802460271 0.31798262950241 0.183234754903801
-0.0364479305826616 0.258804865512696 0.289910413662485 -0.0721953653732052
0.147248053722817 0.182555526860789 0.111367195296064 -0.158594352602658
0.209259105787882 0.0467454875194743 0.0338810566871143 -0.130680944330299
0.166828717709537 -0.0777298772664388 0.0322914280158076 -0.0932808196944186
0.136549572563762 -0.106449266162696 0.059511633047577 -0.0232341073229875
0.126646547501739 -0.0999777113473095 0.118031354838265 0.033791812563728
0.19248867663757 -0.0425905447218902 0.155134386299418 0.133526825185623
0.21032126920921 0.0851594047191854 0.0944695396328469 0.244264712399978
0.138052514504663 0.205988766971491 -0.100446477361653 0.271242368394598
-0.123241614274599 0.264371166169487 -0.212312963633025 0.0890195281066248
-0.308553657645184 0.0629858553663198 -0.103720137928573 -0.118586654618617
-0.29897411589458 -0.131933372740325 0.145117482760553 0.0114547133982786
-0.124588519835662 -0.192110077801951 0.235606018977769 0.163677309854493
-0.241417885697985 -0.115396507995587 0.206978740337284 0.317346687310432
-0.236313474923449 0.0685193451545346 0.285932669165315 0.232098338207297
-0.0461938757811963 0.199676963262927 0.273996987068484 0.0218388047001402
0.109262303190563 0.140111588061894 0.172364952111606 -0.0833631316737972
0.157467471562149 0.036807292694179 0.116850060463114 -0.122128735205534
0.126779055351443 -0.0636027579242587 0.0956742306376448 -0.120413967421125
0.0997206645925207 -0.091463001005121 0.105218058813005 -0.0592784097473597
0.0920340009453228 -0.0855596814324498 0.162608962125417 -0.00415909620498047
0.146392257029322 -0.0403654227751328 0.199757486751719 0.103528952533564
0.167349715763566 0.0597041073763294 0.14494978632647 0.235217192661567
0.108929766551503 0.171470366518966 -0.0587364840577285 0.27991831794757
-0.121476051767128 0.205740059472164 -0.177202056678446 0.114431025208673
-0.249215438098394 0.00624491188680616 -0.0741205987072913 -0.0869961315691164
-0.194809526418364 -0.145452350123846 0.202319244881992 0.0637439505716746
-0.00441243497000301 -0.126217851306555 0.293153419024421 0.212294778534972
-0.106486515894377 -0.106178296246793 0.221080168880557 0.314045217096353
-0.131720602940543 0.0200494527774346 0.264825338550237 0.24896456000324
-0.0237025560346205 0.101283063319772 0.259538861948642 0.0730982411347683
0.0595143330438074 0.0619695959877856 0.208417066968349 -0.0451289485240379
0.0770938571185334 0.0148089318643215 0.164114474296798 -0.12528934410435
0.062892165199553 -0.0395145811748615 0.132241881425572 -0.140317469440259
0.0490484470227543 -0.0605304150490145 0.1328066295574 -0.0853073798320228
0.0501788827205734 -0.0579004081795038 0.189492560105093 -0.0293067767521158
0.0899564397331144 -0.0345135200343099 0.22728455432967 0.0839868995639523
0.112788108064522 0.0314381074144145 0.175483968545652 0.231362483561891
0.0708059216123519 0.126646029458491 -0.0361715146280263 0.285746242881536
-0.112621084809001 0.131844969103064 -0.1613607731403 0.130124267639599
-0.165423681554174 -0.0486421071208281 -0.0622851280474428 -0.060354027118094
-0.067993322927394 -0.140371040144509 0.223316123303795 0.1111359227873
-0.0481014644975145 0.0886131296316569 -0.287930872997768 -0.0859261894336476
0.0765349746160532 0.0327886891470561 0.0373428559354161 0.134890986585394
0.0514486999925645 -0.051856638168473 0.20456894045165 -0.131809862483756
-0.0447125828250754 -0.043820949141501 0.0334106216081877 -0.333655128550892
-0.0438276244756162 0.0193297189209671 -0.232590738088652 -0.269529101012096
-0.00917949245657577 0.029497966462646 -0.294703272780314 -0.05260108986327
0.00468577903668015 0.0290585476351321 -0.221154494869301 0.0790363524814499
0.0205529454939212 0.0179179604719586 -0.154395217647606 0.130836016949935
0.013828482982 0.0103012980186707 -0.127447663027117 0.171283236931158
0.0133968128084925 0.00704145376312649 -0.170260238136236 0.165632914424943
0.00399544478255944 0.0232967146108145 -0.232705795336171 0.0924767023834592
-0.00345877702834595 0.00569648146544685 -0.268860436436827 -0.0492255997446718
0.0164599376268589 0.0385455817467242 -0.291885428761463 -0.226366469374939
-0.0250197648232332 0.0787767552575606 -0.263313370879042 -0.329131218255473
-0.126574888501788 0.0449076226783357 -0.315523126774194 -0.238485849923281
-0.16395903574017 0.0377755927871475 -0.264458614152391 -0.108356827195458
-0.0355217060951063 0.0734348809853654 0.048749508402178 0.145770959370854
0.0109187399338362 0.0346795969631862 0.232472910227267 -0.117821654021953
0.00321484016099989 0.0249343756070721 0.0638157296040123 -0.350134730127005
0.0294339879559702 0.048618419560379 -0.218466086592447 -0.283511211708145
0.0631901648221843 0.0167390098942275 -0.284272036836945 -0.0650145597719769
0.0574842885377187 -0.0153740445413828 -0.21215685940381 0.0660236588191393
0.0743099423058967 -0.0282881154451299 -0.139491752609444 0.12601570937544
0.0799836702394972 -0.0316297047391243 -0.100236012776579 0.17371548790187
0.117367077315354 0.00598515646547112 -0.131371091886472 0.191988132957311
0.0942661024859029 0.0949911725950832 -0.210379282690138 0.149814628629289
0.0155006134959717 0.12714016714792 -0.280122685367881 0.0193791328745087
-0.0878223117226199 0.133791955009912 -0.309400853731715 -0.176100590296524
-0.187897679132792 0.0797872663128119 -0.250787765233619 -0.284132746623578
-0.26484682116552 -0.0198490623923458 -0.260151980239193 -0.19772144644343
-0.258346928740178 -0.0347613080053972 -0.197380972990324 -0.105776389553831
-0.164369458241637 0.0888012527216543 0.0776698995157151 0.173295027044659
-0.0587991785907088 0.121131560368559 0.281533430602632 -0.0765964540743659
0.0392116689058069 0.11206062937393 0.127292728510787 -0.345674732721958
0.102904158498364 0.0865650587311583 -0.174329139367907 -0.295876009997762
0.137120570771809 0.00992422742703655 -0.246101641792938 -0.0904806269169263
0.109200612656826 -0.0542082373803192 -0.179887850473453 0.0344464420095631
0.116995516523053 -0.0701609777596385 -0.103913690097873 0.101797959245504
0.125764247874469 -0.0697065663095238 -0.0505842635742923 0.156984213345306
0.192180529067882 -0.0124743371833702 -0.0576014637483295 0.204684549881854
0.179497928419937 0.123723158014625 -0.143020631914505 0.21294578865108
0.0729092678388994 0.207253077762355 -0.263160125104263 0.118777904593168
-0.12890700523907 0.23319502133019 -0.320181107988323 -0.0928383884358787
-0.299475845618562 0.109995739413659 -0.231802325433037 -0.231626130375999
-0.363662973403326 -0.0569184417102118 -0.16783021303061 -0.145047178921724
-0.312626159354737 -0.113684191486649 -0.0936659066262293 -0.0708196773509979
-0.283643713953024 0.0683791305088043 0.119652067147564 0.211598488956181
-0.150594978651827 0.184031801469414 0.328899692925739 -0.00620977658502543
0.0481683797860013 0.203086846020018 0.203516429087377 -0.301418958772814
0.161043691235576 0.130577651258368 -0.094325278259496 -0.286160776898765
0.199364436441826 0.0111042297675472 -0.176018262065345 -0.115592376672929
0.14993650538261 -0.0843148798013345 -0.125476410986421 -0.00847869033462418
0.141782550666644 -0.103635826802179 -0.0532836875279089 0.0639086403223267
0.145388631061418 -0.0991030231370041 0.0104994166237899 0.121576030091502
0.227964513229002 -0.0391390858057111 0.0306515187125012 0.193108992003785
0.235287194605551 0.114622910272237 -0.0474244991646375 0.251016836585047
0.135751143293803 0.234498878909844 -0.208528663999922 0.21004133012743
-0.121758186033844 0.300328945251934 -0.302031854354836 -0.00249960417080902
-0.3484678536436 0.139377167583898 -0.199356061237949 -0.184534585351523
-0.405641036355601 -0.0744464278635978 -0.0567860941181791 -0.0938037976136001
-0.310758104900335 -0.177797130743345 0.0313593181889697 -0.00684029758062385
-0.354248049488514 0.010978814377211 0.167257325082549 0.251955705472189
-0.236951281340203 0.195286558280163 0.350350242314823 0.0822731458352399
0.0230182141706883 0.265933581058311 0.26666553531005 -0.209648416472223
0.184608408892761 0.167218672026263 0.00606103003819936 -0.242714624347771
0.23120407709046 0.0205770424897936 -0.0805888052793712 -0.133059750498915
0.170979731699087 -0.0982340641612204 -0.0532014746152217 -0.055803715064812
0.146162869352342 -0.122831428891431 0.00438037673818192 0.0169273916872933
0.140940591454783 -0.114514667912858 0.0724349232858248 0.0737006994976841
0.224265502465734 -0.0562943720684211 0.111667575550404 0.161072156987668
0.247620278616795 0.0908581237911769 0.0470481245472789 0.256360099152385
0.166911250817131 0.224270800590836 -0.137927098034882 0.265210434031995
-0.104937100548358 0.314455825735303 -0.258372417616769 0.0672830048091185
-0.344777101991381 0.134706196052714 -0.157974800326831 -0.145177307813323
-0.388778142393821 -0.0908143576213751 0.0544035578014528 -0.04695006745848
-0.250501928656299 -0.205283021829832 0.156482828340417 0.07314413953458
-0.345700181289998 -0.0556946349071237 0.209569644075448 0.286805644718504
-0.27440694550226 0.154525779422143 0.340622297552931 0.162311818007696
-0.0138593943432417 0.268323585107846 0.290078049972608 -0.0967917885579725
0.168185023580269 0.172452292879493 0.101468479987874 -0.17028895575379
0.220190796517272 0.0270263130915708 0.0223280069225949 -0.137573223479645
0.162583378144377 -0.0947978569172721 0.021681932068978 -0.0983142716982809
0.129522012320181 -0.122142656975292 0.059428343216473 -0.0297748199253029
0.118966021828901 -0.112162574981152 0.126393252587863 0.0233216294521892
0.193158876440361 -0.0609184305139602 0.173429664975457 0.120797568409832
0.223305211277584 0.06770360789493 0.120582737504443 0.243155371667569
0.158852400184366 0.197549572385839 -0.0752733672982898 0.286865848810934
-0.101285250319633 0.281663382312102 -0.209692761976299 0.108428001950381
-0.311314641230993 0.0919164471865596 -0.116060898370052 -0.112721594555222
-0.318925224623154 -0.112115892894643 0.147305298597618 -0.00110843100519883
-0.14680738060124 -0.186523247705923 0.256698892174029 0.149210879941437
-0.257891577283684 -0.0960938498110026 0.239192326117324 0.306754820448983
-0.234575379643083 0.0922987674291288 0.312660046485486 0.215096865928753
-0.0279269489711637 0.208162258289844 0.282962574366797 0.00137572589619116
0.125372031529254 0.132473433551695 0.171331679209523 -0.098448069616488
0.166417087069469 0.021993942682122 0.108727752626877 -0.136718276328958
0.12381423550793 -0.076293846320133 0.0841348660906196 -0.132785825236457
0.092613597741991 -0.10294005431774 0.103016086364529 -0.071217506049198
0.0865731347149473 -0.0947581458749494 0.167645711914896 -0.019253355306755
0.146252302568769 -0.0547193980056201 0.216216238734479 0.0864262329919035
0.176316357672059 0.0459532763173116 0.170275060109201 0.228686392074842
0.126197086554912 0.164700156771689 -0.0326232517166933 0.292141309500452
-0.10432876493637 0.221388142295193 -0.170704550926168 0.131387391415392
-0.255353655227311 0.0289584263673876 -0.0835541951431301 -0.0833232488286781
-0.213371186262659 -0.133023372268362 0.210166689030756 0.0470510092067236
-0.0175403651044541 -0.128764191978068 0.31957384879927 0.194857141453551
-0.118752900259605 -0.0990468647150207 0.25272597296975 0.301937891051883
-0.131326081645963 0.032671162389045 0.292785278199343 0.23319300138504
-0.0138976908339565 0.104909948895264 0.273049848616375 0.0549276963106885
0.0663959750855108 0.0565270427308904 0.212415925748432 -0.0627053390492967
0.0809604346513092 0.00758641331057152 0.15630387345058 -0.143907193640079
0.0599912800350042 -0.045692845009073 0.120178830360919 -0.155481011783913
0.0434604324208243 -0.0663870371212479 0.128545690980973 -0.0995862113774977
0.045051929081938 -0.0632214787138167 0.192631180083506 -0.047667940237654
0.088720200367965 -0.0433430023378271 0.241354178956227 0.064604935160141
0.117534988169031 0.0220659935686236 0.201886134317553 0.222225663408186
0.0830817230192802 0.122095203070127 -0.00985715919493938 0.295672012941971
-0.101070789764184 0.144483580825805 -0.153282699617076 0.146320190957159
-0.174953408276154 -0.0349455604748936 -0.0691123743710864 -0.0568609882854906
-0.0822482559847074 -0.137847592638079 0.23568042397783 0.0929832103395627
-0.0416612908187828 0.091118730664892 -0.294927486912524 -0.0642547951370327
0.0781045446543364 0.0256941451647433 0.0511971159770375 0.133532379184353
0.0470427704951688 -0.0556474657700948 0.196586407292811 -0.145677220411457
-0.0483808466875859 -0.039883424776833 0.0079142656842069 -0.336537581814115
-0.0424427667398783 0.0231420957149005 -0.25707536623156 -0.252778764056188
-0.00646487880318286 0.0299562652832377 -0.300684162608563 -0.0301148277100766
0.00833514701183031 0.0278778555615079 -0.214219133777938 0.0956623025938325
0.0225871625670606 0.0145971267705633 -0.143859579113082 0.144311632759645
0.0160583898373347 0.0079045771376794 -0.113647423069156 0.18219998556767
0.0150779808738222 0.00606011257644969 -0.158190289841143 0.181421273456778
0.00679953783405296 0.023803547082575 -0.227444083035758 0.110577263090601
-0.00340609571676369 0.00729786413961821 -0.27493651965048 -0.0339685035745013
0.0188139796765118 0.0370576656881351 -0.312235229881649 -0.207589724707282
-0.0201654044483602 0.0786724818478531 -0.287446991212405 -0.31218746866422
-0.12531379987155 0.0532624476805319 -0.334244145073332 -0.220060650515568
-0.162689850107727 0.0480672971480692 -0.272764577689095 -0.088175075288347
-0.0314204824787391 0.0749995968509793 0.0627989063765906 0.143357366254354
0.0121975417460639 0.0335609568613541 0.226209227608889 -0.133225105250973
0.00510336868924711 0.0256983149122881 0.0388188484221551 -0.354676103795807
0.0334837305468234 0.0467326456550345 -0.242824877353376 -0.267975834843826
0.0653549068094994 0.0112722301288992 -0.291098790946291 -0.0442481911111002
0.0579766323952674 -0.0197780226451186 -0.20682595216492 0.0827793915339429
0.0727309645159432 -0.0353548874840693 -0.129275957367331 0.137185422721473
0.0785088087871302 -0.0381338455928643 -0.0850627724427317 0.182140312394214
0.118938959874562 -0.00336698316839084 -0.115822706754008 0.203840074073512
0.104060324122197 0.0882561130180478 -0.200307060515797 0.16702122441194
0.0243869720436622 0.127668415780749 -0.279161302145137 0.0368040802038497
-0.0789608229052141 0.140526873111488 -0.326300044799729 -0.15556515939617
-0.184216432807997 0.0919914130933781 -0.270678728146905 -0.2679985892092
-0.270618084445881 -0.00421285906262261 -0.275022182310804 -0.182541591146522
-0.263267266994448 -0.0177999639716208 -0.205131274985769 -0.0913364202439582
-0.159127888960019 0.100531380123505 0.0932885063418741 0.169015462718295
-0.0518112574787171 0.126121784582162 0.278463602971956 -0.094322582560504
0.0476464590520062 0.110099681589953 0.10104570953829 -0.355598659022745
0.110558206953006 0.0791551408959249 -0.197579666043554 -0.282834031487038
0.139575281709076 -0.0018882075302227 -0.254318012965713 -0.0725566149960804
0.105993654830134 -0.0630418366743187 -0.178211180750315 0.0493203588905143
0.111838926520979 -0.0808892420884752 -0.0954939544250072 0.110192724605435
0.121201370029092 -0.079434755193042 -0.0354452501245531 0.161378820819456
0.193521584937156 -0.0283747384242026 -0.0402876950666805 0.209873477267872
0.191533241122063 0.110566169510119 -0.127239472103476 0.226058294308592
0.088640199542668 0.204284400898048 -0.253652360193212 0.136403984316721
-0.113005512379412 0.244398470560133 -0.330860157563437 -0.0704188717547126
-0.295031961212261 0.131180275698751 -0.247910784914084 -0.216666149734227
-0.371319089256846 -0.0352597208499238 -0.180091250603473 -0.135247579995154
-0.324589402384673 -0.0935589823362837 -0.0984117847038796 -0.0637595245078835
-0.280783108247401 0.0891112164759645 0.137697631748839 0.20460391302695
-0.139707243627188 0.196669596178204 0.329933382574558 -0.0257647077815935
0.063710403690272 0.200748774464872 0.182011751912843 -0.316160643838668
0.172575615110751 0.118884954203323 -0.116395525514776 -0.27894020210146
0.202428992118376 -0.00506643334305867 -0.186231712298643 -0.102853059974759
0.144650393886285 -0.0956722609938936 -0.127325354564816 0.00185494346384068
0.134182761630494 -0.115835864388406 -0.047436500404839 0.0675598962740614
0.138722989272987 -0.110383529401297 0.0237818874122936 0.121456228876192
0.226790355937081 -0.0571111487844364 0.0476931714783756 0.191285506460265
0.247361133980328 0.0968255650286953 -0.0272991634720642 0.258090647866277
0.153237774998602 0.226024750640122 -0.191378588357756 0.225013041949289
-0.100085690135783 0.311898241261083 -0.304784074346805 0.0185676568343973
-0.341797643210695 0.164855253454598 -0.212774507911446 -0.171492620998075
-0.415136838489787 -0.0497261237168339 -0.0655429845844426 -0.0910488933857466
-0.328092059175158 -0.158262137461701 0.0322077869304809 -0.00870582089150379
-0.355704773743893 0.0373773239161461 0.187204033515154 0.241864776800299
-0.225827714096337 0.214060579366994 0.358141401056284 0.0609406286621304
0.0426171807437916 0.265585446143534 0.251286621003137 -0.228306359791096
0.198713082365593 0.153536317335199 -0.0105274484838842 -0.242903713068069
0.23489702540505 0.000863352101100137 -0.0911562148586754 -0.127687232611018
0.163940882272598 -0.110760317195083 -0.0601059175370797 -0.0508590545252827
0.136734581637517 -0.134399056581179 0.00707255031774857 0.0158481552232716
0.13304465051475 -0.124728485209252 0.0818957119653187 0.0681898300608017
0.221558533914793 -0.0747031675265481 0.126534165260677 0.151610400453879
0.257256079095751 0.0720348078582612 0.0681342108722196 0.256245422821411
0.183965267199884 0.211848225982441 -0.11506182538247 0.276400288426921
-0.081973581372195 0.323818734463484 -0.255580736705103 0.0849038756239639
-0.339184476512471 0.160704907260866 -0.168883863930546 -0.135556228024679
-0.398790961062606 -0.0668928149283955 0.0491226779432165 -0.0517008306141063
-0.269329593964074 -0.190330748018046 0.163264305561063 0.0637970574163218
-0.351203911277281 -0.0297672324807922 0.231245485551306 0.273334414732159
-0.264882311374451 0.175965012579912 0.354523979634511 0.141608802062193
0.00699492493874148 0.271060910760515 0.284640878572081 -0.116089492002131
0.18280285941448 0.1594449757722 0.091044137436952 -0.176575337127196
0.22493933664182 0.00874789857363954 0.0118281991031963 -0.140766546630142
0.155937262549758 -0.106312764813343 0.0119965962621662 -0.0995064067623798
0.118954926759355 -0.13295919842599 0.0577343426321694 -0.0362471850091041
0.110689583152664 -0.120551079956714 0.131301037207848 0.0133672084307931
0.190077379111502 -0.0760726521398864 0.185595133249299 0.106233332411202
0.229884342539631 0.0504442952690649 0.140781274391798 0.236647001674166
0.172550548912301 0.185806073965981 -0.0509110094753862 0.293719798617836
-0.0799406958709367 0.290483515119279 -0.20259513077237 0.122857473166005
-0.306574389444861 0.114809098888277 -0.125164399486 -0.106289342389307
-0.330150389079983 -0.092573395595328 0.14542455947412 -0.0117750774669115
-0.163059952247008 -0.17730703378256 0.270041211178984 0.132842987450553
-0.266171113983632 -0.077154858936497 0.262003343444055 0.291535883319178
-0.227936464707033 0.110350211285163 0.329724146559251 0.195130994101539
-0.0121827624942554 0.210588243336702 0.284631155645465 -0.01569451499738
0.135842773577303 0.122112368650287 0.167579506224677 -0.109224298484014
0.169933657568335 0.00829385633864387 0.0982096072898487 -0.146471500190574
0.117599752798968 -0.0849623084333388 0.0724271306251758 -0.139130066440151
0.0839559934581171 -0.1105095944092 0.0981319965037264 -0.0806262601836766
0.0786574404659636 -0.100235961971902 0.168454523457591 -0.0327387099401225
0.142977436990195 -0.0655034754768279 0.224725369127744 0.0688751429564846
0.180658356638995 0.0326297332504998 0.190020236961031 0.218555314495111
0.137335703619854 0.154386042002058 -0.00864413285880552 0.295098125812256
-0.0867474129478545 0.229777140216891 -0.162049632819564 0.142974226883769
-0.255493034749405 0.0470057842948867 -0.0908840067152881 -0.0783405768038712
-0.224977807784592 -0.11978666498492 0.212058798496852 0.0320112210289826
-0.0283131497034346 -0.127427221832462 0.335204698450626 0.174983189598744
-0.126348278100492 -0.0901161226662221 0.273980283643626 0.286017168698675
-0.127561959209881 0.041934313491118 0.311557201563994 0.21469657948832
-0.00532762170492474 0.105101049090624 0.278732310312607 0.0388008713385559
0.0706763981494935 0.0499304405047072 0.211536586844699 -0.0773682296216914
0.0826102066506481 0.000818109510550637 0.145947372666028 -0.156633491367702
0.0567677959724964 -0.0496894659056653 0.106376227487508 -0.16550726535814
0.0375418263627641 -0.0699899511968092 0.121126988651766 -0.110657731206185
0.0406145550623326 -0.0658840016038975 0.191505267267265 -0.0639798827655642
0.0858641315708522 -0.0501180959932097 0.248256493346312 0.0454791209406054
0.118939942126964 0.0131368645161642 0.220128150872978 0.20895281618412
0.0909011490936536 0.115211168062028 0.0135680818667551 0.297868234831398
-0.0897941546992392 0.151610386099035 -0.143483365007528 0.157301469382341
-0.179173396615916 -0.0227906129176014 -0.0751695445787781 -0.0527800585216956
-0.0942568595907034 -0.132444852522252 0.241508734999572 0.0758977672215223
-0.0788666498090772 0.068085532813868 -0.240589386662103 -0.170129937615105
0.0603389642658943 0.0539674863188955 0.00200323746991183 0.141941453022404
0.0658699800006744 -0.0342854884531951 0.239396353177547 -0.0632568672764539
-0.0292369892482995 -0.0537242680663693 0.133515826659547 -0.312363360304522
-0.0462834927298819 0.00811442557724371 -0.143566157656769 -0.332588260339545
-0.0154293002186524 0.0252860928460935 -0.26841636391951 -0.142809464252531
-0.00122010237992088 0.0274946123640789 -0.234638989141116 0.00772515201080486
0.016149831029303 0.021640616945361 -0.188209927967333 0.0800452049940024
0.0131496703382274 0.0144019541713424 -0.173134665190406 0.127937987572792
0.0134643324450422 0.0128684023839604 -0.217508875682398 0.111364523682576
-0.000919354999026249 0.028479143414212 -0.253526477718375 0.0146215001343758
-0.00922486227196158 0.00949103175710392 -0.242797737966039 -0.142116629600744
-0.00103499278707527 0.0434039234109376 -0.212493944781907 -0.312769717778814
-0.0535127133412926 0.063658499025543 -0.154067421438283 -0.400168662905721
-0.144308859679919 0.00526241294235753 -0.228355237754111 -0.345512730826842
-0.175818628828407 -0.0254442587588942 -0.21202777243569 -0.170339628696353
-0.0602767091858715 0.0544691328013894 0.011180181718492 0.162478682858328
-0.00263683017740461 0.0357233948772505 0.268036325275664 -0.035048479569059
-0.00699229860077043 0.0269708278562044 0.173533041377277 -0.320233268850107
0.0140517358876762 0.059693640960756 -0.122593936517384 -0.345301372342524
0.057985489218339 0.035331981739591 -0.252953510365316 -0.154866318167193
0.0621065191718974 0.00308348071329614 -0.223520486437275 -0.00210195872006666
0.0816152987278646 -0.00700938955554873 -0.1715451841936 0.0791728229616775
0.0890349523376258 -0.00599326815829302 -0.145092935667261 0.139840415355643
0.11564768241726 0.0410431525400816 -0.185192540424286 0.151158776139007
0.0680345163069295 0.124698788529784 -0.249188079773456 0.0802539149529389
-0.0257308505865972 0.133838852238563 -0.275803994801101 -0.076028906831052
-0.131979640753448 0.109305421519886 -0.247832858705776 -0.270502192090419
-0.212607769277549 0.0196055426133186 -0.159215793988355 -0.358789403589768
-0.261894547059366 -0.100170565187646 -0.183025968632553 -0.292656180380892
-0.244106617379897 -0.132544132985058 -0.152393827747794 -0.134231049730725
-0.188508995682033 0.0256055497161996 0.0298532311813672 0.205547600620925
-0.0992269711115644 0.0958120907582364 0.307399189528836 0.028117290471978
-0.00302915043263877 0.121289404156374 0.238686612226662 -0.29824051428318
0.0722528837210139 0.119872496755448 -0.0711391029602751 -0.345084229608946
0.130835092332327 0.0518093577586736 -0.206409085242753 -0.170088897316249
0.122416828230942 -0.0173027370527587 -0.184433322198114 -0.0237630238998709
0.13598441354757 -0.0346813161174719 -0.129080248849857 0.0665677049754073
0.144278993607135 -0.0290204778773935 -0.0889137251170813 0.139415601399204
0.19455349389251 0.0431073321872363 -0.114776516869046 0.186108132066982
0.144780489729401 0.175764609786266 -0.202403859817253 0.164766965104628
0.00794434544002189 0.228307174220367 -0.289928635009912 0.0308359933085952
-0.199735836947982 0.19824870401722 -0.285586620733182 -0.192785205910992
-0.329990001481186 0.0202277375873502 -0.160238562827821 -0.307827629515144
-0.347572728358674 -0.166292279546633 -0.10948521674094 -0.21563294284364
-0.269872147817085 -0.23062108530464 -0.0697500807904791 -0.0585831354786166
-0.295270258059966 -0.0348262020703804 0.0560124117551984 0.262343588149803
-0.209624849342762 0.126829624162429 0.333376979247321 0.120034492172622
-0.0251777128133231 0.209785003451027 0.306948787261771 -0.228548290264434
0.112989060879446 0.180674039178422 0.00758531263095494 -0.31214314140306
0.189977703550079 0.072618281787426 -0.129036116089573 -0.174507533441812
0.169866503075484 -0.0324234129100432 -0.119583968197428 -0.0496648953256346
0.169447871543244 -0.059456748633679 -0.0688018347931766 0.0444999167304929
0.171433943901514 -0.0513835863611715 -0.0179096445306261 0.124312709487216
0.235865211743378 0.0275322836271215 -0.0234914326139394 0.201486771018208
0.202525263932929 0.181278615389659 -0.12195721883593 0.232601741009163
0.0630707038424041 0.27221008090786 -0.264765229626014 0.139943367396502
-0.209009765795912 0.268050927713225 -0.296943404242999 -0.100375669950729
-0.385511704861238 0.0364970598713352 -0.1464802067269 -0.254748930842323
-0.38277106930363 -0.195288195976413 -0.018010747932096 -0.131832459589619
-0.245534488228284 -0.293429047606123 0.0244879175662053 0.0455906639236961
-0.343174173253619 -0.112572260236563 0.083000725845855 0.319575278594567
-0.296032630556065 0.109312621004559 0.326281706835349 0.218163030096868
-0.0695343588485377 0.260297697100842 0.343088094093155 -0.11584120028076
0.122361827616882 0.222950949703424 0.0953494215394357 -0.2367731888081
0.218153660776505 0.0913080998474265 -0.02971421277774 -0.162640961557315
0.193596246659293 -0.0383077802048255 -0.0363858731658204 -0.0737432578199121
0.178110058557395 -0.0759023074925649 0.0012043885176712 0.0164416304301116
0.170952841237809 -0.0673557956688317 0.0562433031332848 0.0963657907048288
0.237017137930666 0.00924622220874618 0.0657016725365423 0.193941563571599
0.220762287713808 0.160808636427657 -0.0318977085870293 0.267381424867613
0.09655497342422 0.268636363228819 -0.212346232257125 0.217748864221795
-0.193417136987003 0.285989638889237 -0.275742173589879 -0.0191922987423381
-0.380020977243368 0.0341516738564925 -0.119525824532106 -0.205171962371339
-0.358859193163571 -0.204746784611955 0.074317063486574 -0.0488320376118743
-0.176866768485613 -0.298335168271154 0.113696840067381 0.159209493574568
-0.311192890264984 -0.172564216288819 0.10806138076371 0.365982219826918
-0.31615779530248 0.0584674145463742 0.287446430911203 0.293888759607357
-0.104268299588977 0.249957182017268 0.33017460896769 0.0061530907086901
0.104463887099714 0.220320481723354 0.165364224057537 -0.134393808286678
0.204844043654339 0.0945674823062665 0.071574720768095 -0.13391356380702
0.184459861476098 -0.0374422743514296 0.0492855826473006 -0.0918641680215278
0.160582734616902 -0.0806175081733342 0.0683315482139442 -0.0126817905110353
0.148701324750283 -0.0720273497340024 0.122826760067036 0.0632321992142353
0.2067529054693 -0.0038810102723357 0.137440914773743 0.172721778648927
0.202370510130261 0.129500711542783 0.0426209914332474 0.27701122412114
0.0972842196163687 0.238946386691829 -0.159567671798765 0.258723454923309
-0.177716990676752 0.254243265161227 -0.240527322808874 0.0360604362574012
-0.332775748413962 0.00260581282728587 -0.0867495181834772 -0.160634267027906
-0.282872326715718 -0.20443854367814 0.149277211403017 0.0291003528494448
-0.0806819425739802 -0.238888270314027 0.185671723861153 0.254383456830933
-0.21349838734851 -0.181242228646487 0.125897850498414 0.389718740846402
-0.254725439606806 0.0115012139725912 0.239310071835325 0.332036840838737
-0.0959951725406741 0.186349658600851 0.288540317824976 0.101082391249623
0.0751603467195077 0.165610075687283 0.209752433840482 -0.039961976675179
0.154603465129137 0.0725631899850508 0.15328308781473 -0.104041154164246
0.14048536513509 -0.032992664102604 0.120524597460135 -0.105306991231725
0.118973587619173 -0.0720670903773815 0.121852408805802 -0.0388774219271514
0.111157371182042 -0.0647522087740067 0.173931373546302 0.0333822141322112
0.158645424813016 -0.0121152240901367 0.187773849774451 0.151892990062012
0.160842681522007 0.0942629001947374 0.0951558409653332 0.277052538917504
0.0750782093074134 0.195414439236066 -0.121252275167184 0.275649526643729
-0.161987246715808 0.192654355678566 -0.209738952172651 0.0693484961440985
-0.259950310377532 -0.044382041138658 -0.0623801898531029 -0.120054908861423
-0.172260175162471 -0.192701761184135 0.19426606133133 0.10085442933379
0.026332070072941 -0.133284726511648 0.231906658482942 0.302839267364654
-0.0791519012601681 -0.135699664348891 0.138548379122463 0.382014059847938
-0.132883172438212 -0.0117796138715708 0.210538549294013 0.332431658369956
-0.04624448891716 0.0912391362121127 0.256394536188441 0.149251681114136
0.0421676259557466 0.0728828499101492 0.233649377698178 0.00956725825641795
0.0760868761922016 0.032113483776966 0.198455471545007 -0.0929383239111834
0.0713565911514319 -0.0239213147256719 0.162195252040852 -0.11585333101661
0.0597776378841283 -0.0521924145873416 0.154171460132781 -0.0580148645272884
0.0629019564708991 -0.0475384461846203 0.204727471116971 0.0126639412949195
0.099331807198745 -0.018477733739846 0.217269059422448 0.138747752945171
0.109546264450311 0.0535791882201229 0.126296026731902 0.279566283188082
0.0465957882225856 0.14176764519236 -0.101587920690665 0.285217866567017
-0.137319805869657 0.116794834402624 -0.196155502148141 0.0889212793300951
-0.164001719801886 -0.0834397427285365 -0.0527978994595529 -0.0878031884759671
-0.0424679843177787 -0.158414391223991 0.203218363446786 0.160272023630986
-0.0767177856595641 0.0729099146355475 -0.253402903373517 -0.160332997177008
0.0631352766021526 0.0504477099017577 0.013427389694805 0.144921379174454
0.0652213816362486 -0.0383624434866041 0.242300334835637 -0.0765777692753456
-0.0330405429869105 -0.0521039727745058 0.119856486155004 -0.324433156729869
-0.0464974497957884 0.0121145790097705 -0.168053538478216 -0.332032083338206
-0.013514995396257 0.026615084347532 -0.282720149740151 -0.129368589346331
0.00233678548464639 0.0276357382483718 -0.237485383317318 0.0204129581106582
0.0184452433802902 0.0204051136844081 -0.187219948703291 0.0930965365001112
0.0158210893149551 0.0133069440771095 -0.169010017060594 0.140593086421224
0.0153745550998066 0.0133170522186887 -0.215142225235663 0.128136392516314
0.00153097335506026 0.0301907562364355 -0.258531742091719 0.0283678061245151
-0.00964641699856562 0.0118712552523527 -0.256305641782954 -0.136319171836427
0.00111812748805241 0.043815854660032 -0.234637186570407 -0.308916108923225
-0.05191121271652 0.0653514096019187 -0.175828465680747 -0.401348187908201
-0.148320085125918 0.0123996522005865 -0.249570255697002 -0.345370986216231
-0.181778999480674 -0.0178884250646166 -0.224777792156842 -0.162681195730964
-0.0595003281436763 0.0577273441484926 0.023322964755858 0.165688440839034
-0.00149750143455517 0.0364780603622005 0.273552647501495 -0.0476518568291498
-0.00660287951172979 0.0282154894461737 0.158993335749509 -0.334810510171832
0.018665271438437 0.0612120757639898 -0.146325671797966 -0.345343877023337
0.0619239521345563 0.03259385813555 -0.267626199299114 -0.143159024664814
0.0656206338530778 -0.000718276258713283 -0.226937348010187 0.00998114985419362
0.0840241095202025 -0.0130483604526738 -0.169448812040826 0.0909539205944482
0.0916976689100299 -0.0110386475359427 -0.138070667334773 0.150964607996361
0.121942301594689 0.0349175981597981 -0.179954399090936 0.166338895362849
0.0784312543013953 0.124261972890203 -0.250502714041234 0.0966915640040006
-0.0198979030825465 0.139588505652572 -0.285289333163881 -0.0653529401454926
-0.129486663308154 0.118490124496466 -0.269107952070006 -0.264612983769273
-0.217806533231818 0.0291588592018971 -0.17985507251852 -0.359121464051361
-0.274829432049001 -0.0922855700989267 -0.201590486386672 -0.291900452690182
-0.258095787759574 -0.124542412181537 -0.162011404788181 -0.128566933861928
-0.191089003235508 0.0356266121105482 0.0437521025021808 0.208425370206811
-0.0975629124401741 0.103237757310645 0.316523963520479 0.0155810405187071
0.00297982398677559 0.124293484185056 0.22791486574797 -0.314495352085503
0.0813861042019055 0.118878812945999 -0.0922411607160129 -0.346638942178937
0.137461211268672 0.0444639504903347 -0.220736982563578 -0.161374918291798
0.125455335495802 -0.0251368373597883 -0.188312857941207 -0.0131926934972853
0.137011732734536 -0.0442839912334484 -0.126906791272293 0.0752097612565591
0.145801619336841 -0.0377333453044077 -0.080336447078832 0.147628177436166
0.202426673882171 0.0327288062871188 -0.104587160409914 0.197705214665824
0.160227982812691 0.172149356302933 -0.197789236182571 0.180647740396749
0.0205805172249312 0.233568306185393 -0.293735179454973 0.0441881242539127
-0.194014837371539 0.21395995135863 -0.302946644969391 -0.1842737723773
-0.338162179004513 0.0359657239680938 -0.177443246112885 -0.307141749959027
-0.365866978801762 -0.155276633323018 -0.122284704046784 -0.216920549027364
-0.290383833285416 -0.222818268683839 -0.0734828761585058 -0.0564874405487185
-0.303610074640568 -0.0199675669445979 0.0722184423122786 0.265148679343521
-0.208569905395971 0.141167940642327 0.347287491210113 0.108503374957159
-0.0150313739005224 0.216510091426785 0.300169819626352 -0.247699264088702
0.126169420985057 0.17846924239898 -0.00984079391339071 -0.316874567303682
0.199418401671482 0.0624340474765286 -0.142387876126789 -0.17075748937776
0.172625997942784 -0.0420148930756935 -0.124531987990349 -0.0432992268865153
0.169434975251969 -0.0716081546807808 -0.0665439466075191 0.0484199101303261
0.172148569627415 -0.0613401880306405 -0.00769394358700385 0.127381198397457
0.244062508353612 0.0139193484058046 -0.0105215357142817 0.20722218669135
0.219249205524275 0.17416681461899 -0.109697462967824 0.246400183323234
0.0783596012492134 0.275003335782593 -0.260951001044425 0.155356342388411
-0.199888425836434 0.286612922603051 -0.30889348462053 -0.0883225178126798
-0.394148595571717 0.0576163627806854 -0.16204388762849 -0.255281318721697
-0.403436062241746 -0.184190367319089 -0.026625158947316 -0.134834285259261
-0.269044552376969 -0.288206903985502 0.0276282009562668 0.0456872684416379
-0.356614781878857 -0.0969527838012084 0.101801103317275 0.322134276884399
-0.298573619741647 0.127720445288975 0.344657068247812 0.20969699182505
-0.0576789560486575 0.269959171072947 0.342650265707585 -0.13483090414417
0.139004714075345 0.220088812932296 0.0846245065889068 -0.244365044473831
0.22954453997455 0.0795000849232694 -0.0392413817142017 -0.16434197755859
0.196214650147657 -0.0500663159673156 -0.0425914307364193 -0.0722963446753143
0.177032529807202 -0.0881929929878873 0.00294982221623255 0.0160622494871294
0.170809586084483 -0.0766009272393398 0.0666566244515155 0.094349700823487
0.244011459627704 -0.00450016718215184 0.0797862269144776 0.193909313114149
0.236492097204614 0.151162446597056 -0.015345539303408 0.277575822272554
0.112808158931641 0.269679431872673 -0.202402951161446 0.232600783437409
-0.181787001199643 0.303854306021897 -0.28263552975274 -0.00662785487396605
-0.388040717449975 0.0540732844669352 -0.131370888212001 -0.205807637018873
-0.380736509243361 -0.194710130940067 0.0720572405504755 -0.0549890148864197
-0.198524345826159 -0.297018702970175 0.124488269884468 0.157983105830942
-0.327521356260714 -0.159927512370009 0.127860100833405 0.368262597701981
-0.320553315817905 0.0767599283591833 0.308882209933976 0.288811620382891
-0.0928845846206114 0.260687524648729 0.336772046682749 -0.00866870954540102
0.119230322246396 0.219289728347312 0.163470083187212 -0.143151152921953
0.215733083411527 0.0831220455556118 0.0665712181945137 -0.140732878163638
0.186328482040335 -0.048271018656149 0.0431539910170178 -0.0961129079700519
0.157903481133312 -0.0916955819419602 0.0692130291224955 -0.0180762940203062
0.147739185497698 -0.0804433955673165 0.132146414739462 0.0566678686092436
0.212006488364557 -0.0159109030637301 0.151789543230561 0.168112667582417
0.214716876760854 0.120819251454464 0.0616534311033629 0.283542868509045
0.111030115989455 0.23761821863513 -0.14619234139858 0.272321193025067
-0.167199185550189 0.269407583598103 -0.243462737685378 0.0474397566296234
-0.341786307959823 0.0196628744055158 -0.0973971560332 -0.16180070435517
-0.302535877164115 -0.19837501636674 0.15170932396908 0.0225245967190657
-0.096448415418398 -0.241190667511864 0.20204072930087 0.252325552929407
-0.227546131184408 -0.173338625812079 0.14648122433476 0.391361633845036
-0.259672728752938 0.0255937880919906 0.261097768510677 0.32806776970733
-0.0870807244928247 0.1948329806877 0.298987778033245 0.0920628508687682
0.0853926660306822 0.164860806943097 0.213764774733804 -0.0487103554210475
0.161940146114844 0.0639328286477787 0.150999313230811 -0.114733980957394
0.142337281411921 -0.0411890087672548 0.115200404642505 -0.114415761836609
0.115732521347529 -0.0808199010459185 0.122568881241185 -0.0473244020960402
0.109093148883316 -0.0711687046102761 0.181554679252317 0.0234848728775965
0.162229602927811 -0.0216043890882728 0.200422989843427 0.14402114980419
0.16924975659632 0.0870247624152436 0.11357782832905 0.280941004122609
0.086475498990407 0.194884003151368 -0.10570086534105 0.288688392477832
-0.153859666762709 0.204466736907871 -0.210735554990248 0.0803715640358039
-0.269729145009966 -0.0311071019077361 -0.070317528456987 -0.12137812620189
-0.187097151122356 -0.189322227788366 0.201733786101177 0.092942192621601
0.0181952193826937 -0.137180441291058 0.25231925161065 0.301236514558658
-0.0881898210269513 -0.133744474919512 0.158514268111771 0.383117561746843
-0.135050564548872 -0.00533504703906906 0.232677192921243 0.33037248655771
-0.0414703875238372 0.094376085837191 0.270371982713079 0.142543011638794
0.0459933532339887 0.0711125781136901 0.241319593135945 -0.0001313499558443
0.0793787027322876 0.0272028749622019 0.197194459569755 -0.106381884629882
0.0714432228087278 -0.0283054266570413 0.157742446002065 -0.127467785838635
0.0569251203823149 -0.0562956152133961 0.154549868640168 -0.0683443406254561
0.0612388839292013 -0.0513304772220926 0.211082510157291 5.5788705356061E-05
0.100716680854496 -0.0245701534052729 0.230190270471896 0.129165739607562
0.113925534598293 0.048724586235582 0.14626934413075 0.279863850922477
0.0543401754094066 0.141369697364022 -0.0864896298687633 0.296736932050247
-0.13207206536407 0.125807652619706 -0.195826712171944 0.100178370369127
-0.173295860239936 -0.0762091864242274 -0.0601571630972128 -0.0884607753787896
-0.0525011738008183 -0.159125771790001 0.213698933695709 0.152043494455114
-0.0742091730758399 0.0793298903159578 -0.270431308086649 -0.147968974221592
0.0673963274883633 0.046677663156324 0.0261404321870291 0.146656717291247
0.0642849220422705 -0.044509888235714 0.244894362459144 -0.0950326723823138
-0.0374605253461157 -0.0504327435092419 0.101713460554788 -0.340168641025834
-0.0465872794720142 0.0166082541021011 -0.198183065573908 -0.32826273603422
-0.0111383285645338 0.0278397994813821 -0.300478583404938 -0.111927419565333
0.00535959378979329 0.0264518527154643 -0.241286670039923 0.0365911779181309
0.0215919931700986 0.0185429627010177 -0.184843364676981 0.109576508017673
0.018296232794337 0.0118481457360861 -0.162074950504425 0.157716357978006
0.0181050257874975 0.0131998015253472 -0.211451954192601 0.148824298298721
0.00473935460796958 0.0314595278002401 -0.265945970295746 0.0464170860712075
-0.00988125769461925 0.0134621139709862 -0.275510240567962 -0.127132511791028
0.00357297911687127 0.044397230648727 -0.263978369740086 -0.302462604353247
-0.0502284812190751 0.068484951234544 -0.205295578167747 -0.402342476350559
-0.152680097906961 0.022033063148343 -0.279849458358218 -0.342942455183251
-0.189387507945864 -0.00779276930533906 -0.241703344967958 -0.151805308723317
-0.0579286307155483 0.0630224023507553 0.0375923164171677 0.167440394464284
0.000323590653926766 0.0368860819060881 0.279524878319048 -0.0666208284835617
-0.00488155773231161 0.0305614206752889 0.141880725128999 -0.353086308961625
0.0246204306572999 0.0620895401702646 -0.176166956014487 -0.343252473728003
0.0671677517625481 0.0284476670974664 -0.285288320090461 -0.127913063028019
0.0681439351679042 -0.00689623049278093 -0.230842083137903 0.0265577407297003
0.0861426740541962 -0.0203528988811432 -0.167038752962534 0.105468835085528
0.0941076702316934 -0.0186002476728562 -0.129024239905417 0.165865004700981
0.129314548061776 0.0269838289199487 -0.171333743224253 0.18538141305633
0.0914451137749806 0.122234653277643 -0.251619907817516 0.117970176405836
-0.0116155890241217 0.1462263681937 -0.29904262774678 -0.0521634836755322
-0.126625230751403 0.130858066268901 -0.295988023823823 -0.255235753731527
-0.224184165761956 0.0420594794319185 -0.206040647835411 -0.358876766724673
-0.291234474872589 -0.0793678969276665 -0.226676444368732 -0.291336435359564
-0.276199765096574 -0.111846200577256 -0.174678623014158 -0.12222771554093
-0.194976208563094 0.0486313619279824 0.0614007616947562 0.210243214385871
-0.0940231729931549 0.113342347015505 0.327733172321147 -0.0017973294887182
0.0115409239207441 0.128271736334073 0.212245869132384 -0.337344533816162
0.0930691646020387 0.117046847460272 -0.119979906205367 -0.348532155485512
0.145979850050899 0.0354544181038363 -0.238825991517503 -0.149885989155125
0.128212069388893 -0.0351677374957889 -0.194195956513004 0.000572249939143466
0.137938432057224 -0.0568191741226379 -0.124399049451647 0.0856133126825281
0.148367577229104 -0.0489062067648317 -0.0688130966754867 0.157367720939754
0.212060352811628 0.0180164911289829 -0.0912909324029724 0.212103720473248
0.179497628202045 0.165385526845656 -0.190010183105851 0.20243236966151
0.0366324474463924 0.241191844955997 -0.29824358832999 0.062890707517974
-0.186186498225456 0.234350665340678 -0.325912656494011 -0.17129332158095
-0.348437823119198 0.0587439635979237 -0.202199141955392 -0.305851162053149
-0.389942098375978 -0.140910748114973 -0.141887559603029 -0.216823311423045
-0.315813086461786 -0.211222937757247 -0.0789603342642246 -0.0537984223009001
-0.313343456291601 9.40858298710536E-05 0.0925090143823531 0.267262214976532
-0.206974144506441 0.159978341602164 0.367149402330097 0.0916911541286908
-0.000778695983547672 0.223890311201375 0.291266500862884 -0.272822948849147
0.143680437933223 0.174546494703493 -0.0318507780283488 -0.322755765514869
0.210824920310827 0.0483729114749261 -0.158727053610504 -0.165237019381181
0.175667204544121 -0.055644567099834 -0.130975680601954 -0.0340208378773665
0.168644216605116 -0.0864884953780766 -0.0642471296923818 0.0540154824368357
0.172939147781535 -0.0748001182983745 0.00472715400838477 0.130724641511241
0.253383160394626 -0.00426534070634328 0.00686283582633426 0.214559510804912
0.240538531631254 0.163858262459439 -0.0939570613673557 0.264094449423821
0.0993406996280274 0.278506362085821 -0.256150652305149 0.175429949575015
-0.186524900182443 0.30943064352452 -0.325249105112238 -0.0715617742942384
-0.40422444177975 0.0846405477677391 -0.182599742305454 -0.253685720556997
-0.431369134722709 -0.167732381588882 -0.0370528186502756 -0.138631237249505
-0.299242286747017 -0.28012235882983 0.0315665700520661 0.0452688656082746
-0.373055329274436 -0.0759188171416069 0.12619283271255 0.324576445500228
-0.299249472177306 0.152499839054471 0.36994119994576 0.196872810260503
-0.0405702476024235 0.282526444706432 0.34278506254099 -0.158747919748477
0.159106110675118 0.21781693151548 0.0717727064891972 -0.254949191860357
0.242354975492141 0.0638482677775704 -0.0525374713973933 -0.165634013438045
0.198867368420081 -0.0652045708251066 -0.0490725451693716 -0.0706816602385685
0.175067346600403 -0.103896477467017 0.00479970701256291 0.0149030837710448
0.17064560941396 -0.0895927053369726 0.0784466787413034 0.0907782479636948
0.251866690899516 -0.023341187530082 0.0980442006378161 0.19364984511309
0.255768622981072 0.138543458912118 0.00550046028137578 0.289354502651419
0.134870659667111 0.269352251741319 -0.190487657783554 0.252127608725448
-0.165677031256524 0.325413060959051 -0.292360988668446 0.0102459542592449
-0.398421397325493 0.0818308673369429 -0.149610421804088 -0.205476632843113
-0.407922125136931 -0.178936232392378 0.0683519827503093 -0.0618384682137838
-0.226781925767974 -0.292377787592613 0.138539904332708 0.154940438258256
-0.34757435707014 -0.142736791799012 0.154875411356485 0.369741776631353
-0.32568582147975 0.101118471182379 0.337584986701845 0.279908534103095
-0.0775696195509298 0.275278820304786 0.344744768800358 -0.0284466856977942
0.138714060501401 0.21712028764896 0.160495236283023 -0.155085928634678
0.228308291825273 0.068414744016966 0.0583596622979012 -0.148846944628531
0.188620035725568 -0.0631357087687871 0.0367988346238245 -0.101457852113966
0.15471548912347 -0.106246035336933 0.070091779859028 -0.0237213959432196
0.145823070028347 -0.0916179415702056 0.142445013050979 0.0468338078521974
0.217447552448391 -0.0323032847367582 0.17003893840995 0.161545604672541
0.229977271885325 0.10841358745688 0.0851088374481063 0.289146236251935
0.130305487233726 0.236815946755325 -0.128085439016824 0.289509015500539
-0.151858853891638 0.288700691882413 -0.247319607461356 0.0632546682402612
-0.353085439562591 0.043975229267779 -0.11163901517076 -0.162017833527039
-0.326512653286548 -0.185881138626044 0.15565635575962 0.0120343432877472
-0.118728164432476 -0.241352551786076 0.224164554356847 0.248313232905103
-0.246298141124566 -0.163847479159305 0.174063035433368 0.393571232167278
-0.265530036179074 0.0429949146149352 0.290610074056978 0.323432186926969
-0.0762565520242074 0.205489517052177 0.312717404738038 0.0775176244855589
0.0994341564380246 0.163019851681498 0.219664499836557 -0.0618158750524538
0.171420679151049 0.0527541740446401 0.147386345310381 -0.129100690130759
0.143315435312784 -0.0529264598422549 0.109554773335117 -0.125608082604676
0.111541738760539 -0.0912893775692393 0.122334718678921 -0.0577303909738614
0.107576066295167 -0.0801196263064397 0.189849104515842 0.00910374068663121
0.164936627107207 -0.0344709283011245 0.218521956635333 0.133700915112855
0.180454631940864 0.0773748980477907 0.139481915665738 0.282645949200581
0.102011968699239 0.193480197133654 -0.0869501733046187 0.303139636371481
-0.142531258465764 0.220503113310524 -0.211867486894436 0.0953246873738669
-0.281293649460557 -0.01305545553918 -0.0827037706566885 -0.122511935923336
-0.207840865070239 -0.184113046761163 0.211445653642948 0.0819547417406929
0.00753820424280873 -0.142139106703934 0.278769926333096 0.295681102631628
-0.100794394183043 -0.131603945016163 0.185631309823858 0.385415722862439
-0.138214316754965 0.00369946856716149 0.259839496405148 0.326075847199543
-0.0357587989229786 0.0981240565954492 0.287217771317611 0.131275195188422
0.0519929641677665 0.0694579278734887 0.252155950666015 -0.0150152855390888
0.083276934775437 0.0217958656215288 0.195979518468285 -0.123053923321242
0.0716263855946737 -0.0345164048462413 0.151897592879415 -0.142774326238554
0.0527798761979106 -0.0612925449028216 0.153646095078558 -0.0819316157146556
0.0587000507784447 -0.0571252635818774 0.218305896480905 -0.0163581229057408
0.102041121533502 -0.0331069954532984 0.246636447592564 0.117105581375083
0.119641451848788 0.0418813989215382 0.172028432156013 0.278623859681971
0.0649682059457597 0.140722334692717 -0.0677509750049752 0.310690092243038
-0.126041022157669 0.138110533992479 -0.195111045988144 0.114758062852121
-0.185629313987993 -0.065442770059728 -0.0698144507976596 -0.0882846723476899
-0.0658755107375208 -0.159765307496857 0.229043811756405 0.141843148083653
-0.0686745649204988 0.0865503848025047 -0.287317705626108 -0.125814506982887
0.0710020244890847 0.0407031479700809 0.0409771179168721 0.144667024463351
0.0603560825969161 -0.0513803803341982 0.240905578927483 -0.118222960115747
-0.0421672453055965 -0.0467161529798895 0.0746970538802709 -0.352838257312153
-0.0449186359830482 0.0217360772353028 -0.232914018235722 -0.313113503681778
-0.00780515389064708 0.02893885325103 -0.314947724886896 -0.0856425403801036
0.00846840578253624 0.0247839555160203 -0.240399942629538 0.0578642932827673
0.0241311787604839 0.0151559090323609 -0.176777530549409 0.127802191818986
0.0205737919417543 0.00972926052968865 -0.14783382909256 0.175005334937768
0.0201706112175853 0.0118695837564362 -0.200238106935117 0.171871652118162
0.00869566806549625 0.0320527666998698 -0.267329130274552 0.070734553884471
-0.00973778456234185 0.0164701336883754 -0.292997696100293 -0.108642875121019
0.00720258323493448 0.0437163412013782 -0.296599145603283 -0.283383051730611
-0.0457631767666664 0.0719882822827546 -0.241167294440267 -0.3930455834861
-0.153552664759468 0.0353616609179779 -0.314641084036327 -0.327326098240016
-0.19412235737389 0.0080857937609941 -0.258918170426179 -0.133850893306342
-0.0539169884574883 0.0678753624441363 0.0547281873450453 0.165031573777739
0.00288107351147022 0.0375373626968881 0.279235928073037 -0.0909626061808175
-0.002008725938899 0.0318513260967544 0.112703725287052 -0.369846328401396
0.0314682445324567 0.0609841325853584 -0.21089702238808 -0.330340472429813
0.0714184618734339 0.0217350191470435 -0.300998125568708 -0.101924294049779
0.0692057831765164 -0.0149498149987904 -0.230780183358967 0.0471366386980991
0.0854792865016136 -0.0300108966589857 -0.158510140709026 0.122673571218087
0.0945980374075778 -0.0278804605905593 -0.112738198825583 0.179911924242161
0.134762264069849 0.0146616122651824 -0.154209374193998 0.205315565791513
0.10664060238804 0.116246139265762 -0.245178909160067 0.14253083523284
0.000669636276682145 0.15154372693311 -0.309676324794718 -0.0301533697983172
-0.117207360256416 0.143503384828596 -0.324640387526728 -0.233584633280052
-0.226056075053249 0.0611057775232418 -0.237859617358517 -0.348778932460865
-0.304432977106923 -0.0564732304189066 -0.256991560395724 -0.277597213254555
-0.29175939925295 -0.0899640583469557 -0.188247502439758 -0.109495914667229
-0.193851665100619 0.0661689504798259 0.0819428637682431 0.20688478184037
-0.0864532737561338 0.124226204429665 0.334639824231213 -0.0287168436064171
0.0228525020180361 0.129263317393385 0.186062963768226 -0.358613354361527
0.106445817919339 0.11050550798279 -0.153076048437811 -0.340363159863814
0.152177736917501 0.021541340109743 -0.255404360237147 -0.128752097795485
0.127939993047363 -0.0486364890582507 -0.196010925639305 0.0187656711380757
0.134642210135545 -0.0716711137920299 -0.117407246040351 0.0981787244645776
0.146987029065085 -0.0632527302844487 -0.0527948148182651 0.165170229738236
0.218499262289139 -0.00208413249539836 -0.0709989814700513 0.224492036236879
0.200245259626232 0.151078567412267 -0.173017521914968 0.223938615578215
0.0587658814206584 0.24300399766406 -0.297358423639323 0.0876428692003967
-0.168951539083175 0.255213620671798 -0.34785413219672 -0.145586450757121
-0.351499164709268 0.08912176629094 -0.230737298137272 -0.294811119259815
-0.411800493390631 -0.111150739200086 -0.163787381959777 -0.210445474960413
-0.3419649935664 -0.186914022660644 -0.0857013646145927 -0.0484292324872106
-0.31849660618928 0.0269715572301627 0.118026899600861 0.261946614261028
-0.196603023623915 0.182274066179763 0.382218559916962 0.0647460830628995
0.0195218749834636 0.227759296520599 0.271360088411149 -0.298968261476536
0.163795645930733 0.164691027760069 -0.0602376677480384 -0.322151861072002
0.219436661648204 0.0282354051872446 -0.175276117645946 -0.151321224896244
0.173488516216096 -0.0737279799888764 -0.135999849919287 -0.0222420751521816
0.162956566503602 -0.103784189568098 -0.0600083404676469 0.0603114852431132
0.169949112495131 -0.0914996023853916 0.019867851665729 0.130557011967884
0.258361604107909 -0.0294063121010757 0.0293400832603208 0.217385649834558
0.261849529442203 0.14234519914286 -0.0696587707516631 0.279045547716072
0.126395951363238 0.274925432984976 -0.244108340629678 0.199057985541468
-0.161296897911191 0.332410779633166 -0.337447133693272 -0.0465696158551969
-0.405900081443155 0.121726582894927 -0.206948133872721 -0.243534240419939
-0.455496657055163 -0.135471056542986 -0.0511045299000653 -0.138784664234961
-0.330700431531923 -0.2581970377491 0.0353717663120393 0.0428245268781946
-0.385666448593551 -0.0445542964666535 0.155601276757199 0.318173589991725
-0.291239211699858 0.182252580867834 0.39432437330719 0.171011044025572
-0.0161364083698253 0.291046293102639 0.332641176385702 -0.188247706493906
0.182898271696079 0.206253000915158 0.0525354155528183 -0.261697044326789
0.252610368418766 0.0405042222232552 -0.0672329693661007 -0.162217030284886
0.196716062291347 -0.0842430772317028 -0.0567456104590969 -0.0658867062325387
0.166616297698272 -0.121721323193601 0.00624279487076747 0.014280270028694
0.165868176385562 -0.106067904809306 0.0906544186446809 0.0826555148814621
0.253993717912705 -0.0483122438986908 0.120315282976598 0.187068229706498
0.273789017786591 0.116285700000526 0.0346689880578321 0.296352497795245
0.160903949460268 0.262040360000392 -0.169037372525163 0.271006098987624
-0.138268497029587 0.346327374412626 -0.296887692104324 0.0344453695419013
-0.399619170520202 0.119693978810787 -0.16997040073247 -0.197725263992136
-0.433174922915567 -0.148888328317902 0.0626052847896706 -0.0691987006074076
-0.257936958283944 -0.277195776708004 0.153624488584472 0.146425670369829
-0.36569838584263 -0.114765559104621 0.187965445354656 0.362172829519035
-0.322331190229573 0.131945129351178 0.367995821073138 0.257626808706246
-0.0542391338469204 0.286220065923213 0.346482560963217 -0.0557483264628871
0.161783033436331 0.207820293811468 0.152506113471365 -0.168805373055747
0.238183524226824 0.0465883171409785 0.0463314147731534 -0.15614336904625
0.18602399009404 -0.0816927131056552 0.027463806351405 -0.105460455903652
0.145385719795655 -0.121811951536114 0.0683580902675821 -0.0308383045128958
0.140024470428242 -0.105257238081217 0.150184078201178 0.0324871885737424
0.218475874577897 -0.0534431669414588 0.189366055144443 0.148164431628404
0.244690289824217 0.0889998515902 0.116356377988636 0.287938732180149
0.153165525516752 0.228302490210684 -0.103095696410066 0.30391257888855
-0.126558177505604 0.306835467085691 -0.246430643624749 0.0845043221395899
-0.356383333047765 0.0765079878020898 -0.129052601407192 -0.156989369218399
-0.350944442256188 -0.161820491771101 0.157227374459088 -0.00143097321078449
-0.143205067110823 -0.234326619062766 0.248608616032073 0.235164309988724
-0.264909163179416 -0.144061293952607 0.208702779118349 0.386310242617934
-0.265767202473097 0.0671407628271845 0.323537909265538 0.30514404112743
-0.0586385971038771 0.21470042425363 0.32479928346768 0.0548532708579677
0.115981946375041 0.156336958581091 0.221530197507491 -0.0799046155426302
0.178361796519495 0.0368026337516493 0.138435890829802 -0.144457810699637
0.140944955100666 -0.0665464380770649 0.0984214634466777 -0.136832484829849
0.102990937153024 -0.10209907937435 0.119104124409213 -0.0699395177030618
0.101120146762316 -0.090381674937298 0.193706291785303 -0.00964122455800217
0.164256218387821 -0.0506465925967596 0.235474771159937 0.115590046377255
0.190181116724834 0.0623611013187634 0.169998632446766 0.275876541586359
0.120191501943595 0.187010427301265 -0.0599521967050921 0.314503132054926
-0.124056753247207 0.235907140317294 -0.20647883277725 0.113658675675723
-0.288791972318748 0.0130045371927592 -0.0967898287557724 -0.118569162207281
-0.22959111453817 -0.16827919665529 0.220474759787634 0.0648592960983141
-0.00651502757273435 -0.14311192594918 0.309263192508407 0.280178321092911
-0.114050318305763 -0.123884541955642 0.219054363480471 0.378741257579809
-0.139248846169922 0.0154664665347332 0.293205071637172 0.309897846117017
-0.0273562078852429 0.101409021312553 0.303773081050913 0.111451599467729
0.058291388328714 0.0650537825156654 0.257512715585472 -0.0367054317826436
0.0861380192826463 0.0141070831102514 0.188291235407149 -0.142752861907214
0.0687688843820556 -0.0415754391187554 0.140198741387088 -0.158552497134235
0.046168835099066 -0.066883943684258 0.148246706577664 -0.0969674682956932
0.0538253375569155 -0.0631880084003925 0.219571698485649 -0.0378588494102308
0.0991561682849157 -0.0439547315870736 0.26201900638073 0.0962741027395572
0.124462459683519 0.0317161502280217 0.20209073054036 0.267905919105255
0.0787225772259886 0.135790732518905 -0.0405210891064996 0.320553260334119
-0.114669846082599 0.150756433344218 -0.187813245557219 0.131166102881919
-0.195561424016321 -0.0485055167460616 -0.0808081526250751 -0.084259775426201
-0.0827221548351498 -0.156077942981424 0.243280045024948 0.123882367252696
-0.0603377096712613 0.0906892929091069 -0.293855443626088 -0.0990874376299783
0.0725284143232727 0.0332017359162445 0.0538431372335113 0.136531217540407
0.0544081458362276 -0.056598727475858 0.227252762671971 -0.13740507854089
-0.045663581782384 -0.0417749442138914 0.0443656284575642 -0.353043731361295
-0.0410355528893074 0.0262518404331848 -0.258370536411817 -0.285469189906437
-0.00437220031467022 0.0286819310763325 -0.316925978477373 -0.0549515706270267
0.0109622013349223 0.0222469720468606 -0.230067069364612 0.0771802170592432
0.0254459054727288 0.011684848231379 -0.161695128410004 0.141966864288384
0.0219605821404026 0.00698479384410638 -0.128124821540295 0.185319120666169
0.0220824392977112 0.0101843165727802 -0.179885355051757 0.188171684065526
0.0129611110536826 0.0311410947055458 -0.258102275941933 0.0931054742058552
-0.00841010026769442 0.0188283764475622 -0.301508821008693 -0.0836200507225274
0.00998904156444888 0.0414002549993898 -0.317515183465292 -0.252796080377698
-0.0400977045219537 0.0739341965611803 -0.269105182310204 -0.367788737827166
-0.148368558082225 0.0476785334560879 -0.339286995820459 -0.297709114035786
-0.191774620820717 0.0247247836551345 -0.267288131285419 -0.109614128852893
-0.0477016518289726 0.0710159636788491 0.0689736945051932 0.155675556079294
0.00553786895142333 0.0364379777770951 0.267599951509943 -0.113275691456127
0.0007047025040688 0.0317569805999423 0.0804424829132142 -0.37087882113848
0.0374600730388956 0.0574776034139299 -0.237445258465803 -0.304234277255098
0.0731321079804663 0.0142450451864833 -0.304897515382137 -0.0721640138219226
0.0672988437581504 -0.0219312196158617 -0.220818564106028 0.0666448017456481
0.0817608080627622 -0.0389256490606378 -0.144074441482057 0.135249875410333
0.0912445908139167 -0.036446077795331 -0.0923033868521994 0.186121540544362
0.135624589264277 0.00196553066431923 -0.131018034783039 0.216793809646727
0.117003761916644 0.104127318964549 -0.228109419857922 0.163823423844043
0.0140205673626384 0.150596671498786 -0.309688007579303 -0.00436607679282216
-0.103814773451467 0.151614369473661 -0.341716345193242 -0.202224742438739
-0.21957237439967 0.0790222132968134 -0.263044751557282 -0.323951377266747
-0.307094096134678 -0.0305900175854414 -0.277812932533446 -0.253997208583485
-0.297087001027148 -0.0634698545205998 -0.19645599944148 -0.0926474688601563
-0.184841416235783 0.0811401691998594 0.0982994692018558 0.194984152284349
-0.0743945733625329 0.130227086994601 0.328833402031897 -0.0558924998044381
0.0344920822233865 0.125336440370008 0.152062784482053 -0.367338879354324
0.116154176619638 0.0987392572231575 -0.180656503037774 -0.318495457594526
0.152312590197577 0.0059564923914476 -0.262658353956085 -0.102495794708543
0.121714744897825 -0.0609779457238127 -0.18963953706217 0.0363614721536085
0.126281167711268 -0.0836000784403929 -0.106112806173033 0.107534493944657
0.139408538374874 -0.0762383253204085 -0.0339840183462468 0.165129266728686
0.216277204587598 -0.0236919825258386 -0.0463260973973045 0.22690050118397
0.213012977115011 0.129129346656781 -0.149239863272659 0.237304455623202
0.0795810035629973 0.235664807736454 -0.286955610574423 0.109955477803804
-0.144319538416793 0.266552007987194 -0.357248210691453 -0.114054329938382
-0.340714816120771 0.118332150068776 -0.25159176259682 -0.273278185078883
-0.418508837729094 -0.0759960868595623 -0.181023340665375 -0.194053074164534
-0.355149792279464 -0.153974996313193 -0.0906200939290892 -0.0408051073056615
-0.311597705410284 0.0540372615396955 0.138420003212629 0.247255110755796
-0.177158791089906 0.197184773152164 0.384570261961953 0.0323962946095251
0.0389644411959929 0.222999691402732 0.240289768258248 -0.315487157369159
0.177753276208484 0.146183921305889 -0.0863073975709521 -0.309470335513386
0.218622865046828 0.00669626592756149 -0.185106065054749 -0.132495329473505
0.165168055094114 -0.0888112592512015 -0.13491952649136 -0.0088883588151231
0.150045390647453 -0.118079914937645 -0.0528587637750069 0.0641913319008203
0.15949579950163 -0.105122358867581 0.0337426644316961 0.124674868742626
0.252653358843878 -0.0537336624462028 0.0516005839539958 0.210395981714117
0.273297640223108 0.115346922850132 -0.040137147002321 0.282838616612089
0.149256005563333 0.259956555819752 -0.221976501721728 0.215741983453444
-0.129597939819747 0.342335091208951 -0.338182444107607 -0.016896195267614
-0.391782890916026 0.155738017059699 -0.225435036410314 -0.224189440179021
-0.46465275414558 -0.0956428803458678 -0.0642846883707888 -0.132513625296
-0.349682946421969 -0.225311162384204 0.0371259981644865 0.0384671037691734
-0.383423183100065 -0.0106781181159482 0.17980960296103 0.29965548465705
-0.27176251942343 0.206314188730156 0.404947533567803 0.136603558123389
0.0107479563853796 0.288278538592513 0.311445692660327 -0.210652380713867
0.200103395939532 0.185644594293251 0.0315067429233887 -0.259934129125361
0.252650717017968 0.0152783607019629 -0.0797744943149952 -0.153572631483448
0.186284586878397 -0.10196597110545 -0.0619568553810443 -0.059027987333963
0.152212162517426 -0.135079311841032 0.00755481167949235 0.0136299566754721
0.154427054438881 -0.11860571035132 0.0985163924513215 0.0706756921919118
0.245988745341811 -0.0721758404392283 0.138104213218851 0.17224459043579
0.282269040310286 0.0891338829914788 0.0648552292662434 0.28982727994331
0.182488135023438 0.243604307053457 -0.141598200512195 0.280201916886106
-0.104461481672692 0.35336369884492 -0.290824791775099 0.0579074645088652
-0.385983067239452 0.154239378097879 -0.186450928752353 -0.182860904474425
-0.443492044579807 -0.110847869530945 0.0540576094428067 -0.0738189106968533
-0.279886408659524 -0.249030193732013 0.162619451273601 0.131630396116028
-0.370538250783382 -0.0816609576784917 0.215163023294997 0.341591932690721
-0.305800280701677 0.158903358471453 0.38674641711862 0.224575302471421
-0.02792563882121 0.287099105351196 0.336763018825631 -0.0810558198954258
0.179067937369573 0.189652106763282 0.138795534413715 -0.177258992454886
0.238829136562219 0.0231857654427995 0.0331561111297301 -0.158170929015015
0.176056684196185 -0.0980224296672233 0.0175367783046633 -0.105373561406663
0.130605753286839 -0.132333977519382 0.0647978236562111 -0.0368951268940862
0.129484976801069 -0.11601403190028 0.151817521981824 0.0158230631921338
0.210273873360432 -0.0741667420351326 0.202031616301218 0.127577703468927
0.249585723370381 0.0646105363714753 0.144145066414281 0.274056213957671
0.170947400746098 0.210279054244575 -0.073365722259016 0.307051928229754
-0.0962502049975359 0.312314956506336 -0.23659258957325 0.103303647438676
-0.345220835734497 0.108774642928771 -0.143156516524761 -0.144519082260044
-0.363604097729353 -0.129499622043257 0.153530203253731 -0.0148377697454453
-0.162780940715147 -0.216390356815434 0.265891681591827 0.211911694555128
-0.274423193599471 -0.118367524542935 0.237994603071571 0.364136273577258
-0.255293430697108 0.0906147720358943 0.345915798192168 0.274033404695906
-0.0393023805798667 0.216030591303999 0.324096400602865 0.0296379756016275
0.128925452150674 0.142836774811297 0.214971220788186 -0.0968408292970718
0.178952985230318 0.0190751329509444 0.124882756023477 -0.154809447833567
0.132099621394755 -0.0789407405313391 0.0841356896673889 -0.143235454136564
0.0903231545621276 -0.109377284965424 0.11028868239975 -0.0792410871576472
0.0917022737180418 -0.0972293384966845 0.190424199038918 -0.0292991523377755
0.156538132273767 -0.0653182310477543 0.243594668851767 0.0916250039544829
0.192118542163279 0.0440707005395626 0.196469637114873 0.25648022709112
0.134669402940209 0.171481157605603 -0.0297605595814919 0.314001978316582
-0.0992465587759884 0.242298947058723 -0.194210321225601 0.128108020857262
-0.284077773208931 0.0402803723464397 -0.107561270876141 -0.109074877294979
-0.243029651561291 -0.145646374310276 0.22150792585336 0.0447311202154411
-0.0195703635221872 -0.138676202948698 0.328796402891556 0.25222346871319
-0.123955175155907 -0.11125405389933 0.24755244510119 0.356456171228665
-0.135063462444872 0.0279006927769966 0.315563748187523 0.281651567941367
-0.0177698806513498 0.10103266054779 0.309125652282499 0.0873948748847944
0.0632803072071892 0.0585240175648151 0.254228421156162 -0.0575249264305978
0.0856795804630939 0.00526861857797448 0.172785884671606 -0.157621895683914
0.0638036453719911 -0.0468730155632548 0.122146296363662 -0.168185375682294
0.037591690795747 -0.0685780439940716 0.137240311676477 -0.108785428730297
0.0474726485695344 -0.0663441525331035 0.212171204120168 -0.0577225185895593
0.0927515400511829 -0.0533958650524695 0.267501439679716 0.0712877285798638
0.124343936334373 0.0205350553528592 0.225397270082085 0.245683581422121
0.088990873533132 0.125581250528955 -0.0101391111251368 0.318660330651755
-0.0975037242072955 0.157303562649103 -0.174514737505533 0.144855419576216
-0.197405785421785 -0.0284324299716799 -0.0892945173240958 -0.0763180786539248
-0.0961264198760041 -0.144894714808724 0.249185346960773 0.0998826794663967
-0.0464051329594458 0.0995610523373871 -0.293397438371475 -0.0578001189728718
0.0736389895680409 0.0213751878291111 0.0697080269876525 0.119630249538379
0.0426145397691961 -0.0646362931582607 0.19286265825752 -0.165468710306548
-0.0491224419084968 -0.0337073744864186 -0.0163043318522591 -0.342750466275981
-0.032917499830121 0.0297845453565849 -0.292366106688637 -0.229244379886552
0.000287051578768829 0.0281367891587034 -0.310810450520994 -0.00241471828000709
0.0125155056582343 0.0197418277012007 -0.209436568670025 0.108971182514446
0.0265776371201903 0.00590061986663233 -0.129736092402875 0.160352438126333
0.0236877887231282 0.0023058428659517 -0.091451831327682 0.195010827141682
0.0251295514218581 0.00524575222081193 -0.138106257755142 0.208351735481396
0.0207229281274739 0.0279221004310858 -0.23261657869951 0.128484514095952
-0.00392007003880306 0.0234684171814918 -0.306093945819799 -0.0349974959442605
0.0148576945492892 0.0407803063836275 -0.341854303448191 -0.192039127467246
-0.0298706479280158 0.0794033116262657 -0.313012740887222 -0.304416222524318
-0.133698507317268 0.0729348008677211 -0.378403212771621 -0.233830649543946
-0.186443329678481 0.0569374496380536 -0.257545337021905 -0.0689011700684385
-0.0351201195907106 0.0747079230790479 0.0916171460171916 0.133206865137818
0.0105384961637426 0.0318821840343246 0.239180139525884 -0.152230581540183
0.0050203506386038 0.0289700605526814 0.0147898953284246 -0.368624627390815
0.0463784530523368 0.0473137428508917 -0.277231809519115 -0.251818837640344
0.0715879381074965 0.00295297185534872 -0.303345322877903 -0.0231256309033124
0.0593951163453499 -0.0305941614679489 -0.202700229767086 0.0962846902084933
0.0719814788287907 -0.0504156633441867 -0.11370673085084 0.150273690712895
0.0824172712401523 -0.0498231881358747 -0.0562279110282063 0.188203790507679
0.130279971638178 -0.0215697255386319 -0.0847577633236285 0.225081357066882
0.131130300739972 0.0780362327550229 -0.190103705625725 0.189197625116471
0.0376727404572302 0.144087424531093 -0.297712146820959 0.0440022788975509
-0.0735190107026206 0.163846745835043 -0.35751019355256 -0.134351666181523
-0.196396092155795 0.111750241325512 -0.308288402965394 -0.260404044302166
-0.295140394144937 0.0244061470717244 -0.318028928752943 -0.203505860341095
-0.304377553989691 -0.0113284201195878 -0.177103800217909 -0.0580026920179211
-0.164626026747752 0.10473004295248 0.131093300952282 0.165905789832461
-0.0509219215373017 0.133454700518701 0.311925909134024 -0.110563111561425
0.0502830828767595 0.113246057561954 0.0837532372525278 -0.380073065258471
0.127885557047776 0.0743690253137694 -0.226778578918986 -0.279717689482297
0.145471662177773 -0.0175989999510969 -0.269910576034991 -0.0612220671483693
0.105352799392627 -0.0751577541135047 -0.178563292538622 0.0602249199164183
0.106568817156801 -0.0997636875503484 -0.0824534251845793 0.117583448947457
0.122101747277486 -0.0947279036772568 -0.00400674278943574 0.157909573947849
0.201576077773204 -0.0590543306282375 -0.00133606052452102 0.219299562242243
0.226141316258503 0.085446456567601 -0.0998867922447196 0.24621159415635
0.113717350795444 0.212647690242606 -0.252910404027432 0.149710477510819
-0.0911088354579611 0.279143156790149 -0.356159088232345 -0.0452818601872498
-0.30332137406583 0.167873310579402 -0.294039754988171 -0.207831532567901
-0.407262418800002 -0.000284126019172101 -0.218274356236661 -0.162509193522826
-0.376704893836576 -0.0906877256624668 -0.0611514789400784 -0.0184484928982159
-0.289543816845028 0.0967831352186809 0.181182255247256 0.210552221939736
-0.13853614682624 0.214043686971043 0.384210259713833 -0.0368388142986825
0.0694481752201997 0.205178197096402 0.179123248726245 -0.348516432002378
0.193070062169572 0.110852483550929 -0.135337940112195 -0.289263106858078
0.208601985152223 -0.0272471469650669 -0.202536036062521 -0.104146097757221
0.142627083950293 -0.109370628582681 -0.133385363001727 0.00689582957135878
0.124004253768421 -0.136115643526645 -0.0390618912567681 0.0683133064089734
0.136596238675095 -0.125332197419734 0.0535351276353147 0.10707428359204
0.229675028916601 -0.0932917872169126 0.0890716495761818 0.185679444401137
0.280246451082973 0.061826970507463 0.0123292149101934 0.27069451588299
0.184177510676912 0.223394337505315 -0.172935206702115 0.239344395444361
-0.0626765529527082 0.347111359688285 -0.321333662022831 0.0453811058220632
-0.343786704579359 0.210725613550566 -0.262842553326911 -0.161993472814951
-0.453856193894138 -0.01243399457947 -0.0980693644052665 -0.121918744250582
-0.381855114782209 -0.161277632615554 0.0740263898622652 0.0447540546810111
-0.367122414108484 0.0463465039574568 0.231629418512334 0.256152855288542
-0.225730373105706 0.237357597835128 0.425596950690728 0.0606075286402226
0.051218406113685 0.272436113463554 0.266967040044114 -0.261093693048095
0.220289122033103 0.145635406197636 -0.013895712779639 -0.263355471708383
0.24187632411317 -0.0240527639911936 -0.104927813936876 -0.142222030783214
0.161002662996654 -0.124832884740189 -0.0712781940693678 -0.0534374036215236
0.122393764737124 -0.152037780912285 0.00975954047520246 0.0103266424852565
0.129083054918338 -0.138313286329731 0.106167367955609 0.0456422085226238
0.220257366503262 -0.108469301996502 0.164160597212028 0.134077230509334
0.282863781269179 0.0343305748265486 0.113315700570053 0.260006962403058
0.211984917185895 0.200703802895629 -0.0835964215900792 0.288123197843396
-0.0360114631795859 0.352932509903887 -0.263020380748474 0.108962031261225
-0.338367128425331 0.207843115177877 -0.21988724528346 -0.128188517677061
-0.435956713064614 -0.0305381437388911 0.0257734899241897 -0.0831743406915825
-0.315746872871431 -0.196307882651015 0.204345132735364 0.118366944503939
-0.364640070005767 -0.023391739062106 0.271622190584333 0.293897658986082
-0.265796506681994 0.197454034691503 0.422357871123823 0.149414808358638
0.0145570129486919 0.275891143298238 0.314514785634597 -0.140473649753108
0.200436040790287 0.152794371013857 0.104255533691468 -0.202475030140314
0.230409348253024 -0.0144508923812815 0.00281278790285364 -0.164641785617646
0.151926635274134 -0.119774810565017 -0.00212563134983355 -0.110661969231307
0.10249916748784 -0.145304979909856 0.0561163597775907 -0.0463132295941336
0.104269847492244 -0.13083507816202 0.147820495694966 -0.013899300552417
0.184966111516524 -0.104009088629083 0.21752942792767 0.081845983353505
0.246415473083089 0.0175089801690036 0.186289641912748 0.233478916063885
0.195581692750525 0.170342136205778 -0.0142524048742995 0.30274185503729
-0.03509201234467 0.31098258405084 -0.204878654511982 0.142829262356017
-0.307361356608478 0.158518477654351 -0.171978130851989 -0.101002616493234
-0.363375738882953 -0.0623528048338075 0.133938950543881 -0.0426066403426243
-0.193733636632154 -0.183731218268305 0.30486789799127 0.178680031768252
-0.278021772022879 -0.0726949646364886 0.293552353262659 0.314173517888265
-0.227789360008731 0.123982696543766 0.388176451737684 0.206458269103344
-0.00571101408596291 0.210397492447515 0.32150809384329 -0.0308109034842623
0.144803722114143 0.116593709092928 0.191720136464757 -0.135453521311131
0.172703127193165 -0.00955953866109894 0.091892949714763 -0.174260568264466
0.113298630871547 -0.09587782738819 0.0564663292167482 -0.156100909975994
0.0673964035583738 -0.116684828632283 0.0918950533442016 -0.0939808910486911
0.0713132275498219 -0.106806129252761 0.176639004300113 -0.0617251734734402
0.135180189272735 -0.0878570765036596 0.249741588427639 0.0429350530602662
0.1882763160733 0.00767293495023876 0.231271493093765 0.209802557211931
0.154810074598537 0.137898711558041 0.0274909364006216 0.304720059457191
-0.0495762582825904 0.244371436500322 -0.162628694504931 0.159276540502693
-0.259101479442788 0.0845861574090947 -0.131956547247072 -0.0762742648388576
-0.251702976901128 -0.0970897439642989 0.211876752483144 0.00324031626740853
-0.0395703980041579 -0.131537706712594 0.358684379945666 0.204634077798296
-0.133274711148944 -0.0869414898140161 0.296101204830908 0.306836541396926
-0.121740725036504 0.0460525711087435 0.354092281250079 0.219577763610686
-0.00243799457685241 0.0974827008069097 0.315442000040109 0.0293691030195025
0.0690799880595288 0.0463888022163802 0.236138081712705 -0.100717655711421
0.0819073741359955 -0.0080799659473142 0.13960546618593 -0.181048563695946
0.0526053793180993 -0.0555052381138726 0.0894821152956908 -0.18397247465328
0.0237509606265085 -0.069986469332251 0.113080239374611 -0.125521566842441
0.0325158091089974 -0.0707427208668534 0.19215592478715 -0.0907027511602012
0.0765203468037544 -0.0656682640839032 0.268074636915797 0.021251765737837
0.119711571399785 -0.00306857057183841 0.256089194011621 0.196872363327912
0.104537756351644 0.101170755712207 0.044490461099023 0.306546581690925
-0.0624608463154014 0.163707520761563 -0.143222008712669 0.17033630448212
-0.188840359305108 0.00751621953431686 -0.107989517591504 -0.0527572221979207
-0.113004086884265 -0.119906821095671 0.251899462856877 0.0519451566902021
-0.0424575285156542 0.0977236848653253 -0.285159086301764 -0.0477759358795297
0.0701725256155732 0.018613202186752 0.0695164844268384 0.112764773655377
0.0383173299840175 -0.0637010663782406 0.182158650457166 -0.165215204266348
-0.0482098872306445 -0.0309311007979913 -0.0224822047103439 -0.33234998381606
-0.0299696322999736 0.0303818764779277 -0.289409406274267 -0.210850998942971
0.00176304868949785 0.0263642445111368 -0.300461686697953 0.00639197706997866
0.0126879834396673 0.0177497229561589 -0.198854542877057 0.109547168524064
0.0262359638257595 0.00359593699312868 -0.119471078091005 0.158116973963687
0.0237461882456491 0.000925099395622523 -0.0814228772352277 0.190297798573488
0.0256713557733297 0.00400690153504214 -0.125400436130888 0.205126704358684
0.0222631327965895 0.0265534606862641 -0.221696741672116 0.131297847817426
-0.00325907852472376 0.0242605926001456 -0.299019944699592 -0.0256986034861217
0.0143184035026208 0.0378641056171891 -0.334828571824639 -0.175946623267989
-0.0275243856525033 0.0770333058756076 -0.310284550775578 -0.288548696960823
-0.127303318080804 0.0737404275252237 -0.372954736755279 -0.217996123812468
-0.179530126820133 0.0604345554152208 -0.252810768011968 -0.0597042088311227
-0.0329448046457102 0.0728486424786537 0.0903316751392551 0.125650963568281
0.0105432923533382 0.0303299600935579 0.22800528796068 -0.152963853917693
0.00575895178282203 0.027850085131182 0.00557379964264043 -0.356123921060939
0.0472996691974958 0.0442559200585551 -0.274173079813814 -0.234777130082978
0.0698370362097939 -0.000600957424448442 -0.293862645478597 -0.013163894284199
0.0563936202286921 -0.0320097323913292 -0.192683218919395 0.0974766198956411
0.0679920368667991 -0.0517397469331346 -0.104301618929624 0.147755434043723
0.0791642378569946 -0.051239616420095 -0.047552856180428 0.181956165002497
0.125943185273463 -0.0259810486264891 -0.0734130231828659 0.219790560229522
0.13107811273364 0.0713403959502235 -0.177690090004504 0.189684949740815
0.0412214476080693 0.139544428441145 -0.288785253530757 0.0494465242955656
-0.0675071964334789 0.160626258630589 -0.349779288343414 -0.120573130999517
-0.188181482239109 0.113156063640984 -0.304492205049065 -0.245286990499622
-0.285876616536668 0.0300316664318947 -0.313843058551832 -0.190050879241228
-0.295879231358961 -0.00221989846016138 -0.175119379133519 -0.0513864674609911
-0.157082209677569 0.105330101153121 0.129365703321711 0.155900005299203
-0.0457144802886527 0.130264334020979 0.299500520069404 -0.114449581326293
0.0517450553922791 0.107557551170296 0.0729240045058748 -0.368377610530665
0.126625231853194 0.067603474174422 -0.225543577479416 -0.262233124383056
0.140719963228395 -0.0224508284664309 -0.262033483365161 -0.050566059689064
0.099935249635666 -0.0770503691855901 -0.169515454386963 0.0628890696379903
0.0996870211633775 -0.100524581092409 -0.0744105994400132 0.115995400485797
0.116204633971545 -0.0958593248533803 0.00227856948938671 0.149721699755535
0.193604831083845 -0.0649336558210764 0.00776720599369131 0.21074056967602
0.222961801390537 0.0747841075002573 -0.0872490377588544 0.241852188145596
0.117108561494647 0.203176457924039 -0.242517144638324 0.150438945220606
-0.0807110082443016 0.273114527114552 -0.347095243765509 -0.0345577712623471
-0.290723425621758 0.17048738942144 -0.289857828066486 -0.195925097068259
-0.396643016409266 0.00959960313025791 -0.217037346287476 -0.152544015937262
-0.367446400741057 -0.0775234902972385 -0.06217983906046 -0.016204606191266
-0.277840708262797 0.100699055011502 0.178955420287649 0.197027267214102
-0.127620021159033 0.211118850942864 0.372051732486118 -0.0444881839070155
0.0730989113012981 0.196638703639528 0.164593475368419 -0.339039171070502
0.191118148251103 0.100911085811521 -0.136598489640578 -0.274373362921646
0.201268850620374 -0.0338984926972354 -0.198157545997841 -0.0946187015570543
0.1342140371896 -0.110816251317494 -0.128174398115355 0.010433708190231
0.115159618537397 -0.135722001526324 -0.0339358607825486 0.0671496416293991
0.12910133360044 -0.126291646144062 0.056603980535342 0.0993620366526898
0.220435684893407 -0.0986146520217746 0.0937576299319274 0.174894890812016
0.274560282598208 0.0494222460411707 0.0224790817247039 0.261741093478602
0.185466752946725 0.211003667311875 -0.161361317171933 0.23489498886602
-0.0509579614162485 0.337569795837512 -0.310931851107476 0.0518547033358742
-0.328570605455008 0.214276088979031 -0.2598138300156 -0.151684013562656
-0.442822429511643 -0.000158390299284817 -0.0991690497549668 -0.115296335180683
-0.374063468752214 -0.145386181398213 0.0709836373789236 0.041684800657252
-0.35489462992834 0.0537007144415408 0.228395666016383 0.240788100170518
-0.211312212996364 0.23590307096988 0.414490346511896 0.0477272850227634
0.0572237177473879 0.261810758139203 0.252104574562863 -0.256017326965457
0.218146858093345 0.133612927675348 -0.0172788441780476 -0.253188053527627
0.233136406243203 -0.0318825563890426 -0.105245532746721 -0.134581295062669
0.151886205777266 -0.12657371725906 -0.0700272433759119 -0.0491581672184314
0.113370963110348 -0.149941499170914 0.0106872247103002 0.00937502449897993
0.12105800432951 -0.137115854582833 0.104696178552463 0.0385489071974996
0.210141225096026 -0.113064591804108 0.164358534920414 0.123297156376791
0.2758850242161 0.0229259342591474 0.121126650002979 0.248574431295336
0.211535131870436 0.187608948782991 -0.072607197814163 0.280024822226754
-0.0236313428466014 0.342013211953236 -0.253254703519941 0.111479682341488
-0.322797172900704 0.212062300123355 -0.217257966683912 -0.118811550929631
-0.425119437032898 -0.018130930439579 0.0214766120306853 -0.0814103148576442
-0.310882274426715 -0.181624678476725 0.199587647928987 0.109948697550694
-0.354064068182225 -0.0124765356940451 0.268919736196322 0.276603687255785
-0.251309902963585 0.198385095524143 0.412983417517772 0.134418569899171
0.0227529666892542 0.266447007382802 0.30248970910971 -0.140189261696371
0.198707692045631 0.14050446129932 0.0997840747406718 -0.197301598261874
0.222370051573262 -0.0226968845519606 -0.00166148562561131 -0.159457643412216
0.142644035445918 -0.120942460822347 -0.00592452832608364 -0.106098412794445
0.094021465061945 -0.142767142329576 0.0539699231559158 -0.0471027326576761
0.0977070875819112 -0.129237009956725 0.142126031499682 -0.0199892957404446
0.175826208373375 -0.107571350352245 0.213703062849811 0.0714928236573341
0.240019622443083 0.00879656007899305 0.190330436147091 0.219842830362712
0.19409784654845 0.157355482113718 -0.00405306335235727 0.291969298542508
-0.0241241020882965 0.300633927494796 -0.195946479599436 0.141160323959587
-0.293793344943709 0.163193177041399 -0.170836939187106 -0.0936399993713851
-0.354768919116695 -0.049133861114681 0.126843304028898 -0.0446140521889727
-0.192786406547149 -0.172243648692407 0.299703182395153 0.167335404207972
-0.271419185404235 -0.0625685356976219 0.290838240267828 0.296736174420565
-0.215374841252905 0.126054306511318 0.381412446597097 0.190478274189347
0.000508702902710592 0.202805078646821 0.312479079548193 -0.0347545188846072
0.143908507142368 0.107489645359001 0.185637883232679 -0.136250951957881
0.166749445267578 -0.0154732453879376 0.0846201215085843 -0.171057717402567
0.105722116395376 -0.0962181900116275 0.0493197697894231 -0.152054827315847
0.060629767348513 -0.113369479386657 0.087211209796252 -0.0940153224062105
0.0654536262238977 -0.105776844903873 0.168423793764725 -0.0657807028028937
0.127295382215503 -0.089210993677761 0.243669997674929 0.0327158971161498
0.182762538772188 0.00140329013404603 0.233062771673099 0.195147884677177
0.15274230853357 0.127788421289275 0.0354590511715085 0.292635349280791
-0.0402440209315056 0.235625326079171 -0.15416271966548 0.156588233437756
-0.248408063852246 0.0907546300435542 -0.131688793183588 -0.0700384552465641
-0.247217816718409 -0.0857273774438587 0.203846742155157 -0.00235628673884251
-0.0417298357686081 -0.124850374636734 0.354104155001165 0.190477002424944
-0.131762896779506 -0.079461534430398 0.293779463929247 0.290399112818104
-0.115728489454413 0.0472356103241036 0.349089697175458 0.203953520346024
0.000186385971569346 0.0928720824730492 0.307793111116661 0.022634000169626
0.0679490351303319 0.0420367525572124 0.228665236410466 -0.104977286696644
0.079256682607114 -0.0105239049589619 0.129788542411289 -0.179216138080998
0.0481676833504247 -0.0552117394456452 0.0803634701469831 -0.180069384176736
0.0198139943121862 -0.0665510694966912 0.105775802061705 -0.125125857262452
0.0286459086232134 -0.0691642631645246 0.182679016041905 -0.0942709849477902
0.0705611409245264 -0.0656726811482826 0.260510083355505 0.0119122763863648
0.115037326018291 -0.00642492493420673 0.255027868623941 0.180792630217059
0.103180667370284 0.0937857815155571 0.0515982547634293 0.294467832319149
-0.0550300324328721 0.158327991101853 -0.13542804737154 0.166551614757294
-0.181152677143036 0.0140694300326943 -0.107302072219461 -0.0477020900903752
-0.112475078653622 -0.110913617104292 0.243908357294063 0.0423985943032733
-0.0418790176049554 0.0976942941803266 -0.283893879985662 -0.0465096867980334
0.069146756754465 0.0183819045760395 0.0675932245742938 0.11125943893637
0.0363695287275725 -0.0637757125697443 0.179874651365195 -0.163112687344529
-0.0481189359693922 -0.0297751369027292 -0.0226214336600775 -0.330745146310985
-0.0286620032082726 0.0304519139932118 -0.289360339303025 -0.207885509385902
0.00263015354452887 0.0255380333603648 -0.298500471174039 0.00860552226361431
0.0127677077074015 0.0168880117822632 -0.197249513536327 0.107952518648642
0.0259886655950134 0.00250740309873247 -0.117212458097282 0.156933432065655
0.0242942616185188 0.000116066419784483 -0.0791375248378098 0.188149036053898
0.0269857096848254 0.00372688696737374 -0.12210793580165 0.204034723327127
0.0234672451117574 0.0258800472673937 -0.220828136360485 0.131712154320467
-0.00294479365677692 0.0256205657120835 -0.300674223095488 -0.0253531756320131
0.0130285812008526 0.037623351124757 -0.333434525683477 -0.173840392212167
-0.0271334966447031 0.0758526316197605 -0.307454082015457 -0.288482407152275
-0.126297292790884 0.0728513556425425 -0.372980901644039 -0.217452849529311
-0.178672391425153 0.0615267711682456 -0.252153204444613 -0.0584875162962805
-0.0330910073900535 0.0721847105807656 0.088181990347286 0.123603833558567
0.0095790963671459 0.0293833407143399 0.226200377421408 -0.152013455232556
0.00516418196973888 0.0277279443732082 0.00608752224880325 -0.353848943058602
0.0481115900602892 0.0434517464571477 -0.27374467747901 -0.230621395204026
0.0694321958262705 -0.00201847422100506 -0.2912870228226 -0.0114936325380972
0.0559791980311307 -0.0328395980450587 -0.189482324743573 0.0967351703793878
0.0668221233288567 -0.0532699571875619 -0.100888448926488 0.147146031576646
0.0792928329017947 -0.0520265047315698 -0.0447001977805491 0.179074813528064
0.125969908766384 -0.0278691388446793 -0.069055985548339 0.21809985774243
0.132328851275949 0.0690495985189784 -0.175096408355017 0.189931661045438
0.042073499654355 0.140157673958628 -0.288937891345335 0.0496951200490103
-0.0679503738560014 0.159703938430771 -0.348355545858294 -0.119165314654802
-0.188140318232438 0.112661689063408 -0.302004734534145 -0.245242525167759
-0.285415742442583 0.030344077183464 -0.313589675715866 -0.190057255468632
-0.294645687864504 -0.000560985488863042 -0.176406114264744 -0.0502053788260611
-0.156298170777763 0.104583278883761 0.126386991965476 0.1531723063564
-0.0445931157972541 0.12991737517789 0.297981212776319 -0.113981733717697
0.051607194478796 0.106490020308039 0.0729420348961201 -0.364408765344155
0.127323644989934 0.0656009142838727 -0.224271481731121 -0.258403200883432
0.140103990834527 -0.0242787272025797 -0.260615689988463 -0.0491472901711004
0.0981684610180998 -0.0779157743730879 -0.167730992695959 0.062317187703186
0.0980894113474701 -0.101534422317013 -0.0718017857256485 0.115223140080881
0.115782089155011 -0.0965096414524661 0.00471542596580355 0.1468819003002
0.192496397648815 -0.066979612833314 0.0121705981515114 0.207790255697456
0.224249603958344 0.0707204816436873 -0.0834419943914122 0.241449534803611
0.118024108210015 0.202162106774834 -0.241960174739809 0.149498768264687
-0.0788165206098525 0.272264012154271 -0.346233145535955 -0.0337457268707858
-0.290106453193672 0.171780854098606 -0.288962891217086 -0.195563403906655
-0.396360331195068 0.00929386673145008 -0.218747040117875 -0.15177678070062
-0.366571402528731 -0.0751019291728455 -0.0639030322964439 -0.0150992730899289
-0.276017675318919 0.101257760242315 0.176295713213865 0.193991958728059
-0.125776263194261 0.210376963638631 0.37059584702951 -0.0443753596897529
0.0734311587479797 0.1949580824811 0.164471488790199 -0.334691271548588
0.191503293485343 0.097585962656148 -0.134651016510741 -0.271228279375444
0.200001505733737 -0.0365105298345459 -0.196953514287893 -0.0929634667928582
0.132887569269493 -0.11261846228616 -0.126383830502278 0.011183729518665
0.1130423993113 -0.135799717987785 -0.0324961394279205 0.0658909613340632
0.128387190431659 -0.126544201975232 0.0574477840823143 0.0957461042041688
0.218633319280089 -0.101717356551718 0.096952070712773 0.171687408551233
0.274911271346514 0.0451559769294223 0.0274608329485865 0.260570309927858
0.186007840474136 0.209176117740637 -0.15946584006566 0.233034038455569
-0.048971102525089 0.335880457153396 -0.310167063574997 0.0514650646639679
-0.328196016539914 0.216967147499195 -0.259882768068687 -0.152296005497095
-0.44300342219631 0.000445402009790485 -0.100743283074292 -0.115081019739376
-0.372999752248213 -0.142742781531304 0.0684686302808281 0.0423604514004112
-0.353058624495844 0.0552269843159054 0.225770995168193 0.236786270289354
-0.20905420834613 0.235776335235454 0.413237813193646 0.0473537036241149
0.0584060354260743 0.259639295271175 0.252463992712858 -0.251768563953245
0.218679288199042 0.129833536527948 -0.0153495258018692 -0.250106820473687
0.232074510553164 -0.0349290990362457 -0.104658474432246 -0.133397006163683
0.149617815597798 -0.127843453974517 -0.0699174094323788 -0.0481031258608964
0.11070262091247 -0.14993506265817 0.0119076212988228 0.00862160984856944
0.120145140521904 -0.137533838270119 0.104702208966701 0.035179659682791
0.208099782134907 -0.11525991568149 0.166234650565318 0.118895386628878
0.276190805580844 0.0194257282290575 0.125471255210091 0.245514772910749
0.210260144336249 0.1845116795108 -0.0713258332351848 0.276481932831761
-0.021013760504418 0.339148782330216 -0.253128691318512 0.110262983348847
-0.321387261789687 0.213815803419088 -0.218757909505964 -0.118290776020152
-0.425912926998587 -0.0165650505202425 0.0192978502039736 -0.081313957058395
-0.310228361599998 -0.179231459512718 0.197537111282653 0.11071230460642
-0.353114879043688 -0.0111607002684238 0.265474706013006 0.272859984184625
-0.247903970411174 0.198077295612808 0.412734648435195 0.132952166105694
0.0240135279978067 0.26442881577542 0.302473929330787 -0.13732843363635
0.19881566134613 0.137607385552826 0.101887776082514 -0.196502982690933
0.220734702629072 -0.0253371382293751 -0.00237502621565612 -0.159337964795059
0.140325315459372 -0.121828842073625 -0.00644883278273475 -0.105085591897374
0.0908297662244829 -0.141499668266872 0.0542355122254294 -0.04771024586824
0.0966696783979643 -0.129415677213904 0.141484113966956 -0.0224414197631474
0.17405796473719 -0.108322033490282 0.21436599363758 0.0674849984017878
0.239661533386272 0.00549172224120953 0.194257295468423 0.216260488230784
0.192758470612002 0.154252743606627 -0.00278299946938168 0.28901319714984
-0.0221805577801556 0.297362958973862 -0.196850536035066 0.140417266503743
-0.291595147879229 0.165681695775341 -0.17192483160752 -0.0923971912371821
-0.354861385845282 -0.0476136316352829 0.12437919799952 -0.0451051879189056
-0.19301115720914 -0.170510896112566 0.298468380403903 0.167179352079609
-0.27066028115129 -0.0601483364256807 0.287769536422029 0.294737649811785
-0.212839396623352 0.126607283075121 0.380603205146356 0.188730612123519
0.00110227390409735 0.200976059931517 0.312724096583613 -0.0327034614650922
0.14308358443767 0.10455014387274 0.187208669480183 -0.136533393814427
0.165591179606174 -0.0168733619406269 0.0832061188225631 -0.171273142814485
0.103773819795417 -0.0963002838091893 0.0472454534724668 -0.150674971434492
0.0589668804878476 -0.111277513904336 0.0869049143926564 -0.0943113382872833
0.0637634436843292 -0.104964817489774 0.166821047494414 -0.0678112396881644
0.12533590600344 -0.0894232976417073 0.243849519344075 0.0301202886605202
0.181501889455957 -1.94787881625828E-05 0.235516072622999 0.191498320335366
0.150993869444812 0.125248239775375 0.0372296892809803 0.289397481036234
-0.0384086686311341 0.232199375498566 -0.155215924669195 0.154603557967344
-0.246178084608038 0.0934146828456038 -0.132046219324426 -0.0688000256258751
-0.246379168702348 -0.0823870151258344 0.201069368574088 -0.00306310745149446
-0.0422724153960992 -0.123511999516224 0.353523044759833 0.191687632530891
-0.13168938855058 -0.076570179116637 0.292531448917029 0.290056951590807
-0.113815952159797 0.0471344295148725 0.347979904556025 0.202028567184959
-0.000437729047362026 0.0916596110050099 0.308174792874017 0.0234349851094387
0.067142784073815 0.0407617541152907 0.229579032769366 -0.105934953305918
0.07885799407643 -0.0110640522679526 0.128729247790677 -0.179449877914955
0.0464693875758593 -0.054704104292797 0.0774747514156103 -0.179255259379406
0.018472801209864 -0.0649792999965359 0.104918330759245 -0.12575738390644
0.027711563516931 -0.0683660601346752 0.180736441123875 -0.0957167975863797
0.068275038191297 -0.0656732751701481 0.259809559636744 0.00878340853228787
0.114297719542411 -0.00694681851756586 0.256810985127523 0.177441754184796
0.101335724021841 0.0913880528223003 0.0534293503683774 0.291488083772843
-0.0530377934325918 0.155470755774935 -0.135042890893451 0.165465594367112
-0.179288013792949 0.0163335369920567 -0.107892854830843 -0.0460978374693599
-0.112181448049744 -0.107771875159901 0.240830708652441 0.040770206577529
-0.0420004331593599 0.101177252548867 -0.294743642969611 -0.0462893491066356
0.0703868752642728 0.0188830548218897 0.0681635910436894 0.115143870651902
0.0354869678222563 -0.0652141923430477 0.184418123891437 -0.167619003839892
-0.0504397610620417 -0.029378772271286 -0.0230321668830678 -0.342015624577439
-0.027797282212913 0.0321672568386768 -0.300289980391497 -0.210474232215311
0.00344525502626094 0.0252862146413861 -0.308070975939241 0.0110067714809466
0.013259485053548 0.0175566652178014 -0.203789048719487 0.110567073046893
0.0271315460709173 0.00129577091042451 -0.119671779220639 0.161891409771337
0.026098497532203 -0.0012365071189758 -0.0797840916478118 0.193199640877128
0.0292719237602432 0.00342608877300945 -0.1230296366504 0.210198395963882
0.0250978925019355 0.0265319028256993 -0.227857457880681 0.137341326761776
-0.00254037346276453 0.0283419775997062 -0.31106199710662 -0.0251518165898773
0.0118080404817583 0.0381385188136883 -0.343589707634628 -0.177882522516553
-0.0280763257663817 0.0770498414223483 -0.317069767676293 -0.298976795843277
-0.129692543707149 0.0754092217073564 -0.385847698481381 -0.224896854444387
-0.184166318348426 0.0649016911076138 -0.262110019792124 -0.0590073599392314
-0.0340672463125922 0.0747539589332284 0.0891148447693442 0.126431658747715
0.00958500923105748 0.0301618256131512 0.233048263322346 -0.15743780008852
0.00473806549975098 0.0288687520711433 0.00649490706355639 -0.36475667420598
0.0512814627148636 0.0448527429744455 -0.282695635599359 -0.235261443719249
0.0722325825761097 -0.0034088451709908 -0.300384122480469 -0.0094039189251162
0.0572234847187428 -0.0347942304902878 -0.195038558409496 0.0989439781254998
0.0685570543079761 -0.0560528447728841 -0.102613448782584 0.151066361704118
0.0827136372029026 -0.0550659205952226 -0.0444876767880221 0.182721785034445
0.130878769718209 -0.030400675523681 -0.0678744809045805 0.223927170708407
0.138690789977748 0.0691495040692668 -0.17889960851588 0.197732976019836
0.0452049230452501 0.145330887186339 -0.300000322013317 0.0518300451781862
-0.0704564023615087 0.165566349255025 -0.360111224635726 -0.120749088689905
-0.194202358266753 0.116747874836532 -0.313102147218348 -0.254822366169616
-0.295046531124705 0.0315962405866283 -0.326172703289992 -0.196252749874544
-0.304318763377564 0.00186530716006022 -0.18392678002999 -0.0504281415164887
-0.160553504581792 0.108716572748797 0.127788711751061 0.156860415996515
-0.0462791181004203 0.13336019844823 0.307675031879728 -0.117675788700259
0.0530254185763544 0.109646408336719 0.0749735921909153 -0.373941485410681
0.132837477678594 0.0662550277082396 -0.231125843854065 -0.26384489224119
0.143927492187149 -0.0275006791726499 -0.267769019833776 -0.0485990096672899
0.101175307617511 -0.0816616371284806 -0.171447791667396 0.0647487878537589
0.0997091926021561 -0.105859759608152 -0.0718493538116204 0.117812654733715
0.119561531036012 -0.101364772197118 0.00662121321904824 0.148838295461209
0.198832047600714 -0.0724731261982214 0.0159687270668032 0.212400652593409
0.233064993749628 0.0694362313372665 -0.0822980232560003 0.249987823901627
0.12416716127289 0.208371330355968 -0.250411180481514 0.154577238849065
-0.0811479450835967 0.281684245288933 -0.358204529009092 -0.033970186504336
-0.299709466052832 0.179406682623032 -0.299263074279652 -0.202736363268201
-0.410763270489534 0.0111331324253242 -0.227438698464548 -0.157235582249925
-0.378814806898162 -0.0755655449216644 -0.0689661941550731 -0.0144177635669369
-0.284776840869864 0.106064893407057 0.179117185535276 0.198812555852829
-0.128514235258141 0.217551817754343 0.382673848718491 -0.0462597263420582
0.0766257593754252 0.200553470899506 0.170962194260143 -0.343840660418805
0.19878972758055 0.0982310156335033 -0.138472859122877 -0.277593724115024
0.205812330318531 -0.0409430795307959 -0.202999941187768 -0.0939581283319496
0.135633021884647 -0.117377857720518 -0.129635969759714 0.0132642775054461
0.114489906063574 -0.141512892246662 -0.0320607307254174 0.0670578344803334
0.13255127159681 -0.131976229803265 0.0608087236938388 0.0955121676875928
0.225167732479584 -0.107753970960462 0.102988343756128 0.17382571768539
0.284678135276136 0.0413074488487759 0.0340033201246463 0.268153269427859
0.19391300168095 0.213792222689668 -0.164509573852065 0.240135389045077
-0.0481367100048056 0.34728745911288 -0.322651490889 0.0534047076736024
-0.337845959720901 0.226959562095214 -0.270712949178889 -0.157326155413367
-0.460129871646361 0.00196371393696408 -0.106265559048173 -0.118825799312033
-0.386335320983801 -0.145688166304878 0.0688040900834088 0.0450611152276724
-0.365106248720549 0.0588897085259852 0.22977532253181 0.242956992657372
-0.21362254019819 0.244149238034857 0.427594641017054 0.0482105327092737
0.0623144725121969 0.266552305093737 0.261097643060451 -0.257741894402151
0.227144360028886 0.130979157302896 -0.0137305756611907 -0.257957876934194
0.239021211991718 -0.0392659343867576 -0.108154926771514 -0.136891301735703
0.1531951466521 -0.133296864816718 -0.0720940547010959 -0.0483168202926913
0.111809378124749 -0.155021780504817 0.0130314039941255 0.00725955911716631
0.123832590413152 -0.143039963608465 0.108823323439346 0.0328564654793565
0.214214164281443 -0.121292595987492 0.17452914534111 0.118688336692374
0.285998603679235 0.0151956337238679 0.134991688632735 0.251336002078736
0.219081018935993 0.187932071914383 -0.0718087720930774 0.28419051308981
-0.0191713862143742 0.348923416111421 -0.26348329462415 0.114075487404657
-0.329988982395386 0.224731463182925 -0.227573438240841 -0.122319419855074
-0.441092913475214 -0.0138034045189203 0.018152746247597 -0.0838110230273504
-0.321320807287515 -0.183560991648683 0.203295484559987 0.114870018660761
-0.364799694304566 -0.00868483779597277 0.271076194195729 0.280782053173627
-0.254432100237285 0.205377917046995 0.425857154089508 0.135953957084084
0.0265440357028684 0.272106772808851 0.313418423494951 -0.139552462874374
0.205966477098106 0.139265697059747 0.106814775333157 -0.203189987107607
0.227836337497797 -0.0291881586889226 -0.00295565841577718 -0.164430634840281
0.143896626383421 -0.127288189951571 -0.00748137345340856 -0.107321338400097
0.0917534608550263 -0.145527588833918 0.0558928036216335 -0.050837611641625
0.0986490678253539 -0.133967116552054 0.145414865221119 -0.0269217073424183
0.177855036885132 -0.113805036002835 0.22283796011275 0.0648783655935332
0.247461383827646 0.0022361737746384 0.205330939290356 0.220150398026706
0.199448933972876 0.157182379079063 -0.00136818222933015 0.296952486134167
-0.0195277847725477 0.304945173099306 -0.204217283268934 0.144773170153852
-0.299422459745809 0.174575615634319 -0.179512560715006 -0.0952417777986301
-0.36816381433202 -0.0453680096142745 0.127082075112875 -0.0470442704755669
-0.200076589188921 -0.174469216240872 0.308517042084356 0.173511403652803
-0.279706265968727 -0.0599917893013489 0.295377254299761 0.303462741011768
-0.218303998756584 0.131016310994599 0.393357913297578 0.193002219007037
0.00257438923820279 0.206445878658039 0.325041838264354 -0.0322949058727655
0.148338764284219 0.105924714135695 0.195890944829666 -0.142026551699313
0.171095944026257 -0.019782266844512 0.0852195309260688 -0.178008247767062
0.105557729743405 -0.100035286041535 0.0471270806049807 -0.155047220966223
0.0587939511411354 -0.114148559877142 0.08903991770129 -0.0994235656320995
0.064677417729194 -0.107949011616658 0.171162083091555 -0.0726445715156243
0.12793126895886 -0.0933443480749821 0.252597131994694 0.0274145257358181
0.18689103374573 -0.00214506201788514 0.246678862115451 0.194989754229615
0.155630189952425 0.127047934030633 0.0401997939749607 0.297381941640149
-0.0372048911891666 0.237843886458914 -0.161202487672163 0.159849822357802
-0.253026126544046 0.0983759863270563 -0.13828801000232 -0.069485649056856
-0.255057392587077 -0.0825182899527139 0.206019401222343 -0.00453341689921203
-0.0450176590428942 -0.126518788036432 0.36596009158367 0.197846859523423
-0.136439957492943 -0.0767707841943859 0.302081443083186 0.299457563522015
-0.116292542749827 0.0490297303836547 0.3597911859135 0.207822196984089
0.000203059794590906 0.0932659408653178 0.320359612903301 0.02491349175361
0.0689698064866956 0.0406177550269704 0.238812795851182 -0.111540799750826
0.0816880731106713 -0.0132019164773803 0.131762714722473 -0.185901158703673
0.0472542965648698 -0.0563586507021779 0.0784796813528614 -0.184667876808745
0.0178296258923091 -0.0650634632116028 0.107216268741761 -0.131180656592109
0.0267502187004142 -0.0703557960812835 0.185620485508202 -0.100262413009723
0.068613440309616 -0.0674327180169891 0.269318083128888 0.00604360209079257
0.117380567687108 -0.00763232401437669 0.267375753861103 0.179887001146935
0.1039343586761 0.0925930126140287 0.0569208394864762 0.300007487326896
-0.0533295131562946 0.158609897148742 -0.140641157341284 0.170066936060171
-0.183700298507322 0.018845618752629 -0.112024782502277 -0.0457763047090697
-0.115204671598031 -0.108393080864472 0.247586586669217 0.0406086740832861
-0.0411497311019169 0.109326601988726 -0.315389007880822 -0.0401505295248509
0.0747066493687904 0.0185170759467971 0.0740864656625703 0.121526112244688
0.0344469665044662 -0.0701365747830776 0.189765838257152 -0.18249737642761
-0.0545483003244373 -0.0282105951123923 -0.0352935969626935 -0.364683750209125
-0.0266068813126704 0.0349857937415547 -0.325698877034953 -0.211348431106317
0.00442594862013483 0.0254974310972516 -0.327157765892231 0.0235397689395304
0.0151244515076399 0.017716830426933 -0.213354771840593 0.12261584188388
0.0288060909658326 -0.00026198140251196 -0.121056460912881 0.175386265524224
0.0290866168530777 -0.00335994411547495 -0.077658542669712 0.206303293251612
0.0325412474903973 0.00139327544408581 -0.122501752672235 0.226605662209178
0.0282524432049229 0.0266287225713041 -0.237447665800359 0.154296610928415
-0.00156044470837211 0.0319676150170575 -0.333794564595528 -0.0163389745953802
0.0123763584495749 0.0404579037293918 -0.369928924939073 -0.17756799578106
-0.0278374219902616 0.0812355336196922 -0.344430914853172 -0.30916833413313
-0.13552617434024 0.0837507701761858 -0.418308843187796 -0.227847901495984
-0.193034465359984 0.0758100963350688 -0.282677503368307 -0.0531961247219139
-0.0345026167088311 0.0803500956551462 0.0950510111430171 0.132645411267458
0.00979469995101294 0.0321298598504824 0.242765506139428 -0.171922724055505
0.00559484987263239 0.0314908123118549 -0.00327986791938318 -0.388282019421834
0.0575793935983473 0.0454776143882449 -0.307605194507478 -0.238507062913717
0.0766590546304991 -0.00772603136367271 -0.319419506290719 0.000802618508188574
0.0599025646916637 -0.0393578579624942 -0.203455156625244 0.110298794550367
0.0703696289089204 -0.0629800557844112 -0.102898940353904 0.162014663263229
0.0869077706203501 -0.0626056341049118 -0.0405565495556589 0.193175643247365
0.139017817838936 -0.038686303047467 -0.0624033258918994 0.238376474726127
0.150076005970497 0.0668936848412914 -0.180544809503105 0.21602606230423
0.0536427640279859 0.154017006017485 -0.318491786492958 0.0642528402287522
-0.0709906434647802 0.178479260241705 -0.386212454045485 -0.117477365297981
-0.203604651669076 0.130116540693074 -0.34005780811474 -0.262476403483475
-0.314308306505324 0.0424679686307466 -0.35421556960763 -0.200442566054419
-0.323599298885501 0.0121650301020413 -0.199784465430037 -0.0463067149214445
-0.167964467586541 0.12111523818833 0.136049296149442 0.162882291485734
-0.0452325017056093 0.143372100439011 0.323506359757425 -0.132947955938757
0.0597551332345746 0.114657646378044 0.0702555143355405 -0.3993683952746
0.14440193243741 0.0652605763829477 -0.252971944349902 -0.271461450580034
0.151854619847605 -0.0357016438813026 -0.285987360259155 -0.0417498518227418
0.104195071713408 -0.0909614370370614 -0.179330730946204 0.0739064035534839
0.101436111833255 -0.116433894055401 -0.0713239541881088 0.126133313694181
0.124696871633372 -0.112708501929732 0.0126064118413698 0.154654527369113
0.209404997663073 -0.0859853738716099 0.0264286793776336 0.222733162805416
0.251143610169661 0.0625806932554579 -0.075706600114601 0.26825217947631
0.139430816917434 0.217894110074358 -0.262430316300384 0.170959083343613
-0.0776813302283198 0.302368895448525 -0.383536118491242 -0.0253700609949723
-0.313467478555363 0.201240726482784 -0.325429544659001 -0.207535159183726
-0.437856287273373 0.0244351071427243 -0.249034594795906 -0.161891984979604
-0.405703692904993 -0.0666202244938701 -0.0763152514540322 -0.0119617653777066
-0.299590823617832 0.122241222409818 0.191154274217924 0.205537394796562
-0.129020976474686 0.234838256048713 0.405539191155769 -0.0595866205162468
0.0874051608103198 0.209798959470746 0.172674764326551 -0.367823793890691
0.215632986451376 0.0963742024282328 -0.153013782059008 -0.289631846322768
0.217189716305054 -0.0525982609914485 -0.218388741724658 -0.0927379329453737
0.139659404699021 -0.130120160056245 -0.136456582724324 0.018282260968751
0.115654869889993 -0.153777637046171 -0.0299401767378113 0.0711951368452438
0.137216662669701 -0.145818307174921 0.0684123901575378 0.0960772009317384
0.23519534111623 -0.12492644663122 0.117926424827725 0.177664316535592
0.305432161988013 0.0308319498558213 0.0487968989992041 0.282358617029663
0.214087713679958 0.220296093333541 -0.167610796500965 0.259495428664048
-0.0386140383104293 0.370308050195185 -0.34268605924721 0.0666107404776106
-0.351995195958438 0.254269562479554 -0.294517752767019 -0.158974081579927
-0.490464044797263 0.0181793024169821 -0.119193597911166 -0.12379391511742
-0.416431124738594 -0.141187365281976 0.072738192440482 0.0471225934022933
-0.385621898317225 0.0744004411608258 0.247012619994663 0.250409421134178
-0.21878938869563 0.265950985368699 0.455808428113508 0.0383018832855818
0.07514287350301 0.280946590734051 0.272472465413782 -0.280101586581772
0.246875554777379 0.130122251131032 -0.0204066128453875 -0.27352888666528
0.252716750398939 -0.0523930049683491 -0.119605968180378 -0.141304729012322
0.157438755630389 -0.147661294085373 -0.0772236021695158 -0.048284783885179
0.112583837685762 -0.167955723535894 0.0151768855673398 0.00584532302802099
0.127260026030946 -0.157191318962682 0.116616688144814 0.0282636687497036
0.223196712261601 -0.138093545599353 0.191199153166691 0.116551727948804
0.304649847213249 0.00333358227120145 0.156493368083963 0.261466702168495
0.238473761933203 0.19121013100221 -0.0667749723881555 0.302881244490473
-0.00847570441027362 0.370757740588965 -0.278529936480779 0.128653251411348
-0.343019447893133 0.251787347589823 -0.247745471165227 -0.122721545552915
-0.472283379305858 -0.000245336523335002 0.0144160686391321 -0.0893205193076446
-0.348535036407154 -0.183552180358912 0.218745727541654 0.117254690101119
-0.388113119088811 0.00333692371798577 0.292198220775494 0.290558638693375
-0.263136707532418 0.226121505540922 0.456971611291819 0.131436222638189
0.0366629629464298 0.287241355882134 0.331495770783628 -0.155934144970716
0.223782217687861 0.139294725870685 0.110895923959678 -0.219964158554076
0.241525812704437 -0.040439997568457 -0.00822010658642947 -0.17455605148263
0.147115602289279 -0.140788811608918 -0.0120107279568039 -0.112677320447115
0.0916177188631449 -0.156342366571305 0.0580735732007648 -0.0575556213770519
0.100284676173248 -0.145766368401499 0.153192044901038 -0.0356964641644836
0.184183657369813 -0.127774549799736 0.240332870120861 0.0584999878809877
0.263474991967727 -0.00779106762543547 0.229255450460665 0.224963055324664
0.215904921895814 0.15878089969103 0.00896312463694225 0.31378790886576
-0.0101135576244194 0.322086155363147 -0.214765962111787 0.159773983266856
-0.311582217183054 0.196817688267295 -0.195498500369797 -0.0944786713457778
-0.393019403534595 -0.0349619374074103 0.131131592389657 -0.0542037945336751
-0.219331161769855 -0.177867988238051 0.332524011119298 0.176445516216929
-0.299397677234396 -0.0527991850109025 0.320817372541823 0.313495793406646
-0.227424957512912 0.14573354877907 0.423109620758601 0.192634604504798
0.00904303649986457 0.218481842738591 0.34619978869768 -0.0430612905102642
0.160993194016696 0.106571568062371 0.206791015579544 -0.159353737812908
0.181818547581179 -0.0281947253238271 0.0849197199460542 -0.192147750802534
0.10792448954028 -0.109979244893387 0.0446675939339218 -0.165559397901829
0.0573183357505096 -0.12082272540244 0.0908786499629567 -0.109885549823254
0.0643145181800868 -0.116706994814371 0.178786224357128 -0.084890395755362
0.131469861758695 -0.103489931023703 0.270251933548511 0.01740725107418
0.199069767699224 -0.00974668539346401 0.271302670180073 0.195741051487458
0.167606679814654 0.128426010669486 0.051768018787099 0.312637035141282
-0.0306295246935443 0.251475829839659 -0.16764524814668 0.173755964749308
-0.263656572207461 0.114304308841228 -0.150164195766771 -0.0689549201849993
-0.273111111735508 -0.0767109133234699 0.216761773279131 -0.0120674700003935
-0.0525061755874639 -0.131589722853137 0.39748960000679 0.200354936992545
-0.14715825062711 -0.0749241718552549 0.328583394421107 0.309545500158518
-0.120477175666545 0.055223961828726 0.387954905304099 0.208214738244944
0.00234244720871556 0.0982818659303316 0.343693254314469 0.0172441276813118
0.0742028459902541 0.0398498216036136 0.252394558874462 -0.12847623457947
0.0868407392731893 -0.0175141517413506 0.134936827156261 -0.202481334029085
0.0478490068084591 -0.0608437059228805 0.0762606818719511 -0.198504615616001
0.0163890385849575 -0.0677351580830114 0.108611790877149 -0.143433343640962
0.0244101715640361 -0.0750211802868316 0.193093079355679 -0.114023670580246
0.0693183607774322 -0.0733033323678671 0.285850591732687 -0.00449160011032035
0.124482929425244 -0.0123678366056744 0.29122735041478 0.18045179667002
0.111967821495081 0.0941177729792048 0.0699622108464741 0.314424904974124
-0.0508626759857869 0.168668812708102 -0.145110561601238 0.183901527413605
-0.192933944526935 0.0278313101078127 -0.121293782527697 -0.0448700627214389
-0.124461040070209 -0.109251867826551 0.262694911665204 0.034001025286973
-0.0172789245696593 0.122627395154728 -0.348596313102492 0.01637413777316
0.0812858444041072 0.006075208865417 0.0983205071163297 0.116767008387546
0.020964235807696 -0.0768398677376959 0.164450461868082 -0.225687960490953
-0.0575784372897064 -0.0168400996031455 -0.1131000244376 -0.374160459148311
-0.0159070143388154 0.0370108611151062 -0.385748089484125 -0.152267754299634
0.0109819112030117 0.0235693107467387 -0.340097769691419 0.0915581617332462
0.0194831348738614 0.0144869590249996 -0.202788572448065 0.175074710250403
0.0293797294974286 -0.00793412891640082 -0.0915284641894769 0.205283539964579
0.0279855222944309 -0.0116279049259718 -0.0414630807401052 0.231573844405452
0.0334812116996214 -0.00729831525681409 -0.081968718732608 0.260626415033575
0.0348075669544472 0.0184370202013676 -0.221353235833926 0.208289940747046
0.00789347365496307 0.0351516334363793 -0.35745678480197 0.0469381836990876
0.0204028830900045 0.0393212138027489 -0.423032570904732 -0.115272424287489
-0.011014601638309 0.0896381195797338 -0.419680048256887 -0.259173301805443
-0.121929137608756 0.114709164177371 -0.486602989568227 -0.161943239921461
-0.186454872608734 0.12082210405476 -0.306188752765965 -0.0131757891567837
-0.0233390223762303 0.0917541826563816 0.124632719485238 0.118650883713804
0.0148621198727686 0.0355452661050206 0.21997139366563 -0.232465342910066
0.0151431887987383 0.0350790843520896 -0.0871444017198849 -0.407389883099822
0.0733618538613904 0.0321420865711823 -0.376240924732455 -0.183553147773102
0.0803119518852989 -0.0251920943345097 -0.339159143695369 0.0686434602045258
0.0555460806171231 -0.0531314514714049 -0.195850948598639 0.160376332452767
0.0603979271510399 -0.0812394627274054 -0.0757653413546673 0.188638541551452
0.0774031098946492 -0.0843357140880405 -0.00470339280512098 0.209286507362338
0.135394029145245 -0.069985075687248 -0.0170159240574772 0.258541728613387
0.168690598858222 0.0355087285661877 -0.149742782782163 0.260566867781564
0.0879168658765401 0.151673496948391 -0.325530528006932 0.127332425357939
-0.0364314724023753 0.19939913930685 -0.426699276890912 -0.0483171655886914
-0.184011415501934 0.174810949714106 -0.403863164022027 -0.206109152489476
-0.315971491140335 0.106901872154652 -0.41501313626326 -0.143810750368912
-0.340303342270233 0.082382709556522 -0.204176811800436 -0.027861276760644
-0.157716280054015 0.159862786424314 0.177799445784128 0.136570395630388
-0.0220603216432647 0.163720496565706 0.312824838392032 -0.21515898884927
0.0867004643016779 0.113170909952958 -0.0154128439327873 -0.436879902313173
0.167471253106609 0.0368740261743598 -0.32939907379516 -0.231544051239098
0.154136784621339 -0.0691136732616965 -0.315907552290321 0.0183811103400652
0.091920669629656 -0.115430070961849 -0.178933216103091 0.117642532745026
0.0825215440059842 -0.142412749819212 -0.0497275586498373 0.144076975539425
0.107047381640037 -0.143131494499344 0.0432967948308902 0.156929697438146
0.198878982813158 -0.132438565262216 0.0722939789758097 0.223008759988247
0.270941313633613 0.0112475529511056 -0.0282781940904597 0.29494594944613
0.188581573399518 0.200480263747917 -0.24562375182812 0.227383237232291
-0.0187931844954706 0.32904896928347 -0.404169164144996 0.0466238898906394
-0.283458408667859 0.271045010038685 -0.377568352476601 -0.148426025184575
-0.448491758265522 0.112375929523211 -0.297903290014685 -0.121934438805526
-0.44707176536706 0.0167394061567085 -0.055423754331145 -0.0168867407129636
-0.297352192270775 0.186685200253604 0.248871016103618 0.166654240462595
-0.0940072204827435 0.276498929697657 0.417081266711116 -0.162523804647027
0.133639774522461 0.208772734206631 0.0964249740252126 -0.431717863705433
0.247395422535751 0.0571226794706433 -0.232443307895589 -0.273824000708177
0.2194718293262 -0.0994075995696105 -0.258047574710412 -0.04769859369789
0.121848408931911 -0.162945743036554 -0.146279299784279 0.0502020052265062
0.0904825362515482 -0.183387371590838 -0.0173612701656024 0.0786250518871177
0.113778229666433 -0.179836043899463 0.0899201758937061 0.0840112041280089
0.217716054989713 -0.176880366617563 0.158818352558791 0.157524681911888
0.319636023782629 -0.0314832980133385 0.10659256953253 0.284572417844227
0.264729122480212 0.187665830295992 -0.128499946807033 0.300709249143554
0.0360309184811739 0.391717316729546 -0.3437142987938 0.134454339436106
-0.313973449389713 0.333906756559317 -0.333605657496061 -0.102139848645595
-0.504381412467248 0.11556922429702 -0.15375919998433 -0.106863643525624
-0.476194042697427 -0.0595222651041612 0.121050099597932 0.0174326691058365
-0.399287995536334 0.153857895180356 0.322049774268932 0.202948968363381
-0.18357992148538 0.325890556895634 0.493564842813314 -0.074375806082589
0.131368204557593 0.28603762564827 0.220941965536051 -0.364691286060569
0.285520563101522 0.0880657310442166 -0.0909746391342236 -0.287809635025527
0.256470854208262 -0.105387093735206 -0.165609313151011 -0.119307829474927
0.137195841693056 -0.184375689842875 -0.0987000299790985 -0.0327537294044717
0.0839114728827092 -0.196565273821939 0.0169206114750818 0.00219759021363642
0.100494589853791 -0.188359147341909 0.126953102815671 0.00327091356673801
0.202898948965812 -0.187453156419979 0.223486791513 0.0785034116643581
0.312534490447335 -0.0592166150400585 0.215844695408445 0.240867677204208
0.283644518419563 0.151858577345767 -0.0143329017433629 0.326398545278788
0.0676970906054463 0.384032562184445 -0.264194574480726 0.186670585235496
-0.304816079359974 0.329354753874397 -0.278127560890569 -0.0728451429972389
-0.4884847232707 0.0942989427450869 -0.00587918860598608 -0.0964175456475529
-0.415494369578841 -0.118443817578363 0.290041520083415 0.0682143471413205
-0.414984166616682 0.0793178204968151 0.381025641692105 0.23694781604807
-0.23851123187 0.29213901730481 0.518055519821454 0.0235460731437992
0.0910419885581744 0.29951913655751 0.311799912445714 -0.248466138838136
0.262729441321634 0.103660404777044 0.0590395362327588 -0.261637452281173
0.24626886194567 -0.0905146878525064 -0.0550264390482183 -0.17872487652228
0.127930702154636 -0.174558280592526 -0.0423071943034651 -0.114709728788628
0.065170277544355 -0.179475843530665 0.0491268267386312 -0.0722821676062071
0.0751822759928213 -0.170650605950781 0.152914259964896 -0.0706188674849024
0.165295477325923 -0.168056673755034 0.26269119851464 0.00850424158851159
0.267642538779179 -0.0619035887426461 0.285156436998678 0.188624979939578
0.252043584660288 0.122439612700676 0.0688974577612305 0.323243254762218
0.0553297537165002 0.333332088051397 -0.19180403418999 0.206867849736948
-0.282083333734312 0.26618086277843 -0.219771392803693 -0.0534935722356916
-0.413543827984863 0.0426641239192525 0.124686064921444 -0.0814617900685019
-0.277298554386026 -0.139539527325477 0.416596196465789 0.114969730124704
-0.332107602093872 0.00371433983370681 0.415126211380161 0.261588983095844
-0.216223625623054 0.19884782490306 0.495395379156168 0.100438698370541
0.0476271131152124 0.231770995510275 0.353903520892337 -0.13029524949506
0.189098022701609 0.0838368310993414 0.176136379405635 -0.21757360364759
0.184839099694862 -0.0653822116463427 0.0426104370282987 -0.21715230865498
0.0927890285077067 -0.135120681051677 0.00720946701790659 -0.183289059818639
0.0373764287482851 -0.134704579987434 0.0730268981231869 -0.132994679540126
0.0433016970325469 -0.132069862690181 0.170541905205325 -0.126727456301843
0.114896400571488 -0.130742486912816 0.285705231888247 -0.0388017126591431
0.201483516228791 -0.0487358656610277 0.323872805004706 0.150100544418593
0.196495462830533 0.100189974441258 0.114898862838544 0.315516017430612
0.0188769366692464 0.263392003499997 -0.139933522214655 0.213363126254599
-0.248341227711711 0.170834353944905 -0.168514840763444 -0.0363527156780244
-0.296120252854006 -0.0256064997098313 0.224114927829771 -0.0543252789622398
-0.0893832544314252 -0.124373090503418 0.477267191817594 0.135210537531168
-0.173467494116974 -0.0487564299345601 0.418432049143088 0.261275854275939
-0.120833131027446 0.0817295000896711 0.457753089214053 0.133565526760871
0.0174967926672796 0.106403157502571 0.364780268094259 -0.061172471100988
0.0849892999522289 0.0314010055009763 0.235242173612395 -0.191494695350962
0.0875860680053428 -0.0345622540118057 0.0973796173723799 -0.240114637615295
0.0384219793572205 -0.0715010453697401 0.035441326816794 -0.22577365281389
0.00474875493359171 -0.0707763086965626 0.0856353640652052 -0.17144108668575
0.0105330535240755 -0.0806489737954394 0.179614311563872 -0.158433963735283
0.056526134584344 -0.0862894283722796 0.299002895976344 -0.0643284239556989
0.123107964484327 -0.0352599203440399 0.342569852687704 0.130383829612874
0.131707067405471 0.0748889896512012 0.135559156245477 0.31544817594532
-0.0185639096743099 0.182250495800577 -0.11472596963555 0.220849979166532
-0.192286278913021 0.0660977135850313 -0.135005162513701 -0.0178323609721476
-0.148760070539239 -0.0884808856050159 0.281213059218938 -0.015491710314842
-0.000981023787432179 0.127232235450959 -0.3557566823152 0.0613047818463816
0.0840370295855928 -0.00344610535988707 0.114063065521834 0.11019213344789
0.0112735176970128 -0.0789542417618402 0.141583830531653 -0.248636780740729
-0.0600798225747728 -0.0080003162032617 -0.161135983593048 -0.370321966540145
-0.0104576508628894 0.0393695603254685 -0.411035581660725 -0.106267146948736
0.013487651130921 0.0221693394605184 -0.335050409510839 0.136782403511096
0.0222352456935188 0.0127085017397255 -0.187545823350102 0.203667952965714
0.0288956064699381 -0.0128206276500877 -0.0697222792419431 0.219594401645244
0.027522817825243 -0.0167620497475302 -0.0137578734661494 0.240125152764241
0.0340104345187714 -0.0131689767407236 -0.0512379062213282 0.274359264550992
0.0385128896398457 0.0145882030188539 -0.200766630003103 0.238946852415295
0.0139937738804804 0.0363284097358032 -0.360984166353288 0.0923733089621605
0.0244321986010654 0.0383746961157089 -0.444401857938126 -0.0670128160358881
-0.00182290184843739 0.0907609802976814 -0.458350641455225 -0.215671265902062
-0.110326275442959 0.131034983077646 -0.517814093599924 -0.106777514502367
-0.174514205435154 0.147059133302356 -0.315539690671338 0.026055127535516
-0.0123349779235149 0.096693829745048 0.139173315749566 0.10975310536408
0.0183885235520578 0.0352771827745764 0.198299074457592 -0.26189199780299
0.0201985975526574 0.0354167710146648 -0.137896365869541 -0.406009170139227
0.0802161019221202 0.0225117529494531 -0.404888276983602 -0.140243704123473
0.0787402326883913 -0.0366326556368823 -0.336603413524424 0.112662580845511
0.0502331991667486 -0.0613425054488239 -0.180862915778435 0.187157181323861
0.0515650736584194 -0.0910396455720226 -0.054147037697767 0.199278823156818
0.0683634361224333 -0.0973782947515411 0.0203470572994348 0.211205896248156
0.129338612626884 -0.0904259185477137 0.0161314288938074 0.263149876885855
0.176564262742548 0.014034106079861 -0.11870666244064 0.283288144829657
0.109744472580073 0.145271560235901 -0.318598425112948 0.169463837242496
-0.0138822877534418 0.209386108300958 -0.440445624483418 0.00215338905299342
-0.166505033107898 0.199697234838827 -0.436981258724322 -0.164215767728407
-0.309939201630234 0.14676703180458 -0.4428954668537 -0.0943764542711979
-0.336113926682676 0.128127720053514 -0.214642222526641 -0.0003453425941555
-0.140447418169774 0.182418863061042 0.194209946448824 0.121388097542563
-0.00267387190428295 0.169440782638993 0.29434013825421 -0.25571051000061
0.101937888897297 0.105970093790061 -0.0668297585059844 -0.444600100949781
0.177030533755773 0.0153256352306142 -0.36282659292891 -0.195747571583094
0.148273992438237 -0.0913585271331088 -0.318739536612375 0.0585685685191532
0.0789255408977023 -0.129301156416564 -0.167317533412594 0.14095114636782
0.065881456860477 -0.155692766320035 -0.0331573155062987 0.150291820528177
0.0913971510953002 -0.16150889911947 0.0625297420872795 0.151087725245631
0.185361572863846 -0.162281267672946 0.102810996877886 0.215029003464068
0.277151571199908 -0.0246042208955932 0.0104845902474043 0.301022730324961
0.21837068234932 0.181690572189101 -0.224738275923581 0.261807621000447
0.0221684840480274 0.339038142141654 -0.40808736657433 0.097381757393395
-0.255407311038111 0.311553809924089 -0.402817343975224 -0.107776130926752
-0.444953402953079 0.169755007475995 -0.321653193859267 -0.0878026306833511
-0.45439376910467 0.0734378561377029 -0.0611729430713348 -0.008192954334799
-0.279128470308748 0.227373797624531 0.268875691550571 0.14360472614199
-0.0624071494005001 0.292654252337644 0.406082062702978 -0.215648982540228
0.161158167492391 0.19686524800074 0.049230087890604 -0.4527151194428
0.260442579909476 0.0260040727191207 -0.268176954661767 -0.251256766661877
0.210601945202409 -0.130423152675378 -0.26779060133451 -0.017035505337268
0.103384155508677 -0.18168010270156 -0.1416328399263 0.0689734788986641
0.0690767170999797 -0.197472982506908 -0.00836150929045862 0.0798690745756765
0.0933848473576713 -0.199063523199161 0.100681285749262 0.0709768201613993
0.199500079607045 -0.210124829733094 0.181942494044818 0.136653123259881
0.321701613766898 -0.0749827819698884 0.147380356691041 0.273481065488796
0.293405260312393 0.158644394081986 -0.0954565234181105 0.320553251758839
0.0860542668264535 0.394214502979396 -0.336052721614906 0.17926408367334
-0.277793496633193 0.38073377428414 -0.355300054774116 -0.0642368629606846
-0.502825924124884 0.180695277823939 -0.172831502862172 -0.0882990421899349
-0.49351211601024 -0.000977377101573875 0.123304969075008 0.00541879928310977
-0.387890670811878 0.207016116038426 0.348397560287765 0.171031547096852
-0.146667043204758 0.354026325071782 0.495510418579594 -0.13452079628906
0.169327177765989 0.276802191141232 0.184244518257619 -0.398285114344498
0.302217993376708 0.0524936279083581 -0.1254167609258 -0.283902359406935
0.247828138949107 -0.142230203832602 -0.182065394330499 -0.101662864511321
0.115699386283307 -0.205723513179799 -0.103604891871432 -0.0206275732851513
0.0610849447937788 -0.209266011213924 0.0168249278459098 -0.0019382557517538
0.0784918988720327 -0.205826921694588 0.128636693846622 -0.0158120911755826
0.182635818357383 -0.218030747012459 0.236804237858937 0.0486907394747518
0.312007884022481 -0.102373748607138 0.25358980308786 0.214065010586968
0.308047174629117 0.119935559693943 0.0243843655829547 0.333382848663972
0.117272289445804 0.381591860281289 -0.249526350501655 0.223370128681199
-0.267689773390745 0.375496190850364 -0.295146360078526 -0.0404822857177604
-0.488008667594772 0.157578985964585 -0.020399478311142 -0.0958088736639357
-0.438406466800361 -0.0677424480714666 0.303322244779476 0.0355993674090187
-0.413204187378014 0.132470795737844 0.414148387660448 0.1984903176331
-0.207739852939135 0.326035482380579 0.530887232347039 -0.0383065359878977
0.129215069782817 0.295210472634042 0.290103477932158 -0.29068206651908
0.280491982675645 0.0724897392281219 0.030502908102206 -0.276725221215852
0.238430128358676 -0.125610145864327 -0.0768320919863021 -0.176009264065856
0.107628272951063 -0.194348247821393 -0.0573087432944279 -0.111955244861838
0.0442210806076571 -0.189005459397818 0.0402196015154739 -0.0810642930689953
0.0548663121710065 -0.182728552571691 0.14534210655956 -0.0936336051471421
0.146979921582946 -0.19265389557392 0.267963860729431 -0.0267567621897506
0.265053572271886 -0.0986470924302485 0.317559514426276 0.153176007143034
0.271171787835365 0.0933351058559607 0.108606907481167 0.32000336054011
0.0975068682376431 0.331079888165028 -0.172658374533213 0.235104927093618
-0.252264783495 0.307148660759568 -0.232464444235783 -0.0275544224869522
-0.415462442577621 0.0947192564535547 0.11521755640402 -0.0965326173419679
-0.300107773196861 -0.105990070258769 0.439667370947349 0.0662844405617816
-0.336846663137406 0.0459662476705313 0.452706355537251 0.218986862213446
-0.196065951786987 0.228352715356924 0.517077410718684 0.0424174805000102
0.0759198485432687 0.230728643655939 0.347573416174822 -0.175948270617659
0.202725192750499 0.0611728001989695 0.15491481822736 -0.245751349651128
0.180029170170747 -0.0920343733662459 0.0177876037386664 -0.228360055477663
0.0767980941055931 -0.148801137903094 -0.0152724204220606 -0.18802335812581
0.0215206904110924 -0.140546727578852 0.0572388680736526 -0.145457504354381
0.027010314974548 -0.13898580389004 0.156226982178749 -0.151572547779259
0.100445014022857 -0.147646678778321 0.285418090577884 -0.0783034408042586
0.19900088860389 -0.0758104848031303 0.350993741314352 0.109663524653622
0.211119689224207 0.0784263858381794 0.155134368217911 0.306220309002171
0.0505485556427818 0.263756017661809 -0.118813609988141 0.235524699721209
-0.230361604416129 0.205760221004633 -0.178151634570305 -0.0157476364074193
-0.304100620089184 0.0113690391903616 0.219717191494969 -0.0820345996721416
-0.106674605355764 -0.113508683941415 0.504354598597456 0.079379828137427
-0.181388482302636 -0.0264537730974839 0.45871812542743 0.216958157796947
-0.112693660858787 0.0976911212862631 0.482737449029352 0.0800043942910734
0.0305740080977398 0.106232665734366 0.366099925380969 -0.107061272386866
0.089437891506577 0.0215804246051272 0.216631954031119 -0.227072064713185
0.0841036388855648 -0.0483053695975453 0.0703170264295099 -0.258240815094927
0.0302217143541012 -0.0771053494307578 0.00765756260119241 -0.234144206903893
-0.00374119444820841 -0.0708151200719316 0.0653318846603268 -0.18629309953742
-0.000868802103734837 -0.0814849749810172 0.162459908162712 -0.184922972052871
0.0459564351710678 -0.0939575919597821 0.29617388965395 -0.104363053089062
0.120955365842139 -0.0520804910229639 0.366278531833646 0.0880645731752224
0.142319566318237 0.0601920722646183 0.17634883513263 0.303900013371724
0.00256716336952826 0.185825335652305 -0.0914215480444259 0.238906313444437
-0.185257551760628 0.0924298770473972 -0.140552141507999 -0.00164249234883626
-0.160183693127743 -0.0717739295459036 0.282888810292165 -0.0503870296353847
0.015297929969359 0.122888053733051 -0.339111469940488 0.10059878622117
0.080668750169452 -0.0131863216709977 0.123068296216094 0.0972514180769954
0.00152206697715116 -0.0762649263026672 0.110840771625162 -0.254985883526563
-0.0577929746106714 0.000441802520296356 -0.196640074132164 -0.342014231026116
-0.00401571389441634 0.038178582984713 -0.408174402557031 -0.0553402729289115
0.015123539206595 0.0197709778493033 -0.306835406110234 0.17163270825209
0.0241051125718743 0.00901634398133733 -0.159956412011272 0.219304631777052
0.0266301843949043 -0.0166580241251488 -0.0432894865692153 0.219924775579588
0.0243778479410524 -0.0209687788221394 0.012682318759035 0.23290064121263
0.031284423310383 -0.0176293970759235 -0.0179895685216804 0.269399244202753
0.0394884383121596 0.00989042265100475 -0.168047017522483 0.253805850411999
0.0189849157629393 0.0345065670614064 -0.339787226897467 0.129624843133617
0.0268700283388859 0.0350361610521676 -0.435501103722043 -0.0165902781527071
0.00647134772778839 0.0860512351040751 -0.467414200558257 -0.16097892151118
-0.0919671582923652 0.138162230686585 -0.513538854484962 -0.045862135405837
-0.150451719629009 0.161524266699601 -0.30406965216043 0.0643868948918634
-0.000659996326124867 0.0945800412590246 0.145931216865276 0.0941823450420295
0.0212792625392457 0.0325729671254401 0.164350749971605 -0.273941141365676
0.0235704404733611 0.0338082114132707 -0.17775831197992 -0.377984857218941
0.0813508540967482 0.0117486142825513 -0.404871395259213 -0.0898914247569606
0.0711337567289436 -0.0447479498403003 -0.311735611946433 0.148041957225337
0.0412971155165626 -0.0653981851630717 -0.154646189168758 0.200891130225844
0.0390969907714482 -0.0940874736744201 -0.0308801648746567 0.197901851886971
0.0552899135418958 -0.103664747938893 0.0421157730868946 0.20026718751684
0.114303396551663 -0.103937981379816 0.0453318622491412 0.249713604816601
0.172239832692712 -0.00737771233198501 -0.082253171725111 0.285925026695453
0.123524457978754 0.128803216170206 -0.29136603682724 0.199818835770416
0.00970746810393131 0.204529835758479 -0.426714163483798 0.0505489567054602
-0.140050714796891 0.211149768780789 -0.44225771518423 -0.112622201692434
-0.284366048515214 0.176022930057342 -0.441508486802757 -0.0430464225594423
-0.309148792885054 0.162410495496373 -0.210620956042945 0.0269187040036328
-0.11492345846506 0.191740272378348 0.199114981344305 0.1005091320532
0.0159090506347041 0.16421132728444 0.258880532027945 -0.278448773190423
0.11045122667157 0.0919756849877187 -0.111998215641359 -0.423363983291111
0.172893286315789 -0.00642599408817773 -0.370924437281834 -0.14845277647476
0.131777573745702 -0.105989195936539 -0.299864785396986 0.0930217692121141
0.0616901123176329 -0.134248079258175 -0.14577454130412 0.154453013806222
0.0457713026969437 -0.15800889764558 -0.0163607021462136 0.147385265135699
0.0699725474488824 -0.167797164577013 0.075823445798129 0.136640247953504
0.160590229078915 -0.180553545928327 0.123032882870556 0.192908256068938
0.265460932938686 -0.0577147298665655 0.0464810844427299 0.286854661062882
0.231867007644365 0.151530348819459 -0.189430204968739 0.277693912236051
0.0589308600945456 0.325587994150753 -0.384389057680229 0.13994497195346
-0.212671320166152 0.32982953368184 -0.403607996158867 -0.060354182480546
-0.41303357926896 0.213689841721886 -0.322305797821291 -0.0470008196593297
-0.429340288546905 0.123667125871649 -0.0623261907595683 0.00220511943837233
-0.244613836131439 0.250482136238324 0.273480640994071 0.112878631351303
-0.0278421782009631 0.290004285813481 0.369827676426645 -0.252495866612204
0.177389064892414 0.172916729252018 -0.000332629066172761 -0.443567675910372
0.254871178635069 -0.00606603413670488 -0.285354922521733 -0.213971737601622
0.187245754196425 -0.152525279417128 -0.259430861469871 0.0132939462744395
0.0787522738486638 -0.187211639505922 -0.128799756998243 0.0814774125881872
0.0437554457676451 -0.198034051486386 -0.000195899949929684 0.0760852553423632
0.0671500901644858 -0.204517864103197 0.103164467576241 0.0541979589706223
0.16776451544843 -0.227573593563965 0.190901132393555 0.107686462466798
0.301291490732462 -0.112418990079071 0.176195304386602 0.243753500757851
0.302315451763178 0.120105507424983 -0.0580798267581691 0.320666775117963
0.127663461318348 0.370493406915655 -0.306897180341414 0.211619633893573
-0.22421404849883 0.399432877873979 -0.352076765572871 -0.0228034643355347
-0.465558388494393 0.231751185832468 -0.17882969347627 -0.0639253293369233
-0.477036067056475 0.0571141951994116 0.118322873674789 -0.00627131105642572
-0.350947717291633 0.243319250307461 0.351877297797941 0.130104814735391
-0.102749872207998 0.35867680636549 0.463807772634288 -0.184043803022829
0.194749992930297 0.248297423140955 0.136385419227041 -0.405784820212794
0.298472974548118 0.0154670918341031 -0.151051362202574 -0.262868140613693
0.221640971879337 -0.167966775169189 -0.186280150749125 -0.0797382643685018
0.0873662205632602 -0.212115648185406 -0.101438218181449 -0.00895915469352747
0.0351488334223916 -0.208162634869406 0.0153429478590249 -0.00580411300074567
0.0518632462672555 -0.207753546122304 0.119673358076193 -0.0327201703427127
0.150787348076692 -0.23328281947923 0.233127489074898 0.0164227840169421
0.288324464505527 -0.137641498611841 0.272009015010527 0.173619202484705
0.311253392653522 0.0805886420339053 0.0598721543304757 0.318686466321779
0.156018018780726 0.353419759245884 -0.218481220262447 0.245221218439656
-0.214907810612177 0.394534718886447 -0.292050993743804 -0.00580836879007802
-0.454069554312067 0.206988285595356 -0.0313832228622618 -0.0879141751231269
-0.430935564776933 -0.0141029854931709 0.295507725158434 0.00198814501959356
-0.383841133376595 0.175332991706871 0.418705143310883 0.148839026776842
-0.164613869942598 0.337684340189091 0.508172163521481 -0.0952375938496991
0.157920519549689 0.270872273036449 0.250788992398323 -0.313242784957125
0.279303871529675 0.0372550763435946 -0.000314093275082308 -0.273560430639502
0.215332594283868 -0.151216998607167 -0.093502971784994 -0.163464039070253
0.0811345172793251 -0.200024953137984 -0.0670959994479917 -0.101704267280786
0.0215492944505009 -0.185691325183755 0.0287004716967379 -0.0838693889405124
0.0315307776186745 -0.18275299336786 0.127219782093912 -0.108817813776154
0.119230011105589 -0.203506851033787 0.254702113088821 -0.059163839699718
0.244063772402877 -0.12741706495579 0.326491842897463 0.107819152715055
0.272151416019049 0.0598974984949555 0.13998840521667 0.296450029304182
0.130461923928663 0.306324837989384 -0.143377531690954 0.247008958980318
-0.207163656588012 0.325975204741955 -0.229402580471828 0.000204205066564335
-0.390449008661048 0.138573221191132 0.100090904837437 -0.104340533961366
-0.301270187908238 -0.0666466961996482 0.432106324137325 0.0163658648914961
-0.319502276105028 0.0828757704854683 0.460333199466332 0.162318609860078
-0.164397032252444 0.241518717743089 0.502839282698553 -0.0159264124148726
0.0997443872572152 0.214347386749074 0.318187364516591 -0.208170568007298
0.202352280509325 0.0358218240307245 0.122655713228745 -0.257400628469261
0.162231797484398 -0.111937206543856 -0.00871827169623215 -0.225089840226164
0.0571789476078166 -0.152142288401828 -0.0359883370147189 -0.179720833699228
0.00570880506006733 -0.135539167937137 0.0387652575125813 -0.148203958107013
0.00982879068943223 -0.136073060166591 0.1322668866524 -0.166211952552103
0.0798100283149994 -0.154135951036737 0.265495360754872 -0.109616807847984
0.182863584379403 -0.0975381608830589 0.353440056491566 0.0625680526906375
0.211887161257775 0.0524599251609405 0.184548938810018 0.277186711683917
0.0770330458538231 0.247032775007293 -0.0906097374753261 0.240559713506889
-0.196703577627146 0.224733340507992 -0.174792537777431 0.00562644235902785
-0.29081830200492 0.0445438332838645 0.203016908223651 -0.10281518316881
-0.115089398122008 -0.0955661485721011 0.497593640004056 0.0213761681078555
-0.177414971662173 -0.00450096406690743 0.468164520550087 0.15984897965132
-0.0972334224359857 0.105485559577928 0.475003191161278 0.0237617005295471
0.0409030641329404 0.0994186700707781 0.344405994327997 -0.143907840006124
0.0883414292017315 0.0108102258197728 0.184215755897986 -0.245781374416379
0.0748105539225575 -0.0574732803696621 0.0390427606281215 -0.2602502831558
0.0207372234811298 -0.0770527136403918 -0.0188338522731984 -0.226706137222604
-0.0108540403539128 -0.0661328337986863 0.0422426719179946 -0.187910498304879
-0.0102316545577918 -0.0766881029836113 0.134667552569931 -0.198475154063987
0.0327688789896485 -0.0951203227463666 0.274528385638204 -0.136191147842215
0.110851374032098 -0.0642748767606979 0.364211944520192 0.0409889670720785
0.143374492178269 0.0427421715483524 0.203662794001839 0.274321027298643
0.0225188808271388 0.177569769763555 -0.0635081512754507 0.240399107121413
-0.1664688216604 0.110208330948299 -0.137267476483552 0.0147934298100131
-0.161040134501664 -0.0515044625983287 0.267668599519677 -0.0802804412705853
0.0235450245932393 0.11290136002607 -0.312760290565617 0.12236098725943
0.0748925979753019 -0.0181579613451335 0.123564748440125 0.0864694060364049
-0.00390440687246933 -0.0705516602100457 0.0891070620462175 -0.246168038362787
-0.052285780244814 0.00531856345226388 -0.209854128794154 -0.310074359744309
-0.000295174158010319 0.0355776265011552 -0.386485561022327 -0.022810637664841
0.0149476621628939 0.0172778654749559 -0.275895937467357 0.184228797546867
0.0240403365587398 0.00560932764068286 -0.136482996322952 0.219187292501337
0.0233153559389864 -0.0178587994526768 -0.0264040687177387 0.210388173685039
0.0212589747540563 -0.0225322474835561 0.0267811920329294 0.217982138502793
0.0285847112032423 -0.0199704159799294 0.0017621274294978 0.25371675154711
0.0381950247701613 0.00663910338199861 -0.140975209267841 0.250434452317774
0.021341153346707 0.031655533401521 -0.313362678446168 0.146054013810757
0.026848879501282 0.0318910354543971 -0.408826417008014 0.0134364174901041
0.00972322821624536 0.0792128854269111 -0.450394565930195 -0.122162008422388
-0.0772700006126926 0.135425329307222 -0.485949043654814 -0.00930686359768552
-0.12872784699868 0.16197475904769 -0.283832769915927 0.0853500411707671
0.00585311405912703 0.0881359232076127 0.143574237946252 0.0835576881859221
0.0218623932768278 0.0302757783796393 0.138202919277517 -0.267615199225873
0.0256738576775835 0.0313464021008869 -0.192792370321857 -0.346172755615234
0.0785685798194679 0.00385801630214355 -0.386064403758455 -0.0560380583950507
0.0632301539184796 -0.0480375948655014 -0.282206238822222 0.160898056087244
0.0353897060039487 -0.0651075900322809 -0.132475430925102 0.2003550240725
0.0304856719244407 -0.0923033165506876 -0.0166997365176676 0.187686505667436
0.0438870122789613 -0.103000577994073 0.0517331175196045 0.18379127640791
0.0996553659753559 -0.107268780001986 0.0596935976893774 0.229992354802042
0.161895024796232 -0.0198019553810836 -0.0565256712415983 0.273469795654607
0.127119698570907 0.113039190543147 -0.261694834288367 0.209208024232291
0.0224267942560628 0.192004564481324 -0.397677245962749 0.0768175284554968
-0.118724259533374 0.206632285269544 -0.42448993126053 -0.0782453642591636
-0.256350384243594 0.184277837542515 -0.418716168116464 -0.00896218594717076
-0.27800492799075 0.174649502460927 -0.197122326657431 0.0442166640035185
-0.0945921831784905 0.187516982531385 0.193180106567565 0.0855864675055664
0.0253197431222883 0.153594824239366 0.22646762283794 -0.279112044418199
0.110577429654915 0.080288757150525 -0.133822149877776 -0.39222314048084
0.163445478183295 -0.0201142069160493 -0.357538013863502 -0.11479469646856
0.115595255550832 -0.110390806169528 -0.275536744381902 0.108456077231264
0.0485434397151307 -0.130712810004602 -0.127421333881103 0.154922617684341
0.0322345526588108 -0.151963369423567 -0.00681043625180289 0.138695645429883
0.0535252945308774 -0.164983177212958 0.0788677081767211 0.121525494692274
0.136586626772397 -0.183081405931762 0.128887997460671 0.169272014232629
0.244707581398973 -0.0751523570272632 0.065511426891277 0.264421906869786
0.230737733087525 0.126936077071225 -0.160647842958109 0.275322044865195
0.078514190623512 0.301513717814716 -0.352959707884962 0.157859913950635
-0.177432241217027 0.325458821998441 -0.386309382517522 -0.0299896269490055
-0.375950458993405 0.229983273601099 -0.307812328517345 -0.0207129576842167
-0.393302852402871 0.146581353963622 -0.0604525478486062 0.00969530756548438
-0.212385353869578 0.2529156634627 0.26189971996026 0.0929105529335728
-0.00674291559477499 0.274635865865981 0.332776596980061 -0.261161805125655
0.179575571121578 0.151165466109798 -0.0294940500405087 -0.418044873194565
0.240075593881811 -0.0251654238551472 -0.281897807599512 -0.183030495738175
0.164296025416396 -0.158393934501057 -0.242166522651126 0.0303266331290183
0.0601080494337186 -0.18218570356274 -0.115161667350636 0.0849543132892281
0.0274616347711917 -0.189021562879249 0.00354602273297596 0.0709756778437035
0.0479975353686821 -0.19800897012657 0.097843972653318 0.0411707478560644
0.140780617997024 -0.227866175003778 0.185708239268683 0.0846289557064577
0.27505408777377 -0.129945781233039 0.184569797954031 0.21258240478266
0.293628910417506 0.0921694103361322 -0.0342702440899461 0.305934399345242
0.146302208610413 0.339327176292287 -0.276109847626444 0.220663548605773
-0.182888863057139 0.39150500783203 -0.335081177234417 0.00231416798768575
-0.425686095303308 0.250258359490033 -0.172911210877985 -0.0454456296991921
-0.443168067592169 0.0885307705888188 0.109363908870982 -0.0114243442752882
-0.312274518074659 0.253755448410397 0.335940718624141 0.102564900597493
-0.0728669783803998 0.343809044849314 0.424905728165847 -0.204377933240631
0.200884391269324 0.220964332432235 0.102604806959836 -0.392168274750938
0.281646084025782 -0.00814825468439049 -0.159209420070669 -0.23849345193164
0.194559137919241 -0.176201976917126 -0.180472671370962 -0.0630377033492969
0.0665103375322107 -0.205907632621378 -0.095020783030446 -0.00200691045945647
0.0187560751204858 -0.197446691283458 0.0127149455674215 -0.00720198583002045
0.0330103743005175 -0.199653048350759 0.107619460069579 -0.0410040114785628
0.124479460251091 -0.23149689950302 0.219051074259747 -0.00380789053424471
0.260166498705595 -0.152155171271779 0.27024481015624 0.139250651616408
0.298595534531091 0.0543030260349036 0.0770419787086833 0.296076414211415
0.171164961316363 0.320794616583954 -0.190697180505276 0.246394234352893
-0.173331753669522 0.385708559428858 -0.277346590799398 0.0163505738733372
-0.413724348692911 0.226553943459254 -0.0358837990321417 -0.0783504099314633
-0.405247497112988 0.017674091115925 0.277825633989273 -0.0161601431462172
-0.348175122931494 0.191584554953313 0.401144161550847 0.115035443792196
-0.132982690586875 0.32823816128826 0.471093986848008 -0.123276278716913
0.168129609442467 0.243525809343255 0.216312004311521 -0.312221479732403
0.265800276722185 0.0146514946640698 -0.0177871681093655 -0.259274297295592
0.189422223266911 -0.160261493745965 -0.0994896294589011 -0.14943214255185
0.0616313881150546 -0.193703646986558 -0.0695180298422182 -0.091596985430217
0.00764251568291768 -0.175093226768765 0.0202504969054908 -0.0823999521065506
0.0161038665766392 -0.173522679827237 0.109862253001057 -0.113093797174188
0.0974428697727436 -0.201076967813024 0.234523533729271 -0.0758900863082809
0.219949517079953 -0.139046679031983 0.315950852354139 0.0733517224075897
0.260319841900892 0.0380381116896331 0.15207181609828 0.26890165121895
0.142219045894216 0.277169014882627 -0.120212652574297 0.242684048980105
-0.170463640879715 0.321154610636208 -0.218134609279477 0.0180995544330477
-0.357707073879459 0.157495125099644 0.0864162362271167 -0.104217617301053
-0.286369958074811 -0.039956570172741 0.407212949593112 -0.0131594135036483
-0.294257934465823 0.100529984260581 0.441539186689146 0.12475962409414
-0.138693095537435 0.237771513565561 0.471341418242502 -0.0488478537287306
0.108631146642202 0.195182124164215 0.287306193146392 -0.217193793695055
0.19286672348615 0.0188020490132722 0.0977853344370701 -0.25326758912746
0.142672390279634 -0.118410183689898 -0.0242582821754051 -0.213273577501943
0.0424133558247081 -0.147267910053407 -0.0459257267687441 -0.166941193146248
-0.00377210055752969 -0.126684358217341 0.0254479796213241 -0.142948966963221
-0.000293807689290945 -0.127008011035146 0.111286163056441 -0.166303262972455
0.0639485082735693 -0.150559204752773 0.24180734908773 -0.123780879563977
0.164285375270821 -0.105726342758315 0.337678225789069 0.03006362023531
0.202562861973281 0.035351509297101 0.192310417685534 0.248441169186384
0.0882795567240532 0.225786688843248 -0.0710859290147134 0.232623662612821
-0.167827388985737 0.224170274321091 -0.164875521951781 0.0189534120636621
-0.269894268478409 0.0619347444154323 0.182840310509746 -0.110151855782691
-0.113185149905603 -0.0799904711772263 0.469485688247932 -0.0133755271563465
-0.1656005428919 0.00944220661108672 0.450591664872766 0.119711678914246
-0.0852955869144457 0.105589437689786 0.446873023875151 -0.00950429264340053
0.0453797222019922 0.0911136449767541 0.315302937101194 -0.158151736601756
0.0830886864432007 0.00439640953938308 0.156444574556294 -0.245727606468252
0.0645280504696585 -0.0606188016711828 0.0181170542859291 -0.249711095144996
0.0138195326395429 -0.0739971796847785 -0.0332090979864319 -0.212841844800697
-0.0139428376664102 -0.0600364561756034 0.0263633357611671 -0.180230682307874
-0.0157164815052861 -0.0688954128888349 0.111035107632921 -0.196681662905774
0.0236524731999326 -0.0909388444569322 0.247470572706117 -0.14796020370055
0.0992519737763347 -0.0687802849263249 0.346019652380576 0.0100636132959695
0.137322602252239 0.0304563534057303 0.209886894140542 0.243833244383995
0.0314795264778015 0.163755725549641 -0.0452527785666297 0.230523744563108
-0.14691539169527 0.114262443238549 -0.128514858673988 0.0252363060014065
-0.154070301864044 -0.0382821095184526 0.245277949504347 -0.09493977872096
0.0258319115899579 0.105314804320963 -0.295009336676728 0.129798275037774
0.070337182574367 -0.0203374220541824 0.12141844093727 0.0823790049495638
-0.00602368716185931 -0.0661292449779202 0.0806744305500325 -0.2370994809507
-0.0480216234406681 0.00737040461887774 -0.209949790529809 -0.291740966105756
0.00193531744907401 0.0326871617122521 -0.368869962859316 -0.0108224492249467
0.0147948017865068 0.016722834287089 -0.257754734212836 0.185397885129162
0.0236457983090893 0.00331342933544725 -0.124568395738883 0.214682479964516
0.0217607906503977 -0.0188067590298274 -0.019956947414806 0.20274490736232
0.018802216381919 -0.0231217241676595 0.0309703807292612 0.208229467343574
0.0268896331675752 -0.0210291298625574 0.00753658640566674 0.241202032777163
0.0377669508078439 0.00481567730564381 -0.128667284214508 0.242748214436115
0.0227186230349228 0.0302023967871852 -0.295654317896029 0.148208840431864
0.024879354669727 0.0302507828157059 -0.388791965240501 0.0216147529154817
0.00862789881187696 0.0745452254371075 -0.433912165484555 -0.107933805060877
-0.0710801550491237 0.130155276972154 -0.466092206287287 0.00536807974251937
-0.117503678137122 0.157204163929553 -0.268158157831398 0.0936059143927454
0.00755639368432556 0.0828421625109533 0.139995521185778 0.0803645111571984
0.0215074274331765 0.0285454982391999 0.126377382258969 -0.258812805996706
0.0268202809722115 0.0300551089188567 -0.193616647236946 -0.326842053866326
0.0761831774770693 -5.83478691776632E-05 -0.369894915855212 -0.0429561676341542
0.0585869724368063 -0.0477498007487514 -0.264552711954807 0.162926119597971
0.0316996816226574 -0.0638000842374351 -0.120902162753817 0.195681573280603
0.0261130675109402 -0.0897559094991878 -0.0116934322245945 0.180079261544727
0.0382126887447614 -0.101085126341126 0.0530188553464162 0.174613080889859
0.0914942834873205 -0.106764740562186 0.0630417980921684 0.216151287596847
0.154051382549922 -0.0249182681344989 -0.0468744557225659 0.261391766538735
0.126019023513904 0.105336757793439 -0.246310939201291 0.207814703030785
0.0257236082637348 0.183258619906635 -0.37732471257328 0.0827483915848112
-0.10978775741769 0.199910219682733 -0.408006143375162 -0.0648700700679769
-0.240840823973592 0.183056197880517 -0.40097465243589 0.00296665636836579
-0.259119196429655 0.173725351357626 -0.187954771425273 0.052543111245349
-0.0853112319554119 0.181556492524646 0.185700577417287 0.0811566765306806
0.0275898325559674 0.146027087974368 0.21099416579456 -0.271038446921688
0.108653006892823 0.0742956877286775 -0.137538270100448 -0.372190223330392
0.155840501818914 -0.0256074320867907 -0.34315527329881 -0.0995321789652569
0.106187412112959 -0.110208293589742 -0.258830323259313 0.110908009430471
0.0424745395296656 -0.127091768801665 -0.116740361940242 0.151681257492751
0.0263855721862954 -0.146427414308684 -0.00351016264954168 0.132487671908256
0.0449566724561376 -0.160048367779545 0.0757358213492456 0.112924229196562
0.124459706052165 -0.180210010580905 0.126829289892083 0.156098419523978
0.23159433198274 -0.0808597866544149 0.0707673673415176 0.247643605191161
0.225290617565215 0.11452054041954 -0.147767420578486 0.268560198420484
0.0829819119108992 0.286656766742807 -0.33413753725371 0.160345070622995
-0.161363667323093 0.314255200772515 -0.37080971458594 -0.0186732006674148
-0.354282430334543 0.230229191287051 -0.295252932670016 -0.00914847424105362
-0.369911044380342 0.151255535138419 -0.0586691259178406 0.0154519078113628
-0.195253054266064 0.246580703388954 0.250629394551445 0.0866641964568192
-8.28186098009122E-05 0.261420112507155 0.312951779500464 -0.257155494760234
0.176336998223136 0.139740112358668 -0.037409268508547 -0.399072735418851
0.228837865101486 -0.0329532808979973 -0.273707484993186 -0.168219270074769
0.150475753006317 -0.157853660290636 -0.230564956072394 0.0352353580364036
0.0523449367880786 -0.176422645082939 -0.106884022457111 0.0842963390319378
0.0207542440140518 -0.180881847735886 0.00432148707803689 0.066958964686851
0.0391333956787696 -0.191480036836616 0.0920654371763136 0.034961289119157
0.12647595217893 -0.224400058087184 0.177990422181589 0.0728796054185908
0.257647794885669 -0.13401948939476 0.183499556158939 0.193360401624841
0.284389510001633 0.0789452076202065 -0.0257994659269489 0.294496693731064
0.148518392851974 0.31923173988984 -0.260114924791151 0.219828393291924
-0.16276773482496 0.378347957534019 -0.322039448842002 0.0126536581964515
-0.401821183999323 0.251916010482113 -0.166242386194785 -0.0367436743448012
-0.418468558305883 0.0968761268138373 0.103049614985135 -0.0104366478740099
-0.290966195651261 0.250481733830189 0.321546114436387 0.093315228584047
-0.0610446928396158 0.329908381970427 0.400327073236944 -0.204211394340447
0.198909225791791 0.205576780785976 0.0893570575189438 -0.377214459723143
0.269101209252074 -0.0179080375261131 -0.15821003856112 -0.225334757541542
0.178194274430072 -0.175772550390146 -0.174991897590662 -0.0564321902220093
0.0571117680783194 -0.19884828723351 -0.0907464166560732 8.04429602673379E-05
0.0126552417604036 -0.18813734836792 0.0109025560578085 -0.00827771637635753
0.0253757443923981 -0.191667316111596 0.0987353358859296 -0.0437103946676247
0.110593379959221 -0.22663117660584 0.207444702995793 -0.0122969670426207
0.242388009254962 -0.155291463213423 0.262421590027898 0.120049018019399
0.286818649714477 0.042949556569117 0.0806220115383528 0.28074620547455
0.171345278886607 0.299697400102574 -0.178001603291868 0.241744579711284
-0.153700659310208 0.372431680174133 -0.265659884966668 0.024680180864708
-0.390415509260979 0.229098406461545 -0.0368025906083424 -0.0722922645526
-0.384144477995983 0.0289580122200236 0.263430387283373 -0.0211971638534593
-0.326594360682428 0.193489682667018 0.382609585456438 0.102682296089855
-0.118679348658005 0.317795198455229 0.446514213581241 -0.128709462852346
0.168059248577341 0.228697436594932 0.200189367360514 -0.302805787219801
0.254333944123645 0.00532496429111924 -0.024028860006727 -0.249488280421883
0.173654238310782 -0.160559960086231 -0.100346200669428 -0.141298390303912
0.0525259095265077 -0.186962412122862 -0.0691151763683958 -0.0865245613153235
0.00313468556999848 -0.165877321550742 0.0164733921674893 -0.0797693655904297
0.0100959727876731 -0.164871132260428 0.0991999369001888 -0.112662267609194
0.0863388107653203 -0.196115866581632 0.220293311051374 -0.0817405428149087
0.204390372597852 -0.141089976678197 0.304604321221378 0.0559160389168563
0.249139503207072 0.0281225583728683 0.151453821890283 0.252293359816423
0.142106398436951 0.260113043720998 -0.110557011479392 0.236727533116905
-0.152002322307017 0.310264002641155 -0.208718728472596 0.0251045234298205
-0.338423870785659 0.160145406580699 0.0799338669223691 -0.100896970296579
-0.27251253944251 -0.029412804023546 0.387911225031695 -0.0218137195410236
-0.276900993503923 0.105229621984749 0.422901148841647 0.108784006361528
-0.126888670010702 0.230699053766064 0.447311040887357 -0.0578069802466109
0.109484655131827 0.183739115492409 0.26975559333335 -0.214690533603594
0.18492891466181 0.0123968919812986 0.0859690705091569 -0.245590458946983
0.130459921538746 -0.118770842956472 -0.0303767917656073 -0.205359794814051
0.0359101766291753 -0.14222791983762 -0.0486676608449291 -0.159275126729866
-0.00606655330524387 -0.11965288966448 0.020071438230571 -0.138394410896789
-0.00431029044957018 -0.119535742089854 0.0989887293931835 -0.163257962745877
0.0558169112056223 -0.14553344970804 0.226194569635831 -0.127282416224525
0.152907525916403 -0.106508516517902 0.323632130335336 0.0144297701313445
0.19434968370548 0.0271681119471059 0.18953985285877 0.232017164012148
0.0883181183798741 0.212014637276946 -0.0640824290042346 0.225095643840045
-0.152663649367663 0.2180284247133 -0.157864761672213 0.0248794952142247
-0.255962247555659 0.0654749514970591 0.171907466732188 -0.110823176364257
-0.108799086502855 -0.0723528037180061 0.448701472883728 -0.0246022269460509
-0.156132714278703 0.0148327399360004 0.432137084943267 0.102759247699786
-0.0782188981059473 0.102253518620629 0.424960049893422 -0.0199608662088882
0.0457306406882953 0.0853401313202132 0.298567546187969 -0.159468042441306
0.0792674850189538 0.00155740445006764 0.14266416488643 -0.23968186690001
0.0579447402682146 -0.0607663527354667 0.00913118093386503 -0.241293574284494
0.0107265892797527 -0.0713214408502808 -0.037850432707143 -0.203406064789802
-0.0137668707004232 -0.0556529519844482 0.0200045366785082 -0.174038254845392
-0.0164064275854658 -0.0632509951932391 0.0993604243881447 -0.19170434810809
0.0194391615491283 -0.0866442150735386 0.232376309453207 -0.150375877661023
0.0922255589847913 -0.0689841291765587 0.33151074453754 -0.00303005032869791
0.132138899311007 0.0250259416194379 0.207150095693544 0.226743241250475
0.0332208225766931 0.155691357979871 -0.0397739128169769 0.221504188797283
-0.135483955226619 0.112687275269312 -0.121753869525065 0.0284741017837314
-0.147927404759802 -0.0334557072446912 0.230792260990502 -0.098500120326772
0.0151472319466253 0.103700872703645 -0.3115416053422 0.0977552197209596
0.0698390653936997 -0.0115072477586943 0.111910110272151 0.102359588978447
0.00246532026045525 -0.062722966498154 0.111795038660005 -0.222006286397281
-0.0443084101483128 0.000208688844738975 -0.172761283253707 -0.308750588180388
-0.00248775303210538 0.0289048180207982 -0.358559160122884 -0.0529465720852868
0.014070948539427 0.0188116636908615 -0.276080863301451 0.152645918624199
0.0233326770493724 0.00678669063567921 -0.146917581369816 0.199913787217238
0.0243225027502287 -0.0152676556227919 -0.0468848236053523 0.196760368679637
0.0227545144592404 -0.0194585366179984 0.00337251869600808 0.209653305411626
0.0301356476003389 -0.0164751763509803 -0.0243713968125874 0.23692961250901
0.0380792285597781 0.0126800349982184 -0.160523355574128 0.220493853936018
0.0202270195503609 0.0372632592206341 -0.313321598432779 0.105848986946248
0.0159232529947986 0.0399320007627598 -0.382709258901236 -0.0336184314141815
-0.00726756426282146 0.0776424906102267 -0.409715841930044 -0.169568806672738
-0.0888187962364906 0.122150788181504 -0.460411803897648 -0.0640169311615844
-0.129405744538169 0.139154606560922 -0.280934647503649 0.0545599843183027
-0.00406866615257889 0.0814128776639714 0.125964330184154 0.0976596287588845
0.0168469363193411 0.0321701276572955 0.153850341684729 -0.240106624839277
0.0243272888710092 0.033319194275507 -0.15478596221175 -0.339793259115754
0.073721241942301 0.00723883184173169 -0.358573238652164 -0.0821666556260365
0.0646744639730005 -0.0393990584388677 -0.279777843202643 0.132940286191827
0.0410738210470866 -0.0587138526450296 -0.142619405992745 0.181719356638766
0.0375595398282936 -0.0840741399755733 -0.0355910240817949 0.174987440806358
0.0519075394552449 -0.0932233818135639 0.0271755826791287 0.178126226672824
0.103439033218489 -0.0919676016468171 0.0306440678813596 0.216775276608299
0.154608756151962 -0.00160061963045879 -0.0823189640547842 0.247042427506943
0.111888975121456 0.124388498217406 -0.272785791644209 0.169989160014876
-0.0028964252440858 0.188529366362465 -0.378407803576653 0.0262528161718146
-0.138228278258049 0.183019006928928 -0.386894312534032 -0.121145647925704
-0.26254775947337 0.148083606466244 -0.395425944861277 -0.0535568730729748
-0.269924455872855 0.140759806152654 -0.193326063287992 0.0122083719733251
-0.106472538023871 0.165686279401635 0.168548000117457 0.0985492559493257
0.00858369416246117 0.146866827972061 0.232553873175985 -0.245489190991231
0.097578548462387 0.0873475594528855 -0.0988361482462156 -0.378205016697683
0.154331853876593 -0.00621273158534396 -0.329417655007181 -0.132795790262901
0.118349207271398 -0.0940246385808556 -0.269135031066194 0.0859621586969271
0.0589508840685244 -0.119116497160469 -0.133714195140087 0.13928614701978
0.0453959839893296 -0.139880378753431 -0.0212671499682097 0.128625639805423
0.065726165129162 -0.150337208362371 0.056111636410785 0.119454839203212
0.144686888251813 -0.159887499230969 0.0997321057118274 0.164785110889828
0.236544143565902 -0.0473118809277487 0.0345119608459729 0.246758873837448
0.208889959773115 0.145570126434034 -0.185197164483455 0.242881490564139
0.041991327492841 0.295798364401282 -0.3467995426546 0.108198695175646
-0.202377287321154 0.286610693202412 -0.353027825969206 -0.0693525551950897
-0.379856999917033 0.17808691553543 -0.286580205516371 -0.0488795693290647
-0.375615142103483 0.107466379234953 -0.0565045171547798 -0.0169517276095533
-0.222336841238611 0.215766160250495 0.231099260433976 0.105147122338395
-0.0333215076223892 0.256285799357778 0.325133506003482 -0.225571958547616
0.154085979778314 0.161086681101944 -0.00205888741410681 -0.394182874203437
0.226155133146614 -0.00291790966461874 -0.257103653038265 -0.190524307760661
0.166260830555868 -0.135453100592165 -0.231741237545912 0.0162121021156783
0.0743861860115631 -0.166512962982989 -0.116509489353327 0.0743943554660877
0.0452156630790967 -0.174227184446337 -0.00506148177306085 0.0650707225514136
0.0634669648679883 -0.181331757615745 0.0811627665707482 0.0447893561892009
0.151940533218242 -0.203525352504916 0.159753871373714 0.0895041929121628
0.268211555307529 -0.097780114428828 0.151888220290245 0.206875671767196
0.271059263711527 0.11793529352176 -0.0690691446262322 0.283607691224691
0.10291017364391 0.335530332649735 -0.282088516575896 0.176026887123031
-0.211155724020078 0.348373914337801 -0.307671249284207 -0.0302205125142731
-0.427790965427535 0.191368969958592 -0.15459874228933 -0.0572383711878744
-0.417802909542663 0.0497893250861021 0.109896865596856 -0.0268578603564154
-0.315691381955308 0.208246804720956 0.301072324257714 0.115488565640721
-0.102648381051107 0.315607114298714 0.403527045326543 -0.168673636840873
0.166452849514063 0.227278407349461 0.115846365614869 -0.360568968482963
0.263468164913886 0.0182081950662511 -0.13995767160762 -0.234193970620075
0.19447401060747 -0.149374799886305 -0.166956381402141 -0.0657003387086063
0.0815171836341018 -0.188369935362064 -0.0914567097479722 -0.00679376125134096
0.038150453341031 -0.182107589636093 0.011729393657859 -0.00756523955447309
0.0500152931259917 -0.18275271679033 0.0977344847422957 -0.0318936905334283
0.137569598271566 -0.208155528489841 0.199098354697221 0.0105228125650762
0.256580212730493 -0.121080947137967 0.239390929428904 0.144681285165851
0.278374995304347 0.0806125702703886 0.0378983446482868 0.285245790120453
0.128656732381458 0.317254920101532 -0.206090852487209 0.20876036144738
-0.199399835576279 0.343341044633343 -0.253966691091251 -0.0104886441866715
-0.414342673462359 0.1682352420702 -0.0198986545573358 -0.0741788009818908
-0.37755497011565 -0.0130887556819113 0.272816949134207 -0.0150634546664532
-0.343423682958721 0.148892008968057 0.365092288387105 0.130047328390284
-0.157702724108499 0.295864385034265 0.440707210067497 -0.091172537594487
0.132562251805508 0.246193583568653 0.217164291102178 -0.278002420060728
0.246493260872156 0.0389927894405092 -0.00747128420072197 -0.243842492671718
0.187609986336496 -0.134553144311908 -0.0843936797941464 -0.141980554085769
0.0752247714823325 -0.17808075647101 -0.0607134333100492 -0.0901452976088253
0.0262166140871659 -0.161913715435281 0.0266540809315876 -0.0776323068331617
0.0312014843918679 -0.159086054406969 0.107962295878736 -0.0987738867631061
0.109062851308249 -0.181348367567639 0.221049526101495 -0.0548139127584787
0.218157244248363 -0.11302496258062 0.288709525634792 0.0882531233293457
0.242931239708627 0.0603328475045736 0.111779693534518 0.267158772436475
0.106117201572243 0.273918080219018 -0.139927817454596 0.213624861479319
-0.189003826154692 0.282467212187911 -0.198890374580396 -0.00109349642443557
-0.353377866369779 0.107274041359864 0.0986322756258238 -0.087262180219706
-0.26330823431967 -0.0571873704059247 0.395663360229782 0.0059538085434057
-0.28359009951251 0.0697157007146121 0.40668591320078 0.144175728204101
-0.154876485943056 0.210670371622888 0.438324821580764 -0.0187002042251631
0.0815477988524581 0.194101222234734 0.277875416446632 -0.183750706596327
0.178203125886041 0.0372827963428653 0.103652550671201 -0.228631523883824
0.139235648848547 -0.0993056835133309 -0.00798245105270372 -0.19943152189837
0.0526365278700385 -0.136250806640318 -0.0328425710225177 -0.160065099198456
0.0115459706344572 -0.117522507930815 0.0380834625194644 -0.134028838994321
0.0112575780465466 -0.11658012977696 0.115462823234183 -0.148603817501721
0.0730832631073168 -0.136191980153217 0.234367992815395 -0.098151033307185
0.163401377345969 -0.0872864037485519 0.313846052040733 0.0518395535627031
0.188423890916762 0.0512109452089963 0.153478191342596 0.251477526910767
0.0599153424573162 0.219694183242742 -0.0926346514076463 0.210028826232
-0.176716482029927 0.192297448250758 -0.151057181348806 0.00620966524481431
-0.259602146183004 0.0253580158762834 0.18895944078347 -0.0850276838197656
-0.0983568116989514 -0.0809637991815018 0.453617870501493 0.0216920395862637
-0.153685891191818 -0.00279639424350649 0.417758924674116 0.146377422309639
-0.0906465353081826 0.0905306975346453 0.417610047359603 0.0227440343593012
0.0329677004861199 0.0902032792059826 0.304722262389814 -0.12442605429225
0.077624753301228 0.013040388463331 0.162596718307181 -0.217624926686667
0.0613896557163315 -0.0516630744173478 0.0362511006834057 -0.234458210610169
0.0187080117081077 -0.0689184063569621 -0.0165898317897454 -0.203761835142942
-0.00478820438045663 -0.0556177427041369 0.0422204975372782 -0.168606099549611
-0.00832559041274873 -0.0636514350463129 0.121025087793635 -0.176213923392047
0.0298726208320049 -0.0830167047027928 0.244852204873533 -0.119329616811211
0.0989156721360396 -0.0584281249515991 0.323400213676711 0.0371217240635118
0.128566570276004 0.0393352716829553 0.171895880170678 0.25002067187606
0.0146429943082353 0.156964594693814 -0.0690329334549601 0.210053799337935
-0.145610945104278 0.0918114687161437 -0.11878473239199 0.0144287255494568
-0.139150149089376 -0.0563810459057726 0.243397489567537 -0.0657172350942239
0.0178179491391476 0.103552035816115 -0.312072057215749 0.110573023159497
0.0694775328650654 -0.0136994326240137 0.118798648260646 0.104951462906738
0.00116730740488101 -0.0627033919921722 0.109687090219065 -0.22748319423074
-0.0440357821425773 0.000906526385838323 -0.185266560743721 -0.310480292230238
-0.000689975223807257 0.0281151462824297 -0.366069007828104 -0.0449460820751858
0.0150652415696191 0.0193395051043115 -0.274878867616633 0.164069333866733
0.0240851154170946 0.00516444774185571 -0.14459417286729 0.208809307989889
0.0243946051465959 -0.0177123582353887 -0.0431027421986327 0.202572671286131
0.022353492800969 -0.0213156304450794 0.00812569138038268 0.214558862822931
0.029790333132493 -0.0187704389697528 -0.0195195135439105 0.240982713242298
0.0401293501349549 0.0121002152701095 -0.158198547419487 0.229276778358714
0.022242386630155 0.0374452709493618 -0.317388417078464 0.116118735699071
0.0154161543179024 0.0404293269141449 -0.387998050429662 -0.0272769570166378
-0.00830371398966171 0.0787204755014028 -0.420884625936763 -0.16460319652638
-0.0876547973190395 0.12504642791128 -0.470444636789402 -0.0547976525427471
-0.128052769400358 0.143585298636806 -0.282208644395009 0.0674467893196696
-0.00293666929943925 0.0820237290089042 0.132748093312823 0.100968769703912
0.0179207313787319 0.0327841675648574 0.151979841041507 -0.246133670193348
0.0266197747648584 0.0328198201488401 -0.166344578331356 -0.342248162545447
0.0758963612095293 0.00313951532141502 -0.365374191151925 -0.0749195612159968
0.0641179656587802 -0.041836378126986 -0.27924316143148 0.143938907551993
0.0396360311090336 -0.0614511722741532 -0.140564109051027 0.189603825054052
0.0362476490990403 -0.0878625088265697 -0.0325810155078419 0.179577477678651
0.0499006672796689 -0.0974181521935895 0.0309461908981693 0.181137668456185
0.102888275098539 -0.0984725239027846 0.0360404098086701 0.218923862638459
0.157670022497324 -0.00683519499030023 -0.0771063981356459 0.25192364072618
0.11832650051509 0.12358209281276 -0.273878733257063 0.180372491047029
0.000444695200208159 0.192516766131843 -0.384472028636404 0.0354152702446626
-0.138515306450192 0.188575987757084 -0.39683785023573 -0.115578131479864
-0.265188763583847 0.156788811547663 -0.403334357213666 -0.0427901813014
-0.268963628628428 0.148154226805735 -0.195845519638355 0.0227322330387326
-0.104504587245978 0.169417343906894 0.173994947987494 0.102202674390004
0.0114752026867015 0.148761644743091 0.230475221602724 -0.25435125679636
0.102288688283254 0.0862876679283163 -0.109287462196594 -0.38245868620627
0.157476067112291 -0.0129193442660795 -0.337156164829403 -0.126865529801496
0.116266015703622 -0.100174550901076 -0.270362132165917 0.0944446610614223
0.0560691831714557 -0.124005707041826 -0.132174421105802 0.144823778095483
0.0426292980167785 -0.144037110890329 -0.0195836601479965 0.131614666364456
0.0621143694455855 -0.155303333946289 0.0584497724071903 0.12038353603291
0.141687352194894 -0.168840237441362 0.103757943743785 0.162948203672106
0.239568232399382 -0.0551711088599399 0.0413071596717299 0.246203173237564
0.216939989575835 0.142629959884966 -0.183130019692412 0.252641631386363
0.0481664268094748 0.299702497763669 -0.350520783133263 0.119889170000534
-0.199666662713468 0.296209286010074 -0.361527490823534 -0.061590796340355
-0.383906511908332 0.191889406003833 -0.292656414809739 -0.0407159317620786
-0.376985127359154 0.117370432774786 -0.0585067488614134 -0.0105988230882476
-0.219833773615302 0.224150274450152 0.235564513045318 0.107973166164333
-0.0290203029608738 0.261129534566327 0.326643598415811 -0.235571239351418
0.16146684300172 0.159457578917382 -0.0103099957521661 -0.400910553759202
0.230093403425761 -0.0112584296314962 -0.265673247302707 -0.187466517341121
0.163340006343083 -0.143763617186065 -0.235635129349343 0.022617181079421
0.0701810719165494 -0.172212854629995 -0.116379001274907 0.0779059766646041
0.0418930026677538 -0.178488494269797 -0.00427733855111665 0.0658688556719663
0.0591221586360288 -0.186408872423812 0.0809556093608241 0.0436893160142434
0.14704433231885 -0.213620264055172 0.163081435765729 0.0851769749891599
0.26954446001439 -0.108010613821515 0.159389731797836 0.201589149008469
0.279816819380105 0.111693901110018 -0.0643449588018685 0.291307792079674
0.112533373227141 0.337387253522526 -0.284445283163741 0.187109747551973
-0.20552197245208 0.358779665956011 -0.313804806113326 -0.0221850411099777
-0.433794574230103 0.206160599458784 -0.157382777647698 -0.0522594862351856
-0.42218054369559 0.0592296128615099 0.110314968606047 -0.0258267103473053
-0.314858823184874 0.219552721091517 0.306033177816375 0.116344237082145
-0.098168437312268 0.323764825423322 0.406433829756331 -0.179028172043239
0.176023777147227 0.227220016645357 0.110659851731686 -0.369034942345738
0.268939507029466 0.00958774099764682 -0.148117359413411 -0.234463201848663
0.19129855485821 -0.159176635801234 -0.172899060880368 -0.0625768105513484
0.0769821153547084 -0.194888194651418 -0.0929373984686932 -0.00500788739050258
0.0350942448783819 -0.185954452817956 0.0109453746241768 -0.00881109269240629
0.0453744237085361 -0.187345292959897 0.0960512268028751 -0.0348899708880176
0.132479634706492 -0.217575353012759 0.201265150952397 0.00294081062849209
0.256646608119143 -0.132691511547526 0.24657374277214 0.136351205972662
0.285280269642399 0.0732438092629375 0.0446260062562083 0.289518595112731
0.137798549472034 0.319317976567672 -0.206910725418054 0.219633754868413
-0.193703114015094 0.354092742840611 -0.258453234637939 -0.00203472719454861
-0.417749497383087 0.183678227639533 -0.0211587138097968 -0.0736666047560281
-0.381867840716074 -0.00440792268048908 0.275679113892254 -0.0193087573823891
-0.344114209726226 0.159798654100834 0.370171831549913 0.128449166869642
-0.154634481929329 0.30563642115038 0.445600404556521 -0.101330464839576
0.142689037497415 0.246545509699797 0.214677214122069 -0.287346261552962
0.251939382596513 0.0317888813500833 -0.0129589144754424 -0.247312353048589
0.183812312331609 -0.143495485407557 -0.0908290099883204 -0.142248532801802
0.0711475129843216 -0.183317025188585 -0.0643233384289236 -0.090803825433914
0.0242759721473839 -0.164703846475787 0.0239445694556324 -0.0802161223105108
0.0276581929700559 -0.161763615493152 0.104552230331033 -0.103560307037586
0.104735674349681 -0.188992425296076 0.221696149998109 -0.0638345435909573
0.216782606912031 -0.123135839947185 0.295488760910184 0.0771035633584166
0.248738196594527 0.0539499985228662 0.119949248872067 0.269306669266634
0.112949758580165 0.274835538989963 -0.139602786810191 0.222437027585853
-0.183817773939706 0.291767148716372 -0.202008628567378 0.0061928429155446
-0.357088367258797 0.119184383254453 0.0977629615204606 -0.0907945321176477
-0.266351426401106 -0.051816957068352 0.401783030285418 -0.00200071866642361
-0.284216452460046 0.0785731499568095 0.41357283220106 0.139887900917713
-0.152628473633495 0.217464889728934 0.443685960726594 -0.0277863740245238
0.0887222761028074 0.195713055556125 0.279137272827931 -0.191676709161335
0.182569841513658 0.0321891067603019 0.0999437118502525 -0.234635990055859
0.136174371865539 -0.105735570696979 -0.0148100997747867 -0.202643882110607
0.0488620797119233 -0.140179027733968 -0.0383305507963688 -0.162524733002573
0.0104835254918378 -0.118968522168824 0.0343454514516637 -0.138823304780453
0.00890288842554397 -0.117529869550305 0.111689291956136 -0.1540501906817
0.069932579620888 -0.141014338427185 0.234835915959654 -0.108186163498062
0.16296774939977 -0.0939154733324188 0.319984274489844 0.0407963771372751
0.192786500947003 0.0464176115668311 0.161817974728729 0.2519442626415
0.064951466769512 0.221493322419105 -0.0919119241568908 0.217557218591841
-0.173799558625793 0.199278977471222 -0.152423691416571 0.0117425939445152
-0.263965311049745 0.0333456006430494 0.189047125070536 -0.0913595341194272
-0.10013460397699 -0.0791529324652302 0.461628114566131 0.0124219516053776
-0.154061005143558 0.00203456634803323 0.426156795059969 0.140186760914505
-0.0904186238566678 0.093862853235468 0.423785996125101 0.0144115952830379
0.0357863732312142 0.090910925046492 0.308176883283851 -0.132757571103355
0.0794879086646445 0.0105348626771915 0.159809955363356 -0.224648897909721
0.0585138476070673 -0.0546795273837008 0.0292782493149899 -0.240041707558987
0.0163357150514823 -0.0711776577668023 -0.0235687315296456 -0.207472826024412
-0.00503253976360693 -0.0558169387053336 0.038352901347312 -0.174733583567339
-0.00955928609756103 -0.0625901188571254 0.117050727830671 -0.182487623573896
0.028181277349851 -0.0841510061912974 0.245018988115717 -0.129471162733695
0.0988530161998915 -0.0621546272250718 0.328708109325593 0.0262840528235814
0.131505133846396 0.036372874214803 0.181306721075855 0.249561842659863
0.0175151489588907 0.159358646975777 -0.0676505367804553 0.216962511656514
-0.144557827756323 0.0961908628814157 -0.119651538057236 0.0179827822999652
-0.142838381465801 -0.0536968102000976 0.243156637287442 -0.0743399072868831
0.0243625423296898 0.102975425256886 -0.309072522553653 0.135323952080289
0.0697422480099799 -0.0188566625620368 0.130644652417062 0.102960261164791
-0.00161339006339844 -0.0636478082608865 0.0999135549138958 -0.237292699484376
-0.0436895259122575 0.00360919653113573 -0.208487101541156 -0.306922692190229
0.00165876669057386 0.0270066953289831 -0.376534307009961 -0.0239403906010041
0.0175810437483673 0.0188763162521586 -0.268931576257037 0.185550976339429
0.0246735766094689 0.00278240297666386 -0.134512389331956 0.224316846164135
0.0233053524046649 -0.0206849867449502 -0.0322183842708893 0.211585571372013
0.0209143805845672 -0.024251228204599 0.0219287513149302 0.22054785852119
0.0294602040167049 -0.021738391814886 -0.00622977649486571 0.247266476083569
0.0424633903703648 0.00975059049924579 -0.150107846796994 0.244062698207644
0.0259447131555403 0.036941650308656 -0.318267232104868 0.137531015317188
0.017102680280238 0.0417880042164236 -0.397300538440569 -0.00750994953190844
-0.00594057022191327 0.0807546831583811 -0.439649813391694 -0.145744434696636
-0.0825008627050714 0.132270968512739 -0.482594592668823 -0.0261620960509895
-0.120778288591583 0.151959793017519 -0.281896540756382 0.0900330247772778
0.00105307336698903 0.0832990084062215 0.143875972537223 0.0996836543771041
0.0196013185923829 0.0327334840499673 0.14338158395319 -0.259763823298816
0.0300416255494635 0.03170764077738 -0.190593070213863 -0.341025601110395
0.0779135799194327 -0.00357329565456716 -0.376989330844134 -0.0539362855046334
0.0631465983256131 -0.047130847199739 -0.275532704905656 0.164435274160124
0.0360466210840303 -0.0663520017912748 -0.131527097866688 0.203614428718961
0.0315268226120451 -0.0933896236669008 -0.022978783039377 0.18697406513319
0.0439930707111999 -0.104297367918192 0.0420844307094001 0.184603818777633
0.0974606147974942 -0.108773220023911 0.0490138220979542 0.221272856587507
0.161842076766795 -0.0176668991938442 -0.0653478649090112 0.261223932608375
0.129368384636785 0.11905129812847 -0.270262515557784 0.201274918647486
0.0104763109817266 0.197357026540886 -0.390122587711205 0.0588614256332855
-0.132915314349102 0.201072397102538 -0.412832902050695 -0.0956224945771889
-0.262152338982406 0.17697406545868 -0.413759636953306 -0.0179146906388977
-0.264699935783152 0.165722160641879 -0.196993686411871 0.0398862255905112
-0.0970746645369961 0.179123870080662 0.184925453321056 0.100468917479808
0.0197693980579651 0.151675600063634 0.222565019217908 -0.272489886791582
0.110174954965951 0.0817832582390305 -0.133322975218602 -0.383727835913972
0.15986897972231 -0.0255646427371793 -0.351644443641737 -0.109469003660826
0.111709865888046 -0.110442238220384 -0.269463987965093 0.113977407395659
0.0485937893278426 -0.130500551842802 -0.125555508032691 0.156962830781179
0.0346058164428484 -0.150797796986488 -0.0123934697053721 0.136206313820391
0.0531251470668121 -0.16384716757377 0.0653469241036995 0.120009413332476
0.133192656257712 -0.18399893724722 0.11481614553631 0.159779208459599
0.240897165324851 -0.0739196683715138 0.0568441533877766 0.246315505747368
0.231698141509007 0.13127359061331 -0.172647630994295 0.269398688869101
0.0664065131516657 0.304225594361934 -0.351719242260352 0.143831883691459
-0.187263723950973 0.314989197468974 -0.372981553442522 -0.0408740147681426
-0.382302714482111 0.21956600314302 -0.299404449556055 -0.0219346309103703
-0.376123883274107 0.141064259796775 -0.0602618650770567 -0.00295771484465526
-0.210792545358613 0.241343545810959 0.247487035225692 0.103053441526181
-0.0152638705421143 0.268650770872075 0.320798132259411 -0.258657290165203
0.175332320863822 0.152822143824474 -0.0331438367107051 -0.408672337706552
0.234174367797365 -0.0284005804044538 -0.281868534195509 -0.1758068794198
0.156028909865101 -0.158042170822717 -0.238727385520452 0.0382643991201276
0.0599561745800038 -0.180994784205463 -0.113606074218702 0.0865291391871004
0.0317029478781153 -0.185772580933879 -0.0012625273647977 0.0677126430569428
0.048210842782072 -0.195288682932352 0.0829654540023742 0.0401914129200678
0.135379450639367 -0.22894093675355 0.169704331831289 0.0750104429057002
0.268534740258582 -0.129643837525307 0.17420363936401 0.192006538997622
0.293651420052188 0.0953949406971712 -0.0490723393938623 0.30224899651539
0.133905627699323 0.338654122573657 -0.280896070092704 0.21107702911732
-0.189177999269054 0.379241115411559 -0.320934968167538 -0.00302613390781134
-0.430101568090743 0.238469683150254 -0.163287363340082 -0.0420713062525567
-0.424992779729434 0.0843336208511347 0.109771590294132 -0.028655214793355
-0.307472156007463 0.242154942012668 0.318199154875382 0.107730004250106
-0.0814542169414604 0.337502782351917 0.404605649770252 -0.20593556277227
0.194793680341542 0.220490893104016 0.0923072462837183 -0.382305794528648
0.275435875874573 -0.00961277535732974 -0.165419224779394 -0.230049339082701
0.18240681999436 -0.175551137349798 -0.18022919126067 -0.0529108498679983
0.0650818980027442 -0.204278091607139 -0.0949947169889625 -0.000244794350753621
0.0254750136938504 -0.192020470736722 0.00941192146521325 -0.0100324230283214
0.0349567325026411 -0.194433543961018 0.0928308105135501 -0.0414419880038577
0.119192923127791 -0.232833508032305 0.203847440811501 -0.0111106378418116
0.252919441378063 -0.153545558002009 0.259056620227629 0.11862122668625
0.296200058662921 0.0558413997803653 0.0626992441778125 0.294134021990441
0.158475703849869 0.317863414939141 -0.199942512461825 0.23959745766255
-0.176538803152841 0.373294602604239 -0.263345194405921 0.0149697314064597
-0.417499762859067 0.21555181237551 -0.0251131476211067 -0.0728543586126611
-0.388663589412631 0.0169919315273115 0.278790086350477 -0.0332127747304827
-0.340378556238452 0.184048514705217 0.384351042470222 0.114557034880719
-0.14017139667652 0.322364013043048 0.448336623152207 -0.128291821225674
0.161246889110686 0.243169835007746 0.203482873256966 -0.305255605889187
0.259679371635679 0.0145687903039992 -0.027798798431645 -0.251059848307565
0.176230259003606 -0.15895987519725 -0.102364096794087 -0.139552346903691
0.058941043378725 -0.19283192841098 -0.0716891563875667 -0.0891115350298151
0.0157693247489525 -0.169197288539049 0.0187790145665261 -0.0848386619574857
0.0189853488225443 -0.165508642999271 0.0974572853301814 -0.112151195028318
0.0941815138944062 -0.201013842351679 0.220673839010772 -0.0805219842989124
0.212937647733959 -0.140939333024539 0.304797498892638 0.0559830639237698
0.257590838408552 0.038114411541567 0.137858163445855 0.267796399747892
0.129880472335448 0.274287685769424 -0.130910634613144 0.238936627848212
-0.170353039145893 0.308393463913479 -0.204504518313943 0.0200959244085751
-0.358359340133964 0.145584057136278 0.0948119952001781 -0.0980832839273627
-0.273342896335456 -0.0375000324188415 0.408590746356118 -0.0232962105754212
-0.283269866629785 0.0977263294827867 0.4286664585185 0.122716202931077
-0.144025217625206 0.232657346499128 0.451634565773408 -0.0527360097709645
0.103390949944418 0.194183848128987 0.275367105543336 -0.210686358945717
0.189031862170112 0.0206020244319587 0.08865716907901 -0.244919593748191
0.129796743160979 -0.116959645071257 -0.0285230662076719 -0.20664524894112
0.0395532433249489 -0.146435105983731 -0.0499614869055125 -0.164446212716766
0.00493034621535614 -0.121380542415419 0.026044753642522 -0.145271423112463
0.00335986842825336 -0.118335066044062 0.102004537835974 -0.164110433940815
0.0615603701263771 -0.148282436937461 0.232209088210855 -0.126139829165427
0.15978858111929 -0.107421358180168 0.328154919410115 0.017917328342267
0.19940428999106 0.0350419387004422 0.179997047079814 0.248223963663962
0.0781626020612428 0.22300781093754 -0.0832250234384161 0.230396227648771
-0.164516751582067 0.213580933284185 -0.153047289823833 0.0223401753833459
-0.267216348085171 0.0511605458631224 0.186510258479795 -0.105289125163411
-0.104934722735898 -0.0745390473300293 0.471786004435552 -0.0145534052446665
-0.154516825844162 0.0117049126413948 0.44235880604445 0.120004117566642
-0.0865369030959387 0.102363742962093 0.432696692656475 -0.00905699787061496
0.0427867661524178 0.0900691469259356 0.30707565554233 -0.152454448055677
0.0819815262469435 0.0053046025538639 0.150597866538577 -0.239097495785847
0.0540866814175081 -0.0590242042834987 0.0134328740698342 -0.247706331451105
0.0111769211531942 -0.0733873305637873 -0.0379835323510133 -0.21130504482102
-0.00654937205603846 -0.0558416387139682 0.0278499430714516 -0.183023461445823
-0.0124546899625988 -0.0613623608775955 0.106539783895211 -0.194659318912532
0.0230053459807517 -0.0869050832616801 0.240979640918308 -0.149826083310913
0.0959235066522013 -0.0701356255768349 0.337353890038047 0.00447127883739923
0.135727664185099 0.0278645446934136 0.199823187382266 0.243765655672503
0.0268639415963824 0.1617395767909 -0.0581485746589969 0.226727093817187
-0.140680808976656 0.106163245614829 -0.120252649350093 0.0252397853927127
-0.148923779869394 -0.0453436846785047 0.242301916271053 -0.0915752470568523
0.0323069939278376 0.0990264824499914 -0.291643815696021 0.16219430073355
0.0668063351853547 -0.0246008426331111 0.142222954571871 0.0935454025582985
-0.00648488373603576 -0.0631695120256415 0.0823659962771286 -0.24285755889765
-0.0430952659842913 0.00677447182191767 -0.23288592889452 -0.286975355654171
0.00403557165068588 0.0254765538460608 -0.377499610180206 0.00787872139950213
0.0200522315182899 0.0170743124367423 -0.2494486150368 0.207480928624256
0.0247624306240775 0.000467806643202505 -0.114107838304379 0.235726539472592
0.0213045352224015 -0.0238713750671902 -0.0138796521802237 0.215424691072577
0.0184726492550485 -0.0271276530466246 0.0412640954809648 0.218392126339125
0.0269269507535223 -0.025052219401032 0.0141664917441901 0.247158699268478
0.0440988560830861 0.00530608202671071 -0.129928461236707 0.256189645240023
0.0290602815444592 0.0346403719754558 -0.305770020391411 0.163605038952022
0.018729675054535 0.040973107965655 -0.394650253801832 0.0226654994517474
-0.00197674085780262 0.0811373302757796 -0.449407520807302 -0.111116510937562
-0.0719190603109374 0.137100517171945 -0.482386958816865 0.0131871845889535
-0.107064218359731 0.159148022806801 -0.270078630374682 0.116731560447023
0.00710099811012666 0.0817823862612185 0.154191005247517 0.0912872761524201
0.022076488116178 0.0308945425583716 0.122819145955784 -0.268124381833329
0.0332869905706211 0.0286821593404687 -0.217671082906154 -0.322592886119609
0.0764198213256276 -0.0124822957463679 -0.379876652506382 -0.0223839597032641
0.0585524809242932 -0.0528035453139912 -0.258059611349677 0.187774065499137
0.0297299548629097 -0.0691045974591149 -0.113250679849905 0.214159561192595
0.0230841978679273 -0.096674096987658 -0.00767569835995731 0.189832880459104
0.0341522995935856 -0.10868681643762 0.0574236975380566 0.181743167737647
0.0869797758891205 -0.11769584884443 0.0665532339965935 0.215241654167101
0.159980478125649 -0.0324051959761685 -0.0446775509018292 0.263801464916971
0.139817966320469 0.106867871365369 -0.252202160341563 0.223179791210022
0.0247463884100268 0.197400843073847 -0.381977445810421 0.0898748918660853
-0.117782336527536 0.210412489382298 -0.418620029358074 -0.0622539680184078
-0.247298537181522 0.196878616204576 -0.410853230963333 0.0169545162386906
-0.2477242912489 0.184254946437778 -0.190491551939214 0.059992796554322
-0.0823503378117385 0.184734791198886 0.19443166649239 0.0900431989043827
0.0316680682184895 0.149728293966156 0.201846995921132 -0.287410322307668
0.116775278337026 0.0718382145897059 -0.163221512178137 -0.37077526370427
0.15587317901463 -0.0418112118455337 -0.357608837154256 -0.0802449536084788
0.100629680499171 -0.119915924759396 -0.256873695714196 0.13628725856854
0.0370177490987134 -0.134253057114104 -0.111958552699585 0.166200278810748
0.0215263351862245 -0.153900695292553 -0.00170421808668793 0.137567663075877
0.0376731934266024 -0.168503200573689 0.0739060664593363 0.115508373374885
0.114523900209895 -0.195694665060946 0.126032535358491 0.148239968538991
0.233615262982183 -0.0949842093111348 0.0744335476759238 0.237564930907549
0.242121304873431 0.110222571982896 -0.150383251215338 0.282807790912845
0.0891659863413986 0.298148685384584 -0.337694802799387 0.17276513191995
-0.163564364322002 0.327985624074293 -0.373508833454145 -0.0101101037111553
-0.362585374764693 0.250969126838865 -0.297891531957247 0.00427280680845838
-0.361361641606863 0.168216935279226 -0.058976223383894 0.00664837462881079
-0.1901353106225 0.256456862723831 0.255456692057864 0.0883800199051777
0.00612271155021909 0.269350629740791 0.298701660183849 -0.280921040337731
0.18754101422289 0.136895562602433 -0.0651125363498071 -0.402451191791119
0.229682782556465 -0.0504764390576569 -0.293661153184177 -0.150731213334634
0.13900303005302 -0.170893604452501 -0.233193095368857 0.0585649077511448
0.0431067233208243 -0.184687384737306 -0.105524726309288 0.0948879120147684
0.0162094699904621 -0.188050123628199 0.00351580895617817 0.0676140900201379
0.0307306020064408 -0.198869687225454 0.083878135600414 0.0341837633409311
0.113550656066899 -0.241552274973622 0.173111672484346 0.0591491973879819
0.255950071548065 -0.153706808259955 0.187060816451157 0.172320974078623
0.299404686525104 0.0684745733599123 -0.0234576544891446 0.305281339019401
0.159024337641019 0.326256711324167 -0.262167416383378 0.234256915065376
-0.158103960366225 0.393578608577282 -0.318285384026329 0.0242981044419459
-0.408671212897899 0.274534823274547 -0.162982795544288 -0.0266131721147883
-0.413927200825881 0.116099376908553 0.106638840937579 -0.033404380344353
-0.285225052809675 0.265513427466094 0.323960829476265 0.0871781430742577
-0.0550100834727871 0.343198745567405 0.38576240445574 -0.235016697633729
0.212505421286469 0.20320346806202 0.0619173120735265 -0.387658278834355
0.272107062469736 -0.0345638401773988 -0.181181543561702 -0.214386928257373
0.164155765516964 -0.189708842607195 -0.183113757708396 -0.0372289585520591
0.045864048050177 -0.208390911625317 -0.0948664317427801 0.00703582516283622
0.00956169812842029 -0.193425783962385 0.00770713189839515 -0.0113474008165788
0.0187289056829178 -0.195729551119762 0.0864950281500624 -0.04831018365719
0.0972253182351945 -0.243042541619742 0.19910047352108 -0.0287926722006964
0.23746397504716 -0.176125997715066 0.264760163256352 0.092084097548275
0.299114681837615 0.029094999568102 0.0853907562735264 0.287646109338586
0.182142577037016 0.303750067232345 -0.179097149329749 0.257404306566303
-0.144695563938943 0.385682556671152 -0.257989342995989 0.0381407188598926
-0.396832926257958 0.250368464187343 -0.0289207715337277 -0.0689434581162629
-0.383710581090862 0.0470923268162578 0.273960037496317 -0.0521272497794891
-0.321338280409818 0.209357093933437 0.38920202546746 0.0884106088529242
-0.113548527075458 0.333327893303067 0.434985102814327 -0.161274894079954
0.18143970926192 0.228153634832755 0.179925231380486 -0.318255363575058
0.259211549464323 -0.00917147342260653 -0.0467768181915085 -0.246775329574686
0.158723886893528 -0.172434265136929 -0.113484966047267 -0.129724812940415
0.0406688340322472 -0.196197153595529 -0.079178778801428 -0.0834327332583
0.00312760563696355 -0.170084303279638 0.0108657716832261 -0.0873746006089921
0.00586738105832804 -0.165439213088102 0.085557554523818 -0.119266786725242
0.0746822580880511 -0.208726630650324 0.210769287424011 -0.10003257792173
0.198833206652327 -0.159594939110294 0.305809656944979 0.0257011870320978
0.258528958787815 0.0152969535279311 0.1590220687373 0.254904478565384
0.151146974011817 0.262747499119395 -0.110639395716945 0.251283342102834
-0.143263561138274 0.320942680387233 -0.199345011918553 0.0376646051996039
-0.342736700007907 0.175363546246494 0.0866095030930399 -0.105133937592431
-0.273005772209017 -0.0160259986823426 0.403273620338351 -0.0533207047706675
-0.271126010306233 0.119787422020166 0.43370885472511 0.0918250088307098
-0.123635887938117 0.243898100336543 0.443417469455747 -0.087319911513358
0.11969896800608 0.1839001855555 0.257885704612347 -0.230290464829644
0.189829658396801 0.00273289886929357 0.0691954881539745 -0.249886044470005
0.116820121888081 -0.126561994948041 -0.046654037604895 -0.202563346057564
0.0255747728762602 -0.149051855892544 -0.0643806249013157 -0.160010065279957
-0.00362979975977131 -0.121837603795121 0.0121565788456199 -0.148769738987906
-0.00556850687567394 -0.116725176182799 0.0861533046537306 -0.171735294641083
0.0477247425534503 -0.15291533610156 0.218449848778374 -0.146539869711686
0.148219177181651 -0.121122001729228 0.325097215351448 -0.0146128991982646
0.200568631349405 0.0167103697700138 0.19954000200139 0.232112892771872
0.0954326968224107 0.215609246259369 -0.0644726474828369 0.237737461527627
-0.145648914174199 0.225232805565388 -0.148783971088364 0.0345521404705052
-0.260545657031131 0.0737288551368082 0.175906434099759 -0.120247558399934
-0.108273111967511 -0.0657621908731086 0.466899452864545 -0.050972471113403
-0.14946384568845 0.0242732686310105 0.446407742525092 0.0850231151039932
-0.0776334427288696 0.109178873538649 0.428618716305253 -0.04189581850485
0.050352840329115 0.0848724259113198 0.294906477210012 -0.175117951697105
0.0817835038094261 -0.00241209727299532 0.131221867827083 -0.249349593452414
0.046642153410567 -0.0623609335943596 -0.00796975851909098 -0.247580933010893
0.00377754978734003 -0.0740414598764042 -0.0568099536425585 -0.207544510789338
-0.00952789043377198 -0.0549182317447618 0.0115231782310902 -0.186246314397212
-0.0156010090538027 -0.0582337074674981 0.0878775257211071 -0.201563624640629
0.0153338577710908 -0.0876309032486175 0.22551593317435 -0.169872312320574
0.0884753638236583 -0.078139487584824 0.334372931522899 -0.0271878004198924
0.13566544015224 0.0157960638409862 0.218960482991588 0.226246881220856
0.0395297512835175 0.158917954677193 -0.040263557739867 0.231978659051091
-0.129799959523739 0.115996332629015 -0.1164300608623 0.0344102197066748
-0.150700641083847 -0.0319589874238963 0.230467256701235 -0.112276666075143
0.0374990375004999 0.0910613580948575 -0.264576291881258 0.178397551961932
0.060792138028231 -0.0286810866443174 0.146591096955354 0.0808941831403971
-0.0105408977245496 -0.0601475808271088 0.0647727716236863 -0.23725575277952
-0.0403822688478932 0.00940036409683458 -0.244610868276197 -0.258366911805131
0.005084452453356 0.022683558130518 -0.361602614570058 0.0355134720028789
0.0216843830975052 0.0140211084062149 -0.222243019209557 0.217166243167435
0.0242573670041575 -0.00229455487748598 -0.0912018070126513 0.236323333364735
0.0177110827397741 -0.0257586537422931 0.00374088803794899 0.209696952955046
0.014903145473197 -0.0277924824140887 0.0564087602333466 0.207842476339798
0.0236502085444481 -0.0265482894555262 0.0314439857754688 0.235508390758167
0.0436141063106245 0.000868115781086009 -0.106885402180852 0.255044334762235
0.0308553235242982 0.0309959113305605 -0.281591658525223 0.178589662296058
0.0197497211065555 0.0388332955029235 -0.376222586047273 0.0467053419929109
0.00160643851129718 0.0783270490848455 -0.438057240137976 -0.0765199794323859
-0.0599887432699143 0.13546211114134 -0.458920194529229 0.0464093196603221
-0.0911381731930289 0.158369437831919 -0.246011846150998 0.133930166146127
0.0115252773388571 0.0771087553308517 0.158464328585969 0.0789004971512718
0.0232079994376103 0.0282366919952733 0.101081078527923 -0.264618317052964
0.0338138201774835 0.0249927800724013 -0.231628886786664 -0.29318698715018
0.0714899900466004 -0.0191298195179508 -0.365721494315158 0.00626222253914327
0.0520362087595143 -0.0557628106240534 -0.231679501452628 0.198843793366375
0.023933418328795 -0.0690348968955399 -0.0923821263715279 0.214191638020742
0.0143277449193803 -0.0956493758429764 0.00724438559447729 0.184262528202179
0.023823823637042 -0.107697199539116 0.0686554004630241 0.171049836226684
0.0735784961969775 -0.120498930073851 0.0786035436662869 0.201791880224681
0.151300318555729 -0.0446915912765374 -0.0247792380577947 0.256275394632204
0.141732885419555 0.0921046174022338 -0.226021050161365 0.23254128062433
0.0367988893394679 0.188370991361242 -0.359557289205009 0.112531322275862
-0.100791645785571 0.211172903372772 -0.405411964524197 -0.0306124198429023
-0.223069131963236 0.206633635316033 -0.390097169661182 0.0455226740484659
-0.224100739523725 0.19131967327794 -0.175227617609217 0.0751253937403422
-0.0660839708319437 0.18151073635778 0.195910063551618 0.0768476477904909
0.0400003354600161 0.141233655093462 0.174595671722134 -0.287602906741797
0.117305045347939 0.059462217355123 -0.181716332430582 -0.343618328520282
0.145076173740106 -0.0531859813368789 -0.347700368553515 -0.0501869449189185
0.0861893119766204 -0.123024669912881 -0.235094930705541 0.150443430848971
0.0254050730929993 -0.130975578005269 -0.094374922612521 0.167550045460478
0.00921210804681253 -0.150305748698102 0.00782531809673032 0.133255487095463
0.0234147234919037 -0.165160145350913 0.0786239439870712 0.106606411382081
0.0935726721010366 -0.197479189634576 0.13044832434586 0.132710022010835
0.216382188650441 -0.110944908311789 0.0866111119931069 0.220560881013745
0.240463034937451 0.0869624481202177 -0.124725957862224 0.282033387292697
0.106095909378869 0.2808490881446 -0.31119959993713 0.190356738573696
-0.134546817986483 0.326974146353072 -0.357323435776591 0.0162656303769136
-0.329632911969717 0.268006818080425 -0.282022241644667 0.0255242485922614
-0.333135939799336 0.184275420955689 -0.0545646895010079 0.0152408942425884
-0.163684507172387 0.256614107069491 0.252337766625764 0.0724573405064506
0.0243059572577748 0.25817117039497 0.267786949256318 -0.288535920377138
0.190279121157844 0.117007467913337 -0.089591879249401 -0.381377388075844
0.214922948408545 -0.0673784952340887 -0.290183895301519 -0.123134876342861
0.119485730070846 -0.174496883246208 -0.21832606435441 0.0739475293800341
0.0267107202936233 -0.180044652880452 -0.0943285576327865 0.0977091302406822
0.00280472728780575 -0.182389524962422 0.00736125466171187 0.0649864204084825
0.0146700100687496 -0.193250942323502 0.0817389634876138 0.0280200910019281
0.0880306716740509 -0.241509481529589 0.168250668537108 0.0438637302391694
0.2329650082292 -0.168182651030405 0.188979499797235 0.14895323222715
0.292256065113196 0.0422885591276938 -0.00149083756415163 0.29466447332517
0.175408462487837 0.302630300265773 -0.23370869642812 0.245488200233674
-0.124654764676105 0.388462520329186 -0.301428364320386 0.0462172751621996
-0.371840591812945 0.294795689847559 -0.154967488743515 -0.0140795970835551
-0.386132369734094 0.138055529344894 0.0999185778641938 -0.0356385565818373
-0.253527484044183 0.273483879665559 0.317982194649474 0.0661213815814083
-0.028364653314849 0.334311059416438 0.35317321354815 -0.250104365143898
0.218537928356886 0.178218890479478 0.0348338844611026 -0.373869024556225
0.257215133958941 -0.0554176017455256 -0.187130148071467 -0.192000825608987
0.140712776438225 -0.193832612159984 -0.178100860466838 -0.021621968225448
0.0272296911712994 -0.202757200713654 -0.0904305537912717 0.0127939496030767
-0.00368285418305592 -0.18707434031868 0.00554682037668205 -0.0116172972126985
0.00408943653500376 -0.189459215714857 0.0776850895307982 -0.0505897559835164
0.0725645941105335 -0.241773474604141 0.187291245094047 -0.042587878370798
0.213346390802295 -0.188937367655198 0.257080628604485 0.0655570419530992
0.287873267884934 0.00503725129325207 0.102246913973071 0.269481652925934
0.195786955390001 0.27917587165911 -0.152180651408076 0.261810545414693
-0.111090300379725 0.380084224596499 -0.242006859042698 0.0548049350442803
-0.361331135795516 0.270200470048096 -0.0304340578720824 -0.0646789445366482
-0.36250006635176 0.0703459612047585 0.2581529446691 -0.0657959586703813
-0.291637232400549 0.222641897118912 0.37915074704506 0.0620288111501997
-0.085587962790015 0.3287628657427 0.404691395154887 -0.18420859377446
0.190590718470754 0.204139362802106 0.152361105625692 -0.315964569179584
0.24712747972498 -0.0302607148443478 -0.0604471425769374 -0.23291682066639
0.137347916763368 -0.176760818563689 -0.118377166178495 -0.115325937293593
0.0230644019346242 -0.190179295489146 -0.0825084933554194 -0.074748857394664
-0.00847145751606593 -0.163679413764849 0.00297513672670676 -0.0853997731007793
-0.00589739494749595 -0.158721340034205 0.0719664658471378 -0.119029324121527
0.0540860338769115 -0.206614738924994 0.192359696503578 -0.111492532991915
0.177517071911046 -0.169517625156098 0.291179988547932 -0.000587559923007699
0.247796245055876 -0.00458340152121623 0.170025258753575 0.233815152444342
0.162703237149059 0.242044724689043 -0.0878757857917297 0.251234498269291
-0.113971987712469 0.317251471911663 -0.185433390049389 0.050108352973306
-0.314545292147807 0.194979004291893 0.0770387515696235 -0.107214945878173
-0.260885008905984 0.00271046121768205 0.381662375177614 -0.0764820302122843
-0.249528686507326 0.132684905872272 0.422025385291778 0.0601939470628816
-0.100883045615927 0.243959652622853 0.41728912802275 -0.114348402072395
0.127758141155538 0.166275119476925 0.233806218699318 -0.237594855976199
0.180959493803808 -0.013135314805957 0.0508175546936616 -0.244291384274687
0.10049910183703 -0.129154947497163 -0.0596378872437599 -0.190490329193966
0.0119681777134392 -0.14372919533391 -0.074184400836294 -0.149462465104768
-0.011027928263192 -0.117086933426162 -0.000517478661991305 -0.145209210903534
-0.0125457494610535 -0.110708774490604 0.0686719333906685 -0.170265752956813
0.0334759287987907 -0.150332703196964 0.196175043064382 -0.157329294863573
0.131848588346616 -0.128173258483082 0.307386307265982 -0.0394487663504779
0.192088228304764 0.000484500083989552 0.207533546811597 0.20776707600513
0.106483771808538 0.200594615419902 -0.0445473902634298 0.234820761945155
-0.122382517701684 0.225852469361075 -0.137811909251582 0.0430840765075015
-0.242485810980908 0.0905173684798985 0.159548004093759 -0.12851629502702
-0.106716679055755 -0.0561468494326975 0.442917188452875 -0.0803800861726695
-0.13877094232926 0.0323336291026486 0.432326963192863 0.0523354184606638
-0.0661108166003651 0.110383907006756 0.405689824861636 -0.0694927602629098
0.0536606570265552 0.0766889634825004 0.272555314412313 -0.187658850616949
0.0776705850699719 -0.00939915693835319 0.110597758803141 -0.248246537690943
0.0384117150843234 -0.0619831014789235 -0.0270388126791559 -0.236325856612002
-0.00306030318576029 -0.0701172605130148 -0.0710851423681155 -0.195026706091342
-0.011813386630991 -0.0524386700998624 -0.00451323893642387 -0.181406288842165
-0.0179181915903493 -0.0535410655871526 0.0678176488804208 -0.199498311515325
0.00758391691985042 -0.0841615922858886 0.201319472450991 -0.180370721512073
0.0775930907603963 -0.0818201610423993 0.315601634647108 -0.051695359990166
0.130687970741814 0.00485730125412541 0.225187761043327 0.200764095909464
0.0492969754648108 0.149880865971549 -0.0228562099017711 0.22620119721758
-0.115852233415599 0.119610974199374 -0.107552698237656 0.0400923270534859
-0.145863232441649 -0.0192888936980204 0.210495391041789 -0.124703361287661
0.0249238416745518 0.0854941997416364 -0.260354970187081 0.148547240507145
0.0571763994235798 -0.0205865219729234 0.136115014565603 0.0909093403792672
-0.003174618322506 -0.0559617770328095 0.0873602188114618 -0.215639154373992
-0.0375987783109119 0.00270150636942312 -0.200016077186717 -0.259557666669939
0.00182141996624007 0.0194827405677824 -0.337416691967545 0.00149807516479785
0.020344372542216 0.0119080073507933 -0.225403149198337 0.185169437949122
0.0247688200009037 -0.000886551170175167 -0.105587686033106 0.214889282675342
0.0197846617220203 -0.0234201728096773 -0.0159948782167925 0.199594368983415
0.0174170235829564 -0.0271928478832324 0.0341509822600363 0.203635897006522
0.0251486463934295 -0.0245069950689213 0.00623528912026942 0.227815891295613
0.0434015159010601 0.00351930578706055 -0.130186470522519 0.233731204507405
0.0310171574280813 0.0325423831278942 -0.288719988800404 0.143199529756392
0.0190113741814761 0.0434294305825408 -0.364351090805817 0.00308345262388521
-0.00523936119679613 0.0781328323636496 -0.413791056048506 -0.119952685605025
-0.066997736038058 0.125562412982066 -0.448657763041611 -0.00700361767178084
-0.100273040066675 0.134015335160338 -0.24801240048258 0.103052771322482
0.000832121674418227 0.0713386445201808 0.14164520212059 0.0928833180283853
0.0179539886775171 0.0290259654684068 0.119606935171018 -0.233138375718057
0.0295396808262061 0.0257883921545822 -0.185283228123562 -0.288244089992925
0.0685957129371577 -0.0113170183521774 -0.337997494127297 -0.0237320090961292
0.055753173953924 -0.0500253845975664 -0.229936065620049 0.167055257395418
0.0306717594411701 -0.0635568512544158 -0.104647243800103 0.194608403541425
0.0234727032272307 -0.0905649122872974 -0.0115278279987688 0.175180147450092
0.0335212500917072 -0.101587312219077 0.0477512064436318 0.171472364168271
0.0808852469680984 -0.108480116597012 0.0511045147918541 0.20059323170885
0.149529251150608 -0.0289512185312981 -0.0561201746886859 0.241115428278014
0.130604810827398 0.100190819991615 -0.245388208600337 0.199654525775909
0.02158003552308 0.186914414418822 -0.354740672248284 0.0641376240319998
-0.115643746609015 0.194057851308715 -0.38126555689712 -0.0785417203371951
-0.230641926711653 0.178286615788234 -0.376867010706071 -0.00578272918203015
-0.22519217331844 0.15103681347953 -0.183874571481243 0.0499622297303818
-0.0821964727831805 0.158716352254664 0.169598032194283 0.0946811555131458
0.020441480248098 0.135767316352029 0.18409232097079 -0.244141596060518
0.102771592935078 0.0685558052385699 -0.136157914992243 -0.326404552137406
0.141004761350722 -0.0339442190033568 -0.315493610708466 -0.0706313251118798
0.0937623631157571 -0.108090143915918 -0.225640578452661 0.121463932929814
0.0369629789975659 -0.121347890256886 -0.102244767382792 0.151007073521378
0.0240233217816843 -0.142984335710449 -0.00660360979447889 0.127049318528089
0.0384248719841559 -0.156188351895894 0.0618460183612317 0.111953659137653
0.106401343220893 -0.179679752510122 0.104261627963967 0.142163216734584
0.217068625744587 -0.0864803150572039 0.0500125902742866 0.218897761497684
0.2231402311794 0.103568170935531 -0.153567091537613 0.257942944933448
0.079417169457887 0.279947577156002 -0.31698429808765 0.141389052262708
-0.158087098271398 0.300480171351182 -0.339168243680048 -0.0333017344724434
-0.33904283076984 0.227203574886657 -0.267178998592419 -0.019543891034495
-0.32517885891451 0.133324111141076 -0.0707615681024928 -0.00255332764619178
-0.179159797331893 0.217099376378147 0.21644619051965 0.0948989771273372
-0.00733210785623756 0.242754655753077 0.263327740870999 -0.234292165787097
0.163306240716621 0.130492574491417 -0.0498139083292693 -0.349480367038327
0.208914890766493 -0.0384895089984379 -0.256197215582742 -0.130507578562259
0.129767523510928 -0.151141928779644 -0.201532905833967 0.0527144775373629
0.0430115905338127 -0.166727805224523 -0.0959454027955882 0.0854181850510808
0.020594534613764 -0.174180962511661 -0.000881330904917733 0.0620318435588086
0.0336427019659396 -0.182571731022001 0.0716423481739691 0.037623551576436
0.105231492279242 -0.220996727228782 0.148220456762224 0.0626778762429314
0.236210124877265 -0.139390883730815 0.152364639240169 0.160870754821455
0.275605316279286 0.0651599823440759 -0.0388163611095135 0.283264027816939
0.14352429063277 0.305160298565028 -0.250549871780572 0.201813510007331
-0.153495235613131 0.359127048308741 -0.28772536259639 -0.00178118396148084
-0.381376681609429 0.248625939371039 -0.13988119867584 -0.0481182037887915
-0.369323143525557 0.0859493974156429 0.0771314819958285 -0.0401430025400153
-0.262243377759428 0.222264447343025 0.272623891124988 0.0917734294359878
-0.0637669510493389 0.307461695173275 0.332560819831675 -0.191829465023111
0.182548153566045 0.191496475149309 0.0605928335027891 -0.330907071298329
0.246984844430878 -0.0216453812672089 -0.155085937131021 -0.183481593047879
0.151379156295204 -0.165716011791829 -0.154828811266431 -0.0323690227751888
0.0450121698764079 -0.187573983279383 -0.0852734794856039 0.00597353646979372
0.0162482610006549 -0.179394121370027 0.00412809647596026 -0.0117376130205432
0.022758269027683 -0.179406271061929 0.0755642920834025 -0.0374389124170747
0.090298746476623 -0.222431641894102 0.174038620358546 -0.017950809074926
0.218796960430476 -0.160366573053892 0.225891567892114 0.0893804960505812
0.27347887338824 0.028963951820878 0.0644035635547629 0.269845646058456
0.165096076400509 0.282557664440138 -0.175295572306365 0.226407457093087
-0.138802566868162 0.351591826243974 -0.232387953711557 0.0123736443126989
-0.369371104999329 0.227486672088017 -0.014118205365258 -0.0843277341726501
-0.340062837260583 0.0259372284531327 0.230421712215332 -0.0553991968911039
-0.291252166351896 0.170838793968362 0.330075613902828 0.0897517263345185
-0.115424107621732 0.296479317651213 0.372800946091343 -0.129195465063474
0.153685280619526 0.212666905972848 0.161762441333888 -0.267698366150887
0.234856443491963 0.00150537226721768 -0.0348883359877636 -0.210058048901782
0.146396351696645 -0.148528281293491 -0.0918382672630432 -0.115050571008073
0.0394728969760695 -0.176166267976175 -0.0705551538241376 -0.0758879299757279
0.00953433166312177 -0.157565697747672 0.00842699202431083 -0.0815198315657853
0.0112385285743018 -0.150239531960437 0.0765793561219362 -0.103828963739525
0.0688632643688762 -0.190216986524926 0.186779263670193 -0.083990964065732
0.182138736840821 -0.145371481755524 0.266438980302975 0.0292462645650905
0.233891421505658 0.0148761120536395 0.13417108134991 0.241914044439388
0.136536082854923 0.243682747963512 -0.111488022178582 0.224114463246747
-0.13611584860645 0.290803101124552 -0.176487715216837 0.0153563683385308
-0.318434669324147 0.158993160240319 0.0923521379417944 -0.112155920529599
-0.240004834162028 -0.0259643932839915 0.352110789378126 -0.051157574501841
-0.243040018512378 0.0935624582369021 0.374480979343016 0.0897356046065151
-0.120143628436387 0.215658645446544 0.381314313992277 -0.0656468410850283
0.0995807230433241 0.170307798042492 0.23089628267092 -0.189953236540689
0.171055084245275 0.00941658317631592 0.0689919993996907 -0.213670756408964
0.106510685606641 -0.107129591830145 -0.0327212834255128 -0.180616429855136
0.0241822582856597 -0.132856430431751 -0.0576487708082484 -0.144961383865547
0.00203443373848987 -0.113363116937106 0.0109702185982651 -0.138928873954878
0.000327336403689585 -0.105736462058122 0.0789456206493249 -0.153161684132781
0.0441767106538133 -0.138344692179446 0.196162769424836 -0.127848518390948
0.134368784350252 -0.109631714514881 0.28837113424088 -0.00624881043086955
0.180039775432407 0.0150609294875673 0.174233995914566 0.219678935598013
0.0860049901343054 0.198626503839375 -0.0679557649646422 0.213614030066126
-0.135099325866222 0.202741926078759 -0.130651035951536 0.0164853519787369
-0.240582380747209 0.0649543663943742 0.17277814487804 -0.119817744766878
-0.0920069660608973 -0.0630584716430563 0.416440066761906 -0.0420388398738028
-0.129655896340178 0.0137198986757705 0.392678570520738 0.0832174898807084
-0.0727598147278917 0.0958315382768388 0.37354151347796 -0.0270616077077566
0.041491933003492 0.078371520910272 0.266108596482286 -0.142529363640208
0.0737213950215741 0.000420667953764948 0.125416639246679 -0.216039448863258
0.0422476093590192 -0.0506298879727866 -0.00211270710147233 -0.222230263816013
0.00307233125229923 -0.0652129821903596 -0.0508509737956109 -0.188827850613273
-0.00537988152926357 -0.0520814419285985 0.0116260005068718 -0.173121263836278
-0.0112852670726448 -0.0513061939589752 0.0823219402858567 -0.182456652784728
0.0143671876408296 -0.0777171115359771 0.204767329884479 -0.150799061585778
0.0787370769915963 -0.0703351453718127 0.300253788200496 -0.0186659391105783
0.121004200234991 0.0134189883349774 0.193644891569386 0.21446476219743
0.0365183604494158 0.144629176572044 -0.0454377935758929 0.210122274068695
-0.119891845878965 0.102324856905971 -0.102046711309543 0.0212513265866564
-0.13797933481615 -0.0313025649152566 0.218889324352755 -0.103904132668072
0.0229875762592463 0.0809767167677156 -0.247606399425141 0.144442045372267
0.0535884880024047 -0.0199912543617944 0.134385518061378 0.0882525207148293
-0.00372118399094653 -0.0542151471074073 0.087050012701988 -0.20754654502463
-0.0360902195008568 0.00316543759169592 -0.194710198422356 -0.249971368918294
0.00179962667090957 0.0179635009594615 -0.325774092058153 0.00328137162971538
0.0202600347802492 0.0104681863659573 -0.215607915575494 0.17934083145773
0.0244473226089485 -0.00221222368092339 -0.100361358563914 0.208710146083213
0.0182775717781015 -0.0239907189896787 -0.0131115639986724 0.194852268729843
0.0159409163376542 -0.0273222810897195 0.034591838033723 0.197332036808075
0.024428377839505 -0.0240136939171483 0.00638703974949526 0.220558576944901
0.0424335214064915 0.00242883169485516 -0.126005145566074 0.227320753313612
0.0304922880385946 0.0320697394326021 -0.279366631617683 0.138913644856161
0.0170894212196723 0.0430785725158439 -0.35217791833014 0.000535346002821828
-0.00681999116737838 0.0763220052481798 -0.400471121780588 -0.11728416351745
-0.0655482091388924 0.120433104060468 -0.432290650319836 -0.00652252616748773
-0.0970271535315022 0.127753259001912 -0.235737880681634 0.102347892388078
-0.000559302771630477 0.0683369784518387 0.139941338717891 0.0914715102196709
0.0161437257565943 0.0284774328058105 0.118387723195444 -0.224108026731114
0.0282257680869549 0.0246508272818921 -0.178882400342576 -0.277993977944576
0.0657446194917314 -0.0128697353907732 -0.326269549354249 -0.0212585251484379
0.0531501246396019 -0.0491339963311574 -0.219578180684497 0.162231437927583
0.0295396877491693 -0.0621157189274279 -0.0997058486249723 0.189019678910207
0.0216439358486629 -0.0886883892223408 -0.00965536325658379 0.171430435928027
0.0313858752755045 -0.0994636161556302 0.0471879158738753 0.165904252295638
0.0763479215810692 -0.106191759327428 0.0501896695017921 0.194572200767133
0.144630425038099 -0.0305118906618204 -0.0551603957038593 0.234519827115077
0.127275198953156 0.0959914067737697 -0.23750885508965 0.193063684378635
0.020320639414641 0.182643303000423 -0.341259441425228 0.0608584618575643
-0.113262163262053 0.188612285967389 -0.367882167343796 -0.0775775097743092
-0.222059078861086 0.172417873566364 -0.36292175018941 -0.00611959360961028
-0.217400896716729 0.144476854408168 -0.174427484225699 0.0511191669040315
-0.0798066086893824 0.152083299429975 0.165692824948619 0.0945741274667836
0.019047524133437 0.131702036139901 0.179215691748128 -0.234511134143627
0.099365362505117 0.06561489092435 -0.129657966145833 -0.315071274479116
0.135396168664065 -0.0349989278459365 -0.303712048557734 -0.0676873336936168
0.0891403610501003 -0.10566684270965 -0.215588356445015 0.118717748001671
0.0360539373086361 -0.118063209562576 -0.0985055968634777 0.146015533728778
0.0223052737093918 -0.139676514585141 -0.00548535013320374 0.124350931875797
0.0360152160169386 -0.151985972432014 0.0598015259585207 0.108859905618301
0.0999765792312506 -0.175307583635153 0.100691428069858 0.1370522759533
0.208895758850222 -0.0864503928702983 0.0466942316541068 0.21091781985028
0.216497367687175 0.099039316478876 -0.148816348800764 0.250505252596831
0.0772169190869004 0.272453349504502 -0.304896764028275 0.136637217510262
-0.154369486110548 0.291376466014481 -0.325886461638376 -0.0336453153399804
-0.325711756530604 0.220151878272921 -0.256291401908505 -0.0190087396137196
-0.313713835913633 0.127257281910248 -0.0657859788914385 0.000910660606414614
-0.173468871015721 0.20897824154625 0.209737480539882 0.0954122094199533
-0.00695536164985442 0.235647537102882 0.254580799592451 -0.224424614528302
0.157993113254108 0.125254701594177 -0.0466281559502042 -0.337331136570923
0.200872194737269 -0.0398909009795173 -0.246131991786461 -0.125996641309677
0.122797161763181 -0.147207205969275 -0.193860096686913 0.0518749982559622
0.041089729584424 -0.161040305995083 -0.0930199923354947 0.0823521123347698
0.0196977763733889 -0.16969418705699 -0.00132020099136063 0.0604444643868951
0.0312124416094773 -0.177546667500869 0.068548161723566 0.0369260962268613
0.0980261101526839 -0.215314142842667 0.142586085432373 0.0596153122390025
0.226374682358045 -0.139120906408275 0.145011276319564 0.154159641794718
0.265904879870305 0.0612558296784692 -0.0371605131485053 0.27445913612937
0.139650951322528 0.296764525125613 -0.240590221035315 0.195719111280461
-0.148634037199621 0.349216422865124 -0.275998183982588 -0.0038759033882983
-0.367910492987634 0.241995874079625 -0.132584115291242 -0.0471387909370212
-0.356529924345109 0.0815074525457722 0.0755153804474395 -0.0353644445953256
-0.253415116731549 0.212870098986592 0.263449438830505 0.0929006733772041
-0.0610162869725236 0.298753725193865 0.321195096130941 -0.183153030953843
0.177003139173535 0.184546971664328 0.0605397762812411 -0.319195798554757
0.238289264285165 -0.0238273659664615 -0.148189640128998 -0.177952193777336
0.14396244770659 -0.160928939368338 -0.149307539396065 -0.0307272116781265
0.0425663615658829 -0.180595908132958 -0.0834777929619256 0.00549085857262085
0.0153293231552464 -0.174261612913618 0.00321269161182904 -0.0116398433125492
0.0210889665393121 -0.17402393437276 0.0716041266865701 -0.035820532375941
0.0835096556963965 -0.216753347199397 0.167059506748174 -0.018300202897613
0.208921813204883 -0.158248060838702 0.215077958908562 0.0835365773154711
0.262856837442032 0.0258019587675568 0.06266167890926 0.260859744400278
0.160923373788043 0.27472547287673 -0.167829312624106 0.219520045620333
-0.13383540484838 0.341585995560731 -0.222285351141206 0.00954981312843702
-0.354340685605511 0.22143376474508 -0.0124892975170815 -0.0831250859691096
-0.328749144285524 0.0240849246853073 0.222441553218946 -0.0502945802780822
-0.281526250965862 0.164574365530185 0.318884633482692 0.0899343949521376
-0.110590680390418 0.287888647586182 0.358452790453034 -0.122326089232977
0.148929877026902 0.204241213547401 0.158781793183698 -0.257414988744984
0.225873414652071 -0.00131212583004567 -0.0313140698098655 -0.203955446321336
0.138572698562385 -0.143103573089648 -0.0891754048454583 -0.110800409178748
0.0370658529953144 -0.169369107067574 -0.0697329541194235 -0.0735336123651074
0.00967197065838693 -0.15363076907281 0.0068230179322019 -0.0797201049826601
0.0111480720811956 -0.145680935720795 0.0721319242178465 -0.0999372626270114
0.0637693883992564 -0.184312118046524 0.178412522879623 -0.0813874608055566
0.173376024580099 -0.14281246123594 0.254539080624052 0.0249884161937389
0.22529980333356 0.0129590343779691 0.129822829973613 0.233261868200973
0.132770579110541 0.236105407435326 -0.107075245719413 0.217287935638276
-0.130639907738568 0.282422526330329 -0.169560981075457 0.012150551096383
-0.306266176317418 0.154414937642294 0.0894984695126237 -0.110068845410859
-0.231492082900333 -0.0256246638017897 0.340077585997222 -0.0474070088325498
-0.233229161819839 0.08885666738722 0.360827239366401 0.0887025732206024
-0.114849089758504 0.208959083327434 0.366677973902417 -0.0609319608851133
0.0964322034697578 0.163920506729359 0.225827872227891 -0.182564853960204
0.164130055130167 0.00669763558108225 0.0686992482222412 -0.207204700177351
0.101178071894489 -0.102809388799778 -0.0327651982233619 -0.174162160230102
0.022350623155736 -0.127737529899395 -0.0570589910670794 -0.140414839042501
0.00284217424380471 -0.110293263741945 0.0090659774498933 -0.135438493655104
0.0013557629301754 -0.10162118894517 0.0743524387795816 -0.148328407628851
0.0407555961844122 -0.133709861395138 0.187068618554642 -0.124671697927741
0.128325892980696 -0.107744712063849 0.276074611795354 -0.00916564344061191
0.17289768276216 0.0139415763583579 0.16847116646396 0.212132318800692
0.0837301558718098 0.192224118400343 -0.0643806381146873 0.207787323273497
-0.129984712789108 0.196382296388622 -0.124895323608669 0.0137825340056456
-0.230532733716506 0.0637124002023111 0.165584719840591 -0.117003612533332
-0.0882262581560626 -0.0619413137594902 0.402059113895003 -0.0387865006083722
-0.123752368288854 0.0120585618361522 0.377139563366426 0.0810401428105317
-0.0689925015802004 0.09243008270002 0.359792817040491 -0.0245013896191927
0.0398015034154308 0.075173055180706 0.259354163335216 -0.136745160233079
0.0698338856340597 -0.000891060201153101 0.122778418303838 -0.209325409506801
0.0393646627980545 -0.0473393471201946 -0.00316304675633752 -0.214809834760597
0.00265851852042753 -0.0621462048520377 -0.0513338690010615 -0.182282452519155
-0.00419169117002497 -0.0508341487742512 0.0084679723187482 -0.169162832493231
-0.00940043207768046 -0.0485896737725 0.0775482170537375 -0.176714291862455
0.0131804185345021 -0.0741761516168236 0.195524423516145 -0.146387784011045
0.0746446603526205 -0.0680133393827024 0.288432301612043 -0.0199375175981869
0.115739624642222 0.0125238823704888 0.186932312184491 0.206216367138989
0.0361071355240282 0.13968271526446 -0.0445551457025368 0.204072542475873
-0.115067875549394 0.0989945521440567 -0.0986020830536572 0.0189596428696991
-0.132607047865625 -0.0298317319158268 0.209024296178962 -0.101802411736558
0.0217758825403321 0.0802001926174411 -0.24582880333046 0.143507681467546
0.0522247932247852 -0.0191044089674426 0.136610853015697 0.0901218587096292
-0.00398377995671794 -0.0534336650957691 0.0918044457974273 -0.206459813822364
-0.0356788630708139 0.0034993410201614 -0.192463858003786 -0.251721160303003
0.00117534358419332 0.0172711421122595 -0.326901403293318 0.00256846032191717
0.0206594334208489 0.00973196950060253 -0.215960970383449 0.178813746928939
0.0251561387675965 -0.00320293505035637 -0.100897153810267 0.210821557593646
0.0176842347677964 -0.0252939366858448 -0.0131459862106024 0.197459237390685
0.0158694195527382 -0.0281947722536717 0.0345741905954681 0.198856191916261
0.0240702619683708 -0.0250705098478812 0.00554754434751578 0.221859567689578
0.0430754130566512 0.00212320606655104 -0.128744638139121 0.228227263061896
0.0308931303187256 0.0326685341439345 -0.283054789569871 0.136793454244139
0.0162324597609161 0.0448608368922108 -0.353388683814404 -0.00462856334358372
-0.00872273128405818 0.0768119467294316 -0.40118880565242 -0.1230154085522
-0.0669201178367807 0.119562444298172 -0.431307445037392 -0.0113665665880527
-0.099187174364714 0.126101831231509 -0.233833520631455 0.102369527622734
-0.00265156332844226 0.0684417246101581 0.141340783838185 0.095194316509398
0.0155941996003325 0.0291329256932666 0.123247715622337 -0.2224542510289
0.0283947501034609 0.0255457531719464 -0.175677247041604 -0.280520474195998
0.0647614512941099 -0.0136539905651833 -0.325985753200663 -0.0226796767967452
0.0533004571334095 -0.0498466786649189 -0.219979776752745 0.161639880862383
0.0310913753437063 -0.0630886008814843 -0.100527941835788 0.190005090855627
0.0215738107794301 -0.0905597048403035 -0.00949675381481781 0.173035802185183
0.0302605283113165 -0.100763743691293 0.046801789375131 0.167948775272588
0.0762470549878236 -0.107551646711277 0.0489571045177246 0.195106348563188
0.145232371037722 -0.0311888586086975 -0.0585683608120604 0.234499162290357
0.127100217464011 0.0972461529734838 -0.240802684669847 0.192822695727373
0.0187051460069645 0.185136409013398 -0.342406293892868 0.0565677386393307
-0.116992244941748 0.189744228573754 -0.368097315893534 -0.0821986569289319
-0.224563094181049 0.171193382597572 -0.361488020178297 -0.0102252721661198
-0.219505711494469 0.141310521306274 -0.172349043543563 0.0518668514540715
-0.0824534689218252 0.151524986138797 0.167824805351138 0.0999029764325017
0.0176741847517576 0.133232450213281 0.184283651048133 -0.231882857793519
0.0985657346948715 0.066479965246867 -0.126901782341071 -0.317314814864204
0.135146153303497 -0.0361231282093007 -0.303227901048584 -0.0706401893388917
0.0891421728187815 -0.105835880207794 -0.216429513368 0.117903318046064
0.0373729341598697 -0.118963640190737 -0.0998809664632266 0.146013269501739
0.0228260494235562 -0.141628173990675 -0.00546904894813206 0.126064644397169
0.035979077509874 -0.153830158958698 0.0593624800176322 0.110683504884332
0.0991623035721248 -0.176806560277026 0.10016587188684 0.138054253244862
0.208829469379458 -0.0889747441992676 0.0437652259903734 0.211913118986051
0.216914545125201 0.100716874133534 -0.152236660609396 0.249785982381058
0.0754748308639901 0.275456557425381 -0.306474391085716 0.133612292999789
-0.158400286010646 0.293113779683141 -0.326579315687917 -0.0387231225974656
-0.328582636767961 0.219354608516843 -0.254835410067187 -0.0228240590103538
-0.316344245291629 0.123241527230527 -0.0646585992422097 0.00327150914014779
-0.176119750446935 0.207062961497745 0.210910311765832 0.101841072322233
-0.00937940605489309 0.237667097391568 0.258581421884148 -0.220713137286503
0.157481452623615 0.126621645398892 -0.0418082910588738 -0.338726125325709
0.200660979890814 -0.0407316564623118 -0.244664745959008 -0.12889779157902
0.12299304439515 -0.147539837203877 -0.193479626449148 0.0505894023900955
0.0423058769973906 -0.161832727840157 -0.0944687482082304 0.0818684742186476
0.0213153450604518 -0.172211816566369 -0.00152103406977222 0.0612579966683699
0.0318108006050335 -0.178666107401793 0.0680330778172418 0.0388243811914943
0.0969413425058955 -0.217307700527849 0.142318429682788 0.0606798142636412
0.226367461359171 -0.14108080304907 0.142005398403779 0.155169370661183
0.265343790042656 0.0623956823477011 -0.0402035627077626 0.274829375057535
0.139045043392922 0.300012133128621 -0.241795562033944 0.193281113292627
-0.151684211042938 0.350424195746068 -0.275905568144324 -0.00785087710560286
-0.367914231869692 0.24163111900902 -0.131192993246858 -0.0502061162328879
-0.359242735418695 0.0770893386102984 0.0771743002397425 -0.0317343550240779
-0.256413600791778 0.210537802298813 0.263035509648431 0.099408253401469
-0.0638142938073111 0.300511937697023 0.323337179159888 -0.178436187298675
0.176589540213725 0.185511622007669 0.0660100983489627 -0.319169243370135
0.238048126381004 -0.0245197048057002 -0.145221255234011 -0.180293379403573
0.143589620318881 -0.160644517934419 -0.149058240886338 -0.0318682894041923
0.0436595499690401 -0.181379882498928 -0.0844204868537898 0.004360433452724
0.0170540134211789 -0.176408431117305 0.00242449821431216 -0.0112798221623012
0.0228678451982529 -0.174789762916283 0.0711696811400785 -0.0344141901095064
0.0818719535162772 -0.217686508432712 0.166963003097518 -0.0177504742962847
0.208013136059272 -0.160686489907582 0.212504568077384 0.0847818272035806
0.262771078361339 0.0266780885504624 0.0602752821783622 0.261876896269489
0.160018304605628 0.277389964924633 -0.168970805029662 0.218984534631399
-0.136324505305629 0.343066731350302 -0.221960766755905 0.00474320544661442
-0.355278319121662 0.219635548160361 -0.0112114409070828 -0.0852498990900429
-0.330159803671985 0.0199485653794239 0.224097609469259 -0.0454665690097929
-0.28367835032914 0.160859022995299 0.31721997516685 0.0967167708461438
-0.113118019643151 0.289307827586092 0.359597860920167 -0.116909685533035
0.1480808697032 0.206168886610547 0.164171691479177 -0.256275291565199
0.225543060337174 -0.00138406796352888 -0.0271760862621743 -0.205800464491587
0.138471855560911 -0.142888689229957 -0.0883183961549176 -0.111291831210045
0.0378707285279847 -0.169490370306827 -0.0709495859541553 -0.0746086412751228
0.0109884126001408 -0.155978574324797 0.00568116540045591 -0.0811134389887757
0.0132743267025065 -0.146576126643033 0.0720368152724396 -0.0989361832134761
0.0630331406385033 -0.185207086880695 0.178386419322173 -0.0813887691393234
0.172192547004838 -0.144177718598884 0.252683592230697 0.0257844368973642
0.224046310462599 0.0138181406426326 0.1290495775674 0.234372181457947
0.132893403633353 0.238000472490454 -0.108402972438645 0.217413732306494
-0.131647280927116 0.283151702930144 -0.169308648613338 0.00851404355004725
-0.30539143922221 0.152915065272233 0.090469304920134 -0.111608074016929
-0.232271297516793 -0.0295076991960293 0.341262855857985 -0.0419058872918983
-0.234723608321083 0.0862265104988448 0.357663602229175 0.094129369300901
-0.11674830402319 0.209131417527274 0.366262907102359 -0.0562524477779626
0.0958779930628227 0.164430419399111 0.230755059373608 -0.180131957925033
0.163418734118715 0.00676175797024365 0.0734680014268273 -0.20836676885524
0.10095012323646 -0.101920114513002 -0.0313465454931361 -0.175065057209577
0.0225530601289639 -0.127377098490034 -0.0581840507049571 -0.140899844176125
0.00419482770672192 -0.112017328810386 0.00778777512812778 -0.137383973935479
0.00319109195260156 -0.101587524562466 0.0745446458881615 -0.147896505942708
0.0402975727119364 -0.13349052713112 0.186939352391246 -0.124608514809786
0.12708486056906 -0.108344154326882 0.274213953242464 -0.00843542484653034
0.171894720511984 0.014448336716416 0.166244357156888 0.213944858769075
0.0838898004426837 0.193699213219122 -0.0658809239874836 0.208265540097731
-0.131334986783766 0.196640419705894 -0.124885193402324 0.00976637298192471
-0.23039525899292 0.0624237651665226 0.165155770317008 -0.117341801270793
-0.0882351478229388 -0.0634659693473213 0.403877394766528 -0.0337515372323529
-0.123880393723467 0.0105113509265272 0.375862459722679 0.0861917154913358
-0.069245662723865 0.0915518103848269 0.359186815116285 -0.0198944438197327
0.0392815852506409 0.0750676780834651 0.264776616420984 -0.134461248102147
0.068437224558966 -0.000582507726747772 0.127074964132159 -0.21005454600158
0.0390481263770014 -0.0461785481551693 -0.00202496762830928 -0.215567218348024
0.00180902493887346 -0.0615256520990975 -0.0523844844575467 -0.183059728347414
-0.00351286629993867 -0.0520817374300571 0.00712896913073203 -0.171251555889599
-0.00728582679233607 -0.048192327657892 0.0779116626336646 -0.176863082191026
0.0129244893680017 -0.0738809760473973 0.195875125770861 -0.146319102609683
0.0741910476945816 -0.0676251142741624 0.287150019326838 -0.0196719306449523
0.114821294287749 0.0128297353915881 0.185674998165405 0.208254885725764
0.0355432015694743 0.139841408466356 -0.0467485515607743 0.204229081991736
-0.115241214904403 0.0984436993677628 -0.0989134251700059 0.0153486228604606
-0.131258513593688 -0.0304594498677829 0.207182655902607 -0.10152853974443
