TRXV5
3
4
4
9
string Extension=J
integer IsArchMeasurement=1
integer IsSpherical=1
string Generator=SPM
string GeneratorVersion=1.3.1 Dev
double ArchRadius=0.449999988079071
integer FrequencyAxisIndex=0
integer AzimuthAxisIndex=1
integer ElevationAxisIndex=2
Frequency
5 136 690000000 960000000 LIN
Azimuth
7 8 0 2.74889357189107 LIN
Elevation
7 15 -2.74889357189107 2.74889357189107 LIN
Polar H Real Part
13
Polar H Imaginary Part
14
Polar V Real Part
13
Polar V Imaginary Part
14
Polar H Magnitude (dB)
12 0xC0000002 0 1
Polar H Phase
7 0xC0000003 0 1
Polar V Magnitude (dB)
12 0xC0000002 2 3
Polar V Phase
7 0xC0000003 2 3
0.0604705810546875 0.0236320495605469 0.0628204345703125 0.149658203125
0.0834197998046875 -0.020904541015625 0.0637969970703125 0.0616340637207031
0.0229949951171875 -0.0730819702148438 -0.00916099548339844 -0.0311851501464844
-0.0352706909179688 -0.0566864013671875 -0.0854644775390625 0.000610351562500006
-0.0477943420410156 -0.0232505798339844 -0.0802993774414063 0.0728683471679687
-0.05291748046875 0.00463485717773438 -0.0409774780273438 0.140495300292969
-0.0353775024414063 0.0245895385742187 0.018707275390625 0.167892456054688
-0.0331783294677734 0.0138378143310547 0.0450286865234375 0.161880493164063
-0.0360221862792969 0.00327301025390626 0.027801513671875 0.152175903320313
-0.0293407440185547 -0.00802421569824219 -0.0199813842773437 0.132888793945313
-0.0105142593383789 -0.0159025192260742 -0.042205810546875 0.0865249633789062
0.00291156768798828 -0.0149831771850586 -0.0365104675292969 0.0395660400390625
0.0174226760864258 0.00194931030273438 0.00202178955078125 0.0544509887695313
0.0163135528564453 0.0345039367675781 0.0118865966796875 0.17596435546875
-0.00859451293945313 0.0499000549316406 -0.11956787109375 0.24725341796875
0.0733642578125 -0.0752105712890625 0.06915283203125 0.146621704101563
0.0656356811523438 -0.106147766113281 0.0659599304199219 0.0633201599121094
-0.019500732421875 -0.122955322265625 0.00366115570068359 -0.0154457092285156
-0.0944442749023438 -0.0727767944335937 -0.0621414184570313 0.00914382934570313
-0.100112915039063 -0.00241851806640626 -0.0554237365722656 0.0647354125976563
-0.0858001708984375 0.0625457763671875 -0.0236053466796875 0.125251770019531
-0.0409317016601563 0.0876998901367188 0.030059814453125 0.143707275390625
-0.0371170043945313 0.0700874328613281 0.0541534423828125 0.138343811035156
-0.0441017150878906 0.06890869140625 0.0406265258789062 0.133522033691406
-0.0580291748046875 0.0549736022949219 -0.0033721923828125 0.123291015625
-0.0629806518554688 0.0213737487792969 -0.0220489501953125 0.082733154296875
-0.0659103393554688 -0.00857925415039062 -0.0204200744628906 0.0501708984375
-0.0426406860351562 -0.0472869873046875 0.00844573974609375 0.0803985595703125
-0.0079498291015625 -0.0573196411132813 0.00682067871093751 0.187973022460938
-0.00305175781249999 -0.055877685546875 -0.121917724609375 0.251296997070312
0.0732879638671875 -0.165863037109375 0.0775070190429688 0.116691589355469
0.0354156494140625 -0.179153442382813 0.0642738342285156 0.0508079528808594
-0.0637969970703125 -0.15692138671875 0.0124788284301758 0.000706672668457022
-0.143157958984375 -0.0769805908203125 -0.0320091247558594 0.0193748474121094
-0.138420104980469 0.019561767578125 -0.0216941833496094 0.0497512817382813
-0.106620788574219 0.1112060546875 -0.00130462646484375 0.0933609008789063
-0.0409011840820313 0.137901306152344 0.037200927734375 0.0989837646484375
-0.0364303588867187 0.116035461425781 0.0555496215820313 0.0933837890625
-0.0460968017578125 0.124542236328125 0.046630859375 0.0933837890625
-0.0783615112304688 0.110992431640625 0.0131301879882812 0.0933990478515625
-0.107749938964844 0.0577850341796875 0.00246429443359374 0.0656509399414062
-0.12823486328125 0.000793457031249975 0.00165939331054687 0.0536994934082031
-0.0995941162109375 -0.0905914306640625 0.0171127319335938 0.0989608764648438
-0.0333633422851563 -0.140342712402344 -0.00267028808593751 0.179595947265625
-0.000228881835937485 -0.1533203125 -0.118194580078125 0.222930908203125
0.0586090087890625 -0.23583984375 0.0832366943359375 0.0634384155273437
-0.00671386718750001 -0.23052978515625 0.0535621643066406 0.0243072509765625
-0.108367919921875 -0.168350219726563 0.0159807205200195 0.0146083831787109
-0.177154541015625 -0.0644683837890625 0.000768661499023425 0.0273952484130859
-0.15789794921875 0.04327392578125 0.0145645141601562 0.0287208557128906
-0.111068725585938 0.146102905273438 0.021575927734375 0.0480613708496094
-0.0338592529296875 0.1676025390625 0.039459228515625 0.039398193359375
-0.0312042236328125 0.144790649414062 0.048248291015625 0.0336494445800781
-0.0419464111328125 0.161483764648438 0.0444602966308594 0.0374908447265625
-0.0870819091796875 0.150619506835937 0.0289688110351562 0.04693603515625
-0.135894775390625 0.0857696533203125 0.0289821624755859 0.03460693359375
-0.172195434570313 0.011505126953125 0.0281791687011719 0.0474510192871094
-0.143203735351562 -0.1190185546875 0.0264892578125 0.105148315429687
-0.0545806884765625 -0.20184326171875 -0.0142059326171875 0.14923095703125
0.000778198242187514 -0.226821899414063 -0.107009887695313 0.16461181640625
0.0352935791015625 -0.272659301757813 0.082275390625 -0.00814056396484377
-0.04901123046875 -0.250717163085938 0.0341968536376953 -0.0120811462402344
-0.14141845703125 -0.15606689453125 0.013916015625 0.0226097106933594
-0.1888427734375 -0.0406646728515625 0.0310401916503906 0.0289402008056641
-0.153305053710938 0.06439208984375 0.0463333129882812 0.00114822387695313
-0.0968780517578125 0.160598754882813 0.0388603210449219 -0.00498962402343749
-0.0209808349609375 0.172958374023438 0.0343074798583984 -0.0259456634521484
-0.0205535888671875 0.151016235351562 0.0331249237060547 -0.0313091278076172
-0.0319061279296875 0.172409057617188 0.0364646911621094 -0.0260581970214844
-0.0809326171875 0.163665771484375 0.041107177734375 -0.00982666015624999
-0.140052795410156 0.0983657836914063 0.0530662536621094 -0.00461959838867187
-0.184906005859375 0.0199737548828125 0.0534515380859375 0.0327110290527344
-0.160858154296875 -0.126022338867188 0.0342559814453125 0.0980758666992187
-0.0667724609375 -0.227706909179688 -0.026458740234375 0.101760864257813
-0.00143432617187498 -0.26275634765625 -0.0901260375976563 0.086822509765625
0.01043701171875 -0.267135620117188 0.0764083862304688 -0.087310791015625
-0.0757904052734375 -0.233840942382813 0.00993347167968749 -0.0535888671875
-0.149459838867188 -0.124984741210937 0.00704765319824218 0.0216770172119141
-0.171005249023438 -0.0132598876953125 0.0538787841796875 0.0205879211425781
-0.127204895019531 0.0747528076171875 0.0669288635253906 -0.029327392578125
-0.069549560546875 0.152297973632813 0.0453033447265625 -0.0579185485839844
-0.00506591796875 0.152572631835938 0.02117919921875 -0.0864791870117187
-0.00713348388671876 0.134361267089844 0.0130844116210938 -0.0917434692382812
-0.017669677734375 0.1539306640625 0.0239944458007812 -0.0866851806640625
-0.0603790283203125 0.14776611328125 0.0496139526367187 -0.0653572082519531
-0.117576599121094 0.0932998657226562 0.0713424682617187 -0.04193115234375
-0.162322998046875 0.0255279541015625 0.0721664428710938 0.0151824951171875
-0.148895263671875 -0.108261108398437 0.0378799438476562 0.081207275390625
-0.0682830810546875 -0.21099853515625 -0.0370979309082031 0.0452461242675781
-0.00808715820312499 -0.256576538085938 -0.0695228576660156 0.00273513793945311
-0.00958251953125001 -0.219970703125 0.0708770751953125 -0.159576416015625
-0.07757568359375 -0.182327270507813 -0.00888061523437501 -0.0947494506835938
-0.12579345703125 -0.0833663940429688 -0.00173091888427735 0.00947952270507812
-0.127655029296875 0.00696563720703125 0.0644302368164062 0.00485992431640625
-0.0853652954101563 0.068572998046875 0.0728607177734375 -0.05780029296875
-0.0365829467773438 0.119422912597656 0.04119873046875 -0.101898193359375
0.00988006591796876 0.109786987304688 0.00324249267578126 -0.133499145507813
0.00672912597656249 0.0963211059570312 -0.00868988037109375 -0.138389587402344
-0.000389099121093761 0.110786437988281 0.00995635986328126 -0.132949829101563
-0.027984619140625 0.107398986816406 0.054595947265625 -0.1075439453125
-0.0717086791992187 0.0729904174804688 0.0819320678710938 -0.0685195922851563
-0.109565734863281 0.0304336547851563 0.0820465087890625 0.00152587890625
-0.114814758300781 -0.0664291381835938 0.0340652465820312 0.0591316223144531
-0.0644073486328125 -0.1566162109375 -0.0455398559570313 -0.00829696655273438
-0.0199127197265625 -0.210006713867187 -0.0495452880859375 -0.0727615356445313
-0.0226974487304687 -0.138236999511719 0.06842041015625 -0.21527099609375
-0.05767822265625 -0.105796813964844 -0.0190353393554687 -0.129280090332031
-0.07843017578125 -0.0369644165039063 -0.0106372833251953 -0.0100879669189453
-0.0669708251953125 0.0175590515136719 0.0629196166992188 -0.0145378112792969
-0.0349769592285156 0.0471992492675781 0.0670089721679688 -0.0786056518554688
-0.00304031372070312 0.0668907165527344 0.0278244018554688 -0.131614685058594
0.0204925537109375 0.0514793395996094 -0.01702880859375 -0.160720825195313
0.0191383361816406 0.0432510375976563 -0.0294647216796875 -0.162933349609375
0.0179901123046875 0.0494270324707031 -0.004119873046875 -0.1578369140625
0.0127677917480469 0.05303955078125 0.0531539916992188 -0.130683898925781
-0.0129737854003906 0.0480155944824219 0.0818405151367187 -0.0793991088867188
-0.0424728393554688 0.039093017578125 0.0810317993164063 -0.00556182861328125
-0.0724868774414063 -0.00947570800781251 0.0257759094238281 0.0374221801757813
-0.0620193481445313 -0.0788345336914063 -0.0502395629882813 -0.049041748046875
-0.036956787109375 -0.134681701660156 -0.0350189208984375 -0.1279296875
0.0716094970703125 0.0203704833984375 0.085601806640625 0.144195556640625
0.0910186767578125 -0.033782958984375 0.075958251953125 0.0539932250976563
0.0178451538085938 -0.0841751098632813 -0.0115871429443359 -0.0326938629150391
-0.0450401306152344 -0.059295654296875 -0.0877151489257812 0.00886535644531251
-0.0574302673339844 -0.0204429626464844 -0.07440185546875 0.0819244384765625
-0.0604324340820313 0.013031005859375 -0.0264129638671875 0.147750854492187
-0.0389366149902344 0.0325393676757813 0.038787841796875 0.168121337890625
-0.0374755859375 0.0203895568847656 0.0654144287109375 0.159576416015625
-0.0432624816894531 0.00897979736328124 0.047271728515625 0.15216064453125
-0.0365486145019531 -0.00694656372070312 -0.00488281250000002 0.138717651367188
-0.014404296875 -0.0202121734619141 -0.0334396362304688 0.0949859619140625
0.00379371643066406 -0.0210208892822266 -0.0342178344726562 0.0469436645507813
0.0247764587402344 -0.000484466552734375 0.00341033935546875 0.0558357238769531
0.0279464721679688 0.0387306213378906 0.0286712646484375 0.174636840820313
0.00189590454101563 0.0602798461914062 -0.100189208984375 0.260452270507813
0.072906494140625 -0.0814666748046875 0.09375 0.141555786132812
0.0635528564453125 -0.117431640625 0.0802001953125 0.0562362670898437
-0.0298538208007812 -0.129852294921875 0.0051116943359375 -0.0175991058349609
-0.106658935546875 -0.0688629150390625 -0.0611572265625 0.0152168273925781
-0.107345581054687 0.0066680908203125 -0.047637939453125 0.0707473754882812
-0.0858230590820313 0.0753250122070312 -0.00814819335937499 0.128822326660156
-0.0361785888671875 0.09674072265625 0.04913330078125 0.1409912109375
-0.0345077514648438 0.0781707763671875 0.0739288330078125 0.133056640625
-0.0425491333007812 0.0762481689453125 0.060150146484375 0.130821228027344
-0.0573348999023438 0.06072998046875 0.0138168334960937 0.12762451171875
-0.0634841918945313 0.0242767333984375 -0.011199951171875 0.0898284912109375
-0.0662689208984375 -0.00594711303710938 -0.0157203674316406 0.05780029296875
-0.0420494079589844 -0.0436744689941406 0.0142593383789062 0.0833358764648438
-0.0076751708984375 -0.0522575378417969 0.0243377685546875 0.190231323242188
-0.0048980712890625 -0.0489273071289062 -0.100662231445313 0.2677001953125
0.06134033203125 -0.173263549804688 0.101448059082031 0.113273620605469
0.0229644775390625 -0.186782836914063 0.077880859375 0.0443572998046875
-0.07867431640625 -0.157882690429688 0.0168218612670898 -0.00237178802490235
-0.155929565429688 -0.06683349609375 -0.0280742645263672 0.022369384765625
-0.142227172851563 0.03350830078125 -0.012969970703125 0.0524482727050781
-0.0992584228515625 0.125968933105469 0.0134124755859375 0.092376708984375
-0.0288238525390625 0.1463623046875 0.052459716796875 0.0931243896484375
-0.0267486572265625 0.124122619628906 0.0714950561523438 0.0855026245117188
-0.0361404418945312 0.133544921875 0.0629806518554688 0.0884552001953125
-0.069854736328125 0.121406555175781 0.0293426513671875 0.0951309204101563
-0.104598999023438 0.067474365234375 0.0138435363769531 0.0700798034667969
-0.128730773925781 0.0123748779296875 0.00926971435546874 0.0601615905761719
-0.10565185546875 -0.081207275390625 0.027069091796875 0.103050231933594
-0.0440750122070313 -0.135963439941406 0.0148468017578125 0.184829711914062
-0.0135955810546875 -0.150527954101562 -0.0998077392578125 0.24090576171875
0.0357818603515625 -0.243392944335938 0.102859497070313 0.0606613159179687
-0.0288848876953125 -0.232986450195313 0.0652275085449219 0.0201225280761719
-0.125823974609375 -0.161865234375 0.0225009918212891 0.0116100311279297
-0.187896728515625 -0.048919677734375 0.00737380981445312 0.0275802612304687
-0.156784057617188 0.0606689453125 0.0233573913574219 0.0273342132568359
-0.0968170166015625 0.160858154296875 0.0332832336425781 0.0433731079101563
-0.0160980224609375 0.174606323242187 0.048553466796875 0.0311965942382813
-0.0157318115234375 0.152069091796875 0.057830810546875 0.024810791015625
-0.0250091552734375 0.171112060546875 0.0557327270507813 0.0302925109863281
-0.071807861328125 0.162673950195312 0.0418243408203125 0.045440673828125
-0.129463195800781 0.101249694824219 0.0389823913574219 0.0354423522949219
-0.173416137695313 0.02978515625 0.0368499755859375 0.050994873046875
-0.154281616210937 -0.105392456054688 0.0395965576171875 0.109634399414063
-0.0746917724609375 -0.197296142578125 0.00106811523437498 0.158126831054688
-0.022918701171875 -0.227386474609375 -0.094268798828125 0.182601928710937
0.00439453124999997 -0.280120849609375 0.0943527221679688 -0.010040283203125
-0.0773773193359375 -0.248703002929688 0.0413894653320312 -0.0131797790527344
-0.160064697265625 -0.144210815429687 0.0223178863525391 0.0205631256103516
-0.195968627929687 -0.020538330078125 0.0388870239257812 0.0264205932617188
-0.148208618164063 0.0829620361328125 0.0533218383789062 -0.00362396240234374
-0.0774993896484375 0.174057006835938 0.0455093383789062 -0.0123863220214844
0.000396728515624989 0.177215576171875 0.036285400390625 -0.035247802734375
-0.00250244140625001 0.156829833984375 0.0350723266601563 -0.0397720336914062
-0.011077880859375 0.180023193359375 0.0398788452148437 -0.0338973999023437
-0.062164306640625 0.176055908203125 0.0485725402832031 -0.0144004821777344
-0.131416320800781 0.116462707519531 0.0594329833984375 -0.00860977172851562
-0.185317993164063 0.0420989990234375 0.0617103576660156 0.0321426391601563
-0.175384521484375 -0.109298706054687 0.048919677734375 0.101768493652344
-0.0921478271484375 -0.22357177734375 -0.01544189453125 0.111328125
-0.0316009521484375 -0.26641845703125 -0.085357666015625 0.1026611328125
-0.02294921875 -0.274520874023438 0.0785980224609375 -0.0882797241210938
-0.106918334960938 -0.228485107421875 0.0117683410644531 -0.0520057678222656
-0.167282104492188 -0.109588623046875 0.0158481597900391 0.0206623077392578
-0.176177978515625 0.00816345214843751 0.0612258911132812 0.0155296325683594
-0.118461608886719 0.0923919677734375 0.070343017578125 -0.0373077392578125
-0.04833984375 0.162185668945313 0.0458183288574219 -0.0666694641113281
0.0172576904296875 0.153717041015625 0.0156097412109375 -0.0944137573242187
0.0113449096679688 0.136947631835938 0.00658416748046874 -0.09844970703125
0.00389099121093749 0.159103393554688 0.0195388793945313 -0.0938949584960937
-0.04034423828125 0.158065795898438 0.0501785278320313 -0.072540283203125
-0.106895446777344 0.109649658203125 0.0737380981445313 -0.0490646362304688
-0.160888671875 0.0477142333984375 0.0796279907226562 0.0112380981445313
-0.163177490234375 -0.0907135009765625 0.0507125854492187 0.0823974609375
-0.095733642578125 -0.206924438476563 -0.032745361328125 0.0548629760742187
-0.041107177734375 -0.26129150390625 -0.073455810546875 0.014862060546875
-0.0391387939453125 -0.226913452148437 0.0633087158203125 -0.162155151367188
-0.106063842773438 -0.178390502929687 -0.0140762329101563 -0.0911941528320313
-0.141860961914063 -0.0688323974609375 0.0046710968017578 0.00991630554199218
-0.1307373046875 0.0260772705078125 0.0690689086914062 -0.00235748291015625
-0.0762710571289062 0.0830154418945313 0.0718612670898438 -0.0664443969726563
-0.0170822143554687 0.125686645507812 0.0347518920898438 -0.110298156738281
0.0290069580078125 0.108238220214844 -0.00997161865234373 -0.1390380859375
0.0221176147460938 0.0961456298828125 -0.022735595703125 -0.142547607421875
0.017822265625 0.111198425292969 -0.00163269042968749 -0.138519287109375
-0.00955963134765625 0.1123046875 0.0484771728515625 -0.116363525390625
-0.0607070922851563 0.0845184326171875 0.0801925659179688 -0.0780029296875
-0.10601806640625 0.0482025146484375 0.0865859985351563 -0.00470733642578125
-0.124809265136719 -0.0502471923828125 0.0442428588867187 0.0593223571777344
-0.0879669189453125 -0.151824951171875 -0.0480842590332031 0.00132751464843749
-0.050140380859375 -0.213973999023438 -0.0623779296875 -0.0642852783203125
-0.0432891845703125 -0.1446533203125 0.0530548095703125 -0.220046997070312
-0.0783462524414063 -0.103607177734375 -0.0285797119140625 -0.126045227050781
-0.0900115966796875 -0.0281524658203125 -0.0074300765991211 -0.00934219360351563
-0.0688056945800781 0.0306587219238281 0.0647506713867188 -0.0230331420898438
-0.027740478515625 0.0565910339355469 0.061309814453125 -0.0883407592773438
0.0112419128417969 0.0698051452636719 0.0154495239257813 -0.138351440429688
0.0332374572753906 0.04742431640625 -0.035400390625 -0.162506103515625
0.0291175842285156 0.0405044555664063 -0.0484619140625 -0.163803100585937
0.0299186706542969 0.0461196899414063 -0.0204010009765625 -0.161392211914062
0.0262336730957031 0.0515975952148438 0.04266357421875 -0.138725280761719
-0.00203704833984375 0.0529861450195313 0.0770263671875 -0.089080810546875
-0.0352706909179688 0.0502471923828125 0.0834884643554688 -0.012420654296875
-0.0764846801757813 0.00495910644531251 0.0320930480957031 0.0376930236816406
-0.0795135498046875 -0.0720748901367187 -0.0592460632324219 -0.0398445129394531
-0.0616836547851562 -0.136955261230469 -0.0546112060546875 -0.123603820800781
0.0804977416992188 0.0148086547851563 0.103141784667969 0.128776550292969
0.0932998657226563 -0.0480499267578125 0.084014892578125 0.042083740234375
0.00894165039062499 -0.0920333862304688 -0.0132827758789063 -0.0327014923095703
-0.0553970336914062 -0.0588836669921875 -0.0853118896484375 0.0164031982421875
-0.0644607543945312 -0.0144119262695313 -0.0650863647460938 0.0863418579101562
-0.0637474060058594 0.0230178833007813 -0.011505126953125 0.146331787109375
-0.0395851135253906 0.0412559509277344 0.0551910400390625 0.159408569335938
-0.0390472412109375 0.0282440185546875 0.081878662109375 0.1480712890625
-0.048309326171875 0.0172843933105469 0.0635223388671875 0.143661499023438
-0.0432891845703125 -0.00378417968750001 0.0106124877929688 0.136466979980469
-0.0199356079101562 -0.0240306854248047 -0.0224075317382812 0.0980224609375
0.00255393981933594 -0.0273208618164063 -0.0295944213867187 0.0520248413085938
0.0316448211669922 -0.00546836853027344 0.00470733642578126 0.0558700561523438
0.0413475036621094 0.0391731262207031 0.040313720703125 0.1651611328125
0.0160675048828125 0.065704345703125 -0.07781982421875 0.25933837890625
0.0714340209960938 -0.0835647583007813 0.113739013671875 0.126541137695313
0.0581893920898438 -0.125495910644531 0.0899200439453125 0.0439453125
-0.0405426025390625 -0.131301879882813 0.00553703308105468 -0.0201492309570313
-0.115165710449219 -0.06170654296875 -0.0565338134765625 0.0197181701660156
-0.109565734863281 0.016204833984375 -0.0379180908203125 0.0716781616210938
-0.0810165405273438 0.0850296020507813 0.00650787353515625 0.124061584472656
-0.029388427734375 0.102577209472656 0.0636062622070313 0.129386901855469
-0.0294189453125 0.0834808349609375 0.088775634765625 0.118812561035156
-0.039031982421875 0.082611083984375 0.0759735107421875 0.11871337890625
-0.0552177429199219 0.0646934509277344 0.03021240234375 0.122825622558594
-0.062255859375 0.0254135131835938 0.00124359130859374 0.0916519165039063
-0.0638923645019531 -0.00410461425781251 -0.0084686279296875 0.0626373291015625
-0.0378799438476563 -0.040679931640625 0.01983642578125 0.08392333984375
-0.00351333618164062 -0.04632568359375 0.04022216796875 0.183090209960937
-0.00253677368164062 -0.0397491455078125 -0.076751708984375 0.270172119140625
0.048583984375 -0.171173095703125 0.1204833984375 0.0995635986328125
0.0107574462890625 -0.186126708984375 0.0876541137695313 0.0329208374023437
-0.0899200439453125 -0.152267456054688 0.019805908203125 -0.00659179687500001
-0.160720825195313 -0.0538787841796875 -0.0226230621337891 0.0236587524414063
-0.139358520507813 0.0458908081054688 -0.00434112548828126 0.0496673583984375
-0.0879058837890625 0.133811950683594 0.0256805419921875 0.0847396850585938
-0.015625 0.148239135742188 0.063385009765625 0.0803909301757813
-0.0159683227539063 0.126632690429688 0.082183837890625 0.0709609985351563
-0.0249404907226562 0.136932373046875 0.0755996704101563 0.0757598876953125
-0.0591278076171875 0.125343322753906 0.0444869995117187 0.0896072387695313
-0.0977554321289063 0.0734405517578125 0.0258979797363281 0.0692520141601563
-0.123794555664063 0.0212936401367187 0.0179328918457031 0.0630912780761719
-0.104934692382812 -0.0699005126953125 0.0362625122070312 0.102836608886719
-0.0490264892578125 -0.125282287597656 0.0313720703125 0.18115234375
-0.0228500366210937 -0.13916015625 -0.0770416259765625 0.246551513671875
0.013641357421875 -0.237258911132813 0.11883544921875 0.050567626953125
-0.046539306640625 -0.22357177734375 0.07421875 0.0118331909179687
-0.135406494140625 -0.149154663085937 0.02783203125 0.00632095336914062
-0.188552856445313 -0.03204345703125 0.0137500762939453 0.0255470275878906
-0.148666381835938 0.073333740234375 0.0302753448486328 0.0222759246826172
-0.078704833984375 0.165496826171875 0.04168701171875 0.03387451171875
0.00177001953125001 0.171676635742188 0.0539436340332031 0.0195884704589844
-0.000732421875000009 0.150985717773438 0.0630264282226563 0.0124015808105469
-0.007568359375 0.170074462890625 0.0633583068847656 0.01922607421875
-0.05413818359375 0.16650390625 0.0527763366699219 0.0387496948242188
-0.11712646484375 0.110328674316406 0.0482330322265625 0.0324020385742188
-0.1649169921875 0.0450897216796875 0.04583740234375 0.0512428283691406
-0.15631103515625 -0.087982177734375 0.0517120361328125 0.108375549316406
-0.087738037109375 -0.183578491210938 0.01715087890625 0.15765380859375
-0.0427703857421875 -0.214675903320312 -0.075439453125 0.19158935546875
-0.0242462158203125 -0.271148681640625 0.104934692382813 -0.0155105590820313
-0.0998687744140625 -0.231658935546875 0.0479698181152344 -0.0166244506835938
-0.168777465820312 -0.124740600585938 0.0289192199707031 0.0156650543212891
-0.1927490234375 -0.00024414062500004 0.0452499389648437 0.0208702087402344
-0.134117126464844 0.0954208374023438 0.0576286315917969 -0.0110740661621094
-0.0556182861328125 0.175048828125 0.0489273071289063 -0.02203369140625
0.02032470703125 0.17083740234375 0.0349578857421875 -0.0433692932128906
0.014892578125 0.153396606445313 0.0333290100097656 -0.0483970642089844
0.009307861328125 0.1759033203125 0.0411186218261719 -0.0425949096679687
-0.04046630859375 0.177566528320313 0.05340576171875 -0.0213546752929687
-0.115249633789062 0.126640319824219 0.0649032592773437 -0.0133819580078125
-0.174652099609375 0.06097412109375 0.0691642761230469 0.0296783447265625
-0.178955078125 -0.0885009765625 0.0613479614257812 0.0989151000976563
-0.111053466796875 -0.207473754882813 -0.00215911865234375 0.114906311035156
-0.0593719482421875 -0.253311157226563 -0.0738983154296875 0.1142578125
-0.053436279296875 -0.264877319335938 0.0812759399414062 -0.0882110595703125
-0.130859375 -0.209625244140625 0.0147819519042969 -0.0494194030761719
-0.1749267578125 -0.0875701904296875 0.0224628448486328 0.0170536041259766
-0.169723510742188 0.0290985107421875 0.0660629272460937 0.00860214233398438
-0.103080749511719 0.103103637695313 0.0700149536132813 -0.0441627502441406
-0.0251922607421875 0.160568237304687 0.04339599609375 -0.0739059448242187
0.036102294921875 0.14434814453125 0.00762939453125 -0.0980682373046875
0.0275421142578125 0.130393981933594 -0.0014801025390625 -0.101593017578125
0.024383544921875 0.152603149414063 0.0135879516601563 -0.0984344482421875
-0.0186309814453125 0.15631103515625 0.0482864379882813 -0.0785140991210937
-0.089996337890625 0.1182861328125 0.0739288330078125 -0.0559310913085937
-0.149032592773438 0.0653839111328125 0.084136962890625 0.00597381591796875
-0.166107177734375 -0.0690155029296875 0.06207275390625 0.078460693359375
-0.115432739257812 -0.190521240234375 -0.0251693725585938 0.0622673034667969
-0.0705413818359375 -0.249160766601562 -0.071624755859375 0.0278701782226562
-0.066650390625 -0.220016479492187 0.0567169189453125 -0.157806396484375
-0.128021240234375 -0.161117553710938 -0.0156097412109375 -0.084136962890625
-0.148834228515625 -0.0496368408203125 0.0105838775634766 0.00774192810058593
-0.125106811523438 0.0439453125 0.0708084106445312 -0.00991058349609374
-0.0616455078125 0.0919113159179687 0.0674972534179688 -0.0732192993164063
0.0031890869140625 0.122421264648438 0.0263595581054687 -0.11395263671875
0.0444564819335938 0.0979232788085937 -0.02294921875 -0.137283325195313
0.035430908203125 0.0885391235351563 -0.0358505249023438 -0.139556884765625
0.0337753295898437 0.10345458984375 -0.0132827758789063 -0.1383056640625
0.00856781005859375 0.107917785644531 0.0401458740234375 -0.120834350585938
-0.0461502075195313 0.08966064453125 0.07537841796875 -0.084228515625
-0.0940170288085937 0.0619735717773438 0.088165283203125 -0.0115585327148437
-0.125411987304688 -0.0308609008789063 0.053070068359375 0.0557403564453125
-0.106513977050781 -0.135826110839844 -0.0463142395019531 0.0111656188964844
-0.0790252685546875 -0.202865600585937 -0.0693702697753906 -0.0503387451171875
-0.063629150390625 -0.141647338867187 0.0386199951171875 -0.21435546875
-0.09521484375 -0.0942916870117188 -0.0352554321289063 -0.11651611328125
-0.0964736938476563 -0.0148849487304688 -0.0035238265991211 -0.00981998443603516
-0.0652275085449219 0.0430641174316406 0.0633087158203125 -0.0310935974121094
-0.0173416137695313 0.0624504089355469 0.0524749755859375 -0.0937957763671875
0.0254325866699219 0.0653877258300781 0.00276947021484375 -0.137496948242187
0.0437698364257813 0.0380439758300781 -0.0517120361328125 -0.1561279296875
0.0376472473144531 0.0325698852539063 -0.0647430419921875 -0.155792236328125
0.0395126342773438 0.0374298095703125 -0.0364532470703125 -0.156204223632813
0.037628173828125 0.0441856384277344 0.03021240234375 -0.140762329101563
0.00983810424804687 0.0526351928710938 0.0693817138671875 -0.0943679809570313
-0.0241241455078125 0.0579185485839844 0.08251953125 -0.0194549560546875
-0.0737152099609375 0.0195541381835938 0.0369873046875 0.03546142578125
-0.0919723510742188 -0.0587692260742188 -0.0630531311035156 -0.0275306701660156
-0.0847930908203125 -0.127517700195313 -0.0703506469726563 -0.108802795410156
0.087310791015625 0.0081787109375 0.110931396484375 0.109397888183594
0.0927810668945312 -0.0603713989257813 0.0861892700195313 0.0285797119140625
-0.00012969970703124 -0.0968551635742188 -0.0143394470214844 -0.0328407287597656
-0.0636215209960938 -0.0559768676757813 -0.0811767578125 0.0200042724609375
-0.0691413879394531 -0.00748062133789062 -0.0573043823242188 0.0855941772460937
-0.0644454956054688 0.032623291015625 -0.00207519531250002 0.140251159667969
-0.0379486083984375 0.0488624572753906 0.0636444091796875 0.147003173828125
-0.0394973754882812 0.0352516174316406 0.0888519287109375 0.133506774902344
-0.0505867004394531 0.0257911682128906 0.071380615234375 0.131500244140625
-0.0493125915527344 0.0011749267578125 0.0207672119140625 0.129928588867188
-0.0260887145996094 -0.0259075164794922 -0.0132522583007813 0.0967483520507813
-0.000614166259765625 -0.0333805084228516 -0.0247116088867188 0.0551948547363281
0.0363540649414063 -0.0118522644042969 0.00431442260742188 0.0562019348144531
0.0537109375 0.035888671875 0.0444488525390625 0.153915405273438
0.0299530029296875 0.066253662109375 -0.063995361328125 0.24981689453125
0.0711669921875 -0.0830154418945313 0.1231689453125 0.107437133789063
0.0547103881835938 -0.129768371582031 0.0934219360351563 0.0302352905273437
-0.0476608276367188 -0.130859375 0.00559806823730469 -0.0231876373291016
-0.119110107421875 -0.055450439453125 -0.052032470703125 0.0208168029785156
-0.109275817871094 0.0232925415039063 -0.0300331115722656 0.068817138671875
-0.076568603515625 0.0908660888671875 0.0149383544921875 0.115509033203125
-0.02386474609375 0.10491943359375 0.0700607299804688 0.114974975585938
-0.025970458984375 0.086395263671875 0.0947036743164062 0.102302551269531
-0.0370559692382813 0.0865097045898437 0.0831527709960938 0.104667663574219
-0.0541229248046875 0.0661888122558594 0.0414047241210937 0.113525390625
-0.0620689392089844 0.0243263244628906 0.0114517211914063 0.088470458984375
-0.0607948303222656 -0.00609588623046874 -0.00138473510742188 0.0644454956054688
-0.0314254760742188 -0.0399017333984375 0.0229339599609375 0.082855224609375
0.00428009033203125 -0.0423698425292969 0.0466156005859375 0.172561645507812
0.00391387939453125 -0.0318527221679687 -0.05999755859375 0.261932373046875
0.042510986328125 -0.163787841796875 0.132293701171875 0.0824508666992187
0.00532531738281251 -0.1815185546875 0.0922698974609375 0.0203628540039062
-0.093658447265625 -0.14599609375 0.021240234375 -0.0111293792724609
-0.160018920898438 -0.0446319580078125 -0.0175209045410156 0.0218563079833984
-0.134193420410156 0.0518112182617188 0.00251007080078125 0.0444259643554688
-0.0782394409179688 0.135879516601563 0.0319747924804687 0.074127197265625
-0.00709533691406249 0.1453857421875 0.0670089721679688 0.0664901733398438
-0.00897979736328124 0.125205993652344 0.0854949951171875 0.0562973022460938
-0.0179824829101563 0.135627746582031 0.0813980102539063 0.06158447265625
-0.0516510009765625 0.123970031738281 0.0545272827148438 0.0799026489257813
-0.0906143188476563 0.0733795166015625 0.0356216430664063 0.0658035278320313
-0.115798950195313 0.024078369140625 0.0255470275878906 0.0636253356933594
-0.0979461669921875 -0.0630874633789063 0.0421218872070312 0.100448608398438
-0.0461959838867187 -0.115402221679687 0.0411529541015625 0.173629760742188
-0.023651123046875 -0.125 -0.059600830078125 0.242279052734375
0.00141906738281251 -0.223052978515625 0.13031005859375 0.0381240844726562
-0.0537261962890625 -0.2100830078125 0.0792312622070313 0.00180053710937499
-0.136978149414063 -0.1373291015625 0.0313358306884766 0.000303268432617179
-0.182525634765625 -0.0206146240234375 0.0183238983154297 0.0209598541259766
-0.138336181640625 0.078094482421875 0.0351905822753906 0.0152397155761719
-0.0657958984375 0.162979125976562 0.0452194213867187 0.0232391357421875
0.01239013671875 0.164169311523438 0.0542106628417969 0.00814819335937501
0.0083465576171875 0.145416259765625 0.0631942749023438 0.000637054443359384
0.00349426269531251 0.164016723632813 0.0655937194824219 0.00722885131835939
-0.04156494140625 0.162033081054688 0.0598335266113281 0.029693603515625
-0.106048583984375 0.111198425292969 0.0558128356933594 0.0274429321289063
-0.15283203125 0.0520172119140625 0.0530853271484375 0.0494461059570313
-0.149642944335937 -0.0756072998046875 0.0593719482421875 0.104759216308594
-0.0901947021484375 -0.168487548828125 0.02789306640625 0.153076171875
-0.050567626953125 -0.196807861328125 -0.059783935546875 0.192092895507813
-0.0403594970703125 -0.252761840820313 0.113655090332031 -0.0209808349609375
-0.108352661132812 -0.211212158203125 0.0535049438476563 -0.0210456848144531
-0.166549682617188 -0.10797119140625 0.0332546234130859 0.00906753540039062
-0.182388305664062 0.0120391845703125 0.0490264892578125 0.0149002075195313
-0.1209716796875 0.098297119140625 0.0593795776367187 -0.01763916015625
-0.0399627685546875 0.167465209960938 0.0491676330566406 -0.0308036804199219
0.0314178466796875 0.157867431640625 0.031951904296875 -0.0501174926757812
0.025390625 0.143539428710938 0.0306587219238281 -0.0555572509765625
0.0219268798828125 0.165847778320313 0.0396881103515625 -0.0498428344726562
-0.02447509765625 0.170623779296875 0.0564422607421875 -0.0283966064453125
-0.10052490234375 0.128242492675781 0.0684547424316406 -0.0184669494628906
-0.160171508789063 0.069610595703125 0.0747528076171875 0.025970458984375
-0.17230224609375 -0.0722808837890625 0.0703353881835937 0.09332275390625
-0.11785888671875 -0.188858032226563 0.00842285156249998 0.113929748535156
-0.0736236572265625 -0.232650756835937 -0.0621261596679688 0.119514465332031
-0.0721282958984375 -0.246261596679688 0.08624267578125 -0.0864105224609375
-0.141357421875 -0.186187744140625 0.019989013671875 -0.04766845703125
-0.17236328125 -0.06890869140625 0.0284519195556641 0.0118389129638672
-0.157669067382813 0.0418548583984375 0.0677604675292969 0.00177764892578125
-0.0872726440429688 0.1053466796875 0.0690383911132813 -0.0500755310058594
-0.00970458984375001 0.15087890625 0.0408782958984375 -0.0792312622070312
0.0465850830078125 0.129913330078125 0.00198364257812501 -0.0995864868164062
0.0373382568359375 0.120124816894531 -0.00679779052734374 -0.102523803710937
0.0365676879882813 0.140312194824219 0.00881958007812501 -0.100578308105469
-0.00282287597656249 0.147552490234375 0.0463638305664063 -0.082489013671875
-0.0745697021484375 0.118698120117188 0.073028564453125 -0.060150146484375
-0.133430480957031 0.0746002197265625 0.0867691040039063 0.00127410888671875
-0.159774780273438 -0.0519561767578125 0.0700607299804687 0.0728988647460938
-0.124649047851562 -0.1707763671875 -0.0164222717285156 0.0655860900878906
-0.0884552001953125 -0.2279052734375 -0.0656852722167969 0.0381507873535156
-0.085662841796875 -0.205459594726563 0.0568389892578125 -0.149444580078125
-0.139328002929688 -0.141082763671875 -0.012420654296875 -0.0769119262695313
-0.147933959960938 -0.031829833984375 0.0159378051757812 0.00457572937011719
-0.113624572753906 0.0556793212890625 0.07073974609375 -0.016448974609375
-0.0475845336914062 0.0932159423828125 0.06243896484375 -0.07647705078125
0.0176239013671875 0.11236572265625 0.0203018188476563 -0.114013671875
0.052825927734375 0.0835800170898438 -0.0305252075195313 -0.13238525390625
0.0431060791015625 0.0774307250976563 -0.0429229736328125 -0.133827209472656
0.0434799194335938 0.0911331176757813 -0.0201568603515625 -0.135025024414063
0.0209884643554688 0.097381591796875 0.0348587036132813 -0.121124267578125
-0.0321197509765625 0.087799072265625 0.0709304809570312 -0.0867843627929688
-0.0797653198242188 0.0680999755859375 0.0879592895507813 -0.0159912109375
-0.118888854980469 -0.0156173706054688 0.0590362548828125 0.0510368347167969
-0.115058898925781 -0.117362976074219 -0.0410957336425781 0.018951416015625
-0.09674072265625 -0.183990478515625 -0.07037353515625 -0.0362396240234375
-0.0789871215820313 -0.133590698242188 0.0333251953125 -0.202835083007812
-0.105842590332031 -0.0811767578125 -0.0342254638671875 -0.106529235839844
-0.098358154296875 -0.00219726562499998 0.000349044799804682 -0.0113668441772461
-0.0582656860351562 0.0523567199707031 0.0603446960449219 -0.0366439819335938
-0.00689697265625001 0.0634117126464844 0.0445327758789063 -0.0942459106445313
0.0358505249023438 0.0577354431152344 -0.00568389892578124 -0.133026123046875
0.0490455627441406 0.0268211364746094 -0.060516357421875 -0.145431518554687
0.0415077209472656 0.0232353210449219 -0.072723388671875 -0.144638061523437
0.0446128845214844 0.0265541076660156 -0.04388427734375 -0.147552490234375
0.0454216003417969 0.0341300964355469 0.0218124389648438 -0.137825012207031
0.0197334289550781 0.0484046936035156 0.0626373291015625 -0.0952987670898438
-0.0119514465332031 0.0603294372558594 0.0803070068359375 -0.0229568481445312
-0.0668716430664063 0.0307083129882813 0.039947509765625 0.032623291015625
-0.0983657836914062 -0.0433807373046875 -0.0616111755371094 -0.0166358947753906
-0.0995635986328125 -0.11260986328125 -0.077056884765625 -0.0914688110351563
0.093505859375 0.0029754638671875 0.111991882324219 0.0936660766601563
0.091339111328125 -0.0711746215820313 0.085174560546875 0.018341064453125
-0.0070648193359375 -0.101119995117188 -0.0152740478515625 -0.0335826873779297
-0.0709915161132812 -0.0538177490234375 -0.0783004760742188 0.020965576171875
-0.0733871459960938 -0.00248718261718751 -0.0530624389648437 0.0831298828125
-0.0644798278808594 0.0412483215332031 0.000831604003906256 0.133857727050781
-0.0363121032714844 0.0562515258789063 0.0648727416992188 0.137260437011719
-0.0393753051757813 0.0420379638671875 0.0895919799804687 0.122245788574219
-0.0526046752929687 0.0341224670410156 0.0740127563476563 0.121528625488281
-0.054901123046875 0.00580978393554687 0.0253753662109375 0.12249755859375
-0.0328922271728516 -0.0272789001464844 -0.00788116455078126 0.0946197509765625
-0.00436782836914063 -0.0386428833007813 -0.0212516784667969 0.0570869445800781
0.0411033630371094 -0.018798828125 0.00238037109375 0.0573043823242188
0.0649871826171875 0.03076171875 0.04052734375 0.145980834960938
0.0428314208984375 0.0654335021972656 -0.0623016357421875 0.238311767578125
0.076080322265625 -0.0819320678710938 0.127021789550781 0.0913009643554688
0.0545272827148437 -0.134307861328125 0.0931472778320313 0.01885986328125
-0.0518264770507813 -0.131843566894531 0.00501632690429687 -0.0256328582763672
-0.123207092285156 -0.052764892578125 -0.0484542846679688 0.0199165344238281
-0.110626220703125 0.027252197265625 -0.0263519287109375 0.0635986328125
-0.0753021240234375 0.0956802368164063 0.016876220703125 0.106491088867188
-0.021636962890625 0.107681274414063 0.0699844360351563 0.103981018066406
-0.0248565673828125 0.0894851684570313 0.0942459106445313 0.0902023315429688
-0.0369796752929688 0.0904312133789063 0.0849685668945313 0.0927810668945312
-0.0561904907226563 0.0674705505371094 0.0469284057617188 0.105697631835937
-0.0649299621582031 0.0218544006347656 0.0185317993164063 0.0853347778320313
-0.0603523254394531 -0.0104293823242187 0.00355148315429686 0.0661201477050781
-0.0241012573242188 -0.0426712036132813 0.0231781005859375 0.0835342407226563
0.0151443481445313 -0.0414161682128906 0.0463104248046875 0.16571044921875
0.0146732330322266 -0.0262870788574219 -0.054840087890625 0.252914428710938
0.0442047119140625 -0.155624389648438 0.138381958007813 0.06768798828125
0.00653076171874999 -0.179046630859375 0.093902587890625 0.00910949707031249
-0.0947113037109375 -0.144210815429688 0.0216808319091797 -0.015899658203125
-0.159561157226563 -0.0421600341796875 -0.0139007568359375 0.0190811157226562
-0.131675720214844 0.0537490844726562 0.00561523437499999 0.0379562377929688
-0.0743789672851563 0.135551452636719 0.0334854125976562 0.0643348693847657
-0.00392150878906251 0.143203735351563 0.0662307739257813 0.0553550720214844
-0.00659942626953125 0.124313354492188 0.0834503173828125 0.0436859130859375
-0.0156936645507812 0.134765625 0.0819625854492188 0.049591064453125
-0.050048828125 0.121635437011719 0.0603561401367188 0.0703201293945313
-0.0887985229492188 0.0705032348632813 0.0422744750976562 0.0610504150390625
-0.110916137695313 0.0217742919921875 0.0321083068847656 0.0638885498046875
-0.0888671875 -0.0625076293945313 0.0448379516601562 0.0999679565429688
-0.0378875732421875 -0.109466552734375 0.043792724609375 0.168014526367188
-0.016876220703125 -0.114608764648438 -0.0519866943359375 0.236404418945313
0.00123596191406248 -0.209625244140625 0.13848876953125 0.0264968872070312
-0.0516815185546875 -0.2003173828125 0.0828704833984375 -0.00678253173828126
-0.133216857910156 -0.132011413574219 0.032989501953125 -0.00523948669433595
-0.177200317382813 -0.0174407958984375 0.0215549468994141 0.0159111022949219
-0.132652282714844 0.0774993896484375 0.0378265380859375 0.00819778442382813
-0.0606689453125 0.158004760742188 0.0459785461425781 0.013427734375
0.0153656005859375 0.157028198242188 0.0519866943359375 -0.00132369995117187
0.011688232421875 0.140655517578125 0.0604476928710938 -0.0101470947265625
0.00730895996093752 0.158523559570313 0.0653800964355469 -0.00329589843749999
-0.036224365234375 0.156356811523438 0.0645332336425781 0.0208778381347656
-0.0997314453125 0.108474731445313 0.0621490478515625 0.022125244140625
-0.144607543945313 0.0509796142578125 0.0596275329589844 0.04815673828125
-0.1402587890625 -0.071441650390625 0.0643310546875 0.102134704589844
-0.084991455078125 -0.158920288085937 0.033477783203125 0.149551391601562
-0.048187255859375 -0.182281494140625 -0.0508575439453125 0.190399169921875
-0.0449371337890625 -0.235122680664063 0.12286376953125 -0.026885986328125
-0.107620239257813 -0.196014404296875 0.0591163635253906 -0.0258941650390625
-0.160369873046875 -0.0994415283203125 0.0370559692382812 0.00331497192382812
-0.1724853515625 0.0159759521484375 0.0516128540039062 0.00949478149414063
-0.11224365234375 0.09564208984375 0.0610771179199219 -0.0242118835449219
-0.0333404541015625 0.159133911132813 0.048370361328125 -0.0386428833007812
0.0343170166015625 0.147872924804688 0.0286331176757813 -0.0564498901367187
0.0282974243164063 0.135704040527344 0.0277175903320313 -0.0617599487304687
0.02716064453125 0.156448364257813 0.0377388000488281 -0.05706787109375
-0.0168914794921875 0.162246704101563 0.0586585998535156 -0.0353126525878906
-0.0912628173828125 0.124412536621094 0.0720138549804688 -0.0235443115234375
-0.14910888671875 0.0708160400390625 0.0803909301757812 0.0234527587890625
-0.162734985351563 -0.0647430419921875 0.0762863159179687 0.0897598266601562
-0.115646362304688 -0.17584228515625 0.0151824951171875 0.112640380859375
-0.0751800537109375 -0.215667724609375 -0.0537643432617188 0.121826171875
-0.0801544189453125 -0.229080200195313 0.0952529907226563 -0.0857162475585938
-0.141738891601563 -0.16912841796875 0.0273590087890625 -0.0479087829589844
-0.165435791015625 -0.0577392578125 0.0325775146484375 0.006439208984375
-0.145828247070312 0.0464019775390625 0.0691299438476562 -0.00290679931640625
-0.0767822265625 0.101524353027344 0.0682945251464844 -0.0544967651367187
-0.00164794921874999 0.139373779296875 0.0389556884765625 -0.0841903686523437
0.0489883422851563 0.116806030273438 -0.00133514404296874 -0.101066589355469
0.0405502319335937 0.109565734863281 -0.010345458984375 -0.104393005371094
0.0409088134765625 0.128463745117188 0.00621795654296875 -0.102828979492188
0.00492858886718749 0.136917114257812 0.0464553833007812 -0.08673095703125
-0.0637893676757813 0.113975524902344 0.0746002197265625 -0.0633010864257812
-0.120903015136719 0.0756378173828125 0.090301513671875 -0.00186920166015625
-0.150283813476563 -0.04254150390625 0.0750198364257812 0.0687103271484375
-0.12579345703125 -0.15570068359375 -0.00875091552734376 0.06640625
-0.093902587890625 -0.209808349609375 -0.0584259033203125 0.046112060546875
-0.095550537109375 -0.191452026367188 0.064544677734375 -0.143280029296875
-0.143157958984375 -0.124923706054687 -0.00372314453125001 -0.0729598999023438
-0.143280029296875 -0.02001953125 0.0201244354248047 0.000513076782226561
-0.103195190429688 0.0620040893554688 0.070343017578125 -0.0199737548828125
-0.0367202758789063 0.090362548828125 0.0607528686523437 -0.0779953002929688
0.0250320434570313 0.10125732421875 0.0180511474609375 -0.114219665527344
0.055084228515625 0.0711898803710938 -0.033233642578125 -0.129158020019531
0.0455398559570313 0.0669746398925781 -0.0456924438476563 -0.130142211914063
0.0466690063476563 0.0788726806640625 -0.023773193359375 -0.133201599121094
0.0281219482421875 0.0860137939453125 0.0327606201171875 -0.12188720703125
-0.0216751098632812 0.0825958251953125 0.0695266723632813 -0.0882339477539062
-0.067779541015625 0.0686569213867188 0.088897705078125 -0.0183563232421875
-0.110374450683594 -0.00646972656249998 0.0623817443847656 0.047637939453125
-0.117233276367187 -0.102691650390625 -0.0348892211914063 0.0237255096435547
-0.104904174804688 -0.166763305664062 -0.06719970703125 -0.0243263244628906
-0.0894241333007813 -0.125923156738281 0.0383758544921875 -0.192550659179688
-0.112640380859375 -0.069976806640625 -0.0272598266601563 -0.0997543334960938
-0.0974884033203125 0.00826263427734373 0.00360679626464843 -0.0145769119262695
-0.0509185791015625 0.058990478515625 0.0575027465820313 -0.0394096374511719
0.00147247314453125 0.0632514953613281 0.0402450561523438 -0.0932464599609375
0.0426101684570313 0.0494155883789062 -0.00914764404296875 -0.12908935546875
0.0506477355957031 0.0160942077636719 -0.062652587890625 -0.137298583984375
0.0429267883300781 0.014312744140625 -0.0745315551757812 -0.136428833007813
0.0456809997558594 0.0164985656738281 -0.04632568359375 -0.140701293945313
0.0489311218261719 0.0229263305664063 0.019500732421875 -0.135147094726563
0.0279693603515625 0.0427703857421875 0.0601119995117187 -0.0938186645507813
-0.0011444091796875 0.0595855712890625 0.0796585083007813 -0.024261474609375
-0.0594596862792969 0.0387763977050781 0.0419197082519531 0.0307464599609375
-0.1009521484375 -0.0302886962890625 -0.0575294494628906 -0.00753784179687499
-0.108299255371094 -0.0981903076171875 -0.0768280029296875 -0.0760116577148438
0.100975036621094 -0.0029754638671875 0.110160827636719 0.0813751220703125
0.0908432006835938 -0.08270263671875 0.0826644897460938 0.00955200195312499
-0.0147628784179688 -0.106315612792969 -0.0167999267578125 -0.03619384765625
-0.079498291015625 -0.0519943237304688 -0.078216552734375 0.020263671875
-0.078094482421875 0.00342559814453125 -0.05316162109375 0.0810775756835938
-0.0660476684570313 0.0500068664550781 0.00109100341796874 0.131515502929688
-0.0346221923828125 0.0637931823730469 0.0638351440429687 0.132728576660156
-0.0387535095214844 0.049835205078125 0.0888824462890625 0.117050170898437
-0.053314208984375 0.0435714721679687 0.0744247436523438 0.11541748046875
-0.0598983764648437 0.011871337890625 0.0278778076171875 0.118919372558594
-0.0406913757324219 -0.0285682678222656 -0.00421142578125001 0.0937271118164062
-0.00876998901367188 -0.0444107055664063 -0.0184097290039063 0.059539794921875
0.0451507568359375 -0.0273056030273438 -9.15527343749957E-05 0.0607376098632812
0.076873779296875 0.0241928100585938 0.0352783203125 0.143951416015625
0.0550765991210938 0.0639305114746094 -0.06707763671875 0.233489990234375
0.0835723876953125 -0.0836639404296875 0.128768920898438 0.0774917602539063
0.0566253662109375 -0.142608642578125 0.0916824340820312 0.00895690917968749
-0.0567245483398438 -0.136650085449219 0.00462150573730468 -0.0293178558349609
-0.128944396972656 -0.051513671875 -0.0475349426269531 0.0172233581542969
-0.114181518554688 0.031341552734375 -0.0255889892578125 0.0590858459472656
-0.0755462646484375 0.101722717285156 0.016632080078125 0.10089111328125
-0.0201416015625 0.112640380859375 0.0678253173828125 0.0965805053710938
-0.0243988037109375 0.094573974609375 0.091827392578125 0.0817642211914063
-0.0373458862304687 0.0967483520507813 0.0846481323242188 0.084014892578125
-0.06024169921875 0.0711669921875 0.0501785278320312 0.0986328125
-0.0702476501464844 0.0199851989746094 0.023895263671875 0.0823211669921875
-0.0621452331542969 -0.0161018371582031 0.00891876220703125 0.0675392150878906
-0.0182571411132812 -0.049713134765625 0.0237045288085938 0.0864944458007813
0.0272750854492187 -0.0452537536621094 0.0437469482421875 0.16448974609375
0.0268077850341797 -0.0243072509765625 -0.056488037109375 0.249008178710938
0.0517120361328125 -0.152618408203125 0.1427001953125 0.054290771484375
0.00987243652343749 -0.182815551757813 0.0943374633789063 -0.000823974609375011
-0.0952911376953125 -0.147781372070313 0.0214710235595703 -0.0210781097412109
-0.162261962890625 -0.0419464111328125 -0.012242317199707 0.0143632888793945
-0.134063720703125 0.0548248291015625 0.00736045837402343 0.0315952301025391
-0.0751419067382813 0.1385498046875 0.031951904296875 0.0565223693847656
-0.00369262695312501 0.145004272460938 0.06219482421875 0.0468521118164063
-0.00676727294921876 0.126480102539062 0.080535888671875 0.0340347290039063
-0.015655517578125 0.137420654296875 0.0811386108398438 0.0395126342773438
-0.0512466430664063 0.122169494628906 0.0644378662109375 0.0622787475585938
-0.0919113159179687 0.0683746337890625 0.0491981506347656 0.0567855834960938
-0.110107421875 0.0168533325195312 0.0389022827148438 0.0641288757324219
-0.0819320678710938 -0.0669784545898437 0.0479278564453125 0.102317810058594
-0.02752685546875 -0.110008239746094 0.044403076171875 0.166961669921875
-0.006500244140625 -0.108749389648438 -0.0501556396484375 0.2344970703125
0.00614929199218749 -0.202041625976563 0.1461181640625 0.0146484375
-0.047332763671875 -0.198532104492188 0.0871505737304688 -0.01654052734375
-0.130706787109375 -0.132736206054688 0.0340785980224609 -0.0115947723388672
-0.175949096679688 -0.01763916015625 0.0237827301025391 0.0111618041992187
-0.132545471191406 0.0767745971679687 0.0394668579101562 0.00097274780273438
-0.060821533203125 0.156509399414063 0.0438194274902344 0.00447845458984376
0.0148162841796875 0.154693603515625 0.0486335754394531 -0.00968933105468749
0.0120391845703125 0.139167785644531 0.0567131042480469 -0.0189590454101562
0.00723266601562498 0.156478881835938 0.0643081665039063 -0.0129013061523437
-0.0359649658203125 0.154083251953125 0.0681343078613281 0.0117340087890625
-0.098785400390625 0.105514526367187 0.0679664611816406 0.0171356201171875
-0.140960693359375 0.048004150390625 0.067626953125 0.0473098754882813
-0.133346557617188 -0.0732574462890625 0.0694122314453125 0.102684020996094
-0.0772247314453125 -0.15655517578125 0.0372161865234375 0.149124145507813
-0.041229248046875 -0.173446655273438 -0.046539306640625 0.1907958984375
-0.0433349609375 -0.224258422851563 0.1343994140625 -0.0346603393554688
-0.103073120117188 -0.187759399414063 0.0660591125488281 -0.0331535339355469
-0.1549072265625 -0.0963897705078125 0.0393524169921875 -0.00332641601562501
-0.167251586914063 0.015716552734375 0.0537185668945312 0.00378036499023438
-0.109199523925781 0.091888427734375 0.0627212524414063 -0.0310478210449219
-0.032257080078125 0.153472900390625 0.0473403930664062 -0.0469741821289062
0.033538818359375 0.1412353515625 0.0261306762695313 -0.0634994506835938
0.028411865234375 0.130691528320313 0.0235328674316406 -0.0691566467285156
0.027984619140625 0.151458740234375 0.03594970703125 -0.0654487609863281
-0.0147857666015625 0.156234741210938 0.0610427856445312 -0.0438232421875
-0.087554931640625 0.120903015136719 0.0773773193359375 -0.0288619995117187
-0.143157958984375 0.0687408447265625 0.0869522094726562 0.0206756591796875
-0.155471801757813 -0.0639190673828125 0.08209228515625 0.0880355834960938
-0.110946655273437 -0.170028686523438 0.0210342407226562 0.112319946289063
-0.071441650390625 -0.204025268554688 -0.0469818115234375 0.125541687011719
-0.0822296142578125 -0.2176513671875 0.108016967773438 -0.088958740234375
-0.13946533203125 -0.157241821289063 0.0363883972167969 -0.0518760681152344
-0.159683227539063 -0.0513458251953125 0.0358390808105469 0.000682830810546872
-0.1383056640625 0.0479278564453125 0.0714263916015625 -0.00799560546875
-0.0703887939453125 0.0977935791015625 0.0697479248046875 -0.0590858459472656
0.000312805175781236 0.131103515625 0.037261962890625 -0.089599609375
0.0478744506835938 0.108055114746094 -0.00315856933593749 -0.104774475097656
0.0396347045898437 0.102516174316406 -0.013641357421875 -0.107872009277344
0.0416259765625 0.120063781738281 0.003753662109375 -0.107864379882812
0.0084991455078125 0.127960205078125 0.0476608276367187 -0.0929107666015625
-0.0581588745117187 0.109420776367188 0.0770492553710938 -0.0686416625976563
-0.112167358398437 0.0747604370117188 0.0949249267578125 -0.00485992431640625
-0.14312744140625 -0.0383758544921875 0.0807876586914062 0.0660018920898437
-0.12347412109375 -0.146209716796875 -0.002685546875 0.0678863525390625
-0.09539794921875 -0.196044921875 -0.0524330139160156 0.0522575378417969
-0.10198974609375 -0.1815185546875 0.0764007568359375 -0.1417236328125
-0.145004272460938 -0.112457275390625 0.00534820556640624 -0.0730056762695313
-0.139175415039063 -0.011688232421875 0.0243625640869141 -0.00383567810058594
-0.09454345703125 0.0660781860351562 0.0717239379882813 -0.0244979858398438
-0.028411865234375 0.0874404907226563 0.0606002807617188 -0.0804595947265625
0.0299072265625 0.0919036865234375 0.017120361328125 -0.117095947265625
0.0540084838867188 0.0604705810546875 -0.0345993041992188 -0.1292724609375
0.0450325012207031 0.0590591430664063 -0.0479583740234375 -0.130210876464844
0.0464019775390625 0.0692062377929688 -0.0250167846679687 -0.134292602539063
0.030181884765625 0.0758132934570313 0.0329513549804688 -0.125511169433594
-0.014923095703125 0.0765762329101563 0.071624755859375 -0.0908432006835938
-0.0572662353515625 0.0669288635253906 0.0924835205078125 -0.02081298828125
-0.102607727050781 -0.000701904296875005 0.0664329528808594 0.0445404052734375
-0.117424011230469 -0.0901947021484375 -0.0288867950439453 0.0272045135498047
-0.109405517578125 -0.152114868164063 -0.0615463256835937 -0.0139541625976563
-0.09942626953125 -0.119987487792969 0.0481719970703125 -0.18798828125
-0.118721008300781 -0.0600509643554688 -0.0187759399414063 -0.0983810424804688
-0.0979537963867188 0.0171279907226563 0.00670623779296874 -0.0184612274169922
-0.0445785522460937 0.0649299621582031 0.0564765930175781 -0.0428924560546875
0.00960159301757813 0.0616493225097656 0.03839111328125 -0.0931396484375
0.0471992492675781 0.0412635803222656 -0.0102386474609375 -0.127861022949219
0.050567626953125 0.00634384155273437 -0.0631866455078125 -0.134170532226562
0.042449951171875 0.00667190551757813 -0.0747528076171875 -0.132888793945313
0.0452041625976562 0.00711822509765625 -0.0463638305664062 -0.138603210449219
0.0510406494140625 0.0124282836914063 0.0192947387695313 -0.135002136230469
0.0350074768066406 0.0359878540039063 0.0598907470703125 -0.0941619873046875
0.00796508789062501 0.05804443359375 0.0807571411132813 -0.0248794555664062
-0.0521430969238281 0.0448875427246094 0.0446510314941406 0.0298843383789063
-0.103012084960938 -0.0170211791992187 -0.0520133972167969 -0.00184631347656249
-0.115760803222656 -0.084381103515625 -0.0740509033203125 -0.0629501342773437
0.110237121582031 -0.0120010375976563 0.108139038085937 0.06927490234375
0.0895538330078125 -0.0976409912109375 0.0785369873046875 0.00153350830078124
-0.0249481201171875 -0.11199951171875 -0.0196495056152344 -0.038299560546875
-0.0898895263671875 -0.04852294921875 -0.0798873901367188 0.0207595825195312
-0.0840377807617187 0.0107574462890625 -0.0537643432617188 0.0811233520507813
-0.0658035278320313 0.06146240234375 0.000625610351562484 0.131942749023438
-0.0312271118164062 0.0737533569335938 0.0633392333984375 0.13134765625
-0.0372161865234375 0.0584449768066406 0.0884323120117188 0.113357543945313
-0.0530853271484375 0.0554161071777344 0.0747528076171875 0.111740112304688
-0.0658454895019531 0.0204658508300781 0.030181884765625 0.116409301757813
-0.0502281188964844 -0.0276451110839844 -0.000411987304687504 0.0934219360351563
-0.0162124633789062 -0.0508880615234375 -0.0158920288085937 0.0628623962402344
0.0478401184082031 -0.0387382507324219 -0.00152206420898437 0.0669174194335938
0.08868408203125 0.0138626098632813 0.0308685302734375 0.146820068359375
0.0698394775390625 0.0594406127929688 -0.074493408203125 0.235549926757813
0.0939254760742187 -0.0902786254882813 0.1292724609375 0.0636978149414062
0.05682373046875 -0.155731201171875 0.089691162109375 -0.00105285644531251
-0.064910888671875 -0.143295288085938 0.00236320495605468 -0.0335807800292969
-0.138954162597656 -0.0491256713867188 -0.0484886169433594 0.0150299072265625
-0.120292663574219 0.0371551513671875 -0.026702880859375 0.0561027526855469
-0.0762557983398438 0.111793518066406 0.0150299072265625 0.0981826782226563
-0.0178298950195313 0.120964050292969 0.065185546875 0.0923080444335938
-0.0228195190429688 0.102134704589844 0.0893630981445313 0.0754623413085938
-0.0370559692382813 0.106781005859375 0.08392333984375 0.077362060546875
-0.0646896362304688 0.0777740478515625 0.0535430908203125 0.0927276611328125
-0.07818603515625 0.020111083984375 0.0296401977539063 0.0799789428710938
-0.0676345825195313 -0.0214309692382812 0.0151710510253906 0.0693855285644531
-0.0140571594238281 -0.0597114562988281 0.0257492065429687 0.0917434692382813
0.0388145446777344 -0.0536270141601563 0.0427093505859375 0.167144775390625
0.0413284301757813 -0.0259056091308594 -0.0585784912109375 0.2518310546875
0.0608978271484375 -0.155609130859375 0.147171020507813 0.0389862060546875
0.012054443359375 -0.19244384765625 0.0939788818359375 -0.0122451782226563
-0.0998992919921875 -0.153640747070312 0.0206222534179687 -0.0270366668701172
-0.169723510742188 -0.04144287109375 -0.0117321014404297 0.0104150772094727
-0.13946533203125 0.0587387084960938 0.00704956054687499 0.0253772735595703
-0.0763092041015625 0.145355224609375 0.0295562744140625 0.0504684448242188
-0.0023040771484375 0.150131225585938 0.0583038330078125 0.0396957397460938
-0.00577545166015624 0.131484985351563 0.0764541625976563 0.025726318359375
-0.015167236328125 0.143508911132813 0.079620361328125 0.0302810668945313
-0.0540390014648437 0.126609802246094 0.0680465698242188 0.0531768798828125
-0.0967864990234375 0.0680084228515625 0.0559463500976563 0.0514488220214844
-0.113533020019531 0.0127029418945313 0.0475234985351563 0.0637130737304688
-0.0783767700195313 -0.07470703125 0.0538482666015625 0.106101989746094
-0.017974853515625 -0.116348266601563 0.0470428466796875 0.170120239257813
0.00489044189453126 -0.10821533203125 -0.0478057861328125 0.238296508789063
0.0134124755859375 -0.200653076171875 0.15435791015625 -4.57763671875123E-05
-0.04315185546875 -0.202423095703125 0.08917236328125 -0.0275192260742188
-0.131523132324219 -0.137687683105469 0.034423828125 -0.0184288024902344
-0.1793212890625 -0.0188140869140625 0.0252876281738281 0.00518608093261719
-0.135856628417969 0.0764999389648438 0.0399169921875 -0.00722503662109375
-0.061676025390625 0.15924072265625 0.0413131713867187 -0.00391769409179687
0.01507568359375 0.156463623046875 0.0436859130859375 -0.0180130004882812
0.0119171142578125 0.141387939453125 0.05169677734375 -0.02862548828125
0.00820922851562498 0.159347534179688 0.0607986450195312 -0.0233039855957031
-0.036102294921875 0.15521240234375 0.0710220336914063 0.00119781494140626
-0.101249694824219 0.104988098144531 0.0744552612304688 0.00960540771484376
-0.142333984375 0.0455474853515625 0.0767822265625 0.0445098876953125
-0.129920959472656 -0.0779342651367187 0.0776596069335937 0.10430908203125
-0.0711822509765625 -0.1591796875 0.042755126953125 0.1510009765625
-0.032958984375 -0.170654296875 -0.0408477783203125 0.195388793945313
-0.039642333984375 -0.21966552734375 0.145950317382813 -0.047698974609375
-0.099578857421875 -0.1861572265625 0.0719223022460938 -0.0437469482421875
-0.152801513671875 -0.0976104736328125 0.04071044921875 -0.0109596252441406
-0.166168212890625 0.0153350830078125 0.0566368103027344 -0.002685546875
-0.109397888183594 0.08984375 0.0637550354003906 -0.0396156311035156
-0.0332794189453125 0.151748657226562 0.0445022583007813 -0.0563011169433594
0.0324783325195312 0.138969421386719 0.0202789306640625 -0.0714950561523437
0.0280685424804687 0.129905700683594 0.0178070068359375 -0.0772476196289063
0.02783203125 0.149581909179688 0.0320587158203125 -0.0750503540039062
-0.013946533203125 0.15374755859375 0.0623130798339844 -0.0549964904785156
-0.08685302734375 0.11956787109375 0.082305908203125 -0.0374374389648437
-0.140556335449219 0.0673446655273437 0.095550537109375 0.0161361694335938
-0.151809692382813 -0.0648040771484375 0.0901336669921875 0.0868606567382813
-0.108596801757813 -0.16845703125 0.0283126831054687 0.113784790039063
-0.0685272216796875 -0.198257446289063 -0.03948974609375 0.130653381347656
-0.084503173828125 -0.209121704101563 0.121932983398438 -0.0988693237304688
-0.138580322265625 -0.14886474609375 0.0447196960449219 -0.0593490600585938
-0.156097412109375 -0.0478363037109375 0.0391044616699219 -0.00663375854492188
-0.132682800292969 0.0495834350585937 0.0739212036132813 -0.0147247314453125
-0.06732177734375 0.0942916870117188 0.0709991455078125 -0.0673141479492188
0.000556945800781258 0.124656677246094 0.0354156494140625 -0.0980072021484375
0.0456695556640625 0.101898193359375 -0.00799560546874999 -0.111534118652344
0.0393218994140625 0.0981216430664063 -0.01898193359375 -0.114234924316406
0.0410232543945312 0.11431884765625 -3.81469726562431E-05 -0.115776062011719
0.00921630859375001 0.121688842773438 0.0474853515625 -0.102859497070312
-0.0540924072265625 0.105644226074219 0.0804519653320313 -0.0768890380859375
-0.106819152832031 0.0729827880859375 0.101539611816406 -0.01019287109375
-0.137413024902344 -0.0366134643554688 0.08770751953125 0.0629653930664063
-0.122604370117188 -0.139358520507812 0.00465774536132811 0.06866455078125
-0.0953369140625 -0.186355590820313 -0.0444145202636719 0.0585975646972656
-0.109115600585937 -0.1728515625 0.09063720703125 -0.147781372070313
-0.1478271484375 -0.101409912109375 0.0149307250976562 -0.078369140625
-0.137054443359375 -0.00338745117187499 0.0275058746337891 -0.0106086730957031
-0.0873947143554688 0.0698318481445313 0.0731887817382813 -0.02947998046875
-0.0223007202148438 0.0840988159179688 0.0611495971679688 -0.0863189697265625
0.031768798828125 0.0829925537109375 0.0152969360351562 -0.122917175292969
0.0519981384277344 0.0514450073242188 -0.038238525390625 -0.132728576660156
0.0441513061523437 0.0520248413085938 -0.0523757934570313 -0.13336181640625
0.0447921752929688 0.0609397888183594 -0.0279693603515625 -0.138832092285156
0.0310707092285156 0.06622314453125 0.0322418212890625 -0.132774353027344
-0.00926971435546875 0.0704727172851563 0.0731430053710938 -0.0971908569335938
-0.048492431640625 0.0656318664550781 0.0969161987304688 -0.024871826171875
-0.0951309204101563 0.00418090820312501 0.0713272094726563 0.0422134399414063
-0.117202758789063 -0.079498291015625 -0.0219497680664063 0.0295448303222656
-0.1131591796875 -0.139640808105469 -0.0544166564941406 -0.0048675537109375
-0.111160278320312 -0.113357543945313 0.0596160888671875 -0.191757202148438
-0.125297546386719 -0.0491409301757813 -0.00978851318359377 -0.102287292480469
-0.0975265502929687 0.0269241333007812 0.00919532775878906 -0.0239582061767578
-0.03662109375 0.07110595703125 0.0558586120605469 -0.0460166931152344
0.0180931091308594 0.0601921081542969 0.0367889404296875 -0.0954818725585938
0.0521163940429688 0.0323638916015625 -0.0123062133789063 -0.129302978515625
0.0488433837890625 -0.00417327880859375 -0.0647964477539062 -0.133781433105469
0.0406990051269531 -0.00141525268554688 -0.0773544311523438 -0.132316589355469
0.0428504943847656 -0.00217437744140625 -0.0474472045898437 -0.139625549316406
0.0512161254882813 0.00138473510742188 0.018890380859375 -0.138786315917969
0.0410194396972656 0.0277633666992188 0.06201171875 -0.0976638793945312
0.0183601379394531 0.0548629760742188 0.0837783813476562 -0.0277099609375
-0.0436630249023437 0.05181884765625 0.0482368469238281 0.0286064147949219
-0.102790832519531 -0.00366210937499999 -0.0469627380371094 0.00339126586914063
-0.122047424316406 -0.0709381103515625 -0.0695381164550781 -0.0517501831054688
0.117790222167969 -0.026641845703125 0.104339599609375 0.0573272705078125
0.0826644897460938 -0.115409851074219 0.0727996826171875 -0.00701141357421876
-0.039215087890625 -0.116157531738281 -0.0240402221679688 -0.0395660400390625
-0.10101318359375 -0.040374755859375 -0.082366943359375 0.0234832763671875
-0.0887832641601563 0.0214080810546875 -0.0542831420898437 0.0840225219726563
-0.0616683959960937 0.0745620727539063 0.00341033935546875 0.135093688964844
-0.0240707397460938 0.0837554931640625 0.065887451171875 0.131393432617188
-0.032470703125 0.0688934326171875 0.0907669067382813 0.110481262207031
-0.0494041442871094 0.0683708190917969 0.076507568359375 0.108070373535156
-0.0700950622558594 0.0325469970703125 0.0328903198242187 0.114418029785156
-0.0607833862304687 -0.0224723815917969 0.00484466552734375 0.0938949584960938
-0.0257492065429687 -0.05523681640625 -0.0106239318847656 0.0653457641601563
0.0473060607910156 -0.0520782470703125 0.00080871582031251 0.0739822387695313
0.098541259765625 -0.00168609619140625 0.0290069580078125 0.152877807617188
0.084564208984375 0.0505905151367188 -0.0783843994140625 0.243484497070313
0.101898193359375 -0.103157043457031 0.127487182617188 0.0480804443359375
0.05078125 -0.17156982421875 0.08453369140625 -0.0120162963867188
-0.0777740478515625 -0.148101806640625 -0.00183868408203125 -0.0375595092773438
-0.150100708007813 -0.042572021484375 -0.050750732421875 0.0147438049316406
-0.125282287597656 0.0470962524414063 -0.0272941589355469 0.0536422729492188
-0.0721969604492188 0.124885559082031 0.0145797729492187 0.0968780517578125
-0.0114212036132813 0.129959106445312 0.0634307861328125 0.0896682739257813
-0.0182952880859375 0.111480712890625 0.0874557495117188 0.0694961547851563
-0.0333251953125 0.118637084960937 0.082977294921875 0.070068359375
-0.06744384765625 0.0886001586914063 0.056488037109375 0.0861663818359375
-0.0878677368164063 0.0242538452148437 0.0360260009765625 0.0760879516601563
-0.0765380859375 -0.0248184204101562 0.023590087890625 0.069549560546875
-0.0138778686523438 -0.071990966796875 0.0318222045898438 0.0966033935546875
0.0478935241699219 -0.06732177734375 0.0457611083984375 0.17236328125
0.0547676086425781 -0.03265380859375 -0.056640625 0.258468627929688
0.0681304931640625 -0.164382934570313 0.14935302734375 0.0203094482421875
0.00843811035156248 -0.205429077148438 0.0906753540039063 -0.0255889892578125
-0.110214233398438 -0.159622192382812 0.0171566009521484 -0.0330142974853516
-0.179519653320313 -0.0366363525390625 -0.0131149291992188 0.00622177124023437
-0.144729614257813 0.066741943359375 0.0057086944580078 0.0199565887451172
-0.0738525390625 0.1563720703125 0.0270805358886719 0.0457839965820313
0.00303649902343749 0.157180786132813 0.053497314453125 0.0339775085449219
-0.00177764892578126 0.138618469238281 0.07122802734375 0.017059326171875
-0.0113983154296875 0.152999877929688 0.075592041015625 0.02069091796875
-0.0546798706054687 0.134559631347656 0.0695037841796875 0.0426177978515625
-0.103851318359375 0.07232666015625 0.062652587890625 0.0435218811035156
-0.120407104492188 0.011505126953125 0.0572166442871094 0.0609855651855469
-0.079071044921875 -0.0842132568359375 0.0633163452148438 0.109268188476562
-0.0115814208984375 -0.1263427734375 0.0543670654296875 0.17401123046875
0.0153350830078125 -0.1134033203125 -0.04229736328125 0.245452880859375
0.01788330078125 -0.204452514648437 0.159896850585938 -0.020477294921875
-0.0447540283203125 -0.209442138671875 0.0889358520507812 -0.0422821044921875
-0.13623046875 -0.141952514648438 0.0324630737304687 -0.0274009704589844
-0.186416625976563 -0.016845703125 0.0254020690917969 -0.00189208984375
-0.140266418457031 0.08184814453125 0.0379676818847656 -0.0159149169921875
-0.059844970703125 0.16656494140625 0.0366935729980469 -0.0121269226074219
0.0182952880859375 0.1600341796875 0.0363006591796875 -0.0253028869628906
0.0150909423828125 0.14495849609375 0.0435333251953125 -0.0371665954589844
0.01171875 0.163330078125 0.0552253723144531 -0.0342559814453125
-0.0351715087890625 0.159332275390625 0.0707015991210937 -0.0118408203125
-0.103424072265625 0.107452392578125 0.08026123046875 -0.00122833251953124
-0.144729614257812 0.046234130859375 0.0867156982421875 0.0384521484375
-0.130714416503906 -0.0836029052734375 0.0889205932617188 0.102653503417969
-0.068603515625 -0.165451049804688 0.05291748046875 0.153076171875
-0.02685546875 -0.171096801757812 -0.031463623046875 0.200653076171875
-0.0392303466796875 -0.2166748046875 0.154037475585938 -0.0670928955078125
-0.09906005859375 -0.185684204101563 0.0741958618164063 -0.0577392578125
-0.154296875 -0.0982513427734375 0.0410079956054687 -0.0196266174316406
-0.166946411132813 0.0159759521484375 0.0583038330078125 -0.0112457275390625
-0.111061096191406 0.0907974243164062 0.0619964599609375 -0.0501670837402344
-0.032745361328125 0.152297973632813 0.0385093688964844 -0.0660476684570312
0.0324249267578125 0.138420104980469 0.0121994018554688 -0.0799713134765625
0.0291976928710937 0.129646301269531 0.0081329345703125 -0.0849838256835938
0.03009033203125 0.149337768554688 0.0245895385742188 -0.0840072631835937
-0.0122528076171875 0.153457641601563 0.0601272583007812 -0.0685806274414062
-0.085479736328125 0.119392395019531 0.0853347778320313 -0.0499114990234375
-0.139228820800781 0.0677108764648438 0.10418701171875 0.00771331787109375
-0.1519775390625 -0.066192626953125 0.100906372070313 0.0826339721679688
-0.107131958007813 -0.1690673828125 0.0387420654296875 0.113304138183594
-0.066864013671875 -0.193862915039063 -0.0293045043945313 0.136802673339844
-0.08795166015625 -0.20111083984375 0.133293151855469 -0.116386413574219
-0.139083862304688 -0.1424560546875 0.0502777099609375 -0.0717086791992188
-0.153244018554688 -0.043121337890625 0.0400772094726562 -0.0153350830078125
-0.127716064453125 0.0506057739257813 0.075408935546875 -0.0234603881835937
-0.0642623901367188 0.0919876098632813 0.0695419311523438 -0.0768585205078125
0.00168609619140626 0.120147705078125 0.029388427734375 -0.107887268066406
0.044219970703125 0.0968017578125 -0.01580810546875 -0.118064880371094
0.0386276245117188 0.0945053100585938 -0.028350830078125 -0.119544982910156
0.0411376953125 0.109794616699219 -0.00752258300781251 -0.122528076171875
0.0100631713867187 0.115806579589844 0.0433120727539063 -0.114974975585938
-0.0503616333007812 0.102066040039063 0.0821533203125 -0.0880050659179688
-0.101219177246094 0.0723037719726563 0.107894897460938 -0.0200271606445312
-0.133369445800781 -0.0345382690429688 0.0960235595703125 0.0569381713867187
-0.122726440429688 -0.13323974609375 0.0141830444335937 0.0682029724121094
-0.0960235595703125 -0.176849365234375 -0.0337409973144531 0.0641059875488281
-0.117691040039063 -0.162643432617188 0.101882934570312 -0.1610107421875
-0.149917602539062 -0.0885009765625 0.0218887329101563 -0.0880126953125
-0.13385009765625 0.00585174560546877 0.0300121307373047 -0.0189094543457031
-0.0777359008789063 0.072052001953125 0.0735015869140625 -0.0368576049804687
-0.0158462524414062 0.0798721313476562 0.059295654296875 -0.0940933227539063
0.0338821411132813 0.0748748779296875 0.00999450683593749 -0.129814147949219
0.0482673645019531 0.0429000854492188 -0.045196533203125 -0.136428833007813
0.0410728454589844 0.0454940795898438 -0.060089111328125 -0.136466979980469
0.0422286987304688 0.0538597106933594 -0.034881591796875 -0.143310546875
0.0300865173339844 0.0567741394042969 0.02783203125 -0.141693115234375
-0.00513076782226563 0.0628700256347656 0.0726470947265625 -0.106239318847656
-0.0400962829589844 0.0613746643066406 0.101066589355469 -0.0322723388671875
-0.0874481201171875 0.00888824462890624 0.077850341796875 0.037506103515625
-0.116561889648437 -0.06768798828125 -0.0141391754150391 0.0308380126953125
-0.116256713867187 -0.125625610351562 -0.0449981689453125 0.00281143188476561
-0.122222900390625 -0.102188110351562 0.0685882568359375 -0.201934814453125
-0.130409240722656 -0.0341796875 -0.00339508056640625 -0.109580993652344
-0.0950546264648438 0.0387954711914063 0.00919151306152343 -0.0310268402099609
-0.0263671875 0.0765304565429688 0.0544471740722656 -0.0517005920410156
0.0274391174316406 0.0562629699707031 0.0338134765625 -0.0995407104492188
0.0545272827148438 0.021484375 -0.0160293579101563 -0.132728576660156
0.0440292358398438 -0.0145149230957031 -0.069091796875 -0.133842468261719
0.0366630554199219 -0.00921630859375 -0.0819549560546875 -0.132026672363281
0.0370445251464844 -0.0124778747558594 -0.0525360107421875 -0.141860961914063
0.0491447448730469 -0.0107345581054687 0.0158843994140625 -0.1439208984375
0.0454902648925781 0.0163612365722656 0.0618362426757812 -0.102951049804688
0.0292472839355469 0.0487136840820313 0.0866241455078125 -0.0319900512695312
-0.0334129333496094 0.0562515258789063 0.0534706115722656 0.0264167785644531
-0.0993576049804688 0.01220703125 -0.040008544921875 0.00711441040039062
-0.127059936523438 -0.0534515380859375 -0.0618019104003906 -0.0401763916015625
0.119537353515625 -0.0437774658203125 0.0952377319335938 0.0434951782226563
0.0682525634765625 -0.13018798828125 0.0628395080566406 -0.0139312744140625
-0.0552597045898438 -0.1148681640625 -0.028961181640625 -0.0391273498535156
-0.110275268554687 -0.0283203125 -0.0831527709960938 0.02947998046875
-0.0888824462890625 0.0337371826171875 -0.0539321899414063 0.085418701171875
-0.0533676147460937 0.0871124267578125 0.00600433349609375 0.136421203613281
-0.0125732421875 0.0908584594726563 0.0687408447265625 0.128669738769531
-0.0229415893554688 0.0764923095703125 0.091888427734375 0.105636596679688
-0.0389022827148437 0.0797576904296875 0.0775070190429688 0.104141235351563
-0.0690650939941406 0.044830322265625 0.03631591796875 0.111381530761719
-0.0695686340332031 -0.0136909484863281 0.00919342041015624 0.0907516479492188
-0.0382499694824219 -0.0538978576660156 -0.00510025024414062 0.0659942626953125
0.0406608581542969 -0.0654640197753906 0.003204345703125 0.0790634155273438
0.101966857910156 -0.0218658447265625 0.0326995849609375 0.157135009765625
0.0955047607421875 0.03564453125 -0.075592041015625 0.251922607421875
0.102760314941406 -0.117713928222656 0.12115478515625 0.0313186645507812
0.0373992919921875 -0.185623168945313 0.0753936767578125 -0.02093505859375
-0.0936737060546875 -0.147018432617188 -0.00772476196289063 -0.04010009765625
-0.159957885742188 -0.0300445556640625 -0.0525054931640625 0.0141525268554688
-0.126411437988281 0.0595932006835937 -0.0287895202636719 0.051483154296875
-0.0630111694335938 0.137245178222656 0.01513671875 0.094818115234375
-8.39233398437399E-05 0.13677978515625 0.0609359741210938 0.085174560546875
-0.00838470458984375 0.117683410644531 0.0836334228515625 0.0627822875976563
-0.0237503051757812 0.127433776855469 0.0798492431640625 0.0628890991210938
-0.064361572265625 0.0995254516601563 0.0577011108398437 0.0770187377929688
-0.0935592651367188 0.03143310546875 0.0417137145996094 0.0680084228515625
-0.0853729248046875 -0.023834228515625 0.0311279296875 0.0657196044921875
-0.0200576782226562 -0.0828628540039063 0.0396194458007813 0.0981903076171875
0.0508270263671875 -0.0835189819335938 0.051849365234375 0.174301147460938
0.0662689208984375 -0.0441703796386719 -0.0501708984375 0.263717651367188
0.069488525390625 -0.17596435546875 0.143402099609375 1.52587890624892E-05
-0.000671386718750018 -0.21600341796875 0.0818252563476562 -0.0391769409179688
-0.121612548828125 -0.159103393554688 0.01190185546875 -0.0383186340332031
-0.187225341796875 -0.0276031494140625 -0.0174827575683594 0.00205898284912109
-0.145782470703125 0.077392578125 0.00107288360595702 0.0141658782958984
-0.0655517578125 0.167465209960938 0.0221748352050781 0.0401649475097656
0.012481689453125 0.161590576171875 0.0465927124023438 0.029296875
0.0065155029296875 0.142303466796875 0.0623397827148438 0.0110130310058594
-0.00323486328124999 0.159149169921875 0.06842041015625 0.0114212036132813
-0.0511322021484375 0.141677856445313 0.0677757263183594 0.0313644409179688
-0.106582641601563 0.0786285400390625 0.0661888122558594 0.033355712890625
-0.1251220703125 0.0130615234375 0.0657882690429687 0.053192138671875
-0.0823211669921875 -0.0917892456054687 0.0732421875 0.107315063476563
-0.0101699829101562 -0.138923645019531 0.064422607421875 0.173187255859375
0.0239181518554688 -0.119186401367188 -0.0305328369140625 0.2469482421875
0.0196533203125 -0.207992553710938 0.156814575195312 -0.04437255859375
-0.0493927001953125 -0.213455200195313 0.08209228515625 -0.0554351806640625
-0.144439697265625 -0.142074584960937 0.0275917053222656 -0.0353584289550781
-0.189620971679688 -0.010406494140625 0.0223045349121094 -0.00902366638183594
-0.1424560546875 0.0886383056640625 0.0323486328125 -0.0256214141845703
-0.0543975830078125 0.173187255859375 0.0292091369628906 -0.0195713043212891
0.02362060546875 0.16217041015625 0.023468017578125 -0.0303058624267578
0.0206146240234375 0.147003173828125 0.0309371948242188 -0.0430641174316406
0.0183868408203125 0.16595458984375 0.0446052551269531 -0.0428276062011719
-0.03076171875 0.162918090820313 0.0656700134277344 -0.0247421264648437
-0.103912353515625 0.112205505371094 0.0797500610351563 -0.0148162841796875
-0.147079467773438 0.0487518310546875 0.0942611694335938 0.0268783569335938
-0.132392883300781 -0.0862884521484375 0.100982666015625 0.096160888671875
-0.069244384765625 -0.170272827148437 0.06268310546875 0.149856567382812
-0.02130126953125 -0.173751831054688 -0.01727294921875 0.202392578125
-0.0402069091796875 -0.211624145507813 0.152847290039063 -0.090789794921875
-0.100982666015625 -0.18438720703125 0.0697250366210937 -0.0726547241210938
-0.15570068359375 -0.0960540771484375 0.0378303527832031 -0.0297508239746094
-0.167724609375 0.0194244384765625 0.0553398132324219 -0.0205764770507812
-0.108963012695313 0.093963623046875 0.0563583374023437 -0.0626716613769531
-0.0313262939453125 0.15325927734375 0.0282440185546875 -0.0728225708007812
0.0349502563476563 0.137222290039063 -0.000602722167968748 -0.0851593017578125
0.0315017700195313 0.129196166992188 -0.0046539306640625 -0.0887603759765625
0.03302001953125 0.1480712890625 0.0142745971679688 -0.0925674438476562
-0.008819580078125 0.152816772460938 0.0519256591796875 -0.079833984375
-0.0838699340820313 0.119514465332031 0.0843048095703125 -0.0636062622070312
-0.135421752929688 0.0674972534179687 0.109580993652344 -0.00479888916015625
-0.150314331054688 -0.0655059814453125 0.109451293945312 0.0732803344726563
-0.108612060546875 -0.165664672851563 0.0484466552734375 0.108566284179688
-0.0638427734375 -0.188232421875 -0.0144729614257812 0.136741638183594
-0.089813232421875 -0.191482543945312 0.133880615234375 -0.136589050292969
-0.137947082519531 -0.130210876464844 0.0501861572265625 -0.0857696533203125
-0.146743774414063 -0.0374603271484375 0.0398826599121094 -0.0249710083007812
-0.120193481445313 0.0508575439453125 0.07281494140625 -0.0339508056640625
-0.0631484985351563 0.0898818969726562 0.0632705688476563 -0.0883941650390625
0.00161743164062499 0.115158081054687 0.019073486328125 -0.113670349121094
0.0404434204101562 0.0931472778320312 -0.0281524658203125 -0.12115478515625
0.0379104614257813 0.0908279418945313 -0.0404510498046875 -0.121162414550781
0.0388336181640625 0.10479736328125 -0.0192642211914063 -0.129730224609375
0.0118255615234375 0.110809326171875 0.0344924926757812 -0.124244689941406
-0.047515869140625 0.0974044799804688 0.0764007568359375 -0.0995407104492188
-0.095672607421875 0.0715179443359375 0.110595703125 -0.032470703125
-0.127418518066406 -0.0328292846679688 0.103775024414062 0.0464553833007813
-0.119415283203125 -0.125648498535156 0.0226287841796875 0.0631294250488281
-0.0946807861328125 -0.164810180664062 -0.0196113586425781 0.0652084350585937
-0.12371826171875 -0.146774291992188 0.106399536132813 -0.177291870117188
-0.14874267578125 -0.073272705078125 0.025146484375 -0.0989913940429688
-0.125923156738281 0.0133743286132813 0.029541015625 -0.0279655456542969
-0.0666656494140625 0.070831298828125 0.0700607299804688 -0.0446395874023437
-0.00966644287109375 0.0727462768554688 0.0544052124023438 -0.100044250488281
0.0307502746582031 0.0646476745605469 0.00104522705078126 -0.134048461914063
0.0416183471679688 0.0361175537109375 -0.0539627075195312 -0.136253356933594
0.0365333557128906 0.0401420593261719 -0.0686492919921875 -0.13494873046875
0.0363426208496094 0.0468330383300781 -0.045440673828125 -0.145370483398438
0.0259971618652344 0.0484428405761719 0.01922607421875 -0.149002075195312
-0.00284957885742187 0.0527153015136719 0.0663528442382813 -0.114791870117188
-0.0307846069335937 0.0552024841308594 0.100921630859375 -0.0427703857421875
-0.07733154296875 0.0116806030273437 0.0836410522460938 0.0288543701171875
-0.110557556152344 -0.05615234375 -0.00615692138671876 0.0289840698242187
-0.114875793457031 -0.11004638671875 -0.0317478179931641 0.00552177429199219
-0.131729125976563 -0.0842971801757812 0.0705108642578125 -0.212844848632813
-0.1300048828125 -0.0163726806640625 -0.00173950195312501 -0.118194580078125
-0.085113525390625 0.0498123168945312 0.00607681274414062 -0.0363197326660156
-0.0120697021484375 0.0775299072265625 0.0503883361816406 -0.05633544921875
0.0357246398925781 0.0495376586914063 0.0283126831054687 -0.102767944335938
0.0536308288574219 0.00997543334960937 -0.0235519409179688 -0.132606506347656
0.0350933074951172 -0.0218677520751953 -0.074920654296875 -0.130592346191406
0.0291366577148438 -0.0160007476806641 -0.0883941650390625 -0.127944946289063
0.029327392578125 -0.0186977386474609 -0.0567626953125 -0.141403198242188
0.0412406921386719 -0.0221786499023438 0.009246826171875 -0.149017333984375
0.0459976196289063 0.00424957275390625 0.0582275390625 -0.107933044433594
0.037353515625 0.0374794006347656 0.0874862670898438 -0.038848876953125
-0.0196189880371094 0.0587120056152344 0.0560264587402344 0.0209388732910156
-0.0909271240234375 0.027374267578125 -0.0318527221679688 0.00796508789062501
-0.124641418457031 -0.0347824096679687 -0.0504226684570313 -0.0324821472167969
0.114326477050781 -0.0590438842773437 0.0820388793945313 0.0359039306640625
0.05133056640625 -0.137161254882813 0.0527229309082031 -0.0162620544433594
-0.0681686401367188 -0.106697082519531 -0.0342330932617188 -0.0365982055664063
-0.111892700195312 -0.0157470703125 -0.0825347900390625 0.03125
-0.0844497680664063 0.0459213256835938 -0.0512466430664062 0.0865631103515625
-0.0397109985351562 0.0928573608398438 0.0104904174804688 0.13494873046875
-0.00125885009765624 0.0917892456054688 0.0691452026367188 0.126358032226563
-0.012664794921875 0.0790023803710938 0.0903778076171875 0.100738525390625
-0.0283050537109375 0.085784912109375 0.0756683349609375 0.097869873046875
-0.0631332397460937 0.0566444396972656 0.036773681640625 0.105026245117188
-0.074432373046875 -0.00371551513671877 0.0136184692382812 0.0858535766601563
-0.047515869140625 -0.0508155822753906 0.00107192993164063 0.0643959045410156
0.0306243896484375 -0.074188232421875 0.009735107421875 0.0821533203125
0.0986709594726563 -0.0385894775390625 0.0337982177734375 0.159912109375
0.101020812988281 0.0195770263671875 -0.0726318359375 0.254058837890625
0.100051879882812 -0.130722045898437 0.105819702148438 0.0181198120117187
0.0224609375 -0.191619873046875 0.06317138671875 -0.0264778137207031
-0.104949951171875 -0.140716552734375 -0.0130844116210938 -0.0396003723144531
-0.161529541015625 -0.0174560546875 -0.0534515380859375 0.015380859375
-0.121559143066406 0.0706710815429688 -0.0312385559082031 0.0501976013183594
-0.0504150390625 0.142868041992188 0.0139312744140625 0.0933303833007813
0.010467529296875 0.137535095214844 0.05657958984375 0.0831146240234375
0.000404357910156241 0.1207275390625 0.0771636962890625 0.059478759765625
-0.0125579833984375 0.132476806640625 0.0736846923828125 0.0573806762695313
-0.0594711303710938 0.107330322265625 0.0534515380859375 0.0692253112792969
-0.0979385375976563 0.0405197143554687 0.0425567626953125 0.0591697692871094
-0.0927886962890625 -0.0217514038085937 0.0368003845214844 0.0592765808105469
-0.0259628295898438 -0.0917816162109375 0.0463790893554688 0.0974044799804688
0.0492095947265625 -0.09906005859375 0.0570068359375 0.172836303710938
0.0719451904296875 -0.057159423828125 -0.0444183349609375 0.262344360351563
0.068572998046875 -0.183486938476563 0.129013061523437 -0.0170135498046875
-0.011474609375 -0.2198486328125 0.0696983337402344 -0.0443649291992188
-0.131195068359375 -0.15533447265625 0.00547409057617187 -0.0408592224121094
-0.188812255859375 -0.0174407958984375 -0.0202083587646484 0.000667572021484371
-0.142684936523437 0.0860748291015625 -0.00398635864257813 0.00903797149658203
-0.055511474609375 0.1708984375 0.0179290771484375 0.0379867553710938
0.020050048828125 0.161514282226563 0.0375556945800781 0.0275192260742188
0.013397216796875 0.143997192382813 0.052032470703125 0.00849151611328126
0.006103515625 0.160903930664063 0.0584220886230469 0.00692367553710939
-0.04595947265625 0.146713256835938 0.0604019165039063 0.0216865539550781
-0.108024597167969 0.0834884643554687 0.0651969909667969 0.0211944580078125
-0.129096984863281 0.0143890380859375 0.0710372924804687 0.0429000854492188
-0.0865707397460937 -0.0978927612304688 0.0814285278320312 0.10003662109375
-0.0118560791015625 -0.148544311523438 0.0709075927734375 0.1685791015625
0.0299301147460937 -0.127395629882813 -0.021636962890625 0.243438720703125
0.021575927734375 -0.209884643554688 0.14447021484375 -0.0618133544921875
-0.0537567138671875 -0.215133666992188 0.0698623657226563 -0.0657806396484375
-0.147613525390625 -0.140151977539063 0.0203666687011719 -0.039215087890625
-0.190780639648437 -0.00595092773437497 0.0172843933105469 -0.0137701034545898
-0.139778137207031 0.0923233032226562 0.024444580078125 -0.0314826965332031
-0.0482635498046875 0.1739501953125 0.0200023651123047 -0.0216827392578125
0.027587890625 0.1605224609375 0.0131072998046875 -0.0313224792480469
0.0238800048828125 0.145858764648438 0.019195556640625 -0.0438613891601562
0.02301025390625 0.16571044921875 0.0326080322265625 -0.0463905334472656
-0.027435302734375 0.162673950195313 0.0554580688476563 -0.0344734191894531
-0.10302734375 0.112960815429688 0.0762252807617188 -0.0259552001953125
-0.146209716796875 0.0476531982421875 0.0957717895507812 0.0146331787109375
-0.133071899414063 -0.089752197265625 0.105751037597656 0.0871429443359375
-0.0682830810546875 -0.174240112304688 0.07086181640625 0.142135620117188
-0.015960693359375 -0.174087524414063 -0.00663757324218751 0.195968627929688
-0.0345916748046875 -0.207015991210938 0.144393920898438 -0.109024047851563
-0.0977935791015625 -0.179824829101563 0.0630645751953125 -0.0841903686523438
-0.15179443359375 -0.0954437255859375 0.0309944152832031 -0.0360527038574219
-0.1636962890625 0.017852783203125 0.0492362976074219 -0.02777099609375
-0.108673095703125 0.0919189453125 0.0468368530273437 -0.0679206848144531
-0.029022216796875 0.151824951171875 0.0178985595703125 -0.0771026611328125
0.0328216552734375 0.13421630859375 -0.0124053955078125 -0.0827560424804687
0.031402587890625 0.126701354980469 -0.0172653198242187 -0.0887374877929687
0.03387451171875 0.144577026367187 0.000366210937499996 -0.0927581787109375
-0.00898742675781251 0.148635864257813 0.040130615234375 -0.0870132446289063
-0.0820236206054688 0.116401672363281 0.0757980346679688 -0.0735855102539062
-0.133781433105469 0.0666656494140625 0.107795715332031 -0.018035888671875
-0.146377563476563 -0.066619873046875 0.113739013671875 0.0615234375
-0.104644775390625 -0.1641845703125 0.0554046630859375 0.099517822265625
-0.0579376220703125 -0.184310913085938 -0.002227783203125 0.1312255859375
-0.08502197265625 -0.179718017578125 0.129898071289063 -0.1524658203125
-0.129447937011719 -0.123321533203125 0.0455398559570313 -0.0974960327148438
-0.139541625976563 -0.0368423461914063 0.032806396484375 -0.0321998596191406
-0.113655090332031 0.0467071533203125 0.0678367614746093 -0.0405769348144531
-0.060089111328125 0.0825271606445312 0.0555191040039062 -0.0930709838867188
0.000350952148437494 0.110671997070313 0.00948333740234374 -0.116432189941406
0.0350494384765625 0.0890960693359375 -0.0388717651367188 -0.119132995605469
0.0330886840820312 0.0872421264648437 -0.050933837890625 -0.118293762207031
0.035125732421875 0.101661682128906 -0.0310745239257813 -0.12713623046875
0.00609588623046875 0.103462219238281 0.022186279296875 -0.129501342773438
-0.0480499267578125 0.0899124145507813 0.0685577392578125 -0.107704162597656
-0.090667724609375 0.0636749267578125 0.106956481933594 -0.041748046875
-0.120643615722656 -0.0334930419921875 0.104087829589844 0.0364913940429688
-0.113594055175781 -0.117599487304688 0.0286941528320313 0.0564994812011719
-0.08746337890625 -0.15509033203125 -0.00725936889648438 0.0621337890625
-0.119781494140625 -0.131195068359375 0.103424072265625 -0.1915283203125
-0.138801574707031 -0.0597991943359375 0.0238265991210937 -0.110145568847656
-0.113449096679688 0.0180435180664063 0.0239524841308594 -0.0341892242431641
-0.0567169189453125 0.0666313171386719 0.0660171508789063 -0.0509796142578125
-0.0080413818359375 0.06463623046875 0.0465087890625 -0.10467529296875
0.02801513671875 0.0565261840820313 -0.00746917724609374 -0.134201049804687
0.0329933166503906 0.0319290161132813 -0.0607528686523437 -0.133621215820312
0.0298309326171875 0.0359039306640625 -0.0764541625976563 -0.130569458007813
0.0294761657714844 0.0424079895019531 -0.0521392822265625 -0.143157958984375
0.0183181762695312 0.0404052734375 0.00938415527343749 -0.150283813476563
-0.00556182861328125 0.0436515808105469 0.0602951049804687 -0.119819641113281
-0.0283737182617187 0.0454978942871094 0.09808349609375 -0.0503768920898438
-0.0669631958007813 0.00809097290039063 0.08282470703125 0.0205307006835938
-0.0991134643554687 -0.0469970703125 0.000787734985351558 0.0229663848876953
-0.105995178222656 -0.09478759765625 -0.0192070007324219 0.00719070434570312
-0.132278442382813 -0.067108154296875 0.0705413818359375 -0.222137451171875
-0.122520446777344 -0.00228118896484374 -0.000877380371093744 -0.125396728515625
-0.0754852294921875 0.0580291748046875 0.00325775146484374 -0.0424766540527344
-0.00148773193359375 0.0710601806640625 0.0456390380859375 -0.0593376159667969
0.0376091003417969 0.03759765625 0.0231170654296875 -0.101089477539063
0.0476837158203125 -0.000606536865234375 -0.0277175903320312 -0.130844116210938
0.0248394012451172 -0.0273780822753906 -0.0771865844726563 -0.127197265625
0.0216560363769531 -0.0207023620605469 -0.09027099609375 -0.123039245605469
0.0181236267089844 -0.0222148895263672 -0.0618057250976563 -0.139602661132813
0.0302200317382813 -0.0294094085693359 0.0038909912109375 -0.149581909179688
0.0409317016601562 -0.00739669799804687 0.05352783203125 -0.111991882324219
0.0406761169433594 0.0264625549316406 0.0862808227539063 -0.0435943603515625
-0.00762939453125 0.0546035766601563 0.0578575134277344 0.0160903930664063
-0.0760345458984375 0.0361785888671875 -0.0230522155761719 0.00688362121582032
-0.115837097167969 -0.0174331665039063 -0.0358238220214844 -0.0269927978515625
0.107246398925781 -0.06866455078125 0.0666961669921875 0.0334014892578125
0.0373611450195313 -0.137649536132813 0.0433387756347656 -0.014801025390625
-0.0742340087890625 -0.0977783203125 -0.0366630554199219 -0.0336570739746094
-0.110786437988281 -0.00412750244140626 -0.081390380859375 0.0327911376953125
-0.0787887573242187 0.0519485473632813 -0.0509567260742188 0.0854263305664063
-0.0292129516601563 0.0949249267578125 0.0111236572265625 0.132911682128906
0.00721740722656251 0.0909881591796875 0.0669174194335938 0.125152587890625
-0.00462341308593751 0.079437255859375 0.0857009887695312 0.0993881225585938
-0.017547607421875 0.0871353149414063 0.0711288452148437 0.0969772338867187
-0.0563240051269531 0.0634803771972656 0.0324172973632813 0.101554870605469
-0.0759658813476563 0.00483703613281249 0.0129547119140625 0.0807571411132813
-0.0539207458496094 -0.0461311340332031 0.00386047363281249 0.0606956481933594
0.0214996337890625 -0.0796279907226563 0.0129928588867187 0.0833663940429688
0.0918426513671875 -0.0515594482421875 0.0342254638671875 0.16162109375
0.100425720214844 0.0062713623046875 -0.0746002197265625 0.25408935546875
0.0966033935546875 -0.139335632324219 0.089263916015625 0.01263427734375
0.0115814208984375 -0.192825317382813 0.0518760681152344 -0.0263099670410156
-0.110282897949219 -0.134513854980469 -0.0171890258789063 -0.0383110046386719
-0.159744262695313 -0.00938415527343753 -0.0550537109375 0.0148887634277344
-0.117118835449219 0.0760574340820313 -0.0338325500488281 0.0483055114746094
-0.041107177734375 0.143753051757813 0.0106658935546875 0.0914840698242188
0.017120361328125 0.135597229003906 0.0508193969726563 0.08367919921875
0.00697326660156251 0.120155334472656 0.0696601867675781 0.0589065551757813
-0.0045013427734375 0.133689880371094 0.0659255981445313 0.05615234375
-0.0546112060546875 0.112136840820312 0.0465011596679688 0.0647125244140625
-0.0993270874023438 0.0466995239257813 0.0397758483886719 0.0529632568359375
-0.098052978515625 -0.0197677612304688 0.0383682250976562 0.0531578063964844
-0.0327377319335938 -0.0979766845703125 0.050262451171875 0.095306396484375
0.0454864501953125 -0.110908508300781 0.0579071044921875 0.171188354492187
0.0755157470703125 -0.06854248046875 -0.043701171875 0.258636474609375
0.0703125 -0.18896484375 0.112274169921875 -0.0250167846679688
-0.0176849365234375 -0.221786499023438 0.0576515197753906 -0.0470619201660156
-0.134979248046875 -0.152633666992188 -8.39233398437605E-05 -0.0406455993652344
-0.188369750976562 -0.0122222900390625 -0.022918701171875 -0.00175285339355468
-0.140045166015625 0.0896148681640625 -0.0100297927856445 0.00681591033935548
-0.048828125 0.170944213867188 0.0114364624023437 0.0367393493652344
0.0235137939453125 0.160720825195313 0.0287952423095703 0.0296573638916016
0.0167999267578125 0.143417358398438 0.0425643920898438 0.0100479125976563
0.01055908203125 0.161117553710938 0.0489921569824219 0.00641250610351564
-0.04345703125 0.148651123046875 0.0515403747558594 0.0169296264648438
-0.109809875488281 0.086700439453125 0.0606193542480469 0.013519287109375
-0.132553100585937 0.0138092041015625 0.0704193115234375 0.0345535278320313
-0.0893096923828125 -0.104156494140625 0.084564208984375 0.0954360961914062
-0.0113067626953125 -0.157608032226563 0.0723114013671875 0.163375854492188
0.0365447998046875 -0.135093688964844 -0.0192718505859375 0.236892700195313
0.0274505615234375 -0.21197509765625 0.129310607910156 -0.0717620849609375
-0.053375244140625 -0.216934204101563 0.058837890625 -0.0703659057617188
-0.147781372070313 -0.140945434570313 0.0141487121582031 -0.0412368774414063
-0.189605712890625 -0.00468444824218753 0.0120649337768555 -0.016942024230957
-0.138778686523437 0.092987060546875 0.0168018341064453 -0.0341968536376953
-0.0459442138671875 0.1729736328125 0.0114593505859375 -0.0220508575439453
0.0269012451171875 0.16021728515625 0.00399017333984375 -0.02789306640625
0.0243072509765625 0.145370483398438 0.00897598266601563 -0.0406265258789062
0.02349853515625 0.165130615234375 0.0223617553710938 -0.0459098815917969
-0.0281524658203125 0.162765502929688 0.0452842712402344 -0.0380325317382812
-0.105621337890625 0.112510681152344 0.0706710815429687 -0.0335464477539062
-0.147689819335938 0.0450897216796875 0.0939559936523437 0.00576019287109375
-0.132247924804688 -0.095062255859375 0.107711791992188 0.0794677734375
-0.0651092529296875 -0.1795654296875 0.07281494140625 0.134635925292969
-0.0063323974609375 -0.177474975585938 -0.00257873535156248 0.18780517578125
-0.0244140625 -0.204971313476563 0.134483337402344 -0.119773864746094
-0.089996337890625 -0.179443359375 0.0537567138671875 -0.0910415649414063
-0.147705078125 -0.099639892578125 0.0242195129394531 -0.039886474609375
-0.162033081054688 0.01422119140625 0.0436668395996094 -0.0313453674316406
-0.110847473144531 0.0887222290039063 0.0389404296875 -0.0707473754882812
-0.030426025390625 0.149810791015625 0.00954437255859376 -0.07647705078125
0.0289382934570312 0.134773254394531 -0.0212326049804688 -0.0798263549804687
0.0282669067382813 0.125381469726563 -0.0264663696289063 -0.0839996337890625
0.0304718017578125 0.143478393554688 -0.00913238525390624 -0.0914535522460937
-0.0122833251953125 0.146102905273438 0.0307540893554688 -0.0902786254882812
-0.0846633911132813 0.112998962402344 0.06939697265625 -0.0794296264648438
-0.133049011230469 0.0605926513671875 0.103912353515625 -0.0259628295898437
-0.141998291015625 -0.0721893310546875 0.113357543945312 0.053436279296875
-0.098297119140625 -0.166397094726563 0.0574417114257812 0.0913467407226562
-0.0462493896484375 -0.182571411132813 0.004547119140625 0.121864318847656
-0.074981689453125 -0.172454833984375 0.124313354492188 -0.163055419921875
-0.11761474609375 -0.120452880859375 0.041290283203125 -0.105392456054688
-0.131263732910156 -0.0413055419921875 0.0274696350097656 -0.0377960205078125
-0.110420227050781 0.0391921997070313 0.0621719360351562 -0.044464111328125
-0.0625457763671875 0.075775146484375 0.0482940673828125 -0.095703125
-0.0055999755859375 0.106063842773438 0.00141143798828126 -0.115623474121094
0.0281829833984375 0.0892791748046875 -0.0446395874023438 -0.115493774414062
0.0279312133789063 0.0868911743164063 -0.0570449829101563 -0.113616943359375
0.0288543701171875 0.10003662109375 -0.0377731323242188 -0.125175476074219
-9.15527343749973E-05 0.100318908691406 0.0142745971679688 -0.130119323730469
-0.0514755249023438 0.0841293334960938 0.0618209838867188 -0.110763549804688
-0.0894317626953125 0.0551681518554688 0.1024169921875 -0.0485610961914063
-0.113128662109375 -0.0388946533203125 0.102340698242187 0.0288162231445312
-0.103591918945312 -0.117454528808594 0.0311355590820312 0.0480575561523437
-0.074859619140625 -0.148910522460937 0.00166320800781249 0.0555305480957031
-0.111442565917969 -0.120391845703125 0.102569580078125 -0.199020385742188
-0.126373291015625 -0.0551071166992188 0.022552490234375 -0.118476867675781
-0.10272216796875 0.0164871215820313 0.0187454223632813 -0.0392684936523438
-0.0506591796875 0.057708740234375 0.0615730285644531 -0.054351806640625
-0.00909805297851563 0.0557823181152344 0.0409317016601563 -0.104568481445313
0.0200614929199219 0.051025390625 -0.0117645263671875 -0.131988525390625
0.0236854553222656 0.0316448211669922 -0.062835693359375 -0.13037109375
0.0225677490234375 0.0353431701660156 -0.0792007446289063 -0.126335144042969
0.0207977294921875 0.0413970947265625 -0.056640625 -0.140853881835938
0.00894546508789062 0.0366172790527344 0.00349426269531251 -0.150588989257813
-0.0108718872070313 0.0355491638183594 0.05584716796875 -0.121696472167969
-0.0278854370117188 0.0355987548828125 0.0946807861328125 -0.0544357299804688
-0.0581398010253906 0.00196456909179687 0.0806732177734375 0.0147857666015625
-0.0863876342773438 -0.0445709228515625 0.00474166870117187 0.0169925689697266
-0.0927200317382812 -0.08673095703125 -0.00659990310668946 0.00285863876342773
-0.12689208984375 -0.0554656982421875 0.0733489990234375 -0.225814819335938
-0.11199951171875 0.00595855712890625 -0.000190734863281253 -0.132675170898438
-0.0648956298828125 0.0594711303710938 -0.000511169433593754 -0.0452957153320312
0.00587081909179687 0.0640792846679688 0.0421905517578125 -0.0599746704101562
0.0380897521972656 0.0292167663574219 0.0206222534179687 -0.0990066528320313
0.0401649475097656 -0.00725936889648438 -0.0293502807617187 -0.127365112304688
0.0153656005859375 -0.0277576446533203 -0.07598876953125 -0.124588012695313
0.0138168334960937 -0.02001953125 -0.0888137817382813 -0.12066650390625
0.0096588134765625 -0.0229740142822266 -0.06243896484375 -0.137779235839844
0.0195178985595703 -0.0329551696777344 0.00073242187500001 -0.149398803710938
0.0346946716308594 -0.0164337158203125 0.0512161254882813 -0.112060546875
0.0399169921875 0.0155296325683594 0.0843048095703125 -0.0463638305664062
0.00175094604492188 0.0478744506835937 0.057098388671875 0.0120735168457031
-0.0631561279296875 0.0391197204589844 -0.0167961120605469 0.00217056274414063
-0.103416442871094 -0.00823974609374998 -0.0205135345458984 -0.028289794921875
0.102500915527344 -0.0753631591796875 0.0525550842285156 0.0355949401855469
0.0282211303710938 -0.137474060058594 0.0363731384277344 -0.0106048583984375
-0.0786666870117187 -0.093048095703125 -0.0376548767089844 -0.0322303771972656
-0.109550476074219 0.0023345947265625 -0.0817413330078125 0.0328826904296875
-0.074676513671875 0.0562591552734375 -0.054046630859375 0.0850296020507813
-0.0213394165039063 0.095550537109375 0.00860595703124998 0.133567810058594
0.0133209228515625 0.090484619140625 0.0634613037109375 0.128059387207031
0.00064849853515625 0.0796890258789063 0.0812530517578125 0.102081298828125
-0.0107955932617188 0.0887222290039062 0.0662460327148438 0.0998382568359375
-0.0516433715820312 0.0680885314941406 0.0268402099609375 0.102378845214844
-0.0767593383789063 0.0116119384765625 0.0105514526367187 0.0787200927734375
-0.05877685546875 -0.0433349609375 0.00348281860351562 0.0587692260742188
0.0140228271484375 -0.0826568603515625 0.01519775390625 0.0863113403320313
0.0858840942382813 -0.0606460571289063 0.0316619873046875 0.166427612304687
0.100242614746094 -0.00341033935546875 -0.0832061767578125 0.257110595703125
0.096405029296875 -0.14654541015625 0.0745010375976563 0.0134353637695312
0.006134033203125 -0.195510864257813 0.0432815551757813 -0.0232810974121094
-0.113395690917969 -0.133552551269531 -0.0202445983886719 -0.0374221801757813
-0.159347534179687 -0.00567626953124999 -0.0574836730957031 0.0144615173339844
-0.115791320800781 0.0790786743164062 -0.0389976501464844 0.0474815368652344
-0.0364837646484375 0.144195556640625 0.0061798095703125 0.0923690795898438
0.0207366943359375 0.136695861816406 0.0454483032226562 0.0879974365234375
0.00990295410156251 0.12158203125 0.0632057189941406 0.0633430480957031
-0.000198364257812514 0.135932922363281 0.0590591430664063 0.0592193603515625
-0.052825927734375 0.117027282714844 0.0391273498535156 0.0646553039550781
-0.10321044921875 0.051239013671875 0.0360336303710937 0.0493965148925781
-0.103355407714844 -0.0195846557617187 0.0379714965820312 0.049285888671875
-0.0376358032226563 -0.104743957519531 0.05224609375 0.095550537109375
0.044097900390625 -0.121315002441406 0.0555572509765625 0.173904418945313
0.0797500610351563 -0.0784072875976562 -0.0517730712890625 0.259414672851563
0.0752410888671875 -0.1964111328125 0.0985946655273438 -0.0268936157226563
-0.01837158203125 -0.226470947265625 0.0486030578613281 -0.0456657409667969
-0.136093139648438 -0.155349731445313 -0.00506973266601564 -0.0406036376953125
-0.189544677734375 -0.0120697021484375 -0.0263919830322266 -0.00251960754394532
-0.14129638671875 0.090911865234375 -0.015899658203125 0.0061178207397461
-0.0474700927734375 0.172042846679688 0.00506591796875 0.037994384765625
0.02410888671875 0.162689208984375 0.0221805572509766 0.0347270965576172
0.017425537109375 0.145919799804688 0.0351409912109375 0.0146274566650391
0.01190185546875 0.164306640625 0.0415077209472656 0.00911331176757813
-0.0446319580078125 0.152313232421875 0.0433006286621094 0.01611328125
-0.115402221679688 0.088958740234375 0.0560569763183594 0.00954437255859375
-0.138351440429688 0.0113906860351562 0.0697898864746094 0.0298576354980469
-0.0928955078125 -0.113212585449219 0.0858917236328125 0.0931549072265625
-0.010009765625 -0.168701171875 0.0712127685546875 0.1630859375
0.0447540283203125 -0.144744873046875 -0.024566650390625 0.23480224609375
0.0370025634765625 -0.21795654296875 0.118499755859375 -0.0757827758789063
-0.0494537353515625 -0.22406005859375 0.0504684448242188 -0.0718917846679688
-0.147384643554688 -0.147506713867188 0.00862503051757812 -0.0424232482910156
-0.192169189453125 -0.00849914550781247 0.00744438171386718 -0.0187397003173828
-0.143234252929688 0.0922698974609375 0.0101699829101562 -0.035736083984375
-0.0484466552734375 0.174484252929688 0.00537300109863281 -0.0215187072753906
0.024658203125 0.163619995117188 -0.00293731689453125 -0.0237712860107422
0.0221710205078125 0.148239135742188 0.00188446044921875 -0.0360908508300781
0.021087646484375 0.168563842773438 0.0148773193359375 -0.0435752868652344
-0.0317840576171875 0.164657592773438 0.0372467041015625 -0.0386505126953125
-0.111709594726563 0.112190246582031 0.0655937194824219 -0.0376358032226562
-0.153060913085938 0.040374755859375 0.0924072265625 0.000411987304687502
-0.133331298828125 -0.10528564453125 0.107673645019531 0.0755844116210938
-0.0607757568359375 -0.189956665039062 0.0713272094726563 0.1314697265625
0.00456237792968749 -0.184951782226563 -0.00411987304687499 0.1834716796875
-0.011962890625 -0.20855712890625 0.127609252929687 -0.126380920410156
-0.0816192626953125 -0.187240600585937 0.0473861694335937 -0.0950927734375
-0.145004272460937 -0.109405517578125 0.0188331604003906 -0.0414924621582031
-0.164749145507813 0.00672912597656251 0.0393829345703125 -0.0336685180664063
-0.117263793945313 0.0860137939453125 0.0331802368164062 -0.0727310180664062
-0.0362091064453125 0.150238037109375 0.00389099121093749 -0.0762557983398437
0.0235061645507813 0.138664245605469 -0.0267105102539062 -0.0765838623046875
0.0235748291015625 0.128936767578125 -0.031982421875 -0.0805511474609375
0.0244598388671875 0.146835327148438 -0.015350341796875 -0.0902786254882812
-0.0190277099609375 0.147201538085937 0.0237808227539062 -0.09136962890625
-0.091949462890625 0.110458374023438 0.0651016235351563 -0.0823593139648438
-0.137557983398438 0.0535430908203125 0.1015625 -0.030914306640625
-0.140518188476562 -0.0823974609375 0.112289428710938 0.0491561889648437
-0.09112548828125 -0.17474365234375 0.0566024780273437 0.0863571166992187
-0.0323486328125 -0.187759399414063 0.0064239501953125 0.116279602050781
-0.061920166015625 -0.173309326171875 0.123748779296875 -0.1712646484375
-0.107284545898437 -0.125625610351563 0.0379180908203125 -0.113082885742188
-0.125877380371094 -0.0502395629882813 0.0225677490234375 -0.0413131713867188
-0.112136840820313 0.0298614501953125 0.0584869384765625 -0.047088623046875
-0.0689849853515625 0.0709304809570313 0.0447540283203125 -0.0965499877929688
-0.013702392578125 0.105026245117188 -0.00199127197265624 -0.115234375
0.0206451416015625 0.092498779296875 -0.0474014282226562 -0.114204406738281
0.0217132568359375 0.0899124145507813 -0.06024169921875 -0.112197875976563
0.0212860107421875 0.1029052734375 -0.0413589477539063 -0.124465942382813
-0.00899505615234374 0.101089477539063 0.00915527343749999 -0.1312255859375
-0.0589141845703125 0.0792770385742188 0.0597305297851562 -0.113739013671875
-0.0930938720703125 0.0467987060546875 0.0999679565429688 -0.0521392822265625
-0.109001159667969 -0.0481185913085938 0.100425720214844 0.0249404907226562
-0.0939178466796875 -0.123512268066406 0.03167724609375 0.0423469543457031
-0.0611419677734375 -0.151565551757813 0.00802993774414062 0.0486412048339844
-0.100303649902344 -0.117767333984375 0.106552124023438 -0.207168579101563
-0.1156005859375 -0.0564804077148437 0.02191162109375 -0.126014709472656
-0.0954360961914063 0.0106277465820313 0.0157585144042969 -0.0422859191894531
-0.04931640625 0.0488166809082031 0.0586280822753906 -0.0560188293457031
-0.0136375427246094 0.04931640625 0.0398788452148438 -0.104965209960938
0.0120697021484375 0.0483779907226563 -0.013031005859375 -0.132713317871094
0.015594482421875 0.0347518920898438 -0.0631484985351562 -0.131004333496094
0.0162162780761719 0.0378341674804688 -0.0790481567382813 -0.126632690429688
0.0125541687011719 0.0438728332519531 -0.0574188232421875 -0.1422119140625
-0.000270843505859374 0.0363807678222656 0.00158691406249999 -0.152130126953125
-0.0183696746826172 0.0296955108642578 0.0551681518554688 -0.122894287109375
-0.0304527282714844 0.0264949798583984 0.09429931640625 -0.056610107421875
-0.0517997741699219 -0.00669860839843751 0.079681396484375 0.012176513671875
-0.0757827758789063 -0.0480117797851562 0.00648021697998046 0.0108833312988281
-0.0791168212890625 -0.0856781005859375 0.00301980972290039 -0.0034177303314209
-0.120719909667969 -0.0490798950195312 0.0806121826171875 -0.23333740234375
-0.103469848632813 0.00890350341796873 0.00165557861328123 -0.140548706054688
-0.0568275451660156 0.0581169128417969 -0.00355529785156251 -0.048370361328125
0.00971221923828125 0.0574378967285156 0.0401458740234375 -0.0603141784667969
0.0361442565917969 0.0224189758300781 0.0217056274414062 -0.0979766845703125
0.0329227447509766 -0.0106773376464844 -0.027587890625 -0.127243041992188
0.00862503051757812 -0.0263996124267578 -0.072540283203125 -0.12652587890625
0.00761985778808594 -0.0194911956787109 -0.0859909057617187 -0.122428894042969
0.0020599365234375 -0.02142333984375 -0.0604705810546875 -0.140838623046875
0.0101451873779297 -0.0334453582763672 0.00201416015624999 -0.151763916015625
0.0276966094970703 -0.0221900939941406 0.052978515625 -0.113136291503906
0.0377273559570313 0.00749588012695313 0.0843353271484375 -0.0473480224609375
0.00737762451171875 0.0412406921386719 0.0564460754394531 0.0104789733886719
-0.0527267456054688 0.0380439758300781 -0.0123605728149414 -0.00311183929443359
-0.0920944213867188 -0.00469970703125001 -0.00746917724609376 -0.0331592559814453
0.100440979003906 -0.0818099975585938 0.04010009765625 0.0420188903808594
0.0215835571289063 -0.140350341796875 0.0306186676025391 -0.00596809387207032
-0.0829010009765625 -0.0907440185546875 -0.0394248962402344 -0.0314712524414063
-0.109611511230469 0.00772857666015624 -0.0849533081054688 0.0329132080078125
-0.0727615356445313 0.0605239868164063 -0.0592727661132813 0.087554931640625
-0.0154190063476563 0.097320556640625 0.00472259521484375 0.139152526855469
0.0184555053710938 0.0923538208007813 0.0620574951171875 0.136070251464844
0.00593566894531249 0.0820159912109375 0.0798263549804688 0.109779357910156
-0.004425048828125 0.0915451049804688 0.0641632080078125 0.106674194335938
-0.0484085083007813 0.073486328125 0.022552490234375 0.107879638671875
-0.07879638671875 0.0177154541015625 0.00724792480468749 0.0796279907226563
-0.0641937255859375 -0.0407371520996094 0.00369262695312499 0.0585746765136719
0.00794219970703125 -0.0878219604492188 0.0170364379882813 0.09130859375
0.0828094482421875 -0.0688018798828125 0.029632568359375 0.176071166992188
0.101837158203125 -0.011077880859375 -0.095062255859375 0.268768310546875
0.09912109375 -0.1575927734375 0.0628471374511719 0.0167388916015625
0.00279235839843749 -0.202667236328125 0.0371665954589844 -0.0191879272460938
-0.118507385253906 -0.136260986328125 -0.0231170654296875 -0.03759765625
-0.162872314453125 -0.00309753417968753 -0.060943603515625 0.0140037536621094
-0.118080139160156 0.083526611328125 -0.0452461242675781 0.0486793518066406
-0.0336151123046875 0.148391723632813 0.001495361328125 0.096771240234375
0.0243072509765625 0.14166259765625 0.042449951171875 0.0960845947265625
0.013031005859375 0.126441955566406 0.0597763061523438 0.0710296630859375
0.00354003906250001 0.141632080078125 0.0552711486816406 0.0651512145996094
-0.0528945922851563 0.124038696289062 0.0333595275878906 0.0688743591308594
-0.108573913574219 0.0570449829101563 0.0328559875488281 0.0490493774414063
-0.112144470214844 -0.02001953125 0.0377616882324219 0.0480079650878906
-0.0442657470703125 -0.114395141601563 0.0544662475585937 0.0990219116210937
0.04290771484375 -0.134498596191406 0.0552520751953125 0.181594848632813
0.0857162475585937 -0.0907135009765625 -0.061798095703125 0.2679443359375
0.0826263427734375 -0.209625244140625 0.0882339477539063 -0.0264129638671875
-0.019287109375 -0.2381591796875 0.0418357849121094 -0.0438499450683594
-0.141265869140625 -0.163864135742187 -0.00861740112304688 -0.0409049987792969
-0.196304321289063 -0.012969970703125 -0.030721664428711 -0.00348281860351562
-0.147628784179688 0.0942535400390625 -0.0228500366210938 0.0060558319091797
-0.0478057861328125 0.177764892578125 -0.000190734863281249 0.0408287048339844
0.0248565673828125 0.17010498046875 0.0175056457519531 0.0416259765625
0.01806640625 0.152877807617188 0.0305099487304688 0.0212783813476563
0.012786865234375 0.172622680664063 0.0363197326660156 0.01300048828125
-0.0475921630859375 0.161148071289062 0.0370559692382813 0.0184097290039063
-0.124191284179688 0.0943374633789063 0.0528335571289062 0.00720214843750001
-0.148544311523438 0.00904846191406249 0.0698738098144531 0.0266380310058594
-0.0987777709960937 -0.125556945800781 0.0886459350585938 0.0951080322265625
-0.00970458984375002 -0.184799194335938 0.07098388671875 0.16827392578125
0.0541229248046875 -0.158782958984375 -0.031829833984375 0.240020751953125
0.0477294921875 -0.231979370117188 0.111465454101563 -0.07928466796875
-0.0461578369140625 -0.238021850585937 0.044342041015625 -0.0733108520507813
-0.151351928710937 -0.160049438476563 0.00417327880859374 -0.0435447692871094
-0.201187133789063 -0.0129241943359375 0.00345230102539062 -0.0197410583496094
-0.152450561523438 0.09442138671875 0.00505447387695311 -0.0371780395507812
-0.0528411865234375 0.18048095703125 0.000322341918945311 -0.0203857421875
0.0233154296875 0.172882080078125 -0.00792694091796875 -0.0197601318359375
0.02069091796875 0.157516479492187 -0.00336647033691406 -0.0316047668457031
0.0194549560546875 0.177871704101563 0.00950241088867188 -0.0423851013183594
-0.0377197265625 0.17340087890625 0.03131103515625 -0.0394554138183594
-0.121795654296875 0.116165161132813 0.0633049011230469 -0.0416641235351562
-0.16412353515625 0.0367279052734375 0.092681884765625 -0.0037689208984375
-0.138435363769531 -0.118667602539062 0.1104736328125 0.0754013061523437
-0.0586395263671875 -0.206558227539063 0.0715408325195313 0.133125305175781
0.01519775390625 -0.20001220703125 -0.00740051269531249 0.184310913085938
0.000503540039062501 -0.221710205078125 0.125961303710938 -0.133338928222656
-0.0760955810546875 -0.201553344726563 0.0433349609375 -0.10040283203125
-0.1466064453125 -0.12298583984375 0.0144271850585937 -0.0439033508300781
-0.173065185546875 -0.000320434570312465 0.0359153747558594 -0.0350685119628906
-0.127655029296875 0.08563232421875 0.0293426513671875 -0.074432373046875
-0.0439605712890625 0.155960083007813 -0.000732421875000004 -0.0773468017578125
0.01910400390625 0.147491455078125 -0.0311355590820313 -0.0749282836914063
0.0201034545898438 0.137397766113281 -0.0367813110351563 -0.0789794921875
0.0202789306640625 0.156295776367188 -0.0199737548828125 -0.0911941528320312
-0.0262603759765625 0.153884887695313 0.0186386108398437 -0.0937728881835937
-0.10284423828125 0.111648559570313 0.0636825561523438 -0.087799072265625
-0.147979736328125 0.04852294921875 0.102699279785156 -0.0351791381835938
-0.143875122070313 -0.095733642578125 0.113967895507813 0.0480575561523437
-0.086944580078125 -0.189712524414063 0.0559463500976562 0.0847244262695312
-0.020965576171875 -0.20025634765625 0.0067291259765625 0.1134033203125
-0.05035400390625 -0.181869506835937 0.126663208007813 -0.182296752929688
-0.100082397460938 -0.136909484863281 0.0360107421875 -0.120979309082031
-0.125556945800781 -0.062042236328125 0.0195236206054687 -0.0444755554199219
-0.118270874023438 0.0207977294921875 0.05682373046875 -0.0490531921386719
-0.078094482421875 0.0684432983398438 0.0428695678710937 -0.0995635986328125
-0.0228805541992187 0.109336853027344 -0.00452423095703126 -0.118507385253906
0.014617919921875 0.100326538085937 -0.0506820678710937 -0.115852355957031
0.0163955688476563 0.0969772338867188 -0.064361572265625 -0.113304138183594
0.0156173706054687 0.110877990722656 -0.0450668334960938 -0.128265380859375
-0.017333984375 0.106231689453125 0.00632476806640623 -0.136024475097656
-0.0698623657226563 0.0785369873046875 0.0592193603515625 -0.118637084960937
-0.100669860839844 0.0405044555664062 0.101707458496094 -0.0559921264648438
-0.109130859375 -0.0603713989257812 0.101310729980469 0.0228271484375
-0.0875473022460938 -0.135086059570313 0.0316238403320312 0.0381889343261719
-0.04876708984375 -0.160049438476563 0.0121688842773438 0.043365478515625
-0.0920028686523438 -0.120552062988281 0.11505126953125 -0.219985961914063
-0.108787536621094 -0.0618133544921875 0.02294921875 -0.137527465820313
-0.0923309326171875 0.00312042236328126 0.0123138427734375 -0.0456695556640625
-0.0517692565917969 0.0410919189453125 0.0579795837402344 -0.0578422546386719
-0.0196800231933594 0.0459098815917969 0.04034423828125 -0.1077880859375
0.00374221801757813 0.0495796203613281 -0.0136642456054687 -0.1368408203125
0.00947952270507813 0.0396270751953125 -0.0645065307617188 -0.136344909667969
0.010498046875 0.041961669921875 -0.0806427001953125 -0.131134033203125
0.00558853149414063 0.0491104125976563 -0.05908203125 -0.148193359375
-0.0095977783203125 0.0389862060546875 0.00100708007812501 -0.158416748046875
-0.0271396636962891 0.0267696380615234 0.0572280883789062 -0.128738403320313
-0.0359611511230469 0.0194168090820312 0.0960159301757813 -0.0598068237304688
-0.049896240234375 -0.0159416198730469 0.0803909301757813 0.0100326538085937
-0.0679283142089844 -0.05450439453125 0.00787210464477539 0.00604438781738281
-0.0690078735351563 -0.0896453857421875 0.011988639831543 -0.0100307464599609
-0.116600036621094 -0.0455474853515625 0.0904541015625 -0.24688720703125
-0.098388671875 0.00959777832031251 0.00355529785156249 -0.152252197265625
-0.052581787109375 0.0571250915527344 -0.005859375 -0.0514488220214844
0.0117568969726563 0.0517997741699219 0.040985107421875 -0.0619888305664062
0.0342693328857422 0.0179653167724609 0.0239334106445313 -0.100288391113281
0.0268001556396484 -0.0127429962158203 -0.0259552001953125 -0.131584167480469
0.00274085998535156 -0.0255126953125 -0.0720062255859375 -0.133544921875
0.00299263000488281 -0.0181789398193359 -0.0864486694335938 -0.12908935546875
-0.00443458557128906 -0.0187969207763672 -0.0610504150390625 -0.14837646484375
0.00276756286621094 -0.0336627960205078 0.0035400390625 -0.158523559570313
0.0213851928710937 -0.0265102386474609 0.0567092895507812 -0.117729187011719
0.0352897644042969 0.00060272216796875 0.0878143310546875 -0.0491790771484375
0.011962890625 0.0356101989746094 0.0575904846191406 0.00928115844726563
-0.0446090698242187 0.0359153747558594 -0.0100412368774414 -0.00837039947509765
-0.0844573974609375 -0.00325012207031251 0.00464248657226562 -0.0402450561523438
0.099273681640625 -0.091583251953125 0.0307960510253906 0.0500907897949219
0.0136566162109375 -0.146041870117188 0.0272674560546875 -0.000650405883789071
-0.0906753540039063 -0.08892822265625 -0.0424232482910156 -0.0305023193359375
-0.11224365234375 0.0146560668945312 -0.08929443359375 0.0357208251953125
-0.071533203125 0.0674591064453125 -0.0640335083007813 0.093841552734375
-0.00859832763671875 0.1007080078125 0.0054168701171875 0.14923095703125
0.0265121459960937 0.0951995849609375 0.0664825439453125 0.147109985351563
0.01251220703125 0.0847320556640625 0.0835494995117188 0.119285583496094
0.00334930419921874 0.09515380859375 0.0664291381835938 0.115852355957031
-0.0443801879882812 0.0811386108398438 0.0215530395507812 0.117073059082031
-0.0819168090820313 0.025634765625 0.00585937499999999 0.0841751098632813
-0.0712509155273438 -0.0383987426757812 0.00370407104492187 0.0603675842285156
0.000198364257812493 -0.0935134887695313 0.0215530395507812 0.0977554321289062
0.080413818359375 -0.0795440673828125 0.0329132080078125 0.190567016601563
0.104606628417969 -0.0208358764648438 -0.103668212890625 0.289398193359375
0.100875854492187 -0.173187255859375 0.0533943176269531 0.0218734741210937
-0.00556945800781252 -0.214447021484375 0.0324821472167969 -0.0157737731933594
-0.128768920898438 -0.140731811523438 -0.0268363952636719 -0.0373649597167969
-0.170730590820313 0.0021514892578125 -0.0659599304199219 0.0155677795410156
-0.121726989746094 0.092071533203125 -0.0512657165527344 0.0535659790039063
-0.0289764404296875 0.15625 -0.00107574462890625 0.10418701171875
0.03155517578125 0.1495361328125 0.0436553955078125 0.106399536132813
0.0191802978515625 0.133949279785156 0.0611038208007812 0.0797805786132813
0.0104217529296875 0.150894165039063 0.0555572509765625 0.0725860595703125
-0.0511627197265625 0.135871887207031 0.0306243896484375 0.0754547119140625
-0.115280151367188 0.0672760009765625 0.0311508178710937 0.0499153137207031
-0.123184204101563 -0.0180892944335938 0.0391769409179687 0.0469131469726562
-0.0543441772460938 -0.12451171875 0.0609817504882813 0.104095458984375
0.0392913818359375 -0.151199340820313 0.059417724609375 0.193496704101563
0.0908279418945313 -0.106941223144531 -0.06817626953125 0.28631591796875
0.0867919921875 -0.230377197265625 0.080413818359375 -0.026214599609375
-0.0253448486328125 -0.255142211914063 0.0365028381347656 -0.042572021484375
-0.15350341796875 -0.172897338867188 -0.0128021240234375 -0.0411529541015625
-0.20782470703125 -0.0110931396484375 -0.0357398986816406 -0.00284576416015625
-0.155487060546875 0.10357666015625 -0.0295734405517578 0.00798988342285157
-0.047088623046875 0.188949584960938 -0.00496673583984375 0.0455245971679688
0.0311737060546875 0.182052612304688 0.0158576965332031 0.0499267578125
0.02294921875 0.164291381835938 0.0286331176757812 0.028228759765625
0.0180511474609375 0.184768676757813 0.0334930419921875 0.0177536010742188
-0.0477447509765625 0.174591064453125 0.0327186584472656 0.0213279724121094
-0.133377075195313 0.105339050292969 0.0512657165527344 0.00520706176757813
-0.1630859375 0.0113372802734375 0.0718917846679687 0.0233917236328125
-0.110771179199219 -0.138740539550781 0.095947265625 0.0971450805664062
-0.013946533203125 -0.205596923828125 0.0763092041015625 0.176971435546875
0.059967041015625 -0.179229736328125 -0.0349884033203125 0.253448486328125
0.0546112060546875 -0.25311279296875 0.106330871582031 -0.0850753784179688
-0.0508880615234375 -0.257766723632813 0.0390396118164062 -0.07562255859375
-0.164093017578125 -0.173782348632813 -0.000110626220703139 -0.0445175170898438
-0.215347290039063 -0.0140380859375 -0.000469207763671886 -0.0209274291992188
-0.164047241210937 0.10302734375 -0.00172805786132814 -0.0382041931152344
-0.0554351806640625 0.19329833984375 -0.0053863525390625 -0.0197982788085937
0.02685546875 0.186370849609375 -0.0120344161987305 -0.0143623352050781
0.023590087890625 0.169601440429688 -0.00819778442382812 -0.0274448394775391
0.022735595703125 0.191680908203125 0.00430679321289063 -0.0408172607421875
-0.0395965576171875 0.18731689453125 0.0261306762695313 -0.0394248962402344
-0.133140563964844 0.126724243164062 0.0611686706542969 -0.0472068786621094
-0.179840087890625 0.038177490234375 0.0946807861328125 -0.0092010498046875
-0.151336669921875 -0.132781982421875 0.117324829101562 0.0748138427734375
-0.063812255859375 -0.228225708007813 0.0753250122070313 0.137321472167969
0.02142333984375 -0.221023559570313 -0.0083770751953125 0.191558837890625
0.00778198242187499 -0.241104125976563 0.1246337890625 -0.145736694335938
-0.0778350830078125 -0.220199584960937 0.0381088256835938 -0.107345581054688
-0.15716552734375 -0.137786865234375 0.00988769531249999 -0.0464057922363281
-0.188385009765625 -0.004119873046875 0.0332870483398437 -0.0382652282714844
-0.139892578125 0.0922927856445313 0.0251617431640625 -0.07861328125
-0.048736572265625 0.167831420898438 -0.00562286376953126 -0.0804672241210937
0.0197296142578125 0.161300659179687 -0.0376205444335938 -0.0748214721679687
0.020965576171875 0.149551391601563 -0.0427474975585938 -0.0784378051757812
0.0207366943359375 0.169998168945312 -0.02728271484375 -0.094146728515625
-0.030548095703125 0.167068481445313 0.013031005859375 -0.0980758666992187
-0.114341735839844 0.120147705078125 0.061798095703125 -0.0957183837890625
-0.161544799804687 0.048828125 0.104804992675781 -0.0420913696289063
-0.154266357421875 -0.108932495117187 0.119041442871094 0.0450592041015625
-0.090240478515625 -0.208938598632813 0.0584182739257812 0.084747314453125
-0.0142974853515625 -0.2196044921875 0.0089569091796875 0.113372802734375
-0.04437255859375 -0.1951904296875 0.129653930664062 -0.199386596679687
-0.099517822265625 -0.151168823242188 0.0327072143554688 -0.133201599121094
-0.131813049316406 -0.0745315551757812 0.0150947570800781 -0.0472984313964844
-0.128936767578125 0.01568603515625 0.0553131103515625 -0.0536766052246094
-0.0892105102539063 0.0716171264648438 0.0405349731445312 -0.106086730957031
-0.0291061401367188 0.118087768554687 -0.00895690917968751 -0.124465942382812
0.0128860473632813 0.111640930175781 -0.0575332641601562 -0.119758605957031
0.0150222778320313 0.10662841796875 -0.0714569091796875 -0.116996765136719
0.0131912231445313 0.122543334960938 -0.0529251098632812 -0.134635925292969
-0.02374267578125 0.116096496582031 0.0010223388671875 -0.143264770507812
-0.0810165405273438 0.082977294921875 0.0581741333007812 -0.128135681152344
-0.112411499023438 0.03790283203125 0.104591369628906 -0.06298828125
-0.115188598632812 -0.0722122192382813 0.104713439941406 0.019927978515625
-0.08795166015625 -0.149124145507813 0.0326080322265625 0.0348129272460937
-0.0419769287109375 -0.174911499023438 0.0174064636230469 0.0380706787109375
-0.0883941650390625 -0.126846313476563 0.119827270507813 -0.24163818359375
-0.106269836425781 -0.0687026977539063 0.020721435546875 -0.15191650390625
-0.0933380126953125 -0.0036468505859375 0.00918579101562499 -0.0505409240722656
-0.0560035705566406 0.0356597900390625 0.0579566955566406 -0.0628433227539063
-0.0264854431152344 0.0446395874023438 0.0401763916015625 -0.114959716796875
-0.00331878662109375 0.053863525390625 -0.0166473388671875 -0.144393920898438
0.00494766235351563 0.0460586547851563 -0.0706634521484375 -0.143051147460938
0.00662612915039062 0.0479393005371094 -0.08782958984375 -0.137542724609375
0.000976562500000006 0.0573768615722656 -0.0665435791015625 -0.156509399414063
-0.0171852111816406 0.0442619323730469 -0.00280761718750001 -0.168304443359375
-0.0369758605957031 0.0262565612792969 0.0577163696289063 -0.138275146484375
-0.0423431396484375 0.0144157409667969 0.0995635986328125 -0.0662384033203125
-0.0499801635742188 -0.0253639221191406 0.082855224609375 0.00748443603515625
-0.0640678405761719 -0.0626411437988281 0.00798654556274414 0.000538349151611324
-0.0621490478515625 -0.0967864990234375 0.0200004577636719 -0.0192794799804688
-0.117042541503906 -0.0432815551757813 0.0977783203125 -0.269622802734375
-0.0955429077148438 0.0117568969726563 0.001739501953125 -0.16796875
-0.0483627319335938 0.0574760437011719 -0.00923538208007813 -0.0553970336914062
0.0142593383789063 0.0480422973632813 0.0409355163574219 -0.0660362243652344
0.0321540832519531 0.0139083862304688 0.02490234375 -0.105415344238281
0.0208358764648438 -0.0141696929931641 -0.0276870727539063 -0.139228820800781
-0.00367164611816406 -0.0238571166992187 -0.0764617919921875 -0.142486572265625
-0.00234603881835938 -0.0165786743164062 -0.0918197631835937 -0.138092041015625
-0.0102062225341797 -0.0164060592651367 -0.0660552978515625 -0.158920288085938
-0.00594329833984375 -0.0330238342285156 0.00140380859375 -0.170547485351562
0.0141162872314453 -0.0312881469726562 0.0591201782226563 -0.126869201660156
0.0333061218261719 -0.00567054748535156 0.0924606323242188 -0.0544662475585937
0.0159091949462891 0.0302925109863281 0.060150146484375 0.00723648071289063
-0.0381202697753906 0.03515625 -0.00877189636230469 -0.0145883560180664
-0.0792160034179688 -0.00300598144531249 0.0150794982910156 -0.0505409240722656
0.0942230224609375 -0.103523254394531 0.0238113403320313 0.0599212646484375
0.000518798828125011 -0.151870727539063 0.0249156951904297 0.00472450256347655
-0.100433349609375 -0.0840530395507813 -0.0467605590820313 -0.0283088684082031
-0.113548278808594 0.0247726440429688 -0.0930099487304688 0.04205322265625
-0.0676040649414063 0.0764083862304688 -0.0644378662109375 0.104461669921875
0.00154113769531249 0.103935241699219 0.0110626220703125 0.159530639648438
0.0373306274414062 0.0963897705078125 0.0764007568359375 0.156845092773437
0.0219268798828125 0.0873794555664063 0.0934066772460938 0.126296997070313
0.0137710571289063 0.0988082885742188 0.0744476318359375 0.1239013671875
-0.0379867553710938 0.0898590087890625 0.0259552001953125 0.126640319824219
-0.082611083984375 0.0364913940429688 0.0073699951171875 0.0889205932617188
-0.079681396484375 -0.0331039428710937 0.00593185424804687 0.0622940063476563
-0.0105438232421875 -0.098236083984375 0.0306625366210938 0.103622436523437
0.0739059448242188 -0.0919265747070312 0.043609619140625 0.203781127929688
0.106285095214844 -0.0341262817382813 -0.10174560546875 0.317138671875
0.0960693359375 -0.1929931640625 0.0454673767089844 0.0274772644042969
-0.021240234375 -0.226699829101563 0.0284976959228516 -0.011434555053711
-0.144485473632813 -0.140228271484375 -0.0313568115234375 -0.0356521606445313
-0.178268432617187 0.0123443603515625 -0.0706329345703125 0.0198974609375
-0.121810913085938 0.105903625488281 -0.0552444458007813 0.0608482360839844
-0.0188140869140625 0.165451049804687 0.000633239746093739 0.113372802734375
0.0449981689453125 0.156097412109375 0.0498428344726563 0.116554260253906
0.030242919921875 0.141342163085938 0.06695556640625 0.0873641967773438
0.0233612060546875 0.159774780273437 0.0590133666992188 0.0790634155273438
-0.044189453125 0.149017333984375 0.0319976806640625 0.0830307006835938
-0.119781494140625 0.082244873046875 0.0316734313964844 0.0513458251953125
-0.135688781738281 -0.0105667114257813 0.0419578552246094 0.0457916259765625
-0.0702362060546875 -0.132843017578125 0.0712432861328125 0.106903076171875
0.02947998046875 -0.169692993164062 0.0706329345703125 0.203964233398438
0.0913314819335938 -0.127044677734375 -0.06451416015625 0.31005859375
0.0823516845703125 -0.255233764648438 0.0720291137695313 -0.0263519287109375
-0.0419769287109375 -0.272109985351563 0.0307502746582031 -0.0414581298828125
-0.173202514648438 -0.178054809570313 -0.0180435180664063 -0.0405464172363281
-0.220733642578125 -0.0019683837890625 -0.0405960083007813 -0.000957489013671877
-0.160171508789063 0.119659423828125 -0.0351829528808594 0.011505126953125
-0.0393524169921875 0.2025146484375 -0.00713348388671876 0.05169677734375
0.044708251953125 0.19305419921875 0.0172080993652344 0.0584220886230469
0.0346527099609375 0.174728393554687 0.0293750762939453 0.0351276397705078
0.0312652587890625 0.197525024414063 0.0320587158203125 0.0218715667724609
-0.0407257080078125 0.190948486328125 0.0307693481445312 0.0253353118896484
-0.139427185058594 0.122322082519531 0.0501747131347656 0.00189971923828126
-0.1778564453125 0.0199432373046875 0.0746231079101562 0.0183334350585938
-0.130050659179688 -0.14764404296875 0.106742858886719 0.096527099609375
-0.027862548828125 -0.226806640625 0.08734130859375 0.1832275390625
0.058258056640625 -0.203140258789063 -0.02996826171875 0.270278930664062
0.0504302978515625 -0.27947998046875 0.0989837646484375 -0.093353271484375
-0.0656280517578125 -0.277114868164063 0.0316314697265625 -0.0786285400390625
-0.18450927734375 -0.182632446289063 -0.00631713867187501 -0.045196533203125
-0.232681274414063 -0.00708007812500005 -0.00520324707031251 -0.0213909149169922
-0.172576904296875 0.119232177734375 -0.00793457031250001 -0.0381965637207031
-0.0510711669921875 0.209671020507813 -0.0116281509399414 -0.0175323486328125
0.0378570556640625 0.200469970703125 -0.0159482955932617 -0.00875568389892577
0.033966064453125 0.182998657226563 -0.0121955871582031 -0.0222625732421875
0.0341949462890625 0.2066650390625 -0.0021820068359375 -0.03924560546875
-0.03424072265625 0.204864501953125 0.0203285217285156 -0.0398139953613281
-0.140594482421875 0.14349365234375 0.0583305358886719 -0.054046630859375
-0.194732666015625 0.04779052734375 0.0967788696289062 -0.0174102783203125
-0.17156982421875 -0.141433715820313 0.127021789550781 0.0712738037109375
-0.0787353515625 -0.2493896484375 0.0842437744140625 0.139366149902344
0.018829345703125 -0.24560546875 -0.0028533935546875 0.200546264648437
0.00500488281249999 -0.262863159179688 0.118545532226562 -0.161880493164063
-0.0898895263671875 -0.238067626953125 0.0300827026367188 -0.115989685058594
-0.174697875976563 -0.148193359375 0.00422286987304687 -0.0480880737304688
-0.204849243164062 -0.000411987304687523 0.0293197631835937 -0.0416488647460938
-0.150131225585937 0.105621337890625 0.0182876586914062 -0.08294677734375
-0.0483551025390625 0.1834716796875 -0.0145416259765625 -0.0826797485351563
0.0276947021484375 0.1756591796875 -0.0455703735351563 -0.0726470947265625
0.0279541015625 0.162429809570313 -0.0513763427734375 -0.0761566162109375
0.0289306640625 0.184951782226563 -0.037445068359375 -0.0954055786132813
-0.0278472900390625 0.183181762695313 0.00418090820312499 -0.102394104003906
-0.122642517089844 0.134452819824219 0.0567779541015625 -0.10546875
-0.175994873046875 0.0561676025390625 0.105941772460937 -0.0521774291992187
-0.17144775390625 -0.117507934570313 0.126419067382813 0.0397567749023438
-0.103378295898438 -0.227203369140625 0.0632476806640625 0.0833511352539062
-0.01690673828125 -0.241165161132813 0.0136795043945313 0.114418029785156
-0.045745849609375 -0.210494995117187 0.124923706054688 -0.22308349609375
-0.106033325195313 -0.163528442382813 0.02447509765625 -0.14605712890625
-0.1429443359375 -0.082672119140625 0.00986099243164062 -0.051177978515625
-0.141204833984375 0.0156402587890625 0.052398681640625 -0.059326171875
-0.0981597900390625 0.0803146362304688 0.0348281860351562 -0.113677978515625
-0.0321578979492187 0.129829406738281 -0.0189056396484375 -0.1302490234375
0.0157470703125 0.123924255371094 -0.0682144165039062 -0.122024536132812
0.0182113647460938 0.117324829101563 -0.0825042724609375 -0.117965698242187
0.0164260864257812 0.135536193847656 -0.0654144287109375 -0.138694763183594
-0.02532958984375 0.128700256347656 -0.00982666015625001 -0.150787353515625
-0.0897750854492188 0.0922698974609375 0.05255126953125 -0.139892578125
-0.124038696289063 0.0407943725585938 0.105194091796875 -0.0738601684570313
-0.126480102539063 -0.080474853515625 0.109161376953125 0.013702392578125
-0.0948333740234375 -0.162887573242187 0.0331859588623047 0.0306987762451172
-0.042236328125 -0.190032958984375 0.0224094390869141 0.0319118499755859
-0.0899734497070313 -0.131660461425781 0.117019653320313 -0.268630981445313
-0.108177185058594 -0.0740966796875 0.012603759765625 -0.167327880859375
-0.0964508056640625 -0.00769042968750002 0.00437164306640625 -0.0545578002929688
-0.0615348815917969 0.0329551696777344 0.0558280944824219 -0.0692214965820313
-0.0324745178222656 0.0464668273925781 0.0357666015625 -0.123245239257812
-0.0082855224609375 0.060089111328125 -0.0253448486328125 -0.151824951171875
0.0031585693359375 0.0542793273925781 -0.082122802734375 -0.1485595703125
0.00537872314453125 0.0555305480957031 -0.1002197265625 -0.141250610351563
-0.000301361083984381 0.0663375854492188 -0.0798187255859375 -0.163803100585938
-0.0231742858886719 0.0527267456054688 -0.014251708984375 -0.179290771484375
-0.0463371276855469 0.0299415588378906 0.05328369140625 -0.150619506835938
-0.0501480102539063 0.011993408203125 0.101188659667969 -0.0761566162109375
-0.0537071228027344 -0.033416748046875 0.0857925415039063 0.00241851806640625
-0.0641098022460938 -0.0705413818359375 0.00771856307983398 -0.00478839874267579
-0.0596771240234375 -0.104347229003906 0.0259857177734375 -0.0303325653076172
-0.117401123046875 -0.0381546020507812 0.095367431640625 -0.29791259765625
-0.0925216674804688 0.0147781372070312 -0.00656127929687501 -0.184127807617188
-0.0439300537109375 0.0580635070800781 -0.0149383544921875 -0.0592117309570313
0.0164108276367188 0.0434455871582031 0.0389862060546875 -0.0714111328125
0.0309429168701172 0.00946044921875 0.0225677490234375 -0.113105773925781
0.0150766372680664 -0.0151281356811523 -0.0341339111328125 -0.146896362304688
-0.0101833343505859 -0.0207118988037109 -0.087158203125 -0.150390625
-0.0074167251586914 -0.0140256881713867 -0.10308837890625 -0.14398193359375
-0.0165090560913086 -0.0125494003295898 -0.0785675048828125 -0.168014526367188
-0.0148296356201172 -0.0305252075195312 -0.00715637207031249 -0.18359375
0.00611305236816406 -0.0344867706298828 0.0571060180664063 -0.139625549316406
0.0303020477294922 -0.0125808715820312 0.0954742431640625 -0.0635299682617188
0.0205020904541016 0.0237598419189453 0.0627555847167969 0.003143310546875
-0.0312309265136719 0.0335540771484375 -0.00861167907714844 -0.0204219818115234
-0.0745086669921875 -0.000961303710937508 0.0229339599609375 -0.0638771057128906
0.0839080810546875 -0.113716125488281 0.0196456909179687 0.070465087890625
-0.015899658203125 -0.151748657226563 0.0233535766601562 0.00974082946777343
-0.109542846679688 -0.0741653442382812 -0.0498542785644531 -0.0238304138183594
-0.110298156738281 0.036285400390625 -0.09344482421875 0.0497207641601563
-0.0593109130859375 0.084014892578125 -0.0608444213867188 0.1143798828125
0.0133132934570312 0.103530883789062 0.021728515625 0.166717529296875
0.0497894287109375 0.0931243896484375 0.0915069580078125 0.16015625
0.0329208374023438 0.0856170654296875 0.105262756347656 0.127960205078125
0.0266265869140625 0.0985183715820313 0.0853042602539063 0.126777648925781
-0.0270156860351562 0.0958480834960938 0.0349197387695313 0.133941650390625
-0.0794677734375 0.047760009765625 0.0120773315429688 0.0922012329101562
-0.086151123046875 -0.0243301391601562 0.00951004028320311 0.0633811950683594
-0.0239334106445313 -0.0988540649414063 0.041351318359375 0.105949401855469
0.0631561279296875 -0.1026611328125 0.0599822998046875 0.21173095703125
0.103057861328125 -0.0488128662109375 -0.087066650390625 0.340850830078125
0.0821990966796875 -0.20953369140625 0.0385322570800781 0.0341567993164062
-0.0428924560546875 -0.2310791015625 0.0254688262939453 -0.00709915161132814
-0.160247802734375 -0.132369995117187 -0.0353355407714844 -0.0317192077636719
-0.180801391601563 0.027008056640625 -0.0732421875 0.0259552001953125
-0.115386962890625 0.118759155273437 -0.055633544921875 0.06939697265625
-0.0052642822265625 0.1702880859375 0.00587463378906249 0.120948791503906
0.06121826171875 0.156387329101563 0.060150146484375 0.121879577636719
0.044921875 0.143264770507813 0.0751953125 0.0908432006835938
0.039764404296875 0.1629638671875 0.06451416015625 0.0825347900390625
-0.0308837890625 0.159393310546875 0.0361785888671875 0.08868408203125
-0.117156982421875 0.0983505249023438 0.0332107543945312 0.05120849609375
-0.14459228515625 0.00144958496093749 0.0442428588867187 0.04248046875
-0.0879364013671875 -0.133987426757812 0.0829010009765625 0.104591369628906
0.012847900390625 -0.183792114257812 0.0870513916015625 0.207870483398438
0.0836639404296875 -0.146865844726563 -0.05023193359375 0.32806396484375
0.0671234130859375 -0.275527954101563 0.0626449584960938 -0.0257949829101563
-0.06536865234375 -0.280120849609375 0.0248870849609375 -0.0388374328613281
-0.194198608398438 -0.17352294921875 -0.0230369567871094 -0.0377235412597656
-0.229766845703125 0.013336181640625 -0.04449462890625 0.00281524658203125
-0.157180786132813 0.13726806640625 -0.039306640625 0.0178260803222656
-0.02520751953125 0.212600708007812 -0.00760650634765626 0.05859375
0.0621337890625 0.197250366210938 0.0216255187988281 0.06549072265625
0.0506134033203125 0.180068969726562 0.0323982238769531 0.0404319763183594
0.049774169921875 0.2041015625 0.0319747924804687 0.0256233215332031
-0.02752685546875 0.203842163085938 0.0299415588378906 0.0291500091552735
-0.137252807617187 0.141250610351563 0.0475425720214844 -0.00133514404296874
-0.1876220703125 0.034698486328125 0.0749282836914062 0.0114974975585938
-0.150894165039063 -0.147933959960938 0.117454528808594 0.0902328491210937
-0.0484161376953125 -0.2413330078125 0.101364135742187 0.182785034179688
0.0474700927734375 -0.225265502929687 -0.016632080078125 0.281890869140625
0.036407470703125 -0.30029296875 0.086517333984375 -0.099945068359375
-0.088531494140625 -0.28790283203125 0.0221176147460938 -0.07965087890625
-0.207656860351562 -0.180999755859375 -0.0123481750488281 -0.0429954528808594
-0.244918823242188 0.0072479248046875 -0.0102024078369141 -0.0204143524169922
-0.172714233398437 0.138076782226563 -0.0154762268066406 -0.03656005859375
-0.0389862060546875 0.22308349609375 -0.0175571441650391 -0.0129976272583008
0.0550994873046875 0.20745849609375 -0.0182991027832031 -0.00187301635742187
0.0486907958984375 0.189727783203125 -0.0149240493774414 -0.015934944152832
0.0515899658203125 0.215896606445313 -0.00861358642578125 -0.0359268188476562
-0.021270751953125 0.218399047851563 0.0137710571289063 -0.0384979248046875
-0.139083862304688 0.163162231445312 0.0519065856933594 -0.0605354309082031
-0.204421997070312 0.063201904296875 0.0949859619140625 -0.0273590087890625
-0.192626953125 -0.140960693359375 0.134788513183594 0.0621490478515625
-0.10137939453125 -0.261703491210938 0.0943374633789063 0.136314392089844
0.00624084472656252 -0.2659912109375 0.00740051269531251 0.205093383789062
-0.00703430175781247 -0.280593872070313 0.104461669921875 -0.1761474609375
-0.107650756835937 -0.248336791992187 0.0183029174804687 -0.120880126953125
-0.194931030273438 -0.149093627929687 -0.00236511230468752 -0.0481224060058594
-0.217971801757813 0.0107574462890625 0.023681640625 -0.0442085266113281
-0.153274536132813 0.122161865234375 0.00890350341796874 -0.085418701171875
-0.04022216796875 0.197616577148438 -0.0245361328125 -0.0808639526367187
0.0417022705078125 0.185195922851563 -0.0535430908203125 -0.0675277709960938
0.0404510498046875 0.1707763671875 -0.059478759765625 -0.0702896118164062
0.0431060791015625 0.194900512695313 -0.0489730834960938 -0.0922088623046875
-0.018768310546875 0.196914672851563 -0.00675964355468749 -0.102828979492187
-0.123428344726563 0.151031494140625 0.0474090576171875 -0.113700866699219
-0.184906005859375 0.0686798095703125 0.101753234863281 -0.06304931640625
-0.189498901367188 -0.1175537109375 0.130447387695313 0.0292282104492187
-0.122177124023438 -0.237228393554688 0.0675277709960937 0.078582763671875
-0.02850341796875 -0.257598876953125 0.0208892822265625 0.112068176269531
-0.0534210205078125 -0.22137451171875 0.110061645507813 -0.2430419921875
-0.117172241210937 -0.1707763671875 0.0108489990234375 -0.15472412109375
-0.155670166015625 -0.0854339599609375 0.00271224975585937 -0.0526199340820313
-0.1514892578125 0.020660400390625 0.0467300415039062 -0.063995361328125
-0.102561950683594 0.0906753540039063 0.02447509765625 -0.118820190429688
-0.0286865234375 0.141983032226563 -0.0313720703125 -0.1317138671875
0.0235977172851562 0.133506774902344 -0.0801620483398438 -0.119132995605469
0.0253448486328125 0.125480651855469 -0.0944366455078125 -0.1129150390625
0.025177001953125 0.144729614257813 -0.0808029174804687 -0.1370849609375
-0.02130126953125 0.140357971191406 -0.02392578125 -0.153701782226563
-0.0941543579101562 0.104179382324219 0.0416107177734375 -0.149307250976563
-0.132034301757813 0.0476303100585937 0.100273132324219 -0.0852737426757813
-0.138198852539063 -0.0828704833984375 0.110565185546875 0.00490570068359374
-0.106552124023437 -0.17059326171875 0.0337142944335937 0.0258865356445312
-0.0489349365234375 -0.2012939453125 0.0265750885009766 0.0236759185791015
-0.0930938720703125 -0.133392333984375 0.101959228515625 -0.29296875
-0.110931396484375 -0.0757217407226563 -0.00135803222656252 -0.179168701171875
-0.0995254516601563 -0.00984191894531252 -0.002349853515625 -0.0566596984863281
-0.0660972595214844 0.0319175720214844 0.0502243041992187 -0.0750808715820312
-0.0367240905761719 0.0495681762695312 0.0268707275390625 -0.129753112792969
-0.0105667114257813 0.0661506652832031 -0.038116455078125 -0.155548095703125
0.00390243530273437 0.0620536804199219 -0.0964813232421875 -0.147872924804688
0.00689697265625 0.0621604919433594 -0.114250183105469 -0.138359069824219
0.0013427734375 0.0749282836914063 -0.096710205078125 -0.164154052734375
-0.0253982543945313 0.0618019104003906 -0.0296478271484375 -0.184661865234375
-0.0540390014648437 0.0349617004394531 0.0424041748046875 -0.160995483398438
-0.0571670532226562 0.0118522644042969 0.0972518920898438 -0.0868682861328125
-0.0584297180175781 -0.0391311645507812 0.0858993530273438 -0.0050048828125
-0.0664138793945313 -0.0763702392578125 0.00625324249267578 -0.0100107192993164
-0.0606765747070313 -0.108993530273437 0.0285758972167969 -0.0426597595214844
-0.116561889648437 -0.029998779296875 0.080902099609375 -0.322662353515625
-0.0882492065429688 0.0187759399414062 -0.02117919921875 -0.19610595703125
-0.0375785827636719 0.0577545166015625 -0.021453857421875 -0.0606498718261719
0.0177154541015625 0.0383796691894531 0.0337753295898438 -0.0760574340820313
0.028228759765625 0.00527381896972656 0.0162124633789063 -0.119338989257813
0.00819015502929688 -0.0143833160400391 -0.044586181640625 -0.1507568359375
-0.0157651901245117 -0.0161285400390625 -0.100433349609375 -0.151641845703125
-0.0121660232543945 -0.00999927520751953 -0.117340087890625 -0.143936157226563
-0.0210208892822266 -0.00695228576660156 -0.0947113037109375 -0.170501708984375
-0.0233173370361328 -0.0255775451660156 -0.022430419921875 -0.19140625
-0.0037994384765625 -0.0354766845703125 0.0485382080078125 -0.150161743164063
0.0247859954833984 -0.0187187194824219 0.0938796997070313 -0.07330322265625
0.0230293273925781 0.0159149169921875 0.0632514953613281 -0.00198745727539062
-0.0240898132324219 0.0310878753662109 -0.00975799560546875 -0.0254631042480469
-0.0687141418457031 0.00148391723632811 0.026275634765625 -0.0776519775390625
0.0715789794921875 -0.118881225585938 0.0168075561523437 0.079803466796875
-0.0300140380859375 -0.145660400390625 0.0228996276855469 0.0148735046386719
-0.112716674804688 -0.0629196166992187 -0.0501937866210938 -0.0191535949707031
-0.103157043457031 0.0449676513671875 -0.0911865234375 0.0562820434570313
-0.0497665405273438 0.0876235961914063 -0.0539779663085937 0.119979858398438
0.022979736328125 0.0985870361328125 0.032745361328125 0.1678466796875
0.0588760375976562 0.0858840942382812 0.103042602539063 0.157958984375
0.0414581298828125 0.0805511474609375 0.114402770996094 0.1243896484375
0.0374603271484375 0.0935897827148437 0.0934906005859375 0.125251770019531
-0.0157623291015625 0.0972518920898438 0.04345703125 0.135696411132813
-0.0735015869140625 0.0567550659179688 0.016204833984375 0.0927047729492188
-0.08795166015625 -0.01458740234375 0.0125160217285156 0.0623207092285156
-0.0351791381835937 -0.0951995849609375 0.0509490966796875 0.103103637695313
0.0497817993164063 -0.107978820800781 0.0738983154296875 0.210739135742187
0.094940185546875 -0.060028076171875 -0.069366455078125 0.3533935546875
0.0657501220703125 -0.217453002929687 0.0320167541503906 0.041290283203125
-0.0615386962890625 -0.2259521484375 0.0226917266845703 -0.00229072570800783
-0.169479370117188 -0.121002197265625 -0.0371818542480469 -0.0270271301269531
-0.1767578125 0.0395355224609375 -0.0733795166015625 0.0314788818359375
-0.10528564453125 0.127395629882813 -0.0528106689453125 0.07568359375
0.007720947265625 0.168991088867188 0.0123138427734375 0.124771118164063
0.07476806640625 0.150970458984375 0.0690078735351563 0.123153686523438
0.0576324462890625 0.139328002929687 0.081573486328125 0.091064453125
0.0546875 0.159896850585938 0.0696182250976563 0.0835418701171875
-0.0169525146484375 0.163528442382813 0.0411300659179688 0.0912094116210938
-0.109909057617187 0.110305786132813 0.0337181091308594 0.0501213073730469
-0.147750854492188 0.013702392578125 0.0447044372558594 0.0386161804199219
-0.102706909179688 -0.129508972167969 0.0909576416015625 0.0981216430664063
-0.00500488281250001 -0.1900634765625 0.0999603271484375 0.204544067382813
0.0716705322265625 -0.16009521484375 -0.0328369140625 0.337432861328125
0.0489501953125 -0.28564453125 0.0527267456054688 -0.0221595764160156
-0.086181640625 -0.277389526367188 0.0191783905029297 -0.0348854064941406
-0.207687377929688 -0.162734985351562 -0.0264129638671875 -0.0330333709716797
-0.229690551757813 0.0282440185546875 -0.0466842651367188 0.00709915161132813
-0.147903442382813 0.149169921875 -0.0410118103027344 0.0232772827148438
-0.010650634765625 0.214614868164063 -0.00631713867187501 0.063873291015625
0.07867431640625 0.1939697265625 0.0263328552246094 0.069488525390625
0.065155029296875 0.177902221679688 0.0356101989746094 0.0439109802246094
0.066436767578125 0.202789306640625 0.0317535400390625 0.0288715362548828
-0.011932373046875 0.209503173828125 0.0299835205078125 0.032012939453125
-0.129974365234375 0.155364990234375 0.0441703796386719 -0.00406646728515624
-0.190872192382813 0.0488433837890625 0.0729141235351562 0.00507354736328125
-0.167144775390625 -0.142181396484375 0.12335205078125 0.0806808471679687
-0.0694580078125 -0.245681762695312 0.111312866210937 0.17730712890625
0.0322265625 -0.237960815429688 -0.00283813476562498 0.285247802734375
0.019439697265625 -0.311248779296875 0.0725784301757812 -0.100936889648438
-0.108367919921875 -0.28790283203125 0.0138320922851563 -0.07720947265625
-0.224212646484375 -0.172836303710938 -0.0165824890136719 -0.039398193359375
-0.249542236328125 0.0216827392578125 -0.0144176483154297 -0.0180988311767578
-0.165969848632813 0.152694702148438 -0.0209407806396484 -0.0323543548583984
-0.02508544921875 0.2293701171875 -0.0212078094482422 -0.00716590881347654
0.0706634521484375 0.207427978515625 -0.0181827545166016 0.00480842590332033
0.0629425048828125 0.190078735351563 -0.0156097412109375 -0.00993061065673827
0.068389892578125 0.216445922851563 -0.0134716033935547 -0.0303401947021484
-0.00659179687499999 0.22491455078125 0.00905609130859375 -0.0351715087890625
-0.132492065429688 0.17755126953125 0.0438423156738281 -0.0635871887207031
-0.20697021484375 0.0773162841796875 0.0897369384765625 -0.0347747802734375
-0.208831787109375 -0.134796142578125 0.137351989746094 0.051300048828125
-0.121780395507813 -0.26507568359375 0.100051879882812 0.129646301269531
-0.00872802734375002 -0.277481079101563 0.01776123046875 0.203781127929687
-0.019683837890625 -0.289337158203125 0.087249755859375 -0.182266235351563
-0.123306274414063 -0.250411987304688 0.00614929199218748 -0.121009826660156
-0.20977783203125 -0.144363403320313 -0.00741577148437501 -0.0462608337402344
-0.224700927734375 0.02166748046875 0.0176811218261719 -0.0439491271972656
-0.149612426757813 0.135284423828125 -0.000122070312500017 -0.083831787109375
-0.0296478271484375 0.20562744140625 -0.0327987670898438 -0.0758132934570313
0.0545501708984375 0.187515258789063 -0.0581283569335938 -0.0600090026855468
0.0520782470703125 0.173049926757812 -0.0643653869628906 -0.0624313354492187
0.0564422607421875 0.197540283203125 -0.0575180053710938 -0.0854568481445312
-0.00764465332031249 0.203933715820313 -0.0166015625 -0.0996627807617187
-0.119277954101563 0.164230346679687 0.0360565185546875 -0.116683959960937
-0.18780517578125 0.080322265625 0.094512939453125 -0.0709686279296875
-0.20233154296875 -0.11260986328125 0.130332946777344 0.0195388793945312
-0.138824462890625 -0.23907470703125 0.0695037841796875 0.0717697143554687
-0.040374755859375 -0.266128540039063 0.0263442993164062 0.106849670410156
-0.0615692138671875 -0.224990844726563 0.0908203125 -0.253814697265625
-0.126174926757813 -0.17236328125 -0.00265502929687501 -0.157180786132812
-0.165313720703125 -0.0843658447265625 -0.00299453735351563 -0.0518875122070313
-0.15777587890625 0.02685546875 0.0398521423339844 -0.0659675598144531
-0.103141784667969 0.0993270874023438 0.01409912109375 -0.119735717773438
-0.0238800048828125 0.148956298828125 -0.0420303344726562 -0.127525329589844
0.0315322875976563 0.1375732421875 -0.0886611938476563 -0.112159729003906
0.0333328247070313 0.12908935546875 -0.102157592773437 -0.104652404785156
0.0346221923828125 0.15008544921875 -0.0927886962890625 -0.129508972167969
-0.0150299072265625 0.147994995117188 -0.0366363525390625 -0.150588989257813
-0.09368896484375 0.11358642578125 0.0289764404296875 -0.152816772460938
-0.136405944824219 0.0548248291015625 0.0922775268554687 -0.092315673828125
-0.147506713867188 -0.08258056640625 0.108741760253906 -0.0030364990234375
-0.116180419921875 -0.173492431640625 0.0319557189941406 0.0208358764648437
-0.05584716796875 -0.206863403320313 0.0283393859863281 0.0154953002929687
-0.0942611694335938 -0.131721496582031 0.0830078125 -0.30633544921875
-0.111793518066406 -0.0752334594726562 -0.01568603515625 -0.183486938476563
-0.101104736328125 -0.01123046875 -0.00822067260742188 -0.0566482543945313
-0.0702781677246094 0.0317420959472656 0.043487548828125 -0.0777740478515625
-0.0394821166992188 0.0522193908691406 0.0169906616210937 -0.131645202636719
-0.010986328125 0.0719528198242188 -0.0491485595703125 -0.152816772460938
0.00653076171875 0.0680999755859375 -0.106109619140625 -0.142654418945313
0.00915908813476563 0.0667304992675781 -0.124015808105469 -0.131309509277344
0.00516510009765625 0.0809783935546875 -0.109878540039063 -0.158401489257813
-0.0252189636230469 0.0691452026367188 -0.04388427734375 -0.182815551757812
-0.0588226318359375 0.0414199829101563 0.0304718017578125 -0.164871215820313
-0.0633964538574219 0.0132980346679688 0.0902786254882813 -0.0945510864257813
-0.0636367797851562 -0.0434722900390625 0.0836868286132812 -0.0109329223632813
-0.068145751953125 -0.0807113647460938 0.00328254699707031 -0.0142297744750977
-0.0604095458984375 -0.111335754394531 0.0286865234375 -0.0536231994628906
-0.111747741699219 -0.023284912109375 0.061767578125 -0.336517333984375
-0.0815658569335937 0.0208663940429688 -0.03570556640625 -0.199661254882813
-0.0313796997070312 0.0549163818359375 -0.027191162109375 -0.0594215393066406
0.0177230834960938 0.0323371887207031 0.0277938842773437 -0.0777511596679688
0.0238780975341797 0.00155448913574219 0.00841522216796876 -0.120353698730469
0.00254726409912109 -0.0117759704589844 -0.0534515380859375 -0.149459838867188
-0.0194606781005859 -0.0101604461669922 -0.110427856445312 -0.1470947265625
-0.0155887603759766 -0.00509452819824219 -0.127105712890625 -0.13836669921875
-0.0237808227539063 0.000169754028320315 -0.1083984375 -0.166290283203125
-0.0287628173828125 -0.0193252563476563 -0.037017822265625 -0.1923828125
-0.0126705169677734 -0.0331707000732422 0.0385284423828125 -0.155838012695313
0.0182723999023438 -0.0228443145751953 0.0885086059570313 -0.0807647705078125
0.0236663818359375 0.00762939453125 0.0618667602539063 -0.00635528564453125
-0.0181369781494141 0.0266494750976563 -0.0119781494140625 -0.0299243927001953
-0.0620193481445312 0.00242614746093751 0.026336669921875 -0.0904922485351563
0.0622177124023437 -0.1185302734375 0.014404296875 0.0894851684570312
-0.03790283203125 -0.137886047363281 0.0223522186279297 0.0200290679931641
-0.111610412597656 -0.0543136596679688 -0.0494728088378906 -0.0159645080566406
-0.0958404541015625 0.04901123046875 -0.0887298583984375 0.0590057373046875
-0.0423355102539062 0.0873336791992188 -0.0495071411132812 0.122398376464844
0.0283966064453125 0.0930862426757812 0.0390625 0.167312622070313
0.0634231567382813 0.0792770385742187 0.109237670898438 0.154983520507813
0.0469741821289063 0.0750579833984375 0.119186401367187 0.121681213378906
0.0438766479492187 0.0880279541015625 0.0977401733398438 0.1236572265625
-0.00728607177734375 0.0963516235351563 0.0488052368164062 0.135780334472656
-0.0668525695800781 0.0612373352050781 0.0181884765625 0.0923004150390625
-0.0879058837890625 -0.00798034667968751 0.0136756896972656 0.0611610412597656
-0.0417251586914063 -0.0898666381835937 0.056396484375 0.0995712280273437
0.0392990112304687 -0.109207153320312 0.0812835693359375 0.20941162109375
0.0865936279296875 -0.0666961669921875 -0.05859375 0.35809326171875
0.05377197265625 -0.219314575195313 0.0267143249511719 0.0499191284179687
-0.072021484375 -0.218917846679688 0.0209388732910156 0.0029163360595703
-0.172454833984375 -0.111236572265625 -0.0373573303222656 -0.0233192443847656
-0.171737670898438 0.0460357666015625 -0.0726699829101563 0.0349960327148438
-0.0970993041992188 0.129707336425781 -0.0506210327148438 0.079315185546875
0.01568603515625 0.16473388671875 0.016387939453125 0.126701354980469
0.0821533203125 0.144515991210938 0.0744400024414063 0.123199462890625
0.0648269653320313 0.134414672851563 0.0855255126953125 0.0909194946289063
0.0638580322265625 0.155197143554688 0.0713958740234375 0.0841445922851563
-0.0074920654296875 0.163986206054688 0.0441207885742188 0.0934295654296875
-0.103736877441406 0.117149353027344 0.0330314636230469 0.0494575500488281
-0.148208618164063 0.02178955078125 0.0432281494140625 0.0361213684082031
-0.111801147460937 -0.124671936035156 0.0943756103515625 0.0926055908203125
-0.0181121826171875 -0.19195556640625 0.106002807617188 0.200653076171875
0.0616302490234375 -0.167526245117188 -0.024017333984375 0.338958740234375
0.037384033203125 -0.28875732421875 0.0436744689941406 -0.0153732299804688
-0.098419189453125 -0.272674560546875 0.0157413482666016 -0.0296039581298828
-0.214263916015625 -0.154067993164063 -0.0271530151367188 -0.0293865203857422
-0.227813720703125 0.0367279052734375 -0.0478897094726563 0.010284423828125
-0.140045166015625 0.154220581054688 -0.04217529296875 0.0274810791015625
-0.00157165527343748 0.213485717773438 -0.00521087646484374 0.068115234375
0.0870208740234375 0.189682006835938 0.0298843383789063 0.0727462768554688
0.073516845703125 0.174407958984375 0.0380783081054688 0.0464553833007813
0.07708740234375 0.19952392578125 0.0317592620849609 0.0322551727294922
-0.00151062011718751 0.211105346679688 0.0301475524902344 0.0351295471191406
-0.123565673828125 0.163589477539063 0.0404586791992187 -0.00428009033203124
-0.191650390625 0.0582275390625 0.0687522888183594 0.001678466796875
-0.177413940429688 -0.137237548828125 0.124595642089844 0.0735015869140625
-0.0827789306640625 -0.246963500976562 0.1148681640625 0.17181396484375
0.0223388671875 -0.245346069335938 0.00411987304687497 0.284759521484375
0.00912475585937501 -0.315765380859375 0.0612716674804688 -0.09765625
-0.119354248046875 -0.284912109375 0.00763702392578124 -0.0730514526367188
-0.232879638671875 -0.166427612304687 -0.01861572265625 -0.0360603332519531
-0.25018310546875 0.030792236328125 -0.0173473358154297 -0.0156221389770508
-0.160614013671875 0.15966796875 -0.0247821807861328 -0.0287799835205078
-0.01666259765625 0.230621337890625 -0.0231571197509766 -0.00156402587890624
0.0799560546875 0.204788208007813 -0.0172576904296875 0.010040283203125
0.071441650390625 0.188232421875 -0.014979362487793 -0.00484466552734374
0.07794189453125 0.215133666992188 -0.0159950256347656 -0.0245189666748047
0.00265502929687499 0.227783203125 0.00645065307617188 -0.0307559967041016
-0.127410888671875 0.185760498046875 0.0376625061035156 -0.0630531311035156
-0.207717895507812 0.0859222412109375 0.0836715698242187 -0.03851318359375
-0.218002319335937 -0.131027221679687 0.135856628417969 0.044097900390625
-0.134674072265625 -0.26568603515625 0.101005554199219 0.123817443847656
-0.01800537109375 -0.2830810546875 0.0215606689453125 0.2003173828125
-0.026153564453125 -0.2939453125 0.0743865966796875 -0.182281494140625
-0.131729125976562 -0.249847412109375 -0.0015106201171875 -0.118606567382813
-0.21923828125 -0.141433715820313 -0.0110588073730469 -0.0436172485351563
-0.22833251953125 0.0287017822265625 0.0131416320800781 -0.0429306030273438
-0.147171020507813 0.141769409179688 -0.00618743896484376 -0.080291748046875
-0.0239105224609375 0.209548950195312 -0.0372390747070312 -0.0700721740722656
0.0623321533203125 0.18756103515625 -0.05938720703125 -0.0530967712402344
0.05859375 0.17327880859375 -0.0655174255371094 -0.0558280944824219
0.065673828125 0.1988525390625 -0.0625991821289063 -0.0789871215820312
-0.000411987304687478 0.207992553710938 -0.0218887329101563 -0.0943832397460938
-0.115982055664062 0.171585083007813 0.0280914306640625 -0.11627197265625
-0.189361572265625 0.0869140625 0.0871200561523437 -0.0746536254882813
-0.210052490234375 -0.110595703125 0.126800537109375 0.0128555297851562
-0.149215698242188 -0.240814208984375 0.06768798828125 0.0671730041503906
-0.0462799072265625 -0.270660400390625 0.0276107788085938 0.100936889648437
-0.06268310546875 -0.228607177734375 0.077484130859375 -0.256668090820313
-0.129165649414063 -0.173965454101563 -0.01220703125 -0.15716552734375
-0.171554565429688 -0.0846405029296875 -0.00699615478515626 -0.0505599975585938
-0.16265869140625 0.0299224853515625 0.0342063903808594 -0.0653648376464844
-0.103019714355469 0.10443115234375 0.00748443603515624 -0.117424011230469
-0.0208892822265625 0.15460205078125 -0.0481033325195312 -0.121940612792969
0.0370559692382813 0.14044189453125 -0.0921401977539063 -0.105232238769531
0.0377044677734375 0.131813049316406 -0.104972839355469 -0.0981903076171875
0.0400543212890625 0.152755737304688 -0.0986709594726563 -0.123138427734375
-0.0110626220703125 0.153457641601563 -0.0443572998046875 -0.145965576171875
-0.093963623046875 0.1202392578125 0.02056884765625 -0.152267456054688
-0.139404296875 0.0586090087890625 0.08526611328125 -0.0949554443359375
-0.153305053710937 -0.0834197998046875 0.104476928710937 -0.00774383544921875
-0.1214599609375 -0.176162719726563 0.0292987823486328 0.0169391632080078
-0.057647705078125 -0.21026611328125 0.0279426574707031 0.00764465332031249
-0.0914764404296875 -0.132339477539063 0.07037353515625 -0.3115234375
-0.110137939453125 -0.07708740234375 -0.024871826171875 -0.1845703125
-0.103302001953125 -0.0142974853515625 -0.01202392578125 -0.0557098388671875
-0.0742721557617188 0.030303955078125 0.0387191772460937 -0.0777130126953125
-0.0421943664550781 0.0540199279785156 0.0109481811523437 -0.130447387695313
-0.0118408203125 0.0766220092773438 -0.0549163818359375 -0.148956298828125
0.007965087890625 0.072509765625 -0.1112060546875 -0.13671875
0.0105361938476562 0.0705490112304688 -0.127693176269531 -0.125190734863281
0.0073089599609375 0.0853500366210938 -0.116653442382813 -0.151565551757813
-0.0250930786132813 0.0758895874023438 -0.0526580810546875 -0.178558349609375
-0.0621986389160156 0.0473098754882813 0.0218505859375 -0.165573120117188
-0.0684242248535156 0.0139083862304688 0.0839996337890625 -0.0972442626953125
-0.0670509338378906 -0.0477561950683594 0.080078125 -0.0141677856445313
-0.0688858032226563 -0.0849075317382812 0.000480651855468745 -0.0178623199462891
-0.0574493408203125 -0.113479614257813 0.0274810791015625 -0.0630912780761719
-0.105133056640625 -0.0201187133789063 0.049896240234375 -0.342010498046875
-0.0755691528320312 0.0196380615234375 -0.0442657470703125 -0.201461791992188
-0.0286674499511719 0.0505599975585937 -0.0303916931152344 -0.058441162109375
0.0149402618408203 0.0272464752197266 0.0236892700195312 -0.0773239135742188
0.0197982788085937 0.000553131103515625 0.0041961669921875 -0.119781494140625
-0.00189590454101562 -0.00863933563232422 -0.0584869384765625 -0.1470947265625
-0.0210227966308594 -0.00452995300292969 -0.115371704101562 -0.144271850585938
-0.0166788101196289 -0.000576019287109378 -0.131660461425781 -0.133445739746094
-0.0252494812011719 0.00617599487304687 -0.115158081054687 -0.161666870117188
-0.0322742462158203 -0.0125083923339844 -0.04656982421875 -0.189682006835938
-0.0193538665771484 -0.0293598175048828 0.03106689453125 -0.156707763671875
0.0117855072021484 -0.0249671936035156 0.0840606689453125 -0.0837020874023438
0.0218372344970703 0.000989913940429688 0.0597114562988281 -0.00868606567382813
-0.0140590667724609 0.0204811096191406 -0.0136432647705078 -0.0336627960205078
-0.0549812316894531 0.000785827636718755 0.0261764526367187 -0.100921630859375
0.0565414428710938 -0.118064880371094 0.011199951171875 0.100074768066406
-0.0422210693359375 -0.13250732421875 0.0223102569580078 0.0255718231201172
-0.110748291015625 -0.049468994140625 -0.04876708984375 -0.013916015625
-0.0911712646484375 0.0504074096679688 -0.0881118774414063 0.0609664916992187
-0.038360595703125 0.0870285034179688 -0.0481491088867188 0.123832702636719
0.0313262939453125 0.0897216796875 0.0425567626953125 0.169021606445313
0.0663070678710938 0.07391357421875 0.1131591796875 0.155593872070313
0.0499725341796875 0.0713729858398438 0.122001647949219 0.122528076171875
0.048065185546875 0.084197998046875 0.100860595703125 0.125579833984375
-0.00170135498046875 0.0956497192382813 0.0521392822265625 0.138031005859375
-0.0629119873046875 0.0644302368164063 0.018524169921875 0.0934677124023438
-0.087799072265625 -0.00315093994140625 0.0127296447753906 0.0609207153320313
-0.0460968017578125 -0.0862655639648438 0.0593185424804687 0.0985565185546875
0.0326156616210938 -0.109970092773438 0.0849456787109375 0.211044311523438
0.0808563232421875 -0.0710830688476563 -0.055877685546875 0.365264892578125
0.048583984375 -0.222122192382813 0.0218696594238281 0.0595855712890625
-0.0774993896484375 -0.215835571289062 0.0198230743408203 0.00824737548828124
-0.173873901367187 -0.107421875 -0.0372886657714844 -0.0209236145019531
-0.169830322265625 0.04876708984375 -0.073211669921875 0.0372161865234375
-0.0933380126953125 0.131507873535156 -0.0508499145507813 0.0821533203125
0.0194244384765625 0.163787841796875 0.018218994140625 0.130157470703125
0.0864715576171875 0.141067504882813 0.0782012939453125 0.12603759765625
0.0687789916992187 0.132484436035156 0.0882644653320313 0.0934677124023438
0.0697174072265625 0.152786254882813 0.0733871459960938 0.0870895385742188
-0.000961303710937506 0.165679931640625 0.046112060546875 0.0959243774414063
-0.100555419921875 0.122360229492187 0.0317459106445312 0.0504837036132813
-0.150588989257813 0.02685546875 0.0411872863769531 0.0352745056152344
-0.119171142578125 -0.122840881347656 0.0963287353515625 0.09051513671875
-0.0269775390625 -0.195281982421875 0.108505249023438 0.201416015625
0.0560302734375 -0.174896240234375 -0.022552490234375 0.344451904296875
0.03253173828125 -0.294281005859375 0.0376472473144531 -0.00831985473632814
-0.1051025390625 -0.272262573242188 0.0134944915771484 -0.0252246856689453
-0.220230102539063 -0.152328491210937 -0.0279827117919922 -0.0268726348876953
-0.228591918945313 0.0402069091796875 -0.04901123046875 0.0132102966308594
-0.1380615234375 0.158050537109375 -0.0435829162597656 0.0310707092285156
0.00225830078124999 0.214736938476563 -0.00492095947265624 0.0725021362304688
0.09271240234375 0.187637329101562 0.0326919555664063 0.0767135620117188
0.0789337158203125 0.174362182617188 0.0400428771972656 0.0499038696289063
0.0836029052734375 0.199554443359375 0.0315666198730469 0.036590576171875
0.00477600097656249 0.214385986328125 0.0306930541992188 0.0384941101074219
-0.1219482421875 0.1705322265625 0.0378227233886719 -0.00394439697265624
-0.195404052734375 0.063140869140625 0.0658683776855469 0.000328063964843754
-0.185760498046875 -0.137435913085937 0.125167846679688 0.07086181640625
-0.092803955078125 -0.252838134765625 0.115951538085938 0.170944213867188
0.01715087890625 -0.253585815429688 0.00561523437499997 0.287628173828125
0.005462646484375 -0.3231201171875 0.05419921875 -0.093292236328125
-0.1263427734375 -0.288177490234375 0.00425720214843749 -0.06988525390625
-0.24066162109375 -0.166168212890625 -0.019866943359375 -0.0338172912597656
-0.2550048828125 0.03466796875 -0.0194339752197266 -0.0134525299072266
-0.160232543945312 0.164642333984375 -0.0279254913330078 -0.0248146057128906
-0.0131378173828125 0.234756469726563 -0.0245075225830078 0.00317382812500001
0.0858612060546875 0.205596923828125 -0.0156431198120117 0.0150127410888672
0.0763702392578125 0.1904296875 -0.0142078399658203 -0.000597000122070302
0.0849456787109375 0.217086791992188 -0.017425537109375 -0.0201587677001953
0.00775146484375 0.232742309570313 0.00520896911621094 -0.0273075103759765
-0.126495361328125 0.193267822265625 0.033966064453125 -0.0630035400390625
-0.212905883789063 0.0907897949218751 0.0794219970703125 -0.0399932861328125
-0.226318359375 -0.131454467773438 0.134986877441406 0.0406570434570313
-0.14373779296875 -0.271484375 0.100357055664062 0.122482299804687
-0.02166748046875 -0.2921142578125 0.0218658447265625 0.2001953125
-0.027862548828125 -0.30169677734375 0.066650390625 -0.181716918945313
-0.137237548828125 -0.25537109375 -0.00662994384765625 -0.117813110351563
-0.227432250976563 -0.143463134765625 -0.0125732421875 -0.0421218872070313
-0.234893798828125 0.0315093994140625 0.0103340148925781 -0.0407371520996094
-0.148529052734375 0.147613525390625 -0.00979614257812502 -0.0775985717773438
-0.0212554931640625 0.2152099609375 -0.0399055480957031 -0.0660438537597656
0.0671539306640625 0.190780639648438 -0.0598831176757812 -0.0495414733886719
0.06292724609375 0.176895141601563 -0.0660858154296875 -0.0515594482421875
0.07086181640625 0.202423095703125 -0.0658645629882812 -0.074432373046875
0.00358581542968749 0.213943481445313 -0.02435302734375 -0.0917129516601562
-0.117279052734375 0.178619384765625 0.0236968994140625 -0.116233825683594
-0.194488525390625 0.090850830078125 0.082977294921875 -0.0759963989257813
-0.218612670898437 -0.113204956054688 0.124496459960938 0.0104827880859375
-0.156448364257812 -0.24676513671875 0.0656013488769531 0.0652885437011719
-0.04766845703125 -0.27911376953125 0.0270156860351563 0.0975112915039062
-0.0614471435546875 -0.235641479492187 0.070098876953125 -0.260284423828125
-0.131515502929687 -0.180496215820313 -0.017578125 -0.158203125
-0.17828369140625 -0.0885467529296875 -0.00939941406250001 -0.0500984191894531
-0.170242309570313 0.0305328369140625 0.0314140319824219 -0.0645523071289063
-0.105964660644531 0.108749389648438 0.00334167480468749 -0.115669250488281
-0.0206298828125 0.160552978515625 -0.0510711669921875 -0.119338989257812
0.040313720703125 0.145095825195313 -0.0938491821289063 -0.10260009765625
0.040069580078125 0.136192321777344 -0.107063293457031 -0.0947952270507813
0.0441436767578125 0.15789794921875 -0.103103637695313 -0.118949890136719
-0.00959777832031248 0.16015625 -0.0481719970703125 -0.143234252929688
-0.0970077514648437 0.127128601074219 0.0157623291015625 -0.152542114257813
-0.145370483398438 0.0604705810546875 0.081451416015625 -0.096923828125
-0.159744262695313 -0.088043212890625 0.1014404296875 -0.00972747802734376
-0.126358032226562 -0.182907104492188 0.0263195037841797 0.0145778656005859
-0.056488037109375 -0.217300415039063 0.0266914367675781 0.00117111206054686
-0.0877838134765625 -0.136909484863281 0.064208984375 -0.3179931640625
-0.108680725097656 -0.0827255249023437 -0.0305938720703125 -0.188339233398438
-0.106109619140625 -0.0190582275390625 -0.014556884765625 -0.0556526184082031
-0.0801315307617188 0.0289306640625 0.0358734130859375 -0.0775985717773438
-0.0460357666015625 0.0558090209960938 0.00738525390624999 -0.129898071289063
-0.0135498046875 0.0821914672851562 -0.057861328125 -0.147903442382813
0.00902557373046875 0.0772933959960937 -0.11383056640625 -0.135894775390625
0.0120010375976562 0.07513427734375 -0.130180358886719 -0.123458862304688
0.00907897949218749 0.0912704467773438 -0.12164306640625 -0.149139404296875
-0.02587890625 0.0819015502929688 -0.057586669921875 -0.177749633789063
-0.0666961669921875 0.0520362854003906 0.01788330078125 -0.166290283203125
-0.0742111206054688 0.0144729614257812 0.0815963745117187 -0.0988616943359375
-0.0715560913085937 -0.0529251098632813 0.0778427124023438 -0.0149993896484375
-0.0699386596679688 -0.0911941528320312 -0.00298881530761719 -0.0209789276123047
-0.053985595703125 -0.119049072265625 0.0273818969726562 -0.0719528198242188
-0.0998764038085938 -0.0208511352539063 0.0458984375 -0.3504638671875
-0.07147216796875 0.0159530639648438 -0.048583984375 -0.205764770507813
-0.0276145935058594 0.0467147827148438 -0.0325660705566406 -0.058807373046875
0.0120773315429688 0.0240478515625 0.0224990844726563 -0.0776596069335937
0.0156421661376953 -0.00029754638671875 0.00239562988281251 -0.119941711425781
-0.00507831573486328 -0.00490808486938477 -0.0604095458984375 -0.14764404296875
-0.0226268768310547 3.24249267578158E-05 -0.11822509765625 -0.144744873046875
-0.0180740356445313 0.00361442565917969 -0.135032653808594 -0.132965087890625
-0.0255661010742188 0.0108394622802734 -0.120101928710938 -0.161529541015625
-0.0344886779785156 -0.00674438476562501 -0.0518646240234375 -0.190170288085937
-0.0247821807861328 -0.0261802673339844 0.0277862548828125 -0.159011840820313
0.00701713562011719 -0.0261917114257813 0.08282470703125 -0.08587646484375
0.0197372436523438 -0.004974365234375 0.0582313537597656 -0.00954437255859375
-0.0123367309570313 0.015040397644043 -0.0159187316894531 -0.0373954772949219
-0.0493507385253906 -0.00217819213867189 0.026763916015625 -0.111724853515625
0.0540771484375 -0.119789123535156 0.0088653564453125 0.113388061523437
-0.0463180541992188 -0.130668640136719 0.0223503112792969 0.03179931640625
-0.11224365234375 -0.04693603515625 -0.0490303039550781 -0.0124664306640625
-0.0894546508789062 0.0521697998046875 -0.090576171875 0.0637435913085938
-0.0354385375976563 0.0886383056640625 -0.0483551025390625 0.128929138183594
0.0340805053710937 0.0884246826171875 0.0456085205078125 0.17431640625
0.06964111328125 0.0717544555664063 0.119842529296875 0.16082763671875
0.0529327392578125 0.0699653625488281 0.12750244140625 0.127174377441406
0.0527877807617187 0.0821990966796875 0.105842590332031 0.1309814453125
0.0029144287109375 0.0966949462890625 0.0558624267578125 0.143341064453125
-0.0606765747070312 0.0679244995117188 0.018707275390625 0.0969772338867187
-0.0903472900390625 0.000274658203124985 0.0123405456542969 0.063140869140625
-0.0506973266601562 -0.085418701171875 0.063201904296875 0.0998306274414062
0.0274887084960937 -0.113128662109375 0.0898895263671875 0.218719482421875
0.0762863159179688 -0.0756301879882813 -0.0567626953125 0.3817138671875
0.0458831787109375 -0.228668212890625 0.017974853515625 0.071075439453125
-0.0838470458984375 -0.217926025390625 0.0189800262451172 0.0140323638916015
-0.180145263671875 -0.10687255859375 -0.0377883911132813 -0.0197677612304688
-0.172027587890625 0.05084228515625 -0.0754470825195313 0.0398635864257812
-0.0933151245117188 0.135337829589844 -0.0524673461914063 0.0867462158203125
0.022674560546875 0.167037963867187 0.0202407836914063 0.136489868164063
0.091888427734375 0.141571044921875 0.0832901000976563 0.131874084472656
0.0737838745117187 0.134559631347656 0.0928115844726563 0.0985031127929688
0.075897216796875 0.154983520507813 0.0764999389648438 0.0927810668945313
0.00390625000000001 0.170806884765625 0.0495834350585938 0.100997924804688
-0.100555419921875 0.130203247070312 0.0314788818359375 0.0527458190917969
-0.156692504882813 0.0318145751953125 0.04034423828125 0.0368156433105469
-0.127769470214844 -0.124603271484375 0.0999374389648437 0.0906600952148437
-0.035491943359375 -0.2032470703125 0.112533569335937 0.207046508789063
0.0525054931640625 -0.184768676757813 -0.023101806640625 0.35858154296875
0.030120849609375 -0.305999755859375 0.0330905914306641 -0.000303268432617206
-0.112716674804688 -0.278961181640625 0.0118236541748047 -0.0213890075683594
-0.229446411132813 -0.153961181640625 -0.0289173126220703 -0.0262184143066406
-0.23626708984375 0.0440216064453125 -0.0511970520019531 0.015716552734375
-0.140335083007812 0.164505004882813 -0.0456581115722656 0.0350303649902344
0.00511169433593752 0.222396850585937 -0.0043182373046875 0.078643798828125
0.0988616943359375 0.1917724609375 0.0362625122070313 0.0821762084960938
0.0844573974609375 0.178421020507813 0.0427093505859375 0.0548515319824219
0.0909881591796875 0.204513549804688 0.0327377319335938 0.0417289733886719
0.00946044921874998 0.222808837890625 0.0325279235839844 0.0423393249511719
-0.123138427734375 0.180374145507813 0.0363044738769531 -0.00257110595703124
-0.20416259765625 0.0688018798828125 0.0642356872558594 0.000308990478515629
-0.198745727539063 -0.141448974609375 0.128021240234375 0.069854736328125
-0.10467529296875 -0.262939453125 0.1185302734375 0.175308227539062
0.0137939453125 -0.267181396484375 0.00512695312499998 0.29827880859375
0.00326538085937498 -0.337249755859375 0.0490341186523438 -0.0901336669921875
-0.13433837890625 -0.297607421875 0.000553131103515619 -0.0683250427246094
-0.253997802734375 -0.170455932617188 -0.0211830139160156 -0.0330390930175781
-0.265426635742188 0.038970947265625 -0.0211124420166016 -0.0111465454101562
-0.164230346679688 0.17266845703125 -0.0306835174560547 -0.0221328735351562
-0.0105743408203125 0.244583129882813 -0.0255985260009766 0.00786972045898439
0.092498779296875 0.212142944335938 -0.0140800476074219 0.018880844116211
0.082275390625 0.196563720703125 -0.0141763687133789 0.00348758697509767
0.0929107666015625 0.225006103515625 -0.0188884735107422 -0.0156917572021484
0.0128021240234375 0.243133544921875 0.00555419921875 -0.0250148773193359
-0.129440307617187 0.205612182617188 0.0315208435058594 -0.0638809204101562
-0.22283935546875 0.09722900390625 0.0777359008789062 -0.041748046875
-0.24090576171875 -0.136367797851563 0.136810302734375 0.0392379760742187
-0.15673828125 -0.283538818359375 0.101318359375 0.124435424804687
-0.025054931640625 -0.30767822265625 0.0213775634765625 0.20556640625
-0.028533935546875 -0.317169189453125 0.0619659423828125 -0.185317993164063
-0.1439208984375 -0.26708984375 -0.0107040405273438 -0.1195068359375
-0.24102783203125 -0.148605346679688 -0.0148429870605469 -0.0418319702148438
-0.2481689453125 0.0352630615234375 0.00865173339843749 -0.0395889282226563
-0.154678344726563 0.15576171875 -0.012237548828125 -0.076904296875
-0.0195465087890625 0.226165771484375 -0.0421104431152344 -0.0635185241699219
0.0729217529296875 0.198623657226563 -0.0610923767089844 -0.047149658203125
0.067718505859375 0.184738159179688 -0.067474365234375 -0.0494728088378906
0.077606201171875 0.210983276367188 -0.0689926147460937 -0.0713348388671875
0.0071868896484375 0.22479248046875 -0.0267562866210938 -0.0909500122070313
-0.121719360351563 0.189865112304688 0.0209274291992187 -0.118751525878906
-0.20489501953125 0.096588134765625 0.0813980102539063 -0.0783920288085938
-0.232025146484375 -0.119277954101562 0.125205993652344 0.00919342041015624
-0.167572021484375 -0.25860595703125 0.0645828247070312 0.0660476684570312
-0.0498046875 -0.293731689453125 0.0260391235351562 0.0964279174804687
-0.0608673095703125 -0.248443603515625 0.0665130615234375 -0.26971435546875
-0.13714599609375 -0.191421508789063 -0.023101806640625 -0.164306640625
-0.189208984375 -0.094207763671875 -0.0120162963867188 -0.0515060424804688
-0.181838989257812 0.032379150390625 0.0299301147460937 -0.06512451171875
-0.112533569335937 0.115013122558594 0.000862121582031233 -0.116920471191406
-0.0206298828125 0.17108154296875 -0.0544815063476563 -0.120292663574219
0.04376220703125 0.152877807617188 -0.0971908569335938 -0.103195190429687
0.0435638427734375 0.143478393554687 -0.110801696777344 -0.0944366455078125
0.048583984375 0.166778564453125 -0.108360290527344 -0.117965698242188
-0.00823974609375 0.17010498046875 -0.0519256591796875 -0.144973754882812
-0.102584838867187 0.136184692382813 0.0128936767578125 -0.156982421875
-0.154586791992187 0.0639495849609375 0.0804672241210937 -0.09991455078125
-0.171279907226563 -0.094085693359375 0.102088928222656 -0.0103759765625
-0.133895874023438 -0.19366455078125 0.0239524841308594 0.0131340026855469
-0.0561370849609375 -0.229629516601562 0.0263996124267578 -0.00505638122558595
-0.085968017578125 -0.145309448242188 0.061767578125 -0.33245849609375
-0.110748291015625 -0.09100341796875 -0.0359649658203125 -0.197052001953125
-0.112777709960937 -0.0239334106445313 -0.0166358947753906 -0.0580673217773438
-0.0881118774414063 0.028350830078125 0.0349884033203125 -0.0790023803710938
-0.0510597229003906 0.0587120056152344 0.00573730468749999 -0.13201904296875
-0.0149002075195312 0.08929443359375 -0.0615386962890625 -0.150726318359375
0.0107421875 0.0841293334960938 -0.117973327636719 -0.138389587402344
0.0124053955078125 0.0818328857421875 -0.135421752929688 -0.125030517578125
0.0105056762695312 0.0986709594726563 -0.127471923828125 -0.150604248046875
-0.0259017944335938 0.0905990600585938 -0.06201171875 -0.180831909179688
-0.072265625 0.0582122802734375 0.0155487060546875 -0.171493530273438
-0.0817718505859375 0.015106201171875 0.0809707641601563 -0.102867126464844
-0.0777740478515625 -0.0596466064453125 0.0782318115234375 -0.016265869140625
-0.0731582641601562 -0.0996017456054688 -0.00568580627441407 -0.0239295959472656
-0.0512771606445313 -0.127861022949219 0.02734375 -0.0834579467773438
-0.0973281860351562 -0.0229263305664062 0.044677734375 -0.366912841796875
-0.0703582763671875 0.0125885009765625 -0.053466796875 -0.2158203125
-0.0283737182617188 0.0433158874511719 -0.0352554321289062 -0.0606117248535156
0.00899696350097656 0.022369384765625 0.0215301513671875 -0.0790328979492188
0.0127906799316406 -0.000510215759277344 0.0014495849609375 -0.122779846191406
-0.00758838653564453 -0.00170612335205078 -0.0634002685546875 -0.152328491210938
-0.0234088897705078 0.00433921813964844 -0.123764038085937 -0.149734497070313
-0.0193672180175781 0.00776863098144531 -0.140640258789063 -0.136474609375
-0.0264835357666016 0.0152988433837891 -0.126556396484375 -0.16497802734375
-0.0369110107421875 -0.00139236450195312 -0.0569610595703125 -0.194915771484375
-0.0295791625976563 -0.02362060546875 0.025421142578125 -0.164688110351563
0.00196266174316406 -0.0272331237792969 0.08380126953125 -0.0897369384765625
0.0171022415161133 -0.0102758407592773 0.0586967468261719 -0.010650634765625
-0.0114316940307617 0.010009765625 -0.0183372497558594 -0.0418891906738281
-0.0453224182128906 -0.00639343261718751 0.0273818969726563 -0.124641418457031
0.0503005981445312 -0.124031066894531 0.00930786132812501 0.129638671875
-0.0535430908203125 -0.129859924316406 0.0245246887207031 0.038787841796875
-0.116203308105469 -0.0437469482421875 -0.0500984191894531 -0.0106124877929688
-0.088531494140625 0.0557098388671875 -0.0931549072265625 0.0697174072265625
-0.032318115234375 0.0918426513671875 -0.0469512939453125 0.136528015136719
0.0384902954101563 0.0893478393554688 0.0527801513671875 0.182266235351563
0.0754013061523438 0.0693817138671875 0.130905151367187 0.16729736328125
0.0587501525878906 0.0687675476074219 0.137939453125 0.132080078125
0.059478759765625 0.0814590454101563 0.114959716796875 0.135795593261719
0.00870513916015626 0.0996017456054688 0.0639190673828125 0.149917602539063
-0.0584640502929687 0.0741806030273438 0.0215377807617188 0.102279663085938
-0.0937271118164063 0.00563049316406249 0.0133438110351562 0.0666007995605469
-0.057098388671875 -0.0854644775390625 0.069610595703125 0.102264404296875
0.020904541015625 -0.117950439453125 0.0999908447265625 0.228439331054687
0.0731430053710938 -0.0825881958007813 -0.05084228515625 0.406280517578125
0.0401763916015625 -0.241500854492188 0.0166397094726563 0.0847854614257812
-0.0958709716796875 -0.222671508789063 0.0191326141357422 0.0195980072021484
-0.191375732421875 -0.105880737304687 -0.0389633178710938 -0.0183525085449219
-0.176986694335938 0.05780029296875 -0.0780792236328125 0.0448532104492188
-0.0926666259765625 0.143844604492188 -0.053619384765625 0.0938796997070313
0.0281982421875 0.172683715820313 0.025177001953125 0.144454956054687
0.100418090820312 0.143280029296875 0.0928573608398438 0.13885498046875
0.0826950073242187 0.1370849609375 0.100334167480469 0.103843688964844
0.0867919921875 0.158523559570313 0.0833358764648438 0.098388671875
0.011993408203125 0.178863525390625 0.0558013916015625 0.106788635253906
-0.100082397460937 0.141311645507813 0.032684326171875 0.0559158325195313
-0.164764404296875 0.0406494140625 0.0409126281738281 0.0381965637207031
-0.141357421875 -0.126907348632813 0.106788635253906 0.0910110473632813
-0.048797607421875 -0.213272094726563 0.121978759765625 0.216033935546875
0.046417236328125 -0.199050903320313 -0.017181396484375 0.38031005859375
0.022430419921875 -0.3250732421875 0.0294361114501953 0.00829315185546873
-0.12738037109375 -0.28814697265625 0.00963497161865234 -0.0167150497436524
-0.247055053710937 -0.154632568359375 -0.0298252105712891 -0.0244026184082031
-0.246856689453125 0.0527191162109375 -0.0537986755371094 0.0196800231933594
-0.142684936523438 0.176559448242188 -0.0480117797851563 0.0404701232910156
0.0118255615234375 0.233688354492187 -0.00246429443359376 0.0857162475585938
0.109893798828125 0.197097778320313 0.0424118041992188 0.0888137817382813
0.0944976806640625 0.18524169921875 0.0476531982421875 0.0600090026855469
0.104217529296875 0.2122802734375 0.035797119140625 0.0471687316894531
0.019439697265625 0.234832763671875 0.0363349914550781 0.0461654663085938
-0.12396240234375 0.196197509765625 0.0361785888671875 -0.00273513793945311
-0.215362548828125 0.080902099609375 0.0640716552734375 -0.00079727172851562
-0.217361450195313 -0.14361572265625 0.133987426757813 0.0687179565429687
-0.122512817382813 -0.276321411132813 0.126556396484375 0.181442260742187
0.005279541015625 -0.286529541015625 0.00985717773437499 0.314117431640625
-0.00460815429687496 -0.35919189453125 0.0442123413085937 -0.0894622802734375
-0.150299072265625 -0.310577392578125 -0.00347518920898439 -0.0678787231445313
-0.273818969726563 -0.172760009765625 -0.0233192443847656 -0.0322017669677735
-0.280899047851563 0.0483551025390625 -0.0237693786621094 -0.00907135009765624
-0.169509887695313 0.186843872070313 -0.0336933135986328 -0.0192718505859375
-0.00349426269531251 0.259231567382813 -0.0263919830322266 0.012664794921875
0.10400390625 0.220657348632813 -0.0127334594726562 0.0236129760742188
0.093780517578125 0.205276489257813 -0.0126018524169922 0.00722980499267579
0.106170654296875 0.234893798828125 -0.0204944610595703 -0.0116691589355469
0.0226287841796875 0.257476806640625 0.00527763366699219 -0.0234851837158203
-0.130950927734375 0.22320556640625 0.0294837951660156 -0.0667190551757812
-0.23590087890625 0.110687255859375 0.0768966674804687 -0.0447616577148437
-0.262191772460938 -0.13824462890625 0.141464233398437 0.0368804931640625
-0.177276611328125 -0.296783447265625 0.106163024902344 0.128143310546875
-0.033935546875 -0.3280029296875 0.0250701904296875 0.213775634765625
-0.035614013671875 -0.338836669921875 0.0554962158203125 -0.193084716796875
-0.15911865234375 -0.2803955078125 -0.01806640625 -0.123146057128906
-0.262054443359375 -0.1524658203125 -0.0184402465820313 -0.0428199768066406
-0.264434814453125 0.044097900390625 0.00654602050781248 -0.0398292541503906
-0.1605224609375 0.170486450195312 -0.0170669555664063 -0.0776214599609375
-0.0146636962890625 0.2420654296875 -0.0460586547851562 -0.0616188049316406
0.083648681640625 0.208999633789063 -0.063446044921875 -0.0445747375488281
0.0778656005859375 0.194320678710938 -0.0711441040039063 -0.0469131469726562
0.0890960693359375 0.223175048828125 -0.0751800537109375 -0.0689773559570312
0.0155181884765625 0.238784790039063 -0.030426025390625 -0.092071533203125
-0.12408447265625 0.208038330078125 0.0165023803710938 -0.12396240234375
-0.217864990234375 0.108673095703125 0.0803909301757812 -0.0834503173828125
-0.252197265625 -0.122100830078125 0.128150939941406 0.00608062744140624
-0.186691284179688 -0.271835327148438 0.0651016235351562 0.0668563842773438
-0.0570068359375 -0.31402587890625 0.0274810791015625 0.0973892211914062
-0.0662384033203125 -0.2664794921875 0.058837890625 -0.285369873046875
-0.147857666015625 -0.203765869140625 -0.032196044921875 -0.172988891601562
-0.205673217773438 -0.0980072021484375 -0.0151176452636719 -0.0529708862304688
-0.196533203125 0.0388336181640625 0.0280418395996094 -0.0672073364257813
-0.118904113769531 0.126335144042969 -0.00354766845703125 -0.120445251464844
-0.0174560546875 0.18426513671875 -0.0600967407226563 -0.121742248535156
0.05126953125 0.162643432617188 -0.104278564453125 -0.103797912597656
0.0500946044921875 0.15301513671875 -0.117027282714844 -0.0937118530273437
0.0572967529296875 0.177520751953125 -0.116966247558594 -0.11822509765625
-0.0018157958984375 0.1834716796875 -0.0589599609375 -0.14886474609375
-0.106155395507813 0.150375366210937 0.00691223144531249 -0.163375854492188
-0.165878295898438 0.072784423828125 0.0794448852539062 -0.106887817382812
-0.186264038085938 -0.0989227294921875 0.103729248046875 -0.0132827758789063
-0.1475830078125 -0.204727172851563 0.0220241546630859 0.0122222900390625
-0.0610504150390625 -0.246826171875 0.025482177734375 -0.0120792388916016
-0.0884552001953125 -0.155609130859375 0.0543212890625 -0.353363037109375
-0.116981506347656 -0.0992431640625 -0.0457305908203125 -0.20867919921875
-0.121337890625 -0.0271224975585937 -0.0212898254394531 -0.0607414245605469
-0.097503662109375 0.0312347412109375 0.0334014892578125 -0.0829544067382813
-0.05615234375 0.0648956298828125 0.00166320800781249 -0.1373291015625
-0.0150375366210937 0.0989456176757813 -0.06805419921875 -0.155288696289063
0.0137481689453125 0.092254638671875 -0.128036499023438 -0.142410278320313
0.0156402587890625 0.0891571044921875 -0.1455078125 -0.12689208984375
0.0150604248046875 0.106826782226563 -0.138656616210938 -0.153274536132813
-0.02392578125 0.100349426269531 -0.0709991455078125 -0.186599731445313
-0.0773239135742187 0.0680313110351563 0.0107421875 -0.180068969726562
-0.0906524658203125 0.0181808471679688 0.0808792114257813 -0.109794616699219
-0.0874862670898438 -0.0652923583984375 0.0794677734375 -0.017791748046875
-0.0792617797851562 -0.108718872070313 -0.00854301452636719 -0.0273990631103516
-0.052490234375 -0.13897705078125 0.025543212890625 -0.0957565307617188
-0.0972900390625 -0.0244293212890625 0.036773681640625 -0.39129638671875
-0.0706939697265625 0.00986480712890625 -0.06353759765625 -0.2293701171875
-0.0288734436035156 0.0425643920898438 -0.0400009155273438 -0.0636367797851563
0.0060272216796875 0.020843505859375 0.0191421508789063 -0.0828628540039063
0.00988578796386719 -0.000428199768066406 -0.00144195556640624 -0.128730773925781
-0.00969982147216797 0.00209331512451172 -0.0695953369140625 -0.159194946289063
-0.0241794586181641 0.00939750671386719 -0.134170532226563 -0.15521240234375
-0.0207347869873047 0.0124454498291016 -0.151107788085938 -0.14080810546875
-0.0273284912109375 0.0207614898681641 -0.137969970703125 -0.169479370117188
-0.0390586853027344 0.00418472290039062 -0.0670013427734375 -0.20208740234375
-0.0348358154296875 -0.0207443237304688 0.02166748046875 -0.173828125
-0.00260353088378906 -0.0288734436035156 0.084930419921875 -0.09759521484375
0.0151729583740234 -0.0153627395629883 0.0604667663574219 -0.0124397277832031
-0.0107021331787109 0.00567817687988281 -0.0226783752441406 -0.047332763671875
-0.0425529479980469 -0.00978851318359375 0.0259552001953125 -0.141311645507813
0.0437850952148438 -0.129478454589844 0.015472412109375 0.146926879882812
-0.0633773803710938 -0.12762451171875 0.0282363891601562 0.0455818176269531
-0.121086120605469 -0.037017822265625 -0.0517120361328125 -0.00796508789062501
-0.08648681640625 0.0611724853515625 -0.0931625366210937 0.0775299072265625
-0.0276718139648438 0.0959930419921875 -0.0429534912109375 0.145538330078125
0.0455780029296875 0.0886611938476563 0.0651092529296875 0.188720703125
0.0814971923828125 0.065460205078125 0.147201538085937 0.16925048828125
0.0652198791503906 0.065673828125 0.151763916015625 0.13226318359375
0.0680923461914063 0.0784225463867188 0.127426147460938 0.138313293457031
0.0175933837890625 0.101409912109375 0.0756378173828125 0.15545654296875
-0.0543441772460938 0.0810089111328125 0.027801513671875 0.106971740722656
-0.0965042114257813 0.0133209228515625 0.0166015625 0.0698890686035156
-0.0654983520507813 -0.0829238891601562 0.0787353515625 0.102272033691406
0.010589599609375 -0.122901916503906 0.116119384765625 0.236282348632813
0.0663833618164063 -0.0904769897460938 -0.0333251953125 0.43292236328125
0.0277252197265625 -0.25457763671875 0.01861572265625 0.0988235473632812
-0.11260986328125 -0.22430419921875 0.0204391479492187 0.0258159637451172
-0.20404052734375 -0.0987091064453125 -0.0409317016601563 -0.015655517578125
-0.181320190429688 0.068634033203125 -0.0794219970703125 0.0514755249023438
-0.08837890625 0.15411376953125 -0.0513687133789063 0.10235595703125
0.0399627685546875 0.178176879882813 0.0343780517578125 0.151947021484375
0.112472534179688 0.14263916015625 0.10638427734375 0.142486572265625
0.0951690673828125 0.137641906738281 0.11236572265625 0.105918884277344
0.10125732421875 0.159194946289063 0.0927505493164063 0.102447509765625
0.02569580078125 0.185745239257813 0.0650634765625 0.110771179199219
-0.095123291015625 0.155776977539063 0.036163330078125 0.0578880310058594
-0.1719970703125 0.05401611328125 0.0427131652832031 0.0393295288085938
-0.157669067382812 -0.123825073242188 0.115509033203125 0.0891799926757812
-0.0680694580078125 -0.22064208984375 0.137191772460938 0.220565795898438
0.0339202880859375 -0.213150024414063 0.000305175781250029 0.403350830078125
0.00598144531250001 -0.34368896484375 0.0271816253662109 0.0171165466308594
-0.149322509765625 -0.293212890625 0.00730228424072265 -0.0130882263183594
-0.267105102539063 -0.148300170898437 -0.0322647094726563 -0.0227127075195313
-0.256942749023438 0.0685424804687501 -0.0554351806640625 0.0244407653808594
-0.140350341796875 0.192794799804688 -0.0485382080078125 0.0470428466796875
0.026153564453125 0.24420166015625 0.00275421142578126 0.092620849609375
0.12615966796875 0.200164794921875 0.0512237548828125 0.0933380126953125
0.110931396484375 0.188949584960937 0.0553016662597656 0.0635757446289063
0.123123168945312 0.216644287109375 0.0406455993652344 0.0514068603515625
0.0363311767578125 0.245407104492188 0.0412635803222656 0.0489425659179688
-0.118789672851563 0.216033935546875 0.0363578796386719 -0.00328445434570311
-0.224090576171875 0.0995635986328125 0.0640220642089844 -0.00199127197265624
-0.239883422851563 -0.138641357421875 0.141494750976562 0.0643157958984375
-0.149017333984375 -0.2838134765625 0.139251708984375 0.183700561523437
-0.01177978515625 -0.305084228515625 0.02520751953125 0.329498291015625
-0.022705078125 -0.38079833984375 0.0367660522460938 -0.0878753662109375
-0.175262451171875 -0.318878173828125 -0.00994110107421876 -0.0668563842773438
-0.299224853515625 -0.1668701171875 -0.0269813537597656 -0.0311470031738281
-0.29522705078125 0.066680908203125 -0.0259132385253906 -0.0065021514892578
-0.16815185546875 0.206878662109375 -0.0371513366699219 -0.0153846740722656
0.011199951171875 0.27410888671875 -0.0266227722167969 0.0181713104248047
0.121734619140625 0.226882934570313 -0.00988769531249999 0.0284271240234375
0.110183715820313 0.21221923828125 -0.0107259750366211 0.0121583938598633
0.12664794921875 0.2413330078125 -0.0211467742919922 -0.00671386718749999
0.0409698486328125 0.270111083984375 0.0048065185546875 -0.0221004486083984
-0.125564575195313 0.245452880859375 0.0250968933105469 -0.0701751708984375
-0.245086669921875 0.131546020507813 0.0751113891601563 -0.0485458374023438
-0.288330078125 -0.132904052734375 0.146881103515625 0.0312042236328125
-0.207061767578125 -0.3040771484375 0.1148681640625 0.128585815429687
-0.0531005859375 -0.348236083984375 0.0341644287109375 0.221878051757812
-0.053802490234375 -0.359405517578125 0.0431060791015625 -0.199630737304688
-0.183197021484375 -0.28997802734375 -0.0290145874023438 -0.125785827636719
-0.28717041015625 -0.14788818359375 -0.0222816467285156 -0.0423316955566406
-0.279342651367187 0.0618743896484375 0.0035743713378906 -0.0401115417480469
-0.162200927734375 0.189773559570313 -0.0224761962890625 -0.0768585205078125
-0.00177001953125001 0.258590698242188 -0.0514488220214844 -0.0594444274902344
0.09967041015625 0.217056274414063 -0.0675888061523438 -0.0410652160644531
0.0934600830078125 0.201766967773438 -0.0746688842773438 -0.04217529296875
0.108657836914062 0.231338500976562 -0.0815887451171875 -0.0643310546875
0.0320892333984375 0.253738403320313 -0.0362625122070313 -0.0927505493164062
-0.119979858398437 0.229324340820313 0.0085296630859375 -0.129180908203125
-0.226547241210938 0.127395629882812 0.0757827758789063 -0.0897369384765625
-0.276473999023438 -0.116409301757813 0.131156921386719 0.000404357910156243
-0.214141845703125 -0.278045654296875 0.0680809020996094 0.0659980773925781
-0.07464599609375 -0.33209228515625 0.0302276611328125 0.097564697265625
-0.080291748046875 -0.282470703125 0.043426513671875 -0.30084228515625
-0.166122436523438 -0.21148681640625 -0.046356201171875 -0.179061889648438
-0.225433349609375 -0.09527587890625 -0.0207443237304688 -0.0542755126953125
-0.209548950195313 0.052093505859375 0.0243377685546875 -0.0701942443847656
-0.121429443359375 0.141265869140625 -0.010345458984375 -0.122879028320313
-0.00802612304687502 0.199447631835938 -0.0694732666015625 -0.122146606445313
0.0640411376953125 0.17218017578125 -0.11370849609375 -0.102043151855469
0.0620269775390625 0.161727905273438 -0.126808166503906 -0.0895614624023437
0.0721435546875 0.186935424804688 -0.128463745117187 -0.114852905273438
0.00964355468749999 0.1962890625 -0.0696868896484375 -0.150680541992188
-0.10498046875 0.168411254882812 -0.00273132324218751 -0.171142578125
-0.17529296875 0.0858306884765625 0.0746307373046875 -0.114540100097656
-0.205734252929688 -0.0969696044921875 0.105293273925781 -0.0186614990234375
-0.1676025390625 -0.21148681640625 0.0202312469482422 0.010446548461914
-0.07330322265625 -0.262130737304688 0.02301025390625 -0.0194339752197266
-0.0969085693359375 -0.164154052734375 0.035186767578125 -0.37579345703125
-0.12652587890625 -0.104515075683594 -0.062225341796875 -0.218994140625
-0.132057189941406 -0.0258102416992188 -0.0276870727539063 -0.0630645751953125
-0.106246948242188 0.0378875732421875 0.0296859741210937 -0.0872039794921875
-0.05963134765625 0.0734329223632813 -0.00515747070312501 -0.142333984375
-0.01104736328125 0.108978271484375 -0.0789794921875 -0.158432006835938
0.0209426879882812 0.1005859375 -0.141876220703125 -0.142410278320313
0.0220870971679688 0.096405029296875 -0.157958984375 -0.124298095703125
0.023101806640625 0.115249633789063 -0.153579711914063 -0.1514892578125
-0.0187149047851563 0.111412048339844 -0.0844573974609375 -0.190536499023438
-0.0801544189453125 0.0792999267578125 -0.000244140625000016 -0.188995361328125
-0.0986709594726563 0.024688720703125 0.0770187377929688 -0.11895751953125
-0.0995101928710938 -0.0676422119140625 0.0806884765625 -0.0221633911132813
-0.0903549194335938 -0.114707946777344 -0.0135669708251953 -0.0304126739501953
-0.057861328125 -0.149383544921875 0.0192642211914063 -0.109359741210938
-0.0982513427734375 -0.0238037109375 0.01806640625 -0.41741943359375
-0.0716476440429688 0.00908660888671877 -0.0814361572265625 -0.241226196289062
-0.0285720825195313 0.0421943664550781 -0.0467071533203125 -0.065277099609375
0.004302978515625 0.0197887420654297 0.015869140625 -0.0875930786132812
0.00701045989990234 -0.00115585327148438 -0.00759887695312501 -0.133842468261719
-0.0117197036743164 0.00607776641845703 -0.0805816650390625 -0.163040161132813
-0.0244636535644531 0.0154056549072266 -0.149505615234375 -0.157089233398437
-0.0203933715820313 0.0171928405761719 -0.165985107421875 -0.139572143554688
-0.0265560150146484 0.0268802642822266 -0.153884887695313 -0.170379638671875
-0.040252685546875 0.0109329223632813 -0.0814666748046875 -0.207489013671875
-0.0399284362792969 -0.0157241821289063 0.01226806640625 -0.18389892578125
-0.00864219665527344 -0.0298881530761719 0.0824432373046875 -0.106925964355469
0.0114555358886719 -0.0207118988037109 0.0618782043457031 -0.0153579711914063
-0.0105991363525391 0.00145721435546875 -0.027435302734375 -0.0513038635253906
-0.0405960083007813 -0.0135917663574219 0.0192108154296875 -0.159194946289063
0.03497314453125 -0.132072448730469 0.026031494140625 0.159957885742188
-0.0719375610351563 -0.120689392089844 0.0336685180664062 0.051605224609375
-0.123054504394531 -0.0285110473632812 -0.0521011352539063 -0.00440216064453125
-0.0818634033203125 0.0666351318359375 -0.0902175903320313 0.0856170654296875
-0.0202560424804688 0.0982131958007813 -0.0350799560546875 0.1522216796875
0.052764892578125 0.0848617553710938 0.078643798828125 0.18914794921875
0.0865325927734375 0.0589218139648437 0.162841796875 0.163787841796875
0.0711746215820313 0.0596237182617188 0.165298461914063 0.127349853515625
0.0763931274414063 0.0724411010742188 0.140480041503906 0.135368347167969
0.0268707275390625 0.0998687744140625 0.0889129638671875 0.154556274414063
-0.0476913452148438 0.0871810913085938 0.035186767578125 0.10888671875
-0.0968246459960938 0.0228729248046875 0.0205764770507812 0.0726547241210938
-0.0733642578125 -0.078216552734375 0.0869369506835938 0.09918212890625
-0.00106048583984374 -0.124137878417969 0.134109497070313 0.2347412109375
0.057586669921875 -0.0959548950195313 -0.00567626953125002 0.45025634765625
0.0102996826171875 -0.262008666992188 0.0245895385742188 0.111793518066406
-0.1292724609375 -0.2177734375 0.0227108001708984 0.0318889617919922
-0.213836669921875 -0.08648681640625 -0.0410385131835938 -0.0128822326660156
-0.179916381835938 0.081573486328125 -0.0777816772460938 0.0591659545898438
-0.0792694091796875 0.163055419921875 -0.0460052490234375 0.109725952148438
0.0535430908203125 0.1795654296875 0.0462493896484375 0.155593872070313
0.1241455078125 0.137283325195313 0.120651245117188 0.140853881835938
0.106552124023437 0.133064270019531 0.123939514160156 0.103340148925781
0.1160888671875 0.153900146484375 0.102821350097656 0.101737976074219
0.042205810546875 0.187469482421875 0.0752944946289062 0.110595703125
-0.0848541259765625 0.168212890625 0.0396232604980469 0.0580062866210938
-0.173110961914063 0.0703582763671875 0.0444068908691406 0.0387840270996094
-0.172683715820312 -0.114700317382813 0.123138427734375 0.0831527709960938
-0.0892791748046875 -0.221405029296875 0.153213500976563 0.218963623046875
0.0167236328125 -0.222381591796875 0.0252685546875 0.416259765625
-0.01800537109375 -0.354217529296875 0.0259990692138672 0.0265827178955078
-0.172698974609375 -0.288818359375 0.00558090209960936 -0.0077333450317383
-0.2830810546875 -0.1336669921875 -0.0338706970214844 -0.0199222564697266
-0.25872802734375 0.0877685546875 -0.0556449890136719 0.0298271179199219
-0.130767822265625 0.207595825195312 -0.0468254089355469 0.0539474487304688
0.04425048828125 0.249588012695313 0.00951385498046874 0.0976104736328125
0.143096923828125 0.196868896484375 0.0613250732421875 0.0944976806640625
0.126373291015625 0.185836791992188 0.0635795593261719 0.0649871826171875
0.142547607421875 0.212692260742188 0.0461769104003906 0.0539093017578125
0.0573883056640625 0.250411987304688 0.0468292236328125 0.0489234924316406
-0.105697631835938 0.232101440429688 0.0351104736328125 -0.00454139709472655
-0.225570678710938 0.120361328125 0.0630912780761719 -0.00441741943359374
-0.259567260742188 -0.126419067382813 0.147491455078125 0.0556488037109375
-0.176666259765625 -0.282257080078125 0.15191650390625 0.180191040039062
-0.033966064453125 -0.315948486328125 0.044708251953125 0.338104248046875
-0.048187255859375 -0.392242431640625 0.0279541015625 -0.0839996337890625
-0.20196533203125 -0.314788818359375 -0.0170555114746094 -0.0622215270996094
-0.31927490234375 -0.15130615234375 -0.0299110412597656 -0.0286636352539063
-0.30029296875 0.0899658203124999 -0.0275249481201172 -0.00253295898437499
-0.160125732421875 0.224807739257812 -0.0393829345703125 -0.0108146667480469
0.031036376953125 0.282501220703125 -0.0256004333496094 0.0240364074707031
0.140594482421875 0.226348876953125 -0.00566482543945311 0.0323963165283203
0.128341674804688 0.211044311523437 -0.00698089599609374 0.0165176391601563
0.149124145507812 0.239944458007813 -0.0212554931640625 -0.00110435485839843
0.063751220703125 0.275482177734375 0.00429534912109375 -0.0214080810546875
-0.112457275390625 0.26470947265625 0.0193862915039062 -0.0720672607421875
-0.245803833007812 0.15472412109375 0.0701065063476562 -0.0520057678222656
-0.309173583984375 -0.11767578125 0.150283813476562 0.023040771484375
-0.236907958984375 -0.3001708984375 0.1217041015625 0.124824523925781
-0.076995849609375 -0.358795166015625 0.04681396484375 0.224319458007812
-0.077484130859375 -0.370880126953125 0.027099609375 -0.201461791992188
-0.208160400390625 -0.288482666015625 -0.0417327880859375 -0.123977661132813
-0.307861328125 -0.13330078125 -0.026397705078125 -0.0406227111816406
-0.28607177734375 0.0856018066406249 0.000728607177734353 -0.0390090942382812
-0.1558837890625 0.207595825195312 -0.0285720825195313 -0.0742034912109375
0.0172882080078125 0.26922607421875 -0.0557136535644531 -0.0536956787109375
0.11822509765625 0.21881103515625 -0.0704193115234375 -0.0355453491210937
0.110824584960938 0.2049560546875 -0.0769119262695313 -0.0352630615234375
0.1300048828125 0.232254028320313 -0.0872421264648437 -0.0571823120117187
0.0531158447265625 0.25958251953125 -0.0433120727539063 -0.0902481079101562
-0.108245849609375 0.248123168945313 -0.00167846679687501 -0.13226318359375
-0.228073120117188 0.14996337890625 0.06878662109375 -0.0936203002929687
-0.295928955078125 -0.10296630859375 0.131980895996094 -0.00656890869140626
-0.24176025390625 -0.273483276367187 0.0701179504394531 0.0634994506835937
-0.09661865234375 -0.342254638671875 0.0346145629882812 0.0958404541015625
-0.097137451171875 -0.29107666015625 0.02117919921875 -0.308868408203125
-0.185943603515625 -0.212066650390625 -0.06353759765625 -0.17938232421875
-0.241775512695313 -0.0852966308593749 -0.02783203125 -0.0527763366699219
-0.216140747070313 0.06915283203125 0.0196762084960937 -0.0714569091796875
-0.1173095703125 0.156280517578125 -0.0196075439453125 -0.122917175292969
0.00596618652343748 0.21002197265625 -0.0787734985351563 -0.118125915527344
0.0796356201171875 0.176010131835938 -0.121833801269531 -0.0949935913085938
0.0762176513671875 0.1640625 -0.133338928222656 -0.0817947387695312
0.088287353515625 0.189163208007813 -0.139633178710937 -0.106399536132813
0.0259246826171875 0.203048706054688 -0.081573486328125 -0.147994995117188
-0.0982666015625 0.184112548828125 -0.0163421630859375 -0.174636840820313
-0.178878784179688 0.10260009765625 0.0656280517578125 -0.120254516601562
-0.222579956054688 -0.0873870849609375 0.1036376953125 -0.0240631103515625
-0.189102172851562 -0.20928955078125 0.0165901184082031 0.00834083557128905
-0.0891571044921875 -0.271133422851563 0.019622802734375 -0.0258846282958985
-0.107711791992187 -0.16925048828125 0.00881958007812497 -0.38970947265625
-0.136871337890625 -0.104820251464844 -0.0822906494140625 -0.222183227539063
-0.139793395996094 -0.0212860107421875 -0.0345611572265625 -0.0626411437988281
-0.111236572265625 0.0466156005859375 0.0240325927734375 -0.0910568237304688
-0.0597991943359375 0.080902099609375 -0.0141448974609375 -0.143951416015625
-0.00351715087890624 0.117042541503906 -0.090667724609375 -0.155487060546875
0.0300216674804688 0.10577392578125 -0.15399169921875 -0.137222290039062
0.0300445556640625 0.101463317871094 -0.16912841796875 -0.11663818359375
0.0334625244140625 0.120536804199219 -0.167739868164063 -0.143951416015625
-0.00969696044921875 0.118843078613281 -0.0994873046875 -0.188522338867188
-0.0787811279296875 0.0913009643554687 -0.0146331787109375 -0.19384765625
-0.103836059570313 0.0332183837890625 0.069427490234375 -0.125877380371094
-0.111236572265625 -0.0654220581054688 0.0794296264648438 -0.0270767211914063
-0.102142333984375 -0.115684509277344 -0.0192718505859375 -0.0317840576171875
-0.0650787353515625 -0.156402587890625 0.00952911376953126 -0.1201171875
-0.0977325439453125 -0.0214462280273438 -0.011260986328125 -0.433258056640625
-0.071685791015625 0.00885009765625001 -0.10260009765625 -0.245880126953125
-0.0268707275390625 0.0413932800292969 -0.0544662475585938 -0.0643272399902344
0.0018310546875 0.0199508666992188 0.0110702514648438 -0.09051513671875
0.00335478782653809 -0.000769853591918945 -0.0157699584960937 -0.136940002441406
-0.0123958587646484 0.00999259948730469 -0.092926025390625 -0.162216186523438
-0.022247314453125 0.0210781097412109 -0.163467407226562 -0.153106689453125
-0.019927978515625 0.0226230621337891 -0.17987060546875 -0.134140014648438
-0.0248775482177734 0.0320758819580078 -0.1700439453125 -0.164581298828125
-0.039886474609375 0.0177536010742188 -0.0979461669921875 -0.206436157226562
-0.0431556701660156 -0.0094757080078125 -0.000854492187499982 -0.189605712890625
-0.0143909454345703 -0.0291728973388672 0.0760498046875 -0.115638732910156
0.00649452209472656 -0.0240821838378906 0.0618934631347656 -0.0197677612304687
-0.0121240615844727 -0.00266075134277344 -0.0335731506347656 -0.0538063049316406
-0.0383453369140625 -0.017242431640625 0.00651550292968751 -0.172897338867188
0.026947021484375 -0.130966186523438 0.0367584228515625 0.169845581054687
-0.07769775390625 -0.111778259277344 0.0385208129882812 0.0555458068847656
-0.120819091796875 -0.0209503173828125 -0.0491104125976563 -0.00156402587890624
-0.07635498046875 0.0696029663085938 -0.0844497680664062 0.0892410278320313
-0.0133514404296875 0.0974960327148438 -0.026397705078125 0.155288696289063
0.0574417114257813 0.0791244506835938 0.0902862548828125 0.187255859375
0.0890350341796875 0.051788330078125 0.174270629882813 0.155670166015625
0.0746612548828125 0.0530319213867188 0.172958374023438 0.120803833007813
0.0810775756835938 0.064544677734375 0.150009155273438 0.130783081054688
0.0350875854492188 0.0967788696289063 0.097747802734375 0.15032958984375
-0.0391998291015625 0.0891876220703125 0.0408401489257812 0.106101989746094
-0.0943679809570313 0.029571533203125 0.0249252319335937 0.0727310180664063
-0.07794189453125 -0.0713882446289062 0.0923919677734375 0.0930938720703125
-0.0106887817382813 -0.122322082519531 0.147293090820312 0.230606079101562
0.04840087890625 -0.0970230102539063 0.018829345703125 0.454071044921875
-0.00428771972656253 -0.261184692382813 0.0321121215820313 0.120681762695312
-0.141738891601563 -0.208251953125 0.0245094299316406 0.0372581481933594
-0.217559814453125 -0.0746612548828125 -0.0408515930175781 -0.009307861328125
-0.174957275390625 0.0909271240234375 -0.0738525390625 0.0629425048828125
-0.0701446533203125 0.16680908203125 -0.0398712158203125 0.114585876464844
0.0646209716796875 0.174407958984375 0.05511474609375 0.155059814453125
0.131942749023438 0.130180358886719 0.130683898925781 0.135658264160156
0.115066528320313 0.125999450683594 0.132827758789063 0.0979843139648438
0.126617431640625 0.14599609375 0.109382629394531 0.0989227294921875
0.0554962158203125 0.1832275390625 0.0832366943359375 0.108467102050781
-0.0732879638671875 0.175369262695313 0.0413818359375 0.0572738647460938
-0.1690673828125 0.0832061767578125 0.0454788208007812 0.0388679504394531
-0.18182373046875 -0.103973388671875 0.126396179199219 0.0770797729492188
-0.10626220703125 -0.215347290039063 0.163345336914063 0.213211059570313
0.00169372558593749 -0.225021362304688 0.0478515625 0.41900634765625
-0.036346435546875 -0.354248046875 0.0255203247070312 0.0342350006103515
-0.188796997070312 -0.27728271484375 0.0048384666442871 -0.000190734863281267
-0.29034423828125 -0.1181640625 -0.0345840454101563 -0.0163688659667969
-0.254440307617188 0.102981567382812 -0.0554122924804688 0.0345726013183594
-0.118560791015625 0.215316772460937 -0.0443267822265625 0.0575218200683594
0.0603179931640625 0.248092651367188 0.0146331787109375 0.0989837646484375
0.15643310546875 0.189727783203125 0.0689697265625 0.0932464599609375
0.139572143554688 0.179275512695313 0.0700149536132813 0.0647659301757813
0.157882690429688 0.204315185546875 0.0514488220214844 0.05535888671875
0.0741119384765625 0.246612548828125 0.050384521484375 0.0473899841308594
-0.09033203125 0.2423095703125 0.0337581634521484 -0.0061511993408203
-0.220703125 0.13592529296875 0.0618057250976562 -0.00405502319335937
-0.27044677734375 -0.11041259765625 0.148773193359375 0.048004150390625
-0.196319580078125 -0.271835327148437 0.159423828125 0.173843383789063
-0.054168701171875 -0.316650390625 0.062347412109375 0.337493896484375
-0.07232666015625 -0.393829345703125 0.0232391357421875 -0.0774765014648438
-0.220672607421875 -0.303985595703125 -0.0229454040527344 -0.0569267272949219
-0.331298828125 -0.133941650390625 -0.0325393676757813 -0.0241565704345703
-0.2967529296875 0.108917236328125 -0.0281047821044922 0.000276565551757817
-0.14898681640625 0.23602294921875 -0.0392494201660156 -0.00503921508789061
0.0496826171875 0.282257080078125 -0.0232257843017578 0.0286083221435547
0.156585693359375 0.221054077148438 -0.000476837158203118 0.0349178314208985
0.143356323242188 0.206161499023438 -0.00258445739746093 0.0189590454101563
0.166015625 0.232772827148438 -0.0190372467041015 0.00526046752929689
0.0836639404296875 0.272720336914063 0.00418853759765626 -0.0205097198486328
-0.0968017578125 0.275894165039062 0.0129165649414062 -0.073028564453125
-0.24017333984375 0.172332763671875 0.0647659301757812 -0.0529861450195312
-0.320343017578125 -0.1004638671875 0.14947509765625 0.016082763671875
-0.25799560546875 -0.28680419921875 0.125480651855469 0.119461059570312
-0.096832275390625 -0.35894775390625 0.056732177734375 0.223175048828125
-0.098297119140625 -0.373565673828125 0.013458251953125 -0.19451904296875
-0.22607421875 -0.278610229492188 -0.0512008666992188 -0.116744995117188
-0.31878662109375 -0.117889404296875 -0.0315704345703125 -0.0360984802246094
-0.285736083984375 0.101654052734375 -0.00208663940429689 -0.0367279052734375
-0.143478393554688 0.219635009765625 -0.0332107543945313 -0.0701866149902343
0.0348663330078125 0.271026611328125 -0.0585594177246094 -0.0487518310546875
0.13494873046875 0.214401245117188 -0.0707931518554687 -0.028411865234375
0.125946044921875 0.20050048828125 -0.074676513671875 -0.0300140380859375
0.1468505859375 0.22686767578125 -0.088531494140625 -0.0488357543945312
0.071685791015625 0.259368896484375 -0.0468673706054688 -0.0863876342773437
-0.0950469970703125 0.258758544921875 -0.0105438232421875 -0.130271911621094
-0.223190307617187 0.165756225585938 0.0627975463867187 -0.095001220703125
-0.306884765625 -0.086761474609375 0.130363464355469 -0.0137252807617188
-0.260208129882813 -0.262802124023437 0.0700149536132812 0.059661865234375
-0.114105224609375 -0.34307861328125 0.0361328125 0.09112548828125
-0.11236572265625 -0.292266845703125 0.00241088867187498 -0.30810546875
-0.198715209960938 -0.2066650390625 -0.0771484375 -0.175338745117188
-0.251068115234375 -0.0751953125 -0.0318183898925781 -0.0491371154785156
-0.217514038085938 0.085205078125 0.0146942138671875 -0.0705337524414063
-0.112274169921875 0.165603637695312 -0.02587890625 -0.118682861328125
0.0193939208984375 0.212783813476562 -0.0829620361328125 -0.11260986328125
0.0916290283203125 0.173446655273438 -0.127334594726563 -0.087615966796875
0.088653564453125 0.165267944335938 -0.136131286621094 -0.073028564453125
0.102523803710938 0.18865966796875 -0.143951416015625 -0.0949249267578125
0.0399932861328125 0.204132080078125 -0.08843994140625 -0.141799926757813
-0.087493896484375 0.194381713867187 -0.02703857421875 -0.173446655273438
-0.176345825195313 0.11370849609375 0.0582199096679687 -0.120460510253906
-0.23175048828125 -0.0780181884765625 0.101211547851562 -0.0281143188476563
-0.201904296875 -0.201995849609375 0.0134420394897461 0.00869750976562499
-0.102279663085938 -0.274169921875 0.0130634307861328 -0.0310211181640625
-0.11248779296875 -0.16693115234375 -0.01519775390625 -0.391021728515625
-0.143997192382813 -0.103530883789063 -0.098358154296875 -0.218612670898438
-0.144973754882813 -0.0158538818359375 -0.0408210754394531 -0.0585403442382813
-0.114028930664063 0.0543441772460938 0.0172042846679688 -0.09100341796875
-0.0580902099609375 0.0884857177734375 -0.021392822265625 -0.142333984375
0.00345611572265625 0.12066650390625 -0.098907470703125 -0.149520874023438
0.0389862060546875 0.107139587402344 -0.162094116210938 -0.129104614257813
0.0380477905273438 0.103591918945313 -0.174163818359375 -0.106124877929688
0.0410232543945313 0.121810913085938 -0.176925659179688 -0.133865356445313
-0.00193023681640624 0.124130249023438 -0.110458374023438 -0.180389404296875
-0.073944091796875 0.100852966308594 -0.0271453857421875 -0.191360473632813
-0.105384826660156 0.040496826171875 0.060089111328125 -0.127655029296875
-0.120765686035156 -0.0627365112304688 0.0778274536132812 -0.0306472778320313
-0.108924865722656 -0.113723754882813 -0.0220680236816406 -0.0323009490966797
-0.071929931640625 -0.15985107421875 -0.000198364257812496 -0.126274108886719
-0.0951690673828125 -0.0221786499023438 -0.036376953125 -0.43646240234375
-0.07177734375 0.00864410400390625 -0.120590209960938 -0.243331909179688
-0.0262603759765625 0.0395965576171875 -0.0589103698730469 -0.0622062683105469
-0.000453948974609374 0.0177288055419922 0.0052032470703125 -0.0920333862304688
0.000905513763427734 -0.000492215156555176 -0.0215682983398438 -0.133216857910156
-0.0114622116088867 0.0155124664306641 -0.101364135742188 -0.15765380859375
-0.0195026397705078 0.0237255096435547 -0.173171997070312 -0.144363403320313
-0.0171070098876953 0.0269489288330078 -0.188034057617188 -0.124618530273438
-0.0224037170410156 0.0362396240234375 -0.179458618164063 -0.157196044921875
-0.0376014709472656 0.0245323181152344 -0.110946655273438 -0.199691772460938
-0.0466499328613281 -0.00432586669921874 -0.0136566162109375 -0.189682006835938
-0.0202674865722656 -0.0273265838623047 0.0684051513671875 -0.1185302734375
0.00218391418457032 -0.0270519256591797 0.0597114562988281 -0.0230751037597656
-0.0124263763427734 -0.0059041976928711 -0.0390663146972656 -0.0530052185058594
-0.0364913940429688 -0.020050048828125 -0.0068511962890625 -0.1785888671875
0.022308349609375 -0.128463745117188 0.04534912109375 0.176345825195313
-0.0797271728515625 -0.104804992675781 0.0436592102050781 0.058502197265625
-0.119285583496094 -0.016326904296875 -0.0485954284667969 0.000915527343750009
-0.0717620849609375 0.0695343017578125 -0.0826644897460938 0.0928726196289063
-0.0091400146484375 0.0947799682617187 -0.0223541259765625 0.15533447265625
0.0601882934570313 0.0758438110351563 0.095306396484375 0.182815551757813
0.08905029296875 0.0474624633789063 0.179916381835938 0.15142822265625
0.0752487182617188 0.048675537109375 0.178543090820313 0.115402221679687
0.0822219848632813 0.0573196411132813 0.154022216796875 0.126617431640625
0.0401077270507813 0.0925445556640625 0.102981567382813 0.147964477539063
-0.0340805053710938 0.0906829833984375 0.0435867309570313 0.10595703125
-0.0912857055664063 0.0347900390625 0.0267181396484375 0.0727081298828125
-0.0795059204101563 -0.066741943359375 0.0947799682617187 0.089935302734375
-0.0182037353515625 -0.118965148925781 0.152999877929688 0.227691650390625
0.041229248046875 -0.0967178344726563 0.032135009765625 0.456024169921875
-0.01373291015625 -0.259185791015625 0.0368576049804688 0.130569458007812
-0.146011352539063 -0.199066162109375 0.0287666320800781 0.0425910949707031
-0.216781616210938 -0.067535400390625 -0.0402030944824219 -0.00755691528320313
-0.170379638671875 0.095947265625 -0.0723648071289063 0.0664901733398438
-0.063629150390625 0.168258666992188 -0.0362396240234375 0.115875244140625
0.071197509765625 0.17205810546875 0.0601043701171875 0.154281616210938
0.136322021484375 0.124588012695313 0.136817932128906 0.132476806640625
0.119911193847656 0.120651245117188 0.137405395507813 0.0963134765625
0.132919311523438 0.1392822265625 0.114356994628906 0.0984878540039063
0.064178466796875 0.18011474609375 0.0865020751953125 0.105422973632813
-0.0654449462890625 0.178558349609375 0.0428810119628906 0.0569229125976563
-0.166458129882813 0.0906982421875 0.0463829040527344 0.0399971008300781
-0.185714721679688 -0.096466064453125 0.127006530761719 0.0728683471679688
-0.115829467773438 -0.209579467773437 0.16802978515625 0.209945678710937
-0.0084381103515625 -0.224349975585938 0.058746337890625 0.41802978515625
-0.049072265625 -0.353515625 0.0286102294921875 0.0439682006835937
-0.196319580078125 -0.268630981445313 0.00522327423095702 0.00512027740478514
-0.292724609375 -0.1085205078125 -0.0351409912109375 -0.0144615173339844
-0.251663208007813 0.111007690429687 -0.0529708862304688 0.0368118286132813
-0.111907958984375 0.219772338867188 -0.0419845581054688 0.0612983703613281
0.0691986083984375 0.245468139648438 0.0195770263671875 0.101455688476563
0.162628173828125 0.185623168945313 0.0739517211914063 0.0921249389648438
0.1468505859375 0.174728393554688 0.0753021240234375 0.062591552734375
0.166702270507812 0.1983642578125 0.0550079345703125 0.0562286376953125
0.08624267578125 0.242843627929687 0.0528488159179688 0.0467529296875
-0.0818023681640625 0.248321533203125 0.0315284729003906 -0.00505828857421874
-0.2161865234375 0.146865844726563 0.0607032775878906 -0.00327301025390624
-0.276748657226563 -0.101333618164062 0.147964477539062 0.0446624755859375
-0.2091064453125 -0.264999389648437 0.160980224609375 0.17041015625
-0.065216064453125 -0.317779541015625 0.07000732421875 0.336151123046875
-0.08270263671875 -0.3929443359375 0.0186767578125 -0.0684890747070313
-0.2296142578125 -0.29705810546875 -0.02392578125 -0.04864501953125
-0.33416748046875 -0.1248779296875 -0.0316791534423828 -0.0219783782958984
-0.294891357421875 0.11956787109375 -0.0281467437744141 0.00264549255371095
-0.140899658203125 0.243194580078125 -0.03961181640625 -0.00267028808593749
0.061431884765625 0.28265380859375 -0.0214824676513672 0.0325145721435547
0.16552734375 0.216583251953125 0.00198364257812501 0.0360908508300781
0.151473999023438 0.2015380859375 0.00123023986816407 0.0202426910400391
0.176071166992188 0.227645874023438 -0.0174379348754883 0.00813961029052736
0.0941162109375 0.269821166992188 0.00488662719726563 -0.0194072723388672
-0.0858154296875 0.28192138671875 0.00910949707031249 -0.0704193115234375
-0.235885620117188 0.1839599609375 0.0633049011230469 -0.0511093139648437
-0.326507568359375 -0.08990478515625 0.1468505859375 0.01312255859375
-0.26971435546875 -0.279220581054688 0.125457763671875 0.117485046386719
-0.10858154296875 -0.3603515625 0.060699462890625 0.220077514648438
-0.10821533203125 -0.372802734375 0.00613403320312499 -0.190872192382813
-0.235122680664062 -0.27447509765625 -0.057403564453125 -0.109870910644531
-0.323974609375 -0.109405517578125 -0.032470703125 -0.0335750579833985
-0.284271240234375 0.114776611328125 -0.0043601989746094 -0.0355186462402344
-0.138168334960937 0.227554321289063 -0.0343093872070313 -0.0667839050292969
0.0469818115234375 0.273544311523438 -0.0578575134277344 -0.0420455932617187
0.143402099609375 0.212249755859375 -0.0698890686035156 -0.026123046875
0.134445190429687 0.198348999023438 -0.07293701171875 -0.0255508422851562
0.156997680664062 0.2236328125 -0.089111328125 -0.0423965454101562
0.0826873779296875 0.25811767578125 -0.0489273071289062 -0.0832977294921875
-0.0848388671875 0.266525268554688 -0.016510009765625 -0.128410339355469
-0.220687866210938 0.17645263671875 0.0582962036132812 -0.0926589965820312
-0.314544677734375 -0.0780029296875 0.127883911132812 -0.0141220092773438
-0.270050048828125 -0.255859375 0.0688896179199219 0.0595970153808594
-0.123626708984375 -0.3441162109375 0.0351486206054687 0.0886077880859375
-0.1202392578125 -0.2939453125 -0.01104736328125 -0.30322265625
-0.204849243164063 -0.204010009765625 -0.085479736328125 -0.168212890625
-0.255783081054688 -0.069183349609375 -0.0350456237792969 -0.048187255859375
-0.218185424804688 0.0929412841796875 0.0121726989746094 -0.0700225830078125
-0.107315063476562 0.173126220703125 -0.0286026000976562 -0.116622924804687
0.029022216796875 0.216903686523438 -0.0870513916015625 -0.106491088867188
0.101531982421875 0.175445556640625 -0.127532958984375 -0.0830001831054688
0.0963897705078125 0.164093017578125 -0.135459899902344 -0.0681991577148437
0.111373901367187 0.1866455078125 -0.14532470703125 -0.0881195068359375
0.04913330078125 0.205795288085938 -0.0923995971679688 -0.13751220703125
-0.081390380859375 0.20196533203125 -0.0343475341796875 -0.1697998046875
-0.176284790039063 0.123428344726563 0.053863525390625 -0.120391845703125
-0.239395141601562 -0.07135009765625 0.0990753173828125 -0.0292739868164063
-0.210250854492188 -0.198440551757813 0.0116977691650391 0.00881671905517577
-0.107192993164063 -0.275115966796875 0.00918006896972656 -0.0348758697509766
-0.116592407226562 -0.170425415039063 -0.031036376953125 -0.38958740234375
-0.146530151367187 -0.10284423828125 -0.108779907226563 -0.2149658203125
-0.147048950195313 -0.0155487060546875 -0.0442886352539063 -0.0566673278808594
-0.114913940429688 0.0586700439453125 0.0150604248046875 -0.090545654296875
-0.0568161010742188 0.0921707153320313 -0.02569580078125 -0.139694213867188
0.00872802734375 0.125724792480469 -0.102218627929688 -0.14599609375
0.0448226928710938 0.109642028808594 -0.166061401367188 -0.123550415039062
0.043701171875 0.105033874511719 -0.176361083984375 -0.101333618164063
0.0490951538085938 0.124092102050781 -0.179229736328125 -0.12725830078125
0.00518035888671874 0.125869750976563 -0.115798950195313 -0.17596435546875
-0.0721359252929688 0.106552124023438 -0.0338287353515625 -0.189956665039063
-0.107826232910156 0.0471649169921875 0.0552902221679688 -0.128631591796875
-0.125808715820313 -0.0589828491210938 0.07598876953125 -0.0311660766601563
-0.113761901855469 -0.114334106445312 -0.0267448425292969 -0.0311260223388672
-0.0728607177734375 -0.163681030273438 -0.00803375244140627 -0.130775451660156
-0.0928726196289062 -0.021636962890625 -0.052093505859375 -0.43817138671875
-0.0699882507324219 0.00634384155273437 -0.130966186523438 -0.24029541015625
-0.0262565612792969 0.0377655029296875 -0.0626220703125 -0.0590133666992187
-0.00308799743652344 0.0185337066650391 0.00222015380859375 -0.0904464721679688
-0.00136041641235352 0.00181448459625244 -0.0252304077148438 -0.133262634277344
-0.0117340087890625 0.0186920166015625 -0.104904174804687 -0.155609130859375
-0.0178279876708984 0.0271682739257813 -0.177841186523437 -0.139846801757813
-0.0144023895263672 0.0300197601318359 -0.190673828125 -0.119369506835938
-0.0190010070800781 0.0412788391113281 -0.18463134765625 -0.149932861328125
-0.0355377197265625 0.0272445678710937 -0.116409301757813 -0.1954345703125
-0.046417236328125 0.000724792480468751 -0.019683837890625 -0.187088012695312
-0.0236587524414062 -0.0250091552734375 0.0632171630859375 -0.120391845703125
-0.00203323364257812 -0.027801513671875 0.0591812133789062 -0.0240631103515625
-0.0134944915771484 -0.00934505462646485 -0.04254150390625 -0.0548820495605469
-0.0354576110839844 -0.0247726440429687 -0.0146636962890625 -0.187179565429687
0.021087646484375 -0.128013610839844 0.051727294921875 0.186172485351562
-0.08001708984375 -0.101646423339844 0.0480995178222656 0.0634803771972656
-0.117935180664063 -0.0151596069335937 -0.0478744506835938 0.000499725341796884
-0.0707244873046875 0.0699920654296875 -0.0822677612304688 0.0952529907226563
-0.0076446533203125 0.0951080322265625 -0.0209503173828125 0.157623291015625
0.0620498657226563 0.0737533569335938 0.098876953125 0.184555053710938
0.0904541015625 0.045440673828125 0.185653686523438 0.152084350585938
0.07684326171875 0.0459976196289063 0.183975219726563 0.115158081054688
0.0838775634765625 0.054290771484375 0.159515380859375 0.128921508789062
0.0440292358398438 0.0898666381835937 0.106842041015625 0.147903442382813
-0.0317153930664062 0.0923919677734375 0.0453948974609375 0.107673645019531
-0.090545654296875 0.03765869140625 0.0279769897460938 0.0737075805664063
-0.0815887451171875 -0.0650787353515625 0.0969696044921875 0.089508056640625
-0.0223541259765625 -0.11761474609375 0.15777587890625 0.23175048828125
0.0378570556640625 -0.095977783203125 0.038818359375 0.46527099609375
-0.01776123046875 -0.262130737304688 0.04132080078125 0.140457153320312
-0.148834228515625 -0.197036743164063 0.0322914123535156 0.0486068725585937
-0.219436645507813 -0.065643310546875 -0.0391387939453125 -0.006500244140625
-0.17059326171875 0.09906005859375 -0.0725173950195313 0.06915283203125
-0.061279296875 0.1705322265625 -0.0355072021484375 0.118186950683594
0.0758514404296875 0.172225952148437 0.0634765625 0.156997680664063
0.140731811523438 0.124679565429688 0.14190673828125 0.133941650390625
0.123634338378906 0.119636535644531 0.142562866210938 0.0966644287109375
0.138069152832031 0.136894226074219 0.119087219238281 0.1009521484375
0.0699615478515625 0.179611206054688 0.0897064208984375 0.106033325195313
-0.062255859375 0.183670043945312 0.0428009033203125 0.057769775390625
-0.167510986328125 0.097076416015625 0.0476455688476562 0.041656494140625
-0.191497802734375 -0.094390869140625 0.128585815429688 0.0718002319335938
-0.123306274414062 -0.210281372070313 0.1715087890625 0.213531494140625
-0.0142364501953125 -0.228118896484375 0.063568115234375 0.42645263671875
-0.054779052734375 -0.35797119140625 0.0316429138183594 0.0532798767089843
-0.201873779296875 -0.268112182617188 0.00726127624511717 0.011836051940918
-0.2989501953125 -0.10711669921875 -0.0341796875 -0.0127315521240234
-0.253005981445312 0.117538452148438 -0.0533180236816406 0.0395774841308594
-0.109283447265625 0.22540283203125 -0.0415687561035156 0.0638580322265625
0.0767669677734375 0.248443603515625 0.0226669311523437 0.105216979980469
0.169570922851563 0.185684204101563 0.0789718627929688 0.09442138671875
0.153045654296875 0.17431640625 0.0801010131835938 0.0634231567382813
0.174026489257813 0.197280883789063 0.0575828552246094 0.0600166320800781
0.0929412841796875 0.243820190429687 0.0551033020019531 0.0471420288085938
-0.076751708984375 0.255630493164063 0.0303287506103516 -0.00411605834960936
-0.217941284179688 0.155746459960938 0.0613479614257812 -0.00151824951171874
-0.284332275390625 -0.09912109375 0.149215698242187 0.0439605712890625
-0.2196044921875 -0.265716552734375 0.163665771484375 0.173919677734375
-0.070709228515625 -0.32421875 0.0728759765625 0.341949462890625
-0.088897705078125 -0.399627685546875 0.0191001892089844 -0.0619850158691407
-0.236572265625 -0.298370361328125 -0.0251045227050781 -0.0427322387695313
-0.342193603515625 -0.123016357421875 -0.0323905944824219 -0.0203781127929688
-0.298736572265625 0.12744140625 -0.0287799835205078 0.00472831726074219
-0.138626098632812 0.25006103515625 -0.0395660400390625 -0.00028610229492186
0.069549560546875 0.28717041015625 -0.0191459655761719 0.0361671447753906
0.173980712890625 0.218414306640625 0.00570678710937501 0.0383224487304688
0.159378051757812 0.203842163085937 0.0048961639404297 0.0211734771728516
0.185760498046875 0.228134155273437 -0.0152511596679687 0.0116329193115234
0.1025390625 0.271697998046875 0.00519371032714844 -0.0191459655761719
-0.08038330078125 0.291412353515625 0.00663375854492188 -0.0696945190429687
-0.23760986328125 0.192657470703125 0.0638656616210937 -0.0497474670410156
-0.336090087890625 -0.08746337890625 0.147903442382812 0.0118255615234375
-0.280441284179688 -0.280532836914062 0.125946044921875 0.119857788085938
-0.1146240234375 -0.36688232421875 0.0610504150390625 0.222061157226562
-0.1142578125 -0.380096435546875 0.00334167480468749 -0.187713623046875
-0.242340087890625 -0.277542114257813 -0.0597457885742188 -0.105674743652344
-0.33209228515625 -0.1077880859375 -0.0335407257080078 -0.0318107604980469
-0.289581298828125 0.123199462890625 -0.00505828857421877 -0.0342941284179687
-0.13818359375 0.236068725585938 -0.0345268249511719 -0.0657691955566406
0.0550994873046875 0.278411865234375 -0.0576629638671875 -0.0393600463867187
0.152862548828125 0.215652465820313 -0.0681495666503906 -0.023834228515625
0.141952514648437 0.200286865234375 -0.0710906982421875 -0.0245208740234375
0.166458129882813 0.225967407226562 -0.0887603759765625 -0.038818359375
0.089752197265625 0.259689331054687 -0.0499801635742188 -0.0830459594726562
-0.0808868408203125 0.276077270507813 -0.020477294921875 -0.128379821777344
-0.223220825195313 0.184677124023438 0.0579376220703125 -0.0919265747070312
-0.3228759765625 -0.07513427734375 0.127822875976562 -0.0142364501953125
-0.280044555664063 -0.256576538085937 0.067779541015625 0.0619354248046875
-0.1282958984375 -0.35333251953125 0.0335617065429687 0.0887832641601562
-0.124755859375 -0.300811767578125 -0.015838623046875 -0.304443359375
-0.21209716796875 -0.207366943359375 -0.0911712646484375 -0.166717529296875
-0.263153076171875 -0.0696258544921876 -0.0373725891113281 -0.0450592041015625
-0.223526000976563 0.100143432617187 0.0104904174804687 -0.0694160461425781
-0.108200073242187 0.1806640625 -0.0295333862304688 -0.116455078125
0.0359039306640625 0.222732543945313 -0.0871734619140625 -0.104598999023437
0.1090087890625 0.17791748046875 -0.129379272460938 -0.0812759399414062
0.103012084960937 0.167709350585937 -0.135848999023438 -0.0672225952148437
0.119461059570313 0.191070556640625 -0.14764404296875 -0.0859832763671875
0.0546875 0.209945678710938 -0.0950927734375 -0.136398315429688
-0.0791015625 0.210479736328125 -0.038330078125 -0.169662475585938
-0.179092407226563 0.130813598632812 0.0525283813476563 -0.119377136230469
-0.247344970703125 -0.0706634521484375 0.10003662109375 -0.0291976928710938
-0.218017578125 -0.200515747070312 0.0100002288818359 0.00940990447998046
-0.11041259765625 -0.284088134765625 0.00460433959960936 -0.0378952026367188
-0.1180419921875 -0.175674438476563 -0.036529541015625 -0.394439697265625
-0.1512451171875 -0.106765747070312 -0.116409301757812 -0.214828491210938
-0.151702880859375 -0.01666259765625 -0.0471916198730469 -0.0559806823730469
-0.119804382324219 0.0629959106445312 0.0128860473632812 -0.0905532836914063
-0.058563232421875 0.09674072265625 -0.0266189575195312 -0.14056396484375
0.0130691528320313 0.130706787109375 -0.104171752929687 -0.14581298828125
0.050750732421875 0.112564086914063 -0.16925048828125 -0.122955322265625
0.0479736328125 0.108848571777344 -0.17840576171875 -0.101043701171875
0.0538101196289062 0.128684997558594 -0.182891845703125 -0.1251220703125
0.00847625732421875 0.129791259765625 -0.118927001953125 -0.1761474609375
-0.0710372924804688 0.113121032714844 -0.0376434326171875 -0.190536499023438
-0.112358093261719 0.051544189453125 0.0548553466796875 -0.128898620605469
-0.130943298339844 -0.0595016479492187 0.0764083862304687 -0.0305099487304688
-0.118919372558594 -0.1175537109375 -0.0300331115722656 -0.0325279235839844
-0.0733184814453125 -0.170913696289062 -0.0142135620117188 -0.1370849609375
-0.091888427734375 -0.024322509765625 -0.059783935546875 -0.44482421875
-0.0708694458007813 0.0031890869140625 -0.138412475585938 -0.243682861328125
-0.0262413024902344 0.0364036560058594 -0.0656547546386719 -0.0588493347167969
-0.00490951538085938 0.0201797485351563 0.000450134277343742 -0.091094970703125
-0.00358986854553223 0.0039668083190918 -0.0266571044921875 -0.134933471679688
-0.0112724304199219 0.0213947296142578 -0.107192993164063 -0.156661987304688
-0.0146369934082031 0.0301876068115234 -0.18341064453125 -0.140396118164063
-0.0117950439453125 0.0329418182373047 -0.194992065429688 -0.119491577148438
-0.0168838500976563 0.0453872680664063 -0.190231323242187 -0.148727416992188
-0.0342597961425781 0.0310039520263672 -0.121337890625 -0.195175170898437
-0.0475692749023437 0.00540924072265626 -0.0236968994140625 -0.189056396484375
-0.0273647308349609 -0.0230789184570312 0.0621261596679687 -0.122657775878906
-0.00589942932128906 -0.0298595428466797 0.0604019165039063 -0.0242576599121094
-0.014277458190918 -0.0122308731079102 -0.0459938049316406 -0.0577125549316406
-0.0333175659179687 -0.0302028656005859 -0.02191162109375 -0.19500732421875
0.0202102661132813 -0.130844116210938 0.0592193603515625 0.199172973632813
-0.082061767578125 -0.100372314453125 0.0541915893554688 0.0693092346191406
-0.120574951171875 -0.01361083984375 -0.0482635498046875 0.000484466552734381
-0.07086181640625 0.0716552734375 -0.0839767456054688 0.0998153686523437
-0.006072998046875 0.0969390869140625 -0.02001953125 0.164215087890625
0.0654678344726563 0.073028564453125 0.105133056640625 0.190780639648437
0.0946884155273438 0.0439071655273438 0.195770263671875 0.155502319335937
0.079345703125 0.0441513061523438 0.19390869140625 0.117355346679687
0.0874481201171875 0.0514984130859375 0.1683349609375 0.13262939453125
0.0475921630859375 0.0898895263671875 0.112869262695313 0.152999877929688
-0.0288925170898438 0.0964508056640625 0.0476226806640625 0.111549377441406
-0.0917587280273438 0.041259765625 0.031097412109375 0.076934814453125
-0.0856246948242188 -0.0648117065429688 0.100700378417969 0.09130859375
-0.0271987915039062 -0.118637084960937 0.167236328125 0.241424560546875
0.0350112915039063 -0.0976104736328125 0.046478271484375 0.485931396484375
-0.022064208984375 -0.270858764648438 0.0470733642578125 0.153518676757813
-0.155670166015625 -0.199111938476563 0.0363426208496094 0.0555801391601562
-0.2274169921875 -0.06488037109375 -0.039794921875 -0.0059661865234375
-0.174606323242188 0.104400634765625 -0.0742340087890625 0.0734100341796875
-0.0601043701171875 0.177169799804688 -0.0363922119140625 0.123527526855469
0.0826416015625 0.176345825195313 0.06854248046875 0.163162231445313
0.149169921875 0.1260986328125 0.151565551757813 0.137252807617188
0.130302429199219 0.120559692382813 0.152496337890625 0.0981903076171875
0.146377563476563 0.137420654296875 0.127059936523438 0.105171203613281
0.0776519775390625 0.18310546875 0.0950393676757813 0.109031677246094
-0.058868408203125 0.192535400390625 0.0440902709960937 0.06024169921875
-0.170791625976563 0.105087280273437 0.0507125854492187 0.0442390441894531
-0.201736450195313 -0.0949096679687499 0.133491516113281 0.0729904174804688
-0.13446044921875 -0.214630126953125 0.180587768554688 0.222442626953125
-0.0196075439453125 -0.236618041992188 0.0716552734375 0.444488525390625
-0.061492919921875 -0.3709716796875 0.0343971252441406 0.062835693359375
-0.211654663085938 -0.273178100585938 0.00941085815429686 0.0184097290039062
-0.311370849609375 -0.10675048828125 -0.0344333648681641 -0.011373519897461
-0.25994873046875 0.1258544921875 -0.0541763305664063 0.0423545837402344
-0.109161376953125 0.235748291015625 -0.0423927307128906 0.0675544738769532
0.0865020751953125 0.255416870117188 0.0255661010742188 0.111152648925781
0.181472778320313 0.189544677734375 0.0859222412109375 0.0975112915039063
0.162918090820313 0.177688598632813 0.0870819091796875 0.0648727416992188
0.186660766601563 0.2008056640625 0.0630836486816406 0.0643119812011719
0.102523803710938 0.24981689453125 0.0583229064941406 0.0485191345214844
-0.0726165771484375 0.269317626953125 0.0294322967529297 -0.00315093994140623
-0.223709106445312 0.167327880859375 0.0641212463378906 -0.000202178955078115
-0.29937744140625 -0.0985107421875 0.153778076171875 0.0442047119140625
-0.234039306640625 -0.271286010742188 0.170196533203125 0.181137084960937
-0.078521728515625 -0.33697509765625 0.078369140625 0.354400634765625
-0.096710205078125 -0.415069580078125 0.0193023681640625 -0.0564498901367188
-0.248565673828125 -0.305633544921875 -0.0252418518066406 -0.0376510620117188
-0.357666015625 -0.1236572265625 -0.0331668853759766 -0.0188694000244141
-0.308349609375 0.138336181640625 -0.0299072265625 0.00707435607910156
-0.140151977539063 0.262924194335938 -0.0415573120117188 0.000736236572265647
0.08013916015625 0.29718017578125 -0.0177497863769531 0.0398330688476563
0.187454223632813 0.22418212890625 0.00872802734375002 0.0410652160644531
0.171188354492188 0.208663940429687 0.00916481018066407 0.0213527679443359
0.199630737304687 0.234375 -0.0135726928710937 0.0153598785400391
0.113265991210937 0.2794189453125 0.00613021850585938 -0.0192222595214844
-0.076324462890625 0.30706787109375 0.0040435791015625 -0.0704421997070312
-0.24298095703125 0.20660400390625 0.0664138793945312 -0.0493507385253906
-0.35333251953125 -0.0856323242187499 0.152496337890625 0.0113983154296875
-0.297119140625 -0.28631591796875 0.130050659179687 0.125602722167969
-0.123138427734375 -0.38385009765625 0.063446044921875 0.229934692382812
-0.121826171875 -0.3951416015625 0.00155639648437499 -0.188644409179688
-0.254974365234375 -0.285736083984375 -0.063568115234375 -0.103706359863281
-0.34912109375 -0.108856201171875 -0.0348758697509766 -0.0305900573730469
-0.300048828125 0.135162353515625 -0.00627136230468752 -0.03350830078125
-0.139984130859375 0.250015258789063 -0.0368118286132812 -0.0665664672851562
0.065643310546875 0.289642333984375 -0.0585975646972656 -0.0375251770019531
0.165756225585938 0.222381591796875 -0.0684471130371094 -0.0227317810058593
0.153457641601562 0.206741333007812 -0.071258544921875 -0.025115966796875
0.180099487304688 0.23309326171875 -0.0905380249023437 -0.0365447998046875
0.0993499755859375 0.268447875976563 -0.051666259765625 -0.0849151611328125
-0.0770263671875 0.291595458984375 -0.0247039794921875 -0.130668640136719
-0.229080200195313 0.198379516601562 0.060150146484375 -0.0938186645507812
-0.339569091796875 -0.07403564453125 0.132011413574219 -0.0148086547851563
-0.29541015625 -0.26373291015625 0.0685691833496094 0.06536865234375
-0.136505126953125 -0.370147705078125 0.0321731567382813 0.091094970703125
-0.131591796875 -0.314697265625 -0.0211181640625 -0.31097412109375
-0.223556518554687 -0.215591430664063 -0.0978240966796875 -0.167877197265625
-0.277191162109375 -0.0707244873046875 -0.0396080017089844 -0.0448074340820313
-0.232742309570312 0.110443115234375 0.00986480712890624 -0.07061767578125
-0.110641479492188 0.192459106445313 -0.031890869140625 -0.119636535644531
0.0440826416015625 0.232818603515625 -0.0909652709960938 -0.105560302734375
0.119705200195312 0.184036254882813 -0.13427734375 -0.0816116333007812
0.1129150390625 0.17376708984375 -0.139503479003906 -0.068115234375
0.131317138671875 0.1986083984375 -0.153274536132812 -0.085418701171875
0.06280517578125 0.2176513671875 -0.0997695922851563 -0.139846801757813
-0.0776519775390625 0.223968505859375 -0.0435638427734375 -0.173690795898438
-0.185531616210938 0.141281127929687 0.0533294677734375 -0.122772216796875
-0.26123046875 -0.0702362060546876 0.103630065917969 -0.0303802490234375
-0.230072021484375 -0.206512451171875 0.00769519805908202 0.0102872848510742
-0.1168212890625 -0.299835205078125 0.000221252441406244 -0.040771484375
-0.122650146484375 -0.1854248046875 -0.04547119140625 -0.40802001953125
-0.158920288085938 -0.112640380859375 -0.126052856445313 -0.22021484375
-0.15997314453125 -0.01812744140625 -0.050445556640625 -0.0563774108886719
-0.126014709472656 0.069671630859375 0.0112686157226562 -0.0930099487304688
-0.0610275268554688 0.104446411132813 -0.0289154052734375 -0.145370483398438
0.018035888671875 0.138648986816406 -0.10906982421875 -0.149505615234375
0.0574188232421875 0.117538452148437 -0.177536010742188 -0.124664306640625
0.05487060546875 0.114303588867188 -0.185440063476563 -0.1026611328125
0.0617446899414063 0.135551452636719 -0.190811157226562 -0.125961303710938
0.013153076171875 0.136375427246094 -0.125762939453125 -0.180252075195312
-0.071319580078125 0.122230529785156 -0.043548583984375 -0.195663452148438
-0.117935180664062 0.0578994750976563 0.0558929443359375 -0.133064270019531
-0.140144348144531 -0.0609817504882813 0.079620361328125 -0.0321426391601563
-0.1259765625 -0.123008728027344 -0.0345039367675781 -0.0339546203613281
-0.076446533203125 -0.182861328125 -0.0206756591796875 -0.145355224609375
-0.0930862426757813 -0.027557373046875 -0.06903076171875 -0.46173095703125
-0.0735397338867187 0.000320434570312506 -0.149383544921875 -0.251312255859375
-0.0273780822753906 0.0347461700439453 -0.0701370239257813 -0.0594482421875
-0.00737762451171875 0.0211715698242188 -0.00159454345703125 -0.0938262939453125
-0.00509786605834961 0.00619411468505859 -0.0285873413085938 -0.139678955078125
-0.00997543334960938 0.0251235961914063 -0.113006591796875 -0.161666870117188
-0.0128765106201172 0.0329113006591797 -0.193359375 -0.144195556640625
-0.0103569030761719 0.036712646484375 -0.203765869140625 -0.12139892578125
-0.0143051147460938 0.0505905151367188 -0.2001953125 -0.151519775390625
-0.0332489013671875 0.035308837890625 -0.127838134765625 -0.199676513671875
-0.0493240356445313 0.00903701782226563 -0.027496337890625 -0.194656372070312
-0.0312576293945313 -0.0221576690673828 0.0629425048828125 -0.127235412597656
-0.00913619995117187 -0.0314559936523438 0.0622024536132813 -0.0256690979003906
-0.0161209106445313 -0.0156393051147461 -0.0515060424804688 -0.0612449645996094
-0.0334396362304688 -0.0370864868164063 -0.0292816162109375 -0.20599365234375
0.01678466796875 -0.136573791503906 0.0724945068359375 0.214630126953125
-0.0884170532226562 -0.09967041015625 0.06268310546875 0.0754776000976563
-0.125755310058594 -0.00965118408203127 -0.0498580932617188 0.00178909301757812
-0.0709075927734375 0.0754776000976562 -0.084869384765625 0.107688903808594
-0.002410888671875 0.100418090820312 -0.01605224609375 0.17376708984375
0.0709228515625 0.0721588134765625 0.117218017578125 0.19793701171875
0.1009521484375 0.04168701171875 0.213272094726563 0.157379150390625
0.0843276977539063 0.0414505004882813 0.209152221679687 0.116958618164062
0.0926666259765625 0.0482940673828125 0.183853149414063 0.135406494140625
0.0544815063476563 0.0902557373046875 0.124496459960938 0.157623291015625
-0.0245742797851563 0.101776123046875 0.0532073974609375 0.116294860839844
-0.0937423706054688 0.0474090576171875 0.0359420776367187 0.0809326171875
-0.0927734375 -0.0640487670898438 0.109016418457031 0.0929412841796875
-0.0356521606445313 -0.121604919433594 0.185821533203125 0.2518310546875
0.0314407348632813 -0.101638793945313 0.0673828125 0.5118408203125
-0.032745361328125 -0.28338623046875 0.057586669921875 0.167404174804687
-0.168731689453125 -0.200592041015625 0.0436363220214844 0.0626945495605469
-0.240875244140625 -0.06060791015625 -0.0406837463378906 -0.00495529174804687
-0.178863525390625 0.115554809570313 -0.0753326416015625 0.0801162719726563
-0.0567169189453125 0.187973022460937 -0.0343399047851563 0.132171630859375
0.094696044921875 0.180511474609375 0.07818603515625 0.17095947265625
0.163192749023438 0.126312255859375 0.16717529296875 0.139923095703125
0.142181396484375 0.120452880859375 0.1654052734375 0.0977325439453125
0.159927368164063 0.13714599609375 0.139457702636719 0.109199523925781
0.089508056640625 0.187850952148438 0.103897094726563 0.111663818359375
-0.0516510009765625 0.205841064453125 0.0472297668457031 0.0631675720214844
-0.175262451171875 0.11859130859375 0.0556373596191406 0.0461311340332031
-0.2181396484375 -0.09271240234375 0.142059326171875 0.073150634765625
-0.15240478515625 -0.219451904296875 0.197647094726563 0.231552124023438
-0.0299224853515625 -0.248855590820313 0.090118408203125 0.467315673828125
-0.0765380859375 -0.387939453125 0.040679931640625 0.0733871459960937
-0.230331420898438 -0.277969360351563 0.0130653381347656 0.0250530242919922
-0.331451416015625 -0.10296630859375 -0.0357017517089844 -0.0103988647460938
-0.268951416015625 0.14263916015625 -0.0558090209960938 0.0479774475097656
-0.106399536132813 0.2525634765625 -0.04351806640625 0.0733261108398438
0.10284423828125 0.264450073242188 0.032501220703125 0.118431091308594
0.200088500976563 0.19219970703125 0.0959854125976563 0.100090026855469
0.179550170898438 0.180252075195313 0.096343994140625 0.0642547607421875
0.206298828125 0.203872680664062 0.071319580078125 0.0680923461914063
0.119232177734375 0.257644653320313 0.0637550354003906 0.0494155883789063
-0.06353759765625 0.287872314453125 0.0297985076904297 -0.00233078002929686
-0.229202270507812 0.186721801757813 0.06854248046875 -0.00101470947265624
-0.3216552734375 -0.0933532714843751 0.162643432617187 0.0421142578125
-0.258804321289063 -0.277740478515625 0.184585571289062 0.188140869140625
-0.094512939453125 -0.355712890625 0.093292236328125 0.372406005859375
-0.114471435546875 -0.434661865234375 0.0202865600585937 -0.0528984069824219
-0.2703857421875 -0.3126220703125 -0.0257606506347656 -0.0328769683837891
-0.3829345703125 -0.11907958984375 -0.0350837707519531 -0.0180149078369141
-0.3193359375 0.15838623046875 -0.0310764312744141 0.010030746459961
-0.136932373046875 0.283599853515625 -0.044403076171875 0.0034599304199219
0.098663330078125 0.30950927734375 -0.0156059265136719 0.0454330444335938
0.208847045898438 0.228500366210937 0.013031005859375 0.0436592102050781
0.190170288085938 0.212814331054688 0.0123691558837891 0.0216484069824219
0.2225341796875 0.238418579101563 -0.0109519958496094 0.0189590454101563
0.13153076171875 0.289703369140625 0.00552368164062501 -0.0201854705810547
-0.0662841796875 0.3287353515625 0.000305175781249999 -0.0721359252929687
-0.248947143554688 0.228668212890625 0.0694618225097656 -0.0528488159179687
-0.3787841796875 -0.0787048339843751 0.160140991210937 0.00755310058593749
-0.32501220703125 -0.292938232421875 0.139488220214844 0.130645751953125
-0.14208984375 -0.4051513671875 0.071990966796875 0.241165161132812
-0.13970947265625 -0.414886474609375 -0.00378417968749999 -0.192230224609375
-0.2783203125 -0.29339599609375 -0.0691070556640625 -0.102142333984375
-0.3739013671875 -0.10662841796875 -0.0375251770019531 -0.0296630859375
-0.3123779296875 0.155120849609375 -0.00784492492675783 -0.0327644348144531
-0.138565063476563 0.269699096679687 -0.0415878295898437 -0.067352294921875
0.08343505859375 0.303131103515625 -0.0611419677734375 -0.0355110168457031
0.186538696289063 0.228424072265625 -0.0706634521484375 -0.0207977294921875
0.172225952148438 0.212448120117188 -0.07293701171875 -0.0247421264648437
0.203048706054687 0.23980712890625 -0.0939483642578125 -0.0331573486328125
0.117279052734375 0.27960205078125 -0.057708740234375 -0.087066650390625
-0.067840576171875 0.31317138671875 -0.0317153930664063 -0.13427734375
-0.234909057617188 0.219284057617187 0.06103515625 -0.0994949340820313
-0.363616943359375 -0.0672912597656251 0.137947082519531 -0.019622802734375
-0.322601318359375 -0.269287109375 0.0723342895507812 0.0684356689453125
-0.154815673828125 -0.391632080078125 0.0342178344726562 0.0947113037109375
-0.146881103515625 -0.330810546875 -0.0325927734375 -0.3236083984375
-0.242782592773438 -0.2230224609375 -0.109512329101563 -0.171005249023437
-0.29779052734375 -0.068145751953125 -0.0438804626464844 -0.044830322265625
-0.243087768554688 0.1270751953125 0.00707244873046874 -0.073028564453125
-0.110260009765625 0.209335327148438 -0.0381622314453125 -0.124176025390625
0.0584869384765625 0.245513916015625 -0.0972366333007812 -0.106773376464844
0.136474609375 0.191116333007813 -0.14300537109375 -0.081390380859375
0.127670288085938 0.180130004882813 -0.1470947265625 -0.0681915283203125
0.151046752929687 0.205825805664063 -0.162506103515625 -0.0826416015625
0.0754547119140625 0.228286743164063 -0.10919189453125 -0.143768310546875
-0.07257080078125 0.24285888671875 -0.0531768798828125 -0.179412841796875
-0.192047119140625 0.157791137695312 0.0538787841796875 -0.129539489746094
-0.280364990234375 -0.0659179687499999 0.107627868652344 -0.03460693359375
-0.251174926757813 -0.212677001953125 0.00562858581542967 0.011387825012207
-0.13104248046875 -0.31866455078125 -0.00423049926757813 -0.0439987182617188
-0.133392333984375 -0.1949462890625 -0.06146240234375 -0.426544189453125
-0.17132568359375 -0.117782592773437 -0.141693115234375 -0.226654052734375
-0.172134399414063 -0.016845703125 -0.0559654235839844 -0.0560035705566406
-0.132865905761719 0.0795211791992188 0.00773620605468749 -0.096435546875
-0.0619354248046875 0.115211486816406 -0.03533935546875 -0.151519775390625
0.0263519287109375 0.14691162109375 -0.119140625 -0.15362548828125
0.067626953125 0.122833251953125 -0.190673828125 -0.125732421875
0.0648651123046875 0.119941711425781 -0.198257446289063 -0.1025390625
0.0742645263671875 0.14276123046875 -0.205230712890625 -0.124847412109375
0.0211181640625 0.145401000976563 -0.137557983398438 -0.18505859375
-0.0699539184570313 0.134872436523437 -0.052947998046875 -0.20294189453125
-0.124114990234375 0.0675888061523438 0.0545654296875 -0.140510559082031
-0.152786254882813 -0.059783935546875 0.0827484130859375 -0.0367813110351563
-0.137992858886719 -0.128311157226563 -0.0403709411621094 -0.0347862243652344
-0.08587646484375 -0.196945190429688 -0.0303802490234375 -0.15484619140625
-0.09619140625 -0.0291748046875 -0.0899658203125 -0.485382080078125
-0.0774078369140625 -0.0003509521484375 -0.168228149414062 -0.260498046875
-0.0289878845214844 0.0346221923828125 -0.0770263671875 -0.05889892578125
-0.00898933410644531 0.0238208770751953 -0.00558471679687499 -0.0977859497070313
-0.00659751892089844 0.00854396820068359 -0.0341949462890625 -0.146194458007813
-0.00850105285644531 0.029266357421875 -0.124114990234375 -0.16729736328125
-0.01129150390625 0.0358543395996094 -0.2095947265625 -0.14593505859375
-0.00696563720703125 0.0404739379882813 -0.219436645507812 -0.12103271484375
-0.0103874206542969 0.05621337890625 -0.216964721679688 -0.152420043945312
-0.0318832397460937 0.0412445068359375 -0.1416015625 -0.205215454101563
-0.0519332885742188 0.0145339965820312 -0.0365447998046875 -0.203643798828125
-0.0356864929199219 -0.0195121765136719 0.0614242553710938 -0.134857177734375
-0.0133533477783203 -0.0330352783203125 0.06536865234375 -0.0294952392578125
-0.0188426971435547 -0.0187587738037109 -0.059112548828125 -0.0644454956054687
-0.0354194641113281 -0.0431709289550781 -0.04168701171875 -0.219772338867187
0.0094451904296875 -0.141983032226563 0.0921630859375 0.225479125976563
-0.0958099365234375 -0.0941696166992188 0.073974609375 0.0790557861328125
-0.129981994628906 -0.00260162353515626 -0.0513038635253906 0.00409698486328124
-0.0688095092773438 0.0811004638671875 -0.0822601318359375 0.117233276367187
0.0032806396484375 0.102653503417969 -0.00715637207031249 0.183319091796875
0.0783309936523438 0.0693817138671875 0.13421630859375 0.200637817382813
0.108169555664063 0.0353317260742188 0.2340087890625 0.1517333984375
0.0888671875 0.0357818603515625 0.226318359375 0.109970092773438
0.09844970703125 0.041717529296875 0.202194213867188 0.131820678710938
0.06256103515625 0.0870590209960938 0.139846801757813 0.1571044921875
-0.0173416137695312 0.106903076171875 0.06268310546875 0.119247436523438
-0.0933837890625 0.0553359985351562 0.0423431396484375 0.0825347900390625
-0.101150512695313 -0.060302734375 0.119293212890625 0.091278076171875
-0.0467987060546875 -0.121650695800781 0.210479736328125 0.2542724609375
0.025238037109375 -0.105789184570313 0.1011962890625 0.53271484375
-0.0498046875 -0.293548583984375 0.073760986328125 0.178665161132812
-0.185791015625 -0.19610595703125 0.0531044006347656 0.0681800842285156
-0.25439453125 -0.049407958984375 -0.0421562194824219 -0.00342559814453125
-0.178604125976563 0.129913330078125 -0.0737457275390625 0.0883102416992188
-0.047393798828125 0.1983642578125 -0.0289306640625 0.140594482421875
0.111221313476563 0.180679321289063 0.0932769775390625 0.175552368164063
0.179779052734375 0.119232177734375 0.184463500976563 0.136947631835938
0.15576171875 0.115386962890625 0.179855346679688 0.091888427734375
0.176193237304688 0.1307373046875 0.154754638671875 0.107009887695313
0.105987548828125 0.187789916992188 0.115821838378906 0.110343933105469
-0.038116455078125 0.218887329101562 0.0525398254394531 0.0646400451660156
-0.175186157226563 0.13531494140625 0.0614891052246094 0.0456733703613281
-0.2353515625 -0.0831451416015625 0.151641845703125 0.068206787109375
-0.17523193359375 -0.218246459960937 0.220855712890625 0.233016967773438
-0.047821044921875 -0.258514404296875 0.121795654296875 0.48583984375
-0.10107421875 -0.4022216796875 0.0495376586914063 0.0818862915039062
-0.254852294921875 -0.27471923828125 0.018524169921875 0.0311927795410156
-0.353179931640625 -0.088623046875 -0.0371627807617188 -0.00889205932617189
-0.271377563476562 0.164871215820313 -0.0554962158203125 0.0538063049316406
-0.095001220703125 0.269561767578125 -0.0419158935546875 0.0808563232421875
0.125640869140625 0.267990112304688 0.0425567626953125 0.123855590820313
0.223419189453125 0.186721801757813 0.108955383300781 0.09967041015625
0.199356079101563 0.175811767578125 0.105690002441406 0.06011962890625
0.230926513671875 0.1982421875 0.0812149047851563 0.0683822631835938
0.142318725585938 0.259902954101563 0.0690116882324219 0.0479888916015625
-0.04571533203125 0.306182861328125 0.0299396514892578 -0.00240707397460936
-0.226913452148438 0.20977783203125 0.07275390625 -0.00410461425781249
-0.345428466796875 -0.0780639648437501 0.17034912109375 0.0350494384765625
-0.289459228515625 -0.2734375 0.20318603515625 0.18975830078125
-0.120574951171875 -0.368011474609375 0.11846923828125 0.38482666015625
-0.1424560546875 -0.44976806640625 0.0202827453613281 -0.0487594604492188
-0.300048828125 -0.3111572265625 -0.0269393920898438 -0.0275344848632813
-0.409454345703125 -0.1041259765625 -0.0370330810546875 -0.0158920288085938
-0.32366943359375 0.185028076171875 -0.0317134857177735 0.0135860443115234
-0.1258544921875 0.304656982421875 -0.0470428466796875 0.00766754150390628
0.12451171875 0.315887451171875 -0.01177978515625 0.0510025024414063
0.235748291015625 0.225265502929688 0.0194015502929688 0.0454750061035156
0.21331787109375 0.209197998046875 0.0163955688476563 0.020233154296875
0.25140380859375 0.233963012695312 -0.00716590881347655 0.0222740173339844
0.157257080078125 0.293731689453125 0.00453186035156251 -0.0213642120361328
-0.045745849609375 0.349395751953125 -0.00511932373046875 -0.0726242065429687
-0.246261596679688 0.256134033203125 0.0706405639648437 -0.0588912963867187
-0.4033203125 -0.060028076171875 0.166351318359375 -0.000625610351562504
-0.3594970703125 -0.28594970703125 0.15216064453125 0.131149291992187
-0.172607421875 -0.4190673828125 0.087005615234375 0.248687744140625
-0.168365478515625 -0.429962158203125 -0.0142364501953125 -0.194747924804688
-0.30670166015625 -0.29229736328125 -0.0772628784179688 -0.0985031127929688
-0.400665283203125 -0.09149169921875 -0.0411796569824219 -0.0275497436523438
-0.316314697265625 0.1827392578125 -0.0103130340576172 -0.0323390960693359
-0.12823486328125 0.291900634765625 -0.0484733581542969 -0.0666656494140625
0.108673095703125 0.311431884765625 -0.0637702941894531 -0.0314865112304687
0.21221923828125 0.226852416992187 -0.0731582641601562 -0.016876220703125
0.195175170898438 0.21209716796875 -0.0761947631835937 -0.0231552124023437
0.232040405273438 0.237762451171875 -0.0975265502929687 -0.0263519287109375
0.141845703125 0.284698486328125 -0.065155029296875 -0.0872879028320313
-0.04962158203125 0.33404541015625 -0.0421295166015625 -0.136032104492187
-0.232620239257813 0.245162963867187 0.05950927734375 -0.106414794921875
-0.387420654296875 -0.04937744140625 0.14178466796875 -0.02813720703125
-0.355133056640625 -0.26275634765625 0.0773086547851562 0.069671630859375
-0.18310546875 -0.405792236328125 0.038330078125 0.0969772338867187
-0.1707763671875 -0.3424072265625 -0.05224609375 -0.332489013671875
-0.267745971679688 -0.221847534179687 -0.124664306640625 -0.169403076171875
-0.319366455078125 -0.056793212890625 -0.0492362976074219 -0.0423164367675781
-0.247207641601563 0.149520874023438 0.00249481201171873 -0.074310302734375
-0.102569580078125 0.227737426757813 -0.0478897094726563 -0.126174926757812
0.0797271728515625 0.253585815429688 -0.106414794921875 -0.104019165039063
0.157455444335938 0.19140625 -0.153076171875 -0.0756378173828125
0.147567749023437 0.180801391601562 -0.156936645507813 -0.064056396484375
0.175628662109375 0.206787109375 -0.173110961914062 -0.0750732421875
0.0958709716796875 0.234786987304688 -0.122848510742187 -0.14324951171875
-0.0585784912109375 0.2615966796875 -0.0665283203125 -0.181533813476563
-0.192169189453125 0.178817749023438 0.0495758056640625 -0.138069152832031
-0.300750732421875 -0.0527954101562499 0.110054016113281 -0.0423355102539062
-0.276504516601562 -0.209426879882813 0.00404834747314451 0.012995719909668
-0.15496826171875 -0.332366943359375 -0.0102729797363281 -0.0466804504394531
-0.147674560546875 -0.200973510742187 -0.089263916015625 -0.440582275390625
-0.18707275390625 -0.116714477539063 -0.163116455078125 -0.227645874023438
-0.184173583984375 -0.011383056640625 -0.0630226135253906 -0.0538673400878906
-0.135482788085938 0.0930557250976562 0.00201416015624999 -0.0995712280273437
-0.058349609375 0.126533508300781 -0.045867919921875 -0.155593872070313
0.0394439697265625 0.153457641601562 -0.132171630859375 -0.152725219726563
0.0803146362304688 0.125282287597656 -0.207138061523437 -0.120269775390625
0.0780181884765625 0.1229248046875 -0.212539672851563 -0.0967864990234375
0.091461181640625 0.146011352539063 -0.221389770507812 -0.117721557617188
0.03326416015625 0.15216064453125 -0.155197143554688 -0.184478759765625
-0.0634307861328125 0.148590087890625 -0.0684814453125 -0.207656860351563
-0.126838684082031 0.0803298950195313 0.0491180419921875 -0.1492919921875
-0.165908813476563 -0.054229736328125 0.0840682983398437 -0.0434036254882813
-0.153244018554687 -0.127960205078125 -0.0470352172851563 -0.0337638854980469
-0.1009521484375 -0.207550048828125 -0.045166015625 -0.161972045898438
-0.0999526977539062 -0.0280990600585938 -0.12274169921875 -0.5015869140625
-0.0813674926757813 0.000610351562500002 -0.194183349609375 -0.263458251953125
-0.0294418334960938 0.0346755981445313 -0.0849075317382813 -0.0558624267578125
-0.00947761535644531 0.0260581970214844 -0.0123672485351563 -0.100456237792969
-0.00751972198486328 0.01092529296875 -0.04339599609375 -0.150375366210938
-0.0059814453125 0.0328826904296875 -0.13916015625 -0.168853759765625
-0.00876617431640625 0.039764404296875 -0.229095458984375 -0.140838623046875
-0.00296401977539063 0.0445289611816406 -0.236846923828125 -0.11480712890625
-0.00423812866210938 0.0612564086914063 -0.23651123046875 -0.145751953125
-0.0285530090332031 0.047027587890625 -0.160263061523438 -0.2049560546875
-0.0531730651855469 0.0211982727050781 -0.0511322021484375 -0.209747314453125
-0.0403709411621094 -0.0157814025878906 0.0562591552734375 -0.144302368164062
-0.0175285339355469 -0.0346126556396484 0.0661659240722656 -0.0357742309570313
-0.0214347839355469 -0.0215320587158203 -0.0692367553710938 -0.0645828247070312
-0.0395431518554687 -0.0487632751464844 -0.0610198974609375 -0.230728149414063
0.00061035156249999 -0.143951416015625 0.113128662109375 0.2296142578125
-0.100906372070313 -0.0858230590820313 0.0853500366210938 0.0796890258789063
-0.130134582519531 0.00651550292968747 -0.0517349243164063 0.00692367553710937
-0.0639724731445312 0.0856781005859375 -0.0757980346679687 0.125556945800781
0.00990295410156249 0.10357666015625 0.00456237792968751 0.188446044921875
0.0845184326171875 0.0635604858398438 0.1514892578125 0.1964111328125
0.112617492675781 0.0260467529296875 0.250717163085938 0.139144897460938
0.0919876098632813 0.0289840698242188 0.238632202148438 0.0970611572265625
0.102073669433594 0.0333633422851563 0.216552734375 0.121353149414063
0.0699462890625 0.0821075439453125 0.153701782226563 0.150711059570313
-0.00774383544921874 0.108955383300781 0.07122802734375 0.11767578125
-0.090301513671875 0.0634994506835938 0.0498580932617188 0.0818634033203125
-0.10736083984375 -0.0535736083984375 0.127815246582031 0.0855026245117188
-0.0571670532226563 -0.118553161621094 0.234207153320313 0.246795654296875
0.0174179077148438 -0.107177734375 0.13970947265625 0.53900146484375
-0.069976806640625 -0.2958984375 0.0908355712890625 0.184402465820312
-0.198898315429687 -0.184600830078125 0.0634307861328125 0.0708847045898437
-0.261856079101562 -0.0337677001953125 -0.0425071716308594 -0.000659942626953122
-0.172515869140625 0.143356323242187 -0.068878173828125 0.0959396362304688
-0.03521728515625 0.204605102539063 -0.02081298828125 0.146743774414062
0.126556396484375 0.17449951171875 0.108230590820313 0.174514770507813
0.192642211914063 0.107101440429688 0.20001220703125 0.127212524414063
0.16644287109375 0.105148315429688 0.190078735351563 0.081329345703125
0.189956665039063 0.118896484375 0.168106079101562 0.09979248046875
0.122299194335938 0.182357788085938 0.124977111816406 0.10504150390625
-0.02105712890625 0.225982666015625 0.0572929382324219 0.0640068054199219
-0.168716430664063 0.151321411132813 0.0667381286621094 0.0424613952636719
-0.248245239257813 -0.0683441162109376 0.158920288085937 0.0602874755859375
-0.196151733398438 -0.208831787109375 0.242568969726563 0.226165771484375
-0.0673065185546875 -0.260894775390625 0.156341552734375 0.488189697265625
-0.12890625 -0.405609130859375 0.0595626831054687 0.08770751953125
-0.275543212890625 -0.2615966796875 0.0250320434570312 0.0355644226074219
-0.36712646484375 -0.0680236816406251 -0.0381889343261719 -0.006103515625
-0.26422119140625 0.186111450195312 -0.0528144836425781 0.0604019165039063
-0.07806396484375 0.281051635742188 -0.0380630493164063 0.0867080688476563
0.148391723632813 0.2628173828125 0.0541915893554688 0.12554931640625
0.243850708007812 0.173324584960937 0.120994567871094 0.0947723388671875
0.215728759765625 0.165054321289063 0.112876892089844 0.0533905029296875
0.252029418945312 0.183761596679687 0.0908889770507813 0.0658493041992188
0.16510009765625 0.25341796875 0.0734176635742188 0.0443115234375
-0.0216064453125 0.316497802734375 0.02996826171875 -0.00197792053222654
-0.217742919921875 0.230453491210937 0.0745925903320312 -0.00914764404296874
-0.360870361328125 -0.0567932128906249 0.175125122070312 0.0250244140625
-0.316375732421875 -0.258209228515625 0.220626831054687 0.182525634765625
-0.148834228515625 -0.37103271484375 0.144927978515625 0.385894775390625
-0.17254638671875 -0.454681396484375 0.0209236145019531 -0.0442962646484375
-0.323699951171875 -0.297210693359375 -0.0260162353515625 -0.0211048126220703
-0.42742919921875 -0.0805969238281251 -0.03857421875 -0.0131454467773438
-0.31707763671875 0.211151123046875 -0.0314731597900391 0.0178070068359375
-0.107330322265625 0.320465087890625 -0.0486373901367188 0.0129547119140625
0.152008056640625 0.31219482421875 -0.00531768798828124 0.0549964904785156
0.25885009765625 0.211715698242188 0.0252189636230469 0.0453567504882813
0.2332763671875 0.198867797851563 0.0190849304199219 0.0179824829101563
0.276992797851563 0.220108032226563 -0.00333976745605467 0.025238037109375
0.18292236328125 0.2880859375 0.00310707092285158 -0.0216999053955078
-0.018280029296875 0.361053466796875 -0.0104522705078125 -0.071319580078125
-0.233917236328125 0.279067993164062 0.0690155029296875 -0.0647010803222656
-0.420257568359375 -0.03424072265625 0.168228149414062 -0.0110321044921875
-0.388916015625 -0.26776123046875 0.163223266601562 0.12713623046875
-0.20404052734375 -0.422149658203125 0.104156494140625 0.248397827148437
-0.197113037109375 -0.433624267578125 -0.025360107421875 -0.192794799804688
-0.3321533203125 -0.279937744140625 -0.0834197998046875 -0.0910186767578125
-0.41949462890625 -0.068939208984375 -0.0440673828125 -0.0244636535644531
-0.311248779296875 0.20916748046875 -0.01214599609375 -0.0301456451416016
-0.111419677734375 0.3082275390625 -0.0547752380371094 -0.0633316040039062
0.135467529296875 0.30902099609375 -0.0644645690917969 -0.0260124206542969
0.235687255859375 0.215896606445313 -0.07330322265625 -0.0119781494140625
0.215682983398437 0.202789306640625 -0.0782852172851562 -0.020599365234375
0.2584228515625 0.22515869140625 -0.0989151000976563 -0.0191650390625
0.1671142578125 0.28070068359375 -0.0728988647460937 -0.0839385986328125
-0.0234375 0.346343994140625 -0.0531234741210938 -0.132980346679687
-0.220809936523438 0.267608642578125 0.0538253784179687 -0.112777709960938
-0.402984619140625 -0.025115966796875 0.141525268554687 -0.0376739501953125
-0.3817138671875 -0.2457275390625 0.0822296142578125 0.068572998046875
-0.2147216796875 -0.408721923828125 0.0431442260742187 0.0967559814453125
-0.19482421875 -0.343841552734375 -0.07415771484375 -0.33258056640625
-0.2879638671875 -0.2117919921875 -0.138809204101563 -0.161331176757813
-0.334503173828125 -0.040069580078125 -0.0534553527832032 -0.0381546020507813
-0.243927001953125 0.17138671875 -0.00207519531250002 -0.074188232421875
-0.08941650390625 0.241653442382813 -0.0573959350585938 -0.124252319335938
0.101165771484375 0.253463745117188 -0.113090515136719 -0.0981979370117188
0.177291870117187 0.184951782226562 -0.160491943359375 -0.0668182373046875
0.164901733398438 0.175079345703125 -0.163482666015625 -0.0562591552734375
0.198348999023438 0.197784423828125 -0.179779052734375 -0.0635986328125
0.117156982421875 0.233627319335938 -0.135345458984375 -0.137237548828125
-0.038909912109375 0.273895263671875 -0.0809173583984375 -0.178924560546875
-0.184799194335938 0.197494506835937 0.04180908203125 -0.144195556640625
-0.313812255859375 -0.034423828125 0.109039306640625 -0.0505218505859375
-0.298583984375 -0.197296142578125 0.0030393600463867 0.0145797729492187
-0.181365966796875 -0.3363037109375 -0.0165481567382813 -0.047607421875
-0.162872314453125 -0.2012939453125 -0.12091064453125 -0.442169189453125
-0.199569702148437 -0.110824584960938 -0.183563232421875 -0.220535278320313
-0.192489624023438 -0.00354003906249998 -0.0683326721191406 -0.048980712890625
-0.133590698242188 0.105743408203125 -0.00470733642578125 -0.100128173828125
-0.0517120361328125 0.135269165039062 -0.0572509765625 -0.155242919921875
0.0531463623046875 0.1552734375 -0.144180297851562 -0.146408081054688
0.0934295654296875 0.123344421386719 -0.220046997070313 -0.108551025390625
0.090057373046875 0.120864868164063 -0.223434448242188 -0.0858154296874999
0.107955932617188 0.142578125 -0.23382568359375 -0.103988647460937
0.047027587890625 0.154434204101563 -0.170852661132812 -0.177505493164063
-0.0526885986328125 0.159408569335938 -0.0846710205078125 -0.204910278320313
-0.125221252441406 0.0932540893554688 0.040771484375 -0.156173706054688
-0.175933837890625 -0.0453643798828125 0.082000732421875 -0.0498199462890625
-0.167266845703125 -0.123291015625 -0.0535011291503906 -0.0306320190429688
-0.117401123046875 -0.211669921875 -0.0603485107421875 -0.163848876953125
-0.101730346679688 -0.0269851684570312 -0.15936279296875 -0.506256103515625
-0.0840225219726563 0.00191497802734375 -0.21923828125 -0.255935668945312
-0.0301475524902344 0.0335407257080078 -0.091094970703125 -0.0503005981445313
-0.00969314575195312 0.0278244018554688 -0.0186309814453125 -0.100273132324219
-0.00763511657714844 0.0133876800537109 -0.0540924072265625 -0.150909423828125
-0.0026092529296875 0.035491943359375 -0.153533935546875 -0.163375854492188
-0.00506210327148438 0.0428581237792969 -0.2451171875 -0.128829956054688
0.00148391723632813 0.0467643737792969 -0.249649047851562 -0.101760864257813
0.00307464599609375 0.0641059875488281 -0.252334594726563 -0.13238525390625
-0.02410888671875 0.0522804260253906 -0.177993774414062 -0.197906494140625
-0.0523567199707031 0.0281906127929688 -0.0671234130859375 -0.208587646484375
-0.0432548522949219 -0.0111274719238281 0.047210693359375 -0.150863647460938
-0.0222511291503906 -0.0346317291259766 0.0648345947265625 -0.041778564453125
-0.0250930786132813 -0.0230693817138672 -0.0782546997070313 -0.0618362426757812
-0.0437698364257813 -0.0521507263183594 -0.082183837890625 -0.233627319335938
-0.00651550292968749 -0.143341064453125 0.129623413085937 0.229461669921875
-0.10125732421875 -0.0786056518554687 0.095367431640625 0.0785675048828125
-0.127532958984375 0.01385498046875 -0.0506324768066406 0.00875091552734375
-0.0595779418945313 0.0877609252929688 -0.0694808959960938 0.130477905273438
0.0151443481445313 0.10247802734375 0.0142669677734375 0.189300537109375
0.0876312255859375 0.0570602416992188 0.163070678710938 0.189285278320313
0.113845825195313 0.0170745849609375 0.26080322265625 0.125381469726563
0.0923690795898438 0.0227127075195313 0.244705200195313 0.085784912109375
0.102653503417969 0.026092529296875 0.225326538085938 0.1107177734375
0.0745849609375 0.0759201049804687 0.162109375 0.14324951171875
-0.000190734863281255 0.108314514160156 0.0774765014648437 0.114944458007813
-0.0858306884765625 0.0686721801757813 0.0545120239257812 0.079315185546875
-0.111297607421875 -0.0468215942382813 0.132438659667969 0.07989501953125
-0.06512451171875 -0.112754821777344 0.24951171875 0.236907958984375
0.0114974975585938 -0.106521606445313 0.168670654296875 0.532928466796875
-0.08465576171875 -0.293365478515625 0.105606079101562 0.185867309570313
-0.204757690429688 -0.172042846679688 0.0726776123046875 0.072052001953125
-0.263519287109375 -0.0201416015624999 -0.0422286987304688 0.00165939331054688
-0.164459228515625 0.151336669921875 -0.0637359619140625 0.100204467773438
-0.024505615234375 0.206375122070312 -0.0138397216796875 0.149658203125
0.136672973632813 0.16546630859375 0.119674682617188 0.170196533203125
0.199798583984375 0.094207763671875 0.209243774414063 0.116714477539063
0.171768188476563 0.0955963134765625 0.195785522460937 0.071685791015625
0.197494506835938 0.106231689453125 0.1759033203125 0.092071533203125
0.133056640625 0.173355102539063 0.131111145019531 0.0989990234375
-0.00575256347656248 0.227020263671875 0.0609855651855469 0.0624465942382813
-0.160614013671875 0.161285400390625 0.0695343017578125 0.039276123046875
-0.255386352539063 -0.0541229248046875 0.161895751953125 0.052886962890625
-0.209716796875 -0.19683837890625 0.256729125976562 0.215728759765625
-0.081878662109375 -0.258407592773438 0.180938720703125 0.48138427734375
-0.14886474609375 -0.401947021484375 0.0688552856445312 0.0915069580078125
-0.286041259765625 -0.247100830078125 0.0317649841308594 0.0394363403320312
-0.3726806640625 -0.0498657226562499 -0.0378189086914063 -0.00384140014648438
-0.254196166992188 0.199005126953125 -0.0489082336425782 0.0646896362304688
-0.064361572265625 0.28582763671875 -0.0343856811523438 0.0909957885742188
0.164505004882813 0.252471923828125 0.063629150390625 0.124458312988281
0.255783081054688 0.158432006835938 0.129127502441406 0.0889511108398438
0.22576904296875 0.153091430664063 0.116806030273438 0.0470733642578125
0.264480590820313 0.167510986328125 0.0970840454101563 0.0621566772460938
0.18072509765625 0.243209838867188 0.0754623413085938 0.041259765625
-0.00100708007812501 0.318023681640625 0.0298671722412109 -0.00215530395507811
-0.205673217773438 0.243881225585938 0.0749435424804687 -0.0130462646484375
-0.369140625 -0.0382080078124999 0.175796508789062 0.017303466796875
-0.33343505859375 -0.241363525390625 0.231475830078125 0.174591064453125
-0.16912841796875 -0.3675537109375 0.163543701171875 0.3807373046875
-0.19464111328125 -0.450347900390625 0.0222434997558594 -0.0396499633789063
-0.337921142578125 -0.282257080078125 -0.0230140686035156 -0.0154953002929688
-0.436431884765625 -0.060516357421875 -0.0387916564941407 -0.0102729797363281
-0.3067626953125 0.22894287109375 -0.0297412872314453 0.0210685729980469
-0.091400146484375 0.327056884765625 -0.0488166809082031 0.01800537109375
0.171356201171875 0.302978515625 9.5367431640639E-05 0.0568351745605469
0.273406982421875 0.196945190429688 0.0304527282714844 0.0444755554199219
0.245742797851562 0.1866455078125 0.0201301574707031 0.0157318115234375
0.293548583984375 0.201934814453125 0.00152778625488283 0.0265445709228516
0.2005615234375 0.277023315429688 0.00160598754882814 -0.0209693908691406
0.00460815429687503 0.36419677734375 -0.0138473510742188 -0.0687103271484375
-0.22027587890625 0.29345703125 0.0660591125488281 -0.0685577392578125
-0.42755126953125 -0.0129394531249999 0.166534423828125 -0.0183563232421875
-0.406005859375 -0.248443603515625 0.170318603515625 0.121536254882812
-0.2266845703125 -0.41766357421875 0.115478515625 0.24462890625
-0.21807861328125 -0.430633544921875 -0.0320281982421875 -0.187271118164063
-0.34649658203125 -0.26641845703125 -0.0860977172851563 -0.083282470703125
-0.429718017578125 -0.049652099609375 -0.0452804565429688 -0.0212593078613281
-0.301666259765625 0.226959228515625 -0.0128421783447266 -0.0277633666992187
-0.09588623046875 0.316741943359375 -0.0586166381835937 -0.0581207275390625
0.155242919921875 0.3016357421875 -0.0631904602050781 -0.0211296081542969
0.251235961914063 0.203384399414063 -0.072601318359375 -0.00829315185546875
0.228500366210937 0.1920166015625 -0.0795669555664062 -0.0177383422851562
0.275772094726563 0.209274291992188 -0.0970306396484375 -0.013153076171875
0.184921264648438 0.271347045898438 -0.0771484375 -0.0796127319335938
-0.00183105468749997 0.350799560546875 -0.0600662231445312 -0.128265380859375
-0.208251953125 0.28173828125 0.0488510131835937 -0.115837097167969
-0.410247802734375 -0.00509643554687509 0.138954162597656 -0.0438079833984375
-0.397857666015625 -0.227569580078125 0.085113525390625 0.06683349609375
-0.236480712890625 -0.40594482421875 0.0462646484375 0.0947265625
-0.211395263671875 -0.3411865234375 -0.089691162109375 -0.32696533203125
-0.30010986328125 -0.20166015625 -0.147323608398438 -0.152267456054688
-0.34375 -0.02545166015625 -0.0552558898925782 -0.0343093872070312
-0.2364501953125 0.185745239257813 -0.00518035888671876 -0.0727310180664063
-0.07843017578125 0.249526977539063 -0.0643081665039063 -0.119979858398438
0.117950439453125 0.248153686523438 -0.117431640625 -0.091796875
0.19073486328125 0.175277709960937 -0.16351318359375 -0.0581512451171875
0.177078247070313 0.167984008789062 -0.166976928710938 -0.0498199462890625
0.2142333984375 0.185989379882812 -0.181915283203125 -0.053466796875
0.132827758789062 0.22784423828125 -0.142898559570313 -0.129470825195312
-0.02105712890625 0.278488159179688 -0.09051513671875 -0.172607421875
-0.175704956054688 0.2095947265625 0.0347442626953125 -0.146865844726562
-0.320404052734375 -0.01898193359375 0.105796813964844 -0.0553054809570313
-0.310943603515625 -0.183990478515625 0.00217533111572264 0.0166234970092773
-0.199188232421875 -0.33453369140625 -0.0216064453125 -0.0474624633789063
-0.1717529296875 -0.19891357421875 -0.14324951171875 -0.4375
-0.207504272460937 -0.105178833007813 -0.19769287109375 -0.210357666015625
-0.198440551757812 0.00434875488281254 -0.0714340209960938 -0.0442962646484375
-0.130264282226563 0.114227294921875 -0.0093536376953125 -0.0990676879882812
-0.0452804565429687 0.140274047851562 -0.066070556640625 -0.151657104492187
0.06402587890625 0.1529541015625 -0.151596069335938 -0.139816284179687
0.10260009765625 0.119667053222656 -0.22662353515625 -0.0974578857421875
0.0989227294921875 0.117263793945313 -0.229080200195313 -0.0753631591796874
0.120140075683594 0.136344909667969 -0.23876953125 -0.0911102294921875
0.0583343505859375 0.153427124023438 -0.181121826171875 -0.167678833007813
-0.0427093505859375 0.164840698242187 -0.096099853515625 -0.199569702148438
-0.121345520019531 0.101615905761719 0.03240966796875 -0.158676147460938
-0.182022094726563 -0.0368194580078125 0.0789794921875 -0.0540771484375
-0.1751708984375 -0.1165771484375 -0.057403564453125 -0.0269584655761719
-0.129409790039063 -0.212921142578125 -0.0719146728515625 -0.16278076171875
-0.101585388183594 -0.0259323120117188 -0.185577392578125 -0.49951171875
-0.0853805541992188 0.00270080566406248 -0.235519409179687 -0.245254516601563
-0.0312347412109375 0.0319747924804688 -0.09393310546875 -0.0448074340820313
-0.00978088378906251 0.02880859375 -0.0240020751953125 -0.0992431640625
-0.00766468048095703 0.015324592590332 -0.061370849609375 -0.149002075195313
0.000251770019531248 0.0366020202636719 -0.162872314453125 -0.156936645507812
-0.00194931030273437 0.045257568359375 -0.25384521484375 -0.116104125976563
0.00555038452148438 0.0484390258789062 -0.256591796875 -0.0899505615234375
0.0093994140625 0.0646476745605469 -0.26019287109375 -0.118118286132812
-0.0192947387695313 0.0548477172851563 -0.188461303710938 -0.18780517578125
-0.0499114990234375 0.0340385437011719 -0.0791015625 -0.204803466796875
-0.0450706481933594 -0.00683975219726562 0.0394287109375 -0.153640747070313
-0.0259952545166016 -0.0343551635742187 0.0616607666015625 -0.0453605651855469
-0.0273799896240234 -0.0243320465087891 -0.0848617553710938 -0.0578842163085938
-0.0477828979492188 -0.0550308227539062 -0.097564697265625 -0.231735229492188
-0.0112457275390625 -0.142532348632813 0.142135620117188 0.23046875
-0.0998764038085937 -0.0735931396484375 0.104209899902344 0.0779571533203125
-0.125228881835938 0.0173416137695312 -0.0506973266601563 0.0101432800292969
-0.0568618774414063 0.0882720947265625 -0.0652236938476563 0.133750915527344
0.0185012817382813 0.101325988769531 0.0205230712890625 0.190460205078125
0.0897293090820312 0.0524368286132813 0.170654296875 0.1851806640625
0.114219665527344 0.0107803344726563 0.267807006835938 0.1170654296875
0.0920486450195313 0.0182266235351563 0.24951171875 0.0789947509765625
0.102981567382812 0.0211029052734375 0.23126220703125 0.104751586914063
0.0770187377929688 0.071197509765625 0.166885375976563 0.139083862304688
0.00518798828125 0.107368469238281 0.0813751220703125 0.113357543945313
-0.0830535888671875 0.0717544555664062 0.0576629638671875 0.0783157348632813
-0.113677978515625 -0.0416641235351563 0.136192321777344 0.0766830444335938
-0.0702362060546875 -0.108192443847656 0.260543823242188 0.23162841796875
0.00794219970703124 -0.1053466796875 0.18658447265625 0.532501220703125
-0.093902587890625 -0.29345703125 0.11700439453125 0.188949584960937
-0.206466674804688 -0.16534423828125 0.0815353393554687 0.0734634399414062
-0.263900756835937 -0.0127716064453125 -0.0422210693359375 0.00297164916992187
-0.159957885742188 0.155868530273438 -0.0602569580078125 0.103790283203125
-0.0181884765625 0.207061767578125 -0.00932312011718749 0.152374267578125
0.143524169921875 0.159072875976563 0.127182006835938 0.167739868164062
0.2044677734375 0.0855560302734375 0.21697998046875 0.110382080078125
0.175582885742188 0.08984375 0.199172973632813 0.065948486328125
0.202499389648438 0.097991943359375 0.181716918945313 0.087738037109375
0.140396118164063 0.167892456054688 0.134284973144531 0.09613037109375
0.00427246093749999 0.2274169921875 0.0635299682617188 0.0617790222167969
-0.156646728515625 0.167388916015625 0.0712356567382812 0.0374374389648438
-0.260528564453125 -0.0455780029296875 0.164306640625 0.0496063232421875
-0.218246459960937 -0.189254760742188 0.266433715820312 0.2115478515625
-0.09027099609375 -0.258636474609375 0.1964111328125 0.479339599609375
-0.160675048828125 -0.40228271484375 0.07708740234375 0.0957794189453125
-0.290740966796875 -0.23968505859375 0.0387535095214844 0.0427436828613281
-0.37786865234375 -0.039459228515625 -0.0378227233886719 -0.00235366821289063
-0.248931884765625 0.207534790039062 -0.04620361328125 0.0677261352539063
-0.05596923828125 0.289154052734375 -0.0324859619140625 0.09454345703125
0.174713134765625 0.246200561523438 0.070404052734375 0.124069213867188
0.263290405273438 0.14825439453125 0.135200500488281 0.0850372314453125
0.231918334960938 0.146957397460938 0.119232177734375 0.043731689453125
0.273696899414063 0.157318115234375 0.102684020996094 0.0604476928710938
0.190475463867188 0.236434936523438 0.0768051147460938 0.039794921875
0.01190185546875 0.319732666015625 0.0303268432617188 -0.00144195556640623
-0.200057983398438 0.253097534179688 0.0744476318359375 -0.0149688720703125
-0.3758544921875 -0.0261230468750001 0.17633056640625 0.013702392578125
-0.344970703125 -0.2310791015625 0.239013671875 0.17083740234375
-0.18145751953125 -0.367767333984375 0.1746826171875 0.37811279296875
-0.207855224609375 -0.45196533203125 0.0255622863769531 -0.0348281860351563
-0.345947265625 -0.275360107421875 -0.0192737579345703 -0.0108242034912109
-0.44403076171875 -0.0479736328125 -0.0388336181640625 -0.00841140747070313
-0.30145263671875 0.23907470703125 -0.0281734466552735 0.0232791900634766
-0.0823974609375 0.332916259765625 -0.0492362976074219 0.021881103515625
0.183441162109375 0.296630859375 0.00493240356445313 0.05828857421875
0.28424072265625 0.186859130859375 0.0345382690429688 0.0436744689941406
0.254226684570313 0.180999755859375 0.0213623046875 0.0147647857666016
0.303955078125 0.190704345703125 0.00529479980468752 0.0269622802734375
0.212844848632812 0.270614624023438 0.000970840454101576 -0.0203227996826172
0.019195556640625 0.366119384765625 -0.0160636901855469 -0.0669746398925781
-0.213287353515625 0.302642822265625 0.0638885498046875 -0.0704116821289062
-0.4349365234375 5.32626030110978E-17 0.166015625 -0.0219573974609375
-0.418548583984375 -0.238037109375 0.174774169921875 0.11956787109375
-0.24102783203125 -0.4189453125 0.120986938476562 0.241912841796875
-0.231414794921875 -0.4324951171875 -0.0346221923828125 -0.18231201171875
-0.354583740234375 -0.260009765625 -0.0864181518554688 -0.0771331787109375
-0.43804931640625 -0.0379028320312501 -0.0454025268554688 -0.0188560485839844
-0.29681396484375 0.238555908203125 -0.0128440856933594 -0.0265674591064453
-0.088043212890625 0.322509765625 -0.0617866516113281 -0.0545654296875
0.16717529296875 0.2967529296875 -0.0616607666015625 -0.017608642578125
0.261810302734375 0.194808959960938 -0.0710906982421875 -0.00584411621093747
0.23748779296875 0.186447143554688 -0.0800399780273437 -0.0164337158203125
0.286956787109375 0.19879150390625 -0.09503173828125 -0.00928497314453122
0.197174072265625 0.266357421875 -0.08038330078125 -0.076263427734375
0.012603759765625 0.35321044921875 -0.0635223388671875 -0.124885559082031
-0.201904296875 0.291107177734375 0.0447616577148437 -0.117912292480469
-0.416839599609375 0.00772094726562505 0.13751220703125 -0.0473175048828125
-0.40936279296875 -0.21783447265625 0.0869598388671875 0.0671005249023437
-0.25030517578125 -0.407379150390625 0.04705810546875 0.0932235717773437
-0.2205810546875 -0.343017578125 -0.09783935546875 -0.323089599609375
-0.308624267578125 -0.197235107421875 -0.15191650390625 -0.146255493164063
-0.35260009765625 -0.01678466796875 -0.0569229125976563 -0.031494140625
-0.233917236328125 0.195480346679688 -0.00701904296875001 -0.0716094970703125
-0.071563720703125 0.255569458007813 -0.0695953369140625 -0.1165771484375
0.128265380859375 0.245574951171875 -0.118972778320312 -0.087066650390625
0.2001953125 0.1705322265625 -0.164779663085938 -0.0532684326171875
0.1856689453125 0.164199829101563 -0.169662475585937 -0.0454559326171875
0.224884033203125 0.177703857421875 -0.182205200195312 -0.0473785400390625
0.143753051757813 0.225006103515625 -0.147018432617188 -0.124526977539062
-0.00988769531249999 0.28167724609375 -0.0960540771484375 -0.168899536132812
-0.170974731445313 0.217987060546875 0.029815673828125 -0.148025512695313
-0.326629638671875 -0.01031494140625 0.103919982910156 -0.0577392578125
-0.320220947265625 -0.1771240234375 0.0013008117675781 0.0183162689208984
-0.211273193359375 -0.33685302734375 -0.0257072448730469 -0.0478553771972657
-0.1773681640625 -0.200363159179687 -0.15594482421875 -0.43304443359375
-0.212783813476562 -0.102447509765625 -0.2066650390625 -0.203506469726563
-0.204910278320313 0.00811767578125004 -0.0727767944335938 -0.042083740234375
-0.1290283203125 0.120346069335938 -0.01177978515625 -0.0986175537109375
-0.04254150390625 0.144485473632813 -0.070892333984375 -0.149917602539063
0.070404052734375 0.152557373046875 -0.155776977539063 -0.135299682617187
0.109169006347656 0.118392944335938 -0.230667114257813 -0.0900726318359375
0.105300903320313 0.116539001464844 -0.23333740234375 -0.0697784423828125
0.128303527832031 0.132438659667969 -0.241775512695313 -0.0832214355468749
0.06634521484375 0.152252197265625 -0.186996459960938 -0.162002563476562
-0.0351104736328125 0.16943359375 -0.102371215820313 -0.195648193359375
-0.119918823242188 0.107856750488281 0.0271453857421875 -0.160018920898438
-0.1868896484375 -0.0319671630859375 0.0769577026367187 -0.0563735961914062
-0.181808471679687 -0.11370849609375 -0.0613250732421875 -0.0242271423339844
-0.137588500976563 -0.214935302734375 -0.0800018310546875 -0.162063598632813
-0.10107421875 -0.02679443359375 -0.20257568359375 -0.496673583984375
-0.0874786376953125 0.00205230712890623 -0.2464599609375 -0.239944458007813
-0.0337543487548828 0.0302867889404297 -0.0959854125976562 -0.0421524047851563
-0.0105819702148438 0.0298652648925781 -0.0272064208984375 -0.098846435546875
-0.00853919982910156 0.0165185928344727 -0.066314697265625 -0.1474609375
0.00175857543945312 0.0378990173339844 -0.169021606445313 -0.15289306640625
0.00138473510742187 0.0473480224609375 -0.260009765625 -0.107894897460937
0.0091705322265625 0.0499687194824219 -0.26220703125 -0.0830230712890626
0.0136184692382812 0.0647926330566406 -0.26605224609375 -0.110061645507813
-0.0155677795410156 0.0571098327636719 -0.194869995117188 -0.182464599609375
-0.0486526489257813 0.0381698608398437 -0.0862884521484375 -0.201934814453125
-0.046630859375 -0.00371932983398438 0.0345458984375 -0.155609130859375
-0.0292415618896484 -0.0342140197753906 0.0594253540039063 -0.0480842590332031
-0.0298194885253906 -0.0263137817382812 -0.090728759765625 -0.0550689697265625
-0.0506973266601563 -0.058563232421875 -0.108108520507813 -0.231704711914062
-0.0142364501953125 -0.144668579101563 0.154571533203125 0.236618041992188
-0.09942626953125 -0.0718841552734375 0.114524841308594 0.07843017578125
-0.125312805175781 0.0189666748046875 -0.0512886047363281 0.011566162109375
-0.0558547973632813 0.0901031494140625 -0.0630111694335938 0.139183044433594
0.0211029052734375 0.102653503417969 0.02490234375 0.195327758789063
0.0925140380859375 0.0491180419921875 0.179367065429688 0.185897827148438
0.116226196289063 0.00574493408203125 0.27886962890625 0.114700317382812
0.0934982299804688 0.0163345336914063 0.258102416992188 0.0772857666015625
0.104820251464844 0.0174331665039063 0.240524291992188 0.103378295898437
0.0797576904296875 0.0687255859375 0.173141479492188 0.139739990234375
0.00941467285156249 0.108390808105469 0.08551025390625 0.114753723144531
-0.083038330078125 0.0756683349609375 0.060821533203125 0.0792465209960938
-0.118431091308594 -0.0389862060546875 0.14178466796875 0.0768280029296875
-0.074554443359375 -0.106010437011719 0.27484130859375 0.23468017578125
0.00611114501953125 -0.106758117675781 0.20025634765625 0.543212890625
-0.100921630859375 -0.29937744140625 0.128875732421875 0.1956787109375
-0.209976196289063 -0.165481567382813 0.0913238525390625 0.0761489868164062
-0.270339965820313 -0.00877380371093744 -0.0420417785644531 0.003936767578125
-0.16033935546875 0.161422729492188 -0.0582199096679688 0.108421325683594
-0.0148773193359375 0.21270751953125 -0.00723266601562501 0.1578369140625
0.15008544921875 0.157318115234375 0.135910034179688 0.169387817382813
0.2113037109375 0.0801239013671875 0.2269287109375 0.10797119140625
0.181930541992188 0.0883026123046875 0.206405639648438 0.064453125
0.209976196289063 0.093292236328125 0.190475463867188 0.0869598388671875
0.147476196289062 0.166610717773438 0.139472961425781 0.0967254638671875
0.0113525390625 0.23193359375 0.0660018920898438 0.0625877380371094
-0.156936645507812 0.1754150390625 0.0737686157226562 0.037689208984375
-0.270828247070313 -0.0400543212890625 0.1693115234375 0.0491943359375
-0.229217529296875 -0.186660766601562 0.279754638671875 0.2132568359375
-0.0977020263671875 -0.264312744140625 0.209503173828125 0.489898681640625
-0.170562744140625 -0.412994384765625 0.0857086181640625 0.101692199707031
-0.29779052734375 -0.241058349609375 0.0466194152832031 0.0459938049316406
-0.388885498046875 -0.03436279296875 -0.0376510620117188 -0.00127410888671875
-0.251022338867188 0.216079711914062 -0.0448532104492188 0.0708770751953125
-0.052490234375 0.298492431640625 -0.0319366455078125 0.0997085571289063
0.18450927734375 0.24658203125 0.0768661499023438 0.12664794921875
0.274566650390625 0.143508911132813 0.143280029296875 0.083892822265625
0.242141723632813 0.14544677734375 0.123153686523438 0.0426406860351563
0.284820556640625 0.151611328125 0.108879089355469 0.0607681274414063
0.20098876953125 0.236328125 0.0794906616210938 0.0405426025390625
0.021636962890625 0.3265380859375 0.0311241149902344 -0.000988006591796855
-0.200592041015625 0.264251708984375 0.0758514404296875 -0.0160140991210937
-0.389923095703125 -0.018707275390625 0.180740356445312 0.0124664306640625
-0.359893798828125 -0.2286376953125 0.249847412109375 0.172821044921875
-0.192626953125 -0.377227783203125 0.184295654296875 0.385467529296875
-0.220550537109375 -0.464630126953125 0.0302047729492187 -0.0314579010009766
-0.355682373046875 -0.277252197265625 -0.0151863098144531 -0.00702953338623049
-0.459259033203125 -0.04150390625 -0.0392074584960938 -0.0074462890625
-0.305328369140625 0.250579833984375 -0.02777099609375 0.0255413055419922
-0.079132080078125 0.34423828125 -0.050628662109375 0.026336669921875
0.195556640625 0.29852294921875 0.00928878784179689 0.0604133605957031
0.297210693359375 0.183990478515625 0.0389862060546875 0.04388427734375
0.265823364257813 0.180801391601562 0.0222454071044922 0.0146141052246094
0.317718505859375 0.186767578125 0.00908088684082033 0.0283222198486328
0.2259521484375 0.271743774414063 0.000621795654296889 -0.0196685791015625
0.0299072265625 0.374298095703125 -0.0170822143554688 -0.0668373107910156
-0.213592529296875 0.315155029296875 0.0638427734375 -0.0724716186523438
-0.4505615234375 0.00964355468750006 0.168701171875 -0.0239410400390625
-0.43609619140625 -0.23577880859375 0.182037353515625 0.121719360351563
-0.2548828125 -0.429901123046875 0.126174926757812 0.2470703125
-0.243896484375 -0.445465087890625 -0.0347137451171875 -0.182708740234375
-0.36749267578125 -0.26385498046875 -0.0868072509765625 -0.0746688842773438
-0.455718994140625 -0.0314331054687499 -0.0467338562011719 -0.017852783203125
-0.301849365234375 0.250152587890625 -0.0132637023925781 -0.0256404876708984
-0.0843505859375 0.334686279296875 -0.0649070739746094 -0.0519752502441406
0.17926025390625 0.30035400390625 -0.0600433349609375 -0.0161628723144531
0.275314331054688 0.193710327148438 -0.0706253051757812 -0.00443267822265624
0.250350952148438 0.1876220703125 -0.0826416015625 -0.0154800415039062
0.301605224609375 0.195465087890625 -0.0950927734375 -0.00741577148437497
0.209793090820313 0.268112182617188 -0.0830841064453125 -0.0758590698242188
0.02301025390625 0.362213134765625 -0.0670166015625 -0.125198364257812
-0.202911376953125 0.303802490234375 0.0433883666992187 -0.120948791503906
-0.431976318359375 0.01556396484375 0.138999938964844 -0.0494613647460938
-0.42529296875 -0.21600341796875 0.0899276733398437 0.0687484741210937
-0.265289306640625 -0.41864013671875 0.0475616455078125 0.0949249267578125
-0.23211669921875 -0.354248046875 -0.102569580078125 -0.326995849609375
-0.3204345703125 -0.2008056640625 -0.15740966796875 -0.144363403320312
-0.3677978515625 -0.0114440917968749 -0.0586662292480469 -0.0313796997070313
-0.238021850585938 0.206161499023438 -0.00843048095703127 -0.072540283203125
-0.0699310302734375 0.266021728515625 -0.0739822387695312 -0.116119384765625
0.138626098632812 0.24945068359375 -0.121047973632812 -0.0861663818359375
0.21160888671875 0.1708984375 -0.168930053710937 -0.0509185791015625
0.196304321289063 0.165771484375 -0.175308227539063 -0.0441741943359375
0.237197875976563 0.17633056640625 -0.18597412109375 -0.044708251953125
0.15435791015625 0.2274169921875 -0.152847290039063 -0.12408447265625
-0.001861572265625 0.2901611328125 -0.10125732421875 -0.169692993164063
-0.17254638671875 0.228195190429688 0.0270233154296875 -0.15191650390625
-0.339630126953125 -0.00433349609375002 0.104248046875 -0.0604095458984375
-0.333526611328125 -0.1761474609375 -0.000539779663085956 0.0201282501220703
-0.22296142578125 -0.347564697265625 -0.0299186706542969 -0.0494956970214844
-0.184310913085938 -0.208160400390625 -0.16607666015625 -0.44036865234375
-0.221481323242188 -0.105361938476563 -0.216018676757812 -0.203567504882813
-0.215728759765625 0.0108489990234375 -0.0762176513671875 -0.0413131713867188
-0.13238525390625 0.126953125 -0.01483154296875 -0.100021362304687
-0.0426788330078125 0.1519775390625 -0.0758514404296875 -0.150360107421875
0.0764007568359375 0.156158447265625 -0.161056518554688 -0.134307861328125
0.11749267578125 0.11968994140625 -0.238739013671875 -0.0872344970703125
0.112678527832031 0.118560791015625 -0.240737915039063 -0.06817626953125
0.137008666992188 0.132217407226563 -0.248687744140625 -0.080169677734375
0.0728607177734375 0.155059814453125 -0.19378662109375 -0.161865234375
-0.031280517578125 0.176010131835938 -0.108322143554688 -0.196578979492188
-0.122505187988281 0.114334106445312 0.02459716796875 -0.1639404296875
-0.195144653320312 -0.0301055908203125 0.0767135620117187 -0.0595321655273438
-0.190048217773437 -0.11566162109375 -0.0660285949707031 -0.0223808288574219
-0.146011352539063 -0.223846435546875 -0.0876922607421875 -0.16619873046875
-0.102653503417969 -0.0304412841796875 -0.217559814453125 -0.505828857421875
-0.0917282104492187 0.00115203857421876 -0.259552001953125 -0.2406005859375
-0.03790283203125 0.0302467346191406 -0.0994949340820313 -0.0412979125976563
-0.0123043060302734 0.0315818786621094 -0.0302581787109375 -0.100318908691406
-0.0099029541015625 0.0185298919677734 -0.0702056884765625 -0.149383544921875
0.00270462036132813 0.0404548645019531 -0.17578125 -0.152923583984375
0.004302978515625 0.0505599975585938 -0.269775390625 -0.105209350585938
0.0122871398925781 0.0519905090332031 -0.270721435546875 -0.0814208984375001
0.0176925659179688 0.0668220520019531 -0.27423095703125 -0.107192993164062
-0.0126266479492188 0.0600509643554688 -0.202896118164062 -0.182296752929688
-0.0482177734375 0.0421180725097656 -0.09161376953125 -0.20318603515625
-0.048797607421875 -0.00133132934570312 0.03204345703125 -0.159469604492188
-0.0320053100585938 -0.0353736877441406 0.0593948364257813 -0.0505180358886719
-0.0329437255859375 -0.0289020538330078 -0.0971832275390625 -0.0537490844726563
-0.0546035766601563 -0.0635986328125 -0.117904663085938 -0.236801147460938
-0.019073486328125 -0.149612426757813 0.1727294921875 0.246337890625
-0.101676940917969 -0.0712966918945313 0.128303527832031 0.07904052734375
-0.129142761230469 0.0231857299804687 -0.0522804260253906 0.0134353637695313
-0.0553512573242188 0.0941238403320313 -0.0599517822265625 0.14788818359375
0.0259017944335938 0.106536865234375 0.0322265625 0.204559326171875
0.0970001220703125 0.0467071533203125 0.193954467773438 0.188583374023438
0.119483947753906 0 0.29736328125 0.109954833984375
0.09759521484375 0.0127029418945313 0.273757934570313 0.074432373046875
0.109413146972656 0.0132675170898438 0.257095336914063 0.102523803710938
0.08489990234375 0.06719970703125 0.185104370117188 0.142486572265625
0.0156173706054688 0.111335754394531 0.0924530029296875 0.117607116699219
-0.0830535888671875 0.081695556640625 0.0666275024414063 0.0817794799804688
-0.125 -0.0345840454101562 0.152816772460937 0.076568603515625
-0.0814971923828125 -0.105552673339844 0.2987060546875 0.23663330078125
0.00339508056640625 -0.110275268554687 0.225830078125 0.565185546875
-0.11419677734375 -0.31109619140625 0.145156860351563 0.2047119140625
-0.219390869140625 -0.167221069335938 0.104057312011719 0.0779190063476562
-0.283050537109375 -0.00167846679687506 -0.0429306030273438 0.00504684448242188
-0.162628173828125 0.172134399414062 -0.0562591552734375 0.115516662597656
-0.0088043212890625 0.222900390625 -0.00265502929687499 0.167572021484375
0.1627197265625 0.157562255859375 0.149078369140625 0.1729736328125
0.224319458007813 0.0742340087890625 0.2431640625 0.105224609375
0.193359375 0.085296630859375 0.219146728515625 0.062408447265625
0.22265625 0.08843994140625 0.20404052734375 0.0870208740234375
0.159881591796875 0.167251586914063 0.148178100585938 0.0981903076171875
0.0212554931640625 0.240936279296875 0.0708084106445312 0.0640106201171875
-0.1588134765625 0.189743041992188 0.0784759521484375 0.0380325317382813
-0.28741455078125 -0.031524658203125 0.179641723632813 0.0482635498046875
-0.246551513671875 -0.185791015625 0.301483154296875 0.21685791015625
-0.110305786132813 -0.275421142578125 0.232025146484375 0.5087890625
-0.19091796875 -0.4307861328125 0.0977859497070312 0.107757568359375
-0.314605712890625 -0.245269775390625 0.0564537048339844 0.0490074157714844
-0.41058349609375 -0.024017333984375 -0.0389747619628907 -0.000350952148437509
-0.256332397460938 0.23297119140625 -0.0435409545898438 0.0761947631835938
-0.046295166015625 0.314239501953125 -0.0308303833007812 0.108627319335938
0.202301025390625 0.249862670898438 0.0872116088867188 0.130256652832031
0.292633056640625 0.138946533203125 0.155166625976563 0.0826568603515625
0.258987426757812 0.144821166992188 0.131553649902344 0.0413818359375
0.30474853515625 0.1475830078125 0.118675231933594 0.0610885620117188
0.218948364257813 0.2388916015625 0.0844192504882813 0.0410537719726563
0.03570556640625 0.34051513671875 0.0325260162353516 -0.000694274902343729
-0.202667236328125 0.284332275390625 0.0785980224609375 -0.0179824829101562
-0.413421630859375 -0.00512695312499995 0.18994140625 0.009307861328125
-0.385040283203125 -0.226318359375 0.268173217773438 0.174896240234375
-0.2135009765625 -0.39337158203125 0.20159912109375 0.40081787109375
-0.243408203125 -0.48583984375 0.035614013671875 -0.0302810668945313
-0.3779296875 -0.283599853515625 -0.0108413696289063 -0.00392627716064455
-0.486846923828125 -0.030548095703125 -0.0410270690917969 -0.00707244873046876
-0.312042236328125 0.271820068359375 -0.0276317596435547 0.0284767150878906
-0.0738525390625 0.36474609375 -0.0527992248535156 0.0328445434570313
0.215118408203125 0.304718017578125 0.0153579711914063 0.0642166137695313
0.31951904296875 0.18109130859375 0.0450706481933594 0.0438117980957031
0.28662109375 0.181121826171875 0.0243473052978516 0.0146884918212891
0.341339111328125 0.1822509765625 0.0129356384277344 0.0298213958740234
0.246078491210938 0.275543212890625 0.000494003295898452 -0.0192317962646484
0.0458984375 0.390411376953125 -0.019805908203125 -0.0678215026855468
-0.21575927734375 0.339447021484375 0.0638885498046875 -0.0768585205078125
-0.476898193359375 0.02490234375 0.176132202148437 -0.0282440185546875
-0.464630126953125 -0.231109619140625 0.19482421875 0.123992919921875
-0.27911376953125 -0.44952392578125 0.137252807617187 0.256118774414063
-0.266754150390625 -0.4666748046875 -0.0372314453125 -0.188003540039063
-0.3905029296875 -0.27008056640625 -0.0894546508789063 -0.0726776123046875
-0.484344482421875 -0.0205078125 -0.0499458312988282 -0.0175628662109375
-0.309661865234375 0.2734375 -0.0147781372070313 -0.0255870819091797
-0.0799560546875 0.3560791015625 -0.0695228576660156 -0.0486831665039062
0.19903564453125 0.307525634765625 -0.0600051879882812 -0.0135765075683594
0.29742431640625 0.192626953125 -0.0717315673828125 -0.003509521484375
0.270675659179688 0.189834594726563 -0.086944580078125 -0.0145492553710937
0.32464599609375 0.19219970703125 -0.0973434448242187 -0.00469970703124997
0.229873657226563 0.27239990234375 -0.0888671875 -0.0759811401367187
0.037353515625 0.37835693359375 -0.0739212036132813 -0.127662658691406
-0.204742431640625 0.326629638671875 0.0412139892578125 -0.126953125
-0.45654296875 0.030792236328125 0.143478393554687 -0.0542449951171875
-0.4544677734375 -0.21282958984375 0.095733642578125 0.0718307495117187
-0.291015625 -0.439178466796875 0.0500946044921875 0.0984954833984375
-0.25335693359375 -0.37200927734375 -0.11376953125 -0.338043212890625
-0.34222412109375 -0.204986572265625 -0.166915893554687 -0.143936157226563
-0.3916015625 -0.00161743164062502 -0.0632781982421875 -0.0308685302734375
-0.245040893554688 0.225448608398438 -0.0116806030273438 -0.0747299194335937
-0.06744384765625 0.28448486328125 -0.0811233520507813 -0.116470336914062
0.15484619140625 0.2572021484375 -0.125633239746094 -0.0856170654296875
0.23089599609375 0.172012329101563 -0.176361083984375 -0.04827880859375
0.213623046875 0.168563842773438 -0.185379028320313 -0.0425872802734375
0.257186889648438 0.174957275390625 -0.194168090820312 -0.0412445068359375
0.171401977539063 0.2318115234375 -0.162994384765625 -0.124923706054688
0.00878906249999999 0.305328369140625 -0.110305786132813 -0.172561645507812
-0.1754150390625 0.246414184570312 0.0236053466796875 -0.158981323242187
-0.36029052734375 0.00579833984374999 0.106552124023437 -0.0650558471679688
-0.3564453125 -0.175384521484375 -0.00160980224609377 0.0235404968261719
-0.246185302734375 -0.364654541015625 -0.0352859497070313 -0.050811767578125
-0.198257446289063 -0.220077514648438 -0.18499755859375 -0.456329345703125
-0.236236572265625 -0.107955932617187 -0.232437133789063 -0.205551147460937
-0.231536865234375 0.016876220703125 -0.0815887451171875 -0.04132080078125
-0.137001037597656 0.138298034667969 -0.0192337036132813 -0.103897094726562
-0.0416717529296875 0.1634521484375 -0.0839080810546875 -0.152999877929688
0.0866241455078125 0.162109375 -0.170486450195313 -0.135650634765625
0.129753112792969 0.123062133789063 -0.252120971679688 -0.0836334228515625
0.124923706054688 0.121734619140625 -0.255813598632813 -0.0649871826171875
0.150634765625 0.133270263671875 -0.26153564453125 -0.0765380859374999
0.08367919921875 0.160079956054687 -0.207550048828125 -0.162384033203125
-0.025665283203125 0.1868896484375 -0.118637084960937 -0.201217651367188
-0.125724792480469 0.125885009765625 0.0201263427734375 -0.171890258789063
-0.208633422851563 -0.025665283203125 0.0766372680664062 -0.0634841918945313
-0.204742431640625 -0.1163330078125 -0.0730972290039063 -0.0195388793945313
-0.160552978515625 -0.236099243164063 -0.0998687744140625 -0.171463012695313
-0.107719421386719 -0.0340652465820313 -0.2412109375 -0.5245361328125
-0.0976104736328125 0.00110626220703126 -0.280731201171875 -0.243743896484375
-0.0423774719238281 0.0308761596679688 -0.106529235839844 -0.0403976440429688
-0.0137653350830078 0.034210205078125 -0.0358200073242188 -0.103813171386719
-0.0113945007324219 0.0220603942871094 -0.0775909423828125 -0.153762817382813
0.00544357299804688 0.0445594787597656 -0.188323974609375 -0.153778076171875
0.00813293457031251 0.0553359985351562 -0.287628173828125 -0.10125732421875
0.0160636901855469 0.0553779602050781 -0.28692626953125 -0.077911376953125
0.0221443176269531 0.0696449279785156 -0.29071044921875 -0.1038818359375
-0.00938415527343751 0.0645027160644531 -0.217437744140625 -0.184036254882813
-0.0486183166503906 0.0481643676757812 -0.101455688476562 -0.208160400390625
-0.0522003173828125 0.00231170654296875 0.0279541015625 -0.168045043945312
-0.0373802185058594 -0.0373458862304687 0.0585365295410156 -0.0547027587890625
-0.0375175476074219 -0.0318336486816406 -0.107513427734375 -0.0522613525390625
-0.0606765747070313 -0.0686416625976562 -0.133132934570313 -0.2462158203125
-0.0289459228515625 -0.155059814453125 0.1990966796875 0.2523193359375
-0.106491088867188 -0.0692825317382812 0.145004272460937 0.0755462646484375
-0.132133483886719 0.0309677124023438 -0.0537834167480469 0.0170326232910156
-0.0528182983398437 0.101112365722656 -0.05267333984375 0.158370971679688
0.033935546875 0.110038757324219 0.045501708984375 0.214309692382813
0.103950500488281 0.0410919189453125 0.214706420898438 0.187057495117188
0.123680114746094 -0.00946044921875 0.320404052734375 0.097991943359375
0.10211181640625 0.00687408447265625 0.294464111328125 0.0634765625
0.11456298828125 0.005340576171875 0.278335571289063 0.095245361328125
0.0923004150390625 0.0638961791992188 0.202774047851563 0.141220092773438
0.0242080688476562 0.113853454589844 0.103736877441406 0.119247436523438
-0.0817413330078125 0.0911712646484375 0.0751113891601563 0.08282470703125
-0.133567810058594 -0.0266189575195312 0.166763305664063 0.072052001953125
-0.0911712646484375 -0.102745056152344 0.330902099609375 0.23187255859375
-0.00238037109375 -0.115631103515625 0.269287109375 0.58441162109375
-0.138275146484375 -0.322662353515625 0.168853759765625 0.211181640625
-0.235946655273438 -0.164703369140625 0.120216369628906 0.0763702392578125
-0.29742431640625 0.014312744140625 -0.0445823669433594 0.0076751708984375
-0.161163330078125 0.189529418945312 -0.0507125854492188 0.124900817871094
0.00367736816406252 0.236343383789063 0.007568359375 0.178268432617188
0.17987060546875 0.153594970703125 0.168060302734375 0.173797607421875
0.239410400390625 0.0623321533203125 0.264328002929688 0.0956573486328125
0.208709716796875 0.0781402587890625 0.236038208007813 0.0540618896484375
0.239822387695313 0.0771636962890625 0.222885131835938 0.0813446044921875
0.178146362304688 0.164718627929688 0.162094116210938 0.0963897705078125
0.0387420654296875 0.250747680664063 0.0778732299804688 0.064361572265625
-0.1563720703125 0.210006713867188 0.0847549438476562 0.0367507934570313
-0.305908203125 -0.01348876953125 0.193649291992187 0.0414886474609375
-0.270065307617188 -0.1788330078125 0.33294677734375 0.211273193359375
-0.13232421875 -0.2855224609375 0.273040771484375 0.526947021484375
-0.225616455078125 -0.447784423828125 0.113571166992187 0.112083435058594
-0.34063720703125 -0.243804931640625 0.0684394836425781 0.0500450134277344
-0.435333251953125 -0.00189208984374998 -0.0407485961914063 0.00150680541992188
-0.256607055664063 0.259063720703125 -0.0407485961914063 0.0830459594726563
-0.0308837890625 0.336029052734375 -0.0261688232421875 0.118980407714844
0.228302001953125 0.248870849609375 0.102096557617188 0.132369995117188
0.317535400390625 0.126129150390625 0.170425415039063 0.076934814453125
0.283416748046875 0.13720703125 0.1417236328125 0.036773681640625
0.33074951171875 0.133697509765625 0.131614685058594 0.058624267578125
0.245635986328125 0.237686157226562 0.0914077758789063 0.0400466918945313
0.059112548828125 0.35540771484375 0.0343704223632813 -0.00188827514648435
-0.1990966796875 0.31256103515625 0.08221435546875 -0.0217666625976562
-0.439697265625 0.021209716796875 0.201370239257812 0.000991821289062501
-0.419586181640625 -0.21337890625 0.2940673828125 0.1710205078125
-0.248199462890625 -0.406768798828125 0.2330322265625 0.41314697265625
-0.285675048828125 -0.505462646484375 0.0403785705566406 -0.0309181213378907
-0.411895751953125 -0.282470703125 -0.00640583038330081 -0.00174379348754885
-0.519012451171875 -0.0036315917968749 -0.0446014404296875 -0.00494766235351562
-0.315185546875 0.303924560546875 -0.0270957946777344 0.0328483581542969
-0.057342529296875 0.392059326171875 -0.0533332824707031 0.0412673950195313
0.24615478515625 0.306884765625 0.0236396789550781 0.066680908203125
0.34844970703125 0.170135498046875 0.0526199340820313 0.0426559448242188
0.314697265625 0.174957275390625 0.026845932006836 0.0139026641845703
0.3720703125 0.168975830078125 0.0183773040771485 0.0309600830078125
0.27667236328125 0.274261474609375 -0.000251770019531231 -0.0196132659912109
0.073486328125 0.40869140625 -0.0244865417480469 -0.0692481994628906
-0.209686279296875 0.372406005859375 0.0633926391601562 -0.0828170776367187
-0.50543212890625 0.056640625 0.18389892578125 -0.0373077392578125
-0.504302978515625 -0.2166748046875 0.212982177734375 0.12188720703125
-0.32061767578125 -0.464996337890625 0.156600952148437 0.264938354492187
-0.3092041015625 -0.485443115234375 -0.04534912109375 -0.193832397460938
-0.426025390625 -0.268280029296875 -0.0945510864257813 -0.0699005126953125
-0.517547607421875 0.00689697265624995 -0.0547599792480469 -0.015472412109375
-0.3134765625 0.30609130859375 -0.0174407958984375 -0.0245819091796875
-0.065948486328125 0.38458251953125 -0.0758514404296875 -0.0432052612304687
0.22882080078125 0.31219482421875 -0.059478759765625 -0.0111770629882812
0.327850341796875 0.184112548828125 -0.0734710693359375 -0.000152587890624989
0.29913330078125 0.184722900390625 -0.0926361083984375 -0.0111160278320312
0.355438232421875 0.1800537109375 -0.0998458862304687 0.000335693359374989
0.259963989257813 0.272216796875 -0.0971145629882813 -0.0745315551757812
0.06365966796875 0.39703369140625 -0.0840377807617187 -0.129035949707031
-0.198944091796875 0.357879638671875 0.0359725952148437 -0.134048461914062
-0.484161376953125 0.06048583984375 0.147308349609375 -0.06304931640625
-0.49249267578125 -0.19891357421875 0.1044921875 0.0728225708007812
-0.333099365234375 -0.454132080078125 0.0559921264648437 0.102226257324219
-0.28814697265625 -0.386322021484375 -0.135711669921875 -0.349090576171875
-0.372528076171875 -0.2027587890625 -0.18218994140625 -0.141403198242188
-0.420867919921875 0.020538330078125 -0.07012939453125 -0.0283241271972656
-0.247955322265625 0.252456665039063 -0.017608642578125 -0.0763702392578125
-0.055816650390625 0.3074951171875 -0.0911331176757813 -0.114532470703125
0.180099487304688 0.26239013671875 -0.133293151855469 -0.0828857421875
0.257827758789063 0.167098999023438 -0.18731689453125 -0.041778564453125
0.23834228515625 0.166366577148438 -0.198394775390625 -0.0349578857421875
0.284027099609375 0.166717529296875 -0.204971313476562 -0.0330047607421875
0.195419311523438 0.2337646484375 -0.17828369140625 -0.121902465820313
0.028961181640625 0.321533203125 -0.12542724609375 -0.174911499023437
-0.1728515625 0.271820068359375 0.0156402587890625 -0.167999267578125
-0.38299560546875 0.0270385742187501 0.106697082519531 -0.0728530883789063
-0.38739013671875 -0.165191650390625 -0.00217056274414065 0.0276336669921875
-0.281158447265625 -0.37762451171875 -0.0425376892089844 -0.0513496398925781
-0.222442626953125 -0.227996826171875 -0.2191162109375 -0.47125244140625
-0.257614135742188 -0.104782104492187 -0.257003784179687 -0.201766967773438
-0.2489013671875 0.03033447265625 -0.0909423828125 -0.0384063720703125
-0.138748168945312 0.155120849609375 -0.0278549194335938 -0.106864929199219
-0.0362091064453125 0.178756713867188 -0.096435546875 -0.154998779296875
0.103042602539062 0.166152954101562 -0.184463500976562 -0.132980346679687
0.14752197265625 0.122451782226562 -0.270309448242188 -0.0737915039062499
0.141098022460938 0.121719360351563 -0.274307250976563 -0.0550994873046875
0.168838500976563 0.13043212890625 -0.279052734375 -0.066375732421875
0.100067138671875 0.163818359375 -0.227203369140625 -0.160171508789063
-0.0149078369140625 0.200363159179688 -0.13531494140625 -0.203598022460937
-0.127059936523438 0.141937255859375 0.01068115234375 -0.181884765625
-0.225250244140625 -0.0157318115234375 0.0755233764648437 -0.0699691772460938
-0.224197387695313 -0.111968994140625 -0.0802459716796875 -0.01300048828125
-0.185089111328125 -0.24560546875 -0.117507934570313 -0.1761474609375
-0.115135192871094 -0.0344085693359375 -0.282501220703125 -0.540283203125
-0.105331420898438 0.00369262695312498 -0.311248779296875 -0.24053955078125
-0.0471420288085938 0.0334625244140625 -0.116928100585937 -0.0362701416015625
-0.0147552490234375 0.0379600524902344 -0.0456771850585937 -0.106330871582031
-0.0120735168457031 0.0263881683349609 -0.0898590087890625 -0.157211303710938
0.0093536376953125 0.0483245849609375 -0.20477294921875 -0.151931762695313
0.0145988464355469 0.0591011047363281 -0.308746337890625 -0.0899963378906249
0.0222892761230469 0.0587120056152344 -0.30950927734375 -0.067230224609375
0.0297164916992188 0.072845458984375 -0.312652587890625 -0.093536376953125
-0.00426483154296876 0.0686874389648438 -0.238418579101562 -0.182220458984375
-0.0472297668457031 0.0560073852539063 -0.118316650390625 -0.212966918945313
-0.0561485290527344 0.00746536254882811 0.0194091796875 -0.1783447265625
-0.0442008972167969 -0.0385246276855469 0.0562820434570313 -0.0606422424316406
-0.0440864562988281 -0.0332984924316406 -0.119636535644531 -0.0463180541992188
-0.0696182250976563 -0.0735092163085937 -0.157089233398438 -0.253646850585937
-0.04229736328125 -0.155960083007813 0.229904174804688 0.24847412109375
-0.111480712890625 -0.0635452270507813 0.161148071289062 0.0647125244140625
-0.132583618164063 0.0421142578125 -0.0525703430175781 0.0214118957519531
-0.0459671020507812 0.107307434082031 -0.0396881103515625 0.167205810546875
0.045074462890625 0.110084533691406 0.065521240234375 0.218856811523438
0.110061645507813 0.0322265625 0.2376708984375 0.17608642578125
0.124404907226563 -0.0221786499023438 0.341217041015625 0.07415771484375
0.104301452636719 -0.00220489501953125 0.31207275390625 0.042388916015625
0.117561340332031 -0.00566864013671875 0.29852294921875 0.077301025390625
0.100288391113281 0.0567474365234375 0.222030639648438 0.131637573242188
0.0356521606445313 0.113975524902344 0.116218566894531 0.116157531738281
-0.0765914916992188 0.101509094238281 0.0853805541992188 0.08062744140625
-0.139404296875 -0.0134811401367188 0.18060302734375 0.0607452392578125
-0.102485656738281 -0.0953826904296875 0.364501953125 0.210693359375
-0.0118637084960937 -0.118820190429688 0.3272705078125 0.58612060546875
-0.17059326171875 -0.324188232421875 0.195602416992188 0.208694458007812
-0.253890991210938 -0.153213500976563 0.137001037597656 0.06915283203125
-0.306671142578125 0.0394287109375 -0.044677734375 0.011322021484375
-0.151748657226562 0.207794189453125 -0.0410690307617188 0.132972717285156
0.0233154296875 0.244659423828125 0.0231475830078125 0.186309814453125
0.198699951171875 0.1414794921875 0.1898193359375 0.165771484375
0.251495361328125 0.04193115234375 0.282684326171875 0.076324462890625
0.221786499023437 0.06292724609375 0.250564575195313 0.0377349853515625
0.254058837890625 0.0567626953125 0.24041748046875 0.0670013427734375
0.198104858398437 0.153823852539063 0.175979614257813 0.0885009765625
0.0625152587890625 0.2545166015625 0.0851516723632813 0.0612106323242188
-0.144729614257812 0.2320556640625 0.0918426513671875 0.0326614379882813
-0.31976318359375 0.0148925781249999 0.205108642578125 0.0278167724609375
-0.294219970703125 -0.159423828125 0.364654541015625 0.1910400390625
-0.16192626953125 -0.28717041015625 0.325164794921875 0.5255126953125
-0.2725830078125 -0.449462890625 0.130661010742187 0.110923767089844
-0.36993408203125 -0.228485107421875 0.0807647705078125 0.0467071533203125
-0.453277587890625 0.03436279296875 -0.042327880859375 0.00494384765625
-0.246429443359375 0.289093017578125 -0.0343093872070313 0.0899810791015625
-0.00439453124999997 0.352630615234375 -0.0159988403320312 0.129241943359375
0.257614135742188 0.236862182617187 0.120170593261719 0.127967834472656
0.3399658203125 0.101348876953125 0.185043334960938 0.0645751953125
0.305450439453125 0.117889404296875 0.150802612304688 0.0269622802734375
0.3538818359375 0.107635498046875 0.144622802734375 0.0502471923828125
0.2747802734375 0.2235107421875 0.0988998413085938 0.0350570678710938
0.0931091308593751 0.362335205078125 0.0346603393554688 -0.00376319885253904
-0.180999755859375 0.34344482421875 0.08392333984375 -0.0275726318359375
-0.45611572265625 0.0614318847656249 0.209396362304687 -0.0136871337890625
-0.450927734375 -0.184478759765625 0.321014404296875 0.153656005859375
-0.292755126953125 -0.407257080078125 0.274627685546875 0.41204833984375
-0.340057373046875 -0.50701904296875 0.0429954528808594 -0.0317764282226563
-0.4498291015625 -0.263458251953125 -0.0011175870895386 -0.000139117240905778
-0.542144775390625 0.0393066406249999 -0.04791259765625 -0.00116348266601563
-0.303375244140625 0.341094970703125 -0.0254173278808594 0.0373573303222656
-0.027801513671875 0.41473388671875 -0.0506629943847656 0.0512733459472657
0.281402587890625 0.295135498046875 0.0340728759765625 0.0661544799804688
0.377716064453125 0.14410400390625 0.0599746704101563 0.0383491516113281
0.343170166015625 0.15521240234375 0.0288753509521485 0.0120925903320313
0.40081787109375 0.14019775390625 0.0250282287597656 0.0305233001708984
0.311492919921875 0.259368896484375 -0.00152015686035155 -0.019693374633789
0.11163330078125 0.4173583984375 -0.0314483642578125 -0.0689620971679687
-0.188873291015625 0.405792236328125 0.0589065551757812 -0.0887222290039062
-0.52313232421875 0.10284423828125 0.187545776367188 -0.05145263671875
-0.5400390625 -0.182464599609375 0.231658935546875 0.111236572265625
-0.37322998046875 -0.462493896484375 0.181976318359375 0.263397216796875
-0.3619384765625 -0.485076904296875 -0.0599365234375 -0.19586181640625
-0.464019775390625 -0.2490234375 -0.100067138671875 -0.0631103515625
-0.54217529296875 0.050384521484375 -0.0601463317871094 -0.0107345581054688
-0.3018798828125 0.344512939453125 -0.0207786560058594 -0.0220794677734375
-0.037384033203125 0.408660888671875 -0.080413818359375 -0.0348129272460937
0.265411376953125 0.302947998046875 -0.0582008361816406 -0.00778579711914061
0.35845947265625 0.161529541015625 -0.0744400024414062 0.00460052490234374
0.328094482421875 0.1669921875 -0.0976181030273437 -0.00447082519531247
0.385284423828125 0.153839111328125 -0.101119995117187 0.00769805908203125
0.29364013671875 0.2589111328125 -0.106758117675781 -0.0694427490234375
0.101104736328125 0.40716552734375 -0.0980224609375 -0.125846862792969
-0.1787109375 0.38995361328125 0.0265274047851563 -0.14007568359375
-0.501251220703125 0.10308837890625 0.147384643554688 -0.074737548828125
-0.526458740234375 -0.16461181640625 0.114334106445312 0.0699539184570312
-0.384368896484375 -0.45013427734375 0.0641098022460937 0.102890014648437
-0.333953857421875 -0.384979248046875 -0.1669921875 -0.350982666015625
-0.404998779296875 -0.18524169921875 -0.1988525390625 -0.130477905273438
-0.440765380859375 0.057159423828125 -0.0785369873046875 -0.0230941772460937
-0.238739013671875 0.2847900390625 -0.0252456665039063 -0.0750579833984375
-0.03350830078125 0.329132080078125 -0.102554321289063 -0.108451843261719
0.210479736328125 0.25579833984375 -0.140670776367188 -0.07696533203125
0.284881591796875 0.15045166015625 -0.196578979492187 -0.0290069580078125
0.263885498046875 0.152694702148437 -0.210006713867187 -0.0210113525390625
0.310089111328125 0.14617919921875 -0.213577270507812 -0.0185089111328125
0.224655151367188 0.224411010742188 -0.194503784179688 -0.112457275390625
0.058807373046875 0.332122802734375 -0.1439208984375 -0.169784545898437
-0.15789794921875 0.29913330078125 0.00189208984375 -0.173919677734375
-0.398956298828125 0.0613403320312501 0.103866577148437 -0.0815277099609375
-0.4158935546875 -0.139312744140625 -0.000507354736328148 0.0327014923095703
-0.32470703125 -0.37530517578125 -0.0508193969726563 -0.0497703552246094
-0.250625610351563 -0.225006103515625 -0.263397216796875 -0.471099853515625
-0.2781982421875 -0.0916900634765625 -0.28265380859375 -0.18780517578125
-0.262344360351563 0.0520782470703125 -0.1002197265625 -0.0308761596679688
-0.133880615234375 0.174789428710937 -0.0388565063476563 -0.105522155761719
-0.0236053466796875 0.19219970703125 -0.111312866210938 -0.150253295898438
0.12213134765625 0.16455078125 -0.198165893554688 -0.124099731445312
0.167205810546875 0.114364624023438 -0.28533935546875 -0.0549316406249999
0.159332275390625 0.115219116210938 -0.291290283203125 -0.035003662109375
0.187637329101563 0.120086669921875 -0.294525146484375 -0.046722412109375
0.119308471679688 0.160369873046875 -0.248199462890625 -0.147369384765625
0.00321960449218749 0.210235595703125 -0.156341552734375 -0.19891357421875
-0.120880126953125 0.160079956054688 -0.00436401367187502 -0.188491821289062
-0.238372802734375 0.00262451171875001 0.0708084106445312 -0.0763015747070313
-0.243301391601563 -0.0986175537109375 -0.0862045288085938 -0.00350952148437501
-0.214614868164063 -0.245193481445312 -0.138565063476562 -0.173233032226563
-0.123092651367188 -0.031951904296875 -0.334930419921875 -0.538970947265625
-0.111259460449219 0.0101470947265625 -0.344482421875 -0.223907470703125
-0.0508384704589844 0.0381660461425781 -0.126274108886719 -0.027008056640625
-0.0141525268554688 0.0422286987304687 -0.0578536987304688 -0.103889465332031
-0.0112514495849609 0.0307807922363281 -0.104934692382813 -0.155319213867187
0.0145950317382813 0.05059814453125 -0.222320556640625 -0.142044067382813
0.0235214233398437 0.061065673828125 -0.328369140625 -0.0684814453125
0.0302238464355469 0.0596199035644531 -0.328033447265625 -0.04437255859375
0.0388641357421875 0.073333740234375 -0.332550048828125 -0.0718383789062501
0.00302886962890624 0.0721588134765625 -0.262603759765625 -0.169723510742187
-0.0428504943847656 0.0639991760253906 -0.13861083984375 -0.209518432617188
-0.0584640502929688 0.0146217346191406 0.00497436523437498 -0.185592651367188
-0.0524215698242188 -0.0365333557128906 0.0513496398925781 -0.0648612976074219
-0.0507965087890625 -0.0315589904785156 -0.130195617675781 -0.0344772338867188
-0.0804901123046875 -0.0743560791015625 -0.186325073242188 -0.251144409179688
-0.0558013916015625 -0.151229858398438 0.25537109375 0.233474731445313
-0.113899230957031 -0.0553512573242188 0.17120361328125 0.0493621826171875
-0.126983642578125 0.0522079467773437 -0.0504798889160156 0.0248260498046875
-0.0366058349609375 0.110130310058594 -0.024658203125 0.168914794921875
0.0551834106445313 0.1060791015625 0.084869384765625 0.2142333984375
0.111358642578125 0.0212554931640625 0.252914428710938 0.156784057617188
0.119667053222656 -0.0348434448242188 0.348968505859375 0.04443359375
0.102386474609375 -0.0113449096679688 0.3193359375 0.018310546875
0.114921569824219 -0.0176010131835938 0.30926513671875 0.0531005859375
0.103836059570313 0.0471954345703125 0.23419189453125 0.115280151367188
0.0458602905273438 0.108795166015625 0.125656127929687 0.107879638671875
-0.0675125122070313 0.108406066894531 0.0934219360351563 0.0743560791015625
-0.139564514160156 0.000701904296875027 0.187286376953125 0.043975830078125
-0.109695434570312 -0.08367919921875 0.38427734375 0.178314208984375
-0.0222549438476563 -0.117118835449219 0.37823486328125 0.56304931640625
-0.200469970703125 -0.310150146484375 0.217788696289063 0.196502685546875
-0.26434326171875 -0.134918212890625 0.148101806640625 0.0564117431640625
-0.303558349609375 0.06500244140625 -0.0443649291992188 0.0146484375
-0.135269165039063 0.220489501953125 -0.0288009643554687 0.136383056640625
0.0453338623046875 0.244354248046875 0.0403289794921875 0.186431884765625
0.211166381835938 0.12261962890625 0.205474853515625 0.14923095703125
0.253982543945313 0.017578125 0.292266845703125 0.051513671875
0.227294921875 0.042938232421875 0.256332397460938 0.017333984375
0.258621215820313 0.03265380859375 0.250625610351563 0.04730224609375
0.211334228515625 0.135299682617188 0.184585571289063 0.0756988525390625
0.0858917236328125 0.248321533203125 0.0897903442382813 0.0555877685546875
-0.126052856445313 0.2467041015625 0.0959854125976562 0.0263748168945313
-0.318939208984375 0.0453491210937499 0.20928955078125 0.010650634765625
-0.3067626953125 -0.132415771484375 0.38385009765625 0.160369873046875
-0.1884765625 -0.276458740234375 0.370086669921875 0.50341796875
-0.314453125 -0.4295654296875 0.144546508789062 0.104171752929687
-0.389068603515625 -0.201416015625 0.0907745361328125 0.0399932861328125
-0.45294189453125 0.0731201171875 -0.0432968139648438 0.00887680053710939
-0.223907470703125 0.310546875 -0.0262527465820313 0.0937271118164063
0.02618408203125 0.356414794921875 -0.00363159179687501 0.133583068847656
0.278518676757813 0.212112426757812 0.133285522460938 0.116127014160156
0.35052490234375 0.0692138671875 0.192596435546875 0.0474700927734375
0.31719970703125 0.091644287109375 0.1544189453125 0.01531982421875
0.3641357421875 0.07373046875 0.152633666992188 0.038330078125
0.295135498046875 0.19830322265625 0.102142333984375 0.0285110473632813
0.1258544921875 0.3546142578125 0.0341148376464844 -0.00555992126464842
-0.15325927734375 0.362030029296875 0.0830230712890625 -0.032501220703125
-0.453369140625 0.10430908203125 0.21038818359375 -0.029998779296875
-0.46826171875 -0.144287109375 0.336090087890625 0.12786865234375
-0.33038330078125 -0.387908935546875 0.310028076171875 0.394195556640625
-0.386962890625 -0.48583984375 0.044403076171875 -0.0326766967773438
-0.471771240234375 -0.23150634765625 0.00350046157836911 0.000576019287109361
-0.544952392578125 0.08734130859375 -0.0501861572265625 0.00391387939453126
-0.277435302734375 0.368743896484375 -0.0216751098632813 0.04150390625
0.00772094726562499 0.42254638671875 -0.0439720153808594 0.0593643188476563
0.308746337890625 0.269287109375 0.0425987243652344 0.0611763000488281
0.392364501953125 0.10882568359375 0.06488037109375 0.0317726135253906
0.35870361328125 0.1258544921875 0.0299034118652344 0.0100822448730469
0.4154052734375 0.10321044921875 0.0305900573730469 0.0277442932128906
0.3353271484375 0.23077392578125 -0.00329399108886717 -0.0190467834472656
0.14898681640625 0.408203125 -0.0379524230957031 -0.0654449462890625
-0.15594482421875 0.425445556640625 0.0526885986328125 -0.0919876098632812
-0.519012451171875 0.150360107421875 0.18548583984375 -0.06512451171875
-0.554962158203125 -0.1343994140625 0.24298095703125 0.0937042236328125
-0.418487548828125 -0.439361572265625 0.203033447265625 0.251602172851562
-0.408782958984375 -0.46337890625 -0.0735015869140625 -0.18975830078125
-0.489593505859375 -0.21728515625 -0.101608276367188 -0.0548171997070313
-0.546478271484375 0.0986328125 -0.0639114379882813 -0.00397872924804687
-0.276611328125 0.373504638671875 -0.0223388671875 -0.0173263549804687
-0.00207519531250004 0.418365478515625 -0.0811691284179687 -0.02471923828125
0.2940673828125 0.27862548828125 -0.0555343627929687 -0.0058937072753906
0.376739501953125 0.128173828125 -0.0730743408203125 0.0095672607421875
0.345977783203125 0.138946533203125 -0.0990829467773437 0.00354766845703126
0.4014892578125 0.118316650390625 -0.0982894897460937 0.0152969360351563
0.31805419921875 0.232452392578125 -0.113014221191406 -0.0602951049804687
0.13800048828125 0.3995361328125 -0.10858154296875 -0.117637634277344
-0.14794921875 0.410369873046875 0.015380859375 -0.140945434570312
-0.497314453125 0.149139404296875 0.142471313476562 -0.084991455078125
-0.540313720703125 -0.120269775390625 0.12158203125 0.0630416870117188
-0.427337646484375 -0.4268798828125 0.0711669921875 0.099212646484375
-0.371246337890625 -0.364715576171875 -0.194366455078125 -0.3382568359375
-0.4249267578125 -0.1572265625 -0.208480834960938 -0.113632202148438
-0.444061279296875 0.0966491699218749 -0.0832061767578125 -0.0142974853515625
-0.218719482421875 0.30889892578125 -0.0319023132324219 -0.0702323913574219
-0.005157470703125 0.338226318359375 -0.109733581542969 -0.0969772338867188
0.234771728515625 0.237152099609375 -0.144821166992187 -0.068206787109375
0.302001953125 0.124359130859375 -0.1988525390625 -0.013702392578125
0.280853271484375 0.13006591796875 -0.21429443359375 -0.00367736816406252
0.325469970703125 0.1177978515625 -0.214981079101563 -0.00172424316406253
0.245849609375 0.204330444335938 -0.204620361328125 -0.0962677001953125
0.08892822265625 0.329345703125 -0.158676147460937 -0.157546997070313
-0.134552001953125 0.316680908203125 -0.0126190185546875 -0.173095703125
-0.399078369140625 0.096771240234375 0.0978622436523437 -0.087188720703125
-0.428924560546875 -0.1048583984375 0.00232696533203123 0.0359268188476562
-0.362091064453125 -0.356597900390625 -0.0573883056640625 -0.044891357421875
-0.273193359375 -0.211166381835938 -0.30328369140625 -0.4515380859375
-0.289886474609375 -0.072784423828125 -0.29962158203125 -0.16436767578125
-0.26495361328125 0.076263427734375 -0.106063842773438 -0.0201187133789062
-0.122024536132812 0.189346313476563 -0.0487289428710938 -0.0996475219726562
-0.0070343017578125 0.199172973632813 -0.122451782226562 -0.140022277832031
0.138534545898438 0.154434204101563 -0.207275390625 -0.11041259765625
0.181381225585938 0.0988616943359375 -0.291290283203125 -0.03228759765625
0.172836303710938 0.102264404296875 -0.297210693359375 -0.011474609375
0.2005615234375 0.10272216796875 -0.3004150390625 -0.0226440429687501
0.134658813476562 0.1494140625 -0.261749267578125 -0.127212524414062
0.0226287841796875 0.212570190429688 -0.17291259765625 -0.186019897460938
-0.109420776367187 0.173370361328125 -0.0203399658203125 -0.187225341796875
-0.2427978515625 0.0232696533203125 0.0640182495117188 -0.0792999267578125
-0.253692626953125 -0.07879638671875 -0.0871505737304688 0.00785064697265626
-0.239669799804688 -0.23333740234375 -0.156356811523438 -0.163009643554688
-0.127067565917969 -0.0258941650390625 -0.3807373046875 -0.51519775390625
-0.113761901855469 0.0176849365234375 -0.366729736328125 -0.19549560546875
-0.0531120300292969 0.0424079895019531 -0.131134033203125 -0.0142364501953125
-0.0126113891601562 0.045318603515625 -0.0670242309570313 -0.0967254638671875
-0.00923728942871093 0.0348415374755859 -0.11773681640625 -0.1473388671875
0.0203819274902344 0.0499076843261719 -0.233749389648438 -0.126022338867187
0.0324287414550781 0.0594062805175781 -0.336334228515625 -0.0413208007812499
0.0378456115722656 0.0576362609863281 -0.335113525390625 -0.0172119140625
0.0473442077636719 0.0702285766601562 -0.341339111328125 -0.0441589355468749
0.0110397338867188 0.0720672607421875 -0.277801513671875 -0.14886474609375
-0.0357513427734375 0.0705337524414062 -0.156646728515625 -0.197998046875
-0.0583686828613281 0.0217361450195313 -0.0123138427734375 -0.18634033203125
-0.0593338012695313 -0.0326728820800781 0.04486083984375 -0.0671310424804688
-0.0562744140625 -0.0286369323730469 -0.134895324707031 -0.019805908203125
-0.0897903442382813 -0.0711135864257813 -0.211074829101562 -0.237213134765625
-0.0638885498046875 -0.1431884765625 0.268783569335938 0.218048095703125
-0.112373352050781 -0.0490036010742188 0.174026489257813 0.0363616943359375
-0.120338439941406 0.0579681396484375 -0.0481147766113281 0.0264968872070313
-0.0296401977539063 0.108963012695313 -0.0138702392578125 0.16644287109375
0.0617904663085938 0.0998306274414063 0.0960540771484375 0.205963134765625
0.109519958496094 0.0122833251953125 0.25799560546875 0.139434814453125
0.112777709960937 -0.0416488647460937 0.3468017578125 0.022125244140625
0.0982437133789062 -0.0174789428710938 0.31768798828125 -0.000793457031250001
0.109954833984375 -0.02520751953125 0.310577392578125 0.034576416015625
0.104011535644531 0.0384979248046875 0.23858642578125 0.100631713867188
0.0517196655273438 0.101966857910156 0.130096435546875 0.09954833984375
-0.0590972900390625 0.111587524414063 0.0972518920898438 0.068023681640625
-0.135047912597656 0.0110549926757812 0.186981201171875 0.0301971435546875
-0.111236572265625 -0.0731201171875 0.38983154296875 0.15008544921875
-0.0292434692382813 -0.112571716308594 0.405975341796875 0.533416748046875
-0.217193603515625 -0.29290771484375 0.230545043945313 0.1846923828125
-0.266281127929688 -0.119186401367188 0.15380859375 0.045318603515625
-0.29461669921875 0.08282470703125 -0.0435523986816406 0.0165328979492188
-0.1201171875 0.224136352539062 -0.01947021484375 0.134971618652344
0.0601806640625 0.238204956054688 0.052001953125 0.182708740234375
0.213714599609375 0.104690551757813 0.211837768554688 0.133773803710938
0.249038696289063 -0.0003662109375 0.291351318359375 0.03167724609375
0.225753784179687 0.0288543701171875 0.255096435546875 0.003143310546875
0.254837036132813 0.014068603515625 0.252761840820312 0.03173828125
0.215591430664062 0.11810302734375 0.186752319335938 0.06500244140625
0.099365234375 0.23724365234375 0.0912704467773438 0.050811767578125
-0.10894775390625 0.251983642578125 0.0973587036132812 0.0214309692382813
-0.3109130859375 0.0664672851562499 0.207870483398437 -0.0026397705078125
-0.308624267578125 -0.109100341796875 0.387939453125 0.133514404296875
-0.204391479492187 -0.262054443359375 0.3948974609375 0.47613525390625
-0.3375244140625 -0.406219482421875 0.153778076171875 0.09735107421875
-0.39398193359375 -0.1788330078125 0.0967025756835937 0.0327606201171875
-0.444366455078125 0.100250244140625 -0.0436592102050782 0.0124893188476563
-0.20245361328125 0.31927490234375 -0.0196380615234375 0.0945968627929688
0.048370361328125 0.351806640625 0.00673675537109377 0.13427734375
0.28680419921875 0.18829345703125 0.139747619628906 0.104949951171875
0.348419189453125 0.04339599609375 0.194046020507813 0.0339813232421875
0.318634033203125 0.070404052734375 0.153915405273438 0.00642395019531251
0.36163330078125 0.0478515625 0.156112670898438 0.0281219482421875
0.30218505859375 0.17449951171875 0.102500915527344 0.0229110717773438
0.14581298828125 0.339996337890625 0.0322151184082031 -0.00593757629394529
-0.129608154296875 0.36822509765625 0.0811309814453125 -0.0357818603515625
-0.441558837890625 0.133026123046875 0.20654296875 -0.0410614013671875
-0.468475341796875 -0.11328125 0.33953857421875 0.10565185546875
-0.352783203125 -0.365509033203125 0.328277587890625 0.37225341796875
-0.41424560546875 -0.45904541015625 0.0457916259765625 -0.0314826965332032
-0.479888916015625 -0.207183837890625 0.00843381881713864 -0.000186443328857435
-0.534332275390625 0.1199951171875 -0.0511627197265625 0.00865554809570313
-0.252288818359375 0.38177490234375 -0.01812744140625 0.0440139770507813
0.03533935546875 0.41986083984375 -0.0375289916992188 0.0639381408691406
0.32012939453125 0.242889404296875 0.0473594665527344 0.0546455383300781
0.39373779296875 0.0791015625 0.066925048828125 0.0260658264160156
0.36322021484375 0.101806640625 0.0301666259765625 0.00912284851074219
0.414215087890625 0.07257080078125 0.0341129302978516 0.0244083404541016
0.34423828125 0.203887939453125 -0.00433540344238279 -0.0176849365234375
0.172882080078125 0.392730712890625 -0.0419921875 -0.060821533203125
-0.1282958984375 0.431915283203125 0.04730224609375 -0.0919265747070312
-0.504241943359375 0.18280029296875 0.179763793945313 -0.073577880859375
-0.553466796875 -0.0988464355468749 0.24603271484375 0.078704833984375
-0.44317626953125 -0.4119873046875 0.214324951171875 0.2381591796875
-0.4344482421875 -0.437347412109375 -0.0800323486328125 -0.180953979492188
-0.497039794921875 -0.189300537109375 -0.100006103515625 -0.0478973388671875
-0.538726806640625 0.133331298828125 -0.0660018920898438 0.00285720825195314
-0.25250244140625 0.3865966796875 -0.0224380493164063 -0.0132675170898437
0.024749755859375 0.417694091796875 -0.0794754028320313 -0.0164794921875
0.307098388671875 0.2535400390625 -0.0535354614257812 -0.00606536865234372
0.38067626953125 0.099395751953125 -0.07049560546875 0.01220703125
0.352447509765625 0.115966796875 -0.098876953125 0.00989532470703126
0.402923583984375 0.088470458984375 -0.0950698852539062 0.0194625854492188
0.32769775390625 0.20660400390625 -0.115669250488281 -0.0521163940429687
0.161651611328125 0.385040283203125 -0.115180969238281 -0.107688903808594
-0.121917724609375 0.415557861328125 0.00740051269531248 -0.138496398925781
-0.48388671875 0.179412841796875 0.136833190917969 -0.0896224975585938
-0.5400390625 -0.0872192382812501 0.124481201171875 0.0564422607421875
-0.451873779296875 -0.401123046875 0.0747528076171875 0.0944442749023437
-0.39080810546875 -0.344329833984375 -0.210052490234375 -0.32220458984375
-0.431640625 -0.134033203125 -0.210418701171875 -0.09942626953125
-0.438385009765625 0.124603271484375 -0.0847549438476563 -0.00508880615234374
-0.19873046875 0.32080078125 -0.0349540710449219 -0.0638236999511719
0.016632080078125 0.338226318359375 -0.112258911132813 -0.0873794555664062
0.246719360351563 0.216766357421875 -0.144866943359375 -0.0622711181640625
0.308074951171875 0.10015869140625 -0.1966552734375 -0.00257873535156248
0.2874755859375 0.1121826171875 -0.213226318359375 0.00920104980468751
0.328460693359375 0.093902587890625 -0.21148681640625 0.0100555419921875
0.255050659179688 0.183273315429688 -0.20855712890625 -0.08270263671875
0.110076904296875 0.319732666015625 -0.166366577148438 -0.144943237304688
-0.114898681640625 0.3223876953125 -0.022216796875 -0.168655395507812
-0.389739990234375 0.120758056640625 0.0925521850585937 -0.0893936157226562
-0.428558349609375 -0.078033447265625 0.00549316406249997 0.0378265380859375
-0.383636474609375 -0.334686279296875 -0.0608367919921875 -0.0401115417480469
-0.284759521484375 -0.19696044921875 -0.324981689453125 -0.428955078125
-0.29400634765625 -0.0576477050781251 -0.30517578125 -0.1431884765625
-0.262344360351563 0.092926025390625 -0.107681274414063 -0.00949859619140625
-0.11041259765625 0.19744873046875 -0.0532379150390625 -0.0917434692382812
0.00534057617187498 0.200775146484375 -0.127670288085938 -0.130287170410156
0.146514892578125 0.142745971679688 -0.20928955078125 -0.0996856689453125
0.18743896484375 0.0839691162109375 -0.28948974609375 -0.014801025390625
0.178848266601563 0.089599609375 -0.29583740234375 0.00601196289062496
0.205291748046875 0.0865478515625 -0.29742431640625 -0.00521850585937496
0.1431884765625 0.137619018554687 -0.266036987304688 -0.11053466796875
0.0376739501953125 0.208984375 -0.1817626953125 -0.172012329101563
-0.09796142578125 0.18011474609375 -0.031524658203125 -0.1822509765625
-0.2410888671875 0.03851318359375 0.059722900390625 -0.0789566040039062
-0.255203247070313 -0.0636444091796875 -0.0846633911132813 0.015960693359375
-0.254150390625 -0.219757080078125 -0.166015625 -0.150634765625
-0.128280639648438 -0.0231781005859375 -0.407745361328125 -0.48699951171875
-0.113693237304688 0.0220108032226562 -0.37469482421875 -0.169891357421875
-0.0537071228027344 0.0460739135742188 -0.13116455078125 -0.00301361083984374
-0.011383056640625 0.0475730895996094 -0.0713653564453125 -0.0884323120117187
-0.00775527954101563 0.0370826721191406 -0.123603820800781 -0.138786315917969
0.0235404968261719 0.048614501953125 -0.2371826171875 -0.112899780273438
0.0378570556640625 0.055450439453125 -0.334503173828125 -0.02099609375
0.0428848266601563 0.0540046691894531 -0.334075927734375 0.00299072265625006
0.0526504516601563 0.0657806396484375 -0.340240478515625 -0.02325439453125
0.016571044921875 0.0703659057617188 -0.28314208984375 -0.1300048828125
-0.0294647216796875 0.0735015869140625 -0.165496826171875 -0.185073852539062
-0.0565681457519531 0.0271110534667969 -0.024078369140625 -0.18194580078125
-0.0640182495117188 -0.0278511047363281 0.0404396057128906 -0.0661354064941406
-0.0593833923339844 -0.0257568359375 -0.134353637695313 -0.00842285156250001
-0.0961074829101562 -0.0682296752929688 -0.224609375 -0.221664428710937
-0.0669021606445313 -0.136398315429688 0.277755737304688 0.209442138671875
-0.109756469726563 -0.0458145141601563 0.17620849609375 0.0282440185546875
-0.11517333984375 0.0595016479492188 -0.0474319458007813 0.0269546508789063
-0.0253753662109375 0.106742858886719 -0.0082244873046875 0.1634521484375
0.0652008056640625 0.0953216552734375 0.10235595703125 0.201324462890625
0.106590270996094 0.0071258544921875 0.258773803710938 0.12921142578125
0.105918884277344 -0.0451812744140625 0.344573974609375 0.009735107421875
0.0946044921875 -0.020050048828125 0.31646728515625 -0.00982666015625
0.105720520019531 -0.0293197631835937 0.31103515625 0.024658203125
0.102699279785156 0.0335922241210938 0.23980712890625 0.094024658203125
0.0539474487304688 0.096893310546875 0.131462097167969 0.095306396484375
-0.053924560546875 0.112411499023437 0.0996627807617188 0.0642852783203125
-0.130577087402344 0.016845703125 0.185775756835938 0.0221710205078125
-0.110877990722656 -0.0659332275390625 0.389556884765625 0.132904052734375
-0.033203125 -0.109107971191406 0.420013427734375 0.514678955078125
-0.224899291992188 -0.280029296875 0.239913940429688 0.178009033203125
-0.26495361328125 -0.1114501953125 0.15679931640625 0.037811279296875
-0.2880859375 0.0906372070312499 -0.0442390441894531 0.0181808471679688
-0.111358642578125 0.224365234375 -0.0141372680664062 0.1339111328125
0.069488525390625 0.233001708984375 0.0583343505859375 0.17999267578125
0.213165283203125 0.093780517578125 0.21295166015625 0.124359130859375
0.24371337890625 -0.0109405517578125 0.290252685546875 0.020294189453125
0.223403930664063 0.0211334228515625 0.254180908203125 -0.004302978515625
0.250076293945313 0.00311279296875 0.254669189453125 0.0229034423828125
0.215972900390625 0.107070922851563 0.187210083007812 0.0599822998046875
0.1068115234375 0.229415893554687 0.0912322998046875 0.048858642578125
-0.0986328125 0.254058837890625 0.09869384765625 0.018890380859375
-0.303009033203125 0.0778503417968751 0.206222534179687 -0.0102081298828125
-0.306121826171875 -0.095458984375 0.38751220703125 0.117919921875
-0.2132568359375 -0.252365112304688 0.40557861328125 0.45892333984375
-0.35125732421875 -0.39093017578125 0.1602783203125 0.0947723388671875
-0.394317626953125 -0.166839599609375 0.100822448730469 0.0281219482421875
-0.436492919921875 0.115325927734375 -0.0449714660644532 0.014892578125
-0.18975830078125 0.322906494140625 -0.0150299072265625 0.0951614379882813
0.062225341796875 0.3475341796875 0.013885498046875 0.134376525878906
0.2884521484375 0.172515869140625 0.1417236328125 0.097564697265625
0.343841552734375 0.02691650390625 0.193588256835938 0.0258331298828125
0.3184814453125 0.0594482421875 0.153289794921875 0.0022430419921875
0.35858154296875 0.031829833984375 0.157577514648438 0.022308349609375
0.303253173828125 0.159393310546875 0.101882934570313 0.02081298828125
0.156646728515625 0.329833984375 0.0307559967041016 -0.00525856018066404
-0.116546630859375 0.371246337890625 0.0811614990234375 -0.036895751953125
-0.43243408203125 0.148590087890625 0.204376220703125 -0.04693603515625
-0.4632568359375 -0.0952453613281251 0.340057373046875 0.092803955078125
-0.364288330078125 -0.351837158203125 0.335693359375 0.359130859375
-0.429290771484375 -0.440582275390625 0.0487480163574218 -0.0302848815917969
-0.482574462890625 -0.192047119140625 0.0120954513549804 -0.00124263763427736
-0.529388427734375 0.13970947265625 -0.0529212951660157 0.0130844116210938
-0.23736572265625 0.388275146484375 -0.0152664184570313 0.0460243225097656
0.05059814453125 0.417388916015625 -0.0322723388671875 0.0666580200195313
0.324462890625 0.225433349609375 0.049285888671875 0.0501365661621094
0.39215087890625 0.06011962890625 0.0681610107421875 0.0220947265625
0.36431884765625 0.088348388671875 0.0299358367919922 0.00872230529785157
0.41131591796875 0.054779052734375 0.0362167358398438 0.021575927734375
0.346221923828125 0.186798095703125 -0.00540256500244138 -0.0164499282836914
0.18572998046875 0.381866455078125 -0.0445518493652344 -0.0568771362304687
-0.11358642578125 0.434417724609375 0.0457534790039063 -0.0913772583007812
-0.49365234375 0.200653076171875 0.177536010742188 -0.0777130126953125
-0.550384521484375 -0.0796508789062501 0.246414184570312 0.0699005126953125
-0.456787109375 -0.397552490234375 0.219589233398438 0.230194091796875
-0.447296142578125 -0.422637939453125 -0.082244873046875 -0.174942016601563
-0.501251220703125 -0.175872802734375 -0.0978469848632813 -0.044647216796875
-0.532440185546875 0.152374267578125 -0.067596435546875 0.00872039794921877
-0.23748779296875 0.394561767578125 -0.0209159851074219 -0.00939750671386717
0.040008544921875 0.41656494140625 -0.0766143798828125 -0.01165771484375
0.311553955078125 0.237762451171875 -0.0521507263183594 -0.00733947753906248
0.3802490234375 0.080474853515625 -0.0687294006347656 0.0130043029785156
0.3546142578125 0.101715087890625 -0.0986251831054687 0.0134048461914063
0.40130615234375 0.07012939453125 -0.0924606323242187 0.020111083984375
0.330230712890625 0.190093994140625 -0.117034912109375 -0.0472946166992187
0.1748046875 0.375396728515625 -0.118362426757812 -0.100975036621094
-0.107391357421875 0.418212890625 0.003631591796875 -0.135498046875
-0.4749755859375 0.193939208984375 0.134613037109375 -0.0917892456054687
-0.534576416015625 -0.068939208984375 0.125801086425781 0.0531158447265625
-0.465545654296875 -0.385833740234375 0.076019287109375 0.0924758911132812
-0.402923583984375 -0.332244873046875 -0.216796875 -0.311370849609375
-0.43597412109375 -0.12237548828125 -0.210220336914063 -0.0914306640625
-0.435577392578125 0.1414794921875 -0.086639404296875 0.00183868408203127
-0.186920166015625 0.32745361328125 -0.0353050231933594 -0.0588417053222656
0.02935791015625 0.33831787109375 -0.110916137695313 -0.0813827514648437
0.25164794921875 0.204299926757813 -0.144821166992187 -0.060028076171875
0.30999755859375 0.083770751953125 -0.193954467773437 0.00268554687500003
0.290557861328125 0.099884033203125 -0.2122802734375 0.016632080078125
0.3280029296875 0.07855224609375 -0.20880126953125 0.01495361328125
0.258026123046875 0.170303344726563 -0.209747314453125 -0.0746917724609375
0.121490478515625 0.312347412109375 -0.170166015625 -0.136398315429687
-0.10308837890625 0.325439453125 -0.0272064208984375 -0.16436767578125
-0.385101318359375 0.13262939453125 0.0908355712890625 -0.0900650024414062
-0.42645263671875 -0.06463623046875 0.00726318359374997 0.0390357971191406
-0.394378662109375 -0.322845458984375 -0.0634307861328125 -0.0377731323242188
-0.2911376953125 -0.190338134765625 -0.33624267578125 -0.41473388671875
-0.29705810546875 -0.050689697265625 -0.3070068359375 -0.131500244140625
-0.261581420898438 0.103683471679687 -0.107551574707031 -0.00213623046875
-0.103561401367187 0.201828002929688 -0.0543670654296875 -0.08599853515625
0.01287841796875 0.202056884765625 -0.129203796386719 -0.124351501464844
0.1502685546875 0.13482666015625 -0.21026611328125 -0.094818115234375
0.190505981445313 0.073394775390625 -0.286773681640625 -0.00576782226562495
0.182510375976562 0.0819244384765625 -0.294464111328125 0.01641845703125
0.207015991210937 0.077178955078125 -0.29559326171875 0.00393676757812496
0.146408081054688 0.129379272460938 -0.268264770507812 -0.0996246337890625
0.04656982421875 0.206192016601563 -0.185531616210937 -0.1632080078125
-0.0913543701171875 0.183425903320313 -0.0377197265625 -0.178009033203125
-0.240692138671875 0.0466156005859375 0.0585708618164062 -0.0785598754882813
-0.255126953125 -0.0555877685546875 -0.08233642578125 0.0207443237304688
-0.261932373046875 -0.212783813476562 -0.171112060546875 -0.143814086914062
-0.129631042480469 -0.0229568481445312 -0.419403076171875 -0.4696044921875
-0.114997863769531 0.0244979858398438 -0.378082275390625 -0.15435791015625
-0.0553474426269531 0.0493049621582031 -0.130081176757813 0.00516510009765623
-0.010833740234375 0.0495223999023438 -0.072479248046875 -0.08233642578125
-0.00678634643554687 0.0391044616699219 -0.126258850097656 -0.133438110351562
0.0252761840820313 0.0478401184082031 -0.238235473632812 -0.106170654296875
0.0418586730957031 0.0521659851074219 -0.3323974609375 -0.00933837890625003
0.0460128784179688 0.0517807006835938 -0.3331298828125 0.0137939453124999
0.0556907653808594 0.0627174377441406 -0.339019775390625 -0.0121459960937499
0.0198631286621094 0.0679855346679688 -0.2847900390625 -0.118865966796875
-0.0242691040039063 0.07513427734375 -0.16900634765625 -0.1771240234375
-0.0557441711425781 0.030426025390625 -0.0308380126953125 -0.177536010742188
-0.0683174133300781 -0.0247573852539063 0.0385818481445313 -0.0650901794433594
-0.0614585876464844 -0.0242424011230469 -0.13250732421875 -0.00174713134765625
-0.100257873535156 -0.0666961669921875 -0.232208251953125 -0.211990356445313
-0.0693817138671875 -0.133811950683594 0.28961181640625 0.20855712890625
-0.109596252441406 -0.04547119140625 0.180221557617188 0.0234222412109375
-0.114219665527344 0.060089111328125 -0.0484657287597656 0.0279083251953125
-0.024627685546875 0.106468200683594 -0.00521850585937502 0.16412353515625
0.0682907104492188 0.09307861328125 0.107452392578125 0.201446533203125
0.106491088867188 0.0037078857421875 0.262939453125 0.126358032226563
0.103103637695313 -0.0469818115234375 0.34844970703125 0.001983642578125
0.0940093994140625 -0.021270751953125 0.32244873046875 -0.015045166015625
0.10406494140625 -0.0325469970703125 0.31842041015625 0.019805908203125
0.103134155273437 0.0308456420898438 0.245208740234375 0.0921783447265625
0.0553665161132812 0.0946884155273438 0.134773254394531 0.095123291015625
-0.05145263671875 0.114723205566406 0.103317260742187 0.0627059936523438
-0.128639221191406 0.0201263427734375 0.187347412109375 0.0188446044921875
-0.111381530761719 -0.0618896484375 0.3948974609375 0.126678466796875
-0.0359573364257812 -0.108230590820313 0.432830810546875 0.513946533203125
-0.233078002929687 -0.276947021484375 0.251235961914063 0.178176879882812
-0.267608642578125 -0.110733032226562 0.161880493164062 0.033203125
-0.288818359375 0.09619140625 -0.0458984375 0.0201644897460938
-0.109161376953125 0.227218627929688 -0.0114212036132813 0.135040283203125
0.075775146484375 0.23370361328125 0.0641326904296875 0.181732177734375
0.214584350585938 0.08758544921875 0.216659545898438 0.12127685546875
0.242401123046875 -0.01751708984375 0.294830322265625 0.014892578125
0.226394653320313 0.01715087890625 0.258651733398438 -0.008941650390625
0.25091552734375 -0.0033721923828125 0.260665893554688 0.0184173583984375
0.217926025390625 0.1024169921875 0.190902709960937 0.0589141845703125
0.11187744140625 0.228164672851563 0.0924301147460938 0.0490036010742188
-0.0948486328125 0.260360717773438 0.102119445800781 0.0174484252929688
-0.303924560546875 0.085693359375 0.2086181640625 -0.0147705078125
-0.308624267578125 -0.090576171875 0.393707275390625 0.11114501953125
-0.221893310546875 -0.251922607421875 0.4183349609375 0.458740234375
-0.36279296875 -0.3885498046875 0.16937255859375 0.0951690673828125
-0.40130615234375 -0.165557861328125 0.105873107910156 0.02490234375
-0.440460205078125 0.125885009765625 -0.0474205017089844 0.0184135437011719
-0.186614990234375 0.329864501953125 -0.0122756958007813 0.0971450805664063
0.071258544921875 0.351409912109375 0.0185317993164063 0.137374877929688
0.291961669921875 0.16650390625 0.144134521484375 0.09429931640625
0.3460693359375 0.017364501953125 0.197158813476563 0.0207977294921875
0.323516845703125 0.053436279296875 0.156509399414063 0.000305175781250003
0.36126708984375 0.02264404296875 0.16241455078125 0.0182647705078125
0.3076171875 0.15234375 0.103622436523438 0.020965576171875
0.1654052734375 0.328704833984375 0.0301589965820313 -0.00370597839355467
-0.11090087890625 0.3787841796875 0.0833206176757813 -0.0375518798828125
-0.434814453125 0.15863037109375 0.206741333007813 -0.052154541015625
-0.467926025390625 -0.0894470214843749 0.3450927734375 0.0880126953125
-0.37762451171875 -0.353118896484375 0.346954345703125 0.35870361328125
-0.44390869140625 -0.4400634765625 0.0531845092773437 -0.0294036865234375
-0.4932861328125 -0.188323974609375 0.0155744552612304 -0.00288867950439454
-0.5352783203125 0.154052734375 -0.0559005737304688 0.0181083679199219
-0.233551025390625 0.39825439453125 -0.0134048461914063 0.0485076904296875
0.06207275390625 0.42315673828125 -0.0285797119140625 0.0698623657226563
0.329132080078125 0.219573974609375 0.0505256652832031 0.0474853515625
0.39599609375 0.04840087890625 0.0696334838867188 0.0196113586425781
0.372406005859375 0.081451416015625 0.0303783416748047 0.00918960571289063
0.41644287109375 0.04400634765625 0.0386962890625 0.019927978515625
0.35174560546875 0.17913818359375 -0.00631141662597654 -0.0147008895874023
0.196533203125 0.381866455078125 -0.0470161437988281 -0.0545806884765625
-0.107452392578125 0.444091796875 0.04669189453125 -0.09197998046875
-0.498443603515625 0.210601806640625 0.180007934570312 -0.0821075439453125
-0.555267333984375 -0.07269287109375 0.251144409179687 0.0670013427734375
-0.473419189453125 -0.397064208984375 0.225418090820312 0.22967529296875
-0.465118408203125 -0.422515869140625 -0.0833282470703125 -0.173553466796875
-0.513885498046875 -0.173004150390625 -0.0975341796875 -0.0441741943359375
-0.5400390625 0.168365478515625 -0.0702095031738281 0.0148658752441406
-0.23370361328125 0.40533447265625 -0.0202465057373047 -0.00702476501464841
0.051422119140625 0.423858642578125 -0.0752487182617188 -0.00833129882812499
0.318695068359375 0.23193359375 -0.0531005859375 -0.00927352905273436
0.3851318359375 0.06927490234375 -0.0695877075195312 0.01251220703125
0.363677978515625 0.095977783203125 -0.100433349609375 0.01611328125
0.40667724609375 0.060760498046875 -0.0927886962890625 0.0206069946289062
0.3363037109375 0.182769775390625 -0.1195068359375 -0.044708251953125
0.18560791015625 0.37579345703125 -0.1221923828125 -0.0980682373046874
-0.101959228515625 0.428558349609375 0.00304412841796875 -0.135955810546875
-0.479583740234375 0.20709228515625 0.136924743652344 -0.0958404541015625
-0.541656494140625 -0.0626525878906251 0.128776550292969 0.0526580810546875
-0.481719970703125 -0.38714599609375 0.076873779296875 0.091705322265625
-0.416778564453125 -0.332916259765625 -0.223388671875 -0.310028076171875
-0.44732666015625 -0.11956787109375 -0.213470458984375 -0.0889129638671875
-0.443115234375 0.1558837890625 -0.0885848999023438 0.00827789306640626
-0.183258056640625 0.33819580078125 -0.0354080200195313 -0.0563278198242187
0.037689208984375 0.34564208984375 -0.112197875976563 -0.0786895751953125
0.257034301757813 0.20050048828125 -0.148345947265625 -0.0611114501953125
0.31475830078125 0.073822021484375 -0.197021484375 0.00511169433593754
0.298309326171875 0.094940185546875 -0.216949462890625 0.0210418701171875
0.334075927734375 0.07073974609375 -0.212081909179687 0.017425537109375
0.26318359375 0.164505004882812 -0.21453857421875 -0.0712432861328125
0.131866455078125 0.3131103515625 -0.175155639648438 -0.13311767578125
-0.0997314453125 0.33465576171875 -0.029632568359375 -0.16473388671875
-0.391021728515625 0.14227294921875 0.0923614501953125 -0.0928268432617187
-0.4312744140625 -0.059814453125 0.00878524780273435 0.0403213500976563
-0.409698486328125 -0.323822021484375 -0.0660972595214844 -0.0371131896972656
-0.301666259765625 -0.192169189453125 -0.34600830078125 -0.41400146484375
-0.305511474609375 -0.0477294921874999 -0.313201904296875 -0.126861572265625
-0.2667236328125 0.113662719726562 -0.109024047851563 0.00450134277343752
-0.101882934570313 0.209701538085938 -0.0552597045898438 -0.0837860107421875
0.0182647705078125 0.207427978515625 -0.131568908691406 -0.122970581054687
0.154022216796875 0.133636474609375 -0.214813232421875 -0.09503173828125
0.194976806640625 0.0664825439453125 -0.29119873046875 -0.00149536132812503
0.188522338867188 0.0784912109375 -0.30035400390625 0.021697998046875
0.211257934570313 0.0725555419921875 -0.301483154296875 0.00778198242187497
0.150436401367188 0.126556396484375 -0.273544311523437 -0.096405029296875
0.053558349609375 0.2076416015625 -0.190170288085938 -0.160293579101562
-0.0895233154296875 0.1898193359375 -0.041259765625 -0.178192138671875
-0.245834350585938 0.0522003173828125 0.05963134765625 -0.0802154541015625
-0.259292602539063 -0.053070068359375 -0.082366943359375 0.0239105224609375
-0.27313232421875 -0.213607788085938 -0.1781005859375 -0.143157958984375
-0.133369445800781 -0.02532958984375 -0.43438720703125 -0.46783447265625
-0.118766784667969 0.0255126953125 -0.386627197265625 -0.147918701171875
-0.0580062866210937 0.0529937744140625 -0.130767822265625 0.0109481811523437
-0.0100746154785156 0.0526771545410156 -0.0737457275390625 -0.0801849365234375
-0.00635910034179687 0.0417213439941406 -0.130241394042969 -0.133331298828125
0.0265312194824219 0.0485916137695312 -0.243316650390625 -0.105392456054688
0.0448417663574219 0.0502128601074219 -0.3375244140625 -0.00436401367187506
0.0490989685058594 0.0509109497070313 -0.33953857421875 0.0202636718750001
0.0589332580566406 0.0615692138671875 -0.3458251953125 -0.00683593750000001
0.0220489501953125 0.0679855346679688 -0.290130615234375 -0.11614990234375
-0.0209274291992187 0.0769882202148438 -0.174240112304688 -0.1751708984375
-0.0562782287597656 0.0337753295898438 -0.034576416015625 -0.178085327148438
-0.0727996826171875 -0.0227508544921875 0.0393104553222656 -0.0655899047851563
-0.0645675659179687 -0.0243072509765625 -0.133552551269531 0.00286865234375002
-0.105682373046875 -0.0680389404296875 -0.241500854492187 -0.210983276367188
-0.0736770629882812 -0.13433837890625 0.30999755859375 0.210235595703125
-0.112281799316406 -0.0456466674804688 0.189117431640625 0.018341064453125
-0.116058349609375 0.0632781982421875 -0.0507087707519531 0.030914306640625
-0.023834228515625 0.108940124511719 -0.000579833984375004 0.169189453125
0.0734329223632813 0.092498779296875 0.11737060546875 0.206024169921875
0.10772705078125 -0.00081634521484375 0.274215698242188 0.125030517578125
0.102767944335937 -0.0506439208984375 0.361785888671875 -0.007171630859375
0.0955123901367188 -0.0236587524414063 0.337066650390625 -0.024169921875
0.105026245117187 -0.0367507934570312 0.3348388671875 0.012054443359375
0.105789184570312 0.0282516479492187 0.257843017578125 0.0910491943359375
0.0587692260742187 0.09539794921875 0.141082763671875 0.0959930419921875
-0.049163818359375 0.120330810546875 0.109939575195313 0.0620574951171875
-0.129898071289063 0.0238265991210938 0.193756103515625 0.0137939453125
-0.114151000976563 -0.0601806640625 0.41156005859375 0.120269775390625
-0.0401687622070312 -0.109764099121094 0.462982177734375 0.521148681640625
-0.248458862304687 -0.279022216796875 0.269912719726563 0.178970336914062
-0.278457641601563 -0.1099853515625 0.171493530273437 0.028778076171875
-0.297210693359375 0.1064453125 -0.048858642578125 0.0243644714355469
-0.107955932617188 0.23675537109375 -0.00756072998046877 0.140106201171875
0.086212158203125 0.238861083984375 0.0728759765625 0.18682861328125
0.221969604492188 0.0829315185546875 0.226547241210937 0.120193481445312
0.247177124023437 -0.0258636474609375 0.305908203125 0.006622314453125
0.234695434570312 0.0117340087890625 0.270217895507812 -0.0147705078125
0.258148193359375 -0.01177978515625 0.274490356445313 0.011749267578125
0.226409912109375 0.098663330078125 0.19964599609375 0.0584716796875
0.121353149414062 0.232009887695312 0.0960464477539063 0.0500946044921875
-0.0908660888671875 0.273788452148438 0.108055114746094 0.015472412109375
-0.311553955078125 0.09625244140625 0.2158203125 -0.0211639404296875
-0.319488525390625 -0.08563232421875 0.40936279296875 0.10443115234375
-0.237579345703125 -0.25567626953125 0.44647216796875 0.46685791015625
-0.3876953125 -0.392333984375 0.1832275390625 0.0953216552734375
-0.420013427734375 -0.164337158203125 0.113365173339844 0.0216522216796875
-0.453948974609375 0.14251708984375 -0.0505485534667969 0.0249099731445313
-0.18548583984375 0.345306396484375 -0.00906372070312502 0.101776123046875
0.085479736328125 0.362152099609375 0.0252838134765625 0.142288208007813
0.304412841796875 0.160888671875 0.151458740234375 0.0934600830078125
0.35498046875 0.005706787109375 0.205764770507813 0.015167236328125
0.33782958984375 0.04620361328125 0.163558959960938 -0.002716064453125
0.37298583984375 0.0118408203125 0.17138671875 0.0136871337890625
0.32037353515625 0.148162841796875 0.108299255371094 0.0209426879882813
0.179962158203125 0.33563232421875 0.0304737091064453 -0.00221252441406248
-0.10540771484375 0.398345947265625 0.087432861328125 -0.0408859252929687
-0.447174072265625 0.175933837890625 0.21392822265625 -0.0608367919921875
-0.485687255859375 -0.0822448730468751 0.359130859375 0.0814208984375
-0.405181884765625 -0.357269287109375 0.36737060546875 0.363525390625
-0.475982666015625 -0.447296142578125 0.05902099609375 -0.0301856994628906
-0.51739501953125 -0.186431884765625 0.0191001892089843 -0.00419807434082032
-0.5528564453125 0.175506591796875 -0.0588188171386719 0.0259780883789063
-0.232025146484375 0.4197998046875 -0.0102882385253906 0.0520668029785157
0.078765869140625 0.43927001953125 -0.0247421264648437 0.07391357421875
0.345672607421875 0.21612548828125 0.0526924133300781 0.0463409423828125
0.408477783203125 0.03558349609375 0.0732192993164063 0.016845703125
0.389495849609375 0.07366943359375 0.0321102142333985 0.00993537902832032
0.431793212890625 0.032379150390625 0.0414199829101563 0.0179367065429688
0.3673095703125 0.174041748046875 -0.00644493103027341 -0.0139493942260742
0.21441650390625 0.38824462890625 -0.0510711669921875 -0.0528030395507812
-0.100677490234375 0.467132568359375 0.047515869140625 -0.095794677734375
-0.512969970703125 0.23114013671875 0.185791015625 -0.0912322998046875
-0.57586669921875 -0.0641479492187499 0.26171875 0.062835693359375
-0.50445556640625 -0.403594970703125 0.2384033203125 0.232864379882812
-0.496917724609375 -0.42901611328125 -0.0872039794921875 -0.176589965820313
-0.540008544921875 -0.169769287109375 -0.100265502929688 -0.0442428588867188
-0.5587158203125 0.193389892578125 -0.0731353759765625 0.0237884521484375
-0.2314453125 0.42938232421875 -0.0187397003173828 -0.00460624694824216
0.067962646484375 0.441497802734375 -0.0751876831054688 -0.00517272949218748
0.3341064453125 0.229400634765625 -0.0557785034179687 -0.0104522705078125
0.398651123046875 0.057098388671875 -0.071868896484375 0.0133743286132813
0.38201904296875 0.088623046875 -0.105155944824219 0.0205459594726563
0.422607421875 0.04974365234375 -0.0960617065429687 0.0224533081054687
0.350921630859375 0.178863525390625 -0.126007080078125 -0.0423583984375
0.2049560546875 0.38348388671875 -0.129646301269531 -0.0963211059570312
-0.095550537109375 0.45050048828125 0.001129150390625 -0.140701293945312
-0.496307373046875 0.227020263671875 0.140609741210937 -0.104751586914062
-0.56219482421875 -0.054443359375 0.1346435546875 0.0513153076171875
-0.514923095703125 -0.392852783203125 0.0809402465820312 0.0931167602539062
-0.4451904296875 -0.3388671875 -0.237762451171875 -0.314727783203125
-0.470794677734375 -0.1158447265625 -0.222671508789063 -0.0865631103515625
-0.458953857421875 0.177215576171875 -0.0912246704101563 0.0167617797851563
-0.181854248046875 0.35748291015625 -0.0356521606445313 -0.0554313659667969
0.051971435546875 0.361663818359375 -0.116287231445313 -0.0779342651367187
0.271102905273438 0.200088500976563 -0.155166625976563 -0.0620880126953125
0.32659912109375 0.064208984375 -0.205062866210937 0.00918579101562498
0.314666748046875 0.08843994140625 -0.226882934570313 0.0286407470703125
0.348358154296875 0.0616455078125 -0.221588134765625 0.0230712890625
0.27587890625 0.162124633789062 -0.224838256835937 -0.0677337646484375
0.14630126953125 0.320068359375 -0.184417724609375 -0.131332397460937
-0.095184326171875 0.35150146484375 -0.0342559814453125 -0.16925048828125
-0.403717041015625 0.158416748046875 0.0948715209960937 -0.100013732910156
-0.44879150390625 -0.0538330078124999 0.0106544494628906 0.0423583984375
-0.4364013671875 -0.3280029296875 -0.0719680786132813 -0.0371475219726563
-0.32171630859375 -0.19549560546875 -0.368804931640625 -0.4190673828125
-0.321258544921875 -0.0433654785156249 -0.328277587890625 -0.123291015625
-0.276870727539063 0.127685546875 -0.111549377441406 0.01226806640625
-0.0994873046875 0.2230224609375 -0.05712890625 -0.0832290649414063
0.0261688232421875 0.218063354492187 -0.138763427734375 -0.123092651367187
0.162551879882813 0.134292602539063 -0.22552490234375 -0.0957794189453125
0.2034912109375 0.0607757568359375 -0.303497314453125 0.00448608398437495
0.199874877929688 0.0754852294921875 -0.313934326171875 0.031402587890625
0.222122192382813 0.0680694580078125 -0.315338134765625 0.015777587890625
0.158615112304688 0.125869750976563 -0.2861328125 -0.0929260253906249
0.06280517578125 0.213088989257812 -0.201461791992187 -0.159927368164063
-0.088531494140625 0.201400756835938 -0.0471954345703125 -0.182632446289063
-0.257431030273438 0.0618438720703125 0.0609970092773437 -0.08538818359375
-0.27069091796875 -0.0505523681640626 -0.084136962890625 0.0285873413085937
-0.291473388671875 -0.217620849609375 -0.1905517578125 -0.144119262695313
-0.141738891601563 -0.02716064453125 -0.462677001953125 -0.473907470703125
-0.125473022460937 0.0291366577148438 -0.40521240234375 -0.142730712890625
-0.0607032775878906 0.0583229064941406 -0.132705688476563 0.0172805786132813
-0.00899505615234374 0.0571823120117188 -0.07733154296875 -0.079803466796875
-0.005279541015625 0.0462303161621094 -0.138092041015625 -0.134918212890625
0.0291061401367187 0.0509147644042969 -0.255203247070313 -0.105667114257813
0.0486907958984375 0.0490188598632813 -0.35186767578125 0.00347900390624997
0.0537338256835938 0.0507240295410156 -0.354949951171875 0.030609130859375
0.0643310546875 0.0623321533203125 -0.361480712890625 0.00234985351562493
0.0255622863769531 0.0694084167480469 -0.304595947265625 -0.113006591796875
-0.0172042846679687 0.080810546875 -0.184341430664063 -0.176895141601562
-0.0574073791503906 0.0390739440917969 -0.04095458984375 -0.18255615234375
-0.0798492431640625 -0.0206756591796875 0.039794921875 -0.0693092346191406
-0.0695724487304688 -0.0247611999511719 -0.137649536132813 0.00798797607421873
-0.113914489746094 -0.0704116821289062 -0.257919311523438 -0.212661743164063
-0.0817413330078125 -0.13446044921875 0.3389892578125 0.202606201171875
-0.117332458496094 -0.0433502197265625 0.199966430664063 0.0081024169921875
-0.117805480957031 0.070556640625 -0.0523338317871094 0.0359039306640625
-0.0209274291992187 0.113510131835938 0.00791931152343749 0.175491333007812
0.0804595947265625 0.09014892578125 0.133743286132812 0.208480834960938
0.109909057617187 -0.00820159912109375 0.291168212890625 0.117889404296875
0.102027893066406 -0.0570220947265625 0.37750244140625 -0.026092529296875
0.0977783203125 -0.029327392578125 0.354461669921875 -0.044036865234375
0.104965209960937 -0.0452346801757813 0.355010986328125 -0.0054931640625
0.110786437988281 0.0231475830078125 0.27569580078125 0.0838623046875
0.0649795532226563 0.095611572265625 0.151702880859375 0.0938873291015625
-0.0447540283203125 0.128433227539062 0.119110107421875 0.057861328125
-0.132415771484375 0.0313034057617188 0.203445434570313 0.003814697265625
-0.119560241699219 -0.0553207397460937 0.434478759765625 0.10211181640625
-0.0479507446289063 -0.111442565917969 0.509429931640625 0.519775390625
-0.272476196289062 -0.277679443359375 0.29534912109375 0.1715087890625
-0.2950439453125 -0.102935791015625 0.182662963867187 0.0195159912109375
-0.305023193359375 0.126922607421875 -0.050750732421875 0.03167724609375
-0.102005004882812 0.251861572265625 0.00042724609374998 0.145645141601563
0.102493286132813 0.24261474609375 0.08746337890625 0.191116333007813
0.232620239257813 0.0721435546875 0.2412109375 0.114120483398437
0.253555297851563 -0.040374755859375 0.32049560546875 -0.0101318359375
0.245742797851562 0.0003814697265625 0.285369873046875 -0.030120849609375
0.266311645507813 -0.0273895263671875 0.29150390625 -0.003753662109375
0.239959716796875 0.08978271484375 0.21307373046875 0.0529937744140625
0.138336181640625 0.234603881835937 0.1029052734375 0.0493240356445313
-0.08099365234375 0.292449951171875 0.115501403808594 0.00952148437500002
-0.319488525390625 0.1168212890625 0.224197387695313 -0.0345458984375
-0.335906982421875 -0.073028564453125 0.433074951171875 0.087158203125
-0.263275146484375 -0.255523681640625 0.4901123046875 0.463287353515625
-0.42608642578125 -0.388763427734375 0.201904296875 0.0907440185546875
-0.448028564453125 -0.152801513671875 0.122322082519531 0.0147705078125
-0.467559814453125 0.174591064453125 -0.0521583557128906 0.0341110229492188
-0.1761474609375 0.370849609375 -0.00247192382812501 0.10693359375
0.111663818359375 0.37359619140625 0.0364837646484375 0.147354125976563
0.32366943359375 0.150238037109375 0.1619873046875 0.0892486572265625
0.36724853515625 -0.01531982421875 0.216461181640625 0.0043792724609375
0.356231689453125 0.0303955078125 0.173309326171875 -0.0105133056640625
0.388946533203125 -0.010772705078125 0.18280029296875 0.003997802734375
0.340057373046875 0.13726806640625 0.115219116210938 0.0184555053710938
0.205810546875 0.339141845703125 0.0310401916503906 -0.00168800354003904
-0.0899658203125 0.425872802734375 0.0911712646484375 -0.0478973388671875
-0.459259033203125 0.207733154296875 0.220352172851562 -0.07568359375
-0.510009765625 -0.0632324218750001 0.3792724609375 0.0662841796875
-0.444976806640625 -0.3544921875 0.40264892578125 0.36102294921875
-0.52349853515625 -0.4437255859375 0.0652694702148437 -0.0339736938476563
-0.553070068359375 -0.17138671875 0.0224075317382812 -0.00668334960937501
-0.5718994140625 0.21630859375 -0.0602798461914063 0.0374984741210938
-0.221710205078125 0.451812744140625 -0.00603103637695313 0.0556907653808594
0.108489990234375 0.456512451171875 -0.0193328857421875 0.079742431640625
0.369873046875 0.205078125 0.0574264526367188 0.0446014404296875
0.4251708984375 0.012359619140625 0.0780029296875 0.0125885009765625
0.412841796875 0.0557861328125 0.03472900390625 0.0101833343505859
0.452056884765625 0.007110595703125 0.0457000732421875 0.015167236328125
0.38995361328125 0.161224365234375 -0.00763607025146482 -0.0124778747558594
0.245025634765625 0.393341064453125 -0.0553512573242187 -0.0496902465820312
-0.081024169921875 0.49755859375 0.0471420288085937 -0.103309631347656
-0.526763916015625 0.2703857421875 0.189071655273438 -0.107452392578125
-0.6038818359375 -0.0401000976562501 0.275588989257812 0.0520782470703125
-0.553131103515625 -0.39935302734375 0.259735107421875 0.231124877929687
-0.545166015625 -0.42449951171875 -0.0969390869140625 -0.179718017578125
-0.5760498046875 -0.15252685546875 -0.104728698730469 -0.0419387817382813
-0.57965087890625 0.23577880859375 -0.0739593505859376 0.035980224609375
-0.21942138671875 0.46221923828125 -0.0173301696777344 -0.00228786468505856
0.09814453125 0.4603271484375 -0.076324462890625 -0.00122070312499999
0.3594970703125 0.221282958984375 -0.059417724609375 -0.010498046875
0.41680908203125 0.034027099609375 -0.074462890625 0.0164566040039063
0.40582275390625 0.07061767578125 -0.109596252441406 0.0291366577148438
0.444091796875 0.025726318359375 -0.101234436035156 0.0274200439453125
0.375 0.1666259765625 -0.134689331054687 -0.0368499755859375
0.235565185546875 0.388336181640625 -0.140609741210938 -0.0911865234374999
-0.0758972167968751 0.479400634765625 -0.00454711914062499 -0.146469116210937
-0.510040283203125 0.265228271484375 0.140823364257812 -0.118911743164062
-0.58966064453125 -0.0310058593750001 0.14312744140625 0.047576904296875
-0.5631103515625 -0.3878173828125 0.0869064331054687 0.0934677124023437
-0.48748779296875 -0.33294677734375 -0.26263427734375 -0.316314697265625
-0.50152587890625 -0.098114013671875 -0.235946655273438 -0.0794830322265625
-0.47412109375 0.213623046875 -0.092620849609375 0.0283432006835938
-0.170623779296875 0.38568115234375 -0.0379867553710938 -0.0542945861816406
0.076324462890625 0.37872314453125 -0.12335205078125 -0.0741653442382812
0.292633056640625 0.19403076171875 -0.165664672851562 -0.0597991943359375
0.3428955078125 0.046295166015625 -0.21484375 0.01861572265625
0.3360595703125 0.074920654296875 -0.236785888671875 0.044342041015625
0.367645263671875 0.043914794921875 -0.232864379882812 0.0348663330078125
0.295196533203125 0.154022216796875 -0.239456176757813 -0.058929443359375
0.17218017578125 0.32635498046875 -0.199676513671875 -0.125717163085938
-0.08123779296875 0.376739501953125 -0.0431976318359375 -0.174407958984375
-0.418975830078125 0.18878173828125 0.0939483642578125 -0.111579895019531
-0.472991943359375 -0.0360412597656249 0.0130195617675781 0.045196533203125
-0.478851318359375 -0.3248291015625 -0.0801544189453125 -0.0352630615234375
-0.350616455078125 -0.191375732421875 -0.406646728515625 -0.419921875
-0.342376708984375 -0.0308837890625 -0.348968505859375 -0.11090087890625
-0.285369873046875 0.15167236328125 -0.113105773925781 0.0225601196289063
-0.0912628173828125 0.239532470703125 -0.0620498657226563 -0.0825576782226562
0.040924072265625 0.229812622070312 -0.150054931640625 -0.121047973632813
0.177093505859375 0.132064819335938 -0.240936279296875 -0.09051513671875
0.215301513671875 0.050567626953125 -0.31854248046875 0.019287109375
0.21441650390625 0.066986083984375 -0.3297119140625 0.0515747070312501
0.236404418945313 0.05792236328125 -0.3311767578125 0.03369140625
0.17181396484375 0.122283935546875 -0.30548095703125 -0.082366943359375
0.079071044921875 0.218521118164063 -0.218124389648438 -0.154861450195313
-0.0821990966796875 0.217987060546875 -0.0585479736328125 -0.18743896484375
-0.270050048828125 0.0800323486328125 0.0593795776367187 -0.0939254760742188
-0.2864990234375 -0.0413818359375001 -0.0861892700195313 0.03564453125
-0.319915771484375 -0.215484619140625 -0.2100830078125 -0.140060424804688
-0.152542114257813 -0.0243988037109375 -0.507568359375 -0.470245361328125
-0.131927490234375 0.03753662109375 -0.43170166015625 -0.127197265625
-0.0620269775390625 0.0655593872070313 -0.134368896484375 0.0265045166015625
-0.00592041015625 0.0613250732421875 -0.0835723876953125 -0.0778961181640625
-0.00242233276367188 0.0511283874511719 -0.150558471679687 -0.133026123046875
0.0341072082519531 0.0536041259765625 -0.272201538085938 -0.0994415283203125
0.0537834167480469 0.0471954345703125 -0.36981201171875 0.0215759277343751
0.0604209899902344 0.0495033264160156 -0.372222900390625 0.0522766113281251
0.071746826171875 0.0609283447265625 -0.381622314453125 0.023162841796875
0.0310821533203125 0.0708999633789063 -0.325347900390625 -0.102935791015625
-0.011199951171875 0.0846099853515625 -0.20098876953125 -0.174484252929688
-0.0579376220703125 0.046051025390625 -0.053131103515625 -0.187835693359375
-0.0879364013671875 -0.0149765014648437 0.037811279296875 -0.0748062133789063
-0.07598876953125 -0.0228424072265625 -0.142776489257813 0.0169830322265625
-0.125961303710938 -0.069976806640625 -0.2822265625 -0.209197998046875
-0.0922775268554688 -0.131195068359375 0.368133544921875 0.182281494140625
-0.123207092285156 -0.0381393432617188 0.207992553710938 -0.008056640625
-0.116111755371094 0.0806884765625 -0.0516624450683594 0.0433120727539063
-0.0149993896484375 0.118247985839844 0.0220794677734375 0.178802490234375
0.08917236328125 0.0838775634765625 0.153488159179688 0.20361328125
0.109588623046875 -0.0175933837890625 0.308349609375 0.10186767578125
0.0983200073242188 -0.0651092529296875 0.388397216796875 -0.056640625
0.0973892211914062 -0.0368499755859375 0.365386962890625 -0.07354736328125
0.102119445800781 -0.0546798706054688 0.36993408203125 -0.035919189453125
0.114006042480469 0.014862060546875 0.293060302734375 0.06732177734375
0.0734710693359375 0.0930099487304687 0.163116455078125 0.0861663818359375
-0.0353469848632813 0.1357421875 0.128181457519531 0.0488357543945313
-0.132179260253906 0.040771484375 0.209991455078125 -0.011962890625
-0.125534057617188 -0.0475692749023437 0.454681396484375 0.071746826171875
-0.0580902099609375 -0.109779357910156 0.56488037109375 0.49713134765625
-0.301025390625 -0.264678955078125 0.32281494140625 0.1549072265625
-0.311920166015625 -0.086456298828125 0.191726684570312 0.00486755371093749
-0.305328369140625 0.1546630859375 -0.0496597290039063 0.0411567687988281
-0.08758544921875 0.266891479492188 0.012298583984375 0.14886474609375
0.125381469726563 0.240646362304688 0.105697631835938 0.189178466796875
0.242218017578125 0.0551605224609375 0.2568359375 0.100418090820313
0.25469970703125 -0.0611724853515625 0.330810546875 -0.035247802734375
0.252899169921875 -0.0184478759765625 0.295440673828125 -0.053070068359375
0.26983642578125 -0.05078125 0.303985595703125 -0.02783203125
0.252059936523438 0.0734710693359375 0.226104736328125 0.040069580078125
0.158981323242188 0.230636596679687 0.108970642089844 0.0450439453125
-0.060516357421875 0.30938720703125 0.121559143066406 7.62939453125189E-05
-0.321014404296875 0.14306640625 0.228286743164062 -0.0539398193359375
-0.35064697265625 -0.0514831542968749 0.451904296875 0.056304931640625
-0.293243408203125 -0.243743896484375 0.539764404296875 0.43994140625
-0.469879150390625 -0.367919921875 0.219696044921875 0.07781982421875
-0.47467041015625 -0.12646484375 0.130271911621094 0.00457000732421874
-0.471343994140625 0.2183837890625 -0.0495071411132813 0.045440673828125
-0.155426025390625 0.395477294921875 0.00766754150390624 0.109550476074219
0.144622802734375 0.3760986328125 0.0509033203125 0.1484375
0.341766357421875 0.128662109375 0.17291259765625 0.0797576904296875
0.373046875 -0.044647216796875 0.224319458007813 -0.013580322265625
0.370452880859375 0.002960205078125 0.180282592773438 -0.0240020751953125
0.398193359375 -0.042694091796875 0.19091796875 -0.012115478515625
0.35906982421875 0.11444091796875 0.121475219726563 0.0118255615234375
0.237396240234375 0.333282470703125 0.0319671630859375 -0.00147247314453123
-0.05938720703125 0.448760986328125 0.0924758911132813 -0.0573348999023437
-0.460052490234375 0.24908447265625 0.220291137695312 -0.0967864990234375
-0.5296630859375 -0.0275878906249999 0.394134521484375 0.0401611328125
-0.48883056640625 -0.333404541015625 0.440673828125 0.3416748046875
-0.57513427734375 -0.41925048828125 0.069427490234375 -0.0401573181152344
-0.5855712890625 -0.13873291015625 0.0260047912597656 -0.0103397369384766
-0.57586669921875 0.27056884765625 -0.0560989379882813 0.0508193969726563
-0.19482421875 0.483673095703125 0.000545501708984362 0.0584068298339844
0.150909423828125 0.46258544921875 -0.0112686157226562 0.0837173461914063
0.394317626953125 0.181365966796875 0.0616912841796875 0.0401458740234375
0.43560791015625 -0.021881103515625 0.0818710327148438 0.005523681640625
0.432098388671875 0.0244140625 0.0376358032226563 0.0084381103515625
0.464935302734375 -0.029937744140625 0.0485191345214844 0.0109329223632813
0.412811279296875 0.13604736328125 -0.00871849060058591 -0.0105142593383789
0.28326416015625 0.385711669921875 -0.0610389709472656 -0.0442390441894531
-0.045654296875 0.52313232421875 0.0427703857421875 -0.1107177734375
-0.526580810546875 0.31982421875 0.185150146484375 -0.126861572265625
-0.62646484375 0.00146484375000001 0.28680419921875 0.033050537109375
-0.6053466796875 -0.37176513671875 0.283782958984375 0.218719482421875
-0.60009765625 -0.39984130859375 -0.109527587890625 -0.17742919921875
-0.61041259765625 -0.11602783203125 -0.108688354492188 -0.035980224609375
-0.58056640625 0.291259765625 -0.0700721740722657 0.0501785278320313
-0.191558837890625 0.495574951171875 -0.0151004791259766 -0.000474929809570279
0.14093017578125 0.4691162109375 -0.0757904052734375 0.00520324707031252
0.386566162109375 0.19964599609375 -0.0623703002929687 -0.00821685791015623
0.428955078125 0.000640869140625 -0.0756759643554687 0.0215911865234375
0.426300048828125 0.041107177734375 -0.11065673828125 0.0404052734375
0.45928955078125 -0.009796142578125 -0.1029052734375 0.035980224609375
0.3968505859375 0.14239501953125 -0.141571044921875 -0.0264434814453125
0.27362060546875 0.3804931640625 -0.1510009765625 -0.0806732177734375
-0.04193115234375 0.5057373046875 -0.0138702392578125 -0.151168823242187
-0.5103759765625 0.314208984375 0.134735107421875 -0.135429382324219
-0.6116943359375 0.00970458984375 0.150588989257812 0.0392608642578125
-0.6156005859375 -0.35906982421875 0.0938339233398437 0.0899124145507812
-0.533447265625 -0.310089111328125 -0.29144287109375 -0.305908203125
-0.530487060546875 -0.0660400390625001 -0.247970581054688 -0.0646514892578125
-0.475738525390625 0.260894775390625 -0.089263916015625 0.0421600341796875
-0.145751953125 0.41351318359375 -0.0403099060058594 -0.0521469116210937
0.1121826171875 0.3873291015625 -0.130928039550781 -0.0662612915039062
0.316375732421875 0.17779541015625 -0.176605224609375 -0.051544189453125
0.354400634765625 0.019287109375 -0.220809936523437 0.0343170166015625
0.35430908203125 0.050140380859375 -0.24334716796875 0.06658935546875
0.38250732421875 0.014190673828125 -0.240371704101563 0.0554656982421875
0.314697265625 0.135345458984375 -0.252609252929688 -0.0416107177734375
0.20379638671875 0.321075439453125 -0.214065551757813 -0.1124267578125
-0.0538330078125 0.3984375 -0.0567169189453125 -0.176651000976562
-0.422210693359375 0.229217529296875 0.0869293212890625 -0.124137878417969
-0.492431640625 -0.00433349609375001 0.0170822143554687 0.0469474792480469
-0.523193359375 -0.30108642578125 -0.0880126953125 -0.029144287109375
-0.379852294921875 -0.173858642578125 -0.4483642578125 -0.401275634765625
-0.358856201171875 -0.00637817382812504 -0.368133544921875 -0.087799072265625
-0.285491943359375 0.181060791015625 -0.110740661621094 0.0350189208984375
-0.076080322265625 0.255661010742188 -0.0679092407226563 -0.0789947509765625
0.0631103515625 0.236480712890625 -0.162872314453125 -0.112411499023437
0.193069458007813 0.123397827148437 -0.25616455078125 -0.079376220703125
0.224533081054688 0.0331573486328125 -0.328582763671875 0.044219970703125
0.228469848632813 0.0518035888671875 -0.33892822265625 0.0812988281250001
0.249404907226563 0.040008544921875 -0.3427734375 0.0623474121093751
0.185836791992187 0.112838745117187 -0.322540283203125 -0.0614013671875
0.100357055664063 0.217941284179688 -0.235565185546875 -0.141708374023438
-0.0675048828125 0.234695434570313 -0.0738372802734375 -0.18798828125
-0.275924682617188 0.105072021484375 0.0533065795898437 -0.10235595703125
-0.30035400390625 -0.0228576660156249 -0.0857315063476563 0.04473876953125
-0.35113525390625 -0.200653076171875 -0.229721069335938 -0.127410888671875
-0.162750244140625 -0.0165863037109375 -0.558502197265625 -0.446014404296875
-0.134819030761719 0.0489883422851563 -0.455230712890625 -0.097747802734375
-0.0602340698242188 0.0733413696289062 -0.133476257324219 0.0375289916992188
-0.000305175781250005 0.0646018981933594 -0.0902786254882813 -0.0725936889648438
0.00316238403320312 0.0554847717285156 -0.16552734375 -0.125457763671875
0.0405998229980469 0.0535697937011719 -0.289825439453125 -0.084991455078125
0.0595550537109375 0.0429763793945313 -0.382415771484375 0.050262451171875
0.0675086975097656 0.0455665588378906 -0.384002685546875 0.084503173828125
0.0806427001953125 0.0567779541015625 -0.39593505859375 0.056182861328125
0.038116455078125 0.070831298828125 -0.3453369140625 -0.0822753906249999
-0.0032958984375 0.0877151489257813 -0.21917724609375 -0.164291381835938
-0.0555877685546875 0.0543708801269531 -0.0694122314453125 -0.187973022460937
-0.0945358276367188 -0.00597381591796874 0.0331497192382812 -0.080078125
-0.0819091796875 -0.018951416015625 -0.145431518554688 0.029937744140625
-0.138160705566406 -0.0646438598632813 -0.31005859375 -0.191741943359375
-0.10064697265625 -0.123306274414063 0.38421630859375 0.152069091796875
-0.125953674316406 -0.0300674438476563 0.208984375 -0.0256195068359375
-0.109832763671875 0.0894317626953125 -0.0477371215820313 0.0497779846191406
-0.007293701171875 0.119049072265625 0.035400390625 0.175918579101563
0.0939559936523438 0.0751266479492188 0.169540405273438 0.190032958984375
0.105255126953125 -0.0272064208984375 0.317108154296875 0.08062744140625
0.0920181274414063 -0.0714874267578125 0.385955810546875 -0.087677001953125
0.0941848754882813 -0.0436172485351563 0.363616943359375 -0.10498046875
0.094573974609375 -0.0628890991210938 0.371124267578125 -0.069000244140625
0.113914489746094 0.0054168701171875 0.301055908203125 0.045745849609375
0.0794525146484375 0.0874176025390625 0.169052124023437 0.074676513671875
-0.0242843627929688 0.138717651367188 0.133041381835938 0.037261962890625
-0.128463745117188 0.0499038696289063 0.208999633789063 -0.0301055908203125
-0.127723693847656 -0.0373077392578125 0.45953369140625 0.03533935546875
-0.06683349609375 -0.103775024414063 0.60443115234375 0.450927734375
-0.322296142578125 -0.24114990234375 0.337646484375 0.1275634765625
-0.319854736328125 -0.0653076171875001 0.19476318359375 -0.01202392578125
-0.2940673828125 0.178955078125 -0.04388427734375 0.0492134094238281
-0.068145751953125 0.274307250976563 0.024810791015625 0.146530151367188
0.144302368164063 0.229354858398438 0.120941162109375 0.179443359375
0.242752075195313 0.034881591796875 0.264785766601563 0.0821380615234375
0.246856689453125 -0.08026123046875 0.32952880859375 -0.0626220703125
0.252548217773438 -0.0383148193359375 0.29473876953125 -0.078765869140625
0.263458251953125 -0.0730133056640625 0.304962158203125 -0.055816650390625
0.256378173828125 0.053375244140625 0.232192993164063 0.024169921875
0.17724609375 0.218246459960938 0.112701416015625 0.0384674072265625
-0.0355224609375 0.315826416015625 0.122589111328125 -0.0116806030273437
-0.310821533203125 0.169219970703125 0.22314453125 -0.0731658935546875
-0.353973388671875 -0.0250854492187501 0.455291748046875 0.021270751953125
-0.314849853515625 -0.22027587890625 0.572021484375 0.397216796875
-0.50042724609375 -0.331207275390625 0.230148315429687 0.05877685546875
-0.486541748046875 -0.09271240234375 0.133781433105469 -0.00774383544921876
-0.45416259765625 0.257476806640625 -0.0416297912597657 0.054931640625
-0.1248779296875 0.40966796875 0.0177688598632812 0.107704162597656
0.17694091796875 0.36279296875 0.0637969970703125 0.143630981445313
0.348907470703125 0.09954833984375 0.17852783203125 0.0665130615234375
0.366424560546875 -0.074798583984375 0.225326538085938 -0.032867431640625
0.372772216796875 -0.02691650390625 0.18121337890625 -0.039154052734375
0.3924560546875 -0.0771484375 0.191925048828125 -0.0295257568359375
0.366668701171875 0.085174560546875 0.12445068359375 0.00393676757812501
0.263885498046875 0.313873291015625 0.0323944091796875 -0.00146293640136717
-0.0228271484375 0.45672607421875 0.0895156860351563 -0.066497802734375
-0.4447021484375 0.287261962890625 0.210601806640625 -0.11572265625
-0.532470703125 0.0108032226562501 0.3970947265625 0.009674072265625
-0.520355224609375 -0.296142578125 0.466552734375 0.3067626953125
-0.6131591796875 -0.37274169921875 0.0705184936523437 -0.046875
-0.60113525390625 -0.0950927734375001 0.0275936126708984 -0.0145454406738281
-0.5545654296875 0.320404052734375 -0.0466041564941407 0.0609359741210938
-0.156951904296875 0.502197265625 0.00791168212890624 0.0577278137207032
0.19189453125 0.45111083984375 -0.00262451171874999 0.08416748046875
0.407318115234375 0.149017333984375 0.0641059875488282 0.034149169921875
0.4305419921875 -0.05670166015625 0.0831756591796875 -0.00305938720703125
0.436370849609375 -0.010498046875 0.0402488708496094 0.00632476806640625
0.4610595703125 -0.06982421875 0.0499839782714844 0.006134033203125
0.422027587890625 0.102203369140625 -0.00853586196899411 -0.00848960876464843
0.315093994140625 0.36297607421875 -0.0639877319335938 -0.03717041015625
-0.0020751953125 0.531768798828125 0.035186767578125 -0.115371704101562
-0.5064697265625 0.36346435546875 0.172683715820312 -0.142822265625
-0.6297607421875 0.0468750000000001 0.289459228515625 0.012176513671875
-0.64129638671875 -0.3272705078125 0.2989501953125 0.196868896484375
-0.63604736328125 -0.351806640625 -0.119781494140625 -0.169876098632813
-0.62506103515625 -0.0712890625 -0.109710693359375 -0.0294876098632813
-0.56060791015625 0.343536376953125 -0.0596847534179688 0.060760498046875
-0.15240478515625 0.514404296875 -0.0123815536499024 0.00084018707275394
0.184661865234375 0.4588623046875 -0.0735549926757812 0.0116653442382813
0.40203857421875 0.168548583984375 -0.0644340515136718 -0.00548934936523437
0.4268798828125 -0.034393310546875 -0.0741195678710937 0.0258865356445312
0.43267822265625 0.0048828125 -0.107070922851562 0.0511932373046875
0.458526611328125 -0.0501708984375 -0.101463317871094 0.0449905395507812
0.407745361328125 0.110076904296875 -0.144012451171875 -0.0138092041015625
0.30462646484375 0.357818603515625 -0.15667724609375 -0.06646728515625
0.00103759765624998 0.5133056640625 -0.0246124267578125 -0.150833129882812
-0.4918212890625 0.359344482421875 0.121627807617187 -0.146987915039062
-0.613525390625 0.0549926757812499 0.153289794921875 0.0289764404296875
-0.65032958984375 -0.31414794921875 0.0985336303710937 0.0840835571289062
-0.561737060546875 -0.270416259765625 -0.312744140625 -0.283477783203125
-0.54150390625 -0.02587890625 -0.252593994140625 -0.046630859375
-0.45819091796875 0.303619384765625 -0.0799407958984375 0.0526809692382813
-0.113006591796875 0.42681884765625 -0.0415267944335938 -0.04852294921875
0.14739990234375 0.379974365234375 -0.134597778320313 -0.0555648803710938
0.330963134765625 0.1524658203125 -0.1826171875 -0.0411224365234375
0.354217529296875 -0.00994873046875 -0.2197265625 0.0509033203125
0.361480712890625 0.020477294921875 -0.238815307617187 0.088836669921875
0.384490966796875 -0.0189208984375 -0.238021850585938 0.0767822265625
0.3248291015625 0.109832763671875 -0.25738525390625 -0.02081298828125
0.230804443359375 0.303466796875 -0.221664428710938 -0.0938568115234375
-0.020599365234375 0.406097412109375 -0.0702362060546875 -0.171829223632812
-0.40850830078125 0.26513671875 0.074615478515625 -0.131866455078125
-0.494964599609375 0.032135009765625 0.0207252502441406 0.0475044250488281
-0.5537109375 -0.26361083984375 -0.0928955078125 -0.0199203491210938
-0.398101806640625 -0.14605712890625 -0.4808349609375 -0.366607666015625
-0.362884521484375 0.021514892578125 -0.375518798828125 -0.0593261718749999
-0.273483276367188 0.20654296875 -0.103240966796875 0.0447235107421875
-0.054779052734375 0.263092041015625 -0.0718765258789062 -0.0729217529296875
0.085479736328125 0.233657836914063 -0.1697998046875 -0.0989532470703125
0.204238891601563 0.10894775390625 -0.264617919921875 -0.062835693359375
0.226165771484375 0.0147552490234375 -0.32818603515625 0.0701293945312501
0.2347412109375 0.032806396484375 -0.334686279296875 0.1116943359375
0.253738403320313 0.018157958984375 -0.34075927734375 0.092681884765625
0.19525146484375 0.09735107421875 -0.32891845703125 -0.03546142578125
0.118576049804688 0.208755493164062 -0.245147705078125 -0.1224365234375
-0.046905517578125 0.243057250976562 -0.0887603759765625 -0.182159423828125
-0.27093505859375 0.131240844726563 0.0432891845703125 -0.107315063476562
-0.304962158203125 -0.00125122070312502 -0.0816879272460938 0.0535430908203125
-0.372955322265625 -0.175262451171875 -0.24163818359375 -0.10693359375
-0.167404174804688 -0.00515747070312499 -0.59228515625 -0.40277099609375
-0.132675170898438 0.0594711303710938 -0.464080810546875 -0.0609741210937501
-0.0562210083007813 0.0791168212890625 -0.127662658691406 0.0470809936523437
0.00535202026367188 0.0645256042480469 -0.0938034057617188 -0.0647125244140625
0.00945281982421876 0.0570411682128906 -0.173934936523437 -0.112274169921875
0.0468482971191406 0.0517997741699219 -0.298248291015625 -0.0660400390625
0.0626373291015625 0.0377464294433594 -0.381988525390625 0.0808715820312499
0.0721054077148438 0.039306640625 -0.3809814453125 0.118499755859375
0.086883544921875 0.0494842529296875 -0.39385986328125 0.0910339355468749
0.04498291015625 0.0676422119140625 -0.354248046875 -0.05548095703125
0.00528717041015625 0.0869293212890625 -0.230987548828125 -0.146514892578125
-0.0498313903808594 0.0608940124511719 -0.0849761962890625 -0.181640625
-0.0973587036132813 0.00476074218750001 0.0260086059570312 -0.082763671875
-0.0861663818359375 -0.0135345458984375 -0.14227294921875 0.042999267578125
-0.147369384765625 -0.054962158203125 -0.326690673828125 -0.165496826171875
-0.104934692382812 -0.115257263183594 0.388031005859375 0.127410888671875
-0.125762939453125 -0.0231094360351562 0.2064208984375 -0.0383758544921875
-0.102890014648438 0.0932388305664063 -0.042327880859375 0.0539932250976563
-0.0017547607421875 0.118057250976563 0.044342041015625 0.169403076171875
0.0951995849609375 0.066925048828125 0.175796508789063 0.176437377929687
0.0989151000976563 -0.0323715209960938 0.317138671875 0.06378173828125
0.08477783203125 -0.07489013671875 0.376922607421875 -0.11004638671875
0.0900039672851562 -0.0476455688476562 0.354736328125 -0.1273193359375
0.087158203125 -0.066375732421875 0.363861083984375 -0.093048095703125
0.111122131347656 -0.00144195556640625 0.30267333984375 0.027984619140625
0.0830764770507813 0.0815505981445313 0.169952392578125 0.065765380859375
-0.0158615112304687 0.138076782226563 0.133056640625 0.0270004272460938
-0.122833251953125 0.0546188354492187 0.203369140625 -0.04315185546875
-0.126304626464844 -0.0285797119140625 0.45257568359375 0.00836181640625
-0.0720062255859375 -0.0970687866210937 0.617919921875 0.40716552734375
-0.33026123046875 -0.217681884765625 0.341522216796875 0.1048583984375
-0.31939697265625 -0.047515869140625 0.193588256835937 -0.025421142578125
-0.278564453125 0.193572998046875 -0.0363044738769531 0.0542984008789063
-0.052703857421875 0.274856567382812 0.03240966796875 0.141387939453125
0.1546630859375 0.215911865234375 0.12835693359375 0.16925048828125
0.237457275390625 0.0200653076171875 0.265411376953125 0.06793212890625
0.23614501953125 -0.09332275390625 0.3232421875 -0.08245849609375
0.24676513671875 -0.0518646240234375 0.28875732421875 -0.096893310546875
0.252273559570313 -0.0873870849609375 0.299652099609375 -0.075408935546875
0.2537841796875 0.0377655029296875 0.232864379882813 0.0109100341796875
0.18621826171875 0.20465087890625 0.112785339355469 0.033416748046875
-0.01617431640625 0.31451416015625 0.120697021484375 -0.0204544067382812
-0.298736572265625 0.184783935546875 0.214004516601562 -0.0855712890625
-0.3494873046875 -0.005615234375 0.448333740234375 -0.0054931640625
-0.323822021484375 -0.199127197265625 0.5836181640625 0.3572998046875
-0.51312255859375 -0.29693603515625 0.232421875 0.0435791015625
-0.485748291015625 -0.064910888671875 0.133773803710937 -0.018218994140625
-0.433074951171875 0.28338623046875 -0.0320968627929688 0.0605659484863281
-0.100311279296875 0.4114990234375 0.0246810913085937 0.103851318359375
0.196075439453125 0.346527099609375 0.07147216796875 0.137443542480469
0.3455810546875 0.07763671875 0.178970336914063 0.0561065673828125
0.353759765625 -0.093994140625 0.22113037109375 -0.04742431640625
0.367156982421875 -0.04833984375 0.17901611328125 -0.0501861572265625
0.379364013671875 -0.10015869140625 0.18914794921875 -0.0423736572265625
0.3643798828125 0.062713623046875 0.124801635742188 -0.0018463134765625
0.27764892578125 0.293487548828125 0.0319480895996094 -0.00100135803222654
0.00494384765624998 0.45440673828125 0.0853500366210938 -0.0721664428710937
-0.423370361328125 0.310302734375 0.19915771484375 -0.126327514648438
-0.524505615234375 0.03759765625 0.390716552734375 -0.012603759765625
-0.533233642578125 -0.261932373046875 0.473968505859375 0.275177001953125
-0.62744140625 -0.33209228515625 0.0700607299804687 -0.0515899658203125
-0.6021728515625 -0.0623779296875001 0.0286750793457031 -0.0186119079589844
-0.529571533203125 0.35137939453125 -0.0352096557617188 0.0664634704589844
-0.12548828125 0.504730224609375 0.0129661560058594 0.0557518005371094
0.217803955078125 0.433013916015625 0.00370788574218751 0.0828933715820313
0.40655517578125 0.122314453125 0.0633811950683594 0.0294151306152344
0.41802978515625 -0.081573486328125 0.0818023681640625 -0.00959777832031251
0.431304931640625 -0.037811279296875 0.0421714782714844 0.003936767578125
0.44805908203125 -0.099090576171875 0.0501861572265625 0.00277709960937499
0.419708251953125 0.076507568359375 -0.0077557563781738 -0.00658988952636718
0.33123779296875 0.33782958984375 -0.0642738342285156 -0.0305976867675781
0.03106689453125 0.5262451171875 0.0293045043945312 -0.116943359375
-0.4815673828125 0.39215087890625 0.159332275390625 -0.150039672851562
-0.6185302734375 0.0797119140625 0.28546142578125 -0.0030517578125
-0.6558837890625 -0.28704833984375 0.30255126953125 0.178314208984375
-0.6494140625 -0.3101806640625 -0.124908447265625 -0.161895751953125
-0.62384033203125 -0.0355224609375 -0.10858154296875 -0.024810791015625
-0.53375244140625 0.375244140625 -0.0487518310546875 0.0660514831542969
-0.12017822265625 0.51629638671875 -0.00980281829833985 0.00118064880371097
0.211944580078125 0.44097900390625 -0.0694732666015625 0.015594482421875
0.404296875 0.1417236328125 -0.06658935546875 -0.00334548950195312
0.41546630859375 -0.0592041015625 -0.0726089477539062 0.0279998779296875
0.429351806640625 -0.020782470703125 -0.101593017578125 0.05767822265625
0.447540283203125 -0.078826904296875 -0.0971298217773437 0.0517425537109375
0.406402587890625 0.08526611328125 -0.142425537109375 -0.00433349609374999
0.321044921875 0.332672119140625 -0.156982421875 -0.05474853515625
0.032318115234375 0.508575439453125 -0.0317535400390625 -0.147857666015625
-0.46661376953125 0.38433837890625 0.108184814453125 -0.15118408203125
-0.603759765625 0.0852661132812501 0.15301513671875 0.02154541015625
-0.666015625 -0.27392578125 0.099700927734375 0.0791397094726562
-0.5738525390625 -0.23394775390625 -0.32269287109375 -0.2628173828125
-0.53729248046875 0.00527954101562492 -0.250823974609375 -0.032562255859375
-0.436187744140625 0.329864501953125 -0.0699234008789063 0.0579872131347657
-0.086639404296875 0.429412841796875 -0.0411338806152344 -0.0453414916992187
0.170806884765625 0.3660888671875 -0.133003234863281 -0.0473785400390625
0.33416748046875 0.130950927734375 -0.185028076171875 -0.0324249267578125
0.34588623046875 -0.030975341796875 -0.21527099609375 0.0621795654296875
0.359649658203125 -0.001983642578125 -0.230194091796875 0.1031494140625
0.377044677734375 -0.04290771484375 -0.230667114257813 0.0925750732421875
0.32537841796875 0.089385986328125 -0.255706787109375 -0.00386047363281245
0.244903564453125 0.283538818359375 -0.222503662109375 -0.0779876708984375
0.00482177734374999 0.404052734375 -0.0780487060546875 -0.165435791015625
-0.3907470703125 0.289764404296875 0.0639724731445312 -0.133293151855469
-0.48883056640625 0.0561523437499999 0.0243110656738281 0.0475997924804688
-0.56695556640625 -0.22943115234375 -0.0940933227539063 -0.0121841430664062
-0.40460205078125 -0.121612548828125 -0.4898681640625 -0.333831787109375
-0.35870361328125 0.040863037109375 -0.37335205078125 -0.0382080078125
-0.259841918945313 0.22271728515625 -0.095703125 0.0496292114257813
-0.0392913818359375 0.262374877929688 -0.072906494140625 -0.0677261352539062
0.100418090820312 0.225860595703125 -0.170242309570313 -0.0877227783203125
0.208053588867188 0.0958709716796875 -0.26702880859375 -0.048858642578125
0.222427368164062 0.0011749267578125 -0.322723388671875 0.087860107421875
0.235336303710938 0.0174560546875 -0.32403564453125 0.13214111328125
0.251571655273438 0.0014495849609375 -0.331024169921875 0.115234375
0.197738647460938 0.085113525390625 -0.328369140625 -0.014434814453125
0.12957763671875 0.197296142578125 -0.247848510742188 -0.10601806640625
-0.030792236328125 0.24420166015625 -0.0972442626953125 -0.1728515625
-0.263427734375 0.148788452148438 0.03521728515625 -0.107246398925781
-0.302520751953125 0.014434814453125 -0.0762100219726563 0.05908203125
-0.382171630859375 -0.153167724609375 -0.244171142578125 -0.088958740234375
-0.167190551757813 0.00282287597656249 -0.603759765625 -0.36358642578125
-0.127601623535156 0.0658950805664063 -0.460601806640625 -0.0335693359375
-0.0521392822265625 0.0818710327148438 -0.1209716796875 0.0513381958007813
0.00921630859375 0.0628890991210938 -0.0944061279296875 -0.0580978393554687
0.0139503479003906 0.05657958984375 -0.175384521484375 -0.0999603271484375
0.0505867004394531 0.0492057800292969 -0.30035400390625 -0.0507202148437499
0.0641212463378906 0.0335960388183594 -0.374725341796875 0.102752685546875
0.0747222900390625 0.0342025756835938 -0.36993408203125 0.142120361328125
0.0900650024414063 0.0426254272460938 -0.382965087890625 0.117645263671875
0.0485382080078125 0.0640716552734375 -0.35394287109375 -0.032562255859375
0.0111312866210937 0.0847854614257813 -0.23492431640625 -0.131576538085938
-0.0436058044433594 0.0639915466308594 -0.0933685302734375 -0.172500610351563
-0.097686767578125 0.0140304565429688 0.0203094482421875 -0.0827255249023437
-0.0880661010742187 -0.00861358642578126 -0.137161254882813 0.052520751953125
-0.152236938476563 -0.0462493896484375 -0.33160400390625 -0.142333984375
-0.106285095214844 -0.109825134277344 0.38970947265625 0.112518310546875
-0.124969482421875 -0.0190505981445312 0.20526123046875 -0.0464935302734375
-0.098114013671875 0.095703125 -0.0372886657714844 0.0559844970703125
0.00139617919921874 0.117233276367187 0.048553466796875 0.165298461914063
0.0950851440429688 0.0621109008789062 0.1778564453125 0.168701171875
0.0937042236328125 -0.0353775024414063 0.3179931640625 0.054443359375
0.079742431640625 -0.0760650634765625 0.370880126953125 -0.123626708984375
0.08709716796875 -0.0495529174804688 0.34881591796875 -0.14215087890625
0.081451416015625 -0.0680160522460938 0.359222412109375 -0.10809326171875
0.108535766601563 -0.005584716796875 0.303558349609375 0.018157958984375
0.0841598510742188 0.0780410766601563 0.170059204101563 0.060882568359375
-0.0101165771484375 0.137527465820313 0.131942749023438 0.020599365234375
-0.120086669921875 0.05712890625 0.199127197265625 -0.0506744384765625
-0.124961853027344 -0.0237503051757813 0.446014404296875 -0.007659912109375
-0.0736846923828125 -0.0925979614257813 0.62042236328125 0.38232421875
-0.333831787109375 -0.2027587890625 0.34307861328125 0.091583251953125
-0.31854248046875 -0.037506103515625 0.192733764648437 -0.034271240234375
-0.268814086914063 0.202423095703125 -0.0294990539550782 0.0570602416992188
-0.043243408203125 0.274215698242188 0.0370025634765625 0.137786865234375
0.161102294921875 0.206512451171875 0.131759643554688 0.162933349609375
0.231704711914062 0.0119171142578125 0.265182495117188 0.060333251953125
0.228424072265625 -0.0994720458984375 0.318267822265625 -0.095367431640625
0.243484497070313 -0.0597076416015625 0.284759521484375 -0.107879638671875
0.243743896484375 -0.0948638916015625 0.29547119140625 -0.08782958984375
0.25030517578125 0.02813720703125 0.233993530273438 0.0033721923828125
0.190383911132813 0.19580078125 0.113029479980469 0.0317153930664063
-0.00424194335937499 0.3135986328125 0.118827819824219 -0.0257720947265625
-0.291168212890625 0.19244384765625 0.2071533203125 -0.0931243896484375
-0.346099853515625 0.00524902343749997 0.441497802734375 -0.020782470703125
-0.329315185546875 -0.186187744140625 0.58575439453125 0.33514404296875
-0.517852783203125 -0.2745361328125 0.233795166015625 0.03338623046875
-0.48541259765625 -0.04962158203125 0.133613586425781 -0.0255126953125
-0.4166259765625 0.29742431640625 -0.0232200622558594 0.0628852844238281
-0.085052490234375 0.411773681640625 0.0287933349609375 0.100990295410156
0.20770263671875 0.334625244140625 0.0756149291992188 0.133216857910156
0.3408203125 0.06414794921875 0.178268432617188 0.0500946044921875
0.343353271484375 -0.105865478515625 0.2178955078125 -0.05706787109375
0.363311767578125 -0.06134033203125 0.177581787109375 -0.056976318359375
0.369171142578125 -0.112762451171875 0.186996459960938 -0.0499420166015625
0.361419677734375 0.04888916015625 0.125755310058594 -0.00571441650390625
0.28424072265625 0.2808837890625 0.032094955444336 0.00032234191894533
0.021942138671875 0.45111083984375 0.0828399658203125 -0.0755081176757812
-0.411895751953125 0.322265625 0.190155029296875 -0.131072998046875
-0.518585205078125 0.0540466308593751 0.3853759765625 -0.02471923828125
-0.54052734375 -0.24322509765625 0.474853515625 0.258392333984375
-0.63323974609375 -0.30535888671875 0.0700111389160156 -0.0544891357421875
-0.59918212890625 -0.0422363281249999 0.029266357421875 -0.0222492218017578
-0.510589599609375 0.3704833984375 -0.0254669189453125 0.0687522888183594
-0.106842041015625 0.50579833984375 0.0158958435058594 0.0536537170410157
0.2335205078125 0.419342041015625 0.00756072998046877 0.081939697265625
0.40411376953125 0.1065673828125 0.0623435974121094 0.0274543762207031
0.40765380859375 -0.095123291015625 0.0805511474609375 -0.0145492553710938
0.428955078125 -0.0528564453125 0.04376220703125 0.0018157958984375
0.437835693359375 -0.11407470703125 0.0508613586425782 0.000762939453124993
0.41650390625 0.061004638671875 -0.00606775283813474 -0.00537538528442383
0.338653564453125 0.322723388671875 -0.0637130737304687 -0.0259361267089844
0.05059814453125 0.5224609375 0.0265121459960938 -0.117919921875
-0.466461181640625 0.407562255859375 0.149932861328125 -0.152511596679687
-0.61260986328125 0.0971679687499999 0.282196044921875 -0.01123046875
-0.66400146484375 -0.2626953125 0.30242919921875 0.1676025390625
-0.65606689453125 -0.28472900390625 -0.126724243164063 -0.156707763671875
-0.62347412109375 -0.0152587890625001 -0.107650756835938 -0.0233535766601562
-0.515289306640625 0.394927978515625 -0.0390968322753907 0.0677986145019532
-0.1011962890625 0.51837158203125 -0.00780248641967774 0.00127840042114261
0.227386474609375 0.428985595703125 -0.0660324096679688 0.017974853515625
0.403289794921875 0.126007080078125 -0.0680618286132812 -0.00152969360351561
0.407012939453125 -0.0723876953125 -0.0718536376953125 0.029296875
0.42724609375 -0.0367431640625 -0.0975418090820312 0.0612869262695313
0.43890380859375 -0.09490966796875 -0.0942230224609375 0.0554122924804687
0.404052734375 0.069244384765625 -0.140960693359375 0.00187683105468751
0.329010009765625 0.318206787109375 -0.15533447265625 -0.046783447265625
0.0513916015625 0.505218505859375 -0.03515625 -0.146240234375
-0.45263671875 0.401824951171875 0.100082397460937 -0.15155029296875
-0.5982666015625 0.10260009765625 0.152114868164063 0.0182037353515625
-0.674072265625 -0.25067138671875 0.0995330810546875 0.0769805908203125
-0.57720947265625 -0.2135009765625 -0.326080322265625 -0.250518798828125
-0.536956787109375 0.021820068359375 -0.249740600585938 -0.0257415771484375
-0.421966552734375 0.347015380859375 -0.0621185302734375 0.0593986511230469
-0.071014404296875 0.429351806640625 -0.0404815673828125 -0.0439720153808593
0.1845703125 0.356689453125 -0.1300048828125 -0.0419845581054687
0.334686279296875 0.11859130859375 -0.187469482421875 -0.02716064453125
0.341064453125 -0.042449951171875 -0.213485717773438 0.069122314453125
0.359161376953125 -0.0152587890625 -0.224075317382813 0.111968994140625
0.3707275390625 -0.0579833984375 -0.2247314453125 0.102127075195312
0.324737548828125 0.07647705078125 -0.25311279296875 0.00564575195312497
0.252090454101563 0.271484375 -0.221389770507813 -0.068511962890625
0.0211181640625 0.40185546875 -0.081451416015625 -0.160720825195313
-0.38043212890625 0.3050537109375 0.0565261840820312 -0.132331848144531
-0.484375 0.0698852539062499 0.0266761779785156 0.0480575561523438
-0.57293701171875 -0.21002197265625 -0.0941314697265626 -0.00665283203125001
-0.406951904296875 -0.10809326171875 -0.494171142578125 -0.31512451171875
-0.35687255859375 0.0516662597656249 -0.371734619140625 -0.0256958007812499
-0.250335693359375 0.231643676757813 -0.0897140502929688 0.0510940551757813
-0.02947998046875 0.261749267578125 -0.072418212890625 -0.065093994140625
0.108779907226562 0.220626831054687 -0.169158935546875 -0.0814208984375
0.210311889648437 0.088470458984375 -0.269485473632813 -0.0417022705078125
0.219589233398438 -0.0063018798828125 -0.318817138671875 0.09979248046875
0.235366821289063 0.0084075927734375 -0.316802978515625 0.145416259765625
0.249221801757812 -0.0091094970703125 -0.323638916015625 0.12908935546875
0.198516845703125 0.0767974853515625 -0.326690673828125 -0.00216674804687502
0.13531494140625 0.189453125 -0.247543334960938 -0.0958251953125
-0.02001953125 0.243606567382813 -0.10076904296875 -0.167236328125
-0.25701904296875 0.160003662109375 0.0299530029296875 -0.105911254882812
-0.302337646484375 0.0230712890625 -0.0715255737304688 0.0630340576171875
-0.387939453125 -0.138671875 -0.243743896484375 -0.078125
-0.16741943359375 0.00711059570312499 -0.60821533203125 -0.33880615234375
-0.124595642089844 0.0686111450195312 -0.45831298828125 -0.018157958984375
-0.0505218505859375 0.0836181640625 -0.11737060546875 0.0527267456054687
0.0105514526367187 0.0614967346191406 -0.0936203002929687 -0.0544204711914063
0.0166511535644531 0.0567054748535156 -0.175003051757812 -0.094268798828125
0.0537300109863281 0.047821044921875 -0.301788330078125 -0.043182373046875
0.0655975341796875 0.0308609008789063 -0.371734619140625 0.116668701171875
0.0761489868164063 0.0309677124023438 -0.36309814453125 0.15716552734375
0.0920944213867188 0.0374221801757812 -0.3759765625 0.132904052734375
0.0510597229003906 0.0614471435546875 -0.3531494140625 -0.01824951171875
0.014556884765625 0.0822982788085938 -0.23583984375 -0.122467041015625
-0.0394554138183594 0.0660324096679688 -0.0980072021484375 -0.166152954101563
-0.0968246459960938 0.0208663940429687 0.0166168212890625 -0.0816726684570313
-0.0902786254882813 -0.00568389892578127 -0.132133483886719 0.0579757690429687
-0.1556396484375 -0.0409698486328125 -0.330841064453125 -0.127960205078125
-0.108955383300781 -0.107635498046875 0.396820068359375 0.10504150390625
-0.126243591308594 -0.0166473388671875 0.20758056640625 -0.0540771484375
-0.0961151123046875 0.0984344482421875 -0.0330085754394531 0.0583343505859375
0.004150390625 0.118850708007813 0.052276611328125 0.164306640625
0.096038818359375 0.059478759765625 0.181549072265625 0.167373657226563
0.0913619995117187 -0.037689208984375 0.32391357421875 0.04998779296875
0.0769195556640625 -0.07733154296875 0.37408447265625 -0.135467529296875
0.0866775512695313 -0.051971435546875 0.351226806640625 -0.154144287109375
0.0787582397460937 -0.0693206787109375 0.361572265625 -0.1209716796875
0.108062744140625 -0.008453369140625 0.310760498046875 0.01092529296875
0.0865859985351563 0.0764389038085938 0.172470092773438 0.059722900390625
-0.00692749023437501 0.139656066894531 0.133018493652344 0.016204833984375
-0.121002197265625 0.0591049194335938 0.198379516601563 -0.057708740234375
-0.12518310546875 -0.02099609375 0.44781494140625 -0.018035888671875
-0.0761642456054687 -0.0906600952148437 0.631591796875 0.37353515625
-0.340087890625 -0.196868896484375 0.349395751953125 0.0841064453125
-0.32232666015625 -0.03070068359375 0.195083618164062 -0.041900634765625
-0.265029907226563 0.211456298828125 -0.022918701171875 0.0583686828613281
-0.0367889404296875 0.277816772460938 0.0406265258789063 0.137092590332031
0.166244506835937 0.203079223632812 0.135589599609375 0.162185668945313
0.231231689453125 0.006927490234375 0.270751953125 0.056365966796875
0.225845336914062 -0.105056762695313 0.320037841796875 -0.1060791015625
0.245712280273438 -0.0668487548828125 0.28765869140625 -0.11865234375
0.241622924804687 -0.101242065429688 0.29815673828125 -0.09844970703125
0.252471923828125 0.02288818359375 0.239410400390625 -0.0024566650390625
0.197113037109375 0.193069458007812 0.115028381347656 0.0319290161132813
0.00344848632812502 0.3179931640625 0.119956970214844 -0.0308609008789062
-0.29156494140625 0.202239990234375 0.2056884765625 -0.098968505859375
-0.3494873046875 0.0113525390625 0.44354248046875 -0.0303955078125
-0.339019775390625 -0.17962646484375 0.595458984375 0.325927734375
-0.52850341796875 -0.26470947265625 0.23834228515625 0.027496337890625
-0.49285888671875 -0.0404357910156251 0.1361083984375 -0.0323333740234375
-0.41229248046875 0.310943603515625 -0.0155181884765625 0.0642852783203125
-0.075531005859375 0.417510986328125 0.032623291015625 0.100212097167969
0.2177734375 0.330657958984375 0.0794677734375 0.133590698242188
0.342803955078125 0.0570068359375 0.181991577148438 0.0482940673828125
0.34234619140625 -0.11419677734375 0.21868896484375 -0.065521240234375
0.36834716796875 -0.07159423828125 0.180923461914063 -0.063629150390625
0.3677978515625 -0.12286376953125 0.189987182617188 -0.056915283203125
0.3638916015625 0.04107666015625 0.129646301269531 -0.008453369140625
0.293487548828125 0.276580810546875 0.0334758758544922 0.00266456604003908
0.034454345703125 0.4576416015625 0.0832290649414063 -0.0802993774414062
-0.41107177734375 0.338775634765625 0.187942504882812 -0.135726928710937
-0.52398681640625 0.0642089843749999 0.387664794921875 -0.03369140625
-0.554962158203125 -0.232208251953125 0.481597900390625 0.25262451171875
-0.6456298828125 -0.29229736328125 0.0714492797851562 -0.0579986572265625
-0.6094970703125 -0.0293579101562499 0.0297107696533203 -0.0263938903808594
-0.5054931640625 0.389251708984375 -0.0174942016601563 0.0697021484375
-0.094390869140625 0.512847900390625 0.0192146301269531 0.0532951354980469
0.246978759765625 0.41680908203125 0.0113296508789063 0.0829391479492188
0.408782958984375 0.09783935546875 0.0627250671386719 0.0270309448242188
0.4072265625 -0.105255126953125 0.0806427001953125 -0.0190658569335938
0.435638427734375 -0.06524658203125 0.0461997985839844 0.000659942626953121
0.43719482421875 -0.12664794921875 0.0532188415527344 -0.000701904296875008
0.4205322265625 0.051422119140625 -0.00474452972412107 -0.00492763519287109
0.35015869140625 0.316680908203125 -0.06341552734375 -0.022247314453125
0.064666748046875 0.529296875 0.025604248046875 -0.121726989746094
-0.46514892578125 0.42718505859375 0.146469116210937 -0.156036376953125
-0.61761474609375 0.1097412109375 0.284637451171875 -0.016571044921875
-0.6826171875 -0.2490234375 0.306488037109375 0.16552734375
-0.66973876953125 -0.2716064453125 -0.129409790039063 -0.156707763671875
-0.63232421875 -0.00213623046874992 -0.109031677246094 -0.0235519409179687
-0.510498046875 0.414276123046875 -0.0320358276367188 0.0688705444335938
-0.089324951171875 0.52593994140625 -0.00593090057373047 0.00101375579833988
0.242095947265625 0.427093505859375 -0.0641098022460937 0.0192298889160157
0.40887451171875 0.1173095703125 -0.0705413818359375 -6.86645507812304E-05
0.407470703125 -0.083251953125 -0.0732192993164062 0.0301361083984375
0.434722900390625 -0.049560546875 -0.0958023071289062 0.0653839111328125
0.438690185546875 -0.10748291015625 -0.0917816162109375 0.059326171875
0.408843994140625 0.060821533203125 -0.141082763671875 0.00645446777343753
0.33941650390625 0.3114013671875 -0.156326293945312 -0.0418548583984375
0.06585693359375 0.50994873046875 -0.0370025634765625 -0.148101806640625
-0.450164794921875 0.4222412109375 0.09600830078125 -0.153244018554687
-0.60467529296875 0.11553955078125 0.1556396484375 0.01641845703125
-0.6915283203125 -0.2371826171875 0.101112365722656 0.0782546997070312
-0.58990478515625 -0.20220947265625 -0.33282470703125 -0.246429443359375
-0.54632568359375 0.0332336425781249 -0.2532958984375 -0.0214385986328125
-0.4163818359375 0.36187744140625 -0.0568962097167969 0.0604209899902344
-0.061065673828125 0.43585205078125 -0.0402145385742188 -0.0437278747558593
0.1981201171875 0.356689453125 -0.1298828125 -0.040191650390625
0.340972900390625 0.111968994140625 -0.192291259765625 -0.0238800048828125
0.34185791015625 -0.050384521484375 -0.21588134765625 0.0747528076171875
0.365936279296875 -0.0255126953125 -0.223434448242187 0.121078491210937
0.373870849609375 -0.06842041015625 -0.223281860351563 0.110519409179688
0.32928466796875 0.069732666015625 -0.255722045898438 0.0133819580078125
0.260757446289063 0.266326904296875 -0.223236083984375 -0.0635986328125
0.032867431640625 0.406982421875 -0.0845184326171875 -0.16094970703125
-0.378387451171875 0.32171630859375 0.052947998046875 -0.133056640625
-0.490081787109375 0.0804443359374999 0.0299034118652343 0.049560546875
-0.58953857421875 -0.19842529296875 -0.0947723388671876 -0.00208282470703128
-0.414581298828125 -0.100830078125 -0.50421142578125 -0.307708740234375
-0.360992431640625 0.0591735839843749 -0.377410888671875 -0.017547607421875
-0.249008178710938 0.242843627929688 -0.0873031616210938 0.0520553588867187
-0.02459716796875 0.26617431640625 -0.0728530883789063 -0.0636444091796875
0.117416381835937 0.221664428710938 -0.169403076171875 -0.0797576904296875
0.215606689453125 0.0847930908203125 -0.276718139648438 -0.0372009277343749
0.222061157226563 -0.011566162109375 -0.322235107421875 0.10992431640625
0.241073608398438 0.001678466796875 -0.317474365234375 0.158111572265625
0.25201416015625 -0.0161285400390625 -0.3228759765625 0.141326904296875
0.20172119140625 0.0729217529296875 -0.33099365234375 0.007659912109375
0.141647338867188 0.18768310546875 -0.250518798828125 -0.0906524658203125
-0.012420654296875 0.247970581054687 -0.104568481445312 -0.16583251953125
-0.257049560546875 0.172622680664063 0.0271530151367187 -0.106124877929687
-0.306884765625 0.0291442871093751 -0.0688323974609375 0.0675735473632813
-0.399932861328125 -0.131439208984375 -0.247039794921875 -0.0714569091796875
-0.170166015625 0.00923156738281249 -0.62005615234375 -0.3306884765625
-0.125755310058594 0.0709991455078125 -0.46380615234375 -0.00677490234374997
-0.0509033203125 0.0861434936523438 -0.118011474609375 0.0543441772460937
0.011077880859375 0.061676025390625 -0.0943756103515625 -0.05279541015625
0.0198936462402344 0.0584754943847656 -0.17633056640625 -0.0928192138671875
0.0576667785644531 0.0472183227539063 -0.309112548828125 -0.03887939453125
0.0674552917480469 0.030029296875 -0.375732421875 0.129638671875
0.0791778564453125 0.0292282104492188 -0.364593505859375 0.171539306640625
0.0953521728515625 0.0346527099609375 -0.37652587890625 0.14666748046875
0.05316162109375 0.0611038208007813 -0.358612060546875 -0.00851440429687498
0.0173110961914063 0.0823516845703125 -0.240570068359375 -0.118667602539062
-0.0367279052734375 0.0678367614746094 -0.10205078125 -0.163803100585938
-0.09759521484375 0.0264816284179687 0.0143966674804688 -0.0809097290039063
-0.0930938720703125 -0.00342559814453124 -0.130058288574219 0.0634078979492188
-0.160797119140625 -0.0373687744140625 -0.334808349609375 -0.121490478515625
-0.114677429199219 -0.106895446777344 0.41412353515625 0.095947265625
-0.129547119140625 -0.0128555297851563 0.213851928710938 -0.0657196044921875
-0.0946273803710938 0.1043701171875 -0.02880859375 0.0604171752929688
0.00789642333984376 0.122169494628906 0.059600830078125 0.1671142578125
0.0995864868164063 0.0568084716796875 0.191680908203125 0.16778564453125
0.0903244018554688 -0.040802001953125 0.33831787109375 0.043182373046875
0.0754928588867188 -0.0809249877929688 0.381805419921875 -0.155487060546875
0.08740234375 -0.0562286376953125 0.359832763671875 -0.1761474609375
0.076934814453125 -0.0735549926757813 0.371551513671875 -0.140472412109375
0.110038757324219 -0.0129776000976563 0.32342529296875 -0.000274658203125001
0.0913009643554688 0.0756072998046875 0.179962158203125 0.058380126953125
-0.000915527343750011 0.144790649414063 0.136932373046875 0.0109939575195313
-0.123847961425781 0.0643386840820312 0.201446533203125 -0.0676422119140625
-0.127792358398438 -0.0167617797851563 0.459808349609375 -0.033538818359375
-0.0820770263671875 -0.0902099609375 0.6591796875 0.3668212890625
-0.356231689453125 -0.19097900390625 0.36474609375 0.0745849609375
-0.33416748046875 -0.020965576171875 0.201446533203125 -0.0529632568359375
-0.264801025390625 0.226638793945313 -0.0170135498046875 0.0606117248535156
-0.0284423828125 0.287994384765625 0.0466842651367187 0.139053344726563
0.178665161132813 0.202728271484375 0.1446533203125 0.16400146484375
0.23541259765625 -0.000274658203125 0.283233642578125 0.051544189453125
0.22772216796875 -0.114059448242188 0.328277587890625 -0.12396240234375
0.25274658203125 -0.0779876708984375 0.29595947265625 -0.13580322265625
0.2447509765625 -0.111770629882812 0.307098388671875 -0.114959716796875
0.260238647460938 0.0150909423828125 0.250259399414062 -0.01068115234375
0.209396362304688 0.193496704101563 0.120674133300781 0.032012939453125
0.015777587890625 0.329803466796875 0.123138427734375 -0.0383224487304687
-0.295806884765625 0.2191162109375 0.20697021484375 -0.109573364257813
-0.3597412109375 0.02215576171875 0.45501708984375 -0.044921875
-0.357208251953125 -0.174407958984375 0.62158203125 0.31976318359375
-0.55242919921875 -0.256195068359375 0.2484130859375 0.0191650390625
-0.512847900390625 -0.0230407714843749 0.139816284179687 -0.0411605834960937
-0.414398193359375 0.337646484375 -0.00793838500976565 0.06549072265625
-0.06317138671875 0.433380126953125 0.0375289916992187 0.1011962890625
0.236724853515625 0.332672119140625 0.0867080688476563 0.136184692382813
0.3524169921875 0.0472412109375 0.190353393554688 0.04571533203125
0.347198486328125 -0.12841796875 0.224502563476563 -0.0782012939453125
0.380889892578125 -0.088409423828125 0.186553955078125 -0.074432373046875
0.373870849609375 -0.139129638671875 0.19683837890625 -0.067230224609375
0.376190185546875 0.029998779296875 0.136001586914063 -0.0135498046875
0.31195068359375 0.275848388671875 0.036224365234375 0.00396728515625002
0.05322265625 0.473114013671875 0.0846786499023438 -0.0887603759765625
-0.416015625 0.367095947265625 0.18743896484375 -0.145751953125
-0.541473388671875 0.0817260742187499 0.397430419921875 -0.04595947265625
-0.58447265625 -0.2208251953125 0.50311279296875 0.2481689453125
-0.6763916015625 -0.2830810546875 0.0737152099609375 -0.0633010864257813
-0.63323974609375 -0.0090332031250001 0.0303001403808593 -0.0312252044677734
-0.507415771484375 0.422088623046875 -0.00914764404296878 0.0714035034179688
-0.0797119140624999 0.531646728515625 0.0230903625488281 0.053253173828125
0.2703857421875 0.421295166015625 0.0157470703125 0.085235595703125
0.421966552734375 0.087799072265625 0.0656700134277344 0.0269279479980469
0.415130615234375 -0.121612548828125 0.082122802734375 -0.0245590209960938
0.450592041015625 -0.084686279296875 0.0494155883789063 -0.00179672241210938
0.44549560546875 -0.145904541015625 0.057281494140625 -0.00366210937500001
0.435089111328125 0.038970947265625 -0.00318717956542966 -0.00465631484985351
0.371124267578125 0.315032958984375 -0.0639457702636718 -0.0188636779785156
0.08685302734375 0.54669189453125 0.0241317749023438 -0.128555297851562
-0.467193603515625 0.461334228515625 0.144989013671875 -0.163970947265625
-0.6363525390625 0.1322021484375 0.293792724609375 -0.02471923828125
-0.7176513671875 -0.23333740234375 0.321380615234375 0.163726806640625
-0.701171875 -0.26043701171875 -0.13629150390625 -0.159027099609375
-0.6597900390625 0.02044677734375 -0.113777160644531 -0.022308349609375
-0.51312255859375 0.448944091796875 -0.0256271362304688 0.0705718994140625
-0.0730285644531251 0.546905517578125 -0.00433468818664551 0.00143265724182132
0.26727294921875 0.433502197265625 -0.0629348754882813 0.0216026306152344
0.424530029296875 0.1085205078125 -0.0746994018554687 0.00267028808593749
0.416839599609375 -0.099761962890625 -0.07568359375 0.0326690673828125
0.451751708984375 -0.0677490234375 -0.0952911376953125 0.0719680786132813
0.44903564453125 -0.1273193359375 -0.0903091430664062 0.065704345703125
0.42303466796875 0.04913330078125 -0.14508056640625 0.011932373046875
0.36065673828125 0.310516357421875 -0.1605224609375 -0.036712646484375
0.0863647460937501 0.52606201171875 -0.0416107177734375 -0.1533203125
-0.451416015625 0.4560546875 0.09332275390625 -0.158432006835937
-0.6234130859375 0.1378173828125 0.162216186523437 0.0133514404296875
-0.7275390625 -0.22174072265625 0.106941223144531 0.0799713134765625
-0.61920166015625 -0.1923828125 -0.35009765625 -0.2442626953125
-0.56549072265625 0.0512695312499999 -0.264007568359375 -0.0145263671875
-0.420013427734375 0.3912353515625 -0.0532455444335938 0.0632095336914063
-0.048828125 0.45281982421875 -0.0408744812011719 -0.0433006286621094
0.219635009765625 0.36212158203125 -0.13299560546875 -0.0381240844726562
0.355865478515625 0.10455322265625 -0.202102661132813 -0.018951416015625
0.351409912109375 -0.063446044921875 -0.221664428710937 0.0853729248046875
0.381195068359375 -0.041107177734375 -0.225677490234375 0.134979248046875
0.382843017578125 -0.084564208984375 -0.2252197265625 0.124771118164062
0.341339111328125 0.061004638671875 -0.263519287109375 0.02362060546875
0.278762817382813 0.265579223632813 -0.230514526367187 -0.056671142578125
0.049468994140625 0.420166015625 -0.0906829833984375 -0.16461181640625
-0.38214111328125 0.350982666015625 0.0499496459960937 -0.135765075683594
-0.506103515625 0.0980834960937501 0.034393310546875 0.0522270202636719
-0.62066650390625 -0.1837158203125 -0.09661865234375 0.0018310546875
-0.433380126953125 -0.0923156738281251 -0.5299072265625 -0.301849365234375
-0.373870849609375 0.072418212890625 -0.391998291015625 -0.00527954101562501
-0.250808715820313 0.260330200195313 -0.0873336791992188 0.0553207397460938
-0.0171966552734375 0.27642822265625 -0.0756759643554688 -0.0631942749023437
0.1319580078125 0.226165771484375 -0.175338745117188 -0.0782928466796875
0.226852416992187 0.0807952880859375 -0.289947509765625 -0.030364990234375
0.2286376953125 -0.01959228515625 -0.331390380859375 0.1265869140625
0.2518310546875 -0.0076141357421875 -0.322509765625 0.177642822265625
0.260528564453125 -0.0265045166015625 -0.32745361328125 0.16046142578125
0.21099853515625 0.069610595703125 -0.342498779296875 0.02032470703125
0.152496337890625 0.1884765625 -0.25982666015625 -0.0859527587890625
-0.0027923583984375 0.256561279296875 -0.112380981445312 -0.167724609375
-0.259445190429688 0.191070556640625 0.02435302734375 -0.107955932617188
-0.318878173828125 0.04071044921875 -0.0663909912109375 0.0734481811523438
-0.419708251953125 -0.121337890625 -0.255157470703125 -0.0654449462890625
-0.177154541015625 0.01324462890625 -0.64752197265625 -0.3214111328125
-0.128448486328125 0.0761032104492188 -0.480804443359375 0.00936889648437498
-0.0516433715820313 0.0911865234375 -0.121253967285156 0.058868408203125
0.0123710632324219 0.0638313293457031 -0.0980377197265625 -0.0511016845703125
0.0241775512695312 0.061065673828125 -0.183578491210938 -0.09246826171875
0.0629005432128906 0.0474891662597656 -0.324249267578125 -0.03131103515625
0.0714797973632813 0.0277633666992188 -0.385589599609375 0.1495361328125
0.0852508544921875 0.0269241333007813 -0.370635986328125 0.19439697265625
0.101554870605469 0.0315399169921875 -0.38336181640625 0.169281005859375
0.05780029296875 0.0614967346191406 -0.372039794921875 0.00503540039062497
0.0210342407226563 0.084228515625 -0.250213623046875 -0.11541748046875
-0.03448486328125 0.071563720703125 -0.110198974609375 -0.16448974609375
-0.100166320800781 0.03350830078125 0.0129776000976562 -0.0821456909179687
-0.0982131958007813 0.00014495849609376 -0.129920959472656 0.0714797973632812
-0.169143676757812 -0.0328216552734375 -0.34765625 -0.115325927734375
-0.123985290527344 -0.102890014648438 0.434906005859375 0.07598876953125
-0.132827758789063 -0.00615692138671875 0.218399047851563 -0.083984375
-0.0900115966796875 0.112091064453125 -0.023162841796875 0.0626754760742188
0.0151290893554688 0.125732421875 0.0706634521484375 0.16827392578125
0.105133056640625 0.0524063110351563 0.207916259765625 0.165573120117187
0.0890579223632813 -0.0468978881835938 0.357086181640625 0.02618408203125
0.0726547241210938 -0.086944580078125 0.387725830078125 -0.18646240234375
0.0871810913085938 -0.0632247924804688 0.363922119140625 -0.208953857421875
0.0737686157226563 -0.0790634155273438 0.378814697265625 -0.171600341796875
0.112174987792969 -0.0202255249023438 0.33935546875 -0.0205078125
0.0993118286132813 0.0732040405273438 0.190887451171875 0.0523681640625
0.00843811035156251 0.150360107421875 0.14129638671875 0.00151062011718751
-0.125450134277344 0.0734405517578125 0.20263671875 -0.0834197998046875
-0.132064819335938 -0.01007080078125 0.471099853515625 -0.061187744140625
-0.090301513671875 -0.0878067016601563 0.69964599609375 0.34478759765625
-0.379119873046875 -0.177520751953125 0.383270263671875 0.0562744140625
-0.346923828125 -0.0028076171875 0.205795288085937 -0.0705108642578125
-0.259353637695312 0.25091552734375 -0.00935363769531252 0.0613746643066406
-0.0125732421875 0.29962158203125 0.056915283203125 0.140220642089844
0.195571899414062 0.198104858398437 0.159744262695313 0.1632080078125
0.241943359375 -0.0128021240234375 0.298858642578125 0.038726806640625
0.227783203125 -0.130477905273438 0.33319091796875 -0.1507568359375
0.25909423828125 -0.09674072265625 0.30035400390625 -0.162994384765625
0.245574951171875 -0.129318237304688 0.314239501953125 -0.1414794921875
0.26934814453125 0.000244140625 0.261810302734375 -0.027252197265625
0.228988647460938 0.188232421875 0.128440856933594 0.0289382934570313
0.036834716796875 0.34259033203125 0.124954223632812 -0.0492706298828125
-0.295989990234375 0.2469482421875 0.206558227539063 -0.125198364257812
-0.371734619140625 0.04229736328125 0.46685791015625 -0.07220458984375
-0.383209228515625 -0.1585693359375 0.65924072265625 0.3001708984375
-0.5870361328125 -0.2330322265625 0.260055541992187 0.00450134277343749
-0.53143310546875 0.00442504882812494 0.142898559570313 -0.0545501708984375
-0.40692138671875 0.37493896484375 0.00127410888671873 0.06573486328125
-0.040008544921875 0.452850341796875 0.0462570190429688 0.101669311523438
0.26513671875 0.32958984375 0.0985794067382813 0.136268615722656
0.36578369140625 0.02935791015625 0.2015380859375 0.0370635986328125
0.35089111328125 -0.15167236328125 0.227279663085938 -0.097015380859375
0.39288330078125 -0.116455078125 0.19140625 -0.091766357421875
0.379150390625 -0.165679931640625 0.2030029296875 -0.0846099853515625
0.390625 0.00946044921875 0.1424560546875 -0.0231170654296875
0.3394775390625 0.268463134765625 0.0401535034179688 0.00417709350585939
0.083160400390625 0.489501953125 0.08294677734375 -0.099945068359375
-0.410369873046875 0.408447265625 0.185028076171875 -0.1605224609375
-0.556488037109375 0.11236572265625 0.40911865234375 -0.06878662109375
-0.621337890625 -0.1939697265625 0.533966064453125 0.2320556640625
-0.71746826171875 -0.25390625 0.0747451782226562 -0.0706939697265625
-0.65966796875 0.0268554687499999 0.0293922424316406 -0.0370597839355469
-0.50054931640625 0.46844482421875 7.62939453122025E-06 0.0714950561523438
-0.0513916015625001 0.558258056640625 0.0291099548339844 0.0536689758300782
0.30712890625 0.41937255859375 0.022735595703125 0.0876922607421875
0.44061279296875 0.0673828125 0.0696563720703125 0.0248489379882813
0.421661376953125 -0.149932861328125 0.082427978515625 -0.0322799682617188
0.467041015625 -0.11767578125 0.0538215637207032 -0.00634384155273438
0.453582763671875 -0.17864990234375 0.0627937316894531 -0.00883865356445313
0.45220947265625 0.01544189453125 -0.00208568572998044 -0.00470829010009766
0.404205322265625 0.306365966796875 -0.0644378662109375 -0.0139884948730468
0.12396240234375 0.56280517578125 0.018829345703125 -0.138092041015625
-0.4586181640625 0.512115478515625 0.14044189453125 -0.17584228515625
-0.65283203125 0.170654296875 0.30322265625 -0.04144287109375
-0.76055908203125 -0.2008056640625 0.341888427734375 0.155487060546875
-0.74346923828125 -0.23089599609375 -0.148849487304688 -0.157302856445313
-0.68353271484375 0.056884765625 -0.119743347167969 -0.0184326171875
-0.505889892578125 0.4979248046875 -0.017303466796875 0.07275390625
-0.04510498046875 0.5711669921875 -0.00191569328308106 0.00113642215728763
0.305633544921875 0.4329833984375 -0.0621833801269531 0.0258216857910157
0.4454345703125 0.0888671875 -0.0787277221679687 0.00796508789062501
0.425445556640625 -0.12652587890625 -0.0781631469726562 0.0374755859375
0.468902587890625 -0.100860595703125 -0.0929641723632812 0.0803604125976562
0.459014892578125 -0.15887451171875 -0.0871353149414062 0.0730361938476562
0.44012451171875 0.027069091796875 -0.149215698242187 0.0214996337890625
0.392608642578125 0.29998779296875 -0.165786743164062 -0.0274658203125
0.12261962890625 0.54132080078125 -0.04974365234375 -0.159637451171875
-0.443267822265625 0.50396728515625 0.0876922607421875 -0.167037963867187
-0.63983154296875 0.17742919921875 0.1705322265625 0.00651550292968751
-0.77044677734375 -0.18560791015625 0.115951538085937 0.0792236328125
-0.65203857421875 -0.1644287109375 -0.37408447265625 -0.2347412109375
-0.58697509765625 0.0866699218750001 -0.27532958984375 -0.000442504882812555
-0.41326904296875 0.434783935546875 -0.0489578247070313 0.0667724609375
-0.024322509765625 0.473388671875 -0.0426979064941406 -0.0416679382324218
0.252105712890625 0.363006591796875 -0.138221740722656 -0.0329360961914063
0.375732421875 0.087646484375 -0.21368408203125 -0.00767517089843747
0.3599853515625 -0.086944580078125 -0.2271728515625 0.102447509765625
0.397064208984375 -0.068328857421875 -0.224517822265625 0.155853271484375
0.39404296875 -0.112030029296875 -0.22308349609375 0.144317626953125
0.356719970703125 0.043792724609375 -0.271484375 0.041290283203125
0.30450439453125 0.259490966796875 -0.239822387695313 -0.0455474853515625
0.076934814453125 0.433868408203125 -0.10205078125 -0.166717529296875
-0.375 0.39044189453125 0.04449462890625 -0.140777587890625
-0.521759033203125 0.1300048828125 0.0413131713867187 0.0535507202148438
-0.65740966796875 -0.15447998046875 -0.0981826782226563 0.00837707519531248
-0.456634521484375 -0.0736999511718749 -0.5650634765625 -0.2835693359375
-0.3868408203125 0.0956115722656251 -0.407470703125 0.01763916015625
-0.24774169921875 0.2879638671875 -0.0870437622070313 0.061370849609375
-0.00244140624999999 0.288848876953125 -0.0805130004882813 -0.0606231689453125
0.152572631835938 0.227340698242187 -0.185592651367188 -0.073516845703125
0.241058349609375 0.071502685546875 -0.30694580078125 -0.016021728515625
0.236618041992188 -0.03387451171875 -0.338104248046875 0.152862548828125
0.264190673828125 -0.0250091552734375 -0.323089599609375 0.20758056640625
0.270706176757813 -0.044586181640625 -0.32806396484375 0.188385009765625
0.223220825195313 0.0602874755859375 -0.353790283203125 0.04296875
0.16943359375 0.186080932617188 -0.273025512695313 -0.0737762451171874
0.0130615234375 0.26708984375 -0.12420654296875 -0.168212890625
-0.25732421875 0.21685791015625 0.0197601318359375 -0.110862731933594
-0.32989501953125 0.060760498046875 -0.0610427856445313 0.0813522338867188
-0.444976806640625 -0.100982666015625 -0.2659912109375 -0.0539093017578125
-0.1845703125 0.02166748046875 -0.68768310546875 -0.2977294921875
-0.130073547363281 0.0848007202148437 -0.499114990234375 0.03826904296875
-0.051300048828125 0.099456787109375 -0.123558044433594 0.0678558349609375
0.0148735046386719 0.0661392211914063 -0.103530883789063 -0.0467376708984375
0.0305099487304687 0.0628738403320313 -0.194854736328125 -0.08837890625
0.0701141357421875 0.0455245971679688 -0.343109130859375 -0.016021728515625
0.0763397216796875 0.0244522094726563 -0.392242431640625 0.181396484375
0.0915145874023438 0.02142333984375 -0.37213134765625 0.228057861328125
0.109062194824219 0.02587890625 -0.387054443359375 0.20208740234375
0.0642547607421875 0.0605087280273438 -0.386260986328125 0.02947998046875
0.027191162109375 0.0857315063476563 -0.265731811523438 -0.10614013671875
-0.0308609008789063 0.0762252807617188 -0.1224365234375 -0.16363525390625
-0.101119995117188 0.0432891845703125 0.00937652587890623 -0.0841827392578125
-0.103408813476562 0.00597381591796873 -0.127128601074219 0.0823822021484375
-0.17926025390625 -0.024200439453125 -0.364654541015625 -0.1002197265625
-0.1329345703125 -0.093994140625 0.449310302734375 0.04388427734375
-0.133903503417969 0.00360107421874998 0.216171264648438 -0.1060791015625
-0.0810470581054687 0.119140625 -0.0161705017089844 0.0630645751953125
0.025390625 0.12646484375 0.08416748046875 0.163848876953125
0.109481811523438 0.0443267822265625 0.224884033203125 0.1544189453125
0.0847702026367187 -0.0540390014648438 0.36907958984375 -0.000488281250000003
0.0674514770507812 -0.0931320190429688 0.38104248046875 -0.224609375
0.0837631225585938 -0.070892333984375 0.3551025390625 -0.2470703125
0.0677337646484375 -0.0847091674804687 0.37371826171875 -0.20977783203125
0.111503601074219 -0.0295791625976563 0.34747314453125 -0.0487060546875
0.107215881347656 0.066802978515625 0.200119018554688 0.0409088134765625
0.0215911865234375 0.152359008789063 0.143035888671875 -0.010772705078125
-0.122505187988281 0.0849227905273437 0.1971435546875 -0.101974487304688
-0.13336181640625 0.000251770019531262 0.472503662109375 -0.096893310546875
-0.0986404418945312 -0.0806503295898438 0.7364501953125 0.3011474609375
-0.39849853515625 -0.1502685546875 0.3944091796875 0.0272216796875
-0.352813720703125 0.02410888671875 0.203201293945313 -0.091339111328125
-0.24285888671875 0.274490356445313 -0.00110244750976564 0.0598182678222656
0.010284423828125 0.304962158203125 0.0691299438476562 0.136207580566406
0.214141845703125 0.185379028320313 0.176177978515625 0.15570068359375
0.243072509765625 -0.0308990478515625 0.310882568359375 0.0169677734375
0.221725463867187 -0.148895263671875 0.327117919921875 -0.18255615234375
0.258316040039063 -0.12103271484375 0.294219970703125 -0.195098876953125
0.23974609375 -0.150650024414063 0.311920166015625 -0.173828125
0.273468017578125 -0.020782470703125 0.267715454101563 -0.04962158203125
0.24761962890625 0.1751708984375 0.135490417480469 0.022125244140625
0.066680908203125 0.34674072265625 0.122406005859375 -0.0621795654296875
-0.28271484375 0.27642822265625 0.198822021484375 -0.143844604492187
-0.375 0.0709533691406249 0.468231201171875 -0.10809326171875
-0.402679443359375 -0.13043212890625 0.69305419921875 0.2587890625
-0.6148681640625 -0.19110107421875 0.265213012695312 -0.0164031982421875
-0.54364013671875 0.046722412109375 0.140533447265625 -0.0698471069335938
-0.38458251953125 0.413818359375 0.0108108520507812 0.0633354187011719
-0.00610351562499995 0.46319580078125 0.0562896728515625 0.0981369018554688
0.2965087890625 0.313323974609375 0.112419128417969 0.132797241210938
0.37225341796875 0.0030517578125 0.210494995117188 0.023101806640625
0.345123291015625 -0.180755615234375 0.22247314453125 -0.119400024414063
0.394256591796875 -0.152191162109375 0.189010620117188 -0.112396240234375
0.373382568359375 -0.199310302734375 0.202926635742188 -0.106216430664063
0.39794921875 -0.02001953125 0.145553588867188 -0.035797119140625
0.367584228515625 0.247802734375 0.0439414978027344 0.00326538085937501
0.1260986328125 0.494781494140625 0.0764236450195313 -0.112213134765625
-0.388427734375 0.452301025390625 0.175216674804687 -0.17626953125
-0.56036376953125 0.15704345703125 0.410888671875 -0.10040283203125
-0.65008544921875 -0.1497802734375 0.561553955078125 0.19915771484375
-0.7493896484375 -0.204833984375 0.0719146728515625 -0.0797653198242188
-0.669921875 0.07879638671875 0.0263328552246093 -0.0427284240722656
-0.471099853515625 0.520050048828125 0.0103912353515625 0.0697517395019532
-0.00909423828124999 0.57122802734375 0.0359954833984375 0.0510940551757813
0.34832763671875 0.401947021484375 0.03216552734375 0.0881423950195313
0.4530029296875 0.035186767578125 0.0737380981445313 0.0208053588867188
0.4173583984375 -0.18450927734375 0.0799331665039063 -0.0408554077148438
0.47039794921875 -0.1600341796875 0.0559196472167969 -0.012542724609375
0.4501953125 -0.219940185546875 0.0665245056152344 -0.0168609619140625
0.4615478515625 -0.01910400390625 -0.00116157531738278 -0.00521469116210938
0.435760498046875 0.28082275390625 -0.0643463134765625 -0.00779342651367186
0.171630859375 0.56695556640625 0.00837707519531252 -0.146209716796875
-0.42718505859375 0.562744140625 0.1297607421875 -0.188323974609375
-0.65570068359375 0.2242431640625 0.306671142578125 -0.063140869140625
-0.7939453125 -0.14276123046875 0.36041259765625 0.13446044921875
-0.77752685546875 -0.1800537109375 -0.161849975585938 -0.150146484375
-0.6954345703125 0.11376953125 -0.124488830566406 -0.010772705078125
-0.4759521484375 0.551177978515625 -0.00844573974609378 0.0731658935546875
-0.00177001953124998 0.5860595703125 0.00119757652282715 0.000499367713928259
0.348388671875 0.415924072265625 -0.059417724609375 0.0302276611328125
0.46136474609375 0.0562744140625 -0.0801162719726562 0.0142745971679688
0.423492431640625 -0.160675048828125 -0.0785446166992187 0.0436630249023438
0.473876953125 -0.144378662109375 -0.0859298706054687 0.089141845703125
0.45611572265625 -0.201019287109375 -0.0793380737304687 0.0805892944335938
0.451019287109375 -0.006561279296875 -0.149246215820313 0.0341033935546875
0.425079345703125 0.275299072265625 -0.168548583984375 -0.014434814453125
0.16900634765625 0.54449462890625 -0.0624847412109375 -0.161941528320312
-0.412567138671875 0.554840087890625 0.0778350830078125 -0.174728393554687
-0.64215087890625 0.22967529296875 0.176681518554687 -0.00494384765624999
-0.80316162109375 -0.12664794921875 0.1259765625 0.0727691650390625
-0.67926025390625 -0.119140625 -0.397216796875 -0.211883544921875
-0.5946044921875 0.1339111328125 -0.28173828125 0.02044677734375
-0.3883056640625 0.480712890625 -0.0418739318847656 0.0702705383300782
0.0122375488281251 0.4866943359375 -0.0434837341308594 -0.0399436950683593
0.28936767578125 0.348907470703125 -0.141448974609375 -0.02484130859375
0.39117431640625 0.060638427734375 -0.221099853515625 0.00978088378906249
0.3599853515625 -0.115325927734375 -0.225799560546875 0.123245239257812
0.403045654296875 -0.105926513671875 -0.2139892578125 0.178741455078125
0.394439697265625 -0.1473388671875 -0.2130126953125 0.1656494140625
0.366973876953125 0.0179443359375 -0.274383544921875 0.0655059814453125
0.330841064453125 0.241180419921875 -0.245925903320312 -0.0280609130859375
0.114044189453125 0.4371337890625 -0.116302490234375 -0.164962768554687
-0.350921630859375 0.431060791015625 0.0355987548828125 -0.144943237304687
-0.523681640625 0.17315673828125 0.0493659973144531 0.0527687072753906
-0.6846923828125 -0.10516357421875 -0.0975418090820313 0.0162353515625
-0.472930908203125 -0.0426330566406249 -0.5936279296875 -0.2471923828125
-0.389404296875 0.12738037109375 -0.41522216796875 0.0505676269531251
-0.231231689453125 0.31640625 -0.0827789306640625 0.0692520141601563
0.01873779296875 0.29595947265625 -0.0837554931640625 -0.05450439453125
0.176376342773438 0.22021484375 -0.193283081054688 -0.062774658203125
0.253082275390625 0.0537261962890625 -0.318511962890625 0.007537841796875
0.23883056640625 -0.0526885986328125 -0.335174560546875 0.18505859375
0.270599365234375 -0.0496826171875 -0.310821533203125 0.240936279296875
0.27423095703125 -0.06976318359375 -0.317169189453125 0.22076416015625
0.232101440429688 0.0441741943359375 -0.358062744140625 0.07427978515625
0.187744140625 0.175323486328125 -0.282745361328125 -0.055328369140625
0.0347442626953125 0.272003173828125 -0.138839721679687 -0.162551879882812
-0.24468994140625 0.245590209960937 0.0130996704101562 -0.112464904785156
-0.33319091796875 0.0867919921875 -0.0526123046875 0.0883712768554687
-0.464447021484375 -0.0678100585937499 -0.273422241210938 -0.0350494384765625
-0.188522338867188 0.0338897705078125 -0.720458984375 -0.2510986328125
-0.128005981445313 0.0961151123046875 -0.50677490234375 0.0799560546875001
-0.0466232299804688 0.107643127441406 -0.1214599609375 0.079437255859375
0.0190849304199219 0.0679702758789063 -0.106475830078125 -0.0383071899414063
0.0379409790039062 0.0622940063476563 -0.20513916015625 -0.076934814453125
0.0770797729492188 0.040496826171875 -0.356170654296875 0.011627197265625
0.080078125 0.0193099975585938 -0.387542724609375 0.2200927734375
0.0965194702148438 0.0129318237304688 -0.360870361328125 0.267425537109375
0.115242004394531 0.0149459838867187 -0.376251220703125 0.240020751953125
0.071624755859375 0.0572052001953125 -0.39324951171875 0.0621032714843749
0.0350799560546875 0.0850143432617187 -0.278579711914063 -0.0889892578125
-0.02496337890625 0.0805511474609375 -0.135986328125 -0.156997680664063
-0.0988388061523438 0.054595947265625 0.004608154296875 -0.0850906372070313
-0.106391906738281 0.015838623046875 -0.11932373046875 0.09368896484375
-0.186080932617187 -0.0111846923828125 -0.377044677734375 -0.07666015625
-0.137428283691406 -0.0817642211914063 0.448974609375 0.0111083984375
-0.130805969238281 0.0127716064453125 0.2049560546875 -0.124267578125
-0.0704727172851562 0.121620178222656 -0.009979248046875 0.0603866577148438
0.0341949462890625 0.122489929199219 0.0942535400390625 0.15472412109375
0.110481262207031 0.03509521484375 0.23541259765625 0.1376953125
0.0778884887695312 -0.0591354370117187 0.370025634765625 -0.028656005859375
0.0597686767578125 -0.0964508056640625 0.361663818359375 -0.255218505859375
0.078643798828125 -0.0772628784179688 0.332763671875 -0.27764892578125
0.0601425170898438 -0.0872879028320313 0.355133056640625 -0.242645263671875
0.107139587402344 -0.0376205444335937 0.344268798828125 -0.077301025390625
0.111740112304688 0.0575942993164062 0.203323364257813 0.02783203125
0.034698486328125 0.149551391601563 0.138954162597656 -0.022308349609375
-0.115432739257812 0.0943603515625 0.184600830078125 -0.116790771484375
-0.130043029785156 0.00989532470703125 0.45965576171875 -0.131103515625
-0.103248596191406 -0.07086181640625 0.75 0.248291015625
-0.406036376953125 -0.11907958984375 0.393157958984375 -0.00216674804687501
-0.34661865234375 0.04998779296875 0.193496704101562 -0.109161376953125
-0.218841552734375 0.28985595703125 0.00609207153320311 0.0558204650878906
0.032470703125 0.30120849609375 0.0779800415039063 0.128532409667969
0.225830078125 0.166229248046875 0.187652587890625 0.142715454101563
0.23699951171875 -0.048004150390625 0.31341552734375 -0.006500244140625
0.208892822265625 -0.163970947265625 0.310516357421875 -0.209747314453125
0.249252319335938 -0.141265869140625 0.2772216796875 -0.221038818359375
0.226272583007813 -0.167037963867188 0.296661376953125 -0.202239990234375
0.268692016601563 -0.04107666015625 0.264663696289063 -0.071807861328125
0.26055908203125 0.15509033203125 0.139015197753906 0.0137710571289063
0.094146728515625 0.34033203125 0.115150451660156 -0.0735015869140625
-0.2601318359375 0.298553466796875 0.184860229492187 -0.157424926757812
-0.367523193359375 0.098358154296875 0.45574951171875 -0.140655517578125
-0.41015625 -0.0979614257812499 0.7041015625 0.20916748046875
-0.62274169921875 -0.14410400390625 0.262435913085937 -0.036529541015625
-0.534210205078125 0.0883789062499999 0.132286071777344 -0.0832290649414063
-0.34844970703125 0.439910888671875 0.0189743041992187 0.0579872131347657
0.0286865234375 0.458740234375 0.0643386840820313 0.091461181640625
0.31884765625 0.287139892578125 0.123283386230469 0.124702453613281
0.3681640625 -0.024200439453125 0.212890625 0.0072021484375
0.32891845703125 -0.204864501953125 0.210739135742188 -0.1380615234375
0.3824462890625 -0.1854248046875 0.179901123046875 -0.130081176757813
0.355804443359375 -0.226959228515625 0.194808959960938 -0.126556396484375
0.3924560546875 -0.050933837890625 0.144058227539063 -0.047821044921875
0.38543701171875 0.218505859375 0.047027587890625 0.00182723999023439
0.16424560546875 0.482269287109375 0.0659255981445313 -0.120246887207031
-0.349273681640625 0.481964111328125 0.160110473632812 -0.187515258789062
-0.54571533203125 0.197265625 0.4000244140625 -0.12774658203125
-0.6593017578125 -0.0975952148437499 0.57061767578125 0.158935546875
-0.75982666015625 -0.14532470703125 0.0652847290039062 -0.08575439453125
-0.659912109375 0.1295166015625 0.0212249755859375 -0.0465087890625
-0.42437744140625 0.55517578125 0.0190773010253906 0.0642890930175782
0.0344848632812501 0.5675048828125 0.0419464111328125 0.0457954406738282
0.37701416015625 0.369842529296875 0.0402603149414063 0.0851364135742188
0.452056884765625 0.00067138671875 0.0759353637695313 0.015350341796875
0.400482177734375 -0.214630126953125 0.0745620727539063 -0.0476837158203125
0.458892822265625 -0.200531005859375 0.055938720703125 -0.0195159912109375
0.43048095703125 -0.25335693359375 0.0668563842773438 -0.0261573791503906
0.45660400390625 -0.0545654296875 -3.33786010741905E-05 -0.00515985488891602
0.45587158203125 0.24560546875 -0.0609092712402343 -0.00195312499999998
0.216033935546875 0.551177978515625 -0.00373840332031249 -0.149795532226562
-0.38104248046875 0.59588623046875 0.11505126953125 -0.194976806640625
-0.635498046875 0.2713623046875 0.301483154296875 -0.084136962890625
-0.80181884765625 -0.0815429687499999 0.368316650390625 0.1083984375
-0.786376953125 -0.120849609375 -0.171188354492188 -0.138763427734375
-0.68389892578125 0.16650390625 -0.126609802246094 -0.00208282470703127
-0.4278564453125 0.58807373046875 0.000484466552734353 0.0701866149902344
0.04461669921875 0.58380126953125 0.00455331802368164 -0.00107526779174801
0.38018798828125 0.38519287109375 -0.0542640686035156 0.0335731506347657
0.46240234375 0.02105712890625 -0.0793228149414062 0.0210189819335937
0.409027099609375 -0.19268798828125 -0.0770263671875 0.05047607421875
0.46197509765625 -0.1851806640625 -0.0762786865234375 0.0945587158203125
0.43890380859375 -0.239013671875 -0.069732666015625 0.0829315185546875
0.447296142578125 -0.040985107421875 -0.14483642578125 0.0462646484375
0.443206787109375 0.241943359375 -0.165863037109375 -0.00173950195312498
0.212249755859375 0.529388427734375 -0.0756988525390625 -0.15997314453125
-0.36553955078125 0.58636474609375 0.0652313232421875 -0.17718505859375
-0.62225341796875 0.276611328125 0.17791748046875 -0.0173797607421875
-0.81036376953125 -0.0646972656250002 0.131942749023437 0.0634536743164063
-0.68634033203125 -0.07049560546875 -0.408966064453125 -0.18115234375
-0.58319091796875 0.17779541015625 -0.2799072265625 0.042510986328125
-0.3485107421875 0.510650634765625 -0.0340194702148438 0.0721359252929688
0.048431396484375 0.483612060546875 -0.0426101684570313 -0.0370025634765625
0.31719970703125 0.324310302734375 -0.141098022460937 -0.0148773193359375
0.393646240234375 0.031158447265625 -0.221267700195312 0.0275115966796875
0.34967041015625 -0.141876220703125 -0.216537475585937 0.142623901367188
0.3948974609375 -0.13983154296875 -0.197097778320313 0.195175170898438
0.3804931640625 -0.181121826171875 -0.195510864257812 0.17987060546875
0.3670654296875 -0.010223388671875 -0.266189575195313 0.0870513916015625
0.34796142578125 0.21270751953125 -0.244384765625 -0.00936889648437501
0.14801025390625 0.426300048828125 -0.12823486328125 -0.157867431640625
-0.313873291015625 0.460296630859375 0.0267791748046875 -0.144775390625
-0.510772705078125 0.211669921875 0.0565910339355468 0.0491142272949219
-0.69049072265625 -0.0507202148437499 -0.0938491821289063 0.022003173828125
-0.476226806640625 -0.00918579101562501 -0.60675048828125 -0.20318603515625
-0.38006591796875 0.156005859375 -0.409393310546875 0.08306884765625
-0.20660400390625 0.337158203125 -0.076080322265625 0.0753250122070313
0.041015625 0.29425048828125 -0.0839767456054687 -0.0483551025390625
0.195281982421875 0.205093383789063 -0.1961669921875 -0.04962158203125
0.257095336914063 0.0342559814453125 -0.319976806640625 0.033203125
0.234710693359375 -0.0696868896484375 -0.31927490234375 0.212860107421875
0.266677856445313 -0.0736083984375 -0.28778076171875 0.26605224609375
0.267868041992188 -0.0937042236328125 -0.294464111328125 0.245269775390625
0.234771728515625 0.0261383056640625 -0.350250244140625 0.103302001953125
0.199615478515625 0.160171508789063 -0.28399658203125 -0.034332275390625
0.05621337890625 0.267242431640625 -0.149978637695313 -0.152267456054687
-0.222488403320312 0.265106201171875 0.00717926025390624 -0.110580444335937
-0.327178955078125 0.11102294921875 -0.0414276123046875 0.091339111328125
-0.4681396484375 -0.031158447265625 -0.271575927734375 -0.0168304443359375
-0.1878662109375 0.0454864501953125 -0.73126220703125 -0.1971435546875
-0.122268676757813 0.103981018066406 -0.4967041015625 0.118438720703125
-0.0391464233398438 0.113868713378906 -0.115127563476562 0.0894317626953125
0.0240211486816406 0.06781005859375 -0.105964660644531 -0.030120849609375
0.0445632934570313 0.0593833923339844 -0.209320068359375 -0.064056396484375
0.0818634033203125 0.03375244140625 -0.357208251953125 0.03857421875
0.0819320678710938 0.0129165649414063 -0.36920166015625 0.252685546875
0.0980148315429688 0.00403594970703125 -0.335540771484375 0.29730224609375
0.116340637207031 0.0034637451171875 -0.352203369140625 0.269866943359375
0.0768890380859375 0.05145263671875 -0.384735107421875 0.0947265625000001
0.0416412353515625 0.0813827514648438 -0.284393310546875 -0.0690307617187501
-0.0184402465820312 0.0824127197265625 -0.146240234375 -0.145187377929687
-0.0929946899414062 0.064178466796875 0.000534057617187502 -0.0836105346679688
-0.106773376464844 0.024017333984375 -0.107307434082031 0.101890563964844
-0.18804931640625 0.003326416015625 -0.378814697265625 -0.050811767578125
-0.136604309082031 -0.0714569091796875 0.441497802734375 -0.013031005859375
-0.125289916992188 0.017608642578125 0.192489624023438 -0.135406494140625
-0.0629196166992188 0.120620727539062 -0.00617599487304688 0.0566825866699219
0.0395889282226562 0.117469787597656 0.099365234375 0.145553588867188
0.108306884765625 0.0280227661132813 0.239364624023437 0.124359130859375
0.0711898803710938 -0.0612640380859375 0.36529541015625 -0.049285888671875
0.0531158447265625 -0.0974578857421875 0.3394775390625 -0.274200439453125
0.0735321044921875 -0.0805435180664063 0.3084716796875 -0.29541015625
0.0537033081054688 -0.0871429443359375 0.333709716796875 -0.261444091796875
0.101875305175781 -0.0430755615234375 0.3349609375 -0.097686767578125
0.113082885742188 0.0499649047851563 0.203262329101563 0.0182952880859375
0.04345703125 0.144149780273438 0.133544921875 -0.0298004150390625
-0.108001708984375 0.0997238159179687 0.171478271484375 -0.124237060546875
-0.124946594238281 0.0164337158203125 0.441070556640625 -0.151702880859375
-0.104057312011719 -0.0621719360351562 0.74505615234375 0.2069091796875
-0.401885986328125 -0.093719482421875 0.385406494140625 -0.022979736328125
-0.3353271484375 0.067626953125 0.181350708007812 -0.120925903320313
-0.197509765625 0.295135498046875 0.0100250244140625 0.0505332946777344
0.047607421875 0.292022705078125 0.0833587646484375 0.119544982910156
0.229965209960938 0.149002075195313 0.193206787109375 0.131088256835938
0.226974487304688 -0.05926513671875 0.309967041015625 -0.024627685546875
0.195083618164062 -0.172210693359375 0.291656494140625 -0.22601318359375
0.237686157226563 -0.154983520507813 0.258193969726563 -0.236572265625
0.212509155273437 -0.175704956054688 0.279586791992188 -0.220062255859375
0.260147094726563 -0.05499267578125 0.257354736328125 -0.087249755859375
0.264328002929688 0.137619018554688 0.139900207519531 0.00831604003906251
0.113006591796875 0.3294677734375 0.107124328613281 -0.0801544189453125
-0.237701416015625 0.30938720703125 0.170364379882812 -0.162734985351562
-0.354522705078125 0.1153564453125 0.438385009765625 -0.1602783203125
-0.4078369140625 -0.07159423828125 0.70001220703125 0.17138671875
-0.61846923828125 -0.10693359375 0.254364013671875 -0.0500335693359375
-0.51885986328125 0.1148681640625 0.122322082519531 -0.0909194946289062
-0.314239501953125 0.452056884765625 0.0235862731933593 0.0518646240234375
0.053436279296875 0.44720458984375 0.0686264038085938 0.083526611328125
0.328887939453125 0.261810302734375 0.129119873046875 0.116012573242188
0.357666015625 -0.04302978515625 0.211151123046875 -0.0045166015625
0.311248779296875 -0.21923828125 0.197052001953125 -0.148544311523437
0.366302490234375 -0.206787109375 0.168807983398438 -0.1417236328125
0.3367919921875 -0.243408203125 0.184814453125 -0.140975952148438
0.380889892578125 -0.07061767578125 0.139892578125 -0.0562820434570313
0.390411376953125 0.19317626953125 0.0492706298828125 0.000194549560546887
0.191131591796875 0.4658203125 0.0559310913085938 -0.124099731445312
-0.315948486328125 0.49462890625 0.145843505859375 -0.191375732421875
-0.52593994140625 0.22247314453125 0.3863525390625 -0.144744873046875
-0.6513671875 -0.0579223632812499 0.5675048828125 0.1290283203125
-0.7545166015625 -0.10198974609375 0.0596771240234375 -0.0879669189453125
-0.6400146484375 0.1654052734375 0.015594482421875 -0.0478324890136719
-0.38372802734375 0.572021484375 0.0251197814941406 0.0587501525878907
0.063140869140625 0.5550537109375 0.0456504821777344 0.0402793884277344
0.39215087890625 0.33953857421875 0.0459365844726563 0.0816268920898438
0.44232177734375 -0.023162841796875 0.07659912109375 0.0117645263671875
0.381500244140625 -0.231842041015625 0.0685615539550782 -0.0509681701660156
0.4393310546875 -0.228057861328125 0.0543632507324219 -0.0247077941894531
0.407073974609375 -0.275482177734375 0.0652046203613282 -0.0343894958496094
0.4432373046875 -0.07806396484375 0.000862121582031277 -0.00492191314697266
0.4619140625 0.2159423828125 -0.0570831298828125 0.00231933593750002
0.24346923828125 0.53021240234375 -0.0145721435546875 -0.150177001953125
-0.3372802734375 0.60711669921875 0.103073120117187 -0.195632934570313
-0.61102294921875 0.2991943359375 0.292877197265625 -0.097198486328125
-0.791015625 -0.0360107421875001 0.367095947265625 0.087860107421875
-0.77935791015625 -0.0764770507812499 -0.17474365234375 -0.127288818359375
-0.6617431640625 0.20074462890625 -0.126296997070313 0.00514984130859375
-0.38458251953125 0.60504150390625 0.0066871643066406 0.0660591125488282
0.0750122070312499 0.5706787109375 0.00697088241577149 -0.00388908386230465
0.39697265625 0.35546875 -0.0493087768554687 0.0361518859863281
0.453765869140625 -0.004913330078125 -0.0768585205078125 0.025970458984375
0.390716552734375 -0.211029052734375 -0.0741043090820312 0.0551528930664062
0.445892333984375 -0.213958740234375 -0.0682449340820312 0.0963363647460937
0.417144775390625 -0.261322021484375 -0.0621566772460937 0.0820770263671875
0.435302734375 -0.06488037109375 -0.138267517089844 0.0541839599609375
0.44976806640625 0.2127685546875 -0.160110473632812 0.0078277587890625
0.23797607421875 0.50933837890625 -0.084991455078125 -0.1561279296875
-0.32293701171875 0.59881591796875 0.05621337890625 -0.175628662109375
-0.5977783203125 0.3037109375 0.17645263671875 -0.02593994140625
-0.79876708984375 -0.0182495117187498 0.13348388671875 0.0549240112304688
-0.6805419921875 -0.0328369140624999 -0.40887451171875 -0.157470703125
-0.563232421875 0.208251953125 -0.273178100585938 0.0586547851562501
-0.311370849609375 0.526336669921875 -0.0271377563476563 0.0709762573242188
0.07318115234375 0.472412109375 -0.0406112670898437 -0.0362434387207031
0.3309326171875 0.2994384765625 -0.138175964355469 -0.00894165039062498
0.387542724609375 0.008819580078125 -0.217605590820312 0.040374755859375
0.33599853515625 -0.157867431640625 -0.205184936523437 0.154861450195313
0.380889892578125 -0.165313720703125 -0.1790771484375 0.203369140625
0.362884521484375 -0.201568603515625 -0.179122924804687 0.186172485351563
0.358551025390625 -0.029937744140625 -0.255462646484375 0.1021728515625
0.35284423828125 0.190216064453125 -0.2391357421875 0.00361633300781254
0.1697998046875 0.41131591796875 -0.135650634765625 -0.150466918945312
-0.279449462890625 0.47174072265625 0.020751953125 -0.142044067382812
-0.4893798828125 0.234161376953125 0.0620880126953125 0.04486083984375
-0.6802978515625 -0.0112915039062499 -0.0895843505859376 0.0252227783203125
-0.470428466796875 0.015350341796875 -0.603759765625 -0.16839599609375
-0.36590576171875 0.174072265625 -0.39715576171875 0.10552978515625
-0.182464599609375 0.34539794921875 -0.0695114135742188 0.0779647827148438
0.055572509765625 0.287841796875 -0.0816802978515625 -0.0445709228515625
0.205001831054687 0.1898193359375 -0.19500732421875 -0.0401153564453125
0.255828857421875 0.019439697265625 -0.314971923828125 0.0517578125
0.227188110351563 -0.0808563232421875 -0.301361083984375 0.231109619140625
0.258575439453125 -0.0904541015625 -0.264480590820313 0.279556274414063
0.257293701171875 -0.109786987304688 -0.272430419921875 0.257171630859375
0.232223510742188 0.0126953125 -0.336273193359375 0.1234130859375
0.205322265625 0.145919799804688 -0.280441284179688 -0.0189208984375
0.07122802734375 0.259719848632813 -0.1556396484375 -0.142715454101562
-0.201797485351563 0.275360107421875 0.00308227539062498 -0.108451843261719
-0.3160400390625 0.12725830078125 -0.03143310546875 0.0911331176757813
-0.46221923828125 -0.00540161132812501 -0.2652587890625 -0.00485229492187502
-0.185165405273438 0.0530853271484375 -0.72503662109375 -0.15606689453125
-0.115562438964844 0.108489990234375 -0.480377197265625 0.1473388671875
-0.032684326171875 0.116279602050781 -0.107444763183594 0.0951461791992188
0.0270118713378906 0.0663566589355469 -0.10308837890625 -0.0246810913085937
0.0486831665039062 0.0556221008300781 -0.209793090820313 -0.05364990234375
0.0835342407226563 0.0280380249023438 -0.352874755859375 0.0591735839843751
0.0826263427734375 0.00923919677734375 -0.34771728515625 0.2730712890625
0.0966415405273438 -0.00295257568359375 -0.3095703125 0.313812255859375
0.114585876464844 -0.005706787109375 -0.327606201171875 0.286895751953125
0.0792083740234375 0.0459976196289063 -0.371826171875 0.116363525390625
0.045623779296875 0.077606201171875 -0.2830810546875 -0.0527954101562499
-0.0133819580078125 0.0822296142578125 -0.1510009765625 -0.13446044921875
-0.0864105224609375 0.0702972412109375 -0.00188446044921876 -0.0810394287109375
-0.105026245117187 0.0298690795898438 -0.0963134765625 0.104461669921875
-0.185806274414063 0.0135955810546875 -0.372528076171875 -0.03326416015625
-0.134552001953125 -0.0650482177734375 0.434783935546875 -0.025787353515625
-0.121772766113281 0.0203399658203125 0.182968139648438 -0.142333984375
-0.058135986328125 0.119331359863281 -0.00495910644531251 0.0534782409667969
0.0426025390625 0.1143798828125 0.101753234863281 0.140182495117188
0.10626220703125 0.0233612060546875 0.242538452148437 0.11578369140625
0.0661888122558594 -0.0618095397949219 0.36224365234375 -0.062835693359375
0.0481338500976563 -0.097564697265625 0.324188232421875 -0.285675048828125
0.0701828002929688 -0.0826950073242187 0.291534423828125 -0.30657958984375
0.05096435546875 -0.086029052734375 0.319183349609375 -0.274627685546875
0.0978012084960938 -0.0454788208007813 0.32928466796875 -0.1109619140625
0.114151000976563 0.044189453125 0.204437255859375 0.0128631591796875
0.049041748046875 0.140792846679688 0.129852294921875 -0.0338973999023437
-0.103195190429687 0.102783203125 0.161590576171875 -0.127593994140625
-0.120109558105469 0.0199127197265625 0.427276611328125 -0.1622314453125
-0.103607177734375 -0.0566635131835938 0.74005126953125 0.18597412109375
-0.397979736328125 -0.078948974609375 0.3792724609375 -0.034271240234375
-0.327392578125 0.0768737792968751 0.171875 -0.126541137695313
-0.183319091796875 0.298004150390625 0.01165771484375 0.046630859375
0.05645751953125 0.285980224609375 0.0854034423828125 0.114059448242188
0.231109619140625 0.138565063476563 0.197021484375 0.124435424804688
0.219833374023438 -0.06463623046875 0.308197021484375 -0.035400390625
0.18560791015625 -0.176406860351562 0.278762817382813 -0.235336303710938
0.230712890625 -0.164443969726563 0.24456787109375 -0.2467041015625
0.20391845703125 -0.18157958984375 0.267105102539062 -0.232421875
0.253494262695313 -0.06280517578125 0.253463745117188 -0.097381591796875
0.267440795898438 0.126449584960938 0.141693115234375 0.00410461425781251
0.12469482421875 0.32208251953125 0.100860595703125 -0.08447265625
-0.22381591796875 0.3160400390625 0.160842895507813 -0.165130615234375
-0.34600830078125 0.12469482421875 0.42626953125 -0.17095947265625
-0.404449462890625 -0.0559387207031249 0.69598388671875 0.15106201171875
-0.6138916015625 -0.0860595703125 0.249237060546875 -0.057098388671875
-0.50653076171875 0.131011962890625 0.114555358886719 -0.0947494506835937
-0.2928466796875 0.4576416015625 0.0258293151855469 0.0470962524414063
0.066802978515625 0.439697265625 0.0705413818359375 0.0781784057617188
0.332794189453125 0.24578857421875 0.134025573730469 0.111213684082031
0.349365234375 -0.053253173828125 0.210906982421875 -0.0121612548828125
0.298736572265625 -0.22625732421875 0.188232421875 -0.154891967773438
0.3560791015625 -0.22247314453125 0.160629272460938 -0.149185180664063
0.3231201171875 -0.2532958984375 0.176864624023438 -0.150543212890625
0.3721923828125 -0.082855224609375 0.138137817382813 -0.0614395141601563
0.39385986328125 0.176422119140625 0.0524711608886719 -0.000328063964843739
0.20574951171875 0.4552001953125 0.047760009765625 -0.127029418945312
-0.2930908203125 0.501861572265625 0.136917114257812 -0.191482543945312
-0.5133056640625 0.237945556640625 0.377593994140625 -0.15478515625
-0.6451416015625 -0.0355224609374999 0.56439208984375 0.11187744140625
-0.74798583984375 -0.07666015625 0.0559539794921875 -0.088287353515625
-0.62518310546875 0.18609619140625 0.0109405517578125 -0.0475349426269531
-0.35760498046875 0.5794677734375 0.0279693603515625 0.0540657043457032
0.081695556640625 0.54547119140625 0.0474357604980469 0.0352134704589844
0.400238037109375 0.319580078125 0.05072021484375 0.079681396484375
0.43280029296875 -0.036895751953125 0.076934814453125 0.009033203125
0.368560791015625 -0.242828369140625 0.0650863647460938 -0.0522232055664063
0.42742919921875 -0.24591064453125 0.0531845092773438 -0.0286331176757813
0.390625 -0.289093017578125 0.0628814697265625 -0.0412101745605469
0.43408203125 -0.091949462890625 0.00231981277465823 -0.00534534454345704
0.464385986328125 0.19580078125 -0.0532760620117187 0.00459671020507814
0.262725830078125 0.51739501953125 -0.0225067138671875 -0.150421142578125
-0.310791015625 0.6151123046875 0.0954132080078125 -0.1951904296875
-0.595703125 0.31573486328125 0.288482666015625 -0.105255126953125
-0.7821044921875 -0.00665283203124985 0.365936279296875 0.0767822265625
-0.77392578125 -0.0505981445312501 -0.176132202148438 -0.119766235351562
-0.64630126953125 0.223388671875 -0.125999450683594 0.0102615356445312
-0.35675048828125 0.61492919921875 0.0110435485839844 0.0624351501464844
0.09344482421875 0.56182861328125 0.00875329971313477 -0.00717401504516598
0.405731201171875 0.33624267578125 -0.0463638305664062 0.0373382568359375
0.448486328125 -0.020111083984375 -0.0755157470703125 0.0303192138671875
0.379425048828125 -0.2218017578125 -0.0715484619140625 0.0597915649414063
0.433807373046875 -0.233428955078125 -0.0630264282226562 0.0963516235351562
0.40081787109375 -0.2755126953125 -0.0576324462890625 0.0791091918945312
0.42626953125 -0.078277587890625 -0.133026123046875 0.0597305297851563
0.4527587890625 0.194671630859375 -0.155975341796875 0.01275634765625
0.254180908203125 0.4957275390625 -0.0925750732421875 -0.153762817382812
-0.296142578125 0.604736328125 0.051177978515625 -0.174514770507812
-0.581787109375 0.319091796875 0.176498413085937 -0.031341552734375
-0.79046630859375 0.00823974609374995 0.134361267089844 0.04949951171875
-0.6759033203125 -0.0101318359375001 -0.408599853515625 -0.14215087890625
-0.550628662109375 0.224639892578125 -0.267776489257813 0.0690155029296875
-0.285888671875 0.53253173828125 -0.0228500366210938 0.0699310302734375
0.089141845703125 0.465667724609375 -0.0388679504394531 -0.0369911193847656
0.339691162109375 0.282684326171875 -0.135940551757813 -0.00426483154296874
0.384521484375 -0.004119873046875 -0.215347290039062 0.050048828125
0.3280029296875 -0.1671142578125 -0.196945190429688 0.163909912109375
0.37176513671875 -0.181488037109375 -0.16802978515625 0.208145141601562
0.35040283203125 -0.214630126953125 -0.1693115234375 0.18804931640625
0.35260009765625 -0.042144775390625 -0.247634887695312 0.111434936523437
0.356842041015625 0.175750732421875 -0.234710693359375 0.011322021484375
0.183563232421875 0.4017333984375 -0.141265869140625 -0.14544677734375
-0.256683349609375 0.47906494140625 0.0177993774414062 -0.140060424804687
-0.478240966796875 0.248748779296875 0.0670051574707031 0.0416030883789063
-0.6734619140625 0.0115356445312499 -0.0866622924804688 0.0257644653320313
-0.46807861328125 0.0296020507812499 -0.599609375 -0.14678955078125
-0.357025146484375 0.1845703125 -0.387969970703125 0.12042236328125
-0.16668701171875 0.3509521484375 -0.0640335083007813 0.079345703125
0.064849853515625 0.284210205078125 -0.0798797607421875 -0.043548583984375
0.211532592773438 0.179519653320313 -0.1944580078125 -0.03460693359375
0.25494384765625 0.0102081298828125 -0.312652587890625 0.064666748046875
0.223968505859375 -0.087249755859375 -0.289398193359375 0.24359130859375
0.253067016601563 -0.101776123046875 -0.24835205078125 0.287200927734375
0.249053955078125 -0.120376586914063 -0.258148193359375 0.26324462890625
0.230148315429688 0.005035400390625 -0.32720947265625 0.135498046875
0.208465576171875 0.1370849609375 -0.277130126953125 -0.0101470947265625
0.079620361328125 0.254898071289062 -0.159317016601563 -0.136306762695312
-0.1876220703125 0.281463623046875 0.00183868408203124 -0.106216430664062
-0.309173583984375 0.136871337890625 -0.0238723754882813 0.0893402099609375
-0.458404541015625 0.011077880859375 -0.261398315429688 0.000396728515625056
-0.18377685546875 0.05804443359375 -0.71832275390625 -0.1322021484375
-0.111831665039062 0.111343383789063 -0.46783447265625 0.162811279296875
-0.0282058715820313 0.11859130859375 -0.101982116699219 0.0985260009765625
0.0288200378417969 0.0656585693359375 -0.100494384765625 -0.0223388671875
0.0517425537109375 0.053466796875 -0.210678100585938 -0.0484619140625
0.085693359375 0.024658203125 -0.350494384765625 0.0733947753906249
0.0839996337890625 0.0066375732421875 -0.33282470703125 0.287139892578125
0.0960540771484375 -0.0075531005859375 -0.291046142578125 0.32415771484375
0.112472534179688 -0.01116943359375 -0.311981201171875 0.296722412109375
0.080810546875 0.0422897338867188 -0.36224365234375 0.12957763671875
0.0484848022460937 0.0747528076171875 -0.282318115234375 -0.0430908203125
-0.00997161865234376 0.0828704833984375 -0.153976440429688 -0.1268310546875
-0.0818023681640625 0.0740280151367187 -0.00191497802734375 -0.0802078247070313
-0.104019165039063 0.0343093872070313 -0.0875320434570312 0.104629516601563
-0.185043334960938 0.0191802978515625 -0.368865966796875 -0.0250549316406251
-0.13409423828125 -0.0612335205078125 0.4371337890625 -0.035064697265625
-0.120887756347656 0.0215301513671875 0.177566528320313 -0.148941040039063
-0.0561599731445313 0.1197509765625 -0.00483322143554688 0.052490234375
0.0451812744140625 0.113662719726563 0.104728698730469 0.138313293457031
0.105484008789063 0.0205459594726563 0.249755859375 0.110549926757813
0.0625648498535156 -0.0617828369140625 0.366851806640625 -0.074859619140625
0.045196533203125 -0.0988006591796875 0.317840576171875 -0.299591064453125
0.0688323974609375 -0.0857620239257813 0.28277587890625 -0.320037841796875
0.0495376586914062 -0.0873260498046875 0.311492919921875 -0.289031982421875
0.096466064453125 -0.0482177734375 0.33026123046875 -0.123687744140625
0.116226196289063 0.0412750244140625 0.209426879882813 0.00848388671875
0.0549774169921875 0.139663696289063 0.128242492675781 -0.0377426147460937
-0.100204467773438 0.106887817382813 0.155838012695313 -0.130966186523438
-0.118392944335938 0.0217742919921875 0.423858642578125 -0.1724853515625
-0.10479736328125 -0.05316162109375 0.74884033203125 0.17523193359375
-0.400299072265625 -0.0685729980468751 0.380157470703125 -0.041748046875
-0.32568359375 0.08489990234375 0.16571044921875 -0.132125854492188
-0.1748046875 0.303863525390625 0.0131454467773437 0.0438957214355469
0.063385009765625 0.28631591796875 0.087890625 0.111160278320313
0.234848022460938 0.132247924804688 0.205215454101563 0.1214599609375
0.216629028320312 -0.0686798095703125 0.312225341796875 -0.04522705078125
0.181106567382813 -0.18170166015625 0.272430419921875 -0.247116088867188
0.227401733398438 -0.174896240234375 0.23675537109375 -0.25872802734375
0.200851440429688 -0.188217163085938 0.259918212890625 -0.245895385742188
0.2525634765625 -0.069549560546875 0.253326416015625 -0.106887817382813
0.273513793945313 0.119232177734375 0.146530151367188 0.00128173828125001
0.136505126953125 0.32122802734375 0.0970077514648438 -0.0885848999023437
-0.215850830078125 0.32452392578125 0.154876708984375 -0.1683349609375
-0.343902587890625 0.133636474609375 0.42376708984375 -0.18060302734375
-0.408203125 -0.0461120605468751 0.70294189453125 0.13922119140625
-0.61865234375 -0.07061767578125 0.248626708984375 -0.06207275390625
-0.5037841796875 0.144195556640625 0.109359741210937 -0.09759521484375
-0.279296875 0.469329833984375 0.0279579162597656 0.0438079833984375
0.077789306640625 0.4405517578125 0.0729751586914063 0.0745391845703125
0.340423583984375 0.236419677734375 0.14093017578125 0.109573364257813
0.347747802734375 -0.060546875 0.21435546875 -0.0183868408203125
0.293731689453125 -0.235931396484375 0.184906005859375 -0.161849975585938
0.352630615234375 -0.238677978515625 0.156021118164063 -0.157806396484375
0.317901611328125 -0.26470947265625 0.171707153320313 -0.161758422851563
0.37115478515625 -0.091949462890625 0.139053344726563 -0.067352294921875
0.403533935546875 0.167572021484375 0.0565567016601563 -0.00124359130859374
0.22271728515625 0.453765869140625 0.0419998168945313 -0.130477905273437
-0.279327392578125 0.51678466796875 0.131988525390625 -0.1949462890625
-0.510772705078125 0.25079345703125 0.376373291015625 -0.162994384765625
-0.6517333984375 -0.0188598632812499 0.572265625 0.1025390625
-0.75531005859375 -0.0565795898437499 0.0537033081054687 -0.0889663696289063
-0.62353515625 0.20318603515625 0.00760650634765621 -0.046844482421875
-0.33880615234375 0.59295654296875 0.0308418273925781 0.0507698059082032
0.096343994140625 0.5477294921875 0.0490264892578125 0.0312461853027344
0.410858154296875 0.30926513671875 0.0561599731445313 0.0794525146484375
0.432769775390625 -0.046478271484375 0.0791244506835938 0.0080413818359375
0.3636474609375 -0.25341796875 0.063751220703125 -0.0535430908203125
0.424041748046875 -0.26495361328125 0.0519638061523438 -0.0323829650878906
0.38446044921875 -0.303558349609375 0.0605812072753906 -0.0473556518554688
0.43377685546875 -0.10235595703125 0.00335454940795901 -0.0058894157409668
0.474639892578125 0.186004638671875 -0.0501861572265625 0.00576782226562502
0.279296875 0.513946533203125 -0.030120849609375 -0.152099609375
-0.29583740234375 0.629638671875 0.092041015625 -0.197265625
-0.5914306640625 0.333251953125 0.28948974609375 -0.11212158203125
-0.78912353515625 0.01226806640625 0.37005615234375 0.069580078125
-0.7822265625 -0.0301513671875001 -0.179473876953125 -0.115737915039063
-0.64483642578125 0.24188232421875 -0.127372741699219 0.0150222778320313
-0.3380126953125 0.63037109375 0.0142898559570312 0.0603141784667969
0.1080322265625 0.56396484375 0.00932693481445313 -0.0101757049560547
0.419708251953125 0.32525634765625 -0.0431976318359375 0.0388069152832031
0.450286865234375 -0.030029296875 -0.0749282836914062 0.0338134765625
0.376617431640625 -0.2327880859375 -0.06976318359375 0.0636749267578125
0.4298095703125 -0.251495361328125 -0.0594406127929687 0.0979232788085937
0.393829345703125 -0.290283203125 -0.0568771362304687 0.0782546997070312
0.426361083984375 -0.08856201171875 -0.131072998046875 0.063690185546875
0.461761474609375 0.18170166015625 -0.154205322265625 0.017059326171875
0.270233154296875 0.49334716796875 -0.100631713867187 -0.153305053710937
-0.27996826171875 0.61993408203125 0.048614501953125 -0.175827026367187
-0.57904052734375 0.33721923828125 0.180023193359375 -0.03643798828125
-0.7965087890625 0.030029296875 0.136634826660156 0.0462722778320312
-0.68328857421875 0.00659179687499994 -0.41326904296875 -0.1331787109375
-0.549407958984375 0.241607666015625 -0.267990112304688 0.0782318115234375
-0.271148681640625 0.54736328125 -0.0193099975585938 0.0694351196289063
0.100555419921875 0.467620849609375 -0.0391998291015625 -0.0392723083496093
0.352020263671875 0.2744140625 -0.136322021484375 -0.00111389160156249
0.38818359375 -0.013763427734375 -0.216629028320312 0.05816650390625
0.327423095703125 -0.177581787109375 -0.19219970703125 0.173934936523438
0.36920166015625 -0.197479248046875 -0.16192626953125 0.21453857421875
0.345672607421875 -0.22821044921875 -0.164764404296875 0.192108154296875
0.352935791015625 -0.050262451171875 -0.244552612304687 0.12030029296875
0.364227294921875 0.16595458984375 -0.234848022460938 0.0173034667968751
0.19561767578125 0.399932861328125 -0.148391723632813 -0.143218994140625
-0.243011474609375 0.489837646484375 0.016845703125 -0.140975952148437
-0.476470947265625 0.262237548828125 0.072601318359375 0.038604736328125
-0.67926025390625 0.02850341796875 -0.0865020751953125 0.02569580078125
-0.474365234375 0.041839599609375 -0.604248046875 -0.1337890625
-0.354949951171875 0.19586181640625 -0.3857421875 0.133087158203125
-0.1563720703125 0.359649658203125 -0.0609207153320313 0.080657958984375
0.071746826171875 0.28594970703125 -0.0802688598632813 -0.0439300537109375
0.219482421875 0.174301147460937 -0.19720458984375 -0.0303955078125
0.258255004882812 0.0032196044921875 -0.3148193359375 0.077117919921875
0.224746704101563 -0.09393310546875 -0.28277587890625 0.257720947265625
0.252853393554688 -0.11248779296875 -0.23883056640625 0.297882080078125
0.246536254882813 -0.129898071289063 -0.250930786132813 0.272232055664063
0.232147216796875 -0.000701904296875 -0.323883056640625 0.1470947265625
0.214157104492188 0.1319580078125 -0.279083251953125 -0.00230407714843749
0.0875396728515625 0.255538940429688 -0.165817260742188 -0.13232421875
-0.17999267578125 0.289276123046875 0.00205230712890624 -0.107284545898438
-0.30963134765625 0.14739990234375 -0.0181121826171875 0.088348388671875
-0.4627685546875 0.0223999023437499 -0.263046264648438 0.00273132324218753
-0.187179565429688 0.0624237060546875 -0.72381591796875 -0.11883544921875
-0.110313415527344 0.114768981933594 -0.462982177734375 0.177032470703125
-0.024139404296875 0.121620178222656 -0.0987472534179688 0.102249145507813
0.0296478271484375 0.06671142578125 -0.1007080078125 -0.0215988159179687
0.0547943115234375 0.052001953125 -0.215011596679687 -0.0439453125
0.0890579223632813 0.0214309692382813 -0.354705810546875 0.08709716796875
0.0864486694335938 0.00394439697265625 -0.324432373046875 0.302398681640625
0.0974349975585938 -0.0109634399414063 -0.279693603515625 0.337066650390625
0.112022399902344 -0.0156784057617188 -0.301513671875 0.309173583984375
0.0836257934570313 0.04083251953125 -0.359710693359375 0.142730712890625
0.051055908203125 0.0743179321289063 -0.286041259765625 -0.035430908203125
-0.0076446533203125 0.0840377807617188 -0.158203125 -0.122512817382813
-0.0795059204101563 0.0782623291015625 -0.0016937255859375 -0.0812301635742188
-0.1053466796875 0.0386581420898437 -0.0824356079101563 0.105209350585937
-0.1875 0.0239105224609375 -0.3720703125 -0.0200500488281249
-0.13653564453125 -0.0580215454101562 0.447052001953125 -0.049835205078125
-0.122512817382812 0.0252532958984375 0.173049926757812 -0.158843994140625
-0.053253173828125 0.123695373535156 -0.00357055664062501 0.0533065795898438
0.0503463745117188 0.113800048828125 0.111373901367188 0.137481689453125
0.107040405273438 0.0170059204101563 0.262252807617187 0.10455322265625
0.0598640441894531 -0.0631141662597656 0.374664306640625 -0.0927734375
0.0413665771484375 -0.101692199707031 0.310272216796875 -0.32159423828125
0.0668869018554688 -0.0908584594726562 0.27325439453125 -0.341796875
0.0479888916015625 -0.091156005859375 0.306671142578125 -0.311370849609375
0.0955352783203125 -0.05230712890625 0.333709716796875 -0.14166259765625
0.120742797851562 0.0365676879882813 0.217575073242188 0.0011749267578125
0.0623245239257813 0.139724731445313 0.12823486328125 -0.044403076171875
-0.0975341796875 0.11328125 0.152175903320313 -0.137039184570313
-0.118637084960938 0.0248260498046875 0.424896240234375 -0.18841552734375
-0.107833862304688 -0.04913330078125 0.7740478515625 0.15850830078125
-0.40936279296875 -0.05621337890625 0.386871337890625 -0.0545654296875
-0.328216552734375 0.0980529785156249 0.161529541015625 -0.140213012695313
-0.16534423828125 0.316192626953125 0.0143547058105469 0.0422210693359375
0.07452392578125 0.290802001953125 0.0933761596679688 0.109764099121094
0.243408203125 0.125503540039062 0.217391967773438 0.116409301757813
0.217422485351562 -0.0751190185546875 0.320831298828125 -0.0604248046875
0.177932739257812 -0.191757202148437 0.268386840820313 -0.26580810546875
0.225814819335938 -0.191177368164063 0.229827880859375 -0.277557373046875
0.198150634765625 -0.200393676757813 0.25457763671875 -0.2667236328125
0.25469970703125 -0.0787353515625 0.256912231445313 -0.121444702148438
0.28564453125 0.11083984375 0.154342651367188 -0.00408935546874999
0.153411865234375 0.323638916015625 0.0934677124023438 -0.0947799682617187
-0.207366943359375 0.342041015625 0.150680541992188 -0.175521850585937
-0.34698486328125 0.147552490234375 0.426239013671875 -0.19744873046875
-0.41949462890625 -0.03106689453125 0.72509765625 0.12420654296875
-0.63262939453125 -0.0482788085937499 0.251739501953125 -0.069976806640625
-0.509307861328125 0.166473388671875 0.105613708496094 -0.102455139160156
-0.263092041015625 0.49017333984375 0.03021240234375 0.0409507751464844
0.09515380859375 0.448516845703125 0.0768890380859375 0.0714797973632813
0.3565673828125 0.22735595703125 0.152389526367188 0.106918334960938
0.35186767578125 -0.072418212890625 0.22100830078125 -0.0277099609375
0.291107177734375 -0.25177001953125 0.182327270507813 -0.173690795898438
0.351043701171875 -0.261688232421875 0.151611328125 -0.169998168945313
0.315032958984375 -0.28466796875 0.166702270507813 -0.176239013671875
0.37603759765625 -0.1063232421875 0.141220092773438 -0.07550048828125
0.420501708984375 0.154815673828125 0.0618782043457031 -0.00368118286132812
0.244964599609375 0.456207275390625 0.0337753295898438 -0.135322570800781
-0.2652587890625 0.540374755859375 0.12823486328125 -0.20184326171875
-0.514434814453125 0.274078369140625 0.3804931640625 -0.179107666015625
-0.6685791015625 0.00585937500000001 0.58856201171875 0.0867919921875
-0.77618408203125 -0.0296630859375 0.0519561767578125 -0.0908432006835937
-0.62744140625 0.2303466796875 0.00387954711914058 -0.0460472106933594
-0.31976318359375 0.61993408203125 0.0334396362304687 0.048248291015625
0.117889404296875 0.55712890625 0.0508766174316406 0.0280227661132813
0.43267822265625 0.298858642578125 0.0641326904296875 0.079315185546875
0.440673828125 -0.0614013671875 0.0830154418945313 0.00542449951171875
0.36181640625 -0.272705078125 0.0638618469238282 -0.0571022033691406
0.424041748046875 -0.293853759765625 0.0511207580566407 -0.0370101928710938
0.38104248046875 -0.325958251953125 0.0576896667480469 -0.0548286437988281
0.43817138671875 -0.119140625 0.00513887405395511 -0.00688791275024415
0.49462890625 0.17120361328125 -0.0473060607910156 0.00730514526367188
0.307830810546875 0.5177001953125 -0.041015625 -0.154876708984375
-0.2745361328125 0.6580810546875 0.08807373046875 -0.203399658203125
-0.59515380859375 0.3614501953125 0.295135498046875 -0.12481689453125
-0.81024169921875 0.0431518554687501 0.382171630859375 0.059417724609375
-0.8037109375 -0.00244140625000008 -0.18658447265625 -0.1104736328125
-0.64910888671875 0.2713623046875 -0.130683898925781 0.0227432250976563
-0.3157958984375 0.6585693359375 0.0173912048339844 0.0590782165527344
0.131103515625 0.57427978515625 0.00913619995117188 -0.0131731033325195
0.443603515625 0.314849853515625 -0.0400962829589844 0.0420188903808594
0.458984375 -0.045684814453125 -0.074676513671875 0.0393142700195312
0.3778076171875 -0.252471923828125 -0.06787109375 0.0700607299804688
0.430145263671875 -0.279327392578125 -0.0565032958984375 0.102333068847656
0.392333984375 -0.313934326171875 -0.0566787719726562 0.0794830322265625
0.43133544921875 -0.105316162109375 -0.129753112792969 0.07049560546875
0.480560302734375 0.168853759765625 -0.154464721679687 0.022308349609375
0.298614501953125 0.49725341796875 -0.112503051757813 -0.152999877929687
-0.26031494140625 0.64483642578125 0.0454254150390625 -0.18060302734375
-0.58050537109375 0.36614990234375 0.186614990234375 -0.0450286865234375
-0.81854248046875 0.0596923828125 0.14141845703125 0.0413360595703125
-0.7027587890625 0.03289794921875 -0.425628662109375 -0.121246337890625
-0.551788330078125 0.2679443359375 -0.271240234375 0.0920257568359376
-0.25201416015625 0.57098388671875 -0.0162391662597656 0.0698127746582032
0.11993408203125 0.476837158203125 -0.0412940979003906 -0.0407905578613281
0.372467041015625 0.26611328125 -0.13787841796875 0.00434112548828129
0.397613525390625 -0.027740478515625 -0.219589233398438 0.07073974609375
0.330169677734375 -0.194183349609375 -0.188018798828125 0.188583374023438
0.370697021484375 -0.220672607421875 -0.15484619140625 0.226089477539063
0.343353271484375 -0.248138427734375 -0.160873413085937 0.201751708984375
0.359375 -0.063446044921875 -0.243865966796875 0.133056640625
0.38018798828125 0.154296875 -0.238433837890625 0.026275634765625
0.216583251953125 0.40350341796875 -0.1602783203125 -0.14013671875
-0.22906494140625 0.511444091796875 0.0146026611328125 -0.144317626953125
-0.478424072265625 0.287384033203125 0.0795974731445312 0.0344085693359375
-0.69659423828125 0.0554199218749999 -0.0886993408203126 0.0263137817382813
-0.486846923828125 0.0599975585937501 -0.62237548828125 -0.11767578125
-0.356201171875 0.213104248046875 -0.3887939453125 0.15167236328125
-0.143798828125 0.375518798828125 -0.058258056640625 0.0839004516601563
0.082794189453125 0.291748046875 -0.0831069946289063 -0.0435333251953125
0.233169555664063 0.169052124023438 -0.20343017578125 -0.02349853515625
0.265777587890625 -0.0059814453125 -0.3211669921875 0.0943298339843751
0.229141235351562 -0.10540771484375 -0.276153564453125 0.2774658203125
0.254806518554688 -0.127487182617188 -0.229522705078125 0.315399169921875
0.245468139648438 -0.144210815429688 -0.244171142578125 0.288604736328125
0.237808227539063 -0.0085296630859375 -0.32379150390625 0.16387939453125
0.224197387695313 0.126251220703125 -0.2857666015625 0.00793457031249996
0.0989990234375 0.258834838867187 -0.17584228515625 -0.128036499023437
-0.17120361328125 0.304656982421875 0.000793457031249982 -0.110183715820312
-0.3121337890625 0.162689208984375 -0.0108566284179688 0.0881576538085938
-0.475311279296875 0.0402221679687501 -0.27099609375 0.00814819335937495
-0.192276000976563 0.071685791015625 -0.7430419921875 -0.0969848632812499
-0.109130859375 0.12017822265625 -0.464935302734375 0.19805908203125
-0.0198440551757813 0.125991821289063 -0.0966644287109375 0.108345031738281
0.0324211120605469 0.068817138671875 -0.102706909179688 -0.0195159912109375
0.0592575073242188 0.0513877868652344 -0.222946166992188 -0.03692626953125
0.0934982299804688 0.0174331665039063 -0.36181640625 0.105804443359375
0.0918655395507813 -0.00040435791015625 -0.317474365234375 0.3260498046875
0.100196838378906 -0.0159149169921875 -0.269683837890625 0.357391357421875
0.113937377929688 -0.0218124389648438 -0.294769287109375 0.32958984375
0.088226318359375 0.038818359375 -0.36181640625 0.161834716796875
0.0551605224609375 0.0740203857421875 -0.29595947265625 -0.0252075195312499
-0.00492095947265625 0.087249755859375 -0.165802001953125 -0.11810302734375
-0.0771484375 0.0843887329101562 -0.00257873535156251 -0.0838470458984375
-0.107582092285156 0.0449371337890625 -0.0770950317382812 0.107528686523438
-0.193222045898437 0.031158447265625 -0.383819580078125 -0.01190185546875
-0.0243914977610119 0.153928793549037 0.322910391204616 0.34366830331192
0.0876990635485884 0.103078124755866 0.248947522130724 0.0556086110772485
0.134149648292721 -0.0351927209291448 -0.0739163739345199 -0.00100583031167124
0.0488758493059923 -0.136076154803545 -0.102883770932902 0.171927309956403
-0.0951686732906055 -0.095189799867632 0.0526778369937077 0.321288905260826
-0.124392052254351 -0.000508253822649275 0.26763811084785 0.306815270282159
-0.130501232787243 0.0390043938714688 0.429163966225522 0.189086158688084
-0.125682772405335 0.0392839272850548 0.475522241337583 0.0973304524902152
-0.134608257927032 0.0281595360222755 0.432224360892688 0.15927550699489
-0.120078571723761 -0.0253622715255991 0.282917909204543 0.228585179381567
-0.0689518025391695 -0.11519217756637 0.0960117807739965 0.214097629816112
0.0707203297397386 -0.141604992814468 0.0834340617736511 0.0830224296959001
0.134023417985017 -0.0127667434614771 0.193886743462773 0.0298918537320891
0.0660639082079863 0.082189257842673 0.390378464924209 0.263636130184648
-0.0207087416715657 0.104998311169672 0.360561143024177 0.694341606099826
0.134908380605829 0.373227254144501 0.313740647672901 0.252961556947152
0.283084505148516 0.219142798327394 0.239432858063602 0.0124829608035044
0.36069816501947 -0.0599052047616699 -0.0866318501978471 -0.0368724597637046
0.18431767266395 -0.284187196431862 -0.136220680351699 0.126099298733263
-0.116329174637023 -0.277871823474921 -0.00505150738115932 0.30597454056232
-0.229866165126234 -0.115474125063545 0.204320532203757 0.297124008803077
-0.28346596890347 -0.0361852713375223 0.350988261966169 0.195531286223102
-0.301505344312427 -0.0142284149730817 0.393041144194095 0.107038120577947
-0.315417443861256 -0.0366862287352937 0.363210149014301 0.151738963651209
-0.243244140349782 -0.134854409274168 0.212185545760927 0.191594862471836
-0.127567014625922 -0.287890875241332 0.044792597595728 0.161646884095323
0.172763305203283 -0.335248351900195 0.079770706085074 0.0106699279861133
0.36686054616855 -0.106855045164959 0.215838235157065 -0.0159310864719501
0.298743709228 0.17946995191231 0.417056428360724 0.236275718522023
0.156076806524447 0.339538714195775 0.393345071783055 0.633526390109444
0.27886065567596 0.550757638896026 0.266613575903479 0.0986878453747726
0.46246804656414 0.31573437258728 0.186943670501494 -0.057873252064699
0.562862583336251 -0.0866759701460089 -0.106317423533074 -0.0643993588814239
0.307628607787668 -0.41281578561557 -0.154457163656917 0.0764649486802562
-0.122456761556865 -0.43701570031303 -0.0528364892465689 0.255321242215399
-0.305025775412254 -0.222313969130042 0.118858897102504 0.242656142600508
-0.393906057337078 -0.110851512384331 0.222305677114653 0.169287121669044
-0.432197483429765 -0.0648615433722473 0.251320495533248 0.101677533005659
-0.450962542272311 -0.0899936077743987 0.236891712268236 0.125565019636859
-0.339112872800547 -0.217119664097363 0.103348747110615 0.129999477431969
-0.185763976983115 -0.417078818452084 -0.0213129738075208 0.0845355137810233
0.230601703161382 -0.498334731281567 0.0605553681292784 -0.0723467715507929
0.541323427228905 -0.212207561851179 0.212675439953178 -0.0670643830716528
0.500164026804097 0.227005432422474 0.39030387686044 0.185249674591637
0.317503527451994 0.515893642303348 0.36342995334214 0.500711287213785
0.395643201925145 0.654374941145931 0.17791759439527 -0.104875689002828
0.601630861091595 0.362002086883592 0.0866556806039626 -0.150884451878113
0.705294833967775 -0.119793491048869 -0.134894337470274 -0.0834440031753355
0.387948238892373 -0.509486441094001 -0.160111736808728 0.0230356244146749
-0.120112474221798 -0.546218045843861 -0.0916520939705708 0.168122265181378
-0.340544500410021 -0.299761447117232 0.01606007558742 0.146311570262773
-0.445891169559265 -0.170247533053139 0.0591750867243655 0.11227657686291
-0.497566149244716 -0.105845417034466 0.0721191460912259 0.0807083610555745
-0.517982118340002 -0.127583784412276 0.0725095697033153 0.0874272207987747
-0.38480419092744 -0.263878927776994 -0.0293701223876217 0.0557746803278402
-0.220175485305831 -0.481625332961056 -0.0969704843577878 -0.00689453921647777
0.248201182039259 -0.588455538908835 0.024672097119372 -0.152852908881363
0.629285792335872 -0.292601798280222 0.184280729358536 -0.109354550679192
0.619795980779463 0.23159535888609 0.304607089240517 0.1253346677859
0.428845036384326 0.60519154984736 0.273224831537432 0.320233825427579
0.46323744970322 0.661067474261985 0.0547822827364841 -0.327620665837345
0.661567558407145 0.342270947406779 -0.0516457557425419 -0.250242720387217
0.737155116218362 -0.148088710614834 -0.163642826871792 -0.0955880986168115
0.398724955169328 -0.531677893458743 -0.150601831700329 -0.0346799465536645
-0.105676682499751 -0.56437724673608 -0.121851840094356 0.0505718631476796
-0.326444521759115 -0.326016620294389 -0.0929700476786806 0.0229523763242478
-0.43058009176934 -0.203033503727955 -0.11524241581384 0.035568423592745
-0.486517320278267 -0.130260639693432 -0.119124123430984 0.0487011254477561
-0.502576218052303 -0.149383758582165 -0.106101447896452 0.0400595609207213
-0.363808773710626 -0.274938034148599 -0.163760863257117 -0.022692640005894
-0.206160000097211 -0.470370267889294 -0.165315203090371 -0.101145009809469
0.240825279879956 -0.567582996750086 -0.0107652641111124 -0.215792915689736
0.61594223605781 -0.295259024081544 0.142093727257525 -0.1292711677553
0.61940288234345 0.21436999974457 0.179963793781594 0.0735473894319321
0.459235809236788 0.602512095496653 0.140785696536387 0.121905275607751
0.463543031655811 0.558325896881098 -0.0876948190429662 -0.528949482643584
0.606156035578754 0.256239591372319 -0.20097687333109 -0.329781464418893
0.63044831393572 -0.149961035273483 -0.180394824189323 -0.0969326304678183
0.328566717569644 -0.450942031346293 -0.124940184066984 -0.0852232715445892
-0.0764064190833414 -0.474522483365854 -0.13569372358016 -0.0727179478091459
-0.257172157411239 -0.29114769346551 -0.189705007739428 -0.103222726956482
-0.346121654625107 -0.20024234488021 -0.273779645701366 -0.0458246214050515
-0.399312835329789 -0.136900542814979 -0.291928600166176 0.0100896873992841
-0.407009474591184 -0.153869129167485 -0.26795840059172 -0.0122114919410567
-0.277823061468505 -0.251796712831442 -0.269938368323016 -0.100356622324983
-0.141508430099442 -0.38644121794849 -0.200361656041883 -0.185918245653843
0.216693666052977 -0.437686381476562 -0.0264771871070377 -0.249344688327111
0.506076827528673 -0.220076879880117 0.104554724757148 -0.122446621475505
0.5050315531511 0.181847550767642 0.0505576971239514 0.0343232819518867
0.404725050210399 0.511262747391066 -0.000572942090330239 -0.062943390630287
0.390513764343038 0.364766557736189 -0.227423454843915 -0.670967719548538
0.441460155426048 0.126077028959448 -0.332783187242403 -0.370578462408114
0.405035266804779 -0.12097952989024 -0.183852027802752 -0.0818672378245103
0.200140359808633 -0.283722749306962 -0.0913374894259609 -0.111957018647884
-0.0341417631453984 -0.299448427397778 -0.12993017030881 -0.169622849712953
-0.14560382747827 -0.205678202353633 -0.254728184929031 -0.204305950365731
-0.206612326661727 -0.165428412175709 -0.388646585994702 -0.117230913498517
-0.249994292518866 -0.122835810543889 -0.420144823883939 -0.0305799649822592
-0.250826551115094 -0.138672870859067 -0.386882898566198 -0.0671783847965445
-0.150604058502504 -0.196598176190985 -0.328060843964465 -0.16985066729311
-0.050917243036939 -0.2515777154302 -0.189987495168827 -0.25336426169176
0.169258665256225 -0.24480174441841 -0.0149324423239633 -0.251106583667795
0.326678346745763 -0.106383372932042 0.0813454514563346 -0.0955667021605116
0.314957077595541 0.130260725897962 -0.0531384980341916 0.00451772637832821
0.287916432137647 0.346220677332554 -0.121913103283335 -0.211954109483782
0.251966625301314 0.116524986467967 -0.338513500574446 -0.726098262021595
0.21007757679375 -0.0201372145820953 -0.433345271206844 -0.366243090912456
0.123403001164275 -0.0736182988782089 -0.183063802602891 -0.0477353474772128
0.0464345086550406 -0.0786981008200615 -0.0581371390985541 -0.103064893371501
0.0147298211165153 -0.0830758752746157 -0.105871990213388 -0.221384854194767
-0.0104264329038948 -0.0896618017675359 -0.277485509474588 -0.263682221438351
-0.034189973226547 -0.103381636764413 -0.44335804619193 -0.166419946251779
-0.0640742040503255 -0.0891748104135912 -0.483999520067061 -0.0666761668385111
-0.0612972793772331 -0.10112833077922 -0.446518597115006 -0.116355523307905
-0.0124253902989808 -0.111462389978825 -0.332069246256897 -0.222229215948747
0.0295421901558786 -0.0899176673127209 -0.142735624676537 -0.291741871292968
0.0883070915398461 -0.0462727129711735 0.0133215563100747 -0.225011120110784
0.112378173781576 -0.00639549681786912 0.0694464700184888 -0.0615494779187208
0.10570843672156 0.0477532869353996 -0.119933736009446 -0.0213565648642146
0.143204320356447 0.132537426613531 -0.204620183665743 -0.309233000135268
-0.0156062005709181 0.155751222002087 0.348492583144918 0.326569000723579
0.0950204563893274 0.097634980382719 0.253176061245575 0.0368944503761086
0.131527009772195 -0.0448786716118019 -0.0746638329675862 0.00321771527954667
0.0397487423114508 -0.139318840580977 -0.0921719696979642 0.18024129544382
-0.101603575392206 -0.0885432980905109 0.0781013240582265 0.321622123319557
-0.123571107310509 0.00807871377204126 0.295656821418025 0.290120670874241
-0.127337467822275 0.048503644792771 0.447392599718511 0.155767110714322
-0.123642272972154 0.0497900951464189 0.486098769964297 0.0585185088066228
-0.134377636671381 0.0389353819248113 0.449795285636254 0.124768716385127
-0.12199689475275 -0.0159046473169346 0.305662368396027 0.209635775869294
-0.0790179162968733 -0.110423708041737 0.114186464135029 0.211871205217734
0.0591590832403929 -0.148469071477656 0.0883429605858508 0.0761627040737996
0.134056237869905 -0.0226879339176567 0.193649326924677 0.0166653343145282
0.0715325956756482 0.078778613179086 0.407648889340153 0.239375406489669
-0.0137111146348709 0.105860468487072 0.411064539610497 0.678964389090357
0.160394967023836 0.365518526205818 0.332272458670168 0.236368030979125
0.299402719042301 0.200068463073318 0.239041661801106 -0.00431179630390212
0.356724187874412 -0.0869832780341061 -0.0890900583464134 -0.0314856726691198
0.16681270572191 -0.298320797995374 -0.128425050974873 0.135036780758073
-0.136125418452424 -0.270300344880049 0.0196219938887202 0.311028573563226
-0.238371745353855 -0.101078912156686 0.230580163257768 0.28548937535083
-0.287179417572537 -0.0162745821181589 0.369363995884051 0.169105742337646
-0.307048034581897 0.0106910871346057 0.405082539895899 0.0743863705110233
-0.322287972789883 -0.0125530553577642 0.379720761734387 0.121876839036363
-0.25428017126177 -0.119231436978382 0.230891945887545 0.177102143909174
-0.15120362710492 -0.280802702122159 0.059492204903704 0.162337724524489
0.148955620541786 -0.352180983389523 0.0788812398512729 0.00271261566395266
0.362350168170902 -0.134962863865137 0.212835451426152 -0.0299928749298651
0.313153298605355 0.16128474436223 0.435084702992976 0.210341830349699
0.182159597916829 0.331372760367173 0.439273923769858 0.615568636399079
0.31969874303245 0.53481504809886 0.273840307541683 0.0837711260631558
0.484911251155832 0.284895333387066 0.180347318495265 -0.0708582787285864
0.559093696860398 -0.127771029659838 -0.110428454350452 -0.0576648605963503
0.282889579748597 -0.437699947966813 -0.149870578924858 0.0861928713961244
-0.154788385569881 -0.430973371784992 -0.0317637342553628 0.26401100469308
-0.32198092998833 -0.204597593647399 0.138826895351065 0.237190594046569
-0.405263714441912 -0.0840257821170038 0.237473645436179 0.15352220364498
-0.443560127665509 -0.0301342322459145 0.261677568026666 0.0805539031935783
-0.463205714828409 -0.0556791728453531 0.24972012696688 0.104834264962415
-0.356317298240965 -0.195387416224947 0.116600408429227 0.123041217667489
-0.219209136551216 -0.406996716871268 -0.0115608920858394 0.0888413967555914
0.196802756846067 -0.522306043755723 0.0518808186446895 -0.0799524329870419
0.532775705102523 -0.255146059602997 0.207460694718407 -0.0810232062937928
0.519560730997806 0.194795494298636 0.406125189610353 0.160865094298641
0.358333137710814 0.497137595747872 0.400128278364388 0.482440672558344
0.44507409104602 0.632263812537522 0.171722003576518 -0.115242910184848
0.629586241628557 0.321856276619772 0.07307794214853 -0.156467703681413
0.698201102396272 -0.172490398483841 -0.140218699286951 -0.0740385405937821
0.358632856223186 -0.543549538885655 -0.15931880850274 0.0326610309960759
-0.16144800267551 -0.541033706850759 -0.077028310221587 0.179104611331995
-0.363980550849118 -0.279692275423729 0.0276840345227243 0.147972185042596
-0.462742807206285 -0.140268606238507 0.0687424266563364 0.109255541853633
-0.512718198690286 -0.0665813690973673 0.0790582201038934 0.0744390067102554
-0.534094014068172 -0.0880459981082268 0.0800324263345418 0.0790459565621319
-0.405990029276425 -0.240808291063206 -0.0242575860235029 0.0577884603248147
-0.258876516726182 -0.468686992524578 -0.0949858874934138 0.00147716898112344
0.208610233789446 -0.615836107980216 0.00959772416865688 -0.158511138593025
0.615806908331624 -0.341673834899752 0.177571371005677 -0.121532896387986
0.64145371557781 0.192069363623722 0.31863339205811 0.106595055182979
0.475605683235761 0.582253623216113 0.297637672994841 0.304301316003879
0.516459836151781 0.63391359774672 0.0327628577744134 -0.332330154323518
0.688261989384951 0.299461734988121 -0.0718680405890442 -0.245791393051819
0.73043012935899 -0.204250576611138 -0.170497159820454 -0.0838508761423587
0.367739395374828 -0.566522918715696 -0.153683729701991 -0.0262400421216782
-0.149274973338977 -0.560623573499445 -0.115210917756589 0.0626672394538692
-0.35133851158782 -0.307245651354 -0.0930389237047104 0.0314464059255394
-0.451271933242735 -0.174776837933698 -0.113182762713466 0.0462954796492788
-0.502997554300415 -0.0929247831642321 -0.115438809473308 0.0578652781550226
-0.519511154408165 -0.111648685334691 -0.10339222519846 0.0460737077766542
-0.385880788045559 -0.253928458189647 -0.166400102467741 -0.0114120526906739
-0.243335747851259 -0.458062100879236 -0.170976991637074 -0.0893704461564108
0.202593756256698 -0.594336788147064 -0.030980224834921 -0.218422389652167
0.5978544196563 -0.344518741996848 0.134705649660843 -0.139007465026066
0.642012819779032 0.173090160272877 0.191021163697686 0.0616376412491807
0.508384771332525 0.578231115680081 0.150757342070608 0.111433959597913
0.509208363684153 0.530982434889529 -0.124559317361683 -0.526393935317384
0.627636645827851 0.218234319236592 -0.226772551057727 -0.315377093379921
0.624277575976368 -0.196671131460343 -0.18743402320592 -0.0841867923022867
0.303283390766767 -0.478848359469025 -0.1311598479861 -0.0794379499248805
-0.114777296970836 -0.473566097039205 -0.139082649365363 -0.061501554123125
-0.281739820291282 -0.278095528798577 -0.200569676680084 -0.0886444216761576
-0.365629405983788 -0.178672391746973 -0.278558559870559 -0.0234088083446099
-0.415384583785289 -0.105328716634878 -0.292548144786664 0.033573042488221
-0.422927377016631 -0.123669595904954 -0.271487107588268 0.00692216827194476
-0.297612625538818 -0.236412097177355 -0.279385498410657 -0.0811538766101238
-0.171277009319172 -0.379230016595958 -0.214267941266046 -0.172715033758615
0.187996850787751 -0.459928273120656 -0.0480680243652595 -0.249913581293174
0.494252563461294 -0.259797378020017 0.0986712214211746 -0.130154759335725
0.523286437857921 0.147670277986661 0.0588809336554844 0.0303738119543603
0.446631430995691 0.489190744501243 -0.00487086187996308 -0.0669474410712586
0.422403584300539 0.34264883012532 -0.27234885270887 -0.660402357494506
0.453010920552437 0.0980369363876402 -0.361417459242867 -0.347276698809668
0.399647567312253 -0.151035899585425 -0.190238356180317 -0.0686914706178781
0.184819140752535 -0.301982285876088 -0.0983576090309757 -0.108368129062963
-0.0576167747134065 -0.300395987232877 -0.142294581390456 -0.160987553588118
-0.162765505070223 -0.199008655256976 -0.274171835037866 -0.186908012510527
-0.223190150174804 -0.152892612582967 -0.400841276235003 -0.0856041524038503
-0.264840315825965 -0.104212829721139 -0.424073141997135 0.00334228583748542
-0.264300997799551 -0.120647314800109 -0.395515838464237 -0.0377511861857485
-0.166050041842724 -0.190184917378606 -0.344549238629895 -0.146384622215462
-0.0697781551048294 -0.249359611014224 -0.209779663304842 -0.242236986424869
0.154401368785167 -0.262005601475324 -0.0348159439113016 -0.250824682586253
0.322116927549433 -0.132514127064767 0.0781044109359728 -0.101822307250088
0.32778462623822 0.108585232979559 -0.0477708676925996 0.00697690120199219
0.318081246491545 0.332437295830444 -0.137762918925109 -0.210339182668401
0.264211669726717 0.1012533426326 -0.388807747422568 -0.709617803988891
0.209936599418969 -0.0324956783426751 -0.46115310356258 -0.336993006439852
0.120379263523006 -0.0829842095918923 -0.187344291634289 -0.0346564777609051
0.0428723174216941 -0.0836856042293666 -0.0642309891277636 -0.100706930467403
0.00742809481097845 -0.0860080870550128 -0.122968630652685 -0.216301027498006
-0.0188779359518675 -0.0904291012554828 -0.302644800198654 -0.244498244716933
-0.0444588964459929 -0.103144085840951 -0.460029741684371 -0.131393997716159
-0.0727559536189218 -0.0857187530819724 -0.493190524692835 -0.026904662845319
-0.0698685862871657 -0.0976894771409955 -0.458503037051278 -0.0817037392282309
-0.0214213271381522 -0.113061613032557 -0.352298948487436 -0.199400569709149
0.0238427612727736 -0.0926420309612813 -0.166268435970423 -0.284308768606002
0.0868196424670007 -0.0546939202073365 -0.00340291506103184 -0.225806687321047
0.112838706631559 -0.0170175953908788 0.0683500254296277 -0.0676012465515795
0.11110278367471 0.0402725958666403 -0.117722888947938 -0.0146580495965715
0.15601005437407 0.125227278035903 -0.229456040126625 -0.302451326311609
-0.00690879485960111 0.154795810771676 0.364956345337617 0.302337561669747
0.0989155694607029 0.0886683349421376 0.248988134765005 0.0197069527909399
0.125663227799301 -0.0523651035489886 -0.0741875322304409 0.00706920546673668
0.0304570634023445 -0.139465866703484 -0.0796886844961657 0.184181452643647
-0.104490253974831 -0.0799388702859847 0.100291364837485 0.313398040232873
-0.120120002302279 0.0155294139253775 0.31380535021713 0.266830528222702
-0.121507418866466 0.055915012584024 0.453085394801332 0.120364560644515
-0.118823064647101 0.0585656784237066 0.48362479467442 0.0196459629601135
-0.130335213025064 0.0484142109122325 0.455215562626416 0.08968184113301
-0.120040753426891 -0.00683081067663199 0.318929945518709 0.185278728631102
-0.0861501961842973 -0.10263362239502 0.129768664958925 0.203486784719849
0.0465974902758947 -0.150499554419182 0.0900320280700351 0.0682998364643066
0.130955800698452 -0.0319135019635815 0.188536233387623 0.00515344801583307
0.0745472246475241 0.0733520876579437 0.414703900458444 0.212160756430531
-0.00648307989242337 0.103211985461273 0.448929595998003 0.649076017732266
0.182108922489187 0.350479696425315 0.343135196527218 0.214728958519415
0.306263382062463 0.177690686486445 0.232960113676017 -0.0193284237679804
0.344436784315318 -0.108332504758485 -0.0900189140297573 -0.0264712163077858
0.146940584468963 -0.305160635611756 -0.118442395492574 0.140826628477313
-0.151358867631049 -0.256902025477209 0.0436513015187603 0.307043862722328
-0.240328330382829 -0.0857258208748833 0.249176277636748 0.267129546521379
-0.284530276367662 0.00190240441360646 0.377201967511572 0.138488656927325
-0.302892928459419 0.0339663392772994 0.404454916332215 0.0418163415398431
-0.320372755384211 0.0114189161659178 0.385106197370817 0.0908360098968066
-0.257058783992797 -0.101193198281679 0.242539162987282 0.15739008146089
-0.169527864368176 -0.266477727224489 0.0733891873144302 0.157359933009284
0.122564492556223 -0.359083697547008 0.0746543889044736 -0.00402898713499883
0.350367641465276 -0.158055507849302 0.205539914675255 -0.0415500147081485
0.319737815241927 0.14047628956923 0.44169251100618 0.181772158576228
0.201575013440767 0.315440383401063 0.473139600861257 0.58393954073901
0.351206109014944 0.506049960494475 0.275193510087618 0.067924338518437
0.493971157725383 0.250324814045641 0.170848219989939 -0.0790708068527057
0.539639844760171 -0.162956957852862 -0.112320380865972 -0.0496841540368306
0.252805016529733 -0.451329597007121 -0.142381582996541 0.092934088261145
-0.181810702445366 -0.414523326914777 -0.00956163514372152 0.264862723453164
-0.330805284896406 -0.182702427129069 0.155463536924018 0.225998528409242
-0.405734693088207 -0.057335152927097 0.245930759693854 0.134129587884125
-0.441843333704738 0.00364612893013442 0.264436148736703 0.0581150159844537
-0.462499625348634 -0.0210545093004282 0.254711373760337 0.082839350613114
-0.364071039558223 -0.171353695203078 0.124893525929493 0.11233169705993
-0.245647485504763 -0.387348525041741 -0.00251229047575995 0.0890758421897518
0.158855716094494 -0.531390571800088 0.0422104329630505 -0.0835171885085586
0.510584756936265 -0.288681804959392 0.198375543001401 -0.0913193058976667
0.527053317717236 0.161402048062217 0.411951502634423 0.133663043549474
0.388629196650163 0.46969393256133 0.425642511350166 0.453247042898552
0.482416147577458 0.594790375514444 0.16251493410116 -0.122104491469506
0.639624798908542 0.27868171951222 0.0599061576078501 -0.156073717138101
0.675154571433566 -0.218132326468759 -0.142566810896783 -0.0641488492047721
0.321156815945999 -0.561333993339859 -0.154676249536239 0.0399370653897492
-0.195431804284784 -0.522604428384246 -0.0593538212448008 0.183524873632782
-0.377894021965129 -0.254602647118844 0.0385313933232833 0.146062339270235
-0.467707614158226 -0.108967728530368 0.0764213511250768 0.102735506285392
-0.513606173669949 -0.026854689221989 0.0842147466808476 0.0668600364787088
-0.534168767261515 -0.047524306211781 0.0846764406085832 0.0689887424369123
-0.415981340445724 -0.213002228040562 -0.0189589823696502 0.0579371753282931
-0.2889062250493 -0.445606900067411 -0.0906303774075815 0.00806776225832414
0.165321874279904 -0.625122199656171 -0.00522109538469497 -0.157868790854312
0.587237320562744 -0.379418789915343 0.166668756607104 -0.129674927366948
0.647304648477844 0.149429924865686 0.323969709981774 0.0842548411662129
0.512052631006158 0.547007446759977 0.313784610362257 0.281195954650855
0.551702249732366 0.591622583779837 0.0128017728788353 -0.327768887624121
0.699028882149115 0.254173236899705 -0.0877684407933234 -0.234893498738643
0.706148722560216 -0.251811944912864 -0.173225690515103 -0.0716285442666859
0.329894714742954 -0.586306749900961 -0.153333680265042 -0.0187693350515856
-0.185897758683764 -0.544029633709305 -0.105409875308946 0.0711519713159923
-0.369437042356924 -0.28399689565668 -0.0888581717365267 0.0389557865373463
-0.458924805330825 -0.143982222851152 -0.107590258635734 0.054509730075415
-0.506193772269726 -0.0535317769379638 -0.10888063379129 0.0651385313431101
-0.521214059888954 -0.0718433295589579 -0.0997810465553321 0.0496407218554634
-0.398339475991036 -0.227685846384175 -0.164812342247961 -0.000205162506358103
-0.272913036098804 -0.434854338220144 -0.172488173046743 -0.076862492424575
0.159734873466723 -0.604522738324128 -0.0486831961378062 -0.213299836376419
0.57078127724359 -0.383016817588572 0.124794646694743 -0.144785599240858
0.644208702142487 0.131939346691157 0.197205730668284 0.0475150857685891
0.54263991399571 0.540304274166335 0.155190712777955 0.0984244280113582
0.539561344383207 0.492207678471957 -0.15448290971402 -0.510517334570582
0.634755776837753 0.177690218304077 -0.243991187804248 -0.293695379466995
0.603268936192685 -0.236771554991631 -0.189945085864775 -0.0701352340819036
0.272573909082886 -0.495387862371462 -0.133909404136684 -0.0731183134050156
-0.146810801166663 -0.460966649804112 -0.138641723487035 -0.0507864517879544
-0.297797761243598 -0.25791194849996 -0.204435095566182 -0.0727316591379172
-0.377063117147278 -0.153705534885114 -0.275631974361043 -0.000908543545209454
-0.421135434098572 -0.0738714838847428 -0.2846612946929 0.0548342443236863
-0.428353041073046 -0.0905937514745459 -0.267447401826507 0.0254030075337226
-0.310589450613895 -0.216231582663328 -0.282999505309392 -0.0603499114300399
-0.195233518261749 -0.36200255479673 -0.221671384706418 -0.157486123134711
0.155476827976915 -0.471094373705232 -0.0674907210741631 -0.243239935047682
0.471625087319073 -0.290401751305147 0.0909916383409321 -0.134240398626426
0.525796613144374 0.113970727710277 0.0651413718995505 0.0244649632971532
0.478044074940057 0.456030743877796 -0.010725442409421 -0.0696397271870231
0.441673005178214 0.310565761867732 -0.308711529487268 -0.635011688251264
0.454000774279476 0.0711437221809397 -0.378395855220891 -0.317124623576284
0.385980440359275 -0.176165280130966 -0.191509549791866 -0.0548066272619411
0.165935567532936 -0.313029654030898 -0.10397707047012 -0.103050183384056
-0.0798141873767071 -0.293031868959723 -0.149089218712494 -0.149719314743615
-0.175621254847271 -0.187282830967418 -0.285531414594467 -0.165807244209969
-0.233978991524735 -0.137743853396779 -0.401642120982841 -0.0543691216538626
-0.270883068822521 -0.0833812230716691 -0.417326515109246 0.0348874491511301
-0.271071911701421 -0.099986013444369 -0.393613627951537 -0.00880082061517026
-0.178368366492325 -0.178792655898545 -0.350957173600655 -0.120777690584913
-0.0858263910201621 -0.241870342787818 -0.223373135085175 -0.225465692128934
0.136050193592658 -0.271778014656838 -0.0526511233803974 -0.244211601038366
0.308953799303793 -0.154337269385212 0.0725898572772264 -0.106047753186898
0.331641474049237 0.0867881307440572 -0.0413592275118287 0.00734482267823658
0.339242593071537 0.308811806128131 -0.151122209759027 -0.202887687641286
0.269167248665959 0.084303063256415 -0.425316842966087 -0.677191787786596
0.205295283946304 -0.0426343376497884 -0.47447907760811 -0.301364549328014
0.115140117530695 -0.0895881426408689 -0.186737544899388 -0.0216579352098282
0.0388884839261236 -0.0873916357248211 -0.0698561687783069 -0.0962639283415549
0.000113566771476517 -0.0859157019356179 -0.136010151239923 -0.20688823301917
-0.0262726148600593 -0.0883660609537135 -0.317887195104891 -0.220792307493371
-0.0534296077455967 -0.0994507193603598 -0.463401708730892 -0.0945002345199491
-0.0795138857003766 -0.0795837336445136 -0.487120408690052 0.0105591347293737
-0.0767538844133279 -0.0918930944599616 -0.45973704402516 -0.0466463571837457
-0.0302864343266371 -0.11183570751219 -0.36364447053747 -0.171371896094609
0.0169284608759638 -0.0939629344175215 -0.185201775164388 -0.27050492554306
0.0830710107696903 -0.0622778583064314 -0.0185942593795094 -0.221359832710546
0.110164094324774 -0.0256900922271914 0.0654631270086291 -0.0724863973833365
0.112965513228804 0.0325427942407137 -0.112589581461871 -0.0095591181321236
0.164786512407502 0.11517946001795 -0.248127772101747 -0.290567795207465
0.0531891240249472 0.145620018717663 0.436165702954214 0.154445617322221
0.125247768099126 0.0443172227638847 0.228118343991675 -0.0646396375068721
0.0967736769756366 -0.0917171381943384 -0.0662685350836307 0.0397320696634674
-0.0238638972271622 -0.13645235771223 -0.00328065605933064 0.203179581622798
-0.11964243817804 -0.0335779796918806 0.206873669167457 0.252342573795929
-0.0982924001366823 0.0575480393914319 0.386059386597166 0.129741976931855
-0.0889431797353155 0.0950757185596846 0.461651015155778 -0.0594316215939554
-0.0850093151674073 0.093954914347959 0.445286929262834 -0.160485456612716
-0.101146813000644 0.0908672527669543 0.448605367907886 -0.0803588706633895
-0.111985754660795 0.0337862488812104 0.360312201510367 0.0586302290383558
-0.114501293771773 -0.0619566779055117 0.19355810332113 0.141482252776332
-0.00990227719104577 -0.153115097458922 0.103607738040658 0.0354536184345678
0.108930188334186 -0.0746682268252518 0.169604963368448 -0.0561793769148296
0.0900195384759382 0.0405845085136163 0.45148372076076 0.0602476479233736
0.0229199772973171 0.0949194498726882 0.619570939180266 0.45240733135408
0.30267075978229 0.260785593474165 0.375279570177909 0.0827266417305907
0.350100952029805 0.0506329911466972 0.190449313547997 -0.0871820139882901
0.275347381630988 -0.223538419438046 -0.0919804072940866 0.0290042403327975
0.0202757620058403 -0.333020912851716 -0.0468005960556457 0.184989846136068
-0.225721008105018 -0.178264747735394 0.16082704475343 0.266607058287581
-0.24444376324713 0.00666199993511716 0.332176863373798 0.14914978845114
-0.261357470572705 0.102387207943762 0.405526212080857 -0.014280892544818
-0.261996256670905 0.135318453922066 0.383139575012914 -0.116720644455057
-0.28775954571803 0.123217669892685 0.384392547033079 -0.0583895543498098
-0.270830916748286 -0.00710085271095519 0.283836843300835 0.0594513526619372
-0.247394652237411 -0.18337305570786 0.132168303816402 0.120162272260393
-0.0121483300582117 -0.373422680484194 0.0639353137942115 -0.0201675969310981
0.266779445697035 -0.265533673826419 0.165172298993813 -0.103897954542934
0.340185812529076 0.0187795411766714 0.465872601884052 0.0177583282322886
0.289179134718569 0.225192326270078 0.622220088402569 0.374200149673299
0.516404259932638 0.344650937709729 0.254495544024279 -0.0281821502679055
0.550357018411748 0.0494283644746533 0.105596261696835 -0.114146591050018
0.435296541238132 -0.345915094827076 -0.120735893180368 0.0274813813936415
0.0625371726999042 -0.50841687472369 -0.0800190627882708 0.156585139077275
-0.309520349924579 -0.311703181515229 0.105288528215065 0.245131079393971
-0.361789785475537 -0.0521038537052365 0.235023225062114 0.142806837877152
-0.397697621983696 0.0899139462259932 0.287695667860326 0.0288805813733551
-0.399122328993672 0.156680143986238 0.263991206565211 -0.0536152418164742
-0.429436293685481 0.143783145173835 0.262858522611414 -0.021673493862918
-0.393162342597079 -0.035253971028688 0.162701856665709 0.057549591737791
-0.358396415561591 -0.267783678326368 0.0430181526954277 0.084072999031038
-0.0383708883416655 -0.546362700044645 0.00777009666307483 -0.078357233886009
0.370378940645668 -0.440425632154961 0.139245553131668 -0.147066695788291
0.538492653841606 -0.0319832265734873 0.422570383458735 -0.0213427691942471
0.517067490133445 0.308712347338476 0.539198090190996 0.26083788545499
0.670484935653208 0.381644645360075 0.0797966119590202 -0.164630024401267
0.696482646901329 0.0233776730091201 -0.0278825243952189 -0.14183545711072
0.541695117703894 -0.44670419981262 -0.153265304247746 0.0335214359002962
0.0839156271717187 -0.63596930299497 -0.105256120945118 0.116715315606154
-0.362588452601324 -0.406741490814883 0.0372453701123643 0.188690680501362
-0.432959952622563 -0.101954283233759 0.102194648175437 0.109878231320846
-0.476292832806552 0.06340951766999 0.124266911253971 0.063706481481367
-0.476686281373789 0.153796295150082 0.104939672131136 0.0177847665375249
-0.504054765243216 0.142920218968459 0.102806127792493 0.0239850509256894
-0.456079082332263 -0.0555661096536694 0.0126741354440549 0.0571175806417512
-0.418022170558204 -0.30747420466777 -0.0641491703474094 0.0403776069136879
-0.0628786969325059 -0.636227918182075 -0.0599011313465103 -0.127854040672429
0.409372653821142 -0.551081118701201 0.0954865462375518 -0.171270852977584
0.647219238201483 -0.0843648392851534 0.324014007769109 -0.0418416442758451
0.659907002064943 0.340826362565404 0.379073600953578 0.134150239336964
0.733568684142645 0.352492103418539 -0.130488890331609 -0.302484095034177
0.73979509725476 -0.0210822678734171 -0.191054551438377 -0.161142725879751
0.557493223338354 -0.489687931865374 -0.182161612274789 0.0393755133445729
0.0816496921730832 -0.663396012207579 -0.122675637705548 0.062748811199434
-0.362517852674893 -0.431764337710475 -0.0437938665200757 0.100534914076859
-0.436817084593455 -0.132001461880233 -0.0525322200275741 0.0577447246560925
-0.483126715296351 0.0284181475204699 -0.0611484747367932 0.0881881398302319
-0.480279842161647 0.128098693071735 -0.0695213976821771 0.0869970045790077
-0.500264916871281 0.117146530916503 -0.0718516750575025 0.0725430461521568
-0.444320555276899 -0.0739951395514418 -0.141692144999013 0.0539812529228535
-0.399452288989653 -0.303393382368576 -0.169039880525848 -0.0088816035020986
-0.0608117807519745 -0.614576230896736 -0.117462478477332 -0.164695686205012
0.393967299954604 -0.545895977769747 0.0534173022105437 -0.172013282446112
0.63995232160163 -0.10113161967614 0.194836755089554 -0.0354307799257812
0.687078442168752 0.324788388873423 0.174968406122795 0.0158745147735825
0.683763613397284 0.263437537686273 -0.342951146141294 -0.414238588373342
0.652352717133656 -0.065442316716627 -0.350001738991871 -0.164402086428669
0.467500767873975 -0.439688018309159 -0.196104053928649 0.040453104420123
0.0636372186856886 -0.560224134248658 -0.127954679386106 0.00117412541484255
-0.299134786257462 -0.370588562679753 -0.120838211793316 -0.000145470536744444
-0.366194454210846 -0.134644731324911 -0.201001289338434 -0.0018184852803242
-0.411831389169714 -0.0102498773969773 -0.237848369373272 0.100129533646081
-0.410244796880155 0.0801999212539404 -0.232686075681814 0.144155382719233
-0.422917921812301 0.0670990800258738 -0.234289427026224 0.110416238350256
-0.360178944730063 -0.0929592654096778 -0.272867288313779 0.0406308371209376
-0.30320513532014 -0.263917846628888 -0.245862634273395 -0.0642805203708522
-0.0188692665057671 -0.489808320156913 -0.143746037265054 -0.188289452436076
0.332575293098992 -0.429345681655895 0.0284588952351165 -0.152908056618501
0.524293903884411 -0.0767663627631078 0.0663902471942973 -0.0122628899176036
0.599196722839522 0.268502175950114 -0.0321894270398212 -0.0825750753485272
0.523874119755634 0.130707637779819 -0.519805036829991 -0.477637523922872
0.445857647149119 -0.0970772553871176 -0.471971631828116 -0.146871035005225
0.291227954613758 -0.303020162968277 -0.192305930332201 0.0401034781809085
0.034199194433939 -0.351547267200799 -0.118162460343646 -0.0461790261055614
-0.178821311500588 -0.24174114836636 -0.174185334172467 -0.0883601022627629
-0.231024325761363 -0.111352191272644 -0.313432453464004 -0.0541861887140319
-0.27407508965458 -0.045427905140819 -0.37719021854538 0.0993928871612924
-0.278207104754629 0.0200013351414853 -0.360539487289052 0.177079650713608
-0.283088650699822 0.00362115252414829 -0.360902940282778 0.126360833354901
-0.226169990496869 -0.102553993878613 -0.35878436936522 0.00992325713210904
-0.161650261310918 -0.192833649212505 -0.275732966517009 -0.125728325215475
0.0318430082265807 -0.29916657608859 -0.130751034919236 -0.198865950661045
0.231069838212212 -0.248157698953058 0.0254052860204175 -0.123587574969445
0.336227245020285 -0.0344625916569179 -0.0359057369901011 0.010300839156224
0.424077352308334 0.176855094878279 -0.205072220844319 -0.153980632850281
0.277702817490512 -0.0185281354519339 -0.632543603689864 -0.478195630760713
0.171633426495386 -0.110978948967676 -0.543401339723042 -0.108453532966353
0.0740101782994548 -0.124361815586566 -0.177007120085249 0.0514976045136104
0.00247165642123755 -0.096744639586932 -0.0947998088025493 -0.0632746239426591
-0.0336176641083251 -0.0801473567194196 -0.193104344279483 -0.14457592186563
-0.0599418834049583 -0.0740622406453489 -0.36931965475541 -0.0904347359398012
-0.0916907727600225 -0.0735059685562589 -0.455342388493376 0.086191345401655
-0.103119366740074 -0.0437139073357152 -0.433923856085961 0.185498048168717
-0.103480282949228 -0.0570637286259841 -0.434519547781061 0.117292738668348
-0.0675860624728494 -0.0909713257144259 -0.390397035491813 -0.0310125932074094
-0.0167381871674277 -0.0931267682101124 -0.261402336830781 -0.180359024739665
0.0551786308997895 -0.0877382692624614 -0.0913759848828605 -0.193254935676326
0.0920266088693096 -0.062475185399684 0.0349471177687567 -0.0915288806471452
0.117440473870077 -0.00903419228917064 -0.106176954352809 0.0228332741272381
0.196719294990801 0.0546085660180273 -0.322654227847556 -0.194641939370104
0.0567991529128932 0.142821038115337 0.438853514751137 0.141088467024842
0.123983538214676 0.0398853397526741 0.222372416658196 -0.0699205494870265
0.0922563234424712 -0.0924157446199222 -0.0641974942275528 0.0418097548695688
-0.0270870711368584 -0.134129051016687 0.00494688427388213 0.201621512040211
-0.118104839235338 -0.0295368802213222 0.215931620779006 0.24287648678078
-0.0940646217574792 0.0593840865808043 0.390434664707419 0.113587855188525
-0.0839398606662123 0.0966400453521839 0.453164096196204 -0.0774894418630257
-0.0800956029373117 0.0966196195378149 0.430230653620968 -0.17918185653806
-0.0958131830100392 0.094998457742143 0.440502160363475 -0.101645633767686
-0.10831353467132 0.0371293949316766 0.361305580314901 0.0417508524713634
-0.114901668448379 -0.0565667805490066 0.199213905190979 0.132918402163137
-0.0167405350934771 -0.150052312129417 0.101967134650425 0.0317358096374495
0.104929122046464 -0.0787392480903237 0.164435380080011 -0.0585293182321033
0.0897243851603708 0.036863888228177 0.449294085110657 0.047601779042676
0.0248604339935571 0.0916694577057619 0.631216995836799 0.430324938102437
0.307479139147924 0.246466898222352 0.375195920645515 0.0723136565064694
0.346386787181264 0.0394643353653838 0.184621837412171 -0.0898275802485975
0.263616263847357 -0.229763598792035 -0.090122196118246 0.0320919355466587
0.00978864588329124 -0.331026446890021 -0.0396460156851297 0.184352313375812
-0.228622841047455 -0.168496075303922 0.172489130992619 0.257208720350401
-0.241613585872696 0.0137967864721919 0.337343075045656 0.135493033864801
-0.255699365232604 0.110317906011849 0.399711360642839 -0.0319000696403241
-0.253860604301735 0.146842931574616 0.372614882150112 -0.133357783125706
-0.279052378136549 0.135653520927878 0.378204308228006 -0.0764544720419322
-0.268641963487603 0.00126746824391976 0.285380943790852 0.0454615352308385
-0.251251991505972 -0.17179985822701 0.137531918495446 0.113366489632385
-0.0265882593731267 -0.370022187696987 0.0602618038648281 -0.0213799429823679
0.255378262854368 -0.273932162525701 0.159033640303429 -0.105546942778637
0.338746894033064 0.00704233462795963 0.461930203695378 0.00395030935082168
0.295310862882438 0.211720525458296 0.630500082338256 0.352435580280304
0.523713063302124 0.323663443214608 0.252157449570121 -0.0346646739005671
0.546058435848223 0.0308309066133823 0.0998414647766686 -0.113839541321584
0.416394534240777 -0.356110219342318 -0.117610942622045 0.0318224652671109
0.0456351439351542 -0.508386309958527 -0.0746613871322741 0.156529630180702
-0.317376340166723 -0.297390383445959 0.116941697883481 0.238747104781836
-0.361131127405823 -0.0403107761012214 0.240705598433829 0.132793933443237
-0.392657512152933 0.103526806393205 0.285535343117392 0.0155377265707236
-0.38982592610978 0.174323466241126 0.257616892095351 -0.0658049014043781
-0.419597854822426 0.162146161835887 0.259013682679879 -0.0349760421441936
-0.391630307444467 -0.0216654563075593 0.164165561027004 0.0490321492748188
-0.364751312726569 -0.251115641749066 0.0481695107174043 0.080129681855014
-0.0593036602656656 -0.542457706592111 0.00229422511366848 -0.0762067652953749
0.352301731543077 -0.452728751050807 0.132815459544487 -0.147717070091752
0.534434603469475 -0.0495719866553448 0.41803570683199 -0.0357969695964299
0.526132324656707 0.287046302936881 0.5422933386895 0.241699290832989
0.678472988738057 0.351714663994057 0.0745403963243309 -0.164538644151901
0.69093705176461 0.00203861458972769 -0.0317983427177156 -0.136926065577598
0.51682385066186 -0.461038064211199 -0.14900391877968 0.0393888783091243
0.0629229812076625 -0.635743436140412 -0.101552380051219 0.117845470715603
-0.373888689711968 -0.388767482972743 0.0473680581115193 0.184148954688191
-0.433942598044656 -0.0873507950161589 0.107071641201153 0.104788783389253
-0.472369870748269 0.0805865213764621 0.125567363416351 0.0567406954495532
-0.46665898815653 0.175252315701987 0.104544858894428 0.0117311044441035
-0.493701709081433 0.166052842782795 0.101710379156651 0.0175335880548217
-0.454659439150577 -0.0402071593526419 0.0147561872365783 0.0548016873606753
-0.426091314788017 -0.288215817242954 -0.0605262518024335 0.041029888587822
-0.0877313018790603 -0.630449876430278 -0.0660954795082092 -0.123026209021041
0.386424202524668 -0.562763915468211 0.0901583426615357 -0.171221281982647
0.640864517116845 -0.105170696043245 0.32073554575953 -0.0540128866614836
0.669937041762635 0.313303767206925 0.379358569191782 0.120634543756225
0.740012291678956 0.324304898161679 -0.137430879278955 -0.296164710670409
0.733469808575385 -0.0407625484060999 -0.192697808483566 -0.151547150292279
0.533065114656472 -0.505110440646416 -0.178096395344917 0.0464088561875439
0.0590690355684642 -0.662701111935829 -0.120822801043917 0.0646560212971324
-0.37641690896325 -0.413098056653134 -0.0359830452416992 0.0998814818032943
-0.439447098309744 -0.115567233837378 -0.0490085229913409 0.0585217749342598
-0.480816257142642 0.0451541877845693 -0.0565447220442406 0.0884946308163454
-0.473022694090034 0.14996214585054 -0.0646005696429103 0.0880394435290273
-0.492977487248306 0.138776372582469 -0.0691159406063646 0.07308482190977
-0.444025562637687 -0.0591373084164018 -0.138939907509305 0.0588045503315149
-0.406730563236893 -0.286120245314518 -0.167419969654179 -0.00420903681051531
-0.0835217103043948 -0.611578231080036 -0.124269455243906 -0.157015306011746
0.368950976013189 -0.558168939351736 0.0483908386720809 -0.171962815269816
0.632505961764364 -0.121629765711983 0.192849919997657 -0.0453709137931072
0.697006249028484 0.297133588049462 0.171662435014006 0.00893247480187955
0.688241350173867 0.238091574630422 -0.351144617058764 -0.401420078657471
0.64626419429681 -0.0828175523960694 -0.349745576034262 -0.150086546621452
0.44737201804587 -0.45154818215374 -0.191694245764868 0.0474303577760806
0.0424540912232673 -0.560359008266952 -0.128464515623439 0.00462969812437296
-0.311387470420917 -0.354872252512334 -0.11734721200895 0.00245962816482915
-0.371133895723032 -0.120311060742653 -0.199414267839722 0.00560226264163538
-0.412042222762133 0.00618504941213925 -0.230320687285523 0.108621658825187
-0.405417983161244 0.098998836287602 -0.222582079901859 0.150972132750331
-0.416909909169485 0.0857128223456043 -0.228149016002971 0.118274519641407
-0.361980500596687 -0.080288372995033 -0.269051594170846 0.0512305619790591
-0.309144755486311 -0.250367950297653 -0.246438249873977 -0.0562206802787693
-0.0371844090245228 -0.488375217622002 -0.150145647417182 -0.179865920638305
0.313568049890693 -0.439849685642062 0.0244685552029172 -0.153711184110573
0.518953356493543 -0.0918504853623562 0.0674150303502705 -0.019004569344686
0.608296424145085 0.245520165279273 -0.0372705213325122 -0.0818746796374855
0.525397997973181 0.110373116001387 -0.529050576922243 -0.459669700649164
0.441066042585351 -0.108005703379589 -0.469620352341063 -0.130163667548516
0.278121963322004 -0.311312286869904 -0.188345148449466 0.0471704534484969
0.0223975316013596 -0.353607779925997 -0.121248974472574 -0.0420909724341007
-0.187625475181368 -0.232603506057917 -0.175751485478396 -0.0827616992475099
-0.236056578939654 -0.101946597323416 -0.313646365198469 -0.0427194882755188
-0.276769247299357 -0.0330407341973594 -0.367482598764047 0.114518870119717
-0.277499555627482 0.032298569943813 -0.346989468294549 0.190101290454882
-0.281356713964442 0.0155464285875502 -0.352132359667782 0.140500187776751
-0.230184573027064 -0.0943863072386166 -0.355629644284659 0.0254728339295567
-0.167552069757461 -0.184799832411027 -0.27836592794809 -0.11416817246695
0.0204426140040777 -0.300231186315657 -0.136967298272546 -0.191080681446869
0.218798850849705 -0.256348321520439 0.0221474864011198 -0.124992950660252
0.333540111082471 -0.0450337385998472 -0.0343217297654519 0.00647599356385139
0.429201022395007 0.160752547035059 -0.21110024615133 -0.147650142636681
0.275425285240907 -0.0275524967881787 -0.639816399499249 -0.458153425134508
0.168903424295027 -0.113274568273365 -0.540551136588885 -0.0911873794460694
0.070198818822727 -0.126928130893308 -0.173296636435084 0.0577543223357926
-0.00107941929677575 -0.0974906936376225 -0.0976255278727506 -0.0593605663182671
-0.0376485975013559 -0.0776222905307081 -0.197538091618683 -0.138269380226331
-0.0633180702953463 -0.0701572098584858 -0.371828954795204 -0.0762342375616324
-0.0966055610217898 -0.0683910531866904 -0.444875800402877 0.105296623835144
-0.106061200665376 -0.0382223454971427 -0.419079415089648 0.20119866903075
-0.106743693730974 -0.0520333351885181 -0.424825066562499 0.136050486050682
-0.0723543395719978 -0.086970825118571 -0.388132933802433 -0.0135701349794273
-0.0205847941122098 -0.0921280818255834 -0.266915452030865 -0.167780091755928
0.0509253071802826 -0.091295091830511 -0.0959467001786734 -0.187550173243365
0.0884780662813574 -0.0668546165922512 0.0321230623165642 -0.0950679872381403
0.117138576592635 -0.0123647827963469 -0.103776364469701 0.0224727139924398
0.20018407743255 0.0476747217147351 -0.329875625244413 -0.183688567515837
0.0615016930369615 0.141236094412048 0.447914068694458 0.129811692272783
0.124871066895897 0.0361471062726041 0.219749651153446 -0.07567628968127
0.0901048179778975 -0.0947416344513251 -0.0638639596402542 0.0441451476652655
-0.0308675923738151 -0.133894692314662 0.0137801427165553 0.20172983357657
-0.118855129840621 -0.0260234407852259 0.229618405984506 0.236000108752037
-0.0910200105972199 0.0617243097779597 0.40086303437741 0.0982677281838852
-0.0805017653217564 0.100140020242055 0.451965160394077 -0.0976015838360836
-0.0760085291418845 0.10144287461274 0.423450244004486 -0.198473049035514
-0.0910302944985729 0.100161989085853 0.439861050884739 -0.124140058709064
-0.10732071396165 0.0412360944467591 0.367004028167726 0.0255210825688645
-0.117289671255947 -0.0512649518123345 0.207581101918652 0.126546805200945
-0.0227248324194152 -0.149179832689309 0.101878130997325 0.0292719170539095
0.101731812706427 -0.0834223668089936 0.162787376251292 -0.0611493221956726
0.0906371975807437 0.0334226923126029 0.454006047835107 0.03540275229329
0.026793899648164 0.0895289643224835 0.651760569022719 0.414222494412068
0.317722033641639 0.236562765553521 0.381011339661535 0.0627706071097811
0.349349218435568 0.0284825523176084 0.181713306823936 -0.0944418710159082
0.256229090278556 -0.239376128381096 -0.088878587558041 0.035946451894843
-0.000634474203460744 -0.334764968015204 -0.0327305270191536 0.185743935334967
-0.235080844392731 -0.161540315490317 0.186413321991869 0.252701247483725
-0.242051169558163 0.0207514992973142 0.347918966095496 0.122661882609411
-0.254212656891095 0.120069222903488 0.399994023701474 -0.0487102415899822
-0.249501720167533 0.160110062827693 0.366600962796296 -0.150163305947577
-0.275373924487382 0.149954792908045 0.377411537822664 -0.0968290126432863
-0.270906322288829 0.0100784578760893 0.29013322159521 0.0330900180028273
-0.25949724244533 -0.163237455383164 0.144400941693566 0.1085008624417
-0.0410067157331622 -0.372743074240395 0.0582753412366405 -0.0228747832123582
0.246757833171131 -0.287694359573018 0.156299528566997 -0.108667541490412
0.341782450043304 -0.00455596409406486 0.465448245702353 -0.0103916459430941
0.306238998994137 0.201707910366363 0.647799464654809 0.333782159866245
0.539349327485812 0.304802771123496 0.252728873826204 -0.0415337418810089
0.551190831945901 0.0143980535877171 0.0966794432669173 -0.11580403020481
0.404451091500001 -0.372270478762907 -0.115726468675797 0.0370522122988181
0.028503987070068 -0.515368787674471 -0.0699488235729522 0.159108251303878
-0.329654281410735 -0.28743814155145 0.130497338567296 0.234288577786625
-0.365184950045599 -0.0286388244601076 0.249279415052369 0.123738526579115
-0.393010766032021 0.118895920459767 0.287562760219397 0.00256489870109863
-0.385726023391333 0.195161662861798 0.25437814365856 -0.0784190072067865
-0.415332922794052 0.182911643592782 0.258153281081658 -0.0491367581736838
-0.396906990015774 -0.0102534371082059 0.167398878244465 0.0410763977633551
-0.376213357926433 -0.238806694063599 0.0524207826711679 0.0771756114530369
-0.0798033380546391 -0.546146104168626 -0.00172379514069013 -0.0754658594378639
0.337756038872516 -0.471781545591375 0.129274972851341 -0.150992570634484
0.538441135621254 -0.0681030912020835 0.420008456037523 -0.0503948502405444
0.541762818916677 0.269004049294979 0.554848025522217 0.22615043915212
0.695164242095275 0.330720429602451 0.0701294159074568 -0.167723128201572
0.695863984535971 -0.0194398513190754 -0.0355084326726406 -0.134585229012876
0.502239540699158 -0.481919705031861 -0.147019695509092 0.0464152140301195
0.0413373050629856 -0.646270480262714 -0.099742846567651 0.120969994643389
-0.391387260584109 -0.37764944250862 0.0584677668222598 0.181748867984976
-0.441946502001281 -0.0728805510277944 0.113053405586173 0.100795925346857
-0.475956264733266 0.098839809055232 0.128676687583946 0.0510509660163206
-0.463752425159977 0.200365636828939 0.104680676203582 0.00554788976200313
-0.489562477168793 0.189575219050305 0.101658943569603 0.0107478939446633
-0.461184475049534 -0.0259278311932238 0.0163830642255334 0.0533254267745409
-0.438804187860433 -0.274389863005874 -0.0589500011569694 0.0419091825620614
-0.113152563070116 -0.636275156817201 -0.0721566939952673 -0.120044005732881
0.3680559614335 -0.585745785413303 0.0858360237448693 -0.174898048864223
0.644633635262204 -0.126735062297543 0.321300261055875 -0.0675797285342167
0.689924165173022 0.291077256576082 0.386089072514626 0.108497494725144
0.757664706822752 0.299976353996357 -0.148068300795648 -0.294562147892423
0.741646344177591 -0.0623142658274306 -0.197777921640199 -0.144859963363284
0.518435461321848 -0.526511738449641 -0.175545963937317 0.053687769548617
0.0373188685275067 -0.67573327145612 -0.122174854685032 0.0687881891484821
-0.395781504282465 -0.402129409405628 -0.0291787769597293 0.100050087498681
-0.449073126586673 -0.1011817211725 -0.0474461779716487 0.0602865967129211
-0.486723136638169 0.0649507925826321 -0.0524864461697436 0.0903106792307262
-0.47081924998253 0.174215868732567 -0.0612631745814147 0.0892977258404844
-0.490574083210315 0.163421890333019 -0.0676666590893813 0.0750992553024797
-0.452240160534852 -0.0453759333699567 -0.138823909080069 0.0645876400605689
-0.419074813420238 -0.272676269074569 -0.168953878692932 0.000645505134473323
-0.107770005868181 -0.615721907447468 -0.130867338022763 -0.152673846599387
0.351365479086664 -0.57968703085292 0.0443319558173709 -0.175262169503116
0.637382510945761 -0.141585965727508 0.193170876771849 -0.0558935436980312
0.7162924050734 0.274636089518011 0.172348728567063 0.0026600771459404
0.700940082960077 0.21396350147561 -0.367184152999823 -0.394705635412163
0.651318134494815 -0.10270882125409 -0.355674797546325 -0.139478055130544
0.43550037817197 -0.470879764769694 -0.189931312812761 0.0547839861202394
0.0241628690983784 -0.571406041939697 -0.131870120535761 0.00913274693126998
-0.328171537310137 -0.345171301789291 -0.116450771467952 0.00501208263752877
-0.380427135891326 -0.107114830248886 -0.202149442269215 0.0133402558943678
-0.419011946761763 0.0230869898159878 -0.226159111364355 0.117309031634286
-0.406136065431188 0.12021791518635 -0.215881289646378 0.159748018621936
-0.416657854765103 0.105374378277561 -0.225244468463087 0.128484836043588
-0.370747772805925 -0.0693502216170053 -0.270609268315882 0.0630720236646348
-0.320268692729555 -0.240399460868209 -0.250071380608455 -0.047973185936988
-0.0567897120508111 -0.494079461092966 -0.157964939342392 -0.174548840098848
0.299205117347108 -0.458175000864698 0.0196952420826603 -0.156940317781811
0.5211133649945 -0.110137241929052 0.0670165882731642 -0.0254410232306553
0.627031254139792 0.224330606113318 -0.0423644845151305 -0.0825999415492327
0.533267129483986 0.0950069712625469 -0.547520455624531 -0.448296689068201
0.444115962543194 -0.120507280186025 -0.476146062383066 -0.116245545601145
0.270171480085928 -0.32497554896866 -0.187066033545224 0.0554641916570054
0.0112649402975829 -0.360861837071983 -0.125845190926578 -0.0378208371322441
-0.199323354734358 -0.226632687376766 -0.180048594812658 -0.0784645815493405
-0.243594155613353 -0.0932377406223568 -0.319898216853698 -0.0312043634879811
-0.2840787399711 -0.0214748663204185 -0.364083105049766 0.128735080481893
-0.280039166474663 0.0464605086753986 -0.338739885688841 0.204505687052345
-0.284226047210539 0.0287030617109478 -0.348081424935925 0.157279294890671
-0.238361566298232 -0.0871824229525664 -0.357435066995712 0.0412337012210939
-0.175989018052224 -0.180146582417318 -0.285676503510038 -0.105205341645752
0.00742877938689919 -0.307253859106935 -0.144563328787046 -0.186074105791846
0.20982675895914 -0.268481218306217 0.0189807552847482 -0.129305138752097
0.336784061790553 -0.0561290011839396 -0.0338984878463069 0.00379268677871981
0.443420969109701 0.145884880500832 -0.220538403801481 -0.142747772105395
0.277185683627859 -0.0356015449238192 -0.658090056595055 -0.443654738394732
0.168330616482118 -0.116955088621531 -0.545249672129809 -0.0753912334879493
0.0673965399341087 -0.131602414815594 -0.172741548123049 0.0648944113460863
-0.00307965505179131 -0.100533325675087 -0.10225702055832 -0.0553376020461416
-0.0416608840046979 -0.0756866276528273 -0.205109373594936 -0.133130239918054
-0.068579394888525 -0.0671329618468864 -0.380542733771175 -0.0615149873079832
-0.10210041655273 -0.0639347417959281 -0.443011573885098 0.123931257752212
-0.110396243763296 -0.0328225195432767 -0.410677590081428 0.2197121605012
-0.110835689197876 -0.0481961305734518 -0.420863023565828 0.156560289617541
-0.0780954835708255 -0.0852991318799573 -0.392227174908901 0.00343782461948137
-0.025241535322781 -0.0923658886112393 -0.2758442282438 -0.158317689292108
0.0461992419249351 -0.0961501531744366 -0.102538188537431 -0.185058262264857
0.0859425658266236 -0.0723971173693671 0.0293266015711832 -0.0999935505324135
0.119526573091062 -0.0160371661846234 -0.103459299607856 0.022555943347618
0.206152149737673 0.0407607898355301 -0.341966963982742 -0.175395391669445
0.0682798610634728 0.139059645854383 0.462379155409674 0.11213312023302
0.126983020604684 0.030065769463032 0.217863600490891 -0.0855668160564887
0.0870452993776469 -0.10018910537623 -0.062718516446758 0.0487161243133912
-0.0383477607718866 -0.134281853135222 0.0257178994002522 0.202414196347247
-0.120582156072744 -0.0208271103380713 0.248066895978304 0.225261845901563
-0.087530752281554 0.0656440736757347 0.415287365457392 0.0760347163803189
-0.0760425092215573 0.105366841854288 0.45139710334719 -0.124810806141627
-0.0702852966223821 0.107082948471228 0.414045068549619 -0.225245985056083
-0.0847196400662169 0.107080566616851 0.436672918275319 -0.155263843289667
-0.105695597850556 0.0469387747855744 0.374289242968491 0.00229218780906073
-0.12112219595751 -0.0452316403505167 0.218702459525868 0.116257370351215
-0.0316561647443145 -0.148494538366281 0.10393046369021 0.0252213789350808
0.0982632441878479 -0.0898729246922185 0.161363099909074 -0.0672368018433926
0.0918311002800204 0.0289326389305838 0.462184263180774 0.0156757848326607
0.0302807559709674 0.0881902249059489 0.682242561631651 0.387762581550447
0.33375667137888 0.22145232850564 0.390549620598776 0.0469180859145056
0.35497337050816 0.0112774274760115 0.179052486483529 -0.103015442104565
0.245521215754921 -0.25481513793921 -0.0869779201020496 0.0419186284759452
-0.0182432819574902 -0.340656719035652 -0.0235096629882381 0.188337597018114
-0.246213304662829 -0.1516240941555 0.20640614207167 0.243722321155791
-0.244020727197177 0.0322791696593513 0.362268731618596 0.104021359302547
-0.252439343385724 0.1353957208971 0.401494742099876 -0.0732337946438329
-0.243447180938183 0.178505561288085 0.359600810475302 -0.174325087334417
-0.268648286528736 0.168880940082827 0.375073492547848 -0.123604609239317
-0.275062710925116 0.0236930418435251 0.295592626506779 0.0143525256617137
-0.271300615344325 -0.151285423930207 0.153838578957748 0.100988054206804
-0.0622160770068519 -0.376077473924504 0.0570381296300392 -0.0245964688821935
0.233916625185854 -0.306503715664146 0.153397385218751 -0.115309149769571
0.346453443629224 -0.0227330205132657 0.4719457529067 -0.032768946391572
0.321436186894435 0.186411296698053 0.675656158622969 0.307971799724126
0.560539528433756 0.27877281038533 0.254433513359788 -0.0526815425386676
0.558453748507777 -0.0123896459323292 0.0928589022659755 -0.11996193721452
0.387353009611535 -0.396672650587798 -0.11291870189218 0.0446649885411498
0.00249570428838877 -0.526127750131623 -0.063551133958114 0.163655366366609
-0.349640734400357 -0.273467212605431 0.148411270961056 0.227999717974973
-0.372089713981849 -0.0111400593239368 0.261942911920886 0.110389300250919
-0.39380012594633 0.142434011135863 0.290692072425702 -0.0145358702375127
-0.379894314057328 0.222873319183958 0.25025594493882 -0.095146360917983
-0.408109959876685 0.211641603463739 0.255684510325172 -0.0685648602562779
-0.405225593609753 0.00944020407498295 0.171158611269264 0.030448191960938
-0.394052113913771 -0.222665742763959 0.0583126297985054 0.074500846242129
-0.111743934058889 -0.552106373749401 -0.00669958380313466 -0.075635620728811
0.316129204413162 -0.499226292895162 0.12449000905186 -0.157385672557615
0.544638561996681 -0.0974118364004629 0.422920401612235 -0.0722430019202109
0.5656996814347 0.243433481682639 0.575838696872313 0.201277758940204
0.719628913063313 0.295863016396988 0.0621349087650835 -0.172145611944526
0.706324554045022 -0.0536886015170402 -0.042020195961389 -0.133225895980321
0.482114033307164 -0.512726426789888 -0.143741419253641 0.0544863639687132
0.00839020824706935 -0.661811917701888 -0.0967852946989969 0.127764036412971
-0.416840196449507 -0.360451381211284 0.0727513780805937 0.178654983113674
-0.452880657237584 -0.0517069558193944 0.120498002026404 0.0951438828115948
-0.479827575824427 0.127031832550449 0.133347360135694 0.0430329682599579
-0.457787699893215 0.233515812540026 0.104160123665625 -0.00193290305258062
-0.484885836505132 0.222497584941126 0.101997333356457 0.00216501723663588
-0.473552432338669 -0.00342453030902765 0.018761558572875 0.0526959069975371
-0.458966180570374 -0.255501492145889 -0.0568952209193026 0.0443321753456802
-0.151111228496882 -0.642484320159239 -0.0801559110335021 -0.116598232685751
0.340321938678216 -0.616192222576379 0.0789838276850756 -0.180714451640184
0.649185622983579 -0.161999202161901 0.321532460639643 -0.0864282235490873
0.718236431239317 0.257557689357764 0.396407138177518 0.0892449682369712
0.78227851917396 0.262061013050473 -0.165405654703376 -0.290888873051512
0.750682973926235 -0.101489748425243 -0.207341715912833 -0.136225256760985
0.495625949813652 -0.560513719947016 -0.171885564263513 0.0636501582808357
0.00152214989223851 -0.691552831029281 -0.122337451798905 0.0764886991540954
-0.423998152720994 -0.385016434950381 -0.0214832792751844 0.100520590283165
-0.463820003480963 -0.0784505147124685 -0.0455947719181583 0.0633201042940364
-0.494246321558079 0.0942683010799032 -0.0478976404308283 0.0933793803929829
-0.468289482616079 0.206888613357815 -0.0569523300795586 0.0919609964499134
-0.48733277378999 0.195991758030315 -0.0652556999540113 0.0783359531918565
-0.464303320026841 -0.0229119655510851 -0.137644888196391 0.0735576427455542
-0.440182627575661 -0.253308496038867 -0.171295028203486 0.00917909497159706
-0.144932744715318 -0.621805426188608 -0.141820405559704 -0.146882956687865
0.322045246472453 -0.609194021835172 0.0364759693685267 -0.180889667075783
0.640113969965984 -0.177472842974502 0.191734516228769 -0.0692614741150619
0.745436957595693 0.237895359617624 0.173929014125462 -0.00733597795315188
0.722573513131525 0.179366367923324 -0.392374394431783 -0.383362142241603
0.660196243716497 -0.135692431371331 -0.366916635463576 -0.124094765559612
0.414198014278062 -0.501140891285595 -0.187035697189555 0.0663905279319234
-0.00438134945381771 -0.586245682971725 -0.135974516308754 0.0169367300840596
-0.35269442229621 -0.332202586152183 -0.115983652430019 0.00975196833398225
-0.393604789253049 -0.0874434648272435 -0.207161314468108 0.0240834153513097
-0.428083558780968 0.0487337338672708 -0.221832411675178 0.130844928457416
-0.406122068044293 0.148916467261806 -0.208970300405876 0.171794006566594
-0.415624659542091 0.133691289242218 -0.220344244757532 0.142672473791524
-0.382690123764344 -0.0502953911875548 -0.270978620954808 0.0798073298754104
-0.337749475751953 -0.226497640426505 -0.257038699761209 -0.0350977689710514
-0.087051341977396 -0.501687992144642 -0.169048188124572 -0.167450235571635
0.275986158815352 -0.483340797201798 0.0128693508684 -0.162223579590289
0.526141191704908 -0.138026026323639 0.0658455040584037 -0.0333200097731156
0.651693601119767 0.193201884178518 -0.0487262095444149 -0.0826600414300464
0.546639602218973 0.0670922638860841 -0.579379923276931 -0.430484140816752
0.449046883365547 -0.142932049171426 -0.48787886183626 -0.0957905244046202
0.257620085478619 -0.344246317854922 -0.185029766513228 0.0655741747211333
-0.00694531774364756 -0.370294792001088 -0.131437205679283 -0.0301899909140737
-0.215329309286744 -0.21733421019842 -0.186290269507178 -0.070903993570845
-0.254575325522 -0.0802366014896412 -0.329928315241997 -0.0131792452240382
-0.292416915455155 -0.00366737289640894 -0.359833897569322 0.149943598859721
-0.28233767232569 0.0673739332266868 -0.329117994250216 0.224964192300072
-0.287733620744413 0.0480039652904003 -0.342339706643128 0.179342728912446
-0.24879736468094 -0.0755454118412862 -0.360364490939677 0.0631450830370613
-0.18684009277621 -0.173336343536384 -0.296320298793806 -0.0902559572053218
-0.0103400903347592 -0.314935698034567 -0.155781802104252 -0.18071752190853
0.196868440485904 -0.285499998283541 0.0126162121313642 -0.134786570416298
0.340801462461262 -0.0744124521645004 -0.0350120047227079 0.00178703550518343
0.460796907270605 0.12327150147182 -0.233502992704452 -0.134418028570834
0.280244874745013 -0.0500267659603897 -0.689585110150087 -0.419960072945584
0.168795231326023 -0.125621951680233 -0.557036819500015 -0.0526359837043822
0.0622552025290027 -0.137317702332229 -0.170317065614505 0.074729026242577
-0.00832346712300596 -0.10346791905997 -0.107096057250852 -0.0492829530356187
-0.0467352747181963 -0.073609894811568 -0.216800210471658 -0.124839995954638
-0.0746234944594751 -0.062973212816352 -0.392977318797508 -0.0410541936013374
-0.109380839662942 -0.0576823516104472 -0.441165937766085 0.150486755361901
-0.115145198484326 -0.0250816994888233 -0.401267193097039 0.24533096201924
-0.117394022532979 -0.0411695973020485 -0.415109451523757 0.18477042874527
-0.0862828326653935 -0.0820912121260422 -0.39761709053079 0.0283344618277187
-0.0311149704350013 -0.0923287286134125 -0.288981413534903 -0.144241861483576
0.040045227413391 -0.102240632817233 -0.113623072196452 -0.181601130956272
0.0819435213610499 -0.0791532727091974 0.0238630875850963 -0.105403149689686
0.122652944997825 -0.0228855997744302 -0.104117320368511 0.0250804307537609
0.214881412730984 0.0294207478534582 -0.358648635142303 -0.161219781091102
0.076608056745756 0.133914948272533 0.47260151666394 0.0833131194966723
0.127510235084415 0.0214861845934642 0.212003034691545 -0.0982387125604575
0.0800126483918325 -0.105221984520066 -0.0588972178684993 0.0541526172264565
-0.0475482879217006 -0.131885666132417 0.0405437403705881 0.199093755261552
-0.121403903814962 -0.0137839882643229 0.267407260907178 0.205923465156685
-0.082391990337828 0.0690007664210068 0.424638762743201 0.0440387981545721
-0.0687769931353205 0.110276089915681 0.442838915462996 -0.158537637360438
-0.0619880850885886 0.112466401497766 0.394649371030846 -0.254022734956219
-0.0752018576767704 0.113448365774067 0.423626121774249 -0.19099629681199
-0.101419944963242 0.0546737997237342 0.375279245034608 -0.0272676437225601
-0.124250275605468 -0.036019593440898 0.229295809499774 0.100574309731561
-0.0423924978006109 -0.145173356596991 0.104817952038949 0.0188068818150482
0.0908032937182893 -0.0969835593142966 0.157990380490729 -0.0748061648111125
0.0915771462239856 0.0232226582627162 0.465157756620553 -0.0125906766136355
0.0347286739990726 0.0850105067496933 0.711428339292463 0.344635014376529
0.347804829079329 0.196633033165704 0.39529307441036 0.02374679447494
0.354955034458263 -0.0125916500221824 0.172052416606479 -0.112370988999919
0.228366257085235 -0.270208814750806 -0.0829414921327481 0.0480702135573023
-0.040528334165906 -0.340829748416285 -0.0108061403795041 0.188212550259965
-0.256263284594913 -0.134949225108167 0.226585604952838 0.226339265680289
-0.241948160387518 0.0471112012250512 0.373333947168132 0.0763355280087371
-0.244604586707124 0.154657563895718 0.396596491887892 -0.10378718786493
-0.230018381672105 0.198293715091067 0.343742507079974 -0.199948954555011
-0.254460107840379 0.190065111418425 0.363512713760543 -0.155292933113898
-0.274893585526443 0.0427621322301355 0.296823863160169 -0.00990071610612201
-0.282135288302062 -0.132605307604247 0.162484033672047 0.0897735883570988
-0.0903145090957168 -0.373025741456634 0.0546731161232901 -0.0280163330191568
0.211827131045389 -0.324240054066356 0.147133839187915 -0.122951996511158
0.34540019589297 -0.0461951655121855 0.471091730065585 -0.0626635449673796
0.333983188017831 0.162451367323887 0.698624028029311 0.264568637768971
0.5794381707395 0.239710757683953 0.251471696731942 -0.0672955759778783
0.55986048522511 -0.0494474325699609 0.0853577731237563 -0.124730900362062
0.359980732420063 -0.421675574822236 -0.108085544510197 0.05188660443203
-0.0325901032997364 -0.530348863930855 -0.0540677296298337 0.167299876313529
-0.368594082956026 -0.248522118249133 0.168765798256254 0.214776237534144
-0.374300406712599 0.0131059742419948 0.272024909226129 0.0908950205293844
-0.387275392485204 0.172759624277018 0.290571417858528 -0.0371864741851678
-0.363308706029986 0.253055256571941 0.240377536036146 -0.113920528908669
-0.391628405227924 0.243678103827648 0.248628310867201 -0.0912731043690435
-0.407466472111673 0.037725741221692 0.172953174637121 0.016237996074462
-0.410489454936316 -0.196127162346197 0.0641791363716353 0.0693475370245813
-0.15269509162106 -0.548053911208301 -0.0123006946203071 -0.0746228075786751
0.27970488279902 -0.524624331073509 0.114809291779592 -0.164301142352588
0.540665342513766 -0.134508824815359 0.418667396994839 -0.100126653906764
0.585356266449564 0.202725897177328 0.590350148343057 0.163764097671776
0.74077363960175 0.244400079070638 0.0495639955433917 -0.174641728441839
0.707074346213183 -0.100007345323361 -0.0504081633409181 -0.129635670292677
0.444327591160155 -0.545333695716129 -0.137165555502467 0.0641654553782357
-0.0357630731428542 -0.667027733592357 -0.0907622575981269 0.13393199143298
-0.442314788585136 -0.331523002760145 0.0886859378426001 0.170839276640501
-0.458998969547004 -0.0213087942995617 0.128340371188453 0.0863511224232816
-0.475734988746922 0.162884251695739 0.136488632477026 0.0315402936255486
-0.441364630793116 0.270649706180123 0.10194402446489 -0.0105016038803383
-0.466917792063839 0.260834662100334 0.0992469896779061 -0.00784134170709415
-0.477250154625179 0.0299245772631222 0.0212278974866671 0.0503551584239967
-0.478618498264664 -0.22474653581706 -0.0543303233249012 0.0470782627540516
-0.199207358633002 -0.636984116459254 -0.0891797545039129 -0.111341276775538
0.29701433235374 -0.643214182157562 0.0684036845170159 -0.186682068592521
0.64255680823053 -0.20749251728001 0.315162118912156 -0.109077291999312
0.739939889394208 0.207116982143371 0.403238051598935 0.0628332490074809
0.800107536020558 0.208363587538005 -0.185389244942329 -0.280148872079577
0.749189916787376 -0.151003764528729 -0.216241721242787 -0.122270887272062
0.456164763112184 -0.593206786392846 -0.165098479566532 0.0745023272957719
-0.0445035895253748 -0.699007511155764 -0.12041277941822 0.085363458724166
-0.452036803077903 -0.353323230446207 -0.0115461073989924 0.0991597014356239
-0.471392101505724 -0.0455591809879068 -0.0423361449212183 0.066954777932727
-0.492160300232793 0.132517449884771 -0.0409229556793674 0.0946606009152058
-0.453081142583436 0.246311293008967 -0.0507896769400833 0.0943942315297203
-0.471513561245287 0.235603036589399 -0.0612759553650156 0.0817010083640661
-0.470758596597521 0.00945432912616469 -0.133759764007448 0.0840312248616924
-0.457420930219388 -0.226288951278076 -0.171436577779593 0.0205755949807415
-0.19050963970257 -0.617586149193294 -0.151846341578774 -0.13719348474383
0.279237124298849 -0.635430192761914 0.0250876666774034 -0.184498790857902
0.632141277836199 -0.220585433864919 0.185638739663004 -0.0839775807265824
0.766893546753085 0.183379773140722 0.172270999240104 -0.0205194397811792
0.736606830654365 0.130077079422937 -0.419346920615856 -0.358535086312207
0.655909711708781 -0.179914823613444 -0.375947439013194 -0.1008478942367
0.381275003861616 -0.530224968856234 -0.18048733598894 0.0776771955394829
-0.0441350027959506 -0.593034373782496 -0.137468697251207 0.0273848669955368
-0.378205452837181 -0.306868977432797 -0.113972735982343 0.0165065697966264
-0.402853502857988 -0.0588535194641211 -0.208110992971785 0.0398266450425458
-0.429106439577492 0.0830130800840357 -0.212122176310566 0.145255733159707
-0.395784198972776 0.182948521465555 -0.196194792881706 0.185050609025614
-0.406691509542223 0.166224836253841 -0.210398453820449 0.158321904663956
-0.390585555485114 -0.0240139621227286 -0.266621909031672 0.100606392444927
-0.353454896330833 -0.205353813423142 -0.260351398223178 -0.0169764895403342
-0.125304194490653 -0.49985755480631 -0.180817511151536 -0.156260369736947
0.242162345708512 -0.50653165776391 0.00114230765123898 -0.165522520222494
0.520185423969461 -0.176498667372413 0.0616704292826512 -0.0404000869947262
0.668473689243459 0.143984172977375 -0.056829329249485 -0.0811363720225445
0.554173227647629 0.0312192542228181 -0.609073993308052 -0.39448074552242
0.444209995704519 -0.172266765604401 -0.495336180105181 -0.065789412792677
0.234426087031662 -0.362371382279134 -0.179037962840852 0.0771238814742819
-0.0324029519796182 -0.37458600826765 -0.135504960252719 -0.0199160374477297
-0.231731398822782 -0.201629736013873 -0.191956309539028 -0.0583039631741526
-0.262579702255095 -0.0609064975119659 -0.334716637072915 0.0118204150044456
-0.296952391080734 0.019561318999626 -0.349131738921735 0.175427761291361
-0.279032104798605 0.091344188167359 -0.31098855174374 0.247323649709618
-0.284542795875894 0.0710539365054122 -0.327788211842784 0.20606350426562
-0.257521269586371 -0.0581488546101831 -0.356756833961614 0.0921758005483544
-0.200083125833858 -0.160990974746254 -0.303796972309157 -0.0691028707866305
-0.0357087150157713 -0.317981285370813 -0.167990069065106 -0.170028224595133
0.174952871882794 -0.301419067498552 0.0027568095215261 -0.138590369296152
0.338841145195502 -0.0988425957150963 -0.0365462821945937 0.00171885371299042
0.474050665534246 0.0890093908516236 -0.245511785439796 -0.120577124189554
0.27814295638434 -0.0678379045658759 -0.718359955480817 -0.379181988342409
0.164163160222791 -0.136322085064819 -0.561799211026989 -0.0166316325749427
0.0545278099431618 -0.142311699508164 -0.165565712186892 0.0855845573711337
-0.0142451511087874 -0.105098275315852 -0.111252140564412 -0.0402484589732739
-0.0518991389939756 -0.0696406409274148 -0.227621307154272 -0.109565302634681
-0.0800123345348336 -0.0563243205721968 -0.400060421350554 -0.011450341905322
-0.115701153284385 -0.0475894573722241 -0.429753922611189 0.18240098841577
-0.118370981539791 -0.0148945529804894 -0.380268174906985 0.273081036536203
-0.122253508196526 -0.0306785209783153 -0.398786356954774 0.217502311397607
-0.0944039897875333 -0.0752319859962842 -0.395032411885727 0.0598269522025987
-0.0380098670193956 -0.0909199722762933 -0.300415733781284 -0.12270968114733
0.030894739438098 -0.106801157728082 -0.125964559504365 -0.173866320710669
0.0757542130626616 -0.0865279820661324 0.0150014463360141 -0.11041657437551
0.123723806916798 -0.0321280309416132 -0.103543525337698 0.0303380508082858
0.220364109505247 0.0137524376471784 -0.372722480739208 -0.136845417987513
0.107269381436237 0.108802941796348 0.460195524869101 0.00148663810761801
0.126112603033862 -0.00852348325416581 0.185071918096438 -0.122552503038415
0.056805087881109 -0.114981160431495 -0.0430501937187067 0.0696127544303158
-0.0679702482736885 -0.114193196236027 0.0808165323940318 0.184128932294653
-0.111202267747771 0.0093756197253319 0.298213984685263 0.144281779396525
-0.0570066056369182 0.0730459072964404 0.415253853792432 -0.0387421774964376
-0.0421625086413856 0.114286634588186 0.399790707147475 -0.235750447318346
-0.0392725268910551 0.110719750066511 0.331480113080283 -0.309563813949204
-0.0503295951785653 0.117051355198002 0.377832268007498 -0.254225720102576
-0.0894153067161082 0.0654424243963606 0.363219425950911 -0.0871024544956842
-0.124484937087651 -0.015316913035073 0.240810257775201 0.0623689835393841
-0.0671603775949191 -0.134745111435277 0.105916401804088 0.00817586086750609
0.0688081428701434 -0.110416709673177 0.141148908371886 -0.09063046390358
0.0860023944150859 0.00526993772999824 0.454213711374551 -0.0809939474741225
0.0458625321615129 0.0693866394226001 0.73639935267322 0.236500784502944
0.377113597008167 0.116633879265877 0.368094420837065 -0.0328675753974049
0.336694405465774 -0.0849066144776569 0.142198739550252 -0.119755536026845
0.167706291138289 -0.30077004106356 -0.0610440997508268 0.0781660540215233
-0.104772643451122 -0.316354724267683 0.0384956526926335 0.189260964475633
-0.262624836924308 -0.0811303551125354 0.26903794989313 0.166091521100591
-0.215036789877315 0.0810723157334916 0.373025191107303 -0.00274194941710611
-0.207333090371485 0.19335233615819 0.370424088074393 -0.179356171605825
-0.18568653509488 0.222695793063678 0.290096848071735 -0.251986178609461
-0.209764239575286 0.22526128150899 0.323964159577767 -0.210609614162686
-0.260894367122083 0.0863798458022313 0.29142999990479 -0.0586402133945811
-0.294265971579445 -0.0804324794821058 0.177364090098321 0.0608873563204295
-0.156490164707362 -0.349592580269877 0.0519060188177031 -0.0245876572581681
0.146512194154562 -0.350432577187729 0.119713584475364 -0.132052307393027
0.32160648212984 -0.103177586125939 0.448042775674307 -0.136117364893374
0.350913987746894 0.0981124507620183 0.7088052056468 0.151618992735904
0.604605345308378 0.114645981987031 0.207453580569988 -0.0868838812132893
0.52560594475797 -0.161273159727768 0.0536588772107123 -0.106422227357359
0.26507899480204 -0.472168924312731 -0.0789258538327068 0.0957455091910178
-0.135373872641235 -0.501703020673037 0.00154008408204671 0.18295375499395
-0.391106999681258 -0.170140130875963 0.217030499572466 0.160793544565097
-0.350506834157518 0.0738829137242667 0.280192284288407 0.0254540166646902
-0.346138104673182 0.24180984671511 0.284650110498497 -0.0996175687990531
-0.303976878464176 0.301123189971297 0.205254907760579 -0.155424069730834
-0.333452689883325 0.304109521467454 0.222492284394082 -0.131280559284756
-0.391478099961604 0.106066551724018 0.175872786180898 -0.0142605311548159
-0.428394334132926 -0.118764456518604 0.081150886879785 0.0559465219935898
-0.250720895009937 -0.509106370262832 -0.018108344676277 -0.0560644360633398
0.177908765788174 -0.554700171201767 0.0789671279854302 -0.164507840154088
0.497593693401688 -0.220602770712981 0.387065062806645 -0.169867354561993
0.602093038445489 0.0979349381934507 0.589187042820297 0.0611488520512054
0.756459830494677 0.0886932077941986 -0.00754841828227335 -0.1500299806496
0.655644709590778 -0.236172316279835 -0.0783661504228739 -0.0814498704604849
0.324125765481974 -0.606686941945353 -0.100553157543168 0.118323593957019
-0.165786192604431 -0.633841160171673 -0.0326960483196587 0.161678370548813
-0.48055361040376 -0.236646483435048 0.136503032059587 0.130338895216816
-0.441235811323063 0.0580510500783373 0.143137744657504 0.0451068786465718
-0.436406216426054 0.253024300782102 0.152770011753847 -0.00685887147899336
-0.376637653258594 0.33432304231027 0.0904413560591043 -0.035166459046878
-0.403800661581306 0.339263025849586 0.0914846223446076 -0.0281925315278533
-0.461940378266843 0.112976756719855 0.034435562548352 0.0424816402956117
-0.49836972699726 -0.133303190234367 -0.0363427626082706 0.0519661886688815
-0.311654638503546 -0.586856513921645 -0.0955493477097182 -0.0791118290644095
0.17371767983852 -0.673127894631316 0.0277625381660055 -0.177281062634357
0.585525557014238 -0.307452014661446 0.28104678861371 -0.166769483263807
0.753563934427339 0.0772911590812828 0.391185810618842 -0.0153988165118243
0.802778580286899 0.0430204804129359 -0.250957658825115 -0.208346168984656
0.685321198206106 -0.289615842272253 -0.236019444728777 -0.0445111379034177
0.325488746636237 -0.656678410469906 -0.12329796863931 0.135152413545271
-0.181466702969836 -0.665196526310188 -0.0679161343354676 0.121415337864243
-0.497039447309204 -0.256148445901641 0.0282402032514801 0.0786595818076434
-0.460889647372621 0.039472359601411 -0.0235985633143773 0.0570276969392564
-0.459858334362635 0.230495840139662 -0.00591268652632305 0.0854141248711244
-0.392308248295087 0.316121134800007 -0.0377107198219445 0.0903000620522807
-0.413208546729178 0.316758325300252 -0.0493571212832729 0.0841694219771445
-0.458438654540727 0.0947053237808775 -0.111637927349248 0.0997457253154003
-0.480359466458361 -0.136303607377916 -0.154121695427328 0.0435925870901487
-0.300781364715078 -0.568006641663533 -0.161068134360267 -0.0965659248279505
0.159346221043965 -0.661203346513224 -0.0146997665480131 -0.169870247844745
0.574996028241903 -0.320216479743885 0.156402447482078 -0.124781831438694
0.77846843975461 0.0530936149215684 0.15501396927249 -0.0650402211107357
0.721209274595911 -0.0182212405775129 -0.484029800969182 -0.24634095166351
0.590290836196353 -0.296933314938265 -0.383906625213617 -0.000775340265813805
0.266062357465321 -0.580147788013242 -0.139683145830709 0.13489804143883
-0.162515991966703 -0.566111669015442 -0.0990137297891589 0.0669941143704979
-0.420125196378804 -0.223008907507295 -0.0889720308316612 0.0203138346111799
-0.400987413178025 0.0179596687226724 -0.187978464392476 0.0638417804070801
-0.409769005863946 0.171700625563177 -0.163974459518841 0.166931968434496
-0.348561071990381 0.248791406615252 -0.158995411563496 0.201576869807568
-0.363512534472398 0.240862172348606 -0.180421942635366 0.182868819319049
-0.385293724418684 0.0509274917507831 -0.238849385769309 0.137344156438427
-0.375837305803561 -0.133892596056567 -0.247565282955057 0.0221084751395515
-0.216316928430648 -0.466209114595073 -0.193497121190617 -0.113532706324807
0.142916439942683 -0.528648090733123 -0.0334378326758772 -0.151332382273402
0.476072975104035 -0.256231388986728 0.0434453939783313 -0.0618010454715573
0.676218807088883 0.0326488903819239 -0.0740425641060749 -0.0897541703446728
0.523887813716069 -0.0738699191661549 -0.662867858716361 -0.254971610767817
0.387006026639922 -0.246092777673593 -0.490444491179782 0.0436892248905185
0.156826120028072 -0.391867449867477 -0.14492532028843 0.123443854858766
-0.107869775187186 -0.35817278116943 -0.114868460732602 0.0155353863607637
-0.263485604570387 -0.150084832230105 -0.184348059775745 -0.0322144471271865
-0.269303877018405 -0.00610133254053851 -0.316241055215149 0.0634588647131354
-0.292217664832338 0.0855350240967496 -0.295090769134407 0.224626689700657
-0.252111075760137 0.142684329758511 -0.257127062647554 0.281423498155454
-0.263582724551318 0.127847062936485 -0.284631537792141 0.247475579760417
-0.261580561858796 -0.00506553113319133 -0.328875196396493 0.144583598480581
-0.221360241440451 -0.117665080800302 -0.299774191879866 -0.020475672032913
-0.0968493647255632 -0.302286318708665 -0.18547820796367 -0.133679008398395
0.114822666608798 -0.319957265477846 -0.0262090988696777 -0.130734897832531
0.313570274002622 -0.152031896870578 -0.0425023156307119 -0.0027054041789563
0.477612775057062 0.0115571166707055 -0.260584383719602 -0.0964589111033808
0.239601631233932 -0.116042051123348 -0.757942951774341 -0.232121856185979
0.124690578447879 -0.154731997253868 -0.542501670421898 0.0877746671437498
0.0253061417517831 -0.145291541443158 -0.137847793203345 0.116160564105774
-0.0375275163788325 -0.101179502197446 -0.107211123927737 -0.0146813367606395
-0.0680903549488155 -0.0568419194607954 -0.236645743585358 -0.0665312703685343
-0.0949718887807738 -0.0323928686057627 -0.38524701753325 0.059589288622069
-0.127306657327302 -0.0159511449606046 -0.376593348198463 0.251411599157125
-0.11728025088036 0.0139443475462781 -0.315987666246948 0.319965841990736
-0.125939406600856 -9.1910589549514E-05 -0.349796288390253 0.272222321452852
-0.105654343062896 -0.050393309103164 -0.373025214352198 0.120690073357922
-0.0540069620563888 -0.0780837555728769 -0.307990831411814 -0.0715454591394003
0.00660406342373433 -0.109004610406184 -0.147491790711267 -0.148212738521935
0.0554259361176432 -0.0964628008308165 -0.0067263595167599 -0.109675569521519
0.117822664213291 -0.0525844097342646 -0.100153547348827 0.0398174983270719
0.219143274692875 -0.0196865033482488 -0.383859012938709 -0.0881879060610151
0.106544869608022 0.0993426213632562 0.44496103425204 -0.0195517907361112
0.118206723438679 -0.0134466100085461 0.174026151036773 -0.124893590848405
0.0489882001428158 -0.113434540990792 -0.0371566262151974 0.0697525144363419
-0.0699415656043171 -0.106074212438999 0.0863578596409501 0.171609462101881
-0.106546310168185 0.0137668746375666 0.294628832694582 0.120592223379104
-0.052317050913969 0.0709299695090621 0.399135123149902 -0.0629147602180217
-0.0341017191374382 0.111762095363587 0.370743297452041 -0.249439499227304
-0.0316948661552082 0.108588502207433 0.300803585706838 -0.313144018725651
-0.0409385979837707 0.113318138264938 0.346337832493913 -0.265340977680402
-0.0821445218401546 0.0672743414231217 0.344422144349032 -0.105585208215263
-0.12050984628954 -0.00770720595082618 0.23590841712327 0.0468528639647693
-0.0709251712055119 -0.125384954564417 0.101542500706662 0.00328744491160614
0.0591359566216818 -0.10888136757664 0.134129889010914 -0.0920480391177188
0.0816295610379014 0.00295387679767021 0.434681664848498 -0.0982615377561931
0.0454086782549543 0.0645268025139814 0.72093928025187 0.193616954697057
0.36497775758884 0.0932801517382575 0.354070588354446 -0.0469279277426078
0.31707292239817 -0.0973730217375335 0.132273706653771 -0.11958681914953
0.144912662753335 -0.296802207803408 -0.0537543805073131 0.0778154651745207
-0.115958564551919 -0.301170808412546 0.0447716582876463 0.179514882801828
-0.256372401797312 -0.0652270867342308 0.268440787694945 0.141564122742428
-0.204278953644512 0.0871288286916953 0.359668374493677 -0.0258632140485032
-0.189341482894692 0.199596422066639 0.345627557869758 -0.194786940110052
-0.165477411479477 0.22617863066028 0.263197546560252 -0.255930982249651
-0.187793893608062 0.227158242028298 0.296363457966214 -0.222058696655119
-0.247620948101442 0.0962183716722839 0.276084058785849 -0.0731426933748892
-0.287275599405358 -0.062516569574212 0.174397689031219 0.0485192955362125
-0.169278097841039 -0.329211264026955 0.047784322131688 -0.0259718678445869
0.122312199998125 -0.343873293033644 0.11070216464755 -0.131422592746177
0.303335342439305 -0.114475644191779 0.425639099243876 -0.151144959356879
0.341180417121361 0.0763753858509723 0.691030186405791 0.113061674893677
0.58350012191132 0.0797721091682309 0.196998689794218 -0.0906247035627142
0.496153419733763 -0.178802284944317 0.0480179083195694 -0.10251284407046
0.232503798336098 -0.465491593466199 -0.0704323708844092 0.0946644147238596
-0.155924414821738 -0.479379260845619 0.00879544481174762 0.176513877207934
-0.384380650601005 -0.143805988457959 0.21782952559233 0.139099001131226
-0.334935975324154 0.0876539207705341 0.272583371444029 0.00750231681660734
-0.321119729869805 0.253947508667009 0.26768740263237 -0.113263881222858
-0.275659095687277 0.308677257569671 0.18695838017114 -0.158376427959722
-0.30173718857617 0.310776424474025 0.20303496668776 -0.139491615038396
-0.373564462754861 0.123680308235091 0.167493551417948 -0.0233173311794997
-0.419624546516107 -0.0917030240575033 0.0815356760369578 0.0484661922489781
-0.269309578273406 -0.479016576057446 -0.0216077013927165 -0.0527193965264854
0.142908170657084 -0.542870330123664 0.0695365324703182 -0.161898873401484
0.468611049378525 -0.236884346093123 0.36522485431003 -0.180116191897298
0.583286981911964 0.0621984543375806 0.569328610026931 0.0310629040705078
0.728908696984062 0.0473377419389886 -0.0133213725362658 -0.140379876462529
0.618998617970572 -0.257703014028837 -0.0781451707478286 -0.0728526952007502
0.282008976651585 -0.596889288854497 -0.0896304721726067 0.117081811525856
-0.193745032507585 -0.608736970661869 -0.0256609296278576 0.159632291004087
-0.473400257006246 -0.20285649274145 0.139146877381655 0.113641632106948
-0.423073661044579 0.0785593801085039 0.140737219451336 0.0355024748384424
-0.408366254983617 0.272072117849502 0.145350831625327 -0.0179068780997633
-0.34420105158059 0.345070489355746 0.0827786181308039 -0.0372757748636491
-0.366653827644816 0.349130216619184 0.0829855993828807 -0.0328219227180112
-0.441218993046892 0.134117511728823 0.0343480685978173 0.0398533501868459
-0.487490256454329 -0.102497929728824 -0.0321220088507043 0.0504100508658554
-0.333952347314731 -0.551379294571152 -0.0972303832101834 -0.0719904760934919
0.131001910424759 -0.655260943745768 0.0188141752717585 -0.171819376679403
0.548526874903965 -0.326177700214672 0.262465331048128 -0.172848776395957
0.728761851433373 0.034459382694994 0.374255324080976 -0.0338786086174888
0.771772787917731 0.00404185906360193 -0.250606566471467 -0.186317472093986
0.647362465671668 -0.311943794439509 -0.228991335935651 -0.0300624853953469
0.282585501249151 -0.646254152906006 -0.111877565010611 0.133768912170985
-0.209730825676808 -0.636146350553922 -0.0609877705032076 0.122700642312109
-0.491240096680909 -0.219945314061186 0.0321031673379378 0.0707056433490926
-0.443388105251551 0.0620842775639768 -0.0199258157034349 0.0579701345646496
-0.432335242024892 0.250816384403298 -0.00237964363954912 0.0801966870651861
-0.359717785366895 0.329246366821311 -0.0329921364803053 0.0888749328750329
-0.377302800044905 0.32746353011833 -0.0452306466664159 0.0824132005259004
-0.438136014373905 0.116212621715961 -0.102845312320245 0.103047855046853
-0.469570753317855 -0.109047264340539 -0.146752996020317 0.0495004178987637
-0.323464604129045 -0.53417010653767 -0.16139715988067 -0.0854650776512193
0.117683502803275 -0.643572487073702 -0.0229747116162956 -0.162985987339889
0.538887297260246 -0.337158433966545 0.144283421032272 -0.12693348337438
0.75041363109875 0.00861619211988606 0.143530120298114 -0.0707220080338036
0.693061278277685 -0.0512430610390565 -0.477628893759305 -0.213328543804
0.558967162037207 -0.313966848501084 -0.371040686059623 0.0175592989812908
0.229561139705864 -0.571785625606696 -0.128388537994666 0.134671353989136
-0.186349369206607 -0.542117872843122 -0.0929421581549167 0.071839313573391
-0.414583314411876 -0.193212162620595 -0.0845252111855219 0.0218173858281687
-0.386600910329174 0.038788560368231 -0.178495427699903 0.0742803352725574
-0.386696450967831 0.191884243266922 -0.150326834598831 0.167603505636573
-0.321790914225123 0.261263622929522 -0.143909291897391 0.201386424103685
-0.3342585733823 0.252779201942131 -0.163705789991002 0.184533656035612
-0.370264867426892 0.0701760107755606 -0.222097633535531 0.147353884903963
-0.370107990193769 -0.11137423481457 -0.238281558504144 0.0334255438616033
-0.237979798106595 -0.438306630511966 -0.192510626518209 -0.100102003882962
0.109635558048376 -0.515634260584191 -0.0412256079348014 -0.145369555386153
0.444879275110197 -0.271444663565788 0.037992358100609 -0.0615022320277979
0.652350760397317 -0.00523237547264261 -0.078428285102563 -0.0837709185205833
0.499606677375216 -0.0968803117796634 -0.651419703648197 -0.213097851698247
0.364480553850561 -0.256482709543805 -0.471848908693235 0.0652014307765418
0.134096038805675 -0.386115247796574 -0.13438087189302 0.124329671757442
-0.123749457798771 -0.344854480736561 -0.109813770450488 0.0234300132320446
-0.261066420230843 -0.131255235358023 -0.178713856750528 -0.0221953531059116
-0.260026683402599 0.00932724566023418 -0.30283384940679 0.0821548286182967
-0.27784089589581 0.101850385277097 -0.27289112013525 0.231550283822182
-0.234707377826427 0.153117145196721 -0.23255817149141 0.28298741286309
-0.245214491598512 0.138963853885913 -0.258343624420853 0.252734157481618
-0.253759172551377 0.0102502961882224 -0.307657217067029 0.15846013182304
-0.219625667709045 -0.102657091991039 -0.289407236924772 -0.00357063425469719
-0.112145925627757 -0.286445293674417 -0.185265597143866 -0.11946437303201
0.0920077206346075 -0.31390474113317 -0.0338243963643764 -0.12585813084144
0.295464277809207 -0.163597129493911 -0.0419714463127725 -0.00150463538524844
0.459675914197053 -0.0151156812316611 -0.25781014433139 -0.0810186601672926
0.226214763200266 -0.122696276819853 -0.739753450848586 -0.188720465104818
0.116235541861256 -0.155218939938729 -0.520040960141664 0.109321173788104
0.0186971740553878 -0.142369341940512 -0.127572836046835 0.117296135859726
-0.0429016037199714 -0.0984317531123011 -0.103005051518112 -0.00714558476362249
-0.0679067549910577 -0.0512148246764423 -0.231364827697817 -0.051187956548514
-0.0921764795064641 -0.0250658955041272 -0.369467540845356 0.0821323324179928
-0.124237201993488 -0.00599223983011023 -0.348584253655872 0.262080180849074
-0.112275007334701 0.02131090800208 -0.286421808604792 0.323139262468539
-0.121354985530393 0.00940858043888766 -0.317884231078986 0.279677520548173
-0.105865325221207 -0.0415861159696513 -0.350598770410508 0.137303023527401
-0.0568438130676908 -0.0728213927628112 -0.299892591067885 -0.0522447163796895
-0.00240272845595283 -0.105617367502658 -0.149146748143322 -0.135330102262416
0.0476587176263279 -0.0966121374010646 -0.0144743348011181 -0.106438028904072
0.112010842873923 -0.0591069171156501 -0.0955494121581021 0.0418352879812611
0.211795572406386 -0.031621198302467 -0.376098341770512 -0.0673092878999177
0.104023728953966 0.0930153870801327 0.431858013024191 -0.027806675197555
0.111529666121241 -0.0134843912848774 0.167484581528994 -0.123896185018033
0.0441994196013775 -0.109937479464074 -0.032906246873971 0.0685307442282697
-0.0691126723352507 -0.101234030142966 0.0868621841514043 0.162723013687886
-0.102534025512275 0.0152845598186033 0.287435862871642 0.10601606130764
-0.0502200274436213 0.0676273718063042 0.384912731413169 -0.0766901281656537
-0.0293381732934487 0.10914792013414 0.350931592260621 -0.253551237839873
-0.0276572479346418 0.106565320196557 0.281663844242005 -0.310078897135116
-0.0357413373028584 0.109325307568526 0.324433295581048 -0.267180201979595
-0.0767382940756158 0.0667692945828898 0.328681070711323 -0.113989190858263
-0.116330791881203 -0.00377637151164406 0.230068863464879 0.0383685402740663
-0.0712677786457698 -0.119159900156403 0.0980456752737841 0.00153832497398068
0.0540956799377134 -0.105792923971512 0.130091554018383 -0.0913301461258968
0.0781800641301028 0.00306683720079309 0.419398219706864 -0.103432900421735
0.043511463297956 0.0615350982731838 0.702741658458241 0.173614783708579
0.353041297804895 0.0820245566197765 0.343325181487461 -0.0510115687456411
0.302280972837161 -0.10013872973288 0.127743373077523 -0.117033757468314
0.13318120365781 -0.288927355431613 -0.0487183264358196 0.0760723047374482
-0.119242894614699 -0.290638225832155 0.0465564585143305 0.172467789029304
-0.248235836821512 -0.0576416282882039 0.262238916368616 0.125801211068774
-0.196973292868316 0.088059165807969 0.348422766030985 -0.0385009955232466
-0.177552862667118 0.199566274702767 0.327257141778816 -0.200775521239505
-0.153960823007619 0.225237226496486 0.246653291956715 -0.252687459783308
-0.174142800781297 0.223445673654738 0.276184531203113 -0.223251586114667
-0.237957337456268 0.100330948627442 0.264313073713765 -0.079838417766042
-0.27985432265481 -0.0528427308279959 0.170417472109295 0.0413233631349845
-0.17300019207537 -0.313851825644421 0.0445360877944219 -0.0261741260116889
0.109218948918309 -0.335576481943128 0.106212010454829 -0.128493619481272
0.290456738525237 -0.116391845484626 0.410557685536419 -0.153645620852
0.329813748725775 0.0650005418070193 0.669853936292323 0.0938269409465882
0.563202486022229 0.0641370947788313 0.189995874417008 -0.0887426283834217
0.473079817535466 -0.18436077205572 0.0461325854996003 -0.0984834038057835
0.212802413620977 -0.453258884952824 -0.064615660785156 0.0917440181178187
-0.163480097702762 -0.46311741527791 0.0115432711586232 0.171794363033308
-0.375111051952319 -0.130382008144762 0.213972986849343 0.124569278400231
-0.323513311592026 0.0922032506504878 0.264675817024941 -0.00160726910982725
-0.303157916812296 0.257987845850564 0.2533404315822 -0.120169093178644
-0.25693120508002 0.309550024889088 0.17465867967478 -0.156158057730335
-0.280648110186341 0.307709447868251 0.187984252069585 -0.140953722740799
-0.359976781730523 0.130307781133711 0.160291673661047 -0.0273502681786972
-0.408668396608293 -0.0783598402261386 0.0801714291956147 0.0437648780261947
-0.2751085323517 -0.457238766011534 -0.0235831514550338 -0.050970569850803
0.124393909039006 -0.527807512319793 0.0651895958230999 -0.157289011797858
0.44725529648468 -0.238461190639573 0.351406750330513 -0.181662730613364
0.565158399010047 0.0458774286012022 0.549741738039903 0.0187709208424209
0.703603938498229 0.0311694761454806 -0.0143879706578132 -0.132458182029377
0.592437243506055 -0.263466634650084 -0.0761944632591233 -0.0662939820907393
0.259871459964755 -0.583784745292251 -0.0843864645415919 0.113416471578752
-0.205325472227181 -0.587622795374487 -0.0217754913668956 0.156816061131821
-0.462341466658913 -0.184189446232476 0.137338802981265 0.101824111069239
-0.409154064568962 0.0871741307506951 0.138194226178992 0.0300572880543734
-0.386591559501976 0.278380848594229 0.137668403577908 -0.0245442026372941
-0.322444155784325 0.347394934497508 0.0777884652425532 -0.0367656099963826
-0.342715880457961 0.346864011895827 0.0757453122592774 -0.0344309152808127
-0.425022913412104 0.141930002854463 0.0332691483949574 0.0388725565280883
-0.475536605022856 -0.0878530504944287 -0.0303181748374869 0.0487797663623254
-0.342653833553672 -0.526656675873842 -0.0977823969454249 -0.0670387153874509
0.111559708960554 -0.637835374517087 0.0146584636399755 -0.16643041363163
0.524998290791443 -0.327839199075605 0.251244661227612 -0.172079284704395
0.704088314903637 0.0146099881648608 0.359435333086197 -0.0406882378415157
0.742399552944448 -0.0135066932780639 -0.24503746730888 -0.17123536382331
0.620352564340832 -0.317041270659809 -0.22247538881161 -0.0218799226395369
0.260576914494958 -0.632144852871587 -0.105939785630074 0.130228957900662
-0.223653808154469 -0.618903138976769 -0.0570700945224146 0.123906521321001
-0.480301186661079 -0.2006775959689 0.0325688485748766 0.0639419689465949
-0.428711337070319 0.0727727416116069 -0.0167814172816767 0.0577182543020111
-0.41192425384934 0.260552400424164 -0.00226955101001973 0.0750531240831859
-0.338089126465239 0.332214084098866 -0.0317151342090095 0.0879412774498657
-0.353099488875915 0.329217656185148 -0.0439191033005708 0.080798690435203
-0.423452423026053 0.125661271481649 -0.0965146115916638 0.104864154300289
-0.456650279869344 -0.0935102894512196 -0.141037574442443 0.0506619102709157
-0.331245870647637 -0.509997186638176 -0.159744238903265 -0.0788320223583657
0.0965172402611768 -0.62614263144387 -0.0268349141886882 -0.15727702232816
0.512486883159474 -0.339159643375068 0.137094243693038 -0.125321643269125
0.724877343703955 -0.00999565044760216 0.134875308836712 -0.0712754129874249
0.666480181915034 -0.0630959020508296 -0.465653421835393 -0.193379991413142
0.535345590531883 -0.318231987393726 -0.359886066521432 0.0274896412191768
0.21023011340115 -0.559642342428432 -0.122911233229892 0.131652653540094
-0.198218075500098 -0.526146061654421 -0.0885902249655382 0.0753349345484125
-0.406659195225347 -0.177283255008979 -0.0807534232174691 0.0201617255204314
-0.373000048912447 0.0488271598378827 -0.170409400618433 0.0797850214571111
-0.369391005390474 0.200767301069457 -0.142445265929134 0.164934706283231
-0.302325736576655 0.265541466218443 -0.135075369515831 0.198616345597709
-0.314248772237568 0.254873534252405 -0.153913291411317 0.182375397353898
-0.358433008162524 0.0793593485304167 -0.210231485231745 0.151371829442415
-0.360335010594744 -0.0976549136998528 -0.228962435483153 0.0376265637217834
-0.243902499725106 -0.419134625967955 -0.190197247812218 -0.0931489745363986
0.092126630260677 -0.502816646054166 -0.0450111963651205 -0.139802972472224
0.424580549681113 -0.275245010311239 0.0352026606342808 -0.0608781113953442
0.630561274713723 -0.0227618210816058 -0.0807311525106863 -0.0804043554031174
0.481571986978595 -0.103027350256648 -0.632525554368709 -0.191465194512568
0.351585222251555 -0.257803987773897 -0.457390601169261 0.07452085932137
0.123384645176628 -0.378037667619742 -0.128570869324484 0.122321198913023
-0.13117593408166 -0.334893651088632 -0.105719563911765 0.0277426475811153
-0.255249548533395 -0.12046503258308 -0.173766165368373 -0.0176980785224722
-0.251363432583643 0.0165155466860009 -0.291587946031791 0.0919255328207193
-0.267244976329855 0.110136371578017 -0.2578796578232 0.231045468710729
-0.22260575720358 0.157817706797335 -0.217900786359527 0.279055399199908
-0.231986356117878 0.14311484443542 -0.242036932932296 0.250862578151834
-0.246567989683251 0.0186837707606475 -0.2911492496965 0.164195340996937
-0.216253694784472 -0.0946038272900376 -0.280334911356238 0.00433061012880099
-0.119643357008465 -0.275090033549122 -0.183077002213973 -0.111163802837636
0.0797075039934158 -0.305994636758272 -0.0380928397631259 -0.120997180372162
0.281849377636174 -0.16744725173453 -0.0414272096940191 -0.00101071868538652
0.445464741669903 -0.0280766974524461 -0.254102976341436 -0.0741078509530068
0.216997176547668 -0.122340800109924 -0.719051456039151 -0.169416805908946
0.113006755422938 -0.154246084554996 -0.503067813893165 0.117041923625083
0.0165153321054364 -0.140022618373312 -0.122621515633723 0.116049882402307
-0.0457726375407592 -0.0965648546755351 -0.0989568856271193 -0.00271548338070944
-0.0664992012298474 -0.0480855799612894 -0.225296746576502 -0.042834211412402
-0.0891057426601753 -0.0215188029921496 -0.356009805987271 0.0930266143001136
-0.121734146019527 -0.000116696369198324 -0.329566407717135 0.263757252334987
-0.108318964815893 0.0256801656929257 -0.267903555068958 0.31799108860759
-0.116097515484852 0.0143281110786546 -0.29702155754122 0.278189973433707
-0.104479483549811 -0.0358867075675733 -0.332638564154066 0.14460473118547
-0.0577343459145322 -0.0698688402497335 -0.290780169587449 -0.0421989696419108
-0.00814685922803393 -0.102211773270194 -0.147468207368442 -0.126980638464545
0.0427589057693262 -0.0952495044151242 -0.0192715721652295 -0.102900767887574
0.107320169954961 -0.0621925903678752 -0.0919395777254965 0.0420976173318765
0.205539916872165 -0.0378614008983639 -0.368310819684744 -0.0567191353506956
0.102088915372045 0.0908691455097426 0.427086632661717 -0.0306156706792932
0.108174968044171 -0.0124327227609909 0.166351623817298 -0.124318336728915
0.0422751451280893 -0.107764420626492 -0.0304964211622264 0.0680012855592679
-0.0687308596702189 -0.0998175687047599 0.0866996131441451 0.158188410245015
-0.10070969911635 0.0154067852107116 0.283622457507367 0.0982005092965138
-0.0507873253918186 0.0663084637740577 0.378400507291156 -0.0850157107220811
-0.0268186836446704 0.107897861144385 0.340135506238701 -0.257469563616113
-0.0253206758576596 0.106471615970041 0.273646562428465 -0.308425872581317
-0.0338488142375942 0.107158577566753 0.313193762660877 -0.268169076950088
-0.0746192804657639 0.0665011429723933 0.320410015197763 -0.118809437729578
-0.114354961568935 -0.00180103544776983 0.228206610409136 0.0341092670002989
-0.0713126752464292 -0.116322892241609 0.0965742569501693 0.00110415410879244
0.0517403924380781 -0.103806199116494 0.129732416198073 -0.0907699630376856
0.076849033885915 0.00467305135058669 0.415401324835048 -0.105056489340357
0.0421274471107381 0.0606954445385746 0.694891913510988 0.16693316187419
0.34584955495891 0.0777248143036475 0.339870796417495 -0.0508912052731584
0.295093941356828 -0.0996394594052108 0.126698921437524 -0.115528080593386
0.128224290370137 -0.284811991891107 -0.0468680290647259 0.0746302353864956
-0.120921033380035 -0.28714038576537 0.0469477233358039 0.169437892318374
-0.245136515406006 -0.053799009984924 0.259657094803021 0.117499826726699
-0.195199031876986 0.0883500089495534 0.343505362174724 -0.0466685305513951
-0.171171424377661 0.200580324567978 0.317242629097758 -0.205248138100469
-0.147749860813024 0.226988833289412 0.239485132671922 -0.251674936904021
-0.168182253696726 0.222203116677272 0.265912323849438 -0.224051335430069
-0.233860453326931 0.10198591073842 0.257696783253388 -0.083350890028014
-0.277066080769228 -0.0484578700187101 0.168903080337912 0.0382533416530199
-0.176700734189921 -0.308741240719766 0.0427459583302156 -0.0256475555407185
0.103460004152055 -0.332247150453011 0.106401470017393 -0.127178837965227
0.285912273686574 -0.115308689719777 0.407366500384005 -0.155140075947217
0.32493376189096 0.0612198475590706 0.662877996713978 0.0902046147981596
0.552616801176462 0.059345542466308 0.189497906290856 -0.0856353674445115
0.463304145021131 -0.184047492678403 0.0470712441724641 -0.0956133182612733
0.207151134774703 -0.449679604723004 -0.0631549791980398 0.0901958948067679
-0.167964744222459 -0.458361557256533 0.0121329180470856 0.17031965563889
-0.371408911017633 -0.123857612003208 0.211275266537171 0.115910354672365
-0.320673186209006 0.0949096842992627 0.261703251657008 -0.00771751353242961
-0.294346262826011 0.262070763968504 0.244540393868353 -0.125387115038302
-0.248697285099168 0.313534133250115 0.169874646921908 -0.15504809711653
-0.271350110041511 0.307845144413697 0.180113730024736 -0.141714634541919
-0.355303764345502 0.133081398355517 0.156546943471855 -0.0293614509900854
-0.405107465641065 -0.072835593877228 0.0794848570682767 0.041290348306716
-0.279769909572982 -0.449575396960922 -0.0252648828707605 -0.0496724644594326
0.116631103390296 -0.523443684453363 0.0644624976142024 -0.155304007551506
0.439097703346244 -0.23938519082266 0.347562288358317 -0.18212932203212
0.556738087416867 0.0402304222979759 0.542346732671356 0.0139554598325455
0.691558990959487 0.0253790712598794 -0.0126293485570439 -0.127034495914518
0.582454079609619 -0.265286047964701 -0.0739246707038689 -0.0625986011489574
0.252660873360262 -0.578811373992357 -0.0831517286468994 0.112314362719003
-0.211780254895174 -0.582876818168454 -0.0205357340878137 0.157952345321337
-0.459384502012619 -0.176117514661986 0.135648268390416 0.0946873216901513
-0.405020368287509 0.0902420604448056 0.137112375764586 0.0278253430344746
-0.376599896808242 0.284085426501162 0.131905375384799 -0.0283166636984524
-0.3128250787601 0.352188560046411 0.0755526444644168 -0.0356714952890412
-0.331743410480134 0.3452029492639 0.0707835195468631 -0.0342579928571008
-0.419600662903076 0.147039681830829 0.0335580385338589 0.0387256465097901
-0.470485934846893 -0.0810241954398326 -0.0299465915005672 0.0475159652903318
-0.348453857174005 -0.51742172879875 -0.0994180475866677 -0.0653958163956233
0.101816409687434 -0.631854019500874 0.0137086537199511 -0.163866934050169
0.514648562426606 -0.329633344178671 0.248839204611721 -0.17237234099771
0.695339790436204 0.00677504027721153 0.352620578320675 -0.0430602971094861
0.732068584335757 -0.018054350730215 -0.241280275381269 -0.164968715209838
0.611261116591539 -0.32003767785009 -0.219175763693155 -0.0172446260006362
0.252621160997958 -0.628470859753637 -0.10527971204337 0.129123282997348
-0.230233181553766 -0.612989278741404 -0.0546671796920576 0.126047338266019
-0.477300814419783 -0.192883191869011 0.0317114756642318 0.0588980984794874
-0.42450345602682 0.0767750941505148 -0.0156998824668128 0.0586185576209692
-0.402242365449864 0.266717113720321 -0.00462739942729378 0.0723255206427904
-0.328039604305573 0.337831169451334 -0.0303780466888447 0.088600895468412
-0.342091545901519 0.327897397822569 -0.0446836771029856 0.080573861626799
-0.418319950799615 0.130654614609576 -0.0928028590361412 0.106409496078292
-0.453100034204112 -0.086929708478301 -0.139316042492074 0.0507734034036154
-0.336486908145836 -0.499596906881583 -0.160284487851375 -0.0763929637712807
0.0877184793387025 -0.620220083042726 -0.0288317264324552 -0.154645851802397
0.503003319264331 -0.340518397245131 0.136077113970701 -0.124949452281792
0.71602300454478 -0.0184147801269204 0.130203365489036 -0.0727137721804743
0.657270435504882 -0.0666333509944982 -0.458729684674389 -0.186093803524161
0.52690429224265 -0.32058755582757 -0.355158036577307 0.0331720230685811
0.205180205351682 -0.556272861641027 -0.121876044099605 0.131304611032258
-0.205213399785706 -0.522955313739429 -0.0862340401472167 0.0791961251514905
-0.403729059034965 -0.170152753581474 -0.0802611074919026 0.0188016624544658
-0.368905189199152 0.0526838121924494 -0.166895068350289 0.0834258939746506
-0.361577546157863 0.208559976451222 -0.140572413341807 0.163805961807394
-0.295205995091863 0.269950946183963 -0.131060335701693 0.1990262064199
-0.303750210535223 0.256372410731312 -0.150627495745617 0.182115972002464
-0.35467775546261 0.0849899797614711 -0.202885630759133 0.153736874410994
-0.358511504988061 -0.093865548063258 -0.226589330405441 0.0391327225702597
-0.250387935175458 -0.411710705705013 -0.191103016327094 -0.08961113474905
0.0851551454034794 -0.497177668334786 -0.0470159497235509 -0.13699844085407
0.416663473464638 -0.27831286472604 0.0345859853892099 -0.0607713339787526
0.622343800742113 -0.0309378792636025 -0.0835439365125756 -0.0787840013613769
0.474317047154194 -0.104150162586538 -0.624794074821578 -0.185847609223573
0.348116770058987 -0.258264773798762 -0.452282625833557 0.0790894794608401
0.119346713223607 -0.376316913603217 -0.127558477393676 0.122094653916813
-0.136781172854295 -0.333877786809664 -0.102610491702629 0.0315850774263357
-0.254192488288647 -0.116674823491697 -0.172371754741894 -0.0167090668686954
-0.247482083571672 0.0197351779493426 -0.28624115194593 0.0982571088061284
-0.262730128365197 0.116126836773724 -0.252306774191161 0.231465319664646
-0.21735872824771 0.161613719069497 -0.212337361484634 0.278148957065658
-0.225198437966668 0.145475719893693 -0.234467112039121 0.250239727718593
-0.244614038488988 0.0228777737583742 -0.28274734423829 0.168032311410881
-0.215166528744828 -0.0912158568803174 -0.276883556661934 0.0069096995345327
-0.124438287286683 -0.269754562731975 -0.18271168954419 -0.108078765396461
0.0748103015969371 -0.303835583350526 -0.0411608359130041 -0.118461535264229
0.276069547874376 -0.169764563235052 -0.0402988715947589 -0.000903565063104277
0.4395800471013 -0.0338048860069771 -0.255302913873507 -0.0709596119362564
0.214199618477195 -0.122001317139137 -0.712536252294242 -0.162258474625378
0.113014040551904 -0.154719422875409 -0.497835100168817 0.121210798209739
0.0165788259389296 -0.140496753840042 -0.121480833171114 0.116442881573602
-0.0479716978803009 -0.0969875067732486 -0.0958724807486566 9.56035676984826E-05
-0.0665050744954788 -0.0466310395494057 -0.222930441204257 -0.0393105548337419
-0.0872418387474884 -0.0195956012058412 -0.350688933838384 0.101077210433966
-0.120705140864229 0.00391679127353108 -0.321439469621175 0.266115816672634
-0.106902301962982 0.0283846411666592 -0.260854629677957 0.317366477730228
-0.113823677216735 0.0171938240827559 -0.287532823587805 0.277566659805469
-0.10482880876035 -0.0331374285324436 -0.323483712572454 0.148243888767677
-0.0586523301442853 -0.0686017015889608 -0.28719464745392 -0.0375291638702643
-0.011347454222765 -0.100175515504613 -0.147274065597428 -0.12379309694023
0.0404796177351254 -0.0961340024469685 -0.0232668757004051 -0.100834663412185
0.105275067140837 -0.0646353820063643 -0.0909610085664883 0.0418965234435653
0.203461326441363 -0.0417251438068267 -0.366256280809985 -0.0542635374578197
0.102625118171142 0.0902760529595907 0.433196438781023 -0.0345850455461967
0.107924507393602 -0.0113013081840967 0.168413137624912 -0.128109594851744
0.0407548812692458 -0.108443016657815 -0.0297097514261636 0.0690213645321713
-0.0705858270037409 -0.10157267321926 0.0887210314906206 0.158170441659049
-0.100980037798482 0.0165762029126659 0.28837730957853 0.0925153304160889
-0.0518877948027371 0.0674731643959178 0.38114293417403 -0.097644667918021
-0.0242046643765907 0.108936154372024 0.337025440298655 -0.267785568593823
-0.0225176945759566 0.109244452771202 0.270699779016777 -0.315739884658314
-0.0324221928466871 0.108035264085844 0.310233524667639 -0.278211967722589
-0.0738599096645292 0.0685703342406207 0.320944702111667 -0.128175220231994
-0.115076502829066 0.000274975647942717 0.232103310712595 0.0305355221103217
-0.0743354854504917 -0.116382745956425 0.0974489706621219 0.000205456124077512
0.0502779825043745 -0.10421641889237 0.132270874513098 -0.0941755070372137
0.0787410616272578 0.00607170822618 0.420315094917703 -0.113002556458345
0.0422750511369281 0.0616000806018179 0.70886420256985 0.162328396280904
0.348890244621487 0.0744588219927104 0.345458051991828 -0.0525415109975638
0.295624869290352 -0.102692619718525 0.128931591377662 -0.118080640443484
0.125911264740567 -0.2894930029123 -0.0462793487616443 0.0760985267757989
-0.128343417008994 -0.290902169493287 0.0493001487875972 0.171335315358059
-0.248871090866068 -0.0516071598780823 0.26280779138145 0.111260789724118
-0.198341811302801 0.0925201006283269 0.346411324844689 -0.0566766158756278
-0.168064210397792 0.207042285268693 0.312941655038351 -0.214807961384701
-0.144204527562187 0.235056525690388 0.237246071794495 -0.256635691718172
-0.16564358577747 0.227093451137308 0.261284080681009 -0.231640895446693
-0.235447458734146 0.108179857307041 0.258225821563118 -0.0906194073764686
-0.281267433205626 -0.0435938703778624 0.171709310124834 0.0346270878852756
-0.185300560737043 -0.310802325180846 0.0422905310847079 -0.0256042938102905
0.100035183312101 -0.337256338068225 0.108751664633671 -0.130390162150629
0.288890276588152 -0.118492774068247 0.411332359358113 -0.162563281656045
0.329574923024035 0.0580749537977769 0.674381174203344 0.0847862836512289
0.55811798737153 0.0528246145668314 0.192844115461732 -0.0854978352515808
0.467163287806787 -0.19146130698708 0.0483416041496039 -0.096768441807727
0.20233238953068 -0.456258492558911 -0.0625829951618515 0.092011478996314
-0.180659182388791 -0.465414814366962 0.0148345878204012 0.174302208492266
-0.377074333033315 -0.120521680266087 0.214125531350411 0.110339710551836
-0.325027843288182 0.100847721675824 0.264318843036357 -0.0146722466404645
-0.291637642811356 0.272487297957472 0.240954301892145 -0.132951748922208
-0.244240943437081 0.326055937415466 0.168476633766335 -0.157736747707063
-0.268452428174739 0.315902918444854 0.176123821665428 -0.145854392588129
-0.358661650018831 0.142230595214083 0.157597436973424 -0.0323228243621909
-0.411331960564619 -0.0667889177018167 0.0805599042961204 0.0394628351348087
-0.295176220985075 -0.452700218433076 -0.0281420047672603 -0.0489093733288382
0.109471375680658 -0.532488530202509 0.0651730311637299 -0.157430107585036
0.442475472753379 -0.246188991219133 0.352068835455823 -0.189412643301015
0.565571376108382 0.0316078404338892 0.549773353929578 0.00846535715611038
0.696311661895112 0.0179187005140917 -0.0107052322128261 -0.125450307279227
0.585171209406615 -0.275054013658355 -0.0735559482151889 -0.0606933759758237
0.248474118067566 -0.589597408986444 -0.0829722750546108 0.114637014540662
-0.227711635528734 -0.591321653769473 -0.0177885018020747 0.163124868976303
-0.467611527825598 -0.171123390087033 0.136529955400968 0.0902913995178228
-0.410976598305652 0.0980280503020679 0.140032091699011 0.0251471804582017
-0.374346316350394 0.297986578847511 0.127897497482396 -0.0325637658314191
-0.307635184106083 0.368133305931557 0.0752096500222062 -0.0355257480062677
-0.327879800051596 0.355943514194963 0.0674965071795565 -0.0351523392903242
-0.42414722531765 0.158435298551356 0.0349197996154906 0.0389852227007601
-0.47959365300938 -0.0747098337425698 -0.0306412108048537 0.0482095329041794
-0.365151851554435 -0.518824247594079 -0.103818784244975 -0.0636964475164673
0.0927806321521874 -0.642400631757976 0.0127167472101103 -0.165159305882105
0.516360956188328 -0.337820046654276 0.252531356147604 -0.178390375293984
0.705721429669751 -0.00422855242205838 0.354996585947519 -0.0482728574126911
0.738985501956128 -0.0255323454644542 -0.242609728650905 -0.161552583911138
0.615267732913656 -0.331116668137045 -0.220173053278114 -0.0122498092336756
0.247756626191342 -0.642531872745246 -0.105890350306042 0.133296380017545
-0.249178092032844 -0.621881224887026 -0.0522846960651388 0.132889041722963
-0.48691544732568 -0.188389162042252 0.0312347481034862 0.0564352946660416
-0.430459260211728 0.085122714703926 -0.0136787249680947 0.0610556349575565
-0.401086361982029 0.28157548274031 -0.00746929423057764 0.0723854345459917
-0.324579610116895 0.352194703938054 -0.0296831776164531 0.0913104208623441
-0.338404464953541 0.338533350462547 -0.0463028968168758 0.0833029532827737
-0.422523581975718 0.14154104478382 -0.0908509774357582 0.109912531955414
-0.460532534990964 -0.0813884673533569 -0.141857044722713 0.0530403053328425
-0.353856493594026 -0.50249815761492 -0.16623105751216 -0.0742830847150516
0.0802673804058533 -0.632852255516646 -0.030767271548408 -0.155183115982986
0.504698109383676 -0.352058659936885 0.137787172073971 -0.129176826788798
0.725327381699899 -0.0306876623655943 0.127808759237307 -0.0750784990508815
0.663920586778568 -0.0738690955241571 -0.464296277396773 -0.181647061273078
0.533462672695295 -0.332762638946375 -0.359462473445566 0.039936961439693
0.201100244538025 -0.569857764728733 -0.123107731630224 0.136124749544703
-0.222319282653008 -0.531410909786848 -0.0837573257343511 0.0852354965387219
-0.412332276012849 -0.165516159775354 -0.0822957234156803 0.0185084255636643
-0.374226506599445 0.0599874609171864 -0.167187268096388 0.0905265084490288
-0.36220636189069 0.22183356139502 -0.142570814192887 0.168029503199913
-0.29244482172087 0.284633425432891 -0.129257991746046 0.204353627089162
-0.301641993017254 0.265255462015794 -0.15032580310887 0.187354154832974
-0.358999479548109 0.0944092352112645 -0.20081082816793 0.160388452287116
-0.365208983162287 -0.0896466253191105 -0.230134178396472 0.0431710891499312
-0.264216494533917 -0.412527384370153 -0.196296338258689 -0.0877941881608183
0.0770268926017049 -0.505896156700676 -0.0501733555384797 -0.136558757891226
0.415909702932519 -0.285807000989051 0.0356731081873517 -0.0626284311787068
0.630051153453452 -0.0419291745128201 -0.0889457065495022 -0.0790158288651123
0.480110113088237 -0.110179118648573 -0.634709809897244 -0.182306782791159
0.351793129475236 -0.267631514802415 -0.45795787355922 0.0880616643683476
0.117790234992272 -0.387886092817254 -0.129723640463525 0.127131318861159
-0.148555018803518 -0.338862182343228 -0.101144842417157 0.0364428196679262
-0.259638634614306 -0.113713249622242 -0.175224448220174 -0.0140280999711886
-0.250638006753309 0.0242184132703576 -0.287463915175356 0.108332080444273
-0.263990609157882 0.126581363128064 -0.252743487032306 0.238802587507123
-0.21708690823724 0.171153327943012 -0.209640445680953 0.285506450146658
-0.224463861862062 0.152051697127701 -0.232226428725489 0.257745376456681
-0.248337417545226 0.0289538561707764 -0.28059166050418 0.17552121590109
-0.220023232744816 -0.0898752657480552 -0.281067810647256 0.0118687012495265
-0.134373616347231 -0.271313472648889 -0.188090172216708 -0.106307617400427
0.0704008749075568 -0.310421887222856 -0.0443194755155492 -0.117889868421787
0.276160098587408 -0.176180196196806 -0.0402724512145768 -0.000802529702518446
0.445686011083962 -0.0433940724614473 -0.26285157665104 -0.0693989267906449
0.217181745419478 -0.125408012745918 -0.721846791789881 -0.158814898733818
0.114913747507607 -0.15954179816697 -0.504531960473752 0.131557511116326
0.0159077158456836 -0.14513006418877 -0.121904928512508 0.121141450970095
-0.0524970591327149 -0.0983584595908858 -0.0949423545039368 0.00343937114678852
-0.0685227130879143 -0.0465406159072849 -0.22624972314045 -0.0351305118647836
-0.08802704129734 -0.0186270653037924 -0.352881882140559 0.112897528249103
-0.122641769556471 0.0090025418848278 -0.320076089059646 0.27612873074909
-0.108281116855636 0.0323744489030002 -0.258399165669719 0.324795411266092
-0.114779492428856 0.0207831051870067 -0.284794269359574 0.285865072193695
-0.107677820687591 -0.0297547701815581 -0.321778962963246 0.157316790718101
-0.0616696143611211 -0.068820161594079 -0.292422408254422 -0.0326479429124447
-0.0152883270627841 -0.101349278417553 -0.151690694903068 -0.12343134537091
0.0384747762937621 -0.0995095279414738 -0.0268488975690965 -0.10036452365899
0.105166528840076 -0.0687653065254565 -0.091622111887504 0.0434764521806105
0.206838705152163 -0.0473646593732477 -0.374563460989632 -0.0502337051487751
0.113561863929241 0.0702192859635604 0.432825633070905 -0.0576058992521548
0.10440658946788 -0.0259638354531652 0.161306843115851 -0.138270235941068
0.0275648335659404 -0.112082350482872 -0.01468338472636 0.0772908856200088
-0.0812796184475134 -0.0924787701680175 0.111971841117286 0.148394855756278
-0.0940332686468051 0.0248935893788673 0.298236534312416 0.0571431048167058
-0.0443757674800453 0.0667366976973449 0.371427653387938 -0.140523575509244
-0.00861621849071271 0.109650153693015 0.307457565559117 -0.314245054322139
-0.0113306063908104 0.109762056427281 0.241742796978313 -0.347836511036955
-0.0185406755743047 0.112576883494531 0.291674399561548 -0.318556240786899
-0.0665229583078857 0.0802041738580576 0.32112901310578 -0.167451366447375
-0.116211400740208 0.0169513747252945 0.247761697686112 0.00759742838649588
-0.0898534503914181 -0.106580931005914 0.107309039262697 -0.00644579323300245
0.0410433894100647 -0.107399508513094 0.130737406530103 -0.106214078465192
0.081449976449861 0.00843994399288074 0.428212506439468 -0.159811583314474
0.0452959365870999 0.0705753994938808 0.750407694434258 0.113549464823749
0.35514416115315 0.0248806997291867 0.342666343631528 -0.0515144014977201
0.279144497438116 -0.139055898679379 0.127703244197022 -0.112408216104846
0.0889154526486027 -0.304231366747149 -0.0163260040132912 0.094852937433814
-0.167419518378637 -0.274532035027867 0.0905384206104063 0.164781006134824
-0.250303220784378 -0.0256421016294157 0.277783335167233 0.0687923485411598
-0.189023506024815 0.108040973483022 0.34028590696289 -0.102816679501022
-0.140465527302498 0.230339403170749 0.288330291115103 -0.270800158712127
-0.120437813348283 0.250170911085859 0.210562908535164 -0.283860810759682
-0.138314682915004 0.24878600443011 0.245680749132063 -0.265777468846954
-0.226903038195794 0.139640127629743 0.262982521571079 -0.123820358169343
-0.288520291835165 -0.0100767826714732 0.188179443437209 0.0157156736332775
-0.22694074136732 -0.291858628845486 0.0532527919923882 -0.02420983865044
0.0665925636191204 -0.351815196791803 0.102960335542455 -0.130676614800352
0.288127047755389 -0.142460198169438 0.399781326108152 -0.212328801551178
0.347532422713511 0.0396497299763566 0.691257294237257 0.0231687064586842
0.558084232435505 -0.0193174006143436 0.187855303823439 -0.058029461052926
0.438322817923819 -0.247659701246518 0.0530957178410854 -0.0722829629068723
0.14366538376638 -0.483031854763116 -0.0176634082350865 0.120819914840476
-0.245758783155319 -0.44210619581646 0.072285174811031 0.170918842258722
-0.387381608421978 -0.0779835057716064 0.232689333513234 0.0629293634664513
-0.316808946803278 0.131931487345935 0.262261301081765 -0.0581731389628549
-0.256860540255201 0.31606552240299 0.226322376930281 -0.189435158762644
-0.211686976571336 0.352064068759147 0.148802168279126 -0.176689226655519
-0.230664086099794 0.351170533648379 0.1654433788664 -0.16823551413099
-0.347186170492089 0.187939295687198 0.165599944433568 -0.0560113858133226
-0.423527928335232 -0.0193388136315227 0.0949571894278761 0.0271952480768047
-0.355827220965333 -0.423751905686218 -0.0176837985126102 -0.0390453440703645
0.0550591200692388 -0.55338764960138 0.056802898827049 -0.146117866417317
0.434827011163961 -0.292818827043213 0.322756582555626 -0.232772871369365
0.593515081611783 -0.0111415940088067 0.542577044585698 -0.053468351254607
0.692141776511567 -0.0699268488681113 -0.0206847388217486 -0.0744506725852577
0.548733434738131 -0.343688315446093 -0.0632404945089213 -0.0176062694026439
0.17319275733719 -0.622978456613541 -0.0251735242620445 0.151495884913072
-0.313579780639878 -0.561865940380533 0.0518315621793009 0.162048888702598
-0.484998030211631 -0.118071710673217 0.154990332939385 0.043584579574305
-0.403034724296465 0.140450819753747 0.140954415938965 -0.00903695313370802
-0.339561389544006 0.356609274706614 0.125164428989128 -0.0822671897969413
-0.270839586507309 0.402133716931877 0.0651751577972957 -0.0433545470359863
-0.28525553067843 0.398131855041408 0.0643542064966044 -0.0420380362123778
-0.41237587107165 0.211919654807882 0.0469219731447609 0.0303324835162241
-0.491317644713083 -0.0221062917904423 -0.0192234681483534 0.0460404569937139
-0.435665397343093 -0.483728717252267 -0.0955352475049553 -0.0465834235823129
0.0264842687008581 -0.665010469152624 0.00231465894613392 -0.143767389974883
0.502425402374648 -0.39704396813307 0.211447138697273 -0.210173967436382
0.738343676229589 -0.0648134623827386 0.325218559226355 -0.100882969466793
0.728143970465016 -0.115206210387188 -0.257044446414111 -0.0930572776626011
0.573069862706662 -0.402549227412472 -0.205661437528132 0.0460210870155302
0.167598617934433 -0.67624197482953 -0.0424571167857909 0.17301258819844
-0.339579023128961 -0.591752982638125 0.0172776607044216 0.133414490674563
-0.510072707774465 -0.131313755466482 0.0467033112757905 0.0187895411616805
-0.425622018988377 0.131905794742614 -0.0101460933894791 0.0424712380105357
-0.369036252931395 0.344551377623847 0.000895905624389048 0.0379369280825691
-0.289929010742295 0.391621475718144 -0.0283955108902846 0.0961866990541964
-0.299089237114465 0.381922579762088 -0.0406709824174577 0.0916963379426303
-0.413468970870279 0.193322731075287 -0.0769198974312021 0.117183676462835
-0.474840414955028 -0.0312851636546296 -0.135710116951299 0.0626370305345452
-0.423156012873587 -0.467594426345286 -0.162283076943381 -0.052105084425229
0.0130431332436596 -0.651489965833824 -0.0413519540524465 -0.129447431384815
0.48811324417469 -0.410969578985097 0.0963271821070997 -0.14756877367057
0.756887889011349 -0.0982969960284615 0.084323426359339 -0.111631558782557
0.64756645831391 -0.149786451174969 -0.481316889287383 -0.104667792846375
0.491609713099965 -0.39172410685408 -0.342578489934165 0.105228908140737
0.129090687656675 -0.598742673092342 -0.0653523071572832 0.172654358406375
-0.300795845265046 -0.503953728997164 -0.0264390979634959 0.08771832766608
-0.434244154093154 -0.116350708192267 -0.0727208598473021 -0.00315157336689734
-0.37147084153231 0.102900220851365 -0.160683124400914 0.0907231852918569
-0.337018513671525 0.28047693873017 -0.12396662193494 0.15398677276455
-0.264171441604844 0.319180281736927 -0.117353047526103 0.220807569040656
-0.269652267762104 0.304904980859968 -0.137208758172079 0.209603980680034
-0.353751312725755 0.136414176013449 -0.186943191987613 0.182142195412556
-0.378099605086166 -0.0515500137209223 -0.229660028299759 0.0631206539972576
-0.319676260671036 -0.386793491910448 -0.199122378616297 -0.0647780651917055
0.0244553545936928 -0.525592584827078 -0.0628518786924571 -0.113561880747697
0.40248167584413 -0.337672633434473 0.00145507641869494 -0.068491716047843
0.655571589368144 -0.106359412438217 -0.13741306356445 -0.0959887985010792
0.45950589960654 -0.161871497997776 -0.651725625047797 -0.106803085953757
0.318808804371054 -0.303352238260021 -0.443616059304931 0.15130813138357
0.0696796050524927 -0.404757275627312 -0.0878023659929963 0.155530780499762
-0.20009306948307 -0.320674685124193 -0.0655229105367154 0.0416917373879088
-0.276119066312502 -0.0820117647846174 -0.172895654181784 -0.0163741229957072
-0.252438705173482 0.055620411034668 -0.279609149040477 0.127111225369836
-0.251398190902517 0.171509837803635 -0.225722965376996 0.248345690136013
-0.199708512424473 0.198188296385574 -0.189068638169195 0.31136241940999
-0.20667718778497 0.18098905448906 -0.215079507491923 0.289725845012536
-0.24963575658664 0.0574824612608074 -0.269719541717051 0.208038256535966
-0.231484414584957 -0.0686289419765032 -0.287760673319829 0.036737570685833
-0.168829631021696 -0.25977623377699 -0.198966697516705 -0.0875762100134578
0.037048760558056 -0.325083632289926 -0.0574935713628647 -0.102884703756019
0.267329906844734 -0.211798598126147 -0.0622996407553985 0.0020204105796242
0.462781308892783 -0.0937904157441009 -0.307504278100773 -0.0661740814836804
0.196028775407428 -0.142112033026764 -0.739650450413119 -0.0980447645760155
0.0959619228667789 -0.165539479546874 -0.494112980621912 0.183961473765342
-0.00158827486285303 -0.148519058601116 -0.100624159170752 0.13767527729396
-0.0691675808933725 -0.0913043977699182 -0.0835876931448272 0.00976179209594013
-0.076909013613081 -0.0359751281423875 -0.229558731234899 -0.0190446308277385
-0.0921885079813816 -0.00377426795589724 -0.344362892610873 0.146521292413351
-0.124521912434414 0.0322506345884156 -0.289285764676516 0.305942079310159
-0.105341725320536 0.0477613651643062 -0.231591084137158 0.355511568785663
-0.11264689616488 0.035466639784336 -0.266047599527401 0.323256038612252
-0.112940944221594 -0.0192582072981941 -0.316733575400868 0.194656469732314
-0.069710935348953 -0.0657214866423576 -0.306238939146204 -0.00490670969160017
-0.0270614000684588 -0.101121699131718 -0.168726277072374 -0.111455320839114
0.0283317199966967 -0.106886144015793 -0.0390070198434571 -0.0963054979698182
0.101693853728214 -0.0851643832492449 -0.0994342818547427 0.0533549252366698
0.213045708993003 -0.0762603938769891 -0.409474793895727 -0.0297007175593788
0.118109390786909 0.0639326838530722 0.437224119138919 -0.0830168174340367
0.103147944289606 -0.0308484207731606 0.154460726201416 -0.150528458310575
0.0211065732149849 -0.113904642812819 -0.00962430740833466 0.0806016311620581
-0.0882398502324639 -0.0892951471784623 0.122002688151281 0.143225893395515
-0.0940016240377968 0.0309659524658029 0.302992512636052 0.0367713310406271
-0.0416136959166701 0.0701918855330457 0.363265364602018 -0.170252647378633
-0.00044269841487711 0.109915652750068 0.285747988763484 -0.337981522443617
-0.00279484189353628 0.111558717675881 0.219530385422107 -0.367152366525397
-0.0114575942109915 0.114722181106915 0.269526166573007 -0.341893034290095
-0.0613637494972372 0.0847754848102674 0.310589850371166 -0.191742998141037
-0.115086267327638 0.024481789619508 0.252131919566583 -0.00954209702115647
-0.0971660129984199 -0.101585601003603 0.107725414509489 -0.0135292913009447
0.0356579530956684 -0.109967421663045 0.126463572751892 -0.117244072245855
0.0839733987262165 0.00412156298761995 0.423849207912907 -0.188979143419886
0.0493834502782271 0.0696588346198806 0.770126808217292 0.0683029337809956
0.359575685394228 0.00380002924258319 0.347911106950818 -0.0706593557988527
0.273199897838321 -0.155696184984462 0.123189550590212 -0.122173940144079
0.0703065457552932 -0.313602549274914 -0.0101631572620796 0.0980686342083193
-0.190599253074723 -0.26808571206274 0.101920228162089 0.161679604202348
-0.254317994929156 -0.0106164221550874 0.282104878021845 0.0493912520426633
-0.18606024132221 0.123051771044528 0.335353168507388 -0.129207531619393
-0.124675846517374 0.242362537078054 0.26928557892301 -0.291110916017338
-0.101870679686208 0.26264972127464 0.193592282614107 -0.300869754988102
-0.122702091713244 0.261804689035806 0.226992895160103 -0.284367348657311
-0.220033042024712 0.156503968860167 0.255033610323342 -0.14356325177095
-0.293472285761012 0.00906852115100972 0.191933595199074 0.00309976671015718
-0.251369359907473 -0.280718418796909 0.0511862872411924 -0.0271182525284834
0.0452180571490025 -0.35991335876838 0.097830810228456 -0.140481666857553
0.283406059141809 -0.161488638538458 0.392629276991185 -0.240832600267012
0.354061907246265 0.0171875619770917 0.702377383947821 -0.0181819989897141
0.563345841061475 -0.0539974922762722 0.190723359827831 -0.0689689599486745
0.426499223092559 -0.275510738913872 0.0513095324488506 -0.0759204117390353
0.114218663612717 -0.499769026934201 -0.00970588912288855 0.125226957904655
-0.282238771414246 -0.432813455755579 0.0856231957768345 0.169451485709841
-0.397735187786875 -0.0549596199197867 0.235602070916054 0.046658071013814
-0.31372600444488 0.155272712895385 0.261009488304211 -0.0775657799053282
-0.23639551745823 0.338081750661976 0.21069209449712 -0.205104960913701
-0.186850257913742 0.374744815788845 0.13940904056213 -0.188158816782365
-0.209564353082821 0.37122271049919 0.153065591569426 -0.178883874993265
-0.339898437077591 0.215759282567591 0.162876436595618 -0.0673173339309389
-0.430291242222702 0.00809031438827353 0.0975354854742143 0.0216397697961127
-0.392683909007357 -0.404680474651661 -0.0216209083850726 -0.0370670001486469
0.0202258351792525 -0.564336321349201 0.0512352979908708 -0.152948260553223
0.422118892281683 -0.322984973725119 0.313640801830758 -0.258263687834686
0.599580691703136 -0.0518256561903813 0.544544751566354 -0.0873168906849661
0.695281774099403 -0.111130763098152 -0.0212445555917712 -0.073263333080946
0.533787182883899 -0.383401776394314 -0.0623285946970625 -0.0124734213318912
0.134198637752857 -0.644836872604543 -0.0152453956886166 0.156844428121776
-0.359150349522338 -0.549955525302188 0.0645062528808047 0.161820766579849
-0.49898810615005 -0.0889920370322761 0.15642246264268 0.0326164955291677
-0.402039281616536 0.170293552263528 0.142707890542291 -0.0186914543843581
-0.315612074487797 0.38572647502804 0.115261605544881 -0.0895777539453652
-0.242206605017024 0.430460337907731 0.0641289998984411 -0.0474634304465887
-0.260739883819767 0.424087193480286 0.0602645644096067 -0.044610775305459
-0.40384897185453 0.243374058756363 0.0490713796867653 0.0277618055418687
-0.500578199752088 0.00966318737977353 -0.0180735773539002 0.0483975232616903
-0.479083829909201 -0.460344833973175 -0.101031558621329 -0.0389982013823767
-0.0173565636115473 -0.676644786802174 -0.003621601018559 -0.146254339128599
0.485243152331447 -0.432481690353272 0.20322294914318 -0.228692900168228
0.742596394637119 -0.116189266513736 0.321396255499132 -0.122074523272899
0.730390256953539 -0.159925630196927 -0.262319807410638 -0.0786323385415501
0.555552309971158 -0.443763931391155 -0.202792714399249 0.0609122517475854
0.124779079836102 -0.699059753947278 -0.0312332431138504 0.179596175665372
-0.390324470576709 -0.577623083913511 0.0296828899229431 0.135144476259781
-0.523635691870786 -0.100457840870033 0.045437291702025 0.0148222947990917
-0.424799994365071 0.162858633721499 -0.00459366158811423 0.0448006713318957
-0.347064654125854 0.377043107409294 -0.00126874245120596 0.0407011878780152
-0.261862937745634 0.421312332946342 -0.0211626808583275 0.099759497202185
-0.27485467028275 0.408875267371587 -0.035904518136027 0.097263453685601
-0.40564470330127 0.225481283613612 -0.0693201073236553 0.123995288224288
-0.484451880054718 -0.00146271736874806 -0.13476784873143 0.0738597049905053
-0.462762760366099 -0.443251950502704 -0.169358496716991 -0.040518153281259
-0.0317564587917849 -0.663355963328851 -0.0483128694609203 -0.128483767873585
0.46861648099305 -0.445411153451895 0.0896509842821864 -0.158044551217366
0.759475625514247 -0.151311288512604 0.075377010423848 -0.117429806547068
0.647649555506438 -0.190843348486874 -0.492123898400636 -0.0781967947233857
0.474945881773547 -0.427062650534199 -0.338638935116099 0.130027031682024
0.0920846447957796 -0.619575205753634 -0.0551188278584342 0.181215169245161
-0.343253763687148 -0.490742216237946 -0.0172905854375525 0.0911430440993639
-0.447403188014049 -0.0900478527528386 -0.0756702240489951 0.00102754401908972
-0.37182200709891 0.130744847754281 -0.15351440354856 0.104688665760683
-0.320585920152731 0.31098272286648 -0.118572360924877 0.166414905200328
-0.242228956234078 0.347335105130105 -0.102608105572807 0.2312327138967
-0.252277499450501 0.327540632982466 -0.124411856912946 0.222331090619131
-0.349653338462176 0.164378552181469 -0.175398923193249 0.196157674602283
-0.387993502126526 -0.0286458012342444 -0.230627454028322 0.0802654954166552
-0.352938016069162 -0.370131645993005 -0.207852408813386 -0.05046343259201
-0.0132566384155003 -0.534510317972275 -0.068464422022986 -0.110647460039997
0.387095627675841 -0.365702245451367 -0.00129766113833075 -0.0727585983323917
0.657434594762631 -0.152568241020789 -0.148646108358455 -0.0876850518470773
0.457091481252283 -0.190714091982875 -0.666958978454476 -0.069926032337892
0.30707518489172 -0.32888477187864 -0.438989783557277 0.182704104549409
0.0439480819268234 -0.419096409854034 -0.0785442481418648 0.164838281941203
-0.228163094523133 -0.312521525588526 -0.0596453817607437 0.0463338902291355
-0.28518325387755 -0.0648597089679139 -0.176588963385202 -0.00510613796909847
-0.252022113250099 0.0733951910824303 -0.270738333382511 0.150060955669567
-0.240565209707486 0.194077604012456 -0.213932242951981 0.268105821599593
-0.186721262397194 0.219610916829908 -0.169847484375756 0.32764747557274
-0.196345874103368 0.198544563529838 -0.196600875014016 0.307263294761152
-0.248746480986251 0.0772309227457088 -0.255832508516224 0.228350131677019
-0.240745474042244 -0.0547529528958998 -0.290052450697255 0.0579293382810493
-0.191707929404663 -0.25025601838874 -0.208220430746794 -0.0738547676751046
0.0136075532334472 -0.332599227651521 -0.0641600891591168 -0.0997515176877692
0.25690626611699 -0.231563443871554 -0.0617111344335973 0.00372542360793108
0.463248426293163 -0.12776356964286 -0.319553387782807 -0.0468343210575108
0.191513834116362 -0.156389429402929 -0.755179332622283 -0.0559330295857051
0.0897147523468849 -0.175656468440314 -0.4882169576249 0.218445287604665
-0.0113636306407502 -0.152694660616169 -0.0932327775257901 0.146702063861818
-0.078197621913296 -0.0884900116949139 -0.0811749838529286 0.0144010817543551
-0.0799275433216769 -0.0314004210191187 -0.232834570900016 -0.00370096066038601
-0.0936162422242491 0.00130272915919089 -0.335109598638347 0.173966518818294
-0.122788570367956 0.0441420616809891 -0.271871522748384 0.33028644860947
-0.102589542814006 0.0584449793419192 -0.210627514375049 0.37458598697605
-0.111517086625727 0.0450427795659863 -0.245155320413129 0.344271604370978
-0.116086474113574 -0.00970441035192957 -0.30374570952109 0.21736762653571
-0.0760752720304481 -0.0616240703409454 -0.310738595954572 0.0161760422979084
-0.0364635737708553 -0.0993734609616762 -0.178259719191736 -0.10082640403663
0.0186862903396947 -0.111303451778128 -0.0458696318283454 -0.0938185562711637
0.0971239143482759 -0.0937158431494109 -0.0958681284502081 0.0588668089882723
0.211495228639341 -0.0942539985315076 -0.419880436483433 -0.00262235659306433
0.11884348697069 0.0547709760609157 0.428908424020049 -0.109804384936253
0.0985733016680931 -0.0347189215062725 0.141103495148328 -0.158363900519806
0.0134504026034142 -0.113300156846122 -0.00294086971365142 0.0819870251119586
-0.0940987218775752 -0.0824764164406789 0.129908405063145 0.132882809170731
-0.0907039044988827 0.0355088699486012 0.298004651962781 0.0142509175406891
-0.0373734204199841 0.0724054994208142 0.341640112893621 -0.19556634009915
0.00746970179415098 0.106254426750402 0.253947108797715 -0.351714635396195
0.00693068684855429 0.109712536991818 0.189232569945391 -0.376477954940306
-0.00296441172057014 0.113277278205958 0.237726274362323 -0.355183367195627
-0.0533695681308904 0.086558849869536 0.289453810972749 -0.210393305093139
-0.111333804786545 0.0325444345044207 0.248611700125349 -0.0276125174181462
-0.102913908624981 -0.0928319610964493 0.104879094672815 -0.0208017322934105
0.0293637564772787 -0.110063615944416 0.116583450888304 -0.125717469197533
0.0831852246932312 -0.000495126461350116 0.405462365895517 -0.215015559205579
0.0523015985950329 0.0649134639022413 0.76324927561391 0.0155975747991838
0.352416044291902 -0.0197284352715444 0.341558928084641 -0.0921660630783417
0.25653836885789 -0.168732638521225 0.114041943066273 -0.128063309165777
0.0473903171473236 -0.312952144528625 -0.00179998062997313 0.0992990570553841
-0.208327835909852 -0.250524882212339 0.11165321550685 0.152593496959073
-0.251912472991627 0.00589176915152719 0.277780879710198 0.0284215681501018
-0.176332890053402 0.134673400910685 0.318060583179765 -0.153344203503114
-0.103844722040615 0.246545656581858 0.239310436425343 -0.303763502531838
-0.0774905435205415 0.266672420395984 0.168755463237025 -0.308576913826736
-0.101189073058529 0.266150583026487 0.19935817635315 -0.294741036496365
-0.205019324909565 0.169696769433696 0.238427991530755 -0.158465874532894
-0.288846605549694 0.0291459911694573 0.188787234155878 -0.0103244006862321
-0.269300941261341 -0.257700535474436 0.048697977109115 -0.0298180373677192
0.0202398195623615 -0.357857624148585 0.0880824052343186 -0.146529898876982
0.269441731261976 -0.177536537529368 0.372257793485432 -0.264618056681467
0.349156491334848 -0.00798941429848952 0.691637913280834 -0.0637863386994091
0.54893581762054 -0.0902853680667849 0.187068840034793 -0.0787794610605901
0.400676564880917 -0.295199603975957 0.0478456687237869 -0.0780344755610459
0.0760177508372013 -0.500072169258856 0.000796193977283246 0.125822946235401
-0.313029591848426 -0.4060233594827 0.0971720534677576 0.16161823433287
-0.395347346666537 -0.027848455162441 0.231516356857663 0.0296100142411506
-0.299963498401007 0.17674196213605 0.251165332585658 -0.0963486571154471
-0.206396047219357 0.350694135915358 0.187959031963289 -0.213011948066399
-0.151565618569287 0.385006409199833 0.123922648361748 -0.194000925223236
-0.177953267942867 0.381187341356996 0.135009417278383 -0.185109786781672
-0.319514157242714 0.237435659501279 0.153784653998235 -0.0772775658446256
-0.424954587429613 0.0376711910256263 0.0967615902062217 0.014958695929373
-0.419226346541518 -0.370136128899793 -0.0246713852177837 -0.0336343806682275
-0.0203099381177958 -0.557847261698026 0.0426846033801875 -0.155791706338094
0.396276427523005 -0.346205990599588 0.292689084572122 -0.277251819954085
0.58674652105454 -0.0928813732803987 0.52965930796138 -0.121349795469287
0.67915143665434 -0.155449659954527 -0.0222659518291196 -0.0701452813051737
0.498930793717567 -0.410235873436432 -0.0587429243019656 -0.00787778852860523
0.0854913849013218 -0.645214472372207 -0.00262048945363908 0.157465146373581
-0.399529521375387 -0.515085733780827 0.0774190226550651 0.15574825646275
-0.49841250646709 -0.0539550445905546 0.152978683072581 0.0218417412704201
-0.386305180218638 0.198948604327611 0.140916121157766 -0.0290055448385003
-0.280044134672892 0.404038247964434 0.10250095190179 -0.0923051529517416
-0.201823297011968 0.443954068576121 0.0600743642029487 -0.0504538753053966
-0.22496194081677 0.437613303974659 0.0546524786817243 -0.045877007814414
-0.381222488736336 0.270607293238986 0.0498438535808238 0.0242459045278593
-0.494975131227212 0.0444770833009608 -0.0157649132637149 0.0505769678734476
-0.509106838379547 -0.418034904885752 -0.103338967091816 -0.0290381069032011
-0.0655533664036018 -0.666518562198375 -0.0108483436074157 -0.145400810244151
0.449200272095289 -0.457715812115024 0.185587579934213 -0.241685946202437
0.722077830034997 -0.168568146728094 0.305601936346023 -0.139592326967922
0.708929675700059 -0.204503765141163 -0.260749040473665 -0.0600924202257402
0.518249706435513 -0.473596369524994 -0.191915076230291 0.0744199050587502
0.0736871134287798 -0.701173685450899 -0.0176055265654511 0.181899753331218
-0.430506431625143 -0.541629288081998 0.0414307078617859 0.131414565257569
-0.52375369345861 -0.0634347891125652 0.0432295543080465 0.0123383956507384
-0.408984023438412 0.193478640365652 0.00165627053455415 0.0446819355588912
-0.311082040428926 0.399926549117462 -0.00177632317601852 0.0440956210704508
-0.222480297134435 0.437829095250945 -0.0124499300739231 0.100165396373436
-0.240128580077972 0.422220291705596 -0.0289538201323881 0.100640204628529
-0.383828034101867 0.253348642514154 -0.0582334539154816 0.126931279573427
-0.478296242458227 0.0336741179668765 -0.128753984839328 0.0834968122807397
-0.494522730142589 -0.402898270490801 -0.17125018272242 -0.0256745911873958
-0.0802130156422177 -0.651934624979909 -0.0534131169376086 -0.124116248849417
0.432746695141043 -0.471265662411211 0.0785019665786845 -0.16550029354953
0.735863847213853 -0.20589013167526 0.0630556847802776 -0.118993658343828
0.624113112275441 -0.229673935526825 -0.488045120423911 -0.0454943858818046
0.442301626322425 -0.45491452233254 -0.321937633443401 0.151705877719606
0.0457479030106418 -0.619662558576376 -0.0405144184879696 0.183737637625585
-0.379893873923322 -0.460900928988 -0.0075894441284887 0.0915254801000407
-0.447464754786767 -0.0589530989261963 -0.0761139607791476 0.00739947186166609
-0.358788609568195 0.157052770524489 -0.139005424724879 0.115458884239219
-0.288430945160609 0.333011835101325 -0.107262810282931 0.175346076756619
-0.208298483273134 0.362940152197966 -0.0840898012749392 0.235122794358523
-0.223167308228072 0.3423229045533 -0.105648429923302 0.228593182901115
-0.332648182866224 0.188943124468948 -0.156748106038879 0.205635021789723
-0.385525995489723 -0.000334579264747292 -0.222329809731601 0.0973771790960655
-0.377988472599441 -0.336477643554822 -0.209432091080819 -0.0330928684732122
-0.0540673497304964 -0.525351449409467 -0.0730885788028331 -0.104324193097228
0.356418497998858 -0.386772765947623 -0.0055698256923539 -0.0742535705404112
0.635272475987091 -0.20052233555943 -0.155749848703156 -0.0746766541460134
0.438443957163853 -0.218305311238339 -0.661572558392013 -0.026459181578787
0.282773646311418 -0.346448304378955 -0.418790292947278 0.210319356880059
0.0130537852115677 -0.418939305186796 -0.0656353803380186 0.16884714824536
-0.250388664299612 -0.29206901913536 -0.0525775413292371 0.0498108876233122
-0.285392151274876 -0.0447266741990904 -0.174027619846669 0.0078895975953192
-0.244495258336667 0.0916840697559674 -0.251620842454569 0.168747287685829
-0.219610488462328 0.21191176461146 -0.192139426154193 0.280857861262512
-0.164256675964196 0.233061448412569 -0.142766853508466 0.333689955879845
-0.178455602126173 0.211316926529531 -0.170185242395872 0.316382386015653
-0.239377324468921 0.0961291783226788 -0.233312673678091 0.241501091778158
-0.242242455015703 -0.0369331232155197 -0.282073425379491 0.0789847529419389
-0.20976035166838 -0.231161429424003 -0.210569826527088 -0.0561318400032619
-0.0126919235463325 -0.328519452011336 -0.068563934819921 -0.0938671137590293
0.237664806619731 -0.246150261085598 -0.0599402848808365 0.00554161534966077
0.445176826732174 -0.161122749199987 -0.319901038311256 -0.0228252774043055
0.179689579168662 -0.167361215147456 -0.752351850092075 -0.00827340341987089
0.0789897883911409 -0.181394391417124 -0.466370646670929 0.24877913127762
-0.022691179870997 -0.152480984014648 -0.0812679253053727 0.151828570184875
-0.0847233756340239 -0.081401384773654 -0.0765024741344921 0.0191229990140421
-0.0807775511791874 -0.0257580366254647 -0.228182262719148 0.0129124391308252
-0.0922280266703255 0.00778154571043331 -0.314013054558217 0.197420882409337
-0.11533120301232 0.0547180493245088 -0.243861484010787 0.343282016079879
-0.0954407260985697 0.0673764377265235 -0.17889414279626 0.383766071670631
-0.106518051277243 0.0538254453615609 -0.213665017818906 0.355255035811676
-0.115447579467262 0.000917343745202418 -0.280226349164074 0.23357631208861
-0.0805701985999608 -0.0546556634046097 -0.30476027518304 0.0389454391570718
-0.0444134882047582 -0.0941127286392409 -0.182953570419968 -0.0859263353200179
0.00822116271898868 -0.111605183561012 -0.051869788969559 -0.0886100420144144
0.0884425080716767 -0.100271072772631 -0.090074810659482 0.0628685841881079
0.200416408640748 -0.110391325045372 -0.415743230380803 0.027672305678745
0.115802116952832 0.0477529340991678 0.411554321440254 -0.125401603535979
0.0928479934825262 -0.0357323107651743 0.128746514482132 -0.158794209260772
0.00757909129951575 -0.108841884482324 0.00340679035359946 0.0806354501452247
-0.0961355327436628 -0.0753248309917063 0.132240042201815 0.122403863380476
-0.0866538632927495 0.038070245233646 0.286575583563513 -0.000644962076083262
-0.0338924346489254 0.0718513543515559 0.315764164958048 -0.20672013872822
0.011910273519578 0.100728015909317 0.224797203700842 -0.350892097760416
0.0132471507218471 0.104468804638995 0.163075272304994 -0.371713487172429
0.00320798894018013 0.108739794812302 0.208589115717669 -0.353347420312594
-0.0473618281100528 0.084954474226333 0.266816189506713 -0.217125022228753
-0.105165175733971 0.0362884722978995 0.238940449266569 -0.0402299227652877
-0.103118840889958 -0.0839327618797672 0.0999157780308251 -0.0249523317250085
0.0240984735191019 -0.107198998626614 0.106388406714523 -0.12762855233948
0.0807813393773676 -0.00387216687866261 0.381542297046297 -0.226821250704997
0.0529945606684964 0.0608463557240475 0.739944615714246 -0.0198227856386931
0.337685924767715 -0.0356524789011217 0.329627666946219 -0.103508879926619
0.238999267324651 -0.171142672063194 0.104672519343832 -0.128569174910144
0.0295332085667355 -0.303500813841128 0.00536943345543272 0.0976247778653675
-0.216012443423164 -0.231428241973065 0.11628654915185 0.142373358351778
-0.243501374900609 0.0173595465589206 0.266600588117741 0.0149878497202144
-0.164419946718051 0.140460980219233 0.296895983931661 -0.16464573805792
-0.086989743657448 0.24287811804843 0.213163723323679 -0.301375439331867
-0.0580570367344748 0.262140164269633 0.147889583814912 -0.305669581990436
-0.0830296913873831 0.262560059034956 0.174339161223855 -0.292274406598976
-0.189084081425472 0.17342700661479 0.220267260396451 -0.163946914187641
-0.277665621471709 0.0430247550968542 0.182605918013109 -0.0197932904493224
-0.274357052024199 -0.234775531902056 0.0450088203210107 -0.0301247683728079
0.0023286263135996 -0.347005288155744 0.0792591793722284 -0.1480463310374
0.252759415768602 -0.183613610428529 0.346876915741663 -0.274469184584883
0.335823948355456 -0.0256041589435423 0.663900130439907 -0.0925657630149088
0.526025216737249 -0.112131481470996 0.181288626543477 -0.0848462184287578
0.373668652304422 -0.301849990043173 0.04501617978956 -0.0778658847929884
0.0483054931104547 -0.486047895384267 0.00924815716850761 0.122788045495075
-0.325381376532621 -0.376287167046636 0.103474711256222 0.152316288198557
-0.384297067215453 -0.00852647881591048 0.221986046067276 0.0187956674984787
-0.28214219035121 0.18830298160527 0.23699969606052 -0.10675725007728
-0.179153773736473 0.348728346460355 0.16744302818861 -0.210822473393291
-0.121455305095699 0.379883617121743 0.109841485494117 -0.192697051189272
-0.151222711044066 0.377598463856364 0.119027107059761 -0.183104666302511
-0.296348080089819 0.245920995332297 0.143784619445703 -0.0813923842554724
-0.409920491146948 0.0586262681430402 0.0943651605342267 0.0106206438774837
-0.426858240529375 -0.334139397860976 -0.0255809540120249 -0.0290114147131376
-0.0465302702803137 -0.540079242218418 0.0348115359237356 -0.154426504051735
0.366285673551732 -0.352907974660954 0.269170306347513 -0.283951004861401
0.56073785796302 -0.120867659664911 0.504863939494824 -0.139522547981566
0.647004698849687 -0.18059508233036 -0.0206530145503928 -0.067057691093451
0.463349922582157 -0.418055400246063 -0.0543382122157954 -0.0057538778005977
0.048757066082019 -0.629835797756798 0.00717110140830964 0.154766100512724
-0.416684229303228 -0.475263793452251 0.0851182432745993 0.147060592394081
-0.48453970037648 -0.0286531851034881 0.146516120536008 0.0154743496669336
-0.364228813659532 0.213237714161847 0.136665333215751 -0.0359070904741421
-0.247359357319643 0.405107710814665 0.0919165640897714 -0.0890977462638379
-0.166520989031802 0.441412141683751 0.05636905752143 -0.0509879777151498
-0.19320593913034 0.435862994383153 0.0495892914250412 -0.0448169828113679
-0.353124316176704 0.281222144085588 0.0490164861098339 0.0215740418432172
-0.477450943744764 0.0684851393531356 -0.0127729439116885 0.051200855820026
-0.51715680571769 -0.37701185016753 -0.101913886558853 -0.0203994881594675
-0.0993520269756333 -0.641933226401517 -0.0159810271788018 -0.141928037232337
0.413382995619872 -0.464234037102695 0.167771704649232 -0.244989103620786
0.686808933908622 -0.199503856924673 0.287785124457887 -0.147372019663738
0.674934240085275 -0.230302680963304 -0.252120237498179 -0.0467299361015461
0.480464077901996 -0.482543205380307 -0.17942996727156 0.0802385730199814
0.0345197844196662 -0.682651012284505 -0.00576430461184208 0.178094746628885
-0.448941099469153 -0.500412454344479 0.0492316845041118 0.12549621678972
-0.510926737761424 -0.0362968227395909 0.0413791200923133 0.0120424720101286
-0.386654362277197 0.209483938780315 0.00786062632627596 0.0425273421495976
-0.275032994269297 0.402770485507107 -0.00181659969017105 0.0477413689233344
-0.185073518289725 0.43688048225518 -0.00628525680640716 0.0973304222495528
-0.208179030044174 0.421202449605186 -0.0228874974030909 0.100249937571372
-0.357628835105858 0.266150212805245 -0.0495352851537044 0.125805251940948
-0.463825063729794 0.0566485700941725 -0.120788934368047 0.0896832649406453
-0.501018357759843 -0.362061828139541 -0.166495556925347 -0.0137214681535772
-0.111971891882447 -0.625607299489467 -0.0559727335093069 -0.119375297674478
0.395657124541053 -0.475754409332909 0.0678046063124615 -0.166385674071604
0.698460398640648 -0.236581355025358 0.0533508987830131 -0.115799798532152
0.595397955163495 -0.251063812291302 -0.473159943754213 -0.022159921434573
0.408641056143947 -0.461622199012198 -0.301735454256144 0.161204116896009
0.0119166453365102 -0.604530096167804 -0.0293928304708869 0.181893767837261
-0.394380572268233 -0.425114784950858 -9.09573088947097E-06 0.0890367332140666
-0.436000654663326 -0.0349081539382076 -0.0735409167064495 0.0128376527834299
-0.340143265484289 0.171026294222401 -0.123842068073699 0.118190739334385
-0.258598318192246 0.33869379822504 -0.0952465464049274 0.179344485278773
-0.17730269968101 0.364002124168153 -0.0682564483576628 0.231313573890441
-0.196779089158626 0.343247479551158 -0.0892732126376715 0.226261613560876
-0.311145496045616 0.201034344569038 -0.139681258137735 0.20539302673966
-0.375282408294704 0.0193975294995007 -0.210127046800558 0.107290384114308
-0.386695137239587 -0.302891485279648 -0.203949377922327 -0.0191891735254181
-0.0801634922409098 -0.505904750509288 -0.0740770180385538 -0.0989406363793066
0.326097313749753 -0.390914264453506 -0.0095964859964951 -0.0741407498410503
0.601774371926483 -0.226451023033077 -0.156497751808632 -0.0627971415120696
0.416389082218406 -0.230807584191611 -0.642082687898107 0.00211430546270467
0.259305145258851 -0.350316281909697 -0.393678715705379 0.223055155615887
-0.00919592104710996 -0.408389070605634 -0.0548622532509392 0.16764220400852
-0.260638201625167 -0.269418006320078 -0.0460520263616142 0.0505409048252745
-0.27890157206445 -0.0299674527719043 -0.166919566967277 0.016984358983662
-0.232660659933219 0.101825143446574 -0.229681074358634 0.176174932533153
-0.198372801054066 0.218370535986406 -0.171656526205289 0.283656731968373
-0.143057781159528 0.236298915846634 -0.119718256611932 0.32832998952978
-0.160482388227233 0.214386316728088 -0.145924211417998 0.313142113604867
-0.225634208126877 0.106966215025263 -0.211252206587627 0.243503299403278
-0.237945416146712 -0.0236619105300228 -0.26941366502816 0.0931969957110852
-0.216525994638251 -0.209645242155311 -0.206440201529902 -0.0423969698605411
-0.0319789385334269 -0.315927731432086 -0.0699243344618953 -0.0878078440291267
0.217093782374663 -0.24918611711863 -0.0572844152845951 0.00548439766862407
0.420108929297846 -0.179697752969845 -0.31337367072846 -0.00524636849154018
0.1671142836408 -0.170248833430097 -0.728355572409569 0.0252688811671408
0.0693438805202248 -0.181987517060712 -0.438997838048421 0.26299357790302
-0.0290928663529375 -0.14837661182749 -0.0714348739771934 0.15086178947507
-0.0874483021495929 -0.0741830477510345 -0.0710132412122571 0.0207000943952564
-0.0787164596026259 -0.0213746920060943 -0.218137407341749 0.0232569543186165
-0.0886543771827474 0.0126541187616983 -0.289598021373567 0.207073982153614
-0.107259655215799 0.0614047268782209 -0.216030099362053 0.345014180707083
-0.0868806051165644 0.0722137983131666 -0.153041738587612 0.378025214060063
-0.0994296856222532 0.0591684737291147 -0.185089741512729 0.352186797897258
-0.110511481606658 0.00885972222604326 -0.256989064716026 0.238382818988476
-0.0822899751361367 -0.0485736982613035 -0.292333142036046 0.0550141676074575
-0.0502161650186611 -0.0868469933279929 -0.181067260020738 -0.0725535401653206
-0.000834388196785682 -0.107793624371618 -0.0541061848757636 -0.082555455698614
0.0802517530378458 -0.102484419941425 -0.0834194769447034 0.0631384628840267
0.187185684831643 -0.11836987034758 -0.402953366241017 0.0467324666358958
0.111864242453544 0.0440514558850485 0.40075537857786 -0.129888553021578
0.0891620307752893 -0.0336660510749119 0.122310742594492 -0.15615881000055
0.00443782013599616 -0.105145410606358 0.00813138101990941 0.0791805294484112
-0.0955081260251271 -0.0709430564479269 0.131368973513591 0.11540946688419
-0.0847621110031817 0.0389675645225225 0.276183412946744 -0.00735165674833927
-0.0323067587816955 0.0715773729996157 0.298765619154561 -0.209470679648512
0.013639768855085 0.0963399188135064 0.208215029670196 -0.344479600768442
0.0164519451836781 0.100393385902151 0.149340826224269 -0.363477115054337
0.00626611232276566 0.104493681610966 0.190587538724762 -0.345477120965703
-0.0440097064424425 0.0820754569209254 0.252074381381213 -0.215651865074309
-0.100782483073337 0.0379662632858326 0.23190603304896 -0.0451811253451484
-0.101427287149089 -0.0786495021806798 0.0958291178178029 -0.0268502419600468
0.0220455183871149 -0.104516964746745 0.101180750886316 -0.127278300479738
0.0781853016667618 -0.00451835109439192 0.365712802785249 -0.228727039443993
0.0520157532029226 0.0580065631258901 0.719408224410466 -0.0333842158151104
0.32544365196382 -0.0409240413653239 0.322497002387023 -0.106687292416664
0.22821147186008 -0.168216951727078 0.100322658065742 -0.12664949800824
0.0201157808669323 -0.294235008760708 0.011303625889831 0.0956935902133066
-0.21759271820631 -0.218364921601906 0.117472536901346 0.135969810018425
-0.2378118479183 0.0212356798158316 0.257426682932803 0.00968344369103337
-0.157536749929926 0.141781618836439 0.282168750184497 -0.168257963342898
-0.0771853670103961 0.23713379419373 0.197438494426509 -0.29532480761742
-0.0470156639199242 0.255875862298582 0.136006741461462 -0.298754706649948
-0.0726269681730439 0.25680229549569 0.159937068030562 -0.285696556655445
-0.180587482006372 0.173273437714452 0.208857474695877 -0.163372543475913
-0.269260219334272 0.048888654482614 0.177162772444927 -0.0243416021247886
-0.273612449170997 -0.220090293561274 0.0432565647721461 -0.0294907441453481
-0.00615251823670643 -0.337432817898551 0.0749555659407354 -0.146726817503712
0.242466020914062 -0.183785240520965 0.330501170216616 -0.274937411215189
0.324680416061875 -0.0324723801521571 0.644852919349737 -0.102355744162279
0.506495781215093 -0.119215917542001 0.178801342533954 -0.0860417792928957
0.356594815988471 -0.299215939128555 0.0437362363184488 -0.0768482551561171
0.0336228904434271 -0.472313961890357 0.014990441947033 0.120691304286311
-0.329047345322561 -0.355769694509077 0.106432922490329 0.145830912331815
-0.375131909513018 -0.000750531818100308 0.215259106117662 0.015725299760295
-0.269830172862258 0.191699918829161 0.227638797987035 -0.11065712903941
-0.163005491824826 0.343207720243916 0.156496405161776 -0.204652530843461
-0.103302701505697 0.373976920576856 0.102155688926075 -0.188784104928417
-0.135907550509414 0.371170159247353 0.108857224693215 -0.17782085298217
-0.281173904724972 0.246169886836191 0.136302531584775 -0.0814700611808942
-0.398713269559481 0.0672668049976077 0.0922478042996743 0.0090443776980453
-0.425667712683679 -0.313246642895285 -0.0252614738164833 -0.0262385859060135
-0.0591733819338924 -0.524050070716815 0.0316001829496368 -0.152752393654741
0.349769832130948 -0.351159060635271 0.255742574086827 -0.283382174055737
0.539537563118703 -0.130866892142639 0.489050550177363 -0.143347930023304
0.623606325041899 -0.187998753873236 -0.0178877995678765 -0.0649492786950072
0.441756666156814 -0.415522500678432 -0.0508065626271208 -0.00474863017409655
0.0299799236042383 -0.611559336647259 0.0139717192113131 0.151477574374712
-0.420828270673438 -0.452103540948523 0.0888046459466781 0.142427468209532
-0.47428261752803 -0.0162557965533309 0.142444576667698 0.0147438187131061
-0.348622338301435 0.218648078983628 0.133797595033792 -0.040082285336888
-0.226251670333984 0.400540730306561 0.0860476633829696 -0.0834528242407598
-0.14510033786482 0.434352801459713 0.0541698284725445 -0.0506851243905236
-0.175174295873232 0.428323587353492 0.0459788801891709 -0.0425074845464378
-0.336617034630234 0.282939751945575 0.0480277843623387 0.0208554534264633
-0.463656487222689 0.0782297931707031 -0.0107684473772314 0.051871497421498
-0.515144597485573 -0.351242541477621 -0.0988580088158892 -0.0153733003747459
-0.112098347146105 -0.622381266200426 -0.0173544066525752 -0.140069560521415
0.393119937516235 -0.460254912937741 0.157403642928714 -0.244334528116535
0.661443117901863 -0.211552448805959 0.274784273402451 -0.146920910721003
0.652181016362364 -0.237497240931997 -0.243293826776792 -0.0408552743509479
0.458386500870636 -0.479212698982937 -0.170532852680001 0.0812146544021252
0.0149080227033077 -0.664765567508193 0.00124177219251762 0.17509980599205
-0.453703907758153 -0.474341517483788 0.0539557522879474 0.122413546251005
-0.499909516024128 -0.0241836002752752 0.0410218938324377 0.0136735364089096
-0.37081691672261 0.21561140137645 0.011928713229877 0.0395903426429691
-0.254136578514937 0.400318985496869 -0.000844534016625821 0.0511467046741642
-0.163824493756357 0.431135948646992 -0.00316001585120175 0.0942211106458486
-0.189382725479933 0.415816822628015 -0.0190904445280892 0.0992532794194467
-0.340143026014595 0.267514298802411 -0.0449892265646339 0.123684663109468
-0.451711008030316 0.0658210810597263 -0.114856881813134 0.0922531897219112
-0.500168544737978 -0.335246165905678 -0.161811858339218 -0.00649456873020924
-0.12804735142065 -0.605675353056996 -0.0550920344367333 -0.116683340576664
0.374026549592983 -0.470378402382314 0.0619964768137901 -0.165502624615752
0.670305535631262 -0.248207810684468 0.0469182067834513 -0.111240337147249
0.573320838119436 -0.256706924118487 -0.45936803657288 -0.0126188533735686
0.389661403004865 -0.459085850197898 -0.288836570416743 0.163009423974365
-0.00433365829463872 -0.590498043967819 -0.0226300548482617 0.179814439062771
-0.399290373268895 -0.403533175649925 0.00504773132117075 0.0877034649541289
-0.427011096330851 -0.024741879781671 -0.0697790711370826 0.0163545841069652
-0.326109259854386 0.176900281145004 -0.1129815525409 0.116765071465438
-0.238253151179719 0.337405161327482 -0.08851431748246 0.180190367640286
-0.157541641294575 0.359683356853885 -0.0602832298452807 0.225395774211062
-0.180764500492595 0.340059345437038 -0.0802440440086594 0.221866668093628
-0.29591335964735 0.204178966227904 -0.12975512740284 0.202644963130735
-0.365634637638575 0.0280919428617935 -0.201485253728436 0.112509793168625
-0.386414304642287 -0.281369590054807 -0.198252187911843 -0.0116042366424177
-0.0921805506386977 -0.489182068191319 -0.0733130856339991 -0.0963109004601734
0.308047863262011 -0.38605113657498 -0.0105366748726996 -0.0748051581316143
0.575636191605031 -0.236716110138251 -0.156470126632367 -0.0556487707292907
0.398983653349117 -0.234539229964762 -0.624573000313755 0.014310532708733
0.247113047877163 -0.349338320816294 -0.376804437916238 0.224677834070017
-0.0194690120934926 -0.399676567136229 -0.0487015582732457 0.166016655242142
-0.263275755290404 -0.255744415147705 -0.0415814733980457 0.0501969829160843
-0.27257945078385 -0.0233947188175713 -0.160309000103498 0.0217457247663042
-0.223610641582275 0.105652649883121 -0.21447159217324 0.17625700325104
-0.184254664123275 0.219001300617789 -0.159622075926604 0.281838239624509
-0.128857103052394 0.235019770783856 -0.10897573401371 0.320748723577891
-0.148923827486389 0.214684450481234 -0.131641985276607 0.30652353416786
-0.215500279272191 0.110899661964658 -0.197441947850752 0.241215528105972
-0.233328587254075 -0.0154587414606036 -0.258097982371442 0.0996052272956751
-0.218257131805746 -0.196058583514961 -0.201546878938715 -0.0343293243940657
-0.0411112216751929 -0.304826745854197 -0.069214545873043 -0.0852939338729626
0.20496560444996 -0.247889605682245 -0.0553990662597785 0.00418180866749407
0.401584904694972 -0.1865636016303 -0.307014693558778 0.00295438400973292
0.160103572148076 -0.169465050518694 -0.709256807433834 0.0383329400424733
0.0652505449507484 -0.18124098440232 -0.421284765892746 0.263859269093232
-0.0323621147550277 -0.145852853770339 -0.066084907483515 0.149579625591196
-0.0885679749089958 -0.0704589799931584 -0.066914723929863 0.0216294358744621
-0.0770735317716128 -0.0201276388856955 -0.209803193987055 0.0277147502589645
-0.086134768689969 0.0141407496447051 -0.272673447046564 0.208039735312062
-0.100382192072674 0.0631039668548687 -0.201389753115856 0.341081244409432
-0.0805259524692042 0.0742344869588292 -0.139566177504561 0.369793082338894
-0.0943304557395466 0.0616240418293807 -0.169634554757704 0.344495609488902
-0.106257871640518 0.012845576887233 -0.242196573005554 0.236763454253621
-0.082510087413922 -0.0444030507451437 -0.282559046572833 0.0626687631095458
-0.0524661181201098 -0.081083010535219 -0.177451255209759 -0.0648640761722054
-0.00551166918867247 -0.104076871040993 -0.0546118288844352 -0.0790748625659093
0.0749665020929239 -0.102583097924445 -0.0790513376596536 0.0610417064975349
0.177784913974023 -0.121146746145192 -0.393441782736918 0.0556079209191549
0.113259981890211 0.0206228024122254 0.38513262185887 -0.206820281164366
0.0763525304689354 -0.0481275594946388 0.0973683384896887 -0.178301524811375
-0.0165510876615917 -0.0979208175752397 0.0339603042657775 0.0716405255578194
-0.103484902320413 -0.0468532162324402 0.155885583250002 0.0791483562291726
-0.0712892443061131 0.0504483862956921 0.265087835762245 -0.0638879637395648
-0.0201642829184477 0.0713053743160573 0.246550068752097 -0.263149306605432
0.0319052711384424 0.0846356368401142 0.130398572685448 -0.372475504400997
0.033422300876257 0.0902979715319694 0.0741987205618837 -0.383040415904509
0.0267060920533032 0.0943987599984842 0.117984672292187 -0.380702009414765
-0.0245986530146696 0.0847694340918571 0.205372269644218 -0.269505039884286
-0.0846141768026034 0.0541233408174521 0.221020091116337 -0.0970461292295867
-0.109746259901099 -0.0556761625930111 0.0919155997448846 -0.0490080466666415
0.00388245176123217 -0.103840174348029 0.078593092254506 -0.14693013519229
0.082088416812002 -0.0171982963442003 0.312040628649316 -0.30550728369424
0.0712791136713372 0.0504899984519939 0.70818716844563 -0.176002820287165
0.297273099168799 -0.097993254046736 0.323443559693383 -0.161965578838138
0.181866201648487 -0.203091831369161 0.0912556773588959 -0.143061386458674
-0.041186041799639 -0.27956982188148 0.0533833291187065 0.0789580221379362
-0.250783629995708 -0.15777249519091 0.154392054352518 0.08840478272265
-0.220782879375439 0.0648653247558258 0.244404664842052 -0.0516632780731922
-0.124931837635311 0.16331582887018 0.232572809598118 -0.223613175764408
-0.0222853611080899 0.237571332832653 0.117839019738297 -0.324315033262207
0.00359722032397607 0.251823909812189 0.0729572181939275 -0.317073776951012
-0.0194283557275942 0.254766078118394 0.101835098270915 -0.316451927609964
-0.13826797119645 0.198531550438588 0.174699628109217 -0.212782493080125
-0.242758890636868 0.0953611278649451 0.171355561944533 -0.0660429374258086
-0.303033491386154 -0.156173256729863 0.0443754828487407 -0.0420365021504007
-0.0683875784055581 -0.319610566285284 0.0591440984241419 -0.161208219106679
0.204278919738482 -0.225212335399115 0.265844174038977 -0.331611465600823
0.316423896053605 -0.0939828241107656 0.60973086707983 -0.217492993530365
0.453483633851274 -0.204728188129362 0.194589996738631 -0.107390977440777
0.276923753574994 -0.353033168836928 0.0537607356729479 -0.0810748622970497
-0.0653255361410629 -0.449604529772253 0.0748556323949943 0.0957297611960892
-0.386262772368498 -0.261022534840235 0.152975675793078 0.0876010687962626
-0.357085473891738 0.0723662635429488 0.199170695744569 -0.0448979223201734
-0.222084534496439 0.234040755817768 0.184515955582516 -0.160652173591879
-0.0789576171205118 0.356693596005375 0.0847306248075745 -0.230630907826849
-0.0272062636106388 0.37493561373126 0.0614527904001526 -0.204271521125392
-0.0571300729084302 0.376592479533459 0.0746177196122111 -0.201250198475914
-0.2227760314125 0.289847930640758 0.12101810775973 -0.118337709521975
-0.362828874292788 0.137352190868048 0.0939614069781513 -0.0167916048931315
-0.467702521924218 -0.215044533191356 -0.0189079864533408 -0.025897339164127
-0.156087264054321 -0.485042281750119 0.0239099908641596 -0.158997384741783
0.27366924007908 -0.409518564666066 0.188978106795167 -0.313737394183376
0.505295476306709 -0.236686360467545 0.438768831367309 -0.214812397051892
0.551952108291582 -0.292601434389462 0.00754573521409923 -0.0442083196592082
0.336138557587046 -0.480974442811058 -0.0204171627910326 0.0100837954350735
-0.0967077956094218 -0.582191011804755 0.0883472260432895 0.12039643868857
-0.495218897913366 -0.332659025871806 0.140105636620696 0.0773240027653882
-0.456691435688978 0.077344874448978 0.123629294885691 -0.0369690815936033
-0.292222767571029 0.276432622785253 0.102782677121568 -0.0760183884531166
-0.125657457298765 0.425857708783834 0.0336268734542064 -0.102476665736819
-0.0538633266763401 0.442573690537777 0.0406318372071728 -0.0601899363213469
-0.083140927536582 0.43906898447188 0.0401176597394155 -0.0557853873124959
-0.269179046072795 0.335352742780577 0.0539757104327309 1.93157987791491E-05
-0.424492707412449 0.160190682024108 0.000563406382122352 0.0474193070982546
-0.561330856917071 -0.234716889753281 -0.0886484170849637 -0.000453767041287176
-0.22708935330538 -0.567762332403086 -0.0175024064917533 -0.137606665625345
0.290511355930907 -0.526401468843421 0.100277684498887 -0.246845180325007
0.60386488280328 -0.33888060563818 0.22067459728293 -0.166791036836851
0.567066654678925 -0.344852424603532 -0.213519115896075 0.0251866533432964
0.340250908646584 -0.546773348116004 -0.121577132272474 0.119016863261969
-0.121276248317523 -0.630369958878056 0.0826825540136759 0.143658943698543
-0.532610374412698 -0.34524099214847 0.102817287174522 0.0603066632628861
-0.481265335854271 0.0775212903556054 0.0224798006027175 -0.0199563945687414
-0.31274936462662 0.27974186363268 -0.00151747655724808 0.0248582191981793
-0.150315856731162 0.433081036702951 -0.026810711500072 0.0436726277871438
-0.071261340351612 0.442147534765367 0.0130050359699055 0.0924820425456432
-0.0992094123446286 0.432652525759607 0.00476322569993701 0.0974934400051336
-0.275555902689365 0.322583258170404 -0.016827579514838 0.122187209218712
-0.415466719342686 0.146059082875857 -0.0946841946336541 0.110631048409046
-0.544965838101615 -0.222658476760913 -0.149701934021777 0.0225530430117564
-0.238352000292444 -0.54962188998083 -0.0519005573480553 -0.106643047296994
0.268936311544718 -0.532704713968163 0.022313969622696 -0.148513061713707
0.601835089625876 -0.380172586710244 -1.32879361735608E-05 -0.0838566778818778
0.491251636281252 -0.347753160614417 -0.430822074666099 0.0925106706184398
0.279671947031179 -0.513155495695368 -0.227973045833645 0.22288568350178
-0.125296369593018 -0.557729799805584 0.053494498204584 0.155538649294799
-0.466723341825405 -0.291989275753167 0.0435102145457953 0.0422453931593394
-0.413863256595838 0.0625419463580973 -0.0827727952668651 0.00747496900899136
-0.277139718696716 0.235619965382846 -0.106132736104733 0.125825076623472
-0.149316308298256 0.372603263545257 -0.0823087328513153 0.185612511976961
-0.0794724120462904 0.375651014463685 -0.0163923628072858 0.231015903217968
-0.105662556962611 0.36022262580564 -0.0313105344631334 0.231220588347406
-0.246444118923929 0.254252881026534 -0.0842672335514244 0.22104752145198
-0.343526561859876 0.0947175898767895 -0.175882263028601 0.150278379666644
-0.425626484666347 -0.193128341105143 -0.18877013443959 0.026924304021106
-0.184740151566338 -0.444602274943466 -0.0707541065208295 -0.0820070361416477
0.219200346368024 -0.438457329992551 -0.0302909812799105 -0.0475117227751355
0.508229145012468 -0.348180769547652 -0.18827024610326 0.0081493082469199
0.33107433293702 -0.294309220471125 -0.603644563657415 0.148269259722659
0.166922193033088 -0.380863270906138 -0.314347142672071 0.300354045014055
-0.101741523113035 -0.374385979440901 0.0107893802877131 0.155604313367322
-0.305674165115678 -0.182675821197387 -0.0178818335531889 0.0293649984060042
-0.267399794367798 0.033800486182963 -0.164861269882956 0.0381089002464003
-0.190767701216374 0.147924416220068 -0.187863621186064 0.207088713967488
-0.122960725878591 0.249806593422972 -0.122491350705539 0.299042050802126
-0.0755508243476863 0.25117048791756 -0.0443441855844075 0.333938402155535
-0.100290346199365 0.235333808327885 -0.066083057205349 0.326757391494967
-0.187203315496756 0.149560878271578 -0.144872547400296 0.275767040024403
-0.227435998277037 0.0294528353680729 -0.234183921801332 0.151885086102366
-0.248863087347246 -0.144118885441417 -0.200633519002951 0.0076993692789605
-0.100593148813879 -0.281172541429538 -0.0734153261946373 -0.0699305199579846
0.146245078147142 -0.282909751815856 -0.0568231783655987 0.0313446484819421
0.346700251781327 -0.26615345995985 -0.32155631374865 0.0885416082484647
0.117551943778281 -0.190006753199935 -0.698036869355102 0.180041824195612
0.0281865163231363 -0.184158372218761 -0.364234412748618 0.346814390873663
-0.0605417091551969 -0.13325363526597 -0.0280834769916999 0.153683142315285
-0.100068879794361 -0.0469414363208615 -0.0582637926113865 0.0248850383623783
-0.0789533898919719 -0.00185781236301501 -0.204526673493203 0.0629900189786575
-0.0778409866082807 0.0331164385239033 -0.230266162556302 0.254193276201022
-0.0788656487587029 0.084863978030133 -0.139858217586831 0.366215224210946
-0.0608139402360819 0.0883168294208036 -0.0640825064481929 0.387525467461443
-0.0776103383091113 0.0805227291635612 -0.097239284082292 0.37241128268176
-0.101537529034079 0.0347675448951475 -0.190974394163588 0.284502883612456
-0.0899516998389034 -0.0256544495217489 -0.265526830733647 0.122355913079992
-0.0679758863839463 -0.0676772899141372 -0.187885850253932 -0.0253036887943973
-0.0272333754068013 -0.0976261972089443 -0.0671984064058968 -0.0668565906692478
0.0487890117988059 -0.115984487838076 -0.0663824286572737 0.0826956162770565
0.141578964410317 -0.156737817220341 -0.388777565277069 0.147262009908674
0.113378534353598 0.0191602486125303 0.389473852488205 -0.219550425614778
0.0775300003934666 -0.0474685036667242 0.095993912934216 -0.18331985333042
-0.0185195332965872 -0.0968900984493813 0.0393904456141201 0.0697222849153913
-0.106819988930566 -0.044319186388266 0.160690836620887 0.0756977333610753
-0.0717982600975796 0.0535883495576296 0.267446053333442 -0.070952523024898
-0.0190426091986863 0.0741582537672683 0.241544313640788 -0.273179381966789
0.0333716986253915 0.0845907268535422 0.121858498518499 -0.380571583245751
0.0366567970298442 0.0896660497929012 0.0664191784515506 -0.390671586170162
0.0296391974861059 0.0948984493638043 0.109524598954047 -0.387628313607862
-0.0234378267162483 0.0864085923492585 0.201040808439281 -0.278509090477532
-0.0846382553195137 0.0568047653300438 0.221514326418013 -0.105635542413327
-0.111502097087238 -0.0540911918718369 0.0916969850350224 -0.0525070386367216
0.00278533485847816 -0.105601878909522 0.0762411318870517 -0.152409717148121
0.0830499515113309 -0.0182361677103587 0.310836821161471 -0.316082692498865
0.0721923814623991 0.0504782868403525 0.719256879340387 -0.195498871604048
0.298489064701738 -0.104895023631382 0.330360337035846 -0.17285349387297
0.180648336819773 -0.207014362700992 0.0916313677097299 -0.147958617520488
-0.0486068971980107 -0.280529459858008 0.0599121059126687 0.0771638211878049
-0.259708721276547 -0.152547777242372 0.160638387674768 0.0841817693636352
-0.224262621925453 0.0725309291325971 0.248063123909446 -0.0574537211328423
-0.123095466255659 0.170400998987156 0.22912967033978 -0.233250030089805
-0.0163008567454274 0.241365349954046 0.1117048992325 -0.329473401112862
0.0127074035836141 0.254306765561327 0.0678086850304111 -0.32338005476196
-0.0123842599696814 0.259738522436495 0.0952339996796253 -0.321237005059172
-0.136279428459423 0.205767547990034 0.171394922244264 -0.218784811931337
-0.245163029737976 0.103377425362732 0.173072055781516 -0.0723218523606976
-0.312867444400312 -0.150608676141915 0.0446560894416011 -0.0439264825138244
-0.0778036282055514 -0.324379391939512 0.0564427767610069 -0.167245397794394
0.203022054447914 -0.232711280772289 0.263197121492645 -0.342959965898776
0.317898593663831 -0.102801232300469 0.618955091910223 -0.23300899162817
0.454393077096633 -0.21824163834906 0.199593925040592 -0.114515269348977
0.273577251250848 -0.362174383436827 0.0542816698550168 -0.083547189373631
-0.0784824401151868 -0.454565471091425 0.0828394258916038 0.0941976130184579
-0.401553958252169 -0.253065946350145 0.160395326892004 0.0834206477430726
-0.363252346119855 0.0827606542112594 0.203270990508446 -0.0496315919153456
-0.219651079844681 0.244559868575776 0.18246357565188 -0.169452768880849
-0.0696073729370275 0.363523624323447 0.0814471896896084 -0.233247048804087
-0.0135850513883867 0.380982404881524 0.0587003082439137 -0.207658296304158
-0.0460348295055986 0.384846771973852 0.0709002080067773 -0.20356322796053
-0.220046163571643 0.301147354982756 0.120042707529634 -0.121810831281627
-0.366902854657679 0.14934553041942 0.0958041329029242 -0.0190785530342408
-0.482903981956976 -0.204027270000005 -0.0186143237760047 -0.0260971988964314
-0.172847721704748 -0.491209586152601 0.0208228517136923 -0.165018490536071
0.270148539052044 -0.421823116209145 0.185507283967572 -0.324525130515438
0.504811888619299 -0.250180143335433 0.442683314247894 -0.226238866242602
0.553572876709694 -0.308757260502118 0.0100531134404594 -0.0457218831083538
0.329957732966587 -0.494661504456135 -0.0184980220069064 0.0103331671494839
-0.114654484440501 -0.588890427892176 0.0981279547914613 0.119528184616802
-0.513964360272709 -0.321797024668823 0.1486135738093 0.0729741375266708
-0.465110456677613 0.0914796578799138 0.127885852166373 -0.0406837604935144
-0.28856663441672 0.290667598975845 0.103328590486547 -0.0829289108783062
-0.114201981008631 0.435073451782625 0.0335580566367631 -0.101060544144073
-0.0382351608869042 0.449989440130167 0.0405524664336555 -0.061204761787048
-0.0711115643265579 0.449679193027523 0.0405333865910366 -0.0551150758583856
-0.266124200112616 0.34923310956435 0.0556375324284944 0.000292986124069352
-0.428821167943239 0.175722720907017 0.00318378690875446 0.0490151516227744
-0.578789433255723 -0.218848191183301 -0.0872620995889192 0.00286774512395226
-0.246039556291761 -0.573625989679642 -0.0213367232642762 -0.142275730216159
0.285050131155775 -0.54029282929323 0.0955405681970348 -0.255619308824794
0.601862979032643 -0.361215182520793 0.221066986724654 -0.172462262514095
0.570064853649321 -0.361405557347416 -0.214234067000289 0.0290216621995609
0.33464785112693 -0.563420852121965 -0.119568081945991 0.123592981782657
-0.143446393610105 -0.638690942216155 0.0923398026454845 0.144249872092299
-0.553152919643406 -0.33409435697459 0.110592732835058 0.0568616439517622
-0.492163798231786 0.090754518991657 0.0260650879774281 -0.0214132822558522
-0.309766333905615 0.293280299177656 0.000243093211149443 0.0211188082678787
-0.138810207890562 0.443644917953901 -0.0232889596582907 0.0491446485665732
-0.0543974216777812 0.452106464716032 0.0161767609539517 0.0940023023663703
-0.0876821315824483 0.443582625606061 0.00775419951549629 0.0998335138746829
-0.272790666181817 0.335827672785206 -0.0133210184526583 0.125513306139296
-0.421526887476344 0.161059681164475 -0.09110318959532 0.116794950298402
-0.562817807417456 -0.208680554557247 -0.149171119667692 0.0281637386449171
-0.258986063238024 -0.552773024176037 -0.0553546981298519 -0.110036253496273
0.26219093167183 -0.547420469251573 0.0179244175853704 -0.154676109153748
0.59896219279311 -0.400380410250136 -0.00338276832081933 -0.0826613576016157
0.491090671104643 -0.364164736721739 -0.434269459305706 0.102726307900916
0.273035716579859 -0.531551501638171 -0.225923525500744 0.232760716312977
-0.14601344129393 -0.567410783481069 0.0622942749900525 0.15827119158587
-0.484488001215851 -0.282958714814291 0.0496397556166101 0.0400738855890799
-0.422340461867528 0.0742480196408072 -0.0809482195492395 0.00872097327787927
-0.274542739855667 0.246913529428667 -0.102093541802403 0.126621467710404
-0.139274180211508 0.381790654187437 -0.0766112250298692 0.193735891596311
-0.0652559950413209 0.383040553169253 -0.0110145855956754 0.235673250646979
-0.0953647360058026 0.36920396010809 -0.0251674760338275 0.23570121694756
-0.244238749262662 0.265249183311597 -0.078895109162572 0.226434008154083
-0.348021525815089 0.107326678719612 -0.172822327859335 0.159721795131999
-0.439921527728018 -0.182214443109451 -0.189594627386923 0.0343736923274533
-0.20149435457329 -0.446391674057418 -0.074068377228518 -0.0838040217338508
0.213336992809797 -0.450327006084065 -0.0329048013309764 -0.0510799210405912
0.506132450247262 -0.366917552970413 -0.193783473409795 0.0151278434482233
0.331275899310104 -0.307200653112224 -0.61010316854668 0.163354110168109
0.161364505433081 -0.394414215199945 -0.312989563372357 0.314082937621738
-0.115632053119053 -0.382188729607898 0.0175341672645094 0.159695095785429
-0.318904310046416 -0.177053417778908 -0.0139688040074963 0.0284370240232835
-0.272978208459056 0.0409593860699671 -0.164216142673277 0.0407756297424037
-0.191303847469667 0.154863638154922 -0.183978049099362 0.212078870724245
-0.11573525299167 0.25695213864179 -0.115265138432584 0.309365856536682
-0.0663736637058975 0.256826400725966 -0.0375232950884426 0.341035199194835
-0.0929452703735724 0.242629246618667 -0.0594575276340545 0.331696365464242
-0.185883007326041 0.158110507951574 -0.139283827037334 0.283451863773632
-0.230968561595548 0.0363671067870458 -0.232728245027178 0.162666616937599
-0.258090125291639 -0.137310651053949 -0.202292425565874 0.0149342258738623
-0.111355099445027 -0.28157103892396 -0.0769194968703154 -0.0710363959599898
0.141269061924756 -0.290550346075622 -0.0586040113794414 0.0298606544958199
0.342843846061604 -0.279763609860809 -0.327371818868716 0.100237531531881
0.116235596357013 -0.195210268149188 -0.708513056344125 0.19727327987016
0.0239078936669313 -0.191709553918626 -0.361754106018292 0.362839398311422
-0.0667613822405147 -0.136984948188105 -0.0234313860936324 0.158874671764386
-0.104567739517988 -0.0451349259144295 -0.0566330357886044 0.0251418948346187
-0.0816103900165841 -0.00101487291873486 -0.205146164430014 0.0668160212372211
-0.0787807813022844 0.0350200803312932 -0.225881998441053 0.261759199562781
-0.0753909895373902 0.0880616943635903 -0.131285110718858 0.376117835999052
-0.0573255675407868 0.0914497616658017 -0.0566444371748829 0.395718757697998
-0.0756575616951877 0.0850822254353424 -0.088509948919567 0.379124573789525
-0.10125627997204 0.0388510226674836 -0.186588398301344 0.292062139620464
-0.0927175720087789 -0.0225013805682087 -0.265281120414494 0.132567036006875
-0.0713348773719339 -0.0647920980564001 -0.191546858151645 -0.019412717686989
-0.0327288740955749 -0.0977763749307541 -0.0710310157528062 -0.0661876219094563
0.0457390840287503 -0.120187582663884 -0.0668532256267412 0.0825645436234965
0.139221325712586 -0.163440489552884 -0.394117473813924 0.160858350711791
0.115123512229656 0.0144500356902704 0.388550236750817 -0.246226273216235
0.0781680092896 -0.0488418816206939 0.0896514806969804 -0.192399031693235
-0.0222622563795321 -0.0958077549786583 0.0457997675347815 0.0666866672361144
-0.111973060055031 -0.0391509996139594 0.168080241405772 0.0675278837593934
-0.0703927283204357 0.059174802334786 0.268833427260121 -0.0858696295432036
-0.0152019215699277 0.078060949689503 0.229551956077661 -0.291220837261648
0.0381922830139713 0.0844341858522827 0.102724988142184 -0.393552635448475
0.0429070478448165 0.0891931403555205 0.0484507479887115 -0.40178957525432
0.035066790059795 0.0944819006178557 0.0900697082366817 -0.398726874024183
-0.0195476578376644 0.0890075187540977 0.187976007789237 -0.293392854297403
-0.0831198266756153 0.0626654624977264 0.219807145025821 -0.121163620718712
-0.11704652988133 -0.0498739023768635 0.0891727306108434 -0.0592736866151415
-0.00214650076581458 -0.108970681846676 0.0695951267399298 -0.160209345989617
0.0843096618154605 -0.021987119471515 0.301596691689189 -0.338837413308323
0.074689829448296 0.0482412080457873 0.72645179688043 -0.238205009956799
0.296829135294061 -0.12202646731943 0.330880858422414 -0.194565350506901
0.174749384021751 -0.217087790994742 0.086740945039771 -0.155931509745055
-0.0646337269343632 -0.280634600157755 0.0684431409362157 0.0726435489129166
-0.274567898069217 -0.139340871885264 0.169754501988425 0.0758403408127145
-0.225775636817582 0.0873139327575874 0.251352723531288 -0.0724886785869769
-0.115893402111092 0.182240114759318 0.218886797210002 -0.251403220321038
-0.00310864065447308 0.246364211459253 0.0967833017446192 -0.340135241528516
0.0295165001145622 0.256912301641139 0.0520787675896065 -0.333353848963245
0.00309947917136588 0.264941844218122 0.0792795016536939 -0.330692130912337
-0.128754130924693 0.218426841733833 0.163193332815883 -0.231105011121701
-0.244938349578793 0.120570644304865 0.172715352199053 -0.0839347393065395
-0.328597905342964 -0.135036167234664 0.0428924346300068 -0.0478920053388123
-0.097082358583183 -0.327239306051643 0.0488924278357412 -0.175669102328868
0.196436018210485 -0.247907021873668 0.25079080892839 -0.364193667938163
0.315922147128764 -0.122249118119448 0.621484715914177 -0.27052912742664
0.451881641201156 -0.244628904611781 0.203060305612078 -0.128027466406689
0.261238990235001 -0.380634874118034 0.0531560815142905 -0.0890469260993619
-0.10713501474084 -0.45573462923372 0.0946625640315468 0.0891230707404019
-0.425937441901763 -0.232804501345909 0.170961746860947 0.0729272933046158
-0.36799594675082 0.107052324252138 0.206840791122959 -0.0626637114310589
-0.210119300384271 0.263246364612579 0.176079395122315 -0.185591882623083
-0.0489218542457591 0.373870832490737 0.0721854712061991 -0.239201641461307
0.0116295681152399 0.387947715540396 0.0498697687847794 -0.214242049088715
-0.0234361783640364 0.395157160966051 0.0618678914549185 -0.20949416139432
-0.20901767084363 0.320586399660586 0.116658523848254 -0.129300000478551
-0.366493628352106 0.173789477589477 0.098071859132726 -0.0250604592092226
-0.506055839436781 -0.178929902873384 -0.0188812805874974 -0.0256366648852921
-0.204245684018039 -0.491824150139936 0.0122149249715462 -0.17251372874731
0.253810157019174 -0.445752351099534 0.171906369004903 -0.342547188109604
0.499234327456528 -0.283162628108808 0.441782328412106 -0.254761958155315
0.547213593212504 -0.342623276694545 0.0121939669169142 -0.048212921885148
0.311295009665998 -0.520835722772244 -0.0159803060848059 0.0111460974559754
-0.15373571532642 -0.593443527606758 0.112121788466209 0.114594607442664
-0.546541983378712 -0.297783925752777 0.159311277434614 0.0632639871858966
-0.471929066492667 0.121085020344051 0.131195365267992 -0.0503304364543547
-0.277745928728607 0.313198528238989 0.0998929329451461 -0.0934816167717925
-0.0895615687746834 0.449306084880082 0.0316202025829877 -0.101653719996886
-0.00808904919282773 0.458726052784406 0.039438843429105 -0.0636451475676691
-0.0443382829283071 0.463565013286165 0.0393900657226694 -0.0568797345859314
-0.253199062233807 0.372810684814301 0.057886436371173 -0.00141598390373514
-0.429478860075952 0.205487537819421 0.00763089232398214 0.0509577889736268
-0.604714885745253 -0.18799072613407 -0.0873385940751371 0.00692677650538144
-0.286116088853361 -0.571296863938949 -0.0295223665659746 -0.147116020938142
0.263785837487855 -0.568389402883863 0.0829840977815501 -0.268403306841324
0.591666312611355 -0.401418289646592 0.216569174691699 -0.185356163371662
0.562602947377271 -0.399074714521748 -0.213727296232441 0.0400744260319571
0.310953531528642 -0.593368710121168 -0.113374411291307 0.132954475001672
-0.187134402063095 -0.644126846680556 0.107824208102149 0.141448274970851
-0.586716733079253 -0.307616164995059 0.120076257402804 0.0483801105055796
-0.499308862912984 0.121607750496746 0.0289636894049361 -0.0256684339736995
-0.300509844335754 0.317059251196487 0.00157109534360874 0.0176782397174049
-0.114097119165361 0.459554054084964 -0.0176626309337413 0.0550600886169099
-0.0255429163617934 0.461096812650998 0.0226726820192117 0.0966619824094142
-0.0624198307318112 0.456151170886733 0.014605191037419 0.102567117568923
-0.26012902775627 0.360197958080632 -0.00528897837837572 0.129811614052393
-0.422855073906466 0.189157920636249 -0.0845147214829999 0.1256173997791
-0.586261403831069 -0.177645620573934 -0.14828473212603 0.0367271511333401
-0.296813123537164 -0.548774343250892 -0.0624114771176248 -0.112596569127142
0.23868849050594 -0.572804799815999 0.00834352478038893 -0.161367276381831
0.585222489224705 -0.441697445218442 -0.00859963380601308 -0.0810263930005443
0.483768311545159 -0.398420344936676 -0.437107027150506 0.127229399494527
0.249506091699228 -0.558296540157696 -0.216743251902414 0.250156778173153
-0.184104483603631 -0.572779722436486 0.0765865240554858 0.157876690999664
-0.514233802789038 -0.258363102567256 0.0564428719020306 0.034609380972412
-0.430366035001854 0.101408719835482 -0.079742687060776 0.0103251342197189
-0.267133326754454 0.267816017285034 -0.0970387727216453 0.130603917361206
-0.116788911456781 0.395916811072398 -0.0642274518326981 0.205785184413735
-0.0390647793069816 0.392775324891511 0.00248286103010492 0.242294740833708
-0.0732523098134135 0.382162126079123 -0.0119093328087284 0.24230985747048
-0.234561738394163 0.28610682903611 -0.0674388545400996 0.235648759586185
-0.350591964959572 0.1300470525874 -0.165322381403284 0.173952056597408
-0.460425535518863 -0.157311020633488 -0.188739448772003 0.0456534749732866
-0.23427968994209 -0.442617231929006 -0.0810785252376396 -0.0836840743791033
0.193766722658871 -0.471422573115215 -0.0388272866171521 -0.0531886901893028
0.491739913687667 -0.403088463914138 -0.198666817388687 0.0302551926010656
0.323774525630457 -0.329609358038313 -0.615621507323071 0.197345447966826
0.142253188093209 -0.414075897929833 -0.302156407439968 0.338513273094291
-0.143397406808631 -0.386699623760989 0.0299673405404619 0.162630623197101
-0.338636206799995 -0.162141377512922 -0.00973109633053336 0.0274819050246535
-0.27936814886689 0.0578963972355666 -0.16434902239945 0.0489109559690556
-0.187496371176731 0.16906220597466 -0.174484041030737 0.223139992147145
-0.100240560641968 0.267980920277235 -0.0979403147894706 0.324005775782619
-0.0490067252574251 0.264997030035312 -0.0195893212608314 0.350538118397589
-0.0783558699216524 0.253255271697259 -0.0416640062249613 0.341432112759513
-0.180499364975188 0.172538918435663 -0.125108318354472 0.296637574580144
-0.234301710220577 0.0511443469654303 -0.226489047484698 0.180783363391701
-0.270975617705006 -0.121466585649133 -0.203592945943274 0.027164727951375
-0.131638209624681 -0.279307006913717 -0.0832972640868203 -0.069956114840384
0.128229479452642 -0.304498388439693 -0.0598115267687806 0.030447454238333
0.331994425541715 -0.303844958621979 -0.331331216738139 0.123776073063719
0.109838100414529 -0.205783990736559 -0.715062538701726 0.237612366013779
0.0128858748866151 -0.199663417608798 -0.350542293457463 0.389676567877022
-0.0790008411224916 -0.139198987793121 -0.0136264057687834 0.164763574620186
-0.11059140570856 -0.0401886464864063 -0.054837434381418 0.0272459485845497
-0.0847494650175702 0.00277459992365318 -0.206060455200485 0.0776178055558064
-0.0793858236197194 0.0400869820950928 -0.214685646300282 0.277368672418279
-0.070554605986092 0.093870061017872 -0.112552346855863 0.392378032664476
-0.0507542691022895 0.096230783266761 -0.0370739690576474 0.407558843993669
-0.0700890214562967 0.0914607099680239 -0.0700694194640002 0.390311092282459
-0.100614311250349 0.0461597304267385 -0.173198175299441 0.307822932640547
-0.0959198178464101 -0.0167732536322211 -0.261712644507273 0.152092193060227
-0.0765965214591025 -0.0596525305246764 -0.194685026790176 -0.00789398635261183
-0.0409528563370583 -0.0962023991973559 -0.0769982354740177 -0.0639964584590711
0.0394867355554875 -0.125752614115697 -0.0655353817186981 0.0850783733617284
0.132114983065055 -0.175908420451793 -0.396910080293811 0.188426185529938
0.11340965819724 0.0075893946259656 0.371724209472173 -0.275365509244749
0.076310910321264 -0.0514892176623898 0.0749084478976957 -0.198435168725652
-0.0269622818081807 -0.0914291878718153 0.051682982023162 0.0604209546441924
-0.113912565743365 -0.0298955283849167 0.172314705312977 0.0530085999796017
-0.0650086562176489 0.0643656796614031 0.260332710291605 -0.106782297653795
-0.00835665364026237 0.0795172681522784 0.204146317882962 -0.305888897794187
0.044054833381596 0.0810323375812698 0.0712090853316567 -0.398184290707664
0.0493151555589015 0.0846861109335265 0.0178345968896083 -0.402347005114004
0.0425986879267713 0.0902267341939154 0.0583367324661005 -0.401568400438361
-0.01383571854161 0.0898303589573136 0.163798597367006 -0.305111231448594
-0.077472481989099 0.068979667121094 0.207519031229906 -0.138960965189754
-0.12012619190973 -0.04120093992825 0.0818542940346091 -0.0657507174579244
-0.00925242804649794 -0.109014741082158 0.0561451706573559 -0.165771337233061
0.0828510577618331 -0.0272853884446484 0.274925914192256 -0.358440801512938
0.0762447123832781 0.0441848973127766 0.70767553941242 -0.293078277944428
0.284529661550583 -0.141917829957716 0.318584076772975 -0.220553972118207
0.160212241939892 -0.225253824705751 0.0760060199504892 -0.162671092103384
-0.0844694845980739 -0.270694951829281 0.0759428199615259 0.0638756599422004
-0.284754867523452 -0.11550325318738 0.175504549885421 0.0594557033091725
-0.218079278349506 0.104949470540197 0.245068593651302 -0.0920430406775259
-0.100121711546703 0.190081398994674 0.196211075581608 -0.26736324982569
0.0166582825598528 0.244330391723939 0.0702744392529595 -0.344475486698733
0.0515648776835924 0.252049285788573 0.0281291188559804 -0.335106544924684
0.0251227654664275 0.262891476224855 0.0533985931223214 -0.332014247190891
-0.111547328378631 0.228390529969802 0.144925809257879 -0.240986568113911
-0.234499084728575 0.14020802109869 0.165003117017061 -0.0973785085552736
-0.337770666274432 -0.106680618918241 0.0382965382165916 -0.0523095553431767
-0.122048645577928 -0.318393911690305 0.0351403264769431 -0.180683956774663
0.177044192244773 -0.260525694250482 0.223427859159315 -0.38219973774727
0.302235694114976 -0.143526021604069 0.600647325097251 -0.316663893847068
0.42906118734803 -0.276500591950221 0.196893766043341 -0.14483561246904
0.232894287492207 -0.393404978444565 0.0479845727609635 -0.09363708014355
-0.142155890609176 -0.441907839900145 0.104029727531007 0.07725878424614
-0.442991633189804 -0.195822500458099 0.177154013180292 0.056117664950067
-0.358409877206228 0.136338087150698 0.20250644740843 -0.0809163887909994
-0.187776535452143 0.27891208401641 0.158249120869584 -0.199720329407255
-0.0187021116375926 0.375058567493339 0.0553944948074156 -0.241452901174687
0.0450211740285504 0.381740328904008 0.0351795454734143 -0.216551710770542
0.00968551508089889 0.393145535194971 0.0458098099020395 -0.210766559107047
-0.183481210042773 0.33681008557387 0.106475536476315 -0.136398636780427
-0.352316912328965 0.203998631209588 0.0964782415697518 -0.0327151011486622
-0.518142061021796 -0.135952377291989 -0.0207804575899536 -0.0257099314841507
-0.242150826461227 -0.47338961356599 -0.0016916506811719 -0.17465857586915
0.219891119885132 -0.46226136820789 0.144645061356834 -0.355612776931395
0.46921090175797 -0.320353494333353 0.421255818606733 -0.284405829406291
0.518208065593186 -0.380282389107079 0.0128256347471517 -0.0514961111339217
0.272436696053751 -0.53899678026849 -0.0130931371118055 0.0112290184890111
-0.202590151522286 -0.575214820990975 0.124934003286016 0.101835646600516
-0.569863578359131 -0.249152181072418 0.165328040019292 0.0460615154024565
-0.461036002572736 0.159510176358596 0.128280713906467 -0.0635496682628235
-0.251469467276087 0.334103572784817 0.0903010622760737 -0.10397263239953
-0.0521272584841006 0.453345012539782 0.0268221432770956 -0.10095142546874
0.0329955683636108 0.45468804938871 0.0365682058703145 -0.0662160879558772
-0.00477151618937112 0.463584348168225 0.0359870247632422 -0.0581358009115429
-0.222220586637205 0.392783661882793 0.0586435947900575 -0.0044851253443852
-0.412493355092531 0.239402129416169 0.0132582026576313 0.0503914002546876
-0.616959327408317 -0.133229234456235 -0.0848543360884156 0.0115309430891357
-0.331507451343011 -0.544933360817078 -0.0415846567558493 -0.146656753415405
0.219263356260467 -0.583987703574377 0.061415640741861 -0.275783007110448
0.552603685338488 -0.443807470454805 0.20211151696577 -0.198961074390564
0.528516833256127 -0.438688856042469 -0.206156580017422 0.0545673489660712
0.264485570338312 -0.612039064915319 -0.100513767148885 0.14033490722834
-0.240538904448596 -0.625014213816215 0.122765572551129 0.13000585976861
-0.612394304240437 -0.256932276159484 0.125616169471501 0.0344382631986051
-0.48929196740977 0.163047482477685 0.0284574483127397 -0.031175913859642
-0.273608706516431 0.340250302453668 0.00170153488469322 0.0138631066382679
-0.074770711481385 0.46388936160422 -0.00997110826681849 0.0589301078412195
0.0164372635634512 0.456880137377453 0.0318068112834589 0.0943882847499777
-0.022433347031324 0.457879768820613 0.02344660516368 0.101248580530364
-0.23104502058931 0.379917232391853 0.00668268341524834 0.130357241530522
-0.40533492543446 0.223506350567803 -0.0720755314315946 0.132369740014256
-0.597163743360661 -0.125116242143059 -0.142474140342858 0.04595651739453
-0.34119992121732 -0.521442114266309 -0.072433296797561 -0.109170107388738
0.192609634810678 -0.587290170137814 -0.00628581612726698 -0.1632710189948
0.543022955274864 -0.483521496881967 -0.014820705076958 -0.0762685629995149
0.452252912679382 -0.430639719305154 -0.423279371331286 0.157638275492678
0.206861343560882 -0.575364168831348 -0.195132218009912 0.265630825961501
-0.233218989262054 -0.555274094822377 0.0932734045575207 0.149781730266219
-0.536684535728708 -0.213672313871495 0.0614755693967776 0.0266734605032686
-0.422490376420953 0.136845006281437 -0.0769613365362693 0.0130610119210863
-0.245872564160941 0.288514659896863 -0.0874757048619723 0.134393368691554
-0.0824749985446222 0.401306236058333 -0.0441005290822493 0.211711391851291
-0.00379348673189667 0.390553903762191 0.0220180228704968 0.240874255012602
-0.0395001923369526 0.385462453479242 0.00740844731054344 0.241526706177667
-0.210432696892198 0.303681770233458 -0.0465087514525149 0.239780822918868
-0.339050291823352 0.158611481480426 -0.147900913540231 0.186685084550909
-0.472077296014795 -0.114911424662593 -0.181297190873631 0.0592444718273706
-0.269151395945865 -0.419617230534623 -0.0882422325921129 -0.0788224776571778
0.156738909966855 -0.482590430807039 -0.0457236309991959 -0.0524980896783114
0.453406204904303 -0.437436613862806 -0.196236425674035 0.0497218015373841
0.298427769796777 -0.353905558300213 -0.597814728678009 0.24265856693195
0.109546269915147 -0.424588173741563 -0.273550823898381 0.360314370198419
-0.177511466709441 -0.37517988043616 0.0454636134716335 0.159465480906226
-0.352934660960587 -0.13277954743374 -0.00569721711685236 0.024709625191125
-0.275516987345559 0.0798773691654302 -0.15917954290367 0.0584980794114655
-0.17382816342156 0.183067865465325 -0.156842759303823 0.233342976118001
-0.0771539904083612 0.272718344464675 -0.0692667572389363 0.331878609645992
-0.0247229617252715 0.265350478795634 0.00855109815260778 0.350383444120559
-0.0552942993513896 0.258043354039742 -0.014684532224912 0.341554084600166
-0.165244531996829 0.186809313787313 -0.100439112605591 0.304140262747154
-0.229695542161443 0.0710992216390338 -0.207801996098423 0.19854406826691
-0.279025618909932 -0.0962333600191462 -0.196887691335068 0.0422070764980234
-0.155128532804064 -0.26489716857954 -0.0895873152464439 -0.063791819593435
0.10325851407032 -0.313154456890325 -0.060612751772905 0.0327171031439316
0.302765907852456 -0.328662012986701 -0.321608571435197 0.153304867659349
0.0947098859662046 -0.213042402433125 -0.694079313564222 0.290934272932577
-0.00341125247606288 -0.202205729167369 -0.318723869393055 0.416376155699149
-0.0937489053955924 -0.134285740499218 0.000889082686132242 0.165401758653652
-0.115113205927221 -0.0312702663594285 -0.0510902294164768 0.0290744452278353
-0.085756602761157 0.00927310782084279 -0.199750249554016 0.0918687085300979
-0.0773726569424463 0.0460025458559502 -0.192008847899361 0.291681571037095
-0.0609861360810378 0.0978191497671056 -0.0797767096266075 0.399433478702882
-0.0411828402363446 0.0988527366748207 -0.00599122705665827 0.409215318761483
-0.0608745038038919 0.0975375074522397 -0.0395991972621503 0.391091617362568
-0.0958607609892009 0.0546656874629722 -0.147652407371587 0.318534831929857
-0.097410882772044 -0.00847221791491308 -0.246457260747704 0.173178349769598
-0.0803269013722778 -0.0509817471090333 -0.192500051925317 0.00804051889746001
-0.0501622625528033 -0.0904621762000778 -0.0827069624721502 -0.057201107269029
0.0285443442710754 -0.129323657159455 -0.0616209240843193 0.087087623766107
0.115717755772645 -0.186052100800043 -0.382573859043848 0.222398407568165
0.106841358612418 0.00135993845914744 0.339308692432222 -0.291032626613561
0.0726737493478978 -0.0516538034217718 0.0572327106442175 -0.195164246827827
-0.0290008024579873 -0.0854783046610624 0.0543132853420581 0.052198910715688
-0.110559272648717 -0.0195375318541185 0.168934026250028 0.0377533039889863
-0.0578674837769171 0.0657518585651324 0.241969556083886 -0.120797890441105
-0.00221846383993918 0.0774417988667353 0.17219599931602 -0.306587767996106
0.0471286006106703 0.074754172901677 0.0394850159419066 -0.385479569905338
0.0531919659860804 0.0774664983656748 -0.00943691093611638 -0.386541479473803
0.0465433663764632 0.0827703386473467 0.0282344264658182 -0.386430388846634
-0.00743940688528323 0.0862877347006805 0.135798402058598 -0.301496315827934
-0.0686887860886672 0.0715135871770795 0.187804007256315 -0.147339013012551
-0.117345429352806 -0.0314876394201315 0.072229495688569 -0.0680828165149215
-0.0151270829734051 -0.104892138383419 0.041615089093171 -0.163085673371443
0.0783779137101712 -0.0296799210744896 0.241497120009369 -0.362396492239021
0.0750284327447326 0.0391574798371206 0.660334460310061 -0.329430364128483
0.260932640206138 -0.15309875698385 0.29415752891789 -0.234508946344748
0.141058435968089 -0.222916828431324 0.0620686414837017 -0.160752369168678
-0.0975500902082913 -0.251419239609133 0.0785008902085827 0.0530846253282683
-0.280194404068138 -0.0888652691575607 0.17186869705314 0.0426488009199963
-0.202373541799748 0.115991751286867 0.228531899384731 -0.106574306349015
-0.0824482866190384 0.189578223006541 0.167764773581583 -0.269624907948228
0.0329070336553932 0.232080968631094 0.044448169661205 -0.33314306551873
0.0677609719212215 0.235891168362999 0.00607287983422719 -0.323014855623943
0.0432233312946227 0.248395804812761 0.0292831437237961 -0.320099802433799
-0.0910817535323524 0.226520665717193 0.122359112284853 -0.239035886585555
-0.214382899193637 0.151204348907922 0.151041510418176 -0.105540286051309
-0.330976262796336 -0.0777151012681154 0.0315825352549946 -0.0534949355182643
-0.139102759265969 -0.29747902285651 0.0204574659376061 -0.177082267809887
0.152619902440793 -0.259864841500399 0.189524771726625 -0.381543236077843
0.27713467997116 -0.155587751000794 0.556220771203786 -0.342786904912663
0.391775033340462 -0.291415639429208 0.183366782443988 -0.154337107245829
0.198795962556618 -0.390734414620997 0.0410962251749999 -0.0936025626334015
-0.165714164147341 -0.410413748450765 0.107209145885863 0.0630923293845615
-0.437743822624557 -0.154353449423796 0.173599945004914 0.0382819615272349
-0.335128729583722 0.15565441255336 0.188133080618921 -0.0935993769525412
-0.160743305847399 0.280087779125453 0.135954504082851 -0.203587893198898
0.00870603142338434 0.358446147014909 0.0387095071249174 -0.233241927389421
0.0723579405839673 0.359741799501836 0.0205809724304944 -0.210331014471146
0.0392964661987001 0.374616980068345 0.0305007671593216 -0.203471667698486
-0.152147181956163 0.336323428008907 0.0940763773633691 -0.136240613724936
-0.323414001597839 0.221209459504383 0.0905087463559527 -0.0384286664019757
-0.50378152947567 -0.0921570852665783 -0.0230654535789608 -0.0253799720517462
-0.26593091896974 -0.436524748173876 -0.0141674671090054 -0.169705394930407
0.181036335185069 -0.455991652355811 0.11533567714649 -0.350901338500464
0.423888847562814 -0.33501103448404 0.384771136840392 -0.298181621642992
0.469726154384386 -0.398087534997989 0.0135815904940265 -0.0528467699283751
0.228464472781091 -0.532423559448865 -0.00999243946911477 0.0108032192539852
-0.234297784259294 -0.534073935674337 0.129534934197784 0.0851168768323115
-0.564279038198963 -0.196405793497987 0.16239511787285 0.0289401789138367
-0.432223518311362 0.185630931380246 0.119228391829507 -0.0724657922507596
-0.218548539568378 0.338599180754415 0.0772919493508597 -0.108246748632495
-0.0169821019101053 0.435970567927671 0.0221530296412749 -0.0966134572548982
0.0664019368658807 0.429061824233861 0.0324354797942085 -0.0663158809990903
0.0305574235094356 0.441032317875628 0.0309626347511644 -0.0571096185512505
-0.185905836122567 0.39253229260843 0.0572517608300362 -0.00770584788048826
-0.378398667370747 0.260092137179233 0.0179871840269789 0.0469533747786817
-0.600031213743624 -0.0812873228126932 -0.080495476781851 0.0148328278527855
-0.357638715365726 -0.496911450821123 -0.0501300847765057 -0.140079084545218
0.171736129800072 -0.573832506538916 0.038106275765421 -0.269370948276913
0.493474060249722 -0.458161833055489 0.181647097758535 -0.200608127764898
0.477345219596109 -0.455238091454816 -0.19049307630578 0.0633774642092323
0.214189237145045 -0.60350407261187 -0.0848738860860696 0.140387258498805
-0.27681675974925 -0.578166548352578 0.13024859509642 0.112097868734458
-0.606656083122792 -0.199912960235765 0.123632546375522 0.0206175651460144
-0.459078278266628 0.191769773868089 0.0258026592107566 -0.0353454542234506
-0.239456306132488 0.345140481999705 0.000979585289708635 0.0102251964373766
-0.0382699486817383 0.448032116868396 -0.00122257227098823 0.0584775784288309
0.0504350683689212 0.434532866658594 0.0385893355900024 0.0880940656505132
0.0141839207643096 0.438588559978008 0.0297086771859958 0.0956761496245537
-0.194079569603096 0.380969200450166 0.0168712080459082 0.124351760499328
-0.37462711167383 0.244910730639582 -0.0570397573306446 0.13201774618741
-0.580553892953805 -0.0741097683257238 -0.132999518794366 0.0519969103421186
-0.364545344122227 -0.474605095958478 -0.0774613901704433 -0.101754162282908
0.146391902430897 -0.575115017350871 -0.0194537485061244 -0.157679998236697
0.482081294629753 -0.496469764279259 -0.0181171004163553 -0.0683239272775679
0.405482202620129 -0.442531695446367 -0.393064531770241 0.178058287690409
0.157660285686555 -0.56500978790928 -0.167407588704639 0.267096593846711
-0.26473166931352 -0.513128089371893 0.102424014738966 0.134629978542979
-0.531940734636725 -0.166242533322957 0.0612506893189368 0.0177612364873571
-0.397091116692451 0.162418611321923 -0.0728416928257295 0.0148421082878604
-0.216378964655076 0.293468248804821 -0.0755703932021969 0.131904347104244
-0.0495264129043623 0.389431261412051 -0.0241799325297912 0.206933178438442
0.0261988170233689 0.371607626141327 0.0383328273272363 0.229413860152621
-0.00809191614371275 0.370181065138383 0.0239158020667846 0.230026456969981
-0.180080946691365 0.306473426690366 -0.0272390759562652 0.23283781446038
-0.31451826805535 0.176266453543098 -0.125837563279085 0.190081857145188
-0.457090751345065 -0.073894193019928 -0.168641516133912 0.0669234758995052
-0.287950284710451 -0.379364520726398 -0.0904344067556992 -0.0710799777070058
0.117135007026957 -0.472642930159373 -0.0505443109700109 -0.048551745236861
0.39992617369079 -0.448720560811444 -0.184130719856575 0.0652595427615754
0.26356709579446 -0.358434048891477 -0.555500819486436 0.270156167518742
0.0765137649570951 -0.415514858514128 -0.236783632027061 0.364002288048605
-0.200840397353135 -0.345995311579545 0.0571198254415625 0.148213465370616
-0.350018911581717 -0.100954218165206 -0.00293349348065786 0.0217196850238813
-0.260160973991143 0.0974101030727917 -0.148256118791525 0.0642730501364227
-0.154902765972502 0.188019610824311 -0.134477836582617 0.231940227505437
-0.0532800269438639 0.265185890891358 -0.0406075111961926 0.323816253060769
-0.00227088085406225 0.253349629406793 0.0322032334666627 0.336267734538985
-0.0323133847564064 0.249940404662384 0.00805497280239373 0.327092588134328
-0.144459060355313 0.191077719116678 -0.074160984549044 0.297337808412532
-0.215516899032012 0.0850127916970719 -0.183135892618975 0.204903714606512
-0.272906189242332 -0.069309698973496 -0.184458893281981 0.052987616414352
-0.168632926260535 -0.239215720077172 -0.0908207313617667 -0.055577570201047
0.0772940992814431 -0.306718316869789 -0.0586888061294702 0.0336060932189753
0.263959663798286 -0.333940801013711 -0.298085622023877 0.172446900678231
0.0792964467144548 -0.211039016160077 -0.649351216802015 0.324948674943862
-0.0182100500540566 -0.194885800010683 -0.277798090705216 0.41971624743274
-0.103233965763162 -0.122538352113992 0.0141456994350199 0.158475796296581
-0.114995357526193 -0.0217101719864179 -0.0466121009183098 0.0301633164705449
-0.0827658058188971 0.0150706207679224 -0.185268339208476 0.100353469163924
-0.0714585515651942 0.049983847750214 -0.163270942090973 0.291309854163669
-0.0507615971106147 0.0977665429012823 -0.0464828529136014 0.388967208717996
-0.031217967058195 0.0970134454888286 0.021942191116683 0.392531274674687
-0.0493592736844921 0.0976283279540876 -0.0125293136863861 0.376203304556108
-0.0867482799834735 0.0595320912036735 -0.11910125205091 0.313455387472035
-0.0940443281520615 -0.000114221487089601 -0.220634680747457 0.182932419869005
-0.0799456404183618 -0.0410339660595506 -0.181089865175813 0.0210790752821047
-0.0557036576578078 -0.0805737624324602 -0.0846056058413055 -0.0489551583586149
0.0172482735071318 -0.126110512215773 -0.0562832710375735 0.0864569835864989
0.0958128005838839 -0.186648984957974 -0.351347616925318 0.242986684888882
0.0985596476338263 -0.0191319091228863 0.269393460182189 -0.330920005963879
0.0596211310977892 -0.0583666598659724 0.0230791209099481 -0.193891488123206
-0.0344795113420592 -0.0745609112638202 0.0599962241333427 0.0318967332367014
-0.100638466912224 -0.00363237128852674 0.158556151780337 0.000609359403744821
-0.0451473246175901 0.0630341558861521 0.202403294084389 -0.151160679883965
0.00477688954297152 0.0700496723209529 0.112046584998172 -0.31266751686635
0.0507068353891171 0.0613851605198025 -0.0221774743584969 -0.3678408735632
0.0568481950904863 0.0634576040180377 -0.0685788131603959 -0.362807065752697
0.0517329420973572 0.0691126297953872 -0.0378485787862987 -0.369524426119886
0.00440520080119962 0.079355015055946 0.074248047141691 -0.307022785267548
-0.0532835562714096 0.072388189787228 0.148791449565011 -0.171072279711935
-0.113827535943068 -0.0145065033116912 0.0566855031469347 -0.0743378948422465
-0.0257638828496773 -0.0970991149449604 0.0107280610142556 -0.161398597097945
0.0744962246382717 -0.0416351154578074 0.161501270993705 -0.375549059654772
0.0819309358249654 0.0213017947902623 0.562690424926831 -0.403353940137185
0.219822420722337 -0.178987117284294 0.2463095368973 -0.279246034059413
0.0980347858006929 -0.223919866313619 0.0375426546659591 -0.169499916951022
-0.120525218065782 -0.214847212775968 0.0805505912018938 0.0151561319461187
-0.264812026802671 -0.0395357411805018 0.153948182315427 -0.00713089259575999
-0.169518755259847 0.129701739110345 0.181661718279176 -0.133840834096742
-0.0540300047641138 0.185519905872776 0.109267578651417 -0.273090587897503
0.0613762536668516 0.207266715889796 -0.0128037303653348 -0.313318454538827
0.0921810541836659 0.207382414390221 -0.0454968010328207 -0.304527427336744
0.0730431821728684 0.223252182077439 -0.0279216981149879 -0.309481470485286
-0.053057309531395 0.223406942226775 0.0697600485581529 -0.249515444791357
-0.179310911292528 0.16464897309121 0.12307532193124 -0.125920876589413
-0.320204805551049 -0.0270804917839639 0.0255688768975384 -0.055272071081825
-0.16449891103285 -0.258091818564685 -0.0101063730527027 -0.17482291637653
0.110227714127408 -0.266024693122009 0.112617272314325 -0.381261855339264
0.243925561172877 -0.186197021744065 0.466950264457003 -0.399282801498289
0.320879102062706 -0.320339169272186 0.163851896274452 -0.191854388947286
0.128423167044691 -0.385668943152707 0.0341781179462751 -0.109340570794427
-0.205458551953278 -0.347895846941086 0.107840337373185 0.00681466369339145
-0.418706009163554 -0.0729813599877807 0.14800791165683 -0.0219636299241861
-0.284861614103349 0.187048039718284 0.137341906989788 -0.114694462739516
-0.113522039089739 0.280731098511203 0.0856308803420978 -0.203023418910893
0.0591143177906838 0.327515378320188 -0.00442449972197666 -0.212942887383378
0.113924796633592 0.321048433029058 -0.0145266971337155 -0.199225797459491
0.0886876534838823 0.341295827336092 -0.00922938699202065 -0.201761403120004
-0.0933102798251265 0.335628591342427 0.0586842557852366 -0.150148730110266
-0.27278557883424 0.244014849052283 0.0797396088315992 -0.0535832512424064
-0.48630628374579 -0.0136150180938111 -0.0167644869833879 -0.0223224181681859
-0.300283446679959 -0.368582567590249 -0.0408901359781725 -0.166105390665207
0.107326244714513 -0.451840057186547 0.0512994850776664 -0.337837389731466
0.356287836271693 -0.372251678821196 0.317114442923304 -0.33157841552517
0.378624205444011 -0.427182118717272 0.0288537582185864 -0.0721993958687393
0.13420949527691 -0.519035196455404 0.00682165343931977 -0.0084056335379969
-0.286359919633818 -0.449027653587742 0.130123802013166 0.0140999686674054
-0.540001033671168 -0.0905910509391349 0.129844044940095 -0.0362699252055627
-0.370388217591045 0.230139378309828 0.0687144006599735 -0.0823728453003644
-0.157805965258813 0.343994993497273 0.0432925347540047 -0.101371721586369
0.0486607654656595 0.402275002677113 -0.0012041874328507 -0.0770742231031494
0.119026216332813 0.386167479597752 0.0178832651999163 -0.0651064691111732
0.0927255835714317 0.406085729954834 0.0143816711277783 -0.0651082598747754
-0.115842115800936 0.394478728747087 0.0456521093337402 -0.0241586810519364
-0.32095252808998 0.288595298266536 0.0273596407630708 0.0391308025048183
-0.573749819896734 0.0101726178118285 -0.0622933308588217 0.0231788917461483
-0.391580269667771 -0.412954369034906 -0.0700011506229179 -0.134178630239816
0.0796096875797459 -0.558016166372219 -0.00434556303757094 -0.247617066422121
0.402288472272281 -0.495234642027161 0.142897070184704 -0.206276090403623
0.380200320115828 -0.474428650973095 -0.139594083944346 0.0692886375625111
0.112474587429393 -0.580206478794821 -0.0410310719700458 0.123030184121403
-0.332321260127359 -0.484338998939854 0.133730036936941 0.0361783755351394
-0.581895275799101 -0.0867525065342401 0.0899086054609871 -0.0393882243185197
-0.393181572656144 0.241807502078961 -0.0145573695124974 -0.030751488799621
-0.174896381294786 0.354482948627748 -0.00989306203875994 0.0231294554187891
0.0325883724150487 0.416301970098721 -0.000364566549378322 0.0743889768002619
0.105490141332813 0.392720133285085 0.0476663800896242 0.0795508519842471
0.0781338528369326 0.405755522568429 0.0384842337352298 0.0792899768188576
-0.125065043848095 0.385745438052871 0.0309362125440564 0.106475859704457
-0.317171107916882 0.273717863273484 -0.0277045038457976 0.131418377093674
-0.554886439888894 0.0148412070053794 -0.104686764025813 0.0662379772928915
-0.396584253224621 -0.388051331014723 -0.0887927082508785 -0.0936381579792361
0.0539420840429464 -0.554113649886357 -0.0395337419103815 -0.133440553267763
0.382175835337866 -0.526338920793264 -0.0221811775683453 -0.0516621067748139
0.313637582784345 -0.451726431160059 -0.312008359132492 0.212532112399873
0.0690280243033787 -0.535608106595202 -0.099227154184414 0.258156808437923
-0.313419495932602 -0.42611747805383 0.111242225000581 0.067249339613786
-0.5095259215833 -0.0651357277128677 0.0343121086117832 -0.0267437470586589
-0.340730165616044 0.209296198489886 -0.0942415548999088 0.0317100560969469
-0.158929586085238 0.304147828210579 -0.0610154929320863 0.148104971692002
0.014206548756776 0.363859902101261 0.00154872982571479 0.216628584447197
0.0757376931169511 0.338273623266386 0.0700318313064519 0.212637182866628
0.0482502611767434 0.344351875923256 0.0556606945593798 0.207675061115229
-0.122264722540445 0.314222664662987 0.00940497794927179 0.21707639672064
-0.271117941675578 0.205488037221621 -0.0819342914242066 0.19790378668478
-0.438945259551019 -0.00088512487879964 -0.137543297478351 0.0867784376166054
-0.313732924003881 -0.310962872697134 -0.0964976495723448 -0.0601418840618118
0.0396915932798033 -0.454952686187303 -0.0510397865387932 -0.0291817564434668
0.310241963474007 -0.468733857228185 -0.156892811926536 0.0964391492580269
0.194981340013641 -0.352718513874475 -0.455364765411201 0.332158858234129
0.0145342710628896 -0.387096587233371 -0.152163738257381 0.366830797146263
-0.232690381376086 -0.284196675009301 0.0723832586665135 0.101001639014958
-0.335450202056665 -0.034774197386731 -0.0166781156151646 -0.000810205968747308
-0.223957490293591 0.130877757267618 -0.147037266081716 0.0885325976284066
-0.115535108963337 0.198080634395215 -0.0965540082249728 0.247819575826387
-0.0058565291983154 0.251948095671209 0.00579417048771419 0.324206223009512
0.0343523040617651 0.234290515729758 0.0814564765484127 0.313337858295289
0.00962002783285093 0.237131118911486 0.0582123862922686 0.303546436128107
-0.105525467801373 0.201984482422999 -0.0214981151778264 0.286909448836189
-0.190239643523002 0.108324851792716 -0.132191371679667 0.222780842406247
-0.2653820893987 -0.0238246048757323 -0.157229606233878 0.0780954359423332
-0.186497161609381 -0.19686058764924 -0.0946467887268537 -0.041468790225879
0.0252331979403328 -0.294578763926372 -0.0471057570825431 0.0467693063295962
0.198997017803986 -0.342320856800253 -0.247641601490016 0.211633291839698
0.0424935900676361 -0.192254478846761 -0.541187807114561 0.404322324909148
-0.0402881366576972 -0.169951671992718 -0.187983747512276 0.435859518557623
-0.111902881393688 -0.0944454398583431 0.0356774171421853 0.135229168622281
-0.109461818723753 0.00112641519083185 -0.0447915170403953 0.0287758260701285
-0.0732728936743647 0.0305110377937114 -0.163301973719167 0.125098833797791
-0.0564161607357299 0.0585157852842524 -0.110073312956384 0.302356894875087
-0.0279954488888806 0.0980033340916858 0.0128296238641041 0.380803810850018
-0.0129564188871321 0.0941893017435524 0.0808480673982551 0.367269216013102
-0.0275248111252138 0.0984728822369635 0.0496646175419708 0.35441339349751
-0.0706720763275031 0.0707135624496176 -0.0578836739833701 0.313256576859978
-0.0881400414213303 0.014894541172787 -0.172189282555057 0.209748271322249
-0.0812734474212043 -0.0248104000224719 -0.162256900637908 0.0496864850680885
-0.0633243666946008 -0.0652123249138724 -0.087914067840512 -0.0318561470196368
-0.00514127562103546 -0.119225910270321 -0.038020419364063 0.0917718073307301
0.0604632585496828 -0.182111426765644 -0.287994265604482 0.282997613829706
0.093155383089087 -0.0151051719443583 0.260865063767102 -0.317558008666562
0.0602387796284612 -0.0545562567487286 0.0237095005843904 -0.183396343246162
-0.0301287059300352 -0.072750307815954 0.057508432452729 0.0289143321370054
-0.0957976742300031 -0.00468934393631159 0.150923068715178 -0.00166668779651676
-0.04430073944618 0.0598822505254446 0.192938016953835 -0.144849154065998
0.00421857414616428 0.0676411021676617 0.106138569244331 -0.297242966537657
0.0475842014999606 0.0587743824918637 -0.0209619342643697 -0.350942228525315
0.0541911831301737 0.0602817277459742 -0.064502474334175 -0.348807468223707
0.048386318893117 0.0654367136201413 -0.0343592506663021 -0.352597559098043
0.00341103647964062 0.0756446490555968 0.0720006007779355 -0.291820870141386
-0.0508375917971528 0.0685280522799474 0.14174208918616 -0.162555045244106
-0.109257161879328 -0.0146688002472505 0.0535894159673446 -0.0693217820205144
-0.0246293564529975 -0.0938562218930802 0.010617189457814 -0.154556704231891
0.0732442413625962 -0.0380834503177889 0.157473301433937 -0.36017544364038
0.0785463482290547 0.0223619197532732 0.54155069179034 -0.384467705935623
0.209718629866955 -0.167596543090333 0.238591699490936 -0.268979812448711
0.0985340260003063 -0.212875687972871 0.038249524106961 -0.161291539581175
-0.11229103034166 -0.205151140954901 0.0771559708378271 0.0119013235113639
-0.25275795517423 -0.038079453215683 0.146322084217099 -0.00797905973161094
-0.16324461790993 0.124453216285383 0.172689016646896 -0.12865142763459
-0.0519606549491037 0.177795502012314 0.103380900251775 -0.259736616935671
0.0582785980523509 0.197857511881482 -0.0102059294436039 -0.298315853298163
0.0883439864896613 0.197451133496925 -0.0414121176779597 -0.292426949422358
0.0692656591410535 0.212451622726418 -0.0244076916878252 -0.294551989812088
-0.051671955936551 0.213240063932219 0.0687126018023024 -0.237236240830773
-0.171353926339578 0.156964197034232 0.116881283498659 -0.120073560125784
-0.305255461823415 -0.0257849938520253 0.0223875871485945 -0.0527625183955419
-0.157180230538605 -0.247724495894954 -0.0102479640919639 -0.168308508536467
0.108673483262968 -0.252366093805951 0.109593117301774 -0.365420569704029
0.233485723712522 -0.17449844599748 0.449127876705771 -0.380349695960185
0.306803893091663 -0.30193850885517 0.16012027523476 -0.187102804637719
0.127368327306266 -0.367192135460685 0.034770216625936 -0.104404881485818
-0.194163635050988 -0.33133025969851 0.103476579277809 0.00399896486137508
-0.400170035988453 -0.069254828544915 0.14067801444874 -0.0222714981045612
-0.273764632784286 0.178875640388845 0.129927263196659 -0.109984747293258
-0.10923930209155 0.269260313449259 0.0804665515800403 -0.193378371401913
0.0563739199223864 0.311936302207656 -0.00177972148169294 -0.202678135079617
0.109099236273631 0.305223808222686 -0.0125734106280574 -0.191996128196327
0.0846208148399621 0.325092510156203 -0.00687504785354468 -0.191543701609089
-0.0908707149450154 0.321146608665494 0.0582468753663537 -0.142637283340024
-0.260617976700631 0.233784578650097 0.0760342299196489 -0.0504989200548167
-0.464207421601791 -0.0129360779248697 -0.01876610821913 -0.0212119496827246
-0.286843249629003 -0.352618756343111 -0.0397462798765865 -0.160784577083132
0.106308928156307 -0.429265900094429 0.0495854045030366 -0.324052739623563
0.341090943853266 -0.350619994208147 0.305364755199039 -0.313840206809307
0.36322116695351 -0.404159550903285 0.0299692952693017 -0.073603520003893
0.133189271198098 -0.494782490158759 0.00780442907772052 -0.00930459969995487
-0.272259657652612 -0.426969084837221 0.125218080749865 0.0101518788250023
-0.516547795038439 -0.0842893943847092 0.123103501240521 -0.0361101640590371
-0.354437159077212 0.222042252484432 0.0645030674673973 -0.0797480724359715
-0.15237978385636 0.32938693884443 0.0388837905092049 -0.0972112923885819
0.0456520456196367 0.383371268423009 0.00170110237104606 -0.0734680292629391
0.114134272932154 0.367343059139576 0.0187632066071534 -0.0629964054060677
0.0887533420322273 0.386042025488437 0.0147110691286534 -0.0605251000757642
-0.111829351816588 0.377559854750075 0.0452725391706887 -0.0225917109138199
-0.306723063044179 0.275896910253923 0.0266021686474501 0.0371411202468991
-0.54666639837555 0.00991045776053762 -0.0625404842078221 0.0216188233576614
-0.375537097005593 -0.394092287616643 -0.0675644560644481 -0.130418614126032
0.0798431366531958 -0.532144126738579 -0.00467733125277788 -0.237459516617116
0.385114042610872 -0.467034541306022 0.139490084139688 -0.194870234127307
0.36407256821716 -0.451644719945651 -0.13273387141643 0.0616489130238779
0.111492126266719 -0.555439508173793 -0.0384966103312364 0.115760637596625
-0.317892869611971 -0.46100039232808 0.128623507811139 0.0318444514935104
-0.55723859279335 -0.079182247180849 0.0859749067562929 -0.039589569305859
-0.377251111673339 0.233171612018193 -0.0154280359410255 -0.0312265350661116
-0.168524865280909 0.339993499832939 -0.0121414561264591 0.020723519267033
0.0311978768026851 0.396922421890384 0.00293555464129315 0.0708688478225572
0.102398526213895 0.372123089107559 0.0464029664574207 0.0759959897914795
0.0755190227472505 0.384737213717207 0.0367058062642427 0.0765547589898399
-0.120586039353622 0.368247082355807 0.0302719706643851 0.102910877693589
-0.305089455415146 0.263274247852261 -0.0256236590627664 0.125408954643402
-0.528113957252125 0.0145130141899351 -0.103220728290823 0.062328091284688
-0.377820367486881 -0.37027742114715 -0.0862596971201694 -0.091410674823999
0.0552942293020625 -0.530561919409169 -0.0398297891151636 -0.128365012613442
0.365636711453715 -0.496007594670915 -0.0190629471260849 -0.0474641347045426
0.303054533950895 -0.431584996603968 -0.298226125835707 0.198968378401182
0.068506163594905 -0.513808501529388 -0.0946961512141833 0.244561132813954
-0.301618221385119 -0.40623793447163 0.107305261922094 0.062482105377385
-0.489176346002739 -0.0606495700928181 0.0331939246507863 -0.0265060294378751
-0.326541829321516 0.20106541965102 -0.0907275523659945 0.0284137069080158
-0.153906407736288 0.291274276250541 -0.0600422514532711 0.139387683829734
0.0145895676920427 0.347475566655843 0.00486055808639819 0.207132360424587
0.0735904183647187 0.321706080293139 0.0674822292500192 0.203313206512626
0.0466077653340692 0.327266888808709 0.0522849358419444 0.199292197064258
-0.1171327074093 0.300434315946057 0.0101299429842817 0.207523571071027
-0.259335739878408 0.19724762276048 -0.0770357832669926 0.18802063186238
-0.417377079638613 -0.000603574007808479 -0.13331047926986 0.0819955527464476
-0.300660931499814 -0.294676767672274 -0.0931502837785866 -0.0591403751039143
0.0396670212300745 -0.433190959820709 -0.0506928144261112 -0.0280260837138945
0.295959730253687 -0.441805731733731 -0.148722282276871 0.0940787733258832
0.188362085178403 -0.33825540208428 -0.435887791528981 0.312875376194136
0.0163895148766745 -0.370385397873012 -0.147361031285782 0.348833645846992
-0.224078287519645 -0.269510291808179 0.0695905580416668 0.0956223908985835
-0.323115986893165 -0.0303124352788764 -0.0161035243670825 -0.00157157333631488
-0.21551209524067 0.125858791003015 -0.141921418792983 0.0832269303408216
-0.111467915493396 0.190319422703457 -0.0945190993837186 0.234846967362101
-0.00510538124440984 0.240122634953622 0.00806342425449356 0.310483446254866
0.0337122055191583 0.222622066821919 0.0772412493289221 0.300882302976076
0.0105870373596872 0.225100380463309 0.0544419533953016 0.290058487177679
-0.100849757991128 0.193327507278688 -0.020237980827929 0.274108077998301
-0.182183814790445 0.10478172943362 -0.125031494147435 0.211122284929791
-0.251801838972168 -0.0214715953548513 -0.15133702629542 0.0728254815391168
-0.178205734302119 -0.185809009963407 -0.0910481956925059 -0.0404840294000224
0.0247536547503484 -0.280252958875965 -0.0475969895153517 0.0441612397607366
0.187914917288412 -0.322535135375355 -0.235477263568504 0.204062659893529
0.0428408259235405 -0.185503025959043 -0.522898872954658 0.384203651039052
-0.0383871151557862 -0.164002495666483 -0.18211063009536 0.415003184243659
-0.10936791185059 -0.0894509903605851 0.0350142897390768 0.129279404716283
-0.106266470151172 0.00325497456155331 -0.0426064204633915 0.0265426117874987
-0.0708260440891167 0.0294535936812898 -0.157503381432971 0.118111234646419
-0.0546186097822848 0.0563966593969543 -0.10686149461299 0.287662283615593
-0.0262570911852121 0.093064675249456 0.0128943924413357 0.364030935789424
-0.0115904392901448 0.0893245482338147 0.0771834670771234 0.352935945461624
-0.0248868419269993 0.0935264095368147 0.0450386817537543 0.339396257994856
-0.0664189132820621 0.0679918224308207 -0.0559424235344396 0.298844128883268
-0.0841574292131835 0.0155569835866294 -0.162706125456338 0.199041101507849
-0.0764523793063897 -0.0223824118943064 -0.155262503385673 0.0462740466194012
-0.0606827404171092 -0.0599005903696424 -0.0845518998617008 -0.0297722881390211
-0.00679954050756271 -0.113967588584698 -0.0387799798756943 0.0877648716901748
0.0563979102975695 -0.173425036531837 -0.27564862471069 0.271723039203823
0.091655817599676 -0.0101402603484352 0.266341252184095 -0.310811256659554
0.0635140402674474 -0.0525988720424731 0.0289686803800388 -0.180443493140607
-0.026807361622921 -0.0741847402039705 0.0569877765331243 0.0279079531069024
-0.0944331989106282 -0.00683820887521942 0.148233144446596 5.44578914120743E-05
-0.0453862787731404 0.0588139380643075 0.192866695090609 -0.140186205417908
0.00309092502306689 0.0676665718538813 0.110702868942693 -0.291923120825786
0.0456375736044048 0.0594840242587796 -0.0146262749478745 -0.346816973554586
0.0527331132703117 0.060469712461829 -0.0572380498670277 -0.348756069228587
0.0454446669677149 0.065399382418551 -0.0260190774642365 -0.348707558038834
0.00106771692661237 0.0749186920610114 0.0779852436608355 -0.287075205491009
-0.0509089594799611 0.0656497727250222 0.141846945574658 -0.157117728818265
-0.108524705905572 -0.0170255001341408 0.0534237930878277 -0.0656728714058458
-0.0222893166848397 -0.0944119707794616 0.0122408813317278 -0.152813830252836
0.0755609505970615 -0.0350915483850642 0.163799888252925 -0.354469197805128
0.0776096058721583 0.0253496850128792 0.5455515112774 -0.369546110965307
0.210013250169767 -0.158639513287204 0.244069816934351 -0.264651514389863
0.104649962764604 -0.208386441889582 0.0429662219150945 -0.158460741257244
-0.105694034940346 -0.205423206449217 0.0769782922353136 0.0112058988430252
-0.249404907907478 -0.0421210444152363 0.144365746652498 -0.00679116076339064
-0.164869681687161 0.120436229678081 0.172516547102534 -0.124921060317769
-0.0555990369071207 0.175737518789153 0.10564967188739 -0.254569280581995
0.0535159285270003 0.196617204803307 -0.00400714530497593 -0.294557409957728
0.0846438309600272 0.196183493608373 -0.035153930247618 -0.29250706300753
0.0642595825606994 0.210444945201077 -0.0171020642643538 -0.290758409578197
-0.0562010864550428 0.210649812645973 0.074115676616015 -0.232761739646177
-0.17258547920788 0.152095352359481 0.117493586319034 -0.11525501245614
-0.302713927574769 -0.0313236782913227 0.0216695480970283 -0.0500935535326728
-0.151470890043325 -0.248414660385094 -0.00748483463093602 -0.168217746451405
0.115694570896736 -0.246999414533901 0.116223082734335 -0.361236786364942
0.235118326139409 -0.164680154330821 0.454914826109228 -0.367724988260159
0.308349398641326 -0.290797009131437 0.164479183232846 -0.18609800148638
0.136262061523691 -0.360517540782319 0.0379719468935862 -0.103712633368645
-0.184346790998573 -0.32977117723296 0.103070777502391 0.00326161684746439
-0.39447627985018 -0.074689941744637 0.138915635137758 -0.0214701342209241
-0.275879492842073 0.17323706708589 0.129671144777625 -0.106851174143295
-0.114233555953159 0.265917627594026 0.0813409308335884 -0.188796031602747
0.0499148711480657 0.30909208506011 0.00397283196452477 -0.199800980674205
0.10424638814692 0.30192542823504 -0.00835440674304712 -0.192007054437204
0.0770006089697187 0.321510049993638 -0.00250620993132526 -0.188512266737481
-0.0964116467145548 0.317065043334074 0.0622420947152397 -0.139422603092965
-0.262575560382565 0.226839500376502 0.0760593519870719 -0.0479035754257874
-0.458830854278094 -0.0211906148148234 -0.0207675013662804 -0.0201085007733378
-0.278394251556591 -0.355594194592196 -0.0370599178830628 -0.162420446950781
0.115698353656072 -0.421905052499212 0.0556545156392619 -0.321893418320152
0.344682406920873 -0.336208530780904 0.311983557804179 -0.30533803283727
0.367488563558536 -0.391279725189402 0.0325689587998763 -0.0769163808330108
0.144182481865296 -0.488614542149133 0.00928622607650267 -0.0102411662887539
-0.261516346472105 -0.425171155485972 0.125088680319034 0.00985398186912744
-0.510240914744819 -0.090831844477998 0.122515857924984 -0.0351647238559927
-0.356923905584782 0.213977727629545 0.0645171941801561 -0.0781922535981149
-0.157571237549626 0.324506016735388 0.038232418763894 -0.0951404498001489
0.038892528280293 0.379233293778421 0.00619305440071412 -0.0722071363576531
0.108709622788022 0.362738730443763 0.0203359107790778 -0.0627019177266631
0.0817295940197968 0.380478122385049 0.0167208946418663 -0.0581088820498715
-0.118578692024722 0.37233372416111 0.0471508957352543 -0.0207484351677873
-0.309020299593225 0.269372165527971 0.0261386700288557 0.0380168123077617
-0.541370487051884 6.91031097057992E-05 -0.0653767582555601 0.0211108135794117
-0.363919578072461 -0.39688757843956 -0.0656522705957 -0.133516186807687
0.0927471658190572 -0.523085372970576 -0.00116542948174962 -0.236677892998701
0.388132198407361 -0.449588954512656 0.144578999664729 -0.189067583350977
0.369026439313034 -0.439846023114616 -0.132037995733567 0.0539554272439733
0.124373218694315 -0.548573086450897 -0.0395682672002906 0.112270328780275
-0.305619606470886 -0.460390406493647 0.128075530449125 0.0321028321743218
-0.55182571034476 -0.0856739156311302 0.0863899116090845 -0.0387400915069825
-0.378509996751884 0.225408037598621 -0.0156731771174525 -0.0318435630557452
-0.174513308922726 0.334958253091609 -0.0144031450388945 0.019616482867554
0.0247344876753418 0.39289095478332 0.005136738155091 0.0698442721961309
0.0952551048324307 0.369209813814295 0.045492592304725 0.0756626709438592
0.068453930833264 0.379843442372354 0.0353998414206769 0.0787552398025111
-0.126529946686343 0.36345339891757 0.0302238339953883 0.10279924154027
-0.306812967982192 0.25653799241574 -0.0262095445067658 0.12304536467527
-0.521776071257379 0.00720055634941302 -0.106485414372055 0.0600528249495965
-0.369275827313145 -0.371184033887565 -0.0847901907711622 -0.0947735673079482
0.0665643013241034 -0.522133167371992 -0.0377160534125872 -0.129321161722679
0.370382561454517 -0.479180400329761 -0.0159793818585216 -0.0455616296448821
0.307196933072898 -0.420839711666717 -0.300216499107138 0.187583607861771
0.0802498030055674 -0.508678555270233 -0.0987672049516105 0.239320849242364
-0.29254429049238 -0.405285355809905 0.106638779459092 0.0625584606054687
-0.485376492870525 -0.0639595360710264 0.0344473896478593 -0.0267847612650818
-0.329149118688279 0.194508009874672 -0.0918335110902526 0.0255476258851981
-0.158836929905821 0.287472449019741 -0.06435121539146 0.136244159737827
0.00891686368771003 0.343150658502828 0.00390774044690019 0.20461914885047
0.0685928889330013 0.318460144713421 0.063923204481624 0.203630231858977
0.0420958409203813 0.323177260787806 0.0480287537451776 0.199441366494356
-0.121606919050031 0.295548824717743 0.00723526339861601 0.205574673851439
-0.260837299281425 0.191780287926166 -0.078399957158915 0.184341782160682
-0.41171504804383 -0.00783864652761446 -0.136302598034594 0.0786864415372631
-0.29198258770992 -0.294219620748038 -0.0928445078432299 -0.062611408890417
0.0475127861255117 -0.427013377882206 -0.0518425811974703 -0.02954868538853
0.299139214939828 -0.426999979178975 -0.147779312440056 0.0924307641150788
0.193482528547612 -0.3323915754808 -0.441362629429179 0.299611507171921
0.0231551699894646 -0.369153273082906 -0.154015112490858 0.34131736246985
-0.218749445118515 -0.269281373096339 0.0683235188016869 0.0960024842200464
-0.321406287365806 -0.0330489923010492 -0.0141876248208572 -0.00319965338767899
-0.216870000559912 0.121712502960413 -0.142654375873613 0.0789500579625894
-0.115175178829187 0.187539449279775 -0.0992419157273208 0.2299446954658
-0.00785301811615513 0.236416255170977 0.00437003836091802 0.307014160134512
0.0305912449809784 0.220315262008869 0.0722677119209815 0.300408192811482
0.00776191365449106 0.221886952230657 0.0479068474871821 0.28961256875828
-0.102701651581423 0.189446551981746 -0.0249444266965834 0.270639995468057
-0.182074057917897 0.102680904885438 -0.125573840426828 0.206020041940716
-0.247379714925565 -0.0249418015169268 -0.152846722556877 0.0694395199707014
-0.172568237117479 -0.183982385831665 -0.0907750445421947 -0.0425947922125327
0.0284511087096734 -0.276542826958948 -0.0501055052782273 0.042347859067915
0.191149177404003 -0.314198500141275 -0.237087676913405 0.199856335140145
0.0472016091744998 -0.185202326451579 -0.527458519101656 0.370182320618065
-0.0356507897431489 -0.164386942829245 -0.190713333517204 0.407870704875407
-0.108618691508475 -0.0890428092178748 0.0329412225442523 0.128977506015084
-0.106290726004816 0.00343906828107926 -0.0416833722667811 0.0241670639622938
-0.0710071676670552 0.0285943907665867 -0.158594115429491 0.113426043387482
-0.055774228364476 0.0552960434462695 -0.111677659688777 0.281078401462211
-0.0266864365673739 0.0915078735680238 0.00738737712747838 0.3605615757253
-0.0119633662041581 0.0878892848808008 0.0703189670115652 0.353132288397573
-0.024488611462968 0.0916618476552453 0.0371202931990214 0.336791110184953
-0.0660241646395428 0.066014329341505 -0.0618373076292322 0.294182244712697
-0.0829533211931518 0.0154315232070219 -0.163226982435682 0.192712254655151
-0.0740354117960963 -0.0221956715440123 -0.154626216203317 0.0428173426625691
-0.0593830366751661 -0.0580668685052459 -0.0835241959845548 -0.030605353232972
-0.00713487556532733 -0.112459080998468 -0.0414992548080902 0.0862680677944293
0.0580812515984422 -0.169273320072121 -0.278054793742586 0.266198484955631
0.0942636573559441 -0.00646479001449396 0.278364935933692 -0.319736914317022
0.0688647835289934 -0.0530524384433446 0.0342180739970985 -0.183572276364818
-0.0253704550708973 -0.0779844620583533 0.0591835179456272 0.0274426120803279
-0.0968608952562334 -0.0092064592191088 0.150530274574056 -0.000343931612278188
-0.0479997289467411 0.0608351281732884 0.198335636692664 -0.142916808501232
0.00340468722874983 0.0702150814792518 0.115145575219751 -0.297478036332784
0.0454021597394633 0.0616013419564919 -0.0119701634867753 -0.355177756491136
0.0536503476691155 0.0625603243647482 -0.0560199289215174 -0.360993284264415
0.0456596192557765 0.0680137035810207 -0.0223545062872956 -0.358719407284218
-0.000737280622237898 0.0772203836346408 0.0830553060019617 -0.293038058362952
-0.052678364156002 0.0658990532539248 0.14634073002875 -0.158392825177706
-0.111567352715282 -0.0190280905494941 0.0543083097286926 -0.0658960851253065
-0.0219282528519792 -0.0984554824500524 0.0133111781532071 -0.156589897842754
0.0805316151416243 -0.0347391680675859 0.17276508425407 -0.362338597303335
0.0801053617075848 0.0285965377756847 0.565451049816196 -0.376901353309341
0.216815893319819 -0.157098079176175 0.25439243852528 -0.274253957561152
0.11273643130345 -0.213116199567569 0.0480154630122904 -0.163052142212103
-0.105494117406416 -0.211907764791169 0.0796224008441475 0.0095837846450403
-0.256213339831032 -0.044665743037777 0.146452081509282 -0.00777896830529199
-0.17164173148079 0.123208509420254 0.176999341694816 -0.12686529899833
-0.0582576165139367 0.181873295035119 0.109545727178684 -0.25954049845432
0.0527809080888349 0.20170037698096 -0.000229943406565905 -0.301483701348395
0.0860211756169949 0.201146843611907 -0.0335867332855999 -0.302843837533892
0.0637130873025127 0.216290072640874 -0.0138643433392213 -0.298313513458358
-0.0607061655142246 0.216532598281307 0.0796020699296218 -0.238126267612089
-0.177679468527074 0.154346351386026 0.121148112526349 -0.116240480152121
-0.311618114946139 -0.0350617323394476 0.0202235982078348 -0.0497539545080786
-0.15409316832803 -0.256599567701002 -0.00746541557973956 -0.174472518353189
0.124626573545121 -0.251963391358281 0.12232709190206 -0.370942598026683
0.243212126135609 -0.164610789065577 0.47291449225005 -0.373837591078981
0.319455112311253 -0.293313616970751 0.171400538663577 -0.194750812771397
0.146999463102686 -0.368400813884399 0.0418369194443814 -0.10699195855164
-0.185948075969059 -0.339314844797452 0.106665400412982 0.00128500593670961
-0.405540884308726 -0.0776269562935018 0.141910387957071 -0.022305825819967
-0.286139529148623 0.177433594190185 0.133125667870386 -0.108983991369887
-0.119842284946557 0.273963706224985 0.083166510849395 -0.192533427629384
0.0485918885837443 0.317186534329098 0.00788512586263481 -0.204980220146891
0.105690688728478 0.310267137326631 -0.00612793655200168 -0.198857015501983
0.0761333888365518 0.330191560822852 0.00106916259361532 -0.192127682818875
-0.102135549962505 0.326023391122506 0.0671680014213854 -0.142570112900918
-0.271157963509222 0.231674810693945 0.078996682366909 -0.0475911315347431
-0.47158200849764 -0.0245667631482101 -0.0242985306387494 -0.0195821582008304
-0.283571880897345 -0.367280751135379 -0.0383040175083825 -0.169543327768615
0.127059634641812 -0.43241519793052 0.0589864941785466 -0.330843426065779
0.355842206019851 -0.338627497443716 0.325425678694747 -0.310272507344576
0.379940790567377 -0.396247456935929 0.0346384556901284 -0.0830735426736506
0.154865832370418 -0.500976074662081 0.0109457619995431 -0.0116933474397301
-0.263908817872851 -0.437659365268998 0.129528569628337 0.0086111401239584
-0.524176071565573 -0.0950270788394025 0.126504791382387 -0.0364112032582703
-0.370040239888485 0.219292347333477 0.0659142198193629 -0.0803816038428977
-0.165489559726119 0.334278204779374 0.0381399004936413 -0.0969964730369011
0.0376135782032143 0.389228464925077 0.00966936598112011 -0.0742172829814767
0.110597214274648 0.372694985512613 0.0225964110626454 -0.0651832962810474
0.0802974002897848 0.389702561339185 0.0189683177624103 -0.057765218173554
-0.124895319103887 0.382638426567853 0.0513197025147721 -0.021011992186708
-0.319295731753242 0.274370648306705 0.0274529585071986 0.03988997358915
-0.555992833893183 -0.00302845935422868 -0.0709582154537084 0.0228427365535595
-0.37159633563286 -0.408673080573996 -0.0687439463069566 -0.140776961306084
0.103693159922497 -0.537128354478619 -0.00145648434162037 -0.244423280332291
0.404317685823534 -0.455193751318371 0.151818916385691 -0.191908270912053
0.38386048337237 -0.447745874640005 -0.136226412441852 0.0505739763733027
0.134146419421553 -0.563718135767838 -0.0418877549743501 0.114397932622328
-0.31115558147256 -0.471306734408304 0.132983387508009 0.0316121945371901
-0.568470821062517 -0.0886611236360567 0.0904085092311497 -0.0404408676669008
-0.393295724843967 0.230582690490231 -0.0161140800176767 -0.0336907150069106
-0.182893588578433 0.345134983229871 -0.0171668997497506 0.0200282656740358
0.0222046087573681 0.402093483885668 0.00821817711963847 0.0720664100408537
0.098083010125105 0.37799141652888 0.0471067247748846 0.0786041491040255
0.0674249041232807 0.388248461298235 0.036989965487254 0.0833852699409103
-0.132863760371381 0.373345109030441 0.0323153309656415 0.105838213991467
-0.316981394224082 0.262561562683033 -0.0275288460682087 0.127030289258816
-0.536375748391295 0.003629610758642 -0.112525523487909 0.0628785920569754
-0.375353010373784 -0.382496861911663 -0.0891848337769285 -0.101472500662013
0.0767074733760787 -0.534723114555595 -0.0406438848158782 -0.134171634048177
0.385403961216903 -0.483653172283216 -0.0142583079954931 -0.0460117124792792
0.321196335999021 -0.430635844275121 -0.310897645759106 0.186776781715948
0.0871480740230149 -0.524950729110409 -0.105182639099775 0.244997438964592
-0.297490994619545 -0.416558498801524 0.110893841109848 0.0635270601201883
-0.499802659003366 -0.0663976075519177 0.0377158229360511 -0.028695885832853
-0.341123249006995 0.199308312546457 -0.0941391712739623 0.0247899662960197
-0.166417589267589 0.29682942868232 -0.0694538248951153 0.138748773110014
0.00668169716017481 0.351566246589019 0.00571189462530323 0.209662590290908
0.0697219327992967 0.326016393839217 0.0660374033101039 0.210955030197552
0.0417720719390633 0.330262649589573 0.0476284347206117 0.207899716369049
-0.126907725259044 0.303321088160227 0.00710459242443729 0.211178345452594
-0.268662642239323 0.197278141364678 -0.0808912241512562 0.188406609868508
-0.422102666113922 -0.0102837065431286 -0.14327062638968 0.0810689429695387
-0.296100618061926 -0.301552552023915 -0.0976875262220841 -0.0668351226882787
0.0543664872346365 -0.435916411375288 -0.0553052257316764 -0.0317971777775756
0.309952577235471 -0.433148076795185 -0.152087615547432 0.095604411127986
0.202299589640792 -0.341365114512266 -0.457099950698393 0.30324168408767
0.0267097831746738 -0.381260412574491 -0.163359931511781 0.350258571893411
-0.22386110737726 -0.276247845814947 0.0715521464621667 0.0981090009041831
-0.331600582972363 -0.0325463789773516 -0.012536348633326 -0.00457300495023614
-0.2245836598146 0.124865523494794 -0.147733432239484 0.0790351162441037
-0.120955472618594 0.193146494837538 -0.105834598111257 0.234291572856841
-0.00984998821987131 0.242114201001592 0.00509066284608561 0.314588159872131
0.0318808109983582 0.225156271045123 0.0736664507540005 0.311500989544799
0.007756236689411 0.226312539660062 0.0459335804982546 0.299673106391168
-0.105777345298305 0.193840900214205 -0.0272136953141302 0.277293697806437
-0.187024598474395 0.105681805833224 -0.129888343750458 0.20941852772447
-0.253481097573033 -0.0261442765868492 -0.159234743735578 0.0710287697333744
-0.175571862789173 -0.187785966824709 -0.0949024457197552 -0.0461546604717424
0.0310717570976749 -0.282335416185192 -0.0542183160616301 0.0421679345260409
0.199698546289429 -0.317969554112249 -0.244772000001329 0.205890228992963
0.0507252028768416 -0.192066408281879 -0.548131645080189 0.374919944849149
-0.0358710004573328 -0.171081395625848 -0.201945951262802 0.418506412269536
-0.112886647028658 -0.0911021865495697 0.0343511983860966 0.133256632818935
-0.110214731744452 0.0057574974516187 -0.0416130840045231 0.02361477650364
-0.0738963597927489 0.0291059696973807 -0.164214302427325 0.114647071184963
-0.0590275495261878 0.0568931722273351 -0.118135993864828 0.286951647121758
-0.0271503993891128 0.0928894836670118 0.00550539885819704 0.369647157265205
-0.011708987223411 0.0897110706858012 0.0706581834056277 0.365808198509116
-0.024216672451189 0.0926656005744337 0.0335071523034011 0.348016554115908
-0.0673353157557557 0.0672602920136977 -0.0658481760078031 0.300946889810722
-0.0844604424868276 0.0172322806641328 -0.167485156519352 0.195474132759925
-0.0750143287343229 -0.0221482255555837 -0.159520691541889 0.0431187075575042
-0.0602897705339561 -0.0580070012066839 -0.0866741284043391 -0.0319624111432344
-0.00815646426015856 -0.115344135564399 -0.0451655795385384 0.0878886900405235
0.0605513499071943 -0.172753416344851 -0.287696751907243 0.27375081356867
0.0996545193024008 -0.00619088127858949 0.284375290583725 -0.34619932899552
0.0735174197996201 -0.0576831969225483 0.0342429127335925 -0.193943974411342
-0.0280692745529687 -0.0828092859297977 0.0628235751825852 0.0251534423204617
-0.102064526574727 -0.00787937999116917 0.155771197838913 -0.0058645139004287
-0.0486871470522568 0.0652612556142091 0.202954191796321 -0.155983401371037
0.0061377893264371 0.0743112052168284 0.112031113190637 -0.314632787883663
0.0492449041022647 0.0634489911907871 -0.0232046199815116 -0.370770044413641
0.0581956177833025 0.0636913073334764 -0.0715061553595058 -0.378730042194487
0.0483967916710109 0.0703994004834404 -0.0326073096447578 -0.376139673703159
0.000517002433399269 0.0811461922308036 0.080546330956512 -0.309494647213415
-0.0536730449175576 0.0692583238546408 0.148841994069217 -0.168083924896218
-0.118243393155445 -0.0171594899555993 0.054132748862282 -0.0684886097489571
-0.0259614499698858 -0.103866609723836 0.00849414774298223 -0.164536320831372
0.0862227116691253 -0.0390004977497551 0.17077192942594 -0.386094749183015
0.0853208396690904 0.0295337881193015 0.584428128707432 -0.411690554057769
0.222720295452224 -0.167896097906193 0.260157290504945 -0.298396775836291
0.115419787808977 -0.226177377053381 0.048265058675425 -0.172578010496445
-0.115525544088479 -0.219204941534747 0.0839472881731139 0.00504678699898425
-0.269792048559386 -0.0394715393026826 0.152009610252492 -0.0135726793892562
-0.177004077768649 0.135601369153102 0.180621173212205 -0.138063451221924
-0.055356854871031 0.193267878444587 0.106599229142593 -0.273672508836409
0.0607960109669306 0.210669897573941 -0.00741095021952066 -0.315457548956912
0.0970380884623427 0.206871683753769 -0.0459490215123887 -0.318778655967457
0.0723194552486933 0.224723033974828 -0.020757003871012 -0.312585105737828
-0.0582367148037776 0.229439676278402 0.0787752398125613 -0.251432853738612
-0.182138923046374 0.166432527880986 0.124105472544149 -0.123409202058068
-0.328449147230637 -0.0273240782021349 0.0177822020685245 -0.0507056464865054
-0.169260673788038 -0.265030165368931 -0.0144694498249684 -0.184147560762551
0.127742394219029 -0.267577965228346 0.117480114643137 -0.393579906549515
0.25107036782704 -0.176830806703732 0.487219710788194 -0.406402462357577
0.325468665883841 -0.312922387710407 0.175045366900972 -0.212900043381018
0.146292099385487 -0.390215857444267 0.0429240574711068 -0.11434114607329
-0.203814804951062 -0.348654427064637 0.112423948392427 -0.00452555093248543
-0.427250369626271 -0.0678986021681737 0.147482630403081 -0.029274580269859
-0.296182253941662 0.195938277742302 0.135970433230923 -0.117676179889609
-0.117382532622613 0.292613360617381 0.0807568121442037 -0.202738221031203
0.0596976561221927 0.331009495303598 0.00497072907545983 -0.214877982808761
0.121340156103022 0.320218700120269 -0.0122799860536539 -0.210447438385083
0.0902676294427597 0.342741418150765 -0.00292592758588463 -0.200490273471065
-0.0985136317592497 0.346043707452056 0.0686395358712611 -0.151984897208364
-0.277736140282896 0.250654990482651 0.0817266508942981 -0.0508224007544672
-0.496821178013647 -0.0121522556490226 -0.0287010180267011 -0.0166125993865884
-0.307766822782261 -0.377304531695558 -0.0478234999567536 -0.17887136912966
0.125984330862122 -0.458068252825284 0.0505874785253088 -0.35027552510717
0.364930247786653 -0.361295463705282 0.33400424870754 -0.335134421586213
0.387272100882281 -0.422624940852219 0.0335959795174404 -0.0920648528855564
0.150873251303196 -0.529056151233731 0.0120004887005298 -0.0128599807298824
-0.289234535967363 -0.447945405015568 0.137231644831965 0.00207761097285739
-0.553717041464213 -0.0798434938138483 0.132426491013361 -0.0444735053647032
-0.383205025064813 0.242825051780048 0.0674168882112535 -0.0867220158838198
-0.163518976531236 0.358192631220324 0.0355214289768553 -0.102338272422319
0.0499973392542787 0.405575405476584 0.0116733924416527 -0.0782460029906187
0.128983269854444 0.385334971530596 0.0224637029726727 -0.0699398324979373
0.0956081883179287 0.405561330139684 0.0201541508868708 -0.0593187057570208
-0.120610577672462 0.405428587106292 0.0551565587799812 -0.023342952535987
-0.326365646578952 0.297907729085619 0.031066532968646 0.0421402485522704
-0.584048441241115 0.0121750256208294 -0.0767279880769396 0.0293890045886827
-0.401076736214862 -0.416192715363623 -0.0789029514737835 -0.148685040083049
0.098343318439521 -0.564980991125992 -0.0100936127130014 -0.257909546807922
0.410909200013669 -0.484089930094329 0.155956710416239 -0.204445746507566
0.387839832022208 -0.477349764111872 -0.142079965801373 0.0536539516693306
0.126217836657422 -0.595573152016265 -0.0400580487178391 0.121125966065598
-0.338878965020129 -0.483075108207371 0.142918579335886 0.0265806821635754
-0.59927197994339 -0.0738047998671115 0.0954474429378491 -0.0471353518646974
-0.406873452976069 0.255806287158795 -0.0175831006395683 -0.0358310844584892
-0.181491482458046 0.369650989206973 -0.0193952463769035 0.0221905855361264
0.0365419900527799 0.419963735642802 0.0144281179677319 0.0744089421834816
0.116058835798024 0.391130368261643 0.0532963733466891 0.0803298582112599
0.0828602340931743 0.404094911380807 0.0426007895857863 0.0885825608887904
-0.128893342175815 0.39552860685761 0.0382484851145932 0.109708540016727
-0.323578663991896 0.285850010183527 -0.0236338892558 0.134358114551153
-0.562105838578872 0.0191039283147689 -0.119596265073278 0.0722836637899997
-0.404596209659862 -0.387549396319618 -0.0997719750316581 -0.106306243026094
0.0681345550324446 -0.561980054613875 -0.0494919087249708 -0.140127387665811
0.390502665593953 -0.516181023183619 -0.0159400304198865 -0.0456427631855831
0.323321332236407 -0.459064033796038 -0.322593173036902 0.202764885271659
0.0778264321741674 -0.554741728698986 -0.104060380852711 0.26045198017388
-0.32550588549903 -0.424590691367965 0.120617336084501 0.0613567075556779
-0.526879829324298 -0.0491943540889352 0.0408592787214475 -0.0337571270587023
-0.353651570548486 0.220501602515943 -0.0979959979377838 0.0273132942605863
-0.166429158273743 0.318367817208862 -0.0711675397072476 0.147654798518606
0.0181982266675715 0.366593693413692 0.0152773624426569 0.218542417194383
0.0855595293137599 0.337585764374208 0.076878888118136 0.219483708732823
0.0538354473902741 0.343303189733376 0.0575977832664636 0.21903046084887
-0.123799454971033 0.321769993995083 0.0137282955290452 0.220652322528242
-0.275233909934639 0.214976085001643 -0.0780217216725263 0.199745705640952
-0.442535412468074 0.00273972237010123 -0.150115986019471 0.091489248164025
-0.318553036134804 -0.305016693973336 -0.106893217966774 -0.0693862087689437
0.0463292487565253 -0.457058841441179 -0.062063318347123 -0.0326299360197278
0.313668843820888 -0.459191992841071 -0.155967607426454 0.107037910800246
0.202495859013568 -0.363857322132397 -0.473201013143624 0.330674341561362
0.0172692248263259 -0.402972881347922 -0.162960701718108 0.37419606594246
-0.244255358833989 -0.280684487946745 0.0802201469766594 0.0994399429736227
-0.34990296515316 -0.0200485464489742 -0.011193569891594 -0.00679711954305238
-0.233381426589553 0.139426336260207 -0.15243375851685 0.0854251287300749
-0.121804125623437 0.208108640163112 -0.106026746612584 0.248087889392304
-0.00179311003911933 0.252680435806615 0.015749524267174 0.329112157376862
0.0421184949520678 0.233496176423227 0.0878007085307976 0.325672203692108
0.0154552996361031 0.234882733585175 0.0570915960862521 0.314891812523533
-0.105272756002066 0.20620482524933 -0.0201520035076245 0.29130125317079
-0.191469371190025 0.116817190242756 -0.128673155189939 0.223149336349932
-0.264737216575114 -0.0188811733550949 -0.16611358361699 0.0804965429050726
-0.188967651186035 -0.187723937666858 -0.103140347692378 -0.0464137262032445
0.0253930822319519 -0.294330649328462 -0.0581459024925213 0.0449688920081825
0.198559036457052 -0.338267185132475 -0.250979831600691 0.226027418396258
0.0480320251232386 -0.205417536619973 -0.567376831154082 0.409300486381816
-0.043473763829066 -0.180374701687055 -0.201432201740713 0.447583595822135
-0.122758231891031 -0.0905551676538726 0.0420006884059559 0.137849112657086
-0.115873442793311 0.0119268049996055 -0.041127616391552 0.0236295899847789
-0.0776355934420751 0.0331324364975243 -0.169074800798032 0.12271590269712
-0.0606601858045513 0.0628506736808351 -0.117357092818991 0.303704651046985
-0.0248853183882571 0.0976961905333214 0.0173331820616293 0.387025584631998
-0.0080565051013711 0.093943522235688 0.0873784000826075 0.382493820928037
-0.0211894805190396 0.096955327952726 0.0458227341625754 0.364325361947721
-0.0677759908069166 0.0722904622461014 -0.0610001166430305 0.317494975581656
-0.0869496522596512 0.0216445633848087 -0.16959765257212 0.208699928181508
-0.0781101600591911 -0.0193300528282981 -0.165702650400303 0.0505642201306948
-0.0651128540308288 -0.0562030399395148 -0.092885520916447 -0.0304070362739158
-0.013182253040201 -0.11864081448052 -0.047321348667063 0.0921711086299583
0.0578052464780121 -0.182405581666224 -0.293416538993967 0.299749742490462
0.0995676079122753 0.00393727244796472 0.345961844324008 -0.308391718989427
0.0830450017387104 -0.0462670996349764 0.0684199610139737 -0.196339044405398
-0.0120816380452913 -0.0899512737148279 0.0594975931127413 0.0285941374771667
-0.100207099256775 -0.0273716711906335 0.153688943232199 0.0138986584703754
-0.0626065491804416 0.053687892796559 0.228772190763703 -0.127302933849389
-0.00847334890363727 0.0740571195422347 0.161694828500806 -0.305546440978337
0.0387697280889208 0.0718410013667679 0.0312385163557945 -0.384621364529307
0.0453758508223346 0.0737526845508046 -0.0170365811122963 -0.403300826335631
0.0370420821134878 0.0805520318371949 0.0201452034760741 -0.395153786153413
-0.0139816773236941 0.0815667714581267 0.127830829626031 -0.308100913577977
-0.067773249735455 0.0589915645369099 0.178360998449944 -0.151934430689228
-0.11826035223697 -0.0378412582797778 0.0714236311845654 -0.0620681802780979
-0.0052039115382172 -0.114910245608949 0.0314863733042873 -0.164571555625784
0.103559348631927 -0.0288770860204688 0.229368958916789 -0.365733033904744
0.0904480045400361 0.043201889993964 0.669496608845409 -0.328125108421066
0.251918202722873 -0.135992182261082 0.319975158546253 -0.269641761035532
0.153002806265764 -0.208796349602531 0.0814065768843761 -0.1768451702571
-0.0765267757392354 -0.240476249466724 0.0790333593514209 0.0024505915794386
-0.263855810629273 -0.0835852976933994 0.141488186054049 -0.0013390978444068
-0.203874206843018 0.103913975801302 0.197163260781043 -0.106593169512404
-0.090605129250445 0.186294801199622 0.148240778801662 -0.260638418242694
0.027630941069208 0.221841673712208 0.037534112151571 -0.321886797079644
0.0586688044190713 0.227193725487061 0.00167010310993266 -0.337039776235964
0.0350435938000868 0.241932856951031 0.0214782685038833 -0.330254042275304
-0.0999338760514225 0.225737189025825 0.116650176667028 -0.253157907153822
-0.219961090230261 0.134882130096422 0.152133336403705 -0.112700390279508
-0.334621388092743 -0.0820639620990958 0.0426896915420675 -0.0522456549395137
-0.121054730482454 -0.30786167052599 0.0130161337061141 -0.185504626157495
0.187818529117615 -0.258120847069299 0.173389881812976 -0.371592364136684
0.304292414347698 -0.142397910000045 0.555469323392248 -0.332436867516134
0.37935644613579 -0.260765232999051 0.225385550428425 -0.201832333468047
0.20952220021742 -0.36868028082862 0.0679927217232963 -0.12337009967601
-0.142849534537027 -0.383814186591935 0.104437082057944 -0.0116157959633229
-0.41710214436454 -0.133744862008668 0.131059791878009 -0.0241598335592219
-0.333275029813341 0.147119187361474 0.14251959917663 -0.0885125740240728
-0.169707790810197 0.278533718858889 0.108373407064604 -0.189443358394406
0.0079900923460689 0.343889915952537 0.0335169111916656 -0.21269689183017
0.0640378599475056 0.347422561833858 0.0197549005532948 -0.219859247306922
0.033040964806924 0.366083230847054 0.023132046508621 -0.211964803310479
-0.161429874020958 0.338794738200929 0.0909600200804093 -0.154527215094732
-0.335075447277354 0.204043693481275 0.102766254805642 -0.0468204504431772
-0.512752972487423 -0.0937770175665225 -0.00112202556779094 -0.0278763669617196
-0.243178080915412 -0.44743739558147 -0.0195799767696425 -0.18237580199351
0.220627192549753 -0.452910405623793 0.0962617544287179 -0.329262556432615
0.457958009141522 -0.315276449959347 0.374898406572082 -0.276170263518089
0.459787361813744 -0.357713411011095 0.0665975539634196 -0.105144340837792
0.23886876199101 -0.506090815055875 0.0215882193043489 -0.0277256990545913
-0.21334610798449 -0.49744725607404 0.1244845561514 -0.00716420542666809
-0.541961778937505 -0.162837217526759 0.110873551485649 -0.0463905643079528
-0.428110903094286 0.181515123161476 0.0630074687391871 -0.0633328355409892
-0.228388876145607 0.33915951539444 0.0446717115156783 -0.0910389744474865
-0.013326191762697 0.419105841249741 0.0185504464925627 -0.0689560765664288
0.0603482470807255 0.415848145574504 0.0342869315811858 -0.0689004483742817
0.0286309270371016 0.429345236773954 0.0256948289495238 -0.0618466681384756
-0.193658213440966 0.396572318567816 0.0574872462542651 -0.0258940092162078
-0.395012761018523 0.245235417546461 0.0396976112244053 0.0391702025094186
-0.607920526405357 -0.081967049531063 -0.0535709713323233 0.00859630517196827
-0.331843548647577 -0.505989795713225 -0.0545036462249701 -0.154705515276443
0.209881107577683 -0.569931431090009 0.0200176080115831 -0.239256457738805
0.528353808757191 -0.433632953543905 0.164722300933121 -0.167516069256522
0.471532444967745 -0.409214911609259 -0.133833561845692 0.0133929381351851
0.224599614946027 -0.576842254789783 -0.0537193035322673 0.100313541375172
-0.256436444806682 -0.541066417859146 0.123991249719635 0.0162100407584707
-0.588550271071333 -0.162332788499564 0.0713547142736512 -0.0561687061038169
-0.455080641293118 0.192480695143748 -0.0326671956989864 -0.0227887573403801
-0.247040652603427 0.350491439666167 -0.0311919595971591 0.0286080745029722
-0.0301513971088028 0.430879112525897 -0.0018437362734109 0.0903355650483778
0.0478535151984624 0.418747722179428 0.0440322296791372 0.0922931598100435
0.0149027055607904 0.425589522286796 0.0272746913161802 0.0950239736279817
-0.2004282301033 0.38581887912838 0.020709601829135 0.108952175402145
-0.390828599886371 0.233030298387132 -0.0302123165373284 0.126029750482359
-0.586404153852648 -0.070750099407154 -0.104852436053961 0.0460959806052531
-0.339660624244675 -0.476393214858628 -0.0828644575595822 -0.11507666758163
0.175830048072165 -0.569130548667867 -0.0370815084777328 -0.126245932600899
0.508488374705351 -0.468880573053326 -0.0381023498292799 -0.0305520093820646
0.403634987261992 -0.397176557393806 -0.342389262738117 0.138085191808771
0.170739803538618 -0.541969255052346 -0.141606402925777 0.235668784741448
-0.254609197797172 -0.481079364083283 0.0973179310848705 0.0527006716342007
-0.520889708421664 -0.126915926869043 0.017891732073146 -0.04741011625333
-0.394695244038631 0.168205466416138 -0.12293452466876 0.0274899698912008
-0.222310325141867 0.301590192760672 -0.102566129567995 0.149474831931701
-0.0386625916295115 0.374750797261516 -0.0229365434336642 0.238519412730249
0.0278685495399368 0.360185634451013 0.0469085771634968 0.239035569139365
-0.00372965459212805 0.358292920896799 0.0239084973576193 0.23341033156345
-0.182648014873363 0.311589179401831 -0.0191909926216012 0.221500327478979
-0.327079556205843 0.171198190726974 -0.096814934415968 0.187647715615249
-0.459101425928033 -0.0683614161486516 -0.145334352677175 0.0643625369981261
-0.268701702497646 -0.374108863249014 -0.0969364385885108 -0.0797173524437841
0.132420618946967 -0.462493879125267 -0.0651469750861737 -0.0230631750001172
0.417997847314575 -0.421349229905999 -0.20383647526562 0.101715910541518
0.265334192005431 -0.32080203381354 -0.520944467944906 0.24620772465068
0.0865691466484371 -0.399107666951931 -0.221925994493716 0.350238590778279
-0.197092630443414 -0.321849335401705 0.0547577604084449 0.0951176956410987
-0.347352515707469 -0.0689707339193763 -0.0296059857240507 -0.0211813171021058
-0.258585546917947 0.106894263196314 -0.181988291377698 0.0734767132583611
-0.158015806565628 0.197551483019476 -0.152002419522285 0.244276249805403
-0.0407151217709618 0.257108651548676 -0.0369731806575508 0.349716901929389
0.00257012417479702 0.246477941565477 0.0422656160796467 0.351053605879847
-0.0236706081685197 0.241376182635434 0.010985521947484 0.333953706679474
-0.142559645666539 0.19575392460613 -0.0644628509596354 0.291502093587132
-0.221144376723751 0.0859661388511254 -0.155773878287034 0.206716633035715
-0.271916785590901 -0.0610482004849276 -0.168299282997818 0.0546971213421344
-0.157171840649022 -0.228482195254666 -0.0984131096858025 -0.0581292406303989
0.077830485224291 -0.296928363857243 -0.0708815316120136 0.0492636866651841
0.271281259185585 -0.314876248170406 -0.313070991311913 0.205195346407105
0.0822559168177498 -0.184491094661906 -0.635377829266032 0.318597564641641
-0.00964659932110019 -0.184581372109538 -0.274907703854039 0.426570764257455
-0.107242032342843 -0.109697765372013 0.0170704064791761 0.140435761327882
-0.117046476956189 -0.00158920055721727 -0.0521011136651564 0.0141850794004394
-0.0828549575984059 0.0254005820486451 -0.196810307669762 0.102761483683895
-0.0709763234067881 0.0583591921861623 -0.169115132452601 0.296607885246374
-0.0393053339108363 0.0956070652458606 -0.0413821489365336 0.406402495905774
-0.0221921193720855 0.0951888997431703 0.0321964646594947 0.409830698893732
-0.0371330125361771 0.0946166538055733 -0.00707168138793942 0.385268667030536
-0.0810252139219894 0.0645051795948652 -0.108544883604559 0.316116723248989
-0.0942537694185469 0.00818567166438082 -0.20022409214103 0.188806228184956
-0.0784858475654629 -0.031332559000454 -0.173405552695691 0.0270531033020564
-0.0562694352720905 -0.068653421762946 -0.0915021623680015 -0.0428063597851757
0.00519800092699193 -0.12253628425872 -0.0641572358787117 0.0908147891096776
0.0927568222097651 -0.177753559090083 -0.359607112329838 0.267906029649194
0.100727322805951 -0.00255827532047282 0.315082773751871 -0.338930261497965
0.0816463470928133 -0.0532237314050988 0.0527987105892242 -0.201437100013501
-0.0193035669753459 -0.0899609728591639 0.0621860563191547 0.021901483439347
-0.103163289048953 -0.0198365414480598 0.152048590412035 -0.000946437720499158
-0.0578565527112746 0.0592827998216917 0.214654953479374 -0.146377259009673
-0.000547501777992348 0.0742594924522684 0.133890093768795 -0.316999480593982
0.0449385905682011 0.0688279328468676 -0.00197975776089011 -0.383871594908097
0.051001270263523 0.0694323070653335 -0.0540339683317632 -0.399756178651873
0.0434655002029611 0.0770814515000238 -0.0150276809826667 -0.395075504675757
-0.0079053225479801 0.0829947077096041 0.101990228727906 -0.316937670688761
-0.0627690513175213 0.0630443637417946 0.163266473465438 -0.16397068000781
-0.121830161950108 -0.0274528141473861 0.0640080707038253 -0.0655325892470584
-0.016001958345008 -0.113645156701862 0.0163226434938632 -0.165754136127316
0.102148802965081 -0.0380759416317701 0.195308955171457 -0.383021379823026
0.0937358338946132 0.0361002566907155 0.633479275954932 -0.385164061225436
0.23763381252231 -0.15335606023698 0.292565017335645 -0.299351291523926
0.136337552554797 -0.220151694949011 0.0673845555872258 -0.184217075684742
-0.0961293118381917 -0.231557994967079 0.078747182680887 -0.00696317797863111
-0.269580921367481 -0.0588178517931089 0.13832917076884 -0.0152344181003556
-0.192920970866441 0.122454621474034 0.18560721750516 -0.123361039995275
-0.0720213336861615 0.193528992774234 0.123292482640436 -0.271466581713225
0.0470768588435212 0.217672508881435 0.0101447312415414 -0.322505363249443
0.0795049731625674 0.219239964391664 -0.0296299964711635 -0.336233390829426
0.0557959426986801 0.237060892926722 -0.00663698038580359 -0.329154691361876
-0.0795284835059024 0.233063689277681 0.0949706438533145 -0.261839187977758
-0.206899554616439 0.152155882009839 0.14155584074131 -0.123970071982813
-0.340692032462451 -0.0524706374162793 0.0359006148806606 -0.0526623479806446
-0.147226474659437 -0.294460196307607 -0.00562088120016878 -0.186237116383954
0.167257308173517 -0.273898351627072 0.138292584991947 -0.384103002266762
0.289358055421781 -0.165822979184178 0.522814717501822 -0.378993982040094
0.35232238827682 -0.288171668651468 0.204580800158412 -0.223668711804901
0.179167161369068 -0.383171865284147 0.0590007108749342 -0.129503454223476
-0.174534250885242 -0.365837691197498 0.10352778379713 -0.0240154465346904
-0.425778700710491 -0.0940006218643596 0.127204215467584 -0.0385239242687946
-0.31834302889821 0.178054649038379 0.133769208405188 -0.100697405549225
-0.142649145467238 0.292919102587024 0.0900220539080222 -0.197520870973911
0.0384702470518151 0.339997996738798 0.0168599735037183 -0.215313969601104
0.0959546520144624 0.336994508688045 -0.000852081169778298 -0.221051834849019
0.0650347121844452 0.359656304545523 0.00685657487787363 -0.212031826823337
-0.130810189623296 0.351597685034365 0.0780353519679965 -0.16211753874059
-0.31492932939004 0.231449292204389 0.0997654161211079 -0.0544291107035817
-0.516244486573724 -0.0462403507790356 -0.00596543363443236 -0.024552831785464
-0.279777521716699 -0.421937787133162 -0.0397291996385229 -0.181194306455932
0.183847310718023 -0.470986470707851 0.0644242148719808 -0.334590053733626
0.427285894116845 -0.349975213330356 0.348854623343875 -0.307343577463831
0.424277715296565 -0.391303925630699 0.0562539575851543 -0.113444307067974
0.192727144454048 -0.522786772689507 0.0210079525443365 -0.0305656568555771
-0.254595851526069 -0.47159480440689 0.123917241326586 -0.0218738820515186
-0.55269243131534 -0.110190777656545 0.105982898101222 -0.0592774174954409
-0.409967021972953 0.221094985812188 0.0568740150209436 -0.0692474089961553
-0.195359017370266 0.359300058171846 0.0351653080678452 -0.0937408699712909
0.0244308373106448 0.415856713069696 0.015342273920288 -0.0714407602462706
0.0995292127108948 0.404213940218127 0.0283981218687276 -0.0725149055123139
0.0659677736206146 0.422696547229664 0.0225680361272702 -0.0631992031822501
-0.157602407090658 0.412770988503423 0.0559606523869428 -0.0315572140713821
-0.370684547917308 0.277548324189542 0.0448402705411615 0.036125122589801
-0.611084742805959 -0.0267625189430783 -0.0544797813182124 0.0183851937176642
-0.371996583817154 -0.470444850223412 -0.0730626360806971 -0.150831715738255
0.161452602701654 -0.583731592182654 -0.00503358860771078 -0.238971964456195
0.483653951857594 -0.472414407934706 0.149786475283466 -0.179823973968768
0.432271860071518 -0.443589794346938 -0.132376133647484 0.0228623629005716
0.172090869656573 -0.592387259842957 -0.0424440381663812 0.104261022117996
-0.302286232819031 -0.510074471409715 0.125930915131001 0.00162959731310335
-0.598930052276594 -0.102396976546571 0.0664851600051988 -0.0664366983258035
-0.435110075451029 0.23545501062823 -0.0342872038208472 -0.0215909696664144
-0.213743005843118 0.371874488580629 -0.0297859360761334 0.0316511367364024
0.00888861923319311 0.430365029013842 0.00951843707111426 0.088094570643263
0.0876595749043736 0.408396533532882 0.0532249812900244 0.0866011568109608
0.0532040049804888 0.42056025231271 0.0386978389396229 0.09239384231811
-0.164691973024414 0.401662620892139 0.0309791373840902 0.10609618629402
-0.365359949849885 0.267271735753096 -0.0157406192361362 0.127751033126987
-0.588017395435419 -0.0167291160572257 -0.102251467836337 0.0594516575429973
-0.377584052821647 -0.438869432755648 -0.0974840108231462 -0.108474384235022
0.128405191957326 -0.580285738288864 -0.051908417450694 -0.121432687957685
0.462837893813982 -0.5069367921462 -0.0397237563624625 -0.0247354679453142
0.363868272133932 -0.429694656539527 -0.327026943813847 0.164578381389116
0.12076712315316 -0.554204706856999 -0.118067006580103 0.247565793015498
-0.294563281107444 -0.45122755126537 0.102883061625218 0.0406010727735034
-0.528459321930142 -0.0750994267624314 0.0145916657019171 -0.0526151364749791
-0.37659515941673 0.205254314090539 -0.119727478214763 0.0362933258987216
-0.19247477799937 0.32113165903476 -0.0904157681894411 0.157356365552333
-0.00442516808098283 0.374569680626779 0.00209958335778617 0.236494052041781
0.0620527106820393 0.35249423478631 0.0699619541901184 0.232938011958797
0.0288532368188552 0.354542800720837 0.0468843424423608 0.230745708830575
-0.153476083479575 0.325309767317821 0.000749873028456566 0.220572196918908
-0.308247758544877 0.19868728355724 -0.0777440007663498 0.194199660100565
-0.460636334977406 -0.0243427336918756 -0.139885278790368 0.0796788291462104
-0.295988870206571 -0.343533427915061 -0.108940662323327 -0.0719232543500381
0.0934495242696429 -0.469383246700327 -0.0706477068441276 -0.0171511886580972
0.374901934173206 -0.451536583152961 -0.191779705878561 0.121539216882543
0.234582190922017 -0.341157312790924 -0.494574524874414 0.288833235062377
0.0496680877009893 -0.404653614405896 -0.188841691249517 0.36868459728437
-0.225575518935812 -0.298899791230065 0.0646078869967431 0.0866668153532196
-0.35005379649722 -0.0333736545885267 -0.0302166950620529 -0.0218833954593992
-0.246987976637916 0.131262203482699 -0.174241546782838 0.087168832531997
-0.138899095248218 0.211878225566842 -0.130952199677908 0.256366632598645
-0.0170569559306437 0.257415999913313 -0.00444528314642121 0.348614397213551
0.027098175897014 0.241679133055811 0.0751575317090837 0.344283460077449
-0.000728592177566293 0.240279472859725 0.0425482915626395 0.331569343194604
-0.12398836524993 0.206574085857771 -0.0387752695723486 0.295541387282657
-0.210782899350783 0.105088974477601 -0.135836667624977 0.218285593992646
-0.27375774733897 -0.0348152428599377 -0.162651018522014 0.0713939479577161
-0.174194310750262 -0.208965769070322 -0.10635033678069 -0.049474700681475
0.0525586736608159 -0.300602858315986 -0.0700113951692017 0.0546667939450464
0.239761921543174 -0.333648530771382 -0.291255610170271 0.234453084814786
0.0656688809537594 -0.191828653024366 -0.601889520126069 0.371422284014012
-0.0277677449628072 -0.184027983059794 -0.234665423401548 0.448613014171975
-0.117762897689269 -0.0970824434998431 0.0306301990753782 0.136015411845437
-0.115541479446587 0.0115107359941948 -0.0490465813122657 0.0158957698170188
-0.0803231597073862 0.0330526802387863 -0.187035058437708 0.11788384742661
-0.0653272072154204 0.0654597501675149 -0.144068943205242 0.309756379406476
-0.0302371223892685 0.097600215995197 -0.00456377032174744 0.406468950720536
-0.0120414586850739 0.0949143341460168 0.0706155512467107 0.404836240759275
-0.0265779001513774 0.095205477483223 0.0275963852016659 0.383478997633461
-0.0733276293174989 0.070900754436009 -0.0802978807239447 0.324076498627941
-0.0912165350364305 0.017146275139828 -0.180965124022039 0.204384931089863
-0.0786180578259769 -0.0228351686609593 -0.169489009632266 0.0430946441269991
-0.0613092763059066 -0.0604547541658931 -0.0962958203110033 -0.033208740826257
-0.00687952787207285 -0.120390210531115 -0.0585244646345018 0.0953979301990879
0.0755745914877673 -0.184147747644634 -0.331356748114495 0.300728907142521
0.0973442884167515 -0.00637018268697486 0.27719297297916 -0.347430835702378
0.0782397267953802 -0.0567682577910152 0.0386677828063818 -0.197896322527086
-0.0233889185637584 -0.0860625824736196 0.0617524346578458 0.0150123589950815
-0.101169295073923 -0.0125967393232138 0.142764220797233 -0.011908281389191
-0.051761423316532 0.0611995453803369 0.193955524022214 -0.15451006041191
0.0048218026996616 0.0712091641902984 0.106788535766979 -0.311798234985741
0.0473402234547414 0.0631991096868355 -0.0270149876836993 -0.36673004777981
0.0540961108711802 0.0633379516594683 -0.0799821343794293 -0.37955903455096
0.045977053470772 0.0713739348790906 -0.0402478544207496 -0.376636879423798
-0.00305024318586233 0.0803850499784238 0.0780326654407991 -0.3093035346654
-0.0564985214396067 0.0637036033297167 0.145504439293746 -0.166247539070156
-0.118659062393911 -0.0184499908949751 0.0557617685346815 -0.0649684294293888
-0.0229538426414643 -0.107830894297618 0.00357550002017303 -0.159481338873888
0.0971792041806803 -0.0436669789154929 0.162769128627293 -0.378757714113205
0.0922226876644291 0.0296920448016429 0.580343855431245 -0.410241409700079
0.218729754810959 -0.15887305145475 0.258167123692175 -0.307673974419573
0.119020171844902 -0.21938611361494 0.0542737661716983 -0.182537686037759
-0.105662077898375 -0.214843056325622 0.0751139507135173 -0.0139080522661428
-0.262389443192559 -0.037621746494396 0.129549553939679 -0.0248925229730909
-0.1771486528824 0.131193943666782 0.168452367396212 -0.130439258391695
-0.0551240418600775 0.190324154704729 0.100064583484245 -0.267962089669662
0.0599257557446623 0.205470008921354 -0.0105403148826758 -0.310295990809489
0.0910340519995463 0.203533594461658 -0.0518272151527696 -0.320641163305082
0.0689647990193512 0.223313269539032 -0.026500811584188 -0.31484280553244
-0.0617291959370597 0.229146642020393 0.0748463909487795 -0.257504891132036
-0.188506994012619 0.158463882781678 0.128119653343569 -0.126516366740272
-0.329251999270519 -0.0263945124117892 0.0296914659266082 -0.050009445445989
-0.159316991159306 -0.27087046010869 -0.0210723954297655 -0.178764036711867
0.145334639867831 -0.273179951434191 0.106279694971525 -0.376249374724622
0.265110495325283 -0.17455563490089 0.474791514219259 -0.39766490239644
0.319196839821462 -0.294661485514074 0.178705564040896 -0.230042942439507
0.148577251877052 -0.378355278171533 0.049311624611766 -0.129634083547736
-0.189042273961938 -0.336875045766768 0.096606146090162 -0.0327399371885595
-0.413220123301911 -0.0589323576216645 0.116766968064429 -0.0472365048165396
-0.292357916240386 0.193042531512685 0.120382290140953 -0.105867681861132
-0.115641159832163 0.290147247567801 0.0724139836281888 -0.194252267866522
0.0600576337505071 0.32317861862111 0.00339186947071597 -0.208917819840413
0.115562025616174 0.314106300050004 -0.0156934282453399 -0.212528457040366
0.0863611461886254 0.339840018041147 -0.00615540919766911 -0.203922572871911
-0.101943247612932 0.346724915846291 0.065065939037928 -0.160981512538516
-0.28672743928456 0.241956842041176 0.0932236447042786 -0.0578457030953343
-0.498675200866967 -0.0094751910577782 -0.00840416100868516 -0.0185729495919442
-0.293532650188867 -0.382866508813904 -0.0540700880749744 -0.172081374409451
0.148121780296573 -0.462651415328498 0.038104274721361 -0.324071463904227
0.384629871557405 -0.359113005128061 0.314944285589322 -0.316096517153069
0.379486428588739 -0.399463132780198 0.0445940040193107 -0.114841601921562
0.152487017982136 -0.512535950517932 0.019635182424929 -0.0323233580871586
-0.271700762087352 -0.43144970282465 0.116528072615943 -0.032418235499837
-0.535022724683324 -0.0646598991118298 0.0959045536460709 -0.0673030220800122
-0.376993910353266 0.241016014247189 0.0491874622948636 -0.0708860399058353
-0.161253539624158 0.357450278279668 0.0268082842192972 -0.0918206005634155
0.050684931725672 0.396920028496316 0.0124191367002923 -0.0720291466341771
0.123090496965944 0.37757729379365 0.0226715992173157 -0.0730345603691678
0.0925770487433539 0.399954384795379 0.0199744415375033 -0.0627598289650997
-0.124531813453952 0.406403021996476 0.0527411452186245 -0.0341875132783005
-0.336640779140441 0.289704963063671 0.0470150072687989 0.031210337017085
-0.586421546704804 0.0178304498270367 -0.0520647077062381 0.0251057288122
-0.383631834088392 -0.42200207327062 -0.0849529895103194 -0.14109964249671
0.120847000220174 -0.569868317618072 -0.0228494193025773 -0.226906824646611
0.431275459215725 -0.479551349169185 0.132808145571236 -0.180733019582779
0.384296208844518 -0.449422278852997 -0.125050134280779 0.0281429564948795
0.128335686811935 -0.577664053867176 -0.0323798663984874 0.101335449089717
-0.322955863245757 -0.464952810879027 0.120603880128933 -0.0105030984650602
-0.578542684515303 -0.0541389293222752 0.0586077561256118 -0.0714860808067273
-0.400234382807773 0.257088723224293 -0.0349719629187189 -0.0197900057652911
-0.17804049544309 0.371268754425844 -0.0278684397273273 0.0319906820815138
0.0373310782410285 0.410239382485964 0.0168501344368245 0.0807615760301493
0.112258593765509 0.381634652733248 0.0579603739582656 0.0783629691817901
0.0799467565497032 0.396839762272163 0.0453868663656504 0.086117268082446
-0.131350095654443 0.395657154812878 0.0379971784169077 0.0989092686053171
-0.332785584405321 0.279099414326497 -0.00499655814659487 0.12264568331869
-0.563268827055277 0.024441549201367 -0.0939763471626558 0.0678161659628317
-0.385738478716388 -0.392266514088528 -0.106207993890563 -0.0986554034648397
0.088266408247573 -0.563697037510841 -0.0612603273283811 -0.111395246540594
0.406869591144671 -0.509366712485743 -0.0378963516573925 -0.0189149461829145
0.320623277071895 -0.432672979570148 -0.302523652649868 0.177698753501016
0.0792820538827553 -0.538573115742162 -0.0962485367513629 0.243933433082288
-0.310581843611052 -0.408631147364187 0.101438218495715 0.0283860602480136
-0.507448388544692 -0.0325206304939004 0.0102578793908151 -0.0551274894835842
-0.345790845489174 0.22397395555184 -0.111898204831125 0.0412661423249315
-0.162723862691288 0.321438278337524 -0.0772981816128381 0.156495145971727
0.0208975288071578 0.357862169600384 0.0192649838866891 0.224184744789815
0.0837341868951367 0.329669262645015 0.0839969576958695 0.217473644569524
0.0520019145479792 0.335504386309005 0.0624672310778004 0.217906796348212
-0.125703288091086 0.321570210660516 0.0156704934326829 0.211603326815558
-0.280750310566871 0.210969907638132 -0.0599593304855878 0.189885049470895
-0.44222250246052 0.00893693506884902 -0.128760999063258 0.0887365193321866
-0.303998022362146 -0.306104871066803 -0.113013663902578 -0.0619330670593025
0.0607531257166468 -0.455012450340844 -0.0726584168615655 -0.0105402584645187
0.327751774075658 -0.451668075980155 -0.173272822939447 0.131172602381536
0.203307399738556 -0.340977314887303 -0.453783626342141 0.306581709452207
0.019297660956214 -0.390816068678626 -0.155006471475179 0.364729786126276
-0.236338524999496 -0.269249327542755 0.0677557597327036 0.0765547814268989
-0.335127832605864 -0.00501323243153607 -0.0298402162022426 -0.0221226374958399
-0.227565021680355 0.143928027702876 -0.161507257952786 0.0935872032592499
-0.117772466826826 0.212759325961745 -0.110173899261073 0.254082069256434
0.000532510581189354 0.247548302385496 0.0207007757641509 0.332885150815053
0.0433169287712431 0.226933303394306 0.0968840069546452 0.323964751111218
0.0161568649334654 0.228439385320937 0.0635005011922363 0.315025007511819
-0.104596251798575 0.205844660166076 -0.0173242709171748 0.285444958740843
-0.193585965815297 0.114632033486878 -0.114161207155015 0.216607665619095
-0.262777731625759 -0.0134594919155999 -0.150959879563597 0.0813036536801097
-0.177635231783619 -0.185456737095116 -0.108553286478111 -0.0395694985502599
0.0320338807663019 -0.289356799639831 -0.0667542471864936 0.0573517639392629
0.206936649301669 -0.333000445768333 -0.261364681366762 0.245351636530124
0.0494974412458041 -0.188902769805071 -0.548883472632366 0.396086602711609
-0.0406380250102669 -0.174335019975866 -0.194621194660304 0.446562361143662
-0.120124804515136 -0.0832639985288497 0.0385521264031664 0.127412269583556
-0.107729117568661 0.0214946672339266 -0.0451210909791277 0.0158923634656933
-0.0746764053524226 0.0376974136472503 -0.171370284446366 0.123760874740079
-0.0578266902468188 0.0675501482041656 -0.118433904185073 0.305667321626013
-0.0224799559396541 0.0947872982304234 0.0231604676893315 0.388256336431438
-0.00448820791246094 0.0898242363572809 0.0958588819417479 0.382604758232743
-0.0180867668019114 0.0915669453666863 0.052610576644971 0.36559451782767
-0.0651569530759017 0.0720438636066756 -0.0559576416550499 0.315103381350367
-0.0844164141252217 0.0228527642920686 -0.158743456558536 0.205553492238827
-0.074424880357358 -0.0156296708345654 -0.159310475023137 0.0540049851751302
-0.0614354059798494 -0.0518852457663186 -0.0959738483034358 -0.0238789956669342
-0.0152535308133742 -0.112929939400629 -0.0524944097254953 0.094888781090205
0.0592290014979881 -0.179862055062928 -0.294235276875934 0.31124784686527
0.0938834233620117 -0.00745013854676644 0.251770121760167 -0.339994002615932
0.0759978631645895 -0.0573186876664669 0.032388863694871 -0.190921560961408
-0.0240822037421228 -0.0829891947756301 0.0597520271975072 0.0108356475293462
-0.0981485768286449 -0.00983219016002554 0.133698681788653 -0.015758651103903
-0.0479780065936632 0.0601044604456989 0.17908748455085 -0.152717032600351
0.00724906781393514 0.0676618367974847 0.0923370991548717 -0.300369669647997
0.0472884823958423 0.0597394967285781 -0.0357991225998902 -0.348052980625395
0.0532820255576067 0.0590252689620995 -0.0886233258024805 -0.359028660130017
0.045243681563252 0.067043255711609 -0.0491149886252591 -0.357489487378344
-0.00109080395766203 0.0774196885138613 0.0665666888906735 -0.297087445780363
-0.0526353431775736 0.0616661640920388 0.134312888505048 -0.160042178067441
-0.113865814094499 -0.0146320617493807 0.0507707635662451 -0.0612919234285505
-0.0248926506948428 -0.102296545342163 -0.00254443762462736 -0.151524723131954
0.0927526913936513 -0.0448387614022199 0.144295636352906 -0.3649961838209
0.0888808556112044 0.0269387710382257 0.53976163829816 -0.406326846399674
0.204907102203478 -0.154131157109109 0.234193368372632 -0.301928294818001
0.109517064824235 -0.212076405465429 0.0473889803685603 -0.177325614805617
-0.105026976011473 -0.201485624060302 0.0705742017873461 -0.017415819173257
-0.251229243009747 -0.0269024424226886 0.119914795214448 -0.0288682746095301
-0.164606804132663 0.131776105339097 0.15544224338396 -0.129320022081553
-0.0459680070144484 0.182513105218545 0.0868999484028809 -0.25726169697196
0.063899225405355 0.194399407568849 -0.0179371883130477 -0.295965762000673
0.0937110283048223 0.190214657904006 -0.0599235884690261 -0.304493778161888
0.0722296538136994 0.211081893488812 -0.0334995202344615 -0.300134181076017
-0.0522083924979649 0.221509019609921 0.0646879194241538 -0.247794883342083
-0.176036848635054 0.155766488558829 0.119665659526865 -0.122727124451571
-0.315062363218424 -0.0148914669835522 0.0257831921819353 -0.0452371359530676
-0.158558666556857 -0.252576136073107 -0.0274677730070964 -0.169851975259299
0.133120298246149 -0.266001780075144 0.0896265765098279 -0.360024618224712
0.247546848836554 -0.171359628243588 0.440161006189417 -0.390357658212988
0.296659844116019 -0.286636436267139 0.161183997893165 -0.225742489689265
0.13378768866865 -0.363242902310666 0.0441324500620637 -0.12684669220009
-0.188093403586108 -0.313475761715566 0.0904004516303527 -0.036284169048952
-0.394400289344895 -0.0412629745262766 0.107623031050274 -0.0501045898467168
-0.272374965463703 0.193970792027748 0.110436221574591 -0.104726890303291
-0.100801478000591 0.279574433112539 0.0628640062746295 -0.187109037111598
0.0669516277869764 0.306451947577316 -0.00143728663428247 -0.201304461354895
0.120785203523849 0.294033103067427 -0.0223045595082747 -0.20262156635306
0.0926739663047402 0.320735502482743 -0.0102707407994651 -0.194852611665678
-0.0873615097739645 0.333641551336542 0.0578018531474749 -0.155269884215416
-0.266283956182007 0.239137691159113 0.0885140680561382 -0.0579162677111899
-0.475269482854251 0.00656561213343483 -0.00933990662622138 -0.0138812374211408
-0.287578484390626 -0.355120908676418 -0.0609697147995336 -0.162559783000867
0.132778884675814 -0.446396996551383 0.024857784704828 -0.30823614991945
0.355627339031049 -0.347544661050837 0.290705087938178 -0.309785631456149
0.351042084995023 -0.386763107709105 0.0374716527542399 -0.112594878757544
0.132739534727122 -0.490447804137503 0.0183221426704993 -0.0335822213948613
-0.268357405147998 -0.399704450557428 0.109204147358279 -0.0371594447891343
-0.508416270072281 -0.0420744387918953 0.0875371951220498 -0.0689429780444723
-0.35046210591952 0.243384195790563 0.0442919987455124 -0.070099768702796
-0.141619491291792 0.344960465782089 0.0217827912303009 -0.0884632094062132
0.0610709990259246 0.376010553782057 0.0109326267389682 -0.0714753894263284
0.13047765559387 0.353175463150616 0.0193606586492326 -0.0709531772030323
0.0994992915128684 0.378017434334933 0.0190210561505185 -0.0610969391434469
-0.106933427308176 0.39167966194562 0.0495602580081618 -0.0344982109161169
-0.312228152335491 0.286321453158633 0.0473602794723062 0.0277472211700948
-0.557352677627785 0.0352106629380207 -0.0490838049356003 0.029796945084605
-0.373993063601159 -0.390297581027029 -0.0908598348577304 -0.132058399481551
0.102988970626331 -0.546920096177055 -0.0308657604448057 -0.214296210317369
0.395796748043701 -0.462742518275998 0.121792995710114 -0.174259746589515
0.353223750570347 -0.436301915073384 -0.1195535129895 0.0285477175562458
0.105617907569705 -0.553478712004088 -0.0271657798656678 0.0952251375283753
-0.318143962238531 -0.430855098821378 0.113525487620835 -0.0156088138381052
-0.549536704731432 -0.0296375128987592 0.0527526360004274 -0.0728617037316797
-0.372825328553648 0.258260692368413 -0.0340502198424416 -0.0192082092033544
-0.157641047488521 0.359404349896639 -0.0269475539017158 0.0315427392775291
0.0490856668290103 0.389381177027131 0.0198185158468413 0.0735227252198255
0.12006434051982 0.358188289859919 0.0571399956680027 0.0716917650528652
0.0895273394120061 0.375109865894711 0.0472779758152934 0.0795222885395832
-0.11438295580961 0.382207466853632 0.0395018118737586 0.0936185027304288
-0.308786721056464 0.275713780283163 0.000129202680302471 0.115813778685191
-0.536203628913814 0.0415428046998988 -0.0879213171114206 0.07122689669501
-0.375035762168837 -0.36011059065449 -0.109520917815632 -0.0907236812793947
0.0719219856232001 -0.53979986720366 -0.0644330230202872 -0.103033161823831
0.37237069605477 -0.490479732784889 -0.0347834275871994 -0.0160693415256445
0.293342329209359 -0.417939305995211 -0.282670690778663 0.175774748951752
0.0592621152176067 -0.514280750737191 -0.0829750762088433 0.234292520924942
-0.307398502735089 -0.376584637299914 0.0969483074632256 0.0222243720168561
-0.481824943364732 -0.0108585028820787 0.00815296401158268 -0.0560291331489441
-0.321983539411266 0.225421022972808 -0.105830914719015 0.0405817224896686
-0.144411781558576 0.311462048427861 -0.0707212035680927 0.151153349782067
0.0307386598492738 0.340023516658272 0.0262103049712912 0.210460563474646
0.0916039973685564 0.30759801048955 0.0867171237312495 0.203282523497275
0.0606924012514239 0.317045028217404 0.0672860567091922 0.204456459514176
-0.111092090689817 0.310630078116505 0.0212021166499358 0.201462955155062
-0.261804739474138 0.208833307995097 -0.0503582185691838 0.181892896941528
-0.419426024953067 0.0223540769948596 -0.119812621336064 0.0925968228358482
-0.294998854489824 -0.280930504231655 -0.114785872425303 -0.0549239446274466
0.0480092869437686 -0.43434256376411 -0.072611219490441 -0.00683081406588234
0.298567373060845 -0.436262181504977 -0.159827560528543 0.131601993745408
0.183909965504486 -0.330526620730643 -0.421698953206077 0.304184898485126
0.00703081739171721 -0.372785653310345 -0.135849302050803 0.352170573114545
-0.2323994252249 -0.246622041816243 0.0671293237431781 0.0690312560885022
-0.317320086047455 0.00869582191877538 -0.0279597727674651 -0.0227012083250857
-0.211772609072017 0.145614100999702 -0.151052030759571 0.0923356801163213
-0.105973508720259 0.207229792646081 -0.0990380665890567 0.244964229279648
0.00846909233730755 0.234443519361243 0.0302506511427353 0.31483790081693
0.0487709247765601 0.212222436177414 0.102519204989405 0.305405179174905
0.0232262212256265 0.215470527700907 0.0707809722596896 0.297758038276315
-0.0939498624176977 0.198924370007854 -0.0084763516377883 0.273202584196821
-0.180239046224204 0.11525449918867 -0.101115834101561 0.208102798791008
-0.249130074407468 -0.0040054425102019 -0.141188846458247 0.0845263012906304
-0.172936513613179 -0.169585652331344 -0.107499571194318 -0.0334410271612893
0.0229950048846709 -0.275443078679875 -0.0644962764752782 0.056691982436419
0.185777216432097 -0.318983615876789 -0.239399696903212 0.24289478767787
0.0409771381817154 -0.182102041142159 -0.509853340491343 0.390563863567988
-0.0454573133194025 -0.164781844955463 -0.171002298413904 0.432857860251056
-0.117462690380824 -0.0740399736801202 0.0410733578216855 0.118354815504984
-0.0997763962503442 0.0253211564496495 -0.0411402069103255 0.0143204684060147
-0.0700563496437623 0.0388856214584551 -0.160711154328002 0.121085982904318
-0.0530999118768315 0.066872152473193 -0.105454546438638 0.294443800432152
-0.0180635738517342 0.0902467133574932 0.033714713423956 0.368463366869746
-0.00136432391556954 0.083349799149444 0.103411830117515 0.360875778440711
-0.0136053677612359 0.0857368098640428 0.0614132939051629 0.347021561501859
-0.0594624760607956 0.0703758945626394 -0.0440934659154952 0.30282438223804
-0.0785717736933641 0.0242308673404844 -0.14445513699021 0.20026683892937
-0.0697877874701612 -0.0114056299664448 -0.148827549434345 0.0579737595757685
-0.0589881186167792 -0.0459433974317467 -0.0934873227806905 -0.0181653659523258
-0.0177401151967349 -0.105799852838997 -0.0502703515536888 0.0919251064360112
0.0508715889065028 -0.172340913724083 -0.269589154582719 0.306602796551339
0.0934540041879211 -0.00596120110292978 0.240238951767514 -0.331871873039962
0.0765264859205814 -0.0572669425172145 0.0317172206192631 -0.187347335196269
-0.0229794925158352 -0.0823076428992994 0.0583474817911684 0.00860726262231002
-0.0970470703821813 -0.00905193827772093 0.128195184735826 -0.0159967094287126
-0.0466886209455583 0.0593136980274406 0.172003105489149 -0.150050229395805
0.00809395111614991 0.0656901185116052 0.0881258743250332 -0.292866894556431
0.0470151794752099 0.0581995347870671 -0.0360940540307688 -0.33924715619922
0.0526958520031554 0.057367056530632 -0.0895789843068167 -0.349532287386103
0.0445820566959726 0.0663115843122524 -0.0489374281389824 -0.349034841244376
-0.000718708807127683 0.0762556234227352 0.064389731558609 -0.290755114331122
-0.0515895292554403 0.0592776210345108 0.130812052311566 -0.154408915163867
-0.111803212312607 -0.0139186322571732 0.047840546402258 -0.0571604572890168
-0.0238743492116705 -0.0993091603476567 -0.00398543632261881 -0.14722482423107
0.0915970101171266 -0.0441748185969333 0.13907486493237 -0.355923037518808
0.0869185814387052 0.0273903994360934 0.523123918438297 -0.398204969593742
0.200231208153995 -0.149151836914431 0.223212122548332 -0.296138819584545
0.109174465417534 -0.207600255606688 0.0455139658199287 -0.174344550273926
-0.101915834068142 -0.195554385372122 0.0680383086906216 -0.0190478637703663
-0.244600244662844 -0.0236107449128843 0.114481615244113 -0.0293764245137243
-0.159811960342541 0.129568727490865 0.14966490300541 -0.126712259593752
-0.0435622068399987 0.17748476351175 0.0829728154351208 -0.250922557834893
0.0633939844128309 0.189128616507219 -0.018394894898901 -0.290086801105853
0.0932421431938354 0.184073400233947 -0.0611915881090591 -0.29636710861798
0.0720750964437994 0.206030382446285 -0.0344581067199667 -0.292280001842578
-0.0507877766057237 0.217100016329831 0.0628346345306938 -0.241566541303098
-0.171516765842495 0.152649571883713 0.116854381261287 -0.11911555595897
-0.307801450619427 -0.0126735419048158 0.0239961194192257 -0.041182571884159
-0.153861481072641 -0.245446701833527 -0.030830863193562 -0.165157605321676
0.130684282410584 -0.259776578949494 0.0858557429286258 -0.350387189926034
0.240382714926483 -0.163943400892193 0.425940744394534 -0.38257605798899
0.28763674162954 -0.277733161200732 0.153663471084784 -0.221621091567485
0.130982882791043 -0.353496752744709 0.0424828108707671 -0.125968493712715
-0.182092964721933 -0.302832552467542 0.087279663733607 -0.0374468419463373
-0.382707203827905 -0.036203752737572 0.102161087926374 -0.0502848140605701
-0.263365230152173 0.19242446698032 0.106377143466452 -0.103498784646677
-0.0960627140427272 0.272792092296533 0.0592454161921087 -0.182307998561833
0.0676392460866272 0.297969223572441 -0.00211142477899781 -0.19799126984966
0.119989204146778 0.283849105479926 -0.0234117839427515 -0.198265188703964
0.0923582677175052 0.311532193539799 -0.010357410060479 -0.191054135306578
-0.084184932945693 0.327516737838004 0.0565895951665882 -0.151883328538959
-0.259044987796382 0.234289939364772 0.0868636653626153 -0.0569595760714233
-0.464037074519402 0.0106955449400172 -0.00957488031059002 -0.00998715333482531
-0.280149664788534 -0.343501388133923 -0.0646772645349554 -0.158055690080452
0.129703015000188 -0.436725289903408 0.0229838364380669 -0.299508114700798
0.342874268818812 -0.334713710871335 0.282720896104164 -0.301377595780865
0.340773848526489 -0.375742381820661 0.0350829467255202 -0.111017443030843
0.129701447592663 -0.477235667924568 0.0182507995291391 -0.0337756967318454
-0.260760951686544 -0.385291720433273 0.105261106365762 -0.0384314557660442
-0.49285206506264 -0.0361934764496193 0.0831510345669219 -0.0695905387454214
-0.338860741384804 0.240428732891146 0.042750619727635 -0.0698299040620605
-0.135565900551499 0.336950566829753 0.0192502459200653 -0.0861149548894133
0.0622677397870267 0.365262600822886 0.0108043565916431 -0.0727037157512374
0.12990488264888 0.339156706376212 0.0177368325971816 -0.0699437237244312
0.101682681614017 0.367396858677165 0.0191262262227716 -0.0607722716892365
-0.102472428532722 0.383818666103028 0.0492184362019373 -0.0335640708642928
-0.303555933995994 0.279879257582082 0.0470083578071688 0.0265247271440881
-0.543182275004641 0.0395814434297453 -0.0477321567223753 0.0335813458256767
-0.362698759244148 -0.377784864450287 -0.0946852114432339 -0.127986266316062
0.101412961978367 -0.53438791001488 -0.0329026444329002 -0.207258653297793
0.38339895393209 -0.447116819271238 0.118994946674133 -0.16941698001522
0.343515508252993 -0.424259692336622 -0.115826254350947 0.0269042932769759
0.102860764300193 -0.537375326925437 -0.0249861430506255 0.0920062354239013
-0.30889459184634 -0.413656998501892 0.110211518866994 -0.0174248234906997
-0.532423436409705 -0.0231214008248362 0.0501829394506919 -0.0737728117903765
-0.359384124993673 0.256230910568923 -0.03234922783455 -0.0199290266558137
-0.151338729914391 0.350922541387495 -0.0276926094477129 0.0300176410373292
0.0498550671297827 0.378096993058998 0.0205185293418998 0.0683666952838809
0.119255076386721 0.344641128590412 0.0563793259711676 0.0686340781138407
0.0900548133026511 0.365316646842892 0.0479354363871481 0.0759838636144578
-0.110782558052592 0.374638252154063 0.0398866802258564 0.0906200754929528
-0.299084403358746 0.270767288647768 0.00186322891722553 0.11119485858034
-0.521624060882723 0.0451759338072432 -0.0843103485419175 0.0743713799862336
-0.363693141209676 -0.348948792548231 -0.112563661393902 -0.0873771301096931
0.071008249810795 -0.52580091503243 -0.0653814114824889 -0.0989814461867237
0.360508203897493 -0.474560398955202 -0.0327574920042938 -0.0137598339435307
0.283776863045827 -0.407713408704911 -0.272960650563917 0.170169692267247
0.0575910327244695 -0.498783100424349 -0.0789197493391385 0.228237899609064
-0.299583698163362 -0.362114947331245 0.0945956634536543 0.0192236522565656
-0.466724389122909 -0.00463117252435011 0.00786692062434774 -0.0572898840953009
-0.311226666204659 0.223707798042437 -0.102636921222952 0.0384397329299702
-0.13866433350458 0.304760701749106 -0.069859762419716 0.146992532904167
0.0329365309034599 0.330479834120456 0.0268778274934683 0.201770494797143
0.0912887889532754 0.296106836370284 0.085923222925407 0.197487551065313
0.0621454053763403 0.307319525850806 0.0683513237867615 0.198873569770609
-0.106297272047085 0.303902028141442 0.0223162710975182 0.196433556758004
-0.253510865957447 0.205797471190304 -0.0471095088199667 0.175239041120593
-0.406657014482908 0.0260108998764745 -0.115023953841975 0.0934357610160294
-0.285117272052953 -0.2712951426309 -0.116088081876669 -0.0519925274899569
0.0476736787928354 -0.424353127420389 -0.0735187662271748 -0.00543541064509403
0.288597915302308 -0.41982529799369 -0.152944076415006 0.130246064428669
0.178113969855324 -0.322207111013229 -0.405765556633 0.295303811173553
0.00462903965778016 -0.361617101605531 -0.129382030709174 0.343845682352004
-0.227849573105665 -0.235785838855573 0.0654729189215773 0.0660875515387724
-0.305923063332712 0.0124865845146335 -0.0270388698420491 -0.0252304563630821
-0.20492815187673 0.143585015575884 -0.146742888754015 0.0888073373555935
-0.101256796082879 0.203048254152878 -0.09724213578899 0.239138117389049
0.00978047571807192 0.228151518186423 0.0320334483130541 0.304760444222595
0.0485041478319099 0.203695112488649 0.102722516133331 0.296620728820886
0.0245319157406314 0.208696222814282 0.0721531783608349 0.290304545139088
-0.0905770235442845 0.194292823413098 -0.00614935234639808 0.266771285065232
-0.17396702835692 0.113398920265808 -0.0967131773338307 0.202077809965698
-0.241088027204791 -0.000903973205465246 -0.135509838267837 0.085280432895146
-0.166480478240647 -0.163131015082281 -0.107658492133515 -0.0300441838290681
0.0218461523494563 -0.267549346997239 -0.0651845926773519 0.056333669260173
0.179301055193205 -0.307946249762529 -0.230008225929783 0.23895204110154
0.0386110738025074 -0.178495001965578 -0.492006023232864 0.379802823530182
-0.0466189140377937 -0.159842156449358 -0.162534448673829 0.422236298132374
-0.115449258077013 -0.0690553399563938 0.0415460416416409 0.114199991410905
-0.0953517365885562 0.0268040646015807 -0.0388503841472184 0.0109220755778863
-0.0674552054665383 0.0387902679318589 -0.155988847299182 0.117172028993493
-0.0514553976662375 0.0663535391528155 -0.102398882347938 0.287431083861835
-0.0170840251634731 0.0877925078156803 0.0350191482434852 0.358598974577344
-0.000650527195835447 0.0794186699091923 0.104611817504175 0.351786407492927
-0.0126728987727481 0.0822131667214123 0.0626559173229794 0.338935025080502
-0.0567529283469847 0.068355433288085 -0.040507898473953 0.295371521074815
-0.0754368776357323 0.0240321900015947 -0.138815645139876 0.195101012040997
-0.0662951826046949 -0.0102911668960841 -0.142959165832508 0.0591527050023026
-0.0569554661876656 -0.0430405223511234 -0.0919816396612909 -0.0154838008966427
-0.01807070736334 -0.101201673568935 -0.0504930789883439 0.0897617074190105
0.0483407411362602 -0.167411141784418 -0.258870402947706 0.301544502815752
0.0774950708270837 -0.0409459416544307 0.0794259875436033 -0.405234437799793
0.045235998496525 -0.0823977616189161 -0.0533215218707407 -0.187332012461214
-0.0548051846651643 -0.0676274953556436 0.05160690133703 -0.0191311377495893
-0.0925203742916875 0.0309734180574225 0.104329619640911 -0.066609225901373
-0.0212766383217225 0.0732088530485528 0.090030938951041 -0.206749050372103
0.0319630415410578 0.0567418066980006 -0.0479836274366678 -0.301900765785999
0.0673016017351939 0.0328825706848275 -0.178042918362488 -0.291512696546219
0.073381084926847 0.0339882195503704 -0.235005672103652 -0.275668494504405
0.068956693182564 0.0417055586874908 -0.198959821556444 -0.293975139831248
0.0300366389627064 0.0700552884281753 -0.0702006588140954 -0.29041474622541
-0.0243758416607083 0.0762194279605911 0.050168098390762 -0.195866823088
-0.106992735150688 0.0342115712675236 0.016127040156531 -0.077809428051905
-0.0632573957278201 -0.0842810962804213 -0.0643141147166331 -0.13036857376759
0.0692410912368382 -0.0853226213474735 -0.0217132618985565 -0.375975262776064
0.0982076232255476 -0.0167989822891411 0.306922024184998 -0.577857101362524
0.119171964524195 -0.21260166285725 0.0764191746937717 -0.371893655103238
0.0151300582879277 -0.230010551836056 -0.0395851821314481 -0.182708676061725
-0.17036504937735 -0.137325446044239 0.0419673411903566 -0.0457911324715203
-0.227150942800247 0.0787397568230176 0.0802702195473009 -0.0673507564454965
-0.0925583072669893 0.183513205613834 0.0810038869355227 -0.171050814598646
0.0324902047787437 0.179772945800308 -0.0323362778348889 -0.25833339321082
0.135918938192826 0.14426462112309 -0.138239018328709 -0.25125402359421
0.161810768298027 0.134040302336187 -0.187478694347742 -0.238997703531033
0.15335395530583 0.158845457657088 -0.162692260024986 -0.248915863540273
0.0439695096952281 0.22132366732297 -0.0542296765995639 -0.244317413939238
-0.0954294293612471 0.213823329496367 0.0476078091624843 -0.162884159267954
-0.283179295470138 0.120637166401988 -0.00545011587925703 -0.0645577146826756
-0.244657712935083 -0.164761492572518 -0.0924409985762046 -0.140982352747499
0.0112047381565057 -0.300682313864854 -0.0557926830258433 -0.345880506596897
0.1530695823914 -0.263746168690965 0.233572766773027 -0.510817185939296
0.1504877073998 -0.362811962282142 0.0418252301405681 -0.281875688695723
-0.0230686005034464 -0.369832738567104 -0.0246120272403851 -0.138639839832063
-0.284428118683383 -0.201050836972883 0.0445864160369374 -0.0683832507542547
-0.353042345677205 0.125033193305067 0.0549880768669846 -0.0774561411016007
-0.158957909928731 0.282270714779132 0.0531814586646102 -0.12666751861496
0.0256807734429644 0.287715953418127 -0.0231405323116368 -0.183058536277137
0.184693337548351 0.240142817283954 -0.081322576488475 -0.171957080643269
0.227186352669441 0.213270136119261 -0.11020715344763 -0.166057909841551
0.216732108805293 0.247782428131789 -0.0973452034706858 -0.166011488771808
0.0605583350217669 0.337760877667444 -0.0232505817324713 -0.159301075504724
-0.142171441545266 0.326728083994006 0.0428663655436131 -0.0984664327453216
-0.412229618139325 0.209677930465827 -0.0289694077589823 -0.0308305300928425
-0.402492578551956 -0.202623331980983 -0.118828259077452 -0.1256239340786
-0.0667224142871018 -0.46234210640798 -0.0834291359848607 -0.273396015340746
0.171261647995378 -0.468814554720027 0.146049727197205 -0.369332961873426
0.162328005349112 -0.473314060523074 -0.0224148723964754 -0.136541893704461
-0.0731462768407335 -0.479843990994013 -0.0104597180209963 -0.0460973240934909
-0.389383356823722 -0.243549183341805 0.0560976850233132 -0.0748816684030806
-0.449210831791207 0.170882501817425 0.0260525640174809 -0.0836045237835499
-0.204819144744055 0.355957200466498 0.0116433031354453 -0.0658419262313788
0.0170812375774431 0.363065900990541 -0.0166424964038083 -0.0767621723046815
0.207850834365775 0.303054373298113 -0.0145351404797767 -0.0618505307717463
0.259547998757606 0.259715992003065 -0.0158083681422479 -0.0681590890731739
0.247636643332056 0.294933540095301 -0.013980134653666 -0.0612411707167537
0.067732552670693 0.397385588692968 0.0204327689104416 -0.0485454495448546
-0.161188678396573 0.389357253357873 0.0402024375074083 -0.00939632884060494
-0.473119652754046 0.27036679461094 -0.0486094459910677 0.020336623463944
-0.49466498482934 -0.198723520718327 -0.13174204423455 -0.0884985013389147
-0.136608531670598 -0.538191629723906 -0.0899013374622039 -0.167824719903943
0.155800061805834 -0.587875063184145 0.0585883136261044 -0.17669876095675
0.147663241323915 -0.517681006456621 -0.103172734365271 0.0490099859948318
-0.120616253493422 -0.525247721989757 0.00334709342536121 0.0876548081659154
-0.444044572925152 -0.248823903343792 0.0675352643192617 -0.0567561201401675
-0.479070230459095 0.198127126530057 -0.00608960947846415 -0.0718013798859181
-0.215889927505579 0.379549067255465 -0.0348037464930561 0.012866152020945
0.0100905058219351 0.381966146639649 -0.00844552221128165 0.0496061933898055
0.202193364058836 0.320588782330438 0.0556482817333955 0.0624875253210271
0.252042794108091 0.267905558668044 0.0797982050305918 0.040172666958809
0.235787082333118 0.296678694292271 0.0725602399601454 0.0499665948381332
0.0573938856498839 0.391829581866158 0.0662899396591208 0.0684295612822707
-0.162988098672471 0.37963742932624 0.0366206022561718 0.0869042913263803
-0.450445880141814 0.267071926827904 -0.0636553036850293 0.074356276245684
-0.482693454628092 -0.17247736303842 -0.131543086446899 -0.0429550072851683
-0.161311320010124 -0.515872620835283 -0.0750759404654312 -0.0575696358787334
0.121177117869615 -0.600991874143781 -0.0118793801413275 0.0275304231498624
0.10444140974216 -0.480616288333411 -0.186099501283865 0.247697418087929
-0.143666656495192 -0.473473502811928 0.0148116593868947 0.235138851231948
-0.414141823411061 -0.206931234189589 0.0723991918273905 -0.0158959019030898
-0.413314061632286 0.188681892220177 -0.0347180500442797 -0.041826847202703
-0.185001980267573 0.330016556474669 -0.0727602094381468 0.092842437825514
0.00395951910766278 0.334704726824519 0.00344334914096349 0.172439884572456
0.166828471033209 0.28471586530778 0.118848483611759 0.18021533556418
0.205697934939951 0.233593408290547 0.163814834580515 0.142834766240231
0.185372801985503 0.256108552775698 0.145787364813158 0.151626899253478
0.0314462658604707 0.326030413555263 0.0988759615448933 0.17051580147408
-0.147157799872589 0.299558421571417 0.023042377491706 0.167420385151895
-0.356338627222392 0.200722238405447 -0.0773001299145901 0.111030484077401
-0.376423431703039 -0.13293868990148 -0.121251260267079 -0.00632194045320374
-0.138392364734903 -0.409856533307496 -0.0484244742422888 0.0294078604760626
0.0768635477090127 -0.516926634063771 -0.0627159046563909 0.204704041452571
0.0427671101844534 -0.361062697105349 -0.255045216894165 0.422534846916579
-0.136470496609835 -0.33027872995815 0.0222460608397573 0.364721685335003
-0.29873936388434 -0.121214640249864 0.0731466323017404 0.036378109373389
-0.263580155060815 0.137102828993191 -0.0461513877250232 -0.00323019625060209
-0.120980949787923 0.214554191415481 -0.0924823230330301 0.152704012016778
-0.00454967656914829 0.226881818851673 0.0177939808924899 0.26446040486989
0.103332034846244 0.201860145804211 0.165794625093673 0.269534493186254
0.127906846308147 0.164780383600078 0.223403771249911 0.224651899712179
0.109350246378204 0.18029762772067 0.191056153451613 0.231872229022034
0.000505208781380074 0.217939610245615 0.106769992016732 0.245001866059088
-0.11250983901032 0.180527004342844 -0.00527939906616079 0.215803563381445
-0.217110288345943 0.105373347519012 -0.0916236196210364 0.120969426983531
-0.222265817928038 -0.0809810835199514 -0.105510759633059 0.0142104997322802
-0.0955935816278234 -0.253507619116845 -0.0233865570599294 0.0809441397205084
0.0246129576937374 -0.364566529531235 -0.0916479549641585 0.329006705987857
-0.0257291856838199 -0.176285538892645 -0.295616279820266 0.541881939692048
-0.100623416388632 -0.128230865001305 0.03213773646759 0.452875440442869
-0.13034586114171 -0.015288370527227 0.081206525457296 0.0879739199242624
-0.0711724630806296 0.0628017804019592 -0.0332657483248596 0.0283199008650217
-0.0415897590217405 0.0631483356868689 -0.0905572226156406 0.175906699248295
-0.0156938914891068 0.0817039907738254 0.0322175596509203 0.307081997868468
0.0203602928369743 0.0860155453183476 0.189103309018611 0.313412644232442
0.0307383654946049 0.0704465351021376 0.25054212563273 0.271999389956205
0.0222263566485011 0.079947640378108 0.205763425200958 0.278812156589035
-0.0224770417978482 0.0872027169799283 0.0911622008543454 0.285569665441663
-0.0580998484237669 0.0551202912376305 -0.0418499317412802 0.231660153589777
-0.0634459102541563 0.0206860270143296 -0.103064593706656 0.110416848672703
-0.0715451797810133 -0.0145261223245038 -0.0872872065739844 0.0247030835705632
-0.0612534745160664 -0.0825137674906891 -0.0046530480779294 0.102755407635197
-0.033738752470325 -0.174494933750487 -0.0977381011233303 0.388131171276995
0.0795308058520195 -0.0436675855499102 0.0673153010950913 -0.412017976463402
0.0449426737310655 -0.0877264189949109 -0.060013460441616 -0.190291268487845
-0.0592362562635794 -0.0694234504617884 0.0516276569156851 -0.0229062962371202
-0.0941848559998268 0.0347578069251348 0.102860486334548 -0.0705145367887609
-0.0193004690698253 0.0766324395172835 0.0850501014252869 -0.212717557857239
0.0344402153674365 0.0567691430350675 -0.0576606359500112 -0.306537561984175
0.0704695150986836 0.0317429086496838 -0.189899566229415 -0.292002102190496
0.0763615880120404 0.0326155704792242 -0.249130697512693 -0.273818264866144
0.0722448597583483 0.0419425889513532 -0.211847624085033 -0.293457091456139
0.0330368068668837 0.0718274495540318 -0.07910968273875 -0.295074716620944
-0.0239651267782423 0.0785074850517657 0.0483313639810773 -0.199705290444715
-0.108964058495434 0.038293746762592 0.014042115967894 -0.0766250191137081
-0.0661998959601427 -0.0849444572946918 -0.0705818631799078 -0.1293633035551
0.0690978506160815 -0.0901007941249321 -0.0321788394243744 -0.382476143632332
0.100582925415854 -0.0184265495112515 0.294635417522614 -0.596186932698303
0.117072378810392 -0.218730332829114 0.064951584731689 -0.379278369354456
0.0104126438682994 -0.236126123701673 -0.0462359002512558 -0.186394892945393
-0.176663156515351 -0.135932846156427 0.0414113140049764 -0.0495213761341262
-0.228820583720781 0.0878071953171037 0.0782228582362031 -0.0708844354119571
-0.0876537374496356 0.190529878034553 0.0772396061059128 -0.177249160826874
0.0381162088803487 0.182371927337259 -0.0413238040329259 -0.26225927130856
0.143488961413321 0.142894695688655 -0.149775867488832 -0.253097694971876
0.169530632427094 0.13097980259575 -0.198756476195049 -0.237491409104979
0.162280877751249 0.158207694293851 -0.173285284845197 -0.249062697750084
0.0523779521633806 0.225729840399285 -0.0616155872062123 -0.248667138917065
-0.0915171506463323 0.221241328708549 0.0454798585821039 -0.167659875952153
-0.28528334047707 0.132175151989485 -0.00676820553994273 -0.062365447062597
-0.252112080500024 -0.162628407649569 -0.101587865468227 -0.137812410352297
0.00391110690358854 -0.308015445408409 -0.0670141631521488 -0.351076366665496
0.151016573785124 -0.269819235803875 0.222997726854086 -0.526618062963017
0.143378336733279 -0.37291786663241 0.0323507472201253 -0.288169200048147
-0.03131698847473 -0.376375772922589 -0.0300224762191463 -0.141763607795251
-0.294089747124321 -0.19654724702191 0.0436334212747238 -0.0722774347909372
-0.353840398973427 0.13897460223347 0.051790083894472 -0.0808081963862631
-0.152021164182524 0.293172805973108 0.0505973866046233 -0.131658326015802
0.0341992694864133 0.293194244878914 -0.0297242847106779 -0.185295974822426
0.19610879115218 0.238606356471226 -0.0898381115414393 -0.174215069185729
0.238279530259313 0.209354149696968 -0.118272519164531 -0.166043887810155
0.230277182992752 0.245803628807167 -0.104405563558143 -0.167136878315692
0.0729874396444123 0.343572550212861 -0.0273068444807093 -0.162114416502765
-0.135416434455509 0.338288279685625 0.0419422914711163 -0.102340169952496
-0.415328242110139 0.228041102070279 -0.028439238835696 -0.0265641400710735
-0.414293646124531 -0.197755007072688 -0.12859766208791 -0.120315562289673
-0.0798513445845238 -0.469987026662671 -0.0932486795906148 -0.275664004940356
0.163649565843721 -0.476811118535438 0.137792284938209 -0.379728906172352
0.15301825724831 -0.483216736895409 -0.0278002179339458 -0.139675784881949
-0.0863929810843452 -0.487408758043268 -0.0121590864031552 -0.0478100168621799
-0.401211624168515 -0.235723002337306 0.0553882234055578 -0.0799334803675791
-0.449685247949909 0.189045010595046 0.0226190897193429 -0.0872375320453897
-0.196468134779374 0.370949664193902 0.00976360724600095 -0.0694488795240656
0.0283705590452567 0.370089266828271 -0.0207573869557808 -0.0767130803770031
0.221393610346377 0.303430157668376 -0.0183220928890408 -0.0638841238637814
0.271182502252584 0.254945553408227 -0.0189448271330472 -0.0689018632632117
0.261400469113437 0.292219360439419 -0.0161016783805571 -0.0624294493604629
0.0816500964176827 0.405514177107482 0.0212108091785893 -0.0509842878122134
-0.153683544202448 0.403598917241778 0.0414585329548922 -0.0118271680175709
-0.473016370847021 0.291395589326176 -0.0459793477262791 0.0253249352855606
-0.507367272200743 -0.191631532782256 -0.141588937971397 -0.0808538060348911
-0.152857855990223 -0.544624346025995 -0.0969102877677861 -0.168047287532476
0.144495357384116 -0.597536861997348 0.0560194912846326 -0.180778061791337
0.135493032918739 -0.528748122770466 -0.104393334485471 0.0505992242229413
-0.136373479110926 -0.531002519925002 0.00655647510853874 0.0873348235380168
-0.455860595255086 -0.239071879401713 0.0674326312416062 -0.0620759848505922
-0.477377344002681 0.217883425541205 -0.00997415956012253 -0.0758900438240319
-0.206642477934944 0.393706874833162 -0.0354256818743609 0.010952471250834
0.0218577930820445 0.390007588106363 -0.00870401341207611 0.0519891070872777
0.215984014747698 0.31987592078778 0.0568202499447452 0.0609106695530055
0.263652247811556 0.261360186576933 0.0830462546715715 0.0382911400948846
0.249852125667572 0.294072966710984 0.0759225957773753 0.0476913699570332
0.0712043354004234 0.39980441516876 0.0716623536372067 0.0665109845226936
-0.15520547582157 0.391720797823532 0.0397906589453635 0.0865078065908778
-0.449309521781214 0.288771812460034 -0.0590366813041432 0.0797421876512331
-0.495180937787333 -0.162189593642484 -0.139189571877836 -0.0352977749280135
-0.17795342077776 -0.521098904492426 -0.0784610006555417 -0.0555052757390373
0.107813179590033 -0.611406423366935 -0.00884154522367273 0.0291604115378966
0.0922867014113499 -0.490788607332926 -0.182798810636048 0.253257366588612
-0.158818421994964 -0.477339399649888 0.0229017957254405 0.237573292823466
-0.425573820098327 -0.196116756990317 0.0735627241370803 -0.0211579573530743
-0.410902235763495 0.204406727391724 -0.0378153745198881 -0.0446102927618067
-0.177266726243088 0.34371751639297 -0.0726398938401879 0.0941363338379668
0.0144521566539599 0.342842608681832 0.00668460277242115 0.177271988563094
0.177579325364695 0.28500823968545 0.124350109835197 0.178974799582883
0.215007056566449 0.229245581719725 0.172006874127775 0.140004007883771
0.197081198665938 0.253580166537691 0.153674793426441 0.148564850405725
0.0422398632517716 0.33283588270364 0.107587958842612 0.170519773388391
-0.141079484012188 0.309614176323046 0.0282592575743918 0.168601100428161
-0.354620438579674 0.218017324508389 -0.0718843369339815 0.116832609765003
-0.384825522983118 -0.124316565643757 -0.126392499770219 0.000895492306017351
-0.152311610997144 -0.411807547859574 -0.0497803837730915 0.0326533798803248
0.0648651531375293 -0.525590887602871 -0.0546508289170966 0.210945026672969
0.0320571671556944 -0.367776637779979 -0.246540671501477 0.433922948803773
-0.148003725918818 -0.331474903514059 0.0345144390346067 0.369091736676285
-0.306680035400631 -0.112167217785902 0.0756689051046033 0.0331647964006161
-0.261356187736746 0.149164706279475 -0.0482285941809079 -0.00541552903916883
-0.116590793574835 0.223169715538459 -0.090727470705078 0.15598839699213
0.00288052178220253 0.23217595892731 0.0243477219270238 0.271111685119093
0.111104574226408 0.202505122485648 0.176871180147654 0.269075398965098
0.133708475549961 0.16213595155547 0.23515684293443 0.221504165539464
0.116708129638192 0.179013027704463 0.20287953363417 0.229742770852088
0.00713846079202162 0.22291554036948 0.117975001257815 0.246208991359536
-0.109175984905826 0.187251251345316 0.000413655857270448 0.218573795168896
-0.216639715453925 0.114244254456054 -0.0865502651290588 0.127124556448724
-0.227413095691319 -0.0751623207817424 -0.108414712016788 0.0201309068780377
-0.103008929801008 -0.253859048496219 -0.0232878087055833 0.0843996642121859
0.0147059229451701 -0.368783125030903 -0.0798704693078231 0.337661995484805
-0.0322884911163033 -0.178599856177679 -0.283664822302303 0.557458325799824
-0.106933017358602 -0.126142351747693 0.0483416277422317 0.459081965892437
-0.132627860457299 -0.00967568549091237 0.0854931556298049 0.0854861909351775
-0.0686419233019514 0.0663862526522896 -0.0340806960067296 0.0260423229224244
-0.0402568648572024 0.0657066638975931 -0.0885903010754151 0.180253490110119
-0.0133059089278488 0.0845379442276473 0.0404850138522383 0.313933133343578
0.0229275090705422 0.0871676834744728 0.2027420046027 0.312950356564361
0.03193425405812 0.0702041037181309 0.265100898617919 0.267836047038028
0.0241709449299624 0.0790727514252776 0.219710017360989 0.278296926045928
-0.0197394501862745 0.0892106700688791 0.103215057730878 0.28854198574674
-0.0568748007341129 0.0575699153477763 -0.035665599617869 0.237143696968614
-0.0619836613884435 0.0229550436977242 -0.0990165725782307 0.115580590853808
-0.0723413881084729 -0.0111866563345215 -0.087576172805797 0.0293620401621801
-0.0642327403171525 -0.080659151496816 -0.00377163938435829 0.10642738841696
-0.0403830410009785 -0.176651800696254 -0.0848751844403098 0.39805088217207
0.0795063930641274 -0.048877553306266 0.0434855086777492 -0.415833208071215
0.0411491023369997 -0.0938855362628864 -0.0714168438658684 -0.189050076184312
-0.0651884727595198 -0.0682959466843833 0.0502912270910657 -0.0285456845975562
-0.0944707742615988 0.0409712973976697 0.097941025296022 -0.0766248829868272
-0.0144170893114626 0.0792197728594747 0.0721752458280162 -0.219208901648383
0.0380285109168703 0.0553314129926105 -0.0763592616269018 -0.306357216172527
0.0736355517737758 0.0280148916507273 -0.208457157452752 -0.284049351009
0.0798132506160199 0.0286724953884618 -0.267799933183988 -0.260651809813774
0.0757017228347136 0.0390573669180962 -0.230581837045456 -0.28395022377155
0.0374158170599194 0.0712854058249072 -0.0954532556265051 -0.293477851663592
-0.020960501826111 0.0809212668703071 0.0398048069543753 -0.203750782754297
-0.108576479242592 0.0451199883764733 0.010743047238523 -0.0749591387132545
-0.0705593645909293 -0.0833030634099537 -0.079369430714327 -0.123692729209733
0.0653253086414811 -0.0954807652822402 -0.0531779852356779 -0.383418019720267
0.10245231793939 -0.0226226264666672 0.262743334046011 -0.615833671401913
0.1070968048624 -0.225083877256022 0.0431735404574581 -0.383726133572355
-0.000423382242840683 -0.2403997675252 -0.0570492321294726 -0.185581939833733
-0.185810800072367 -0.12741530102566 0.0388674135709089 -0.0542742950881106
-0.225228601731165 0.102091332552626 0.0732524294560571 -0.0762172583790133
-0.0764158244016823 0.19808402230994 0.0673262735279962 -0.183259704559223
0.0486572888480927 0.182117582203947 -0.0569706086930295 -0.262028598986315
0.153868759198356 0.13580404968745 -0.165768014314219 -0.246743340520184
0.178621877344471 0.121291116136391 -0.215341058788156 -0.227713400381139
0.173831675049698 0.150055666843643 -0.189399420995189 -0.241161704657161
0.0660130989358563 0.226333636255138 -0.074961974414144 -0.248073651038267
-0.0811158875538262 0.228820715435301 0.0377753958094021 -0.17159726307091
-0.278831093018673 0.15078881503766 -0.00899184654123488 -0.0592790716995478
-0.262327347974506 -0.151213934587087 -0.112136546631579 -0.129633863063086
-0.0116910292493477 -0.312065724149115 -0.0865367192208948 -0.350309101951101
0.139485255282378 -0.276665078303772 0.194901185029459 -0.540597220924476
0.125041783622422 -0.380570188789041 0.0149246431527787 -0.291421144943277
-0.0498809658311433 -0.379375111817002 -0.0382378514601532 -0.141722671295172
-0.304059891547344 -0.181694114666395 0.0403222483843187 -0.0779763460800205
-0.34600337943801 0.160144782769898 0.0461088559346593 -0.0857150269881939
-0.134498046214357 0.30462897688678 0.0428820128235863 -0.137533697962941
0.0507431572947635 0.294338062037969 -0.0412056074014611 -0.184494042123574
0.212906197800278 0.229280336028991 -0.101938319701356 -0.170616817122634
0.251775965544258 0.195448712720846 -0.129146759696889 -0.159877830783164
0.246668068595965 0.233223770474529 -0.115604562686787 -0.163007083332712
0.0936620223836928 0.344346262437578 -0.0352452253419093 -0.163799369432483
-0.118434530567264 0.348714434627437 0.0373593734631242 -0.106054874513768
-0.403794210168431 0.25400042028759 -0.0272486170946624 -0.0221795053961152
-0.426777570102291 -0.177511084593895 -0.139646355820197 -0.109181393524174
-0.104884562366529 -0.470400681916695 -0.109508627972328 -0.272562272856947
0.140709714384007 -0.485409882518426 0.117726477853269 -0.389234275671193
0.127080383340856 -0.492225231179767 -0.0366106600106304 -0.140038992923971
-0.111210625181101 -0.485745782468591 -0.0150060125952579 -0.0487247425715957
-0.412608388652056 -0.21297277779128 0.0514738415549855 -0.0865795349779677
-0.438655620974352 0.216172210657684 0.0159117272357517 -0.0915838687183994
-0.174558863240593 0.385434613300275 0.00491666527407309 -0.073752081704437
0.0489303480705978 0.373227612894992 -0.0262253255176111 -0.0751533642643971
0.241318478003999 0.291712721586942 -0.023588091995418 -0.0642053305032875
0.288217872312218 0.239372084796377 -0.0226622594924821 -0.0689130030058532
0.281737269566378 0.27844820365397 -0.0199384502105015 -0.0632662411661997
0.107182439745977 0.40579214539153 0.0197789397910716 -0.0543289563604823
-0.133793386325055 0.414559356015332 0.0411999596547541 -0.0148192819842322
-0.458816638332161 0.322760626532373 -0.0410002597977246 0.0306965256430248
-0.521046250014153 -0.165530576993559 -0.149876488422878 -0.0683510325186991
-0.182472247247935 -0.542322009517313 -0.107607257524402 -0.163161835147496
0.116207976235708 -0.604502015297105 0.0483672179480788 -0.185027031967265
0.107022192311477 -0.537215326095178 -0.103612442771154 0.0532969459558551
-0.163167681554923 -0.525766325787973 0.0118481800367511 0.0861567476068753
-0.469332215391908 -0.21444068108825 0.0654007885143347 -0.0690700041387185
-0.463905544126266 0.246797407618704 -0.0160750775701424 -0.0788205530704575
-0.184566817675534 0.409334390842732 -0.0361949731744599 0.00927434831480493
0.0442872268669948 0.393252837107648 -0.00741810561885218 0.0547871217428274
0.236590129711748 0.309927916093926 0.059001472333406 0.057287694478833
0.278626095975571 0.246875924056945 0.086196593988379 0.0331002680417293
0.268535496176262 0.279687086812397 0.0793657080955321 0.0428262957375833
0.0958661790054462 0.400572347400744 0.0776627527901592 0.0613713669868935
-0.133255733579475 0.40363952348635 0.0443854167048798 0.0835262805313209
-0.43487232557127 0.317366770202974 -0.050803562455462 0.086083480769037
-0.504812932449871 -0.137289421044112 -0.145005760642564 -0.022486986607004
-0.205131500136324 -0.515456506357148 -0.0839310720373638 -0.0500553706483915
0.0781089507117773 -0.616112547708381 -0.00445734934783099 0.0294038114501447
0.0654309921084434 -0.49653706029199 -0.171357645243696 0.26023668357269
-0.185822937097728 -0.471121916281517 0.0365353113072073 0.236317403020476
-0.436050457264506 -0.172026640055571 0.0735273094226832 -0.0281445838944624
-0.398376694013948 0.230411509233644 -0.0422190928391138 -0.0469864180188856
-0.157458809005083 0.356375923865807 -0.0692293324233922 0.0952225035929618
0.0340199822059682 0.346045907634604 0.0160063696663527 0.179830498437364
0.196124414044518 0.276738149189358 0.134952585346415 0.172965501344514
0.227330508009012 0.217059851082272 0.182039629208753 0.129697067744439
0.2130723681499 0.242380321416513 0.164347106285491 0.140528373612186
0.0628627618373624 0.334955657240911 0.119461224661252 0.164188102245102
-0.124096057907586 0.321078253365079 0.0379172836175585 0.166717502298867
-0.342713777642525 0.23971032818783 -0.0622221340917491 0.122861863753144
-0.392702231655047 -0.103344928614897 -0.128836634099929 0.0121732487329764
-0.174557284680799 -0.407322198591607 -0.050345321292668 0.0374352012328562
0.037229545981982 -0.529160464135468 -0.0401513216690436 0.214852918437636
0.0108394752962559 -0.371272647150683 -0.226148333417899 0.444964789762306
-0.167248752688246 -0.323841678397077 0.057145331847478 0.367409387520162
-0.312169639793333 -0.0945955814352766 0.0785325263736555 0.0265556416208693
-0.25122649508553 0.164768170477925 -0.0504298682089253 -0.00640548523038935
-0.10408040898436 0.231360896004529 -0.0848241577650868 0.15944823543139
0.0168804686837257 0.234945796208491 0.0386431591627485 0.274021607943426
0.123247154034842 0.19740523583953 0.19262160141774 0.260649127847503
0.142205806634051 0.154768635747955 0.250611896025481 0.208410150756415
0.127259219222595 0.171557575359489 0.218742083933095 0.219909376950719
0.0210567908161137 0.224559904958538 0.134550994330369 0.240440583496157
-0.0984349020585276 0.194823737672647 0.0137860360994209 0.2200573306746
-0.207876483014164 0.128097239598282 -0.0765124472311812 0.132350688110124
-0.231085748579563 -0.0620683751712777 -0.10868743247113 0.0290500911194453
-0.116797115630827 -0.248936452304888 -0.0208140684172974 0.0883785626644869
-0.00531174390221792 -0.36949685558761 -0.0577713470751198 0.343139197335719
-0.0432658766868756 -0.177626563156659 -0.255961694025985 0.571691506564119
-0.115407966992465 -0.120381925680236 0.0744813666239653 0.457697104303367
-0.13252455809856 -0.00025414513994569 0.0905555232424657 0.0799642268266554
-0.0633455780002107 0.0707003509487775 -0.03385716336643 0.0248534175765671
-0.0369845455654341 0.0688892901034113 -0.0812387709452964 0.185029364595665
-0.00797269910146729 0.086420478753782 0.0570117054895592 0.316501715930597
0.0276396045489234 0.0862854375770818 0.222125739123395 0.304278342710737
0.0341092037421522 0.068051811065066 0.283754662548325 0.254305138158501
0.0272893953111661 0.0764933922129365 0.239576596211039 0.267422620451129
-0.0143958697030215 0.0904838445165942 0.122107896254192 0.284104419926793
-0.0527117954624775 0.0607294185269188 -0.0217932270891943 0.240354562397589
-0.0586820335086298 0.0262754038726789 -0.0901000921491328 0.121318679993265
-0.0719309335717831 -0.00471812736161061 -0.0856318513816747 0.0357731846879711
-0.0686040215437874 -0.0760364753421642 9.59192157792365E-05 0.109207604921271
-0.0524694794543983 -0.174597404498009 -0.0587372129390098 0.40496887846986
0.0760446269113552 -0.0528380757887923 0.0177523113723244 -0.405971128976031
0.0350174291349629 -0.0966810954902758 -0.0819314133154557 -0.181565372638229
-0.0695660538622473 -0.063735970325259 0.0472346406868778 -0.0330896259504109
-0.0913322479468144 0.0467943799363177 0.0892708875608755 -0.0810958056794212
-0.00810551598409331 0.0790939691743541 0.0557051675822048 -0.218898236774011
0.0411095769234971 0.0525737902985065 -0.0944427669763316 -0.2954532159235
0.0749435044791238 0.0224818771116239 -0.222126246695598 -0.266118992667572
0.0811230169286976 0.0227631292645761 -0.279376552959137 -0.237750326448095
0.0778528262509393 0.0345871933120223 -0.244059359568528 -0.264771357051499
0.0407746296963871 0.0688507674268325 -0.110625479948385 -0.282141242452321
-0.0168393656289955 0.0813668110486538 0.0294611905063021 -0.201571795012518
-0.104304961349686 0.0513331760742342 0.00729581748850942 -0.0702804674724462
-0.074210341070424 -0.0789717431753664 -0.0855577297315981 -0.11355047374932
0.0590503745097243 -0.0982710790837842 -0.07494441127185 -0.372243249638078
0.100934106288792 -0.0272580777366464 0.218564502380472 -0.615087977817535
0.0924715114050301 -0.225358414007261 0.0176765163972073 -0.374976852140976
-0.0133671646385442 -0.237340489212582 -0.0671428424457197 -0.178504157080597
-0.189363450496266 -0.113606499954843 0.0346827731984911 -0.0579863936896415
-0.214046128949513 0.114314694606619 0.06488162909649 -0.0790392144040532
-0.0613793927525782 0.199174596787855 0.0527220693575289 -0.184990111610024
0.0587274587491697 0.176790463421918 -0.0724380361901858 -0.252552915281568
0.160104959427685 0.123717784725894 -0.178259989962426 -0.231348118411497
0.18318822293432 0.106582449665138 -0.225203034246092 -0.208573507543294
0.180410440017448 0.136219960133738 -0.201312311346699 -0.224313289163295
0.07965157121275 0.21906892394991 -0.0878922342915011 -0.239608174982374
-0.066532699242462 0.230092777181515 0.0285759256032792 -0.170472969758766
-0.264182017127659 0.165679019768987 -0.00967113632678697 -0.0542714145729214
-0.265519234311517 -0.134146292514107 -0.119045295824499 -0.115423260342367
-0.0281319426511275 -0.305816741858072 -0.106268775168474 -0.337978309192943
0.122896915309455 -0.275769357765414 0.157927768592362 -0.539388750672391
0.100043241583824 -0.376063642182144 -0.00414134748814294 -0.284660221036166
-0.0689605855591824 -0.3682475407267 -0.0459812423352049 -0.13678792865853
-0.306662151823688 -0.159295662877346 0.0348659213749754 -0.082210800826564
-0.326940894246062 0.178351228057074 0.0375229255657559 -0.0876911223091416
-0.111930888665422 0.307177590727227 0.0317208279536624 -0.139599028304709
0.0679066213262003 0.286364999655121 -0.0525023235204702 -0.177570130861522
0.222998200524028 0.210700336320639 -0.111149484249653 -0.1616941795405
0.258422562367175 0.174219793604785 -0.135986328575688 -0.148381661034847
0.257380691701894 0.212234931739144 -0.12321529322019 -0.152047097386908
0.1142493096036 0.333663887528674 -0.0436462367799018 -0.159663667394794
-0.0952896686335942 0.349855130084985 0.0307630780437309 -0.10661581066097
-0.379040645621877 0.27484975044261 -0.0245986763343007 -0.0175735188128602
-0.427052398866485 -0.150837580290157 -0.144851926485417 -0.092879558339211
-0.128829042907653 -0.455007297989931 -0.1240566425951 -0.25976204787852
0.112995272875053 -0.478155955362031 0.0925694048425025 -0.387187582885585
0.0938868386715218 -0.484433055983046 -0.0460501434231965 -0.136309585578372
-0.134908332427046 -0.46870253232437 -0.0172405140639729 -0.04798439327285
-0.413217593269574 -0.183668842631649 0.04540168189632 -0.0914518043478686
-0.413069546235751 0.238478781467753 0.00738441361024687 -0.0929077188049986
-0.146028201471312 0.387250904859461 -0.00143328978859902 -0.0757903288262882
0.0707078549775525 0.363105261610908 -0.0307163533421195 -0.070762270149975
0.254440024069134 0.270965643898857 -0.0283534760090128 -0.0615770392966361
0.29480219460145 0.215482224370884 -0.0260590993541972 -0.0663084845840817
0.293190112209797 0.2525610223299 -0.0234731984141444 -0.0606890096428054
0.132155090915604 0.392834356217247 0.0172148626972007 -0.0571157839024228
-0.105617908259289 0.415436954417631 0.0396795245987722 -0.0182375442721253
-0.427008623558077 0.344633438780653 -0.0342550425091417 0.0344280441332884
-0.518358776631127 -0.133201667167432 -0.152704850659116 -0.0513658884100362
-0.207990975609925 -0.520749119254215 -0.116948965956817 -0.151997391188428
0.0817768538869413 -0.592780038943689 0.0378879787505595 -0.18432663097365
0.0727882176976932 -0.52828233440716 -0.100154911349815 0.0550851742942073
-0.188941373604704 -0.5049601399956 0.0170435963868944 0.0820634654834215
-0.467713290222623 -0.179765386801686 0.0598346956600929 -0.0756449785303454
-0.435848638816186 0.270449054378243 -0.0234115636201325 -0.0801780127231542
-0.15359793050694 0.412057669262667 -0.0367687858959285 0.00710508495324793
0.0679976100972077 0.383724804605946 -0.00481861738394623 0.0551781083830377
0.250221387129135 0.288279086552151 0.0601458758493969 0.0524462251601336
0.286503144447002 0.223008888748842 0.0870067681106573 0.0260933905377144
0.280077979975293 0.255253782750849 0.0805501561868462 0.0363786414306804
0.120067263145167 0.387843442317491 0.0811566446119731 0.0527489847945409
-0.106772240655503 0.404246019529063 0.0488573061829189 0.0780182501154537
-0.4027167241224 0.338797864070991 -0.0403463252881877 0.0875984519392145
-0.500455896569296 -0.104958682399757 -0.14442928816972 -0.00753977117281767
-0.230210249157511 -0.493732510549222 -0.0866471782114675 -0.0429617154634557
0.043469465111009 -0.602070325029378 -5.18645727207974E-05 0.0280942196664599
0.0338325575411447 -0.486649300148877 -0.154497839722401 0.259592629914817
-0.207366800268165 -0.449697563089034 0.0508670363610669 0.226936438759356
-0.433740496329307 -0.13949683427416 0.0703498421373829 -0.0355677535975832
-0.371002187662096 0.249904928794454 -0.0467670005189684 -0.0468899799193384
-0.131288003720585 0.359221539745655 -0.0637077170949283 0.0936685812672524
0.0554401552317349 0.33830088490091 0.0253914394956069 0.176882770435016
0.20899147955365 0.258585780726707 0.142320469706821 0.160838768550454
0.23442721903829 0.197126296856157 0.187019246495286 0.114923666279405
0.222166807665089 0.222237759177624 0.169808507071734 0.127226709850073
0.0832934202470039 0.32435634246515 0.12914596705351 0.151320402580947
-0.101657893969916 0.322221497190897 0.0466712175788418 0.160436088137402
-0.31733777818764 0.256320781483299 -0.0491953995418973 0.123817632334918
-0.389106396942742 -0.0785979260239839 -0.126738885458776 0.024675798053377
-0.192690141639125 -0.386777037138396 -0.0487599957811348 0.0411135006452972
0.00665539257142686 -0.515266064766644 -0.0224960683932747 0.211038556879298
-0.01297953547071 -0.361282094238437 -0.196548126016931 0.441998184488911
-0.182603456930495 -0.306842107325885 0.0790330747375465 0.354173933718772
-0.308380965924156 -0.0710420353507858 0.0786181006806956 0.0184122291333206
-0.232265230699703 0.177105857641951 -0.0520350745217543 -0.00716411310742042
-0.0872697454938947 0.234147822736001 -0.0752424081239103 0.158341594995514
0.0311580795899197 0.230090061287783 0.0542363234951318 0.267464128030312
0.132491766737127 0.185541465621665 0.204508047905212 0.243272159443619
0.146582081964679 0.142058357012878 0.259201179428403 0.18739606626287
0.133287488140494 0.158089544953608 0.228719638482529 0.20012411448207
0.0354267403406742 0.218701386278042 0.147861924221677 0.226016674514574
-0.08343694769403 0.196398890810872 0.0265076181731753 0.213748950579623
-0.192600886053073 0.137615387528511 -0.0638733940296486 0.133817097734177
-0.228206991444593 -0.0453401014410994 -0.105191285065327 0.0384327590738801
-0.127597996696792 -0.235818490068943 -0.016980094644438 0.0896942813334671
-0.0267874290824586 -0.358326206083015 -0.0316161612491891 0.336982463411631
-0.0551345170076097 -0.170828753208314 -0.21862294184658 0.568835713480623
-0.120958079582802 -0.109183037035571 0.101592433531486 0.440319683243844
-0.12794206808197 0.0094040718512865 0.0931832079883831 0.0707855202521418
-0.0545305758793699 0.0725145815568781 -0.0338709008105164 0.023130645946885
-0.0319298092021648 0.0705276406526558 -0.0705316540567035 0.184548678783781
-0.00199321664964225 0.0852314804800513 0.0750021688922427 0.307600202992392
0.0317797897820526 0.0830640161165102 0.236638177297731 0.284471424190131
0.0356925226011821 0.0648905593086978 0.293937683699802 0.229118738491184
0.0297411427752287 0.0718171209536549 0.251715148964408 0.245579330707713
-0.00824051499959137 0.0882858186345411 0.138581690284243 0.270068201782999
-0.0471540525510083 0.0618559547813861 -0.00546728883659392 0.236188087228304
-0.053432052684747 0.0285851971995978 -0.0781154469580521 0.122708136825208
-0.0692364356181605 0.00124547793132112 -0.0811122637995901 0.0414757934834546
-0.0710935350018046 -0.069437332609595 0.00520574821331083 0.109246731036675
-0.0636092178851732 -0.16601672610846 -0.0295408331089526 0.397636004167264
0.0715909118086651 -0.0541553723180877 0.000628572648451042 -0.385731310496278
0.0303039478085892 -0.0970315366784776 -0.0856385733442343 -0.170936439177388
-0.0716015411817112 -0.0585446476097854 0.0434250715942285 -0.0364230340674482
-0.0876148787431238 0.0495490086094494 0.0806120776994281 -0.0815546915383192
-0.00396296397278923 0.0765169769790382 0.04225629890241 -0.211739223571516
0.041927930828488 0.0488462620138271 -0.1045051442672 -0.279424348372211
0.0734629751785545 0.0180637761121763 -0.224930715526001 -0.245924546441068
0.0800342123663822 0.0175570513248312 -0.277692617474939 -0.215242661086911
0.0778154853974757 0.0302291169416936 -0.244649551100063 -0.243524069718809
0.0419464916856516 0.0652876072657464 -0.116986181259433 -0.267823129142838
-0.0138749025686571 0.0795134395167747 0.0227169476358563 -0.194400911127798
-0.0990544197635036 0.054337295895724 0.00627691274067104 -0.0646384512601998
-0.0745196847096652 -0.0742421721529111 -0.0862656448713921 -0.102705525853651
0.0534984450163265 -0.0973859721199583 -0.0873278221490324 -0.354594750841163
0.0980838174523169 -0.0290127159606488 0.185848384248217 -0.595278596309794
0.0807390260776455 -0.217230052466258 0.00144704128172668 -0.357492976912918
-0.0205431731563069 -0.228995778236552 -0.071804909768895 -0.168782442475868
-0.185534131009856 -0.101007614633526 0.030674136848026 -0.0602163531644767
-0.200434006832064 0.119627754894936 0.0566383934763458 -0.0790913172327966
-0.0491346363663857 0.194349601653709 0.0403800327542721 -0.180285388807027
0.0644159467248413 0.168516447682173 -0.0814870629726426 -0.239188985282781
0.159572153503763 0.111407721040296 -0.181604327392732 -0.215030161162873
0.180363146046805 0.0938790168450584 -0.224260321743364 -0.190682793946535
0.180189744105349 0.122566349535524 -0.202511837646456 -0.207046125447787
0.0862050903019877 0.208241555346033 -0.0932059810831357 -0.228258882520481
-0.0552094193097692 0.224308508545382 0.0221235745676161 -0.165084805127029
-0.246067268108499 0.17021225302027 -0.00844334273799442 -0.0487773345546418
-0.259335585018116 -0.120216046694467 -0.119002203074899 -0.101592304377437
-0.0371761158895438 -0.292501756883223 -0.116209269879831 -0.320140044363005
0.110691186944148 -0.266132487931766 0.130018054955507 -0.521669868236024
0.0829741384686277 -0.361130065972688 -0.0163925547152661 -0.270972826338858
-0.0783724069764355 -0.351805652452766 -0.0489647250591686 -0.130450142045064
-0.296908019213161 -0.139823166618871 0.0300009928158352 -0.0840909441246955
-0.303946313567222 0.183963478218408 0.0296509873854736 -0.0871932733960262
-0.0927474514181828 0.299286625094469 0.0220033708113886 -0.137945936101748
0.0769705503452127 0.273759936193771 -0.0585398903895446 -0.167400926870727
0.222516641399962 0.193033169804118 -0.113839743321246 -0.150166132526948
0.25491676742991 0.1551851557733 -0.135698547934797 -0.13627554899799
0.256092363011022 0.191829145616341 -0.124270967896647 -0.140582604827558
0.124865573098819 0.316751462286265 -0.0475089665001318 -0.153933874769176
-0.0774462155812253 0.340340427515415 0.0260046590815512 -0.104103777601393
-0.350434054143771 0.280463281106156 -0.0207961281077723 -0.0139561300510816
-0.415229215941153 -0.129865330324541 -0.143245959316752 -0.0774234832447642
-0.13952760482862 -0.432296995727195 -0.130207363466776 -0.244214252766406
0.0933835828387077 -0.458373546526079 0.0758768177961451 -0.372628931750512
0.0718869610150259 -0.462891031440832 -0.0513597296741293 -0.129408679788856
-0.146148541460115 -0.445776643826293 -0.0178925511268155 -0.0468424136252896
-0.399395277386414 -0.159268171284416 0.0400431727142983 -0.093906947752226
-0.382283586036866 0.244906709007225 0.00044458635451885 -0.0918135981161593
-0.122359184549048 0.37798807878222 -0.00829935349766543 -0.0761058955686507
0.0837153422755819 0.347238868590262 -0.0334209478854594 -0.065933268244977
0.255181420799274 0.248242311110063 -0.0300490748688162 -0.0579545318945174
0.290828526670121 0.19279855060734 -0.0268855909005234 -0.0632678739378831
0.292227777699885 0.228353447649817 -0.0242647716564 -0.0572984302106078
0.144006735303224 0.372057563719647 0.0150227548169787 -0.0578760325561797
-0.0841023557272508 0.403736563298707 0.0376585109220043 -0.0195976148342792
-0.392944809192693 0.348569256779672 -0.0276706896259112 0.0352185570931423
-0.499974865696924 -0.107709012687361 -0.149434516944743 -0.0371575412302121
-0.216466124431828 -0.491089090572065 -0.118740190568286 -0.140365664621464
0.0586574329270569 -0.566489154850631 0.0308976708004523 -0.178188183440076
0.0487816647599227 -0.50290739948224 -0.0960695313455977 0.0541592597664496
-0.198619379125671 -0.476986518387751 0.0203450197424098 0.0754977382675535
-0.451085413578429 -0.153146838527724 0.0541993531716003 -0.0795923658034419
-0.40280424976292 0.274903053618911 -0.0292015586194406 -0.0790081964789936
-0.129369270181898 0.40255567092443 -0.0395258395227308 0.00420955720894758
0.0815958488754667 0.367689666268001 -0.00340601706500173 0.0542205069154024
0.251902240383837 0.266319235469685 0.0597043457633486 0.0476444343789362
0.281516742789409 0.202033099106348 0.0854698555164971 0.0206015536461625
0.279230902430939 0.231098493999077 0.0795733668770648 0.0315596215577428
0.132728423066722 0.368179944210006 0.0809887144218582 0.0447657661505705
-0.0852598556250537 0.393247969101973 0.0497660177734322 0.0717061009901073
-0.369891627746764 0.341821610433194 -0.0306367046188447 0.0853854654379209
-0.482211600629528 -0.0810611550480349 -0.139400624222765 0.00425406208461919
-0.236032540986874 -0.46340769298889 -0.0867002927137616 -0.035966296974222
0.0211694158205759 -0.573843785935081 0.00315716090724008 0.0253640589184625
0.0125865122422457 -0.463910388082911 -0.140460101149304 0.251086233369851
-0.215623752661665 -0.422028220213832 0.0584000875612803 0.212511369827247
-0.417962918160497 -0.115863031262621 0.0658180726501495 -0.0410441652820794
-0.34274781719745 0.252788203323244 -0.0500663172328017 -0.0470252469006974
-0.109281774849438 0.350358786346835 -0.0613138249764908 0.0883608358533626
0.068060900725516 0.323820338494558 0.0306800744879434 0.170684168942952
0.211196956293464 0.239820728119548 0.142863242242875 0.148183157500199
0.230793946965386 0.179370845494088 0.185610505173166 0.10087630345299
0.221232293244875 0.201363255860982 0.168964227349576 0.114197475972562
0.0944834679201651 0.307836123370222 0.130844768011032 0.13736545490193
-0.0835562739702581 0.313658149077922 0.0514530674189581 0.150560366690919
-0.291008375439821 0.258403623547653 -0.0383888068447604 0.11957932750768
-0.374625737191494 -0.0589544044111156 -0.120836656469348 0.0330881452942901
-0.197238141736843 -0.363776331791642 -0.0473227023633044 0.0440463145527921
-0.0118583485497838 -0.489609355162898 -0.0107796721674034 0.200925187983156
-0.0270903112072916 -0.342170434755958 -0.174561535340826 0.426151256909224
-0.186611487786348 -0.285382286830895 0.0902827510680122 0.333499123680434
-0.29510859213012 -0.0545255503005961 0.0758989313208923 0.0117845515190413
-0.21216823117211 0.178094754098295 -0.0531810973309053 -0.00819509817270043
-0.072324106735472 0.228705936670281 -0.068674458087325 0.151657002347768
0.0402007625183068 0.220875638329374 0.0620813555429746 0.25689385441356
0.134812386905567 0.173104346216521 0.207010982998343 0.225143536320515
0.144409039674276 0.130227675330194 0.257497023598842 0.166759167501779
0.132215018269922 0.144566653631795 0.229819602734778 0.18176489032013
0.0437765156519366 0.207642275945487 0.152249887694431 0.209096255998855
-0.0710134041611182 0.19161906452275 0.0340977184513219 0.202899101944668
-0.17671831026536 0.139617932150524 -0.0522661630719833 0.129496350723952
-0.218185896317784 -0.033344563933711 -0.0989535450238322 0.0436689377725119
-0.129622119911413 -0.219722938931961 -0.0140445963945154 0.0890897078654585
-0.0403840523107675 -0.338558156872251 -0.0145701503297661 0.322170967914728
-0.0605237246593214 -0.159949102027008 -0.189127383443654 0.546998127020285
-0.12074862660343 -0.0981425786890004 0.116561951790037 0.416000832957242
-0.12042481037105 0.0153248093319689 0.0918200508296308 0.063053842473032
-0.0467841466945748 0.0708775930056602 -0.0337630588186055 0.0202960283563324
-0.0274038814604736 0.0692290437426838 -0.0621838846472092 0.178360356340001
0.00204899520878406 0.0823157123864909 0.0841473102641393 0.294085503776698
0.0335461167377991 0.0787561969111762 0.239648907480147 0.263107789271446
0.035551086669122 0.0610905425079096 0.292442499761582 0.206610694172724
0.0291071058303291 0.0670253622709999 0.2528984191214 0.223678178787313
-0.0042241602238965 0.0835743217651693 0.145245677675245 0.251924553483209
-0.0415288487921939 0.0604300739651518 0.00503238452511737 0.22574539625179
-0.0479073445391119 0.0285102004034265 -0.0676037873903134 0.119681859606252
-0.063922131587675 0.00634999159512837 -0.0754086415880108 0.044062427612488
-0.0702616701224557 -0.062093724631337 0.00866045022564557 0.106802639637212
-0.0688551646102369 -0.154781581723641 -0.00921753906791476 0.378764149108354
0.0705052473360272 -0.0465692664038674 0.018074716056021 -0.371383362749026
0.0333656308292569 -0.0930296266817084 -0.078536428384449 -0.168293570412242
-0.0683009545583462 -0.0607367650270025 0.0393562715629075 -0.0325000118036826
-0.087964258489885 0.0449695501617012 0.0774287128305893 -0.0707373604112521
-0.00930710864382257 0.074564405150443 0.0471312967021523 -0.1979522121628
0.0370859151679718 0.0503569781299846 -0.0902675143954434 -0.268421980475468
0.0691467544748996 0.0176780375810202 -0.208716065275875 -0.243316680132445
0.0783421645307614 0.0191962900958155 -0.260804504448467 -0.211356194691195
0.0747365229470127 0.03037363612708 -0.231043338612869 -0.237451888469042
0.0377115517569808 0.0648378047633742 -0.106533387329144 -0.258880700038663
-0.0173525843564709 0.0774656388581992 0.0274546139834964 -0.184717092481196
-0.0972972842298562 0.0484483884384688 0.00508345528514154 -0.0593531588422171
-0.0713219775698298 -0.0779487354334976 -0.0760256627399225 -0.101020633511498
0.0553849328564533 -0.0991276995772966 -0.0667713424721875 -0.34030793720564
0.0957869733226967 -0.0322909573745698 0.206437740109586 -0.551593127392471
0.0897642398123333 -0.203237710074244 0.0112205638927602 -0.346283649178525
-0.00765240014032778 -0.223058024760501 -0.0690351843652149 -0.163840253211235
-0.174617340674377 -0.107731372807015 0.0260257964771004 -0.0522549938768902
-0.196880012212869 0.105315947019173 0.0531729479001449 -0.0641592205208684
-0.0576609808163885 0.184497515358946 0.0472663127216419 -0.164035069633731
0.0546310142184515 0.166405625674961 -0.0661336108265374 -0.22861708673373
0.147552043245559 0.111762717515044 -0.164315389128083 -0.212253743082015
0.173140952296317 0.09853278389144 -0.208565492911596 -0.185821466666939
0.170987810789713 0.122673982032696 -0.190557568402335 -0.200106029086336
0.0784161902575994 0.206466280592645 -0.0865387330082631 -0.218963765313745
-0.0619850251021528 0.218025988510862 0.0196027957476208 -0.15617080379383
-0.240575034846722 0.155852348861167 -0.0179233013931356 -0.0456718257161471
-0.248624726047082 -0.12857639294759 -0.110026879786528 -0.107035621700944
-0.0262703838862248 -0.290038749356782 -0.0904720712838681 -0.312178556643192
0.112745784412295 -0.25812382576874 0.157443602494395 -0.486717670456168
0.101428730370639 -0.341322804426918 -0.0169594033647288 -0.267807442757755
-0.0548465328859966 -0.343170723772087 -0.0517237795387202 -0.124351145605933
-0.279922601352086 -0.150547913044351 0.0247758899354105 -0.0708976811552713
-0.296699086334661 0.161644401135341 0.025929096530199 -0.0687140329477206
-0.103273469231598 0.283077180775167 0.0304073735341818 -0.120166600001581
0.0631740971518762 0.269223987231724 -0.0437431382681005 -0.157763247666814
0.205337584640208 0.194089291765927 -0.0976536020228487 -0.148390668951336
0.242302360148485 0.162192820907054 -0.123931486775527 -0.132262578757725
0.243406857572851 0.192435083749392 -0.116627842369607 -0.134143192894337
0.114924766897704 0.31325166298833 -0.0457662478019934 -0.14594656972088
-0.0865433423306599 0.331294616603207 0.0177709512921794 -0.0971699559616661
-0.343549555735434 0.258153687283351 -0.0369432332140613 -0.0130415567532666
-0.399576301151722 -0.142917288478758 -0.136557608829105 -0.0880209040009602
-0.120526551375732 -0.427030547583637 -0.103774663914386 -0.24398707174564
0.099900530112891 -0.44091658106579 0.104242698202818 -0.349228838600361
0.0994281532254248 -0.441271343711796 -0.0619552196007642 -0.135798162912921
-0.114453066063629 -0.436807634174436 -0.02743538878929 -0.041108082055534
-0.375276264576904 -0.176325455323008 0.0335466675261164 -0.0759849939272193
-0.372239793104839 0.212700140016083 -0.00236367787497359 -0.0709006590889112
-0.134349292149759 0.357654532782994 0.00137830870332125 -0.0608488034764921
0.067320521509329 0.340251645325752 -0.0213801245085649 -0.0590310856347655
0.234685711672016 0.250344884737886 -0.0180436935133799 -0.0572473348775288
0.27558048463148 0.201189501296385 -0.0200539204994744 -0.0595029750462527
0.276336366038956 0.230121197275619 -0.0223826358801878 -0.0511921410464833
0.13252999037724 0.368625870040643 0.0114254850439654 -0.0514309128024749
-0.0949306735098758 0.393429096406369 0.023695260278163 -0.0154230494203427
-0.385628151296683 0.323850906779932 -0.0479800167156862 0.033197199902803
-0.480931830619058 -0.124248932063267 -0.146163425995607 -0.0524191680003201
-0.194273324666375 -0.484100448594972 -0.0962831805269291 -0.14562639805053
0.0692100398037161 -0.541315546888974 0.0559346621593315 -0.169932790507417
0.0822094643531871 -0.482458729931961 -0.11604030023066 0.0362511504617869
-0.163049537451351 -0.471149232960457 0.00307739626448986 0.0790721353025943
-0.425627833893788 -0.173553837859082 0.0461305028934371 -0.0591865959341014
-0.393299324861361 0.241967185122892 -0.0303803682842625 -0.0590778783161529
-0.140578904019994 0.380742871818777 -0.030196920297797 0.0153200318511182
0.0646520772240894 0.359653809735362 0.00382052495548912 0.0566517518626952
0.232158445377321 0.26843500247215 0.0657262303181603 0.0468801796228564
0.26621085840654 0.210291015699276 0.0860602781015174 0.0225684179926009
0.263157588899702 0.232947036577814 0.0757198656348152 0.0358463849409343
0.121955187064816 0.364038006224801 0.072547608904113 0.0486320063618011
-0.0942364044851477 0.383621289046187 0.0327199611264581 0.0725323673645618
-0.362465803513523 0.318732774362284 -0.0519894484350445 0.0807669299526264
-0.465532110130413 -0.0968348605009518 -0.138971681159002 -0.0110624279254909
-0.213709877229026 -0.4572452832211 -0.0705866706670961 -0.0438968185527699
0.0334656765262264 -0.547514115763726 0.019599897377837 0.0203807800438572
0.0445236403471316 -0.446773627473356 -0.168201385534858 0.223606631546686
-0.181781512971671 -0.421002614989844 0.0358442348145229 0.211815806243579
-0.39507621593804 -0.135258855191039 0.0573382481362477 -0.0226062538005223
-0.333668279414069 0.223688449258388 -0.0511888241529057 -0.032107776149459
-0.118381431946705 0.330235278128078 -0.0553500868452664 0.0922485649991725
0.0543968371531456 0.315360701145524 0.0313791432323188 0.168095788236747
0.193910228049711 0.24210448983715 0.141447427755823 0.146651902369699
0.21691725774225 0.186129634643655 0.179648433433876 0.101150136718232
0.209092211675906 0.203345237080158 0.160116814125757 0.116231487714594
0.0867316861834712 0.303829717616461 0.119455974321276 0.137271205123057
-0.0895769533835161 0.305050212155759 0.0342588609046112 0.146968388621106
-0.283766490864782 0.241763562171006 -0.0553128249538092 0.112667470129277
-0.359827136527615 -0.0695279537313792 -0.121006430388844 0.0192549807045761
-0.178329945099173 -0.357567499942959 -0.0382269135228629 0.0355047317262422
0.00118840985618883 -0.465835253382608 -0.00483908228215039 0.184974487174094
-0.000728255019391138 -0.33329810346981 -0.205127447322615 0.392552169263535
-0.161981311309967 -0.287516581287597 0.0654326906414291 0.327693352910396
-0.280659108332269 -0.0687217093686384 0.0681045261779913 0.0241294699315791
-0.206832216228755 0.158415004470186 -0.0528416417435158 -0.00157369194910524
-0.076850886083337 0.215304839901856 -0.067171817570398 0.148848194078964
0.0324441832240447 0.214367295877886 0.0565226080927983 0.249743797264176
0.123854360894153 0.174619114422122 0.197995641990336 0.222812095119632
0.134434966449924 0.134766734334049 0.246490352303485 0.166135790436808
0.124447932741226 0.145355359017924 0.216523330545584 0.180896667073318
0.0392063983977968 0.204186112398231 0.139706389691265 0.2045008304324
-0.0734275328895673 0.185994501001673 0.0212128887290626 0.19501882586729
-0.17111335619743 0.129930805729412 -0.0627384228364938 0.120040730363778
-0.208889135109997 -0.0380038156363197 -0.0985513477568864 0.0338342127966673
-0.117671102056022 -0.214220451897167 -0.0125703531702594 0.0824866756919407
-0.0313596304508439 -0.320169930825812 -0.0177093441005549 0.299351598705642
-0.0444345433934557 -0.15977366404947 -0.220294075274386 0.512455231962552
-0.108677777803104 -0.103700586283531 0.0930493801947954 0.404266799811657
-0.115894720661657 0.00783403999917195 0.0847991951959446 0.0676910059425742
-0.0456947501236431 0.0638459215792433 -0.0343308712298777 0.0191884386191543
-0.0268775608466411 0.0645522461542889 -0.0658637318439232 0.16941598807668
0.00039203413401981 0.0784103420707566 0.0727049212843385 0.285218875851438
0.0306806356040072 0.0797920189600408 0.225774797685172 0.260126397651528
0.0308549999848174 0.0627686700442047 0.278044098051734 0.203304683350652
0.026302958425216 0.0671194961050473 0.23889015430597 0.219763139754366
-0.0049698841822041 0.0816940790508356 0.13364004388526 0.24408808039668
-0.0411180503545013 0.0582983234712823 -0.00176259623050666 0.2146991734174
-0.0451429772112866 0.0271684769023954 -0.0682984297712551 0.109713151767608
-0.0608951674351195 0.00635384653085531 -0.0742510898712738 0.0388128568650092
-0.0658074491307561 -0.0594132602716138 0.00481016917286673 0.102856695131864
-0.0639037981530169 -0.144694573516597 -0.0207827873865341 0.35372883718387
0.0712322293936006 -0.0455454446219658 0.0219716140012918 -0.360612829699284
0.0331958027466419 -0.0939440308830284 -0.0764368648593103 -0.166321331915642
-0.0682807570420506 -0.0603672429670425 0.0376860752430094 -0.0344533450714055
-0.0879447044552086 0.0460686442614755 0.0737626483448452 -0.068918239792583
-0.00863230822460634 0.073856341466075 0.0445787212051513 -0.193233624729334
0.0366475005738135 0.0497282851779968 -0.0898881040548202 -0.263799972490224
0.0685713610315658 0.0170398815476218 -0.206210420227796 -0.240218676506231
0.0780024196817193 0.0180377566370814 -0.257206959715355 -0.208645579235307
0.0749332145655224 0.0299577776597364 -0.22651641607114 -0.234220988754026
0.0380927693551102 0.0654903096620638 -0.103511948363733 -0.256752996977938
-0.0182040863906344 0.0774059444875945 0.0304153494656975 -0.182365732496752
-0.0964344291591817 0.048072935008168 0.00797929726460247 -0.0560682469268868
-0.0707385909708487 -0.078658714825847 -0.0732356416495451 -0.0972452542156708
0.0567894454694925 -0.0985124285195565 -0.0646115126698631 -0.335632592991882
0.0966020465936314 -0.031430516833358 0.206295057694365 -0.537923224446824
0.0918997527634088 -0.197157292600868 0.0130587549329935 -0.337289039514782
-0.00563165062727884 -0.221030634800677 -0.0662411593097521 -0.162043578736958
-0.171189107128421 -0.106816647801551 0.0247778126802569 -0.0548574091509846
-0.193637632679906 0.104314757355585 0.0494760140580778 -0.0630461074331013
-0.0563320522752061 0.181809269720044 0.043786202938296 -0.160638406555082
0.0538910790860728 0.165067338913721 -0.0659722452541363 -0.224464594634356
0.145325646053895 0.109976029996659 -0.161814743424444 -0.209804570768391
0.170737302131067 0.096669702094298 -0.204843606788553 -0.183622602313253
0.16939673848507 0.121558339705783 -0.186389775953413 -0.197732399997637
0.0775465646361477 0.204990411492602 -0.0838534594904946 -0.21776707728194
-0.0624498763218665 0.215633014656453 0.0223339345347065 -0.154045271242774
-0.237516955930997 0.153286871571249 -0.0141273927993146 -0.0432265258059773
-0.244182204532705 -0.129794964954372 -0.106913992155453 -0.101898550943936
-0.0218031050090103 -0.286802552916863 -0.088426529246302 -0.307305466041996
0.116437640760745 -0.251766514360805 0.158088806115544 -0.474866680117397
0.103620133078322 -0.330620517509174 -0.0154005707045524 -0.261490949857762
-0.0508521875355862 -0.339412534947498 -0.0502759657451572 -0.123814080178017
-0.271564581805864 -0.149132952993589 0.023096993045103 -0.0742171009738521
-0.291629624510299 0.158183805260442 0.0222795213153848 -0.0677422298749104
-0.101247021409209 0.278870743308918 0.0260820197619109 -0.118280354517605
0.0628978124808587 0.266758992224371 -0.0438218712649555 -0.154720542796874
0.201691146023373 0.191598747883669 -0.0968923020403162 -0.146567598336228
0.238136289233139 0.159400735796782 -0.121150562262388 -0.131740761296247
0.23911517748169 0.18951967204595 -0.113474378166042 -0.133025354099686
0.112440379966228 0.310805262154344 -0.0441523544707938 -0.145784146043709
-0.0875586802147477 0.326911362443529 0.0193036689291112 -0.0959200891276796
-0.33820698769719 0.253261757945472 -0.0323788260059175 -0.011600827745291
-0.392042697512855 -0.143314516682955 -0.132715625917665 -0.0829182480340263
-0.113409482635396 -0.422640692475101 -0.101514603055908 -0.239072484355264
0.106536091039223 -0.429929067908514 0.105681896018423 -0.343406964804518
0.102445880098474 -0.427490816617563 -0.0616103867080948 -0.134465544372745
-0.107530533591109 -0.432067303230972 -0.0266511645742982 -0.0427605748811881
-0.364389175102484 -0.173969719836942 0.0316914639030405 -0.0797154873290932
-0.365549458752689 0.208751658580518 -0.006378903304167 -0.0710391654194616
-0.131744390439658 0.351902344636493 -0.0030648381018904 -0.0608825491923264
0.0663623972460214 0.33722227653815 -0.0220996632037211 -0.0569606516873297
0.230827418494884 0.2476673755702 -0.0179099712139763 -0.0567935532655074
0.269534931163774 0.198286341115975 -0.0189298109027424 -0.0606271351535674
0.270466716450581 0.225864907652006 -0.0204078264184224 -0.051083832663291
0.131274284352083 0.364310798452992 0.0119350280143036 -0.0529790174068198
-0.0966627813911933 0.388504230947771 0.0247452561784921 -0.0152087773049237
-0.379668729437886 0.316970409003493 -0.0433641596923228 0.0323501944232285
-0.473981699061671 -0.125767313394895 -0.141967110574471 -0.0467622074449543
-0.184768317925613 -0.480377569022945 -0.0956926172002374 -0.142188200277141
0.077026847150618 -0.529215662949562 0.0574886247993064 -0.167189061991931
0.0854110095468617 -0.466850334977578 -0.117138981192328 0.0330936404217714
-0.154341103807224 -0.465116993198903 0.00247760236741746 0.0749372214844969
-0.413780753675462 -0.172113052658464 0.0444096652518759 -0.0634962231005018
-0.384993229309254 0.23464036161488 -0.034502522778411 -0.0605622188251817
-0.137513862281682 0.37302550441864 -0.0349743079499651 0.0126945605399358
0.0640450883983822 0.356178621180442 0.00268204172682197 0.0575287185149767
0.227512085628356 0.265982547621369 0.0645952789899517 0.0460410272371225
0.260486777353096 0.207516577043731 0.0854363412449284 0.0199937019756327
0.256882623979224 0.228887062609466 0.0761377022041889 0.0346714935075871
0.12018777138377 0.360255081795083 0.0714600759103468 0.0450558895269597
-0.0948345567597615 0.377516066673504 0.032279348458171 0.0715324881797196
-0.356032806020911 0.312530827044034 -0.0483817940268671 0.0781993000135585
-0.456266092607772 -0.0976343349202525 -0.135899975248347 -0.00661311502574437
-0.203396030849135 -0.451192020997067 -0.0702934433440816 -0.0421977102074022
0.0425315137794482 -0.533983790354139 0.0207034039618344 0.0186672229455642
0.0476700306549712 -0.434336499377187 -0.17032733997887 0.215255662657596
-0.175109575807433 -0.414436628646257 0.034016002922108 0.206094671387638
-0.383754159970317 -0.135113765042107 0.0555137379543044 -0.0262881130733037
-0.327570453986551 0.217219008626926 -0.0542374254170569 -0.0343977116700343
-0.11577021492462 0.324995745984599 -0.059656616541604 0.0883544466197635
0.0539393986007379 0.312417708484883 0.0301240385538669 0.167942915162128
0.190939776361446 0.239789507452819 0.13980172009848 0.144464164152983
0.212103021238719 0.184477258390259 0.176948663726954 0.0978661014426886
0.202865887731967 0.200249353865659 0.159036826331332 0.113411700712432
0.0855395529410224 0.300470922578813 0.117633256382278 0.133853087295632
-0.0891033305328598 0.299801710637161 0.0338186103005642 0.144649851133751
-0.277894460935863 0.236796816661769 -0.0519432915657772 0.108967056752302
-0.352397217100389 -0.0704749613685131 -0.119068215873992 0.02272734156677
-0.172433029346939 -0.351929104430972 -0.0384088618734422 0.0373970060247541
0.00585872848315023 -0.453799224554759 -0.00325827329274752 0.179904939176835
0.00177479350476495 -0.324240046844088 -0.208242284121804 0.381343918662353
-0.15647177201116 -0.282526737931401 0.0626462540689547 0.319616336309749
-0.273380264854482 -0.0681233818675694 0.0661853780663836 0.0209980331284617
-0.201689363684434 0.15296126740988 -0.0559763044283557 -0.00425440565797645
-0.074368287530586 0.21095206582847 -0.0705545493587041 0.144508582312109
0.0317830538877514 0.212132652508947 0.0549354143823838 0.248978659123554
0.12173821537978 0.17295768531569 0.194817362217225 0.219722867801009
0.130869477235063 0.133529183011178 0.242593119095423 0.161490912242754
0.119715000211196 0.143139933124245 0.214064785306152 0.177101499679602
0.0379582421217085 0.200675210020504 0.137710386050607 0.200472568852853
-0.0728162604573457 0.181778134617762 0.0209551470251899 0.191572548548085
-0.165970985193405 0.126127321002816 -0.0594979679303987 0.116404941388683
-0.202839263296764 -0.0372598743977596 -0.0971782069633523 0.0362167634329035
-0.113597634336305 -0.211190660212246 -0.0130927745282725 0.0840655815773291
-0.0274991645696974 -0.31154037201712 -0.0162242186762369 0.291659985997804
-0.0435673481507584 -0.155592968795958 -0.222373860873775 0.497829897312078
-0.106193897499821 -0.100680498535676 0.0886963531174724 0.395395589470881
-0.112406154057886 0.00818265324653581 0.0832953371512344 0.065165591104853
-0.0435892410441663 0.0610162635991347 -0.0365994679013475 0.016116640695115
-0.0257364473748321 0.0634235810279006 -0.0678989450312761 0.165341975545583
0.000598578887915048 0.0775989211867961 0.0711810065035529 0.283069250259465
0.0296366712193057 0.0789614542237026 0.222636971663114 0.257205874147076
0.0291376400902971 0.0623710073286285 0.273388387120868 0.199578179184724
0.0229753927562899 0.0664412707768511 0.235710521094403 0.215718776080911
-0.00574320214636293 0.0794363435174872 0.132109191386033 0.240325342607342
-0.0397126664009569 0.055480428530772 -0.00185273123791801 0.210081659143508
-0.0425490982207748 0.0248205243334249 -0.0656538283536541 0.106549159002135
-0.0569117709229984 0.00732349653226366 -0.0726940958167292 0.0396146170386212
-0.0640866674216899 -0.0573272757356253 0.00373517905197266 0.103840015527319
-0.0627832967960316 -0.139971206777078 -0.0198522827275147 0.344819831129577
0.0732639915864464 -0.0458117270437991 0.0247351317870582 -0.362045534057526
0.0326334152421057 -0.0979278300759552 -0.0768999640383381 -0.168612546765584
-0.0708104276563274 -0.0608900115578205 0.0364207504307062 -0.0382058007850293
-0.089898430044763 0.0494129521250109 0.0715108309356235 -0.0692426283662475
-0.00879774000372183 0.0753507409887959 0.0427041308783047 -0.192848644520107
0.0376502102502738 0.0501756610802082 -0.093077343464634 -0.265728261341089
0.069138724289827 0.0168572884756445 -0.209332516550356 -0.241937891246714
0.0798118075638751 0.0174625282824542 -0.260311278901489 -0.209850323174308
0.0778354559181587 0.0299793801033097 -0.229648566648522 -0.237367424358525
0.0388656662425768 0.0676254298895872 -0.104531392249356 -0.26138724653195
-0.0190837634231323 0.0792625257019024 0.0336416049316356 -0.185027410533088
-0.0986427545898844 0.0495531568620865 0.0114450457639566 -0.0541081397504653
-0.0722930914324066 -0.0808705436353027 -0.0725145318543947 -0.0958318546093507
0.0589890540748725 -0.101312121967297 -0.0661375915859352 -0.338619035173913
0.10005990379513 -0.0317108561210236 0.208723782359835 -0.539777600639664
0.0954340737921973 -0.196923198831303 0.0157714781572093 -0.338599413920138
-0.00420005373570716 -0.226406955317476 -0.0667886088432244 -0.164155083325684
-0.172101693400823 -0.107906462973207 0.0228009503326576 -0.0596545941699825
-0.195906376661691 0.107284178145938 0.046732802604219 -0.0631933324710508
-0.0561730679235129 0.184511841884335 0.0413239440668707 -0.160748742245652
0.055211840977566 0.167591399528051 -0.0678781002634665 -0.225663666743225
0.147924415356178 0.110926079630033 -0.164800635984183 -0.211702471256513
0.173109331998729 0.0964134798207876 -0.207688678676026 -0.186042478950998
0.172904942906681 0.12227336777092 -0.187863581724125 -0.199958379117098
0.0805219125686476 0.20870827085635 -0.0845832512122714 -0.222011295469038
-0.0641039767877035 0.218431635652105 0.0255407802960235 -0.156430587321404
-0.240364906461905 0.156180024694668 -0.0107113699299414 -0.0420334702176688
-0.247229348255029 -0.132123995009489 -0.106288539015057 -0.099649017121121
-0.0196623058201365 -0.292078600827637 -0.0900286822836083 -0.30978998770095
0.122274920998292 -0.252773849814721 0.161457602104384 -0.477469273403431
0.109539193059415 -0.329785597496469 -0.0148587857503312 -0.262551454769433
-0.0491788627606278 -0.345097313938494 -0.0498729501207591 -0.126179093176043
-0.271631170309863 -0.15073564585597 0.0211426992851968 -0.0797134866249061
-0.292952141947921 0.160366743246926 0.0185217923182782 -0.0684464894246109
-0.101188394630484 0.281775364260576 0.0226047958459039 -0.119192791468564
0.0650924950939988 0.270426153342801 -0.0456749536536416 -0.15470156025926
0.204852263439134 0.193946068171995 -0.098201312540601 -0.148761253512865
0.241232758300025 0.160186595044949 -0.122479657390797 -0.134253037268479
0.24325871630256 0.190807773883316 -0.113813966144065 -0.135283448302835
0.116610004901447 0.315423137101918 -0.0443219455888184 -0.149784247563835
-0.0898198170718221 0.331505523310918 0.0225272856208062 -0.0972454076477995
-0.341418751572227 0.256931497431204 -0.0289755766091753 -0.0118572749282157
-0.396418193799697 -0.146898139848934 -0.131969702991524 -0.0794967917865221
-0.109802239663523 -0.429693527728633 -0.103669885569294 -0.241012189836588
0.113954857939039 -0.431266405460308 0.10760632782269 -0.345356862151263
0.109426563504279 -0.425942861285146 -0.0632451880793337 -0.135820951119617
-0.104244081759054 -0.438958081341055 -0.0273564302611941 -0.0451640825042278
-0.364506197659372 -0.177273215342768 0.0290494859156172 -0.0856246176240032
-0.367239196430543 0.209971272810672 -0.0109852342371015 -0.072359386451187
-0.132411879889275 0.354471606127136 -0.00805358217225213 -0.0625745704823988
0.0692552448438316 0.343184216372101 -0.0230537845292906 -0.055586261975516
0.234195277425657 0.251222704188828 -0.0183882413680263 -0.0574106038296611
0.272642760618182 0.199626478329954 -0.0193873414820478 -0.0635206701774407
0.273839461818393 0.227462541815885 -0.0196238139424395 -0.0530155188653274
0.133935468877712 0.370004711922249 0.0123051351273747 -0.0556505337637136
-0.0973023985555674 0.392457669040414 0.0266742379217961 -0.0161540704953898
-0.382370923034324 0.321194754632181 -0.0400759607747374 0.0326245889677088
-0.478476431748164 -0.129386348868306 -0.142000462010921 -0.0422512065210201
-0.18219878199083 -0.488549454061991 -0.0975159431935226 -0.1425503272544
0.0844701395165797 -0.530549534760441 0.0598411882516347 -0.168753009839068
0.0910065024306486 -0.465574165864513 -0.121126627325649 0.0312516165353283
-0.152366752395644 -0.471051925122259 0.00224674173125933 0.0735276538737912
-0.413402502010834 -0.174543732080616 0.0423242242300955 -0.0688697954687371
-0.386235945725052 0.235393658824855 -0.0395431547199746 -0.0627251771645953
-0.137287182834591 0.37722203990955 -0.0408416865443516 0.0116457548739924
0.06705657645547 0.361889507897355 0.00216986020580969 0.0606836008418699
0.230894087867797 0.269873331956799 0.0654154570787069 0.0465751072102999
0.263022795494346 0.208550562267837 0.0862954288276786 0.0176394890668332
0.259573235460999 0.230864417090953 0.077825493542664 0.0339083403259574
0.123293999361754 0.364841730506787 0.0722637357017097 0.0439873004950895
-0.097644450485074 0.381500148130257 0.0344070361861445 0.0717410163866641
-0.3575465820528 0.315899626301947 -0.0450356248404294 0.0779463800600673
-0.459218269439023 -0.100348830254277 -0.135796116154099 -0.00186602641962624
-0.202113440743421 -0.458294230690111 -0.0721417171786796 -0.040273592680934
0.0492983440279799 -0.534215297950468 0.0227953002239106 0.0167950671384802
0.0525786380368623 -0.433161947990154 -0.176830582332758 0.214541012112041
-0.173540001574844 -0.419789140244158 0.0330879388905465 0.205685431912942
-0.383359009457104 -0.135784446675474 0.0539659899628701 -0.0311062438345241
-0.328251912504233 0.217351821419795 -0.0592197935711633 -0.0370240260316508
-0.115632727538009 0.32704845905197 -0.0654257192500258 0.0880514961679417
0.056074185895863 0.317712646758133 0.0303729310636114 0.172109648341791
0.193911358675902 0.242827237936384 0.142018970708652 0.146294109781192
0.213463378883005 0.186532501130755 0.179212903836203 0.0960062965686352
0.203991884285605 0.201118454903788 0.161816460277713 0.114077668980065
0.0871662784399392 0.304168961942142 0.119247824989126 0.133520971511345
-0.0906057296279391 0.302618405033783 0.0353939669731601 0.145564389873645
-0.278000117601212 0.238386824236933 -0.0497049507913802 0.108522980901076
-0.352465403460927 -0.0709861806808037 -0.119579559087961 0.02787645157045
-0.169987689267504 -0.357485533787748 -0.0402731754238293 0.0401630512735219
0.0124350259100908 -0.453511127749531 -0.00241472295018832 0.178466167010267
0.00327612597247141 -0.323831305379356 -0.216690686946895 0.379545581245591
-0.15593113645349 -0.285334758559362 0.0627291792818306 0.320617807387105
-0.2723515157227 -0.068362519250726 0.0655756794611674 0.0180553507530989
-0.201975770182393 0.152298079558433 -0.0604417978018465 -0.00651741331389384
-0.0745103370206305 0.21270426471559 -0.0758889268901037 0.14452533060624
0.0341274376663909 0.215178097667996 0.0560179944447935 0.253599265269816
0.124118737544138 0.175631999876637 0.198717164010203 0.221674803378805
0.131795071052168 0.135265235371293 0.246143573791962 0.160862903437343
0.119244613334955 0.144656531937743 0.217895336392838 0.177563393026535
0.0386310894064888 0.202377479851214 0.140480765887938 0.201621593970019
-0.0730225402943857 0.182765857374473 0.0221661069672711 0.192746854005555
-0.164991895891389 0.126471347500297 -0.0578310968928236 0.115934650375966
-0.201721936997523 -0.0372664463180432 -0.0973540586702426 0.0400691447285269
-0.112971177704704 -0.212769696494958 -0.0132469556837003 0.0878306546916185
-0.0258962913584207 -0.310241237080905 -0.0148879476112126 0.291059256304211
-0.0442320468953158 -0.155495108868415 -0.230238184871441 0.497446139492145
-0.107086049329229 -0.100516308234697 0.0891170251649934 0.397159567350353
-0.111955181226984 0.00925493926311751 0.0832909776011013 0.0641407835178387
-0.0426721631660185 0.0593368014438234 -0.039799200315814 0.0135436630814186
-0.0256900817980384 0.0636013783198931 -0.0717491447960649 0.166063895525726
0.00134834702239051 0.0785252215675207 0.0721412461186163 0.287660420375202
0.0305094684368332 0.0804635591532089 0.226576969839781 0.260063388563537
0.0284073358471097 0.0641072431993107 0.277220323952076 0.199043644335843
0.0209860902178264 0.0677329994763076 0.23919309208783 0.215692028941678
-0.00717186294760865 0.0792779353098544 0.134542258212905 0.241595433737474
-0.0398535330919229 0.0542766500572246 -0.000821377492665296 0.211617555549347
-0.0409334785609224 0.0234620019511617 -0.0643820220513245 0.105996514862855
-0.0548381986945987 0.00864336355038696 -0.0727755663132035 0.0424209048097638
-0.0642584183246837 -0.0571950076562926 0.00394236369400864 0.107405088024849
-0.0636667395914114 -0.138646614626614 -0.018221674718152 0.345240014208481
0.0758351985426326 -0.0494542927730078 0.0212619509461265 -0.368420567299139
0.0306936600789962 -0.104123184867074 -0.0819226778403814 -0.171720229620611
-0.0756833703616188 -0.0605598247941096 0.0341096687350867 -0.0430442266072404
-0.0919533443948548 0.0556190383194804 0.0690863839588455 -0.0719146623102734
-0.00678586405232305 0.0784540935419876 0.0370135030004037 -0.196205749543931
0.0401774292257738 0.0509986721162217 -0.10396324691287 -0.269150250209799
0.0715322110715789 0.0151476382929526 -0.223237227146627 -0.243089748970508
0.0832235903673184 0.0147025959015352 -0.272871495164377 -0.208261495063046
0.0822742947160311 0.0284016648916772 -0.241233641778645 -0.238263477443751
0.0430174295956251 0.0698043201610034 -0.111830629119889 -0.268486406334173
-0.0184140329703476 0.0836918730586345 0.0339731572147299 -0.191909474210176
-0.101142288683427 0.0546198696062713 0.0139067243624856 -0.0535959133525973
-0.0771227732942794 -0.0829905679428892 -0.0745404597048201 -0.0946140198963822
0.059865880876035 -0.107477316608628 -0.0758473705101689 -0.3454406291977
0.104485395491369 -0.0353951701108749 0.202590423257538 -0.556169944840546
0.0972403320797796 -0.202335779558573 0.0115343590789035 -0.344539737701423
-0.00871647541614132 -0.235234062162731 -0.0715941491390183 -0.16796001673366
-0.178240554533795 -0.106919353425313 0.0194541149146166 -0.0651731502864567
-0.198238889339009 0.116876468102197 0.042964999902344 -0.064618676952632
-0.0529109903472985 0.191266833774816 0.036070068478426 -0.163359213549687
0.061986327110681 0.171768229182 -0.0761631946029302 -0.228348335941647
0.155001821001489 0.110693479525943 -0.175900250827587 -0.213206476380898
0.180945030560372 0.0935497288578651 -0.218189574613095 -0.185810129958804
0.181480085518929 0.120203115804312 -0.197546818113323 -0.201455998985759
0.0886552154709684 0.214378009934367 -0.0920101605900621 -0.228778351865208
-0.0619336481406357 0.227966294896407 0.0254875899329246 -0.161812142828816
-0.243418631215245 0.166134814004236 -0.00793510859880726 -0.0419264126562509
-0.257654747326212 -0.132954234927316 -0.109324593155131 -0.0963085473434527
-0.0241792703165641 -0.302571582134189 -0.100451720933827 -0.316077109255861
0.124876809903056 -0.261085430884624 0.156288304957435 -0.490657771040728
0.110988820691198 -0.33601365381122 -0.0200542938603053 -0.267733720092593
-0.055748092917092 -0.355652266752628 -0.0540346208081389 -0.130047256685419
-0.279605103104092 -0.149765039014866 0.0160390890823176 -0.0865598823115088
-0.296543605439829 0.172141318212835 0.0133844346516349 -0.0698097297732972
-0.0971190293243982 0.292226782146331 0.0170351240902848 -0.121529077607247
0.0748582336871961 0.277961204439692 -0.0510822292021827 -0.156299980416502
0.216425830249341 0.195774677938597 -0.104843632419393 -0.149379569328
0.251251612785663 0.158693416828916 -0.129281663550146 -0.136051069162496
0.254758583006996 0.188690531026843 -0.118987200618472 -0.136792235085029
0.128345886496543 0.322468220627086 -0.0488850524102432 -0.154946185606528
-0.0860614038392407 0.343786963071446 0.0230543937867016 -0.101474540999636
-0.343273366861434 0.272095660126243 -0.026489730911046 -0.0113693116917949
-0.410473226598831 -0.14431999999187 -0.13580584501568 -0.0739198644468498
-0.119567410547752 -0.442814869956761 -0.112585638598887 -0.244250878226294
0.11433118570749 -0.442987927051773 0.104953146311302 -0.355426359602175
0.107982660095278 -0.433793779945765 -0.0693413788599416 -0.138273611354835
-0.113668231029625 -0.449363857027214 -0.028782005717502 -0.0480387468192135
-0.373899609568346 -0.173717031167705 0.0244672957696095 -0.0931629186426778
-0.371043023122829 0.223072301281342 -0.0173971407720455 -0.0738801566622286
-0.127247627936183 0.36670784554375 -0.0142217494290177 -0.063475642453889
0.081123268326194 0.35198018340107 -0.025410554860614 -0.0545276253343631
0.248184985733895 0.252899362475566 -0.0203382875621589 -0.0586331522133295
0.284563841402207 0.19880680171144 -0.0218961932648237 -0.0664962464777217
0.286845550503464 0.226476506765894 -0.0206169477024189 -0.0551007487839695
0.147558979925893 0.377846735437736 0.0117358465813526 -0.0596350271467996
-0.0922503192379579 0.407314492406913 0.0292507104871764 -0.0182936274274376
-0.382953203791966 0.338851467789389 -0.036878986623157 0.0330325112142229
-0.492479230364469 -0.125937762700625 -0.144893006790179 -0.035263685570046
-0.194885053692288 -0.500325962162117 -0.104204927310033 -0.142143348356649
0.0829220451165168 -0.54304760827535 0.0587563171260484 -0.175191382317665
0.0886176053437963 -0.474974500166224 -0.127454769324795 0.0334144373653891
-0.163327611337421 -0.482575711627722 0.00323523005277009 0.072745523278843
-0.423355446080441 -0.171625819498581 0.038230579619053 -0.0764287598600123
-0.390147781141911 0.249203112603618 -0.0469436057273404 -0.0638933365977902
-0.132391678637131 0.388564197263661 -0.0470618640207359 0.0122405745292221
0.0799382605046849 0.371648976640538 0.00399977949081761 0.0642936736620876
0.246034761468981 0.272772031303929 0.0687940441473581 0.0463203431562517
0.274190384835143 0.20881416535156 0.0886931846773465 0.0136841487236893
0.271017766655894 0.230680622499903 0.0818025808989063 0.0311340514959353
0.136877524731855 0.37291208928141 0.0759962848867102 0.0415672037952902
-0.0923896766484674 0.395703855527863 0.039043854525967 0.0721625153024825
-0.358949382298879 0.332630773737938 -0.0415495611107232 0.0789591166199218
-0.472468961954746 -0.0941776719290053 -0.137826563182897 0.00603160619090906
-0.213628008958936 -0.469765238407925 -0.0761451026660526 -0.0370493991528431
0.0458968227699436 -0.546365549849242 0.0248645714354974 0.0154093417670648
0.0487186244849863 -0.441216699734434 -0.182507577158272 0.221257521105803
-0.18372533010314 -0.42849710879372 0.0373088093928796 0.208115567441116
-0.392742474070747 -0.131289621631911 0.051905947922719 -0.0370077585656417
-0.331010872479991 0.227283270514011 -0.0665612585145693 -0.0377165437866733
-0.111016900324984 0.337023889898327 -0.0709445717602005 0.0906984486487731
0.0674120872921305 0.326073927569491 0.0355764130613871 0.178593314466821
0.206102198343226 0.245244445767674 0.149940280051215 0.14731383887735
0.222998757524686 0.186872502843122 0.186166898980309 0.0925824992785382
0.212853787603103 0.202430999583303 0.16959284350676 0.111483564609214
0.0977611929102886 0.310354660767358 0.126326006676078 0.133011142747614
-0.0870143157322037 0.313124074433697 0.041128080019144 0.148293957058851
-0.277321954870683 0.250018151168421 -0.0464488086683286 0.110422751474893
-0.361572844058534 -0.0662756951383204 -0.120074373285383 0.0354463279129203
-0.179144282601804 -0.365627378950469 -0.0410912314976544 0.0452805342755118
0.00696822739495464 -0.463021021935562 0.0029179791397299 0.181271648512483
-0.000977919322365948 -0.329421289999132 -0.221372059699118 0.391711426293149
-0.164489943280047 -0.289585585974912 0.0692270351007696 0.32539792216229
-0.278486566953779 -0.0640430128581787 0.0657776546744108 0.0136818047301262
-0.202119719092307 0.158459367662457 -0.0665027141613419 -0.00701057030080355
-0.0713928150178847 0.219152274861376 -0.0794913324243398 0.148907488736782
0.0410899817504255 0.220371613546469 0.0639357273973624 0.261411868696657
0.132387286252863 0.177746641662392 0.21127477122518 0.223354109158116
0.137308882706662 0.136828987170417 0.256745243678923 0.15687540959747
0.123841332642544 0.146402938154644 0.228859128640012 0.175404440291613
0.0438684587896872 0.206878527369109 0.149644805521084 0.203118730025934
-0.0712737644438454 0.188413661243372 0.0289176191036128 0.196734617444111
-0.164255079456903 0.132071898477449 -0.0540153006615036 0.1180776983279
-0.204796398640125 -0.0338619286694075 -0.0982427779082603 0.0467330801713765
-0.118770701643748 -0.215266004151699 -0.0117431824346016 0.0934357005532372
-0.0309344560685026 -0.314781887616466 -0.00733058716761529 0.295956959021853
-0.0488638843669901 -0.15741273354507 -0.232250123035812 0.513484638499282
-0.110916822505371 -0.09953664936858 0.0986844042210904 0.403265487622544
-0.112872554123577 0.0126562488123759 0.0866601315887058 0.0618895406298294
-0.0411772703191379 0.0592398819392189 -0.0440850968702612 0.0130005374959094
-0.0242659077713711 0.0650420110332051 -0.0742026464427881 0.1718275665377
0.00361870162717041 0.0807145071573972 0.0810139047383997 0.295678777031851
0.033398292571554 0.0815217719928813 0.240342408647244 0.261671257703693
0.0298271335889063 0.0661982067677384 0.290142001879629 0.196966760266096
0.0212180003067943 0.0699481942158618 0.251576633337033 0.214581161868225
-0.00675286506247284 0.081078793346441 0.144584869657979 0.244445997869277
-0.0397790548694338 0.054785445038569 0.00464036964278802 0.215421569347965
-0.0393616216371881 0.0222799344878492 -0.0616804500290703 0.108648628515584
-0.0530096319169073 0.0106600600221085 -0.0730675768276748 0.0469680762840501
-0.0665616283040783 -0.0557913529523752 0.00652317736098056 0.112802126152207
-0.0683806692946263 -0.138200646982939 -0.0101330837694173 0.350410283358717
0.0764986117323369 -0.0554647434642858 0.00684763505337404 -0.375365566419124
0.0245806553488811 -0.110624172147949 -0.0922308533390895 -0.17223549935243
-0.0822271602690689 -0.0573417310606863 0.0294347305890081 -0.0484934435197891
-0.0910687703197492 0.0651071240284938 0.0635997647387703 -0.0759896518646648
-0.00206899640687599 0.0813274789918114 0.0260236575855245 -0.198559846555511
0.0437935802415624 0.0501908279770889 -0.121713594082944 -0.266315444738307
0.0744733126741552 0.0110681042867198 -0.242087077559605 -0.23469556686579
0.0863150821854878 0.00886111717573798 -0.289196520125987 -0.19643170436934
0.0872936271140226 0.0232100567457106 -0.259003580977067 -0.230006610080429
0.0489580825621488 0.0702413713641478 -0.128623113950804 -0.269832162255887
-0.0148175274122607 0.0878913217466236 0.0279597229330854 -0.200792794507851
-0.101016804224433 0.0624427352668822 0.0151504626016308 -0.0536208559581159
-0.0847783841153215 -0.0821324493867524 -0.0784145556659805 -0.0903587032719655
0.0562693690748338 -0.115661237917781 -0.0966747186646599 -0.34677944375074
0.106981362457394 -0.0425364958189263 0.179334052061433 -0.574188672842234
0.0924666939393801 -0.2108555479619 -0.00349408304978679 -0.349834268120366
-0.021668572828924 -0.241977993519788 -0.0811308441122149 -0.168517700747171
-0.187308538147076 -0.100165681065684 0.0125789084253686 -0.0710273482097336
-0.195364042904922 0.131671858657152 0.0369510066218976 -0.0669606297308123
-0.0428488324131917 0.198950515062401 0.0256418305377048 -0.166053660169341
0.0739056368500957 0.172890860542117 -0.0912288729980937 -0.227024119279889
0.165327772650407 0.104861507974888 -0.191298037007681 -0.206652591611214
0.190034713543389 0.0842808715887449 -0.233407871975709 -0.1776870470196
0.192932204108868 0.111614009138975 -0.212333441390094 -0.195472748656404
0.103782250516248 0.214602784946819 -0.106340565640021 -0.23130429805959
-0.0519887772092735 0.237662717707262 0.0208296646537033 -0.168931798386963
-0.238705993167916 0.184180652579614 -0.00707459404281814 -0.041316576342429
-0.270763973078938 -0.123211550823249 -0.114001097171143 -0.0897223477083863
-0.038003315586329 -0.310661446064262 -0.119293766861763 -0.315617082827637
0.118038522050859 -0.273128850333252 0.134674409093667 -0.506083895387803
0.100479855445808 -0.346389585659768 -0.0332894113920228 -0.27083668259708
-0.0744489160503599 -0.363431141799825 -0.061432983770359 -0.131762304571221
-0.290233478149569 -0.139250328699444 0.00775517041237565 -0.0928150706494817
-0.292945770152486 0.191498503108592 0.00556803280717892 -0.0706598643222281
-0.0825056290039452 0.303387607184528 0.00723914300526665 -0.123234845047513
0.0933681082234247 0.280899202305267 -0.0605058663081173 -0.154390062158642
0.232906272735151 0.18722510482673 -0.116203549344021 -0.146383005340506
0.265233057352762 0.146340588573066 -0.140372579751865 -0.132555676372819
0.271002518339711 0.177576777511459 -0.128470923213262 -0.134154580659042
0.150722450418309 0.323026115079216 -0.0581325146640116 -0.158632028552739
-0.0708742066510037 0.357518924701259 0.0214894410778562 -0.107063515789093
-0.33484652357857 0.296647745291563 -0.0242524389888229 -0.0107941290568197
-0.425549854024876 -0.128767323605359 -0.139561801852914 -0.0646347563920635
-0.141379037386842 -0.448235608700861 -0.129165744027556 -0.241808556420439
0.100536979825598 -0.457233926475412 0.0900278440032039 -0.366777429868742
0.0950310626573876 -0.445360386568702 -0.0793050335985809 -0.136374780776767
-0.136539981548555 -0.454704407585878 -0.0322969505163712 -0.0498026162039324
-0.386952656726518 -0.160490507563554 0.0150270070392497 -0.100697213639565
-0.365849564526874 0.246253770124501 -0.0268320376901469 -0.0737100550088224
-0.10968418380584 0.381791179303286 -0.0229260915732062 -0.0629438559427097
0.103646288358339 0.35664346899391 -0.0289701901395063 -0.0522002018950203
0.269152765763774 0.24512480960493 -0.0237825610459325 -0.0586506738993141
0.300980427410881 0.186760994792075 -0.027262050577054 -0.0685479613544115
0.304543950615467 0.214841708408266 -0.0232231661405453 -0.0563575082751455
0.173233983140953 0.379380719264564 0.00827825254664158 -0.0644313859795175
-0.0754461001918186 0.422935478131601 0.031407141499995 -0.021837911425238
-0.373178686120443 0.367090849062999 -0.0326403436293619 0.0338747677319925
-0.510498235377425 -0.104026887866311 -0.146763985309771 -0.0240388162844845
-0.220647967099678 -0.503037679611178 -0.114688219534793 -0.138014512552365
0.0629972268990283 -0.557176875884321 0.0516252565255872 -0.181975794950629
0.0732273779885385 -0.48478347968914 -0.131682182516461 0.0402515018512936
-0.18867154227932 -0.486726871578161 0.00568443989941206 0.071937070372137
-0.436546406480768 -0.154485981806511 0.0302998869101689 -0.0837634712146358
-0.384258602573908 0.272696104969696 -0.0563423965257003 -0.0629348393099392
-0.114866245379132 0.403196389446221 -0.0529918466225394 0.0150768028683419
0.103573173135819 0.37552595549699 0.00723117904496257 0.0677395401183741
0.267516832948566 0.265336884101232 0.0730527836602674 0.0436961254347759
0.291636274897602 0.198328776620037 0.0893716395262023 0.00738902105590658
0.288836722939223 0.220381394859983 0.0861399402583779 0.0260566487892572
0.160369920491026 0.373830418506862 0.0801910766935312 0.0357898053009081
-0.0738194677035249 0.409976739388482 0.045668822737649 0.0697014951487075
-0.344991878222234 0.357369451105101 -0.0358530000418036 0.080243447112195
-0.485993993243702 -0.0752421347790451 -0.1378622776682 0.0181378411101474
-0.239491320664273 -0.471612905727353 -0.0802250997021311 -0.0312406195271724
0.024828798407986 -0.55846934954847 0.0268444050217947 0.0131466351651729
0.032218133220478 -0.448504808388668 -0.180803680188514 0.234334668969467
-0.20728304654832 -0.429384588624076 0.0474301099171427 0.207947357246537
-0.403497551282351 -0.11460420531663 0.047254591484663 -0.0438770666772789
-0.323995214015492 0.246441571556127 -0.0748526376045574 -0.0357256392806554
-0.0947745879894104 0.348996133997863 -0.0734974633195711 0.0962220819173425
0.0879219865481717 0.329515501820592 0.0458790806713905 0.182881830832612
0.225777354760776 0.239554194778952 0.162642336192298 0.1415501163395
0.237457827484081 0.178960899706688 0.193396024468818 0.08270876763142
0.226982344934227 0.195138677216095 0.180075207872081 0.102829828902727
0.11630187232801 0.312376588549975 0.136116631660681 0.127049992656564
-0.0729896750212085 0.324768125720355 0.0514143457119513 0.147912004798454
-0.267553395231955 0.268556507244228 -0.0390218049381108 0.112348382742528
-0.370344496876228 -0.0507479397806898 -0.118707173310285 0.0471430692649
-0.199437496345285 -0.364409818443172 -0.039537596358169 0.0514881349807862
-0.0127427180856594 -0.469383057272758 0.0129919367641148 0.18185517540064
-0.0153852814710553 -0.333286092810973 -0.212549383880615 0.409551748094601
-0.18143469536931 -0.28712583449406 0.0864611029958657 0.326493275517962
-0.283204730600928 -0.0512873830231165 0.0655162552247764 0.00811935036308192
-0.196637814178866 0.16933070526742 -0.072664543229418 -0.00492729225646287
-0.0615604438554729 0.226161641190479 -0.0786554648321595 0.155898446596249
0.0553883435233707 0.222961033178546 0.0796187292315301 0.265198719706614
0.145715186218347 0.173863224330964 0.228558307587727 0.216817095516783
0.147173530479573 0.132968260502199 0.269595865815595 0.144948137797527
0.132311160134761 0.14378931450741 0.243112634750574 0.16475173384299
0.055433478824227 0.208889085907399 0.164609907803671 0.197789831551023
-0.0636405163950971 0.19508036190374 0.0406378039192111 0.198619232973064
-0.158238219884493 0.14025787221082 -0.047643593860645 0.12117403365324
-0.207359149157642 -0.0239699237339411 -0.0960247761767607 0.0565411919501036
-0.130610543364693 -0.213474342039195 -0.00705072124465751 0.0983350926298258
-0.0452191052867066 -0.316820369259946 0.00836634206803035 0.298536938545424
-0.059075405454516 -0.156416577685881 -0.218752212350253 0.532323123976909
-0.117779617948774 -0.0946872630659851 0.12023212400821 0.403976615412072
-0.11237392069335 0.0195599760422917 0.0903435161282579 0.0566640155152446
-0.0388756522098273 0.0597467190174067 -0.0477421211237045 0.0140420082262012
-0.0217990934825326 0.0667395308387306 -0.071497901531568 0.178802989352693
0.00866070940441195 0.0817082470363945 0.0990797184134755 0.299318613030306
0.038726500215902 0.0811069432942206 0.260646240054627 0.25392106233781
0.0331904361305513 0.0668579401355673 0.306326427541038 0.183524770857653
0.0232234074828308 0.0714691988788368 0.268307528458041 0.203998603092977
-0.00387770200910086 0.0821622218706523 0.162132523751098 0.240692876451644
-0.0383341317463086 0.0560647073095093 0.0169516343279392 0.21929744712824
-0.0375584488232788 0.0217564374959754 -0.0553523535130018 0.111998749717132
-0.0500233857765243 0.0140557229097 -0.0705946695252604 0.0540663729323738
-0.0694606901831185 -0.0516760019272733 0.0133687491510627 0.117142469366693
-0.0765155423074689 -0.134436607939732 0.00879649398039133 0.354214962204911
0.0910023986928461 -0.0143040044600214 0.171970004865868 -0.336760565878777
0.0680005998721083 -0.0898513433281786 -0.0112476709423504 -0.193898009005996
-0.0525444785252926 -0.0871617547397586 0.0456133450500683 -0.0315317371104767
-0.110746003635374 0.0232037600761798 0.0877814218547326 -0.0385370387531503
-0.0396588109048508 0.074465419612815 0.110168698487111 -0.164152895663773
0.0161106156987461 0.065676397722609 0.0058039724669626 -0.292041233896564
0.0608585170135824 0.0404692938615443 -0.116607108753765 -0.314862471085282
0.0746725792931522 0.0445531413978843 -0.17605012646459 -0.297214802217373
0.0682028291316182 0.0573646327773314 -0.136004051332255 -0.313730383288656
0.0141466233691385 0.0839127900415011 -0.0016125469936015 -0.295194241315835
-0.0520979077951074 0.0743776655648844 0.110711426586693 -0.167618271057087
-0.117194743206507 0.0134267411408124 0.036279300533721 -0.0393169519678259
-0.0422304983361899 -0.113779152923775 -0.027983743612828 -0.115655371742763
0.100143110284135 -0.0870477734585355 0.0686315855111885 -0.353705293877603
0.115548093779263 0.00606876602264095 0.428386392161682 -0.426293458090556
0.174517149686265 -0.145963442053082 0.145710113508025 -0.320325404242216
0.0843487019456164 -0.22890944957962 -0.00357904489318869 -0.182867156377333
-0.12659685327703 -0.171535438484568 0.039851541016234 -0.0555641173308401
-0.231716540574913 0.0377563503972442 0.0618250783420159 -0.0385812178077442
-0.126109264283548 0.162046055208407 0.100969647061653 -0.133379274452757
-0.00811120867925911 0.188905325509987 0.0198878566551038 -0.244944444400029
0.103906995768791 0.164467219800702 -0.0815088155788639 -0.269265805190378
0.136533485663104 0.15849109027916 -0.132694955387298 -0.256631804057846
0.12705882952327 0.180895463590784 -0.109175553850984 -0.26294288619275
0.00493131763232393 0.238122539049192 0.000113593317935234 -0.250431402538757
-0.149106718760886 0.194542952197015 0.086706203530447 -0.141626117079802
-0.290563399522066 0.063883065025576 0.00590425260745525 -0.0393222173311112
-0.190188330971212 -0.232021049743966 -0.0614774603829789 -0.134597658795892
0.099283205458114 -0.302178600159293 0.0395700502330485 -0.336171812794289
0.225739111746352 -0.194803762935161 0.359793096695592 -0.384719171502248
0.242837603621049 -0.26295299552586 0.079349491905738 -0.261558715971555
0.0901637259406476 -0.361454744360075 -0.00250096506415372 -0.137118239326473
-0.20189826867956 -0.25164784979076 0.0455549687426274 -0.0743438354708346
-0.342860520119025 0.0495358146365593 0.03594167828838 -0.0525994638017324
-0.206031839214989 0.237638384960701 0.0697796756958874 -0.101050440613879
-0.0357973753132981 0.295124185315003 0.0188038767511048 -0.167752647570216
0.131708912574534 0.269462978970885 -0.0384445410586292 -0.182916523328561
0.178535380874205 0.247971506595158 -0.0680248657976755 -0.177892886392128
0.16827586723438 0.273468687388372 -0.0599537364023959 -0.17244503186117
0.00246202053013453 0.355699003409959 0.0112725221963408 -0.165037798067249
-0.216875807524816 0.295530856713684 0.0568546944180218 -0.0851238142702559
-0.423870818542199 0.124468049068476 -0.0273950871817675 -0.0200939507239078
-0.327603788924262 -0.303735059142147 -0.0969040099300762 -0.126533589746698
0.0663167552330363 -0.469968874934959 0.00185893976562493 -0.273479775724903
0.288736230716921 -0.367292914005522 0.256256622638155 -0.279494757327091
0.283716619300488 -0.353666011687467 -0.0253459538634023 -0.161172033747214
0.0754773979578461 -0.472471416791092 -0.0121313249380312 -0.0476703842179558
-0.277766176132139 -0.312797154856313 0.0565403247912834 -0.0755155090884391
-0.430001338540394 0.0665509115467925 0.00873889333688401 -0.0677987027252742
-0.263696022989972 0.294858876650153 0.0190728833444351 -0.0587872146885216
-0.0568012921158863 0.366865538498487 0.00521963756969807 -0.0620356611131672
0.140231320860447 0.337565203344582 0.00736539871760789 -0.0646679691140086
0.193369543833734 0.300401581337542 0.00705837222656945 -0.0734790064775248
0.184694738640503 0.3200486570957 0.00205583854559656 -0.0593346332944185
0.000741710076035591 0.416184053625286 0.0304005891860514 -0.0531527043158436
-0.247738010484368 0.354223790775145 0.0279629148163229 -0.00459400445898174
-0.485276244068296 0.171036287008297 -0.0564223773866155 0.0157663893890715
-0.412147331852122 -0.318051170197879 -0.122994060275896 -0.0939537910679467
0.0187922925016179 -0.551970605125662 -0.0295918518051148 -0.1736958476829
0.300020955017552 -0.471121015461623 0.137960554598648 -0.132090771511182
0.281686550758735 -0.400143434502518 -0.153894661716297 -0.0240333731480767
0.0415901538175903 -0.524551401244053 -0.029391824355069 0.0807464689586236
-0.326176809397304 -0.329349017885034 0.0643116297745083 -0.0520108329372084
-0.45762085765128 0.0807051208834558 -0.0223408668701531 -0.0703420726264051
-0.277465685983212 0.312303319314727 -0.0413355682580173 -0.00162692928854927
-0.0655238597437079 0.384719361952158 -0.0134641592899565 0.0619617598260268
0.132169339723319 0.355746721667049 0.0512253465963831 0.0687049651997214
0.18015162094798 0.30717127926427 0.0795045749308435 0.0425124872237654
0.166875866012785 0.318606108805979 0.065680763182889 0.059985945466364
-0.00830540390156305 0.406444495999024 0.0527724687185778 0.0663602421139895
-0.241691730639192 0.342646456894493 0.00134041519534593 0.0839484990091667
-0.456979029417704 0.174675551518315 -0.078472883582657 0.0554272533906096
-0.403072260360593 -0.280048221621826 -0.134497750839357 -0.0510270447972876
-0.0117345350118155 -0.527968969763765 -0.0466944489673684 -0.0615313534690793
0.263739502926096 -0.488508714953931 0.0258363320711054 0.0290225271257634
0.231096498470275 -0.387901139378929 -0.282619118121152 0.129846251736283
0.000490810318406077 -0.480952029417985 -0.0496804808046525 0.220593273795778
-0.31331420077157 -0.279843951737593 0.0629734563412921 -0.0102308155065488
-0.392493032126852 0.0812455624666936 -0.0505085529497324 -0.0564345981679957
-0.234704902664836 0.271551407171496 -0.097566959158266 0.0606328829170534
-0.0581664300315468 0.335793900155956 -0.0302571852684512 0.182321095427381
0.106328144872923 0.314555462748826 0.0880018545664904 0.19588736974709
0.139325001091108 0.266591467287486 0.141008991966443 0.152842433040515
0.122785900770946 0.270414370379287 0.11865331330747 0.167069493472795
-0.0221604373433755 0.331343367644552 0.065682463966728 0.171272378029752
-0.202983632004014 0.264745456789813 -0.0242863204078855 0.155728635655907
-0.348975661811494 0.128100431253983 -0.0931586271193695 0.0821684297434566
-0.309643900679555 -0.206548484100665 -0.129477623247479 -0.0140110136299219
-0.0208884048795093 -0.412336338097834 -0.0498426366906775 0.0316723894201056
0.190677775314595 -0.423341506268698 -0.065281664903253 0.172122419031811
0.137816182332186 -0.305183509286393 -0.386363871686979 0.276887619131709
-0.0373589252603084 -0.341773129507663 -0.0641913320576064 0.341035237205693
-0.232399383506755 -0.168669662406542 0.0575013122689551 0.0409634443299553
-0.245524918609794 0.0662527725853092 -0.0630611495574331 -0.0315487221945962
-0.150540748840646 0.175011846335413 -0.132991439408862 0.109649927606307
-0.0421983756033583 0.224215620290026 -0.0383684960666436 0.272833690652999
0.0618923725639876 0.221140759156027 0.115495022677207 0.291975527319144
0.0764407758172238 0.185566335166195 0.182421105417308 0.24044916387912
0.0591464222144512 0.184032275995907 0.149119676956036 0.248688112441904
-0.0349729713418074 0.211416198953503 0.062213320238944 0.244596590440335
-0.139478826756784 0.150314590493453 -0.0516346499746405 0.194575380669378
-0.197712508292092 0.0589119611856651 -0.0986014888313977 0.0858913820926588
-0.173940763640762 -0.110666253221063 -0.11251303179387 0.00757584850602525
-0.0244919496296505 -0.244969938426875 -0.0452336032002499 0.0881463760890822
0.0959142003976072 -0.300395259279008 -0.125794888325503 0.271613357584867
0.0215209609260019 -0.167531607485307 -0.440524542097369 0.385463146790614
-0.0633046961296737 -0.14111571809588 -0.0647801541818347 0.419622488850762
-0.108878228992741 -0.0309047103792868 0.0583324122134054 0.0900775398975977
-0.0576507010522442 0.0346245164071535 -0.0505015615629144 -0.00900433828439203
-0.0458655633079189 0.0484713183183945 -0.142234178975991 0.130764507951077
-0.024846427637836 0.0766446154999196 -0.0395287928659457 0.313261327175896
0.00362849143530478 0.0913489322435796 0.12605567015436 0.339734765611773
0.00180480916921795 0.0765148093878692 0.196958385850566 0.29108683056887
-0.00855805384150979 0.0743261283379405 0.155394956687524 0.292594683101311
-0.0372089641379872 0.0727306367856304 0.0444896003091189 0.281023549890609
-0.057191547807002 0.0340005196886794 -0.077847767106784 0.202125271799295
-0.0409418898400944 0.00310995988945803 -0.0965384751774468 0.0741612228214707
-0.0485445998166661 -0.00737142921021232 -0.0875407977569424 0.0198552328811952
-0.0397588278556831 -0.072503440783948 -0.0390555504265727 0.114073404940391
-0.0114819080891296 -0.150315305074472 -0.153218163176615 0.318938794894925
0.0893776604496817 -0.0205660678243674 0.150742523610108 -0.335595667170153
0.0598445432517465 -0.0939549744773176 -0.0217628210080434 -0.189145173350674
-0.0575047281707677 -0.0819642985364215 0.0394664371088781 -0.0360632021943528
-0.106550773328222 0.032339077694195 0.0795015130476259 -0.0413961609906058
-0.0330800503026 0.076566445488205 0.095794482360286 -0.162483292786294
0.020319057448421 0.0636575022683849 -0.0124406295843275 -0.28251743463944
0.0620945421013179 0.0356637231435452 -0.133470260956608 -0.297620309049502
0.075929428487896 0.0370799638565747 -0.188887302146321 -0.276590160198453
0.0714645197495294 0.0501789229117092 -0.150614276396528 -0.29642589511962
0.0196175173386563 0.0819976504540679 -0.0184597352918934 -0.289292566052082
-0.0467786707549481 0.0769049185267333 0.101473656345087 -0.17112594881753
-0.11342187145096 0.0208619446411025 0.0361594061318626 -0.0379756878464769
-0.0484295898605987 -0.109882399237421 -0.0318063711218852 -0.108703349546268
0.0935289909921797 -0.0926755980042524 0.0442772050728265 -0.345839471459114
0.114565923788332 -0.00178597170245285 0.390529298711771 -0.433950309424448
0.164600889626428 -0.150029623103915 0.126084161185843 -0.317394404299613
0.0686799943410255 -0.230205471725515 -0.0144266269327359 -0.178967998060734
-0.132632048307487 -0.159126376954182 0.0324672790582283 -0.0597654856434157
-0.222233265628551 0.0530415526736374 0.0530873330335584 -0.0396998268548436
-0.112784979533447 0.166223121462586 0.0878431726471494 -0.133460581126163
0.00473233037164597 0.185482680681382 0.00385799338116893 -0.237069861858374
0.112324721348881 0.153145248890339 -0.0954515191743858 -0.255638921147988
0.143117831899147 0.144238450333036 -0.143862934801803 -0.240727311426391
0.134617701087597 0.166932332524748 -0.120368989063571 -0.248988304092812
0.0203134733502644 0.232179725024407 -0.0140716535628647 -0.246171719857762
-0.134990168719151 0.200157099623963 0.0793272756273961 -0.144715172463944
-0.278005480282592 0.0794161947254092 0.00639104971370563 -0.0366910805739687
-0.198700112032279 -0.216424137355022 -0.0653214851948801 -0.124042603772814
0.0819390178793359 -0.302726793773888 0.0173857717742275 -0.326094768885931
0.212110167339674 -0.200986942119189 0.329101170738429 -0.391358249001385
0.225530087539921 -0.265659032517207 0.0626251065255825 -0.257075175666668
0.0679644101944837 -0.358691335918887 -0.0106665875293839 -0.135000574220416
-0.207920245732497 -0.233585814256221 0.0363032269762704 -0.0789984599011066
-0.329122084412583 0.0694442982674784 0.0271068768740484 -0.0522514916600348
-0.186555357667161 0.244899023606815 0.0584765785671189 -0.100171574644084
-0.0159473699758865 0.28970968185225 0.00769792891386256 -0.161430937403486
0.145355734748056 0.25380152746531 -0.0477697716395264 -0.17449657454174
0.188890512467914 0.22931366167821 -0.0769457305848115 -0.16861265831715
0.180185164340066 0.254182536495017 -0.0672915532277862 -0.164323491150385
0.0254019263547025 0.346698127423633 0.00101753115822274 -0.1639224871337
-0.195175475965197 0.302439802724135 0.0537314999164027 -0.0886295220581141
-0.402934426298334 0.146839790005115 -0.0248902487398594 -0.0177784533058963
-0.336131688787158 -0.278861724524588 -0.0990038606466698 -0.11321986777139
0.0407770501761813 -0.464742355392476 -0.0159485229143252 -0.263726163255365
0.265331614737937 -0.369999304562764 0.234864155323683 -0.284500087918441
0.260382063621778 -0.354368005531158 -0.0350963599741345 -0.15451210147037
0.048049261626277 -0.466851216686208 -0.0152804386372185 -0.0478191057966666
-0.284088797326189 -0.289237821953779 0.0465987431381002 -0.0807978199578087
-0.413404920443557 0.0892435523136956 7.17719353056265E-06 -0.0657345119858786
-0.238551619967649 0.302781587405246 0.0104196089198101 -0.058027905738186
-0.0324237805091311 0.361474782088345 0.000900545394676516 -0.0583430949254814
0.158279162397022 0.319193693216806 0.00374665714832096 -0.0625808412758522
0.206374613585196 0.279801982707713 0.0013888550465861 -0.0726578330556032
0.197746812946692 0.299692561739977 -0.00014089602956242 -0.0580316509013211
0.0261652864011298 0.404726959680391 0.0267310921533441 -0.0563562514732657
-0.222244436687585 0.359495621501615 0.0300519571933936 -0.00808534694575718
-0.460425966171466 0.194371985626596 -0.0514020249383865 0.0181991796582763
-0.417614187485111 -0.286215321799228 -0.123192354276249 -0.0793056079532337
-0.00880296867423881 -0.54115326177124 -0.0409109040429746 -0.16447190217469
0.270608277838953 -0.470415596824861 0.128116020327151 -0.136165120027987
0.256452087504499 -0.398961477404944 -0.153939193949004 -0.0157862691260029
0.0139697567973925 -0.513873757996458 -0.0254013905721956 0.0777788815225598
-0.329541738247423 -0.302277595194389 0.0555555004361364 -0.0585610217887313
-0.439000053221883 0.103041731904308 -0.0306118208880295 -0.0675258523037331
-0.251906128432192 0.31992436665159 -0.0462625905771086 0.000106163238786215
-0.039660475878093 0.378376678914244 -0.0104874473752304 0.063525670627847
0.151726079058875 0.337378482023325 0.0544580257147635 0.0646305457617648
0.193909378819664 0.287589280053885 0.0787557023959468 0.0357848611144826
0.180489473109515 0.299345630539951 0.068211452782059 0.053702240019497
0.0161375996006448 0.395836217604864 0.054695569207254 0.0592316671378722
-0.216097714831114 0.348157838837724 0.00873971497279134 0.0798426201994926
-0.431841828818945 0.196044900863268 -0.0709728412092867 0.0569894303901904
-0.406763131158806 -0.250365907420879 -0.131801414884371 -0.0368770284926619
-0.0386764949151198 -0.514982449984334 -0.0504306787614315 -0.0539805568060774
0.234811768090243 -0.484525744984227 0.0277470214255349 0.0253887947937703
0.205334682087072 -0.383467382316001 -0.272262187737492 0.141014950776908
-0.0244959558756917 -0.468568204180892 -0.0373654376776445 0.215465819090385
-0.313960136081264 -0.254993064178376 0.0572272097463418 -0.0168996390756572
-0.374637772551397 0.100963999786105 -0.0573720672242084 -0.0525570199945791
-0.212775896533555 0.277411938493388 -0.0976870136634526 0.063299780367498
-0.0349324385286559 0.329836523315658 -0.019271405308881 0.181449924943843
0.123561417504863 0.298164354274452 0.0979156855681737 0.185121143867894
0.151264234413842 0.251478362572149 0.145394354680061 0.13903247035347
0.134139693641503 0.255312609915762 0.125120094357839 0.154530677959857
-0.00204348893012421 0.323217698184099 0.0743566941848232 0.160443665012462
-0.183367778884069 0.269853590518778 -0.0121243855501788 0.151767764917775
-0.329315900245077 0.144013628496985 -0.0834450070540358 0.0832782535818857
-0.309117706483808 -0.184306576719201 -0.125640583291086 -0.00138546992168688
-0.0406965047513502 -0.399642470878683 -0.0472721087875871 0.0365205303485247
0.165867517260351 -0.417422577895873 -0.0532567502878391 0.16820737321793
0.118507923258418 -0.300275421825373 -0.364920062255527 0.287609856335081
-0.0539366187863715 -0.329657352103214 -0.044190766726692 0.332154737391825
-0.230911526927855 -0.150522429352845 0.055793584963842 0.0337914232681006
-0.232817545113454 0.0757203046758684 -0.0670106912689605 -0.0289802499478101
-0.136431219434258 0.178087572446344 -0.129109718880056 0.112762130182433
-0.0269521686856401 0.220481773566126 -0.0225124795957589 0.269136115741371
0.074267864577305 0.210548007382096 0.130069521399521 0.276726316670976
0.0853829528605346 0.17654266408018 0.190494587160259 0.221549875389857
0.0665379473533158 0.176548239942507 0.160167829263896 0.231479879976709
-0.0226555899584604 0.207446717341261 0.0758722649800943 0.232576660049998
-0.127382836987404 0.153327177660859 -0.03770211866663 0.191489155402627
-0.185988825397103 0.0670283568028278 -0.0889003304171662 0.0871818237652803
-0.172126118193913 -0.0975525418912269 -0.107655951505448 0.0176607821780259
-0.0352241643934204 -0.236581136103552 -0.0384855115501797 0.0914974395398794
0.0770580219673894 -0.293430935621914 -0.10529454849264 0.267743674887995
0.0100696544727432 -0.161157331586654 -0.412997527354031 0.396592010568504
-0.0686867451453467 -0.131820042697369 -0.0405213617575354 0.410065711146936
-0.104736816415201 -0.0223919781315697 0.0606979946113682 0.0824769750853504
-0.0531390797404536 0.0349817156085572 -0.0526973977236428 -0.00750571065876445
-0.0417209128125454 0.049157927208484 -0.135854896046744 0.134778867530591
-0.0189085746341062 0.0752323564994511 -0.0205956726078823 0.308677641780324
0.00902329787333985 0.087837731807005 0.143231353723543 0.323106324155505
0.00519845190766813 0.075179040672678 0.208529264026916 0.269303099673217
-0.00559797888625673 0.0741302321797127 0.168326634990138 0.274180231265877
-0.0334965868787694 0.0720355099130931 0.061127713687218 0.269740587400907
-0.0538855226232822 0.034400279614249 -0.0629076738585194 0.199702224524486
-0.0374620956291705 0.00299250087665882 -0.0872274789226114 0.0757173944523308
-0.0442599284360637 -0.00332677727244249 -0.083010391256711 0.0268333696122938
-0.041454664754647 -0.0661522912813809 -0.0304276441451726 0.11551971837473
-0.0196563162089069 -0.143032895674938 -0.129685572029307 0.314072867885323
0.0854220185845768 -0.0241730798139003 0.135242062546967 -0.327799335763621
0.0520421126255868 -0.0954713376356931 -0.028460028816858 -0.182486159465637
-0.0606839327777049 -0.0759574225436002 0.0336335787200397 -0.0386251432247504
-0.100856921780128 0.0387198547588809 0.0716021381752946 -0.0410164194559286
-0.0276473218443725 0.0762118974288107 0.0849273561290775 -0.156769169047432
0.0226578245324215 0.0610577116277239 -0.0247197789232574 -0.268918081590412
0.061854006697442 0.0315866977250741 -0.141018522747663 -0.279496196095301
0.0752452007168011 0.0311713297443554 -0.192327751848482 -0.25779125723357
0.0713934749374491 0.0441100736697508 -0.155871707927055 -0.279914266866758
0.0232984259250478 0.0787497348564711 -0.0288984092136785 -0.280045334852774
-0.0422675532305728 0.0772839271827079 0.0941613348312769 -0.170600582937897
-0.108997628421252 0.0254141274422572 0.0371310026751885 -0.0353534067359983
-0.0528299985325641 -0.10500714975966 -0.0324447121941492 -0.101457175928474
0.087084515833435 -0.0953503327348557 0.0281417564763834 -0.331349446703837
0.112027644890298 -0.00693401252641529 0.361010557642022 -0.427573688903017
0.155311769247206 -0.149787732043553 0.110766739531619 -0.308292068203488
0.0565656723715571 -0.226638194161144 -0.0209020740522568 -0.172756705780712
-0.133872510917051 -0.148373316780783 0.0258707794029507 -0.061958403601095
-0.21075084210109 0.0625004014150824 0.0460381474067484 -0.0385390551383075
-0.100409793409401 0.16600764764046 0.0780230598678955 -0.128909129594468
0.0128866975907202 0.178877247860214 -0.00623462580395233 -0.226081138586804
0.115720912703565 0.142572224323046 -0.102559392778542 -0.240878263258306
0.144030280437401 0.131754533744615 -0.147845789972348 -0.225161499573933
0.137001043254182 0.153809269680634 -0.124569276775135 -0.23497125311269
0.0295571584253406 0.22331446888275 -0.0233520335762666 -0.238985772771654
-0.122733879434582 0.199411210653907 0.0740662935807613 -0.14493970455546
-0.26527338833006 0.087964644073653 0.00784699699732864 -0.0341862661535096
-0.200487288281166 -0.202465689330437 -0.0650386747370066 -0.113745634998289
0.069000151333064 -0.297239034166739 0.00255209121183075 -0.312135449398276
0.20019607172466 -0.201526846032508 0.3026286076593 -0.383078613098911
0.211863826280601 -0.260706381777913 0.0507838171640566 -0.248851980422482
0.052550234182955 -0.350502760371152 -0.0161979865225215 -0.131203083089058
-0.206606532899032 -0.217935380317699 0.0279604218977226 -0.0807525213230809
-0.312109678827945 0.0810604822741373 0.0199281219989669 -0.0497971557823123
-0.169109090448922 0.243759289982311 0.0490616978466614 -0.0972838980496693
-0.00244808653285096 0.28023322449017 0.000894855410657579 -0.153663368527887
0.152586821811883 0.237030721210592 -0.0523519494449048 -0.165420738247958
0.190964406888511 0.212227824589421 -0.0808866805516546 -0.159858225855621
0.184253579288526 0.236402705354023 -0.0696197832938017 -0.15632411936963
0.0385484676834013 0.333284530806562 -0.00563324607970047 -0.160910394394934
-0.177044408770456 0.300549252684717 0.0507779952661972 -0.0898935609050667
-0.381875051221178 0.156510607427738 -0.0216517726652387 -0.0156570801121385
-0.332936849071865 -0.257547886928497 -0.0973301938677169 -0.101408314789153
0.0252162303752271 -0.450840436046732 -0.0275005017714026 -0.250895578741956
0.247412863287933 -0.364453876693242 0.216502995781894 -0.281437127287246
0.24230662890732 -0.34721496550857 -0.0408792106540281 -0.146605987996598
0.0299239736151018 -0.452503326354351 -0.0176995769056882 -0.0472780013943621
-0.280011971652867 -0.269922717834107 0.0372569145435286 -0.0827038659827366
-0.392459045246332 0.102268157038717 -0.00732236517525545 -0.0618149564895964
-0.217074219680716 0.301988810366368 0.0035827521069817 -0.0546326524675653
-0.0153943105145615 0.349611658626601 -0.00211917919025111 -0.0533994211763982
0.167413913330249 0.299945670771055 0.00210240757575485 -0.0597605434512347
0.210393548802392 0.259912840149823 -0.00217921321689804 -0.0703422937791549
0.20241542161715 0.280820094402934 -0.00140178293897793 -0.0566671819494348
0.0419907349178729 0.389530566459424 0.0228192878584012 -0.0577837643426722
-0.200833696888201 0.35626218642315 0.0304321045852613 -0.0115284502650029
-0.433685774804343 0.204907515765326 -0.0465610689778123 0.0189182414929151
-0.412021144268955 -0.261394552207047 -0.119415248998536 -0.0674449174414258
-0.025886483269419 -0.523779747243855 -0.0472898270851537 -0.153758982126878
0.249034284725289 -0.461856916466816 0.119004303011304 -0.13571230250885
0.238097769549798 -0.389535488164765 -0.151834377628284 -0.00932519731020145
-0.00228430191858301 -0.496754356348641 -0.0239080196814797 0.0735262526332975
-0.323452438178964 -0.280316062748661 0.0471112293701606 -0.0620068315526777
-0.415365332091234 0.11552553406178 -0.0370413619865564 -0.0629801060244504
-0.229535108491152 0.318599392834462 -0.0504183775198411 0.00260575431438185
-0.0207348269410288 0.36651923341463 -0.00824334974021443 0.0646482908374398
0.161476562344259 0.317084237137437 0.05609930293347 0.0603679793232697
0.198313451821373 0.26919105081643 0.0764714630751026 0.030333525912037
0.184975331253394 0.281502711385409 0.069035678759774 0.0483282563063813
0.0318300927403284 0.381129953125177 0.0549078911194458 0.0518246184106198
-0.195385173209338 0.345377348294381 0.0133139013057433 0.0741138307880249
-0.406926249386765 0.205518155430807 -0.0646804015366915 0.0567455056291242
-0.398988101006536 -0.226679690566451 -0.125903651647678 -0.0254843883635386
-0.0526403024686492 -0.496890713338129 -0.0519144069099274 -0.0469397112535718
0.211642827600244 -0.473196212253908 0.0287078036127403 0.022618463430747
0.188628571975746 -0.371551229289859 -0.260612541235447 0.144898347818722
-0.0380931956661686 -0.450723684521058 -0.0292364409416979 0.206813839030205
-0.307297147032388 -0.234187554948339 0.0514447631043557 -0.0211556221811141
-0.356221485378652 0.109981629991947 -0.0618822416039968 -0.0487866709295703
-0.194031383187387 0.274738431942186 -0.0978059158712409 0.0650214930818697
-0.0198050625114393 0.318775959298301 -0.0119617790479752 0.178651387395921
0.132450467909058 0.28145540808151 0.10347862159721 0.175227009917159
0.156057869061108 0.235942802424862 0.144361345194565 0.126884688583825
0.137828749562628 0.241251951372198 0.128360042765895 0.143141886787753
0.0103132283939562 0.312258808035024 0.0780070088144505 0.149424198246536
-0.16662443526097 0.268148479302253 -0.00452717613505258 0.144206567118456
-0.30983577629101 0.150166360945117 -0.0753621997695764 0.0819033052216775
-0.30291761707503 -0.165567414275421 -0.119265336840987 0.00789133760759671
-0.0512214728681273 -0.384872824948238 -0.0444755718027621 0.0401611364142956
0.147033481273459 -0.405008248662916 -0.0438196278087171 0.161775741727765
0.104555076748808 -0.288467678143123 -0.346726939774366 0.289603238491645
-0.0620534600100922 -0.315125421958781 -0.0314505498815233 0.320258992636735
-0.223462666575909 -0.136091425325821 0.0526469105366899 0.0282331596380901
-0.220233673046297 0.079562501508527 -0.0692207598435555 -0.0260144687942928
-0.124483408065208 0.176299269143909 -0.125935019096178 0.113896023160999
-0.0166593794069228 0.212874742368353 -0.0108461363433802 0.263161878046989
0.0805077919522858 0.198436534300667 0.137057491445414 0.262481898940483
0.0891038934029356 0.167042825888761 0.191376934941069 0.204203233684132
0.0696581252495619 0.168275492923342 0.163563843857837 0.21596790771437
-0.0144100452961769 0.200648283835553 0.0832299931177763 0.219875943906025
-0.11691790672876 0.152950657966895 -0.027596770259793 0.183788689249881
-0.174095255572579 0.0695343174152015 -0.0802498919178435 0.0856324799421084
-0.165765726939345 -0.0872687895465756 -0.101483129235468 0.0248844957327506
-0.0409511899733853 -0.225473669147854 -0.0328968568537342 0.0923821023356795
0.0657540438321245 -0.281578220968312 -0.090463875583552 0.258390122669516
0.00392826633425015 -0.152265690506747 -0.388261468850214 0.395610586404434
-0.0699318372243228 -0.122583918167769 -0.0247851172606988 0.394331457413942
-0.098539982459823 -0.0172618383595162 0.0599443248933509 0.0752339162461104
-0.0492715111925673 0.0330295297404619 -0.0536648324524396 -0.00741132598546563
-0.0386063472979045 0.0480465738185922 -0.13054319208828 0.135881246644383
-0.0152530050748211 0.0727220193913973 -0.00776661628263942 0.300589777088848
0.0120437149790253 0.0839100332926206 0.151799592809632 0.305628945635821
0.00781865336390474 0.0730405429218093 0.210897820088362 0.24937028484914
-0.00400304824257211 0.0728266209593582 0.172750845965333 0.256379602179963
-0.0310547515823202 0.0707838284683056 0.0699706010875021 0.255936252985338
-0.0509509971454482 0.033542352325231 -0.0520669768902025 0.193567673814635
-0.0345153126877544 0.00151207866645506 -0.0791653997705782 0.0736492355723061
-0.0390800080832082 -0.00104110126735913 -0.0775362047644428 0.0320150236658202
-0.0408791770956072 -0.0608076104158221 -0.0240255758427095 0.114897963001238
-0.0240353470854057 -0.134069967110965 -0.112297314438353 0.303337713221396
0.0832289879020071 -0.0266256200429929 0.126013561085317 -0.318707175634948
0.0461943013259786 -0.0956052308150629 -0.0318992146695385 -0.176949607496396
-0.0624854083892208 -0.0712721728753432 0.0285445766134233 -0.0402108640161822
-0.0954490757874381 0.0430608234137842 0.0644727541550204 -0.0392560157322618
-0.0239218641928096 0.0758213123987939 0.0785808806496424 -0.150629986286174
0.0244014151765623 0.059066373099334 -0.0306338256123173 -0.257350443444762
0.0619083802121874 0.029004531545897 -0.14300614652995 -0.266331578087545
0.0738117515449569 0.0267864312964441 -0.191551452671478 -0.24359970607354
0.0710614538382871 0.0395479562173743 -0.156138010871805 -0.267294399494374
0.0255333167912489 0.0760943276623659 -0.0347916167738931 -0.27268754640403
-0.0397543911221067 0.0778875155096912 0.0902838611303416 -0.169626573382441
-0.105519812997854 0.0283313819177683 0.0385608734625482 -0.0336886733625202
-0.0555802365910117 -0.101366628233458 -0.0312105136851802 -0.095379281036465
0.0825107088708034 -0.0964383754921164 0.0184889140139571 -0.318714339471259
0.10986580887002 -0.0101192327609744 0.341409227852398 -0.418801681677136
0.14965421523116 -0.1478427717247 0.101549589902307 -0.299353817217522
0.0483693882802116 -0.223025404297274 -0.025128178283401 -0.168222123046328
-0.132703536083961 -0.14020960446704 0.0195127096921422 -0.062571354292013
-0.200666399730631 0.0677121066862773 0.0397958821882947 -0.0359829892890988
-0.0917785099654563 0.164325604361322 0.0705426059757908 -0.124507285571249
0.0184355957343519 0.173505783344121 -0.01153365380515 -0.216731605949436
0.116898456188942 0.134081149846667 -0.105210484469626 -0.230189659219316
0.142402944557033 0.122452221183793 -0.147619350611264 -0.214295745685441
0.136901694728274 0.1444431259309 -0.125318028617877 -0.224787314631397
0.0357275318409872 0.216374227345444 -0.0289074901866422 -0.233194874624503
-0.114430257979618 0.1980632025823 0.070474378194946 -0.144434145154881
-0.254050677387472 0.0919975954439188 0.0101562800149307 -0.0322932972178152
-0.199622354537334 -0.193067200155995 -0.0629884954189878 -0.106433282769121
0.0612642040574131 -0.292334379451136 -0.00659662737025302 -0.299185430782888
0.192922245749623 -0.198979601449691 0.285865435618529 -0.37575701363857
0.203968524003422 -0.254966203481196 0.0441102942081634 -0.240370821025519
0.0425784848285953 -0.342919120866813 -0.0198978791215957 -0.128072554177874
-0.203420328363997 -0.206677755485785 0.0211379584803874 -0.0814004471759145
-0.29799603594688 0.0871782393486113 0.0141071997664856 -0.0457287525133477
-0.155784321175554 0.241181441519903 0.0424652227873516 -0.0932994745609285
0.006583431081167 0.272648513849518 -0.00311893910408862 -0.146209591945769
0.154808551094533 0.224666055634325 -0.0542577733064292 -0.158549027150348
0.190397235490111 0.199097914255625 -0.0819779519537258 -0.152703698579193
0.184557317580009 0.222909199180394 -0.0702362748193475 -0.150777411722489
0.0465314241539114 0.322246872286357 -0.0104606832317737 -0.1583525046902
-0.164612008189359 0.297630995606575 0.04918257111849 -0.0915253535863134
-0.365112747432846 0.159705144638631 -0.0186074829710189 -0.0138066062437964
-0.328594439253242 -0.243783903053662 -0.0938642458838984 -0.0925586999438005
0.0162840641800708 -0.441559046162265 -0.0341309954344828 -0.23907505333097
0.235945182598387 -0.357677707382455 0.204523033503355 -0.27515913986221
0.233668244725145 -0.337467026722751 -0.044525346590771 -0.140171790411901
0.0208400937199006 -0.440473730561908 -0.0201122341163933 -0.0465088870819535
-0.273584368135944 -0.25594687564126 0.0300856948603459 -0.0832503979451133
-0.375076835375703 0.10839215051268 -0.0127973905547441 -0.0574344587300949
-0.203061936449588 0.298882095447328 -0.00304679755682222 -0.051328574052909
-0.00450223000871579 0.339939758168273 -0.00334170716428917 -0.0487596992831233
0.171038046152542 0.28470387510864 0.00184827281076559 -0.057657726162924
0.209851211564752 0.245180185580584 -0.00418157073834465 -0.0685644974499649
0.202649175854442 0.265941002083381 -0.00111985003748324 -0.0561384913920819
0.0515086987067523 0.377363115242555 0.0194352628847112 -0.0590997326150655
-0.186518506190537 0.353213468643406 0.0302625123142069 -0.0147328290124627
-0.414506835862534 0.208125997900988 -0.0421354077145413 0.0185782054736676
-0.404822029688396 -0.246325105860908 -0.113975906944777 -0.0581891925921327
-0.034351762176687 -0.510852246646576 -0.050665635811806 -0.144190091939347
0.234928077144926 -0.450451530465644 0.114287430731936 -0.134296568857606
0.226441403036932 -0.378735398756252 -0.150157728377378 -0.00524751456351213
-0.0114467748196931 -0.482505042323031 -0.0232528889206489 0.0706166624386464
-0.315005065492846 -0.267783245983118 0.0397875602843587 -0.0631992092314413
-0.398275422033829 0.119935938110037 -0.0420058912487937 -0.0589674136131541
-0.21326501317945 0.31354161766244 -0.0547228590665042 0.00459569293947466
-0.00992836811916373 0.356004174986747 -0.00644841146600743 0.0659446307486875
0.165270048578336 0.301766366722118 0.0574089469134666 0.0576901766394286
0.198124045213955 0.254500816244374 0.0738486419446569 0.0267690676378713
0.186554454579007 0.267925118722693 0.0693111914654759 0.0442866431269997
0.0405673212963179 0.369753393836839 0.0531713124411199 0.0468466406530161
-0.181956780968443 0.342373066827073 0.01588241745905 0.0684014934218145
-0.387614201783094 0.206608508623744 -0.0593920208583291 0.055271337858228
-0.391084887482409 -0.212250971492914 -0.120082744105199 -0.0175378239536359
-0.0590282414602403 -0.483995957020532 -0.052027250765288 -0.0409282732793194
0.198747441953854 -0.460169615782038 0.0291145280557904 0.0197728635433108
0.179923923367604 -0.360778732123087 -0.254292167377341 0.145422526248934
-0.0439357805008028 -0.436007556694811 -0.0261940139785784 0.199322001027412
-0.296707349419019 -0.221867998938123 0.0460958199322797 -0.0243568087083256
-0.340336053325058 0.112002364007487 -0.0648809999708224 -0.0457414177988577
-0.181509604926545 0.270064309609693 -0.0995318188038397 0.0658374063433064
-0.010546514525785 0.308995005811397 -0.00724690074700374 0.176301095037417
0.135649916891705 0.267959153388659 0.106507886258863 0.16737748155868
0.156835125005209 0.224439935041358 0.141682750004069 0.118097422207814
0.139450202811375 0.230875488179316 0.128003806015177 0.134196200291562
0.0173745481162208 0.302625735825134 0.0784784098427778 0.140866765710022
-0.155162029438797 0.26442931838746 5.2295967102955E-05 0.137968976017827
-0.294516807644346 0.151248175739647 -0.0695692846441078 0.0791351416282145
-0.29460809184499 -0.153945211722801 -0.113138404885403 0.0146041425124508
-0.056527540697789 -0.37300510229405 -0.0420578429165524 0.0429063228744604
0.138111938421823 -0.392589781852318 -0.0385018217014654 0.155151846851254
0.0983001413401865 -0.278349345554317 -0.332952057919308 0.287120895668152
-0.0644421733843421 -0.3034926818306 -0.0256386982105094 0.309529704288414
-0.214320666514971 -0.128455427441945 0.0489234744202913 0.0239448673006894
-0.210105912722513 0.0797023673616636 -0.0711783860485558 -0.0244717809471612
-0.116712960112301 0.17273837340382 -0.1250139932236 0.11394665769569
-0.00989332709505157 0.206178320070121 -0.00446084527251443 0.258269249366042
0.0834635476024364 0.188892415585964 0.14091643922035 0.250802879489344
0.0906382818710808 0.159769256993285 0.189457286293597 0.191845742025892
0.0718058186555153 0.16239837347404 0.164242695906025 0.203869229174088
-0.00992796516809587 0.195461857681867 0.0856810558959412 0.208605363515994
-0.110102252188851 0.149810850219163 -0.0208549129457858 0.176763304159441
-0.165487719996336 0.0692058468184582 -0.0749232978281958 0.082220909476667
-0.159144332649929 -0.0811639530425517 -0.0959915161428841 0.0300886221678954
-0.0425881925031964 -0.217765369480506 -0.0290299221681749 0.0924239034343231
0.0595042773818234 -0.270761146004198 -0.0815765151191565 0.248694821868029
0.000965217739021843 -0.14498630657131 -0.37106091216512 0.389426466762324
-0.0688469485945117 -0.115730457223311 -0.0162197128085003 0.380292668296634
-0.0924933781125956 -0.0140800305325746 0.0587230136831102 0.0693244606111628
-0.0467814291288525 0.0304160852641419 -0.055260953220765 -0.00715223061558619
-0.0367602357166816 0.0467583774844579 -0.12769275337735 0.135056883815065
-0.0127884252802785 0.0702163295054775 2.09258279722327E-05 0.293415552371224
0.0133248342897579 0.0803710753107253 0.1556418181845 0.292046548244371
0.00920171136122668 0.0718157261934575 0.20901658778674 0.235041384929592
-0.00305143722386777 0.0723958497498083 0.173688506142971 0.242885496637536
-0.029410327188023 0.069800679248664 0.0746005801382654 0.244569226053452
-0.0493051997681022 0.0320191329248896 -0.0443731933070422 0.187315282800171
-0.0324396491674024 -0.000568375102835388 -0.0737003671169156 0.0711126749789972
-0.0340472896076017 -0.000157064311205372 -0.0725958803403527 0.0351046244574271
-0.0389424955074297 -0.0564508191924807 -0.0189885997959969 0.113230058090213
-0.0258380323688391 -0.126232643219795 -0.102025460501393 0.292880016675608
0.0807884105636548 -0.0287947543074509 0.119280528466743 -0.312380353823295
0.040559735022727 -0.0957053920386703 -0.035268609199531 -0.172905144486254
-0.0642723684457698 -0.0669124930563783 0.0239222153184401 -0.0413558745584101
-0.0912829224265336 0.0470510245131815 0.0591889733979237 -0.0368678355946619
-0.0203587799215153 0.0752286462695554 0.0739570332426798 -0.145346474525844
0.025980673608694 0.0578560214855533 -0.0349392290323944 -0.249965578888201
0.06190141187586 0.0261587761459668 -0.145423565587484 -0.256063401117343
0.0732076317473843 0.0237498114473257 -0.190172010809708 -0.234475339890575
0.0704973394954921 0.0357926261615478 -0.15813762189529 -0.258756859076714
0.0279344349580485 0.0743290653956876 -0.0405962675343624 -0.267839604984733
-0.0374857036794802 0.0780201086995511 0.0875849506473213 -0.17048532506195
-0.103429097776434 0.0308631421249309 0.041011645434393 -0.0323298005794088
-0.0581839544081 -0.0986900869753468 -0.0298343411597228 -0.0915477623881934
0.078631267036774 -0.0983606045307022 0.011818291850416 -0.307053962106224
0.107530847004905 -0.0133789754418542 0.327704298297169 -0.4102103750108
0.145718630560543 -0.147342695320151 0.0946996243896552 -0.292086970448609
0.041684753063516 -0.219925021779725 -0.029017648560587 -0.164329576921416
-0.132976138156666 -0.134628575392869 0.0147234860927076 -0.063546870577449
-0.192555584818485 0.0727297091140544 0.0350035279158539 -0.0327345562264682
-0.0844847071829053 0.163216787767724 0.0653518544585491 -0.119940259586761
0.0226463764123733 0.169786130157303 -0.0151582835319101 -0.209285609604769
0.118276917865282 0.127582839524131 -0.106383453251207 -0.221842359378093
0.142386669451817 0.115485830640541 -0.148044379894336 -0.206922420587248
0.137087921413025 0.137077047568981 -0.125319979336091 -0.218882289113679
0.0401217472701093 0.211379319537088 -0.0338497576966329 -0.229942267406629
-0.108558711514937 0.197608670889784 0.0682418215642979 -0.145812793918816
-0.246295879807632 0.0957028918925183 0.0122675295374712 -0.0308744158006717
-0.199644473219054 -0.186188079232224 -0.060679744006345 -0.100267702048195
0.0560413492654866 -0.289579454265956 -0.0124903392140383 -0.288860496240672
0.18751153778499 -0.198347560604678 0.274010722121998 -0.368787505742541
0.1993901598338 -0.251782722036833 0.0382716261886983 -0.233877067863521
0.0353205067516094 -0.337572513672303 -0.0233833164033602 -0.125164809693212
-0.20090329045078 -0.199153124208302 0.0151859036654944 -0.0821628002487655
-0.287137008702711 0.0916355414858819 0.00931841127592809 -0.0418934719505084
-0.145769060700464 0.239594354583826 0.0368938310943418 -0.0893222428349949
0.0127765628043001 0.26644640700305 -0.00529355680230977 -0.140329572129902
0.156896442225294 0.215211365748157 -0.0553260837977564 -0.153358352534144
0.190002224627487 0.189787258983366 -0.082927848221237 -0.147913261405294
0.184563955472695 0.213319288980828 -0.070476716827104 -0.146708731032576
0.05311997072936 0.315509401423036 -0.0150254977460948 -0.156787111923012
-0.15584339916006 0.295989718128111 0.0477638286193013 -0.0931253667549946
-0.35423853656532 0.164680949485494 -0.0157041865757069 -0.0137180044668663
-0.325297401091066 -0.233362467256012 -0.0903643740501197 -0.0857793713288375
0.00995938280135277 -0.435070778448562 -0.0384191678096726 -0.228457753233864
0.227623255006855 -0.3518141002778 0.19517217210492 -0.271377740176802
0.227412685351578 -0.331218628729022 -0.0476457114707632 -0.134342381008237
0.0148165696611037 -0.43194726031196 -0.0226365284402968 -0.0458093364884254
-0.268538443334939 -0.247628248648062 0.0235139746683736 -0.0846426692744212
-0.362112835351418 0.111523385011968 -0.0177748487568499 -0.0534839893642597
-0.189955832040868 0.296149549152815 -0.00806278181367966 -0.0478056558010211
0.0038420548516395 0.333257176938228 -0.00388333422597646 -0.0445975416955427
0.173788877447813 0.273770026325247 0.00194576765800384 -0.0562979306765943
0.210072798984111 0.234726334879785 -0.00603434793079031 -0.0676428183712513
0.203259781215977 0.254800630308636 -0.00102041073106224 -0.0559586688437749
0.0584336291131073 0.369731841734572 0.0163724958110175 -0.0605709425843588
-0.175440376400299 0.351810129176892 0.0308685726867562 -0.0192285207329865
-0.400170325853301 0.211918725339219 -0.0389922374197653 0.0181157084807949
-0.398158357647481 -0.235332334738435 -0.109654002805819 -0.0522077435485639
-0.0404163366276564 -0.502567700741511 -0.0527779519037713 -0.136451958631014
0.226238477445172 -0.44245407915247 0.109540140646493 -0.13321346562705
0.220272473756618 -0.370347946350151 -0.149670782247957 -0.00122060352063186
-0.0168369851236556 -0.47225944385272 -0.0238052071665643 0.0682678989666943
-0.309096385869581 -0.258119444562591 0.0338426073021186 -0.0640018903865959
-0.384893455156653 0.12467189486978 -0.045869199586911 -0.0544883438671942
-0.202429796805812 0.310944155054195 -0.0592446529877483 0.00761493287663908
-0.00105825903049124 0.348750575053647 -0.00465057287902542 0.0675182736282953
0.168395415771027 0.290047111345253 0.0588535972186802 0.0549417242620086
0.19942480748158 0.24434465240009 0.0716567349795015 0.0241937069567755
0.188059899840445 0.25709812264305 0.0696929193892836 0.0402144529998846
0.0472167148298588 0.362133840438589 0.0514477090702944 0.0428389780906791
-0.171033864185676 0.338289268942752 0.0176564007282207 0.0641990996800075
-0.373517670300699 0.208733218223699 -0.0555156072403241 0.0531987366084576
-0.384825515378105 -0.200813042841673 -0.114931704891544 -0.0115152461113009
-0.0650956335423835 -0.473816356436416 -0.0516571171789295 -0.036228184747053
0.19097492555016 -0.451322364011418 0.0293655805499639 0.0171340741004342
0.173455114265107 -0.350696604207036 -0.249996181823717 0.147226250116469
-0.0479839518841849 -0.42610448709642 -0.024004077960951 0.194380359323235
-0.289738555781407 -0.214201867721117 0.0406168282817549 -0.0261254729492763
-0.328813576064603 0.113211248133078 -0.0686430406651192 -0.0427110498670418
-0.172163312333982 0.267237718579355 -0.102436272673513 0.0682543017032493
-0.00259213881479213 0.301670821624466 -0.00273968821888531 0.175979816593565
0.138366456114013 0.258104882602959 0.108854745489146 0.16100215657575
0.158488591742948 0.21584052639707 0.139381035056595 0.111904624136093
0.14117590557529 0.223546404013814 0.12799260665324 0.127717238193715
0.0232162530598043 0.296849734948636 0.079332855331876 0.134326035833465
-0.145938292317635 0.262719645454379 0.0028035491735079 0.13219600280703
-0.282700168036316 0.151958551998601 -0.0656453782849944 0.0763267040112832
-0.28817083706201 -0.14581104051964 -0.107649714376516 0.0200075827129239
-0.0601591147139389 -0.364784713071331 -0.039817854445536 0.0449993793883995
0.129925585690199 -0.382274264716661 -0.0340775116726911 0.149125422429541
0.0938732883517508 -0.269705870916341 -0.324969829486728 0.284637958635122
-0.0662430778271289 -0.294513244598761 -0.0199211620361798 0.301579046005338
-0.207906699301296 -0.12363889485493 0.0460172812974065 0.0208902104059978
-0.203478855353832 0.0788800528191761 -0.0736910132733077 -0.0232331413906634
-0.110742593904985 0.170484228860684 -0.125532648116627 0.115083572216168
-0.0048056773070157 0.20073358679678 0.00139237433536082 0.255183816668866
0.0848522624922621 0.18184307328732 0.145226693192354 0.241975311912262
0.0917087033438733 0.154835797941144 0.187269114474408 0.182626587936994
0.0728790941875668 0.158762549580474 0.165257753342734 0.194451209435863
-0.00621479997132437 0.192302335649723 0.0879274836743931 0.200650832253119
-0.104949009384466 0.14765765030328 -0.0167384256665444 0.171489381412307
-0.159268892064168 0.0685734447897535 -0.070499046530396 0.0796332637447424
-0.153871318339611 -0.0764553797031374 -0.0913043671796567 0.0344825044366789
-0.0431042943024022 -0.211756808022741 -0.0258115815501892 0.0924132291206215
0.0545070159749386 -0.262112703858827 -0.0758447456257398 0.240908700358503
-0.00108412271327039 -0.138673848239677 -0.36019299419299 0.385088687452796
-0.0672575181432972 -0.111008382111586 -0.00982158009794355 0.37013183881169
-0.0876844651868463 -0.013180707987543 0.0565100551103584 0.065515401795863
-0.0454569463481331 0.0284388846314826 -0.0573883505267138 -0.00768132296911044
-0.0355381896428244 0.0457494720189209 -0.126714001301494 0.135094329690583
-0.0108468446912238 0.0679153557157727 0.00566375397432325 0.289171874627859
0.0145645019263208 0.0777612847180409 0.15958777966354 0.282665773052194
0.0104008776903298 0.070879229357342 0.207693768124746 0.224826470571584
-0.00162782755696661 0.0724079920132037 0.174390244978626 0.23214025490928
-0.028432295018411 0.0694022892608276 0.0786379725730883 0.236356054031268
-0.0478115369213555 0.0310595731540789 -0.0392024093837979 0.182553908779253
-0.0306663952135141 -0.00268358236180465 -0.0693212167824914 0.0686946142475524
-0.0300303042215876 0.000117591635113923 -0.0684775413050135 0.0373148689170989
-0.0372191501949217 -0.0535131548853603 -0.0155776621191117 0.11193586299531
-0.0262240721600451 -0.120405008309691 -0.0946812088531687 0.283668342134506
0.0841807911864242 -0.00817660474426244 0.175430340870178 -0.278136337014458
0.0549453614498913 -0.0824103774114195 -0.000310640752018501 -0.171847606564817
-0.0497600212665266 -0.0725620052243141 0.0302048024353223 -0.038800364923174
-0.0926269213953782 0.0308640080157805 0.0593116313070031 -0.0234440651476922
-0.0318296651291888 0.0707258646438006 0.0980561175540043 -0.125245124458269
0.0149883718229841 0.0625392259968044 0.0121341727288201 -0.246338717990487
0.0535231632908671 0.036628034870124 -0.0902615670148779 -0.27643213501129
0.0666185667203873 0.0366556303266576 -0.134953115887988 -0.260622050767318
0.0607868082245776 0.04848939194902 -0.0993980967784475 -0.27946238550098
0.011909996283733 0.0775166619538864 0.0156988114733096 -0.263972788500593
-0.0518794162511589 0.0689276883102011 0.118113032940973 -0.145688870126984
-0.10444630381596 0.00824275565839058 0.0468322267705071 -0.0205406521056653
-0.0365643524835369 -0.109356522825848 -0.00988514308977513 -0.0955675150889639
0.0933787874682963 -0.081126705362688 0.0740057332118785 -0.295315734025143
0.106578049810934 0.00925385442486989 0.414021163811306 -0.331138517114101
0.170204234059534 -0.106167500653401 0.149087560989859 -0.263299015123204
0.0783837527383815 -0.199691571423201 0.0091379907490211 -0.160984177856646
-0.100256095035361 -0.150015808997873 0.0268791536413607 -0.0635683905035091
-0.190385135250289 0.0352178267376234 0.0352286490697024 -0.0261153257801606
-0.108953820240414 0.141345364545062 0.085262218767718 -0.103896378948366
-0.00904457728113902 0.167878992815529 0.0223275597791933 -0.204868681722438
0.0888705259949881 0.14331633258081 -0.0589903979776688 -0.234133021588846
0.115482546562251 0.138665344043229 -0.0999156479068526 -0.226564384550027
0.104019036404396 0.158420516146992 -0.0766025009318639 -0.233544824622532
-0.00322036041144203 0.210150411142746 0.0123644929461484 -0.224325486810342
-0.144358630645191 0.167962413304682 0.0922987883716236 -0.122337005410988
-0.252279226561288 0.038158712688202 0.0138123609939956 -0.0225158314176617
-0.151970176464516 -0.224485345517039 -0.0436052603662063 -0.112430874924199
0.112906283659384 -0.269850820420628 0.0483431287584931 -0.284510562630811
0.22270559903594 -0.150538665557395 0.351351703969833 -0.30403768149319
0.241606365003907 -0.194023332038716 0.0835215755332317 -0.217589379922496
0.0940246092101737 -0.311458980068715 0.0108259240432777 -0.121247869533789
-0.150763752338058 -0.225077781713901 0.0331118067017318 -0.0826262830865401
-0.281767090952101 0.034671711570045 0.0117249984213311 -0.0418790297674166
-0.182083131665052 0.200834705624298 0.0519007691455436 -0.0812173391930431
-0.0368095214133421 0.257646903451062 0.0171531029691968 -0.13757858567984
0.10956629869196 0.233024590906171 -0.023379812559882 -0.156961661936241
0.14794560943958 0.219687147425284 -0.0496843546201985 -0.159102839268757
0.134167421823176 0.240293173960318 -0.0381382904151921 -0.153710108866307
-0.0110866643112841 0.312170327544511 0.0149258467696402 -0.149645392005709
-0.21063308064542 0.252628659149411 0.0599542719842372 -0.0736641055472333
-0.367663558105104 0.0809038580885363 -0.0199856619302253 -0.0104103621847385
-0.261576397565678 -0.298140958841757 -0.0789521474608497 -0.105043203709856
0.100127705980164 -0.418663424228458 0.0125165859345902 -0.233197863548413
0.296473218994724 -0.287627424311088 0.253905842788946 -0.226943228041039
0.284739460330509 -0.263553515530548 -0.0176136457674541 -0.139251110942415
0.0918087747015693 -0.405509674271225 0.000595010140938804 -0.0446745717171541
-0.204081950173057 -0.28451593569043 0.0432845032032369 -0.0848339904118846
-0.355490398140112 0.0389211253156156 -0.0123303679850368 -0.0597614312198149
-0.23495928815119 0.244670591897518 0.00048253297857722 -0.0507987114909518
-0.0588907469574356 0.317422296205198 0.000347040301496478 -0.0459450125821729
0.116072425423999 0.291760033552937 0.0126585668380925 -0.0513360490705
0.15840847311352 0.267584301112133 0.00736667945483336 -0.0667158194662357
0.143307969686122 0.283774276229116 0.00995935075410416 -0.0531080268980743
-0.0170325418550621 0.364160255234735 0.0245996211014052 -0.0509480717405868
-0.240311418486099 0.300760780589065 0.0279904441408965 -0.00359912175692356
-0.42157012641666 0.115200232715339 -0.0508788224273395 0.0164409269600758
-0.331296725968107 -0.316335090316899 -0.10659872036267 -0.0750228991449183
0.0689690671928272 -0.491904433784224 -0.0188878643317849 -0.14738823109044
0.314869363823333 -0.373902758766735 0.13752992159739 -0.111519228433234
0.2861156009293 -0.302644785261671 -0.142204940596347 -0.031277408859453
0.0680909485130144 -0.449049780595438 -0.0198884008382643 0.0648024855537133
-0.23978499139646 -0.302796549420368 0.0503962990822893 -0.0654854283094673
-0.377459995013026 0.0433299233508997 -0.0398401910678879 -0.0677330978866386
-0.24780242745925 0.255063070645561 -0.0598132629228602 -0.00741508135512396
-0.0662452347595397 0.330595990795786 -0.0226142480888982 0.0621772761165814
0.108022942979016 0.306301236382666 0.0455642348306815 0.0676972678173765
0.146097962788988 0.274689779850597 0.0629963725026192 0.0355718845844721
0.127404836233745 0.283755626472532 0.0589792407107958 0.052703133722268
-0.024789011588064 0.354899462836626 0.0374637663297832 0.0550686814077333
-0.234208353000663 0.2902954701074 -0.00108942846515047 0.0725423441570595
-0.394801751837648 0.118263391695365 -0.0736066955854016 0.04628220663587
-0.325637619800907 -0.279751450866528 -0.118460598558155 -0.0353452564282024
0.0389922884853735 -0.4686568818156 -0.0378923463570494 -0.0484871574377466
0.281648031477478 -0.389432146787277 0.0250973028720941 0.0190898266444267
0.236615096143853 -0.296950529025791 -0.267534966651449 0.0932520269787532
0.0301034688298313 -0.4120639653095 -0.0437535153121575 0.184279590681077
-0.230404408153837 -0.257710048430803 0.0486747685708532 -0.0274913037469392
-0.324090642132916 0.0421152861390367 -0.0636792029527711 -0.060325576662059
-0.212073349612891 0.217808661078775 -0.113182711503712 0.042885793784018
-0.0590771964382224 0.284739560455024 -0.040577484823369 0.167724146926124
0.0856677540642198 0.269823669394489 0.0735135380917135 0.1807178319157
0.111242290057858 0.239073571774799 0.110179596532942 0.133059198785023
0.089402706151316 0.241569293551667 0.0981800767006857 0.14778038672468
-0.0360088512249178 0.287757026244861 0.0458284717425673 0.146789964814472
-0.193675478649135 0.221900039763074 -0.0269323015009853 0.132671897164094
-0.296383571808871 0.0825060615030448 -0.0856682455223749 0.063961774415301
-0.243164747781822 -0.203587707251846 -0.115051675505768 -0.0023450811763573
0.0207965422946454 -0.363051836945377 -0.0436285614043069 0.0336501867267019
0.208494837253182 -0.337742349388819 -0.0668988880299057 0.13607627194226
0.14332297456829 -0.237831558138777 -0.367242142752437 0.212933760764961
-0.0109094164151755 -0.292255791267358 -0.0648345619496417 0.285642826787677
-0.170534919091752 -0.155939441794666 0.0425401349236009 0.0207225867663981
-0.201966625606323 0.0337885008589699 -0.071168287800405 -0.040896771621028
-0.136120965806213 0.137313757404296 -0.144736004452679 0.0853664628311096
-0.0425643950378979 0.18759545064446 -0.0501414481983785 0.246175224479261
0.0483430168924192 0.187705085547498 0.0925952599252056 0.265592432820957
0.0588281121467702 0.16797462399621 0.14209506795802 0.210139908946853
0.0374906246561804 0.166363958345182 0.11951011495075 0.218080832117425
-0.0436738137912942 0.182088181794056 0.042166109804808 0.21015610250061
-0.130530624746676 0.119973852217979 -0.0526311249248182 0.163300824608542
-0.162204988858153 0.0298203989061381 -0.0875426168664111 0.0627771849999065
-0.12793639903235 -0.106910781295498 -0.0980577278296857 0.0160328089727311
0.00524706183056664 -0.211475342050844 -0.0400154289463538 0.084584883124891
0.109660614985083 -0.237435651027717 -0.126488160301067 0.217661395094672
0.0260845722848204 -0.135815782030954 -0.422448607116408 0.302166247363978
-0.0459017302952561 -0.119049096376646 -0.0730024750847258 0.351283655879027
-0.0791049625893658 -0.0291500778237959 0.0412246448697394 0.0685082430226874
-0.0470200770279517 0.0156976959013031 -0.0576335977368903 -0.0207925009699827
-0.0419639234446386 0.0332068561169093 -0.149624292406925 0.106093643061261
-0.0232961468020567 0.0598531601117914 -0.0505134881803086 0.280729467948142
0.000204977427857192 0.0759262290578655 0.0977075547087891 0.306489515293931
-0.00332497755901616 0.0708180485689607 0.152674271236443 0.254431886043049
-0.0170189342525383 0.0695883386823786 0.120098972434919 0.256265435635095
-0.0411299174521253 0.0607712188928946 0.0268758696628807 0.240192577996582
-0.0525319912201242 0.0183746813311213 -0.0738872587144869 0.166092540543259
-0.0273175765964288 -0.0107167928876402 -0.0800623824813342 0.0497998897537706
-0.0257291021136255 -0.00596225161479581 -0.0729617323364249 0.0253578291776403
-0.0218344292252947 -0.0575598624134539 -0.0356751783611575 0.107110673503754
0.000711876714998776 -0.119639253379929 -0.154804979451574 0.256145791780712
0.0821153885162553 -0.0102589875381317 0.168417648738272 -0.271349601944772
0.0500038580170647 -0.0814286448527007 -0.00350770868246837 -0.167697563957475
-0.0505339138754464 -0.067700533498184 0.0252877239478832 -0.0396630325954998
-0.0882487652753662 0.0343891391563617 0.0554504566311931 -0.0201761488812794
-0.0282753018623007 0.0704919500525242 0.0937889643017724 -0.121172921392999
0.0165030275155122 0.0610452970666654 0.00820340883345736 -0.238415999118499
0.0535019887113023 0.0340745096938307 -0.0928014317710105 -0.266060697270984
0.0661547632107659 0.0329342512904204 -0.134383035651085 -0.252358403299218
0.0604180006223119 0.0453437420814447 -0.100550204172999 -0.271004150816605
0.0140278530674602 0.0755682222461552 0.00951783841601234 -0.259751000846152
-0.0491499434677342 0.0702620195679479 0.114796297218473 -0.147192466196145
-0.101884750874534 0.0114382983154489 0.0482226595781345 -0.019789982284361
-0.0388823443519795 -0.106150402712087 -0.00893931262804021 -0.0920755663332298
0.0893776436081254 -0.0820780778868309 0.0669888013123932 -0.284204370847202
0.104345161638075 0.00673167766962537 0.397943470170799 -0.326190585414604
0.166240282989141 -0.105464212535351 0.142300762808635 -0.255986027789652
0.0715753239505785 -0.196014671095646 0.00564822894309645 -0.156451415002152
-0.0999529546739955 -0.142913859017133 0.0216877324483295 -0.0640969302546229
-0.18284749524236 0.0392521530377001 0.0311883614322605 -0.0224991930289375
-0.102045743646586 0.139990853222696 0.0798671478296979 -0.0996230757467066
-0.00440444693935676 0.164344378471427 0.0187961370452316 -0.198523061061697
0.0896840629322472 0.137397636306526 -0.0608334461805765 -0.227240851786026
0.115538770546746 0.131655907857311 -0.100398738021062 -0.219915418823064
0.104404629474809 0.151625020322781 -0.0775097803851335 -0.227273531435137
0.00157582694636959 0.205266176875412 0.00644988347326703 -0.220858448941376
-0.13879355272846 0.168681094920297 0.089683382601354 -0.123860867534664
-0.244997164825761 0.0429239205394305 0.0164099046523218 -0.0220745125749777
-0.151940618532728 -0.217627618521294 -0.0415917679173246 -0.10681130697232
0.10657447045499 -0.266408598525787 0.04239573286723 -0.273834262368926
0.217427931955508 -0.148344023743094 0.339213292191885 -0.299305744373882
0.236453904475036 -0.190431986428816 0.0782158370280512 -0.210275393929459
0.086276056735238 -0.306033272259214 0.00737537004595679 -0.118070096798516
-0.14833831340383 -0.216625697048109 0.0267842772994326 -0.083162889272631
-0.271505116261734 0.0387234176608328 0.0076021330791055 -0.0375681962126361
-0.172216397525008 0.198774302917861 0.0465195142550459 -0.0776209611949706
-0.029880172818878 0.251957362126449 0.015374897439029 -0.132667220241793
0.111202043962126 0.22432581696566 -0.024566676854429 -0.152543882306186
0.148097306675705 0.211026971019176 -0.0507770833179685 -0.15474161658225
0.134927438207443 0.231244785228044 -0.0388686905134511 -0.150985163868073
-0.00425852982466311 0.304963689879979 0.0104442458469015 -0.147925261060835
-0.20131018322647 0.251646150586998 0.0587465202873066 -0.0762991164075381
-0.355895187038242 0.08581601507407 -0.0170924780860665 -0.00991372607809317
-0.258877358539255 -0.288180515306683 -0.0761661671566908 -0.09859146617297
0.0924539537689592 -0.412461556646225 0.00840773835533562 -0.222984836902653
0.287250757580903 -0.283541513383646 0.243254564141294 -0.224276590570232
0.279173257222621 -0.258012261092822 -0.0199137363915918 -0.132853157673835
0.0850317537791799 -0.397905293625225 -0.00163351884001717 -0.0436298612780987
-0.200571497013307 -0.275574389578171 0.0373935129566051 -0.0861360403888863
-0.343017130341249 0.0422782671763129 -0.0170465515704279 -0.0556538615695247
-0.222964508568239 0.242386982023525 -0.00422342660760625 -0.0474480471863092
-0.0493442795574448 0.310278904602341 0.000219489399187476 -0.0424448635060628
0.119361477693171 0.281855271177749 0.0131689558182971 -0.051094916150852
0.159364088801649 0.256969938005251 0.00594048285091867 -0.065999045498315
0.144838669224242 0.272728052969585 0.0100208582993834 -0.0536175020975072
-0.00857716666559139 0.356363520476733 0.0208914363402764 -0.0518349012323361
-0.230180178300991 0.299638257692626 0.0278923167628953 -0.00731368139835248
-0.406701803658481 0.119632372038498 -0.047762480922511 0.0157336393461208
-0.327040320081096 -0.303919087488868 -0.102078431726419 -0.0684586056573681
0.061698122988206 -0.482778092313453 -0.0219447056459754 -0.139524539482975
0.304247065323473 -0.365920958347697 0.133012184684043 -0.111253364082407
0.279033071230405 -0.295956571413912 -0.141628069268851 -0.0267092956307389
0.0606968793376512 -0.440791058747995 -0.0193799283154258 0.0631865056629444
-0.235241090870642 -0.292088407752071 0.0442549299067647 -0.0673818430233474
-0.366124445585258 0.0468293623824207 -0.0436738118640153 -0.0638210570888219
-0.237729166090257 0.251764522542613 -0.0635949755666438 -0.00425411065658267
-0.0574639176404947 0.323408079209477 -0.0192192452345185 0.0633029000818132
0.11107290568157 0.295428272475418 0.0476529403996915 0.0649295665397833
0.147485431875439 0.264771561916071 0.0610991581327903 0.0329727842066962
0.129292968244091 0.272930331113186 0.0588162468055078 0.0485941503110275
-0.0174071984174539 0.347358109102411 0.0354267930357831 0.0511559665214369
-0.22299511135886 0.287832786847386 0.000522603311721371 0.0676104294466978
-0.380615004917809 0.121547854366657 -0.0697930953528021 0.043786028819147
-0.31864318669172 -0.26817254374896 -0.11323488925459 -0.0293827530589584
0.0338306925899764 -0.459223787417481 -0.0382764642572612 -0.0438774792510849
0.273299571778247 -0.380361112703202 0.0247757186131514 0.0164881507662257
0.230091924423949 -0.288565068515815 -0.263681283024868 0.0958697556579558
0.0262311074478229 -0.403182516217467 -0.0415509234796406 0.179964054575413
-0.225305612596021 -0.249906607091226 0.0445256216471225 -0.0303100932150878
-0.313985922407064 0.0453053081830789 -0.0667252965837419 -0.0572990900276452
-0.203186718019326 0.214787194524269 -0.115858123508503 0.045403939208718
-0.0526375803089271 0.277392013079347 -0.0355587035443256 0.166793496310019
0.0883294217448894 0.260116820698944 0.0773879858115765 0.17406738303062
0.113033451298553 0.230925583428343 0.108483302358765 0.127258406917512
0.0913781633074632 0.233698782332258 0.0982101743951078 0.140277904112829
-0.0289861843320913 0.281396230153219 0.0459644676304475 0.140967799634562
-0.185242328323996 0.21960538290943 -0.0240037464608205 0.127375512095581
-0.285452110326385 0.0846298487560072 -0.0817627478972732 0.0619017623024232
-0.236932443021592 -0.195598576530316 -0.109563940760677 0.0029848679067617
0.0175923913444628 -0.355346692456746 -0.0419904529473708 0.0358490770670696
0.200253626670116 -0.327560401747982 -0.0624285442921125 0.13044874594108
0.139807104614857 -0.230603116429848 -0.359589338326756 0.21316484464996
-0.0134073202059923 -0.284947726042143 -0.0594330320606185 0.277918238188494
-0.165427091071062 -0.151554793955078 0.0395534602878278 0.0168856613338635
-0.195727379908354 0.0333763530856204 -0.073667655074015 -0.0398418199766398
-0.130815960695865 0.134133011585258 -0.145452362833648 0.0868112361557286
-0.0382836294360033 0.182636944398644 -0.0436160109412426 0.242226547686543
0.0503686562828977 0.181529985988742 0.097275016314129 0.255840008117247
0.0604600370196041 0.162245769968036 0.140351081203502 0.202215780348424
0.0390551185960715 0.161895220251008 0.120018612947263 0.20881637488413
-0.0398896364794562 0.179061856546363 0.0444327527190861 0.202368632681838
-0.125438970184107 0.118563348749226 -0.048163000483171 0.158258775807239
-0.155891890539968 0.0298900886291573 -0.0835635791072009 0.0606507982394299
-0.122886633044111 -0.10321349042688 -0.0931743022330467 0.0198926447582432
0.00411954280929913 -0.205856126461905 -0.0373195449312283 0.0841392546470017
0.104687778452644 -0.229039567630536 -0.120404725048446 0.209380445992724
0.0238653785622703 -0.129177823594651 -0.40987399007559 0.298549652958804
-0.0453951348178993 -0.11504660791363 -0.0662728525596989 0.34065700717786
-0.0751100714387992 -0.028550001864494 0.0398465015577694 0.0637997974850739
-0.0456786230370406 0.0137270372691577 -0.0599080014008546 -0.0208970453210943
-0.0409352847858361 0.0322466889810595 -0.148524936999336 0.107288710706753
-0.0220984594517133 0.0580270295767434 -0.0434775282816795 0.276101226126058
0.00126229380555171 0.0737630800457946 0.102410587840146 0.297059062383363
-0.00220761425950011 0.069959372910643 0.152070723236854 0.245684606863066
-0.0155399844812673 0.0689181814852969 0.121650547069957 0.246263443891417
-0.0395493208607253 0.0607448195465684 0.0306051212662918 0.231999082130429
-0.0519974870751753 0.0176077900217353 -0.0681439408291052 0.161666113587212
-0.0262051598108865 -0.013148087444817 -0.0760758597437367 0.0476726125529585
-0.021496326312646 -0.00589564954074448 -0.0689989072479603 0.0273517740007522
-0.0202962652473142 -0.0546746044743286 -0.0322188585392419 0.105179639633456
-0.000294598765022146 -0.113034386175057 -0.147431556283019 0.248435135715227
0.0802099169381195 -0.0114362480396198 0.165290995529662 -0.262667081692025
0.0464716552146044 -0.0800479163133643 -0.00507121914308821 -0.163447751470573
-0.0496776130888233 -0.0636349047892401 0.0207215473531089 -0.0396011691739642
-0.0832173970111184 0.0359973429007316 0.0520313006086399 -0.0163723951504087
-0.0255974892285969 0.0689661024946758 0.0917082546476587 -0.115846017022838
0.0177907007434631 0.0600781874320738 0.00701834644896062 -0.231295123827231
0.0525977484737436 0.032696531319745 -0.0927053349576916 -0.258792647245036
0.0644580450137074 0.0303702856255817 -0.131774898485132 -0.245915055758493
0.0597873494597444 0.0434389569629099 -0.0986324087521572 -0.265142733803444
0.0146856864699044 0.0736538049859693 0.00737435658230291 -0.254835227150505
-0.0476061528293524 0.0701050326217415 0.11298684574559 -0.146835551070049
-0.099544447365149 0.0130100500021703 0.0503119999014576 -0.0191197093104943
-0.0399561818015627 -0.103506737240748 -0.00633893337120751 -0.088568285475469
0.0861523666920247 -0.0819824994161186 0.0646733328513403 -0.273454779402322
0.101845194927723 0.00633397238452982 0.387982867537132 -0.314912608450638
0.163902411790381 -0.103390350177196 0.139554582454824 -0.247173382893631
0.068078424748014 -0.191736245799938 0.00312302157536807 -0.152415082400397
-0.0965592307166157 -0.137898399136778 0.0170956079097698 -0.0635725975151504
-0.175661781555263 0.0410937438761929 0.0276829579630044 -0.0185052872445458
-0.0970495257527123 0.136966305262207 0.076982432217608 -0.09453389516693
-0.00277615829145989 0.160444180355274 0.0181387103087438 -0.192266920380218
0.0887532882915014 0.132533616845887 -0.0604938149847696 -0.221018323533293
0.113231967504936 0.127126235829781 -0.0983618155535962 -0.215003901234957
0.102545123541044 0.146179220393011 -0.0758900322814709 -0.223406776257367
0.00395630159670008 0.200823416225692 0.00433388209254636 -0.216852698301017
-0.134252814548025 0.166825450041771 0.0879263286810281 -0.124268889991012
-0.237467039795332 0.0437447017847806 0.0182339667060728 -0.0213747278390202
-0.149445415881799 -0.21170356159464 -0.0381319126063309 -0.102226861691468
0.103912259457891 -0.262280711713421 0.0404887059399372 -0.263001302816568
0.213025689305167 -0.143753621536096 0.330328600882373 -0.291148564261919
0.23430824781038 -0.185129498495436 0.0763312469985506 -0.20204305059157
0.0829993808109215 -0.298497294465751 0.00583585871716308 -0.114914768900729
-0.143715541979465 -0.210749144404838 0.0221229694597666 -0.082743689715249
-0.262739578480206 0.040200446941837 0.00455400171813909 -0.0331899375216197
-0.165876753986149 0.195019567479635 0.042841833685365 -0.0727047230087129
-0.0268671315498369 0.246266312476459 0.0157279047675899 -0.127908580401041
0.11022076156173 0.216990546490791 -0.0231293168066382 -0.149334835010618
0.145798027945757 0.204372085417714 -0.0502568340208898 -0.151534320358374
0.13339466000261 0.223644050957817 -0.0378900223216978 -0.149170751955416
-0.00172843673200714 0.297945075105808 0.00682152547174091 -0.146061944032625
-0.196089386783789 0.248797459198845 0.0575581219785616 -0.0785853407098921
-0.344948259801712 0.0857244798147991 -0.0152538048984925 -0.0100803905183402
-0.253755006823855 -0.280537021246494 -0.0713131469482295 -0.0930241172464297
0.0905902479502614 -0.404330598153505 0.00694340766525067 -0.214303726262307
0.282023976578407 -0.272984482052447 0.237390636955654 -0.218140076474365
0.275987988518804 -0.250443390673615 -0.0207716998367997 -0.126525463231783
0.0806128596868758 -0.387685946704623 -0.00265564308623807 -0.0419807731001741
-0.19296514608739 -0.269082974929563 0.0315166486309808 -0.0861598898761446
-0.331650942577604 0.0424722591251726 -0.019622456829022 -0.0504739665902828
-0.215571842032163 0.237228546301419 -0.00829590813821773 -0.0429490788611914
-0.0460274165427371 0.303154478280132 0.00193604249304475 -0.0394515715285809
0.116747090883241 0.272922558931026 0.014756010521221 -0.0506118875351497
0.157054263867114 0.249001334183745 0.00502527740435325 -0.0649249644488147
0.142723792612695 0.265382851975167 0.0101397877949988 -0.0544560247126899
-0.00632112851345561 0.347424305148252 0.0177572080300417 -0.0517276059880873
-0.223684088049898 0.294635276535528 0.0276209577009909 -0.0104530182605735
-0.395484557592381 0.117977231105801 -0.0452514074349021 0.0145290139530214
-0.318917506850669 -0.297583854358623 -0.0965931953860912 -0.063585762986992
0.0599222044752405 -0.472326521719506 -0.0219722071094704 -0.132817582299946
0.299902294639385 -0.353964189681181 0.129228299617084 -0.108870698604845
0.277495010004575 -0.285289755031157 -0.139671775533222 -0.0228909117237441
0.0588105798956277 -0.430952227091284 -0.0199647885904409 0.0621286892278928
-0.226998287228768 -0.288238641530585 0.0387830637802427 -0.0684593707393946
-0.355387878793234 0.0462836208759356 -0.0467190964566501 -0.0595909550221975
-0.230626656687759 0.246340203307884 -0.0674448421897921 -0.00025178824803789
-0.0557842398045329 0.315618985309527 -0.0170978544161541 0.0643023983739349
0.10970703668713 0.286981433690148 0.0495535885135555 0.0621176309258773
0.145362611230911 0.256496935435413 0.0591499267877801 0.0318691942727045
0.127737197870866 0.265507363203826 0.0580064417765868 0.0445611153164543
-0.0147222666193912 0.338787502272013 0.0330189197225383 0.0485634602703381
-0.217347615886724 0.283432420955719 0.000980288915963269 0.063044518125418
-0.36911351359726 0.119901169872322 -0.0674297214587385 0.0419159591202468
-0.309384227810056 -0.261309665493756 -0.107595466597524 -0.0254530518826284
0.0341878946808659 -0.450242795207027 -0.0381939801380838 -0.0397786707750014
0.267463128623069 -0.366879345895385 0.0235805014522914 0.0138551818569405
0.228881098475978 -0.278528402332125 -0.259702722667754 0.0948801039351117
0.0256859330503634 -0.392973601343734 -0.0411705924884053 0.174813676323547
-0.216687091031017 -0.245794775409397 0.0393707640970969 -0.0325740555274669
-0.305248164549897 0.0431139894361975 -0.0694455948816389 -0.0545663754320246
-0.197566370874089 0.209139297937088 -0.118398737475945 0.0479487409907404
-0.0501986130677051 0.27102228360949 -0.0321777755587371 0.164686738954085
0.0871395747025798 0.252591654582051 0.079254073928897 0.168423645087924
0.11152342227816 0.224455915257414 0.105405496654207 0.124367173718794
0.0906740683527133 0.226927588755635 0.0967868483028849 0.134248831395896
-0.0269951554333304 0.276139105309127 0.0444786157650177 0.135883669004683
-0.179840861531071 0.216388479118394 -0.0223354010372723 0.121781506107297
-0.275930678885325 0.0825449183008932 -0.0790074397184203 0.0587341074926414
-0.229153979498447 -0.190713461631849 -0.104638271102047 0.00562100316893403
0.019327971827088 -0.34654941477126 -0.0404952925670339 0.036466865660025
0.197290791930877 -0.316238272260103 -0.0614619440693069 0.124425911419146
0.138196449478428 -0.222027126773108 -0.352856693607771 0.207325172620927
-0.0121184939730472 -0.277948612411977 -0.057920163007108 0.269514927652799
-0.159078540525598 -0.149057303153574 0.0360383156013316 0.0135864701718887
-0.191075853724594 0.0306579016926574 -0.0757637815399801 -0.0380389637056704
-0.127697833262574 0.130936114677352 -0.147028181371442 0.0869899302131997
-0.0369265109351044 0.177719183075298 -0.0406537807927678 0.238349251267674
0.0495335674420741 0.176433415805011 0.0980570323743446 0.248374984443086
0.0604796377310437 0.158421928942138 0.137482074191481 0.19717328065404
0.0387891332497886 0.158055744068987 0.118265247891703 0.202094158844875
-0.0377117580166761 0.175549676121634 0.0435956754176551 0.196051055527555
-0.122936576648724 0.116274100939128 -0.0452622183634485 0.151907332427628
-0.151119621929052 0.0275797898088018 -0.0805885330383153 0.0572057229145562
-0.116637246085643 -0.101341028259075 -0.0885214236770034 0.0220287536180225
0.0060535659818365 -0.200506333317084 -0.0358137992873618 0.0830371701069453
0.103268573648034 -0.220493151034239 -0.11667856703031 0.20122987558754
0.0244494477812068 -0.123525066007316 -0.402163573751513 0.289950872634297
-0.043450209855354 -0.111806722437582 -0.0641458069102439 0.331030296563935
-0.0718014047653662 -0.0280400477509714 0.0367495718851932 0.0598844914812997
-0.0453248446921297 0.0120585961088146 -0.0613910974454541 -0.021186846930526
-0.0407833375422443 0.0305686044894092 -0.148680747240619 0.107051808047314
-0.0221205760505264 0.05573998636812 -0.0407716816420118 0.27118668088607
0.00100830412031876 0.071854151852407 0.103298063043117 0.288185798428092
-0.00157938564411084 0.0684640663303303 0.148407966183738 0.238818776608805
-0.0147574276231932 0.0684858072120518 0.119571690007326 0.239107306440874
-0.0391415805767038 0.0598533641729225 0.0318743385045921 0.224567086522533
-0.0515722136609105 0.0161627898182667 -0.0654760660853368 0.155923077018967
-0.0257295984098829 -0.0147463665542986 -0.0729066384535613 0.0442068038844716
-0.0177810926438331 -0.00635573840019869 -0.0653047620872194 0.0286447694672134
-0.0179888127029577 -0.0523750240147303 -0.0300119621084197 0.10322107279691
0.000134635015622612 -0.108910403105005 -0.143787179534891 0.23943326815668
0.0792794516947124 -0.0116089415290661 0.168042307560281 -0.255871065134209
0.0452108054901541 -0.0781545418101127 -0.00450935345262296 -0.161320239295489
-0.0480507079139873 -0.0616082118303403 0.0184021680640651 -0.0387278768803952
-0.0802916191816698 0.0365947208728603 0.0496396689980056 -0.0129587953733155
-0.0239413143263798 0.0683785329811853 0.0913392779171845 -0.111478502729635
0.0184265785811577 0.0601010527876156 0.00845972842732431 -0.226718905319867
0.0524196800796729 0.0322573681264686 -0.0895710818901005 -0.255052742410478
0.063174877454345 0.0296509549067938 -0.126559072907333 -0.244608982395545
0.0591781671044199 0.0422576741079135 -0.0952923619381402 -0.263570234237203
0.0151975606410417 0.0731602325013282 0.00839864359264134 -0.252938139566028
-0.0470307741787749 0.0702841603897754 0.113618130739682 -0.147018581171865
-0.0976943007458686 0.0134795934008061 0.0525695006221872 -0.018138385770597
-0.0401864339001184 -0.101855504486498 -0.00282893675512832 -0.0861296761650941
0.0850176259115979 -0.081826345469316 0.0675251189378377 -0.265276586621208
0.100954349724621 0.00766469434327502 0.386913812316975 -0.301952637456585
0.164802268727661 -0.100329142499653 0.141835787357594 -0.239536082255847
0.0672985671498036 -0.189054109294281 0.00386706442973768 -0.149768860467756
-0.0925894209663287 -0.135861678148237 0.0137224477617374 -0.0636203531976023
-0.170440013424818 0.0402412947032259 0.0265006315305418 -0.0140441028004339
-0.0952873741176104 0.134876264332602 0.0759240686505928 -0.089937407901377
-0.00215683228926961 0.159026918572916 0.0198196812588596 -0.188334983620691
0.0871231620632403 0.13070196631072 -0.0579831491992232 -0.21895142749183
0.110945591769937 0.1252902033559 -0.0949609151155337 -0.213834756951428
0.100878542321356 0.143742313068028 -0.0727560179749636 -0.223072499021259
0.00280859598961797 0.198457390014168 0.00430277447008293 -0.214992647872431
-0.133605715363071 0.165504995003382 0.0882327553222843 -0.125624891885373
-0.233790272435594 0.0418822943852731 0.0206274173604154 -0.0210695410260069
-0.145817506870773 -0.211134765309352 -0.0339845200573672 -0.0997793318217265
0.105576722061849 -0.259307535442736 0.042476442000808 -0.255866503998543
0.213689210948915 -0.136980436830985 0.330372147150739 -0.280971359231259
0.23681270285178 -0.179935812833918 0.0785366520067852 -0.195286173179035
0.0836200895521036 -0.294552031168169 0.00625092092734352 -0.11241443191775
-0.138118566552802 -0.20961023800111 0.0186710317942907 -0.0828859006123122
-0.256460487055095 0.0381671057176763 0.00326054121076795 -0.0286534712897955
-0.163687188948838 0.190709046119484 0.0410098653280411 -0.0676089978458711
-0.0270939320092325 0.243039153876448 0.0176017114956762 -0.124580648765744
0.107888987069738 0.214453480808327 -0.020828058306469 -0.148195338134221
0.142456277488884 0.201431268874234 -0.0483387138597121 -0.15054182329031
0.129930055733035 0.221426284769513 -0.0354499315505085 -0.149808233653271
-0.00333136456868605 0.29413549003314 0.00605232439804782 -0.144660329658992
-0.195803755744395 0.246047853779043 0.057872266990814 -0.0796114854119687
-0.339713065543864 0.0805543796178077 -0.0130524089368114 -0.0104066538722201
-0.246871206889602 -0.281464095188348 -0.0666979029730798 -0.0910223323438608
0.0959223909786161 -0.400035035244709 0.00814096758780442 -0.207511865443744
0.285034708541164 -0.262451044644231 0.237878810046187 -0.211735326067002
0.280292283886013 -0.242464938997314 -0.0194459559830939 -0.121219847202087
0.083987028702776 -0.383679448446296 -0.00334288668500245 -0.0408043043208295
-0.185556440162213 -0.269540081315474 0.0271880501748348 -0.0868192999346497
-0.326189716102459 0.0381426496478495 -0.0213443558675849 -0.0464831830118557
-0.214332083914748 0.231576795097918 -0.0110564272346084 -0.0383774854889411
-0.0474398503275919 0.298754491425483 0.00334666664162181 -0.0374429309843462
0.113689546204312 0.269155082609587 0.0164162725170489 -0.051278798134722
0.153204213516743 0.246449045034484 0.00522929224514314 -0.0643370615704638
0.139246926273888 0.261848586957677 0.0103063669967944 -0.0562563114404654
-0.00838498915332614 0.343421544122034 0.0157550220711877 -0.0517208171046047
-0.223408944675582 0.292890715247484 0.0271178196649244 -0.0142259088641715
-0.389072070928809 0.112576863319422 -0.0435868095321314 0.012513264826013
-0.310263312819946 -0.296896508696818 -0.0911065069416701 -0.0620513356646263
0.0656460332274872 -0.468682475719892 -0.0201825901099115 -0.127378399205984
0.302218182228089 -0.342216080186743 0.128348193292456 -0.107162633538595
0.281271314281308 -0.27667101173472 -0.13929206080603 -0.0209656357441104
0.0646139435997232 -0.424561611258842 -0.0215696284043012 0.0609850687985467
-0.21813166691363 -0.287872184825737 0.034489200616258 -0.069430625352349
-0.349714690192799 0.0401887526814509 -0.048416072914172 -0.0561213266746851
-0.229651564435799 0.240393153560794 -0.0709565199438215 0.00277707355055592
-0.057047994481825 0.310672109869765 -0.015999352859209 0.0648557328935599
0.106184016742866 0.283712378468388 0.0508568872364399 0.0592535918378849
0.142013190572632 0.253633366977104 0.0572448760963388 0.0321248313087757
0.123785938545469 0.262486227535642 0.057438645255527 0.0427611610301118
-0.0157570615538232 0.334903331591883 0.0302354341798475 0.0475509375383673
-0.216703548113735 0.280693664309851 0.000657810884812035 0.0585127227310772
-0.363014038414186 0.114832615965809 -0.0662606825086156 0.038891525716103
-0.301023988000411 -0.262546968952263 -0.103298343688458 -0.0243704378811731
0.0393624743879369 -0.445440654149439 -0.03781911310245 -0.0367667396985014
0.270973447716088 -0.355050710879822 0.0228867328965717 0.0123918639753631
0.233858786148642 -0.268761695936461 -0.258178450571694 0.0934588334534758
0.0314389760141828 -0.388400019802968 -0.0430692186579208 0.171445334629075
-0.208589797968833 -0.246000368023193 0.0350692749478289 -0.0340240015318044
-0.301242786114527 0.0374350709909505 -0.0710231882709659 -0.0520893897015849
-0.198356188968812 0.204355215905093 -0.12185709715166 0.049740831711862
-0.052351352374075 0.266747003106759 -0.0316324902785805 0.163869556207134
0.0830142605518926 0.249364393006947 0.0791460613328097 0.164414605749075
0.108563644737292 0.222293366860326 0.102856405884156 0.123488917361076
0.0877234027111129 0.224538538922701 0.094508954707296 0.131755385447868
-0.0285713940072393 0.272237005738972 0.0414686568584989 0.133088890323857
-0.179176447601125 0.212560669102933 -0.0231623192207269 0.117167547473613
-0.271665005087812 0.0777802125231005 -0.0778780992226915 0.0555242648684694
-0.221933234095091 -0.191508524911055 -0.100099912834849 0.00643271420978773
0.0235221175944966 -0.342316367787685 -0.040370507889205 0.0376108430121216
0.200669786221604 -0.304878828281385 -0.0619575430663762 0.119442490849846
0.142156935816035 -0.214654344060472 -0.35458789798375 0.202019154948277
-0.00790232634961231 -0.273774986074913 -0.0605758455030783 0.263467933354174
-0.15310796898637 -0.150417475161107 0.0315497153433402 0.0114155482539641
-0.188797772799455 0.0267041759409961 -0.0777947834093211 -0.0376051044651453
-0.128602130594972 0.127022513211754 -0.150333255872302 0.0878802750848464
-0.0392569816444015 0.174248862052012 -0.0407107778723357 0.23646487127851
0.0469221652165051 0.173935109531017 0.0970928153046473 0.244064382884655
0.0582870044137946 0.15667955633232 0.133356276135453 0.195313831058865
0.0372896992316848 0.156629601690881 0.11518676171897 0.198241401534027
-0.0384088876334599 0.173666666063528 0.0417532552491331 0.191899599618277
-0.122524771494413 0.113895705671507 -0.0452957466691198 0.147026265225105
-0.148201375480272 0.0238404160808393 -0.0797318829957824 0.0532002018832392
-0.111342666905351 -0.101406480435548 -0.084813470826352 0.0227098110204666
0.00907934761485514 -0.198100364162284 -0.0355153692365734 0.0826011332615594
0.105732893352543 -0.213175182727014 -0.118200431953529 0.193945599054794
0.0265601128477565 -0.118854236603555 -0.403761258407895 0.280588782809273
-0.0412000747267371 -0.109806161112331 -0.0669560082474385 0.322566208731259
-0.0691780208628947 -0.0292107625480426 0.0329788441343785 0.0576013283940762
-0.0455802677842998 0.00968138069945471 -0.0641856896061053 -0.0221545931325154
-0.04163215354751 0.0292229216071317 -0.151324250902874 0.105445225889346
-0.023251503911181 0.0542468270983289 -0.0418221608755383 0.268401911355589
-5.42867544558279E-05 0.0707800100771894 0.101942700031651 0.284079360125775
-0.00220028081242825 0.0678111999753667 0.144311813592752 0.236902893761628
-0.0151869802355852 0.0684334706501596 0.115537918363681 0.235345918161928
-0.0397099664679436 0.0597579513478103 0.0293943754588104 0.220435666302949
-0.052116833275656 0.0146130192513368 -0.0652153331603759 0.151824943358375
-0.025477192994433 -0.0171733131787905 -0.0713408562366395 0.0404628397372571
-0.0147827997413594 -0.0077492300356334 -0.062585474659207 0.0294020159945054
-0.0153184153308162 -0.0519424588943788 -0.0292046714127093 0.101744816326872
0.00184927642788008 -0.105619413487041 -0.144370353431531 0.23125567097512
0.0797678850096848 -0.0117857249032118 0.175188050035421 -0.253859587627124
0.0446845421428513 -0.0788122047415784 -0.00301157204057035 -0.162369187794079
-0.0469045939946565 -0.0611161362019288 0.016010141260614 -0.0394703782198176
-0.0787544309327251 0.0374865869253312 0.0501411562758887 -0.00950415964449094
-0.0233536345527442 0.0690211050746019 0.0941382253938523 -0.109331581741962
0.019202311227165 0.0610710000200627 0.0112668245578194 -0.227174278204556
0.0533764331445363 0.0321600242851322 -0.0888891254806706 -0.256317737891279
0.0630492183926211 0.0291190691205668 -0.125834166000798 -0.248962835155247
0.0595544344250495 0.0424828257239855 -0.0933583594356897 -0.268420998526897
0.0152845098873979 0.0741445867452547 0.010563014301524 -0.255818777213553
-0.0476412439463439 0.0717895095578504 0.116773930858103 -0.149243894338749
-0.0985921827805585 0.0141849388114176 0.0559922922620255 -0.0170364433290856
-0.0405730746059683 -0.102615131727601 0.00153339058511744 -0.0866454068331263
0.0857768462798301 -0.0821121113256722 0.0726865300528979 -0.262740396318176
0.102860291726922 0.00954495360202693 0.395116838948378 -0.296619161789793
0.168955216889581 -0.0995797935623986 0.148607229019553 -0.237217731762087
0.069068937493086 -0.18946956403277 0.00514405943294217 -0.150088467372994
-0.0904211151239293 -0.13764887815414 0.0115255068462554 -0.0644231766197822
-0.169073269177595 0.0398352348851065 0.0259285064369229 -0.0100561202743714
-0.0960897898322966 0.134703523977895 0.0775095790382337 -0.0870666522096676
-0.00210570009159738 0.16015962681696 0.0222867528660854 -0.188489687593229
0.0873341891883281 0.131897802400663 -0.0561699915254769 -0.220812949061107
0.110221893172944 0.126311614488212 -0.0938304130818988 -0.217720912453772
0.100916216194331 0.145028239153604 -0.0711541893659385 -0.227378040651757
0.00174468941253478 0.200162101748181 0.00500366312745489 -0.218115942962807
-0.13609831805852 0.166933328802181 0.0908246347704302 -0.128420841820229
-0.235307475268556 0.0401606546841672 0.0227220885997939 -0.0208412714269948
-0.144748824441346 -0.214685681369035 -0.0296882174660276 -0.0995354834810087
0.110057918594306 -0.261339077570294 0.0469153546074318 -0.252802730778401
0.219938625369771 -0.133492917516162 0.336355763520785 -0.275584400706445
0.244270792541048 -0.17751978104879 0.0833280838580463 -0.192658305251705
0.0874304250319271 -0.295762904398271 0.00648496230297444 -0.112274843498483
-0.13438469788051 -0.213204920544527 0.0153906673112183 -0.0841826328091388
-0.255842855191631 0.0348117054085805 0.00238778185458034 -0.0248392225390781
-0.16637397080411 0.190975389385093 0.0409988055394093 -0.0648967694059128
-0.028645235625367 0.244695076306618 0.0199170437092688 -0.124190014004163
0.107279609796162 0.216919338341869 -0.0186180338883164 -0.150817583419959
0.141625730492073 0.203132600066742 -0.0479263243843007 -0.152601735514158
0.128767573951335 0.223294603650482 -0.0348485366981205 -0.153653592029056
-0.00593104746556244 0.296448797085319 0.00556769106706799 -0.146430315425741
-0.199343216532669 0.248401157609606 0.0588170866560832 -0.0833056711498958
-0.341540890484101 0.0773544273439709 -0.011664206980324 -0.0111620023581025
-0.244252974475049 -0.287810403091994 -0.0633268486418675 -0.090785371902275
0.103318299870313 -0.403358865499319 0.0112437010255503 -0.205750783382685
0.293545451786345 -0.256890586383637 0.241750805751782 -0.210156342881322
0.290371367216762 -0.238585926738677 -0.0171431640270256 -0.119088754100314
0.0899397078994614 -0.385704787686084 -0.00333419836829283 -0.0404928504485658
-0.181861803629683 -0.274708435104519 0.0242964438243594 -0.0882495616756216
-0.327078286714264 0.0346117609876468 -0.0227337150623677 -0.0430309492763305
-0.219057850817929 0.230722250599447 -0.0131258575681886 -0.0349858021581939
-0.0502104712808161 0.301961836371793 0.00544465202603534 -0.0362771381607829
0.112675212483442 0.273092470485703 0.0187641040215556 -0.0533197384748406
0.15171444847635 0.24917245937926 0.00530097916765781 -0.0653164113790503
0.137571934199356 0.264647019628068 0.0109477059459855 -0.0588506389616902
-0.0110932045871935 0.34603271891182 0.0138264276038576 -0.0516171433856032
-0.227366661225894 0.294764499577744 0.0270284865653916 -0.017382842467083
-0.391600731123859 0.109509678908778 -0.0435295407157572 0.0109553114399012
-0.307045835103004 -0.305941156470081 -0.0889431687582663 -0.0620387326994986
0.0749599366813269 -0.474085550138997 -0.019622885646881 -0.125867089197005
0.314455956099958 -0.335819668424342 0.130738550170335 -0.107082401883176
0.292634041950788 -0.273396324284628 -0.140464579267616 -0.0197801454662499
0.071274714174625 -0.428119590005755 -0.0233214031872825 0.0624769474616799
-0.213453868160291 -0.295577547455855 0.0308312746634024 -0.0707487275340794
-0.351582653814084 0.0347227170515437 -0.0501704323492302 -0.0537827281320056
-0.234643163284514 0.239089113513413 -0.0746599486640534 0.00663907738349595
-0.060381523844489 0.313137689498539 -0.015270668142836 0.0668236750794612
0.104097376306805 0.285897904557482 0.0530557851736758 0.0581296389391616
0.141179211728303 0.256260444778394 0.0574943280003713 0.0327949860019752
0.122697340940146 0.265051443435997 0.0566233688887304 0.0416967996221526
-0.019521822695873 0.338366544505836 0.0279806479612715 0.0484956320219595
-0.220643759664067 0.281603162231994 -0.000847668117213913 0.056124108079347
-0.365678004258964 0.110676310994665 -0.0668042346030128 0.0371736460577988
-0.298129130181773 -0.270615856239588 -0.100709048593891 -0.0240514134164462
0.0480532485570654 -0.450567754337779 -0.0376557094352199 -0.034982286244554
0.283563719115081 -0.348787041918834 0.0221617372927417 0.0104131735607954
0.2440803632732 -0.266406474111022 -0.26356774893367 0.0926745854218295
0.0378560692083532 -0.391588891033638 -0.0465254770927636 0.172514005181627
-0.204418301101465 -0.253495973623177 0.0310533448078952 -0.0359336418805343
-0.304011103342603 0.031524499284398 -0.0738632775820532 -0.051119471111416
-0.203632647743431 0.202675330286078 -0.127807532832973 0.0528327795097336
-0.0568692224203184 0.268711719884807 -0.0323547262020305 0.166481006031004
0.0813598623816263 0.252301506700919 0.0804669057577726 0.163776557323067
0.107300354267602 0.224048786419588 0.102403987804766 0.125682569355505
0.0857901926579134 0.227136756364505 0.0941702878150959 0.132024256565287
-0.031024479615916 0.275614283344158 0.0388958037382828 0.13464255265514
-0.183040073084114 0.213573292187185 -0.0252881870103581 0.115122071446811
-0.273149519039402 0.074095863395762 -0.0788640843746221 0.0523221844831038
-0.218957078279327 -0.197414498596208 -0.0982982975742696 0.00733668297529731
0.0302418713748986 -0.345889034134629 -0.04112428841538 0.0397504752481982
0.209992773794301 -0.300156627167491 -0.0651086844111366 0.116188954969448
0.1495290236236 -0.211486606739905 -0.361111236815166 0.199347249288373
-0.00346258607834906 -0.275600493456429 -0.0652492045202147 0.264219917091281
-0.150157492891105 -0.155108173941352 0.0279595837941767 0.0103773194097608
-0.191273157830718 0.0228081806429391 -0.0811930624554719 -0.0380097913784201
-0.132957637550597 0.126254295964294 -0.156648206122496 0.090035144888997
-0.0431866895221186 0.175776730603802 -0.0424230187758931 0.238995630307433
0.044617771573007 0.175730551522663 0.0979360651108147 0.244228430372775
0.0570739043286625 0.158547473740202 0.132622389515303 0.19825146429333
0.0356466691841644 0.15839539509268 0.114065265802117 0.200289328514146
-0.0415531710128752 0.176021389678297 0.0390868912433448 0.193197709752427
-0.125040542375819 0.113057465532773 -0.0473198994021609 0.145375976599196
-0.149031974314178 0.020882129346165 -0.0802769127150184 0.0506206510629295
-0.108108564145042 -0.105012594853034 -0.0835350919693682 0.0233905516446086
0.0140214764009452 -0.199504904656974 -0.0364129843503186 0.083606400522544
0.110995931709546 -0.210317664333607 -0.122290801004861 0.190929699272037
0.030532060575323 -0.116869686604685 -0.413953633718546 0.276190743261644
-0.0389709663728206 -0.110344888223337 -0.0726321349523175 0.321491528500435
-0.0683710988700674 -0.0310339596011052 0.0297444546520522 0.0569937237316796
-0.0471296568200897 0.008127883215112 -0.0674509892942699 -0.0227982640035025
-0.0438320009790792 0.0287047111691555 -0.157664654781493 0.107042520367797
-0.0258198702522795 0.0545763003971946 -0.0443339310223166 0.271458987015682
-0.00145343482123302 0.0710937526825241 0.101222081384318 0.285723010523519
-0.00302905193313542 0.0686547566607853 0.143292085008131 0.240171398032742
-0.0157597077789831 0.0698908144014037 0.11424526814811 0.23773269911298
-0.0409167048254535 0.0609099166869754 0.0283172212306763 0.220696978428179
-0.0536956188589418 0.0138557620699489 -0.0665161524855856 0.150378628995862
-0.0256071615047026 -0.0195731659783325 -0.0720873796713722 0.0373765196448871
-0.0119513814551628 -0.00939500076240523 -0.06160634544295 0.0298731070604918
-0.0133104991057983 -0.0523867477556423 -0.030289111938325 0.102902787810327
0.00338623766112967 -0.104289625687628 -0.148884422676653 0.227495969166072
0.059781113091966 -0.0573999182814405 -0.011020239574533 -0.320458176140167
-0.0107914823605662 -0.089044802018659 -0.103465612001983 -0.133938820528079
-0.0733629177544467 -0.0231547142794237 -0.0158250622522707 -0.0407389637156891
-0.039913487419963 0.0740200089227201 0.0362250274738262 -0.0314264101920396
0.0218017838737921 0.0686214808508727 0.0134670853033202 -0.143612602202719
0.0525673416032243 0.0377479674822881 -0.128098514091476 -0.190003229141215
0.0620169722286002 -0.00535578746747477 -0.231223609770802 -0.156044389171112
0.0688152126400499 -0.015795110175251 -0.256809634712591 -0.126768219330305
0.0736393935405842 -0.00348395459545021 -0.244951894574895 -0.162848586646359
0.0576368537495332 0.05118339736158 -0.150357160644808 -0.218517345953601
0.00625166569949823 0.0890528358805437 0.00321278470700518 -0.196656772236258
-0.0733229624052347 0.0718743190634691 0.0382036465320768 -0.0507802316656039
-0.102107476232433 -0.062401299828297 -0.0497630808354049 -0.0728372258965647
0.0167692681176602 -0.127643215298268 -0.102273351338009 -0.257573002623242
0.0995073797591188 -0.0636837022649924 0.139919175476668 -0.492413483510613
0.0865400359320741 -0.182182305828887 -0.0284037746675629 -0.294622111261383
-0.0539771079953851 -0.193290758078449 -0.0914697851588943 -0.132727010191777
-0.154139051042267 -0.0621306463821918 -0.0394816567544274 -0.0582887189003788
-0.11270994211702 0.126917360840535 0.0145836992083458 -0.0145112340396198
0.0011249533450113 0.164731967785566 0.0135792646546861 -0.113526276711938
0.0944811624463618 0.131614931928227 -0.0940324587086687 -0.162556576300451
0.149299839673906 0.0547416135060659 -0.180204971075595 -0.147872138308534
0.16732742905452 0.0347727378297077 -0.211569120755272 -0.120388751253741
0.171772010261685 0.0568632926378842 -0.202534085507586 -0.143271897623471
0.125341439007573 0.16480435166918 -0.132341881376556 -0.184016608366009
-0.00817068102770124 0.225174319984489 -0.00438643741110536 -0.163739680574293
-0.172904661244916 0.177868910127904 0.00980203347505337 -0.0332611877889118
-0.263344465378091 -0.0934007428382416 -0.0815983944797051 -0.0621338551082905
-0.0763515080005061 -0.294681504779466 -0.11203747533159 -0.232694511438317
0.108711547835158 -0.259479005179904 0.10600073877029 -0.429697158820317
0.108053867132688 -0.291380598745568 -0.0606530261078212 -0.222086145877778
-0.0985277634621791 -0.29056259829119 -0.0693817274573253 -0.106044949337187
-0.234253942894913 -0.0997424685697502 -0.0525112838228955 -0.0762387001870278
-0.186135700237315 0.172557489117463 -0.016225499261292 -0.0084441779307549
-0.0241972437576933 0.251846075336495 -0.00208612391163187 -0.0695481373357619
0.122923496676065 0.217430449991702 -0.0559728879839849 -0.106138488396633
0.216182034070807 0.110930945918318 -0.104790577762514 -0.113522850190363
0.241086728073862 0.0795404792342824 -0.134748351476151 -0.0959478458550846
0.244592326710396 0.103802449648239 -0.128446059411786 -0.10426852618809
0.180151628907367 0.25033400534513 -0.088525540805102 -0.124683394620551
-0.0103494469013444 0.33370581724267 -0.00167523689493613 -0.107619062026216
-0.240699907066805 0.274301614936841 -0.0121516989128118 -0.00466768567772459
-0.395849742469998 -0.0921022474408999 -0.101141259181835 -0.0340198985984204
-0.173040358262183 -0.409887042096772 -0.106066839842813 -0.171453659106508
0.0938829786863448 -0.41081720077949 0.072053219867412 -0.309577658929309
0.112564042118807 -0.368293861080818 -0.102591779028192 -0.102684732347745
-0.147776824818988 -0.365308946594068 -0.0364867546448073 -0.0436217442046343
-0.308725639424732 -0.12388438473644 -0.0519111244828693 -0.0844111008167827
-0.245929069526564 0.211671846885358 -0.0504507986943337 -0.00476930859235511
-0.0439814904215518 0.315771066266061 -0.0279981929011084 -0.0102310468797053
0.139064195418899 0.276248086774401 -0.0138834162622369 -0.0238582077840841
0.254569970061195 0.152516432704617 -0.0127676212633264 -0.0570965449267229
0.278606272205461 0.110965524244184 -0.0369723057081255 -0.0569449270754296
0.277567487007862 0.133585993830774 -0.0325760422439683 -0.0551434652942412
0.207001357681023 0.295338352402334 -0.023370980385913 -0.0514424199824328
-0.00499961539996123 0.3904845760467 0.0130168914557553 -0.0337251246874195
-0.263511889721499 0.331877930237217 -0.024366848414907 0.0328227144890378
-0.460861303855393 -0.0683852908723998 -0.10351842011878 0.00612629172758272
-0.240923559407421 -0.451857782586512 -0.0788738747511432 -0.0872909840824209
0.0605170451232939 -0.488694217530816 0.0460310297865202 -0.150268167593819
0.097535980093785 -0.397648980157151 -0.146439386529992 0.0539509394318411
-0.184771129721206 -0.388711040400519 0.00810649906600626 0.0509377601696644
-0.347133505841069 -0.123381868738385 -0.0374973167889349 -0.0730202450089695
-0.267076383256928 0.226810449690804 -0.081677045428321 0.00449100342020631
-0.0524757434563063 0.334040080344012 -0.0538785682399847 0.0628851333224861
0.137567518154134 0.292536473679291 0.0329582016684253 0.0732410036363151
0.256296617301752 0.168571112220587 0.084870184564709 0.0131461965934569
0.273989906539971 0.124392413150107 0.0656663565528859 -0.00885966109568222
0.265779714873096 0.144323976838933 0.0676292335527469 -0.000841804487071209
0.195840760876237 0.293626047560467 0.050259531964146 0.0228708912426038
-0.00707768372599402 0.375545094583348 0.0357055841871934 0.0438603708577753
-0.240435634881092 0.317055793560227 -0.0293588401684928 0.0686057027125181
-0.430524183825276 -0.0419779322279405 -0.0899625621728336 0.0444666655185263
-0.247466410478255 -0.412440749168588 -0.0365062881582486 -0.00293751438207268
0.0230491828033157 -0.47792502626707 0.0313643383674462 0.0147282588180837
0.0603381998194789 -0.362765837648563 -0.1784805643422 0.224792465082533
-0.189354662610794 -0.339365763368915 0.0556139514053122 0.157290829315145
-0.314494377252194 -0.0937968088300813 -0.0144121210006518 -0.0435069356021541
-0.230860275469518 0.197078579900241 -0.0992350636532399 0.0188709233046065
-0.0478966778945881 0.285803221206421 -0.0698955483427258 0.131963974270715
0.113626882472028 0.254688239176651 0.0791778505378011 0.164195987325465
0.217863827125635 0.15418922963277 0.173377088551631 0.0832546441618168
0.227009327318088 0.118021219098208 0.160003980103951 0.0403861551930713
0.212461995159955 0.135491818777888 0.15459510058577 0.0502860635957228
0.146700184033992 0.249009502379433 0.113111478316672 0.0869192869355881
-0.0177802942813234 0.294514333922332 0.0516949156463269 0.106633384331665
-0.185119405037867 0.228783347827571 -0.0307792687955403 0.089329018143012
-0.313921489009777 -0.0309205835610347 -0.069641279441052 0.0686101873703129
-0.19486167888858 -0.3124443940818 0.00406525980427538 0.0603424163417986
-0.0104317962689154 -0.386197298661041 0.0253019887663789 0.153386718276867
0.00970467088734147 -0.261153648486978 -0.190774101701803 0.375673495364741
-0.156624516605896 -0.221750232201632 0.0973164821609386 0.24738473524337
-0.212311404621681 -0.0433030924713161 0.0162241032736609 -0.00375417872930635
-0.144032879022906 0.126427979620812 -0.0959566553120457 0.0290327467700198
-0.035613332046384 0.181967377050174 -0.0727922847903025 0.177679528646673
0.0697947264683277 0.169606572380735 0.114668302884948 0.227357741669202
0.142516266278666 0.114339871249066 0.235815497120566 0.138796451607267
0.14474513102376 0.0958149217020146 0.229944614372383 0.0812617278549525
0.129597732805215 0.110093113276925 0.21448557871607 0.0934385045625814
0.0763933073606417 0.172269042953243 0.149714100915951 0.135136063927607
-0.0336401518524456 0.174131568292491 0.0515562486842648 0.146242426880034
-0.113617353187902 0.108359711545845 -0.0343393255181817 0.0889168335580669
-0.159576946094996 -0.0226278295394186 -0.0495556283780442 0.0719950030389909
-0.114159902460957 -0.177302338435222 0.0318501772900141 0.0925969265698209
-0.0381415397233066 -0.24521996743673 0.0232830059443984 0.244239326237236
-0.0385331248131652 -0.112613672510182 -0.181038698062594 0.477408559423988
-0.0918788602902069 -0.0665321434330976 0.129698326838086 0.30412559260592
-0.0727213790073845 0.0128678358789241 0.0528499775942914 0.0326348133480822
-0.0357220189120702 0.0334236200989175 -0.0728390515885365 0.0268322677305663
-0.0192256144106415 0.0500699792726008 -0.0640656946479806 0.187884759430001
0.0113876351712162 0.0601674063083748 0.131756670605304 0.25149065834541
0.0428047659107145 0.0580438178185082 0.262531385739864 0.171437639990072
0.0406878625696953 0.0589849384428574 0.265010132144915 0.108543786215443
0.0321722847751741 0.0691110821134491 0.239699916482904 0.12334306678114
0.00508707203826005 0.0768614635896982 0.158329791033208 0.164089480453997
-0.0374816401109256 0.0462917777965327 0.0382402288249194 0.162776617616534
-0.0354965464926562 -0.00152351068894225 -0.0372382736202601 0.0734341912603696
-0.0155067548499418 -0.00182187723778079 -0.0287338648708882 0.0630688533063809
-0.0427631750746811 -0.0352634554818214 0.0445167983031437 0.103283259804048
-0.0638562911507016 -0.0854226947379697 0.0234756232574325 0.2848914428689
0.0592136441229499 -0.0613785208423936 -0.0177917101602881 -0.332044861972157
-0.014779410915942 -0.0908342075320364 -0.11197959801823 -0.134471961388785
-0.0764399035427329 -0.0220759600074723 -0.0196272653918323 -0.0402860825567057
-0.0373244065267521 0.0765917689758934 0.0385737068462984 -0.0320222787828102
0.0257092194562689 0.0687805986164991 0.0118079184645917 -0.14847486715528
0.0569188517351595 0.035884381332539 -0.137259027945934 -0.191393943846246
0.0635527731849079 -0.0086014842657214 -0.243613788211022 -0.153123678054046
0.070459368837576 -0.0195428669456551 -0.269818019296119 -0.123764656285532
0.0758199686976213 -0.00710487577411057 -0.259829558177061 -0.162325026151762
0.062610511767428 0.0507602603153201 -0.164212674134952 -0.22193809254609
0.0113838293628058 0.0929483651272066 -0.00385589130206638 -0.205993334674312
-0.0724781364619563 0.077075940634906 0.0402172710953464 -0.0549844570448299
-0.108304288989711 -0.0609862984899885 -0.0516242915309594 -0.0754958877499524
0.0129344580920815 -0.132234232165233 -0.110031335263649 -0.262406201062605
0.101908181334544 -0.0702796593781351 0.134398557956566 -0.511107906607451
0.0856657230725195 -0.192983310609276 -0.0347407859016423 -0.303665716421684
-0.0625211747348077 -0.197958658279674 -0.0982070815027072 -0.133630212201591
-0.160555056627324 -0.0607124929494221 -0.0453695932536666 -0.0576138560278097
-0.111087657286646 0.133118291368726 0.0166395221125751 -0.0128212159248887
0.00696134125448122 0.17004806706341 0.0132960156870534 -0.115678447907162
0.103076950562679 0.13258617638492 -0.100840240230922 -0.165308458048892
0.156251308283924 0.0500788472654345 -0.191536867616523 -0.14726259667604
0.173725339871742 0.0301324828280785 -0.222938115788224 -0.118298978492814
0.179502969219995 0.0520910837811653 -0.216574678001704 -0.142653901792872
0.135811468233177 0.167124393040429 -0.143798344630759 -0.185395931544066
-0.000304051773888914 0.23411946991373 -0.0115616590040776 -0.171774199937507
-0.17282623140016 0.188135049846727 0.0108260572501484 -0.0351635284448145
-0.275756242010303 -0.0900749005345238 -0.083183748253402 -0.0637682951721942
-0.0881412180012365 -0.304606435916537 -0.119248395640411 -0.234716557119979
0.11002297950635 -0.273100531406588 0.0993412714901274 -0.446964444415675
0.105948918627142 -0.307493628123098 -0.0646095372918757 -0.227163187970671
-0.110904208425638 -0.29771688983414 -0.0742155543852703 -0.106513260755105
-0.245169230171624 -0.0986159854558318 -0.0601669012804727 -0.0758275351190019
-0.186105421198329 0.181981777610394 -0.0145123146102461 -0.00563927100746877
-0.0165660593462451 0.26172720762594 -0.00253016394294789 -0.0692797180376149
0.135996879681239 0.220856836264955 -0.0594229335269476 -0.10854252784122
0.227736209766025 0.106716145044091 -0.112637542895802 -0.116174685681856
0.25210483176245 0.0735826013853132 -0.142669915209502 -0.0960043602625689
0.255536856639212 0.0990311077459861 -0.138437901664163 -0.104807201682317
0.195308584802114 0.254157958526891 -0.0966227754002899 -0.124866933320282
0.00067847077451536 0.346683622724974 -0.00809329833058858 -0.113220384864769
-0.240320047280947 0.289754109826073 -0.0119400314276294 -0.00480955598513364
-0.413288824226679 -0.0861813072267224 -0.102963135248867 -0.0334769632669125
-0.189931625562177 -0.422969592687411 -0.111723902893813 -0.171804045403758
0.0918262896324776 -0.430978889414099 0.0656007862032993 -0.321673244925373
0.111350738367623 -0.388827781016082 -0.105591161793599 -0.102122452935119
-0.162810971179648 -0.373949377089338 -0.0383727040985824 -0.0431360187772371
-0.323052610126298 -0.122494125933242 -0.0599395849378767 -0.0834859422275591
-0.248030356851862 0.224836953378723 -0.049934911282893 -0.000813648686635433
-0.0357941206352425 0.329238155288219 -0.0276243192332311 -0.0062044757945386
0.153724150491239 0.282340532008584 -0.0126544603547286 -0.0245412740643285
0.268269844502139 0.148942624191912 -0.0156893661798081 -0.0615902511250697
0.291229047822507 0.105356445503808 -0.040815221793024 -0.0575151860727873
0.291416553039869 0.128024863409339 -0.0377797221955641 -0.0561776526012687
0.224774005902471 0.300410400482468 -0.0265816291099051 -0.050802418641435
0.00881964561133882 0.405078612422046 0.00917420143276566 -0.0367747423126015
-0.26362721495657 0.349766050336972 -0.0245158538421419 0.0341715768278514
-0.480262901237352 -0.0591288121682879 -0.103368052403769 0.0087971417114003
-0.262130187190044 -0.464395891504147 -0.0808102185396201 -0.084635757131009
0.0548049326457986 -0.509566886310344 0.043014135522997 -0.156582614240671
0.0945448223339405 -0.419255690151027 -0.146723464766222 0.0611304524072117
-0.201805194698603 -0.39899372109236 0.010694247648985 0.0534540545583339
-0.362621548603499 -0.121794121455144 -0.0453336988385497 -0.0722287660852863
-0.271278021543902 0.241456456617333 -0.0821406171873457 0.0106533516866157
-0.0447703489896374 0.347611990703177 -0.052686524791625 0.0708546755178336
0.152595479838052 0.300422166166501 0.0387857252687653 0.0747530697349717
0.270228636438887 0.165723755106621 0.0872491347702153 0.00752860975874725
0.287277963125164 0.119786140317084 0.0681674573371429 -0.0108845905279275
0.279156617704423 0.140224745870758 0.0684130816229529 -0.00395387718092615
0.212968230496276 0.299067154222337 0.0524005284811176 0.0236209714596045
0.0053968063104563 0.38996968297782 0.0351460490369214 0.0431065095761001
-0.239407372930771 0.333745546757649 -0.0293521727675876 0.0712950099315442
-0.445604785227571 -0.0346791487493557 -0.0886057494141263 0.0488807533932502
-0.267523187487988 -0.423798946781964 -0.0351844040132658 0.00120958370968652
0.0171623701898203 -0.495504951966986 0.0303728095259112 0.0141536970394265
0.0564974900596694 -0.379673078220449 -0.177144819187078 0.239804156991671
-0.205882383847266 -0.34726861047728 0.0627524311607761 0.160871807375842
-0.328395182544222 -0.0918847398519992 -0.0200508253072072 -0.041873292504541
-0.234279926428087 0.210280824763439 -0.101181671230361 0.0256855111976371
-0.0424215111235374 0.29876832729505 -0.0679735934477785 0.143812401733183
0.125906755471105 0.261857358469956 0.0893003243213213 0.167608008865515
0.230665006582742 0.152869521228468 0.180363313109485 0.0774596958068756
0.238378835587665 0.115701330738432 0.1668699317058 0.0363264168258365
0.223937107317252 0.133764107512272 0.160406816312807 0.0463392440311466
0.160685603961352 0.254095302277592 0.119499605633476 0.0875035514563635
-0.00974971847247507 0.306118750531133 0.0539969927162272 0.10782313386937
-0.185569847558307 0.240780685832439 -0.030636205010425 0.0930782019867105
-0.325312522649537 -0.0259113537787037 -0.0668697383980607 0.0733231697890569
-0.209638260073076 -0.319813201757162 0.00862217638028118 0.0640378973365652
-0.0152273878240357 -0.399732724664703 0.0275099438778623 0.1571597782756
0.007275734090186 -0.273092141851142 -0.18701282781529 0.396381168363567
-0.166671037583482 -0.226917373800801 0.107519662217478 0.252926411336605
-0.220690009654192 -0.0413823931436774 0.013379920117829 -0.00187658161809916
-0.147174234069217 0.134496399473044 -0.0986705020584142 0.0359365507460147
-0.0323477958383086 0.19139787135231 -0.0698143965660197 0.190690969543919
0.0769605778885428 0.175755793369057 0.126892600750989 0.232241015805449
0.151658396789759 0.114658877436887 0.247767812065095 0.134167235690519
0.15284067244955 0.0949209879662695 0.240720561325563 0.0766052926835598
0.137596716483148 0.110333128956634 0.223797209947167 0.0893830561355759
0.085289285187521 0.177124254520602 0.159198139652698 0.135112610985412
-0.0304620754888584 0.181678919969726 0.0559924317087434 0.148798957625286
-0.11579812721146 0.114066752137812 -0.0346197799306204 0.0916360332359219
-0.1652073318689 -0.0213879592445031 -0.0461881249755801 0.0764711043592744
-0.122582859286779 -0.18152859698466 0.0374230788084349 0.0954388967971011
-0.0414132771571659 -0.25164444324863 0.0275878735276073 0.250740569936737
-0.0413643003781289 -0.115156386577548 -0.176940692207457 0.501714042603772
-0.0956083643637836 -0.0669124286595588 0.141153301220416 0.309244186671205
-0.0738366854617241 0.0142687151515939 0.0530492128899774 0.0345156569408094
-0.0367536938553794 0.0365571831534543 -0.0764561054429749 0.0325859991982056
-0.0188302119325858 0.0539208869768815 -0.0615911764582361 0.200782140211336
0.0131199706020424 0.0635704090388247 0.145226620534853 0.257198918091863
0.0458508650546795 0.0594172267945689 0.276863161992469 0.168093414908371
0.0444763163666745 0.0606699791544111 0.276988734669825 0.104618408675609
0.0359871569410268 0.0714547243356884 0.251111057340617 0.11990787142249
0.0082823144960196 0.0803324176635301 0.168412233186469 0.164047051413512
-0.0388470901105417 0.0495068379930679 0.04288391044115 0.165638322746555
-0.0388289988041808 -0.00127385465822117 -0.0381066343991022 0.0746210831513953
-0.0154241865056343 -0.00426916767940836 -0.0255317827735128 0.065508256972307
-0.0440478546225973 -0.0359903479252503 0.0504457006197567 0.105243960053378
-0.0665926743301413 -0.0849651101129898 0.0286449868752001 0.292630414216669
0.056930895541727 -0.0662838895217809 -0.0327681201142402 -0.338043231441457
-0.0207956143960194 -0.090885989328745 -0.12181641399559 -0.129311419215016
-0.0785257321299454 -0.0184430743384771 -0.0245963216448945 -0.0391312849634349
-0.0324767925328333 0.0782343097618961 0.039527911350072 -0.032120298017776
0.0305287148745046 0.0670943394942078 0.0052791800251468 -0.151964725415299
0.0607805538412656 0.0315416882317788 -0.148673778982031 -0.187615658048629
0.064039948450554 -0.013471402816689 -0.255341052890897 -0.142355831979405
0.0697509947415008 -0.0248761451120171 -0.282126587733693 -0.111149832976518
0.0758355654945968 -0.0130675053905851 -0.275826678985089 -0.150703279624223
0.0668270243494164 0.0479490518389659 -0.180808484407407 -0.217807851977907
0.0184382378599124 0.0937331233945367 -0.0169118355787631 -0.211648602409469
-0.0685116364257922 0.0827426489354054 0.0403308014194348 -0.0592834987883462
-0.113913512744114 -0.0552730605251057 -0.0552296018710572 -0.0771471939349053
0.00487305841977518 -0.135715530757448 -0.1219970524799 -0.259808709525368
0.101483181584141 -0.0783012056831362 0.113893742993627 -0.525671495924534
0.0780900279527147 -0.203637372869498 -0.0476344317091443 -0.308118250120188
-0.0747458192230653 -0.197355904081117 -0.106836160695626 -0.129404387298001
-0.166497404930526 -0.0541792588940285 -0.0518676797174944 -0.0542731695819953
-0.104506470947913 0.139755568849563 0.0187414639799221 -0.0124764988151737
0.0171433248714618 0.171321820326289 0.00902439207594337 -0.118375273138066
0.113469112245958 0.127610505035225 -0.109985981707824 -0.163226711889386
0.161350551167278 0.0412794189012527 -0.203479509508347 -0.139794793977628
0.178178603896831 0.019524137201477 -0.234220065165239 -0.108970146373835
0.184736804429956 0.0414191231364645 -0.23047944836501 -0.133585969466824
0.148338473304659 0.162731352494533 -0.157668607449941 -0.181096393237863
0.0141976505214592 0.238548201067147 -0.0231283444277339 -0.176296535235045
-0.16583421666711 0.200271833949386 0.0106839870065113 -0.0373079517214416
-0.286256180259111 -0.0776491458735247 -0.0862292635891046 -0.0625111645414431
-0.106164948822692 -0.307576590166111 -0.130947582617925 -0.230810829213997
0.102174178036371 -0.286434158112358 0.0809477705986086 -0.45889252689327
0.0939633966508903 -0.321763329951686 -0.0738740162224599 -0.228128272071852
-0.129595998917944 -0.29767426481188 -0.0804958403939491 -0.10377887036912
-0.254819277970467 -0.0895189150323457 -0.068249918923707 -0.0716651036793668
-0.179393525505977 0.193383556122615 -0.0121172541158632 -0.0030142567199914
-0.00206362471104878 0.266934209484153 -0.0036573333294752 -0.0687370690920774
0.151670792557065 0.216889032290864 -0.0645161871197858 -0.108658946677262
0.236751984150033 0.0946279396113874 -0.122548489680951 -0.113797659000074
0.26011863284007 0.0605429010690698 -0.150532599559708 -0.0895368032417854
0.26487937477711 0.0853941369695452 -0.14884364518652 -0.09929861290656
0.214363993780652 0.248709573018098 -0.105575864162723 -0.12131109828367
0.0206920408266051 0.354108603257711 -0.0174233127665667 -0.116428379521244
-0.229383205953999 0.306280385578535 -0.0113685356188672 -0.00512807115367957
-0.426941798752216 -0.0680840437089718 -0.103470200009192 -0.03006379833842
-0.217626544028613 -0.422939532831993 -0.119308657719434 -0.16614525386383
0.0776990638836486 -0.446279160094889 0.0511222855092842 -0.329641924407781
0.0965032664545619 -0.406044322039202 -0.108617506361275 -0.0985287290585154
-0.185183766380371 -0.373742029335983 -0.0395122607409646 -0.0415556873240038
-0.336386318539968 -0.111747029998936 -0.069133046940318 -0.0788402468429475
-0.240505799166431 0.240966127289609 -0.0477975448521194 0.00409261574308695
-0.0180343310400367 0.338073363772927 -0.0264698153215597 -0.00193338689229174
0.174432415478899 0.280118455519667 -0.0120702556587669 -0.0255883059368591
0.280888296321303 0.136109584041333 -0.0209300797930758 -0.0645638367117292
0.302536753585956 0.0903680205843228 -0.0440050531831512 -0.0565041151117884
0.302541777194004 0.113215626248871 -0.0434333648626093 -0.0555188031476454
0.247016153191972 0.293883958031055 -0.0300965390186631 -0.0488926050779894
0.0310686243246935 0.413605682874585 0.00381181346883748 -0.0390081979121024
-0.248809792236999 0.368821735679563 -0.023961588473708 0.0358556216526617
-0.493457487863645 -0.0391435371399994 -0.101820749411274 0.0137375321223822
-0.291951754878149 -0.4613507066207 -0.0831631445029548 -0.0800449194906876
0.0377988768997515 -0.524473542347699 0.0341992401387421 -0.160408523363848
0.0777835892934164 -0.435978335922995 -0.143040468803673 0.0713963952303683
-0.226800187950013 -0.396772138701411 0.015110227652341 0.0538111656109842
-0.376654427473665 -0.108351413982163 -0.0540062397835465 -0.068266102646046
-0.264312596203302 0.259434626159381 -0.0811875675730348 0.0171548206513656
-0.0256681653820267 0.358865262120019 -0.0482643091184895 0.0789832514873031
0.173173727220334 0.298317794114131 0.0457783367504694 0.0732090481036326
0.284734124453063 0.152955778666669 0.0875392121706134 9.81796624245265E-05
0.299010716951649 0.105748992362953 0.0691654336257386 -0.0149761483634978
0.290524150846601 0.126725906542167 0.0674454654005903 -0.00740922200670484
0.23373318904082 0.293623861100346 0.0547080415994913 0.0225543281263675
0.0276229945233095 0.399137313320789 0.0342806212735692 0.041078932875065
-0.226461663132625 0.349456033676377 -0.0272837106003076 0.073926365036906
-0.458655669791225 -0.0148189665382461 -0.084173595066477 0.0542102751481981
-0.295834112998652 -0.419436183596702 -0.0320034851072659 0.00482157338011574
6.61445705704509E-05 -0.508347456097507 0.0292497902613281 0.0136557460627513
0.0416422088565592 -0.393039621516593 -0.166373138426725 0.253906023408307
-0.228109500523314 -0.34581506009316 0.0733784666260174 0.159926094300208
-0.339206367954541 -0.0803818783279727 -0.0259731985105968 -0.0392003208017058
-0.228898080277729 0.226335843423499 -0.100270600100983 0.0336348605966736
-0.0269796712447813 0.308427113785552 -0.0603186781165196 0.154701823595335
0.14384713575012 0.262148297828386 0.101875879649417 0.165236792441038
0.242719232903472 0.143011971735344 0.185814841075857 0.0652384712301969
0.249404134929966 0.104389128642088 0.17221175381851 0.0280991007097391
0.234781677069873 0.123040328526349 0.165002892936485 0.0382834381754126
0.178541804367064 0.251072738008376 0.126895183270476 0.0835457597832626
0.00620632310732651 0.313392697083679 0.0580486294982454 0.106348234185115
-0.176198357331952 0.253079921651145 -0.0283837198632554 0.0956982524053145
-0.333237407771213 -0.012319841870645 -0.0610934705522411 0.0783117703556482
-0.230693711436119 -0.316579769170626 0.015374489607908 0.0655645893282192
-0.02931481476949 -0.406941394091495 0.0323150185080222 0.158532031647264
-0.0037974979376226 -0.280059041528445 -0.170254851239746 0.414070831555931
-0.181124960325142 -0.223840765979794 0.121773003428046 0.250575903425904
-0.226579612522125 -0.0338093259643317 0.0109168709189157 -0.000373708386300484
-0.143982883085297 0.144900521673928 -0.098456778863859 0.0440017893886049
-0.022766716099452 0.198238098975848 -0.0598762665449758 0.202626944291862
0.0885024801566814 0.177265318522067 0.14351413252146 0.229862104695462
0.160036650152655 0.108808697316166 0.257779446984492 0.120128276688774
0.161196123569379 0.0886609298027889 0.249299774566332 0.0641948557477657
0.146106853485283 0.104596978402863 0.232286772053615 0.0789049922468494
0.0973004486752887 0.176244045418954 0.169172046905588 0.128977283278874
-0.0221956202611966 0.187584654365585 0.0625496361026519 0.147068132404003
-0.113231252452515 0.120445745175269 -0.0328801290460573 0.0938399254298178
-0.169390416348562 -0.0164622348152673 -0.0391840573979119 0.0805785241192234
-0.134149291343406 -0.180005247806806 0.0456112804887327 0.0953841696991747
-0.0505609835202108 -0.253204893018751 0.0374191960803873 0.252873087415011
-0.0458270112440139 -0.115804970226927 -0.155642522164039 0.520373709982906
-0.0995913885690216 -0.0634676885228219 0.157909012336313 0.306068271391162
-0.073181914284412 0.0165953972544245 0.0541154181545833 0.0339361951510527
-0.0360514755736107 0.0390546723898597 -0.0771376784173531 0.0393159343662846
-0.0169082879399509 0.0572291037992111 -0.0520344785782556 0.212355284869318
0.0166670800961027 0.0654553233324593 0.162434152696706 0.255121752167069
0.0500032681857403 0.0587668890477975 0.290501984817845 0.154161881787687
0.0486956913500034 0.0603687925314361 0.287906361336353 0.0908184046404083
0.0411125582874354 0.0719092101689368 0.262345165282915 0.10868743242053
0.0132729815049055 0.0817880979415076 0.179947430909378 0.157168887561004
-0.0387382258885236 0.0534033311712246 0.0509120713728701 0.165644373617542
-0.0415450519056039 -5.99067345890538E-05 -0.0370833133798426 0.076343651220529
-0.0159566434908691 -0.00620092203347432 -0.019545394089267 0.0679890485496441
-0.0460564216513253 -0.0349895508210345 0.0588220748481795 0.102788227046684
-0.0698139976135146 -0.081717747305395 0.0406222627847352 0.294471638214788
0.052169174337256 -0.0696673879748093 -0.0492207848045881 -0.335086055390757
-0.0269108158420749 -0.088433542044516 -0.128127407066684 -0.120706168158955
-0.0792594111072941 -0.0140439072030022 -0.0284616302316114 -0.0354288552757572
-0.0267446537099161 0.0784923946784577 0.0388989207943188 -0.033317305616922
0.034055920495048 0.0638270121538394 -0.00196017609112456 -0.150806756663246
0.0626442357035281 0.0257627204139231 -0.1570694159335 -0.177833204538206
0.0627919483003681 -0.0182222794708458 -0.260937264817519 -0.12547308731897
0.0669126417788386 -0.0293299364919914 -0.287132233169786 -0.0945453610455452
0.0739306022292035 -0.0184760653925524 -0.28466039832702 -0.133691283391152
0.0700756181896381 0.0434916527867513 -0.193116386665507 -0.206337793479547
0.0252055632104541 0.0915671499260801 -0.0299028319616249 -0.211113362466021
-0.0628413451852892 0.0857332767981739 0.0384715289070796 -0.0629784907027591
-0.117062371867339 -0.0480188449859465 -0.0579199692913431 -0.0762676987507882
-0.00373047853463164 -0.134770154507491 -0.132039789397608 -0.249868173765339
0.0969802794601094 -0.0848547937503577 0.0879282094740716 -0.52786339962499
0.0665048734930945 -0.208814245531949 -0.0607015238028658 -0.303825328772075
-0.0865268753527314 -0.191493758296613 -0.112715001483855 -0.121068604851104
-0.169020916232437 -0.0453299159222566 -0.0575434763440622 -0.0482724953027548
-0.0953321964097625 0.143508184885068 0.020007833031725 -0.0121204061802573
0.0272341866475252 0.168351554338063 0.00398853141354218 -0.117529036604613
0.120942442067258 0.118993227892149 -0.117508560686131 -0.156893204054949
0.161934489963336 0.0298744254959377 -0.210517911252592 -0.127328823956155
0.177275380011352 0.00842089407987295 -0.239388435431554 -0.0936226682621021
0.184778782094101 0.0293230307860422 -0.238876384606212 -0.119002128909026
0.157493258039636 0.153112727960563 -0.167742377071443 -0.170742941726948
0.0288801089644686 0.236828048118709 -0.0357366349080573 -0.175161698032005
-0.15322702303746 0.207336510428836 0.0107014282928395 -0.0392067367783312
-0.290471851093897 -0.0630080600379389 -0.0874271556815397 -0.0592994785190014
-0.123784413183301 -0.300695516605742 -0.138108961656802 -0.22038948345363
0.0889705919431495 -0.293520535138167 0.0574872243206321 -0.459755493809713
0.0775965225593737 -0.328974696424498 -0.0813202557620523 -0.223292814435139
-0.146008966670512 -0.288212299114773 -0.0843514865380637 -0.0977091563081433
-0.25899255162021 -0.0769459072378221 -0.0750581429024879 -0.0639365013385352
-0.166831962200537 0.201705744597168 -0.0095304504809623 -0.00147900880219483
0.0134580893464201 0.264604350834808 -0.0055791032367535 -0.0670937069455509
0.164785532400059 0.205365253735251 -0.0693861262803611 -0.105250768303041
0.240334544457154 0.0788646445445132 -0.130295149936365 -0.106957577213612
0.26106321001484 0.0439408716843938 -0.154794549153972 -0.0800480413392126
0.26614258413356 0.06779093037383 -0.155056905567818 -0.0895050003305924
0.227876268047943 0.235347131131691 -0.111991799739262 -0.1130822875532
0.0419033531117869 0.351459666473167 -0.0271265569360719 -0.115697523227538
-0.210801982500788 0.315800561838378 -0.0113479270145689 -0.00491458134348067
-0.429849463663986 -0.0453280142452515 -0.101926494735618 -0.0258565144586065
-0.239913808471448 -0.411225430125642 -0.123110992306244 -0.156799037128218
0.0579848109614991 -0.450586169258845 0.0340540207465873 -0.32854896824714
0.0751922483210934 -0.412874849010956 -0.108771526712739 -0.0920421966551939
-0.207501502764419 -0.36269106589759 -0.0394406866646927 -0.0390997858216488
-0.341420464745334 -0.0950572372716571 -0.0767093682013899 -0.0712055953283997
-0.225700240054094 0.251435276627343 -0.0443377502177502 0.00766488969076401
0.00179798374435143 0.337442950368086 -0.0242946570822713 0.00173541882874743
0.190454945354249 0.268241240020862 -0.0117985968492234 -0.0257687165275753
0.286396534139176 0.117217938782143 -0.0269122428573824 -0.0653453013294616
0.305593645391189 0.0713774096381028 -0.0470689966501708 -0.0536492564644779
0.305033334996978 0.0939895201749345 -0.047723475652573 -0.0517412672386785
0.263969625152588 0.279078818164002 -0.0318515704577639 -0.0456522675772174
0.0554402328543145 0.410783867170309 -0.00210398493245745 -0.0392442971178795
-0.227455179615998 0.379436443681256 -0.022043785477875 0.0364687059630634
-0.494848558611347 -0.0135961097620081 -0.0970857340373414 0.0183177707935981
-0.316063070180441 -0.445056539979001 -0.0826029881723358 -0.0732950853274019
0.0165274319909651 -0.527365399421975 0.0248289896826533 -0.159853845314338
0.0566142059455252 -0.441454425153427 -0.13442162266179 0.0784720669776488
-0.248024122458281 -0.38424367442225 0.0192727158632752 0.0512729205036338
-0.382047083345114 -0.0923540921631752 -0.0605490083783179 -0.0613440170766744
-0.248944455945181 0.270586227593038 -0.0770707205174833 0.0227064204743854
-0.0064935835002456 0.358940370325511 -0.0416378942141364 0.0847767596870273
0.190926783781162 0.287976763374691 0.0518480107884585 0.0690688933209647
0.290494185010055 0.135169031594119 0.0840699694032991 -0.00758844544617355
0.302489779338847 0.0871915259262278 0.0677976455839031 -0.0191225345100672
0.294852331049451 0.10826431215187 0.0655583588540437 -0.0105078189694298
0.251601110886096 0.278920056580859 0.0567664237085285 0.020311948104877
0.0501728607527925 0.39480320339735 0.0332084239699259 0.0387825458302714
-0.206305252762752 0.358182792157492 -0.0236042606948835 0.0754889247808054
-0.457428790318512 0.00853281095958387 -0.0767324095834431 0.0584546635801087
-0.317773754967968 -0.404143382146576 -0.0273156775280141 0.00770811699363677
-0.019783252782869 -0.508693495523346 0.0274936699329969 0.013028782062407
0.0230541878629773 -0.396890043291154 -0.148669177190417 0.261398616282579
-0.244792541340309 -0.331857634620097 0.081558714828932 0.153452669734183
-0.34325809069116 -0.0652387983912126 -0.0307570491397575 -0.0340602988564362
-0.216542285425942 0.236336907444682 -0.0961275449499998 0.0406892720465087
-0.00994894024493834 0.310033312930959 -0.0496079186143422 0.161394184752515
0.158917982345304 0.253434300274659 0.112935057437801 0.159146513642691
0.248727116852474 0.12757149535988 0.186062476799182 0.0516741784219545
0.253764242635433 0.0893867601399457 0.172623737852516 0.0170955593095656
0.239528296780677 0.108783076704988 0.165217967410996 0.0294274088281411
0.192980894083235 0.240021732960225 0.131547134910958 0.075733269053852
0.0246467815609912 0.312012711082008 0.0599798350173099 0.10218697360279
-0.162067044955964 0.259919048204557 -0.0244294934412755 0.096407413959613
-0.332740731822357 0.00321724221172974 -0.0520507025073246 0.0814091134978198
-0.247298064452897 -0.304712015570162 0.022462472702028 0.064699308953706
-0.044525063371335 -0.404185520738806 0.0377606957980251 0.156414479863833
-0.0168652469105845 -0.280184260170765 -0.147341824422614 0.420990932475554
-0.191572836787153 -0.213168686759166 0.133521697004957 0.240182848259836
-0.227271807723803 -0.0243386970849386 0.00872712996775583 0.0016950313832121
-0.135930081091675 0.151999282733281 -0.0941916471854867 0.0507549399009943
-0.0115155505353554 0.20009956579017 -0.0475106611969277 0.208893149616212
0.0991948554388591 0.172084460975736 0.158284074558426 0.220921704009957
0.164657288411851 0.0992176161412758 0.260832135540575 0.102645510876429
0.16539097033848 0.0794010274189379 0.251248875409225 0.0501849137169865
0.151146865950029 0.0961169647414137 0.234505493150032 0.0648663319780159
0.107801783332321 0.170426317063206 0.176239629077526 0.117858067027683
-0.0118962512919514 0.188582980781025 0.0679470768866268 0.142458124847412
-0.107664119216804 0.125152768931718 -0.0298260489934743 0.095265745819836
-0.169418451476095 -0.00989580951134375 -0.0307372807646635 0.082473071917919
-0.14272907296683 -0.172699040989687 0.0531599113225369 0.0908827339298162
-0.0591962319277487 -0.249585385879508 0.0470573659489975 0.249588816911671
-0.0498225737407972 -0.112835036098226 -0.128569315741789 0.526028370370989
-0.101661686023583 -0.0578509161727917 0.170790175624076 0.294123244402484
-0.07167102897075 0.0189431471202835 0.054327299239936 0.0324437175149784
-0.0343509360472079 0.0410979048931577 -0.0751043602114821 0.0455404843035215
-0.0138893698703556 0.0590011024954262 -0.039087103808351 0.217604926204473
0.0207695127459052 0.0655565623022323 0.178116007082542 0.245555325591682
0.0524261721447346 0.056266188863834 0.295947589670496 0.135152496299661
0.0524280116756927 0.0582997420130153 0.291196098562108 0.0745048546080013
0.0456417912351677 0.0694515706943817 0.265970683822239 0.092013590462906
0.0182062246367478 0.0815060067557873 0.187185580902814 0.144700069139273
-0.0364959186864657 0.0564485866228311 0.0589688894025726 0.160681706398542
-0.0432170760641962 0.00235266995428028 -0.0350952222164287 0.0770024679835556
-0.016333286282911 -0.00799826570373096 -0.0126024992483092 0.0685026005239382
-0.04727832796144 -0.0333216374535372 0.0657068085263223 0.096997507075943
-0.0708519800482029 -0.0767596686441205 0.0531507017565896 0.290274812977176
0.0471007808375706 -0.0710689224477758 -0.0588246803911178 -0.325960789581481
-0.0306456308581484 -0.0841053900067984 -0.130179537351564 -0.110099559681022
-0.0777048117851867 -0.0102450449106927 -0.0315732317041752 -0.0312524537881697
-0.0220044477151199 0.0766442273767347 0.0381039775632286 -0.0327388790334362
0.0362498316330599 0.059764950212494 -0.00583451264742974 -0.147838997424114
0.0622583939611538 0.0210253853738422 -0.160660780195547 -0.166950273687989
0.0596289370984979 -0.0217836742844212 -0.259961974672273 -0.110465180595416
0.0628298650901058 -0.0324301105525729 -0.284810377662033 -0.0799089705526775
0.0705229217413753 -0.0226139477597194 -0.284882798420126 -0.11825790398682
0.0704863703930419 0.0385573787160126 -0.199712527833296 -0.193518131879726
0.0292715885820923 0.0880714780256651 -0.0392886068026217 -0.206497918613184
-0.0560700625073628 0.0864638404209278 0.0372985481193036 -0.0648658822007363
-0.116594503039446 -0.0415110366599176 -0.0591443503561821 -0.074523193566199
-0.00973922995130572 -0.131186655942835 -0.135126369732397 -0.237880482398377
0.0916323034553446 -0.0891501857776219 0.0712581368439683 -0.518533050046191
0.0560529758587303 -0.20882330404451 -0.0680310962335947 -0.295799646993098
-0.0934226370196039 -0.182335765749416 -0.113910702855943 -0.112214086717007
-0.167525814966771 -0.0383756872010117 -0.0601421143067514 -0.0423588771597868
-0.0862434052238125 0.142707169849328 0.0209900223124997 -0.0120938664254124
0.0339801921724403 0.162323690787094 0.000466987582025337 -0.114334281845776
0.123583394351424 0.109030056107026 -0.121176656934819 -0.148747416093557
0.15826090211949 0.0211775218538972 -0.211555285115637 -0.11581432979551
0.172749394509984 -0.000535289200582338 -0.238602386897276 -0.0822795525312601
0.179524212844273 0.0197181523658139 -0.239749399785992 -0.105302467977423
0.161547699402356 0.142754993773487 -0.172088224277438 -0.159150876826143
0.038998303369685 0.230375482265821 -0.0442529829166236 -0.170166796593822
-0.14074133326236 0.207594644362652 0.0105733117596007 -0.0397742541511777
-0.28700093412251 -0.0496349280787705 -0.086270571482446 -0.0563912884439221
-0.133452421787429 -0.290496333099605 -0.139430398468943 -0.208224237739668
0.0785084591728509 -0.2938568615536 0.0425057878096041 -0.447902569413184
0.0626653779138182 -0.327082722473628 -0.0842768100004271 -0.215731992471033
-0.155708365300997 -0.274927854939637 -0.0844226748206039 -0.0914150029086633
-0.256725118405415 -0.0661539952211265 -0.0789341518960674 -0.0564094193906962
-0.15391963389969 0.201730487847525 -0.00704456451670304 -0.000638948558550387
0.0244847828772095 0.258210683777535 -0.00678143319092698 -0.0645650580154288
0.170898351925244 0.192840042942168 -0.0709535785885962 -0.10107598281531
0.236751110309926 0.0658735266557892 -0.133981601051291 -0.0997077818384093
0.25560522055275 0.030093595765383 -0.15467338934647 -0.0721092414710517
0.260228025326238 0.0545023131751969 -0.156534581193279 -0.0794244430976593
0.233449938807821 0.220593438177307 -0.114253000530372 -0.105455213447151
0.0563275234972059 0.342734176516085 -0.0342512327427666 -0.111807294964153
-0.193054759699684 0.317131271732909 -0.009895662925476 -0.00395627848856429
-0.424452690277608 -0.02859007766523 -0.0979593483420701 -0.0221784017776679
-0.252037198025716 -0.394262661407326 -0.12236000234503 -0.146808577295085
0.0448678678852064 -0.448260098296458 0.0221507890605889 -0.321284149942362
0.0574783323285703 -0.41075610419744 -0.10565824109362 -0.0865540878325013
-0.217402308636351 -0.344584600807855 -0.0389321693366771 -0.0371569024873142
-0.339349790101632 -0.0818927436854076 -0.0805352274282068 -0.0624386995533767
-0.210902907129787 0.253805227010609 -0.040417967310013 0.00986850907556432
0.0152504113878694 0.329698546806534 -0.0224359227235172 0.00489109451801243
0.199824666594216 0.253550475640726 -0.0114551297037104 -0.0262672400363864
0.28315971285794 0.101898708398893 -0.0322755253585587 -0.0633633037963229
0.300847674879174 0.0554578641099759 -0.0481557987795558 -0.0508506778357457
0.299901087125374 0.0785736368515575 -0.049355405720068 -0.0467894390336388
0.270801541570958 0.262393873659764 -0.0326501365631839 -0.0427675027085181
0.0712232382739509 0.39937102072239 -0.00678850949787343 -0.0376947221586121
-0.207738915240922 0.377952086026762 -0.0197406043752157 0.0373877844870823
-0.485792017954414 0.00615974596649626 -0.0909413549691538 0.0206834663217423
-0.328853652296552 -0.425134500704822 -0.0789512901209657 -0.0671099022321151
0.000505612297608125 -0.521043778433905 0.0179809332906049 -0.155486588961765
0.0387658961671816 -0.43767970173976 -0.124823983850677 0.0813269366446596
-0.258739191003872 -0.366284394317993 0.0214804239466721 0.0482953792020934
-0.379055694947859 -0.0777930148715567 -0.0640577883187512 -0.0532229277535026
-0.233786831680976 0.274166687965689 -0.0716687416448503 0.0259656770282391
0.00921669300445273 0.352917445739306 -0.0353664648117918 0.0872557118824571
0.200792920968655 0.27434355620085 0.0551997640257726 0.0646453915910626
0.289184342089297 0.119635335818451 0.0778872208173038 -0.0126653568610055
0.299376226705254 0.0714088270169506 0.0662470828660085 -0.0219795005322851
0.290120580602196 0.092650869751379 0.0629950269183804 -0.0117134587870686
0.258761330862469 0.263035607380103 0.0565386538817194 0.0181699240894529
0.0661762549517503 0.386066950629566 0.0302922772005283 0.0366303826118486
-0.18713001774336 0.357380499433033 -0.0206568494963694 0.075555408662949
-0.448815730279526 0.0230525246072598 -0.0690670700035451 0.0590929121705082
-0.327816229933517 -0.38434158525668 -0.0221042475684825 0.00944790822333616
-0.0330524324013224 -0.502000035712841 0.0255947974637621 0.0137495552857812
0.00807617135940363 -0.392260624972485 -0.133832336535359 0.260896861131671
-0.252557026083139 -0.316837793396968 0.0854535613305513 0.144985179229209
-0.339278606741337 -0.0541127288195997 -0.03411398834117 -0.0279113369999729
-0.202753454235719 0.238756042744393 -0.0903221672968005 0.0441650371208499
0.00301072424429215 0.304768767556734 -0.0407044972030175 0.163455774332484
0.167952559013629 0.242008546319731 0.118944559015025 0.149318484108605
0.247470078625456 0.114626886371747 0.180813628234229 0.041665174487089
0.251557796745249 0.0758203688296885 0.169858510759482 0.0093597639099705
0.237081534917623 0.0960826545865117 0.162086340163429 0.0222688193569517
0.199750397965132 0.226623114014449 0.132156067148134 0.0684401133639515
0.0367693080056785 0.305513286709563 0.0602971342434066 0.0973617234818396
-0.149608853356541 0.25865429149665 -0.0209805679544672 0.0962279616270156
-0.326477310976785 0.0148342668929273 -0.0430263619490324 0.0804598461792613
-0.25421055821672 -0.288416696600709 0.0273905040665223 0.0620044020764861
-0.0538835498759745 -0.395859808465775 0.0402875629371219 0.152374192505686
-0.025908451022484 -0.275641508408707 -0.126643312504576 0.417602331123698
-0.195120425928178 -0.200869677903197 0.138059795553616 0.228355347196088
-0.224007187945309 -0.0176073363985808 0.00662426463565604 0.00432497246593105
-0.127854526437191 0.153330051867205 -0.0889400330489987 0.0548039564967851
-0.00328287470906562 0.197585054865726 -0.0363757488429827 0.210119902310609
0.105360987903876 0.165504815944917 0.166145765579384 0.209375821594612
0.164857403927757 0.090530819079905 0.257449496263978 0.08777824996275
0.165257715656649 0.0705814877096899 0.248434356303574 0.0377812260080547
0.151389510411752 0.0885757459887133 0.232149192263336 0.05347672171374
0.112980993374281 0.162571655107359 0.176813244541448 0.106878795617879
-0.00385969710335637 0.1864203737751 0.069887254692655 0.13585923136679
-0.101686439951252 0.125817342351668 -0.0269395277149088 0.0938100739969772
-0.16686654977966 -0.00516747113545574 -0.0227472288590156 0.0806053249830537
-0.146307999155018 -0.164357280988709 0.0578989370196843 0.0851787024540033
-0.0630121218813491 -0.242287212794563 0.052603419977617 0.242813322471638
-0.051642853586745 -0.108262991854921 -0.107432461922605 0.519028676259252
-0.100784742071876 -0.0525763652401931 0.174990291166998 0.278720198081204
-0.0688657911909343 0.0194250193215104 0.0532836713060805 0.0317336189347961
-0.0320782851116137 0.0412660366767575 -0.071287708424203 0.0491833420226273
-0.0107489905706893 0.0590768989918121 -0.0285331667915478 0.217774254846403
0.0232395296225351 0.0638031627098164 0.186449550072255 0.233553904473465
0.0538377486409343 0.0534100265713099 0.294014312244471 0.118486903941011
0.0541654576533278 0.0554986265742563 0.287698180437819 0.0602292311810221
0.0478890326822392 0.0665670887469197 0.264421199831583 0.0787268543635674
0.0217626053831769 0.0796197768598908 0.188781827934587 0.132940944193732
-0.034148855883473 0.0580130019505064 0.062716772562474 0.15402286158008
-0.0444001133755799 0.00360729086519124 -0.0328337758613874 0.0754772056053155
-0.017204269310035 -0.00985129057603899 -0.00603426978316878 0.0667898055552651
-0.0469614536734508 -0.0315814984908371 0.069081475940089 0.0902844832394692
-0.0693947257182325 -0.0712770019248689 0.0596639211218718 0.281637110132563
0.0733067815914972 -0.0448351474787791 0.0728430969696691 -0.319927193227294
0.00738255549945529 -0.0864761098690521 -0.0768371449441706 -0.148462121440174
-0.0656008144305426 -0.0418268897838174 -0.0192569067681593 -0.0345059149263439
-0.0510268133542355 0.0574785121710168 0.0525622224245202 -0.00996905886728876
0.00665245105922998 0.0686832393939815 0.0590091808736986 -0.135865590717684
0.0473393023726092 0.0425213976278712 -0.072975263222836 -0.21593730886038
0.0612275627909295 0.00296494050649769 -0.187818360665012 -0.204306883293524
0.0681059394596068 -0.00547054289634853 -0.222577594067571 -0.185650219902345
0.0693230964029726 0.00672607546378546 -0.208619621655618 -0.217564107993236
0.0473187026402186 0.0621395462816714 -0.103485840316297 -0.253420535628128
-0.00809261162971375 0.089474487238258 0.0470772210171153 -0.19957886809594
-0.0835735193793622 0.0552067327124994 0.0613695312566787 -0.0442389475577516
-0.0938623658164687 -0.0811521109325267 -0.0221899767690045 -0.0942234861476878
0.0345434362172241 -0.124311862214276 -0.0191252271297523 -0.266360220805501
0.116186838961201 -0.0582087910537858 0.279346325106632 -0.431298658857154
0.143756418328444 -0.167414380246698 0.038790055293843 -0.294424583522274
-0.00569037940710567 -0.199860462221365 -0.0667720762184224 -0.141117389953886
-0.133510614829937 -0.104524785620292 -0.043675300112617 -0.0500542877296411
-0.13431724221205 0.0881230871411463 0.0321329745586798 0.0065727942067524
-0.0374134769269092 0.158038797761505 0.0568224507551114 -0.101254873229529
0.0663246970782116 0.146102674879897 -0.0409404440132445 -0.183273664255541
0.131251252424567 0.0809129449378901 -0.142313472381534 -0.190675855174179
0.154369276074778 0.0663469548279881 -0.180177563582937 -0.169094973561085
0.151396988661832 0.0868943433769279 -0.173509107080321 -0.185542502428067
0.0902029722922879 0.190551796107951 -0.0935861413058008 -0.208707988039257
-0.0534843933845184 0.222464160691797 0.0265539219527071 -0.168783987154462
-0.207049850765786 0.132280767728989 0.0233596988559477 -0.0315076247299722
-0.24790589577611 -0.153644627958879 -0.0535886358396238 -0.0918533625156862
-0.0188640144482658 -0.313289207939044 -0.0283411847242134 -0.248920441851419
0.179876125793309 -0.251175687735759 0.233569098869815 -0.376042006337243
0.203552769257269 -0.27367655358869 -0.0209925803696954 -0.22788638514107
-0.0203178573918112 -0.308337106991682 -0.0541093180289584 -0.109137063827964
-0.202463208592236 -0.168458345981793 -0.0577911809571059 -0.0641215993566968
-0.219309071657856 0.110685942445893 0.00471772615432231 0.0106905967790188
-0.0846625123580326 0.238971376550312 0.0347281768786323 -0.0570708859062449
0.0740778063675697 0.239089863639466 -0.0114533183206806 -0.119864531244157
0.181906835143535 0.151250835842174 -0.077038797901578 -0.145843988165502
0.217894267489785 0.127513354483434 -0.10940406325289 -0.127414249122946
0.210898134926667 0.149792896036627 -0.109512978008472 -0.127808902810566
0.126663140871782 0.288363097757782 -0.0633151788215052 -0.135108510826176
-0.0799271357755923 0.331063674811467 0.0105822362937494 -0.111629845972353
-0.296627544868941 0.209430797382624 -0.0117231332298121 -0.00819445873244323
-0.381615968747706 -0.186152147720254 -0.078076193568969 -0.068037118057232
-0.0875586653898242 -0.451750643715019 -0.0332411524497944 -0.193910393041106
0.207618993915111 -0.40409277990793 0.170803601971563 -0.267744717659682
0.237646025559712 -0.351506253117933 -0.102064106528236 -0.118284902915846
-0.0447374755334567 -0.396908151440979 -0.0394475692325039 -0.0391711830579217
-0.269687864217741 -0.218028718758986 -0.0586179466356856 -0.0648620144682948
-0.291144545248577 0.132457795004256 -0.0277574225983985 0.0106727548215267
-0.122708375391564 0.298464082869803 -0.0039318004459635 0.00097066844518758
0.0750058587347058 0.30508528096972 0.0145581737437596 -0.0284820983445001
0.20839912413079 0.20286083582631 -0.000365348499496713 -0.0730435848452534
0.248405076819054 0.16749977291145 -0.0224803643740216 -0.0658442296471381
0.237243350102396 0.186746296042614 -0.0268678746943718 -0.0554413804827598
0.144597507751517 0.339201398167601 -0.0151400048055069 -0.0456428937458635
-0.0880359900414863 0.389606018950536 0.00437763278535495 -0.0338544574141754
-0.332711454196576 0.259970775342237 -0.0398833938289207 0.0264155670819604
-0.451746931958416 -0.177792282256497 -0.0893676036108323 -0.0273485620314827
-0.143314883460732 -0.509132215926377 -0.0255673927233067 -0.109164036889254
0.195389459941487 -0.484328298466276 0.103423238524692 -0.121121858999067
0.233168869217907 -0.384530124761009 -0.190785791530473 0.0267501813550301
-0.0708714044009372 -0.433866244150006 -0.0214299981319815 0.0633652478229724
-0.306339043206095 -0.232439451548942 -0.0478059861562777 -0.0470106392533575
-0.31956078593835 0.141049804315656 -0.0621266394247822 0.0147888817431278
-0.137918859266286 0.315308893193088 -0.0488342681500761 0.0715167779707732
0.0671110668327623 0.323514600072491 0.0384999455435643 0.0806918224507256
0.206227311061658 0.220775859658958 0.0786952384473809 0.0168417255183733
0.24092100734134 0.181818484547254 0.0683822300005124 0.00541171423175185
0.22382464985764 0.19598569908874 0.060176129720025 0.0207962600706338
0.134294148985003 0.335779911032552 0.0417616498432418 0.0441511804789824
-0.0864160786683757 0.375009003011459 0.00757890227987546 0.048043156201662
-0.306920036060391 0.2499191388739 -0.0564252673678567 0.0602892543299821
-0.421947669930371 -0.147641356764384 -0.084942222170603 0.0168232400817673
-0.157095700805549 -0.469543439106266 -0.00684806677924816 -0.0192665573979775
0.156806916805211 -0.474413544568386 0.0413449539153566 0.0316702839446847
0.185687246281678 -0.355386181100411 -0.267733585349173 0.18700735600922
-0.0865112870105861 -0.387795100718252 -0.00155233311470122 0.175659414532885
-0.281227680150487 -0.194205461049489 -0.0280191225110994 -0.0146417983302351
-0.279589630745366 0.122999155704411 -0.0885645806539169 0.0216699143835107
-0.123594120397284 0.269891776652027 -0.0871402042300371 0.138403608735699
0.0508265236365642 0.28258687664403 0.0596661405509976 0.18305591369347
0.17171387458021 0.201028822497371 0.148428329386124 0.106995470607423
0.196536581114078 0.16803097705032 0.148949820208765 0.0748550001942152
0.175541075454458 0.177779857549219 0.134201924855764 0.0891807319517266
0.095685220212823 0.279758840447962 0.0893592802046586 0.119035754795949
-0.0809148158631304 0.290819843840786 0.0102520756601802 0.113230006708174
-0.234184743094539 0.175578112835832 -0.0643741564005484 0.0778528805685578
-0.305798804153018 -0.109682810461273 -0.0692545985677817 0.0486023104591981
-0.123523703431051 -0.355650804091615 0.0136902997637618 0.0511933346566793
0.101081852814605 -0.383174722554046 -0.00838305092480593 0.15915699000789
0.101981794753586 -0.262234614897007 -0.313675103052033 0.331998961201412
-0.084385323254072 -0.261863603119722 0.0175274289749656 0.268465106437127
-0.192088485819273 -0.11285553297596 -0.00103953793910982 0.0232556431597561
-0.176587775429401 0.0790666255146484 -0.0963368989688796 0.0249048612528233
-0.0845209965772211 0.171829634643795 -0.108910802379073 0.179757744116906
0.026019116080641 0.189974797926516 0.0729755325141603 0.256193003788827
0.108322687635512 0.146153323933033 0.197140298016518 0.180590900987492
0.121862773254071 0.129035734724158 0.206676619824404 0.131935114620394
0.102905834544289 0.137788683333999 0.184749413721159 0.142605372205905
0.0414445519181607 0.188994367768734 0.114541379531894 0.169478496692542
-0.0735133117855787 0.16786945541442 0.00482794401091406 0.149807218205241
-0.140174155996472 0.0742284701802775 -0.0665208571468134 0.0726716682728798
-0.151029137256853 -0.068214813479532 -0.0496712401917305 0.0593395180671219
-0.0699206662688283 -0.202279112329844 0.0265589209429701 0.0895536720260816
0.0359004299424874 -0.241981570319662 -0.0414318515813317 0.240732696309155
0.00318190050093607 -0.120288305453033 -0.319509079042227 0.429875875835327
-0.0648662111729571 -0.0899623603035629 0.0374469805574737 0.325025257470935
-0.0682697619343922 -0.0134312045528474 0.0338078794838631 0.0565479557607929
-0.0453177881366806 0.0221727974578387 -0.0829915661641967 0.0201824581595177
-0.0332993498546393 0.0463594729741317 -0.111711431635775 0.189136981789454
-0.00632384330715602 0.0664005811401013 0.076440127316324 0.285595470870385
0.0253511147698769 0.0696767226294569 0.217468118582351 0.224050971672949
0.0276716628899856 0.0721589004251005 0.233673199383059 0.168868550331304
0.0190490401461974 0.0786414546957682 0.203376789188619 0.175839527049029
-0.00878620780951546 0.0796143518893462 0.115376536940848 0.195018444449784
-0.0521688922689584 0.0405193298591578 -0.00814426593184404 0.161124650310016
-0.0423336902432964 -0.0131031710898852 -0.0624548982924032 0.0532229306877876
-0.0116343676501025 -0.0164596338642691 -0.0282754197315145 0.0559942782427094
-0.0283630995412469 -0.0459605779246334 0.0290771321149059 0.103882701405025
-0.033965859487101 -0.0853908095998739 -0.0575204616870963 0.275188082968379
0.0717448012655188 -0.0469973241181178 0.069164755788721 -0.320248217646888
0.00445761703959827 -0.0852850740960178 -0.0788447784893528 -0.144260494807833
-0.0668973054011776 -0.039804410105882 -0.0220528028069938 -0.0320339150909283
-0.0485913192431945 0.0582811961819556 0.0531287262060969 -0.00950031101954176
0.00852482055650353 0.0675755242977351 0.0573177361437694 -0.136788138581421
0.0483338806246414 0.0402102398742754 -0.0771385011348865 -0.212730227136474
0.060935132477567 0.000594564465412539 -0.191518678594539 -0.198204114108794
0.0667633753353268 -0.00785737193444246 -0.226208509613435 -0.179992070831002
0.0677501243315661 0.00433551926639119 -0.213773176808974 -0.211870158962471
0.0485563494028763 0.0603899618156891 -0.109299192855163 -0.250361795025993
-0.0047401978253434 0.0894717211625282 0.0419447018878308 -0.202129994409089
-0.0815573306190411 0.0567207399427727 0.0626868769754246 -0.0466434961601777
-0.0958244856091879 -0.0783140297084142 -0.0229646518686862 -0.095139864047407
0.0317263189309442 -0.124155403758489 -0.0210158740922042 -0.26250662805268
0.114631459646204 -0.0619308020155438 0.272798196407057 -0.433253499976216
0.139290000225431 -0.171308693015964 0.0367726352097775 -0.293786225697186
-0.0102346180788274 -0.197614498731729 -0.0680383778823542 -0.138644021384924
-0.136355473252841 -0.10200036254609 -0.0472077991764211 -0.0462178970909459
-0.130806131320092 0.0895112667408533 0.0334187852576683 0.00676200345945415
-0.0333727873978385 0.158322646579142 0.0557221934242933 -0.100993004896737
0.0698437994499061 0.142642017092145 -0.0448767610919849 -0.182055474834912
0.131295545836048 0.0767042273111334 -0.146650742123333 -0.186298077926809
0.154472174239941 0.0616789417184563 -0.182931112824849 -0.165300851614074
0.150700967671302 0.0828177334169372 -0.17744419687217 -0.180116587176222
0.094342561838635 0.188393833336389 -0.0989187717741906 -0.206080977300958
-0.0471162119514038 0.223292994310365 0.0208552709628282 -0.170232753703087
-0.203218796874678 0.134481906222362 0.0255293168406116 -0.0322261853511644
-0.251409036467049 -0.149207336404492 -0.053010730784501 -0.0920381059574211
-0.0242910468423194 -0.313756831139641 -0.0296239443863607 -0.244422532345209
0.177940514427787 -0.257298924265438 0.228629162427261 -0.377436738074966
0.197379682463348 -0.278779489448989 -0.0206330516920282 -0.226299951212359
-0.0267116432524593 -0.306318405379834 -0.0538288265534653 -0.106459006444622
-0.206641046221535 -0.16503860237812 -0.0619376607945445 -0.0591440550936733
-0.215271993243834 0.113893603237351 0.00704069056136519 0.011396486949256
-0.0786822516939311 0.239525394416075 0.0341117656944733 -0.0561603575901062
0.0801377636588908 0.235759169447067 -0.0136492917481044 -0.119896407811414
0.183645965400187 0.146525827907857 -0.0821726896354236 -0.143777333849606
0.218751263661299 0.12092547156373 -0.111390494574427 -0.124980723933279
0.211485928055214 0.143795810715431 -0.112518106373683 -0.12396055881908
0.133313595356753 0.285392662564809 -0.0665323255885353 -0.133419669918625
-0.0717195228896153 0.333615376097379 0.00537406372001294 -0.112429557630011
-0.29218943149607 0.213922960688914 -0.00981144947202347 -0.00742256440674345
-0.386685142756803 -0.179196214541604 -0.0763967425573133 -0.0674954575012185
-0.094453182911339 -0.452131292385251 -0.033119712134828 -0.190013800968786
0.204649333526196 -0.410231086730028 0.166539807284063 -0.267281600558231
0.230880175363406 -0.357998942740096 -0.0996003486804684 -0.116371081372947
-0.0514192123729979 -0.395360216488558 -0.0387911523190149 -0.0385778857591313
-0.274502941624635 -0.214207943408582 -0.0625866489442884 -0.0596490788787346
-0.28714769955577 0.137173509099348 -0.0250372389135515 0.0117877659315639
-0.114997834041035 0.300713887151701 -0.00308712009794918 0.00367206318428198
0.0821076461394306 0.301936389172873 0.0147654228213167 -0.0287960706183383
0.211431199539103 0.197340292207242 -0.00462948450719824 -0.0735445382201678
0.249804383163902 0.159829423032307 -0.0233152183677796 -0.0659745278659926
0.238271141833036 0.181021754502169 -0.0287986422025806 -0.0538703724763403
0.152578944120988 0.33607334026281 -0.0154698288899818 -0.0444879179566525
-0.0781998844894687 0.392515590760069 -2.51523241645772E-05 -0.0338538559432007
-0.326897346499856 0.26437941808173 -0.038039180202866 0.0275306594417605
-0.456262332977601 -0.170605262949281 -0.0860280069786498 -0.0264005393357357
-0.152951860753858 -0.50645911669747 -0.0236415640807676 -0.106914851564102
0.193355086267172 -0.489656103809734 0.100682069843645 -0.12057588341384
0.226217156944022 -0.390496685231434 -0.186247804556787 0.0298565939657236
-0.0784143247816667 -0.431875476393114 -0.0197347469528501 0.0623792979904816
-0.311781623194533 -0.230391018153812 -0.0518562512816098 -0.0423378015513577
-0.316793437154646 0.145509776874271 -0.0592589593908647 0.015791671940039
-0.131630571613635 0.318294559567481 -0.0463572242989422 0.0760512015901092
0.075996538795339 0.321556738366587 0.0408175468724568 0.0795894224989626
0.209588831534199 0.215804091479078 0.0758085407525619 0.0139833467813689
0.243137615469484 0.174796864651262 0.0680381601420403 0.00340382119623527
0.225299878424072 0.190486460400308 0.0602955531466497 0.020109160671346
0.142130345047114 0.332737398212445 0.0428445041801446 0.043787687342361
-0.0769742748993198 0.377978642036687 0.00470683272393239 0.0477368765068885
-0.302932523519615 0.25339375852195 -0.0546258361315924 0.0623726491001198
-0.426035377244646 -0.139782746585789 -0.0798742260312434 0.0179019308147852
-0.165665033129481 -0.46849521932065 -0.00373179574662346 -0.0178983548695042
0.154250670835609 -0.479565789997675 0.0402676687161098 0.0324330088488921
0.180838320051849 -0.359202883481776 -0.262472687149205 0.190241133786138
-0.092407690029483 -0.386050166033591 0.000693917949640904 0.173482063531263
-0.284239120572303 -0.192578385623527 -0.0313631977201003 -0.0106778757168852
-0.276587970915076 0.126705770795905 -0.0863896547053774 0.0231475357068732
-0.118091819774826 0.27342656583044 -0.0839725313236935 0.143395445261016
0.0582193071638404 0.281251046735319 0.0646165037082117 0.181814454596066
0.175154169691891 0.197511731296019 0.147837866022879 0.102437160835873
0.199201209134274 0.161430765899489 0.150152913843386 0.0707038690094682
0.177130470205725 0.1742210548312 0.136504093212841 0.0863370032707193
0.102154683318508 0.278032044460804 0.0922780097925911 0.116161637882155
-0.0745858811248209 0.292930876041223 0.00949094050553393 0.112390429457648
-0.231589714639837 0.178300912762376 -0.062871785705257 0.07992431554118
-0.307340128151921 -0.105068202862185 -0.063074754157138 0.0496233225076119
-0.129875051946475 -0.354090978973796 0.0175007202048039 0.0507214585164986
0.0989248984283231 -0.385129692445758 -0.00718748676380072 0.160023036404394
0.0988387431121668 -0.264021147144996 -0.308801759604512 0.335910283702348
-0.0873269793472055 -0.25981712641972 0.0201250999227002 0.265667311006423
-0.193845445381006 -0.11157142121339 -0.00266741402828379 0.0257809020787141
-0.175003826693368 0.0815046302274576 -0.0950143323390699 0.0269791571811147
-0.081519479090678 0.174127965449678 -0.104262380740987 0.185988244987026
0.0304102855462597 0.189344476492275 0.0793284524452018 0.254838831576053
0.110625747165161 0.144764802006297 0.199172276917999 0.174822330618021
0.124065338913328 0.126311003995191 0.208942323324171 0.126342004096841
0.104669578400327 0.135752629828142 0.187867919663736 0.138130817720585
0.0469198594582277 0.188330337131122 0.117632291623786 0.164991134719998
-0.0697277966825278 0.170468018463047 0.00574980431855633 0.149229034751589
-0.139512304183459 0.0762433183624817 -0.0659843058789885 0.0745114201734777
-0.152523698805729 -0.0667998371361461 -0.0431989558778463 0.0600214764812846
-0.073395891339794 -0.201944883954113 0.029977828486454 0.0875177891209043
0.0344561489568299 -0.242997811196565 -0.0395901703560075 0.242136748135469
0.00244138378991221 -0.119522915816848 -0.314801579661658 0.434142261178396
-0.0648686098438981 -0.0878459184809054 0.0396317349738016 0.320701198783035
-0.0680571220032318 -0.0139435000937448 0.0331926153127464 0.0574503856050965
-0.0451109069368067 0.0220414108907636 -0.0829155887479055 0.0221742297390209
-0.0327419157076219 0.0473536604109345 -0.107815477206229 0.193848749377703
-0.00459493669955918 0.0668758195051458 0.0834566185090784 0.284749340009602
0.026419881315591 0.0700130743497978 0.220952283053212 0.217988975461309
0.0299634048149583 0.0716464154818506 0.236260323650106 0.162958044640061
0.0217471494494448 0.0782878132196138 0.206367387565923 0.170490183454638
-0.00652322030785415 0.0799364731135084 0.118563665163004 0.19069583066346
-0.0522958160395876 0.0423080943450874 -0.00549356480710673 0.160306409531434
-0.0439764836187091 -0.0122250710187936 -0.0631680754243405 0.0532872583183321
-0.0121844590778373 -0.0183288566616703 -0.0228703336418373 0.0556681547663635
-0.0291280024817137 -0.0461007546101109 0.0318764179704157 0.100840341188646
-0.0331263060967706 -0.0833606385897667 -0.0556933878989304 0.275126493535297
0.0694045864140101 -0.0503848707874535 0.0634056193500118 -0.324435688742067
0.000603377514781998 -0.0849595443050361 -0.0826458238719745 -0.140721652619961
-0.0689201440267206 -0.0370172475661644 -0.0252211424226932 -0.0290656725074479
-0.0461145741093497 0.0599594825168577 0.0535525452764043 -0.00922952165453311
0.0117773417359386 0.0672329270977754 0.0534879115620453 -0.139571240863569
0.050060780495976 0.0375695477742657 -0.084769000092831 -0.211626772174879
0.0605588399566212 -0.00275171275408147 -0.198860274186784 -0.191629497723437
0.0659001470537694 -0.0110892384114302 -0.234380402671692 -0.173252697087133
0.0676344996312318 0.00146777658134489 -0.22402543115569 -0.204699452056075
0.0515360764989319 0.0593858485275016 -0.120404870145604 -0.248384587523582
-0.000818016009188598 0.0895680019987061 0.033936653495349 -0.206279710478974
-0.0786867237139278 0.0597407189951971 0.0635927489528681 -0.0511492170813682
-0.0991032156491134 -0.0751091107528244 -0.0258522295470955 -0.0969733074775257
0.027492666337802 -0.126212103982147 -0.0268079946705384 -0.261141641424609
0.113248911939959 -0.0681683741553915 0.264731167729378 -0.443272686697717
0.133773307429243 -0.178521121885902 0.0323541672519593 -0.297144941776977
-0.0180352327808737 -0.197167021357021 -0.0711017616985796 -0.135144395334122
-0.141806733454252 -0.0979664219003475 -0.0511342883527198 -0.0421877027168826
-0.127547039163345 0.0936566301846899 0.0349800132668429 0.0067204004202321
-0.0271005996383597 0.160148860487391 0.0528083192783654 -0.102977103963325
0.0759904295975772 0.139999288779009 -0.0513284905010504 -0.181475278553558
0.133835670877559 0.0717121761289868 -0.155115514415033 -0.181450806517456
0.156595111898105 0.0550221228006615 -0.190314479804916 -0.159963685065613
0.153105053397032 0.0771508493802341 -0.186369052061941 -0.174118958424773
0.102971114992149 0.185906283350777 -0.107306410361123 -0.203633215842514
-0.0395177729482604 0.227556138645019 0.0130456280045413 -0.172928904354746
-0.200362026024827 0.14119961068052 0.0270521767319952 -0.034560197612658
-0.259054705630186 -0.142111648384187 -0.0546523592261188 -0.0922602528230351
-0.0345932539009087 -0.316613328447766 -0.0338591485724182 -0.242873716385663
0.172917978318295 -0.268318544952642 0.22018160559041 -0.385490657361446
0.189594087542711 -0.288957366029179 -0.0231552837025001 -0.227834658150476
-0.0386194164481358 -0.305130124117987 -0.055980567556918 -0.104445573204995
-0.214455274811256 -0.160259457782619 -0.0664491431101964 -0.0537161320881749
-0.211792378058781 0.121697763835865 0.00863401479558695 0.01140546403648
-0.0697135261254601 0.243963909185456 0.0332738538394062 -0.055616202612489
0.0902085843338633 0.233876030967133 -0.0178522889888704 -0.120091738857442
0.188952502974656 0.140927782706729 -0.0893565114930433 -0.1414901032455
0.223258566764099 0.112825326069201 -0.116224729736863 -0.122650897599463
0.215854935900091 0.137092174838845 -0.117809633986773 -0.119958838200484
0.145751517014524 0.283041173869424 -0.0719936474688051 -0.131714163849617
-0.059681788812537 0.339686074181766 -0.00184251438294532 -0.112801173524983
-0.28711049055911 0.223389031547484 -0.00807090660253393 -0.00731765044704663
-0.396908485338102 -0.168709072143484 -0.0765344187000428 -0.0667137027500291
-0.110014373889413 -0.454300923105737 -0.035615602318335 -0.187770411586396
0.19653890761551 -0.424396994443923 0.161063670187522 -0.272046944150304
0.221069870805215 -0.370350350052895 -0.0991700995885196 -0.114699143696854
-0.0657250481705315 -0.395014438061168 -0.0389825597779593 -0.0372598175008453
-0.286023056633272 -0.208741348268832 -0.0674028636992306 -0.053138282229012
-0.284468562035952 0.146211951134729 -0.0234664825421224 0.0122433827231976
-0.105201680012194 0.307191458485794 -0.00262703658729302 0.00674059819104917
0.0953389543614416 0.300932924142507 0.0146476960264743 -0.0290519191735275
0.21849569029361 0.191473870524744 -0.00989839361700982 -0.0739745761573649
0.256365096597116 0.151587459699942 -0.0257715113355831 -0.0668047116107651
0.243795665906656 0.173036391430178 -0.0297988231894937 -0.0523088615037526
0.166738587245939 0.333365232657508 -0.0173759352465404 -0.0438921598378957
-0.0645032663121169 0.399747277313373 -0.00461750526363875 -0.0336111552306546
-0.321857325781236 0.275743688121669 -0.0356945234178791 0.0301318204591245
-0.467450022095735 -0.158198529281997 -0.0830143109600341 -0.0249666054144175
-0.170728296308594 -0.507569310229015 -0.02319906630168 -0.105335498676311
0.182953869279357 -0.50413954077892 0.0981506258311451 -0.122936804626777
0.21712839721199 -0.402208243803815 -0.183021267228431 0.0352237276164185
-0.0925132303072004 -0.430838899689938 -0.0175582353251383 0.0630778052810908
-0.322603136782865 -0.223386903603189 -0.0556664841138164 -0.0359746529558788
-0.314728411340332 0.155652073069286 -0.0577857855791318 0.0170720715076269
-0.121204930839242 0.326029793917944 -0.0437661389955326 0.0814273226551052
0.0888638511383556 0.321206102363079 0.0454560985815552 0.0786362410118721
0.217965050990335 0.21047617904586 0.0743543675821619 0.011421178261116
0.250353317405849 0.16608585532859 0.0686407354421233 -0.000393975722740614
0.231611487962651 0.184031885159845 0.0618642159162657 0.0187872886987864
0.15654923777997 0.329654747609575 0.0448054852978824 0.0425242170451912
-0.063389270571897 0.384112492641472 0.00314293316098569 0.0491212229275169
-0.296133835452214 0.264154193574471 -0.0521972917369484 0.0654137625290271
-0.435620000666544 -0.12878678358852 -0.075038203016296 0.0196353974755164
-0.182243971061549 -0.468285170384948 -0.000883224695156112 -0.0170553321866867
0.144560427132752 -0.490779031505301 0.0409109900825171 0.0333575386018841
0.172168227390425 -0.368665382695367 -0.256112843439284 0.198468477945864
-0.104523555247851 -0.384467426560602 0.00548397964815932 0.173463742064138
-0.293941672882174 -0.187738010588106 -0.0343216899135656 -0.00561703005226935
-0.275667941277897 0.135124961503649 -0.0850622202074841 0.0254790330068839
-0.109670961937098 0.280104697876753 -0.0789735799378006 0.151421242438431
0.0697657790466031 0.281448301390481 0.0734192880456367 0.181453985294911
0.181987823347366 0.19324332309377 0.149725796945283 0.0970662516297774
0.205608715225566 0.15545021032267 0.153485879361935 0.0645613708614916
0.183129488015643 0.169237720136466 0.141010056088228 0.0818291039665887
0.114983863254782 0.276731039932407 0.0966866331183039 0.113244824958387
-0.064895404196913 0.299045739774617 0.0105692562684576 0.114361560403253
-0.227222114617452 0.187153216996957 -0.0607722878716936 0.083713048131455
-0.314659375447788 -0.0976282709781102 -0.0570742357721891 0.0509728703917418
-0.142000684864865 -0.353548164960291 0.0214122693951304 0.0502557788625795
0.0919628245130421 -0.393711986579008 -0.00411741526964515 0.162665072299226
0.0923575558515771 -0.269997290165273 -0.300798279783806 0.346476232040136
-0.0949354857292675 -0.258477744393302 0.0262878181161931 0.265411884028964
-0.198898312306417 -0.109694166857736 -0.00471330025347892 0.0288621272646155
-0.174500696610355 0.086466799258043 -0.0946982432593553 0.0299955588513282
-0.0764117072358865 0.178650099730184 -0.0985089119305111 0.194776158571343
0.0380708138554862 0.190088044164294 0.091746072762676 0.254202707707065
0.116830340765481 0.142644787867661 0.20451186738217 0.168126924597298
0.128870585923511 0.122597574465115 0.214740199429901 0.119462849150577
0.109965359727114 0.133581976979512 0.193402146678067 0.131965425869591
0.0560310340886335 0.188394598543032 0.124386164484007 0.161353481249209
-0.064791807230586 0.174578415800102 0.00901289774830121 0.1503185465317
-0.13893484852906 0.0808486984705498 -0.0646936217659193 0.0776061385851645
-0.156608459710944 -0.0639381356262936 -0.0376317267766914 0.0606230522898499
-0.0798687800513742 -0.201345172047089 0.0341047630274723 0.0855668354710435
0.0309153069969505 -0.245743971654877 -0.0343131046482916 0.245506791860146
0.000131633923288224 -0.120616426867731 -0.306456366579409 0.445738162370529
-0.0665249710920327 -0.0865947843783027 0.0456267676812333 0.321096197542765
-0.0686062565055364 -0.0138137043699702 0.0337563673678351 0.0584962357564224
-0.0451659291989534 0.0224334208346645 -0.0832578836345758 0.0248213399493175
-0.0317136389495225 0.0488717901451313 -0.101145383017117 0.202232347462602
-0.00204717136998191 0.0681455428319284 0.0966464251907553 0.283746346486263
0.0293158182793102 0.070067408665238 0.229319674731321 0.21066770852015
0.0325078911055853 0.0714891878771114 0.24323246944247 0.155457575091499
0.0244007863050346 0.0791179383428089 0.213545239594179 0.163339320300831
-0.00264887006589075 0.0809832538502513 0.125387455367763 0.186832659369109
-0.0520852107000699 0.0455056359124302 -0.00107376823846529 0.161479331395879
-0.0464263005200546 -0.0105853560428043 -0.0628705555641804 0.0558520429379081
-0.0134508595607508 -0.0202498148827532 -0.0177347066218081 0.0555678690968658
-0.0306876835724561 -0.0456496911509769 0.0361667346895954 0.0983263175294868
-0.0335137054300468 -0.0820270028658384 -0.0499642472653503 0.279058711750541
0.0653425514810812 -0.0540557257655343 0.0497556652501681 -0.326358052132739
-0.00479147490183812 -0.0835756856845848 -0.0879322179824152 -0.13436595726543
-0.0712033534792692 -0.0321030687137055 -0.0275970935997749 -0.0251226746609633
-0.041650808812041 0.0624477269739303 0.0537779891609591 -0.010644360684503
0.0161437341179969 0.0657134881208751 0.0466868554683307 -0.140309787432288
0.0519386545168241 0.0333794663494912 -0.0959314770800229 -0.20466005643167
0.0591410640165274 -0.00684684865073172 -0.207988285031864 -0.178170978158226
0.0638600431772955 -0.0152302084846753 -0.242305667862586 -0.159408885737893
0.0660649801452128 -0.00334633595364945 -0.235405190478816 -0.189525722293998
0.0546733130932789 0.0562137042736193 -0.134839016435848 -0.239643481056112
0.00508456970610136 0.0889675197244144 0.0207567151527392 -0.208261031656625
-0.074466649183766 0.0628966563489538 0.0623724098440658 -0.0563222923532499
-0.1027244375692 -0.0688337120704445 -0.0310738466674717 -0.0968904624138034
0.020305329363781 -0.127450684882468 -0.0361103469305826 -0.256507910498791
0.108680035736906 -0.0758961204291145 0.242653983102017 -0.45528439136886
0.122602316020146 -0.185256733485896 0.0209792534172814 -0.298008133454076
-0.029210007796021 -0.193454040627956 -0.0753328946273637 -0.129454990372998
-0.146690556541856 -0.0889883668273376 -0.054186435063953 -0.0357000537604535
-0.119891472209556 0.100110285799196 0.0361425762168535 0.00558371659560389
-0.0169520165968183 0.160582750831531 0.0480115171604661 -0.104095931076776
0.0837642289505492 0.133519417758745 -0.0607419307637026 -0.176975665614209
0.136651904967233 0.0631124942618701 -0.164604489290058 -0.169980280673167
0.157506066765753 0.0452656804498964 -0.198287762040817 -0.148564072487886
0.154889608562459 0.067660121296488 -0.195581508543496 -0.161223916807237
0.113087445893256 0.179584246131902 -0.118849430812614 -0.196454882905349
-0.0261386868164947 0.228423160305586 0.000998002338055271 -0.172642816932795
-0.191035544365634 0.15106082887805 0.0270826293969244 -0.0376003408363898
-0.266671403892542 -0.12787719886722 -0.0583575069682365 -0.0904037689630174
-0.0510571339586235 -0.314425822224184 -0.0423062470851986 -0.237834226860018
0.159336012827599 -0.279616547678195 0.202892696890165 -0.394442684912471
0.171827591504751 -0.299544541958556 -0.0304665524193175 -0.226895635726676
-0.0545040622492868 -0.300449299604205 -0.0594429975596163 -0.100618177201187
-0.22358905106814 -0.147848801865298 -0.0697909865879865 -0.0463305117173171
-0.203108927387301 0.131692495600517 0.0102469100202249 0.0107916803527365
-0.0553075461624071 0.246987620193072 0.0307823497047186 -0.054811711623409
0.103383589568047 0.226436349815676 -0.0239718275844945 -0.117708825901155
0.195502111790113 0.128888500147633 -0.0981462057995094 -0.134305335285043
0.227575016784346 0.0989289472389739 -0.123336580076058 -0.116919601349436
0.220536323134079 0.124221218833441 -0.123637462018568 -0.111635682675961
0.162170691709761 0.273513767327167 -0.0795919709724441 -0.126128042277478
-0.0397370558017129 0.342410010775389 -0.0114756399197796 -0.111868103985637
-0.273801743452376 0.237010188377941 -0.0060670929188985 -0.00748570490804669
-0.404744242995721 -0.148332823567116 -0.0767894719166824 -0.064168181282145
-0.133726127289127 -0.446799153822581 -0.040453336888255 -0.183176527562465
0.175388515220488 -0.436751166886239 0.14809612995259 -0.27810325781679
0.200326862077172 -0.382048479527935 -0.100829507645954 -0.110773476960145
-0.0866218876382285 -0.388588442244656 -0.0387260716978761 -0.0349083801549291
-0.297636927789081 -0.193835000947907 -0.0714555793944552 -0.0447116889707589
-0.275107568144829 0.160177631966262 -0.0216388008411309 0.012756730194635
-0.0864722111187255 0.312122927172937 -0.00114935877772614 0.00975006109783412
0.11270607473836 0.293488012856126 0.0136992044592417 -0.0292849490372397
0.227988166238585 0.177950933735169 -0.0155740727508457 -0.0724027665766597
0.262127639521974 0.135506524234311 -0.0299109951182047 -0.0660522225698643
0.250779633216973 0.159340840966739 -0.0319570604522008 -0.0498678024247267
0.186962018313928 0.322933570114942 -0.0198070920710027 -0.0423256009608165
-0.040099910758445 0.402438111436813 -0.00977941853653696 -0.0316353012257557
-0.305386600390787 0.291372629611159 -0.0319704691680342 0.0318320288096284
-0.474844160876297 -0.134597323911281 -0.0807155139591516 -0.0220004515618359
-0.19549872131601 -0.499272043655957 -0.0248435512829978 -0.102436628187148
0.159719694831898 -0.515766066633966 0.0924782429956126 -0.124739643743803
0.194687496352573 -0.413147702984229 -0.177983730794808 0.0426015569676295
-0.113920652343349 -0.424322455115257 -0.013828199798365 0.063157885195034
-0.336673694945472 -0.206436146940338 -0.0589074013761584 -0.0280363375500291
-0.305509087030453 0.171006187166655 -0.0554222556249808 0.0195240501250939
-0.102297439076411 0.33231956730443 -0.0376558300792627 0.0875544049343736
0.10744666557373 0.315167102705672 0.0517214880802999 0.0767302942599726
0.228248213208705 0.197841987173038 0.0713794960680475 0.00712321647084654
0.256909424309775 0.150880118897144 0.0677855438231351 -0.00532737147448092
0.239309266536001 0.170662876322349 0.0632918098681671 0.0150244755849256
0.176292056311842 0.319498751725335 0.0474490190451053 0.040125397185273
-0.0405037826991031 0.387693887479406 0.00302662244059785 0.0503042480761783
-0.280590004631928 0.278483941556818 -0.0473460503742577 0.0683109598263349
-0.442177704804739 -0.10457800775049 -0.0692730448162723 0.0216194754421303
-0.206878613808633 -0.459279182768293 0.00180630415536143 -0.016943842183347
0.121911066904487 -0.50075166659614 0.0418722731278561 0.0333869338875319
0.151835357503584 -0.378447799292591 -0.243383885036015 0.209648698064403
-0.122548896450969 -0.377610561849758 0.0131195872608414 0.172103719472949
-0.305107959836498 -0.174077231413526 -0.0357229423529625 0.000665653366960349
-0.268417789167191 0.147606926417868 -0.0834217115689516 0.0292880669751106
-0.0934988748489727 0.286121025415873 -0.0685551683352298 0.158830632020179
0.0856812058503135 0.276985792898029 0.0843070791156235 0.177343986829353
0.192197464829325 0.182765484428337 0.152286387191115 0.0885288142662922
0.212717473287859 0.143223983550217 0.155604402002579 0.055420380107324
0.191072670033585 0.159412458145753 0.145613828837156 0.0737639697203328
0.131647078530981 0.268625081453186 0.102951895862743 0.107117555211722
-0.0478074766810334 0.302326335762507 0.0146070313292125 0.114375416221839
-0.217169200716734 0.197832313956666 -0.0554795468293406 0.0872999822178819
-0.319454771671372 -0.0803959803144338 -0.0492297803702637 0.0517576740067933
-0.159785214115694 -0.345529564155222 0.0264499047529563 0.0480263417151645
0.0745595331891972 -0.400443697114102 0.00337859110772612 0.164549357967445
0.0789787514259249 -0.273274498423199 -0.282346736227432 0.359461564108758
-0.106604324878258 -0.25217593812782 0.0373706493762766 0.262268873409987
-0.205241904719581 -0.100839857317615 -0.00428121548974086 0.0329231437671506
-0.170958865036934 0.0941183634168219 -0.0928238857408173 0.0338723849144877
-0.0662664091682964 0.183130720226587 -0.0864651022460476 0.202826199732402
0.0487366525870801 0.187417720454097 0.106787444326015 0.248741990597289
0.124028415974912 0.136816072564103 0.210955526853192 0.155363671388366
0.135025154365102 0.114113277068237 0.219623477500567 0.106583452650147
0.116669142108047 0.127199109088587 0.200160495291461 0.119317179088429
0.0670360297138202 0.183307171690295 0.132220640237994 0.152779057984755
-0.0547186028603824 0.178395602789062 0.0154899270426657 0.149909587075568
-0.134583425739928 0.0879169947405735 -0.0605343395832433 0.081097740545286
-0.160141719751768 -0.056441791640803 -0.0290279948960682 0.0600346158360764
-0.0902951930296409 -0.197018858565552 0.0396832760672235 0.0821775662865143
0.0210165870716738 -0.247512595879984 -0.0229932770122737 0.247153419508621
-0.00500858614878331 -0.119246734345331 -0.283581527548137 0.460128598681528
-0.0693388987264972 -0.0828113078699299 0.058253448374367 0.316400928311213
-0.069098370575946 -0.0119724450493125 0.0353024374707696 0.0585762489796313
-0.0446151706561347 0.0237606595466379 -0.0820167058769058 0.0294322394347868
-0.0294294739592124 0.0510046113811985 -0.0886357855860326 0.209588226309068
0.00173952066785024 0.0685933128075092 0.11362030447713 0.278083494398835
0.0332276827670608 0.0693094122167032 0.238285847424556 0.196067595802771
0.0367345543711725 0.0696460564413184 0.25018679420315 0.140492472410077
0.0299418243818862 0.0775199001761836 0.221431624962198 0.149720169318093
0.00279297693516767 0.0804749826025459 0.134104271886966 0.177591731165785
-0.0496211834299177 0.0491565387721973 0.00717187249296988 0.16073341562368
-0.047816359900016 -0.00780899962654835 -0.0608094340954609 0.0592467877290274
-0.0151018535851496 -0.0203734275217 -0.0111645587220562 0.0544578348587548
-0.03239791263548 -0.0441889216100892 0.0403583476500746 0.0938192072929061
-0.0351127737833707 -0.0791356947447859 -0.0374277622757663 0.280501702269968
0.0593700623699434 -0.0560207484672803 0.0337181725800533 -0.319475788509317
-0.00999059721041727 -0.0789285458949439 -0.0896775406524738 -0.124654587565542
-0.0701583307689235 -0.0260981596107384 -0.0282277475768774 -0.0211441099950635
-0.0352681820437196 0.0624213759415738 0.0526019170372853 -0.0114292640614796
0.0198448699483546 0.0619177220576277 0.0382261601043311 -0.137926249994131
0.0518046172626226 0.0279906379205277 -0.103252503841289 -0.191265147777986
0.055681755875484 -0.0108756433017144 -0.209292549677887 -0.159136739736573
0.0596590479691285 -0.0182925628089806 -0.242540877376616 -0.140421921308633
0.0623945404472903 -0.007044429279905 -0.237117966242912 -0.168802052784437
0.0563048397645099 0.0506947352507587 -0.144031714166143 -0.224125770151691
0.0108900625848344 0.085560829856371 0.0075241630202726 -0.203470270954591
-0.0679495743275991 0.0637056028105943 0.0588957495663208 -0.0601711834154913
-0.103250313888146 -0.0599962596076436 -0.0354076941161026 -0.0923671880897605
0.0125196937644115 -0.12452017249509 -0.0446021306804323 -0.244212339244352
0.0996028418300003 -0.0809582999069422 0.213183139689629 -0.452528030302454
0.107203434190836 -0.18652178242527 0.00877703812597208 -0.291379830100908
-0.0390946429120032 -0.183808537118191 -0.0776480500305359 -0.121200639409665
-0.146777196381239 -0.076571264609853 -0.0547464217032766 -0.0288923731589077
-0.109171398077483 0.102695117678997 0.0360541699189437 0.00375078073945077
-0.00650214553825745 0.155058053350328 0.0415170459072486 -0.102171622994714
0.08904844872534 0.123226699494635 -0.0679520612322881 -0.1667653126493
0.134406611301972 0.0526349829887432 -0.167784814254628 -0.153670297790456
0.153374873160626 0.0352977631561506 -0.1992832692035 -0.133223524094136
0.151610009222795 0.0565745968319412 -0.197257417348229 -0.143706622409078
0.120140337784656 0.167049726496887 -0.12610199069514 -0.182653330960981
-0.0112250138864088 0.222894017270133 -0.0105396502946674 -0.167589739018863
-0.176933709305623 0.155540414670874 0.0257906540204973 -0.0395069457511282
-0.265293884211745 -0.10934694886318 -0.0602706769485996 -0.0853484358524783
-0.0658288279549189 -0.301875739812286 -0.0486463627384742 -0.225829712151075
0.139163551275192 -0.28118915173636 0.177661655301098 -0.390774450269434
0.149402381968552 -0.299108920784558 -0.0370349490221503 -0.220068035380221
-0.0682785980959486 -0.285484186912697 -0.0605152936444287 -0.0939476779706567
-0.225261005666095 -0.12918968854329 -0.0702232306498155 -0.0373007895188747
-0.187967850596062 0.137252672011682 0.0112620127073311 0.00911933411541878
-0.0379730928123818 0.240971084783229 0.0281929979868748 -0.0531416210606905
0.113536776171118 0.211727625267842 -0.0284077342914367 -0.112283030560218
0.195111334464783 0.11356925678461 -0.10322624589752 -0.123406327927811
0.223789333441151 0.0816004335841862 -0.126255198359269 -0.106138249862569
0.218427654050711 0.108117870681437 -0.1247994409804 -0.100275281273612
0.172526102928949 0.255097810222098 -0.0837949368243354 -0.116792408825712
-0.0191839412879286 0.333220901288697 -0.019331692311569 -0.106591011661091
-0.252373978921452 0.243642522679794 -0.00466561567960732 -0.00782808433718381
-0.400983522464521 -0.121308345485293 -0.0752465587754815 -0.0596990108384846
-0.153785700735206 -0.426985191497245 -0.0441754162713236 -0.173947381348016
0.148015636013098 -0.436128431420138 0.132064298736123 -0.275168452414867
0.172915456185413 -0.381168140125006 -0.0993626138556073 -0.104356664850531
-0.103486350336402 -0.370326667875213 -0.0384760357633526 -0.0321321500518409
-0.299796346014615 -0.171040660803341 -0.0715124625623087 -0.0357477704718755
-0.257038448057108 0.16878309771294 -0.0196371327793256 0.0122996420511688
-0.0652823911967205 0.306342484227242 0.00110957639066369 0.011954628256099
0.126070145695309 0.276452667910055 0.0132000472830347 -0.0290221437620848
0.229826623443754 0.160140380105754 -0.0210599885571307 -0.0680048550296505
0.259141424085002 0.11552631023851 -0.0333207301494449 -0.0632496142633149
0.249382250506723 0.140543483210644 -0.0333601070789725 -0.0460295912693628
0.199585459531784 0.300711348898188 -0.021576367429774 -0.0392472106668371
-0.0158112297081371 0.391848628486852 -0.0136213742503822 -0.0285242780158102
-0.27943467775867 0.297804949738345 -0.0280315094567216 0.0317300493744968
-0.467085698520173 -0.104024988065458 -0.0765224849119665 -0.0193871177938288
-0.217929789562516 -0.473015676223612 -0.0254397512348863 -0.0971208833136949
0.129713742050101 -0.513917239550522 0.0837482753756521 -0.12370745178091
0.166638083996587 -0.411796252804894 -0.166186187107418 0.0483908344147882
-0.131975423743843 -0.403914719093485 -0.00948868440840416 0.0617658537913423
-0.337991894737123 -0.18370751036717 -0.0590742547153703 -0.019563262732236
-0.287529132491262 0.180995946568697 -0.0530990118976494 0.0203287874733541
-0.0789728042382645 0.327205804056802 -0.0297054711708735 0.0892459996583139
0.12259569436895 0.297373400641575 0.055692781938701 0.0709679295614618
0.231583962995243 0.179012659082668 0.0677416486082338 0.00320779640268232
0.255849752520832 0.131132089117165 0.0643932578534454 -0.00983113984648701
0.238724190487713 0.152324344813794 0.0625624236257134 0.0109699514972626
0.189655075755248 0.298470308493623 0.0476640524762045 0.036411506708326
-0.0171231262700049 0.377202244898543 0.00314280453678163 0.0505418566054123
-0.256642940588879 0.284413771332031 -0.0407045269672859 0.069217063862387
-0.434341899593745 -0.0780059712645553 -0.0618008774046795 0.022102543242921
-0.22412647667942 -0.433887407520993 0.00379484206985068 -0.0169216927943521
0.0940439994332999 -0.495524866835155 0.042842157165727 0.0318140481107351
0.128285997294336 -0.374033695835585 -0.223455441582059 0.213737918950446
-0.137292264062003 -0.359234507071205 0.0206903425266916 0.165718314705168
-0.306191229689365 -0.153800289140866 -0.0354081293509426 0.00663526786033432
-0.252919255744998 0.156438731131111 -0.0794600437264389 0.0312243633066351
-0.074565155033416 0.282439905867377 -0.0560634209039754 0.16039576368376
0.0996701909469945 0.262620706641665 0.093659106828399 0.16685330119454
0.196124837983789 0.16611765235084 0.149653984230989 0.0767520420613394
0.212530312353344 0.125422517870881 0.152091761589143 0.0440144400668628
0.192763660984011 0.144005964977088 0.144210221897393 0.0623015212475914
0.14327505126985 0.251573291982605 0.105182825685448 0.0971554813632561
-0.0282347828662812 0.29552885478291 0.018114423779859 0.111935021887723
-0.19907529521469 0.202732198644342 -0.0482821751461003 0.088052482638326
-0.314162629812468 -0.0610853174117012 -0.0409385436337038 0.0496367170090882
-0.173926472604095 -0.32684392142064 0.0297183618863441 0.0440734163043207
0.0539659914509464 -0.393784171687809 0.0110386838467309 0.160350879326264
0.0635339738241991 -0.268429305968278 -0.255164999925681 0.361857867383388
-0.114613481779758 -0.238866259630831 0.0469427244445402 0.251471935092073
-0.205233401417152 -0.0887767523544136 -0.00289317731850631 0.0350955301332044
-0.161143912236767 0.0988504919787939 -0.0889140940531985 0.0370790021128701
-0.0542210993895004 0.181205043304663 -0.0705009552073393 0.204209290300964
0.0581333388892097 0.178627335785051 0.11912192443627 0.234488163340557
0.127761354225537 0.125804502140543 0.210406685516507 0.13771042277572
0.136310191366155 0.102971270331385 0.216685065751408 0.0904309219633939
0.119418518074381 0.116849200881949 0.199294807042747 0.103009035073145
0.0761749544749709 0.172966492193377 0.135501507656928 0.139492069601943
-0.042853890703086 0.176081310605063 0.0215936616345692 0.145286766708102
-0.125414772924805 0.0923221812555711 -0.0538628880455355 0.0823299514477558
-0.157928592444128 -0.0461821905995354 -0.0211460888510803 0.0568521673326581
-0.0978008591687262 -0.186034159499052 0.0431815165326389 0.0754590146691722
0.00978640050015992 -0.241634378479681 -0.0108827706082309 0.241749941135943
-0.00985098864592528 -0.113854820126727 -0.253953606000121 0.458588683843323
-0.0698905060679894 -0.0765609362915019 0.0688076874772517 0.303445765164923
-0.067727524734106 -0.00981307788473454 0.0365022357255192 0.0566156897714059
-0.0429312437901177 0.0245807188328315 -0.0789264096622286 0.0328384649574959
-0.0255516202674845 0.0514832801266631 -0.0730494992485512 0.209785137508023
0.00519665545087716 0.0664115109777272 0.126761483483892 0.262095849833964
0.0360210845834984 0.06553751040848 0.240633153856752 0.176195305444068
0.0393820581207775 0.0653210455720999 0.248562516335478 0.122661010758914
0.0337571200278134 0.0737271171450111 0.220568955664181 0.131188584487597
0.00733466348295339 0.0773550039922699 0.1388735567759 0.163467792568581
-0.0458985597719891 0.0510027754283387 0.0151419597608716 0.154646096514896
-0.0478926102031397 -0.00476972162078108 -0.0566002078381134 0.0608349055466595
-0.0160767153347851 -0.0201784101883536 -0.00488147308405579 0.0505219311651469
-0.0334090996262381 -0.0410024674742325 0.0437380072399064 0.0863853186427225
-0.0357862989420719 -0.0749445272905443 -0.0229076105103412 0.273641226880193
0.046812299988976 -0.0644744191900328 -0.00850555512319081 -0.30155470534353
-0.0191965974859047 -0.0720013033775531 -0.0977873332624326 -0.103563357503076
-0.0687538679435978 -0.0147068638100828 -0.0269705249736134 -0.0134311322903987
-0.0246715609259629 0.0611781115557612 0.0520787228867062 -0.0188090582100382
0.026177243702822 0.0548799893278387 0.0197710217018376 -0.137275958857927
0.0507118236007891 0.0193150563889669 -0.120388556681139 -0.170152921754999
0.0482002560027992 -0.0165295630314365 -0.217177223430528 -0.127762013667923
0.0525276289555812 -0.0238930286853868 -0.243734554448204 -0.101581849875577
0.0562267635656045 -0.012992938963242 -0.241582539446405 -0.129837249493677
0.0588220967346541 0.0415561059287763 -0.162567014308142 -0.191242978883358
0.0199314001425605 0.0789761759148525 -0.016391250545967 -0.19292982011956
-0.056161314052707 0.066445141505732 0.0495558455926246 -0.0633696898785442
-0.104261624225092 -0.0410338511606216 -0.048631908916696 -0.0825342181985308
-0.0065370831120978 -0.113535964546874 -0.0706275102708603 -0.227698204231016
0.074453879843444 -0.0902094426502649 0.152879992075774 -0.45541602118704
0.0758931845144476 -0.196123260283881 -0.0306787101502658 -0.25992595752652
-0.0574990914074798 -0.167119521707087 -0.0845744331223822 -0.0988082318834271
-0.147173815249176 -0.0532652054148261 -0.0493450299173976 -0.0142258161918004
-0.0898672812128399 0.106673407170562 0.0408724535870318 -0.0020868313614214
0.0129275780195214 0.145285082159568 0.0307930107151611 -0.106014467812707
0.0966131923094031 0.104178584790978 -0.081761571580443 -0.154272742609587
0.128866554935703 0.0335829378782713 -0.175581344044273 -0.129246394912182
0.146132655504586 0.0142746476160278 -0.20213154566938 -0.100168780069147
0.147231266853358 0.035882189916201 -0.198931042112599 -0.111922071277577
0.131793760195338 0.141587008045443 -0.137066295246647 -0.153321735194827
0.0167121118458916 0.209618388229819 -0.0257689874147846 -0.154652503123433
-0.1468952640929 0.163665988464409 0.0226665483184047 -0.0360625972418822
-0.261044346365399 -0.0654849989236073 -0.0746158982172854 -0.0702299109405739
-0.0997931396127247 -0.268617758555091 -0.0797010217252044 -0.21525032927876
0.0861231336553644 -0.279684306386658 0.129053318598088 -0.399257183600718
0.101800372833609 -0.309948567154491 -0.0664861084161605 -0.177562487822155
-0.0966244616507012 -0.260097743649257 -0.064048126238441 -0.0727870610349333
-0.226956705788277 -0.094382027762926 -0.0617429405656385 -0.0167285559106784
-0.160157277901557 0.147719111546882 0.0207419352660583 0.00582536449150107
-0.00707059566003627 0.229495101617151 0.0275063447518664 -0.060665020911357
0.129546252758448 0.18445202956829 -0.0359393526342097 -0.110404165725072
0.192355084909272 0.0835599881452442 -0.108919348909427 -0.109443280556741
0.217373782257701 0.0499588055618518 -0.130258109024399 -0.0851239326738738
0.215456537799853 0.0753880661920059 -0.124057738480066 -0.0802359278457494
0.191601810166876 0.216003823284637 -0.0864545110292158 -0.0974538932790196
0.0243609347731801 0.313716252041668 -0.0242727444249293 -0.0944901532615588
-0.206021229607553 0.253773062846312 -0.00165981934473035 0.00102537214090231
-0.388835627743139 -0.0597407594916818 -0.0882950787055662 -0.0408006938966134
-0.194143949867919 -0.373239247890093 -0.0766011589783239 -0.170674792482052
0.0765317040503734 -0.423949719181411 0.0972889636457216 -0.28813029107438
0.113972695036018 -0.390799359879599 -0.112113314446774 -0.0538461370487692
-0.137546006354587 -0.335385501800824 -0.0343865002334767 -0.0148989433765882
-0.302337850366246 -0.124991008850133 -0.059530220882228 -0.0120961533946668
-0.222106854586823 0.184102740227185 -0.00581920796844564 0.0130439966138912
-0.0254090177778383 0.293931399718759 0.0137855715257039 0.00367481266268356
0.149410796782735 0.243682142293368 0.0153609145556116 -0.0392269810389756
0.231149391855534 0.122937844011281 -0.022954044987897 -0.0678014191177156
0.254952361212959 0.0770918532936582 -0.0384049410890713 -0.0558497208254858
0.249292616230757 0.102116001630714 -0.0312332465726088 -0.0407587849613836
0.222562684945425 0.254271128904885 -0.016232098795571 -0.0322302839392471
0.0341715080749877 0.366659466601609 -0.00830422647198856 -0.0202257357806497
-0.224933552277903 0.307805034623972 -0.0173093717901403 0.0439800639223327
-0.449488862683516 -0.035628308729684 -0.084599819126119 -0.000957630036783349
-0.256103674774654 -0.409415966503921 -0.0535038753928102 -0.102018485595851
0.0514186777069222 -0.491941043182661 0.0708889293033907 -0.141151748108088
0.10568735438461 -0.418275236260355 -0.157237162720074 0.101244168582291
-0.167195007690452 -0.365026584879764 0.00406391726025385 0.0718019728062781
-0.341421323577265 -0.132533105871706 -0.0436369251190642 0.00295157470429255
-0.250590857469587 0.197833478770722 -0.0352145841189417 0.0254672046666383
-0.0365260111364083 0.314822581367895 -0.00462355333048961 0.0806856802000238
0.149189904238118 0.264480849255464 0.0686645812339172 0.0501007977088601
0.235884701519753 0.141155259977165 0.0707130405021995 -0.0103511669851103
0.253345004448879 0.0917297257053679 0.0589417073985793 -0.0180265369978571
0.241148159783435 0.114170485007611 0.0652132253577346 0.00143506575692015
0.212281766950572 0.252393810635256 0.05797575033501 0.0297741127895868
0.0321883732137251 0.354445273591341 0.0166121224566482 0.0521548409819139
-0.205016300946702 0.291981071432865 -0.0251319585868834 0.0805206315044406
-0.413773094421698 -0.0155285474758961 -0.0645185299997649 0.0356426739269518
-0.258184955108995 -0.37349012454434 -0.0163637082181687 -0.0280922117652603
0.0244805931268031 -0.470578040945883 0.0488260265173199 0.0118747691994027
0.0750798688317331 -0.37668596806105 -0.189490342200343 0.261910959016885
-0.165847929438017 -0.321944889131512 0.0441183698576638 0.1646514695332
-0.307217530177883 -0.108674934070763 -0.0192393376711669 0.0233566894698746
-0.22137416696582 0.172131054470224 -0.0611043214302403 0.039689839164271
-0.0383047573754489 0.273472459556704 -0.021103753250992 0.153009441649528
0.1235406262416 0.235258914976814 0.116390266325094 0.136930112730087
0.202621420590801 0.133329613462899 0.156628094061241 0.0504467349671145
0.213002446454154 0.0920558745812511 0.147381777138901 0.0222337980545025
0.197721341880328 0.111178438033669 0.147091694288493 0.039811236379151
0.163597286471166 0.213477949395564 0.117350021444436 0.0793534173381751
0.0117138587949218 0.278244589176771 0.0361765002868745 0.107074301133668
-0.160064553666649 0.209925690750901 -0.0316414585081849 0.0967969291184574
-0.299399452110105 -0.0157321608106371 -0.0381453706634628 0.0561983261970554
-0.197451920666613 -0.281243746230661 0.0190972296734376 0.0276552552266678
0.00189942811116932 -0.370523885930152 0.0330026193411491 0.140348232857756
0.0282375954077224 -0.263942405044566 -0.197988239251093 0.394991432471914
-0.131305183252348 -0.212137494997662 0.0777121792016978 0.240147950742146
-0.204438039123609 -0.0601553096626722 0.0107348624910667 0.0417619257814857
-0.142563056689843 0.109523153701003 -0.0733041412863879 0.0474346857381263
-0.031031708302189 0.176713219317909 -0.0327802733293958 0.198841772841443
0.0750539647225524 0.160701105760859 0.146490057428068 0.201238204708986
0.134776262417035 0.103247909952278 0.220815538892765 0.103259550699433
0.139596203573979 0.0798036758519684 0.213687695658421 0.0571413438438504
0.126167082197727 0.0942339892437604 0.201722066826938 0.0725502798578363
0.091318451910924 0.149134460515308 0.14795285388251 0.114601996505197
-0.017100406743276 0.168475514660169 0.0410309679393812 0.13702546995086
-0.104838148050517 0.0997444718030529 -0.040446260601957 0.0894443411250836
-0.152316375373717 -0.0228085539276921 -0.0151955837950204 0.0563846682999434
-0.111090416557693 -0.160134310224957 0.0408514377682628 0.0594198669069321
-0.0171222751395175 -0.224280077672833 0.0201560794325642 0.224679421138035
-0.0218227506133726 -0.104187337481097 -0.183199635655277 0.472854883587375
-0.0714937069996554 -0.0639024708124 0.101662216838845 0.28057146781597
-0.0656489788277535 -0.00208480249705188 0.0443699141523579 0.0521064918878116
-0.0391196165591559 0.0271563400735424 -0.0691316834068511 0.0428018800279713
-0.0194660516715666 0.0515947390828848 -0.0381884197903063 0.208284702283503
0.0129289401902475 0.0619809742579072 0.154273623023045 0.230183979517199
0.043017761980685 0.0576561111385444 0.251923744557542 0.137458713868439
0.0453525061884714 0.0564788603537215 0.247282963103588 0.0835901734308774
0.0408659394011166 0.0636866058723941 0.222735418083543 0.0969012363374339
0.0159405055444623 0.0688752548889881 0.151189675964663 0.135900606016638
-0.0362089745344199 0.0523185145879263 0.0325563272072641 0.145213280935002
-0.0442058935522672 0.00189651734815904 -0.0472520480437357 0.0656037332823299
-0.0178111928177734 -0.0174725108485393 0.00265627529261554 0.0453385337763996
-0.0342517210513462 -0.0350023113127114 0.0482397010355298 0.0732822256072527
-0.0370875707091434 -0.0641012321711869 0.00971595946804372 0.260457721088724
0.0435481575192218 -0.0606261714061133 -0.00348447974918265 -0.287596143505283
-0.0184380972629005 -0.0673755075319208 -0.0903567356800665 -0.0994644136819736
-0.0645562632348775 -0.0138315003328129 -0.0256871845753347 -0.011212112604118
-0.0224104379562158 0.0569903787552197 0.0504860500253207 -0.0166703767405316
0.0249206527166718 0.0513898973867123 0.0202835607019385 -0.129599077559088
0.0476810448710671 0.0181060773551417 -0.111781340768933 -0.161937220766119
0.0447770275854573 -0.0154983342282239 -0.203140288951307 -0.122399844856267
0.0488496973081981 -0.0227639849590684 -0.229786559969313 -0.0977464607149893
0.0521521176130191 -0.0117662933868723 -0.227980481960223 -0.124018729235591
0.0554889494160047 0.040016354165127 -0.154110059117353 -0.181414520302124
0.0189160136495165 0.0754839509068057 -0.0157779784321971 -0.183233951741699
-0.0535746816142931 0.0623053429975385 0.0479854726850573 -0.0618999123001895
-0.0983946270996213 -0.0388022031778209 -0.0455104014660412 -0.0788666255404903
-0.00549663286251947 -0.107885161921386 -0.060951809809767 -0.21628878428432
0.0700149027097255 -0.0855429528524033 0.150186897844603 -0.430623777245788
0.0718374132953545 -0.185401265490458 -0.0243873096142835 -0.249769626956595
-0.0530236710108185 -0.156891139304067 -0.0772387874093745 -0.0952939006125602
-0.138371581888574 -0.0503732781109577 -0.0463150549315525 -0.0119695019534265
-0.0846582873636909 0.0992783373385091 0.039104904183552 -0.00140374067649005
0.0117055463259235 0.13644382083623 0.0310431256416952 -0.100310248647609
0.0904570416798433 0.0981987483172893 -0.0757818481406305 -0.146974073353493
0.121227761806365 0.0323764054732429 -0.165286089056977 -0.122769779921009
0.137133066809109 0.0142320579387165 -0.191354414892495 -0.0966870264046387
0.138122778456854 0.0353092846818214 -0.186639729504333 -0.106923928151101
0.125002637963673 0.13471061897325 -0.129094532784802 -0.145894538974376
0.0161125671438735 0.199051692149963 -0.0252743632833374 -0.146016183822319
-0.14072981163544 0.153354628261681 0.0225319384208755 -0.035462004241417
-0.247673234334894 -0.0640219681743932 -0.0697139337586522 -0.0683006431736231
-0.0926916255099869 -0.25627028533173 -0.0691675771063111 -0.204971567477988
0.0837166197330254 -0.266354623090436 0.127038016636816 -0.376148842017364
0.0977671891971501 -0.293708546769983 -0.0594979623070871 -0.172471649407208
-0.0886073187939103 -0.246113153794065 -0.0581748907163716 -0.070378772870374
-0.214228088641828 -0.0897639778201392 -0.0572871368624598 -0.0134652791221128
-0.151757901548131 0.137536568542227 0.0194417406856089 0.00571196909901394
-0.00697909284092372 0.216377198808388 0.0278513961962495 -0.0561312390793011
0.122700188879108 0.174328787347892 -0.0325613002794549 -0.105469662597006
0.182036970633746 0.0800843744343959 -0.102411857108856 -0.103531928225832
0.205038682422993 0.0481850029525309 -0.123470096260878 -0.0815215766191229
0.202353143670036 0.0738938929812696 -0.116305016810902 -0.0767346995018321
0.181272692179183 0.20561932595444 -0.081051904543633 -0.0921750362167203
0.0226175802659172 0.298239158135318 -0.0244236867529021 -0.0875072539824145
-0.197503023427268 0.238934087906446 -0.000169077656839165 -0.000574006801464512
-0.36933918880105 -0.0602527440364415 -0.0823245175907407 -0.0416017675664912
-0.181774917210454 -0.357388715348408 -0.0668937984260705 -0.162709599478278
0.0756795973800892 -0.404538907459112 0.0983784358677803 -0.272127332310664
0.111381982927546 -0.370708707439291 -0.103709879194227 -0.0552515445071304
-0.126782556613734 -0.318258081640429 -0.0306859458277888 -0.0156923549013676
-0.286602232540286 -0.119055171820442 -0.0550950260389778 -0.00927571889019395
-0.211041095020577 0.171997270239882 -0.00653645867509475 0.011842046383391
-0.0251963604216656 0.279136947705362 0.0150257109068427 0.00453466777729782
0.140953415643462 0.231303778295462 0.0160092000934222 -0.037818524311166
0.218675557042128 0.117431704282587 -0.0226612270639284 -0.0637663748064191
0.240161950036647 0.074504047153995 -0.0372159915365225 -0.053227929588655
0.233779825249503 0.0989858043502511 -0.0285100704463762 -0.0387651724120651
0.210483209799544 0.241919946081466 -0.0153748605776431 -0.0302535569498827
0.0313693887863709 0.34985443434877 -0.00985910127312065 -0.0168860145265044
-0.216421509416092 0.289963718513874 -0.0155065107459835 0.0401812298320029
-0.425465092407683 -0.0364316813771756 -0.0781940165554193 -0.00458784919190949
-0.240760903197367 -0.392642853197213 -0.0464428905546107 -0.0981213408020865
0.0537490544956799 -0.47006761755921 0.0701649906505017 -0.133492779078697
0.10492480734575 -0.396257027655749 -0.148651658220704 0.0916324198566246
-0.154026510581634 -0.347747177496197 0.00429361120216406 0.0671870855409086
-0.32327241296646 -0.127294720079798 -0.0408115032548858 0.00555570695467329
-0.238459386608152 0.186493032586201 -0.0345076532258784 0.0238501413929996
-0.0365566649121641 0.299463833561784 -0.00197687082378601 0.0785748708935867
0.140751827201137 0.251788527618376 0.0668649692050281 0.0468738331177511
0.223120634217759 0.134753333362272 0.0651220570044849 -0.00873666845344466
0.239446600816712 0.088034335623529 0.0553584625977681 -0.0162738368842709
0.227596672587638 0.110589031872727 0.0617522787869875 0.00168233017899977
0.200872153154233 0.240456224399936 0.0548007827525914 0.0286319936496264
0.0294879710410425 0.336475117430427 0.0143361645854851 0.0527179338628689
-0.195755039045447 0.274853240322479 -0.0242360536434363 0.0754596759032686
-0.391673080943538 -0.0183884383293616 -0.0589667768582991 0.0297412398329927
-0.242635850655105 -0.357127950605024 -0.0129146083776502 -0.0279156193357335
0.0259839789446697 -0.449186241278726 0.0479798986051492 0.0128021776195631
0.0768425018287782 -0.355530182304633 -0.181686725764692 0.244376137653963
-0.153380785157286 -0.30767937575465 0.0411170146151073 0.156356462427238
-0.291850533294929 -0.105580591710101 -0.0174981486200333 0.0254489666892176
-0.212260352929635 0.161850058442389 -0.0598950205717102 0.0372471616741587
-0.0367679607424344 0.259846685608223 -0.0189009877688183 0.146443237889776
0.116542876791846 0.222968128619643 0.111297553211287 0.129592418794083
0.192219470597687 0.128222066362412 0.146904496829992 0.049523979618993
0.201141745246569 0.0885562943678618 0.139528344700507 0.0222353685181279
0.185947343209341 0.106975227237908 0.138513845957659 0.0385034679961233
0.154293539864247 0.203169981140115 0.111031013336507 0.0755335362373673
0.0104657524499838 0.264409550728099 0.0328786670860977 0.10383778230112
-0.153191161499213 0.197317843369478 -0.0304841765125725 0.0914359587379808
-0.283780185652762 -0.0174144934753358 -0.0341338856880073 0.0487012174138391
-0.185441939284011 -0.268835475421594 0.0190264134692008 0.0253030761131488
0.00634499624433196 -0.353687883476719 0.0301813441622932 0.13423002446439
0.0303424455751405 -0.250137917395279 -0.19326730917734 0.372573932580655
-0.120992464006971 -0.20248863000286 0.0701593944033473 0.227879868031736
-0.193938064588388 -0.059384617983086 0.00990623403969636 0.0423472600824515
-0.137169401516911 0.101922652069325 -0.0716094410783083 0.0452190235818681
-0.0300561807347117 0.167831936528751 -0.0307211670237964 0.189986592048607
0.0709539401003028 0.153467898115595 0.139322357550609 0.191142725771666
0.127375904105651 0.0984525693502255 0.206974083457401 0.0993662597515225
0.132331018458067 0.0771031817003014 0.201681653828217 0.0566131604534885
0.119024487966375 0.0904473717082096 0.189778378413326 0.0705063091370455
0.0857007730480317 0.141273522152664 0.139576433226888 0.109214140636227
-0.0168004867879788 0.159911148192472 0.0373219740512768 0.130921732178229
-0.100261814713117 0.0935430231054315 -0.0390267073740305 0.0842535380565136
-0.144063229176621 -0.0231695410996407 -0.0127691152856323 0.0495319953361086
-0.103392594135587 -0.15417950344289 0.0378707755867497 0.0556826097587074
-0.0130032538200258 -0.213900405482257 0.0166621502266538 0.213281119438045
-0.0179390843080126 -0.0988430662732153 -0.180058735279129 0.447663873818787
-0.0659221950325218 -0.0620107935998112 0.0913222834522659 0.268058113410299
-0.0626981190315542 -0.00301087677291505 0.0417045758394586 0.0519923843516055
-0.0385256328357702 0.0256328657421475 -0.0672442805581053 0.0409690791231269
-0.0188898359949431 0.0494412172396524 -0.036758509612999 0.19884938549917
0.0118555355798475 0.0597811726984751 0.14632141412605 0.218912343478737
0.0410282046763371 0.0550256045159956 0.236458168918071 0.132135373716922
0.0425090002734371 0.0540796567900752 0.233507070884808 0.0813913265002135
0.0392378490092138 0.0602704723322466 0.209279190133842 0.0930690639111162
0.0148208004068394 0.065093960479415 0.14147721837172 0.128690764715679
-0.0347154192912547 0.0506164642641294 0.0297345899653256 0.137682826724659
-0.0427361958285829 0.000960019523647045 -0.0455646822354316 0.0618573387011671
-0.0171668396040497 -0.0175525281691974 0.00358817778925314 0.040196660298008
-0.0318057351803391 -0.0340876705133932 0.0440856300744952 0.0693578140166461
-0.0332757031176741 -0.0615979928762524 0.00661407658926637 0.247863889804755
0.0426360395526256 -0.0576558132964814 0.00765517473235971 -0.283445422559725
-0.0162128820834387 -0.0646278622121739 -0.0836423940553296 -0.100616517062497
-0.0618072098030071 -0.0153483946793586 -0.0251569913634821 -0.0108440456041793
-0.0229613877373588 0.0541628166286546 0.0510374818223715 -0.0142047940859476
0.0224439464761959 0.0498768476507263 0.0245701543390855 -0.126253314614711
0.0455525241258034 0.0184561249573938 -0.103371184149338 -0.161231469124431
0.0438628228756159 -0.0140563236283182 -0.192347909992199 -0.125167291468414
0.0478425508743872 -0.0200253205112818 -0.220300151517053 -0.103064046229413
0.0498546696607689 -0.00927888813041832 -0.216901819406938 -0.12780496920078
0.05334238006626 0.0406894186652305 -0.144332814428384 -0.18104000732529
0.0168069593559752 0.0736096166719799 -0.010943866613047 -0.179123297042742
-0.0547968271481754 0.0586890717837867 0.048983641283737 -0.0603561368668247
-0.0944675650369158 -0.0409934654019521 -0.0414638193852141 -0.0788028762912711
-0.00232812255294108 -0.10555446122211 -0.0478856018693471 -0.212648087845983
0.0699607560564595 -0.0814910703286994 0.162922668209841 -0.414435978670521
0.0752696925140654 -0.177900448132848 -0.0136915705562096 -0.247177173413785
-0.0463160209678391 -0.153623158762484 -0.0707778514019362 -0.0967704538328946
-0.132169668815127 -0.0527183979255371 -0.0447663354392588 -0.0115623024789277
-0.0841687795459719 0.0930547209947397 0.0385219698037636 -0.00026988583088993
0.007557563987724 0.132971229556464 0.0347138067310485 -0.0956922398200839
0.0856008568486295 0.0974092218040572 -0.0684928932045276 -0.145554231233303
0.116521813291456 0.0353628831532891 -0.155879280410665 -0.124471682366869
0.132797133636492 0.017942800850316 -0.184148128168144 -0.100541116388653
0.132329953751494 0.0400195049142257 -0.178037506559119 -0.110437614947997
0.118113585777063 0.135576593812645 -0.121620138085741 -0.145978748798518
0.00968264170903677 0.195123427969346 -0.0217721381429047 -0.142514544194885
-0.142195590371166 0.144721262325148 0.0241310901424869 -0.0353099335069305
-0.239453200131802 -0.0707479039309558 -0.0655699442713932 -0.0703119947125529
-0.0819398021395414 -0.253863697373866 -0.0562691165561867 -0.201926878693775
0.0902260517147045 -0.258973761107967 0.139348680126472 -0.363136601519281
0.104349066169573 -0.282555687046044 -0.0497461975625632 -0.173526965457464
-0.0772732306793058 -0.241753350125305 -0.0525286865658865 -0.0729851177003557
-0.205160944080398 -0.0937053179413864 -0.0552747989549199 -0.0135572344487179
-0.150667897482574 0.128019421148945 0.0182198562227735 0.0060925742775583
-0.0132295780769465 0.210479733150158 0.030856521432535 -0.0529007824515598
0.113682373065154 0.173125312586444 -0.0271254387664714 -0.104110882094895
0.174622058544476 0.0837286689854524 -0.0967438471162555 -0.103750279481493
0.197030385028808 0.0535691786412364 -0.118416388630217 -0.0831712082113666
0.194410283057944 0.0797156594564468 -0.110511829219005 -0.0785724616100953
0.171528250680343 0.206385564651451 -0.0764007975205513 -0.0921149589083273
0.014027623608508 0.291582583271907 -0.0228509823145657 -0.0842374341131644
-0.200906268298945 0.225445014462962 0.000794613058811271 -0.00196221740506321
-0.358216067299418 -0.0706823313798212 -0.0781613239201382 -0.0454958251052143
-0.16487559852278 -0.357464472564542 -0.0562498636171748 -0.161572911775111
0.0882183283188142 -0.394211425451005 0.106888869904751 -0.262417330311536
0.120600900267607 -0.35749837995776 -0.0979049723814011 -0.0606750332524874
-0.112352163120732 -0.314176753571011 -0.0278132796340057 -0.0174769744000973
-0.275285099400079 -0.124580628234185 -0.0527256530217492 -0.00762403519491872
-0.210666277551374 0.160077352723171 -0.00729300691382141 0.0115225715948189
-0.0320765849696106 0.270521463955249 0.0168570556712958 0.00617487168414202
0.13052432762235 0.229754371539341 0.0181225233978733 -0.0370861618837507
0.209089732131009 0.121536407202489 -0.0210096538063295 -0.0623140892293227
0.23111926129335 0.0799423390668437 -0.0352401912622582 -0.053225313986928
0.223830932520098 0.10580880659429 -0.0264209030700489 -0.0383737494970607
0.198206318927827 0.242924329494864 -0.0137592817795433 -0.0294714314206832
0.0214429606183689 0.342100116364881 -0.0109931024871976 -0.0144065951183463
-0.219444714730237 0.274306475712338 -0.0158079728713473 0.0374463341194289
-0.414621512912259 -0.049953236824629 -0.0750969323363835 -0.0101128454934789
-0.223990270977548 -0.393104534377543 -0.0385337057310993 -0.0979768519607271
0.0684361667483215 -0.458981821105099 0.0748641494525757 -0.127347948830839
0.115162179514698 -0.383302033137622 -0.14689732991866 0.0818626476693704
-0.137215028288762 -0.345099747927812 0.00273250782176805 0.0640369238464591
-0.311144769255943 -0.135186504576278 -0.0383225225773467 0.00703485149456506
-0.239397320962166 0.173308257597498 -0.0360476268663862 0.0225140860571849
-0.0439083275932732 0.290595020670988 -0.0024272602620011 0.0781238402608134
0.130353783123908 0.249162831357429 0.0651713981311369 0.0462960810712712
0.213827789749856 0.139117160797542 0.0622437885295556 -0.00586964316547588
0.230189608799713 0.0942324294149402 0.0537312890637475 -0.0140023466536845
0.217026730542868 0.116220026083184 0.0599922617365314 0.00320813807479403
0.188721131049871 0.240490126756634 0.0524469885674501 0.0296206587893238
0.0187167755425053 0.329652802065757 0.0104242241229754 0.0540136706860298
-0.19999763590837 0.260317888057686 -0.0254631397566854 0.0720162659105223
-0.382328456892543 -0.0300455685003646 -0.0570288093582131 0.0241824178982495
-0.224288169168385 -0.358769443612467 -0.00970780158248268 -0.0288333562033146
0.0442274776607918 -0.440581740883703 0.0470345825761094 0.0139707979066917
0.0871487836251814 -0.345761163595136 -0.185287825498066 0.230619032671927
-0.137200476483145 -0.306958655874702 0.0342941976938581 0.15305122147441
-0.281154724153194 -0.112715021153963 -0.0164211497333071 0.0262675409179808
-0.213333891853567 0.150608189312317 -0.061527667899256 0.035136355835738
-0.0441377325821046 0.252477445531352 -0.0209739671741398 0.144754007311671
0.106568255103933 0.221918601265665 0.105819798192222 0.129141579649714
0.184156916157543 0.130820930047317 0.140116428525076 0.0532325266564978
0.192645848550323 0.0932230809531864 0.134518449752648 0.0264245054911186
0.177494800273743 0.111425510679449 0.133542016347379 0.0422861410522651
0.14409753419026 0.202519190058461 0.105346455319106 0.0773820643339972
0.00276176541122009 0.258812553591624 0.0273542369159515 0.104647264194566
-0.155687169619183 0.186796731184197 -0.0329543775304976 0.0875693528791723
-0.275848350634187 -0.0270472740965114 -0.0336790305497535 0.0429421998833205
-0.172515159964135 -0.270156021054463 0.0183363180384213 0.0243650579476351
0.0189907569508124 -0.347024855910794 0.0255187430833899 0.13291024211775
0.0406723559454978 -0.242759212580032 -0.202650428337883 0.356437166413595
-0.109306099966325 -0.203300897023735 0.0599724099045071 0.225124163310509
-0.18759012801311 -0.0649526104223796 0.00937460248525829 0.0441239014824923
-0.137896628172911 0.0952449016502882 -0.0728195798134933 0.0419669479377415
-0.0347915843388921 0.162700740382096 -0.0349567432479186 0.186490060051357
0.0642220237087404 0.152461552436688 0.131554743573048 0.190154612985401
0.121599374186005 0.100180446105743 0.197174980238031 0.103865387880929
0.126176487119104 0.0793800391011615 0.193963236481499 0.0621501529990692
0.113194010106783 0.092266708097023 0.182038875383366 0.0744698430496611
0.0795586768921758 0.140338734564202 0.131524885770346 0.110442717074262
-0.0213445279147567 0.156272398097049 0.0314491632678346 0.130052014362468
-0.10109147943387 0.0870249883671434 -0.0406367295240827 0.0805874327244726
-0.139671604009097 -0.0280155171855543 -0.0131755843223978 0.0444502733216859
-0.0958102786489655 -0.154421855111994 0.034982638364983 0.0547711442623323
-0.00343439143387076 -0.21082785996213 0.00876396111751268 0.209519855612005
-0.0117332074079757 -0.0972977384287379 -0.191785327344639 0.430413731133333
-0.0604726629011058 -0.0634819738316413 0.0772354123595789 0.26454615436729
-0.0609221219725141 -0.00546371577387734 0.0392991233742405 0.0534810665449406
-0.0390700268444766 0.0235906873040051 -0.0682237631240472 0.039072513167718
-0.0199740251642759 0.0478433290936735 -0.0406070556074708 0.194563258465156
0.0093590320598927 0.0589972719351898 0.136680430866982 0.21822866306243
0.0383064819679598 0.0549573126456755 0.225036620600299 0.135717955941211
0.0405070492829547 0.0546637033094892 0.224700928327955 0.0874121342073748
0.036643849654971 0.0600938027371204 0.199950542661777 0.0982172378914054
0.0121180069715862 0.0631165346067624 0.132920414216147 0.129700740195054
-0.0358781869762233 0.0483305754890188 0.0240869815282826 0.135054108489279
-0.0419423219867637 -0.000174215103987513 -0.0469611922881658 0.0585211360587809
-0.0162762229752598 -0.0183197099277172 0.00309128611238539 0.0361243999295739
-0.0296318911827328 -0.034911528027274 0.0393148006525663 0.068219486870452
-0.0285549434582705 -0.0614493140513615 -0.00215190650712288 0.242488775059816
0.0437197945692026 -0.0562494331083427 0.0194708201629363 -0.289627164044463
-0.0140702924621155 -0.0649359051119447 -0.0800742516267471 -0.105678148065432
-0.061407311518738 -0.0167700212905066 -0.0254039487876278 -0.0108066071247401
-0.0244106643498493 0.0529046628006911 0.0532359055727371 -0.0124302622136849
0.021243015610668 0.0511746281958367 0.0303641022694754 -0.127333945397338
0.0453793480599063 0.0192470293123709 -0.0992227968299194 -0.167402239708772
0.0444026804748845 -0.0125177486175292 -0.188806150551588 -0.134065463344398
0.0485200201703542 -0.0190715492354944 -0.21992959489086 -0.112699500697652
0.0500491586337378 -0.00708669893594012 -0.214475258440081 -0.137806064957004
0.053076934060272 0.0437179549137716 -0.140757208002389 -0.188110375886172
0.0150651925072637 0.075171508899507 -0.00564664799101685 -0.182144277723958
-0.05771353998576 0.0573866008624689 0.0522748054310241 -0.0611846402793854
-0.0943554139839224 -0.0442272902566233 -0.0389156939835103 -0.0819894534726605
0.000984474599239328 -0.106689128306023 -0.0360986689285025 -0.217669649541504
0.0731430389571404 -0.0804806133696129 0.183562165711568 -0.413297430865059
0.081409803938852 -0.176779030756718 -0.00280034121373542 -0.254330900587226
-0.0412806180419392 -0.156342350719485 -0.0667378888483907 -0.101545144882577
-0.13105183756932 -0.0573185540669627 -0.0446852902024509 -0.0119247774308869
-0.0877801068219555 0.0899458178795388 0.0398645500527748 0.00098782722307416
0.00331157852951072 0.13421024868577 0.0392311403714572 -0.0959079415172782
0.0826880191131323 0.100765607328628 -0.0641414376438077 -0.150799018858677
0.116649515850364 0.0394995315656005 -0.152809519266709 -0.131148637383846
0.133062142116514 0.0231395368172916 -0.18197228295497 -0.108147420200494
0.131532454956662 0.0462543264262816 -0.175430766088909 -0.118240757179639
0.116292602252575 0.141812223965574 -0.118073857080773 -0.151496839008769
0.00475827990067122 0.197728581449896 -0.0181974193298599 -0.143338573235575
-0.14953091739457 0.141295479240803 0.0259884951576304 -0.0369828883893152
-0.239867509969482 -0.080959833771171 -0.0626341777797378 -0.0747959298922298
-0.0748398564726243 -0.261405668254028 -0.0447916424075769 -0.207555862419984
0.100816935415625 -0.260685473424587 0.15698979943112 -0.363045783401103
0.114985138146179 -0.282615965194942 -0.0424766050038396 -0.181164610353065
-0.0686686456444728 -0.247069157501642 -0.0491539943133279 -0.0772805475580117
-0.204066190193066 -0.101081998608069 -0.0547147680216822 -0.0134799629474156
-0.156528064552938 0.123209304932367 0.0183345057900827 0.00734479217790056
-0.0196975830506584 0.211858106371807 0.0346870360403102 -0.0517817893438458
0.109749537202077 0.178789442158 -0.0233445295990817 -0.107906209250762
0.173751568548279 0.0905937881474317 -0.0953521949845845 -0.107788436315225
0.197054078929869 0.0609819231958769 -0.117588005157131 -0.0886639911443153
0.19299166921203 0.0889276036405701 -0.108352677824638 -0.0845447018494615
0.167052605320371 0.214822120048031 -0.0739171863291919 -0.0953043686724668
0.00498135864022857 0.296613141075614 -0.0215372179082679 -0.0838743503916765
-0.211243642554973 0.22138167204154 0.00164008609069638 -0.00328236732284023
-0.360903122532272 -0.0840646041562438 -0.0764230900467417 -0.0512848747958236
-0.156062353164109 -0.369346240871403 -0.0467381762691255 -0.167038541217125
0.104680300038892 -0.398260869524655 0.119927208524876 -0.262396534120576
0.135410267864414 -0.357850749649973 -0.0951525141250416 -0.0684236730927913
-0.100426361798921 -0.322635849320427 -0.0264502567026154 -0.0216086672978631
-0.273674324776522 -0.135643083710868 -0.0520377457392331 -0.00783623956475518
-0.21884432524777 0.154003981344263 -0.00849401404432702 0.0117131248273962
-0.0409430549845002 0.273427407642011 0.019133350930279 0.00810361723807844
0.125008019758179 0.236943827351044 0.0208785248082362 -0.0384307963059126
0.208455004932077 0.130847981932687 -0.0204282479988431 -0.0626587325331125
0.230706540196596 0.0891057267670006 -0.0346451135510379 -0.0545512866388067
0.222840607199301 0.116112080563686 -0.0246611269336963 -0.0405970155806319
0.193587525620766 0.253144032806897 -0.0128264424824067 -0.0301394346294895
0.0111410843226028 0.349104914639572 -0.0119922808990841 -0.012030765943892
-0.232560082464355 0.269650441290059 -0.016218066556219 0.0367461005846152
-0.419142001703778 -0.0649337944615623 -0.0741408585693704 -0.0155057124397898
-0.212864397927015 -0.408062131584142 -0.0328658818271757 -0.101778555350234
0.0889218104959238 -0.465702944715365 0.0816711793528733 -0.127263793025029
0.131003693145359 -0.385228180145488 -0.151667566408701 0.0752541351194619
-0.125518860421431 -0.354892216249339 0.00168733652456045 0.0629240722083017
-0.309956573935164 -0.147568887562227 -0.0377139505004987 0.00805973042328268
-0.248703575525004 0.166645594160355 -0.0381226977737538 0.0220697940540238
-0.0530077866912652 0.293190561660405 -0.00291452455616438 0.0802839138570347
0.123308645228639 0.257732029472787 0.0657784215867968 0.0483967044019095
0.212324528172557 0.148096713013707 0.0620243939844812 -0.00318584575072046
0.229813374728209 0.102574699468926 0.0539572980074921 -0.0121226087769386
0.216009250173316 0.127038842094646 0.0614710467645594 0.00502944983077643
0.184209574224827 0.250563611505083 0.0527122959014203 0.0321808211217862
0.00926548805543639 0.336061051173142 0.00750505372533433 0.0578965315114799
-0.211496322455147 0.256708274590087 -0.0274493230886532 0.0717867156789315
-0.388239342189762 -0.0451013003576173 -0.0576423638353794 0.0185365832861155
-0.216756452673663 -0.374329434822897 -0.00683054483747412 -0.0306622119822939
0.0601736567026327 -0.447310698141053 0.0482415234594922 0.0155566755296716
0.103364782466489 -0.346850200426777 -0.196744420951342 0.226148477223616
-0.12624287573594 -0.316731780558638 0.0295175311617863 0.155043039468639
-0.281557109106105 -0.124721837265365 -0.0162223062664849 0.0286847439169276
-0.22230480633175 0.145075639264034 -0.0648959634672697 0.0345069353722301
-0.0529342499510958 0.255349199419268 -0.0236125657174614 0.148182677817469
0.100765057248491 0.22937338902345 0.104858937069279 0.133701410800913
0.181903420753702 0.139571188019982 0.13827475348084 0.0598417371615041
0.191859542688616 0.101139700139855 0.135173500508021 0.0317646992886297
0.176267627776097 0.119902397213514 0.13397681441616 0.0468195556761103
0.140687322320068 0.20987653515934 0.103901717332646 0.0816283731813043
-0.00487791577440591 0.263565448689185 0.0235435514374267 0.109002138947443
-0.164335906610878 0.183325430534624 -0.0353737496441283 0.0870999942733741
-0.278890492307234 -0.0374957420506495 -0.0341262494608693 0.0384452653193375
-0.165604771215555 -0.28133251185856 0.0184596004031487 0.0245401607452957
0.0329364795438205 -0.353184659453783 0.0214005667724265 0.135325853174828
0.0521733191927326 -0.245777260786975 -0.219738943758397 0.353638075348741
-0.10169402341679 -0.210924211782669 0.051082337424424 0.230333221374107
-0.187279249305634 -0.0731953543565881 0.0088414827968291 0.0470750234449124
-0.143747678279848 0.0912202875569487 -0.0772030177793781 0.0411862819956536
-0.0407430930315192 0.164301352341907 -0.0396309319049346 0.190113279648087
0.0600136298552253 0.157373393346535 0.128477717939101 0.19668214289176
0.120191516823335 0.106628582853052 0.194219253522623 0.113141119281311
0.125129213012895 0.0844829006475618 0.194372826390279 0.0696773781020958
0.112075222397371 0.0975659996635095 0.181861793298765 0.0818895583417228
0.076008342740336 0.144172806448715 0.129485612453113 0.116081061860854
-0.0263466221057327 0.158311612319542 0.0272976550817628 0.133538814168509
-0.105290156476329 0.0838428812863589 -0.0441827888502575 0.0796947711612628
-0.140066143717824 -0.0335173194905907 -0.0139594968907085 0.0412359606025667
-0.0922391667640218 -0.160335645953957 0.0332317850483699 0.0562536106538005
0.00505310036714107 -0.214415334186306 0.00131551432171323 0.212449953032006
-0.00633768815588167 -0.0992593779101417 -0.212932700488019 0.430113635181839
-0.0579624170388014 -0.0672081465072737 0.0661993414299521 0.272322462763671
-0.0613085564958708 -0.00839937306199113 0.0379376110788134 0.057175471832871
-0.0408140958408693 0.0219781077004763 -0.0715894858343997 0.0379815385142692
-0.0219355341019693 0.0475742007918963 -0.0468612513981211 0.197322030911304
0.00774748972870451 0.0616700756406689 0.132643797377949 0.225712982425016
0.0370983380261649 0.0580902391865967 0.2223259643162 0.145979639644985
0.0395135271096337 0.0571322079710963 0.224609617538044 0.0967136432414962
0.0357605462123202 0.0620256028103034 0.198393067462131 0.107228080997107
0.00997376955251767 0.0645728323955768 0.128693102330161 0.136276334683345
-0.0385221473560854 0.048998606313004 0.0194355799323611 0.137722933051801
-0.0426309499336389 -0.00216153625109348 -0.0502750025319711 0.0578175127960068
-0.015668398682987 -0.0193810434320549 0.00284313008838409 0.0347004883488043
-0.0282762978835382 -0.0364816453245684 0.0361798467989704 0.0701170332189122
-0.024886885562752 -0.0633911665363122 -0.0124696037872009 0.245581404473
0.0448278086560311 -0.057226352371 0.0250713789665604 -0.305322179751821
-0.0142217708580123 -0.0664850869343995 -0.0817970106059838 -0.11257869624843
-0.0638672860142853 -0.0178712815708139 -0.0263549682671968 -0.0103613015681489
-0.0255522570357598 0.0544991440535724 0.0577898266236377 -0.0120371789635535
0.0217354935129543 0.0534851309975778 0.0332050135923261 -0.133096335958144
0.0468985056110036 0.0195633147261438 -0.101369378406214 -0.17688108974043
0.0459155879248419 -0.0132181755289849 -0.195235968075535 -0.142866970979594
0.0501964315715215 -0.0191757921991122 -0.228889958801782 -0.121254790173271
0.0519399550102586 -0.00602572488582174 -0.223379108825584 -0.146352140754535
0.0561336914497552 0.0464432795662641 -0.14607243726492 -0.198074132270891
0.0162302367186059 0.0784472417176022 -0.00508336631821886 -0.190381016377999
-0.0602812986124016 0.0592963749759628 0.0554299956472478 -0.0654381055645673
-0.0984495375829377 -0.0471058863768236 -0.0398130178531893 -0.087034960586961
0.00171259220733754 -0.111755600978574 -0.0312727225373844 -0.228939517037777
0.0767402750945498 -0.083572308430411 0.198377545982104 -0.430865380848308
0.0853806334901434 -0.183505496284738 0.00183008392489677 -0.269701326880665
-0.0412436975114285 -0.162597416330083 -0.0666524286744178 -0.109049166876001
-0.135774412407807 -0.0607460171850259 -0.0462400203255634 -0.0117147665798907
-0.0917724084130261 0.0922900434724052 0.0420362669767165 0.00174795561381616
0.00228899332060811 0.140117501790549 0.0436622039743425 -0.100439795615395
0.0852976226147303 0.105807515696955 -0.0651493257393527 -0.158817779516581
0.121154352596047 0.0421318992571254 -0.158144765538665 -0.138942795531399
0.138150353796393 0.025379716264654 -0.190354127391806 -0.115727058582037
0.136942691650654 0.0515144866404643 -0.181716992119949 -0.126562366789931
0.120947665904114 0.149985997691958 -0.122043740580685 -0.159254244775443
0.00368186758092568 0.207485764610113 -0.0188758004012529 -0.149048519730356
-0.158151697260453 0.145760169199073 0.0283466328777633 -0.0399163577349238
-0.251436039975574 -0.0870834198302232 -0.0644623990384223 -0.080857454521067
-0.0759730434392996 -0.275343138978081 -0.0407312547746288 -0.21933895634523
0.107724685298254 -0.273021443580148 0.171485629890187 -0.378604039543505
0.122646533164453 -0.294720024792201 -0.0409905769588943 -0.193780165301533
-0.0687983877282168 -0.258447056858958 -0.0485620402290109 -0.0841047273606179
-0.211074118526403 -0.107190495526433 -0.0561587498333503 -0.013401002426212
-0.164798161300079 0.126152297020998 0.0191620833416239 0.00814383364156974
-0.0220019446931385 0.221266473703249 0.0386583113862142 -0.0542950023741868
0.112997121143536 0.187681455082095 -0.0227029081111912 -0.113813731909543
0.180985886159251 0.096663593621651 -0.0985175330454099 -0.11348411900702
0.20473338979681 0.0661834182411526 -0.122115242514414 -0.0940999724818581
0.200334412617964 0.0966926416839365 -0.112125307817514 -0.0900772761676771
0.174541116015252 0.227507154818409 -0.0763103482669258 -0.100071737357185
0.00334718346372723 0.311846116482828 -0.0231909219705789 -0.0862668077744217
-0.224310757968192 0.22875558035248 0.00287007835172818 -0.00483080701705366
-0.377896561830148 -0.0925056140886788 -0.0786638936882826 -0.0572032029860712
-0.160046610887865 -0.39093236432143 -0.043441673199768 -0.176906455007179
0.113997867584711 -0.417876709633614 0.130579115093176 -0.274765941450288
0.144594820057042 -0.374560629344253 -0.0980269619155702 -0.0753726099964637
-0.101279073257532 -0.338654920328774 -0.0256513936696821 -0.0254250035281673
-0.284498529293887 -0.144732036936797 -0.0534068042028875 -0.00701716077759659
-0.230611594005763 0.157807934295603 -0.00899255581968983 0.0128552779386911
-0.0455130758724161 0.285884020355055 0.0217825914085663 0.00966353230795393
0.129056813538889 0.249789523172441 0.0234430266788539 -0.0414168654797591
0.216952933352857 0.138954925661439 -0.021469056529216 -0.064870551392042
0.239914211376256 0.0961831873732977 -0.0352771060503942 -0.0575669099512736
0.231826001440658 0.125336406441576 -0.0247629619373233 -0.0433180714733029
0.201732818252886 0.267920755699633 -0.0130465737253136 -0.0315690827552385
0.0102145954716518 0.367203789344295 -0.0129672814346526 -0.00980406996867301
-0.247176939948192 0.279497325175968 -0.0168502974400029 0.0367535996432639
-0.438616076340809 -0.0738571000868683 -0.076996164261476 -0.0204885683272029
-0.221152868105542 -0.432765102389424 -0.0299251370881152 -0.108749710040906
0.0973837633205784 -0.490018453656293 0.0891265207375615 -0.133602426313354
0.142989609108621 -0.402657618078662 -0.158910871313863 0.0746525149233983
-0.126480977821204 -0.373835182391865 0.00223273531486872 0.0639608310494362
-0.323639298842982 -0.158519682617912 -0.038405096133792 0.0101036495475264
-0.262762900294418 0.171221228660505 -0.0413866577444844 0.0231578566628105
-0.0584558790228314 0.307610264595086 -0.000768683702267497 0.0856790459969459
0.127822465543543 0.272253500477017 0.0703341994763217 0.0499987870049581
0.221678986570517 0.157574410677027 0.0637943143965141 -0.00180039600819433
0.238510677207823 0.111046496243881 0.0567834828280889 -0.0118491991036521
0.225314805303082 0.136666520595088 0.0650134379998444 0.00575173763849883
0.192453817197448 0.264233262461848 0.0546694448183802 0.034221383638694
0.0087794672609878 0.353147510029339 0.00691160082426376 0.0635054969011925
-0.224833277699041 0.265740920785169 -0.0290965048944863 0.073799255702679
-0.404891229275368 -0.0519959441588012 -0.0594865062501133 0.0152103903548381
-0.225048324617294 -0.394945507318203 -0.00452538173937619 -0.0342709612593787
0.0691709251235365 -0.47055096708466 0.0512058410152848 0.0158620297347287
0.113492168055539 -0.363147712870106 -0.208835438297179 0.232807115228402
-0.127338415322966 -0.335024096397316 0.029275971568891 0.161698131756478
-0.292964462398239 -0.135000304921846 -0.0160456193526428 0.0317619984343043
-0.235245879725653 0.149140447733217 -0.0695626139236942 0.0369200192548593
-0.0580543373282075 0.267525530268389 -0.0243242930148148 0.156545315955747
0.104366415600578 0.242430777488337 0.11026718773528 0.140727193844187
0.190356006916441 0.147805955788444 0.142298546616334 0.0649137407997755
0.199788381431797 0.108098991339463 0.140726869528909 0.0353769563304836
0.183760662613913 0.128308177159251 0.13980219784703 0.0505073716912353
0.145803323818091 0.221257755203228 0.108019814300435 0.0865311274959272
-0.00693956088503317 0.276762256747858 0.0229507274468144 0.116292278836871
-0.174060397009402 0.18890071717457 -0.0379674611378754 0.0909756567972597
-0.290964961174231 -0.0430184167387005 -0.0354326036196997 0.0366518376437981
-0.172062400819675 -0.297006041417387 0.0202350878089994 0.0244744722817749
0.0402344828409905 -0.370929390160404 0.0213594246591705 0.141389406506335
0.0600003608650921 -0.257133307577686 -0.234696256221222 0.36725881715085
-0.102010698868658 -0.223671364466868 0.0495559480832817 0.241724716668165
-0.195085070139535 -0.0799922774795487 0.00971197858490806 0.051150516197133
-0.152557117336842 0.0939199869512101 -0.081972228820917 0.0437855405404866
-0.0442210244584896 0.172065873826094 -0.0412316010669697 0.200141130074158
0.0613367199142539 0.166768908534167 0.13407413532552 0.207108752728747
0.125400349675666 0.113116645290699 0.201929417962361 0.121331614680822
0.129913383464915 0.090615154486827 0.202306010961821 0.075831239799819
0.116240373078684 0.104345160597744 0.18860055927872 0.0878198766901616
0.0785714125908173 0.151790342765385 0.133691390714832 0.122642345002946
-0.0290524588882927 0.166841921237266 0.0261809205200179 0.141320616785932
-0.111299437285921 0.0863201635666025 -0.0472220124586699 0.0830520570594806
-0.145775322382184 -0.0374526935279206 -0.0140472151244236 0.0399912835563928
-0.0953355736142466 -0.170056070944339 0.033964386955357 0.0583408073478861
0.0100087453180136 -0.225676550506351 -0.00114515642944613 0.223074074116766
-0.00292358293887399 -0.104668534638815 -0.23034874663607 0.450274076748292
-0.0586595027922348 -0.0722487390441715 0.0636935172508863 0.287210851185427
-0.0639744545764493 -0.00978262845534469 0.0395252004125272 0.0616590890498894
-0.0445019497124874 0.0224926287717847 -0.0759792081495909 0.0404830956539128
-0.0230112573082482 0.0500416091960492 -0.0495618590768888 0.207622207437504
0.00721220873673329 0.0655657144139451 0.137451996261612 0.237794941500219
0.0387682660589145 0.0619531296581931 0.23090689456448 0.155936216205188
0.0409719141436308 0.0605203834419807 0.232841324280553 0.104283837483319
0.0371867429903878 0.0651729147757641 0.206545030711046 0.114556431461803
0.00961154475428868 0.0674570287179648 0.1332355913206 0.143302101968172
-0.0406425122064659 0.0521887299433709 0.0176694665576257 0.143908501492447
-0.0454296841945512 -0.00207735597488601 -0.0535370421066506 0.0594295660900143
-0.0162681164541523 -0.0216248212388997 0.00326204696986816 0.0335518679878667
-0.028656212245397 -0.0388591234435999 0.037068122840815 0.0737736964223523
-0.0235310873404006 -0.0670407491158814 -0.0166796340266565 0.257972770412819
0.0394023740062436 -0.0653941499467566 -0.0223068463674132 -0.323544519170915
-0.0224984430166516 -0.0670189465820517 -0.10136029080831 -0.104825046004723
-0.0689423177465995 -0.00890820354321968 -0.0256416123947371 -0.00660486573051111
-0.0186555897503153 0.060181065652848 0.0598783830489406 -0.0254281168587741
0.0320201272119263 0.0529684139746498 0.0119491233625377 -0.148173961008652
0.0524089889093031 0.0133182865726427 -0.137397504151351 -0.171083281662657
0.0465002980825758 -0.0203241739447891 -0.231363906324644 -0.120374504434116
0.0503947494672456 -0.0283081891430388 -0.256022975368489 -0.0921183735637801
0.0538386546354113 -0.0147288433573421 -0.256654033629461 -0.120960480365591
0.0677509307626783 0.0388957542043821 -0.182510266424168 -0.185752700137391
0.0305589685398865 0.0785632677356574 -0.0342940436768115 -0.20064086111515
-0.0548853248725651 0.0702704681851392 0.0507478479964548 -0.0787520074241527
-0.108803526190126 -0.0328347853362097 -0.0547552150278926 -0.0838371678608713
-0.0142921747411879 -0.113565887991174 -0.0656067101074723 -0.236239072796888
0.062070354673173 -0.0960077584882664 0.149981531106126 -0.482324259056028
0.0611474755145346 -0.20700437775895 -0.0363347560941543 -0.2713269346327
-0.0645025731600176 -0.165047131804735 -0.0813798271749509 -0.100967992045996
-0.150215950688843 -0.0440613927745797 -0.0409583892819643 -0.00456116819145452
-0.08321564201458 0.107890616053886 0.0487727867289342 -0.00954167095637867
0.0235866672570266 0.145843481831769 0.028620798408705 -0.119920562953292
0.105144808147472 0.0986414820578901 -0.0978668107530825 -0.16229242684413
0.132640446088785 0.0274514023067597 -0.192846444357663 -0.12479846266692
0.148172952714602 0.00595223111999665 -0.215479011590978 -0.0924883300207281
0.150244248979983 0.032603084017244 -0.209803100323383 -0.106874362916419
0.149711502093341 0.136860460597802 -0.150501479704439 -0.149400481904227
0.0368235955996111 0.214507347286271 -0.0409840380745274 -0.15579832329475
-0.144419448618342 0.173125696816624 0.0284041558581738 -0.0496190560465549
-0.273592221334141 -0.0514888307693698 -0.0781650319014991 -0.0717267848090718
-0.118460278553668 -0.271940261948177 -0.0778527870380252 -0.222764675407771
0.0684923035962455 -0.296510845576303 0.127740830053976 -0.426180193246327
0.0825575747731963 -0.332157602596341 -0.0639795518638784 -0.17501533680066
-0.107798726020436 -0.262250628609656 -0.0547505417503744 -0.0747889209274317
-0.236591627462762 -0.0816788487045149 -0.0460525844092896 -0.00437861700895377
-0.154669676119353 0.152984893368154 0.0293037043024067 -0.00149036022730912
0.00862706998788869 0.233720109770552 0.0323889618594022 -0.0745465365993959
0.145905109808829 0.18093829018418 -0.0481905086458157 -0.126003812141569
0.202904877114036 0.0763820500725153 -0.126630284487521 -0.108411630127387
0.223613086004031 0.0391803576904621 -0.142361390099809 -0.0800159792750349
0.223437735004472 0.0713681939619449 -0.130526650845717 -0.0789784562945023
0.216370656507711 0.209830660240665 -0.0928296310463559 -0.0946819504030854
0.0521828223213296 0.322147796460424 -0.0355592718245587 -0.0893982985842461
-0.201943626625378 0.268023368633866 0.00824436752068095 -0.00926637378277507
-0.405452457539981 -0.0381158718274278 -0.0884017778773704 -0.0433374208139328
-0.222721802522617 -0.378264997014123 -0.0776797160384603 -0.176385477343536
0.0551573166073959 -0.448517873587985 0.0990511237577843 -0.311309890533236
0.0921481350966102 -0.423263427549953 -0.101472709718238 -0.0337092119218906
-0.153591472019558 -0.34406361658068 -0.0183562291303413 -0.0146739320940164
-0.320271245794775 -0.110614208426912 -0.0359032528802662 0.00232929925728537
-0.220033414511206 0.195588226930391 0.00322622458754061 0.0072499431902717
-0.00747085137332038 0.303969011251338 0.0273863726509101 -0.00885145387404491
0.171728561516225 0.243200291786932 0.0108612518874611 -0.059590944975569
0.246878100880587 0.11607566006354 -0.0375629213714173 -0.071541931465031
0.264818388990791 0.0654349163631761 -0.0469322319460571 -0.0548083963497182
0.260932201227573 0.0969065520710102 -0.0320981168311147 -0.0438563736432266
0.250070622389244 0.248284976540439 -0.0152340885549573 -0.0328720573423795
0.0676427449839395 0.378782976710091 -0.0133346218959358 -0.0107497731564015
-0.218405062866064 0.323707939243293 -0.00470798078581127 0.038135945647973
-0.465545587008574 -0.00944705170048723 -0.0801498252975564 -0.00518451236374641
-0.291568329715327 -0.414532560445943 -0.0559529657244279 -0.104948804348368
0.0274122487885569 -0.519631959801453 0.0750823526003479 -0.15702547293763
0.0860686767012979 -0.45509659817612 -0.13902171616743 0.137982726803631
-0.185872650390005 -0.379761153455315 0.0262659037298824 0.0766936101729362
-0.363109285991237 -0.119931529806384 -0.014533135434224 0.0178039667210205
-0.252100268395454 0.213444805497542 -0.0271502008672932 0.0234144638546142
-0.0188680275762324 0.328790332815238 0.0174454891956175 0.0736621589114786
0.173015449322848 0.266631464033347 0.075050590807116 0.0275709760983779
0.253956061008336 0.134705033962148 0.0631861675984527 -0.01868079858532
0.264605319101159 0.0820923868206874 0.0556793525199788 -0.0207008228601085
0.255138256035869 0.108885636911548 0.0687139869113339 -0.00475208763098665
0.23856639399233 0.246115204183263 0.0655377735611613 0.0255841562871024
0.0623681730702122 0.364380470730527 0.0186811718803093 0.0639173246531038
-0.196689057697699 0.305733555475939 -0.0127186544435377 0.0786593370269589
-0.427796104176407 0.00855282045058439 -0.0563058764830694 0.0287168319909505
-0.29131709425788 -0.375018425119891 -0.0173943342500345 -0.0302079928902377
0.002405021610556 -0.496471184223901 0.0562151707935552 0.00600485870434457
0.0604920611638473 -0.410390575367521 -0.167041708586932 0.310302775235862
-0.182670905944694 -0.339238430015981 0.0688869372065685 0.175234678459802
-0.32870555272852 -0.100929096242456 0.0100464483074151 0.0366090479261465
-0.227235106047368 0.186467482427286 -0.0558381817283364 0.0432682698892926
-0.0249343413709146 0.285866396022902 0.00519736769348042 0.154790199023854
0.14388863664204 0.239592513768152 0.132807052863816 0.117367091061422
0.219511922293492 0.129122553473317 0.158915950404646 0.0394412677067061
0.223312861594728 0.0850054635299357 0.150210145599025 0.0150526111941791
0.210463767253989 0.107436542900663 0.154565487742628 0.0306066963276278
0.182650133705533 0.208824185915218 0.128400110698994 0.0723694278482894
0.034419290538007 0.28827869580873 0.0431493835856343 0.117042150659645
-0.154793118888097 0.2191474217081 -0.0216098487489906 0.0992771116214164
-0.306942996604489 0.000478985365097626 -0.0290704984706024 0.0452695380650358
-0.222015583859361 -0.281702314951325 0.0187053158919894 0.0260299626947633
-0.0128739953568298 -0.389663810051009 0.0425788247670871 0.143858195920191
0.020639565832226 -0.289460845421411 -0.176530532283314 0.446929184622321
-0.141170527858381 -0.225648828873662 0.0990511203774202 0.253572973919853
-0.217580344766524 -0.0568439118181434 0.033174606284237 0.0525369213938414
-0.148146632147434 0.117075432059298 -0.071557554579939 0.0561871702467408
-0.02528458142902 0.184672705091294 -0.0059142015517752 0.208529667725103
0.087239565310207 0.166655380875031 0.171463973757427 0.187818169927019
0.146367784022437 0.10214342387223 0.232308639131306 0.0905003301010699
0.147959250553985 0.077685273614039 0.220533393896652 0.0486693801571381
0.136161539840422 0.0922081830264845 0.211547805362864 0.0629698717773008
0.102236031153889 0.146932314970084 0.15910432380535 0.106976560634529
-0.00589343547702609 0.177215227417991 0.0495135801292597 0.144063834509914
-0.104148356020953 0.103356220608517 -0.0347758292028127 0.0941898801370099
-0.156174971589157 -0.0169363928816787 -0.00757556783964565 0.043324353706739
-0.123127043929046 -0.161508584563118 0.0403647785702064 0.057622798190898
-0.0211385213405817 -0.235246812416276 0.0300798119722181 0.233573959300622
-0.0212637678468358 -0.116845000231766 -0.16562833343849 0.52119161680834
-0.0737202528039389 -0.0706696983480592 0.114196364950257 0.296380137070809
-0.0692522321824254 -0.00191985071023152 0.0558784263324586 0.0585918631711168
-0.0442332234857895 0.0286476542760909 -0.0706278142799882 0.0547852757286015
-0.0202165070897 0.0542875257427862 -0.0148144430274663 0.2235698962668
0.0156539789113627 0.068508037060502 0.183304910110413 0.225149176800118
0.0491039114398408 0.0603916829561605 0.2706014073759 0.125934696786265
0.0511655897603764 0.0589368980858476 0.258122223025437 0.0735171364668907
0.0479995290508819 0.0634688197966067 0.233522989636068 0.0897294621568014
0.0176562278407679 0.0696429579948049 0.160756328751609 0.129583653782126
-0.0358570230266003 0.060477429989511 0.0401559430192111 0.147796472603753
-0.048004305006086 0.00329846732268012 -0.0475633725757852 0.0715107670347391
-0.0200729698533156 -0.0207576576345482 0.00833265846871462 0.0323072205845886
-0.0354985348121304 -0.0367484731406205 0.0478080052841233 0.0716165058358862
-0.0312981112310538 -0.0670824201675184 0.0186877643861167 0.273870391056513
0.0339773620253624 -0.0677477007119059 -0.0484934358552515 -0.331148839764502
-0.0279398980438833 -0.0649375161558648 -0.111111315157449 -0.100808666333499
-0.0706538709021937 -0.0033867369226549 -0.0265397409222402 -0.00369948684962226
-0.014104526807913 0.0621504874937058 0.0599426873670626 -0.0306884974639184
0.0366617522492952 0.0514094586355394 0.000941120545064115 -0.152074593754346
0.0537835322918847 0.00909614044375908 -0.153463537553447 -0.163936273370008
0.0448033577751168 -0.0246708007496556 -0.243977073432261 -0.10589669624619
0.0487850595219732 -0.0325255405568321 -0.267418549454688 -0.0756019051193118
0.0533132869473719 -0.0178551767843657 -0.270280533915873 -0.104001348446657
0.072816604393613 0.0338989144360833 -0.199819826342023 -0.175268085989027
0.0378278007667108 0.0770454806005698 -0.0503374782977125 -0.201949734729556
-0.0503543278561438 0.0755929261312956 0.0457394680170663 -0.0862990497053034
-0.113791105438273 -0.024366925918464 -0.0616016283026 -0.0818413981391779
-0.0235437897827203 -0.114128184598491 -0.0810252590547779 -0.236966399345912
0.0545416740001373 -0.102688720514683 0.11633998001826 -0.502912725073264
0.0450253509551627 -0.214021431395959 -0.0579727277864878 -0.277341085060791
-0.0780739122444009 -0.161459345389164 -0.0902240823821019 -0.0997190113939172
-0.155613060386776 -0.032447767271994 -0.0417178661196042 -0.000705628600004756
-0.0760008113561752 0.114558167534154 0.049751356246494 -0.013298221465373
0.0359153951850627 0.146436334817621 0.0208372681922386 -0.124561229820878
0.113989828277985 0.0915379287741252 -0.112328673248218 -0.15870578239862
0.137095222528119 0.0170215349836919 -0.205267209413275 -0.112378182933219
0.150605789221258 -0.00463255494373946 -0.226370034393919 -0.0789296563822314
0.15580891032072 0.0230222538316354 -0.222035106648889 -0.093293254650954
0.164714253153935 0.127391466156914 -0.164036810722285 -0.139997514945935
0.0549332474471039 0.214851080275036 -0.0538166859423817 -0.153933590259009
-0.13458468128694 0.186794208690723 0.0255972400648003 -0.0543098966198321
-0.283185607747679 -0.0307324801676224 -0.0850490879956321 -0.0686316022842781
-0.142273540579219 -0.267845410934 -0.0927080169698492 -0.222745756939903
0.0459163432682414 -0.307764415400963 0.0997977743995092 -0.445441769964547
0.0565867199620546 -0.343501377182479 -0.0779320305850811 -0.177058040603148
-0.129592823465191 -0.257785793068737 -0.0613956357653874 -0.0757514561305291
-0.245986571460573 -0.0649016174823263 -0.0466174047571043 0.000394923605617474
-0.145453141758251 0.166334570159618 0.0302822045073314 -0.0032676300075437
0.0275746766324019 0.237800585039409 0.0292740697403706 -0.0793604604175035
0.163316998308065 0.172444159449545 -0.0587722311378969 -0.125862505916967
0.212851827392476 0.0613245844547502 -0.136154469440436 -0.100095618938892
0.229634607202541 0.0229301821736232 -0.150898904060603 -0.0711744231628259
0.233160228975292 0.0563945742286704 -0.139186169812358 -0.0714020957763295
0.238023983621852 0.197170467930027 -0.100630402725575 -0.0889713503084714
0.0799691731373984 0.324678291031446 -0.0429114240757092 -0.0858852564655995
-0.186545254438319 0.288505538689028 0.00806319055906435 -0.0119119742580475
-0.417073088240582 -0.00750633723841796 -0.0935787776151603 -0.0403559331840179
-0.256643519154512 -0.368756347499214 -0.0892381556909988 -0.176045063106323
0.0206388989837103 -0.463248848185432 0.0781833703183803 -0.327391590315563
0.0603995871662439 -0.438280265760804 -0.105447402029108 -0.0300910004257148
-0.183262862685052 -0.338890187157518 -0.0197958918924295 -0.016912837122807
-0.333800004294998 -0.0881444204404898 -0.0347884401200619 0.0062699200785507
-0.209628280500697 0.215223688098573 0.00432772233649521 0.00793114222733966
0.0175586944903072 0.310801242761899 0.0292892134397147 -0.0120171766754161
0.195609307903915 0.234457810099865 0.00699842430365636 -0.0633930419069707
0.261121401390914 0.0975880330145995 -0.0428975091602168 -0.0690758187988128
0.273839276694174 0.0468849472396985 -0.0524181771584187 -0.052100111353805
0.273611694448535 0.0799490611556413 -0.0355842506790829 -0.0428303666974773
0.27599164446137 0.23289465268384 -0.0168461513386447 -0.0323815207985694
0.100429260971948 0.380665199856092 -0.0135239712358911 -0.00635406051745427
-0.198642881902608 0.345711656231208 -0.00169467138440605 0.0370219607068731
-0.476412766784564 0.0274945284573143 -0.081877879864516 -0.00241157289805196
-0.33120832300528 -0.400005318675672 -0.0622726437862835 -0.105458145900039
-0.0126159775832503 -0.533470276052504 0.0638947015467508 -0.167629394560295
0.0512136685132595 -0.470451997050665 -0.130360082798826 0.147932357134356
-0.219148339700306 -0.372279808708591 0.0323246428534581 0.0729351708410574
-0.378611660959786 -0.0941485310579363 -0.011246626608175 0.020170905105767
-0.240935389273742 0.237100161707537 -0.0255182085082962 0.0266954628042011
0.00687895420997853 0.336701440869237 0.0260831117713727 0.0739227932796937
0.199147129018615 0.258904845156561 0.0799819599735853 0.0206891246007525
0.270114696469159 0.11659354276405 0.0631338250410059 -0.0229123698916968
0.275317812030537 0.0633891441971464 0.0549784832118238 -0.0256157139128443
0.268651007461974 0.0924166572529688 0.0703578962888943 -0.0117536265375375
0.263847438898592 0.231719871483548 0.0698152339011858 0.0203538468504924
0.0942261472747897 0.367151784263173 0.0250155763051578 0.0669150300435199
-0.177382637707523 0.326380725442578 -0.00683495108455505 0.0799912028566297
-0.433125595417884 0.041657721547127 -0.0558435300402221 0.0294200793738804
-0.326768464424718 -0.360097065975974 -0.0184196766400325 -0.0320390778328632
-0.0360057269289375 -0.508119327077176 0.0573293058011886 0.000450690841950454
0.0295719495102866 -0.423501898075113 -0.14527443973301 0.327057351715482
-0.21218450043646 -0.332639239784942 0.0832897594581325 0.171721587056861
-0.341726397541253 -0.0778502135745861 0.0153497873326987 0.0373838972138617
-0.217458898094041 0.207054970855039 -0.0534045468804293 0.0492571612996877
-0.00240292195997267 0.294208497454934 0.0204981014749843 0.156994328624639
0.167688062381936 0.234282930717296 0.146588846025138 0.107494635496989
0.234651648033114 0.114535348233012 0.165629119281788 0.0294038203704678
0.233687881820874 0.069845177934355 0.154073976518778 0.00444783609743462
0.222842240316768 0.0937751927226999 0.159987042283976 0.0191226147377814
0.203674895757429 0.198135730932803 0.136875222508501 0.0630022908347828
0.0602153060951028 0.291599229349882 0.0538086610002697 0.118354942040603
-0.141344013637916 0.234355781125957 -0.0144741684863757 0.102287251556319
-0.311865659852515 0.023623042030788 -0.0267027148446542 0.045051780217012
-0.249456427036282 -0.268744741523071 0.0212987651942939 0.0229012926685961
-0.0415540641915269 -0.397300544741969 0.0530706633534311 0.142718391221016
-0.000534698479694029 -0.29793711489985 -0.144672720532939 0.469284522315289
-0.160450507099749 -0.22103634960926 0.118918623274484 0.251137672969759
-0.225389155643192 -0.0425128319143539 0.0392473049540601 0.0519185781686606
-0.142745056882614 0.130276806457439 -0.0689982095455525 0.0637288793145312
-0.0113343082791866 0.190617833602714 0.0124167550509986 0.213898967192728
0.103900046104444 0.16378641995386 0.191515570725145 0.176212713892088
0.158563627170626 0.0930231762791176 0.244334795878198 0.0751524997459177
0.156954966325952 0.0679864092497764 0.228313156749464 0.0326964391801405
0.146664112086232 0.083365133121401 0.220710821363888 0.0480410922233652
0.115741518313782 0.141423572589725 0.17051660491658 0.0960333276824061
0.00968903050870689 0.182267231306352 0.0618921179181007 0.143356683113652
-0.0994837201322937 0.113224059226674 -0.0289046725915833 0.0982786821926504
-0.160082755349779 -0.00677041674622912 -0.00478604538136096 0.0409415301606308
-0.138321470406718 -0.155072602149898 0.0450681906907632 0.0538417065880256
-0.037963487233426 -0.238489751037254 0.0481246610436344 0.236049292065099
-0.029762399327462 -0.118450987900189 -0.128783096531456 0.544372968978464
-0.0793983235563136 -0.0682958926107374 0.138345937900282 0.29474608930943
-0.0701719110184507 0.00200097485058909 0.0623132886587452 0.0566954022431828
-0.0435684340685813 0.0324621181751025 -0.0682790285635957 0.0627232933372121
-0.0167278546320354 0.0574985851163694 0.00353607600780076 0.229999853126633
0.0226992031006068 0.069383156770662 0.20636268950658 0.214604913454259
0.0554497377510901 0.0583359574979054 0.285471383143836 0.107423378500062
0.0571272050689855 0.0562679394776499 0.268495018601035 0.0564632776801253
0.0538595625190865 0.0606144361857562 0.244938244634987 0.0740826685850039
0.02310729532449 0.0699840634375615 0.172961202526641 0.119234233212449
-0.0309367642971385 0.0661961942397011 0.0518233483398422 0.148362737300191
-0.0499685229035522 0.00767320949480599 -0.043521038315099 0.0766632023742309
-0.0218847340025209 -0.0205314462909499 0.0105829889495656 0.0291951596503293
-0.0384957679709514 -0.0350450851284541 0.0530063855106488 0.0688984480351582
-0.0346507846433889 -0.0661932555420019 0.0392889862509517 0.277627989541281
0.0276826701322906 -0.0667335481630165 -0.0709255221063802 -0.320205296896654
-0.0312751589377062 -0.0590653849625251 -0.115258647164988 -0.0922715822517947
-0.0685167881211028 0.00201001291073124 -0.0261894989735477 -0.000929470296845574
-0.00924191459180642 0.060073494670694 0.0567553823870099 -0.0339548588163278
0.0397806514883295 0.0473016764534828 -0.00964900139503075 -0.14875149000156
0.0513836887374011 0.00467373122276725 -0.161601377512312 -0.14872628978354
0.0405408603884748 -0.0273886956409105 -0.244033140627979 -0.0875840841968175
0.0445165120066876 -0.0347300525242779 -0.265502079047846 -0.0563798841942839
0.0509240320275063 -0.0198324203735901 -0.269465294543006 -0.0827375274749539
0.0739641520626926 0.0274210368295458 -0.206069882413404 -0.155618377248949
0.0421988480790135 0.0713178670281544 -0.0633463431040494 -0.192423250163899
-0.0439710904446326 0.0765361122025627 0.0382530857070939 -0.0884603873252642
-0.111801574226315 -0.0147241189053274 -0.066154159363788 -0.0753392971697703
-0.030671199518487 -0.108367639466198 -0.0915737248174975 -0.226324464111746
0.0447222343294482 -0.102485506849057 0.0807918935050759 -0.497798324206263
0.0276275664473264 -0.209338455539383 -0.0766161855206466 -0.26853203717311
-0.0863317488462139 -0.14977090220851 -0.0957102464599696 -0.0933816044660501
-0.151772203786399 -0.0203707413321574 -0.0399204469813979 0.00279278026043046
-0.0657515646843067 0.115414210430814 0.0483048826877639 -0.0164209270498921
0.0455889215324715 0.13978359324081 0.0121580235171852 -0.123327914678973
0.11677232806266 0.0805945218685101 -0.120818232030956 -0.14685344242132
0.132931758609837 0.00653901201966302 -0.206604724479536 -0.0954746495409083
0.145194094482371 -0.0147005586293495 -0.224892750753366 -0.0619284721779967
0.153314874682417 0.0127949355079333 -0.221527565531562 -0.0761271801070001
0.169195784526475 0.111991272180012 -0.168953549573946 -0.124401290238176
0.069204269800897 0.20429690030921 -0.0624153470625454 -0.144227510332942
-0.118189910376027 0.190468602285309 0.0209532656818311 -0.0565763621402866
-0.276162782073742 -0.00982382151222591 -0.0873457049470292 -0.0621680346180318
-0.157347280340372 -0.249297815589455 -0.101326921902117 -0.212938844552172
0.0224230088498339 -0.30254546947741 0.0647660052445803 -0.440956453577403
0.0296487759798251 -0.335983954031258 -0.0887680835153744 -0.169682588806702
-0.143447005708003 -0.240328823481965 -0.0655689175658969 -0.0720294686115267
-0.24163231415836 -0.0459109829687572 -0.0434688434755455 0.00449756543787979
-0.129707305057688 0.170373743930382 0.0295759333907976 -0.00520929061233393
0.0442567502091232 0.229023516502954 0.0241984889993854 -0.0797121962971378
0.1706966387369 0.155553264995106 -0.0663107786501127 -0.119109291944611
0.209817217487213 0.0445277485766563 -0.138936099190615 -0.0878013238031793
0.224029864267299 0.00679119616098165 -0.15161021845131 -0.0595614590075512
0.231480616732932 0.0396756312216801 -0.139384197451663 -0.0607050457275214
0.246032590442756 0.173980623492921 -0.103022014028562 -0.0798404864133795
0.101930884777303 0.308931727785398 -0.0466984146769528 -0.0776651071266264
-0.161623326477455 0.291908011815889 0.00738949187674823 -0.0143085974609291
-0.404502395046317 0.0225116868757985 -0.0939662688244514 -0.0352322271118814
-0.276477316598294 -0.338564548184431 -0.0961756059868293 -0.167587962714224
-0.0128145204425034 -0.45073919576838 0.0538512525485305 -0.324624505947753
0.0261276789267407 -0.429009600205147 -0.104418029286315 -0.0256089215231206
-0.201273359138397 -0.316047789182279 -0.0213196702875817 -0.0186006660641532
-0.328607746094006 -0.0627103529210433 -0.0315813552439558 0.00908952524280602
-0.188914734482047 0.221840410802174 0.00512772542735252 0.00755410564332744
0.0397289848266952 0.300621824309498 0.0301260202561506 -0.0142163655662363
0.20765941389301 0.213665107128346 0.00273624190435073 -0.0634770204902177
0.259840844427863 0.0761530180058305 -0.0463927266394169 -0.0637871616553064
0.268608492993469 0.0271599594363954 -0.0546089231799598 -0.0480318442387044
0.271548547103023 0.0588942730167467 -0.0374202536488014 -0.0398498609157586
0.285550340386998 0.206871122139271 -0.0178338020492435 -0.0307781780010322
0.12597251154526 0.362598117447775 -0.0121520909327155 -0.00203385717810196
-0.169255090076419 0.349045746043476 0.000921234962343261 0.0344851639461661
-0.459377009082971 0.059137772673592 -0.0806124099472028 0.000245340337734162
-0.349946271835523 -0.362529196989935 -0.0660775321466986 -0.101453120509541
-0.0508312952623083 -0.519149512627547 0.0495219169862434 -0.168853854577664
0.0157926269117328 -0.459621189918645 -0.115542153083774 0.1495259629018
-0.238222248713327 -0.347066875363308 0.0356635342533336 0.0655687828986313
-0.372270145020639 -0.0661581059133267 -0.00741199830244698 0.020607126968073
-0.218014282292939 0.245604458942569 -0.0225706630894364 0.0284304351899448
0.0311544846962566 0.326937730236744 0.033504493098934 0.0687153574109445
0.213333843127537 0.236662666925952 0.0798323591906122 0.0121657797207566
0.271137197353834 0.0937428623133141 0.0602792381171514 -0.0257536498817891
0.271005263600876 0.0419978374036107 0.0518557662184366 -0.0287833995707904
0.268040924703964 0.0714465812849923 0.0684596807729376 -0.0171093462942556
0.273851648479623 0.205491266931067 0.0699429824878004 0.0149061637583541
0.120805179490643 0.349860331642305 0.0304835845297453 0.0661121257556411
-0.149686815253933 0.328488776598659 -0.000948106934207034 0.0768146132906652
-0.417596315530379 0.070471715327874 -0.0525681796111688 0.0287135622481904
-0.342824009420886 -0.324047243101117 -0.0197035714154422 -0.0330478483465225
-0.0702734269503837 -0.490209195702521 0.0546361935639148 -0.0049434411928468
-0.00110350312151125 -0.413035046630553 -0.117670183289945 0.325048217810706
-0.227808533996388 -0.310036211665195 0.0917968033492597 0.159044484940411
-0.336841798620065 -0.0532282698366817 0.0195025907326145 0.0358327724467105
-0.197942179500773 0.216281450711751 -0.047796985183329 0.0525219407910238
0.0183244903579605 0.286678340458789 0.0336214406244616 0.150722852820148
0.181179469106964 0.215834023899585 0.151450489226925 0.091805934388893
0.236125304869232 0.0941254082627651 0.1626983535759 0.0172563735660253
0.231774783503507 0.0521922226791441 0.149955841764894 -0.00643626058198404
0.223466800148902 0.0753512808219416 0.157636532203496 0.00621194704381777
0.212239211330953 0.178127721018458 0.137558594671488 0.0514066663582429
0.0813194102591346 0.278697050380711 0.0624201922541263 0.113355903966931
-0.12180327010119 0.237240389469816 -0.00686968226355284 0.0990097651880712
-0.300455312315575 0.043557363409764 -0.023675578676197 0.0414186678027983
-0.260811200183566 -0.242512378037694 0.022554300835454 0.018139652488711
-0.0671647249591541 -0.383498140457365 0.0607062901158457 0.13348255364833
-0.0204995782899834 -0.289685840566462 -0.108291953263541 0.463850034534158
-0.16966542699849 -0.205558081459132 0.131986576496893 0.235267760678509
-0.221362263720287 -0.0278163218533377 0.0433269382935279 0.0478256270256197
-0.131121404168987 0.136500659386272 -0.0624723391961745 0.0674481526329052
0.0027842899372071 0.187064126213227 0.0296460984029898 0.206161025956117
0.113833891290739 0.152882482935966 0.199975674959498 0.156110232945183
0.160850974580147 0.0789470917777082 0.242241805965502 0.0568221959334136
0.156935466614788 0.0555728838861288 0.224119236398045 0.0166487131230683
0.148000420809611 0.0705080285051545 0.217275428683773 0.0311266278908056
0.122480115560975 0.129540785665924 0.172202848878858 0.0804730868034705
0.0235500994802358 0.176678542328969 0.070690911484372 0.136575998736856
-0.0891424975387837 0.116786639521496 -0.0208248488382886 0.0973689096008029
-0.155094192804784 0.00360063368447497 -0.00241939566150156 0.0367232131213943
-0.144812565024281 -0.140158024106051 0.0467225360776381 0.0476238317362917
-0.0523069671459299 -0.229565016950777 0.0623883780584744 0.224941567851081
-0.0358598046640051 -0.113826982923251 -0.087484898568878 0.537171455111452
-0.0812752829443509 -0.0625841035977655 0.15282575914461 0.278403593228127
-0.0673642120984151 0.00548659643365731 0.0654616964371098 0.051219177482419
-0.0411493660222029 0.0352060246197652 -0.0622536499637257 0.0659398593249072
-0.0124055429569306 0.0572789182814698 0.021350355117466 0.222950779843855
0.0281969367189622 0.0665327717103075 0.217569198475142 0.19277264225136
0.0592237145502285 0.0530541004648257 0.285297116515759 0.0858988435189677
0.0598275525118348 0.0510226944548725 0.264689909328331 0.036935969052677
0.0566162441043777 0.054739237114371 0.242773038382524 0.0547420448921519
0.0270687280506474 0.0665153172506098 0.175654227317773 0.104068190571012
-0.0245468558481096 0.0675627002910882 0.0602257774684052 0.140637076596611
-0.0484736819890343 0.011164386228285 -0.0373830508421512 0.0777118515157266
-0.0233528521812852 -0.0197265769317281 0.0121437725483037 0.0249251871458225
-0.0399724630804766 -0.0315615427636947 0.0556152810217951 0.0629252252529965
-0.0362583730863898 -0.0629020588147619 0.0572916068575701 0.266802512742911
0.0238765321445688 -0.0628547942876771 -0.0771503102119005 -0.302764717986078
-0.0303494953684394 -0.0535944319455052 -0.112871436847504 -0.0855224002960271
-0.06455467358077 0.00466216516380506 -0.0246189762092916 0.000890854675690211
-0.00652852175050525 0.0564870641924837 0.0536018306649468 -0.034737199540578
0.0393250192778217 0.043289717506241 -0.0138493712913507 -0.140522758749248
0.0482509032206141 0.00244137156206313 -0.158760812863854 -0.135992575876826
0.0368688021389047 -0.0270039204955335 -0.233940569465613 -0.0768215382642883
0.0408338112667213 -0.0337080637530991 -0.253344962501335 -0.046574416017118
0.0480439556019169 -0.0197991968185794 -0.258344822691386 -0.0706273765484612
0.0713724884904482 0.0234279745374132 -0.199707402712922 -0.141482408187078
0.0421837403337666 0.0656148173483804 -0.0666407513327648 -0.180368340998574
-0.0397275589630131 0.0733603481671016 0.0330998075396795 -0.0866826363393003
-0.105784399409106 -0.0100218965857468 -0.0647356126141344 -0.0698979522456334
-0.0318950503735418 -0.101797010348191 -0.0898230502357143 -0.214302663276999
0.0385771721044696 -0.0978640753532683 0.0621422097822319 -0.475181424272356
0.019166267932054 -0.197268901239447 -0.0816560383759837 -0.25476287914276
-0.085274563083662 -0.137347803426039 -0.0939155865127642 -0.0878890488824119
-0.14417946193664 -0.0147635366720162 -0.0372597320364937 0.00483403995708584
-0.0588481898847906 0.110100117195523 0.0456248526574854 -0.0174418098228217
0.0482260143187081 0.13102830400859 0.00832219248276551 -0.117267543873246
0.113020706110186 0.0726989953924994 -0.120432480687901 -0.135750561174531
0.125187728726731 0.00239755486178678 -0.198670361243162 -0.0860755931131151
0.136959830059457 -0.0179556554573366 -0.216319805916338 -0.0534558225392306
0.146472771318167 0.00781083247458295 -0.212398886068865 -0.0663151998322742
0.165151524158656 0.100682943683049 -0.16311953257462 -0.113733185002271
0.0727927734679838 0.191074031043945 -0.0633761911657181 -0.13425844988459
-0.107753989499219 0.183231562270908 0.0181863214983055 -0.0557491188190946
-0.261862955743961 -0.0015550989309713 -0.0852075135842381 -0.0575618119748628
-0.155659713375086 -0.231664540456514 -0.0995135709176457 -0.201239246811742
0.012249427244491 -0.28725298144743 0.0506486259927914 -0.421240373918991
0.0170286825288625 -0.317177070817442 -0.089658780813219 -0.161866482889152
-0.141946247857925 -0.221824751851349 -0.0659987180064278 -0.069951513205197
-0.229088361294384 -0.0358580627116548 -0.0403967504887038 0.0057892049719391
-0.118197626036327 0.16396516286454 0.0279969631275897 -0.00606132620634487
0.0498106463133935 0.215488640716854 0.0212855226272101 -0.0771045603669492
0.167419919627667 0.142298711695822 -0.0668641446517965 -0.111835446540422
0.200011584850755 0.0352239781353465 -0.134222966341441 -0.0796485504299984
0.212579568438805 0.000607909102563548 -0.146189095411281 -0.0533452573617771
0.221259588591011 0.0320071381510237 -0.133994056459831 -0.0547294775327964
0.240162993073571 0.157903272712942 -0.0994727646580812 -0.072892358534627
0.107610462170547 0.28996802253622 -0.044798808950683 -0.0706176803431407
-0.146756344314608 0.281461543558675 0.00625145220248537 -0.015379946172521
-0.382069620438209 0.0333409056412399 -0.0908239078574579 -0.0324442953838799
-0.271918129808462 -0.312705899548881 -0.0937157637212358 -0.159033705012299
-0.0254594959410394 -0.428654978439 0.0400032768376519 -0.31058014745581
0.0103381384098983 -0.404103461891314 -0.099684174928466 -0.0250468918516861
-0.199899912165536 -0.29171355204883 -0.0217302508986694 -0.0206019763774025
-0.312377425555056 -0.0497521827470325 -0.0284952191689616 0.00968456052856991
-0.172639815297408 0.215426717754446 0.00470201174085023 0.00676266090243497
0.0483630882893339 0.284096346885127 0.0295840230330723 -0.0156849725036334
0.204876544325431 0.195449169489845 0.000669007631851736 -0.0618913280637027
0.248398553731196 0.064214835285488 -0.0454274950667687 -0.0585707726708873
0.254584564904782 0.018063239994076 -0.0533555320087261 -0.0441337282855584
0.260365165670333 0.0484176355015443 -0.0362771943661259 -0.0381030904695763
0.278309448294659 0.18654601360475 -0.0168194603870657 -0.0293030127192608
0.134097702136707 0.339153922699573 -0.00965557236976089 0.000865083241709141
-0.151104215324377 0.335645894336074 0.00187384501347162 0.0311820749595278
-0.433506779371594 0.0698602919305058 -0.0770187193458013 -0.000482866988630792
-0.343526541364705 -0.332554522034584 -0.064047905560096 -0.0973478926559721
-0.0626795709087075 -0.49144277631573 0.0410132951594732 -0.162820231795558
6.3048665360683E-05 -0.43416983048375 -0.104329841537943 0.141851573511169
-0.23696980560995 -0.322548068161603 0.0344254785292109 0.0580363804092607
-0.355359193786784 -0.0524671644923408 -0.00468355568895894 0.0199311819178255
-0.200091221611661 0.239275585530166 -0.0203277389121246 0.027433500727479
0.0411942592668584 0.309565874587123 0.036102670396753 0.0623465731354953
0.211978749098192 0.21842301840891 0.0769605506107744 0.00657986605706835
0.26017095453331 0.0799184495437689 0.0569212128380465 -0.0260012901368569
0.258151976518679 0.0328967872805902 0.0478861545367306 -0.0293289838024846
0.256587489813143 0.0602318921589207 0.0648829743250502 -0.0197104454200288
0.266827188526099 0.186867666166478 0.0674561347425241 0.0105694400095036
0.128105547179326 0.326920094606713 0.033570754004472 0.0641582544787018
-0.133295439210542 0.315417909057473 0.000909428953568491 0.0717538147611299
-0.393636361478538 0.0781862542093392 -0.050429306790091 0.0255936309303624
-0.335842317623833 -0.294936827444372 -0.0197449297427647 -0.0334588424060348
-0.0798356046958627 -0.464499206943322 0.0495416062532843 -0.0073791593255834
-0.0136648479074355 -0.391167548071625 -0.101284621454886 0.308792881845669
-0.225664698875478 -0.286842552509886 0.0909095998166043 0.145269928153018
-0.320410626689454 -0.0423951735767828 0.0211604727418595 0.0332483158845147
-0.182757850283775 0.210555592284062 -0.0440432693391573 0.0520537198263344
0.0269683720498769 0.271994970963592 0.0388357475390508 0.140758672492704
0.180989154798384 0.198189841332752 0.14827090702286 0.0798802167302685
0.227229527903404 0.0819140277968827 0.155715554987487 0.0125403648947219
0.221130099824984 0.0426755501954746 0.141997209415737 -0.0104418565976192
0.213961865849841 0.0653126939351136 0.150153530272406 0.000283345948839141
0.207604847255907 0.162568388358112 0.132292276493566 0.043446441209143
0.0882536601454061 0.262023386980479 0.0645625628718183 0.107495802841089
-0.109551558828417 0.228445516870327 -0.00366163736842487 0.0934705712802972
-0.282766730694029 0.0494648484958456 -0.0223433477474924 0.0365227209980236
-0.253723338379903 -0.220010008946439 0.0208313776084285 0.0143501137650459
-0.0744331049670497 -0.362321697688418 0.0606847262325688 0.123928735072893
-0.0275889109821711 -0.273821511252978 -0.0886655584765389 0.441215560238693
-0.167034451763776 -0.191758799203645 0.131363406841907 0.218701730890047
-0.210529839848835 -0.0215269216179453 0.0437185194772259 0.0443362549802052
-0.121190197583278 0.133006494020623 -0.0575468859044693 0.0667955933295462
0.00804367458332383 0.178369785468205 0.0361516271514885 0.194289488765321
0.114444809295769 0.141838720510016 0.196643421895369 0.139899049975553
0.15594543725355 0.0702934175898941 0.232784310821391 0.0471689412790357
0.151026867099462 0.0487931590755584 0.213668488689393 0.00983534459678073
0.142521780801736 0.0629910774667556 0.207674752231706 0.0227430785070052
0.12041803860219 0.119493202112504 0.165422762189341 0.0710448243300269
0.0292197585971908 0.167158608867561 0.0721243572948005 0.128377864341818
-0.0818977242064272 0.113802780180653 -0.0175982496538333 0.0921653305134636
-0.147628639435772 0.0067549105006238 -0.00192645966055955 0.0321258008299535
-0.140990806369464 -0.127752941804274 0.0442765260578171 0.0424740543481577
-0.0539189536794591 -0.216924645718416 0.0654715781740212 0.211039218196393
-0.0367859230146681 -0.107678957926409 -0.0673612833657471 0.512011551520662
-0.0788753737633515 -0.0590782946906118 0.152648106078989 0.261599424192052
-0.0635556647840479 0.00533665715467401 0.0643195571166819 0.0473471880630036
-0.0385265647451308 0.0343105445629721 -0.0575827503429843 0.0654034903677304
-0.0103697542731025 0.0555524624470399 0.0285439620105597 0.210876009043717
0.0299175815451624 0.0623115021348483 0.214453215611839 0.174857312585001
0.0584555800386821 0.0484458071101841 0.274182156967844 0.0732206455729126
0.0589771585289655 0.0471909951627023 0.252320476251498 0.0282654147387399
0.055272244162342 0.0502242666492146 0.23241587466053 0.0447350151636281
0.0280714173042738 0.0629752005609581 0.169332338920741 0.092890972911657
-0.0200547334839936 0.0655785823508591 0.061047256710971 0.132328709399745
-0.0461359201571945 0.0132161427509655 -0.032889401947729 0.0748809911301858
-0.0236872561067115 -0.0190800329094674 0.0118080145861681 0.0211092197603067
-0.0385869480736682 -0.0286851933202231 0.0530869791938062 0.057188535224964
-0.034449854972075 -0.0597214213095421 0.0621419571992145 0.251633461163948
0.0234325170421284 -0.0591195000232566 -0.0737630701851151 -0.294189379762137
-0.0275991003624776 -0.0508047400656886 -0.109772614789645 -0.0846438491942084
-0.0617540638691429 0.00446572538334704 -0.0234491190187761 0.00144680232261583
-0.00688567592622621 0.0540731172380916 0.0522740179372959 -0.0334433427147115
0.0380703783040764 0.0417169636987419 -0.0122066911927997 -0.135534066289358
0.0452430743528732 0.00306857602378535 -0.152974882381758 -0.131855217800349
0.0346332248648151 -0.0261825615416203 -0.226175457867262 -0.0778571402427194
0.0394944901770044 -0.0317930514546072 -0.245033245567906 -0.0494378237727298
0.0469452861293205 -0.0184646086206913 -0.248950352775415 -0.0711971974315178
0.0693035160428452 0.0223816447594882 -0.191649126950975 -0.138385265551609
0.0402261470499718 0.0630001729992055 -0.0627790816918654 -0.174549897279518
-0.0392412279177635 0.0705732063009831 0.0323193327476608 -0.0843953397161164
-0.10100364643312 -0.0104362736683665 -0.0617172050447412 -0.0683172616343336
-0.0294049923066455 -0.0981332244786902 -0.0812679148289991 -0.209445801321281
0.0370883477100019 -0.0929005804981068 0.0643423010248858 -0.457751574824287
0.0197697613634566 -0.187651472445182 -0.0769665578437357 -0.2479343503477
-0.0799535062866056 -0.132456352115272 -0.0914621152245576 -0.0875021296506149
-0.137578644186758 -0.0151860555165779 -0.0353211742551068 0.00477219564663006
-0.0580862091674835 0.104705240420141 0.0442391164477679 -0.0165751298210865
0.0463367597935994 0.126448674472035 0.00908592273554552 -0.113516469261398
0.108427958765616 0.0710111985427813 -0.115655496924785 -0.132008829225199
0.120133623137529 0.00326886851204152 -0.19133081043186 -0.0850410259854605
0.131468973533517 -0.0154007114746647 -0.208715183375051 -0.0547901863464272
0.141562324025344 0.00990866906511967 -0.204389081647266 -0.0673595209026117
0.159536360144655 0.0981075745491553 -0.156423825634027 -0.111516956576386
0.0682890319810823 0.184353490256662 -0.0592234420772911 -0.128754030151369
-0.107192269311523 0.175868970069638 0.0180651237530935 -0.0552415003374715
-0.25177863483188 -0.00369889304761737 -0.0821038949412996 -0.0579078185263529
-0.14739652747045 -0.225065257308373 -0.0914573192506149 -0.198201398860869
0.0146847708866145 -0.277483056463166 0.0505075366538627 -0.405172304949503
0.0182898026403408 -0.302779348535138 -0.086206184719175 -0.159188739700961
-0.134076700902845 -0.214090686753954 -0.0642034419935045 -0.0708896806107069
-0.219437542894461 -0.0372719394543677 -0.0377319010635126 0.00575105389346187
-0.115765355018566 0.15612691139943 0.0271648433589531 -0.00581395949096369
0.0474319490223628 0.208561987926645 0.0224931597301061 -0.074840550730088
0.161293399813773 0.137734144695633 -0.0640673383666028 -0.109251846328249
0.191849611328129 0.0354357317867672 -0.129209046252733 -0.0785127566991833
0.20432632803835 0.00277680201411283 -0.140963962480624 -0.0535026589923593
0.213878238612061 0.0332644284460139 -0.128623761930036 -0.0550864904802792
0.231878494036047 0.153497020613332 -0.0952641851271553 -0.0721341193791639
0.102143088293095 0.280003435631995 -0.0411209428885374 -0.0663826667953532
-0.144769126427303 0.270090567508839 0.00611647341211094 -0.0161582448537183
-0.368655479640174 0.0270696713045768 -0.0878276652737498 -0.0346197383568376
-0.258406808659716 -0.304051147458372 -0.0879716953976509 -0.157371046504187
-0.0205875616682207 -0.414676492713376 0.0401384893964248 -0.29996350927551
0.0134521858634108 -0.38679802434131 -0.0963940147313941 -0.0279813808567727
-0.189242493316358 -0.282156963580057 -0.0228089657430605 -0.0230762241657806
-0.299504299776477 -0.0517645049425283 -0.025803282302133 0.00979751481792425
-0.169570339379613 0.205472984479171 0.00473825652304814 0.00656647041951986
0.0454302301674247 0.274592630443424 0.0301611601961396 -0.016399964149253
0.197318033004289 0.189998215840127 0.00107544390505 -0.0618148966722678
0.238943371653555 0.0634922368561212 -0.0433662170303453 -0.0570278923703794
0.245374479825515 0.0198318887700853 -0.0514684576079984 -0.0440040298544177
0.251424863471451 0.0498223552926038 -0.0340309917139751 -0.0386623008284273
0.268845017533017 0.182873571160783 -0.0153123001156596 -0.0291763327139383
0.12711762792316 0.327558068319285 -0.0064039225119003 0.00262684121088129
-0.150215531108191 0.322446424153423 0.00118925266310713 0.0285151913648657
-0.418275027247564 0.0616748987325329 -0.075271683105432 -0.00391189311503513
-0.327441352163624 -0.322412386988591 -0.0608293989239275 -0.0972762224844598
-0.0546218325614367 -0.475329241744954 0.038488877487669 -0.157379954802069
0.0029949500412053 -0.416336810836889 -0.102361206551509 0.132566410031585
-0.224671117391521 -0.312799395927682 0.0309380585740866 0.053049834261493
-0.341060662431085 -0.0555130025043927 -0.00359343114869765 0.0189859331996751
-0.197109912491538 0.228670722486009 -0.0199158662508834 0.0264499856895935
0.0383760095368829 0.299498195329079 0.0355959792741159 0.0588667990683604
0.204823627445821 0.211985363325173 0.074698265134509 0.0049008874642484
0.250061246414439 0.0785793559909785 0.0552112253606196 -0.0241191461103064
0.248336463684146 0.0342245508069159 0.0468575067739605 -0.0281129387919847
0.247518079315788 0.06076085879867 0.0631187963301035 -0.0194498717837757
0.257409510943253 0.182256767271723 0.0654851188965826 0.0102015383604333
0.122439430983989 0.315957372904569 0.0344166836775805 0.0640661304734193
-0.132175920017256 0.303003931393949 5.42044225119847E-05 0.0683908819669556
-0.378960951941638 0.0704070516320648 -0.0502176554628629 0.0203674634948311
-0.31936295027789 -0.285319090695079 -0.0198955199297717 -0.0351587461622899
-0.0711870047965828 -0.449956835009861 0.0457469427943461 -0.00687559982547144
-0.00940757999341299 -0.375721874851175 -0.100346614831217 0.294450575157697
-0.214935734167737 -0.280228379751828 0.085045768621194 0.13901935189567
-0.308251898194331 -0.0464761807965324 0.0211031515649881 0.0326535055222104
-0.179783017889281 0.201767793834678 -0.0434781001196595 0.0495380320157367
0.0243664937093507 0.263391559002057 0.0379275708621643 0.134613704696596
0.174834575089882 0.193252235407168 0.143450228768328 0.0754382816399412
0.218774724657269 0.0808214407925854 0.150970597323704 0.0129080209889525
0.213236164356237 0.0440318088841419 0.137708335019204 -0.00841362544155127
0.206774327688923 0.0652767150790485 0.145112456751413 0.000292131393942408
0.200289608149118 0.158461211234008 0.127704798684321 0.0419947676198141
0.0842610798710202 0.252717327559796 0.0637555606809966 0.105730205566603
-0.108298829668961 0.219185534040014 -0.00418628296717703 0.0895648613395566
-0.272800442871052 0.0437524431157059 -0.0233577334285193 0.0312896714151073
-0.242497158866869 -0.213166967819218 0.0186717821492325 0.0125503332614097
-0.0667935895649531 -0.351936689905513 0.0559531788651555 0.120120935803213
-0.023057507719247 -0.263730214826493 -0.0892387274029049 0.422336337155264
-0.159434965889603 -0.187963055518581 0.123563080688205 0.21195110570285
-0.203071330513332 -0.0250831635839283 0.0424919341684172 0.0436277516548798
-0.119827576846222 0.127785280154678 -0.0562695269775255 0.0647356192004193
0.00681836796454631 0.172459516181739 0.0343410501132387 0.186117987748558
0.111306326640285 0.137605714744909 0.189754677769436 0.134051838953024
0.150630378065888 0.0695520965713923 0.224879515676316 0.0476145348551713
0.145185014467348 0.0488464005056135 0.206131449555508 0.0126850315540171
0.137117121174448 0.062197411529267 0.200408652300615 0.02335784979769
0.115815759588118 0.116662661729485 0.15883726054905 0.06971358709234
0.0286477093089837 0.161707010059953 0.0701516717078782 0.125365575259283
-0.0804299191201663 0.109473891495757 -0.0177452436128935 0.0888940115625511
-0.142697852023268 0.00383193858672466 -0.00366086922678148 0.0276643675992842
-0.134302840426626 -0.123491479662701 0.0407873362829273 0.0405958377578579
-0.0484416730420541 -0.211856237581768 0.0602282376268593 0.204117168894662
-0.0331475895745932 -0.104376469577102 -0.0707294328819526 0.491744734179764
-0.0761557272645927 -0.0590581178904548 0.144293828566538 0.254299032266708
-0.0620944543106099 0.00283533791660371 0.0616232760718696 0.0469830161134671
-0.0385711317217277 0.0328840592590818 -0.0563001865772668 0.0631476035984663
-0.0105003759727329 0.0537694610168594 0.0260989192276645 0.203375264939432
0.0300660286033695 0.0607730040953509 0.206804794413243 0.168420443273604
0.0569339905952826 0.0477010752801701 0.264564834645794 0.0735728477185268
0.0568858405795214 0.0461927682899854 0.244518678889457 0.031296499049428
0.0526012227910236 0.049119455208186 0.224259876285947 0.0457176262218904
0.0260400712037319 0.0613896586592017 0.162361698675724 0.0914106711906146
-0.0188016596430242 0.0633919837324856 0.058498334697308 0.128055077848322
-0.0448374079225848 0.0130258272085272 -0.0329057208954512 0.0721878412017701
-0.0233242239946358 -0.0197478166263348 0.0101502640460258 0.017565033743015
-0.0363315810831167 -0.0275290122154761 0.0490619522702213 0.0559916362522281
-0.0313406988623953 -0.0594762025987554 0.0584394717999808 0.243562155083787
0.0314797455790745 -0.0525067808635001 -0.0285570146009409 -0.300289434351663
-0.0175302687980263 -0.0538107785339812 -0.0957128924661357 -0.101186720254393
-0.060637569702261 -0.0049993272314061 -0.0212487367804062 -0.00471181442061728
-0.0161638774885023 0.0511435005686648 0.0556082106279635 -0.0277804736963789
0.0306909251284651 0.0468256053470591 0.00558724043115271 -0.135778061616378
0.0435035028289803 0.0119648810394895 -0.134614959189491 -0.153182341576364
0.0370530131946272 -0.0192718333748543 -0.215916700542216 -0.109621380608933
0.0423707248564392 -0.0244924115700285 -0.234332530227373 -0.0906957779992181
0.0468453955653443 -0.00832807922002014 -0.235309908899895 -0.113254389545391
0.0623476385319969 0.0336436936310538 -0.166296702092932 -0.170041068211831
0.0259443592465895 0.0667545288958419 -0.0322684127974377 -0.184518036961497
-0.0526840301167043 0.0611014341481553 0.0476861185949879 -0.0804624274400487
-0.0981673068939109 -0.0263851520646035 -0.0485404657155217 -0.0763537549928432
-0.0149917740157039 -0.100701257846423 -0.0427421021931047 -0.221637891499823
0.0461074209512759 -0.086264873682667 0.146271396534167 -0.445728095357566
0.0466827973966359 -0.179443417681341 -0.0303537500362836 -0.251457148423432
-0.0553197889031242 -0.141532205859318 -0.0722141083582105 -0.10257591560309
-0.131634417996272 -0.0366039036839084 -0.0293521899180053 -0.00587613794916931
-0.0747468121123702 0.0916745370753426 0.0460540929160698 -0.015420812878198
0.0242048563096318 0.130575076222184 0.0222733604548602 -0.115445168817784
0.0945483423623903 0.0888239800445649 -0.101403905373199 -0.148718128821404
0.11709308937748 0.0244334835739622 -0.181167486566461 -0.114100743365005
0.131279851408979 0.00783999722930774 -0.196970501959769 -0.0904129739051752
0.135090096364589 0.0350848952534638 -0.190963104520217 -0.102810218167764
0.138325447788787 0.122413394361147 -0.133705364307532 -0.139445580931625
0.0341398845474045 0.190148252902497 -0.0332646617811098 -0.138714482857304
-0.137542507673478 0.153266990450849 0.0298709618697893 -0.0550158069371031
-0.246501148664344 -0.0456239758338501 -0.0696398385470752 -0.0679004048749794
-0.107380445494059 -0.244765339207486 -0.0578230909100154 -0.208241244439061
0.0573808384836472 -0.271172494589671 0.120657020556348 -0.394477559052077
0.0608300179797962 -0.292124642775273 -0.0446186126754308 -0.160774896513754
-0.0956569469347323 -0.230800208642126 -0.0426943117470858 -0.0817433164460592
-0.20826738926072 -0.0712490590097355 -0.0283419827748299 -0.00950843248250505
-0.139851401155449 0.131766415968863 0.0287699294220596 -0.0108173053134478
0.0109717760606675 0.210734259161267 0.0284979026520644 -0.0797944385211036
0.136319199320504 0.162380323799335 -0.0573947675057425 -0.119840730009434
0.183192722203903 0.0681065064886112 -0.121440523137691 -0.0992814674279372
0.200357313273282 0.0380564218066903 -0.129791487909812 -0.0771263824586656
0.202334078006315 0.069456135013591 -0.117661321312466 -0.0790517943915474
0.200509981475397 0.189118917928364 -0.0780826616834202 -0.092344803283583
0.0517296319208377 0.28874009738348 -0.0239156250376038 -0.0743970632392529
-0.191366815296054 0.239291534041211 0.0130567843877056 -0.0191179425913047
-0.366146195276391 -0.0343170972411045 -0.0783649075671973 -0.0450174661335828
-0.201719745490813 -0.341547852854819 -0.0630994465776858 -0.163242447821645
0.0492444717355539 -0.412752229827734 0.0889670710638061 -0.2892038439149
0.0686327560380623 -0.37610329687588 -0.0672397332635607 -0.0292973548641943
-0.139813177271056 -0.307365939435925 -0.00360431707103269 -0.028808415330123
-0.284386801359259 -0.099433391261561 -0.0130892833462091 -0.00735550321709792
-0.201092256742025 0.170380804912412 0.0057292103281064 -0.00468164648073922
-0.00287366211393699 0.274807924077356 0.0268926527634924 -0.0239567253335214
0.163551264873754 0.219071150925079 -0.002459342840914 -0.0642822103950506
0.225774797405219 0.103094466663531 -0.0400448046571986 -0.0662250492401094
0.238221070037725 0.0623854020666671 -0.0429131170932183 -0.0517486131381196
0.236008215649803 0.0916212860846739 -0.0260043226411482 -0.0474923975748358
0.233046643543466 0.222074700028134 -0.00624734821066199 -0.0373099082253343
0.0700498956690407 0.339345387847583 0.000164712228006629 -0.000106046202337305
-0.204627648674072 0.290545510879588 0.00122962172545722 0.0249912969286347
-0.419225530194939 -0.0090670292448538 -0.0711758129639299 -0.0130308458069406
-0.263973214809815 -0.371418061893176 -0.0484748029813239 -0.0972180026036539
0.02781580385648 -0.478095064624117 0.0608975938991085 -0.145547482758656
0.0639553357224587 -0.407141335417976 -0.094115766362993 0.1293619314494
-0.169716893194368 -0.343709571658396 0.0409392249978929 0.0554474550549696
-0.324315429024978 -0.110465026419648 0.00964258400818025 0.00350143533888202
-0.232289033754359 0.18829888084922 -0.0211753657262591 0.00929438594683855
-0.0148363801987754 0.297743108874726 0.0219834437926655 0.0497064521284757
0.167653136612124 0.240757717063322 0.0605640369243756 0.0118110463195109
0.23437188939212 0.120568807939589 0.0540279139796923 -0.019816042611545
0.239345911772784 0.076470038858359 0.0510374324478817 -0.0192504837746486
0.231879010395906 0.100785672246734 0.0671444425783195 -0.0128738034074811
0.222035254634652 0.219907618520605 0.06709341205752 0.0150573847071873
0.0680837840954238 0.326700948383905 0.0305082607683792 0.0674521350055526
-0.183115639247519 0.273932594117944 -0.00637684904651793 0.0648532367771627
-0.381260336430882 0.00625440059758001 -0.0507767079650817 0.014507336201738
-0.262552513197435 -0.334053766296574 -0.0184116703785874 -0.0284466035571868
0.00848380996419416 -0.456315243516736 0.0424692677592166 0.00628706478605728
0.0458394231709166 -0.370423065700532 -0.117068918399291 0.288200896566827
-0.165771706377993 -0.311297266397628 0.0804365151684682 0.14884087673528
-0.295292448192967 -0.0971490353027545 0.030235900116171 0.0215725889019925
-0.212027518780417 0.165198634899473 -0.0468404842117046 0.0306558392119985
-0.0223852764440122 0.260872753014081 0.0139281138491096 0.125632195528618
0.14097153098306 0.217258177167471 0.119049426661432 0.0920914845011697
0.204444290691416 0.116898022818506 0.144613781808502 0.0315854015827864
0.203580942364939 0.0795958823035886 0.137242895765181 0.0152448522072934
0.191267835783668 0.0978579036236817 0.144870507452888 0.0223184856571425
0.170660024382387 0.186818954388848 0.122326699802082 0.0583974413122768
0.0422905899303514 0.258891289061248 0.0510453591433221 0.114141899234669
-0.143742650167513 0.196371986324212 -0.0161126247807984 0.0866221390831781
-0.273642845872062 -0.00294131910208599 -0.0271887338646697 0.0283495656745838
-0.198695257648246 -0.249611415353168 0.0114418559680297 0.0226050151810501
-0.00143693120047755 -0.358960048492161 0.0308329150175031 0.133692651066095
0.0160015695343552 -0.264237016793658 -0.131902310240123 0.413120457444719
-0.127495460438135 -0.212000161581668 0.102909745028556 0.22835357264982
-0.195824899625752 -0.0591368198086153 0.0453821374226741 0.0405332361472346
-0.140694937035785 0.10345038442297 -0.0627141505423876 0.0482311419274906
-0.0253443623028911 0.170044487145936 0.00456607699300972 0.18029499813532
0.0878619406804785 0.152533076322266 0.161485300373338 0.158082671937939
0.138957384550479 0.0937378671235233 0.214926773535948 0.0770127605371206
0.136735278331732 0.0732841181052812 0.20243666344204 0.0483527110176654
0.125111452492375 0.0824699933232791 0.195856615722092 0.0551782897273948
0.0954979655566071 0.132794279447709 0.147449830945041 0.0923482346548668
0.00402678675673656 0.161596015481046 0.0520356469148156 0.135666046864357
-0.0975924462228271 0.0942556801389096 -0.0304727416662322 0.0845065116246736
-0.139881280140875 -0.0208069911119341 -0.00824964449492755 0.026186280926505
-0.108054390439754 -0.14380776765286 0.0296402226284681 0.051559400373432
-0.00599502843261557 -0.217654227007249 0.0222096246871603 0.217533128271027
-0.0170044756958698 -0.109986345573449 -0.133258911055519 0.478856147028907
-0.0667457792238546 -0.0717387635667802 0.10910747112093 0.275086512763884
-0.0619079851832048 -0.00837965998329348 0.0571714486380361 0.0534456030870349
-0.0446461716768461 0.0255073057074552 -0.0634625806550902 0.0526017635355544
-0.0210565259023103 0.051402304035858 -0.00404897168816884 0.201705465950834
0.0199830111690716 0.0629553592940369 0.178291519641175 0.196634613078395
0.0503561931744001 0.0560950899127529 0.253026548247299 0.109555903519826
0.0499669320410309 0.0549864239575408 0.236796201450026 0.0730682511679586
0.0452428824368222 0.0554080393426815 0.215761173804891 0.0832147580396465
0.0168064208714337 0.0641670164021887 0.146036733591614 0.117087757043446
-0.0262430732662464 0.0595771056114403 0.0376618828336147 0.137257268038081
-0.0455329014788108 0.0065955600261485 -0.0441149622990115 0.0668304566035756
-0.0203996055611486 -0.0238140538302988 0.00655662876791961 0.0169834440645049
-0.0291765777029144 -0.034003945437484 0.0374736246232421 0.0652261499070476
-0.0153056271685555 -0.0652979465552711 0.0144076855489862 0.255058427939467
0.0326665321742519 -0.0530912984300059 -0.0296633341364566 -0.310581929842893
-0.0162906918258313 -0.0547864825240591 -0.100996810954255 -0.105089815785783
-0.0623755447254549 -0.00466349109989671 -0.0221790601374345 -0.00452438462636169
-0.016181410774036 0.0523831454098083 0.057974784744364 -0.0281677898696826
0.0323994963996115 0.0485956898249441 0.0066842746734315 -0.139474145084063
0.0441964751893158 0.0127408773450932 -0.139212827823565 -0.157065211553624
0.0372743512545335 -0.0196491532609756 -0.223677182235822 -0.114758202782757
0.0437815818990143 -0.0253138482742121 -0.242775182038104 -0.0962535654923537
0.0489763450329056 -0.00785922625965307 -0.243528044173642 -0.118694455801687
0.0651207422683812 0.0340749063678893 -0.171166772509266 -0.176734122619803
0.0262148207768386 0.0685209046098098 -0.032617909862456 -0.190926674216627
-0.0546654013757204 0.06311398324644 0.0493302255553837 -0.0838107340463638
-0.100442140049277 -0.0275835055955869 -0.0497622884313894 -0.079301567641884
-0.0145667131258712 -0.104237362170647 -0.0395445157819406 -0.2311971042732
0.0475763796806943 -0.0876955189404711 0.153155350917806 -0.459063118834617
0.0485091737996051 -0.18202012605114 -0.0313831528647546 -0.260261274285378
-0.0549925194953881 -0.145317733039667 -0.0766697194204868 -0.107029793466643
-0.134824692614472 -0.037955063142731 -0.030392873261094 -0.00600747419246638
-0.0774078903350413 0.0936948673844921 0.0475846549400456 -0.0159344059494082
0.0257141876369406 0.134376921566951 0.0236597919631117 -0.118448953660815
0.0977938786189433 0.0919408549938072 -0.105516703525911 -0.153926160735398
0.119715561165456 0.0257690910009851 -0.187731487238089 -0.118468771408621
0.135087318890834 0.00851170576098422 -0.204487527350297 -0.0958355958115256
0.140524515924305 0.0370475761546633 -0.197369736145331 -0.108788283783245
0.143689263460751 0.126841550730116 -0.137415211534438 -0.145428999686008
0.034050694111688 0.195943108485339 -0.0328655108344189 -0.142941478942614
-0.143538974512671 0.157508441290851 0.0302833677459268 -0.0573240147766268
-0.253544575443523 -0.0493206673764336 -0.0722329699254787 -0.0715447275696315
-0.10842458389802 -0.254389876966535 -0.0567808754772167 -0.217869808724315
0.0604771692406003 -0.28004982601253 0.12427996512694 -0.407225208202465
0.0646011724528923 -0.298109418076226 -0.0458361605423028 -0.168957253191495
-0.0963633715613464 -0.237247225104385 -0.0467267781084138 -0.0869624102796367
-0.213147789360789 -0.074978862816278 -0.0281622048935643 -0.00967501720246291
-0.145619475179931 0.134521604989404 0.0290037508210214 -0.0101367642301059
0.0122806396109492 0.216441136461845 0.0295710227045442 -0.0825130165964046
0.141280576736484 0.16792132004427 -0.0598022638043512 -0.125042726105201
0.188446434131752 0.0709999102679854 -0.126154941310035 -0.102615051758104
0.20629252093849 0.0409499470476537 -0.135081394476637 -0.081325206244112
0.209415747496616 0.0735696734626927 -0.12131489971394 -0.0840453504413
0.208397040426232 0.195043034748886 -0.0801262058000334 -0.0965043575658323
0.0528922808128095 0.297768928409519 -0.0224649576468055 -0.075335489837342
-0.199734129272054 0.246290794119692 0.0124985644916663 -0.0204698644589828
-0.376704571633225 -0.039542636645768 -0.0821531906940647 -0.0491101801540657
-0.205365291880693 -0.353310323625033 -0.0641246975871467 -0.172306292917344
0.0523954134963839 -0.425041561510781 0.0899331025193145 -0.297397661731706
0.0733478112013365 -0.383376521796434 -0.0703564779554079 -0.0347293948143913
-0.141229258093146 -0.316330007366465 -0.00729873812619431 -0.0324409845341919
-0.292137460860431 -0.105608696829973 -0.0123439308221152 -0.00740814585196152
-0.208490935285656 0.174716621570542 0.00582501166628764 -0.00464360885398882
-0.00257872346875047 0.283112173447536 0.0281207621988842 -0.02538370125214
0.170099453450253 0.225780922671353 -0.0027523326037818 -0.0679310458817182
0.232055889324329 0.107247667082627 -0.0413619067985213 -0.0681502849236302
0.245845418976392 0.0657366977647646 -0.044595770845138 -0.0547780536170559
0.244634671879116 0.0957285117088303 -0.0271261716607997 -0.0509250819292621
0.241944136423756 0.230133090000663 -0.00554341323116143 -0.0396172686700999
0.072435103011154 0.349577734690538 0.00287088189367336 0.00107768751916802
-0.214156161460639 0.298714418312307 0.000294052954518263 0.024607261583279
-0.433057207262544 -0.0135049248153706 -0.0754025182029951 -0.0174583376253505
-0.269854779705329 -0.384700659168353 -0.0503624292184655 -0.102815946467385
0.0313197900665385 -0.494559198504146 0.0605083389350641 -0.149340723517857
0.0687651172880203 -0.416345873153638 -0.0980843389611944 0.128885734099364
-0.172026076511837 -0.355401148273702 0.0391865796025271 0.0543206120730982
-0.335265425822668 -0.117591263269717 0.0120812835023918 0.00429293678659343
-0.242493272214322 0.193749095301111 -0.021848412435333 0.0101218955158237
-0.0151050139274615 0.307588804354717 0.0223619420204243 0.0501530708736039
0.17422457865373 0.248240958034919 0.0616986968829058 0.00929232256277317
0.241711967632415 0.124766934378681 0.0555047155773295 -0.0200727972921533
0.246491506567685 0.0811191773812767 0.0526564212933521 -0.0199503767907817
0.238970788794569 0.105561067449089 0.0693180756418398 -0.0144234904214418
0.230849644585107 0.227785812513606 0.069860561530978 0.0143215603362417
0.0705387670436474 0.336932418397702 0.0340264636308572 0.0714862926803845
-0.190802360426262 0.282634405112911 -0.00768793209457832 0.0658967376094806
-0.394600458572835 0.00200496822502593 -0.0550529576278377 0.011351752332659
-0.267900166164703 -0.34535026515767 -0.0208988522609661 -0.0313072922191163
0.010374123263275 -0.472369308203612 0.0413528258187124 0.00658553310458956
0.0508329256709391 -0.37978126629293 -0.123036004921806 0.292733045464715
-0.169356054053883 -0.322548559489417 0.0791991003784166 0.152420979469268
-0.304357615501152 -0.103905368213534 0.03330219976633 0.0229020140480279
-0.221243876124267 0.169460475078225 -0.0491785206814697 0.0322374012522616
-0.0240427687807372 0.270014608093239 0.0138113342386825 0.128335170670568
0.146806728947943 0.22346970447 0.12299153230293 0.0928452062526562
0.211664343566966 0.121224573867587 0.148831415134286 0.0327226156622371
0.20942462957471 0.0840729484970253 0.142444602036448 0.0167830859536609
0.196861401426454 0.101975727815474 0.149942418982755 0.0221737108197193
0.177183671334018 0.194159390877732 0.12608853200231 0.0601093456910464
0.0445336294604172 0.267259403776853 0.0545629754533331 0.118928374001024
-0.149829976255677 0.202170844538393 -0.0170725327195391 0.0881162329556748
-0.281688981342396 -0.0065728076656677 -0.0309203933178055 0.0255709226387445
-0.202104608276417 -0.258499470293044 0.00921696416317633 0.0229788947739772
0.000175540664353032 -0.371762280066471 0.029645048036579 0.137984002767361
0.0201492761574112 -0.271536804232776 -0.138848571545724 0.422491995606046
-0.130175869905703 -0.220098185297245 0.103435609732364 0.235870810803831
-0.202524981325108 -0.0648903125195259 0.048081303835597 0.0429902311752598
-0.147755237682595 0.106598195103267 -0.0656907714589733 0.0494567210002272
-0.0266626412063819 0.176246507772315 0.00378789702575249 0.185423863952381
0.0919229686038558 0.157036375205339 0.166231356862173 0.161240944524693
0.144339515151176 0.0971027366911164 0.221792575098243 0.0805376874304002
0.140633750510537 0.0765152015834762 0.209791519859128 0.0517113087520127
0.128602049597848 0.0865489639847539 0.202496987272842 0.0566472910223922
0.0983409242251874 0.138248883599571 0.15154831826152 0.0953700782995489
0.00486547717170539 0.167371830420493 0.0544480712766672 0.140901081640891
-0.101506086933382 0.0971643286784356 -0.0318367437530033 0.0868588331876934
-0.144835519416149 -0.0234172893206697 -0.0106897340893089 0.0233670498422724
-0.110042696487705 -0.148655174547137 0.0284028585169386 0.0537551773417902
-0.00514270455214156 -0.226520495057708 0.0213253147711854 0.223910689545228
-0.0155721450563952 -0.113282367594335 -0.140097478533095 0.492057725230374
-0.069103372289084 -0.07557122619641 0.111563717510451 0.285039087964334
-0.0640415222651429 -0.0104809928112452 0.0589295577373311 0.0566258180739991
-0.0472099398097281 0.0267085847536495 -0.0669680040286255 0.055083094741177
-0.0223044175294275 0.0534051920686999 -0.00518997704566189 0.207705374769107
0.0217020452226576 0.0644174964321934 0.184746411039127 0.201354836707096
0.0526605158918392 0.0582440755022323 0.261312246900637 0.114325644341112
0.0522442159790703 0.0571442505512664 0.245517921989009 0.078026398939385
0.046643871159822 0.0574230728927342 0.222656735035939 0.086734007696522
0.0171759498614918 0.0669588577184175 0.150793546067152 0.121121715234205
-0.026474471866733 0.061867291466347 0.0388284938104681 0.141467195647672
-0.0476426452350828 0.00706038696861517 -0.045367271112421 0.0684389809284205
-0.0222404171549625 -0.0253895315508295 0.00495727171086187 0.0150412748140722
-0.0291610506722408 -0.0359110322191471 0.0371851986963994 0.0685449811601682
-0.0146558686896072 -0.0687689549432022 0.0146049386370687 0.263106648034018
0.0316005241611164 -0.0546961355438994 -0.043067533959054 -0.320871064463083
-0.0171530837915081 -0.0559062055791074 -0.110465364379178 -0.104795369439294
-0.0642071075873908 -0.00113975925790265 -0.0239377804167243 -0.00331057427921066
-0.0143792243184748 0.054251192665718 0.0591930724315528 -0.0314469494325618
0.0361762053502597 0.0481942720100311 0.00281941057332153 -0.144955104486621
0.0459991360524783 0.0119448427531481 -0.151579227676928 -0.155650371957688
0.0372499271612441 -0.0216695639363987 -0.237231893963958 -0.111678266337124
0.0442515314353357 -0.0277751268450294 -0.258247754934191 -0.0934347104959033
0.0509615818271188 -0.0100789315538376 -0.257779318767027 -0.115197622808787
0.0697106768063375 0.0324399735121998 -0.185379804764994 -0.177596741437646
0.0291983699510131 0.0698526828301527 -0.0413366471567292 -0.197068151917742
-0.0551288870003876 0.0675717827402595 0.0473323790338823 -0.0898878767572917
-0.104252732600469 -0.0255967652493239 -0.0539703211699169 -0.0800645298136429
-0.0188282421461568 -0.108090780356083 -0.0465170341234401 -0.241660088131117
0.045843768491635 -0.0923715927180089 0.141072471165574 -0.479615928740118
0.0446089235573675 -0.188750097258569 -0.0433298179076939 -0.270392720820519
-0.0608132919334122 -0.148422504773707 -0.0860707211630769 -0.108299077007727
-0.140183652564785 -0.0345730400949965 -0.0314029880313466 -0.00538482856713954
-0.0763943101887454 0.099129263820133 0.0484696320816481 -0.0175801197859149
0.0329254350340848 0.137456630531491 0.0206252169628961 -0.123658329640049
0.105724063485632 0.0913223157769251 -0.11641864551948 -0.154812430212727
0.12497367569135 0.0220974534741029 -0.200661015596312 -0.115782265557758
0.14083964455459 0.00439229777463331 -0.218153733735711 -0.0940405398643862
0.147977878125935 0.0339773792903252 -0.210372651403117 -0.106773685230716
0.155753622621335 0.125661298534774 -0.148418559598409 -0.146575773890555
0.0425260988699603 0.20275627465816 -0.038068267727893 -0.1467861885658
-0.144007795149829 0.169247252022624 0.0286445226091014 -0.0620629029102268
-0.264474720312304 -0.0439232785933754 -0.0786925671543909 -0.0730403053632359
-0.121197164342908 -0.261015709204494 -0.0647196621638373 -0.227311782903348
0.0524597556973642 -0.292563628486134 0.115050528023279 -0.424455539046583
0.0578412472156129 -0.308334977958133 -0.0557771069868342 -0.175123886125359
-0.107062783031522 -0.241940874282401 -0.0544971141331726 -0.0900817830846547
-0.222683205305877 -0.0709785264519865 -0.028903041358294 -0.00870052582951001
-0.146177969040058 0.14472177737792 0.0293660315764746 -0.0113138838004146
0.0226117585195649 0.223535715294514 0.0282011956291773 -0.086610741296794
0.154476132807573 0.168100606715654 -0.0681715455302436 -0.127492112451833
0.198116087843266 0.0663101864465751 -0.134985450841101 -0.101610791605793
0.215667839383502 0.0352374831764775 -0.144430838437252 -0.0808415573992342
0.221402508630241 0.0687464506752007 -0.130772200508626 -0.0844061657408446
0.225791921499198 0.195049895503839 -0.086131471625068 -0.0979176072378649
0.066244715045574 0.307700830941208 -0.0234723926119585 -0.0773840735792911
-0.199356561151928 0.263913543252473 0.0116487389665325 -0.0228070289047781
-0.392254965268309 -0.0291937374778597 -0.0891373564309253 -0.0502136734055687
-0.223370470431623 -0.360486381083206 -0.0722426001541105 -0.178564222838279
0.0377336023530578 -0.444824190416996 0.0805567445878483 -0.309669656589761
0.0653864000830334 -0.397264828128341 -0.0757042720119482 -0.0364815912065177
-0.157199516541442 -0.323062541617344 -0.0119199864843337 -0.0344508955350648
-0.30531999858535 -0.100077477358073 -0.0117573370870632 -0.00711771809162577
-0.210998873950054 0.189164271597194 0.00538711130899724 -0.0041915428545822
0.00980742615528502 0.293006012282931 0.028416606604534 -0.0280012282213704
0.186138420643643 0.226483249692512 -0.00703343947063007 -0.0718211831093057
0.245639049235343 0.102319684172658 -0.0462117913554396 -0.0691228456425714
0.257203303943366 0.0605386760237498 -0.0493151948258024 -0.0559578798840979
0.258042835566746 0.0911750687999742 -0.0305189405896676 -0.0543412143431923
0.262303041736263 0.229793249770569 -0.007230148759976 -0.0419210514686185
0.0885110441649913 0.360502870807221 0.00606313995861676 0.00238024486653715
-0.211650491488028 0.318136486289845 0.000603259459942576 0.0245307236017868
-0.449783632162948 -0.000992168239022594 -0.0823041590148676 -0.0175931746449863
-0.290901142373525 -0.391467255302014 -0.05777651379182 -0.106288960452368
0.013323134754464 -0.515326212149767 0.0543402855362193 -0.154936146130145
0.0611514096837055 -0.431302058155941 -0.0991275980393769 0.133309722200799
-0.190144904359356 -0.362567817305729 0.0386880570251403 0.0533351937253573
-0.351511092431631 -0.112385369687654 0.0138091834326536 0.00483798208480406
-0.245263441184747 0.209738724185266 -0.023118121498229 0.0124527984211927
-0.0029085749988247 0.319732160124007 0.0241087926421141 0.0508064114398186
0.192081388386298 0.248991922088912 0.0632638606716704 0.00566380668805296
0.256440224779892 0.120469439822316 0.0569055070178925 -0.0229839391390412
0.259265777452622 0.0759532503381363 0.0540619670749049 -0.022900677626846
0.252661306273578 0.101638056235436 0.0710953228327289 -0.0189471240043567
0.249480456588959 0.227447622962498 0.0723803078196431 0.0113846230736579
0.0869722823531384 0.346354261972069 0.04157471332738 0.0735997962693064
-0.188827300383844 0.300434180939946 -0.00610937833971711 0.0676921757091754
-0.409700630765127 0.0129391785488224 -0.0605523019753643 0.0110167978856785
-0.289240476929605 -0.350772170843536 -0.0249295962064569 -0.0320015454733614
-0.00638704088767259 -0.49195972218289 0.0401647800814656 0.00747397795231023
0.0427945870099662 -0.393829887460965 -0.118735581025158 0.303843777242639
-0.186151975802468 -0.329702431456976 0.0846994729714456 0.154203324099002
-0.320907605963463 -0.100461429653123 0.0374422528237953 0.0235823554174506
-0.224609935307167 0.185273538631749 -0.0503478692635777 0.0366512592953705
-0.0143915723103721 0.281429152535158 0.0180852758646586 0.132823723366715
0.162673049683641 0.225193652587468 0.130585822320212 0.0888384027369007
0.224510595247276 0.117792995681921 0.155734599505582 0.0287821165373939
0.220544044977204 0.0810222140485987 0.149113167934171 0.0132467631941479
0.208666347586906 0.0995528685670059 0.155873137045922 0.0154100574002933
0.192581820695804 0.194797298928825 0.133199947203408 0.0564497493651912
0.0570072690125921 0.275256766747976 0.063822238733185 0.12234159943952
-0.148924705211717 0.215612604791599 -0.0151287418068807 0.0920165792243097
-0.293560120129173 0.000950175544242708 -0.034654080249895 0.0243118030435285
-0.217601772563869 -0.261663155502654 0.00833832712884119 0.0237786971523727
-0.0137331979229361 -0.386363354476464 0.0337518018315889 0.142529119574313
0.0140963059048981 -0.281755145780549 -0.130525151267354 0.439421829661566
-0.143152565507354 -0.225298254062471 0.113370191166679 0.239962951842462
-0.213597921444032 -0.0630841005106405 0.0525723682068108 0.0438604238614627
-0.150819006383514 0.116777268392505 -0.0670164625184177 0.0558106709303358
-0.0208585605602464 0.184878989554665 0.00991089699393671 0.192797286109819
0.102181115482962 0.158240643621253 0.178031941884184 0.158260912880245
0.154215043339191 0.0953491625093418 0.233588043085859 0.0753641049391879
0.149374691351581 0.0755199685539003 0.221073304658631 0.0462336611175932
0.136367030319774 0.0860327719867871 0.212663388218905 0.0507621586097813
0.108328216660468 0.140122798285804 0.160974969581469 0.0932789059459015
0.0125319366118307 0.173122577939747 0.0639855114233707 0.14434365651041
-0.102477412729718 0.105522628419577 -0.0300562206017858 0.0907139146217565
-0.152035046161226 -0.0207279019345803 -0.0133118507449547 0.0216546848466093
-0.118434613912376 -0.150500761450189 0.0291336591142401 0.0551702902786399
-0.0132087949819224 -0.236150751808909 0.029203932606201 0.231153495714884
-0.0187528620540436 -0.117654238716366 -0.128868156102729 0.512504208210483
-0.0748598139175484 -0.0768808695517509 0.124892821919975 0.292359593939166
-0.0678260901947266 -0.010969028499497 0.0644844146943541 0.0579120001879068
-0.0492057962145852 0.0301779391305465 -0.0678269826760522 0.0604924004483305
-0.0215312702240104 0.0569162635285358 0.00113049391697152 0.21645190419855
0.0254595332130254 0.0655640622027178 0.199561360604724 0.200656371372831
0.0579603246262065 0.0582812630671364 0.276232870521438 0.108716595077461
0.0569068924937583 0.0582834228776971 0.260038925880775 0.0730105986197373
0.0499693419219037 0.0583920890880378 0.236018118185473 0.0822463092541346
0.0206366185384617 0.0696691021693678 0.161120216769648 0.12012449434826
-0.0241657563694004 0.0651256585992279 0.0460653783980101 0.145972303933769
-0.0493749979387225 0.00951431239034818 -0.044603042991793 0.0726828291179838
-0.0249469537026922 -0.0259586850852091 0.00381725305557052 0.0131631030162288
-0.0313888284637702 -0.0362551093085012 0.0397047873247213 0.0705607553062038
-0.0170585350968212 -0.0721191522846925 0.0249941823743266 0.271452558444229
0.029123428980766 -0.0558532809375401 -0.0650063479398256 -0.320192144599
-0.0192867654523799 -0.0556104356647906 -0.119560587473135 -0.0978924318400713
-0.0630962108505353 0.00307841196035404 -0.0249835660315028 -0.00109858848477702
-0.0109100555305584 0.0548012962987865 0.0578802675916209 -0.0353297746969934
0.0403771996583566 0.0452794710636679 -0.00566762967980571 -0.146608885603388
0.0478477014829536 0.00974006406404959 -0.162791700337389 -0.145852700456114
0.0351064796868192 -0.0236772157805856 -0.247844332852378 -0.0972998820195811
0.0426248112371246 -0.0311714604113098 -0.269359946434835 -0.0787488934013179
0.0522228654747294 -0.0139359787925541 -0.269492020623354 -0.0997136999083203
0.0731742908397292 0.0272424036672203 -0.198974000741998 -0.16725079758984
0.0340716074329765 0.0687699678586937 -0.0548905059629355 -0.19686628405426
-0.0514048855952497 0.07189028112248 0.041573007017646 -0.094278666529879
-0.106337289242136 -0.0197765881844556 -0.0587729345870465 -0.077473453264657
-0.0252598362212901 -0.107842253535164 -0.0595184006694489 -0.244000620207313
0.0402192514784285 -0.0952524884288783 0.113139578843269 -0.489500838198623
0.0344855425349219 -0.190763586356607 -0.0635085229917689 -0.2702225210019
-0.0688362885238918 -0.145755646305807 -0.096313176643331 -0.103760949719813
-0.141789839022801 -0.0257321248491675 -0.0321995890070636 -0.00306481715855519
-0.0708684947892153 0.104097462043617 0.0477388330504235 -0.0200255507224652
0.0432556543125214 0.135258527442053 0.0134184109972165 -0.126132938208241
0.113358375333233 0.0853535394268588 -0.128701114032716 -0.147163679253205
0.126263962590625 0.0144169579869991 -0.210797164152888 -0.104493342587084
0.142148583697757 -0.00421200158098924 -0.229080647795774 -0.082343014857969
0.152785863793092 0.0248102477308855 -0.220513180419211 -0.0959503616585256
0.166344268996165 0.116190190998879 -0.159848012376094 -0.139132825613069
0.0559195550863638 0.202061648650984 -0.0472355446769453 -0.14612588484697
-0.135397007536438 0.180577322831431 0.0247582020430343 -0.0657121848567899
-0.269909771890206 -0.0300659726633034 -0.0849821832898526 -0.0692862839518235
-0.13740881291959 -0.257216858380077 -0.0786534815313321 -0.226977125689324
0.0340323958354811 -0.298356381903904 0.0875865827393445 -0.43256755656156
0.040799117585864 -0.311831939376844 -0.0688273109607869 -0.174866916585579
-0.12128260503636 -0.236934099287532 -0.0636049498549096 -0.0868681860940062
-0.228219133783536 -0.0585459788243017 -0.029162497770763 -0.00703979211075596
-0.137907259496171 0.154171834347235 0.0293183707936667 -0.0118547643308075
0.0385532050900283 0.2232275363983 0.0227145394363014 -0.088889541872257
0.167943444296567 0.158855309701342 -0.0782121206555948 -0.123883645714857
0.202993584197648 0.054490459440729 -0.143771519834832 -0.0940805770371793
0.219860595139819 0.0221499404686518 -0.153288100884062 -0.0736909864928483
0.228516502256801 0.0560249553516232 -0.138171937118491 -0.0783629553737014
0.242174159476876 0.181557083474334 -0.0943843317745373 -0.0939668904493576
0.0869546137199579 0.306138540237443 -0.0264607797487774 -0.0763757999956897
-0.185850205736962 0.27932022575353 0.0097815148472508 -0.0246971126803177
-0.398710360979219 -0.00769941267801186 -0.0961687657828003 -0.0460909281574328
-0.246950415339689 -0.352083031243159 -0.0844694567929369 -0.176789116486034
0.0103054764455703 -0.451762886619954 0.0589749988256583 -0.314926655125733
0.0441086500929363 -0.402250257958934 -0.0806527301407443 -0.0348929473067885
-0.176454299653709 -0.315257945039624 -0.017445038920251 -0.0347365911990081
-0.314144195976995 -0.0838743536359581 -0.0109395032950038 -0.00613919229569512
-0.201018385557896 0.203818548037498 0.0052866523745965 -0.00304486624364246
0.0303548603888893 0.295109302214909 0.0262524471406672 -0.0294084200902558
0.20419999390581 0.214497432723906 -0.0131488744111957 -0.0727813208203699
0.254119524195674 0.0871833678704123 -0.0511576318566114 -0.0664733978785428
0.263557958186604 0.0452583272266694 -0.0544060763749731 -0.0542192719149242
0.266425412730835 0.0762781792685873 -0.0355284301628826 -0.0541847824399719
0.281029676848783 0.213994183113275 -0.0102705718304993 -0.0428211571199974
0.113196817853885 0.358054738991918 0.00955257477133951 0.00185859520271023
-0.193183292349764 0.335308720198825 0.00122048777877355 0.0239465554725896
-0.453044311619481 0.0242651711450024 -0.0883156710457016 -0.0137117237700382
-0.318214147924443 -0.376756446578571 -0.0658058122410818 -0.103494308251563
-0.0192519706398278 -0.52150322009607 0.0429334734581612 -0.156703625410596
0.0365547387162906 -0.436722476450376 -0.0930512385650474 0.136573055139494
-0.213702186183527 -0.353437761186436 0.039312626923249 0.0506332020100297
-0.362712430563951 -0.094622167606263 0.0164911988530126 0.00383308309621674
-0.235506480762443 0.228258460218332 -0.022178630559046 0.0155983633200871
0.0182691662025272 0.322485254252389 0.0277367699298511 0.0504387987628345
0.211343461951131 0.23741445081287 0.0626237516353548 -0.000351481844092608
0.266661791589296 0.104751326462134 0.055554149295763 -0.0261585653222282
0.265956652669208 0.061142964462104 0.0531134975055675 -0.0271548239232944
0.261841784124233 0.0873247138127389 0.0695157501475401 -0.0254431091151796
0.268705884712445 0.213194530297103 0.0740482299296285 0.00568371336835303
0.111142151542571 0.343599919466535 0.0496573206139865 0.0713439195544771
-0.17158183431284 0.315651836550811 -0.0021008310847418 0.0684448545414258
-0.41281749085363 0.0358660940471622 -0.0648301412109884 0.0134762027442953
-0.310800578864246 -0.33632810007363 -0.0294436016920364 -0.0300705919324952
-0.0374754962072858 -0.495554465906607 0.0386130291721813 0.00709273962467942
0.0218739689581191 -0.397869916242507 -0.102809560608164 0.309832492156403
-0.207755876947418 -0.321076986444955 0.0926577038054916 0.149189753098951
-0.332010561011269 -0.0835865579841008 0.0412405121769301 0.0212565130035925
-0.215932804921586 0.201912745359402 -0.0484530189671685 0.0416042841562104
0.00387247977293651 0.285823342453998 0.0259944209088953 0.133696391556061
0.179120336255511 0.215187306269011 0.135614678822367 0.0787588239281177
0.23477089598786 0.103685210409313 0.15925545927511 0.0195660454050925
0.228319928396218 0.0689610611692907 0.152426600314584 0.00375737400142819
0.216728738167583 0.088194851693834 0.157554442205137 0.00527804455060624
0.209283951020047 0.184297016403807 0.137033824405292 0.0475102809322717
0.0767507060178892 0.27348038006584 0.0748570827883385 0.119075452486276
-0.136363689190372 0.226944262949139 -0.00972613250228308 0.0931672382599029
-0.297419966340088 0.0177140981760376 -0.0376495098451278 0.0252948067778634
-0.234746416221214 -0.250371439023826 0.00704861046244097 0.0252520153676541
-0.0382650675075011 -0.389625893722909 0.0412768655234258 0.142720358901694
-0.0011471057696536 -0.28464961060986 -0.106786117196371 0.448082043582786
-0.158505690529776 -0.219468011496253 0.128013179837421 0.234825454347409
-0.221635253539706 -0.0536128996663762 0.0575855971915297 0.0412662506975145
-0.145910644465385 0.128879192262125 -0.0638360620852063 0.061908959348012
-0.00954575736916954 0.188953361602008 0.0214652698638152 0.194947604302976
0.114390837901029 0.152070299264405 0.189435991960512 0.146482156449209
0.163093333264841 0.085775485284747 0.24093730732576 0.0612713800431895
0.156367291680999 0.0678741517974717 0.228270180452308 0.0337481360578041
0.143033931567315 0.0783344272809442 0.217452198645721 0.0376653583764748
0.119873532795272 0.134297475954897 0.168402066361008 0.0830044166147157
0.0242323258470424 0.173182394193879 0.0752788897257489 0.141699211970496
-0.0967220312066971 0.113195037644297 -0.0247142336265312 0.093432847787505
-0.155911142613537 -0.012071704394053 -0.0154204389945109 0.0211205661252545
-0.127808454029195 -0.14536813758829 0.0315577544344523 0.0557433686566514
-0.0285031752473179 -0.237939314503628 0.0436406747810825 0.231364277043511
-0.0243737105946518 -0.11769132523167 -0.100914302145279 0.523896671610012
-0.0808499334104988 -0.0734080976735695 0.143439490180143 0.287634315892184
-0.0707109541918459 -0.00866282744971384 0.0703428163445885 0.0547668538838134
-0.0482142770428289 0.0347385678242735 -0.0644501414054257 0.0660742315453401
-0.0185492952208763 0.0597931365710383 0.0146610606942669 0.220356012786685
0.0300644120957146 0.0637595334421256 0.214222710229645 0.187879850476506
0.0635388336589453 0.0547939356417505 0.286736561030349 0.0920317455867531
0.0617652032028673 0.0559557075445839 0.269979783100868 0.0584848326292553
0.0542649455583723 0.0564476231986933 0.24434924096177 0.0679226170386266
0.0257562781656154 0.069311240515332 0.170395027020296 0.110815513828189
-0.0192675333044526 0.0672628988208503 0.0568130139179912 0.144126976508344
-0.0490594164192494 0.0134797559396211 -0.040041123640826 0.0761386033351086
-0.0278559359095276 -0.0250656892809913 0.00282502511388344 0.0108888949616992
-0.0338337330273333 -0.0354138684384368 0.0441609859949715 0.0702501420425301
-0.0208555060208641 -0.0730005143136612 0.0424125974487582 0.27204582817106
0.025245642655631 -0.0549276952162138 -0.0814952165699774 -0.306141586340965
-0.0206841014619961 -0.0530375979945087 -0.123339789637052 -0.0863422994087408
-0.0591517943141237 0.00701027852483886 -0.0253810446359068 0.00123270049144337
-0.00726839651824239 0.0531128734893141 0.0543147511081686 -0.0374109343300582
0.0421469796962231 0.04037221698515 -0.0132519796728355 -0.142393161315834
0.0470534066232099 0.00653261275332091 -0.166439918682016 -0.130773863819063
0.0317879538418148 -0.0243048084184786 -0.246907985667607 -0.0805756738614751
0.039394365793024 -0.0329470901511108 -0.269503623078568 -0.0619490677626059
0.0505555130964522 -0.0166405567593621 -0.268547241936824 -0.0821096890523303
0.0728612441917207 0.0214048926718136 -0.203269048947377 -0.151144041976407
0.036823361545681 0.064943485251643 -0.0649186969216923 -0.188049482441001
-0.0454252003637997 0.0724647394957384 0.0349581408853368 -0.0941465323338487
-0.103249921676388 -0.0136956474167978 -0.0607076853424678 -0.0722092046416859
-0.0301737745311111 -0.10300045108767 -0.0700486012827937 -0.23635550429326
0.0338747313174183 -0.0942791628656314 0.0825486455989668 -0.480066009207143
0.0244322821191335 -0.185530547564328 -0.0777401442949346 -0.258645705249755
-0.0737835110105205 -0.136761430041424 -0.100992185103887 -0.094391499862981
-0.137309522229102 -0.0174017880336133 -0.0322946681347417 -0.000908914540724542
-0.0624682279833534 0.104587369473577 0.0453825097077417 -0.0216939065979584
0.0504291067532253 0.127499180133879 0.00619965671799424 -0.123227221115154
0.115054353806785 0.0757324527347844 -0.133539972901196 -0.134271917664224
0.122868201245676 0.00734061256123077 -0.211243255666286 -0.089576078058349
0.138086521113588 -0.0123676185977451 -0.229804303798501 -0.0679046076479514
0.150578621184348 0.0152537858587858 -0.221134524722703 -0.081178920256636
0.169466440882597 0.102559936455715 -0.163571538742453 -0.126046400803348
0.066043637950331 0.193199081376507 -0.0532550151936643 -0.139226706304519
-0.122069844814416 0.18279890295945 0.0197514562035001 -0.0653441374634526
-0.264029696029585 -0.0159276710842803 -0.0873101253056363 -0.0627417252453949
-0.147268273232688 -0.242456904138522 -0.0883375142537739 -0.218310297247483
0.0164167796657441 -0.290730984340069 0.0599423405496632 -0.421288186067268
0.0246614732606704 -0.302922654358333 -0.0785058201033924 -0.167557077959584
-0.129142388450343 -0.222699401968669 -0.0694205267233305 -0.080053458966863
-0.222761011836014 -0.0450612831682225 -0.0285243800765632 -0.0053089395636974
-0.125035310243528 0.156777128164559 0.0278654099501641 -0.0127017208082452
0.0509309788554647 0.212761645474702 0.0175899260623482 -0.0872637364115947
0.172682564508719 0.142993417653497 -0.0843926241065213 -0.115314994197233
0.199643504635087 0.0410384047333895 -0.145608430737105 -0.0828144274959055
0.2148296368903 0.0101350078154728 -0.155685764315283 -0.0635460087898218
0.225996226519743 0.0411641826510043 -0.140171600256718 -0.0694504345707024
0.24751907105775 0.161009953577923 -0.0971649991968055 -0.0866384177488129
0.103287261298225 0.293045512416707 -0.0283603088781081 -0.0735882144325083
-0.164600333227033 0.281949120486477 0.00741024271923853 -0.0249097439149782
-0.388279195608074 0.0108063306009198 -0.0987715630809816 -0.0390338884785289
-0.258802262017714 -0.329678646486324 -0.0917871085896099 -0.167161699882275
-0.0159637020031989 -0.438000329973066 0.0394488769862811 -0.304366463391603
0.0229561488628226 -0.390166316380942 -0.0824763451356844 -0.0314899044798521
-0.187611183204412 -0.296137253868231 -0.0220995999188034 -0.032949545774962
-0.310049479782787 -0.0655305072230271 -0.0102107317312042 -0.00594443481762079
-0.183366618836161 0.209058024397561 0.00481001549763255 -0.00213859473525996
0.0467921860757988 0.283366968270746 0.0239225174686217 -0.0296268524658975
0.211295761676061 0.194761947891166 -0.018769519382461 -0.0702817227355163
0.250919815351641 0.0697164679088705 -0.0536970200551599 -0.0613065848038868
0.25895513608304 0.0297146032884711 -0.0572550544449975 -0.0500081608757507
0.2642589324791 0.0589394334219959 -0.0391503898957414 -0.051857445931568
0.287697979449741 0.190349359495239 -0.0128556386132101 -0.042029412675547
0.131302715060417 0.341464455394035 0.0119418082067388 -6.59584098029047E-05
-0.168727984396862 0.336334993241039 0.00194896691000458 0.0227918712814921
-0.441427709915131 0.0465280278879176 -0.090388062672684 -0.00829190335291678
-0.328424800191166 -0.350073037137472 -0.0704007861200163 -0.0961517414952113
-0.0489112115606994 -0.504080218496012 0.0313638577019374 -0.150497111595638
0.0149788037622471 -0.424168483234529 -0.0855350282359776 0.134372705156359
-0.225372134664094 -0.331317095044635 0.0376169813812032 0.0466671576672486
-0.35787892160077 -0.0731995942395857 0.0175809075016138 0.00146759048611122
-0.215641498716701 0.234948091768554 -0.020272186784064 0.0178454767642523
0.0368832927792392 0.311686302304821 0.0296438478192214 0.0486957121938573
0.218947385629294 0.21661134905151 0.0590242081039856 -0.00482780322419968
0.264142061259183 0.0853976957683441 0.0519150576972113 -0.0276220468432835
0.26224940278645 0.0457684503941284 0.0496584883108786 -0.0300068644714768
0.259255747630582 0.0710199321084377 0.0644323040765476 -0.029495121058052
0.27676750851626 0.189420394461744 0.0715320034495613 0.000297398427355892
0.129466354626378 0.327119464899162 0.055367981714565 0.0652043949774393
-0.149147429666772 0.315376177161984 0.000772188992456365 0.0660311544422244
-0.39982588249168 0.0577650196303418 -0.0665699478418412 0.016730326835563
-0.320688786154869 -0.310100482875792 -0.0313170515602328 -0.0252375043568073
-0.064094812273687 -0.477925424451452 0.036129614779454 0.00812084447027639
0.00287106027499552 -0.387123385974014 -0.0859496663855979 0.302677918060597
-0.219058524915653 -0.300906387204914 0.095549269856116 0.139452446185013
-0.328306157480449 -0.0655806843659923 0.0427990322368112 0.0171995736532369
-0.198847725949787 0.208664280447878 -0.0444443742951427 0.0442307770657114
0.0207200890276647 0.277481898064731 0.0334964303822279 0.129548725088012
0.186825590789327 0.196716662671876 0.134381828359086 0.0673460293087044
0.234245107538844 0.0864299860835635 0.156067718118013 0.00972072787035627
0.22594283752077 0.0557073793429628 0.148701258909519 -0.00545106230563431
0.21595792104824 0.0745504979422084 0.153152015737474 -0.0045067403340787
0.214697261781799 0.165383055278075 0.135444246400793 0.03765639380121
0.0918575786070669 0.260560474690707 0.0818138998371123 0.110017938920774
-0.119681546970441 0.228285825423167 -0.00442763685798729 0.0905005337863217
-0.289558039435487 0.0320599606123668 -0.0388969231714056 0.0267640916178318
-0.24112161899181 -0.230971970416044 0.00732123229228823 0.0256242556267724
-0.0591568250403135 -0.375966935630754 0.0463443774021824 0.13840130379287
-0.0141054361286401 -0.275953488867607 -0.0815724130883536 0.437721431108292
-0.166253697361863 -0.204017183290679 0.135041100451303 0.22057437677424
-0.220074482220861 -0.0408752330313493 0.0601024176988058 0.0362745880524604
-0.134727188368455 0.134270883595686 -0.0583619691267871 0.0644524394775723
0.00208339501186191 0.184533438585617 0.0317556799709597 0.189711731932832
0.119578064120562 0.139982047315179 0.19089618478057 0.12970733703482
0.163595289937185 0.0730752586125671 0.238084525338348 0.0459552676161432
0.15647918205082 0.0582179808340134 0.225572205238777 0.0192045537437334
0.143278170158137 0.0690450905217794 0.213576234391157 0.0244258507804908
0.12530029504578 0.122627331353033 0.168036034710244 0.0708208096788677
0.0349293222828308 0.166382574701539 0.0826275215163676 0.132088800121154
-0.0872484683110278 0.115444767647813 -0.0186372185456563 0.0916404610876438
-0.153152443959747 -0.00352973053043273 -0.0171220191341905 0.0211194523271278
-0.131493910307781 -0.134700947796303 0.0327826439605422 0.0544933650014768
-0.0403116895059769 -0.229360868459663 0.0542987693628391 0.22254242289403
-0.0289010563788284 -0.113319289411672 -0.0721052633605121 0.510950859434096
-0.0829747683831245 -0.0667895273755949 0.154267202257049 0.270754709102457
-0.0712133989144401 -0.00549912967444792 0.0723685484136844 0.0492926164494306
-0.0449848575263687 0.0371389379934308 -0.0587492106705291 0.069231957407615
-0.0144701635140534 0.060204591533327 0.0267567557794887 0.214392684579262
0.0325707280240824 0.0596223897313427 0.217557155977753 0.16794813058579
0.0654542053346898 0.0483756142041657 0.283781433377855 0.0720398888470213
0.063720673706194 0.0513346082980822 0.268428943611033 0.0413084185996328
0.0553783035837505 0.0522601331938537 0.241954105394504 0.0516797318974072
0.0292683775320049 0.0657052213476778 0.17123038925284 0.0977145804350086
-0.0144892809791964 0.0662615370260907 0.0641119290680784 0.136427615884298
-0.0464631278650047 0.0164931502171209 -0.0349017995466365 0.0757360727886792
-0.0297749367719096 -0.0223835693183347 0.000977459083770506 0.0102877531896812
-0.0341727046387647 -0.0328460981756913 0.0463728076796345 0.0673505003434735
-0.0241854252804833 -0.0707631809848058 0.0565205466130562 0.259643886847069
0.0306058033642618 -0.0473729426765246 -0.0419717486307661 -0.292117743487379
-0.0114454946576919 -0.0522147560022939 -0.106288911295487 -0.0943982707867085
-0.054367651620377 -0.00137319351840526 -0.0258420414055397 -0.00344350854721963
-0.0137395410500178 0.0480166266684887 0.0520968022838087 -0.0287826216250148
0.034702545635258 0.0432633146593637 0.000896876381894109 -0.132941682043774
0.0456817164438202 0.0131305866483134 -0.142469057512972 -0.136381288389755
0.0323381992889679 -0.0175008882834262 -0.225512660556392 -0.100848704757649
0.0407235393701806 -0.0262494564945794 -0.251778798399834 -0.0901155831833165
0.0511685697889128 -0.0082701129629391 -0.250117069951904 -0.109695655588664
0.0678229888040291 0.0298507997046677 -0.180274716346767 -0.169062810800257
0.0268517717672007 0.0679201135532967 -0.0418638011122923 -0.191698719002971
-0.0532187570942707 0.065358033387011 0.0450072354247048 -0.090356569367488
-0.097194638031333 -0.023986650132771 -0.0464719601789454 -0.0762276136735905
-0.0191397610918766 -0.100110792918015 -0.0387580750223415 -0.233927142764398
0.0404642178020162 -0.0836815394211993 0.134113972511439 -0.45162115073373
0.0451780893929588 -0.167708844920426 -0.0349596366625193 -0.251863353269262
-0.0495858144877983 -0.136217140512508 -0.0840976965408562 -0.104702191524808
-0.123993033073566 -0.0338953932935874 -0.0326001859051049 -0.0113090316371055
-0.0720319232833687 0.0882972609729566 0.0410799842487794 -0.0175533550594072
0.0302120036255022 0.12562358942757 0.0138463265024768 -0.114360381937488
0.101031104458696 0.0855271087100205 -0.113819534072584 -0.133778052673744
0.11488471714109 0.0220073521167472 -0.19285989648985 -0.105053614248151
0.132698748495618 0.00523169503546507 -0.212633521235779 -0.0920024922499474
0.142854571815633 0.0335668585407401 -0.206013333201175 -0.104539419384213
0.150650275299587 0.117805188563604 -0.146333622315492 -0.144975399325419
0.0398555302149579 0.193994148411071 -0.0344578523215824 -0.148058235667975
-0.139395578922381 0.162211384807574 0.0289270175031932 -0.0674462499238603
-0.251263762176857 -0.0437299077776939 -0.0693292365565147 -0.0679254721353969
-0.114825954984565 -0.247878680492096 -0.0539655024125497 -0.212101212155742
0.0450372850264968 -0.275520523985806 0.111753120520426 -0.389194948086603
0.0598124759556338 -0.275738376829528 -0.0384520985699055 -0.170948646923431
-0.0908390894567548 -0.2216793653642 -0.0537900114375237 -0.0941703788791913
-0.200604275863274 -0.070581307411588 -0.0285173177836629 -0.0209329126198787
-0.137658725281433 0.128832527733283 0.0220931631169156 -0.0134439319261275
0.0184134406349562 0.206038486758556 0.0168329121766347 -0.0808104292171744
0.145935290638812 0.155357511427639 -0.0723344576892375 -0.108173177016362
0.184419575268661 0.0626987184417292 -0.131949082083604 -0.0921644322324532
0.204621465735561 0.0353063828765534 -0.14122177222106 -0.0803369297856498
0.211873033170372 0.0672143994145913 -0.129998635307572 -0.0863815574731823
0.218397963874689 0.181707387898981 -0.0880264941682668 -0.102816783859362
0.062929875979639 0.293140697180513 -0.0167901923593525 -0.0862913882967027
-0.191630304769351 0.251156271366001 0.0129517442348806 -0.0328921866573205
-0.374637908778312 -0.0317937264684229 -0.0803054924410844 -0.0457520730065626
-0.210501353243928 -0.344269519792398 -0.0581549651287111 -0.158723941218694
0.0311105806182718 -0.421233262640458 0.0819008557418104 -0.27350394586428
0.0677183074391123 -0.357643909341934 -0.0503923677904991 -0.0483398489972307
-0.135668119308217 -0.297206345746768 -0.0132103784608558 -0.0495586853975969
-0.27905187234374 -0.101582866758348 -0.0115866452171155 -0.0249527390652458
-0.19995297201124 0.169710260579041 -0.0017762506644999 -0.00883082767628716
0.0043795893095589 0.271860899268572 0.0142478828648857 -0.0274306733981188
0.174906850889647 0.208451004736983 -0.0174864523290058 -0.0579906197482297
0.229709729660634 0.0955400185143668 -0.0483382789073352 -0.0620430322246029
0.243692568115133 0.0604708650781506 -0.0487416191897765 -0.0565305078311096
0.245487854236504 0.0891966225315824 -0.0352035397260745 -0.058487727385159
0.252328861038845 0.213828685163935 -0.0129141821034208 -0.0522089782093532
0.0851669708359696 0.342504045766907 0.0139076489093802 -0.0132786805330765
-0.202595846678279 0.302706000080598 0.00271365279183933 0.011412699350996
-0.428108949309711 -0.00422383147725082 -0.0744682910068203 -0.0159678454666956
-0.276121501268015 -0.370576866934659 -0.0421584421476075 -0.0856522968279112
0.0070621298061263 -0.490062458876716 0.0594717339796438 -0.122064231140743
0.0671011586098211 -0.390450874884971 -0.0685980664100233 0.104129605858401
-0.166127583686707 -0.334437275397978 0.0355336284599323 0.0282976406764434
-0.324553135947729 -0.115306949101441 0.0132628124005419 -0.0176531246697306
-0.23331403904712 0.189004311801249 -0.0282211845959874 0.00571029192916558
-0.00981828025715914 0.298281285329353 0.00994596725898777 0.0450237779931537
0.177577019544893 0.229366945066454 0.0476619819099375 0.0110617638288209
0.240978966929057 0.110941613558078 0.0480569451403283 -0.01971027652228
0.246859095441141 0.075389515029213 0.0516170189885511 -0.0249191924567555
0.238422873506378 0.0991644302404295 0.0622037507440864 -0.0258595688494208
0.241055416578083 0.211285086398783 0.0637393861481832 -0.00191296156032346
0.0849748794734929 0.326868756437301 0.0484161488043665 0.0544916417913545
-0.1799353493463 0.284881569471418 -0.00367533957410186 0.0540137731203682
-0.390329686121259 0.00965434881124271 -0.0557869779525329 0.0112698100327792
-0.272029617240275 -0.333122248121911 -0.0127129172710097 -0.0138389225959307
-0.0108426545979075 -0.467826938254708 0.0467696629390064 0.0309189960670579
0.051469733864437 -0.357743145186797 -0.0890161388142844 0.261103899862326
-0.164579623891728 -0.305029585223445 0.0796304005977945 0.122833608200497
-0.297947525669558 -0.104001249535721 0.0356567059539868 0.00112258726878475
-0.215709002788961 0.167913672717255 -0.0525807115556913 0.0283866028811844
-0.0204392167081215 0.263806644899062 0.00623887530704482 0.121833373898779
0.148890038908756 0.206684181749023 0.112432549811806 0.0851687864820847
0.212195315287071 0.108208811799193 0.142974768776769 0.0263539134837251
0.211300039617947 0.0801878594350196 0.143806202442413 0.00992690044124698
0.196556485184926 0.096826408501969 0.144862281039348 0.00896968117158742
0.185212068605556 0.181071555134786 0.122447932672064 0.042570514944654
0.0572744633259919 0.257847547878748 0.0685720682672692 0.103488459249591
-0.14128841910777 0.204107184161793 -0.0119439309079908 0.0800188423847568
-0.281515812243003 -0.000925772340545634 -0.0345157296087251 0.0234639028130103
-0.20451340616158 -0.248587608491668 0.0153458136973745 0.0376437999038801
-0.0158185477414248 -0.368920359018642 0.0401593668159998 0.154539321711102
0.0217248215470866 -0.257153374501394 -0.105866694269551 0.388741512036036
-0.127890452548518 -0.209617515062159 0.107030670868063 0.208244122030171
-0.201253169721119 -0.0669001074186551 0.0508008892702492 0.0267250506388494
-0.144632097358959 0.106614221902275 -0.0659138753432359 0.0484742222606923
-0.024669014285114 0.174421916971829 0.00264487276276252 0.178235383510319
0.0920746395118973 0.145045800743643 0.160782549975305 0.146071662159295
0.147003326144332 0.0867965865200397 0.217953158522555 0.067820893644906
0.144270136781799 0.0745114928285493 0.214380886231113 0.0431587455495531
0.128037544941611 0.0825104138153595 0.201065908124825 0.0439344315079828
0.104990684761693 0.130115518360846 0.151279705684703 0.0801913569455616
0.0146452352291321 0.161863871514179 0.0671736757103383 0.12913721732727
-0.0965407095689468 0.10021959477825 -0.0264002775778269 0.0825598016908403
-0.146522680166675 -0.0195443270973863 -0.0168168494439966 0.0201706373876659
-0.110519095097645 -0.143903059543772 0.0320597171009698 0.0635469489733775
-0.0138416630162152 -0.227366533358993 0.0352015836876785 0.231391736311367
-0.0125059834939387 -0.108961028515659 -0.11466089849579 0.462249501068328
-0.0687415289944506 -0.0711474359505715 0.116956820111082 0.265049185867891
-0.067021433112494 -0.0139447164366845 0.0625208561330066 0.0495352222738708
-0.047158532340174 0.0284504150449984 -0.0634209577279244 0.056431953681729
-0.0226715392779161 0.0549035555837291 -0.000288301445942182 0.202161325197651
0.0204575092573211 0.0591798912758584 0.184984284447447 0.181245052994801
0.0572022024937166 0.0518621917868437 0.260465584484255 0.0973905993720399
0.055973834224347 0.056366718048405 0.252806353996907 0.0693379300438472
0.0461887521283032 0.0556229244961181 0.226523351755817 0.0755637679698969
0.0203721318604926 0.06521701776986 0.153490398583383 0.109811821265051
-0.0208777280804466 0.0601314709631787 0.0477005166291087 0.13529484521255
-0.045418056983819 0.0100954844398303 -0.0415956153096964 0.0688504572932361
-0.027446234889124 -0.0238367485397036 -0.0013103096843605 0.0103023201851593
-0.0286881291281081 -0.0362080604669744 0.0395697947381552 0.0734324935878335
-0.0145565728862222 -0.0737570575790858 0.0296339450069442 0.260603900343088
0.0300729598554102 -0.0450474496088764 -0.0369503155223897 -0.283623171782086
-0.00977046747041905 -0.0516405678815229 -0.102700400838869 -0.0919262472820117
-0.0515703170789692 -0.00191080142375192 -0.0259654840955364 -0.00295742227253783
-0.0140197274183126 0.0462231844095945 0.051577667281492 -0.0277815352380563
0.0332363459792609 0.0419340473282605 0.00252545392150663 -0.130069834956662
0.0444519947129769 0.0131892455304193 -0.136854863492091 -0.132663192987121
0.0312344336443691 -0.0156602488289828 -0.219537298164171 -0.0997038534233626
0.0392256551352791 -0.0256303783549658 -0.246976610369827 -0.0901933802979646
0.0505152660488241 -0.00846966717406232 -0.242661084798883 -0.110012518537933
0.0660154689112355 0.0288838776600218 -0.174290662263539 -0.165987477903874
0.0257600238092038 0.0665903272751921 -0.0390213408325445 -0.187507592349637
-0.0526829779521869 0.0629198938467604 0.0449796294760982 -0.0883308779281391
-0.0938200325479001 -0.0256716656747822 -0.0437795667445184 -0.0745108886158194
-0.0169301402253008 -0.0979377656738384 -0.0330851419154605 -0.230421429728553
0.0399471031670048 -0.0798108337600217 0.136981579950137 -0.433195126943742
0.0467648746350449 -0.161398430230059 -0.0318157456247697 -0.245005569170702
-0.0458415922108181 -0.132711753428717 -0.0812369313156378 -0.101796917841556
-0.119039831131581 -0.0353839280785669 -0.0317138642918069 -0.0107634569866992
-0.0705167832824384 0.0840823915076623 0.0404982202752349 -0.0164092395845581
0.0286167609144855 0.121512240124154 0.0147190484836983 -0.111218261409791
0.0982287927815326 0.0837453763597829 -0.109442632307066 -0.129914827291321
0.110927611073916 0.0238806801682438 -0.186744217070558 -0.103635744204662
0.128848692792856 0.00726552519681514 -0.209108805710323 -0.0919765578365002
0.139129007986091 0.0341113728884259 -0.200296635774777 -0.105238390470246
0.146477396384813 0.115218203978096 -0.141626724455352 -0.142350177310836
0.0371861700459918 0.189569564508007 -0.0313850317996566 -0.14570396037983
-0.137910646613787 0.156133572682087 0.0289350684473146 -0.0658274745048382
-0.244822112858203 -0.0471730494560268 -0.067306059335766 -0.0667806220113239
-0.107924978355543 -0.243532087674371 -0.0477232234337933 -0.207849444598973
0.0475411377319343 -0.265864749515022 0.11250664559205 -0.373620425773902
0.0625095832435394 -0.266368038323706 -0.0361302822464804 -0.167341252270333
-0.0839954430841271 -0.215922533769692 -0.052903762294595 -0.0916043717778251
-0.193181908517178 -0.0722343271511295 -0.0274929224656893 -0.020802442881134
-0.134660831975725 0.122929947493657 0.022558870510436 -0.0123943757201728
0.0166542455933733 0.19986089930164 0.0177497704671261 -0.0778940197141735
0.140653434109699 0.151448115358227 -0.0691233349743882 -0.104988218992699
0.178201668491982 0.0639128904755359 -0.127877744755491 -0.0904750602380401
0.198975217758054 0.0376399038869131 -0.139331120654828 -0.0803759392694588
0.205539534772665 0.0682560972326572 -0.127112498130749 -0.086428771125826
0.2119646045648 0.177778429489459 -0.0855808552622536 -0.101375067521847
0.0598443151867531 0.286325825315074 -0.0144095530136815 -0.085432653966058
-0.189710953048643 0.242096035830091 0.0128641423190772 -0.0323617463642332
-0.365310396111408 -0.0377804216806297 -0.0788571921881527 -0.0448409533132294
-0.201403737011026 -0.339638991099105 -0.0536401477352365 -0.154344537124782
0.0341404767035496 -0.408977636024058 0.0837149298278489 -0.260308976070482
0.0739164434060433 -0.346445788041856 -0.0499289267190513 -0.0491874532667576
-0.125992436688175 -0.289809618074662 -0.0140461111834183 -0.0485231923724272
-0.269799770858247 -0.102389478105266 -0.0104443053159999 -0.0248998557524683
-0.19625246725492 0.161859230532326 -0.000391096406732029 -0.00786398716951639
0.00174296347573208 0.263543268559369 0.0150305481628235 -0.0254044123192279
0.168570706788723 0.202984766449179 -0.0172527250997429 -0.0559538916748467
0.221650548546457 0.0959527571407164 -0.0459305316400234 -0.0609023321410959
0.237521846413295 0.0620010155940463 -0.0484415849489431 -0.0563706359208673
0.238309081711522 0.0897802224582203 -0.0352690455585345 -0.0581651274038496
0.245443953727391 0.209788140156411 -0.0123161492504893 -0.0513117762105677
0.0810502199385659 0.333530209495879 0.0148402112630842 -0.0143975524874602
-0.200689233434066 0.291892787334032 0.00178810691509483 0.010933177974011
-0.418664360134613 -0.0116071779960814 -0.0748941975470575 -0.0143222308469279
-0.263493644856323 -0.36700857353083 -0.0389914236198579 -0.0819362071551475
0.0121607182300715 -0.474940252760431 0.0593216554761399 -0.114186786720784
0.0728093367885635 -0.377541307408959 -0.0704246542195074 0.0983291437500134
-0.156381253985717 -0.326247354529985 0.0318434520107977 0.0275509189475751
-0.314085540852513 -0.116416626756093 0.0140595573456166 -0.0184694188220428
-0.229385495089296 0.180698846408988 -0.0266590751138536 0.00567508601293621
-0.0115100311339171 0.289699175656539 0.0104332590764379 0.0454400795852255
0.170257721383873 0.223520740007155 0.0453303786332009 0.0113229606383421
0.232260585257543 0.111324769433535 0.0472335546791409 -0.0185128537468992
0.239792249720802 0.077831806204329 0.0500206693290616 -0.0239495785684504
0.231634485734721 0.0998781509428511 0.0596965888934384 -0.0251902755042781
0.234335253580309 0.206918331822409 0.061093982427971 -0.00205031465952469
0.0805223240486463 0.318692633361438 0.0476452902566082 0.0523200386387245
-0.178041340199427 0.274195658997414 -0.00468471561251069 0.0520508586055758
-0.381512895174444 0.00417002463699948 -0.0572859314207289 0.0115243374199314
-0.260418138424222 -0.328104798292131 -0.0116843862646754 -0.0113269983097729
-0.00552903143850063 -0.452781140327785 0.0452559334751122 0.033662691165551
0.0556176734470643 -0.347166660786163 -0.0915681095311172 0.250029402630886
-0.154483095744017 -0.299331266607555 0.0739562367173742 0.119753976023871
-0.290720458772152 -0.105745611887937 0.0356357572988826 0.000320238543512275
-0.211182448324963 0.160457298898559 -0.0506663396145832 0.0275531143418522
-0.0220735632549422 0.257125006350242 0.0052297497574432 0.119555333938737
0.142217744350829 0.202028338911436 0.106618832418015 0.0834903529087099
0.204904089588524 0.107308493579041 0.138863060532104 0.0271875481041162
0.205685967285975 0.0816843172646346 0.140724595518097 0.0111386602835155
0.190301000906201 0.0970220425619102 0.140695248261466 0.0099275244434558
0.180482914145857 0.177471093088204 0.117837250769564 0.0421972759352212
0.0547176171421306 0.25150860082633 0.0667845934609267 0.100301294344772
-0.138660694645948 0.19717591929223 -0.0135845578075981 0.0775959814334083
-0.274948538433653 -0.00472238760768336 -0.0365798480959543 0.0236113311204325
-0.195186176017788 -0.244781601093676 0.0151884382206427 0.0391985769092356
-0.0110114045436535 -0.358375903018126 0.0375379678268079 0.152324096977946
0.0265341180952828 -0.250415850255766 -0.110975713602039 0.374675377958572
-0.121008939457539 -0.205866965480882 0.0993670826129535 0.203801410137054
-0.196509008534313 -0.0682314272221543 0.0503889253868842 0.0258764701599397
-0.142575545456603 0.101901471694045 -0.0640285394598338 0.0470913365397977
-0.0255164411750922 0.169758108670704 0.00158214358451884 0.175506732298028
0.0878748089034268 0.141866982785658 0.153540424268476 0.143022649895091
0.141572798650128 0.0854057406256577 0.211323699007157 0.0684544610113328
0.140827353039333 0.0751980112134438 0.209635611747586 0.043856008320851
0.124028825030101 0.0822469963719836 0.195781034231875 0.0448746147781274
0.10160506132427 0.126802898566231 0.146019325410933 0.0791758348753727
0.0140127159511662 0.156692652499769 0.0644821020281177 0.125247451917716
-0.0940622401085691 0.0963900711551773 -0.0271506046510323 0.0803789682123864
-0.143995807188842 -0.0206287474118728 -0.0187062693613735 0.0196268759886178
-0.105223105988247 -0.142426511482915 0.0309783618203417 0.0645336836730683
-0.0102687845969967 -0.221225067946819 0.0318281168642769 0.224995173513659
-0.00945053423135896 -0.106539862890474 -0.120022601676898 0.444660974713249
-0.0658167356823955 -0.0697844765996697 0.109430248638273 0.258886399748655
-0.0659824174125574 -0.0151170425185279 0.0610109728920477 0.0491659213039507
-0.0462104940555376 0.0273580402605373 -0.0618179824048662 0.0549651917139677
-0.0225112542575983 0.0535288339667051 -0.0012443688020043 0.198550481731577
0.0185572561316537 0.0576049294411855 0.176818801890518 0.177069432600061
0.0549964994916744 0.0504948655096577 0.253266946129337 0.0969245456758388
0.0553151131576856 0.0560847221909611 0.248397028790168 0.0696255312089385
0.044361654487165 0.0554036815044277 0.220376494292067 0.0759203637363413
0.0191577140698505 0.0635751798896741 0.148290356516868 0.107740575214509
-0.0200921110490035 0.0580470832449577 0.0458934294299585 0.131703138405178
-0.0441245547041343 0.00915531701116951 -0.040655369818865 0.0667586588125387
-0.0270871429365221 -0.023495590336724 -0.00267272704925244 0.00975449971119615
-0.0272473034037484 -0.0365544125492002 0.0384538250643735 0.0730522242640633
-0.0130896870349579 -0.0727050811046103 0.0263162059438879 0.252960730052058
0.0312224441559944 -0.0435986889425891 -0.0308821614409194 -0.285456388373466
-0.00847383732658593 -0.0523674340776467 -0.102146758613651 -0.0937032641440018
-0.0509813767557903 -0.00342150943847507 -0.0267591273192542 -0.00242780851956096
-0.0147350674356459 0.0454163467501987 0.0528302210395571 -0.0270905882965165
0.0329045739537686 0.0420845860212537 0.00517508107560347 -0.13094295688101
0.0450164308639721 0.014176964045604 -0.133775893939814 -0.134476380355702
0.0310976110958501 -0.0146043880948749 -0.220017853081681 -0.10436392568829
0.0392395872150463 -0.0247476990610282 -0.249483102595859 -0.0952500017331284
0.050838248851851 -0.00827305790766338 -0.243785598742945 -0.115210661203348
0.0663185220038017 0.0302086665792237 -0.172412825520789 -0.170696324768423
0.0244122765748216 0.0680111281176469 -0.0357436205131026 -0.189666547228359
-0.0547487509477755 0.0620762619798722 0.0467490412995679 -0.0886381867771496
-0.093824713805377 -0.028285287201258 -0.04141145668219 -0.0765384231387718
-0.0148199040672229 -0.0984647318097637 -0.0268098790195335 -0.234647120687641
0.04162682353041 -0.0786736299514167 0.150075953430419 -0.430820735464161
0.0508116964627157 -0.160221056730851 -0.0271625533660699 -0.246553415488026
-0.0424238133035776 -0.134129555932773 -0.0806618304487068 -0.104470660098605
-0.118321377836373 -0.0385509884409149 -0.0323565958324512 -0.0117968016343401
-0.0724191347104744 0.0821338948249477 0.041909396699658 -0.0158422363070274
0.0265416734551941 0.122680272084518 0.0179447499977298 -0.111545976580872
0.0971402632488083 0.0856600304101679 -0.106883212841444 -0.131575585647471
0.110614503730642 0.0274528598713285 -0.187163502827376 -0.108154285514772
0.129269646734911 0.0105267616854923 -0.211502901629254 -0.0966964790434795
0.139833894628835 0.0368505424816764 -0.201319915028311 -0.111273122888636
0.146546465510304 0.118389211173571 -0.140134120762163 -0.146412511470816
0.0341963016730101 0.192450969978996 -0.0287075580871962 -0.148264283363432
-0.142804953725937 0.154149105767477 0.0296234478819384 -0.0661454748831242
-0.246132227770609 -0.0542490422252872 -0.0663686767563392 -0.0681688450520589
-0.103280473718023 -0.249122490251514 -0.0417166328253862 -0.211070064483854
0.0534538792864321 -0.265857296972642 0.123757292279046 -0.370372698924613
0.0702203111535331 -0.26584398516343 -0.0341851774227539 -0.169551985277629
-0.078321747581676 -0.219048630165087 -0.0528842642417209 -0.0931061757590062
-0.192563328033756 -0.0779401261457414 -0.0270886830283292 -0.021888072434761
-0.137538330141451 0.119650906943369 0.0239618716511365 -0.0120198142340602
0.0129409319287384 0.200765122031021 0.0211563491724979 -0.0777398665415629
0.139198313422561 0.154499276805729 -0.0679956096266519 -0.106131376720824
0.17763721593672 0.0690689811268778 -0.127026296036996 -0.0930883523727239
0.199281388945285 0.0438956903637969 -0.141377259460464 -0.0839936369992552
0.206143462097459 0.0730408009138377 -0.127826012426935 -0.0904492063358909
0.211457064597174 0.183002869271135 -0.0841936796532176 -0.103945865429685
0.0558004549786256 0.290255362076006 -0.0120023432132254 -0.0874558114005813
-0.196916407425008 0.239641872674753 0.0131704720633283 -0.032680372032303
-0.369020201918628 -0.0466860052079844 -0.0798881417165012 -0.045216943757588
-0.194345115403158 -0.347636884317985 -0.0481276835141438 -0.156923631325105
0.0449422280725309 -0.408676636638601 0.0902674942704806 -0.256619090904783
0.0841636987295455 -0.345210072940395 -0.0508345453160961 -0.0519500007470981
-0.118547776640916 -0.293487942075273 -0.0153437026192082 -0.0495857974037148
-0.269823164075412 -0.111129696604526 -0.0101499400787833 -0.0266381039200566
-0.200221227054036 0.157838545456604 0.000602921718712261 -0.00776185192361004
-0.00236413303878106 0.265839789722655 0.0169582041068828 -0.0247241642824493
0.165461971801062 0.207245701464778 -0.0169928808664944 -0.0564403225853335
0.220403783774767 0.101619560893925 -0.0458529353651006 -0.0617399831478699
0.239181447420541 0.0692400000934799 -0.0494809891786104 -0.0575693893100724
0.238949988331505 0.096316582893722 -0.0349789098135667 -0.0602978126149733
0.244760805134543 0.215115797459117 -0.0124401431105427 -0.0528313001164613
0.0762347891045901 0.3377877576724 0.0160878464553998 -0.0156692238712647
-0.209483250405752 0.289298021324517 0.00142835895982432 0.0110757899425685
-0.423152034241937 -0.0222581605590412 -0.0769691997369048 -0.0141582609802037
-0.256878838734402 -0.377517188009154 -0.0359185566379649 -0.0820214238778757
0.0221745489538748 -0.475742446392246 0.0631456364779831 -0.110007041407366
0.0838842670081029 -0.378264995285266 -0.0743803210638336 0.0952952572658037
-0.147592864263783 -0.331902042315424 0.029723946746644 0.0280149605727133
-0.315290896438827 -0.126281813863635 0.0150423831123765 -0.0194943318111507
-0.234362175519402 0.176584133968893 -0.025512207232219 0.00547333047222709
-0.0172205268794739 0.291727257089131 0.0112427201793256 0.046977140926224
0.167730344499815 0.228743532901244 0.0441513264923405 0.0121919429097258
0.231348121559078 0.117434288697718 0.04796006662538 -0.0173957939137322
0.241240371055541 0.0847960667994289 0.0502073752660227 -0.0234618185298348
0.232071868947473 0.106433246880397 0.0600220805187075 -0.0248577050414682
0.233402069341681 0.212060531823898 0.061155076021314 -0.00088638165268663
0.0765079435291171 0.322600984678922 0.0477326044070409 0.0521302659564311
-0.185581534844807 0.273137955071355 -0.00649882073715804 0.0525728894075952
-0.385764443417645 -0.00491252321970024 -0.0602382758826395 0.0122409392531779
-0.254577346295866 -0.337309397850411 -0.00978440977130264 -0.00961563802938805
0.00452409689537969 -0.45519974546488 0.0454728469198055 0.0376710306603113
0.0669042898890237 -0.348579828574415 -0.100502995006715 0.247269127617559
-0.147582454556838 -0.304803368733437 0.0700932832583653 0.121713946922365
-0.291032174344966 -0.113969744872734 0.0367032911800709 -0.000645635933853342
-0.216402488639227 0.156162622140972 -0.0511485588010867 0.0274483310552559
-0.0272299893130205 0.258724999636492 0.00495257921495122 0.122064016908487
0.13881844108091 0.206622908224282 0.10489468859804 0.0856435436332015
0.204288418653885 0.112690756994904 0.139414611742197 0.0300812582085167
0.206713704725609 0.0882811516321424 0.142106838432384 0.0134876541007055
0.190646868646336 0.10370146583162 0.140393216006333 0.0121401727072552
0.178792048326158 0.18094200551213 0.117231209373661 0.0445753752859851
0.0513214776427083 0.253723206279887 0.0660367692176086 0.101481351372896
-0.14430694878011 0.194892555269063 -0.0152069572346654 0.0788117558389237
-0.277968662085447 -0.0108694415390747 -0.0396924937979907 0.0242989065825975
-0.19089300039021 -0.252432420170917 0.0156536810348286 0.041677891927997
-0.0032168897314257 -0.359418233994162 0.0351680717964475 0.15522033100189
0.0348037593140239 -0.25218671173514 -0.122560071928658 0.372708670320254
-0.115574734700876 -0.209573774226821 0.0942264428390206 0.206090653991473
-0.197483115258337 -0.0742519673427342 0.0505552189887486 0.0261172079650209
-0.146009416900649 0.0997227415027585 -0.064746130112812 0.0471440948478636
-0.0293448324263174 0.170704194865712 -0.000515915726291342 0.178368806860496
0.0852759102901915 0.144461248656232 0.150830362224563 0.146379844783957
0.141262414447074 0.0892296122883996 0.212020233615165 0.0731939783590567
0.141439303904485 0.0793181328214664 0.211794567018408 0.0483293151119032
0.123680319427762 0.0870864877565899 0.19596802092008 0.0489394121282387
0.100509474793708 0.129080280755645 0.144736191301586 0.0821977377320369
0.0123398184006337 0.157496560786508 0.0626757535171663 0.126485759456491
-0.0961151862406814 0.0950002149098724 -0.0290190976853781 0.0797061797895652
-0.145257884281879 -0.0237381181224421 -0.0211514837289652 0.020057501821828
-0.103281212669823 -0.146385081508245 0.0317319452521159 0.0672635839544295
-0.00547693865299519 -0.222832761549638 0.0275764609537525 0.227007054806505
-0.00546144756290975 -0.107929488405517 -0.132073949378028 0.444797298936769
-0.0640140967462111 -0.0716621361924825 0.103140708428115 0.262986352578869
-0.066986571484276 -0.0172693332698419 0.0606814922232407 0.0500009328466865
-0.0473114661022881 0.0266183470851056 -0.0635372610811075 0.0553843488812046
-0.0238423080772305 0.053770855279041 -0.00488637539484366 0.201122800117639
0.0171967250517634 0.0584552179838711 0.173706651327529 0.180753078462912
0.0549733804897136 0.0511270184456291 0.253207139127605 0.102678870311107
0.055454388094907 0.058447577418723 0.25031746256835 0.0744170372812785
0.0436724777762222 0.0573426934502348 0.221025177320026 0.0808009666311912
0.0177784584000911 0.0642440102299359 0.146810434399174 0.110635090527182
-0.0209409133318402 0.0578862341954078 0.0440028228190156 0.133158313834632
-0.0442629401651463 0.00918896489558169 -0.0425520531383886 0.065844931702737
-0.0275323426683974 -0.0231985168612488 -0.00439216331239378 0.0100603405541458
-0.0264949566039296 -0.0383259442665424 0.0381979303752359 0.0755252849539988
-0.0115866942594214 -0.0741351089013994 0.0210327534727869 0.252477702034609
