TRXV5
3
4
4
9
string Extension=J
integer IsArchMeasurement=1
integer IsSpherical=1
string Generator=SPM
string GeneratorVersion=1.3.1 Dev
double ArchRadius=0.449999988079071
integer FrequencyAxisIndex=0
integer AzimuthAxisIndex=1
integer ElevationAxisIndex=2
Frequency
5 136 690000000 960000000 LIN
Azimuth
7 8 0 2.74889357189107 LIN
Elevation
7 15 -2.74889357189107 2.74889357189107 LIN
Polar H Real Part
13
Polar H Imaginary Part
14
Polar V Real Part
13
Polar V Imaginary Part
14
Polar H Magnitude (dB)
12 0xC0000002 0 1
Polar H Phase
7 0xC0000003 0 1
Polar V Magnitude (dB)
12 0xC0000002 2 3
Polar V Phase
7 0xC0000003 2 3
-0.0182723999023437 0.00906562805175782 0.0244560241699219 0.0123805999755859
0.000487327575683594 0.0170412063598633 0.00851011276245117 0.00795602798461914
0.00764036178588867 0.00519275665283203 0.000563621520996095 0.0113906860351563
0.00709342956542969 6.67572021484375E-06 0.00931167602539062 0.0168342590332031
0.00659894943237305 -0.00377082824707031 0.0182838439941406 0.0117378234863281
0.00408220291137695 -0.00841331481933594 0.0218315124511719 0.00339698791503906
0.00289297103881836 -0.0072174072265625 0.0198974609375 0.000444412231445312
0.0032196044921875 -0.00611591339111328 0.0150175094604492 0.00134181976318359
0.00691938400268555 -0.0073704719543457 0.00823783874511719 0.0038752555847168
0.0107412338256836 -0.000261306762695313 0.000995635986328125 0.00313615798950195
0.00910282135009766 0.00868034362792969 -0.0035853385925293 -0.00612783432006836
0.00110721588134766 0.0123090744018555 0.0039072036743164 -0.013493537902832
-0.0100259780883789 0.00887298583984375 0.0227260589599609 -0.0110054016113281
-0.015681266784668 0.00526332855224609 0.0250072479248047 0.00275230407714844
-0.0235233306884766 -0.00109672546386718 0.00742912292480469 0.00486278533935547
-0.0248565673828125 0.00417327880859375 0.01702880859375 0.0151586532592773
-0.0077047348022461 0.0163497924804688 0.00284004211425781 0.0124025344848633
0.00188636779785156 0.00878334045410156 -0.00119400024414062 0.0162496566772461
0.00492334365844726 0.00590991973876953 0.00871849060058594 0.0202922821044922
0.00771522521972656 0.00198078155517578 0.0176811218261719 0.0148639678955078
0.0085139274597168 -0.00314807891845703 0.0211277008056641 0.00609779357910156
0.00856590270996094 -0.00414752960205078 0.0182685852050781 0.00335121154785156
0.00783205032348633 -0.00341081619262695 0.0125818252563477 0.00393390655517578
0.0118865966796875 -0.00344085693359375 0.00490617752075195 0.00612020492553711
0.0138225555419922 0.00442600250244141 -0.00306224822998047 0.00454092025756836
0.00953292846679687 0.0135927200317383 -0.00754928588867187 -0.00573301315307617
-0.000843048095703123 0.0178947448730469 -0.000595092773437502 -0.014277458190918
-0.0146913528442383 0.0113468170166016 0.0177841186523438 -0.0124225616455078
-0.0220584869384766 0.0038604736328125 0.0170974731445313 0.00111484527587891
-0.0290298461914062 -0.00408744812011719 -0.00137996673583985 0.00314521789550781
-0.0286350250244141 -0.00233078002929687 0.00711250305175781 0.0160245895385742
-0.0165739059448242 0.0124826431274414 -0.00619697570800782 0.0155372619628906
-0.00613498687744141 0.0106325149536133 -0.00516891479492188 0.0217838287353516
0.000255584716796874 0.0119466781616211 0.00713539123535156 0.0242843627929687
0.00691127777099609 0.00885581970214844 0.0160961151123047 0.0167913436889648
0.0122032165527344 0.00295448303222656 0.0194225311279297 0.0082244873046875
0.0129032135009766 -0.000146865844726563 0.0147600173950195 0.00478553771972656
0.0114974975585938 0.00049591064453125 0.008056640625 0.00537776947021484
0.0145463943481445 0.000537872314453125 7.34329223632814E-05 0.00791549682617188
0.0154027938842773 0.00768947601318359 -0.00796747207641601 0.00521278381347656
0.00945091247558594 0.0163211822509766 -0.0128049850463867 -0.00545883178710937
-0.0013580322265625 0.0197162628173828 -0.00514888763427734 -0.014251708984375
-0.0161876678466797 0.0127859115600586 0.0117607116699219 -0.0136919021606445
-0.0236625671386719 0.00337791442871094 0.0076451301574707 0.00116777420043945
-0.0311317443847656 -0.00625038146972656 -0.0115242004394531 0.00149822235107422
-0.0281105041503906 -0.0081787109375 -0.00416660308837891 0.0134201049804688
-0.0218563079833984 0.00629615783691406 -0.0173091888427734 0.0159883499145508
-0.013458251953125 0.0109043121337891 -0.0109062194824219 0.0248470306396484
-0.00469684600830078 0.0163002014160156 0.00371170043945312 0.0261058807373047
0.00556087493896484 0.0142955780029297 0.0123538970947266 0.0168008804321289
0.0134763717651367 0.00885581970214844 0.0146694183349609 0.00877475738525391
0.0153074264526367 0.00425815582275391 0.00879573822021485 0.00576591491699219
0.0125913619995117 0.00388717651367188 0.00201034545898438 0.00604152679443359
0.0149736404418945 0.00411605834960938 -0.00531530380249023 0.00812005996704102
0.0149860382080078 0.00977420806884766 -0.0124340057373047 0.00607681274414063
0.00792884826660156 0.0160512924194336 -0.0165863037109375 -0.0042877197265625
-0.00218009948730469 0.0188541412353516 -0.00872516632080078 -0.0128450393676758
-0.0156011581420898 0.0117855072021484 0.00595474243164062 -0.0118904113769531
-0.0218410491943359 0.0022430419921875 -0.00076723098754883 0.00250506401062012
-0.0287837982177734 -0.00829505920410156 -0.0203742980957031 0.0001983642578125
-0.0233402252197266 -0.0125102996826172 -0.0145683288574219 0.00814151763916015
-0.0218353271484375 1.52587890625002E-05 -0.027496337890625 0.0129280090332031
-0.017146110534668 0.00796127319335937 -0.0176315307617188 0.0255260467529297
-0.00919818878173828 0.0166292190551758 5.7220458984369E-06 0.0252971649169922
0.00238800048828125 0.0164346694946289 0.00848579406738281 0.0147247314453125
0.0116987228393555 0.0127849578857422 0.00923061370849609 0.00685787200927734
0.0146408081054688 0.00786304473876953 0.00242495536804199 0.00428485870361328
0.0115938186645508 0.00633430480957031 -0.00452756881713867 0.00555276870727539
0.0131731033325195 0.00693702697753906 -0.010798454284668 0.00806808471679687
0.0120306015014648 0.0108852386474609 -0.0163898468017578 0.00595569610595703
0.00550556182861328 0.0153350830078125 -0.0191593170166016 -0.00332069396972656
-0.00411605834960938 0.0167827606201172 -0.0107154846191406 -0.0111246109008789
-0.0149879455566406 0.00840854644775391 0.00208759307861328 -0.00882434844970703
-0.0183238983154297 -0.00113677978515625 -0.00801420211791992 0.00507450103759765
-0.0239276885986328 -0.0110721588134766 -0.028656005859375 -0.00134849548339844
-0.0128250122070313 -0.0128860473632813 -0.0203323364257812 0.00222206115722656
-0.0155019760131836 -0.00460910797119141 -0.0328102111816406 0.00774955749511719
-0.0152978897094727 0.00313663482666016 -0.022186279296875 0.0215415954589844
-0.0109157562255859 0.0117130279541016 -0.00433540344238282 0.0216217041015625
-0.00118923187255859 0.013880729675293 0.00425624847412109 0.0114431381225586
0.00720024108886719 0.0133867263793945 0.00339031219482422 0.00410747528076172
0.0104837417602539 0.00949001312255859 -0.00437355041503906 0.0025937557220459
0.00852108001708984 0.00777292251586914 -0.0101404190063477 0.00415897369384766
0.00995826721191406 0.00814533233642578 -0.0148830413818359 0.00681018829345703
0.00832462310791016 0.0115327835083008 -0.0186443328857422 0.00387954711914062
0.0022430419921875 0.0141563415527344 -0.0193653106689453 -0.00410842895507812
-0.00635337829589844 0.0134963989257813 -0.0110015869140625 -0.0100345611572266
-0.014307975769043 0.00363445281982422 -0.00083446502685547 -0.00627708435058594
-0.0138387680053711 -0.00552558898925781 -0.0124082565307617 0.00539112091064453
-0.0156478881835938 -0.0144500732421875 -0.0324840545654297 -0.00436019897460938
-0.00108242034912109 -0.00945281982421875 -0.0230693817138672 -0.00220489501953125
-0.00348043441772461 -0.00560140609741211 -0.0339431762695313 0.00315475463867188
-0.0078878402709961 -0.00218105316162109 -0.02362060546875 0.0183048248291016
-0.00817346572875977 0.00395059585571289 -0.00536060333251953 0.016810417175293
-0.0034785270690918 0.00702524185180664 0.00183773040771484 0.00624990463256836
0.000428199768066406 0.0101165771484375 -0.001800537109375 0.000315189361572266
0.00433158874511719 0.0100069046020508 -0.00956535339355469 0.000150680541992188
0.00392818450927734 0.00846576690673828 -0.0143604278564453 0.00236225128173828
0.00524139404296875 0.00898933410644531 -0.0179214477539062 0.00477409362792969
0.00392436981201172 0.0108413696289063 -0.0205726623535156 0.001861572265625
-0.000894546508789061 0.0118999481201172 -0.0195598602294922 -0.00515937805175782
-0.00865459442138672 0.0103874206542969 -0.0106525421142578 -0.0103120803833008
-0.0141782760620117 -0.000640869140625001 -0.00127458572387695 -0.00657129287719727
-0.00941753387451172 -0.0107421875 -0.0133962631225586 0.00431156158447266
-0.00726318359375 -0.0171852111816406 -0.0341396331787109 -0.00689697265625
0.0101337432861328 -0.00566768646240234 -0.0186805725097656 -0.00429534912109375
0.00764846801757813 -0.00525760650634766 -0.0302047729492187 0.000823974609375
0.00127649307250977 -0.0066680908203125 -0.0222263336181641 0.0150642395019531
-0.00353193283081055 -0.00477504730224609 -0.00549507141113281 0.0145053863525391
-0.00557756423950195 -0.00120115280151367 0.00192928314208984 0.00439357757568359
-0.00620412826538086 0.00490236282348633 -0.00323081016540527 -0.00240826606750488
-0.00237464904785156 0.00864887237548828 -0.0110635757446289 -0.00229930877685547
-0.000929355621337891 0.00751018524169922 -0.0163841247558594 2.28881835937492E-05
0.000168800354003907 0.00804710388183594 -0.0199699401855469 0.00153541564941407
-0.000226020812988282 0.00886440277099609 -0.0214366912841797 -0.00182151794433594
-0.00319576263427734 0.00861167907714844 -0.0192146301269531 -0.00792694091796875
-0.00869178771972656 0.00663280487060547 -0.010162353515625 -0.0119142532348633
-0.0123176574707031 -0.00433921813964843 -0.00251913070678711 -0.00833654403686523
-0.0041961669921875 -0.0133066177368164 -0.0133590698242187 -0.000832557678222655
0.00177574157714844 -0.0179500579833984 -0.0313072204589844 -0.0119895935058594
-0.0173006057739258 0.0121841430664062 0.0280284881591797 0.0137653350830078
0.00361442565917969 0.0189437866210937 0.0107526779174805 0.00862407684326172
0.00994968414306641 0.00429534912109375 0.00178909301757812 0.0119552612304688
0.00837421417236328 -0.00154876708984375 0.0103559494018555 0.0170841217041016
0.00625085830688476 -0.00583267211914063 0.0199642181396484 0.0119762420654297
0.00257587432861328 -0.0108213424682617 0.0236034393310547 0.00287437438964844
0.00136089324951172 -0.00881862640380859 0.0221958160400391 0.000165939331054687
0.0023493766784668 -0.00755834579467773 0.0170965194702148 0.001220703125
0.00611686706542969 -0.00980186462402344 0.0103540420532227 0.00476837158203125
0.0116710662841797 -0.00292873382568359 0.00210952758789063 0.00504159927368164
0.011347770690918 0.00741100311279297 -0.00444746017456055 -0.00463056564331055
0.00339794158935547 0.0133066177368164 0.00303077697753906 -0.0134201049804688
-0.00951385498046875 0.0120964050292969 0.0232830047607422 -0.0131969451904297
-0.0173234939575195 0.00873088836669922 0.0279312133789063 0.0016021728515625
-0.0264301300048828 0.00256538391113281 0.00908946990966797 0.00626373291015625
-0.0255260467529297 0.00742721557617188 0.0202579498291016 0.0178108215332031
-0.00593280792236328 0.0175085067749023 0.00535011291503906 0.0140485763549805
0.00332498550415039 0.00845003128051758 0.000555992126464845 0.0170965194702148
0.00590705871582031 0.00489521026611328 0.0102882385253906 0.0214958190917969
0.00777101516723633 0.000597000122070312 0.0197582244873047 0.0150737762451172
0.00783157348632813 -0.00474309921264648 0.0236339569091797 0.00606918334960938
0.00825834274291992 -0.00526332855224609 0.0215568542480469 0.00336837768554687
0.00795507431030273 -0.00412797927856445 0.015009880065918 0.00428867340087891
0.0116491317749023 -0.00511837005615234 0.00754785537719727 0.00705480575561523
0.0150136947631836 0.00267410278320313 -0.00122308731079102 0.0070652961730957
0.0117855072021484 0.0133533477783203 -0.00878429412841797 -0.00385522842407227
0.00112724304199219 0.0189247131347656 -0.00211906433105469 -0.0137767791748047
-0.015284538269043 0.0145158767700195 0.0175457000732422 -0.0143184661865234
-0.0239677429199219 0.00672721862792969 0.0187835693359375 0.00077056884765625
-0.0326175689697266 -0.00118637084960938 -0.000417232513427737 0.0051727294921875
-0.0304946899414063 -0.000982284545898433 0.00954055786132812 0.0194816589355469
-0.0162563323974609 0.0131626129150391 -0.00408172607421875 0.0185489654541016
-0.00554370880126953 0.0110292434692383 -0.00325202941894531 0.0230884552001953
0.00060749053955078 0.0123414993286133 0.00888442993164062 0.0257930755615234
0.00770807266235352 0.00831413269042969 0.0181922912597656 0.0176887512207031
0.0125799179077148 0.00255393981933594 0.0218372344970703 0.0082244873046875
0.0139026641845703 -0.00084686279296875 0.0176753997802734 0.00524330139160156
0.0116434097290039 0.000195503234863281 0.010563850402832 0.00589084625244141
0.0152187347412109 -0.000550270080566406 0.00231647491455078 0.00928974151611328
0.0170059204101563 0.00699806213378906 -0.00671720504760742 0.00856590270996094
0.0109596252441406 0.0163803100585938 -0.0138349533081055 -0.00301456451416016
-0.000501632690429688 0.0216808319091797 -0.00670623779296875 -0.0129337310791016
-0.0170040130615234 0.0151309967041016 0.0108556747436523 -0.014617919921875
-0.0265712738037109 0.00511741638183594 0.00872182846069336 0.00159406661987305
-0.0350360870361328 -0.00471115112304688 -0.0118026733398438 0.00457096099853515
-0.0304374694824219 -0.00813674926757812 -0.0032958984375 0.0172328948974609
-0.0231990814208984 0.00652885437011719 -0.0160255432128906 0.019683837890625
-0.0143098831176758 0.0121278762817383 -0.00917243957519531 0.0271644592285156
-0.00496387481689453 0.0173616409301758 0.00540351867675781 0.0280017852783203
0.00596141815185547 0.0148820877075195 0.0144519805908203 0.0178813934326172
0.0146627426147461 0.00923919677734375 0.0176868438720703 0.00906753540039062
0.0172290802001953 0.00422191619873047 0.0114269256591797 0.00597858428955078
0.0142717361450195 0.00396633148193359 0.00414657592773438 0.00702667236328125
0.0167884826660156 0.00400066375732422 -0.00311470031738281 0.0101852416992187
0.0162010192871094 0.0101985931396484 -0.0113668441772461 0.00861930847167969
0.00916671752929688 0.0171470642089844 -0.0170574188232422 -0.00168704986572265
-0.00152778625488281 0.0211143493652344 -0.0104427337646484 -0.0110197067260742
-0.0168437957763672 0.0139541625976562 0.00490283966064453 -0.0124502182006836
-0.0251045227050781 0.00281143188476563 -0.000739574432373048 0.00394225120544434
-0.0324916839599609 -0.00823211669921875 -0.0216426849365234 0.00347709655761719
-0.0253849029541016 -0.0137977600097656 -0.0157022476196289 0.0119409561157227
-0.0242099761962891 -0.000730514526367186 -0.0275077819824219 0.0171375274658203
-0.0191135406494141 0.00884437561035156 -0.0164642333984375 0.0282249450683594
-0.0102348327636719 0.0186214447021484 0.00124931335449219 0.0270595550537109
0.00229835510253906 0.0185089111328125 0.0102243423461914 0.0155296325683594
0.0135393142700195 0.0141563415527344 0.010951042175293 0.007843017578125
0.0172243118286133 0.00850391387939453 0.00350475311279297 0.00552845001220703
0.0135297775268555 0.0076141357421875 -0.00271129608154297 0.0067753791809082
0.0154504776000977 0.00768470764160156 -0.00938320159912109 0.0101919174194336
0.0140552520751953 0.0123453140258789 -0.0154390335083008 0.00824451446533203
0.00614547729492187 0.0176601409912109 -0.0195407867431641 -0.00115776062011718
-0.00443458557128906 0.0190677642822266 -0.0116243362426758 -0.00925445556640625
-0.0170783996582031 0.0100975036621094 0.00149917602539063 -0.00854253768920898
-0.0219173431396484 -0.00131988525390625 -0.00790786743164063 0.00732421875
-0.0275745391845703 -0.0121726989746094 -0.0303726196289062 0.00177574157714844
-0.01422119140625 -0.0155858993530273 -0.0225028991699219 0.00537872314453125
-0.0178680419921875 -0.00667762756347656 -0.0343189239501953 0.0115089416503906
-0.0179634094238281 0.00274467468261719 -0.0219326019287109 0.0249786376953125
-0.0131082534790039 0.0137434005737305 -0.00290489196777344 0.0237388610839844
-0.00167083740234375 0.0160245895385742 0.00536632537841797 0.011845588684082
0.00873470306396484 0.0157432556152344 0.00438261032104492 0.00456857681274414
0.0133171081542969 0.0113105773925781 -0.00385475158691406 0.00328969955444336
0.0108804702758789 0.00923633575439453 -0.00926685333251953 0.00526523590087891
0.012516975402832 0.0101165771484375 -0.0146512985229492 0.00808906555175781
0.0103664398193359 0.0137176513671875 -0.0182399749755859 0.00577163696289063
0.002838134765625 0.0162525177001953 -0.0194778442382813 -0.00225257873535156
-0.00715923309326172 0.0164804458618164 -0.011387825012207 -0.0083465576171875
-0.0172395706176758 0.00495719909667969 -0.00088024139404297 -0.00579833984375
-0.0174160003662109 -0.00710582733154297 -0.0129880905151367 0.00719642639160156
-0.0190448760986328 -0.0166473388671875 -0.0352821350097656 -0.00211715698242187
-0.00106239318847656 -0.0130538940429688 -0.0253753662109375 -0.000522613525390621
-0.00463581085205078 -0.00913333892822265 -0.0362434387207031 0.0063018798828125
-0.0101118087768555 -0.00391006469726562 -0.0235443115234375 0.0208969116210938
-0.0110893249511719 0.00443458557128906 -0.00456619262695313 0.0184516906738281
-0.00472164154052734 0.00911521911621094 0.00292873382568359 0.00627613067626953
0.00106430053710937 0.013422966003418 -0.00193524360656738 0.00018906593322754
0.00719547271728516 0.0122499465942383 -0.00999259948730469 0.000813484191894534
0.00654411315917969 0.010350227355957 -0.014613151550293 0.00347518920898438
0.00736427307128906 0.0112943649291992 -0.0182437896728516 0.00592231750488281
0.00560379028320312 0.013615608215332 -0.0207157135009766 0.00330734252929688
-0.000401496887207033 0.0144271850585938 -0.0205574035644531 -0.00419235229492188
-0.00939273834228515 0.0135412216186523 -0.0117244720458984 -0.010167121887207
-0.0170984268188477 0.000159263610839842 -0.00180578231811524 -0.00600719451904297
-0.0128107070922852 -0.0125846862792969 -0.0143527984619141 0.00566482543945312
-0.00989151000976563 -0.0203628540039062 -0.0372085571289063 -0.0057373046875
0.0111484527587891 -0.00970172882080078 -0.0216007232666016 -0.00387382507324218
0.00769233703613281 -0.0093088150024414 -0.0326576232910156 0.00270271301269532
1.95503234863275E-05 -0.00877904891967773 -0.0223236083984375 0.0174922943115234
-0.00615787506103516 -0.00534772872924805 -0.00426864624023437 0.0147695541381836
-0.00713348388671875 0.00025653839111328 0.00227046012878418 0.00324606895446777
-0.00579690933227539 0.00835132598876953 -0.00394177436828613 -0.00340485572814941
-0.000463485717773438 0.010899543762207 -0.0124673843383789 -0.00286006927490234
0.000914573669433594 0.00992012023925781 -0.0181961059570313 0.000547409057617192
0.00218391418457031 0.00979518890380859 -0.0212764739990234 0.0023956298828125
0.00118923187255859 0.0111322402954102 -0.0221519470214844 -0.00128746032714844
-0.00301361083984375 0.011138916015625 -0.0208072662353516 -0.00743675231933594
-0.0097808837890625 0.00927352905273438 -0.0110616683959961 -0.0114994049072266
-0.0149650573730469 -0.00352287292480469 -0.00322341918945313 -0.00777626037597656
-0.00722217559814453 -0.0154752731323242 -0.0149059295654297 -0.000227928161621096
5.53131103515611E-05 -0.0216312408447266 -0.034942626953125 -0.0122756958007813
-0.0158529281616211 0.0157766342163086 0.031494140625 0.01409912109375
0.00711822509765625 0.0192813873291016 0.0132770538330078 0.00881481170654297
0.0118732452392578 0.00277900695800781 0.00273799896240234 0.0112285614013672
0.0087590217590332 -0.00410175323486328 0.0112447738647461 0.0170469284057617
0.00512266159057617 -0.00763511657714844 0.0208492279052734 0.0119819641113281
0.000244140625 -0.0115528106689453 0.0243930816650391 0.00238418579101562
-0.00036334991455078 -0.00929927825927734 0.0240345001220703 -0.000650405883789063
0.0010228157043457 -0.00804948806762695 0.0190486907958984 0.000677108764648437
0.00443935394287109 -0.0111560821533203 0.0121431350708008 0.00493812561035156
0.0112409591674805 -0.00524806976318359 0.00420856475830078 0.00660324096679687
0.0130481719970703 0.00551033020019531 -0.00429296493530273 -0.00303435325622559
0.00628089904785156 0.0131235122680664 0.00175666809082031 -0.0129165649414063
-0.00801372528076172 0.0146884918212891 0.0225353240966797 -0.0149364471435547
-0.0171070098876953 0.0125236511230469 0.0294857025146484 -0.000205993652343749
-0.0269889831542969 0.00713157653808594 0.0112495422363281 0.00746822357177734
-0.0247974395751953 0.00970840454101562 0.0238094329833984 0.0197372436523438
-0.00395011901855469 0.0183753967285156 0.00787734985351563 0.015049934387207
0.00442314147949219 0.0073699951171875 0.00190448760986328 0.0174846649169922
0.00586318969726563 0.00361108779907227 0.0115184783935547 0.0214042663574219
0.00686216354370117 -0.000657558441162109 0.0212211608886719 0.0150413513183594
0.00665426254272461 -0.00579214096069336 0.0254878997802734 0.00570297241210937
0.00729084014892578 -0.00605392456054688 0.0236854553222656 0.00253868103027344
0.00738430023193359 -0.00480937957763672 0.0177059173583984 0.00370407104492188
0.0107212066650391 -0.00616073608398438 0.0102090835571289 0.00756263732910156
0.0154876708984375 0.00116920471191406 0.000732421875000002 0.00910472869873047
0.0135097503662109 0.0124006271362305 -0.00823640823364258 -0.00165557861328125
0.00332260131835938 0.0196037292480469 -0.00299835205078125 -0.0121335983276367
-0.013920783996582 0.0168590545654297 0.0160245895385742 -0.0153207778930664
-0.0256481170654297 0.00983047485351563 0.0201530456542969 0.000108718872070313
-0.0343875885009766 0.00256538391113281 0.00118303298950195 0.00779199600219727
-0.0313873291015625 0.00105094909667968 0.0125656127929687 0.0220241546630859
-0.0160722732543945 0.01458740234375 -0.00120925903320313 0.0198726654052734
-0.0053253173828125 0.0108308792114258 -0.0010833740234375 0.0235996246337891
0.00102710723876953 0.0121822357177734 0.0104656219482422 0.0262622833251953
0.00763463973999023 0.00791358947753906 0.0201988220214844 0.0177230834960938
0.0126962661743164 0.00144386291503906 0.0244655609130859 0.00796318054199219
0.0138187408447266 -0.00149917602539063 0.0198230743408203 0.00491523742675781
0.0125141143798828 -0.000467300415039062 0.0132465362548828 0.0059661865234375
0.0159130096435547 -0.000975608825683594 0.00520515441894531 0.010096549987793
0.0180740356445313 0.00629997253417969 -0.00410270690917969 0.0103788375854492
0.01251220703125 0.0166559219360352 -0.0129337310791016 -0.000178337097167969
0.00115203857421875 0.0228767395019531 -0.00792503356933594 -0.0110492706298828
-0.0171070098876953 0.0177459716796875 0.00956439971923828 -0.0146713256835938
-0.0284938812255859 0.00785446166992187 0.00988578796386719 0.00181102752685547
-0.0373573303222656 -0.00193786621093751 -0.0110921859741211 0.00722312927246094
-0.0326309204101563 -0.00802421569824219 -0.00137138366699219 0.0208740234375
-0.0244617462158203 0.00727462768554688 -0.0137405395507813 0.0227279663085938
-0.0149049758911133 0.0124092102050781 -0.00674629211425782 0.0283870697021484
-0.0050048828125 0.018646240234375 0.00744247436523437 0.0287685394287109
0.00644397735595703 0.0155439376831055 0.0166778564453125 0.0182037353515625
0.0157623291015625 0.00926494598388672 0.0201492309570313 0.00879859924316406
0.0182304382324219 0.00362396240234375 0.0136241912841797 0.00603294372558594
0.0154523849487305 0.00427818298339844 0.00655031204223633 0.00732994079589844
0.0180168151855469 0.00386619567871094 -0.000712394714355467 0.0111312866210937
0.0184707641601563 0.0105419158935547 -0.00858879089355469 0.0105819702148438
0.0103473663330078 0.0182437896728516 -0.0160350799560547 0.000961303710937503
-0.000621795654296873 0.0230197906494141 -0.0112791061401367 -0.00876045227050781
-0.0177898406982422 0.0158824920654297 0.00384712219238281 -0.0117368698120117
-0.0278549194335938 0.00431632995605468 0.000739574432373045 0.00520658493041992
-0.0355339050292969 -0.00667572021484375 -0.0213413238525391 0.00698280334472657
-0.0280933380126953 -0.0148754119873047 -0.0146293640136719 0.0158004760742187
-0.0268363952636719 -0.00108146667480468 -0.0257320404052734 0.0206451416015625
-0.0212726593017578 0.00965309143066406 -0.0142993927001953 0.0300731658935547
-0.0110607147216797 0.0206069946289062 0.00334930419921875 0.0283603668212891
0.00319290161132813 0.0198783874511719 0.0116996765136719 0.0159387588500977
0.0152673721313477 0.0150461196899414 0.0131769180297852 0.00737094879150391
0.0192604064941406 0.00862503051757813 0.00546503067016602 0.00515556335449219
0.0160131454467773 0.00786209106445313 -0.00134563446044922 0.00725078582763672
0.0180168151855469 0.00839424133300781 -0.00682830810546875 0.0110549926757813
0.0161924362182617 0.0132284164428711 -0.0131168365478516 0.0103740692138672
0.00780105590820312 0.0188350677490234 -0.0181999206542969 0.00138092041015625
-0.00382423400878906 0.02154541015625 -0.0118656158447266 -0.00768756866455078
-0.0189285278320313 0.0120716094970703 0.00104475021362305 -0.00769758224487305
-0.0250835418701172 -0.00115966796875 -0.00677347183227539 0.00877571105957031
-0.0310955047607422 -0.0122795104980469 -0.0308818817138672 0.00551033020019531
-0.0168495178222656 -0.0181903839111328 -0.023223876953125 0.00860404968261718
-0.0212116241455078 -0.00849342346191406 -0.0342044830322266 0.0150871276855469
-0.0208606719970703 0.00309371948242187 -0.0199756622314453 0.0272254943847656
-0.0143585205078125 0.0158252716064453 -0.00188827514648438 0.0245609283447266
-0.00138092041015625 0.0185890197753906 0.00694179534912109 0.0118083953857422
0.0107250213623047 0.0175933837890625 0.00520706176757813 0.00473260879516602
0.0163125991821289 0.0119132995605469 -0.00281906127929687 0.00351262092590332
0.0137224197387695 0.0100841522216797 -0.00853300094604492 0.00566911697387695
0.0151519775390625 0.0109338760375977 -0.0128793716430664 0.00888156890869141
0.0128555297851563 0.0150222778320313 -0.0168905258178711 0.00706863403320313
0.00415229797363281 0.0189170837402344 -0.0189323425292969 -0.000568389892578122
-0.00716400146484375 0.0193138122558594 -0.0115785598754883 -0.00707721710205078
-0.0192356109619141 0.00696563720703125 -0.00114774703979492 -0.00487470626831055
-0.0217704772949219 -0.00745582580566406 -0.0124120712280273 0.0091390609741211
-0.0228996276855469 -0.0179824829101563 -0.0361213684082031 0.000621795654296874
-0.00287151336669922 -0.0174779891967773 -0.0276260375976563 0.00142860412597656
-0.00775527954101562 -0.0119171142578125 -0.0375633239746094 0.009490966796875
-0.0134391784667969 -0.00448226928710938 -0.0225715637207031 0.0235671997070313
-0.013148307800293 0.00647735595703125 -0.00399208068847656 0.0193595886230469
-0.0055837631225586 0.0116100311279297 0.00279521942138672 0.00605869293212891
0.00354766845703125 0.0158967971801758 -0.00173139572143555 0.000162720680236817
0.010101318359375 0.0133352279663086 -0.0103654861450195 0.000867843627929687
0.00904464721679688 0.0115690231323242 -0.0153207778930664 0.00418758392333984
0.0105934143066406 0.0121183395385742 -0.0178470611572266 0.00695610046386719
0.00825977325439453 0.0152873992919922 -0.0200080871582031 0.00428009033203125
0.00134563446044922 0.0171051025390625 -0.0201606750488281 -0.00293159484863281
-0.00925731658935547 0.0165176391601563 -0.0116672515869141 -0.008819580078125
-0.0197219848632812 0.00259971618652344 -0.00203180313110352 -0.00527811050415039
-0.0169258117675781 -0.0136137008666992 -0.0149383544921875 0.00749301910400391
-0.0136375427246094 -0.0226211547851563 -0.0391349792480469 -0.00400924682617188
0.0110616683959961 -0.0136852264404297 -0.0240840911865234 -0.00322532653808593
0.00619316101074219 -0.0132513046264648 -0.0342140197753906 0.00463294982910156
-0.00242233276367187 -0.0102081298828125 -0.0208721160888672 0.0194511413574219
-0.00894451141357422 -0.00460433959960937 -0.00361251831054688 0.0148754119873047
-0.00879669189453125 0.00252342224121094 0.00242424011230469 0.00249934196472168
-0.00452899932861328 0.010828971862793 -0.0045166015625 -0.00385951995849609
0.00214576721191406 0.0127677917480469 -0.014286994934082 -0.00255584716796875
0.00341892242431641 0.010624885559082 -0.0193748474121094 0.00100326538085938
0.00446224212646485 0.0110445022583008 -0.0218887329101563 0.00327873229980468
0.00373172760009765 0.0126791000366211 -0.0224475860595703 -0.000514984130859379
-0.00153446197509766 0.0132560729980469 -0.0209064483642578 -0.00690078735351563
-0.00973415374755859 0.0122900009155273 -0.0115823745727539 -0.0111856460571289
-0.0174980163574219 -0.00158500671386719 -0.00336217880249024 -0.00767374038696289
-0.0106868743896484 -0.0166568756103516 -0.0164060592651367 0.000851631164550778
-0.00323104858398438 -0.02447509765625 -0.0374946594238281 -0.0113563537597656
-0.0132732391357422 0.017608642578125 0.0342388153076172 0.014068603515625
0.00959014892578125 0.0185909271240234 0.0157012939453125 0.00790977478027344
0.0128879547119141 0.000535011291503906 0.00368499755859375 0.0107288360595703
0.00826644897460938 -0.00622081756591797 0.0114669799804688 0.0170001983642578
0.00358676910400391 -0.00908756256103516 0.0217857360839844 0.0117511749267578
-0.00226593017578125 -0.0117053985595703 0.0256099700927734 0.00238800048828125
-0.002532958984375 -0.0091705322265625 0.025726318359375 -0.00121307373046875
-0.00077962875366211 -0.00807380676269531 0.02020263671875 0.000232696533203125
0.00191783905029297 -0.0118255615234375 0.0145683288574219 0.00493240356445312
0.0102863311767578 -0.00717639923095703 0.00599050521850586 0.00711536407470703
0.0137653350830078 0.00331592559814453 -0.00333452224731445 -0.00112080574035644
0.0084075927734375 0.0122709274291992 0.00105094909667969 -0.011509895324707
-0.00559711456298828 0.0161848068237305 0.0210170745849609 -0.015777587890625
-0.0160961151123047 0.0158090591430664 0.0307064056396484 -0.00208091735839844
-0.0265941619873047 0.0109233856201172 0.0138874053955078 0.00788021087646484
-0.0233631134033203 0.0115852355957031 0.0277671813964844 0.0204486846923828
-0.00223541259765625 0.0179519653320313 0.0110015869140625 0.0149221420288086
0.00518989562988281 0.00599861145019531 0.00324249267578125 0.0168838500976563
0.00548410415649414 0.00250148773193359 0.0125293731689453 0.0217704772949219
0.00615024566650391 -0.00152349472045898 0.0228004455566406 0.0151920318603516
0.00496912002563477 -0.00598621368408203 0.0271778106689453 0.00556564331054688
0.00639200210571289 -0.00610256195068359 0.0256233215332031 0.0017852783203125
0.00663089752197266 -0.00487375259399414 0.0199928283691406 0.0031280517578125
0.0100917816162109 -0.0066986083984375 0.0126771926879883 0.00778102874755859
0.0154399871826172 -0.000245094299316406 0.00355052947998047 0.00975513458251953
0.0149145126342773 0.0113391876220703 -0.00684881210327148 0.000773429870605468
0.0049591064453125 0.0199069976806641 -0.00321769714355469 -0.0102272033691406
-0.0132637023925781 0.0186843872070313 0.0150146484375 -0.0159311294555664
-0.02532958984375 0.0131034851074219 0.0218391418457031 -0.000434875488281249
-0.0350112915039063 0.00589561462402344 0.00358772277832031 0.00952339172363281
-0.0312919616699219 0.002197265625 0.0162944793701172 0.0241928100585938
-0.0158071517944336 0.0144882202148437 0.00196075439453125 0.0205211639404297
-0.00526523590087891 0.0107917785644531 0.000509262084960938 0.0232887268066406
0.000772476196289062 0.0117559432983398 0.011627197265625 0.0263519287109375
0.00738716125488281 0.00779485702514648 0.0217018127441406 0.0177383422851563
0.0123109817504883 0.00135231018066406 0.0262928009033203 0.00730705261230469
0.0143203735351562 -0.00173759460449219 0.0227146148681641 0.00381851196289063
0.0130472183227539 -0.000562667846679688 0.0157079696655273 0.00519657135009766
0.0158214569091797 -0.00134086608886719 0.00811958312988281 0.0102519989013672
0.0184860229492188 0.0055999755859375 -0.00120449066162109 0.0115728378295898
0.0141010284423828 0.016510009765625 -0.0112123489379883 0.00229072570800781
0.00273895263671875 0.0235214233398438 -0.00767993927001953 -0.0085906982421875
-0.0167026519775391 0.0196475982666016 0.00889682769775391 -0.0139379501342773
-0.0294570922851562 0.0102939605712891 0.0110416412353516 0.00253486633300781
-0.0390129089355469 0.000591278076171867 -0.00871562957763672 0.00999736785888672
-0.0342864990234375 -0.00762748718261718 0.001373291015625 0.023590087890625
-0.0260257720947266 0.00752639770507813 -0.0109195709228516 0.0240097045898438
-0.0156173706054688 0.0130462646484375 -0.00507164001464844 0.0285453796386719
-0.00528144836425781 0.0199737548828125 0.0088348388671875 0.0290126800537109
0.00633049011230469 0.0162734985351563 0.0183906555175781 0.0182781219482422
0.0165567398071289 0.0092611312866211 0.0219707489013672 0.00868034362792969
0.0196075439453125 0.00358009338378906 0.0156211853027344 0.00525379180908203
0.0168943405151367 0.00427436828613281 0.00889396667480469 0.00663471221923828
0.0195636749267578 0.00376129150390625 0.00209903717041016 0.0111074447631836
0.0196800231933594 0.0104236602783203 -0.00597572326660156 0.0117902755737305
0.0123615264892578 0.0191860198974609 -0.0141410827636719 0.00290775299072266
0.000164031982421872 0.0244998931884766 -0.0103187561035156 -0.00687885284423828
-0.0185527801513672 0.0178565979003906 0.00374794006347656 -0.0108194351196289
-0.0299587249755859 0.00614547729492188 0.00200748443603515 0.00617170333862305
-0.0383529663085938 -0.00484085083007812 -0.0199985504150391 0.0098114013671875
-0.0305023193359375 -0.0157432556152344 -0.01287841796875 0.0188102722167969
-0.0295085906982422 -0.000928878784179683 -0.0240631103515625 0.0229682922363281
-0.0227012634277344 0.0106239318847656 -0.0120162963867188 0.0305976867675781
-0.0116825103759766 0.0222587585449219 0.00444984436035156 0.0283527374267578
0.00390434265136719 0.0213546752929687 0.01318359375 0.0159730911254883
0.0172691345214844 0.0161285400390625 0.0143241882324219 0.00695323944091797
0.021728515625 0.0080413818359375 0.00680208206176758 0.00494956970214844
0.0183506011962891 0.00790977478027344 0.000505447387695313 0.00721836090087891
0.0202674865722656 0.00848770141601563 -0.00474739074707031 0.0109643936157227
0.0187282562255859 0.0139980316162109 -0.0103216171264648 0.0104007720947266
0.00936698913574219 0.0207939147949219 -0.0164699554443359 0.00286197662353515
-0.00302314758300781 0.0239162445068359 -0.0113534927368164 -0.00582122802734375
-0.0199146270751953 0.0135936737060547 0.00111675262451172 -0.00690603256225586
-0.0280628204345703 6.29425048828165E-05 -0.00564193725585938 0.0106325149536133
-0.0339775085449219 -0.0116481781005859 -0.0297374725341797 0.00822257995605469
-0.0201759338378906 -0.020416259765625 -0.0230751037597656 0.0113468170166016
-0.0247287750244141 -0.00922775268554687 -0.0334892272949219 0.01800537109375
-0.0231571197509766 0.00445175170898437 -0.0182399749755859 0.0279769897460937
-0.0155601501464844 0.0181369781494141 -0.000726699829101562 0.0246067047119141
-0.000936508178710939 0.0209140777587891 0.00721359252929688 0.0115375518798828
0.013275146484375 0.0186805725097656 0.00629949569702149 0.00434255599975586
0.0191745758056641 0.0117511749267578 -0.00214338302612305 0.00373935699462891
0.0164918899536133 0.0103654861450195 -0.00777149200439453 0.00613737106323242
0.0181961059570313 0.0114860534667969 -0.0116672515869141 0.00892257690429687
0.0158786773681641 0.0160093307495117 -0.0150241851806641 0.00730037689208985
0.00565147399902344 0.0208034515380859 -0.0174074172973633 0.000144958496093749
-0.0064239501953125 0.0219631195068359 -0.0106134414672852 -0.00594711303710937
-0.0212173461914063 0.00898170471191406 -0.000673770904541017 -0.00402426719665527
-0.0250473022460938 -0.00675392150878907 -0.0111932754516602 0.0108633041381836
-0.0269260406494141 -0.0184211730957031 -0.0365219116210938 0.00358963012695312
-0.00529861450195313 -0.0201644897460938 -0.0287761688232422 0.00404548645019531
-0.011439323425293 -0.0145597457885742 -0.0377311706542969 0.0117301940917969
-0.0161685943603516 -0.00411701202392578 -0.0206680297851563 0.0247535705566406
-0.0150861740112305 0.00842571258544922 -0.00285720825195313 0.0189838409423828
-0.00541400909423828 0.0144748687744141 0.00343227386474609 0.00598001480102539
0.00593185424804688 0.0176639556884766 -0.00141227245330811 -8.94069671630724E-06
0.01300048828125 0.0134849548339844 -0.0106315612792969 0.0013580322265625
0.0120935440063477 0.0114345550537109 -0.0153675079345703 0.00513076782226563
0.013676643371582 0.0130462646484375 -0.0179328918457031 0.00705146789550782
0.0112953186035156 0.0160465240478516 -0.0192699432373047 0.00419425964355469
0.00303077697753906 0.018829345703125 -0.0194206237792969 -0.00240516662597656
-0.00858688354492188 0.0194492340087891 -0.0110235214233398 -0.00806331634521484
-0.0217361450195313 0.00441169738769532 -0.001495361328125 -0.00462245941162109
-0.0211830139160156 -0.0131282806396484 -0.0143671035766602 0.00884723663330078
-0.0181560516357422 -0.0239753723144531 -0.0399894714355469 -0.00230026245117188
0.00983142852783203 -0.0171575546264648 -0.025665283203125 -0.0023193359375
0.00366115570068359 -0.015925407409668 -0.0350856781005859 0.00646018981933594
-0.00519847869873047 -0.010981559753418 -0.0195426940917969 0.0202808380126953
-0.0113630294799805 -0.00318717956542969 -0.00267410278320313 0.0143852233886719
-0.00911998748779297 0.00526523590087891 0.00182020664215088 0.00158238410949707
-0.00263118743896484 0.0126209259033203 -0.00593423843383789 -0.00418806076049805
0.00509548187255859 0.0130157470703125 -0.015568733215332 -0.00214481353759765
0.00593376159667969 0.0107364654541016 -0.0205135345458984 0.00179862976074219
0.00746536254882812 0.0118436813354492 -0.0229778289794922 0.00361442565917969
0.00639533996582031 0.0137567520141602 -0.0224227905273437 -0.000539779663085935
0.000163078308105467 0.0152263641357422 -0.0207271575927734 -0.00656509399414062
-0.00877857208251953 0.0148191452026367 -0.011113166809082 -0.0104007720947266
-0.0189018249511719 0.000526428222656249 -0.00350141525268555 -0.00699996948242188
-0.0147771835327148 -0.0167417526245117 -0.0173273086547852 0.00193500518798828
-0.00689506530761719 -0.0264396667480469 -0.0395088195800781 -0.0106086730957031
-0.0102424621582031 0.0190505981445313 0.0375747680664062 0.01397705078125
0.0123929977416992 0.0175256729125977 0.0173196792602539 0.00710773468017578
0.0135354995727539 -0.001434326171875 0.00407886505126953 0.0104656219482422
0.0078129768371582 -0.00763416290283203 0.0120010375976563 0.0177383422851563
0.00208950042724609 -0.00960636138916016 0.0219669342041016 0.0121803283691406
-0.00447368621826172 -0.0112743377685547 0.0267982482910156 0.00249862670898437
-0.00401401519775391 -0.00898361206054688 0.0272464752197266 -0.0019378662109375
-0.002471923828125 -0.00829410552978515 0.0223674774169922 -0.000682830810546876
-7.05718994140634E-05 -0.0116596221923828 0.0172224044799805 0.00415515899658203
0.00889110565185547 -0.00847816467285156 0.00839853286743164 0.00734281539916992
0.0141067504882813 0.00138187408447266 -0.00233697891235351 0.000267982482910157
0.00994110107421875 0.0109777450561523 0.00155353546142578 -0.0104513168334961
-0.00353527069091797 0.0173377990722656 0.0208034515380859 -0.0160369873046875
-0.0149478912353516 0.0186595916748047 0.0321731567382812 -0.002899169921875
-0.0252647399902344 0.0144023895263672 0.0171136856079102 0.00842857360839844
-0.0228843688964844 0.0123138427734375 0.0308341979980469 0.0210819244384766
-0.0012969970703125 0.0176277160644531 0.013392448425293 0.0145549774169922
0.00506448745727539 0.00505447387695313 0.00417900085449219 0.0164070129394531
0.00452566146850586 0.00197076797485352 0.0126075744628906 0.0223522186279297
0.00482368469238281 -0.0012822151184082 0.0238685607910156 0.0158939361572266
0.00398159027099609 -0.00574111938476563 0.0287799835205078 0.0050048828125
0.00578069686889649 -0.0055994987487793 0.0281658172607422 0.000947952270507812
0.00607490539550781 -0.00441837310791016 0.0224323272705078 0.00211143493652344
0.00961112976074219 -0.0070648193359375 0.0154237747192383 0.0071563720703125
0.0154447555541992 -0.000739097595214844 0.0059814453125 0.0103321075439453
0.0156841278076172 0.0103483200073242 -0.00520706176757813 0.00240516662597656
0.00656890869140625 0.0196552276611328 -0.00291013717651367 -0.00851106643676758
-0.0119876861572266 0.0202884674072266 0.0147085189819336 -0.0154943466186523
-0.0254154205322266 0.0161151885986328 0.0237102508544922 -0.000553131103515624
-0.0355186462402344 0.00846481323242187 0.00623035430908203 0.0109176635742188
-0.0321693420410156 0.00294685363769531 0.0194625854492187 0.0256481170654297
-0.0154743194580078 0.0149030685424805 0.00442886352539062 0.0204296112060547
-0.00602245330810547 0.0102405548095703 0.00156402587890625 0.0230579376220703
0.000321388244628907 0.0122861862182617 0.0123519897460938 0.0270004272460938
0.00700616836547852 0.00860500335693359 0.0234184265136719 0.0183238983154297
0.0116310119628906 0.00216197967529297 0.0284500122070313 0.0069122314453125
0.0142984390258789 -0.00136661529541016 0.0251197814941406 0.00314521789550781
0.0134801864624023 -0.000484466552734375 0.0181407928466797 0.00426673889160156
0.0165615081787109 -0.00115108489990234 0.011286735534668 0.00949764251708984
0.01959228515625 0.00554847717285156 0.00195026397705078 0.0119428634643555
0.0150899887084961 0.0165128707885742 -0.00909709930419922 0.0036773681640625
0.00401878356933594 0.0242481231689453 -0.00677633285522461 -0.00645589828491211
-0.0165309906005859 0.0212421417236328 0.00901985168457031 -0.0134859085083008
-0.0314540863037109 0.0126724243164062 0.0131807327270508 0.00314521789550781
-0.0409698486328125 0.00270080566406251 -0.00644016265869141 0.0115699768066406
-0.0368919372558594 -0.00746536254882813 0.00465202331542968 0.0257167816162109
-0.0279827117919922 0.00809288024902344 -0.00836181640625 0.0250606536865234
-0.017085075378418 0.0134696960449219 -0.00363349914550781 0.0289115905761719
-0.00581169128417969 0.0210838317871094 0.00980377197265625 0.0296096801757813
0.00702857971191406 0.0178737640380859 0.0196437835693359 0.0187969207763672
0.0178852081298828 0.0100784301757813 0.0240840911865234 0.00795745849609375
0.0212287902832031 0.00274658203125 0.0182056427001953 0.00459480285644531
0.0186920166015625 0.00430679321289063 0.0111885070800781 0.00560474395751953
0.0212268829345703 0.00435638427734375 0.00465202331542969 0.0105762481689453
0.0213603973388672 0.0109748840332031 -0.00295448303222656 0.011744499206543
0.0135402679443359 0.0205211639404297 -0.0120553970336914 0.00424098968505859
0.00124931335449219 0.0263423919677734 -0.00937366485595703 -0.00537586212158203
-0.0190925598144531 0.0194664001464844 0.00410556793212891 -0.0100364685058594
-0.0329627990722656 0.00801467895507813 0.00323390960693359 0.007049560546875
-0.041259765625 -0.00411224365234375 -0.0178604125976563 0.0122299194335938
-0.0338230133056641 -0.0160961151123047 -0.0116939544677734 0.0213794708251953
-0.0324802398681641 -0.000564575195312494 -0.0222244262695313 0.0244026184082031
-0.02520751953125 0.0121994018554688 -0.0105819702148437 0.0305423736572266
-0.011688232421875 0.0249309539794922 0.00492477416992188 0.0288562774658203
0.00423622131347656 0.0233306884765625 0.0140714645385742 0.0161628723144531
0.0195827484130859 0.0169219970703125 0.0158576965332031 0.00600051879882813
0.0239830017089844 0.00774765014648438 0.00840854644775391 0.00447702407836914
0.0203170776367188 0.00830459594726563 0.00199317932128906 0.00613546371459961
0.0230312347412109 0.00836372375488281 -0.00294399261474609 0.0101490020751953
0.0211544036865234 0.0148124694824219 -0.00818538665771484 0.0101222991943359
0.0110549926757812 0.0227375030517578 -0.0139036178588867 0.00358009338378906
-0.00210189819335937 0.0263156890869141 -0.00994586944580078 -0.00473213195800781
-0.0214920043945313 0.0159893035888672 0.00260257720947266 -0.00658321380615234
-0.0317211151123047 0.00172424316406249 -0.00403881072998047 0.0115146636962891
-0.0375900268554687 -0.0112876892089844 -0.0282516479492188 0.0103664398193359
-0.0232563018798828 -0.0218162536621094 -0.0233154296875 0.0140190124511719
-0.0284061431884766 -0.00937080383300781 -0.0329208374023438 0.0196952819824219
-0.0261135101318359 0.00505447387695312 -0.01678466796875 0.0288810729980469
-0.0163669586181641 0.0208644866943359 0.000381469726562497 0.0247745513916016
-0.000347137451171873 0.0233268737792969 0.00788688659667969 0.0117282867431641
0.0160083770751953 0.0201263427734375 0.00733566284179688 0.00409698486328125
0.0220851898193359 0.0115165710449219 -0.00162243843078613 0.00355100631713867
0.0191936492919922 0.0104942321777344 -0.007232666015625 0.00575780868530274
0.02142333984375 0.0114974975585938 -0.0111427307128906 0.00857257843017578
0.0188732147216797 0.0167217254638672 -0.0138587951660156 0.00730228424072266
0.00794601440429687 0.0228118896484375 -0.0165281295776367 0.000451087951660155
-0.00566864013671875 0.0246829986572266 -0.00915050506591797 -0.00546550750732422
-0.0231781005859375 0.0115451812744141 0.000410318374633788 -0.00383853912353516
-0.0292453765869141 -0.00575637817382813 -0.010767936706543 0.0118694305419922
-0.0308113098144531 -0.0188236236572266 -0.0363616943359375 0.00514602661132812
-0.00821495056152344 -0.0228023529052734 -0.0295619964599609 0.00629997253417969
-0.0156974792480469 -0.0159749984741211 -0.037872314453125 0.0135040283203125
-0.0189208984375 -0.0037689208984375 -0.0195636749267578 0.0248584747314453
-0.0171403884887695 0.0106096267700195 -0.0026702880859375 0.0190658569335938
-0.00506401062011719 0.0173244476318359 0.00287532806396484 0.00549125671386719
0.0085296630859375 0.0191287994384766 -0.00171434879302978 -0.000565648078918456
0.0159893035888672 0.0136747360229492 -0.0113372802734375 0.00141716003417969
0.0149497985839844 0.0116081237792969 -0.0153160095214844 0.00556850433349609
0.017085075378418 0.0130138397216797 -0.0179367065429688 0.00704383850097656
0.014613151550293 0.0159263610839844 -0.0185565948486328 0.00412559509277344
0.00509834289550781 0.0208625793457031 -0.0192127227783203 -0.00264930725097656
-0.00789070129394531 0.0219135284423828 -0.0101680755615234 -0.00812721252441406
-0.0227718353271484 0.00688171386718751 -0.000713825225830079 -0.00462961196899414
-0.0251579284667969 -0.0125713348388672 -0.0147562026977539 0.00950145721435547
-0.0214900970458984 -0.0242595672607422 -0.0406761169433594 -0.000946044921874999
0.00796890258789063 -0.0203990936279297 -0.0286388397216797 -0.000926971435546873
0.000444412231445312 -0.0182514190673828 -0.0364456176757813 0.00762176513671875
-0.00797367095947266 -0.0115671157836914 -0.0193691253662109 0.0205078125
-0.0129156112670898 -0.00154590606689453 -0.003265380859375 0.0134563446044922
-0.00902462005615234 0.00748443603515625 0.00101989507675171 0.000641942024230957
-0.000110626220703124 0.0147476196289062 -0.00692081451416016 -0.00453376770019531
0.00771045684814453 0.0129384994506836 -0.0170707702636719 -0.00111293792724609
0.00810050964355469 0.0105209350585938 -0.0215644836425781 0.00295257568359375
0.0101613998413086 0.0115060806274414 -0.0235023498535156 0.00414276123046875
0.00921916961669922 0.0139322280883789 -0.0239791870117187 -0.000682830810546878
0.00210094451904297 0.0163888931274414 -0.0210151672363281 -0.00655555725097656
-0.00803089141845703 0.0169849395751953 -0.0111808776855469 -0.0108070373535156
-0.0205039978027344 0.00286102294921875 -0.003021240234375 -0.00736570358276367
-0.018341064453125 -0.0160350799560547 -0.0181694030761719 0.00308990478515625
-0.0101795196533203 -0.0271739959716797 -0.0418434143066406 -0.0104560852050781
-0.0091705322265625 0.0196914672851562 0.040985107421875 0.0140037536621094
0.0147676467895508 0.0167942047119141 0.0193099975585937 0.00555038452148438
0.0136032104492187 -0.00284576416015625 0.00419139862060547 0.0103054046630859
0.00648832321166992 -0.00875186920166016 0.0124378204345703 0.019073486328125
0.000667572021484375 -0.0100250244140625 0.0237789154052734 0.0135421752929688
-0.0066375732421875 -0.011225700378418 0.0294265747070313 0.00282669067382812
-0.00535821914672851 -0.00797033309936523 0.0296878814697266 -0.00264549255371094
-0.00340080261230469 -0.00764083862304688 0.0252761840820313 -0.00203895568847656
-0.00146007537841797 -0.0118856430053711 0.0196723937988281 0.00363540649414062
0.00752067565917969 -0.00940608978271484 0.010533332824707 0.00719928741455078
0.0145492553710937 -0.00032806396484375 -0.000604987144470214 0.00149285793304443
0.0110635757446289 0.00986671447753906 0.00188255310058594 -0.00899791717529297
-0.00135612487792969 0.0180606842041016 0.0210666656494141 -0.0161571502685547
-0.0133533477783203 0.0215511322021484 0.0347023010253906 -0.00319480895996094
-0.0244102478027344 0.0174980163574219 0.0200157165527344 0.00836563110351563
-0.0227851867675781 0.0132637023925781 0.0346469879150391 0.021881103515625
0.000114440917968751 0.0173587799072266 0.0154237747192383 0.0135717391967773
0.00494050979614258 0.00370597839355469 0.00466823577880859 0.0165443420410156
0.00361466407775879 0.00102663040161133 0.013641357421875 0.0238857269287109
0.00439786911010742 -0.00131416320800781 0.0259037017822266 0.0163116455078125
0.00245380401611328 -0.00506591796875 0.0316448211669922 0.00501060485839844
0.00513648986816406 -0.00518226623535156 0.03094482421875 -0.000322341918945313
0.00613641738891602 -0.00407838821411133 0.025146484375 0.000566482543945312
0.00872707366943359 -0.00746822357177734 0.0185317993164063 0.00638961791992187
0.0151185989379883 -0.00177955627441406 0.0091552734375 0.010279655456543
0.0161170959472656 0.00962352752685547 -0.00332069396972656 0.00358486175537109
0.00795364379882812 0.0196590423583984 -0.0018305778503418 -0.00710105895996094
-0.0103855133056641 0.0218582153320313 0.0150117874145508 -0.0147829055786133
-0.0252780914306641 0.0187492370605469 0.0251827239990234 -0.000993728637695311
-0.0359573364257813 0.0115699768066406 0.00942802429199219 0.0115070343017578
-0.0335502624511719 0.00348091125488282 0.0231647491455078 0.02667236328125
-0.0165843963623047 0.0153369903564453 0.00692939758300781 0.02069091796875
-0.00637626647949219 0.0108613967895508 0.00181198120117187 0.0229015350341797
5.05447387695323E-05 0.0129518508911133 0.0139045715332031 0.0282421112060547
0.00714683532714844 0.00946712493896484 0.0253314971923828 0.018524169921875
0.011775016784668 0.00209712982177734 0.0311164855957031 0.0067596435546875
0.0153865814208984 -0.00178909301757813 0.0281696319580078 0.00140762329101562
0.0147733688354492 8.58306884765625E-06 0.0208644866943359 0.00264930725097656
0.0173625946044922 -0.00107383728027344 0.0139541625976563 0.00831985473632813
0.0207118988037109 0.00556373596191406 0.00500297546386719 0.0114774703979492
0.0160379409790039 0.0170936584472656 -0.00705957412719726 0.00471830368041992
0.00476646423339844 0.0258522033691406 -0.00530910491943359 -0.00550746917724609
-0.0166873931884766 0.0231590270996094 0.00952434539794922 -0.01312255859375
-0.0323677062988281 0.0150108337402344 0.0151309967041016 0.00296592712402344
-0.0424842834472656 0.00506210327148438 -0.00348854064941406 0.0133962631225586
-0.0394248962402344 -0.00690078735351562 0.00751304626464843 0.0277767181396484
-0.0305118560791016 0.00922203063964843 -0.00649261474609375 0.0255012512207031
-0.0187015533447266 0.0151901245117188 -0.00299644470214844 0.0286083221435547
-0.00573921203613281 0.0231952667236328 0.0109710693359375 0.0313205718994141
0.00728416442871094 0.0193672180175781 0.0215797424316406 0.0192661285400391
0.0193920135498047 0.0108470916748047 0.0257205963134766 0.0072174072265625
0.0232734680175781 0.00282859802246094 0.0206756591796875 0.0030517578125
0.0210037231445313 0.00410652160644531 0.0130825042724609 0.00473785400390625
0.0233955383300781 0.0042266845703125 0.00698947906494141 0.00913715362548828
0.0239620208740234 0.0109767913818359 -0.000758171081542967 0.0114650726318359
0.0147438049316406 0.0221366882324219 -0.0100040435791016 0.00466060638427735
0.00214576721191406 0.0284862518310547 -0.00801420211791992 -0.00427103042602539
-0.0201454162597656 0.0217456817626953 0.00494480133056641 -0.0101070404052734
-0.0353813171386719 0.00983810424804688 0.00579786300659179 0.00764989852905273
-0.0441703796386719 -0.00189590454101563 -0.0158462524414063 0.0139608383178711
-0.0377426147460938 -0.0168075561523438 -0.009735107421875 0.0235881805419922
-0.0367164611816406 -4.57763671875021E-05 -0.0209751129150391 0.0251541137695313
-0.0271930694580078 0.0143013000488281 -0.0104160308837891 0.0312557220458984
-0.0129032135009766 0.0276508331298828 0.0056304931640625 0.0302600860595703
0.00587081909179688 0.0254783630371094 0.015594482421875 0.016545295715332
0.0216693878173828 0.01763916015625 0.0179481506347656 0.00587081909179688
0.0264873504638672 0.00737953186035156 0.009552001953125 0.00402641296386719
0.0233402252197266 0.00750541687011719 0.00318622589111328 0.0053715705871582
0.0258979797363281 0.00835800170898438 -0.00165748596191406 0.00981330871582031
0.0244312286376953 0.0150909423828125 -0.00707721710205078 0.00967216491699219
0.0136280059814453 0.0243396759033203 -0.0131654739379883 0.00325489044189453
-0.000902175903320314 0.0290641784667969 -0.00884532928466797 -0.00421428680419922
-0.0232315063476563 0.0189037322998047 0.0032954216003418 -0.00608158111572266
-0.0353965759277344 0.00276947021484375 -0.0023040771484375 0.0121240615844727
-0.0421905517578125 -0.00989151000976562 -0.0274085998535156 0.0119304656982422
-0.0280437469482422 -0.0230426788330078 -0.0228233337402344 0.0170249938964844
-0.0332145690917969 -0.00884246826171875 -0.03271484375 0.0213642120361328
-0.0291786193847656 0.00716972351074219 -0.0165214538574219 0.0296001434326172
-0.0174465179443359 0.0240955352783203 0.000408172607421875 0.0260448455810547
0.00107955932617188 0.0261116027832031 0.00849533081054688 0.0119438171386719
0.0190620422363281 0.0212383270263672 0.00782871246337891 0.00339651107788086
0.0256328582763672 0.0109767913818359 -0.00134229660034179 0.00325489044189453
0.0221519470214844 0.0102405548095703 -0.00727510452270508 0.00579500198364258
0.0246105194091797 0.010711669921875 -0.0105609893798828 0.00860881805419922
0.0223350524902344 0.0171718597412109 -0.0137414932250977 0.00647449493408203
0.0108146667480469 0.0247611999511719 -0.0157003402709961 -7.91549682617179E-05
-0.0045318603515625 0.0279598236083984 -0.00903129577636719 -0.0057382583618164
-0.0243930816650391 0.0144062042236328 0.00162363052368164 -0.00385832786560059
-0.0334758758544922 -0.00428771972656251 -0.00914669036865235 0.0127687454223633
-0.0355224609375 -0.0179328918457031 -0.0363616943359375 0.00687789916992187
-0.0121173858642578 -0.0246715545654297 -0.0315952301025391 0.00756835937499999
-0.0200862884521484 -0.0161972045898438 -0.0388031005859375 0.0153846740722656
-0.0221824645996094 -0.00287628173828125 -0.0198554992675781 0.0256881713867188
-0.0182743072509766 0.0136146545410156 -0.0029449462890625 0.0198097229003906
-0.0042572021484375 0.0200157165527344 0.00276517868041992 0.00532388687133789
0.0113792419433594 0.0211200714111328 -0.00177454948425293 -0.000837445259094237
0.0197982788085938 0.0130958557128906 -0.0114812850952148 0.00188159942626953
0.0174942016601563 0.0110368728637695 -0.01641845703125 0.00561714172363282
0.0197296142578125 0.011810302734375 -0.0181217193603516 0.00743293762207032
0.0174798965454102 0.0169925689697266 -0.0203361511230469 0.00331687927246094
0.00720977783203125 0.0227832794189453 -0.0187740325927734 -0.00358772277832031
-0.00564193725585937 0.0251674652099609 -0.0100326538085938 -0.00843906402587891
-0.0249881744384766 0.00993728637695312 -0.000381469726562501 -0.00467729568481445
-0.0292530059814453 -0.0105056762695313 -0.0140151977539063 0.0106801986694336
-0.0261211395263672 -0.0245265960693359 -0.04278564453125 0.000297546386718742
0.00516700744628906 -0.0228729248046875 -0.0307693481445313 0.000392913818359373
-0.00267410278320312 -0.0197830200195313 -0.0380134582519531 0.00939559936523437
-0.0105819702148438 -0.011566162109375 -0.0195503234863281 0.0209827423095703
-0.0148048400878906 0.000988006591796874 -0.00354957580566406 0.0138273239135742
-0.00867271423339844 0.0100669860839844 5.42998313903803E-05 0.000451207160949708
0.00262641906738281 0.0164566040039063 -0.00826263427734375 -0.00480318069458008
0.0104522705078125 0.0124940872192383 -0.0187625885009766 -0.000814437866210939
0.0107583999633789 0.0103282928466797 -0.0232582092285156 0.00453567504882813
0.0127544403076172 0.0110855102539063 -0.0256500244140625 0.00508689880371093
0.0117673873901367 0.0140590667724609 -0.0249290466308594 -0.000791549682617185
0.00410079956054688 0.0178089141845703 -0.0216083526611328 -0.00736999511718749
-0.00664710998535156 0.0190582275390625 -0.0110807418823242 -0.0117778778076172
-0.0216007232666016 0.00503921508789062 -0.00254058837890625 -0.00697135925292969
-0.0214252471923828 -0.0150642395019531 -0.0189781188964844 0.00481605529785157
-0.0139102935791016 -0.0276451110839844 -0.0444984436035156 -0.01025390625
-0.00679588317871094 0.0207366943359375 0.0453681945800781 0.0128746032714844
0.0169095993041992 0.0152597427368164 0.0213947296142578 0.00404930114746094
0.013361930847168 -0.00493907928466797 0.00399589538574219 0.010584831237793
0.00547981262207031 -0.0103025436401367 0.0136528015136719 0.0199432373046875
-0.000858306884765624 -0.0106239318847656 0.0258769989013672 0.0138454437255859
-0.00849342346191406 -0.0102910995483398 0.0320682525634766 0.00181388854980469
-0.00647115707397461 -0.00686883926391601 0.0327796936035156 -0.00483131408691406
-0.00450801849365234 -0.00654125213623047 0.0275745391845703 -0.0041046142578125
-0.00324821472167969 -0.0113353729248047 0.0221519470214844 0.0019378662109375
0.00628089904785156 -0.0100879669189453 0.0132274627685547 0.00758743286132812
0.0145750045776367 -0.00214672088623047 0.00135934352874756 0.00200629234313965
0.0127391815185547 0.00879287719726563 0.00298643112182617 -0.00839376449584961
0.000848770141601563 0.0190925598144531 0.0214061737060547 -0.0171623229980469
-0.0103778839111328 0.0242099761962891 0.0369644165039063 -0.0059356689453125
-0.0229587554931641 0.0205783843994141 0.0240821838378906 0.00762748718261719
-0.0224418640136719 0.0149707794189453 0.0398674011230469 0.0214881896972656
0.000600814819335937 0.0174188613891602 0.0177230834960937 0.0126113891601562
0.00466537475585938 0.00328540802001953 0.00465774536132813 0.0163612365722656
0.00354170799255371 0.000872611999511719 0.0154304504394531 0.0249099731445313
0.00337481498718262 -0.00131988525390625 0.0285682678222656 0.0170021057128906
0.00218439102172852 -0.00445795059204102 0.0346584320068359 0.00409698486328125
0.00496006011962891 -0.00513887405395508 0.0341815948486328 -0.00268745422363281
0.00612401962280273 -0.00396060943603516 0.0278873443603516 -0.00198745727539063
0.00828075408935547 -0.00676822662353516 0.0214996337890625 0.0042877197265625
0.0151128768920898 -0.00232505798339844 0.0121660232543945 0.00958251953125
0.0169572830200195 0.00885772705078125 -0.00093865394592285 0.00398635864257813
0.00986289978027344 0.0199680328369141 -0.000780105590820312 -0.00627803802490234
-0.00985145568847656 0.0236988067626953 0.0156793594360352 -0.0153293609619141
-0.0254230499267578 0.0218372344970703 0.0279197692871094 -0.00272178649902344
-0.0365562438964844 0.0149002075195312 0.0137310028076172 0.012089729309082
-0.0357093811035156 0.00516891479492187 0.02789306640625 0.0276927947998047
-0.0178108215332031 0.0166130065917969 0.00947761535644531 0.0204010009765625
-0.00777244567871094 0.0115900039672852 0.00325393676757813 0.023406982421875
-0.000479698181152342 0.0146160125732422 0.0154991149902344 0.0295829772949219
0.00768566131591797 0.0103569030761719 0.02825927734375 0.0188179016113281
0.0128087997436523 0.00326728820800781 0.0340175628662109 0.0051422119140625
0.016789436340332 -0.00198650360107422 0.0307655334472656 -0.000505447387695313
0.016047477722168 -0.000288963317871094 0.0233135223388672 0.000246047973632813
0.0187568664550781 -0.00153541564941406 0.0170574188232422 0.00651741027832031
0.0223979949951172 0.00534629821777344 0.0082082748413086 0.0107908248901367
0.018463134765625 0.0177879333496094 -0.00483131408691406 0.00502204895019531
0.00702285766601562 0.0270881652832031 -0.00446796417236328 -0.00478458404541016
-0.0163402557373047 0.0259323120117188 0.0104026794433594 -0.013096809387207
-0.0345325469970703 0.0188980102539063 0.0176849365234375 0.002532958984375
-0.045013427734375 0.00828933715820312 -3.14712524414078E-05 0.0145845413208008
-0.0435256958007812 -0.00574874877929688 0.0105972290039062 0.0293254852294922
-0.0335903167724609 0.0107803344726563 -0.00449752807617188 0.0261268615722656
-0.0206222534179688 0.0173110961914063 -0.00233268737792969 0.0298328399658203
-0.00617599487304687 0.0259799957275391 0.0125293731689453 0.0324630737304688
0.00878334045410156 0.0213451385498047 0.0243034362792969 0.0194911956787109
0.0217933654785156 0.0110607147216797 0.0289249420166016 0.00552749633789063
0.0250320434570313 0.00209617614746094 0.0228710174560547 0.00170135498046875
0.0231800079345703 0.00359725952148437 0.0152482986450195 0.00309371948242188
0.0262565612792969 0.00321006774902344 0.00898456573486328 0.00769138336181641
0.0267925262451172 0.0111770629882813 0.00192928314208985 0.0106792449951172
0.0180912017822266 0.0230808258056641 -0.00844621658325195 0.0048375129699707
0.00396156311035156 0.0312366485595703 -0.00657463073730469 -0.00347900390625
-0.020782470703125 0.0255870819091797 0.00603771209716797 -0.009857177734375
-0.0385246276855469 0.0134429931640625 0.00771713256835937 0.00760936737060547
-0.0481147766113281 0.000621795654296884 -0.0136690139770508 0.0155773162841797
-0.0427894592285156 -0.0163459777832031 -0.00757217407226563 0.0261421203613281
-0.0413780212402344 0.0024566650390625 -0.0202960968017578 0.0277233123779297
-0.0303421020507812 0.0167922973632813 -0.00954627990722656 0.0327835083007813
-0.0129318237304688 0.0316276550292969 0.00703239440917969 0.0317935943603516
0.00716209411621094 0.0285015106201172 0.0174188613891602 0.0163917541503906
0.0248756408691406 0.0181198120117187 0.0193328857421875 0.00465965270996094
0.0297756195068359 0.00589561462402344 0.0112848281860352 0.00296306610107422
0.0266437530517578 0.00656700134277344 0.00425195693969727 0.00451040267944336
0.0293064117431641 0.00731849670410156 -0.000217437744140623 0.00889396667480469
0.0277671813964844 0.0148353576660156 -0.0054636001586914 0.0091094970703125
0.0164470672607422 0.0260868072509766 -0.0119152069091797 0.00316524505615234
0.00075531005859375 0.0326347351074219 -0.00783824920654297 -0.0040740966796875
-0.0243873596191406 0.0226192474365234 0.00429058074951172 -0.0066838264465332
-0.0394706726074219 0.00686264038085938 -0.00034141540527344 0.0131006240844727
-0.0468215942382813 -0.00768661499023438 -0.0268535614013672 0.0142440795898437
-0.0335941314697266 -0.0234279632568359 -0.0224361419677734 0.01934814453125
-0.0385246276855469 -0.007415771484375 -0.0330905914306641 0.0241775512695313
-0.0324325561523437 0.00971794128417969 -0.0161457061767578 0.0307960510253906
-0.0181026458740234 0.0284671783447266 0.00103569030761719 0.0271053314208984
0.00285530090332031 0.0298099517822266 0.00918388366699219 0.0119705200195313
0.0229549407958984 0.0217247009277344 0.00847053527832031 0.00242900848388672
0.0292453765869141 0.00985908508300781 -0.00098443031311035 0.00302004814147949
0.0255985260009766 0.00902938842773438 -0.00710678100585937 0.00550556182861328
0.0283641815185547 0.00973892211914063 -0.0109882354736328 0.00801563262939453
0.0264225006103516 0.0168933868408203 -0.0132637023925781 0.00621128082275391
0.0138416290283203 0.0268459320068359 -0.0156116485595703 -0.000924110412597653
-0.00229644775390625 0.0312957763671875 -0.00847816467285156 -0.00591421127319336
-0.0261821746826172 0.0182647705078125 0.00239944458007812 -0.00469350814819336
-0.0379829406738281 -0.00082778930664062 -0.00821590423583985 0.0143747329711914
-0.0404548645019531 -0.0164718627929688 -0.0369224548339844 0.00887680053710936
-0.0165996551513672 -0.0256729125976563 -0.032958984375 0.0107078552246094
-0.0244121551513672 -0.0158672332763672 -0.0402793884277344 0.0179367065429688
-0.025970458984375 -1.52587890625023E-05 -0.0196361541748047 0.0270900726318359
-0.0194797515869141 0.0175628662109375 -0.00232124328613281 0.0201244354248047
-0.00320816040039063 0.0231781005859375 0.00251865386962891 0.00537919998168945
0.0157127380371094 0.0212783813476563 -0.00286316871643066 -0.000876188278198241
0.0223751068115234 0.0118293762207031 -0.0130100250244141 0.0026702880859375
0.0210437774658203 0.00984001159667969 -0.0175704956054687 0.00642681121826172
0.0234966278076172 0.0110797882080078 -0.0198154449462891 0.00810813903808593
0.0214424133300781 0.016204833984375 -0.0205097198486328 0.00340080261230469
0.0106296539306641 0.0239830017089844 -0.0199260711669922 -0.00355148315429688
-0.00378990173339844 0.0282344818115234 -0.00998878479003906 -0.00899028778076172
-0.0257568359375 0.0133285522460938 0.000237941741943358 -0.00472736358642578
-0.0335044860839844 -0.00854301452636718 -0.013885498046875 0.0127086639404297
-0.0311431884765625 -0.0237464904785156 -0.0452003479003906 0.00192260742187501
0.00204086303710938 -0.0250434875488281 -0.0341835021972656 0.00238800048828125
-0.00633811950683594 -0.0206832885742187 -0.0399093627929688 0.0118675231933594
-0.0137882232666016 -0.0107049942016602 -0.0197105407714844 0.0225143432617188
-0.0166797637939453 0.00330543518066406 -0.00390815734863281 0.0135459899902344
-0.00810050964355469 0.0126943588256836 -0.00124669075012207 -4.05311584472596E-06
0.00532722473144531 0.0168628692626953 -0.0101337432861328 -0.00452518463134766
0.0131978988647461 0.0119590759277344 -0.0207099914550781 0.00106430053710938
0.0127449035644531 0.00928688049316406 -0.0253162384033203 0.00567436218261718
0.0154180526733398 0.0101509094238281 -0.0275497436523438 0.00602149963378906
0.0149526596069336 0.013331413269043 -0.0270862579345703 -0.00061416625976563
0.00671005249023437 0.0185985565185547 -0.0235404968261719 -0.00784111022949219
-0.00471115112304687 0.0215473175048828 -0.0121917724609375 -0.0123004913330078
-0.0227413177490234 0.00773048400878907 -0.00246000289916992 -0.00746297836303711
-0.0251331329345703 -0.0134181976318359 -0.0198001861572266 0.00661659240722656
-0.0180282592773438 -0.0276718139648438 -0.0486259460449219 -0.00887680053710937
-0.00384140014648437 0.0214595794677734 0.0493583679199219 0.0101470947265625
0.0194797515869141 0.0126056671142578 0.0229377746582031 0.00164794921875
0.0133457183837891 -0.00732517242431641 0.00445842742919922 0.0102519989013672
0.00402164459228516 -0.010930061340332 0.0157089233398438 0.0211009979248047
-0.00275325775146484 -0.0108489990234375 0.029693603515625 0.0129032135009766
-0.0101985931396484 -0.00818061828613281 0.0347461700439453 -0.000352859497070313
-0.00735330581665039 -0.00544404983520508 0.0351753234863281 -0.00858306884765625
-0.0050349235534668 -0.00541257858276367 0.0295429229736328 -0.00765419006347656
-0.00552082061767578 -0.00994777679443359 0.024932861328125 -0.00164794921875
0.00452709197998047 -0.0111455917358398 0.0157413482666016 0.00571441650390625
0.0138044357299805 -0.00453472137451172 0.00306367874145508 0.0023961067199707
0.0137825012207031 0.00678157806396484 0.00354433059692383 -0.0084538459777832
0.00451278686523438 0.0195865631103516 0.0216388702392578 -0.0178642272949219
-0.00700950622558594 0.0257282257080078 0.0390625 -0.00947952270507812
-0.0209159851074219 0.0235824584960937 0.0279121398925781 0.00522232055664063
-0.0212593078613281 0.0172386169433594 0.0444488525390625 0.018890380859375
0.00162696838378906 0.0178756713867188 0.0201377868652344 0.0102157592773438
0.00389981269836426 0.00269675254821777 0.00562858581542969 0.0159883499145508
0.00300383567810059 0.00148868560791016 0.0178260803222656 0.0255966186523438
0.00299501419067383 -0.000128746032714844 0.03192138671875 0.0167636871337891
0.00137877464294434 -0.00378847122192383 0.0378990173339844 0.00172805786132812
0.00517129898071289 -0.00483512878417969 0.0369491577148438 -0.00680160522460938
0.00652694702148437 -0.00349521636962891 0.0301742553710937 -0.00551605224609375
0.00890254974365234 -0.00713157653808594 0.0239772796630859 0.0009918212890625
0.0153493881225586 -0.0030975341796875 0.0156669616699219 0.00774192810058594
0.0183029174804687 0.00789451599121094 0.00145864486694336 0.00377511978149414
0.0116863250732422 0.0190830230712891 0.000752449035644532 -0.00545787811279297
-0.00746917724609375 0.0255813598632813 0.0159177780151367 -0.0162696838378906
-0.0240936279296875 0.0257453918457031 0.0296611785888672 -0.00526809692382812
-0.0362930297851562 0.0190544128417969 0.0176773071289062 0.0103912353515625
-0.0380516052246094 0.00806808471679687 0.0324268341064453 0.0267791748046875
-0.0182666778564453 0.0187416076660156 0.0121040344238281 0.01959228515625
-0.0083160400390625 0.0133495330810547 0.00379562377929688 0.0238437652587891
-0.000344276428222657 0.0157957077026367 0.0183391571044922 0.0305900573730469
0.00837135314941406 0.0111827850341797 0.0316905975341797 0.0180072784423828
0.0142030715942383 0.00284481048583984 0.0371856689453125 0.00249099731445312
0.0178089141845703 -0.00299835205078125 0.0331859588623047 -0.00481033325195313
0.0176811218261719 -0.00164604187011719 0.0254154205322266 -0.00330352783203125
0.0195980072021484 -0.00296211242675781 0.0189704895019531 0.00360870361328125
0.0241489410400391 0.00424766540527344 0.0109682083129883 0.00923919677734375
0.0212020874023438 0.0172557830810547 -0.00216150283813476 0.00519275665283203
0.00897407531738281 0.0286350250244141 -0.00271844863891602 -0.00441217422485351
-0.0151443481445312 0.0282649993896484 0.0105094909667969 -0.0140371322631836
-0.03485107421875 0.0234889984130859 0.0199699401855469 0.000381469726562502
-0.0466041564941406 0.0127906799316406 0.00384426116943359 0.0151376724243164
-0.0478286743164063 -0.00336074829101562 0.0156326293945313 0.0296440124511719
-0.035430908203125 0.0148544311523437 -0.00159835815429688 0.0263957977294922
-0.0218734741210937 0.0198593139648438 4.38690185546881E-05 0.03033447265625
-0.00477218627929687 0.0291233062744141 0.0154609680175781 0.0332813262939453
0.011474609375 0.0220088958740234 0.0267086029052734 0.0183429718017578
0.0238475799560547 0.00996017456054688 0.0306072235107422 0.00346946716308594
0.0277118682861328 0.000158309936523438 0.0248756408691406 -0.00136566162109375
0.0259342193603516 0.000993728637695313 0.0173358917236328 -0.000239372253417969
0.0295009613037109 0.000799179077148438 0.010655403137207 0.00618934631347656
0.0298404693603516 0.00937652587890625 0.0044546127319336 0.00922012329101563
0.0215167999267578 0.0237369537353516 -0.00683832168579101 0.00437021255493164
0.00734710693359375 0.0332832336425781 -0.00554466247558594 -0.00391721725463867
-0.0207252502441406 0.0300407409667969 0.00668525695800781 -0.0104475021362305
-0.0403289794921875 0.0187416076660156 0.0106201171875 0.00658321380615234
-0.0513687133789063 0.00551986694335938 -0.0107536315917969 0.0169267654418945
-0.0482063293457031 -0.0133781433105469 -0.00540542602539062 0.0284385681152344
-0.04510498046875 0.00662994384765625 -0.0184230804443359 0.0287876129150391
-0.0316410064697266 0.0206298828125 -0.00782775878906251 0.0342044830322266
-0.0114173889160156 0.0356521606445313 0.0102996826171875 0.0325241088867188
0.0105819702148437 0.030914306640625 0.0192108154296875 0.0159244537353516
0.0287456512451172 0.0172538757324219 0.0206813812255859 0.002716064453125
0.0330219268798828 0.00311279296875 0.01324462890625 0.000701904296875
0.0297336578369141 0.00461006164550781 0.0050811767578125 0.00369691848754883
0.0329914093017578 0.00478172302246094 4.24385070800809E-05 0.00750732421875
0.0320758819580078 0.0134677886962891 -0.00478124618530273 0.00862550735473633
0.0205307006835938 0.0269794464111328 -0.0112295150756836 0.00272178649902344
0.00477027893066406 0.0347309112548828 -0.00686979293823242 -0.00400018692016601
-0.0244045257568359 0.0267486572265625 0.00496912002563476 -0.00770473480224609
-0.0429840087890625 0.0115509033203125 0.00144672393798828 0.0131607055664063
-0.0512809753417969 -0.00365066528320312 -0.0258159637451172 0.0165805816650391
-0.0383224487304688 -0.0219841003417969 -0.0216846466064453 0.0226459503173828
-0.0438003540039063 -0.00363922119140626 -0.0329856872558594 0.0272350311279297
-0.035430908203125 0.0141792297363281 -0.0141677856445313 0.0323696136474609
-0.0171298980712891 0.0333881378173828 0.00231742858886718 0.0284290313720703
0.00633049011230469 0.0317459106445313 0.0105695724487305 0.0120105743408203
0.0274543762207031 0.0208168029785156 0.00891780853271485 0.00184154510498047
0.0321617126464844 0.00687789916992187 -0.00120687484741211 0.00292682647705078
0.0291976928710938 0.00650215148925781 -0.00713872909545898 0.00566244125366211
0.0321674346923828 0.00678634643554688 -0.0112171173095703 0.00850677490234375
0.030426025390625 0.0146312713623047 -0.0132522583007812 0.00617504119873047
0.0180416107177734 0.0272922515869141 -0.0160541534423828 -0.000552177429199219
0.00163650512695312 0.034423828125 -0.00888633728027344 -0.00618171691894531
-0.0257949829101563 0.0226840972900391 0.00298166275024414 -0.00511598587036133
-0.0416679382324219 0.00377273559570312 -0.00671482086181641 0.0155315399169922
-0.0455207824707031 -0.012847900390625 -0.037078857421875 0.0115928649902344
-0.0225028991699219 -0.0264434814453125 -0.0341777801513672 0.0143909454345703
-0.0302467346191406 -0.0138015747070313 -0.041229248046875 0.021026611328125
-0.0287628173828125 0.00279998779296875 -0.0195026397705078 0.0294361114501953
-0.0190200805664063 0.0219020843505859 -0.0014495849609375 0.0216617584228516
-0.000316619873046872 0.0261440277099609 0.002532958984375 0.0052337646484375
0.0194263458251953 0.0209770202636719 -0.00384712219238281 -0.00171685218811035
0.026123046875 0.00928688049316406 -0.0131864547729492 0.0040731430053711
0.0241756439208984 0.00743293762207031 -0.0184726715087891 0.00758171081542968
0.0262451171875 0.00775146484375 -0.0207233428955078 0.00882148742675782
0.0260810852050781 0.015045166015625 -0.0220966339111328 0.00346946716308594
0.0140495300292969 0.0251369476318359 -0.0212135314941406 -0.00428199768066406
-3.05175781250034E-05 0.0308990478515625 -0.0110416412353516 -0.00994777679443359
-0.0267276763916016 0.0178127288818359 0.00119590759277344 -0.00614356994628906
-0.0368766784667969 -0.00414657592773437 -0.0132474899291992 0.0145454406738281
-0.0364112854003906 -0.0215225219726562 -0.0463104248046875 0.00564575195312499
-0.00198554992675782 -0.0259113311767578 -0.0367622375488281 0.00558471679687499
-0.011383056640625 -0.0204181671142578 -0.0417060852050781 0.01544189453125
-0.0167093276977539 -0.00952911376953125 -0.019195556640625 0.0244045257568359
-0.0180110931396484 0.00663948059082031 -0.00406169891357422 0.0139598846435547
-0.00585460662841797 0.0150146484375 -0.00271773338317871 1.62124633789066E-05
0.00837516784667969 0.0170917510986328 -0.0118808746337891 -0.0036611557006836
0.0159940719604492 0.00989913940429688 -0.0224246978759766 0.00307464599609375
0.0149011611938477 0.0080718994140625 -0.0265979766845703 0.00892066955566406
0.0183372497558594 0.00791168212890625 -0.0290584564208984 0.00925064086914062
0.017669677734375 0.0118255615234375 -0.0294952392578125 0.00127983093261719
0.0101432800292969 0.0193367004394531 -0.0255413055419922 -0.00787353515625
-0.00216293334960938 0.0236110687255859 -0.0137004852294922 -0.0130090713500977
-0.023162841796875 0.0116367340087891 -0.00265884399414063 -0.00793266296386719
-0.0290603637695313 -0.0100135803222656 -0.0196876525878906 0.008697509765625
-0.0226402282714844 -0.0262165069580078 -0.0522689819335937 -0.00587463378906249
-0.00217819213867187 0.0214881896972656 0.0522232055664063 0.00609588623046875
0.0201988220214844 0.00778961181640625 0.0237007141113281 -0.00134658813476562
0.0116357803344727 -0.0103302001953125 0.00469255447387695 0.00872516632080078
0.00174331665039063 -0.0116539001464844 0.018310546875 0.0190467834472656
-0.00438594818115234 -0.0111103057861328 0.0330009460449219 0.0113792419433594
-0.0106792449951172 -0.00739002227783203 0.0368728637695313 -0.00301361083984375
-0.00892925262451172 -0.00466346740722656 0.035491943359375 -0.0127716064453125
-0.00651264190673828 -0.00420761108398437 0.0296993255615234 -0.01080322265625
-0.00603866577148437 -0.00940608978271484 0.0249538421630859 -0.004241943359375
0.00126457214355469 -0.012537956237793 0.0187149047851563 0.00307846069335937
0.0129604339599609 -0.00570964813232422 0.00444126129150391 0.000866413116455078
0.0149202346801758 0.00420379638671875 0.00409984588623047 -0.00889778137207031
0.00774192810058594 0.0186882019042969 0.0207920074462891 -0.0208301544189453
-0.00287628173828125 0.0272598266601563 0.0393714904785156 -0.01324462890625
-0.0171699523925781 0.0261211395263672 0.0311756134033203 0.00294876098632813
-0.0207023620605469 0.0177593231201172 0.0493011474609375 0.0148200988769531
0.00285816192626953 0.0167884826660156 0.0206699371337891 0.00780487060546875
0.00293612480163574 0.00237846374511719 0.00603485107421875 0.0161581039428711
0.00190925598144531 0.00204122066497803 0.0199756622314453 0.0247383117675781
0.00370931625366211 9.27448272705078E-05 0.0344333648681641 0.0139102935791016
0.00145936012268066 -0.00288033485412598 0.0396003723144531 -0.00369644165039062
0.00420284271240234 -0.00448417663574219 0.0376014709472656 -0.0115737915039063
0.00597572326660156 -0.00354480743408203 0.0304813385009766 -0.0103435516357422
0.00720500946044922 -0.00732803344726563 0.0251064300537109 -0.002899169921875
0.0150575637817383 -0.00502490997314453 0.0181846618652344 0.00331687927246094
0.0190563201904297 0.00611495971679688 0.00237798690795899 0.00377702713012695
0.0142021179199219 0.0177421569824219 0.00210762023925781 -0.00623655319213867
-0.00567054748535156 0.0276718139648438 0.0155715942382813 -0.0184192657470703
-0.019866943359375 0.0272712707519531 0.0309104919433594 -0.0085906982421875
-0.0339641571044922 0.0224819183349609 0.0212135314941406 0.00775337219238281
-0.0383453369140625 0.012237548828125 0.03857421875 0.0236015319824219
-0.0180435180664063 0.0201168060302734 0.0148715972900391 0.0179729461669922
-0.009185791015625 0.0147914886474609 0.00576210021972656 0.024139404296875
0.00146865844726563 0.0177288055419922 0.0221939086914063 0.0293807983398437
0.00973892211914062 0.0105571746826172 0.0349235534667969 0.0154285430908203
0.0152511596679688 0.00202465057373047 0.03790283203125 -0.0020751953125
0.0187911987304688 -0.00590324401855469 0.0334701538085938 -0.00893783569335938
0.0182723999023438 -0.00140380859375 0.025604248046875 -0.00659370422363281
0.0208835601806641 -0.00520515441894531 0.0199966430664063 1.14440917968747E-05
0.0242900848388672 0.00188064575195312 0.0131006240844727 0.00653839111328125
0.0235614776611328 0.0149688720703125 -0.000887632369995116 0.00403499603271484
0.0129184722900391 0.0285663604736328 -8.24928283691394E-05 -0.00540018081665039
-0.0131187438964844 0.0313949584960938 0.0104522705078125 -0.0152521133422852
-0.0320682525634766 0.028594970703125 0.0209388732910156 -0.00150871276855469
-0.0461349487304688 0.0187530517578125 0.00820827484130859 0.0145435333251953
-0.0511245727539063 0.00223159790039062 0.0209770202636719 0.0288753509521484
-0.035186767578125 0.0194206237792969 0.000646591186523436 0.0264835357666016
-0.0217380523681641 0.0234642028808594 0.00220680236816406 0.0290565490722656
-0.0013275146484375 0.0322246551513672 0.0179862976074219 0.0323104858398438
0.0135421752929688 0.0225982666015625 0.0287227630615234 0.0167160034179688
0.0258369445800781 0.00858306884765625 0.0325565338134766 -0.00135421752929687
0.0294170379638672 -0.00343894958496094 0.0262813568115234 -0.00535774230957031
0.0271568298339844 -0.00171661376953125 0.0166330337524414 -0.00327301025390625
0.0315876007080078 -0.00189590454101563 0.0121927261352539 0.00207138061523438
0.0317497253417969 0.00786209106445313 0.00590705871582032 0.00633096694946289
0.0258464813232422 0.0221424102783203 -0.0048670768737793 0.00335693359375
0.0113735198974609 0.0329189300537109 -0.00462245941162109 -0.00265216827392578
-0.0180950164794922 0.0323638916015625 0.00648307800292969 -0.0106773376464844
-0.0402870178222656 0.0238494873046875 0.0115547180175781 0.00491523742675781
-0.0531349182128906 0.0114479064941406 -0.00699234008789063 0.0176429748535156
-0.0535316467285156 -0.00938796997070314 -0.002288818359375 0.0279140472412109
-0.0465965270996094 0.0129241943359375 -0.0158462524414063 0.0311641693115234
-0.033447265625 0.0259742736816406 -0.005767822265625 0.0335540771484375
-0.0081329345703125 0.0389671325683594 0.0111351013183594 0.0320777893066406
0.0148963928222656 0.0315914154052734 0.0204734802246094 0.0151748657226563
0.0321445465087891 0.0148048400878906 0.0222511291503906 0.000225067138671876
0.0353431701660156 -0.00035858154296875 0.0122270584106445 -0.000336647033691406
0.0321617126464844 0.00160980224609375 0.00518083572387695 0.00111865997314453
0.036224365234375 0.00150299072265625 0.000775337219238283 0.00749969482421875
0.0358085632324219 0.00972366333007813 -0.00432968139648437 0.00794410705566406
0.0250091552734375 0.0245780944824219 -0.0109481811523437 0.00388717651367188
0.00889205932617187 0.0367469787597656 -0.00657320022583008 -0.00531911849975586
-0.0228290557861328 0.0311717987060547 0.00534439086914062 -0.00741529464721679
-0.0446548461914062 0.0177078247070313 0.00357532501220703 0.013066291809082
-0.0539436340332031 0.00308609008789061 -0.0215358734130859 0.0175876617431641
-0.0433578491210938 -0.0180168151855469 -0.0192546844482422 0.0262870788574219
-0.0465202331542969 0.0021514892578125 -0.0297317504882813 0.0301799774169922
-0.0351390838623047 0.0192279815673828 -0.0122089385986328 0.0325965881347656
-0.0136528015136719 0.0370635986328125 0.004547119140625 0.0285911560058594
0.00983047485351563 0.0328769683837891 0.0109529495239258 0.0103702545166016
0.0320758819580078 0.0178852081298828 0.00803375244140625 0.000334739685058595
0.0342769622802734 0.00233840942382813 -0.00111126899719238 0.00290584564208984
0.0316505432128906 0.00262832641601563 -0.00804281234741211 0.00669240951538086
0.0349311828613281 0.00233840942382813 -0.0112056732177734 0.00889682769775391
0.0336284637451172 0.0113964080810547 -0.013981819152832 0.00550651550292969
0.0223674774169922 0.0263900756835938 -0.015690803527832 0.000144004821777343
0.006591796875 0.0360298156738281 -0.0083165168762207 -0.00611019134521484
-0.0258121490478516 0.0268497467041016 0.00343084335327148 -0.00709676742553711
-0.0433578491210938 0.00834655761718749 -0.00452804565429688 0.0160007476806641
-0.049591064453125 -0.00676345825195311 -0.035888671875 0.0150680541992187
-0.0281715393066406 -0.0248203277587891 -0.0327949523925781 0.0183219909667969
-0.0320186614990234 -0.0100078582763672 -0.0384368896484375 0.0273170471191406
-0.0323219299316406 0.00613594055175781 -0.0182991027832031 0.0306262969970703
-0.0164031982421875 0.0265178680419922 -0.000864028930664065 0.0209159851074219
0.00369834899902344 0.0262298583984375 0.00100183486938477 0.0068807601928711
0.0245990753173828 0.0185165405273438 -0.00454950332641601 -0.000597000122070312
0.0282306671142578 0.00461769104003906 -0.0153131484985352 0.00496387481689453
0.0262031555175781 0.00453948974609375 -0.0178070068359375 0.00992965698242188
0.0285053253173828 0.00418281555175781 -0.0212421417236328 0.0116519927978516
0.0288543701171875 0.00968742370605469 -0.0241489410400391 0.00546836853027344
0.0178203582763672 0.0232658386230469 -0.0213966369628906 -0.00266075134277344
0.00362968444824219 0.0319118499755859 -0.00974559783935547 -0.00974464416503906
-0.0243949890136719 0.0234584808349609 0.00194454193115234 -0.0063319206237793
-0.0405540466308594 0.00110626220703124 -0.0116643905639648 0.0159263610839844
-0.0402984619140625 -0.0172576904296875 -0.0478096008300781 0.0105361938476563
-0.00572776794433594 -0.0273952484130859 -0.0378379821777344 0.0112571716308594
-0.0172386169433594 -0.0184955596923828 -0.0416183471679688 0.0198554992675781
-0.0188999176025391 -0.00603866577148438 -0.0175819396972656 0.025665283203125
-0.015751838684082 0.00991439819335938 -0.00416183471679688 0.0143680572509766
-0.00424289703369141 0.0161037445068359 -0.00423026084899902 0.0003049373626709
0.0112972259521484 0.0167684555053711 -0.0139646530151367 -0.00150108337402343
0.0170612335205078 0.00782489776611328 -0.0232448577880859 0.00670433044433594
0.0165109634399414 0.00618171691894531 -0.0264911651611328 0.0123119354248047
0.0201320648193359 0.0051727294921875 -0.0303916931152344 0.0122051239013672
0.0199375152587891 0.00972557067871094 -0.0304317474365234 0.00247001647949219
0.0131778717041016 0.0177421569824219 -0.0277614593505859 -0.00646209716796874
0.00107192993164062 0.0244102478027344 -0.0156126022338867 -0.0127878189086914
-0.0217342376708984 0.015106201171875 -0.00257301330566406 -0.00826501846313476
-0.0311126708984375 -0.00570869445800782 -0.0191192626953125 0.0117778778076172
-0.0271587371826172 -0.0234165191650391 -0.05401611328125 -0.00056076049804688
0.000513076782226563 0.0205516815185547 0.0516548156738281 0.000995635986328126
0.0200939178466797 0.00699424743652344 0.0222225189208984 -0.00401878356933594
0.0108528137207031 -0.0102100372314453 0.00445079803466797 0.0101747512817383
-8.10623168945322E-05 -0.0115394592285156 0.0191535949707031 0.01885986328125
-0.00585174560546875 -0.00895118713378906 0.0336170196533203 0.008819580078125
-0.0125970840454102 -0.00472831726074219 0.0367584228515625 -0.006591796875
-0.00807571411132813 -0.00286865234375 0.0345058441162109 -0.0164470672607422
-0.00626134872436524 -0.00322866439819336 0.0286369323730469 -0.0151081085205078
-0.00725173950195312 -0.00724315643310547 0.02508544921875 -0.00853347778320313
0.00055694580078125 -0.0106182098388672 0.0192413330078125 -0.000541687011718751
0.0112886428833008 -0.00780105590820313 0.0069432258605957 1.62124633789058E-05
0.0140037536621094 0.00306415557861328 0.00517082214355469 -0.00872468948364258
0.00916290283203125 0.0160017013549805 0.0193977355957031 -0.0206489562988281
0.000129699707031251 0.0255279541015625 0.0374221801757813 -0.0168495178222656
-0.0130767822265625 0.0265445709228516 0.0317840576171875 -0.00152015686035156
-0.0190773010253906 0.019378662109375 0.049591064453125 0.0104713439941406
0.00348758697509766 0.0151901245117188 0.0211696624755859 0.00501632690429688
0.00281381607055664 0.00214600563049316 0.00681304931640625 0.0144472122192383
0.00142395496368408 0.00161802768707275 0.0222282409667969 0.0226287841796875
0.0022890567779541 0.000250339508056641 0.035369873046875 0.0108718872070313
0.00109267234802246 -0.00188875198364258 0.0401077270507813 -0.00624465942382812
0.0047454833984375 -0.00514078140258789 0.0356521606445313 -0.0159721374511719
0.00637626647949219 -0.0049290657043457 0.0297622680664062 -0.0146236419677734
0.00696039199829102 -0.00756549835205078 0.0245571136474609 -0.00693321228027344
0.0134105682373047 -0.00538349151611328 0.0187110900878906 0.00156974792480469
0.0188522338867188 0.00403785705566406 0.00567054748535156 0.00222206115722656
0.0147714614868164 0.0164337158203125 0.00346708297729492 -0.00641441345214844
-0.00224113464355469 0.0259342193603516 0.0145606994628906 -0.0180091857910156
-0.0177249908447266 0.0297107696533203 0.0302677154541016 -0.0110569000244141
-0.0310020446777344 0.025054931640625 0.0236968994140625 0.00554466247558594
-0.0379981994628906 0.0134620666503906 0.0391311645507813 0.01922607421875
-0.0160694122314453 0.0216007232666016 0.0160131454467773 0.0142021179199219
-0.00844860076904297 0.0158452987670898 0.00649261474609375 0.0217933654785156
0.00185394287109375 0.0176124572753906 0.0230674743652344 0.0275802612304688
0.0103235244750977 0.0106163024902344 0.035186767578125 0.012542724609375
0.0153303146362305 0.00111770629882812 0.0383949279785156 -0.00555801391601563
0.0182437896728516 -0.00577163696289063 0.0326633453369141 -0.0135345458984375
0.0187797546386719 -0.00449562072753906 0.0243377685546875 -0.0106391906738281
0.0205764770507813 -0.00646018981933594 0.0203800201416016 -0.00348091125488281
0.0257186889648438 -0.000627517700195313 0.0140533447265625 0.00268077850341797
0.0242080688476563 0.0133209228515625 0.0014336109161377 0.00240373611450195
0.0148830413818359 0.0266361236572266 0.000312805175781251 -0.00451231002807617
-0.0101833343505859 0.0323314666748047 0.009765625 -0.0153913497924805
-0.0300540924072266 0.030853271484375 0.0219802856445312 -0.0043182373046875
-0.0437431335449219 0.0223350524902344 0.0102748870849609 0.0115737915039063
-0.0500984191894531 0.00621795654296875 0.0228023529052734 0.0261154174804688
-0.0346736907958984 0.0221538543701172 0.00273895263671875 0.0240039825439453
-0.0203647613525391 0.0258922576904297 0.00258636474609375 0.0292892456054688
0.0005645751953125 0.0321426391601563 0.0196743011474609 0.0309352874755859
0.0168933868408203 0.0221614837646484 0.029937744140625 0.0132827758789063
0.0271053314208984 0.00607109069824219 0.0317897796630859 -0.00393486022949219
0.0290584564208984 -0.00569915771484375 0.0248317718505859 -0.00861930847167969
0.0273456573486328 -0.00412559509277344 0.0167465209960938 -0.00503826141357422
0.0304431915283203 -0.00587272644042969 0.0114030838012695 0.000372886657714843
0.0334358215332031 0.00310134887695313 0.00637912750244141 0.00468826293945313
0.0277976989746094 0.0197830200195313 -0.00355005264282226 0.00271415710449219
0.0153999328613281 0.0321712493896484 -0.00304293632507324 -0.00422286987304687
-0.0158157348632813 0.0353736877441406 0.00631809234619141 -0.0119428634643555
-0.0382156372070313 0.0286979675292969 0.0132074356079102 0.00321578979492188
-0.0509796142578125 0.016082763671875 -0.00394439697265625 0.0167245864868164
-0.0545234680175781 -0.00345611572265625 0.00202751159667969 0.0279045104980469
-0.046478271484375 0.0166053771972656 -0.0125598907470703 0.0306243896484375
-0.0305900573730469 0.0294780731201172 -0.00315666198730469 0.0330486297607422
-0.00396347045898438 0.0404205322265625 0.0140876770019531 0.0311145782470703
0.0181980133056641 0.0299911499023438 0.0212116241455078 0.0121345520019531
0.0340499877929688 0.011810302734375 0.0203323364257813 -0.00155448913574219
0.0346088409423828 -0.00396537780761719 0.0125789642333984 -0.00211906433105469
0.0318889617919922 -0.00311088562011719 0.00498390197753906 0.000985622406005859
0.0359115600585937 -0.00340652465820312 -3.81469726562479E-05 0.00496053695678711
0.0368385314941406 0.00569915771484375 -0.0029149055480957 0.00517511367797852
0.0285129547119141 0.0236225128173828 -0.00974559783935547 0.00195026397705078
0.0130882263183594 0.0361518859863281 -0.00597000122070312 -0.00468111038208008
-0.0199203491210938 0.0340576171875 0.00509071350097656 -0.0089263916015625
-0.0419082641601563 0.023345947265625 0.00589370727539062 0.0112333297729492
-0.0533218383789062 0.00815200805664064 -0.0191879272460938 0.0188865661621094
-0.0465774536132813 -0.0137443542480469 -0.0163955688476563 0.0269546508789063
-0.0466690063476563 0.00629043579101562 -0.0265598297119141 0.0312747955322266
-0.0344944000244141 0.0229072570800781 -0.0107479095458984 0.0328502655029297
-0.00974273681640625 0.039093017578125 0.00592803955078125 0.027374267578125
0.0142822265625 0.0323390960693359 0.0112247467041016 0.00972366333007813
0.0330047607421875 0.0143337249755859 0.00773859024047852 -0.000695705413818358
0.0344257354736328 -0.00153350830078125 -0.000685930252075194 0.00256037712097168
0.0314693450927734 -0.000650405883789063 -0.00677299499511719 0.00613498687744141
0.0344829559326172 -0.00142097473144531 -0.0108432769775391 0.00901985168457031
0.0356216430664063 0.00699234008789063 -0.0130519866943359 0.00601577758789063
0.0259056091308594 0.0236434936523438 -0.0159931182861328 -0.00030231475830078
0.0104026794433594 0.0352096557617188 -0.00833702087402344 -0.00655603408813476
-0.0225677490234375 0.0298652648925781 0.0030360221862793 -0.00730466842651367
-0.0426750183105469 0.0152740478515625 -0.00232028961181641 0.0148420333862305
-0.0498466491699219 -0.00164031982421875 -0.0330085754394531 0.016998291015625
-0.0305862426757812 -0.0208168029785156 -0.0312938690185547 0.0213336944580078
-0.0357284545898437 -0.00604248046875 -0.0371665954589844 0.0283126831054687
-0.0308170318603516 0.0107154846191406 -0.0146694183349609 0.030242919921875
-0.0140171051025391 0.0282325744628906 0.000362396240234373 0.0202713012695313
0.00716209411621094 0.0272903442382812 0.00113487243652344 0.00518178939819336
0.0258102416992188 0.0156288146972656 -0.00571441650390625 -0.000321388244628906
0.0283107757568359 0.00140190124511719 -0.0131626129150391 0.00719547271728516
0.0258769989013672 0.00151252746582031 -0.0174474716186523 0.0112733840942383
0.0302352905273438 0.000766754150390625 -0.0205631256103516 0.0126514434814453
0.0296688079833984 0.0074005126953125 -0.0227413177490234 0.00586891174316406
0.0216007232666016 0.0212478637695313 -0.0222759246826172 -0.00220680236816406
0.007904052734375 0.0312576293945313 -0.0116920471191406 -0.00908088684082031
-0.0230007171630859 0.0236148834228516 -1.00135803222668E-05 -0.00796651840209961
-0.0392341613769531 0.00608062744140624 -0.00943279266357422 0.016352653503418
-0.0421409606933594 -0.0116119384765625 -0.04522705078125 0.0122795104980469
-0.00977897644042969 -0.0248508453369141 -0.03662109375 0.0139999389648437
-0.0183029174804688 -0.0161991119384766 -0.0391120910644531 0.0230216979980469
-0.0203323364257812 -0.00367355346679688 -0.0159664154052734 0.0255508422851563
-0.0150785446166992 0.0127973556518555 -0.00474071502685547 0.0145673751831055
-0.00144004821777344 0.0171966552734375 -0.00467443466186524 0.00141763687133789
0.0142593383789063 0.01385498046875 -0.0149879455566406 0.000454902648925779
0.0180339813232422 0.0047760009765625 -0.0231037139892578 0.00873565673828125
0.016789436340332 0.002838134765625 -0.0258331298828125 0.0150146484375
0.0195198059082031 0.00225257873535156 -0.0290203094482422 0.0143756866455078
0.0212135314941406 0.00648880004882813 -0.0310230255126953 0.00534820556640625
0.0151500701904297 0.0163030624389648 -0.0279273986816406 -0.00426483154296874
0.00365066528320313 0.0233936309814453 -0.0156421661376953 -0.01220703125
-0.0198574066162109 0.0165443420410156 -0.00334596633911133 -0.00874900817871094
-0.0308761596679687 -0.00227928161621094 -0.0178241729736328 0.0124969482421875
-0.0285491943359375 -0.0193004608154297 -0.0533065795898438 0.00365066528320312
0.00188446044921875 0.0188827514648438 0.0502853393554688 -0.00206375122070312
0.0187206268310547 0.00482368469238281 0.0209922790527344 -0.00550460815429688
0.00838279724121094 -0.0102643966674805 0.00470924377441406 0.0093994140625
-0.00120067596435547 -0.0113677978515625 0.0192718505859375 0.0177936553955078
-0.0064539909362793 -0.00800704956054688 0.0329093933105469 0.00676727294921875
-0.0120468139648438 -0.00270938873291016 0.0364112854003906 -0.00860977172851563
-0.00762081146240234 -0.00163412094116211 0.0329322814941406 -0.0187301635742188
-0.00582075119018555 -0.00255966186523437 0.0270614624023438 -0.0172710418701172
-0.00772762298583984 -0.00585699081420899 0.0234794616699219 -0.0107879638671875
-0.00039958953857422 -0.0099029541015625 0.0189685821533203 -0.00244522094726563
0.00948238372802734 -0.00810527801513672 0.00812768936157227 -0.00137567520141602
0.0135297775268555 0.00125980377197266 0.0059967041015625 -0.00917148590087891
0.00946331024169922 0.0144414901733398 0.0182819366455078 -0.0200576782226563
0.00217056274414062 0.0242271423339844 0.0359611511230469 -0.0182418823242188
-0.0101852416992187 0.0250320434570313 0.0325756072998047 -0.00460052490234375
-0.0177879333496094 0.0192031860351562 0.0489501953125 0.00704574584960938
0.00321006774902344 0.0141096115112305 0.0206871032714844 0.00226402282714844
0.00142574310302734 0.0024869441986084 0.00698947906494141 0.0139694213867188
0.00130057334899902 0.0022733211517334 0.0229415893554688 0.0212745666503906
0.0019456148147583 0.00074160099029541 0.0356674194335938 0.00833511352539063
0.00118470191955566 -0.00147080421447754 0.038665771484375 -0.00880050659179688
0.00536584854125977 -0.00491046905517578 0.0342998504638672 -0.0182228088378906
0.00628089904785156 -0.00472736358642578 0.0276088714599609 -0.0166091918945313
0.00682449340820313 -0.00689840316772461 0.0234146118164063 -0.00924110412597656
0.0133380889892578 -0.00572776794433594 0.0188312530517578 -0.00107765197753906
0.0179290771484375 0.0031585693359375 0.00651216506958008 0.000566482543945313
0.0145673751831055 0.0150699615478516 0.00452566146850586 -0.00664043426513672
-0.00092124938964844 0.02490234375 0.0140323638916016 -0.0178661346435547
-0.0150909423828125 0.0292034149169922 0.029296875 -0.0131397247314453
-0.0282554626464844 0.0255107879638672 0.0246753692626953 0.00288581848144531
-0.0360107421875 0.0157432556152344 0.0399398803710938 0.0161895751953125
-0.0156135559082031 0.021453857421875 0.0153846740722656 0.0122051239013672
-0.00800037384033203 0.0158538818359375 0.00651931762695313 0.0207672119140625
0.00315093994140625 0.0176277160644531 0.0237941741943359 0.0260124206542969
0.0111913681030273 0.0110683441162109 0.0349063873291016 0.0101356506347656
0.0153713226318359 0.00117301940917969 0.0371856689453125 -0.00772476196289063
0.0178852081298828 -0.00702476501464844 0.0311756134033203 -0.0154094696044922
0.0184364318847656 -0.00572967529296875 0.0227851867675781 -0.0130481719970703
0.0200386047363281 -0.00768852233886719 0.0186405181884766 -0.00591087341308594
0.0249214172363281 -0.00144386291503906 0.0143117904663086 0.000879287719726562
0.0246353149414063 0.0119056701660156 0.00237941741943359 0.00107622146606445
0.0163516998291016 0.0250968933105469 0.00128507614135742 -0.00546169281005859
-0.00860023498535156 0.0318031311035156 0.00965595245361328 -0.0153017044067383
-0.0278034210205078 0.0314502716064453 0.0212726593017578 -0.00578880310058594
-0.0412178039550781 0.023529052734375 0.0123729705810547 0.00916385650634766
-0.0496711730957031 0.00888061523437499 0.0239086151123047 0.0234413146972656
-0.0333881378173828 0.0239353179931641 0.00401115417480469 0.0222759246826172
-0.0187034606933594 0.0272731781005859 0.00313568115234375 0.0271377563476563
0.00243568420410156 0.0316867828369141 0.0207862854003906 0.0290031433105469
0.0178375244140625 0.0212478637695313 0.0295772552490234 0.0117092132568359
0.0272922515869141 0.00484657287597656 0.0303554534912109 -0.0057373046875
0.0280895233154297 -0.00775909423828125 0.0234317779541016 -0.0102634429931641
0.0275344848632812 -0.00601959228515625 0.0147781372070313 -0.00727272033691406
0.0302104949951172 -0.00731658935546875 0.0105800628662109 -0.00142097473144531
0.0331745147705078 0.000833511352539063 0.00667428970336914 0.00242137908935547
0.0286922454833984 0.017578125 -0.00319433212280273 0.00106430053710938
0.0168056488037109 0.0312252044677734 -0.00174427032470703 -0.00474929809570312
-0.0132980346679688 0.0351486206054688 0.00647640228271484 -0.0121746063232422
-0.0359954833984375 0.03070068359375 0.0138273239135742 0.0015859603881836
-0.0491867065429688 0.0186691284179688 -0.00123691558837891 0.0146961212158203
-0.0539970397949219 -0.000385284423828122 0.00362968444824218 0.0272026062011719
-0.0444869995117187 0.0196380615234375 -0.0103378295898438 0.029022216796875
-0.0285243988037109 0.0312461853027344 -0.00307655334472656 0.0316696166992188
-0.00147628784179687 0.0400848388671875 0.0150432586669922 0.0290985107421875
0.0199432373046875 0.0283641815185547 0.0207309722900391 0.0110702514648438
0.0336837768554688 0.00884246826171875 0.0195198059082031 -0.00327301025390625
0.034088134765625 -0.00652694702148437 0.0117826461791992 -0.00377845764160156
0.0314407348632813 -0.00518035888671875 0.00406718254089356 -0.000514984130859375
0.0352439880371094 -0.00631332397460938 0.000215291976928713 0.00426483154296875
0.0364608764648438 0.0027618408203125 -0.00312042236328125 0.00435042381286621
0.0296173095703125 0.0207672119140625 -0.00891876220703125 0.00104331970214844
0.0156993865966797 0.0340499877929688 -0.00493144989013672 -0.0058903694152832
-0.017059326171875 0.0349063873291016 0.00444793701171875 -0.0096902847290039
-0.0401153564453125 0.0260543823242187 0.00658130645751953 0.0093679428100586
-0.051483154296875 0.0111579895019531 -0.0160465240478516 0.0176448822021484
-0.0473289489746094 -0.0103607177734375 -0.0143222808837891 0.0260829925537109
-0.0457077026367188 0.0102005004882813 -0.0244979858398437 0.0311641693115234
-0.0330486297607422 0.0257320404052734 -0.00949668884277344 0.0318374633789063
-0.00685501098632812 0.0397453308105469 0.00652313232421875 0.0261573791503906
0.0167350769042969 0.0309047698974609 0.010528564453125 0.00916481018066406
0.0338363647460938 0.0117645263671875 0.0070643424987793 -0.00118732452392578
0.0341396331787109 -0.0041961669921875 -0.000788450241088865 0.00207090377807617
0.0312690734863281 -0.00389671325683594 -0.00667762756347656 0.00649070739746094
0.0345420837402344 -0.00487136840820313 -0.0104398727416992 0.00855922698974609
0.0355873107910156 0.004150390625 -0.0131855010986328 0.00561237335205078
0.0275154113769531 0.0214805603027344 -0.0161170959472656 -0.000699043273925777
0.0127201080322266 0.0332202911376953 -0.00830364227294922 -0.0074014663696289
-0.0196514129638672 0.031402587890625 0.00267648696899414 -0.00784492492675781
-0.0410041809082031 0.0187454223632812 -0.00109004974365235 0.0139970779418945
-0.0490036010742188 0.00182723999023437 -0.0302886962890625 0.0171890258789062
-0.0318794250488281 -0.0180873870849609 -0.0291194915771484 0.0224609375
-0.0359573364257813 -0.00265121459960937 -0.0338878631591797 0.0291175842285156
-0.0298919677734375 0.013031005859375 -0.0138034820556641 0.0293216705322266
-0.0114994049072266 0.0295524597167969 -2.86102294921866E-05 0.0202236175537109
0.00924873352050781 0.0260734558105469 0.000674724578857423 0.00479459762573242
0.0263347625732422 0.0129184722900391 -0.00578022003173828 0.000719070434570313
0.0279350280761719 -0.00102043151855469 -0.0128631591796875 0.00771617889404297
0.0255451202392578 -0.00120353698730469 -0.0163717269897461 0.012150764465332
0.0293216705322266 -0.00239372253417969 -0.0201568603515625 0.0133056640625
0.0300483703613281 0.00483894348144531 -0.0225181579589844 0.00649261474609375
0.0230846405029297 0.0188198089599609 -0.0225830078125 -0.00169754028320313
0.0098876953125 0.0293674468994141 -0.0120773315429687 -0.0088357925415039
-0.0205192565917969 0.0253620147705078 -0.000264167785644532 -0.00768232345581055
-0.0382766723632813 0.00977706909179687 -0.00818347930908203 0.015192985534668
-0.0414047241210938 -0.00780105590820312 -0.04241943359375 0.0131416320800781
-0.0116672515869141 -0.0242671966552734 -0.0354843139648438 0.0153579711914063
-0.0192699432373047 -0.0138339996337891 -0.0372657775878906 0.0240097045898437
-0.0204143524169922 -0.00150299072265625 -0.0152053833007812 0.0245094299316406
-0.0132780075073242 0.0138864517211914 -0.00420761108398438 0.0143775939941406
0.000763893127441407 0.0166482925415039 -0.00556039810180664 0.0013575553894043
0.01513671875 0.0112504959106445 -0.0146141052246094 0.00101184844970703
0.0179862976074219 0.00234413146972656 -0.0217227935791016 0.0107479095458984
0.0169401168823242 0.000794410705566406 -0.0239124298095703 0.0158634185791016
0.0198955535888672 -0.000104904174804688 -0.0279045104980469 0.0155544281005859
0.0203571319580078 0.00384902954101562 -0.0302696228027344 0.00685882568359375
0.0160465240478516 0.0138740539550781 -0.02801513671875 -0.00342750549316406
0.00644302368164063 0.0220241546630859 -0.0152978897094727 -0.0115871429443359
-0.0174274444580078 0.0177669525146484 -0.00359249114990234 -0.00856208801269531
-0.0306224822998047 0.00069046020507812 -0.0159816741943359 0.0129623413085937
-0.0291099548339844 -0.0162181854248047 -0.0512886047363281 0.00565719604492186
0.002197265625 0.0178852081298828 0.0496864318847656 -0.00323104858398437
0.0179653167724609 0.00349998474121094 0.01983642578125 -0.00609397888183594
0.00759315490722656 -0.0102968215942383 0.00469684600830078 0.00921630859375
-0.00174999237060547 -0.0106773376464844 0.0194263458251953 0.0175666809082031
-0.0068669319152832 -0.0073847770690918 0.0331954956054688 0.00610733032226562
-0.011479377746582 -0.00175762176513672 0.0366401672363281 -0.00936126708984375
-0.00709629058837891 -0.00105905532836914 0.032196044921875 -0.0198383331298828
-0.00574684143066406 -0.00238037109375 0.0263481140136719 -0.0183544158935547
-0.00737333297729492 -0.00481462478637695 0.0228767395019531 -0.0119571685791016
-0.00115776062011719 -0.00929641723632813 0.0190944671630859 -0.00420188903808594
0.0083765983581543 -0.00841999053955078 0.0086822509765625 -0.00223493576049805
0.0127325057983398 0.000745773315429688 0.00705337524414063 -0.00924301147460938
0.00979804992675781 0.0128488540649414 0.0182914733886719 -0.0198688507080078
0.00297164916992187 0.0228500366210938 0.0352554321289063 -0.0183448791503906
-0.00867652893066407 0.0242958068847656 0.0328769683837891 -0.00603294372558594
-0.0173683166503906 0.0188713073730469 0.0480003356933594 0.00572967529296875
0.00261688232421875 0.0138149261474609 0.0198287963867187 0.00130081176757813
0.00100278854370117 0.00269746780395508 0.00625419616699219 0.0138797760009766
0.00144433975219727 0.00289821624755859 0.0226268768310547 0.0209217071533203
0.00206029415130615 0.000999569892883301 0.0355300903320313 0.00745010375976562
0.00163650512695312 -0.000599503517150879 0.0385627746582031 -0.00963211059570313
0.00534343719482422 -0.00469732284545898 0.0334377288818359 -0.0196247100830078
0.00698184967041016 -0.00497579574584961 0.0261249542236328 -0.0177440643310547
0.00688982009887695 -0.00683259963989258 0.0224628448486328 -0.0107192993164063
0.012603759765625 -0.00555324554443359 0.0188446044921875 -0.00236320495605469
0.0171995162963867 0.00274944305419922 0.00754833221435547 -0.000556468963623047
0.0146055221557617 0.014063835144043 0.00535392761230469 -0.00734806060791016
-0.000730514526367185 0.0239753723144531 0.0141525268554687 -0.0175800323486328
-0.0140094757080078 0.0284709930419922 0.029083251953125 -0.014068603515625
-0.0265331268310547 0.0254402160644531 0.0255088806152344 0.00103378295898438
-0.0352554321289063 0.0162849426269531 0.0396957397460937 0.0147514343261719
-0.0152740478515625 0.0215778350830078 0.0148687362670898 0.0106306076049805
-0.00829219818115234 0.0167245864868164 0.00598335266113281 0.0199642181396484
0.00362777709960938 0.0175895690917969 0.0237617492675781 0.0250778198242188
0.0115528106689453 0.0109996795654297 0.0345993041992188 0.009185791015625
0.0158090591430664 0.00139045715332031 0.0362129211425781 -0.00872421264648438
0.0177898406982422 -0.00707626342773438 0.02972412109375 -0.0166854858398438
0.0186710357666016 -0.0062713623046875 0.0220108032226563 -0.0146312713623047
0.0201835632324219 -0.00820732116699219 0.0178623199462891 -0.00771903991699219
0.0248794555664063 -0.00284194946289063 0.0142745971679688 -0.00126457214355469
0.0248985290527344 0.0109519958496094 0.00318050384521485 -0.00057840347290039
0.0167484283447266 0.0241241455078125 0.00236940383911133 -0.00628376007080078
-0.00754928588867187 0.0316066741943359 0.00959968566894531 -0.0153532028198242
-0.0265483856201172 0.0321369171142578 0.0211906433105469 -0.00699996948242187
-0.0400276184082031 0.0237846374511719 0.0139408111572266 0.00743484497070313
-0.0493850708007812 0.010162353515625 0.024169921875 0.0216808319091797
-0.0328578948974609 0.0246505737304687 0.00414657592773438 0.0206699371337891
-0.018798828125 0.0281124114990234 0.0027313232421875 0.0265140533447266
0.00344276428222656 0.0318088531494141 0.0207157135009766 0.0279617309570313
0.0185737609863281 0.0205097198486328 0.0290718078613281 0.0105323791503906
0.0272865295410156 0.00410652160644531 0.0294609069824219 -0.00678062438964844
0.0282554626464844 -0.00841140747070312 0.0227088928222656 -0.0111579895019531
0.0272045135498047 -0.00743293762207031 0.0142087936401367 -0.00822639465332031
0.0297889709472656 -0.00879287719726563 0.00962734222412109 -0.00267124176025391
0.0333232879638672 -0.000123977661132813 0.00663328170776367 0.000895977020263672
0.0294589996337891 0.0165119171142578 -0.00218021869659424 -0.000639915466308593
0.0178337097167969 0.0304985046386719 -0.000860214233398437 -0.00579452514648437
-0.0124473571777344 0.0354690551757813 0.00661945343017578 -0.0122823715209961
-0.0349006652832031 0.031463623046875 0.0139455795288086 0.000595092773437502
-0.0474777221679687 0.019927978515625 0.000324249267578122 0.0132169723510742
-0.0540542602539063 0.00123214721679688 0.00445365905761719 0.0256729125976563
-0.0441398620605469 0.0212631225585938 -0.00957298278808594 0.0272235870361328
-0.0279808044433594 0.0325508117675781 -0.00316047668457031 0.0306224822998047
-5.3405761718751E-05 0.0406379699707031 0.0146064758300781 0.0283527374267578
0.0207138061523438 0.0279598236083984 0.0203571319580078 0.0103836059570313
0.0345172882080078 0.00767898559570313 0.0187530517578125 -0.00401496887207031
0.0338001251220703 -0.00748252868652344 0.0112295150756836 -0.004608154296875
0.032012939453125 -0.00700759887695313 0.00416040420532227 -0.000591278076171875
0.0348243713378906 -0.00797462463378906 -0.000193595886230467 0.0030512809753418
0.0370826721191406 0.00116729736328125 -0.00341153144836426 0.0032036304473877
0.0308151245117188 0.0195064544677734 -0.00937747955322265 -0.000132560729980468
0.0171527862548828 0.0334396362304688 -0.00483465194702148 -0.0064702033996582
-0.0158157348632812 0.0357322692871094 0.00434780120849609 -0.0102949142456055
-0.0390281677246094 0.0274276733398438 0.00722885131835937 0.00775480270385742
-0.0508880615234375 0.0128898620605469 -0.014500617980957 0.0169248580932617
-0.0480155944824219 -0.00836944580078125 -0.0132675170898438 0.0258464813232422
-0.04534912109375 0.0113258361816406 -0.0234928131103516 0.0299530029296875
-0.0329647064208984 0.0271682739257813 -0.00960350036621094 0.0306015014648438
-0.0055999755859375 0.0400581359863281 0.00623703002929688 0.0255718231201172
0.0179443359375 0.0301723480224609 0.00933265686035156 0.0088949203491211
0.0343818664550781 0.0105819702148438 0.00615358352661133 -0.00102615356445312
0.0336475372314453 -0.00573921203613281 -0.000785112380981443 0.00213181972503662
0.0307979583740234 -0.00553321838378906 -0.00646162033081055 0.00603437423706055
0.0343685150146484 -0.0066680908203125 -0.0104713439941406 0.00852489471435547
0.0355491638183594 0.00238418579101563 -0.0130710601806641 0.0050048828125
0.0286426544189453 0.0200214385986328 -0.0160646438598633 -0.00127220153808594
0.0143051147460937 0.0325222015380859 -0.00795507431030273 -0.00759840011596679
-0.0187301635742187 0.0318088531494141 0.00255250930786133 -0.00833463668823242
-0.040283203125 0.020477294921875 -0.000540733337402347 0.0128316879272461
-0.0482025146484375 0.00332260131835937 -0.0288734436035156 0.0164108276367188
-0.0326271057128906 -0.0169811248779297 -0.0284309387207031 0.0226421356201172
-0.0356063842773438 -0.000717163085937503 -0.0328712463378906 0.0284500122070312
-0.0299320220947266 0.0153884887695313 -0.01361083984375 0.0281620025634766
-0.0101337432861328 0.0300312042236328 -2.2888183593751E-05 0.0197715759277344
0.0108089447021484 0.0255184173583984 -0.000156879425048827 0.00498151779174805
0.0269947052001953 0.0110969543457031 -0.00619363784790039 0.00109720230102539
0.0278377532958984 -0.00231170654296875 -0.0120639801025391 0.00817680358886719
0.025390625 -0.00293922424316406 -0.0156450271606445 0.0123863220214844
0.0288448333740234 -0.0040435791015625 -0.0199985504150391 0.0131797790527344
0.0299873352050781 0.00309562683105469 -0.0222816467285156 0.00681686401367187
0.0237617492675781 0.0174903869628906 -0.022613525390625 -0.00185203552246094
0.0112190246582031 0.028594970703125 -0.011775016784668 -0.0100421905517578
-0.0194225311279297 0.0260753631591797 0.000163555145263671 -0.00787353515625
-0.0372962951660156 0.0113525390625 -0.00737571716308594 0.0151290893554688
-0.0412712097167969 -0.00654983520507812 -0.0410346984863281 0.0131149291992188
-0.0124702453613281 -0.0221309661865234 -0.034637451171875 0.0161857604980469
-0.0203323364257812 -0.0123825073242188 -0.0360832214355469 0.0239601135253906
-0.0203475952148437 -0.000337600708007812 -0.0153083801269531 0.0239200592041016
-0.0122699737548828 0.0146694183349609 -0.00496959686279297 0.0138683319091797
0.00207614898681641 0.0162725448608398 -0.00640964508056641 0.00243043899536133
0.01495361328125 0.0102825164794922 -0.0147275924682617 0.00235080718994141
0.017333984375 0.000706672668457031 -0.0208206176757813 0.0115928649902344
0.0167369842529297 -0.000459671020507813 -0.0233287811279297 0.0166091918945313
0.0194091796875 -0.00149154663085938 -0.0271759033203125 0.0165672302246094
0.0207328796386719 0.00227737426757813 -0.0300922393798828 0.00686836242675781
0.0169763565063477 0.0130910873413086 -0.0278339385986328 -0.00312614440917969
0.00732994079589844 0.021484375 -0.0155715942382813 -0.0115566253662109
-0.0164642333984375 0.0179119110107422 -0.00339317321777344 -0.00918197631835937
-0.0300216674804688 0.00202369689941406 -0.0146951675415039 0.0128450393676758
-0.0284690856933594 -0.0145454406738281 -0.0500907897949219 0.00582504272460938
0.00275707244873047 0.0172338485717773 0.0505409240722656 -0.00298309326171875
0.0171232223510742 0.00337886810302734 0.0197334289550781 -0.00646591186523438
0.0071868896484375 -0.0106058120727539 0.00453662872314453 0.00948715209960938
-0.00249576568603516 -0.0102081298828125 0.0200748443603516 0.0179100036621094
-0.00728321075439453 -0.00689268112182617 0.0342197418212891 0.00606918334960937
-0.011408805847168 -0.0009765625 0.0374717712402344 -0.0103912353515625
-0.00716781616210938 -0.000747680664062499 0.0324001312255859 -0.0207939147949219
-0.00526285171508789 -0.0022134780883789 0.0261898040771484 -0.0195293426513672
-0.00675630569458008 -0.00437211990356445 0.0234260559082031 -0.0128879547119141
-0.00104618072509766 -0.00868368148803711 0.0194683074951172 -0.00546646118164063
0.00754070281982422 -0.00793743133544922 0.00947475433349609 -0.00299930572509766
0.0124435424804688 0.000265121459960938 0.00827693939208984 -0.00937938690185547
0.0103158950805664 0.0125465393066406 0.0192451477050781 -0.0194931030273438
0.00336647033691406 0.0221786499023438 0.0361557006835938 -0.0191154479980469
-0.00815391540527344 0.0238819122314453 0.0342426300048828 -0.00699043273925781
-0.0175323486328125 0.01910400390625 0.0488052368164062 0.00556182861328125
0.00253105163574219 0.0134305953979492 0.0194797515869141 0.001129150390625
0.000311136245727539 0.00314497947692871 0.00600242614746094 0.0144863128662109
0.00100588798522949 0.0030980110168457 0.0229568481445313 0.0212841033935547
0.00247645378112793 0.00137948989868164 0.0360298156738281 0.00719833374023437
0.00232481956481934 3.19480895996094E-05 0.0389633178710938 -0.010589599609375
0.00573015213012695 -0.00467586517333984 0.0331935882568359 -0.0208225250244141
0.00726032257080078 -0.00489473342895508 0.0259342193603516 -0.0188274383544922
0.00782918930053711 -0.00689554214477539 0.0225181579589844 -0.0120716094970703
0.0128688812255859 -0.00534343719482422 0.0193748474121094 -0.00433540344238281
0.016998291015625 0.00264358520507813 0.0084528923034668 -0.00214004516601562
0.0148391723632812 0.014190673828125 0.00636196136474609 -0.00749111175537109
-0.000240325927734377 0.0242385864257813 0.0151643753051758 -0.0175561904907227
-0.0139236450195313 0.0286216735839844 0.0296878814697266 -0.0145664215087891
-0.0260791778564453 0.0253067016601562 0.0270633697509766 -8.9645385742186E-05
-0.036529541015625 0.0167045593261719 0.0406265258789062 0.0144233703613281
-0.0163154602050781 0.0220127105712891 0.0146865844726563 0.0104885101318359
-0.00861167907714844 0.0177230834960938 0.00567436218261719 0.0204296112060547
0.0040130615234375 0.0182914733886719 0.0234031677246094 0.0251712799072266
0.012115478515625 0.0109128952026367 0.0348873138427734 0.00919723510742188
0.0163745880126953 0.00142097473144531 0.0364952087402344 -0.00959014892578125
0.0182952880859375 -0.00785255432128906 0.0297660827636719 -0.0177459716796875
0.0190353393554688 -0.0074920654296875 0.0217418670654297 -0.0152473449707031
0.0205097198486328 -0.00872421264648438 0.0171661376953125 -0.00914382934570313
0.0255279541015625 -0.00285148620605469 0.0144443511962891 -0.00268173217773438
0.0256710052490234 0.0109214782714844 0.00405716896057129 -0.00180244445800781
0.0170230865478516 0.0240612030029297 0.00298213958740235 -0.00678586959838867
-0.00754928588867188 0.0324649810791016 0.0104303359985352 -0.0155134201049805
-0.0267677307128906 0.0325088500976563 0.0218639373779297 -0.00807952880859375
-0.0397148132324219 0.0244140625 0.0152902603149414 0.00633907318115235
-0.0502967834472656 0.0111274719238281 0.0245456695556641 0.0217361450195313
-0.0333099365234375 0.0253887176513672 0.00405693054199218 0.0199127197265625
-0.0194129943847656 0.0296764373779297 0.00226974487304688 0.0268764495849609
0.00417137145996094 0.0327777862548828 0.0209121704101563 0.0281333923339844
0.0197200775146484 0.0207252502441406 0.0293712615966797 0.0106792449951172
0.0282135009765625 0.00414466857910156 0.0293903350830078 -0.00665473937988281
0.028717041015625 -0.00922775268554688 0.0223827362060547 -0.0119953155517578
0.0275859832763672 -0.00856971740722656 0.0140342712402344 -0.00929164886474609
0.0308036804199219 -0.00945472717285156 0.00941753387451172 -0.00374889373779297
0.0340499877929688 -0.00139236450195312 0.00669670104980469 -0.000634193420410156
0.0304393768310547 0.0163288116455078 -0.00212383270263672 -0.000990867614746093
0.0188846588134766 0.0308570861816406 6.77108764648445E-05 -0.00673723220825195
-0.0123062133789063 0.0366630554199219 0.00694465637207031 -0.0130443572998047
-0.0352668762207031 0.0330009460449219 0.0146007537841797 -0.000303268432617185
-0.0482711791992187 0.0204086303710938 0.00150299072265625 0.0122051239013672
-0.055389404296875 0.00207901000976562 0.0049896240234375 0.0258255004882813
-0.04473876953125 0.0223617553710938 -0.0103244781494141 0.0269145965576172
-0.0288753509521484 0.0338764190673828 -0.00359725952148437 0.0306854248046875
0.00113677978515625 0.0414810180664063 0.0149307250976563 0.0282573699951172
0.0222244262695313 0.0280418395996094 0.0201740264892578 0.0106048583984375
0.0349330902099609 0.00708961486816406 0.01824951171875 -0.00381851196289062
0.0344505310058594 -0.00898170471191406 0.0110330581665039 -0.00462055206298828
0.0323104858398438 -0.00844955444335938 0.00397348403930664 -0.00165414810180664
0.035614013671875 -0.0096588134765625 -0.00104951858520508 0.00232434272766113
0.0379600524902344 -0.00028228759765625 -0.00359010696411133 0.00202631950378418
0.0324535369873047 0.0191326141357422 -0.00954341888427734 -0.00131797790527344
0.0185413360595703 0.0339069366455078 -0.0041656494140625 -0.00722837448120117
-0.0158843994140625 0.036773681640625 0.00475502014160156 -0.0104026794433594
-0.0394363403320313 0.0296974182128906 0.00720548629760742 0.00725650787353516
-0.0514373779296875 0.0135879516601562 -0.0136928558349609 0.0157175064086914
-0.0493316650390625 -0.00714492797851562 -0.0133533477783203 0.0257759094238281
-0.04608154296875 0.0127487182617188 -0.0232563018798828 0.0297985076904297
-0.0337047576904297 0.0287742614746094 -0.0103378295898438 0.0309181213378906
-0.00453567504882813 0.0408668518066406 0.00618171691894531 0.0256061553955078
0.0195369720458984 0.0303974151611328 0.0092000961303711 0.00937461853027344
0.03497314453125 0.0095367431640625 0.00568628311157227 -0.000993251800537109
0.0344371795654297 -0.00652122497558594 -0.000799179077148435 0.00226092338562012
0.0315399169921875 -0.00660896301269531 -0.00682783126831054 0.0061192512512207
0.0351333618164063 -0.00794029235839844 -0.0112943649291992 0.00829505920410156
0.0364799499511719 0.000728607177734375 -0.0138053894042969 0.00433540344238281
0.0297889709472656 0.0191822052001953 -0.0167264938354492 -0.00179100036621093
0.0159816741943359 0.0326786041259766 -0.00804805755615234 -0.00888919830322266
-0.0184135437011719 0.0332546234130859 0.00258731842041015 -0.0088043212890625
-0.0400276184082031 0.0226097106933594 0.000113487243652342 0.0127429962158203
-0.0485916137695313 0.00479507446289062 -0.0282649993896484 0.0158767700195313
-0.0338535308837891 -0.0161151885986328 -0.0290584564208984 0.0221595764160156
-0.0364799499511719 -9.53674316406254E-05 -0.0333080291748047 0.0282783508300781
-0.030120849609375 0.0165328979492187 -0.01446533203125 0.0283050537109375
-0.0093841552734375 0.0314159393310547 -9.53674316406266E-05 0.0200290679931641
0.0122718811035156 0.0257091522216797 -0.000431537628173827 0.00593852996826172
0.0280532836914063 0.0102577209472656 -0.00692415237426758 0.000925540924072266
0.0281600952148438 -0.00356864929199219 -0.0125494003295898 0.00864601135253906
0.0261783599853516 -0.00441169738769531 -0.0163021087646484 0.0129146575927734
0.0296573638916016 -0.00547981262207031 -0.0204925537109375 0.0129871368408203
0.0304584503173828 0.00149917602539063 -0.0229969024658203 0.00657081604003906
0.0245265960693359 0.0170783996582031 -0.0229969024658203 -0.00209426879882813
0.0120964050292969 0.0282993316650391 -0.0124759674072266 -0.0100593566894531
-0.0193672180175781 0.0268173217773437 -0.000276088714599611 -0.00869274139404297
-0.0373497009277344 0.01300048828125 -0.00721645355224609 0.0146303176879883
-0.0412254333496094 -0.00512313842773438 -0.040802001953125 0.013092041015625
-0.0140151977539062 -0.0217437744140625 -0.0355415344238281 0.0164756774902344
-0.0203742980957031 -0.0114860534667969 -0.0364761352539062 0.0238227844238281
-0.0210475921630859 0.00112724304199219 -0.0157699584960937 0.0235824584960938
-0.0115480422973633 0.0156841278076172 -0.00565910339355469 0.0138759613037109
0.0030059814453125 0.0164585113525391 -0.00685691833496094 0.00298309326171875
0.0159749984741211 0.00903701782226563 -0.0153932571411133 0.00321006774902344
0.0180912017822266 -3.814697265625E-06 -0.0206336975097656 0.0126399993896484
0.0171012878417969 -0.00139141082763672 -0.0227317810058594 0.0174713134765625
0.01959228515625 -0.00237274169921875 -0.0278034210205078 0.0169544219970703
0.0215492248535156 0.0014495849609375 -0.0309333801269531 0.00723648071289062
0.0175590515136719 0.0125331878662109 -0.02880859375 -0.00336456298828125
0.00832366943359375 0.0210666656494141 -0.0159292221069336 -0.0123739242553711
-0.0165824890136719 0.018829345703125 -0.00332927703857422 -0.00916004180908203
-0.0297164916992188 0.00357246398925781 -0.0146932601928711 0.0129146575927734
-0.0286502838134766 -0.0135040283203125 -0.0504531860351563 0.00588607788085939
0.00313568115234375 0.0172109603881836 0.0523643493652344 -0.00357437133789062
0.0176258087158203 0.00265693664550781 0.0196304321289063 -0.00702667236328125
0.00693321228027344 -0.0109653472900391 0.00443363189697266 0.0099639892578125
-0.00284767150878906 -0.0102405548095703 0.0209922790527344 0.0186481475830078
-0.00776481628417969 -0.00652837753295898 0.035736083984375 0.00519943237304688
-0.0113706588745117 -0.000144004821777343 0.0391197204589844 -0.011932373046875
-0.00704479217529297 -0.000450134277343749 0.0333957672119141 -0.02294921875
-0.00515413284301758 -0.00190067291259766 0.0266399383544922 -0.0211448669433594
-0.00681209564208984 -0.00383520126342773 0.0232353210449219 -0.0146160125732422
-0.00152921676635742 -0.00841569900512695 0.0203781127929688 -0.00704002380371094
0.00713729858398438 -0.00861120223999023 0.0107221603393555 -0.00421619415283203
0.0120420455932617 -0.000393867492675781 0.00943946838378906 -0.0101699829101562
0.0107698440551758 0.0118446350097656 0.0205402374267578 -0.0202999114990234
0.00439262390136719 0.0223159790039062 0.0375137329101563 -0.0204505920410156
-0.00712776184082031 0.0240211486816406 0.0363273620605469 -0.008026123046875
-0.0179767608642578 0.0201454162597656 0.0506553649902344 0.00506973266601563
0.00174331665039063 0.0141696929931641 0.0199794769287109 0.000377655029296876
0.00018310546875 0.0038151741027832 0.00585842132568359 0.0148372650146484
0.00156950950622559 0.00372099876403809 0.0238094329833984 0.0217990875244141
0.00257229804992676 0.00176119804382324 0.0376472473144531 0.00682449340820313
0.00323486328125 4.88758087158203E-05 0.0404129028320313 -0.0124397277832031
0.00645875930786133 -0.00525617599487305 0.0341434478759766 -0.0231304168701172
0.00791692733764649 -0.00562715530395508 0.02593994140625 -0.0212764739990234
0.00809907913208008 -0.00702571868896484 0.0228843688964844 -0.0139656066894531
0.0135698318481445 -0.00548744201660156 0.0197734832763672 -0.00642776489257813
0.0179290771484375 0.00248336791992188 0.00951099395751953 -0.0030975341796875
0.0151901245117188 0.0146360397338867 0.00755834579467774 -0.00823593139648437
-4.19616699218764E-05 0.0247459411621094 0.0160064697265625 -0.018035888671875
-0.0138988494873047 0.0293636322021484 0.0308971405029297 -0.015716552734375
-0.0260257720947266 0.0261745452880859 0.0291271209716797 -0.00158309936523437
-0.0374794006347656 0.0181350708007812 0.0420570373535156 0.0142707824707031
-0.0165996551513672 0.0233936309814453 0.0146589279174805 0.00979804992675782
-0.0087890625 0.0192527770996094 0.00528526306152344 0.0206966400146484
0.00482940673828125 0.0195522308349609 0.0246372222900391 0.0255088806152344
0.0128440856933594 0.0116786956787109 0.0362396240234375 0.00879669189453125
0.0175819396972656 0.001312255859375 0.0377388000488281 -0.0106239318847656
0.0195789337158203 -0.00864601135253906 0.0305099487304688 -0.0198612213134766
0.0199737548828125 -0.00835418701171875 0.0214977264404297 -0.0173664093017578
0.0219097137451172 -0.00950431823730469 0.0172662734985352 -0.0104074478149414
0.026611328125 -0.00349807739257813 0.0151557922363281 -0.00437831878662109
0.0265464782714844 0.0107021331787109 0.00508928298950195 -0.00314950942993164
0.0187091827392578 0.0252571105957031 0.00420045852661133 -0.0077676773071289
-0.00711250305175781 0.0340919494628906 0.0111169815063477 -0.0164632797241211
-0.0271587371826172 0.0347194671630859 0.0228862762451172 -0.00909614562988281
-0.0407447814941406 0.0257949829101563 0.0171699523925781 0.00530624389648438
-0.0519866943359375 0.0132598876953125 0.0263519287109375 0.0216197967529297
-0.0339450836181641 0.0275382995605469 0.00402259826660156 0.0199546813964844
-0.0196571350097656 0.0320072174072266 0.00203895568847656 0.0274372100830078
0.00546836853027344 0.0343303680419922 0.0218181610107422 0.0288505554199219
0.0217208862304688 0.0215682983398438 0.0303821563720703 0.0106792449951172
0.0303134918212891 0.00332260131835938 0.0299243927001953 -0.00761795043945313
0.0296897888183594 -0.0109710693359375 0.0229091644287109 -0.0134563446044922
0.0292034149169922 -0.0100650787353516 0.0138483047485352 -0.0104560852050781
0.0321502685546875 -0.0113754272460938 0.00895977020263672 -0.00478267669677735
0.0355453491210937 -0.00254440307617187 0.00655460357666016 -0.00178861618041992
0.0328845977783203 0.0162887573242188 -0.00218749046325683 -0.00284409523010254
0.0209636688232422 0.0316410064697266 3.62396240234382E-05 -0.007843017578125
-0.0122299194335937 0.0390968322753906 0.00745773315429688 -0.0137290954589844
-0.0359954833984375 0.0355110168457031 0.0154485702514648 -0.0016937255859375
-0.0495452880859375 0.0223846435546875 0.00284957885742187 0.0112829208374023
-0.0576515197753906 0.00441741943359375 0.00573348999023437 0.0261058807373047
-0.0463829040527344 0.0242576599121094 -0.0100574493408203 0.0273380279541016
-0.0292472839355469 0.0371475219726563 -0.00436210632324219 0.0312156677246094
0.00245285034179688 0.0435218811035156 0.0153732299804688 0.0291862487792969
0.0246505737304688 0.0290565490722656 0.0208568572998047 0.0110244750976563
0.03704833984375 0.00623321533203125 0.0184192657470703 -0.00391006469726563
0.0361785888671875 -0.01055908203125 0.0116539001464844 -0.00595283508300781
0.0336360931396484 -0.0102767944335938 0.00369381904602051 -0.00199532508850098
0.0371017456054688 -0.0114212036132813 -0.00133955478668213 0.0017322301864624
0.0396766662597656 -0.00149154663085938 -0.00386452674865722 0.00130844116210938
0.0344924926757812 0.0188465118408203 -0.009552001953125 -0.0022439956665039
0.0205726623535156 0.0346736907958984 -0.00385665893554687 -0.00845050811767578
-0.015777587890625 0.0396232604980469 0.00475692749023437 -0.0112972259521484
-0.0405464172363281 0.0325736999511719 0.00814008712768554 0.00651407241821289
-0.0529975891113281 0.0158271789550781 -0.0132045745849609 0.0150651931762695
-0.0516624450683594 -0.00574493408203125 -0.0137004852294922 0.0267162322998047
-0.0477333068847656 0.0149078369140625 -0.023834228515625 0.0304737091064453
-0.0344276428222656 0.0319538116455078 -0.010467529296875 0.0315208435058594
-0.00319671630859375 0.0430717468261719 0.00633621215820312 0.026275634765625
0.0216732025146484 0.0309982299804688 0.00949192047119141 0.00954246520996094
0.0374755859375 0.00891876220703125 0.00529193878173828 -0.000220775604248046
0.0352706909179688 -0.00883865356445313 -0.000968456268310545 0.00241947174072266
0.0328426361083984 -0.008819580078125 -0.00702476501464844 0.00627851486206055
0.0367851257324219 -0.0102882385253906 -0.0122947692871094 0.00844001770019531
0.0378875732421875 -0.00101852416992188 -0.0148105621337891 0.0041351318359375
0.032257080078125 0.0191097259521484 -0.0175399780273437 -0.0025033950805664
0.0178585052490234 0.0335311889648438 -0.00811290740966797 -0.00957012176513672
-0.0179481506347656 0.0357398986816406 0.00228500366210937 -0.0097970962524414
-0.0415229797363281 0.0254745483398438 0.000372886657714841 0.0121307373046875
-0.0501441955566406 0.00655746459960938 -0.0287437438964844 0.0155830383300781
-0.0363655090332031 -0.0146255493164062 -0.0296573638916016 0.0233364105224609
-0.0382957458496094 0.00178527832031249 -0.0340709686279297 0.0292453765869141
-0.0310516357421875 0.0190315246582031 -0.0149707794189453 0.0290260314941406
-0.0079803466796875 0.0330581665039063 -0.000959396362304688 0.0202579498291016
0.0138015747070313 0.0265674591064453 -0.000835895538330077 0.0063934326171875
0.0295391082763672 0.00933265686035156 -0.00768089294433594 0.00249767303466797
0.0292816162109375 -0.00530624389648437 -0.0124130249023437 0.00950813293457031
0.0268173217773438 -0.00584220886230469 -0.0160179138183594 0.0138874053955078
0.0304698944091797 -0.00737380981445313 -0.0210781097412109 0.0142765045166016
0.0319709777832031 -9.5367431640625E-05 -0.0242767333984375 0.00710105895996094
0.0266017913818359 0.0166149139404297 -0.0245990753173828 -0.00234603881835938
0.0140132904052734 0.02880859375 -0.0129203796386719 -0.0111026763916016
-0.0186882019042969 0.0288791656494141 -8.2969665527345E-05 -0.00943374633789062
-0.0386695861816406 0.0154800415039062 -0.00675582885742188 0.0148515701293945
-0.042724609375 -0.0034942626953125 -0.0418663024902344 0.0131988525390625
-0.0153369903564453 -0.0219821929931641 -0.0366554260253906 0.0181922912597656
-0.0218448638916016 -0.0106754302978516 -0.037841796875 0.02532958984375
-0.0218639373779297 0.00231361389160156 -0.0161018371582031 0.0243568420410156
-0.0110092163085937 0.0169467926025391 -0.00595188140869141 0.0148181915283203
0.00438880920410156 0.0165214538574219 -0.00758457183837891 0.00406694412231445
0.0171518325805664 0.00870895385742188 -0.0161170959472656 0.00439643859863281
0.0183963775634766 -0.00118255615234375 -0.0207710266113281 0.0137825012207031
0.0176792144775391 -0.00268173217773437 -0.0232772827148438 0.0189857482910156
0.020263671875 -0.00410842895507813 -0.0285701751708984 0.0184192657470703
0.0219612121582031 0.000246047973632813 -0.0322761535644531 0.00842094421386719
0.0187892913818359 0.0119743347167969 -0.0304203033447266 -0.00335121154785156
0.00949668884277344 0.0212936401367188 -0.0169448852539063 -0.0125770568847656
-0.0162868499755859 0.0200481414794922 -0.00349521636962891 -0.00967979431152344
-0.0304546356201172 0.00522422790527343 -0.0143518447875977 0.0136137008666992
-0.0295352935791016 -0.0126667022705078 -0.0523681640625 0.00647735595703124
0.00385284423828125 0.0178508758544922 0.0543174743652344 -0.00592803955078125
0.0176353454589844 0.0021820068359375 0.0200443267822266 -0.00788116455078125
0.00629043579101562 -0.0107250213623047 0.00468730926513672 0.010502815246582
-0.00335025787353516 -0.0103330612182617 0.0226688385009766 0.0185260772705078
-0.0082240104675293 -0.00600290298461914 0.0377197265625 0.00368118286132813
-0.0113620758056641 0.00126552581787109 0.0404319763183594 -0.0149192810058594
-0.00673580169677734 -3.95774841308602E-05 0.0333671569824219 -0.0258884429931641
-0.00527858734130859 -0.00179815292358399 0.0263805389404297 -0.0241584777832031
-0.00735759735107422 -0.00288677215576172 0.0235633850097656 -0.0171680450439453
-0.00216293334960938 -0.00796175003051758 0.0210189819335938 -0.00956153869628906
0.0063934326171875 -0.00899600982666016 0.0119352340698242 -0.00540447235107422
0.0123672485351563 -0.00114250183105469 0.0103054046630859 -0.0113925933837891
0.0117092132568359 0.0119915008544922 0.0210208892822266 -0.0214042663574219
0.00551986694335937 0.0220928192138672 0.0384063720703125 -0.0232734680175781
-0.00580596923828125 0.0248069763183594 0.0384597778320313 -0.0110664367675781
-0.0177154541015625 0.0214252471923828 0.0527839660644531 0.00350570678710938
0.00248622894287109 0.0149755477905273 0.0203704833984375 -0.000894546508789062
0.000397682189941406 0.00474452972412109 0.00657463073730469 0.0151729583740234
0.00188374519348145 0.00396871566772461 0.0258293151855469 0.0216255187988281
0.00311470031738281 0.0022425651550293 0.0393524169921875 0.00553131103515625
0.00369405746459961 0.00046992301940918 0.0416450500488281 -0.0150985717773438
0.00669670104980469 -0.00537633895874023 0.0341606140136719 -0.0260143280029297
0.00838851928710938 -0.00635719299316406 0.0256233215332031 -0.0235157012939453
0.00850105285644531 -0.00775814056396484 0.0226211547851563 -0.0165176391601563
0.0139894485473633 -0.00604438781738281 0.0205020904541016 -0.00875473022460938
0.0182094573974609 0.00178146362304687 0.0102939605712891 -0.00509929656982422
0.016697883605957 0.0140018463134766 0.00838470458984375 -0.00935554504394531
0.00133705139160156 0.0257968902587891 0.0162277221679688 -0.0194473266601563
-0.0128536224365234 0.0312862396240234 0.0315265655517578 -0.0181636810302734
-0.025848388671875 0.0281276702880859 0.0314826965332031 -0.00368118286132812
-0.038604736328125 0.0212516784667969 0.0442962646484375 0.0124740600585938
-0.0167350769042969 0.0255928039550781 0.0153121948242188 0.00917530059814453
-0.00839996337890625 0.0212516784667969 0.00601577758789062 0.0217990875244141
0.00627326965332031 0.0204925537109375 0.0265655517578125 0.025482177734375
0.0147972106933594 0.0117025375366211 0.0377044677734375 0.00737380981445312
0.0188636779785156 0.000629425048828125 0.0387001037597656 -0.0132942199707031
0.0203647613525391 -0.0102519989013672 0.0306358337402344 -0.0223617553710938
0.0205345153808594 -0.00998878479003906 0.0210914611816406 -0.01947021484375
0.0225963592529297 -0.011260986328125 0.0172910690307617 -0.0125360488891602
0.0275650024414063 -0.00509834289550781 0.0151700973510742 -0.00703239440917969
0.0282630920410156 0.0100421905517578 0.00535678863525391 -0.00459480285644531
0.0204982757568359 0.0254402160644531 0.00466156005859375 -0.00892829895019531
-0.00584793090820312 0.0360336303710938 0.0114669799804687 -0.0174341201782227
-0.0264663696289063 0.0379257202148438 0.0236625671386719 -0.0109939575195312
-0.0411338806152344 0.0284271240234375 0.0193805694580078 0.00336456298828125
-0.0541000366210938 0.0166702270507813 0.0277042388916016 0.02117919921875
-0.0345859527587891 0.0305213928222656 0.00470733642578125 0.0196170806884766
-0.0192108154296875 0.035552978515625 0.00255012512207031 0.0281448364257813
0.00776290893554687 0.0361137390136719 0.0234165191650391 0.0287265777587891
0.0236949920654297 0.0216083526611328 0.0319004058837891 0.00984001159667969
0.03204345703125 0.00218963623046875 0.030670166015625 -0.0091094970703125
0.0308818817138672 -0.0133171081542969 0.0228443145751953 -0.0154323577880859
0.0298328399658203 -0.0126838684082031 0.0134305953979492 -0.0119295120239258
0.0330638885498047 -0.0140457153320313 0.00816679000854492 -0.00607204437255859
0.0372772216796875 -0.00477218627929688 0.00655508041381836 -0.00379848480224609
0.03515625 0.0148696899414062 -0.00187492370605469 -0.00384378433227539
0.0236606597900391 0.0320949554443359 0.000206947326660157 -0.00910186767578125
-0.0105514526367187 0.0423049926757813 0.0072946548461914 -0.014653205871582
-0.0355911254882813 0.0395965576171875 0.0160627365112305 -0.00274467468261718
-0.0507545471191406 0.0256919860839844 0.00460338592529297 0.0107574462890625
-0.059967041015625 0.00753402709960936 0.00709724426269531 0.0268077850341797
-0.0473861694335938 0.0287704467773438 -0.00961685180664063 0.0279521942138672
-0.0291671752929687 0.0414161682128906 -0.00346946716308594 0.0325870513916016
0.00475692749023438 0.0456314086914062 0.0164051055908203 0.0294189453125
0.0279598236083984 0.0289249420166016 0.0217189788818359 0.0107765197753906
0.0396156311035156 0.0043487548828125 0.0188159942626953 -0.00475311279296875
0.0367660522460938 -0.0137214660644531 0.0114946365356445 -0.00650691986083984
0.0341701507568359 -0.0131645202636719 0.00332522392272949 -0.00298643112182617
0.0383148193359375 -0.0147285461425781 -0.00215828418731689 0.00201964378356933
0.041229248046875 -0.00447845458984375 -0.00444984436035156 0.00100564956665039
0.0377616882324219 0.0176963806152344 -0.010188102722168 -0.00281524658203125
0.0238933563232422 0.0347671508789063 -0.00456047058105469 -0.00948524475097656
-0.0141563415527344 0.0428810119628906 0.00475788116455078 -0.0125112533569336
-0.0404624938964844 0.0368537902832031 0.00891304016113281 0.00603103637695313
-0.0543632507324219 0.0192947387695313 -0.0121955871582031 0.0157966613769531
-0.0548133850097656 -0.00257492065429687 -0.01318359375 0.0282268524169922
-0.0491180419921875 0.018402099609375 -0.0241336822509766 0.0322170257568359
-0.0345039367675781 0.03643798828125 -0.00963211059570313 0.0325794219970703
-0.000713348388671873 0.0457763671875 0.00748825073242187 0.0268096923828125
0.0247707366943359 0.0310516357421875 0.00981998443603516 0.0100774765014648
0.0393180847167969 0.00675582885742188 0.00521183013916016 8.24928283691411E-05
0.0365257263183594 -0.0116157531738281 -0.000970602035522459 0.0022273063659668
0.0334682464599609 -0.011688232421875 -0.00701189041137695 0.00642967224121094
0.0375328063964844 -0.0131912231445312 -0.0126857757568359 0.00917911529541015
0.0400581359863281 -0.0037994384765625 -0.0152616500854492 0.00467300415039063
0.0352935791015625 0.0175819396972656 -0.0184993743896484 -0.00196075439453125
0.0210857391357422 0.0338077545166016 -0.00908660888671875 -0.0102052688598633
-0.0167083740234375 0.0392799377441406 0.00218677520751953 -0.0106649398803711
-0.0417900085449219 0.0293731689453125 0.001007080078125 0.0121269226074219
-0.0518035888671875 0.00978469848632812 -0.028106689453125 0.0169277191162109
-0.0388679504394531 -0.0127372741699219 -0.0298843383789063 0.0257701873779297
-0.0396347045898438 0.00469970703124999 -0.0344963073730469 0.0310573577880859
-0.0313262939453125 0.0222930908203125 -0.0146083831787109 0.0303230285644531
-0.00644683837890625 0.0354270935058594 -0.000389099121093749 0.0214672088623047
0.0169754028320313 0.0263481140136719 -0.00100374221801758 0.00730085372924805
0.0319747924804688 0.00792312622070313 -0.00775814056396484 0.00378990173339844
0.0299472808837891 -0.00761795043945312 -0.0124683380126953 0.0103244781494141
0.0282192230224609 -0.0083160400390625 -0.0160207748413086 0.0154104232788086
0.0312995910644531 -0.00998878479003906 -0.0217399597167969 0.0164165496826172
0.0331764221191406 -0.00239181518554687 -0.0253582000732422 0.008209228515625
0.0294628143310547 0.0155715942382813 -0.026397705078125 -0.00124359130859375
0.0166854858398438 0.0292701721191406 -0.01416015625 -0.0116205215454102
-0.0179424285888672 0.0314979553222656 -0.000535964965820313 -0.00980949401855469
-0.0385513305664063 0.0191116333007813 -0.00592231750488281 0.0157928466796875
-0.0441970825195313 -0.000713348388671884 -0.0431175231933594 0.0150299072265625
-0.017333984375 -0.0212459564208984 -0.0380325317382813 0.0204086303710937
-0.0235652923583984 -0.009490966796875 -0.0382232666015625 0.0274429321289062
-0.0224456787109375 0.0044403076171875 -0.0156478881835937 0.0255279541015625
-0.0101585388183594 0.0182666778564453 -0.00627231597900391 0.0159549713134766
0.00648593902587891 0.0170440673828125 -0.00853347778320313 0.00510311126708985
0.0185756683349609 0.00753211975097656 -0.016632080078125 0.00649356842041016
0.0187664031982422 -0.00281143188476563 -0.0202388763427734 0.0158061981201172
0.0182876586914062 -0.00412559509277344 -0.0229721069335938 0.0210208892822266
0.0209636688232422 -0.00572967529296875 -0.0290069580078125 0.0213985443115234
0.0227775573730469 -0.00165557861328125 -0.0334091186523438 0.0101585388183594
0.0207881927490234 0.0110206604003906 -0.0319995880126953 -0.00176620483398437
0.0113811492919922 0.0215816497802734 -0.0184364318847656 -0.0124759674072266
-0.0153656005859375 0.0216045379638672 -0.00390815734863281 -0.0104846954345703
-0.0307807922363281 0.00765037536621094 -0.0137767791748047 0.0144548416137695
-0.0307598114013672 -0.0112667083740234 -0.0538597106933594 0.00894927978515626
0.00505542755126953 0.0172863006591797 0.0551986694335938 -0.00883102416992188
0.0175018310546875 0.00118541717529297 0.0190334320068359 -0.00918769836425781
0.00583457946777344 -0.0115385055541992 0.00498676300048828 0.0106840133666992
-0.00414848327636719 -0.00991535186767578 0.0243377685546875 0.0177974700927734
-0.00945568084716797 -0.00485610961914062 0.0382614135742187 0.001251220703125
-0.0108747482299805 0.00271511077880859 0.0400161743164063 -0.0185813903808594
-0.00662612915039062 0.00128316879272461 0.0322151184082031 -0.0293312072753906
-0.00560379028320313 -0.00124931335449219 0.0249519348144531 -0.0266914367675781
-0.0071101188659668 -0.00230789184570313 0.0225658416748047 -0.0200786590576172
-0.00232458114624023 -0.00732946395874023 0.0202598571777344 -0.0118618011474609
0.00546550750732422 -0.00905704498291015 0.0124197006225586 -0.00721549987792969
0.0121049880981445 -0.00186443328857422 0.0106697082519531 -0.0123605728149414
0.0123090744018555 0.0111141204833984 0.0205650329589844 -0.0225601196289063
0.00737571716308594 0.0217704772949219 0.0374565124511719 -0.0256614685058594
-0.0042877197265625 0.0249195098876953 0.03936767578125 -0.0147743225097656
-0.0167560577392578 0.0229454040527344 0.0545768737792969 0.000267028808593751
0.00296974182128906 0.0154790878295898 0.0197944641113281 -0.00146865844726562
0.000640392303466797 0.00510835647583008 0.00716972351074218 0.0151767730712891
0.00217390060424805 0.00459003448486328 0.0274181365966797 0.0208969116210938
0.00313258171081543 0.00261998176574707 0.0402259826660156 0.0030364990234375
0.00393390655517578 0.000544309616088867 0.0412940979003906 -0.018402099609375
0.00690460205078125 -0.0059046745300293 0.032623291015625 -0.0291938781738281
0.00780057907104492 -0.0071101188659668 0.0240859985351563 -0.0265045166015625
0.00834321975708008 -0.00842618942260742 0.0213375091552734 -0.0192737579345703
0.0139684677124023 -0.00704288482666016 0.0199089050292969 -0.0117855072021484
0.0185050964355469 0.000835418701171875 0.0103425979614258 -0.00695228576660156
0.0174455642700195 0.0132551193237305 0.00869846343994141 -0.0107898712158203
0.00264739990234375 0.0260047912597656 0.0158824920654297 -0.020751953125
-0.0114536285400391 0.03271484375 0.0316734313964844 -0.0207843780517578
-0.0242557525634766 0.0300083160400391 0.0329856872558594 -0.00715827941894531
-0.038299560546875 0.0246467590332031 0.0463066101074219 0.0102958679199219
-0.0153770446777344 0.0276355743408203 0.0154819488525391 0.00803184509277344
-0.00727653503417968 0.0235328674316406 0.00710487365722656 0.0219554901123047
0.00804710388183594 0.0204200744628906 0.0287017822265625 0.0251140594482422
0.0159692764282227 0.0111722946166992 0.0390815734863281 0.00550079345703125
0.0196571350097656 -0.000116348266601563 0.0381927490234375 -0.0159759521484375
0.0201072692871094 -0.0121250152587891 0.0288772583007813 -0.0252285003662109
0.0198554992675781 -0.0122356414794922 0.0194625854492188 -0.0217800140380859
0.0224781036376953 -0.0135097503662109 0.0155773162841797 -0.0145292282104492
0.0280742645263672 -0.00745773315429688 0.0143747329711914 -0.00953102111816406
0.0301036834716797 0.00835990905761719 0.00531864166259766 -0.00604629516601563
0.0228710174560547 0.0246601104736328 0.00453758239746094 -0.00982570648193359
-0.00362396240234375 0.0374870300292969 0.0111026763916016 -0.0183773040771484
-0.0246047973632812 0.0404548645019531 0.0236301422119141 -0.0133018493652344
-0.0401153564453125 0.0315399169921875 0.0209980010986328 0.00113105773925781
-0.0544967651367188 0.0210685729980469 0.0298786163330078 0.0196914672851563
-0.0332813262939453 0.0340538024902344 0.00540542602539062 0.0193214416503906
-0.0169296264648437 0.0383224487304688 0.00359535217285156 0.0284042358398438
0.0107650756835937 0.0363197326660156 0.0251445770263672 0.0281200408935547
0.0262527465820313 0.0203952789306641 0.0328426361083984 0.00789642333984375
0.0332870483398438 -0.00018310546875 0.0304355621337891 -0.0112552642822266
0.0305767059326172 -0.0159568786621094 0.0216751098632813 -0.0179061889648438
0.0295009613037109 -0.0156173706054687 0.0121135711669922 -0.0135040283203125
0.0327663421630859 -0.0173702239990234 0.00759363174438477 -0.00741434097290039
0.0377769470214844 -0.0081024169921875 0.00583887100219727 -0.00511789321899414
0.0374870300292969 0.0126380920410156 -0.00210762023925781 -0.00423574447631836
0.0266571044921875 0.0309734344482422 -0.000238418579101561 -0.00985908508300781
-0.00766372680664063 0.0446205139160156 0.00708389282226562 -0.0160255432128906
-0.0336265563964844 0.044036865234375 0.0166015625 -0.00442123413085937
-0.0499343872070313 0.0298881530761719 0.00639629364013672 0.00945663452148438
-0.0610618591308594 0.0126075744628906 0.00872993469238281 0.0266437530517578
-0.0461044311523438 0.0328407287597656 -0.00844573974609376 0.0289287567138672
-0.0266990661621094 0.04510498046875 -0.00233650207519532 0.0328617095947266
0.00862884521484375 0.0468559265136719 0.0178661346435547 0.0291004180908203
0.0308151245117187 0.0273456573486328 0.0223350524902344 0.0100555419921875
0.0411605834960937 0.00195693969726562 0.0184078216552734 -0.00498771667480469
0.0365562438964844 -0.0168952941894531 0.0112133026123047 -0.00725078582763672
0.033843994140625 -0.0164623260498047 0.00272417068481446 -0.00304889678955078
0.0378990173339844 -0.0183906555175781 -0.00247621536254883 0.00197100639343262
0.0414543151855469 -0.0082244873046875 -0.00486516952514648 0.000131607055664063
0.0405540466308594 0.014434814453125 -0.0107517242431641 -0.00288200378417969
0.0275516510009766 0.0338230133056641 -0.00533294677734375 -0.0100212097167969
-0.0108375549316406 0.0457916259765625 0.00432777404785156 -0.0130538940429687
-0.0386734008789063 0.0413169860839844 0.00981712341308594 0.00471687316894532
-0.0537834167480469 0.0237693786621094 -0.0104808807373047 0.015528678894043
-0.0565910339355469 0.00170135498046875 -0.0120296478271484 0.0297298431396484
-0.0493507385253906 0.0230522155761719 -0.0224876403808594 0.0336570739746094
-0.0324478149414063 0.0407218933105469 -0.00883674621582032 0.0335655212402344
0.00310134887695312 0.0470504760742188 0.00829696655273438 0.0268478393554688
0.0283126831054688 0.0298957824707031 0.0102081298828125 0.0100498199462891
0.0407180786132813 0.00397872924804688 0.00517416000366211 0.000803470611572266
0.0361213684082031 -0.0150527954101563 -0.000402927398681638 0.00219988822937012
0.0331821441650391 -0.015350341796875 -0.00689125061035156 0.00727081298828125
0.0371208190917969 -0.0170707702636719 -0.0127458572387695 0.0108022689819336
0.040435791015625 -0.00756454467773438 -0.0157909393310547 0.00528812408447266
0.0371742248535156 0.0150794982910156 -0.0192813873291016 -0.00145912170410156
0.0245895385742187 0.0331764221191406 -0.0100831985473633 -0.0102033615112305
-0.013885498046875 0.04180908203125 0.00163841247558594 -0.0110254287719727
-0.0401725769042969 0.03387451171875 0.00229644775390625 0.0117349624633789
-0.0520744323730469 0.0139656066894531 -0.0269374847412109 0.0180492401123047
-0.0410270690917969 -0.00981903076171876 -0.0293788909912109 0.0283432006835937
-0.0404434204101563 0.00843811035156249 -0.0336837768554688 0.0336589813232422
-0.0306472778320312 0.0260829925537109 -0.01318359375 0.0311737060546875
-0.00344467163085937 0.036895751953125 -4.38690185546863E-05 0.0216560363769531
0.0195980072021484 0.0262050628662109 -0.00113344192504883 0.00835227966308594
0.0329360961914062 0.00533103942871094 -0.00755214691162109 0.00519752502441406
0.0293960571289063 -0.0103607177734375 -0.011866569519043 0.0114564895629883
0.0270862579345703 -0.0116138458251953 -0.0154294967651367 0.0164318084716797
0.0310039520263672 -0.0131473541259766 -0.0208740234375 0.0186309814453125
0.0336685180664063 -0.00551986694335938 -0.0256004333496094 0.0100383758544922
0.0315151214599609 0.0132083892822266 -0.0266685485839844 -0.000120162963867184
0.0198593139648438 0.0283889770507813 -0.0153284072875977 -0.0110855102539062
-0.0153751373291016 0.0338668823242188 -0.00126457214355469 -0.0102596282958984
-0.03790283203125 0.022979736328125 -0.00482273101806641 0.0160322189331055
-0.0446281433105469 0.00244903564453125 -0.042327880859375 0.0174064636230469
-0.0196113586425781 -0.0200271606445313 -0.0384063720703125 0.0237960815429688
-0.0246257781982422 -0.00738143920898438 -0.0377769470214844 0.0302963256835937
-0.0222358703613281 0.00724983215332031 -0.0152263641357422 0.0269756317138672
-0.0081634521484375 0.019989013671875 -0.00610923767089844 0.0164251327514648
0.00800323486328125 0.0167779922485352 -0.0085911750793457 0.00655794143676758
0.0195064544677734 0.00598716735839844 -0.0164003372192383 0.00849246978759766
0.0190792083740234 -0.00478935241699219 -0.0192890167236328 0.0179996490478516
0.0179805755615234 -0.00613784790039063 -0.0216102600097656 0.0235157012939453
0.0207271575927734 -0.00770759582519531 -0.0278701782226563 0.0240345001220703
0.0230903625488281 -0.00368881225585938 -0.033447265625 0.0129642486572266
0.0217475891113281 0.00929069519042969 -0.0331993103027344 0.000133514404296871
0.013214111328125 0.0205268859863281 -0.0197124481201172 -0.0120697021484375
-0.0139942169189453 0.0232505798339844 -0.00457668304443359 -0.0109167098999023
-0.0306568145751953 0.0105247497558594 -0.0128002166748047 0.0151882171630859
-0.0314426422119141 -0.00893211364746093 -0.0541572570800781 0.0118179321289062
0.00617313385009765 0.0166940689086914 0.0547027587890625 -0.0117073059082031
0.0170602798461914 2.288818359375E-05 0.0182018280029297 -0.00986099243164063
0.00507450103759766 -0.0115013122558594 0.00523471832275391 0.0111284255981445
-0.00487613677978516 -0.00944709777832031 0.0251846313476563 0.0167961120605469
-0.00940704345703125 -0.00323200225830078 0.0384788513183594 -0.000823974609375
-0.0104408264160156 0.00345993041992187 0.0386238098144531 -0.021209716796875
-0.0062565803527832 0.00165510177612305 0.0298023223876953 -0.0310382843017578
-0.00522708892822266 -0.000558853149414063 0.0224132537841797 -0.0280189514160156
-0.00699234008789062 -0.00147485733032226 0.0206222534179688 -0.0216312408447266
-0.00306320190429687 -0.00682830810546875 0.0188674926757813 -0.0138664245605469
0.00414466857910156 -0.00918674468994141 0.0120630264282227 -0.00884628295898438
0.0114040374755859 -0.0026702880859375 0.0105953216552734 -0.0130739212036133
0.0128154754638672 0.00951385498046875 0.0192623138427734 -0.0236015319824219
0.00829696655273438 0.0207920074462891 0.0360908508300781 -0.02777099609375
-0.00287055969238281 0.024566650390625 0.0391387939453125 -0.0175743103027344
-0.0157089233398437 0.0239028930664063 0.0541725158691406 -0.00255966186523437
0.00316715240478516 0.0151777267456055 0.0188560485839844 -0.00248146057128906
0.000908374786376954 0.00558233261108398 0.00742244720458984 0.0154047012329102
0.00254392623901367 0.00452280044555664 0.0285396575927734 0.0195713043212891
0.00339007377624512 0.00247836112976074 0.0399017333984375 0.00038909912109375
0.00460529327392578 0.000675678253173828 0.0393600463867187 -0.0210189819335937
0.00656747817993164 -0.00635147094726563 0.0300655364990234 -0.0311946868896484
0.0073857307434082 -0.00774145126342773 0.0216274261474609 -0.0277194976806641
0.00801897048950195 -0.00853824615478516 0.0191287994384766 -0.0208148956298828
0.0136451721191406 -0.00776863098144531 0.0187301635742187 -0.0136680603027344
0.0184688568115234 0.000217437744140625 0.010258674621582 -0.00829029083251953
0.0176715850830078 0.0126476287841797 0.00883674621582031 -0.0114011764526367
0.00423240661621094 0.0259284973144531 0.0152034759521484 -0.0210342407226563
-0.00946426391601563 0.0332870483398438 0.0301113128662109 -0.0226459503173828
-0.0227108001708984 0.0307884216308594 0.0330371856689453 -0.0095062255859375
-0.0364418029785156 0.0266761779785156 0.0465126037597656 0.00775527954101563
-0.0138607025146484 0.0287799835205078 0.0156307220458984 0.00698184967041016
-0.00581741333007813 0.0243988037109375 0.00736236572265625 0.0213050842285156
0.00923919677734375 0.0206584930419922 0.029083251953125 0.0233993530273438
0.0167379379272461 0.0104207992553711 0.0388412475585938 0.00324630737304688
0.0200386047363281 -0.00180435180664062 0.0367393493652344 -0.0181427001953125
0.018951416015625 -0.0137424468994141 0.0271854400634766 -0.0271739959716797
0.0192680358886719 -0.0133953094482422 0.0171451568603516 -0.0230731964111328
0.0214195251464844 -0.0153350830078125 0.0142173767089844 -0.0161018371582031
0.0277347564697266 -0.00915336608886719 0.0135660171508789 -0.0109443664550781
0.0305538177490234 0.00632667541503906 0.00483083724975586 -0.00731229782104492
0.0242786407470703 0.0230026245117187 0.00461578369140625 -0.011052131652832
-0.00164031982421875 0.0379257202148438 0.0102252960205078 -0.0190715789794922
-0.0225791931152344 0.0421066284179688 0.0228538513183594 -0.0147724151611328
-0.0379180908203125 0.0337409973144531 0.0220260620117187 -0.00127220153808594
-0.0526771545410156 0.0245552062988281 0.0305042266845703 0.0176467895507813
-0.0314483642578125 0.0361366271972656 0.00578689575195312 0.0187110900878906
-0.0140151977539062 0.0399055480957031 0.00459671020507812 0.0280189514160156
0.0128631591796875 0.0359382629394531 0.0259170532226563 0.0268936157226563
0.0276241302490234 0.0183944702148437 0.0326385498046875 0.0066070556640625
0.0329475402832031 -0.00252532958984375 0.0292911529541016 -0.0124111175537109
0.0292034149169922 -0.0183773040771484 0.0201244354248047 -0.0191555023193359
0.0280437469482422 -0.0180778503417969 0.0103998184204102 -0.0146379470825195
0.0315780639648437 -0.0199699401855469 0.00632381439208985 -0.00798988342285156
0.0369300842285156 -0.0107536315917969 0.00485277175903321 -0.00630283355712891
0.0384254455566406 0.0101051330566406 -0.00265407562255859 -0.00576400756835937
0.028778076171875 0.0292453765869141 -0.000569343566894529 -0.0101232528686523
-0.00517654418945312 0.0453643798828125 0.00629520416259766 -0.0159187316894531
-0.0304222106933594 0.0460472106933594 0.0161361694335937 -0.00578498840332031
-0.0480270385742188 0.03253173828125 0.00733757019042968 0.00754976272583008
-0.0600242614746094 0.0172653198242187 0.00974845886230468 0.0260963439941406
-0.0435943603515625 0.0358352661132813 -0.00761795043945313 0.028411865234375
-0.023834228515625 0.0475616455078125 -0.00107765197753907 0.0326061248779297
0.0117568969726562 0.0463027954101563 0.0186023712158203 0.0279331207275391
0.0330924987792969 0.0248374938964844 0.0223674774169922 0.00898551940917969
0.0408172607421875 -0.000911712646484375 0.0181026458740234 -0.00567054748535156
0.0348281860351563 -0.0197792053222656 0.0100641250610352 -0.00856399536132813
0.0326728820800781 -0.0192680358886719 0.00226950645446778 -0.00368952751159668
0.036590576171875 -0.0216751098632812 -0.00289297103881836 0.00170731544494629
0.0410919189453125 -0.0114212036132813 -0.00537300109863281 -7.91549682617201E-05
0.0413169860839844 0.011871337890625 -0.0116386413574219 -0.00268650054931641
0.0295467376708984 0.0319118499755859 -0.00550651550292969 -0.009765625
-0.00787353515625 0.0464820861816406 0.00343227386474609 -0.0134449005126953
-0.0356483459472656 0.0440177917480469 0.009918212890625 0.00386810302734375
-0.0519752502441406 0.0271415710449219 -0.00900459289550781 0.0147304534912109
-0.0563240051269531 0.00624847412109374 -0.0102329254150391 0.0301113128662109
-0.0473861694335938 0.0265121459960937 -0.0210342407226563 0.0339870452880859
-0.0297050476074219 0.0431022644042969 -0.00780105590820312 0.0334682464599609
0.0064239501953125 0.0471878051757813 0.00889778137207031 0.0261726379394531
0.0301361083984375 0.0277023315429687 0.0103969573974609 0.00994682312011719
0.0411033630371094 0.00077056884765625 0.00512790679931641 0.00086212158203125
0.0347843170166016 -0.0179767608642578 -0.000773191452026365 0.00248599052429199
0.0317058563232422 -0.0172805786132813 -0.00669336318969727 0.00740194320678711
0.0356101989746094 -0.0197410583496094 -0.0122442245483398 0.0113306045532227
0.0395965576171875 -0.0104103088378906 -0.0159730911254883 0.00604820251464844
0.0387039184570312 0.0123176574707031 -0.0195140838623047 -0.000545501708984373
0.0268802642822266 0.0307483673095703 -0.0106868743896484 -0.00973033905029297
-0.0109901428222656 0.0429878234863281 0.00078296661376953 -0.0110321044921875
-0.0374794006347656 0.0366172790527344 0.00297832489013672 0.0110502243041992
-0.0507888793945313 0.0172576904296875 -0.0253734588623047 0.0190219879150391
-0.0413475036621094 -0.00620651245117188 -0.0283088684082031 0.030303955078125
-0.0393524169921875 0.0113525390625 -0.0314655303955078 0.034912109375
-0.028778076171875 0.0283298492431641 -0.0120105743408203 0.0309219360351563
-0.0010223388671875 0.0372238159179688 -5.7220458984388E-06 0.021759033203125
0.0215339660644531 0.0238399505615234 -0.00133514404296875 0.00882816314697266
0.0330047607421875 0.00303840637207031 -0.00750112533569336 0.00647735595703125
0.0285148620605469 -0.0127067565917969 -0.0109739303588867 0.0120992660522461
0.0259170532226563 -0.0133743286132813 -0.0138931274414062 0.0173568725585938
0.0297107696533203 -0.0159759521484375 -0.019805908203125 0.0202484130859375
0.0329360961914062 -0.00835990905761719 -0.0255126953125 0.0117149353027344
0.0320911407470703 0.0109939575195313 -0.0274772644042969 0.00136375427246094
0.0211391448974609 0.0267562866210938 -0.0162115097045898 -0.0101985931396484
-0.0130348205566406 0.0352134704589844 -0.00205039978027344 -0.0104894638061523
-0.0355911254882813 0.0256423950195313 -0.00390720367431641 0.0153102874755859
-0.0438003540039063 0.00564575195312499 -0.04071044921875 0.0192070007324219
-0.0207157135009766 -0.0178470611572266 -0.0372352600097656 0.0261306762695312
-0.0249080657958984 -0.00494575500488281 -0.0363540649414063 0.0319938659667969
-0.0217437744140625 0.00937652587890625 -0.0139980316162109 0.02679443359375
-0.00670623779296875 0.0207939147949219 -0.00627613067626953 0.0166759490966797
0.00944328308105469 0.015507698059082 -0.00862789154052734 0.00787115097045899
0.0200157165527344 0.00382614135742188 -0.0153484344482422 0.010289192199707
0.0178737640380859 -0.00623512268066406 -0.01776123046875 0.0190887451171875
0.0167198181152344 -0.00734996795654297 -0.0196037292480469 0.0242691040039063
0.0194778442382813 -0.00925827026367188 -0.0259227752685547 0.0261096954345703
0.0223236083984375 -0.00529861450195313 -0.0331764221191406 0.0147628784179687
0.0223960876464844 0.00742340087890625 -0.0333137512207031 0.00216865539550781
0.0147113800048828 0.0195693969726563 -0.0205917358398438 -0.0110054016113281
-0.0122642517089844 0.0245571136474609 -0.00540637969970703 -0.0105504989624023
-0.0294361114501953 0.0123519897460938 -0.0113906860351563 0.0153608322143555
-0.0313396453857422 -0.00673484802246094 -0.05291748046875 0.0147743225097656
0.00624752044677735 0.0160713195800781 0.0538520812988281 -0.0128746032714844
0.0163707733154297 -0.00012969970703125 0.0176544189453125 -0.00995254516601562
0.00423240661621094 -0.0112104415893555 0.00540351867675781 0.0108861923217773
-0.00529909133911133 -0.0084986686706543 0.0248470306396484 0.0160923004150391
-0.00943279266357422 -0.0029001235961914 0.0373954772949219 -0.00193023681640625
-0.00967597961425781 0.00406837463378906 0.0370063781738281 -0.0221061706542969
-0.00609779357910156 0.002410888671875 0.02801513671875 -0.0319404602050781
-0.00530672073364258 -0.000429153442382813 0.0207920074462891 -0.0285835266113281
-0.00638484954833984 -0.000938415527343749 0.0194206237792969 -0.0221481323242188
-0.00336360931396485 -0.00602960586547851 0.0177669525146484 -0.0148220062255859
0.00386285781860352 -0.0087590217590332 0.0122537612915039 -0.00969314575195313
0.0107917785644531 -0.00288772583007813 0.010828971862793 -0.0135812759399414
0.0126762390136719 0.00887107849121094 0.019012451171875 -0.0229415893554688
0.00827980041503906 0.0199985504150391 0.0352859497070313 -0.0281982421875
-0.00205421447753906 0.0239849090576172 0.0385627746582031 -0.0186996459960937
-0.0144920349121094 0.0237865447998047 0.0533714294433594 -0.0037689208984375
0.00391674041748047 0.0151395797729492 0.0181846618652344 -0.00304412841796875
0.00102806091308594 0.00600004196166992 0.00746822357177734 0.014866828918457
0.00284481048583984 0.00486278533935547 0.0283832550048828 0.0187454223632813
0.00333619117736816 0.00271439552307129 0.0387916564941406 -0.000148773193359375
0.00496768951416016 0.000835418701171875 0.0381813049316406 -0.0218544006347656
0.00649499893188476 -0.00646114349365234 0.0283050537109375 -0.0316734313964844
0.00687980651855469 -0.0077366828918457 0.0195980072021484 -0.0282936096191406
0.00795698165893555 -0.0087580680847168 0.0176429748535156 -0.0214519500732422
0.0133819580078125 -0.00777721405029297 0.0171604156494141 -0.0149602890014648
0.0179100036621094 -0.000188827514648438 0.0101213455200195 -0.00963401794433594
0.0174541473388672 0.0118999481201172 0.00874423980712891 -0.0123624801635742
0.00460052490234375 0.0258197784423828 0.0147361755371094 -0.0209522247314453
-0.00851821899414063 0.0325660705566406 0.0292778015136719 -0.0232391357421875
-0.0218391418457031 0.0305385589599609 0.0330085754394531 -0.0115375518798828
-0.0352554321289063 0.0277023315429687 0.0460548400878906 0.00673675537109375
-0.0131435394287109 0.0288314819335937 0.0144805908203125 0.0066213607788086
-0.0046539306640625 0.0247306823730469 0.00724601745605469 0.0209426879882813
0.0101032257080078 0.0199222564697266 0.0290908813476563 0.0223007202148438
0.0172843933105469 0.00952720642089844 0.0375213623046875 0.00203704833984375
0.0199832916259766 -0.00226020812988281 0.0353546142578125 -0.0185546875
0.0185070037841797 -0.0141105651855469 0.0252265930175781 -0.0278301239013672
0.0181922912597656 -0.0142078399658203 0.0155105590820313 -0.0233287811279297
0.0210247039794922 -0.0157432556152344 0.0128707885742188 -0.016240119934082
0.0268020629882813 -0.0102043151855469 0.012115478515625 -0.0120754241943359
0.0299701690673828 0.00547599792480469 0.00425863265991211 -0.00843429565429688
0.0244579315185547 0.0221443176269531 0.00449085235595703 -0.0115671157836914
-0.000217437744140624 0.0376510620117188 0.0100879669189453 -0.0186824798583984
-0.0207977294921875 0.0423812866210938 0.0220222473144531 -0.0155544281005859
-0.0368385314941406 0.0338592529296875 0.0219974517822266 -0.00321769714355469
-0.0515213012695313 0.0262222290039063 0.03045654296875 0.0169143676757813
-0.0300674438476563 0.0372734069824219 0.0058441162109375 0.0178451538085938
-0.0126075744628906 0.0410041809082031 0.004638671875 0.0275478363037109
0.0145072937011719 0.03546142578125 0.0256576538085938 0.0258197784423828
0.0280303955078125 0.017120361328125 0.0318737030029297 0.00572013854980469
0.0330562591552734 -0.00373649597167969 0.0284347534179688 -0.0125789642333984
0.0277099609375 -0.0193157196044922 0.0185585021972656 -0.0195713043212891
0.0269107818603516 -0.0190143585205078 0.00936603546142578 -0.0145320892333984
0.0303478240966797 -0.0214252471923828 0.00540256500244141 -0.00818014144897461
0.0363502502441406 -0.0122833251953125 0.00414085388183594 -0.00730133056640625
0.0382728576660156 0.008392333984375 -0.00363302230834961 -0.00608730316162109
0.0299549102783203 0.0279464721679688 -0.000848770141601561 -0.0105619430541992
-0.00309371948242187 0.0452041625976563 0.00578117370605469 -0.0161800384521484
-0.0288162231445313 0.0473251342773437 0.0156660079956055 -0.00648975372314453
-0.0461502075195313 0.0338363647460938 0.00791120529174804 0.00626420974731445
-0.0587120056152344 0.0191154479980469 0.0102310180664062 0.0255794525146484
-0.0425224304199219 0.0367965698242188 -0.00692558288574219 0.0279655456542969
-0.0212020874023438 0.0483779907226563 -0.000883102416992192 0.0318393707275391
0.0136032104492188 0.0458831787109375 0.0184650421142578 0.0272979736328125
0.0333213806152344 0.0232200622558594 0.0221080780029297 0.00865936279296875
0.040863037109375 -0.00295639038085938 0.0173988342285156 -0.00529098510742188
0.0333156585693359 -0.0214347839355469 0.00956344604492188 -0.00876808166503906
0.0308399200439453 -0.0205097198486328 0.00129485130310059 -0.00414013862609863
0.0349693298339844 -0.023101806640625 -0.00332808494567871 0.00159478187561035
0.0401458740234375 -0.0132102966308594 -0.00584602355957031 -0.000545501708984376
0.0411300659179688 0.0100059509277344 -0.0117826461791992 -0.00300788879394531
0.0307731628417969 0.0297298431396484 -0.00620937347412109 -0.0102310180664062
-0.006103515625 0.046905517578125 0.00299644470214844 -0.0137643814086914
-0.0335540771484375 0.0454826354980469 0.00978851318359375 0.00285434722900391
-0.0506324768066406 0.0287666320800781 -0.00776767730712891 0.0139636993408203
-0.0554618835449219 0.00788497924804688 -0.0102653503417969 0.0303897857666016
-0.045654296875 0.0277214050292969 -0.0204086303710938 0.0336856842041016
-0.0275115966796875 0.0443191528320313 -0.00747871398925782 0.0328159332275391
0.0077056884765625 0.046722412109375 0.0084381103515625 0.0257415771484375
0.0306148529052734 0.0260181427001953 0.00994110107421875 0.0103549957275391
0.0406074523925781 -0.00069427490234375 0.00510168075561524 0.00149869918823242
0.0335407257080078 -0.0190258026123047 -0.000748157501220701 0.00228166580200195
0.0301475524902344 -0.0189838409423828 -0.00643205642700195 0.00740957260131836
0.0340995788574219 -0.0216293334960938 -0.0117959976196289 0.0116596221923828
0.0384178161621094 -0.0122337341308594 -0.0157470703125 0.0060567855834961
0.0388298034667969 0.0102653503417969 -0.0199661254882812 -0.000127792358398439
0.0277462005615234 0.0293731689453125 -0.01123046875 -0.00966262817382812
-0.0093231201171875 0.0432014465332031 0.000295639038085936 -0.0112409591674805
-0.035552978515625 0.0384025573730469 0.00332260131835937 0.0103626251220703
-0.0492820739746094 0.0188140869140625 -0.0240364074707031 0.0180511474609375
-0.0415115356445312 -0.00428009033203125 -0.0270824432373047 0.0307979583740234
-0.0388107299804687 0.0132064819335937 -0.0308399200439453 0.0348072052001953
-0.0268688201904297 0.0298080444335938 -0.0122833251953125 0.0305767059326172
0.00150299072265625 0.0371322631835937 -0.000305175781249998 0.0213890075683594
0.0220413208007813 0.0227031707763672 -0.00091266632080078 0.00963306427001953
0.0330810546875 0.00110626220703125 -0.00680494308471679 0.00753259658813477
0.0273513793945313 -0.0141868591308594 -0.0100717544555664 0.0123929977416992
0.0249710083007813 -0.0143280029296875 -0.0131597518920898 0.0172357559204102
0.0287132263183594 -0.0171146392822266 -0.0191535949707031 0.0204257965087891
0.0317611694335938 -0.00988197326660156 -0.0249118804931641 0.0120620727539063
0.0319252014160156 0.0088653564453125 -0.0267581939697266 0.00234603881835938
0.0219879150390625 0.0256252288818359 -0.0164670944213867 -0.00994300842285156
-0.011474609375 0.0353813171386719 -0.00239181518554688 -0.0101404190063477
-0.0337333679199219 0.0269451141357422 -0.00310039520263672 0.015070915222168
-0.0423660278320313 0.00689697265625 -0.0396881103515625 0.0193862915039063
-0.0208663940429688 -0.0164470672607422 -0.0364341735839844 0.0272293090820313
-0.0245571136474609 -0.00339317321777343 -0.0348148345947266 0.032196044921875
-0.0208377838134766 0.0103874206542969 -0.0135707855224609 0.0264072418212891
-0.00493621826171875 0.0205802917480469 -0.0062713623046875 0.0166110992431641
0.0101814270019531 0.014892578125 -0.00851297378540039 0.00844097137451172
0.0193977355957031 0.00262641906738281 -0.0145111083984375 0.0112991333007813
0.0170793533325195 -0.00701236724853516 -0.0163154602050781 0.0197219848632813
0.0158205032348633 -0.00812339782714844 -0.0179500579833984 0.0246982574462891
0.0186176300048828 -0.0106048583984375 -0.0247707366943359 0.0266838073730469
0.0215015411376953 -0.00646591186523438 -0.03240966796875 0.0159931182861328
0.0224056243896484 0.00663566589355469 -0.0330581665039063 0.00343894958496093
0.0151596069335937 0.0186882019042969 -0.0207653045654297 -0.0105476379394531
-0.0110874176025391 0.0246486663818359 -0.00581550598144531 -0.0102653503417969
-0.027740478515625 0.013824462890625 -0.010584831237793 0.0151643753051758
-0.0301074981689453 -0.00551605224609375 -0.051666259765625 0.0157699584960937
0.00627994537353516 0.0158653259277344 0.0539627075195312 -0.012969970703125
0.0160150527954102 -8.392333984375E-05 0.0170869827270508 -0.009765625
0.00373554229736328 -0.0111494064331055 0.00507259368896484 0.0110301971435547
-0.00551509857177734 -0.00860834121704102 0.0250453948974609 0.0162944793701172
-0.00904178619384766 -0.00236797332763672 0.0372848510742188 -0.00190353393554688
-0.00899028778076172 0.00452232360839844 0.0362472534179688 -0.0225715637207031
-0.00564670562744141 0.00213479995727539 0.0274677276611328 -0.0322647094726563
-0.0051422119140625 7.82012939453114E-05 0.0201091766357422 -0.0290298461914062
-0.00629663467407227 -0.000827789306640624 0.0179462432861328 -0.0225028991699219
-0.00303792953491211 -0.00562000274658203 0.0171823501586914 -0.0156593322753906
0.00361299514770508 -0.00818347930908203 0.0119495391845703 -0.0107078552246094
0.0101337432861328 -0.00284767150878906 0.0113649368286133 -0.0138454437255859
0.0124969482421875 0.00875663757324219 0.0195579528808594 -0.0226230621337891
0.00830459594726563 0.0194625854492188 0.03533935546875 -0.0287857055664062
-0.00191307067871094 0.0234241485595703 0.0393104553222656 -0.0199089050292969
-0.0149307250976562 0.02392578125 0.0535697937011719 -0.00380325317382812
0.00280666351318359 0.0151557922363281 0.0179176330566406 -0.00316047668457031
0.00093221664428711 0.00659418106079101 0.00729942321777344 0.0155096054077148
0.002655029296875 0.00451564788818359 0.0283870697021484 0.0188274383544922
0.0037689208984375 0.00273799896240234 0.0384635925292969 -0.00070953369140625
0.00543785095214844 0.000754356384277344 0.0375823974609375 -0.0219688415527344
0.006591796875 -0.00630617141723633 0.0274391174316406 -0.0322666168212891
0.00675296783447266 -0.00799179077148438 0.0186443328857422 -0.0285854339599609
0.00808143615722656 -0.00911521911621094 0.0166873931884766 -0.0222072601318359
0.0132856369018555 -0.00790977478027344 0.0161981582641602 -0.016118049621582
0.0177478790283203 -0.000246047973632813 0.00977420806884766 -0.0104646682739258
0.0175313949584961 0.0117568969726563 0.00937271118164063 -0.0128049850463867
0.004547119140625 0.0254745483398437 0.0151939392089844 -0.0205097198486328
-0.00821495056152344 0.0329971313476562 0.0292148590087891 -0.0237197875976563
-0.0216197967529297 0.0305042266845703 0.0334682464599609 -0.0126781463623047
-0.035308837890625 0.0282745361328125 0.046142578125 0.0065460205078125
-0.0125408172607422 0.0294380187988281 0.0143604278564453 0.00644207000732422
-0.00424385070800781 0.0253047943115234 0.00714874267578125 0.0209445953369141
0.0106372833251953 0.0200271606445313 0.0285320281982422 0.0225162506103516
0.0174484252929688 0.00951480865478516 0.0373191833496094 0.00254440307617188
0.0204715728759766 -0.00269889831542969 0.0350360870361328 -0.0187797546386719
0.0179519653320313 -0.0145206451416016 0.0244541168212891 -0.0279045104980469
0.0180912017822266 -0.0144004821777344 0.0148658752441406 -0.0236988067626953
0.0206146240234375 -0.0167751312255859 0.0116062164306641 -0.0170459747314453
0.0268764495849609 -0.0103721618652344 0.0111980438232422 -0.0131521224975586
0.0303478240966797 0.00494384765625 0.00388717651367188 -0.00937175750732422
0.0249824523925781 0.0220909118652344 0.00497531890869141 -0.0118494033813477
0.000205993652343748 0.0384674072265625 0.0106563568115234 -0.0188694000244141
-0.0203933715820313 0.0428466796875 0.0222988128662109 -0.0164928436279297
-0.0370597839355469 0.0339241027832031 0.0226802825927734 -0.00429344177246094
-0.051666259765625 0.0269889831542969 0.0305442810058594 0.0165538787841797
-0.0293159484863281 0.0378303527832031 0.00501155853271484 0.017338752746582
-0.0118522644042969 0.0418739318847656 0.00374794006347656 0.0273380279541016
0.01513671875 0.0355567932128906 0.0250225067138672 0.0254898071289063
0.0284290313720703 0.0168590545654297 0.0312023162841797 0.00591278076171875
0.0331172943115234 -0.00435066223144531 0.0282211303710938 -0.0128631591796875
0.0276279449462891 -0.0199623107910156 0.0180854797363281 -0.0197010040283203
0.0262928009033203 -0.0195808410644531 0.00868034362792969 -0.0148677825927734
0.0296783447265625 -0.0219497680664063 0.00464105606079102 -0.00837516784667969
0.0360450744628906 -0.0134048461914063 0.00288963317871094 -0.00815582275390625
0.0385780334472656 0.00768661499023438 -0.00363779067993164 -0.00673151016235352
0.0301094055175781 0.0278911590576172 -0.000617027282714842 -0.0113544464111328
-0.00290298461914063 0.0458717346191406 0.006103515625 -0.0161094665527344
-0.0283966064453125 0.0483131408691406 0.0157318115234375 -0.0072479248046875
-0.0459175109863281 0.0340652465820312 0.0086979866027832 0.00480985641479492
-0.0588493347167969 0.0202178955078125 0.010406494140625 0.0253696441650391
-0.0417823791503906 0.0379104614257813 -0.00741958618164063 0.0276355743408203
-0.0206451416015625 0.0496559143066406 -0.00148963928222656 0.0315742492675781
0.0145645141601563 0.0457000732421875 0.017974853515625 0.0267047882080078
0.0337600708007813 0.0233497619628906 0.0214900970458984 0.008941650390625
0.0408172607421875 -0.003662109375 0.0176792144775391 -0.00521087646484375
0.0329818725585937 -0.021697998046875 0.0093526840209961 -0.00877666473388672
0.030242919921875 -0.0209789276123047 0.00137448310852051 -0.00376486778259278
0.0342769622802734 -0.0247001647949219 -0.003662109375 0.00202584266662598
0.0396232604980469 -0.0145530700683594 -0.00656318664550781 -0.000951290130615234
0.0416107177734375 0.0091094970703125 -0.0120515823364258 -0.00328922271728516
0.0315036773681641 0.0298881530761719 -0.00620937347412109 -0.0103120803833008
-0.00521087646484375 0.047943115234375 0.00282764434814453 -0.0136756896972656
-0.03271484375 0.0466079711914062 0.00962257385253906 0.00221538543701172
-0.050079345703125 0.02886962890625 -0.00733470916748047 0.0126609802246094
-0.0550727844238281 0.00964355468750001 -0.0100975036621094 0.0304203033447266
-0.0454559326171875 0.0290870666503906 -0.0206642150878906 0.0336189270019531
-0.0267410278320312 0.0453224182128906 -0.00801849365234375 0.0323772430419922
0.00932312011718749 0.0465583801269531 0.0081024169921875 0.0257568359375
0.0311241149902344 0.0255947113037109 0.00978851318359375 0.0106315612792969
0.0411033630371094 -0.0018157958984375 0.0054311752319336 0.00193595886230469
0.0326576232910156 -0.0199604034423828 -0.000761270523071287 0.00251221656799316
0.0300464630126953 -0.0196285247802734 -0.0061960220336914 0.00738239288330078
0.0331707000732422 -0.0224628448486328 -0.0120420455932617 0.0120630264282227
0.0384063720703125 -0.0132331848144531 -0.0164613723754883 0.00590610504150391
0.0391387939453125 0.00932693481445312 -0.0201492309570312 5.72204589843787E-05
0.0285930633544922 0.0287418365478516 -0.0115814208984375 -0.00972938537597656
-0.00826644897460938 0.0437202453613281 0.000298500061035156 -0.0110321044921875
-0.0347366333007812 0.0393829345703125 0.00322532653808594 0.00978374481201172
-0.048919677734375 0.0196342468261719 -0.0237998962402344 0.0172958374023437
-0.0413131713867187 -0.00343704223632813 -0.0278053283691406 0.0311336517333984
-0.0386962890625 0.0137100219726563 -0.0308723449707031 0.0345745086669922
-0.0262393951416016 0.0306053161621094 -0.0125160217285156 0.0301418304443359
0.00205230712890625 0.0372734069824219 -0.000711441040039062 0.0215358734130859
0.022369384765625 0.0220794677734375 -0.00151348114013672 0.0104618072509766
0.0332260131835938 0.000337600708007812 -0.00580549240112305 0.00810050964355469
0.0269451141357422 -0.0146770477294922 -0.00964832305908203 0.0127325057983398
0.0244140625 -0.0149002075195313 -0.0132017135620117 0.0174579620361328
0.0278377532958984 -0.0176563262939453 -0.0188713073730469 0.0208263397216797
0.0314731597900391 -0.0108928680419922 -0.0248451232910156 0.0121402740478516
0.0326595306396484 0.00826835632324219 -0.0272350311279297 0.00226974487304688
0.0225868225097656 0.0249538421630859 -0.0165395736694336 -0.00957012176513672
-0.0109214782714844 0.0362739562988281 -0.00248146057128906 -0.0103778839111328
-0.0333366394042969 0.0281505584716797 -0.00310802459716797 0.0143594741821289
-0.0421142578125 0.00746536254882812 -0.0392417907714844 0.0188026428222656
-0.0214653015136719 -0.0155391693115234 -0.0371284484863281 0.0278587341308594
-0.0250301361083984 -0.00295066833496094 -0.0350093841552734 0.0320949554443359
-0.0207023620605469 0.0113563537597656 -0.0144748687744141 0.0257606506347656
-0.004486083984375 0.0210838317871094 -0.0071268081665039 0.0173149108886719
0.0106496810913086 0.0145635604858398 -0.00840568542480469 0.0092010498046875
0.0195255279541016 0.00242996215820313 -0.0136947631835937 0.0123300552368164
0.0167617797851563 -0.00750637054443359 -0.0159282684326172 0.0200729370117188
0.015620231628418 -0.00858497619628906 -0.0176715850830078 0.0247116088867188
0.0183868408203125 -0.0107440948486328 -0.0242919921875 0.0273151397705078
0.0212726593017578 -0.00706863403320313 -0.0322036743164062 0.0162410736083984
0.0225296020507813 0.00606536865234375 -0.0327949523925781 0.00355148315429688
0.0153388977050781 0.0178794860839844 -0.0208606719970703 -0.0103263854980469
-0.0106143951416016 0.0248203277587891 -0.00548744201660157 -0.0105056762695312
-0.0275402069091797 0.0146236419677734 -0.00999927520751954 0.0151224136352539
-0.0300159454345703 -0.00508880615234375 -0.0511283874511719 0.0155792236328125
0.00597476959228516 0.0157718658447266 0.0558853149414063 -0.0134735107421875
0.0162801742553711 -0.000490188598632813 0.0174694061279297 -0.00971889495849609
0.00407981872558594 -0.0114822387695312 0.00539207458496094 0.0120697021484375
-0.00571203231811524 -0.00873565673828125 0.0257148742675781 0.0164966583251953
-0.00924301147460938 -0.00214385986328125 0.0378150939941406 -0.00204086303710937
-0.00856351852416992 0.00460720062255859 0.0366058349609375 -0.0234375
-0.00541448593139648 0.00290107727050781 0.0276775360107422 -0.0337200164794922
-0.00518321990966797 -4.19616699218744E-05 0.0200729370117188 -0.0302352905273438
-0.00627326965332031 -0.000530242919921875 0.0179862976074219 -0.023284912109375
-0.0032496452331543 -0.00568485260009766 0.0171747207641602 -0.0165596008300781
0.00305938720703125 -0.00813770294189453 0.0123586654663086 -0.0119600296020508
0.0103254318237305 -0.00268650054931641 0.012420654296875 -0.0148677825927734
0.0126848220825195 0.00860309600830078 0.020477294921875 -0.0227928161621094
0.00863265991210938 0.0197639465332031 0.0358695983886719 -0.0293617248535156
-0.00214958190917969 0.0236968994140625 0.0409049987792969 -0.0212287902832031
-0.0151042938232422 0.0247955322265625 0.0553970336914063 -0.0044708251953125
0.00347328186035156 0.0157899856567383 0.0186195373535156 -0.00340461730957031
0.00113105773925781 0.00700044631958008 0.00724697113037109 0.0154943466186523
0.00270271301269531 0.0050048828125 0.028839111328125 0.0194015502929688
0.00406002998352051 0.0035097599029541 0.0395545959472656 -0.00040435791015625
0.00603246688842773 0.000267982482910156 0.0380439758300781 -0.0231246948242188
0.00673532485961914 -0.00704050064086914 0.0277233123779297 -0.0333404541015625
0.0065464973449707 -0.00795412063598633 0.0183849334716797 -0.0293426513671875
0.00815105438232422 -0.0100135803222656 0.0162334442138672 -0.0231723785400391
0.013340950012207 -0.00817108154296875 0.0163450241088867 -0.0167779922485352
0.0182285308837891 -3.814697265625E-05 0.0101642608642578 -0.011958122253418
0.0180683135986328 0.0118370056152344 0.0102806091308594 -0.0137901306152344
0.00500869750976562 0.0263156890869141 0.0158863067626953 -0.0211505889892578
-0.00808334350585938 0.0334949493408203 0.0298137664794922 -0.0242633819580078
-0.0224666595458984 0.03131103515625 0.035369873046875 -0.0144157409667969
-0.0360794067382813 0.0284614562988281 0.0477714538574219 0.00587844848632813
-0.0134563446044922 0.0304946899414063 0.0141830444335938 0.0064840316772461
-0.003936767578125 0.0267906188964844 0.0065460205078125 0.0213642120361328
0.0111579895019531 0.0212993621826172 0.0288372039794922 0.0228996276855469
0.0181713104248047 0.00938224792480469 0.0380325317382813 0.00278472900390625
0.0211963653564453 -0.00272178649902344 0.0355873107910156 -0.0190238952636719
0.0185642242431641 -0.0146446228027344 0.0244903564453125 -0.0290584564208984
0.0179882049560547 -0.0157337188720703 0.0139675140380859 -0.0245742797851562
0.0209121704101563 -0.0178070068359375 0.0112895965576172 -0.0178375244140625
0.0274791717529297 -0.0112571716308594 0.0105037689208984 -0.0145769119262695
0.0312538146972656 0.00498008728027344 0.0036773681640625 -0.0105743408203125
0.0261249542236328 0.0223197937011719 0.00547885894775391 -0.0127296447753906
0.000637054443359375 0.0396766662597656 0.0110530853271484 -0.0193576812744141
-0.0202713012695313 0.0449600219726563 0.0228500366210938 -0.0171909332275391
-0.0378952026367188 0.0351676940917969 0.0240306854248047 -0.00560569763183594
-0.0525398254394531 0.0282821655273438 0.0312671661376953 0.0168132781982422
-0.030181884765625 0.039459228515625 0.00522041320800781 0.0177650451660156
-0.0116195678710937 0.04339599609375 0.00347709655761719 0.0280380249023438
0.0161476135253906 0.0366020202636719 0.0254631042480469 0.0263900756835938
0.0296001434326172 0.0172672271728516 0.0318813323974609 0.00606346130371094
0.0345058441162109 -0.00485610961914062 0.0288658142089844 -0.0129928588867188
0.0282039642333984 -0.0210914611816406 0.0181159973144531 -0.0203590393066406
0.0266799926757813 -0.0204353332519531 0.00806427001953125 -0.0154838562011719
0.0303020477294922 -0.0234661102294922 0.00441980361938477 -0.00861978530883789
0.0366744995117187 -0.0146064758300781 0.00235080718994141 -0.00896644592285156
0.0399360656738281 0.00716018676757813 -0.00425195693969726 -0.00750160217285156
0.0312919616699219 0.0280208587646484 -0.000421524047851561 -0.0119428634643555
-0.00183868408203125 0.0478668212890625 0.00665092468261719 -0.016779899597168
-0.0280838012695313 0.050262451171875 0.0161628723144531 -0.00829505920410156
-0.0473556518554688 0.0353813171386719 0.00897789001464843 0.00363349914550781
-0.0603790283203125 0.0216102600097656 0.010711669921875 0.0258655548095703
-0.0427398681640625 0.0391426086425781 -0.00820922851562501 0.0279922485351563
-0.021209716796875 0.0520591735839844 -0.00255775451660156 0.0316009521484375
0.0157661437988281 0.0472831726074219 0.017486572265625 0.0284423828125
0.0346012115478516 0.0233688354492188 0.0218868255615234 0.00950813293457031
0.04217529296875 -0.00455474853515625 0.0181827545166016 -0.00576210021972656
0.0332565307617188 -0.0225811004638672 0.00931739807128906 -0.00894927978515625
0.0306663513183594 -0.0222740173339844 0.000688076019287111 -0.00411796569824219
0.0345897674560547 -0.0261554718017578 -0.00404620170593262 0.00210738182067871
0.0402412414550781 -0.0155906677246094 -0.00749444961547851 -0.00113439559936524
0.0429801940917969 0.00835037231445313 -0.0129480361938477 -0.003570556640625
0.0329093933105469 0.0300712585449219 -0.00620841979980469 -0.01104736328125
-0.0043792724609375 0.0496368408203125 0.00315093994140625 -0.0137605667114258
-0.0330734252929688 0.0488052368164063 0.0100383758544922 0.0016775131225586
-0.0517120361328125 0.0296669006347656 -0.00722026824951172 0.011444091796875
-0.0570755004882813 0.009979248046875 -0.0107135772705078 0.0314369201660156
-0.0469932556152344 0.0300178527832031 -0.0213584899902344 0.0340309143066406
-0.0263633728027344 0.047821044921875 -0.00866508483886719 0.0326118469238281
0.0102424621582031 0.0483894348144531 0.00763511657714844 0.0267391204833984
0.0325565338134766 0.0259037017822266 0.00920200347900391 0.0115432739257813
0.0417671203613281 -0.00266647338867188 0.0058131217956543 0.00276660919189453
0.0333251953125 -0.0213756561279297 -0.000994682312011717 0.0025479793548584
0.0298004150390625 -0.0204925537109375 -0.00676059722900391 0.00756025314331055
0.0337581634521484 -0.0244503021240234 -0.0120325088500977 0.0124845504760742
0.0387954711914063 -0.0149269104003906 -0.0175724029541016 0.00551223754882812
0.040679931640625 0.0085296630859375 -0.0216197967529297 -0.000337600708007814
0.0300617218017578 0.029449462890625 -0.0117778778076172 -0.0101022720336914
-0.0076904296875 0.0456199645996094 0.00045490264892578 -0.0116004943847656
-0.03466796875 0.0418548583984375 0.00348567962646484 0.00935459136962891
-0.0498008728027344 0.020355224609375 -0.0243644714355469 0.0167922973632812
-0.042724609375 -0.00208663940429688 -0.0287227630615234 0.032257080078125
-0.03961181640625 0.015045166015625 -0.0320777893066406 0.0356636047363281
-0.0267314910888672 0.0326938629150391 -0.0134696960449219 0.0304508209228516
0.003173828125 0.0381355285644531 -0.001495361328125 0.0224361419677734
0.0237312316894531 0.0223159790039063 -0.00142765045166015 0.0113096237182617
0.0337886810302734 -0.00012969970703125 -0.00612115859985351 0.0085139274597168
0.0269222259521484 -0.0153923034667969 -0.00989055633544922 0.0132293701171875
0.0246200561523438 -0.0163440704345703 -0.0128250122070313 0.0181388854980469
0.027862548828125 -0.0189113616943359 -0.019378662109375 0.0217571258544922
0.0322360992431641 -0.0118122100830078 -0.0262203216552734 0.0124893188476563
0.0335845947265625 0.00793647766113281 -0.0289459228515625 0.00255203247070312
0.0236530303955078 0.0247364044189453 -0.0170297622680664 -0.00993919372558594
-0.00980758666992188 0.0374374389648438 -0.00255489349365235 -0.0109119415283203
-0.0333728790283203 0.0299949645996094 -0.00305652618408203 0.0144748687744141
-0.0428657531738281 0.00795745849609376 -0.0402069091796875 0.0189323425292969
-0.0221576690673828 -0.0152568817138672 -0.0382843017578125 0.0296249389648437
-0.0254020690917969 -0.00207328796386719 -0.0367889404296875 0.0331840515136719
-0.0207462310791016 0.0119705200195312 -0.0153579711914063 0.0262069702148438
-0.00380325317382812 0.0219898223876953 -0.00799369812011719 0.0179901123046875
0.0107841491699219 0.0148696899414063 -0.00888729095458984 0.0100269317626953
0.0201339721679688 0.00131988525390625 -0.0138711929321289 0.012995719909668
0.0168380737304688 -0.00825691223144531 -0.0162582397460937 0.0203628540039063
0.0155000686645508 -0.0093994140625 -0.0173625946044922 0.0255527496337891
0.0179882049560547 -0.0112895965576172 -0.0245380401611328 0.0279407501220703
0.0211391448974609 -0.00789833068847656 -0.0329227447509766 0.0171928405761719
0.0231761932373047 0.00595664978027344 -0.0342025756835937 0.00396728515625
0.0163707733154297 0.0179481506347656 -0.0216903686523438 -0.0106410980224609
-0.0107460021972656 0.0257644653320313 -0.00578975677490234 -0.0108814239501953
-0.0277347564697266 0.015045166015625 -0.0101556777954102 0.0148801803588867
-0.0302696228027344 -0.00529098510742187 -0.0525741577148438 0.0158767700195312
0.00667476654052734 0.0163507461547852 0.0583038330078125 -0.0152091979980469
0.0171136856079102 -0.000789642333984375 0.018218994140625 -0.0108356475830078
0.00353717803955078 -0.0118780136108398 0.00587654113769531 0.0118141174316406
-0.00658702850341797 -0.00862789154052734 0.0270767211914062 0.0174236297607422
-0.010066032409668 -0.00126171112060547 0.0391273498535156 -0.00272369384765625
-0.00871896743774414 0.00511598587036133 0.0375213623046875 -0.0255317687988281
-0.00529146194458008 0.00273561477661133 0.0273513793945313 -0.0363121032714844
-0.00557470321655273 0.000523090362548828 0.0193901062011719 -0.0318794250488281
-0.00644493103027344 -0.000617027282714845 0.0181140899658203 -0.0257511138916016
-0.00347328186035156 -0.00508785247802734 0.0173835754394531 -0.0182132720947266
0.00294208526611328 -0.00787496566772461 0.0126571655273438 -0.014129638671875
0.010223388671875 -0.00353336334228516 0.0129451751708984 -0.0163192749023438
0.0131797790527344 0.00838661193847656 0.0216712951660156 -0.0242710113525391
0.00911521911621094 0.0204658508300781 0.0368728637695313 -0.0318336486816406
-0.00152397155761719 0.0246562957763672 0.0428581237792969 -0.0238456726074219
-0.0153923034667969 0.0259742736816406 0.0577812194824219 -0.00597381591796875
0.00374889373779297 0.0168066024780273 0.0188789367675781 -0.00337791442871094
0.00116586685180664 0.00743198394775391 0.00760173797607422 0.0166053771972656
0.00293302536010742 0.00557422637939453 0.0302772521972656 0.0200042724609375
0.00432348251342773 0.00359082221984863 0.040924072265625 -0.0011444091796875
0.00713014602661133 0.000317573547363281 0.0390701293945313 -0.024566650390625
0.00664997100830078 -0.00743484497070312 0.0272445678710938 -0.0356788635253906
0.00718021392822266 -0.00887489318847656 0.0176048278808594 -0.0310134887695313
0.00867080688476563 -0.0102014541625977 0.0158920288085937 -0.0244503021240234
0.0138139724731445 -0.00875473022460938 0.0156879425048828 -0.0188922882080078
0.0187969207763672 -0.0006256103515625 0.00992870330810547 -0.0131216049194336
0.0188636779785156 0.0124301910400391 0.0109767913818359 -0.014988899230957
0.00573539733886719 0.0272712707519531 0.0167503356933594 -0.0222434997558594
-0.00792312622070313 0.0362281799316406 0.0311775207519531 -0.0262928009033203
-0.0232372283935547 0.0331268310546875 0.0370140075683594 -0.0165138244628906
-0.0371818542480469 0.0314598083496094 0.049957275390625 0.006317138671875
-0.0132617950439453 0.0325050354003906 0.0151901245117188 0.00667285919189453
-0.00361061096191406 0.0283374786376953 0.00711441040039062 0.0221996307373047
0.0120830535888672 0.0219097137451172 0.0305290222167969 0.0238685607910156
0.0196094512939453 0.00988960266113281 0.0392837524414063 0.00215530395507813
0.0224552154541016 -0.00399208068847656 0.0363235473632813 -0.0207862854003906
0.0187587738037109 -0.0163097381591797 0.0244407653808594 -0.0314064025878906
0.018798828125 -0.0168190002441406 0.0140628814697266 -0.0257759094238281
0.0216217041015625 -0.0198879241943359 0.0107975006103516 -0.0187301635742187
0.0282707214355469 -0.0127639770507813 0.00963211059570313 -0.0160446166992188
0.0327472686767578 0.00444793701171875 0.00321388244628906 -0.011652946472168
0.0280990600585938 0.0228328704833984 0.00580978393554688 -0.0138416290283203
0.00188446044921875 0.0415611267089844 0.0112819671630859 -0.0200710296630859
-0.020416259765625 0.047393798828125 0.0237140655517578 -0.0187416076660156
-0.0388450622558594 0.0378646850585937 0.0254116058349609 -0.00773239135742187
-0.054290771484375 0.031463623046875 0.0332965850830078 0.0176544189453125
-0.0301361083984375 0.0419158935546875 0.00530242919921875 0.0181884765625
-0.0106163024902344 0.0461463928222656 0.00343132019042968 0.0291175842285156
0.0179443359375 0.0378875732421875 0.0265865325927734 0.0275306701660156
0.0315074920654297 0.0171623229980469 0.0329570770263672 0.00613975524902344
0.0362129211425781 -0.0060882568359375 0.0300140380859375 -0.0142459869384766
0.02825927734375 -0.0225353240966797 0.0183563232421875 -0.0217189788818359
0.0272560119628906 -0.0224933624267578 0.00765705108642578 -0.0165557861328125
0.030670166015625 -0.0259017944335938 0.00397968292236328 -0.00945663452148438
0.0378341674804687 -0.0170783996582031 0.00136089324951172 -0.00997066497802735
0.0420303344726562 0.00579452514648437 -0.00527906417846679 -0.00833463668823242
0.0344524383544922 0.0279560089111328 -0.000411987304687497 -0.0128564834594727
0.000194549560546878 0.0503005981445313 0.00658607482910156 -0.0173835754394531
-0.02789306640625 0.0537338256835938 0.0169792175292969 -0.00895595550537109
-0.0489730834960938 0.0381088256835938 0.0102434158325195 0.00208091735839844
-0.0629806518554688 0.0249214172363281 0.0117835998535156 0.027557373046875
-0.0437812805175781 0.0425567626953125 -0.00782966613769531 0.0292072296142578
-0.0193595886230469 0.0544967651367188 -0.00276565551757813 0.0333938598632813
0.0181007385253906 0.04901123046875 0.018218994140625 0.0297584533691406
0.0375289916992188 0.0238418579101562 0.0229549407958984 0.00996208190917969
0.0441856384277344 -0.0063934326171875 0.0191135406494141 -0.00579833984375
0.0338401794433594 -0.0252208709716797 0.00983905792236328 -0.00968647003173828
0.030914306640625 -0.0245189666748047 0.000401973724365236 -0.00417470932006836
0.0357093811035156 -0.0286445617675781 -0.00447750091552734 0.00195169448852539
0.0418968200683594 -0.0184745788574219 -0.00860071182250976 -0.00154733657836914
0.0451087951660156 0.00714874267578125 -0.0142221450805664 -0.00437831878662109
0.0353469848632813 0.0300254821777344 -0.00736045837402344 -0.0116596221923828
-0.00289535522460938 0.0526199340820313 0.00327587127685547 -0.0144672393798828
-0.0327987670898438 0.0530319213867187 0.0108442306518555 0.00110054016113282
-0.053314208984375 0.0327377319335937 -0.0070943832397461 0.0113191604614258
-0.0597763061523438 0.01287841796875 -0.0106220245361328 0.0336151123046875
-0.0478019714355469 0.0330085754394531 -0.0225334167480469 0.0356063842773438
-0.0265579223632813 0.0508575439453125 -0.00975418090820313 0.0342044830322266
0.0123443603515625 0.0497627258300781 0.00749778747558594 0.0276985168457031
0.0345821380615234 0.0260810852050781 0.010350227355957 0.0121135711669922
0.04400634765625 -0.00406265258789063 0.00615739822387695 0.00268793106079102
0.0340385437011719 -0.0232200622558594 -0.000717878341674803 0.00283265113830566
0.0308017730712891 -0.0230655670166016 -0.00706148147583008 0.0079202651977539
0.0343837738037109 -0.0267658233642578 -0.0129280090332031 0.0133743286132813
0.0400428771972656 -0.0172920227050781 -0.0187110900878906 0.00598907470703125
0.0429611206054688 0.00760650634765625 -0.0226879119873047 8.58306884765629E-05
0.0323200225830078 0.0291843414306641 -0.0128326416015625 -0.0103788375854492
-0.00653839111328125 0.04827880859375 -0.000127792358398437 -0.0120925903320312
-0.0346641540527344 0.0449333190917969 0.00441265106201172 0.00890445709228516
-0.0516242980957031 0.0229110717773438 -0.0247611999511719 0.0172615051269531
-0.0446853637695313 -0.00124740600585937 -0.0299034118652344 0.0351486206054688
-0.0411720275878906 0.0167655944824219 -0.0331039428710938 0.037261962890625
-0.0265846252441406 0.0355072021484375 -0.0144157409667969 0.0315780639648438
0.00461959838867188 0.0400466918945312 -0.00156593322753906 0.0236473083496094
0.0254497528076172 0.0227909088134766 -0.00159740447998047 0.0122566223144531
0.035369873046875 -0.00204086303710938 -0.00576400756835937 0.00951004028320313
0.0280895233154297 -0.0173130035400391 -0.0103645324707031 0.0142345428466797
0.0246982574462891 -0.0178756713867188 -0.0135669708251953 0.0193462371826172
0.0287456512451172 -0.0215930938720703 -0.0194892883300781 0.0235652923583984
0.0328254699707031 -0.0136432647705078 -0.0270462036132812 0.0136966705322266
0.0353965759277344 0.00713729858398438 -0.030303955078125 0.00401687622070313
0.0261039733886719 0.025482177734375 -0.0182094573974609 -0.0100479125976563
-0.0093231201171875 0.0398292541503906 -0.00235748291015625 -0.0110025405883789
-0.0335502624511719 0.0328197479248047 -0.00211334228515625 0.0146846771240234
-0.0447578430175781 0.00934219360351562 -0.0417137145996094 0.0200042724609375
-0.0235652923583984 -0.0146617889404297 -0.0404319763183594 0.0319290161132813
-0.0267887115478516 -0.00111579895019531 -0.0380096435546875 0.0353012084960937
-0.0208950042724609 0.0135631561279297 -0.0167064666748047 0.0271282196044922
-0.00285911560058594 0.0232009887695313 -0.00861167907714844 0.0193157196044922
0.0122079849243164 0.0146217346191406 -0.00915813446044922 0.0113925933837891
0.0210018157958984 0.000753402709960937 -0.0136499404907227 0.0142755508422852
0.0170316696166992 -0.00917911529541016 -0.0159740447998047 0.0220623016357422
0.015620231628418 -0.0103302001953125 -0.0177268981933594 0.0270786285400391
0.01824951171875 -0.013336181640625 -0.0242958068847656 0.0298500061035156
0.0219135284423828 -0.00902557373046875 -0.0343856811523438 0.0190467834472656
0.0244369506835937 0.00489044189453125 -0.0359268188476563 0.00508499145507812
0.0173797607421875 0.0185260772705078 -0.0228099822998047 -0.0103664398193359
-0.00992202758789062 0.0277004241943359 -0.00565147399902344 -0.0117282867431641
-0.0278911590576172 0.0171566009521484 -0.0102558135986328 0.0153827667236328
-0.0314064025878906 -0.00478172302246094 -0.0550308227539063 0.0175209045410156
0.00791072845458985 0.0167617797851562 0.0601119995117188 -0.0191230773925781
0.0169687271118164 -0.0014190673828125 0.0186843872070313 -0.0124797821044922
0.00278949737548828 -0.0125179290771484 0.00633811950683594 0.0127544403076172
-0.00746679306030273 -0.00873804092407226 0.0295124053955078 0.0166130065917969
-0.0102853775024414 -0.000868797302246094 0.0408134460449219 -0.00453948974609375
-0.00813674926757813 0.00570917129516602 0.0376777648925781 -0.0283355712890625
-0.00498437881469727 0.00308704376220703 0.0268402099609375 -0.0388221740722656
-0.00576066970825195 0.00070667266845703 0.0179862976074219 -0.0341358184814453
-0.00639915466308594 -0.000357627868652343 0.0167484283447266 -0.0279293060302734
-0.00347423553466797 -0.00507116317749023 0.0165138244628906 -0.0201339721679687
0.00231790542602539 -0.00814485549926758 0.0126562118530273 -0.0154552459716797
0.0104093551635742 -0.00387382507324219 0.0134391784667969 -0.0179214477539063
0.0144805908203125 0.00773429870605469 0.0214481353759766 -0.0263748168945313
0.0104255676269531 0.0203456878662109 0.0370826721191406 -0.034759521484375
-0.000812530517578123 0.0257072448730469 0.0439605712890625 -0.0282821655273438
-0.0148525238037109 0.0280303955078125 0.0604705810546875 -0.00920867919921875
0.00455665588378906 0.017094612121582 0.0198879241943359 -0.00496101379394531
0.00208330154418945 0.00800657272338867 0.00813865661621094 0.0170841217041016
0.00343132019042969 0.0058445930480957 0.0325145721435547 0.0198650360107422
0.00489187240600586 0.00349521636962891 0.0427207946777344 -0.00297927856445312
0.00725507736206055 -0.000319957733154297 0.0392303466796875 -0.0275535583496094
0.00716304779052734 -0.00858068466186523 0.0263252258300781 -0.0385284423828125
0.00661849975585938 -0.00964927673339844 0.0163021087646484 -0.0337448120117188
0.00821495056152344 -0.0111684799194336 0.01483154296875 -0.0265121459960938
0.0138387680053711 -0.0103111267089844 0.0147762298583984 -0.0205879211425781
0.0198249816894531 -0.001434326171875 0.00952625274658204 -0.0152587890625
0.0205593109130859 0.0117988586425781 0.0112781524658203 -0.0168008804321289
0.00737380981445313 0.0276679992675781 0.0166702270507813 -0.0240001678466797
-0.00662612915039062 0.0374526977539063 0.0306739807128906 -0.0293693542480469
-0.0223464965820313 0.0355300903320312 0.0381927490234375 -0.0206871032714844
-0.0370597839355469 0.0348930358886719 0.0528793334960938 0.0034027099609375
-0.0116462707519531 0.0341682434082031 0.0158224105834961 0.00606346130371094
-0.00173187255859375 0.0300769805908203 0.00771522521972656 0.0234642028808594
0.0144519805908203 0.0223789215087891 0.0325260162353516 0.0233726501464844
0.0209693908691406 0.00921440124511719 0.0412635803222656 0.000762939453125001
0.0234661102294922 -0.00584983825683594 0.0368118286132813 -0.0236167907714844
0.01885986328125 -0.0183506011962891 0.0236949920654297 -0.0338268280029297
0.0182876586914062 -0.0185089111328125 0.0125370025634766 -0.0275974273681641
0.0213584899902344 -0.0214042663574219 0.00984764099121094 -0.0201644897460938
0.0286827087402344 -0.0154628753662109 0.00844573974609375 -0.0176162719726563
0.0350418090820313 0.00240707397460938 0.00324726104736328 -0.0132837295532227
0.0304985046386719 0.0223579406738281 0.00558280944824219 -0.0152864456176758
0.00451278686523437 0.04351806640625 0.0113277435302734 -0.0216579437255859
-0.0181083679199219 0.0507087707519531 0.0238227844238281 -0.0207004547119141
-0.0384292602539063 0.0417556762695313 0.0268268585205078 -0.0107192993164062
-0.0546150207519531 0.0357742309570312 0.0360260009765625 0.0162506103515625
-0.0290336608886719 0.045928955078125 0.0064544677734375 0.0190277099609375
-0.00835800170898438 0.0494956970214844 0.00406074523925781 0.0299949645996094
0.021331787109375 0.0388374328613281 0.0286540985107422 0.0274925231933594
0.0340633392333984 0.0163040161132813 0.0347080230712891 0.00525474548339844
0.0375900268554688 -0.00927352905273438 0.0301761627197266 -0.0160140991210937
0.0287685394287109 -0.0254364013671875 0.0173625946044922 -0.0239429473876953
0.0266780853271484 -0.0251712799072266 0.0067138671875 -0.0176868438720703
0.0302829742431641 -0.0292778015136719 0.00297069549560547 -0.0103063583374023
0.0382194519042969 -0.0198707580566406 -2.76565551757798E-05 -0.0110397338867188
0.0446510314941406 0.00367355346679688 -0.0060281753540039 -0.00924015045166016
0.0374336242675781 0.027618408203125 -0.00077724456787109 -0.0139446258544922
0.0031280517578125 0.0527839660644531 0.00672149658203125 -0.0189094543457031
-0.0256881713867188 0.0578727722167969 0.0166797637939453 -0.0111913681030273
-0.0494384765625 0.0424156188964844 0.0109949111938477 0.00024986267089844
-0.0636329650878906 0.0296249389648438 0.0137462615966797 0.0279560089111328
-0.0431022644042969 0.0471229553222656 -0.00704193115234375 0.0302619934082031
-0.0168304443359375 0.0590286254882813 -0.00237083435058594 0.0347747802734375
0.0222930908203125 0.0502204895019531 0.0196914672851563 0.0298728942871094
0.0407562255859375 0.0223503112792969 0.0240058898925781 0.00988197326660156
0.0458335876464844 -0.00941085815429688 0.0195102691650391 -0.00653457641601563
0.0341243743896484 -0.0282039642333984 0.00883197784423828 -0.0109567642211914
0.0307655334472656 -0.0273494720458984 -0.000246524810791013 -0.0044240951538086
0.0340194702148438 -0.0321273803710938 -0.00454282760620117 0.00213861465454101
0.0421371459960937 -0.022003173828125 -0.00964641571044922 -0.00217533111572266
0.0486106872558594 0.00412368774414063 -0.015294075012207 -0.00397682189941406
0.0393028259277344 0.02978515625 -0.00747871398925781 -0.0116539001464844
0.000907897949218747 0.055206298828125 0.00302410125732422 -0.0157995223999023
-0.0302505493164062 0.0575218200683594 0.0116643905639648 0.000167846679687504
-0.054107666015625 0.0373001098632813 -0.00654697418212891 0.0110635757446289
-0.0613670349121094 0.017242431640625 -0.00933074951171875 0.0360832214355469
-0.048065185546875 0.0375251770019531 -0.0217819213867188 0.0382804870605469
-0.0242462158203125 0.0549774169921875 -0.0089263916015625 0.0360603332519531
0.0165634155273438 0.0514030456542969 0.00868415832519532 0.0286540985107422
0.0384788513183594 0.0248908996582031 0.011134147644043 0.0130367279052734
0.045654296875 -0.00767898559570313 0.00658893585205078 0.00311613082885742
0.0333671569824219 -0.0262947082519531 -0.000624656677246092 0.00307703018188476
0.0301895141601563 -0.0256900787353516 -0.00665473937988281 0.00885581970214844
0.0338516235351563 -0.0305976867675781 -0.0124502182006836 0.0148191452026367
0.0403175354003906 -0.0209159851074219 -0.0193386077880859 0.0074005126953125
0.0457725524902344 0.00464248657226563 -0.0238323211669922 0.000947952270507816
0.0358772277832031 0.0284919738769531 -0.0136966705322266 -0.01007080078125
-0.00297927856445312 0.05145263671875 -0.000437736511230468 -0.0129156112670898
-0.0331459045410156 0.0492477416992188 0.00463199615478516 0.00879764556884766
-0.0527877807617188 0.0267410278320312 -0.0248298645019531 0.0188331604003906
-0.047332763671875 0.00197219848632812 -0.0296707153320313 0.0379486083984375
-0.0418739318847656 0.0206527709960938 -0.0333595275878906 0.0408706665039063
-0.0255203247070313 0.0387611389160156 -0.0141105651855469 0.0334548950195313
0.00754928588867187 0.0416755676269531 -0.00150108337402344 0.0250835418701172
0.0281562805175781 0.0218086242675781 -0.00105953216552734 0.0132980346679688
0.0367927551269531 -0.0044708251953125 -0.00485610961914062 0.0105466842651367
0.0278739929199219 -0.0200157165527344 -0.0092458724975586 0.015681266784668
0.0248794555664063 -0.0203952789306641 -0.0126991271972656 0.0204181671142578
0.0274276733398438 -0.0241107940673828 -0.0191459655761719 0.025146484375
0.0329189300537109 -0.0165958404541016 -0.0277500152587891 0.0158805847167969
0.0377845764160156 0.00467300415039063 -0.0311317443847656 0.00524330139160156
0.0285129547119141 0.0245800018310547 -0.0194492340087891 -0.00975990295410156
-0.00677871704101562 0.0423240661621094 -0.00322628021240234 -0.011805534362793
-0.0321807861328125 0.03570556640625 -0.00170516967773438 0.0149164199829102
-0.045623779296875 0.0123481750488281 -0.0421218872070313 0.0223464965820312
-0.0252056121826172 -0.0136852264404297 -0.0409812927246094 0.0364112854003906
-0.0278224945068359 0.00111961364746094 -0.0384101867675781 0.038787841796875
-0.0210742950439453 0.0157642364501953 -0.0163173675537109 0.0291481018066406
-0.00123214721679687 0.0242271423339844 -0.00868606567382812 0.0208454132080078
0.0136032104492188 0.0143804550170898 -0.00899124145507812 0.0131864547729492
0.0214633941650391 -0.0011138916015625 -0.0129480361938477 0.016026496887207
0.0172014236450195 -0.0104942321777344 -0.0152301788330078 0.0236988067626953
0.0156707763671875 -0.0118389129638672 -0.0167102813720703 0.0288410186767578
0.0181674957275391 -0.0149288177490234 -0.0236530303955078 0.0325660705566406
0.0220413208007813 -0.0107631683349609 -0.0349769592285156 0.0214633941650391
0.02587890625 0.00351905822753906 -0.0370254516601563 0.00718307495117187
0.0187053680419922 0.0181102752685547 -0.0246543884277344 -0.00988578796386719
-0.00834465026855468 0.0292987823486328 -0.00657272338867188 -0.0119085311889648
-0.0275230407714844 0.0195713043212891 -0.00927543640136719 0.0163192749023438
-0.0326786041259766 -0.00354957580566406 -0.0561676025390625 0.0202827453613281
0.00935935974121094 0.0162630081176758 0.0601615905761719 -0.0242347717285156
0.0173759460449219 -0.00255107879638672 0.0184459686279297 -0.0138683319091797
0.00193119049072266 -0.0131673812866211 0.00669384002685547 0.0124359130859375
-0.00806951522827149 -0.00789308547973633 0.031097412109375 0.0155963897705078
-0.0102081298828125 -0.000195503234863279 0.0408859252929688 -0.00684356689453125
-0.00798940658569336 0.00610542297363281 0.0360603332519531 -0.0313796997070313
-0.00540781021118164 0.00325202941894531 0.0239639282226562 -0.0411453247070313
-0.00591468811035156 0.000615596771240234 0.0156173706054688 -0.0358695983886719
-0.00661468505859375 -0.000152587890625 0.0149974822998047 -0.0294227600097656
-0.00433588027954102 -0.00462484359741211 0.0150928497314453 -0.0215988159179688
0.00175571441650391 -0.00847530364990234 0.0115823745727539 -0.0171442031860352
0.0101900100708008 -0.00474071502685547 0.0129318237304687 -0.0200748443603516
0.0148448944091797 0.00661373138427734 0.0201930999755859 -0.0278511047363281
0.0117034912109375 0.0189685821533203 0.0363044738769531 -0.0379829406738281
0.000707626342773436 0.0256900787353516 0.0438957214355469 -0.0321502685546875
-0.0133152008056641 0.0292854309082031 0.0611534118652344 -0.0132484436035156
0.00540637969970703 0.0172824859619141 0.0197067260742188 -0.00669670104980469
0.00238513946533203 0.00876617431640625 0.00833511352539063 0.0169496536254883
0.0039668083190918 0.00599765777587891 0.0343837738037109 0.0177822113037109
0.00560903549194336 0.00337600708007812 0.0431632995605469 -0.00535202026367188
0.00827550888061523 -0.00112295150756836 0.0380668640136719 -0.0307846069335938
0.00701904296875 -0.00919342041015625 0.0236129760742188 -0.0410728454589844
0.00644779205322266 -0.0103120803833008 0.0144882202148438 -0.0347671508789063
0.00795078277587891 -0.0129833221435547 0.0124568939208984 -0.0281219482421875
0.0137252807617188 -0.0110540390014648 0.0133247375488281 -0.02239990234375
0.0200233459472656 -0.00296974182128906 0.00847053527832031 -0.0166454315185547
0.0220184326171875 0.0108432769775391 0.0111446380615234 -0.0188369750976563
0.00957489013671875 0.0282402038574219 0.0159759521484375 -0.0251197814941406
-0.00429534912109375 0.0386314392089844 0.0300807952880859 -0.0322513580322266
-0.0196380615234375 0.037506103515625 0.0378952026367188 -0.0245132446289062
-0.0349807739257812 0.0382347106933594 0.0541648864746094 -5.72204589843727E-05
-0.0094451904296875 0.036346435546875 0.0164880752563477 0.00480842590332032
0.000982284545898438 0.0306453704833984 0.00858879089355469 0.0229835510253906
0.0163936614990234 0.0223312377929687 0.0343112945556641 0.0222988128662109
0.0224971771240234 0.00812149047851562 0.0416908264160156 -0.001922607421875
0.0241947174072266 -0.00807571411132813 0.0363616943359375 -0.0259857177734375
0.0183181762695313 -0.0201339721679688 0.0207023620605469 -0.0361175537109375
0.0170516967773437 -0.0197200775146484 0.0101242065429688 -0.0289821624755859
0.0199222564697266 -0.0244865417480469 0.007965087890625 -0.0214366912841797
0.0276432037353516 -0.0184154510498047 0.00701141357421875 -0.0193557739257813
0.0362358093261719 -0.000659942626953125 0.00189399719238281 -0.0145759582519531
0.0326404571533203 0.0205707550048828 0.00529289245605469 -0.0165481567382813
0.00819015502929687 0.0438041687011719 0.0106773376464844 -0.0233688354492187
-0.0145416259765625 0.0528984069824219 0.0229606628417969 -0.0231132507324219
-0.0367393493652344 0.0455093383789063 0.0272331237792969 -0.0136375427246094
-0.0531845092773438 0.0399398803710938 0.0375099182128906 0.0136375427246094
-0.02630615234375 0.0485610961914063 0.00741958618164063 0.0188274383544922
-0.00470733642578125 0.0511131286621094 0.00604248046875 0.0301704406738281
0.0250282287597656 0.0378837585449219 0.0297775268554688 0.0267887115478516
0.0366287231445313 0.0140037536621094 0.0352706909179688 0.00296783447265625
0.0380401611328125 -0.0128974914550781 0.0295124053955078 -0.0188255310058594
0.0274162292480469 -0.0284214019775391 0.015167236328125 -0.0258388519287109
0.0249195098876953 -0.0273780822753906 0.00562858581542969 -0.0177516937255859
0.0280418395996094 -0.0323143005371094 0.00248146057128906 -0.0106191635131836
0.0374641418457031 -0.0240058898925781 -0.00176143646240234 -0.0114784240722656
0.0456771850585938 0.00046539306640625 -0.00727272033691406 -0.0102758407592773
0.0404739379882813 0.0253372192382813 -0.00154972076416015 -0.014094352722168
0.00757598876953125 0.0537033081054688 0.00550651550292969 -0.0195598602294922
-0.0219802856445312 0.0612945556640625 0.0171527862548828 -0.0124444961547852
-0.0471916198730469 0.0468673706054688 0.0114955902099609 -0.00111770629882812
-0.0631752014160156 0.0341987609863281 0.0160064697265625 0.0275306701660156
-0.0395774841308594 0.0513458251953125 -0.00569915771484375 0.0317211151123047
-0.0122528076171875 0.0612831115722656 -0.000896453857421879 0.0354766845703125
0.0269584655761719 0.0492668151855469 0.0219383239746094 0.0294170379638672
0.042724609375 0.0196723937988281 0.025146484375 0.00858497619628906
0.0459213256835937 -0.0134696960449219 0.0193119049072266 -0.0078887939453125
0.0329380035400391 -0.0315380096435547 0.00866222381591797 -0.012176513671875
0.0292301177978516 -0.0308055877685547 -0.0009005069732666 -0.00431418418884278
0.0327262878417969 -0.0363807678222656 -0.00502634048461914 0.00194931030273437
0.0408706665039062 -0.0268325805664062 -0.0110874176025391 -0.00127506256103516
0.0500030517578125 0.00055694580078125 -0.0164308547973633 -0.00345611572265625
0.0428085327148438 0.0267143249511719 -0.0080413818359375 -0.0120153427124023
0.00508880615234375 0.0562667846679687 0.00272655487060547 -0.0168247222900391
-0.0260887145996094 0.0606002807617187 0.0115985870361328 -0.00148677825927734
-0.0521965026855469 0.042816162109375 -0.00597953796386719 0.0103902816772461
-0.0608863830566406 0.0224494934082031 -0.00706863403320313 0.0377273559570313
-0.04547119140625 0.0415534973144531 -0.0203590393066406 0.0407867431640625
-0.0204429626464844 0.0576362609863281 -0.00759506225585937 0.0367965698242188
0.0212745666503906 0.0517463684082031 0.00933265686035156 0.02935791015625
0.0414199829101563 0.0223960876464844 0.0118379592895508 0.0129261016845703
0.0461349487304687 -0.0115623474121094 0.00777769088745118 0.00351953506469726
0.032318115234375 -0.0298919677734375 -0.000240325927734373 0.00319766998291015
0.0290412902832031 -0.0287380218505859 -0.00651359558105469 0.0091552734375
0.0318183898925781 -0.0341835021972656 -0.0116214752197266 0.0153694152832031
0.0393524169921875 -0.0244789123535156 -0.0197639465332031 0.00881004333496094
0.0463829040527344 0.00066375732421875 -0.0245494842529297 0.00267791748046875
0.0390701293945313 0.0264968872070313 -0.0147562026977539 -0.00966548919677734
0.00131607055664063 0.0523567199707031 -0.001251220703125 -0.0132646560668945
-0.0292015075683594 0.0526809692382813 0.00537681579589844 0.00836467742919922
-0.0513381958007813 0.0309028625488281 -0.0241718292236328 0.0196094512939453
-0.0472946166992188 0.00539398193359375 -0.0280838012695313 0.0416946411132813
-0.0409088134765625 0.0244140625 -0.0320816040039063 0.0442619323730469
-0.0221290588378906 0.0418548583984375 -0.0132617950439453 0.0348072052001953
0.0114669799804687 0.0423202514648438 -0.000549316406249997 0.0261135101318359
0.0310344696044922 0.0196571350097656 0.000162124633789065 0.0135889053344727
0.0368156433105469 -0.007080078125 -0.00441169738769531 0.0115623474121094
0.0265064239501953 -0.0224723815917969 -0.00919723510742187 0.0161495208740234
0.0228214263916016 -0.0223979949951172 -0.01190185546875 0.0217933654785156
0.0264415740966797 -0.0266647338867187 -0.0177688598632813 0.026397705078125
0.0323143005371094 -0.0200557708740234 -0.0278453826904297 0.0183162689208984
0.0379791259765625 0.00217819213867188 -0.0316181182861328 0.00722885131835938
0.0309638977050781 0.0226497650146484 -0.0205307006835937 -0.00905990600585938
-0.0042877197265625 0.0437583923339844 -0.00373458862304688 -0.0120973587036133
-0.029632568359375 0.0395736694335937 -0.000609397888183595 0.0142574310302734
-0.0458641052246094 0.0153236389160156 -0.0409011840820313 0.0247764587402344
-0.0263576507568359 -0.01092529296875 -0.0391120910644531 0.04071044921875
-0.0284938812255859 0.00306320190429688 -0.0367393493652344 0.0417823791503906
-0.019989013671875 0.0178432464599609 -0.0157413482666016 0.0311660766601563
0.00134849548339844 0.0251121520996094 -0.00753593444824219 0.0225353240966797
0.0153074264526367 0.0133695602416992 -0.00823211669921875 0.0141677856445312
0.0220108032226563 -0.00274085998535156 -0.0119342803955078 0.0177021026611328
0.015899658203125 -0.0123233795166016 -0.0132179260253906 0.0251197814941406
0.0146474838256836 -0.0128908157348633 -0.0149154663085938 0.0299892425537109
0.0179615020751953 -0.0165805816650391 -0.0216064453125 0.0348224639892578
0.0217952728271484 -0.0125904083251953 -0.0339622497558594 0.0251541137695313
0.0261154174804688 0.00159263610839844 -0.0369224548339844 0.00955963134765625
0.0205478668212891 0.0165786743164063 -0.0255050659179688 -0.00883102416992187
-0.006439208984375 0.0306911468505859 -0.00764179229736328 -0.0120382308959961
-0.0264015197753906 0.0214023590087891 -0.00800132751464844 0.0166225433349609
-0.0336246490478516 -0.00146484375 -0.0556907653808594 0.0250091552734375
0.0112600326538086 0.0140247344970703 0.0576515197753906 -0.0281486511230469
0.017608642578125 -0.00283050537109375 0.0171146392822266 -0.0148563385009766
0.00155353546142578 -0.01092529296875 0.00750732421875 0.0136327743530273
-0.0087122917175293 -0.0076446533203125 0.0323009490966797 0.0142345428466797
-0.0101003646850586 0.00162887573242187 0.0413398742675781 -0.0086212158203125
-0.00612020492553711 0.00655031204223633 0.0319042205810547 -0.0318126678466797
-0.00487470626831055 0.00382757186889648 0.02081298828125 -0.04248046875
-0.00517940521240234 0.00226879119873047 0.0126838684082031 -0.0379104614257813
-0.00530529022216797 0.00209426879882813 0.0128402709960938 -0.0302047729492188
-0.0042109489440918 -0.00331234931945801 0.0131416320800781 -0.0224723815917969
0.00223398208618164 -0.00782966613769531 0.00876045227050781 -0.0188655853271484
0.0103549957275391 -0.00526714324951172 0.0132408142089844 -0.0210647583007813
0.015599250793457 0.00480461120605469 0.0190773010253906 -0.0285701751708984
0.0132064819335938 0.0190181732177734 0.0345458984375 -0.0404434204101563
0.00222969055175782 0.0244255065917969 0.0429267883300781 -0.0349845886230469
-0.0105304718017578 0.0292243957519531 0.0594329833984375 -0.0180854797363281
0.00702190399169922 0.0155544281005859 0.0185661315917969 -0.00737380981445312
0.0020899772644043 0.00816917419433594 0.00964832305908203 0.0156536102294922
0.00505208969116211 0.00631189346313477 0.0348930358886719 0.0153732299804688
0.00617170333862305 0.00291776657104492 0.0421791076660156 -0.00831985473632813
0.00843954086303711 -0.00199270248413086 0.0351276397705078 -0.0324153900146484
0.00659656524658203 -0.0092620849609375 0.0209541320800781 -0.0424461364746094
0.00533199310302734 -0.0104074478149414 0.0113773345947266 -0.0349369049072266
0.0072479248046875 -0.0123748779296875 0.0103893280029297 -0.0290451049804688
0.0123090744018555 -0.011195182800293 0.0113029479980469 -0.0228996276855469
0.0196857452392578 -0.00425910949707031 0.00755119323730469 -0.0177116394042969
0.021759033203125 0.00943374633789063 0.0106983184814453 -0.0186271667480469
0.0116920471191406 0.0265445709228516 0.0151519775390625 -0.0251312255859375
-0.00255584716796875 0.0399169921875 0.0272884368896484 -0.0333595275878906
-0.0184135437011719 0.0380592346191406 0.0361213684082031 -0.0264625549316406
-0.0328369140625 0.0396995544433594 0.0551033020019531 -0.0039520263671875
-0.00713348388671875 0.0359878540039063 0.0161027908325195 0.0035400390625
0.00345039367675781 0.0319290161132813 0.00949478149414063 0.0227909088134766
0.018096923828125 0.0201530456542969 0.0365715026855469 0.0203857421875
0.0222568511962891 0.00640296936035156 0.0421218872070313 -0.00294113159179687
0.0244712829589844 -0.0106678009033203 0.0330944061279297 -0.0276126861572266
0.0158271789550781 -0.0203495025634766 0.0178756713867188 -0.0357284545898438
0.0173587799072266 -0.0201358795166016 0.00803565979003907 -0.0288944244384766
0.0181331634521484 -0.0253391265869141 0.00548744201660156 -0.0208396911621094
0.0263195037841797 -0.0196418762207031 0.00482940673828125 -0.0190315246582031
0.0356521606445312 -0.00268936157226562 -0.000545501708984372 -0.0140285491943359
0.0336532592773438 0.0176849365234375 0.00514411926269531 -0.0170412063598633
0.01019287109375 0.0437583923339844 0.00916862487792969 -0.0229415893554688
-0.0108680725097656 0.0544776916503906 0.0218887329101562 -0.0238227844238281
-0.0325431823730469 0.0465583801269531 0.0262355804443359 -0.0158119201660156
-0.0508842468261719 0.0432929992675781 0.0392265319824219 0.0114517211914063
-0.0224647521972656 0.0501899719238281 0.00715065002441406 0.017852783203125
-0.0011444091796875 0.0504913330078125 0.00813865661621094 0.0295124053955078
0.0276145935058594 0.0364646911621094 0.0297050476074219 0.0253391265869141
0.0369987487792969 0.0127067565917969 0.0357284545898438 0.00157546997070313
0.0368614196777344 -0.0149497985839844 0.0291519165039063 -0.0194873809814453
0.0261039733886719 -0.0305824279785156 0.0141677856445313 -0.0260543823242188
0.0229034423828125 -0.0295162200927734 0.00371551513671875 -0.0181293487548828
0.0260791778564453 -0.0341739654541016 0.000832557678222658 -0.0103683471679688
0.034210205078125 -0.0263271331787109 -0.00247764587402344 -0.0107660293579102
0.0458908081054688 -0.00408935546875 -0.00703811645507812 -0.0100603103637695
0.0412368774414063 0.02301025390625 -0.00306320190429687 -0.0157480239868164
0.0118675231933594 0.0526885986328125 0.0056304931640625 -0.0206699371337891
-0.0166816711425781 0.0623779296875 0.015289306640625 -0.0142583847045898
-0.0447425842285156 0.0485992431640625 0.0119047164916992 -0.00351715087890625
-0.0595932006835938 0.037933349609375 0.019561767578125 0.0273513793945313
-0.0360565185546875 0.0532112121582031 -0.00518035888671875 0.0316810607910156
-0.00992202758789062 0.0612030029296875 -0.00043487548828125 0.036407470703125
0.029998779296875 0.04791259765625 0.0223522186279297 0.028076171875
0.04510498046875 0.0146980285644531 0.0260868072509766 0.00876045227050781
0.0437126159667969 -0.0162849426269531 0.0209579467773438 -0.00864601135253907
0.0303688049316406 -0.0347652435302734 0.00710868835449219 -0.0112466812133789
0.0266017913818359 -0.0332298278808594 -0.000698089599609373 -0.00373673439025879
0.0296058654785156 -0.0382232666015625 -0.00473785400390625 0.0036478042602539
0.0382881164550781 -0.0286483764648438 -0.0119428634643555 -0.00236034393310547
0.048919677734375 -0.00318527221679688 -0.0169763565063477 -0.00187015533447266
0.0445327758789063 0.0242767333984375 -0.00874805450439453 -0.0107307434082031
0.00994110107421875 0.0566596984863281 0.00189971923828125 -0.0161867141723633
-0.0227508544921875 0.0613517761230469 0.00974750518798828 -0.0027933120727539
-0.0479583740234375 0.0451469421386719 -0.00397396087646485 0.0103797912597656
-0.0575675964355469 0.0261497497558594 -0.00458908081054688 0.0372123718261719
-0.0424995422363281 0.0439872741699219 -0.0171852111816406 0.0398445129394531
-0.0159034729003906 0.0586814880371094 -0.00635528564453125 0.0374603271484375
0.0247077941894531 0.0496788024902344 0.0104179382324219 0.0277729034423828
0.0415573120117188 0.0199241638183594 0.0123157501220703 0.0124540328979492
0.0453605651855469 -0.0138816833496094 0.00716352462768555 0.00249481201171875
0.0307674407958984 -0.0321445465087891 -5.23328781127912E-05 0.0020909309387207
0.02630615234375 -0.0300979614257813 -0.00655651092529296 0.00905704498291015
0.0285987854003906 -0.0357017517089844 -0.0106487274169922 0.0166130065917969
0.0354385375976563 -0.0276718139648437 -0.0198307037353516 0.0101032257080078
0.0457000732421875 -0.00300216674804688 -0.0248851776123047 0.00345611572265625
0.0399742126464844 0.0233650207519531 -0.013981819152832 -0.0087890625
0.00516128540039063 0.0524482727050781 -0.00151443481445313 -0.0137510299682617
-0.0246429443359375 0.0542564392089844 0.00621652603149414 0.00705528259277344
-0.0495414733886719 0.0334854125976562 -0.0226783752441406 0.0201854705810547
-0.0464668273925781 0.0103759765625 -0.0245513916015625 0.044586181640625
-0.0381584167480469 0.0259361267089844 -0.0289154052734375 0.045684814453125
-0.0219688415527344 0.041046142578125 -0.0114192962646484 0.0347518920898437
0.0157394409179687 0.0397796630859375 -0.000911712646484376 0.02587890625
0.0313892364501953 0.0182819366455078 0.00136089324951172 0.0130214691162109
0.0370445251464844 -0.0106925964355469 -0.00286102294921875 0.0122594833374023
0.0247173309326172 -0.0247993469238281 -0.00858783721923828 0.0156164169311523
0.0229454040527344 -0.02362060546875 -0.00923728942871093 0.0220947265625
0.024200439453125 -0.0282497406005859 -0.0159702301025391 0.02728271484375
0.0304431915283203 -0.0220375061035156 -0.0266990661621094 0.0189456939697266
0.0395736694335938 -0.00133132934570313 -0.0310554504394531 0.00805854797363281
0.0316429138183594 0.0208702087402344 -0.0212478637695312 -0.00774383544921875
-0.000125885009765626 0.0426979064941406 -0.00335502624511719 -0.0124483108520508
-0.02801513671875 0.0405769348144531 -0.000821113586425783 0.0147848129272461
-0.0443992614746094 0.0195808410644531 -0.0398368835449219 0.0267829895019531
-0.0262928009033203 -0.00805473327636719 -0.0369377136230469 0.0421676635742188
-0.0281963348388672 0.00453376770019531 -0.0346908569335938 0.0433769226074219
-0.0171604156494141 0.0193424224853516 -0.0142917633056641 0.0308189392089844
0.00304222106933594 0.0239334106445313 -0.00768852233886719 0.0230293273925781
0.0154056549072266 0.0124454498291016 -0.00718879699707031 0.0145435333251953
0.0217132568359375 -0.0055084228515625 -0.00868606567382813 0.01800537109375
0.0150241851806641 -0.0131425857543945 -0.0113124847412109 0.0260906219482422
0.0133562088012695 -0.0146312713623047 -0.0138359069824219 0.0306205749511719
0.01519775390625 -0.0177822113037109 -0.0202045440673828 0.0347938537597656
0.0197296142578125 -0.0151767730712891 -0.0313968658447266 0.0257244110107422
0.0255069732666016 -0.000886917114257813 -0.0358467102050781 0.0122833251953125
0.0209102630615234 0.0154190063476563 -0.0258312225341797 -0.00732231140136719
-0.00435638427734375 0.0310783386230469 -0.00718784332275391 -0.0117292404174805
-0.0236854553222656 0.0227069854736328 -0.00716495513916016 0.016636848449707
-0.0334625244140625 0.00151252746582031 -0.0529861450195313 0.02813720703125
0.00976753234863281 0.0141286849975586 0.0559730529785156 -0.0283775329589844
0.0163412094116211 -0.00421714782714844 0.0160932540893555 -0.0156011581420898
0.00106620788574219 -0.0113058090209961 0.00766372680664063 0.0118856430053711
-0.00840091705322266 -0.0065922737121582 0.0318279266357422 0.0123882293701172
-0.00960826873779297 0.00144386291503906 0.0394821166992188 -0.0101318359375
-0.0062713623046875 0.00677299499511719 0.0319328308105469 -0.0330543518066406
-0.00417041778564453 0.00315642356872559 0.0190467834472656 -0.0423851013183594
-0.00467109680175781 0.00207662582397461 0.0111770629882813 -0.0362625122070313
-0.00604248046875 0.00157737731933594 0.010986328125 -0.0301322937011719
-0.00456905364990234 -0.0039515495300293 0.0122909545898438 -0.023895263671875
0.000846385955810547 -0.0071263313293457 0.0100040435791016 -0.0190563201904297
0.00908756256103516 -0.00564289093017578 0.0116519927978516 -0.0220470428466797
0.015110969543457 0.00491619110107422 0.0196781158447266 -0.0283489227294922
0.0129470825195313 0.0177669525146484 0.0321731567382813 -0.039520263671875
0.00357246398925781 0.0250740051269531 0.0410804748535156 -0.0369796752929687
-0.0105037689208984 0.0299053192138672 0.0582084655761719 -0.0194015502929687
0.0069732666015625 0.016413688659668 0.0189228057861328 -0.00828933715820312
0.00349855422973633 0.00865507125854492 0.00960540771484375 0.0162868499755859
0.00490379333496094 0.00541877746582031 0.0342464447021484 0.0149936676025391
0.00708341598510742 0.00330018997192383 0.0410499572753906 -0.00824356079101563
0.00776290893554687 -0.00294733047485352 0.0335292816162109 -0.0330924987792969
0.00612163543701172 -0.00992488861083984 0.0189056396484375 -0.0421257019042969
0.00528907775878906 -0.0104875564575195 0.00984573364257812 -0.0352401733398438
0.00609779357910156 -0.0129413604736328 0.00889968872070313 -0.0287456512451172
0.0120754241943359 -0.0124635696411133 0.00924301147460937 -0.0236377716064453
0.0194854736328125 -0.00431060791015625 0.00658988952636719 -0.0182952880859375
0.0221462249755859 0.00888633728027344 0.00928878784179688 -0.0204486846923828
0.0115242004394531 0.0258750915527344 0.0150203704833984 -0.0260200500488281
-0.00133895874023437 0.0380477905273438 0.0269279479980469 -0.0340785980224609
-0.0165176391601562 0.0390586853027344 0.0366020202636719 -0.0291633605957031
-0.0308494567871094 0.0403671264648438 0.05291748046875 -0.00560760498046875
-0.00580215454101562 0.0358734130859375 0.0161542892456055 0.00279521942138672
0.00394821166992188 0.0305538177490234 0.00958251953125 0.0221939086914063
0.0184993743896484 0.0202999114990234 0.0354194641113281 0.0192222595214844
0.0234184265136719 0.00578498840332031 0.0401573181152344 -0.004058837890625
0.0228652954101563 -0.0110454559326172 0.0321617126464844 -0.0277137756347656
0.0157718658447266 -0.0219459533691406 0.0162696838378906 -0.0364303588867187
0.0144577026367187 -0.0214118957519531 0.00735282897949219 -0.028594970703125
0.016510009765625 -0.0253181457519531 0.00569915771484375 -0.0211906433105469
0.024658203125 -0.0204658508300781 0.00394630432128906 -0.0194625854492188
0.0343284606933594 -0.00348091125488281 -0.000106811523437497 -0.0149898529052734
0.0342540740966797 0.0163249969482422 0.00437736511230469 -0.01800537109375
0.0120086669921875 0.0423049926757813 0.00961494445800781 -0.0236015319824219
-0.00877761840820313 0.0531005859375 0.0211372375488281 -0.0250434875488281
-0.0313453674316406 0.0462722778320313 0.0253429412841797 -0.0181388854980469
-0.0474281311035156 0.0441398620605469 0.0385284423828125 0.00988006591796876
-0.0208473205566406 0.0490760803222656 0.00894355773925781 0.0167026519775391
0.00143814086914063 0.0506019592285156 0.00710487365722656 0.0300464630126953
0.0291213989257812 0.0342960357666016 0.0310707092285156 0.0233383178710938
0.0370216369628906 0.0100326538085938 0.0345726013183594 0.00101661682128906
0.0353927612304687 -0.0172119140625 0.0287742614746094 -0.0201568603515625
0.0237007141113281 -0.0303764343261719 0.0129222869873047 -0.0262012481689453
0.0217742919921875 -0.0294189453125 0.00295829772949219 -0.0178031921386719
0.0239372253417969 -0.0348606109619141 0.000280380249023438 -0.0110578536987305
0.0332965850830078 -0.0272388458251953 -0.00377845764160156 -0.0117387771606445
0.0454940795898438 -0.00564193725585938 -0.00852298736572265 -0.00911235809326172
0.0422630310058594 0.0208168029785156 -0.00186634063720703 -0.0152568817138672
0.0131340026855469 0.0515480041503906 0.00489044189453125 -0.0199642181396484
-0.014434814453125 0.0615997314453125 0.0160160064697266 -0.014129638671875
-0.0420722961425781 0.0499534606933594 0.0114660263061523 -0.0042123794555664
-0.0580558776855469 0.0400047302246094 0.0188827514648437 0.0249748229980469
-0.0344886779785156 0.0535163879394531 -0.00288581848144532 0.0302677154541016
-0.00613784790039063 0.0606460571289063 0.000854492187499999 0.0352058410644531
0.0318412780761719 0.0452156066894531 0.0222969055175781 0.0269317626953125
0.0451545715332031 0.0147438049316406 0.0253372192382813 0.00716400146484375
0.0428924560546875 -0.0186958312988281 0.0190086364746094 -0.0086517333984375
0.0284366607666016 -0.0348129272460937 0.00677871704101563 -0.0117549896240234
0.0252857208251953 -0.0330467224121094 -0.00126218795776367 -0.00509023666381836
0.0271644592285156 -0.0393600463867188 -0.00423598289489746 0.00244045257568359
0.03643798828125 -0.0297966003417969 -0.01153564453125 -0.000574111938476563
0.0489387512207031 -0.00543212890625 -0.0166597366333008 -0.00219154357910156
0.0447731018066406 0.0213699340820313 -0.00850486755371094 -0.0120229721069336
0.0122451782226562 0.0542755126953125 0.00195503234863281 -0.0165500640869141
-0.01861572265625 0.06182861328125 0.0114774703979492 -0.00246429443359375
-0.0471687316894531 0.0456352233886719 -0.00437259674072266 0.00931930541992188
-0.0561141967773438 0.0279731750488281 -0.00333404541015626 0.0366096496582031
-0.0401420593261719 0.0450592041015625 -0.0157279968261719 0.0401191711425781
-0.0139312744140625 0.0582008361816406 -0.005584716796875 0.036529541015625
0.02630615234375 0.0475730895996094 0.0111961364746094 0.0277996063232422
0.0422706604003906 0.0182571411132813 0.0125513076782227 0.0129451751708984
0.0431938171386719 -0.0166778564453125 0.00868511199951172 0.00223493576049805
0.0279502868652344 -0.0324115753173828 -0.000494241714477537 0.0030524730682373
0.0245380401611328 -0.0308151245117187 -0.00613307952880859 0.00878620147705078
0.0267333984375 -0.0369491577148438 -0.00994110107421874 0.0157871246337891
0.0347137451171875 -0.0285072326660156 -0.0193996429443359 0.009735107421875
0.0464630126953125 -0.00462722778320313 -0.0235671997070313 0.0055084228515625
0.0411338806152344 0.0211296081542969 -0.0143327713012695 -0.00868797302246093
0.00756072998046875 0.0510368347167969 -0.00167655944824219 -0.0136547088623047
-0.0222244262695312 0.054107666015625 0.00630664825439453 0.00699520111083985
-0.0471229553222656 0.0350608825683594 -0.0220680236816406 0.0206108093261719
-0.0449371337890625 0.0104904174804687 -0.0230598449707031 0.0431175231933594
-0.0365180969238281 0.0270957946777344 -0.0274505615234375 0.0448722839355469
-0.0178985595703125 0.0422554016113281 -0.0118217468261719 0.0352249145507813
0.0165328979492188 0.0400581359863281 0.000158309936523441 0.0265102386474609
0.0316829681396484 0.0169277191162109 0.000402450561523441 0.0155544281005859
0.0350456237792969 -0.0124111175537109 -0.00204658508300781 0.0120744705200195
0.0230007171630859 -0.0247459411621094 -0.00651359558105469 0.016240119934082
0.0202064514160156 -0.0245494842529297 -0.00968551635742187 0.0215072631835938
0.0224609375 -0.0297355651855469 -0.0141181945800781 0.0286197662353516
0.0284271240234375 -0.0228366851806641 -0.0258579254150391 0.0196132659912109
0.03814697265625 -0.0029754638671875 -0.0303478240966797 0.00969696044921874
0.0329380035400391 0.0186080932617188 -0.0199470520019531 -0.00715446472167969
0.0018157958984375 0.0427742004394531 -0.00516700744628906 -0.01190185546875
-0.0238609313964844 0.0408096313476563 0.000737190246582031 0.0140533447265625
-0.0426139831542969 0.0198783874511719 -0.0375099182128906 0.0276985168457031
-0.0256290435791016 -0.00777816772460937 -0.0352935791015625 0.0435447692871094
-0.0260963439941406 0.00546455383300782 -0.0323562622070313 0.0441207885742187
-0.0166854858398438 0.0191764831542969 -0.0137042999267578 0.0308990478515625
0.00395393371582031 0.0232372283935547 -0.00698661804199219 0.023040771484375
0.0158815383911133 0.0109262466430664 -0.00606536865234375 0.0150747299194336
0.0210781097412109 -0.00623130798339844 -0.00921058654785156 0.0183696746826172
0.014561653137207 -0.0143165588378906 -0.0100231170654297 0.0260639190673828
0.0121755599975586 -0.0137014389038086 -0.0109729766845703 0.0303306579589844
0.01495361328125 -0.0183639526367188 -0.0180702209472656 0.0353050231933594
0.0190925598144531 -0.0150394439697266 -0.0308418273925781 0.0270938873291016
0.0262699127197266 -0.00174713134765625 -0.0348987579345703 0.0136642456054688
0.0216484069824219 0.0141201019287109 -0.0254974365234375 -0.00619125366210937
-0.00237274169921875 0.0296173095703125 -0.0080556869506836 -0.0114278793334961
-0.0226478576660156 0.0236072540283203 -0.00640678405761719 0.015625
-0.0318183898925781 0.00107574462890625 -0.0520744323730469 0.0287590026855469
0.00991916656494141 0.0135993957519531 0.0553207397460938 -0.0296287536621094
0.0161447525024414 -0.00407981872558594 0.0154390335083008 -0.0155344009399414
0.00101947784423828 -0.0114383697509766 0.00773048400878906 0.0126380920410156
-0.00864982604980469 -0.00567626953125 0.0318412780761719 0.0122909545898438
-0.008941650390625 0.00156497955322265 0.0393295288085938 -0.0107002258300781
-0.00595712661743164 0.00662660598754883 0.0316047668457031 -0.0333976745605469
-0.00362706184387207 0.00420045852661133 0.0183334350585937 -0.0423545837402344
-0.00509166717529297 0.00255680084228516 0.0108757019042969 -0.0359306335449219
-0.00576925277709961 0.00123786926269531 0.00974845886230469 -0.0300788879394531
-0.00420570373535156 -0.00352668762207031 0.0112094879150391 -0.0230998992919922
0.00100898742675781 -0.00744056701660156 0.00913238525390625 -0.0200996398925781
0.00884246826171875 -0.00501155853271484 0.0119400024414063 -0.0225009918212891
0.0141391754150391 0.00460243225097656 0.0191268920898438 -0.0283432006835938
0.0128326416015625 0.0175447463989258 0.0322189331054688 -0.0403251647949219
0.00355339050292969 0.024810791015625 0.040435791015625 -0.0383949279785156
-0.00989913940429687 0.0294952392578125 0.0578384399414063 -0.0199699401855469
0.00727176666259766 0.0159988403320313 0.0179805755615234 -0.00861167907714844
0.00375747680664063 0.00869655609130859 0.00919342041015625 0.0162334442138672
0.0052032470703125 0.00562715530395508 0.0345058441162109 0.0147304534912109
0.00667095184326172 0.00276327133178711 0.0411720275878906 -0.00868606567382813
0.00791692733764648 -0.00309514999389648 0.0331916809082031 -0.033111572265625
0.00587177276611328 -0.0102605819702148 0.0177345275878906 -0.0421257019042969
0.00504970550537109 -0.0101356506347656 0.00891685485839844 -0.0348377227783203
0.005828857421875 -0.0131645202636719 0.00844192504882813 -0.0285148620605469
0.0118675231933594 -0.0124340057373047 0.00882720947265625 -0.0233840942382813
0.0195083618164063 -0.00458335876464844 0.00580024719238282 -0.0186977386474609
0.0219326019287109 0.00832939147949219 0.00969123840332031 -0.0214385986328125
0.0118598937988281 0.0256557464599609 0.0152492523193359 -0.0258312225341797
3.81469726562474E-05 0.0377655029296875 0.0275325775146484 -0.034149169921875
-0.0160140991210938 0.0386695861816406 0.0363044738769531 -0.0300483703613281
-0.0298233032226562 0.0403022766113281 0.0523948669433594 -0.00637435913085937
-0.00485610961914063 0.03533935546875 0.0162935256958008 0.00255489349365235
0.00431632995605469 0.0306320190429688 0.00917625427246094 0.0224151611328125
0.0192508697509766 0.0195217132568359 0.0350818634033203 0.0191936492919922
0.0233154296875 0.00505256652832031 0.0400657653808594 -0.004852294921875
0.0224399566650391 -0.0120887756347656 0.0317001342773438 -0.0283927917480469
0.0156440734863281 -0.0227241516113281 0.015838623046875 -0.0360908508300781
0.0141849517822266 -0.0218982696533203 0.00596427917480469 -0.0286750793457031
0.0163040161132813 -0.0259380340576172 0.00454139709472656 -0.0216598510742188
0.0246143341064453 -0.0211544036865234 0.00293922424316407 -0.0194568634033203
0.0346012115478516 -0.00429916381835938 -0.000782012939453123 -0.0153131484985352
0.0341072082519531 0.0158748626708984 0.00467872619628906 -0.0191726684570313
0.0124435424804688 0.0414276123046875 0.00984001159667969 -0.0235309600830078
-0.00742340087890625 0.0530128479003906 0.0210895538330078 -0.0251121520996094
-0.0311851501464844 0.0473213195800781 0.0255203247070312 -0.0191059112548828
-0.0470085144042969 0.0449066162109375 0.0384407043457031 0.00954055786132813
-0.0197639465332031 0.049560546875 0.00848102569580078 0.01641845703125
0.00127792358398438 0.0499610900878906 0.00665283203125 0.0292072296142578
0.0298137664794922 0.0336742401123047 0.0307159423828125 0.0238170623779297
0.0370674133300781 0.00915145874023438 0.0343189239501953 0.00136184692382813
0.0353507995605469 -0.0177955627441406 0.0274868011474609 -0.0200061798095703
0.0230846405029297 -0.0317249298095703 0.0117950439453125 -0.0258331298828125
0.0209789276123047 -0.0295677185058594 0.00219535827636719 -0.0181884765625
0.0232086181640625 -0.0351600646972656 0.000138282775878907 -0.010960578918457
0.0322608947753906 -0.0280742645263672 -0.00461864471435547 -0.0111665725708008
0.044952392578125 -0.00629425048828125 -0.00896453857421875 -0.00964832305908203
0.0427436828613281 0.0190048217773438 -0.00200939178466797 -0.0158824920654297
0.0140571594238281 0.0508537292480469 0.00523185729980469 -0.0206069946289063
-0.0131568908691406 0.0616722106933594 0.0155315399169922 -0.0149688720703125
-0.0408668518066406 0.050262451171875 0.0110673904418945 -0.00582504272460937
-0.056396484375 0.0406875610351562 0.0186138153076172 0.0244274139404297
-0.0322303771972656 0.0528793334960938 -0.00262451171875 0.0298480987548828
-0.00524139404296874 0.0611686706542969 0.000513076782226565 0.0346641540527344
0.0328636169433594 0.0445518493652344 0.0226879119873047 0.0272369384765625
0.0444412231445312 0.0136680603027344 0.0246562957763672 0.00768470764160156
0.0423736572265625 -0.0201454162597656 0.0186519622802734 -0.00903892517089844
0.0274505615234375 -0.0349159240722656 0.00626087188720703 -0.0116415023803711
0.0238056182861328 -0.0332870483398438 -0.00226926803588867 -0.00485324859619141
0.0261383056640625 -0.0393524169921875 -0.0051727294921875 0.00264501571655273
0.0350131988525391 -0.0309562683105469 -0.0121889114379883 -0.000171661376953125
0.0484199523925781 -0.0070037841796875 -0.0165262222290039 -0.00196361541748047
0.045257568359375 0.0204010009765625 -0.00843334197998047 -0.0128145217895508
0.012908935546875 0.0536956787109375 0.00166130065917969 -0.016697883605957
-0.01727294921875 0.0617294311523438 0.0112524032592773 -0.00318241119384765
-0.04608154296875 0.0462837219238281 -0.00523138046264649 0.0084223747253418
-0.0554618835449219 0.0290031433105469 -0.00250244140625001 0.0366249084472656
-0.0391426086425781 0.0452995300292969 -0.0156211853027344 0.0399131774902344
-0.012908935546875 0.0586700439453125 -0.00589752197265625 0.0363082885742188
0.0273933410644531 0.0466957092285156 0.0111751556396484 0.0283432006835938
0.0427093505859375 0.0168380737304688 0.0127277374267578 0.0125541687011719
0.04229736328125 -0.017852783203125 0.00879287719726563 0.00219440460205078
0.0273418426513672 -0.0330600738525391 -1.62124633789048E-05 0.00273776054382324
0.0237140655517578 -0.0313758850097656 -0.00612735748291016 0.00884532928466797
0.0257148742675781 -0.0377578735351563 -0.00963306427001953 0.0162324905395508
0.0333690643310547 -0.0292377471923828 -0.0191688537597656 0.0104217529296875
0.0456771850585937 -0.00594711303710937 -0.0236854553222656 0.00509834289550782
0.041259765625 0.0198593139648438 -0.0142135620117187 -0.00924015045166016
0.008392333984375 0.0503501892089844 -0.00170326232910156 -0.013671875
-0.0208625793457031 0.054534912109375 0.0062108039855957 0.00641918182373047
-0.0462875366210938 0.0357856750488281 -0.0213603973388672 0.0195999145507813
-0.0436248779296875 0.0118675231933594 -0.0228538513183594 0.0436058044433594
-0.0360565185546875 0.0282020568847656 -0.0268440246582031 0.044830322265625
-0.0164985656738281 0.0429801940917969 -0.0115032196044922 0.0347671508789063
0.0172843933105469 0.0387649536132813 0.000642776489257812 0.0261116027832031
0.0324440002441406 0.0153007507324219 0.000693321228027347 0.0145864486694336
0.0343875885009766 -0.0136814117431641 -0.00174140930175781 0.0120401382446289
0.0220146179199219 -0.0253715515136719 -0.00635433197021484 0.0164575576782227
0.0195217132568359 -0.0251502990722656 -0.00915336608886718 0.0217838287353516
0.0215435028076172 -0.0303745269775391 -0.0139617919921875 0.0280303955078125
0.0275745391845703 -0.0238609313964844 -0.0254001617431641 0.0201663970947266
0.0374755859375 -0.00412750244140625 -0.02972412109375 0.0107364654541016
0.032318115234375 0.0179805755615234 -0.0198612213134766 -0.00737380981445312
0.0030364990234375 0.0427169799804688 -0.00439739227294922 -0.0119905471801758
-0.0232162475585938 0.0408477783203125 0.000639915466308593 0.0131683349609375
-0.0420455932617188 0.0195884704589844 -0.0376396179199219 0.0271110534667969
-0.0255184173583984 -0.00694847106933593 -0.0343017578125 0.0448036193847656
-0.0253162384033203 0.00667762756347656 -0.0321769714355469 0.0445518493652344
-0.0162162780761719 0.0202407836914062 -0.014007568359375 0.0309104919433594
0.00494575500488281 0.0231056213378906 -0.00670623779296875 0.0238418579101563
0.0165157318115234 0.0108261108398438 -0.00668144226074219 0.0155677795410156
0.0201892852783203 -0.00645256042480469 -0.00831222534179687 0.0183868408203125
0.0136890411376953 -0.0142660140991211 -0.0100383758544922 0.0256404876708984
0.012080192565918 -0.0146675109863281 -0.0110034942626953 0.0307846069335937
0.01446533203125 -0.0187854766845703 -0.0171794891357422 0.0351104736328125
0.0184478759765625 -0.0152873992919922 -0.0304603576660156 0.0272636413574219
0.0260677337646484 -0.00228691101074219 -0.0340499877929688 0.0134925842285156
0.0220184326171875 0.0132846832275391 -0.0252208709716797 -0.00619316101074218
-0.0016326904296875 0.0298252105712891 -0.00829124450683594 -0.0115737915039062
-0.0218353271484375 0.0236015319824219 -0.00672054290771485 0.0160179138183594
-0.0320873260498047 0.0018463134765625 -0.0510063171386719 0.0287094116210938
0.00967884063720703 0.0141201019287109 0.0558052062988281 -0.0306510925292969
0.0160503387451172 -0.00449848175048828 0.0147914886474609 -0.0161848068237305
0.000975608825683593 -0.0115823745727539 0.00753974914550781 0.0128326416015625
-0.00876617431640625 -0.00568342208862305 0.0320587158203125 0.0125865936279297
-0.00911235809326172 0.00242328643798828 0.0399093627929687 -0.0104598999023437
-0.00600147247314453 0.00655460357666016 0.0316219329833984 -0.0341358184814453
-0.00314450263977051 0.00381016731262207 0.0179634094238281 -0.0431251525878906
-0.00490045547485352 0.00250339508056641 0.0101509094238281 -0.0363388061523437
-0.00584506988525391 0.00178241729736328 0.0100193023681641 -0.0306606292724609
-0.00407171249389648 -0.00357341766357422 0.0108528137207031 -0.0238132476806641
0.00116968154907227 -0.00682592391967773 0.00886344909667969 -0.0204429626464844
0.00866508483886719 -0.00546741485595703 0.0119991302490234 -0.0234451293945313
0.0144424438476563 0.00439643859863281 0.0201301574707031 -0.0286540985107422
0.0131111145019531 0.017822265625 0.0325546264648438 -0.0408706665039063
0.00407028198242188 0.0250186920166016 0.0416793823242188 -0.0397377014160156
-0.0109157562255859 0.0303688049316406 0.0586051940917969 -0.0209426879882812
0.00737571716308594 0.0157527923583984 0.017730712890625 -0.00951194763183594
0.00438499450683594 0.00901031494140625 0.00911808013916016 0.0166988372802734
0.00584602355957031 0.00577449798583984 0.0349140167236328 0.0148448944091797
0.00717687606811523 0.00288105010986328 0.0413856506347656 -0.0087738037109375
0.0082249641418457 -0.00364398956298828 0.0329990386962891 -0.0335140228271484
0.00559139251708984 -0.0104503631591797 0.0176010131835937 -0.0427169799804688
0.00502395629882813 -0.0101490020751953 0.00811767578125 -0.0350666046142578
0.00587558746337891 -0.0132503509521484 0.00775146484375 -0.0292320251464844
0.0120124816894531 -0.0129547119140625 0.00799179077148437 -0.0242786407470703
0.0195350646972656 -0.00460624694824219 0.00513839721679688 -0.0198345184326172
0.0222663879394531 0.00777816772460938 0.00964164733886719 -0.0217533111572266
0.0119152069091797 0.0259151458740234 0.0156154632568359 -0.0262832641601563
0.000358581542968748 0.0384025573730469 0.0273094177246094 -0.0352554321289063
-0.0161857604980469 0.0391960144042969 0.0365791320800781 -0.0321197509765625
-0.0302848815917969 0.0414657592773438 0.0532417297363281 -0.00722122192382812
-0.0048065185546875 0.0360221862792969 0.015904426574707 0.00233840942382813
0.00481605529785156 0.0313262939453125 0.00914764404296875 0.0230751037597656
0.0201835632324219 0.0191421508789063 0.0355339050292969 0.0188331604003906
0.0238666534423828 0.00474166870117188 0.0402030944824219 -0.004486083984375
0.0227317810058594 -0.0125541687011719 0.0320301055908203 -0.0287456512451172
0.0152664184570313 -0.02325439453125 0.0153999328613281 -0.0369491577148438
0.0137767791748047 -0.0220737457275391 0.0051422119140625 -0.0288486480712891
0.0156803131103516 -0.0261878967285156 0.00385856628417969 -0.0220375061035156
0.0242729187011719 -0.0221424102783203 0.001708984375 -0.0200004577636719
0.0348186492919922 -0.00518608093261719 -0.00158023834228515 -0.015955924987793
0.0351028442382813 0.0154914855957031 0.00449752807617188 -0.0200881958007813
0.0129661560058594 0.0424957275390625 0.0102729797363281 -0.0239467620849609
-0.00756454467773438 0.05401611328125 0.0213451385498047 -0.0262718200683594
-0.0312614440917969 0.0489730834960938 0.0254440307617187 -0.0209255218505859
-0.0469741821289062 0.0463981628417969 0.0390129089355469 0.0089569091796875
-0.0194015502929688 0.0502281188964844 0.00870323181152343 0.0158824920654297
0.00238800048828125 0.0514106750488281 0.00592994689941406 0.0302085876464844
0.0306987762451172 0.0336894989013672 0.0310592651367188 0.0240955352783203
0.0378913879394531 0.00873947143554688 0.0343704223632813 0.00155830383300781
0.0352630615234375 -0.019134521484375 0.0272769927978516 -0.0203723907470703
0.0227413177490234 -0.0322532653808594 0.0115413665771484 -0.0262966156005859
0.0203304290771484 -0.0306911468505859 0.00123977661132813 -0.0180339813232422
0.0225181579589844 -0.036773681640625 -0.00086402893066406 -0.0106801986694336
0.0316619873046875 -0.0289287567138672 -0.00545883178710937 -0.0114231109619141
0.045501708984375 -0.00708770751953125 -0.0091562271118164 -0.00961875915527344
0.0439910888671875 0.0188255310058594 -0.00204372406005859 -0.0172500610351563
0.0149879455566406 0.0515022277832031 0.00523185729980469 -0.0207595825195312
-0.0121841430664062 0.0626564025878906 0.0155735015869141 -0.015345573425293
-0.0411262512207031 0.0522232055664063 0.0112581253051758 -0.00675392150878906
-0.0566368103027344 0.0418853759765625 0.0188922882080078 0.0244941711425781
-0.0321884155273438 0.0540199279785156 -0.00281143188476563 0.0298595428466797
-0.00478744506835938 0.06268310546875 -0.000247955322265626 0.0351486206054688
0.0341148376464844 0.0440673828125 0.0221691131591797 0.0278472900390625
0.0451850891113281 0.012939453125 0.0244922637939453 0.0084381103515625
0.0424842834472656 -0.0213241577148438 0.0189800262451172 -0.00921058654785156
0.0263290405273437 -0.0363121032714844 0.00601673126220703 -0.0116510391235352
0.0239238739013672 -0.034271240234375 -0.00284767150878906 -0.00454950332641602
0.0256004333496094 -0.0409088134765625 -0.00490665435791016 0.00308370590209961
0.0343360900878906 -0.032135009765625 -0.0129566192626953 -0.000158309936523437
0.0491600036621094 -0.00867080688476563 -0.017094612121582 -0.00184535980224609
0.0459403991699219 0.0192604064941406 -0.00856208801269531 -0.0133371353149414
0.0140113830566406 0.0544395446777344 0.00177097320556641 -0.0174846649169922
-0.0161285400390625 0.0625801086425781 0.0117034912109375 -0.00387477874755859
-0.0463104248046875 0.0471954345703125 -0.00458621978759766 0.00805807113647461
-0.0554847717285156 0.0301895141601563 -0.00232315063476562 0.0376243591308594
-0.0389785766601563 0.0462303161621094 -0.0155982971191406 0.040191650390625
-0.0120468139648437 0.0597610473632812 -0.00674057006835938 0.0371170043945313
0.0286750793457031 0.0470542907714844 0.010650634765625 0.0290946960449219
0.0437698364257813 0.0157623291015625 0.0121755599975586 0.0136594772338867
0.0425186157226562 -0.019439697265625 0.00897789001464844 0.00238227844238281
0.0264739990234375 -0.0343666076660156 -0.000218629837036131 0.00331497192382812
0.0237503051757813 -0.0325870513916016 -0.00664424896240234 0.00933742523193359
0.024871826171875 -0.038818359375 -0.0096282958984375 0.0162496566772461
0.0331153869628906 -0.0307178497314453 -0.0198783874511719 0.0109405517578125
0.0461807250976562 -0.00761032104492187 -0.0238857269287109 0.00538825988769531
0.0421218872070313 0.019317626953125 -0.0144681930541992 -0.00976181030273437
0.00963211059570313 0.0511283874511719 -0.00123310089111328 -0.0143318176269531
-0.0203018188476563 0.05523681640625 0.00631332397460937 0.00622844696044922
-0.0468788146972656 0.0367164611816406 -0.0216789245605469 0.019561767578125
-0.0441780090332031 0.0129547119140625 -0.0228729248046875 0.0448951721191406
-0.0358428955078125 0.0290298461914063 -0.0269393920898438 0.0451545715332031
-0.0163002014160156 0.0435676574707031 -0.01214599609375 0.0352020263671875
0.017852783203125 0.0388641357421875 0.000198364257812501 0.0273418426513672
0.0332260131835938 0.0147151947021484 0.00104713439941407 0.0156183242797852
0.0342483520507813 -0.0144271850585938 -0.000845909118652341 0.0120267868041992
0.0219612121582031 -0.0260734558105469 -0.00660324096679687 0.0167865753173828
0.0193328857421875 -0.0258369445800781 -0.00937271118164063 0.0221195220947266
0.0210971832275391 -0.0311431884765625 -0.0137710571289063 0.0283985137939453
0.0273551940917969 -0.0248947143554688 -0.0256366729736328 0.0208892822265625
0.0381507873535156 -0.005859375 -0.0297031402587891 0.0110187530517578
0.0339450836181641 0.0173416137695313 -0.0205459594726562 -0.0073394775390625
0.00396728515625 0.04290771484375 -0.00492572784423828 -0.0122556686401367
-0.0224838256835937 0.0413131713867188 0.000810623168945311 0.0131301879882813
-0.0425682067871094 0.0208282470703125 -0.037841796875 0.0276603698730469
-0.0252628326416016 -0.00663948059082032 -0.0342483520507813 0.04620361328125
-0.0256729125976563 0.00702285766601562 -0.03277587890625 0.0454139709472656
-0.0158042907714844 0.0206680297851563 -0.0147571563720703 0.0318164825439453
0.00526237487792969 0.0232448577880859 -0.00707244873046875 0.0244426727294922
0.0169200897216797 0.0103759765625 -0.00662994384765625 0.0165748596191406
0.0199947357177734 -0.00718116760253906 -0.00813484191894531 0.0186214447021484
0.0136575698852539 -0.0149469375610352 -0.00993156433105469 0.0265998840332031
0.0122146606445312 -0.0151700973510742 -0.0111980438232422 0.0310897827148438
0.0146732330322266 -0.0193328857421875 -0.0170860290527344 0.0362129211425781
0.0182037353515625 -0.0157909393310547 -0.0305652618408203 0.0280609130859375
0.0261878967285156 -0.00310134887695313 -0.0347766876220703 0.0142993927001953
0.0227832794189453 0.0131263732910156 -0.0254764556884766 -0.00597953796386718
-0.00117874145507813 0.0304431915283203 -0.00813579559326172 -0.0121078491210937
-0.0217247009277344 0.0236110687255859 -0.00625896453857422 0.0157470703125
-0.0320529937744141 0.00249862670898438 -0.0513153076171875 0.0300445556640625
0.00994586944580078 0.0139398574829102 0.0566024780273438 -0.0326766967773438
0.015986442565918 -0.00492668151855469 0.0146780014038086 -0.0168838500976563
0.000705718994140626 -0.0113048553466797 0.00752449035644531 0.0137739181518555
-0.00923919677734375 -0.005523681640625 0.03326416015625 0.0124168395996094
-0.00912094116210938 0.002838134765625 0.0409011840820313 -0.0116767883300781
-0.00566577911376953 0.00715017318725586 0.0314865112304688 -0.0354118347167969
-0.00337624549865723 0.00377893447875977 0.0174522399902344 -0.0451126098632813
-0.00451946258544922 0.00313377380371094 0.00905609130859375 -0.03741455078125
-0.00621175765991211 0.00188207626342773 0.00905609130859375 -0.0316581726074219
-0.00428605079650879 -0.00294089317321777 0.0104217529296875 -0.0249443054199219
0.000423431396484374 -0.0072026252746582 0.00861549377441406 -0.0218639373779297
0.00858306884765625 -0.00506114959716797 0.0116291046142578 -0.0245132446289063
0.0144081115722656 0.00439167022705078 0.0204582214355469 -0.0305461883544922
0.013702392578125 0.0178451538085938 0.0327415466308594 -0.04266357421875
0.00513267517089844 0.0255489349365234 0.0426216125488281 -0.0430564880371094
-0.01025390625 0.0311470031738281 0.0591812133789063 -0.0231094360351562
0.00751876831054687 0.0163745880126953 0.0179882049560547 -0.0102386474609375
0.00492191314697266 0.00934982299804687 0.00985336303710938 0.017730712890625
0.00642538070678711 0.00595426559448242 0.0361251831054688 0.0146827697753906
0.00740528106689453 0.00269174575805664 0.0423736572265625 -0.00954818725585938
0.00818538665771484 -0.00414419174194336 0.0329093933105469 -0.0350990295410156
0.00566387176513672 -0.01129150390625 0.0165634155273438 -0.0445175170898438
0.00442600250244141 -0.0108642578125 0.00714874267578125 -0.0362510681152344
0.00520992279052734 -0.0138883590698242 0.00690460205078125 -0.0300121307373047
0.0115890502929688 -0.0131521224975586 0.00723075866699219 -0.0252456665039063
0.0201168060302734 -0.00557136535644531 0.00497817993164063 -0.020660400390625
0.0231590270996094 0.00766181945800781 0.00963020324707031 -0.0235652923583984
0.0126667022705078 0.0271339416503906 0.0156764984130859 -0.0271930694580078
0.00135040283203125 0.0396461486816406 0.0279960632324219 -0.0372352600097656
-0.0154380798339844 0.0409965515136719 0.0370101928710938 -0.0346260070800781
-0.0305290222167969 0.0438728332519531 0.0542030334472656 -0.00899505615234374
-0.00409317016601563 0.03668212890625 0.0156965255737305 0.00108146667480469
0.00655174255371094 0.0328235626220703 0.00920486450195313 0.0242366790771484
0.0212440490722656 0.0194416046142578 0.0361824035644531 0.0193443298339844
0.0247707366943359 0.0044708251953125 0.0413169860839844 -0.00487136840820313
0.0228710174560547 -0.0138320922851563 0.0320682525634766 -0.0301189422607422
0.0148563385009766 -0.0246486663818359 0.0149307250976563 -0.0381431579589844
0.0136775970458984 -0.0234050750732422 0.00390434265136719 -0.0294704437255859
0.0151214599609375 -0.0282726287841797 0.00339508056640625 -0.0228958129882813
0.0238418579101563 -0.0236301422119141 0.000823974609375001 -0.0204963684082031
0.0360488891601562 -0.00643157958984375 -0.00205230712890625 -0.016779899597168
0.0368156433105469 0.0152091979980469 0.00406646728515625 -0.0215072631835938
0.0142097473144531 0.0433921813964844 0.0103225708007813 -0.0251674652099609
-0.00622177124023438 0.05584716796875 0.0214309692382813 -0.0274181365966797
-0.0311622619628906 0.0507469177246094 0.0256977081298828 -0.0228939056396484
-0.0473060607910156 0.0483131408691406 0.0403976440429688 0.007598876953125
-0.01885986328125 0.0516738891601563 0.00886344909667969 0.0157556533813477
0.00405120849609376 0.0527992248535156 0.00600433349609375 0.0313167572021484
0.0325889587402344 0.0340747833251953 0.0322322845458984 0.0245208740234375
0.039276123046875 0.00732040405273438 0.0352134704589844 0.00136184692382813
0.0352210998535156 -0.0208625793457031 0.0275039672851563 -0.0212497711181641
0.0221538543701172 -0.0344772338867188 0.01104736328125 -0.0270862579345703
0.0201568603515625 -0.0323085784912109 0.000185012817382816 -0.0185585021972656
0.0218582153320312 -0.0382766723632813 -0.00126171112060547 -0.0113592147827148
0.0315589904785156 -0.030975341796875 -0.00696563720703125 -0.0111503601074219
0.0463180541992188 -0.00926589965820313 -0.00988578796386719 -0.0100030899047852
0.0455474853515625 0.0175437927246094 -0.00258445739746094 -0.018646240234375
0.0168991088867188 0.0529708862304688 0.00498771667480469 -0.0218906402587891
-0.0107536315917969 0.0645675659179688 0.0163860321044922 -0.0168066024780273
-0.0414390563964844 0.05413818359375 0.0114593505859375 -0.00761985778808593
-0.0571060180664062 0.0442237854003906 0.0201473236083984 0.0243301391601563
-0.0322532653808594 0.0561065673828125 -0.00283622741699219 0.0301170349121094
-0.00283432006835938 0.0645103454589844 -9.53674316406278E-05 0.0365791320800781
0.0362129211425781 0.0442008972167969 0.0229530334472656 0.0286960601806641
0.0474662780761719 0.0119819641113281 0.0253963470458984 0.00830078125
0.0431060791015625 -0.0231361389160156 0.0195350646972656 -0.00946998596191406
0.02618408203125 -0.0380935668945313 0.00554370880126953 -0.0120744705200195
0.0233726501464844 -0.0361785888671875 -0.00354385375976562 -0.00454282760620118
0.0243644714355469 -0.0430068969726562 -0.00569486618041992 0.00292253494262695
0.0343360900878906 -0.0346012115478516 -0.0140495300292969 0.000559806823730469
0.0501899719238281 -0.0107002258300781 -0.0181999206542969 -0.00171470642089844
0.0482826232910156 0.0179214477539062 -0.00969696044921875 -0.0139961242675781
0.0159187316894531 0.0552597045898438 0.00121116638183594 -0.0184841156005859
-0.0150146484375 0.0646781921386719 0.0119876861572266 -0.00468635559082031
-0.04656982421875 0.0502281188964844 -0.00499200820922852 0.00709724426269532
-0.0565185546875 0.0324859619140625 -0.00179290771484375 0.0385665893554688
-0.0388641357421875 0.0481338500976562 -0.0156936645507813 0.0411415100097656
-0.01092529296875 0.0621604919433594 -0.0066375732421875 0.0385818481445313
0.0311279296875 0.0470848083496094 0.0112400054931641 0.0299911499023438
0.0451087951660156 0.0148963928222656 0.0125923156738281 0.0139274597167969
0.042694091796875 -0.0213203430175781 0.00939559936523438 0.00259017944335937
0.0260887145996094 -0.0363426208496094 -0.000510692596435545 0.00350427627563476
0.0227699279785156 -0.0343265533447266 -0.00697612762451171 0.00981044769287109
0.0240554809570313 -0.0414657592773437 -0.00954151153564453 0.017024040222168
0.0327663421630859 -0.0328369140625 -0.0204658508300781 0.0117149353027344
0.0473747253417969 -0.00974655151367187 -0.024688720703125 0.00601577758789062
0.0443267822265625 0.0181808471679687 -0.0157260894775391 -0.0105743408203125
0.011749267578125 0.0524253845214844 -0.00209903717041015 -0.0152397155761719
-0.018890380859375 0.0573997497558594 0.00715112686157227 0.00567436218261719
-0.0478897094726563 0.0389175415039063 -0.0215587615966797 0.0206432342529297
-0.0447616577148438 0.0144691467285156 -0.0224876403808594 0.0467605590820313
-0.0353775024414062 0.0306587219238281 -0.0269813537597656 0.0471611022949219
-0.0159492492675781 0.0457878112792969 -0.01220703125 0.0367279052734375
0.0199432373046875 0.0393486022949219 0.000247955322265625 0.0282917022705078
0.0345191955566406 0.0139808654785156 0.000703811645507814 0.0162229537963867
0.0344619750976563 -0.015899658203125 -0.00110435485839844 0.0124893188476562
0.0209484100341797 -0.0279121398925781 -0.00642681121826172 0.0175199508666992
0.0184574127197266 -0.0269622802734375 -0.009185791015625 0.0232868194580078
0.0202007293701172 -0.0338401794433594 -0.0135517120361328 0.029205322265625
0.0270652770996094 -0.0268688201904297 -0.0263252258300781 0.0221672058105469
0.0391616821289063 -0.0072174072265625 -0.0302410125732422 0.0124092102050781
0.0354270935058594 0.0167961120605469 -0.0215969085693359 -0.00753402709960938
0.0052032470703125 0.0439338684082031 -0.00498676300048828 -0.0130224227905273
-0.0218048095703125 0.04339599609375 0.001007080078125 0.0132656097412109
-0.0436058044433594 0.0221633911132813 -0.0380401611328125 0.0293235778808594
-0.0256690979003906 -0.00605201721191406 -0.0344390869140625 0.048797607421875
-0.0258274078369141 0.00814437866210938 -0.0328941345214844 0.0473556518554687
-0.0159339904785156 0.0211715698242188 -0.0148639678955078 0.033538818359375
0.006317138671875 0.0231952667236328 -0.00711250305175781 0.0258522033691406
0.0179252624511719 0.00958633422851563 -0.00628471374511719 0.0179786682128906
0.0200405120849609 -0.00853919982910156 -0.00771903991699219 0.0198192596435547
0.0128803253173828 -0.0153779983520508 -0.00902938842773437 0.0277919769287109
0.0115394592285156 -0.0163106918334961 -0.0105094909667969 0.0324554443359375
0.0133876800537109 -0.0205879211425781 -0.0168037414550781 0.0380020141601563
0.0180835723876953 -0.0171318054199219 -0.0305862426757813 0.0295791625976563
0.0269527435302734 -0.00425529479980469 -0.0352287292480469 0.0152702331542969
0.0236015319824219 0.0126991271972656 -0.0264415740966797 -0.00600242614746093
7.62939453124789E-06 0.0309085845947266 -0.00910377502441406 -0.0129022598266602
-0.0211715698242188 0.0246601104736328 -0.00631427764892578 0.0166521072387695
-0.0331783294677734 0.00313758850097657 -0.0517234802246094 0.0319023132324219
0.0104494094848633 0.0138759613037109 0.0557518005371094 -0.0360679626464844
0.0155744552612305 -0.00607967376708984 0.0140151977539063 -0.0180587768554687
0.000409126281738282 -0.0114622116088867 0.0085601806640625 0.0140762329101563
-0.00917530059814453 -0.00442218780517578 0.0347766876220703 0.0114078521728516
-0.00913906097412109 0.00312423706054688 0.0413589477539063 -0.0137863159179688
-0.00536298751831055 0.00742197036743164 0.0303459167480469 -0.0371894836425781
-0.00313925743103027 0.00390720367431641 0.0152664184570312 -0.0467147827148438
-0.00418734550476074 0.00378084182739258 0.00766372680664063 -0.0387306213378906
-0.00586557388305664 0.00269412994384766 0.00731849670410157 -0.0326900482177734
-0.00461578369140625 -0.00323581695556641 0.00922584533691406 -0.0260086059570313
-2.33650207519537E-05 -0.0071263313293457 0.00741958618164062 -0.0228099822998047
0.00829887390136719 -0.005523681640625 0.0108699798583984 -0.0261421203613281
0.0145835876464844 0.00384998321533203 0.0203018188476562 -0.0315742492675781
0.0142192840576172 0.01800537109375 0.0317497253417969 -0.0457267761230469
0.00556182861328125 0.0257835388183594 0.0414276123046875 -0.0462532043457031
-0.00970268249511719 0.0327396392822266 0.0596275329589844 -0.0263595581054687
0.00867557525634765 0.0164175033569336 0.0172796249389648 -0.0114297866821289
0.00562095642089844 0.00992488861083984 0.00984001159667969 0.0185565948486328
0.00697183609008789 0.00571727752685547 0.0377922058105469 0.0139312744140625
0.00815010070800781 0.00217580795288086 0.0429801940917969 -0.0116691589355469
0.00817632675170898 -0.0046544075012207 0.0323104858398438 -0.0371360778808594
0.00525760650634766 -0.0120935440063477 0.0148468017578125 -0.0455551147460938
0.00461769104003906 -0.0111808776855469 0.00539779663085937 -0.0367050170898438
0.00487232208251953 -0.0142498016357422 0.00524139404296875 -0.0311546325683594
0.0109767913818359 -0.0138692855834961 0.00586700439453125 -0.0259742736816406
0.0200519561767578 -0.00689697265625 0.00367927551269531 -0.0214004516601563
0.0240631103515625 0.00722122192382812 0.00890731811523438 -0.0250053405761719
0.0136508941650391 0.0271072387695312 0.0158748626708984 -0.0291728973388672
0.0034637451171875 0.0404853820800781 0.0272750854492188 -0.0390434265136719
-0.0141372680664062 0.042510986328125 0.0364608764648438 -0.0381851196289063
-0.0298385620117188 0.0458412170410156 0.0547599792480469 -0.0115928649902344
-0.00313949584960937 0.0376091003417969 0.0158967971801758 0.000511169433593752
0.0081634521484375 0.0332660675048828 0.00989341735839844 0.0246696472167969
0.022857666015625 0.0186634063720703 0.0379562377929688 0.0186729431152344
0.0258045196533203 0.00288200378417969 0.041900634765625 -0.00661849975585938
0.022186279296875 -0.0158481597900391 0.0320663452148438 -0.0321178436279297
0.0137367248535156 -0.0263481140136719 0.0130691528320313 -0.0395088195800781
0.012969970703125 -0.0243587493896484 0.00228500366210937 -0.0301342010498047
0.0136241912841797 -0.0292644500732422 0.00158309936523438 -0.0236072540283203
0.0231590270996094 -0.024749755859375 -0.000524520874023437 -0.0205917358398438
0.036224365234375 -0.00894546508789063 -0.00343132019042968 -0.0172996520996094
0.037933349609375 0.0133056640625 0.00314521789550781 -0.0228080749511719
0.0168609619140625 0.0439033508300781 0.00997543334960938 -0.0265331268310547
-0.00395202636718749 0.0572547912597656 0.0212593078613281 -0.0294456481933594
-0.0297584533691406 0.0530509948730469 0.0250225067138672 -0.0252799987792969
-0.0466804504394531 0.0514030456542969 0.0410614013671875 0.00563812255859375
-0.0172882080078125 0.0527915954589844 0.00924777984619141 0.0153923034667969
0.00659942626953125 0.0544395446777344 0.00708389282226562 0.0322055816650391
0.0351524353027344 0.0327262878417969 0.0332450866699219 0.0240364074707031
0.0402336120605469 0.00555419921875 0.0366325378417969 0.00072479248046875
0.0341434478759766 -0.023773193359375 0.0273399353027344 -0.0226116180419922
0.0206718444824219 -0.0364341735839844 0.00941276550292969 -0.0278606414794922
0.0185050964355469 -0.0338344573974609 -0.00127029418945313 -0.0185680389404297
0.01983642578125 -0.0403900146484375 -0.00199317932128906 -0.0112457275390625
0.0300350189208984 -0.0333652496337891 -0.007843017578125 -0.011601448059082
0.0462150573730469 -0.0125923156738281 -0.0110750198364258 -0.00989818572998047
0.0472335815429688 0.01544189453125 -0.00399589538574219 -0.0193557739257813
0.0194168090820313 0.0531959533691406 0.00449371337890625 -0.0225448608398438
-0.00807952880859375 0.0664443969726562 0.0161705017089844 -0.0181484222412109
-0.0396881103515625 0.0570755004882812 0.0110387802124023 -0.00932693481445312
-0.0560989379882813 0.0477676391601563 0.0213165283203125 0.0237369537353516
-0.0299186706542969 0.0583610534667969 -0.00152206420898438 0.0303115844726563
4.04622189851094E-18 0.0660820007324219 0.000904083251953121 0.0375900268554688
0.038970947265625 0.0430526733398437 0.0242900848388672 0.0289554595947266
0.0485610961914063 0.0093994140625 0.0265483856201172 0.00815582275390625
0.0417861938476563 -0.0266342163085938 0.0196685791015625 -0.0106334686279297
0.0241775512695313 -0.0410270690917969 0.00481986999511719 -0.0130043029785156
0.0217018127441406 -0.0380783081054688 -0.0044856071472168 -0.00407743453979492
0.0223922729492187 -0.0456581115722656 -0.0061655044555664 0.00325250625610351
0.0325431823730469 -0.03717041015625 -0.0147409439086914 0.000977516174316403
0.0499649047851563 -0.0142478942871094 -0.0183963775634766 -0.000791549682617188
0.0499267578125 0.0156822204589844 -0.0106534957885742 -0.0148248672485352
0.0190048217773437 0.0556373596191406 0.00043296813964844 -0.0188541412353516
-0.0117073059082031 0.0668220520019531 0.0120124816894531 -0.00542926788330078
-0.0456504821777344 0.0534629821777344 -0.00474834442138672 0.00718307495117188
-0.05621337890625 0.0358772277832031 -0.00014877319335938 0.0391921997070313
-0.0375518798828125 0.0503959655761719 -0.0141983032226562 0.0423240661621094
-0.00839233398437501 0.0638389587402344 -0.00613784790039062 0.0395622253417969
0.0340003967285156 0.04608154296875 0.0121688842773438 0.030487060546875
0.0469932556152344 0.0128669738769531 0.0134677886962891 0.0140771865844727
0.0417022705078125 -0.0244979858398438 0.00974655151367188 0.00231647491455078
0.0242919921875 -0.0384902954101563 -0.000483274459838866 0.00332832336425781
0.0210762023925781 -0.0363616943359375 -0.00705814361572265 0.0108766555786133
0.0218238830566406 -0.0436820983886719 -0.00957870483398438 0.0175876617431641
0.0312728881835938 -0.0352020263671875 -0.0207557678222656 0.0131988525390625
0.047698974609375 -0.0130500793457031 -0.0247364044189453 0.00711441040039062
0.0460243225097656 0.0159683227539063 -0.0167417526245117 -0.0103893280029297
0.0146446228027344 0.0525169372558594 -0.00301551818847656 -0.0158863067626953
-0.0162086486816406 0.0588607788085937 0.00680923461914062 0.00505304336547852
-0.0468254089355469 0.04205322265625 -0.0211658477783203 0.0211982727050781
-0.0449485778808594 0.0165481567382813 -0.0207176208496094 0.0486831665039063
-0.034881591796875 0.0325546264648438 -0.0258064270019531 0.048858642578125
-0.0140495300292969 0.0473518371582031 -0.0113677978515625 0.0384750366210937
0.0225067138671875 0.0382575988769531 0.000976562500000005 0.0291996002197266
0.0356369018554688 0.0122337341308594 0.00150775909423828 0.0174036026000977
0.0338802337646484 -0.0181312561035156 -0.000616073608398435 0.0126571655273437
0.0199508666992188 -0.0298347473144531 -0.005462646484375 0.0185108184814453
0.0176601409912109 -0.0286216735839844 -0.00861930847167968 0.0241832733154297
0.0183830261230469 -0.0354766845703125 -0.0124130249023438 0.03045654296875
0.0256576538085938 -0.0286598205566406 -0.0260105133056641 0.0242214202880859
0.039459228515625 -0.00979995727539063 -0.0306758880615234 0.0134677886962891
0.0369415283203125 0.0149345397949219 -0.0224170684814453 -0.00724411010742187
0.00790786743164062 0.044342041015625 -0.0063486099243164 -0.0136528015136719
-0.0198020935058594 0.0451469421386719 0.00164604187011719 0.0133676528930664
-0.0429229736328125 0.0250625610351563 -0.0376777648925781 0.0312843322753906
-0.0266361236572266 -0.00497055053710937 -0.0333328247070313 0.0515518188476562
-0.0263824462890625 0.00954055786132813 -0.0315399169921875 0.0500411987304687
-0.0153465270996094 0.0227813720703125 -0.0141048431396484 0.034637451171875
0.00809097290039063 0.0233383178710938 -0.00656509399414063 0.0267333984375
0.0186424255371094 0.00903511047363281 -0.005767822265625 0.0190982818603516
0.0195674896240234 -0.00968360900878906 -0.00676345825195313 0.0207080841064453
0.0120811462402344 -0.0165519714355469 -0.00850486755371094 0.0288314819335938
0.0109262466430664 -0.0166149139404297 -0.0093994140625 0.0335960388183594
0.0122642517089844 -0.0221385955810547 -0.0151405334472656 0.0392951965332031
0.0171928405761719 -0.0184917449951172 -0.0300235748291016 0.0318393707275391
0.0271568298339844 -0.00607872009277344 -0.0352935791015625 0.0176124572753906
0.0244369506835938 0.0114936828613281 -0.0277862548828125 -0.00504112243652344
0.00149154663085937 0.0313320159912109 -0.00989532470703125 -0.0125865936279297
-0.0203285217285156 0.0260009765625 -0.00554084777832031 0.016876220703125
-0.0333232879638672 0.004669189453125 -0.0511665344238281 0.0347709655761719
0.0107698440551758 0.0136737823486328 0.053619384765625 -0.038787841796875
0.015080451965332 -0.00685214996337891 0.012908935546875 -0.0187110900878906
0.0001220703125 -0.0118598937988281 0.00887775421142578 0.0141525268554688
-0.00925922393798828 -0.00412273406982422 0.0353622436523438 0.00969314575195313
-0.00862789154052734 0.0037069320678711 0.0404777526855469 -0.0157623291015625
-0.0050649642944336 0.0075531005859375 0.0287361145019531 -0.0388412475585938
-0.00285267829895019 0.00410866737365723 0.0126266479492187 -0.0473747253417969
-0.00387859344482422 0.00380396842956543 0.00541305541992188 -0.0390777587890625
-0.00541257858276367 0.00272417068481445 0.00522422790527344 -0.033172607421875
-0.00452613830566406 -0.00260257720947266 0.00781059265136719 -0.0268764495849609
1.5735626220703E-05 -0.00659799575805664 0.00607490539550781 -0.0236244201660156
0.00821495056152344 -0.00570487976074219 0.00969696044921875 -0.0269145965576172
0.0146360397338867 0.00314044952392578 0.0190715789794922 -0.0327777862548828
0.015070915222168 0.0172443389892578 0.0295448303222656 -0.0473747253417969
0.00685882568359375 0.0252895355224609 0.039276123046875 -0.0492591857910156
-0.00857162475585938 0.0331668853759766 0.0577659606933594 -0.029205322265625
0.00902462005615234 0.0156841278076172 0.0165271759033203 -0.0122470855712891
0.00639152526855469 0.00939846038818359 0.0107917785644531 0.0182361602783203
0.00720643997192383 0.00539016723632813 0.0376510620117188 0.012542724609375
0.00835895538330078 0.00183582305908203 0.0422248840332031 -0.0133438110351563
0.00792121887207031 -0.00565242767333984 0.0303993225097656 -0.0384712219238281
0.00450420379638672 -0.0125970840454102 0.01220703125 -0.0462837219238281
0.00406932830810547 -0.0115537643432617 0.00338363647460938 -0.0370674133300781
0.00392055511474609 -0.0144863128662109 0.00326728820800781 -0.0310554504394531
0.0102767944335938 -0.0143508911132813 0.00416374206542969 -0.0261077880859375
0.0197792053222656 -0.00754356384277344 0.00206756591796875 -0.0221633911132813
0.0241451263427734 0.00604438781738281 0.00761222839355469 -0.0261592864990234
0.0150661468505859 0.0265636444091797 0.0149974822998047 -0.0301952362060547
0.00485992431640625 0.0403022766113281 0.0255622863769531 -0.0407981872558594
-0.0124092102050781 0.0427207946777344 0.0344085693359375 -0.0406684875488281
-0.0276298522949219 0.0472221374511719 0.05389404296875 -0.0146408081054687
-0.00157546997070312 0.03741455078125 0.0157079696655273 -0.000722885131835935
0.0099639892578125 0.0330371856689453 0.0106315612792969 0.0249366760253906
0.0238761901855469 0.0173854827880859 0.038116455078125 0.017059326171875
0.0256481170654297 0.00138664245605469 0.0415458679199219 -0.00790023803710938
0.0208263397216797 -0.0173664093017578 0.0301227569580078 -0.0338840484619141
0.0124435424804688 -0.0274677276611328 0.010589599609375 -0.0402107238769531
0.0113086700439453 -0.0252590179443359 0.000423431396484376 -0.0295829772949219
0.0120086669921875 -0.0304012298583984 -8.96453857421892E-05 -0.0233860015869141
0.0209121704101563 -0.0260219573974609 -0.00246429443359375 -0.0205135345458984
0.0353469848632813 -0.0111503601074219 -0.00450515747070312 -0.0169639587402344
0.0385856628417969 0.0114631652832031 0.00182151794433594 -0.0238628387451172
0.0187721252441406 0.0428886413574219 0.00914955139160156 -0.0269737243652344
-0.000560760498046879 0.0576286315917969 0.0201835632324219 -0.0309906005859375
-0.02740478515625 0.0548095703125 0.0235309600830078 -0.0275154113769531
-0.0441513061523437 0.0538291931152344 0.0411453247070313 0.00339889526367188
-0.0146064758300781 0.0533676147460938 0.00945091247558594 0.0143947601318359
0.00930023193359375 0.0541000366210938 0.00791168212890625 0.0319194793701172
0.0364723205566406 0.0301094055175781 0.0342025756835938 0.0231838226318359
0.0405616760253906 0.00346755981445313 0.0362167358398438 -0.000408172607421875
0.0324974060058594 -0.0254192352294922 0.026153564453125 -0.0237274169921875
0.0180511474609375 -0.0374183654785156 0.00808334350585938 -0.0283279418945313
0.0164985656738281 -0.0347461700439453 -0.00240325927734375 -0.0179939270019531
0.016876220703125 -0.0413932800292969 -0.00338649749755859 -0.011408805847168
0.0279197692871094 -0.0349750518798828 -0.00895023345947266 -0.0108098983764648
0.0454139709472656 -0.0154457092285156 -0.0117044448852539 -0.00956535339355469
0.04766845703125 0.0130615234375 -0.00533866882324219 -0.0198631286621094
0.02227783203125 0.052581787109375 0.00347137451171875 -0.0233898162841797
-0.00439071655273438 0.0663528442382812 0.0154666900634766 -0.0193653106689453
-0.0373802185058594 0.0591506958007813 0.0103263854980469 -0.010554313659668
-0.0538101196289063 0.0504951477050781 0.0223407745361328 0.0223484039306641
-0.0270957946777344 0.0591239929199219 -0.000888824462890624 0.0297298431396484
0.00315093994140625 0.0665206909179688 0.00167465209960938 0.037384033203125
0.0411605834960937 0.0410614013671875 0.0251617431640625 0.0279502868652344
0.048797607421875 0.00734329223632812 0.0266742706298828 0.00764656066894531
0.0397300720214844 -0.0291328430175781 0.0194473266601563 -0.0116138458251953
0.0220413208007812 -0.0424003601074219 0.00387382507324219 -0.0129756927490234
0.0187797546386719 -0.0390090942382812 -0.00529575347900391 -0.00363636016845703
0.0191650390625 -0.0470008850097656 -0.00626897811889648 0.00372076034545898
0.0299491882324219 -0.0389404296875 -0.0153894424438477 0.00173568725585938
0.0489845275878906 -0.0175018310546875 -0.0187492370605469 -0.000398635864257815
0.0508766174316406 0.0127906799316406 -0.012115478515625 -0.0144462585449219
0.0215530395507813 0.0552291870117187 -0.000322341918945311 -0.0197696685791016
-0.00787353515625 0.0672569274902344 0.0119132995605469 -0.00695419311523437
-0.0435905456542969 0.0554389953613281 -0.00479841232299805 0.0064229965209961
-0.0540580749511719 0.0384368896484375 0.00143051147460937 0.0391273498535156
-0.0348663330078125 0.052001953125 -0.0126762390136719 0.0426216125488281
-0.00534820556640626 0.0648422241210938 -0.0050201416015625 0.0396842956542969
0.036163330078125 0.0437583923339844 0.0129241943359375 0.030303955078125
0.0470237731933594 0.0102653503417969 0.0143585205078125 0.0142793655395508
0.0399971008300781 -0.0267257690429688 0.0100507736206055 0.00183677673339844
0.0217552185058594 -0.0399169921875 -0.000285387039184569 0.00361371040344238
0.0190353393554688 -0.0374832153320313 -0.00708484649658203 0.0111255645751953
0.0185432434082031 -0.0453948974609375 -0.00892257690429687 0.0181427001953125
0.0285186767578125 -0.0370254516601563 -0.0205116271972656 0.0145854949951172
0.046630859375 -0.01611328125 -0.0245513916015625 0.00803184509277344
0.047027587890625 0.0128860473632813 -0.0176753997802734 -0.00980186462402344
0.0174446105957031 0.0522117614746094 -0.00373649597167969 -0.0158786773681641
-0.0130538940429688 0.0595970153808594 0.00734710693359375 0.00411272048950196
-0.0447235107421875 0.0445060729980469 -0.0203685760498047 0.0218029022216797
-0.0440254211425781 0.0188560485839844 -0.0188713073730469 0.0498504638671875
-0.0331478118896484 0.0342445373535156 -0.0238609313964844 0.0499305725097656
-0.0115585327148438 0.0488395690917969 -0.0105972290039063 0.0383987426757813
0.0242500305175781 0.036651611328125 0.00195121765136719 0.0294589996337891
0.03607177734375 0.0106697082519531 0.00200843811035157 0.0177555084228516
0.0326995849609375 -0.0201301574707031 0.000541687011718752 0.0127983093261719
0.0179080963134766 -0.0307464599609375 -0.00406837463378906 0.0192985534667969
0.0153903961181641 -0.0296268463134766 -0.00746345520019531 0.0245914459228516
0.0158233642578125 -0.0363121032714844 -0.0108127593994141 0.0307540893554687
0.0239334106445313 -0.0299873352050781 -0.0247173309326172 0.0260868072509766
0.0384750366210938 -0.0126075744628906 -0.0298633575439453 0.0150165557861328
0.0374488830566406 0.0128288269042969 -0.0234813690185547 -0.00593757629394531
0.00961685180664062 0.04400634765625 -0.00722408294677734 -0.0129756927490234
-0.0170822143554688 0.0457763671875 0.00230598449707031 0.0129051208496094
-0.0416183471679688 0.0270195007324219 -0.036102294921875 0.0324592590332031
-0.0262718200683594 -0.00376319885253906 -0.0307426452636719 0.0535011291503906
-0.0252799987792969 0.0104961395263672 -0.0298423767089844 0.0513534545898438
-0.0143070220947266 0.0239086151123047 -0.0130424499511719 0.0351753234863281
0.00899505615234375 0.0224590301513672 -0.00589752197265625 0.0277214050292969
0.0187282562255859 0.00755882263183594 -0.00508880615234375 0.0195484161376953
0.0188980102539063 -0.0106849670410156 -0.00585556030273437 0.0208740234375
0.0108442306518555 -0.0171289443969727 -0.006744384765625 0.029449462890625
0.00974941253662109 -0.017369270324707 -0.00778388977050781 0.0338668823242188
0.0104866027832031 -0.0231170654296875 -0.0129470825195313 0.0400619506835938
0.0157394409179688 -0.0195903778076172 -0.0283794403076172 0.0334644317626953
0.0262660980224609 -0.00779342651367188 -0.0341167449951172 0.0191440582275391
0.0246620178222656 0.0100803375244141 -0.0282402038574219 -0.0042724609375
0.00307464599609375 0.031341552734375 -0.0105752944946289 -0.0126056671142578
-0.0189876556396484 0.0266380310058594 -0.00462722778320313 0.0167961120605469
-0.0328845977783203 0.00643730163574219 -0.0492095947265625 0.0366859436035156
0.0106420516967773 0.0134649276733398 0.0512619018554688 -0.0396537780761719
0.0141897201538086 -0.00713539123535156 0.0117111206054688 -0.0186843872070313
-8.10623168945308E-05 -0.0113763809204102 0.00922393798828125 0.0145206451416016
-0.00891971588134765 -0.00383472442626953 0.0349750518798828 0.00901603698730469
-0.00802087783813477 0.00388383865356445 0.0391273498535156 -0.0167045593261719
-0.00445222854614258 0.00750255584716797 0.0267982482910156 -0.0390243530273438
-0.00285196304321289 0.00373697280883789 0.0110359191894531 -0.0468063354492188
-0.0033867359161377 0.00405597686767578 0.0041656494140625 -0.0385475158691406
-0.0048828125 0.00296211242675781 0.00383949279785156 -0.0327663421630859
-0.00455331802368164 -0.00251245498657227 0.00667190551757812 -0.0264949798583984
-8.72611999511724E-05 -0.00616931915283203 0.00481414794921875 -0.0236854553222656
0.00826263427734375 -0.00582647323608398 0.009246826171875 -0.0274543762207031
0.0142927169799805 0.00268363952636719 0.0185909271240234 -0.0329971313476562
0.01519775390625 0.0163993835449219 0.0283699035644531 -0.0476608276367188
0.00761795043945313 0.0245151519775391 0.0374221801757813 -0.0497245788574219
-0.00761222839355469 0.0334396362304688 0.0557022094726563 -0.0308647155761719
0.00937747955322266 0.0149393081665039 0.0150814056396484 -0.0127553939819336
0.00676822662353516 0.00909900665283203 0.0111408233642578 0.0181980133056641
0.0078887939453125 0.00478410720825195 0.0377120971679688 0.0113105773925781
0.00818729400634766 0.00119829177856445 0.0411720275878906 -0.0141487121582031
0.00731754302978516 -0.00569438934326172 0.0289459228515625 -0.03851318359375
0.00389480590820312 -0.0128488540649414 0.0103912353515625 -0.046051025390625
0.00380516052246094 -0.0113954544067383 0.00200271606445312 -0.0365867614746094
0.00326633453369141 -0.0143852233886719 0.00199317932128906 -0.0305633544921875
0.00933456420898438 -0.0144634246826172 0.00292587280273438 -0.0258960723876953
0.0191822052001953 -0.00790214538574219 0.00147628784179687 -0.0219326019287109
0.0242500305175781 0.00518989562988281 0.00714492797851563 -0.0261402130126953
0.0155792236328125 0.0258121490478516 0.0143871307373047 -0.029693603515625
0.0057830810546875 0.0394515991210938 0.0241889953613281 -0.0414047241210938
-0.0112876892089844 0.0426597595214844 0.0329246520996094 -0.0416908264160156
-0.0264244079589844 0.0479774475097656 0.0521240234375 -0.0159873962402344
-0.000572204589843749 0.0364532470703125 0.0151586532592773 -0.00180721282958984
0.0106678009033203 0.0321559906005859 0.0107631683349609 0.0242481231689453
0.0240726470947266 0.0161705017089844 0.0376472473144531 0.0164756774902344
0.0255279541015625 0.000665664672851563 0.0406951904296875 -0.00870895385742188
0.0199737548828125 -0.0178794860839844 0.0283699035644531 -0.0337657928466797
0.0105724334716797 -0.0274219512939453 0.0089874267578125 -0.0394859313964844
0.0104827880859375 -0.0251541137695312 -0.000905990600585936 -0.0288295745849609
0.0103683471679687 -0.0302257537841797 -0.00119209289550781 -0.0232334136962891
0.0197811126708984 -0.0260658264160156 -0.00311088562011718 -0.0203590393066406
0.0342731475830078 -0.0124454498291016 -0.00498104095458984 -0.0171136856079102
0.0382614135742188 0.0101585388183594 0.000802993774414063 -0.0239582061767578
0.0195236206054688 0.0423469543457031 0.00876808166503907 -0.0270805358886719
0.000854492187499994 0.0567550659179688 0.0192089080810547 -0.0315876007080078
-0.0258255004882813 0.0547561645507813 0.0226955413818359 -0.0283470153808594
-0.0425338745117187 0.0544319152832031 0.0405960083007813 0.0018157958984375
-0.0133438110351563 0.0523757934570313 0.00927543640136719 0.0131206512451172
0.0106353759765625 0.0533981323242187 0.00824737548828125 0.0315704345703125
0.0370407104492188 0.0285415649414062 0.033935546875 0.0222797393798828
0.0400772094726563 0.00196075439453125 0.0358428955078125 -0.0009613037109375
0.0309410095214844 -0.0263690948486328 0.0252609252929688 -0.0241184234619141
0.016571044921875 -0.0378608703613281 0.00669670104980469 -0.0280265808105469
0.0149650573730469 -0.0346965789794922 -0.00364112854003906 -0.0172481536865234
0.0145492553710938 -0.0414161682128906 -0.00415229797363281 -0.0110960006713867
0.0255241394042969 -0.03521728515625 -0.00971126556396484 -0.0101184844970703
0.0440216064453125 -0.0171661376953125 -0.0120372772216797 -0.00952625274658203
0.0476036071777344 0.0111236572265625 -0.00603866577148438 -0.0191917419433594
0.0233573913574219 0.0512199401855469 0.00339126586914063 -0.0238265991210938
-0.00191879272460938 0.0656509399414063 0.0147895812988281 -0.0200557708740234
-0.0355911254882813 0.0594291687011719 0.00966548919677734 -0.0112829208374023
-0.0520515441894531 0.0511856079101563 0.0218887329101562 0.0210742950439453
-0.025238037109375 0.0583648681640625 -0.000408172607421877 0.0291767120361328
0.0053558349609375 0.065521240234375 0.00225830078125 0.0378074645996094
0.0418319702148438 0.0386123657226563 0.0251922607421875 0.0274391174316406
0.0479469299316406 0.00545120239257812 0.026397705078125 0.00739097595214844
0.0374107360839844 -0.0297012329101563 0.0186939239501953 -0.0119190216064453
0.0198822021484375 -0.0424842834472656 0.00340938568115235 -0.0126800537109375
0.0176544189453125 -0.0388679504394531 -0.00525283813476563 -0.00261735916137696
0.0163917541503906 -0.0469856262207031 -0.00591325759887695 0.00349664688110351
0.0276069641113281 -0.0392379760742188 -0.0154256820678711 0.00298690795898437
0.0473594665527344 -0.0190773010253906 -0.0182876586914062 2.28881835937515E-05
0.0501556396484375 0.0109710693359375 -0.0122480392456055 -0.0141696929931641
0.0233078002929687 0.0536346435546875 -0.000480651855468747 -0.0194244384765625
-0.00563812255859375 0.0660934448242188 0.0114259719848633 -0.00739479064941406
-0.0411300659179688 0.0558929443359375 -0.00473928451538086 0.00578403472900391
-0.0522232055664063 0.0391578674316406 0.00226593017578124 0.0379219055175781
-0.0331573486328125 0.0521087646484375 -0.0118675231933594 0.0416450500488281
-0.003448486328125 0.0641860961914063 -0.00457382202148437 0.0394325256347656
0.0367431640625 0.0414543151855469 0.0132369995117188 0.0301837921142578
0.0463218688964844 0.00824737548828125 0.0145683288574219 0.0141086578369141
0.0377845764160156 -0.0276374816894531 0.00983047485351563 0.00148200988769531
0.0203514099121094 -0.0401687622070313 -0.000359535217285155 0.00376248359680176
0.0173187255859375 -0.0374336242675781 -0.0068359375 0.011378288269043
0.0163192749023438 -0.045257568359375 -0.00836944580078124 0.0178508758544922
0.026336669921875 -0.0374755859375 -0.0199127197265625 0.0147724151611328
0.0450630187988281 -0.0179939270019531 -0.0238971710205078 0.00861740112304687
0.0463066101074219 0.0111351013183594 -0.0176219940185547 -0.00925636291503906
0.0189743041992188 0.0503196716308594 -0.00432109832763672 -0.0154685974121094
-0.0110244750976563 0.0586433410644531 0.00729560852050781 0.00344562530517578
-0.0433349609375 0.0450592041015625 -0.0194683074951172 0.0212535858154297
-0.0426177978515625 0.0196304321289063 -0.0172653198242188 0.0494041442871094
-0.0320072174072266 0.0342521667480469 -0.0225067138671875 0.0493011474609375
-0.00978088378906249 0.0482826232910156 -0.010162353515625 0.0384330749511719
0.0250453948974609 0.0349826812744141 0.00212478637695312 0.0294437408447266
0.03570556640625 0.008880615234375 0.00292015075683594 0.0179843902587891
0.0307826995849609 -0.0211334228515625 0.000743865966796876 0.012847900390625
0.0164051055908203 -0.0308704376220703 -0.00389671325683594 0.0186424255371094
0.0138969421386719 -0.0296688079833984 -0.00694465637207031 0.0247745513916016
0.0135459899902344 -0.0366706848144531 -0.00993919372558594 0.0305995941162109
0.0217170715332031 -0.0304794311523438 -0.0237655639648438 0.0259723663330078
0.0373039245605469 -0.0140762329101563 -0.0290813446044922 0.0159454345703125
0.0371818542480469 0.0108528137207031 -0.0229721069335937 -0.00564193725585937
0.011077880859375 0.0425758361816406 -0.00717544555664063 -0.0133295059204102
-0.0155448913574219 0.0452766418457031 0.00282955169677734 0.0122861862182617
-0.0406341552734375 0.0276451110839844 -0.0343456268310547 0.0325050354003906
-0.0257434844970703 -0.0032501220703125 -0.0288581848144531 0.0536880493164062
-0.0245647430419922 0.0111274719238281 -0.0282707214355469 0.0515365600585938
-0.0128879547119141 0.0241909027099609 -0.0123634338378906 0.0350303649902344
0.00959396362304688 0.0215492248535156 -0.00516319274902344 0.0276832580566406
0.0186023712158203 0.00707817077636719 -0.00425529479980469 0.0198841094970703
0.0177898406982422 -0.0109596252441406 -0.00490188598632812 0.0209636688232422
0.0101118087768555 -0.0169954299926758 -0.00540733337402343 0.0291481018066406
0.00897026062011719 -0.0177555084228516 -0.00676727294921875 0.0336933135986328
0.00903511047363281 -0.0230598449707031 -0.0114059448242187 0.03955078125
0.0145454406738281 -0.0197620391845703 -0.0270023345947266 0.0336837768554688
0.0251617431640625 -0.00885772705078125 -0.0330715179443359 0.019683837890625
0.0247402191162109 0.00899314880371094 -0.0277347564697266 -0.00329399108886719
0.00393486022949219 0.0303173065185547 -0.0106735229492188 -0.0120429992675781
-0.0176429748535156 0.0266838073730469 -0.00380229949951172 0.0165424346923828
-0.0322704315185547 0.00739669799804687 -0.0473251342773438 0.0372200012207031
0.0106287002563477 0.013493537902832 0.0499305725097656 -0.0394935607910156
0.0138864517211914 -0.00715827941894531 0.0108833312988281 -0.0189266204833984
-0.000268936157226562 -0.0114889144897461 0.00954627990722656 0.0143404006958008
-0.00899505615234375 -0.0035552978515625 0.0345649719238281 0.00893592834472656
-0.00790548324584961 0.00341176986694336 0.0386848449707031 -0.0165214538574219
-0.00489377975463867 0.00696277618408203 0.026885986328125 -0.0384521484375
-0.00282955169677734 0.00355052947998047 0.0106430053710938 -0.0463829040527344
-0.00362157821655273 0.0038456916809082 0.003875732421875 -0.0380706787109375
-0.00485658645629883 0.00291728973388672 0.0032196044921875 -0.0324745178222656
-0.00450468063354492 -0.00210142135620117 0.00610160827636718 -0.0264644622802734
-0.000435829162597657 -0.00623846054077148 0.00439262390136719 -0.0237102508544922
0.0081171989440918 -0.00551271438598633 0.00948333740234375 -0.0276451110839844
0.0141735076904297 0.00319862365722656 0.0191612243652344 -0.0329437255859375
0.0149526596069336 0.0161552429199219 0.0282974243164063 -0.0473709106445313
0.00723838806152344 0.0241508483886719 0.0370979309082031 -0.0500373840332031
-0.00756072998046875 0.0334205627441406 0.0542984008789063 -0.0309410095214844
0.00828838348388672 0.0146856307983398 0.0147237777709961 -0.0131301879882812
0.00672531127929687 0.00922298431396484 0.0109577178955078 0.0180988311767578
0.00773715972900391 0.00470542907714844 0.0374870300292969 0.0115699768066406
0.00840854644775391 0.00121450424194336 0.0407638549804687 -0.0140037536621094
0.00684976577758789 -0.00594282150268555 0.0284080505371094 -0.0380477905273438
0.00328540802001953 -0.0128726959228516 0.00974273681640625 -0.0454483032226563
0.00350093841552734 -0.0116491317749023 0.0015869140625 -0.0355606079101563
0.003753662109375 -0.0143928527832031 0.00133132934570313 -0.0304584503173828
0.00903892517089844 -0.0143909454345703 0.00207328796386719 -0.0259799957275391
0.0187492370605469 -0.00808334350585938 0.000837326049804691 -0.0223922729492188
0.0239200592041016 0.00491905212402344 0.00645256042480469 -0.0262870788574219
0.0154819488525391 0.0260410308837891 0.0148048400878906 -0.0301837921142578
0.00633621215820313 0.0391616821289063 0.0239486694335937 -0.0411834716796875
-0.0112037658691406 0.0424003601074219 0.0322151184082031 -0.041839599609375
-0.0263175964355469 0.0474510192871094 0.0509757995605469 -0.0165176391601562
-0.00138473510742187 0.035797119140625 0.0144414901733398 -0.00213241577148437
0.0112075805664063 0.0319328308105469 0.0103263854980469 0.0245952606201172
0.0242996215820313 0.0158634185791016 0.0371780395507813 0.0163116455078125
0.0255508422851563 0.000326156616210938 0.0405616760253906 -0.00844955444335938
0.0191612243652344 -0.0179882049560547 0.0283298492431641 -0.0335216522216797
0.0100364685058594 -0.0274524688720703 0.00880813598632813 -0.0389823913574219
0.0101566314697266 -0.0251369476318359 -0.000694274902343748 -0.0281391143798828
0.00991249084472656 -0.0298480987548828 -0.00143241882324219 -0.0226573944091797
0.0189399719238281 -0.02606201171875 -0.00384140014648437 -0.0199928283691406
0.0338573455810547 -0.0125541687011719 -0.00547122955322266 -0.0173797607421875
0.037872314453125 0.00974655151367188 0.000696182250976564 -0.0242462158203125
0.0200271606445313 0.0416984558105469 0.00888252258300781 -0.0270500183105469
0.00130081176757812 0.0559272766113281 0.0189685821533203 -0.0322494506835938
-0.0254554748535156 0.0542106628417969 0.0220489501953125 -0.0283870697021484
-0.0419387817382813 0.053863525390625 0.0392417907714844 0.0013427734375
-0.0133209228515625 0.051910400390625 0.00873184204101563 0.0122690200805664
0.0111808776855469 0.0527725219726562 0.00745773315429688 0.0314521789550781
0.0366020202636719 0.0277557373046875 0.0331764221191406 0.0221900939941406
0.0397491455078125 0.001861572265625 0.0354804992675781 -0.0005950927734375
0.0297031402587891 -0.0265312194824219 0.0251636505126953 -0.0238170623779297
0.0154228210449219 -0.0378227233886719 0.00644111633300781 -0.0275592803955078
0.0146007537841797 -0.0345840454101563 -0.00362682342529297 -0.0163774490356445
0.0137138366699219 -0.0413627624511719 -0.00448513031005859 -0.0110282897949219
0.0246086120605469 -0.0352210998535156 -0.00963497161865234 -0.00983047485351563
0.0428466796875 -0.0172538757324219 -0.0122833251953125 -0.00919055938720703
0.0467681884765625 0.010345458984375 -0.00630569458007812 -0.0197391510009766
0.0238227844238281 0.0507278442382813 0.00347137451171875 -0.0236244201660156
-0.00162887573242188 0.0649032592773438 0.0146961212158203 -0.0205001831054687
-0.0355339050292969 0.059173583984375 0.00945091247558593 -0.0118989944458008
-0.0512428283691406 0.0501556396484375 0.0216808319091797 0.0204391479492188
-0.0252418518066406 0.0574417114257813 -0.000692367553710942 0.0280227661132813
0.005645751953125 0.065277099609375 0.00188064575195312 0.0375175476074219
0.0414085388183594 0.0376815795898438 0.0243911743164063 0.0271396636962891
0.04754638671875 0.00504684448242188 0.0261974334716797 0.00766754150390625
0.0366668701171875 -0.0295791625976563 0.0185909271240234 -0.0119075775146484
0.0187149047851563 -0.0420417785644531 0.00347900390625 -0.0124721527099609
0.0170135498046875 -0.0390205383300781 -0.00533199310302734 -0.00238466262817383
0.0149307250976563 -0.0465354919433594 -0.00641393661499023 0.0033721923828125
0.0263442993164063 -0.0392189025878906 -0.015162467956543 0.00284576416015625
0.0460128784179688 -0.0199623107910156 -0.0185317993164062 -0.00049018859863281
0.0494270324707031 0.0104217529296875 -0.0125322341918945 -0.0143899917602539
0.0236892700195312 0.0528602600097656 -0.000494003295898435 -0.0194988250732422
-0.00531768798828125 0.0652580261230469 0.0112953186035156 -0.00804519653320312
-0.0408706665039063 0.0557403564453125 -0.0050954818725586 0.00573348999023438
-0.0518455505371094 0.0388259887695312 0.00204849243164062 0.0373458862304688
-0.0325889587402344 0.0510787963867188 -0.0118293762207031 0.0408973693847656
-0.0025787353515625 0.0636215209960938 -0.00503921508789063 0.0391731262207031
0.0365104675292969 0.0409164428710938 0.0127544403076172 0.0300140380859375
0.0460090637207031 0.007843017578125 0.0144405364990234 0.0145406723022461
0.0370941162109375 -0.027862548828125 0.0100860595703125 0.00136947631835937
0.019134521484375 -0.0402336120605469 -0.000305175781249999 0.0036928653717041
0.0168075561523438 -0.037322998046875 -0.00662899017333984 0.0120010375976563
0.0150299072265625 -0.0448455810546875 -0.0083475112915039 0.0175495147705078
0.025421142578125 -0.0372428894042969 -0.0195846557617188 0.0152263641357422
0.0440711975097656 -0.0185165405273437 -0.0234394073486328 0.0084228515625
0.045654296875 0.0101699829101562 -0.0178413391113281 -0.0091705322265625
0.0191230773925781 0.0497627258300781 -0.00438117980957031 -0.0153932571411133
-0.0101089477539063 0.0582504272460938 0.00750637054443359 0.00280189514160157
-0.0426559448242188 0.0449371337890625 -0.0193595886230469 0.0207443237304688
-0.0417137145996094 0.0199394226074219 -0.0167884826660156 0.0484809875488281
-0.0311622619628906 0.0338821411132813 -0.0225105285644531 0.0491065979003906
-0.00944900512695313 0.0481338500976562 -0.0105438232421875 0.0377998352050781
0.0252437591552734 0.0346336364746094 0.00170707702636719 0.0292491912841797
0.0349864959716797 0.00871467590332031 0.00318717956542969 0.0183067321777344
0.0297069549560547 -0.0209484100341797 0.000840187072753909 0.0129919052124023
0.0157585144042969 -0.0308971405029297 -0.0036163330078125 0.0187149047851562
0.0140132904052734 -0.029541015625 -0.00685691833496094 0.0246315002441406
0.0125350952148437 -0.0363616943359375 -0.00946426391601563 0.0301227569580078
0.020904541015625 -0.0300540924072266 -0.0231971740722656 0.02587890625
0.0365142822265625 -0.0145950317382813 -0.0280475616455078 0.0153636932373047
0.0365219116210938 0.0100250244140625 -0.0231227874755859 -0.00542831420898437
0.0114288330078125 0.0420455932617188 -0.00752830505371094 -0.0130062103271484
-0.0148735046386719 0.0447540283203125 0.00275230407714844 0.0116615295410156
-0.0397453308105469 0.0274772644042969 -0.0335292816162109 0.0319900512695312
-0.0252780914306641 -0.00308036804199219 -0.0285072326660156 0.052947998046875
-0.0243549346923828 0.0109081268310547 -0.0278778076171875 0.051116943359375
-0.0126571655273438 0.0237274169921875 -0.0127735137939453 0.0348377227783203
0.00973701477050781 0.0210666656494141 -0.00560188293457031 0.0274372100830078
0.0181140899658203 0.00626754760742188 -0.00398063659667968 0.0201835632324219
0.0172300338745117 -0.0109310150146484 -0.00448036193847656 0.0210342407226562
0.00955295562744141 -0.0170984268188477 -0.00506591796875 0.0285797119140625
0.0085601806640625 -0.0172691345214844 -0.00601768493652344 0.0334224700927734
0.00831794738769531 -0.0228538513183594 -0.0106468200683594 0.0390434265136719
0.0140476226806641 -0.0199623107910156 -0.0261116027832031 0.0334625244140625
0.0249977111816406 -0.00885391235351563 -0.0320930480957031 0.0194473266601563
0.0245571136474609 0.00890922546386719 -0.0274982452392578 -0.00324249267578125
0.00403022766113282 0.029510498046875 -0.0110836029052734 -0.0121078491210937
-0.0174198150634766 0.0257930755615234 -0.00346565246582032 0.015772819519043
-0.0316028594970703 0.00671768188476562 -0.0459213256835937 0.0368003845214844
0.0106267929077148 0.0142526626586914 0.0507545471191406 -0.03912353515625
0.013606071472168 -0.00661277770996094 0.0107345581054688 -0.0194015502929688
-0.000195503234863282 -0.011744499206543 0.00943565368652344 0.0150327682495117
-0.00843667984008789 -0.00389003753662109 0.0350780487060547 0.00925636291503906
-0.00754880905151367 0.00350189208984375 0.039276123046875 -0.016326904296875
-0.00467061996459961 0.00731849670410156 0.0274505615234375 -0.0385932922363281
-0.00293087959289551 0.00353050231933594 0.0107002258300781 -0.0469093322753906
-0.00318455696105957 0.00342559814453125 0.00429153442382812 -0.0382423400878906
-0.00435161590576172 0.00298047065734863 0.00315093994140625 -0.0328521728515625
-0.00433707237243652 -0.00223946571350098 0.00640678405761719 -0.0270442962646484
-8.10623168945353E-06 -0.00618267059326172 0.00495338439941406 -0.024078369140625
0.00802993774414062 -0.00562953948974609 0.00954246520996094 -0.0280017852783203
0.0141010284423828 0.00346565246582031 0.0199947357177734 -0.0331535339355469
0.015167236328125 0.0167102813720703 0.0294036865234375 -0.0481185913085938
0.00708198547363281 0.0244617462158203 0.0380439758300781 -0.050872802734375
-0.00794601440429688 0.0341434478759766 0.0547065734863281 -0.0307197570800781
0.00825119018554688 0.0147342681884766 0.0146751403808594 -0.0133914947509766
0.00721168518066406 0.00931358337402344 0.0104942321777344 0.0190982818603516
0.00794744491577148 0.00470399856567383 0.0376243591308594 0.012115478515625
0.00871038436889648 0.00118255615234375 0.04150390625 -0.0134048461914063
0.00698423385620117 -0.00593948364257812 0.0297698974609375 -0.0383758544921875
0.00286197662353516 -0.0133504867553711 0.0104560852050781 -0.0457420349121094
0.00371456146240235 -0.0116739273071289 0.00178146362304688 -0.0359115600585938
0.00335502624511719 -0.0145931243896484 0.00166893005371094 -0.0306873321533203
0.00897216796875 -0.0143070220947266 0.00230979919433594 -0.0262126922607422
0.0190906524658203 -0.00802803039550781 0.00112152099609375 -0.0225410461425781
0.0240592956542969 0.00511550903320312 0.00735092163085938 -0.0271530151367188
0.0155601501464844 0.0262355804443359 0.0157394409179688 -0.0309696197509766
0.00592422485351562 0.0395545959472656 0.0250053405761719 -0.0422706604003906
-0.0120697021484375 0.0425033569335938 0.0335464477539063 -0.0423202514648438
-0.0270500183105469 0.04827880859375 0.0512619018554687 -0.0159912109375
-0.00176620483398437 0.0362739562988281 0.0138492584228516 -0.00238227844238281
0.0114841461181641 0.0326862335205078 0.00989341735839843 0.0255069732666016
0.0241069793701172 0.0160121917724609 0.0372161865234375 0.0174903869628906
0.0257911682128906 0.000614166259765625 0.0410041809082031 -0.00744247436523437
0.0190200805664063 -0.0181198120117188 0.0294456481933594 -0.0334911346435547
0.00991630554199219 -0.0279121398925781 0.00897979736328125 -0.0392532348632812
0.0104026794433594 -0.0251560211181641 -0.000953674316406248 -0.0279197692871094
0.00989341735839844 -0.0306568145751953 -0.00146102905273437 -0.0230484008789063
0.0190505981445313 -0.0261268615722656 -0.00382614135742187 -0.0205936431884766
0.0341339111328125 -0.0126399993896484 -0.0052642822265625 -0.0178508758544922
0.0382270812988281 0.0101165771484375 0.00115966796875 -0.0247287750244141
0.0198249816894531 0.0428886413574219 0.00982093811035156 -0.0277462005615234
0.000709533691406248 0.0567703247070313 0.0198421478271484 -0.0326442718505859
-0.0267753601074219 0.0545005798339844 0.0227508544921875 -0.0290927886962891
-0.0431442260742188 0.0538597106933594 0.039337158203125 0.001800537109375
-0.0144271850585938 0.0520858764648438 0.0081787109375 0.0121889114379883
0.011199951171875 0.053924560546875 0.00681304931640625 0.0323581695556641
0.0368614196777344 0.0280494689941406 0.032928466796875 0.0231914520263672
0.0401573181152344 0.002471923828125 0.0361557006835938 0.000316619873046875
0.0298194885253906 -0.0264854431152344 0.0255298614501953 -0.0243854522705078
0.0153045654296875 -0.0382003784179688 0.00667381286621094 -0.0278167724609375
0.015167236328125 -0.0348834991455078 -0.00331878662109375 -0.0161304473876953
0.0137939453125 -0.0418243408203125 -0.00448989868164062 -0.0109710693359375
0.0248451232910156 -0.0350856781005859 -0.0101242065429687 -0.00996017456054688
0.0434188842773438 -0.0171432495117188 -0.012598991394043 -0.00988197326660156
0.0473747253417969 0.0109481811523438 -0.00592803955078125 -0.0205497741699219
0.0234527587890625 0.0520401000976563 0.00432968139648438 -0.0241432189941406
-0.00220870971679688 0.0653800964355469 0.0150909423828125 -0.0211944580078125
-0.0367698669433594 0.0595626831054688 0.00969696044921875 -0.0122127532958984
-0.0524253845214844 0.0508270263671875 0.0210590362548828 0.0205459594726563
-0.0263786315917969 0.05731201171875 -0.00146102905273438 0.0275287628173828
0.00545120239257812 0.0663299560546875 0.000495910644531247 0.0378837585449219
0.0417594909667969 0.0385627746582031 0.0232715606689453 0.0281848907470703
0.0481452941894531 0.00540924072265625 0.0267696380615234 0.00887870788574219
0.0369796752929688 -0.029754638671875 0.0190486907958984 -0.0118579864501953
0.0190467834472656 -0.0426292419433594 0.00349807739257813 -0.0125026702880859
0.0178260803222656 -0.0392379760742188 -0.00577497482299805 -0.00226879119873047
0.0154151916503906 -0.0469970703125 -0.00680112838745117 0.0033726692199707
0.0269279479980469 -0.0390739440917969 -0.0157470703125 0.00275039672851562
0.0465049743652344 -0.0200424194335937 -0.0188694000244141 -0.000743865966796879
0.0498809814453125 0.0104293823242188 -0.0122518539428711 -0.0150814056396484
0.0239448547363281 0.0542335510253906 -0.000286102294921872 -0.0201244354248047
-0.005706787109375 0.0658454895019531 0.011927604675293 -0.0085611343383789
-0.04217529296875 0.0559463500976563 -0.00491666793823242 0.00477409362792969
-0.0526504516601562 0.0386428833007813 0.00103759765624999 0.0374794006347656
-0.0337486267089844 0.0508842468261719 -0.0128211975097656 0.0407180786132813
-0.00302886962890624 0.0648765563964844 -0.00623321533203125 0.039154052734375
0.0366020202636719 0.0415306091308594 0.0116653442382812 0.0307579040527344
0.0463371276855469 0.00905609130859375 0.0147542953491211 0.0155048370361328
0.0372467041015625 -0.0279312133789063 0.0103883743286133 0.00162792205810547
0.0191764831542969 -0.0403671264648438 3.57627868652479E-06 0.00377631187438965
0.0174636840820313 -0.0376319885253906 -0.00700664520263671 0.0124597549438477
0.01495361328125 -0.0453910827636719 -0.00871467590332031 0.0178871154785156
0.0253868103027344 -0.0377769470214844 -0.0203037261962891 0.0148353576660156
0.04425048828125 -0.0189247131347656 -0.0238056182861328 0.00844383239746094
0.0459022521972656 0.0108108520507813 -0.0175371170043945 -0.00983619689941407
0.0191001892089844 0.0508499145507812 -0.0040435791015625 -0.0158929824829102
-0.0105476379394531 0.0585556030273438 0.00762605667114258 0.00254154205322266
-0.0434188842773438 0.045196533203125 -0.0197887420654297 0.0202884674072266
-0.0425567626953125 0.0191802978515625 -0.0180816650390625 0.0488967895507813
-0.0320034027099609 0.0336647033691406 -0.0233268737792969 0.0487785339355469
-0.00973892211914063 0.0491828918457031 -0.0116157531738281 0.0384407043457031
0.0246219635009766 0.0350265502929688 0.000888824462890625 0.03009033203125
0.0352325439453125 0.00910568237304688 0.00288581848144531 0.0193023681640625
0.0299854278564453 -0.0205631256103516 0.0013723373413086 0.012965202331543
0.0159740447998047 -0.0313224792480469 -0.00347900390625 0.0189151763916016
0.0139865875244141 -0.0296802520751953 -0.00733757019042969 0.0255088806152344
0.0124549865722656 -0.0368995666503906 -0.0103225708007813 0.0304145812988281
0.0210189819335937 -0.0309467315673828 -0.0237541198730469 0.0259723663330078
0.0363655090332031 -0.0145988464355469 -0.0288600921630859 0.0155887603759766
0.036956787109375 0.0104904174804688 -0.0232028961181641 -0.00599288940429687
0.0115089416503906 0.0427436828613281 -0.0075674057006836 -0.0136508941650391
-0.0154533386230469 0.0445480346679688 0.00292015075683594 0.0117311477661133
-0.0406684875488281 0.0275802612304687 -0.0340976715087891 0.0315704345703125
-0.0253734588623047 -0.00300216674804688 -0.0296630859375 0.05352783203125
-0.0245037078857422 0.0105800628662109 -0.0288848876953125 0.0515403747558594
-0.0128955841064453 0.0242710113525391 -0.0140056610107422 0.0349769592285156
0.00980758666992188 0.0209560394287109 -0.00647735595703125 0.0282745361328125
0.0180797576904297 0.00682449340820313 -0.00422477722167969 0.0207576751708984
0.0170803070068359 -0.0110483169555664 -0.00461006164550781 0.021453857421875
0.0100688934326172 -0.0170793533325195 -0.00509071350097656 0.0294456481933594
0.00914955139160156 -0.0177745819091797 -0.00676536560058594 0.0339698791503906
0.00835037231445312 -0.0228023529052734 -0.0113334655761719 0.0394821166992188
0.0140380859375 -0.0203113555908203 -0.0268211364746094 0.0333843231201172
0.0250625610351563 -0.00900840759277344 -0.0327777862548828 0.0191421508789063
0.0242938995361328 0.00862503051757813 -0.0274982452392578 -0.00371932983398438
0.00381660461425781 0.0300807952880859 -0.0107898712158203 -0.0121402740478516
-0.0175952911376953 0.0259933471679688 -0.003570556640625 0.0162696838378906
-0.0321216583251953 0.00707817077636718 -0.0467643737792969 0.0364837646484375
0.0107841491699219 0.0154972076416016 0.0525588989257812 -0.0406684875488281
0.0142555236816406 -0.00697422027587891 0.0108280181884766 -0.0199775695800781
0.000260353088378906 -0.0119256973266602 0.00981616973876953 0.0157966613769531
-0.00834083557128906 -0.00396156311035156 0.0363960266113281 0.00947189331054688
-0.00786972045898438 0.00317716598510742 0.0410690307617187 -0.0171356201171875
-0.00494241714477539 0.00757360458374023 0.0288352966308594 -0.040008544921875
-0.00316166877746582 0.0034492015838623 0.0111122131347656 -0.0484771728515625
-0.00315618515014648 0.00356388092041016 0.0043792724609375 -0.0399246215820313
-0.00422239303588867 0.0030210018157959 0.00362777709960937 -0.0343551635742188
-0.00419068336486816 -0.00181031227111816 0.006439208984375 -0.0282249450683594
0.000267505645751954 -0.00635623931884766 0.00522422790527344 -0.0254535675048828
0.00855445861816406 -0.00610446929931641 0.0106735229492188 -0.0297145843505859
0.0147895812988281 0.00335216522216797 0.0211753845214844 -0.0349655151367187
0.0154008865356445 0.016845703125 0.0307960510253906 -0.0501441955566406
0.00675582885742187 0.0252037048339844 0.0402259826660156 -0.0531044006347656
-0.00833892822265625 0.0355949401855469 0.0568199157714844 -0.03173828125
0.00800704956054688 0.0158519744873047 0.0146760940551758 -0.0141191482543945
0.00741195678710938 0.00990486145019531 0.0112133026123047 0.0204410552978516
0.0086207389831543 0.00461101531982422 0.0391159057617188 0.0130500793457031
0.00924396514892578 0.000744819641113281 0.0436744689941406 -0.0135574340820313
0.00704526901245117 -0.00673007965087891 0.0305328369140625 -0.0394058227539063
0.00322246551513672 -0.0140581130981445 0.0105667114257813 -0.0476036071777344
0.0042877197265625 -0.0125465393066406 0.00234222412109375 -0.0367546081542969
0.00362873077392578 -0.0154638290405273 0.00136756896972656 -0.0320968627929687
0.00923538208007813 -0.0150728225708008 0.00216102600097657 -0.0275077819824219
0.0195178985595703 -0.00884437561035156 0.00127983093261719 -0.0236701965332031
0.0254898071289063 0.00514602661132813 0.007598876953125 -0.0283241271972656
0.0162162780761719 0.0277004241943359 0.01690673828125 -0.0323982238769531
0.00621795654296875 0.0410003662109375 0.0263748168945313 -0.0441360473632813
-0.0128097534179688 0.0445442199707031 0.0352439880371094 -0.0445518493652344
-0.0286712646484375 0.0504531860351563 0.0530433654785156 -0.0165977478027344
-0.00285720825195313 0.0372695922851563 0.0139369964599609 -0.00324058532714844
0.0119724273681641 0.0341777801513672 0.0102920532226563 0.0269069671630859
0.0254669189453125 0.0164604187011719 0.0388298034667969 0.0183868408203125
0.026947021484375 0.000698089599609375 0.0431976318359375 -0.007232666015625
0.0197410583496094 -0.0189361572265625 0.0302505493164063 -0.0343284606933594
0.0102176666259766 -0.0293197631835938 0.00898361206054687 -0.040863037109375
0.0107097625732422 -0.0268516540527344 -0.000677108764648438 -0.0286006927490234
0.0100898742675781 -0.0316200256347656 -0.00193977355957031 -0.0237064361572266
0.0195732116699219 -0.0272407531738281 -0.00420188903808594 -0.0211219787597656
0.0352745056152344 -0.0132102966308594 -0.00618171691894531 -0.0187435150146484
0.0395965576171875 0.01043701171875 0.00128173828125 -0.0265045166015625
0.0203285217285156 0.0450782775878906 0.0106525421142578 -0.0295791625976562
0.00114822387695312 0.0584754943847656 0.0206832885742187 -0.0347995758056641
-0.0283660888671875 0.0569267272949219 0.0237770080566406 -0.030731201171875
-0.0455360412597656 0.0564537048339844 0.0402183532714844 0.00168228149414063
-0.0156593322753906 0.0536727905273437 0.00772571563720703 0.0125207901000977
0.0114288330078125 0.0560798645019531 0.00632095336914063 0.0340824127197266
0.0383644104003906 0.0291175842285156 0.0340175628662109 0.0249595642089844
0.0417861938476563 0.00267791748046875 0.0376625061035156 0.000942230224609375
0.0309925079345703 -0.0276546478271484 0.0272464752197266 -0.0252571105957031
0.0158042907714844 -0.0399284362792969 0.0070953369140625 -0.0285358428955078
0.015899658203125 -0.0365333557128906 -0.00384140014648438 -0.016571044921875
0.0137596130371094 -0.0433082580566406 -0.00484561920166016 -0.0113506317138672
0.0256385803222656 -0.0365028381347656 -0.0111246109008789 -0.0104742050170898
0.0447578430175781 -0.01824951171875 -0.0134124755859375 -0.010655403137207
0.0492935180664063 0.0114479064941406 -0.00639152526855468 -0.0216808319091797
0.0246696472167969 0.0542182922363281 0.00487136840820313 -0.0255107879638672
-0.00181579589843751 0.0680351257324219 0.0160846710205078 -0.0227298736572266
-0.0386772155761719 0.061737060546875 0.00987625122070313 -0.0133419036865234
-0.0545997619628906 0.0524826049804688 0.0213890075683594 0.0211029052734375
-0.0277214050292969 0.0593452453613281 -0.00217819213867188 0.0283527374267578
0.00575256347656249 0.0693092346191406 -0.000194549560546874 0.0399322509765625
0.0431861877441406 0.0400199890136719 0.0242328643798828 0.0302829742431641
0.0496139526367187 0.00614166259765625 0.0280399322509766 0.00956916809082031
0.0381011962890625 -0.0311241149902344 0.0197601318359375 -0.0116405487060547
0.019134521484375 -0.0446434020996094 0.00334548950195313 -0.0129013061523438
0.0182418823242187 -0.0413169860839844 -0.00622701644897461 -0.00155448913574219
0.0154037475585937 -0.0490264892578125 -0.00717067718505859 0.00359058380126953
0.0275344848632813 -0.0410003662109375 -0.0167427062988281 0.00289440155029296
0.0480384826660156 -0.0210075378417969 -0.0198745727539062 -0.000574111938476561
0.0519638061523438 0.0105819702148438 -0.0128393173217773 -0.0160388946533203
0.02496337890625 0.0563926696777344 -2.28881835937497E-05 -0.0212364196777344
-0.00547027587890625 0.0686073303222656 0.0123662948608398 -0.00943470001220703
-0.0442047119140625 0.0585174560546875 -0.00527429580688477 0.00464963912963868
-0.0551185607910156 0.0401458740234375 0.000587463378906244 0.0386276245117187
-0.035491943359375 0.0522346496582031 -0.0138320922851563 0.0418968200683594
-0.00254440307617188 0.0676116943359375 -0.00752258300781251 0.0413780212402344
0.0377922058105469 0.0434112548828125 0.0117359161376953 0.0330314636230469
0.0484504699707031 0.009185791015625 0.0155143737792969 0.016942024230957
0.0381507873535156 -0.0286369323730469 0.0109882354736328 0.00149726867675781
0.0194931030273438 -0.0422515869140625 0.000105857849121095 0.00434398651123047
0.0177230834960938 -0.039215087890625 -0.00729846954345703 0.0131893157958984
0.0146942138671875 -0.0469017028808594 -0.00943183898925781 0.0187129974365234
0.0255966186523438 -0.0394706726074219 -0.0209751129150391 0.0154190063476563
0.0454139709472656 -0.0198554992675781 -0.0249176025390625 0.00816917419433593
0.0476799011230469 0.0105705261230469 -0.0185413360595703 -0.0103092193603516
0.0202980041503906 0.0529327392578125 -0.00401782989501953 -0.0167112350463867
-0.0107803344726563 0.0608596801757813 0.00799322128295899 0.00281858444213868
-0.0455055236816406 0.0467720031738281 -0.0205726623535156 0.0207786560058594
-0.0443305969238281 0.0201301574707031 -0.0191993713378906 0.0502243041992187
-0.0337581634521484 0.0348434448242188 -0.0243606567382813 0.0502662658691406
-0.00951004028320312 0.0510330200195313 -0.0131111145019531 0.0399131774902344
0.0261726379394531 0.0361557006835937 0.000514984130859377 0.0321006774902344
0.036895751953125 0.00966644287109375 0.00325584411621094 0.0202121734619141
0.0308704376220703 -0.0215644836425781 0.001434326171875 0.0133266448974609
0.0165824890136719 -0.032501220703125 -0.00377464294433594 0.019622802734375
0.0143814086914062 -0.0312080383300781 -0.00744247436523437 0.0266704559326172
0.0125656127929688 -0.03778076171875 -0.0104579925537109 0.0316658020019531
0.0210208892822266 -0.0320701599121094 -0.0248050689697266 0.0268077850341797
0.03729248046875 -0.0153045654296875 -0.0293502807617188 0.0153217315673828
0.0384902954101563 0.0111923217773438 -0.0241355895996094 -0.00632476806640625
0.0119552612304687 0.0445518493652344 -0.00751876831054688 -0.014317512512207
-0.0155181884765625 0.0459213256835937 0.00337982177734375 0.0119047164916992
-0.0422439575195313 0.0287933349609375 -0.0353164672851563 0.0322380065917969
-0.0260353088378906 -0.00374794006347656 -0.0312271118164062 0.0553817749023438
-0.0254077911376953 0.010955810546875 -0.0301513671875 0.0530204772949219
-0.0130996704101562 0.0256290435791016 -0.0152549743652344 0.036407470703125
0.0099029541015625 0.0216464996337891 -0.00732803344726562 0.0300197601318359
0.0192108154296875 0.00690841674804687 -0.004180908203125 0.0219821929931641
0.0177383422851563 -0.0114364624023438 -0.00452995300292969 0.0220050811767578
0.0104732513427734 -0.0179061889648438 -0.00463485717773438 0.0303955078125
0.00914192199707031 -0.0181884765625 -0.00688552856445312 0.0353469848632812
0.00823974609375 -0.0232753753662109 -0.0122871398925781 0.0407981872558594
0.0142650604248047 -0.0209732055664063 -0.0278491973876953 0.0345630645751953
0.0259227752685547 -0.00956916809082031 -0.0335464477539063 0.0195598602294922
0.0257377624511719 0.00901031494140625 -0.028350830078125 -0.00390434265136719
0.00380516052246094 0.0311679840087891 -0.011174201965332 -0.0131988525390625
-0.0184898376464844 0.0265979766845703 -0.00342178344726563 0.0168466567993164
-0.0327911376953125 0.00752639770507812 -0.0484619140625 0.0371894836425781
0.0121192932128906 0.0160923004150391 0.0539970397949219 -0.0435066223144531
0.0146055221557617 -0.00734233856201172 0.00987625122070313 -0.0211982727050781
-0.000213623046874999 -0.0128974914550781 0.010584831237793 0.0168924331665039
-0.00893878936767578 -0.00397777557373047 0.0388679504394531 0.00929641723632813
-0.00806808471679688 0.00361776351928711 0.0422134399414063 -0.0183563232421875
-0.00510311126708984 0.00773143768310547 0.0294837951660156 -0.0423355102539063
-0.00333666801452637 0.00402665138244629 0.010162353515625 -0.05126953125
-0.00306844711303711 0.0040738582611084 0.0037994384765625 -0.0419692993164063
-0.00450944900512695 0.00367927551269531 0.00277328491210937 -0.0361175537109375
-0.00426936149597168 -0.00146698951721191 0.00609779357910156 -0.0299530029296875
6.48498535156244E-05 -0.00656747817993164 0.00514984130859375 -0.0266819000244141
0.00880336761474609 -0.00649547576904297 0.0104637145996094 -0.0315303802490234
0.0155296325683594 0.00345230102539063 0.02215576171875 -0.0373878479003906
0.0165090560913086 0.0175466537475586 0.0311431884765625 -0.0537490844726562
0.00788116455078125 0.0266189575195313 0.0414657592773438 -0.0574569702148438
-0.007843017578125 0.0380859375 0.0584869384765625 -0.0344581604003906
0.00888919830322266 0.0164518356323242 0.0140190124511719 -0.0154657363891602
0.00799083709716797 0.0105447769165039 0.0122222900390625 0.0215167999267578
0.00895023345947265 0.00446796417236328 0.0410957336425781 0.0125808715820313
0.00981235504150391 0.0004425048828125 0.0456008911132813 -0.0154304504394531
0.00702667236328125 -0.00702857971191406 0.0312080383300781 -0.0422325134277344
0.00263595581054688 -0.0144815444946289 0.00992584228515625 -0.050323486328125
0.00403118133544922 -0.0135841369628906 0.0015411376953125 -0.0383453369140625
0.00314140319824219 -0.0163383483886719 0.000669479370117184 -0.0336856842041016
0.00940322875976563 -0.0155878067016602 0.00164413452148438 -0.0286998748779297
0.0204029083251953 -0.00925254821777344 0.000526428222656251 -0.0250148773193359
0.0271244049072266 0.00489425659179688 0.00757980346679688 -0.0306987762451172
0.0179119110107422 0.0289516448974609 0.0177707672119141 -0.03497314453125
0.00735092163085938 0.0428581237792969 0.0268020629882812 -0.047637939453125
-0.0126419067382813 0.047027587890625 0.0362892150878906 -0.0481376647949219
-0.0288581848144531 0.0536079406738281 0.0547981262207031 -0.018646240234375
-0.00217056274414062 0.0397262573242188 0.0134963989257813 -0.00359439849853515
0.0135040283203125 0.036041259765625 0.0111484527587891 0.0284690856933594
0.0277061462402344 0.0164985656738281 0.0409011840820313 0.0188369750976563
0.0287952423095703 -0.0003204345703125 0.0452308654785156 -0.00842666625976563
0.020050048828125 -0.0204830169677734 0.0312843322753906 -0.0371437072753906
0.0093841552734375 -0.0307025909423828 0.00854110717773437 -0.0429344177246094
0.0105972290039062 -0.0284709930419922 -0.00139236450195312 -0.0297660827636719
0.00944137573242188 -0.0336551666259766 -0.00277900695800781 -0.0250091552734375
0.0199413299560547 -0.0287590026855469 -0.00473976135253906 -0.0216846466064453
0.0364456176757813 -0.0149650573730469 -0.00664329528808593 -0.0197219848632813
0.0422782897949219 0.0102615356445313 0.000856399536132815 -0.0277957916259766
0.0233078002929688 0.04730224609375 0.0109481811523438 -0.0316619873046875
0.00241851806640625 0.0617713928222656 0.0208930969238281 -0.0375251770019531
-0.0289802551269531 0.0607948303222656 0.0247154235839844 -0.0332679748535156
-0.0465354919433594 0.0605583190917969 0.0421180725097656 0.000724792480468754
-0.0159492492675781 0.0568199157714844 0.00797271728515625 0.0124225616455078
0.0137481689453125 0.0595855712890625 0.00694656372070312 0.0360527038574219
0.0413322448730469 0.0301170349121094 0.0358314514160156 0.0258064270019531
0.0445175170898438 0.00204849243164063 0.0401382446289063 0.00054168701171875
0.0314979553222656 -0.0296802520751953 0.0277099609375 -0.0270271301269531
0.0151023864746094 -0.0428543090820312 0.00659751892089844 -0.0299072265625
0.0154609680175781 -0.0393562316894531 -0.00415420532226562 -0.0168752670288086
0.0132293701171875 -0.0459747314453125 -0.00595951080322265 -0.0118379592895508
0.0253753662109375 -0.0390968322753906 -0.0120429992675781 -0.0100927352905273
0.0461883544921875 -0.0205650329589844 -0.0142850875854492 -0.0107841491699219
0.0521697998046875 0.0105743408203125 -0.00693893432617187 -0.0227069854736328
0.0282363891601563 0.0566902160644531 0.00465202331542969 -0.0272655487060547
-9.15527343750044E-05 0.0712203979492188 0.0163249969482422 -0.0243453979492187
-0.0396804809570313 0.0661811828613281 0.0106678009033203 -0.0146560668945312
-0.0568923950195313 0.0564994812011719 0.0227336883544922 0.0215911865234375
-0.0287628173828125 0.06317138671875 -0.00235366821289062 0.0293025970458984
0.0081787109375 0.073272705078125 -0.0002288818359375 0.0423545837402344
0.0462646484375 0.0407600402832031 0.0259189605712891 0.0319805145263672
0.0534439086914063 0.00537490844726563 0.030242919921875 0.0102443695068359
0.0384979248046875 -0.0338096618652344 0.0206241607666016 -0.0134048461914063
0.018890380859375 -0.0477447509765625 0.00304794311523438 -0.0131149291992188
0.0183029174804687 -0.0436172485351563 -0.00642204284667969 -0.000773429870605473
0.0142250061035156 -0.0519866943359375 -0.00776386260986328 0.00412797927856445
0.0270423889160156 -0.0438652038574219 -0.0175933837890625 0.00350379943847656
0.0492706298828125 -0.0240478515625 -0.0211544036865234 -0.000194549560546876
0.0549125671386719 0.00988006591796875 -0.0138282775878906 -0.0168466567993164
0.0284080505371094 0.0584602355957031 -8.58306884765596E-05 -0.0225868225097656
-0.00344848632812501 0.0717544555664063 0.0128898620605469 -0.0104703903198242
-0.0456809997558594 0.0623970031738281 -0.00519084930419922 0.00467395782470704
-0.0567436218261719 0.0437202453613281 0.00136566162109374 0.0404586791992188
-0.0361671447753906 0.0558853149414062 -0.0137748718261719 0.0437088012695313
-0.000961303710937496 0.0716476440429688 -0.00766754150390625 0.0441741943359375
0.0410652160644531 0.044219970703125 0.0128631591796875 0.0346431732177734
0.0509910583496094 0.00880813598632812 0.0172119140625 0.0181198120117187
0.0392723083496094 -0.03125 0.0115890502929688 0.00107574462890625
0.0191192626953125 -0.0449676513671875 -0.000112533569335936 0.00460433959960937
0.0175437927246094 -0.0417823791503906 -0.00715351104736328 0.0149221420288086
0.0140151977539062 -0.0498085021972656 -0.00972366333007813 0.0196933746337891
0.0253028869628906 -0.0419197082519531 -0.0223770141601562 0.0170154571533203
0.0468482971191406 -0.022430419921875 -0.0260906219482422 0.00922012329101562
0.0504951477050781 0.00986862182617188 -0.0194015502929688 -0.0104846954345703
0.0230178833007813 0.0550460815429688 -0.00419425964355469 -0.0176029205322266
-0.00939941406249999 0.0638580322265625 0.0087275505065918 0.00226783752441407
-0.0468711853027344 0.0510673522949219 -0.0214691162109375 0.0219535827636719
-0.04608154296875 0.0221900939941406 -0.0190658569335938 0.0537071228027344
-0.0343589782714844 0.0376319885253906 -0.0250511169433594 0.0534477233886719
-0.00844955444335938 0.0543136596679688 -0.0135688781738281 0.0427474975585938
0.0281753540039063 0.037200927734375 0.000789642333984375 0.0341644287109375
0.0393142700195313 0.00912857055664062 0.0042724609375 0.0217075347900391
0.0317058563232422 -0.023834228515625 0.00214004516601563 0.0137815475463867
0.0159912109375 -0.0348491668701172 -0.00334930419921875 0.0212860107421875
0.0141639709472656 -0.0328941345214844 -0.0070648193359375 0.0287055969238281
0.0117111206054688 -0.0397987365722656 -0.0105876922607422 0.0335617065429688
0.0209102630615234 -0.0340557098388672 -0.0255527496337891 0.0290431976318359
0.0390548706054688 -0.016937255859375 -0.0307521820068359 0.0168819427490234
0.0405426025390625 0.0103111267089844 -0.0254497528076172 -0.00611686706542969
0.0141143798828125 0.0464057922363281 -0.00790023803710938 -0.0147743225097656
-0.0150070190429687 0.0485038757324219 0.00410175323486328 0.0126543045043945
-0.0431671142578125 0.0312385559082031 -0.036346435546875 0.0347671508789063
-0.0272579193115234 -0.00337028503417969 -0.0319747924804688 0.0590095520019531
-0.0264663696289063 0.0121479034423828 -0.0306854248046875 0.0565223693847656
-0.0125865936279297 0.0272674560546875 -0.0155487060546875 0.0391349792480469
0.0115489959716797 0.0227413177490234 -0.00720405578613281 0.032440185546875
0.0203037261962891 0.0070037841796875 -0.00410270690917969 0.0236225128173828
0.0182399749755859 -0.0127162933349609 -0.00390434265136718 0.0232143402099609
0.0102367401123047 -0.0194778442382813 -0.003997802734375 0.0321826934814453
0.00936317443847656 -0.0198078155517578 -0.00636672973632812 0.0376243591308594
0.00796127319335937 -0.0246334075927734 -0.0118064880371094 0.0431060791015625
0.0140838623046875 -0.0224132537841797 -0.0284957885742188 0.0370407104492188
0.0268383026123047 -0.0108261108398438 -0.034820556640625 0.0212268829345703
0.0270442962646484 0.0088653564453125 -0.0300846099853516 -0.00347900390625
0.0048828125 0.0325851440429687 -0.0119514465332031 -0.0135574340820312
-0.0184135437011719 0.0284938812255859 -0.00243186950683594 0.0173797607421875
-0.0347824096679687 0.00865554809570313 -0.0499305725097656 0.0402946472167969
0.0135898590087891 0.016510009765625 0.0541496276855469 -0.0479354858398438
0.0143222808837891 -0.00826549530029297 0.008514404296875 -0.0222606658935547
-0.000980377197265626 -0.0133934020996094 0.0122032165527344 0.0171051025390625
-0.00899696350097656 -0.00382232666015625 0.0404472351074219 0.007904052734375
-0.00805425643920898 0.00379133224487305 0.0429801940917969 -0.02099609375
-0.00425863265991211 0.00858640670776367 0.0282325744628906 -0.0453033447265625
-0.00314617156982422 0.00455093383789063 0.00806427001953126 -0.0538177490234375
-0.00261640548706055 0.00404071807861328 0.00174331665039062 -0.0439567565917969
-0.00407242774963379 0.00348591804504395 0.000938415527343753 -0.0373001098632813
-0.00505304336547852 -0.00126361846923828 0.005096435546875 -0.0312976837158203
-0.000528335571289062 -0.0066680908203125 0.00416946411132812 -0.0281867980957031
0.00877666473388672 -0.00709056854248047 0.00951766967773437 -0.0338573455810547
0.0164813995361328 0.00292778015136719 0.0212593078613281 -0.0405693054199219
0.0179386138916016 0.0175304412841797 0.0293922424316406 -0.0578231811523437
0.00928306579589844 0.0276145935058594 0.040557861328125 -0.0622634887695312
-0.00628662109375 0.0402259826660156 0.0589981079101563 -0.038360595703125
0.00951576232910156 0.0171594619750977 0.0131950378417969 -0.0170469284057617
0.00945758819580078 0.0104026794433594 0.0134868621826172 0.0219860076904297
0.0100383758544922 0.00386142730712891 0.0431137084960938 0.0113716125488281
0.0106592178344727 -0.000131607055664063 0.046478271484375 -0.0175819396972656
0.00661563873291016 -0.0076446533203125 0.0304222106933594 -0.0453605651855469
0.00179195404052734 -0.0153827667236328 0.0074310302734375 -0.0525360107421875
0.00340938568115234 -0.0141162872314453 -0.000560760498046878 -0.0400276184082031
0.00263023376464844 -0.0168943405151367 -0.00119972229003906 -0.0349845886230469
0.00874137878417969 -0.0167293548583984 0.000249862670898436 -0.0298500061035156
0.0207500457763672 -0.0105953216552734 -0.000310897827148436 -0.0262813568115234
0.0280780792236328 0.00349807739257813 0.00637435913085937 -0.0328865051269531
0.0205860137939453 0.0292453765869141 0.01666259765625 -0.0372772216796875
0.00957489013671875 0.0442581176757813 0.02532958984375 -0.0511474609375
-0.0113296508789063 0.0500373840332031 0.0355606079101562 -0.0526046752929687
-0.0273475646972656 0.0580062866210938 0.0557136535644531 -0.0218696594238281
-0.0010223388671875 0.0414772033691406 0.0130748748779297 -0.00496482849121093
0.0160255432128906 0.0368385314941406 0.0123176574707031 0.0294704437255859
0.0295066833496094 0.015533447265625 0.0431632995605469 0.0177803039550781
0.0301399230957031 -0.00198173522949219 0.0470161437988281 -0.0109329223632813
0.0195026397705078 -0.0224666595458984 0.0303115844726563 -0.0398178100585938
0.00749397277832031 -0.0327892303466797 0.006622314453125 -0.0448646545410156
0.00970840454101563 -0.0302886962890625 -0.00290679931640625 -0.0303916931152344
0.00750350952148438 -0.0357627868652344 -0.00451469421386718 -0.0256633758544922
0.0188198089599609 -0.0310745239257813 -0.00649070739746094 -0.0225048065185547
0.0364875793457031 -0.0175819396972656 -0.0079193115234375 -0.0200824737548828
0.0445938110351563 0.00815200805664063 -0.0005340576171875 -0.0297775268554688
0.0270843505859375 0.0477561950683594 0.0101833343505859 -0.0343093872070313
0.00620651245117188 0.0636978149414063 0.0197868347167969 -0.040771484375
-0.0274238586425781 0.0649070739746094 0.0241317749023438 -0.0364303588867188
-0.0458717346191406 0.0658340454101562 0.0432090759277344 -0.0014495849609375
-0.0143966674804688 0.0599708557128906 0.00828456878662109 0.0121612548828125
0.0180473327636719 0.0610885620117188 0.0086669921875 0.0378532409667969
0.044647216796875 0.0290374755859375 0.0378646850585938 0.025634765625
0.046905517578125 -0.0004425048828125 0.0424232482910156 -0.000820159912109375
0.0307693481445313 -0.0326175689697266 0.0273838043212891 -0.0296497344970703
0.0128936767578125 -0.0453376770019531 0.00488471984863281 -0.0312824249267578
0.0137443542480469 -0.0417518615722656 -0.00501441955566406 -0.0165910720825195
0.0104560852050781 -0.0487098693847656 -0.00675868988037109 -0.0113353729248047
0.0240592956542969 -0.0418624877929688 -0.0133962631225586 -0.0100841522216797
0.0465888977050781 -0.0241584777832031 -0.0152587890625 -0.0106134414672852
0.0551300048828125 0.0082550048828125 -0.00838470458984375 -0.0241584777832031
0.032867431640625 0.0579032897949219 0.00369834899902344 -0.0295562744140625
0.00368499755859375 0.0741806030273437 0.0154838562011719 -0.0268478393554687
-0.0384292602539062 0.0716094970703125 0.0104122161865234 -0.0160160064697266
-0.0565605163574219 0.0622901916503906 0.0240478515625 0.0215492248535156
-0.02740478515625 0.0670890808105469 -0.00168418884277344 0.0300216674804688
0.0124130249023437 0.075836181640625 0.00105667114257813 0.0446357727050781
0.0503654479980469 0.0402107238769531 0.0281753540039063 0.0325508117675781
0.0558242797851563 0.002777099609375 0.0323944091796875 0.00912666320800781
0.0381088256835938 -0.0370025634765625 0.0206890106201172 -0.01495361328125
0.0163421630859375 -0.0507850646972656 0.0027008056640625 -0.0136880874633789
0.0159149169921875 -0.0466461181640625 -0.00632143020629883 0.000226020812988279
0.0114364624023437 -0.0543861389160156 -0.00802946090698242 0.00460338592529297
0.0251579284667969 -0.0468406677246094 -0.01837158203125 0.00483131408691406
0.0498733520507812 -0.0274810791015625 -0.0216083526611328 0.0003204345703125
0.0577964782714844 0.00757980346679688 -0.0150880813598633 -0.0170145034790039
0.0330772399902344 0.0596389770507813 -0.000780105590820311 -0.0237941741943359
0.000213623046874996 0.0743789672851563 0.0129642486572266 -0.0119638442993164
-0.0443344116210938 0.0678901672363281 -0.0052485466003418 0.00488424301147461
-0.0572929382324219 0.0484466552734375 0.00327301025390624 0.0422630310058594
-0.0356369018554688 0.0600967407226563 -0.0130844116210938 0.0455055236816406
0.0027618408203125 0.0749130249023438 -0.0060882568359375 0.0470085144042969
0.0449600219726562 0.0440673828125 0.0147895812988281 0.0366668701171875
0.0543556213378906 0.00689315795898438 0.0188655853271484 0.0183601379394531
0.0386924743652344 -0.0345878601074219 0.0120477676391602 0.000728607177734373
0.0170173645019531 -0.0476837158203125 0.000295639038085938 0.00509881973266601
0.0159072875976563 -0.0446968078613281 -0.00653362274169922 0.0163822174072266
0.010772705078125 -0.0522499084472656 -0.00915336608886719 0.0210857391357422
0.0238037109375 -0.0448265075683594 -0.0222053527832031 0.0189647674560547
0.0465545654296875 -0.0259475708007813 -0.026611328125 0.0105609893798828
0.0529708862304687 0.00745773315429687 -0.0208549499511719 -0.0100917816162109
0.0271797180175781 0.0565299987792969 -0.00521087646484375 -0.0183277130126953
-0.00589752197265625 0.0666770935058594 0.0091705322265625 0.00113964080810547
-0.0464439392089844 0.0557365417480469 -0.0207176208496094 0.0236644744873047
-0.04669189453125 0.0255813598632813 -0.0178451538085938 0.0566024780273438
-0.0343818664550781 0.0405197143554687 -0.0235328674316406 0.055999755859375
-0.00608062744140625 0.0573387145996094 -0.0123825073242188 0.0453681945800781
0.0313072204589844 0.0372848510742188 0.00284576416015626 0.036376953125
0.0415153503417969 0.00775909423828125 0.00615501403808594 0.0229396820068359
0.0314235687255859 -0.0265731811523438 0.00271701812744141 0.0145063400268555
0.01397705078125 -0.0373039245605469 -0.0018463134765625 0.0220413208007813
0.012969970703125 -0.0354804992675781 -0.00599288940429687 0.0305328369140625
0.00926971435546876 -0.0419692993164063 -0.00936126708984375 0.0355987548828125
0.0192909240722656 -0.036651611328125 -0.024932861328125 0.0316085815429687
0.0390777587890625 -0.0202598571777344 -0.0308895111083984 0.0190372467041016
0.0427131652832031 0.00829315185546875 -0.0268306732177734 -0.00528144836425781
0.017486572265625 0.0474090576171875 -0.00866413116455078 -0.0150966644287109
-0.0127487182617188 0.0511283874511719 0.00523567199707031 0.012451171875
-0.0439300537109375 0.0353775024414063 -0.036285400390625 0.0378837585449219
-0.0286235809326172 -0.00210189819335938 -0.0307464599609375 0.0633964538574219
-0.0265636444091797 0.01422119140625 -0.0290069580078125 0.0605659484863281
-0.0117874145507813 0.0291004180908203 -0.0146064758300781 0.0414199829101563
0.012908935546875 0.0229339599609375 -0.00574302673339844 0.0347442626953125
0.0215053558349609 0.00634574890136719 -0.00277328491210938 0.0252799987792969
0.0182723999023438 -0.0139255523681641 -0.00285720825195312 0.0242633819580078
0.00901031494140625 -0.0207462310791016 -0.0025787353515625 0.0335807800292969
0.00862884521484375 -0.0208816528320313 -0.00450897216796875 0.0397605895996094
0.0069580078125 -0.0264644622802734 -0.00989151000976562 0.0455131530761719
0.0133781433105469 -0.0236396789550781 -0.027618408203125 0.040130615234375
0.0273284912109375 -0.0128192901611328 -0.0352134704589844 0.0236625671386719
0.0283164978027344 0.00775718688964844 -0.0316066741943359 -0.00244331359863282
0.00687026977539062 0.0339717864990234 -0.0125808715820313 -0.0136928558349609
-0.0175952911376953 0.0301113128662109 -0.00115585327148438 0.0182838439941406
-0.0355606079101563 0.0108108520507812 -0.0494918823242188 0.0442047119140625
0.0149497985839844 0.0157375335693359 0.0518760681152344 -0.0512466430664063
0.0140419006347656 -0.00880050659179688 0.00654220581054687 -0.0229892730712891
-0.00132465362548828 -0.013275146484375 0.0133113861083984 0.016901969909668
-0.00937366485595703 -0.00371074676513672 0.0410919189453125 0.0062255859375
-0.00814962387084961 0.00408124923706055 0.0420417785644531 -0.0236244201660156
-0.00399684906005859 0.00905132293701172 0.0261917114257812 -0.0473785400390625
-0.00288057327270508 0.00502252578735351 0.00482940673828124 -0.0549545288085938
-0.0022437572479248 0.004180908203125 -0.000595092773437496 -0.0445747375488281
-0.0035393238067627 0.00340819358825684 -0.00111007690429687 -0.0379562377929688
-0.00444126129150391 -0.000926971435546875 0.00349617004394531 -0.0324001312255859
-0.00104951858520508 -0.00670528411865234 0.00226974487304688 -0.0288124084472656
0.00875711441040039 -0.00805568695068359 0.00817108154296875 -0.0351943969726563
0.0166740417480469 0.00191879272460938 0.0191574096679687 -0.0423240661621094
0.0187625885009766 0.0167522430419922 0.0263023376464844 -0.059967041015625
0.0109272003173828 0.0274848937988281 0.0377120971679687 -0.0661354064941406
-0.00391006469726562 0.0418243408203125 0.0568618774414062 -0.0419425964355469
0.010319709777832 0.0170402526855469 0.0115795135498047 -0.017791748046875
0.0101909637451172 0.0101232528686523 0.0151653289794922 0.0218906402587891
0.0105218887329102 0.00320625305175781 0.0436592102050781 0.00958251953125
0.0108518600463867 -0.00126934051513672 0.0458259582519531 -0.0203475952148438
0.00632190704345703 -0.00807714462280273 0.0282516479492188 -0.0472030639648438
0.00086212158203125 -0.0154705047607422 0.00456619262695313 -0.0534439086914063
0.00347614288330078 -0.0144939422607422 -0.00252914428710938 -0.0406570434570313
0.00188922882080078 -0.017369270324707 -0.00343132019042969 -0.0348243713378906
0.00828933715820313 -0.0173025131225586 -0.00155830383300781 -0.0303554534912109
0.0197887420654297 -0.0120296478271484 -0.00208854675292968 -0.0268135070800781
0.0286579132080078 0.00227737426757813 0.00498580932617188 -0.0338592529296875
0.0224952697753906 0.0286102294921875 0.0147857666015625 -0.0391960144042969
0.0124893188476563 0.0441970825195312 0.0227813720703125 -0.0536270141601562
-0.00859451293945313 0.0517044067382813 0.0332908630371094 -0.055877685546875
-0.02410888671875 0.0602149963378906 0.0549850463867188 -0.0251846313476563
0.00107574462890625 0.0422019958496094 0.0124845504760742 -0.00586414337158203
0.0188827514648438 0.0370368957519531 0.0139331817626953 0.0295391082763672
0.0305118560791016 0.0139236450195313 0.0445556640625 0.015960693359375
0.0304412841796875 -0.00400924682617188 0.0471992492675781 -0.01336669921875
0.0175952911376953 -0.0235252380371094 0.0282440185546875 -0.0420265197753906
0.00539016723632812 -0.0336952209472656 0.00405120849609375 -0.0458183288574219
0.00807762145996094 -0.0312976837158203 -0.00452804565429688 -0.0302181243896484
0.00582504272460938 -0.0362510681152344 -0.00581932067871094 -0.0256080627441406
0.0173301696777344 -0.0321331024169922 -0.00843048095703125 -0.02203369140625
0.036041259765625 -0.0198783874511719 -0.009429931640625 -0.02020263671875
0.0457344055175781 0.00572586059570313 -0.00223541259765625 -0.0307826995849609
0.0305099487304687 0.0469894409179688 0.00865554809570313 -0.0354499816894531
0.00981903076171875 0.0636863708496094 0.0176506042480469 -0.0424842834472656
-0.0240402221679688 0.0678901672363281 0.0227127075195312 -0.0387802124023437
-0.0424270629882813 0.0691986083984375 0.0435295104980469 -0.00389862060546875
-0.0115928649902344 0.0610923767089844 0.00810050964355469 0.0112924575805664
0.0218467712402344 0.06134033203125 0.010101318359375 0.0382537841796875
0.0468940734863281 0.0265769958496094 0.0400199890136719 0.0244560241699219
0.0472640991210937 -0.00346755981445312 0.0428504943847656 -0.00315475463867188
0.0289649963378906 -0.0348854064941406 0.0258350372314453 -0.0312004089355469
0.0096893310546875 -0.0462684631347656 0.0031585693359375 -0.0318374633789063
0.011474609375 -0.043121337890625 -0.00549602508544922 -0.0159444808959961
0.00749588012695313 -0.0497703552246094 -0.00772285461425781 -0.0111026763916016
0.0213699340820313 -0.0436019897460938 -0.0138387680053711 -0.00928401947021484
0.0451889038085938 -0.0271644592285156 -0.0163154602050781 -0.00989532470703125
0.0562591552734375 0.00543975830078125 -0.00965309143066406 -0.0242843627929687
0.0369529724121094 0.0562744140625 0.00251579284667969 -0.0304603576660156
0.00803375244140624 0.0743408203125 0.0145702362060547 -0.0287189483642578
-0.0349655151367188 0.075225830078125 0.00968647003173828 -0.017338752746582
-0.0539588928222656 0.06671142578125 0.0250587463378906 0.0202884674072266
-0.0239524841308594 0.0692901611328125 -0.000738143920898438 0.0299491882324219
0.0173187255859375 0.0765228271484375 0.003448486328125 0.0456161499023438
0.0533294677734375 0.037750244140625 0.0300788879394531 0.0319175720214844
0.0572128295898438 -0.000545501708984375 0.0336341857910156 0.00769996643066406
0.0361137390136719 -0.0398674011230469 0.0197944641113281 -0.0165195465087891
0.0128974914550781 -0.0519256591796875 0.00142669677734375 -0.0130701065063477
0.0135536193847656 -0.0482521057128906 -0.00619649887084961 0.00100517272949218
0.00781631469726562 -0.0555152893066406 -0.00881385803222656 0.00556278228759765
0.0222053527832031 -0.0484123229980469 -0.0186977386474609 0.00577545166015625
0.0479545593261719 -0.0309791564941406 -0.0221443176269531 0.00162696838378906
0.0586891174316406 0.00378799438476563 -0.01605224609375 -0.0166816711425781
0.0375442504882812 0.05853271484375 -0.00238227844238281 -0.0244617462158203
0.0045623779296875 0.0745315551757812 0.0121250152587891 -0.0135078430175781
-0.0410995483398438 0.0717926025390625 -0.00463533401489258 0.00512981414794922
-0.0551834106445313 0.0527076721191406 0.0048370361328125 0.0420417785644531
-0.0324897766113281 0.0627708435058594 -0.0107765197753906 0.0459098815917969
0.00738525390624999 0.0759048461914063 -0.00432205200195312 0.0484619140625
0.0480308532714844 0.0417594909667969 0.0169258117675781 0.0366439819335937
0.0557403564453125 0.0034332275390625 0.0204601287841797 0.0174884796142578
0.0366134643554688 -0.0372238159179688 0.0119352340698242 -0.000145912170410159
0.0135269165039062 -0.04949951171875 0.000566959381103517 0.00538778305053711
0.0132369995117187 -0.0462455749511719 -0.00530052185058594 0.0172700881958008
0.00748062133789063 -0.0531959533691406 -0.00817108154296875 0.0219860076904297
0.0202522277832031 -0.0463409423828125 -0.0214672088623047 0.0206584930419922
0.0455780029296875 -0.02874755859375 -0.0261440277099609 0.0125751495361328
0.0540275573730469 0.00439071655273438 -0.0216083526611328 -0.00927543640136718
0.0309104919433594 0.05511474609375 -0.00634956359863281 -0.0184173583984375
-0.00197601318359375 0.0675010681152344 0.00965213775634766 0.00013828277587891
-0.0441322326660156 0.0592689514160156 -0.0193901062011719 0.0245094299316406
-0.0458526611328125 0.0286064147949219 -0.0157356262207031 0.0588035583496094
-0.032440185546875 0.0430526733398438 -0.0209236145019531 0.0578384399414062
-0.00237274169921875 0.0583152770996094 -0.0102348327636719 0.0474433898925781
0.0341682434082031 0.0358200073242188 0.00455474853515625 0.0366783142089844
0.0427932739257813 0.0056915283203125 0.00740051269531251 0.0228996276855469
0.0296249389648438 -0.0282993316650391 0.00374603271484375 0.0143938064575195
0.0113601684570312 -0.0386161804199219 -0.000553131103515627 0.0230293273925781
0.0107612609863281 -0.0365829467773438 -0.00386810302734375 0.0314579010009766
0.00689315795898437 -0.0428085327148438 -0.00763702392578125 0.0363273620605469
0.0171127319335938 -0.0378036499023438 -0.0235195159912109 0.0337181091308594
0.0377578735351563 -0.0227813720703125 -0.0304317474365234 0.0209598541259766
0.0435905456542969 0.0058135986328125 -0.027313232421875 -0.00396347045898438
0.0204429626464844 0.0468597412109375 -0.0093088150024414 -0.0146846771240234
-0.00983810424804687 0.0520401000976562 0.0064697265625 0.0115442276000977
-0.0421791076660156 0.0384788513183594 -0.0337066650390625 0.0399932861328125
-0.0287513732910156 -2.86102294921864E-05 -0.0278701782226563 0.0656814575195312
-0.0265407562255859 0.0156040191650391 -0.0264472961425781 0.0623016357421875
-0.0100765228271484 0.0304794311523438 -0.0127449035644531 0.0432395935058594
0.0147609710693359 0.0220260620117188 -0.00374603271484375 0.0357208251953125
0.0221881866455078 0.00547599792480469 -0.00125694274902344 0.0258274078369141
0.0172977447509766 -0.0149936676025391 -0.00162124633789063 0.0248394012451172
0.00761222839355468 -0.0217247009277344 -0.000186920166015624 0.0347785949707031
0.00734329223632812 -0.0221500396728516 -0.00188446044921875 0.0408134460449219
0.00537872314453125 -0.0270919799804687 -0.0078125 0.0468902587890625
0.0117321014404297 -0.0248241424560547 -0.0258293151855469 0.042144775390625
0.0266189575195313 -0.0144767761230469 -0.0340366363525391 0.0256309509277344
0.0292205810546875 0.00591659545898437 -0.0319404602050781 -0.000555038452148439
0.00874710083007813 0.03387451171875 -0.0131959915161133 -0.0131111145019531
-0.0162220001220703 0.0316658020019531 0.000528335571289063 0.0179729461669922
-0.0350608825683594 0.0130825042724609 -0.0473098754882813 0.0472221374511719
0.0155124664306641 0.0150213241577148 0.0492286682128906 -0.0526771545410156
0.0133790969848633 -0.00926017761230469 0.00526046752929687 -0.0226478576660156
-0.00226688385009766 -0.0131683349609375 0.0136232376098633 0.0167808532714844
-0.00974750518798828 -0.00362873077392578 0.0406074523925781 0.00467681884765625
-0.00806188583374023 0.00435686111450195 0.0408859252929688 -0.0243339538574219
-0.0034027099609375 0.00905704498291016 0.0243873596191406 -0.0476303100585938
-0.00278902053833008 0.00526905059814453 0.00237274169921876 -0.0547904968261719
-0.00164794921875 0.00412702560424805 -0.002227783203125 -0.0440254211425781
-0.00323748588562012 0.00380063056945801 -0.0027923583984375 -0.0378608703613281
-0.00425839424133301 -0.000473260879516601 0.00164031982421875 -0.0327091217041016
-0.00106382369995117 -0.00622987747192383 0.00149726867675781 -0.0293407440185547
0.00836706161499023 -0.0080413818359375 0.0066680908203125 -0.0355300903320313
0.0167274475097656 0.00126552581787109 0.0173873901367188 -0.0428962707519531
0.0193061828613281 0.0160064697265625 0.0237808227539062 -0.0607490539550781
0.0123023986816406 0.0267848968505859 0.03533935546875 -0.0673484802246094
-0.00199127197265625 0.0415420532226563 0.0548973083496094 -0.0443458557128906
0.0107440948486328 0.0170516967773438 0.0100040435791016 -0.0177478790283203
0.0106983184814453 0.00936412811279297 0.0154762268066406 0.0217056274414063
0.010319709777832 0.00254726409912109 0.0445289611816406 0.00826263427734375
0.010767936706543 -0.00177669525146484 0.045166015625 -0.0214996337890625
0.005859375 -0.00850009918212891 0.0262527465820313 -0.0479660034179688
-0.000504493713378908 -0.0152072906494141 0.00253295898437501 -0.053436279296875
0.00243282318115234 -0.0146846771240234 -0.00407791137695313 -0.0400276184082031
0.000991821289062498 -0.0176486968994141 -0.00448417663574219 -0.0350494384765625
0.00729560852050781 -0.0173187255859375 -0.00294113159179688 -0.0300312042236328
0.0192604064941406 -0.0122413635253906 -0.00317573547363281 -0.0267658233642578
0.0286159515380859 0.00105667114257812 0.00329208374023438 -0.0344867706298828
0.0236930847167969 0.027191162109375 0.0135231018066406 -0.0398292541503906
0.0139694213867187 0.04315185546875 0.0204048156738281 -0.0540275573730469
-0.006744384765625 0.0513687133789063 0.0313644409179688 -0.0571060180664062
-0.0219612121582031 0.0615119934082031 0.0533523559570313 -0.0268592834472656
0.00255203247070313 0.042083740234375 0.0111188888549805 -0.00609588623046875
0.0204124450683594 0.0361404418945313 0.0146045684814453 0.0296669006347656
0.0308914184570312 0.0126991271972656 0.0446968078613281 0.0150222778320313
0.0308265686035156 -0.00523757934570312 0.0463600158691406 -0.0147705078125
0.0167980194091797 -0.0240898132324219 0.0265579223632813 -0.0425910949707031
0.00370979309082031 -0.0333003997802734 0.00218582153320312 -0.0452690124511719
0.00677299499511719 -0.0317268371582031 -0.00538253784179688 -0.0296039581298828
0.00399398803710938 -0.0361137390136719 -0.00667762756347656 -0.0249900817871094
0.0156402587890625 -0.0324077606201172 -0.00923728942871094 -0.0211277008056641
0.0347042083740234 -0.0207939147949219 -0.0103645324707031 -0.01995849609375
0.0457992553710938 0.00369644165039063 -0.003265380859375 -0.0308322906494141
0.0324058532714844 0.0453987121582031 0.00753021240234375 -0.0363235473632813
0.0117454528808594 0.0630645751953125 0.0158615112304688 -0.0431442260742187
-0.0215568542480469 0.0688095092773438 0.0213470458984375 -0.0398902893066406
-0.0397186279296875 0.0712203979492187 0.0424575805664063 -0.00564193725585937
-0.00999069213867188 0.0619583129882813 0.00734138488769531 0.0108461380004883
0.024139404296875 0.0608711242675781 0.0115165710449219 0.0388717651367188
0.0474281311035156 0.0246315002441406 0.0409126281738281 0.0231781005859375
0.0473747253417969 -0.0053863525390625 0.0426025390625 -0.00427627563476563
0.0271186828613281 -0.0357933044433594 0.0241241455078125 -0.0316047668457031
0.0074462890625 -0.046142578125 0.00196647644042969 -0.0313987731933594
0.0097503662109375 -0.0431404113769531 -0.00602054595947265 -0.0152349472045898
0.00536727905273438 -0.0492477416992188 -0.00813007354736328 -0.0106115341186523
0.0192680358886719 -0.0436134338378906 -0.0147027969360352 -0.00826358795166016
0.0436210632324219 -0.0289077758789063 -0.016627311706543 -0.00942039489746094
0.0560760498046875 0.00272750854492188 -0.0106029510498047 -0.024139404296875
0.0391578674316406 0.0548095703125 0.00130462646484375 -0.0310707092285156
0.0109405517578125 0.0730133056640625 0.0132827758789063 -0.0295925140380859
-0.0322036743164063 0.0764999389648438 0.00919532775878906 -0.0180168151855469
-0.0510177612304688 0.0681304931640625 0.0254039764404297 0.0189723968505859
-0.0217170715332031 0.0695075988769531 -0.000249862670898437 0.0294570922851563
0.0201644897460938 0.0755386352539063 0.00448989868164063 0.0464591979980469
0.0541572570800781 0.0352439880371094 0.0309371948242188 0.0313167572021484
0.0573539733886719 -0.00294113159179687 0.0333156585693359 0.00712966918945312
0.0332756042480469 -0.0406150817871094 0.0185756683349609 -0.0167484283447266
0.00982284545898437 -0.0520095825195313 0.00136470794677734 -0.0133352279663086
0.0112648010253906 -0.0487632751464844 -0.00562715530395508 0.00168085098266601
0.00522613525390626 -0.055084228515625 -0.00825309753417969 0.00624322891235351
0.0194625854492188 -0.0486602783203125 -0.0185012817382813 0.00710296630859375
0.0460777282714844 -0.0323448181152344 -0.0219860076904297 0.00249099731445312
0.0584030151367188 0.00156784057617188 -0.0171899795532227 -0.0165681838989258
0.0395050048828125 0.0564956665039063 -0.00310325622558593 -0.0248737335205078
0.00738525390625 0.0740890502929688 0.0116863250732422 -0.0142498016357422
-0.0387344360351563 0.0733795166015625 -0.00445652008056641 0.00469970703125
-0.0525665283203125 0.0545768737792969 0.00575256347656249 0.04168701171875
-0.0304718017578125 0.063323974609375 -0.0099029541015625 0.0459976196289063
0.0106430053710937 0.0754776000976563 -0.00275421142578125 0.0486640930175781
0.0495185852050781 0.0396308898925781 0.0180015563964844 0.0362396240234375
0.0557098388671875 0.000949859619140625 0.0212440490722656 0.0168647766113281
0.0345497131347656 -0.0379905700683594 0.0113067626953125 -0.000442504882812502
0.0106468200683594 -0.049468994140625 0.00079488754272461 0.00565910339355468
0.0112113952636719 -0.0464859008789063 -0.00482177734375 0.0180225372314453
0.00482177734375 -0.0528488159179688 -0.00783920288085937 0.0225105285644531
0.01806640625 -0.0465507507324219 -0.0209903717041016 0.0219154357910156
0.04339599609375 -0.0306968688964844 -0.025604248046875 0.0130252838134766
0.0535621643066406 0.00228500366210938 -0.022003173828125 -0.00880050659179687
0.0329513549804687 0.0532112121582031 -0.00664329528808594 -0.018890380859375
0.000507354736328129 0.06671142578125 0.0095672607421875 -0.000709533691406246
-0.0413055419921875 0.0609321594238281 -0.0180625915527344 0.0252971649169922
-0.0441207885742187 0.0303306579589844 -0.0138320922851563 0.0587921142578125
-0.0311279296875 0.0435943603515625 -0.019500732421875 0.0575904846191406
0.000129699707031253 0.0586204528808594 -0.00896835327148437 0.0477104187011719
0.0349998474121094 0.0341320037841797 0.00632476806640625 0.0368881225585938
0.0423622131347656 0.00358963012695312 0.00830650329589844 0.0235099792480469
0.0279541015625 -0.0289306640625 0.00382518768310547 0.0141077041625977
0.00933837890625 -0.0386734008789063 0.000255584716796873 0.0225620269775391
0.00918197631835938 -0.0370559692382812 -0.00222015380859375 0.0323696136474609
0.00439834594726563 -0.0426788330078125 -0.00615692138671875 0.0372962951660156
0.0146255493164062 -0.0378913879394531 -0.0224761962890625 0.0346431732177734
0.0366973876953125 -0.0246467590332031 -0.0293636322021484 0.0216274261474609
0.0435295104980469 0.0037994384765625 -0.0272750854492187 -0.00321578979492187
0.0217323303222656 0.0457382202148438 -0.00957965850830078 -0.0144853591918945
-0.00807571411132813 0.0518417358398438 0.00692367553710937 0.0106573104858398
-0.0405387878417969 0.0402336120605469 -0.0321197509765625 0.0402641296386719
-0.0284461975097656 0.000699996948242181 -0.0256118774414063 0.0667800903320313
-0.0256214141845703 0.0165843963623047 -0.0240287780761719 0.06268310546875
-0.00839996337890625 0.0306835174560547 -0.011322021484375 0.0435066223144531
0.0152359008789063 0.0211772918701172 -0.00236892700195312 0.0360527038574219
0.0222434997558594 0.00426292419433594 -0.000228881835937499 0.026092529296875
0.0163431167602539 -0.0155448913574219 -0.000841140747070313 0.0246734619140625
0.00684928894042969 -0.0218448638916016 0.00142860412597656 0.0342903137207031
0.00611686706542969 -0.0222816467285156 -0.000339508056640621 0.0409126281738281
0.00408935546875 -0.0267009735107422 -0.00598526000976563 0.0471076965332031
0.0101413726806641 -0.0244903564453125 -0.0242805480957031 0.04290771484375
0.0256328582763672 -0.0155582427978516 -0.0329742431640625 0.0262699127197266
0.0291843414306641 0.00476264953613281 -0.0319156646728516 0.000356674194335943
0.00994110107421875 0.0335655212402344 -0.0132417678833008 -0.0130014419555664
-0.0149192810058594 0.03173828125 0.00136280059814453 0.0170965194702148
-0.0341377258300781 0.0142440795898437 -0.0450363159179688 0.0482521057128906
0.0157079696655273 0.0146360397338867 0.047943115234375 -0.0531730651855469
0.0130653381347656 -0.008819580078125 0.00427436828613281 -0.0219993591308594
-0.0023040771484375 -0.0127639770507813 0.0139236450195313 0.0167741775512695
-0.0100746154785156 -0.00384998321533203 0.0408973693847656 0.0046539306640625
-0.0078730583190918 0.00432014465332031 0.0403289794921875 -0.0245552062988281
-0.00314426422119141 0.00918674468994141 0.0239295959472656 -0.0478553771972656
-0.00249767303466797 0.00554895401000977 0.00131988525390625 -0.054656982421875
-0.00171446800231934 0.00399065017700195 -0.00267410278320312 -0.0440254211425781
-0.0029146671295166 0.00354838371276856 -0.00331497192382812 -0.0381278991699219
-0.00387954711914063 -0.000243902206420898 0.00138664245605469 -0.0325546264648438
-0.00121116638183594 -0.00592041015625 0.00133705139160156 -0.0299568176269531
0.00815439224243164 -0.00830984115600586 0.00597000122070313 -0.03619384765625
0.0167617797851563 0.00128841400146484 0.0168418884277344 -0.0427093505859375
0.0192127227783203 0.0159568786621094 0.0231590270996094 -0.0606918334960937
0.0126628875732422 0.0264396667480469 0.0341567993164063 -0.0683631896972656
-0.00142288208007813 0.0415687561035156 0.0536994934082031 -0.0448493957519531
0.0103015899658203 0.0166158676147461 0.0088968276977539 -0.017451286315918
0.0109272003173828 0.00949764251708984 0.0157260894775391 0.0214462280273437
0.0100717544555664 0.00230789184570313 0.0438919067382813 0.00799179077148438
0.0106878280639648 -0.00227069854736328 0.0445289611816406 -0.0217094421386719
0.00543880462646484 -0.00820636749267578 0.025482177734375 -0.0479354858398438
-0.000712394714355468 -0.0147705078125 0.00133514404296875 -0.0528335571289062
0.00224876403808594 -0.0150117874145508 -0.00436019897460937 -0.0397872924804688
0.000631332397460937 -0.0176105499267578 -0.00534820556640625 -0.0347881317138672
0.00724887847900391 -0.0168008804321289 -0.0034637451171875 -0.0301418304443359
0.0188331604003906 -0.0123519897460938 -0.00342178344726562 -0.0269069671630859
0.0289897918701172 0.000490188598632813 0.003204345703125 -0.0350227355957031
0.0238761901855469 0.0270061492919922 0.0129508972167969 -0.0402450561523438
0.01409912109375 0.0426483154296875 0.0193710327148437 -0.0544624328613281
-0.0063323974609375 0.0520515441894531 0.0306053161621094 -0.0579185485839844
-0.0210304260253906 0.0617790222167969 0.052490234375 -0.0279083251953125
0.0024871826171875 0.0426559448242188 0.0103187561035156 -0.00621891021728515
0.0212631225585938 0.0359268188476562 0.0153007507324219 0.0299453735351563
0.0310211181640625 0.0120620727539062 0.0442924499511719 0.0148048400878906
0.030029296875 -0.00629425048828125 0.0462226867675781 -0.0149040222167969
0.0161209106445313 -0.0243015289306641 0.0258140563964844 -0.0423812866210938
0.00267219543457031 -0.0329036712646484 0.00134277343750001 -0.0448570251464844
0.00642204284667969 -0.0321903228759766 -0.00517082214355468 -0.0295486450195313
0.00332260131835937 -0.0360221862792969 -0.00737380981445313 -0.0247440338134766
0.0146160125732422 -0.0323333740234375 -0.00943183898925781 -0.0208911895751953
0.0342006683349609 -0.0211582183837891 -0.0103569030761719 -0.0198764801025391
0.0457496643066406 0.0032196044921875 -0.00344085693359374 -0.0315055847167969
0.0331535339355469 0.0448532104492188 0.00680923461914063 -0.0366363525390625
0.0127067565917969 0.0626411437988281 0.0152778625488281 -0.0437355041503906
-0.0209083557128906 0.0693016052246094 0.0210342407226563 -0.0412139892578125
-0.0386199951171875 0.0718307495117188 0.0417251586914063 -0.00645065307617187
-0.00933456420898437 0.0619926452636719 0.00652980804443359 0.0101737976074219
0.0257911682128906 0.06048583984375 0.0116195678710938 0.0393486022949219
0.0477371215820313 0.0238571166992188 0.0405006408691406 0.0232658386230469
0.0476875305175781 -0.006591796875 0.0429267883300781 -0.00438308715820313
0.0260963439941406 -0.0359992980957031 0.0235557556152344 -0.0316104888916016
0.0059814453125 -0.0462455749511719 0.00155830383300781 -0.0312671661376953
0.00908660888671875 -0.0438117980957031 -0.00562095642089844 -0.0147342681884766
0.00353622436523437 -0.0492744445800781 -0.00829792022705078 -0.0103416442871094
0.0179405212402344 -0.0436172485351563 -0.0148468017578125 -0.00792884826660157
0.0427017211914063 -0.0290336608886719 -0.0168333053588867 -0.00922203063964844
0.0560035705566406 0.00214385986328125 -0.0110683441162109 -0.0245914459228516
0.0398216247558594 0.0538368225097656 0.000793457031250001 -0.0310935974121094
0.01165771484375 0.0728225708007813 0.0125675201416016 -0.0301513671875
-0.03094482421875 0.0771942138671875 0.00884056091308594 -0.0190601348876953
-0.0502204895019531 0.0693817138671875 0.0245323181152344 0.0182456970214844
-0.0218124389648437 0.0701446533203125 -0.00127410888671875 0.0288562774658203
0.022216796875 0.0757598876953125 0.00510025024414063 0.0467185974121094
0.0548133850097656 0.0343170166015625 0.03131103515625 0.0314674377441406
0.0575523376464844 -0.00402450561523438 0.033966064453125 0.00631904602050781
0.032470703125 -0.0404930114746094 0.0182781219482422 -0.01690673828125
0.00865554809570312 -0.0520439147949219 0.00107383728027344 -0.0130348205566406
0.0103225708007813 -0.0490798950195312 -0.00522851943969727 0.00218152999877929
0.00380325317382812 -0.0547676086425781 -0.00835084915161133 0.00647926330566406
0.0182228088378906 -0.0485954284667969 -0.0185680389404297 0.007781982421875
0.0451889038085938 -0.0332984924316406 -0.0219993591308594 0.00291252136230468
0.0584297180175781 0.000431060791015625 -0.0172576904296875 -0.0166711807250977
0.0403976440429688 0.0557022094726563 -0.00329399108886719 -0.0255050659179687
0.00823974609375001 0.0734405517578125 0.0112543106079102 -0.0146656036376953
-0.0376434326171875 0.0743026733398438 -0.00450944900512696 0.00415754318237305
-0.0521812438964844 0.0554962158203125 0.00540542602539063 0.0416450500488281
-0.0298538208007812 0.0636749267578125 -0.0102920532226563 0.0453071594238281
0.0121078491210938 0.0754623413085938 -0.00239944458007812 0.0494270324707031
0.0497055053710938 0.0385627746582031 0.0183525085449219 0.0360145568847656
0.0557823181152344 -0.000118255615234375 0.0214805603027344 0.0167217254638672
0.0329132080078125 -0.0385017395019531 0.0111122131347656 -0.000560760498046877
0.00904083251953125 -0.049407958984375 0.000751495361328126 0.00602388381958008
0.00996780395507812 -0.0467567443847656 -0.0040283203125 0.0185203552246094
0.00347900390625 -0.0527076721191406 -0.00758934020996094 0.0226802825927734
0.016510009765625 -0.0462760925292969 -0.0209789276123047 0.0226192474365234
0.0424690246582031 -0.0315170288085937 -0.0254268646240234 0.0134868621826172
0.0533103942871094 0.0010986328125 -0.0220966339111328 -0.00881385803222656
0.0337066650390625 0.0528297424316406 -0.00695419311523437 -0.0191745758056641
0.00147628784179687 0.0659255981445313 0.00982666015625 -0.00100231170654296
-0.0404853820800781 0.0619430541992188 -0.0176753997802734 0.0248298645019531
-0.0436897277832031 0.0308151245117188 -0.0134696960449219 0.058929443359375
-0.0304183959960937 0.0441055297851563 -0.0188674926757813 0.05755615234375
0.00141525268554688 0.0585060119628906 -0.00825119018554687 0.0480079650878906
0.0351524353027344 0.0333442687988281 0.00638580322265625 0.0368003845214844
0.0429534912109375 0.00304031372070313 0.00862884521484376 0.0229244232177734
0.0266685485839844 -0.0290298461914063 0.00350761413574219 0.0143003463745117
0.00809478759765625 -0.0384178161621094 0.000644683837890627 0.0229320526123047
0.00827407836914062 -0.0370903015136719 -0.00122451782226562 0.0320682525634766
0.00313568115234375 -0.0425453186035156 -0.0055084228515625 0.0372467041015625
0.0135116577148438 -0.0378341674804688 -0.0221443176269531 0.0350875854492188
0.0355453491210938 -0.025238037109375 -0.0290050506591797 0.0218257904052734
0.0430259704589844 0.00345230102539063 -0.0271205902099609 -0.00320625305175781
0.0223770141601563 0.0454139709472656 -0.00971221923828124 -0.0152416229248047
-0.00722122192382813 0.0515708923339844 0.00733375549316406 0.00996589660644532
-0.0397109985351563 0.0407257080078125 -0.0312957763671875 0.0406074523925781
-0.028167724609375 0.00152206420898438 -0.0251922607421875 0.0670127868652344
-0.0254383087158203 0.0171718597412109 -0.0232276916503906 0.062530517578125
-0.00787353515625001 0.0308341979980469 -0.0107460021972656 0.0436973571777344
0.0154819488525391 0.0209941864013672 -0.00178909301757812 0.0358047485351563
0.0223751068115234 0.00393295288085938 8.96453857421874E-05 0.0263004302978516
0.0155582427978516 -0.0157470703125 -0.000463485717773434 0.0248661041259766
0.0052032470703125 -0.0218067169189453 0.00213432312011719 0.0342674255371094
0.00497055053710938 -0.0220928192138672 0.000526428222656249 0.0412445068359375
0.00301933288574219 -0.0268268585205078 -0.00525665283203125 0.0469551086425781
0.00951194763183594 -0.0246925354003906 -0.023773193359375 0.0431556701660156
0.0251598358154297 -0.0158634185791016 -0.0325355529785156 0.0266990661621094
0.0286502838134766 0.00444221496582031 -0.0317306518554688 0.000627517700195319
0.0102367401123047 0.0330333709716797 -0.01348876953125 -0.0131759643554688
-0.0145168304443359 0.0315895080566406 0.00191879272460937 0.0165367126464844
-0.0333137512207031 0.0146064758300781 -0.0438919067382813 0.0482292175292969
0.0161752700805664 0.0149517059326172 0.0484580993652344 -0.0543785095214844
0.0131282806396484 -0.00910186767578125 0.00371360778808594 -0.0218067169189453
-0.00238513946533203 -0.0127763748168945 0.0145015716552734 0.0174007415771484
-0.0103006362915039 -0.00362396240234375 0.0415191650390625 0.00457763671875
-0.00799226760864258 0.00423622131347656 0.0411567687988281 -0.0246353149414063
-0.00340461730957031 0.0091705322265625 0.0244331359863281 -0.0487060546875
-0.0021061897277832 0.00572490692138672 0.00115585327148438 -0.055908203125
-0.00194764137268066 0.00385904312133789 -0.00331497192382813 -0.0452919006347656
-0.00298166275024414 0.00316286087036133 -0.00326919555664062 -0.0390434265136719
-0.00357532501220703 -0.000106096267700195 0.001220703125 -0.0336017608642578
-0.00134372711181641 -0.00582122802734375 0.000965118408203125 -0.0306568145751953
0.00840377807617188 -0.00832605361938477 0.00625991821289062 -0.0372161865234375
0.0167913436889648 0.00105857849121094 0.017486572265625 -0.0432777404785156
0.0195560455322266 0.0162563323974609 0.0233421325683594 -0.0614738464355469
0.0131511688232422 0.027099609375 0.0350761413574219 -0.0701408386230469
-0.001434326171875 0.0427894592285156 0.0542869567871094 -0.0455970764160156
0.0103111267089844 0.0174074172973633 0.00813484191894531 -0.0176048278808594
0.0111207962036133 0.00964069366455078 0.0162487030029297 0.0224266052246094
0.0106000900268555 0.00228309631347656 0.044525146484375 0.00861358642578125
0.0108566284179688 -0.00255012512207031 0.0453872680664063 -0.0220565795898438
0.00526905059814453 -0.00825166702270508 0.0259628295898437 -0.048828125
-0.000688552856445311 -0.0148344039916992 0.000949859619140627 -0.0540962219238281
0.00218486785888672 -0.0154495239257812 -0.00416183471679687 -0.0408706665039063
0.000427246093750002 -0.0180168151855469 -0.0053863525390625 -0.0357208251953125
0.0075225830078125 -0.0170621871948242 -0.00331687927246094 -0.0306415557861328
0.0192356109619141 -0.0125732421875 -0.00319099426269531 -0.0277366638183594
0.0293521881103516 0.00025177001953125 0.00275802612304688 -0.0359535217285156
0.0245037078857422 0.0274944305419922 0.0131454467773438 -0.0411758422851563
0.0143470764160156 0.0429573059082031 0.0197830200195313 -0.0557441711425781
-0.00629425048828125 0.0526008605957031 0.0313072204589844 -0.0602340698242187
-0.0209693908691406 0.0633888244628906 0.0524864196777344 -0.0287933349609375
0.00186920166015625 0.0435752868652344 0.00949001312255859 -0.00639820098876953
0.0219383239746094 0.0366134643554688 0.0158309936523437 0.0310115814208984
0.0314559936523438 0.0121631622314453 0.0453720092773438 0.0154571533203125
0.0310440063476562 -0.0066070556640625 0.0474166870117188 -0.014984130859375
0.0158634185791016 -0.0244827270507813 0.0263633728027344 -0.0433387756347656
0.00200462341308594 -0.0335178375244141 0.00139999389648437 -0.0456657409667969
0.00607681274414062 -0.0325660705566406 -0.00516319274902344 -0.03021240234375
0.00299835205078125 -0.0371589660644531 -0.00740242004394531 -0.0252532958984375
0.0148048400878906 -0.0327033996582031 -0.0100498199462891 -0.0215225219726563
0.0344390869140625 -0.0216808319091797 -0.0106086730957031 -0.0207862854003906
0.0471878051757813 0.00327301025390625 -0.00362014770507812 -0.0323886871337891
0.0340499877929688 0.0455245971679688 0.00699996948242188 -0.0378341674804688
0.0127639770507813 0.0629920959472656 0.0153923034667969 -0.0445137023925781
-0.0213623046875 0.0707855224609375 0.0216751098632813 -0.0423469543457031
-0.0393905639648437 0.0736770629882813 0.042083740234375 -0.00653457641601562
-0.01019287109375 0.0633621215820312 0.0056304931640625 0.010467529296875
0.0266227722167969 0.06231689453125 0.011962890625 0.0406074523925781
0.0487823486328125 0.0242767333984375 0.0414237976074219 0.0242691040039062
0.0488548278808594 -0.00719833374023438 0.0440292358398437 -0.00478363037109375
0.0261955261230469 -0.0364227294921875 0.0236282348632813 -0.03192138671875
0.00513458251953125 -0.0467529296875 0.00133132934570313 -0.031341552734375
0.00866317749023438 -0.0446968078613281 -0.00528907775878906 -0.0148210525512695
0.00341415405273438 -0.0498695373535156 -0.00868988037109375 -0.010345458984375
0.0177879333496094 -0.0442695617675781 -0.0155172348022461 -0.00784683227539063
0.0432624816894531 -0.0300102233886719 -0.0171518325805664 -0.00970172882080078
0.0573844909667969 0.00150299072265625 -0.0111484527587891 -0.0256919860839844
0.0408821105957031 0.054962158203125 0.000526428222656251 -0.0326938629150391
0.0118331909179688 0.0737457275390625 0.0128402709960937 -0.0307960510253906
-0.0316314697265625 0.0790939331054688 0.00913429260253906 -0.0198211669921875
-0.0511093139648438 0.0708999633789062 0.0244846343994141 0.0185470581054688
-0.0221481323242188 0.0716323852539063 -0.00201034545898438 0.0290737152099609
0.0234375 0.0775222778320313 0.005279541015625 0.0484695434570313
0.0560111999511719 0.0344772338867188 0.0315933227539063 0.0323257446289063
0.0588111877441406 -0.00447463989257813 0.0344257354736328 0.00695419311523438
0.03265380859375 -0.0418853759765625 0.01824951171875 -0.0168895721435547
0.00777053833007813 -0.0524520874023437 0.000944137573242188 -0.0128564834594727
0.0104827880859375 -0.05010986328125 -0.00476217269897461 0.00219535827636718
0.00305557250976562 -0.0559501647949219 -0.00843715667724609 0.0073094367980957
0.0176620483398437 -0.0488357543945313 -0.0188198089599609 0.00829887390136719
0.0455284118652344 -0.0340995788574219 -0.0223808288574219 0.00270271301269531
0.0596237182617187 7.62939453125E-05 -0.0178680419921875 -0.0174064636230469
0.0413284301757812 0.0566864013671875 -0.00377273559570312 -0.0259952545166016
0.0085601806640625 0.074462890625 0.0114498138427734 -0.0156850814819336
-0.0382080078125 0.0764999389648437 -0.00477695465087891 0.00360155105590821
-0.052764892578125 0.0565299987792969 0.00513458251953124 0.0421371459960938
-0.0307273864746094 0.0649452209472656 -0.0111618041992187 0.0456275939941406
0.0129470825195312 0.0771942138671875 -0.00240325927734375 0.0507583618164063
0.0507049560546875 0.038970947265625 0.0187797546386719 0.0370445251464844
0.0571022033691406 -0.000202178955078125 0.02178955078125 0.0173759460449219
0.0331687927246094 -0.0388031005859375 0.0107536315917969 -0.000254631042480471
0.00864410400390625 -0.0499610900878906 0.000978469848632813 0.00623941421508789
0.00950241088867188 -0.0479621887207031 -0.00318145751953125 0.0192604064941406
0.00308990478515625 -0.0532722473144531 -0.00737190246582031 0.0236854553222656
0.0161666870117188 -0.0468788146972656 -0.0209999084472656 0.0229434967041016
0.0424957275390625 -0.0324020385742188 -0.0257205963134766 0.0132656097412109
0.0544166564941406 0.00117874145507813 -0.0225639343261719 -0.00928878784179687
0.0348625183105469 0.0539016723632813 -0.00746917724609375 -0.0201873779296875
0.00127029418945312 0.0669631958007813 0.00993537902832031 -0.00156402587890625
-0.0410690307617188 0.0633392333984375 -0.0181350708007813 0.0245876312255859
-0.0441246032714844 0.0319328308105469 -0.0141105651855469 0.0600090026855469
-0.0314903259277344 0.0454902648925781 -0.0200271606445313 0.0578231811523438
0.00223159790039062 0.0600166320800781 -0.008544921875 0.049072265625
0.0360450744628906 0.0336036682128906 0.00620651245117188 0.037933349609375
0.0436553955078125 0.00222396850585938 0.00895118713378907 0.0235061645507813
0.0271377563476563 -0.0296497344970703 0.00307941436767578 0.0144758224487305
0.00709533691406249 -0.0388336181640625 0.00106430053710938 0.0237140655517578
0.00797653198242187 -0.0384788513183594 -0.000793457031250002 0.0328941345214844
0.0026397705078125 -0.0430641174316406 -0.00587844848632813 0.0384635925292969
0.013427734375 -0.0379600524902344 -0.0224227905273438 0.03631591796875
0.0357704162597656 -0.0262413024902344 -0.029296875 0.022369384765625
0.0437431335449219 0.00317001342773438 -0.0277442932128906 -0.00337791442871094
0.0229682922363281 0.0459671020507812 -0.0105667114257812 -0.0159759521484375
-0.00749588012695312 0.0524444580078125 0.00721454620361328 0.00963592529296875
-0.0402145385742188 0.0419044494628906 -0.0317115783691406 0.0407218933105469
-0.0289192199707031 0.00147819519042969 -0.0257759094238281 0.0685195922851563
-0.02557373046875 0.0176544189453125 -0.0239982604980469 0.0636520385742188
-0.00767135620117188 0.0316390991210938 -0.0108985900878906 0.0442543029785156
0.0156593322753906 0.0208339691162109 -0.00221633911132812 0.0367889404296875
0.0229434967041016 0.0037994384765625 0.000486373901367189 0.0268440246582031
0.0155143737792969 -0.0158014297485352 -0.00070953369140625 0.0255699157714844
0.00515174865722656 -0.0222263336181641 0.00231552124023438 0.0350990295410156
0.00479698181152344 -0.0226039886474609 0.000999450683593749 0.041961669921875
0.00263404846191406 -0.0272026062011719 -0.00503158569335938 0.0484733581542969
0.00943183898925781 -0.0246829986572266 -0.023956298828125 0.0442543029785156
0.0251750946044922 -0.0165500640869141 -0.0333404541015625 0.0274105072021484
0.0295047760009766 0.00466728210449219 -0.0324630737304687 0.00065040588378906
0.0109081268310547 0.0339412689208984 -0.0141668319702148 -0.0137100219726562
-0.0147228240966797 0.0321140289306641 0.00233554840087891 0.0161380767822266
-0.0338783264160156 0.0150947570800781 -0.04437255859375 0.0487442016601563
0.0171318054199219 0.0152549743652344 0.0489387512207031 -0.0569877624511719
0.0132656097412109 -0.00955772399902344 0.00317764282226562 -0.0221881866455078
-0.00274848937988281 -0.0132036209106445 0.0152778625488281 0.0180759429931641
-0.010563850402832 -0.00354671478271485 0.0431709289550781 0.00461959838867187
-0.00868415832519531 0.00447607040405274 0.0429191589355469 -0.0260810852050781
-0.00318622589111328 0.00969123840332031 0.0252304077148437 -0.050537109375
-0.00177192687988281 0.00601339340209961 0.000423431396484369 -0.0578575134277344
-0.00181937217712402 0.0038750171661377 -0.00371170043945312 -0.0475616455078125
-0.00250244140625 0.00337076187133789 -0.00421524047851563 -0.0410614013671875
-0.00346612930297852 -0.000354766845703125 0.000812530517578124 -0.0352210998535156
-0.00111532211303711 -0.00599098205566406 0.000995635986328122 -0.0324192047119141
0.00810337066650391 -0.00884342193603515 0.00588226318359375 -0.0389022827148437
0.0175228118896484 0.00103569030761719 0.0181655883789062 -0.044952392578125
0.0204143524169922 0.016448974609375 0.023895263671875 -0.0638618469238281
0.0132217407226563 0.0280399322509766 0.0360336303710937 -0.07379150390625
-0.000755310058593747 0.0441818237304688 0.0552291870117188 -0.048614501953125
0.0108871459960937 0.0184268951416016 0.00798606872558594 -0.0178985595703125
0.0124311447143555 0.0102033615112305 0.0172252655029297 0.0240821838378906
0.0106868743896484 0.00190067291259766 0.0469589233398437 0.00828933715820312
0.0108871459960938 -0.00327587127685547 0.0470924377441406 -0.0229301452636719
0.00523853302001953 -0.00903606414794922 0.0265045166015625 -0.0507469177246094
-0.00085163116455078 -0.0153589248657227 0.000446319580078123 -0.0558891296386719
0.00193977355957031 -0.0163288116455078 -0.00452041625976563 -0.0428886413574219
0.000211715698242189 -0.0189037322998047 -0.00632476806640625 -0.0373878479003906
0.00779151916503906 -0.017730712890625 -0.00403976440429687 -0.0318374633789063
0.0193939208984375 -0.0132484436035156 -0.00375175476074219 -0.0290508270263672
0.0307273864746094 0.00019073486328125 0.00270462036132813 -0.0380744934082031
0.0257358551025391 0.0285320281982422 0.01300048828125 -0.0428466796875
0.0153694152832031 0.0446014404296875 0.0195083618164063 -0.0582733154296875
-0.00609588623046875 0.0556449890136719 0.0317344665527344 -0.0634956359863281
-0.0213546752929688 0.0666351318359375 0.0539512634277344 -0.0306968688964844
0.00263595581054687 0.0456085205078125 0.00869607925415039 -0.00661134719848632
0.024139404296875 0.0383186340332031 0.0171108245849609 0.0331459045410156
0.0333843231201172 0.012115478515625 0.0477180480957031 0.015838623046875
0.0320987701416016 -0.00764846801757813 0.049407958984375 -0.0160179138183594
0.0158824920654297 -0.0256462097167969 0.0267181396484375 -0.0446205139160156
0.00144004821777344 -0.034515380859375 0.000652313232421871 -0.0475120544433594
0.0058135986328125 -0.0342311859130859 -0.00557136535644532 -0.0315151214599609
0.002288818359375 -0.0386810302734375 -0.0085296630859375 -0.0262584686279297
0.0145225524902344 -0.0335750579833984 -0.0104808807373047 -0.0220470428466797
0.0358390808105469 -0.0230865478515625 -0.0114097595214844 -0.0211524963378906
0.048980712890625 0.00279617309570313 -0.00428581237792969 -0.0341377258300781
0.0359611511230469 0.0473365783691406 0.00667572021484375 -0.0393714904785156
0.0140724182128906 0.0656356811523438 0.0150794982910156 -0.0471115112304687
-0.0213699340820312 0.0748138427734375 0.0219345092773438 -0.0451202392578125
-0.0399551391601563 0.077850341796875 0.0430870056152344 -0.00731277465820312
-0.00997543334960937 0.0665740966796875 0.00487899780273437 0.0105619430541992
0.0291976928710938 0.06439208984375 0.0133895874023437 0.0426979064941406
0.0512199401855469 0.0247230529785156 0.0430870056152344 0.0251884460449219
0.0511817932128906 -0.00864791870117188 0.0454940795898437 -0.00513458251953125
0.02618408203125 -0.0377464294433594 0.0239372253417969 -0.033050537109375
0.00432205200195313 -0.0482673645019531 0.00083160400390625 -0.0320186614990234
0.008270263671875 -0.0470008850097656 -0.00542640686035156 -0.0153026580810547
0.00244903564453125 -0.0521583557128906 -0.00898361206054688 -0.0108194351196289
0.0178031921386719 -0.0459976196289063 -0.0160303115844727 -0.00767993927001953
0.0443916320800781 -0.0320014953613281 -0.0180416107177734 -0.00980949401855469
0.0596885681152344 0.00081634521484375 -0.0124969482421875 -0.0274124145507813
0.043670654296875 0.056884765625 0.000230789184570315 -0.0342578887939453
0.0127410888671875 0.076385498046875 0.0126781463623047 -0.0326557159423828
-0.0324020385742188 0.0834197998046875 0.00850486755371093 -0.0214061737060547
-0.052001953125 0.075439453125 0.0251235961914062 0.0189189910888672
-0.0229263305664063 0.0751953125 -0.00256156921386719 0.0302600860595703
0.0255889892578125 0.0809783935546875 0.00604248046875 0.0506324768066406
0.0587844848632813 0.0357780456542969 0.0334453582763672 0.0335617065429688
0.061553955078125 -0.0062103271484375 0.0362167358398438 0.00702285766601563
0.0328559875488281 -0.043548583984375 0.0184917449951172 -0.017059326171875
0.00680160522460938 -0.0543022155761719 0.00116443634033203 -0.0133466720581055
0.0098114013671875 -0.0526351928710938 -0.00446081161499023 0.00307178497314453
0.002227783203125 -0.0577316284179688 -0.00859832763671875 0.00753498077392578
0.0175857543945313 -0.0508575439453125 -0.0197010040283203 0.00907897949218749
0.0465888977050781 -0.036285400390625 -0.0231285095214844 0.00296974182128906
0.0618667602539063 -0.000762939453125 -0.0187587738037109 -0.0183372497558594
0.0440177917480469 0.0586624145507813 -0.00471305847167968 -0.0277328491210938
0.00910949707031251 0.0771255493164063 0.0116186141967773 -0.0168046951293945
-0.0391464233398437 0.0801849365234375 -0.00500869750976563 0.00314426422119141
-0.0542716979980469 0.0598869323730469 0.00518035888671874 0.043670654296875
-0.0318183898925781 0.068145751953125 -0.0118331909179688 0.0474510192871094
0.0149459838867188 0.080352783203125 -0.00180435180664063 0.0532989501953125
0.0531539916992188 0.0401077270507812 0.019378662109375 0.0384445190429688
0.0597686767578125 -0.00128173828125 0.0230083465576172 0.0180721282958984
0.0336189270019531 -0.0407600402832031 0.0111980438232422 -4.67300415039087E-05
0.0072174072265625 -0.0515213012695313 0.00121498107910156 0.00664854049682617
0.00907516479492188 -0.0499801635742188 -0.002532958984375 0.0203437805175781
0.00180435180664062 -0.0554847717285156 -0.00791168212890625 0.0256385803222656
0.0155372619628906 -0.0484809875488281 -0.0216655731201172 0.0245304107666016
0.0436134338378906 -0.0344810485839844 -0.0264148712158203 0.0142612457275391
0.0565414428710937 0.000179290771484375 -0.0238895416259766 -0.00990867614746094
0.0370941162109375 0.0555000305175781 -0.00843048095703125 -0.0208930969238281
0.00208663940429687 0.0694503784179687 0.010127067565918 -0.00218486785888671
-0.0422286987304687 0.066650390625 -0.0188522338867188 0.0254936218261719
-0.0463485717773438 0.0340843200683594 -0.0145378112792969 0.0626029968261719
-0.03253173828125 0.0473747253417969 -0.0205535888671875 0.0604400634765625
0.00328445434570312 0.0626602172851563 -0.00786590576171875 0.0515365600585938
0.0381660461425781 0.0344581604003906 0.00675582885742188 0.0394058227539063
0.046142578125 0.00168228149414062 0.00947570800781251 0.0246658325195313
0.0274887084960938 -0.031036376953125 0.00325107574462891 0.0158662796020508
0.00642776489257813 -0.0402336120605469 0.00142860412597656 0.0242042541503906
0.00750732421875 -0.0397415161132812 0.000110626220703125 0.0352096557617188
0.00218582153320312 -0.0445327758789062 -0.00568389892578125 0.0403900146484375
0.0130500793457031 -0.0392227172851563 -0.0230674743652344 0.037994384765625
0.0364913940429688 -0.0274810791015625 -0.0302467346191406 0.023040771484375
0.0456390380859375 0.00291061401367187 -0.0288047790527344 -0.00310516357421876
0.0249443054199219 0.0481338500976563 -0.0109395980834961 -0.0168266296386719
-0.00748062133789062 0.0544509887695313 0.00772762298583984 0.00935649871826172
-0.0411949157714844 0.0440101623535156 -0.0326271057128906 0.0427131652832031
-0.0302925109863281 0.00166511535644532 -0.0263824462890625 0.0716400146484375
-0.0265083312988281 0.0184650421142578 -0.0243911743164063 0.0662002563476563
-0.00705528259277343 0.0332355499267578 -0.0113983154296875 0.0462570190429688
0.0169029235839844 0.0214481353759766 -0.0020904541015625 0.0381622314453125
0.0241584777832031 0.00327682495117188 0.000400543212890624 0.0286159515380859
0.0157032012939453 -0.016718864440918 -0.000789642333984372 0.0264759063720703
0.00438117980957031 -0.0228443145751953 0.00266265869140625 0.03668212890625
0.00469398498535156 -0.0236721038818359 0.00197219848632812 0.0438880920410156
0.00242424011230469 -0.0279960632324219 -0.0047607421875 0.0509757995605469
0.009185791015625 -0.0258579254150391 -0.0245475769042969 0.0465736389160156
0.0260524749755859 -0.0178966522216797 -0.0341014862060547 0.0283164978027344
0.0305023193359375 0.00408744812011719 -0.0337657928466797 0.000768661499023438
0.0117683410644531 0.0354804992675781 -0.0146589279174805 -0.0145444869995117
-0.0150680541992188 0.0333404541015625 0.00251197814941406 0.0163698196411133
-0.0349025726318359 0.0156002044677734 -0.0457077026367188 0.0505599975585937
0.0184612274169922 0.0151462554931641 0.0488052368164063 -0.0611190795898438
0.0136899948120117 -0.010258674621582 0.00182151794433594 -0.0228862762451172
-0.00317764282226563 -0.0135049819946289 0.0170631408691406 0.0188961029052734
-0.0115070343017578 -0.00326919555664063 0.0457305908203125 0.00365066528320313
-0.00888252258300781 0.00505256652832031 0.043975830078125 -0.0286788940429688
-0.00253105163574219 0.0102338790893555 0.0244979858398438 -0.0540695190429688
-0.00133037567138672 0.00617313385009766 -0.00205230712890624 -0.0607948303222656
-0.00141477584838867 0.00396370887756348 -0.00631713867187499 -0.0497665405273438
-0.00265407562255859 0.00339627265930176 -0.0061492919921875 -0.0433540344238281
-0.00298142433166504 -8.72611999511713E-05 -0.000389099121093749 -0.0370597839355469
-0.00124979019165039 -0.00572776794433594 -0.00101852416992188 -0.0341415405273438
0.00866603851318359 -0.00974178314208984 0.0054168701171875 -0.0418930053710938
0.0183525085449219 6.4849853515625E-05 0.0172309875488281 -0.0475807189941406
0.0219612121582031 0.0165119171142578 0.0221366882324219 -0.0681800842285156
0.01519775390625 0.0287094116210938 0.0350723266601562 -0.0795974731445313
0.000995635986328125 0.0469589233398438 0.055267333984375 -0.0526962280273438
0.0115928649902344 0.0190906524658203 0.00659370422363281 -0.0189704895019531
0.0134868621826172 0.0103883743286133 0.0195178985595703 0.0248737335205078
0.0110893249511719 0.00174427032470703 0.0490608215332031 0.00737762451171875
0.0115079879760742 -0.00396251678466797 0.0485305786132813 -0.0258827209472656
0.00515937805175781 -0.00929546356201172 0.026214599609375 -0.05377197265625
-0.00185966491699219 -0.0156927108764648 -0.00186920166015625 -0.0587387084960938
0.00135993957519531 -0.0175800323486328 -0.00648880004882813 -0.0446662902832031
-0.000617980957031251 -0.0201396942138672 -0.0084075927734375 -0.0391769409179688
0.00769424438476563 -0.0187759399414063 -0.00525856018066406 -0.0333671569824219
0.0204925537109375 -0.0146636962890625 -0.00552177429199218 -0.0306739807128906
0.0325260162353516 -0.00137138366699219 0.000919342041015624 -0.0408668518066406
0.0280380249023438 0.0289440155029297 0.0123825073242187 -0.0455169677734375
0.0174446105957031 0.04632568359375 0.018768310546875 -0.0620841979980469
-0.00410079956054688 0.058563232421875 0.0308647155761719 -0.0686454772949219
-0.0193328857421875 0.0709152221679688 0.0538063049316406 -0.0343818664550781
0.00421905517578125 0.0478057861328125 0.00836801528930664 -0.00672721862792969
0.0271949768066406 0.0394935607910156 0.0190849304199219 0.0345363616943359
0.0350990295410156 0.0115814208984375 0.0501785278320312 0.0147285461425781
0.0334262847900391 -0.0098419189453125 0.0507774353027344 -0.0183753967285156
0.0156269073486328 -0.0271358489990234 0.0262680053710938 -0.0474777221679688
-0.00022125244140625 -0.035614013671875 -0.00127029418945313 -0.0490913391113281
0.00471115112304687 -0.0366172790527344 -0.00666999816894531 -0.0327663421630859
0.000244140625000002 -0.0402946472167969 -0.00956916809082031 -0.0273838043212891
0.0140304565429688 -0.0356063842773437 -0.0119686126708984 -0.0227737426757813
0.03631591796875 -0.0255317687988281 -0.0127811431884766 -0.0223445892333984
0.0515823364257813 0.00046539306640625 -0.00634384155273437 -0.0360450744628906
0.0398750305175781 0.0480918884277344 0.00524520874023438 -0.0414085388183594
0.0168266296386719 0.0678558349609375 0.0141143798828125 -0.0503997802734375
-0.0197219848632812 0.0794448852539063 0.021148681640625 -0.0487174987792969
-0.0387496948242188 0.0831985473632813 0.044036865234375 -0.00968933105468749
-0.00852966308593751 0.07098388671875 0.00434398651123047 0.0111808776855469
0.0334739685058594 0.0668716430664062 0.0165214538574219 0.04510498046875
0.0544929504394531 0.0235977172851563 0.0463027954101563 0.0250244140625
0.0530166625976563 -0.0117988586425781 0.0479087829589844 -0.0066375732421875
0.0258026123046875 -0.0405311584472656 0.0239677429199219 -0.0351715087890625
0.00250625610351562 -0.0498542785644531 -0.000301361083984375 -0.0337047576904297
0.00670242309570313 -0.0501251220703125 -0.00614833831787109 -0.0157966613769531
-1.14440917968773E-05 -0.0543746948242188 -0.010472297668457 -0.010380744934082
0.0167808532714844 -0.0481681823730469 -0.0172004699707031 -0.00707435607910157
0.0447731018066406 -0.0352973937988281 -0.019195556640625 -0.00995063781738282
0.06298828125 -0.00146102905273438 -0.0143222808837891 -0.0287532806396484
0.0478858947753906 0.0575981140136719 -0.00122833251953125 -0.0358314514160156
0.0161590576171875 0.0794143676757813 0.0118179321289063 -0.0352821350097656
-0.0305404663085938 0.089508056640625 0.00841712951660156 -0.0233745574951172
-0.0517730712890625 0.0811386108398438 0.0263748168945312 0.0191440582275391
-0.0216293334960938 0.0804367065429687 -0.00279808044433594 0.0314750671386719
0.0309295654296875 0.0839385986328125 0.00885009765625001 0.05316162109375
0.0628738403320313 0.0349273681640625 0.0361137390136719 0.0343246459960938
0.0643882751464844 -0.00950241088867188 0.0383872985839844 0.00652313232421875
0.0325698852539063 -0.0461578369140625 0.0186328887939453 -0.0181713104248047
0.0041656494140625 -0.0564651489257813 0.000265121459960939 -0.0139350891113281
0.00749588012695312 -0.055389404296875 -0.00436830520629883 0.0037393569946289
-0.000949859619140627 -0.0605430603027344 -0.00874137878417969 0.0088510513305664
0.0159416198730469 -0.0535125732421875 -0.0200157165527344 0.0103912353515625
0.0465927124023438 -0.0402717590332031 -0.0240154266357422 0.00363159179687499
0.0651512145996094 -0.00326156616210937 -0.02099609375 -0.0190658569335938
0.0486106872558594 0.0601959228515625 -0.00635147094726562 -0.0288352966308594
0.012542724609375 0.0801315307617188 0.0112342834472656 -0.0184593200683594
-0.0374374389648437 0.0862655639648438 -0.00524663925170899 0.00296401977539063
-0.0548324584960937 0.0653343200683594 0.00645065307617187 0.0455169677734375
-0.0308456420898437 0.073028564453125 -0.0116996765136719 0.0498275756835938
0.0199050903320313 0.0841445922851563 0.000522613525390629 0.0558395385742188
0.0574264526367188 0.03961181640625 0.0216102600097656 0.0397872924804688
0.0628089904785156 -0.00460433959960938 0.0248889923095703 0.0182571411132813
0.033599853515625 -0.0437240600585938 0.0110416412353516 0.000186920166015622
0.0047760009765625 -0.0537948608398438 0.00146961212158203 0.00705480575561523
0.00710296630859375 -0.05303955078125 -0.00163078308105469 0.0216140747070312
-0.000633239746093746 -0.057830810546875 -0.00686073303222656 0.0271892547607422
0.01409912109375 -0.0510711669921875 -0.0216426849365234 0.0269870758056641
0.0436172485351563 -0.0378875732421875 -0.0277633666992187 0.0158443450927734
0.05938720703125 -0.00224685668945313 -0.0257892608642578 -0.00995826721191407
0.0416374206542969 0.0566825866699219 -0.01019287109375 -0.0219402313232422
0.00421905517578125 0.0721511840820313 0.0103349685668945 -0.0032358169555664
-0.041259765625 0.071929931640625 -0.0188369750976563 0.0270767211914063
-0.0468978881835938 0.037750244140625 -0.01318359375 0.0659065246582031
-0.0319061279296875 0.0513534545898438 -0.0198440551757813 0.0640602111816406
0.00654220581054688 0.0653419494628906 -0.00638198852539063 0.0537948608398438
0.0407905578613281 0.0343589782714844 0.00817871093750001 0.0411453247070313
0.0483055114746094 -0.000370025634765625 0.011016845703125 0.0258712768554688
0.0272369384765625 -0.033447265625 0.00402355194091797 0.016963005065918
0.00432968139648438 -0.0421524047851563 0.00285911560058594 0.0260009765625
0.00556182861328125 -0.0420494079589844 0.00186920166015625 0.0370635986328125
-0.000511169433593747 -0.0469398498535156 -0.00358200073242188 0.0431327819824219
0.0116043090820313 -0.0415802001953125 -0.0224151611328125 0.0408782958984375
0.0366897583007813 -0.0306549072265625 -0.0306682586669922 0.0254592895507812
0.0477828979492188 0.000865936279296875 -0.0305805206298828 -0.00280189514160157
0.0283851623535156 0.0490913391113281 -0.0128841400146484 -0.0174942016601562
-0.00609207153320313 0.0568008422851563 0.00900554656982422 0.00958442687988282
-0.0415573120117187 0.0480613708496094 -0.0323219299316406 0.0456008911132812
-0.0312747955322266 0.00314140319824219 -0.0254135131835938 0.076507568359375
-0.0265979766845703 0.0205001831054687 -0.0236892700195312 0.0697479248046875
-0.00584793090820312 0.0350360870361328 -0.0098419189453125 0.0480537414550781
0.0183906555175781 0.0211391448974609 -0.000633239746093747 0.040435791015625
0.0253334045410156 0.00227928161621094 0.00174713134765625 0.0298557281494141
0.0161476135253906 -0.0177192687988281 0.000276565551757812 0.0280532836914063
0.00342941284179688 -0.0237331390380859 0.00445556640625 0.0383338928222656
0.00370979309082032 -0.0250301361083984 0.0045166015625 0.0466270446777344
0.00113868713378906 -0.0297813415527344 -0.00224685668945313 0.0542869567871094
0.00824165344238281 -0.0272693634033203 -0.023834228515625 0.0500755310058594
0.0259552001953125 -0.0203800201416016 -0.0347518920898438 0.0307750701904297
0.0325717926025391 0.00293731689453125 -0.0354766845703125 0.0020599365234375
0.0135841369628906 0.0366134643554688 -0.0162229537963867 -0.0151243209838867
-0.0146408081054687 0.03582763671875 0.00372982025146484 0.0165042877197266
-0.0361213684082031 0.0180435180664062 -0.0456390380859375 0.0547943115234375
0.0195884704589844 0.0149345397949219 0.0455970764160156 -0.0659866333007813
0.0135431289672852 -0.0108718872070313 0.000181198120117189 -0.0229530334472656
-0.00393199920654297 -0.0132884979248047 0.0186767578125 0.0183200836181641
-0.0118265151977539 -0.00242996215820312 0.0471458435058594 0.00113677978515625
-0.00930595397949219 0.00626277923583984 0.0438003540039063 -0.0318832397460938
-0.00207614898681641 0.0109291076660156 0.0223274230957031 -0.05712890625
-0.000308036804199219 0.00651073455810547 -0.00621795654296875 -0.0623893737792969
-0.000788211822509766 0.00406432151794434 -0.00970840454101563 -0.0514678955078125
-0.00221753120422363 0.00361156463623047 -0.0096282958984375 -0.0449981689453125
-0.0027616024017334 -0.000574350357055664 -0.00281524658203125 -0.0386276245117188
-0.00113391876220703 -0.00591325759887695 -0.00300979614257813 -0.0355453491210937
0.00845718383789063 -0.0103569030761719 0.0018310546875 -0.0432815551757813
0.0188217163085938 -0.000667572021484375 0.0153007507324219 -0.0500984191894531
0.0235767364501953 0.0156707763671875 0.0187606811523438 -0.0714263916015625
0.0170040130615234 0.0287685394287109 0.0305404663085938 -0.0847244262695313
0.00377655029296875 0.0486297607421875 0.0525550842285156 -0.0576057434082031
0.0132541656494141 0.0194168090820313 0.00500869750976563 -0.0187301635742188
0.015254020690918 0.0101099014282227 0.0221061706542969 0.0247020721435547
0.0120735168457031 0.00157070159912109 0.0513954162597656 0.00494766235351562
0.0109596252441406 -0.00477504730224609 0.048736572265625 -0.0293693542480469
0.00453472137451172 -0.00941562652587891 0.0235061645507813 -0.0568084716796875
-0.00250911712646484 -0.0156803131103516 -0.00572586059570313 -0.060089111328125
0.0004425048828125 -0.0182991027832031 -0.01019287109375 -0.0464935302734375
-0.00209808349609375 -0.0206241607666016 -0.0111160278320313 -0.0405921936035156
0.00677490234375 -0.0196666717529297 -0.00777435302734375 -0.0342388153076172
0.0202045440673828 -0.0159950256347656 -0.00760269165039063 -0.0314579010009766
0.0335617065429688 -0.00309371948242188 -0.001495361328125 -0.04229736328125
0.0308380126953125 0.0282630920410156 0.00969696044921875 -0.0474319458007813
0.0202865600585938 0.0465278625488281 0.0150413513183594 -0.0652542114257813
-0.00111007690429687 0.0608863830566406 0.0272064208984375 -0.07293701171875
-0.0156021118164062 0.0747451782226563 0.052978515625 -0.0390090942382812
0.0071563720703125 0.0499305725097656 0.0069127082824707 -0.00726222991943359
0.0314254760742188 0.0387687683105469 0.0227451324462891 0.0342884063720703
0.037384033203125 0.00928115844726563 0.0525894165039063 0.012939453125
0.0337066650390625 -0.0123767852783203 0.051239013671875 -0.0217323303222656
0.0140495300292969 -0.0288600921630859 0.0244331359863281 -0.05035400390625
-0.00236892700195313 -0.0364341735839844 -0.00429153442382812 -0.0506439208984375
0.00216293334960938 -0.0376167297363281 -0.00920867919921875 -0.0337104797363281
-0.00268936157226563 -0.0413742065429688 -0.01214599609375 -0.0281600952148438
0.0124473571777344 -0.0378227233886719 -0.0139122009277344 -0.0227947235107422
0.0357475280761719 -0.0284881591796875 -0.0146465301513672 -0.0219631195068359
0.0535964965820313 -0.00275039672851563 -0.00942993164062499 -0.0377006530761719
0.0440788269042969 0.0475311279296875 0.00271224975585938 -0.0429115295410156
0.0214195251464844 0.0693092346191406 0.0110931396484375 -0.0529365539550781
-0.0155487060546875 0.084014892578125 0.0179176330566406 -0.0521583557128906
-0.0346450805664062 0.0886459350585938 0.043670654296875 -0.0127906799316406
-0.00459289550781249 0.0742034912109375 0.00462436676025391 0.0113391876220703
0.039764404296875 0.0671806335449219 0.0199203491210937 0.045501708984375
0.0578231811523437 0.020965576171875 0.0487899780273438 0.0234603881835938
0.05377197265625 -0.016143798828125 0.0486335754394531 -0.00966644287109375
0.0235824584960938 -0.0432472229003906 0.0225334167480469 -0.0371665954589844
-0.00140380859375 -0.0513992309570312 -0.00224494934082031 -0.0347404479980469
0.00329208374023438 -0.0521049499511719 -0.00688743591308594 -0.0161266326904297
-0.00411605834960937 -0.0559768676757813 -0.0112104415893555 -0.00985240936279297
0.0137901306152344 -0.0506172180175781 -0.0177650451660156 -0.00634002685546876
0.0440139770507813 -0.039306640625 -0.0208244323730469 -0.00912666320800781
0.06494140625 -0.00604629516601563 -0.0167675018310547 -0.0289878845214844
0.0533638000488281 0.0570831298828125 -0.003814697265625 -0.0367965698242187
0.0213470458984375 0.08087158203125 0.00973892211914063 -0.0374832153320313
-0.0262908935546875 0.0949020385742187 0.00657463073730469 -0.025177001953125
-0.0477676391601563 0.0874404907226562 0.0271549224853516 0.0178394317626953
-0.0176239013671875 0.0847625732421875 -0.00171852111816407 0.0327281951904297
0.0378494262695313 0.0846405029296875 0.013092041015625 0.0542030334472656
0.067230224609375 0.0319747924804688 0.0391464233398438 0.0333251953125
0.0658607482910156 -0.0140495300292969 0.040069580078125 0.004425048828125
0.0302925109863281 -0.0496025085449219 0.0175342559814453 -0.019195556640625
0.000545501708984378 -0.0574989318847656 -0.000194549560546876 -0.0136079788208008
0.00392532348632813 -0.0580940246582031 -0.00332117080688477 0.0034799575805664
-0.00559234619140624 -0.062042236328125 -0.00835800170898437 0.00996589660644531
0.0126838684082031 -0.0556716918945313 -0.02001953125 0.0123348236083984
0.0448989868164063 -0.0444145202636719 -0.0246295928955078 0.00508308410644531
0.0670089721679688 -0.0078277587890625 -0.022918701171875 -0.0188751220703125
0.0542373657226563 0.0587806701660156 -0.00878524780273437 -0.0291900634765625
0.0182037353515625 0.08197021484375 0.0106410980224609 -0.0200099945068359
-0.033416748046875 0.09222412109375 -0.00577926635742188 0.00330877304077149
-0.0521926879882813 0.0709152221679688 0.00888442993164062 0.0466880798339844
-0.027618408203125 0.0773773193359375 -0.0097503662109375 0.0516014099121094
0.0264129638671875 0.085052490234375 0.00450515747070313 0.0572662353515625
0.0613441467285156 0.0369529724121094 0.0246162414550781 0.0399703979492188
0.0642509460449219 -0.00954437255859375 0.0266208648681641 0.0174636840820313
0.0314979553222656 -0.0466575622558594 0.0111274719238281 0.000226974487304685
0.00113677978515625 -0.055023193359375 0.00227642059326172 0.00756692886352539
0.00349426269531251 -0.0550498962402344 0.000507354736328123 0.0227127075195312
-0.0053253173828125 -0.0594253540039063 -0.0048370361328125 0.0290012359619141
0.0108222961425781 -0.0527381896972656 -0.0206241607666016 0.0293560028076172
0.0413856506347656 -0.0422782897949219 -0.0273342132568359 0.0176124572753906
0.061187744140625 -0.00634384155273438 -0.0272750854492187 -0.00888442993164062
0.046783447265625 0.0562477111816406 -0.0118389129638672 -0.0217609405517578
0.009063720703125 0.0742950439453125 0.0107994079589844 -0.00450611114501953
-0.0384368896484375 0.0773391723632813 -0.0178909301757813 0.0289382934570313
-0.0454444885253906 0.0421028137207031 -0.010101318359375 0.069000244140625
-0.0297050476074219 0.054840087890625 -0.0169105529785156 0.0666122436523438
0.011383056640625 0.0669746398925781 -0.00357818603515625 0.0553703308105469
0.0440711975097656 0.0321426391601563 0.010894775390625 0.0419883728027344
0.0496482849121094 -0.0043487548828125 0.0132102966308594 0.0259895324707031
0.025665283203125 -0.0361289978027344 0.00458145141601563 0.0177021026611328
0.00171279907226562 -0.0430870056152344 0.00453758239746094 0.0267715454101562
0.00281524658203125 -0.0438461303710938 0.00495147705078125 0.0376472473144531
-0.00388717651367188 -0.0481948852539063 -0.001190185546875 0.0453071594238281
0.00909805297851563 -0.0428504943847656 -0.0201072692871094 0.0436515808105469
0.0349082946777344 -0.0340423583984375 -0.0302295684814453 0.0279026031494141
0.0497589111328125 -0.002349853515625 -0.0316448211669922 -0.00120925903320313
0.0325508117675781 0.0493240356445313 -0.014796257019043 -0.0165767669677734
-0.00281906127929688 0.05914306640625 0.00995540618896484 0.0082387924194336
-0.0397148132324219 0.0521316528320313 -0.0306549072265625 0.0486259460449219
-0.031494140625 0.0054779052734375 -0.0216293334960938 0.08026123046875
-0.0259056091308594 0.0226554870605469 -0.0202255249023437 0.0731887817382813
-0.00333023071289062 0.0361824035644531 -0.00748825073242188 0.0498085021972656
0.0201911926269531 0.0206031799316406 0.00153350830078125 0.0416679382324219
0.0261573791503906 0.000558853149414062 0.00413131713867188 0.0310420989990234
0.0154628753662109 -0.0196857452392578 0.00169754028320313 0.029144287109375
0.00161361694335937 -0.0240840911865234 0.00733566284179687 0.0398139953613281
0.00176811218261718 -0.0260963439941406 0.00836563110351563 0.0479507446289063
-0.00111579895019531 -0.0305995941162109 0.00122451782226562 0.0562858581542969
0.006683349609375 -0.028472900390625 -0.0211563110351563 0.0532608032226563
0.0252571105957031 -0.0222663879394531 -0.0335922241210938 0.0334548950195313
0.0334262847900391 0.0010528564453125 -0.0365943908691406 0.00418853759765625
0.0167694091796875 0.0369377136230469 -0.0179958343505859 -0.0143909454345703
-0.0130157470703125 0.0376167297363281 0.00507450103759766 0.0163183212280273
-0.0355300903320313 0.0203285217285156 -0.0431556701660156 0.0592117309570312
0.0206470489501953 0.0133266448974609 0.0409965515136719 -0.0680770874023438
0.0128393173217773 -0.0107383728027344 -0.00149726867675781 -0.0223274230957031
-0.00439453125 -0.0128803253173828 0.0200328826904297 0.0169792175292969
-0.0124597549438477 -0.001800537109375 0.0473976135253906 -0.00135421752929688
-0.00881099700927734 0.006866455078125 0.0414657592773438 -0.0340194702148438
-0.000918388366699219 0.0111103057861328 0.0190505981445312 -0.0580673217773438
0.000663757324218749 0.00664901733398438 -0.0103187561035156 -0.0617256164550781
-0.000514030456542968 0.00411367416381836 -0.0141067504882812 -0.0510215759277344
-0.00216603279113769 0.00376176834106445 -0.0131568908691406 -0.0445137023925781
-0.00276064872741699 -0.000297784805297852 -0.00569534301757813 -0.0389366149902344
-0.00140476226806641 -0.00569438934326172 -0.00529861450195312 -0.0355682373046875
0.00737667083740234 -0.0112171173095703 -0.000717163085937499 -0.0435714721679687
0.0186252593994141 -0.00163078308105469 0.0125999450683594 -0.0510139465332031
0.0240993499755859 0.0146503448486328 0.0140533447265625 -0.0725021362304688
0.0190639495849609 0.0280704498291016 0.025177001953125 -0.0866546630859375
0.0073394775390625 0.0481185913085938 0.0481491088867188 -0.0606498718261719
0.0147609710693359 0.0194664001464844 0.00331878662109375 -0.0188350677490234
0.0161142349243164 0.00967311859130859 0.0236873626708984 0.0232067108154297
0.0122032165527344 0.000491142272949219 0.0515518188476563 0.001953125
0.0105066299438477 -0.00561428070068359 0.0467376708984375 -0.0321311950683594
0.00382614135742188 -0.00962924957275391 0.0205192565917969 -0.0581779479980469
-0.00301647186279297 -0.0153703689575195 -0.00967025756835938 -0.0594635009765625
-0.000501632690429688 -0.0183525085449219 -0.0133857727050781 -0.0453224182128906
-0.00391578674316406 -0.0199298858642578 -0.0146064758300781 -0.0395660400390625
0.00588417053222656 -0.0201225280761719 -0.0103912353515625 -0.0340213775634766
0.0192165374755859 -0.0171031951904297 -0.00960922241210937 -0.0311851501464844
0.0331497192382813 -0.00526046752929688 -0.0047454833984375 -0.0423507690429688
0.0330448150634766 0.0263996124267578 0.00703048706054688 -0.0479736328125
0.0234718322753906 0.0457000732421875 0.0105743408203125 -0.0653266906738281
0.0027313232421875 0.0616378784179688 0.022125244140625 -0.0748825073242188
-0.01031494140625 0.0759353637695313 0.0494499206542969 -0.0416717529296875
0.0099029541015625 0.0502128601074219 0.00562810897827149 -0.00728416442871093
0.0344047546386719 0.0370368957519531 0.0252647399902344 0.0327663421630859
0.0379791259765625 0.0070037841796875 0.0531349182128906 0.0100975036621094
0.0327548980712891 -0.0151309967041016 0.0498886108398438 -0.0245323181152344
0.0120067596435547 -0.0296497344970703 0.0215492248535156 -0.0509872436523438
-0.00465774536132813 -0.0355873107910156 -0.0078277587890625 -0.0499076843261719
-0.000373840332031247 -0.0383491516113281 -0.0111923217773437 -0.0329933166503906
-0.00569534301757813 -0.0411949157714844 -0.0143775939941406 -0.0269680023193359
0.00999069213867188 -0.0377769470214844 -0.0151100158691406 -0.0216217041015625
0.0337123870849609 -0.0304775238037109 -0.0161380767822266 -0.0215740203857422
0.0532379150390625 -0.00634384155273438 -0.0120391845703125 -0.0374984741210938
0.0471878051757813 0.0447883605957031 7.62939453125554E-06 -0.0432281494140625
0.0251846313476562 0.067901611328125 0.00734329223632813 -0.0541954040527344
-0.0100784301757813 0.0854034423828125 0.0142745971679688 -0.0536575317382813
-0.0287017822265625 0.0908355712890625 0.0423431396484375 -0.0154800415039062
0.000167846679687493 0.0750961303710938 0.00429534912109375 0.0106172561645508
0.0447921752929688 0.0640907287597656 0.0232276916503906 0.0437812805175781
0.0593795776367188 0.0170745849609375 0.0502967834472656 0.0206413269042969
0.0523643493652344 -0.0199241638183594 0.0480766296386719 -0.0124740600585938
0.0205612182617187 -0.0445137023925781 0.0202140808105469 -0.0379371643066406
-0.0046539306640625 -0.0507240295410156 -0.00463104248046875 -0.0340862274169922
-0.000488281249999999 -0.0528106689453125 -0.00753688812255859 -0.0160245895385742
-0.00817108154296874 -0.055389404296875 -0.0118780136108398 -0.00903129577636719
0.0104255676269531 -0.0510597229003906 -0.0186100006103516 -0.00508308410644531
0.0410079956054688 -0.0419578552246094 -0.0214862823486328 -0.00772476196289062
0.064788818359375 -0.0103225708007812 -0.0195198059082031 -0.0282859802246094
0.0579452514648438 0.053619384765625 -0.00648117065429688 -0.0363273620605469
0.0262832641601563 0.0795822143554687 0.00727081298828126 -0.0384025573730469
-0.0196990966796875 0.0970687866210938 0.00475883483886719 -0.0254402160644531
-0.0422134399414063 0.0909500122070313 0.0275535583496094 0.01629638671875
-0.012481689453125 0.08624267578125 -0.000675201416015623 0.0323619842529297
0.0443649291992188 0.0821609497070313 0.0172271728515625 0.0528526306152344
0.0693359375 0.0272674560546875 0.0404548645019531 0.0309677124023438
0.0647506713867188 -0.0194015502929688 0.0399513244628906 0.00228500366210937
0.0268707275390625 -0.0511970520019531 0.0162792205810547 -0.0195026397705078
-0.00381088256835937 -0.0571823120117188 -0.00138759613037109 -0.0134267807006836
-0.000263214111328126 -0.0582656860351562 -0.00242233276367188 0.00379252433776855
-0.0101356506347656 -0.0613479614257813 -0.00736427307128906 0.0108814239501953
0.00881576538085938 -0.0562744140625 -0.0189208984375 0.0138702392578125
0.0414772033691406 -0.04718017578125 -0.0241107940673828 0.00676345825195312
0.0668067932128906 -0.01251220703125 -0.024871826171875 -0.0176467895507813
0.0588874816894531 0.0555419921875 -0.0105743408203125 -0.0282745361328125
0.02301025390625 0.0810623168945313 0.00901031494140625 -0.0209770202636719
-0.0277786254882812 0.0951766967773438 -0.00546884536743164 0.00350141525268555
-0.04718017578125 0.0749282836914062 0.0108871459960937 0.0458641052246094
-0.022613525390625 0.0796661376953125 -0.00719833374023437 0.0522804260253906
0.0327606201171875 0.08331298828125 0.00788497924804688 0.0560455322265625
0.0635910034179688 0.0327224731445313 0.0269432067871094 0.0387115478515625
0.0633430480957031 -0.0140838623046875 0.0277786254882813 0.0160770416259766
0.0280494689941406 -0.0486946105957031 0.0111570358276367 0.000263214111328122
-0.00209426879882813 -0.0543289184570313 0.00260019302368164 0.00787782669067382
-0.000595092773437499 -0.0552444458007813 0.00275421142578125 0.0221538543701172
-0.0100135803222656 -0.0585250854492188 -0.00269126892089844 0.0298271179199219
0.00748062133789062 -0.05303955078125 -0.0185680389404297 0.0307331085205078
0.0386581420898438 -0.0447921752929688 -0.0260238647460938 0.0189285278320312
0.06060791015625 -0.0108718872070313 -0.0279006958007813 -0.00730705261230469
0.0505523681640625 0.0532608032226562 -0.0133323669433594 -0.0205001831054688
0.0135116577148438 0.0737457275390625 0.0103702545166016 -0.0052499771118164
-0.0327301025390625 0.0802001953125 -0.0157279968261719 0.0296249389648438
-0.042633056640625 0.0449256896972656 -0.00616073608398437 0.0696487426757813
-0.025787353515625 0.056610107421875 -0.0134124755859375 0.0669670104980469
0.0162925720214844 0.0656547546386719 0.000301361083984372 0.0548019409179688
0.045562744140625 0.0293045043945313 0.0131607055664062 0.0414237976074219
0.0488739013671875 -0.00782394409179688 0.0146770477294922 0.0258083343505859
0.0232582092285156 -0.0369644165039063 0.00527191162109375 0.0179176330566406
-0.00143051147460937 -0.0421218872070313 0.00653266906738281 0.0270614624023438
-0.000461578369140626 -0.0438957214355469 0.00804901123046875 0.0382080078125
-0.0079803466796875 -0.0473976135253906 0.00295639038085938 0.0453834533691406
0.00592803955078125 -0.0432319641113281 -0.0169830322265625 0.0456695556640625
0.0321846008300781 -0.0364341735839844 -0.0281524658203125 0.0291023254394531
0.049285888671875 -0.00621795654296875 -0.0317611694335938 0.000820159912109378
0.0361785888671875 0.0473213195800781 -0.0157623291015625 -0.0158882141113281
0.00128555297851563 0.0588493347167969 0.0104408264160156 0.0073843002319336
-0.0359840393066406 0.0551872253417969 -0.0270156860351563 0.0502395629882813
-0.0305576324462891 0.00768089294433594 -0.0170974731445313 0.0816650390625
-0.0243072509765625 0.0239429473876953 -0.0158843994140625 0.0739517211914063
-0.000888824462890626 0.0361709594726562 -0.00510025024414063 0.050048828125
0.02093505859375 0.0189151763916016 0.00372314453125 0.0411376953125
0.0258560180664063 -0.001800537109375 0.00531387329101562 0.0309181213378906
0.0140209197998047 -0.0205020904541016 0.00336837768554688 0.0297584533691406
-0.000501632690429687 -0.0238304138183594 0.0102310180664063 0.03924560546875
-0.0001678466796875 -0.0258979797363281 0.0118904113769531 0.0469436645507813
-0.00359916687011719 -0.0303325653076172 0.00594329833984375 0.056549072265625
0.00460243225097656 -0.0281257629394531 -0.0175933837890625 0.0553016662597656
0.0233020782470703 -0.0238227844238281 -0.031768798828125 0.0353317260742188
0.0336532592773438 -0.00162315368652344 -0.0359687805175781 0.00635147094726562
0.0194206237792969 0.0357704162597656 -0.0193767547607422 -0.0131378173828125
-0.0104560852050781 0.0383071899414062 0.00646591186523437 0.0150985717773438
-0.0342445373535156 0.0227584838867188 -0.0388717651367188 0.0612564086914062
0.0206260681152344 0.0124778747558594 0.0366477966308594 -0.0677337646484375
0.0122213363647461 -0.0109481811523437 -0.00238609313964843 -0.0214214324951172
-0.00457191467285156 -0.0123386383056641 0.0206527709960938 0.0160255432128906
-0.0117979049682617 -0.000400543212890624 0.0459136962890625 -0.00344085693359375
-0.00828313827514649 0.00742959976196289 0.0391578674316406 -0.03466796875
-5.43594360351565E-05 0.0111398696899414 0.0167350769042969 -0.0580787658691406
0.00107860565185547 0.00585174560546875 -0.0126876831054688 -0.059783935546875
-0.000352621078491211 0.00356912612915039 -0.0163383483886719 -0.0490608215332031
-0.0019075870513916 0.00344586372375488 -0.0154953002929688 -0.0427665710449219
-0.00237584114074707 -3.48091125488277E-05 -0.0074005126953125 -0.0382308959960938
-0.00137805938720703 -0.00521993637084961 -0.00664138793945312 -0.0346584320068359
0.00665187835693359 -0.0112552642822266 -0.0024261474609375 -0.0430068969726563
0.0177993774414063 -0.00215339660644531 0.010772705078125 -0.0504264831542969
0.0242252349853516 0.0134716033935547 0.0108108520507813 -0.0712203979492188
0.0197029113769531 0.0265941619873047 0.0210800170898438 -0.0855712890625
0.00876617431640625 0.0466995239257813 0.0438880920410156 -0.0604782104492187
0.015289306640625 0.0189037322998047 0.00176620483398438 -0.0178718566894531
0.0169200897216797 0.00834083557128906 0.0244960784912109 0.0217056274414063
0.0120134353637695 -3.814697265625E-05 0.0506477355957031 0.0002593994140625
0.00996494293212891 -0.00569248199462891 0.0447006225585938 -0.032470703125
0.00366687774658203 -0.00952720642089844 0.0178794860839844 -0.0576667785644531
-0.00391101837158203 -0.0151968002319336 -0.0122604370117188 -0.0577430725097656
-0.00141716003417969 -0.0181980133056641 -0.0153579711914063 -0.0439720153808594
-0.00444793701171875 -0.0193195343017578 -0.0164604187011719 -0.0382308959960938
0.00492668151855469 -0.0198268890380859 -0.0116195678710938 -0.0333251953125
0.0183048248291016 -0.0174713134765625 -0.0108299255371094 -0.0300216674804688
0.0322017669677734 -0.0068817138671875 -0.00682830810546875 -0.0416717529296875
0.03302001953125 0.0249843597412109 0.00508880615234375 -0.0467262268066406
0.0240821838378906 0.0441017150878906 0.00702285766601562 -0.0646781921386719
0.005523681640625 0.0606040954589844 0.0183944702148438 -0.0742568969726563
-0.006866455078125 0.0750350952148438 0.0458183288574219 -0.0425071716308594
0.0121269226074219 0.0497207641601563 0.00466251373291016 -0.00719547271728515
0.0359115600585938 0.0347175598144531 0.0263938903808594 0.0310955047607422
0.0377464294433594 0.00516510009765625 0.0530281066894531 0.00795364379882812
0.0313224792480469 -0.0161914825439453 0.0478477478027344 -0.0255966186523438
0.0103034973144531 -0.0288066864013672 0.0192527770996094 -0.0509986877441406
-0.00658226013183594 -0.0346469879150391 -0.0096282958984375 -0.0485000610351563
-0.00220870971679688 -0.0380439758300781 -0.0125255584716797 -0.0321712493896484
-0.00795745849609375 -0.0395317077636719 -0.0157012939453125 -0.0261764526367188
0.00806808471679688 -0.0377731323242187 -0.0160102844238281 -0.0210742950439453
0.0315418243408203 -0.0313034057617188 -0.0168209075927734 -0.0206012725830078
0.0522918701171875 -0.00856399536132813 -0.0137214660644531 -0.0365028381347656
0.0485305786132812 0.0422630310058594 -0.00175857543945312 -0.0422019958496094
0.02685546875 0.06585693359375 0.00494003295898437 -0.0530853271484375
-0.00635528564453124 0.0849838256835938 0.0110893249511719 -0.0531234741210937
-0.0242691040039062 0.0909881591796875 0.0394439697265625 -0.0163726806640625
0.00324249267578125 0.0742111206054688 0.00380897521972656 0.0108547210693359
0.047607421875 0.0608062744140625 0.0249824523925781 0.0418434143066406
0.0590705871582031 0.0142173767089844 0.0500946044921875 0.01861572265625
0.0507621765136719 -0.0222702026367187 0.0466499328613281 -0.0133514404296875
0.018157958984375 -0.0439300537109375 0.0182571411132812 -0.0372543334960937
-0.00713348388671875 -0.0489921569824219 -0.00551223754882813 -0.0327415466308594
-0.002777099609375 -0.0516586303710938 -0.00763130187988281 -0.0151567459106445
-0.0111656188964844 -0.0538368225097656 -0.0118865966796875 -0.00818538665771485
0.0080413818359375 -0.0503501892089844 -0.018585205078125 -0.00406837463378907
0.0380134582519531 -0.0427932739257813 -0.0212841033935547 -0.00729560852050781
0.0632095336914063 -0.0132064819335938 -0.0203857421875 -0.0272598266601562
0.0591850280761719 0.0507278442382813 -0.00764083862304687 -0.0351715087890625
0.02880859375 0.0775070190429688 0.00508880615234376 -0.0381813049316406
-0.0155181884765625 0.096466064453125 0.00334739685058594 -0.0255012512207031
-0.0375442504882813 0.0909957885742188 0.0268020629882812 0.0147228240966797
-0.00843048095703124 0.0853729248046875 -0.000675201416015629 0.0319442749023438
0.0476455688476563 0.078338623046875 0.01849365234375 0.0501213073730469
0.0688819885253906 0.0238990783691406 0.040740966796875 0.0293693542480469
0.0622749328613281 -0.0220451354980469 0.0395088195800781 0.0012664794921875
0.0243186950683594 -0.0511322021484375 0.0153617858886719 -0.0189723968505859
-0.00603866577148437 -0.05535888671875 -0.00155162811279297 -0.012568473815918
-0.00312423706054688 -0.0573692321777344 -0.00219964981079102 0.00371909141540527
-0.0130805969238281 -0.0599365234375 -0.0067281723022461 0.0107755661010742
0.00589752197265625 -0.0553703308105469 -0.0178413391113281 0.0142631530761719
0.0383872985839844 -0.0479545593261719 -0.0234470367431641 0.00728988647460937
0.0648460388183594 -0.0154533386230469 -0.0250167846679687 -0.0165519714355469
0.0603103637695313 0.0518264770507813 -0.0110912322998047 -0.0274734497070312
0.025421142578125 0.078460693359375 0.00783538818359376 -0.0212631225585938
-0.022674560546875 0.0948715209960938 -0.00527143478393555 0.00319004058837891
-0.0429153442382813 0.075103759765625 0.0115928649902344 0.0444107055664063
-0.0191650390625 0.0792465209960938 -0.00601959228515625 0.0512580871582031
0.0359954833984375 0.0797958374023438 0.00956344604492187 0.0541496276855469
0.0639991760253906 0.0293922424316406 0.0271797180175781 0.0369300842285156
0.0611076354980469 -0.0167198181152344 0.0280036926269531 0.0148906707763672
0.0254974365234375 -0.048797607421875 0.0107221603393555 0.000391960144042966
-0.0045013427734375 -0.052398681640625 0.00281953811645508 0.00793027877807617
-0.00325393676757813 -0.0541458129882813 0.0041351318359375 0.0213947296142578
-0.0128326416015625 -0.0568885803222656 -0.001251220703125 0.0294094085693359
0.00448226928710938 -0.0518951416015625 -0.016387939453125 0.0314159393310547
0.0351715087890625 -0.0452919006347656 -0.0243968963623047 0.0195827484130859
0.0588569641113281 -0.0136146545410156 -0.02825927734375 -0.00632095336914063
0.0525283813476562 0.0501136779785156 -0.0137805938720703 -0.0196456909179687
0.0163650512695313 0.0716781616210938 0.00960540771484375 -0.00590896606445312
-0.0288009643554687 0.080322265625 -0.0139141082763672 0.0295448303222656
-0.0391159057617188 0.0454177856445312 -0.00427246093750001 0.0684928894042969
-0.0233001708984375 0.0564651489257813 -0.0120620727539062 0.0659942626953125
0.0190620422363281 0.0635986328125 0.00168609619140625 0.0528907775878906
0.0462379455566406 0.026458740234375 0.0140647888183594 0.0398674011230469
0.0473823547363281 -0.0100250244140625 0.0148429870605469 0.024871826171875
0.0206832885742188 -0.0374717712402344 0.00580215454101562 0.0183868408203125
-0.00296783447265625 -0.0405082702636719 0.007781982421875 0.0265617370605469
-0.00246429443359375 -0.0427818298339844 0.010345458984375 0.0364112854003906
-0.00963211059570313 -0.0459823608398438 0.00526046752929687 0.0446357727050781
0.00432205200195313 -0.0424346923828125 -0.014739990234375 0.0455703735351563
0.0296897888183594 -0.0369491577148438 -0.026336669921875 0.0293598175048828
0.0482368469238281 -0.00827789306640625 -0.0310878753662109 0.00161743164062499
0.0380973815917969 0.0449790954589844 -0.0157499313354492 -0.0145368576049805
0.003082275390625 0.0578117370605469 0.0101327896118164 0.00594520568847657
-0.0328636169433594 0.0558853149414062 -0.0244522094726563 0.0498619079589844
-0.0297527313232422 0.00858116149902344 -0.0133743286132812 0.0805435180664062
-0.0229587554931641 0.0241756439208984 -0.0133209228515625 0.0728759765625
0.000991821289062498 0.0353546142578125 -0.00372314453125 0.0486221313476563
0.0210609436035156 0.0174713134765625 0.00528335571289063 0.0406036376953125
0.0251350402832031 -0.00274276733398438 0.00691604614257813 0.0304508209228516
0.0127716064453125 -0.0205783843994141 0.00435447692871093 0.0296535491943359
-0.00112152099609375 -0.023101806640625 0.0120849609375 0.0383720397949219
-0.00152015686035156 -0.0254631042480469 0.0140838623046875 0.0453262329101562
-0.00558853149414062 -0.0293521881103516 0.00903320312499999 0.0552215576171875
0.00320243835449219 -0.0280818939208984 -0.0146484375 0.0549812316894531
0.0208606719970703 -0.0242938995361328 -0.0294532775878906 0.035552978515625
0.0325469970703125 -0.00341796875 -0.0352249145507813 0.0071868896484375
0.0209121704101563 0.0345821380615234 -0.0191764831542969 -0.01220703125
-0.0091705322265625 0.0381240844726563 0.0068206787109375 0.0140972137451172
-0.0325946807861328 0.0241298675537109 -0.0351829528808594 0.0609855651855469
0.02001953125 0.0117645263671875 0.0347709655761719 -0.0666923522949219
0.0120925903320313 -0.0106315612792969 -0.00270843505859375 -0.0203590393066406
-0.00450420379638672 -0.0119810104370117 0.0202732086181641 0.0158824920654297
-0.0118303298950195 -0.000699996948242186 0.0452613830566406 -0.00358963012695313
-0.0081787109375 0.00777292251586914 0.0382194519042969 -0.0340766906738281
0.0002899169921875 0.01092529296875 0.0158004760742188 -0.0575752258300781
0.000884532928466796 0.00543117523193359 -0.0137443542480469 -0.0589790344238281
-0.000506162643432617 0.00321340560913086 -0.0173301696777344 -0.0483512878417969
-0.00174880027770996 0.0031890869140625 -0.016998291015625 -0.04217529296875
-0.00230264663696289 -0.000116348266601563 -0.007659912109375 -0.03759765625
-0.0011134147644043 -0.00545740127563477 -0.00712966918945312 -0.0344715118408203
0.00634288787841797 -0.0109462738037109 -0.00318145751953125 -0.0419921875
0.0177040100097656 -0.001953125 0.00993728637695313 -0.0494270324707031
0.0240211486816406 0.0133991241455078 0.00958633422851563 -0.0695877075195313
0.0197029113769531 0.0262393951416016 0.0195083618164062 -0.08465576171875
0.00951385498046876 0.0464134216308594 0.0413970947265625 -0.0597724914550781
0.0153884887695312 0.0187015533447266 0.00118255615234375 -0.0172863006591797
0.0170621871948242 0.00826263427734375 0.0241622924804688 0.0209255218505859
0.0119352340698242 -0.000197410583496094 0.0497169494628906 0.00032806396484375
0.00952720642089844 -0.00567245483398438 0.0436172485351563 -0.0326309204101563
0.00371074676513672 -0.00923728942871094 0.0171852111816406 -0.0567054748535156
-0.00430870056152344 -0.0151329040527344 -0.01287841796875 -0.056304931640625
-0.00189781188964844 -0.0181198120117187 -0.0164070129394531 -0.0433273315429688
-0.0048828125 -0.0190315246582031 -0.0176811218261719 -0.0373077392578125
0.00429916381835938 -0.0195560455322266 -0.0121994018554688 -0.0327529907226563
0.0180568695068359 -0.0173416137695313 -0.0113315582275391 -0.0298271179199219
0.0316562652587891 -0.00742149353027344 -0.00754165649414062 -0.0409927368164063
0.0332698822021484 0.0243015289306641 0.00470352172851563 -0.0464630126953125
0.0243148803710938 0.0430908203125 0.00613021850585938 -0.0635910034179688
0.00594711303710938 0.0600128173828125 0.0167770385742188 -0.07354736328125
-0.00580596923828126 0.0739059448242188 0.0435104370117188 -0.0419692993164062
0.0126609802246094 0.0487747192382812 0.00371646881103516 -0.00684165954589843
0.0368537902832031 0.0336647033691406 0.0263271331787109 0.029632568359375
0.0370674133300781 0.00454330444335938 0.0516853332519531 0.00747299194335938
0.0302486419677734 -0.0169124603271484 0.0470771789550781 -0.0254631042480469
0.00993728637695313 -0.0284271240234375 0.0182991027832031 -0.0498733520507813
-0.00689315795898438 -0.0339813232421875 -0.0106735229492187 -0.0474090576171875
-0.00312423706054688 -0.0373497009277344 -0.0128879547119141 -0.0320186614990234
-0.00828933715820313 -0.0386238098144531 -0.0160064697265625 -0.0251941680908203
0.007354736328125 -0.037200927734375 -0.0161361694335938 -0.0205116271972656
0.0307559967041016 -0.0312976837158203 -0.0167961120605469 -0.0201511383056641
0.05120849609375 -0.00941848754882813 -0.0145797729492187 -0.0356788635253906
0.0485916137695312 0.0410881042480469 -0.00235748291015624 -0.0413360595703125
0.0273780822753906 0.064361572265625 0.00372314453125 -0.0521049499511719
-0.00464630126953125 0.0844650268554688 0.0102157592773438 -0.0527801513671875
-0.02197265625 0.0898284912109375 0.0377197265625 -0.0163803100585937
0.00444793701171875 0.0735855102539063 0.00285053253173828 0.0108089447021484
0.0481834411621094 0.0590133666992188 0.0248603820800781 0.0395469665527344
0.0582962036132812 0.012969970703125 0.0491485595703125 0.0177268981933594
0.0493125915527344 -0.0223731994628906 0.0458145141601562 -0.0134735107421875
0.0167236328125 -0.0434341430664063 0.017822265625 -0.0364990234375
-0.0077056884765625 -0.04779052734375 -0.00632476806640625 -0.0319843292236328
-0.004180908203125 -0.0510101318359375 -0.0078134536743164 -0.0149250030517578
-0.012054443359375 -0.0522613525390625 -0.0118808746337891 -0.00787639617919923
0.0069122314453125 -0.0490646362304688 -0.017913818359375 -0.00423049926757813
0.0363121032714844 -0.0424995422363281 -0.02099609375 -0.00651741027832032
0.0616264343261719 -0.0145530700683594 -0.0209827423095703 -0.0269660949707031
0.0595321655273438 0.0491218566894531 -0.00775527954101562 -0.0344200134277344
0.0293731689453125 0.076019287109375 0.00426101684570313 -0.0373649597167969
-0.0134735107421875 0.09613037109375 0.00254440307617188 -0.0253963470458984
-0.034881591796875 0.0897369384765625 0.0255851745605469 0.0143241882324219
-0.0076141357421875 0.0848922729492188 -0.0009765625 0.0313262939453125
0.0488433837890625 0.0762939453125 0.018524169921875 0.0485877990722656
0.0684280395507813 0.0219688415527344 0.0398826599121094 0.0287017822265625
0.0603370666503906 -0.0223617553710937 0.0387077331542969 0.000789642333984374
0.0222320556640625 -0.0500984191894531 0.0149154663085937 -0.0183029174804688
-0.00690460205078125 -0.0540428161621094 -0.00160598754882812 -0.0126981735229492
-0.00433349609374999 -0.0564231872558594 -0.0017707347869873 0.00346922874450683
-0.014129638671875 -0.0574913024902344 -0.00624465942382813 0.0111169815063477
0.00470352172851563 -0.053924560546875 -0.0176010131835938 0.0146217346191406
0.0366973876953125 -0.0473594665527344 -0.02301025390625 0.0072479248046875
0.0631523132324219 -0.0171165466308594 -0.0255661010742187 -0.0165042877197266
0.0608291625976563 0.0503005981445313 -0.0111179351806641 -0.0263614654541016
0.0258865356445312 0.0769577026367187 0.00722122192382813 -0.0212306976318359
-0.020965576171875 0.0944747924804688 -0.0050663948059082 0.00315237045288086
-0.0408096313476562 0.0742645263671875 0.0112152099609375 0.0437850952148438
-0.0174942016601562 0.0784378051757813 -0.00619888305664063 0.0502891540527344
0.037109375 0.0778732299804688 0.00971221923828126 0.052154541015625
0.0630569458007813 0.0277976989746094 0.0270652770996094 0.036224365234375
0.0598793029785156 -0.0175933837890625 0.0276966094970703 0.0146827697753906
0.0236434936523438 -0.0475311279296875 0.0106067657470703 0.0013275146484375
-0.00543594360351563 -0.0512123107910156 0.00321292877197266 0.0078883171081543
-0.00437545776367188 -0.0536041259765625 0.00497627258300781 0.0211524963378906
-0.0138473510742188 -0.0551185607910156 0.000225067138671877 0.0289897918701172
0.00357055664062501 -0.0508460998535156 -0.0156784057617187 0.0314540863037109
0.0333328247070313 -0.0452308654785156 -0.0243434906005859 0.0192184448242188
0.0574378967285156 -0.0145492553710937 -0.0279445648193359 -0.00600051879882813
0.0526084899902344 0.0483818054199219 -0.0138149261474609 -0.0191078186035156
0.0167160034179687 0.0704498291015625 0.00958251953125 -0.00676727294921875
-0.0267791748046875 0.0803146362304688 -0.0133533477783203 0.0289325714111328
-0.0373077392578125 0.0453453063964844 -0.00382232666015625 0.0674095153808594
-0.0221710205078125 0.0558204650878906 -0.0108146667480469 0.0649070739746094
0.0200271606445312 0.0620002746582031 0.00189590454101563 0.0513839721679688
0.0450401306152344 0.0253944396972656 0.0141983032226563 0.0392951965332031
0.0459060668945313 -0.0104637145996094 0.015533447265625 0.0242424011230469
0.0195808410644531 -0.0368537902832031 0.00616073608398438 0.0181922912597656
-0.00373458862304688 -0.0395355224609375 0.008453369140625 0.0263538360595703
-0.00338363647460938 -0.0423355102539063 0.0114173889160156 0.0352287292480469
-0.010711669921875 -0.0450401306152344 0.00626754760742187 0.0437889099121094
0.00324630737304687 -0.0413475036621094 -0.0135421752929687 0.0452346801757813
0.0280914306640625 -0.03662109375 -0.0258083343505859 0.0293636322021484
0.0465927124023437 -0.00913619995117188 -0.0310993194580078 0.002105712890625
0.0384101867675781 0.0435676574707031 -0.0155744552612305 -0.0143289566040039
0.00395965576171875 0.0568733215332031 0.0101747512817383 0.00553131103515625
-0.0312080383300781 0.0556449890136719 -0.0227928161621094 0.0485877990722656
-0.0286674499511719 0.00841140747070312 -0.012481689453125 0.0792694091796875
-0.0219345092773437 0.0240573883056641 -0.012420654296875 0.0716552734375
0.00194931030273437 0.0344753265380859 -0.00393295288085938 0.0475578308105469
0.0206489562988281 0.0168476104736328 0.00505447387695313 0.0401687622070313
0.02423095703125 -0.00287628173828125 0.00702285766601562 0.0297565460205078
0.0122470855712891 -0.0203418731689453 0.00444221496582031 0.0298290252685547
-0.00133705139160156 -0.0223007202148438 0.0128250122070313 0.0376014709472656
-0.00230026245117188 -0.0250320434570313 0.0154571533203125 0.0443954467773438
-0.00591659545898438 -0.0288658142089844 0.0105514526367188 0.054046630859375
0.00251388549804687 -0.0272731781005859 -0.01361083984375 0.0543403625488281
0.0202369689941406 -0.0242023468017578 -0.0284385681152344 0.03515625
0.0318584442138672 -0.00357627868652344 -0.0342807769775391 0.00724792480468751
0.0213146209716797 0.0334529876708984 -0.0190372467041016 -0.0119094848632812
-0.00868988037109375 0.0377655029296875 0.00707530975341797 0.0131072998046875
-0.0312385559082031 0.0242710113525391 -0.033599853515625 0.0597419738769531
0.0195446014404297 0.0119037628173828 0.0341453552246094 -0.0661468505859375
0.0123186111450195 -0.0104970932006836 -0.00319862365722656 -0.0205593109130859
-0.00394058227539063 -0.0120382308959961 0.0204792022705078 0.0158481597900391
-0.011749267578125 -0.000703811645507815 0.0450096130371094 -0.00369644165039063
-0.00752973556518555 0.00788068771362305 0.038665771484375 -0.0337905883789063
0.000944137573242188 0.0105724334716797 0.0159111022949219 -0.0574836730957031
0.00122451782226563 0.00522947311401367 -0.013916015625 -0.0589447021484375
-0.000274658203125 0.00295710563659668 -0.0178451538085937 -0.0486679077148438
-0.00183749198913574 0.00305747985839844 -0.0172653198242187 -0.0420341491699219
-0.00235629081726074 -0.000366687774658203 -0.00817489624023437 -0.0382537841796875
-0.0008697509765625 -0.00530052185058594 -0.00700759887695313 -0.0343914031982422
0.00647163391113281 -0.0108671188354492 -0.00343704223632812 -0.0421981811523438
0.0175504684448242 -0.00187206268310547 0.0102272033691406 -0.0494117736816406
0.0240688323974609 0.0139255523681641 0.009735107421875 -0.069610595703125
0.0198993682861328 0.0262069702148438 0.019439697265625 -0.0843276977539063
0.00923919677734375 0.0464859008789063 0.0410575866699219 -0.058990478515625
0.0156536102294922 0.0190811157226563 0.00033378601074219 -0.0172605514526367
0.0173711776733398 0.0084686279296875 0.0243854522705078 0.0206680297851563
0.0119590759277344 -0.000410079956054688 0.0496368408203125 0.00023651123046875
0.00969028472900391 -0.00545120239257813 0.0437202453613281 -0.0321197509765625
0.00373172760009766 -0.00943756103515625 0.017486572265625 -0.0569610595703125
-0.0039987564086914 -0.0151262283325195 -0.0132789611816406 -0.0565834045410156
-0.00228118896484375 -0.0188198089599609 -0.0167007446289062 -0.0437660217285156
-0.00487709045410156 -0.0190830230712891 -0.0181617736816406 -0.0377426147460938
0.00452423095703125 -0.0195713043212891 -0.0121917724609375 -0.0330276489257813
0.0178947448730469 -0.0174064636230469 -0.0106697082519531 -0.0299644470214844
0.0318660736083984 -0.00747489929199219 -0.00769805908203125 -0.0411338806152344
0.0329551696777344 0.0245780944824219 0.00490188598632813 -0.0461273193359375
0.0239677429199219 0.043670654296875 0.00600433349609375 -0.0636672973632813
0.00619125366210938 0.0605201721191406 0.0167388916015625 -0.0739974975585938
-0.00597381591796874 0.0740966796875 0.0428504943847656 -0.0414581298828125
0.0127372741699219 0.0498886108398438 0.00285243988037109 -0.00658845901489258
0.0372123718261719 0.03363037109375 0.0261554718017578 0.0294132232666016
0.0371742248535156 0.00432968139648438 0.0518646240234375 0.00798797607421875
0.0298881530761719 -0.0169582366943359 0.0470733642578125 -0.0247955322265625
0.00991058349609375 -0.0284042358398438 0.0187492370605469 -0.0497627258300781
-0.00708389282226563 -0.0337200164794922 -0.0106735229492188 -0.0471649169921875
-0.00379180908203125 -0.0378684997558594 -0.0134181976318359 -0.0319423675537109
-0.00880813598632812 -0.0389747619628906 -0.0163612365722656 -0.0253829956054688
0.00725555419921875 -0.0369338989257813 -0.0164279937744141 -0.0209159851074219
0.0303363800048828 -0.031097412109375 -0.0170440673828125 -0.0204086303710938
0.0511627197265625 -0.00979232788085938 -0.0151710510253906 -0.0363616943359375
0.0493316650390625 0.0415763854980469 -0.0020599365234375 -0.0415267944335938
0.027374267578125 0.0649223327636719 0.00366592407226563 -0.05242919921875
-0.00473785400390626 0.0849761962890625 0.0102386474609375 -0.0527229309082031
-0.0223007202148438 0.0898971557617188 0.0368690490722656 -0.0158767700195312
0.00418853759765625 0.07415771484375 0.00192356109619141 0.0109653472900391
0.0493850708007812 0.0589103698730469 0.0240325927734375 0.0391197204589844
0.0586318969726562 0.0124664306640625 0.0488929748535156 0.0183563232421875
0.0489959716796875 -0.02301025390625 0.0462913513183594 -0.0127792358398438
0.0166778564453125 -0.0432167053222656 0.0185279846191406 -0.0364646911621094
-0.00788497924804687 -0.047607421875 -0.0065460205078125 -0.0322418212890625
-0.0045166015625 -0.0515060424804687 -0.00813579559326172 -0.0151815414428711
-0.0126762390136719 -0.0518531799316406 -0.0122814178466797 -0.0079488754272461
0.00659942626953125 -0.04901123046875 -0.0178756713867188 -0.00370597839355469
0.0363044738769531 -0.0424880981445313 -0.0212268829345703 -0.00709724426269532
0.06195068359375 -0.0145912170410156 -0.0218925476074219 -0.0277538299560547
0.0604324340820312 0.0492286682128906 -0.00760269165039062 -0.0341796875
0.0292282104492187 0.0765914916992188 0.00410842895507813 -0.037689208984375
-0.0135498046875 0.0968399047851562 0.00268936157226562 -0.0255451202392578
-0.0348739624023438 0.090057373046875 0.0243110656738281 0.0147495269775391
-0.00730133056640625 0.0855484008789063 -0.00176239013671875 0.0318031311035156
0.0493392944335938 0.0759353637695313 0.0177040100097656 0.0479240417480469
0.0686264038085938 0.0221366882324219 0.0400428771972656 0.0291213989257813
0.0603713989257813 -0.0231170654296875 0.0392417907714844 0.0012664794921875
0.0224571228027344 -0.0502204895019531 0.0152320861816406 -0.0176906585693359
-0.0066070556640625 -0.0541038513183594 -0.00160980224609375 -0.0121355056762695
-0.00484466552734375 -0.0572433471679687 -0.0014338493347168 0.00352358818054199
-0.014984130859375 -0.0577011108398438 -0.00573444366455078 0.0109443664550781
0.00485992431640626 -0.0537300109863281 -0.0174131393432617 0.0150470733642578
0.0360603332519531 -0.0475349426269531 -0.0235080718994141 0.00705146789550781
0.0632781982421875 -0.0171585083007813 -0.0259723663330078 -0.0167007446289062
0.0617103576660156 0.0505599975585938 -0.0109958648681641 -0.0266571044921875
0.025726318359375 0.0773391723632813 0.00706100463867188 -0.021728515625
-0.0204010009765625 0.0950851440429688 -0.00533962249755859 0.00301361083984376
-0.0406341552734375 0.0740966796875 0.00997543334960938 0.0443878173828125
-0.0178451538085938 0.0788192749023438 -0.0071563720703125 0.050750732421875
0.0373382568359375 0.0774078369140625 0.00872039794921876 0.0519676208496094
0.0629310607910156 0.027618408203125 0.0264549255371094 0.0370559692382812
0.0597305297851563 -0.0180015563964844 0.0275211334228516 0.0151729583740234
0.0238723754882813 -0.047821044921875 0.0110692977905273 0.0018777847290039
-0.00555801391601563 -0.0511322021484375 0.00362682342529297 0.00817346572875976
-0.00454330444335938 -0.0541954040527344 0.00509452819824219 0.0207672119140625
-0.0144271850585938 -0.0549850463867188 0.000461578369140626 0.0286922454833984
0.00321578979492187 -0.0507278442382813 -0.0153865814208984 0.0315628051757813
0.0333595275878906 -0.0448570251464844 -0.0238304138183594 0.0187797546386719
0.0575523376464844 -0.0147933959960938 -0.0282630920410156 -0.00657272338867187
0.0534591674804688 0.0486907958984375 -0.0128536224365234 -0.0192317962646484
0.0165481567382813 0.0708160400390625 0.00945186614990235 -0.00726127624511718
-0.0265426635742188 0.080841064453125 -0.0135211944580078 0.0286998748779297
-0.0373764038085937 0.0451278686523438 -0.0049285888671875 0.0676841735839844
-0.0222282409667969 0.0558967590332031 -0.012054443359375 0.0652084350585938
0.0204353332519531 0.0618057250976563 0.000640869140625001 0.0514450073242188
0.044647216796875 0.0254325866699219 0.0135002136230469 0.0397262573242188
0.046234130859375 -0.0108833312988281 0.0151939392089844 0.0245761871337891
0.0200157165527344 -0.0370559692382813 0.00667190551757813 0.0193653106689453
-0.00315093994140625 -0.0392723083496094 0.00899696350097656 0.0269985198974609
-0.003387451171875 -0.042877197265625 0.0116233825683594 0.0352897644042969
-0.01104736328125 -0.0447731018066406 0.00695419311523437 0.0437965393066406
0.00276565551757813 -0.04095458984375 -0.0132179260253906 0.0450630187988281
0.0277366638183594 -0.0363616943359375 -0.0256423950195312 0.0290508270263672
0.0466499328613281 -0.00948715209960938 -0.0310745239257812 0.0013275146484375
0.0387916564941406 0.0434913635253906 -0.0153598785400391 -0.0141229629516602
0.00410842895507812 0.0569267272949219 0.0101652145385742 0.00512790679931641
-0.0305976867675781 0.0558395385742188 -0.0226936340332031 0.0482368469238281
-0.0289363861083984 0.00800704956054687 -0.0131454467773438 0.0796661376953125
-0.0218124389648437 0.0237617492675781 -0.0131988525390625 0.0715484619140625
0.00171089172363281 0.0343418121337891 -0.00470733642578125 0.0471572875976563
0.0205764770507813 0.0169639587402344 0.00464248657226563 0.0403213500976563
0.0246372222900391 -0.00301742553710938 0.00679779052734375 0.0297966003417969
0.0120563507080078 -0.0202732086181641 0.00477409362792969 0.0305595397949219
-0.00144004821777344 -0.0222930908203125 0.0131759643554688 0.0381851196289062
-0.00212478637695312 -0.0249786376953125 0.0158233642578125 0.0447235107421875
-0.00629234313964843 -0.0287532806396484 0.0111083984375 0.0538215637207031
0.00229454040527343 -0.0269832611083984 -0.013153076171875 0.0543556213378906
0.0199794769287109 -0.0244770050048828 -0.0287570953369141 0.0348796844482422
0.0312576293945313 -0.00363349914550781 -0.0343723297119141 0.00672149658203125
0.0217800140380859 0.0333805084228516 -0.0187492370605469 -0.0120868682861328
-0.00830841064453125 0.03778076171875 0.00731754302978515 0.012516975402832
-0.0309429168701172 0.0240497589111328 -0.0333671569824219 0.059295654296875
0.0198554992675781 0.0125694274902344 0.03472900390625 -0.0673866271972656
0.0123729705810547 -0.0109338760375977 -0.00373458862304687 -0.0205631256103516
-0.00347042083740235 -0.0126409530639648 0.0207920074462891 0.0163993835449219
-0.011810302734375 -0.000277519226074216 0.0459976196289063 -0.00386810302734375
-0.00795412063598633 0.00825786590576172 0.0400276184082031 -0.0347785949707031
0.000831604003906251 0.0106611251831055 0.0158424377441406 -0.0598526000976563
0.000921249389648437 0.00461101531982422 -0.0152511596679687 -0.0608406066894531
-0.000461816787719727 0.00300884246826172 -0.0194435119628906 -0.0500259399414063
-0.00239920616149902 0.00338602066040039 -0.0186195373535156 -0.0434722900390625
-0.00201451778411865 -0.000709652900695801 -0.00897216796875001 -0.0398292541503906
-0.000632286071777343 -0.0054020881652832 -0.00718307495117188 -0.0359268188476563
0.00631809234619141 -0.0109968185424805 -0.00371170043945312 -0.0435066223144531
0.0181789398193359 -0.00174522399902344 0.0106430053710937 -0.0507774353027344
0.0248355865478516 0.0139064788818359 0.00999450683593749 -0.071197509765625
0.020233154296875 0.0267486572265625 0.0200424194335938 -0.0870819091796875
0.0090789794921875 0.04815673828125 0.0410003662109375 -0.0600624084472656
0.0164299011230469 0.0199565887451172 9.15527343750027E-05 -0.0170469284057617
0.0184135437011719 0.00798797607421875 0.0244350433349609 0.0211658477783203
0.0122470855712891 -9.44137573242188E-05 0.0508460998535156 0.0004425048828125
0.00975608825683594 -0.00583267211914063 0.0455589294433594 -0.0326881408691406
0.00397872924804688 -0.00965213775634766 0.017974853515625 -0.0585899353027344
-0.00430870056152344 -0.0154428482055664 -0.0145187377929688 -0.0579452514648438
-0.00290679931640625 -0.0194740295410156 -0.0180015563964844 -0.0448036193847656
-0.00534820556640625 -0.0193653106689453 -0.0192375183105469 -0.0387916564941406
0.00477409362792969 -0.0206127166748047 -0.0129814147949219 -0.0343112945556641
0.0187873840332031 -0.0179672241210938 -0.0116710662841797 -0.0315132141113281
0.0324115753173828 -0.0078277587890625 -0.00878143310546874 -0.0421981811523438
0.0348567962646484 0.0252418518066406 0.00537490844726562 -0.0473289489746094
0.0250015258789062 0.0446548461914062 0.0057220458984375 -0.0647621154785156
0.00678634643554688 0.0623817443847656 0.0166397094726562 -0.0754013061523438
-0.005859375 0.0760726928710938 0.0423927307128906 -0.0425148010253906
0.0134658813476562 0.0512275695800781 0.00204896926879883 -0.00662040710449218
0.0389862060546875 0.0341682434082031 0.0265140533447266 0.0298061370849609
0.0381698608398438 0.00429534912109375 0.0532073974609375 0.00830459594726562
0.0306529998779297 -0.0173759460449219 0.0487632751464844 -0.0251121520996094
0.00974273681640625 -0.0290908813476563 0.0196914672851563 -0.0510673522949219
-0.00739860534667969 -0.0344982147216797 -0.0117607116699219 -0.0487747192382813
-0.00469970703125 -0.0392837524414063 -0.0142974853515625 -0.0330924987792969
-0.00958633422851562 -0.0392379760742188 -0.0174369812011719 -0.0261077880859375
0.00730514526367187 -0.037811279296875 -0.0172042846679688 -0.0212554931640625
0.0311450958251953 -0.0323257446289063 -0.0174674987792969 -0.0212364196777344
0.0524024963378906 -0.01031494140625 -0.0161018371582031 -0.0373191833496094
0.0512847900390625 0.0424232482910156 -0.00199127197265625 -0.0421981811523437
0.0284156799316406 0.06695556640625 0.00333023071289063 -0.0536651611328125
-0.00440216064453125 0.087615966796875 0.0103111267089844 -0.0544471740722656
-0.0225982666015625 0.0926055908203125 0.0371284484863281 -0.0159072875976562
0.00490570068359376 0.076629638671875 0.000847816467285156 0.0114336013793945
0.0517463684082031 0.0598678588867188 0.0244255065917969 0.0397796630859375
0.0601158142089844 0.0121879577636719 0.0498428344726563 0.0192375183105469
0.0503578186035156 -0.02423095703125 0.0472869873046875 -0.0132522583007813
0.0171241760253906 -0.043853759765625 0.0189094543457031 -0.0366706848144531
-0.00839614868164062 -0.0487442016601563 -0.00738143920898437 -0.0326900482177734
-0.00525665283203125 -0.0533828735351563 -0.00804710388183594 -0.0159664154052734
-0.0136909484863281 -0.0532569885253906 -0.0123586654663086 -0.00827312469482422
0.00627517700195313 -0.0500221252441406 -0.0188541412353516 -0.00415229797363282
0.0368537902832031 -0.0439109802246094 -0.0217876434326172 -0.00786781311035156
0.0637397766113281 -0.0157279968261719 -0.0232257843017578 -0.0284099578857422
0.0627288818359375 0.0502967834472656 -0.007354736328125 -0.0352554321289063
0.0305099487304687 0.0785369873046875 0.00382614135742188 -0.0388641357421875
-0.01275634765625 0.100288391113281 0.00226402282714844 -0.0267353057861328
-0.0355072021484375 0.0926589965820313 0.0240669250488281 0.0158615112304688
-0.00707244873046875 0.08868408203125 -0.00344467163085938 0.0326976776123047
0.0516357421875 0.0778045654296875 0.0176773071289063 0.0485305786132813
0.070556640625 0.0220413208007813 0.0405311584472656 0.0299911499023438
0.0616340637207031 -0.0243339538574219 0.0400047302246094 0.00200653076171875
0.0228309631347656 -0.0509567260742188 0.0161457061767578 -0.0174961090087891
-0.00800704956054688 -0.0550155639648437 -0.00184917449951172 -0.0123300552368164
-0.00603103637695313 -0.0589981079101563 -0.00118303298950195 0.00345849990844726
-0.0161094665527344 -0.0589065551757813 -0.00564956665039063 0.0108757019042969
0.00421142578125 -0.0547828674316406 -0.0176982879638672 0.0151996612548828
0.0365982055664063 -0.0486564636230469 -0.0237998962402344 0.00677871704101563
0.0645599365234375 -0.018402099609375 -0.0275230407714844 -0.0174407958984375
0.0644073486328125 0.0512962341308594 -0.01123046875 -0.0276374816894531
0.0273513793945313 0.0797348022460938 0.0068359375 -0.0226211547851562
-0.0200576782226563 0.0981826782226563 -0.00530052185058594 0.00268220901489258
-0.0417022705078125 0.076385498046875 0.00935363769531249 0.0455856323242188
-0.0179214477539063 0.0811843872070313 -0.0082244873046875 0.0520477294921875
0.0395126342773438 0.079071044921875 0.00836944580078126 0.0528144836425781
0.0643310546875 0.0281295776367187 0.02691650390625 0.0379753112792969
0.0611801147460938 -0.0191001892089844 0.0281009674072266 0.0157699584960938
0.0243797302246094 -0.048797607421875 0.0118122100830078 0.0024261474609375
-0.00616455078125 -0.0520896911621094 0.00403404235839844 0.00893688201904297
-0.00564956665039062 -0.0559768676757813 0.00562858581542969 0.0214080810546875
-0.015228271484375 -0.0562858581542969 0.00168800354003906 0.0294151306152344
0.0029296875 -0.0517158508300781 -0.0155391693115234 0.0326194763183594
0.0332603454589844 -0.0464439392089844 -0.0251636505126953 0.0191612243652344
0.0588645935058594 -0.0159492492675781 -0.0294551849365234 -0.0074920654296875
0.055908203125 0.0493698120117187 -0.0134716033935547 -0.0197372436523437
0.0173416137695313 0.0727386474609375 0.00957012176513672 -0.00760650634765624
-0.026214599609375 0.0834274291992188 -0.0136032104492187 0.0287971496582031
-0.0384254455566406 0.0459785461425781 -0.00531768798828125 0.0699882507324219
-0.0225944519042969 0.0575180053710938 -0.01263427734375 0.066986083984375
0.0214576721191406 0.0630416870117188 -9.53674316406211E-05 0.0517005920410156
0.0458564758300781 0.02587890625 0.0136604309082031 0.0409469604492188
0.0470504760742187 -0.011505126953125 0.0156173706054688 0.0256214141845703
0.0201377868652344 -0.0380477905273438 0.00665283203125 0.0203781127929688
-0.00438690185546875 -0.0404167175292969 0.00963020324707032 0.0273151397705078
-0.00457000732421875 -0.04388427734375 0.0129318237304688 0.0357742309570313
-0.0123329162597656 -0.0451545715332031 0.00821685791015625 0.0443954467773438
0.00284957885742187 -0.0418357849121094 -0.0129013061523437 0.0469551086425781
0.0275535583496094 -0.0372772216796875 -0.0264911651611328 0.0295925140380859
0.0475196838378906 -0.0100440979003906 -0.0324382781982422 0.00100135803222657
0.0404701232910156 0.0441665649414062 -0.0160198211669922 -0.0148248672485352
0.00443649291992187 0.0586204528808594 0.0111837387084961 0.00397872924804688
-0.0310783386230469 0.0575447082519531 -0.023162841796875 0.0489006042480469
-0.0287113189697266 0.00850486755371094 -0.01416015625 0.0819015502929688
-0.0224170684814453 0.0243492126464844 -0.0136184692382813 0.0732421875
0.00193023681640625 0.0350914001464844 -0.00553131103515625 0.0485076904296875
0.0207061767578125 0.0172252655029297 0.00486373901367188 0.0415306091308594
0.0252780914306641 -0.00335502624511719 0.00701141357421875 0.0309791564941406
0.0123519897460938 -0.0210723876953125 0.00541496276855469 0.0317916870117188
-0.00180244445800781 -0.0231380462646484 0.0142745971679688 0.039337158203125
-0.00273323059082031 -0.0260658264160156 0.0175285339355469 0.0447959899902344
-0.007232666015625 -0.0291080474853516 0.0122566223144531 0.0551986694335938
0.00236701965332032 -0.0275287628173828 -0.0125465393066406 0.0562934875488281
0.0196609497070313 -0.0246753692626953 -0.0294990539550781 0.0354499816894531
0.0321826934814453 -0.00444602966308594 -0.0352745056152344 0.00670242309570312
0.0228404998779297 0.0336627960205078 -0.0192489624023437 -0.0125350952148438
-0.00858306884765625 0.0388145446777344 0.0076446533203125 0.0117130279541016
-0.0312709808349609 0.0245113372802734 -0.0339698791503906 0.0603866577148438
0.0206241607666016 0.0132102966308594 0.03411865234375 -0.0699882507324219
0.0126724243164063 -0.0115375518798828 -0.00507354736328125 -0.0209274291992188
-0.00390625 -0.0133132934570313 0.021484375 0.0159912109375
-0.0122232437133789 -2.86102294921854E-05 0.0473480224609375 -0.00474166870117187
-0.00816488265991211 0.0087738037109375 0.0408287048339844 -0.0366935729980469
0.000990867614746095 0.010441780090332 0.0150833129882812 -0.0624313354492188
0.000869274139404297 0.0044713020324707 -0.0178794860839844 -0.062286376953125
-0.000526666641235352 0.00307250022888184 -0.0221900939941406 -0.0508003234863281
-0.00202107429504395 0.00314569473266602 -0.0213546752929687 -0.0442276000976563
-0.00202667713165283 -0.000576257705688477 -0.010589599609375 -0.0411796569824219
-0.000419139862060547 -0.00611782073974609 -0.00867080688476563 -0.0370635986328125
0.00653839111328125 -0.0117063522338867 -0.00534820556640625 -0.0443000793457031
0.0184135437011719 -0.001708984375 0.0100288391113281 -0.0524063110351563
0.0256557464599609 0.0137348175048828 0.008026123046875 -0.0733108520507813
0.0213088989257813 0.0277748107910156 0.0186080932617188 -0.090240478515625
0.0105781555175781 0.0497474670410156 0.0404853820800781 -0.0621986389160156
0.0171794891357422 0.020355224609375 -0.00127696990966797 -0.0174999237060547
0.0197372436523437 0.00785446166992187 0.0254039764404297 0.0211296081542969
0.0122718811035156 -0.00052642822265625 0.0521774291992188 -0.000762939453125
0.00986194610595703 -0.00638294219970703 0.0462684631347656 -0.0344619750976563
0.00366687774658203 -0.00992774963378906 0.0168876647949219 -0.0613632202148438
-0.00522994995117188 -0.0160131454467773 -0.0170631408691406 -0.059539794921875
-0.00353431701660156 -0.0202674865722656 -0.0205497741699219 -0.04644775390625
-0.00611686706542969 -0.0199565887451172 -0.0215530395507812 -0.0395660400390625
0.00482368469238281 -0.0208301544189453 -0.014862060546875 -0.0357933044433594
0.0187549591064453 -0.0193252563476563 -0.0126094818115234 -0.0323867797851563
0.0331745147705078 -0.00890541076660156 -0.0102691650390625 -0.0434761047363281
0.0367240905761719 0.0253715515136719 0.0045623779296875 -0.0487823486328125
0.0268211364746094 0.0454559326171875 0.00434112548828125 -0.0665702819824219
0.00847625732421874 0.064361572265625 0.0151824951171875 -0.0784454345703125
-0.00436401367187501 0.0790786743164063 0.0423011779785156 -0.0437583923339844
0.0157241821289062 0.0529251098632813 0.00101804733276367 -0.00593090057373047
0.0416297912597656 0.0335197448730469 0.0271282196044922 0.0294055938720703
0.0395774841308594 0.0031280517578125 0.0545768737792969 0.00759124755859375
0.0312995910644531 -0.0193672180175781 0.0503997802734375 -0.0268707275390625
0.00936508178710937 -0.0305461883544922 0.0189323425292969 -0.0534858703613281
-0.00885391235351563 -0.0355148315429688 -0.0135765075683594 -0.0496749877929687
-0.00654983520507812 -0.0407180786132813 -0.0159950256347656 -0.03436279296875
-0.0115089416503906 -0.0402374267578125 -0.0193748474121094 -0.0269756317138672
0.00676345825195313 -0.0395584106445313 -0.0186061859130859 -0.0218486785888672
0.0317459106445313 -0.0340557098388672 -0.01861572265625 -0.0219459533691406
0.0540237426757813 -0.012481689453125 -0.0184173583984375 -0.0382957458496094
0.0543746948242188 0.0427818298339844 -0.00252914428710937 -0.0438232421875
0.0309295654296875 0.0684814453125 0.00180053710937501 -0.0551948547363281
-0.0018157958984375 0.0911941528320312 0.00835800170898438 -0.0565223693847656
-0.0210952758789063 0.0963821411132812 0.036834716796875 -0.0168609619140625
0.00704956054687501 0.0796127319335937 0.000187873840332031 0.0119113922119141
0.0553703308105469 0.0604133605957031 0.025360107421875 0.0399551391601563
0.0624504089355469 0.0108528137207031 0.0520439147949219 0.0186958312988281
0.0510177612304688 -0.0269317626953125 0.049285888671875 -0.0143852233886719
0.0163764953613281 -0.0461578369140625 0.01885986328125 -0.0382156372070313
-0.0104751586914063 -0.0499954223632813 -0.00820732116699218 -0.0334110260009766
-0.00797653198242188 -0.0555877685546875 -0.00869560241699219 -0.0169782638549805
-0.0159416198730469 -0.0546646118164063 -0.0135641098022461 -0.00837993621826172
0.00510025024414062 -0.0518341064453125 -0.0196342468261719 -0.00372314453125001
0.0368728637695313 -0.0463066101074219 -0.0230484008789062 -0.00778198242187501
0.0648460388183594 -0.0184135437011719 -0.0254402160644531 -0.0291461944580078
0.0672187805175781 0.0499725341796875 -0.00863647460937499 -0.0369224548339844
0.0333633422851563 0.0805130004882813 0.00308609008789063 -0.0400314331054687
-0.0102157592773437 0.104621887207031 0.00160789489746093 -0.0279045104980469
-0.0348281860351563 0.0965728759765625 0.0241260528564453 0.0160961151123047
-0.00456237792968751 0.0916213989257813 -0.00316047668457031 0.0339717864990234
0.0557327270507813 0.0784225463867188 0.0186233520507812 0.0493698120117188
0.0729751586914062 0.0210952758789063 0.0423316955566406 0.0306015014648437
0.0630302429199219 -0.0273551940917969 0.0417251586914063 0.0015716552734375
0.0221748352050781 -0.053558349609375 0.0164470672607422 -0.0180416107177734
-0.00966262817382812 -0.055938720703125 -0.00215244293212891 -0.0124244689941406
-0.00851821899414062 -0.061492919921875 -0.00092911720275879 0.00276851654052734
-0.0183067321777344 -0.0602302551269531 -0.00560379028320313 0.0113000869750977
0.00291061401367188 -0.0565986633300781 -0.0176048278808594 0.0163440704345703
0.0361328125 -0.0513114929199219 -0.0246315002441406 0.00716018676757813
0.066314697265625 -0.0208549499511719 -0.0294704437255859 -0.0175304412841797
0.068603515625 0.0512237548828125 -0.0121212005615234 -0.0285568237304687
0.0300979614257812 0.08172607421875 0.0069122314453125 -0.0237770080566406
-0.017608642578125 0.102638244628906 -0.00568389892578125 0.00241518020629883
-0.0412521362304688 0.079833984375 0.00997161865234375 0.0476417541503906
-0.0163497924804688 0.0846633911132812 -0.00806427001953125 0.05438232421875
0.0431594848632812 0.0805740356445312 0.00900650024414063 0.0538597106933594
0.0670204162597656 0.0273170471191406 0.0281639099121094 0.03887939453125
0.0623397827148438 -0.0217132568359375 0.0297298431396484 0.0158805847167969
0.0237960815429687 -0.0512161254882812 0.0126018524169922 0.0031890869140625
-0.00784301757812501 -0.0533638000488281 0.00466156005859375 0.00919532775878906
-0.00823211669921875 -0.0583648681640625 0.00699234008789062 0.0215492248535156
-0.017730712890625 -0.0572624206542969 0.00272560119628906 0.0296916961669922
0.00139999389648438 -0.053192138671875 -0.0146675109863281 0.0340118408203125
0.0327911376953125 -0.0487060546875 -0.0255680084228516 0.0200233459472656
0.0600852966308594 -0.0181198120117188 -0.0312862396240234 -0.00705337524414063
0.0597991943359375 0.0490036010742188 -0.0140762329101562 -0.0205268859863281
0.0200729370117188 0.0747299194335938 0.00970554351806641 -0.0089569091796875
-0.024444580078125 0.0869522094726563 -0.0135498046875 0.0297470092773438
-0.0386734008789063 0.0485305786132813 -0.00483703613281251 0.0724411010742188
-0.0222091674804687 0.0601425170898438 -0.0118484497070312 0.0690650939941406
0.0237388610839844 0.0643463134765625 0.000591278076171878 0.0535850524902344
0.047821044921875 0.0255279541015625 0.0151023864746094 0.0421371459960938
0.048553466796875 -0.0136795043945313 0.0165977478027344 0.0265407562255859
0.0197067260742188 -0.0399093627929688 0.00841331481933594 0.0220260620117187
-0.00535202026367188 -0.0414161682128906 0.0111656188964844 0.0281887054443359
-0.00606918334960937 -0.0453224182128906 0.0146026611328125 0.0367698669433594
-0.0136985778808594 -0.0466728210449219 0.0100593566894531 0.0455131530761719
0.00169754028320313 -0.0432853698730469 -0.0119552612304687 0.0486679077148438
0.0274887084960938 -0.0393524169921875 -0.0270309448242187 0.0307655334472656
0.0486412048339844 -0.0120773315429688 -0.0340404510498047 0.00181388854980469
0.0433921813964844 0.04425048828125 -0.0162849426269531 -0.0157365798950195
0.00625610351562501 0.0604133605957031 0.0112237930297852 0.00323963165283204
-0.0298576354980469 0.0600013732910156 -0.022796630859375 0.0504302978515625
-0.0297527313232422 0.00872993469238281 -0.0131072998046875 0.0853118896484375
-0.022705078125 0.0253696441650391 -0.0127792358398438 0.0760421752929688
0.00313949584960937 0.0361175537109375 -0.00485610961914063 0.0501251220703125
0.0217094421386719 0.0176029205322266 0.00553512573242187 0.0432052612304688
0.0259571075439453 -0.00469589233398437 0.00784683227539062 0.0322494506835938
0.0121021270751953 -0.0222759246826172 0.00636100769042968 0.0339698791503906
-0.00241470336914063 -0.0232944488525391 0.0170822143554688 0.0404853820800781
-0.0034332275390625 -0.0270195007324219 0.0200233459472656 0.0460853576660156
-0.00792312622070313 -0.0299587249755859 0.0148124694824219 0.056427001953125
0.00144004821777344 -0.0284194946289063 -0.0114212036132813 0.0585556030273438
0.0195102691650391 -0.0259132385253906 -0.0300025939941406 0.0371475219726562
0.0329189300537109 -0.00541496276855469 -0.0363655090332031 0.00735473632812501
0.0246009826660156 0.0341911315917969 -0.0197372436523438 -0.0126323699951172
-0.00774002075195312 0.0404052734375 0.00817680358886719 0.0113563537597656
-0.0317192077636719 0.0255622863769531 -0.033905029296875 0.0621109008789062
0.0214519500732422 0.0131607055664062 0.031219482421875 -0.0722732543945312
0.0124807357788086 -0.0122089385986328 -0.00633621215820313 -0.0204524993896484
-0.00484943389892578 -0.0135574340820313 0.0221271514892578 0.0158748626708984
-0.0122299194335938 0.000503540039062499 0.0480613708496094 -0.0062255859375
-0.00758075714111328 0.00898647308349609 0.0405349731445312 -0.0390434265136719
0.00151729583740234 0.0102968215942383 0.0128173828125 -0.0647697448730469
0.000950336456298828 0.00470113754272461 -0.0214042663574219 -0.062652587890625
-0.00068211555480957 0.00309586524963379 -0.0262374877929687 -0.0514144897460938
-0.0015113353729248 0.00317025184631348 -0.0242462158203125 -0.0442733764648438
-0.00206923484802246 -0.000686883926391602 -0.0129737854003906 -0.0422286987304688
-0.000707626342773437 -0.00604104995727539 -0.0105209350585937 -0.0381698608398438
0.00598335266113281 -0.0124425888061523 -0.00699234008789062 -0.0450782775878906
0.0193023681640625 -0.002471923828125 0.0084228515625 -0.0532264709472656
0.0270709991455078 0.0130577087402344 0.00560760498046876 -0.0750350952148438
0.0227375030517578 0.0266990661621094 0.015228271484375 -0.0927734375
0.0129165649414063 0.0508842468261719 0.0384178161621094 -0.064453125
0.0190639495849609 0.0201911926269531 -0.00275707244873047 -0.017024040222168
0.0211238861083984 0.00631141662597656 0.0257720947265625 0.0206813812255859
0.0131635665893555 -0.00122356414794922 0.0532188415527344 -0.00266647338867187
0.00969123840332031 -0.00735092163085938 0.0467338562011719 -0.0372390747070313
0.003387451171875 -0.0105857849121094 0.0149612426757813 -0.0633506774902344
-0.00610542297363281 -0.0160951614379883 -0.0201988220214844 -0.0603561401367188
-0.00528907775878906 -0.0205669403076172 -0.0238418579101563 -0.0461997985839844
-0.00755119323730468 -0.0204219818115234 -0.0243759155273437 -0.0392189025878906
0.00386810302734375 -0.0218620300292969 -0.0169334411621094 -0.0361175537109375
0.0183448791503906 -0.0207424163818359 -0.0140571594238281 -0.0331497192382813
0.0337257385253906 -0.0107212066650391 -0.0125923156738281 -0.0440216064453125
0.0390777587890625 0.0250244140625 0.00281143188476563 -0.0495529174804687
0.02947998046875 0.04608154296875 0.00184249877929687 -0.0680885314941406
0.0113677978515625 0.0656051635742187 0.0121231079101562 -0.0809097290039063
-0.00116729736328126 0.082000732421875 0.0404891967773438 -0.0459136962890625
0.0186271667480469 0.0538597106933594 -0.000731945037841796 -0.00607538223266601
0.0443458557128906 0.0318984985351563 0.02825927734375 0.0289363861083984
0.0406417846679688 0.00106048583984375 0.0559883117675781 0.00603103637695312
0.0306529998779297 -0.0212078094482422 0.0507049560546875 -0.0292930603027344
0.00830841064453125 -0.0314159393310547 0.0171012878417969 -0.0554084777832031
-0.0109062194824219 -0.0359611511230469 -0.0159263610839844 -0.0501441955566406
-0.00904083251953126 -0.041656494140625 -0.0184307098388672 -0.0341434478759766
-0.0137939453125 -0.0409088134765625 -0.0208797454833984 -0.0264778137207031
0.00458526611328125 -0.0405235290527344 -0.0199928283691406 -0.0219268798828125
0.030792236328125 -0.0361824035644531 -0.0202503204345703 -0.0224742889404297
0.0548019409179688 -0.0153427124023438 -0.02093505859375 -0.0386772155761719
0.0584754943847656 0.0412635803222656 -0.00439834594726562 -0.0445709228515625
0.0345840454101563 0.0691146850585937 -0.000480651855468753 -0.0565338134765625
0.00235748291015624 0.0936355590820313 0.0061492919921875 -0.0584793090820312
-0.017425537109375 0.0995254516601562 0.0359764099121094 -0.0178337097167969
0.011199951171875 0.0815048217773438 -0.000430107116699218 0.0126924514770508
0.0599365234375 0.0580673217773438 0.0261878967285156 0.0397491455078125
0.0641365051269531 0.00825881958007813 0.0537223815917969 0.0171775817871094
0.0507240295410156 -0.0298652648925781 0.0499305725097656 -0.0163841247558594
0.0147132873535156 -0.0477561950683594 0.0180931091308594 -0.0397834777832031
-0.0127830505371094 -0.0505599975585938 -0.00998878479003906 -0.0332107543945313
-0.0114326477050781 -0.0567474365234375 -0.0102005004882812 -0.0167484283447266
-0.0188102722167969 -0.0548133850097656 -0.014561653137207 -0.00862884521484375
0.00265884399414062 -0.0531196594238281 -0.0199241638183594 -0.00308609008789063
0.0352210998535156 -0.0489501953125 -0.0236492156982422 -0.00742340087890625
0.0657882690429688 -0.0218658447265625 -0.0278072357177734 -0.0286712646484375
0.07171630859375 0.0476226806640625 -0.00989913940429687 -0.037139892578125
0.0376739501953125 0.0813369750976563 0.00100708007812501 -0.0412521362304687
-0.00524139404296876 0.107467651367188 0.000215530395507815 -0.028778076171875
-0.03179931640625 0.100433349609375 0.0249481201171875 0.0163536071777344
-0.0008392333984375 0.0940322875976563 -0.00292015075683594 0.0351295471191406
0.0612716674804688 0.0768203735351563 0.0201377868652344 0.0491981506347656
0.0754547119140625 0.0181198120117187 0.044342041015625 0.02947998046875
0.062957763671875 -0.0309219360351563 0.0429115295410156 0.000217437744140623
0.0198173522949219 -0.0554733276367188 0.0165977478027344 -0.0185871124267578
-0.0121040344238281 -0.0572319030761719 -0.00260639190673828 -0.0120086669921875
-0.0126266479492188 -0.062835693359375 -0.000774621963500977 0.00234818458557129
-0.022247314453125 -0.0604896545410156 -0.0052480697631836 0.0114717483520508
-1.52587890624959E-05 -0.0575103759765625 -0.0172939300537109 0.0170831680297851
0.0345115661621094 -0.0541725158691406 -0.0247135162353516 0.00805664062499999
0.0667953491210938 -0.0242805480957031 -0.0310592651367188 -0.0170745849609375
0.0732879638671875 0.0490036010742188 -0.0129947662353516 -0.0289478302001953
0.034393310546875 0.0819244384765625 0.00581932067871094 -0.0250892639160156
-0.013427734375 0.105751037597656 -0.00607824325561523 0.00225353240966797
-0.0389175415039063 0.0834197998046875 0.0112991333007812 0.0485687255859375
-0.0126953125 0.0869903564453125 -0.00664901733398437 0.05535888671875
0.0482864379882813 0.080047607421875 0.0102958679199219 0.0538902282714844
0.0697898864746094 0.02496337890625 0.0300559997558594 0.0384521484375
0.0627975463867188 -0.0252265930175781 0.030914306640625 0.0155868530273437
0.0217323303222656 -0.0535545349121094 0.0133905410766602 0.0035247802734375
-0.0104255676269531 -0.0541229248046875 0.00525379180908203 0.00968265533447265
-0.0116424560546875 -0.058990478515625 0.00859260559082031 0.0211601257324219
-0.0213241577148437 -0.0578727722167969 0.00430488586425781 0.0299091339111328
-0.000823974609375001 -0.0542640686035156 -0.0130157470703125 0.0352210998535156
0.031036376953125 -0.05084228515625 -0.02532958984375 0.0210075378417969
0.0603141784667969 -0.0210914611816406 -0.0330276489257812 -0.00606536865234375
0.063690185546875 0.0467910766601563 -0.0149440765380859 -0.0208110809326172
0.0240478515625 0.0750656127929687 0.0100564956665039 -0.00986576080322265
-0.0201339721679688 0.0898284912109375 -0.0128822326660156 0.03033447265625
-0.037628173828125 0.0513267517089844 -0.00222015380859375 0.0746612548828125
-0.0195732116699219 0.0621719360351563 -0.0101394653320312 0.0709457397460938
0.0270118713378906 0.0643043518066406 0.00190353393554688 0.0542869567871094
0.049713134765625 0.0240669250488281 0.0163345336914063 0.0426025390625
0.0486679077148438 -0.0158576965332031 0.0180568695068359 0.0266628265380859
0.018157958984375 -0.0417327880859375 0.00926780700683594 0.0225887298583984
-0.00736618041992187 -0.0418357849121094 0.0131034851074219 0.0288581848144531
-0.00904083251953125 -0.046478271484375 0.0171394348144531 0.0363235473632812
-0.016571044921875 -0.0468101501464844 0.0131301879882813 0.0454673767089844
-0.000659942626953124 -0.0441207885742188 -0.00933456420898437 0.050262451171875
0.0258407592773437 -0.0411300659179688 -0.0262947082519531 0.0320224761962891
0.0489158630371094 -0.0142402648925781 -0.0345878601074219 0.00300407409667969
0.0469551086425781 0.0423431396484375 -0.016963005065918 -0.0156869888305664
0.0088043212890625 0.0612831115722656 0.0119094848632813 0.00256538391113282
-0.0275535583496094 0.0624465942382813 -0.0214653015136719 0.0516777038574219
-0.0304298400878906 0.0100231170654297 -0.01007080078125 0.0878143310546875
-0.0221405029296875 0.026885986328125 -0.0100326538085937 0.0777740478515625
0.00516510009765625 0.0362396240234375 -0.00363540649414062 0.0518074035644531
0.0228290557861328 0.0172309875488281 0.0072021484375 0.0440940856933594
0.0264034271240234 -0.00579833984375 0.00952720642089844 0.0328998565673828
0.0113391876220703 -0.0233020782470703 0.00819778442382812 0.0349826812744141
-0.00354957580566406 -0.0233364105224609 0.0192642211914063 0.0408477783203125
-0.00503921508789063 -0.0271663665771484 0.0233039855957031 0.0456390380859375
-0.0102252960205078 -0.0301895141601563 0.0184860229492188 0.0566368103027344
0.000274658203125 -0.0291080474853516 -0.0083465576171875 0.060211181640625
0.0182857513427734 -0.0273933410644531 -0.0297126770019531 0.0386772155761719
0.0333786010742187 -0.00700759887695312 -0.0372543334960938 0.008819580078125
0.0267410278320313 0.0334739685058594 -0.0203304290771484 -0.0125141143798828
-0.00562667846679687 0.0415725708007813 0.00911331176757813 0.0107278823852539
-0.0306434631347656 0.027099609375 -0.0319671630859375 0.0643959045410156
0.0221366882324219 0.0125675201416016 0.0283126831054688 -0.0729827880859375
0.0119094848632813 -0.0127038955688477 -0.00786781311035156 -0.0197658538818359
-0.00498294830322266 -0.0134696960449219 0.0224742889404297 0.01544189453125
-0.012089729309082 0.00112152099609375 0.0477333068847656 -0.00823974609375
-0.0072174072265625 0.00968551635742188 0.0393104553222656 -0.0403823852539063
0.00207710266113281 0.0101203918457031 0.01007080078125 -0.0656509399414063
0.00110554695129395 0.00426793098449707 -0.0247611999511719 -0.0617294311523438
-0.000841379165649414 0.00270867347717285 -0.0290565490722656 -0.0497779846191406
-0.00155806541442871 0.00305080413818359 -0.0267868041992187 -0.04278564453125
-0.00182807445526123 -0.000893831253051758 -0.014984130859375 -0.0423851013183594
-0.000799655914306641 -0.00634193420410156 -0.0118179321289063 -0.0381317138671875
0.00544452667236328 -0.0123081207275391 -0.00828933715820313 -0.0444488525390625
0.0195293426513672 -0.00277328491210937 0.00647354125976562 -0.0532150268554688
0.0277900695800781 0.011993408203125 0.00273895263671875 -0.0741958618164063
0.0235652923583984 0.0259990692138672 0.0115127563476563 -0.0933074951171875
0.014984130859375 0.0510902404785156 0.0352134704589844 -0.0652084350585937
0.0196914672851563 0.0194339752197266 -0.00426673889160156 -0.0163459777832031
0.0212497711181641 0.00545692443847656 0.0263004302978516 0.0197887420654297
0.0128707885742188 -0.00161647796630859 0.0528182983398438 -0.004364013671875
0.00952434539794922 -0.0076446533203125 0.0454597473144531 -0.0388107299804688
0.00309181213378906 -0.0108442306518555 0.0123977661132813 -0.0643653869628906
-0.0071401596069336 -0.0161304473876953 -0.0229530334472656 -0.0591926574707031
-0.006622314453125 -0.0207118988037109 -0.0265007019042969 -0.0450973510742187
-0.00821685791015625 -0.0200214385986328 -0.0267677307128906 -0.0378265380859375
0.00304031372070313 -0.0223636627197266 -0.0185089111328125 -0.0356178283691406
0.0177593231201172 -0.0216770172119141 -0.0159206390380859 -0.0329818725585938
0.03326416015625 -0.0121803283691406 -0.0142898559570313 -0.0432510375976563
0.0403518676757813 0.023284912109375 0.0011138916015625 -0.0495223999023438
0.0316238403320313 0.0445938110351563 -0.00102996826171875 -0.0673789978027344
0.0140495300292969 0.0651702880859375 0.00897216796875 -0.081329345703125
0.00244903564453126 0.0824508666992188 0.0379791259765625 -0.0462570190429687
0.021240234375 0.0530967712402344 -0.00147151947021484 -0.00513410568237304
0.0462188720703125 0.0296974182128906 0.0285110473632813 0.0278472900390625
0.0407371520996094 -0.000667572021484375 0.0560874938964844 0.00417327880859375
0.0295314788818359 -0.0229930877685547 0.0502510070800781 -0.0317840576171875
0.00680732727050781 -0.0317211151123047 0.0153541564941406 -0.0561714172363281
-0.0126419067382813 -0.035430908203125 -0.0185012817382812 -0.0490608215332031
-0.0114364624023438 -0.0414505004882813 -0.0204868316650391 -0.0337276458740234
-0.0157546997070313 -0.0399208068847656 -0.0229473114013672 -0.0259666442871094
0.003173828125 -0.0406227111816406 -0.02130126953125 -0.0212745666503906
0.0291023254394531 -0.0378379821777344 -0.0212516784667969 -0.0222339630126953
0.0540237426757813 -0.0180625915527344 -0.0226325988769531 -0.0376701354980469
0.0609817504882812 0.0387535095214844 -0.00567245483398437 -0.0445518493652344
0.0371475219726563 0.0677490234375 -0.00297164916992187 -0.0559768676757812
0.00646209716796874 0.09344482421875 0.00390243530273437 -0.0585746765136719
-0.0129928588867188 0.101020812988281 0.0344791412353516 -0.0185012817382812
0.0146026611328125 0.0810546875 -0.000864028930664062 0.0132379531860352
0.0626182556152344 0.0555152893066406 0.0269241333007813 0.0388412475585938
0.0646247863769531 0.00543975830078125 0.0538597106933594 0.0156478881835938
0.0493812561035156 -0.0328826904296875 0.0500679016113281 -0.0180740356445313
0.0126266479492187 -0.048431396484375 0.0170097351074219 -0.0406684875488281
-0.0151519775390625 -0.0497589111328125 -0.0116214752197266 -0.0327625274658203
-0.0149192810058594 -0.0564537048339844 -0.0110559463500977 -0.016911506652832
-0.0218963623046875 -0.0540084838867188 -0.0151433944702148 -0.00820350646972657
0.000682830810546878 -0.0534019470214844 -0.0204868316650391 -0.00251960754394531
0.0333137512207031 -0.0505294799804687 -0.0243320465087891 -0.00689125061035157
0.0648231506347656 -0.0247993469238281 -0.0296916961669922 -0.0273056030273438
0.07427978515625 0.0444107055664063 -0.0110282897949219 -0.0372314453125
0.0410537719726563 0.07958984375 -0.000717163085937494 -0.0415611267089844
-0.000495910644531261 0.107696533203125 -0.00123786926269531 -0.0286388397216797
-0.0274124145507812 0.102043151855469 0.0244979858398438 0.0160808563232422
0.00365447998046874 0.0938186645507813 -0.0025482177734375 0.0353164672851563
0.0648345947265625 0.0740509033203125 0.0210342407226563 0.0479965209960938
0.0761184692382813 0.014739990234375 0.0450592041015625 0.0280075073242188
0.0615158081054688 -0.0343666076660156 0.0433921813964844 -0.00122833251953125
0.0176887512207031 -0.0566825866699219 0.0166683197021484 -0.0193653106689453
-0.01483154296875 -0.0565071105957031 -0.00235271453857422 -0.0113105773925781
-0.0159225463867187 -0.0626106262207031 -0.000464200973510743 0.00252509117126465
-0.0253257751464844 -0.0590972900390625 -0.00452899932861328 0.0109939575195312
-0.0022735595703125 -0.0574722290039063 -0.0162115097045898 0.0174551010131836
0.0319366455078125 -0.055755615234375 -0.0253734588623047 0.00865745544433594
0.0657386779785156 -0.0277900695800781 -0.0326957702636719 -0.0155391693115234
0.0757369995117188 0.04541015625 -0.0137844085693359 -0.0285682678222656
0.038116455078125 0.0802764892578125 0.00506401062011719 -0.0254745483398437
-0.00770568847656249 0.106239318847656 -0.0059046745300293 0.00236082077026368
-0.0352020263671875 0.0851058959960938 0.0124549865722656 0.0484046936035156
-0.00883483886718751 0.087158203125 -0.00534439086914063 0.0555801391601563
0.052276611328125 0.0774612426757812 0.0116691589355469 0.0534820556640625
0.0704269409179688 0.0218353271484375 0.03106689453125 0.0375175476074219
0.0615501403808594 -0.028045654296875 0.0320529937744141 0.0151424407958984
0.0197868347167969 -0.054534912109375 0.0138835906982422 0.00380611419677734
-0.0125312805175781 -0.0534095764160156 0.0061798095703125 0.00966358184814453
-0.0146369934082031 -0.0587692260742188 0.0098724365234375 0.0203533172607422
-0.02447509765625 -0.056304931640625 0.00589179992675781 0.0294628143310547
-0.00305557250976563 -0.0538520812988281 -0.011260986328125 0.0354118347167969
0.02862548828125 -0.0517654418945313 -0.0246505737304687 0.0215358734130859
0.0592384338378906 -0.0240058898925781 -0.0337715148925781 -0.00477027893066407
0.06610107421875 0.0440635681152344 -0.0156173706054687 -0.0202903747558594
0.0271987915039063 0.0740509033203125 0.00948143005371094 -0.0113248825073242
-0.0162734985351562 0.090362548828125 -0.0118789672851562 0.0304813385009766
-0.0354843139648437 0.0527076721191406 0.000251770019531251 0.0750885009765625
-0.0172615051269531 0.0624809265136719 -0.00753021240234375 0.0709991455078125
0.0303001403808594 0.0625534057617188 0.00336456298828126 0.0540313720703125
0.0506210327148437 0.0221290588378906 0.0176773071289063 0.0419120788574219
0.0475082397460938 -0.0185165405273438 0.0190849304199219 0.0266132354736328
0.0162086486816406 -0.0424270629882813 0.0110244750976563 0.0231895446777344
-0.00893402099609375 -0.0410041809082031 0.0150318145751953 0.0282421112060547
-0.0115699768066406 -0.0458755493164063 0.0193290710449219 0.034698486328125
-0.0192298889160156 -0.045928955078125 0.0153465270996094 0.04449462890625
-0.00246047973632813 -0.0434608459472656 -0.00665283203125 0.0504035949707031
0.0239028930664062 -0.0415763854980469 -0.0254077911376953 0.0327720642089844
0.0476303100585937 -0.0162353515625 -0.0347862243652344 0.00419998168945312
0.0488014221191406 0.0402908325195313 -0.0171136856079101 -0.0149850845336914
0.0117111206054687 0.0610084533691406 0.0119895935058594 0.000820159912109379
-0.0251388549804687 0.0634269714355469 -0.019195556640625 0.0518989562988281
-0.0297431945800781 0.0112056732177734 -0.00696563720703124 0.0883026123046875
-0.0213603973388672 0.0274257659912109 -0.00740814208984375 0.0775375366210938
0.0071563720703125 0.0359230041503906 -0.00232315063476562 0.0515785217285156
0.0234451293945313 0.01605224609375 0.00860977172851563 0.0434455871582031
0.0257549285888672 -0.0070648193359375 0.0107707977294922 0.0334510803222656
0.00982856750488281 -0.0237808227539063 0.0106658935546875 0.0350723266601563
-0.00489997863769531 -0.0231895446777344 0.0220260620117188 0.0396728515625
-0.00685501098632813 -0.0267467498779297 0.0257072448730469 0.0440139770507813
-0.0117702484130859 -0.0295124053955078 0.0216293334960938 0.0549087524414063
-0.00076103210449219 -0.0289382934570313 -0.00513839721679687 0.0604629516601562
0.0173702239990234 -0.0274868011474609 -0.0277595520019531 0.0395851135253906
0.03271484375 -0.00790214538574219 -0.0368232727050781 0.0100288391113281
0.0282478332519531 0.0320243835449219 -0.0206947326660156 -0.0119056701660156
-0.00391769409179688 0.0414505004882812 0.00969028472900391 0.009033203125
-0.0296974182128906 0.0277729034423828 -0.0295333862304688 0.0647659301757813
0.0222492218017578 0.0123825073242188 0.0264434814453125 -0.0718994140625
0.011713981628418 -0.0127372741699219 -0.00818443298339844 -0.0187110900878906
-0.0051870346069336 -0.0130424499511719 0.0222206115722656 0.0151233673095703
-0.0120162963867188 0.00120639801025391 0.047119140625 -0.0086212158203125
-0.00697231292724609 0.00951766967773437 0.0385894775390625 -0.0410919189453125
0.00212764739990234 0.00982570648193359 0.00861358642578125 -0.0653076171875
0.00106692314147949 0.00426101684570313 -0.0265350341796875 -0.06060791015625
-0.00103044509887695 0.00305557250976563 -0.030731201171875 -0.0480842590332031
-0.00131511688232422 0.00296521186828613 -0.0277442932128906 -0.0416641235351563
-0.00140857696533203 -0.000979304313659668 -0.0164108276367188 -0.0418128967285156
-0.000659465789794921 -0.00650739669799805 -0.0127754211425781 -0.0384101867675781
0.00509166717529297 -0.0123453140258789 -0.00916290283203125 -0.0442161560058594
0.0196743011474609 -0.00321578979492188 0.00620651245117187 -0.0526237487792969
0.0278053283691406 0.0111656188964844 0.00132751464843751 -0.0728530883789063
0.0238666534423828 0.0255165100097656 0.0101394653320313 -0.0920867919921875
0.0155830383300781 0.0501136779785156 0.033447265625 -0.0646514892578125
0.0202598571777344 0.0187606811523438 -0.00501632690429688 -0.0153360366821289
0.0213031768798828 0.00466728210449219 0.0259132385253906 0.0195789337158203
0.0128555297851563 -0.001953125 0.0521469116210938 -0.00475692749023438
0.0087900161743164 -0.00809955596923828 0.0446014404296875 -0.0397224426269531
0.00255870819091797 -0.0109491348266602 0.0108985900878906 -0.0643386840820313
-0.00713634490966797 -0.0159492492675781 -0.0246200561523437 -0.0577278137207031
-0.00712776184082031 -0.0205116271972656 -0.0277290344238281 -0.0435409545898438
-0.00877189636230469 -0.0197544097900391 -0.0279541015625 -0.0371665954589844
0.00249481201171875 -0.0219573974609375 -0.0198402404785156 -0.0354270935058594
0.0175266265869141 -0.0221385955810547 -0.0163211822509766 -0.0328502655029297
0.0324287414550781 -0.0127696990966797 -0.0151939392089844 -0.0424690246582031
0.0408515930175781 0.02191162109375 0.000785827636718747 -0.0488510131835938
0.0317726135253906 0.0434303283691406 -0.0022430419921875 -0.0667533874511719
0.0158195495605469 0.0644798278808594 0.0073699951171875 -0.0806961059570312
0.00398254394531251 0.081695556640625 0.0364494323730469 -0.0457611083984375
0.0225868225097656 0.0523910522460937 -0.0024423599243164 -0.00439834594726562
0.046783447265625 0.0277175903320312 0.0280418395996094 0.0276718139648437
0.0405044555664063 -0.00162506103515625 0.0553550720214844 0.0031890869140625
0.028533935546875 -0.0237712860107422 0.0498542785644531 -0.0318679809570313
0.00570487976074219 -0.0316143035888672 0.0141830444335938 -0.0564346313476563
-0.0129680633544922 -0.0345458984375 -0.0195274353027344 -0.0477180480957031
-0.0127410888671875 -0.0413589477539063 -0.0216064453125 -0.0323810577392578
-0.0168228149414063 -0.0394973754882813 -0.0238323211669922 -0.0249671936035156
0.002532958984375 -0.0399208068847656 -0.0218410491943359 -0.0211849212646484
0.0280876159667969 -0.0385055541992188 -0.0214786529541016 -0.0220069885253906
0.0532875061035156 -0.0192756652832031 -0.0237274169921875 -0.0367240905761719
0.0617561340332031 0.0364799499511719 -0.00577926635742187 -0.0441474914550781
0.0384330749511719 0.0662918090820313 -0.00393295288085937 -0.055450439453125
0.00845336914062501 0.0923995971679688 0.00273895263671876 -0.0580825805664062
-0.0109939575195313 0.100700378417969 0.033416748046875 -0.0180988311767578
0.0165328979492188 0.0801162719726563 -0.00154876708984375 0.013789176940918
0.0638771057128906 0.0532264709472656 0.0264015197753906 0.0378799438476563
0.0641021728515625 0.0040283203125 0.0534744262695313 0.0144500732421875
0.0478096008300781 -0.0337295532226563 0.0498199462890625 -0.0185737609863281
0.0110969543457031 -0.0481643676757813 0.0166168212890625 -0.0404090881347656
-0.0160713195800781 -0.0488166809082031 -0.0119686126708984 -0.0316963195800781
-0.0170440673828125 -0.0558052062988281 -0.0122041702270508 -0.0163784027099609
-0.0233688354492187 -0.0522880554199219 -0.0156383514404297 -0.00825119018554688
-0.000720977783203122 -0.0523147583007813 -0.0200843811035156 -0.00227546691894532
0.0316276550292969 -0.0509757995605469 -0.0246162414550781 -0.00700759887695313
0.0636138916015625 -0.0264511108398438 -0.0303859710693359 -0.0268173217773438
0.0751876831054688 0.0421066284179688 -0.0113410949707031 -0.0368576049804688
0.0425186157226563 0.07763671875 -0.00138854980468749 -0.0410537719726562
0.0022430419921875 0.106971740722656 -0.00183296203613281 -0.0284919738769531
-0.0249862670898438 0.101829528808594 0.0241794586181641 0.0163116455078125
0.00555419921874999 0.0932998657226563 -0.003082275390625 0.0358009338378906
0.0662384033203125 0.0711593627929688 0.0199203491210938 0.0469093322753906
0.0754013061523438 0.0130615234375 0.0442008972167969 0.0270462036132813
0.0600738525390625 -0.0353507995605469 0.0433387756347656 -0.00197219848632813
0.0161399841308594 -0.0563201904296875 0.0165023803710938 -0.0189704895019531
-0.0160942077636719 -0.0555648803710938 -0.00249290466308594 -0.0110263824462891
-0.0177040100097656 -0.061676025390625 -0.000365018844604493 0.0020991563796997
-0.0269699096679687 -0.0578727722167969 -0.00461292266845703 0.0105123519897461
-0.00351715087890626 -0.0566139221191406 -0.0151710510253906 0.0177841186523437
0.0303688049316406 -0.0555915832519531 -0.0247459411621094 0.00850105285644531
0.0643234252929688 -0.0289535522460938 -0.0333003997802734 -0.01483154296875
0.0763397216796875 0.0425796508789063 -0.0145282745361328 -0.0282840728759766
0.039642333984375 0.0790634155273438 0.00436592102050782 -0.0260734558105469
-0.00536346435546875 0.105438232421875 -0.00609445571899414 0.00215196609497071
-0.0332183837890625 0.0850143432617188 0.0125045776367188 0.0483245849609375
-0.00685119628906249 0.0865478515625 -0.005157470703125 0.0556144714355469
0.0535507202148437 0.07525634765625 0.0112342834472656 0.0523262023925781
0.0703964233398438 0.0203475952148438 0.0312652587890625 0.0367088317871094
0.060333251953125 -0.0294723510742188 0.0322723388671875 0.0147323608398437
0.0182151794433594 -0.0542488098144531 0.0146598815917969 0.00381374359130859
-0.0136299133300781 -0.0525169372558594 0.00720024108886719 0.0093994140625
-0.01702880859375 -0.0579986572265625 0.010467529296875 0.0196208953857422
-0.0257797241210938 -0.0548896789550781 0.00640678405761719 0.0284614562988281
-0.00420379638671875 -0.052886962890625 -0.00973129272460937 0.0356178283691406
0.0269050598144531 -0.051666259765625 -0.0242385864257813 0.0217056274414062
0.057891845703125 -0.0251426696777344 -0.0339298248291016 -0.00407791137695313
0.0668830871582031 0.0413818359375 -0.0154953002929688 -0.0203781127929687
0.0286102294921875 0.0728836059570313 0.00901031494140625 -0.0115327835083008
-0.0142898559570312 0.0897750854492187 -0.0111789703369141 0.0298976898193359
-0.0340194702148438 0.0532875061035156 0.00152587890624999 0.0746383666992188
-0.0155754089355469 0.0619468688964844 -0.006988525390625 0.0707855224609375
0.0318336486816406 0.06103515625 0.0033111572265625 0.0534858703613281
0.0513076782226563 0.0208473205566406 0.0179252624511719 0.0415802001953125
0.0470199584960938 -0.0196380615234375 0.0196857452392578 0.0265159606933594
0.0152778625488281 -0.0424842834472656 0.0120048522949219 0.0229549407958984
-0.00963211059570313 -0.0404510498046875 0.0167598724365234 0.0278568267822266
-0.0129814147949219 -0.0455780029296875 0.0201778411865234 0.0337696075439453
-0.0204353332519531 -0.0445632934570313 0.0165061950683594 0.0424842834472656
-0.0028839111328125 -0.0429534912109375 -0.0056610107421875 0.0500946044921875
0.0226097106933594 -0.0414619445800781 -0.0248222351074219 0.0325202941894531
0.0470085144042969 -0.0171546936035156 -0.0349540710449219 0.00502586364746094
0.0492820739746094 0.0379257202148438 -0.0172138214111328 -0.0150747299194336
0.0128097534179687 0.059906005859375 0.0117282867431641 -0.000204086303710934
-0.0225906372070313 0.0630683898925781 -0.0184745788574219 0.0516815185546875
-0.0294818878173828 0.0118389129638672 -0.00569152832031251 0.0880966186523438
-0.0197525024414063 0.0274467468261719 -0.005859375 0.076812744140625
0.00797462463378906 0.0346755981445313 -0.00174331665039062 0.0508766174316406
0.0235137939453125 0.0157337188720703 0.009033203125 0.0430030822753906
0.0252246856689453 -0.00783348083496094 0.0113811492919922 0.0331707000732422
0.00905609130859375 -0.0239105224609375 0.0113410949707031 0.035369873046875
-0.00516510009765625 -0.0225753784179687 0.0232696533203125 0.0389213562011719
-0.00769615173339844 -0.0264701843261719 0.0266838073730469 0.0424995422363281
-0.0124835968017578 -0.0289440155029297 0.0225982666015625 0.0534515380859375
-0.00142860412597656 -0.0286865234375 -0.00339889526367187 0.0594940185546875
0.0167140960693359 -0.0278778076171875 -0.0271148681640625 0.0398178100585938
0.0320205688476563 -0.00848579406738281 -0.0368423461914063 0.0103683471679688
0.0285797119140625 0.0309085845947266 -0.0201606750488281 -0.01202392578125
-0.00290298461914063 0.0406646728515625 0.00998973846435547 0.00789833068847656
-0.0284709930419922 0.0283374786376953 -0.0283546447753906 0.0642166137695313
0.0224437713623047 0.0131950378417969 0.0266036987304688 -0.0714111328125
0.0118093490600586 -0.0125093460083008 -0.00873947143554687 -0.0180854797363281
-0.00550937652587891 -0.0136537551879883 0.0219497680664063 0.0154857635498047
-0.0113525390625 0.00100421905517578 0.0469932556152344 -0.00812149047851563
-0.00698947906494141 0.00942802429199219 0.0388946533203125 -0.0410652160644531
0.00196266174316406 0.00979804992675781 0.00883865356445313 -0.0655097961425781
0.00113081932067871 0.00375103950500488 -0.0269889831542969 -0.0597648620605469
-0.000993251800537109 0.0026085376739502 -0.0315589904785156 -0.0474700927734375
-0.00117921829223633 0.00275564193725586 -0.0285682678222656 -0.0416336059570313
-0.00187849998474121 -0.00106287002563477 -0.0166854858398438 -0.0423088073730469
-0.000951290130615235 -0.00678396224975586 -0.0128097534179688 -0.038543701171875
0.004638671875 -0.0124721527099609 -0.00876235961914063 -0.0441246032714844
0.0197963714599609 -0.00322341918945313 0.00705718994140626 -0.0521011352539063
0.0277500152587891 0.0109596252441406 0.00197601318359374 -0.0724563598632813
0.0235557556152344 0.0257968902587891 0.01031494140625 -0.0921554565429688
0.0163192749023437 0.0506401062011719 0.0331344604492187 -0.0635643005371094
0.0204906463623047 0.0190105438232422 -0.00526142120361328 -0.0144872665405273
0.0216617584228516 0.00398826599121094 0.025634765625 0.0197067260742188
0.0131845474243164 -0.00208377838134766 0.0525169372558594 -0.00452041625976563
0.00894069671630859 -0.00809574127197266 0.0453224182128906 -0.039581298828125
0.0025177001953125 -0.0107669830322266 0.0110626220703125 -0.064544677734375
-0.00730800628662109 -0.0156898498535156 -0.0251884460449219 -0.0573577880859375
-0.00783729553222656 -0.0208263397216797 -0.0287513732910156 -0.0434341430664062
-0.00893974304199219 -0.0198040008544922 -0.0288887023925781 -0.036865234375
0.0025482177734375 -0.0223655700683594 -0.0200386047363281 -0.0357437133789063
0.0172939300537109 -0.0224971771240234 -0.0166587829589844 -0.0335865020751953
0.0326385498046875 -0.0131168365478516 -0.0153656005859375 -0.0424842834472656
0.0416679382324219 0.0219802856445313 0.00154876708984375 -0.0490341186523438
0.0318984985351563 0.0435905456542969 -0.00226211547851562 -0.0661735534667969
0.0153579711914063 0.0647621154785156 0.00780487060546875 -0.0803375244140625
0.0042877197265625 0.082305908203125 0.0362892150878906 -0.0448417663574219
0.0227890014648438 0.052398681640625 -0.00282669067382812 -0.0034341812133789
0.0474205017089844 0.0275917053222656 0.0270614624023438 0.0279045104980469
0.0405426025390625 -0.001953125 0.0552330017089844 0.00358963012695313
0.0280189514160156 -0.0242118835449219 0.0499038696289063 -0.0323371887207031
0.00560951232910156 -0.0317001342773438 0.0144538879394531 -0.0564613342285156
-0.0133323669433594 -0.034576416015625 -0.0196876525878906 -0.0478286743164063
-0.0136833190917969 -0.041259765625 -0.0220508575439453 -0.0324325561523438
-0.0169181823730469 -0.0392875671386719 -0.0243682861328125 -0.0245323181152344
0.0019683837890625 -0.04010009765625 -0.0222244262695313 -0.0211696624755859
0.0281791687011719 -0.0384292602539062 -0.021697998046875 -0.0226249694824219
0.0530509948730469 -0.0193519592285156 -0.0237312316894531 -0.0366630554199219
0.0625724792480469 0.0359954833984375 -0.00562667846679687 -0.0440902709960938
0.0386085510253906 0.0663909912109375 -0.00379562377929688 -0.0553016662597656
0.00861358642578125 0.0927200317382813 0.00260162353515626 -0.0576286315917969
-0.0106964111328125 0.100784301757813 0.0325431823730469 -0.0171470642089844
0.0173187255859375 0.079864501953125 -0.00206184387207031 0.0144062042236328
0.0646209716796875 0.0522422790527344 0.0255126953125 0.0382843017578125
0.0639724731445312 0.00391006469726563 0.0527610778808594 0.015167236328125
0.0475234985351563 -0.0342254638671875 0.0500984191894531 -0.0187034606933594
0.010833740234375 -0.0479850769042969 0.0168380737304688 -0.0401649475097656
-0.0162124633789062 -0.0487747192382813 -0.0114669799804688 -0.0314044952392578
-0.017913818359375 -0.0555267333984375 -0.0119590759277344 -0.0165081024169922
-0.023773193359375 -0.05242919921875 -0.0163536071777344 -0.00787639617919923
-0.000812530517578125 -0.0525169372558594 -0.0200729370117188 -0.00229263305664063
0.0315704345703125 -0.0513153076171875 -0.0246067047119141 -0.00749206542968751
0.0636367797851563 -0.0269622802734375 -0.0305557250976562 -0.0263385772705078
0.0759353637695313 0.0416107177734375 -0.0109596252441406 -0.0370330810546875
0.0428924560546875 0.077880859375 -0.00107955932617187 -0.0411338806152344
0.00240325927734374 0.107078552246094 -0.00179672241210937 -0.0286922454833984
-0.0243911743164062 0.102149963378906 0.0236053466796875 0.0167770385742188
0.00635528564453124 0.0930328369140625 -0.003631591796875 0.0363426208496094
0.066864013671875 0.0708541870117187 0.0191764831542969 0.0473861694335938
0.0760726928710938 0.012908935546875 0.0438728332519531 0.027374267578125
0.0599212646484375 -0.0359649658203125 0.0438804626464844 -0.00168609619140625
0.0162277221679688 -0.0564651489257813 0.0169830322265625 -0.0185394287109375
-0.0162887573242188 -0.0550117492675781 -0.00185394287109375 -0.0108880996704102
-0.0190277099609375 -0.0614395141601562 -0.000756025314331056 0.00202488899230957
-0.0274085998535156 -0.0575141906738281 -0.00511264801025391 0.0106544494628906
-0.00330352783203125 -0.0564193725585938 -0.0150146484375 0.0177078247070312
0.0299186706542969 -0.0560150146484375 -0.0249290466308594 0.00807571411132812
0.0639915466308594 -0.0295257568359375 -0.0336074829101562 -0.0144557952880859
0.0769577026367188 0.04180908203125 -0.013702392578125 -0.0288867950439453
0.0399322509765625 0.0791854858398438 0.00415992736816407 -0.0263290405273437
-0.0050506591796875 0.105575561523438 -0.00623846054077148 0.00175857543945313
-0.0329055786132812 0.08544921875 0.0123748779296875 0.0493698120117188
-0.00665283203125 0.0862503051757813 -0.005462646484375 0.0560188293457031
0.0542144775390625 0.0742340087890625 0.0101814270019531 0.0526695251464844
0.0705184936523438 0.0200424194335938 0.0307044982910156 0.0370101928710938
0.0600547790527344 -0.0297355651855469 0.0327262878417969 0.0151290893554687
0.0180435180664063 -0.0540199279785156 0.0155763626098633 0.00413036346435547
-0.0137405395507813 -0.0520744323730469 0.00792694091796875 0.00992393493652343
-0.017669677734375 -0.0576553344726563 0.0107955932617187 0.0188770294189453
-0.026580810546875 -0.0548973083496094 0.00666618347167969 0.0278072357177734
-0.00467300415039063 -0.0527305603027344 -0.00958633422851563 0.0351200103759766
0.0267868041992188 -0.0520782470703125 -0.0243053436279297 0.0213451385498047
0.0578460693359375 -0.0254707336425781 -0.0343437194824219 -0.00389099121093749
0.0670280456542969 0.040496826171875 -0.0149726867675781 -0.0209827423095703
0.028594970703125 0.0729293823242188 0.00940322875976563 -0.0122699737548828
-0.0140304565429688 0.0898208618164063 -0.0115623474121094 0.0294837951660156
-0.0339584350585938 0.0532379150390625 0.000961303710937498 0.0751800537109375
-0.0151786804199219 0.0616455078125 -0.00733184814453126 0.0706787109375
0.0323257446289063 0.0606727600097656 0.00249099731445313 0.0532341003417969
0.0506439208984375 0.0208930969238281 0.0169830322265625 0.0418472290039063
0.0470008850097656 -0.0195274353027344 0.0200271606445313 0.0271511077880859
0.0151557922363281 -0.0422096252441406 0.0130863189697266 0.0236968994140625
-0.00988006591796875 -0.0404090881347656 0.0171642303466797 0.0276451110839844
-0.0137176513671875 -0.0453224182128906 0.0208797454833984 0.0330715179443359
-0.0211830139160156 -0.0440521240234375 0.0169448852539063 0.0425186157226563
-0.00332260131835937 -0.0429763793945313 -0.00427627563476563 0.049591064453125
0.0226478576660156 -0.041717529296875 -0.0249500274658203 0.032257080078125
0.0468711853027344 -0.0172500610351563 -0.0354347229003906 0.0050048828125
0.0494804382324219 0.0379142761230469 -0.0166721343994141 -0.0157461166381836
0.0132102966308594 0.0598945617675781 0.011927604675293 -0.00121593475341797
-0.0227775573730469 0.0627632141113281 -0.0190010070800781 0.0511054992675781
-0.0291252136230469 0.0121612548828125 -0.0062408447265625 0.0884475708007812
-0.0195941925048828 0.0269641876220703 -0.006072998046875 0.076507568359375
0.00816535949707032 0.0343856811523438 -0.0025177001953125 0.0507354736328125
0.0234375 0.0157794952392578 0.0085906982421875 0.0432586669921875
0.0254859924316406 -0.00760459899902344 0.0113792419433594 0.0337772369384766
0.0092620849609375 -0.0239295959472656 0.0126304626464844 0.0356903076171875
-0.00485038757324219 -0.0224704742431641 0.0241928100585938 0.0386238098144531
-0.00787734985351562 -0.0262565612792969 0.0273323059082031 0.0415763854980469
-0.0127773284912109 -0.0283546447753906 0.0234794616699219 0.0526847839355469
-0.00127220153808594 -0.0281448364257813 -0.002471923828125 0.0590133666992188
0.0167160034179688 -0.0276012420654297 -0.027679443359375 0.0398063659667969
0.0319690704345703 -0.00809478759765625 -0.0368804931640625 0.0100517272949219
0.0291404724121094 0.0303974151611328 -0.0200424194335937 -0.0126743316650391
-0.00290679931640625 0.041015625 0.00961971282958985 0.00702762603759766
-0.0284557342529297 0.0282649993896484 -0.0284461975097656 0.0637779235839844
0.0231170654296875 0.0135917663574219 0.02740478515625 -0.0723419189453125
0.0120077133178711 -0.0126094818115234 -0.00893592834472656 -0.0178756713867188
-0.00533866882324219 -0.0139436721801758 0.0223007202148437 0.0166873931884766
-0.0113449096679688 0.00104236602783203 0.0486488342285156 -0.00775909423828125
-0.00707340240478516 0.00983428955078125 0.0404510498046875 -0.0422897338867187
0.00204658508300781 0.00967979431152344 0.009033203125 -0.0672874450683594
0.000828027725219727 0.00397515296936035 -0.028106689453125 -0.0610237121582031
-0.00119876861572266 0.00250649452209473 -0.0324935913085938 -0.0481796264648438
-0.00122880935668945 0.00284099578857422 -0.0297012329101563 -0.0423660278320312
-0.00163757801055908 -0.00157797336578369 -0.017822265625 -0.0441818237304688
-0.000775814056396485 -0.00694084167480469 -0.0131378173828125 -0.0399398803710937
0.00473785400390625 -0.0125265121459961 -0.00860214233398437 -0.0453300476074219
0.0207843780517578 -0.00290298461914062 0.00828933715820313 -0.0530891418457031
0.0280323028564453 0.0113468170166016 0.00286102294921875 -0.0735321044921875
0.0240612030029297 0.0270175933837891 0.0123062133789063 -0.0937652587890625
0.0164413452148438 0.0519752502441406 0.0341720581054688 -0.06427001953125
0.020843505859375 0.0194339752197266 -0.00580596923828125 -0.0140542984008789
0.0225257873535156 0.00396156311035156 0.0256767272949219 0.0209522247314453
0.01385498046875 -0.00225830078125 0.0533485412597656 -0.00374221801757812
0.00913619995117188 -0.00833225250244141 0.0468978881835938 -0.0399856567382813
0.00250816345214844 -0.0111331939697266 0.0118255615234375 -0.0663261413574219
-0.00761890411376953 -0.0163440704345703 -0.0260391235351563 -0.0589027404785156
-0.00846672058105469 -0.0210628509521484 -0.0300636291503906 -0.0440101623535156
-0.00951957702636719 -0.0207099914550781 -0.0297050476074219 -0.0378227233886719
0.00275039672851562 -0.0228385925292969 -0.020782470703125 -0.0371780395507813
0.0180492401123047 -0.0229225158691406 -0.0169734954833984 -0.0349216461181641
0.0331497192382813 -0.0130805969238281 -0.0151252746582031 -0.0435943603515625
0.0427894592285156 0.0224800109863281 0.00264358520507813 -0.0501174926757813
0.0321006774902344 0.0446586608886719 -0.00139999389648437 -0.0673561096191406
0.0151710510253906 0.066375732421875 0.00930786132812499 -0.082061767578125
0.004608154296875 0.08428955078125 0.0369110107421875 -0.0446243286132812
0.0232658386230469 0.053955078125 -0.00359702110290527 -0.0027320384979248
0.0488014221191406 0.0276870727539063 0.0269355773925781 0.0290355682373047
0.0416793823242188 -0.00162506103515625 0.0563888549804688 0.0045623779296875
0.0290317535400391 -0.024658203125 0.0519676208496094 -0.0325202941894531
0.00600242614746094 -0.0321197509765625 0.0152244567871094 -0.0580940246582031
-0.0137405395507813 -0.0351524353027344 -0.0201072692871094 -0.0488739013671875
-0.0146713256835937 -0.0421943664550781 -0.0228843688964844 -0.0331192016601563
-0.0177116394042969 -0.0400276184082031 -0.0256404876708984 -0.0250568389892578
0.0026702880859375 -0.0412178039550781 -0.0226631164550781 -0.0225086212158203
0.0290489196777344 -0.0399436950683594 -0.0224380493164062 -0.023895263671875
0.0546607971191406 -0.019927978515625 -0.0246429443359375 -0.0373725891113281
0.0639419555664063 0.0369873046875 -0.00481414794921875 -0.0452423095703125
0.0394973754882813 0.0681228637695313 -0.00373077392578125 -0.0561180114746094
0.00838470458984375 0.0951385498046875 0.0032806396484375 -0.0593643188476562
-0.0113525390625 0.103385925292969 0.0334091186523438 -0.0164928436279297
0.0173721313476563 0.0819244384765625 -0.00314044952392578 0.0156888961791992
0.0663337707519531 0.0529975891113281 0.0247955322265625 0.0396652221679688
0.0656013488769531 0.00435256958007813 0.0537872314453125 0.0164566040039063
0.048583984375 -0.034942626953125 0.0521163940429688 -0.0182266235351563
0.0117454528808594 -0.0486717224121094 0.0176124572753906 -0.0412445068359375
-0.0164146423339844 -0.0495758056640625 -0.0112972259521484 -0.0322647094726563
-0.0190696716308594 -0.0568733215332031 -0.0127315521240234 -0.0167932510375977
-0.0249137878417969 -0.0533065795898438 -0.0171175003051758 -0.00819206237792969
-0.000270843505859371 -0.0534820556640625 -0.0203781127929688 -0.00272560119628907
0.0326271057128906 -0.052520751953125 -0.0254039764404297 -0.00822639465332031
0.0655479431152344 -0.0271835327148438 -0.0315933227539062 -0.0268154144287109
0.0779190063476563 0.0424118041992188 -0.0103378295898437 -0.0382766723632813
0.0434417724609375 0.07977294921875 -0.00101089477539062 -0.0422859191894531
0.00164794921875001 0.109794616699219 -0.00191497802734375 -0.0294551849365234
-0.0254592895507812 0.104988098144531 0.0240592956542969 0.0184879302978516
0.00635528564453126 0.0950088500976563 -0.00462722778320312 0.0373382568359375
0.0685806274414063 0.0715866088867188 0.0179595947265625 0.0487861633300781
0.0773696899414062 0.0137557983398437 0.0438690185546875 0.0290756225585938
0.061309814453125 -0.0371131896972656 0.0457534790039063 -0.000877380371093752
0.0171089172363281 -0.0575408935546875 0.0179405212402344 -0.0189418792724609
-0.0162239074707031 -0.05633544921875 -0.00111961364746094 -0.0108461380004883
-0.019744873046875 -0.06256103515625 -0.000756502151489259 0.00192344188690185
-0.0285682678222656 -0.0583648681640625 -0.00535106658935547 0.010894775390625
-0.00342941284179687 -0.0572395324707031 -0.0152435302734375 0.0172195434570312
0.0309028625488281 -0.05706787109375 -0.0257930755615234 0.00768089294433594
0.0658378601074219 -0.0300827026367188 -0.0349617004394531 -0.0147151947021484
0.0784835815429688 0.0422744750976563 -0.0134639739990234 -0.0297870635986328
0.040313720703125 0.081329345703125 0.00461769104003906 -0.0271530151367187
-0.00553131103515626 0.108123779296875 -0.00648117065429688 0.00202322006225587
-0.0339431762695313 0.0874862670898438 0.0118408203125 0.0513343811035156
-0.00722503662109374 0.0878753662109375 -0.0066680908203125 0.0574989318847656
0.0554046630859375 0.0756378173828125 0.00896835327148438 0.0540924072265625
0.0716705322265625 0.0211257934570313 0.0304069519042969 0.0383567810058594
0.0615730285644531 -0.0305633544921875 0.0339756011962891 0.0161380767822266
0.0186691284179688 -0.0549240112304688 0.0162477493286133 0.00481605529785156
-0.0137748718261719 -0.0533981323242188 0.00899600982666016 0.0103797912597656
-0.0187759399414063 -0.0592308044433594 0.0110588073730469 0.0193214416503906
-0.0270957946777344 -0.0553741455078125 0.006317138671875 0.0285816192626953
-0.00440597534179688 -0.0534095764160156 -0.00949859619140625 0.0355873107910156
0.027618408203125 -0.0530776977539062 -0.0254669189453125 0.022003173828125
0.0592384338378906 -0.0258903503417969 -0.0353965759277344 -0.00378036499023438
0.0689201354980469 0.0411758422851562 -0.0151538848876953 -0.0220985412597656
0.0294036865234375 0.074310302734375 0.00967121124267578 -0.0131111145019531
-0.0145034790039063 0.0915145874023438 -0.01226806640625 0.0298728942871094
-0.0345687866210937 0.0548019409179687 0.000610351562500001 0.0776290893554688
-0.015960693359375 0.0628318786621094 -0.0087738037109375 0.0724029541015625
0.0329132080078125 0.0611534118652344 0.000759124755859377 0.0544090270996094
0.051605224609375 0.0218963623046875 0.0167884826660156 0.0431060791015625
0.0479965209960938 -0.0203895568847656 0.0202503204345703 0.0281925201416016
0.0158271789550781 -0.0431251525878906 0.0134563446044922 0.0254325866699219
-0.00965118408203125 -0.0414199829101563 0.0182456970214844 0.0283966064453125
-0.014312744140625 -0.0463371276855469 0.0215606689453125 0.0331096649169922
-0.0215721130371094 -0.0448379516601563 0.0173568725585938 0.0427970886230469
-0.00324249267578125 -0.0438575744628906 -0.00420379638671875 0.0503120422363281
0.02313232421875 -0.0419998168945313 -0.0258312225341797 0.0330677032470703
0.0480194091796875 -0.0173301696777344 -0.0361595153808594 0.00479507446289063
0.0507125854492188 0.0383682250976563 -0.0167789459228516 -0.0164985656738281
0.0132713317871094 0.0613822937011719 0.0118722915649414 -0.0015420913696289
-0.0238304138183594 0.0640373229980469 -0.0202827453613281 0.05157470703125
-0.0296154022216797 0.0123233795166016 -0.00730895996093751 0.0904922485351563
-0.0206089019775391 0.0270328521728516 -0.00714874267578125 0.078369140625
0.00833892822265625 0.0349941253662109 -0.00358200073242188 0.0519332885742188
0.0236148834228516 0.0160713195800781 0.0078125 0.0445289611816406
0.0259742736816406 -0.00786781311035156 0.0112419128417969 0.03533935546875
0.00940704345703125 -0.0244216918945312 0.0132064819335937 0.0375785827636719
-0.00513648986816407 -0.0228710174560547 0.0258026123046875 0.0396919250488281
-0.00818061828613281 -0.0267772674560547 0.0282669067382813 0.042022705078125
-0.01287841796875 -0.0286960601806641 0.0238227844238281 0.0535697937011719
-0.00105667114257813 -0.0290794372558594 -0.00310897827148438 0.06024169921875
0.0170364379882813 -0.0280380249023438 -0.0286407470703125 0.0401077270507813
0.0327301025390625 -0.007965087890625 -0.0379753112792969 0.0102348327636719
0.0293464660644531 0.0312633514404297 -0.0202484130859375 -0.0137290954589844
-0.00300979614257812 0.0416679382324219 0.00978565216064453 0.00637149810791016
-0.0291805267333984 0.0282917022705078 -0.0300827026367188 0.0644416809082031
0.0241355895996094 0.0139503479003906 0.0283660888671875 -0.0754852294921875
0.0126161575317383 -0.0130014419555664 -0.0095672607421875 -0.0177440643310547
-0.005523681640625 -0.0146961212158203 0.0230751037597656 0.0176029205322266
-0.0117931365966797 0.000814437866210935 0.0503120422363281 -0.00800704956054688
-0.00702190399169922 0.0104837417602539 0.0418319702148438 -0.0445137023925781
0.0021514892578125 0.0100879669189453 0.00878906249999999 -0.0707626342773438
0.000854253768920899 0.00412774085998535 -0.0303840637207031 -0.0628585815429688
-0.00159716606140137 0.00268340110778809 -0.0350990295410156 -0.0490646362304688
-0.00172233581542969 0.00282454490661621 -0.0317344665527344 -0.0434951782226563
-0.00124716758728027 -0.00235962867736816 -0.0195770263671875 -0.0461044311523438
-0.000736236572265625 -0.00780439376831055 -0.0142288208007813 -0.0422096252441406
0.00533580780029297 -0.0131492614746094 -0.00908660888671875 -0.0470237731933594
0.0218582153320312 -0.00350761413574219 0.00879669189453125 -0.0551261901855469
0.0288372039794922 0.0115966796875 0.00234222412109375 -0.07574462890625
0.025177001953125 0.0277557373046875 0.0131607055664063 -0.0979690551757813
0.0179977416992188 0.0546684265136719 0.0349159240722656 -0.0664024353027344
0.022064208984375 0.0206508636474609 -0.00639724731445312 -0.0136423110961914
0.0240135192871094 0.00388526916503906 0.0265922546386719 0.0222816467285156
0.0143337249755859 -0.00248241424560547 0.0560531616210938 -0.00360107421875
0.00932121276855469 -0.00862979888916016 0.0488548278808594 -0.0425529479980469
0.00276374816894531 -0.0115947723388672 0.0117568969726562 -0.06951904296875
-0.00853538513183594 -0.0166902542114258 -0.0280036926269531 -0.0604515075683594
-0.00958633422851563 -0.0221900939941406 -0.0320472717285156 -0.0448493957519531
-0.0100193023681641 -0.0210361480712891 -0.0321197509765625 -0.0386276245117187
0.00272560119628906 -0.0243453979492188 -0.0228347778320313 -0.0388107299804687
0.0185775756835938 -0.0246601104736328 -0.0182304382324219 -0.0368614196777344
0.0347862243652344 -0.01409912109375 -0.0162162780761719 -0.0451889038085938
0.0453529357910156 0.02288818359375 0.00301361083984376 -0.0521240234375
0.033721923828125 0.0461349487304688 -0.00164413452148438 -0.0693130493164063
0.01641845703125 0.069610595703125 0.00950622558593751 -0.0850448608398438
0.00552368164062499 0.0881118774414063 0.0380477905273438 -0.0460357666015625
0.0249977111816406 0.0561370849609375 -0.00402116775512695 -0.00194334983825683
0.0514373779296875 0.0278587341308594 0.0279712677001953 0.0308361053466797
0.0436744689941406 -0.00226211547851563 0.0582695007324219 0.00504302978515625
0.0296916961669922 -0.0258350372314453 0.054473876953125 -0.0347328186035156
0.0061187744140625 -0.0334625244140625 0.0156669616699219 -0.0602798461914063
-0.0147628784179688 -0.0367584228515625 -0.0215225219726563 -0.0504722595214844
-0.0164833068847656 -0.0438079833984375 -0.0245285034179687 -0.0337333679199219
-0.0192222595214844 -0.0416030883789063 -0.0273342132568359 -0.0258197784423828
0.00245285034179687 -0.0431289672851563 -0.0241012573242187 -0.0233573913574219
0.0301094055175781 -0.0420265197753906 -0.02392578125 -0.0253639221191406
0.0567245483398438 -0.0213241577148438 -0.0259170532226562 -0.0386810302734375
0.0675468444824219 0.0375251770019531 -0.00463867187499999 -0.0472145080566406
0.0413818359375 0.071075439453125 -0.00391769409179688 -0.0583419799804687
0.00947570800781249 0.0993194580078125 0.00363540649414062 -0.0617332458496094
-0.010833740234375 0.10858154296875 0.0345306396484375 -0.0163345336914062
0.0190887451171875 0.0856094360351563 -0.00347518920898437 0.0173664093017578
0.0701026916503906 0.0541572570800781 0.0251235961914063 0.0415153503417969
0.06890869140625 0.00406646728515625 0.0556602478027344 0.0176200866699219
0.0499992370605469 -0.0374374389648438 0.0547370910644531 -0.0198822021484375
0.0117301940917969 -0.0510787963867188 0.0186576843261719 -0.0432014465332031
-0.0179367065429688 -0.0518035888671875 -0.0120582580566406 -0.0334377288818359
-0.0212249755859375 -0.059112548828125 -0.0138053894042969 -0.0174846649169922
-0.02655029296875 -0.0557174682617188 -0.0180625915527344 -0.00803184509277344
-0.000728607177734372 -0.0554618835449219 -0.0217990875244141 -0.00294685363769532
0.0332832336425781 -0.0554084777832031 -0.0268096923828125 -0.00885963439941407
0.0678215026855469 -0.0296211242675781 -0.0332355499267578 -0.0274772644042969
0.08245849609375 0.0428390502929688 -0.0109748840332031 -0.0400962829589844
0.0457763671875 0.0830612182617188 -0.00160598754882812 -0.0439300537109375
0.00281524658203124 0.114913940429688 -0.00203132629394531 -0.0306243896484375
-0.0250396728515625 0.109848022460938 0.0247173309326172 0.0200519561767578
0.00727844238281251 0.0990524291992188 -0.00455474853515625 0.0398750305175781
0.0725631713867188 0.0736465454101563 0.0182952880859375 0.050994873046875
0.0810317993164062 0.0138626098632812 0.0458946228027344 0.0307846069335938
0.0632896423339844 -0.0395927429199219 0.048583984375 -0.000766754150390627
0.0169677734375 -0.0598297119140625 0.0195236206054688 -0.0197353363037109
-0.0173454284667969 -0.0585823059082031 -0.000689506530761719 -0.0113191604614258
-0.0226478576660156 -0.0653648376464844 -0.00050187110900879 0.00176191329956054
-0.0307960510253906 -0.0599555969238281 -0.00591754913330078 0.0112953186035156
-0.00391769409179688 -0.0595626831054688 -0.0158710479736328 0.0181503295898437
0.0314445495605469 -0.0599403381347656 -0.0272846221923828 0.00798606872558594
0.0686111450195313 -0.0320625305175781 -0.0368232727050781 -0.0148086547851563
0.0827255249023438 0.043182373046875 -0.01373291015625 -0.0315475463867188
0.0428314208984375 0.0840301513671875 0.00478553771972656 -0.0285778045654297
-0.004852294921875 0.11297607421875 -0.00699758529663086 0.00173950195312501
-0.0343170166015625 0.0916976928710938 0.0125350952148437 0.0541648864746094
-0.00675201416015625 0.0915679931640625 -0.00736236572265624 0.0603790283203125
0.0587081909179687 0.0777053833007813 0.00844955444335938 0.0565605163574219
0.0750198364257813 0.0217361450195313 0.0309295654296875 0.0408706665039063
0.06353759765625 -0.0325202941894531 0.0359611511230469 0.0171089172363281
0.0189170837402344 -0.05780029296875 0.0177421569824219 0.00489234924316406
-0.0149040222167969 -0.0554771423339844 0.0100421905517578 0.0104303359985352
-0.0205917358398437 -0.0611953735351563 0.01214599609375 0.0197334289550781
-0.0295867919921875 -0.0569648742675781 0.00682640075683594 0.0297183990478516
-0.00477981567382813 -0.0554046630859375 -0.00935745239257813 0.036712646484375
0.0281448364257813 -0.0554237365722656 -0.0267448425292969 0.0223903656005859
0.0618629455566406 -0.0272903442382813 -0.0370712280273437 -0.00362777709960938
0.0723800659179688 0.0422134399414063 -0.0154914855957031 -0.0236339569091797
0.0313949584960938 0.0771484375 0.00956535339355469 -0.0142183303833008
-0.0143051147460938 0.0963592529296875 -0.0126953125 0.031005859375
-0.0351409912109375 0.0575790405273438 0.000114440917968756 0.0811996459960938
-0.0164031982421875 0.0650444030761719 -0.00865936279296875 0.0755691528320312
0.0347938537597656 0.06341552734375 0.000179290771484379 0.0570793151855469
0.0544166564941406 0.0231170654296875 0.0167808532714844 0.0452232360839844
0.0499496459960937 -0.02142333984375 0.0219631195068359 0.0299873352050781
0.016204833984375 -0.0453910827636719 0.0157833099365234 0.0265750885009766
-0.01043701171875 -0.043243408203125 0.0202922821044922 0.0296249389648437
-0.0157127380371094 -0.0477447509765625 0.0230083465576172 0.0340385437011719
-0.023040771484375 -0.0460205078125 0.0182914733886719 0.0444450378417969
-0.0034942626953125 -0.0452880859375 -0.00394821166992187 0.0520210266113281
0.0236015319824219 -0.0443649291992188 -0.0269832611083984 0.0342292785644531
0.0500068664550781 -0.0182304382324219 -0.0380401611328125 0.00531005859375
0.052703857421875 0.0398521423339844 -0.0174560546875 -0.0177650451660156
0.0142898559570312 0.0636634826660156 0.0126552581787109 -0.00265407562255859
-0.0242462158203125 0.0672111511230469 -0.0210494995117187 0.0538825988769531
-0.0304412841796875 0.0134830474853516 -0.00728607177734374 0.0942459106445313
-0.0210628509521484 0.0280094146728516 -0.00759124755859375 0.0807952880859375
0.00854110717773438 0.0360908508300781 -0.00426864624023438 0.0542335510253906
0.0249137878417969 0.0170249938964844 0.00797653198242188 0.0470657348632813
0.0268707275390625 -0.00857925415039063 0.0124702453613281 0.0372810363769531
0.00945854187011719 -0.0255661010742187 0.0153312683105469 0.0393295288085938
-0.00527763366699219 -0.0237064361572266 0.0278053283691406 0.0407333374023437
-0.0089111328125 -0.0275897979736328 0.0303001403808594 0.0434951782226563
-0.0140266418457031 -0.029327392578125 0.0260238647460938 0.0553550720214844
-0.00135421752929688 -0.0300483703613281 -0.00189208984375 0.0626373291015625
0.0176048278808594 -0.0291461944580078 -0.0295639038085938 0.0427093505859375
0.0340480804443359 -0.00826454162597656 -0.0397567749023438 0.0109138488769531
0.0308666229248047 0.0322227478027344 -0.0210304260253906 -0.0146064758300781
-0.00275039672851562 0.0434341430664063 0.0100908279418945 0.00607872009277344
-0.0303535461425781 0.0295639038085938 -0.0316543579101563 0.06719970703125
-0.00290843228408137 -0.0190493210983691 0.0786168880164548 -0.016349875946507
-0.017675994790596 -0.000910608814879752 0.0125334711068076 -0.0148943016175275
-0.0122034682238631 0.0126580277917762 -0.000852260129268869 0.0331224423484433
0.00475308266618589 0.0116655851161928 0.0342384577421476 0.0399071967900748
0.00932686847352306 0.00255072048952209 0.0653007356855126 0.0138839999056306
0.00471189930128424 -0.0012024217444563 0.0678567781458773 -0.0249505379479227
0.00541269647758157 0.00122954259604521 0.0497837561164876 -0.0527363421231738
0.00611960356948182 0.00250218338556183 0.0309269574724977 -0.0597738345103961
0.00434815706580329 0.00387277926242841 0.0282719615550209 -0.0499198543923167
0.00087061567958761 0.00513952759719045 0.0316359150115724 -0.0399629196163197
-0.00493664464455957 0.00828579224182325 0.0345687779163483 -0.0342494521106555
-0.0143308761178333 0.00628943111132193 0.0415409146092938 -0.029958009841748
-0.0208971878084612 -0.00905266570624728 0.0512033212940608 -0.020572878718351
-0.00881248288947836 -0.0251890131071862 0.0652609958693964 -0.0346753567803099
0.0104753634220552 -0.0291004308925639 0.083735005387671 -0.051550859187598
0.0330554574763851 -0.0360510901479057 0.0700444233301568 -0.00937358808418592
0.0041793198227434 -0.0313973671547003 0.00312133386550618 -0.0129309505799377
-0.0146944675611048 -0.0243435807964143 -0.0119522029234274 0.0433019396293984
-0.0182269678459827 -0.00974608373732426 0.030659060860896 0.0551317007764601
-0.0177419473917373 0.00479300982453166 0.0701291718179691 0.0245036024909903
-0.0134068100602146 0.0123396078069062 0.0717077177555865 -0.0196745464069948
-0.00899088331324644 0.0206043014763499 0.0516279274527047 -0.0477349100036711
-0.00741029070307837 0.0247760367084096 0.0305406398609085 -0.0543457946323271
-0.0120028628138926 0.0251691684137535 0.0259293613349719 -0.0464938485445426
-0.0199546186124756 0.0156370095811149 0.0254308039454367 -0.0366355418154654
-0.0312274656497215 0.0051614775310416 0.0274736968017495 -0.0321750525700889
-0.0341951236309205 -0.0195820471677391 0.0320690060137198 -0.0324759161441148
-0.019245131720299 -0.0448455206058338 0.0416034248778895 -0.0239749868501233
0.0157849060386315 -0.0503522245458783 0.0553585245333482 -0.0393023138960037
0.0482301314377099 -0.044054642515961 0.0722482312328253 -0.0511161639070413
0.0672815621551593 -0.0465408413321645 0.0496635225399774 0.000283567958976127
0.0315701436608109 -0.0575418404080496 -0.0138074931459616 -0.00841769762632596
-0.0110236787874231 -0.0636238293848161 -0.0285393206296145 0.0526452542696369
-0.0390210274922421 -0.0372321420873276 0.0192346585712113 0.0696988135172678
-0.0466755590783948 0.00141300400042226 0.0675970055404424 0.0379002172083918
-0.033017867336964 0.0223626760240087 0.0677309793738419 -0.00972527946978092
-0.0245603324274098 0.0366155957519605 0.0470826289827151 -0.0353837584691346
-0.0196692179941781 0.0436602684237279 0.0259962102693277 -0.0410240130862856
-0.0240132558454727 0.0444959966310838 0.0178753330768795 -0.0355203095930914
-0.0350507565656872 0.0274808807331186 0.0130141085395679 -0.0278416472762931
-0.0523887460655266 0.00831184132650272 0.0136614732858132 -0.0287759245083273
-0.0537258223266994 -0.0350888327855328 0.0183523181149455 -0.035420316507457
-0.024873384535845 -0.0711673930562241 0.0306955230284196 -0.0276400670798457
0.0302908098128482 -0.0720265366142055 0.0424515270552103 -0.0379527888443641
0.0755194282390309 -0.0548269368676876 0.050178249328284 -0.0450831506036785
0.0931509855724274 -0.0473542610086734 0.0199756756843712 0.0101128026929673
0.0593689562707993 -0.0739093889342406 -0.0361858078279364 -0.0033840913063133
0.000134801009063463 -0.0968691448558829 -0.0489608295824827 0.05706479699675
-0.0514337117964226 -0.0655872892012316 0.00133689889135246 0.0796881624082128
-0.0715128634914485 -0.00671323061559062 0.0550465144960811 0.0503550660203895
-0.0508896264202449 0.0278604151424682 0.0554376383052663 0.00324360675471787
-0.0371421460148765 0.0465786577302822 0.036076512895329 -0.0179331015701282
-0.0289198398957857 0.0562749453697379 0.0169335366298203 -0.0215263212704944
-0.0317870106692636 0.0579187218088199 0.00687071852998004 -0.0189724418399544
-0.0431836094472105 0.0372901805346071 -0.00250686383340168 -0.0147915170084257
-0.063905084106973 0.0139777513548843 -0.00253106987361691 -0.0220690953520323
-0.0673818336566195 -0.0401794213190865 0.00369098178302095 -0.034342730542929
-0.0312941748850887 -0.0849733021838815 0.0198112865375318 -0.0281064585985149
0.036923496086025 -0.0838029340943898 0.0302291750506376 -0.0301798203081039
0.0907703215182345 -0.0588376916801418 0.0228388701542518 -0.0324595788963287
0.102919545072091 -0.0402058649148983 -0.0166956457347699 0.0202195651604017
0.0779718310672371 -0.0748568221774065 -0.0589677790960409 0.00289449876152404
0.0162050486734999 -0.111270771563269 -0.0667124425241224 0.0532926900450768
-0.0506537302438333 -0.0844737890800786 -0.0203296090638426 0.0784086651463005
-0.0823795614894823 -0.0173914797620309 0.0330560708978778 0.0571739313086591
-0.0609774779268605 0.026961616500072 0.0346164850487829 0.0162595446688402
-0.0445686558992906 0.0484150961088957 0.0191722879575862 0.001692188689162
-0.0335337495565416 0.0595743423295857 0.00523762383592325 0.00101435375805361
-0.0349470687561767 0.0625838008803726 -0.00542309258129166 0.00199716953782049
-0.0453437159540709 0.0413977106374581 -0.01713693086045 0.00153669753980112
-0.0662323500303973 0.0177308783426321 -0.018666849764427 -0.0135540700980158
-0.070032413500722 -0.0398791672542581 -0.0101239304119475 -0.0308177851041243
-0.0319698934215391 -0.0868656243711262 0.0105329140808257 -0.0266024127644293
0.0391716292468471 -0.0830317869058562 0.019529240639609 -0.017799784478519
0.0936594962507711 -0.0532937941611592 -0.00536948746788261 -0.0165200663328827
0.0931701954687572 -0.026867475260274 -0.0506039326019577 0.0297050771726903
0.0809579635027715 -0.0600861868826526 -0.0766796426703616 0.00945921401310397
0.0290808873078103 -0.102427242592761 -0.0765731875294007 0.0431952642799825
-0.0378476814154535 -0.0864739497859371 -0.0389136752086372 0.0669660877984292
-0.0766254540769096 -0.0249362628213773 0.00726515115557313 0.0559928368755009
-0.059852611531583 0.0213513384939475 0.010777257378468 0.0263964919007961
-0.0437809475931545 0.0430240461061534 0.001574276294324 0.0203031370298283
-0.0327965056588735 0.0546728024790556 -0.00683181416597968 0.0224597379154548
-0.0327498011375906 0.0579578508149972 -0.0181265629921586 0.0217728519640926
-0.0419050372457606 0.0382611824299366 -0.0310594148149744 0.0154917415394997
-0.0603496870201432 0.0161723106731928 -0.0323847155080604 -0.00615231931557244
-0.0611950275813841 -0.0375131629975117 -0.0205121221156287 -0.0272613113251386
-0.0237377744507275 -0.0793095806515467 0.00382151979793016 -0.0237402061293786
0.0408445892641298 -0.0705540637637687 0.0111006970242743 -0.00608915412396028
0.0849905040066476 -0.0386030820896588 -0.031676536990148 -0.00196254969454353
0.0660232484684764 -0.0109545113479096 -0.076982900856377 0.036860137396935
0.0648114890698779 -0.0360356772239462 -0.0862244435643766 0.0168676931583994
0.0319540619743247 -0.073217638368487 -0.0750014981513147 0.0313774328944578
-0.0202527981125266 -0.069051647613308 -0.048225829942269 0.0508568545871302
-0.0566929030543252 -0.0241764293175035 -0.0141899978410715 0.0474018016213645
-0.0475218856174287 0.0135495881080893 -0.0119172831454323 0.0327888905076543
-0.0354757316243733 0.0308795038081818 -0.0153629397323125 0.0359443398751882
-0.0270236116460685 0.0409618955676267 -0.0173257910913586 0.0404545727030141
-0.0270965435861587 0.0443994468325128 -0.0286372921702934 0.0390088643055652
-0.0354132536028527 0.0292633267463255 -0.0430504879115883 0.0266289157109364
-0.0483486796193903 0.0110914367527317 -0.0453244512219895 -0.00223576706394921
-0.0455268901192144 -0.0337126591322495 -0.0288358026884623 -0.0258268477976874
-0.0111686628245416 -0.0641669803438334 -0.000942743887497896 -0.0238670558108037
0.0398487681772968 -0.0495746152790067 0.00404285651712924 0.00358020842863972
0.066681584408403 -0.0170891750209498 -0.0534376291265089 0.00821397879623969
0.0264965951553605 0.00668891666232864 -0.0879499017814 0.0422941052069088
0.0365329190833684 -0.00820818283089486 -0.0843580728562522 0.0256401253865679
0.0246368940053766 -0.0341466377469538 -0.0653139200875137 0.0227294423984945
-0.00372047160525687 -0.0384639045687307 -0.0487650427223403 0.0355969745056624
-0.0283185335586935 -0.0175118236559125 -0.0286234832379405 0.0384513691629637
-0.0274153209446747 0.00485004202449508 -0.026613709229495 0.0360318039961079
-0.0208362354762016 0.0154285756100581 -0.0264847618988351 0.0451091513582103
-0.0173179963991684 0.0220522165323369 -0.0246652095558955 0.0524319031509368
-0.0182711683741177 0.0254349439530949 -0.0379749567007306 0.0501002936849819
-0.0246813882310762 0.0171254501808757 -0.0528129726814283 0.0321921400805978
-0.0326492340783591 0.00447235699898085 -0.0550392418519518 -0.00268811979336801
-0.0260610513134371 -0.0258861646653463 -0.0336382900798377 -0.0280275265639641
0.000541630129854802 -0.0431921197210364 -0.00315296552800746 -0.026515700977468
0.034894129619863 -0.0239831921463632 -0.00164501428066218 0.00669030177188699
0.040099734913876 0.00636533932543948 -0.0699350644594388 0.0121841902113191
-0.00410585261474802 -0.0197192751637275 0.080227003851108 -0.0200116788892471
-0.0178075072138548 -0.000587305989999337 0.0114114719767461 -0.0156445457068226
-0.011594793068713 0.0136786192530523 -0.000240580256560618 0.0338667569419906
0.00502271399628397 0.011380770665773 0.0372192530327825 0.0405821639359054
0.0101562653012421 0.00218940762038672 0.0681982131457346 0.0109576404510001
0.00452576303956909 -0.00113018003613667 0.0693254345500949 -0.029102899762633
0.00565630641768515 0.00132639830813887 0.0480262661871718 -0.057455079167634
0.00686044192114262 0.00234245588130967 0.0278552615774479 -0.0630527808093965
0.00491562734116171 0.00393384545158595 0.0262617559680185 -0.0535999170086423
0.00156307604061565 0.00586392093556417 0.0310360050542114 -0.0438804905651128
-0.0048436119986347 0.00937631529671958 0.0343803387235862 -0.0378258614442538
-0.0148027587003915 0.00707087723356712 0.0418373764807274 -0.0322525859761383
-0.0220035817145035 -0.00858991519684018 0.0522073912854834 -0.0229200410536133
-0.00997981497196195 -0.0254698938990927 0.0651730337592094 -0.0382449315353294
0.00963523385117554 -0.0305497570877109 0.0845252232192065 -0.0564874238094569
0.0327297198616865 -0.0392449256756331 0.0713016535844848 -0.0129507827297395
0.00284670900951519 -0.0329405791391685 0.00105745251472553 -0.0130118641848873
-0.0169927736581536 -0.0238119681142591 -0.0105968321305146 0.0456901323962353
-0.0191011168405945 -0.00917548296357462 0.0337932323796169 0.0558467350633195
-0.0179332615774255 0.00574459043115189 0.0740422583208174 0.0216376204043308
-0.0132387964517219 0.0133825391392485 0.0730270064220982 -0.024144122702053
-0.00829138040733488 0.0220595076758304 0.0503745025332225 -0.051885293766797
-0.00594324611187914 0.0261881150878909 0.0279421519057617 -0.0579089000092257
-0.0105988178201937 0.027268686276841 0.0239521636288973 -0.0498532807891643
-0.0199998541078702 0.0175667480857144 0.024614651575662 -0.0396890927117519
-0.0317210907319377 0.0071535046828226 0.0265581174806544 -0.0352834749041825
-0.0359270193539717 -0.0186382525612501 0.0315546602204158 -0.034949061897355
-0.0225327149023138 -0.0451922868473454 0.0424667913274424 -0.0262845226099411
0.0142504152639606 -0.0526705194592096 0.0549296427411797 -0.0428726705922619
0.0480989463944827 -0.0481301891868948 0.0724820346030565 -0.0561211828433916
0.0674660742422606 -0.0515708590263766 0.0509795203976911 -0.00172442869465691
0.0298437965796147 -0.0617335008167872 -0.0157240946764741 -0.00792640469339322
-0.0153942131418401 -0.0650228562409084 -0.0278651248887156 0.0558526795597992
-0.0419538829030954 -0.0367027783053342 0.0228267599289176 0.071576593523351
-0.048266848672662 0.00389266274188113 0.0719540338067872 0.036042768744687
-0.0332117016142089 0.0250785266493058 0.0698662622647376 -0.0136891993013282
-0.0231823468249977 0.0390057723207368 0.0464772642959739 -0.0393421624667401
-0.0173308976920303 0.0465247935412091 0.0238612158746605 -0.0437985196923194
-0.0224400502286891 0.047868892555305 0.0161823711419321 -0.0381498301544131
-0.0346157131649099 0.0298583633831155 0.0119089963935716 -0.0300275989862922
-0.0533289562407703 0.0113871032264022 0.0126061544659435 -0.030999513879995
-0.0573770720446226 -0.0331293865859045 0.0174136943061665 -0.0370939441165959
-0.0295741365069185 -0.0724343261653678 0.0307618232104808 -0.0296626638917957
0.028286276664004 -0.0758098774877219 0.041904204975749 -0.0414928002374485
0.0757688735218563 -0.0607038151766845 0.0499835374768115 -0.0488670573829397
0.0934847007450941 -0.0538976102392902 0.0206444282823878 0.00983359659843648
0.0576512606653264 -0.0795126526166107 -0.0379002765193427 -0.00161530630530744
-0.00528757366188404 -0.0994292586705667 -0.048987521846612 0.0611131435296207
-0.0566656444855553 -0.0647254712650864 0.00418571146165394 0.0820036217230167
-0.0737709817350082 -0.00303856634113948 0.0596005270052159 0.0497688439405683
-0.0512038336457177 0.0311587655777489 0.0576275443164445 0.000744771318299157
-0.0357900245034805 0.0499504429832133 0.0362481961045364 -0.0209466035292571
-0.0263311576084492 0.05980309317155 0.015828454447307 -0.0234841945260862
-0.0292326737458964 0.0618231924205918 0.00591307186535886 -0.0196391759788144
-0.0428721804854784 0.0403883899923281 -0.00270882702892061 -0.0152358995787269
-0.0651063529925012 0.0180901989784843 -0.0034823113201385 -0.0233827699017474
-0.0718730607259884 -0.0379618323782493 0.00171059848165215 -0.0357936882047958
-0.0370776255070833 -0.0863590482905229 0.0194808658910497 -0.0303088153610598
0.0340168719429398 -0.0883973909705921 0.0296748276098377 -0.0323179741648402
0.0912630574603346 -0.0658099218026701 0.0219150239363526 -0.0349056290082495
0.103775018798812 -0.0472253667864953 -0.0161345898823872 0.0219105762459605
0.0775046230580237 -0.0807848645226386 -0.0613129058129665 0.0056833546288131
0.0100827192628936 -0.115381661403434 -0.0670451940301871 0.0580104729737049
-0.0564482077868106 -0.0851093877346001 -0.0189068928618885 0.0818850660498953
-0.0860889803182595 -0.0134726642446978 0.0373707910782935 0.0576551883137237
-0.0617860523147937 0.030505991788358 0.0367696117843518 0.0156951670462851
-0.0435122717888373 0.0524212163044915 0.0207754096149963 0.00108190878533008
-0.0309991563529488 0.064195314629632 0.00546178348062556 0.000716596379847269
-0.0316415831118309 0.0668343198072244 -0.0059075557185823 0.00195609604218019
-0.0445415281214265 0.0449488626479877 -0.0172224314821201 0.0017353099319886
-0.0673236806742459 0.0219352083143785 -0.0198317189665592 -0.0137216307260822
-0.0743250025894052 -0.0380415064787412 -0.0122410803145615 -0.0312075952537544
-0.0377778196090534 -0.0877123126145905 0.0106453057383273 -0.027631246088882
0.0364639770264565 -0.0878967648821122 0.0198693470929909 -0.0194851537305904
0.094015851955304 -0.0604470042427883 -0.00669611771356979 -0.0170036833376327
0.0949436097610633 -0.0332992867762446 -0.0513922828106012 0.0329508848877236
0.080745112704763 -0.0656156510991834 -0.079187037647404 0.0129106017739195
0.0244669430502131 -0.106833489713815 -0.0774079312752606 0.0477634653018166
-0.0429081757690587 -0.087461756961337 -0.0379604873391708 0.0709640276024433
-0.0801138677351468 -0.0213973007753023 0.0105160172906206 0.0574612783221909
-0.0608957513890598 0.0250472161656078 0.0123596868930465 0.0274572170085106
-0.0429181961072138 0.0467653435310368 0.00256953271638905 0.0215050334708698
-0.0309564155634022 0.058656449079156 -0.00555904714454129 0.0236029815277996
-0.0305048020539102 0.0615884007667913 -0.017246015455988 0.0236072489015818
-0.0415691211401548 0.041395697319275 -0.0309647595290169 0.0176558100540928
-0.0611176589790772 0.0198252293917353 -0.0341267789715981 -0.00534199877330827
-0.0648004651352705 -0.03595477207776 -0.0228552383090382 -0.0271974481899188
-0.0285763114770436 -0.0805963191016885 0.00354865829714598 -0.0251991839743521
0.0384157235702572 -0.0748903864205859 0.011455155367231 -0.00725644002491664
0.0858428421500633 -0.0442906039220176 -0.0330828224068823 -0.00077114665298523
0.0669994459077331 -0.0153196162048534 -0.0782479777948629 0.0417949556232155
0.0650371274343911 -0.0394854511580598 -0.0878137787946105 0.0210856122916028
0.0294817208925298 -0.0767698880463477 -0.0764725593502358 0.0347506920425555
-0.0242283589364891 -0.0701771097298189 -0.0482542088907777 0.0540343988162376
-0.0595443783158989 -0.0218845644865709 -0.0126286892167681 0.0498517229612277
-0.0484499081725292 0.0165285261361698 -0.0104497758878704 0.0352790020264707
-0.0348953812825878 0.034133731135131 -0.0137899085423702 0.0380491795803772
-0.0258780909607667 0.0440011128709912 -0.0153019704648221 0.0429212831132607
-0.0253343102753783 0.0473355571047792 -0.0272462666740308 0.0413140773919908
-0.0349157925290333 0.0321303644994961 -0.0425904615346818 0.0296856785346981
-0.0494721616900466 0.0139756587308796 -0.0466673187918851 -0.000148077898068267
-0.0482768575353371 -0.0326807014783066 -0.0308558473637027 -0.0255000056056734
-0.015005817658209 -0.0659631613798346 -0.00125274007475729 -0.0248994221889234
0.0386720427752692 -0.0528984436640117 0.00498915456383933 0.0021477764937339
0.0679309626513717 -0.0210674757274585 -0.0550495586738636 0.0111439965808957
0.0275912745238301 0.00548246949600319 -0.0892780736768399 0.047568978300627
0.0374260349067559 -0.00947988690545882 -0.085709733840046 0.0296017423663514
0.0238692844878224 -0.0363245302591078 -0.0667473807772099 0.0256137876632045
-0.0056325088681572 -0.0400268632614611 -0.0491076970660988 0.038457330988499
-0.0305268671293211 -0.0166669357690579 -0.0281526215286747 0.0413689461872809
-0.0277334316426035 0.00672708400258511 -0.0253635552944796 0.03947586480787
-0.0203186157558187 0.0166990726569031 -0.024511841501706 0.0483806518649879
-0.016589853705345 0.0236779335441003 -0.0220369389595312 0.0552269017242193
-0.0171982123756449 0.0272149659545156 -0.0360003564112468 0.0534891843184093
-0.0246801039082075 0.0189802322165221 -0.0526181423772295 0.0356378822366555
-0.0329908478969631 0.0062972596760124 -0.0572188065544409 -0.000594765753975337
-0.0282245022204873 -0.0257678511174809 -0.0357266904100698 -0.0271055989806433
-0.00139547104294505 -0.0443006103858892 -0.00412836884712883 -0.0279022584274819
0.0342609882529432 -0.0265079380927828 -0.000815327379456077 0.00597943181392121
0.0414325265403885 0.00430005167659334 -0.0719179499880215 0.0157990387640294
-0.00459050047292096 -0.0199676849859734 0.0797411288942955 -0.0241002778137425
-0.0180363798543968 0.000232279077868431 0.00959010525091923 -0.0164659382582161
-0.011910045128826 0.0145720330759085 0.000745249069775792 0.0349681931881912
0.0054778747690174 0.0119453725849855 0.0390257968204428 0.0394189480328743
0.0101351334705311 0.00122386180262739 0.0694854235489054 0.00782807755079115
0.00476177105737864 -0.00113671164422788 0.0685275837424935 -0.0334142181063218
0.00590235043298474 0.00116769296067229 0.0448250512900613 -0.0604427852331148
0.00726678636056069 0.00197146787777007 0.0237045970026667 -0.0652010918048699
0.00538056957077035 0.00430778443146771 0.0240166032928988 -0.0561704036132354
0.00166399580080297 0.00618114118899316 0.028876956296855 -0.0466425187006125
-0.00440084370507413 0.00946716221653136 0.0328717948989903 -0.0404714562402407
-0.0147706219208172 0.00755881657942654 0.0413774666070949 -0.0340617445394492
-0.0229537930267799 -0.00785391003490024 0.0522603822015666 -0.0247833442025328
-0.010548592055857 -0.0254553136857019 0.0644326565989253 -0.0405132013862823
0.00841531563057174 -0.0316509391787955 0.0833752697529151 -0.0609442519514458
0.0313546078615796 -0.0412113724487352 0.0707427471406505 -0.016195895892927
0.00130177974654778 -0.0337773698144799 -8.68625376090363E-05 -0.0129375681212873
-0.0186154181126667 -0.023744997074626 -0.00945407765984764 0.047015854869759
-0.0202161434355778 -0.00867806887649526 0.0361072375650198 0.0549132184766511
-0.0180405704605143 0.00615508806982485 0.076009022218929 0.0188087114058253
-0.0124917806355258 0.014516586258573 0.0729539073530083 -0.028366543197333
-0.00724276419816838 0.0226522274231602 0.0475264318947778 -0.055483937811292
-0.00400740881764586 0.0271218392725459 0.0243774238427168 -0.0600682572497024
-0.00889951130787435 0.0285026221778472 0.0214523425815574 -0.052006633115965
-0.0191009104519265 0.0190388866094114 0.0226299871652423 -0.0421761805603648
-0.0322250670357366 0.00918266595765395 0.0255717067600422 -0.03738257895471
-0.037815480836164 -0.0175146753698121 0.030173277637549 -0.0360572285804003
-0.0253638485829372 -0.0449243558920838 0.0423644378955158 -0.0279001503221672
0.0127534274980059 -0.0542744319696635 0.0535179626491829 -0.0447464626082814
0.0465433425429892 -0.0508239158245478 0.0715850008343185 -0.0600783425787019
0.0658476288133747 -0.0553619870991744 0.0504589353192513 -0.00394883228268431
0.0271032760774121 -0.0637679927906347 -0.0168377581913888 -0.00707375544357625
-0.0189482021902176 -0.0645027350298471 -0.026353717845074 0.057727513445954
-0.0447299220924255 -0.0354535303886245 0.0251072347705313 0.0714622156738235
-0.0484078184881936 0.00658005663421862 0.0746683816976607 0.0332178160727753
-0.0321117412918129 0.0269818564836186 0.0700044851848041 -0.017180195000512
-0.0212411357805355 0.0406232190250999 0.0448352861468485 -0.0419799178794648
-0.014449632584706 0.0481741098721251 0.0207882584066596 -0.0458627314521716
-0.0195065738067097 0.0499190838612747 0.0139670332234528 -0.0396406628676997
-0.0337174366664743 0.0323035046783459 0.0105768412835788 -0.0318517873022029
-0.0533146747863038 0.0145046886509955 0.0114886770208296 -0.0328424524310142
-0.0598796410105596 -0.0310427026941997 0.0158964610480267 -0.0377346456110585
-0.034015596894924 -0.0716834728666936 0.0306712434624818 -0.031098284287897
0.0252227151528254 -0.0781976949511323 0.040261450357083 -0.0430045792625124
0.0741960799145144 -0.0653930522039319 0.0484101148528183 -0.0516193098069542
0.0922107696952067 -0.0595747761698243 0.0207757459969386 0.00919130772820437
0.0546155525372846 -0.0827798703293219 -0.0394019844984981 0.000167397519006339
-0.010423346011075 -0.100055448886238 -0.0476433997761615 0.0637388104287898
-0.0601118434430807 -0.0634314094030619 0.00695839099870679 0.082912995371175
-0.0748253412346634 0.000607698417067174 0.0630272879109162 0.047282043751398
-0.0504521550104965 0.0338090674143815 0.0582745404774154 -0.00174698100865776
-0.0336513596474268 0.0522795764114614 0.0353882115688419 -0.0226648541562352
-0.0229969038203672 0.0624342463573264 0.014709279180689 -0.0246116555443168
-0.0257194502502594 0.0641954742105907 0.00419383791839835 -0.0203450173431762
-0.041290506400714 0.0430419015786175 -0.00364281120236797 -0.0159069679685784
-0.0649450376729962 0.021878604788019 -0.00482574441880187 -0.0243751806068047
-0.074968844531394 -0.0352227470904413 -6.40605439283613E-05 -0.0357433637002128
-0.0421819272530492 -0.0855675913548404 0.0191612811987604 -0.0313004043927668
0.0305857359279219 -0.0911030329467134 0.0281692029443347 -0.0342016975729025
0.0896125154462635 -0.071070494904315 0.020524643858831 -0.0362308236453075
0.103113443433031 -0.0527939695414153 -0.0162215471729238 0.0230995799094916
0.0743405282635033 -0.0848845261694857 -0.0621134317175358 0.0081318187788587
0.00427148959573152 -0.116647259299439 -0.0666691777713897 0.0607087402522545
-0.061096756588102 -0.0843563879055275 -0.0163559376987582 0.08418916995123
-0.0878492169355453 -0.00874013718432429 0.0408087390181686 0.0568167768003348
-0.0610727087880472 0.034123863907997 0.0380381211844679 0.0146122906904188
-0.0410089117671943 0.0552042499019152 0.0211747784471876 -0.000263155529746833
-0.0273480098020791 0.0666438045647321 0.00565837396036684 5.83502073254984E-05
-0.028109119172314 0.0694992299490972 -0.00587701568927349 0.00250762626090704
-0.0428671894300801 0.0475511610167002 -0.0175332976904724 0.00215191321862628
-0.0666672032237501 0.025991810123542 -0.0208706513998726 -0.0137388313300434
-0.0773268657788162 -0.0345664027129827 -0.014073588336179 -0.0310479450096549
-0.0425865232810659 -0.0867400521788649 0.00990608455367246 -0.028887631305536
0.0326897663310839 -0.0907145089967586 0.0186996634597266 -0.0209688061857408
0.0925148159647995 -0.0657318886085251 -0.00772767470852941 -0.0171688354152408
0.0942352831759423 -0.0382769949316113 -0.0510049962521883 0.0354095436030509
0.0788121570441812 -0.0696092734930083 -0.0795850139014539 0.0161793012496478
0.0194172290533106 -0.108506984535009 -0.0769207958657598 0.0506917554684587
-0.0479051583547022 -0.0870416322522403 -0.0362638364306433 0.0731883877616419
-0.0825894547951869 -0.0172089896803987 0.013319698150333 0.0578520283951423
-0.0604862641953806 0.0283311682271524 0.0139645795820507 0.0280481272473936
-0.0411923348126567 0.0496910233007963 0.00429943276579262 0.0217386090982346
-0.0276562963941874 0.0610099226753336 -0.00388847002870487 0.0238884024668335
-0.0271012811204844 0.0642382529018397 -0.0163566232518406 0.0246998134161783
-0.0399543507003775 0.0441613374713426 -0.030277180704243 0.0189309650801441
-0.060170269397021 0.0233094535583178 -0.0348210808166805 -0.00442223616758756
-0.0677689615869912 -0.0331451567185681 -0.0243524859361067 -0.0261963592748753
-0.0332787785765236 -0.0797408062775407 0.00299878627160005 -0.0260647184916881
0.035494580441553 -0.077290165112543 0.0114681818451321 -0.00853792135015701
0.0846871613153028 -0.049100896212261 -0.033739747787571 0.000877415730363957
0.0670324234072787 -0.0190587945359795 -0.0780725764031047 0.045461934522166
0.0640726700716214 -0.0422868351625501 -0.0878582564335357 0.0249713499358846
0.02580090681414 -0.0786324160450421 -0.0765464568985759 0.0380875316561978
-0.0275726250689709 -0.0704492689406657 -0.0472930668641737 0.056520662111124
-0.0615857021778745 -0.0190286494185291 -0.0102964369333376 0.0517009072619256
-0.0477795338653518 0.0189062624945634 -0.00881034982988764 0.0368502113780719
-0.0332930220921865 0.0363590241347278 -0.0108308659574606 0.0394725390135659
-0.023258042303741 0.0464263863365715 -0.0124248803875489 0.0436915445563471
-0.0231612560459512 0.0494115387436979 -0.0249965750222679 0.0435708573776675
-0.0337596322330054 0.0341140240616142 -0.0413476881980449 0.0322621556626842
-0.0487478856254963 0.016712704982762 -0.0477712705203613 0.00157716094982168
-0.0505560536558984 -0.0313841987289904 -0.0322424742913472 -0.0246357188290878
-0.0185459173179371 -0.0655714346305103 -0.00197939644292963 -0.025784303856536
0.0367430554911545 -0.0550793653630988 0.00550913989203556 0.0011036782759441
0.0679269166173812 -0.0245775378400849 -0.0553942624409829 0.0134325205189183
0.0276292881551916 0.00409714026520709 -0.0887826345898515 0.0514648756702049
0.037396140160888 -0.0107345664131576 -0.0848924225421244 0.0330242002650072
0.0223302263905192 -0.0374735614466827 -0.0664817597044718 0.0279141783210326
-0.00743421107603776 -0.0401605379128914 -0.0489144773842027 0.04124790016709
-0.0315095973576689 -0.0150416176690823 -0.0263305847650025 0.0436438446909449
-0.0278592237530775 0.00802201417943642 -0.0237298498100093 0.0417283433398339
-0.0200856778815955 0.0182805803566936 -0.0213935187545239 0.0511479805674551
-0.015343166833761 0.0247602295444657 -0.0186374069664017 0.0565812029681188
-0.0158899713865495 0.0287418131719111 -0.0329264288119514 0.0562062556684932
-0.0243238817207039 0.020707750578738 -0.0510629126885191 0.0388263872491934
-0.0332369035876466 0.00791388494186356 -0.0582182299364762 0.00215850224541449
-0.029801796959132 -0.025035260103011 -0.0373246290736537 -0.0261906167462673
-0.00362724833210635 -0.0443159259303006 -0.0046854265406143 -0.0283208135062583
0.0335454101982304 -0.0279298849018666 -0.000492012409941324 0.00543394658907107
0.0422916837376067 0.00245092415806637 -0.0726805405998387 0.0194585705302209
-0.0111457349323141 -0.0185093040206547 0.0682950424177395 -0.0486676358817377
-0.0174268381203484 0.0058975275982252 0.00343137962209589 -0.0191986464930528
-0.00556523136946494 0.0179303769095141 0.0112397473435683 0.0321260669237458
0.00971493266676456 0.00938870624064849 0.0495210327347813 0.0254537633171009
0.0104445227054985 -0.00234940682559961 0.0690535187536245 -0.0147143846998594
0.00547201178458921 -0.00295306636340879 0.0534452957970466 -0.0553894056686964
0.00677008973839381 -0.00125736295073823 0.0202309897866539 -0.0729775875233686
0.00754340552213366 -0.000732963682830114 -0.00111051813008504 -0.0684012209753898
0.00665125213364835 0.00229416306063484 0.00283764089402752 -0.061145668667477
0.00355573128174572 0.005165188380644 0.0112989580277706 -0.0545209774604118
-0.000765934383681339 0.0108116861415296 0.0177797192692708 -0.049595488280757
-0.0113543335086205 0.0120671007388665 0.0280628704858463 -0.0455118891600451
-0.0245552415124767 0.000375149912573864 0.0424224369341996 -0.0395116346819589
-0.0189670024105156 -0.0203042395628164 0.0480483350545648 -0.0572755349458109
-0.00220725679901485 -0.0328796919499359 0.0593231296876195 -0.082580898392531
0.0160441847959468 -0.0525276735460141 0.0622589131514199 -0.0362529288629744
-0.0112260981132265 -0.0327816590088644 -0.00357991366314639 -0.0104970695283531
-0.0258863868029949 -0.0152912340691937 0.00753857555460272 0.0470858727954388
-0.0219344231571515 3.9892160671233E-05 0.053799670747903 0.0399925467089881
-0.0140582392650899 0.0121623888125415 0.0784011158773107 -0.00832320211993053
-0.00626496092215502 0.0174200718541903 0.0588946351645957 -0.0521618164273013
0.00131554129112301 0.0239316232125406 0.0247823664107515 -0.069678770173108
0.00565313836334454 0.0260541262499451 0.00100805630742808 -0.0644230162141674
0.00133614897273417 0.0296473087336687 0.00173488561270406 -0.0567666556988836
-0.0116871572119141 0.0246472171115045 0.00745170293877623 -0.0487879615373144
-0.0268553466366731 0.019409289820628 0.0118008503774284 -0.0451861292167869
-0.0418837990882648 -0.00346866984903993 0.0178971579789064 -0.0434632906814402
-0.0385636175226996 -0.0336139130096403 0.0318711279234987 -0.0386526559564077
-0.0059652164043205 -0.0552805425620107 0.0353555495188092 -0.0583096300007776
0.0282350690935372 -0.063531232391659 0.0466202276821874 -0.0786314855209462
0.0439576721309571 -0.0781913161393799 0.0465237585059292 -0.0161080924945592
0.0026321483841212 -0.0709975129598098 -0.016933770612878 0.00236864087294251
-0.0410966494459362 -0.053670353534376 -0.00249912220167232 0.0645044700241029
-0.0546912645722177 -0.0163248968380249 0.050580019326387 0.0580974927732526
-0.0424622307965721 0.0235500027295895 0.0827917009045746 0.00420190816439975
-0.0202201031040757 0.0360206656450143 0.0599633431069145 -0.0414430462655884
-0.00576248514751586 0.046219614055001 0.0270234523943332 -0.0569112618054084
0.00335501788489291 0.0494960218027323 0.00220653174957038 -0.0507275517193912
-0.000748250639134152 0.0531569264175654 -0.0007903321520922 -0.0429817007544325
-0.0211159618662127 0.0417620487907914 -0.000494578374351156 -0.0352570423340915
-0.0449475779684269 0.0320907432601402 0.000446988491379188 -0.0366565838447903
-0.0674346463208301 -0.00888883809862163 0.00415910705328413 -0.0402748038564758
-0.0562564830570922 -0.0560107695153634 0.019772664428179 -0.0376043903284115
-0.00230896041533034 -0.0821519382264808 0.0226379745720517 -0.0528942901376439
0.0499254959501834 -0.086357845093861 0.0263870280028506 -0.0645570598372328
0.0677275952383194 -0.0910222140910445 0.0216617422838079 0.00691429072167765
0.0217325521903366 -0.0986427305072571 -0.0356090578891856 0.0183359728577618
-0.0455591123621638 -0.089956108483517 -0.0188240668499993 0.0778514036886748
-0.0800889165719408 -0.0373519405382397 0.0382611687566949 0.0754904190680468
-0.0693088910996319 0.0268937600442271 0.0769999125025644 0.0207490425334783
-0.0351655096227639 0.0487798492614245 0.0542624496499346 -0.023556953750534
-0.0138367972767259 0.0618158694295918 0.0260332105231528 -0.0358375141120556
0.000184274384440084 0.0654674753514037 0.0032714289410072 -0.0291463573441176
-0.00202837323140306 0.0690261422222446 -0.00400886810525822 -0.0218604605090645
-0.0246463272720069 0.0546406066053841 -0.00835829975458011 -0.0160778716260176
-0.0532508739962142 0.0427372399204203 -0.0121080954312139 -0.0235375403874664
-0.0830914989693467 -0.00792300434612732 -0.00973453578062844 -0.0332388607599857
-0.0685351065692148 -0.0661123878590577 0.00915670354973353 -0.0338629459496698
-0.00210519270465446 -0.0963700617403193 0.0139469792386939 -0.0413149027688347
0.0627546068779657 -0.0973846872074056 0.00435541690800161 -0.0412389283060714
0.0802928497381453 -0.0884204398169717 -0.00907099671668071 0.0323723898471543
0.0400875333025576 -0.107471068420212 -0.0549909545917272 0.0340563619983861
-0.0376300945253615 -0.111163293448662 -0.0369884500410133 0.0824744708580027
-0.0883784667463688 -0.0561044395350741 0.0171408888567645 0.0839152912992543
-0.0853042712478009 0.0225792812558898 0.0592040841145388 0.0367559861007124
-0.045275226054712 0.0527940352751455 0.0408207380603733 -0.00147082560250877
-0.0201537952991985 0.0673095225014344 0.0206763809305962 -0.00947822940746977
-0.00269426356822206 0.0714144726403067 0.00406099923922307 -0.00309151012604133
-0.00202629328770654 0.0746666723783438 -0.00577326611590647 0.00344696428904495
-0.0247729278222279 0.0590948214098092 -0.0154910642428977 0.00626230850290912
-0.0533024287798262 0.0467281636005023 -0.0236295141031774 -0.00819407481495802
-0.0850625689301708 -0.00609196606176596 -0.0209930277438252 -0.0243962803034374
-0.0689281838094705 -0.0671797359466499 0.000784685490131947 -0.0292356563695925
0.000426613163470001 -0.096597320424503 0.00951718718439018 -0.0260327448918508
0.0677887732037214 -0.093590410717756 -0.0162899315812268 -0.0146954976754006
0.0772667549758505 -0.0701159483173182 -0.0384978381241304 0.0549435837632987
0.0499638281061239 -0.0943872167428423 -0.0701047672809912 0.0471867783308716
-0.0203371983037791 -0.108801026067737 -0.0514691723249897 0.0766258724101229
-0.0771712970355813 -0.0638719048839416 -0.00598128755034069 0.0812739031988007
-0.0830796724355264 0.0129353180086162 0.0341481442899557 0.0473504575381347
-0.046995911304965 0.0473467487525605 0.0225984016928524 0.0198032204772213
-0.0222434807036079 0.0619431173566234 0.0131437742395774 0.0169138117999408
-0.00478191151768241 0.06623548607833 0.00380776966921744 0.0224075305006455
-0.00299318815868053 0.0691387928691949 -0.00729435630032397 0.02784983299171
-0.0230588659110913 0.0546533222008316 -0.0223623248863954 0.0263794922528226
-0.048449916847571 0.0426148454123846 -0.0339491245903222 0.0058724918769792
-0.0752121875217187 -0.008886736563861 -0.0298352509499031 -0.016491626527603
-0.0579350587444604 -0.0636138189246046 -0.00541243212988364 -0.0245424522120024
0.00740610175604235 -0.0851455900527573 0.00636980535966331 -0.0118759910507328
0.0655185083941337 -0.0748543054668095 -0.0345273334154574 0.0099787430410085
0.0574128002786282 -0.0414227798913154 -0.0606027711098319 0.0714825084133135
0.0458896160391787 -0.0625534768858119 -0.0756957723053546 0.0558422698178055
-0.00352630591509441 -0.0828306925808317 -0.0564532568637753 0.063965427509179
-0.0518668686634164 -0.0559410318808244 -0.0230944245378612 0.0699163277191651
-0.0638639228775053 0.00382623325071881 0.00883081175224184 0.0505908155338368
-0.0387585226841135 0.034824503094796 0.00454807982545513 0.0363552075695392
-0.0197314258599 0.0468719905360906 0.00492342945026008 0.0398328862599015
-0.00603450791115019 0.0511845990408509 0.00361063864953145 0.0438299050932507
-0.0044182598633042 0.0541925240604849 -0.00858720215161721 0.0484157384100726
-0.0202408123242183 0.0436849514507425 -0.0278645064151099 0.0429254540129708
-0.0407533313732001 0.0319221398154313 -0.0436531560518335 0.0157519900347424
-0.0583802242366505 -0.0127323257539813 -0.0371458270605101 -0.0126201011343781
-0.0392922784713264 -0.0551305201908598 -0.00968139742511326 -0.0230376245738382
0.0160688977238012 -0.0643540290792421 0.00393239949210501 -0.00131740165244558
0.0570865916010561 -0.0459557275193176 -0.0500455589119455 0.0286033745959288
0.0275497722835991 -0.00486680778939686 -0.0687262938892353 0.0795235764460951
0.0317696921140628 -0.0219941003044462 -0.0710082145904679 0.0608129943441252
0.00802083299057638 -0.0420108904613196 -0.05291387601538 0.0504739158051366
-0.0219797388463 -0.035066482513967 -0.0315194174433918 0.0563725558634677
-0.035188912537308 -0.003058109967107 -0.00962144262168035 0.0495684362312223
-0.0234235208553656 0.0175424578081639 -0.0081074524695081 0.0473454569482748
-0.0129936013862348 0.0249565403905241 -0.00108484879440967 0.0546504518094937
-0.00628175630789831 0.028949003723217 0.00263655623918841 0.0586306248379243
-0.00529055608843134 0.0318939374146309 -0.0117050409365961 0.0628461792448463
-0.0156031598866471 0.027789283174024 -0.0352295062360823 0.0524108857479403
-0.0283938082816121 0.0183630693984571 -0.0535969559889973 0.0206991505438337
-0.0367074046556606 -0.0140777715626181 -0.042456824987968 -0.0130308762661087
-0.018123070891249 -0.0408179211528799 -0.0141692588747712 -0.0248972022853458
0.0221541728600529 -0.0377795944758324 0.000667212295586865 0.00435723113270764
0.0413185689593073 -0.0115690925638285 -0.0632034793254052 0.0396115714638715
-0.0118324113884093 -0.019162107788488 0.0676190872753605 -0.0502638712239862
-0.0174355041785793 0.00638507198281265 0.0023879612287745 -0.0193149457162962
-0.00560107439409836 0.0182598632728351 0.0113539102627219 0.0329958364916006
0.0100032157548453 0.00944405730407204 0.0509905603645572 0.0250837051715165
0.0100717383267175 -0.00286486309401894 0.0691402656638593 -0.0164332369941488
0.00536129476389099 -0.00322342171974997 0.0528469054391411 -0.0577040596209477
0.00695628925911367 -0.00127569844408616 0.0181917128547984 -0.073380130178795
0.00783474021644878 -0.00121175172402693 -0.00347884157319718 -0.0687082093399446
0.00692537706511506 0.00240540443977185 0.000813474886699629 -0.0620341373805542
0.00361887980808743 0.00538041960615991 0.00971165681686896 -0.0565020770302735
-0.000572291333121623 0.0112897058178391 0.01681351374061 -0.0506630066144632
-0.0115217740765082 0.0125278840018374 0.0277836453385946 -0.0465782678752401
-0.0247552527461211 0.00114260365150503 0.0433559317147553 -0.0403766910956677
-0.0193618337903077 -0.0208071557543279 0.0478905521585614 -0.0582266777882838
-0.00326848064712239 -0.0333262388835424 0.0593561441081286 -0.0846576427728213
0.0150847981126461 -0.0541484906432665 0.0617259709078711 -0.0373053295744132
-0.0118661259336494 -0.0336825721899167 -0.00443668925372527 -0.0102093094889255
-0.0267410268773508 -0.0146529068037805 0.00805028106747601 0.0482253538447623
-0.0223967454162302 0.000827955609192845 0.0549413081502593 0.0402079914376488
-0.0136878805325101 0.0128507743269294 0.0792949964077425 -0.0102928788280807
-0.00572160973095928 0.0177573323720896 0.058386855915337 -0.0543830965146352
0.00233319673031242 0.024327477430355 0.0231092057601899 -0.070726675687633
0.00684961547276471 0.0263698194764473 -0.00184029117476227 -0.0647508598307507
0.00306104999552339 0.0299094270536987 -0.000403119646562274 -0.057813820361258
-0.0114426497923664 0.0251433882655234 0.00565903474426182 -0.0501697516263708
-0.0267434601959759 0.0209777194871128 0.0109611375157256 -0.0464815594295826
-0.0422174956525464 -0.00227083126559663 0.0174520547705705 -0.0441780758575861
-0.0405667727571681 -0.0332649567992888 0.0322949282133768 -0.0395243336133307
-0.00733458850911214 -0.0562538196641472 0.034941242327001 -0.0594331848724207
0.0273549070995662 -0.0649409494486948 0.0464325789525914 -0.0806907129373281
0.0427963464722885 -0.0806264839859412 0.0462191225657234 -0.017011991443389
0.00116892439408908 -0.0718628380867584 -0.017352380167996 0.00311127616295687
-0.0428556178922671 -0.0533228456814637 -0.00227665290342843 0.0655856403755187
-0.0563327131295102 -0.0153742951691271 0.0519002870909037 0.0587727214871585
-0.0426475546342815 0.0245346006391582 0.0841412057220658 0.00260231634672798
-0.0199434601056305 0.0368179667288771 0.0601125289761772 -0.0435178804151488
-0.00461443648339783 0.0469557837257535 0.0258528182189737 -0.0578416108834193
0.00515514427342882 0.0499470402761405 0.000433152612483594 -0.0511820528339287
0.00130123962452784 0.0534162674636899 -0.00293631767836826 -0.0437526190081917
-0.0204234278327946 0.0428032632591561 -0.00220337737501435 -0.0359957331127808
-0.0443525081580113 0.0336246075558975 -0.00063813988803844 -0.037592194634064
-0.0687358832116092 -0.00727316731272326 0.0035306741378344 -0.0408474860595393
-0.0583635230624605 -0.055197394528184 0.0200700812346776 -0.0382683259340823
-0.00386148644502271 -0.08353098751062 0.0221813537865381 -0.0533163510614519
0.0489837671571442 -0.088937842582536 0.0256090832423417 -0.0658988430973992
0.0664981908985222 -0.0938453851220167 0.0215545942138532 0.00693312670666193
0.0203393310343587 -0.10086274986983 -0.0361324593591183 0.0187866472186153
-0.0486231563796739 -0.0895597125510828 -0.0182697040366908 0.0793524071851354
-0.0823899334251025 -0.0361467397748342 0.0391554446365226 0.0766817270375658
-0.0693620205767361 0.0294334951801094 0.0781891093089617 0.0190602538174137
-0.0344288040202178 0.0501840503755465 0.0546384181473169 -0.0249742529706454
-0.0121606917113472 0.0628688359808872 0.0248662818400395 -0.0368561979183026
0.00275446864374635 0.0663928080777825 0.0023134546034074 -0.0293863100789243
0.000719773907750143 0.069757230697405 -0.00491376599175553 -0.021799783735037
-0.0236763350452615 0.0557985125197557 -0.00959008205064925 -0.0163428119471948
-0.052486818802612 0.0445392700906788 -0.0130795245252079 -0.0244296625374457
-0.0844866737648517 -0.00594378796864476 -0.0100391722354355 -0.0335725963639236
-0.0713098700422631 -0.0651210361521867 0.00933129600757035 -0.0350364291907653
-0.00384235952900584 -0.0978513455362987 0.0133484145724994 -0.0413007417087485
0.0617642184739926 -0.100481603141895 0.00358347259451387 -0.0420835675432484
0.0794664365451811 -0.0909068032858882 -0.00937175609810129 0.0331579439209296
0.0389215215285588 -0.110053076884486 -0.0559247573448545 0.0351993056099615
-0.0407033636395673 -0.111054868660171 -0.0369953945173712 0.0839133726650844
-0.0913240820222138 -0.055335440511829 0.0178505839009269 0.0856029001944502
-0.0853398140760026 0.0250941092706694 0.0606148322537929 0.036137033791374
-0.0445659357583057 0.0548289109720623 0.0414040894156903 -0.00237983302896875
-0.0183025911722535 0.0685971209451914 0.0204328921065889 -0.0104687600243352
5.11761281551336E-06 0.0725702741756316 0.00368013218206888 -0.00344892391754612
0.000880977800471632 0.0756912877250987 -0.00575155304488491 0.00311596609249663
-0.0233376240350444 0.0599882201633958 -0.0158935254445674 0.00626122425264554
-0.0527031977262536 0.0485605536907675 -0.0242457818211658 -0.00838444735298348
-0.086561209235622 -0.0045077942637867 -0.021576057487387 -0.024104584038351
-0.0721961073965969 -0.0665163812387069 0.000826589741374753 -0.0296907424027681
-0.00180541702281641 -0.0977937273701553 0.00870066951779749 -0.0264200577602486
0.0662878028098306 -0.0965527173440522 -0.0168340468054413 -0.0141968014556738
0.0758663925058954 -0.0727548820504512 -0.0387105921827263 0.0564179397128475
0.0493576471081099 -0.0958146803286491 -0.0701209214851268 0.0483404252660644
-0.0227598209956331 -0.109181000534089 -0.0516588294805867 0.0783479035930524
-0.0797672037232895 -0.0634524267425171 -0.00516879992829872 0.0827778339900904
-0.0837403765151803 0.0153432112472468 0.0350609794661945 0.0472498621773778
-0.0463348937448879 0.0491547247473397 0.0237121798323982 0.0198305096141179
-0.0211043540081284 0.0637857235229326 0.0141734104172888 0.0168447629701716
-0.00272361982081908 0.0673894157999759 0.00467746144982361 0.021739400688237
-0.000536354142791355 0.0698305177725338 -0.00664348583277204 0.0278030373353197
-0.0219945535861124 0.0559977790180486 -0.0214494393866109 0.0269277617081734
-0.0482699303437129 0.0441976685202151 -0.0343854686208156 0.00612590636026653
-0.076682917053413 -0.00699395278149025 -0.0304234760673462 -0.0163140073268037
-0.0605110704217123 -0.0628217041352283 -0.00545434538556904 -0.0254670942582254
0.00544754354104343 -0.0857618762621092 0.00606729908207072 -0.0126253762890069
0.0647863472533425 -0.0777957191667975 -0.0348160458677364 0.0111528960410485
0.0566666419827284 -0.0426514277795514 -0.0607768752532819 0.0736072438508744
0.0462618490586388 -0.0638397443232318 -0.0760095927917053 0.0572925645973364
-0.00525751510731947 -0.0831008723518084 -0.0568224103000725 0.0653664184268349
-0.054126430308401 -0.0553472792020046 -0.0225988790461569 0.0716204153993534
-0.0648764828433009 0.00552020816834109 0.00987992779424363 0.0511408301644337
-0.037833445252838 0.0362231223414673 0.00557899349244661 0.0374402489469303
-0.0190975441687371 0.0478158263493007 0.00643148358038781 0.0401540730391513
-0.00429166943683089 0.0521520403816459 0.00493058895618208 0.043895993522981
-0.00297996591435629 0.054767652494555 -0.00717540281788619 0.0487593713066738
-0.0195704207026317 0.0445558737621506 -0.0272429989942572 0.0435359357572174
-0.0403460701642869 0.0331430641986936 -0.0440031667237312 0.0171583612923957
-0.0599393473367727 -0.0114460957722856 -0.037526272325657 -0.0119239597922757
-0.0410237604606024 -0.0548366236648051 -0.0102942447341002 -0.0238249903799736
0.0147544309910496 -0.0653600253381246 0.00360090510891101 -0.00206680512927782
0.0567215157153277 -0.0481413464983065 -0.0506419155476159 0.0305895408803108
0.0274965305896646 -0.00563908148776869 -0.0683577765966918 0.0817166046062995
0.0321652339458422 -0.0230159066656939 -0.0709996239612772 0.0618573696270807
0.00717963569825796 -0.0427943685095141 -0.0534473753711632 0.0516498169763537
-0.0228008768172367 -0.0354153628662709 -0.0314181605064273 0.0577748191499683
-0.0355388539682984 -0.00207727887706286 -0.00884319912257926 0.0508429023196086
-0.0228044262517475 0.0188451565376075 -0.00652585691452239 0.0484611629409533
-0.0126400591026402 0.0254301298724778 0.00111055597388686 0.0554456119637344
-0.00536454391580068 0.0291489888711238 0.00473152499046014 0.0583499684299672
-0.00449893161129706 0.0328107308134398 -0.00961854844416233 0.0636053673724532
-0.0151843866369238 0.0289973356655377 -0.0338756620620244 0.053816574858622
-0.0285163600514791 0.0193315603155423 -0.0536395211549855 0.0221702803495555
-0.0375163190039269 -0.0137954005648238 -0.0435780607265377 -0.012784854976481
-0.0187039419776664 -0.0404982842807047 -0.0143347298040768 -0.0258495742711196
0.0216256659263268 -0.0378730457240688 0.000659113588458938 0.00415493048170815
0.0414561254394595 -0.0126929413834166 -0.0630812087896546 0.0414256830968924
-0.0125664088141906 -0.0196995671071526 0.0686310254279554 -0.0527870265513628
-0.0184172998512747 0.00644605785544113 0.00184757236904701 -0.0192328765633029
-0.00549051882742283 0.0190171702490165 0.0123467002260843 0.0342943734134065
0.0102493892306299 0.00976307725907423 0.0525426359646155 0.025002938375564
0.0101209569632447 -0.00305074524632919 0.0708447038638832 -0.0185488274924626
0.00520068781310854 -0.00340188734901432 0.0525737119849997 -0.0602448157013249
0.00724424213412412 -0.00191708814962519 0.0168319403208717 -0.0753969997219212
0.00830126162190355 -0.00174521284707539 -0.00612219915583742 -0.0694412666458631
0.00760192508826368 0.00215041237574068 -0.00148094021186193 -0.0641131929566249
0.003890726260374 0.00566055234877217 0.0078512925731164 -0.0585652736206782
-0.000417399580456904 0.0116191784560901 0.0161661883240351 -0.0530334176742739
-0.0118778942630379 0.0138500430608639 0.028209009070282 -0.0487835946179551
-0.0256289198469954 0.00176472092151218 0.044556262834786 -0.0420459200802628
-0.0202467020829526 -0.0207511254382876 0.04872002884807 -0.059643832344611
-0.00356686173637845 -0.0341084358375967 0.0596668699623141 -0.0885964436625825
0.0141951853907127 -0.0557861816698958 0.0627575990379117 -0.0389455595630332
-0.0132416448394194 -0.0345002982415386 -0.00514079985504629 -0.0101324868966003
-0.0282073565743554 -0.0140528224707587 0.00893255099250677 0.0500396065320887
-0.0234472828225693 0.00114706200434297 0.0572979749386079 0.0403039099776605
-0.0142039383813998 0.0137462755420877 0.081488752545488 -0.0122969304924913
-0.0055195317325056 0.0184220931527381 0.0589754148018803 -0.0574249215045203
0.00321081074681187 0.0251410867230994 0.021766466251194 -0.0728170373818409
0.00823692649443918 0.0267278593318579 -0.00425157755670656 -0.065438102796518
0.00410073741699204 0.0311790162423737 -0.00286746075145002 -0.0597796366206698
-0.011343460943438 0.0263757629121453 0.00371201847438676 -0.052359141860051
-0.0264661687192407 0.022176281076624 0.00979199740137322 -0.0485433710846675
-0.0438788452105408 -0.0015488977623465 0.0179329562344763 -0.0456417357292491
-0.0422114806859331 -0.0328806880669392 0.0332823555041917 -0.0411395749065717
-0.0087056240941503 -0.057978311792271 0.0347238190702271 -0.0606989044407517
0.0268948607272468 -0.0677451819901136 0.0457912554350274 -0.0838461288210487
0.0419649605593889 -0.0843705489074495 0.0462483193501522 -0.0177627024205466
-5.82592819164856E-05 -0.07453471565073 -0.0187106031443392 0.00383617485517967
-0.0455377146791192 -0.0530215420899849 -0.00144411521683468 0.0678743001844915
-0.0585272354699701 -0.0143717122472084 0.0545047810261842 0.0604222981638111
-0.0431616089492334 0.0265866436347685 0.0866996605382528 0.000615774255046928
-0.0195134064841277 0.0385949384120765 0.0607320945865449 -0.045960308695086
-0.00366864257473204 0.0484157154599256 0.0249007801956417 -0.059798677057319
0.00705814823754658 0.0513066588617392 -0.00163485778553723 -0.0517290853647818
0.00319449954557763 0.0549677570195019 -0.00459186230873147 -0.0447243186297392
-0.0201396267091927 0.0446416702873139 -0.00343074150484431 -0.0374617231914611
-0.0444711005154 0.0358126490318266 -0.00162172906032232 -0.0393886721671857
-0.0715748113576311 -0.00569208075116314 0.00326682076993765 -0.0417103805899006
-0.0618253389786187 -0.0549407467660971 0.0202363206908754 -0.0402342545143482
-0.00565194211597298 -0.0859699135204045 0.0212860496420884 -0.0547857161512712
0.0483170170625281 -0.0929549261371243 0.024989112333257 -0.0684135526706681
0.0658231972028044 -0.0981078375940739 0.0217807160009271 0.00765037729284586
0.0189514322958692 -0.103515845491507 -0.0371298031580598 0.0202384921954399
-0.0519913528980804 -0.0904132491452387 -0.0179768950139696 0.0824530375011209
-0.0864083671595469 -0.0352764867001377 0.0413544730627606 0.0786363557785644
-0.0706814677894986 0.0318172481282019 0.0808505042891948 0.0180214001807295
-0.0342570584258114 0.0528934396961193 0.0556263757487727 -0.0263497584298654
-0.0112521740953778 0.0651276020974084 0.024935462327809 -0.0378395220372153
0.00504299266185821 0.0679409749089449 0.00145851573209777 -0.0300591385562065
0.0036509343447232 0.0711030174429764 -0.00606819196769209 -0.0226280342414559
-0.0228947071009046 0.058001222776818 -0.0106187882959853 -0.0167503605129905
-0.0526897361759272 0.0472278377978141 -0.0142196380098823 -0.0250821085801463
-0.08714389393494 -0.00337372920837235 -0.0107279310829909 -0.0343650468969439
-0.0750824002944248 -0.0647096214898726 0.00899035962162647 -0.0364331911615213
-0.00641560755814038 -0.100719472919751 0.0125145016180425 -0.0426946683382979
0.0611080340812524 -0.105137405619372 0.00253072813620779 -0.0435783207495075
0.078563377955445 -0.0959673158221311 -0.00997334769471849 0.034750479244218
0.0377913289801371 -0.113243946436136 -0.0564878745876222 0.0369528098786636
-0.0447483792221076 -0.112306145623637 -0.0370393956231541 0.086667509484562
-0.0961492521120416 -0.0545413173919597 0.0196759002522846 0.0883513052499142
-0.0868754047230264 0.0279711942728036 0.0634173833602599 0.0357060796358935
-0.0443397579333806 0.0575130055071496 0.0428169201662483 -0.00308415589601203
-0.0177866363639298 0.0715221888007801 0.0213658616040753 -0.0105785927311732
0.00256573596821826 0.0745861972659714 0.00350386866910761 -0.00391792924871993
0.00356293761969733 0.0768022590293076 -0.00595972819923617 0.00312789777291701
-0.0225757069533195 0.0627695148889882 -0.016139061780838 0.00652591164304776
-0.0524502221157603 0.0511755925926742 -0.0254937460694372 -0.00816764300732998
-0.0889869852438966 -0.00228919546865219 -0.0225146923521971 -0.0248561540009844
-0.0758803859783503 -0.0659923901099135 0.000257374658069007 -0.0316616395196393
-0.00401121369295878 -0.100337830026201 0.00800496041594557 -0.0273182584015085
0.0653717740985954 -0.101621801814135 -0.0180147666281856 -0.0145316255231869
0.0757855096100493 -0.0768531563074421 -0.0394421306549616 0.0593075755052937
0.0492525308668049 -0.0994278845387552 -0.0716681804086314 0.0503087319604409
-0.0259680149367762 -0.110499744208593 -0.0518592948779982 0.080922487923646
-0.0834009092464689 -0.0634664848746743 -0.00482403308748642 0.0866710335011701
-0.0852826691099529 0.01835424013765 0.0373378124311505 0.0479331106201911
-0.0463855315940353 0.0519577801033106 0.0248375997768436 0.0203341831291882
-0.0198359763311133 0.0659009764777118 0.0148207546485364 0.0167172569042401
8.04285032234169E-05 0.0691901662411663 0.00509901408310121 0.0218496863094213
0.00187345612857859 0.0717932083087975 -0.00587505177178454 0.0283555951119226
-0.020993496453933 0.0584606862733229 -0.0211719070253073 0.0276445906694282
-0.0481948935561211 0.0463378435671896 -0.0351618053174526 0.00712608628713998
-0.0794035452174965 -0.00566865278496972 -0.0309842014637336 -0.0162066495117988
-0.0641292176493578 -0.0627099892744818 -0.00570519480741533 -0.0263161817644184
0.0038269003289539 -0.0885176492321071 0.00531873443305736 -0.0131169305015811
0.064567496107065 -0.0820637032182718 -0.0358142702588314 0.0121358764756616
0.0569705499927217 -0.0453194597789923 -0.0624023464527285 0.0769833358695818
0.0467956670829514 -0.0666281247242908 -0.0778236823513604 0.0595730169480338
-0.00689584496393977 -0.0844236060973308 -0.0577621626163775 0.0680057482617204
-0.0568353646983087 -0.0564258835961128 -0.0228158094428677 0.0750506283649799
-0.0662633588464753 0.00699523310217718 0.011420700291314 0.0530810674956878
-0.0380937024743897 0.0384748908299794 0.00711302410976719 0.0390616564393419
-0.0181397167932709 0.0499277432341141 0.00842296514264635 0.0408626004877209
-0.0025664079911367 0.0540163772755354 0.00683367963564632 0.0441495650540463
-0.000825483373902578 0.0561414157513622 -0.00562971649031957 0.049625482593465
-0.0189913887571017 0.0464436150590327 -0.0262592134084539 0.0457311913179549
-0.0404604373630285 0.0350462740901617 -0.0445046850197328 0.0181924290526671
-0.062158443935987 -0.0104372414846056 -0.0386067204941156 -0.0118866669573393
-0.0434700496603046 -0.0552096769459962 -0.0110984565426633 -0.0250281702695014
0.0137554875596453 -0.066968829717658 0.00344374556728559 -0.00243952152151081
0.057276310464562 -0.0512145616846145 -0.051325030077394 0.0324305158916581
0.0274230580766278 -0.0058367555600179 -0.0692353976132356 0.0850782972055716
0.0328104408399334 -0.0238983947155727 -0.072139987005045 0.0640352037335223
0.00683474258721197 -0.043475386651713 -0.0539637197869019 0.0534739537422449
-0.0240122298831021 -0.0363032875127689 -0.0318563615244877 0.0606655799568855
-0.0362106247322923 -0.00099638117967695 -0.00771646359569421 0.0532461844383
-0.0229391706031783 0.0196025951900798 -0.00533425846475715 0.0505432379496033
-0.01267200690481 0.0269688928781572 0.0031933214416884 0.0568125346517026
-0.00436925605586375 0.030508214951664 0.00698639466927776 0.05911878286531
-0.00353697959532542 0.0335059084291473 -0.00764130792896217 0.0650863652164217
-0.0147288612071942 0.0303049525099107 -0.0328248640661038 0.0563224379810886
-0.0289084892204749 0.020725233503346 -0.0546324525862402 0.0237442881608368
-0.0394129015966351 -0.0133955900344928 -0.0449351211469946 -0.012221080419704
-0.0203788629433742 -0.040628081409232 -0.0149710289107716 -0.0266439242501497
0.0212211541783793 -0.0390846844533734 0.000630626253950731 0.00393495424801786
0.0422393182456681 -0.0141408648468173 -0.0637800359491977 0.0445089278689299
-0.0134199840520547 -0.0202622890586317 0.0688244363296582 -0.0565738069443375
-0.0188114291496281 0.00718588892884145 0.000410726433840058 -0.0193140403206637
-0.0052492971117079 0.0193835216898207 0.0130376052456514 0.0359298212532451
0.0110596805729907 0.00988453152019992 0.0552417120075456 0.0241835586587046
0.0105518406630385 -0.00289866016392253 0.072803816861625 -0.0224008523093231
0.00510395237775336 -0.00370795396125195 0.0521284919148432 -0.0646773310898962
0.0074798591678342 -0.00208227682280424 0.0136619319346905 -0.0779798647457696
0.00830520160266212 -0.00199570599283392 -0.00941699300445343 -0.0703525703864882
0.0083224673237812 0.00160203291203752 -0.00584024010922625 -0.0664749071754431
0.00478463545389258 0.00585232320346187 0.00511470601390868 -0.0612611531604469
0.00038246022761585 0.0125917167435797 0.0145446821865848 -0.0560918453242282
-0.0118693524520718 0.0145343982813263 0.0275236419415124 -0.0506734764945251
-0.0267765684322155 0.00317980005324918 0.0454244404812786 -0.0445970919766029
-0.0215129512514178 -0.0209015859493997 0.0479223787000366 -0.0626216458248873
-0.0052590704138345 -0.0351651751988352 0.0581580624045548 -0.0940274307853431
0.0124970855202621 -0.0590866791185736 0.0628519133260909 -0.0422440792860274
-0.0150192413036907 -0.0352108823310733 -0.00636666824138138 -0.00941430439997701
-0.0300113845760044 -0.0141104986267225 0.0105817911053621 0.0522399884376324
-0.024387663951979 0.00210083996291988 0.0603067079736648 0.0403910605438191
-0.0141043326945604 0.0151078732514657 0.0840569667533059 -0.0160849444592379
-0.00478667010439756 0.0190316811215399 0.0583026565426022 -0.0619493902862308
0.00435862165310918 0.0258753929964649 0.0188887753652592 -0.0756257546024872
0.010026615721836 0.0269134782785238 -0.00760519064491615 -0.0664511842150312
0.00664393154266347 0.031060921805366 -0.0065943048068972 -0.0614646620190007
-0.0102599117223891 0.0276524892262063 0.00117343019962003 -0.0541292814690859
-0.0267171817917947 0.0242219540281194 0.00838403737794685 -0.0505644016495158
-0.0461264228163458 0.000274123841668737 0.0167878455048802 -0.0474393431138339
-0.0456312080806278 -0.0323474933357309 0.0331577333651903 -0.0433922118166425
-0.0114154967401971 -0.0596442241200679 0.0339641930870051 -0.0627854314955086
0.0251550347615048 -0.0715551785830453 0.0441889176724368 -0.0887995875616122
0.0396954709450328 -0.089007559152949 0.0467509578497792 -0.0195084306349365
-0.00322111205424652 -0.0771737697652813 -0.0193626403670055 0.00518410465283867
-0.0492582006505865 -0.0528142609064675 0.00057936784784036 0.0701351421620915
-0.061755004503871 -0.012557493176504 0.0574750618438452 0.0606777594601923
-0.0433491510370034 0.0291484995538183 0.0894613026076538 -0.00297411871204736
-0.0184881229766001 0.0404270688451911 0.0608437548316711 -0.050303861164985
-0.000998922790845984 0.0502133339971319 0.0228691609030977 -0.0621787236850721
0.0103567639825566 0.0522118460114955 -0.00422122228171355 -0.0525080945907472
0.00633097278003307 0.0559916367488901 -0.00764165581310228 -0.0461435968767743
-0.0188166683934006 0.0473212098604172 -0.00593587448055848 -0.0389099604808076
-0.0442769770080735 0.0389847254290808 -0.00376195488440636 -0.0408167788111836
-0.0743239470634724 -0.00254194522677646 0.00230366554214824 -0.0433872176846623
-0.0663860919285146 -0.05404197881887 0.0202364736242375 -0.0422062067101202
-0.00983529660659448 -0.0891847002949125 0.0197924219400082 -0.0566885455841995
0.0457687748939311 -0.0987672250540356 0.0233062385082923 -0.071390545748214
0.0636087757032371 -0.104626682637344 0.0217978534686461 0.00765568304370925
0.0157418013731734 -0.108289766443283 -0.0381909742785682 0.0222169550863312
-0.0579022614100023 -0.0906425233986573 -0.0162400681960834 0.0854678041385575
-0.0908390562598592 -0.0325788697501032 0.0449555170734527 0.0803105815130683
-0.071155850000718 0.036547480706561 0.0840707884748809 0.0150800165151062
-0.0328919101259728 0.056029498863549 0.0567490355105088 -0.0295494900844773
-0.00863950042675699 0.0681045615938493 0.0239518252141027 -0.0398659219105414
0.00954782793483974 0.0697194291608497 -0.000564740199281572 -0.0304569855690829
0.00767151540846276 0.0727942559466837 -0.00790729566633027 -0.0228468908393642
-0.0215275659862677 0.0612838497292403 -0.0121155120802644 -0.0170527864308264
-0.0519488377253327 0.0510770402248381 -0.0160489086184729 -0.0259290324366918
-0.0907006157976244 0.000596881967519168 -0.0122854796214451 -0.0352231252469173
-0.0807776158586135 -0.0634211159123384 0.00852407131538276 -0.0387124817129902
-0.0109729501724208 -0.104051763254127 0.0110972782352014 -0.0442287789323153
0.058221504251926 -0.112400344764741 0.000755600510865914 -0.0447380433057096
0.0768191367607824 -0.102045341669678 -0.00966278684400115 0.0370708692592453
0.0350466089885665 -0.118951594496133 -0.0578387757991701 0.0403257641492881
-0.0506476013885074 -0.113683634767818 -0.0357390900837472 0.0905867868325254
-0.101470273229341 -0.053024162145464 0.0225030189617141 0.0916526969501023
-0.088163558156751 0.0330789695384016 0.066539534799892 0.0341683611538407
-0.0436289153298869 0.0618568441147624 0.0444728451632664 -0.00379533713315236
-0.0147713392853074 0.0747579813351234 0.0216505618066797 -0.0119416467670696
0.00707953992120742 0.0764239104169888 0.00348946208042272 -0.00405661052713996
0.0079016073689281 0.0787067633409898 -0.00644693256915704 0.00355040055845471
-0.0205849016020746 0.0655163272815711 -0.0165044659545783 0.00724128370071804
-0.0511270143843692 0.0553617588951177 -0.0270301061258494 -0.00775699669083221
-0.0928701007031213 0.00196933587356309 -0.0239067366437096 -0.0247801220997003
-0.0817224421177765 -0.0642011158166338 -0.000307656196469686 -0.0329638324343941
-0.00830551494374034 -0.103863537161677 0.00710957485595838 -0.0283877315967645
0.0627920337894867 -0.107993820589249 -0.0189973681941557 -0.014301639305916
0.0745916981143362 -0.0820391040106979 -0.0393180117657608 0.0633000285256048
0.0470787155313997 -0.104761270497165 -0.0725873357000335 0.0545882745301579
-0.0312222636056661 -0.11237081564912 -0.051360072049629 0.0850779336615175
-0.0888174044844082 -0.0629325776706012 -0.0028110154949652 0.0904615923329209
-0.0869683833656548 0.0228657555297858 0.0406197003096934 0.0484682929292725
-0.0452362988785311 0.0559345482980544 0.0270336977611689 0.0207620022720298
-0.0175692886174966 0.0697007678740701 0.0168176077888208 0.01684184369923
0.00387751353256113 0.0717134813899667 0.00637601640320921 0.0221465029175903
0.00595913309611174 0.0734321729976327 -0.00481350468136591 0.0289835620802454
-0.0193123064631699 0.0613327071120994 -0.0205389900587596 0.0293830856001157
-0.0471706359071739 0.0494265345872365 -0.0364672878540288 0.00835674540369513
-0.082528929444019 -0.00202692210282419 -0.0324434978358117 -0.016004842293116
-0.0690094698883962 -0.0612099783116378 -0.0070118162265907 -0.0279641770988648
6.06794851367214E-05 -0.0916752117630617 0.00491662888847589 -0.0138318034463911
0.0625904035651806 -0.0880304789630875 -0.0362501837835003 0.0138559425765875
0.0563599215849658 -0.048621965733527 -0.0615467412528438 0.0822426522960369
0.0458924703915187 -0.0703383293997548 -0.0781998458594317 0.0640975551205977
-0.0107420326365657 -0.0862787069270213 -0.057518181255988 0.0719127404385913
-0.0610574876453922 -0.0563089330221899 -0.021635158787374 0.0791516684828048
-0.0678337948126884 0.0110308736695307 0.0134385117684758 0.0543368246198766
-0.0371811025955552 0.0414401358918578 0.00953795202223224 0.0407482979539003
-0.0164182635365766 0.052310915826389 0.0110065082618644 0.0417888770840343
0.000274608409404121 0.0560513258690465 0.00948909290158883 0.044306803720231
0.0023406313482937 0.0581450301429967 -0.00315354944742692 0.0506703695297526
-0.0176330196808783 0.0496140419831025 -0.0248678225888049 0.0475078027920359
-0.0395935085299913 0.0380016491379715 -0.0454025187919724 0.0203017643909586
-0.064996314848035 -0.00827219220453068 -0.0401517521802477 -0.0112130323449025
-0.0476201187581496 -0.0546772761677959 -0.0127486035554503 -0.0262855850161281
0.0113967193184506 -0.0698944436888143 0.00314087908967698 -0.00254281851205434
0.0568819221995769 -0.0554984909154446 -0.0515399473195934 0.0353598064945763
0.027702299154735 -0.00690228946554231 -0.0693043078494266 0.0907856467269244
0.0338251484078853 -0.0257146008522722 -0.0725212127153803 0.0680174258316335
0.0053252427193406 -0.0448146435429475 -0.0544365586883325 0.0563601210965574
-0.0263990485539335 -0.0361723746596079 -0.0310323341418977 0.0641156415386864
-0.0374128052397374 0.000804853901677281 -0.00579258458703023 0.0553200068016477
-0.0220338601114402 0.0212679314894276 -0.00320204330886084 0.0532272282669618
-0.0112085444847833 0.0278778672264067 0.00646334104873923 0.0582704969297759
-0.00299260631666247 0.0318963521035261 0.010421187574405 0.0598257946018052
-0.00154525961675694 0.0351622226605308 -0.00431074769384637 0.0665559325614491
-0.0139165512419482 0.0318897117813134 -0.0306008744594581 0.0590165782484643
-0.0290360811896717 0.0225392045464919 -0.0553742569500069 0.0268348445486986
-0.0415010288555197 -0.0124557961749942 -0.0469300352260255 -0.0113746119765513
-0.0230723609943969 -0.0412371008109403 -0.0169452184390679 -0.027864092146709
0.0206130234292842 -0.0413392527925285 0.000823379173649841 0.00378847484735184
0.0425525077574161 -0.0164170177441057 -0.064298114615269 0.0483028370427225
-0.0144794030299695 -0.0197198515222998 0.066961085503474 -0.0615910398754106
-0.018584444744105 0.00777614846318636 -0.00115892756374194 -0.0193917150428582
-0.00451725929248707 0.0198330433303418 0.0154241034862421 0.0367068989262511
0.011112456677218 0.00920469816404568 0.057579860881779 0.0222436367889438
0.00991899939487013 -0.00361124839479549 0.0729731583158575 -0.0268577867755056
0.00488100682407592 -0.00430960041058985 0.0487385511607232 -0.0697306661812839
0.00795706469278141 -0.00295049861343105 0.00891600669918556 -0.0796739730764634
0.00858949145718443 -0.00303385949622876 -0.0141966547965194 -0.0699676852146766
0.00866862328442156 0.000204461726446901 -0.0106916189620973 -0.0669668445059722
0.00528787003249113 0.00554704671086837 0.000932938327972049 -0.0634051754601221
0.00111895721459231 0.0130527302461034 0.0112737829679391 -0.0584874614137113
-0.0110618725283279 0.0158706884275377 0.0256015810020727 -0.0530524217777224
-0.0273429315302771 0.00449751798363245 0.0445612911052605 -0.0476329384303563
-0.0231134223091304 -0.020362335270976 0.046131375496343 -0.0653309867069316
-0.00673957609753071 -0.0354123242800945 0.0547774091347099 -0.0990771879785882
0.00932783819200596 -0.0613250940953891 0.0612032238486818 -0.0457326198618375
-0.0175905646046606 -0.0360097543231619 -0.0070569535292704 -0.00893831101942622
-0.0317234401841003 -0.0124014446538317 0.0132867909602136 0.0533155128768457
-0.0254066541107055 0.0036438012687848 0.0630114556230847 0.0382723518450503
-0.0134234648714778 0.0157588119995096 0.0842770367665949 -0.0216028033689169
-0.00361266420656054 0.0195146228357391 0.0556706463897745 -0.0668075818761686
0.00644703547563065 0.0261513569220887 0.0146667842534624 -0.0777072974543834
0.0123702914686278 0.0264657822117254 -0.0115303697026873 -0.0658823286527262
0.00908208721940494 0.0307852207895596 -0.0118023642350321 -0.0617881033028616
-0.00908507720048238 0.0290590070142081 -0.00260061792772667 -0.0557151563286957
-0.0252306152944278 0.0267954474244713 0.00552849132838145 -0.052869075102366
-0.0468019257472402 0.00327737247531461 0.0147703484351484 -0.0490784586968631
-0.0485669945012053 -0.0296632326175196 0.0326421057835318 -0.0464199399655024
-0.0151817478129829 -0.0604495298902953 0.0314753216360533 -0.0654927035411235
0.0210566610963693 -0.0748178707891042 0.0405897130174582 -0.0926852966409195
0.0355390008977786 -0.0931855571935373 0.0462143276595181 -0.021738593324262
-0.00782075010706294 -0.0788089871191968 -0.0198878984658118 0.00633486759015629
-0.0536076050063964 -0.0504711879183116 0.0033885209430353 0.072125509733057
-0.0638785854872985 -0.00960860913340948 0.0614660049073496 0.059867862468478
-0.0420660975031087 0.032400541147881 0.0901967521807929 -0.00847249017077273
-0.0164256842764462 0.0421914230148574 0.0591696494905781 -0.0546436435446004
0.00187921906691564 0.051661031218665 0.0195627125322018 -0.0647439655842894
0.0143419195574677 0.0520348851052787 -0.00784045715005407 -0.0522716967804174
0.0112065335355793 0.0559924321395839 -0.0118135556252905 -0.0461039144077475
-0.016006078189675 0.049379861760118 -0.0091567448611939 -0.0395490532376442
-0.0423556684609484 0.0426278563097347 -0.00669307164505225 -0.0417272334535407
-0.0761789216029667 0.00198932706894244 0.000203595586516273 -0.0441301838374792
-0.0711429245940113 -0.0503398532259654 0.019167780618088 -0.0447605810749319
-0.0149777072325486 -0.0902314757800684 0.0174227652998539 -0.0579294354930651
0.0404625155784254 -0.103758002389541 0.0194739335795941 -0.073617413125952
0.0582342729262381 -0.109869862612704 0.0221379188141692 0.00748256471874534
0.00959157619933376 -0.11152496772545 -0.0383985827693504 0.0251738620243034
-0.0641689205659105 -0.0884328561026505 -0.0128648130933814 0.0882167582831281
-0.0951588231797316 -0.028232592862279 0.0493341450048522 0.0807409460756191
-0.0699203203179376 0.04135000079922 0.0865019360843922 0.0109103329333068
-0.0301271291427871 0.0590803944914581 0.0561757987950352 -0.0331368664344497
-0.00396454744839193 0.0700095566791775 0.0220278974735329 -0.0422370778755901
0.0147509351160311 0.0699112088878385 -0.00251586963934606 -0.0304276325642926
0.0130305622795844 0.0731871890246714 -0.00995629140973277 -0.0228973640102366
-0.0182008067877181 0.0639018659360858 -0.0136517828919332 -0.017058576399252
-0.0492593526640364 0.0551364425293252 -0.018310893302283 -0.0256490199144861
-0.092653650141058 0.00608447003611925 -0.0141254402297579 -0.0351288672900456
-0.0865255849012213 -0.0591549969816817 0.00690139171086587 -0.0402131404842301
-0.0171815359681334 -0.105272219128658 0.00885814441583556 -0.0448606253716358
0.0520337498609586 -0.117968053009179 -0.00193873435418771 -0.0453090047908863
0.0719573184785921 -0.108628044833132 -0.0087420271242072 0.0392575497365159
0.0292912330463194 -0.123280088374246 -0.0569341774994776 0.0442014372900832
-0.0573578410796339 -0.112257790212275 -0.0326955884230209 0.0941493909126747
-0.107117675439538 -0.0485534083189775 0.0272901691054187 0.0937136877265703
-0.0873047417176661 0.0396866240086057 0.0691424365786921 0.0309179264935617
-0.0405484240802626 0.0656078383107249 0.0455947825700874 -0.00614090351180703
-0.0103579264612732 0.0777188906764999 0.0215067051717373 -0.0133531199989459
0.0129014727599603 0.0770436861701429 0.00295621307357844 -0.00425311425542367
0.0141525842862066 0.079124691397524 -0.00667276354979828 0.00352804784446682
-0.0170539459584613 0.0682498927676318 -0.0163899719842301 0.00800690186526131
-0.0490522170312126 0.0590171813506503 -0.0286030268397852 -0.00649225219969997
-0.0947912711112396 0.00729843632321732 -0.0257951854021204 -0.0239921840524126
-0.0873677693994594 -0.0598899069481601 -0.00217883864254027 -0.0345132239469673
-0.0148051358302515 -0.105819746557445 0.00536738107503199 -0.0286809800611155
0.0574130793336303 -0.114164949691347 -0.0205773264026809 -0.0135563791764176
0.0708687320431886 -0.0878091184803891 -0.0376183101945191 0.0672093319795121
0.0424916645783873 -0.109291731107356 -0.0717506121257942 0.0591296871499319
-0.0378958702548623 -0.112379764719885 -0.048695592506345 0.0890403629715001
-0.0948476971999758 -0.0589527172871467 0.00169189810421063 0.0930053766238773
-0.0865999505227354 0.0284865249178943 0.0437477832031323 0.0468981269399812
-0.0425102031158519 0.0598185169822354 0.0292047373961105 0.020577277244839
-0.013559988369285 0.0718705471917856 0.0183947241436937 0.0160330145571589
0.00893491761210884 0.0723987414495695 0.00766847763028653 0.0219100183500336
0.0115332190816754 0.0736523659401659 -0.00327870174021784 0.0292433406112228
-0.0155174903722957 0.0635633252812293 -0.0190511907572581 0.0312556130784492
-0.0447405230053524 0.0530498220573544 -0.0369620959688868 0.0102092215942402
-0.0845832460199242 0.00300748575939451 -0.0343763020413438 -0.0149925577943778
-0.0742698385894394 -0.0578043609013398 -0.00859977960530886 -0.0286863590892348
-0.00544822240559538 -0.0932760164392576 0.00384400095207684 -0.014217931038909
0.0578253157778163 -0.093756176449724 -0.0368175222289973 0.0165296805506146
0.054145828545054 -0.0528093254072559 -0.059315938835203 0.0880930398150326
0.0432851443492843 -0.0742194626817537 -0.0772493071919038 0.0689483904584137
-0.0150482721583885 -0.0870710012259549 -0.05564961075501 0.0751649919143939
-0.0654108380155523 -0.054227129008427 -0.0183655616462437 0.081969659129931
-0.0681752896013679 0.0149409768088862 0.0165488797046984 0.0546323960137214
-0.0347915350855618 0.0441415250372501 0.0120701857509722 0.0417049885118709
-0.0133558929857251 0.0549897604029191 0.0140259020023122 0.041726420079439
0.0037219946917288 0.0569076756243692 0.0124443338907671 0.044127982686245
0.00665702136833452 0.058345387446436 -0.000150671216149371 0.05194630818238
-0.0147393631133349 0.0515140420915637 -0.021952717851844 0.049667163658329
-0.038202188086467 0.0405611379121484 -0.0451791030711999 0.0236583824580622
-0.0672521378779646 -0.00426922283953568 -0.0416123737998979 -0.00908503203059269
-0.0520206269103152 -0.0523514783996232 -0.0139547208312389 -0.0264347006325361
0.00776564549260392 -0.0718109855374437 0.00334443801924302 -0.00289934225529808
0.0535131899832707 -0.0598557111300697 -0.0506174503705694 0.0399138564076078
0.0275089871144457 -0.00826230495648124 -0.0662550387544147 0.0971015022738857
0.0334595641509999 -0.0281692768113601 -0.0708290065433072 0.0731820553427969
0.00317225936789636 -0.0460283933702259 -0.0534579217073987 0.0597709269381139
-0.0289877751993261 -0.0357418825297435 -0.0284761213900698 0.0675158745081648
-0.0381705254033591 0.00313096368596185 -0.00314851842880886 0.0576600697745017
-0.0209733816870034 0.023021212703733 0.000477895726028727 0.0554840488342149
-0.00988009291723477 0.02948507605113 0.010755693205671 0.0586784459695736
-0.000798776135557424 0.0326028966843335 0.0140503082300689 0.0595016165388029
0.000824229641089808 0.0354332455372219 -0.00011166328046814 0.066931372803242
-0.0123393366869599 0.0333765719439777 -0.0271173949850073 0.0615055141035356
-0.027861846635363 0.0245056128021687 -0.0547461229946361 0.0304084942189495
-0.043793117949754 -0.0101435622275597 -0.048623237135464 -0.00927360318647339
-0.0254822126681018 -0.0402926968533415 -0.0187155348556866 -0.0277485508088407
0.0187503656478105 -0.0430857789356392 0.00107089876579294 0.00356058497929385
0.0420737934580681 -0.019201741894755 -0.0627553958988363 0.0531616495355795
-0.0171620495392398 -0.0195099679431616 0.0563415150450891 -0.0703334559584867
-0.0175282403636893 0.0104293467867241 -0.00390928972089337 -0.0189921834823874
-0.00011414072612552 0.0204002578709745 0.0202342169712279 0.0332955560834136
0.0143417239662012 0.0071964074565718 0.0588529236104148 0.0128615094060113
0.0100857126901444 -0.00659201717668772 0.0672332768417612 -0.0378260019857504
0.00443413980715457 -0.00749231347314559 0.0360742796912944 -0.0759199630633711
0.0068518648159159 -0.00555826614397511 -0.00465979855559949 -0.0793029693098603
0.00686738072076502 -0.00479546255475165 -0.0244198066022443 -0.0654573111491708
0.00799195103842753 -0.00112204714043392 -0.0210744076448954 -0.0639063201902707
0.00536712026102943 0.00503159821639671 -0.00849773680846137 -0.0631408643105603
0.0030542819646831 0.0123187296498239 0.00330366532932067 -0.0594560693539699
-0.00956491755205582 0.0170835729730857 0.0194619486368124 -0.0557854829008051
-0.027282646452976 0.0085117973333226 0.0394306431015541 -0.0531059162124919
-0.0269697319700692 -0.0167209041134994 0.0371270881742071 -0.0698760693678873
-0.0129840672043184 -0.0344382049531088 0.0410953257492015 -0.103502151377981
-0.00161245771450644 -0.0640248200903398 0.0541361798885513 -0.0520429545896154
-0.0243342521920015 -0.0320763928185354 -0.00688840569716404 -0.00707028207884903
-0.0326229650909481 -0.00583042408143048 0.0225965309036647 0.0491343995237455
-0.0226374747217424 0.00875771302541175 0.0684727856151701 0.0265035065038661
-0.00895548371631926 0.0166664754865337 0.0786133640359547 -0.0359164775697523
-0.000432644391938004 0.0174389817948422 0.0426452760406877 -0.0747632218539342
0.0108974094972371 0.023480695545336 0.000619551367004965 -0.0785897844421465
0.0152426636799244 0.0232120291014524 -0.0223083978350607 -0.0612114854972005
0.0136372673458162 0.0285399900976742 -0.0213320407056178 -0.0591751543294916
-0.00443241724432999 0.0302064333608013 -0.0111503057927316 -0.0555289541318944
-0.0208745842545827 0.03025049381312 -0.0020564336235882 -0.0537631005934664
-0.0465745000614979 0.0113988401972722 0.0099107351560791 -0.050962426144978
-0.0537087709658461 -0.0216104597787004 0.0278010010282702 -0.0489295164452114
-0.024769234702555 -0.0572765948328033 0.0213882551011212 -0.0676131468418473
0.00928263616685501 -0.0774951069868455 0.0262382355408296 -0.0953001855654107
0.0175527899731794 -0.0993026123475997 0.0440848463527422 -0.0237276307399631
-0.0227535443456905 -0.0756757452128454 -0.0149919639147349 0.0111777714548832
-0.0607018337326237 -0.0387937925214078 0.0184831517706598 0.0689775025796336
-0.0635263150610823 0.00360646570973382 0.071972091163631 0.0470596952918561
-0.0335244295430762 0.0380943043884019 0.0864836990038746 -0.0249994886060169
-0.0084587462398545 0.041917317719933 0.0476616775530604 -0.063653071961599
0.0116503583749203 0.0505432381012973 0.00734049681700073 -0.0682084292837772
0.0215187004886787 0.047683678877389 -0.0167697915818865 -0.0485451717227381
0.0201068948147088 0.0529937366463846 -0.0192635447564535 -0.0436189291877748
-0.00824495608048679 0.0519271839510034 -0.0148447492461363 -0.0390286036738749
-0.0344725212095476 0.0486059003341534 -0.0121056813683869 -0.0419814169707035
-0.0756858687540295 0.015320773050206 -0.00368777541635837 -0.0439241046702493
-0.0789092854391921 -0.0378480782346646 0.0148522940889898 -0.0451429533307166
-0.0293325430284932 -0.0863026655787214 0.00795872973090114 -0.0584898733360292
0.0244868057057331 -0.109329919131059 0.00657672148282485 -0.0745750100048699
0.0368730681997103 -0.118795507762741 0.0256737497289885 0.00981633237930372
-0.0115240231644996 -0.109904882351486 -0.0291457777098226 0.0337363274071378
-0.0774556967206213 -0.0732663092805801 0.00690050261059839 0.0870149856668912
-0.0968262444921095 -0.00890815798994223 0.0651950471636091 0.068579956109283
-0.0586149741977016 0.0518004223205392 0.0852828157489559 -0.00742432509892449
-0.019273641307113 0.0608568679741355 0.0481197716530696 -0.0426880854272846
0.00893964214887488 0.0704175316220384 0.0138219544985635 -0.0474364072590609
0.0251117253245075 0.0647985236155272 -0.00878086802948565 -0.0281963602455718
0.0256094355307893 0.0690558360718309 -0.0144962977822936 -0.0208886165423245
-0.0073894729660717 0.0660638254541386 -0.0164897138769899 -0.0160294403918148
-0.0393168910569348 0.0617319762174841 -0.0218250443520788 -0.0241170132908618
-0.0916926004427112 0.0223635745203858 -0.0162792458083995 -0.0334544486591914
-0.0951808519998908 -0.0435818339006232 0.00386459675523285 -0.0384883111513184
-0.0338977173009122 -0.101028308947212 0.000605729800684807 -0.0439905177601227
0.0336853555299678 -0.124893180963591 -0.0114519441228446 -0.0438473743762523
0.0505575973396704 -0.118383031345424 0.000229711559651856 0.0458984593541447
0.00514120844048394 -0.124217833747892 -0.0446580184834297 0.0558517863786769
-0.0758078007444349 -0.0977326607850289 -0.0106427339103344 0.0974690314355514
-0.112373830413471 -0.0258229972652161 0.0467197954437604 0.0843880991757787
-0.0762549532422299 0.0536659712390606 0.0719605366423785 0.0149003083014106
-0.0274402609984952 0.0693687041837632 0.0420586949849068 -0.0149823081499994
0.00451102242581044 0.0790416859052451 0.0182276322827752 -0.0198099313647142
0.0247708864312034 0.072457876902774 0.000764119818931379 -0.00450918018205435
0.0280098250703473 0.074961142658978 -0.00731527904269922 0.00449357936144169
-0.00481084096200607 0.0707269770912342 -0.0157684413945507 0.0089619218378362
-0.0378349368753149 0.0659279241519514 -0.0288766030141333 -0.00431506164706533
-0.0930283010220809 0.0243348811485687 -0.0262460066983663 -0.0212994416620694
-0.0957075958286544 -0.0439905927607001 -0.00483649031591361 -0.0315204391402656
-0.0311913783294883 -0.1010872302233 -0.000891284028956023 -0.0277095422189835
0.0395688126765639 -0.12198442032685 -0.025888601825174 -0.00992700913171327
0.0526622544208467 -0.0967513919096431 -0.0245027217622492 0.0768209727546064
0.0212474447060865 -0.112816044300348 -0.0571918859608166 0.0730406596319813
-0.0563614545423991 -0.101060850695907 -0.0277700705823412 0.0951238993229933
-0.103436395520015 -0.0389229252700968 0.0217670862806788 0.0891580361254846
-0.0779491294588842 0.043021376905564 0.0499800961945563 0.0352070052743655
-0.0302075513665977 0.0649434098267161 0.030940408966939 0.0139538091264653
0.000815002006557075 0.0747260507236125 0.0208005476018239 0.00972024086381125
0.0209666409470538 0.068993384688372 0.00967858378063062 0.0197752850144872
0.0248019455484906 0.0705315733736063 0.000354092100181329 0.0289242481561674
-0.00455839196706696 0.0660721851847806 -0.0143832840801182 0.0318991095756965
-0.0346901133458806 0.0597413369169643 -0.0347967876799381 0.0134970682788667
-0.0837329853074544 0.0178345645199952 -0.0339854235291156 -0.0108095351745046
-0.0819055400678277 -0.044298535395806 -0.010946784495274 -0.0257865238399037
-0.0202806093561369 -0.0904342830265574 0.000178676564082508 -0.0135446336540583
0.0432303743025712 -0.101059064271139 -0.0371691108957099 0.020941330125403
0.0432737504648807 -0.058440200223734 -0.0430778708375212 0.098481077743668
0.028613109603696 -0.0782722525237798 -0.0626994093345754 0.0828785745154435
-0.0298611637876532 -0.0808272807301447 -0.0390800951822519 0.0836852750562424
-0.0742155465838508 -0.0395303983993785 -0.000638392540426902 0.0823611131121041
-0.0625926799437231 0.0270228917939316 0.0256577938244499 0.0481883531317155
-0.0256921031978142 0.0496917815613626 0.0180840411950876 0.0377356438236677
-0.0018857395208204 0.0575911126301156 0.0205328139398263 0.0363022143084303
0.0137807276499934 0.0546548450544674 0.0175698726776301 0.040300419528024
0.0175809720536999 0.0568808406638228 0.00702025732300184 0.0500802213327007
-0.00526962064071911 0.0536365673024548 -0.0146721291330585 0.0506392163270795
-0.0299911008363309 0.0463201336724098 -0.0408327986304554 0.0279843119180005
-0.0677383684872458 0.00785943219258134 -0.0407832690899287 -0.00443262883410658
-0.0590008481648478 -0.042774415222013 -0.0166935708992971 -0.022449090669317
-0.00338488315288615 -0.0716358694146139 0.00101555706919188 -0.00265155182150001
0.044184281938466 -0.0669670226185768 -0.0471698892033679 0.0447952525024567
0.0254904999915582 -0.0100617137451171 -0.0500111039732035 0.105915964073729
0.0273831082224444 -0.0313418784704675 -0.0574677349035562 0.0844616898843932
-0.00478226536552321 -0.043952213850842 -0.0411561539018803 0.0678549136108458
-0.0349029760252356 -0.028645781045882 -0.0149669743107869 0.0707432531343945
-0.0358177895516525 0.0105500166625514 0.00727654399391454 0.0558579311444391
-0.0154405747879186 0.026445687207869 0.00965406187297553 0.0535661218198931
-0.00376332014069077 0.0315196636796119 0.0205533444848103 0.0542385245387204
0.00510780390001984 0.0327320620125668 0.0224290367936338 0.0547361379420954
0.00763242049567942 0.0352568425042456 0.00973170689308848 0.0653532966031331
-0.00546711347413372 0.0353099825314836 -0.0180553252318099 0.0639056502026503
-0.0233709343414242 0.0289582042273964 -0.0492127690154956 0.0366116822584295
-0.0452073141540199 -0.00209379856738589 -0.0483064807506849 -0.00270706633275649
-0.0313607258632486 -0.0352065769798637 -0.0220644572535741 -0.0240182685719741
0.0114645860470225 -0.0450729678787189 0.00024083214856831 0.00318547945900844
0.0392571076659732 -0.0247580321016939 -0.0559933840316759 0.0591744362058243
-0.0175983596730032 -0.0188424159339036 0.0522625649553087 -0.0703055648716287
-0.016679095054571 0.0105223473194261 -0.00469015691193617 -0.0183383035918459
0.000123187585192395 0.0202686885585532 0.0210032489353595 0.0326141439705795
0.0144107691772705 0.00650990811990486 0.0578330583628085 0.0109080389595785
0.00948008384436618 -0.00679382780923101 0.0638332410524251 -0.0394758970375367
0.00375199796702052 -0.00774942355208226 0.0316622972315132 -0.0754267010248096
0.00651162024903762 -0.00610929188254939 -0.00778088606869786 -0.0765368755427014
0.00660398924070674 -0.00497099007564734 -0.0261824150586311 -0.0618310341258212
0.00755447878819265 -0.00173825173876019 -0.023718939820069 -0.0610874340140112
0.00583122522043636 0.00426334053033542 -0.0115285871237257 -0.0614420990232106
0.00374921475404536 0.0118925312106827 0.000304602256755526 -0.0583559051612703
-0.0086775713733688 0.0173557158483484 0.0174073403549675 -0.0546967257126848
-0.0263220358214593 0.00974730106984982 0.0376614515832451 -0.053354166641975
-0.0264381847556703 -0.0153363324844891 0.0344539335971139 -0.0689094536908428
-0.0135455104448008 -0.0332491482665745 0.0368219811658366 -0.102739448332224
-0.0040074265296976 -0.0626924050333413 0.0510247184294919 -0.0522413557289372
-0.025378266527191 -0.0304362411425214 -0.00700686499937178 -0.00642714343964233
-0.0323072361575843 -0.00447220768637975 0.0234717509205317 0.0478569740377174
-0.0222760325742662 0.00946485604339396 0.0676920530278013 0.0248713770803168
-0.00769191453587897 0.0168831626856035 0.0751642045282922 -0.0378037068308245
0.000120375955499095 0.0171086622523494 0.0386986924157529 -0.0750357309562198
0.0120770106849467 0.0223185858874022 -0.0025672916056828 -0.07700862837335
0.0162351012504988 0.0216968991641723 -0.0238534657872485 -0.0585556111663145
0.0142449516394794 0.0266655184235073 -0.023950648402548 -0.0559500711580683
-0.00302724154482667 0.0298666190652562 -0.013826530739207 -0.0541975313778413
-0.0184895733418967 0.0301684036635184 -0.00429101214450727 -0.0526553370544949
-0.0453209229588793 0.0128341016238698 0.00835939151857465 -0.0496597129479846
-0.0530694049813383 -0.018646154043143 0.0259907446329644 -0.0489719620063585
-0.0259879155515159 -0.0550545957973281 0.0194289041699368 -0.0659338154836959
0.00617604454242491 -0.0759999403761749 0.0224516426015865 -0.093630427423218
0.0134455837888278 -0.0976096499315818 0.0425326005623593 -0.0238626639236031
-0.0254735215632982 -0.0729035082184771 -0.0149312299604914 0.0115937896669658
-0.0610918549411468 -0.035722888057292 0.0200177037897258 0.0671641901547141
-0.0617107770656538 0.00636386751804371 0.0718835913863121 0.0444330446479872
-0.0311356098225023 0.038277539639697 0.0830383921166455 -0.0276952088504331
-0.00669218718059163 0.0410937763759746 0.0441307230894804 -0.0641546910185176
0.0138827723029585 0.0485318531260903 0.00424339017989982 -0.0668310764809897
0.0235793754679274 0.0452995515686523 -0.017633938542328 -0.0460501673480231
0.0225262142434018 0.0500920201623348 -0.0213337405523207 -0.0410245481517214
-0.00590712862342808 0.0509675152322844 -0.0165159089326179 -0.0373443839215516
-0.0315064758519923 0.0489972863551637 -0.0139491508527673 -0.0410783110281073
-0.0740132706851456 0.0179718880811812 -0.00462378202573331 -0.0428012610087422
-0.0781481238809209 -0.0336239958151394 0.0135023274116496 -0.0444094237577505
-0.0319572384254351 -0.08315870102142 0.00629244736409043 -0.056701302692468
0.0195959662798539 -0.107540025730717 0.00381088486447439 -0.0727135035747292
0.0314059783325485 -0.117521100755808 0.0251364353024649 0.0097771987473697
-0.0150620350399832 -0.107243843428727 -0.0277492722075861 0.0335621699726114
-0.0780801541726882 -0.0686370191749291 0.00840279075722515 0.0852013649567014
-0.0958721388456444 -0.00506208986405503 0.0662210515096273 0.0659624662612285
-0.0555063387128275 0.0526168309890055 0.0823291391023562 -0.00983542585115746
-0.0163428594019622 0.0600866200504582 0.0454654755564631 -0.0434216728785609
0.0124857209901551 0.0682367372835044 0.0113854101409485 -0.0466908644416362
0.0278111168426365 0.0620790132263827 -0.00953403133076964 -0.026712203966604
0.0282744453274078 0.0655537104278927 -0.0155727365342645 -0.0191061678765407
-0.00435605198988679 0.0649856839920645 -0.0172716127639573 -0.0153806192024856
-0.035739869255522 0.0619307562330116 -0.0226085087883157 -0.0234704234437926
-0.0891580856441562 0.0260988131624998 -0.0167067483185373 -0.0323253531142095
-0.0940580250996032 -0.0386865207923417 0.00254639193556393 -0.038117540318652
-0.0373806934977541 -0.0972129330464747 -0.000570130847630592 -0.0425314745444824
0.0277335793687011 -0.122929412092512 -0.0130903028745496 -0.0419311855222778
0.0443848283344546 -0.116965025255444 0.00168211306258385 0.045713754367067
0.00100159149181099 -0.121846798292415 -0.0424041422229864 0.0560802144809467
-0.0769231083246575 -0.09212213714724 -0.0084257538949629 0.0955537977939994
-0.111788410828837 -0.0213826451626528 0.048036020870733 0.0819660742400659
-0.0721496304918824 0.0549923818691695 0.070725189178535 0.0124566353092215
-0.0242313183503172 0.0683412175441595 0.0411582798703386 -0.0158720969627946
0.00847466538373484 0.0770696993863058 0.0170124095406336 -0.0198094936020646
0.0280846983326002 0.0696904270740923 0.000580937417262807 -0.00401867597301584
0.030513962690034 0.0712103841769327 -0.00711868170786476 0.00483250569474962
-0.00191926955286496 0.0692130318505253 -0.0150023696894536 0.00918958035283099
-0.0343555112735196 0.0653840374120031 -0.0288561296920853 -0.00326774984810675
-0.089932927983973 0.0276214399270066 -0.0263761464000494 -0.0203050894527763
-0.0951938369229346 -0.0387672276647579 -0.00528759105083276 -0.0311392188184825
-0.0347345916658035 -0.0976650516698516 -0.00171703233602532 -0.0267044904690913
0.0332377423332421 -0.120225567333004 -0.0256937975882776 -0.00821425261859528
0.0477312461314648 -0.0959343240135018 -0.0211426995684203 0.0768833479979591
0.0170236600089659 -0.110884062566068 -0.0537608461760956 0.0730869566783928
-0.0582656823405135 -0.0964174303932981 -0.0254385577077907 0.0935980007793808
-0.103102546390699 -0.0341225427344652 0.024265292314308 0.0874713958006103
-0.0743989649558848 0.0451810935995099 0.0499610321438103 0.0324143125749703
-0.0266473952456697 0.0642815054133591 0.0311101925829969 0.0126891575804504
0.00439555141757036 0.0728268059788291 0.0204914373614468 0.0086961321124535
0.0240459328053698 0.0660229004963798 0.0100272326037899 0.0189460002669098
0.0272767720612439 0.0667945097857817 0.00147061164296418 0.0281373604528326
-0.00150246091584649 0.0647620273283341 -0.0126960402596548 0.0312809816575772
-0.0313468106650298 0.0591386896245995 -0.0336918148575609 0.0146631083359672
-0.0812363737848362 0.0214218055402385 -0.033393574262799 -0.00965653371219732
-0.0817453972579596 -0.0397616415217305 -0.0118923234131903 -0.0248331328299785
-0.0230336403074012 -0.0874345829123774 -0.000373152343978257 -0.01303231737994
0.0377999889303147 -0.100190591752688 -0.0357868332051058 0.0222090246224256
0.0398704487733343 -0.0586343914298054 -0.0390231453249426 0.0981828578725355
0.0253836026599418 -0.0775681642812475 -0.0583618879115296 0.0828397448308311
-0.0312684957316856 -0.0779438471628906 -0.0371806217796451 0.0827446762479187
-0.0746338206234253 -0.0359015679737495 0.001845930725467 0.081409519528729
-0.0596510884679923 0.0287803084307172 0.0268346430240564 0.0464169622129313
-0.0229449201176711 0.0487956377718669 0.0199473442311839 0.0370718034567057
0.00048823876354409 0.0561836098596979 0.0223679651216981 0.0344381250470781
0.0159884597938285 0.0524475730175539 0.0188878900956574 0.0385003217743035
0.0195682556412275 0.0539283305799046 0.00854766842883874 0.0479053585902097
-0.00308563503411476 0.0526148264316444 -0.01211688860096 0.0500183573589816
-0.0274324780264238 0.0461665822413594 -0.0392054628814679 0.0287512019765394
-0.0658351795134226 0.0107437036290861 -0.0399636373439629 -0.00320285058694754
-0.0589196343269602 -0.039175907838535 -0.017344209313297 -0.0222233996958464
-0.00636080588102701 -0.0693376084785412 0.0010310703807246 -0.00300646489558372
0.0403135821955527 -0.0669016852084817 -0.0445741836364377 0.045641139471771
0.0243023303957236 -0.0104478797527807 -0.0455321579242287 0.105402129522335
0.0256787373752021 -0.0315609506841325 -0.0536074627645552 0.0841322372907814
-0.0056099529040431 -0.0426753533721803 -0.0389693975916349 0.0670914248235636
-0.0356668703613224 -0.0270563396319927 -0.0124312787957059 0.0700674497033614
-0.0343762417098867 0.0115746328288303 0.00916679488076833 0.0542024717649673
-0.0134187463081869 0.0262080801945352 0.0121587457875845 0.0525220903297145
-0.00203949302384651 0.0307031477195053 0.0227227830980581 0.0517690114622183
0.00661385419019138 0.0312198432270968 0.0238432491959935 0.0519089703042555
0.00890724890567425 0.0334174908712048 0.0119555076316995 0.0627815355406166
-0.00378255549449822 0.034758191045153 -0.0143037476976812 0.0623816847250184
-0.0214474278948169 0.0291481545376214 -0.0464769406809847 0.036930499999605
-0.0446273735227683 5.79919909862877E-05 -0.0472486517561492 -0.00124804796335129
-0.0317816410828025 -0.0331947691909073 -0.0226613782717353 -0.0232887825544395
0.00959154088007935 -0.0440222351906451 0.000959689323138112 0.00314174800318794
0.0371711904105685 -0.02515727707186 -0.0523880197064226 0.0601296508183177
-0.0177527458742994 -0.0191081064737514 0.0505829361973729 -0.0688350629501225
-0.0166800392267001 0.0108133998705191 -0.00458043602583286 -0.017893589868201
-0.000600701305831921 0.0194075137742854 0.0207861761031847 0.0324640734602553
0.0141412470066209 0.00647529817460309 0.0569099412590566 0.010970817507494
0.00945392503528466 -0.00672860388764797 0.0617300544920948 -0.0389704431703942
0.00317045665005391 -0.00760974939526134 0.0295615730044188 -0.074937542376409
0.00646577071550293 -0.00654542022133152 -0.00935883905824082 -0.0746246834937916
0.00640724966044286 -0.0051123116161924 -0.0260790040756938 -0.0599094858788403
0.00730954772465797 -0.00207049105947983 -0.0248705527822978 -0.0587465121415743
0.00595635882444008 0.00447002812629933 -0.0125735561653016 -0.0606759491638185
0.00421183138389504 0.0115622957028385 -0.00012983248859575 -0.0577663709603827
-0.00840849776265281 0.0172547269454067 0.0176012224027478 -0.0537644006823119
-0.0259511553869921 0.00964114903270613 0.0372095454261725 -0.0527787309980793
-0.0256678762033162 -0.0150692770899952 0.0335682973765415 -0.0672387372376001
-0.0128852442446543 -0.0328645601089799 0.0358254112209596 -0.101191384628915
-0.00485612357297702 -0.0619399510265843 0.0496034030089748 -0.0510360803190389
-0.0256367975296258 -0.0298340388212246 -0.00725919758316491 -0.00633496482763215
-0.0322658203367109 -0.00377415856573249 0.0231795723889185 0.0475292171279374
-0.0219210220379853 0.0098643986089683 0.0667101777805071 0.0243124664373542
-0.00744151727694468 0.016367196186045 0.0728640091185958 -0.0373277507788615
0.00027986054206167 0.0169515294822862 0.0366023238440041 -0.074019398052957
0.0128708873653065 0.0216203935037691 -0.00428120890359066 -0.0752404567681616
0.0164991742242599 0.0206189502226028 -0.0236928514456906 -0.0563824278085132
0.014604414181739 0.0254394151438845 -0.024648871939389 -0.0538863573209673
-0.00252581089286463 0.0294485223711076 -0.0146516134861544 -0.0528931076606537
-0.0175049530419562 0.0300563985790218 -0.00547967500187831 -0.0523623399764934
-0.0445929853905521 0.0136906780085003 0.00837385340526596 -0.0486420450454241
-0.0521819100504424 -0.0177587109229755 0.0261094146035824 -0.0481748251792356
-0.0257889076079176 -0.0537568553259109 0.0188030027586596 -0.0642584330527484
0.00574685947764107 -0.074525385658719 0.0214189782257265 -0.0924071442389378
0.0122175047832078 -0.0960950736447134 0.0415738927370987 -0.0229945705278348
-0.0256582736512735 -0.0719160992747785 -0.014629703142734 0.0119728596408642
-0.0604511312471597 -0.0345905976483584 0.0192357607771284 0.066543308492948
-0.0613363496434358 0.00691687233915862 0.0712506931442824 0.0442327957456218
-0.0298694817758234 0.0379342590707386 0.0804970865660239 -0.0277254840893259
-0.00667506130554889 0.04076399626211 0.0426961499996052 -0.0637275303107449
0.015425443743989 0.0471647433129063 0.00271486906836634 -0.0653370028004846
0.0245870668151008 0.0439101208641038 -0.0176434208492807 -0.0442373445342185
0.022757461754601 0.0483709694284601 -0.0219437437181121 -0.0395447886541609
-0.0046794896963099 0.0502540588579105 -0.0169703978646856 -0.0368355855546664
-0.0301871003043484 0.0484303153764624 -0.0142408986739521 -0.039847187298653
-0.0722928570527454 0.0189968729423189 -0.00480898362942503 -0.0416525423483665
-0.0772183877145873 -0.0321089393652594 0.01342939945329 -0.0440063444169604
-0.0321122685286291 -0.081464609509835 0.00598461103614295 -0.0551983111277008
0.0181663518459176 -0.10598367802123 0.00343805293368093 -0.0713154781481735
0.0294559643586033 -0.1149024435679 0.0251550084438935 0.00978005546318017
-0.015769750603002 -0.105512807018643 -0.0274068503345617 0.0332387377680632
-0.0774202933398374 -0.0670635213964976 0.00775566013362423 0.0841301482993088
-0.0952196167949445 -0.00357651427732405 0.0654221731220882 0.0654554102378724
-0.0535089464053321 0.0522794431455807 0.0801564488044894 -0.0101410943486546
-0.0150974109751708 0.0594145625188253 0.0443416483800545 -0.0430228803820185
0.0142391288841798 0.0666548404165151 0.0101271827231633 -0.0456511223195258
0.0287959806623832 0.0599331618231237 -0.00916272771588339 -0.0254404825040175
0.028921129365043 0.0629100171431562 -0.0157790780932888 -0.0186347258312002
-0.00322293111521778 0.0639175444220485 -0.0171245327665878 -0.0149086814449866
-0.034268076733148 0.061625538191119 -0.0227133564427701 -0.0226275211472273
-0.0872516951671729 0.027586694496609 -0.0170536258417919 -0.0316085815145689
-0.0928283996564427 -0.0367517124923818 0.00244578796403011 -0.0376342728039302
-0.0371706841702024 -0.0949600214093576 -0.000680746517714606 -0.0414601121406906
0.0258199876800497 -0.120806149289892 -0.0131804783854753 -0.0409046872457325
0.0424269998132454 -0.114869028343349 0.00239359563453518 0.0455935785951268
-0.00025830501391782 -0.119873602862038 -0.041448664958727 0.0553127834307418
-0.0758806476569735 -0.0900726513099477 -0.00888762591413551 0.0941277972386924
-0.110933374813514 -0.0194960152564368 0.0476267329149707 0.081614613111255
-0.0696115497774464 0.0543972558433474 0.0688793277535474 0.0117363239650057
-0.0226967017494931 0.0675022552153886 0.0404338057869707 -0.0156310652919034
0.0101237861350677 0.0752171449845567 0.016374789059032 -0.0195093557163707
0.0290636590324084 0.0673600002042275 0.00101711352444907 -0.00331978619381487
0.0312928020146187 0.0681874997207712 -0.00752400426493866 0.00523583541500637
-0.000932088829166696 0.0679953366784974 -0.0145510982227264 0.00924792829665705
-0.0324383335222195 0.0645498930864322 -0.0284714483409997 -0.0036113047912281
-0.0883950398203867 0.0290385658944007 -0.0261203337945705 -0.0196177526405219
-0.0939656334367096 -0.0368615500321197 -0.00561324614680336 -0.0308085147745851
-0.035089844597998 -0.0946313584364462 -0.00186256169532841 -0.0260229486787651
0.0311635559412925 -0.118360959725199 -0.025438581973368 -0.00763507250396644
0.0459965577323128 -0.0938800339594569 -0.0201712935254827 0.0760015136991011
0.015750304111559 -0.109434275795898 -0.0527398693104763 0.0723444763877457
-0.0576240946542046 -0.0945357862830515 -0.0259131805560841 0.0925167824248503
-0.101909637221614 -0.0322362838160513 0.0240365196092217 0.0867557575327234
-0.071778704117347 0.0447828491565845 0.048736415169034 0.031806649528683
-0.0253945937352713 0.0630963807415504 0.0317367338068798 0.0126465784148093
0.00599792221306509 0.0716160582489589 0.0203880905805066 0.00807247147763874
0.024825073591546 0.0641941349559149 0.0104257065847582 0.0188577881371376
0.0286109129927491 0.0642972139475906 0.00135993074033634 0.0275110861417573
-5.89412039750012E-05 0.0633994401616653 -0.0118805331735461 0.0303913279558589
-0.029799025526604 0.0584099403843314 -0.0329894878801603 0.0141835993623653
-0.0798997508702932 0.022422336872253 -0.0330471154515342 -0.00947988205394741
-0.0802124117127195 -0.0374963648384519 -0.0116234203556307 -0.024741137997553
-0.0233853901033382 -0.0850030316916835 -0.000277266397216848 -0.0128251160279602
0.0358077651939221 -0.0984970089808734 -0.0349418460682942 0.0222776358677376
0.038766510452211 -0.057187216140944 -0.0379941241565415 0.0971075979590892
0.0243117475159263 -0.0767001342295119 -0.0571715744887203 0.0817247808291452
-0.0313095963845311 -0.0762172966101738 -0.0370668293510458 0.0816606249188201
-0.0742740443332871 -0.0355752229457243 0.00199440577228225 0.0809349179917261
-0.0583798038837524 0.0286978928430882 0.0264239486925077 0.0456255487279554
-0.0214621199665261 0.0472126249369977 0.0209083336592367 0.0369588352496983
0.00185288822633445 0.0550024716427573 0.0222506804556222 0.0334161134188893
0.0173136147050927 0.0513516641931852 0.0184809774554876 0.0371183725474495
0.0202232121087573 0.0518793352846658 0.00869807301680672 0.0464317678576593
-0.00152032424460365 0.0515589981619132 -0.0103618666387749 0.0486186306580118
-0.0266428975359235 0.0455582712759549 -0.0382316712559308 0.027611483073681
-0.0648414181485882 0.0116892783024401 -0.0392595616034523 -0.00289469630369169
-0.0582302104868293 -0.0375189841851569 -0.0173681012872604 -0.0216456741455531
-0.00705520419418997 -0.0675832995216738 0.00106048112632633 -0.00276848927605736
0.0382944948908425 -0.0658347589688082 -0.043484653346798 0.0452689928238477
0.0235948424625494 -0.00992218849576774 -0.0442615347841732 0.104290242432676
0.0255780310063696 -0.0311948997498562 -0.0520773887040771 0.0824900232732207
-0.00548300231468878 -0.0420331236158564 -0.0387447366617193 0.0660176771531792
-0.0355500033210118 -0.0263639931148554 -0.0122624955150722 0.0693411865596602
-0.0335145166509453 0.0115295481273857 0.009519143016521 0.0535251613073508
-0.0128130394690168 0.025146092002689 0.0134002793068262 0.0517404509805846
-0.00162421832438545 0.0301789133984432 0.0232636055647052 0.050666730445611
0.00710317168621142 0.0306247921683784 0.0239134799965393 0.0499291496329067
0.00944790847881393 0.0326304232383273 0.0121454116192038 0.060275102210786
-0.00286560310060595 0.0344516000227981 -0.0129498692210958 0.0605618474617362
-0.0207463579389751 0.0287710859870763 -0.0455215674262949 0.036756424204126
-0.0438273757289686 0.000388417674331202 -0.0466992584568732 -0.00129363156919072
-0.0313704227773786 -0.0320880979627932 -0.0221133080770173 -0.0225387779179704
0.00921593024149323 -0.0426591144739822 0.000990120765630567 0.00245130244190321
0.0358328204588853 -0.0245581699545998 -0.0506755706986513 0.059490948032483
-0.0172963363386019 -0.0198158470761352 0.0510095024009574 -0.0686601019573417
-0.0170339866457606 0.0104369931048366 -0.00499189760867394 -0.0182493784554857
-0.00106539636734196 0.0201307037801264 0.0204998665794798 0.0333415602365541
0.0140393226045291 0.00696262691723946 0.0566730863165838 0.0118955441562
0.00957374786363531 -0.00645125130790631 0.0617058510328656 -0.0384529901955786
0.00305433209994288 -0.0070519337424063 0.0290897829512758 -0.0747395279613579
0.00671056200429923 -0.00666757787087169 -0.00944502572075028 -0.0744437243695161
0.00674415270297326 -0.00565737258830836 -0.0259991362026447 -0.0593407791155341
0.00736194806991618 -0.00191440962653363 -0.0250623099538174 -0.0584269955894706
0.00585381146705335 0.00426681661231709 -0.0132889190867532 -0.0603505988168842
0.00470444291914179 0.011653063391594 0.000215404136701329 -0.0581029698360194
-0.00843780253636715 0.0172017647755409 0.0188483995780095 -0.0542062509394873
-0.026089412171009 0.00949991183967638 0.0383901262644407 -0.0525580242274322
-0.0252226941200091 -0.0158869353409108 0.034566082591212 -0.0663993893834797
-0.0123039336837766 -0.0333893594344458 0.0369959277045189 -0.101151633465174
-0.00445101607657525 -0.0623506541552419 0.0500619922626852 -0.0503635073021613
-0.0253833391289391 -0.0301906982570724 -0.00756068100978801 -0.00633961020102814
-0.0327973790027674 -0.00381509177887429 0.0224168893155404 0.0483676001020583
-0.0222069397318661 0.0105680083390686 0.0669486252911815 0.0258440986759081
-0.00764871712773913 0.0167076719121137 0.072630212376881 -0.0369932920044586
6.64600875087207E-05 0.0170672793916347 0.0362973136219912 -0.0741575472406427
0.0134147237069282 0.020991851287807 -0.00478921775919624 -0.0747249748220604
0.0173515903018396 0.020647480402553 -0.0232933123518644 -0.0559367774039618
0.0146170758822747 0.0252535571714642 -0.0252877496043263 -0.0531063282190713
-0.00234352661787721 0.0293791302209122 -0.0151944304984143 -0.0531659991408851
-0.0171314226341222 0.0303700706473878 -0.00508390202079453 -0.0522736657005613
-0.044641944620118 0.0137222004400455 0.00934586860978182 -0.0489588750546109
-0.052598448617952 -0.0175557685175656 0.0272373056263585 -0.0484189831029823
-0.0249734132410197 -0.0546568044472566 0.0195683150120325 -0.0640201954100784
0.00680097103352121 -0.0753984260358703 0.022214670240696 -0.0921912472501081
0.0125363945691048 -0.0964046284148346 0.0416617555702984 -0.0221606635696498
-0.0253573808728731 -0.0721615949461868 -0.0151124179562993 0.0112168125081666
-0.0603942737226456 -0.0350255573086259 0.0180815812480101 0.0675962717901144
-0.062210097874532 0.00693133266291767 0.0709528359117912 0.0459583495910447
-0.0301089898223639 0.0381453172232853 0.0802711004714158 -0.027041990558089
-0.00668999632154093 0.0409062856475055 0.042374773313629 -0.0636440228446807
0.0157562172569028 0.0469064785582347 0.00237240103051252 -0.0648237878495558
0.0252350296523303 0.0435168012436872 -0.0171368665438204 -0.0439764849954043
0.0225178718510949 0.0477045257264537 -0.0223332659205854 -0.039127722153049
-0.00479514647699686 0.0507276951177264 -0.0174775733698882 -0.0371264953971787
-0.029839533398132 0.0483639780825544 -0.0144431606848443 -0.0404636333958894
-0.0724258962160549 0.0193888592226068 -0.00361291970921075 -0.0418418808958605
-0.0771753959958445 -0.0320342949842253 0.0144843348189822 -0.0442098938661599
-0.031163105478082 -0.0819659297369298 0.00665170824957914 -0.0552329397640128
0.0194460603440846 -0.106158586993239 0.00356841166859397 -0.071129396195795
0.0305095250722884 -0.114768301618483 0.0252250304669661 0.0108172890004779
-0.015825477049363 -0.105619230936402 -0.0278080857334863 0.033158586808602
-0.0772219552805209 -0.0670723864267614 0.00597746928538148 0.0850632049215868
-0.0959508110823512 -0.00361834311441803 0.0648303879914438 0.0672229834048832
-0.0534269578744035 0.0520650239658035 0.0795711012455076 -0.00908465816637934
-0.0154241100646948 0.0597150116004225 0.0447190717845489 -0.0429860179635614
0.0147367277589062 0.0663362155739437 0.0100012145739647 -0.0455866389852123
0.0295004588767791 0.0598283575758061 -0.00858224315669339 -0.0254295863788033
0.029208671210018 0.0623752279663375 -0.0165965787096137 -0.0179037747672229
-0.00284314691075799 0.0640845888641899 -0.0169241368029537 -0.0150067288055834
-0.0341691184647937 0.061013746178481 -0.0233954110905654 -0.0229509871053098
-0.0875669442594336 0.0280422076672479 -0.0163581775232501 -0.0318041199290656
-0.0928508887388185 -0.0363904724788683 0.0034786879945098 -0.0378490992857187
-0.036477965916866 -0.0953650664185201 8.24681152237132E-06 -0.0413379296515016
0.0264543491302743 -0.121080656303099 -0.013158786199942 -0.0406623940909582
0.0435097995927418 -0.114052152441682 0.0020598236771539 0.0461402893876295
0.000789681832603079 -0.120232709302971 -0.0417675610459399 0.0548461953402555
-0.0754951922951825 -0.0904928849337592 -0.0112714454576917 0.0948029215262174
-0.111662644496202 -0.0196542738840182 0.0473103993249231 0.0831451103812022
-0.0701021100541599 0.0538086950085476 0.0682568398023738 0.0128116996712242
-0.0229085990356698 0.0676741967788374 0.041638588189665 -0.0153250392313419
0.0105983269586067 0.0750186294527122 0.0159899720430159 -0.0192984288305835
0.0295422351427812 0.0672190114817441 0.00119241935110557 -0.00322917668552795
0.031568113349688 0.0677746292386624 -0.00772358146748331 0.00505764329068939
-0.000557127169190054 0.0683851662649595 -0.0145138263738123 0.00826413832528429
-0.0324504108404589 0.0642395019205242 -0.0289599019404809 -0.00398983592253361
-0.0885064782860001 0.0292695825973675 -0.0261593791357442 -0.0199342377489106
-0.093355483067178 -0.037293413915045 -0.00487870356406659 -0.0311319021733911
-0.0343523240239507 -0.0948619879748828 -0.000862807329518188 -0.0261388975180995
0.0318643254528311 -0.118140199596337 -0.0254556036754078 -0.00724763489537224
0.0469922728600299 -0.0930587405297002 -0.0205891476394783 0.0765584818977842
0.0166182020504235 -0.109455558185922 -0.0532251088637747 0.0714041046117055
-0.0566550410743517 -0.0952156206587456 -0.0279000897995188 0.0928874642164359
-0.102800955563016 -0.0330970987564885 0.0234597946921439 0.0879027414160761
-0.071592218981828 0.0443986887465903 0.0478719943893193 0.0328604039377048
-0.0253760895238204 0.0626621131922489 0.0322369473161914 0.0133046364292541
0.006568211255379 0.0714157446423612 0.0200549936394209 0.00862986616826154
0.0254215908642298 0.0641384882017025 0.010412692586292 0.0184180437348447
0.0284529887228227 0.0637709202398481 0.000847601236781096 0.0273211168779693
4.23110996410985E-05 0.0635065012024109 -0.0118918374248169 0.0295771311569433
-0.0299024436201282 0.0582167912093624 -0.0332452782922303 0.0135024458745632
-0.0803594575099564 0.0227736162096837 -0.0334600221977301 -0.00986460191830541
-0.0801068489010187 -0.0381777382824273 -0.0112885896334164 -0.0251515586311704
-0.0229412180849766 -0.0849699476715793 0.000137246221783032 -0.012778687172638
0.0361679690961249 -0.098094360162868 -0.0352934621761545 0.0228116644852597
0.0392940334419403 -0.0561428465663822 -0.0386692516298529 0.0971409516352046
0.0251695814544016 -0.0764736417868841 -0.0582845517289541 0.0812452809927756
-0.030590852559949 -0.0770691177907681 -0.0388702739670695 0.0812056455384958
-0.0744186184452099 -0.0353036868881011 0.00120225639420909 0.0815640619648552
-0.0586978445912735 0.0286485093141571 0.0259936487768896 0.0466064983034447
-0.021634593061015 0.0469768430077594 0.0215656909455785 0.0370886618638922
0.00211441664669054 0.0554150045929229 0.0225265746655779 0.0331789812583151
0.0176157546241521 0.0509364434071763 0.0182863638931432 0.0371850172954461
0.0205339724514861 0.0513954577015078 0.00824610112799239 0.0459704390766888
-0.00123087051655341 0.051840044642722 -0.0104507036341522 0.0477436079721334
-0.0268799670183512 0.0453562001222729 -0.0387485021045147 0.0273431313506687
-0.0650959644120081 0.0116615171886782 -0.0398620138394307 -0.003253057236153
-0.0578187478681887 -0.0378932864974462 -0.01672157924542 -0.0219765133781253
-0.00641164047831208 -0.0669984599210634 0.00137963586393619 -0.00309871376597429
0.0387581257840524 -0.0654359876654834 -0.0436416588776502 0.0454410313773058
0.0239101240047124 -0.00933043373170997 -0.0453181625122092 0.103795710053623
0.0258610876314584 -0.0309176386719549 -0.0534280493221106 0.0820149203912528
-0.00505493145428555 -0.0427406577194469 -0.0407814967668192 0.066023804671362
-0.0357182883927898 -0.0264924736765831 -0.0126152622802735 0.0696747120947659
-0.0338001200361078 0.0113114758664702 0.00898200609138023 0.0542237356982893
-0.0128844207850672 0.0247597575180768 0.0141394964693738 0.0522889712946608
-0.0014454965344578 0.0300753624125493 0.0239163321001644 0.0503645692679673
0.00718637355769825 0.0304328711384153 0.0236340513571223 0.0494926095017469
0.00976016587007392 0.0321681421277756 0.0120987036283852 0.0596427073536741
-0.00296221843005148 0.0346270482443502 -0.0129590510205494 0.0597263753230487
-0.0208065760643606 0.0287850074187697 -0.0459784914854676 0.0359699692163166
-0.0444163303980738 0.000385243511275128 -0.0467046865089199 -0.00204122799501928
-0.0310861817119551 -0.0325370983133216 -0.0219077984978384 -0.0228566430039042
0.00938687566328679 -0.0423587667658937 0.00138131567633011 0.00245534525687705
0.0357047386074413 -0.0249339176806331 -0.0516938718228331 0.059551319077859
-0.017996178795833 -0.020980047394227 0.0524632919095787 -0.0696228572359339
-0.0176067858916115 0.0104664114995606 -0.00578184762622621 -0.0189121160344232
-0.00117691066847191 0.0208386648602765 0.0207887694932392 0.0347740141564326
0.0148031247061569 0.00722066559025296 0.0578166792585287 0.0131513574493212
0.00962574858569571 -0.00639256620448914 0.0632177156852394 -0.0387295589422519
0.00290583497873075 -0.00715462791127862 0.0289359882245316 -0.0767586985547112
0.00644824776943648 -0.00727435200314492 -0.0103903883637802 -0.0757693197083771
0.00682485650969822 -0.0060894660707216 -0.0266767209198155 -0.0609621467994348
0.00751049772789675 -0.00195145432878591 -0.026280231894416 -0.0597175255048186
0.00607139790865977 0.00429732055159052 -0.0146070167016063 -0.0621164002996154
0.00499364868147688 0.0118358683269693 0.000234569073581478 -0.0601523737925955
-0.00872659445611162 0.0176839379866203 0.0204134469269004 -0.0553574014906628
-0.0269098628153268 0.0100984070249982 0.0403426388476153 -0.0541716475784074
-0.025016953847435 -0.0165665948458676 0.0361510206167474 -0.0676466678461854
-0.012410156237011 -0.0348496418342484 0.038956326181106 -0.104021826516366
-0.00422743301426583 -0.0644285754741389 0.0522282644694646 -0.0506940346222135
-0.0260523264413976 -0.0310226402465865 -0.00836066330166583 -0.00686876507467459
-0.0339808170526789 -0.00321868381837937 0.0227188094465977 0.0507410398194228
-0.0229617041219012 0.011146730000902 0.0690083285302454 0.0273125637298826
-0.00764982545560337 0.0170967490570872 0.0742839267641377 -0.0372960779408909
-0.000254590603521944 0.0180794016332432 0.0367975478260598 -0.0764557169730081
0.0138534965509166 0.0212251855252855 -0.00565624762908635 -0.0760581507738367
0.0179727949685077 0.0209031849076242 -0.0240539871557347 -0.0569463430260431
0.0153172396856791 0.0258210350147822 -0.0263938478003743 -0.0541917901086214
-0.0021654950279597 0.0302823070620904 -0.0165253190175892 -0.0548214110430693
-0.0171549726913541 0.0309920766527996 -0.00544671293992278 -0.0544398902910467
-0.0459662371878531 0.0145921863552363 0.0106759954592332 -0.0500132268902786
-0.0541531287611337 -0.0180911267962192 0.0291904104795807 -0.0501283756258357
-0.025202870756791 -0.0565505617678297 0.0205636154054653 -0.0651169436076044
0.00725782201020035 -0.0780807520250544 0.0233602153740483 -0.0948175880660742
0.0134900926597056 -0.0993488812699136 0.0433485151556347 -0.0220576163731255
-0.0260624817999842 -0.0743226063230679 -0.0159219282895144 0.0113104332956341
-0.0626154009217554 -0.0356036808159712 0.0174931136919251 0.0701484286157386
-0.0644741000910681 0.00783857916312261 0.0732325337913865 0.0483413689804965
-0.0305465544172618 0.0393026297234246 0.0817992326914599 -0.0269135056235526
-0.00674670061371263 0.042413035078824 0.0435137620473608 -0.0656579241286212
0.0167955799880533 0.0474875302932053 0.00153638219166541 -0.0658909575780352
0.0267138623599547 0.0443970549653731 -0.0177386546879142 -0.0446395427468051
0.0233825898448199 0.0484001187415386 -0.0236085294563347 -0.039558999954711
-0.00466295495798193 0.0520045999428893 -0.0187484273628686 -0.0383718678241143
-0.0305720886681818 0.0496065315374476 -0.0152037285779149 -0.0418310242476074
-0.074945751014697 0.0205394066584865 -0.00331652766578764 -0.0433422652690073
-0.0797295001818541 -0.0328848886162998 0.0155973703049868 -0.0457031605079704
-0.0318643278992425 -0.0849878588484984 0.00716703312153107 -0.0559949419804121
0.0197428076249738 -0.109367591509832 0.00403346046813758 -0.0729416623234325
0.0317832560502825 -0.117762019430115 0.0260997242411211 0.0114985373480821
-0.0158276801236548 -0.109397778947 -0.0288367608359946 0.0330743783699969
-0.079332770641591 -0.0698120681414096 0.0048719225414744 0.0884191515560435
-0.0994765793664916 -0.00354966341223112 0.0669672796423655 0.0704138053727698
-0.0547703167352046 0.0535492365667842 0.0811591278452622 -0.00850171715426613
-0.0156691121296568 0.0613569864245819 0.0459409941437696 -0.0440448722686098
0.0159257272155761 0.0680565210359241 0.00940043760002338 -0.0461672535556532
0.0316035047793885 0.0612028443605604 -0.00856375909942779 -0.025911044940264
0.0301284013500097 0.0633777082994799 -0.0171122717223148 -0.0179766142977832
-0.00267856675122552 0.0657177180921933 -0.0179378170140567 -0.0159075568216641
-0.0343150862545207 0.0629116859909686 -0.0243403467224061 -0.0242293920418258
-0.0899698208582989 0.0288991436054372 -0.0165973325256513 -0.0327831851355484
-0.0957346330415238 -0.0372670405006475 0.00461087792161089 -0.039740876147809
-0.0372435401334885 -0.0978068318205508 0.000566792756561159 -0.0418419836999631
0.0270918756943981 -0.124865748121763 -0.0131515840391909 -0.0413583251963078
0.0449789724201531 -0.116507946717126 0.00224819141727247 0.0476887995359329
0.00104163554850988 -0.123506303041821 -0.0432952995773895 0.0557826824163884
-0.077537883665788 -0.0933009674703746 -0.0132442292289564 0.0979185733109955
-0.115740773836127 -0.0197462914667564 0.0487195015045827 0.0872781424020132
-0.0713857605018958 0.0556891154506649 0.0691703514497646 0.0141638578984608
-0.0237204856278193 0.0692432273529774 0.042619486421841 -0.0155325108231592
0.0120491545150455 0.0771347258203313 0.0161343345811208 -0.0196182464655348
0.0313961791899922 0.0687473883472826 0.00128695987717775 -0.003394994902529
0.032430934133019 0.0686659523730043 -0.00807820905238804 0.00555606612378206
0.000115893232194629 0.0697471654126014 -0.015021896880389 0.00782367941830711
-0.0335912691611934 0.0660146173142516 -0.0300250713725258 -0.00405909307689078
-0.091394227768563 0.0309694321186625 -0.02686662198566 -0.0203757427141455
-0.0958918405410802 -0.0378648844836632 -0.00447852227196233 -0.0323788803359929
-0.0349959546102572 -0.0971963701679782 -0.000395304545511877 -0.0266409270834589
0.0322844619804017 -0.121579453261851 -0.0264844286531944 -0.00724943591677112
0.0485558581221976 -0.0951706343823041 -0.0215415047622645 0.0789681168521794
0.0179894069038426 -0.112569503116108 -0.0553793111216763 0.0728870315933883
-0.0576445655489935 -0.0981074198293004 -0.0307255759728528 0.0955459482461448
-0.106435494651128 -0.0335857477556321 0.023811914571155 0.0917491792366291
-0.0737141895550753 0.0454194381715696 0.048769022246189 0.0343592372767942
-0.0265714008837085 0.0643297705934623 0.0340642858713603 0.0136041261833452
0.00734575027308729 0.0733426048165532 0.0206492246324177 0.00846692965008172
0.0272272001279875 0.0656459591477871 0.0113848783359131 0.0189231891279163
0.0295230836535796 0.0648258739525216 0.00134489116266323 0.0279842653105436
0.00026479470623165 0.0652323872223992 -0.012002330933995 0.0297911413695257
-0.0308821599546291 0.0598470272497196 -0.0349443433798593 0.0140617715196149
-0.0824790038960573 0.0239940863114064 -0.0341184439474859 -0.01055751133173
-0.082297482339691 -0.0392438187764042 -0.01096208131163 -0.0261890167086957
-0.0233293801819444 -0.0869527482055804 0.000557796185655496 -0.0131965519850987
0.0372701692290982 -0.100922325309084 -0.0365762944529106 0.0236236200849218
0.0404947901327688 -0.0574057777629679 -0.0404671199110706 0.0998092057632539
0.0262860502875251 -0.0785301677624938 -0.060071880854508 0.0826843459703061
-0.0308025396722477 -0.079000927239015 -0.0416217228739848 0.083387017871722
-0.076770432500864 -0.0363251007583141 0.0014926565249322 0.0847714033603635
-0.0596653134304394 0.0291572677111147 0.0261380611841877 0.0483507948317513
-0.0225644867373425 0.0481743553512396 0.0228380798192246 0.0384767663128864
0.00289498878417235 0.056420630406841 0.0236556641232901 0.0340505406457247
0.0189393459005258 0.0525467935621637 0.0191637454966649 0.0379360285317769
0.0213059406147702 0.0526284031419495 0.00860424571717378 0.0466859809350633
-0.00099583792907093 0.053255020162674 -0.0110146597089889 0.0475551337688179
-0.0270880770737284 0.0462740213511034 -0.0399539090803224 0.0281274279638883
-0.0671373644539851 0.0122328477157214 -0.040931016803839 -0.00365921034105744
-0.0590980106071287 -0.038258857279785 -0.0168423980931606 -0.0232140552594409
-0.00627468062689123 -0.06845716285402 0.00190359307017795 -0.0035240192948125
0.0395453113640672 -0.0669472164541995 -0.0453437397813132 0.0469169349655345
0.0249023903312943 -0.00893583301486964 -0.0475495155686745 0.106720968951654
0.0268323779595699 -0.0319529256119511 -0.0553821620983565 0.083437312026267
-0.00461534073896799 -0.0435654251025441 -0.0431453257470264 0.0675042722353678
-0.0368524188644945 -0.0276376020099689 -0.0131118235595596 0.0724144355927236
-0.0343893891140395 0.011635270974117 0.00920228058223388 0.0561016264326495
-0.0137615366278585 0.0249307193161752 0.0153025265047374 0.0542338510954112
-0.00131537234017505 0.0314336581944322 0.0252690504320551 0.0512859545664541
0.00801950548628159 0.0315011183884119 0.0239540797461476 0.0506590698360136
0.0103014859397849 0.0330195629715006 0.0121522425606831 0.0607217896356643
-0.0025767086605867 0.0354435699835903 -0.0131614812266416 0.0603764324011275
-0.0216561667275879 0.0296399108630364 -0.0473446470611828 0.036398231411971
-0.0456066734422552 0.000429804141955283 -0.0478230323204316 -0.00260873493704877
-0.0314445261606328 -0.0335115766630947 -0.0221922531859249 -0.0241942403294097
0.00999905424681652 -0.0429410964628244 0.00177893948578538 0.00215678396115478
0.0370706723639503 -0.0250419204934983 -0.0526198285045133 0.0612656728779914
-0.0211784367424203 -0.0210716395199559 0.0519931996085435 -0.0761134278145786
-0.0175363294978248 0.0120688247785934 -0.00909086098969144 -0.0206340761818876
0.00108840619307572 0.0221017485350782 0.0217734198894246 0.0347429158014657
0.0169086115238744 0.00574341624339839 0.0602901310231228 0.0113744373893713
0.00960629127908454 -0.00869230837864007 0.0627858548723741 -0.0440755001766267
0.0016027132632036 -0.00855873182022635 0.0238877573281151 -0.0809829405146111
0.00567374191851822 -0.00923837210653591 -0.0171296027389882 -0.0760827577078028
0.00642735661214195 -0.00699586350056497 -0.032447250152718 -0.0606056985046504
0.00782946120416918 -0.00288307392027986 -0.0332509818830289 -0.0604431710657627
0.00778154532360553 0.00410699971734509 -0.021824874096047 -0.0651563660139605
0.00727108623232375 0.0119521688224333 -0.00486560681065329 -0.064451560281692
-0.00632459781199993 0.0202661827752395 0.0183990172514438 -0.0618998547020924
-0.0261847390876937 0.014515203920617 0.0407680094116306 -0.0616243489230027
-0.0263949507037047 -0.0150421488354322 0.0348191790263955 -0.0723550096669677
-0.0145511246030206 -0.0360632868257605 0.0347749622455752 -0.109930752349734
-0.0122539923015647 -0.0666817441213995 0.0562003901965255 -0.0551590855839211
-0.0303771912788916 -0.0289481890001719 -0.00764992568268348 -0.00825764093377288
-0.0347515210037271 0.00100554906502001 0.0273729765663572 0.048685623434103
-0.0211129017451407 0.0142023197210004 0.0726850204436909 0.0219353225946463
-0.00535750487028718 0.0166855770931984 0.0725325863177429 -0.0439569397567954
0.00081241658762487 0.0170367415302129 0.0304883550965997 -0.0815046763648795
0.0164899180576563 0.0194644443810757 -0.0146225605710361 -0.0774275136548722
0.0200657305892777 0.0193329804542021 -0.0296973585112943 -0.0564721039667984
0.0187026196793509 0.0244471520859301 -0.0328120998252172 -0.0545981505138825
0.00155268110673913 0.0318700693912451 -0.0226598488739324 -0.0578095909421676
-0.013673112464612 0.0331013184114585 -0.0102879383655387 -0.0580602580714187
-0.0453026137060487 0.020528934094601 0.00942113359496457 -0.0558088400172082
-0.0566383483260424 -0.0123970922019989 0.0303814040931079 -0.0557587296146473
-0.0300642594655413 -0.0571901923977185 0.0167538622448459 -0.0663212031526272
0.00326927692637038 -0.0833866068605769 0.0163323221741453 -0.0977357450294299
0.00249237872539756 -0.10300269225916 0.0513740409849958 -0.023021813418686
-0.0350361833181262 -0.0723022414031291 -0.0119336391790068 0.0113466072829942
-0.0674290076678176 -0.0285958447162555 0.026266526231084 0.0675135991014496
-0.0633603684367135 0.0164386156101439 0.0796155581845062 0.0400902498753617
-0.0263768679227518 0.0415833132797564 0.0798222533666168 -0.0355525022091789
-0.00385408850210648 0.0434194705909374 0.0373526544656271 -0.0713599728808814
0.0233760396182813 0.0468241649568506 -0.00779594517985197 -0.0689762559429276
0.0313548410809585 0.0425375076093194 -0.0220616881010216 -0.043637781549653
0.0294371602021215 0.0467675646088907 -0.0283409622063112 -0.0389433339835537
0.000902790643929246 0.0540237844547041 -0.0238703967315666 -0.0404840198439531
-0.0254202902974715 0.0533590459508262 -0.0200584132579597 -0.0453046405968378
-0.074281489199255 0.0296893933256188 -0.00454353830661597 -0.0481652291433012
-0.0851229379000878 -0.0256465183071037 0.0183218548545925 -0.0500805931124519
-0.0392441948719866 -0.0857759775820761 0.00293703950937722 -0.0542523063404343
0.0138018514338789 -0.118044259520524 -0.00482252199013334 -0.0718160909471987
0.0195870873374212 -0.123234593195066 0.0362605465198619 0.0140133688050872
-0.0276823507856928 -0.108531924423365 -0.0214407559156565 0.0354612881360627
-0.0881994504856103 -0.06141183193023 0.0175254549503701 0.0855244526335424
-0.100952128402796 0.00961656344962031 0.0768062286824661 0.0610783241576894
-0.0495506500480271 0.0592668406574788 0.0791619908917132 -0.0179275002663034
-0.0109364760685736 0.0636896804298138 0.0414947952439392 -0.0498879227980724
0.024814795969569 0.0676341227133919 0.00111927575850683 -0.0504792378545614
0.0376896178985285 0.0592746871639306 -0.0114144404510482 -0.0251494938763895
0.0374096179054732 0.0609713211015795 -0.0197900278413153 -0.017147821254373
0.00424470007761126 0.068150822477876 -0.0214691092459811 -0.0174113231819127
-0.0285478444027822 0.0674163355024249 -0.0283210730287313 -0.0258380519894759
-0.0890800769840587 0.0406305552215851 -0.0172217904855996 -0.0363944236052453
-0.101723536063776 -0.028637078581495 0.00696577923761318 -0.0424921850664982
-0.04669749625136 -0.0994126399678791 -0.00334995282684235 -0.0382786957816179
0.02001820521502 -0.13542194638535 -0.0226705870990136 -0.0365766345197509
0.0336857903358535 -0.1229183492962 0.0133656530300394 0.0539809474694922
-0.0109487871623107 -0.124783097567807 -0.0341738100468381 0.0603798681683717
-0.088568991056564 -0.0859540866969346 0.00158163794841446 0.0966151930603571
-0.119080462497923 -0.00531496582344494 0.0604937690401977 0.0781267906452852
-0.0660584590502908 0.0634662916153063 0.0687420060197599 0.00500632259966552
-0.0179903483901502 0.0728004406212782 0.0402595577605416 -0.0209476572539734
0.0222108628985234 0.0779351926551743 0.0102283726019232 -0.0246320087293881
0.0384717029057839 0.0672752842466367 0.00139662142094072 -0.00289694071141832
0.0401929389772963 0.0661853556143091 -0.00829846058994042 0.00661502345218984
0.00743575982501446 0.0717532354142723 -0.0169592753323179 0.00727254213432202
-0.0270019944202274 0.0703107358356258 -0.0335358601257658 -0.0044524650633613
-0.0902928968449735 0.041970471116704 -0.0273553722948252 -0.022748664641363
-0.102366537298348 -0.0294798907936655 -0.00170654158617941 -0.0340753011128921
-0.0442659773718883 -0.0987388876221855 -0.00353086349862838 -0.0221017157971141
0.0250284260017425 -0.132277159730202 -0.0347532210194354 5.34688982552699E-05
0.0399892888837517 -0.100817408289835 -0.0112768287429383 0.0872240924873486
0.00745059235351977 -0.114717914554167 -0.0464446093107614 0.0801758547017728
-0.0693231263105144 -0.0928219066632864 -0.0166933508835403 0.0966787939855215
-0.111633151407307 -0.0200042343126846 0.0360886861024735 0.0851320635988407
-0.0691619645386133 0.0536319511934865 0.0492952880223128 0.0274076067210462
-0.0210693342875726 0.067639161679409 0.0338949639567498 0.0102364017285711
0.0170241443375304 0.0746997259456077 0.0176702133447726 0.00422196403454214
0.0338214600095303 0.0645444774030517 0.012397589414582 0.0192531587806247
0.0371223359558007 0.0625255198920387 0.00339645393570255 0.0289283803560276
0.00729023795115425 0.0667316061512653 -0.0108729511026467 0.0305508030947765
-0.0252087544121511 0.0634843388771371 -0.0370105303143656 0.0151475464345156
-0.0820759334782686 0.0337248690399093 -0.0349821558707633 -0.0111641999038659
-0.0882937355369017 -0.0321489627180701 -0.0088292137850894 -0.0270558003313714
-0.0315450192419505 -0.0889626409449042 -0.00155805318057753 -0.00871335974517016
0.0309598500952823 -0.110694500563764 -0.0429780146812215 0.0316797077696825
0.0361541278609606 -0.0614896619193322 -0.0327489431838155 0.10902512093092
0.0199706834922458 -0.0810723261498355 -0.0526104157031133 0.0903332933882308
-0.0399165075335126 -0.0764821631947438 -0.0305296104022776 0.0871933762502438
-0.0822340291793573 -0.0265398164580595 0.0118405402936967 0.0823078552801187
-0.0564251728320869 0.0363666065686614 0.0284760111398517 0.0443022811718472
-0.0177349849794022 0.0509381255704065 0.0254757927504995 0.0367068481249261
0.0105650435731452 0.0586487189602235 0.0240069963264066 0.0305084648052112
0.0240939533816127 0.0522932763561304 0.0222671158124266 0.0376077115562311
0.0275394844094817 0.0508373927995323 0.0126475548600328 0.0477857942753493
0.00406693282967808 0.0549687804755829 -0.00826171710922305 0.0496369233111309
-0.0236133997626948 0.0501209915230501 -0.0412890130788657 0.0310981790931323
-0.0675497304039066 0.0193106232355188 -0.0418451062018014 -0.00281615238141649
-0.064700221883369 -0.0343349486687306 -0.0156892845644246 -0.0230134334921086
-0.0118902659424599 -0.0713205069224447 0.000179400377397029 0.000227989966762123
0.0356759430950026 -0.0749588229809629 -0.0498624835674487 0.0547509566082053
0.025476515131693 -0.0103940677013199 -0.0433390099398666 0.115181530192228
0.0254038615235923 -0.0339994452781976 -0.0506697856274015 0.0912870277064168
-0.0093460709047996 -0.0429773882993577 -0.0369223351386229 0.0722412727689266
-0.0403367422300117 -0.022338218422422 -0.00546529992804639 0.072838807174756
-0.0327005216280362 0.0160048312056735 0.0127409865190697 0.0552176466728612
-0.0110265214362183 0.0264978728276398 0.0196040835764498 0.0540751980566734
0.00294463491465122 0.0326716462539542 0.0288776704384697 0.0484100152808267
0.0113109132648904 0.0319161503999069 0.0286879746338644 0.0502672587870725
0.0136295566659599 0.0329605904158005 0.0176909864281134 0.0624169474498129
0.000497800000724307 0.0366743721014546 -0.00938714762143893 0.063407750975791
-0.0193509636193897 0.0318240825707281 -0.0479003565563003 0.0407868667417853
-0.0468627151990191 0.00518488018746976 -0.0501623451970635 -0.000316645892127329
-0.0353762848074081 -0.0321016859552209 -0.0233788591297041 -0.0236185426471944
0.00760106640662921 -0.0458935977790101 0.000483664044772362 0.00347789589753717
0.0362706415597683 -0.0300767019155264 -0.0552215909253177 0.0679258141045422
-0.0235967165181829 -0.0211078219456734 0.050269789782651 -0.0807869645345683
-0.0173514931593738 0.0127974136054513 -0.0112985431473423 -0.02036654959102
0.00229668801327148 0.0233264756256557 0.0235704512490731 0.0353926290704889
0.0179541499711222 0.00556865980562564 0.0627308973212369 0.00954926974813889
0.0093589908053538 -0.00923174301265649 0.0626149924295629 -0.04739121672502
0.00117744259125165 -0.00840255367884675 0.0195488320478676 -0.0840842243110551
0.00497924009802178 -0.00967153482089695 -0.0215635543989288 -0.0771079061936987
0.00634128072178717 -0.00812542819126698 -0.0364954107300459 -0.0600759928951761
0.00787485231164902 -0.00345947146588172 -0.0377523215768272 -0.0602726012039452
0.00795763473883375 0.00400120128946609 -0.0262909587572961 -0.0660756769458383
0.00879126263526474 0.0116219074252746 -0.00795701123616823 -0.066672247024552
-0.00562764192900978 0.0212035950989996 0.0167546921294614 -0.0651758290471786
-0.0261156351923711 0.0161224262054632 0.0396838701462284 -0.0664512271422959
-0.0283778889602161 -0.015558770893307 0.0326444064096633 -0.07457932338482
-0.0164813930222272 -0.0368188127152239 0.0309425919141357 -0.115280103540012
-0.0161350788624549 -0.0682526733138876 0.0558409274520527 -0.0592101708521701
-0.0330898734922253 -0.0285391995093027 -0.00917480733401625 -0.00841452884209821
-0.0358666850858975 0.00264664506704117 0.0301354877050804 0.0500948337933789
-0.0212702778834809 0.0164526826194364 0.0766864236123721 0.0202832961288705
-0.00452063855871099 0.0178756780638888 0.0722876502091695 -0.0482292885556686
0.00207678101432586 0.0180996192503247 0.0267667577018219 -0.0849077583999625
0.0183109135392861 0.0187040921985337 -0.0186435262126864 -0.0783912339669813
0.022105718797615 0.0179084479280642 -0.0333041446845355 -0.0566758892806887
0.0205770201414067 0.0244437572707958 -0.0371093526778723 -0.0540783340704098
0.00347517095331676 0.0326792121236391 -0.0271090279218454 -0.0584203124456554
-0.0118883073351528 0.0348945023262556 -0.0138430590538106 -0.0599586289291701
-0.0456735414508639 0.0242971845709449 0.00794749763000454 -0.0584560675850519
-0.0590192642364027 -0.00975745535734512 0.0292882491892397 -0.0593640985094628
-0.0332439904346859 -0.0590818471116686 0.0146700474919463 -0.0679803853108343
-0.00112183463505335 -0.0871570251909873 0.0126277529013759 -0.101179137088615
-0.00291578525498898 -0.106866670420094 0.0524250197890248 -0.0263884911102469
-0.0391906747678015 -0.0735767286865882 -0.0125227377102632 0.0119624987442269
-0.071155092258463 -0.025800646710574 0.029856735703261 0.0686940832598391
-0.0655069828240568 0.0209288947839832 0.0848117035762032 0.0382822390335256
-0.0251283006975384 0.0446577374563327 0.0799249867892153 -0.039038840187746
-0.00181988602605179 0.0453655406067354 0.0347314234103477 -0.0749213912723564
0.0267074708918083 0.0459820020237628 -0.0115712902535742 -0.0697419688450808
0.0350625463807151 0.0417372663708434 -0.0249545806392175 -0.0439807954972261
0.0330657259655027 0.0468644138903292 -0.0314122955067849 -0.0381344947579529
0.00413329891154659 0.0558696178796983 -0.0274784287204123 -0.0402713652097439
-0.0229650332141016 0.0565322523881846 -0.0231759019552659 -0.0458803539171715
-0.0754777099164927 0.0360044489365451 -0.00591998078383085 -0.0500871045070811
-0.0886410882892648 -0.0217767067876461 0.0168390532601795 -0.0532560308452392
-0.0443963964848132 -0.0875128408254514 0.000950705957751611 -0.0555647495782811
0.00821099789900867 -0.123530081890882 -0.00830048966697294 -0.0731439647937623
0.0147005653410158 -0.128427320365725 0.0383719164059395 0.0132923793567024
-0.0339257959860102 -0.110640697130292 -0.0214032605272856 0.0371968197902509
-0.094595110451132 -0.0587342454226126 0.0209226402870474 0.0882329276558687
-0.104227189224618 0.0159856282864832 0.0822086264705036 0.0600627395912643
-0.0477058092614676 0.063612542271169 0.08068545968482 -0.0213567159222585
-0.00812422482963716 0.0666642195117161 0.0404300196941389 -0.0536773547438007
0.0298860093366368 0.0677473440213577 -0.00155942056801346 -0.0510286324582803
0.042849173214135 0.0585043283003102 -0.0128964116048177 -0.025282164592009
0.0423959099385285 0.0604694830582662 -0.0213162278616174 -0.0162017626616946
0.00813781763801644 0.06988287657978 -0.0237482635301764 -0.0168310375996509
-0.025617262351786 0.0707627350843341 -0.0311350071953625 -0.0256330085957777
-0.0899943866918533 0.0468160816870569 -0.0188937808242887 -0.037021289809734
-0.106889700153413 -0.0241062851732842 0.00601354212823222 -0.0452992481781032
-0.0528483743882731 -0.100414367637601 -0.00483946279799907 -0.0387547701979062
0.0135871739248873 -0.140988364824618 -0.0246595692502768 -0.0360001395389029
0.0295151417565521 -0.128374154161667 0.016215631980804 0.0548493765526097
-0.0173614275875269 -0.128381468741853 -0.0333168195103489 0.0633241736978979
-0.096176337661884 -0.0844429654886157 0.00461150306642757 0.100294790168782
-0.124057170720984 0.00179353707611859 0.0667074163315604 0.0781744652411045
-0.0646727727559884 0.0686755817328535 0.0707503996273072 0.0032302548473848
-0.0146791324516542 0.076303942438288 0.0408354123006631 -0.0233368095552379
0.0279620977230723 0.0787102914075179 0.00903706190356942 -0.0248672941525228
0.0438541336872625 0.0663298364267276 0.000675575333154923 -0.00334576025207494
0.0455694444530189 0.0655872968802488 -0.00818703575081053 0.0073148886178773
0.0115913843129922 0.0732770282698157 -0.0171059590367693 0.00835926590124643
-0.024366532154799 0.0739119142841324 -0.0352329591108062 -0.00267261946788267
-0.0907009550977101 0.0489751383569767 -0.0292874377283309 -0.022627687539386
-0.106931603826993 -0.0246818240054647 -0.00289173045747858 -0.0365094448008778
-0.050160110337485 -0.0997411167637952 -0.0044368729137495 -0.0227534968398761
0.0193792963541615 -0.137380494764027 -0.0353891398548157 0.00196205926908137
0.0369800116258654 -0.105887391001679 -0.00832532759862224 0.0905436614742778
0.00250723532296873 -0.118868086790393 -0.0443392771255052 0.0837170045690783
-0.0757959934866632 -0.0921458967502591 -0.013960864629125 0.101005828012782
-0.11688339870104 -0.0146620397804195 0.0413529938946944 0.0867814993060331
-0.0685552187116924 0.0589663060924333 0.0522825973984778 0.0266899405253877
-0.0183913960298668 0.071016076081999 0.0362168750910915 0.00878385478399205
0.0224196557348264 0.0757473363746106 0.0188493056984021 0.00368086894007703
0.0393662382474264 0.0645393339655002 0.0141639166768419 0.01906779953728
0.041748260364539 0.0622641205440185 0.00483986073153964 0.0295566999473678
0.0113538679784367 0.06831097948686 -0.0104617150963088 0.0311668588962946
-0.0230597778191709 0.0666851945498115 -0.037302563892279 0.0174983991770778
-0.0829015695490565 0.0395534734243255 -0.0362504861554228 -0.00981320575876554
-0.0925801715752192 -0.0284842945395725 -0.0104325598298514 -0.0283553370100529
-0.0358696729853602 -0.0901443436710919 -0.00187426771125013 -0.00961887829852055
0.026133852523525 -0.115613263332585 -0.0425754736030033 0.0352159769155217
0.0355960454549457 -0.0648376603015917 -0.0295011968985698 0.114074414022121
0.0176217498641946 -0.0849009210822889 -0.0505513061550541 0.0948352443127772
-0.0441694921005314 -0.0770072609196276 -0.0290389365250354 0.0911291440623166
-0.0863160790820876 -0.0230463174121123 0.0154629110679258 0.0837281606453972
-0.0562237365136488 0.0397405555889266 0.0306894528902762 0.0446175861973879
-0.0161997167675631 0.053728728471909 0.028701734285299 0.0363606955503677
0.014742615262737 0.0593444392603882 0.0266951791889397 0.0295266958249181
0.0287109316065959 0.0521626557526481 0.0250784647607483 0.0371366934059182
0.0308286871976354 0.0509725392515857 0.0153847286517167 0.0486829482081266
0.0073152032203892 0.0562303909621284 -0.00594098941610878 0.0510210252701707
-0.0215322594822015 0.0527466562140727 -0.0409678652935934 0.0335790808608297
-0.0687006003596819 0.0237810487730858 -0.0434239106083782 -0.00135816382150024
-0.0680520936318658 -0.032067111097268 -0.0175854995673869 -0.023610925690907
-0.0148827953698186 -0.0726284934112119 5.09065991290405E-05 -0.000352501088301035
0.0328776732474798 -0.0792274789131251 -0.0488627298928208 0.0597682195895718
0.0265000521092281 -0.0119421337831405 -0.040475491501244 0.120947000980639
0.0250264479111397 -0.0357726038936372 -0.0485437150060204 0.0948667682467378
-0.0115257297450676 -0.0442058280346994 -0.0361165353353229 0.0755831785430965
-0.0427252032283421 -0.0207914893446244 -0.00291296645949409 0.075254379250649
-0.0325761912317656 0.017802371041683 0.0158171070296121 0.0562737783985173
-0.010079998257971 0.028060358475378 0.0239322977494164 0.0545952811928725
0.00500990221465669 0.033609059546298 0.0324265732595977 0.0476718072974577
0.0140187664315153 0.0324604842642411 0.0321286883356324 0.0497525798827344
0.0161591455366443 0.0331608312547514 0.021216308690644 0.0624018844402703
0.00289026485172359 0.0375867750849745 -0.00666572885448226 0.0642070903392579
-0.0181552618427343 0.0337388336658255 -0.0475187393030216 0.0444572475012052
-0.0485008238777292 0.007746030615184 -0.0515484162953584 0.00187945677927577
-0.0380537201001628 -0.0310231291290391 -0.0250437500164141 -0.0239543328403833
0.00592702169035109 -0.0469917747791243 0.00119955591775167 0.00300918029974889
0.0357358854085324 -0.0324920220737502 -0.0534008229966212 0.0731960490852668
-0.025180560201634 -0.0209180277634648 0.0465893474114331 -0.0839019407793135
-0.017109302361434 0.01364372150188 -0.0131087064228951 -0.0195613810206009
0.00332578532286553 0.0234772920757755 0.0261869602052706 0.0352512716121023
0.0186482302594152 0.00467217712803084 0.0637512432193102 0.00679890878660543
0.00878188049342693 -0.00928213974270029 0.0603374953722551 -0.0502425602913261
0.000663344219170465 -0.00844770771305355 0.0142657246229329 -0.0848143707588794
0.00456697085377728 -0.0102818550499055 -0.0262502391331435 -0.0751276834385051
0.00550742005605738 -0.00853682442450863 -0.0401889001235185 -0.0582250731356126
0.00771517782558705 -0.00378733293454121 -0.0418445551905734 -0.0573188577265923
0.00814720427444069 0.00323563167486348 -0.0308676877084344 -0.0644726784898413
0.00941403253009595 0.0111492633044169 -0.0117098898992576 -0.0668730160598591
-0.00439080473180934 0.0222893152447394 0.0145808133587508 -0.0668524619637048
-0.0252148694293203 0.0178715849258656 0.0367325444357423 -0.0687698101664081
-0.0296302210476779 -0.0149428733255441 0.0298708176494529 -0.0751119909462306
-0.018501115997584 -0.0368712079007573 0.0254855938703852 -0.117824021824826
-0.0203095799005093 -0.0685225599952721 0.0531727781140451 -0.06268506885655
-0.0346794013744625 -0.027238419182905 -0.0104342594730456 -0.00784929576074408
-0.0361202255902569 0.00587212210679574 0.0330241088151465 0.0492466650229343
-0.0202930394515457 0.0181157772731165 0.0784359421698936 0.0166970936497868
-0.00364000828232313 0.0184326743422751 0.0704539407789458 -0.0514768245284282
0.00299212348232514 0.0185221352742741 0.0212110479859581 -0.0863712531006505
0.0193400264603328 0.0170392273404113 -0.0237488998050647 -0.0765262590370643
0.0236434144270013 0.0162925280331503 -0.0364332601207474 -0.0543514707943496
0.0219950834371838 0.0227651221665518 -0.0404086050766392 -0.0514722503981279
0.00568989327215783 0.0324427343653684 -0.0311699313366634 -0.0565803663216864
-0.00985369042421594 0.0355583188184963 -0.0168958278669333 -0.0599810964010248
-0.0445946570267591 0.0274460194639949 0.00586968311784505 -0.0597610158763545
-0.0595709142833745 -0.0066761787353127 0.0263655120997123 -0.0620010437596333
-0.0367464755988155 -0.0581790467916299 0.0116953854627018 -0.0681076281206448
-0.00614950883415103 -0.0879405634764247 0.00753439421738495 -0.102345613649235
-0.00872950980637953 -0.107102084784086 0.051343291147822 -0.0287679456521835
-0.0435194724436587 -0.0716888298680659 -0.0129385266687867 0.0124651354683144
-0.0730164395680555 -0.0215580624437992 0.0332070885082656 0.068839141776643
-0.064606563937777 0.0260387218199467 0.0873645438320095 0.0344005958630943
-0.0227839891347164 0.0461421084211736 0.0785024262572773 -0.0429913285417413
0.00140059881053806 0.0457859822027518 0.0308393303976138 -0.0771467619421598
0.0296874993590775 0.0443688163707042 -0.0150992222209874 -0.0682313616899283
0.0384583783354452 0.0389917635627259 -0.0275742031630473 -0.0428321716537159
0.0358165520039491 0.0441291351193049 -0.0339113429064981 -0.0357697305949083
0.0074744640155269 0.0561243408516023 -0.0304959522871477 -0.0393568127254282
-0.0195864238471101 0.0580009039978771 -0.0261870439191037 -0.044949999366477
-0.0735632663507877 0.0410273902169233 -0.00768218968547091 -0.0501931366216493
-0.0900127092516103 -0.01660551377177 0.0144472921186952 -0.0552973271668487
-0.0493869796525532 -0.0861201142443441 -0.00184470618601861 -0.0548919780553156
0.00129665509651138 -0.124753608140789 -0.0116142206548931 -0.072716148221966
0.0078185053898258 -0.129525602166566 0.0394721188721676 0.011288316947376
-0.0396092630578717 -0.109996760758582 -0.0204080475434225 0.0378079978534359
-0.0988708101385437 -0.0535092836815759 0.0249539686820382 0.0889163079312419
-0.103822638439303 0.0233713879574884 0.086177980572642 0.0567717958797463
-0.0443505306177196 0.0666820396496258 0.0800452035052957 -0.0244367318932513
-0.00377150843180029 0.0675393534434336 0.0376187327143827 -0.0559154249536108
0.0343276803510093 0.0657810481298206 -0.00424698779222233 -0.0503259134543069
0.0471823314747686 0.0556355721323266 -0.0142321784400328 -0.0246018047798704
0.0461669934657205 0.0576395294645225 -0.022369110486963 -0.0146720021194005
0.0127470816377491 0.0695958903522652 -0.0254087206909453 -0.0157535300671993
-0.0215656072869797 0.0726995188643482 -0.0330240472582905 -0.0241429314381224
-0.0871457225009312 0.0532099383389203 -0.0208386289596046 -0.0371224243170371
-0.107896588026542 -0.0181452895543727 0.00395714668409967 -0.0469101326084268
-0.0578374090216043 -0.0987324334377873 -0.00686055400054528 -0.0384972722122394
0.0056653745148402 -0.142722533693212 -0.0264001906325766 -0.0343711149166427
0.0230871640314486 -0.130362910825019 0.0194722169546009 0.0547488564060724
-0.0243937645148975 -0.127908778952592 -0.0303198097680515 0.0644455098653909
-0.101238096750978 -0.0798282273923375 0.00879062117122825 0.101241082116859
-0.124705649067662 0.00937783491685739 0.0709410382528701 0.0757519065202278
-0.0613301965575569 0.0724069687855136 0.0711857984320529 0.000529728686727745
-0.0105197463895859 0.077629779497255 0.0402739115599262 -0.0259085958436682
0.0329267315776458 0.0765468456285994 0.00804841009637044 -0.0249059714942865
0.0490698503855106 0.0635974337526926 0.00101310276790918 -0.00316495699100998
0.0496792679376805 0.0628521710631174 -0.00799611838450262 0.00785416684906745
0.0161610466743389 0.0732880189286469 -0.0172135664279071 0.00851921009616155
-0.0200245913477329 0.075781232830504 -0.0358369026163382 -0.000927244921321907
-0.088045716170873 0.0553436978503116 -0.0299022697063984 -0.0221465428285591
-0.108781889541541 -0.0182804408762706 -0.0048374464599279 -0.0373763885594656
-0.0553746144807471 -0.0974305372687138 -0.00531264637812764 -0.022193514670999
0.0105251351886032 -0.139119562602313 -0.0351215189845704 0.00441150683478223
0.0319490181394307 -0.108174325890262 -0.0036504601722194 0.0915668045647142
-0.00320004525466472 -0.119317809370979 -0.0410411288845176 0.0852012501639394
-0.0813650873551853 -0.0887463596796801 -0.0105587700167763 0.103229127819775
-0.1181924095251 -0.00748664344924227 0.0455932811614156 0.0855541781926126
-0.0655823571642049 0.0625134219190674 0.0541887523790333 0.0250028775510672
-0.0142564269436492 0.0725753533811226 0.0375991324088622 0.00648697041326408
0.0276052006275162 0.0742218329113413 0.0190820141440756 0.00260895968064702
0.0438520230298183 0.0616259779733122 0.0147909751206846 0.0178587921393707
0.0456201321253684 0.0596571839661407 0.00651304252785581 0.028855694243578
0.0157892623431677 0.068005466121321 -0.00917013078517994 0.0310746698738619
-0.0191934907656409 0.0681042189719218 -0.0370174651035758 0.0194824426543696
-0.081282299247021 0.045057814936296 -0.0365401982410926 -0.0084566804894506
-0.0943458019408736 -0.0229420174090092 -0.0116303926761422 -0.0289226531970931
-0.040512482953393 -0.0881512863857019 -0.00216042775489954 -0.00990085543279433
0.0192717405426733 -0.117304950667279 -0.0407552379428523 0.0381875694711581
0.032158691821224 -0.0664536222495769 -0.0242845163812012 0.1162700246123
0.0131885446618337 -0.0865630641822659 -0.0465910778992865 0.0966484153704649
-0.0485880943676287 -0.0752970961382438 -0.0258721431845406 0.0932884025163661
-0.0883038114503454 -0.0176475879268273 0.0194878897115695 0.0839781871588993
-0.0542844567782866 0.0428739236059754 0.0335314697025808 0.0440169116601183
-0.0136999332964496 0.0547800455343401 0.0318084382398971 0.034681578431416
0.018305032688879 0.0584809416746356 0.0285315541894586 0.028255700294622
0.0323440497476488 0.0501555635533261 0.0272433487775998 0.0356447998506701
0.034327450976053 0.0490010000396786 0.0179543025063327 0.0473363421350399
0.0114387302530465 0.0559991227458201 -0.00369248868066765 0.0502557832972314
-0.0186989580440763 0.053963885356797 -0.0397231352240054 0.0359317219047355
-0.0676449880976112 0.0287501828977903 -0.0435082969614075 0.000526681051145822
-0.0702773835545033 -0.0276646069604051 -0.0184256535046626 -0.0237996774974872
-0.0182432884193487 -0.0715138001848759 0.000785115859970982 -0.000956270117737689
0.0280719993379504 -0.0803765049850971 -0.0448657587846912 0.0630129024356839
0.0259700697666712 -0.0136062234387415 -0.0352759998640979 0.123856795137815
0.0235511851234033 -0.0377626360814995 -0.0440334855928242 0.0969379217095176
-0.0133021409296399 -0.0439640848086242 -0.0337883262469731 0.0779954931065754
-0.0442110440424037 -0.0188830205396953 0.000886204248787618 0.0762484467267254
-0.0314705571729948 0.0193206621336545 0.0185385559771501 0.0558144624163912
-0.00860929544151332 0.0287414867184679 0.0279274250800395 0.0534193697785439
0.00724667078109185 0.0331886452010396 0.0356420523744668 0.0455083618510276
0.0163156118169441 0.0313997717313338 0.0346739315208241 0.0475898632966911
0.0181488235027889 0.0322944078601366 0.024557703714676 0.0604672389068935
0.00528826262522603 0.0377560303909852 -0.00336584822746809 0.0640706849799476
-0.0167083237310798 0.03546588576797 -0.0454401314464034 0.0469770805364116
-0.0486626888665428 0.0110165347126301 -0.0518533766257504 0.00416214844100576
-0.0400071279625346 -0.0287198852221739 -0.025916400988863 -0.0236073712777795
0.00395716346510342 -0.0472608249701813 0.0016314574165502 0.00204019746538265
0.0334800002439762 -0.0339297303016306 -0.0489225941963708 0.0763268587549587
-0.0262772211104693 -0.0199189713270368 0.0435696894187104 -0.084448514288299
-0.0168737724456467 0.0139220189331653 -0.0143508961335359 -0.0184214840285113
0.00424222544349444 0.0232679837472265 0.0274911195266889 0.0347823516215659
0.018564153636789 0.00388055049172447 0.0636036847537979 0.0055061638571721
0.00847759776894372 -0.00897266367594694 0.0581075771043951 -0.0511732921671242
0.000527948267079342 -0.00787792108255017 0.0108222031988453 -0.0832164151427706
0.00353723559974759 -0.0106335036793682 -0.0286615522843915 -0.0723339495491817
0.00517567577610719 -0.00894626488237206 -0.0417309154476676 -0.0553879359470474
0.00732803549619541 -0.00463447704369161 -0.0435338406994933 -0.0541947669128061
0.00837691320430083 0.00300358655026284 -0.0329834982080477 -0.0614430358192693
0.0100343912363132 0.0104860830373583 -0.0140365392134404 -0.0661111703731326
-0.00322466222617055 0.0224714188690297 0.012829715192881 -0.0675487993819346
-0.0240310043156316 0.0185142707731938 0.0339048438994181 -0.068831689642107
-0.0300340729518429 -0.0143042756334194 0.0280088366974287 -0.074084424614702
-0.0197086061605984 -0.0359430573646944 0.0219782866353236 -0.116927319432167
-0.0232392887023922 -0.0676607906853769 0.0507412730756277 -0.0635409206554917
-0.0356019509466819 -0.0260316542388287 -0.0117277084487892 -0.00662299342668476
-0.0358528212804791 0.00688232277183502 0.0347314387419559 0.0486864422505265
-0.0189959646221451 0.0193506745171839 0.0782823989157906 0.0149264713606393
-0.00313256585376079 0.0186074680701167 0.0679389888549004 -0.0520400370935053
0.00388286006547109 0.0184374248193436 0.017589707144352 -0.0851794648183991
0.0199095376494257 0.0157231257764283 -0.0256939970960062 -0.0738171037347784
0.0242561241822357 0.0145261868916939 -0.0376507858867046 -0.0521046791937474
0.0227858660104737 0.0214278461009731 -0.0420216309413282 -0.0485062600735214
0.00661362332170121 0.031959415734511 -0.033141355438055 -0.0542734142947713
-0.00799457009618836 0.0352168276380173 -0.0187596022156746 -0.0591439971968251
-0.04259150762055 0.0294573742024706 0.00475072936115481 -0.0600687554186676
-0.0587739045521419 -0.00427651890830885 0.0241807861872857 -0.0621289319996219
-0.038548863580816 -0.0565765308925448 0.0103396296896553 -0.0666740784690101
-0.00912570461167075 -0.0867812208000259 0.00441769357891629 -0.100900841999167
-0.0123230910897567 -0.10600812174356 0.050099492330305 -0.0301231582718049
-0.0456804011094684 -0.0695109178671206 -0.0131049549725459 0.012699967659363
-0.0734565733566729 -0.0180986478309328 0.0349610970138507 0.0676123650999916
-0.0624596205909391 0.0284642364133097 0.0879043889415202 0.0319122919092657
-0.0208634604455277 0.0464442496603978 0.0765603825352372 -0.0433869586245794
0.00342319135209674 0.0451681678222888 0.0273146070087567 -0.076614182067081
0.0312347639613974 0.0416229690952567 -0.0171829431463712 -0.0657928095795801
0.0396930404780031 0.0359786750232414 -0.0284411341883887 -0.041144188889565
0.0369644472624222 0.0414571378197728 -0.034929202216349 -0.0333764337363953
0.00990305233528428 0.0545910948138293 -0.0320395224277278 -0.0372188895055991
-0.0166593010927693 0.057851250118859 -0.0272769577616625 -0.0439288475565301
-0.070956639957635 0.0438282827965182 -0.00833593899987381 -0.0499330520117572
-0.0891427958431353 -0.0128601808182364 0.0127142537434634 -0.0556147594043269
-0.0519370311185675 -0.0837629095517804 -0.00265469932076428 -0.0533089361093394
-0.00350739562029084 -0.122974368219632 -0.0135977051766821 -0.0707474213350033
0.00295752719974556 -0.128354891950298 0.0395058803180668 0.00983217378334173
-0.0426056985542603 -0.107514458944734 -0.0200890407528084 0.0376397037823814
-0.0994169908110183 -0.0491138745539665 0.0272347058904667 0.0877907743255957
-0.101720632097122 0.0276227808501004 0.0876747795088903 0.0537042639956245
-0.0409325838732991 0.0674541801645798 0.0783924148264103 -0.0254114051965082
-0.000702150931509234 0.0671898630757121 0.0354931817410903 -0.05637842509804
0.0363142360230269 0.0626682220019934 -0.00554389610145252 -0.0480942512464139
0.0489707295510755 0.0519651632617927 -0.0144290492521285 -0.0239906843700057
0.0475182323057747 0.0548567856308962 -0.0226126496634475 -0.013573772843328
0.0157542034936008 0.0678712275170408 -0.0262049732415486 -0.0148575898996857
-0.0181479836568757 0.0723144720354791 -0.033297993862248 -0.0227007021352071
-0.0837686830439197 0.0565498744212722 -0.0207975804268208 -0.0365383053124292
-0.107207679951233 -0.0133785904029472 0.0022369917542511 -0.0471630211931493
-0.0608339250363346 -0.0952769514516583 -0.00731947584887252 -0.0371798173524362
0.000136291319406246 -0.140608724053525 -0.0267295321129929 -0.0326829515400621
0.0188256054291031 -0.129419480437368 0.0208875564915839 0.0528784824220136
-0.0274995029146968 -0.12578502662331 -0.0292765690903449 0.0638201656150671
-0.103287407493796 -0.0744791930180328 0.0114741674157402 0.10085292776397
-0.122821853049313 0.0146625554592794 0.0728193194689321 0.0730228115798858
-0.0581334340199329 0.0736494493683585 0.0707350969294297 -0.000736711722950233
-0.00694140965196965 0.0772552258566073 0.0390434656871176 -0.0273060206095699
0.0359984924247322 0.0733882558079257 0.00745157382940058 -0.0238526840285584
0.0515228054148754 0.0596550709309652 0.000557103925085081 -0.00387892171867988
0.0514029408150844 0.0592801260451914 -0.00728647646225277 0.0079321082169572
0.0188626889246447 0.0712122122274679 -0.0172308258802231 0.0090803204701222
-0.0166352706868903 0.0750586699680404 -0.0353507096287239 9.9891182047959E-05
-0.0848803839600861 0.0583694263065649 -0.0298476384032863 -0.0211300340858553
-0.107610194849604 -0.0139594322995366 -0.00595348736456829 -0.0377729785531352
-0.0576634436162524 -0.0946169647163298 -0.00541170003029298 -0.0219145002954838
0.00520636202544162 -0.137628482151939 -0.0341809607966203 0.00609320201034668
0.0283214928423397 -0.107802465313532 -0.00100818931494427 0.0906034631926599
-0.00691457394473506 -0.118514750069955 -0.0384701208047295 0.0849347065728386
-0.0834094995050792 -0.0844987983761575 -0.00808925075840583 0.102474017937881
-0.117192466633756 -0.00268187844789355 0.0478252152024385 0.0834447684921717
-0.062238958232654 0.0641353084561593 0.0542060371880173 0.0238632316081378
-0.0113442789135604 0.0721067185206809 0.037849354716128 0.00472044862251146
0.0299206320708668 0.0713240400743633 0.0195450049396113 0.00252094210907326
0.0464977768296026 0.058078653372063 0.0152711654320165 0.0164960863027212
0.0472236857052568 0.0563876746044589 0.00732063091688168 0.0280707758438245
0.0178192281383802 0.0657287860559753 -0.00841937393750839 0.0306278000239392
-0.0163319099799541 0.06773459459867 -0.0355923489245655 0.0205350242957571
-0.0781017654082638 0.0479398196222502 -0.0363917284223824 -0.00772255523937139
-0.0934664060155981 -0.0187795347458022 -0.0123933908437638 -0.0295606226338597
-0.0425878253619724 -0.0856066882991252 -0.00220179997272004 -0.00992505079703807
0.014412165303588 -0.115771309079363 -0.0381602174513249 0.0393656722961809
0.0294252907413351 -0.0666493390517824 -0.0205101194428661 0.115781785174804
0.0102411627612427 -0.0861145007605885 -0.0439802378568522 0.0961402233238085
-0.0505301949503101 -0.0720245169446511 -0.0235639422044255 0.0930198333319227
-0.0877297692798171 -0.0138311901791145 0.0219783213844619 0.0820697635680891
-0.0522368221622359 0.0442710718748238 0.0344788059419846 0.04337246361186
-0.0114181684003564 0.0546296415669112 0.0333171056093485 0.032847714912594
0.0206237582795685 0.0562916331601944 0.0294923643986475 0.0266596875724111
0.0346827100331046 0.0480956636172727 0.0280256122536115 0.0329017562695009
0.0361133934564933 0.0471115209846302 0.0191861527364844 0.0451517848675471
0.0131934931368822 0.0543130644019449 -0.00261388460168924 0.0485871262037413
-0.0163058421100467 0.053913477341802 -0.0378510239620963 0.0366780623519087
-0.0660836271222802 0.0313977223661645 -0.0429173031137769 0.00153166182219491
-0.0696106118932648 -0.0248935060234716 -0.0191731518717511 -0.0241418834876718
-0.0202682194195256 -0.0701027372922664 0.000612444064704387 -0.00166370063315204
0.0244728384116571 -0.0797905350515857 -0.0419280945270996 0.0634927738234419
0.0253988867127332 -0.0140003824807712 -0.0311769668575142 0.123574537324264
0.0221317500393527 -0.0381079991084836 -0.041095888477145 0.0967794411971031
-0.0145663318175469 -0.0429148124057244 -0.0320485538623382 0.0780941851127994
-0.0439991584550409 -0.0167611167511242 0.0030607196987355 0.0749711436185282
-0.0305790302608352 0.0200261279795411 0.0203530478617155 0.055038568646293
-0.00778859740302233 0.0282018214576533 0.0299945790433802 0.0513219218680104
0.00897607116117534 0.0321457160174205 0.0369059461344024 0.0435984457134488
0.0174159152538194 0.0304129764798151 0.0355985772138748 0.0452744522731664
0.0193067868189463 0.0308184533488685 0.0259938823264901 0.0580861875792612
0.00690791056545775 0.0370776409998324 -0.00169720200826555 0.0624337051058395
-0.0151455104363314 0.0354140662549127 -0.0431275381556301 0.0475577672331817
-0.04774662579495 0.013444117553066 -0.0507449461474383 0.00517167444844173
-0.0399214298286364 -0.02669495499446 -0.0266404584598701 -0.0233563558851467
0.00296275107951085 -0.0467804598714956 0.00189457686340451 0.00142322557774444
0.0315915478440716 -0.0344453609751436 -0.0454965020023274 0.0770052292169396
-0.0270666497636351 -0.0203014579835717 0.0426867576170279 -0.0839922206163947
-0.0173192773171841 0.0140818938732461 -0.0150111799162961 -0.0173079099574437
0.0042978873350241 0.0238534461046619 0.0282123639911119 0.0344953945293732
0.018605707093567 0.00404365783879899 0.0634363351316199 0.00509981195700374
0.00857223426839428 -0.00868729346711419 0.057458592253172 -0.0506062070233542
0.000463409006303991 -0.00755145133398733 0.00975623050011613 -0.0813867250299133
0.00292091323174858 -0.0106929560126846 -0.0290327874320572 -0.0708276778101918
0.00476231026519113 -0.00932556390694626 -0.0412834505612976 -0.0541757766675048
0.00716826947897246 -0.00464590765075958 -0.0439028716984535 -0.0522524813544787
0.0085249181099236 0.00265901324715045 -0.0335411415117002 -0.0608640135039934
0.0102983521493105 0.00980873902513057 -0.014632569229016 -0.0657290008670672
-0.00253935946762377 0.0225389886471866 0.0126046322400269 -0.0678327971427613
-0.0233964095428053 0.0185388581008657 0.0332626628667714 -0.0682167594467414
-0.0302016525401302 -0.01506304096079 0.0282501422128951 -0.0726726211299455
-0.0198241762317191 -0.035800095309826 0.0215436054059836 -0.116539520456737
-0.0238847058672327 -0.0669565265351448 0.0503304504152678 -0.063018773643786
-0.0359776967203854 -0.0256235611264624 -0.0126648630623658 -0.0062160853914255
-0.0357299487713246 0.00819026133547831 0.03547818819633 0.0485759065637051
-0.0187187158977595 0.0199238143633708 0.0783455503424416 0.0144037272133601
-0.00244003978535647 0.0188377534234053 0.0670761243432866 -0.0514230240244276
0.00411652206366086 0.0187040419014576 0.0164310736591958 -0.0840476874373831
0.0198308137009604 0.0151858750178812 -0.0257365548989305 -0.0718651449056589
0.0241941652794404 0.0133049820281726 -0.037623357456515 -0.051075742270983
0.0226151778475558 0.0203005105488885 -0.0424074405228554 -0.0465078641631228
0.00726630096257744 0.03171741176548 -0.0342000359519727 -0.0531669190843035
-0.00747151698125166 0.0348095661721319 -0.0194137107695817 -0.0588015246693633
-0.0419477247655104 0.0301132370132649 0.00531386041142928 -0.0607292872777108
-0.058413229085367 -0.00328030080810565 0.0238264370528725 -0.0619840561529774
-0.0386803970018414 -0.0564571371964637 0.0105030668286137 -0.0651831767411589
-0.010210924606669 -0.0863785838776915 0.00438511437410941 -0.100021128517549
-0.0135368885127902 -0.105604138088312 0.0498740966782066 -0.0302563621210267
-0.0461545531797208 -0.0687742855107113 -0.0139155022787379 0.0127446129529082
-0.0736974285166658 -0.0167888198240901 0.0356437683827793 0.0678410921647159
-0.0613599262690544 0.0299727069651545 0.0884889460130732 0.0315449660061547
-0.0198846678458766 0.0468511183978499 0.0763474158122799 -0.0430664114151218
0.00428696142159679 0.0455636452074091 0.0261689225970213 -0.0757995620838476
0.0312521945855122 0.0402445503417985 -0.0173500021354835 -0.06406304905442
0.0403104110637623 0.0344523246993489 -0.0281573515843753 -0.0401091467627427
0.0372844560966886 0.0405180173145567 -0.03472653058391 -0.0321342210927844
0.0108473863532489 0.0536913679429222 -0.0326295360528589 -0.0366546568544186
-0.015923107405662 0.0571984938893586 -0.0280417611358143 -0.0435424556989083
-0.069239797200638 0.0452364137271815 -0.00821648311409852 -0.05035866816343
-0.0885295689272747 -0.0117202706200123 0.0120889777907934 -0.0554775187464014
-0.0525079417045324 -0.0833904181544468 -0.00252779123080144 -0.0519208295695279
-0.00523803349661283 -0.122262340801736 -0.0135412931484462 -0.0698646049806755
0.00181308956905485 -0.127572719482837 0.0396205097307496 0.00969768165233628
-0.0430464418230166 -0.106002812232268 -0.0202145631710312 0.0373786223988967
-0.0996684911273032 -0.0472959604564694 0.0275517448265564 0.0879380032234707
-0.100517495479192 0.0295200010641343 0.087570525568611 0.0529060185259013
-0.0400058203589933 0.0674179471117272 0.0783755553588211 -0.0248351896062936
0.000362286789601422 0.0669119309152229 0.0344862843413389 -0.0563654673166059
0.0373478755482232 0.0611083647280427 -0.00522934287841547 -0.0471206721662159
0.0500232590039923 0.04992199541488 -0.0145435548235092 -0.0239398092079026
0.0480783730204175 0.0528003844945835 -0.0224772153195318 -0.0127939223167083
0.0160790618528406 0.0667237379515729 -0.0265991480067232 -0.0144076508803279
-0.017198983119358 0.0717309079993637 -0.0337694695508442 -0.0225277232356248
-0.0822467162227622 0.0579677058593819 -0.0204309638949608 -0.0367885050743487
-0.106321660156534 -0.0118785417034614 0.0018377495980797 -0.0476484990156508
-0.0610415854075376 -0.0944010981722129 -0.00646970203471058 -0.0366114623212013
-0.0016645432832204 -0.139436320176781 -0.0260901449299925 -0.031533728508891
0.0177898992972306 -0.129104907913083 0.0209450296496096 0.0528943448478177
-0.0282312144336308 -0.12526142985936 -0.0296740030465285 0.062916659540178
-0.103431382202964 -0.0732106799037043 0.0111036962922731 0.100947593377785
-0.121934683888829 0.016976968273597 0.0729944992532088 0.0722860920274861
-0.0562116839839217 0.0738466261772246 0.0710526884159973 1.61955830408425E-05
-0.00582356923061812 0.0766025425313254 0.0389283930865537 -0.0277835957439913
0.0368010197172008 0.0716103200612089 0.00772108683284606 -0.0236287317177418
0.0525069969463078 0.0577278676250573 0.000845085448415612 -0.00384654304588314
0.0515342655264738 0.0573223500325662 -0.00719499130364393 0.00807766430798515
0.0194565808667135 0.0699759995894676 -0.0173420206808251 0.00898002039473618
-0.0156212820809529 0.0749619267218949 -0.0355173543728012 -0.000171308964038173
-0.0829535205606357 0.0598696379649372 -0.0291466291504437 -0.0216962819274389
-0.106753156681725 -0.0120735666367246 -0.00636631054883955 -0.0384203237980252
-0.0579794240864213 -0.0932076834454375 -0.00522251705693188 -0.0215140076192687
0.00327765558583607 -0.136592803631101 -0.0328986647878843 0.00688821082186306
0.0275284112125166 -0.107461419621636 -0.000534644035357409 0.0901604201225076
-0.00743848540003935 -0.117706802958829 -0.0385647966533105 0.0836137716075003
-0.0834246851872825 -0.0830910737286459 -0.00787490727513297 0.102575406987955
-0.11603971671697 -0.000901521118646096 0.0481352643417152 0.0824617470144994
-0.0613348049027025 0.064316475823296 0.0545715203286835 0.0242550246209402
-0.0100514545849718 0.0720982508334776 0.0380043559430712 0.00402307919289656
0.0311253525434915 0.0697056512249759 0.0198305590493055 0.00241449332618494
0.047287199911179 0.0563771996229703 0.0153327277000655 0.0160104227764386
0.0477964245728841 0.0551508177815202 0.00759369305378402 0.0272993776375904
0.0190730419674901 0.0649536987082426 -0.00846390281044635 0.0295777959570848
-0.0151313095283017 0.0673299607418675 -0.0358608321968778 0.0200709171090115
-0.076822419595298 0.0496933541061274 -0.0356561630781074 -0.00802792845590259
-0.0927194398902373 -0.017326568043875 -0.0129892361964804 -0.0301105991045598
-0.0426969173106642 -0.0842993602002033 -0.0017734044995536 -0.00963151633681374
0.0123440658034321 -0.114378305513992 -0.0370176646132894 0.0395082193794574
0.0291631854890395 -0.0671871844440133 -0.0197786893350761 0.115512379071426
0.0102029799087779 -0.0858586546223995 -0.0434103641213378 0.0952722327890482
-0.0505588816031534 -0.0718146412239174 -0.0235565182886127 0.0928842615798544
-0.086668642881851 -0.0131669124213265 0.0224518928510006 0.0814295160202743
-0.0507480414203008 0.0437513294949136 0.0346045667288735 0.0430826492177554
-0.0104922135218559 0.0536917719193041 0.0339971329766555 0.0314615252020571
0.0213429039626029 0.0550394960408322 0.0301023417710706 0.0265217892739889
0.0354702941855165 0.0464622465021701 0.0274043590350809 0.03220448727246
0.036429121437498 0.045621449685146 0.019254586983955 0.0439427073242213
0.0143594426629051 0.0531037476580906 -0.00279682715012602 0.047773628375646
-0.0157101324823558 0.0537493874918985 -0.0374182105404688 0.0358127127448967
-0.0651344042377228 0.0324286080214157 -0.0425493554985963 0.00122014560536504
-0.0695387297530222 -0.0233460427880182 -0.018930154931249 -0.0246329674630866
-0.0206478320573072 -0.0686415762710401 0.00131172912997472 -0.00203730211952703
0.023200831245067 -0.0788347574396264 -0.0406425340814962 0.0639653298763197
0.0250531260587812 -0.0143220428294058 -0.0308004812739215 0.122937483394442
0.0217057561476172 -0.0385711677977505 -0.0408762828759543 0.0953549227937436
-0.0145764628537794 -0.0425742182842388 -0.0321741842107105 0.0777530977077633
-0.0442754722923288 -0.0165929191069415 0.00288386165501112 0.0745025896972231
-0.0301951190102849 0.0197460122722553 0.0207952413361151 0.0547024991450211
-0.00773799041440786 0.0279217680362355 0.0312240929597447 0.0503334142274219
0.00892375956777566 0.0318333838188925 0.0372076819061455 0.0424579621076337
0.0185150839571558 0.0297572639978951 0.0351156426745121 0.04385488999996
0.019945968982863 0.0304145027694845 0.0266154682378199 0.0565779246675432
0.0074989229280176 0.0365548083019942 -0.00121789222918167 0.0612596713378783
-0.0145939854816647 0.0352116046864912 -0.0427073575004022 0.0474669988326785
-0.0470994147306885 0.0140253036087871 -0.0504880617833916 0.00463051782347416
-0.039677734142565 -0.0258722176313537 -0.0267266692074589 -0.0238412757992534
0.00304807103980034 -0.0461904786147706 0.00233499491709478 0.000586544480197622
0.0308818592294384 -0.0335151332800736 -0.0442618033508835 0.0765201439517402
-0.0302626634898086 -0.0148976730775733 0.028045153514888 -0.097901795274767
-0.0148385829632077 0.0169333047018504 -0.0200289322707071 -0.0147624642154677
0.00948730605277478 0.0224911731237898 0.0338442975573817 0.0319934428686563
0.0200232624149406 -0.000426016222455346 0.0661375115674552 -0.00457533819618056
0.0068767893273525 -0.0112525710864144 0.0505416907020313 -0.0617715175386118
-0.0015247575747938 -0.00757174590804659 -0.00499049115085043 -0.0834308673261
-0.000226265501921976 -0.011516093113118 -0.0408958954906024 -0.0648527179536028
0.00241406803216282 -0.0101811930320689 -0.0512140443382167 -0.0459655463705936
0.00571000539455482 -0.00632884979392191 -0.054589384218865 -0.0443143845358635
0.00882520946267462 0.000478694247580181 -0.0473300057653442 -0.0551263667384878
0.0116518574473035 0.00660195074270559 -0.0286367885871567 -0.0645277659098299
0.00254984940327772 0.0221781122626531 -0.00114454356744211 -0.0729830676021845
-0.0182767243021701 0.0214049845389392 0.020379162240257 -0.0782133154480539
-0.0326684677306757 -0.00970575086625967 0.0169106728545412 -0.079661453156667
-0.0256379011049064 -0.0338124628834809 0.0025775912490041 -0.122445515900138
-0.0354544689792172 -0.060577561983442 0.0425723107546435 -0.0795539174863153
-0.0403077611550718 -0.017612560723191 -0.0148163742016082 -0.00578066273781592
-0.0325598959943237 0.0157306030399801 0.0428555327979738 0.041040402070966
-0.0126664026686148 0.0231276822682057 0.0808579859186715 -3.27735606866565E-05
0.00149682695468061 0.0174137402204872 0.0582930107839856 -0.0637724745072093
0.00720400809601365 0.0168484198941457 0.000791494069538176 -0.0862078729580259
0.0214519529441153 0.00965833852688856 -0.0390430704904789 -0.0648763115224984
0.025714201175862 0.00832346690300511 -0.0468673915682845 -0.04352508196839
0.0257480376912761 0.0151327265231457 -0.0516393476071383 -0.0391730355977347
0.0124329090282859 0.0291974797955335 -0.0466744361804508 -0.0478810397982675
-0.00113140193204648 0.0337276204839522 -0.0323019240380626 -0.0563195674617203
-0.0339282668443476 0.0366953764633932 -0.00732823939531708 -0.0652167183539243
-0.0559932346626233 0.00731656484645855 0.0129082752850432 -0.0709451157365904
-0.0493759372270227 -0.0489967313686538 0.00194916964050166 -0.0667266717272819
-0.0263374076200803 -0.0859386880312112 -0.0108184822331861 -0.0989889900760361
-0.0320491085113668 -0.0996508769547735 0.0501538557990611 -0.0461318668851406
-0.0584261492825961 -0.0579284628993099 -0.0112826166169673 0.012122822933247
-0.0740156245262952 -0.00084018007480251 0.0463085962038752 0.0572319954579237
-0.0514234037813189 0.0421602963788055 0.0922880509664901 0.0122803690692757
-0.00991859536346223 0.0482681142083105 0.0667379629462628 -0.0563560123031332
0.0124365349371107 0.0433547307036314 0.0104401520992131 -0.079367335891974
0.037991188919138 0.0317560183642869 -0.0303014886047491 -0.0570911231727577
0.0449805697258535 0.0256719366599481 -0.0357083684483853 -0.0346026548996385
0.0434381689319557 0.0318541158881647 -0.0418735057475673 -0.0261844223144565
0.0202855010512141 0.0503268952629805 -0.0419671387941942 -0.0313407170506365
-0.00495626111348187 0.0570596343576645 -0.0383435209545911 -0.0397463097138691
-0.0581452357602849 0.0567453630509088 -0.0182797206138938 -0.053273827328552
-0.0869170459588249 0.00471969616764677 0.00250324160242277 -0.0635378216228716
-0.0678601661649496 -0.0732744576843413 -0.00691560212020337 -0.0504406270745119
-0.0285642894661107 -0.122478443603576 -0.0224542025368595 -0.063203127091097
-0.0208451351502774 -0.12371924984788 0.048965066953366 -0.00342000995297819
-0.0621135496924155 -0.0950501605001155 -0.0119968143014328 0.0374072170968997
-0.104818645626092 -0.0254294586546918 0.0427015940996785 0.0759984756892395
-0.0894274721147776 0.0496447214075602 0.0940576273999475 0.0316742461985737
-0.0257233745929586 0.0723931994666224 0.0706938891053735 -0.0382980142501843
0.012560161445101 0.0650293116457253 0.0215530516511354 -0.0609400179910382
0.0482561555046128 0.0498468482110874 -0.0170692130541703 -0.0416498657453043
0.0575721321841672 0.0392274855818593 -0.0193170504081844 -0.0208630131680333
0.05563643284578 0.0423757732984284 -0.0255309866227543 -0.00938341175715518
0.0282025947762087 0.0624461657147618 -0.0320290020692218 -0.0109045699070329
-0.00412362473354442 0.0715917850415243 -0.0406137769664246 -0.0171849609519211
-0.0687253289896701 0.0716929777553041 -0.028649719684064 -0.0371328963288539
-0.1045244739773 0.00802626904115446 -0.00623562392623133 -0.0543454169283521
-0.0791027396698535 -0.0823274689325357 -0.0077016167856396 -0.0331023530877343
-0.0291752794087549 -0.139141635879115 -0.0270469207764776 -0.0208352662466584
-0.00640408325576811 -0.127101683029957 0.038676325781272 0.0459119187941312
-0.0510624514474632 -0.116020489921597 -0.0153457809038159 0.0657919989775655
-0.113351420019024 -0.0496971192502058 0.0299599084635808 0.0909717747120431
-0.112276018148191 0.041944669810771 0.082900276937794 0.0518216285156831
-0.0404561997113246 0.0818094418601722 0.0662655445169504 -0.012063558177451
0.00874262684862945 0.0756987545967468 0.0311298939220949 -0.0331423568521608
0.0500205582253708 0.0608544272816444 -0.000450943422365383 -0.0202814605556628
0.0615933555068673 0.0460661403803409 -0.000196914422420038 -0.00405009596988371
0.0609236701951086 0.0462213344760934 -0.00653260891249696 0.00905272740132173
0.0319867010110814 0.0647925967633924 -0.0183485263998734 0.0113150098010195
-0.00228508301269246 0.0744373581858011 -0.0377254798540056 0.00623181370343165
-0.0696615760132747 0.0735645932251322 -0.0348256480785855 -0.0193467826304384
-0.105323467039501 0.00815978236671371 -0.0124939702894206 -0.043356009278763
-0.0755649195714668 -0.0811688834657897 -0.00340643641058492 -0.0184559636176342
-0.0236077336197427 -0.136361115964261 -0.0276205458133729 0.0204088323579666
0.00712179563426162 -0.108019149280751 0.022438958267926 0.0903906322359274
-0.0292746514347322 -0.11280940302255 -0.0201764168955954 0.0894342541756574
-0.0964042153254102 -0.0633050952638378 0.0116678924439346 0.0969723388516791
-0.110548550725951 0.0237802717170883 0.0605106946147443 0.0667605189883701
-0.0468395664800757 0.0734946111966864 0.054440067574556 0.0151248398751595
0.00374806326179381 0.0716375605846457 0.0359565018782316 -0.00116593894384491
0.0448887689347331 0.0602879460962093 0.0162780919610231 0.00263284401419258
0.0567580127706622 0.0461690434670872 0.0180391433065453 0.013092646870486
0.0566729128001467 0.044780124121719 0.011907948309077 0.0251652265674701
0.0302844796932834 0.0603889756514256 -0.00486957859233616 0.0309114629103733
-0.00338555436007337 0.0675045127421102 -0.0337286163947822 0.0270514081518055
-0.0658267173287365 0.0623277052905704 -0.0386376260739661 -0.0036612533684782
-0.0924803887677772 0.000714108906736104 -0.0176203775802429 -0.0334991640228837
-0.0586209825799319 -0.0753582044754971 0.0018390844877521 -0.0075536931239978
-0.0104617150860786 -0.115868937674843 -0.026859348527064 0.0536841422655973
0.0160035205057419 -0.06965326977272 0.00582653940107946 0.122308723258389
-0.00565879433591277 -0.0850917919078406 -0.0239979118293085 0.104054688194834
-0.0620933139655079 -0.058751726185766 -0.0054514371452781 0.0933533733344827
-0.0858941511936637 0.00603237045834633 0.0355625105355869 0.0720392443655386
-0.0408094199959201 0.0521148483888154 0.0388875533022472 0.0372335634669375
1.53633696448334E-06 0.0542129466914295 0.0377557311752508 0.0266890064670755
0.0322431372771358 0.0483638735827848 0.0312282171395446 0.0236613188414139
0.0433297415798848 0.0387473106019842 0.0330868537198223 0.0274225215425189
0.0439733550082028 0.0379579058107094 0.0270256538435293 0.0401757320817654
0.0237129764393898 0.0504918575725488 0.0049773218892341 0.0477604648620173
-0.0060942480280548 0.0548551788966619 -0.0314497517681618 0.0439733827704005
-0.0573971112844245 0.0435710217175675 -0.0426322579985114 0.00719318922680529
-0.0709334744922885 -0.0103091550115659 -0.0234153529783565 -0.0246094677209243
-0.0331783719915849 -0.0645640826462869 0.0040202836441427 -0.000429767716520027
0.00713657935191035 -0.0822128752611441 -0.027930141815564 0.0775314476259557
0.0212305908770149 -0.0176202585060585 -0.00677231786753662 0.134481483397398
0.0143710761260664 -0.0414898335506124 -0.0225981338215885 0.105634124403684
-0.0223228366326086 -0.0380522551339068 -0.0173762927118441 0.0832980960834424
-0.0453988739288056 -0.00656578683864535 0.0154866101025788 0.0717481966713399
-0.0252900805164638 0.024941209668475 0.0284494974944272 0.0516802129009697
-0.00185435608853517 0.0282633242630568 0.03909836557311 0.0452210762483781
0.0158215478777178 0.0282961855696381 0.0424851021992915 0.036964285765655
0.0236926363956203 0.0258140576582335 0.0433459776737691 0.037297896141775
0.0251609513747578 0.0262970686207016 0.037042955449302 0.0514938274665092
0.0138638079851731 0.0348077490226375 0.0092273282373323 0.0613987739486526
-0.00857032611948271 0.0369380779701373 -0.0349031171083032 0.0562769337080697
-0.0438895663364636 0.0221415846683816 -0.0504689023537973 0.0135774292043318
-0.04290177384608 -0.0181484932473378 -0.0304226929910604 -0.0212874228102604
-0.00564916746693301 -0.0463188488365985 0.00382744781468276 0.00195648917540993
0.0234106630411726 -0.0382731103653999 -0.0312379324396352 0.089589262742368
-0.0326576511734111 -0.0152705974758461 0.0284288433261892 -0.102002962716916
-0.0154812892016977 0.0176612559319603 -0.0214363597751572 -0.0146584630850233
0.0105210494699448 0.0239393406259187 0.0359855149026598 0.0329581222923836
0.0211426299287995 -0.000538245838526691 0.0693412237662144 -0.00498147131434188
0.00728015912216562 -0.0122334352495726 0.0519094841099305 -0.0642163621938965
-0.00171450451303503 -0.00789930016972649 -0.00576719271325235 -0.0857872996803179
-0.00039661688774225 -0.0115734216993118 -0.0427958957690453 -0.0663334683067398
0.00213660984703687 -0.0109389135106057 -0.0537005979582509 -0.046870440405301
0.00586697246174807 -0.00674582698960156 -0.0572572773522808 -0.0450322813508119
0.00891292728823391 0.000490613441946254 -0.0502157435821481 -0.0566333626202337
0.0120405131580814 0.00614703925363137 -0.0304132466805451 -0.0672674665145817
0.00324706850938087 0.02289276302804 -0.00193274655561221 -0.0769883448329098
-0.0184633042274381 0.0224459772271494 0.0209152792209719 -0.0810092471200592
-0.0347955446832932 -0.00992146470473943 0.0187202595321623 -0.0817416597766628
-0.0274076470159881 -0.0350974596965072 0.00179395334892959 -0.127674933150109
-0.0384232111500788 -0.0628047091557361 0.042922954158059 -0.0835069212528474
-0.0425353191617713 -0.0176600400437603 -0.0155779871136182 -0.00550821530885005
-0.033268903746144 0.01748380925669 0.0449994610464243 0.0425921748524876
-0.0122391739275093 0.0245481229895964 0.0847376526297481 -0.000786744555924788
0.00204717572963569 0.0184937964221785 0.0608535290450377 -0.0666951921151157
0.00808980477792715 0.017925082156217 -0.000344407861078855 -0.0892946820029881
0.0220082151690619 0.00935748497311168 -0.0412448229594989 -0.0660778644462447
0.026549733917577 0.0074519392383655 -0.0490701799866079 -0.0440747166396453
0.0267218430566946 0.0150898113612509 -0.0544495392529359 -0.0392742693189231
0.0138614773777211 0.0299444789315336 -0.0496935825230297 -0.0489899434280223
-0.000728075831669369 0.035054557565829 -0.0347325797679392 -0.0591029342487378
-0.0341344839512321 0.0391361951881469 -0.00819050738955635 -0.0686476838431491
-0.0581156294609151 0.00777939718667532 0.0131589155288673 -0.0738881288873492
-0.0527538492202149 -0.0509576544179391 0.00338647299742832 -0.0686634416213189
-0.0286221718804611 -0.089216557043133 -0.0116657274166691 -0.103460162425225
-0.0347727147607304 -0.103221433249673 0.0520964092814622 -0.0486772532649872
-0.0613784600949546 -0.0596102885551035 -0.0121515709346488 0.0131119092853474
-0.0769240949294909 0.000902984688944159 0.0492572511706125 0.0588021148757515
-0.0523550658396998 0.0452408253260827 0.0964473659063597 0.0121940985427364
-0.00945385939061978 0.0504836770789142 0.0700017464064535 -0.0590868011673071
0.0137229830628339 0.0447202648839398 0.00987441527735677 -0.0822446632499286
0.0400775818222452 0.0317494499864284 -0.0320824450831221 -0.0585731736748539
0.0471113428686178 0.0245609293672634 -0.0377204293309788 -0.035658008841284
0.0454987653291303 0.0319434507289364 -0.0434028696396058 -0.0264686352499462
0.0220144186288214 0.0521662689611731 -0.0447466413390046 -0.0325324814426824
-0.00464419914301608 0.0595610572059508 -0.0407549619141831 -0.0410933557360173
-0.0590077168361059 0.0601686570676538 -0.019643607288712 -0.0568085060053971
-0.0903781560197265 0.00633528710489235 0.00281922917002179 -0.0663505150266733
-0.0718469075089832 -0.0753447249067569 -0.0067511027014016 -0.0516861294895256
-0.0316891552129374 -0.127071904425703 -0.02259928306111 -0.0653022821918669
-0.0230737186275675 -0.128185816657867 0.0513564807732669 -0.00366487909138003
-0.0657743227150983 -0.0984467404007297 -0.0131444067749362 0.0387869016928294
-0.109492597961961 -0.0238215285758293 0.0449301877817741 0.0791712460467328
-0.0917160286548527 0.0535582029988598 0.0986178185925911 0.032482157576215
-0.0255792664238104 0.0759669655560964 0.0743071210014709 -0.0405760723056172
0.0143962979042623 0.0671543794926724 0.0218225965686819 -0.0636348207479479
0.0506874713760541 0.0512440589103947 -0.017281716185166 -0.0426168876188813
0.06066748106053 0.0384013161256203 -0.0202235847590266 -0.0212812632071551
0.0592562766330145 0.042177639818492 -0.0266370153293927 -0.00960433620072182
0.0301571729583857 0.0646729012348826 -0.0339584554610144 -0.0107846348129678
-0.00315541177082147 0.0742904856005132 -0.0426096207586013 -0.0175704134123371
-0.0697369492763142 0.0762479236336985 -0.0301126462582458 -0.0396230287487085
-0.108029878835378 0.0102394681703021 -0.00688547764024101 -0.0573085675260182
-0.0832837349286841 -0.0846289938713947 -0.00757575110116145 -0.0342687847957974
-0.0321369427944532 -0.144278908170963 -0.0276957674818349 -0.0212501729697987
-0.00778030801822967 -0.132988045309779 0.0409900745026667 0.0477630721070431
-0.0548194019030044 -0.120885812549443 -0.0161395866850278 0.0684368912328383
-0.118904422958588 -0.0497077035543998 0.0317656803177732 0.0948036550743201
-0.115759119919521 0.0456648561315009 0.0864419707096095 0.0536879663174037
-0.0411084444026824 0.0861364168669271 0.0697452499229398 -0.0134339346488835
0.0103994200639198 0.0786510810877782 0.0315918566853415 -0.0350791330507226
0.0529694688409907 0.0625060102976259 0.000111876716968039 -0.0211076405192328
0.0649691550111982 0.0454354495777277 -0.000345830568356767 -0.00421178217400067
0.0639612339011584 0.0464315966814619 -0.00665673207901258 0.00893479877812053
0.0342055487852024 0.0667764550175725 -0.0188179101219209 0.0116557348179841
-0.00163886513498174 0.0774143726583199 -0.0395711696127586 0.00643563891749819
-0.0702621141353299 0.0780191973828991 -0.03660819517645 -0.0209473987897706
-0.108789172060078 0.0105256294865381 -0.0139045893114295 -0.0460233314784135
-0.0795163082014307 -0.0835468897247113 -0.00306507660955774 -0.0193785314257709
-0.0261001916672282 -0.14112473337109 -0.0276593385481231 0.0214386548967645
0.00612228696893223 -0.112592213711565 0.0245568164084061 0.0945190808933314
-0.0315931372391979 -0.117672037803634 -0.0211144079245657 0.0932361208411831
-0.101036430737778 -0.0645701851367179 0.0129157146233169 0.100900010978483
-0.114741925978175 0.026613153588871 0.0635154854621095 0.0685221334312645
-0.0481458744565295 0.0770166684373608 0.057121565047288 0.0151317021961559
0.00459146318618911 0.0743800782664637 0.0377432116537358 -0.00230914349775904
0.047189281928794 0.0613438225555428 0.017411857088277 0.00289863423773296
0.0599929209013637 0.0456908093058121 0.0188759200878798 0.0131274532620773
0.0596589323730661 0.0450006169677174 0.0123368798776688 0.0259272881425822
0.0322614856763166 0.062189916811916 -0.00526619043631284 0.031648193676429
-0.00240255709977656 0.070136284573609 -0.035140626725868 0.0282413726104923
-0.0663445264216596 0.0662870468523775 -0.0400736673969705 -0.0050297097285363
-0.0961790603691785 0.00216174454218726 -0.0191945996369894 -0.03509700335222
-0.0613965806875344 -0.0778186351912532 0.00172562076956922 -0.00831991582690082
-0.0122738956567574 -0.119979051512168 -0.0269016770254145 0.0566660550512447
0.0158750902953385 -0.0723360690564728 0.00644934361688169 0.127134750461696
-0.00714533193966969 -0.0888896019262828 -0.0245467304862066 0.10794449548349
-0.0658311305127549 -0.0603658674409529 -0.00527905528341535 0.0971834223875214
-0.0891358345165985 0.00724651910193944 0.0371044577565739 0.0749766201060802
-0.0419906682285124 0.0550738767923635 0.041308552722124 0.0386397508748387
0.000209976316650523 0.0564139674872704 0.0396304003068175 0.027160517035878
0.0342490750445923 0.0492725433500677 0.0330611140120609 0.0238786756694833
0.0458909489003773 0.0385767609863818 0.0348476190336392 0.02803700693277
0.0463144590178352 0.0383623347036767 0.0282595232397027 0.0408721875466373
0.0253706776570308 0.051611906480484 0.00538761432948508 0.0493252212664735
-0.0056614777660755 0.057018015442432 -0.0329229908005327 0.0456561737220279
-0.0590132435615898 0.0467976077312484 -0.0446739916011472 0.00677329402896065
-0.0738175863435859 -0.00951021882997182 -0.0245644233706313 -0.026661437922521
-0.0348504805766074 -0.0665218823476636 0.00429307732871191 -0.00112195991942729
0.00637936267243546 -0.0846535609523223 -0.027509693196968 0.0813252404206541
0.0216206028487642 -0.0187217030101977 -0.00635500117049549 0.14028790808939
0.0141829927517458 -0.0435574274816865 -0.0231248276212055 0.110101430987712
-0.0235567425426034 -0.039566538634882 -0.018124222239073 0.0867856575815631
-0.0479219174269676 -0.00631916322166824 0.0163756732096676 0.0746466088116808
-0.0261481059685307 0.0264735950435718 0.0298876994418901 0.0539596149842476
-0.00170970514755315 0.0295387012612532 0.0412587684431989 0.0461766730297743
0.0168123899560394 0.0290518805717956 0.0445649887898523 0.0376193458153485
0.0253948900413517 0.0257603242224002 0.0445966751418934 0.0381374735570332
0.0270050050772936 0.0265301873131485 0.0383521004558042 0.0527411544879177
0.0150749211673211 0.0355957280779958 0.00981267829843622 0.0633941712069302
-0.00844361283156262 0.0382211143224776 -0.0358908584448705 0.0586747133461384
-0.0449703261608628 0.0237778468552673 -0.0529174958011604 0.0136245505404102
-0.0445053003046646 -0.0187194855394717 -0.0325875027282896 -0.0228207818157423
-0.00634709672885674 -0.0479366959276796 0.00437103621711396 0.00142089851019835
0.0236207255410538 -0.0394744316243204 -0.0315598176583134 0.0937476415451195
-0.0351791384965188 -0.0142353643463225 0.0251367628078557 -0.108453292114847
-0.0159264006730527 0.0193913459915269 -0.0238020088836814 -0.0142157508660898
0.0122923715258171 0.0252165196353225 0.0388898291335403 0.0328120593684118
0.0220418793450323 -0.00160947699437993 0.0724537810835779 -0.00746271834956226
0.00749726151254753 -0.0129824773374468 0.0518624921846389 -0.0689065867265004
-0.0020089515795534 -0.00785078912072996 -0.00930165155562138 -0.0888228579352405
-0.00133421002804095 -0.0119613119778333 -0.0478057581552266 -0.0671120804238104
0.00151902871334005 -0.0113048352721544 -0.0581971043834892 -0.0464279484117194
0.00548875458244499 -0.00721592141761952 -0.061653950348908 -0.0436311814033395
0.00934324473622966 -0.00010790470264374 -0.0556107780302328 -0.0560609417012231
0.0129207896624449 0.00553910490647504 -0.0353691116275148 -0.069286951383537
0.00507386003102043 0.0238481109677069 -0.00558813317495194 -0.0812579226586002
-0.0182367074778464 0.0241832441861474 0.0191855255254528 -0.0855912217086223
-0.0375268737523672 -0.00913301384074426 0.0179722379899596 -0.0853530588934705
-0.0303960859284852 -0.0356191109809466 -0.00389386016738778 -0.133926016236844
-0.0436663633289451 -0.0632298269267229 0.0420327891688679 -0.0897950361175015
-0.0457057929354802 -0.0163819493846901 -0.0173552640046904 -0.00485111724005912
-0.0334200819062464 0.0208387710564767 0.0485659529015161 0.0425646853796587
-0.010921223569519 0.0265578534747214 0.0885346069584514 -0.00398557291058798
0.00315438092283352 0.0187839319648165 0.0612267928252611 -0.0720437422478898
0.00942031897888392 0.0183549444859924 -0.00404554439647818 -0.0926934484013042
0.0234730489782795 0.00858201569167198 -0.0453180362192602 -0.066992684043554
0.0279327190593051 0.00591239659507579 -0.0529887076775433 -0.0441742117875468
0.0288981402485562 0.0143619122973658 -0.0577252020452757 -0.0381465347244383
0.0163345595726106 0.0304826921462397 -0.0543459107877085 -0.0488756253390794
0.00113101255451961 0.0362671064776413 -0.0392220939849879 -0.0602980176716201
-0.0338353613454102 0.0428012558435715 -0.0114130987325321 -0.0732806702009748
-0.060363800022203 0.0107529531779058 0.0111925491477271 -0.0778667634204742
-0.0577142838813798 -0.0511459210835607 0.00205502881898464 -0.071421131403388
-0.0342409920869062 -0.0920711726116406 -0.0160566916880741 -0.107858619971104
-0.0416634973559411 -0.106034978822338 0.0529724351635278 -0.0535647452692275
-0.0669809878886137 -0.0596111360528719 -0.0133342092333907 0.0142536156806417
-0.0801541086244486 0.00572402601817992 0.0542687895858144 0.0603448637858042
-0.0524070230491808 0.0499087273835245 0.101581783578455 0.00927006360170344
-0.00703718699497372 0.0534430063425423 0.0714730608167383 -0.0648616858305589
0.0167346122332729 0.0460585645492516 0.00674309744152043 -0.0858459361409559
0.0429820951646564 0.0309107081053813 -0.0352094725353403 -0.0593730804539738
0.0497900817535633 0.0222272680132717 -0.0408178987795374 -0.0353971746725616
0.049133607827102 0.0308100723280604 -0.0464247585613713 -0.0249514375662607
0.0257274980128384 0.0532390414244773 -0.0484000307406999 -0.0312987168016311
-0.00208911651517793 0.0620226146076783 -0.044707021609421 -0.0417193382307148
-0.057833790162792 0.0662011033094443 -0.0236257680643339 -0.0598842586474369
-0.0939167012679497 0.0106918553665654 0.000297758745198769 -0.0700770454602293
-0.0790591271003682 -0.0756749879791759 -0.00777568427103054 -0.0536879567770927
-0.0397236003440158 -0.131120345931004 -0.0260919310525562 -0.0673343057535606
-0.0303037626891793 -0.132892947599629 0.0539806790590042 -0.00630704387041801
-0.0733908277954346 -0.0998411106449412 -0.0125602094799166 0.0411360823341925
-0.115518796893467 -0.0190722696295138 0.0502419815755133 0.080717274802109
-0.0926273383734749 0.0606830551719122 0.104322383771161 0.0302518777953681
-0.0226922105927226 0.0810615427499004 0.0763788890549074 -0.0456961031121935
0.0183816936683678 0.0693068228293617 0.0198057972695149 -0.0677090765653828
0.0551330575056041 0.0499830510963628 -0.0191184597101726 -0.0436883589436945
0.0649588683545855 0.0355969927633842 -0.0218525713314971 -0.0219235371238808
0.0637732380464298 0.0404248708521954 -0.0279025932278053 -0.00892781153573945
0.0347723879525896 0.0656003301774303 -0.0366004836764857 -0.00957387516194148
0.000413918995375853 0.077329839575511 -0.045464965712687 -0.0171930325155217
-0.068072400086497 0.0831847687603142 -0.0341058846008533 -0.0417618512130762
-0.112474211265246 0.0160525872512037 -0.00980017411205186 -0.0599367349697189
-0.0907318646652955 -0.0846948538666212 -0.00807205504394332 -0.0354729157828753
-0.0412131914945594 -0.149143114885096 -0.0293065263599461 -0.0200924986226772
-0.014248383301097 -0.138143295647834 0.0453798296997514 0.0481787002029803
-0.0626167922338158 -0.123742591863486 -0.0143067535638242 0.0716534511275192
-0.126723234909388 -0.0457889082274176 0.0366159672090048 0.097905742122691
-0.11847668509942 0.0533716892737555 0.0927664092124131 0.052535029584785
-0.0386579500767822 0.0919595745414261 0.073205248626247 -0.0166500124599533
0.0145944651710643 0.0812381003333112 0.031502727811652 -0.0383183197330922
0.058024603056683 0.0614047043855513 -8.19983600704169E-06 -0.0218530088476783
0.070248227359624 0.0431036662572418 -0.000558417470282661 -0.00498779890205839
0.0693626429957013 0.0444669142052519 -0.00647623084765475 0.00925840538135684
0.0389230932342544 0.068119096503858 -0.0200542055433286 0.0130024201824216
0.00235786323008147 0.0805630825356028 -0.0412493910953528 0.00814450170072135
-0.0690792565732643 0.0857654760964997 -0.0392346972239654 -0.0218873683619579
-0.113115083838134 0.0161241138667687 -0.0167011246779606 -0.0481285009689051
-0.0866744152650384 -0.0839088094715644 -0.00330745788845323 -0.0203400853553486
-0.0344575664713409 -0.14567893524504 -0.0276859444433285 0.0240563703985893
0.00136934861626587 -0.117958526729938 0.0297348076070689 0.0977434206344778
-0.038599672872581 -0.121886975981819 -0.0183060505403205 0.09763121172773
-0.10871532898591 -0.0623066425759257 0.017006520048979 0.10513172233882
-0.118360819562092 0.0333880540941581 0.0685935795068437 0.0694537401014993
-0.0467668158600522 0.0832648492835673 0.0606844665277091 0.0140262543851764
0.00830523077736312 0.0776258776630189 0.0390715521426967 -0.00444191246096624
0.0518325352296911 0.0611562850330806 0.0191611029689748 0.00181501189783032
0.0647221667201994 0.0438175079090403 0.0200184566044511 0.0125047562690962
0.0645700774049402 0.043140971208297 0.0137443377797145 0.0260459740511482
0.0368894053740168 0.0628762628122542 -0.00440696100713333 0.0329868061778608
0.000576266405542372 0.0734417651724754 -0.0352956335815124 0.0301546173936504
-0.065767721305295 0.0727135847344359 -0.0427427529964977 -0.0044987377049343
-0.0994670350776969 0.0072061088993182 -0.0219079912227301 -0.0370540188530414
-0.0673803867260054 -0.0784523274233422 0.0022344199362354 -0.00914161097798365
-0.0186200514021106 -0.124217925975845 -0.0252531994975064 0.0607916748915206
0.0129470243912811 -0.0763618506760519 0.0122571187993682 0.133049617875406
-0.0110650660412621 -0.0925597623960212 -0.0214638750758593 0.112988478489548
-0.0714873561001357 -0.0600330672124167 -0.00228916079378471 0.102017189278192
-0.0925455721536742 0.0118386659873287 0.0413612488960864 0.0770799409379407
-0.041509376438589 0.0594523301705967 0.0447576833146013 0.0391732363746436
0.00261746474624005 0.0589820478903875 0.0424907696967347 0.0263329721123358
0.0379233780304522 0.0491323426346197 0.0360948227478647 0.0231768193562693
0.0501268068949775 0.0372149980698067 0.0370360540757602 0.0273600315535298
0.0504823418343143 0.0367985206573353 0.0308833830491132 0.0410868815739642
0.0291085575303884 0.0524052267210927 0.00696307208077002 0.0506356867488087
-0.00330547810360028 0.0594153762600581 -0.0330086324859801 0.0482949766132421
-0.0586819885914617 0.0517623720743329 -0.0470129572546469 0.0080577654758491
-0.0770849228059334 -0.00624116327728175 -0.0274569684232826 -0.0277251324328405
-0.0388234525642132 -0.0679724576686388 0.00470636564602478 -0.00194622155085946
0.00250704843765154 -0.0879767580862515 -0.025228832285527 0.0868983660524357
0.0215184588107729 -0.0205045978283932 -0.000639703991972899 0.147230816747384
0.0130040844459616 -0.0461009212484386 -0.0200074711331889 0.114695078790645
-0.0268271239285441 -0.0409637084633498 -0.0160114461793952 0.0916454069337392
-0.0500182024487403 -0.00442207762382289 0.0196434800367863 0.0775224392848584
-0.0264620110505192 0.028890181736077 0.0338888190779626 0.0554655781452479
-0.00121343253175032 0.0304549647361947 0.045699599386919 0.0464284957292306
0.0189425180438099 0.0293875555788186 0.0483796653068723 0.0371375984165213
0.028127023663194 0.0252317937825011 0.0483766707683504 0.0380248198193992
0.0296944001090638 0.026399660846163 0.0420041614324845 0.052544141193746
0.0174494326736207 0.0361943413135412 0.0122999343154419 0.0653632071546849
-0.00687435445263115 0.040845824044014 -0.0349043335897519 0.0622017572811333
-0.0457204142507303 0.0272497100679243 -0.0549072955084067 0.0157945184943149
-0.04731797537531 -0.0172009635210185 -0.0350100200803614 -0.023294574483152
-0.00822806048138088 -0.0497971145303568 0.0045075846663983 0.000552202026818938
0.0232948917279868 -0.0420080137741 -0.0280683069552455 0.0998570560186633
-0.0375458561716747 -0.0116998220108236 0.0179512553445235 -0.112352297478905
-0.0153395123096712 0.0210773521057445 -0.0257121253295705 -0.0130294465104802
0.0149823675881177 0.024943666721936 0.0412838541213026 0.0308442791768147
0.0229828818492326 -0.00294300384272869 0.0732792853057035 -0.0120825532490088
0.00679762889112642 -0.0140644642695749 0.0491255084193328 -0.0733490511888667
-0.00179498572950819 -0.00791164511609889 -0.0150578616202172 -0.0889714480115164
-0.00247477012441894 -0.0116346572703223 -0.0527581453260434 -0.0642011620510097
0.000379878112466403 -0.0119669088859862 -0.0624059092675292 -0.0429541397748283
0.00504549094509963 -0.00767649792649154 -0.0654965368950813 -0.0395344000653644
0.00965516662569678 -0.000891212593442238 -0.0606699478121673 -0.0530383404668749
0.0133630186227579 0.00480540615990127 -0.0408706130556658 -0.0684147030894597
0.00672726997665016 0.023997287138064 -0.011186118941492 -0.0826293518719531
-0.0169235322647654 0.0257350671029282 0.0143154997430248 -0.088229457141908
-0.0393841884672355 -0.00706470883212884 0.0142811487550199 -0.0878693950846951
-0.033942875561199 -0.0340859827975524 -0.0123754256424213 -0.136565407295211
-0.0492732413444572 -0.061153194301664 0.0366287769059355 -0.09447400538035
-0.0477654106027627 -0.0136166666282071 -0.0185523224400579 -0.00365351528087191
-0.0318390216391807 0.023984562141283 0.0523615595337871 0.0403907831120363
-0.0086683051286899 0.0281352461755514 0.0899703536600235 -0.00954844463212166
0.0054185763512798 0.0191588049069083 0.0579795428677779 -0.0782591353159895
0.0115252718823478 0.0176804474314731 -0.0103824412694854 -0.0934341092537132
0.0239626652283812 0.00701846652270178 -0.0501435133792186 -0.0648465507041649
0.0283585044288897 0.00332082957379068 -0.0570737321818556 -0.0410940416732237
0.0301452911214975 0.0118042403881636 -0.0616061975103161 -0.0344321181890314
0.0186648822516243 0.0296074628957114 -0.058924202541268 -0.0452975190933252
0.0038099890314577 0.0364295520588484 -0.044779615679849 -0.0592249714220583
-0.0299696969359559 0.0457520576181989 -0.0170162745904502 -0.0741119561059786
-0.0605924971863847 0.0150394994831674 0.00656033848662286 -0.0802397756800457
-0.0626564186533241 -0.0480502853015463 -0.000745824736835967 -0.0721955190097182
-0.041605221181556 -0.090922807440826 -0.0234452318489808 -0.108838161637292
-0.0504294692788641 -0.104862660350302 0.0504519403972516 -0.0588879093196855
-0.0723650169030495 -0.0558361992608641 -0.0128908173443023 0.0152546718727697
-0.0804840944444176 0.0122356196227679 0.058554456429982 0.0570735842234571
-0.048806088008519 0.0553043679951476 0.104267439006364 0.00251817720381817
-0.00282237867704334 0.0547528670751485 0.0690597344118864 -0.0711789699979445
0.0208596811508624 0.0454905159650263 0.000877016386768158 -0.0876232991277048
0.0454224486855133 0.0280138141266686 -0.0391977685589907 -0.0580808574983206
0.0521537721108438 0.0180566685575038 -0.0434722328651337 -0.0334099123169002
0.0519683751823112 0.0268386488019215 -0.0483573633157028 -0.0219579851414171
0.0299228864764678 0.0521092096153683 -0.0520046715680849 -0.0283966646816457
0.00256374598864895 0.0631111953102315 -0.0489380246476097 -0.0395330925842082
-0.0530551491321492 0.0717160518900277 -0.0284751775542388 -0.0605947759145792
-0.0949072468217988 0.0179267384007735 -0.00428342251522008 -0.0719244282129244
-0.085888880932557 -0.0713409348117987 -0.0100443118465237 -0.0539269689917975
-0.0501970850747795 -0.130020641544034 -0.0305535267311141 -0.0670731137984244
-0.0405461692160098 -0.133405312874237 0.0552841575048947 -0.0107901647933692
-0.0814103490393302 -0.0965552196995989 -0.010951005242424 0.0422822380756627
-0.118594520109321 -0.0104822336870845 0.0559740688543786 0.0787069196666442
-0.0892859807675581 0.0693751239517713 0.10885821637697 0.023794817213967
-0.0164454192759388 0.0838017373632547 0.0754870020261556 -0.0518566001710864
0.024362944585467 0.0692204640027379 0.0152558010356805 -0.0698480626801289
0.0593893325724436 0.0468638274341028 -0.0217772777453917 -0.0429965582907809
0.0683914321639635 0.0303853716921108 -0.0237165779253359 -0.0205078244917383
0.0676159932972587 0.0356857646974424 -0.0289893703762708 -0.00675213091245037
0.0401635691567651 0.0641160338668899 -0.0379501581390152 -0.00723628345483804
0.00596899580601618 0.0791652304297846 -0.0482580912854643 -0.0148401528644742
-0.0621827531548016 0.0898651190177237 -0.0378004353714023 -0.041266886529388
-0.113112853866719 0.0246426377606963 -0.0138363656461987 -0.061280578704518
-0.0984458818614251 -0.0799672174827807 -0.0097613501327201 -0.035462949686162
-0.052857145868967 -0.148418715533997 -0.0305889731611066 -0.0186712955575653
-0.024577869354525 -0.139322960010007 0.049667267333404 0.0452782102945562
-0.0721605243961265 -0.121903647529407 -0.0104565225349508 0.0732397088717633
-0.13199289623798 -0.0368737730008445 0.0429694999207428 0.0969244695419694
-0.116485093139065 0.0639469089699436 0.0977752780890135 0.0478680439248207
-0.0322975635467426 0.0966793198077778 0.0734191423528952 -0.0218742967004672
0.0206441211387262 0.0815031513400116 0.029201282589338 -0.0408991031691474
0.0630386480495792 0.0581418857816151 -0.000617244085687524 -0.0225404545987091
0.0740660884893036 0.037511736368483 -0.0010076836047728 -0.0047782034638064
0.0729269100189003 0.0391369760414758 -0.00615853887619843 0.0100924894278436
0.0446465601894058 0.0662511824204046 -0.0200670336064882 0.0140435108790434
0.00866408234052497 0.0819157378079577 -0.0418620604253719 0.0102094878201324
-0.063163048903767 0.0923879182618935 -0.0424267457372768 -0.0208595064124068
-0.113544811043041 0.025111135836648 -0.020461103996796 -0.0491271645064329
-0.0940975951634469 -0.0793078448093951 -0.00404825443621545 -0.020603778367004
-0.0458113439275651 -0.144878099191678 -0.0252691404116872 0.0268114400996454
-0.00724265850195126 -0.120027329206957 0.0374662212911195 0.097684577830254
-0.0478107478703064 -0.121420088899712 -0.0122250556063207 0.0993890686679204
-0.115050431393106 -0.0551924224139117 0.0234297579027083 0.106384381994554
-0.117876361404675 0.0426538930125238 0.0736109637189923 0.0666294396617406
-0.0414057664621077 0.0880981477415206 0.0636703661157385 0.0101788346608966
0.0137576307264988 0.0782174557358264 0.0390729725497464 -0.007298120186324
0.0569193285034603 0.0580282569486368 0.0202466722168931 0.000293321072737671
0.0685288411776193 0.0384449431341808 0.0213583157380936 0.0114537196003383
0.068375979893823 0.0384212506561302 0.0155011066638893 0.0248336507418383
0.0417251793623517 0.0613035445328282 -0.0030574545682314 0.0334676294375784
0.00603957082345083 0.0748958767672789 -0.0342569520495459 0.0327545350436752
-0.0606922319193587 0.0790052790147914 -0.044592659270333 -0.00331391953000331
-0.100469070617452 0.0143138310877875 -0.0251603404906446 -0.0366887244028979
-0.0736442556545136 -0.074748456221764 0.00204609451316665 -0.00977043088906162
-0.0278990600456177 -0.124229018753282 -0.0206814793683151 0.0636332597193023
0.00773016055738475 -0.078302536027754 0.0214535389872125 0.135360737607401
-0.0183009313804147 -0.0933738998077154 -0.0145770087557858 0.115409975642998
-0.0769701893219366 -0.0553857631675716 0.00382278110521252 0.103975817031007
-0.0935118134379807 0.0186254687776622 0.0461012437688783 0.0759245136951911
-0.0380631126127027 0.0635099818492601 0.0487601614488617 0.0369499913151995
0.00654896893442702 0.0599757886427526 0.0450645046926739 0.0237834450078116
0.0419185506506598 0.0472985233495059 0.0385259866202549 0.0207402815901741
0.0536226243875908 0.0334800675960192 0.0395073699144747 0.0251010915597518
0.0537607359393004 0.0332250595455662 0.0336970518323107 0.0391698492491633
0.0334749622468639 0.0506254563013823 0.01008389239556 0.050374696823076
0.000903529970971997 0.0608775305219374 -0.030660329063195 0.0513376939021367
-0.0555852564908775 0.0570127889101953 -0.047982005123083 0.0102765293568175
-0.0784267876983053 -0.0011459042780989 -0.0303967484727774 -0.0270855417190252
-0.043983818426259 -0.0663797625287399 0.00467300672406945 -0.00295959051654466
-0.00362382513750145 -0.089328679407052 -0.0189245613237052 0.0902606862360039
0.0203259969239357 -0.0220315988214125 0.00897093621421152 0.150712129147187
0.00980700360475018 -0.0476464187399366 -0.0132178676742772 0.116975932161621
-0.0301129092732931 -0.0394687288138353 -0.0112399520898554 0.0947133494976961
-0.0515892841696474 -0.00146556239715964 0.0239644272119499 0.0779373425708466
-0.0251601550121449 0.0309308760932984 0.0382083510676478 0.0546422927409921
0.000596462675693868 0.0314181501997096 0.0499465959830863 0.0438817089123405
0.0212675467838824 0.0284434091882186 0.051815069964575 0.0339413113799034
0.0304136598578883 0.0232735752118609 0.0514440189368209 0.0351648588890847
0.0318947561873627 0.023900587841789 0.0458566630954076 0.0505412013672361
0.020900057632759 0.0352520609805863 0.0164243298542694 0.0650458454939929
-0.00430118040788893 0.0419990981574158 -0.0315253425537807 0.0652798878342265
-0.0445190781770223 0.031029975105151 -0.0552818696363568 0.0192063064717258
-0.0489090541898161 -0.0141367444800054 -0.0378418076644493 -0.0217415130330451
-0.0112080757076578 -0.0503881486203513 0.00434742727047011 -0.0005110336714144
0.0206823119783429 -0.0438593792575138 -0.0213810757948297 0.103671364984331
-0.0382995619276482 -0.0084223414004169 0.0109562565700704 -0.111735099829776
-0.0142998831651633 0.0217816215116959 -0.0265271364696893 -0.0105602015535999
0.0166689738383291 0.0236074335510034 0.042168211185711 0.0281635840876822
0.0224584126369414 -0.00477984156296542 0.0719812224473246 -0.0154847191796544
0.00595905138808641 -0.0140899902125877 0.0438309881689946 -0.0749158959822659
-0.00233950739340771 -0.0077173128197832 -0.0201331880563758 -0.0856461481486389
-0.00317588885592816 -0.0111203782943086 -0.0552157592557701 -0.0595321645829614
-0.000660955316934956 -0.0116713601641772 -0.0638756838387157 -0.0380851955173212
0.0043808201632391 -0.00788112372777638 -0.0662711898514076 -0.034660983725713
0.00964624571129604 -0.00145286467659169 -0.0626495764158405 -0.0479392280668516
0.0132434083495132 0.00353449298417377 -0.0449180481941513 -0.0646557861925569
0.00846379334442862 0.0226378702293828 -0.0164340083789527 -0.0803133776800898
-0.0151297989159082 0.0260628473206369 0.00958362703901016 -0.0870986446461826
-0.0398119989129125 -0.00438858998129466 0.0106803320950763 -0.0868446269014533
-0.0354100981530425 -0.0313301363017358 -0.0206258792696054 -0.133024620044523
-0.052428267777026 -0.0559664170030348 0.0305360315706596 -0.0955734915299899
-0.0475410683620003 -0.00981324066322449 -0.0191919945424271 -0.00252223349784191
-0.0292440926163055 0.0260802677952251 0.0533640749488001 0.0363841145365012
-0.00616586662349001 0.028180035461932 0.0878879817652602 -0.0145876783581174
0.00646731158799679 0.0181883543335463 0.0525638760389432 -0.0791503425944787
0.0123026430560759 0.0165244548610489 -0.015511083165136 -0.0901133599638763
0.0235767797174649 0.00533467640594007 -0.0529301064332243 -0.0599929921662907
0.0274120621376801 0.00091339697525059 -0.0581932418047674 -0.036503020945069
0.0299632748130311 0.00910163509063409 -0.062292274455259 -0.0294730481888812
0.0203025148682304 0.0277487257506283 -0.0603971906341761 -0.0403855020710315
0.00614651254518834 0.03554046170389 -0.0478431989172304 -0.055455818678864
-0.0260138864068167 0.0469267623128175 -0.0220921361415032 -0.0723955450342981
-0.0582460709490088 0.0183059635078468 0.00207637682512467 -0.0789969244452011
-0.0650707562220561 -0.0433504922090115 -0.00362362964335864 -0.0704628445803988
-0.0467869322606142 -0.0859083789640428 -0.0287676806956548 -0.105536815715662
-0.0561096877420384 -0.0988322687335063 0.0458308692996713 -0.0617598646613797
-0.0744912734557278 -0.0502939627212361 -0.0125954122902101 0.015725351477324
-0.07753961378213 0.017721851307271 0.060131237788339 0.0525155460179983
-0.0437209963584105 0.0576540177818905 0.102436923857988 -0.00331979958502532
0.00110352467639574 0.0542519783740789 0.0631875333917306 -0.0738321160674681
0.0234202793207501 0.043127817378574 -0.00456976607208327 -0.0859146902420291
0.0462039809923214 0.0244006000723955 -0.041158189853662 -0.0541436062105838
0.0516914185312143 0.013503578200624 -0.0444229455617706 -0.0296357579790889
0.0523340922752998 0.0223699422933726 -0.048799524093795 -0.0187038136935599
0.0329981906369632 0.0487935696835959 -0.0527669595063657 -0.0242333731776004
0.00671581405676282 0.0615144734004652 -0.0506575491060338 -0.0360586280281946
-0.0466281609103506 0.0737629269453604 -0.0324054814477927 -0.0581932187552811
-0.0914215216358162 0.0237054489101832 -0.00800828711097388 -0.0705929200404673
-0.0885112924206916 -0.0648009691899541 -0.0113943974733429 -0.0519448860222494
-0.0574263751992781 -0.123269528583449 -0.0330819590866748 -0.0636463561025072
-0.0479967717865707 -0.1278598115079 0.053643906157596 -0.0141910449188403
-0.0862231952365628 -0.0892164059828631 -0.00833476558823955 0.0420663594244332
-0.116103020155267 -0.00177965727890892 0.0590403558922755 0.0737395116916344
-0.0824734251735045 0.0741122012542707 0.107339883056394 0.0168119682984836
-0.0108844182974318 0.0831230978980303 0.0708943665240945 -0.0549508860120563
0.0278860243350334 0.0659930145166302 0.0106406235323382 -0.0691302772789708
0.0610776614632644 0.041278850387197 -0.023312538734168 -0.0415948239292547
0.0683189683976754 0.0243042651296376 -0.0244742435640712 -0.0190934694011182
0.0680650775305356 0.0295706680268961 -0.0288060231672783 -0.00461276684926926
0.0433335961014464 0.0597970074519208 -0.0381249410646016 -0.00450372789438058
0.0108824721671076 0.0765189914309228 -0.0483816793770953 -0.0116215055970845
-0.053928714197007 0.0921335695137467 -0.0408580037359278 -0.0388048183197905
-0.108913283424585 0.0315312903202363 -0.0170972644665756 -0.0595750273386902
-0.10152619476125 -0.072104215779369 -0.0103960329147293 -0.0346023570083611
-0.061088454639859 -0.140408552978291 -0.029775191281746 -0.0167089416209846
-0.0327322629504145 -0.135075633949338 0.0518442528331505 0.0411285483067456
-0.0782799101466155 -0.115231373804378 -0.00643074893445388 0.0715011208360478
-0.13066926669425 -0.0269212346538784 0.0471570246117924 0.0929787614367802
-0.109503458859686 0.0701773961674425 0.097898052578136 0.0416559148248332
-0.0255355451382439 0.0966604210034836 0.071447700176648 -0.0258895027909635
0.0256129986959102 0.07865765097559 0.0262703377910706 -0.0417442039556929
0.0653158155437176 0.0525259746239865 -0.00144061420068476 -0.02213965292368
0.0740467463440206 0.0307734435188145 -0.00146605592158316 -0.00505917381061183
0.073865248997597 0.0328758804181378 -0.00558410023903164 0.00959308697399721
0.0482560277155566 0.0616431673728722 -0.0195749988078303 0.015156380789953
0.0135520943958149 0.0793707068960854 -0.041086480419607 0.012490409462643
-0.0546036705212287 0.0944034623885008 -0.0439395040690568 -0.0191020694732033
-0.108946713943626 0.0318001439587801 -0.0231293312021313 -0.0475700437526171
-0.0965584878533611 -0.0713055926445525 -0.00438783248989541 -0.020996192915045
-0.0542299937128388 -0.137766079488311 -0.0221878231570125 0.0276214403978357
-0.0145909310041963 -0.117030617405396 0.043017917297478 0.0927385045459767
-0.0541839439193831 -0.115836184197673 -0.00707788917988561 0.0972311575562522
-0.115832182790262 -0.0463305676898491 0.02821646896906 0.102371406590721
-0.113093674182135 0.0493814278255854 0.0757109800877461 0.0613918680209524
-0.0344886996121516 0.0892260896438198 0.0629664039399758 0.00638308063177473
0.018310112317709 0.0758868492977137 0.0377004509146173 -0.00946017986219397
0.0588137385845682 0.0527592782835486 0.0206355015051142 -0.00137633133694369
0.0694696862922505 0.0324845220025904 0.0214043052251381 0.00929864793964203
0.0691569479376948 0.0323411631829924 0.0163397790939835 0.0232913833352253
0.0449650501009408 0.0567183242706595 -0.00159658903565952 0.0325970925852398
0.0105747176164888 0.0727894208130014 -0.0322735407241722 0.0332992786257752
-0.0535181048827772 0.0809325596485114 -0.0450352975621629 -0.000960177830196455
-0.0965594526484431 0.0205589717383271 -0.0272970632271116 -0.0353293832834912
-0.07640743434187 -0.068674219691545 0.00169677596704626 -0.0103140484683397
-0.0351983604229707 -0.118713369624912 -0.0153038652850897 0.0636039002585316
0.00249958481006708 -0.0764799984485796 0.0295355337900085 0.131328551119701
-0.0231979138178693 -0.0900741661223506 -0.00830603212505634 0.112578342500598
-0.0785459206269786 -0.0489095896935157 0.00877610869167078 0.10175942533322
-0.0906330744795911 0.0244773921014768 0.0492188104600473 0.0718347267931842
-0.0335602702791716 0.0650485699332446 0.0496136427162521 0.0336397700157375
0.00992607002313418 0.0585207558419097 0.0455608331974274 0.0203611135937038
0.0438486218257231 0.0436362068976756 0.0396718122366538 0.0176780601689545
0.0540314195123456 0.0285558851786308 0.0402422343560046 0.0220024491372771
0.0545904147145146 0.0280204620518488 0.0348777407494821 0.0359224846126114
0.0358089029290156 0.047240028309427 0.0121119958531757 0.0485485991543627
0.0045223109826475 0.0592030060028895 -0.0270950514717176 0.051595870965957
-0.0502130330684877 0.0591568552463849 -0.0471055362340561 0.0123015391398932
-0.0762527533496716 0.00359954625424287 -0.0316512819417369 -0.0256023051717497
-0.0464332735896977 -0.0624588483164554 0.0042469184059901 -0.00310799862453666
-0.00880597870237941 -0.0866713771445829 -0.0122332656944481 0.0896273532102485
0.0186326143717428 -0.0223358079529098 0.0176481382043055 0.147256611863595
0.00665113260378242 -0.0469546129255604 -0.00678781127061049 0.114170705387917
-0.0319063062262186 -0.0359127704190989 -0.00634907193755596 0.0934604805219929
-0.0512857926722129 0.00225374937608529 0.0278886740500579 0.0754629616553209
-0.0227267857636867 0.0324136903104018 0.0412011847860535 0.0517410980722093
0.00247134291135367 0.0310092099859679 0.051701425192004 0.0400454148562975
0.0223422411296786 0.0264735427713591 0.0532691243121209 0.0300639921494889
0.0313465159209409 0.0202477008690334 0.0524778328902927 0.0312579935569419
0.0327865183651496 0.0213258654808515 0.0475360225782498 0.0462693336523218
0.0225802696186409 0.0329696851266655 0.0190764280979072 0.0620388483781309
-0.0013735096450066 0.0414794960394621 -0.0272836429047162 0.0653675167531869
-0.0411839178192578 0.0334965896797512 -0.053848296435859 0.0211336544466644
-0.0484286483293559 -0.0111098853092154 -0.0387174841919389 -0.0197646865271142
-0.0137584520057247 -0.0488078585694705 0.0037879842970591 -0.0014873227099017
0.0173457467874408 -0.0436745294123823 -0.0135831375007197 0.103206535922228
-0.03839705069825 -0.00407439700303737 -0.0112300092607709 -0.108774646842802
-0.0108226178679777 0.0231467660149464 -0.0289130638345923 -0.00426385720722485
0.019855700803937 0.0191590358179866 0.0452294104696913 0.0222676052807579
0.0207784519009146 -0.00939590772572322 0.0688234667996349 -0.0261457783472323
0.00204850904473184 -0.0157283188031608 0.0310971129555822 -0.0797635579363646
-0.00388837399734988 -0.00670648550561164 -0.0322096821343655 -0.0790126539109091
-0.00523942171728533 -0.00935918217506767 -0.0624992765579031 -0.0496208833351289
-0.00288879671377884 -0.010618301316505 -0.0666524069862448 -0.0263999309175911
0.00273529612538078 -0.00784884643824848 -0.0695991824275324 -0.0224299660262479
0.0082964552315335 -0.00319470323436227 -0.0686223592471027 -0.0350992268429325
0.0123206853503524 0.00140448808320299 -0.054153682405045 -0.0544910913841777
0.0112923215089773 0.0193938261238978 -0.0289792636367205 -0.07414370006766
-0.0111676593831592 0.025427254177129 -0.00532473874933841 -0.0845879752448835
-0.0379994133611802 0.000539978936061349 -0.0021150885627824 -0.0844633755401598
-0.0382840381862103 -0.0267179598767744 -0.0379136260146043 -0.123939528008863
-0.0574991110167799 -0.0473540673892663 0.00997782062342903 -0.0992341970651129
-0.046323591216377 -0.00211022026847286 -0.0213905521700806 0.000718769003119868
-0.0221089735198269 0.0276328997513646 0.054192387941363 0.0281286997641932
-0.000482511552544244 0.0250041891629306 0.0816401499101108 -0.0260960132680183
0.00709139887099564 0.0143546064527881 0.0381442588493099 -0.0833920239089288
0.0133000398650072 0.0139150912119634 -0.0284081094609157 -0.0834590646517769
0.0222802575411958 0.00201139096039615 -0.0590858142254582 -0.0495639594540537
0.0250663211467688 -0.00261817407229352 -0.0609769348147482 -0.0255391866986999
0.0292766681841605 0.00477207755221746 -0.0648587553067876 -0.0183789765617152
0.0228766398904161 0.0233532058904653 -0.0660297229579038 -0.0280745801710975
0.00949455870306147 0.0323978616028801 -0.0554783466397864 -0.0457943088677539
-0.0180054513066013 0.0474125674248881 -0.032628520717751 -0.0664683877027817
-0.0522029924700377 0.0239941445507654 -0.0108335278823167 -0.0771883986937317
-0.0674662280743524 -0.0327878578904861 -0.0124441526250964 -0.0670581826662942
-0.0568334931775883 -0.0772628466863298 -0.041670234396312 -0.0966082344209069
-0.0651482557728999 -0.0868748046502856 0.0306749823234348 -0.0719707524582986
-0.0767656602754533 -0.0362526679241893 -0.012723163903754 0.0147956090239098
-0.067441115076201 0.0269062864416634 0.0596472223071401 0.0413275763619155
-0.0303386667883755 0.0583147814079406 0.0937371470518109 -0.0170437093831627
0.00748238083634263 0.0484763422242282 0.0486832529032482 -0.0778398521330788
0.0270211503652389 0.037499199217651 -0.0167491513660328 -0.0795011189480125
0.0460266741574174 0.0161979784576623 -0.0464843487046167 -0.0443205113411177
0.0497526227352678 0.005853293898316 -0.0467012978553226 -0.0213528018959653
0.0522377247551417 0.0138271955752112 -0.0509893212049326 -0.00959879606075121
0.0378436215719239 0.042250489673323 -0.0567295099559699 -0.0141351114223143
0.0130562870534924 0.0569155513249514 -0.0557183195112319 -0.02670071023271
-0.0341205854510475 0.0755785221056341 -0.0408034855079855 -0.0521924979712999
-0.0827337585909942 0.0332680716831665 -0.0207764094241609 -0.0674004018042589
-0.0926111010470244 -0.0491277419649456 -0.0162391523183437 -0.0487843570707541
-0.0712804188088021 -0.111033610344314 -0.0390983470477178 -0.056401861997971
-0.0610875868127034 -0.114222261733248 0.0463172622758769 -0.0297589561079398
-0.0926374749345082 -0.0709137402653282 -0.00512191961941954 0.0372040387609348
-0.105848218820886 0.0142899096143879 0.0597711159425579 0.0595799605578165
-0.0633375427023202 0.0800838305009166 0.0983811024254687 0.00114742222966993
0.00143251180283548 0.0776679838330213 0.0581790836214821 -0.0590779666753243
0.0349519642113544 0.0586757120918436 0.00062003649221531 -0.0649449905897311
0.0623175584186831 0.0298299873919318 -0.0266784639676876 -0.0338795508432522
0.0666849107455609 0.0135531501261722 -0.0258074873552613 -0.0137402835159272
0.0682717779668045 0.0183348979658212 -0.0297994559840156 0.000389395710260443
0.0496420298203803 0.050928022159468 -0.0395930210937637 0.00278294299305192
0.0192103653252181 0.0713845166581497 -0.0491389660942914 -0.00413039823948285
-0.0383082308346932 0.0949007891151486 -0.0461139128625805 -0.0333761289043305
-0.0979064527572709 0.0427602905261197 -0.0279018101169775 -0.0562498962854368
-0.105542024678127 -0.0540647920946357 -0.0121207910752278 -0.0325419460156563
-0.0769191672933088 -0.12634754626236 -0.0286125700333113 -0.0118460636529042
-0.0463975375872287 -0.122151198469109 0.0551379645309635 0.0229102578770982
-0.0884697451856501 -0.0958137933064138 0.00228139673443296 0.0639105477803135
-0.1227919537551 -0.00662997221459387 0.050710720307161 0.0772704702020201
-0.088945421179608 0.0805039503429178 0.0914260950131969 0.0253200322257111
-0.00979031116777619 0.0925416432293189 0.0617075452130956 -0.0299231194710217
0.0343110225541676 0.0707158751760542 0.0197156177752164 -0.0405696421678936
0.0681518175393515 0.0393481805988081 -0.0025011138484681 -0.0179427247456511
0.0737496353358457 0.0189344273540832 -0.00173759292657417 -0.00411900049597328
0.0743182222877234 0.0202218884370999 -0.00555652797123416 0.010593529185697
0.0546856209258169 0.0522356108586687 -0.018625143588046 0.018193656811106
0.0216047036439042 0.0738671225653234 -0.0379965943262053 0.0184463317062893
-0.0390132574615804 0.0972977280673734 -0.0461004351975448 -0.0132464169421216
-0.0979756452548886 0.0428862399647256 -0.0321377911443201 -0.0432374269950166
-0.101287199576884 -0.0543990458857705 -0.00459427994335102 -0.0200451448979734
-0.0695600033532057 -0.123842325427972 -0.0145613136883291 0.0289936830517244
-0.0265489377028809 -0.106957134627781 0.0560270405541269 0.0748854744388374
-0.0651709141351137 -0.0998167609503307 0.00711635959944987 0.0884306673157649
-0.111707903097118 -0.0256654964458996 0.0357577862829602 0.0884084347453301
-0.0947863344776256 0.0625988352693825 0.0736525034714842 0.0465804250828456
-0.0193128630124157 0.0870718354408651 0.0584871415956327 0.00162303272778235
0.0275026761846037 0.0691932764754261 0.0359478780248535 -0.0114406598686247
0.0627650720820237 0.0407256535210033 0.0217126315039308 -0.00115159486269494
0.0692766268726524 0.0210416491248056 0.0222421379384875 0.00598843480857039
0.0702155982619471 0.0205724896995746 0.0180023715411217 0.0202927306253517
0.0511993425572909 0.048116729378177 0.00169443707532526 0.0321292117864593
0.018804405267411 0.0679390706235912 -0.0261902394427933 0.036944355047843
-0.0403200391621465 0.0846763571217878 -0.0438981138522565 0.00395251519951492
-0.0882756554861934 0.0308540079301112 -0.0339377254403894 -0.0307594958396464
-0.0812766697619944 -0.0546782718873217 0.00211582429280096 -0.0111763827516146
-0.04862295393661 -0.107692549824166 -0.00285113300463894 0.0624466436385794
-0.00520526227948815 -0.070308595734764 0.0507461239327197 0.115433584509891
-0.0323873302325245 -0.0802963503941791 0.00972533161978224 0.104719248310942
-0.0773331798863092 -0.0337498890311936 0.0195932750889368 0.0916299422420829
-0.0788553943639034 0.0362867987724471 0.0522716615434389 0.0603066734595176
-0.0215503221097088 0.0648675866465008 0.0508719670936477 0.028582861852719
0.0177333303525687 0.0537656630500972 0.047707102866489 0.0149110418872365
0.0475222747435721 0.03421748946285 0.042183965231406 0.0138950549266644
0.0551429696139926 0.019494904117934 0.0421543422631456 0.015839596762639
0.055941358202445 0.0185245484603169 0.037748958456514 0.0293747219058213
0.0410208099518539 0.0403312657374498 0.017647401755194 0.0447136193965128
0.0111807594429573 0.0564423292155603 -0.0179532286910874 0.0533423799120195
-0.0399579614274183 0.0633048480933782 -0.0436470940173818 0.0173476528145154
-0.0707194159241193 0.01255482098093 -0.0360714629410819 -0.0208012670680776
-0.0520874817644018 -0.0526975551503548 0.00570445117587586 -0.00481395576080321
-0.0191190107355295 -0.0795892778281108 0.00345798140949452 0.0868908689655853
0.0163753261951724 -0.0207851387063904 0.0429108543465172 0.135535198706203
0.00152295533878469 -0.0435449969006005 0.0122703614835431 0.107976097840539
-0.032959738004635 -0.028184380805901 0.00648020303751407 0.0878822595872817
-0.0460136147633229 0.0104625179560973 0.0352634059549259 0.0674547725972972
-0.015791563612334 0.0330505677038047 0.0459889688720947 0.0451609209466562
0.00681541999268011 0.0289026007011156 0.0564887749374562 0.0319429013986166
0.0253354571001169 0.0211049194458452 0.0570034776587694 0.0227640654793951
0.03270467947549 0.01468289238965 0.0553939622637175 0.0228075683641749
0.0348222717483381 0.0153056462888584 0.0521029973878099 0.0368018843466112
0.0265851189796466 0.0283565459714759 0.0269270409181952 0.0566861368611083
0.00355415593348574 0.0400858418799409 -0.0155899128609833 0.0666960662624506
-0.0350254592907503 0.0376311112856838 -0.0478881018893661 0.0276494250270848
-0.0466391202015115 -0.00491028549824449 -0.0408916621722347 -0.0139028371259871
-0.019483248793826 -0.0442350389750652 0.00504571598196707 -0.00183441558116356
0.0113054813694673 -0.0419940701432512 0.0036539985477705 0.100079058666001
-0.0373198698599564 -0.00354189901738334 -0.0100492403140051 -0.106768718231587
-0.0111371580642225 0.023193122287646 -0.0286599935852562 -0.00409429246678584
0.0194013991705782 0.0189324963523655 0.0439498772706138 0.023002846499164
0.0205441830758451 -0.00904835741395704 0.0679694333501693 -0.0241092542637067
0.0022053581257535 -0.0150689205544928 0.0314143604974915 -0.077184804858872
-0.00363213603064791 -0.00666567220742358 -0.0300378241551223 -0.0767155335050884
-0.00495676276542734 -0.00908390460253803 -0.0601151272048558 -0.0486521130633394
-0.00325293085514166 -0.0103398462372141 -0.064264034226799 -0.0266926349824998
0.00245856226957059 -0.00752069464060112 -0.0672003788303268 -0.0223413902864936
0.00802495338546715 -0.00285790674565948 -0.0666391085450482 -0.0347046221187637
0.0121717259857893 0.00118198540695441 -0.0522552678209228 -0.0539831812612215
0.0108567465199699 0.0191145086058325 -0.0266288692936237 -0.0726327430373456
-0.0113089863016026 0.024611562971888 -0.00328934706250883 -0.0827676558129909
-0.0377481783120327 -0.000439232180284989 0.000611852597961188 -0.0827267430377893
-0.0372673018721027 -0.0265822866672943 -0.0355908304724191 -0.121914510628426
-0.0558577827733778 -0.0456292101249445 0.0104125190669807 -0.0974731621651793
-0.0455193165428314 -0.00243866105451727 -0.0215698686596976 0.00098348747731534
-0.020948155754698 0.0268762582973326 0.0514991187226133 0.0282705114063473
0.00015346323555515 0.0247173073031521 0.0803068979121514 -0.0242572874770887
0.00699346823666058 0.0142863229156174 0.0388033499406377 -0.0810770341559916
0.0131088830769221 0.0137269645028755 -0.0267436472843104 -0.080712512676913
0.0212205533839537 0.00188141007897773 -0.0568722516198643 -0.0485193871677166
0.0239585683783335 -0.0025849450065108 -0.058918912971082 -0.0254856021800721
0.0279211086155426 0.00457495760048102 -0.0630498579476333 -0.0181401999966158
0.0222389676841502 0.0228621051088339 -0.0642094210190332 -0.0281550922089171
0.00873768793139448 0.0311781920451168 -0.0540168002740665 -0.0450873120163674
-0.0177393936173698 0.0456914616192553 -0.0310248296008735 -0.0652307471043246
-0.0511952079152001 0.0230105457005656 -0.00902755116845712 -0.0753950558639633
-0.0653890880533683 -0.0326598765558996 -0.00981197702699686 -0.0657624667289461
-0.0546211883681773 -0.0756616440928402 -0.0386859634063973 -0.0947019787380333
-0.0631483139369488 -0.0844982124144022 0.0302910292214604 -0.0705379612219525
-0.075080073847336 -0.0360054110090329 -0.0138278265710406 0.0139860721452259
-0.0651780030593748 0.0262350077428648 0.0579998312160547 0.0413278933364994
-0.0292684843596345 0.057005748131316 0.0915931392298868 -0.0155572824658674
0.00708632530550591 0.0469155500346597 0.0485078848083745 -0.0747359844713924
0.0262900872404958 0.0366218518523478 -0.0151728588330466 -0.0771783755691701
0.0446437113257014 0.015817092298595 -0.04440940415298 -0.0438766706942666
0.0474669794312715 0.00553209072293959 -0.0453719568405827 -0.0213775718484531
0.0497234770355559 0.0132350438542044 -0.0494932997674013 -0.00968248452007013
0.0368954196413262 0.040814193000633 -0.0548705579483816 -0.0138766837909596
0.01213494936511 0.0554478465697782 -0.0543413451874265 -0.0269792743007796
-0.0332197782234053 0.0735882796721359 -0.0394697097559455 -0.0517577344948079
-0.0806979822155852 0.0317891955677931 -0.0186014765843247 -0.0664825792886158
-0.0898833381728714 -0.0490498025156851 -0.0140069541421427 -0.0478503603444313
-0.0684027928910172 -0.108308137260682 -0.0365512724108074 -0.0557507339340387
-0.0583660464072342 -0.111663710235981 0.0456268835356909 -0.0291663319639267
-0.0899282237172295 -0.0706167918772578 -0.00637708755123678 0.0354828671133804
-0.102628214449962 0.0139044816756848 0.056636139877286 0.0591092476152163
-0.0615978411249285 0.077656037386883 0.0964004913814747 0.00307061998468992
0.000702489737626193 0.0759093050522997 0.0579655769720656 -0.0567701594664728
0.0334266994197453 0.0576252470531912 0.00132013903878731 -0.0629506384195646
0.060129516214274 0.0295296215818152 -0.0249676518622395 -0.033321866661799
0.0642504430670585 0.0128984351852517 -0.0249946519607555 -0.0137329637961756
0.0657916574382692 0.0177657598098696 -0.0288353953765533 0.000256030350118807
0.0481205604913229 0.0498727876820178 -0.0388080098863105 0.00237634817212974
0.0184666283677572 0.069370242872825 -0.0485992619296681 -0.00460575880295363
-0.0379399821623258 0.0920948364222429 -0.0448615253627858 -0.0330869610624033
-0.0954627351655379 0.0412760663410183 -0.0265000392754898 -0.0559601058484528
-0.102515787737765 -0.0538559090351952 -0.0106532269756541 -0.0322936997046003
-0.0738458357635031 -0.122865422143272 -0.0267188978793104 -0.01244305396826
-0.0442613793621191 -0.119538747259724 0.0530264313956773 0.0224220108711171
-0.0854555040960831 -0.0946342848292445 0.000254833925451319 0.0614893374263124
-0.119518698171354 -0.00637976509532489 0.0482313453225785 0.0766006641870655
-0.0869944335457458 0.0783322510992212 0.0891905302821763 0.026573325977151
-0.00980385087194747 0.0902686061993945 0.0611099505399447 -0.028085895194568
0.0331919115811972 0.069702454853256 0.0199657107962457 -0.0389810499721664
0.0659160092315188 0.038587826238365 -0.00162195929291311 -0.0182983892453254
0.0706362718503232 0.0181109528258754 -0.00153385875315637 -0.00377704280126252
0.0712905002243653 0.0196368536970488 -0.00552413487143406 0.0103554346058646
0.0526821508453358 0.0509692306572372 -0.0185423360797697 0.0178326495940094
0.0211938928589757 0.0719576469822329 -0.0379147765667457 0.0171897034023712
-0.0382095479173266 0.094057053405345 -0.0457047677333201 -0.0138693636879676
-0.0955637679379859 0.041104832064713 -0.0310753826137814 -0.0431163655729768
-0.0978631180016427 -0.054054848156543 -0.00322469760683946 -0.0198469888465545
-0.066345219060547 -0.120681574615135 -0.0138656357057057 0.0279262625772048
-0.0246479358182502 -0.104296394000735 0.0537321086317805 0.0732377131062219
-0.0625824560733816 -0.0980698747422746 0.00443609023429658 0.0854040115743212
-0.107859313089579 -0.0258984886529825 0.0327573774497728 0.0872324652455482
-0.0931925734400665 0.0605053446708809 0.071301332315193 0.047611533195806
-0.0195265199893819 0.0848965956086215 0.0575419638744392 0.00302717536931584
0.0262784329665543 0.067682367892018 0.0353816782737187 -0.0103798623519169
0.0606080882802556 0.0399855464914291 0.0217976233949017 -0.00137388318261969
0.0669702098351534 0.0203300965098363 0.0217649725747173 0.00649034504070522
0.0675033759566721 0.0197739818678883 0.017261606870315 0.0201863364852483
0.0495167293913823 0.0471442553684236 0.000895949039131991 0.0311990064634394
0.017359896246689 0.0664077528470185 -0.0261941128294956 0.0355182570089812
-0.0393097074120448 0.0820086940229545 -0.0434798354747851 0.00338959632391652
-0.085673586332219 0.0294345597256214 -0.033239496407348 -0.0313271335415629
-0.0786138423859516 -0.0540264071110701 0.00281546966921403 -0.0110226740174131
-0.0460969062038932 -0.104681115794788 -0.00269212194587091 0.0606442529907591
-0.00445074095261772 -0.0686642093890071 0.0475561984986084 0.113287450776281
-0.0304346515064896 -0.078370979297717 0.00639892209662059 0.101445262009652
-0.0748621965431078 -0.0335090210849224 0.0167022794768103 0.0894500712447955
-0.0772861490899798 0.0350474210234079 0.0501729519177425 0.060451350406719
-0.0215704436150469 0.0627415178792515 0.0495585761049683 0.0291797557161871
0.016758561621807 0.0526824597094891 0.0471297805951121 0.015340039210518
0.0456487668040452 0.0332861040838872 0.0418045215428407 0.0133562878151906
0.0534440340229578 0.0185350422235542 0.0413473270284536 0.0155144152116613
0.0542256148535027 0.0182870558459307 0.0363152434038756 0.0288271757140819
0.0398773090710506 0.0393300318195986 0.0160433507090495 0.0436106102090592
0.0104346440617655 0.0551640168176384 -0.017877818065208 0.0508952677270394
-0.039552422693668 0.0612063495006375 -0.043812349723698 0.0168231982443962
-0.0686347380546528 0.0118403102018335 -0.0353834906875718 -0.0212408075115718
-0.0499398897415707 -0.0522972900725691 0.00567837110562244 -0.00474380378612595
-0.0178813284051341 -0.076912881413415 0.00328873096907046 0.084755852293423
0.0161335999730448 -0.0199331097138139 0.0404767463288521 0.133152119264779
0.00214888337995956 -0.0422346779249564 0.00884200600040912 0.104655092855687
-0.0312072709925153 -0.0278330252115102 0.00453630560167303 0.0862408490113996
-0.0450928171634037 0.0101126101110468 0.0331045630405958 0.0668027095716074
-0.0158105653386582 0.0323243156057538 0.0451513649965089 0.0453279893248192
0.00626300513326404 0.0280924965946255 0.0553254153264487 0.0317560418361567
0.0242283391126808 0.0205893867888539 0.0558101977331575 0.0224927163905364
0.0316073205866233 0.0140433759443926 0.0540539945164825 0.0223627081113909
0.033540358442903 0.0144273815634049 0.0495637483546251 0.0359391033080227
0.0260953397313521 0.0277068427243139 0.0249500126754699 0.0553634310372866
0.00319569476172311 0.0394706408770127 -0.0163559286115003 0.0648773460936772
-0.0347782422601463 0.0364216045545434 -0.0474204672357595 0.0262224132377979
-0.0452960624601381 -0.00576072317930492 -0.0403119226519155 -0.014566981614939
-0.0179986192729508 -0.0435747363751857 0.00463803656613867 -0.00247484641940713
0.0114137759454489 -0.0404357695618463 0.00300246662381623 0.0973412612402565
-0.0376140119402999 -0.00383255637065099 -0.00744017332909851 -0.108860362896028
-0.0119136059735299 0.0234068851917415 -0.0292549837030883 -0.00417546865433622
0.0192726054302181 0.0193311288442045 0.0430822530982418 0.0249369025053699
0.0208981706615927 -0.00854482169595142 0.069556244900782 -0.0220627289978169
0.00277600694638964 -0.0152454828702421 0.034941419116964 -0.0770429895615409
-0.0030727655625405 -0.00674322704530678 -0.027637123196621 -0.0777121345458899
-0.00516724785351792 -0.00931505515466498 -0.0590506758091439 -0.0498357555492061
-0.00318939422478908 -0.00983823214816254 -0.0636789696731875 -0.0281864546871104
0.00225030512494732 -0.00752913961590097 -0.0667297339038185 -0.0242709428389363
0.00803516694490852 -0.0026078457394043 -0.0660170342582795 -0.0365356682711499
0.011892082675918 0.00121687419541162 -0.0512646980129714 -0.0558311040605418
0.010058457092133 0.0192107196834549 -0.0245613831154614 -0.0743828467362621
-0.0127829657175081 0.0244730311234089 0.000194433036277488 -0.0833051743025569
-0.0381727996704193 -0.00116350906871748 0.0046987503324804 -0.0834045444013403
-0.0370117271707489 -0.0279504163204951 -0.0319708832062736 -0.123662251777399
-0.0546572374151268 -0.0473472214588115 0.0127209114033267 -0.099172403918094
-0.04624967775345 -0.0035419757695591 -0.0227539548634456 0.000275982535075876
-0.0214433757018358 0.0269889334457134 0.0518301378292556 0.0309939103431952
-0.000278219998093061 0.0250972514228903 0.0818877026877431 -0.0220051570956484
0.00666714003410992 0.0144974957540309 0.0419187081948323 -0.0802823509940243
0.012961302993975 0.0138950248622069 -0.0241923988199392 -0.0816855745766626
0.0213601787042649 0.00247735855037713 -0.0554153773573781 -0.0498806467134368
0.0235121174262811 -0.00220687017194942 -0.0584680832557299 -0.0275684939318881
0.0275029860159182 0.00528517393194186 -0.062214278256094 -0.0195920622813588
0.0215142013048274 0.0235353329930261 -0.0639436979524531 -0.0298782931522952
0.00814201506817344 0.0316797296364047 -0.0532665854761008 -0.0472178161042078
-0.0183831521450611 0.0458559514986447 -0.0291335612320017 -0.0675025979660247
-0.0525401129210954 0.0218156895085677 -0.00670158429532118 -0.0765813350350264
-0.0654692295167337 -0.035054778373208 -0.00609866047789277 -0.0668371983878021
-0.0526573024384441 -0.0771711818605931 -0.0362220486563214 -0.0972719057259743
-0.0614099028793654 -0.0865145643407213 0.0320329813129802 -0.0714596120671244
-0.074877343751128 -0.0381138589800323 -0.015614161816749 0.0139692382332752
-0.0660625537204924 0.0249137312718026 0.0563223848803839 0.0440360203885342
-0.030467433655596 0.0571432638455635 0.0936241038907909 -0.0123220515991768
0.00599016763108371 0.0475845594501019 0.0519430733353992 -0.0743448889523431
0.0258073268162954 0.0375520814359557 -0.0127125681935665 -0.077658715955967
0.0440113651898163 0.0171811869763455 -0.0429342414175154 -0.0455268401917112
0.0467544759805641 0.00604802208410545 -0.0450198820800532 -0.0228474056176442
0.0494656350061763 0.0140622244822043 -0.0492678518701489 -0.0107767325427126
0.035764674607398 0.0421183646084671 -0.0553671407934626 -0.0152488288465953
0.0112096616464511 0.055629701001604 -0.0542976530267332 -0.0290416523347679
-0.0346092450509052 0.072741924534334 -0.038725331413501 -0.0534901434526199
-0.0818165763719628 0.0300979897784263 -0.0165609584895142 -0.0682546629438082
-0.0898774590859367 -0.0519405450695886 -0.0110451424724021 -0.0489258966605438
-0.0661132760260277 -0.110892794849245 -0.0346401165901978 -0.0575022695135295
-0.0559675080262692 -0.113395996945376 0.0461554669143042 -0.0291301855792644
-0.08949839508724 -0.0735669232029807 -0.0088867442094226 0.0356335194895819
-0.103444946239685 0.0118263756337828 0.0549810491149702 0.0620187788518733
-0.0636114430853909 0.0773561960202925 0.0974794351281796 0.00632629291938733
-0.00117133491425874 0.0766136372432518 0.0607094886100438 -0.0553164178441721
0.0328380585610755 0.0590435861595331 0.00345978031473913 -0.0627909931112865
0.0598250983099377 0.0309773117789072 -0.0237760434988683 -0.0341986604945227
0.0634879110114201 0.0138971331929649 -0.024581183580086 -0.0146098292137223
0.0648599170568902 0.0190375757525979 -0.0289826227546914 -0.000764731788170545
0.0473866949545406 0.0512375340242817 -0.0392889234953771 0.00137180071459306
0.016808311523057 0.0699739409807428 -0.0490046615176724 -0.00594154004820188
-0.0398022119243705 0.0912865667915048 -0.044747195328864 -0.0348178070754837
-0.0968875710359027 0.0393863743617325 -0.0252403033387095 -0.0576690871092682
-0.101516944605365 -0.0574925910283473 -0.00895068286762804 -0.0333990863478513
-0.0705860087966193 -0.12529319534449 -0.0258273364662027 -0.0135839251141797
-0.0416768408567854 -0.121178182418985 0.0523072280049466 0.0234048509435033
-0.0840911743098032 -0.0976661633853751 -0.00348127988311652 0.061417870773326
-0.119609758988484 -0.00949835542265728 0.0450043305801785 0.079358222581677
-0.088991904898926 0.0770740828638339 0.0897262864996591 0.0298869674589452
-0.0124844019918359 0.0907420427578458 0.063569304158233 -0.0262535836889669
0.0316797292335532 0.071353531808204 0.0218192074121566 -0.0384614030624338
0.0654114614278902 0.0402015137814438 -0.000315137107909265 -0.0185183219249861
0.0705579554548244 0.0192516499422839 -0.00102966735982802 -0.00417611803204235
0.0706563696709035 0.0209602416648527 -0.00575982590993647 0.0100555346055351
0.0517282741555139 0.052606025234262 -0.0196323368314023 0.01728992814289
0.0194935915435114 0.0730526303349554 -0.0393142856417265 0.0161253298001464
-0.0402547932762955 0.093408779345886 -0.0464228853884547 -0.0151909877949266
-0.0972734823040767 0.0393123152743848 -0.0305171169666346 -0.0452217400462053
-0.0970411755092278 -0.0572476050336872 -0.00211403733972648 -0.020871107566714
-0.0634320504985437 -0.122886289258747 -0.0139452452918022 0.0275855437744674
-0.0225736943994376 -0.105102629936583 0.0517965332765682 0.0749803635578444
-0.0605245703705205 -0.100759582979374 0.000216591187312616 0.0855397856648804
-0.107469664344326 -0.0286523997802206 0.0295008293776245 0.0896065008334497
-0.0950178226353047 0.0590498905767694 0.0710237076093104 0.0506777833158217
-0.0223447186701241 0.0853346991834755 0.0585923127981424 0.0050194556179605
0.025081623260444 0.0695177340588774 0.0364631397690889 -0.00919613845884644
0.0598861709160082 0.0411586881629978 0.0226814481293188 -0.00115303734442861
0.0666885463494749 0.0212285375716909 0.0220420592939317 0.00649159446512452
0.0668510218244296 0.0207472002244171 0.0164159955916879 0.0210491139894716
0.0488147091504024 0.0482698170498271 -0.000806989879876074 0.0312115046793721
0.0160454513952991 0.0674039695382731 -0.0283641343547412 0.0348673626964857
-0.0418919191476551 0.0813770222098205 -0.0447176597891636 0.00214051397393443
-0.0868210353339213 0.0275447016173901 -0.0330420509184657 -0.0330843020165769
-0.0771993973077687 -0.0567300502020141 0.0034663330758817 -0.0115051930721908
-0.0431648406202566 -0.105900352637488 -0.00347372115399831 0.0608216074838917
-0.00256396814460621 -0.0684939019928121 0.0449002830904768 0.115122686519068
-0.0287831375707117 -0.0800107608517327 0.00164436314651132 0.101530441135695
-0.0735550772117357 -0.0351983958884365 0.0131480659888139 0.0918351156527119
-0.0782730007183821 0.0338001080116807 0.0487975072727052 0.0629478965918022
-0.0232709039952357 0.0630643982234064 0.0496354529202685 0.0309500032097281
0.0153769173347655 0.0539797064447686 0.0477759850137209 0.0171538226309542
0.0454398423120849 0.0342249886458873 0.042095119813177 0.0143219517728677
0.0531824510479086 0.0192260039531492 0.0413755877194307 0.0171905458252734
0.0534858103477582 0.0192359640250649 0.0357053160052823 0.0298280392401282
0.0392890141175551 0.0403192176581136 0.0139866994759362 0.0443767164794972
0.00962798425657755 0.0560679063436036 -0.0205358900623164 0.0512688046344645
-0.0416310101091308 0.060993599844462 -0.0451929015629065 0.0156862501388574
-0.0692387669879959 0.00953776929403422 -0.0359884186753385 -0.0228415656973401
-0.048550899504826 -0.0540068570805193 0.00577010850598584 -0.00527027892938272
-0.0155358728059974 -0.0776338597970763 0.0015542608410437 0.0856137213300857
0.0168381227879743 -0.0189612052391879 0.0366033339576393 0.135956698581642
0.0036335672166391 -0.0424149903293162 0.00476241635294696 0.105227667772034
-0.0305517048508021 -0.0285825829014771 0.000839717214986167 0.087762198100267
-0.0460328651016179 0.00942503598469395 0.0313786435312944 0.0688230000718433
-0.0169038851362727 0.0320640704371504 0.0445345399307779 0.0474217441404402
0.00543594370428489 0.0290957460594352 0.0554212538774923 0.0334474341909751
0.024099122422801 0.0211282065099922 0.055933951285122 0.0238852138446162
0.0316692883606363 0.0141222587386287 0.0541865272150759 0.0241973182089661
0.0334562272676023 0.0153889990493322 0.0483676838142597 0.0374612298525346
0.0254721066854896 0.0281887266407486 0.0227027862697356 0.056850789699356
0.0023342007624327 0.0400148230795592 -0.0186324632843673 0.0643099443134799
-0.0360073267739839 0.0358965508889479 -0.0496848307880199 0.0246659213910847
-0.0453386741856452 -0.00682002327792394 -0.0406858698404078 -0.0167365847480473
-0.0170139015884649 -0.0445936332617605 0.00484262865552161 -0.00245850682167231
0.0128326864805172 -0.0394652154521218 0.00122460458267895 0.0984902949439487
-0.0389882247673445 -0.00408947440549731 -0.00676693896345089 -0.113939045258801
-0.0133716780477946 0.0245964517539942 -0.0317855485678636 -0.00393861332151985
0.0204196458762 0.0207394598181555 0.0447046859756012 0.0278322637187053
0.0223481506657506 -0.00860311869396133 0.0739313233931668 -0.0216239604458301
0.00321184303278361 -0.0155029048007225 0.0382955540420904 -0.0800392197533081
-0.00302386378617004 -0.00736485600181818 -0.0265598839184726 -0.0812824815688094
-0.00496223019506096 -0.00921858371481345 -0.060226636964802 -0.0524278263517172
-0.00400800412303948 -0.0103716233569931 -0.0660225430787765 -0.0302798880589529
0.00232311818586937 -0.00771880998538296 -0.069382259602977 -0.0264249252228357
0.00837744155989975 -0.00247721809858768 -0.0685440330183063 -0.0395181267295246
0.0119050144103147 0.0012350759848268 -0.0528701748853163 -0.0597920030524938
0.0109752767921489 0.0203600187924568 -0.023564434247148 -0.0788364538417768
-0.0138910959962428 0.0253233434187485 0.00279768661164369 -0.0869067834842842
-0.0408745239846162 -0.00233828835558106 0.00818061554565731 -0.0872170069410668
-0.0381194347563468 -0.029961319264025 -0.0311208988992349 -0.130376290899825
-0.0563015015683006 -0.0496395836190663 0.0142724868111728 -0.104033894196875
-0.0488242883289044 -0.00428605398224414 -0.025124845857372 0.000233124490705231
-0.0225340610983194 0.0279978864869698 0.0531941630995307 0.0342389947386571
-0.000441114961332897 0.0262876183213706 0.0871851703877391 -0.0214592256268566
0.00705222918585613 0.0155552651564745 0.0457938191910725 -0.0834457687169004
0.0131783469183335 0.0144799730187293 -0.0227510419826499 -0.0853236511637218
0.0217401403024989 0.00292754331428513 -0.0566145677097833 -0.0526984375037658
0.0238254577696197 -0.00236002045410934 -0.0606464485345671 -0.0296153983155357
0.0280348323591153 0.00584946330199912 -0.0651670834470216 -0.0218586899886767
0.02226884482361 0.0246496427765531 -0.0667029603836264 -0.0321883217929698
0.00748905312828009 0.0327051193006488 -0.0549919249251226 -0.0506354897484704
-0.0199040994676613 0.0473632788373161 -0.0289651166371574 -0.0712229079614506
-0.0552157968836468 0.0221151142244262 -0.00480526272148997 -0.0804281684948824
-0.0685127224627333 -0.0378468193606161 -0.00400543736422224 -0.069836731726558
-0.0537384085103223 -0.0816511596006055 -0.0357560592143121 -0.102364436272014
-0.0626567073229459 -0.0910553254888067 0.0341752075811165 -0.0748456799833291
-0.0782115375764775 -0.0407835177975209 -0.0178262203944632 0.0145313870130752
-0.0689707031470889 0.0252356715804087 0.0573574637186608 0.0481095116401154
-0.0321614679749589 0.0594168281526629 0.0990030240645003 -0.0104532479251405
0.00592407193905984 0.0500763774746239 0.056917402314506 -0.0765745045336625
0.0267378442727256 0.0394797467304294 -0.0108419717923371 -0.0810879632349769
0.0455600664614294 0.0180580881626576 -0.0437696218221931 -0.0483389955770242
0.0481314336939713 0.00627409731279898 -0.0461228408940637 -0.0243175847962328
0.0504851708664662 0.0152621972110635 -0.0508373701624134 -0.0124309104038648
0.0368426175859543 0.0441464157205595 -0.0575021142770697 -0.0171521224243791
0.0107096572361627 0.058047632887761 -0.0561918899354738 -0.0311789571836601
-0.0367571563550025 0.0757791981162004 -0.0395618058960506 -0.0570121011016098
-0.0860239317748174 0.0305092385206402 -0.0157282569243427 -0.0727025429160547
-0.0930951195965033 -0.0562635039797069 -0.00986261453308177 -0.0516751186942343
-0.0671804086849303 -0.116627391529687 -0.0346032148286939 -0.0613358190607683
-0.0568596170161391 -0.119004619587165 0.0482949821840644 -0.0307223918731144
-0.0926969089399757 -0.078640405168424 -0.0119900032263704 0.036742803053238
-0.107646298086784 0.0110627495999842 0.0551526230474736 0.0673011167796786
-0.0673027610979206 0.0803464538265648 0.102810874495154 0.00932879323151849
-0.0019162749626399 0.0800956535501032 0.0653364961340388 -0.0563130349460504
0.033469296402437 0.0621036514845257 0.0055065687795573 -0.0651426100663449
0.0616696780091512 0.0325515211284646 -0.023175794055879 -0.0363703530057383
0.0655028751932215 0.0149215397825599 -0.0253995258617444 -0.0158294970116879
0.0663031949518104 0.0201967732528687 -0.029889760809186 -0.000849283948947972
0.0487281016698651 0.0542803750925398 -0.0415672928815247 0.000537858254370874
0.0168671032900381 0.0733165966111852 -0.0515172538019646 -0.00722286826973697
-0.0424136684654003 0.0948095228619632 -0.0467247249581608 -0.0374118137859007
-0.101550386042736 0.0399452151689929 -0.0256445672333269 -0.0615351753227736
-0.105684750872109 -0.0620114395243115 -0.00778866934474761 -0.0349729460496482
-0.0715188330550597 -0.131691797789476 -0.0262366524148372 -0.015056409038229
-0.041614164780983 -0.126848925823075 0.0538206978677948 0.0247250108339443
-0.086520431602081 -0.103807479953309 -0.0068548478696773 0.0641027051169149
-0.124184735203193 -0.0114823306869406 0.0445409528162811 0.0845962823291343
-0.0936790276179247 0.0799916053051255 0.0936796576615874 0.0333294984629952
-0.0139385878907566 0.0949261086534908 0.0673679210673932 -0.0259947026915467
0.0323100571880221 0.0748447311964537 0.0234728180228334 -0.0394552567090778
0.0672544924580748 0.04258771722882 0.000648781415930877 -0.0200562406585385
0.0724471166888887 0.0199808346150301 -0.000723835355619415 -0.00448591327436061
0.0728606602841829 0.0223406490516431 -0.0057534195690433 0.0107484391017485
0.0533954818976438 0.0555833473179936 -0.0209975418273477 0.0168782942383546
0.0190898416147926 0.0764583265307882 -0.0413596375906398 0.016146437438734
-0.0438115934584619 0.0975003215283515 -0.0482688741232426 -0.0164774460041399
-0.101393173660409 0.0402693191005966 -0.031664258932643 -0.0489485139000082
-0.100180027401763 -0.0618958359358075 -0.00115855689384261 -0.0221981369117599
-0.0639592008143995 -0.128889837334525 -0.0143091882615287 0.0280674782424729
-0.0216562760078242 -0.109906708696897 0.052197975903793 0.0789078548842171
-0.0617732667130702 -0.106310255420153 -0.00345796255858202 0.0888630141893839
-0.110783456456888 -0.0316129095862989 0.027791514740658 0.0953575150391285
-0.100216660343412 0.0609439547794902 0.0737806120833146 0.0545372698114758
-0.0241882399495482 0.0892267978972024 0.0623559894258254 0.00688086390781406
0.024741319569771 0.0733985611271828 0.0392754185995298 -0.0086319634706567
0.0617286712049593 0.0433763073912128 0.0238127825090281 -0.00121349380656814
0.0689335371654719 0.0224592412268064 0.0230350954760529 0.00733268788467672
0.0686505896357352 0.0223161356104951 0.0171037584502594 0.0217032824134718
0.0496610595707241 0.0510725518920267 -0.00215356214080246 0.0323567540022887
0.0159605815138466 0.0702572349953396 -0.0308138880425648 0.0358075341841466
-0.0448066512171436 0.0846508147838453 -0.0473975561463706 0.00166350685195339
-0.0908100304122139 0.0274804871730462 -0.0348664175457737 -0.0356697408593048
-0.0793633428671348 -0.0611733168408851 0.0040651067549867 -0.0125021112462096
-0.0433351187405204 -0.110706987891294 -0.00383682968690017 0.0633658872537664
-0.00151026581461101 -0.0709629654279941 0.0441864504753637 0.121923980543271
-0.028531345083723 -0.0839878286447931 -0.00178289437515987 0.10558532468844
-0.0758025431866374 -0.0381974746516133 0.0111509215023258 0.0972138369278453
-0.0825435040695904 0.0346138342393126 0.0499722032217655 0.0673548807353772
-0.0253725389915997 0.066131611659431 0.051930073194747 0.0339212208575565
0.0152314750632745 0.0568832423347917 0.0499136554932578 0.0187795361154687
0.0463510466217409 0.0363034190092489 0.0441515294329269 0.0150702169235445
0.0553575292834199 0.0203192780962537 0.0436442929744626 0.0177773878396334
0.055580521277257 0.0205729895454176 0.0366176291079443 0.0319556276573941
0.0401657273425138 0.0419974388253407 0.0131474754487622 0.0464456112323152
0.00918350344292136 0.0589544024090388 -0.0228508185723979 0.0526343275002567
-0.0438922109418897 0.0632017889652 -0.0480573772595757 0.0150106582550565
-0.0719771750608152 0.00914367939476768 -0.0375843942192493 -0.0251753661187051
-0.0497659391602601 -0.057524030408594 0.00683783390779702 -0.00596794730786846
-0.0149586131928688 -0.0805764912334049 0.0016091243388281 0.0892853543381863
0.0174923119382763 -0.0190984700349766 0.0354672229779904 0.142997588654816
0.00473980092139063 -0.044086135017357 0.00124630483939894 0.10981499790471
-0.0313519923560025 -0.030264338621335 -0.00147616391889647 0.0921017726428615
-0.0484208072564947 0.00959053327335235 0.0311461108659301 0.0729189995910016
-0.0181888010546816 0.0336050821969738 0.0459319394008362 0.0505870125609944
0.00511949403421727 0.030604536333658 0.0578887919389559 0.0359723863168349
0.0250051645580898 0.0223689120974437 0.0585708468010034 0.0253939663699372
0.0329782504404359 0.0149907390815675 0.0567732467009362 0.0255848596955893
0.0345949029528323 0.0158737765615183 0.0497564317125926 0.0402763925224451
0.0259183594417524 0.0297603036315307 0.0221571322266366 0.0594063599953543
0.00201734693939844 0.0423255553656512 -0.0212463098080157 0.066749403089825
-0.038248877904675 0.0370008994824834 -0.0530817822583245 0.0248766956207834
-0.0469341657049313 -0.00821055598674711 -0.0427485165625169 -0.018813124614842
-0.0165205657140854 -0.0469604528597082 0.00530599880098197 -0.00355899513026996
0.0138876175279397 -0.0406225932068482 0.000806436216362636 0.102583528032091
-0.0410217552827722 -0.00302277198952755 -0.0104712980299524 -0.122544374755413
-0.0137320660772736 0.026812736592492 -0.034889960485618 -0.00318751357294328
0.0220211177931439 0.0211163623512658 0.0483432325868014 0.0300577787337492
0.0237383993879177 -0.0102223462174434 0.0787090941899291 -0.0237003017537081
0.00328672207845786 -0.0167826152834537 0.0401810481520926 -0.085681460667781
-0.00352423203596013 -0.00785635432748311 -0.0289852517432437 -0.0860017787352019
-0.00609060004009155 -0.0100951590373156 -0.0648571995635192 -0.0540576381496135
-0.00513887457273753 -0.0110865379294155 -0.070805399742254 -0.0308908120923508
0.00182468048513277 -0.00805783673815624 -0.0742855081917743 -0.0267772605460397
0.00857129450619612 -0.00272670452344684 -0.0737828625043047 -0.0402549904258582
0.0125038544357268 0.000840194689564944 -0.0574649951890538 -0.0631225249312878
0.0120720658247984 0.0216481227362615 -0.0259938340215485 -0.0842352994094355
-0.0146611886767035 0.0276179008461884 0.00263572579531335 -0.092552243200703
-0.0448060164777162 -0.00154606053583945 0.00943281104738277 -0.092715149081251
-0.0416243549694117 -0.0312213323486969 -0.0353837787005688 -0.138391894427589
-0.0609029523146224 -0.0513397436647864 0.0123036285657659 -0.112065482281415
-0.0525032748770301 -0.00323623845711179 -0.0272366879306373 0.00171018269176596
-0.0230503290468763 0.0303160239189146 0.0571080055976933 0.0368807177981679
0.000619110423828066 0.028140118505029 0.0935866153211692 -0.0237933928799456
0.00812215750081486 0.0162975743586822 0.0481280975903148 -0.0896112928286131
0.0148457108391044 0.0150389525653958 -0.0252905645204553 -0.0901730165554498
0.0230463904221636 0.00201283350705303 -0.0606184271317942 -0.0549586965491331
0.0243406755498333 -0.00338379829181294 -0.0653687140300458 -0.0303581899409552
0.0294355262236705 0.00563018500279297 -0.0688803782052006 -0.021785241545959
0.0239291448662267 0.0259123809379172 -0.0716373924993631 -0.0328076540732143
0.00871427508554812 0.0343296685500638 -0.0597426260296749 -0.0533741880212956
-0.0197007370779615 0.0507951427434838 -0.0322750611808858 -0.0761952980975376
-0.0582418517773645 0.0252037505344474 -0.00564336107693218 -0.0864005256465508
-0.0745857950071981 -0.0391390919779305 -0.003619009316551 -0.0744470684782804
-0.0590449734676061 -0.0859930667533873 -0.0398556004561387 -0.109020496350004
-0.0686461338439194 -0.0948370018311406 0.0341556384984756 -0.0814742740572005
-0.084854800830013 -0.0417193681070024 -0.0202518161937402 0.0164865487116086
-0.0723885391730937 0.0286126092061856 0.0618774250183664 0.0514195722279725
-0.0322697642314675 0.0644094607529485 0.105444551159441 -0.0127116384497613
0.00781357552285734 0.0533261664605354 0.0600395457283312 -0.0824148859489043
0.0298246806713364 0.0412744069636918 -0.0129389996002179 -0.0857531317418514
0.0483273362788141 0.0179579528641234 -0.0471106871538698 -0.0503716798087911
0.0505929903830566 0.00541553173862128 -0.0497293962276348 -0.0252396895038163
0.0533575597488343 0.0148949868414172 -0.0540846664009387 -0.012096874293106
0.040185193363889 0.0459846220145128 -0.0622388731846682 -0.0171560717768116
0.0125375185191505 0.0611977658590426 -0.0609427883130394 -0.0331352471522078
-0.0371475318452788 0.0812782722363831 -0.0430264458099558 -0.0602522135050213
-0.0907677313669435 0.0350996921084499 -0.0178583995112286 -0.0774379048211386
-0.100944232351861 -0.0585600709632011 -0.0098360220806242 -0.0548795489156448
-0.0740872080365413 -0.122650511171762 -0.0373632176678863 -0.0650866014520028
-0.0627045705985527 -0.125432332574163 0.0502844435797538 -0.0342768119726361
-0.101102469006738 -0.0817166799648574 -0.0134836706387084 0.0397075783807819
-0.114098112020268 0.0145321319201478 0.0596762604456928 0.0720769446709398
-0.0688343620441752 0.087899982348992 0.110551513405291 0.00838775692161384
-9.19504421112898E-05 0.085711783935183 0.0699611454506328 -0.0613437733984605
0.0376005584775425 0.065250367422925 0.00533615647910499 -0.0692761512081099
0.066328818365926 0.0330747084997204 -0.0251912301085543 -0.0390242838961367
0.069160573261619 0.0131565499910028 -0.0271542115733714 -0.0166220707647509
0.0702013198500847 0.0197829749110415 -0.0316112398605824 -0.000638925955066272
0.0526157404274028 0.0559728015589706 -0.0447923000519214 0.00124561357092268
0.0192254749516361 0.0770827519890734 -0.0558621976440148 -0.00684839163160783
-0.0429243308293525 0.101990015652816 -0.050413329066145 -0.0388677808624315
-0.106925079972513 0.0455069174002454 -0.0288118002516645 -0.0659272103030186
-0.114083739124289 -0.0643572818346984 -0.00750410505620092 -0.037334871380431
-0.0792557457922547 -0.138650767876129 -0.0273164268778249 -0.0156638741965267
-0.0472820428559033 -0.133627805138591 0.0577971409660666 0.0253538191306058
-0.094708261604398 -0.108930194518672 -0.00761389522047471 0.0686043421863766
-0.131349117742331 -0.00930231479663362 0.0479847039007205 0.0907371257603415
-0.0979534329334448 0.0884310093434745 0.100887465455733 0.0348894060957308
-0.0127192811206244 0.102363258520284 0.0726709899386385 -0.0288786600466426
0.0366331569388735 0.0793838691636856 0.0253869030424031 -0.0425026931270929
0.0722671905561407 0.0434022406808323 0.00091221506655942 -0.0220217593998443
0.0771646827207874 0.0192749829402509 -0.000493001820382929 -0.00522509929739351
0.0769855713182622 0.0213240657001579 -0.0058624336220455 0.0114245578628529
0.0579322572933196 0.0575568519283844 -0.0233853172743058 0.0188662711827301
0.0219760811969295 0.0804073616392531 -0.0446140817932993 0.017723635327489
-0.0442334692543361 0.105124173566399 -0.0519218317675882 -0.0166725166622657
-0.106708510148317 0.0449920730671333 -0.0351336872800197 -0.0522853542428294
-0.108104827231327 -0.0645934124159143 -0.00131664123661323 -0.0237937964651573
-0.0709981751553791 -0.136030137268762 -0.0138136713440213 0.0300782293250642
-0.0253754491505017 -0.115830397588068 0.0567378964106881 0.0838619899291012
-0.0679718121776949 -0.112459853054591 -0.00399740577578442 0.0952488935683049
-0.118601408594488 -0.0312207452605294 0.0307556958617065 0.101817283246583
-0.105273195437856 0.0675336900768471 0.0796798889443468 0.0572708788214591
-0.0238893094483249 0.0958213247214185 0.0671152479983066 0.00643652886851693
0.0286105697257137 0.0776879131761186 0.042014005073193 -0.00974477237639829
0.0665888931861814 0.0448380730456369 0.0264142295021942 -0.00236974026181999
0.0737553441918531 0.0214043121765282 0.0251611958759733 0.00693323467319556
0.0729800900802096 0.0217611762352157 0.0188509741165015 0.0231622111153037
0.0542076081696689 0.0530546046866403 -0.00231062034844041 0.0346861194771441
0.0184156161472773 0.074603833525755 -0.0323416786776819 0.0388250266275837
-0.0457178969498011 0.0911236393278739 -0.0506425664027972 0.00259798218559716
-0.0956834889313447 0.0313776767135152 -0.0387175769197684 -0.0381503448506441
-0.0855582551253259 -0.0640857802677823 0.0043231936651049 -0.0139366941501755
-0.048263662971152 -0.116557522673884 -0.00198720085394758 0.0676379996102205
-0.00320785038599236 -0.0748818492871085 0.049143608955134 0.129206173847315
-0.0319519645472775 -0.0888445863236182 -0.00178679082664076 0.113175478925029
-0.0816516325471414 -0.0392146466176628 0.0124054377132129 0.103511365223219
-0.0871217218275555 0.0392073460497939 0.0540114777625262 0.071463538101108
-0.0259598510172304 0.0713991810476436 0.0569148715281296 0.0357555960359748
0.0178741915545784 0.0605823391945867 0.0540885365212439 0.0193331887855482
0.050087141794416 0.0374226194609826 0.0479934772613599 0.0151769638496597
0.0588584358395822 0.0197386159215985 0.0476345929429799 0.0179196798956143
0.0588781523961985 0.020255849803224 0.0395741355470399 0.0331741202193329
0.0442690989843973 0.043976820415712 0.0142501048832528 0.0493798033349053
0.0113883429921365 0.0620798658345609 -0.0242020539343818 0.0562071040178082
-0.0456670861007035 0.068788094086565 -0.051499328796756 0.0172971421401517
-0.0765716903142418 0.010920900956487 -0.0416428840900116 -0.0268196372772885
-0.0537234480766379 -0.0609040554532037 0.00699770129288473 -0.00652559026075339
-0.0173573428846464 -0.0849819120460014 0.00438095144167381 0.095024509705745
0.0184496237877021 -0.019722457397782 0.0410334820229519 0.152948619655068
0.00442488349251816 -0.0468193078892246 0.00195009978539102 0.116869450420242
-0.0332034639261815 -0.0320806614682601 -0.00102825863270654 0.0985047119527259
-0.0514443351494884 0.0117506801617568 0.0344541841123384 0.0775761749683105
-0.0191301576193373 0.0368255698245945 0.0502014986535995 0.0537302239227462
0.00623933237124971 0.0327136228875397 0.0629549295263001 0.0371967544036835
0.0264403313087003 0.0233040775662535 0.0633244725079975 0.0255949146761016
0.0353136028776735 0.0146410782741595 0.0616702687277551 0.0257454953423191
0.0370911355041603 0.0160716487156515 0.0540334643983782 0.0421224212813927
0.0286606288636134 0.0306043621237598 0.0240478881122477 0.063303991881621
0.0031560426786413 0.0447428781729238 -0.0221165881368743 0.071046163221513
-0.0402232654319158 0.0408908065407554 -0.0563705765785461 0.0271320866542723
-0.0498623884783431 -0.00822094521744571 -0.0467280837270136 -0.0199866700427771
-0.0181622580852276 -0.0500974442507772 0.0057313402081553 -0.0041775135644111
0.0145773575892926 -0.0433387486626789 0.00367570333985259 0.109592124162495
-0.0433552876526391 -0.0120057057650044 0.00722685969749124 -0.12834223909607
-0.0191758756325539 0.0257471026204516 -0.0372620260613821 -0.00696411742868318
0.0192148167088159 0.025384109680331 0.0463222112371804 0.0420042750696526
0.0260978142205641 -0.00777426548127995 0.0884643187067968 -0.0113343408933658
0.00490516068305039 -0.0177480090666709 0.0572378512417119 -0.0838867507796572
-0.00294591952572983 -0.00942780135832093 -0.0155259271264764 -0.0952351269664137
-0.00489720130212607 -0.0111471604056667 -0.0594118223186436 -0.067535372600328
-0.00379307404588272 -0.01256991459739 -0.069076070778005 -0.0440112090697353
0.00343331852453854 -0.00763661829442185 -0.0743828702863364 -0.0393977010363384
0.00861301255513031 -0.00207257885141072 -0.0716876242722478 -0.053740651321359
0.0123056253981195 0.00270592483682684 -0.0503372044105592 -0.0756311443229598
0.00984895203299164 0.0235059240774804 -0.0132674333067382 -0.094011711955646
-0.0203125621591209 0.0248471842832985 0.0191614150350437 -0.0965530112545192
-0.0466937187458109 -0.0114497061158067 0.0293907145093224 -0.0937490286417888
-0.0390765711827218 -0.0435124293189618 -0.0100828706361307 -0.148639277477694
-0.0543319635640696 -0.0647548822504243 0.0283396003975027 -0.115884269089979
-0.0535044175173045 -0.0112088031822296 -0.032266898830026 -0.00172950583019685
-0.0278373441778297 0.0261340688062533 0.0515314189786341 0.0506618805282565
-0.00351972007854901 0.0273940078625247 0.101664506025385 -0.00722709214990643
0.00421985738617459 0.0166044810436921 0.0666227885994101 -0.0848107204899823
0.0115745398194109 0.0171416654723483 -0.0106827094923023 -0.0975479721842103
0.0226017286432939 0.00630982033910581 -0.0540780899777559 -0.0667074953120956
0.0244264590619518 0.00125186302689724 -0.0631752803643304 -0.042672379994871
0.028823943987837 0.0113729643458528 -0.0698780873887111 -0.0336775248952316
0.0196393400946988 0.0309266435642368 -0.0713314675113313 -0.0456471150563498
0.00115058413743533 0.0370027826663838 -0.0543017666220181 -0.0670455483428294
-0.0291610586505574 0.0483823057175602 -0.0201261775678361 -0.0880732646101112
-0.0654538026568573 0.0135520757418848 0.0102668125189859 -0.0912219792865656
-0.0708555418043504 -0.0566706509073088 0.0143679595262053 -0.0753198382727545
-0.0466315493583278 -0.105066665502064 -0.0202589934980992 -0.115100293600345
-0.0533838533605109 -0.110766339878747 0.0457338945107969 -0.0826359612542656
-0.0792682106235709 -0.0568141090210006 -0.0280874543908274 0.0127604754077807
-0.0769847409245241 0.0160071267193419 0.0508240292504727 0.0666902568130664
-0.0422652937816844 0.0582612560240739 0.110028020536926 0.00797386341285775
-0.00247886624780456 0.0546916208572763 0.0775185279975845 -0.0734090060699303
0.0226478074261496 0.0473904962821055 0.00112261471010345 -0.0905386110109217
0.0462674763081917 0.0260450210169906 -0.0400492665692986 -0.0589739689798574
0.0500561178136069 0.0151675062444605 -0.0478056582301824 -0.0350697211329867
0.0520323296732148 0.024989909319843 -0.0560322149084484 -0.0212313403896103
0.0329693029494922 0.0547860239320444 -0.064644090366947 -0.0276362015709815
-6.59929507944449E-05 0.0658159004366719 -0.0588191312215409 -0.046657069440698
-0.0525842489485799 0.0773554920638372 -0.0344209835532296 -0.0756783082229048
-0.101476020043935 0.0164308095031367 -0.00377973433384082 -0.0845226106228068
-0.0948730588762462 -0.0822443179931608 0.00498350972142118 -0.0548455997749311
-0.0551022818801067 -0.146747756981477 -0.0254652607894195 -0.0670075119227605
-0.0406535417742064 -0.140544897137245 0.055074135939491 -0.0324588427451629
-0.0882731499995059 -0.100173253262524 -0.0258549134108684 0.0365654008115571
-0.116445240140611 -0.0060299605283066 0.0420744768955569 0.0862187193087491
-0.083017298260697 0.076303145290696 0.108531657164883 0.0317902393201735
-0.0154640297440885 0.0862860692334126 0.0848673964308894 -0.04787516722049
0.0268309850288833 0.0737891663799102 0.0181513294082217 -0.0697188157555301
0.0618923461729375 0.0442318889582819 -0.0189307908274697 -0.0430566842233359
0.0679910667948167 0.0265795979577532 -0.025034247993897 -0.0220963215309916
0.0685340103744538 0.0333632099520601 -0.033859642616453 -0.00534946947295209
0.0447525316167213 0.0679961013685729 -0.0500046663645517 -0.00607709119713833
0.00387132292840937 0.0841545629310874 -0.057636817260502 -0.0196109402238555
-0.061965628123169 0.0988261211930193 -0.0456333891554851 -0.0561826998297146
-0.120136759439376 0.0245832522446067 -0.0161986636373177 -0.0751073102030042
-0.106985432878474 -0.090493798875101 0.00478578822503349 -0.0366511434052268
-0.0575704765140005 -0.16511129458207 -0.023962457809326 -0.0126135619460001
-0.0216319789225777 -0.145102624010016 0.0537620482024172 0.0299343037618214
-0.0773061490765576 -0.126392977650173 -0.0240076007384424 0.0666869446775743
-0.129977966619947 -0.0327097845667497 0.0256917087054322 0.101566795580681
-0.112181867501248 0.0728787052224538 0.0917808129709505 0.0572682120290406
-0.0308712414647561 0.10062088621091 0.0818581375988502 -0.012216082789507
0.0234675437980954 0.0883448706666957 0.0347290716173479 -0.037844596234321
0.0663048054759188 0.0561136465926299 0.00557509281342326 -0.0202937733467576
0.0755137451437764 0.0344489870915328 0.000531799365143167 -0.00614965148918325
0.0750923729339056 0.0361788512371689 -0.00941466802348054 0.011378294087537
0.0500203956572749 0.0703606501596572 -0.0299786628539957 0.0160787247166499
0.00624629980310249 0.0882370306719923 -0.0504426367400164 0.00838879206625381
-0.0645247641868205 0.102102916108238 -0.0513571024252952 -0.0336809876208428
-0.120127968420369 0.0244699550727461 -0.025863031173346 -0.0611697734853892
-0.100425387067482 -0.0891580517487784 0.00838622300570604 -0.0218574341704122
-0.0486682744477171 -0.15902894450641 -0.0180783352952837 0.0376666452216553
-0.00242327233149994 -0.122061999113101 0.0437076274389463 0.090648358035191
-0.0484745369995299 -0.125369621778879 -0.0232997138160028 0.0947392478025931
-0.112498604360788 -0.0527646486922036 0.00683983388447069 0.109029701205209
-0.115944706339456 0.051043028403153 0.0656415031861155 0.0758810805558753
-0.040786505912339 0.0926375159316441 0.0689570890610051 0.0233041839547844
0.0158148536989879 0.0854505301835999 0.0467880360774131 -0.00158813069249492
0.0606037800997432 0.0572044583461828 0.0293291819986649 0.00387220508198706
0.0718874700037192 0.0360356988705171 0.0259759755887273 0.010587135531517
0.071299678247518 0.0355962544275009 0.0149100003838832 0.0270654985507862
0.0469542163677379 0.0649550063490617 -0.0107826329578248 0.0361024308092664
0.00328803120311911 0.082054474869583 -0.0407900056155269 0.0323692795731075
-0.0643941101650171 0.0879679978329705 -0.0529742978490739 -0.0123524867196573
-0.10551875000459 0.0121873546254974 -0.0325266227380994 -0.0472202615521963
-0.0772536255248493 -0.0841544146508401 0.0110493143094209 -0.0103611831344604
-0.0280843253632566 -0.133791459429178 -0.0136517219930958 0.0775826495371732
0.0132928708479092 -0.0755419491767239 0.0297275521607241 0.138132654506063
-0.0153307511537911 -0.0949549078967729 -0.0225956451063122 0.113614278614085
-0.0733617868522888 -0.0540394596466732 -0.0105065200302701 0.107533979019011
-0.0932183555481489 0.0253846532401705 0.0378564150955681 0.084385801008426
-0.0377527324397439 0.0677445255592073 0.0530526835299596 0.0510222678353899
0.0082205527295251 0.0659323714165481 0.0548847983553426 0.0307881477775658
0.045616286009781 0.0466522416106425 0.0490320328155037 0.0251590922572766
0.0572473229348288 0.0313994283582203 0.0471543862758332 0.0258989534849261
0.056625583451204 0.0312946621266291 0.0354062880715536 0.0419401451861408
0.0379233989990005 0.0540700965402725 0.00474887507683056 0.0545178754001101
-0.00138112105286557 0.0680988102207485 -0.0344688855696269 0.0529626374443327
-0.0606950681592795 0.0640635780494188 -0.0550503202940428 0.00415083596746597
-0.0816158611517257 -0.00521872061274174 -0.0378477529173708 -0.0351365337953234
-0.0440342308777059 -0.0750211130638208 0.0109726084347896 -0.00299267958920878
-0.00122009036173934 -0.0930075971622961 -0.0129237153177962 0.105110336174237
0.0263336954831604 -0.0145869849505029 0.0171496839826162 0.163157578994384
0.0146556211656348 -0.0463741869945528 -0.0178021550291068 0.120229960827644
-0.0263564390297855 -0.0380881138486018 -0.0205417657975962 0.10046791150617
-0.052331333466826 0.00402006850038541 0.0187284652872562 0.0871130374863783
-0.0246396922003998 0.0336899893797831 0.0436553690161172 0.066918566792847
0.00130952751170839 0.034770517091784 0.0608510803246929 0.0501711287661215
0.0237273963469775 0.028425678990896 0.0631648109338865 0.0378751215587054
0.0343189903676385 0.0216513612757655 0.0612468704231553 0.0366594620636421
0.035590723250637 0.023323156155229 0.0493420295471325 0.0525364172449101
0.0248066728881943 0.0376650682744232 0.0132141809306653 0.0700291271695204
-0.00609002286137908 0.048424381422079 -0.0344508932080296 0.0691411173517002
-0.0499844826257963 0.0356770552875952 -0.0625873142475768 0.0147114301501158
-0.0501225451497585 -0.0199459321485792 -0.0452269655727643 -0.0281753042345033
-0.00904307379350094 -0.0560985521003442 0.00757239905887146 -0.00173408280205989
0.0246355161974456 -0.0411449487769098 -0.016173117784118 0.11651655534368
-0.0441260250092119 -0.00845133481131821 -0.00387503405794608 -0.129704677537596
-0.0175281362882261 0.0279885186492758 -0.0388805260337926 -0.0030085757278626
0.0217621700438114 0.0241011248266258 0.0502262259111135 0.0396480093647495
0.0257811438733611 -0.00972222924137275 0.0890562752310671 -0.0179663491640755
0.00365756885140999 -0.0186581913784457 0.0518042762567813 -0.0891145377541074
-0.00367597098739763 -0.00960488143353025 -0.0222687458630461 -0.0941293128932436
-0.00589239123565427 -0.0106201586437441 -0.0639822886805585 -0.0627492573406494
-0.00570729562130906 -0.0116715831800801 -0.0732354462467029 -0.0384181924112427
0.0024994411376312 -0.0077052956890424 -0.0781996452827071 -0.033855309578235
0.00844635226459434 -0.00232875025256019 -0.0766083475083735 -0.0483157341832759
0.0124328681841514 0.00164129613335485 -0.0565425483924817 -0.0725135719600677
0.0118723350954004 0.0227551065119578 -0.0205927586685491 -0.0942451764643425
-0.0193290108780562 0.0268980393965623 0.0137710644381086 -0.0987077351840429
-0.0491796772472792 -0.00752223625954613 0.0246428763329336 -0.0968662069160169
-0.0429416073303419 -0.0407820047826411 -0.0218860176169056 -0.14905650610793
-0.0593401826151257 -0.0605692267296107 0.017909001592554 -0.119322214679215
-0.0549331427946204 -0.00705462435579067 -0.0336548864902675 0.00156774856453877
-0.0254705078674861 0.0288393716031832 0.0554759153511607 0.0480559846589907
-0.000752284018779551 0.0277728756200812 0.102202362285573 -0.0144266956421468
0.00576815289503606 0.0162813110375978 0.0612039876370205 -0.0901986606053659
0.0133112136970173 0.0162795433972889 -0.0177269862276803 -0.0971966729441898
0.0229528487927951 0.00421146638742636 -0.0594438497614793 -0.063013193196909
0.0236110247703932 -0.000589543372399327 -0.0669030954620373 -0.0377395327342797
0.029970065402004 0.00883705444729501 -0.0733090509166527 -0.0287262846774049
0.0220879211520636 0.0297983741837665 -0.0756669168087155 -0.0404351936263382
0.00391363638472721 0.0365783096833034 -0.0601634326595419 -0.0639669885862211
-0.0248474010916599 0.0509547341128855 -0.0271980886040796 -0.0881545099232635
-0.0646064608933846 0.0189448986655803 0.00424142022119727 -0.0925462014924016
-0.0769871258735416 -0.0513970243684194 0.0104156560519579 -0.0768139813520896
-0.0556513291225819 -0.101765209478649 -0.029351826684443 -0.114980937720531
-0.0622627084623135 -0.107050457617438 0.0384169925253993 -0.0873095655104924
-0.0848371303345888 -0.0506386722668648 -0.0290041312664333 0.0158850959082395
-0.0759879506649857 0.0228781965657981 0.0560158592682556 0.0644670861854864
-0.0366998484376031 0.0629976376645517 0.112405735693198 0.000114128747237586
0.00267493961870889 0.0552848132784919 0.0736940790616056 -0.0803350012620432
0.0270114610356086 0.0453517916770505 -0.00492552642902445 -0.0905147721978946
0.0479932962683639 0.0222879064765685 -0.0446961004272623 -0.0566358329167689
0.0504672340270845 0.0109114054897288 -0.0508231832623186 -0.0318922872251954
0.0544884806687088 0.0206563414720645 -0.0582984073521072 -0.0171779070391072
0.0372674865041392 0.0525543086964098 -0.0676438268135487 -0.0229516150953227
0.00463872038439903 0.0664165339110275 -0.0634676798917481 -0.0430317631268651
-0.0461764006875408 0.0825340032532499 -0.0399044756099241 -0.0745303521861005
-0.100299571836031 0.0254119113715514 -0.00965521427889389 -0.0852086023487502
-0.102482182221785 -0.0754916853436014 0.00257721854203092 -0.0559520980053713
-0.0672567853108251 -0.142702005160539 -0.0302820992405265 -0.0656179296114034
-0.0521081248795845 -0.137961756591661 0.0517337584554274 -0.0371279707638075
-0.09765944215197 -0.0937912304234797 -0.0247065417152406 0.039441189665345
-0.11732774059766 0.00406220667861571 0.0484673101500675 0.0850489294489072
-0.0767379468280254 0.0845987688815133 0.11195609817767 0.0241432187832124
-0.0082109294230427 0.0885556137302333 0.0824906292908737 -0.0547644668658466
0.033612579897176 0.0717439369048338 0.0136555697925152 -0.0713799410054811
0.0655961609365598 0.0396774643181114 -0.0218413035053208 -0.04251502745575
0.0696814990471711 0.0204930264052788 -0.0275238692368477 -0.0207555694217277
0.0711459260788059 0.0274654394026554 -0.0350427343965695 -0.00358798655098666
0.0502896977623684 0.0645294135749474 -0.0513166557695274 -0.00172301647759877
0.0104299504523907 0.0842426049526601 -0.0605793564803313 -0.0157538017748601
-0.0539902421675056 0.104507472291644 -0.0507374318293749 -0.0536410607123966
-0.1185903770441 0.0347147545874482 -0.0228604532436284 -0.0746640756176102
-0.115004681378445 -0.0829447745188522 0.00319798000107889 -0.0374072396083573
-0.0713361677655035 -0.1605475480926 -0.024194626933233 -0.0113186059597638
-0.0332597520650515 -0.144137945649561 0.0556772830458151 0.0256594543229931
-0.0875116999584654 -0.121448536818591 -0.0205719484309438 0.0688906756740676
-0.133200748628741 -0.0227737904755207 0.0330002470965102 0.101989045179162
-0.106033546626018 0.0829960230277344 0.0970599327093936 0.0509445529663639
-0.0221298484429856 0.104364954597243 0.0826367817402705 -0.0183973415718108
0.0316993439280596 0.0868991635193688 0.0330829381829295 -0.0404076511812653
0.0716221307251643 0.051154137177504 0.00443653133079681 -0.0214573417414075
0.0780156241498029 0.0271412262549788 0.000116642988724342 -0.0067508856828488
0.0780715588158133 0.0300260330175565 -0.00808030227171295 0.0115988565020151
0.0558800917791987 0.0666561916978827 -0.0301822349905161 0.0188336925268246
0.0132935637546886 0.0884860394686881 -0.0507717503956809 0.0116652335370517
-0.0562845218743862 0.108253551936668 -0.0544915213994038 -0.029840999920307
-0.118340211555635 0.0341609906363758 -0.0320068356170063 -0.0600699484854754
-0.10861654877339 -0.0821697864649628 0.00758718648700087 -0.0228242321692319
-0.0615016022209664 -0.15542716925625 -0.0142286826592402 0.0386383986130159
-0.0112791772906356 -0.121989212463227 0.0510280356983032 0.0882151264392345
-0.0582955074863999 -0.12282831987888 -0.0174755485688465 0.0968274027880094
-0.117053702178502 -0.0443097703447954 0.0136644702881318 0.110512866973549
-0.111926239041416 0.0618720244958018 0.0714108170434497 0.0722777318488362
-0.0328760013769779 0.0973927449758104 0.0722270549546432 0.0186458661217815
0.0238924840774321 0.0845697546889748 0.0482152223370092 -0.00455795649366048
0.0655112143097173 0.0523970177238359 0.0302957082363128 0.000905843675344269
0.075051278042543 0.0291897896360966 0.0266307099376506 0.00818256600255054
0.0741788461440381 0.0297416824832937 0.0171846551423035 0.0260750160523518
0.0526571394935088 0.0612707785970391 -0.00891629303399522 0.0376300579636746
0.0104074259665302 0.0820932088347575 -0.0391007216804197 0.0356622150801673
-0.0575875294653905 0.0945468833258916 -0.0544931643766331 -0.00849838547077003
-0.104513310761752 0.0206052315889945 -0.0373807734778348 -0.0453378322551562
-0.0841815309956149 -0.0793747190128273 0.0111359926964194 -0.0116986928347864
-0.0389083727045532 -0.131605520112197 -0.00624867527074476 0.0787040408552556
0.00833412574492617 -0.0764915509785866 0.0401919509532705 0.13751569588065
-0.0227428108689844 -0.0946653995829641 -0.0154099991209772 0.116199352331929
-0.0775271570917278 -0.0490141302666957 -0.00396477326969121 0.109724727547445
-0.091426990095495 0.033923492981793 0.0442277506085447 0.0831469140876448
-0.0325815069752283 0.0715850029890626 0.0582436174892611 0.0477400007126325
0.0141487594998447 0.066086824862707 0.0584012979124974 0.0267832569783883
0.0495336757553122 0.0431697013183575 0.0522432223701326 0.0210320844010267
0.0599812169803596 0.0258616550306468 0.0494140038429138 0.021709334453738
0.0600664311331414 0.0267456180175154 0.039361182094598 0.0387671036059076
0.0425702816214172 0.0508286863853568 0.00829148721392818 0.055224678148523
0.00417625311060979 0.0685635218704484 -0.0313663740771749 0.0554253922225711
-0.0560176467472806 0.0696766062862778 -0.0562838264431736 0.00827680375147266
-0.0821598028144946 0.000722047439220979 -0.0421265155478479 -0.0327022325348616
-0.0499592495097795 -0.0721153421528559 0.0109569737257147 -0.00418549143385746
-0.00871601396799331 -0.0928757193319886 -0.00345315542990706 0.106674971881468
0.0255829310594373 -0.0160874256660952 0.0303167685169607 0.163631308926799
0.0117492808728993 -0.0475968539244118 -0.0106060258641097 0.122049332856825
-0.0294156453582129 -0.036289072046681 -0.0146567502598589 0.103458260531188
-0.0520997065611386 0.00899503663592208 0.0250242824916813 0.0872607087843212
-0.0220004554347777 0.0365165135088542 0.048608614195449 0.0649672558844182
0.00426649568995055 0.0354572614074859 0.0658395354634559 0.0460807262569468
0.0261324171694274 0.0265179701267709 0.0669847755162695 0.0326842582587093
0.0362777210112833 0.0184680971540104 0.0649154761834792 0.0311013576886594
0.0379260828788355 0.0202547855880316 0.0537543094380144 0.0489212874763106
0.0279160269509907 0.0350476084404968 0.0182867509704943 0.0701261118515438
-0.00185464828152568 0.0491656047191663 -0.0297785681457187 0.0718191265795176
-0.0479188024570342 0.0401768314977548 -0.0626379011658007 0.0198593017995912
-0.052147562984219 -0.016647177187361 -0.0484085412956854 -0.0256843033816616
-0.0131125466057973 -0.0556381608745197 0.00785246406986495 -0.00245209673941946
0.0214572599074941 -0.0424201248555501 -0.005956427942343 0.11875559242669
-0.042989807411269 -0.00555448810813376 -0.0126778299775567 -0.125974866883089
-0.0155186420081138 0.0286160845816508 -0.039023590743789 0.000352932942686629
0.0226587996088181 0.0221845537517248 0.0507400365302346 0.0374049205378969
0.0251238812415479 -0.0114274450459878 0.0862628427530058 -0.021214806848311
0.00261280183837706 -0.0181843015055741 0.04597246840812 -0.0894344406236101
-0.00398774579572351 -0.00924961198402145 -0.0261717205444636 -0.0906898833756032
-0.00658261963127913 -0.00977073080684057 -0.0657204428838211 -0.0567661569319411
-0.00683706768171146 -0.0103416232283139 -0.0733966476070353 -0.032980037074947
0.0020884623890491 -0.00750750311847099 -0.0781156269769842 -0.0284910532164644
0.00814080130150571 -0.00278148135268115 -0.0774393450810186 -0.0428137895699986
0.012248809360193 0.000820630588581529 -0.0601632913199907 -0.0681626531809599
0.0133270700334957 0.0213928681298735 -0.0244865048190872 -0.091558032757408
-0.0172114478470178 0.0277566605432345 0.00943841684579295 -0.0970998402962305
-0.0491216243292637 -0.00451650255505369 0.0207850030182186 -0.095910348937029
-0.0439548954004496 -0.037002722033086 -0.0290569525839601 -0.144284166110814
-0.0606842247653737 -0.0553534375472071 0.00959061306706002 -0.117033007435886
-0.0539226130227204 -0.00363893544075576 -0.0341170329323626 0.00421052787567185
-0.0228010798277014 0.0296848272005283 0.0568067752982695 0.044924095183386
0.00192684795787655 0.0272605113236242 0.0989302488844424 -0.0190821412358394
0.00676815496228312 0.0154797178263755 0.0553510125077852 -0.0915994416069544
0.0141686603709035 0.0147854760623232 -0.0218687196024326 -0.0937325967507929
0.0225734006103262 0.00252766286070472 -0.0610595815254954 -0.0579915108922425
0.0224066763288077 -0.00225580048989715 -0.0671655002430666 -0.0328878157606144
0.0294970962754844 0.00693194143543533 -0.0730603120806217 -0.0237393927633806
0.0227432121432695 0.0275676961135325 -0.0764024935972729 -0.0351435336644443
0.00565452845111094 0.0350511229132131 -0.0626178446436615 -0.0597089566235069
-0.0207354883398704 0.0508017600978541 -0.0309032257424766 -0.0847809410135877
-0.0620335454349783 0.0223541657802302 -7.57643433099492E-05 -0.0904102554019354
-0.0782862415316003 -0.0460083368075739 0.00810546171197154 -0.0756040810797474
-0.0593788660985558 -0.0955320252789651 -0.0341525390154521 -0.110452248022992
-0.0659296722102676 -0.100450084228326 0.0314539420721121 -0.0869864099130682
-0.085505602372062 -0.0444040735427867 -0.0286217991183631 0.0177689674989356
-0.0719474909906386 0.0266578606879364 0.057392137627374 0.0612038919735489
-0.0310245301116562 0.0634539620549004 0.109453878007017 -0.00521586283437571
0.00616236357585086 0.0539214998942357 0.0684482032037368 -0.0817182645171328
0.0291034548727526 0.0422443712090042 -0.00877533985512151 -0.0878802399851746
0.0476796248057561 0.0189773423666881 -0.0460682444571098 -0.0527788148940691
0.048305497820098 0.00722451249138491 -0.0515643437536936 -0.0275498811740593
0.0535978720919767 0.0171833935749803 -0.0577445410362016 -0.014197169323205
0.0395998949830275 0.0489310756213596 -0.0677768532917339 -0.0186031589583033
0.00852479782553518 0.0635356377265036 -0.0651737455823522 -0.0394303165686754
-0.03933097108035 0.082375551715914 -0.0432002346619128 -0.07096804629922
-0.0954969774389949 0.0305980222212855 -0.0135460945769736 -0.0831238290595724
-0.104150679935664 -0.0679559584944853 0.00142239842752307 -0.0546179788926633
-0.0732492917524069 -0.134536936105856 -0.0325012598606158 -0.0623831011797544
-0.0577428825618052 -0.130652881722029 0.0472836600606551 -0.039421372715786
-0.100546708072387 -0.0856681662264751 -0.0238632045836318 0.0402625165455771
-0.113142004246174 0.0107587071886845 0.0507172074535531 0.0812923068328046
-0.0682050288803208 0.0870525955062892 0.110615309967613 0.0184708582387717
-0.00191945672109883 0.0865998219176678 0.078359926664185 -0.0574826152780316
0.0373136189282461 0.0674374049932982 0.0100947429541202 -0.070137150199379
0.0659174893341613 0.0345434471868306 -0.0240054799023908 -0.0407033291048854
0.0679957437257886 0.0154105064922091 -0.0283011806529677 -0.0186432508907428
0.0704933314053211 0.0222496861348439 -0.0348596998693305 -0.00163244296696521
0.0526095241028026 0.0595256054399066 -0.0504591977484814 0.00139619862188187
0.014852160084884 0.0811647536394139 -0.0605681827015059 -0.0128204340359127
-0.0457617675073268 0.104899338555999 -0.0525322826483431 -0.0499461992754897
-0.112304139854509 0.0404309110902691 -0.0267090828868242 -0.07142951559488
-0.117026276232405 -0.0742092498700628 0.00261590871060729 -0.0367379678421345
-0.0779474169246428 -0.151322431579244 -0.0233728533077287 -0.00955762681883462
-0.0396964904256357 -0.138223146283971 0.0550943282652284 0.0217756792048882
-0.0925313311987868 -0.11346058535853 -0.0182834284285817 0.0683574370653086
-0.130137589173907 -0.0140415380400245 0.0358323026228687 0.0986927836906147
-0.0970203733888867 0.0880345603984468 0.0970113785316691 0.0455082549792863
-0.0150018293867726 0.102994740233108 0.080193073832005 -0.0219447292745219
0.0364324200955167 0.0822589611446682 0.0308681553332486 -0.040879569990777
0.0721998804881634 0.045239146659461 0.00322699020878455 -0.022009222996886
0.0767564695511919 0.0213581706519105 -0.000670412759086821 -0.0066312993208863
0.0773229363439087 0.0244398963829144 -0.0080165734226503 0.0113250660115493
0.0580343613017455 0.0612136650400799 -0.0288145949954069 0.020309530532852
0.0180600918047083 0.0849442955278933 -0.0499737755541597 0.0138277264573709
-0.0472918398517588 0.108660751721248 -0.0553230204278298 -0.0263252693857049
-0.112062044524369 0.0396386673248698 -0.0350368001703251 -0.0572143056945413
-0.110396293752274 -0.07427183831102 0.00729434319697271 -0.0228136105738119
-0.0683705482489216 -0.146534509504014 -0.010776825433561 0.0383430486365125
-0.0173389279172569 -0.117964560258761 0.0542195521442352 0.082801412947754
-0.0636576957707454 -0.115925227445637 -0.0136893070175242 0.0948647986839615
-0.115195112116386 -0.036132441434062 0.0174248207951759 0.108158358703502
-0.10433137538454 0.066933458400335 0.072762611914619 0.0675240084613767
-0.0257793770298958 0.0964531860552935 0.0719690522281294 0.015021195742422
0.0283878923054602 0.0809652433651828 0.0472722781942341 -0.00726028191995796
0.0667286246343088 0.0470336450616735 0.0295975164079877 -0.00146115612755267
0.0740661891631143 0.0232321390218875 0.0263815596967089 0.00569130351620239
0.0735606851721793 0.0237054734353859 0.0175386558326729 0.0236713700279901
0.0547598223877479 0.0561333208936105 -0.0072713132841132 0.0378884784280366
0.0145702061162049 0.0792543956883673 -0.0374328129253382 0.0363270578937233
-0.0496891355839139 0.0954780607920007 -0.0540947200963679 -0.00577762515119688
-0.100125002791624 0.0252426646594496 -0.0396530591984751 -0.0418432654829861
-0.086436323591091 -0.0728820520716211 0.0107092987823664 -0.0121033644353759
-0.0449001774599141 -0.124757010034749 -0.000567442595294939 0.0767400340085405
0.00431731396297956 -0.074144558402329 0.0465958068790787 0.131578260317181
-0.0269411356128766 -0.0908760365179002 -0.0101449045165031 0.113998694291113
-0.0771098084122779 -0.0435560237728006 0.000587254968502236 0.107881812200276
-0.0862613993883564 0.0390096444494272 0.0471890970949364 0.0791425654178529
-0.0274425956396747 0.0715493268733585 0.0596200137277354 0.0443808216503769
0.0177230371757853 0.0630125226977882 0.0591823422266363 0.0235601146899676
0.0508641135102408 0.0392447981410501 0.0522217296235815 0.0170032561461282
0.0596777545561831 0.0208394825290301 0.0495330316172296 0.0173573710259253
0.0598962179075507 0.0216884919517543 0.03986719022049 0.0347068176943084
0.0439368923958606 0.0464965245466849 0.00983073471522571 0.0535890729907669
0.00828677230428658 0.0664415638941443 -0.0286291337772582 0.0555505292641697
-0.0499963555880494 0.0716067356090838 -0.0551697737356339 0.0110695739405858
-0.0796005661178892 0.00454987502231345 -0.0432827759225554 -0.0294719754706252
-0.0524605921244105 -0.0675667619814125 0.0110887771950473 -0.00495388758711927
-0.0133477943107895 -0.0884819793657438 0.00407882274869556 0.103214406666518
0.0244253714888883 -0.0166455035233897 0.0389089466299945 0.157168268901964
0.00904252470723671 -0.0467771565210382 -0.00490388497996807 0.118998028023908
-0.0301238320563009 -0.0341393968654471 -0.0103113013161161 0.102766634298746
-0.0497336333318102 0.0120153957856522 0.0284370173422379 0.0845298073185549
-0.0190838632349116 0.0363908294930763 0.0516305039792484 0.0618135450002992
0.00645345864743371 0.0344054224277284 0.0674917680315588 0.0414329190264604
0.0271561540191705 0.024274870153567 0.0674372003005956 0.0279683579737081
0.0361558999356487 0.0150543847208283 0.0646763884236838 0.025851576898181
0.0381579800686874 0.0167503550523318 0.0547183975461823 0.0441291290737445
0.0293101244396757 0.0325545013877439 0.0214203047929761 0.0674517565935643
0.00112819643364868 0.0481344799816675 -0.0263069034197441 0.071480234712954
-0.0437881238749918 0.0424255087690569 -0.060825501928283 0.022356301403154
-0.0513435803541367 -0.0140502354575477 -0.0495617794296696 -0.0224887419139817
-0.0156881350489432 -0.0539504227411879 0.00768418472443161 -0.00321176821744044
0.0190264944128856 -0.0414482544142588 0.00225499094021588 0.115244228315334
-0.0414224072016389 -0.00481864865976799 -0.0150973774855113 -0.121413662775713
-0.0148554900925095 0.0279707718377909 -0.0385514594573372 0.0019782528954871
0.0223358989537845 0.0208604731028855 0.0508087322591065 0.0365767393418284
0.0245950416780918 -0.0112412254991672 0.0838075176772202 -0.0207981684727323
0.00221664786362159 -0.0184204013032581 0.0442966137935043 -0.087346600490495
-0.00419396975553839 -0.0091502202982707 -0.0261594310135735 -0.0873785438958623
-0.00651978721358399 -0.00959188482665932 -0.0636396116339486 -0.0533864255171521
-0.00712797743706237 -0.00985950660172858 -0.0715461303684804 -0.0304706849420713
0.00204905840477361 -0.00746926726542044 -0.0770254006478782 -0.0259895496438205
0.00792150251440158 -0.00250169178581798 -0.0761662091805903 -0.0403547229843561
0.0113674035189308 0.000239566969952467 -0.0595368832426895 -0.0654210421708215
0.0137407884651786 0.0205933198260833 -0.0250120196952873 -0.0891823269741552
-0.0165860000283028 0.0272289535768525 0.00902745921003324 -0.094271609899154
-0.0483163099808588 -0.00266422281525587 0.0206455858091972 -0.0931941167978294
-0.0423155418099756 -0.0348309225141921 -0.0300432491418167 -0.139475856770881
-0.0595026846224246 -0.05276892724382 0.00656145376572301 -0.113308221437036
-0.0527453515391635 -0.00225231667239203 -0.0339370188898858 0.0054552020661426
-0.0213316290348723 0.0287944076932608 0.0558594750394724 0.0444556216716447
0.00297064390344318 0.0263434597042083 0.0962107593999295 -0.0188838369278215
0.00725164341644174 0.0145510206362389 0.0533066765270075 -0.0898705653912543
0.0140093915235775 0.0133940958596383 -0.0219972318835814 -0.0903919860286834
0.0216357419693529 0.0020984937220687 -0.0596842990870004 -0.0547041612149693
0.0212182723961468 -0.00238508519361731 -0.0661666355281627 -0.0304086145034479
0.0288155162168409 0.0060407759980047 -0.0718126930779351 -0.0218100223846678
0.022416386895622 0.0263763729661312 -0.0748396098566984 -0.0328601282236272
0.00596085202290137 0.0336797775528812 -0.062474167645218 -0.0573207177489159
-0.0181370689868893 0.048825098218515 -0.0309931298688217 -0.0829437127024459
-0.059119968198382 0.0227241357786564 -0.000422176221120172 -0.0878435568219009
-0.0772343324922913 -0.0427295647662547 0.00883937300565654 -0.0733367820741032
-0.0584629229215491 -0.0909179453996202 -0.0341798872005142 -0.106586444644658
-0.065327177759069 -0.095835488504437 0.027476078227257 -0.0848845398503656
-0.0839969205367817 -0.0410588078255037 -0.0294885315437727 0.018628186619662
-0.0686512463595438 0.027570896704496 0.0560707555896579 0.0603293669230807
-0.0279919043887351 0.0620446756301359 0.105852417727016 -0.00617337966084603
0.00734510839261572 0.0513932191764509 0.0659296248180229 -0.0808011971126174
0.0290594271684236 0.0395762882175303 -0.00967999685662603 -0.0851967287683493
0.0465727930137191 0.016700666730744 -0.0456641117781396 -0.0503629732156776
0.0462412568253749 0.00585111527207167 -0.0507797693512227 -0.0260721324562365
0.0517743387377642 0.0151138289366204 -0.05673374676175 -0.0127203700984255
0.0385412191771275 0.0462940279170128 -0.0659013706098686 -0.0166396422527502
0.00960194259962531 0.0612099818170954 -0.064375267279868 -0.037728900664748
-0.0356993130198508 0.0802241734590924 -0.0429459102196761 -0.0687324858289556
-0.0913053792312771 0.0312004746402656 -0.014269664762275 -0.0805132666330443
-0.102737260507765 -0.0640366478474735 0.00246709167393497 -0.0530616252121869
-0.0725895637751493 -0.128063644393673 -0.0319343146697993 -0.0600783399753975
-0.0576307572968466 -0.12582223376602 0.0440888143741621 -0.0382207418094475
-0.0991035162956461 -0.0805427242396692 -0.024264158438448 0.040026275113817
-0.108857425296651 0.0125262930108588 0.0494118729159813 0.079852182262402
-0.0626983914245972 0.0855515527700974 0.107365297729955 0.0168027510512592
0.000467701289552558 0.0833787584568931 0.0764398855594117 -0.0572078536490943
0.0372548106247568 0.063509066360534 0.00930569898069778 -0.0681027734850502
0.0645278079620151 0.0313567834868551 -0.0237364509074743 -0.0390701809493838
0.0651623457498321 0.0129548102274338 -0.028202944737347 -0.0178767410385327
0.0683793782660834 0.0198083237560554 -0.0345637616671104 -0.0013074885596798
0.0516683174250144 0.0568284320356849 -0.0495396556523114 0.00241320100003734
0.0162778453333599 0.0777115173792681 -0.0599672866311971 -0.0120400996109934
-0.0410822197269512 0.101855949406986 -0.05204584755548 -0.0482976761396841
-0.107316771172534 0.0407527587500248 -0.0271240830250791 -0.0691895517616122
-0.115273203315123 -0.070360738241773 0.0033899460216274 -0.0356635858973279
-0.0775337164902845 -0.144166871717796 -0.0220974873416812 -0.00947279377247626
-0.0404458286891578 -0.132820445378637 0.0528535787127762 0.0200270165055817
-0.0914427603550081 -0.107734717354675 -0.0184383076751562 0.0666473021997873
-0.125474970836937 -0.0110779422235495 0.0355648847613147 0.0964759920681145
-0.0910135969326065 0.0869195831053987 0.0944348548063113 0.0435453356253584
-0.0118198693805876 0.099902948378955 0.0784407192969562 -0.0223694014921414
0.0372691163124356 0.0783511252390202 0.0298309994822839 -0.0403867628030143
0.0710626078030456 0.0419987116440213 0.0026779133692448 -0.0217637198442395
0.0738070340493003 0.0180441058005552 -0.00121742613267277 -0.00747987006909166
0.0751515240024551 0.0217611641987211 -0.00821878081018112 0.0103319688880354
0.057215186702678 0.0579088987722979 -0.0281952630966718 0.0206697755243795
0.0188837101043482 0.0818732593122987 -0.0491289695376229 0.0137945144247438
-0.0432786156425453 0.106345858765437 -0.054359956493703 -0.0253435989368956
-0.106922888247418 0.0402799362583235 -0.0354454354137598 -0.0548165392500785
-0.108019096751053 -0.0702240935790656 0.00824075089691643 -0.0224488919530206
-0.06825689519289 -0.139453256659197 -0.00845544710896088 0.0368718673087265
-0.0187863545541445 -0.113715552418515 0.0534193135714524 0.0794769008029743
-0.0635611616219435 -0.111385486465769 -0.0141707834576053 0.0919963974884229
-0.111730306390389 -0.0332227712951652 0.0175557398510739 0.105730352470457
-0.0984644879892231 0.0670690540913105 0.0711778402256352 0.0656505332900422
-0.0223748798916401 0.0938138142040117 0.0711502796674232 0.0140856491074048
0.0291666665639549 0.0775734213459617 0.0467797038188082 -0.00763483256680233
0.0658823447438193 0.0439460269657521 0.0286451988109178 -0.00233340428362268
0.0716740141130812 0.0200354365354308 0.0252962985930618 0.00464182422592296
0.0715926826512545 0.0211873403649656 0.0168763554689473 0.0218002476572759
0.0542991031588604 0.0530054311491851 -0.00710440669431603 0.0367377595886161
0.0158401775832722 0.0763695467227669 -0.0364381505611408 0.0354191261950551
-0.0454915382421826 0.0938069708500351 -0.0529472997928618 -0.00525656745678261
-0.0958557480916073 0.0257639185851842 -0.0398569246475835 -0.0399525471111805
-0.0850053881943068 -0.0692211681449495 0.0113832278195531 -0.0125189748745186
-0.0451364528537786 -0.118732619795547 0.00186342481654433 0.0735063524522248
0.00348332613870002 -0.0717665469705839 0.0476603068406191 0.126725693590595
-0.0270182479135013 -0.0873694271039301 -0.00983407858193578 0.109950545291898
-0.0751274261889122 -0.0408486492625324 0.000903782056678481 0.105827880484745
-0.0816872480909881 0.0397503473205073 0.0459473773290704 0.0771362036998089
-0.0248797735557035 0.0698867555903305 0.0591627877380161 0.0430585722126044
0.0185478719802349 0.0609612201318736 0.0586229621599861 0.0214624745874278
0.049803558026622 0.0367531352429118 0.0508724989612205 0.0153338986864678
0.0575162814920267 0.0184041622428361 0.0482128835559653 0.0152015496737409
0.0586393651745263 0.0195702803577401 0.0381967265238387 0.0324529555215388
0.0437210427399943 0.043579778655522 0.010493650943135 0.0517355449881298
0.00907401607817267 0.0641980957382506 -0.0272469518718184 0.053776929837892
-0.0464096826275545 0.0705301457546416 -0.0538157591700437 0.0105351395185867
-0.0766558288464952 0.0055437535599534 -0.0433736251998428 -0.0281097805500094
-0.051952533959284 -0.0652369640273685 0.0109313241007445 -0.00534828032383269
-0.0135952831158299 -0.0845110121987193 0.00698229382405157 0.0995683115564953
0.023829122733692 -0.0165554694793228 0.0404664041066738 0.151690509843288
0.00831633839668808 -0.0451606004625901 -0.0040100317859086 0.115108427479108
-0.0289181586050002 -0.0322360970026714 -0.00966052513944348 0.100288495397898
-0.0475839909143245 0.0127919738372787 0.0285198204640576 0.0820725867765373
-0.0180786724512132 0.03590713238169 0.0514413256004848 0.0595746865140151
0.00705600386161373 0.0334389164151148 0.0670232327295797 0.0386259911078141
0.026932935441259 0.022859804351196 0.06600844852602 0.0255713298705759
0.0352013430343529 0.0134145742645241 0.0632200829903341 0.0232168988229027
0.0372239780249733 0.0152342864006414 0.0529251066601978 0.0413636485480262
0.0285934151625332 0.0301015663503585 0.0215484140701748 0.0656704451607114
0.00244671732598048 0.0465435431862242 -0.0250929924083198 0.0693536273684751
-0.0416821525650348 0.0422390039694759 -0.0594516058907811 0.0227327610987605
-0.0500507302489919 -0.0135670752257658 -0.0486090768359098 -0.0210144709673515
-0.0158409683579563 -0.0521999802520624 0.00775553121613797 -0.0038408719099299
0.0186370029729074 -0.0396747477707147 0.00482994423709656 0.110372686423671
-0.0404695218452291 -0.00557837073782553 -0.0150565242192485 -0.119412234631048
-0.0151862446884191 0.0279282576000454 -0.0391106407993239 0.00348277890997074
0.0220313187828264 0.0207436709510288 0.0501018759652312 0.0374453486783927
0.0249063532912108 -0.0116892631805243 0.0838766280571374 -0.0190070730306588
0.00249982421552749 -0.0183424756660501 0.0459383621315778 -0.0858659751031941
-0.00397477136825732 -0.00923001592621476 -0.0240967294673594 -0.0868422881391732
-0.00647012493969314 -0.00988919712178245 -0.0623124077143866 -0.0529731518854977
-0.00704087471695863 -0.00905681492776841 -0.0711860495730224 -0.0304326282135607
0.0021546494146535 -0.00730123116023661 -0.0759321212147401 -0.0262191706114322
0.00806218176679645 -0.00253769452317391 -0.0755614214026723 -0.0407874163581018
0.0112382407494849 0.000228385775499671 -0.0586481677056099 -0.0657845777677715
0.0136383162608609 0.0197376273980063 -0.0238270722732854 -0.0892845134517333
-0.0169076312242681 0.0275042842798484 0.0112935178973943 -0.0938728768623189
-0.0485052366024853 -0.0026458228075612 0.0232791899970504 -0.0926917637937377
-0.0413255834736336 -0.0349965061767783 -0.0293461545000515 -0.138422466984811
-0.0581909947528261 -0.0527456713305666 0.00589285966593157 -0.111479694491491
-0.0524687967802648 -0.00244036887756524 -0.0350655514438765 0.0069580780147521
-0.0208579148623146 0.0287271267477591 0.0552409794395504 0.0458809455038002
0.00372707692140969 0.0256664695470588 0.0960851073829299 -0.016937833088448
0.00717126376651365 0.0141866282856615 0.054800746594451 -0.0885763690038548
0.0135989220655561 0.0132406601423933 -0.020683072334173 -0.089867522740578
0.0207915056356857 0.0018260778058918 -0.0585474899212567 -0.0542688933614026
0.0205114034708915 -0.00188006846100656 -0.0657712392036252 -0.0304982954741935
0.0283867025002768 0.00582618008174882 -0.0718433669294556 -0.0218359835908025
0.0220151480692564 0.0262517832394207 -0.0745417378755357 -0.0328415680875983
0.00564462908771521 0.0332999287403277 -0.0623210405073087 -0.0577241521725724
-0.0181600248935392 0.0482135595621379 -0.0300257234327851 -0.0830555351716199
-0.058605118090479 0.0222605698979783 0.0015249439102135 -0.0873767392853588
-0.0763022172540204 -0.043122816589555 0.0109981286929683 -0.0731801495174772
-0.0569331632986166 -0.0905087623791773 -0.0327726649724624 -0.105305807557545
-0.063532307698319 -0.0958100182857128 0.0268786702268099 -0.083110281637073
-0.0831540750754197 -0.0412167539106044 -0.0309191791974118 0.0190519512020635
-0.0675940382527543 0.0267859153667635 0.0551257775857371 0.0618560779548938
-0.0263526368030952 0.0612910038530527 0.105765436329658 -0.00413868306586916
0.00767647834655817 0.0505516226990917 0.0672156381553075 -0.0791913524693081
0.0285926293075213 0.0386908057517944 -0.00814294170275152 -0.0845393757930519
0.0462141238786014 0.0164812820864876 -0.0450094881374981 -0.0503234645702442
0.0453582187421705 0.00579778182914285 -0.0503101199550356 -0.0262499728512626
0.0509013121183178 0.0148558987653587 -0.0568146277285654 -0.0126394154406139
0.0380837937848594 0.0462229048519438 -0.0661771306528834 -0.0167292499427995
0.00896139869277823 0.0606229484124508 -0.0646562834082662 -0.038703650975493
-0.0353318851702118 0.0786005875227458 -0.0423510661399719 -0.069338051804611
-0.0900666566624856 0.0302412528881429 -0.0129724174034472 -0.0798364981958625
-0.101787726370042 -0.0641004540930551 0.00445900118706978 -0.0531121244900606
-0.07033765969096 -0.126914119164438 -0.0304780106610138 -0.0600420998872959
-0.0559891604484893 -0.124927675202351 0.0433366321916797 -0.0373323684769006
-0.0977854483979662 -0.0805700065670724 -0.0265217990569839 0.0400510004679086
-0.106758966574047 0.0122098153776605 0.0476715313871756 0.081271079850249
-0.0613823924539999 0.0844029175256134 0.106787840115215 0.0192217714816401
0.0009439086608713 0.0826020422591702 0.0776038193649655 -0.0560611155568893
0.0367062002825231 0.062937630895503 0.0103068389870443 -0.0678544438508748
0.0635288343237104 0.0312444351590003 -0.0234335594149221 -0.0390612134961754
0.0637457861942444 0.0129643366791691 -0.0279156586495489 -0.0179455846407255
0.0670223960202525 0.0197359854131022 -0.0347211863139541 -0.00166704355618293
0.0508952414777547 0.0565824496626234 -0.049972740977479 0.00208984217605114
0.0152949313638865 0.0768430896858265 -0.0607409752184687 -0.0129858934328321
-0.0409145782375785 0.100905001699368 -0.0512378572789255 -0.0486176998513838
-0.105896805440589 0.0394626646714414 -0.0263541678823635 -0.0690658244689659
-0.113929787103541 -0.0708067931680363 0.00530200332748551 -0.0357974963831451
-0.0748135764375331 -0.142162307491307 -0.0209088852934276 -0.0101069662942148
-0.0387873192822619 -0.131575010937345 0.0516080760104284 0.0207101193798865
-0.0899353223556884 -0.10742926162741 -0.0211928020851465 0.0663412957221912
-0.122678863272792 -0.0116874108671449 0.033039663235203 0.0983758149051069
-0.0892486151606586 0.0854612342844749 0.0931405950877659 0.0450673139313861
-0.0115079226169711 0.0984939961423819 0.0795462742442381 -0.0215764297768213
0.0361226169503825 0.0775656400213876 0.0304030835982166 -0.0398612173748499
0.070286158286802 0.0416928639203014 0.00255528485304813 -0.0224237759338787
0.0723716646794536 0.0175195364030304 -0.00169081488369802 -0.00728784924213456
0.0741832608293556 0.0211086525764051 -0.00912659692203028 0.00967554099741007
0.0563578917369912 0.0577294861009037 -0.0290100894756883 0.0201172797982378
0.0184685113319532 0.0810040023564899 -0.0498498095081644 0.0125616681956469
-0.0424057099492503 0.10497629717573 -0.0539143113784705 -0.026866074462964
-0.105653490526758 0.038533664101262 -0.0350439445730991 -0.0547178020878957
-0.107256965707659 -0.0706247075833974 0.00965025329579238 -0.0225664084108911
-0.0658859534765481 -0.137990414683955 -0.00802059091899169 0.0362138624860887
-0.0170713156348383 -0.113090290738007 0.0521275654567848 0.0790220290073176
-0.0615881010699209 -0.110750449681817 -0.015895313817405 0.0914488031021033
-0.109653799873175 -0.0336178418129337 0.0152101472526255 0.106049405530886
-0.0972534092847966 0.0657356830696891 0.0695727144830339 0.0665809286663465
-0.0224400535572064 0.0926432942292274 0.0712583411266273 0.014611186200084
0.0287230984155015 0.076651795552812 0.0471339245908048 -0.00755283903129257
0.0648498990223398 0.0434906453784934 0.0283487417395428 -0.00220384330564388
0.069820825110151 0.0197126373776836 0.0246542590063681 0.00440403898110103
0.0708952784198024 0.0209526924420437 0.0159378451744871 0.0213254029488279
0.0532327390750297 0.0527144300223913 -0.00752774450085972 0.0366187986142541
0.0156431528772496 0.0753139627670101 -0.0377525130197312 0.0341084592714488
-0.0447051126944526 0.0924907717633045 -0.0529239635613009 -0.00607202358634196
-0.0947189999517936 0.0241151877100683 -0.039638803439788 -0.0399876094761444
-0.0835697256321116 -0.0696107472723122 0.0118741406637993 -0.0130890191997611
-0.0427437411537078 -0.116570240898801 0.00265552415877933 0.0726052610640668
0.00415396156025694 -0.0707431708961873 0.045643661817735 0.125471158465174
-0.0258792533247206 -0.0872567023615518 -0.0117864948977084 0.108685510176368
-0.0733234616788119 -0.0410638756450433 -0.000785127151639024 0.105750121591264
-0.0806049151444562 0.0386882127565977 0.0444398126157351 0.0780061161100226
-0.0247231256798161 0.0689535208358669 0.0589506392680092 0.0430529404495164
0.017807213584334 0.0604378143309668 0.0584964156055696 0.0216394542551464
0.0493861556133852 0.036536022403706 0.0506258072742718 0.0148899013033476
0.0568616243710321 0.0178596556156517 0.0472108079894779 0.0147955413561142
0.0578667406347659 0.0187900864508683 0.0373269569668103 0.0318414007613388
0.0431431966194715 0.0438728565356019 0.00971154732643401 0.0515627577962633
0.00929176581354635 0.0636924736466417 -0.0287439680538861 0.0526512196940661
-0.0454947279185078 0.0698972071526557 -0.0539233919986603 0.00930602365191466
-0.0758367276581945 0.0041626356918676 -0.0435010406165725 -0.0279642586808154
-0.0509108897723698 -0.0650997160297884 0.0119267425165726 -0.00566208178840039
-0.0118264351042334 -0.0827229805601814 0.00703668189926 0.0976955857100275
0.024075273442118 -0.0155713807006073 0.0386959590178227 0.150303721970187
0.00925527426430004 -0.0444493336883462 -0.00645257918803021 0.113550749557674
-0.0282447933069175 -0.033143938852721 -0.0113869384999272 0.100280882012876
-0.0469396853793602 0.0126855225864544 0.0266770346990877 0.0826813134143687
-0.0182269500322337 0.0359549746227591 0.0510472074744698 0.0603360563630066
0.00688112476020269 0.0331717756111221 0.0666801591544364 0.0390428907408708
0.0264843381508231 0.0229641538252381 0.0661783698644188 0.0258460301557039
0.0349259189210062 0.0129274330981378 0.0622178415937915 0.0229943437471351
0.0366848160752332 0.0146469900048376 0.0522413906319164 0.0413576417786224
0.0281932933356378 0.0303944254678969 0.0202595266274601 0.0649713300545283
0.00241443253616999 0.046438506150902 -0.0263035723942457 0.0682335757952656
-0.0411004839129761 0.0419360472591178 -0.0596540045564651 0.0212609683517873
-0.0497196125450379 -0.0146033198251756 -0.0485809372026921 -0.0214982824049663
-0.0146626410533592 -0.0520611855525702 0.00787359603694436 -0.0044531811369621
0.0192564502806145 -0.0382051635631158 0.00472883846523598 0.108476586271409
-0.0411437861994851 0.012346116526414 -0.065109860739557 -0.103577598284727
-0.00229325491231233 0.0325734358808278 -0.0346686934892917 0.022167417615821
0.028484683290678 0.009499174380846 0.0645276306505281 0.0138428744203209
0.0167260461204802 -0.0219749970731415 0.0718246078973619 -0.0547838167028738
-0.006644301555353 -0.0179099869633527 0.00543777355965544 -0.100845204268186
-0.00860998860495838 -0.00632419492311105 -0.0595152272000275 -0.0706813622631793
-0.0102547753442424 -0.00623886229660293 -0.0808058593688065 -0.0221003579186591
-0.0102300626477272 -0.00521992957851868 -0.0795485084052906 0.00297974991097624
-0.00156675799934489 -0.00815587244308264 -0.0825883026674717 0.00958165915075551
0.00617429747055723 -0.00524794728271054 -0.0880115077953223 -0.00473046798019575
0.0100723985515363 -0.0048063803602759 -0.0827973219272785 -0.0355448787663898
0.0206126588465813 0.0106466651286572 -0.0608847842879047 -0.0715793414353077
-0.00360470834095516 0.0324485988197781 -0.0291967705580271 -0.0921037120156348
-0.0462239682701379 0.0180702833475198 -0.0152219010654735 -0.0992922979288892
-0.0558655452090802 -0.0162191055471847 -0.0816847963715044 -0.11936913047551
-0.0761696695456767 -0.0253133554354261 -0.0440824067506393 -0.105163357038524
-0.0487604556867939 0.0192905882480395 -0.0307200016950558 0.0242995481776235
-0.00759576077493199 0.0334758288508176 0.0725632457979474 0.0221214277581885
0.0133986120243009 0.0201513500276962 0.0844464436549418 -0.0558587158701759
0.0108567803074854 0.0102931788127976 0.0138355398807893 -0.106595189060419
0.0173448449602092 0.00685195688562426 -0.0566090522021448 -0.0746813930809511
0.0201757222539444 -0.00704491997534906 -0.0768529275632581 -0.0257158952780282
0.0185268224097231 -0.00957019112365136 -0.0740081684022151 0.000829097062668511
0.0284702930343555 -0.00632475009096669 -0.0762445490760531 0.0119408017393786
0.0317232748433204 0.0159167383178326 -0.0840824932074832 0.00298311791699332
0.0185804313815089 0.0290984744274677 -0.0840329844608649 -0.0267235635300309
0.00355098750070596 0.0501011331829212 -0.0666606422904861 -0.0643858220366351
-0.0457015939961662 0.0449001351320071 -0.0359623948607031 -0.0837548513629429
-0.0902578131946448 -0.00769286320600619 -0.0161403158702823 -0.07752424918338
-0.0953615207646059 -0.0616671320475603 -0.0684919212437781 -0.0872332672107875
-0.0980176862163464 -0.0640947331192358 -0.0142871763980191 -0.0879101691918516
-0.0922533560410232 -0.00459589997999052 -0.0225065244720953 0.0349548806649081
-0.0512003323493947 0.0503291128675811 0.0777624524995704 0.038866578898918
0.00069805459501893 0.0645036460696174 0.0992047473945463 -0.0457417123278206
0.0260701415157867 0.0431234611454103 0.0305326919049533 -0.102981138250003
0.0418967092637158 0.0246529215762339 -0.0419907822736519 -0.0748711284087848
0.0486801280801641 -0.00413608475778421 -0.0616725256030792 -0.0267692166985592
0.0448878872450719 -0.0128351935377199 -0.0580194684836794 -0.0019073641747911
0.053913104318742 -0.00743071681016091 -0.0589750647155769 0.0142457965440058
0.0550327608502596 0.0277072155267817 -0.0700396197385923 0.0150411197556466
0.0330859729574109 0.0535637841677927 -0.0798438792485866 -0.00685146187734609
0.000780531195973447 0.0862636480939446 -0.075448486271103 -0.0466664828252188
-0.0722930183806478 0.0649361310361909 -0.0474923067627494 -0.0720373281544594
-0.123265339736325 -0.0164975131794983 -0.0130533134470414 -0.0580430295687535
-0.124100074914679 -0.0894355385560281 -0.0448559194841167 -0.0463238503939016
-0.102174869006294 -0.094821900803304 0.0187074442557064 -0.0534964613680776
-0.121013767645004 -0.0352645140561706 -0.0112295725149778 0.0524781089052236
-0.093278601080117 0.0518317379869658 0.0778260531006687 0.0622474893063945
-0.0214210454273849 0.099597669884167 0.109568559941808 -0.0221311430663276
0.0330690616552791 0.0751756384604382 0.0513564769686834 -0.0852670452917356
0.0599800655150953 0.0429417769520697 -0.0171703313997699 -0.0669170962214165
0.0713972630402815 0.00210696916531679 -0.036458962352414 -0.02606005798348
0.0646889010967597 -0.0137755750118971 -0.0335793198213211 -0.00394775504141072
0.0708176879971991 -0.00941840038779378 -0.0337793170218872 0.0148324130927336
0.0716437450358075 0.0316220039107243 -0.0468432697374748 0.0259016541747899
0.046598954201207 0.066520499391562 -0.0661070775964763 0.0156627285971456
0.00501771689012078 0.10927748700737 -0.0770897539728579 -0.0236645748145174
-0.0835128983195721 0.0808219154508183 -0.0562360123678114 -0.0567246951274099
-0.137562033723224 -0.0177878127228495 -0.00517857101213019 -0.0426492922965987
-0.135108694894127 -0.101282205675751 -0.0140959703536249 -0.00353248493196668
-0.0880081480466362 -0.109139260235752 0.0509560518963145 -0.0030264343447463
-0.123894687463735 -0.0636791457317089 0.00431601636762383 0.0735199922195233
-0.116790919499987 0.0357213387110421 0.0694573267570834 0.0839698477275969
-0.0456523009336763 0.111556185139662 0.10775652388697 0.00936800553122662
0.028646614409743 0.094019595381231 0.0688513122094646 -0.0529739189024642
0.06532751828641 0.0567270816783673 0.0139363488768775 -0.0500293487259566
0.081748012750318 0.00923571202929673 -0.00412351427590624 -0.0211864303203056
0.0749858532863626 -0.0130188599285713 -0.00472712747806044 -0.00518221666890913
0.07770137514835 -0.0109181625166284 -0.00481978713662571 0.0145660895354227
0.0771267553962545 0.0306012184038215 -0.0186783854435294 0.0338939900048011
0.0517619362162398 0.0692579178671852 -0.045211421373098 0.0344775242758091
0.00588693557897435 0.114357727861812 -0.0702762846059664 -0.00105015519652466
-0.0840391136027667 0.0796000339180088 -0.0584026405556718 -0.0398882536970796
-0.13083076110432 -0.0208801906048044 0.00383153044991681 -0.0319638053872058
-0.124306702140937 -0.10087891327043 0.0167786798662358 0.03421139539037
-0.0589359614987165 -0.100360543306485 0.0763975601345394 0.0505434313859971
-0.0993980740892812 -0.0786913823037223 0.0195440084150465 0.0936584963246717
-0.112814994934961 0.0106131739274424 0.0553488246375035 0.0976873652122273
-0.0602119476646952 0.0966125191488783 0.093042174590837 0.0386083767946347
0.016653509101066 0.0930847369640488 0.0768456511717513 -0.0155040920022223
0.0585891528069954 0.0589007035560168 0.042989504962821 -0.0272657639852668
0.077879306344429 0.0132359624621821 0.0283144875211811 -0.0144594885021595
0.0734976054685248 -0.0105612937162052 0.0245784993534791 -0.00611691445171877
0.0744744806984084 -0.00999883859965158 0.0235218105425183 0.0143450885908261
0.0722682491523942 0.0274256443879656 0.00779627214565911 0.0395547766599779
0.0467763383623508 0.0654267456749299 -0.0246923260316425 0.0490375028033816
-0.00186958409869085 0.104382115091205 -0.0601012560869477 0.0167343358913086
-0.0799460063918219 0.0618407541640012 -0.0556742997140074 -0.0236217777748887
-0.108176223852611 -0.0296742118170308 0.00998466773403876 -0.0226555209752702
-0.0927290044813909 -0.0910405509126208 0.0400935398033525 0.0649423864209683
-0.0216687827895957 -0.0699049304043503 0.0920836100309645 0.0964936078181095
-0.0564745749608744 -0.0714803836455848 0.0313887052663505 0.107199355996386
-0.0825926914878918 -0.010910247328232 0.0400613939148017 0.102341733486542
-0.0566453176997464 0.0661326437691811 0.0739306342781337 0.0586125494752816
0.00518105399216372 0.0725775737812513 0.0767974626092843 0.0166280709977721
0.0418707032870316 0.0483375108213949 0.0657833621919982 -0.00530834923221455
0.0604459778718509 0.0130383714523415 0.0562668485692795 -0.00773167232637976
0.0600719253005 -0.006778555571873 0.050334101288641 -0.00634354080375802
0.061952193751043 -0.00657118106185993 0.0480184401765407 0.0147714267443589
0.0587352326999019 0.0229577426172993 0.0307379353469442 0.0460444376729124
0.0357307518799651 0.0566673975819617 -0.00842011921620219 0.0621672983801242
-0.0125695080563199 0.0845194456731678 -0.0528929960967474 0.0310002690717934
-0.0710477188125316 0.0345431923815069 -0.0530037645087719 -0.0107943519220977
-0.0753821512522473 -0.0394489612475511 0.0122523626516516 -0.0141624243868166
-0.0476556487267542 -0.0723738945049568 0.0529416968392718 0.0879089210943774
0.0183551330895884 -0.0262156712507461 0.098255373521328 0.122735165595859
-0.00719315255723113 -0.0463093424549529 0.0402918062405515 0.107721942509461
-0.0375445318233333 -0.0208341716896794 0.0288520838382071 0.0990217592283586
-0.0367039861201033 0.028878550550703 0.0589354095990679 0.0683988420460264
-0.00214584241022205 0.0395156509226099 0.0752358664133362 0.0354360393061072
0.0203874473797882 0.0276851679167488 0.0803580814303353 0.0071980474249815
0.0339877758240447 0.00957059649823754 0.0744245201216489 -0.00482180680162189
0.0376675556513808 -0.00255716992862873 0.0680791218544911 -0.00611215579500333
0.0410881539228634 -0.00196700327147047 0.0655505466550432 0.0162163091547761
0.0392667417197632 0.0163770015354763 0.0465425364148472 0.0526252806514
0.0225742842492563 0.0431946140994539 0.0018821883191847 0.074674129148135
-0.0202380903174506 0.0569642211537413 -0.0514861863007886 0.0434367789927972
-0.0543672946768306 0.00628589415432688 -0.0542353130325804 -0.00170872694676294
-0.0358004433043911 -0.0425025294156462 0.00847526063671856 -0.00868546429320754
0.00244922418619788 -0.0442872424391569 0.0520611874977445 0.100302886920567
-0.0424396176107051 0.0134279329666991 -0.069771324607514 -0.105504223198186
-0.00208001314647552 0.0342608355788898 -0.0357879280486094 0.0245569894390213
0.0299131223034987 0.00955903148609463 0.0684674113182935 0.0145305739282722
0.0175925214889507 -0.0238195995694071 0.0749046564886369 -0.0576836772679873
-0.00716365129550939 -0.0182678163682641 0.00483955050044635 -0.105777602808651
-0.00865943794813841 -0.00657045274373307 -0.0627771160842195 -0.0731904883465386
-0.0108392041977406 -0.00647982925998437 -0.0833411794994816 -0.02196508892903
-0.0105205581388324 -0.00467794778076397 -0.081927841629028 0.00460343978020697
-0.00193592128438742 -0.00810971274205496 -0.0859753386117297 0.0117389601206305
0.00664580174212668 -0.00569330513131334 -0.0923464385504172 -0.00344212120188472
0.0101749326561617 -0.00523199334195282 -0.0872330972208087 -0.0356277486286973
0.0219471397760088 0.0104573099916245 -0.0641593447499011 -0.074427295028888
-0.00302684133903718 0.0339757047635332 -0.0309548703976378 -0.0962392862837174
-0.048467636058036 0.0197650183346904 -0.0157899422167178 -0.104040649595391
-0.0580294431396083 -0.016244793232402 -0.086605579588932 -0.123040282089554
-0.0794697024536316 -0.0253231909826627 -0.0481081040323273 -0.107531167482914
-0.0504498230637394 0.0214867202201799 -0.0316969012582913 0.0273526416978893
-0.00697058156793407 0.0351927880529776 0.0767435231336684 0.0227321608273264
0.0142948089777687 0.0200415434314387 0.0881762659831405 -0.0592440315756053
0.0117952325416667 0.00975192397538077 0.0133511329071282 -0.112025916198079
0.018175188348557 0.00688376872740216 -0.0597780070442804 -0.0775196899611422
0.0201096922419229 -0.00786684587136698 -0.0796110979986053 -0.0248181558620107
0.0186883377575292 -0.00988131635073867 -0.0768872068702372 0.00239329971989035
0.0293115593669919 -0.00733090752781567 -0.0794601297870928 0.01420172519836
0.0334859855728201 0.0156517935844898 -0.0883256621459471 0.00473680067058727
0.0191263521982911 0.0296627348530504 -0.0894141242631491 -0.0264853632525799
0.00452328911138891 0.0517413648799556 -0.0707427287173458 -0.0664516073030662
-0.0461265986268889 0.0470051781773975 -0.0377301739566712 -0.0874359236510064
-0.0942224538667118 -0.00645179002072241 -0.016510338317996 -0.0818924579111923
-0.0994986957211392 -0.0624156535733151 -0.0721904432211461 -0.0904202985594046
-0.103124394192432 -0.0643957972308118 -0.0169827291536149 -0.090633162297727
-0.0962926168387038 -0.00269213928625038 -0.0238293481729815 0.0384473054520962
-0.051972390746334 0.0530255248581351 0.0825937487022066 0.0405499909899953
0.00285414399539345 0.0662256169689143 0.103952522902141 -0.0485864515819057
0.0281346301268774 0.0439145744366181 0.0313491096245716 -0.108855598082467
0.0439246873481102 0.0246623614807761 -0.0444493781734505 -0.0774714194529093
0.0506552615276929 -0.00538671237635058 -0.0640284416980056 -0.0270869216737193
0.0457131963167792 -0.0136688270214703 -0.0604566948788196 -0.000237859660112996
0.0554587656953704 -0.00888117549984006 -0.0614338561279963 0.0165988580248556
0.058026391038307 0.0280958674127276 -0.0730308006273074 0.0172724096962295
0.0348120792956651 0.0548167394861594 -0.0845911480864975 -0.0057966115800144
0.00243227034338508 0.088442535195505 -0.0795342623238642 -0.0481123178695136
-0.0737935135988772 0.0684688771591958 -0.0497440214389241 -0.0746547035272677
-0.128208832151817 -0.0150784501919561 -0.0132987381710244 -0.0614729375942009
-0.129724230013275 -0.0909122318717288 -0.0470277669649671 -0.0478525790936622
-0.107655924826675 -0.0965051270689717 0.0183314547322263 -0.0551091608312607
-0.12631808044983 -0.0343861419617116 -0.0122366460424184 0.0563276132148772
-0.0949234878096429 0.0556774011459667 0.0822596539546242 0.0647642561939834
-0.0191645018600876 0.103061998296524 0.114801196191039 -0.0242237419219381
0.0361808898471245 0.0769039110290049 0.0529798883665292 -0.0908008291520238
0.0630710037983019 0.0437299224847576 -0.0183529369247883 -0.0698372741653651
0.0740046297620308 0.000585824145123895 -0.037980111706809 -0.026432603333498
0.0660338911966042 -0.0156306933397764 -0.0350670087962352 -0.00307205729427281
0.0727361834757262 -0.0120174770772431 -0.0354668015607997 0.0169495916069585
0.0751450199228498 0.0318645050633678 -0.0489300462535743 0.0282828924146181
0.0494620414395421 0.0681071085602241 -0.0702004211787286 0.0177447491002507
0.00823414906330415 0.112590382897939 -0.0815575984021594 -0.0238220130101666
-0.085034907212858 0.0846531832023175 -0.059141319494134 -0.0581578426872777
-0.14284980953699 -0.0164070192080175 -0.00512858729346007 -0.0460605857265083
-0.141125401752538 -0.102874087762964 -0.0143149471036679 -0.00469785461349652
-0.0926578416411512 -0.111630614755655 0.0524171206739384 -0.0040112044411779
-0.130201752936397 -0.0643484262978924 0.00424719412310947 0.0776537169264847
-0.119922460582183 0.0392856188199743 0.0737684842613304 0.0876050643397701
-0.044472698073234 0.116044633573124 0.112930123995637 0.00926644927028416
0.0318877297386679 0.0972003328140284 0.0719926441153213 -0.0572490213112848
0.0690614383291962 0.057756423525361 0.0140628006332089 -0.05262397483694
0.084695571022818 0.0075420762572174 -0.00477553211108102 -0.0222279596744884
0.0767175094083361 -0.0147917248855623 -0.00528722906376895 -0.00519586008967358
0.0798877993849007 -0.0137812481294571 -0.00596675239862315 0.0162272808987069
0.0808274853652214 0.0300381974835228 -0.0198739655327444 0.0361620439740758
0.0549909318487289 0.0709625449747582 -0.0484593194934419 0.0368489475206604
0.00924396632196574 0.117734558050723 -0.0743510062175221 -0.000606059760003261
-0.0860864424150687 0.0839881145128884 -0.0612402521450841 -0.0399157952576219
-0.136281491132283 -0.0196845317732592 0.00417641150811079 -0.0347434177155644
-0.128968540694632 -0.102558033585595 0.0184761837879676 0.0340859074448171
-0.0627030335335881 -0.102927609291866 0.0798703095043073 0.0512294969957487
-0.104410954793468 -0.0804174136281557 0.0201393260971849 0.0978451055874046
-0.116437188585798 0.0123283996705504 0.0586292222104014 0.102335945534892
-0.0601901723024476 0.101102706816894 0.0979392714882683 0.0400178398353521
0.0193159926297631 0.0964862354477919 0.0809988152960461 -0.0175977109471236
0.0619391457854277 0.0602621473927307 0.0450018211336479 -0.0293051483637399
0.0810408495512786 0.011943546830845 0.0294541682031454 -0.0157529927331547
0.0754142048031499 -0.0124936789594575 0.02532894437853 -0.00731662084953869
0.0767594780416921 -0.0125087324425266 0.0236674381566081 0.0147448472799896
0.0757945058194472 0.0271640080841561 0.00842338593613868 0.0416428044352064
0.0497930738807941 0.0668086518472295 -0.0262424497876097 0.0521703910801448
0.00130075612918397 0.108477148951515 -0.0640093260572555 0.0177214064720616
-0.0821605450885411 0.0651314759882318 -0.0589226195884231 -0.0235123753249841
-0.113335000642162 -0.0293572867617609 0.0106909065753625 -0.0247534151727315
-0.0959883158927209 -0.092792941900498 0.0434687710889441 0.0653176191028804
-0.0233649650202797 -0.0719783935872339 0.0965694558910739 0.0985067435463882
-0.0592868464292676 -0.073795846895725 0.0328160716443803 0.111068401931223
-0.0853891930553698 -0.010289466638651 0.042106560179762 0.106730277167467
-0.0565790334776077 0.0687069421620043 0.077954687378416 0.0606205697018551
0.0070146819976478 0.0755559676938795 0.0809914155654604 0.0158804105688471
0.0449709502145459 0.0493460950378038 0.0690144754579984 -0.00721848879476865
0.0632233612055565 0.0122472404469544 0.05869457593712 -0.0094734631048763
0.061646612763962 -0.00852762623500025 0.0515931308314942 -0.00796646125208978
0.063797888603184 -0.00862597345108064 0.0499058076346055 0.0146281045132544
0.0619128100771663 0.0225267885984464 0.0322440809995492 0.0471324093337306
0.0385214730023022 0.0580544175200402 -0.00888991274765785 0.0650884645503352
-0.010744667613131 0.0879606023241645 -0.0556212136502684 0.0324847341787576
-0.0734494746666837 0.0369154514234852 -0.0559630144348512 -0.0106104847896704
-0.0788733408439414 -0.040007635375974 0.0123451637684519 -0.0158302534578796
-0.0492074119422193 -0.0740857323352117 0.0571616839751568 0.089361471589174
0.0190697536874611 -0.0273735760569543 0.103373569365287 0.125611456188825
-0.00825430730644457 -0.0484813047413027 0.0418940126378475 0.111214956961682
-0.0394011821522328 -0.0212359688251128 0.0304975635202915 0.103407387429015
-0.0369196981299578 0.0307400491739374 0.0622560696811279 0.0712118502471557
-0.00125212190735192 0.0412333552663155 0.0797402140969948 0.0358248566404559
0.0217429424175548 0.0284657366788914 0.0842864080469686 0.00568081013227004
0.0355361443250255 0.00905179929605561 0.0776703547122993 -0.00673963347534504
0.0385143613232701 -0.00376281610621015 0.0695322356485892 -0.00833883083995223
0.0420398845382176 -0.00318264885182775 0.0680761956580309 0.0155245429064902
0.0416672299732776 0.0164004313187161 0.0488022219719514 0.0538144360802419
0.0242797455962145 0.0442808626786216 0.00214161139477764 0.0780600744227476
-0.0198405872531407 0.0594865207598224 -0.0540123528016804 0.0456752424132094
-0.0566821656400104 0.00720623106000397 -0.057331588946767 -0.00127662677549128
-0.0373429976393705 -0.0434705291497797 0.00900503875847844 -0.0105338562162363
0.00286493293263806 -0.0457862529022289 0.0563096312827773 0.102298114139813
-0.0429619798026424 0.0154181761936988 -0.0768884696454006 -0.104696462197124
-0.000541407607954062 0.0358954830194355 -0.0348907408796502 0.0283362328251694
0.0312992863801028 0.00869699691889343 0.0719682801716206 0.0127302985432847
0.0166597301906268 -0.0255352180813527 0.076821785441159 -0.0623970389140677
-0.00823022415033535 -0.0191058877735852 0.00132300474027818 -0.109942702958078
-0.00937540921610492 -0.00634575789937372 -0.0675072947136578 -0.0736357597539936
-0.0116054143981807 -0.00612972798172811 -0.0858188389832919 -0.0186771427342419
-0.0111359488860484 -0.00412217090557162 -0.0842334324213318 0.00906246990653969
-0.00229058242148417 -0.00868685752792814 -0.0881033566208847 0.0167988125709046
0.00674104999697954 -0.00632489237093273 -0.0961677488070735 0.00134535086553428
0.00958776914654125 -0.00563471808308757 -0.0919112388142631 -0.0332072011541723
0.0227384228754066 0.00949384059374253 -0.0698769133588529 -0.0746518081317118
-0.00136165036193435 0.0351066478391924 -0.0345532537979976 -0.0988083902713504
-0.0485598247826617 0.0235377274123268 -0.0193202278936459 -0.107653082624728
-0.0604123213139988 -0.0147345416031883 -0.0946809985933222 -0.122248021580842
-0.0829826463334671 -0.0225580109653293 -0.0547295142578073 -0.107884997091633
-0.0510717947628882 0.0247450851138993 -0.0314166312453444 0.031307891513493
-0.00516870597436164 0.0366951448443704 0.0807726837353572 0.0210284093621294
0.0163279373175036 0.0188837823318859 0.090041274431526 -0.0644708318076576
0.0124923826090945 0.0091310156197506 0.00953292845601532 -0.117374845728365
0.0187579050763937 0.00608226140608338 -0.0640867751849865 -0.0780905498114791
0.0200725127169036 -0.00901275316001407 -0.0824829784451754 -0.0215858019501126
0.0183739273779991 -0.0107490185758484 -0.078910173623142 0.00653063752368374
0.0297991750294718 -0.00899140360239738 -0.081580534946742 0.0189953104438092
0.0355407652568732 0.0143396172574667 -0.0916086368943809 0.00953027801988052
0.0207776446016262 0.0294755983292427 -0.0940973432479481 -0.0231939936886819
0.0069920776989423 0.0523119076917227 -0.0762638399962709 -0.0662107510602826
-0.0452483647177485 0.0502306305358305 -0.0418377057722375 -0.0890241743101687
-0.0969561597602303 -0.00181674738760778 -0.019391073639407 -0.0849426780389639
-0.104642280311939 -0.0599477950045788 -0.0785356508594705 -0.0899280939762233
-0.108522799338076 -0.0616592283091723 -0.0220518820931238 -0.0919282901036727
-0.0988823873040614 0.00182582921081485 -0.0230041504485119 0.0424770362615622
-0.050188577277354 0.057127203727096 0.0876387399701985 0.0393489005927407
0.00676226691817232 0.0669471434250134 0.106134425681055 -0.0540406347259361
0.031411022405016 0.0430859337317229 0.027630009503569 -0.115147394340156
0.0462198544701764 0.0233664161860425 -0.0486735257329794 -0.0785022144487398
0.0511170100147483 -0.00807204091873763 -0.0669359177689506 -0.0244843770241225
0.045563227318213 -0.0159732547976396 -0.0623323024034061 0.00241116324989166
0.0558994733362157 -0.0118442240795409 -0.0628313108040585 0.0200867291653993
0.0614663583610001 0.0261063100047369 -0.0755920498744698 0.021546783149238
0.038133126979499 0.0544910757497547 -0.0886891349096709 -0.00172992107795407
0.00706984933137453 0.0903879665770391 -0.0848262779548785 -0.0466756962439037
-0.0723700341785628 0.0734564152423966 -0.0542115122333862 -0.0750992803892759
-0.132620067486983 -0.00957074270465362 -0.0151761327374385 -0.0646166395397947
-0.136636588846598 -0.0878125150141932 -0.0500651521039855 -0.0475806052815064
-0.114524998726091 -0.0942925592002421 0.015756608967523 -0.0571217373494812
-0.13193851336989 -0.0295343299969734 -0.0108845446709088 0.0596331112734977
-0.0942096290007127 0.0610871545701347 0.0882349713764579 0.0649943983479148
-0.0137908309566709 0.105869348508794 0.118332693397323 -0.0294045776312105
0.0410015254511649 0.0769131206122901 0.0512659039787416 -0.0971762045667489
0.067063579664344 0.0419744037889317 -0.021634060409029 -0.0719346117879372
0.0755664914475024 -0.00296452150666106 -0.0400500839562229 -0.0252327018892515
0.0663447495675834 -0.0188087031104811 -0.036703216767859 -0.00157336384358375
0.0736211877514721 -0.0158723021232873 -0.0364538744806321 0.0196699578924886
0.078888939281183 0.0291327439670783 -0.0496734601657619 0.0317674368718852
0.053526546645888 0.0673811128944453 -0.073187927524941 0.021634684435806
0.0144189982712709 0.114730570346156 -0.0858151521245089 -0.0219138145051318
-0.083134194394361 0.0905865461403344 -0.0631868938431808 -0.0572343448336158
-0.147755814519413 -0.0104587062123441 -0.00656772949344325 -0.0486691747462598
-0.148702678161567 -0.0995195245519744 -0.0143128248025128 -0.00501442817413011
-0.100043754209666 -0.109875745583089 0.0528515372690582 -0.00631065020289845
-0.136439303010267 -0.0606767160774668 0.0062640453097731 0.0808425664936057
-0.12113994657338 0.0452165034091643 0.0795264981183094 0.0888564870469882
-0.0390486933795563 0.120394937736218 0.117449557919019 0.00501706891610235
0.0376933339023086 0.098111162287079 0.0721813875607069 -0.0636533761483846
0.0743695692668394 0.0564417407313504 0.0125361974651137 -0.0559319469610536
0.0875730344686396 0.00337921798481651 -0.00565835787602123 -0.022703770866264
0.0771996318837085 -0.0187398784594129 -0.00585671021806368 -0.00559564149096895
0.081070278819407 -0.0180488766603027 -0.00587290418846067 0.0173717748959378
0.0847295983272199 0.0270546782646279 -0.0198391935680875 0.0382153673896783
0.0596514295350367 0.0697172214920703 -0.0501635496362549 0.0407909254330297
0.0155587454328903 0.120651036553437 -0.0771627008948257 0.00176084650879795
-0.0846872850765667 0.0895719394156173 -0.0652889320538683 -0.0387882494143603
-0.140841445132594 -0.0138050737079943 0.00295037131055764 -0.0373432681277307
-0.136129769114545 -0.099625474353347 0.0211496027789168 0.032965059635383
-0.0685832679660968 -0.102659625135555 0.0841007446041965 0.0491008866926857
-0.110462663284677 -0.0783004457389137 0.0235309903997623 0.100295382856055
-0.11839881084259 0.0170414691169501 0.0640537744595545 0.10381536337415
-0.0561361348969316 0.106087240263042 0.103176229727403 0.0379428971745482
0.0251407537062139 0.0978338233308172 0.0830467497844939 -0.0230728513380886
0.0668023207916318 0.0593941586103413 0.0456330302934485 -0.0330191152042337
0.0837962731008249 0.0080920559363313 0.0300511254709349 -0.0176696931124893
0.0761958274356266 -0.0164510899086223 0.0254032917549284 -0.00875127886636865
0.0778009088666999 -0.0170373980617349 0.0247618553885017 0.0143669830854325
0.0792318955640505 0.0241429325935525 0.00952795115807634 0.0425810099734745
0.0548754001732386 0.0663318981396342 -0.0265862075156682 0.0554223942456045
0.00685795557457045 0.111229758020257 -0.0657779715872684 0.0202377527456361
-0.0819122245178566 0.0709814565112259 -0.0619001257932352 -0.0217101270627119
-0.117195163943518 -0.0253150693855661 0.00975366963005011 -0.0272358597861226
-0.1020205123228 -0.0916974865656545 0.0484731348019036 0.0644716593309108
-0.0268108450816384 -0.0729451118381443 0.103424727246139 0.0970154382398011
-0.0639148390302887 -0.0737922526273084 0.0367224135098201 0.112331448158582
-0.0882388601806709 -0.00781051735385172 0.0476609447025496 0.108891721640893
-0.0547039275069761 0.0732970776317931 0.0826332930158293 0.0603625449501538
0.0109870204382286 0.0773618947282531 0.0849807099096756 0.0122931404625488
0.048752105264395 0.0487010118725207 0.0721099132831227 -0.0111428200660006
0.0656568011947759 0.00957956905653917 0.0602681777542361 -0.0129483813200195
0.0620293225854418 -0.011992607034049 0.0522464031516223 -0.0111728189958772
0.0642492766817641 -0.0126747465369374 0.0510172025890913 0.0131381784820798
0.0647848479842402 0.0201548325619814 0.0348053094380668 0.0472696226702675
0.0424220201810996 0.057898673150238 -0.00775227332420215 0.0679506716742989
-0.00640669460810279 0.0908166327386032 -0.056917900757884 0.0357445881012387
-0.0742640144328997 0.0412488198659406 -0.0586888115937776 -0.00827341613831447
-0.0823607130280508 -0.0381752682112206 0.011904701211232 -0.0178777707879339
-0.0527857015876089 -0.0748450539796219 0.0629191874456939 0.0877806886003651
0.0187989526310055 -0.028431645819777 0.111501533040453 0.124523015488749
-0.00982097716570488 -0.0495116652725266 0.0464039785492842 0.112434656952747
-0.0415780614587516 -0.0207647658481005 0.0347356807481106 0.106162269798722
-0.0361026893332056 0.0330474592675371 0.0670053917829722 0.0719588430138057
0.000839067748353313 0.0431372784434938 0.084901699237349 0.0336699290267089
0.0239434950535109 0.0286669650956654 0.0876652240109475 0.00158534208336152
0.0369744692822852 0.00802972786633087 0.0799969316651406 -0.0111594455680245
0.0389840542124405 -0.00583575043220024 0.0710100831055283 -0.0121516140407967
0.0429339376352895 -0.00582618051146932 0.0702030255670537 0.0128418571512115
0.043212816377655 0.0145215677249048 0.0524744944592206 0.0531786201266774
0.0275822647591037 0.0440230145231946 0.00445876528818155 0.0806535470753246
-0.0175963423448548 0.0627432810917845 -0.0545221103228105 0.0492723408545666
-0.0586081832083109 0.0100655736896657 -0.0596481507321319 0.00092767740346679
-0.0400184423812789 -0.0437947531612559 0.00855761070090403 -0.0120223789362241
0.00189303365564049 -0.0475161616111644 0.0630110273138508 0.101633666881874
-0.0418475434239901 0.0169370134813052 -0.0816543436797378 -0.0995374219369288
0.00143694571268799 0.0365198560635561 -0.0333996961606771 0.0313975440763976
0.0320991950862692 0.00711346746729701 0.0736356195319759 0.00973426609169038
0.0154814388636147 -0.0274505793914341 0.0755374085969666 -0.0660469523228073
-0.00939382756832619 -0.0188952712740172 -0.00389570733925108 -0.111632778556252
-0.00951967194631043 -0.00626871979116003 -0.0715459412309454 -0.0714350109029447
-0.0120764906869625 -0.00515052534450185 -0.0860214358238875 -0.0148606902215154
-0.011725364424517 -0.00313899402636885 -0.0837636356100822 0.0135337605814128
-0.00290469081389948 -0.00834098429357207 -0.0872914991213408 0.0221352780857698
0.00660082434101861 -0.00692891596361827 -0.0967733765062539 0.00686901204685016
0.00868736831637537 -0.00655196979389061 -0.0943231468265197 -0.0289048049256241
0.0230564242391579 0.00813373908433844 -0.0739384230388621 -0.0721265650445394
0.000810295890570979 0.0354588720889143 -0.0379713661474724 -0.0982334988226564
-0.0477584337393308 0.0269214387654871 -0.0228921195774909 -0.108432481636352
-0.0607624931319004 -0.0121481852578902 -0.100928225557176 -0.117652798938434
-0.0834188094200326 -0.0183810444447371 -0.0601874753622513 -0.104604159931808
-0.0495771274553286 0.0276316784537158 -0.0298219682044383 0.0341835138527458
-0.00272831972069577 0.0371007660496809 0.0830072576365742 0.0175935974040159
0.0179211760145923 0.0170397930001102 0.0884345177699495 -0.0689731828822195
0.0133189874367038 0.00783947013250483 0.00384988799108025 -0.119075795595315
0.0194912561844815 0.00510661900576551 -0.0680817715865405 -0.0753528092999751
0.0194033877245577 -0.010303842832408 -0.0831518807615237 -0.0176023078707034
0.0174908138296045 -0.0112944148395457 -0.0787026039652326 0.011052615389891
0.0289816318923561 -0.0105845585164164 -0.0809062018183106 0.0236265088367772
0.0365587602379384 0.0128392063554025 -0.0919317436507734 0.0144938851805567
0.0216505788365401 0.0286594802032866 -0.0963032144334798 -0.0185702896993598
0.00977284075905748 0.0512028668608642 -0.0799207971280844 -0.063650232994232
-0.0420588370608586 0.0525023705228361 -0.0450197299385647 -0.0880984961863276
-0.0970637895964372 0.00366744291301508 -0.0219790310832114 -0.0854293088048177
-0.106713241175049 -0.0552900640520659 -0.0826045520419674 -0.0863287548590772
-0.111307014930662 -0.0559112980213962 -0.0270515169768111 -0.0900957813754113
-0.0993628016820609 0.00718784000017675 -0.0215942160065699 0.0451229915288832
-0.0462865393965217 0.0596340391995368 0.0905398791126881 0.0363109968949556
0.0107086951825532 0.0658605510883857 0.104789470477464 -0.0590308601230613
0.0338041794269235 0.0410730288137033 0.0218499801114799 -0.118028398253155
0.0481297976211449 0.0208866785284276 -0.0526215813716314 -0.0772707392149783
0.0501765847598237 -0.0108435713269264 -0.0679349440628043 -0.021297005904663
0.044121333582055 -0.0181492287832729 -0.0621937524724733 0.00610801888134736
0.0549686874409376 -0.0148390851781472 -0.0623587283125846 0.0241937938010897
0.0632293005579878 0.0226888008095817 -0.0754827101005294 0.0261262341793407
0.0406334654107738 0.0527462784858388 -0.0905243368022507 0.0031052416933351
0.01236989118184 0.0890656675480188 -0.0878830583231114 -0.0435281933306468
-0.0687221442569899 0.0767326457284041 -0.0570962287087241 -0.0733337593259012
-0.133143003909185 -0.00303136473863446 -0.017466982513619 -0.0654654487623063
-0.139993627510822 -0.0812483165974892 -0.0522335977915119 -0.0457202641421101
-0.11883598558184 -0.0882662257892384 0.0124751368143075 -0.0575085707174008
-0.133407567223044 -0.0227339452582704 -0.00841054969631419 0.0615508335960833
-0.0902802881598399 0.0657548924249604 0.0918172863686461 0.06196820520215
-0.00760138682004135 0.105380684285533 0.118015585707426 -0.034747534655456
0.0458208380667111 0.0743702176033135 0.0459181437443671 -0.101231606766491
0.0696604410479166 0.0386720461153486 -0.0250067865909062 -0.0717152817361364
0.0751627948871551 -0.0073835486807357 -0.0410507655521375 -0.0237358325256186
0.0647480489609953 -0.0219236853830988 -0.0371012516877424 0.000470444172423731
0.0720486747277852 -0.0199140368599094 -0.0358626936479129 0.0221641781094704
0.0807982119470175 0.0246713364564417 -0.0492616681625699 0.0352984617667133
0.0570884901120697 0.0648326084866365 -0.0736696203817679 0.0262379470221488
0.0206975177360897 0.113020682979679 -0.0879297954613152 -0.0184631039024362
-0.0786282930600613 0.0947715771932497 -0.0657366953213432 -0.055024928770778
-0.148057938271756 -0.00268679481374103 -0.00855939000910838 -0.050521216261894
-0.152365642671036 -0.0922108204542969 -0.0143877072638882 -0.00520750007419043
-0.105220281627463 -0.10467413519784 0.0524312626245646 -0.00898504781609271
-0.139784328294449 -0.0535855430428397 0.00907172717168632 0.0815108301426742
-0.117686603127813 0.0511971208586912 0.0837911443560899 0.0866308204069015
-0.0320640186488775 0.121685094733006 0.118894962035348 -0.000147572390294184
0.0429915424935047 0.0956765844069583 0.0691128854549193 -0.0690009415334865
0.0778340408318964 0.0524122488449537 0.00988782623631231 -0.0571940901848649
0.0876846097010886 -0.00133113346436931 -0.00666989294233894 -0.0224769128832578
0.075351457549697 -0.0226201976170181 -0.00632508408141229 -0.00511990353532308
0.0792540986643081 -0.0225922280972575 -0.00567202122699985 0.0181628887007293
0.0866823446184209 0.0227786896958969 -0.0184787094086901 0.0400261738852394
0.0626714977536237 0.0667720047936018 -0.0495781841418712 0.0447940853141044
0.0224457484832355 0.118932053074839 -0.0784384333884281 0.00515164414012194
-0.0800961225089382 0.0933766715700612 -0.0673144192306685 -0.0355392742864973
-0.141731064196723 -0.00740917311795483 0.00112674182297344 -0.0390843290773676
-0.140229340506895 -0.0928892398541909 0.0231464176356068 0.0307145152931769
-0.0732881255089023 -0.0985978528192948 0.0854988812204937 0.0449807450041777
-0.11447993701288 -0.0731505211016892 0.0269743371754446 0.099438857243494
-0.116571895888891 0.0226137364327626 0.0688908129389131 0.102179388107272
-0.0498551310359066 0.108113089676657 0.105630408218901 0.0338237558852353
0.0303545236663827 0.0968855999696356 0.0826982891257381 -0.0284584361582435
0.070818241987368 0.05622360054012 0.0445787247580679 -0.0360447263127986
0.0842130070722142 0.00364495967866178 0.0295704724965903 -0.0198921880195744
0.0741492873809172 -0.0203687023876872 0.024358949036462 -0.0103743959229441
0.076509574345938 -0.0213143107108143 0.0249499061049824 0.0137352365829532
0.0808837131501775 0.0195835361456004 0.0107574843390554 0.0426097806766448
0.057990824259958 0.0634263186112362 -0.0256312415044787 0.0579377136581995
0.01330161347866 0.110634583925441 -0.0664223600353307 0.0231947115272153
-0.078475972649108 0.0747438194202342 -0.0633577538259709 -0.0184418895705071
-0.118657942118926 -0.0196199413057476 0.00867223494487215 -0.0288470342913215
-0.105448732093245 -0.0863076012837283 0.051993570666332 0.0605784538089586
-0.0298712303947724 -0.0708192512223577 0.107428453638306 0.0920191185455984
-0.0674759555979589 -0.0710880468833284 0.0406294865356709 0.110941647840886
-0.0878765785667139 -0.00408102324897365 0.0520203433534817 0.108141872728471
-0.0502876878586672 0.0751183917936871 0.0857770876227478 0.0568888156527337
0.0152236810008512 0.0773929318925947 0.0864562889313925 0.00716254261417046
0.0516823295244865 0.0466172174136554 0.0719220939839036 -0.0156008392460539
0.0661630650082336 0.00557195879548196 0.0604815589906983 -0.0168899800681296
0.0609025426939766 -0.0152085389928994 0.0512512023200641 -0.0146007781837345
0.0630814780446352 -0.0166305115879326 0.0512495871055064 0.010571310892282
0.0659074350149441 0.0164933620946122 0.0361828974264291 0.0457988728982367
0.0456408414887776 0.055477480527931 -0.00560353241032927 0.0695594092654231
-0.000735619062747204 0.0914091521709693 -0.056958612934242 0.0381608685528631
-0.0729466982320223 0.0450384873567005 -0.0595991356474133 -0.00521094459727623
-0.0842289802303159 -0.034374008175308 0.0109480634228448 -0.0197705276909025
-0.0557843688898991 -0.0718188966511228 0.0679326678592383 0.0835586090277483
0.0183526399281348 -0.0292904788733355 0.116839383699747 0.119001033925859
-0.0122171121654837 -0.0494800317290137 0.0499325870151631 0.109946417477015
-0.0424531978169209 -0.0194600066683589 0.0386099839787687 0.105786772813242
-0.0342308313668856 0.0345130125483241 0.0706502716209878 0.0693474391696758
0.0035406002855685 0.0434946704283678 0.0876129921060323 0.0290192169208361
0.0255962484236703 0.0276156506854515 0.0884679463834494 -0.00332582575650206
0.0377082988977665 0.00588033736347434 0.0800406156316559 -0.0163259116664177
0.0382511561947389 -0.00810408866457742 0.0700400841727886 -0.0165591857543808
0.0419128949226441 -0.00829002203856866 0.0708431437123346 0.00908497856880615
0.0440821069649493 0.0120195193055773 0.0549631735229371 0.0510453175012885
0.0300283100414462 0.0424381143094404 0.00740779528112985 0.0819440068070082
-0.0139017728098349 0.063099828226784 -0.0535772527484369 0.0517909001279508
-0.0585935271471642 0.012842821162572 -0.060089383398406 0.00380981557187135
-0.0421246800437301 -0.0424806510774666 0.00762154637052324 -0.013682486978725
-5.15958031967589E-05 -0.0475664350050788 0.0684311580556 0.0967148678444775
-0.040235799525694 0.0174572373832305 -0.0831983642643252 -0.0950256726228864
0.00273053481643779 0.0365684173870441 -0.0320370974580162 0.0325988155182251
0.0321876081839469 0.00629752820470718 0.0733882515761722 0.00838238440517674
0.0144109053086949 -0.0279170970971032 0.0736913787805407 -0.0672445342821438
-0.00962922741111514 -0.0190865745437214 -0.00703249336271771 -0.110506902471606
-0.00983781975150455 -0.00633004482993605 -0.0723225202175958 -0.0681682776845519
-0.0124498698282763 -0.00475349466525682 -0.0849964440816693 -0.0118570500394246
-0.0114889416404043 -0.00247578257484295 -0.0816055219593242 0.0163516982917088
-0.00307357393276665 -0.00824935466275488 -0.0855192245447156 0.0247158180522219
0.00644778747616579 -0.00713138876770568 -0.0956901405721833 0.00994765178860603
0.00799946551122578 -0.00681124484271896 -0.0943328150193325 -0.0257956164766569
0.0228699231400475 0.00668046532213656 -0.0746208988810081 -0.069223643643025
0.00205662490644802 0.0344268851696897 -0.0388453648091783 -0.0964965539330548
-0.0461362566899213 0.0286890064911461 -0.0242804003388793 -0.106902728347672
-0.0598137451262548 -0.0106346571235875 -0.102004834187143 -0.111721822342834
-0.0822345816311342 -0.0152133188928641 -0.0623630207360249 -0.0999991842432274
-0.0478868187610075 0.0291316809345377 -0.028371457680994 0.0359101440704299
-0.000954765070155103 0.036016914077344 0.0828279611586173 0.0158720094044186
0.0181743229689473 0.015557498498799 0.0860078941532059 -0.0705681051393993
0.0131159199812499 0.00648685599619777 0.000358441940251204 -0.117973216970015
0.019398549177297 0.00415474323412954 -0.0693405637643398 -0.0725177370796719
0.0186903644709728 -0.0105658493771395 -0.0819898092589005 -0.015238061670708
0.0164598631066094 -0.0113729826652168 -0.0769070950203713 0.0133526724541126
0.0275570425545904 -0.0113598039659617 -0.0787068860025096 0.0266921994753127
0.0364104976248056 0.0106680394448139 -0.0904506225563338 0.0176338210732802
0.0218115865035825 0.0273997151372943 -0.0963715977435303 -0.0153542791147615
0.0113278582902757 0.0489112276867576 -0.0813878934270953 -0.0606926854738092
-0.0397487041386305 0.0527156174818919 -0.0456765524839958 -0.0858467720792952
-0.0953351458730421 0.00710157341750825 -0.0230384720680579 -0.0847991917824916
-0.105726081911042 -0.0514444339442623 -0.0834862695469666 -0.081918636302559
-0.110562585629205 -0.0510693103013116 -0.0298399274517066 -0.0872831615531503
-0.0968266235352415 0.0107906523085169 -0.0201404227843215 0.0459628945395855
-0.0429454497808135 0.0594312037048235 0.0905826928683931 0.0338870443089743
0.0126734896154187 0.0628217427248058 0.102680944483707 -0.0614263334750538
0.0349520835376526 0.0385090001306989 0.017318270508917 -0.11769078493015
0.048199054198607 0.0186756699375589 -0.0539636591189792 -0.0747183992442036
0.0483427442885696 -0.0124448455136088 -0.0670850663100976 -0.0189467510752197
0.0422655486796535 -0.0185537105908703 -0.0609821851785631 0.00785660224241389
0.0526931231441582 -0.016690679742825 -0.0606304320099308 0.0265760517481707
0.0632995656108025 0.0199726314537644 -0.0738314746264227 0.0284694386499057
0.0409629451717641 0.0507088086613499 -0.089770301978045 0.00659025785105733
0.0150129667079356 0.0862019123350199 -0.0884561084823712 -0.0410462332860556
-0.0643326263433101 0.0768864167203368 -0.0578066854134858 -0.0709685431676023
-0.130599576135264 0.00130924812690311 -0.0182590282216718 -0.065696695361139
-0.138976822359908 -0.0758073779426274 -0.0525252264701057 -0.0439157005871548
-0.118865370616752 -0.0822464371968999 0.00993751283699565 -0.0566849359921441
-0.131267776293797 -0.0179865680465237 -0.00783080416705773 0.0618997226140026
-0.0858711245476398 0.0671391366439454 0.0922623766405671 0.0595895192977153
-0.00326744074062009 0.10275922819924 0.115544412451465 -0.037111796511275
0.0476279641649304 0.0705867558080687 0.0418635893743045 -0.101979019768884
0.0703652210589982 0.0354034048127743 -0.0267798940721892 -0.0704094740017387
0.0729320044296651 -0.00961312128232633 -0.0406843085346154 -0.0218762778242268
0.061973540444911 -0.0234016640684666 -0.0363444051855126 0.00153844172022678
0.0690329103729839 -0.02186306340242 -0.0345206915738174 0.0236435450186819
0.0807802663518537 0.0212182736201894 -0.0477899154593966 0.0369233491918253
0.0574498029452417 0.061817647543673 -0.0728706745157443 0.0290871465644702
0.0242811962931855 0.109574518057691 -0.0881341295486196 -0.0161184206825144
-0.0739069140460109 0.0944613764981886 -0.0659988759470196 -0.0527018728209478
-0.14531284631708 0.00202255897357136 -0.00905440140625012 -0.0507789348725894
-0.150960985022377 -0.0863646175572759 -0.0138979497208108 -0.00566668643185374
-0.105552257261964 -0.0985387365168811 0.0505739330003053 -0.010335883277511
-0.138678369389928 -0.0486313415496842 0.0097512625830156 0.0801871042286307
-0.113071861241543 0.0533007232129235 0.0847957049665524 0.0835755791011754
-0.0270820730808672 0.119130358943185 0.117168225096006 -0.00283019644736547
0.045993410454755 0.0923708589603079 0.0653242658861733 -0.0705113635492546
0.0789663677477921 0.0487574645680319 0.00827970536964541 -0.0574867287249057
0.0853590280253626 -0.00451667765941183 -0.00663836472834402 -0.0226177066150512
0.0722411257695349 -0.0242632507443447 -0.00690278217277183 -0.0052488044822757
0.0759524288308776 -0.0248796232859582 -0.0050436001575341 0.0188677095551275
0.0858224807508556 0.0191916712887752 -0.0180582966421209 0.0403922849316486
0.0641733706344328 0.0635358764108413 -0.0487352965291245 0.0465540369556611
0.0267746528060732 0.11534078714584 -0.0787703485384257 0.0065062447960048
-0.0753205122629877 0.0944621138771242 -0.0667785265403096 -0.0333149739265978
-0.139296451671045 -0.00306516469953265 0.000248110358921515 -0.0397803977612352
-0.138896801372805 -0.087151380043311 0.0239207249700408 0.0279613777830886
-0.0741517498529567 -0.0941343042028966 0.0847314560940152 0.0415863733581286
-0.114048628377625 -0.0688068628685827 0.027621850720021 0.0974194039487107
-0.113449275741856 0.0247390539699785 0.0699504493959401 0.0997698115192355
-0.0450390417401522 0.106505297386466 0.105141928783462 0.0306631796904579
0.0334305870417069 0.0939977012510327 0.0801096932278506 -0.0314551376653862
0.0720759066242849 0.05264843367908 0.0429630835550366 -0.037637196831659
0.0828679005143924 0.000385988506588406 0.0285633719105643 -0.0212724800432413
0.0715045436368612 -0.0221350702758124 0.0235997427155132 -0.0112146988682085
0.0728622855824793 -0.0236752502466592 0.0247035487597241 0.0129897567230228
0.0805752453630598 0.0163724122950333 0.0109890674450608 0.0420885519567073
0.0588944834517437 0.0599824608828893 -0.0242039292367389 0.058905918361247
0.017424585042072 0.107303778164159 -0.0660040509994537 0.0243871582951776
-0.0748280860506463 0.0757002131200844 -0.0625556285178233 -0.016407857023413
-0.117233018505173 -0.0164933442236369 0.00791039564640084 -0.0300460905110559
-0.105118170430885 -0.0813317180574046 0.0533494296726217 0.0559795896895824
-0.0307208112355144 -0.0682215957240505 0.106984763228293 0.0865928615148783
-0.0677030744508714 -0.0676549336480429 0.0415086037351876 0.107647519785471
-0.086704092513497 -0.00217926172285516 0.0528503043571673 0.105824435117782
-0.0469047858546062 0.074459236190267 0.0864566381364874 0.054751390879404
0.0180545607321087 0.0753911792874578 0.0852985929363555 0.0040316870018723
0.0528202739584544 0.0439080815704194 0.0704976873474542 -0.0177748832641033
0.0653599062158896 0.00357697146070117 0.059125282491219 -0.0193646621791482
0.0584123685366316 -0.016924107449268 0.0497040027111265 -0.0163266034956661
0.0608556879308517 -0.0183355272683095 0.0502101645463882 0.00855521573313273
0.0651468813636898 0.0135743584746131 0.0364522978232808 0.0443739475671849
0.0467101541318612 0.0527834800947821 -0.00432128673851966 0.0691534103259189
0.00283754579897334 0.0892640579265257 -0.0564855934960411 0.0390267291963291
-0.0701087489553515 0.0465272062685728 -0.0589237151058737 -0.00396064366357756
-0.0839756548817135 -0.031916655535698 0.0102555840692788 -0.0206535458272716
-0.0555827959590541 -0.0688469542138891 0.0693998758852889 0.0784072322913675
0.0174263266991277 -0.0291682604797761 0.11722914845697 0.112584530963244
-0.0130016517288247 -0.0486367803921975 0.0505805143659583 0.106259870808421
-0.0423018610684214 -0.0182388688404215 0.040046914329302 0.103403936711262
-0.0319767379176329 0.0343318076824464 0.0716736321116321 0.0672044848115189
0.00532524652060879 0.0429929584709513 0.087337608995718 0.0261788288198617
0.0263845268792601 0.0262436572044291 0.0876395928953393 -0.0069296679586824
0.036805939027317 0.00452355737033198 0.0784319721285031 -0.019511596769762
0.0367263811207017 -0.00917963303588225 0.0677115232548633 -0.0195165148626477
0.0398081841400263 -0.0100519503841093 0.0693349381655078 0.00705213274368718
0.0434739127743326 0.0102926749281493 0.054593523721783 0.0486916452212588
0.0308136365206952 0.040391410646116 0.0089511516810696 0.0807979898597599
-0.0107975175759871 0.0623824342947699 -0.0526209210671195 0.0527099980673257
-0.0573466595341586 0.0146819686759357 -0.0596545100710184 0.00535453169711472
-0.0424921063744507 -0.0410993140354645 0.00704361520945988 -0.0143547494452948
-0.000573989113550261 -0.0466472433126898 0.0705736595880055 0.0916044871803925
-0.042181722411004 0.0158385638159271 -0.0759141960691717 -0.0959784415305583
0.000837489421103107 0.0365082600784851 -0.0320152380781357 0.0316249207874796
0.0316481029131245 0.00777348175384181 0.0724661118086041 0.0111986201553547
0.0139261604972211 -0.0272587249730533 0.0767506818561773 -0.0638574071229125
-0.0104229873738319 -0.019203596099053 -0.00295798610353201 -0.108729985428674
-0.0100032906671528 -0.00649030560185439 -0.067676796024975 -0.0702323878507938
-0.0126782566700032 -0.00546923221010526 -0.0827701888811609 -0.0150834572411669
-0.0114008726508683 -0.00268882765974825 -0.0804598378523553 0.0139071586192394
-0.0040167421835636 -0.00797597842519161 -0.0849792467572851 0.0223831759997344
0.00611383158924417 -0.00700846166217442 -0.0942485007705796 0.00728043052944522
0.00720825686516863 -0.00559535832139759 -0.091300196666717 -0.0291310494207631
0.020920044007845 0.00611274070660687 -0.06971731786673 -0.0706046540791745
0.000744030496940363 0.0326961486218127 -0.0322586944710495 -0.0964089508654804
-0.0463162061965042 0.0254014681387256 -0.0177680332578394 -0.108516851003698
-0.060253110935845 -0.0130024626112945 -0.0921006043771806 -0.116628778159453
-0.0815966212358557 -0.0202633564587989 -0.0574270997504968 -0.0982748368054977
-0.04838299019491 0.0264306124164216 -0.0287663107679767 0.0361879693381345
-0.00247184465249368 0.0350982966486177 0.081948036467541 0.0206948559383117
0.0160105059718416 0.0146239034142878 0.0903207237793013 -0.0648961764855831
0.011059409040167 0.007282785705102 0.00532660354757591 -0.115973746373943
0.0183830818222473 0.00512617177939862 -0.0638610725352129 -0.0746050428645514
0.0170831326436658 -0.00941475414523038 -0.079321595254887 -0.0189939533395739
0.0165676852094501 -0.0102230744894411 -0.076006801750802 0.0104664457817838
0.0266940805369665 -0.0100008946605154 -0.0784638252212799 0.0246210694957928
0.0359214830314358 0.0124727173934917 -0.0897937092412326 0.0158829277836724
0.0194081252801886 0.0288048313380059 -0.0950417346040625 -0.0172975727054819
0.00759813811802019 0.047490799112816 -0.0776344997501305 -0.0616619198714327
-0.0415910607209042 0.0484622602404635 -0.0412331288119515 -0.0873746094806737
-0.0942524223896505 0.00207041439422193 -0.0176701164695349 -0.0883027886341304
-0.103865956519369 -0.0545100346061298 -0.0749837672501133 -0.0880093289467566
-0.106912040457439 -0.0579090871960973 -0.028240209713511 -0.0832117621340268
-0.095673802135431 0.00420643462456336 -0.0221085611648616 0.048432744375999
-0.0453970120057365 0.0551502147066144 0.0894334596306722 0.0410364853547035
0.00884315709928841 0.0601131552996014 0.107070347702541 -0.0534008649545733
0.0306643576601456 0.0393737903154335 0.0240832771591812 -0.114809247300864
0.0466426254477326 0.0208458285583619 -0.0481799455156357 -0.0761215336235452
0.0472500271974813 -0.00999991920291831 -0.0639392798444865 -0.0224462549709238
0.0425568561993002 -0.0163701948463724 -0.059745067036154 0.00595576923988861
0.0519743782240018 -0.0143990006079431 -0.0603715127622055 0.0256592400615683
0.0617536202308398 0.0223970914662638 -0.0737103462684309 0.0278566276910857
0.0381605630668201 0.0527356436409171 -0.0904344722398108 0.00536657534916269
0.00940831544679336 0.0842902478068125 -0.0877777873823108 -0.0413215873045396
-0.0677223344872931 0.0717973322048076 -0.0551036707347936 -0.0735021525275584
-0.129327921356449 -0.00465735374350252 -0.0141743972740044 -0.0696086095904708
-0.134855439733504 -0.0790528744165018 -0.0467453780539073 -0.0506907453829592
-0.112654356195376 -0.090304032336178 0.0078756739039389 -0.0511685352165263
-0.128184194914402 -0.026779503372408 -0.0120748272557275 0.065540631229986
-0.0880156183489802 0.0593519912999276 0.0894653998272247 0.0681402951319296
-0.00925238353043177 0.0972867127647636 0.119607382961824 -0.0273046176564971
0.0414503700387007 0.0713807077654018 0.0486461763362648 -0.0986591125637414
0.0674657643319441 0.0381904621649153 -0.0206931968668102 -0.0715548627829136
0.0716980701928479 -0.00605760084667175 -0.0373070958937011 -0.0247958799615317
0.0626016879943775 -0.0197866190192228 -0.0352920913659975 -0.000406667722628959
0.0689955168628325 -0.0187290991686037 -0.0342526562952741 0.0237673599556319
0.0800693195391397 0.0243249899683573 -0.0490937376669116 0.0368351259368535
0.0544661635085599 0.0644897165880346 -0.074948406050466 0.0292130549155618
0.0182796363545585 0.107634370043079 -0.0892713674089144 -0.0159237932180147
-0.0785655050032591 0.089300696208458 -0.0648389683920251 -0.0556404986767069
-0.143676367905874 -0.00476510498224301 -0.00659176607890982 -0.0556998918443246
-0.146003043669861 -0.0892863406554479 -0.0113296139737407 -0.0117464282997465
-0.0980382512342298 -0.10627555350247 0.0443200537998612 -0.004361858667102
-0.133218060687604 -0.0577119194345233 0.00288380157350088 0.0844625204400808
-0.11403855591699 0.0434451733754115 0.0794030894827574 0.0928491528409988
-0.0328569483825251 0.111869714631392 0.11829611574399 0.00757590728348354
0.039388529826931 0.091807874005659 0.0709922754852893 -0.0666572553492114
0.0753063278376328 0.0519205667232058 0.013063020668178 -0.0571039254409495
0.0844681385896998 6.28742557896372E-05 -0.00373247775612904 -0.0248564930197299
0.0731736416405688 -0.020785901009624 -0.00582753529189055 -0.00595734975465797
0.0759660863438326 -0.0218077000057876 -0.00541654941014752 0.0198229377935455
0.0857360740060114 0.0220278592749386 -0.0194296536297887 0.0416955525024454
0.0613642540324978 0.0662406557576315 -0.0521330039687337 0.04745657494555
0.0209077285228708 0.113707783469176 -0.0818565939534203 0.00784083291267161
-0.07937134669378 0.0892458552718554 -0.0671976489161744 -0.0367540093174191
-0.137629656825786 -0.00937881442997382 0.00221921512207994 -0.0442441507291281
-0.133564194931668 -0.0896591378107009 0.023472790802896 0.0232447163660422
-0.066532533824094 -0.0995378034667287 0.0754921196841828 0.0470088001266152
-0.107702829216699 -0.076384660514709 0.0186727618028784 0.1006819547008
-0.112399549868451 0.0151508066716251 0.0623566176924777 0.107386578923423
-0.0497703120271868 0.0990352306835549 0.10399777228619 0.0406811783679682
0.0270771555582926 0.0931041199901352 0.0840312655762247 -0.0266741789664808
0.0685551959901722 0.0552578918720218 0.0459230668099987 -0.0363304543912917
0.0818011612445523 0.0042622069805592 0.0306763362072901 -0.0217532215175126
0.0720290431100349 -0.0185089151669383 0.0238591777388379 -0.0113119406191765
0.0730200846622956 -0.0207600975538063 0.0236905782442807 0.0149498451014467
0.0797697994425185 0.0187218599707955 0.00928922448856629 0.0440605800858126
0.0565935887842137 0.0630715961183064 -0.027894624827016 0.0602067106878261
0.0124993183712112 0.105963431953218 -0.0702784184614447 0.0252819789782419
-0.0780136615142033 0.0712719002403351 -0.0640196998884197 -0.0206058892868453
-0.114721820256894 -0.0209804517114115 0.00927614386102095 -0.0334765030541926
-0.0991824141631343 -0.0829597236292332 0.0500615324561672 0.053235442071895
-0.024618365948819 -0.071521611855828 0.0965571554159693 0.0916887067273799
-0.0617639244829335 -0.0728435480161259 0.031305131311145 0.110034662602453
-0.0842740189848776 -0.00956231708506669 0.0441391181534773 0.111017467182457
-0.0493262589295728 0.0683771330759278 0.0828791955951192 0.0619484030704087
0.0133267881285273 0.0740214178195771 0.0867322812932371 0.00857226930898138
0.0502530876205926 0.0455602069505064 0.0714287819478082 -0.0156142624131936
0.0650522940500291 0.00662148929336955 0.0603882466158855 -0.019052857110828
0.0593045772012963 -0.0136992822072341 0.0496012932859109 -0.0157142868926243
0.0606248125370957 -0.0159205611951579 0.0494141160437165 0.0108190115416675
0.0653485265294686 0.0159425671629586 0.0340062262715719 0.0464104780627543
0.0447402854630378 0.0553319910019997 -0.00901549844094295 0.0708732951823461
-0.00122392848955453 0.0882135517611468 -0.0614202668918236 0.0390996462696872
-0.0724485890468803 0.0429609027008819 -0.059909087831504 -0.00794979251135536
-0.0814157389164267 -0.0352241226097196 0.0118950899728747 -0.0232174901008605
-0.0511784692376774 -0.0688999524473005 0.0647428232018656 0.0766981709115052
0.0209535984274078 -0.0294914954292189 0.107032066554079 0.116631400259374
-0.00867679797649865 -0.0502225920869319 0.0401424085109259 0.107243092819472
-0.0397309832448685 -0.0222781170128871 0.0314343033049008 0.106605311446293
-0.0327640887346935 0.0305119742683228 0.0668453628843753 0.0724490645924122
0.00296971782736387 0.0413902031275621 0.0865218252120605 0.0298687904773555
0.0253508018922364 0.026555461259158 0.0872773659243005 -0.003798142141172
0.0373844861001944 0.00582693573857322 0.0789021435859045 -0.0181349639269298
0.0368013575495897 -0.00706532836514789 0.0671594747701921 -0.0180295753429658
0.0402042282391731 -0.00836222060347997 0.0677161333739256 0.00908272278060263
0.0433949795797196 0.0116147281724777 0.0516566076195255 0.0508991997654771
0.029635189419631 0.0426017986538565 0.00376452737335988 0.0814614949201879
-0.0135771594930712 0.0621979002271482 -0.0577814888153072 0.051207805807607
-0.0590457682073123 0.0117496718752349 -0.0601939706325483 0.000798295396789494
-0.0398957362609385 -0.0428174213333735 0.00883862740221158 -0.0161654965726032
0.00256236284722076 -0.045686373798122 0.0645596277329356 0.0918734161638972
-0.04279239903092 0.0144508458644409 -0.0752194283367414 -0.0970255178588828
0.000324731914553234 0.0374003075502436 -0.032420129487998 0.0328672669219976
0.0327864782172315 0.00807925378549967 0.0736990646973017 0.0133548213045073
0.0144534389505146 -0.0279664028686154 0.0797206733241115 -0.0631031869644606
-0.010457058074979 -0.0196970810052094 -0.00141529376785973 -0.110007148983195
-0.0101030129909796 -0.00710631178237192 -0.0677499893034408 -0.072271063812398
-0.0134538659608565 -0.00534295045651948 -0.0831985770072837 -0.0166066918869876
-0.0113584898749498 -0.00233567715403124 -0.081468090176919 0.0137137990248347
-0.00373522115063247 -0.00826828556743314 -0.0861159492445318 0.0222477172678007
0.0060257134943934 -0.0070626248694291 -0.0960017492746761 0.00670583009508433
0.00683255739197799 -0.00575176832799561 -0.0927387044015226 -0.0305678885572308
0.02075270802609 0.00605402312071868 -0.0690878488283442 -0.0728121830073073
0.000231472825375965 0.0327801090747669 -0.0296428593414641 -0.0989505992434343
-0.0468441173847737 0.0254287965191144 -0.0150980968321904 -0.110493389160779
-0.0610816688854255 -0.014369194029836 -0.0907119565483739 -0.118101989860895
-0.0813819163065936 -0.0213719146530843 -0.056794918228795 -0.0991641643241232
-0.0492271466888215 0.0265160703549583 -0.0294723661769831 0.0376984223806707
-0.00201780581194395 0.0351212853174643 0.0831877087644781 0.023081311674497
0.0158332594201832 0.0140048599521226 0.0933567720711179 -0.0641284350098076
0.0106957662382261 0.00675680779394674 0.00742779320980817 -0.117832750839549
0.0185428390224087 0.00458510783872256 -0.063800712521685 -0.0766907552144315
0.01725158376202 -0.00944902072101016 -0.0792144444974048 -0.0196658498264733
0.01660689677692 -0.0096008179304328 -0.0766490374477317 0.0104784919824735
0.0268076933466908 -0.00968703794973468 -0.0793834185359505 0.0245978841287015
0.035847977000185 0.012569818516286 -0.0919228993218324 0.0152138774783377
0.01915357193472 0.0295759479555952 -0.0961879491996052 -0.0186036513147215
0.00666591876538066 0.0473570686991426 -0.0784779204385608 -0.0640836972724209
-0.0425901169887797 0.047727393489096 -0.0386359643423855 -0.0899702085514445
-0.0948855178040112 0.00133196851592048 -0.0148504744342801 -0.0906448460541529
-0.103856169284166 -0.0571018287615175 -0.0735382136247184 -0.0899628105761622
-0.106263636140799 -0.059699984267669 -0.0274724679231536 -0.0837060567988205
-0.0965793035283069 0.00345133330660012 -0.0237011880522091 0.0496426028158598
-0.0454003746223888 0.054907446013385 0.0902025185272077 0.04373793819664
0.00815708056851841 0.059974889483339 0.110190127424656 -0.0520270517971323
0.030328213579506 0.0394384845975541 0.0255923423301279 -0.116211818562536
0.0469584992163364 0.021084646456037 -0.0474508346731079 -0.0781227673328104
0.0474899139759792 -0.00907612607574152 -0.063904097386993 -0.0236716148272042
0.0427857303697973 -0.015463753294259 -0.0606485319745195 0.00537990903204508
0.0519016457289289 -0.0136693953303342 -0.0614316887075344 0.025619803716913
0.0623581319957488 0.0232821381544184 -0.0755724654053428 0.0274252541780132
0.0375029127410251 0.0538888242005917 -0.0920819552621162 0.00429471241558767
0.00884819993723371 0.0842356764925517 -0.0888970377711017 -0.0438408889235409
-0.0690772995969378 0.070837675698861 -0.053253965796071 -0.0758965942341635
-0.129923903267789 -0.00656549404216789 -0.0122762295483933 -0.0721339706338532
-0.1341793339691 -0.0823758372458609 -0.0458938440400489 -0.0520744024848318
-0.111869896742992 -0.0911802419599274 0.00815497531052364 -0.0516245857304257
-0.12863065569018 -0.0282981887972618 -0.0141648419366422 0.066909050625625
-0.0882091999318618 0.057950156420888 0.0893625015722982 0.0711213021990971
-0.0105349978872225 0.0973929710551652 0.12221498859603 -0.0253928288619322
0.041244070440407 0.0711612684653382 0.0498975712300595 -0.0994823982246067
0.0680738667425101 0.0389494413891861 -0.0200602542543626 -0.0727349915853116
0.0718455343924325 -0.00543874454718044 -0.0376778279972499 -0.026005363760078
0.0627710564695033 -0.0190150454490559 -0.0362888207740326 -0.000832673363094844
0.0688142625256101 -0.0183924911492784 -0.0355191355500763 0.0241006689174519
0.0802942759906791 0.0252904229757841 -0.0507933572119791 0.0375703365923614
0.0538830111387525 0.0656934901779922 -0.0771602304997134 0.0290790306673281
0.0174909314383632 0.108310151957488 -0.0911475593061867 -0.0177678277339045
-0.0796509457654001 0.0887487616998363 -0.064108698255122 -0.0581211351048605
-0.144948258277496 -0.00683685874983904 -0.00515143841440357 -0.0577551588936697
-0.144970237980897 -0.0929993627560407 -0.0110916248038713 -0.0132935931102595
-0.0964369531163127 -0.107629994672301 0.0439933471591492 -0.00346348337537648
-0.133401880486875 -0.0600248805283803 -0.000255003946287339 0.0859054105289318
-0.114719799821007 0.0415509144523047 0.0780614005100729 0.0960747939287405
-0.0338582243392968 0.111724654662091 0.120919105464276 0.0104561512182533
0.0388970225894788 0.0925882233476173 0.0722606306339961 -0.0667875271690678
0.0764520239402744 0.0529154727769995 0.0141335271954046 -0.0579476299925161
0.0848875099990683 0.000536080010505193 -0.00338545931646156 -0.0255019650811911
0.0733102536380956 -0.0198214284568769 -0.00667144518450122 -0.00662058103258915
0.0758819096483174 -0.020943730168242 -0.00573203365925905 0.0201528196551171
0.0860819133099465 0.0226231941885363 -0.0211396859816472 0.0425302977282502
0.0605180569387986 0.0680496311046674 -0.0541205491670469 0.0484422000254814
0.0205965586407308 0.114533810301897 -0.0842528072073854 0.0057079402900198
-0.0807599162908122 0.0889822941181617 -0.0670224717521976 -0.0385827055841716
-0.138471661857408 -0.0108910615473789 0.00339798567906375 -0.0458391856398106
-0.132498785238943 -0.0927267483855286 0.023654648145826 0.0223767477921108
-0.0645651805319509 -0.100717864089729 0.0746200637799844 0.0484945930547527
-0.106966840834359 -0.0786191877866644 0.0153438453276856 0.101916517318482
-0.113161931953554 0.0131210900864876 0.0604094967793362 0.110879348061533
-0.0509754212783434 0.0985693851739541 0.105039651534967 0.0433687207611104
0.0266258737622899 0.0937819244424649 0.0847104659415963 -0.0266434025056592
0.0697663803813156 0.0559406554552412 0.0472181340150494 -0.0367656423412416
0.0822850561154613 0.00478415592654134 0.03174901953023 -0.022621899246072
0.0724509737284313 -0.0174388555702702 0.0232085474465931 -0.011508252835063
0.0729982878633476 -0.0201517074402796 0.0234286650109506 0.0154340598060615
0.0803351643924484 0.0194981369208471 0.00816737997512986 0.0454021840604012
0.0561351739515727 0.0640673187223954 -0.0305587202201782 0.0617405984170168
0.0125386503248857 0.106689400139891 -0.0730486084807107 0.0239935613477487
-0.0793396606647056 0.0705092521339851 -0.0645471898055692 -0.0219044365286735
-0.115691425542421 -0.0229332539777846 0.0100358497102213 -0.0349632363319866
-0.0982457262619686 -0.0852241691900261 0.0500627645164032 0.0532788896500915
-0.0225913437187079 -0.0723433665012639 0.0950755771310756 0.0935786544123249
-0.0609339450809331 -0.0747109638820754 0.0277353018070411 0.111597253162591
-0.0845869946604798 -0.011421387964628 0.0420861720752896 0.11430081979397
-0.0502466597547662 0.0674732223501553 0.0829520892353756 0.0650761986049574
0.0130215739534447 0.0743470873915824 0.0875024676337669 0.00919619855122376
0.0510369070674753 0.0461730855241772 0.0733330304570414 -0.015392049625629
0.0651176697416535 0.00700282957578298 0.0613537283654023 -0.0197091958087209
0.0594187983733593 -0.0135282558373852 0.0490658471975845 -0.0158703437376988
0.0606415231911062 -0.0156096311159807 0.0487983018995966 0.0112397728004332
0.0653025058584661 0.0164121311992118 0.0329836106651327 0.0476729557520272
0.0447156121337748 0.0559907790501777 -0.010927711216387 0.0724188816918293
-0.00178415156980296 0.08876071120389 -0.0640785233537165 0.0387048899963233
-0.073761297573247 0.0424614187555839 -0.0606645264979762 -0.00912256021226596
-0.0815401881096776 -0.0369904344369977 0.0120613688550179 -0.0243595906694355
-0.0500816903719527 -0.0703749288099085 0.0645337751466779 0.0771811785909034
0.0222042852366454 -0.0293479838578562 0.105164877401023 0.118634833406411
-0.00768724779395836 -0.0511449529542851 0.0366477906144884 0.109012283526846
-0.0401311915388234 -0.0235923860984779 0.0287127821587553 0.109493823968075
-0.0337921637242003 0.0302865554861826 0.0665418771391178 0.0748470139714894
0.00342656502633366 0.0418298745178264 0.0877265403636668 0.0308963594725674
0.0254298706383874 0.0271013987534795 0.0887887575018707 -0.00337908225544269
0.0376027626889121 0.00637739323318705 0.0798876111944017 -0.018574497096517
0.0370798337177949 -0.00689143234663119 0.0670818221657334 -0.0177086177039769
0.0400726359577032 -0.00791920899699168 0.0676361534422792 0.00966186667220337
0.043531938572599 0.0119228646703989 0.0506517984593235 0.0523312247148391
0.0298074948317365 0.0428142928955747 0.00170742113449871 0.0835137350689686
-0.0140267733498243 0.0625549243367603 -0.0602661081258401 0.0513061343964135
-0.0598515959967706 0.0112506790771105 -0.0612761880442342 -0.000592251569162202
-0.0393581525929151 -0.0440744753279489 0.00931824830912394 -0.0172849012387261
0.00411562602691252 -0.0462187215115832 0.0639777190205839 0.0919262266657869
-0.0441297892039788 0.014132725684322 -0.0764903741980837 -0.100493534595126
0.00015221459921059 0.0392722387941657 -0.0337363694838118 0.0353808298215044
0.0345633846376664 0.00842579449028735 0.0774655458118659 0.0154143690851535
0.0149676205008617 -0.0292016424373661 0.0853758885642036 -0.0654284330117502
-0.0114959488013744 -0.0210906155681237 0.000145803368536079 -0.114998370566741
-0.0110887100411261 -0.007756156339554 -0.0695462206592066 -0.0758200958355853
-0.014291452649523 -0.00561076782247607 -0.0856035640994095 -0.0177620496874608
-0.0119302269490265 -0.00215801951707897 -0.084312385942273 0.0144927146753926
-0.0042397229072165 -0.00843449952538526 -0.0894632049578121 0.0235811570754519
0.00618355098486746 -0.00781783534937038 -0.100606482421181 0.00642552892594667
0.00694474382707074 -0.0054563070629814 -0.0965834815312241 -0.0331035362764172
0.0213775364644013 0.00569009640254627 -0.0710805618834991 -0.0764734740351682
0.000251110934665831 0.0343005941144371 -0.0282101890378382 -0.104739717222223
-0.0486536926084287 0.0266800054863186 -0.0129936095800398 -0.115801384964045
-0.0634075474259079 -0.0164036961441421 -0.0922208690650271 -0.122822193543433
-0.0837616171893268 -0.0229859320408636 -0.0577256398242615 -0.102536182941548
-0.0516274476562534 0.0273183053125989 -0.0310222702397869 0.0403946457303107
-0.00146362033887358 0.0362084901755401 0.0868516880556606 0.02597088802797
0.0165700430231651 0.0145415328893125 0.099413630464162 -0.066161510124906
0.0106760296602377 0.00639941874444909 0.00884193094832852 -0.122623372940114
0.0189297580018393 0.00456806296383716 -0.0654489508337748 -0.0806695556338649
0.0174727363827093 -0.00943128721510846 -0.0820600220834613 -0.0214189626000726
0.0169261791738997 -0.00942235708378351 -0.079532755828274 0.011156171633525
0.0273963449392819 -0.0100254380404398 -0.0827312053979916 0.026100569752504
0.0375552808069943 0.0130372856973267 -0.0960600774316045 0.0161138577754945
0.0192776000784124 0.0310882501907887 -0.100655173155221 -0.0207664810432815
0.00670526817005856 0.0485532541133773 -0.0807264631833287 -0.0686833447727821
-0.0442259883324981 0.0488387483883405 -0.0376968030823173 -0.0953085945653802
-0.0982148637139571 0.000695239739323903 -0.0130249152245091 -0.095468269449596
-0.106664377351825 -0.0605068408823294 -0.0748336265591877 -0.0939496014515281
-0.108531505777793 -0.0623939873259956 -0.0276758692414328 -0.0867241255784264
-0.099785334832759 0.00324818402830247 -0.0259344217042831 0.0531623067298094
-0.0462740928829027 0.0556412324623644 0.0935708475611567 0.0475893119338786
0.00847494868089644 0.0615057931078276 0.11631562051227 -0.052859248779809
0.0307620653515625 0.0399177008904817 0.0271247482568589 -0.12062566339182
0.0482201423569201 0.0211939156927072 -0.0488368056682627 -0.0820588710518014
0.0492754959409298 -0.00949980858641484 -0.0661008675494531 -0.0253460744394721
0.0435226157196588 -0.0154286930848996 -0.0635664862310025 0.00582672579893805
0.0530468364939862 -0.0141198342445515 -0.063854648942899 0.026748656499366
0.0648447972158495 0.0238918042779184 -0.0796199065317499 0.0289853688932291
0.0378838157803726 0.0564456611433715 -0.0965512565703197 0.00438057917634122
0.00851451211390307 0.0869703511709885 -0.0925195433789041 -0.0469723778473566
-0.0716111842534781 0.07233958317696 -0.0533511703696615 -0.0807634442072439
-0.134797513557496 -0.00763795618804651 -0.0109445515871765 -0.0763280777115659
-0.137990218486814 -0.086823803908129 -0.0468029358903117 -0.0550029695424285
-0.113288735474665 -0.0953452476159035 0.00836005146142469 -0.052662049039104
-0.132994445034749 -0.0301068894878737 -0.0169341842628374 0.0705275981317283
-0.0907622249273274 0.0590040728099511 0.0920621201262139 0.0762542353861093
-0.0112311468776642 0.0999042740022231 0.128184821565658 -0.0244518211279312
0.0423211485252794 0.0734253443441858 0.0520643048894951 -0.10299599520491
0.071052742860531 0.0400419838095525 -0.0203283794444606 -0.0762996411181912
0.0747760361059493 -0.00540232184828858 -0.0387132391251692 -0.0277161590022895
0.0646793712543374 -0.0191554391770256 -0.0384446585201605 -0.000745910820650874
0.0703137570644877 -0.0183186585159455 -0.0373772157765258 0.0252277834482135
0.083470076256851 0.0261143197902595 -0.0540234587463808 0.0393302254548926
0.0552152369649812 0.0688695114757001 -0.081251009388523 0.0303893271649921
0.0179339429292191 0.111123111452338 -0.0960996442096437 -0.0204816399349943
-0.0828392678762724 0.0907315440823108 -0.0652595357078074 -0.0615494062256825
-0.150172063255131 -0.00846588004529986 -0.00405949817189699 -0.0613585223535885
-0.148656573117652 -0.0981100013672971 -0.0110071980185052 -0.0143436977540345
-0.0973693597318699 -0.111839807734376 0.0447642150042398 -0.00327220065129909
-0.137695302319666 -0.0636307184451462 -0.00294789746758327 0.0903531494064013
-0.118180324827747 0.0415875098207258 0.0797581243665468 0.102382356564186
-0.035293543258209 0.114186252388882 0.126383465998403 0.0130947659314951
0.0402340647002434 0.0952620022740216 0.0754944385226052 -0.0688816747691469
0.0792366439428996 0.0541752132493134 0.0153322411520199 -0.060828047284326
0.0881405118527294 0.000660122987791735 -0.00342447770538458 -0.0268883899882568
0.075656168522787 -0.0198920597964313 -0.00796361799885659 -0.00709683971741571
0.0779291730893314 -0.0209213323959807 -0.00666159110706929 0.0209498996039639
0.0892171279788926 0.0234988836761663 -0.0230074761664577 0.0451308125154357
0.0624675979123946 0.0713913475531589 -0.0573649416087641 0.0509290960855545
0.0209560168305107 0.117921928370479 -0.0892600165960568 0.00492011846045862
-0.0843715961313378 0.090999396357925 -0.0690913736108744 -0.0416380249798796
-0.143495752695261 -0.0128241424191124 0.00362428758409492 -0.0490511322046348
-0.135019576246736 -0.0973845693788046 0.0246773833081525 0.0223113442822698
-0.064356207030491 -0.105093226347429 0.0759951924013981 0.050671765713919
-0.110131358595019 -0.0830917623041437 0.0123636089029454 0.106527716056796
-0.11652186365389 0.0116218450295059 0.0606214334039586 0.116930459927795
-0.0535099501164162 0.100738196207608 0.109011990468654 0.0473206378274532
0.027435357777687 0.0962255265121433 0.0877885083021239 -0.0273867332037922
0.072316412429088 0.0574504686405433 0.049949650185591 -0.0385260422227827
0.0855244796690758 0.00538715151004301 0.0329894741356667 -0.0242128931859212
0.0745867977842243 -0.018027159348019 0.023316059465015 -0.0126148816920405
0.0747381579367905 -0.0203867353789325 0.0236108528212134 0.0163825492831868
0.0831087763048378 0.0201741920704164 0.00686583944421189 0.0475441383272912
0.0576152910741444 0.0670276048855755 -0.0332244661341281 0.0651218259435671
0.0125949558065693 0.110018063719231 -0.0777796347869086 0.024843330353291
-0.0830151406220331 0.072728933454864 -0.0665567511842913 -0.023763149314358
-0.119661036577263 -0.0251816461286289 0.0104365709056558 -0.0375008345506628
-0.0997734866750993 -0.0891817107128602 0.0518973498350936 0.0540740612239747
-0.021870560556042 -0.0747973860846935 0.0965124595124268 0.097699009023107
-0.0616564224287107 -0.0783901373241108 0.0248707471086647 0.116029984328701
-0.0874889079941817 -0.0131405310935622 0.0411821322321959 0.120764781896859
-0.052793335242986 0.0689032416619209 0.0858642967335503 0.068993896793632
0.0138223101422817 0.0772615008530637 0.0907315580787087 0.0101765533922973
0.05283316206591 0.0479880849731499 0.0766064601263057 -0.0167018073794311
0.0684205831093762 0.00717152343202064 0.0643951193812451 -0.0215536538211611
0.061125729280554 -0.0135620499317451 0.0498257183267169 -0.016749299340911
0.0622239935497041 -0.015750733963824 0.0502695704484357 0.0122057148336711
0.0673039577624528 0.0165636589112593 0.033247444083003 0.0503474001863634
0.0459448701748722 0.0578587033387379 -0.0131373567489252 0.0762497342089698
-0.00190042638658715 0.0914214439532522 -0.0685127612137915 0.0394991682650605
-0.0768664432840417 0.0433425387601212 -0.0635088912515662 -0.0103942271727942
-0.0844208554121802 -0.0394562833601221 0.0130922792364017 -0.026072992416542
-0.049803408970718 -0.0733481572363597 0.0665841099768822 0.0788536904632061
0.0238752275159752 -0.0303445289337504 0.106734786096483 0.123815491062966
-0.00694993943210185 -0.0530739997554306 0.0345245491684801 0.113296229369013
-0.0416971397084334 -0.0250933939861159 0.0274590266515154 0.115696445729395
-0.0350976568582317 0.0306309347759679 0.0686364456769779 0.0791537791932027
0.00356365099631054 0.0432738771923486 0.091219082946054 0.0326884936824271
0.0264492941327853 0.0278154064304721 0.0934906781155374 -0.00384035709090068
0.0393291262992273 0.00666158897633929 0.0835951918266323 -0.0205749889709984
0.0379844947129552 -0.00702184722302343 0.0688196659179637 -0.0186212232260741
0.0416113839795362 -0.00833990999274808 0.0690662650891792 0.0102770309747403
0.0447940502558176 0.0123017749786535 0.0517768678116352 0.0549987582591877
0.0307716326639926 0.0442764914622622 0.000334666242553823 0.0871213628206587
-0.0150779800107783 0.0649707950137623 -0.0649805655635147 0.0528876547134987
-0.0622861152466316 0.0108070888748311 -0.0643070587794856 -0.00149144763261529
-0.0407434068178014 -0.0464715862694517 0.010093521020438 -0.0188499856517257
0.00535374822820042 -0.04763686102787 0.0655576371577916 0.0944411508463942
-0.0464504940461294 0.0149118982968026 -0.0816462299431408 -0.104282286864498
0.00106055230042908 0.0420044200304427 -0.0344347630081218 0.0392599510805471
0.037016506113852 0.00800868205710943 0.0831472139893707 0.015696064227313
0.0149937040061702 -0.0320168866122398 0.0905834393908212 -0.0711234998929728
-0.0133523381665375 -0.0221308884808953 -0.000938859796158248 -0.121972802272671
-0.0129499352864385 -0.00814391259137055 -0.075076920961806 -0.0791964421957943
-0.0154490979762728 -0.00511695905794045 -0.0902902308646726 -0.0174965540117785
-0.0130333502801124 -0.00169477806921773 -0.0879130943436643 0.0178035172623932
-0.00487099627568898 -0.00847290557670049 -0.0941762149347804 0.026874195867079
0.00636472157727716 -0.00880226683044335 -0.106292762854625 0.0095937178296803
0.00734644043921038 -0.00576507798400201 -0.103217323493324 -0.0339422809258959
0.0224220365307467 0.00527748093280902 -0.075452558394066 -0.0805839018368266
0.000748427274456516 0.0355006827389094 -0.0298951203477847 -0.1117195834085
-0.0506897779574833 0.0293987569485128 -0.0135543652009512 -0.123053814586086
-0.067002887819855 -0.0168224104608916 -0.0982203282315991 -0.127686755963585
-0.0878227830814503 -0.02334094068978 -0.062038790865384 -0.106595585677489
-0.0535773329015769 0.0301313162420073 -0.0328105696242421 0.0447588638763885
0.000242835237475242 0.0376739065490616 0.0929660242710603 0.0267263878197845
0.0176341659525142 0.0140504950360704 0.105843296658032 -0.0715755847883569
0.0105194384094229 0.00598343785553341 0.00738119027121197 -0.130190637537832
0.0194064880220018 0.00393341767458382 -0.0704751164564734 -0.0843633764925929
0.0180467864923007 -0.0101640910605767 -0.0860612504528206 -0.0211920972836126
0.0172737525494963 -0.00983119663266349 -0.0831153260610326 0.0137970804250769
0.0282248821972884 -0.0109597012564156 -0.0867857376409637 0.0296487697354389
0.0396655521791948 0.0126532360020933 -0.101718017735923 0.0190620328004142
0.0209098640577138 0.032589965323853 -0.107636051683881 -0.0204420515247762
0.00775611482499143 0.0501811598577996 -0.0866810276829792 -0.0716499464129467
-0.0454524119102735 0.0518589414074539 -0.0397636289782322 -0.101345263224563
-0.103613992117794 0.00212343090394538 -0.0141359614284217 -0.101428985365144
-0.113244037789299 -0.0624484636242111 -0.0797484012296182 -0.097755083374386
-0.113901479274529 -0.0637405676358631 -0.031013053794603 -0.0905517370309285
-0.10533710120167 0.0053990617296628 -0.027058540028657 0.0577136397536975
-0.0465033710539027 0.0591656190275261 0.0999999626906566 0.0501269389067987
0.0103903690697587 0.0635586196794476 0.123701181121811 -0.0578299949265229
0.032979120228634 0.0407134002878343 0.0268741750918371 -0.12828710329347
0.0512667863288293 0.0207504901303843 -0.0528339335221964 -0.086068327228715
0.0509598681994311 -0.0110104494991151 -0.0699686705902985 -0.0255210165281936
0.0451298893320354 -0.0165480751229476 -0.0667577928066996 0.00758889419027953
0.0551153669596297 -0.0151437196972093 -0.0667537290644972 0.0300232686545749
0.0687091248530318 0.0236006918564364 -0.0846807390057374 0.0327664484812508
0.040752433509499 0.0593335387426659 -0.102851351615668 0.00652500481652871
0.0104073912059874 0.0901680247971859 -0.0999813731955858 -0.0493238928929385
-0.0741732867963954 0.0769830177813374 -0.0568880917831854 -0.0858566918389215
-0.141775954210475 -0.00619043051078279 -0.0115159328389997 -0.0815373375659783
-0.146225336421876 -0.0899788059775598 -0.049350145363897 -0.0572783659455182
-0.119346210889532 -0.0985355208449415 0.00761516283953266 -0.0557376622984826
-0.140627779125505 -0.0297097378862351 -0.0179711308516542 0.0761663733402561
-0.0931227620966511 0.0623663818975493 0.0984836646938973 0.0813672816649467
-0.00912316867846733 0.104335840260498 0.137034261252039 -0.027176425289517
0.0456914029511596 0.0754096434272823 0.0535792530798702 -0.110409179616556
0.0754064681907224 0.0396083265188941 -0.0225061167482515 -0.0808293218444583
0.0781066793736628 -0.00734254015378202 -0.040971612749611 -0.0288155437713179
0.0669184286613496 -0.0209410896428154 -0.0407937261669695 0.000212119319858757
0.0733914142207718 -0.0206172032970734 -0.0392645522160893 0.0276865094462086
0.0883988262105327 0.0254468646559205 -0.0571442365815852 0.0435523890265342
0.0592255843837868 0.0723772721007401 -0.0864956877414465 0.0341360115085558
0.0212730201848021 0.116159166498471 -0.103373127167208 -0.0204295252039128
-0.0858722792365918 0.0963022313932611 -0.0695311127853417 -0.0659003338833259
-0.158251989772026 -0.00673976294631893 -0.00463679421586948 -0.0659412506533652
-0.157393792126185 -0.101491463057562 -0.011750595498352 -0.0158114351678381
-0.102577577617716 -0.116205088876778 0.0459904240469804 -0.00376900182000845
-0.145830174772452 -0.0646017247241593 -0.00371395098228363 0.0957858053159043
-0.122738089084879 0.0444783074323446 0.0852171698228236 0.108988842433129
-0.0354220949151028 0.120251634924292 0.134425266060311 0.0125346546780269
0.0439645649740175 0.0988181375056609 0.0777732181584303 -0.0743667928913709
0.0848959710648338 0.0548990303500469 0.0152381504142878 -0.0652748950066437
0.0928370957738961 -0.00162804798714494 -0.00407917451100196 -0.029105950546567
0.0783276153157473 -0.0223083438705406 -0.0096589713692486 -0.00687585634344868
0.0811201646400199 -0.0231132020487152 -0.00701117659010755 0.0229804875921712
0.0945015532164793 0.0229904017338597 -0.0243765233629437 0.0493175234865918
0.0668527681032152 0.0740395227507618 -0.0610225459418441 0.0559554840669396
0.0246517508985056 0.123006550390038 -0.0962290822277027 0.00666446767143244
-0.0871573338842965 0.096840532036646 -0.0733662798769717 -0.0437162924106727
-0.151317912779981 -0.0119668272979417 0.00372922236089305 -0.0530702700198481
-0.143078822606802 -0.101086239225043 0.0264544478903085 0.0218242483369609
-0.0676126225656291 -0.109346721260289 0.0800257752073242 0.0528329001145288
-0.117245519556698 -0.0859461604546819 0.012463500850919 0.112710501800644
-0.122060137099258 0.0130554759280205 0.064744580289403 0.124370481286106
-0.0547265850071291 0.106078784286546 0.116887651723115 0.0491803749872962
0.0305141291135795 0.10085595971052 0.0918203506665152 -0.0307116861059104
0.0774712617759893 0.0583918875761144 0.0520336473980641 -0.0428027064785896
0.0905735142876736 0.00313086343160273 0.0346512811439322 -0.0273661205189575
0.0773507221109623 -0.0201574927058454 0.0231169446459791 -0.0136229712342206
0.0775060192483125 -0.022737526159912 0.0247367040699432 0.0171788041192772
0.0877399261317655 0.0193833239468571 0.00753630339992364 0.0511038549817117
0.0619005122969082 0.0695053910756299 -0.0345310345599558 0.0703646715828599
0.0158637388508098 0.114520767494574 -0.0838252735634363 0.0269455257713548
-0.0858076197758644 0.0775133502551424 -0.0704830378819152 -0.025050915874358
-0.126561915016514 -0.0249900895277205 0.0110357189263169 -0.0407942934187201
-0.105210343258019 -0.0930392215870123 0.055700736139502 0.0544232816725678
-0.0226699689734446 -0.0784826953788493 0.101933809224504 0.101304259842999
-0.0664992215488079 -0.0823609468524176 0.0253893423955522 0.122397050667088
-0.0916157033550159 -0.0136909802752048 0.0438643364588967 0.128124881421284
-0.054958589330138 0.0725124675533041 0.0919720144322077 0.0725001337524055
0.0161537229850813 0.0802665422341965 0.095632911342873 0.00862668201137817
0.0571119580530857 0.0487739748654273 0.0811979347548091 -0.0199781124588248
0.0720665585431156 0.00577290390854356 0.0669300887545627 -0.0246296009173625
0.0636315829602597 -0.0152268794795831 0.0516705456289936 -0.0188545467799045
0.0648202560748029 -0.0177149301958459 0.0522370087573535 0.0122678241421622
0.0709736294912828 0.0160087819650022 0.0347442154281101 0.0535015261620119
0.0496443428595926 0.060611182411128 -0.0131775396069837 0.0818113396548664
-0.000125185330980152 0.0960301280042669 -0.0736433498422018 0.043216956982001
-0.0804368667455159 0.0464662637609576 -0.0677424550641752 -0.0105066500268117
-0.089393086350388 -0.040547656720409 0.0135661056265455 -0.0290509652622967
-0.0524884220443104 -0.076498455866416 0.0713810697808311 0.0803360480847855
0.0259591252164556 -0.0323679553059235 0.113168355762049 0.128691577747663
-0.00792196872947511 -0.0565485443897946 0.0357300130245949 0.118821409255741
-0.0445508334039031 -0.0261514188698646 0.0298797423400259 0.123138841226724
-0.0366377227693982 0.0326293720450963 0.073467567574613 0.0834690030867288
0.00494474527788167 0.0453297784713001 0.0968949380102039 0.0325032892088616
0.0290146745437942 0.028402364516502 0.0987189039144557 -0.00672643511611735
0.0416591722126752 0.00586985246330043 0.087263445166895 -0.0244258791546394
0.0398999531719182 -0.00806227556428614 0.0708866998049552 -0.0215153837887702
0.0431143898693857 -0.00941720566568838 0.0723679957216264 0.00952174942604509
0.0472850264703484 0.0120822445407339 0.0551788982254093 0.0578672121116094
0.0332522216129684 0.0461663407131221 0.00125924626276742 0.0929183958580077
-0.0144807168528028 0.0685455781515892 -0.0690822690671861 0.0572457513813641
-0.0660583377214935 0.0126311318362398 -0.0684510028347449 -0.00112678084238555
-0.0434928338186379 -0.0488199730224555 0.0101730339335391 -0.0211642135251944
0.00596824219113393 -0.0505387424940117 0.0706308936684663 0.0968727724100721
-0.0482691380455651 0.0170621946148205 -0.0901715244869315 -0.105068039457261
0.00366212216362665 0.0444229065837747 -0.0342347605800817 0.0432607767160301
0.0395094528442278 0.00624555451743753 0.0897993157210162 0.013182628616986
0.013936992493818 -0.0343294827846948 0.0938326140010881 -0.0800939934198342
-0.0154322363875904 -0.0226843674595723 -0.00626683706030586 -0.128788350020018
-0.0144772183542122 -0.0078153970715924 -0.0827467613509633 -0.0797133024439359
-0.0171062298403108 -0.00414073658548973 -0.0947982401928381 -0.0136787295535917
-0.0134954864208869 -0.000546265218530072 -0.0901158089429921 0.0229839819833471
-0.00617436384210954 -0.00869954365789293 -0.0972235200930339 0.0344146857901359
0.00589075497202195 -0.00998410443840109 -0.111966730577915 0.0162389671613038
0.00721656532000948 -0.00648906861199834 -0.110163094428922 -0.0307220621533084
0.0239713832795827 0.00350581630333622 -0.0827083037105643 -0.0816942421115009
0.00289963819061238 0.0373207655984351 -0.0352261402674597 -0.1176372418931
-0.0518344727060335 0.0338082088775079 -0.0182395763722797 -0.129737333737184
-0.0719468170709521 -0.0147895620169444 -0.107702954494012 -0.129012222926179
-0.0920324867992795 -0.021085568662358 -0.0702162970950863 -0.108612085113021
-0.0544640338289832 0.0352770853045572 -0.0318257069879981 0.0496615266708276
0.00284907597676567 0.0385488907360166 0.100432187745211 0.0248658865023076
0.0191319907364357 0.0128727050212012 0.108958404497848 -0.0805906399222387
0.0109705958099705 0.00544921045684545 0.00180574599678513 -0.137193655836266
0.0198668976899546 0.00282496202952532 -0.0781231361344428 -0.0854432300622537
0.0177866622052559 -0.0110526759707468 -0.0914025369576881 -0.0177638711425665
0.0174425791994183 -0.0106467487664659 -0.0863171490571438 0.0196316501497363
0.0283882165575238 -0.012699275288571 -0.0895335744340549 0.0358665880060576
0.0420546012213908 0.010320458838614 -0.10684288474996 0.0259599032105181
0.0230856001502204 0.0339198708823932 -0.114795224152306 -0.0158451914699758
0.0103271592568543 0.0513989761096862 -0.0946465221180847 -0.0721169854301051
-0.0451309074563439 0.055510520668396 -0.0456483233646068 -0.106611191038384
-0.108366680197728 0.00755164724425153 -0.0178019965695733 -0.107447009286956
-0.121926406245916 -0.0602409533979474 -0.0867228538696463 -0.0989086102972392
-0.120867943131615 -0.0621043006001351 -0.0370329544399586 -0.092614603450921
-0.109872826116988 0.011720875247414 -0.0264948259312095 0.0634264234564305
-0.0449233918308027 0.0628957449482443 0.108169082950433 0.0489928439804591
0.0143047501812172 0.0651225005533228 0.128811999897358 -0.0662626134102552
0.035886335325117 0.0402925526991117 0.021753669860286 -0.136583714327956
0.0544062261382266 0.0183281017318431 -0.0600279369915205 -0.0884417999842213
0.0524400690006779 -0.0140316986231067 -0.073974589326622 -0.0234938029299423
0.0458580176987947 -0.0190762913654707 -0.0694188916280106 0.011937205195849
0.0562218343422118 -0.0186692807364445 -0.0690098083289728 0.0354485057902127
0.0731881952211 0.0205060235610032 -0.0875955546235777 0.0394136705892754
0.0453426513556224 0.060035801786842 -0.108699088395974 0.0118281198301198
0.0158190332431042 0.0926666162161355 -0.108383433149472 -0.0476120614068579
-0.0739462666018222 0.0837474503645812 -0.0625465002374849 -0.0893406607145198
-0.148782013260654 0.000332534717955212 -0.0150181706754541 -0.0864263230097355
-0.156255409798003 -0.0879915835503832 -0.0537638324480783 -0.0589390109301182
-0.127928516553147 -0.0981322059100186 0.00457833546375342 -0.0579991169554955
-0.148383682831601 -0.0236945795601771 -0.0166986251905533 0.0821749388466583
-0.0935995428820437 0.0689166010373171 0.107278476234466 0.0820694352016964
-0.00408874487046259 0.108503849440049 0.143604752693241 -0.0350765591075697
0.0513031855913882 0.0761728736664888 0.0500090234708813 -0.118466994011346
0.0811879546261795 0.0364859139401072 -0.0277202486608751 -0.0841645766477282
0.0814330280721223 -0.0121335101006196 -0.0440680987270923 -0.0282634937132151
0.068158206954664 -0.0250155589648514 -0.043146598529365 0.00305122319675265
0.0747197408284998 -0.0246642611602158 -0.0396395619769375 0.0316340131365191
0.0935252812154363 0.0214017890055406 -0.0584599856632615 0.049912364001758
0.0655474531370051 0.0725132634588272 -0.0896604860645258 0.0408952394965588
0.027821263410623 0.119124252376415 -0.110929181811049 -0.0170319891709793
-0.0847585348464503 0.104489877385304 -0.0758592901912445 -0.0669665795296109
-0.166092487679124 0.000343531830412358 -0.00721257393045044 -0.0706979837403741
-0.169010778969583 -0.0994047920828092 -0.0126273263675523 -0.0170745904786121
-0.111115702643407 -0.117093918744333 0.0475026088662834 -0.00563583445510131
-0.155536513650752 -0.0605309797960642 -0.00125786525581039 0.102162092394283
-0.125544570577508 0.0516166631728262 0.0943374500508751 0.111847248233304
-0.0311243732938872 0.126562077691204 0.142656473569039 0.00707535009141143
0.0508763219606736 0.100305642506879 0.076962932556519 -0.0824160308418308
0.0916457272527814 0.0518918903283784 0.0127264265999377 -0.0699531303290168
0.0971966216248855 -0.00731910739405181 -0.00562237180660947 -0.0307213702195008
0.0805318432912967 -0.0271768865671992 -0.0110610278770286 -0.00630434074010243
0.0825889885747268 -0.0285155943092035 -0.00669677034446035 0.0248411272780866
0.100185300448358 0.0180721140250865 -0.0240163000051983 0.0540880196539686
0.0736584472951131 0.0745445984045212 -0.0618697219062004 0.0626431839979466
0.0324734589762579 0.12620629241812 -0.102692060298476 0.0114278230016376
-0.0865151240303942 0.105049623698989 -0.0792466426978599 -0.0432802327406747
-0.159257182303635 -0.00516366911934075 0.00184952772046955 -0.0574512057843631
-0.153622379818273 -0.099298410254292 0.0291030634445068 0.0203252346900381
-0.0742607956947575 -0.111483011550362 0.0849550876696701 0.0518925939694373
-0.126778754736843 -0.0845410629998456 0.0158872350815823 0.118126962787007
-0.126389085112267 0.0178791027521337 0.0730529146529987 0.129648569356442
-0.0517960100003952 0.113208475543075 0.125469320955861 0.0464481597048693
0.0370530036775045 0.103238650707206 0.0942097605468524 -0.0368890863285294
0.0842762430714324 0.0562689774147951 0.0523613941941413 -0.0478918467780636
0.0948184523422638 -0.00239161228112476 0.0346717623816976 -0.0311704299203856
0.0793293236218789 -0.0252115434654943 0.0221519331668423 -0.0150804224872506
0.0793427880810243 -0.0276502743215826 0.0260066783528959 0.0170413827675192
0.0924050585649141 0.0147373061046614 0.00971529828921045 0.0543662226196817
0.0686062228916623 0.0699729576545882 -0.033572750105721 0.0768412024967813
0.0228407117278633 0.118713849229753 -0.0887556113216192 0.0321868555669497
-0.0862881468822093 0.0847223481491153 -0.0757905203601028 -0.0232744664256317
-0.133832145588444 -0.0204782117699821 0.00958684619933567 -0.0447861962981959
-0.114063673059932 -0.0925199814636167 0.0610798164747521 0.0525784592264704
-0.025906489144087 -0.0817116815079304 0.110218697644348 0.10172935387977
-0.073061866689651 -0.0835819502021231 0.0299570481986891 0.127002564263722
-0.0966013271309118 -0.0108419252299439 0.0510557288117887 0.134005104671975
-0.0541146046425482 0.0779951687960399 0.100124051962183 0.0726276314446165
0.021314787943677 0.0830260966432234 0.0997645104854522 0.00395248298588672
0.0623059786441495 0.0469991296629221 0.0842360046054187 -0.0258534241719455
0.0756766183809983 0.00155942233219867 0.0691292337039842 -0.0309819409967117
0.0652638647770858 -0.0196067542543704 0.0518404972278457 -0.02252765528347
0.0661737634030447 -0.0217804871898762 0.0544598818942543 0.0105777530833609
0.0748413264481997 0.0129519265840326 0.0383599647154688 0.0551094126556326
0.0551262535456594 0.0604468708699602 -0.0106231550584141 0.0874733844207153
0.00564896246534742 0.100131080919059 -0.0770444930087788 0.049121386194811
-0.0819925117333902 0.0521127118257898 -0.0719098291406596 -0.0079634659329729
-0.0954748758323711 -0.0388373218158679 0.0130459444192251 -0.032703342391556
-0.0577354796601048 -0.0778156623417852 0.0783546979863799 0.0787128462235367
0.0263642111874202 -0.0354662953450189 0.123208614779148 0.129590926123923
-0.0106043572425733 -0.0592912760667293 0.0400020679153968 0.123156278643654
-0.0479821759254288 -0.0255969780813418 0.0359885952483261 0.129457885837438
-0.0372945659388598 0.0357360104508943 0.0808494290290644 0.084875907127722
0.00803668304176729 0.0470773098383915 0.102682815411022 0.0289708023895868
0.0319245010814901 0.0278360737345652 0.103203906830703 -0.0131109965009125
0.0437243228357327 0.00307175574883582 0.0898636189194161 -0.0313487297726718
0.0412981450690522 -0.010597893578585 0.071737781075456 -0.0266899958822894
0.0442263297690993 -0.0120555078050327 0.0754160711152689 0.00653704195804814
0.0501255215149167 0.0103714600609305 0.0596464502315187 0.0581897125626688
0.0372121706874544 0.0462641847181791 0.0046290424494021 0.0987220542155357
-0.0108620097704964 0.0728238557535677 -0.0713947546116605 0.0642282421500709
-0.0689383379888872 0.0165982225580927 -0.0726055995065068 0.0020897357819713
-0.0477302924478882 -0.0495021356119309 0.00946542755483124 -0.0239972649695963
0.00477314434557891 -0.0529114362048061 0.0785888650249305 0.0958455142074766
-0.0528384368610478 -0.00509144227412377 -0.0361347034399648 -0.136735972328157
-0.015433211385059 0.0433442294811822 -0.0506647672932137 0.0250861200014527
0.0333743154369101 0.0216369195326198 0.0769510427603538 0.0516789072343794
0.0259700068268956 -0.0258293913902173 0.123449926253555 -0.0335139104479708
-0.00665441585219393 -0.0268723437237044 0.0510745883041228 -0.121355166929585
-0.0114186367004285 -0.0130915471477333 -0.0406134764251823 -0.110451339521976
-0.0155598972614447 -0.0108594917660202 -0.0803961715494125 -0.0550542084510566
-0.0133047916294057 -0.00588256654230741 -0.0919534120313765 -0.0170036632004462
-0.00244329525763685 -0.00959603891850613 -0.103884951588259 -0.00977686956042391
0.00839616766926355 -0.00621838488880051 -0.10993701324956 -0.033063464549414
0.00859241097462929 -0.00253794306494201 -0.0881357138905703 -0.0770405770604923
0.0183436099279824 0.0130609475230576 -0.0381321430656941 -0.111596634499231
-0.0143902196688855 0.0337465851621742 0.0227793059772714 -0.125268031141876
-0.0629333976405167 0.00711751032185544 0.0448000194406352 -0.130625956684195
-0.0603407098018126 -0.0452164662752124 -0.0356756824513171 -0.170221875772937
-0.0761864351216767 -0.0604142179165554 -0.0166412830131381 -0.129669550407183
-0.0644660870937964 0.00847836049651731 -0.050592429251127 0.0324933513851146
-0.0148512906656013 0.0352962398030798 0.0828258787940462 0.0679120244025549
0.0105146452001249 0.0194180610811266 0.139398342918883 -0.0273983205119754
0.00532556407856284 0.010421912893455 0.0632803941298701 -0.126801339030071
0.0155788860787745 0.0114075750871225 -0.0336184282131669 -0.114507660634008
0.0200041194265196 -0.00254322034763319 -0.0757448534844846 -0.0574030844710392
0.0199803058336822 -0.000975019522823977 -0.0865476735799362 -0.0192154098071656
0.0309543840442279 0.00146811749428156 -0.097710247218757 -0.00423375353317476
0.0338091174560896 0.027938452151541 -0.10986687415989 -0.0207956787962314
0.00582199995810256 0.0413555365551609 -0.0998361077937495 -0.0644442607314558
-0.0146042446650729 0.0498248071688523 -0.0551029240693409 -0.107925236939255
-0.0665775023859362 0.0295214722456079 0.0070374112516668 -0.120899141417019
-0.103069869034899 -0.0416270040433862 0.0364257739600994 -0.111158798687232
-0.0857526289982978 -0.10903692092617 -0.029551452558704 -0.133539125671831
-0.0835844003953502 -0.111028364372139 0.00575289884724214 -0.0988212062036707
-0.106082679554831 -0.0379648895432988 -0.0505265635652753 0.0496874964350579
-0.0693027081636763 0.0355946808900384 0.0805452575495805 0.0955098160611611
-0.0166350801123785 0.0643730418394664 0.152335060948885 -0.00418938730607276
0.0129459587822895 0.053387658413783 0.0827850319630188 -0.11785417933836
0.0412665287817736 0.0404229941475353 -0.0146400607919661 -0.11008769231831
0.0535073057689663 0.0100087915992686 -0.057144553327905 -0.055094344452907
0.0505904948162929 0.00334180940384603 -0.0687359080725105 -0.0186118227850984
0.0593242468863172 0.00791121923620079 -0.0789104520089681 0.00411185890699515
0.0585949717716882 0.050682810746638 -0.0980835570628708 -3.2543122859207E-05
0.0152763827537823 0.0762981050178224 -0.107467176365408 -0.0349983880638358
-0.0279939148965179 0.0902944613220218 -0.0800963887427282 -0.0908687316684676
-0.105441573470954 0.0421005900509074 -0.0179973985009757 -0.113205050055277
-0.137248760346573 -0.0662461924666354 0.0304442062306773 -0.0919615049310558
-0.105911566748561 -0.149767956475706 -0.0176047923152519 -0.081099763915136
-0.0732978126206209 -0.148224967011862 0.0272738485912436 -0.0482076571110055
-0.126401092767187 -0.0884911477052236 -0.0506598772095454 0.0721383851562464
-0.117392955968292 0.0190089072226796 0.0653781388824801 0.127069480134354
-0.0520304581845406 0.095570579856524 0.152995041965771 0.0324930507993003
0.011245673112618 0.0921912229109073 0.102202143581173 -0.0894830840540675
0.0582757614646698 0.0688678752238707 0.0131381682307283 -0.0930653044638534
0.0803033053954522 0.0236858000751779 -0.0273047130609337 -0.0465322929599923
0.0741030374244015 0.00744169007895553 -0.0411778969651377 -0.0160615560912426
0.0787322939633769 0.00988467764554607 -0.0502326291317942 0.0135005604354032
0.0778857031211325 0.0600132703033529 -0.0760778410399275 0.0224450739381934
0.0286991432273366 0.0966788311296012 -0.102673059273719 0.00103022979306519
-0.0274843403316684 0.120114682072099 -0.0982616071542411 -0.0630645805165966
-0.125132898600991 0.0564860330654195 -0.041569273941198 -0.0983603160919927
-0.153043709568865 -0.0742663306247877 0.0295241487610723 -0.0742304586457626
-0.111374056450347 -0.165882716336063 0.00118420587342262 -0.0240153407716283
-0.0489657893450202 -0.15920157639099 0.0429452645959314 0.0193243368622375
-0.116344207589758 -0.126547717458588 -0.0465432357864996 0.0985183872700645
-0.138478276546488 -0.0118350480324004 0.0393507172664637 0.149716608588188
-0.0848052625394664 0.100067464047128 0.133827186880134 0.0726877821331823
0.000370709279661028 0.113573646069628 0.111982504024628 -0.0436714553391409
0.0618909054583142 0.0870726114232346 0.0438522022482656 -0.0619955088101797
0.0931770370425946 0.0348534812498768 0.00899277916565382 -0.0324737274051456
0.0863251457026615 0.0102745932917958 -0.00758851438421735 -0.0104973422325726
0.0870697687309146 0.00964962345227264 -0.0171529484510904 0.0212633494084682
0.084731782791949 0.0594455067261472 -0.0463077858305476 0.0408963952500751
0.0357517614368902 0.101568085223709 -0.0864103275113762 0.0338317682410459
-0.0258790590866709 0.129487194323649 -0.103365720744589 -0.0332141963950057
-0.127765274859928 0.056869805826367 -0.0558436872795855 -0.0781306529438987
-0.144391842975624 -0.0758051256535267 0.0314867232690595 -0.0569979000049914
-0.0967456942476658 -0.159634070598376 0.0207628262125424 0.0306266386115904
-0.0171227426288943 -0.137916213068462 0.0514427792988191 0.0884176650991098
-0.0784025526968787 -0.136553750585941 -0.0389128427757811 0.120414634935474
-0.124158342672119 -0.0431583358042127 0.0105870448321543 0.156865138490026
-0.0973650075367263 0.0778233560049989 0.0987230668138619 0.101591336734581
-0.0127238495936948 0.109579716183435 0.107555711559907 0.00623162834684694
0.053263150307109 0.0878466130222677 0.0710480500596599 -0.0241531840819351
0.0895569616394487 0.0381912034302679 0.0464150576586976 -0.0151613462601067
0.084912538028162 0.0116154859841788 0.0263411596315772 -0.00484547837851799
0.0845641892357201 0.0083373688154237 0.0154798149130971 0.0278611290281263
0.0791032726546195 0.0533514747585558 -0.0157641736888888 0.0557749324074265
0.0338268461038515 0.0953263003139568 -0.0664644474125576 0.0591773530243673
-0.0309715893880321 0.118440559056313 -0.100422906099158 -0.00719180326267018
-0.117805440186989 0.038578338494386 -0.0619178947741997 -0.0578735339114342
-0.113895254406259 -0.0786978347264167 0.0325376949862517 -0.0413758900251497
-0.0629608441454326 -0.135276822414192 0.033995433135583 0.0754623236905373
0.014440748481135 -0.0892396143457665 0.0533533782026478 0.145099063354761
-0.0296425659087453 -0.112009524219662 -0.0315345892715987 0.133509968126708
-0.0838503715084847 -0.0560624287861108 -0.0135385390994445 0.15098931481088
-0.0836779470177288 0.0456439573060156 0.0625002120102635 0.114573037253966
-0.0180931226561248 0.0842412193247533 0.093867009590163 0.0475615916516078
0.0370694943482634 0.0699532695723877 0.0905054191951018 0.0113220710167141
0.0703026848904968 0.0329937387023195 0.076998088807284 0.000229488408535347
0.069710729595714 0.0107106573485614 0.056533196928283 0.000981180190463379
0.0701959487638915 0.00805752814184672 0.0445720651922573 0.0328285549673718
0.0642627477749691 0.0433683232291912 0.0106380464401803 0.0684031043991098
0.0250760343377988 0.0810176632855856 -0.049931601668431 0.078876394395048
-0.0382772276954142 0.0945098538150781 -0.0974426089059542 0.0127565485158483
-0.100038431494949 0.0111964300764329 -0.0646200811064045 -0.0418397484165437
-0.0709410660943523 -0.0784106120427726 0.0301589182926878 -0.0274559978562255
-0.0178440752688539 -0.0968323074457284 0.0361116460683641 0.108201404375478
0.0417955409936146 -0.0232670330893569 0.0542095040472793 0.17491738172654
0.0178627120044452 -0.062260188637097 -0.0215932897719515 0.132595753719644
-0.0326006379612701 -0.0477329278529258 -0.0267198519269371 0.138278859927669
-0.0498916478280103 0.0146893868734604 0.0378823545518424 0.116844130246237
-0.0132316539761941 0.0451370851536396 0.0840362775619287 0.0721240305658893
0.0175557094591732 0.0387259317824393 0.102144257830315 0.0330605558389955
0.0402845161816063 0.0210028758972999 0.0965645942774451 0.00901204770746339
0.0434283943453019 0.00780572695080107 0.0763705587306918 0.00557210567365349
0.0463605414945211 0.00771693975714718 0.0649310939201934 0.0378166255342759
0.0423980129083282 0.0309631070432466 0.0287747245289807 0.0797870508141273
0.015081068322128 0.059960394704092 -0.0407199778668301 0.0948424241344304
-0.0419025296566217 0.0633072231492988 -0.0979311444060948 0.0274241387291808
-0.0726202538006173 -0.0157349775262126 -0.0695368072462636 -0.0331806506559535
-0.0215343544773386 -0.0672523990118499 0.0227140088394966 -0.0202510136952643
0.0292276213511516 -0.0467266344340447 0.0268394266606145 0.12486161092718
-0.0532777229874263 -0.00331077288177346 -0.0430410231826726 -0.13426434780338
-0.0129162835982252 0.044681848642312 -0.0496506667373582 0.0281975465372175
0.0347375172545931 0.0194475122229056 0.0802856839619547 0.0480420531569343
0.0248310314845553 -0.0277133221131641 0.122274644041039 -0.0403690354477997
-0.00868422820200893 -0.0267340241422093 0.0448639597250933 -0.124128533444554
-0.0128949104451894 -0.0123004351639838 -0.0465853622349712 -0.108091912080831
-0.016820807131921 -0.00930408348646415 -0.0828967948425328 -0.0498187598439641
-0.013762278745706 -0.00456962727126638 -0.0923879025864224 -0.011268406254511
-0.00326535545813632 -0.00961794588416513 -0.104266559281182 -0.00242543947735569
0.00787528666335712 -0.00672570052853691 -0.111792868593601 -0.0262271553085556
0.00809659631814095 -0.00309103292457031 -0.0930265090059779 -0.0728684991750446
0.01890481294217 0.0106784885775677 -0.0439358560983446 -0.11021259961811
-0.0123217289544177 0.034722523422209 0.0176876371211494 -0.127496441753736
-0.062422058542431 0.0112986647094279 0.0401757226231679 -0.133287974406951
-0.063000232489799 -0.0418057938546771 -0.043703163071734 -0.166634733879828
-0.078804689634072 -0.0565269117878979 -0.0238191068440306 -0.127893734006456
-0.0639834567055131 0.0129127820401418 -0.0493469089869478 0.0362592016045079
-0.0121888091420897 0.0354225273258349 0.0871161973814082 0.0636909851439308
0.0120085072652941 0.0177637244285874 0.138981741048173 -0.0351444652793361
0.00534074870280127 0.00946254220521711 0.056714672793234 -0.130436924811229
0.0155219019664187 0.0099610802729057 -0.0400063283233096 -0.112958759463782
0.0188613416789089 -0.00374301568942224 -0.077997691542063 -0.0523901398582187
0.0191494277756281 -0.00196418925865855 -0.0870957073400193 -0.0132512612532021
0.030270484707039 -0.000616551111268814 -0.0977220170611199 0.00217529488053434
0.0347371079701975 0.0256979897346898 -0.111320242404189 -0.0140850613661051
0.0075860586650399 0.0412228214572317 -0.104210108096735 -0.0591375572450116
-0.0117829624547308 0.0497202833747611 -0.0611628730830453 -0.105868269025273
-0.0646752800986053 0.0327802745321896 0.00235145954848318 -0.122151434824202
-0.104970548894861 -0.0355748657447358 0.0321368728390798 -0.113853529544275
-0.0914183700402425 -0.104135401279332 -0.0358871788962729 -0.130960043918529
-0.0885263640792552 -0.106846409607582 -0.000215486684391557 -0.0984742850115973
-0.107483472678959 -0.0313482163515544 -0.0496914594279225 0.0534124734809398
-0.066164735611181 0.0389249824985417 0.0860246010993791 0.091907375671841
-0.0121964004960477 0.0642969876889169 0.152961769391686 -0.0126402178943928
0.0153635869602545 0.0515885061858665 0.0758578707930568 -0.122603195278504
0.0428582819295857 0.0373971615464327 -0.0212820285425826 -0.109202459397582
0.0534461810070586 0.00618575275748007 -0.0595239391389564 -0.0515957188746966
0.0496175644853403 0.000432545767614828 -0.0696423605882809 -0.0144386202432079
0.0586414196587862 0.00452006723491109 -0.0785412297510919 0.00947384747036724
0.0611410165634754 0.0463957817452006 -0.0995510763025597 0.00644817028405611
0.0191971569854377 0.0755088821754317 -0.110607974982581 -0.0285938532953459
-0.0223961319465497 0.0907067527916756 -0.0863147100429687 -0.0871526007889363
-0.102910110347494 0.0472794707592821 -0.0226420087371673 -0.113472168785508
-0.140465229545355 -0.058476423961782 0.0266834459462655 -0.0948755606063116
-0.112856072874053 -0.143079741388091 -0.0206739306279074 -0.0804117320136992
-0.0797418528673633 -0.143667719791101 0.0237188951307762 -0.0490934351076531
-0.130885190218952 -0.0804577448646483 -0.0484193899399923 0.0760481275468572
-0.114775038932215 0.0247407637502331 0.0719279643386144 0.124358371458829
-0.0456279326473355 0.097180709775675 0.155971696241081 0.0244161551580166
0.0165519459363564 0.0904376797240347 0.0963867192430285 -0.0949724451933179
0.0618556544597865 0.0642966001901873 0.00760340041607206 -0.0937845732685438
0.0809155956365407 0.0182045867822784 -0.0294472540346186 -0.0450645157142037
0.0730183312792055 0.00319561520514003 -0.0424357566255327 -0.0130770962302187
0.0781518747558246 0.00525732224680223 -0.0499495250627971 0.0167842834573121
0.0806547177061207 0.0546206774045357 -0.0758104753885541 0.0278274591980181
0.0338968779928334 0.095089370474686 -0.103979015289471 0.00715717827653871
-0.0201003625295634 0.120201992050957 -0.103411785339338 -0.0580160148035278
-0.121560442052851 0.0632055625360318 -0.0454230385945091 -0.0969338275961
-0.157398757341546 -0.0657769712819921 0.0268239289293464 -0.0767927946839816
-0.119286296676718 -0.158372778098067 0.000339199106539369 -0.0247253308540819
-0.0552022582220751 -0.155918770333648 0.0432525594960582 0.0172245206440963
-0.123071471234551 -0.119426618664418 -0.0434437691710098 0.100957626001473
-0.138080558310485 -0.00524013691877949 0.0465705668140139 0.149113272916559
-0.0778709861876768 0.103423640567052 0.138464179004604 0.0658663600848278
0.00729317269385666 0.112245517199802 0.108762102559076 -0.04959057274569
0.0667853103239482 0.0822430397448706 0.0404512683253307 -0.064777840488956
0.0945358101828176 0.0278310823547284 0.00758744709229178 -0.0334657404033561
0.0857530416226929 0.00511003805588379 -0.00930307826192097 -0.00993481515053405
0.0870066035908637 0.0038818111886357 -0.0166195968034769 0.0229423381315812
0.0878904069784424 0.0534334113932992 -0.0450516345420267 0.0450148314331063
0.0417113403009219 0.0989790350437536 -0.0862689777429178 0.0394717298226346
-0.017875630360187 0.129210334219038 -0.107316896690953 -0.0272285703794555
-0.123246436618553 0.0634961313274933 -0.059387525244174 -0.0755485251820242
-0.147971167863632 -0.068160075621261 0.0293327104804121 -0.0602875460835574
-0.104664604653985 -0.153246677435997 0.0228725793287537 0.027776885963344
-0.0227040277459936 -0.136701280793184 0.0558091528595586 0.0853385937284769
-0.0860978529116525 -0.131919700478751 -0.0352806688460518 0.122003258491005
-0.125404957141005 -0.037461007002748 0.0175380376881801 0.156882167662521
-0.0924963678759888 0.0823351840525168 0.104562470758317 0.0967934792613648
-0.00638050711242339 0.109722722720631 0.106165177278544 0.000395322963609299
0.0584592549437562 0.0833926393503113 0.0697487022716754 -0.0280826579132934
0.0910692549132906 0.0316894842035598 0.0453013916622116 -0.0187676620453766
0.0846478160204822 0.0064197182772297 0.0245843975352066 -0.00624255874639409
0.0840866578674277 0.00302551331515234 0.0162934298900349 0.0271532549099878
0.0822699181760574 0.0475307082784725 -0.0137596259874939 0.0577179111807889
0.0391950126235046 0.0928148842973471 -0.0643909460104301 0.0635928886139086
-0.0234021453626432 0.119193589701649 -0.102964648480841 -0.00156483763952157
-0.115035739905814 0.0449124959425296 -0.0648528594447237 -0.0551321409981437
-0.117939963876682 -0.0721666047684727 0.0313361118183766 -0.0446545165450849
-0.0695157648706215 -0.130872837971357 0.0383132152315811 0.0719013043251751
0.0111933018110886 -0.0897058566107723 0.0601282156036978 0.141457029861234
-0.0351460298270299 -0.110642262918411 -0.027336685429537 0.134204529330084
-0.0861401360024978 -0.0526882912918824 -0.00679728423541353 0.152296668008718
-0.0809539426013738 0.0493827752136546 0.0684308394190559 0.111366301145849
-0.0125207178321632 0.0843421523236581 0.0953264546105118 0.0423536295528491
0.0409265138218699 0.0670355726336136 0.0906834089657567 0.00583619932064578
0.0713924061912247 0.0273456031824335 0.0772750080608988 -0.00546683795894774
0.0695897153117141 0.00605533888125576 0.0545911230176187 -0.00262784702918933
0.0697154771875711 0.00374437713251426 0.0453052186270055 0.0306529625624733
0.066476726365302 0.0390460307709469 0.0132633691729654 0.0687497086117639
0.0300116258076604 0.0790466879336095 -0.0469048046473091 0.0822536707619025
-0.0326022339414056 0.0966201979226468 -0.0984700318771778 0.0182963225768597
-0.099072553478646 0.0161533343713057 -0.066917325296551 -0.03896609476859
-0.074414111705424 -0.0748503874821933 0.0287026430431906 -0.0307500877865775
-0.0216482998499017 -0.0958650337041905 0.0424619587883833 0.104287586719876
0.0411507517796455 -0.025773943817408 0.0622152838943747 0.171347782938734
0.0147345166456839 -0.0634108515928371 -0.0176719124519043 0.132678514030906
-0.0348172678411994 -0.0462605488119628 -0.0209841202762737 0.140489130006467
-0.0488968965845849 0.0171917779463521 0.0434005551402323 0.115494487865135
-0.0103375797661868 0.0458791020838573 0.087016729449018 0.0677724926363532
0.0199146556464718 0.0369430804463337 0.104072136013721 0.0265126271179113
0.0410868504939137 0.0177788746494801 0.0965819329529767 0.002183434938726
0.0436986749730915 0.00489022248419842 0.0751723133889376 0.000374328532541083
0.0467136488295446 0.00441052878775277 0.0656456769823081 0.0339156154373374
0.0437866490814096 0.0279864431828508 0.0320203679280834 0.0782012700667967
0.0189126982948272 0.0584205115786755 -0.0365253394637241 0.0976368366731001
-0.0378958168511691 0.0658474130519364 -0.09790892243882 0.0331931243640032
-0.0731102144254186 -0.0118426630748551 -0.0716030555290115 -0.0298262732046495
-0.0253591874751368 -0.0660693962689856 0.0217632277830288 -0.0225230700417499
0.0278411599359685 -0.0482462373607528 0.0336781184730603 0.120929277741132
-0.053826196660361 -0.00222592240249369 -0.0471748002146818 -0.130638179672801
-0.0109600616711002 0.0453356943996224 -0.0486659893890468 0.0305908433847733
0.0349756243166175 0.0178862078298996 0.0811901906349098 0.0449128460850168
0.0235239208135063 -0.0291548174034935 0.120887910531946 -0.0449243130171761
-0.0100874767627141 -0.0260437556156527 0.0405151378157238 -0.124890982156248
-0.0142163150829883 -0.0114768179926468 -0.050417572808699 -0.104672469894076
-0.0174360915893373 -0.00776845355307617 -0.0831094488546407 -0.0461334966893167
-0.0141582597499395 -0.00305577224407116 -0.0905814786799237 -0.00694530234901181
-0.00412202156943895 -0.00905213152725355 -0.10302014713195 0.0020674618862775
0.00734931395305439 -0.00735158668487827 -0.11242439591181 -0.02106053090734
0.00752497857629528 -0.00315163109233397 -0.0956221449157111 -0.0690137900187746
0.018708228879419 0.00939610573744371 -0.0468407985855427 -0.108584887466504
-0.0108717778232255 0.0351146131552512 0.0150625268505642 -0.128172617005372
-0.060815574562802 0.0146055815496848 0.0367835808140821 -0.133790136278232
-0.0637198212325595 -0.0388620756877526 -0.0483455248347698 -0.161930302696764
-0.0797834202639023 -0.053461839128133 -0.0279979492617707 -0.124541479430024
-0.0625648078459718 0.0157790051393238 -0.0483327011910329 0.0384008245608151
-0.0105520553809768 0.0348699636097724 0.0890675715764799 0.0603792151055777
0.013105670985158 0.0160408724272872 0.137135679827379 -0.040192938090774
0.00486986656665104 0.0087539399664665 0.051266331299971 -0.13146683538327
0.0150679809854605 0.00919902512814361 -0.0440907811055345 -0.110141689162658
0.0176235838138217 -0.00412196242776512 -0.0782820505475361 -0.0490975343576441
0.0180088449923862 -0.00215708963203688 -0.0858116276376228 -0.00911151645844333
0.0291004135249633 -0.00169425196991603 -0.0962663979099345 0.00615623167910434
0.035048050013118 0.0235147350492678 -0.111546427099569 -0.00847908744011069
0.00865837109476817 0.0405743309416644 -0.106224610954374 -0.0544846967191308
-0.00974309560035759 0.0483130299221321 -0.0643286485927956 -0.103260739798826
-0.0626672561511538 0.0345195585364318 1.95954943553419E-06 -0.122387671895533
-0.105122305302025 -0.0304870038246291 0.0294273954157791 -0.114280389888293
-0.0937040673310602 -0.0990773345887639 -0.0392242305562617 -0.127609007621177
-0.0899557856435207 -0.102366832684662 -0.00404116645565743 -0.0967300665852373
-0.106793748532115 -0.0264310120548797 -0.0485352416365097 0.0554001101168756
-0.0632684690060213 0.0398878165619472 0.0883334360194364 0.0885011595395311
-0.00883277980870632 0.0629360107843627 0.152232994537246 -0.0177833643932301
0.0166536972105997 0.0497125853998797 0.0709927750037043 -0.123839309921116
0.0433035939846932 0.034518607014904 -0.0253005967175635 -0.107226178223633
0.0521018457691918 0.00382888762775601 -0.0598604854382574 -0.0490707413333669
0.0480721555810236 -0.00103444788690479 -0.069190834742325 -0.0107047155678261
0.0569310300663727 0.00185536771869593 -0.0770964591716062 0.0130508104308593
0.0619591840991911 0.0429697814756118 -0.0986517901043712 0.0112946626466617
0.0215445676201396 0.0738842783856206 -0.111679357509668 -0.0241232639026256
-0.0188478723147504 0.0893908605918455 -0.0895040779878737 -0.0837738267261589
-0.0992517025926735 0.0498110571059972 -0.024870220814646 -0.112772617360997
-0.140549750491124 -0.0523228435471894 0.0241175713516992 -0.0956535010772916
-0.116349373498029 -0.137360684066167 -0.0225057784303599 -0.0787700952624067
-0.0824432071627077 -0.139461784729416 0.0209623984982952 -0.0488634899634787
-0.131977831939376 -0.0740369775230304 -0.0473782956609239 0.0773777284399255
-0.111202969472033 0.0274513473076526 0.0750134914227452 0.121866295435502
-0.040523268572402 0.0961854643109284 0.155917815225111 0.0188674581006937
0.0195093629726229 0.0872939269264828 0.0915789756354787 -0.0971504099591152
0.0629729033244365 0.0599678179659678 0.00364891130838656 -0.0926644999468813
0.0793009849398803 0.0139576950760335 -0.0306326576013014 -0.0437702963700067
0.0712822379172833 0.000230127811175101 -0.0426054275419989 -0.0103587137847595
0.0761886682108508 0.0018569028192813 -0.0490182852511345 0.0191618557859348
0.0810739349071194 0.0504234387171047 -0.0749734618111727 0.0314404799402561
0.0364686548049189 0.0921337968459126 -0.103809982224353 0.0114041672419151
-0.0150112208217442 0.118331877555575 -0.105616535393549 -0.0542074529256353
-0.117430046434494 0.0661322365540709 -0.0473159384901605 -0.0958809350978295
-0.157138669845067 -0.0588802233495299 0.0247199313669835 -0.0781827944123768
-0.122569014408249 -0.152141393822166 0.0002352513395686 -0.0255048534234455
-0.0587097176199784 -0.151966244993623 0.0422001846410604 0.0155343185722079
-0.125551207527329 -0.113298208419607 -0.0419716187714805 0.101587169060721
-0.135595562226425 -0.00145951144320199 0.050650406262441 0.146988138324775
-0.0719888674967622 0.104009720997127 0.13946051691193 0.0605678781104321
0.0112099136552089 0.109461350415186 0.104353784544571 -0.0528476439694694
0.0689798573738221 0.0772712756099671 0.0374321139751437 -0.0654167927291222
0.0933375432372861 0.0227917809083777 0.00671322415576201 -0.0340751583750395
0.0836658661569259 0.00148210390052656 -0.0103904293447559 -0.00905200531852927
0.084532210107448 0.00010709986253181 -0.016097238103882 0.023818727939501
0.0882168860433488 0.0487393369883727 -0.0442205073413602 0.0471631542034031
0.0450721379568342 0.0962943339914036 -0.0848532457148778 0.0429573869197345
-0.0115989118248241 0.127291187673558 -0.108832935471792 -0.0230441369976183
-0.119314663995756 0.0665342221949446 -0.0607452980304703 -0.0736224355495189
-0.148910451829371 -0.061787737055038 0.0279675558287175 -0.0619320372171594
-0.107839103753313 -0.147055426787343 0.0238049338130995 0.0250390914574743
-0.0257293320793622 -0.134405735658601 0.0570773414564185 0.0822479725404596
-0.0894469824833763 -0.127057012584804 -0.0335359558814384 0.121884215106034
-0.124732356193625 -0.0333831475513681 0.0216462105925291 0.156070459363588
-0.0876553876483731 0.0834981996016838 0.107112861598653 0.0932405694675062
-0.00140563254924455 0.107272644553149 0.103777044197784 -0.00225113053679996
0.0607083315843298 0.079008922503619 0.0675751547625363 -0.0303308148656655
0.0900481682257781 0.0263660806334199 0.0442164151435325 -0.0208501489169226
0.0829176737790876 0.00200874787053854 0.0231333420351283 -0.00692258024564906
0.0822849795282609 -0.000565596182745463 0.0164784650250738 0.0267336256376205
0.0823887049853932 0.0429923398565177 -0.0127284330528448 0.0583270596673077
0.0426970834978925 0.0900013175221229 -0.0628497645941268 0.0662659908175139
-0.0177409823597237 0.117551456804867 -0.103936909900709 0.00279440562095499
-0.111961975666101 0.04799062963316 -0.0655547114658783 -0.0524881101205888
-0.119132783941964 -0.0671950909078869 0.0295905806430608 -0.0465415200334645
-0.0720660779670658 -0.126529222348511 0.0408650369625572 0.0676689673028906
0.00880234824186692 -0.0891619501003083 0.0636667783517849 0.136985495098345
-0.0381925819574004 -0.108156890018367 -0.0252505423295863 0.132771838728514
-0.0867070692480824 -0.0495795785296676 -0.00308175298013614 0.151931142265106
-0.0781204337660871 0.0512200055311579 0.0710650577973845 0.109013851194428
-0.00918951819532873 0.0833489014256383 0.0945772841166879 0.0394881496590789
0.0430114968191458 0.0632656438410549 0.0900397490403825 0.00214945716732484
0.0708901376001477 0.0235226092363255 0.0756065234163556 -0.00943238450671547
0.0683488288141739 0.00266973991982972 0.052320189034357 -0.00522741316924399
0.0688036355829546 0.000399595409556653 0.0448827407772513 0.0289561080570488
0.0667036555488517 0.0358752422280295 0.014293072780716 0.067715654841182
0.0327071398885142 0.0763763084100781 -0.044542915170976 0.0839082310697214
-0.0276312468249169 0.0959499355493469 -0.0986553813687379 0.0218686021797273
-0.0971997433116866 0.0195584177294131 -0.0675776288750467 -0.0365450532990938
-0.076166705359502 -0.0712603609145087 0.0278181774913181 -0.0333853578565913
-0.0236656264615426 -0.0933599589669959 0.0457351448946487 0.0990192618758046
0.0403364639032094 -0.0272625704540525 0.0666926260815444 0.16597265610598
0.012288942966235 -0.0634860810201176 -0.0160158104151629 0.13080247593641
-0.0362307169830502 -0.0447109280698297 -0.0178113285636015 0.140728663363927
-0.0476566683263895 0.0191993839724663 0.0463543496243145 0.113474754212677
-0.00773951678296429 0.0453317764627544 0.087724199795903 0.0645524715611338
0.0211561752277849 0.0352701860037894 0.104268592403358 0.0216580995621222
0.0413721988453245 0.0152409508645622 0.09517030098746 -0.00288327141272398
0.0430778588911201 0.00320039887270964 0.0726084392014409 -0.00274707103236087
0.0458974416227531 0.00244002252456945 0.0648011274757325 0.0311851158745907
0.0443077561409756 0.0255288841669345 0.0337499992953224 0.0764321295264814
0.0209536000591676 0.0566661965904574 -0.0336094932535602 0.0987303278708355
-0.0340463743766995 0.0665896423193648 -0.097949984917041 0.037092680139918
-0.0729400127043469 -0.00886958462105603 -0.0719713121189912 -0.0271205059113364
-0.0269314439950893 -0.0647942944638461 0.0208818921357916 -0.0249639420642955
0.0265006247173156 -0.0483790773867234 0.0373185995952399 0.116470838503653
-0.0542460505845904 -0.00147628836595459 -0.049576887910097 -0.128288533639529
-0.0097307871186908 0.0462514151994472 -0.048484884849821 0.0326462125648214
0.0351455461350931 0.016604603216641 0.0820683278876034 0.0434402753518475
0.0227340719693255 -0.0300367197544545 0.120347214033173 -0.0477910743471375
-0.0115327861864616 -0.0256257697198977 0.0386878216132404 -0.125232086885859
-0.0149269237956401 -0.010846423594847 -0.0521405542394839 -0.102716062418344
-0.0177018709244557 -0.00641742406395733 -0.0828097306626931 -0.0436087331086757
-0.0140339871071594 -0.00199049189879495 -0.089089147650613 -0.00460827280678296
-0.0051236457680651 -0.00868357957080355 -0.101979980337594 0.0051429984469347
0.00629425420895703 -0.00763201387846492 -0.112482568872878 -0.0174993292070809
0.00712255358946134 -0.00335147096096458 -0.097039704655701 -0.0662590305757209
0.0186639712649127 0.00882208686738221 -0.0479592754282918 -0.1074406739088
-0.0096352566573304 0.0350124319585405 0.0144015855665277 -0.129154703617954
-0.0597199934156883 0.0166309544446417 0.0356565139990874 -0.133777091050613
-0.0643234280154462 -0.0371354287821326 -0.0500025645006198 -0.158766203891029
-0.0804292057485801 -0.0523179830443292 -0.0302193795527518 -0.122621554976968
-0.061520561647955 0.0181943606792334 -0.0480772503348272 0.039987410039876
-0.00881356353953889 0.0341304277526139 0.0897167270872711 0.0586557882632161
0.0132762183435789 0.0149602094832402 0.136915688084312 -0.0427173912490755
0.00456350095168281 0.00837909104269706 0.0488085218114915 -0.131306621917136
0.0143527748896657 0.00883916337094816 -0.0462205670564204 -0.107936315446378
0.0167224754334105 -0.00390040483950665 -0.0780180818510077 -0.0464821505997666
0.0174618018469241 -0.00148614193241156 -0.0846879081561435 -0.0069277134725923
0.0279698765294567 -0.00210013258614622 -0.0955229525091283 0.00915765443533828
0.034872891332347 0.0221277708077773 -0.112014577936691 -0.00514323193484326
0.00942638442836041 0.039846569072453 -0.107881516710262 -0.0517639795674663
-0.00880147431360758 0.047344671568559 -0.0662327688374599 -0.101789296942293
-0.0607831938255018 0.0353216553661886 -0.000853891844221799 -0.123702492959214
-0.104478299501426 -0.0274603230290366 0.0286903965980509 -0.115156649214653
-0.09461526464816 -0.0959187223532985 -0.0405489694011523 -0.125558892605848
-0.0907185028438208 -0.10036434609984 -0.00598569255168502 -0.0953685241172036
-0.106619959624063 -0.0229382000941354 -0.0488850915853121 0.0573101331436328
-0.0612652248288668 0.040386297100881 0.0896780231323268 0.0874171646345369
-0.00677297508180032 0.0612620427133998 0.151755966682879 -0.0212072491592837
0.01748625813149 0.0482156825938464 0.0673671806168688 -0.124096936397001
0.0428834001976123 0.032646487256983 -0.0274471750221344 -0.105873524101002
0.0504985757889621 0.00211794846193576 -0.0602248920500971 -0.0471352444617276
0.0467731905936221 -0.00133759051112409 -0.068425504848086 -0.00836597492528384
0.0556413428070413 0.000972540266144102 -0.0763489279390161 0.0152516336741997
0.0618322074055494 0.0407189340449604 -0.098820424535245 0.0148557616861015
0.0230264969019973 0.0732837577932991 -0.1128185317065 -0.0210042887079111
-0.0165302581531179 0.0878375988294818 -0.091513425140082 -0.0815095216879863
-0.0972075630353301 0.0511948963406196 -0.0257211041987816 -0.11353715409703
-0.140938218850039 -0.0486468028024185 0.0234776426230564 -0.0963187574474571
-0.117162230384261 -0.132945444496935 -0.0235532022318217 -0.0784274984002018
-0.0834944104071424 -0.137489074482917 0.0196923885879989 -0.0483190621260956
-0.13224079934196 -0.0702812981905143 -0.0476872371852955 0.0792011014612772
-0.108836439894717 0.0285707562390957 0.076530264986592 0.120554632181181
-0.0376294848597198 0.0950379657181718 0.155828388699141 0.0163377410270108
0.0211163061366389 0.0854587084838233 0.0879224827281097 -0.0979219800944882
0.0636967294526592 0.0571709220754974 0.00150060235423256 -0.0921239990163637
0.0780196967203021 0.010914379584934 -0.0310310137022993 -0.0428725606595849
0.0695217431946668 -0.00109394515801867 -0.0426312934439545 -0.00891106415183414
0.0747162170448656 -0.000242077979666024 -0.048358484375397 0.0207738264763296
0.0810838083713802 0.0476334627698803 -0.075033199298501 0.0350367625260673
0.0384746519460528 0.0907126390083254 -0.104488183349874 0.014586409201735
-0.0120005325544124 0.116053957814735 -0.108011403461097 -0.0515502513098853
-0.114871651956096 0.0676753268853314 -0.047802226607043 -0.0958012786491039
-0.157188962962199 -0.054937253460388 0.0234603096451453 -0.0796821961360003
-0.124033599289 -0.148231709190809 -0.000247144721985779 -0.026416510394747
-0.0598149814512436 -0.150196327405238 0.0414872156918681 0.0145884476163249
-0.126472975897936 -0.108921012356681 -0.042207048531169 0.102407419804781
-0.13314104946816 0.000411405506485347 0.0519254479934882 0.146528913496712
-0.0684406219668783 0.103070119659025 0.14028960989982 0.058237435497095
0.0136129083293926 0.107304685441781 0.101866668443836 -0.0539899362159297
0.0700552269731444 0.0738154847685541 0.035818040661799 -0.065651736494834
0.0923630174696074 0.0194478986286498 0.00574151864336566 -0.0341853369435898
0.0820857209174912 -0.000818160997518247 -0.0110419440705606 -0.00827135341476498
0.0830663320624861 -0.00185680934564734 -0.0156238519777994 0.0242937777529942
0.0880764892645891 0.0456084361352873 -0.0437035049161064 0.0494820133685653
0.0470679059399533 0.0945534074415064 -0.0845318051541004 0.045590040118799
-0.00880338096676973 0.125362892863261 -0.11055112622696 -0.0203038350977631
-0.116616351531528 0.0684519238548749 -0.0612265357806484 -0.072835728283415
-0.148916454192299 -0.0577680550303471 0.0268680277676157 -0.0638452772962601
-0.10898580364961 -0.143077114313746 0.0243183090889164 0.0226900132094572
-0.026893476021523 -0.133250327642565 0.0573757890311328 0.0801455659101021
-0.0909348882045431 -0.123786614008503 -0.0339624760271555 0.121570748282563
-0.123882950917508 -0.0321442838511714 0.0230317071530672 0.155981895226345
-0.0847552926644389 0.0838522863779002 0.108383118777369 0.0906810546808339
0.000830248178562418 0.105721681737219 0.10219211932056 -0.00366907520470239
0.0615943486704089 0.0758485696104311 0.0665249350127258 -0.0319639060002415
0.0891954296174193 0.0230059821001079 0.0431125195716789 -0.0227461773752894
0.0808508999315693 -4.91839599840382E-05 0.0217168152519654 -0.00695967136888211
0.0807618775817624 -0.00310918367248908 0.0164316884409948 0.0267818847475925
0.08226855445768 0.040265819688083 -0.0126045374793331 0.0595532026424844
0.0440107404217858 0.0879021661616627 -0.0619591040887492 0.0681859114829637
-0.0144413374752638 0.116170657297881 -0.105436296007854 0.00541356451734675
-0.109796807876935 0.0498586234025129 -0.066096526879062 -0.0518273391797676
-0.119134113110981 -0.064354443576948 0.028795561145598 -0.0487144986837906
-0.072963523938727 -0.123381666551096 0.0418508823071013 0.0644968602072737
0.00799571686536069 -0.0891027058646379 0.064893159577677 0.133470311245378
-0.0397853359651372 -0.106341883746908 -0.0254209399941702 0.132124631936307
-0.0866945217928179 -0.048511955230106 -0.00168127099002469 0.152925955962657
-0.0761421334099919 0.0521264275206929 0.0725542784722734 0.10747864853023
-0.00652232102387406 0.0823524800005719 0.0941149532317393 0.0379714808039216
0.0436749565984657 0.061069584685968 0.0898847152464994 -4.27442388768669E-06
0.070407148140506 0.0208268178454436 0.0742544794733154 -0.0123699876166834
0.0670698819438503 0.000784117065386144 0.0507212143951858 -0.00582137836164765
0.0674833444173521 -0.00172487162932802 0.0441315674405776 0.0284023124647214
0.0666698990122151 0.03351833047973 0.0145551896719007 0.0677002641755386
0.0346041116395003 0.0750587016120583 -0.0434333338513434 0.0852651199675018
-0.0243401464980098 0.0954277776594676 -0.0997363434930871 0.024703713983752
-0.0959308477549423 0.0214732819178874 -0.0680538131942808 -0.0354544316506672
-0.0767702612260338 -0.0687697594163406 0.0269734231403384 -0.0352886675502832
-0.0244522917304095 -0.091940964717255 0.0472275579170053 0.0954554053862187
0.0400333838414945 -0.0280660603482425 0.0682126042029201 0.162232925759772
0.0112690825218587 -0.0635927947219541 -0.0166829368692955 0.129855243320782
-0.0366545919412469 -0.0443507575567159 -0.0165503834492079 0.141873224712824
-0.0468772966310064 0.0195685335029637 0.0477641375753875 0.112464838061219
-0.00641459702979056 0.0448646287355365 0.0883652999222392 0.0627959929416719
0.0218857913735651 0.0344939464417473 0.104427288865405 0.0186188342921282
0.0407516937824972 0.0136780797284621 0.0937978519196294 -0.00614141312105569
0.0424225908827203 0.001530967721738 0.0703964167394019 -0.00433273402623132
0.0456796317055024 0.000294253279172881 0.0634277353461892 0.0298521705684693
0.0445304684217683 0.0238085982634724 0.0340006702794195 0.0755666350151445
0.0225891169234528 0.0554417014496002 -0.0316377471688863 0.0995364374917195
-0.0316689711924228 0.0665966553596839 -0.0980340746026441 0.0396019087724661
-0.0728277981261243 -0.00720121059663942 -0.0720256640431294 -0.0259853881545057
-0.0274742846046099 -0.0638958008063919 0.0202832453180336 -0.0274071736480381
0.0263546453677745 -0.0486571062932047 0.0392444046541135 0.112904834384201
-0.0552895415042026 -0.000707631435714893 -0.0511691766604436 -0.12708579977661
-0.0087796060487921 0.047272985622363 -0.0489610709119362 0.0346449143584532
0.0358199193989644 0.0164471236842757 0.0832708976410364 0.0429267342532999
0.0218992001554562 -0.0310862013876889 0.121053946840232 -0.0499466548527145
-0.0128464123303475 -0.0249590617035463 0.0375005559691055 -0.126211271128504
-0.0159660689071886 -0.0099283977263849 -0.0540650748567016 -0.101850927194468
-0.0182018631799709 -0.004985351248056 -0.083554091917609 -0.0422649590625443
-0.0144671521010795 -0.000689504876747336 -0.0881864101162806 -0.00307446024022799
-0.0062608419016334 -0.00795705108926587 -0.102049823085254 0.00806122526457142
0.00586909841924019 -0.00778199160955722 -0.113480862790431 -0.0142260677357683
0.00688006603047821 -0.00334499648803875 -0.099334172141978 -0.0649318256119021
0.0187802975568983 0.00775837664202018 -0.0491675261132298 -0.107444646598608
-0.00935053323474138 0.0348596297700976 0.0135922244535068 -0.130894798171552
-0.0590988388917367 0.0185457891572427 0.035623221807503 -0.134679377945555
-0.0646037071698598 -0.0359221092328596 -0.0516694892482499 -0.157159995981238
-0.0816266681205013 -0.0511863505283232 -0.0321365463054469 -0.121810040677921
-0.0610175494592027 0.0200124229516499 -0.0490201668287525 0.0425251011043312
-0.00798497257535894 0.033734029463936 0.0909878548358755 0.0582703320371221
0.0139578804381655 0.0134754406480158 0.137050837457618 -0.0455385738268671
0.00384320392621253 0.00837361698050799 0.0462806060413072 -0.132259824444233
0.0139828807667033 0.00867807788473482 -0.0480737697668576 -0.106744557583817
0.0160526846365511 -0.00384603024731495 -0.0786326205841809 -0.045661301731863
0.0168892886545291 -0.000978877004634924 -0.0840766468076811 -0.00495794590141653
0.0269528473227832 -0.00236200462564163 -0.0954945227197546 0.0119533435687462
0.0350853945976547 0.021449076241277 -0.11271312872276 -0.0017667118415112
0.00998456135459113 0.0400503825838263 -0.110016582716668 -0.0499442834567256
-0.00843885688863432 0.0470210026896345 -0.0682907919818133 -0.101595737728436
-0.0602583633371502 0.0360105646163835 -0.00160896704283934 -0.125565729256655
-0.104720277832215 -0.025159994431957 0.0286225989906961 -0.116173657544825
-0.0953088295284165 -0.0942241349641631 -0.0419462601199444 -0.12459145832088
-0.0921775554644182 -0.0996903066989878 -0.00781596414016858 -0.0947595395085856
-0.106511783839963 -0.0198198097240997 -0.0498095707743957 0.0599571758483348
-0.0596635554511791 0.0402750396766672 0.0911372892846774 0.0871472543667363
-0.00505143279084296 0.0597504878528694 0.152839371352256 -0.0235697883988513
0.0173470433071627 0.0474793010714249 0.065453846206287 -0.124994403123136
0.0427467128324586 0.0315676020645674 -0.0295809186323297 -0.104804400435552
0.0496754844061058 0.00157774688118173 -0.061025490527875 -0.0462075403910516
0.0458749599633878 -0.00142028935811973 -0.068214348041114 -0.00670703738540628
0.0547939081030616 -0.000415455780635367 -0.0768675988537991 0.0170411215950667
0.062374178713235 0.0385414354850641 -0.0995807434884736 0.0183999053668661
0.0238236711097724 0.0727857613141024 -0.114629656073466 -0.0186928072192034
-0.0150149051021152 0.0876879684583018 -0.0936640541092504 -0.0811996050563975
-0.0964025031990544 0.0527796184186142 -0.0259884401088803 -0.115259770311315
-0.141269336175609 -0.0460825918597274 0.0233436479136435 -0.098192550417603
-0.118397368903953 -0.131050094771256 -0.0243005580177505 -0.0783103709636293
-0.0847307816155282 -0.135836928715532 0.0183723411249828 -0.0483971570357085
-0.132707042902042 -0.0666499612205266 -0.0488438361119275 0.0812207021233297
-0.107204840026783 0.0298009709460728 0.0782822580276978 0.121300996726626
-0.0349084668674319 0.0942059934710546 0.157295937561964 0.0136580493019081
0.0222524709517634 0.083969189513194 0.0864772862702672 -0.0987584768423317
0.0640093191769133 0.0549878424577805 -6.0892330582744E-05 -0.0917054391065747
0.0769376218814028 0.00977491935346674 -0.0315961586344657 -0.04274939241527
0.068655515829064 -0.00187941235097916 -0.0430018530200156 -0.00759871440903064
0.0736104262226241 -0.0012072958517774 -0.0486666748343757 0.0220289585861223
0.0815035356364583 0.0451126498292479 -0.0754376509035413 0.0379841712402061
0.0405749099931327 0.0903870623712611 -0.105831562012775 0.0172817954282053
-0.00996649124110889 0.115395437343297 -0.110469330771559 -0.0500568610094861
-0.112848213163295 0.0694227072752466 -0.0487713463603252 -0.0968547694382469
-0.158039959753356 -0.0524459991578355 0.0235716825119449 -0.0810132528163621
-0.125388079166818 -0.145363910659452 -0.000170424390849963 -0.0277059524259178
-0.0610565361360316 -0.149498504007425 0.0412741587801874 0.0142832014058409
-0.128046428508003 -0.107062459479352 -0.0430126716478545 0.104217518339969
-0.132924841621722 0.00143478642640809 0.0539306358975426 0.14736442042913
-0.0665351232826617 0.102578723920779 0.142150747278547 0.0571956880487149
0.0152814905455955 0.10625185664908 0.100535895772433 -0.0542873083328445
0.0707000512541422 0.0716215950863199 0.0349759614404793 -0.0663176769230941
0.0916027561084953 0.0169173398249145 0.00500908051484795 -0.0349957609232234
0.0806178878276337 -0.00214854580002692 -0.0116808672821778 -0.00728495423098533
0.0820685792588585 -0.00377248947380606 -0.0160020466565482 0.0251120332686054
0.0889701797662588 0.0431594694591142 -0.0442066179245841 0.0519334229859343
0.0485732913812845 0.0933840935815459 -0.085524285929574 0.048226185642792
-0.00615119909172971 0.1242894703374 -0.112872466604683 -0.0178394178071043
-0.114463705243428 0.0700584417669172 -0.0621612395631443 -0.0730892149329735
-0.149966933721946 -0.0553245750587538 0.0265018640968557 -0.0655486514946529
-0.110634019648879 -0.140862036394155 0.0245819925351862 0.020828616505506
-0.0276093863227445 -0.133004639405633 0.0579503773637753 0.0787817480284075
-0.0920338195616674 -0.122084818853493 -0.0351257579279354 0.122864422340908
-0.123503094662645 -0.0310955051816097 0.0249381739454375 0.157883725316488
-0.0831624853768028 0.0840508941599672 0.110268536035227 0.0902022037744353
0.00303331041285569 0.105204462275255 0.10170073822827 -0.00420345681352518
0.0625401537907159 0.074013081173477 0.0662144371711294 -0.0327306683725778
0.0886474116933456 0.0203293062250226 0.0424713768834284 -0.0246137025213743
0.0799506531437925 -0.00151263883390636 0.0203964544310463 -0.00687455263445456
0.0795588882547891 -0.00526675610123584 0.0162321484857544 0.0265490592174736
0.0824976258079188 0.0382693501779304 -0.0123072542427106 0.0612311877395196
0.0461190811830483 0.0870267017839325 -0.0624298444032184 0.0702345970430471
-0.0112409584021255 0.115649412103728 -0.107341486845429 0.0081267607540186
-0.10835804214392 0.0521003513676072 -0.0666371717895344 -0.0519394026029411
-0.12009768008856 -0.0621765293689754 0.0281259057359746 -0.0508003986829536
-0.0738086853866972 -0.122141607962639 0.0424170346042329 0.0620698196257144
0.00755185694400114 -0.0896591809875902 0.0655997702170922 0.132002946239151
-0.041279954685036 -0.10627740837456 -0.0271876575450343 0.132931135990785
-0.0873535723966733 -0.0485575263570881 -0.000418747055738351 0.154218354808919
-0.0752635781112607 0.0527511472613086 0.0737983594084214 0.107151055118351
-0.00545646927572732 0.0820891689457082 0.0942800762130411 0.0375482420433501
0.0451537586344307 0.060087456425464 0.0901892408526279 -0.00174405578406732
0.0702790790266238 0.0186631462267348 0.073942852120215 -0.0149488876137161
0.0663079916929873 -0.000662485224345728 0.0492682132918059 -0.00648531867923108
0.0671259835746834 -0.00390825547807296 0.0434988921694865 0.02791006912173
0.067226035488284 0.031829065926646 0.0145500116867967 0.068541831642417
0.0364368458557603 0.0735277046848324 -0.0433777039981331 0.0876172595575505
-0.0220714414182263 0.0950652769265039 -0.101229136598986 0.0278570613803318
-0.0956256963343169 0.0229687421590839 -0.0687101798735023 -0.0348402742771923
-0.0776904500651317 -0.0678338291572037 0.0262374437687589 -0.037259376764359
-0.0243529750651814 -0.0916362452116532 0.0486070312540025 0.0928956112322882
0.0401239723682573 -0.0289379513758246 0.0692053022087786 0.160848977557288
0.0106961653828369 -0.0641414185862478 -0.0176702647615977 0.130286166769076
-0.0378428026709384 -0.0448518479616151 -0.015098968386462 0.144447061719441
-0.046915057079283 0.0205177332820328 0.0490811083086852 0.112765654138665
-0.00510140560995208 0.0447687379446334 0.0891930254687866 0.0623840470185114
0.0222562149231604 0.0335177055962821 0.105391288988759 0.0166394981846876
0.0402043685457565 0.0125315698997312 0.093374374711465 -0.00880907887070025
0.0420975031688117 0.000554437878236203 0.0690456830749922 -0.00509752001971126
0.0453867003241143 -0.000852494756176474 0.0629452281867033 0.0298120975505699
0.0446263342064513 0.0229122264760576 0.0343538238174661 0.0758457010587542
0.0238403180453483 0.0545797337677508 -0.0308308576653054 0.101563401479409
-0.0296171846841117 0.0673942954676263 -0.0996820066968107 0.0423811003343973
-0.0732696106768592 -0.00604626669094357 -0.072959580291892 -0.0253979876159929
-0.0284553511297285 -0.0636878710782669 0.0195453156399329 -0.0293734783087447
0.0264908102399343 -0.0494581477887653 0.0404810516000062 0.110584710318321
-0.0519895512102592 -0.0111497904542025 -0.0272373514494921 -0.135700488665609
-0.0160173848647454 0.0440657782223393 -0.0574528280558198 0.0255533841200505
0.0304199801978984 0.023290803203334 0.0718605005674525 0.0601956164161008
0.0254393865116564 -0.0247782603788103 0.130236278953684 -0.0254184427585616
-0.00763042267595286 -0.0244237302420949 0.0626421107626152 -0.116920554726196
-0.0139358751219626 -0.0110993007041106 -0.0326874418777351 -0.110873480661797
-0.0171803563582731 -0.00737893083898277 -0.0738487497585111 -0.0591976832899263
-0.0139364654525032 -0.00229925701720469 -0.0852007960076108 -0.0198040974977588
-0.00506388355081939 -0.00859451572346709 -0.101589330478009 -0.0119233355934755
0.00700671066775094 -0.00665925873452701 -0.108172961671917 -0.0364348834935946
0.00695288380097041 -0.00193277840231985 -0.0845836324386187 -0.0840401590476564
0.0155658905394955 0.0112349219129143 -0.0241614724330302 -0.116450491890929
-0.0173231973411284 0.0317068443309167 0.0419619569332907 -0.127949307972967
-0.0627023695931443 0.00566122273353467 0.0647112624199564 -0.128219166596673
-0.0557284676066889 -0.0490395099227615 -0.0164091295469886 -0.168469547253244
-0.0665412574957966 -0.0648429712213887 -0.00875467301872337 -0.127434850085681
-0.0619371869333754 0.00854730175288281 -0.0579346436898268 0.0318572268914967
-0.0150990308588493 0.0316734090790309 0.0761777616542281 0.0757212131668453
0.00965579888541493 0.0160127023101111 0.144765745291154 -0.0180017081570829
0.00161289949225847 0.0107480069818399 0.0719932822178354 -0.121271373544584
0.0114729943197437 0.0119967345400222 -0.0264763010743288 -0.114671910948068
0.0158584895823749 0.000301924193753897 -0.0679014021344224 -0.0609655645610985
0.0173014025587673 0.00308334788415889 -0.0807402870505287 -0.0214070545446851
0.0264147973701188 0.00392343680997677 -0.0957346687019051 -0.00639727117699647
0.029237722243308 0.0276967988254483 -0.109784917259996 -0.0237896132860404
0.0012532421649658 0.0416649594721449 -0.0984158160013902 -0.0697654860584394
-0.0190183133348005 0.0431224444280118 -0.0460818116985195 -0.113869422117436
-0.0679053115016053 0.0209936506969616 0.0241898013846718 -0.125656118984531
-0.0973792438556748 -0.0476004463669149 0.0536107408123198 -0.113172379893492
-0.0729136371491215 -0.112098883594775 -0.0144565887752874 -0.134958027884904
-0.0674721771994129 -0.11351484476362 0.009962856656675 -0.097026261846363
-0.0986136264199237 -0.0388841510431013 -0.0603234079308506 0.0473868147345156
-0.0668380664755671 0.0280381212750108 0.0699786752534339 0.102522170256182
-0.0171404074140699 0.0563214831628853 0.154842583616303 0.00634031431476751
0.00701972702563954 0.0509038928693474 0.088097584964215 -0.111275356352659
0.0353555867295003 0.0397484770901951 -0.00918980103124808 -0.108336006869926
0.0475253313411561 0.0110615461162622 -0.0501809690497025 -0.0582104659994636
0.0449662391016726 0.00865070647379786 -0.0652152496253424 -0.0200954530940254
0.052263506617838 0.0110431270324103 -0.0786357990037071 0.00271384557477183
0.0523283970170013 0.0501344569544712 -0.101303861796025 -0.000385088692193369
0.00818780766901621 0.0765381909743327 -0.109439363331007 -0.0387299676922587
-0.0343503370479273 0.0807366983504376 -0.0761904647513949 -0.0973066176791427
-0.107216109543248 0.0292046338331248 -0.0040645735050687 -0.119971236550805
-0.128794456177664 -0.0759605235247384 0.0444171122583968 -0.0970311359247034
-0.0876503945155396 -0.15293267201441 -0.00727354614168155 -0.0849825611533246
-0.053610978631224 -0.147740400371082 0.0272576777470018 -0.0458307804924498
-0.11568671768044 -0.0891493943859111 -0.0621633476236725 0.068267420382477
-0.110891993404551 0.00723012432081516 0.0515588026265931 0.13220939734322
-0.0523938021863675 0.083036761701244 0.151361543188153 0.0434088408526653
0.00446624155681109 0.0868482503537535 0.103093249872887 -0.0814485550228444
0.0511702477583591 0.0662180397440176 0.016674417561771 -0.0899463785803471
0.0724658859479743 0.0230008381114813 -0.0219811786776964 -0.0488120324779282
0.0672376025672585 0.0125559201461966 -0.040883376325873 -0.0158043941577557
0.0710827163023402 0.0140442983137397 -0.0521322055214005 0.0130919656758937
0.0705280448859464 0.060363542279093 -0.0814256416553692 0.0239590543629526
0.0205555054679011 0.0968500913640853 -0.107247030425001 -0.000722423260295332
-0.0348599598173822 0.10907988502602 -0.0997155663233738 -0.0689871567234775
-0.127520393901836 0.0417288804222714 -0.0313834122664689 -0.105374043250544
-0.1440754832223 -0.0852620316589714 0.0403075351336711 -0.0803390566801551
-0.090899476723748 -0.16906490131567 0.00515830499828447 -0.0286560942332718
-0.0282588979185912 -0.156180232736882 0.0376524906546095 0.0196698344758671
-0.1044383575951 -0.126717966943216 -0.0599870718625159 0.0916842164903364
-0.129854191579353 -0.0258582763767627 0.02265945919467 0.152295515581564
-0.0839643238534532 0.0844784840159322 0.127575270054903 0.0827597600916269
-0.00726213952156903 0.106440175064239 0.108607572007682 -0.0348791053452101
0.0543545093616898 0.0832288704356199 0.0451377812989871 -0.0576632121318866
0.0848685669894915 0.0328941030628383 0.0128653006367564 -0.0332635525784437
0.0793672601792956 0.0142880008293966 -0.0103839926468295 -0.00885766215611185
0.0796594220496214 0.0125157397069327 -0.0210499962655185 0.0226678345674277
0.0775934988741652 0.0593746206230875 -0.0537540383893555 0.0443815889994307
0.0284467842968458 0.101713097052586 -0.0938423503610104 0.0339448318898878
-0.032327908569506 0.118071131225125 -0.109222157162242 -0.0371318150228716
-0.129237764915284 0.0422096109765571 -0.0495649801923909 -0.0849811373058971
-0.134805863783803 -0.086542149907257 0.0397153634803872 -0.0643517146656643
-0.0773252346132646 -0.161168289601883 0.0197222584382538 0.0253762428028498
-0.00039005289686347 -0.134209539022165 0.0417178691815997 0.086522590195949
-0.0673070974062832 -0.135740140020346 -0.0555640017770363 0.111657482687811
-0.115989455626747 -0.0562762219050298 -0.00688656539955961 0.157289452388154
-0.0966766939136323 0.0632266303059994 0.0894002749353763 0.108702944394034
-0.0190902732271722 0.101920422754307 0.100024729896122 0.0148796810920391
0.0459052396961049 0.0837953286162407 0.0701939778303171 -0.0188814890391594
0.0816157907225271 0.0354519886659161 0.0474227116732443 -0.0156169466650252
0.0788270944366505 0.0141008122470978 0.0201466946499543 -0.00256665982684774
0.0771859847309272 0.0109915486151352 0.00987241140540119 0.0306516920197303
0.0725559513468021 0.0532283640436579 -0.024944646448038 0.0598153503989072
0.0271279809796489 0.0943114775895752 -0.0750799393476814 0.0601811799852916
-0.0354259148105745 0.108923625783699 -0.110238735925646 -0.0104156320904963
-0.119276056898794 0.0260838004280918 -0.0591293845627806 -0.0638901141908074
-0.103852757670336 -0.087061867538105 0.038493521502732 -0.0489203969195388
-0.0449394979167015 -0.135203014777076 0.0288971951596562 0.0700839583740875
0.0241266522578412 -0.0855388399787608 0.0399674463973906 0.140788917201388
-0.0209762728486943 -0.111349444836147 -0.0505774427323561 0.125001548898508
-0.0774690335833131 -0.0658776021141348 -0.0306551885636706 0.149519804785257
-0.0832668397428196 0.0346337264760217 0.050974693181248 0.11862963948079
-0.0222742563323767 0.0778232641519601 0.0854922589003699 0.0544446669113027
0.03112518869305 0.0667398585862631 0.0888194870228599 0.0161310546236464
0.0644218714891384 0.0306065973186921 0.0757620645106306 0.000887307172188413
0.0655770800807054 0.0121006754018708 0.0479939964204171 0.00358860876209431
0.0649474303050183 0.0095216678983124 0.0362799436042858 0.0370781058322146
0.0590929521903783 0.0436670642166837 -8.02788020951697E-05 0.0719098527050668
0.0204558024471181 0.0799310873969168 -0.05987098134174 0.0805306184043324
-0.0408526450194958 0.0875805677943101 -0.107837837124149 0.009635679133192
-0.0999034469514588 0.00101259721253341 -0.0641549863171764 -0.0485338485587059
-0.0608312938253104 -0.0836712388072825 0.0343370469431745 -0.035422987445958
-0.00311177442981503 -0.095126870319381 0.0275933340181604 0.102383109199022
0.0425806626338869 -0.0207696919212568 0.0377213737417487 0.170332776937496
0.0205629113133563 -0.0619302403069165 -0.0429676969109671 0.125533559421258
-0.0300910211896975 -0.0526255995117978 -0.0435131293474197 0.13818400910805
-0.0500530634805515 0.00991472403760846 0.0254228743769619 0.119509490524723
-0.0150310483690268 0.0416712382622196 0.0759357125535988 0.078382427970684
0.0141168560400312 0.0363201508929785 0.10099033807592 0.0363838064907584
0.0370389479875601 0.0191625171713975 0.0937960119684096 0.0096262394140467
0.0413162679591284 0.00860702830204221 0.0666163546639505 0.00834649931838413
0.0436618765109501 0.00778102915669145 0.0545599752172373 0.042038394528285
0.0395629691631657 0.0311419814551736 0.0174627497725644 0.0819809961807796
0.0124842133361779 0.0581137724891963 -0.0509187289621556 0.0954732535507724
-0.0425099153061036 0.0593691959739766 -0.10931672090539 0.023813675809756
-0.0716919612936849 -0.022462540010452 -0.0697790205155778 -0.0403286001753596
-0.0139266381676103 -0.0693675938199594 0.0263330380695824 -0.0282471367749909
0.0376296964156906 -0.0430568368395557 0.0166707463895703 0.119108917014073
-0.0530044516264925 -0.010209201983247 -0.028466892009013 -0.134592428938197
-0.0151504405057303 0.0444265394639246 -0.0583298362640875 0.0280821605168025
0.0311806080026297 0.0228606129070303 0.0730597643203575 0.0608187206333555
0.02454236000211 -0.0258303485038499 0.130700208301492 -0.0281309566392169
-0.00847905425047352 -0.0241925861337246 0.061537900588444 -0.117717015114849
-0.0140292961083485 -0.0104057086181117 -0.0337536320777079 -0.109583642836306
-0.0173378987076636 -0.00605929013387329 -0.0737749732224502 -0.0571536905688044
-0.0138759627471552 -0.000870764361749399 -0.0839577463674353 -0.0184677369591351
-0.00563422459411525 -0.0079416338938145 -0.101651734194067 -0.0095316834010768
0.00611661967148095 -0.00677326565707789 -0.108672429040944 -0.0340107315458505
0.00713270575753754 -0.00210710285063397 -0.0859643711169689 -0.0825538054830075
0.0156574240699212 0.0103112024165703 -0.0251811798810148 -0.117085964602084
-0.0163495297406362 0.0323762973474227 0.0418570903191441 -0.129248499854903
-0.0619452893870376 0.00783590008936116 0.0646830028026206 -0.12874443228172
-0.0555932172762225 -0.0480553979426692 -0.0175239534908274 -0.166167775657203
-0.0678530943121182 -0.0639333001429339 -0.00981940350864881 -0.12667829623705
-0.0607376235418971 0.00992290612230582 -0.0584806460633642 0.034388162062267
-0.0138233332714681 0.0315970298501028 0.076978806561298 0.0759112385684482
0.00979808473308483 0.0147921685006768 0.145222299663832 -0.020234830008746
0.00158875221308151 0.0104730226050734 0.0705816052120452 -0.122089226319337
0.0111308532141383 0.0122315838037021 -0.0282988970342224 -0.113663651706529
0.0144884867094684 0.000704765468946265 -0.0686330525156715 -0.0596900784002602
0.0165965325868358 0.00362544291988058 -0.0801532616597439 -0.0202794001713257
0.025071703607118 0.00385569183266117 -0.0960636607153003 -0.00409393058247012
0.0290263405161335 0.0266276630572456 -0.110394834818738 -0.0203823803071442
0.00182700852803878 0.0415235544962262 -0.100424244050505 -0.0681628201390248
-0.0181806364528849 0.0423366303876752 -0.0475268953067239 -0.113508457217237
-0.0666088937131952 0.0216313172133376 0.0244822269309801 -0.127038859899703
-0.0972970742716561 -0.0444101621010815 0.0537945013146609 -0.113748010499055
-0.0732707103835068 -0.110058655730783 -0.0156413390790343 -0.132875461256706
-0.0680526647288361 -0.112604669139562 0.00892509707524108 -0.0959684243996096
-0.098479638756062 -0.036603436456598 -0.0605862691649134 0.0496309717259945
-0.0652176702826116 0.0276789726836028 0.0713948708769962 0.102328768319934
-0.0158897948932559 0.0547520130356032 0.155752712140401 0.00383172102819689
0.00724811593846112 0.0506482326360016 0.0865774800554192 -0.11176327247582
0.0350979655907903 0.0385022055202424 -0.0102950095440726 -0.107714267164479
0.0463258312658444 0.0102381912419617 -0.0504895260178604 -0.0568779487299695
0.044381046678559 0.00883304853657343 -0.0655194901636726 -0.01841959071002
0.050981994152768 0.010789611550361 -0.0785858663739206 0.00492528965673705
0.0525625090818204 0.0485504621001265 -0.10183595732685 0.00231894570247845
0.00954602285631304 0.0762161182645538 -0.110554624693569 -0.0368036578147132
-0.0329165191203652 0.0798304784966346 -0.0783192029264462 -0.0959504216710705
-0.105628971101532 0.0300366997188543 -0.00410743546880039 -0.120961126235607
-0.129144547167462 -0.0732796578300723 0.0450324887615218 -0.0973652445176463
-0.08779103117659 -0.150385332899261 -0.00816397439486969 -0.0848524025963783
-0.0542903609568736 -0.146670208409604 0.0261755650561637 -0.0459219531508901
-0.116228484489499 -0.0863227917551332 -0.0629163055911335 0.0702106638191053
-0.10966689428102 0.00765722808533064 0.0527167554790769 0.132840991130545
-0.0504455854065449 0.0819143371591524 0.15186947504639 0.0417054928505093
0.00527557479745145 0.0856650188383504 0.101822288626188 -0.0817750032975904
0.0512978410384775 0.0646335361360576 0.0159703366874206 -0.0894044332275205
0.0716809813162041 0.0216068651598344 -0.0225761974588192 -0.0483152972193578
0.0664547572706808 0.0116734328046732 -0.0411167576450799 -0.0143096767207079
0.0700620349642676 0.0125132595156478 -0.0526685523840415 0.0150954644796955
0.0706471969731037 0.0584865694332298 -0.0817966487597722 0.0272095198141062
0.0224153809907478 0.0962829899310994 -0.108899281959638 0.00147425752583039
-0.0328594179373884 0.107866449321421 -0.101797690342192 -0.0672136575570289
-0.125680309854542 0.0431037732538528 -0.0316585661850109 -0.106274144066348
-0.144686626759401 -0.0828438918975212 0.0408749809593294 -0.0816278373919726
-0.091087139224661 -0.166422546330025 0.00466361323440597 -0.0291948014720009
-0.0292040712230263 -0.155577383646492 0.037644595268841 0.0192303716594914
-0.105342227050693 -0.124625562327915 -0.0613151336741467 0.0932192132472112
-0.129441326107816 -0.0251526488331606 0.0235007195120187 0.153153515829102
-0.0821775751559588 0.0839606755654705 0.128669445750116 0.0814168809781443
-0.00552181933816144 0.105218092205026 0.107623266668255 -0.0351438697632671
0.0547223951049529 0.0815802708295251 0.0450768576479329 -0.0577729300961372
0.0843346109606769 0.0307592013668124 0.0121382857310093 -0.0340712238800024
0.0785171041657915 0.0135086723069327 -0.0112269669265731 -0.00781004680083338
0.0782632581136359 0.0113460023468003 -0.0212509893992452 0.0237111214504386
0.0778502276130175 0.0573575191755746 -0.0538111846294446 0.0468345249302
0.0301207893570559 0.100926933034289 -0.0943049173095109 0.0364517935912539
-0.0299448706114602 0.11684054208752 -0.111602414826175 -0.0348913732966108
-0.127634254821232 0.0438013084675431 -0.0502697234855172 -0.0848275292346563
-0.135028988957435 -0.0843101160831854 0.0398470693869303 -0.0658760286802757
-0.0774105654719053 -0.158774010471836 0.0201673911498203 0.023551354898567
-0.00089721246575278 -0.133401195706798 0.0418277030363414 0.0856143877259631
-0.068076682656694 -0.134063340289014 -0.0574140303855726 0.113115554004405
-0.115895619422868 -0.0553144803555872 -0.00628886621552147 0.158009823878575
-0.0954007021504334 0.0633816877294689 0.0904994551182973 0.107938120235503
-0.017415224248237 0.101313697581312 0.0998406775079039 0.014350608022812
0.0464891169880139 0.0818431593928876 0.0707653691420913 -0.0202697056701768
0.081013422756645 0.0337262097330654 0.0463483116374275 -0.0169638847025192
0.0782144679392489 0.012883357081799 0.0198264773760236 -0.00182379671329827
0.0762640505422043 0.00963881497663084 0.00921221758930077 0.0310209085081085
0.0728243910719258 0.0515226025622451 -0.0250391131100194 0.061326108150528
0.0290886488092803 0.0936418273825922 -0.0750586074553626 0.0623167879894982
-0.0327993503874277 0.108141787974808 -0.111316580348071 -0.00809040795125108
-0.117732991788175 0.0270873302236044 -0.0593161623058102 -0.0640459210964246
-0.10495288292755 -0.0853323217314761 0.0381651181766456 -0.0506173287943217
-0.0449874644218667 -0.133113541193948 0.0295290484818983 0.0677680803623814
0.024057269509895 -0.0856379536928074 0.040179592539872 0.139042274478991
-0.0220790753491202 -0.110814873815902 -0.0524883277644457 0.125435034378749
-0.078030181671815 -0.0662831822592339 -0.0303903786417571 0.150693774349828
-0.0824545162677704 0.0352196339553454 0.0514684795151568 0.11820624075513
-0.0208875303589301 0.0776102034483313 0.0858543741720046 0.0543189839783939
0.0320261442793943 0.0655445973876443 0.0896792161808833 0.0144601587274717
0.0637875350312082 0.0291432409397662 0.0757499337611954 -0.00167539136475098
0.0648914239681421 0.0109477752362485 0.0464554265340136 0.00314872350322713
0.0640122066347406 0.00795371848246819 0.0358284055740028 0.036681200749676
0.0591401191906333 0.0419132539437525 0.000210908175356817 0.0727599116846167
0.0221156714113885 0.0790028054845129 -0.059435043679855 0.0818468409389373
-0.0386429105877681 0.0871995664755636 -0.109364175350561 0.011853865425657
-0.0998880860253688 0.0024939251400271 -0.0645920760008988 -0.0481534396109913
-0.0620106225166858 -0.0825591678853114 0.0333099904733071 -0.0372126701448461
-0.0026050456685183 -0.0942697188839673 0.029131095519647 0.0999679337032734
0.0430077378076592 -0.02149527964066 0.0376855634748089 0.168582399901012
0.0197647971884864 -0.0618787139455223 -0.0444307541179469 0.125688100548746
-0.0312120840511888 -0.0526524999400601 -0.0427581384482428 0.13927357556285
-0.0498377666511416 0.0106129174519737 0.0262129193938006 0.119889095798279
-0.0137366102862785 0.0416096496044785 0.0764068597223587 0.0780342713272404
0.014527775246073 0.0359369375894855 0.10242978429721 0.0345713561889425
0.0367976657469056 0.0181767666245352 0.0933410523275401 0.00747833177073697
0.0412522839882338 0.00793999850044423 0.0656019859507183 0.00783588644219033
0.0429298965443897 0.00628270180478504 0.0539563605973563 0.041359339685874
0.0396094799027879 0.0300718104547144 0.0176186479440621 0.0819803467252896
0.0137407569021819 0.057551085365048 -0.0501282871867413 0.0972332046978754
-0.0407781209539706 0.0597780762859487 -0.109833286937319 0.0262927805316083
-0.0718902251149255 -0.021308416745189 -0.0698866113285788 -0.0401967389896634
-0.0141929684627515 -0.0693650298804678 0.0254313688106714 -0.0302487134956353
0.0385226394544857 -0.0439789548017161 0.0179630691204303 0.116755059421007
-0.0534674319196294 -0.0100678389506759 -0.0279846213187994 -0.134315419158445
-0.0139195566107567 0.0453072459609438 -0.0586545652492422 0.0294576383189211
0.0317891193249758 0.0227702408475949 0.0729220216246666 0.0619074332840793
0.0241016680168808 -0.0261520792219084 0.131765594127077 -0.0284091003676113
-0.00906580072670462 -0.0238505235397182 0.0626669254682967 -0.118486347984988
-0.0144079974446578 -0.00946214864169339 -0.0336730744928763 -0.10932931303181
-0.0174335705522445 -0.00513462691108607 -0.0734196255444132 -0.0562099081659959
-0.0137731474085778 -0.000160419182455962 -0.0833854285869178 -0.0184765060700197
-0.00612503070245177 -0.00668768711146927 -0.100261566116481 -0.00766656117604202
0.00540564881420363 -0.00686532509713965 -0.108623328987765 -0.0324297568021391
0.00656518162736682 -0.00225878743720989 -0.0866600025875711 -0.0822972649882596
0.0155671022127745 0.00968285318522133 -0.0246163200454365 -0.116909527227499
-0.0163547522941799 0.0322922518000208 0.0433438989429232 -0.130535146075154
-0.0609957124312657 0.00853569880105269 0.06678293623969 -0.128595260917946
-0.055003249295976 -0.0475478248206682 -0.0159985673681966 -0.164400807097962
-0.067576934057442 -0.063430626206711 -0.00993550358447758 -0.126304435590084
-0.0597769977354069 0.0110994746050618 -0.0595745696374822 0.0364621734345307
-0.0133666230028946 0.0310805043626045 0.0769439531966053 0.0769098001158314
0.0102588225620283 0.0134494216989401 0.146137571980627 -0.020395857344677
0.00138856984053883 0.010820754176251 0.0720894392703648 -0.122171589115085
0.0111240146681362 0.0122935396308652 -0.0281015948201351 -0.112676557258801
0.0142359076986059 0.00130948169136697 -0.0681039981962489 -0.0588278067272457
0.0164270172810113 0.00531155552032822 -0.0802367625882137 -0.0196808029081034
0.0243074311208267 0.00443153527792738 -0.0957061319947021 -0.00279616673426354
0.0287760015549632 0.0262573678493866 -0.110991235291536 -0.0188026689051957
0.0012976470328854 0.0412196596042497 -0.101237226461706 -0.0681619525822689
-0.0179699294075864 0.0412592530417828 -0.0469860765990903 -0.113939188772259
-0.065983103410168 0.0215910718493983 0.0259423723861223 -0.12805337769451
-0.096541022604592 -0.0438749382997864 0.0554924076630138 -0.113508081923434
-0.0716646935843906 -0.109300400628962 -0.0147406211870093 -0.131884711000573
-0.0677794556772298 -0.112414099965373 0.00908008355877179 -0.0958879580765254
-0.097269653210592 -0.0354848198560259 -0.0622682237958783 0.0517314283430337
-0.0639078316024497 0.0274408446066124 0.0706871627686868 0.104157711113637
-0.0153281395955711 0.0536930937910783 0.156525536964663 0.00425401788417647
0.00736967011964053 0.0496084489669468 0.0868993143303899 -0.110957781521556
0.0346044736834223 0.0385121766187762 -0.0103679764904767 -0.10708918447876
0.0455301113925239 0.0103590610772113 -0.0506161997201935 -0.0567113621307033
0.0439959981533769 0.00931391707209856 -0.0648768643283891 -0.0179025909655851
0.0504339407576277 0.0114408700629456 -0.0786797013103898 0.00555571026787209
0.0519099080040368 0.0479880447523075 -0.102535685378616 0.00444362421935143
0.00924002671616315 0.0760189199667475 -0.111988796503794 -0.0364022559247277
-0.0325227586573971 0.078506063260417 -0.079362090538952 -0.0966514762679505
-0.105027199195072 0.0295533342711026 -0.00296291167170646 -0.122490175384724
-0.128393245157627 -0.0727139230118017 0.0462102387391434 -0.0983401771862492
-0.0858832001118856 -0.14887027835227 -0.00783214757267828 -0.0839729873405635
-0.0533939115073695 -0.146560183782691 0.0261937630279394 -0.0460045054233069
-0.115323238653118 -0.0856324394027045 -0.0652537087957342 0.0714396882796513
-0.108599153944112 0.00714938454949262 0.051836395295029 0.133879609501057
-0.0500142335911332 0.0804995482692818 0.153089983307725 0.0422588701013837
0.00529001612561074 0.0845815158842947 0.102314183837386 -0.0805503340703639
0.0508966291397501 0.0635087556828273 0.0160233310831232 -0.0889755337674214
0.0702413020047853 0.0210294588936918 -0.0225537543190618 -0.0481256300665424
0.0659397239288184 0.012208668101623 -0.0412181826033454 -0.013870913889649
0.0684532767556545 0.0127640960258631 -0.0527719998356197 0.0150632688195264
0.0700203724810379 0.0571026191058728 -0.0822587404738717 0.0289460869111292
0.0222866682952345 0.0960109801739969 -0.1097983263593 0.00269107541353788
-0.0318519731545698 0.106315521718424 -0.103513591448737 -0.0667336474376035
-0.124984883731843 0.0425671902505005 -0.0308309219999303 -0.107517692349522
-0.143672111794275 -0.0820279799570156 0.0420005819442865 -0.0824859517410509
-0.0892205392750413 -0.164825657683802 0.00497234746280797 -0.0301072138942137
-0.0280149160780924 -0.155332170611165 0.0368478788071153 0.0189884381161199
-0.104731292973275 -0.123039920793221 -0.0635075959924465 0.0942685420759054
-0.128464484415611 -0.0263528989956142 0.0227725722536261 0.154790568251243
-0.0815846711440602 0.0823752809551419 0.129047996130564 0.0820568561909579
-0.00548291285527814 0.10428831966757 0.107658713033305 -0.0338421361190017
0.0543340090525379 0.0805313024456015 0.045783913019561 -0.0580192373318458
0.0827305497707891 0.0300337611149472 0.0119601252188296 -0.0341536078151552
0.0776656224252797 0.0132288269409347 -0.0112392592662744 -0.00737426323749158
0.0768929575583168 0.0110218223273481 -0.0216831976519158 0.0240284021225698
0.0768722913405644 0.0560447995862784 -0.0545781054322895 0.0489465998790892
0.0303587889889551 0.100161319835899 -0.0948787987265059 0.0372331806527861
-0.0288226708787976 0.115212078012985 -0.11335916763195 -0.0343792349661029
-0.126668208070643 0.0434738671815175 -0.0493774525057083 -0.0858473410515644
-0.134561723800013 -0.0836961982070547 0.0406979104905894 -0.0670545160815505
-0.0750811385260153 -0.157182715582721 0.0200156623818415 0.0224009510240751
0.000480425721861423 -0.133528491399289 0.0407717327170333 0.0848691068459931
-0.0677146394932465 -0.133689995568532 -0.0600534122380955 0.113088087735982
-0.115429002018598 -0.0563527960234652 -0.00736374197247807 0.159389769763018
-0.0949657966012639 0.0625208171218256 0.0903616603202402 0.108442200518699
-0.0173383254116739 0.100189292220938 0.0998328340731401 0.0159106266923055
0.0460245272650725 0.0810890170986216 0.071655456854467 -0.0202425029288462
0.080195272629194 0.0325193794688014 0.0462639931632223 -0.0182156931709758
0.0773059379701059 0.0125679113018332 0.0188339254095107 -0.00104549675968352
0.0749949104866312 0.00902621731851577 0.00855658152966162 0.0312733755177799
0.0724831518732295 0.0500339600445832 -0.0254515042706235 0.0628625589253804
0.0294257196718457 0.0928002364606385 -0.075869001106288 0.0633803165624657
-0.0319723946689867 0.106923934910387 -0.113272706197292 -0.00696347094375447
-0.117200819508348 0.0270034478921196 -0.0591521046240997 -0.0653100390308969
-0.10392022790332 -0.0853591290283467 0.0386333804249323 -0.051502799104642
-0.0430445805604159 -0.132312289457868 0.0289863563431804 0.0662736452358142
0.0252972045106768 -0.0856948727646413 0.0387994564132056 0.137556139006263
-0.0219052988700706 -0.110549760725345 -0.0549190415838362 0.124818750628938
-0.0783236462527168 -0.0664088764335772 -0.0317592287715033 0.15141766020164
-0.082500415497027 0.0346049052634841 0.0509259489614817 0.118362819190028
-0.0206519869971584 0.0771744738041536 0.0849249167474191 0.0558770362668293
0.03164345905625 0.064747444462727 0.0908406865826848 0.0135110047320945
0.0631292875958646 0.0282837406338578 0.0750404317334385 -0.00290500383473147
0.0645182654493012 0.0103363413942838 0.0456308231466339 0.00417174473634545
0.0631251878854129 0.0074890657254281 0.0346511735151642 0.0366364850414113
0.0586354460444842 0.0411892880357149 -0.00101444836744454 0.0737418231310207
0.0223439897046475 0.0779633405892734 -0.060051006600102 0.0825921073428523
-0.0373622184422235 0.086751985223949 -0.110366953588319 0.0132203477454215
-0.0993996763842819 0.00225732374082337 -0.0645228215069076 -0.0486267663687813
-0.0610758714381546 -0.0826381809595952 0.033180888510921 -0.0386310738388816
-0.00160409200424297 -0.0940494153045964 0.028312763985333 0.0979553061018271
0.0436786551291687 -0.0215774120887878 0.0361819860368644 0.167275338630711
0.0200382881716615 -0.0622329965271416 -0.0476865043064974 0.125026566020056
-0.0319728834716555 -0.0526952808743397 -0.044163228350853 0.140168554245084
-0.0495018062767619 0.0113521596881346 0.02492895014192 0.120372352289475
-0.0134291228542483 0.0417080068836367 0.0765115788296169 0.0786140611586906
0.0146772199757276 0.0357211525798244 0.10325541921959 0.0332912914523199
0.0367328348911342 0.0175327458298802 0.0931163573876134 0.00587269645254609
0.041724345680205 0.00736852740015247 0.0642228966494983 0.00781687344797421
0.0424283168041696 0.00576287035458265 0.0527177006531396 0.0418614542257278
0.039137156418095 0.0294042418115658 0.0167476829181291 0.0824019815912882
0.0142560384158901 0.0571126891024479 -0.0507498920192882 0.0974137710226601
-0.0395237852674376 0.0594675843736752 -0.111540264023139 0.0270592854630009
-0.071934122921683 -0.0211282196638883 -0.0699800841436971 -0.0406580026866678
-0.014192149247408 -0.069388375827329 0.0256228843790152 -0.0311833087621958
0.0391121561799048 -0.044406472840771 0.0177077516585513 0.114983594101748
-0.0546721459661588 -0.0103576194753136 -0.027286932393022 -0.136293955197587
-0.0138166334956609 0.0461681537303124 -0.0604905303516546 0.0306879220676204
0.0320572316952018 0.0229872480987252 0.0734852631465044 0.0642697984444867
0.0241799075424393 -0.0270226707944058 0.13449269482281 -0.0274866902315126
-0.00905271037524376 -0.0239301717891129 0.0666153961915253 -0.1196330416711
-0.0144574715367658 -0.00928783611986738 -0.0318961612776262 -0.110449681066124
-0.0178461730030266 -0.0047062025131807 -0.0728680524675897 -0.0571676268338705
-0.0135792789951583 0.000757724030049649 -0.0834655206836018 -0.0188901033795744
-0.00610736251670414 -0.00608686530408137 -0.101723140814712 -0.00797706063719831
0.00527888908520271 -0.00691606951906514 -0.109401828139166 -0.0331117559721617
0.00622974570929098 -0.00242183958678823 -0.0872341763968974 -0.0841508956788018
0.0157038402318445 0.00897615354536272 -0.0221809186685662 -0.119590249222793
-0.0165010969581245 0.0326825542191534 0.0474141021113062 -0.132627245715824
-0.0612310731373477 0.00912598132070225 0.0721401304677419 -0.128932466870223
-0.0538333925823146 -0.0492329273167299 -0.012361119731279 -0.163758413789465
-0.0678232071846827 -0.064653423140812 -0.00815966584976941 -0.127489344869405
-0.059314749491684 0.0110920771860834 -0.0614099559402527 0.037577739440609
-0.0126604981986236 0.0309023742094477 0.0772487538834633 0.0796598058190273
0.0099924109298909 0.012701404540844 0.148359255146643 -0.0194277255116485
0.000453059234561875 0.0108559515056936 0.075238235159492 -0.122351946974343
0.0106292361017502 0.0127632221918124 -0.0263938720487231 -0.113629355842365
0.0136466920357607 0.00155446121680524 -0.0680830018536858 -0.0589795483831006
0.0162286598322092 0.00602451308221133 -0.0800219807830302 -0.0197515101099599
0.023918999726131 0.00534606607916314 -0.0966412136337657 -0.00258363467306048
0.0279624796846779 0.0266626862403288 -0.11165897460972 -0.0188323494353304
0.000888290246950559 0.0412902142912457 -0.102844542058886 -0.0695369493304058
-0.0185588254099716 0.0404304803008189 -0.046607357297992 -0.116157643865554
-0.066023565292144 0.0206138620586566 0.028952070536523 -0.130770007736759
-0.0960771062893586 -0.0443875913117989 0.0594947232859704 -0.11410451723018
-0.0690217504007949 -0.111016473757118 -0.0121551259601557 -0.131643639178617
-0.0664339466535183 -0.114354328163272 0.0105491757484167 -0.0961388252384614
-0.0970391552871601 -0.035712458707866 -0.0650386390019736 0.0527333666236815
-0.0643643116329151 0.026392964885915 0.070297814105669 0.107065679701537
-0.0160809045275369 0.0523643752529357 0.158960701548951 0.00632603407291888
0.00664310358741643 0.0499601386229942 0.0900252391660637 -0.110370667647792
0.0344296222061916 0.0391604142994598 -0.00869683982377509 -0.108569397945302
0.0448749784990297 0.0113167240444597 -0.0504768716448051 -0.0574877587975278
0.0438462978242469 0.0103705933001238 -0.0655221685273213 -0.0178714442023695
0.049895580137639 0.0120141060815009 -0.0804462274476953 0.00577438665245605
0.0514475783868125 0.048489984720543 -0.103697273428672 0.005319207982343
0.00870034328066801 0.0765592504120895 -0.114176852423253 -0.0373800227694984
-0.0335212314730263 0.0771272225820283 -0.0791888129980424 -0.0985950272686104
-0.105359076469328 0.0282242706676361 -0.000658684489188 -0.125708258655402
-0.127860315549589 -0.073780460094441 0.0498344408910765 -0.0989993220931241
-0.0824574714752196 -0.150873416236222 -0.00589376126435525 -0.0850108149260774
-0.0506088012806384 -0.148876159822604 0.0270655893037424 -0.0459044545383643
-0.114645461717877 -0.0867375142877719 -0.0684207868088542 0.0731532376130574
-0.108919681438678 0.0048782874245676 0.050229966388433 0.137343171036249
-0.050875404535215 0.0792569481906507 0.154526110515947 0.0447441086083171
0.00414986352393928 0.0850615701999912 0.105033535205242 -0.0789349034429489
0.0501418481803323 0.0643813386981036 0.0182225229630085 -0.0895662621866374
0.0695965298019077 0.0219199039078716 -0.0220916324891691 -0.0492111337299176
0.0654471250551598 0.0133230833481859 -0.0415536036333901 -0.0137616020858576
0.0679631316840984 0.0140839400431564 -0.0542877699551473 0.015963394499396
0.0689676287594119 0.0579827213150248 -0.0836970904372357 0.0306627684581341
0.021753888980352 0.0966743137017487 -0.11209152921659 0.00218673273391079
-0.032588952617198 0.105738394551979 -0.104477863757431 -0.0683907211012401
-0.126242353874184 0.0409716611259158 -0.0288425294763507 -0.110341252271172
-0.143612528194639 -0.0842471918583701 0.0444654321647158 -0.0838243472293459
-0.0854329959582456 -0.166534470755302 0.0056247220071145 -0.0304257709150144
-0.0250264546256134 -0.15743639058791 0.0365520239396072 0.0195020948282964
-0.103381477944957 -0.124818520534758 -0.0682989237496536 0.0948904601405913
-0.128884026022066 -0.0286955357568753 0.0199997876097646 0.157831891750791
-0.0831021942360827 0.0809206329233115 0.130004754807345 0.0850517350138998
-0.00705446206126731 0.103960740293496 0.109577834799545 -0.0309939207841163
0.0534275564800742 0.080991813783752 0.0479230980604061 -0.0579946120209435
0.0820663042656189 0.030324542319323 0.0126618871607613 -0.0352551541055134
0.0776782058728764 0.0140526778021258 -0.012021179318216 -0.00705406863454649
0.0763126826688279 0.0121585601184393 -0.0231579625899819 0.0247025999198399
0.0760391203444169 0.0568349868919602 -0.0559314345937166 0.050711583796602
0.0294812940345127 0.101021371230714 -0.0974657188297301 0.0375842242883015
-0.0296482890709285 0.114365102299894 -0.115456579590415 -0.0356745189421959
-0.127956537617878 0.0414883819434956 -0.0485927179668067 -0.0887543044830579
-0.133895456637261 -0.0861523882908876 0.0424233472656088 -0.0681064226200226
-0.0716646777548058 -0.15898952041545 0.0196794096325593 0.0221133055586788
0.00333347613544415 -0.134901306762562 0.0394296521268915 0.0858395026028987
-0.0662160861071224 -0.135406724203921 -0.0650769377330438 0.113727567780865
-0.116061240623323 -0.0592179111261621 -0.0111228743445728 0.162072238768378
-0.0962852335124987 0.0608722954260772 0.0900395166275826 0.111262630964974
-0.0185079340117466 0.100554335341267 0.101140429819561 0.0184739595144499
0.0452912013961916 0.0818123063026437 0.0736040305641651 -0.0201424903221663
0.079284442791762 0.0333312149493527 0.0468339764840925 -0.0180061171494808
0.0776602712073681 0.0128470384264965 0.0183276313451595 -0.000202272245857772
0.0741787453809702 0.009594330996838 0.00733714802343732 0.0322027043536121
0.0714290542279939 0.0504633479043529 -0.0272609539749238 0.0645458482702506
0.0288699893946918 0.0938907265065849 -0.0788288533527432 0.0643258275995914
-0.032330686793529 0.105614457815928 -0.115614295093107 -0.00747877345638202
-0.118315986547761 0.0257305600829262 -0.0580269484764235 -0.0676692692852375
-0.103174034713765 -0.0869690711428354 0.0395626363904532 -0.0529912558596806
-0.0396145291741186 -0.133847826700864 0.0286003597976486 0.0658325839321399
0.0273498472756918 -0.08620037966852 0.0356838715599792 0.139174600959107
-0.0201434586866742 -0.111770013402858 -0.0606543170837755 0.125575263296453
-0.0784934528368533 -0.068723600756128 -0.0356256762184263 0.154321159937974
-0.0836590530170094 0.0338875903619599 0.0488287710684117 0.120890798991667
-0.0215979625667045 0.0769881875811865 0.0854380895135782 0.0577571113048902
0.0310933150985772 0.0653911327171028 0.0924725272206649 0.0132408899401277
0.0626726313838224 0.0286154495867873 0.0755841591787118 -0.00363203075196719
0.0645815084901425 0.0104490497651405 0.0453059680287017 0.00532135589564247
0.0627028978220776 0.00799321588105427 0.0338019034866166 0.037984607239612
0.0585784692487728 0.042013537233671 -0.0022662270044627 0.0755563251534849
0.0220444323062033 0.0785117264979874 -0.0623952667707855 0.0833943807454786
-0.0379498863679373 0.0862976122738174 -0.113166697417417 0.0134334056733946
-0.100234936245123 0.00128607385432758 -0.0637904412785613 -0.050931092389048
-0.0600276032078063 -0.084184084465971 0.0338970720972606 -0.0400363330099566
0.00107981405928411 -0.0949516846747281 0.0275424421429441 0.0977470697661583
0.0452078919932154 -0.0217973004549517 0.0324209459003297 0.167969351029671
0.0210669431120805 -0.0629076739243967 -0.0520892860666541 0.125415677085334
-0.0325991245476945 -0.0533903524433653 -0.047475706652872 0.142262068137879
-0.0502922954592808 0.0110596327256374 0.0229343963848714 0.12268420972134
-0.0136970483684895 0.0418961549601406 0.0760039772089202 0.0810663581294753
0.0140582751383477 0.0360395599906227 0.104796521992295 0.0337489591875192
0.036405723863947 0.0179611153337554 0.0938640349103588 0.00582970857616874
0.041579356737899 0.00736016027902972 0.0642720927136824 0.00948085670341647
0.0422898673547645 0.00602939471186734 0.052120079167426 0.0428312217792187
0.0395378904270367 0.0295564045969051 0.0152687411029165 0.0837224260413079
0.0137278825059097 0.0570567603879895 -0.0525573169948789 0.0984594827829342
-0.0399421666268967 0.0593410888830033 -0.113370748889459 0.0273250167324508
-0.0730841329747039 -0.0219564012973647 -0.0699719143070832 -0.0427904003912188
-0.0128547911061984 -0.0709746390074824 0.0258810677901765 -0.0328693780955295
0.0404065228691909 -0.0445796026418596 0.0162222163423045 0.114929758817851
-0.0570464500270123 -0.0113726968895891 -0.0260162885464422 -0.140994328381118
-0.0138125995808606 0.0477481080972279 -0.0637381581390573 0.0330041475723375
0.0331570189838094 0.0241626745248735 0.0757528703147195 0.0685622116394729
0.0250073769762418 -0.0280307761903481 0.140311647471997 -0.0270351792146986
-0.00922411035690333 -0.0247109846942652 0.0719616363689023 -0.123673979985583
-0.0145732024262421 -0.00970022741359869 -0.0306235831480098 -0.114469467020716
-0.0182474804856039 -0.00435171868770195 -0.0738105762053932 -0.0588403258556842
-0.0133315330835732 0.00148377699322435 -0.0853359977178901 -0.0203361707638172
-0.00645036823567183 -0.00543196723756621 -0.104301912453097 -0.0084077486827675
0.00437100718012851 -0.00680573783620083 -0.112838822011699 -0.034846560797656
0.00587860424362158 -0.00275170329562158 -0.0892476004332766 -0.0881403515022353
0.0162000231868397 0.00813888002588128 -0.0200056972869505 -0.124018123872884
-0.0168579859153747 0.033808682010832 0.0529207812103215 -0.137334917498827
-0.0618704399143431 0.0095601725338242 0.0779252031159596 -0.131430667220782
-0.0543296898773037 -0.0514878523296843 -0.00842494071365391 -0.167392737830844
-0.0690896590941426 -0.0679973212638714 -0.00634753365915678 -0.131788046524317
-0.0603733700528442 0.0113193732630872 -0.065282465863628 0.0401584069140881
-0.012985039110104 0.0310133816917595 0.0783159787074143 0.0846290214685353
0.00998245481489488 0.012151311813055 0.154877742568206 -0.018170344054741
0.000308856541672586 0.0108507928549921 0.0803623789324606 -0.125915896334101
0.0109028913288851 0.0132550312711851 -0.0244300768533381 -0.117880313640088
0.0137733819810821 0.00275539470000024 -0.0686408590239312 -0.0616808475939733
0.0170731280188774 0.00702199220751856 -0.0823349777343681 -0.0208815507671953
0.0243806035882438 0.00663541616701187 -0.100047772883324 -0.00302783461094458
0.0276270742355119 0.0277071091737575 -0.115645371170553 -0.01973416534312
0.000480350500208692 0.0425760827569702 -0.105909625110165 -0.0732558468359811
-0.0196247838981222 0.0401536238436355 -0.0457029086704482 -0.120449350117177
-0.0678431475049413 0.0198281056718828 0.0344200285846435 -0.136035378501271
-0.0973005447109025 -0.0467224901233241 0.0652204253398523 -0.117148117636152
-0.0679161604375619 -0.115885314368983 -0.00848110143684803 -0.135263192066273
-0.0662211306950711 -0.118746591425193 0.0122370383378314 -0.0992867522112271
-0.0988180148677368 -0.0377968414082273 -0.0694469125736807 0.0558909151639966
-0.0655853204150685 0.0254305125402044 0.0703389956086278 0.113175559621822
-0.0168637693376814 0.0521920384931297 0.16499229356134 0.00852825160359606
0.00573924901910079 0.051114200844668 0.0957653201782578 -0.1124834954132
0.0343619615457844 0.040115796434292 -0.00644933939603026 -0.111714098303269
0.0452823461678667 0.0119983428118829 -0.0509081802722524 -0.0594209932686043
0.0449635777819838 0.011837951305776 -0.0673078128181225 -0.0190412795485267
0.0506163078936467 0.0138327762150733 -0.083552058552348 0.00630091913047575
0.0513607910583069 0.0509787477415338 -0.107302069617028 0.00544212922762614
0.00772147251389098 0.0790364095874473 -0.118379181816601 -0.039751663686222
-0.0351361006217584 0.0772759255906109 -0.0808080579070313 -0.102837366249047
-0.108874630136262 0.02699861940487 0.00303886010350869 -0.13113120719093
-0.12985777509933 -0.0776474911500613 0.0546080254341618 -0.102012965640985
-0.0804878365902331 -0.15726769191124 -0.00420638453550682 -0.0871393861790437
-0.0492850125759654 -0.154534141769626 0.0283527071022935 -0.0467707179993575
-0.116162394595176 -0.090129413000934 -0.0737815753319476 0.0758314375700352
-0.111513959794012 0.0026215379458712 0.0482076474228692 0.144380655637577
-0.0534034879769876 0.0791274722908287 0.160423361657528 0.0490710086704549
0.00261655860637817 0.0871255968468733 0.110498029512549 -0.0791490839254849
0.0504302991786282 0.0665382942308341 0.0207462946492866 -0.0920584447205895
0.0704815193818302 0.0229944683379307 -0.0218906477190222 -0.0508522184394914
0.0672055317439983 0.0146665121282119 -0.043027533358063 -0.0135714911724315
0.0687996716587131 0.0154926700549307 -0.0573657653791641 0.0166224654423658
0.0696621113028648 0.0601820376328743 -0.0875096596473424 0.0322692097715908
0.0212449775093558 0.099614974508613 -0.117317967681396 0.00145658523914549
-0.0350518332834809 0.106594348287825 -0.108810298613195 -0.0716763611366772
-0.130153575295193 0.0396786897881966 -0.0271984934499115 -0.116204395605375
-0.145781551089834 -0.0886527272922327 0.0485719108266121 -0.0866731847569566
-0.0828585924271879 -0.173022635720106 0.00634699741056902 -0.0315866569289814
-0.0222899339654579 -0.162918051831132 0.0371118274520165 0.020619984335707
-0.103765813321639 -0.129811794971308 -0.0744187304071226 0.0987247749940324
-0.132253954235645 -0.0325038973711084 0.0171446591355748 0.165069075487989
-0.0868482928549808 0.0806467195699375 0.133445117287856 0.0905131894718381
-0.00897102848374792 0.106540817283808 0.115041050694058 -0.029491326730634
0.0538589763986886 0.0840065979174274 0.0512020006577443 -0.0594712912596746
0.0832210156825311 0.0320403837127098 0.0136076668070777 -0.0367033147387666
0.0794355845678978 0.0151817066865805 -0.0128107988529522 -0.00646105596031451
0.0769945507153071 0.0135585280350081 -0.0257519422039733 0.0261418226509505
0.0771859217598796 0.0595029078601175 -0.0587658052639268 0.0533943115684905
0.0298097020616678 0.104050934003312 -0.102673161345175 0.0383298159571224
-0.0315070343955773 0.115773565455706 -0.12030001433151 -0.0368965715632449
-0.132614413566289 0.0402398064495006 -0.0477057295964212 -0.094192861972482
-0.136284793093612 -0.0910133994398089 0.0453171457950681 -0.0706414357151287
-0.0684960598668356 -0.164450683793126 0.0198526164319326 0.0223322543015945
0.00716772466752337 -0.139446701451284 0.0382083023354686 0.088096379233215
-0.0653679956363067 -0.140216040190494 -0.0714747077940878 0.117473711931791
-0.118252168856312 -0.063347455618398 -0.0154383939356188 0.168453516795783
-0.100785822803422 0.0598982096843997 0.0911731129982287 0.116902865481587
-0.0209368364811066 0.10326808061669 0.104860905218259 0.0218358913899561
0.0452324029548688 0.0848554029793521 0.0770495449477724 -0.0206634866678449
0.0803051080388851 0.0345594696248893 0.0483851349405472 -0.0190423795242395
0.0793686663380229 0.0144165535884505 0.018661530057909 0.000436032723340471
0.075436625665746 0.0108756876384587 0.00580021269791377 0.0338111427645601
0.0722825465787049 0.0525885885288829 -0.0297289330534267 0.0682295197323424
0.028866558442522 0.0965475006401212 -0.0828846640639298 0.0659665486058489
-0.0342680227122319 0.10730374476733 -0.120759578229197 -0.00833751237492984
-0.122301101055362 0.0245835444906548 -0.0583517833519231 -0.0717326126799442
-0.104648311943248 -0.0916724984194429 0.0421155569826194 -0.0551114185747521
-0.0367733657121423 -0.138105976096907 0.0279947009194821 0.0667810761435043
0.0310947861083763 -0.0888225495036677 0.0333118065292582 0.143320984582357
-0.0185926996848698 -0.116046179111032 -0.0677365149992158 0.128892856161903
-0.0802897801563927 -0.072073286380376 -0.0408565717257683 0.159845729748145
-0.0869238014015336 0.0330533021091384 0.0485310924243351 0.126953959640224
-0.0232803680195088 0.0791041079565087 0.0877663914938885 0.0622305640962949
0.030648696361352 0.0679241280032593 0.0958102910825231 0.0142136374978365
0.0637476539895264 0.0300501351860598 0.0779911551374818 -0.00403551075208373
0.0663246013271171 0.0113126526157103 0.0457329468712404 0.00634950149005225
0.063415926852205 0.00861746309094747 0.0332927350291158 0.0400567014431368
0.0590760841699898 0.0431242206875347 -0.0040668142728607 0.0784571590938259
0.021872232013524 0.0810306861718109 -0.0665214033131835 0.0855415696575336
-0.0396160114217924 0.0873743952982421 -0.118333237937948 0.0131873257441866
-0.103448343132049 -0.00040622387727746 -0.0645365191166435 -0.0546615739468532
-0.0605573277875788 -0.0887838925176577 0.0358197801183778 -0.0418267416576897
0.00400353997006327 -0.0982224507994472 0.0265131554750736 0.0999343414877938
0.0472949970097569 -0.022012117388007 0.0285836734083057 0.172719343028912
0.0232812166895782 -0.0646427213558462 -0.0592504858733256 0.128694460127355
-0.0333383572507864 -0.0558834446070766 -0.0522860566172101 0.147406568045989
-0.05202864244587 0.0106920896298201 0.0204340519366619 0.127788731851745
-0.0145050177400533 0.0430417755427985 0.0777546921956338 0.0858840909936562
0.0135754700220683 0.0374277751897962 0.108374543532573 0.0347319969180395
0.0369338461379647 0.0188434898963496 0.0963279592858859 0.00580134839105625
0.0430442911463828 0.00720468466163618 0.0652226967376802 0.0106630245268064
0.0435071974227941 0.0062393401039441 0.0520093883622293 0.0451918452271318
0.0400250124768175 0.0307270260005569 0.0137916883072922 0.0872942212927887
0.0139676203337708 0.0587615053164652 -0.0569253473412009 0.101241460896651
-0.0410399402935611 0.0602085487051266 -0.118745393516294 0.0268149169599574
-0.0754378357324279 -0.0236257316893301 -0.0714644296862994 -0.046231667890586
-0.0115521037985642 -0.0740880012731032 0.0270446976587699 -0.0349252225819427
0.0433777447235316 -0.0458609371272272 0.0145956003432012 0.116934757308271
-0.0566642156578027 0.0232623936548725 -0.110060706525415 -0.0977711884055868
0.0173622094553661 0.0477065681332991 -0.0313852983620812 0.0710820849718637
0.0432546642564229 -0.000255327491545724 0.108908720482978 0.0123453483458225
0.00387882531271166 -0.0392051336739803 0.102476080088292 -0.112742370996673
-0.0231125385081014 -0.0152996336846984 -0.0171609142521979 -0.150550817950869
-0.0184929041647652 0.0015233622806604 -0.0969924338535469 -0.0776079201803254
-0.0173963357007741 0.00895664974786479 -0.0986758338303779 -0.00302890406154747
-0.00985577848193102 0.0099780743406893 -0.0835567929030396 0.0360873728480765
-0.00928087212580895 0.000668326668209306 -0.0918704300886361 0.060063131073677
-0.00122678035170513 -0.00744183470003387 -0.117661825308538 0.041318993062079
0.00170243160499615 -0.00594535354574864 -0.131137884291281 -0.0174974413359531
0.0167001038493176 -0.0032937494071333 -0.0947957715742655 -0.0936364433586295
0.00646090112502508 0.0386435747553711 -0.0431421910259378 -0.152113227985536
-0.0464393564370594 0.0460027378113077 -0.0186653681441581 -0.165642412404127
-0.0814669938039104 -0.0124853345623126 -0.109701980298585 -0.138677837948729
-0.0989279544812407 -0.0191664665851771 -0.0920240826922504 -0.100589663673829
-0.0423257974289539 0.0447783199223597 -0.0307391186410688 0.078955999096492
0.00833312365569871 0.0331719819028979 0.1202515835454 0.0259791651595804
0.0147997834334584 0.00229192133167808 0.121055662204922 -0.112570501318683
0.0056827713093816 0.00909320969197454 -0.00998027128160852 -0.156714171684217
0.0164955930545507 0.00515796985110506 -0.0936187159026742 -0.0836642763637725
0.0130114732571126 -0.00487599014868721 -0.0963784080760409 -0.00850292945518375
0.0189106114142207 -0.00390077754511703 -0.0818814249523788 0.0343907910498201
0.0244013326488635 -0.00823712313959387 -0.0855050125713233 0.0622008233701037
0.0402127966720205 0.00726535074579714 -0.110250273754249 0.0568631084041851
0.0255375128723993 0.0369723926136167 -0.135775187546272 0.00589735248051764
0.00570951784995481 0.046035269969121 -0.115145669992899 -0.0743438800452463
-0.0478945124513973 0.0590673884058713 -0.0577228122661279 -0.139075627690809
-0.113339004729147 0.0208333666469831 -0.0192167763903576 -0.146288463442172
-0.134045766203207 -0.0592869440604259 -0.0868630634138304 -0.110223370436374
-0.126244058829986 -0.0654314158581074 -0.0589807864528831 -0.0850466750462862
-0.102212367024066 0.026333588319144 -0.0272675893049238 0.0944848881643948
-0.0393904806784157 0.0594624801443991 0.129650821980416 0.0571930724179999
0.0155494923149258 0.0514200522595597 0.148392261168665 -0.0942152776993564
0.0341029539934156 0.0394090688735222 0.0125526364237014 -0.154301728826311
0.0524510996762008 0.0131412107477644 -0.0730540144483547 -0.0891866292529014
0.0446582926370094 -0.0163471899264041 -0.0798201809858865 -0.019002465928197
0.045458108160915 -0.0174343672815097 -0.0676885982781605 0.0269530591042157
0.0509898343895029 -0.0188853214937841 -0.0662449331904489 0.0596645896344302
0.0750907312086599 0.011355752623093 -0.0878039334114463 0.0741486379055119
0.0561003460701926 0.0631659277724534 -0.124901651599478 0.0415251921640389
0.0158460765919375 0.0889117996643386 -0.134159578232964 -0.0364255943592614
-0.0795411600624799 0.0922143418931917 -0.0803480124286371 -0.115433727928927
-0.162059223026848 0.0151558735496476 -0.0180283558274691 -0.127924196716596
-0.171248805399587 -0.086819882411921 -0.049952227571155 -0.0709763702023487
-0.130984308346467 -0.105696330624446 -0.0160017676572123 -0.0518662958881722
-0.14740917576905 -0.00720011905754863 -0.0212901563302518 0.113796493567985
-0.0918245350777787 0.0674796307751632 0.127948796751204 0.098981377782697
0.00142073848993759 0.0947785165234315 0.169392894352369 -0.0545324937895555
0.0530461544454791 0.0705862499137031 0.0462558333995911 -0.134456071211633
0.0818651692782928 0.0251327583784664 -0.0375919922171217 -0.0899910748614607
0.0716801504060457 -0.0227706249763771 -0.0500133926314384 -0.0305528851552547
0.0655715328518566 -0.0290413692194476 -0.0446750252869948 0.0163367099814332
0.067845952213891 -0.0283923519476215 -0.0378410895190764 0.0525903923536797
0.0970904445808989 0.00777852407113203 -0.053314225839807 0.0841870068802061
0.0813194976517904 0.0728620014525269 -0.0973896757473875 0.0759554712976466
0.0341957857866682 0.113872641599983 -0.137123973065098 0.00763650683626511
-0.0908058485988113 0.11795750116904 -0.0965835496825099 -0.082698427646691
-0.182984331832296 0.0163441404029475 -0.0132866645502076 -0.111096335838926
-0.18350970503335 -0.0984459419922152 -0.00487449268529292 -0.0307304160784733
-0.112096245873236 -0.128793562971723 0.0316930608356584 -0.00275225284228075
-0.160600621683527 -0.047436000217159 -0.00909974209841673 0.130999265744927
-0.129661950753916 0.050558560051334 0.111416736735659 0.136121146509966
-0.0251111335031309 0.116263161718975 0.17138048639977 -0.000731157114823165
0.0552054531598895 0.0944060073834169 0.0810379618410129 -0.0949974277995875
0.0951779990813791 0.0376266170263762 0.00871432042789989 -0.0815771054467865
0.0874389704677272 -0.0238196987242692 -0.0110641482465558 -0.0411739259278762
0.0759963609630507 -0.0363580411350491 -0.0144690420081782 0.00355158050295605
0.0737642638556565 -0.0364079526049004 -0.00524324832083262 0.0401359748663295
0.102434027885304 0.00211237448650347 -0.0160380696455855 0.0842448981733512
0.0919473801473327 0.0710321594747673 -0.0621124624490791 0.0975720924929306
0.04351158781703 0.119561501833063 -0.125516912925419 0.0449469911190015
-0.0915716001429085 0.121069284920252 -0.0998645882742098 -0.0511520257944584
-0.176834349204967 0.00894930145914656 -0.00561946074647853 -0.0952490598082058
-0.165692631772427 -0.0998263991526668 0.0399687479668748 0.00657575612490336
-0.0730413671944107 -0.125319735227896 0.0761387999790502 0.0514350549914804
-0.134241379924358 -0.0783362307948269 0.00470690157587953 0.1434621627192
-0.137226679203376 0.016728353242094 0.0845874200462725 0.158003787281041
-0.048570261580922 0.107456127982636 0.150458276198476 0.0494242844042137
0.0433203899393302 0.0981358892493361 0.104055676088826 -0.0450114420405653
0.0885507799348168 0.0433138542508605 0.0541927958539302 -0.0647614507282287
0.0873880113216539 -0.0207332468722818 0.0291701126715286 -0.0490699969174113
0.0746494938695406 -0.0375729123157598 0.0158470653134018 -0.0100748742065462
0.0706271321902968 -0.0371947643535273 0.0255245830828554 0.027228947867307
0.094550880058025 -0.000596678791024676 0.0179423939163859 0.0784300266125391
0.0864031961574771 0.0645311249851111 -0.0282100326980409 0.107744252594736
0.0368024066878725 0.113983019997021 -0.107514087169638 0.0699530964678681
-0.0935611245153415 0.100940530099854 -0.0943613513517525 -0.0250814557331134
-0.14929961752931 -0.0128289118720782 0.00158099967213344 -0.079173678723953
-0.120937993426091 -0.0965558112962851 0.0735128389165413 0.0402082747377153
-0.0235079675036589 -0.0949964370810436 0.108614514967019 0.0984609941295009
-0.0811868367747298 -0.0851913824505801 0.0172562717608289 0.149329692121697
-0.110137682667087 -0.0126662887946115 0.057935629153024 0.163900415551426
-0.0525508355228077 0.078077309239232 0.118672442113645 0.0826216415910694
0.0276817918671479 0.0795003910297614 0.11438082403063 -0.000375034965033246
0.0663712783082032 0.0380700511737924 0.0906100523730254 -0.0476010906832632
0.0705074595502101 -0.0144520410113299 0.0636370194102951 -0.054118190124163
0.0623936518777216 -0.0323123049763326 0.0422365250543071 -0.0224848521551221
0.0593135363148165 -0.0326714396893535 0.0527366887922763 0.0151876980812819
0.0773789987827824 -0.000231322056096282 0.0454331473560465 0.0709988999885162
0.0704346211759647 0.055649529332728 -0.00178890611161157 0.114702739833177
0.0202489160824022 0.100562488253766 -0.0917608134607797 0.0861220627885926
-0.092989743621714 0.067765514362819 -0.0889472333528236 -0.00561176909255636
-0.109374413167979 -0.0385674099335425 0.0044228856788649 -0.0620667658500261
-0.0589127543082918 -0.0884303814549748 0.0905920328611095 0.0702665732912514
0.0291187586363873 -0.0469900497679744 0.12742744207297 0.124501078506143
-0.017515314730249 -0.0666929948996152 0.0263806174523283 0.143246752940331
-0.0613037479785363 -0.0259481482439017 0.0421091315487739 0.159515720846652
-0.0362785188485997 0.039571226367829 0.0961088572955291 0.0996258131080275
0.0139935030960986 0.043874699996312 0.119553893620701 0.0252105074572652
0.0343624685095877 0.022677949291377 0.112370841056173 -0.0394846816412411
0.0414125775525054 -0.00788340893522905 0.0850315655318721 -0.0574573421607153
0.0407546111484232 -0.0213513370454 0.0607467771475983 -0.0309397012313536
0.0409533871131177 -0.022075318386813 0.0717701738143356 0.00704029770901301
0.0541931080516422 0.000491019418238837 0.0655231289876302 0.0667860052569147
0.0492641766888509 0.042116321851816 0.0159920825981541 0.121207902788867
0.0026530142973828 0.0786354288721271 -0.0824422400483084 0.0981319741125045
-0.0831104365990298 0.0296135978140719 -0.0889842578333958 0.00616993360500827
-0.0578664345753275 -0.0576405649323722 0.0013548634972406 -0.0484948412742301
0.00848103754060681 -0.0672629856230366 0.0888746075277579 0.0929581357474783
-0.0592838138308505 0.0270990553773503 -0.119355388563938 -0.100762731026771
0.0206705613233187 0.0499626605608181 -0.0305909358062376 0.0792357421460356
0.0461701933412765 -0.00204685312291779 0.117859471711705 0.010463754310419
0.00185204402461964 -0.0420526656819683 0.1062007263181 -0.123044890981065
-0.0256170059728783 -0.0154347958911587 -0.0230493269919914 -0.161449340653722
-0.0198254619478296 0.00232365551953783 -0.104749336959966 -0.0803626886712186
-0.017446766730814 0.0109185705959349 -0.103322057694648 -0.000702564653488951
-0.00931579070974106 0.0113983268198636 -0.087100792580052 0.0404848293208699
-0.00961755526618847 0.00164283923417081 -0.0943552701658785 0.0668795864243641
-0.00192462690716564 -0.00766729061683705 -0.123178532034856 0.0485370592488487
0.00117430749475078 -0.00602468614159554 -0.140133917265065 -0.0148812524600663
0.016972268913997 -0.00470121514534589 -0.103019517574148 -0.098180152619643
0.0083954261599807 0.0405454498584241 -0.0491425585825688 -0.163244774517928
-0.0464106346255739 0.0499696943962382 -0.0220570172901108 -0.176456382194424
-0.0871503914164254 -0.0121050522120884 -0.116561008000257 -0.144373071980648
-0.105161176345485 -0.0173521213673014 -0.100311968460712 -0.104566367453758
-0.0425310835852093 0.0479545179289427 -0.0294955255315476 0.0869525183025948
0.0101451005996909 0.033684810738505 0.1294525629795 0.0254932522094979
0.0145003648454562 0.00140433869125307 0.126188538677668 -0.123777234032334
0.00573171422256187 0.00934611225603673 -0.0148390659054167 -0.167786462439493
0.0172240715212753 0.0053324409689885 -0.100947864249907 -0.0868105362783309
0.0134007892597784 -0.00485597271510749 -0.101691123613268 -0.00668765979151824
0.0204368511396892 -0.00421597796036414 -0.0845974345282504 0.0384965794893911
0.025473625891004 -0.00857413683556545 -0.0877587292703469 0.069971978185011
0.0426866435965809 0.0078039151153479 -0.11486580346949 0.0646435104756128
0.0277175125320824 0.0385041987583386 -0.14468532063391 0.0111220256343383
0.00598426698200533 0.0477094132857518 -0.123471140045487 -0.0767340499471794
-0.0486857879657839 0.0636418373837542 -0.0645360546428776 -0.148989694882818
-0.117689952195528 0.0245481627043091 -0.0224757063121321 -0.156562923933038
-0.143177352146176 -0.0616141145495622 -0.0926957889688648 -0.114320144118141
-0.135077511741009 -0.0664727393408762 -0.0651899677369032 -0.0888238231192731
-0.106247842497725 0.0306906758267729 -0.0262894335404663 0.103906660459562
-0.0404424274311757 0.062870718252573 0.139802435348236 0.0588098323226329
0.0171510189431507 0.0529427478009732 0.155081763387324 -0.104823232429262
0.0368552054591733 0.0408764514048556 0.00961331897151504 -0.165995002038444
0.0557379903507356 0.0126422426008312 -0.0800850270956017 -0.0937437223943036
0.0465326378666959 -0.0178943496076001 -0.0842707814435327 -0.0181545383266967
0.0476539076280638 -0.0192598645730233 -0.0701475320921657 0.0310136975194346
0.0529150589913616 -0.0204670270578897 -0.0674716036180274 0.067191381644413
0.0795064511745983 0.0105724067999076 -0.0899689116014625 0.0824504345340203
0.0603711111269771 0.0654887653437563 -0.131945981963442 0.0497830189934317
0.0177401877506915 0.0925839180774066 -0.142662776061301 -0.0352194298903254
-0.0817777213779995 0.0993936765861649 -0.0888049450334888 -0.123202896598654
-0.170071313557388 0.0200703720458258 -0.0212025790247717 -0.136992816818976
-0.182378653193426 -0.0899997060345055 -0.0534832785267083 -0.0742727469061034
-0.141181593257884 -0.109636455061792 -0.0185118893946582 -0.0550084538332899
-0.155412028901169 -0.00387178156578146 -0.0197226647354575 0.123712402067508
-0.0961880945715552 0.0730123267885531 0.138532980279953 0.103820631822731
0.00281954846788555 0.0995147880287815 0.179015398074125 -0.0630429440622452
0.0573447408803608 0.0736919696606331 0.0461659975576538 -0.144881608931578
0.0866592364271762 0.024450682610433 -0.0422835595950469 -0.0955390689770476
0.0741998198945827 -0.0257365958405057 -0.0539663323213521 -0.0312525131900043
0.0684393841469491 -0.0321855045686765 -0.0458291570908869 0.0191698767474176
0.0703087902061495 -0.0318121384097472 -0.0379403506155898 0.0591785249451219
0.102794609802548 0.00604573730408429 -0.0532772114295322 0.092139282219296
0.0880516332417219 0.0748971684281654 -0.102177526538209 0.085346583434806
0.0380501705303527 0.118270277925717 -0.145808456916214 0.012702855150861
-0.0922214441611225 0.127597893225921 -0.104944295442754 -0.0883883784172645
-0.192896228836983 0.0215743865642993 -0.016294305880004 -0.119330056033979
-0.195041568442753 -0.101770195800442 -0.00604347244515485 -0.0326823225655456
-0.121673747375078 -0.135174355308516 0.0327871356258437 -0.00369450736609693
-0.170143064512911 -0.0463257975536548 -0.00732720957063993 0.141704022355737
-0.137171982561095 0.0559106746715209 0.121361368843546 0.143476490267339
-0.0246063065366107 0.123013750276843 0.182811742279387 -0.00498503143772226
0.0606124565069255 0.0982563006267404 0.0843449769764031 -0.103499023196966
0.101308486422601 0.0374707345138641 0.00658280335043214 -0.0878608669257804
0.0910739564563871 -0.0279097294445692 -0.0139673775705939 -0.0439270477272186
0.0791236867945127 -0.0401695817398378 -0.0146571527147306 0.00466407409392862
0.0759536716747252 -0.0395005639685799 -0.00502958965901977 0.0446371403202792
0.107808790564321 -9.9714830792072E-05 -0.0138147442608493 0.0917653208001408
0.0986071831901744 0.0720983725060985 -0.0640734151183901 0.10724653535461
0.0485610405809296 0.124583476334073 -0.132004655257586 0.0520554192684977
-0.0942428630024739 0.129844369792595 -0.107745374477989 -0.0538867628059425
-0.186552139717187 0.013480226894496 -0.00759255563596044 -0.102827621285695
-0.17621629565019 -0.103385773167594 0.0425199482606551 0.00557955071255242
-0.0808431297457375 -0.132305377103791 0.0807958663804565 0.0527334439663378
-0.143616732247619 -0.080416628683081 0.00754240811114937 0.154161950495056
-0.14550169774659 0.0206305544235915 0.0934341245948234 0.167970036760048
-0.0492392698744559 0.115065195003802 0.161337208417318 0.0486139989832673
0.0486127210992876 0.102698969295514 0.110196314560188 -0.0501361915608049
0.0950659291088693 0.0438295017723948 0.0556334833210967 -0.0716147730573931
0.0904627044633023 -0.0241555881846731 0.0285900278685061 -0.053717721699114
0.0774663939483851 -0.0413495079756416 0.0168330425776273 -0.0102569621336164
0.0726578702295891 -0.0413954398490957 0.0284735275983352 0.0301202100381093
0.0992979588957269 -0.00306672423522342 0.0222251333476257 0.0842428843116253
0.0927579183443008 0.0656537881270915 -0.02763546016359 0.117025239733564
0.0411628305826449 0.118508871117562 -0.112272827170447 0.0787829686303952
-0.0965838909937086 0.109101231314705 -0.101846115553812 -0.0254089633742485
-0.158566000313344 -0.0102269410963527 -0.000823008197153581 -0.0846020868200487
-0.128919324538606 -0.101776391819383 0.0781471933035752 0.0404635140774154
-0.026857413837932 -0.101525997699546 0.115893547214812 0.102094019738999
-0.0882955551131664 -0.0892286392202724 0.0201853806239285 0.159633672362675
-0.117562703663888 -0.0106336152429439 0.0648493288179526 0.174549789244109
-0.0538335570248353 0.0841422487621738 0.127442172073561 0.0860960140678834
0.0316963381858336 0.0831167466528263 0.12195489364821 -0.00257732045961212
0.0718496246947828 0.0383716049880719 0.0940515475871937 -0.0544419196719069
0.0738398647428569 -0.0178747735268683 0.0643666055597516 -0.0601634361349678
0.0644349747386766 -0.0359297632473929 0.0443517083393696 -0.0244751078621334
0.0607326917703973 -0.0360653701479825 0.0556704083640239 0.0161586011143982
0.0817893301622358 -0.00289623935078053 0.0507693599854458 0.0759839530836466
0.0758922357684635 0.0562413951955389 0.00066636963544342 0.122859303606038
0.0240386223760412 0.1050338356727 -0.0950929414883104 0.0956615565075752
-0.0964285126972201 0.0747262542786864 -0.0955344748483459 -0.00550201584199352
-0.116736266635829 -0.0390592017994668 0.00203494134671436 -0.0669362633351102
-0.0637039387214686 -0.0933286064880697 0.0966481367506463 0.0712750715447609
0.0295138620972325 -0.0512386825440959 0.136391649321299 0.129866006620819
-0.0201180232722193 -0.0709473048948684 0.0294090082341541 0.153891952850316
-0.0658035479189938 -0.025192658351099 0.0480529006954662 0.169840485530422
-0.0368222104046218 0.043230165256632 0.103898889493062 0.104895920289279
0.0166119780325835 0.0457998412298191 0.128093287648648 0.0241944981162671
0.0371456563082216 0.0231098250748151 0.117558271150972 -0.0459183705686494
0.0436727703673865 -0.0101313323959954 0.0863519130907262 -0.0643294471690562
0.0420971668388081 -0.0242429605376305 0.0632083796636337 -0.0340948293227969
0.0418320596341962 -0.0245979900181347 0.0755483916410814 0.00714478017110805
0.0570006686589993 -0.0010399455580249 0.0714397090418581 0.0702674565021031
0.0535534448934027 0.0426987872308462 0.0197125652118229 0.129181105338912
0.00506843561319676 0.0828923403069014 -0.0854420563866409 0.108023589400264
-0.08731077805739 0.0341449036086926 -0.0951950009867458 0.00808824465795738
-0.0637701540774213 -0.0604929418339607 -0.00112425814451079 -0.0527245600601359
0.00765134266759567 -0.0729587323466547 0.0952894848576751 0.0952698497347177
-0.0602751126142646 0.0320887500724696 -0.13044226295297 -0.0982213255368525
0.0251537223396292 0.050252718328391 -0.0258851247064454 0.0867916359548761
0.0479348808315982 -0.00472865741909245 0.124680436885049 0.00612165354603833
-0.00134299693226584 -0.0439633321642814 0.104809166987648 -0.13521839698329
-0.0279700742900055 -0.0143299965826181 -0.033011448744902 -0.169586522090967
-0.0205891296695058 0.00429754940116921 -0.113352924891451 -0.0793702100523629
-0.0171975824573705 0.0132461398352076 -0.106873121326131 0.00448774789153186
-0.00850224712897633 0.0125731126298815 -0.0878622467067311 0.0464784162766709
-0.00933605263161133 0.00307544900634426 -0.0937553431012776 0.0757024506277699
-0.00255379005510123 -0.00712447762545273 -0.126490329835649 0.0583246558346741
0.000145723483627627 -0.00558354088819708 -0.147394809351474 -0.00785442775009144
0.0165474970598602 -0.0064771218788299 -0.111961954263715 -0.0998570809782841
0.0116283464161929 0.0410448734312297 -0.0595957459822942 -0.171262486395582
-0.0442665402168541 0.0537254464265365 -0.0297966691363 -0.18483226000717
-0.0923284110291917 -0.00885358030411358 -0.126037219763195 -0.145262137860564
-0.110660679469525 -0.0125113824310512 -0.110099047834429 -0.10381512094856
-0.0407609645121224 0.0520915730726781 -0.0254012613963086 0.0946601033937532
0.0123544542908348 0.0339359829243824 0.137792841004534 0.0217617581700395
0.01364122899919 0.0001922933758353 0.125975332540473 -0.136689678456244
0.00549859177062471 0.00974128357331401 -0.0242083649457979 -0.176820579412037
0.0179356447969424 0.00506119792304391 -0.109615766261378 -0.0858588011356061
0.0137597487361378 -0.00491815218364975 -0.105508430238096 -0.00141776936500611
0.021787917936876 -0.00518404001639229 -0.085711433753675 0.0454219088058596
0.0259478376748067 -0.00954672873199908 -0.086154087004284 0.0787117216309257
0.0444688673992607 0.00563500444200733 -0.116350410943272 0.0746285384978011
0.0303977080516935 0.0390017348458105 -0.15113811724876 0.0202086874834922
0.00738878951189863 0.0488609657366931 -0.132782744631574 -0.074941471335039
-0.0476263684021533 0.067951310283157 -0.0758093761909007 -0.156035035175434
-0.120440123888169 0.0308495179055699 -0.0296875439177358 -0.16398032813636
-0.152772529607475 -0.0585398074667086 -0.099562610803174 -0.115318913400965
-0.144301129966153 -0.0631993087656838 -0.0731836547444813 -0.0895658372484772
-0.108443961967849 0.0368505295109797 -0.0211515915111765 0.11267403570727
-0.0389954546271716 0.0664187374928845 0.149369309355977 0.0562155785490832
0.0192789122835834 0.0535224138788442 0.15760137411939 -0.118825592981804
0.0396697454856927 0.0407497325113152 0.00177621186215173 -0.175171492212097
0.0582122187503781 0.0103135005706064 -0.0880804493497986 -0.0944060243326424
0.0467768464620622 -0.0201018047386359 -0.0888559442431583 -0.0145107161303768
0.0489263506295419 -0.0221712702260758 -0.070958909894336 0.0365286672285486
0.0539542635321095 -0.0233736418572863 -0.0655172743558348 0.0759991021667048
0.0833104412749027 0.00757737375344047 -0.0885142545561227 0.0917459442615624
0.0659708948715039 0.0652350389101559 -0.136503767491727 0.0609867316792116
0.0217506288609677 0.0948320071895162 -0.151420366529806 -0.0298231427526333
-0.0801910630880524 0.106772321022197 -0.0999219586026812 -0.127741893859215
-0.175497785978168 0.0290749517482101 -0.0280795631705958 -0.143301750092927
-0.193849223400343 -0.0873169351160756 -0.0580541714551003 -0.075003884846741
-0.152909744389012 -0.108540147798781 -0.0226670432079693 -0.0567254058229921
-0.161129525135017 0.00340671935525066 -0.0140197876004712 0.132720058052868
-0.0968346567081781 0.0797623565887378 0.15022502649261 0.103893794199269
0.00684213807842002 0.102403942499312 0.184326694173821 -0.0750071108580428
0.0635661206515107 0.0736033369261535 0.0413270044476736 -0.155262812266787
0.09125544533801 0.0209858605583071 -0.048878330898101 -0.098255423693694
0.0750521381690427 -0.0300558090236143 -0.0587830968665864 -0.0300931238750336
0.0690964163238206 -0.0366499876795772 -0.045939759008113 0.0231655267950499
0.0709054016554722 -0.0359391467657396 -0.035336507090417 0.0658475322417149
0.106568402243394 0.00153692987895006 -0.0491763527462729 0.10050076166984
0.094828697847794 0.0736284381694735 -0.103121997187249 0.0963670994474446
0.0450283062490445 0.120347896427416 -0.151865699347147 0.0217893062632215
-0.0900602380081247 0.1367588334252 -0.115335197084964 -0.0898867107052694
-0.199517187316855 0.0322652615285369 -0.0224675262541602 -0.125650166085335
-0.207319438351245 -0.0989143074927432 -0.00678096386155554 -0.0343367393534855
-0.133879594982988 -0.136138774317452 0.0337976718113869 -0.00551020562430573
-0.179206649389388 -0.0400534357846239 -0.00082162923348051 0.150797117649779
-0.140997200324446 0.0647211608553921 0.135079696826335 0.146852436888771
-0.0205219163804865 0.129092960157 0.190515188451511 -0.0147029838160409
0.0682221369074491 0.0992681289698049 0.0840879839980989 -0.113178759129109
0.107971561152702 0.0339792900159616 0.0022340979495081 -0.0936266227205251
0.0922954132449918 -0.0330498561917427 -0.0177014135585458 -0.045521416922382
0.0795000936331732 -0.0455736123550729 -0.0144733379814122 0.00667365570263782
0.0763972957411529 -0.0443965639058798 -0.00173025253062365 0.0500516595938113
0.112320274726996 -0.00561798524986823 -0.00794946988180588 0.098030477564769
0.106414947578373 0.0699629459956683 -0.0614831188660991 0.117635641932604
0.0559600469784562 0.126360578397629 -0.135286464016964 0.0627507390265599
-0.0912189627222316 0.140307435556086 -0.116634569658316 -0.052541025613233
-0.193595349921334 0.0230181310507573 -0.0134714537215726 -0.108693470202019
-0.187641615190306 -0.101372179099748 0.0441365815312356 0.00312911341909078
-0.0902334047608917 -0.135811639436474 0.0858710066460236 0.0517319471668152
-0.153561089429804 -0.0767845154489642 0.0149203185166495 0.163151797804985
-0.151430229103528 0.0283734774735089 0.106041341338857 0.172937811604154
-0.0459483033368202 0.122219338919547 0.171351746363765 0.0430285272023166
0.0558465950280292 0.104649162676181 0.113606649373642 -0.0580425506123188
0.101482951062701 0.0408967345049092 0.053617080897916 -0.0787374632284201
0.091865987505156 -0.0293997097179701 0.0257409182655316 -0.0582760639844656
0.0780471149737636 -0.0473903068578752 0.0178006162694715 -0.0111901832889987
0.0724870966609491 -0.0461661867729596 0.0312143712355432 0.0321792354514341
0.103015979359784 -0.00842617255803072 0.028554343298541 0.0884643665859759
0.0997093813027206 0.0634094295914794 -0.0235056106177218 0.126221390323737
0.0484396121945171 0.120609817917373 -0.113222732901156 0.0898442398938491
-0.0948772194246626 0.119107942921767 -0.108586821096438 -0.0231141587566604
-0.165703153294177 -0.00285792385751786 -0.00544525128933134 -0.0905435331773111
-0.138377850292591 -0.101736257271373 0.0829091447360197 0.0379465076924336
-0.0334049040484594 -0.105965109827011 0.124570549575393 0.101478211935837
-0.0961005994973019 -0.0893413782867729 0.0270376850507955 0.167742210868169
-0.123623556349649 -0.00546812710500179 0.0769191396163613 0.181173667293558
-0.0523979939582669 0.0904517161264011 0.137658728059378 0.084898240843442
0.0377727613139922 0.0848517264188042 0.128320700968196 -0.00827592382989873
0.0770153704100567 0.0365092681960149 0.0949538650691766 -0.0625872880793904
0.0748723281746131 -0.022186028671726 0.0623043346182673 -0.0665080681956838
0.0647153102096648 -0.0410494869258023 0.0447915347477382 -0.027039473061658
0.0606446393059798 -0.0402897539059013 0.0593736429842752 0.0157839150901231
0.0845705589705298 -0.00759654581069728 0.0578524341507752 0.0781825028145332
0.0820412786716085 0.0548246831870774 0.00657787127125849 0.130785140013689
0.0305646762059571 0.10723389294026 -0.0949452309661959 0.10627368408285
-0.0968693764947909 0.0832882560214278 -0.10101699962573 -0.00164840438118297
-0.124252953563569 -0.0353420825351687 -0.00143857903712142 -0.0711398775816037
-0.0704464014698549 -0.0960983149253916 0.103133935681132 0.069189685556629
0.0282052056332627 -0.0557148988865308 0.146523500618436 0.129202453288206
-0.0246528998224742 -0.0735051269734201 0.0357846301148361 0.16034665114862
-0.069728677159895 -0.022290861756101 0.0585203617531823 0.177174376178035
-0.0354508606186831 0.0476864874629391 0.113898477488062 0.105604854242655
0.0200341805574009 0.0467357019849862 0.136556879342047 0.0198634798845425
0.0404351000188996 0.022207728705233 0.119368857908308 -0.0551889466634501
0.0445470475061165 -0.0128010228681042 0.0851682825272662 -0.0723031484051804
0.0420483006378339 -0.0284508846364956 0.0642780127042814 -0.0382606020748107
0.0418127234296747 -0.0277656813573404 0.0795187510568153 0.00518240676948138
0.0593299097898566 -0.00480383452312926 0.0784874340949444 0.0710711419777568
0.0578367515437259 0.0413905341402577 0.0265152269215916 0.135407978595227
0.00920793437473742 0.0854120301472152 -0.0841621838007528 0.11834865775174
-0.0894167672722748 0.0406901821600641 -0.100191597163586 0.012252548610808
-0.0696363337498176 -0.060693442495338 -0.00521300860502806 -0.0558333073516901
0.00411874919011194 -0.0778044061337757 0.103104170641968 0.093917619462071
-0.0590275003349441 0.0363249030091916 -0.138543566633907 -0.0923464607840601
0.0291280203847758 0.049443238027431 -0.0198487813521364 0.0916636104671734
0.0491358472922967 -0.0082294225990359 0.129188311641258 0.000175330275962508
-0.00463388432890695 -0.0448331027120145 0.0998194727166851 -0.144187136780486
-0.0298831250469703 -0.0126895240122721 -0.0436281181910791 -0.172651161742434
-0.0206993082129956 0.00599993173566764 -0.119512463119746 -0.0751642893929858
-0.0157367374187338 0.0148843722293054 -0.106991770147378 0.00966593875998016
-0.00726983474069428 0.0136477868362324 -0.0860097493365713 0.052092216832743
-0.00868360279426939 0.00446833306756482 -0.0896499622632956 0.0827192576264704
-0.00339461408903846 -0.00620718672908007 -0.125071956642662 0.0676462505385554
-0.000809172797329661 -0.00538509543587666 -0.150900473911844 0.000865572158965923
0.0153125054260384 -0.00803002297753694 -0.119793178999851 -0.0979862195137844
0.0145616952003273 0.0406337099190151 -0.0714177671220446 -0.174266168835331
-0.0407084934111211 0.0564663101866336 -0.0379401484891506 -0.188754570962513
-0.0955117146918468 -0.0046430253483995 -0.132564027731893 -0.143484775982951
-0.113122258050122 -0.0072348452427401 -0.118254838290187 -0.0995957644060311
-0.0376395415960073 0.0544676092345275 -0.0191912020096568 0.100309853871829
0.014567753272151 0.0329756657816851 0.142760433106443 0.0160517241500442
0.0129803399193149 -0.00095198030979534 0.121186639421258 -0.147075208683588
0.00595665724797027 0.0095805757331343 -0.0352932674880825 -0.180765481020462
0.0181202891701384 0.00466551473382958 -0.116469680122623 -0.0825346173139185
0.0143688123241837 -0.00447489588896728 -0.106725519502134 0.00410123787156415
0.0222375365995613 -0.00589501182187552 -0.0839831997511219 0.0507011634852698
0.0265312228610957 -0.0102406783444857 -0.0816342190843232 0.085961350080704
0.0457628404731574 0.00416575604904657 -0.113941501974648 0.0840370053813578
0.0326103478773913 0.0386821112145473 -0.153237019668075 0.02984217558588
0.00856385159437213 0.0486233937758025 -0.139808242623447 -0.0709811662871283
-0.0442270614762852 0.0704823615136285 -0.0868402716439474 -0.158054844362496
-0.119640030740715 0.0370329561413196 -0.0375733527080649 -0.167021382526434
-0.158410669162967 -0.0529732221836506 -0.104765436387979 -0.113417500582026
-0.150257496723648 -0.0566445462559848 -0.0796629316576222 -0.0873573702271754
-0.107316177241803 0.0428185754654992 -0.0140025764171879 0.11823337733525
-0.036584190535265 0.0688024140582402 0.156961811819729 0.0513176434642915
0.0211650494528277 0.0527836088546899 0.15408424463622 -0.130329427752248
0.0423833621331655 0.0387959118078765 -0.00827830432837332 -0.180495851265472
0.0592696659536798 0.00761319032958206 -0.094972305287521 -0.0922412265424862
0.0462763638541833 -0.0217350099577552 -0.091700457750381 -0.0095419215248816
0.0487229736871604 -0.0243621296409181 -0.0690916650956615 0.04147184504523
0.0534148899635968 -0.0254281438429079 -0.0606603217062144 0.0824641674166899
0.0851405226027339 0.00340186592099973 -0.0842946031504417 0.100239074768177
0.070614212517113 0.0637960235074114 -0.136138080291355 0.0714569187548295
0.0259433423973653 0.0943507543184244 -0.156250117738495 -0.0230288586085479
-0.0761385575196405 0.111655525657812 -0.109971267395865 -0.127397938234065
-0.176047690097817 0.0377256571890021 -0.0355218235124611 -0.146871237300961
-0.202391369356164 -0.0801810917568506 -0.0616288230854744 -0.0741397230435761
-0.162075303375668 -0.103462922069835 -0.026781069102563 -0.05643456558376
-0.163020688586926 0.0121285493252501 -0.00622776435360138 0.138410579978523
-0.0947444734793662 0.0859062631063023 0.160590887050712 0.100306745097605
0.0112962427319127 0.103822628140569 0.18407830449595 -0.0870609451784093
0.0679926597679941 0.0715007766527872 0.0338330115756578 -0.161925279416886
0.0935846065254288 0.0165128028353373 -0.0555150872706911 -0.0987547186168678
0.0739441443701225 -0.0335754394426669 -0.061914877267582 -0.0273407536582569
0.0686689319057815 -0.0406812622523941 -0.0447348933939669 0.0265008892274585
0.0692165844634529 -0.0388045865633602 -0.0307210146928871 0.0706879521497644
0.108181439169895 -0.00404589575981989 -0.0432973965036872 0.10686818497665
0.100729073319755 0.0695759327356402 -0.100454081445175 0.106511031581494
0.0506534866027516 0.119639241036282 -0.153754897268688 0.0310201402030863
-0.0848149654947074 0.143371577015526 -0.12432110770337 -0.0876113012058087
-0.200684929743635 0.0432469004192527 -0.0292224488763228 -0.129446469745244
-0.215916145665816 -0.092330210494483 -0.00804561635157563 -0.0355908157707679
-0.143902143592905 -0.132459150031213 0.0334304137355852 -0.00750500951313546
-0.184104110670421 -0.0318682983707636 0.00693198438353188 0.15575662938554
-0.140438299815397 0.0728808506660617 0.145990240879693 0.145632442456697
-0.0143930115754456 0.131898445089876 0.194803582142932 -0.0249604177363381
0.074345424448727 0.0972462226512753 0.0793568016006656 -0.1207099176114
0.111287036210921 0.028265513170048 -0.00315085142128805 -0.0967912758752871
0.0907975655359305 -0.0380595541462521 -0.0217751704497623 -0.0452891409093307
0.0778508569096673 -0.0504153007430732 -0.013783153999787 0.00791032435967204
0.074305013185048 -0.0484424466699815 0.00246369568550942 0.0525150619447789
0.113425153398113 -0.0116353580760523 -0.000829204775479105 0.101534565129922
0.11161609145368 0.0654780827870359 -0.0569306956074192 0.126343431407834
0.0624946981692464 0.124357601775181 -0.134679269799278 0.0728477609538867
-0.0857220151828298 0.147669286226005 -0.123457727598045 -0.0497661881527756
-0.195721428650357 0.0328248949205043 -0.0198274686579048 -0.112172473014704
-0.195756148420884 -0.0962441978904019 0.0450865800219162 0.00019373355645468
-0.0993613486390824 -0.134192747412184 0.0893132472855159 0.0484344866351379
-0.160154486920149 -0.0709449284561689 0.0224696914921576 0.167401145346272
-0.152905337997337 0.0364196758890227 0.117770947711595 0.173925299149247
-0.040898002848007 0.126825679915289 0.176867277679785 0.0354224474591183
0.0627225287520704 0.103056876053759 0.113214090829901 -0.0659502944679046
0.106061573389583 0.0356915563038226 0.0496713227059471 -0.0845235245409361
0.090707459709696 -0.0343962921179385 0.020900840630148 -0.0603356853711316
0.0757762542163714 -0.0526036960896975 0.0169486026912138 -0.0116003767145643
0.0700744783422626 -0.0496972771628827 0.0344974991274143 0.0328513156377789
0.104112425992064 -0.0140563267253976 0.035453763685458 0.090065121900381
0.10471619705545 0.0587589077664865 -0.0170550692972775 0.132568529311713
0.055179354298681 0.119065789547657 -0.110499645313916 0.0996871766025796
-0.089789426398924 0.126394155001854 -0.113484393496106 -0.0193287839001885
-0.16909048898924 0.00498334755220203 -0.0106089034121674 -0.0936817320621567
-0.146024581520613 -0.0989613215531766 0.0852589546031481 0.033087071522743
-0.039605099945543 -0.106711587383688 0.130756351759591 0.097312870049189
-0.102158871496431 -0.0863642202693767 0.0349990291020755 0.171337351829572
-0.126658936424987 0.00123326214122983 0.0874396636084663 0.183818856985465
-0.0480568805984463 0.0950048277394246 0.144778995632054 0.0805714344140817
0.0433305567570631 0.0841507748650284 0.131092360914843 -0.0157240140179542
0.0814756147548602 0.0326200792579242 0.0927583736848512 -0.0702868770245476
0.0743561886452166 -0.0260285800828268 0.05796397562745 -0.0710883205275871
0.0629789954910658 -0.0457085908991577 0.043706407651179 -0.0288847624737742
0.0582787585379246 -0.0435873857822247 0.0616954096355598 0.0150713006873154
0.0850563298598252 -0.0122288693874889 0.0637833567461631 0.0778629440907179
0.0861387437919455 0.0509908847177774 0.0136632857126538 0.135398886432246
0.0363367834701417 0.106981893243978 -0.0911413959766274 0.115417100191587
-0.0940501414370159 0.0903495425706438 -0.10419375782308 0.00237091414617699
-0.128457038471462 -0.0306396672538319 -0.0067644784151649 -0.0737204057385372
-0.0762100164561902 -0.0959966797970944 0.107528969966204 0.0642529113697973
0.0255373109116759 -0.0595531074993946 0.154319052580598 0.124968162387316
-0.0298111463898444 -0.0741349292087466 0.0427245837160846 0.163950015385642
-0.0722567504935128 -0.0182655076659792 0.0688186940812259 0.180237545018189
-0.0327951017746429 0.0506714038664298 0.122426156375027 0.104029904754618
0.0233735280768866 0.0454482505953491 0.140941203193097 0.0130633942674125
0.0436440787814879 0.0204125496420353 0.117958959388204 -0.0635177323537039
0.0440492775377373 -0.0152368848873123 0.0811613410419861 -0.0782047956482109
0.0405834245407658 -0.0317464829469039 0.0625147674725044 -0.0419374908836373
0.0407981365037611 -0.0305917693554815 0.0813971895843454 0.00221516758808978
0.0600283221368766 -0.00805528339672534 0.0837109397743628 0.069301316550457
0.0611792032423146 0.038371385713372 0.034140930213219 0.138912370557636
0.0147410574813129 0.0860091809825899 -0.0793504346305071 0.126789774930392
-0.0887693149034285 0.0475657943406512 -0.10271582467459 0.0170380321871386
-0.074715791141739 -0.0593228028414375 -0.0092920822027686 -0.0575070666073482
0.000546583673795 -0.0809261252576466 0.109137025124534 0.089310180998356
-0.0575624963315333 0.0388877460107932 -0.142336434612254 -0.0871959582106127
0.0317435915119605 0.0475805552345219 -0.0137279671451005 0.0945265484839995
0.0491365204955463 -0.0104227991202897 0.131178053937154 -0.00452704632056854
-0.00760241472782418 -0.0446159766901218 0.0948085464620032 -0.148896135162393
-0.0312987960381596 -0.0107292171817979 -0.0522559130955546 -0.173137042220126
-0.0202748893638677 0.00777248192189841 -0.12354857518168 -0.0719301635801397
-0.0141038030068734 0.0163181789804696 -0.105523773699717 0.0130613920730891
-0.00574565588466383 0.0144511351619976 -0.0838548989138691 0.0551793164435646
-0.0079075902589967 0.00535183630292426 -0.0846616108986942 0.0860488877150813
-0.00364108124692114 -0.00545446156329152 -0.12205844076527 0.073795191764432
-0.00118069132934099 -0.00485826939515604 -0.15200454952364 0.00709657157713026
0.013721420609704 -0.00880066572183675 -0.124106835292393 -0.0965821814516224
0.017350630453218 0.0391839446823543 -0.0794555820317305 -0.175015856397974
-0.0375492720819605 0.0571957306117058 -0.0431549434299162 -0.190161801885284
-0.0967731558388607 -0.000957877288838423 -0.134802561035408 -0.139982547218471
-0.113501799297691 -0.00235610649786054 -0.122505316280345 -0.0948102408721598
-0.0345365837912416 0.055173149866185 -0.0131202073159787 0.103792407294722
0.01582912956528 0.031890016661671 0.146067485173988 0.0117238852679589
0.0117648059811287 -0.00189946049951189 0.115936118294948 -0.153416835155661
0.00515941518371114 0.00952597909274545 -0.043833157508278 -0.180944387427152
0.0178235364714861 0.00450780706259017 -0.120426504627599 -0.0791153611099606
0.0145463190787912 -0.00425621930648531 -0.105733184268298 0.007915421481978
0.0228447574444543 -0.00621442831297152 -0.0810182255057563 0.0540774865850165
0.0263219287087579 -0.010086946165415 -0.0768572557497657 0.09013737959122
0.0458030170016711 0.00286912950115795 -0.110103102877145 0.0901576351233496
0.0336609900091667 0.0381628110347853 -0.152941647101611 0.0377736716874229
0.00872889947518939 0.048027267216432 -0.143274592403934 -0.0679742849813035
-0.0413239246540357 0.0715646862175289 -0.0947391867078351 -0.158370133826046
-0.117342960317561 0.040385468078286 -0.0424409815873855 -0.168263737227495
-0.161562625059775 -0.048333603020309 -0.107601280120774 -0.110905869282529
-0.152827836468654 -0.0518445199118858 -0.0829872288069587 -0.0845415512421764
-0.105032110078545 0.0460729138407828 -0.00724116745597766 0.121300199081773
-0.0341014454719258 0.0701710753665454 0.161231926457328 0.0480737333652962
0.0220701735758194 0.0515659931535032 0.149504325933778 -0.137453871176891
0.0431031571312216 0.0373018864085312 -0.0158598716774156 -0.181439169724852
0.0593706890495081 0.0055777442169001 -0.0997186939053665 -0.0890897803172952
0.0454077025399906 -0.0222775340617265 -0.0915539300576253 -0.00584496344948302
0.0478553101393432 -0.0259223446296893 -0.0668531657509603 0.0443428566682886
0.0523562000170521 -0.0263539313575036 -0.0551882234000303 0.0862961597515028
0.0852777186766506 0.000758443692506147 -0.0790357052810035 0.105398585257791
0.073286021162111 0.0616038387912592 -0.13417687492433 0.0791283707487192
0.0282555504869947 0.0932296343738596 -0.157766555640522 -0.0176905175330019
-0.0718871162290365 0.114445571003722 -0.117199154051099 -0.126576812792948
-0.174218799360414 0.0437083577905653 -0.0398902162779275 -0.148397089708945
-0.205665018322968 -0.0750813628645807 -0.0628654726502466 -0.0738066064683426
-0.166568823676921 -0.0980159734134409 -0.0287428256698044 -0.0558772129424919
-0.161933265284779 0.0175980983494374 0.000177021111951799 0.141781712206144
-0.091719494393787 0.0895092800272977 0.16651839096451 0.0968046708199159
0.0146369384762622 0.102307223913536 0.182151903041904 -0.0952963156410963
0.0709785088140181 0.0691300099263744 0.0274607257107887 -0.164828745642318
0.0945223333884958 0.0130577841688874 -0.0604290725110547 -0.0978396351424771
0.0719553177793291 -0.0351639080696223 -0.0631776107915907 -0.0245795176863267
0.066852918276367 -0.0429644925619747 -0.0428408881222128 0.0284638323518559
0.0672808375240024 -0.0406490252544787 -0.0258238259996643 0.0739714480375242
0.108143034823756 -0.00793287673870714 -0.0377506453736082 0.109810176136039
0.103509267240169 0.0659148013069176 -0.096839982125969 0.113831071028579
0.0536207805835568 0.116981165608057 -0.15303799553949 0.037076627864919
-0.0791183055506909 0.145973043984348 -0.129598278133505 -0.085600325210115
-0.19935194639119 0.0499608113723371 -0.03293832983596 -0.130872714397212
-0.219360736438896 -0.0868262342866309 -0.00869091020247528 -0.0363048801595058
-0.148950514898842 -0.128643634936969 0.0330150354602363 -0.00871824415276232
-0.185001286822418 -0.0251281686564566 0.0131808060975572 0.158374549109126
-0.138626608100934 0.0778805630100005 0.15304762615223 0.143913402075332
-0.00992028471315295 0.132296425257555 0.194393754052067 -0.033060856863759
0.0780913858593284 0.0942682685918373 0.0756751968651304 -0.124986263643808
0.112764715182811 0.0237379294167813 -0.00803328003263521 -0.0975626860332262
0.0885407093176684 -0.0400759390358714 -0.0246573353017946 -0.0444202016252414
0.0756286282155183 -0.0531306560073449 -0.0129973542208166 0.0088102302808229
0.0715842455297337 -0.0497355487512995 0.00711627656669382 0.0546502620917341
0.112954065492016 -0.0155643515870529 0.0043180690818774 0.103189732597457
0.114576836783527 0.061431135412419 -0.0515375747153976 0.131584069591733
0.0662441045803675 0.121636080737016 -0.132199103142984 0.079564686379482
-0.0796696657223775 0.151072051511638 -0.127560960162654 -0.0472245019511452
-0.193977982653763 0.0397636708554272 -0.0241271896151379 -0.11380771738302
-0.199655600834239 -0.0914258168498366 0.0451861417042001 -0.00271149681320843
-0.105138849974615 -0.132289753474885 0.0903166073974275 0.045378821292056
-0.162547770096095 -0.0650613657281985 0.028318025951293 0.16938735841966
-0.152528002386612 0.0421897846908565 0.125408130390318 0.1731233290064
-0.0365634351150593 0.128487377088132 0.179569188491818 0.0295775424841504
0.0667905226686522 0.100292203021288 0.111970477405693 -0.0708205842811549
0.108227546395509 0.0311360672669556 0.0454762231742233 -0.0877034091200923
0.089087429794946 -0.0375399404112923 0.0171652668637453 -0.0609606607748739
0.0732265989936046 -0.0555104244223154 0.0171680784284996 -0.0121093265707048
0.0674625742814995 -0.0517874494499116 0.0373749056973824 0.0333150601527881
0.103089618593 -0.0175803299625272 0.0399625854384652 0.0895926305893526
0.10743112266795 0.0545571608779356 -0.011612660950502 0.13650390708987
0.0593880041220534 0.116608529717049 -0.10683307642893 0.105292725623257
-0.0848375054069746 0.130269942438191 -0.11620357283227 -0.016718973148085
-0.169548845502975 0.0110209174809498 -0.0150100187981963 -0.0949893215986397
-0.149972949701785 -0.0957351323479542 0.0863430902017171 0.0294728290624924
-0.0439583396832021 -0.107166518227285 0.133146022555614 0.0932749834126544
-0.105277513233008 -0.0835157162961171 0.0396218772943506 0.173034315259001
-0.127181159506466 0.00598974503558571 0.0951073052246353 0.183462146892424
-0.0444870814916841 0.0971240999309263 0.148991291277448 0.0764609002068481
0.0466981793319539 0.0818242511960328 0.132268959800008 -0.0205973668522233
0.0837041375868075 0.0291298748896884 0.0890497107003594 -0.0753395082879647
0.0728241339173009 -0.028994557024136 0.0533491157852646 -0.0734111793559983
0.0600919804593079 -0.0488410157601406 0.0429455963164286 -0.0307138061131643
0.0557211784712145 -0.0458177699411742 0.0639275289923677 0.0138746891859143
0.0844817448434818 -0.0154006478974056 0.0678128674359433 0.0764483284299098
0.0882915308697298 0.0472301866260684 0.0188177159167422 0.137348393229677
0.0402051885963413 0.105001155528975 -0.0865071783673376 0.12071476066874
-0.0902350283679764 0.0946210978028119 -0.105776566747431 0.00552186743198938
-0.130442760763984 -0.0260035460602876 -0.0103503450693319 -0.0750079788573203
-0.0806168976500853 -0.0951868108798321 0.109374158653245 0.059641848112697
0.0226485033982696 -0.0610170871102877 0.157070671553437 0.120775369581763
-0.0327377304447609 -0.0739220776431881 0.0464950456661707 0.164541732230566
-0.0730664797164018 -0.015525656485555 0.07592502414542 0.179946139677209
-0.0304741158372579 0.0517996101090608 0.127074995206313 0.102226652261233
0.0258289349575612 0.0439430086174506 0.143334859074667 0.00778917726925154
0.0452759568604314 0.0181154552737518 0.115392375505045 -0.0698155825128678
0.0431233576231716 -0.0171779461270325 0.0761557476248944 -0.081416420089286
0.0379261741156496 -0.0339480605557258 0.0609739462731102 -0.0433040623236376
0.0385689295687197 -0.0320811611640447 0.0826637360649349 0.000149485545871309
0.0593803608302817 -0.0109182619576045 0.0872600856217993 0.067644257184564
0.0627647925644163 0.0354818216968385 0.0395237597059783 0.140091025280421
0.0183381234198201 0.085327111019514 -0.0747259546871435 0.131605359406509
-0.086269236445677 0.0511477919989471 -0.103977121239349 0.020260935302909
-0.0784685026360181 -0.0574433095335093 -0.0125760363146861 -0.0581565587328501
-0.0025903722425477 -0.082063907264809 0.111669744437606 0.0846393960336141
-0.0720220035292304 0.0103877685813031 -0.0896760502387145 -0.133114120363178
0.00865365877940625 0.0562228521091999 -0.0469704421273587 0.0818927941314684
0.0504313851402205 0.010756700006677 0.125256690915398 0.0493250030172886
0.0107469274727697 -0.0428333807550254 0.148446904511658 -0.100678931676139
-0.0245722155953755 -0.0215391098647296 0.0233350522207242 -0.181997598374506
-0.0213633032586857 -0.000689081087149108 -0.0834254255612857 -0.117762784426266
-0.0187659203758048 0.00968291811723331 -0.101232132939058 -0.0313973829438826
-0.0106884923651573 0.0115812184354927 -0.0983510611931626 0.0159797380736114
-0.00904744481101542 0.00388903138089086 -0.112002336177297 0.0443413973025912
-0.00140815566276166 -0.00491137504901881 -0.143758880512009 0.0189415183264556
-0.000869141802224368 -0.00277299412910544 -0.141627716974632 -0.0562116268307181
0.0132562243340775 -0.00224921662407632 -0.0732220779475763 -0.143780073944945
-0.000834632765573147 0.042190722924061 -0.000403404968306193 -0.194290111572404
-0.057936753231506 0.0365032870265233 0.0368032621743253 -0.194797670997719
-0.0944250949901284 -0.038479587112756 -0.0613538299632179 -0.191260557770757
-0.104800255941756 -0.0544033384193214 -0.0711628387699993 -0.125959302052233
-0.054496182902523 0.0345590113653983 -0.0504122863954595 0.0948712467466613
0.00147226835840468 0.0352783146204299 0.133847075805975 0.0738408850581782
0.00933465273995095 0.00311240649804211 0.172958848997216 -0.0959032280585683
-0.000452204903347397 0.0128578078852321 0.0360844772710781 -0.187035355499837
0.0146417853980796 0.0123488105790376 -0.0765228563321177 -0.123663384224957
0.0153440646001447 0.0034704916384511 -0.0995409682732114 -0.0368361646749552
0.0240060913534322 0.00411569244261899 -0.09579912818294 0.0164493093562439
0.0283062325808109 0.00296604550662034 -0.105323394072871 0.0528024290922546
0.0406761081057547 0.0220744870097301 -0.138710370238954 0.0401888284919169
0.0150774309694015 0.0509280832142495 -0.155852983713477 -0.0277052697535571
-0.0137909502894299 0.0483113413845118 -0.103474606766993 -0.123778254555387
-0.0687708982871109 0.0502260887440918 -0.0227506454472638 -0.185863683624868
-0.124521708042824 -0.00916359261535904 0.0281527799363813 -0.1790535702912
-0.136863572385455 -0.107503652473494 -0.0447185895280774 -0.15465180569194
-0.119345860662322 -0.119165374459017 -0.0441747273698761 -0.0944971702372278
-0.114112991504195 -0.00468562081721276 -0.0541397025129647 0.117953320948185
-0.0605434875727849 0.0489764307008599 0.135415927158764 0.117700554222093
-0.00426762884010224 0.0548786209404097 0.200951231901255 -0.0668374190958008
0.0217223325812475 0.0538371001455528 0.0635695661721216 -0.177203045478963
0.0513785207595978 0.0303609822196649 -0.051605404710832 -0.126711973305104
0.0498828259456764 -0.0005730819118382 -0.0810253208150625 -0.0442963421334778
0.0546880186570727 -0.0036262020007115 -0.0788560955646769 0.0140893966320882
0.0584855673163789 -0.00144960187128779 -0.083570507197002 0.0588461622125622
0.078487952742897 0.0353843257156925 -0.115797497139739 0.0675630507243749
0.0430525976168541 0.08793299591169 -0.155699409831277 0.0196623681293845
-0.0139597402359796 0.0981531664102165 -0.138400401838125 -0.0818861920757216
-0.114263780431824 0.0795367811879524 -0.0579990229440385 -0.167334011770485
-0.179070151864942 -0.0274578193065225 0.0206554178100307 -0.162565612796911
-0.166430062158412 -0.149994544175443 -0.0183625456420353 -0.103437577790889
-0.110426161682614 -0.1689782908332 -0.0106603530403965 -0.0432481750420559
-0.152781442162716 -0.0557998581813976 -0.0593093050308046 0.14290927447855
-0.12231370994224 0.0416938047372889 0.118974562180164 0.169954209969291
-0.0330234697358552 0.0970124212521573 0.216850030108474 -0.0121675991623182
0.0329827426630852 0.09347320966475 0.0992962030147485 -0.143878448020621
0.0800932955558051 0.0514529650992546 -0.0119997936754037 -0.118583871393792
0.079267602041842 -0.000908334664563452 -0.0476547783752848 -0.0501348130274477
0.078570861595946 -0.0115347783270893 -0.0504278099056494 0.00907560668461375
0.0780060186749201 -0.00861466859988185 -0.0516563731809164 0.0601300457694895
0.102761344485567 0.0361781736498806 -0.0796949799315224 0.0895675909183019
0.069779805313554 0.103764063186348 -0.135636169594315 0.0674429035375932
0.00146913097544964 0.13025714284695 -0.157477578086062 -0.0284453392454463
-0.133563600571875 0.107424686251896 -0.0870351683183625 -0.134868702242829
-0.204688511291262 -0.0307384071579826 0.018351645076489 -0.145259302436995
-0.173844472413485 -0.16690703964303 0.0164898496215556 -0.0469541529716407
-0.0802143898266413 -0.189924016745625 0.0223209452790551 0.0242512828412483
-0.154519481145981 -0.104732559889662 -0.0579616463958432 0.16354794018166
-0.16011436541221 0.0111554987406393 0.085191632574523 0.211002920668245
-0.0678542323363705 0.113040144468147 0.203496668580604 0.0535551881550012
0.0288043664077714 0.119282961777199 0.12834578486987 -0.0868987524572286
0.09198809080108 0.0685704736046769 0.0368847732063854 -0.0967534207290359
0.0956184893395898 0.00090180953914125 -0.00418096364104785 -0.0525520686071115
0.0907771144834995 -0.0180054166926476 -0.0153719059797995 0.00312815792165545
0.0852878290745764 -0.0156603642087626 -0.0142147572154658 0.0561273726190693
0.110528003488386 0.0304222675288017 -0.0373281052335718 0.100691646023047
0.0828625692434956 0.103359820852599 -0.102146911143185 0.102178931603123
0.0120041534695563 0.139919641660157 -0.156028062645784 0.0204301576187173
-0.134867371124109 0.112302017899273 -0.101502696063776 -0.098540437883636
-0.196719932603125 -0.0380547012705765 0.0200573318602736 -0.125913372730225
-0.152495795390737 -0.163470974125147 0.0516006662389947 0.00771817886532394
-0.0368690098391711 -0.172641320559221 0.0507741688269312 0.0936331466817957
-0.116940453753662 -0.131939114596669 -0.0514686880447212 0.178000645831563
-0.157117154010288 -0.0279306363184492 0.0436788548527123 0.226567467779862
-0.0896781844451582 0.0986377641102591 0.161877967113714 0.108181049724072
0.0162410475237934 0.119760696170928 0.139305184838167 -0.0206336375860221
0.085026519463373 0.0735558454767121 0.0820339130227888 -0.0652414196411078
0.0950904783237136 0.00381251640412284 0.0405834787462217 -0.0503716574283382
0.0892390076172017 -0.0211557174713086 0.0205359208797044 -0.00346562783973181
0.0819076404391274 -0.0197741154099664 0.0228643847309309 0.0489625741739474
0.101944211767308 0.024557115919932 0.00110705883818656 0.10281472125313
0.0792287271986121 0.093633443233653 -0.0679659731666722 0.123235938283485
0.00840417793089414 0.131765247408755 -0.14375782178027 0.0558351216484265
-0.131401439162916 0.0919343966961994 -0.103438488119073 -0.0655375924862117
-0.162031916283648 -0.0555376810705063 0.0219249462990736 -0.10394741577964
-0.103276033344393 -0.148408202925352 0.0752003816437665 0.0569610448431109
0.00863463159403018 -0.120932582080747 0.071142206967599 0.148627920195783
-0.0576671029946619 -0.12282783121755 -0.0436666497501213 0.182421347047191
-0.11807956694262 -0.0494667784209881 0.00921894704067937 0.221760468652892
-0.0822567022955342 0.0668375431075292 0.112129535848946 0.139812712240786
0.00594012987789649 0.0933980421361999 0.135577509556455 0.036132819981848
0.0635207140119307 0.0613059985966219 0.115653064260142 -0.0347531119715513
0.0774797012760529 0.00430500151335044 0.078902620521297 -0.0465718620040441
0.0743719734290982 -0.0210670732939785 0.0516112846081162 -0.0096560704613647
0.0693039270061671 -0.0197479199176193 0.0539223849239616 0.0412641004563938
0.0849454982433598 0.0184140885681626 0.0313128821056721 0.101289491632712
0.0649345606655195 0.0784044545128364 -0.0407824714073488 0.136788760887265
-0.00372237583720114 0.114349354496623 -0.131040651320649 0.0777330320057007
-0.122276907978957 0.0566382270201576 -0.102575073874373 -0.0414185637399298
-0.112316329430218 -0.0754419683375862 0.0200606098244176 -0.0820006750197735
-0.0383221651999063 -0.121120856952073 0.0821041213191258 0.0975397522353091
0.0495882067391644 -0.0472946705006611 0.0846019237896302 0.176147835617394
0.00351176493105761 -0.0820953094396919 -0.0333596287760784 0.173629883646557
-0.0599367727256465 -0.0447648951390041 -0.00785772707450873 0.206267531850588
-0.0494434180062909 0.0329663496440132 0.0782526406514892 0.152819774239216
0.00373311827884083 0.0493751228263864 0.131961503757832 0.0677463020897906
0.0332344189325233 0.0354075692301234 0.13546630538992 -0.0175921892608729
0.0465366098905135 0.00258328770189708 0.103269360308184 -0.0445500123060376
0.0485413331868226 -0.0165404438407009 0.0730151600112221 -0.0144352281254731
0.0485747759734929 -0.014983207726758 0.0764859708547917 0.035884583491503
0.060128932980967 0.012759912640829 0.0524251955186879 0.100543361718256
0.0464034143092913 0.0578813874576387 -0.0228568926560827 0.146470115678966
-0.0153299779016688 0.087447190311749 -0.125550944016484 0.091861966095148
-0.102389738938373 0.0176392468280926 -0.106289145104692 -0.0273044726260593
-0.0524307639747609 -0.0847796909411983 0.0129917835706817 -0.0649066871744183
0.0294009045403745 -0.0789585287632373 0.0718595812515793 0.125507383227304
-0.0731519363914017 0.0124688869218385 -0.0941219472935759 -0.134519131296302
0.0107518567102482 0.0565433731842025 -0.0445379657057409 0.0865721717012711
0.0521284170365577 0.00935196189185547 0.131595510486966 0.0488188757840993
0.00968941969829218 -0.0446851024016737 0.151014129997089 -0.106032382964846
-0.0267905862457618 -0.0207120861780096 0.0193114766099151 -0.188769501636735
-0.0215418336507656 0.000643703956667974 -0.0876130865081734 -0.119906464266087
-0.0179136106711655 0.0113091269130042 -0.102461926187681 -0.0316361303783668
-0.00988948348413375 0.0127989121208634 -0.0994051365367667 0.0179234654902429
-0.00863496023988665 0.00475888986327272 -0.112497839684381 0.0484666042034248
-0.00222268413497168 -0.00415747523158091 -0.146130496316407 0.0236111264468642
-0.00162412570039969 -0.00247264540629076 -0.146660037377165 -0.0547088282296369
0.012764492962291 -0.00335487814254652 -0.0776505002187746 -0.14822171133955
0.000716829458737592 0.0426240020844147 -0.00427890876372253 -0.201238623291284
-0.0573625230177049 0.0374881956740002 0.0371297161830107 -0.201267930235812
-0.0976476448464787 -0.0371603314795339 -0.0634435056782188 -0.196054562977102
-0.108178555625407 -0.0538131518570596 -0.0755579083881558 -0.127536395415721
-0.0540028385569786 0.0359119025665156 -0.0476362669568245 0.0997894133295304
0.00282172142067812 0.0356479278327501 0.140828140753715 0.0741909040139144
0.0087372134659815 0.00251496046126401 0.17533288719445 -0.101803047803119
-0.000938769455959076 0.0132579829458056 0.0318434821268195 -0.19387609765288
0.0148573062399028 0.0130635738672434 -0.0812162685465644 -0.125665828773518
0.0164837770173792 0.00423954690848176 -0.101242940366066 -0.0358263491368955
0.0249984200205049 0.00464120959974425 -0.0966699414932499 0.0188661956892403
0.0296790640014058 0.00370422122063947 -0.105206099995458 0.057298058815263
0.0418330601289711 0.0225481908794254 -0.140817677955922 0.0460723383618585
0.0162145931189206 0.0522409541640473 -0.160873353489018 -0.0243282884368463
-0.0150109540369971 0.048934664840473 -0.108746538388322 -0.127102281272509
-0.0687694222651969 0.0516446749751465 -0.0274366692155062 -0.193601246456601
-0.126887754974647 -0.0080209920576978 0.0284654483636019 -0.184721713753819
-0.141778925383282 -0.108913579786644 -0.0461795074196646 -0.158730346176147
-0.124164407119718 -0.119681601095214 -0.0470200275637986 -0.0964092725677389
-0.115207130110845 -0.0030484275722527 -0.0524283222237457 0.12336252208827
-0.0608817578116955 0.0508555391764412 0.142105473738493 0.120207090368065
-0.0042244228464354 0.0555338272368252 0.204579693912903 -0.0725190154352179
0.0223869599031261 0.0547459603855492 0.0617563185276272 -0.184006459795868
0.0526256345961985 0.0304095313496566 -0.0563187563232499 -0.129044061879739
0.051340777145054 -0.000285858712625961 -0.0829852962477471 -0.0429457544263982
0.0560878550456684 -0.00411606377967626 -0.0795595181888795 0.016235862162002
0.05956100934022 -0.00115455330463415 -0.08241399369005 0.0633124839825285
0.0810015738901296 0.035474109571521 -0.116587511950687 0.0735994776897514
0.0455883788940342 0.0894898917333389 -0.159670493067063 0.0254481142877322
-0.0141771403159794 0.0995871291440234 -0.143743324536589 -0.0827079259576188
-0.115070997494143 0.0824207398384616 -0.0627881732333512 -0.173344743022343
-0.182641498641865 -0.0259870066659071 0.0201115808940931 -0.16871324529636
-0.173007683337345 -0.151890353273286 -0.0184576747688575 -0.10598530972932
-0.116397635849024 -0.171805170101891 -0.0121948396017533 -0.0444421143997124
-0.156223223981429 -0.0544758607353912 -0.0574374099099929 0.149130527053339
-0.124247219492082 0.0443892108010592 0.126574647639391 0.175245780053567
-0.0329865201614043 0.0993086311038041 0.221998483755243 -0.0163993586899047
0.0350366877540206 0.0950058709300091 0.0988325769948835 -0.15036905434649
0.0827187278505426 0.0510756290133065 -0.0152495168416243 -0.122106348981053
0.0805455419328299 -0.00114963281831739 -0.0500146386718257 -0.049501416331614
0.0795669241141643 -0.0125505735209971 -0.0507086052927927 0.0107701419882372
0.0785997265063771 -0.00867590592353108 -0.0496228630428983 0.0641601327928798
0.105828821507802 0.03543882880142 -0.0787753237256486 0.095294547747717
0.0737047383415149 0.10502933057434 -0.138192183507076 0.0744103720910832
0.00263315202355675 0.132913888043542 -0.162390829227314 -0.0263486711778301
-0.134197966115589 0.111659089902938 -0.0928492077677342 -0.139371362723266
-0.208972099496191 -0.0291840864706335 0.0177134221352461 -0.151274566554938
-0.181094349942551 -0.169705134811532 0.017224324742031 -0.0493072600897048
-0.0855401822167872 -0.194121378571862 0.0221929892733153 0.0236942929745449
-0.158738681661777 -0.104666933561677 -0.0564204527905343 0.170011387673441
-0.163835579390996 0.0132515481000094 0.0922960190533583 0.217029771389697
-0.0679488872897088 0.116329655696075 0.209749420821539 0.0514656361859187
0.0313657108461749 0.1214469086036 0.130262169205838 -0.0914172521792968
0.095763859141658 0.0680513729880393 0.0350165233727826 -0.101210141110849
0.097537805984256 0.000100516781728084 -0.00637847203179216 -0.0531852443162155
0.0918301497113265 -0.0199694219015324 -0.0148663548492469 0.00390643069372486
0.0860845850687924 -0.0164139383078105 -0.0117099653627785 0.059263607883377
0.11293767697778 0.029155058195838 -0.0356187276910382 0.105657982969989
0.0870716888015395 0.103999960858234 -0.103048822932678 0.110149213718834
0.0141964359616006 0.141629207088871 -0.159380514775341 0.024190151943454
-0.136311542661925 0.117688431415726 -0.106877451194699 -0.10156190799935
-0.201097899336479 -0.0364541958616581 0.018683916011675 -0.131986410249812
-0.158839939631068 -0.166908745630559 0.0530228612136576 0.0062352748547323
-0.0407964278747055 -0.177117202432841 0.0525554177641187 0.0941080398294588
-0.120891903471928 -0.133299342421054 -0.0513539863272177 0.184471258961802
-0.162019486266638 -0.0259602415623052 0.0489196540814739 0.234931484840501
-0.0898854533939111 0.102235881145096 0.168473253492059 0.109036322729599
0.0180667200283359 0.121462773343885 0.14249125792087 -0.0232304608184572
0.0885498617927352 0.0732496915769418 0.0820691254766119 -0.0695594858180487
0.0969307145545606 0.00214124682296425 0.0396101495511749 -0.0523663535748253
0.0900970693389535 -0.0241550883205424 0.0209214026563405 -0.00343014048019735
0.0828335860291056 -0.020743098111857 0.0260140253423493 0.0512536377912342
0.104624336155823 0.0228335107920783 0.00341720974728207 0.106821620780919
0.0828956877117178 0.0937324681529156 -0.0679750306250626 0.131202013625263
0.0104040773599794 0.134109199733189 -0.146049985046672 0.0605787434824704
-0.132414944133846 0.0964655862501638 -0.108343857526185 -0.0674324345578614
-0.167566920497981 -0.0552851994426457 0.0205934693571272 -0.109409117741479
-0.108141289236021 -0.151867159382347 0.0782249216140248 0.0555487071989407
0.00630645927461326 -0.125251449342335 0.0735291084104495 0.150742160426505
-0.0608945972144246 -0.125823725143059 -0.04425821025946 0.189048282485028
-0.122385640399159 -0.0489430728758057 0.0130557016923507 0.229442720884313
-0.0830945253057695 0.0700232321092054 0.117245386635654 0.14312015658352
0.00808922426112429 0.0950017822494379 0.140450053086689 0.0354127822476719
0.0665805953787744 0.0606872095181352 0.117211564015774 -0.0389634435451191
0.0789410112242984 0.00304235466195344 0.0784443402992321 -0.0488571525709027
0.0750008333566148 -0.0237812426985132 0.051961736906939 -0.0103271713293037
0.0697367947236937 -0.0210753401593134 0.0570655471254887 0.0425968954230649
0.0867945521559184 0.0174907211923192 0.0343509489160713 0.104587391531844
0.068343329755828 0.0787370858764756 -0.0396167872447376 0.144170290027874
-0.00170206387593607 0.116287100425695 -0.133272137260853 0.0834146960928337
-0.123379202763901 0.0607777297107753 -0.10714327258838 -0.0424050778079428
-0.117318523126333 -0.0762089394996627 0.0187983711854802 -0.0862767343789578
-0.0412123101247335 -0.12518209692664 0.0851221700338973 0.0973358661683035
0.0495982613754588 -0.0501437470328635 0.0879991146220483 0.178908739392462
0.00218421879425304 -0.0850599740434805 -0.0350704016908561 0.179830824674653
-0.061682937259917 -0.0445035955600092 -0.00537007580627009 0.213772883826078
-0.0489022523379079 0.0348144867758982 0.0827539880933448 0.15747855029074
0.00507489533105353 0.0501651684061526 0.137792157238055 0.0680171232508395
0.0353453906569945 0.0346022754677762 0.138241376458337 -0.0221120231961307
0.0473645003584592 0.00130359937904993 0.103348043922503 -0.0479941458156491
0.0485801658444394 -0.0184996703025135 0.0740903358579247 -0.0156794038337397
0.0488883357900892 -0.0165849138881986 0.079205319631702 0.0360950094702098
0.0616787413549305 0.0114712093531892 0.0552331422495785 0.103688244458131
0.0488735334896262 0.0579557731366765 -0.020262389191692 0.153249313834482
-0.0137034996221589 0.0893755448527186 -0.12712645748204 0.097663116516624
-0.103933513993908 0.0208320636150469 -0.110336417853418 -0.027340594345189
-0.0565330868218837 -0.0871877233230749 0.011250317599504 -0.0689059570135709
0.028714794978532 -0.0823510361361603 0.0748677680679692 0.126443921118235
-0.0755221537838711 0.0157464223875507 -0.10084421667459 -0.135493034947334
0.0136849471594389 0.0577567483545145 -0.0409858555913612 0.0917327613037652
0.0551178523812371 0.00716843647149121 0.139938485794637 0.0465388041216392
0.00706658013951308 -0.0461339916193137 0.153405878790763 -0.114645015676953
-0.0289706064822205 -0.0195795729564872 0.0128795862061854 -0.197423762913855
-0.0223837354795575 0.00199963579350307 -0.0948132727494759 -0.121451010794819
-0.0172698149057012 0.0123350761015417 -0.105246519130573 -0.0301268473918516
-0.00866623160284909 0.0138782115419277 -0.101384497429801 0.0215578854145596
-0.00806126529424543 0.0065833689036587 -0.113150865144928 0.0546516096154892
-0.00271196453290765 -0.00303083686654027 -0.149909787861999 0.0310183129685671
-0.00191302321898355 -0.00196107744523893 -0.153907749436681 -0.0517414478382535
0.011237216992751 -0.00434977069070828 -0.0862215902037472 -0.153446084845587
0.00306917650468487 0.0433211545226824 -0.0111534102026505 -0.210700806317229
-0.0574145209790887 0.0400425630201391 0.035121872013823 -0.211980165187748
-0.103280468656738 -0.0349060950430802 -0.0689909832538572 -0.201772152005098
-0.113888503018191 -0.0516569551012773 -0.0819168970297287 -0.129858875835294
-0.0533924683732616 0.0385204083404225 -0.0440201273587243 0.106203431715387
0.00457781560429724 0.0355615415053609 0.150270338387826 0.0733709214385363
0.00815717589758532 0.00174800628928946 0.17806734213966 -0.111546722215727
-0.00147581405935833 0.0148185940565141 0.025846772536876 -0.202845538198362
0.0158474361497587 0.0135166628473683 -0.088625609782551 -0.127731192310631
0.0177321997696647 0.00461075543668073 -0.104888670248187 -0.0339512458406645
0.02638016928419 0.00507014819930558 -0.0987168658400998 0.0227531272015327
0.0307373393887176 0.00391087256495228 -0.10486173339884 0.0636439266765086
0.0436097228527017 0.0228109799136556 -0.143353131708737 0.0539613289891537
0.0175699260478756 0.0544070516024041 -0.167781125706359 -0.0186376617718531
-0.0155094781829351 0.0505559707036942 -0.117208275191272 -0.130892676121389
-0.0687389595571231 0.0538194676115989 -0.0350408893230848 -0.202058174651528
-0.130322956292812 -0.00561332376915976 0.0260262353730506 -0.194265666383049
-0.150687246674221 -0.108282629072691 -0.0501756704068474 -0.164098447120776
-0.132696813655679 -0.120244167206445 -0.0516811943749865 -0.0989793374213403
-0.118356126575083 0.000713122286445337 -0.0486648304495341 0.13097559708704
-0.0607884671536403 0.0537172601863201 0.153869336331667 0.122206789257185
-0.00316314141980923 0.0567506301000384 0.209996189433492 -0.0820556092268128
0.0245488683751892 0.0559697711817161 0.0561863169608165 -0.193254634204517
0.0549923899892313 0.0297197014805545 -0.0630045851733028 -0.131889030852823
0.0532563008861833 -0.00121354643181525 -0.0865862422053302 -0.0413887756476234
0.0577452049934767 -0.0055502161718859 -0.0807203532810985 0.0198218290273514
0.0616748058116846 -0.00177898327845909 -0.0809440064477277 0.0695354849635462
0.0843334360060304 0.0341974594341806 -0.117601842136608 0.0827290108807991
0.0501342463817649 0.091679779887587 -0.164508289966749 0.0336170191951762
-0.0128712552982777 0.102789183507945 -0.152251869128108 -0.0824801992823219
-0.116259903297116 0.08761082703438 -0.0719898002276345 -0.180115457803068
-0.188791326887129 -0.0222701760336702 0.0177124002444227 -0.177350586446386
-0.183562708731825 -0.153138751552055 -0.0209914188189978 -0.110916039494557
-0.126145237146059 -0.17403900398697 -0.0141231474058998 -0.0468654619388988
-0.162247627311871 -0.050938603236846 -0.0539451465666346 0.157511000933272
-0.126984728480419 0.0497012543456571 0.138716107544564 0.179915873872424
-0.0311288445277097 0.103393110135514 0.229624882183314 -0.0247258865166735
0.0389885138844119 0.0970946836861133 0.0968653111344847 -0.159658588178439
0.0871780868242229 0.0498528167766973 -0.0208301747162281 -0.12667548511758
0.0831230537758205 -0.00330732862350682 -0.0531813255577193 -0.0496153222504002
0.0818306514374635 -0.0156545325266873 -0.0515638417553133 0.0135922882193662
0.0810487206962299 -0.00983252916396278 -0.0469673113335519 0.0696508180340929
0.110532550742903 0.0335298886190739 -0.077173852374202 0.103578772811647
0.0799505207403748 0.106462078921824 -0.140747177056004 0.0849469213629166
0.00528778023244298 0.136472494954696 -0.16941172334883 -0.021964824104703
-0.134795200316753 0.119549858306667 -0.102238200952632 -0.144659460609983
-0.217237198541624 -0.0245701358381083 0.014596789697044 -0.159895091343063
-0.19258275256487 -0.171380081767725 0.0175127583302914 -0.0526428303930304
-0.0949809312912582 -0.198092462221234 0.023792947285943 0.0227580494256797
-0.166732710103107 -0.104035802999833 -0.0533912834771122 0.179626831468289
-0.168810220237426 0.0195383463049368 0.103540649363088 0.225181859482761
-0.0669299095665364 0.122417074513926 0.219126154947008 0.0473288159659905
0.0364519499443672 0.124250852637881 0.131673725407317 -0.0989600934895634
0.101031782191416 0.0666376940380875 0.0319293167591537 -0.106230460349219
0.100656399567369 -0.00239110567394347 -0.00890418352066957 -0.053934261669244
0.092679898277582 -0.023516247465344 -0.0149639348582479 0.00533619144366142
0.0877831884945435 -0.018399583988508 -0.007427535732664 0.0627007436635182
0.117805514784347 0.0264047262068202 -0.0323323817299803 0.11258883670252
0.0937930402192387 0.104718958508927 -0.10348882883876 0.121152731580919
0.0180408656360947 0.145487305574521 -0.164885560677849 0.0312704974128698
-0.136568582392757 0.12604775429254 -0.11549090527439 -0.104011153363084
-0.209307425044625 -0.0319802749626352 0.015468095961281 -0.14006442815406
-0.169704905479099 -0.169982922493058 0.0554510293767688 0.00341078799069294
-0.0480789421662824 -0.183025332191473 0.0565847732063124 0.0950352298611206
-0.128673384469381 -0.134518458925005 -0.0484878060885713 0.194245544657433
-0.168534448964098 -0.0218086086456229 0.0589661720197413 0.243888672843679
-0.0901223744405304 0.108446641504347 0.177318636422528 0.108154506984415
0.0230201087227207 0.125149363514151 0.146986440796283 -0.0284259150370631
0.0943599767961855 0.0716410325809832 0.0815879253801169 -0.0752242369517442
0.0999401279386602 -0.000323303536731645 0.0378986100917228 -0.0552877125538907
0.0906995285903216 -0.0281836559211059 0.0213550931330382 -0.00346816084880128
0.0837988050194714 -0.0230022992221087 0.030327288653945 0.0529529373837807
0.108684065774377 0.020187564214136 0.00810522691140683 0.112539270357383
0.0888503072634461 0.0938698184959252 -0.0656191317390198 0.141363656724457
0.0144428218022987 0.138010911840584 -0.149394941706355 0.068647214559545
-0.133679752254101 0.104441228608928 -0.116133398447322 -0.0683945684290896
-0.175069467306847 -0.0524307465310313 0.0177889631605165 -0.116723478794866
-0.116836293027963 -0.155481236969916 0.081824568690463 0.053974910573209
0.00219976077332211 -0.130756011745922 0.0787861009785613 0.153835388546711
-0.0670846801088135 -0.129061147192863 -0.0419212400676516 0.19764716163717
-0.128362681422482 -0.0464573214374305 0.0204711978453533 0.23962360151864
-0.0837979464758575 0.075297277613061 0.125632693511283 0.145561767215707
0.0110757168660233 0.097715232351104 0.14704631188998 0.0326773608842076
0.0713538957167498 0.0597784921785669 0.119408066040602 -0.0445990653977869
0.081676824787692 8.71650181800488E-05 0.0782404980254151 -0.0536398823570998
0.0751985443849636 -0.0271259821619284 0.0531211715536134 -0.0120517804276095
0.0702145626989827 -0.0240060965653745 0.0612896237517102 0.0430866390386855
0.0901242516174217 0.0145865340613045 0.0394838366943827 0.109244116164253
0.0728713689802525 0.078494765550325 -0.0359352134693515 0.153317147387209
0.00232153639491049 0.120207697415412 -0.135088718880957 0.0920070808565468
-0.125321035427412 0.0668227162126231 -0.11357812531585 -0.0419033368774277
-0.124651884132632 -0.0759115845413292 0.0159302105861076 -0.092240447999902
-0.0471432795786694 -0.129987888278015 0.090660647464061 0.0973679091910489
0.0493981520995396 -0.0544413980715816 0.0943883669438747 0.183054397087301
-0.00110744041110905 -0.0887650317053212 -0.0338887477069946 0.188952067122763
-0.0654758649207161 -0.0438531834800933 0.000982239849564671 0.22298711626678
-0.048970283936422 0.0374855535146862 0.0907595622835426 0.162417905606801
0.00646389839954289 0.0510014211714014 0.145935406374724 0.0658587852141356
0.0384160428502909 0.0340540519431388 0.14112304930562 -0.0288088141228608
0.0487510820771814 -0.0009862785009913 0.103612840370156 -0.0535059189445383
0.0482267922623487 -0.0221298501433909 0.0750349659878256 -0.0178289003371165
0.049653473988387 -0.0188412090327765 0.0835417860067948 0.0353615466980055
0.0647674453193035 0.00839554862471614 0.0606558932769955 0.107011736778968
0.0520515126083651 0.0573288903681747 -0.0161049205902659 0.162015648324749
-0.0107363225825547 0.0932160903694388 -0.127995122019484 0.106506556677637
-0.106452097710694 0.0254117725303022 -0.11666439602618 -0.0254790001157534
-0.0629357157874984 -0.0883531689485638 0.00843320854254844 -0.0733884179455414
0.0265086753349632 -0.0880506248298336 0.080569795163154 0.127059995584186
-0.076274787306588 0.0205626844449823 -0.111098803951077 -0.133186439259097
0.0176466543779673 0.057797760539146 -0.0349159600352317 0.0963495860439863
0.0571794580867811 0.00331227497383583 0.147242948173281 0.0402477698383553
0.00380379931573152 -0.0478968607094779 0.151501157188561 -0.125407413245703
-0.0314240919959895 -0.0173685563352957 0.000606456841028197 -0.203775235364995
-0.0227439283599276 0.00422085294084077 -0.103828922646516 -0.119393913298416
-0.0159988253808406 0.0138004978713834 -0.108098431075606 -0.0267532766843844
-0.00697319801319023 0.015623088351606 -0.101498299124241 0.0275923845019224
-0.00693170975849095 0.00804222713495187 -0.110814647338305 0.062416260411755
-0.00373319909204853 -0.00205069043241053 -0.150799636973337 0.0418848439210156
-0.00296047432539462 -0.00123456770259612 -0.161058180834742 -0.0444142710395418
0.0100613307125549 -0.00547818255340124 -0.0975054662963644 -0.155639645238778
0.0066843363897031 0.0422533831171088 -0.0242654128248517 -0.216486466723524
-0.0554030249563148 0.043367745347453 0.0271835921660985 -0.220544997220123
-0.108029462817877 -0.0288773627212682 -0.0785678840159383 -0.204514541546056
-0.119408708744914 -0.0464211627123855 -0.0904125972070038 -0.128896735351581
-0.0516328153162739 0.0418210509508515 -0.0370771703186398 0.11090637588811
0.00717207815157872 0.0351901073043738 0.15970283264744 0.0674833140440932
0.00768361087627174 0.000946660330562596 0.176965414248056 -0.123478685394447
-0.00168770073418126 0.0158602723785293 0.0141067839768193 -0.209385268236075
0.0165760577602903 0.0136536068675539 -0.097856454582161 -0.125757041105514
0.019165826482746 0.00415481944869463 -0.107400238740723 -0.0292171183180618
0.0274783771872985 0.00391548001420653 -0.0980040132268246 0.028598929772941
0.0317472781497175 0.00390707677703791 -0.10106707341836 0.0713907778155925
0.0457216480997351 0.0217837439347083 -0.142380587441101 0.0655288633734577
0.0208993708751714 0.0552014141271164 -0.172979720953656 -0.00814998592675502
-0.015027381917322 0.0523819038728527 -0.128385966615969 -0.129730700604851
-0.0669831271846558 0.0574578313348267 -0.0479345863059792 -0.207942804322639
-0.132652580897593 0.000636315701388926 0.0187333254506857 -0.202592033443249
-0.160070327010367 -0.102803019887891 -0.0577487927243474 -0.166446291868907
-0.142303022993194 -0.115669107993874 -0.05781952047586 -0.0993492319935445
-0.119737341143188 0.00678743716606414 -0.0411985661628456 0.137081467347554
-0.0590781348452109 0.0577338145935985 0.166144502342525 0.118002175053416
-0.00132563000461959 0.0576335068107861 0.21027314268376 -0.0954794993841332
0.0276625752693968 0.056293678127759 0.0462150763351176 -0.201462606185036
0.0576151916860406 0.0279538543228597 -0.0724262106646993 -0.131192317158163
0.0549610028390915 -0.00324952800438431 -0.0895683788104088 -0.0372892504001616
0.0591472753562228 -0.00823452186203989 -0.0804233564028377 0.0248502767040306
0.0628743508604855 -0.00356276977344787 -0.0768490533332301 0.0763306099989813
0.0881896936775941 0.0305631050947836 -0.113677799881965 0.0931492342209897
0.0563049453469707 0.0916404554701747 -0.167214681215004 0.0461098234876739
-0.00961433056004194 0.105847280111675 -0.161279521874044 -0.07770124576728
-0.113782359270571 0.094945056319651 -0.084744669363392 -0.183243789503588
-0.19364549752888 -0.013747925282832 0.0100842805662282 -0.185528741689706
-0.197199103552492 -0.14797253768708 -0.0258816358824775 -0.113830640943492
-0.138192751230873 -0.171411295319549 -0.0177372962047574 -0.0478952673026553
-0.166718237104225 -0.0435647586361783 -0.04569761801637 0.16507354350736
-0.126779752503074 0.0574389694132034 0.153937242508833 0.178632522283949
-0.0272245333764891 0.106517636705199 0.233198370193425 -0.0374737464873521
0.0450492157172512 0.0972506227614396 0.0894879234401809 -0.168876458963496
0.0912106445916317 0.0456216586815208 -0.0287563895530645 -0.12785573509962
0.084827585373904 -0.00745601574206026 -0.0569406912135939 -0.0469586533672555
0.0820910976534905 -0.0193639123674052 -0.0514379280942885 0.0170216233749214
0.0822199685189029 -0.0133409097079115 -0.0414516448550162 0.0747220966971666
0.114499885551681 0.0285218365415536 -0.0718276531707667 0.112675944202893
0.0874395792297062 0.104612981023781 -0.139326046511533 0.0977546097715074
0.011749507462812 0.138839307238986 -0.175273216020896 -0.0142713104411223
-0.130825869361434 0.128887326481692 -0.11453053210493 -0.144762343482268
-0.222921948304412 -0.0141180902678746 0.00742904402752114 -0.167504500981248
-0.206180153656839 -0.166805857622036 0.0156164144150494 -0.0563810532789335
-0.108440679746771 -0.198119504157769 0.0246037633977723 0.0212572878449392
-0.174807310172438 -0.0977224314218061 -0.0456556637867681 0.18791022068972
-0.171444999829525 0.0287440610391149 0.119883994241454 0.227898644877016
-0.0624671754315917 0.128213561375103 0.226315800623811 0.0367403578485294
0.0436723066316448 0.124737794198138 0.129499537317722 -0.108690398191862
0.106648452216203 0.0619820409609776 0.02564029274231 -0.110688253014047
0.102712471565521 -0.00781466660978391 -0.0124890337641023 -0.0541995679664815
0.093203723622897 -0.0288197187834765 -0.0148691636720795 0.00692972547423728
0.0884015667520838 -0.021916190090519 -0.00219674182607283 0.065839516675079
0.121341544508275 0.0209723746195159 -0.0254906972298857 0.119124239919102
0.101293894874377 0.101614041637179 -0.0982215413156213 0.133946774388154
0.0252429044529238 0.147648906254052 -0.167200528184554 0.0409843572873302
-0.1316510506049 0.136461194821844 -0.12631285129391 -0.102273799013342
-0.216381467133643 -0.0225486825370878 0.00827880634141012 -0.147199617897844
-0.182904079998832 -0.166517437857917 0.0572082346957205 -0.00087274627349115
-0.0597552722185271 -0.185074820090631 0.0609003377481881 0.0933220081328097
-0.138003440257289 -0.131233285050231 -0.0410888376581658 0.202736377417856
-0.173620015698119 -0.0132302883873246 0.0746807963426511 0.249397362147606
-0.0867960603508787 0.115223094892793 0.187181284190233 0.102265969978856
0.0302654090409144 0.12624855014193 0.149742575517031 -0.0364535975685883
0.100334221543532 0.067656555436496 0.0784179841336142 -0.0823460544223387
0.101932970348326 -0.00568286201147956 0.0347625119936192 -0.0579332972001504
0.0903889616473875 -0.033938775371868 0.0215374013486348 -0.00426281686451486
0.0839647869226967 -0.0274317128316486 0.0353707498686082 0.0538064022564204
0.11223787927274 0.0140592632157709 0.0155752570485482 0.116530065659986
0.0961326879722316 0.0907394934367824 -0.0585126234424027 0.151976301363445
0.0221620939980601 0.139561221229687 -0.149096062915012 0.079397336945357
-0.129941918288598 0.113850228768652 -0.124340146300451 -0.065407843566408
-0.182874704842909 -0.0446916935039365 0.0109133560148061 -0.122973857164275
-0.129045923770054 -0.155159042534225 0.0864247624641369 0.0500779693869965
-0.00516511266335659 -0.134748029826082 0.0866866791453829 0.152856199130378
-0.074565723165285 -0.129414348632681 -0.0354126516949714 0.206481761072087
-0.134363668099009 -0.0403912713145019 0.0347057674571778 0.2466494110802
-0.0813884462201277 0.0811003751397393 0.136439233955294 0.144434314229001
0.0168237630116712 0.0993315153596487 0.153327811293822 0.0260420640706346
0.0762323701685506 0.0563309251034897 0.118087469410109 -0.0529425725715653
0.0830195293303265 -0.0048182279983982 0.0754493457298366 -0.0589679315330372
0.0741817337468795 -0.032658473405583 0.053449218517084 -0.0143789296067043
0.0698588911953301 -0.0279100505431362 0.0666468650856178 0.0413185154710558
0.0929801846072151 0.00939949806113683 0.0471956201496094 0.111203543434972
0.0790449282449679 0.0756076996459626 -0.0276225712949701 0.16270928474917
0.00877480590049805 0.121705736198382 -0.133642191306479 0.102395711244756
-0.123939151679277 0.0760809680351682 -0.120412522603582 -0.0376963442644796
-0.132973185494875 -0.0716438964728337 0.00983143382658788 -0.0970117142747331
-0.0562535554780431 -0.132131759703572 0.0978498932301628 0.0936572843432166
0.0465791034015831 -0.0588117564752715 0.103220872810176 0.182660497448917
-0.00654791963217885 -0.091969521885105 -0.0275685373800307 0.196736791273203
-0.0697369783108574 -0.0409925698221608 0.0125162438073609 0.231165014132638
-0.0472627917587716 0.0412676947909892 0.102042137027325 0.16350978965479
0.00978376561511261 0.0514748462031856 0.154160237453068 0.0602021237547345
0.0410855592043577 0.0318829186043874 0.141152402072976 -0.0381942457164182
0.0497851311240949 -0.00425389585328831 0.101871973241508 -0.0602201068676261
0.0466861430638495 -0.0258762633716123 0.0758727716886379 -0.0222559674207787
0.0489435077267626 -0.0228984735790912 0.0876432737358335 0.0321279968992348
0.0664535136129535 0.00459123965494915 0.0678906549714671 0.1081535888149
0.0568544374159195 0.0551653796015737 -0.00665410228738896 0.169036212939921
-0.0049182926684764 0.0954359523931443 -0.125621267620417 0.117665026218062
-0.106963441747145 0.0329038301252127 -0.122411213495541 -0.0207216704769215
-0.0709471790891561 -0.087704562084442 0.00325326316123913 -0.0773827159151081
0.021487307511866 -0.0924463871640367 0.0894827641591368 0.125124040899404
-0.0746500172037133 0.0251797654651135 -0.117653433449703 -0.126076580022694
0.0213309982831031 0.0556811420421203 -0.0277489996410879 0.0970344358586359
0.0571179243291406 -0.00112584654773262 0.149548726269018 0.0309388226749022
-0.000103604053623847 -0.0472696013521507 0.145057685578472 -0.133587300120211
-0.0328012222498602 -0.0143799238291285 -0.0118218085611461 -0.203320921549834
-0.0218511588059822 0.00615679424145319 -0.109791100617192 -0.112966081269579
-0.0140426571876249 0.0148289786029252 -0.107149969495404 -0.0215125087453464
-0.00509894208111646 0.0156037248717824 -0.0981665008473602 0.0325731648710499
-0.0059274503346007 0.00899958692209075 -0.105031816302437 0.0679724966241531
-0.0032301789621937 -0.000868674653079328 -0.146005285405301 0.0513712033250226
-0.00347135060104268 -4.57407645614223E-05 -0.162708699173706 -0.0343437153734042
0.00823753519951187 -0.00621338508472846 -0.107575192743724 -0.152079859663102
0.00966068032994293 0.040103386849079 -0.0371824835053276 -0.215751089504926
-0.0518281917291908 0.045801788846326 0.0173812873567898 -0.22277203396258
-0.108672219460643 -0.0220217990814502 -0.0870023460033546 -0.200408696343027
-0.121250398517262 -0.039029563772746 -0.0971678579324877 -0.123514672749222
-0.0478301021057829 0.0435304997752594 -0.0287430774329832 0.112460914476202
0.00988521453504008 0.033504624432398 0.164052256351428 0.0583659469080301
0.00658935942780079 9.33269041569784E-05 0.169456940687547 -0.132376701769488
-0.00115751587344212 0.0165265269052258 0.000953912792757102 -0.20908929970334
0.0173093243504331 0.0132741092851724 -0.104721850030944 -0.119551226031751
0.019946407490643 0.0036407819741051 -0.106781613353783 -0.0235693226060772
0.0285650993921667 0.00270901647079171 -0.095304328138885 0.0341857317582493
0.032640261180497 0.00284824990175061 -0.0943256497951107 0.0769895046783009
0.0466079517682838 0.0200999717580944 -0.136252638794569 0.0753042731115556
0.0234775108779927 0.0545074206943368 -0.172835084452837 0.00316218237927654
-0.0136705034424545 0.0526073019795439 -0.136207212924119 -0.123364469201195
-0.0629210631658527 0.0594767310361782 -0.0606007104554255 -0.205451668321936
-0.130962609144041 0.00646293276138016 0.00921472254944183 -0.204635279486382
-0.164571950148612 -0.0933052087968902 -0.0653395861062988 -0.16339938286421
-0.148082490723627 -0.106055213491912 -0.0641284379746292 -0.0959517124827037
-0.117036845849269 0.0131419695137735 -0.0320001723892066 0.139138416050732
-0.0543539006318385 0.0596508881613661 0.174117099402424 0.108613351794478
0.00143152616783068 0.056836671786656 0.203964531989708 -0.106152204340882
0.0301294180407518 0.0546632491658215 0.0337343302362478 -0.202698258945211
0.0585075483535312 0.0246053840247383 -0.0798187599612601 -0.126241838136756
0.0542338561429131 -0.00558432074726502 -0.0903761384498721 -0.0320634690069937
0.0589388280597303 -0.0108743356437547 -0.0774297123131238 0.0293487629919209
0.0628109567558967 -0.00616595514321208 -0.0694078577926763 0.0809604732297071
0.0891339859906488 0.0266011025743481 -0.106151634598692 0.101387578140469
0.0606341547832162 0.0878830298712175 -0.163490333573727 0.0575990894339455
-0.00502421070683744 0.105598465508826 -0.166148547082449 -0.0690715769859879
-0.107583630511878 0.0993048295663632 -0.0966972837961605 -0.179592437345399
-0.192644006396765 -0.00384594246669404 0.00168723257757708 -0.18765919664298
-0.203909991782541 -0.136871216661162 -0.0305020356110465 -0.113119826211445
-0.146794193545882 -0.162370665698083 -0.0210634166812017 -0.0483323380179805
-0.167158627761654 -0.0346632279341174 -0.0357871464253742 0.167086763369047
-0.121868248780102 0.0638693199041939 0.164812245579074 0.170648437645056
-0.0213336795622903 0.106933426816075 0.2299942371348 -0.0501731183562604
0.0498066852986085 0.093996370072141 0.0790724903908576 -0.172714787712455
0.0928294839513508 0.039996153248885 -0.0366628088992812 -0.125586528377339
0.0838600699128074 -0.0113842250825431 -0.0589906432364597 -0.0429239612626044
0.0801483547999601 -0.0233553533605847 -0.0492732439539123 0.0201725678350141
0.0811215196477191 -0.0165329899118451 -0.0344254017066783 0.0768331834420904
0.115220952249699 0.0224993749355055 -0.0631742143434326 0.117933664227228
0.0932168058924382 0.0985928361777677 -0.132105692874804 0.108362411645934
0.0183166911544943 0.136770522735538 -0.175954875790929 -0.0046414915608919
-0.122641756634746 0.134536667814284 -0.123565680331421 -0.140117578446281
-0.22214036687167 -0.00232925941428812 -0.00143141843477446 -0.169655969742113
-0.214338337241603 -0.155679605787492 0.0129781827859634 -0.0584644341810344
-0.118808793342691 -0.190426182546069 0.0243705181569446 0.0184983857985044
-0.177905784433187 -0.0876636550832033 -0.0353946334674693 0.190745647616905
-0.168409417882321 0.0377648622048585 0.134014079211741 0.221831329905425
-0.0554168744965796 0.130603982412524 0.227427705631866 0.0244159655727667
0.050683311547626 0.12138812459283 0.121750616492538 -0.115110692315519
0.109225676513911 0.0548739752989181 0.0181879341878577 -0.111725945917878
0.101185361941457 -0.0130738420753625 -0.0159324054362513 -0.0525334569343326
0.0900185740289901 -0.0338773615327944 -0.0140416924353029 0.00846334071190501
0.0862366655060241 -0.0255548137501068 0.00388979022827064 0.0655985779740925
0.12162387815075 0.013786756244263 -0.0169678773172619 0.121860086683869
0.106439667704119 0.0950196601140424 -0.0893162125589123 0.14196462817955
0.0326613607024496 0.144929340248485 -0.164421577228925 0.0507116499057246
-0.123295504577549 0.141439025331082 -0.13309046091888 -0.0967763625614548
-0.216632087659937 -0.0113484909207704 1.08776827301016E-05 -0.149407960038768
-0.191423436619192 -0.157111420422466 0.0564805844585791 -0.00549973301205444
-0.0698722308775402 -0.180182863486684 0.0638784027775045 0.0887761791703749
-0.143722539531777 -0.124094165634969 -0.0309866042576149 0.205210887683128
-0.173176202070549 -0.00395469578000087 0.0894266770454164 0.24622243012305
-0.0800473597762004 0.11921893560556 0.19174225203701 0.0926247217662393
0.0374469628766045 0.123619268213891 0.146794209261255 -0.0440021042235828
0.103427456739221 0.0606440777665159 0.0719757420646803 -0.0862144165066754
0.100488188820005 -0.0118126641231306 0.0307071969258807 -0.0587037150746482
0.0866131274736862 -0.0382598137698603 0.0211865308399006 -0.00441507561746701
0.0811280750109412 -0.0313028478728516 0.039733196761278 0.0518688648870972
0.111848067240709 0.00756084100955753 0.0231581389705387 0.117092587018984
0.100301182788232 0.0846924901987808 -0.0480629181315549 0.157963737873447
0.0294993727168577 0.136579659330295 -0.144242675682166 0.0876550808315784
-0.121684179065159 0.120837305967236 -0.129547076306875 -0.059434003377333
-0.184615559899939 -0.034519738027894 0.00293438386210281 -0.125115642416996
-0.137129429539452 -0.148348928017108 0.0885870337225667 0.0437783267234558
-0.0129970228048207 -0.133637163010814 0.0923238400630278 0.146953867530697
-0.0819054130927192 -0.125264898874469 -0.0259942231828592 0.208646667292017
-0.135676298349228 -0.0330132607153522 0.0485973165531165 0.245563436591475
-0.0761555811085962 0.0850952847102349 0.143326086904943 0.137767235461592
0.0225711920619904 0.0970566355980283 0.154672576286013 0.0174941180393944
0.0785673403260156 0.0511962503067102 0.114071708594587 -0.0597587238050101
0.0818201719658915 -0.00971710393497923 0.0703990229574891 -0.062098838798531
0.069714627739462 -0.0366355598117595 0.0517078658110526 -0.0158760511406392
0.0672457083363146 -0.0309976215375054 0.0690819334348146 0.037700368104656
0.0922464910130978 0.00330235091629503 0.0540033695816728 0.10976434928221
0.0827152464408975 0.0700771493253579 -0.0168054097565005 0.16604231131381
0.0159712565981614 0.119858535351711 -0.126696512619522 0.11033385103898
-0.117638338607511 0.0826397579253427 -0.123567621959288 -0.0321145765627246
-0.13738928162804 -0.063595464949628 0.00292794691004921 -0.0993294995803967
-0.0639632170526357 -0.129194286870146 0.101725386611724 0.086723933183474
0.0423883811735832 -0.0609327024526801 0.110976488156936 0.176451018354366
-0.0121387247225965 -0.0914428824778021 -0.0196344996034261 0.199858300849024
-0.071363497331417 -0.0364744751337287 0.0253711941209977 0.231241989170058
-0.0445130747478568 0.0429122313982605 0.110825670080449 0.159166506445397
0.0131118674782959 0.0502057045652752 0.157619335570115 0.05169957012683
0.0427787655576096 0.0290540334404847 0.137330668985828 -0.0456033232924898
0.0486440423005436 -0.00803777182327674 0.096027930884371 -0.0655335917706934
0.043394094328851 -0.0290621419811174 0.0732135275724625 -0.0248437466993066
0.0462439852252765 -0.025300478047489 0.0890558325078582 0.0277691474440819
0.0659748111770718 -0.000637863139689741 0.074585660088278 0.105706823186144
0.0590876752576391 0.0511911406677084 0.00394037608303942 0.170903592969838
0.00137147379836625 0.0946391808062509 -0.118447705307417 0.124413886377896
-0.10356575268055 0.039174957464584 -0.124087582808698 -0.0139989907103306
-0.0769439230359588 -0.0829004152341213 -0.00314891999154295 -0.0780289109493725
0.0147389484559698 -0.0934160808596345 0.0955845767817093 0.118478147421357
-0.071525483968274 0.035657101052577 -0.123665265727862 -0.110423921885684
0.0276610246821298 0.0513664614105925 -0.0141175979293955 0.0950142106055867
0.0561351725994023 -0.0103104874321934 0.14832674235193 0.00978271391265678
-0.00562957495551139 -0.0461626580533918 0.121672940846288 -0.14898232400361
-0.0324774318286504 -0.00925937237276654 -0.0389332148503635 -0.194938321314533
-0.0203220652336273 0.00930850031025766 -0.120617692650889 -0.0965194522122116
-0.0119508557406945 0.0162554987858712 -0.10661521229868 -0.00885608442433187
-0.00169010245135683 0.0160265368631817 -0.0891893922524739 0.0431690952164652
-0.00354289008566482 0.0100265543255189 -0.0911682527526733 0.0788138511900969
-0.00202466525714001 0.000743334864019277 -0.132626050506741 0.0697012857852244
-0.00255089926245689 0.00163131187035695 -0.162356148488417 -0.0130520530053982
0.00495961865527375 -0.0044349063787106 -0.125286409082864 -0.136774417145292
0.013691290156852 0.0371576150688941 -0.0619155640507864 -0.205324080296149
-0.045471988331439 0.0501210766523564 -0.0112737233944541 -0.216274231763026
-0.107903501197994 -0.00379854482589809 -0.111667238580889 -0.186717572119527
-0.126679913764035 -0.0220220274794402 -0.0993453606624933 -0.106377270291446
-0.040314903674848 0.047344633182501 -0.0110801727835656 0.110844858613113
0.0143687156459138 0.0289864448190947 0.168992370769742 0.0338214536299753
0.00591432831873231 -0.00135135936275388 0.146004243445779 -0.152776042822039
0.00171702454969353 0.016326702999566 -0.0276621606746135 -0.204234900013438
0.0181379297878031 0.0115758915175751 -0.116218960224378 -0.104053051547303
0.0191037779541079 0.00176628125345099 -0.10607081902301 -0.0115593839281835
0.0285344969753262 -0.000295945609845656 -0.0854712859999162 0.0443660377349911
0.0329694608976558 -0.000408390888270975 -0.0789671552823132 0.0858095403357105
0.048320581312647 0.0139459148821922 -0.118458279382054 0.0912775777836724
0.030778791862612 0.0502079964366514 -0.165180952299296 0.0247123538927367
-0.00894873429423729 0.0539647706797813 -0.149237511787144 -0.104304148024318
-0.0531559717666355 0.0647259860542465 -0.0852149658465606 -0.190877481680921
-0.124547347554196 0.0225154714848838 -0.0207674601643151 -0.19772913648855
-0.169450570777296 -0.064897648495864 -0.0872067218424608 -0.155721418684395
-0.162282787367949 -0.0846476809137383 -0.0601492492092669 -0.0792303237620104
-0.110530025136788 0.0257474379315784 -0.00817891415166474 0.137688797205862
-0.0441353923003916 0.0624326399937547 0.187634046758532 0.080278991252865
0.00708386776721088 0.0532495468902383 0.184091385280696 -0.133095701994503
0.0361107703432643 0.0491772831686344 0.00465362588813092 -0.203805887195314
0.0584504165977561 0.0174230093073658 -0.0937074113317598 -0.114591255080519
0.0511209453953341 -0.0114005918474204 -0.0915277671116834 -0.0225608336476657
0.0556388574012436 -0.0173213407879544 -0.0696439437057443 0.0378252187515045
0.060498583425077 -0.0127619425208492 -0.0539030179900205 0.0852539877004292
0.0892569652123984 0.0146681180471814 -0.0852322875880331 0.111656788741622
0.0711996345644419 0.0771318303223417 -0.147734892156588 0.0763901373868118
0.00643376606019606 0.10281383558565 -0.169357753366206 -0.0463710230566595
-0.0904769912777832 0.109460587670364 -0.116841865877293 -0.159611011921687
-0.183829218545802 0.0202542858358842 -0.0301554837265109 -0.178988357269446
-0.211967216998409 -0.101046486640216 -0.048530062874437 -0.111937794577018
-0.169211813794424 -0.14025512556247 -0.0125243291015209 -0.0332832595421694
-0.163762185089771 -0.0145515000203826 -0.00736689016870857 0.168163103233837
-0.108278614467181 0.0751478922585475 0.190218402953243 0.143026827110487
-0.00890467516529121 0.104199080688884 0.218583637239032 -0.0836013145188787
0.0597301066429589 0.0849265042947863 0.0534636729434254 -0.182665552445717
0.0933005443328546 0.0279518920478689 -0.0527433548290576 -0.12096347943064
0.0785066772595124 -0.0202050961067392 -0.0627223957955515 -0.0374842580155517
0.0742685388843713 -0.0323306722001155 -0.0439015749283779 0.0260948413787108
0.0766624459115939 -0.0250100069965381 -0.0208071795945932 0.0776620652029266
0.113149239387283 0.00678000142748484 -0.0406633995485517 0.121441430086045
0.103074375192264 0.0830552471487941 -0.110704057889083 0.121688964179722
0.0335566568795863 0.129895821281441 -0.169682076769281 0.0184147523232327
-0.0990710937392963 0.14540229373536 -0.138225995849136 -0.116026619020862
-0.211567369289914 0.0249769945561263 -0.033535390925221 -0.160178087406408
-0.224165559172417 -0.119232986239619 -0.000394011720309509 -0.0648821896226112
-0.143413725599723 -0.17244230697386 0.0377224262640469 0.0282716575909121
-0.180464569356402 -0.0647061679582487 -0.00430422354468847 0.192767208615899
-0.156559883593354 0.0562941992016107 0.168399549369695 0.199646107326177
-0.0387289049723723 0.13130286586225 0.227901563495558 -0.0108385899312966
0.0635461720801273 0.111450504203854 0.103773997215226 -0.133414591199447
0.110777116440111 0.039893920701982 0.00291101290096057 -0.115465867586055
0.0951628014513263 -0.0238047863392077 -0.0217404307554698 -0.0523526314172147
0.0816758399985527 -0.0423215517562701 -0.0115446568158587 0.00993818620980249
0.0801755413026163 -0.0344175366028389 0.014526832562715 0.0617710341794378
0.117454222585524 -0.00229325067638619 0.00388928249565046 0.119302160482473
0.115032767702384 0.076919120613381 -0.0647862407074852 0.148134617506033
0.0493039116184779 0.134346058986615 -0.150228668500189 0.0706103584104609
-0.0977475358277868 0.152941798977661 -0.142114320481383 -0.0724159088997926
-0.207608057265681 0.0168828628972918 -0.030188370335125 -0.14100156144922
-0.202365721160082 -0.124191981967067 0.0488190809686633 -0.0187352571869511
-0.0927608668240817 -0.169044467410145 0.080338268759391 0.0923074597235862
-0.152348836585237 -0.103660975277265 3.45954248873617E-05 0.207938862884378
-0.16597474792419 0.0169889357351186 0.128074482091062 0.231037638374433
-0.063702138231313 0.123166015001497 0.204378181521459 0.0617399948414542
0.0507329963226497 0.115360268343877 0.138801311519706 -0.0679264362208902
0.105972110049836 0.0457111458217578 0.0581162470093226 -0.0974441278137338
0.094701691025742 -0.0227864432553642 0.0221893160076025 -0.064017388335389
0.0774498273397896 -0.0468793370135001 0.0207421043669934 -0.00635674243540926
0.0739559101401793 -0.0393524193639302 0.0472009028546546 0.0439486887302193
0.107158442214657 -0.00727047917438849 0.0413481913754987 0.109475229664314
0.107570042160087 0.0671803662388379 -0.0233044633538078 0.159521175623148
0.0461171068303016 0.127012414831519 -0.125775693521988 0.10488596078312
-0.098635906799661 0.132634470323125 -0.134758729249535 -0.0370138990995552
-0.180826949089722 -0.00961813130952411 -0.0239709372696461 -0.119183803858996
-0.149518731063633 -0.123385394116988 0.0871461316114466 0.0258613721534265
-0.0302912834777797 -0.13060743107214 0.108753671798037 0.142474186616531
-0.0933493451971586 -0.112063531353461 0.00249551873757831 0.211365983522077
-0.133546008684767 -0.0156748477472007 0.0852684769411313 0.236822282205874
-0.0637592879104071 0.0898437214025419 0.162657312911337 0.113506918242494
0.0335628953057516 0.0911095614242079 0.155401510353283 -0.00727697054394452
0.0819970293792443 0.0392577840313343 0.101475551386122 -0.076091126441374
0.0767944332066834 -0.0196178793389558 0.0604697102891647 -0.0715509732942062
0.0614012281107154 -0.0433396454064197 0.0485875433919747 -0.0212122263775926
0.0602455743066572 -0.0386980785400327 0.0732270182093225 0.0272613477722657
0.087548140758235 -0.00877817755765042 0.0693847482067172 0.0992261613634998
0.0882213729555726 0.0552015620828717 0.00808800812974475 0.163517985443657
0.0314171428248118 0.111908215997433 -0.106646026838984 0.124964544512804
-0.0994325467824182 0.0960227877476417 -0.125819522585102 -0.011284390379416
-0.139634865669896 -0.0423255270822104 -0.0192659433927021 -0.0959091427335937
-0.0779278890632638 -0.115233705851881 0.107745261996675 0.0668780274100209
0.0345755506963744 -0.0658853241836081 0.12457470103042 0.163975040602128
-0.0226013246092872 -0.0866825237086557 0.00487349896143876 0.201121287977016
-0.0722030817587459 -0.0259660952141514 0.0574022392958344 0.225120052608084
-0.037057928203361 0.0460254180972656 0.133432915776813 0.140406966239488
0.0190151850220479 0.0471536805926213 0.161819838987252 0.0266464938293531
0.044669670635396 0.0220494640764274 0.126720386252399 -0.0642492334188541
0.0455191972378735 -0.0143655432712909 0.0849865742376669 -0.0774777363058097
0.0366741496361121 -0.0332722673319263 0.0669117659382836 -0.0325821635893572
0.0405330673115888 -0.0306338329979374 0.0906554467197473 0.0153324598396672
0.0618423352896744 -0.0103833392665879 0.0874827114144846 0.092942128903517
0.0638594157515504 0.0392503863319226 0.0276324448034584 0.165607448928595
0.0148962840988238 0.0892036654270108 -0.0976152271451144 0.137682239417278
-0.0920730222361984 0.0536776187890724 -0.124677523508565 0.00510325698427389
-0.084839956170763 -0.0672691396417912 -0.0201428526376828 -0.0770359680626495
0.00123509975268491 -0.0913954298016101 0.107869050497427 0.0995003057673155
-0.0698989894681303 0.0350134290736121 -0.120296736040829 -0.108265451730607
0.0267459819348409 0.0493839438248928 -0.0138475841722965 0.0921349586556988
0.0542931642520188 -0.0110248159008186 0.145504975596938 0.0101276928634154
-0.00593306351817425 -0.0449772877676494 0.121672383677142 -0.145152764350346
-0.0319788599163696 -0.00814438819381573 -0.0381291843941046 -0.191422765267242
-0.0193354567966966 0.00949644309505635 -0.117362345019803 -0.0956515308295164
-0.0111008846534788 0.0160238688643769 -0.103599335126384 -0.0114294709530409
-0.000533197691019275 0.0157326419973322 -0.0865173652333679 0.0409971859397584
-0.00194421924797988 0.0102964318193714 -0.087395037565275 0.0754025479276298
-0.00142290606960097 0.00166885050619567 -0.127799220999596 0.0678665443075996
-0.00284951702968361 0.00269025552382114 -0.158089677836502 -0.0134958908855812
0.00363728400470746 -0.00407488024823995 -0.123485923199828 -0.135077767444933
0.0131192071839248 0.0346559742140245 -0.0593682894686732 -0.201491966349186
-0.0436387857897124 0.0480393104111431 -0.00790875686071769 -0.21429415683884
-0.104577407835511 -0.00392537887352524 -0.105197104421471 -0.184324811451351
-0.123174588758269 -0.0218725990699471 -0.0966120196170864 -0.104555231786587
-0.0390509792726019 0.0450847466602168 -0.0107167515886198 0.106988053327198
0.0143538054196583 0.0270860749740488 0.165896257980612 0.0335153403120067
0.00463881850876123 -0.00153258428717946 0.144355019622001 -0.148588419841399
0.00108209530285711 0.0169518041053857 -0.026528177808284 -0.199485662596418
0.0174480415723319 0.0117525639113961 -0.113417783191506 -0.102840992663699
0.0192898174932542 0.00215775028867768 -0.102309944017393 -0.0130351544988704
0.0290703231922376 0.000119785403945092 -0.0828693432620384 0.0428800565384101
0.0329564655842966 0.00104815043910505 -0.0757849569627588 0.081825418616388
0.0472061519209884 0.0143770492800065 -0.113559780401859 0.0894156889846757
0.0293187723242755 0.0497962715921634 -0.160914376189784 0.0243842273469837
-0.0103694745795533 0.052919378782 -0.146886350010284 -0.103602207126648
-0.0524407499384752 0.061400062305999 -0.0834534115222508 -0.188189534829768
-0.121063197108123 0.0205565434579538 -0.0174096352560488 -0.195889058277119
-0.164458765270353 -0.0637967851603298 -0.0823430548643706 -0.15427182376217
-0.157314713940301 -0.0833356194084518 -0.0599617578895489 -0.0782064276660018
-0.106681394378041 0.0231377087770018 -0.0081861049059157 0.134269291718961
-0.0423497382701313 0.0595483722902062 0.184061009155289 0.0798770186938843
0.00602411436897638 0.051327562772694 0.18085660590329 -0.128621349887043
0.0345017375554666 0.0487515944413729 0.00552931810210561 -0.199005857702001
0.0565540871874498 0.017630470739039 -0.0916241688602211 -0.112696650176959
0.049975505666222 -0.0103212709277128 -0.0881111766641296 -0.0230340624085446
0.0547328089119943 -0.0160445155436298 -0.0670218679223661 0.0366992244231116
0.0597372108946595 -0.0108457480405916 -0.0510921261538809 0.0826443602828641
0.0869237401461357 0.0150132056170394 -0.0814167597011837 0.109876244417153
0.0691038932069218 0.0761478849435697 -0.143815918999973 0.0760163269767661
0.00431193312673693 0.100928547137451 -0.167026946469382 -0.0465592484466417
-0.0886091219572146 0.105192196591377 -0.115052281625139 -0.158199631880218
-0.179705025988041 0.0175746629317634 -0.0276593080426402 -0.177822246205159
-0.205390285450208 -0.10122624275296 -0.0458336890853402 -0.111600314628069
-0.163700384880171 -0.137596402488792 -0.013625227232954 -0.0336399849901317
-0.158954433130978 -0.0160238635635292 -0.00782415808607128 0.163577322562662
-0.105273182982249 0.071352357092342 0.186556402605543 0.141515216266242
-0.0100933517411031 0.100991682242691 0.214168993579558 -0.0795386950301748
0.0573582153915119 0.082807808878663 0.0532368745663632 -0.177388961975471
0.0905503314465761 0.0278324208687142 -0.0509778694008864 -0.118349676952686
0.0767053100393666 -0.018858777935602 -0.0602112636841238 -0.036785803559785
0.0724166995322059 -0.0300274342911518 -0.0418165529474094 0.0254364464308827
0.0747955405159983 -0.0227413749098037 -0.0183969249701511 0.0753545389521218
0.110563358393171 0.00763915123812078 -0.0377979574479758 0.120144330093552
0.100809180477372 0.081585362099009 -0.106978032862333 0.121038613781831
0.031202729561049 0.12717433512312 -0.166860739883629 0.0170033285895713
-0.0977470479131687 0.13985395679096 -0.13666487411112 -0.115681761685397
-0.206756006111453 0.0225033627538338 -0.0320468293839078 -0.159632997593715
-0.218446028193649 -0.118399210190796 -0.000304133689060553 -0.0645405943188125
-0.138462540243352 -0.168804972719073 0.0341635766480923 0.0273313220101649
-0.174908525426029 -0.065637162982384 -0.00561555449103441 0.188327927793296
-0.152460629790233 0.0525380052162782 0.165150700715585 0.196973322220561
-0.038601089351369 0.127300731719465 0.223332623391701 -0.00780781320182409
0.0612464480084456 0.108772783899823 0.102451456344556 -0.129417413694481
0.107511346834775 0.039111754627158 0.00289620283556178 -0.112769459174897
0.0926871819818556 -0.022750687906033 -0.0213824808902787 -0.0510877307465049
0.0797081877587754 -0.0404681597613935 -0.0104375789507863 0.0105798112446805
0.0789394793776233 -0.0320938871663195 0.0155722132578556 0.0604700529835405
0.115058246524278 -0.00135790613410798 0.00574853963475053 0.117660789807235
0.11240570774801 0.0750875238874285 -0.0618561247191677 0.147604465115527
0.0466499765477574 0.131337375502685 -0.148365078997533 0.0692817553919797
-0.0956770625571876 0.147823941608453 -0.140400140484924 -0.072820190023436
-0.203014666737226 0.014787938763176 -0.0301253998103206 -0.140731648865325
-0.197745005158283 -0.123022340851427 0.0471610160010884 -0.018913821704616
-0.0894968396926817 -0.16616522940917 0.0752388481765997 0.0904754650890825
-0.147806840481786 -0.103497772848199 -0.00228425541136743 0.203973442161031
-0.161794900966888 0.014987064438724 0.124544693641721 0.227861543324118
-0.0630182202018615 0.119404717535561 0.19921728038645 0.0633099697729128
0.049285486652259 0.11207392608002 0.136452853768221 -0.0650617138181601
0.103369380036059 0.0448942451170641 0.0564834079519932 -0.0951194239314471
0.0920275598919003 -0.0219428442028191 0.0214048483839775 -0.0621450662971309
0.0744089359882068 -0.0450379339205474 0.0205255034010711 -0.00483857992118211
0.0723716290088147 -0.0372811825765645 0.047045453102257 0.0432167157563124
0.104021653098293 -0.00624217403655623 0.042242558919298 0.108371056982616
0.105021906989552 0.0655056256314422 -0.0210668261893456 0.158465081071018
0.0435925823983596 0.123136310362755 -0.123628788989007 0.102927872898212
-0.0963460590863124 0.127942769921946 -0.13317978311135 -0.0379264101951238
-0.177254074606377 -0.00976979883321924 -0.0243003803709454 -0.11817023015868
-0.146293539218109 -0.122011120155357 0.0842326651432163 0.0248379729722362
-0.0284895007770478 -0.127565999926351 0.103398204441415 0.140220694347476
-0.0904814582364637 -0.111304273811832 -0.000438951867317018 0.208399242669536
-0.129445065039096 -0.0157286358868211 0.0828613815253732 0.233505958307909
-0.0622645636134815 0.087557737481938 0.15920710764667 0.114436566593233
0.0321973649534629 0.0885190777305788 0.15287322346123 -0.00628244253841659
0.0797284824502248 0.0385185483524741 0.099092272326223 -0.0738878567891944
0.0747634071939309 -0.0190604682885955 0.0583120860637465 -0.0691911891212205
0.0584255010705777 -0.0420977701972668 0.0476309440280372 -0.019440643891071
0.0579837150423214 -0.036872358649007 0.0718218567974183 0.0273906109367119
0.0848046580186063 -0.00892720409410555 0.0692135561187158 0.0987156813695833
0.0859437696015788 0.0539189854416926 0.00852931304929058 0.161515781282016
0.0299376639234723 0.108457455263461 -0.105302568681184 0.122388050938791
-0.0966190495196093 0.0930302717562602 -0.125011783462524 -0.0124126754610139
-0.137134498875018 -0.0415193911021645 -0.0205070769964981 -0.0945673496207814
-0.0763915012566506 -0.113103348502567 0.104263243103093 0.0652201210752174
0.0342080981893356 -0.0648695303556048 0.11791328792917 0.162318612589847
-0.0223749525308535 -0.0852350661119804 0.00147532673314448 0.199009192230242
-0.0700188759152064 -0.0251547998481314 0.0556587814520617 0.222453687416318
-0.0356000932624903 0.0447356854795768 0.130277273979949 0.13935692732075
0.0184839901737259 0.0452757427751603 0.15906064808581 0.0266903812647575
0.0436297065249315 0.0215554463022587 0.122934077635763 -0.0618869558889144
0.04404810974624 -0.0147151588828427 0.0819306759168573 -0.0743535441235261
0.0346011622550251 -0.0325108621701517 0.0657987648928846 -0.0301243596071501
0.0389128279518879 -0.0303491602083565 0.0883213886732779 0.0159407598052707
0.0597880374939973 -0.0104323841834776 0.0863549536571194 0.0919103910443398
0.0619977208799134 0.0384438323675414 0.0268852395031108 0.1638689566879
0.0147626286054007 0.0862092505381056 -0.0960137510983437 0.135432711585691
-0.0893142253107778 0.0516251574776519 -0.123097325063019 0.00386915244283426
-0.0835390267969857 -0.0656165045558495 -0.0212245698087812 -0.075758937585465
0.000425947278048316 -0.0893466363259554 0.104475311699966 0.0966783251710364
-0.070813674431907 0.0334797457833168 -0.117370438764512 -0.11296142531549
0.0253914134812132 0.0497950495683299 -0.0169446294695089 0.0911739576916249
0.0546003575753314 -0.0106794687842829 0.146154549583066 0.0141997832669015
-0.00605437573722112 -0.0451519048881198 0.128212686106354 -0.142587628263398
-0.0318190627232995 -0.00777040208169274 -0.0335573664043147 -0.193836928383188
-0.0189933874927756 0.00935081699587243 -0.114897593563201 -0.100697319992564
-0.0109223860337444 0.0157765957806757 -0.102900460329421 -0.017137780316334
-0.000787692580434963 0.0159531863509141 -0.0874566221799783 0.0377113092903245
-0.00130519345418069 0.0105361226518945 -0.0887136134858406 0.0722456831495767
-0.00170294507551446 0.00256546739196435 -0.12884016294454 0.0647976100669347
-0.00325892531088772 0.00340042349823391 -0.158524922994945 -0.0179316571153255
0.00267325345849954 -0.00361218507259845 -0.121877835189086 -0.140842104794562
0.0120584861984991 0.0337777662612263 -0.0537283385201601 -0.205497852150734
-0.0444009985066711 0.0465262059845466 0.000658176827948578 -0.217292365069677
-0.104269545972625 -0.00682510537453612 -0.0979915628536968 -0.189963348352288
-0.122859991660512 -0.0247614426206747 -0.0942861799104509 -0.108858713692705
-0.0396977368342682 0.0431375205469252 -0.0137592963878635 0.10619126476312
0.0136330955164683 0.0259602981415302 0.166282909791574 0.0385675082163366
0.00360156152561882 -0.00198302560758314 0.150583807053608 -0.144304695588703
0.00011334138013625 0.0179035268311631 -0.0212562484019913 -0.201649510874706
0.0172720547941971 0.0129952305202174 -0.110303787847424 -0.107178259323097
0.0194499866856843 0.00277245448708819 -0.101300523785032 -0.0177823542065493
0.0296733045165277 0.00165832990468712 -0.0829308249542813 0.0400147370557736
0.0341278345111705 0.00252322353810926 -0.0766956371492738 0.0789086605324514
0.0474270087489504 0.0165473762872465 -0.114665924687254 0.0870175457957165
0.0282973734956202 0.0520290502787547 -0.162266476533467 0.0205427977682623
-0.0138356009595218 0.0534281186406148 -0.146351138786532 -0.109966049567823
-0.0551880625065471 0.0581051242868295 -0.0785617682190211 -0.192849535596807
-0.12141492865422 0.0153940009451678 -0.010335507956727 -0.20035116816971
-0.162310379346123 -0.0701599693207785 -0.0764016064090473 -0.159005148404848
-0.155071049823318 -0.088119382211829 -0.0589136315783318 -0.0814482640888132
-0.106604595395949 0.0192976941063097 -0.0128406880673111 0.133480616519675
-0.0441998399032372 0.0567569369344937 0.183772174079355 0.0868342590463081
0.00334740715537054 0.0507961419150895 0.18624257095025 -0.123638474141298
0.032515920893685 0.0502866010175705 0.0109201824839027 -0.199765832440581
0.0565905701211383 0.0198299782074887 -0.0882710347984467 -0.116281333779713
0.0505621336438894 -0.00840480373213469 -0.0865746874332661 -0.0259240096780039
0.0554726172746965 -0.0134771778769063 -0.0669450985768894 0.0348737091188087
0.0615572959662931 -0.00786521885839711 -0.0515176435437343 0.0805842259274506
0.0873416602420169 0.0183676968248764 -0.0825338515628253 0.108801112962835
0.067356373771037 0.0785904407666261 -0.146021655549272 0.0739798549541172
-0.00025199781122197 0.101813187803236 -0.168256891448246 -0.0525397705571262
-0.0932837975960479 0.100530916178749 -0.111850931702272 -0.163905230767647
-0.180060623138216 0.0110583435784477 -0.0217023770148258 -0.182123444326828
-0.202796622749805 -0.108426825152354 -0.0414169653272665 -0.114735732602118
-0.159256138441194 -0.142413844758886 -0.0143358668864468 -0.0347905481973625
-0.158177268274187 -0.0222423005143955 -0.0132110801966697 0.163843136143759
-0.107310499945373 0.0673066383026801 0.184202318738651 0.148703251318524
-0.0138455772426221 0.100290615370707 0.21823858482871 -0.0721334691813348
0.0551618288575752 0.0852621096709591 0.0591319653074032 -0.177230670282196
0.0896856518484682 0.0305219926825878 -0.0480519706686237 -0.120814000823022
0.0778615971282383 -0.0161542867701284 -0.0589987492817503 -0.0383224152063617
0.0736452865828092 -0.0275006512708105 -0.0411911061052712 0.0249947139594056
0.0772825943252258 -0.0191190600327092 -0.0187997893005521 0.0744609913164669
0.110782038301228 0.0112216284228914 -0.0393493392452984 0.121033809094151
0.0987172143802175 0.0849920761021021 -0.110093038921603 0.120648559485903
0.0260261887888361 0.128440862385949 -0.170105779938208 0.0116926555055919
-0.102462216582067 0.136099936836361 -0.136041106186797 -0.121683688941745
-0.208658168471711 0.0154858862255732 -0.02741676874671 -0.163869043276838
-0.215207943606705 -0.126793878612138 0.00228215574156986 -0.0665644016821336
-0.133048002427782 -0.174071690879169 0.0309250644004146 0.0275198844166752
-0.173181758479463 -0.071890205960668 -0.0124539609635167 0.188751420906605
-0.154312990127962 0.0479992237786915 0.160718328773438 0.20349345873806
-0.0433837293755126 0.126099429808432 0.225399182836236 0.00115885536054078
0.0580958183972709 0.110520629931352 0.107456002878342 -0.126646012124247
0.106454482330487 0.0428110535429311 0.00518969119794693 -0.113044502077808
0.0929365113954266 -0.0192235603927955 -0.0197821677667564 -0.051362112321311
0.0806713643319061 -0.037738533299616 -0.00953866317726154 0.0107942591714037
0.08022170528733 -0.0289306475517832 0.0155493302305085 0.0614338163543066
0.114712238059321 0.00229001161171048 0.00491294329249438 0.119629081556199
0.111066449885159 0.0783485304868229 -0.064779221252422 0.149063474915485
0.0416996334685199 0.132457612911752 -0.15198325823243 0.0650642179446331
-0.100372117408325 0.144149136062552 -0.141365687955486 -0.0786057327373007
-0.204712236521114 0.00812839463813447 -0.0270092219167945 -0.1444750812162
-0.19457069187182 -0.130933318566345 0.048118304757399 -0.0190218126140962
-0.0839506228084232 -0.169357245852197 0.0703825917327844 0.092771071277995
-0.145360608708771 -0.109493955861572 -0.00984698379902278 0.204629424309241
-0.162228913145203 0.00919753854478406 0.119314753711835 0.23377146769356
-0.0668985652256118 0.117433808672195 0.199485761350951 0.0724770340277645
0.0455127421911847 0.113508029147153 0.140023792777794 -0.0600424707583392
0.102006275902706 0.0480426249990848 0.058630079085323 -0.0938509651761545
0.0925027697149351 -0.0194931031975108 0.0228098931698243 -0.0611052203364318
0.0749252571019015 -0.0420110474707725 0.0218499353393774 -0.0035163457073008
0.0733318109307212 -0.0343394226524909 0.0469736674892379 0.0448705559294073
0.104256340344144 -0.00299807417198751 0.0408018570906639 0.111618711186839
0.103401564150833 0.0686651123459641 -0.0238121601930255 0.160784449553606
0.0395611393503663 0.124363739363817 -0.1282360061315 0.10053501769919
-0.0994497961731811 0.124689666678542 -0.134812993979574 -0.0432502854208482
-0.178264659993507 -0.0156445621196359 -0.0221813447704655 -0.121060850607837
-0.143997829994324 -0.12782202057188 0.0835372095609142 0.0265482683561941
-0.0245357708347697 -0.129559288463322 0.0964855252540154 0.144863917471316
-0.0880595153356095 -0.115043244627722 -0.00905977336174263 0.209658135474398
-0.129922513620587 -0.0205099194773706 0.0762344792480431 0.238295778418937
-0.0651411529536517 0.0851556808699643 0.157266617400439 0.122029680370957
0.0299945514175965 0.089604887940183 0.154418531288983 -0.0010715007907026
0.0788791751606236 0.0409187053624065 0.100537969886741 -0.0713304985339949
0.0744785343798551 -0.0166345915284585 0.0601292823037022 -0.0671924899273685
0.0586788224304649 -0.0398632183606502 0.0493223979443801 -0.0170324807617226
0.058919863264449 -0.0345559892030402 0.0723543050536985 0.029905418325655
0.0849461169619818 -0.00653174529220859 0.0679916779016617 0.102566851859626
0.084966011950849 0.0564693775570787 0.00583913624876076 0.164778752939091
0.0270780491775488 0.108609577384552 -0.109852137444562 0.121049971735129
-0.0989430148673935 0.0897508916395498 -0.126508984525582 -0.01678136590787
-0.136921191969173 -0.045640392736645 -0.0190869612650622 -0.0966506853304777
-0.0741865871628002 -0.115953753807693 0.101789775148569 0.0675838508048484
0.0359588009952751 -0.0642144292140307 0.111093280319947 0.167924286482507
-0.0211608861808474 -0.0863118265871803 -0.0059545488138695 0.201641806423592
-0.0694081978835088 -0.0272862841683406 0.0496101222901554 0.22656613879617
-0.0371696759502 0.0430349384695128 0.12776443464419 0.146158554297613
0.0173119751806311 0.0454832744284225 0.160968403149047 0.0317922020885247
0.0433087433585872 0.0226087406746474 0.124132001033896 -0.0581310485902353
0.0435093009896289 -0.0134398529199173 0.0836757683803173 -0.0716053778898149
0.0341024929489762 -0.0313376344012044 0.0675321393307989 -0.0277290824940335
0.0391358257605516 -0.0294944497563963 0.0889029589380329 0.0193063920326723
0.0592321341655698 -0.00952435286135307 0.0852115757239782 0.09636788678143
0.0608425223430076 0.0397746368242788 0.0239083333751848 0.166463527111385
0.0126041794259597 0.086107262939288 -0.100697202625001 0.133522128385467
-0.0899361920411802 0.0495585790024545 -0.125095509191586 4.01194027513057E-05
-0.0830946035174133 -0.0676220373295591 -0.0206481979922979 -0.0771920370585624
0.00247433548716433 -0.0889844827792677 0.10143098308008 0.0996349831122715
-0.0749440238471504 0.0335944530821792 -0.118889445981175 -0.12213198108617
0.0250505239636575 0.0524273460081479 -0.0217651581106357 0.0947678700068127
0.0568656244766002 -0.0104547241820417 0.152329971204802 0.0198567867224764
-0.00604206732823146 -0.0471498292947332 0.140179272185264 -0.146246309175158
-0.0332654681743889 -0.00837609941946526 -0.0296894589550261 -0.204309591210149
-0.0196645104040532 0.00948923487339513 -0.11757845820842 -0.109933225447356
-0.0113127126965197 0.0165405655482676 -0.107015448386166 -0.0238109885668964
-2.71795548965328E-06 0.0164266030173403 -0.0917815916908032 0.0352643456402161
-0.000242426644200703 0.0111095632148958 -0.0940750501963184 0.0715267096474402
-0.00110063863445033 0.0036594526696109 -0.134671484893839 0.0640112081530904
-0.00364387378856902 0.00396018709269401 -0.165000815212497 -0.0238261046820299
0.00132542804800429 -0.00343009305507282 -0.124234059902156 -0.15222433080398
0.0114564298525507 0.0337380721290239 -0.0493867117707773 -0.217297303965578
-0.046334330892208 0.0464815636835241 0.00968673801159785 -0.230203040142879
-0.107631724923 -0.0101903664804681 -0.0939697079383215 -0.203130260163683
-0.127475446944737 -0.0294022243513848 -0.0958520936396189 -0.116959738039307
-0.0423356904730261 0.0431945901669757 -0.0186292636264894 0.109919195960905
0.0128829056439652 0.0262023840989709 0.172992593846609 0.0461272411569014
0.00241259845423813 -0.00230022724615692 0.164004949213215 -0.146277194207126
-0.000775612421637115 0.0197896250354627 -0.0166639669941354 -0.212027035315802
0.0178796033814603 0.0147431708775222 -0.11205259333819 -0.116211389037949
0.0205894635427342 0.00432999662757718 -0.104650737088905 -0.0233875843448675
0.0315575134907049 0.00256328261077287 -0.0865490476171095 0.0383877670876733
0.0369815357766525 0.00502911885842446 -0.0807439895071379 0.0790582217610311
0.0493702055611977 0.0200357286289014 -0.121000891632077 0.0873382008479477
0.0276299393547449 0.0555917771301608 -0.16984838207519 0.0178945194235284
-0.0176702497494442 0.0558089216503162 -0.150645566512486 -0.120038814924001
-0.0597264802053776 0.056767276592046 -0.076188083956119 -0.206197972050642
-0.126474230483508 0.0112859564794949 -0.00250153654018689 -0.212299495365383
-0.166331183695331 -0.0785246392124994 -0.0734063127829255 -0.17054840940828
-0.158515713816784 -0.0963282687923741 -0.060439031346719 -0.0878212025732602
-0.111252548764425 0.0155260252042484 -0.0180455966372779 0.137875654246244
-0.0477154810905618 0.0566075424429 0.190163382258922 0.0967468037451056
0.00073290461348644 0.0523676785376392 0.200032517875153 -0.122905842136149
0.0320176190917339 0.053877420947907 0.0172191035345166 -0.208729131724994
0.0583702419443081 0.02303788388518 -0.0889575640529294 -0.124510769210533
0.0534951012494066 -0.0065623241055004 -0.0891266219562479 -0.0306580897320571
0.0589609828161582 -0.0120050022352322 -0.069522851349009 0.0342236129983094
0.0651108334102671 -0.00481493085877619 -0.0546576328902917 0.0819666156405665
0.0906717823104235 0.0225066084050301 -0.087591778497041 0.111314919986025
0.0679562738479188 0.0846717049294612 -0.153595083187479 0.0744044605106215
-0.00477150484669426 0.10661004346633 -0.175567264727327 -0.061177300669109
-0.100897131857638 0.100389469657185 -0.113373073417822 -0.177184755021676
-0.188531589069511 0.0044074867821319 -0.0161602919123126 -0.194092212529885
-0.207566158796539 -0.120969018079112 -0.0387615042317648 -0.123101339128322
-0.161309765994701 -0.154357954637876 -0.0158082201666755 -0.0371701213870254
-0.163143649687225 -0.0290629793286122 -0.020083545131031 0.169635036687248
-0.113966317100414 0.0655240343505457 0.189583727472978 0.16191952202121
-0.0181905686913904 0.10316836363941 0.231904978746941 -0.0673180311092596
0.0539645242897591 0.0908653489806031 0.0672577185637208 -0.183030336662594
0.0926690296613895 0.0354991398361482 -0.0468582184919321 -0.12730292271084
0.0809179798084826 -0.0136060314881552 -0.0596112136949064 -0.0421493233928838
0.0774268450561416 -0.0259715927505231 -0.0423333117264439 0.0246100719542489
0.0817893673488372 -0.0162892775509589 -0.0196528833277421 0.0767555006071048
0.115713942460505 0.0158895930059173 -0.0420137465796236 0.1253698923912
0.101206056941289 0.0918788070718128 -0.116418887807058 0.125285000730959
0.021455664629664 0.134540529291392 -0.179266791620963 0.00675791450352297
-0.111873642316676 0.137479159486476 -0.139821639488167 -0.133575960877516
-0.218139722291934 0.00869284427288017 -0.0239013364986485 -0.175181266960874
-0.22039644900223 -0.140043100104551 0.00508019826194547 -0.070815215051497
-0.132672737334796 -0.186247961478883 0.0296178203328693 0.0294483132544585
-0.177578112384559 -0.0822629438974266 -0.0202051685314614 0.19687482902387
-0.161601273363418 0.0432490058697473 0.162820262961098 0.218743471234259
-0.0500669812872784 0.129142505014509 0.236038836751466 0.0099965593898117
0.0566133825511429 0.116906128310165 0.116806424400903 -0.128523992355704
0.109974660439808 0.0477844250599319 0.00807415858127983 -0.117735551521764
0.0971345901300678 -0.0171462678744539 -0.0191910418034155 -0.0536353878757289
0.0844218722616197 -0.0362845528901422 -0.0094774982636621 0.0116452176049979
0.0852475546573546 -0.0261934185135819 0.0158700272367142 0.064854971848278
0.120096436335184 0.00721781335593877 0.00361341525116517 0.126492241340344
0.113670352558783 0.085678784101063 -0.0699485445064633 0.156817468061978
0.038624516938651 0.139676800428333 -0.161653436205959 0.063884018632409
-0.109287661121054 0.146027857333388 -0.147371442214597 -0.0889485085489078
-0.214211341941131 0.00182917904945448 -0.0246839558179023 -0.154142818009621
-0.199416732785917 -0.143859588842615 0.0502892550427597 -0.0194059024681395
-0.0814124863838259 -0.18023742912138 0.0676311032830919 0.0994219360208462
-0.14819450278527 -0.120105843989911 -0.0189215137337653 0.214053425868663
-0.169799610869676 0.00313001010897415 0.118260194705516 0.249808389894622
-0.0745298293815921 0.11942443834114 0.207132810422148 0.0843895806462276
0.0437188842152233 0.119575468009318 0.149374478654789 -0.0584872062050115
0.10486874975329 0.053784544739859 0.0633318343575685 -0.0960734021629897
0.0965456926886912 -0.0168363019139304 0.0258099828707586 -0.0618729220695339
0.0786698214908556 -0.0407788364542684 0.0238225067180782 -0.00231186120713649
0.0777754799000722 -0.0329698053478204 0.0496250819719686 0.0487635671602498
0.109060028265774 0.000414104737801472 0.0417938171704533 0.118632820512934
0.105910743744611 0.0749802556022107 -0.0282880952282421 0.169559891013094
0.0367047499627755 0.130059563643679 -0.138071376394493 0.101087984818573
-0.107738777518402 0.126033492503567 -0.142128826958244 -0.0507629700436845
-0.185930411130177 -0.0221106415099176 -0.0214254358744009 -0.128402981241479
-0.146468425937519 -0.138625709272426 0.0855843927613963 0.0295289407589522
-0.0212260175992055 -0.136467463811136 0.0937739584572159 0.154279962764546
-0.0890943578319389 -0.12381973001015 -0.0186855459562549 0.220257473155384
-0.135034906054637 -0.0262114540612325 0.0724756998059496 0.252610353228386
-0.0709763667536448 0.0859876081948156 0.161561460345949 0.134481556831524
0.028136495618034 0.0943150710448546 0.162466410730227 0.00445508824385567
0.0809520470679672 0.0450973953578863 0.106271134868452 -0.0712795248557052
0.077872959565693 -0.0154300408025091 0.0637857617485708 -0.0680560225002121
0.0608614578521938 -0.0392687923544877 0.0526956554618414 -0.0154794680222767
0.0620700647780879 -0.0340482362471447 0.0754710462064228 0.0342157936811809
0.0882466876774154 -0.00393865742584261 0.0693080980964805 0.110522638489932
0.0866941950344339 0.0611064750638205 0.00263614062255753 0.174379360416065
0.0244687409370268 0.113258563453663 -0.11854071864559 0.12319169241994
-0.105679240276589 0.0902649200944366 -0.134180140166112 -0.0227629469747157
-0.142075833861039 -0.051453721918108 -0.0187885590592769 -0.102584730316749
-0.0741922867305258 -0.123164493221562 0.103715288960727 0.0731692143191833
0.0386253951191877 -0.0661632405466525 0.108103793184194 0.18046320401095
-0.0206396373539761 -0.0907869217599694 -0.0164384222101429 0.21291396543128
-0.0712184634005438 -0.0308506313535788 0.0448802117011413 0.239751766344207
-0.0396177637554192 0.0433033044661294 0.130190458950465 0.159480816700269
0.0169267714993375 0.0474120635449914 0.168057847221363 0.0384144954601561
0.0450996212239813 0.0247617790077831 0.131165464373686 -0.0562320445429667
0.0453843607684686 -0.0132509717477205 0.0883225539923057 -0.0721009839032551
0.0350316348023843 -0.0316614876835688 0.0717027519666422 -0.0259398395088328
0.0404702884127185 -0.0296223246289843 0.0929629872122239 0.0242954533068416
0.0616963518234821 -0.00833806754221415 0.087502769737161 0.10497660193599
0.0626247687200116 0.0431565888185458 0.0212177185845903 0.176391067553661
0.0107921815825879 0.0892529836783666 -0.109619895088629 0.136973767186938
-0.0949932879005558 0.0487795111604373 -0.132419909718115 -0.00517751272252609
-0.0850774483238439 -0.0722624850128538 -0.0203957302817963 -0.0817288364262735
0.00431338768914259 -0.0925817815859864 0.1016475479541 0.106721211007464
-0.0805032966415603 0.0367474343101526 -0.128140842708475 -0.132425743917428
0.0268750991475683 0.0563141247138094 -0.0249695750932156 0.101641982884098
0.0607126545734206 -0.0121329507049961 0.165445027649483 0.0225257866747619
-0.00776368282391687 -0.050092505708779 0.15498802234417 -0.15793903007478
-0.0356628842775531 -0.00709874776792181 -0.0317172748397374 -0.221181563255194
-0.0207753230873134 0.0108175080784723 -0.126705828965139 -0.120523946955364
-0.0116979426555463 0.0182435728660305 -0.115059626163641 -0.0288983972882857
0.00091444297063003 0.0180642222920992 -0.0985340706101615 0.0359442166733439
0.000713014102518758 0.0128860062457216 -0.100839002398147 0.0749076255542138
-0.00100762895423175 0.00484265070909281 -0.14467703057926 0.0676556775534844
-0.00342960454975519 0.00509732601582364 -0.178451906235777 -0.0264698110578027
0.00041556222067731 -0.00282865771920642 -0.135164716367221 -0.16621810477795
0.0116772561892056 0.0352593291927045 -0.0519910610859477 -0.236407596618991
-0.0487827228508059 0.0491123129233821 0.014306003069574 -0.250946098137822
-0.115818918624521 -0.0109333474882005 -0.0976651751352091 -0.222365044851743
-0.136691283041379 -0.0315629224798898 -0.103493184377998 -0.127251656859056
-0.0453108304580624 0.0457989474746699 -0.0220406095707423 0.117963492644765
0.0131966592862163 0.0267401769706296 0.187413910741338 0.0506110824167256
0.000948812266147273 -0.00261031371057353 0.179596953366983 -0.157364549713305
-0.000902393524160327 0.0229077263952523 -0.0173539159928324 -0.229015669997897
0.0198214734783493 0.0166190542897684 -0.120761670226563 -0.127140549273852
0.0225360825541926 0.00569104645250836 -0.112181251169571 -0.0280378566528621
0.0349611200323041 0.0034251222040963 -0.0924874355684582 0.0393250542671514
0.0413393638851312 0.00654708311966626 -0.0861395885378977 0.084191283518804
0.0535695058283936 0.0226805203421171 -0.128960651425636 0.0941590978214343
0.0297612112106159 0.0604464695027422 -0.182852133925795 0.0192562283723894
-0.020757679765629 0.0605554202727116 -0.164526140754102 -0.132297248242384
-0.065916266844515 0.0591215825927249 -0.0816555583747072 -0.224571379773845
-0.134986436027895 0.0102951516362504 0.000218568514189591 -0.232505282260562
-0.17830498658477 -0.0864471493826483 -0.0756257365064347 -0.187184500769967
-0.169836110131865 -0.104309914782794 -0.0657787601190247 -0.0958664176915517
-0.119376786454706 0.0156638300610971 -0.0219576526036725 0.148513742340925
-0.0519909950544864 0.0589196281140059 0.206118730496754 0.106038662219096
-0.00132195748774847 0.0560385543786888 0.218182038931789 -0.131129118172748
0.0339390691190423 0.0596028109287279 0.0197943409669749 -0.225350676393137
0.0630480423240881 0.0257604628125748 -0.0954930389819344 -0.135089859619266
0.0574758614671265 -0.00585838800856224 -0.0952213774036811 -0.0349028001412959
0.064081306235493 -0.011496815869964 -0.0734413206046755 0.0359043669227791
0.071728202789255 -0.00387925457519863 -0.0570159919927408 0.0871474063606868
0.0987702624997943 0.0257876195429869 -0.0925259268476739 0.120372152143746
0.0732763794063936 0.0928064562503801 -0.164951858186088 0.0816381190456623
-0.00750469527419525 0.115569356049917 -0.191353969060946 -0.0679590779746476
-0.110595374410626 0.105802028369647 -0.123107367643929 -0.194119068513812
-0.203099336349784 0.00293496318505379 -0.0154978832866801 -0.212551205955417
-0.222989532238205 -0.13282424049754 -0.0400286844436153 -0.135602350588193
-0.172253456603934 -0.167039937741479 -0.018854441712625 -0.0409698151098719
-0.17546933919867 -0.0333502360332127 -0.0244627363236571 0.18295882109734
-0.123274122022634 0.0682420241173463 0.204135781280519 0.177239353593962
-0.022014043211046 0.110272339688861 0.251568452878941 -0.069930961471888
0.0574853550794268 0.0988402924874634 0.0733300246374761 -0.197078346946866
0.0997658733588344 0.0388477644714456 -0.0501822147622797 -0.137829403865474
0.0875911572011484 -0.0138960736452547 -0.0635663653953439 -0.0458589981698049
0.0836084474507798 -0.0264202259086784 -0.0442276020641017 0.0263680129239821
0.0894589892269674 -0.0157414700652062 -0.0198364927320151 0.082033233929127
0.124977258205299 0.0182401390727314 -0.0436931020111461 0.13584373242252
0.108526942916494 0.0999546943530912 -0.124734685757717 0.13742576647158
0.0213015426532182 0.145677816237458 -0.19537302204652 0.00645097709285851
-0.122069545492619 0.146466611112423 -0.152647736043378 -0.147393618167268
-0.235563997199019 0.00728270306015615 -0.0253734121018587 -0.191913626055588
-0.236921922439782 -0.154436847425677 0.00610612807479905 -0.0781994991084688
-0.141434228875115 -0.201933891569287 0.0289376365980506 0.031514490934992
-0.191176370504024 -0.0903963731015644 -0.0255382969193962 0.211802156756279
-0.174793009519275 0.0440688756476067 0.175581515081456 0.238663788353737
-0.0555039863951798 0.137990612440296 0.256321143793683 0.0140910665567183
0.0602726793167515 0.126535942994344 0.127799325719404 -0.138075454688463
0.11819970413996 0.0526161929642411 0.00878280733805716 -0.126872205172396
0.104796356243556 -0.0174944983891353 -0.0199969650118359 -0.0571704576222003
0.0905593321881705 -0.0373714337871361 -0.00872471155299774 0.0128129825859954
0.0931335670198025 -0.0268033877563887 0.0194706784573406 0.0692284983647784
0.129764938713646 0.00863337577459647 0.00604531365926794 0.13653672490941
0.12245957263928 0.0931163897218875 -0.073797858227289 0.171181006996347
0.0397814857890183 0.15028504665433 -0.176316917985153 0.0685014679124492
-0.118771572926735 0.156048530492246 -0.161054255639149 -0.0981294156420326
-0.232167601668439 0.000473476609985651 -0.0268036206219938 -0.168773135716414
-0.214736344566692 -0.157427931595597 0.0535567502662266 -0.0220643260613165
-0.0864319906814322 -0.195530325582491 0.0700062466069599 0.107422522011188
-0.158992313298353 -0.131626374533627 -0.0248888848526346 0.23126881838786
-0.18304474599521 0.00123980636309349 0.126714659590792 0.271456545866038
-0.0817920433453547 0.128152247110541 0.224506936437293 0.093803338890871
0.0461357897327808 0.129172035444904 0.162527865135555 -0.0618902760669762
0.113141871341092 0.0581246695296775 0.0685126805217628 -0.102908503282909
0.103811390926087 -0.0175238896878665 0.0269902304814709 -0.0664787572197276
0.083969821653377 -0.0429135233760724 0.0272692778811991 -0.00183504886726447
0.0839908221532993 -0.0342708049447165 0.0547032920906285 0.0532036790749202
0.117201888811257 0.00150512638011649 0.0468432342866651 0.129811707265123
0.11461881646596 0.081105510126457 -0.0286458248722251 0.185617081338663
0.0381493028285164 0.139900412061381 -0.150038683136526 0.109743338384271
-0.116589292428252 0.134434899205943 -0.155437531562389 -0.056350964128524
-0.201099010288683 -0.0246540866325477 -0.0245440458851539 -0.1411528536996
-0.157387441951658 -0.150365233350855 0.091385061454762 0.0310005444780914
-0.0220234186948311 -0.148493615177222 0.0978996432084861 0.168104718385265
-0.0962535979053474 -0.134368825024658 -0.0247030114499096 0.239186129846566
-0.145011595672598 -0.0298917079263904 0.0776595605378123 0.27459151162425
-0.0773010795128938 0.0922652808234379 0.175230229108796 0.148595802394881
0.0298644517666507 0.101153165150547 0.177105391221587 0.00563048355700704
0.0880220436399708 0.0491936135803718 0.114553082766636 -0.0759672984327972
0.0835864989810571 -0.0158238933504993 0.0690370884637001 -0.0714187833867563
0.0644368993798618 -0.0413878120483068 0.0578222742281094 -0.0158962306122703
0.0664304227629565 -0.036319758639579 0.082547100059284 0.0381735662596162
0.0945915040184253 -0.0038490206456607 0.0762969818683491 0.120609573846223
0.0931181441457021 0.0664850424005227 0.00398135774956916 0.190926199542522
0.0251283351589191 0.121521898007839 -0.129429122833863 0.133982673733782
-0.113755752917968 0.0960694744706761 -0.14595648577658 -0.0262092404034976
-0.153572577076031 -0.056176450567097 -0.0213619694404405 -0.111417808753711
-0.079956255430043 -0.133290751110203 0.110372424232952 0.0787968209683658
0.0414612497571537 -0.0717345153614551 0.113774989448181 0.19652022946475
-0.0226930656569282 -0.0976931395685899 -0.0215341086811281 0.232111953927838
-0.076696547651668 -0.0331858532365485 0.0475457789483375 0.261229442790408
-0.0430610866367708 0.0459495567340595 0.140500111996573 0.174471421262805
0.018006778686456 0.0504311759069464 0.182757702457195 0.0422113307253372
0.0490372177938955 0.0263011475628986 0.141461943760676 -0.0597859488922205
0.0478136002778667 -0.014011729599942 0.0953348942374517 -0.0765144610945163
0.0359244160326523 -0.0329657925748628 0.0778589474854677 -0.0268467404255507
0.0428766749211609 -0.032306753739095 0.100341968117342 0.0267253628961503
0.0652585794139064 -0.00891008087946649 0.0947794654014714 0.114767825202739
0.0672571124965314 0.0463475240785717 0.0229010682063484 0.192546200204701
0.011338221902417 0.095637237920005 -0.119423080004443 0.147867924845831
-0.101789544725397 0.0515306515164936 -0.14417984939066 -0.00644024960284394
-0.0921030460958164 -0.0781978743449644 -0.0231651107519835 -0.0886843796615158
0.00495019132523515 -0.0991019248094112 0.109283026688157 0.114622328436726
-0.0791684795262804 0.0555913347756076 -0.159894369424595 -0.130232827738149
0.0372500689858803 0.056049138043378 -0.0125426830410464 0.113661465344579
0.0613699540801698 -0.0230442610576004 0.181139165135532 -0.00139157062441167
-0.0163724833006255 -0.0494807129291501 0.139547611914267 -0.197841678959591
-0.0357407779360623 -0.00143030000801595 -0.0732404971637777 -0.233871365066241
-0.0189317684920714 0.0148599526688453 -0.158248284010143 -0.110289946429713
-0.00914809341645004 0.021759659081125 -0.131827521283898 -0.0135296728752775
0.00491416483690091 0.0183975653530517 -0.100009604684338 0.0528464609641645
0.00386224550265607 0.012640538485138 -0.0963831097741544 0.0960680090662098
0.000683828974231413 0.00482713362212313 -0.142990133436864 0.0961428616808935
-0.00267752558351401 0.00499723852036722 -0.197243319208936 -0.000798123365026904
-0.000355431275070098 -0.000658661901376418 -0.175508847269803 -0.159656894773377
0.0180669782977811 0.0342614195177765 -0.0940751039674832 -0.249670809588814
-0.0428463577789331 0.060182157278837 -0.0221820919704724 -0.274349922560512
-0.123709906663374 0.00819230898205361 -0.138674092157837 -0.228276634695405
-0.152880591241134 -0.00942694980435275 -0.125405023545388 -0.127924938871186
-0.0430802990110117 0.0549859924046283 -0.00446088179730649 0.128755476941839
0.0157330750250903 0.0267092168750892 0.211550382651014 0.0219335646172454
-0.000293114152131641 0.00037755525149599 0.165084445993281 -0.203631888694722
0.00574488709337357 0.0258380471766128 -0.0603156893858479 -0.245229628600722
0.0255338785280053 0.0152735679482728 -0.154336549023178 -0.118494509028427
0.0255773176810716 0.00288125668547093 -0.128739886076966 -0.0128102420559772
0.0387508549421146 -0.00195448821975386 -0.092155397368584 0.055688249394572
0.046041011762355 -0.000223426596414151 -0.0782870965896464 0.10315104176175
0.0614431436210093 0.0150780484030591 -0.12153066483126 0.121318739629095
0.0420341540669304 0.0585212571866022 -0.194450782086092 0.0496784343946152
-0.013725559623968 0.0701936147095871 -0.201033746390674 -0.118034984496714
-0.0609595314542554 0.0723865427053523 -0.124488479691928 -0.231582630592966
-0.1407899762828 0.0319974981351171 -0.0358064701995378 -0.250083881467921
-0.202106409605291 -0.0619049031383138 -0.110848831659173 -0.194003086216933
-0.202955077286198 -0.0832322157455104 -0.0730017674574148 -0.0971107285678723
-0.128510050568471 0.0331344638088081 0.00429268864542034 0.161633075900156
-0.0501078983908511 0.0712073806062525 0.244012391997765 0.0749851900729937
0.00533730060908272 0.0635317828009818 0.212039218651026 -0.184078475666461
0.0484095154888368 0.0599406954611054 -0.0211034757783113 -0.249733774383307
0.0731821446569302 0.0187129948427914 -0.130080491593589 -0.131491275014686
0.0618904512291669 -0.0142844096626449 -0.111877535583833 -0.0226850195854881
0.067483908677703 -0.022538854294656 -0.0724619524857903 0.0491434398537348
0.0768223866354125 -0.0155942852756227 -0.0462536723820871 0.101808925209204
0.109206091096023 0.011417668161431 -0.0771911655673191 0.144374742485502
0.0926364505482643 0.0853889858640381 -0.164558602174629 0.114953365893203
0.00819361440634459 0.126208841240131 -0.219558012585499 -0.0453168411469164
-0.101064581391177 0.130124146350547 -0.163641718906087 -0.191645046468417
-0.214358226672247 0.0346938685453878 -0.0507923833107347 -0.225054618964398
-0.25716236222843 -0.105602826408014 -0.065141140952104 -0.142907097614613
-0.217574629658059 -0.152401393081982 -0.00831838228492088 -0.0416004921123873
-0.19728077941861 -0.0117672440671041 0.010267063281391 0.199872422642629
-0.126185720432822 0.091712412830753 0.259323252862535 0.150154036288681
-0.00985533087133428 0.124486610841048 0.260050755217083 -0.127203685944849
0.0785008297217572 0.0990131066205626 0.0406912487796185 -0.230702206955836
0.114824187119164 0.0274439741143492 -0.0838555373902714 -0.142312450060787
0.0923105111321497 -0.0269469344957623 -0.0803988533662832 -0.040136401068728
0.0862720844769156 -0.0408592264300241 -0.0421242989557107 0.0349165272856339
0.0939608065050045 -0.0307531111071033 -0.00578666302474789 0.0906360965920118
0.136312271917547 -0.000159818713679929 -0.0218018272940643 0.153167646283821
0.131604557610503 0.087279465545169 -0.111176211386775 0.168341114048049
0.0443114780140038 0.153041123504522 -0.212163770850761 0.0363378683678905
-0.106161845163187 0.174819753855564 -0.188274823558841 -0.135546771460965
-0.249270937465704 0.0450503927431901 -0.0587741371453287 -0.199784230746119
-0.27557380283998 -0.126172471184423 -0.00705255096370231 -0.0879526598752019
-0.191888882436404 -0.196393813068759 0.0571686018775907 0.033732237200628
-0.223614758616152 -0.0719731925562888 0.0160771407191182 0.234767208257163
-0.186063391681078 0.0733616953002811 0.241862594312932 0.2217516970972
-0.0425793830840827 0.159329494519796 0.283008329541249 -0.0383159397808746
0.0847248096061526 0.129153741557155 0.109793555131458 -0.17785944304189
0.136576980979679 0.039221319099411 -0.0189034314780362 -0.140564324936686
0.110598298539448 -0.0336412001048989 -0.0355367269028246 -0.0600023365085536
0.0907757517890495 -0.053453857308116 -0.005785506671976 0.0152046325942437
0.0948670216536354 -0.0431613342160174 0.034250624863841 0.0711037113541629
0.139196632939466 -0.0110140073678894 0.0317747846184006 0.145851101117342
0.144183970727589 0.077779953986559 -0.0511100771466386 0.19739063269653
0.0649219600650471 0.154468817600726 -0.180459384119991 0.101409367200735
-0.100401169970141 0.184439009148127 -0.189930971919239 -0.080629181310103
-0.245942684903141 0.037471966014052 -0.0580627373865479 -0.173400362213826
-0.252660302642459 -0.132913121821258 0.0531359391343925 -0.0338934935465947
-0.131687987255797 -0.199628081935314 0.110436120288287 0.112787476464788
-0.195285000410952 -0.121335322071242 0.019936389388367 0.258536169871641
-0.202044208858738 0.0270465236335177 0.195864729630601 0.268723956774394
-0.0728619473729538 0.15135562628388 0.264188580980791 0.0533427632293127
0.0687853296857426 0.134445930070764 0.161975550789116 -0.102672907233607
0.131408691544822 0.0456801371240031 0.0495963188390548 -0.124681431309919
0.109086688403272 -0.0333135957020055 0.0146214491795844 -0.0778688921271804
0.0820245345040209 -0.0576379706718056 0.0296970735500077 -0.00604614938770228
0.0837212224329545 -0.0494046546039616 0.0691724999087455 0.0477374297820201
0.123977209514768 -0.0167574858169662 0.0739573692162615 0.13135687637789
0.133010907769706 0.0667701612466552 0.000385611890383275 0.206004576817143
0.0617769247437436 0.142691260770602 -0.145434728710323 0.141624814254374
-0.101118433053396 0.161745482087842 -0.177113810313859 -0.0361057484491466
-0.217453268849291 0.00611272288402117 -0.0509989898993908 -0.144300229295723
-0.191680408445149 -0.135112429059499 0.101844496902782 0.0184305882388088
-0.0541258546787155 -0.159606111876185 0.144291638192719 0.175846006557822
-0.127771829746781 -0.133611997974615 0.0190944702265479 0.269579236043351
-0.165207910809369 -0.0118561770936118 0.141159109170436 0.284276644492809
-0.0734817959226298 0.111448570731013 0.22150687637576 0.123930907426086
0.0466235589514391 0.10645681465748 0.191204241785034 -0.0312212808402768
0.102240022766312 0.0395913591391003 0.105961959404392 -0.103070162913901
0.0870742089200846 -0.0290876796650549 0.0596728079979047 -0.0911036397604961
0.0620501995970114 -0.052402495461953 0.0601455648638976 -0.0254586853143052
0.0639168916937805 -0.0488727470910508 0.0964440453297592 0.0276854732060278
0.0987072116771015 -0.0187458895582349 0.104352068146216 0.117418521784562
0.108446041029885 0.0546088030500063 0.0359673883487722 0.206179216905028
0.0452985985786258 0.124578153679266 -0.118111722057103 0.164541372309819
-0.103809864817057 0.120226935013309 -0.161868596348013 -0.00366933684098579
-0.171703043686517 -0.0341575756695092 -0.0436398338975459 -0.113406901173724
-0.106289438444194 -0.128977029764793 0.130551903263293 0.0668221271297766
0.0291670846998608 -0.0863583962592549 0.157657797484526 0.203473403298338
-0.0431492709818143 -0.10347174162201 0.0181152331044159 0.262502772074617
-0.0907935978998481 -0.0256701660784161 0.10261244998705 0.276972680296793
-0.0426111326220483 0.0559710512412375 0.187943349731306 0.160655454615864
0.0255898974737471 0.0533712065345547 0.20474092379294 0.00982123247357789
0.0569376288621666 0.0211108934514368 0.1397704472313 -0.0890521267829557
0.0492152693713897 -0.0213036592892504 0.0882715231982744 -0.0997634625794183
0.0321184532119937 -0.0398722903245508 0.0799935911156686 -0.0405298531157211
0.0386046755640218 -0.0408765139790563 0.114164915418544 0.0134859806661109
0.0664329492106179 -0.0198573664534792 0.12309123795899 0.108863041301511
0.0770666529725861 0.037673916014212 0.0569658348785249 0.205196041906565
0.0266720007604793 0.0983361336268123 -0.105339536901927 0.179282872517122
-0.0986211066701428 0.0718817602529785 -0.15722730552741 0.0171702551463218
-0.11011122754478 -0.0666167079038478 -0.0424375331576825 -0.089500177226841
-0.0113203410466427 -0.10623757081672 0.135002217342546 0.106292023860009
-0.076746477627275 0.0666389787377529 -0.180498285004002 -0.123486790783673
0.045163698296172 0.055667236057965 -0.0048076637052361 0.121969833887732
0.060987404009747 -0.0301920103582581 0.191239037340185 -0.0166903488557057
-0.0223758878168746 -0.0490811806878054 0.130526797293808 -0.222690772307959
-0.0365729897584205 0.00308344406583271 -0.0988998758785231 -0.239295239315222
-0.0181479961148665 0.0173344315299288 -0.177112242929361 -0.102851412658708
-0.00658570580492709 0.0242650165668482 -0.141652729259318 -0.00479517546953406
0.00797411023317371 0.0185050195876343 -0.101302704480222 0.062589920825507
0.00657478972181964 0.0124357553796524 -0.0920751713014476 0.107483412298686
0.00241034376422421 0.00486762695575214 -0.140952642495116 0.112451702346593
-0.00261958926448559 0.00711594069760738 -0.206748409347137 0.0161864818075303
-0.00139751443161671 0.000839860177468635 -0.199969736572983 -0.15346793391777
0.0210057625990841 0.0330176219206303 -0.121163998461055 -0.255032174600088
-0.0386006137613689 0.0650659888620419 -0.0447603528808237 -0.28999603957087
-0.128068720246234 0.0197126164866973 -0.163660077879188 -0.229773568833458
-0.16009121838726 0.00447861070731597 -0.144371186457405 -0.123930493660106
-0.0396303103632497 0.0610120869754555 0.00475184774164187 0.137030311406663
0.0178519007294424 0.0252553567742497 0.225137746629538 0.00543077398460186
-0.00221121500579539 0.00130194629536534 0.158116996338776 -0.229508805263028
0.00864836569483073 0.027443526705694 -0.0857121548500573 -0.252312308376311
0.028618498191789 0.0141180029303305 -0.173172442115908 -0.110907838856247
0.0284131123119469 0.00173135916928129 -0.137029985573567 -0.00458348587808003
0.0418394077806929 -0.00528231395246686 -0.0917736639175193 0.0648431789632434
0.0499711261068351 -0.00404823743919986 -0.0719498499265266 0.112948657652727
0.066734043301785 0.0110661446557722 -0.114344450005485 0.137860501314773
0.0487421557610409 0.0588389010365275 -0.198997731415267 0.0696493713955348
-0.00983959645444057 0.0765144871089817 -0.223710791817446 -0.107528697100143
-0.0590968436080872 0.0799829488278378 -0.15279618131805 -0.233658307641019
-0.144318641569213 0.0437644849031302 -0.0588708209626894 -0.26324370579022
-0.2167344472906 -0.0481323700581046 -0.132381773767049 -0.196251556646765
-0.219300935077951 -0.0688514923641152 -0.0871893745958142 -0.0959283323609164
-0.13081707586335 0.0451049357041765 0.016607600921643 0.170036106549406
-0.0472225744779689 0.0774055335570507 0.263804834163412 0.0585357454958796
0.00896141859277218 0.0667332120631065 0.208351961516428 -0.212806025301336
0.0560959985876743 0.0601072262062999 -0.0443099149492098 -0.260146922860802
0.0789820250906454 0.0138709279174967 -0.148891613573776 -0.126377348602023
0.0637544386980105 -0.0195305549711312 -0.119437371266309 -0.0154765165866361
0.0694756929902796 -0.0287274867262137 -0.0706626773165528 0.056146850839159
0.0813400348132446 -0.0228243362193834 -0.0375417490374718 0.10904266675101
0.116590932621801 0.00240129442563392 -0.065666290306589 0.15734409146212
0.10464177311455 0.0816686941766559 -0.160928007391842 0.136336733044828
0.0182912645725982 0.133024801637873 -0.236454376996929 -0.0281594896174939
-0.0961616506959949 0.143598544984566 -0.191031324473553 -0.188001749317062
-0.221377003825623 0.0539051376062713 -0.073744156608052 -0.234919254042807
-0.278692973090324 -0.0894109866524169 -0.0813557127550366 -0.146624802080492
-0.240979057038302 -0.140026608412742 -0.0147678503104425 -0.0432889600613079
-0.207209007089958 0.0039481311139552 0.0254846163328993 0.209955283766227
-0.12459120877491 0.105605310305152 0.286218088831695 0.135445750574121
-0.00126474049301119 0.131834543498286 0.265442676436608 -0.156208943196064
0.091065080792821 0.0973550557709277 0.0226844043392132 -0.245342912851315
0.122926066885568 0.0185553580309475 -0.100673786623826 -0.140977252302973
0.0947155456399654 -0.036105135558621 -0.0873175062931975 -0.0352308742463914
0.086400285887808 -0.049394437658522 -0.0396650846731978 0.038948395750354
0.0967612112938068 -0.0402345112967848 0.00370858934986403 0.0939719712863743
0.143512715869677 -0.0117136136814057 -0.00667147839242795 0.161652771478428
0.145910495979842 0.0798440494357384 -0.0991706786983597 0.187882865018967
0.0582176852250023 0.158025339660543 -0.220611595637008 0.0575746957945665
-0.0970958900225702 0.191690555347923 -0.212600954718107 -0.127471895844663
-0.256782593167032 0.0680567436865911 -0.0812133995387069 -0.20735177219382
-0.299932032212255 -0.109260985674137 -0.0162805962834292 -0.0934017877887915
-0.218313026008358 -0.189150413132205 0.0596489661672305 0.0303604232008913
-0.240471889165369 -0.056751540960517 0.034225182941649 0.245547231680112
-0.189504405029784 0.091555676135359 0.274813650421422 0.21298709871797
-0.0325882460790242 0.170899169226779 0.296407197523305 -0.0646423348010337
0.100213694796969 0.128083260838609 0.100488512325357 -0.196871241154852
0.147070611814694 0.0290320825799276 -0.0323501424651936 -0.145429089286327
0.112495931798985 -0.0440373327319753 -0.0422052127042356 -0.0597166094835702
0.0901573132878556 -0.0627215966677131 -0.00335077341813971 0.0157766150126647
0.0967944510276882 -0.0532695993087431 0.0443096481288103 0.0699156196944964
0.145297763883409 -0.0236676832752145 0.0488300436214771 0.150019679052271
0.158654314830224 0.068534751142829 -0.0321270395515815 0.213918816752826
0.0803290013565004 0.156840790627019 -0.182011001529669 0.122514249639357
-0.0891466255996031 0.201159285439258 -0.210425016185202 -0.0681519785211026
-0.254569059327759 0.0613540123212884 -0.0784411412141483 -0.178904073489959
-0.276701181409631 -0.11804738413378 0.0517593687530012 -0.0410638114665488
-0.155625912842723 -0.197903477313048 0.123509146331311 0.109240404113377
-0.215695265247558 -0.110502061728847 0.040423381362402 0.271486582273416
-0.210136874616085 0.0448296367226367 0.230147159404947 0.265430346398321
-0.0645097634971103 0.165949810464634 0.284620704937022 0.0337506333312977
0.083998555838487 0.134843251835574 0.162492949113777 -0.122961739293317
0.142906868182152 0.0357724934476261 0.0409376585526461 -0.134930174829674
0.110986695105575 -0.0441897734123015 0.00831316200121722 -0.0823491924053401
0.0808152889876094 -0.0663726401867311 0.0322663576071375 -0.0094924948324491
0.083488249106199 -0.0586818188506974 0.0787887576962257 0.0436638073540745
0.129085442317045 -0.0283259810552515 0.0918700358225074 0.131156206369815
0.146416408807476 0.058205306906074 0.0226431061875145 0.217968397983409
0.0759078298640344 0.144272311317415 -0.140513313949986 0.162991538319248
-0.0909568349014107 0.177149380548122 -0.191779274321072 -0.0222659834605626
-0.227522605365119 0.0257492115380855 -0.068822424775857 -0.148305567062443
-0.213052247779447 -0.125019551847735 0.106612606548413 0.00915151810840062
-0.0711230646834033 -0.162633201688544 0.164566179078694 0.173226627718576
-0.146673543053145 -0.128915574900743 0.0407199332764359 0.284357654840627
-0.174916547985125 0.000984513420530305 0.174100709248277 0.287091069874055
-0.0683223343732585 0.123365086642847 0.245215650598339 0.11128638867685
0.0577768683856155 0.107676696043476 0.199834348214649 -0.0502032952377527
0.111630203406103 0.0309606148963614 0.10200792376162 -0.116515553075558
0.0885185925624881 -0.0377815917630925 0.0542820025670378 -0.0996359487667378
0.0585928581567504 -0.0589961068509749 0.0618431833731977 -0.0323098577907448
0.0616868699261585 -0.0560825658422583 0.105359722422305 0.0204741316637575
0.101215008034465 -0.0280106669006096 0.122007555258529 0.114332771000133
0.118573921526041 0.0470428786556385 0.0589360436225121 0.215024207361491
0.057571828098699 0.126305519904608 -0.110170099731238 0.184294170689315
-0.097783813221744 0.134071955460748 -0.173346221780252 0.0108605814914333
-0.183719356180374 -0.0200452919767817 -0.0581046380078628 -0.116285110012506
-0.122979168615232 -0.125275714462456 0.140958562568397 0.0581567177091727
0.0213758147054048 -0.0930940024022376 0.181063853843636 0.201614282385698
-0.0550354418641783 -0.104224676322363 0.0400223887371436 0.277727051421615
-0.0973858801305587 -0.0191478245109256 0.132415751015164 0.283546715869538
-0.0401883200322172 0.0626259430247713 0.213263773435597 0.152976712240255
0.03155731955144 0.0533314859325684 0.216735346791484 -0.00931934402130701
0.0621529788766888 0.0158429819724338 0.139561276652037 -0.105924059429563
0.0485328789592642 -0.027590648072698 0.0826511508729635 -0.111790199895938
0.0292504182170026 -0.0432377378775102 0.0810559324090706 -0.0494991650056259
0.0352847056065633 -0.0459824690073605 0.122350919960027 0.00422677027284598
0.0673017146427905 -0.0269067201139883 0.140982148186619 0.103705612711978
0.084539827068449 0.0316208846410076 0.0804309126033309 0.211936611817681
0.0363780387718094 0.100429450405603 -0.0951841756518143 0.197772586685265
-0.0964345363211861 0.0831153382572299 -0.165287059275939 0.0319412930602823
-0.121608948096218 -0.0586636293964554 -0.0537628015292276 -0.0910742459976549
-0.0208003851101007 -0.109562008900702 0.149865167675848 0.0985553737924979
-0.07017365464741 0.0730613165340861 -0.192912591840539 -0.108762989878422
0.0499046102012393 0.0509034063370106 0.00457265652592719 0.124568534106544
0.0571480150908731 -0.0354512034977462 0.191071118277725 -0.0315075783218212
-0.0273190139804361 -0.0455677341044532 0.114195541035139 -0.235635251217308
-0.0358715879266159 0.00699553028950895 -0.119303301485939 -0.232198311870893
-0.0167189785243027 0.0190614000554127 -0.187321645617415 -0.0888792585792688
-0.00353887654370012 0.0253274635047943 -0.144849337991962 0.00484622770166062
0.0103623578732641 0.0176493783100053 -0.0971065748783951 0.0692843551610685
0.00892189842729995 0.0113514443942144 -0.0836172955133169 0.113031982428102
0.00316335143851706 0.00573834713381839 -0.13011476355414 0.123175580112304
-0.00221352483320552 0.00804514541055754 -0.206195730014687 0.0330749636601382
-0.00212716958236863 0.00192262280090166 -0.214014513466428 -0.137689696261059
0.0225741974469655 0.0302118774144054 -0.141776686616576 -0.247045708697611
-0.0322851269313276 0.0655998655714844 -0.0676261594776432 -0.290015487284833
-0.125614559936015 0.030068727483612 -0.18050377769268 -0.218479089894362
-0.157921027077533 0.0187004933830373 -0.156536228949741 -0.112128956921954
-0.033678756202159 0.0632399094369743 0.0144037895415021 0.138122600517425
0.0187810057212975 0.0227209433980545 0.226323907188222 -0.0122692970896018
-0.00378309277513752 0.00296010305264791 0.140998953558127 -0.243827542989976
0.011823108700052 0.0281855074222838 -0.106852340520177 -0.245871552715393
0.0303687678296545 0.0122846530413591 -0.182936831728456 -0.0971526538075565
0.029110847521267 0.000502137503139114 -0.138498298087586 0.00501587844278456
0.0423751608750282 -0.00830240418317664 -0.0869703071531541 0.0698200009635135
0.050971082524455 -0.0081969520719624 -0.062214526532687 0.116637467951519
0.0685793271396799 0.00567540032267345 -0.101184685493223 0.145928773548094
0.0534900482937291 0.0559873764708474 -0.192384932898479 0.0861639883683197
-0.00499588665696589 0.0788944573112284 -0.234537615379159 -0.0896038223156568
-0.0540579407260948 0.0832341462386606 -0.172339417922874 -0.222264854604738
-0.139835016017055 0.0534394292587068 -0.0787779249008611 -0.262352153504688
-0.219563935386455 -0.0315758217423355 -0.147669947740404 -0.187326795134469
-0.223668905661154 -0.0501029202481998 -0.0976016730771792 -0.0891482103958169
-0.126493030618324 0.0549395791114284 0.0278575324597308 0.170162616493381
-0.0421309499744617 0.0796876571744519 0.270027893103277 0.0378520037455622
0.012385250110133 0.0668851681847142 0.193266630317956 -0.22984139707914
0.0614069649354583 0.0560862960452657 -0.065839198720869 -0.256397556110847
0.0804185528620366 0.00748011496718213 -0.15954931042281 -0.114104768886707
0.0624693091336021 -0.0237427879451515 -0.121060912358758 -0.00740838521967378
0.0683556131429992 -0.0339667857438489 -0.0654242040805363 0.0597461537212946
0.0806578464260522 -0.0296755559550763 -0.0270582331477469 0.109595425318032
0.117722230769109 -0.00637494374063921 -0.050127931472584 0.161637406896354
0.111638434870178 0.0738775273678907 -0.14706995796898 0.149912355543708
0.0276016593779018 0.133011986805097 -0.241672844332426 -0.00837567993106704
-0.0856756574757785 0.150442917385573 -0.209344967922077 -0.173764603461465
-0.216311310242017 0.0698105617524805 -0.0928614277094145 -0.232881166223439
-0.285190828553678 -0.0680178523288733 -0.0934901888252461 -0.141952656625427
-0.251616124773592 -0.119783036842756 -0.0211706728481778 -0.0422685651731322
-0.206070112772345 0.0197102721138334 0.0401358204261986 0.209600139167666
-0.116814869268383 0.113877629725748 0.298725251745251 0.113757959929276
0.0077726277816392 0.132460116011271 0.254593477135357 -0.177860906691352
0.0986693709999564 0.0907837739619291 0.00317771635050393 -0.247607822438339
0.124770894718423 0.00869946693864383 -0.112146261856079 -0.132429279017094
0.092416368501305 -0.0421915252549716 -0.0900393643456338 -0.0291569045254564
0.0831550698872621 -0.0552783807405957 -0.0359603824303774 0.0404760590834025
0.0952766615688012 -0.0476107264386851 0.0128182206936461 0.0911557217361625
0.143003829704309 -0.0235015118433624 0.00947590708627935 0.160800623819326
0.151800134164305 0.068114138607307 -0.0801140786598704 0.197635790776065
0.0693802642017619 0.154180642731126 -0.218432262544971 0.0752850786540165
-0.082662922639329 0.198803691667832 -0.226179145737452 -0.110771958303108
-0.251254701310374 0.0881285441122865 -0.0994749337510267 -0.203217305446165
-0.309359738824655 -0.0860194837537382 -0.0251422107938885 -0.0931313731043577
-0.232278239785641 -0.171798605531986 0.0586227400570673 0.0267011681220698
-0.244260842923803 -0.0381761240721843 0.0514634386326541 0.244339974430862
-0.182711285418015 0.104611462464844 0.292654930222452 0.191352526039264
-0.0207643672506043 0.173864282820843 0.293705554178527 -0.0888150415880731
0.110278199298279 0.120319261371473 0.0854012541109934 -0.205612446405682
0.149871955064267 0.0165290817688641 -0.0439207140676027 -0.141903913267205
0.108922987718649 -0.052440775155009 -0.0461112881168853 -0.0558878981442057
0.0852445263200779 -0.0680631953441002 -0.00130068230575176 0.0147649078189263
0.0929120570707538 -0.060811636835234 0.0511604689093586 0.0650260069008753
0.143457713192115 -0.035169366483835 0.0638167278694179 0.145105818228704
0.164635688862928 0.0549933834741321 -0.0107248625663979 0.217283641795585
0.091724987699808 0.151178382961332 -0.17316840025854 0.138741748110491
-0.0737263334634549 0.207029027415077 -0.218525728020671 -0.0509324259992864
-0.248877102125077 0.0813829275744488 -0.0955358473599127 -0.175130374087842
-0.285788773618484 -0.096704803281674 0.0465583853315068 -0.0457823163322023
-0.171887822906503 -0.185312372593172 0.129179234759893 0.100527002045514
-0.224544575875669 -0.0937423495643621 0.060134760634855 0.270158241202204
-0.207030918340339 0.0604167234402878 0.252496251468716 0.247971159324168
-0.0519600770329346 0.171085885210403 0.289240690352017 0.0114480883896718
0.0945200885533566 0.127682246478598 0.153695868325748 -0.136368835997803
0.145819117651872 0.0234693759768654 0.030330878607652 -0.137311415621626
0.106830287805461 -0.0521067366601446 0.00227765622241264 -0.0821743716763199
0.07478249854979 -0.0708949909387453 0.0323206701708693 -0.0128300083433771
0.0785228017152439 -0.0646310590494838 0.0836692195141616 0.0356960521740847
0.126735688452003 -0.0384322988057958 0.105295952302906 0.123375769979284
0.151004119139012 0.0453496040897294 0.0449124951036435 0.21728555985511
0.0869471940153621 0.138095766049541 -0.128033824849078 0.175244439123592
-0.0770717845310437 0.183022270878004 -0.196579484118518 -0.00634339790162527
-0.22538676479178 0.0450906663254758 -0.0833036675795999 -0.143857160583588
-0.222327479378075 -0.108100926252991 0.10631111280771 0.000546477265722708
-0.0850374913315595 -0.156383632676825 0.175369881022251 0.161168708381038
-0.157498304690421 -0.117216605736901 0.0619523195908896 0.28399550091677
-0.175259744738866 0.014348781089667 0.197952953883851 0.273846093848266
-0.0592266687538483 0.1290687111648 0.256375543837745 0.0925633194996484
0.0659452893217813 0.102645312320804 0.196332354104305 -0.0669996674150651
0.114555068455233 0.0208473968791915 0.0928204677677559 -0.124547292388697
0.0844661259902826 -0.0446464621097342 0.0465357411320915 -0.102881208786594
0.0527775269690218 -0.062413486005842 0.0603811515324648 -0.0368884712396056
0.0560169579372259 -0.0602389404521932 0.108278941346836 0.0109615534996297
0.0985933701137594 -0.0359764233380449 0.133526219215237 0.104531377948653
0.122656400444547 0.0365651822093167 0.0800474541240075 0.211216107159409
0.0669367956414199 0.121265468775615 -0.0955963176970125 0.194396291398577
-0.0869764415124816 0.140888987365901 -0.174545750562557 0.0251376183360857
-0.184970572481392 -0.00441701610185725 -0.0695841073126123 -0.111465570905864
-0.132589018325744 -0.115883287177499 0.145092873971889 0.0463945517613714
0.0126413208297011 -0.093596313663937 0.195872328534419 0.18924124943813
-0.064242134127661 -0.098703163020741 0.0609217930453875 0.277868751988654
-0.0982107558660614 -0.0116278529169744 0.157003108717219 0.273800342496408
-0.0351067174742553 0.0655605135061437 0.227794506543221 0.136356119446201
0.0353617845814405 0.0500577042574984 0.217014582824877 -0.0274871772793169
0.0634881331016946 0.00937190130358796 0.131103015951784 -0.116947515458676
0.0457328238072612 -0.0305123180191729 0.0737966077830511 -0.117149190558305
0.0241723080356198 -0.044289213092023 0.0780672073410538 -0.0548422680566258
0.0299210351355069 -0.0476167458454574 0.123603691804924 -0.00609135521048156
0.0638742792787153 -0.0327819285635604 0.151353446793279 0.0922975816673133
0.0868275362402184 0.0239598521249216 0.100254016878963 0.206119818346826
0.0441931626959039 0.0967687910411354 -0.0793933104565159 0.206978858857226
-0.0888668080635778 0.0899497759932796 -0.164300531165955 0.0463913067140045
-0.126492232986849 -0.0476098643656243 -0.0630604994655176 -0.0863374149056344
-0.0292870186895608 -0.107245370714887 0.156876392987419 0.0863505522160855
-0.063349819738503 0.0745753345790998 -0.194296249226665 -0.0978718521564182
0.0511342267632435 0.0468555161898253 0.00924017439062254 0.123642365644266
0.0531240646014357 -0.0367635011092162 0.186382517107918 -0.0380345986424164
-0.0293229693897041 -0.0412423770825589 0.102207094601548 -0.238211344482739
-0.0336699744319941 0.00915635752999714 -0.126490007915142 -0.221766615657165
-0.0155638677524217 0.0195137979678406 -0.187800095751655 -0.0789051852491434
-0.00122515509655811 0.0250538108722677 -0.143313567072508 0.0099085939634456
0.0122835130696205 0.0164605274934341 -0.0932300080782479 0.0700660925955913
0.0104291447394872 0.0104307598750291 -0.0776213906296495 0.112641469722943
0.00418962920596519 0.00563693639576037 -0.121770309594204 0.124699427552664
-0.0019596153203402 0.00957990294720384 -0.200037086046231 0.0402350424364564
-0.00235875455984485 0.0031637439080655 -0.216996923615428 -0.126328684757033
0.0221438459264156 0.0269903527004578 -0.148344142714706 -0.235892006185812
-0.0287274191749828 0.0630097707204188 -0.0766541168337064 -0.283703400266503
-0.120373434572211 0.0341696416501408 -0.18381170847654 -0.208128045360965
-0.152317132687289 0.0248982652778963 -0.160448075425795 -0.102650453605072
-0.0297319934690333 0.0617866110803071 0.0181569217267997 0.136441721485764
0.0180654142974511 0.0206923567193271 0.222172743317672 -0.0208302923454633
-0.00477753807801527 0.00468984033504263 0.129105582366811 -0.246671192738421
0.0133882576845568 0.0277935746225945 -0.114851318917808 -0.236306674936703
0.0305165568936397 0.0108526483143485 -0.183793058532751 -0.0874818672417174
0.0299601586530512 -0.000503067404617552 -0.136623300253793 0.00906179504043869
0.0422878126779112 -0.00970207497982017 -0.0825469041068092 0.0700185754442946
0.0504261541212373 -0.0107238110305749 -0.0562552290054449 0.114687901396216
0.0680642235697057 0.00351733567515265 -0.0917406811043078 0.145113886253078
0.0544674603744884 0.053382088892335 -0.183549316666727 0.0918764159252138
-0.00288875600194578 0.0787901950921667 -0.234798482733627 -0.0774141414994017
-0.0512992292807023 0.0821695231072457 -0.178447268308707 -0.21196543879656
-0.13390022266398 0.0547845329321686 -0.0878291938754311 -0.256820638862642
-0.214734976033741 -0.023321071179321 -0.151457212972321 -0.179296054304148
-0.218817294906934 -0.0396042208233819 -0.102002334817567 -0.082539330301883
-0.120154927841535 0.05700113009893 0.0318767128969363 0.167479045223309
-0.0382546472325041 0.0781692631810577 0.26730548826921 0.026415814910822
0.0131941066842422 0.065868429529195 0.181347053629303 -0.234279073359715
0.0623484423328222 0.0531429343866559 -0.0750351321369788 -0.248210542610991
0.0794094567631847 0.00406925208320781 -0.160876253475045 -0.105085162154423
0.0611777449511111 -0.0247155417108505 -0.118937141006315 -0.00351175870267028
0.0661327180856638 -0.0354294550016776 -0.061566204797543 0.0596887719202149
0.0794800136443726 -0.0321697615172644 -0.0217619384237097 0.106067646119348
0.115762610682177 -0.0112253150391272 -0.0405153568284169 0.158526687009636
0.112235009646723 0.0683859035618947 -0.13562103306332 0.153265153752288
0.0313299803162069 0.130786963933115 -0.238740241705385 0.00212053354637344
-0.0790460836733168 0.149143735792144 -0.21373735561849 -0.161985148976379
-0.208059563096838 0.0745648369471689 -0.101524906467738 -0.226377567785821
-0.280452155548339 -0.0561191203120765 -0.0973878518367988 -0.13630177008282
-0.249116630492895 -0.106889666724042 -0.0262979550639945 -0.0389815565467385
-0.199405414815274 0.0258227662368502 0.0449110001661227 0.20452607663491
-0.110251420950624 0.11439344961754 0.297881415440567 0.0990410652658035
0.0116882776968451 0.129584860965015 0.24355116074493 -0.18499325453117
0.100649725364965 0.0851960835611888 -0.00646414106671775 -0.243021604807103
0.122398185146223 0.00319697445944887 -0.114802387751791 -0.12486502025646
0.0888226936145247 -0.0439829359392409 -0.0885452474978458 -0.0253296218583586
0.0796732341002291 -0.0560865628619913 -0.0327920000258522 0.0394867813190786
0.0922208041783549 -0.0506087044529343 0.017397878156132 0.0862962118216127
0.139750702323431 -0.0285896066943345 0.0185941279498778 0.155274644974813
0.151669900142337 0.0608329228914656 -0.0666187140767023 0.196754905670864
0.0730663148654488 0.148924918896772 -0.211440021268806 0.0845703454061726
-0.0735318154968695 0.195488432223158 -0.228826453753546 -0.0992268225430787
-0.241446761733506 0.0950980628183173 -0.107809174498825 -0.196928988495461
-0.304739757545864 -0.0732815713910732 -0.0289013193384846 -0.0903282568595613
-0.233353276796477 -0.157388656926712 0.0552349981543974 0.0244229416786829
-0.240070812194473 -0.0283663770745726 0.0578540244110934 0.239309657842361
-0.175161582840957 0.10790973661959 0.294857786771631 0.176561529683992
-0.0144973813324384 0.170930746234433 0.284640353374974 -0.0987241154130291
0.112317946365708 0.113290991607509 0.0755007403398952 -0.205197065483956
0.147121427716294 0.00932385464503338 -0.0485147992315302 -0.136878928429865
0.104252117583588 -0.0545525776368204 -0.0469463176432175 -0.05265762766633
0.0805361145552382 -0.0685209727326157 -0.000214119478829366 0.0134799453024257
0.0883640363075829 -0.0625829979211803 0.0539232068556254 0.0584807587086855
0.139822916360907 -0.0400628258293584 0.0707783911226577 0.137843326169176
0.162767102920015 0.0470053363184152 0.00274114913627214 0.213143798281872
0.0946809070986026 0.144261873185052 -0.164897448565239 0.143878263682676
-0.0640975112391409 0.204008304932197 -0.218814179451877 -0.0414548812177216
-0.239662065677728 0.0888171818418192 -0.103733258590377 -0.167660847541697
-0.282842724542926 -0.0837933334694261 0.0424484305842322 -0.0468100981412646
-0.174405203026642 -0.173475667194788 0.126575246624414 0.0940496322512524
-0.223647015805373 -0.083451159993264 0.0668920034122382 0.263535382844199
-0.200962263730515 0.0655427791937601 0.257536493797079 0.232870411744276
-0.0454515441662771 0.169569734831968 0.285212728264065 -0.000671312835041238
0.0976307031758564 0.121841285649071 0.145824674501998 -0.141141416424479
0.14352728590906 0.0154526484361659 0.0240885162977228 -0.135411493506918
0.101795173639811 -0.0550333033183092 -0.000574702724547773 -0.0796930655902922
0.0699132061263263 -0.0708610941082377 0.0320629290624676 -0.0141649711163106
0.0739527864667261 -0.0658935554804925 0.0844477447156259 0.0302122130080653
0.122629546440853 -0.0422502687390172 0.110804064703378 0.115256991435357
0.149669973361303 0.0374953840807062 0.0568160420618998 0.210671776752672
0.0897825508074316 0.131774934729542 -0.118948405190127 0.177530129829081
-0.0685093423099 0.180131204770079 -0.194768663590374 0.00186779513759448
-0.217998726428028 0.0527276246262274 -0.0895485825557699 -0.137326385034737
-0.2215380003433 -0.0974781828662723 0.102852307760132 -0.00300730256123187
-0.0886795555980774 -0.148560462995356 0.17511584749436 0.151852301884618
-0.158784033895929 -0.108012001896471 0.0707650783832267 0.276766210990446
-0.170955766407756 0.020370421574148 0.205579374229048 0.260542039331772
-0.053318141575515 0.129225035578326 0.256043329072961 0.0809309583099393
0.0684676651711586 0.0974580295451871 0.189653401539824 -0.0747541246776397
0.112861608514184 0.014128444542324 0.0857315384494184 -0.125884586530326
0.0804537860137746 -0.0466177646113802 0.0411947244665334 -0.101503649613689
0.0489813570637847 -0.0611841175695857 0.0583701582047644 -0.0389264253945372
0.0515710524124169 -0.0596846842540256 0.107499910903713 0.00530356633317408
0.0945975773994222 -0.039371110487187 0.137326146419439 0.0968485379800119
0.121299910799699 0.0301321120151249 0.0914272005227354 0.203245013489974
0.0694798554681852 0.115536464850283 -0.0860919887725615 0.194740367761996
-0.0792808942061168 0.139544992242415 -0.171724371735976 0.0317646512751579
-0.180827565573415 0.00358478835873651 -0.0751692052041497 -0.10637837625697
-0.133570339719582 -0.107567589164585 0.143300577072691 0.0396539905544477
0.00814710601260924 -0.090782978895888 0.196413534385425 0.179646654450617
-0.067187059348557 -0.0928621866499562 0.0706395738280268 0.271306145836717
-0.096600939097212 -0.00718626091384148 0.16483287867686 0.261879358578485
-0.0315669358809365 0.0655951051791222 0.229711234917454 0.125022717248875
0.0361811311263151 0.0471872103711361 0.21103949756793 -0.0367538530496238
0.0623680544361051 0.00490120013834623 0.123648063637736 -0.120157608187349
0.0426997519371366 -0.0319733564200575 0.0675418483357978 -0.116831624985846
0.0206224176130335 -0.0427141249953611 0.0747642408908765 -0.0566290415939478
0.0256648803419762 -0.0469164188596005 0.1215935044276 -0.0109421004538963
0.0600310878611605 -0.0344290051378895 0.153657475685774 0.0848766957222018
0.0856009944651024 0.0191014723365858 0.109989687423288 0.197881990724973
0.0469743907027886 0.0920992593539083 -0.06949249810412 0.206830749032274
-0.0828820846035812 0.0907056220327322 -0.1602022304852 0.0513631503649771
-0.124985102724021 -0.0405240578801416 -0.0667140362393579 -0.0816722541992861
-0.032412447667206 -0.103923584201955 0.156176918632971 0.0773692694595775
-0.060877896010687 0.074110791511127 -0.195437352775415 -0.0956151404450397
0.0514080665256221 0.0455163961962266 0.0088281176760468 0.124720733729124
0.0515683311063507 -0.0372221348411017 0.186634823374358 -0.0383505109436034
-0.0291787187133096 -0.0393113788407081 0.102412608523333 -0.239394797455471
-0.0327159936521991 0.0101667797834608 -0.126555835294847 -0.221369697741814
-0.015063880241431 0.0199699309617812 -0.187485260441772 -0.0778247282750733
0.000545078725759729 0.0248900298172022 -0.14539626956038 0.00920446494192255
0.0130468001020821 0.0159616407039544 -0.0939637007350665 0.0691207138431764
0.0106769141471362 0.0094418566393035 -0.0774072817215817 0.111335574627827
0.00480705108818624 0.00572853336923385 -0.119849352422838 0.123054392781917
-0.00198503313734464 0.0104389855971763 -0.199514399203001 0.0405361969532563
-0.00268311583984888 0.00418385134101145 -0.217530587531938 -0.125297872368886
0.0206394396418251 0.0256513584970491 -0.147504293895349 -0.23587855767962
-0.0284655905336418 0.0603153956118207 -0.0753724319664012 -0.285427357129668
-0.11865766340498 0.0339560595161364 -0.181226863808884 -0.209208155723212
-0.148720986130147 0.0253275931633619 -0.162111715251317 -0.100511685252618
-0.0284751190698932 0.0600440670030896 0.0171009107954768 0.138043753060276
0.0168563864191406 0.0200799333284701 0.222509834619237 -0.0200276878574399
-0.00546836691799765 0.00632228198174348 0.129225420781713 -0.247465771541813
0.0140400095618113 0.0290995080712234 -0.114753430488813 -0.23487235672454
0.0304257819221551 0.0111190372558582 -0.183608560885503 -0.0866519860218947
0.0310247659357199 0.000144664941573416 -0.137258322554234 0.00833518669464863
0.0434856551465991 -0.00987856313665828 -0.0829889911919437 0.0689034885488949
0.0519369409874275 -0.0111991231245729 -0.0560247150373708 0.112873658693504
0.0685758680499203 0.00325276878430009 -0.0896228549568256 0.143498594292843
0.0545571687775351 0.0540899403468145 -0.180579214726053 0.0915711627231474
-0.00345724919215157 0.0798622463317015 -0.2356539877467 -0.0771983415614652
-0.0524482560973282 0.0802201781052257 -0.178888105432065 -0.211553508753452
-0.133091385425123 0.0521355422037338 -0.0876446381861523 -0.25885133103154
-0.212742590524379 -0.0238381378207056 -0.149419228941358 -0.179613696571976
-0.215926375139146 -0.0391035902236099 -0.104832409695401 -0.0806519771360286
-0.118567606488814 0.0554021171017251 0.0304656804365437 0.168484212056637
-0.0391849295030219 0.076318069540206 0.266619997321086 0.026437050063004
0.0124717897985175 0.0665680630420432 0.181271271303722 -0.234962377771791
0.0627492736958904 0.0536975122177384 -0.0749397329399345 -0.24707484309378
0.0792407193873712 0.00372650547671971 -0.160471651237421 -0.104352331603599
0.0618255762189309 -0.0241177247280089 -0.118757129324361 -0.00382838283691721
0.0668998149751289 -0.0350668460297414 -0.0620353617362853 0.0578092812135688
0.0802305622128897 -0.0331242227229094 -0.0215998392715443 0.103026508747292
0.116231264230518 -0.0110199838163155 -0.0377254061598127 0.156541655268023
0.111843227496613 0.0685228534097307 -0.131952165541405 0.152597707339716
0.0304470269860186 0.131399915611064 -0.238932682394157 0.00366069119364711
-0.0806326632400505 0.146775428230509 -0.214716754192202 -0.162212851996842
-0.206947738892435 0.0723403929239511 -0.102584036653008 -0.228150747633822
-0.279337781286338 -0.0570760632171159 -0.0968647432297361 -0.13611752231933
-0.245444813012306 -0.105140130739507 -0.02926902216512 -0.0377738008080735
-0.197719359871029 0.0250693105996201 0.0431245359461277 0.205903974659367
-0.11072723293246 0.111932852774785 0.29758576046761 0.0988222737959844
0.0101903897218324 0.12949775636833 0.243179485107259 -0.18588884196102
0.100570422064521 0.0851718398986753 -0.00704122474239502 -0.242278808580362
0.121997981670604 0.00230581793313821 -0.114267586643445 -0.124224637307994
0.0886045537432104 -0.0434443224421367 -0.0882826076024769 -0.0251989077394037
0.0797141119978468 -0.0547926282107751 -0.0325154892056738 0.0384375131515039
0.0925230089857683 -0.0505265748131109 0.0180184999107931 0.0834723227623218
0.14014907790334 -0.028818525488847 0.0207691708933906 0.153045119734635
0.150936736627983 0.0606372996288736 -0.0621134222308575 0.196011931744279
0.0720404947580568 0.149594868371655 -0.212053017922612 0.0853175642667042
-0.0740636313253626 0.193103824867295 -0.230425074004517 -0.0985825601997796
-0.239439962816321 0.0928086617817386 -0.110105513453639 -0.197465870683
-0.302948262378363 -0.0739548557379636 -0.0293993272902928 -0.0904970040601921
-0.230262990790524 -0.154866392055452 0.051355297492735 0.0251441999026376
-0.23791377209775 -0.0291798251970751 0.0548770341508699 0.239366030642744
-0.175325577945375 0.106072162656054 0.294961011382604 0.175367567292479
-0.0148969376470778 0.170828087356585 0.284558936946972 -0.0991834674345838
0.112131313573349 0.11356706677847 0.0754941310401631 -0.205236625056775
0.146674572265984 0.00779631684903244 -0.0483003307197932 -0.136089149704763
0.104044877887418 -0.0541423846529656 -0.0463569729331429 -0.0522116259719309
0.0804645132078015 -0.0666126422868743 0.000248822381628318 0.012569566965907
0.0885198568514367 -0.0618972730376383 0.0544271873034921 0.056508242212649
0.13946824706998 -0.0401525206472058 0.0729992967699197 0.135849916065319
0.162255271580969 0.0462523611058083 0.00768121056842182 0.212098751008743
0.0933626132883621 0.144346117707733 -0.164622845608646 0.145162099667917
-0.0644781918144098 0.201061703735099 -0.22145920651667 -0.0404549464394108
-0.237973307520116 0.0879633901536082 -0.105650071131011 -0.167082037951889
-0.281542805794689 -0.084520885693472 0.0412805617693705 -0.0458892685330052
-0.172630819745902 -0.171927484538623 0.122654566241611 0.0949810815265225
-0.222450815185322 -0.0830294744732526 0.0642985501961238 0.263644394558387
-0.200922301809359 0.0636732608599026 0.257012293524863 0.231835365712754
-0.0453734761469157 0.169299897355676 0.285351982992491 -0.00105258172074881
0.0969921514352859 0.121477849813753 0.144362867874685 -0.141510245750994
0.142276336265422 0.0141501089626798 0.0237959913545744 -0.135385220927091
0.101779106211301 -0.0545930620967675 -0.000100941228773853 -0.0791508225181435
0.068993915321304 -0.0686104700893963 0.0323922430310847 -0.0141817112681754
0.0729717897412472 -0.06473121298108 0.0843452736641958 0.028276703295478
0.121978659163928 -0.0426340995402774 0.112255706051844 0.113534822053869
0.148891798996037 0.0365876551846022 0.0609920178567042 0.209483412038874
0.0891987775243176 0.131213217108066 -0.117922581284714 0.17837051094827
-0.0682681537342853 0.177986248163893 -0.196808109960711 0.00286248526011068
-0.215945371166356 0.0520686540771269 -0.0924936442777366 -0.136031817029034
-0.220414334574465 -0.098156583083145 0.101897766923831 -0.00298410783011795
-0.0882178314435896 -0.147046776235897 0.17112524886169 0.152618679760163
-0.158621036276465 -0.107035799572706 0.0685794808683688 0.277046677662446
-0.171161179698426 0.0193456939513455 0.204654216519057 0.259201788172694
-0.0530610024851847 0.128710138052634 0.255666356487068 0.0793602150333528
0.0683411546133459 0.0973533530844592 0.188872945940165 -0.0760381902735916
0.112112259286373 0.012786824727393 0.085167711974588 -0.126404997525342
0.0800848771446311 -0.0463949473602967 0.0413344688726395 -0.100479655775012
0.0478101223043467 -0.0587391506754735 0.0590416810801036 -0.0383695419721314
0.0501043659585122 -0.0587284069559499 0.107708666719002 0.00442180467338344
0.0937756194696544 -0.039221477393005 0.138925923309518 0.0954838546431435
0.120308403171472 0.0292721137162268 0.0951377007774872 0.201761971596978
0.0696956777332466 0.114862274686414 -0.0849778593215852 0.195852209230712
-0.0789680406931727 0.137723909992732 -0.172694093255919 0.0318945070254021
-0.17876833256461 0.0043851110454339 -0.0775695364662656 -0.104772625229538
-0.1328018263325 -0.107464723837389 0.141548755634136 0.0390499339262987
0.00767360869223252 -0.0893280895026379 0.193476265676486 0.180086551534458
-0.0676291633083225 -0.0906461168820899 0.0692529264764707 0.272307729783137
-0.0963502084298534 -0.00699732507736162 0.164725539003587 0.260964055234687
-0.0314885237410116 0.0654203717353339 0.229778613562251 0.124256586100846
0.0360762924879888 0.0469863380623484 0.21001053041876 -0.0381847704092657
0.061307493037309 0.00288848155341287 0.122112647020438 -0.120223721649186
0.0421045671222419 -0.0315017308359623 0.0673318929997732 -0.116220870719585
0.0194372651546387 -0.0407956049306667 0.0751266948711053 -0.0561936263790035
0.0235898896702677 -0.0455515495645084 0.121901848107859 -0.0114575159268118
0.0583738090029972 -0.0344964511128767 0.155141521947395 0.0838699334809543
0.0846589138298689 0.0179152374002999 0.112347342324773 0.196007171212737
0.0473527709028171 0.091536587908471 -0.0691882160188786 0.207274820680695
-0.0817147240033587 0.090239724355961 -0.160842122852659 0.0513008562596603
-0.123834115396886 -0.0389222844669119 -0.0683244573647324 -0.0802930162988137
-0.0322383299023646 -0.103300157701624 0.155537817502378 0.0758795177790559
-0.0701491784971027 0.0670354203579398 -0.191423156732569 -0.129835816834001
0.0453374426393829 0.0525835069964267 -0.0124769755425523 0.133454795371186
0.056463251226916 -0.0292350431440072 0.198507055015698 -0.0083597259611539
-0.022124086725797 -0.0423407924995292 0.138481847552297 -0.230495230343356
-0.0323490549280328 0.00479178008390052 -0.0972413789187325 -0.243865212436765
-0.0178398881983173 0.019119766517572 -0.183351642967094 -0.109023312555681
-0.00294006267419706 0.0261836126405541 -0.152633805548656 -0.0112382911466574
0.0112979594190627 0.018760404036417 -0.107819379379283 0.0544405189387505
0.0100649605262366 0.0124930711329099 -0.0978665624899778 0.100630949814319
0.00506716970756526 0.00858045977139522 -0.141240492633661 0.105339337075648
-0.00462507166176231 0.013808236140154 -0.210584517693322 0.00807105338660519
-0.00650376149242085 0.0075198480046864 -0.204165924216678 -0.164406857895286
0.00974638106289114 0.027678420780533 -0.111227225751439 -0.266978346322171
-0.0425241785114838 0.0534091127489923 -0.0267106024402942 -0.307577862186049
-0.128015791159738 0.0155661280455127 -0.147770707100833 -0.248160187344293
-0.152583498776848 0.0053629212621983 -0.151234681407582 -0.134626490441948
-0.0384357819689347 0.0546738000423771 -0.00468729924284213 0.143916370035834
0.0122887089511406 0.0223623172504951 0.230886189666033 0.0104775666717852
-0.0061810630560615 0.00745434881764775 0.164493237102059 -0.236058346337955
0.0114503402747818 0.0313179531659966 -0.0854258337802512 -0.256883524268343
0.0297674115043701 0.0175084858084482 -0.178215298125534 -0.115837208360246
0.0327302195234317 0.00626859466397451 -0.144432986050928 -0.0114159492434174
0.0470131509169798 -0.00258504717223405 -0.0961298830124103 0.0561422418695552
0.055676993695619 -0.00217234116095034 -0.0753116219447072 0.104120824928777
0.0698246495622438 0.016106098679389 -0.11314944877818 0.129590928526665
0.0453343369111091 0.0666979257630623 -0.198525020358694 0.06339061612922
-0.0194433464782386 0.0850891114022606 -0.231270553070865 -0.118253703587848
-0.07315980760278 0.0717366089161327 -0.14722296579989 -0.246524075147262
-0.146653454601557 0.0276001935254535 -0.0443035556849085 -0.279153904572962
-0.213768381283602 -0.0595124422599707 -0.121113638626191 -0.210991271040847
-0.211957686869311 -0.0679222541568201 -0.0884362234474512 -0.108101920287987
-0.128693406898809 0.0364960296664416 0.00609244269543153 0.173456732792158
-0.0531481187091659 0.0705995344977362 0.268805336466177 0.0607862450862
0.000732117571357803 0.0713378592732689 0.214227468027523 -0.217292300118909
0.0556738603655369 0.0645752621366039 -0.0456157303884419 -0.264601164996651
0.0799246768901054 0.0176916280761069 -0.152246461607575 -0.128466448206349
0.0683027779234164 -0.0134317633519424 -0.122914042932633 -0.0211367450449554
0.0749346390319253 -0.0235189336629292 -0.0719192667603964 0.0478818014466342
0.087722556923839 -0.0191588008749612 -0.038310530867337 0.0994515983834059
0.119954525655234 0.00829803330388774 -0.0619250687212642 0.150200895195982
0.101552079942142 0.0898890426423463 -0.156753794221455 0.132684362184356
0.00706022330894966 0.143298880338064 -0.24760667724421 -0.0366733131820632
-0.111235378644167 0.13545456678323 -0.19178703645226 -0.20176479198979
-0.224033812701331 0.0360624432916195 -0.0638834796118138 -0.247537092031075
-0.274473150538969 -0.105936339669213 -0.0747289964220055 -0.155621584570888
-0.233481655035155 -0.139842582450736 -0.0120191037165145 -0.0529342153408356
-0.203739385050754 -0.00672534578568403 0.0169709241057027 0.210913949414314
-0.131184902141966 0.0953069370148276 0.290869347450943 0.134046772054637
-0.0123402321748897 0.134137767842779 0.269052633844182 -0.161051755750294
0.087709318110634 0.102415624383773 0.0208929989129128 -0.250077213421032
0.123072336278121 0.0225349494758626 -0.104609599689384 -0.140566040026793
0.0983791947751979 -0.0289968126670733 -0.0894150786339715 -0.0379999266825698
0.0908718881309757 -0.0416083114853072 -0.0385666374908653 0.0329662546598593
0.102289002106972 -0.0350408598354248 0.00488758646136888 0.0852084925983366
0.147374404198 -0.00604748394227886 -0.001589961349916 0.155744041559206
0.143362697088795 0.0872796462328689 -0.0911239864131808 0.187226269775437
0.0472507142456812 0.16834723175516 -0.233634673687667 0.0520093171752296
-0.111452487559247 0.184456141101462 -0.218261368639568 -0.139147034984639
-0.259833860108196 0.0524900560918993 -0.0766645279369258 -0.216474612974454
-0.295540289235929 -0.127611300469388 -0.0132968588147048 -0.095233575485054
-0.211631457626777 -0.189631546631483 0.0650732481274954 0.0252805604943935
-0.237529479470905 -0.0676805798459237 0.0277404519243477 0.247082549498
-0.195587256884492 0.0792107547839108 0.279844826886474 0.208808744529207
-0.0448215981026111 0.171181894473725 0.30021259241757 -0.0706832526598642
0.0945324459929657 0.133448055261558 0.0984561057733858 -0.202258637350007
0.146337627167437 0.0312041394571988 -0.0351532714455603 -0.143093571831027
0.115542897752248 -0.0376187569990039 -0.042703851031694 -0.0595143343413166
0.0935082309110026 -0.0533369983861149 -0.000546672281684664 0.012417359291371
0.100551206617867 -0.0476139300236069 0.0468507756473037 0.0634999359715075
0.1486711398864 -0.0180975297317704 0.0546874615281994 0.146586857009327
0.157731296325896 0.0739183309232424 -0.0226591368657666 0.214727697095854
0.0713428163679398 0.165270454463 -0.194387962823413 0.120885883257724
-0.100629251600761 0.194864631846544 -0.218109018744026 -0.078168713900192
-0.256495776472846 0.0485823404803074 -0.0787008239970191 -0.18318049982148
-0.271087941974579 -0.135255894557334 0.0525405400635531 -0.0376969306654108
-0.151465716269939 -0.198195408690746 0.127477588920407 0.110961512058248
-0.213792164309975 -0.11912801234225 0.0355825633901925 0.275416174500253
-0.215952462702746 0.0330638134743928 0.235136341369243 0.261439733189245
-0.0754124985901224 0.164770438718496 0.288483471528454 0.028344001781971
0.0780773366444446 0.139231273285044 0.160422501791239 -0.129145572439509
0.141154113399683 0.0358539636585596 0.0385896372825356 -0.1315798420864
0.112676295688233 -0.03932699104577 0.0083783832721364 -0.0801136729415209
0.0816377949462423 -0.0568296857313739 0.0367159306036243 -0.00954710670386644
0.0842647960061222 -0.0524887247864437 0.0825144729866975 0.0400963129330979
0.131436374953663 -0.023437227969676 0.0984461590247705 0.13103301005504
0.145833577481721 0.0607516736257558 0.032440890323246 0.221281258416979
0.0697675200781922 0.150910730721791 -0.151061489299022 0.163044396081219
-0.0995984407600684 0.170383415124003 -0.200424882838893 -0.0289149857308334
-0.228348246729072 0.0176113713619489 -0.070516941960944 -0.148461658596179
-0.205796795501369 -0.138105543267385 0.10684883953059 0.0166932561561134
-0.0697746984182247 -0.161404774098571 0.164843102576203 0.181590327457942
-0.145117584823554 -0.133171727273568 0.0375481137919127 0.293255822967174
-0.178387193446533 -0.00742041934226533 0.178495671644705 0.285309280975214
-0.0761011408654971 0.122284789300746 0.249373990177664 0.108956764673375
0.0531274716760129 0.110252818144648 0.197401067257491 -0.055206362269405
0.110174373580187 0.0293054803457007 0.101177763925898 -0.114464247169884
0.0888758065787902 -0.034928643769501 0.0544527989988144 -0.0977085708912446
0.058281663867099 -0.0505362692062861 0.0675681831447355 -0.0294707798739634
0.0593532612938841 -0.0505650120882402 0.109758076485317 0.0206388064275043
0.101645722422356 -0.025102937320214 0.128430073436237 0.117116343007637
0.119250519303055 0.0484836332197567 0.0678810842441417 0.219791214354179
0.0538413598608394 0.129958081229565 -0.119544821553217 0.18666798291261
-0.102845769951399 0.128435246171344 -0.181012342070248 0.00460996320153925
-0.182681031772796 -0.0240704070166976 -0.0616623199289135 -0.114153759837039
-0.115379182737934 -0.133852010747307 0.139868419803672 0.0659172516081518
0.0193206742113065 -0.0896730378555483 0.176901680700201 0.216716141601922
-0.0562465184270531 -0.101346492121609 0.0374898144096306 0.292610381341766
-0.0980459799726288 -0.0221074971543384 0.135714487145065 0.287153142536786
-0.0431173409803019 0.0618949346800639 0.217033795234288 0.153587190356546
0.0289617960248163 0.05405045817351 0.216141948825216 -0.0112069114043591
0.0603106539131694 0.0112356961902911 0.1410529473137 -0.104148858523958
0.0478919172854387 -0.0262725864354738 0.0839379887868375 -0.109488674358162
0.0263182202955687 -0.0368283425903818 0.0868663489200932 -0.0446010589506569
0.030631051140946 -0.0421085363091553 0.126447467405907 0.00691045589513474
0.064831256400086 -0.0258857932259097 0.146692744237229 0.109238289793147
0.0850359548576485 0.031165126398445 0.0858345877106852 0.217967027404859
0.0362614469525608 0.101603490270982 -0.10464763120545 0.200973944981441
-0.0976708014395184 0.0808198982381127 -0.172385030660679 0.0268908101523735
-0.11949816071104 -0.0585849323502935 -0.0577116136213573 -0.0886231422031244
-0.0143557595485602 -0.112242580715576 0.147464282792169 0.104594372694316
-0.0718747195276934 0.0712964932772994 -0.206380939919081 -0.133409187659269
0.0487510976204281 0.05409740278917 -0.011901770879534 0.145400655571115
0.0587909498023782 -0.0318856935363595 0.211773039663959 -0.0103817847811849
-0.0235029742510603 -0.0435689680678051 0.144718511937548 -0.249537135142179
-0.0333263116531263 0.00622040203997887 -0.106903369244314 -0.259996486027214
-0.0188110395318993 0.0215810362160297 -0.196895443189844 -0.113278862203456
-0.00144013732799568 0.0276318926359654 -0.164778360072828 -0.0105229490555123
0.0134553188907691 0.0193947417409678 -0.1163000771635 0.0585026812564027
0.0118456510577435 0.012533676926184 -0.103951240663602 0.10717882861989
0.00651396426745449 0.00933463896443924 -0.148899069229978 0.112676875966084
-0.00435837157278442 0.016484950689216 -0.223490059549707 0.0104475381515555
-0.00742850571466322 0.00854090293873783 -0.22062522346644 -0.172994031518129
0.00922404274670798 0.0277249461640086 -0.119859684806663 -0.283814941870152
-0.0449239656976334 0.055023999267473 -0.0298503389327598 -0.330282319831245
-0.135305920835284 0.0171815224953439 -0.156835876833891 -0.264903048018238
-0.159933198304893 0.00729798487446617 -0.163310478505521 -0.138361922534135
-0.0392931968712106 0.056767578006186 -0.00532073095251088 0.156302450525976
0.0119972904052941 0.0226697167018963 0.24637027146617 0.0101030609025316
-0.0069231167697316 0.00926336671549988 0.173293148790316 -0.254598268286329
0.0132079409869382 0.0338803543128843 -0.0936403067511497 -0.272232011950749
0.0318401322797012 0.0189902475448523 -0.191260997950611 -0.121415506092019
0.0359182634016492 0.00595198355228263 -0.1555187405451 -0.0111311689206068
0.0513164299319626 -0.00354659082538674 -0.102841436899997 0.0591897681533424
0.0597308798377335 -0.00287963405738871 -0.0803742304371096 0.110576482327765
0.0755845048270785 0.0164830649723315 -0.118088017607389 0.137402210928641
0.0495068170443066 0.0721722879889831 -0.210435816984029 0.0688806732925654
-0.0204594166114568 0.0921944996072462 -0.24900258481275 -0.123113998810675
-0.0791119550993596 0.0746281577860564 -0.160110198115819 -0.261853355339859
-0.155771865658534 0.0274612890636716 -0.0488006690786823 -0.299371883532127
-0.227038165615953 -0.0625403938552061 -0.129976710798188 -0.22448790865522
-0.222940946566994 -0.0705945828130548 -0.0982300816214817 -0.111474183532064
-0.135331163359075 0.0377107865764336 0.00547632294025232 0.187531199526173
-0.0568261739307247 0.0742687451633532 0.287483871858191 0.0628281943271955
0.000986920394776334 0.0762396254229507 0.226267648370757 -0.234649843354014
0.0608806870570003 0.0681881921195771 -0.0517329694792555 -0.280049628116563
0.0851588179904254 0.0179048406710175 -0.164565343083242 -0.135124276419723
0.0737198839233549 -0.0149963401324596 -0.131872361487619 -0.0212955136902306
0.0809007468478113 -0.0252551543399386 -0.076552849101318 0.0515056351198301
0.0941420213002388 -0.0215350057015278 -0.041155807619345 0.10508083571262
0.12964867506023 0.00723615901397839 -0.0627460026951645 0.158757616834626
0.109727022501512 0.095441406784562 -0.163337990330289 0.141974911075859
0.00844198988556408 0.153816391938084 -0.26660148261117 -0.0361641966449626
-0.119154934958232 0.143371519152688 -0.208244923455039 -0.21315935401547
-0.237899407956777 0.0376181156506411 -0.072518138244294 -0.265810729292985
-0.292672502682315 -0.111303780873836 -0.0799019597655275 -0.164707621112719
-0.246830853177238 -0.147027323704298 -0.0167751159470738 -0.0545710644505215
-0.215950606936423 -0.00686610183281799 0.0164344337714243 0.226828722802845
-0.140197708041144 0.100645079605395 0.311482467004669 0.140572959338855
-0.0121645333059704 0.143457458611305 0.285532992144206 -0.175563188239582
0.095505925258001 0.108431574156611 0.019344036287492 -0.266533132163184
0.13096111190679 0.0221267371424917 -0.11277327482524 -0.148464619690416
0.104916730729959 -0.0316620962969666 -0.0949362939151837 -0.0404022407868367
0.0976550542586734 -0.0439052861041191 -0.0405716987221178 0.0343780126924956
0.10976275986433 -0.0384306035508226 0.00561867673974362 0.0889627807439717
0.158392975882142 -0.00820787405145502 0.00179459909431609 0.164562192763469
0.154016275956605 0.0911115413855197 -0.092214074165086 0.19968617482564
0.0522363950785577 0.179477432340382 -0.249838131907681 0.0591987300759331
-0.11829020825688 0.195549900736272 -0.236790245655855 -0.146108725211169
-0.276022590278183 0.0564949103825508 -0.0859619278502593 -0.229965589512869
-0.315407005188362 -0.134644536980208 -0.0152876101682863 -0.101098526916709
-0.223699982780029 -0.199911203497936 0.0651749581499763 0.0280384389432314
-0.252246079766951 -0.0711278123527618 0.0280713151316364 0.265202236232253
-0.209276758779518 0.0838187913844091 0.299899198471778 0.220100757163033
-0.0469023502481322 0.182835914517829 0.319788987385668 -0.0786539084906183
0.102456750327254 0.141176084158222 0.101916160275851 -0.216553548012239
0.155449378304136 0.0307006872184914 -0.0397687321333351 -0.151375130530851
0.123105949114015 -0.0415285299608054 -0.045603962232816 -0.0631676552470081
0.0995042859591628 -0.0556556325122731 0.000118273983118593 0.0125308547792982
0.106534741010204 -0.0509403426732648 0.0501885014113883 0.0652810962513781
0.159331677793501 -0.0215816199567469 0.0617798065965664 0.154380074862292
0.168797257069159 0.076910824897845 -0.0172605577885428 0.22857774856343
0.0776859081323434 0.176220839514327 -0.206726152242183 0.132179507040749
-0.106917843782408 0.206425745679123 -0.236318547529882 -0.080941671677237
-0.272325169688157 0.0531314326179889 -0.0877802281016001 -0.19417506351942
-0.290109478088467 -0.141917770466863 0.054785404566929 -0.0398696859405739
-0.16078950118992 -0.209413686640057 0.132320155502522 0.11865270121658
-0.227605090200419 -0.125369878402102 0.0365158863920481 0.295270462067797
-0.230827051485624 0.0356744540375186 0.253230585766421 0.2766331970053
-0.079066810589679 0.176475515697094 0.307363437981861 0.0278166407901357
0.0847053735629034 0.147382578702468 0.168837745985951 -0.138844352051128
0.150211128479644 0.0351497165103408 0.0389712452531139 -0.140167625210561
0.119553189475913 -0.0431583871309978 0.00809108645088495 -0.0850141671578052
0.0868959097757167 -0.0588478110345718 0.0396426580574936 -0.0106604759338566
0.0887150448619606 -0.0557540045676738 0.0884613743456068 0.0405341878543228
0.139785321716322 -0.0269709933337262 0.108036073800006 0.137555435690786
0.15634817269124 0.0628204932120178 0.0410980035906848 0.234063738770617
0.0761152829010711 0.159555839591137 -0.159833517307275 0.176863306929024
-0.105570067327659 0.180607745259881 -0.217174386337476 -0.0287855126928433
-0.242130242508871 0.0204981781288599 -0.0796429359415047 -0.156071522081995
-0.220868892188061 -0.145933033960047 0.112944851835426 0.0167169649844038
-0.0742954210822564 -0.170603544722437 0.17316753893602 0.194023730499448
-0.155974645388438 -0.139400098928062 0.0397556242127331 0.314256533366653
-0.191282983514666 -0.00680551378228019 0.191735683637182 0.303388584308134
-0.0799903135204401 0.130804129264359 0.26581007528889 0.113766731206016
0.0578950699819961 0.116935036361066 0.209105310146119 -0.0608105604279693
0.116634725180119 0.028480142440821 0.10572676680119 -0.122157951967758
0.0940395527846486 -0.038480944779966 0.057005853971135 -0.103266288050277
0.0612071454323702 -0.0524784065916511 0.0729457286980941 -0.0324624044529804
0.0615896472418881 -0.0528425616977598 0.117417987164598 0.0201064851386486
0.107681561518546 -0.0283749043517228 0.140169621901333 0.122673409559747
0.126998265541132 0.0494557740938535 0.0783148487105946 0.232694494827806
0.059108310347254 0.137054338461209 -0.126344216573724 0.200879323606246
-0.109060277506124 0.137030112576232 -0.195408933207065 0.0067746149382021
-0.194032266754539 -0.0243167095605087 -0.0683810181388975 -0.119783920615426
-0.124909886917626 -0.141790075373953 0.148532276494844 0.0680811825557506
0.0198845718656862 -0.0940756594050563 0.187056553767047 0.230879819048526
-0.0605019814231713 -0.105690959217536 0.0401050028996086 0.312480659979914
-0.104691642918729 -0.0228589841610083 0.147253736154549 0.304993810697623
-0.0450351429509027 0.0661363614487087 0.233438056428236 0.161895424900695
0.0317248716996588 0.0566448724667294 0.229079362556699 -0.0147295991593025
0.0631073588033623 0.00923682366432226 0.147881494706199 -0.112539468341755
0.0499645647543576 -0.0291401259087734 0.0881081239980284 -0.116649233333825
0.0272544794389794 -0.037781188127032 0.093672082704684 -0.0484422885946665
0.0307399520045458 -0.0437350937814088 0.135511339940013 0.00589259081151774
0.0675215886183918 -0.0285945933482655 0.159143772797987 0.114082251022918
0.0900617175672292 0.0312763472021578 0.096270196669447 0.231198024933381
0.0397226876410177 0.106869174377698 -0.109506632866471 0.216849176762576
-0.103339256231656 0.0860361816551126 -0.184783994844678 0.0300312209891603
-0.127116947064291 -0.0603810837534045 -0.0627879184054019 -0.0931048582181108
-0.0167520805984163 -0.119017556438697 0.157330505963572 0.10856515811834
-0.0716611749449559 0.0791353407159418 -0.227790249023703 -0.12875274561186
0.0553634512349154 0.0537319221020427 -0.00493460677100019 0.159381736832773
0.0598831539682921 -0.0372053432225555 0.225731662303558 -0.0208254641028624
-0.0275101821769242 -0.0447212148914293 0.141477916682491 -0.27705632409649
-0.0340865184688663 0.00862485726601914 -0.128845764373071 -0.273694701961768
-0.018282373314554 0.0251096791742733 -0.217979391563184 -0.110386735285306
0.00138423132693487 0.0292911909936898 -0.179011921018258 -0.00275788967633398
0.0170064848343018 0.0193716567129734 -0.123201697259735 0.0685558040086071
0.0141730075719083 0.0123874509916799 -0.106789990771578 0.120453062316212
0.00775771225188675 0.0100389410888928 -0.152956602854599 0.127261852342487
-0.00376215609911567 0.0191939979142212 -0.239208688544449 0.0221240490957981
-0.00780297159244183 0.0102196307455829 -0.246308553501219 -0.17286705690544
0.00935503035141021 0.0278157185971794 -0.141750582209447 -0.298862731632215
-0.0456632559589309 0.0584166692530981 -0.0480559032086478 -0.354643264144852
-0.142082805534882 0.0250218593244347 -0.179644057426505 -0.276203897956438
-0.168266735975659 0.0155679245071161 -0.184326352358801 -0.136123540226791
-0.0385786570216899 0.0612516033923059 0.00184199084857293 0.171242096778505
0.0131912526718727 0.0230909387184206 0.264457720766982 -0.0012550029363782
-0.00727731535032037 0.0113611771979475 0.172216511821859 -0.282911050629761
0.0177096666678822 0.0360026239266421 -0.115165845374882 -0.287561426598891
0.0355242934627363 0.0193511180483115 -0.211916284730235 -0.118453255436454
0.0402504079187069 0.00431852301533323 -0.168349545893842 -0.00408666989301827
0.0562902329222069 -0.00654008731586377 -0.108527985455028 0.0683340914119302
0.0657216360995185 -0.00675254183935774 -0.0811862410011216 0.122004130654998
0.0827369637391894 0.013484536997221 -0.11831342120335 0.152636173997013
0.057543962466645 0.0765318678228445 -0.219962963271261 0.0837840701078462
-0.0176951852045465 0.100577016553777 -0.274529377332158 -0.118352866310771
-0.0833298841602346 0.0824415270285864 -0.18538243592519 -0.272551132935011
-0.165708382813607 0.0347645488738832 -0.0684592410115248 -0.319840799454319
-0.245164936899687 -0.0569194845198513 -0.150230531693893 -0.233745907743654
-0.239261711698407 -0.0642601230954813 -0.113533277608774 -0.110865592995235
-0.141893245066081 0.0454645270460941 0.0140818105768801 0.204278624806481
-0.0583555557350039 0.0808533049386552 0.31120766168687 0.0525229006676882
0.00442992037150326 0.0822402855130362 0.230790699014901 -0.263819373121547
0.070058242092648 0.0699402041661568 -0.0698311324470802 -0.297774324444868
0.0922226713955881 0.0149654285762523 -0.183513199944946 -0.135406963335815
0.0785061780267016 -0.0198863199621689 -0.143126429648457 -0.0166976878090208
0.0869938390615439 -0.0308580970685166 -0.0801157982653125 0.057595115123053
0.100951445910407 -0.0278986686035212 -0.0390579795390152 0.113127394755286
0.139747114864918 0.000930989024401488 -0.0577684964969423 0.172019762507057
0.123254455819541 0.0975321070088401 -0.165272490533822 0.159221215273471
0.0166625968292584 0.165452216443441 -0.288102053898282 -0.022866991089224
-0.122432143241579 0.157699218650746 -0.23662124541951 -0.217842291727653
-0.25251793528672 0.0492301447344322 -0.0914843185874066 -0.281305041256976
-0.319037263295391 -0.105706846995293 -0.0945151222351421 -0.172726107776717
-0.268416874752556 -0.144989295845401 -0.0238124405426389 -0.0540856613452324
-0.230105327584207 0.00191432025154777 0.026319517122846 0.245755881121938
-0.145879797117268 0.113304077212499 0.341010298437713 0.13524704453614
-0.00657879013226346 0.154159909438233 0.297649737443464 -0.202555532077405
0.108626622546529 0.1108474088859 0.00671403942786878 -0.286348842403041
0.140915081871293 0.0162609012322361 -0.128421029180678 -0.152449573536224
0.111058480876239 -0.0389886014100129 -0.103176043989971 -0.0378323700752001
0.103510887747043 -0.0512333760085074 -0.0421984433858685 0.0378368856424943
0.116868565056965 -0.046266613543148 0.0101166651100833 0.0931990759862918
0.169630988781843 -0.0175811479254586 0.012568924636155 0.174092454769954
0.170422009241992 0.0904673510629203 -0.0844518709739626 0.216633678814352
0.0651099988659962 0.189918444100087 -0.26523258487952 0.07800988225953
-0.118469532756192 0.21317865597785 -0.264873011850842 -0.14297530295236
-0.292462328136577 0.072504343270941 -0.105544504083275 -0.241766728195793
-0.34549767984621 -0.128209038677782 -0.0214652962020891 -0.107168822121089
-0.247618211141986 -0.202425325523457 0.0678438496575455 0.0293202951828562
-0.272166450628624 -0.0636147073379227 0.0395822683061391 0.284970592753295
-0.220710395765489 0.0988743263942301 0.331779247884465 0.220903982939214
-0.0412629560557307 0.198159025285412 0.338687475945456 -0.100275314348187
0.117379300675159 0.145143643695706 0.0970435901977705 -0.236807867396762
0.167172528831063 0.0232874813566779 -0.051449034464926 -0.159751853930817
0.129438571479851 -0.0505019874592695 -0.051820904445825 -0.0653734923681873
0.104730996138741 -0.0635495804594015 0.00119185780564238 0.0125435344823774
0.111730346084951 -0.0592807537947035 0.0567005805865519 0.0659654863858105
0.170235077840336 -0.032162588932477 0.0761550544348909 0.160594793429567
0.18484801929534 0.0728585247180493 -0.00328313107473792 0.242810774115399
0.092462518086045 0.184024836359048 -0.214860551182194 0.153932985963168
-0.105408387861053 0.224497651623047 -0.260881952320892 -0.0725181333469654
-0.288214779521504 0.069343830880945 -0.106102322078218 -0.20215078325983
-0.318514065190679 -0.137858338331013 0.0561914184362551 -0.0448939374890936
-0.180776696781845 -0.21572587456501 0.143640230687722 0.122486159315682
-0.249039931972627 -0.122423505047654 0.050513408246585 0.317192491160864
-0.246945748407009 0.0490907302536264 0.284360684354504 0.28425550642381
-0.0757000373215433 0.192847107673704 0.330565124485976 0.0144248968004748
0.0992395064011894 0.15313250877683 0.172408303400144 -0.157511850557132
0.161426857202268 0.028681262305442 0.0333440499864675 -0.151539792303468
0.125721273084074 -0.05266705250122 0.00500967144940323 -0.0916734564007863
0.0905141541985505 -0.065539675730654 0.0432251732952484 -0.0140633125789612
0.0912275760002702 -0.0624235470214703 0.0966233251975696 0.0378069871712732
0.148662289928987 -0.0368866132278509 0.125224036123895 0.140612335950428
0.170221223198462 0.0586384781110814 0.0599525132164427 0.246483495866139
0.0898074435165991 0.166612545295318 -0.162094830870657 0.199556195160605
-0.104633192654228 0.19768368761256 -0.237296051305984 -0.0179837602322797
-0.25775969090912 0.0337026172490554 -0.094845970231097 -0.161147405542697
-0.24450394165328 -0.144444614454113 0.121074826039762 0.0121176867173067
-0.087255505969714 -0.178041999205339 0.191718686301588 0.199971254661278
-0.173348697215774 -0.139642440340557 0.0551945108915768 0.336404339541143
-0.205879394846225 0.00152813161367956 0.220987707964811 0.315301446981669
-0.0780265813435427 0.144939068450412 0.29109767911598 0.108496061777768
0.0688476051038676 0.122037120262426 0.219571571310039 -0.0758569637941723
0.124828793132217 0.022611074664986 0.106094250339305 -0.136006449070762
0.0979530962764081 -0.0465674709431369 0.0556620588511348 -0.113232890175097
0.0634806558114296 -0.0570057962497292 0.0775821541146471 -0.0386812406928139
0.0625240131064407 -0.0577584255123601 0.126867899012486 0.0144740607193719
0.113345640569914 -0.0363390294308637 0.158678708616092 0.12338027797634
0.138711688179243 0.0452162157351858 0.0992848347005891 0.243730345063175
0.0706095753225113 0.142307109714342 -0.124502003362596 0.223301626380543
-0.110188937288714 0.150625254451168 -0.211842291536392 0.0187732019656993
-0.208173124659717 -0.0156423957301626 -0.0808246022359985 -0.122670291353253
-0.141236975320815 -0.144525926669759 0.161644821563117 0.0641914979981539
0.0169340257380259 -0.10104050980344 0.208603032763596 0.23968083337568
-0.0699788160062714 -0.107800638800528 0.0572808164832328 0.333755079906008
-0.113339309316081 -0.0186335357333482 0.172776938736814 0.318840570356632
-0.0435444030857819 0.072778676483358 0.258613053595398 0.16192182163994
0.0376037419934031 0.0586367175309063 0.243386836086778 -0.0277109114366202
0.0669510503149805 0.00493688858352032 0.151570654602264 -0.1278950724093
0.0508705748850702 -0.0344501955035814 0.0882645737233909 -0.129009576030031
0.027174986331081 -0.0398896519732415 0.0988388030572343 -0.0567528919718292
0.0290360481771772 -0.0462821797122979 0.145022182997912 -0.00151632680052603
0.0702026867318756 -0.0343300963899592 0.178595629181192 0.113518554197026
0.0977427265099786 0.0275767230993869 0.117839904961241 0.241100554503814
0.0485589470547923 0.110842728116792 -0.105747154865975 0.239174808251705
-0.105757028561274 0.09728109077915 -0.199045464551742 0.0418552461053333
-0.138928587282291 -0.0574421221760797 -0.072709117540235 -0.0950644990371178
-0.0248249251172485 -0.126208718001542 0.17304312469865 0.105691159245328
-0.0666023582844239 0.0874736342726188 -0.246600305095879 -0.112174406707847
0.0613450800187088 0.0503287515078331 0.00915050975512953 0.168966474498637
0.0589011196066429 -0.0435118139390343 0.234160868759311 -0.0389879699589264
-0.032140465881562 -0.0433607730641706 0.123657792086419 -0.301557158517196
-0.0334252640340412 0.0121278164816426 -0.157632467336178 -0.274770094876566
-0.0160353648113266 0.0289418825220615 -0.236282174235874 -0.0960919247991181
0.00513361803075457 0.0296293361824099 -0.187972541933996 0.0120938636537763
0.0206474678649979 0.0178609037871297 -0.123977890704555 0.0817468490106398
0.0165620816110367 0.0107217806230136 -0.101894628736731 0.133841518499176
0.00984303317223445 0.00985881651418769 -0.148803627457395 0.143791178312628
-0.00111186498661485 0.021197390415167 -0.247759802876166 0.0411658048136577
-0.00819570529102861 0.0118856758813349 -0.271244950533265 -0.160506533672812
0.0102454138289135 0.0269119785976932 -0.170962949035597 -0.300551209351428
-0.0435105439268903 0.0618912384437389 -0.0784459016867341 -0.366999564186486
-0.144448461995751 0.0364396737021638 -0.206246534224166 -0.27499087928216
-0.171473338278257 0.0287643936698006 -0.202656055858118 -0.122989506183367
-0.0349855239541686 0.0642879076501806 0.015727398433324 0.181608167230177
0.014507994525458 0.0220272647063054 0.275063747340134 -0.0216404341488235
-0.00719591905720461 0.0125386470196705 0.155027707027991 -0.309404136735396
0.0226682420523911 0.0356450084093681 -0.14376152428288 -0.289545212839615
0.0395033604640756 0.0179127964031572 -0.230415223504072 -0.105089547830862
0.0429987669739017 0.00172064546646688 -0.176318217029085 0.00954820769456404
0.0591495787450547 -0.0117363862811309 -0.108678866015907 0.0795896952614321
0.0684783941976671 -0.0129923070754006 -0.0753617601233673 0.133144938619654
0.0880517346299838 0.00691171521199974 -0.110003166250036 0.166659933126389
0.0670716709136793 0.0753935432423742 -0.221602600773625 0.103942342174374
-0.0107572231065359 0.107172217294768 -0.296524951178443 -0.0998699256481034
-0.0828974866381434 0.0905717965116878 -0.215476519151698 -0.269335674976917
-0.16964461206697 0.0461351916742977 -0.0969659558638893 -0.329510032263578
-0.25821766147535 -0.0401766311763658 -0.172674078137408 -0.23181720569554
-0.251051138324884 -0.0489199279016894 -0.129031948037011 -0.102349870647752
-0.143112429194384 0.0564356372234358 0.0302430970964166 0.214975918906641
-0.0552943018034904 0.0869954200338671 0.327929644101885 0.0307936485778349
0.0106293058889669 0.0858804665141928 0.218723834402539 -0.294094392452841
0.0792480224057157 0.06646828735441 -0.0974783605081393 -0.30368474098197
0.0973804225435484 0.00799895329941389 -0.201942298302168 -0.125253402032881
0.0807484216668683 -0.0269924110336149 -0.150579786232115 -0.00603998796341236
0.0894418946853602 -0.0393110600332253 -0.0795670745410396 0.0658612781112199
0.104008559422468 -0.0376329306068453 -0.0323677942811444 0.119978463413252
0.146434357209728 -0.0115297333035592 -0.0450210033075251 0.181447551726389
0.136885350312958 0.0923390169188174 -0.156747384148383 0.177357564349457
0.0299927079817344 0.171686867851448 -0.303274088416852 0.00105785171887607
-0.118468343104763 0.171835205668955 -0.265477556672345 -0.206581007617324
-0.259919872163039 0.0683738576378479 -0.118732908747478 -0.285637880806237
-0.339118358228055 -0.0852795589952736 -0.111322715918221 -0.171269786649622
-0.287383023202809 -0.130042280390592 -0.0324496008542022 -0.0514591173267997
-0.23785728285837 0.0189008354592014 0.0448555920220735 0.257308908305872
-0.144028379785085 0.127697856364214 0.365700893883156 0.113539822061357
0.0051271459651321 0.161004321389112 0.292924271662774 -0.23487912175462
0.122204399209643 0.105826642720861 -0.0174268447211978 -0.297275532300992
0.147837216804488 0.00541440214276798 -0.146718600277144 -0.147311489809499
0.113077424124425 -0.0493661148907225 -0.110504814125848 -0.0316827858376912
0.105216661619595 -0.0609123466463581 -0.0407973610086803 0.0425052508635443
0.118216642787388 -0.0578398557780818 0.0169655759344078 0.0949432065110232
0.17558335171348 -0.0335260502094901 0.0286721659395754 0.178107436250954
0.185616186846739 0.0801709996798351 -0.0679126011403972 0.230237821341094
0.0823887945357134 0.192708555819656 -0.270147508672141 0.104625504341708
-0.109299655625382 0.230353222806134 -0.289462517109619 -0.126532070663143
-0.298292648232354 0.0955353231804137 -0.130692400066103 -0.242986217596471
-0.369550393276272 -0.106515307623156 -0.0305328710347524 -0.108780980392374
-0.269679248977903 -0.191110317647628 0.0690052348501484 0.0280083956621538
-0.286443285737317 -0.0459318652431488 0.0602954860713305 0.297214402632522
-0.224084814178064 0.118854202527984 0.363210712042539 0.204622149691187
-0.0269748777993891 0.20932594961154 0.343203499304535 -0.13204085101271
0.134409612954957 0.141506366575399 0.080854786139452 -0.253266164294877
0.174449659545206 0.0101771762114662 -0.066366301845237 -0.160875321926863
0.130036189970886 -0.0627427338383436 -0.0587572877412584 -0.0636774390522401
0.105761336585847 -0.0731422953613651 0.00259227048850556 0.0125260319040391
0.111786187381255 -0.0692079717817693 0.0640086878499288 0.0632164182559855
0.174181491311845 -0.0482582564122839 0.093685750283271 0.15885126917786
0.1993026150474 0.06064779620053 0.0198744885458352 0.250255437924545
0.110781299687162 0.183928680840331 -0.211630481223655 0.179381215952199
-0.0941595670171898 0.240338830868192 -0.280443958301864 -0.0522117563252975
-0.294203944011424 0.0934151710548073 -0.128418023378358 -0.199465732527732
-0.341870504895865 -0.117537040343255 0.0545611901106192 -0.0507647247198494
-0.20222449841935 -0.21035839309078 0.155061452793093 0.117810532811785
-0.266968549923574 -0.107241575271348 0.0750442336830258 0.328992947161175
-0.25421089531836 0.0700842961588446 0.31811468959213 0.27244590104411
-0.0635224184137779 0.206806632372848 0.344645072641407 -0.0112854259393328
0.116506076323505 0.150686798446495 0.165420135604282 -0.176449947409787
0.168194599780862 0.0159290799311859 0.0218414519742488 -0.159430510678961
0.125770148361931 -0.0647344135945341 -0.00163287042820314 -0.0953151947077681
0.0901474122608773 -0.0733319253885358 0.0446442720827326 -0.0186174711797626
0.0907663974814718 -0.0704213184983006 0.103264346803252 0.0303040385825741
0.151456385740379 -0.0510934260503462 0.143226608335053 0.133404609296408
0.182534859063851 0.0460661124878142 0.0858616415044908 0.248763144369348
0.107253506421219 0.164475914782959 -0.152673270952615 0.222020957538708
-0.0946751885029538 0.212904224805411 -0.251363012607251 0.00241224877237477
-0.26505985618762 0.0550510709088794 -0.112496677805323 -0.157718511368801
-0.266072694753756 -0.13062943379957 0.126554157237834 0.0031756734830776
-0.102690970809359 -0.177667619214545 0.21126426826893 0.195213885927354
-0.189652984555262 -0.130433567658466 0.081539013086706 0.348537934857482
-0.215100305228265 0.0186649249672294 0.255191397006016 0.309973090927335
-0.0690229935532306 0.156712733511465 0.311129125696467 0.090066133184866
0.08232321871378 0.120964327309797 0.221289661514816 -0.0951145404348674
0.129890357943177 0.012098542184737 0.0983940544197516 -0.149121602811936
0.0971128251150552 -0.0562580949949128 0.0492548650822044 -0.122325286171184
0.0626499101840176 -0.062434630920979 0.0787436085873489 -0.0469766696381454
0.0601532511411004 -0.0627394062833864 0.133199366562302 0.00452995831066209
0.114288503593689 -0.0471071281324405 0.177097795910918 0.113673629989912
0.147786259859906 0.0345246297841262 0.125551450030502 0.242831698617692
0.084901832092611 0.14180358135423 -0.110689991031789 0.244288863759423
-0.103290481080407 0.165851352707439 -0.221245071722112 0.0385056288160669
-0.217694775207925 0.000767138239647947 -0.0934975832728754 -0.118985359570817
-0.159074134003298 -0.138401173999194 0.17234838853888 0.0534839874451853
0.0102027267468698 -0.104628120637581 0.233057594394168 0.234406803729446
-0.0797226272861719 -0.104462825766621 0.0839591866076781 0.346178981944154
-0.119727533320934 -0.009113428032874 0.204983219022672 0.318688379460586
-0.0381749487188299 0.0788273932980384 0.281591781933423 0.148420951689646
0.0445308564994893 0.0571737446480383 0.250094793306995 -0.0474885823120394
0.0684239278420524 -0.00144829696519943 0.145908786583622 -0.144760840292804
0.0488941567252898 -0.0399927969440814 0.0806948095853417 -0.141113843695701
0.0254584600329273 -0.0415360051093487 0.099803088522392 -0.0676759563998306
0.0260421283586082 -0.047987269782375 0.15094663464309 -0.0133927127045629
0.068689925645531 -0.0407269209731897 0.196339598497452 0.101580167784877
0.103247381116166 0.019321724673201 0.144631045133057 0.240087344907843
0.0600790598487935 0.110015475386256 -0.0898306176043002 0.257941616305187
-0.102094746117011 0.109763801403599 -0.205224463317508 0.0609010301184307
-0.148088557831414 -0.0472157561025857 -0.083353620542062 -0.0915215792858891
-0.0365484653640419 -0.127925150217677 0.187100557329086 0.0940693367018477
-0.0582887333710688 0.0910449391967928 -0.253021824664576 -0.0903032251963495
0.0650047584752673 0.0440366429080692 0.0235480849780803 0.170666478343504
0.0548353383022632 -0.0481303764973089 0.232188162244417 -0.0546987498694201
-0.0359694614159399 -0.0398128813660198 0.0997174638352856 -0.312548544209579
-0.0312794456897406 0.014809322907717 -0.18027774808324 -0.264055935389372
-0.0120275151185824 0.0309076526614556 -0.244233483571686 -0.0780420322485772
0.00854454750495778 0.0293724995425485 -0.18939198003107 0.0272442100465568
0.0235894268161738 0.0150576037411444 -0.119981279615028 0.0915325123661979
0.0183606546730107 0.00856427530002617 -0.0926588201280659 0.141979146557614
0.0110476691023636 0.00913082671505145 -0.13760917354441 0.154068480134029
0.00154651533439982 0.0225266185235395 -0.244978246169019 0.0591180783888029
-0.00771638510415267 0.0127411092855736 -0.283264487734629 -0.139869466987293
0.0100781914880613 0.0250420365153744 -0.192057053184059 -0.289162458526859
-0.0399947190465795 0.0628845882205276 -0.104556110546188 -0.363800660578566
-0.140827125830506 0.045931646734882 -0.224187700664842 -0.261023290596147
-0.165854544123655 0.0397017574649855 -0.211815444862861 -0.104418190225903
-0.0305851205296936 0.064910946365505 0.0303126325311909 0.183828894900039
0.0151534143543215 0.020067102417325 0.274224621794421 -0.0406297559856414
-0.00650520217094107 0.0141128769834249 0.132220082468679 -0.32176886247538
0.0263144261879023 0.0334673273715122 -0.166321659303339 -0.278526445168663
0.0418693068776951 0.0153578426083314 -0.238950630194389 -0.0871744576416378
0.0443340456538822 -0.00143096945122029 -0.176848640531222 0.0223390210717661
0.0607811066467557 -0.0170255332036351 -0.104777350195308 0.0881504898363514
0.0690459103971627 -0.0188577167450852 -0.0661113310452742 0.138419306273394
0.0894150740045865 -4.88027400723928E-06 -0.0974808642043503 0.173648965272519
0.0740087679154328 0.0712100084463319 -0.213774037610293 0.119845488079131
-0.00339613563054567 0.108608230421241 -0.30436613031313 -0.0767327563469351
-0.0793598688847987 0.0953418880313572 -0.235856904465886 -0.253268538189641
-0.16762271620508 0.0552686848677827 -0.121385512415078 -0.323395956247704
-0.260534047346472 -0.0222074880332932 -0.187521533630507 -0.219437047219688
-0.251436805013448 -0.0322255254451567 -0.13769842727628 -0.0886955838185681
-0.137792734370517 0.0648851513953966 0.0458753727246671 0.217047038810321
-0.0503251670992307 0.0899438235302684 0.331071822620632 0.00716378397405399
0.0166139424253699 0.0850225492820413 0.195822191665037 -0.310611440684768
0.0851383529694574 0.0601872765381249 -0.121341735778358 -0.295421700754603
0.0984549502371273 0.00107719322020561 -0.211910369649418 -0.109017072089621
0.0797450131660189 -0.0323374856822845 -0.151555464334486 0.00465392278219378
0.0882153473722449 -0.0460696538595914 -0.075977958093241 0.0715800050586189
0.102444135085443 -0.045774300790845 -0.0236407360605532 0.121731711288225
0.14592828850365 -0.0230038360411426 -0.0308543892570408 0.183570445314762
0.145387699329808 0.0823643662604491 -0.142800728044201 0.187419261408237
0.0426383830963702 0.169914099968996 -0.303083644142274 0.0248895374159259
-0.10862666211829 0.179283104031453 -0.281893470842068 -0.18597384467129
-0.255737984267641 0.0839113595255769 -0.140636912713599 -0.277987465352057
-0.344179610981035 -0.0606576140437222 -0.122143743119842 -0.162879829475583
-0.293515981413973 -0.110576696496337 -0.0390287441705205 -0.0446109641891957
-0.234615922657501 0.0338642789634978 0.0623246823130823 0.258081753352545
-0.135965507046664 0.136291041773716 0.373451653544519 0.0877880633713553
0.016118236594767 0.160570188888651 0.275736543775189 -0.257002827433773
0.130587922281242 0.0962642386303779 -0.0396581924735342 -0.294701221497967
0.14738563464893 -0.00587138588205407 -0.157796839175618 -0.135415102797177
0.109331919638987 -0.057060684802732 -0.112768699318052 -0.0242383478941046
0.102829426237336 -0.068186019020024 -0.0384716822055288 0.0450230414399619
0.115441540551795 -0.0661120589627113 0.0235493153546628 0.0930543735139808
0.17339133898338 -0.0475894970713058 0.0424333381426983 0.174540333240972
0.192741234663407 0.0662532962448136 -0.049305046376501 0.232321801898264
0.0959967952831672 0.18650827343126 -0.262897468045325 0.126029581795046
-0.0956322211549018 0.236770083899211 -0.301225189452205 -0.102879471674891
-0.292364595329904 0.115501966870246 -0.149214527699489 -0.231475579274087
-0.37665313859974 -0.0793096136242432 -0.0373872802605542 -0.105722150939199
-0.280163342314203 -0.172999512020738 0.0669656819798868 0.0264552664329395
-0.287461607272111 -0.0262147358874711 0.0805016174939863 0.296510483017577
-0.216376347027453 0.134425959421772 0.377231397086618 0.17750230098471
-0.0121884803607944 0.211296185861274 0.333740091848255 -0.156592184521592
0.145956575974404 0.130808639309859 0.0617568837781353 -0.258003936588511
0.174431100570854 -0.00332673924997737 -0.0790104558901147 -0.155231516034795
0.125341399659489 -0.0718041811122832 -0.0627633517957121 -0.0594330007146957
0.101766691014356 -0.0793290115421667 0.00404355543227471 0.0114503784960738
0.107892266769468 -0.0765072702437084 0.0682940644865407 0.0572873912935314
0.171295781006583 -0.0623035637219677 0.107197179153018 0.150060943349102
0.205040908054451 0.0450597097607326 0.0405200559003962 0.245184716921929
0.123829123338098 0.174975704942191 -0.198458357761871 0.197592718717302
-0.0787549208376392 0.246704351522088 -0.286502412769778 -0.0286937910963283
-0.288623390224398 0.11364601506669 -0.142817614800468 -0.188011549012822
-0.350297659395934 -0.0921749975784125 0.0521224010802023 -0.0541715669408354
-0.214571142433312 -0.19635617653122 0.159511721566766 0.10984650904855
-0.273090406358666 -0.0885406286254284 0.0962608349874339 0.327088289560311
-0.25077100632124 0.0883851964619761 0.337273364780889 0.249065858484169
-0.0481897533034593 0.211087076490023 0.343347085536666 -0.0359675919684887
0.128557313943023 0.141541871401984 0.151815270380899 -0.186760821068446
0.168509442208947 0.00196117966483515 0.00934082195997124 -0.159859541153055
0.119921921915071 -0.0739323815927906 -0.00851265238403536 -0.0954480354003281
0.0862056563263215 -0.0788592583353328 0.044313914107646 -0.0230877884891603
0.0859367033852268 -0.0759679114334077 0.105184991716422 0.022372934325711
0.147465487659444 -0.0630158748691939 0.154601007195079 0.121558884386504
0.185876187595614 0.0317953209976842 0.106759322615615 0.239469168204305
0.118882575282973 0.155669756502554 -0.135272648963618 0.23499234938677
-0.0812786527350203 0.219351424423356 -0.252835270358757 0.023388921597508
-0.260704743173047 0.0733504264764977 -0.123404885718178 -0.147698550940149
-0.274712781176043 -0.110639030713072 0.12671849381988 -0.00580794089599477
-0.112995141920449 -0.170588887916993 0.221506444203927 0.181940166321481
-0.197139320504693 -0.116478412364812 0.105100541265693 0.345063025557187
-0.214502185526798 0.0351254683684626 0.27717163379486 0.291754148311819
-0.0570380003345697 0.161441931140322 0.317319476030501 0.0683173127979031
0.0919282831754424 0.11358240568898 0.213445564581805 -0.110000474516433
0.129106449228991 0.00124160333828078 0.0867416942003519 -0.155635749516726
0.0918285112399508 -0.0632803212041579 0.0404756134772207 -0.125651519159216
0.0587412957075541 -0.0657118232944348 0.076447645021671 -0.0540259855198811
0.0556740173040135 -0.0651051916151187 0.133504478846461 -0.0062686720504963
0.110424926904435 -0.0561924715692075 0.186638189091762 0.098985361720334
0.149905167985055 0.0227092854405003 0.145909659172169 0.231075302085531
0.095344072675621 0.133720190079606 -0.0918577029906267 0.254113695635253
-0.0919235095462958 0.172870900160907 -0.220404858722575 0.0565669090232387
-0.216373084797618 0.0164735686566955 -0.101899826884963 -0.110746040416011
-0.168676393755622 -0.126078539365918 0.175893955221178 0.0398354883536623
0.00374019483991824 -0.105022243710376 0.246602134947022 0.220326872200604
-0.0858490415101424 -0.0974205354816442 0.108620162316004 0.342178729585289
-0.119778235272991 0.000322523317298881 0.227767077392172 0.303301861682255
-0.0318385487922289 0.0810581316922238 0.292260659414032 0.128219094332761
0.0493855766693115 0.0528349164334111 0.245864559625924 -0.0652048573243091
0.0660890151025546 -0.00735804493527552 0.13451103114035 -0.154743644418007
0.0446586621271302 -0.0433711774227836 0.0701367019759184 -0.147176563057427
0.0230461900322416 -0.0421986183668678 0.0961024306066624 -0.0762971008494399
0.0221439727055406 -0.0477565440120606 0.150269501314575 -0.0249508667383794
0.0642605863789901 -0.0459354875507469 0.204751710578432 0.0858717532028148
0.104222623599082 0.0103063040008708 0.164133034347218 0.226663498312226
0.0685415955491392 0.103544943017117 -0.0700476645449593 0.266074015649889
-0.0936223343963962 0.117241296313865 -0.202239317702488 0.077501923278267
-0.150423250196553 -0.0363251048778471 -0.0893404049959801 -0.0848435871959134
-0.0463389676665089 -0.124587220242795 0.19254910477248 0.0788273658186679
-0.0631752256566273 0.0791902823649532 -0.242240743291291 -0.107443935947043
0.0571537454676515 0.0471654082581744 0.00960870831755256 0.174251903651273
0.0569046365513218 -0.0395326988745153 0.233556611823935 -0.0286482452551062
-0.0280660641003995 -0.042073800222164 0.124434400772312 -0.290414149423112
-0.0298338988892897 0.00959950766309294 -0.150737509641782 -0.271201693495833
-0.0110384242028141 0.0288246516457436 -0.232339346471577 -0.0970962322152967
0.00805740341936322 0.0305769067645848 -0.189192534488319 0.00986741000479833
0.023445831744757 0.0167533625026885 -0.127974560837848 0.0786347863567209
0.01946933920945 0.0100968087133789 -0.106325605850473 0.131173870659096
0.0119657773372195 0.0103762643520678 -0.15039388324232 0.136669388801681
0.00183052792130092 0.0237246773369425 -0.249374974689528 0.0332051890763921
-0.00700876895110723 0.0163526205395811 -0.270589119896366 -0.167275436115018
0.00442867153818337 0.0301534291475849 -0.161051195850105 -0.310009707906373
-0.0477003462479956 0.058953481247169 -0.0677126841515566 -0.378908671396066
-0.142658664922078 0.0337947143182285 -0.19402111158125 -0.292154301588516
-0.160419802989052 0.0192372095430388 -0.201722091384974 -0.124459297047226
-0.0361395920001402 0.056501611890955 0.00997587042411775 0.184893832720534
0.0106120874059999 0.0202004327010473 0.268124489009785 -0.0114719503345246
-0.00716654793546684 0.0133524990845641 0.154609211050629 -0.294574989705811
0.0232621779325272 0.0349997916839037 -0.137445359883979 -0.282637235963518
0.0426437321599509 0.0196143844878338 -0.224861490332968 -0.104268883820816
0.0455097807293346 0.00390228495088219 -0.17648306646636 0.00656663859618999
0.0633962425999085 -0.0113522499689271 -0.112396567562156 0.0760153026752183
0.0722250953889758 -0.0122758522570621 -0.080613630512356 0.13012712973046
0.0894285297201724 0.00856089979594446 -0.115199987291277 0.160113910377558
0.0684020991061183 0.0790303428441285 -0.225636923941717 0.0920995789858574
-0.0117546499597345 0.111134393163489 -0.298879083541168 -0.108910075902611
-0.0905103631716288 0.0917264681535498 -0.20577013696794 -0.280229284317799
-0.173274573403542 0.0380426493399342 -0.083606236609276 -0.339514178331755
-0.255685552208935 -0.0456022172999153 -0.155613958002464 -0.24584306749469
-0.233721780637495 -0.0579834441400397 -0.130558114485629 -0.110605130528792
-0.138509128499548 0.0437328173764112 0.0182479658287584 0.214586628432156
-0.0603165001665971 0.0792976818309245 0.312480940593265 0.0386086582778182
0.0056450501241703 0.0849431137421425 0.212360154996142 -0.276887562418448
0.076279627422087 0.0686467097232027 -0.0939221774861772 -0.291760500004904
0.0979052559720121 0.0121302745827382 -0.194890654280401 -0.1206184817988
0.0828521683010832 -0.0220535436400487 -0.149869637099675 -0.00877036736488035
0.0942240918144644 -0.0367729162436887 -0.0825347812013119 0.0617560929785961
0.108070687483337 -0.0352079850807038 -0.0383299268967823 0.117286674674545
0.147463259064026 -0.00846117024931595 -0.0520182332200884 0.175244450875134
0.137575284501619 0.0963562154887184 -0.16365223288616 0.164660484058434
0.0279465184700098 0.17477519465133 -0.308150647927785 -0.00775377503742883
-0.12643543269058 0.172338035190703 -0.259154204948516 -0.218027471483792
-0.262882924285672 0.058768705777455 -0.102951425288084 -0.296620052211725
-0.336294423984937 -0.0925883104784545 -0.0919672583744457 -0.182506492286733
-0.266080968269039 -0.137448397152609 -0.0367026344106286 -0.0651720077874456
-0.226963903480276 0.00357553395611878 0.0279748949244283 0.25071307455204
-0.14865759711482 0.114718478097323 0.341803454640124 0.115144950229346
-0.00384542995944394 0.158051148234657 0.280129714331651 -0.218276585950066
0.115832528530588 0.110040856828039 -0.0174211983865678 -0.282905784991583
0.144942106133986 0.0112108085154144 -0.139507602276018 -0.139354744084651
0.113658242981205 -0.0439371424971375 -0.108709859527909 -0.0324500474002087
0.110627582317739 -0.0564984041864037 -0.0424209227415389 0.0385858266304899
0.122405542702919 -0.0537528201315248 0.011583279818401 0.0933244879040658
0.176447705364042 -0.0307034203367142 0.0204651376651785 0.173381429558774
0.185357244255976 0.0846929289700497 -0.0765592637320266 0.218498507401937
0.0804570022638951 0.194913186068181 -0.278869862132727 0.0974390477560937
-0.117224446491116 0.229616331483852 -0.286216239230747 -0.138131916428187
-0.301114986364483 0.0862443172417573 -0.11463374026137 -0.25121909234202
-0.366681148609929 -0.114138186616717 -0.0107413532420587 -0.115801628274259
-0.247197481002983 -0.195870325680194 0.0623722990089957 0.011615626201263
-0.270369350819674 -0.0599190511181475 0.0425461338089518 0.285380234024249
-0.225966671396369 0.103520061699076 0.335147876971994 0.197747291265021
-0.0385625294948326 0.203827668091255 0.323802557747925 -0.118684020104438
0.126004740972575 0.145445574437915 0.0747835818526589 -0.237018434906868
0.169894876617098 0.0174760762764251 -0.0613052766775209 -0.149647209519221
0.13000488003164 -0.0571744158003728 -0.0566956913751603 -0.0623464882588694
0.110854058647296 -0.0673994150196851 0.00276952832150514 0.00942280008319575
0.115624322403559 -0.0637574469368524 0.0591395320334275 0.0628571136936098
0.174643185694672 -0.0448879008351281 0.0862659861078778 0.156101774968932
0.198306250563809 0.0642957852320021 0.01093351756619 0.240565192048251
0.107913300433974 0.184963970398112 -0.220847645749973 0.174882289599049
-0.0997057184769932 0.239956206555446 -0.279845864127395 -0.0627745608851795
-0.296109345726983 0.0849498113669864 -0.111658827046468 -0.20696714184655
-0.33970313164885 -0.124678090117706 0.0732251408120461 -0.0544960353975112
-0.182221234594253 -0.210873906072362 0.146671285762711 0.103185911071516
-0.249044218009762 -0.116694530491173 0.0584282193325915 0.315560901512476
-0.253396271440589 0.0559876366642808 0.291241503569591 0.260499697284889
-0.0732385313908217 0.198903019472805 0.321713948060544 -0.00390106829470005
0.107818015785903 0.153976701404958 0.154620755845116 -0.161471862904813
0.16183087507076 0.0224865475101306 0.0248380858393825 -0.146757842348996
0.123818518255081 -0.0591427525669298 0.000237167338072609 -0.0926971025203166
0.0950317806748398 -0.0677241559333217 0.0462007829703851 -0.0199702076684616
0.0927878581548497 -0.0642539960726327 0.100044217195197 0.0318885770769168
0.150602509271136 -0.0481256182031988 0.137188029403832 0.133237887376271
0.180665654159735 0.0481962350252143 0.0773798234310136 0.241827911783039
0.104228622124651 0.16321668079624 -0.161770191400781 0.219361243812819
-0.0986920685089243 0.212044038374171 -0.250838376288095 -0.00671145359106218
-0.264453112929324 0.0484662479404927 -0.0977305920356202 -0.162393218278163
-0.263765164834807 -0.135260696611725 0.141407569459604 0.00340878360215363
-0.0891559099483367 -0.175351761658826 0.200654619588525 0.185240597950467
-0.174003488888102 -0.133960023289153 0.0685420094057377 0.33500606799294
-0.211692404478513 0.00986661943275907 0.232498938737482 0.296382171146045
-0.0758327710176369 0.149547505129721 0.289262616404482 0.0936328758477286
0.0752565239104367 0.121642874122161 0.208678131786845 -0.0828236036211457
0.123217912542269 0.0170461700966409 0.0992472206008772 -0.137534036970014
0.0950161676321401 -0.0524845584406774 0.0496378716022901 -0.118112049907916
0.0662622626205414 -0.0574512380483948 0.0811919354160874 -0.04706649609137
0.0613172249528536 -0.0564736604055341 0.131651300390996 0.00628819500840263
0.112471624662213 -0.0446489106053356 0.172250700217751 0.113908783531166
0.144739229262581 0.0348790538018659 0.118733633659622 0.238391048787092
0.0831910577366528 0.137853495154355 -0.118198002653696 0.241478063549682
-0.104013767644419 0.164073363859518 -0.221662048610597 0.0313526434875646
-0.214514546973297 -0.00309726646883993 -0.0812187109031255 -0.121231079623443
-0.156876447239875 -0.140924689061088 0.181993341769876 0.0567496954352402
0.0154701266713311 -0.100275075630605 0.222026182784251 0.233045223142237
-0.0692959534055316 -0.101789627367909 0.07513206686271 0.337344442367624
-0.115877874973157 -0.0124809327023248 0.188783637719636 0.306687376376012
-0.0410675129638842 0.0747538531194768 0.263905139261346 0.150001306972678
0.0415000699580794 0.0569809213917225 0.239180727154024 -0.0371704388776692
0.0625237716139327 0.00178535827463793 0.145246007503862 -0.135161937056282
0.046291518658044 -0.0378800076185011 0.0812340847623856 -0.136644879951063
0.0280000379642603 -0.038126607834807 0.102690617214873 -0.0663317510328916
0.0260589746984511 -0.043128855664121 0.150519053818633 -0.00964359791143512
0.0661886653264353 -0.0384544471021985 0.192668299989639 0.103210389266667
0.100628003692021 0.0185721605482662 0.138498639449713 0.238351991238949
0.0590814806716832 0.105195976482504 -0.0979909263859188 0.256892296893672
-0.100011955627068 0.108971018807611 -0.206096789245156 0.0543597305906409
-0.144634586926538 -0.0486341753419527 -0.0737450984788697 -0.0926782797177516
-0.03565717625832 -0.128558966694127 0.189659530463056 0.099796758483198
-0.061252743137021 0.0781888700435792 -0.241535224003854 -0.103524518498335
0.0570143798583802 0.0450024964429372 0.0128499052385289 0.176618295951403
0.0559112002544165 -0.0407497903377738 0.235490382500693 -0.0279636999957565
-0.0289988666533693 -0.0412046639876069 0.121629733360289 -0.291993888785723
-0.0287282235618158 0.0099184279443496 -0.154876699261244 -0.270930618513019
-0.00957802708563439 0.0286538175001483 -0.234280575730545 -0.0946468626462635
0.00992346799098155 0.0300227560853255 -0.190999832779329 0.0119719793969399
0.0246722650119892 0.0150292277642424 -0.12914915486663 0.0805297988791206
0.0203966279695994 0.00935036493319497 -0.105921405258378 0.132612883670954
0.0128475103826607 0.0104140466597581 -0.150795285702055 0.13749684499862
0.0034028205670422 0.0243486201445531 -0.250945032230996 0.0346185351751436
-0.00787068459481591 0.0172070851129207 -0.272493350147046 -0.166231914116792
0.00258443426669643 0.0298129312470277 -0.162692237654465 -0.311329279945578
-0.0484810219797295 0.0577563842215027 -0.0697887374392184 -0.382445581281966
-0.141640490315796 0.034341210162431 -0.193125389588552 -0.293655172884934
-0.15884104459992 0.0178266748324157 -0.201875813250871 -0.119687700719415
-0.0359897586709737 0.0542343763640902 0.0122201592971311 0.187477626258585
0.00931661523161269 0.0193257195191918 0.2689753263633 -0.011116310624837
-0.00788096158707525 0.0140514086320957 0.152169138516465 -0.297131253688415
0.0241574692007618 0.0350582347152834 -0.140631158356734 -0.282221445480498
0.0434454548516806 0.0195863038823502 -0.226234338760903 -0.101586504636481
0.047496423719685 0.00402763533667148 -0.178246426407988 0.00823085384924446
0.0652829961040302 -0.0124461305234387 -0.113426675317894 0.0774377748942684
0.0735614749027582 -0.0135803704790166 -0.0806434172569629 0.130972182972825
0.0907242840798046 0.00767033310547703 -0.113817388003979 0.160246588610259
0.0703552907977182 0.0790765442835231 -0.225726265623128 0.093104528117006
-0.0118642392551041 0.112492400854171 -0.300727840977155 -0.106828897417614
-0.0932117085745216 0.0919832737090756 -0.208059925029858 -0.279637615644624
-0.175197428391896 0.0367303406969444 -0.0843683999116654 -0.342549148852785
-0.255283500158143 -0.0454778464789375 -0.15491771762412 -0.246533512303654
-0.232160727632936 -0.0582885325282341 -0.131680925255803 -0.106599655260385
-0.137835441795499 0.0421684554537747 0.0191154231038899 0.217462277905102
-0.0619578453134147 0.0783279890070741 0.313455097195218 0.0383241737635837
0.00531200422718462 0.0851908416339431 0.210824384477572 -0.278427748553928
0.0777783220909421 0.0680577093548937 -0.0954094931567684 -0.291669335149762
0.0990375381596137 0.0116537187895553 -0.196400659518374 -0.118782606651112
0.0843401729804034 -0.0222693393530857 -0.150553907810629 -0.00791486874491545
0.0957870056257519 -0.0373754318386753 -0.0829178307165466 0.062411255634103
0.109271186724943 -0.0363599622510885 -0.0380315309849389 0.117383652539046
0.148752645532664 -0.0103136831699893 -0.0506959939236159 0.174847444192225
0.140144484383551 0.0954539222806 -0.162863276179001 0.16492266519661
0.028113491997464 0.176041529431395 -0.309579102692833 -0.00469407712914894
-0.128590011071653 0.17304672201172 -0.261735820022383 -0.217174419372004
-0.264018966741696 0.0580668852916994 -0.103695104724634 -0.296973957218599
-0.336311057565476 -0.0915848626688595 -0.0907728722188792 -0.183113182084568
-0.264772750682207 -0.137749971980295 -0.0390135146431552 -0.0612247843011634
-0.225922430335246 0.00216349608983103 0.0282776545476297 0.253913957105571
-0.150231434309271 0.114447780870489 0.342763703227257 0.115126858557663
-0.00425674908295284 0.158424823791554 0.279323960729528 -0.219857093657326
0.117330407107118 0.108725172407745 -0.0187956738405207 -0.282202872137796
0.145363460563297 0.010076876218078 -0.141019978968998 -0.137923063962993
0.114522287516654 -0.0436843813256163 -0.109519142026409 -0.0326933018916167
0.112588469207723 -0.0569726830494744 -0.0424117114147287 0.0382360858141913
0.123718028613358 -0.0544013597013697 0.011892698404456 0.0929591992658888
0.176990575796775 -0.0328481991071295 0.0224931687539067 0.172575623773437
0.187919763398979 0.082536126494441 -0.0744831579341352 0.21756551858718
0.0804804455773769 0.195207249092741 -0.27938713547922 0.100673374658033
-0.118957537016417 0.231439511952917 -0.288941996661706 -0.135909203943503
-0.302571281500618 0.086356900304418 -0.115455334108816 -0.25216461268708
-0.366699796144774 -0.112327844929298 -0.00923258429047313 -0.116585021094652
-0.245855885946055 -0.196662593353419 0.0600584627270601 0.0148410534481712
-0.27032022590756 -0.0611074600684443 0.0420743905054503 0.289188022212134
-0.227697363377835 0.104597174891731 0.335623962544301 0.196826371770263
-0.0384356892651415 0.204495747038791 0.324534935612218 -0.119700316748403
0.128008708444121 0.144311528938108 0.0741025654401324 -0.236664580733575
0.169312946197719 0.0156810641736269 -0.0623735863120092 -0.148580074010003
0.13016775886934 -0.0565786154442668 -0.0569594089562744 -0.0636591414615156
0.112665089255182 -0.0674185873508946 0.00313040795547072 0.0090830106130168
0.116659987262641 -0.0639668186458428 0.0596658862910619 0.0616422683767165
0.174620561589383 -0.047495556687331 0.0887313107458252 0.154621744839214
0.200663208928675 0.0615587995092841 0.013052557688802 0.238945995405511
0.108480513358129 0.183853277445463 -0.221023530033759 0.179075067078573
-0.101371242559997 0.241383640448139 -0.281924956438366 -0.0595451021786127
-0.297281425163663 0.0862316491828043 -0.11213376808603 -0.206563485681074
-0.33997888483597 -0.122286691991819 0.0741871584392127 -0.0553027705137947
-0.181655593458031 -0.211857132250074 0.144945803520213 0.105883953153524
-0.248165780830749 -0.117755183813823 0.0575800070319076 0.317665917010067
-0.254904884173283 0.0570881580522611 0.291071657269786 0.259592973759902
-0.0725305017025783 0.199426048121728 0.323208516458478 -0.00465802950709287
0.109424556885154 0.152715126333808 0.154521747166191 -0.160606079173525
0.160962410230958 0.0209651549589298 0.0233863369816752 -0.146505082915074
0.123883538381078 -0.0595070590872489 -0.000402060734231135 -0.0930168781163669
0.0974181764176685 -0.067715639176153 0.047043581610122 -0.0219205392663581
0.0937789663961535 -0.063768454420838 0.100252777834446 0.0302252603659945
0.149786876970396 -0.0505710381771227 0.139634578499884 0.131096051499261
0.181761223112714 0.0454532693777143 0.0809895264260561 0.239784046619657
0.104597243814962 0.161867522712351 -0.160734697341572 0.222562724308321
-0.098598314741957 0.21328201886891 -0.252870036225747 -0.00304175041213112
-0.265462008537792 0.050630997013388 -0.0972865408594185 -0.161877824835216
-0.264063559773526 -0.132959878235721 0.142424675862265 0.00186763409847061
-0.089077518498461 -0.176016790717169 0.199055162372493 0.187893297344975
-0.173413459365156 -0.13423675850212 0.0691255598707708 0.33769365215093
-0.21221173335373 0.0114289747973148 0.233167658083241 0.295266189742787
-0.0750687998463358 0.149905103826739 0.290239979884774 0.0934396852566856
0.0767420923323379 0.120630324929478 0.20912656794181 -0.0831786725196017
0.121610047052537 0.0159630381371223 0.0981302220684054 -0.137556265245117
0.0939494635594493 -0.0524278309639617 0.0487723534908032 -0.118806424021602
0.0681560868349678 -0.0569795584261425 0.0822695032254884 -0.0489485920229515
0.061701957630485 -0.0552562119864952 0.131923845176065 0.0052981703669772
0.111524074043999 -0.0456915370674491 0.174558831622303 0.11148236740693
0.145412157250411 0.0326787707023959 0.12150465341855 0.236879047788537
0.0835129666494104 0.136183279702306 -0.116809576301013 0.244714018213367
-0.103111900903939 0.165498939216549 -0.223323154241834 0.0342168703003908
-0.215519861843247 -0.00117086028190601 -0.081186997592132 -0.120610845483149
-0.157718537076499 -0.139433709601834 0.182340448692784 0.0545731965042492
0.0159418540877757 -0.100641622061046 0.220399364388232 0.235082836013517
-0.0685949214062475 -0.101554807687681 0.0759120114971282 0.338304899915087
-0.115618342783527 -0.0110095188488022 0.190203880640823 0.306831460520493
-0.0407703007767296 0.0748562071644295 0.265279852249159 0.150465769859801
0.0418732432486164 0.0551758185268036 0.239785356743015 -0.0373258987130431
0.0607344316326688 0.00110906650006422 0.144025947788978 -0.136170214112326
0.0450114220237794 -0.0375285955637742 0.0797651221778477 -0.137835287550518
0.0287189714282153 -0.0378312141988577 0.103438503295809 -0.0688649422178922
0.0256223069221427 -0.0413511101168024 0.150975245371799 -0.0105315291801083
0.0646792096841466 -0.0392336925492151 0.195026128100822 0.100642510316074
0.099980779063703 0.0165483368962986 0.141805670102603 0.235803620986898
0.0593227165983894 0.102637392922269 -0.0949808598644686 0.259294458197172
-0.0983704544940232 0.110579450131785 -0.20761876025886 0.0562525544768829
-0.14468420481598 -0.0470831968655682 -0.0740501288227398 -0.0924829155300253
-0.0361095435492859 -0.127224940224784 0.189177558262482 0.0969549922795823
-0.0628374592995609 0.0793686980882019 -0.247888065572376 -0.105734334592571
0.0576613019330078 0.0448055397246706 0.0136627892722929 0.185089172365817
0.0566983553500834 -0.042269615274083 0.245640324679669 -0.027323959624122
-0.0304359044261216 -0.0411875368568317 0.126336028137788 -0.303351082622592
-0.0291261851510908 0.00998508165248463 -0.163163040743359 -0.281099657481988
-0.00872622982597251 0.0302443981410642 -0.243599973339985 -0.0979235579573243
0.0118854222626867 0.0306851327290953 -0.200014424721743 0.0128913727158588
0.0267790492733033 0.0144378754233602 -0.135322671742085 0.0848282041355785
0.022064659590496 0.00833788105684604 -0.110372567016199 0.137453788062188
0.0143598036204455 0.0106134983790663 -0.155905006938269 0.142283229545713
0.00413661876945739 0.0257583439176347 -0.261790979827435 0.034985587137554
-0.00921808942526835 0.0191704375710783 -0.283180134506499 -0.173011092299542
0.000616576955842949 0.0298968567397059 -0.16690808733674 -0.326096348265319
-0.0521442117476195 0.0584468321916575 -0.0701372636295648 -0.398220411118842
-0.145571501126396 0.0346070006744365 -0.197239150701632 -0.306811881140045
-0.162538781424705 0.0165075325690986 -0.208156651949163 -0.122119716599002
-0.0379878911087135 0.053783299223835 0.0134034030043114 0.197473734511483
0.00772013650473808 0.0191955816869102 0.280332639063326 -0.00902837583271742
-0.00900463793435679 0.0153901950440809 0.158463254140657 -0.30776387107187
0.0255641438710757 0.0359067040530294 -0.146087366059744 -0.292663765279543
0.0461603547004542 0.0204205566515949 -0.234901606564582 -0.105434291887315
0.0515433203051281 0.0041635367228888 -0.18593697231013 0.0082118532458025
0.0695897070548228 -0.0144170673330804 -0.118706483616671 0.0813115713233787
0.0772497997433965 -0.0146186688380706 -0.0836908656972367 0.135814492605654
0.0953056009812586 0.00735803926088564 -0.117732427987856 0.165470685697224
0.07461573831768 0.0825953805283056 -0.235410750194548 0.0959538472473765
-0.0140547077718619 0.117652170929722 -0.312477593136602 -0.110717191992494
-0.0996351741165742 0.0949530212993646 -0.214955831104253 -0.292146007125505
-0.183395401313927 0.0356584677147535 -0.0857199508254 -0.357931805485371
-0.262715817420521 -0.0488177533859848 -0.157923140203433 -0.257570801612979
-0.238099973167846 -0.0634110532238397 -0.136442817031213 -0.107160139637908
-0.143039642960716 0.0409194427720238 0.0189613044210537 0.228454031839681
-0.0663511448967947 0.0803189436946948 0.326183674400493 0.0417627625927829
0.00410364014134126 0.0888748925055544 0.220014740369874 -0.288693071309238
0.0813946595810803 0.0698810094610065 -0.0999937513270179 -0.302222329411962
0.102922076001507 0.0122459734561714 -0.204366198849992 -0.122827372418124
0.0892897922954589 -0.0223425669311083 -0.157291434234947 -0.00864108155236876
0.102279199697683 -0.0392639559212093 -0.0871218078100918 0.0650648672910779
0.114937355339981 -0.0383981993209999 -0.0398696355031515 0.121969858776951
0.155636200955216 -0.0118115222210737 -0.0519227961909705 0.180316342752062
0.146961752767586 0.0993789008748256 -0.169644037482638 0.16947055558616
0.0278480844513316 0.183606611894876 -0.32264463481797 -0.00543115645840723
-0.137219350632191 0.179995010059726 -0.271456629280406 -0.226502363023733
-0.277011670823899 0.057781779654017 -0.105881188039778 -0.311059740579771
-0.346736593116889 -0.0958710754247481 -0.0917785561241345 -0.191103021547702
-0.271356947772987 -0.146201275880446 -0.0416757275042728 -0.0603334619481605
-0.234198548948042 -0.00122972400075597 0.027560729494751 0.266749004824679
-0.158284619479526 0.116989611684694 0.35455982381084 0.121338053976541
-0.00587899775589574 0.164544358262457 0.291423173892659 -0.227611056606492
0.121929433531256 0.112702027290428 -0.0194463068858068 -0.292422897982807
0.150559555772082 0.0105599461338397 -0.146007628964385 -0.142237448036431
0.120551240698353 -0.0437960583595065 -0.114213988044917 -0.0349585123450745
0.119593844048317 -0.058873579332686 -0.0442306729697429 0.0399547711817492
0.130204966989237 -0.0558486828874808 0.0114812082832625 0.095572222554399
0.18451148090436 -0.0347513227100332 0.0245871876925511 0.178287859806692
0.195595497342992 0.0845134636074232 -0.0774765456438636 0.223531717171336
0.0818779875613479 0.203289390477537 -0.290658532717532 0.105322861234237
-0.126509212271108 0.239812945894449 -0.299927385157061 -0.140308029430237
-0.315582156598848 0.0870284542907886 -0.118433539161013 -0.263372932270887
-0.378216617475683 -0.117611090587446 -0.00724469425649092 -0.122000321293484
-0.253060559245399 -0.206493043048779 0.0599497324894525 0.0195113085586327
-0.278907816533456 -0.0670367293596688 0.0406957864991022 0.302647161790629
-0.238194779536438 0.107154759876661 0.346171033899011 0.20648523521889
-0.0413583157096198 0.211828263394743 0.337268247691655 -0.122044102085769
0.132719782204193 0.149420843852346 0.077342314185096 -0.243761206294923
0.17521591900625 0.0167328790271509 -0.0647855464869824 -0.153725804014451
0.135512222054043 -0.0577575335148221 -0.0594181438066389 -0.0670464689592402
0.119502530282841 -0.0691361514504115 0.00350069916745881 0.00859734899424496
0.122356852207583 -0.0656732034268384 0.0612885695508154 0.0638036619295654
0.18255631209013 -0.0502312167068483 0.0934716425050666 0.159138656340277
0.208516831655223 0.0620609886620728 0.0142488216272372 0.246357128924679
0.111663800000979 0.190816111060201 -0.22843733404713 0.185799108256101
-0.106949882963534 0.251389252694511 -0.292746406631227 -0.0607149211273505
-0.309760108420415 0.0885706368708876 -0.114729993894755 -0.215051530858747
-0.350984897873299 -0.127534550273108 0.0790384482107269 -0.058409517874312
-0.186276730377252 -0.222450096874106 0.146666195241602 0.113919339348956
-0.256786141945885 -0.125475111876477 0.056957254303069 0.332085742159693
-0.266015967478776 0.0588810993760645 0.300641458417159 0.269810448528804
-0.0768537147498579 0.207655067064608 0.336067678478574 -0.00211084495155302
0.113694130953644 0.157419694404077 0.161560122973243 -0.164980348737986
0.16560328846684 0.021390927930948 0.0246924360609799 -0.150893565431979
0.128497908202165 -0.060927807467473 -0.00135905373281524 -0.0974276121288126
0.103176240031085 -0.0692773567935977 0.0493664008451722 -0.0236362613037295
0.098646551605312 -0.0644706345847049 0.104055452344985 0.0313225826522628
0.155375580324718 -0.0529761051077266 0.146210549234613 0.134698700678651
0.188839145329844 0.0458861610959267 0.084372672018023 0.246226846201377
0.107379608014343 0.167282296678207 -0.166497295404965 0.231782340079114
-0.103571444445808 0.221826863809041 -0.263281332685886 -0.00228881083144486
-0.275769394252744 0.0518836480351395 -0.0992440860812984 -0.168450958167282
-0.272462301767778 -0.137955204132163 0.148380830190006 0.00109832012130596
-0.0897939389447858 -0.184768171639395 0.202257973580279 0.198788178019609
-0.178700219232308 -0.141405347651051 0.0686462376607173 0.351540176457675
-0.220906510503214 0.0114898765317026 0.240177068681118 0.306961115302377
-0.0784783466065136 0.155660753742627 0.301984428608917 0.0998381099016818
0.0796461766298736 0.123778227259145 0.217982680985112 -0.0836174999745812
0.124797166479234 0.0166758318118147 0.101681592013031 -0.141520701641305
0.0966833439656881 -0.0537907924712634 0.050496198535125 -0.123357775211943
0.0720433556774558 -0.058068996131784 0.0865883369557909 -0.0520665770642756
0.0649114407001735 -0.0554473887890421 0.13700744324294 0.00525378765775521
0.114808922284979 -0.0473711606330506 0.181811408837108 0.11438021385892
0.150294825843223 0.0327153916233534 0.128071751946322 0.243605373475548
0.0854839540421831 0.140474284612109 -0.121221127004822 0.255415795847058
-0.107683919693495 0.172295356431355 -0.231956181081489 0.036340767009778
-0.223443356390114 -0.00133838521741128 -0.0823061801611654 -0.125801853206858
-0.162016277570703 -0.143680829486592 0.188113921447332 0.055326113875411
0.0179197892864868 -0.10491077760058 0.224136346815998 0.247372046006274
-0.0703320929146674 -0.106019253004205 0.0761187839433392 0.353007486501713
-0.119172605930733 -0.0112805780706805 0.195385734639498 0.319267725078082
-0.0417555533911324 0.0772088101657866 0.276678265442497 0.158906460396021
0.0431053883398078 0.0554889469165704 0.249333510605638 -0.0363735800532351
0.0612530338137737 0.00110949697598868 0.149117571068503 -0.139817869810358
0.0456225777552573 -0.0386919359120622 0.0829020964847827 -0.143036169612419
0.0303671024611096 -0.038499727580251 0.10857569726626 -0.0729740239222577
0.0268282840107129 -0.040718778961789 0.157276196052998 -0.0115825875268431
0.0659306678484353 -0.0400777538474957 0.203261914945316 0.103764881468493
0.10300953241038 0.0162936699174785 0.148228682649523 0.243146644281439
0.0615253491529656 0.105810438079895 -0.0988127599575671 0.269186802597099
-0.101922634035384 0.114498441100764 -0.216576496191592 0.0587628550169718
-0.150025880993223 -0.0485073886028794 -0.0759028852352939 -0.0968989136948925
-0.0371661610942785 -0.130825119986726 0.19427866909055 0.0993048253591455
