TRXV5
3
4
4
9
string Extension=J
integer IsArchMeasurement=1
integer IsSpherical=1
string Generator=SPM
string GeneratorVersion=1.3.1 Dev
double ArchRadius=0.449999988079071
integer FrequencyAxisIndex=0
integer AzimuthAxisIndex=1
integer ElevationAxisIndex=2
Frequency
5 136 690000000 960000000 LIN
Azimuth
7 8 0 2.74889357189107 LIN
Elevation
7 15 -2.74889357189107 2.74889357189107 LIN
Polar H Real Part
13
Polar H Imaginary Part
14
Polar V Real Part
13
Polar V Imaginary Part
14
Polar H Magnitude (dB)
12 0xC0000002 0 1
Polar H Phase
7 0xC0000003 0 1
Polar V Magnitude (dB)
12 0xC0000002 2 3
Polar V Phase
7 0xC0000003 2 3
0.0591583251953125 0.023712158203125 0.060272216796875 0.147308349609375
0.0820083618164063 -0.019683837890625 0.0615730285644531 0.0606155395507813
0.022979736328125 -0.0710830688476563 -0.00881576538085937 -0.0308036804199219
-0.0337791442871094 -0.0561065673828125 -0.08404541015625 -0.000442504882812507
-0.0465126037597656 -0.0233802795410156 -0.07928466796875 0.0705108642578125
-0.0519905090332031 0.00394058227539062 -0.0412673950195312 0.1370849609375
-0.0349330902099609 0.0238151550292969 0.0166168212890625 0.16436767578125
-0.0327911376953125 0.0130405426025391 0.04193115234375 0.159271240234375
-0.03558349609375 0.0027923583984375 0.0260467529296875 0.149368286132813
-0.0281867980957031 -0.00847434997558593 -0.0212860107421875 0.130172729492188
-0.0101699829101563 -0.0159988403320313 -0.0423660278320313 0.0838775634765625
0.00300121307373047 -0.0145883560180664 -0.0359764099121094 0.0383644104003906
0.0173368453979492 0.00185489654541016 0.00106048583984375 0.0531120300292969
0.0156669616699219 0.033843994140625 0.00987243652343751 0.172286987304688
-0.00929641723632813 0.0488548278808594 -0.11962890625 0.240768432617188
0.0721206665039063 -0.0734176635742188 0.0660400390625 0.143707275390625
0.065948486328125 -0.10321044921875 0.0640296936035156 0.0627326965332031
-0.017913818359375 -0.120407104492187 0.00376605987548828 -0.0149383544921875
-0.0916366577148437 -0.0722732543945313 -0.0605697631835938 0.00810241699218748
-0.0978546142578125 -0.00356292724609377 -0.0546340942382813 0.0621910095214844
-0.0845794677734375 0.0603713989257813 -0.0246734619140625 0.122154235839844
-0.0410537719726563 0.0852890014648438 0.02764892578125 0.141510009765625
-0.0372314453125 0.0679397583007813 0.051666259765625 0.135894775390625
-0.0438308715820313 0.0666999816894531 0.0384063720703125 0.131271362304688
-0.0572967529296875 0.0531692504882813 -0.00528717041015626 0.120773315429687
-0.0615005493164062 0.0202484130859375 -0.0226593017578125 0.0810470581054688
-0.0642623901367187 -0.00937271118164062 -0.0205650329589844 0.0490188598632813
-0.0410079956054688 -0.0468063354492188 0.00748443603515625 0.07843017578125
-0.00751113891601563 -0.0558090209960938 0.00419616699218752 0.183914184570313
-0.00249862670898437 -0.0543441772460938 -0.122024536132812 0.245223999023438
0.0732879638671875 -0.16119384765625 0.0749664306640625 0.114952087402344
0.0368804931640625 -0.1749267578125 0.0620803833007812 0.0503654479980469
-0.0607147216796875 -0.15423583984375 0.0120830535888672 0.000956535339355459
-0.139053344726563 -0.0769577026367187 -0.0317401885986328 0.0183506011962891
-0.135910034179687 0.0176620483398438 -0.0220603942871094 0.0484428405761719
-0.105827331542969 0.107261657714844 -0.00229644775390625 0.0911636352539063
-0.041900634765625 0.133918762207031 0.035308837890625 0.0973281860351563
-0.0373077392578125 0.113494873046875 0.0528640747070313 0.0917587280273438
-0.0469741821289063 0.121238708496094 0.0439910888671875 0.0922698974609375
-0.0783920288085937 0.107887268066406 0.0120468139648437 0.0919113159179688
-0.106254577636719 0.0550460815429688 0.00172424316406249 0.0643119812011719
-0.125579833984375 -0.00099945068359374 0.00112152099609375 0.0522575378417969
-0.0963668823242188 -0.0898513793945313 0.0151824951171875 0.096588134765625
-0.030792236328125 -0.138351440429688 -0.00521850585937501 0.1756591796875
0.00186157226562499 -0.14984130859375 -0.1182861328125 0.216644287109375
0.0602569580078125 -0.229949951171875 0.0808334350585938 0.0630722045898437
-0.00382995605468752 -0.225830078125 0.0521392822265625 0.0245475769042969
-0.104568481445313 -0.165969848632812 0.0154018402099609 0.0149221420288086
-0.17242431640625 -0.0659942626953125 0.000452041625976554 0.026885986328125
-0.15484619140625 0.0403289794921875 0.0140209197998047 0.0284500122070313
-0.110488891601562 0.14111328125 0.0209312438964844 0.0471725463867188
-0.035369873046875 0.163711547851563 0.037841796875 0.0390167236328125
-0.0316925048828125 0.141128540039063 0.0466499328613281 0.0337562561035156
-0.0430908203125 0.157562255859375 0.0430145263671875 0.0372352600097656
-0.0870513916015625 0.146041870117188 0.0277023315429687 0.0462150573730469
-0.1341552734375 0.0821533203125 0.0278167724609375 0.0343647003173828
-0.168212890625 0.00868225097656252 0.0271949768066406 0.04681396484375
-0.138252258300781 -0.118942260742188 0.0251007080078125 0.103370666503906
-0.05078125 -0.1986083984375 -0.01568603515625 0.146255493164063
0.003082275390625 -0.221817016601563 -0.106887817382813 0.160186767578125
0.037322998046875 -0.266647338867188 0.0806427001953125 -0.00746917724609377
-0.044769287109375 -0.245635986328125 0.0333080291748047 -0.011159896850586
-0.136611938476563 -0.154678344726563 0.0132083892822266 0.0227794647216797
-0.18408203125 -0.0415802001953125 0.030364990234375 0.0285511016845703
-0.151031494140625 0.0608978271484375 0.0457496643066406 0.001922607421875
-0.09722900390625 0.156036376953125 0.0382118225097656 -0.00475311279296874
-0.02301025390625 0.16912841796875 0.0335636138916016 -0.02490234375
-0.0223541259765625 0.147933959960937 0.0331172943115234 -0.0306739807128906
-0.033599853515625 0.168441772460938 0.0360031127929688 -0.0253448486328125
-0.081329345703125 0.158554077148438 0.0403060913085937 -0.00893020629882811
-0.13873291015625 0.0944747924804687 0.0520744323730469 -0.00389862060546874
-0.181167602539063 0.0175323486328125 0.0521202087402344 0.0324363708496094
-0.155929565429687 -0.125518798828125 0.0326614379882813 0.0966644287109375
-0.0624542236328125 -0.223739624023438 -0.0271835327148438 0.0995635986328125
0.00134277343749998 -0.257339477539063 -0.0895233154296875 0.0837326049804688
0.012847900390625 -0.261505126953125 0.0758285522460938 -0.0842208862304688
-0.070465087890625 -0.229644775390625 0.0108489990234375 -0.0523300170898438
-0.144180297851563 -0.1243896484375 0.00665092468261718 0.0212726593017578
-0.16754150390625 -0.0154876708984375 0.0524673461914062 0.021087646484375
-0.125312805175781 0.0711822509765625 0.0658035278320312 -0.0282173156738281
-0.070343017578125 0.147903442382813 0.0451164245605469 -0.0557937622070312
-0.00709533691406249 0.149078369140625 0.0220108032226563 -0.0842819213867187
-0.00930023193359377 0.131271362304688 0.0143356323242188 -0.0900115966796875
-0.019775390625 0.15087890625 0.0248947143554687 -0.0842208862304687
-0.0614013671875 0.143646240234375 0.0496406555175781 -0.0629501342773437
-0.115760803222656 0.0891647338867187 0.0706100463867188 -0.0401153564453125
-0.158721923828125 0.0223388671875 0.0705032348632812 0.015869140625
-0.144195556640625 -0.108200073242188 0.035675048828125 0.0794677734375
-0.063690185546875 -0.207412719726563 -0.03717041015625 0.0438766479492187
-0.00466918945312503 -0.251068115234375 -0.0683326721191406 0.00186538696289061
-0.00540161132812498 -0.215087890625 0.0715484619140625 -0.155654907226563
-0.0728759765625 -0.179855346679688 -0.00744628906249999 -0.0929412841796875
-0.121994018554688 -0.0836639404296875 -0.0016622543334961 0.00934791564941406
-0.125106811523437 0.00463867187500002 0.0629081726074218 0.0055389404296875
-0.0845718383789063 0.0656509399414062 0.0723419189453125 -0.0560531616210937
-0.03778076171875 0.115753173828125 0.0414505004882813 -0.0989456176757812
0.0076446533203125 0.108024597167969 0.00531005859374999 -0.130714416503906
0.00492095947265626 0.0946502685546875 -0.00676727294921876 -0.13531494140625
-0.00200653076171874 0.108291625976563 0.0117416381835938 -0.129783630371094
-0.0285186767578125 0.104736328125 0.0546340942382812 -0.104606628417969
-0.07147216796875 0.0704116821289063 0.0810317993164062 -0.0653762817382813
-0.107940673828125 0.0279617309570312 0.0799636840820313 0.0024261474609375
-0.111183166503906 -0.0667572021484375 0.0328254699707031 0.05859375
-0.06060791015625 -0.15423583984375 -0.0442352294921875 -0.00847625732421877
-0.016448974609375 -0.205490112304688 -0.04791259765625 -0.071136474609375
-0.0198211669921875 -0.135391235351563 0.070159912109375 -0.2099609375
-0.054901123046875 -0.104179382324219 -0.016326904296875 -0.126762390136719
-0.0762786865234375 -0.0376129150390625 -0.0101318359375 -0.00965023040771485
-0.0653572082519531 0.0158615112304688 0.0621719360351562 -0.0131759643554687
-0.0348968505859375 0.0454597473144531 0.0668411254882813 -0.075927734375
-0.00403213500976562 0.0651092529296875 0.0294876098632812 -0.128013610839844
0.0190048217773437 0.0503120422363281 -0.0140228271484375 -0.157684326171875
0.0176467895507812 0.0429954528808594 -0.0261383056640625 -0.1605224609375
0.0161705017089844 0.0486297607421875 -0.00132751464843749 -0.154708862304688
0.0111885070800781 0.052490234375 0.053741455078125 -0.126945495605469
-0.0131874084472656 0.0470390319824219 0.081634521484375 -0.0763015747070313
-0.0419158935546875 0.0376815795898438 0.079193115234375 -0.004486083984375
-0.070709228515625 -0.00996398925781249 0.0250129699707031 0.0370445251464844
-0.0593948364257813 -0.0780181884765625 -0.0487403869628906 -0.0480804443359375
-0.0339889526367187 -0.132759094238281 -0.0320892333984375 -0.125022888183594
0.0701904296875 0.0210533142089844 0.0825958251953125 0.142181396484375
0.08990478515625 -0.0322647094726563 0.0739288330078125 0.0538406372070313
0.0183486938476563 -0.0825576782226563 -0.0108795166015625 -0.0319061279296875
-0.0438308715820312 -0.0587654113769531 -0.0858917236328125 0.00788116455078124
-0.0557365417480469 -0.0203895568847656 -0.0735397338867188 0.0793914794921875
-0.0591239929199219 0.0120353698730469 -0.0273284912109375 0.144363403320312
-0.0384788513183594 0.0311088562011719 0.036041259765625 0.165267944335938
-0.0369491577148438 0.0195159912109375 0.0622711181640625 0.156982421875
-0.042327880859375 0.00825500488281249 0.0443267822265625 0.1500244140625
-0.0357017517089844 -0.0071868896484375 -0.00583648681640625 0.135505676269531
-0.0137748718261719 -0.0203590393066406 -0.0337295532226563 0.09234619140625
0.00385665893554687 -0.0202827453613281 -0.0341529846191406 0.0452766418457031
0.0243930816650391 -0.000186920166015625 0.00289535522460938 0.0544776916503906
0.0271072387695312 0.0382499694824219 0.0261993408203125 0.171661376953125
0.0010223388671875 0.0588302612304688 -0.100616455078125 0.253326416015625
0.0721054077148438 -0.0785980224609375 0.0904006958007812 0.139839172363281
0.063690185546875 -0.114303588867188 0.07781982421875 0.0556716918945312
-0.0278091430664062 -0.127250671386719 0.00495529174804687 -0.0171651840209961
-0.103355407714844 -0.0688247680664063 -0.0600357055664063 0.0140495300292969
-0.104804992675781 0.00531768798828127 -0.0471572875976562 0.0683364868164063
-0.0852203369140625 0.0723876953125 -0.00967407226562501 0.12579345703125
-0.0364227294921875 0.0942001342773438 0.0462265014648438 0.138351440429688
-0.0344390869140625 0.0760040283203125 0.070953369140625 0.130714416503906
-0.0427093505859375 0.0746078491210938 0.05694580078125 0.128860473632813
-0.056610107421875 0.0588150024414063 0.0112228393554688 0.124595642089844
-0.062225341796875 0.0228042602539063 -0.011993408203125 0.0876846313476562
-0.0642890930175781 -0.00658416748046875 -0.0159111022949219 0.0563430786132812
-0.0405044555664063 -0.0432472229003906 0.0131759643554687 0.0819015502929688
-0.00680923461914062 -0.0511131286621094 0.0218658447265625 0.186492919921875
-0.00402069091796875 -0.0476417541503906 -0.102462768554687 0.26116943359375
0.0615386962890625 -0.168228149414063 0.0983810424804687 0.111946105957031
0.0248870849609375 -0.18218994140625 0.075958251953125 0.0446014404296875
-0.074920654296875 -0.155487060546875 0.0166616439819336 -0.00170516967773438
-0.151382446289062 -0.0673675537109375 -0.0279350280761719 0.0218124389648437
-0.139358520507813 0.0307693481445313 -0.0133781433105469 0.0506477355957031
-0.098785400390625 0.121604919433594 0.0117034912109375 0.0904693603515625
-0.030029296875 0.1429443359375 0.0504531860351563 0.0912017822265625
-0.0279388427734375 0.121208190917969 0.0687026977539063 0.0851364135742188
-0.0373764038085938 0.130455017089844 0.0604324340820312 0.0871047973632813
-0.0701065063476563 0.11773681640625 0.0279083251953125 0.0938186645507813
-0.102874755859375 0.0644683837890625 0.0127525329589844 0.0689468383789063
-0.126243591308594 0.0102157592773438 0.00795364379882812 0.0586967468261719
-0.102401733398437 -0.080810546875 0.02496337890625 0.101188659667969
-0.0414352416992188 -0.133514404296875 0.0120849609375 0.181564331054688
-0.0115203857421875 -0.146942138671875 -0.10101318359375 0.2342529296875
0.037811279296875 -0.2376708984375 0.100120544433594 0.0607223510742187
-0.024566650390625 -0.227783203125 0.0636749267578125 0.0205879211425781
-0.121109008789063 -0.16009521484375 0.0221996307373047 0.0116348266601562
-0.183273315429688 -0.050018310546875 0.00656700134277343 0.0275859832763672
-0.154525756835938 0.057159423828125 0.0224151611328125 0.0269966125488281
-0.096649169921875 0.15570068359375 0.0320396423339844 0.0426216125488281
-0.017364501953125 0.170578002929688 0.0472335815429688 0.0307807922363281
-0.0174102783203125 0.148971557617188 0.0561027526855469 0.0251388549804688
-0.0269317626953125 0.166763305664063 0.0540657043457031 0.0306167602539063
-0.072723388671875 0.158660888671875 0.0400581359863281 0.0449142456054688
-0.128173828125 0.097137451171875 0.0375900268554687 0.0350494384765625
-0.16986083984375 0.0269927978515625 0.0350875854492187 0.0501594543457031
-0.149703979492188 -0.105255126953125 0.0377960205078125 0.108016967773437
-0.0703125 -0.194290161132813 -0.000610351562500016 0.154617309570313
-0.0198822021484375 -0.222885131835938 -0.094329833984375 0.178329467773438
0.007476806640625 -0.27410888671875 0.09234619140625 -0.00894165039062502
-0.0723724365234375 -0.2437744140625 0.0404815673828125 -0.0122642517089844
-0.155288696289063 -0.142532348632813 0.0212059020996094 0.0209255218505859
-0.191787719726563 -0.0222320556640625 0.0382537841796875 0.0262107849121094
-0.145523071289063 0.079376220703125 0.0523757934570312 -0.00306701660156249
-0.0781097412109375 0.169174194335938 0.0448570251464844 -0.011810302734375
-0.00163269042968752 0.173660278320313 0.0358467102050781 -0.0335845947265625
-0.00419616699218748 0.1531982421875 0.0346107482910156 -0.0385551452636719
-0.012908935546875 0.175872802734375 0.0394287109375 -0.0325202941894531
-0.0626678466796875 0.171646118164063 0.047332763671875 -0.0135002136230469
-0.129859924316406 0.111991882324219 0.0586166381835938 -0.00709533691406249
-0.18212890625 0.0389404296875 0.0602455139160156 0.0324478149414063
-0.170364379882813 -0.109405517578125 0.0463409423828125 0.100250244140625
-0.08740234375 -0.2198486328125 -0.0168075561523438 0.108619689941406
-0.0282135009765625 -0.26123046875 -0.08465576171875 0.0995559692382812
-0.0180206298828125 -0.268829345703125 0.0783462524414063 -0.085205078125
-0.100677490234375 -0.225601196289062 0.0121269226074219 -0.0504798889160156
-0.162673950195313 -0.10968017578125 0.0152320861816406 0.0204544067382812
-0.172256469726563 0.00567626953125 0.0598640441894531 0.0162849426269531
-0.11767578125 0.0887374877929687 0.0691413879394531 -0.0355339050292969
-0.0499114990234375 0.158096313476563 0.045806884765625 -0.0648384094238281
0.014617919921875 0.151077270507813 0.0164947509765625 -0.09210205078125
0.00873565673828124 0.134475708007813 0.0079193115234375 -0.0962753295898438
0.00146484374999998 0.155776977539063 0.0203323364257813 -0.0918121337890625
-0.041839599609375 0.153945922851563 0.0501480102539063 -0.0700759887695312
-0.106246948242188 0.105079650878906 0.0729141235351563 -0.0472564697265625
-0.1580810546875 0.0438232421875 0.0770645141601562 0.0120315551757813
-0.158126831054687 -0.0911102294921875 0.0484085083007812 0.081207275390625
-0.090423583984375 -0.2037353515625 -0.0328445434570313 0.0534591674804687
-0.036102294921875 -0.2557373046875 -0.0725860595703125 0.0138626098632812
-0.033905029296875 -0.22235107421875 0.064361572265625 -0.157806396484375
-0.100631713867188 -0.176544189453125 -0.012420654296875 -0.0891799926757813
-0.137313842773438 -0.0699234008789062 0.00409317016601561 0.00988483428955078
-0.128036499023437 0.022979736328125 0.0681114196777344 -0.00143051147460937
-0.0757675170898438 0.0796279907226562 0.0714492797851563 -0.0644912719726563
-0.0184249877929687 0.122657775878906 0.0352401733398438 -0.107269287109375
0.0266647338867187 0.106842041015625 -0.00752258300781249 -0.136428833007813
0.0203094482421875 0.0947418212890625 -0.0197677612304688 -0.139633178710937
0.0155181884765625 0.109115600585937 -9.1552734374988E-05 -0.136054992675781
-0.0111007690429688 0.109649658203125 0.0489273071289063 -0.113121032714844
-0.06085205078125 0.082183837890625 0.07958984375 -0.0744781494140625
-0.104324340820313 0.04541015625 0.0848236083984375 -0.00337982177734375
-0.12127685546875 -0.0507049560546875 0.0427207946777344 0.0586814880371094
-0.0839691162109375 -0.149993896484375 -0.0467491149902344 0.000709533691406248
-0.0461883544921875 -0.210372924804687 -0.0601692199707031 -0.06378173828125
-0.0402984619140625 -0.141937255859375 0.055206298828125 -0.214874267578125
-0.0746002197265625 -0.102546691894531 -0.0261154174804688 -0.123863220214844
-0.0878372192382812 -0.0290145874023438 -0.00724124908447266 -0.009033203125
-0.0676345825195313 0.0284767150878906 0.0641136169433594 -0.0217056274414062
-0.0280227661132812 0.05511474609375 0.06146240234375 -0.0852279663085938
0.00978851318359375 0.0679473876953125 0.01715087890625 -0.1348876953125
0.0322151184082031 0.0469284057617187 -0.03179931640625 -0.159652709960938
0.0279960632324219 0.0400199890136719 -0.0447998046875 -0.161392211914063
0.0282783508300781 0.0455665588378906 -0.01739501953125 -0.158187866210938
0.0244598388671875 0.0508689880371094 0.0439376831054687 -0.13543701171875
-0.00313949584960937 0.0514678955078125 0.0771331787109375 -0.0858612060546875
-0.0357589721679687 0.0488128662109375 0.0817337036132812 -0.0112152099609375
-0.0749664306640625 0.00354766845703124 0.0308837890625 0.0369873046875
-0.0764312744140625 -0.0717315673828125 -0.0572967529296875 -0.0397071838378906
-0.0580062866210937 -0.134796142578125 -0.051727294921875 -0.121635437011719
0.0787277221679688 0.0152511596679688 0.099884033203125 0.127029418945312
0.091949462890625 -0.0460968017578125 0.0820083618164063 0.04168701171875
0.00981903076171876 -0.09014892578125 -0.0129203796386719 -0.0319786071777344
-0.0534324645996094 -0.0582199096679687 -0.08355712890625 0.0149993896484375
-0.0630683898925781 -0.014984130859375 -0.0644912719726563 0.0839080810546875
-0.0628318786621094 0.0219688415527344 -0.01263427734375 0.143020629882813
-0.0391311645507813 0.0399360656738281 0.05224609375 0.156768798828125
-0.0386505126953125 0.0267295837402344 0.0782623291015625 0.145828247070313
-0.0472793579101563 0.0160865783691406 0.0609588623046875 0.1414794921875
-0.0423545837402344 -0.00426483154296875 0.00874328613281249 0.133575439453125
-0.0193557739257813 -0.0235195159912109 -0.0230865478515625 0.09539794921875
0.002471923828125 -0.0266571044921875 -0.0296096801757813 0.0510520935058594
0.0307044982910156 -0.00501060485839844 0.00393676757812501 0.0546646118164063
0.0399742126464844 0.0386619567871094 0.037750244140625 0.16265869140625
0.0150947570800781 0.0641136169433594 -0.0788116455078125 0.25286865234375
0.070526123046875 -0.0812530517578125 0.109588623046875 0.12530517578125
0.0584793090820312 -0.121505737304687 0.0873489379882813 0.0440750122070312
-0.0380172729492187 -0.128974914550781 0.00557327270507812 -0.0195674896240234
-0.111717224121094 -0.06201171875 -0.0560760498046875 0.0187454223632812
-0.107353210449219 0.0146865844726563 -0.0380401611328125 0.0697174072265625
-0.0809707641601563 0.0819015502929688 0.00482177734375 0.121337890625
-0.0300140380859375 0.0998992919921875 0.0609817504882813 0.127372741699219
-0.029876708984375 0.0812530517578125 0.0856399536132812 0.117279052734375
-0.0395278930664062 0.0802764892578125 0.0724411010742188 0.117881774902344
-0.0546722412109375 0.0627288818359375 0.0279159545898438 0.120948791503906
-0.0613059997558594 0.0244102478027344 7.62939453124991E-06 0.0894241333007813
-0.0624961853027344 -0.00494384765624999 -0.00899505615234375 0.0611343383789063
-0.0367393493652344 -0.0397872924804688 0.0183868408203125 0.0821151733398437
-0.00310134887695313 -0.0451927185058594 0.036529541015625 0.179718017578125
-0.00207138061523438 -0.0388755798339844 -0.0785980224609375 0.263580322265625
0.0492095947265625 -0.166641235351563 0.117233276367187 0.0987625122070312
0.013092041015625 -0.182098388671875 0.085357666015625 0.0331268310546875
-0.085540771484375 -0.150283813476563 0.0194816589355469 -0.00618171691894532
-0.156692504882813 -0.0551605224609375 -0.0221176147460938 0.0229969024658203
-0.13702392578125 0.0428848266601562 -0.00485992431640626 0.0488967895507813
-0.0877532958984375 0.129570007324219 0.02374267578125 0.0831756591796875
-0.0171661376953125 0.144790649414063 0.061126708984375 0.0794601440429688
-0.0172271728515625 0.123992919921875 0.079498291015625 0.0711135864257813
-0.0263824462890625 0.133560180664063 0.0728912353515625 0.0753173828125
-0.0598220825195313 0.121635437011719 0.0426254272460937 0.0883712768554688
-0.096282958984375 0.0703506469726562 0.0245094299316406 0.0685768127441406
-0.120903015136719 0.0191650390625 0.0165977478027344 0.0617752075195312
-0.101455688476562 -0.06982421875 0.0344696044921875 0.100914001464844
-0.0465927124023438 -0.123641967773438 0.0284576416015625 0.1781005859375
-0.0206069946289062 -0.1358642578125 -0.0784149169921875 0.240478515625
0.016265869140625 -0.231979370117188 0.116012573242188 0.0506820678710937
-0.0424957275390625 -0.218780517578125 0.0724868774414063 0.0118942260742187
-0.131317138671875 -0.147918701171875 0.0273838043212891 0.00648117065429687
-0.184097290039063 -0.033355712890625 0.0131759643554687 0.0249061584472656
-0.146102905273438 0.070159912109375 0.0296058654785156 0.0219268798828125
-0.0791473388671875 0.160995483398438 0.0404129028320312 0.0333976745605469
-0.000534057617187495 0.1685791015625 0.052581787109375 0.0202445983886719
-0.0027923583984375 0.147918701171875 0.0618400573730469 0.0132179260253906
-0.009552001953125 0.166671752929688 0.0613975524902344 0.0197105407714844
-0.055206298828125 0.162307739257813 0.0509490966796875 0.0384635925292969
-0.116264343261719 0.10675048828125 0.046905517578125 0.0323982238769531
-0.161666870117188 0.041534423828125 0.0441932678222656 0.0504341125488281
-0.151870727539062 -0.0886077880859375 0.049530029296875 0.106468200683594
-0.083099365234375 -0.180419921875 0.01483154296875 0.154159545898438
-0.0387420654296875 -0.211135864257813 -0.076385498046875 0.187118530273438
-0.0207061767578125 -0.265701293945312 0.102737426757813 -0.0130538940429688
-0.0946197509765625 -0.228515625 0.0468521118164062 -0.0153427124023438
-0.164031982421875 -0.124420166015625 0.0282955169677734 0.0158519744873047
-0.188583374023438 -0.00225830078125 0.0441207885742187 0.02093505859375
-0.133102416992188 0.09100341796875 0.05645751953125 -0.00973510742187499
-0.057159423828125 0.1712646484375 0.0481529235839844 -0.0211334228515625
0.0176239013671875 0.167129516601563 0.0344963073730469 -0.0414924621582031
0.012603759765625 0.149612426757813 0.0333671569824219 -0.0471038818359375
0.007171630859375 0.172592163085938 0.0406646728515625 -0.0409660339355469
-0.0417327880859375 0.173187255859375 0.0522994995117188 -0.0201492309570312
-0.114433288574219 0.122299194335938 0.0639266967773438 -0.0124855041503906
-0.172348022460938 0.057586669921875 0.0675277709960937 0.0295028686523438
-0.173782348632813 -0.0888671875 0.0587158203125 0.0973281860351563
-0.106063842773437 -0.204788208007813 -0.00379943847656251 0.112442016601562
-0.0546112060546875 -0.248611450195312 -0.0741729736328125 0.110824584960938
-0.0487823486328125 -0.2601318359375 0.0810928344726562 -0.0846328735351563
-0.1246337890625 -0.2066650390625 0.0145187377929687 -0.0478439331054688
-0.170181274414063 -0.0882415771484375 0.0216445922851562 0.0170536041259766
-0.166778564453125 0.0258636474609375 0.0645294189453125 0.009674072265625
-0.102058410644531 0.0992431640625 0.0690345764160156 -0.0425529479980469
-0.027435302734375 0.156723022460938 0.043701171875 -0.0717315673828125
0.0338897705078125 0.141632080078125 0.00891876220703125 -0.096099853515625
0.0248336791992188 0.128402709960938 5.34057617187579E-05 -0.099578857421875
0.0211944580078125 0.149429321289063 0.0150222778320312 -0.0956878662109375
-0.0202178955078125 0.15264892578125 0.0483856201171875 -0.0757369995117187
-0.0899734497070313 0.114242553710938 0.072601318359375 -0.0533981323242187
-0.146896362304688 0.0618133544921875 0.0820770263671875 0.00719451904296875
-0.1614990234375 -0.0702667236328125 0.0598983764648437 0.0777816772460937
-0.110260009765625 -0.187759399414062 -0.0251846313476563 0.0605087280273437
-0.06573486328125 -0.244049072265625 -0.0707473754882812 0.0267791748046875
-0.0616455078125 -0.215545654296875 0.0579376220703125 -0.153762817382813
-0.122512817382813 -0.160079956054687 -0.0143890380859375 -0.0824508666992188
-0.14508056640625 -0.0506591796875 0.0104379653930664 0.0083475112915039
-0.122840881347656 0.0408248901367187 0.0697174072265625 -0.00869369506835937
-0.061798095703125 0.0891571044921875 0.0668716430664063 -0.0711593627929688
0.00148773193359376 0.119590759277344 0.0275955200195313 -0.111228942871094
0.0419921875 0.0962448120117188 -0.020416259765625 -0.1353759765625
0.0335235595703125 0.0870437622070313 -0.0325393676757813 -0.137351989746094
0.0317535400390625 0.102035522460937 -0.0109786987304688 -0.135490417480469
0.00662994384765625 0.105781555175781 0.0414199829101563 -0.117401123046875
-0.04620361328125 0.0865554809570313 0.0746688842773438 -0.0813522338867188
-0.0928802490234375 0.0592117309570313 0.0870437622070313 -0.00945281982421875
-0.122230529785156 -0.0321121215820313 0.0512275695800781 0.055389404296875
-0.102043151855469 -0.134841918945313 -0.0448341369628906 0.0104942321777344
-0.073822021484375 -0.199813842773437 -0.067840576171875 -0.04974365234375
-0.0599899291992187 -0.13934326171875 0.041534423828125 -0.209671020507813
-0.0918197631835938 -0.0933380126953125 -0.03253173828125 -0.114471435546875
-0.0942306518554688 -0.0161285400390625 -0.00393867492675782 -0.00934410095214844
-0.0641365051269531 0.0412368774414063 0.0626258850097656 -0.0294952392578125
-0.0179786682128906 0.0607070922851562 0.05279541015625 -0.090484619140625
0.0238304138183594 0.0645675659179688 0.00467681884765626 -0.134895324707031
0.0419197082519531 0.0375900268554688 -0.04815673828125 -0.153564453125
0.0359153747558594 0.0325965881347656 -0.0609130859375 -0.15325927734375
0.0374298095703125 0.0373992919921875 -0.032135009765625 -0.1531982421875
0.03631591796875 0.044158935546875 0.0315704345703125 -0.137306213378906
0.00872802734375001 0.0513534545898438 0.0691909790039063 -0.091094970703125
-0.0246467590332031 0.0561599731445313 0.0812606811523438 -0.0176010131835937
-0.07257080078125 0.018035888671875 0.0358238220214844 0.0349235534667969
-0.0889968872070313 -0.0589752197265625 -0.0612068176269531 -0.0279808044433594
-0.0802993774414062 -0.126045227050781 -0.067047119140625 -0.10748291015625
0.0855865478515625 0.009002685546875 0.107521057128906 0.108955383300781
0.0915145874023438 -0.0583343505859375 0.0840682983398438 0.0292739868164062
0.00140380859375 -0.0949554443359375 -0.0135765075683594 -0.0323162078857422
-0.061798095703125 -0.0554122924804688 -0.079681396484375 0.0190353393554688
-0.0677490234375 -0.00862884521484374 -0.0570755004882813 0.0832061767578125
-0.0636558532714844 0.0313949584960938 -0.0034332275390625 0.1365966796875
-0.037261962890625 0.0478172302246094 0.06060791015625 0.144515991210938
-0.0389022827148438 0.0342597961425781 0.085235595703125 0.131744384765625
-0.0498161315917969 0.0246391296386719 0.06878662109375 0.129531860351562
-0.0481948852539063 0.000152587890624996 0.0192642211914063 0.127227783203125
-0.0251102447509766 -0.0258750915527344 -0.0141525268554687 0.0942535400390625
-6.86645507812477E-05 -0.03265380859375 -0.0245323181152344 0.0537452697753906
0.0357170104980469 -0.0112571716308594 0.00347900390625 0.0549392700195313
0.0518951416015625 0.0354766845703125 0.04150390625 0.15069580078125
0.0287818908691406 0.0654830932617188 -0.0656280517578125 0.243408203125
0.0705337524414063 -0.0806427001953125 0.119781494140625 0.106704711914063
0.0553741455078125 -0.126197814941406 0.0906600952148438 0.0308456420898437
-0.0445556640625 -0.128761291503906 0.00557518005371094 -0.0223026275634766
-0.11614990234375 -0.055694580078125 -0.0513153076171875 0.0198326110839844
-0.107315063476563 0.0215606689453125 -0.030487060546875 0.0666847229003906
-0.0768203735351563 0.08795166015625 0.0131149291992187 0.112442016601563
-0.0245895385742187 0.102401733398438 0.06695556640625 0.113510131835938
-0.026275634765625 0.0838394165039063 0.091094970703125 0.101600646972656
-0.037200927734375 0.0840377807617188 0.0802764892578125 0.103515625
-0.0539665222167969 0.0639266967773438 0.0390167236328125 0.111915588378906
-0.0610237121582031 0.0231552124023437 0.0100555419921875 0.086883544921875
-0.059814453125 -0.00645828247070314 -0.00257492065429687 0.0633201599121094
-0.0304450988769531 -0.0390090942382812 0.021148681640625 0.0807876586914063
0.00469589233398437 -0.0412445068359375 0.0434417724609375 0.169296264648438
0.00462532043457032 -0.0309906005859375 -0.0623931884765625 0.255859375
0.0432586669921875 -0.158981323242188 0.128662109375 0.0824813842773437
0.0074615478515625 -0.177322387695312 0.0897216796875 0.0209121704101562
-0.0902862548828125 -0.14404296875 0.0208568572998047 -0.0106086730957031
-0.156021118164063 -0.0463104248046875 -0.0170879364013672 0.0209732055664062
-0.1322021484375 0.0489959716796875 0.00178909301757811 0.0435562133789062
-0.078338623046875 0.131355285644531 0.0302734375 0.07257080078125
-0.00859069824218749 0.142410278320312 0.064483642578125 0.0658340454101563
-0.01080322265625 0.122406005859375 0.0828704833984375 0.0558853149414063
-0.019287109375 0.132225036621094 0.0784530639648438 0.0614852905273438
-0.0521087646484375 0.120223999023438 0.0524444580078125 0.0788345336914063
-0.0899658203125 0.0705337524414062 0.03363037109375 0.0645713806152344
-0.113815307617188 0.0218582153320313 0.0240936279296875 0.0623397827148438
-0.0949172973632813 -0.0627975463867187 0.0398483276367187 0.098846435546875
-0.0436553955078125 -0.113380432128906 0.0377044677734375 0.170059204101563
-0.021636962890625 -0.122726440429688 -0.0615997314453125 0.236648559570312
0.00384521484375001 -0.218231201171875 0.127067565917969 0.0386962890625
-0.04974365234375 -0.205825805664062 0.0777969360351563 0.00346374511718749
-0.132064819335938 -0.135887145996094 0.0303287506103516 0.000766754150390617
-0.1788330078125 -0.02227783203125 0.0179004669189453 0.0208358764648438
-0.136306762695313 0.0749359130859375 0.0344390869140625 0.0151557922363281
-0.0665435791015625 0.15802001953125 0.0438995361328125 0.0226211547851563
0.00987243652343751 0.160400390625 0.0528945922851563 0.00848770141601564
0.00657653808593751 0.142532348632813 0.0616264343261719 0.00129318237304688
0.00149536132812501 0.160385131835938 0.0640487670898438 0.00812911987304689
-0.0427703857421875 0.157745361328125 0.0580482482910156 0.0299949645996094
-0.104454040527344 0.107917785644531 0.0539970397949219 0.0274810791015625
-0.15045166015625 0.04833984375 0.051483154296875 0.0494728088378906
-0.145584106445313 -0.076019287109375 0.0572662353515625 0.102882385253906
-0.085693359375 -0.166213989257813 0.0257720947265625 0.15020751953125
-0.046905517578125 -0.193572998046875 -0.0612945556640625 0.187606811523438
-0.0370635986328125 -0.247116088867188 0.111312866210937 -0.0192718505859375
-0.103805541992187 -0.208053588867188 0.0530204772949219 -0.01959228515625
-0.162216186523438 -0.107284545898437 0.0328693389892578 0.0101737976074219
-0.17822265625 0.010223388671875 0.0478515625 0.0149688720703125
-0.119422912597656 0.0941925048828125 0.0586433410644531 -0.0167961120605469
-0.0416259765625 0.16400146484375 0.0481758117675781 -0.0298423767089844
0.0282745361328125 0.155502319335938 0.0323524475097656 -0.0487213134765625
0.0223236083984375 0.140533447265625 0.0305671691894531 -0.0538406372070313
0.01983642578125 0.162887573242188 0.0394554138183594 -0.0484123229980469
-0.0263671875 0.16717529296875 0.0553436279296875 -0.0269584655761719
-0.10009765625 0.124336242675781 0.0672073364257813 -0.017425537109375
-0.157882690429687 0.066070556640625 0.0729217529296875 0.0266342163085938
-0.167816162109375 -0.0733184814453125 0.0675430297851562 0.0923080444335938
-0.11279296875 -0.18658447265625 0.00634765624999998 0.111953735351562
-0.0682220458984375 -0.22900390625 -0.062591552734375 0.116401672363281
-0.0675506591796875 -0.241943359375 0.0858306884765625 -0.0831680297851563
-0.134979248046875 -0.184555053710937 0.0199394226074219 -0.0460472106933594
-0.167572021484375 -0.0698394775390625 0.0274257659912109 0.0126209259033203
-0.154693603515625 0.0385284423828125 0.0665626525878906 0.00312423706054688
-0.0872421264648438 0.101631164550781 0.0684051513671875 -0.0483932495117187
-0.0115966796875 0.147308349609375 0.0406265258789062 -0.0766067504882813
0.0433425903320313 0.127357482910156 0.0034332275390625 -0.0970382690429687
0.0347747802734375 0.117767333984375 -0.00505828857421875 -0.100616455078125
0.0333786010742188 0.137771606445313 0.0103836059570313 -0.0980606079101562
-0.00497436523437501 0.14410400390625 0.0467071533203125 -0.079803466796875
-0.0744476318359375 0.114425659179687 0.0722274780273438 -0.0579147338867187
-0.131782531738281 0.0703659057617188 0.0849761962890625 0.00246429443359375
-0.155624389648438 -0.0529937744140625 0.0673370361328125 0.0721511840820313
-0.119094848632813 -0.168792724609375 -0.0166358947753906 0.0637283325195313
-0.0833892822265625 -0.224075317382813 -0.0651054382324219 0.0368194580078125
-0.0803375244140625 -0.202117919921875 0.0581512451171875 -0.145721435546875
-0.134178161621094 -0.14056396484375 -0.0104141235351563 -0.0752639770507813
-0.144302368164063 -0.0338592529296875 0.015350341796875 0.00518321990966797
-0.112106323242188 0.05267333984375 0.0689659118652344 -0.0143852233886719
-0.047760009765625 0.0903091430664063 0.0624618530273438 -0.0736770629882813
0.0153656005859375 0.109954833984375 0.0221710205078125 -0.111732482910156
0.0506210327148438 0.082733154296875 -0.0278701782226563 -0.1298828125
0.0410003662109375 0.0766067504882813 -0.039886474609375 -0.131362915039063
0.0410385131835937 0.0895614624023438 -0.0181503295898437 -0.132392883300781
0.019073486328125 0.0957183837890625 0.0356674194335938 -0.118057250976562
-0.0326690673828125 0.0854415893554688 0.0705337524414063 -0.083740234375
-0.0783462524414063 0.065765380859375 0.0866928100585938 -0.0142593383789062
-0.116165161132813 -0.0170669555664062 0.0565834045410156 0.051025390625
-0.111030578613281 -0.11712646484375 -0.0399398803710938 0.0180206298828125
-0.091552734375 -0.181625366210938 -0.0688972473144531 -0.0353431701660156
-0.0749664306640625 -0.131889343261719 0.0360870361328125 -0.198013305664063
-0.102157592773438 -0.0804290771484375 -0.0317230224609375 -0.105262756347656
-0.09619140625 -0.00332641601562499 0.000310897827148433 -0.011134147644043
-0.05767822265625 0.05029296875 0.0594139099121094 -0.0345001220703125
-0.0076751708984375 0.0622901916503906 0.045379638671875 -0.0916061401367188
0.034027099609375 0.0567054748535156 -0.00366973876953124 -0.130172729492188
0.0473823547363281 0.0268592834472656 -0.056793212890625 -0.143417358398438
0.0403900146484375 0.0239334106445312 -0.0684814453125 -0.142623901367187
0.0425987243652344 0.0267486572265625 -0.0403289794921875 -0.14447021484375
0.044097900390625 0.0336151123046875 0.0239181518554688 -0.134597778320313
0.0189132690429688 0.0477676391601563 0.0628738403320313 -0.091888427734375
-0.0127601623535156 0.058746337890625 0.0789794921875 -0.0212478637695312
-0.0658493041992188 0.0291481018066406 0.0386924743652344 0.0321044921875
-0.0951690673828125 -0.0442428588867187 -0.0597190856933594 -0.0168228149414063
-0.095672607421875 -0.111892700195313 -0.0739517211914063 -0.0907516479492187
0.0918121337890625 0.0036163330078125 0.108291625976563 0.09295654296875
0.0903472900390625 -0.0687713623046875 0.0833206176757813 0.0190582275390625
-0.00563049316406251 -0.0989456176757813 -0.0145893096923828 -0.0337581634521484
-0.0688591003417969 -0.0538253784179688 -0.0767364501953125 0.0198135375976562
-0.071624755859375 -0.00314331054687499 -0.0532379150390625 0.0803451538085938
-0.0640144348144531 0.0395278930664063 7.629394531234E-06 0.131263732910156
-0.0366592407226563 0.054962158203125 0.06207275390625 0.135292053222656
-0.038604736328125 0.0407257080078125 0.0860137939453125 0.120986938476563
-0.051544189453125 0.0332870483398438 0.0707855224609375 0.119400024414063
-0.0535430908203125 0.00532150268554686 0.0236358642578125 0.120094299316406
-0.0316390991210937 -0.0271987915039063 -0.00885009765625 0.0920867919921875
-0.00367355346679688 -0.0378875732421875 -0.0217933654785156 0.0556716918945313
0.0405502319335938 -0.0179405212402344 0.00120162963867187 0.0562591552734375
0.0631141662597656 0.0308380126953125 0.0379486083984375 0.142730712890625
0.0411605834960938 0.0647354125976563 -0.064056396484375 0.232284545898438
0.07440185546875 -0.079193115234375 0.123489379882813 0.0908432006835938
0.0550689697265625 -0.130897521972656 0.0904388427734375 0.0198135375976562
-0.04931640625 -0.129730224609375 0.00548934936523437 -0.0252914428710938
-0.119316101074219 -0.0530929565429687 -0.0479812622070313 0.0185813903808594
-0.107856750488281 0.0250091552734375 -0.0267333984375 0.0618934631347656
-0.0747604370117188 0.0925216674804688 0.0155410766601563 0.103927612304688
-0.0224533081054688 0.104820251464844 0.06683349609375 0.102546691894531
-0.025665283203125 0.087005615234375 0.0909576416015625 0.0896987915039063
-0.037261962890625 0.0881118774414062 0.0820159912109375 0.0918655395507813
-0.0557174682617187 0.0651321411132813 0.0444793701171875 0.103736877441406
-0.0635490417480469 0.0204353332519531 0.0168380737304688 0.0835037231445313
-0.0584182739257813 -0.0109939575195312 0.00276947021484375 0.0640792846679688
-0.0230255126953125 -0.0422248840332031 0.0218124389648438 0.0815505981445313
0.0151100158691406 -0.0402565002441406 0.0434112548828125 0.162445068359375
0.0145397186279297 -0.0254459381103516 -0.0576629638671875 0.24700927734375
0.0452728271484375 -0.151809692382813 0.134536743164063 0.067718505859375
0.00842285156250001 -0.17547607421875 0.0919113159179687 0.0102386474609375
-0.090240478515625 -0.142059326171875 0.0213050842285156 -0.0154457092285156
-0.15533447265625 -0.0430145263671875 -0.0136432647705078 0.0180282592773437
-0.129783630371094 0.0512924194335938 0.005584716796875 0.0372047424316406
-0.07470703125 0.13165283203125 0.0317420959472656 0.0631828308105469
-0.00567626953124999 0.139732360839844 0.0634574890136719 0.0547599792480469
-0.0081787109375 0.121536254882813 0.0815277099609375 0.0436859130859375
-0.0173187255859375 0.131675720214844 0.0793991088867187 0.0494613647460938
-0.050445556640625 0.118515014648438 0.0581588745117188 0.0695915222167969
-0.0877609252929688 0.0678787231445313 0.0410652160644531 0.0604019165039063
-0.108528137207031 0.0195541381835938 0.0303878784179687 0.062835693359375
-0.0861358642578125 -0.0623092651367187 0.0428695678710937 0.098388671875
-0.0349884033203125 -0.107627868652344 0.040252685546875 0.16448974609375
-0.0154800415039063 -0.11212158203125 -0.0538177490234375 0.230484008789063
0.00346374511718751 -0.204696655273438 0.135017395019531 0.0281524658203125
-0.048187255859375 -0.196685791015625 0.0817031860351563 -0.00567626953125001
-0.128349304199219 -0.130561828613281 0.0325489044189453 -0.00473594665527344
-0.173431396484375 -0.01971435546875 0.0211830139160156 0.0157356262207031
-0.13055419921875 0.0740280151367188 0.0365371704101563 0.00868225097656251
-0.0613861083984375 0.15362548828125 0.0444831848144531 0.01324462890625
0.01287841796875 0.15423583984375 0.0510978698730469 -0.000442504882812491
0.0091400146484375 0.137474060058594 0.0593185424804688 -0.00925827026367187
0.0047454833984375 0.1552734375 0.0637588500976563 -0.00227355957031249
-0.03741455078125 0.15264892578125 0.0628662109375 0.0214653015136719
-0.0987091064453125 0.104698181152344 0.0604209899902344 0.0223426818847656
-0.142196655273437 0.047821044921875 0.0575752258300781 0.0481338500976562
-0.135879516601563 -0.0717544555664062 0.0618209838867187 0.100791931152344
-0.0804443359375 -0.156173706054688 0.0313262939453125 0.146469116210938
-0.044830322265625 -0.178558349609375 -0.05291748046875 0.185928344726563
-0.041778564453125 -0.231002807617187 0.120170593261719 -0.0243911743164063
-0.10211181640625 -0.193115234375 0.0585517883300781 -0.0247077941894531
-0.156051635742188 -0.0984649658203125 0.0352592468261719 0.00441360473632812
-0.169036865234375 0.0140838623046875 0.0508956909179687 0.0100593566894531
-0.110847473144531 0.0918197631835937 0.0604782104492187 -0.0230522155761719
-0.0350341796875 0.15478515625 0.0478439331054688 -0.0370864868164062
0.0316009521484375 0.145156860351563 0.0291175842285156 -0.0545539855957031
0.0258941650390625 0.1324462890625 0.0274162292480469 -0.0602264404296875
0.0248260498046875 0.154052734375 0.0381927490234375 -0.0555267333984375
-0.019317626953125 0.158432006835938 0.0581436157226562 -0.0339584350585937
-0.0911102294921875 0.120903015136719 0.0709686279296875 -0.0216293334960937
-0.146682739257813 0.067047119140625 0.078094482421875 0.0240859985351563
-0.158401489257813 -0.0657806396484375 0.073394775390625 0.0887908935546875
-0.110916137695313 -0.173858642578125 0.0134048461914063 0.110565185546875
-0.07061767578125 -0.211288452148438 -0.0542526245117188 0.11944580078125
-0.0743408203125 -0.224685668945313 0.0949783325195313 -0.082550048828125
-0.136154174804688 -0.167007446289063 0.0277481079101562 -0.04595947265625
-0.160919189453125 -0.058837890625 0.0315170288085937 0.0074920654296875
-0.14288330078125 0.0437164306640625 0.0678863525390625 -0.00185394287109375
-0.0765838623046875 0.0978851318359375 0.0677299499511719 -0.0519447326660156
-0.00431823730468751 0.136024475097656 0.0393218994140625 -0.081085205078125
0.0463485717773438 0.115478515625 0.000457763671875005 -0.09942626953125
0.037994384765625 0.107994079589844 -0.00830078125 -0.101951599121094
0.0379562377929687 0.126480102539063 0.00765228271484376 -0.100608825683594
0.00317382812499999 0.133598327636719 0.047027587890625 -0.0840072631835937
-0.0640869140625 0.110786437988281 0.07342529296875 -0.060577392578125
-0.118858337402344 0.0719833374023438 0.0884170532226562 -0.000160217285156246
-0.146255493164063 -0.044464111328125 0.0721817016601562 0.068328857421875
-0.11968994140625 -0.154037475585937 -0.00969696044921876 0.0652084350585938
-0.0891876220703125 -0.206161499023438 -0.0588569641113281 0.0437698364257812
-0.090606689453125 -0.188674926757813 0.06536865234375 -0.13916015625
-0.137741088867188 -0.124687194824219 -0.00277709960937501 -0.0713653564453125
-0.139724731445313 -0.0219802856445312 0.0200557708740234 0.000930786132812499
-0.101966857910156 0.0594329833984375 0.0693588256835938 -0.0188560485839844
-0.0368881225585938 0.087554931640625 0.0605621337890625 -0.0757369995117187
0.0233535766601562 0.0989913940429687 0.0191421508789063 -0.111679077148438
0.052978515625 0.0701942443847656 -0.0300674438476562 -0.126968383789063
0.0434913635253906 0.0663032531738281 -0.04278564453125 -0.128379821777344
0.0439453125 0.0778350830078125 -0.020843505859375 -0.130332946777344
0.0258331298828125 0.0845794677734375 0.0339889526367188 -0.118705749511719
-0.0226058959960937 0.08026123046875 0.0696868896484375 -0.0846633911132813
-0.0665740966796875 0.0666618347167969 0.0873336791992188 -0.016265869140625
-0.10784912109375 -0.00785064697265627 0.0601654052734375 0.0467071533203125
-0.112861633300781 -0.102264404296875 -0.0346927642822266 0.0226039886474609
-0.100204467773437 -0.164566040039063 -0.0656814575195313 -0.0241508483886719
-0.0853347778320313 -0.124351501464844 0.0397491455078125 -0.187179565429688
-0.108589172363281 -0.0697555541992187 -0.0251846313476563 -0.098541259765625
-0.0954360961914063 0.00607299804687499 0.00379753112792968 -0.0138330459594727
-0.0512657165527344 0.0564727783203125 0.0572853088378906 -0.0376625061035156
0.00104522705078125 0.0613937377929688 0.040679931640625 -0.0904922485351562
0.0405540466308594 0.04931640625 -0.00722503662109375 -0.126136779785156
0.0489959716796875 0.015869140625 -0.0591964721679687 -0.135025024414063
0.0416297912597656 0.0149612426757812 -0.0700912475585937 -0.134208679199219
0.044342041015625 0.0173187255859375 -0.0423965454101563 -0.138259887695313
0.048248291015625 0.0232734680175781 0.0210037231445312 -0.131134033203125
0.0264739990234375 0.0416641235351563 0.0603179931640625 -0.0901412963867188
-0.00242233276367187 0.0584564208984375 0.0780868530273438 -0.0223541259765625
-0.0584487915039063 0.0367355346679688 0.040679931640625 0.0305252075195313
-0.0977859497070313 -0.0306320190429688 -0.0556488037109375 -0.00841903686523437
-0.104728698730469 -0.0973663330078125 -0.0738143920898438 -0.0753097534179688
0.0994110107421875 -0.00130462646484375 0.107170104980469 0.0804595947265625
0.0901412963867188 -0.079925537109375 0.080413818359375 0.010101318359375
-0.0130767822265625 -0.10382080078125 -0.0160083770751953 -0.0349960327148438
-0.077178955078125 -0.0519027709960938 -0.0759811401367188 0.01904296875
-0.0766677856445313 0.00304412841796876 -0.0524749755859375 0.0786666870117188
-0.0652580261230469 0.0481109619140625 -0.000289916992187496 0.128166198730469
-0.0346031188964844 0.0623970031738281 0.0613250732421875 0.130256652832031
-0.0382728576660156 0.0478363037109375 0.0853500366210937 0.115440368652344
-0.0529899597167969 0.0423240661621094 0.071044921875 0.113746643066406
-0.0592460632324219 0.0113143920898437 0.02618408203125 0.116363525390625
-0.0391197204589844 -0.0283126831054688 -0.00537872314453125 0.0908660888671875
-0.00820159912109375 -0.0438270568847656 -0.0193557739257813 0.05804443359375
0.0441818237304688 -0.0264854431152344 -0.000846862792968742 0.0592384338378906
0.0750198364257813 0.0248489379882813 0.032440185546875 0.141311645507813
0.0533790588378906 0.0630455017089844 -0.068756103515625 0.227188110351563
0.0832443237304688 -0.08038330078125 0.124832153320312 0.0772323608398438
0.0572586059570313 -0.138778686523438 0.0894241333007813 0.00984954833984374
-0.053863525390625 -0.134674072265625 0.00440979003906249 -0.0286712646484375
-0.12579345703125 -0.0517807006835938 -0.0466842651367188 0.0162925720214844
-0.111839294433594 0.0286102294921875 -0.0256423950195313 0.0572509765625
-0.0754776000976563 0.0984420776367188 0.014892578125 0.0988693237304688
-0.0213394165039062 0.11016845703125 0.064666748046875 0.0953903198242188
-0.0250167846679688 0.0924072265625 0.0886383056640625 0.0808944702148437
-0.0378265380859375 0.0943450927734375 0.082000732421875 0.0831832885742188
-0.0592880249023438 0.0687980651855469 0.0481491088867187 0.0971832275390625
-0.0687980651855469 0.0186996459960937 0.0220489501953125 0.0808486938476563
-0.0607032775878906 -0.0161209106445312 0.00789260864257813 0.0660972595214844
-0.0169219970703125 -0.0482826232910156 0.02203369140625 0.084747314453125
0.0269813537597656 -0.0434951782226563 0.0409088134765625 0.161209106445313
0.026702880859375 -0.0233879089355469 -0.0588226318359375 0.243377685546875
0.0519256591796875 -0.148300170898438 0.139205932617188 0.0545806884765625
0.012298583984375 -0.17852783203125 0.0927886962890625 0.000205993652343739
-0.09075927734375 -0.145431518554688 0.0215263366699219 -0.0204143524169922
-0.157882690429688 -0.0431671142578125 -0.0122146606445313 0.0139379501342773
-0.1318359375 0.05206298828125 0.00679016113281249 0.0309677124023438
-0.0755844116210937 0.134170532226563 0.0307998657226562 0.0553741455078125
-0.005340576171875 0.141311645507813 0.060577392578125 0.0463523864746094
-0.00814819335937499 0.123283386230469 0.0785293579101563 0.0342025756835938
-0.017333984375 0.133369445800781 0.0789794921875 0.0397186279296875
-0.052215576171875 0.118316650390625 0.0622634887695313 0.0616531372070313
-0.0902862548828125 0.0652008056640625 0.0473556518554687 0.0563240051269531
-0.108070373535156 0.0147323608398438 0.03717041015625 0.0629920959472656
-0.0795669555664063 -0.0663299560546875 0.0457992553710937 0.100608825683594
-0.0252227783203125 -0.108360290527344 0.0409393310546875 0.164016723632813
-0.00504302978515624 -0.105880737304688 -0.051666259765625 0.228713989257812
0.00785827636718752 -0.197280883789063 0.142898559570313 0.0159149169921875
-0.043701171875 -0.194320678710938 0.0849761962890625 -0.0148239135742188
-0.125648498535156 -0.131690979003906 0.0334606170654297 -0.0103034973144531
-0.171890258789063 -0.0198211669921875 0.0236358642578125 0.0110645294189453
-0.13031005859375 0.0727386474609375 0.038787841796875 0.00125885009765625
-0.0608673095703125 0.152099609375 0.0432624816894531 0.00475692749023438
0.012847900390625 0.151229858398438 0.0476112365722656 -0.00895690917968749
0.00988006591796875 0.13616943359375 0.0557174682617188 -0.0177536010742187
0.00517272949218751 0.153167724609375 0.062744140625 -0.0123558044433594
-0.03729248046875 0.14996337890625 0.0665779113769531 0.0122833251953125
-0.097991943359375 0.101692199707031 0.0658836364746094 0.0175819396972656
-0.13861083984375 0.0449905395507813 0.0653724670410156 0.0467491149902344
-0.1290283203125 -0.0732269287109375 0.0672073364257812 0.101470947265625
-0.073150634765625 -0.153900146484375 0.034881591796875 0.146240234375
-0.037841796875 -0.16998291015625 -0.0478363037109375 0.186325073242188
-0.0400543212890625 -0.22027587890625 0.131767272949219 -0.0324630737304688
-0.0973052978515625 -0.185348510742187 0.0654869079589844 -0.0311775207519531
-0.149749755859375 -0.09661865234375 0.0387001037597656 -0.00243377685546876
-0.163543701171875 0.013763427734375 0.05316162109375 0.0042572021484375
-0.108261108398437 0.0887298583984375 0.0623130798339844 -0.0293731689453125
-0.0341949462890625 0.149642944335938 0.0464248657226563 -0.0452537536621094
0.0308151245117187 0.138275146484375 0.0262336730957031 -0.06170654296875
0.0258407592773437 0.128402709960938 0.0244827270507812 -0.0671958923339844
0.025146484375 0.148513793945313 0.0358467102050781 -0.0631599426269531
-0.016876220703125 0.152587890625 0.06060791015625 -0.0422782897949219
-0.0872421264648437 0.116813659667969 0.0759048461914063 -0.027191162109375
-0.14129638671875 0.0655059814453125 0.0846786499023437 0.0214462280273438
-0.1514892578125 -0.0638427734375 0.07904052734375 0.0873641967773438
-0.106597900390625 -0.167495727539063 0.0187835693359375 0.110786437988281
-0.067626953125 -0.200668334960937 -0.0479965209960938 0.122451782226563
-0.077423095703125 -0.213531494140625 0.106765747070313 -0.085418701171875
-0.13421630859375 -0.155868530273438 0.0359344482421875 -0.04998779296875
-0.155242919921875 -0.05224609375 0.0345687866210937 0.000883102416992184
-0.135772705078125 0.0450897216796875 0.0698623657226562 -0.00716400146484375
-0.0706634521484375 0.094146728515625 0.070037841796875 -0.0570755004882812
-0.00108337402343751 0.127403259277344 0.0377731323242188 -0.0866928100585937
0.0458908081054688 0.106285095214844 -0.00154876708984375 -0.103050231933594
0.037872314453125 0.101066589355469 -0.011383056640625 -0.105705261230469
0.038787841796875 0.118247985839844 0.00600433349609375 -0.105003356933594
0.00611877441406249 0.125526428222656 0.0482864379882813 -0.0903701782226563
-0.057952880859375 0.106124877929688 0.07684326171875 -0.0654296875
-0.111030578613281 0.0708541870117188 0.0930938720703125 -0.00342559814453125
-0.139373779296875 -0.0398101806640625 0.0780715942382812 0.0654449462890625
-0.118545532226562 -0.144424438476563 -0.00335311889648438 0.0668563842773437
-0.0896759033203125 -0.1927490234375 -0.0525779724121094 0.0506515502929687
-0.096832275390625 -0.178619384765625 0.0770950317382813 -0.137893676757813
-0.139907836914062 -0.112266540527344 0.00646209716796874 -0.0710601806640625
-0.136634826660156 -0.0133056640625 0.0237712860107422 -0.00336456298828125
-0.0936355590820313 0.0629043579101562 0.0702781677246094 -0.0228309631347656
-0.0292510986328125 0.0846939086914063 0.0610809326171875 -0.0784072875976563
0.02764892578125 0.0902938842773438 0.0180435180664063 -0.114494323730469
0.052154541015625 0.0598373413085938 -0.0321044921875 -0.127616882324219
0.0430450439453125 0.0580329895019531 -0.0444183349609375 -0.127517700195313
0.0442390441894531 0.0681686401367188 -0.0221023559570312 -0.131546020507813
0.02874755859375 0.0742874145507813 0.03375244140625 -0.121910095214844
-0.0157623291015625 0.074615478515625 0.0709915161132813 -0.0876007080078125
-0.0573272705078125 0.0650062561035156 0.0905227661132813 -0.0193099975585937
-0.099853515625 -0.00233459472656252 0.0643768310546875 0.0449256896972656
-0.113204956054687 -0.089996337890625 -0.028045654296875 0.0263748168945312
-0.105239868164063 -0.150604248046875 -0.060638427734375 -0.0139579772949219
-0.0954666137695313 -0.118972778320313 0.050079345703125 -0.183441162109375
-0.114982604980469 -0.060546875 -0.0163192749023438 -0.09613037109375
-0.0961227416992188 0.0152969360351563 0.00704288482666015 -0.0174837112426758
-0.0446128845214844 0.0628242492675781 0.0555763244628906 -0.0405120849609375
0.00865936279296876 0.0606002807617188 0.038726806640625 -0.0909805297851563
0.0458908081054688 0.0411872863769531 -0.00783538818359375 -0.125015258789062
0.0491600036621094 0.00664901733398437 -0.0594329833984375 -0.132118225097656
0.0415000915527344 0.00685501098632813 -0.0706329345703125 -0.130966186523438
0.0437469482421875 0.00735092163085938 -0.0425567626953125 -0.136070251464844
0.0499076843261719 0.0132637023925781 0.0210113525390625 -0.131607055664063
0.0333518981933594 0.0356521606445313 0.0609054565429688 -0.0911178588867188
0.00717926025390625 0.0567245483398438 0.0796356201171875 -0.022979736328125
-0.0512466430664063 0.0434646606445312 0.0437469482421875 0.0296669006347656
-0.100349426269531 -0.0189285278320313 -0.0506668090820313 -0.00255584716796875
-0.112091064453125 -0.0846328735351563 -0.0718307495117188 -0.0627365112304687
0.108169555664062 -0.0105438232421875 0.105171203613281 0.0691299438476563
0.0889358520507812 -0.094512939453125 0.077117919921875 0.00160217285156249
-0.0232772827148437 -0.109657287597656 -0.0186386108398438 -0.0374679565429688
-0.08758544921875 -0.0483474731445313 -0.0780868530273437 0.0195083618164063
-0.0824737548828125 0.00969696044921876 -0.0536346435546875 0.0789642333984375
-0.0651321411132813 0.0595054626464844 -0.00102233886718749 0.129005432128906
-0.0312652587890625 0.0713424682617188 0.0606842041015625 0.129241943359375
-0.0368881225585938 0.0567550659179688 0.0855178833007813 0.1121826171875
-0.0529289245605469 0.0533790588378906 0.071868896484375 0.109977722167969
-0.0651435852050781 0.0194435119628906 0.0283126831054688 0.114265441894531
-0.048980712890625 -0.0274734497070312 -0.0018157958984375 0.0911865234375
-0.0155029296875 -0.0496101379394531 -0.0158119201660156 0.061065673828125
0.0473861694335938 -0.0374641418457031 -0.00182342529296874 0.0652084350585938
0.0868301391601563 0.0149154663085938 0.0279998779296875 0.143569946289063
0.0674629211425781 0.058807373046875 -0.07568359375 0.229049682617188
0.0929489135742188 -0.0868911743164063 0.125892639160156 0.0638046264648438
0.057708740234375 -0.151458740234375 0.0875015258789063 -0.000358581542968759
-0.0617218017578125 -0.141098022460938 0.00280761718749999 -0.0328292846679688
-0.135063171386719 -0.0499038696289063 -0.0472755432128906 0.0141677856445313
-0.118202209472656 0.0344772338867187 -0.0264167785644531 0.0541534423828125
-0.0762405395507813 0.1080322265625 0.0136337280273438 0.0959548950195312
-0.019073486328125 0.117889404296875 0.0623626708984375 0.0911102294921875
-0.0236740112304688 0.0999298095703125 0.08673095703125 0.0745925903320313
-0.0382003784179688 0.103904724121094 0.081085205078125 0.0763397216796875
-0.0644989013671875 0.0751113891601562 0.0509490966796875 0.0915679931640625
-0.0768356323242188 0.0186004638671875 0.0273895263671875 0.0784149169921875
-0.0656700134277344 -0.0218391418457031 0.0138740539550781 0.0680274963378906
-0.0129241943359375 -0.0581283569335938 0.0242385864257813 0.0898666381835938
0.0387496948242187 -0.0520401000976562 0.0394439697265625 0.1641845703125
0.0403518676757812 -0.0247535705566406 -0.0609130859375 0.245681762695313
0.0614013671875 -0.150985717773438 0.144027709960938 0.0401611328125
0.0146026611328125 -0.188034057617188 0.09222412109375 -0.0110244750976563
-0.095977783203125 -0.151840209960938 0.0204830169677734 -0.0257377624511719
-0.165069580078125 -0.0427398681640625 -0.0116100311279297 0.00994491577148437
-0.137062072753906 0.0557022094726563 0.00660514831542968 0.024871826171875
-0.0766143798828125 0.141220092773437 0.0283355712890625 0.0494232177734375
-0.00408935546875001 0.146575927734375 0.0564231872558594 0.0395965576171875
-0.00735473632812499 0.128852844238281 0.0743789672851563 0.026214599609375
-0.017120361328125 0.140350341796875 0.0769271850585938 0.030364990234375
-0.0545730590820312 0.123039245605469 0.0656356811523438 0.0530624389648438
-0.0952301025390625 0.0655288696289063 0.053955078125 0.0509300231933594
-0.111289978027344 0.010955810546875 0.0457000732421875 0.0628242492675781
-0.0756683349609375 -0.0739593505859375 0.0510787963867187 0.104598999023438
-0.0160598754882813 -0.113471984863281 0.0436859130859375 0.16693115234375
0.00617218017578125 -0.105384826660156 -0.0501861572265625 0.232498168945313
0.0153656005859375 -0.196044921875 0.151199340820313 0.00169372558593749
-0.0396881103515625 -0.198638916015625 0.0875930786132813 -0.0258331298828125
-0.126319885253906 -0.135643005371094 0.0338497161865234 -0.0175609588623047
-0.175323486328125 -0.0201263427734375 0.0247364044189453 0.005279541015625
-0.133651733398438 0.073333740234375 0.0395660400390625 -0.00679779052734375
-0.0626678466796875 0.155242919921875 0.0404129028320312 -0.00360107421874999
0.01300048828125 0.153152465820313 0.0428733825683594 -0.0172615051269531
0.0100936889648437 0.138519287109375 0.050933837890625 -0.027099609375
0.00555419921874999 0.155319213867188 0.0598411560058594 -0.0221138000488281
-0.037750244140625 0.150924682617188 0.0696868896484375 0.00228500366210938
-0.100265502929688 0.101318359375 0.072479248046875 0.0100250244140625
-0.139785766601563 0.0427780151367188 0.073974609375 0.0444107055664062
-0.125579833984375 -0.0780792236328125 0.0745010375976562 0.103034973144531
-0.06756591796875 -0.156387329101563 0.0402069091796875 0.148727416992188
-0.0301971435546875 -0.166580200195313 -0.0425872802734375 0.190704345703125
-0.03643798828125 -0.214599609375 0.14288330078125 -0.04498291015625
-0.0945281982421875 -0.183013916015625 0.0709762573242188 -0.0413284301757813
-0.148025512695313 -0.0975341796875 0.0403251647949219 -0.00939941406250001
-0.162307739257812 0.0124053955078125 0.05548095703125 -0.00182723999023437
-0.108078002929688 0.0868377685546875 0.06298828125 -0.0375785827636719
-0.0348968505859375 0.14776611328125 0.0439529418945312 -0.0544548034667969
0.0298233032226563 0.135917663574219 0.0214195251464844 -0.069732666015625
0.0254287719726563 0.127326965332031 0.0185699462890625 -0.0753326416015625
0.025634765625 0.146560668945313 0.0325851440429688 -0.0727996826171875
-0.0155487060546875 0.150421142578125 0.0621833801269531 -0.0527267456054687
-0.0863113403320313 0.115348815917969 0.0807113647460938 -0.0354385375976562
-0.138229370117188 0.0637741088867188 0.092926025390625 0.0172576904296875
-0.147918701171875 -0.065460205078125 0.0871429443359375 0.08587646484375
-0.103591918945312 -0.166107177734375 0.0261459350585937 0.111839294433594
-0.0635833740234375 -0.194534301757813 -0.0408706665039063 0.127708435058594
-0.07916259765625 -0.205535888671875 0.120979309082031 -0.0945816040039063
-0.133102416992187 -0.1483154296875 0.0443229675292969 -0.0575942993164063
-0.151565551757813 -0.0483551025390625 0.0384788513183594 -0.00563430786132813
-0.129989624023437 0.0464859008789063 0.0727691650390625 -0.0130386352539062
-0.0674209594726562 0.09112548828125 0.0709152221679688 -0.0644378662109375
-0.00067138671875001 0.122238159179687 0.0361251831054688 -0.0950546264648437
0.0435256958007813 0.100105285644531 -0.00588226318359375 -0.109199523925781
0.0368118286132813 0.0963058471679688 -0.016326904296875 -0.111732482910156
0.0384902954101563 0.112937927246094 0.00162506103515625 -0.1126708984375
0.00733947753906251 0.118881225585938 0.0481719970703125 -0.0995330810546875
-0.0547409057617188 0.102226257324219 0.0797195434570312 -0.0734481811523437
-0.105445861816406 0.0694808959960938 0.0992431640625 -0.00825500488281249
-0.133811950683594 -0.0376434326171875 0.0847625732421875 0.0627059936523438
-0.117401123046875 -0.138458251953125 0.00345230102539061 0.0675582885742187
-0.090576171875 -0.183212280273438 -0.0445175170898438 0.057281494140625
-0.103958129882813 -0.171142578125 0.0905914306640625 -0.143524169921875
-0.142807006835938 -0.102493286132812 0.0158233642578125 -0.0763320922851563
-0.133522033691406 -0.00518035888671877 0.0274448394775391 -0.00950813293457031
-0.0859756469726563 0.0668792724609375 0.0719070434570313 -0.0273513793945312
-0.0232315063476562 0.0821151733398438 0.0612716674804688 -0.0832748413085938
0.0299606323242187 0.0819473266601563 0.01708984375 -0.119529724121094
0.0507049560546875 0.0507736206054688 -0.0343017578125 -0.130180358886719
0.0421066284179688 0.0515098571777344 -0.0484466552734375 -0.130966186523438
0.0431251525878906 0.0598526000976563 -0.0251312255859375 -0.135482788085938
0.0296897888183594 0.0649566650390625 0.0333099365234375 -0.129096984863281
-0.0102157592773438 0.068603515625 0.0726547241210938 -0.0936126708984375
-0.0486488342285156 0.0629463195800781 0.0949020385742188 -0.0228958129882812
-0.0932693481445313 0.00290679931640624 0.0696144104003906 0.0421371459960938
-0.113349914550781 -0.0794296264648438 -0.0218467712402344 0.0289630889892578
-0.10858154296875 -0.137855529785156 -0.0536994934082031 -0.00538253784179689
-0.106956481933594 -0.11224365234375 0.06207275390625 -0.186691284179688
-0.121772766113281 -0.04937744140625 -0.0080718994140625 -0.0996475219726563
-0.0956802368164063 0.0254058837890625 0.00904846191406249 -0.0233020782470703
-0.0371170043945313 0.0684661865234375 0.0554962158203125 -0.0439529418945312
0.0162544250488281 0.0585441589355469 0.0378494262695313 -0.0928115844726563
0.0500335693359375 0.0324172973632813 -0.00965118408203125 -0.126495361328125
0.0476837158203125 -0.00351715087890625 -0.061187744140625 -0.131622314453125
0.0395851135253906 -0.00104141235351563 -0.0727615356445313 -0.130477905273437
0.0417556762695313 -0.00139236450195313 -0.0440902709960937 -0.137672424316406
0.0500755310058594 0.0018157958984375 0.0208511352539062 -0.135307312011719
0.0393104553222656 0.0276870727539062 0.061920166015625 -0.0940322875976562
0.01715087890625 0.0541229248046875 0.082244873046875 -0.02520751953125
-0.0435104370117188 0.0497932434082031 0.046966552734375 0.0288734436035156
-0.100357055664062 -0.00462341308593749 -0.0460700988769531 0.00253677368164061
-0.118057250976563 -0.0713958740234375 -0.0670738220214844 -0.0508384704589844
0.115890502929688 -0.0244674682617188 0.101600646972656 0.057525634765625
0.0825576782226563 -0.111968994140625 0.0715255737304687 -0.00662994384765626
-0.0370559692382813 -0.113723754882812 -0.02386474609375 -0.0386161804199219
-0.09942626953125 -0.0406951904296875 -0.080810546875 0.0221405029296875
-0.0867385864257813 0.0205459594726562 -0.05413818359375 0.0813980102539063
-0.0611114501953125 0.0719833374023437 0.00174713134765624 0.132072448730469
-0.0243301391601563 0.0816192626953125 0.062042236328125 0.129486083984375
-0.0321311950683594 0.06695556640625 0.0864791870117188 0.109657287597656
-0.0492744445800781 0.0665206909179688 0.0735702514648438 0.106620788574219
-0.0681991577148438 0.0305900573730469 0.03216552734375 0.112266540527344
-0.0600242614746094 -0.023895263671875 0.00329589843749999 0.091583251953125
-0.0253105163574219 -0.0532646179199219 -0.0114555358886719 0.0640411376953125
0.0468902587890625 -0.0506629943847656 -0.0011444091796875 0.0717239379882813
0.0962142944335938 -0.00078582763671875 0.0271148681640625 0.149307250976562
0.082183837890625 0.0504837036132813 -0.0792694091796875 0.2366943359375
0.0999755859375 -0.09930419921875 0.12493896484375 0.0473556518554687
0.052093505859375 -0.1678466796875 0.082855224609375 -0.0110092163085938
-0.0744476318359375 -0.14556884765625 -0.000930786132812506 -0.03662109375
-0.146408081054688 -0.043670654296875 -0.0495796203613281 0.0132064819335938
-0.123214721679688 0.045196533203125 -0.027740478515625 0.0520591735839844
-0.0729598999023438 0.121185302734375 0.0132904052734375 0.0948257446289063
-0.0128936767578125 0.126670837402344 0.0611801147460938 0.0875701904296875
-0.0187759399414062 0.108642578125 0.0845718383789063 0.0687789916992188
-0.0337142944335938 0.115325927734375 0.0800018310546875 0.0698165893554688
-0.0670089721679688 0.08526611328125 0.05401611328125 0.084686279296875
-0.0855712890625 0.02215576171875 0.0340805053710937 0.0741653442382812
-0.0742340087890625 -0.0251235961914063 0.0218429565429687 0.0678253173828125
-0.0127372741699219 -0.0696372985839844 0.0294189453125 0.0950469970703125
0.0477828979492187 -0.0648689270019531 0.0426025390625 0.168975830078125
0.0537872314453125 -0.0313453674316406 -0.059600830078125 0.252487182617187
0.068115234375 -0.159637451171875 0.145843505859375 0.0207977294921875
0.0110321044921875 -0.20050048828125 0.0887680053710938 -0.0234298706054688
-0.105911254882812 -0.156524658203125 0.0177898406982422 -0.0319404602050781
-0.175338745117188 -0.0382537841796875 -0.0121221542358399 0.00593090057373047
-0.14227294921875 0.0636749267578125 0.00478744506835937 0.0186996459960938
-0.0744781494140625 0.15252685546875 0.02581787109375 0.0447883605957031
0.000778198242187495 0.153671264648438 0.0516510009765625 0.033416748046875
-0.00315093994140626 0.135398864746094 0.0694198608398438 0.0180320739746094
-0.012969970703125 0.148910522460937 0.0738143920898438 0.0211257934570313
-0.0552444458007813 0.130050659179688 0.0677452087402344 0.0429954528808594
-0.100959777832031 0.0688323974609375 0.060516357421875 0.0436782836914063
-0.117591857910156 0.00913238525390626 0.055633544921875 0.0601005554199219
-0.0761642456054688 -0.0827713012695312 0.0602569580078125 0.107215881347656
-0.00946807861328126 -0.123725891113281 0.050262451171875 0.170578002929688
0.0168914794921875 -0.109443664550781 -0.044158935546875 0.239089965820312
0.01959228515625 -0.198974609375 0.156845092773437 -0.017822265625
-0.040435791015625 -0.205108642578125 0.0874252319335938 -0.0398635864257813
-0.132186889648438 -0.1402587890625 0.0319805145263672 -0.0265140533447266
-0.181350708007813 -0.018585205078125 0.0247611999511719 -0.00181770324707031
-0.137825012207031 0.07830810546875 0.03717041015625 -0.0158653259277344
-0.061798095703125 0.161727905273437 0.0362586975097656 -0.0119209289550781
0.0161895751953125 0.156600952148438 0.0357894897460938 -0.0250015258789062
0.0125732421875 0.1419677734375 0.0428581237792969 -0.035247802734375
0.00941467285156249 0.160049438476563 0.0532875061035156 -0.032440185546875
-0.0363311767578125 0.1551513671875 0.0698165893554687 -0.0101509094238281
-0.103446960449219 0.103996276855469 0.0779190063476562 0.000541687011718756
-0.14288330078125 0.042694091796875 0.0840682983398437 0.0383682250976563
-0.126304626464844 -0.082733154296875 0.0850677490234375 0.101570129394531
-0.06439208984375 -0.161941528320312 0.04974365234375 0.149612426757813
-0.0243377685546875 -0.16778564453125 -0.0335845947265625 0.196182250976562
-0.034820556640625 -0.21160888671875 0.1512451171875 -0.06390380859375
-0.093536376953125 -0.182464599609375 0.0737228393554688 -0.0551376342773438
-0.148941040039063 -0.0973052978515625 0.0408134460449219 -0.0185470581054688
-0.163421630859375 0.0135955810546875 0.056854248046875 -0.00992584228515625
-0.108917236328125 0.0874099731445313 0.0613174438476562 -0.0486564636230469
-0.03515625 0.149032592773438 0.0390968322753906 -0.06427001953125
0.029815673828125 0.136077880859375 0.0131378173828125 -0.0781707763671875
0.0270004272460938 0.126777648925781 0.0100631713867188 -0.0829620361328125
0.0270233154296875 0.147003173828125 0.0251007080078125 -0.08282470703125
-0.0141143798828125 0.1497802734375 0.0596389770507812 -0.0656509399414062
-0.085845947265625 0.115524291992187 0.08447265625 -0.04693603515625
-0.137741088867188 0.0646514892578125 0.100776672363281 0.00900268554687501
-0.146713256835937 -0.0660400390625 0.0968475341796875 0.08184814453125
-0.103775024414062 -0.16546630859375 0.0354843139648438 0.111122131347656
-0.0622711181640625 -0.19036865234375 -0.0306549072265625 0.132728576660156
-0.083251953125 -0.198028564453125 0.131301879882813 -0.110824584960938
-0.133377075195313 -0.140007019042969 0.049591064453125 -0.0691642761230469
-0.14990234375 -0.0446319580078125 0.0397186279296875 -0.0146636962890625
-0.124603271484375 0.0471420288085937 0.0745697021484375 -0.021270751953125
-0.0649642944335938 0.0882110595703125 0.070404052734375 -0.0748291015625
-0.000183105468750013 0.11773681640625 0.0314712524414063 -0.1053466796875
0.041839599609375 0.0946121215820313 -0.0138320922851563 -0.115699768066406
0.0365447998046875 0.0924606323242187 -0.0263214111328125 -0.118598937988281
0.0379638671875 0.1085205078125 -0.00543975830078125 -0.120323181152344
0.00789642333984376 0.113639831542969 0.0444717407226562 -0.111106872558594
-0.0514068603515625 0.0985336303710938 0.0805435180664063 -0.0851364135742188
-0.0993270874023438 0.0686874389648438 0.105354309082031 -0.01751708984375
-0.129150390625 -0.0353851318359375 0.0931243896484375 0.0576553344726563
-0.117820739746094 -0.131698608398437 0.0124092102050781 0.0674514770507812
-0.0906982421875 -0.174148559570312 -0.0344390869140625 0.0630912780761719
-0.112594604492187 -0.16021728515625 0.101852416992188 -0.155853271484375
-0.145370483398438 -0.0880126953125 0.0233001708984375 -0.085174560546875
-0.129104614257813 0.00460052490234374 0.0292892456054687 -0.0175533294677734
-0.0768585205078125 0.0695343017578125 0.0726470947265625 -0.0355300903320312
-0.0162582397460937 0.077972412109375 0.0594100952148438 -0.090423583984375
0.0313262939453125 0.0730133056640625 0.0118865966796875 -0.126396179199219
0.0457000732421875 0.0429458618164063 -0.0407638549804688 -0.1339111328125
0.0392723083496094 0.0447006225585938 -0.0558090209960938 -0.134666442871094
0.0399894714355469 0.0528068542480469 -0.0318222045898438 -0.139862060546875
0.0286979675292969 0.0564994812011719 0.0296401977539063 -0.13671875
-0.00571060180664063 0.060211181640625 0.0724334716796875 -0.10235595703125
-0.0407142639160156 0.0596275329589844 0.0989913940429687 -0.0302581787109375
-0.08502197265625 0.00698852539062501 0.0763092041015625 0.0374908447265625
-0.111595153808594 -0.0679244995117187 -0.0141620635986328 0.0293407440185547
-0.112701416015625 -0.12445068359375 -0.0451698303222656 0.00221633911132812
-0.118766784667969 -0.101364135742188 0.0694427490234375 -0.195480346679688
-0.127426147460938 -0.0358657836914063 -0.00186920166015625 -0.10711669921875
-0.0938720703125 0.0369491577148438 0.00995635986328124 -0.0294647216796875
-0.0268478393554688 0.0730361938476563 0.0538673400878906 -0.0488929748535156
0.0253181457519531 0.0545539855957031 0.0345840454101563 -0.0961151123046875
0.0535354614257812 0.0219802856445313 -0.014007568359375 -0.129371643066406
0.0436172485351563 -0.0131187438964844 -0.0657882690429688 -0.131805419921875
0.0350151062011719 -0.00900840759277344 -0.0774459838867188 -0.13092041015625
0.0369529724121094 -0.0111465454101563 -0.048370361328125 -0.139678955078125
0.0473442077636719 -0.0108070373535156 0.01806640625 -0.140960693359375
0.0445785522460938 0.01727294921875 0.0612335205078125 -0.0992889404296875
0.0271873474121094 0.0485572814941406 0.0855941772460937 -0.02984619140625
-0.0333175659179688 0.0547676086425781 0.0508880615234375 0.0268440246582031
-0.097381591796875 0.010467529296875 -0.0387001037597656 0.00659561157226562
-0.122879028320312 -0.0550308227539062 -0.0604476928710938 -0.0399551391601563
0.117301940917969 -0.04150390625 0.0928192138671875 0.0449371337890625
0.0691604614257813 -0.127059936523438 0.0644683837890625 -0.0125961303710938
-0.0517730712890625 -0.111412048339844 -0.0283622741699219 -0.0387802124023438
-0.10577392578125 -0.0283126831054688 -0.0828475952148438 0.0265960693359375
-0.08612060546875 0.0329132080078125 -0.0523681640625 0.082550048828125
-0.051513671875 0.0847320556640625 0.00551605224609373 0.1336669921875
-0.0137252807617188 0.0879364013671875 0.0649261474609375 0.127273559570313
-0.0237197875976563 0.0742416381835938 0.0895309448242188 0.103668212890625
-0.0395278930664063 0.0785293579101562 0.0753936767578125 0.102310180664063
-0.0676231384277344 0.0430221557617187 0.0341415405273437 0.106460571289063
-0.069305419921875 -0.0152740478515625 0.00983428955078125 0.0885086059570313
-0.0357818603515625 -0.0547256469726563 -0.00458145141601563 0.0645790100097656
0.0399971008300781 -0.0636138916015625 0.00323486328125001 0.0760498046875
0.0998077392578125 -0.0201950073242188 0.0287322998046875 0.153671264648438
0.0931854248046875 0.0361251831054688 -0.0775604248046875 0.24456787109375
0.102813720703125 -0.112823486328125 0.116386413574219 0.0303192138671875
0.0394744873046875 -0.1806640625 0.0741119384765625 -0.0202713012695313
-0.088623046875 -0.145645141601562 -0.00677108764648438 -0.0385475158691406
-0.154678344726563 -0.0319671630859375 -0.0521507263183594 0.0141181945800781
-0.123847961425781 0.0563583374023438 -0.0282020568847656 0.0496063232421875
-0.0634536743164063 0.132499694824219 0.012481689453125 0.0930557250976563
-0.00193023681640625 0.132804870605469 0.0585708618164063 0.0835494995117188
-0.0105819702148438 0.115234375 0.0806884765625 0.0628890991210938
-0.0247573852539063 0.124900817871094 0.077178955078125 0.062652587890625
-0.0645294189453125 0.095428466796875 0.054718017578125 0.0775527954101563
-0.0925140380859375 0.0302505493164062 0.0389328002929688 0.06707763671875
-0.0825347900390625 -0.0248489379882813 0.0296783447265625 0.065155029296875
-0.0174713134765625 -0.080780029296875 0.036407470703125 0.0963211059570313
0.05126953125 -0.081878662109375 0.0483856201171875 0.170974731445312
0.0641708374023438 -0.0416221618652344 -0.05255126953125 0.256988525390625
0.0710296630859375 -0.169525146484375 0.139366149902344 0.00041961669921874
0.000152587890625017 -0.210494995117188 0.0802230834960938 -0.0355758666992188
-0.117782592773438 -0.158340454101562 0.0118751525878906 -0.0373001098632813
-0.181640625 -0.0299530029296875 -0.0144777297973633 0.00148200988769531
-0.144073486328125 0.0730133056640625 0.00193023681640624 0.0123815536499023
-0.06640625 0.162353515625 0.0216636657714844 0.0403022766113281
0.0104827880859375 0.157501220703125 0.0440711975097656 0.0277976989746094
0.00447845458984377 0.139915466308594 0.0610733032226563 0.0111007690429688
-0.00500488281249998 0.156570434570313 0.0659751892089844 0.0130844116210938
-0.052032470703125 0.137458801269531 0.0662841796875 0.0311508178710938
-0.105064392089844 0.0743637084960937 0.0637931823730469 0.0326423645019531
-0.122123718261719 0.0109024047851562 0.0644683837890625 0.0525894165039062
-0.0794448852539063 -0.0894088745117187 0.0700607299804688 0.104530334472656
-0.00829315185546876 -0.134300231933594 0.0606689453125 0.169586181640625
0.0262985229492187 -0.115875244140625 -0.0328216552734375 0.241653442382813
0.021026611328125 -0.203033447265625 0.154022216796875 -0.041656494140625
-0.0465850830078125 -0.208969116210938 0.0806732177734375 -0.05499267578125
-0.139007568359375 -0.139663696289063 0.0278224945068359 -0.0340938568115234
-0.186355590820312 -0.0119781494140625 0.0218486785888672 -0.008209228515625
-0.137031555175781 0.084197998046875 0.0334796905517578 -0.0250720977783203
-0.05645751953125 0.16802978515625 0.0279693603515625 -0.0189170837402344
0.0209808349609375 0.157760620117188 0.0250873565673828 -0.0299701690673828
0.0177154541015625 0.1446533203125 0.0322799682617188 -0.0410041809082031
0.015106201171875 0.16241455078125 0.0437126159667969 -0.041259765625
-0.0314178466796875 0.158935546875 0.0644073486328125 -0.0233192443847656
-0.102554321289063 0.108360290527344 0.0790023803710938 -0.0129547119140625
-0.144088745117188 0.0433807373046875 0.0923080444335937 0.0271453857421875
-0.129745483398438 -0.085174560546875 0.0958328247070312 0.0963516235351562
-0.06640625 -0.1669921875 0.0597076416015625 0.146331787109375
-0.0182037353515625 -0.16790771484375 -0.020263671875 0.196517944335937
-0.03448486328125 -0.206954956054688 0.152816772460937 -0.08770751953125
-0.0947723388671875 -0.180526733398438 0.0695877075195312 -0.0695037841796875
-0.148117065429688 -0.097137451171875 0.0385627746582031 -0.0276870727539063
-0.162353515625 0.0155792236328125 0.0546531677246094 -0.0186882019042969
-0.108695983886719 0.0893707275390625 0.0574607849121094 -0.0581588745117187
-0.0330352783203125 0.148788452148438 0.0294189453125 -0.0725173950195313
0.0302886962890625 0.133049011230469 0.00122833251953126 -0.0837936401367187
0.029388427734375 0.126197814941406 -0.0040283203125 -0.0862045288085937
0.0294647216796875 0.145095825195313 0.0152206420898438 -0.0900192260742187
-0.0120697021484375 0.147506713867188 0.0522689819335938 -0.0784378051757812
-0.0828857421875 0.114768981933594 0.0809097290039062 -0.0598983764648437
-0.13348388671875 0.0645980834960938 0.105491638183594 -0.00372314453125
-0.14678955078125 -0.0655975341796875 0.105598449707031 0.074310302734375
-0.1044921875 -0.163192749023438 0.0463027954101562 0.107917785644531
-0.059112548828125 -0.183822631835938 -0.01617431640625 0.133094787597656
-0.08587646484375 -0.187118530273438 0.13385009765625 -0.130035400390625
-0.13165283203125 -0.130935668945312 0.0496063232421875 -0.0839462280273438
-0.144454956054688 -0.0391998291015625 0.0379371643066406 -0.0233192443847656
-0.118476867675781 0.0482559204101562 0.07183837890625 -0.0321884155273438
-0.05987548828125 0.0852737426757812 0.0634994506835938 -0.0844650268554688
0.00149536132812501 0.111862182617188 0.0213851928710937 -0.110267639160156
0.0384521484375 0.0901336669921875 -0.0247573852539063 -0.118423461914063
0.0345687866210938 0.08697509765625 -0.0372543334960937 -0.118789672851563
0.0384292602539062 0.10418701171875 -0.0155487060546875 -0.123985290527344
0.008544921875 0.107650756835938 0.034912109375 -0.123069763183594
-0.049407958984375 0.0946273803710938 0.0743637084960937 -0.0966262817382812
-0.0929031372070313 0.0661239624023437 0.106681823730469 -0.0281143188476562
-0.124168395996094 -0.0329513549804688 0.0992431640625 0.0479965209960938
-0.116584777832031 -0.124214172363281 0.0212326049804687 0.0648078918457031
-0.0891876220703125 -0.164413452148437 -0.021392822265625 0.0655250549316406
-0.116714477539063 -0.14691162109375 0.105377197265625 -0.171615600585938
-0.1429443359375 -0.0732269287109375 0.024932861328125 -0.0969314575195313
-0.121864318847656 0.0111770629882812 0.0269451141357422 -0.0250644683837891
-0.0648841857910156 0.0686607360839844 0.071380615234375 -0.0408096313476562
-0.0101165771484375 0.0717010498046875 0.0523757934570313 -0.0969924926757813
0.0304374694824219 0.0657310485839844 0.00337219238281251 -0.129478454589844
0.03912353515625 0.036041259765625 -0.0498580932617187 -0.133384704589844
0.0358695983886719 0.0376319885253906 -0.0667495727539063 -0.132965087890625
0.0364456176757813 0.0457000732421875 -0.0418243408203125 -0.143020629882813
0.0246162414550781 0.0461616516113281 0.0206146240234375 -0.144439697265625
-0.00336456298828125 0.052642822265625 0.0687103271484375 -0.110671997070313
-0.0329017639160156 0.0529251098632813 0.0997772216796875 -0.0401840209960938
-0.0760040283203125 0.00905609130859375 0.0778884887695313 0.0303421020507812
-0.10693359375 -0.0555343627929688 -0.00707244873046876 0.0269031524658203
-0.111526489257813 -0.107254028320313 -0.0331897735595703 0.00691032409667968
-0.128753662109375 -0.0852737426757813 0.071533203125 -0.206985473632813
-0.127334594726563 -0.0187835693359375 9.91821289062432E-05 -0.114639282226563
-0.0847396850585937 0.0484085083007812 0.00749206542968749 -0.0355339050292969
-0.0138702392578125 0.0743942260742187 0.0524978637695313 -0.0539093017578125
0.0330162048339844 0.047821044921875 0.0299530029296875 -0.0978851318359375
0.0506553649902344 0.0094146728515625 -0.0214614868164062 -0.129302978515625
0.0339832305908203 -0.0225086212158203 -0.0714950561523437 -0.128799438476563
0.0312423706054688 -0.0152378082275391 -0.08331298828125 -0.128334045410156
0.0275077819824219 -0.0191650390625 -0.0549850463867188 -0.139060974121094
0.0394248962402344 -0.0207748413085938 0.0113525390625 -0.144821166992188
0.0450477600097656 0.00351715087890625 0.0596542358398438 -0.105499267578125
0.0364761352539063 0.0377120971679688 0.0862503051757813 -0.0367202758789063
-0.0207710266113281 0.0554542541503906 0.0555534362792969 0.0229110717773438
-0.0889511108398438 0.024566650390625 -0.0310993194580078 0.00787353515625
-0.121490478515625 -0.035308837890625 -0.0480575561523438 -0.0312538146972656
0.113479614257813 -0.0565032958984375 0.0792236328125 0.0360946655273438
0.0522842407226563 -0.133247375488281 0.0520248413085938 -0.015411376953125
-0.0647964477539063 -0.104316711425781 -0.0332069396972656 -0.0360298156738281
-0.109657287597656 -0.0158462524414063 -0.0807418823242187 0.029296875
-0.08380126953125 0.043487548828125 -0.0511398315429687 0.0833358764648438
-0.0402297973632813 0.0904541015625 0.00841522216796875 0.131446838378906
-0.00236511230468751 0.0898513793945313 0.06573486328125 0.124015808105469
-0.0129547119140625 0.0775985717773438 0.0872116088867188 0.0998764038085938
-0.0287399291992187 0.0833969116210938 0.072967529296875 0.096923828125
-0.0618438720703125 0.0538825988769531 0.0340728759765625 0.102622985839844
-0.072662353515625 -0.00466918945312499 0.0114974975585938 0.0837631225585938
-0.0462608337402344 -0.0507354736328125 -0.000526428222656248 0.0627975463867188
0.0311355590820313 -0.0720748901367188 0.008087158203125 0.0800704956054687
0.0975189208984375 -0.0368881225585938 0.03143310546875 0.156463623046875
0.0984039306640625 0.020416259765625 -0.0747528076171875 0.24664306640625
0.0990142822265625 -0.126266479492188 0.103790283203125 0.0188369750976562
0.02459716796875 -0.186935424804688 0.062164306640625 -0.0249366760253906
-0.100433349609375 -0.138809204101563 -0.0122222900390625 -0.0391159057617188
-0.157485961914062 -0.0195159912109375 -0.0529747009277344 0.0143203735351563
-0.119865417480469 0.0670623779296875 -0.0305557250976563 0.0481758117675781
-0.05133056640625 0.138320922851563 0.0121612548828125 0.0909957885742188
0.00847625732421875 0.133331298828125 0.0542373657226562 0.0818634033203125
-0.000991821289062503 0.117233276367188 0.074737548828125 0.0587158203125
-0.0139694213867187 0.1292724609375 0.0711898803710938 0.056915283203125
-0.0593643188476563 0.1044921875 0.0513763427734375 0.068328857421875
-0.0957717895507813 0.0378494262695312 0.0405006408691406 0.0586395263671875
-0.0899734497070312 -0.0225906372070313 0.0347785949707031 0.0587310791015625
-0.0241622924804688 -0.0896530151367188 0.04376220703125 0.0956497192382812
0.0494918823242188 -0.0952301025390625 0.053466796875 0.169387817382813
0.0713653564453125 -0.0544357299804688 -0.046783447265625 0.2557373046875
0.0696258544921875 -0.177169799804688 0.126861572265625 -0.0151290893554688
-0.00811767578125002 -0.215255737304688 0.0686225891113281 -0.0428276062011719
-0.126190185546875 -0.153182983398438 0.00513839721679687 -0.0394744873046875
-0.184661865234375 -0.019866943359375 -0.0191326141357422 -0.000102996826171873
-0.14019775390625 0.0818557739257813 -0.00345516204833985 0.0090017318725586
-0.0565185546875 0.165664672851563 0.0166282653808594 0.0365982055664063
0.016937255859375 0.15765380859375 0.035919189453125 0.0268630981445313
0.0113372802734375 0.141036987304688 0.0507774353027344 0.00893402099609376
0.0035858154296875 0.15740966796875 0.0573959350585937 0.00736618041992188
-0.0469818115234375 0.142318725585938 0.0585670471191406 0.0214347839355469
-0.106552124023438 0.0805206298828125 0.0631103515625 0.0218467712402344
-0.125808715820313 0.0121917724609375 0.0681648254394531 0.0429000854492188
-0.0828475952148438 -0.096466064453125 0.0774154663085938 0.0993194580078125
-0.00895690917968749 -0.145004272460938 0.0667724609375 0.16485595703125
0.031219482421875 -0.123420715332031 -0.0242919921875 0.237625122070313
0.0234375 -0.204071044921875 0.142074584960938 -0.058837890625
-0.050048828125 -0.210617065429688 0.0701789855957031 -0.0633354187011719
-0.14227294921875 -0.138519287109375 0.0208702087402344 -0.0384635925292969
-0.186050415039063 -0.00727844238281252 0.0170412063598633 -0.01300048828125
-0.136741638183594 0.0885543823242188 0.024942398071289 -0.0309791564941406
-0.0503082275390625 0.1689453125 0.0194778442382812 -0.0208148956298828
0.0247650146484375 0.156982421875 0.0133495330810547 -0.0301399230957031
0.02166748046875 0.143035888671875 0.0189552307128906 -0.0420417785644531
0.019805908203125 0.161544799804688 0.0324325561523438 -0.0448150634765625
-0.029083251953125 0.157684326171875 0.0545310974121094 -0.0319480895996094
-0.102584838867188 0.108680725097656 0.0749359130859375 -0.0239639282226562
-0.143722534179688 0.0445556640625 0.0931472778320312 0.0156402587890625
-0.128501892089844 -0.0893478393554688 0.1024169921875 0.0862960815429688
-0.0638427734375 -0.170639038085938 0.0672149658203125 0.139152526855469
-0.01263427734375 -0.169479370117188 -0.00914001464843749 0.191864013671875
-0.03057861328125 -0.201980590820312 0.142807006835938 -0.104080200195313
-0.091827392578125 -0.176376342773438 0.0617752075195312 -0.0806808471679688
-0.146835327148438 -0.095184326171875 0.0308456420898437 -0.0346603393554688
-0.159255981445313 0.0159454345703125 0.04931640625 -0.0264892578125
-0.107696533203125 0.0885162353515625 0.0476799011230469 -0.0652122497558594
-0.029937744140625 0.147537231445313 0.018951416015625 -0.0750656127929687
0.0299606323242187 0.131370544433594 -0.0106658935546875 -0.081512451171875
0.029022216796875 0.123481750488281 -0.0157546997070313 -0.0858383178710937
0.03131103515625 0.141494750976563 0.00113677978515626 -0.0905914306640625
-0.011199951171875 0.144729614257813 0.0409927368164063 -0.084686279296875
-0.0819931030273437 0.112899780273438 0.0755767822265625 -0.070465087890625
-0.1309814453125 0.062957763671875 0.104942321777344 -0.0149154663085937
-0.142242431640625 -0.067352294921875 0.11041259765625 0.0622482299804688
-0.100265502929688 -0.16180419921875 0.0520858764648437 0.0981674194335937
-0.0529327392578125 -0.179702758789063 -0.00423431396484375 0.127906799316406
-0.0809173583984375 -0.175613403320313 0.130126953125 -0.147308349609375
-0.1243896484375 -0.122604370117188 0.0473098754882812 -0.0947418212890625
-0.135406494140625 -0.0384979248046875 0.0333824157714844 -0.0315132141113281
-0.111518859863281 0.0431365966796875 0.0676612854003906 -0.0375862121582031
-0.06024169921875 0.0793075561523438 0.0552215576171875 -0.09051513671875
-0.00213623046875 0.107376098632813 0.010955810546875 -0.113861083984375
0.0331192016601562 0.0869293212890625 -0.0353775024414063 -0.116287231445313
0.0317764282226563 0.0862350463867188 -0.0477676391601562 -0.116493225097656
0.0327224731445312 0.0987701416015625 -0.02703857421875 -0.125030517578125
0.0043792724609375 0.10186767578125 0.0240936279296875 -0.126075744628906
-0.0477523803710937 0.0872573852539062 0.0685958862304688 -0.103096008300781
-0.0895614624023438 0.0600662231445312 0.105026245117188 -0.0390167236328125
-0.116493225097656 -0.0339736938476562 0.100410461425781 0.0371246337890625
-0.1092529296875 -0.117668151855469 0.0277366638183594 0.0556678771972656
-0.0830230712890625 -0.151931762695313 -0.0085296630859375 0.0612106323242187
-0.114967346191406 -0.12969970703125 0.104019165039062 -0.184432983398438
-0.135025024414062 -0.0619354248046875 0.0252838134765625 -0.106605529785156
-0.109977722167969 0.0158615112304688 0.0244140625 -0.0330944061279297
-0.0564117431640625 0.0641059875488281 0.0662040710449219 -0.0488128662109375
-0.007720947265625 0.062408447265625 0.046966552734375 -0.101165771484375
0.025726318359375 0.0553779602050781 -0.00482940673828125 -0.130752563476563
0.031585693359375 0.0315513610839844 -0.0568618774414063 -0.131202697753906
0.0295982360839844 0.03619384765625 -0.072113037109375 -0.128875732421875
0.028289794921875 0.0422019958496094 -0.0493316650390625 -0.14068603515625
0.0181427001953125 0.0389366149902344 0.0111083984375 -0.146743774414063
-0.00591659545898438 0.0420951843261719 0.0606689453125 -0.116104125976563
-0.0270004272460937 0.0434837341308594 0.0967636108398438 -0.048065185546875
-0.0643539428710938 0.00703048706054687 0.0805130004882812 0.0209503173828125
-0.095672607421875 -0.0479354858398437 0.000507354736328121 0.0232658386230469
-0.101516723632813 -0.0939559936523438 -0.0187892913818359 0.00811576843261718
-0.1285400390625 -0.06842041015625 0.072265625 -0.214569091796875
-0.120094299316406 -0.00290679931640624 0.00177001953124999 -0.122703552246094
-0.0743026733398437 0.055389404296875 0.00367736816406249 -0.0406684875488281
-0.00220870971679687 0.0700492858886719 0.0455551147460938 -0.0566253662109375
0.0363273620605469 0.037811279296875 0.024261474609375 -0.0984420776367187
0.0464897155761719 0.000347137451171875 -0.0255584716796875 -0.127204895019531
0.0251808166503906 -0.0264987945556641 -0.0727386474609375 -0.124992370605469
0.0211868286132813 -0.0188159942626953 -0.0853195190429688 -0.121566772460938
0.0187339782714844 -0.0222263336181641 -0.0581283569335938 -0.137016296386719
0.0298423767089844 -0.0282516479492188 0.00604248046875001 -0.146392822265625
0.0405540466308594 -0.00679779052734375 0.05377197265625 -0.107124328613281
0.0399932861328125 0.0264778137207031 0.0841827392578125 -0.0416183471679688
-0.00709152221679687 0.0532608032226563 0.056121826171875 0.0163421630859375
-0.0756912231445313 0.0346755981445313 -0.0227680206298828 0.00639915466308594
-0.112922668457031 -0.0193252563476563 -0.0345973968505859 -0.0270004272460938
0.106132507324219 -0.065887451171875 0.0647544860839844 0.0327987670898437
0.0382614135742188 -0.1343994140625 0.0426788330078125 -0.0142631530761719
-0.07159423828125 -0.0967941284179688 -0.0350322723388672 -0.0335750579833984
-0.107810974121094 -0.00576019287109375 -0.0797958374023438 0.0308151245117188
-0.0773239135742187 0.0492401123046875 -0.051055908203125 0.0822296142578125
-0.029205322265625 0.0926284790039063 0.00914001464843748 0.129501342773437
0.00572204589843749 0.0893707275390625 0.063690185546875 0.122734069824219
-0.005462646484375 0.07733154296875 0.0820465087890625 0.0976791381835938
-0.0186538696289063 0.08544921875 0.067962646484375 0.0955963134765625
-0.0561256408691406 0.0610313415527344 0.030670166015625 0.0996627807617188
-0.0742034912109375 0.00402832031250001 0.0116195678710937 0.0784683227539063
-0.052001953125 -0.0457725524902344 0.00281524658203125 0.0598373413085938
0.0221099853515625 -0.077606201171875 0.0114517211914063 0.081756591796875
0.0903472900390625 -0.04974365234375 0.0309600830078125 0.157806396484375
0.098419189453125 0.00762939453125 -0.076446533203125 0.246612548828125
0.0962142944335938 -0.134407043457031 0.0874862670898438 0.0131988525390625
0.0145263671875 -0.188400268554687 0.0507583618164063 -0.0252037048339844
-0.106178283691406 -0.13311767578125 -0.0158615112304688 -0.0376396179199219
-0.155807495117188 -0.01153564453125 -0.0536346435546875 0.013763427734375
-0.115470886230469 0.07232666015625 -0.0335655212402344 0.0464630126953125
-0.0425033569335937 0.139785766601562 0.00921630859375 0.0886306762695313
0.0147018432617187 0.1326904296875 0.0484848022460938 0.0820770263671875
0.00509643554687499 0.117485046386719 0.0670127868652344 0.0584602355957031
-0.00641632080078124 0.130706787109375 0.0631256103515625 0.0554618835449219
-0.0547409057617188 0.108619689941406 0.0444679260253906 0.06378173828125
-0.0979843139648438 0.0439453125 0.0381622314453125 0.0517654418945313
-0.094757080078125 -0.0208358764648437 0.0365409851074219 0.052154541015625
-0.0300064086914062 -0.0962066650390625 0.0477066040039062 0.0936355590820313
0.0460968017578125 -0.106842041015625 0.053863525390625 0.167449951171875
0.07489013671875 -0.065521240234375 -0.0472412109375 0.252212524414063
0.071258544921875 -0.183242797851563 0.110092163085938 -0.023162841796875
-0.0139007568359375 -0.21630859375 0.0570068359375 -0.0448150634765625
-0.129318237304688 -0.150955200195313 0.000915527343749989 -0.0401344299316406
-0.18304443359375 -0.014434814453125 -0.0218830108642578 -0.00164794921875
-0.138038635253906 0.0853195190429688 -0.00928306579589845 0.00614643096923829
-0.0503082275390625 0.166183471679688 0.0100936889648437 0.0359840393066406
0.02081298828125 0.1566162109375 0.0280647277832031 0.0288486480712891
0.0141525268554687 0.140373229980469 0.041015625 0.00992202758789063
0.00778198242187499 0.157623291015625 0.0476264953613281 0.00632858276367188
-0.0449066162109375 0.144317626953125 0.0501022338867187 0.016845703125
-0.108657836914063 0.0828704833984375 0.0591964721679687 0.0143585205078125
-0.129638671875 0.0112152099609375 0.0684127807617187 0.0347023010253906
-0.0853195190429688 -0.102554321289063 0.0808639526367188 0.0938873291015625
-0.00865173339843751 -0.153579711914063 0.06829833984375 0.16009521484375
0.0378799438476562 -0.130752563476563 -0.0222320556640625 0.231216430664063
0.0298614501953125 -0.206069946289063 0.127754211425781 -0.0685501098632813
-0.0486907958984375 -0.212539672851562 0.058624267578125 -0.0680732727050781
-0.142135620117188 -0.139312744140625 0.0140151977539062 -0.0400810241699219
-0.184951782226563 -0.00727844238281247 0.0125331878662109 -0.0165252685546875
-0.136375427246094 0.0889968872070313 0.0172767639160156 -0.0337390899658203
-0.047943115234375 0.168167114257812 0.0118274688720703 -0.0220394134521484
0.0244140625 0.156021118164063 0.00432968139648438 -0.028045654296875
0.021881103515625 0.1422119140625 0.00936508178710938 -0.0392074584960937
0.0203857421875 0.160919189453125 0.0225105285644531 -0.04443359375
-0.029693603515625 0.157943725585938 0.0447196960449219 -0.0362777709960937
-0.104537963867188 0.108367919921875 0.0695228576660156 -0.0317459106445312
-0.14453125 0.041595458984375 0.0913925170898437 0.00716400146484375
-0.127388000488281 -0.09503173828125 0.103958129882812 0.0788803100585938
-0.06109619140625 -0.175857543945313 0.06903076171875 0.13201904296875
-0.00364685058593751 -0.172286987304688 -0.00489807128906249 0.183853149414062
-0.0209197998046875 -0.199691772460938 0.133445739746094 -0.114883422851563
-0.084808349609375 -0.176422119140625 0.05328369140625 -0.0879592895507813
-0.142532348632813 -0.09912109375 0.0245132446289062 -0.03839111328125
-0.157501220703125 0.012054443359375 0.04339599609375 -0.0305061340332031
-0.109161376953125 0.084686279296875 0.0391807556152344 -0.0687026977539062
-0.031646728515625 0.145721435546875 0.0103225708007812 -0.074676513671875
0.0259552001953125 0.1318359375 -0.0199813842773438 -0.0777664184570312
0.0254898071289063 0.122756958007812 -0.0244369506835938 -0.0821914672851562
0.0271377563476563 0.140151977539063 -0.00811767578124999 -0.0895538330078125
-0.014190673828125 0.141937255859375 0.0310516357421875 -0.0870590209960937
-0.0841217041015625 0.108489990234375 0.0687179565429688 -0.0764312744140625
-0.130126953125 0.0570297241210937 0.101860046386719 -0.0237197875976562
-0.137321472167969 -0.0725021362304688 0.10986328125 0.0535507202148437
-0.0933990478515625 -0.163360595703125 0.0539474487304688 0.0898666381835937
-0.041961669921875 -0.17828369140625 0.00181579589843748 0.119552612304687
-0.070098876953125 -0.168975830078125 0.124496459960938 -0.157028198242188
-0.11260986328125 -0.119216918945313 0.0419082641601562 -0.102500915527344
-0.127037048339844 -0.0416793823242188 0.0277862548828125 -0.0367240905761719
-0.108192443847656 0.03643798828125 0.0615921020507812 -0.0421600341796875
-0.0619888305664063 0.0728836059570313 0.0487213134765625 -0.0924072265625
-0.00765228271484376 0.103286743164063 0.00350952148437501 -0.112960815429687
0.0259323120117187 0.0869064331054688 -0.0413589477539063 -0.113533020019531
0.0252685546875 0.0847320556640625 -0.0533370971679688 -0.111885070800781
0.0267257690429688 0.0980758666992188 -0.0342254638671875 -0.122154235839844
-0.00209808349609374 0.0978469848632813 0.0159225463867187 -0.126754760742187
-0.0512847900390625 0.0808029174804687 0.0624542236328125 -0.1068115234375
-0.0876846313476563 0.0522537231445313 0.100395202636719 -0.0456314086914063
-0.109146118164063 -0.0395050048828125 0.0993118286132813 0.0300064086914062
-0.0991287231445312 -0.116455078125 0.0300102233886719 0.04736328125
-0.07061767578125 -0.14617919921875 0.000736236572265616 0.0547218322753906
-0.106010437011719 -0.11944580078125 0.103683471679688 -0.192062377929688
-0.122108459472656 -0.0561752319335937 0.0235595703125 -0.114486694335938
-0.100189208984375 0.0147171020507813 0.0198211669921875 -0.0378265380859375
-0.0503387451171875 0.0557136535644531 0.0610885620117188 -0.0519142150878906
-0.00945663452148437 0.0543670654296875 0.0422210693359375 -0.101394653320313
0.0190086364746094 0.0499153137207031 -0.00949859619140624 -0.129432678222656
0.0225811004638672 0.0310077667236328 -0.0594558715820313 -0.127914428710937
0.0213794708251953 0.0342903137207031 -0.0745620727539063 -0.124839782714844
0.0190200805664063 0.0405845642089844 -0.0523300170898437 -0.138526916503906
0.00812911987304687 0.0355453491210938 0.00619506835937501 -0.14697265625
-0.0110950469970703 0.0341243743896484 0.0560226440429687 -0.117576599121094
-0.0273094177246094 0.0340843200683594 0.0932235717773437 -0.051422119140625
-0.0563621520996094 0.00108718872070313 0.0786895751953125 0.0157546997070312
-0.083587646484375 -0.044708251953125 0.00434684753417968 0.0170717239379883
-0.0893173217773437 -0.08538818359375 -0.00656127929687501 0.0032515525817871
-0.122489929199219 -0.0562286376953125 0.0745849609375 -0.219482421875
-0.109176635742188 0.00446319580078127 0.001739501953125 -0.129142761230469
-0.0639801025390625 0.0571327209472656 0.000450134277343745 -0.0445404052734375
0.00479888916015625 0.0626640319824219 0.0419769287109375 -0.0578880310058594
0.0367660522460938 0.029022216796875 0.0224838256835938 -0.0961151123046875
0.0394668579101563 -0.00623321533203125 -0.027008056640625 -0.124351501464844
0.0157699584960938 -0.0268268585205078 -0.0714950561523438 -0.122520446777344
0.0139694213867188 -0.0200099945068359 -0.0844039916992188 -0.11871337890625
0.00994873046875 -0.0223293304443359 -0.058135986328125 -0.135711669921875
0.0195045471191406 -0.0322437286376953 0.0032958984375 -0.145294189453125
0.0343608856201172 -0.0157012939453125 0.0515975952148438 -0.10809326171875
0.038726806640625 0.0156402587890625 0.082427978515625 -0.0439224243164063
0.00154495239257812 0.0467185974121094 0.0550079345703125 0.0128097534179688
-0.0621299743652344 0.0369148254394531 -0.0161609649658203 0.00220584869384766
-0.10107421875 -0.00936889648437498 -0.020050048828125 -0.0278663635253906
0.101921081542969 -0.072265625 0.0510787963867188 0.0350608825683594
0.0294265747070313 -0.134368896484375 0.0355110168457031 -0.0100746154785156
-0.0755462646484375 -0.0917434692382813 -0.0364151000976563 -0.0318450927734375
-0.106483459472656 0.000778198242187511 -0.0802993774414063 0.0307540893554687
-0.073455810546875 0.053436279296875 -0.0537490844726563 0.0821380615234375
-0.0219268798828125 0.0930328369140625 0.00605010986328124 0.1298828125
0.011383056640625 0.0887527465820313 0.0596694946289063 0.125938415527344
8.39233398437414E-05 0.0778656005859375 0.0774154663085938 0.100654602050781
-0.0117645263671875 0.0865707397460938 0.0630950927734375 0.0982208251953125
-0.0511932373046875 0.0657691955566406 0.0250015258789063 0.0999069213867188
-0.0751724243164063 0.00999450683593752 0.00885772705078125 0.076385498046875
-0.0568962097167969 -0.0427970886230469 0.00250244140624999 0.0573196411132813
0.0148391723632812 -0.0810470581054688 0.0133590698242187 0.0838546752929688
0.085174560546875 -0.0579833984375 0.028228759765625 0.162612915039062
0.0982513427734375 -0.00188446044921875 -0.084625244140625 0.249099731445312
0.0966033935546875 -0.141357421875 0.0728225708007813 0.0136184692382812
0.00895690917968752 -0.190475463867187 0.042449951171875 -0.0224075317382813
-0.108757019042969 -0.131889343261719 -0.0190658569335938 -0.0369148254394531
-0.155319213867187 -0.0074615478515625 -0.0558547973632813 0.0131416320800781
-0.11407470703125 0.0752410888671875 -0.0386543273925781 0.0454826354980469
-0.0374374389648438 0.140205383300781 0.00457000732421874 0.0893020629882813
0.0183029174804687 0.133285522460938 0.0429840087890625 0.0864028930664063
0.00804138183593751 0.118659973144531 0.0607719421386719 0.0621528625488281
-0.00215148925781249 0.132759094238281 0.0566558837890625 0.0586051940917969
-0.05364990234375 0.112808227539062 0.0371055603027344 0.0640029907226563
-0.101150512695313 0.0481796264648438 0.0346298217773437 0.0488853454589844
-0.100227355957031 -0.0205764770507812 0.0360794067382812 0.0487518310546875
-0.0349197387695313 -0.10284423828125 0.0489349365234375 0.094024658203125
0.0448684692382813 -0.117347717285156 0.051300048828125 0.170150756835938
0.0790557861328125 -0.0754165649414063 -0.0545196533203125 0.252166748046875
0.0765228271484375 -0.190155029296875 0.0966720581054688 -0.0249557495117188
-0.0142669677734375 -0.221603393554687 0.0483589172363281 -0.0437431335449219
-0.130783081054688 -0.153656005859375 -0.00392913818359375 -0.0396041870117188
-0.184127807617187 -0.014404296875 -0.0253047943115235 -0.00279426574707032
-0.139404296875 0.086090087890625 -0.0156831741333008 0.00505733489990235
-0.0486907958984375 0.16693115234375 0.00475311279296874 0.036773681640625
0.020599365234375 0.158721923828125 0.0207176208496094 0.0336952209472656
0.0145721435546875 0.142913818359375 0.0337295532226562 0.0146903991699219
0.00877380371093749 0.160369873046875 0.0403633117675781 0.00872802734375001
-0.046722412109375 0.147232055664063 0.0418663024902344 0.0162086486816406
-0.113761901855469 0.0848007202148438 0.0543746948242188 0.0103950500488281
-0.135002136230469 0.00891113281250001 0.0675888061523437 0.0300445556640625
-0.0881500244140625 -0.11199951171875 0.082305908203125 0.0922698974609375
-0.00720214843749999 -0.164260864257813 0.0670013427734375 0.16033935546875
0.04620361328125 -0.139823913574219 -0.0272674560546875 0.227630615234375
0.0396575927734375 -0.21197509765625 0.116950988769531 -0.0726547241210938
-0.044219970703125 -0.218505859375 0.0501670837402344 -0.0695075988769531
-0.141998291015625 -0.146011352539063 0.00959777832031249 -0.0411491394042969
-0.187164306640625 -0.010589599609375 0.0077838897705078 -0.0181236267089844
-0.141098022460938 0.0878753662109375 0.0106945037841797 -0.0349693298339844
-0.0501556396484375 0.168548583984375 0.00570487976074218 -0.0215530395507812
0.021270751953125 0.159881591796875 -0.00264358520507812 -0.0237579345703125
0.0193634033203125 0.144912719726562 0.0019989013671875 -0.0354461669921875
0.0180511474609375 0.164810180664063 0.0152664184570313 -0.0426483154296875
-0.03363037109375 0.1600341796875 0.036956787109375 -0.037384033203125
-0.110198974609375 0.107734680175781 0.0645332336425781 -0.0357017517089844
-0.149856567382813 0.036163330078125 0.0899276733398438 0.00141143798828125
-0.127670288085938 -0.104759216308594 0.103790283203125 0.0754241943359375
-0.05615234375 -0.18585205078125 0.0675277709960938 0.129417419433594
0.007537841796875 -0.1796875 -0.006439208984375 0.178573608398437
-0.008697509765625 -0.203109741210937 0.127372741699219 -0.121437072753906
-0.07672119140625 -0.183120727539063 0.0483856201171875 -0.0919036865234375
-0.138893127441406 -0.108222961425781 0.019195556640625 -0.0405158996582031
-0.160186767578125 0.00440979003906252 0.038665771484375 -0.0325775146484375
-0.115066528320313 0.0813446044921875 0.034149169921875 -0.0699806213378906
-0.0375518798828125 0.145294189453125 0.00531768798828125 -0.0744857788085937
0.0202789306640625 0.135536193847656 -0.0247879028320313 -0.0749435424804688
0.0208511352539063 0.125892639160156 -0.0298614501953125 -0.0790176391601562
0.0218353271484375 0.143341064453125 -0.012847900390625 -0.0888290405273437
-0.0212249755859375 0.1429443359375 0.0247726440429687 -0.0888595581054687
-0.0912628173828125 0.106132507324219 0.0646209716796875 -0.0797576904296875
-0.13519287109375 0.0496292114257812 0.0995864868164062 -0.0283432006835938
-0.135269165039063 -0.0821914672851563 0.108604431152344 0.0494613647460937
-0.086151123046875 -0.171142578125 0.053802490234375 0.0850067138671875
-0.0287933349609375 -0.182754516601562 0.00416564941406251 0.113510131835937
-0.057373046875 -0.169723510742188 0.124298095703125 -0.1646728515625
-0.101814270019531 -0.1246337890625 0.0393524169921875 -0.108612060546875
-0.121902465820313 -0.0504150390625 0.0231895446777344 -0.0393524169921875
-0.109138488769531 0.0267791748046875 0.0579261779785156 -0.0446434020996094
-0.0684432983398437 0.067535400390625 0.0451507568359375 -0.0937042236328125
-0.014801025390625 0.102149963378906 0.000152587890624996 -0.112556457519531
0.0184173583984375 0.090179443359375 -0.0444488525390625 -0.111885070800781
0.0196380615234375 0.0877151489257813 -0.056549072265625 -0.11004638671875
0.019073486328125 0.10089111328125 -0.0382308959960937 -0.122261047363281
-0.0104217529296875 0.0979156494140625 0.011474609375 -0.127738952636719
-0.0588836669921875 0.0756683349609375 0.0598983764648437 -0.109336853027344
-0.0915908813476563 0.043670654296875 0.09918212890625 -0.0489044189453125
-0.105224609375 -0.048583984375 0.0974960327148438 0.0261688232421875
-0.0893325805664062 -0.121665954589844 0.0303459167480469 0.0419387817382812
-0.0565643310546875 -0.147903442382813 0.00689697265624999 0.0483856201171875
-0.0959396362304688 -0.116355895996094 0.108047485351563 -0.199569702148438
-0.112091064453125 -0.0571670532226562 0.0241775512695312 -0.122665405273438
-0.092864990234375 0.00867462158203124 0.0164146423339844 -0.0412368774414063
-0.0489425659179687 0.0464515686035156 0.0584602355957031 -0.0534172058105469
-0.0141525268554688 0.0475311279296875 0.0410232543945313 -0.101905822753906
0.0110740661621094 0.0474395751953125 -0.0103759765625 -0.128974914550781
0.0149688720703125 0.033721923828125 -0.0593719482421875 -0.128585815429688
0.0151901245117187 0.0367469787597656 -0.0745086669921875 -0.124862670898437
0.0112686157226562 0.0428085327148438 -0.053497314453125 -0.139373779296875
-0.00122451782226563 0.0350685119628906 0.0049896240234375 -0.1485595703125
-0.0181331634521484 0.0283069610595703 0.0561141967773438 -0.118888854980469
-0.0299148559570313 0.0252571105957031 0.0925521850585937 -0.0538330078125
-0.0505332946777344 -0.00686264038085937 0.0773849487304688 0.0129470825195313
-0.0726165771484375 -0.047515869140625 0.00629234313964843 0.0107192993164062
-0.075927734375 -0.0841140747070312 0.0032508373260498 -0.00236105918884278
-0.116950988769531 -0.0497512817382813 0.08251953125 -0.22613525390625
-0.100776672363281 0.00717926025390625 0.00404357910156249 -0.136611938476562
-0.0565376281738281 0.0557174682617188 -0.00232696533203125 -0.0468788146972656
0.00811386108398438 0.0562362670898438 0.0407600402832031 -0.0581169128417969
0.0351028442382813 0.0224590301513672 0.0227203369140625 -0.0948333740234375
0.0327301025390625 -0.00998878479003906 -0.0250625610351563 -0.124679565429688
0.00886917114257813 -0.0259304046630859 -0.0686111450195312 -0.124275207519531
0.00779914855957031 -0.0191211700439453 -0.0812149047851563 -0.120895385742188
0.00222969055175781 -0.0208034515380859 -0.0565719604492187 -0.138092041015625
0.0109004974365234 -0.0331306457519531 0.0046234130859375 -0.1478271484375
0.0276412963867188 -0.0211105346679688 0.0538406372070313 -0.108787536621094
0.0370254516601563 0.00796127319335937 0.0829849243164063 -0.0443496704101563
0.00687789916992188 0.0405693054199219 0.0548286437988281 0.01092529296875
-0.0516090393066406 0.0364227294921875 -0.0124549865722656 -0.00306129455566406
-0.0904006958007813 -0.00582122802734374 -0.00712013244628907 -0.0316238403320313
0.100387573242187 -0.0785751342773438 0.0388717651367188 0.0406036376953125
0.0235137939453125 -0.137359619140625 0.0301799774169922 -0.00567626953125001
-0.0795974731445313 -0.089599609375 -0.0380935668945313 -0.0315322875976563
-0.107109069824219 0.00563049316406252 -0.0825881958007813 0.0308456420898438
-0.0724334716796875 0.0580596923828125 -0.0588226318359375 0.0841903686523438
-0.0167236328125 0.0950241088867188 0.003082275390625 0.135353088378906
0.0167694091796875 0.09027099609375 0.0586013793945313 0.133735656738281
0.00429534912109374 0.0795822143554687 0.0758438110351562 0.107757568359375
-0.00547027587890625 0.0893096923828125 0.0605392456054688 0.104644775390625
-0.0486679077148438 0.0709609985351563 0.02044677734375 0.105537414550781
-0.0774612426757813 0.0161285400390625 0.00557708740234375 0.07763671875
-0.0622062683105469 -0.0408897399902344 0.00228500366210937 0.0572624206542969
0.0089569091796875 -0.0853424072265625 0.0152664184570313 0.0888900756835938
0.0823287963867187 -0.0657272338867188 0.0263214111328125 0.171646118164062
0.0994491577148437 -0.009368896484375 -0.0966949462890625 0.259902954101563
0.0991973876953125 -0.151397705078125 0.0613594055175781 0.0165634155273437
0.00578308105468751 -0.1976318359375 0.0363349914550781 -0.0187721252441406
-0.113670349121094 -0.135169982910156 -0.0217247009277344 -0.0369682312011719
-0.1590576171875 -0.00575256347656251 -0.0595359802246094 0.0123825073242188
-0.116172790527344 0.0791854858398438 -0.0444488525390625 0.0464553833007813
-0.0351409912109375 0.144302368164063 -6.10351562499949E-05 0.0933990478515625
0.0210800170898438 0.137847900390625 0.0398483276367187 0.0938873291015625
0.0105438232421875 0.123420715332031 0.057373046875 0.0695571899414063
0.00125885009765626 0.137962341308594 0.052764892578125 0.0641288757324219
-0.0537567138671875 0.120132446289063 0.0311393737792969 0.0677261352539063
-0.107048034667969 0.0538406372070313 0.0310401916503906 0.0482940673828125
-0.108283996582031 -0.0209503173828125 0.0358924865722656 0.0468406677246094
-0.04083251953125 -0.1116943359375 0.0513381958007813 0.0972747802734375
0.0442352294921875 -0.130165100097656 0.0501708984375 0.177932739257812
0.0853500366210938 -0.0865554809570313 -0.0651397705078125 0.260101318359375
0.084503173828125 -0.203262329101563 0.0865936279296875 -0.0249862670898438
-0.0146484375 -0.232025146484375 0.0415840148925781 -0.042144775390625
-0.134979248046875 -0.161972045898438 -0.00703048706054688 -0.0405006408691406
-0.190521240234375 -0.0161895751953125 -0.0294418334960938 -0.00384140014648438
-0.145675659179688 0.0897369384765625 -0.0219879150390625 0.0050201416015625
-0.0497894287109375 0.171905517578125 -0.000839233398437503 0.0393447875976563
0.02166748046875 0.16632080078125 0.0167198181152344 0.0399818420410156
0.0148773193359375 0.149444580078125 0.0292472839355469 0.0210361480712891
0.0096282958984375 0.167877197265625 0.0349712371826172 0.0132789611816406
-0.04931640625 0.155487060546875 0.0355682373046875 0.0181503295898438
-0.122016906738281 0.0892715454101563 0.0517120361328125 0.00782012939453126
-0.1448974609375 0.00622558593750003 0.0676345825195312 0.0268669128417969
-0.0941085815429688 -0.123863220214844 0.0845794677734375 0.0938568115234375
-0.00622558593750001 -0.18035888671875 0.0661773681640625 0.16546630859375
0.055206298828125 -0.153518676757813 -0.0345306396484375 0.233108520507812
0.05084228515625 -0.22479248046875 0.110687255859375 -0.0762557983398438
-0.04144287109375 -0.232040405273438 0.0447998046875 -0.0705413818359375
-0.145523071289062 -0.158554077148438 0.00505065917968749 -0.0419235229492188
-0.195510864257813 -0.015960693359375 0.0043506622314453 -0.0195884704589844
-0.149856567382813 0.0894927978515625 0.00569915771484374 -0.0367164611816406
-0.054718017578125 0.175262451171875 0.000301361083984372 -0.0206680297851562
0.019622802734375 0.1683349609375 -0.00747108459472656 -0.0191059112548828
0.017303466796875 0.153060913085938 -0.00330543518066406 -0.0311241149902344
0.01611328125 0.17291259765625 0.00952529907226562 -0.0407257080078125
-0.039276123046875 0.16754150390625 0.0312118530273437 -0.0378875732421875
-0.120452880859375 0.111061096191406 0.0624122619628906 -0.0395088195800781
-0.160614013671875 0.0323944091796875 0.09039306640625 -0.00283050537109375
-0.1328125 -0.117942810058594 0.106857299804687 0.075439453125
-0.053466796875 -0.202224731445313 0.067474365234375 0.130783081054688
0.01806640625 -0.19384765625 -0.010345458984375 0.179672241210938
0.00347900390625001 -0.215286254882812 0.125068664550781 -0.128730773925781
-0.0708465576171875 -0.197280883789063 0.0436935424804687 -0.0974807739257813
-0.140823364257813 -0.121673583984375 0.0154876708984375 -0.0428276062011719
-0.168670654296875 -0.00315856933593751 0.0357933044433594 -0.0341529846191406
-0.12554931640625 0.0815963745117188 0.0301971435546875 -0.0721969604492187
-0.0448455810546875 0.150787353515625 0.001220703125 -0.0756301879882812
0.01611328125 0.144317626953125 -0.0294723510742187 -0.0741043090820312
0.017425537109375 0.133232116699219 -0.034759521484375 -0.077911376953125
0.017303466796875 0.151870727539063 -0.018157958984375 -0.0893325805664063
-0.02825927734375 0.149642944335938 0.0198211669921875 -0.0912857055664062
-0.102066040039062 0.107391357421875 0.0632781982421875 -0.083953857421875
-0.144439697265625 0.044952392578125 0.100250244140625 -0.0327224731445313
-0.138442993164063 -0.0958404541015625 0.110092163085938 0.0483016967773438
-0.082061767578125 -0.186080932617188 0.053466796875 0.0836334228515625
-0.0169525146484375 -0.194976806640625 0.00453948974609375 0.1109619140625
-0.046112060546875 -0.177047729492188 0.12725830078125 -0.175033569335937
-0.0943527221679687 -0.135261535644531 0.0377426147460937 -0.117462158203125
-0.120964050292969 -0.0625 0.0196151733398437 -0.0424842834472656
-0.115104675292969 0.0184783935546875 0.0564956665039062 -0.0470848083496094
-0.0775146484375 0.0657577514648437 0.0444412231445312 -0.0967788696289063
-0.0235671997070313 0.105644226074219 -0.00264739990234376 -0.115585327148438
0.0129776000976562 0.09814453125 -0.0473251342773437 -0.114028930664063
0.0143280029296875 0.0942153930664063 -0.060577392578125 -0.111846923828125
0.0128173828125 0.108039855957031 -0.0412139892578125 -0.125961303710938
-0.0191574096679688 0.102424621582031 0.00907135009765626 -0.131881713867188
-0.0690460205078125 0.0749893188476563 0.0599365234375 -0.114463806152344
-0.0986175537109375 0.0371170043945313 0.100120544433594 -0.0526580810546875
-0.105278015136719 -0.0604171752929687 0.0983200073242188 0.0245132446289062
-0.082855224609375 -0.132888793945313 0.0301513671875 0.0379447937011719
-0.0449066162109375 -0.15631103515625 0.0115432739257812 0.04241943359375
-0.0875320434570313 -0.119010925292969 0.115585327148437 -0.212127685546875
-0.104354858398437 -0.0623550415039063 0.0251846313476563 -0.133071899414063
-0.0902175903320313 0.0019378662109375 0.0132904052734375 -0.0443191528320313
-0.0507392883300781 0.0392646789550781 0.0579605102539063 -0.0552864074707031
-0.0199546813964844 0.0436019897460938 0.0413131713867188 -0.104881286621094
0.00301742553710938 0.0481376647949219 -0.0105743408203125 -0.133621215820313
0.008514404296875 0.0384597778320313 -0.0610504150390625 -0.13336181640625
0.00948333740234375 0.0409202575683594 -0.076568603515625 -0.12896728515625
0.00458908081054688 0.0478439331054688 -0.055389404296875 -0.14532470703125
-0.0102157592773437 0.03759765625 0.00338745117187501 -0.154220581054687
-0.0269813537597656 0.0254344940185547 0.0579757690429688 -0.12396240234375
-0.0345897674560547 0.0182514190673828 0.0950241088867187 -0.0563583374023437
-0.0479164123535156 -0.0159912109375 0.0784149169921875 0.0111007690429688
-0.0651969909667969 -0.0539436340332031 0.0074310302734375 0.00591468811035156
-0.0650177001953125 -0.0882568359375 0.0117034912109375 -0.00913047790527344
-0.114028930664062 -0.0467529296875 0.093048095703125 -0.239181518554687
-0.0960235595703125 0.00817871093750001 0.006072998046875 -0.14813232421875
-0.0517959594726563 0.0551033020019531 -0.00463104248046875 -0.0501861572265625
0.0105628967285156 0.0513801574707031 0.0411300659179688 -0.05987548828125
0.0332527160644531 0.0182418823242188 0.0250778198242188 -0.0968551635742188
0.0265846252441406 -0.0114879608154297 -0.0235671997070312 -0.128456115722656
0.002532958984375 -0.0248432159423828 -0.067413330078125 -0.130928039550781
0.00279426574707031 -0.0178127288818359 -0.0807647705078125 -0.127227783203125
-0.00378036499023438 -0.0192832946777344 -0.0563507080078125 -0.145645141601563
0.00310134887695313 -0.0326061248779297 0.00666809082031249 -0.154022216796875
0.0212478637695313 -0.0259819030761719 0.0573883056640625 -0.113090515136719
0.0346050262451172 0.00131988525390625 0.0858917236328125 -0.0465087890625
0.0114936828613281 0.0352745056152344 0.0559005737304687 0.009674072265625
-0.0443840026855469 0.0349922180175781 -0.00928974151611328 -0.00858402252197265
-0.0825576782226562 -0.00472259521484376 0.00583648681640624 -0.0384864807128906
0.0985031127929688 -0.0880813598632813 0.0293388366699219 0.0487213134765625
0.0153656005859375 -0.142547607421875 0.0267620086669922 -0.000316619873046884
-0.0875396728515625 -0.0882034301757813 -0.0409088134765625 -0.030548095703125
-0.109703063964844 0.012176513671875 -0.0874099731445312 0.0334930419921875
-0.0710067749023438 0.0646591186523437 -0.063018798828125 0.090545654296875
-0.00980377197265625 0.0982894897460938 0.00263977050781249 0.144302368164062
0.0243682861328125 0.0931625366210938 0.0621337890625 0.144302368164063
0.0105361938476562 0.0832366943359375 0.0794601440429687 0.117027282714844
0.00153350830078125 0.0932769775390625 0.063201904296875 0.113922119140625
-0.0446624755859375 0.0783843994140625 0.0194168090820312 0.114082336425781
-0.080047607421875 0.0238265991210938 0.0042877197265625 0.0815963745117188
-0.0688858032226563 -0.0390167236328125 0.0028076171875 0.0585975646972656
0.00190734863281251 -0.0912704467773437 0.0190887451171875 0.0952911376953125
0.079376220703125 -0.0762252807617188 0.029144287109375 0.185409545898438
0.102561950683594 -0.0189132690429688 -0.105667114257812 0.28033447265625
0.101089477539062 -0.16748046875 0.0514678955078125 0.0215339660644531
-0.00154113769531248 -0.209854125976563 0.0320358276367187 -0.0147209167480469
-0.123466491699219 -0.138702392578125 -0.0254135131835938 -0.0367774963378906
-0.166397094726563 -0.000793457031249971 -0.0640678405761719 0.0136337280273438
-0.120071411132813 0.0875701904296875 -0.0507087707519531 0.0506019592285156
-0.0306396484375 0.151931762695313 -0.0029754638671875 0.100807189941406
0.028045654296875 0.146163940429688 0.0407028198242187 0.104286193847656
0.016387939453125 0.1312255859375 0.0577850341796875 0.078125
0.007537841796875 0.147171020507813 0.0523529052734375 0.0713653564453125
-0.0523757934570312 0.131156921386719 0.0282669067382812 0.07391357421875
-0.113655090332031 0.0638275146484375 0.0296363830566406 0.0493049621582031
-0.119918823242188 -0.0197982788085937 0.0372123718261719 0.0464973449707031
-0.050445556640625 -0.122230529785156 0.0572662353515625 0.101860046386719
0.0412750244140625 -0.147216796875 0.05419921875 0.189178466796875
0.0902633666992188 -0.102012634277344 -0.071502685546875 0.278106689453125
0.0882110595703125 -0.222610473632813 0.079132080078125 -0.0247955322265625
-0.0203094482421875 -0.248504638671875 0.0364036560058594 -0.0408210754394531
-0.146759033203125 -0.171401977539063 -0.011566162109375 -0.040252685546875
-0.202072143554688 -0.0145721435546875 -0.0340366363525391 -0.0038604736328125
-0.153762817382813 0.0982666015625 -0.0284366607666016 0.00642204284667969
-0.0486602783203125 0.183242797851563 -0.005401611328125 0.0432586669921875
0.0269927978515625 0.177688598632813 0.0144233703613281 0.0484504699707031
0.0194549560546875 0.1602783203125 0.0272140502929688 0.02777099609375
0.0142822265625 0.180770874023438 0.0322113037109375 0.0174312591552734
-0.0500335693359375 0.168563842773438 0.0314884185791016 0.0213108062744141
-0.131515502929688 0.0995864868164062 0.0498619079589844 0.00581359863281251
-0.159042358398437 0.0077362060546875 0.0694923400878906 0.024017333984375
-0.105697631835938 -0.137077331542969 0.0918807983398438 0.0963821411132812
-0.010101318359375 -0.2005615234375 0.0704345703125 0.173507690429688
0.0615234375 -0.173126220703125 -0.03778076171875 0.245880126953125
0.0572052001953125 -0.245452880859375 0.105010986328125 -0.08135986328125
-0.0449981689453125 -0.25115966796875 0.0394439697265625 -0.0730056762695313
-0.15704345703125 -0.171478271484375 0.000450134277343742 -0.0431137084960938
-0.20947265625 -0.0174407958984375 0.000364303588867173 -0.0205001831054688
-0.161651611328125 0.097991943359375 -0.000358581542968759 -0.0375328063964844
-0.057159423828125 0.1873779296875 -0.00474929809570313 -0.0196723937988281
0.022552490234375 0.18170166015625 -0.0120849609375 -0.0144577026367187
0.0204010009765625 0.165817260742188 -0.00776290893554688 -0.0269145965576172
0.01885986328125 0.186920166015625 0.0044403076171875 -0.0395965576171875
-0.0418243408203125 0.181686401367188 0.0258140563964844 -0.0380439758300781
-0.132064819335938 0.121162414550781 0.0605926513671875 -0.0447731018066406
-0.175140380859375 0.0336151123046875 0.0928192138671875 -0.00753021240234375
-0.1451416015625 -0.132080078125 0.1131591796875 0.07476806640625
-0.0578460693359375 -0.223342895507813 0.0715484619140625 0.135055541992188
0.0251922607421875 -0.214584350585937 -0.0110321044921875 0.1868896484375
0.010833740234375 -0.234146118164062 0.123695373535156 -0.140525817871094
-0.072265625 -0.215255737304687 0.039642333984375 -0.104415893554688
-0.150650024414063 -0.1368408203125 0.0111618041992187 -0.0449752807617188
-0.1822509765625 -0.00720214843750002 0.0331459045410156 -0.0367088317871094
-0.137825012207031 0.0875396728515625 0.0261611938476563 -0.0766830444335938
-0.050872802734375 0.162490844726563 -0.00453186035156251 -0.0781173706054687
0.0164337158203125 0.157455444335938 -0.0352249145507813 -0.0737152099609375
0.01776123046875 0.145431518554688 -0.041259765625 -0.0773239135742187
0.017547607421875 0.165390014648437 -0.02532958984375 -0.0917816162109375
-0.0326995849609375 0.161941528320313 0.0142288208007813 -0.0952377319335937
-0.113639831542969 0.114608764648437 0.0619659423828125 -0.0919876098632812
-0.158447265625 0.04461669921875 0.102615356445312 -0.0391769409179687
-0.148239135742188 -0.108963012695313 0.115348815917969 0.0459823608398438
-0.0844268798828125 -0.204544067382813 0.05523681640625 0.0836639404296875
-0.0101165771484375 -0.213134765625 0.00623321533203126 0.111305236816406
-0.03985595703125 -0.190582275390625 0.130218505859375 -0.192214965820313
-0.0935821533203125 -0.148773193359375 0.0346832275390625 -0.128837585449219
-0.126670837402344 -0.0746688842773437 0.0160636901855469 -0.0458717346191406
-0.125221252441406 0.0129547119140625 0.0550422668457031 -0.0509185791015625
-0.0883636474609375 0.0676422119140625 0.0417327880859375 -0.102691650390625
-0.0309524536132812 0.113784790039063 -0.006744384765625 -0.121604919433594
0.0103607177734375 0.1083984375 -0.0535736083984375 -0.118019104003906
0.0121917724609375 0.103797912597656 -0.067169189453125 -0.115165710449219
0.0104827880859375 0.119499206542969 -0.0486984252929687 -0.131881713867188
-0.0257034301757813 0.112167358398437 0.00367736816406251 -0.139411926269531
-0.0802841186523437 0.0785980224609375 0.0592269897460937 -0.123680114746094
-0.109626770019531 0.0345993041992187 0.103004455566406 -0.0594329833984375
-0.110557556152344 -0.0721969604492187 0.101760864257813 0.0214996337890625
-0.0821380615234375 -0.146621704101562 0.0310230255126953 0.0349025726318359
-0.0377044677734375 -0.170303344726563 0.0160598754882813 0.0382804870605469
-0.0838775634765625 -0.124710083007812 0.121902465820312 -0.232772827148438
-0.102020263671875 -0.069091796875 0.0233001708984375 -0.147171020507813
-0.0901870727539062 -0.00510406494140626 0.010406494140625 -0.0484161376953125
-0.0550575256347656 0.0335464477539062 0.0583267211914062 -0.0601844787597656
-0.0266571044921875 0.0428657531738281 0.041290283203125 -0.110984802246094
-0.00419998168945313 0.052093505859375 -0.0139007568359375 -0.141006469726563
0.0038299560546875 0.0447425842285156 -0.0658111572265625 -0.14105224609375
0.00539779663085937 0.0468406677246094 -0.0830001831054688 -0.135368347167969
7.24792480468726E-05 0.0551681518554688 -0.0615386962890625 -0.1541748046875
-0.0174064636230469 0.0423583984375 0.000732421874999989 -0.163543701171875
-0.0360260009765625 0.0246467590332031 0.0586929321289063 -0.133338928222656
-0.0411529541015625 0.0129661560058594 0.0983734130859375 -0.0629348754882813
-0.0482978820800781 -0.0252647399902344 0.0804595947265625 0.008758544921875
-0.061126708984375 -0.0621376037597656 0.00820398330688476 0.000665664672851559
-0.0588760375976563 -0.09478759765625 0.0196552276611328 -0.0178852081298828
-0.113174438476562 -0.0442123413085938 0.101058959960937 -0.260665893554688
-0.0929107666015625 0.00960540771484375 0.00518798828124998 -0.163803100585937
-0.0479011535644531 0.0550727844238281 -0.00767135620117187 -0.0542755126953125
0.01324462890625 0.0471343994140625 0.0411529541015625 -0.0635147094726563
0.0318031311035156 0.0140190124511719 0.0266952514648437 -0.102226257324219
0.0208930969238281 -0.0139408111572266 -0.0243682861328125 -0.135963439941406
-0.00318145751953125 -0.0233097076416016 -0.071563720703125 -0.1400146484375
-0.00185966491699219 -0.016545295715332 -0.0861434936523438 -0.136398315429688
-0.0100803375244141 -0.0161542892456055 -0.060760498046875 -0.155487060546875
-0.00536155700683594 -0.0325107574462891 0.00488281249999998 -0.166015625
0.0151844024658203 -0.0306968688964844 0.0600662231445313 -0.12200927734375
0.0333023071289063 -0.0050201416015625 0.0909042358398437 -0.0510101318359375
0.0153999328613281 0.0297203063964844 0.0580673217773437 0.00810623168945313
-0.03753662109375 0.0340690612792969 -0.00769233703613281 -0.0138731002807617
-0.0769882202148438 -0.00370788574218751 0.0157852172851563 -0.0480308532714844
0.0940170288085938 -0.0998153686523438 0.0223464965820313 0.0577011108398437
0.00299072265625 -0.148162841796875 0.0241241455078125 0.00425338745117187
-0.0969924926757813 -0.0834732055664062 -0.0450325012207031 -0.0283584594726563
-0.11083984375 0.0218429565429688 -0.0915451049804687 0.0393753051757813
-0.067291259765625 0.0731201171875 -0.0647811889648437 0.0999832153320313
-0.000205993652343741 0.101600646972656 0.0082855224609375 0.155487060546875
0.0350799560546875 0.0944290161132813 0.0723876953125 0.153335571289063
0.0203170776367188 0.0854721069335938 0.0885086059570313 0.124038696289063
0.0117568969726562 0.0969009399414063 0.0700607299804688 0.121772766113281
-0.0383453369140625 0.0870742797851563 0.0230789184570312 0.123695373535156
-0.0813751220703125 0.034149169921875 0.00593566894531249 0.0861282348632813
-0.0773086547851563 -0.0335159301757813 0.00501251220703125 0.0605010986328125
-0.008941650390625 -0.0962066650390625 0.0274124145507812 0.101722717285156
0.0737686157226563 -0.0883865356445313 0.0393524169921875 0.19915771484375
0.104629516601563 -0.0318832397460938 -0.104736328125 0.306793212890625
0.09625244140625 -0.186264038085937 0.0440940856933594 0.0266685485839844
-0.0167236328125 -0.221389770507813 0.0280570983886719 -0.0109214782714844
-0.138801574707031 -0.139068603515625 -0.0297279357910156 -0.0352210998535156
-0.17388916015625 0.00904846191406248 -0.0689125061035156 0.0179061889648437
-0.120376586914063 0.100532531738281 -0.0547637939453125 0.057952880859375
-0.02191162109375 0.16064453125 -0.00209808349609376 0.109931945800781
0.041473388671875 0.15289306640625 0.046417236328125 0.113700866699219
0.0271072387695313 0.137931823730469 0.0632705688476563 0.0859298706054688
0.0196685791015625 0.155685424804688 0.055908203125 0.0779190063476563
-0.0454864501953125 0.144256591796875 0.0295486450195312 0.0811691284179688
-0.117889404296875 0.0775604248046875 0.0300407409667969 0.0504112243652344
-0.131881713867188 -0.01318359375 0.0396919250488281 0.0449256896972656
-0.0652999877929688 -0.129974365234375 0.0672836303710938 0.105148315429687
0.0317535400390625 -0.164993286132812 0.0653839111328125 0.199905395507813
0.0912551879882813 -0.121932983398438 -0.068328857421875 0.30047607421875
0.084564208984375 -0.246307373046875 0.0709075927734375 -0.0252304077148438
-0.036407470703125 -0.266006469726562 0.030609130859375 -0.0397911071777344
-0.165542602539063 -0.1763916015625 -0.0166664123535156 -0.0396614074707031
-0.215438842773438 -0.00567626953125005 -0.0391464233398438 -0.00198745727539062
-0.158676147460937 0.113723754882813 -0.0345745086669922 0.0106029510498047
-0.0416717529296875 0.1962890625 -0.00838470458984376 0.0500946044921875
0.039886474609375 0.188873291015625 0.0155258178710938 0.056640625
0.030364990234375 0.171218872070313 0.0278072357177734 0.0348701477050781
0.0267181396484375 0.19287109375 0.0307941436767578 0.0217952728271485
-0.0438385009765625 0.185134887695313 0.0290069580078125 0.0250797271728516
-0.137481689453125 0.116256713867187 0.0485458374023437 0.00266265869140626
-0.173507690429688 0.015960693359375 0.0719451904296875 0.0189361572265625
-0.123855590820312 -0.14605712890625 0.102157592773438 0.09600830078125
-0.0227203369140625 -0.221237182617188 0.0817108154296875 0.179901123046875
0.0606842041015625 -0.196624755859375 -0.033905029296875 0.26202392578125
0.0550537109375 -0.270645141601563 0.09844970703125 -0.089599609375
-0.05889892578125 -0.2703857421875 0.0325393676757812 -0.0762557983398438
-0.176437377929688 -0.180526733398438 -0.00495529174804688 -0.0438804626464844
-0.226211547851562 -0.0105743408203125 -0.00424194335937502 -0.0211410522460937
-0.170059204101562 0.112838745117188 -0.00705337524414064 -0.038238525390625
-0.0532379150390625 0.203155517578125 -0.0111083984375 -0.0175352096557617
0.03350830078125 0.1954345703125 -0.0160408020019531 -0.00928783416748046
0.0294036865234375 0.178131103515625 -0.0115890502929687 -0.0222759246826172
0.0294036865234375 0.201416015625 -0.00169754028320312 -0.0382041931152344
-0.0370635986328125 0.19842529296875 0.0201644897460937 -0.0384750366210937
-0.138992309570313 0.137710571289063 0.0573883056640625 -0.0511817932128906
-0.190048217773438 0.04266357421875 0.0945510864257812 -0.015350341796875
-0.163681030273437 -0.140655517578125 0.122268676757812 0.07122802734375
-0.071685791015625 -0.243545532226563 0.0798110961914063 0.137092590332031
0.0229949951171875 -0.23828125 -0.00616455078125002 0.194961547851562
0.00917053222656252 -0.255752563476563 0.118392944335938 -0.156173706054688
-0.0825653076171875 -0.233062744140625 0.031829833984375 -0.112266540527344
-0.16693115234375 -0.14678955078125 0.00525665283203124 -0.0468368530273438
-0.199050903320313 -0.00395202636718751 0.0291748046875 -0.0405387878417969
-0.147720336914062 0.100082397460938 0.0197219848632812 -0.0813217163085938
-0.05047607421875 0.178192138671875 -0.012451171875 -0.0809478759765625
0.0237884521484375 0.171188354492187 -0.04315185546875 -0.071807861328125
0.02423095703125 0.157669067382812 -0.0485687255859375 -0.0754928588867187
0.02459716796875 0.180450439453125 -0.034820556640625 -0.0936203002929687
-0.03070068359375 0.177642822265625 0.00594329833984376 -0.0998306274414063
-0.121345520019531 0.128387451171875 0.0569534301757813 -0.101600646972656
-0.171951293945313 0.0511932373046875 0.103607177734375 -0.0490798950195313
-0.164642333984375 -0.117523193359375 0.122077941894531 0.0409088134765625
-0.095916748046875 -0.222335815429687 0.0593948364257812 0.0818023681640625
-0.01153564453125 -0.234573364257813 0.011383056640625 0.11181640625
-0.0406341552734375 -0.20501708984375 0.1263427734375 -0.214157104492188
-0.09967041015625 -0.16143798828125 0.02655029296875 -0.141448974609375
-0.137710571289063 -0.0831375122070312 0.0108642578125 -0.0493850708007813
-0.137664794921875 0.0126876831054687 0.0523910522460938 -0.0563888549804688
-0.0974807739257813 0.0754318237304687 0.0360794067382812 -0.110557556152344
-0.0337448120117187 0.125381469726563 -0.0157012939453125 -0.127395629882813
0.0127792358398438 0.120353698730469 -0.063812255859375 -0.120475769042969
0.0148162841796875 0.114356994628906 -0.0774993896484375 -0.116104125976562
0.0135650634765625 0.1319580078125 -0.061004638671875 -0.136383056640625
-0.0273208618164063 0.124412536621094 -0.00628662109375 -0.147186279296875
-0.0890655517578125 0.08782958984375 0.054412841796875 -0.135017395019531
-0.120368957519531 0.0370025634765625 0.103584289550781 -0.06964111328125
-0.120979309082031 -0.0802841186523438 0.105972290039062 0.0154647827148437
-0.0889129638671875 -0.15985107421875 0.0322360992431641 0.0305976867675781
-0.0375823974609375 -0.1849365234375 0.0215110778808594 0.0321807861328125
-0.084930419921875 -0.129951477050781 0.119766235351562 -0.259170532226563
-0.103874206542969 -0.0734710693359375 0.0161590576171875 -0.162872314453125
-0.0934371948242188 -0.00939178466796875 0.00532531738281249 -0.0523414611816406
-0.0599899291992188 0.0308647155761719 0.0561332702636719 -0.0663909912109375
-0.0323143005371094 0.0441131591796875 0.0375595092773437 -0.119590759277344
-0.00937271118164063 0.0577468872070313 -0.0217742919921875 -0.148544311523438
0.00179672241210938 0.0529136657714844 -0.07708740234375 -0.14617919921875
0.00399398803710937 0.0535469055175781 -0.0940322875976562 -0.139472961425781
-0.00173568725585937 0.0643196105957031 -0.0743865966796875 -0.1611328125
-0.023284912109375 0.0502128601074219 -0.0098419189453125 -0.1744384765625
-0.0456085205078125 0.02740478515625 0.0546112060546875 -0.14544677734375
-0.0485916137695313 0.0103416442871094 0.0996551513671875 -0.07257080078125
-0.0511131286621094 -0.0335044860839844 0.0833358764648437 0.00394439697265625
-0.0610466003417969 -0.0699005126953125 0.00771522521972656 -0.00431442260742188
-0.056121826171875 -0.101753234863281 0.0258388519287109 -0.0280132293701172
-0.114173889160156 -0.0390167236328125 0.099334716796875 -0.28875732421875
-0.090667724609375 0.0128173828125 -0.00253295898437499 -0.1796875
-0.0430221557617187 0.0563087463378906 -0.0128593444824219 -0.0577239990234375
0.0154991149902344 0.0427436828613281 0.0391731262207031 -0.0688285827636719
0.030242919921875 0.00983047485351563 0.0243606567382812 -0.10986328125
0.0147905349731445 -0.0146760940551758 -0.0302886962890625 -0.143600463867188
-0.00973320007324219 -0.0207328796386719 -0.0815582275390625 -0.147018432617187
-0.00734329223632813 -0.0141229629516602 -0.0971832275390625 -0.142196655273437
-0.015772819519043 -0.0124855041503906 -0.072784423828125 -0.165145874023438
-0.0135917663574219 -0.0303535461425781 -0.00355529785156251 -0.178268432617188
0.00686454772949218 -0.0340919494628906 0.058258056640625 -0.134529113769531
0.0302410125732422 -0.0117931365966797 0.0938949584960938 -0.0597305297851562
0.0201072692871094 0.0235786437988281 0.0609283447265625 0.00467681884765625
-0.0309486389160156 0.0328922271728516 -0.0074462890625 -0.0199565887451172
-0.0728607177734375 -0.00225067138671874 0.0235519409179687 -0.0606956481933594
0.084136962890625 -0.10986328125 0.0180206298828125 0.0682144165039063
-0.013092041015625 -0.148727416992188 0.0229854583740234 0.00983619689941406
-0.105445861816406 -0.0741653442382812 -0.0475845336914063 -0.024139404296875
-0.108329772949219 0.0335845947265625 -0.0918121337890625 0.0469284057617188
-0.0595626831054688 0.0809860229492187 -0.0610427856445313 0.109619140625
0.0113449096679688 0.101188659667969 0.0183563232421875 0.162551879882813
0.0470733642578125 0.0917510986328125 0.0860748291015625 0.15692138671875
0.0306396484375 0.084136962890625 0.100105285644531 0.125877380371094
0.0244064331054687 0.0964584350585938 0.0807342529296875 0.124649047851562
-0.0279998779296875 0.0933151245117188 0.0314788818359375 0.130195617675781
-0.0785140991210938 0.04534912109375 0.0100936889648438 0.0896224975585938
-0.0834808349609375 -0.025238037109375 0.0080108642578125 0.0618515014648438
-0.0216903686523438 -0.09716796875 0.0384979248046875 0.103469848632813
0.0634613037109375 -0.0990371704101563 0.0545501708984375 0.206436157226563
0.101432800292969 -0.04559326171875 -0.091522216796875 0.32916259765625
0.083740234375 -0.2025146484375 0.0369338989257813 0.0331497192382812
-0.0369873046875 -0.225997924804688 0.0247802734375 -0.00703048706054689
-0.15380859375 -0.131988525390625 -0.0338993072509766 -0.0316905975341797
-0.17626953125 0.0226898193359375 -0.0718154907226563 0.0237579345703125
-0.114051818847656 0.113563537597656 -0.0554618835449219 0.0660934448242188
-0.00830078125000001 0.165618896484375 0.00326538085937501 0.117286682128906
0.056671142578125 0.153335571289062 0.05609130859375 0.11944580078125
0.0410537719726562 0.139892578125 0.0714035034179688 0.08990478515625
0.0355377197265625 0.159225463867188 0.0612258911132813 0.0814971923828125
-0.0332183837890625 0.154388427734375 0.0334014892578125 0.08697509765625
-0.115806579589844 0.09356689453125 0.0308837890625 0.0500564575195313
-0.140426635742188 -0.0013885498046875 0.0419960021972656 0.0420379638671875
-0.0830535888671875 -0.132087707519531 0.0787277221679687 0.103126525878906
0.0156402587890625 -0.178863525390625 0.0810394287109375 0.203643798828125
0.0843048095703125 -0.1409912109375 -0.055023193359375 0.318634033203125
0.0703125 -0.2664794921875 0.061431884765625 -0.0246734619140625
-0.058929443359375 -0.274017333984375 0.0247383117675781 -0.0380630493164063
-0.185592651367187 -0.17254638671875 -0.0217323303222656 -0.0369453430175781
-0.223556518554687 0.00932312011718746 -0.0431785583496094 0.00156784057617188
-0.155410766601563 0.130462646484375 -0.0382575988769531 0.0158576965332031
-0.0285186767578125 0.206146240234375 -0.00883483886718751 0.0560684204101563
0.0572509765625 0.192489624023437 0.0195121765136719 0.0637168884277344
0.0460968017578125 0.176071166992188 0.0304603576660156 0.0397911071777344
0.0446319580078125 0.199493408203125 0.0303192138671875 0.0254364013671875
-0.030975341796875 0.197280883789063 0.0283355712890625 0.0286064147949219
-0.136337280273437 0.134544372558594 0.0465011596679687 -0.000507354736328117
-0.183502197265625 0.02984619140625 0.0727462768554687 0.01226806640625
-0.144378662109375 -0.14697265625 0.112564086914062 0.0897979736328125
-0.0424041748046875 -0.235504150390625 0.094818115234375 0.180313110351562
0.050628662109375 -0.217819213867188 -0.021575927734375 0.274383544921875
0.0408935546875 -0.291351318359375 0.0864639282226563 -0.0962448120117188
-0.080535888671875 -0.281143188476563 0.02301025390625 -0.0775146484375
-0.198883056640625 -0.180389404296875 -0.0108566284179688 -0.0421791076660156
-0.238571166992187 0.00267028808593749 -0.00912857055664064 -0.0203914642333984
-0.170166015625 0.131454467773438 -0.0141983032226563 -0.0364151000976562
-0.04229736328125 0.216110229492188 -0.0168237686157227 -0.0132894515991211
0.049957275390625 0.20294189453125 -0.0180873870849609 -0.00226974487304686
0.0440216064453125 0.185699462890625 -0.0144147872924805 -0.0162773132324219
0.0460052490234375 0.210296630859375 -0.00762557983398437 -0.0349273681640625
-0.02532958984375 0.212005615234375 0.0140151977539062 -0.0373039245605469
-0.138290405273438 0.1561279296875 0.0516433715820312 -0.0578193664550781
-0.199966430664062 0.0567779541015625 0.0926971435546875 -0.0250778198242188
-0.184661865234375 -0.141021728515625 0.130271911621094 0.0629119873046875
-0.093017578125 -0.255889892578125 0.0890960693359375 0.134223937988281
0.011749267578125 -0.258346557617188 0.0043182373046875 0.200454711914063
-0.0016326904296875 -0.273239135742188 0.105331420898438 -0.169601440429688
-0.100112915039063 -0.2430419921875 0.0198898315429688 -0.117179870605469
-0.186691284179688 -0.148605346679688 -0.000801086425781263 -0.0471916198730469
-0.212066650390625 0.00622558593749997 0.0242691040039062 -0.04296875
-0.15106201171875 0.116012573242188 0.010284423828125 -0.0836181640625
-0.043121337890625 0.191192626953125 -0.0224380493164062 -0.0798110961914062
0.03631591796875 0.180648803710937 -0.0509071350097656 -0.0666007995605469
0.0354156494140625 0.166351318359375 -0.0566139221191406 -0.0694351196289063
0.03839111328125 0.189956665039062 -0.0456390380859375 -0.0909423828125
-0.022003173828125 0.190597534179687 -0.00439453125 -0.100257873535156
-0.122695922851562 0.14471435546875 0.0478439331054687 -0.109825134277344
-0.180465698242188 0.0633392333984375 0.100082397460938 -0.0598297119140625
-0.182403564453125 -0.117767333984375 0.126510620117188 0.0309829711914062
-0.11444091796875 -0.23248291015625 0.0644149780273438 0.0777130126953125
-0.0223236083984375 -0.2508544921875 0.0183029174804687 0.109970092773437
-0.0471954345703125 -0.215225219726563 0.112152099609375 -0.234298706054688
-0.1099853515625 -0.168106079101563 0.0133514404296875 -0.150009155273437
-0.14898681640625 -0.0854644775390625 0.00429534912109374 -0.0509185791015625
-0.147705078125 0.017242431640625 0.0470733642578125 -0.0612449645996094
-0.101089477539063 0.0854873657226562 0.0270004272460937 -0.115913391113281
-0.03125 0.136734008789063 -0.0274887084960938 -0.128959655761719
0.0203018188476562 0.129562377929688 -0.0754547119140625 -0.117889404296875
0.0220489501953125 0.122268676757813 -0.0892181396484375 -0.111900329589844
0.02166748046875 0.141281127929687 -0.075714111328125 -0.134979248046875
-0.024261474609375 0.135871887207031 -0.0204010009765625 -0.15020751953125
-0.0933990478515625 0.09869384765625 0.0436248779296875 -0.14447021484375
-0.128662109375 0.0429458618164062 0.099395751953125 -0.0809707641601563
-0.132232666015625 -0.0834121704101562 0.107566833496094 0.00692749023437499
-0.0993499755859375 -0.168289184570312 0.0328083038330078 0.0264034271240234
-0.043701171875 -0.196044921875 0.025146484375 0.0244522094726562
-0.0875167846679687 -0.131507873535156 0.105712890625 -0.28277587890625
-0.105781555175781 -0.0752639770507812 0.00274658203125001 -0.174026489257812
-0.0960693359375 -0.0110321044921875 -0.000568389892578127 -0.05517578125
-0.0646171569824219 0.0297164916992187 0.0509490966796875 -0.0720291137695313
-0.0363273620605469 0.0474586486816406 0.0290374755859375 -0.126617431640625
-0.0116043090820312 0.0637969970703125 -0.033782958984375 -0.152008056640625
0.002471923828125 0.0606498718261719 -0.090576171875 -0.145858764648437
0.00526809692382813 0.0599441528320313 -0.1077880859375 -0.137191772460937
-0.000328063964843746 0.0727157592773438 -0.090484619140625 -0.1614990234375
-0.0261459350585938 0.0588417053222656 -0.024932861328125 -0.180191040039063
-0.0529327392578125 0.0325660705566406 0.0447235107421875 -0.155685424804688
-0.0559539794921875 0.01007080078125 0.0964431762695313 -0.0830154418945312
-0.0556526184082031 -0.0391426086425781 0.084259033203125 -0.0028533935546875
-0.062591552734375 -0.0754165649414063 0.00645732879638672 -0.00980663299560547
-0.0568695068359375 -0.106437683105469 0.0287513732910156 -0.0399894714355469
-0.113685607910156 -0.03125 0.08538818359375 -0.31280517578125
-0.085723876953125 0.016754150390625 -0.0161590576171875 -0.191070556640625
-0.0371818542480469 0.0559883117675781 -0.0194435119628906 -0.0593299865722656
0.0170822143554688 0.0374031066894531 0.0342941284179688 -0.0731964111328125
0.0275554656982422 0.00522232055664062 0.01812744140625 -0.11553955078125
0.00845718383789063 -0.0141696929931641 -0.040283203125 -0.147811889648438
-0.0152292251586914 -0.0157947540283203 -0.0943145751953125 -0.149261474609375
-0.0119800567626953 -0.0102882385253906 -0.110397338867187 -0.142059326171875
-0.020355224609375 -0.00679206848144531 -0.0881500244140625 -0.168182373046875
-0.0216083526611328 -0.0261402130126953 -0.017547607421875 -0.186721801757813
-0.0027618408203125 -0.0349674224853516 0.050537109375 -0.144668579101563
0.0248546600341797 -0.0182514190673828 0.0925674438476563 -0.0693435668945313
0.0227775573730469 0.0160789489746094 0.0616035461425781 -0.000434875488281249
-0.0243396759033203 0.0303840637207031 -0.00855827331542969 -0.0248947143554687
-0.0673446655273438 7.62939453125066E-05 0.0268936157226563 -0.0743331909179688
0.0722885131835938 -0.114585876464844 0.0147705078125 0.077392578125
-0.0264892578125 -0.142898559570313 0.021881103515625 0.0149497985839844
-0.108497619628906 -0.0630722045898437 -0.0482635498046875 -0.0196723937988281
-0.101394653320313 0.0419387817382812 -0.0896530151367188 0.052978515625
-0.050140380859375 0.0846939086914063 -0.05511474609375 0.115425109863281
0.0205307006835937 0.0966339111328125 0.0286865234375 0.164077758789063
0.0559616088867188 0.0847854614257812 0.0970458984375 0.155242919921875
0.0393295288085938 0.0792999267578125 0.109138488769531 0.123115539550781
0.0344085693359375 0.0919418334960937 0.0887985229492188 0.123512268066406
-0.017425537109375 0.0948410034179688 0.0395736694335938 0.132476806640625
-0.0723800659179687 0.0538787841796875 0.01416015625 0.0902786254882813
-0.0858383178710938 -0.015533447265625 0.0109100341796875 0.0608940124511719
-0.0324478149414063 -0.0933303833007812 0.0474014282226562 0.101226806640625
0.0508499145507812 -0.104522705078125 0.0679473876953125 0.206451416015625
0.0940780639648438 -0.0575408935546875 -0.0738525390625 0.3421630859375
0.06817626953125 -0.210372924804687 0.030670166015625 0.0400199890136719
-0.0557708740234375 -0.2215576171875 0.0221233367919922 -0.00213813781738283
-0.163040161132812 -0.12030029296875 -0.0355682373046875 -0.0268516540527344
-0.172744750976563 0.03509521484375 -0.071624755859375 0.0290298461914062
-0.104560852050781 0.121604919433594 -0.053009033203125 0.0718994140625
0.00401306152343751 0.1644287109375 0.0095672607421875 0.12115478515625
0.0697174072265625 0.148300170898437 0.0644912719726563 0.121009826660156
0.0533599853515625 0.136795043945313 0.077789306640625 0.0900726318359375
0.0503997802734375 0.156600952148437 0.0655899047851563 0.0821075439453125
-0.019805908203125 0.15863037109375 0.038055419921875 0.0893630981445313
-0.10931396484375 0.105178833007813 0.0316390991210937 0.0493507385253906
-0.1439208984375 0.010284423828125 0.0428657531738281 0.0384902954101563
-0.0969772338867188 -0.127838134765625 0.0864105224609375 0.0973587036132812
-0.00122070312499999 -0.18524169921875 0.0926666259765625 0.200836181640625
0.0732574462890625 -0.154281616210938 -0.039215087890625 0.326873779296875
0.053131103515625 -0.276947021484375 0.0513267517089844 -0.0218124389648438
-0.0787353515625 -0.272232055664063 0.0195388793945313 -0.0332736968994141
-0.199554443359375 -0.161697387695313 -0.0248336791992188 -0.0330123901367188
-0.22406005859375 0.0234527587890625 -0.04534912109375 0.00559616088867187
-0.14691162109375 0.142425537109375 -0.040313720703125 0.0214729309082031
-0.0142822265625 0.208526611328125 -0.00769805908203125 0.0614852905273438
0.072540283203125 0.190093994140625 0.0237579345703125 0.06805419921875
0.0599517822265625 0.174270629882813 0.0339317321777344 0.0431900024414063
0.0607147216796875 0.198562622070313 0.0300941467285156 0.0285682678222656
-0.0160675048828125 0.203338623046875 0.0284099578857422 0.0314388275146485
-0.129104614257813 0.148544311523438 0.0431938171386719 -0.00279235839843749
-0.186996459960938 0.0437469482421875 0.0704193115234375 0.00608062744140625
-0.160125732421875 -0.141494750976563 0.11859130859375 0.08099365234375
-0.06219482421875 -0.24102783203125 0.10467529296875 0.1741943359375
0.0365142822265625 -0.230331420898438 -0.00781249999999997 0.277603149414063
0.025146484375 -0.302276611328125 0.0729598999023438 -0.0975265502929688
-0.099945068359375 -0.281341552734375 0.0147247314453125 -0.0749969482421875
-0.214263916015625 -0.171875 -0.01519775390625 -0.0389060974121094
-0.242630004882813 0.0163116455078125 -0.0134220123291016 -0.0181884765625
-0.163894653320313 0.145538330078125 -0.0198154449462891 -0.0328369140625
-0.02899169921875 0.222320556640625 -0.0212287902832031 -0.00791168212890623
0.06500244140625 0.203094482421875 -0.0184497833251953 0.00408935546875002
0.058135986328125 0.186019897460938 -0.0154018402099609 -0.0103473663330078
0.061981201171875 0.211380004882813 -0.0125446319580078 -0.029876708984375
-0.01116943359375 0.2183837890625 0.009613037109375 -0.0337314605712891
-0.13238525390625 0.169998168945312 0.0443229675292969 -0.0609550476074219
-0.2030029296875 0.0707550048828125 0.0879058837890625 -0.032318115234375
-0.199859619140625 -0.1356201171875 0.132652282714844 0.0523910522460938
-0.112442016601563 -0.259613037109375 0.0949172973632813 0.127723693847656
-0.00294494628906251 -0.2691650390625 0.0132904052734375 0.199172973632812
-0.01318359375 -0.281158447265625 0.088348388671875 -0.176437377929688
-0.115203857421875 -0.24566650390625 0.00837707519531248 -0.117713928222656
-0.20147705078125 -0.144134521484375 -0.00654602050781251 -0.0453262329101563
-0.217926025390625 0.0167999267578125 0.0186767578125 -0.0428085327148438
-0.148468017578125 0.127883911132813 0.0017242431640625 -0.0819473266601562
-0.0335235595703125 0.199050903320313 -0.0307083129882813 -0.0749130249023437
0.04888916015625 0.183242797851563 -0.0557861328125 -0.05963134765625
0.0466461181640625 0.169296264648438 -0.061370849609375 -0.0621681213378906
0.0514068603515625 0.193618774414063 -0.0551376342773437 -0.084442138671875
-0.011383056640625 0.197494506835938 -0.01409912109375 -0.0968475341796875
-0.119049072265625 0.157180786132813 0.0368804931640625 -0.113014221191406
-0.18402099609375 0.07421875 0.0931854248046875 -0.0673828125
-0.194366455078125 -0.1136474609375 0.126022338867188 0.02130126953125
-0.130157470703125 -0.234634399414062 0.0662841796875 0.0714035034179687
-0.0338592529296875 -0.258392333984375 0.0233993530273438 0.104461669921875
-0.055023193359375 -0.219818115234375 0.0949249267578125 -0.245193481445313
-0.118133544921875 -0.169967651367187 0.00030517578125 -0.152862548828125
-0.158798217773437 -0.0854644775390625 -0.00126266479492189 -0.0507354736328125
-0.154098510742188 0.02239990234375 0.0405044555664063 -0.0634956359863281
-0.10150146484375 0.0940475463867187 0.0165023803710938 -0.1165771484375
-0.02642822265625 0.144607543945313 -0.0385818481445313 -0.125129699707031
0.0278549194335938 0.134475708007813 -0.0839614868164063 -0.110862731933594
0.0289535522460937 0.125984191894531 -0.0970916748046875 -0.104095458984375
0.0298614501953125 0.146499633789063 -0.0869064331054688 -0.128089904785156
-0.018310546875 0.1435546875 -0.032318115234375 -0.147598266601563
-0.0936813354492188 0.1083984375 0.031219482421875 -0.147979736328125
-0.132926940917969 0.0497512817382812 0.0918731689453125 -0.0878219604492188
-0.141326904296875 -0.0835113525390625 0.105712890625 -0.000602722167968755
-0.1085205078125 -0.17083740234375 0.0313758850097656 0.0213794708251953
-0.0499114990234375 -0.201522827148437 0.0272483825683594 0.0161380767822265
-0.08880615234375 -0.130302429199219 0.0877685546875 -0.29638671875
-0.106307983398438 -0.0756378173828125 -0.0111541748046875 -0.178680419921875
-0.0978240966796875 -0.0133819580078125 -0.00670242309570313 -0.0551185607910156
-0.0683631896972656 0.0291366577148438 0.0444412231445313 -0.074615478515625
-0.0390281677246094 0.0496902465820313 0.019622802734375 -0.128150939941406
-0.0124778747558594 0.0692176818847656 -0.044708251953125 -0.149795532226563
0.0046539306640625 0.0657691955566406 -0.100341796875 -0.140884399414063
0.00720596313476562 0.0647811889648437 -0.1170654296875 -0.130577087402344
0.0030059814453125 0.0782470703125 -0.103668212890625 -0.156219482421875
-0.0264358520507813 0.0664749145507813 -0.0394287109375 -0.17889404296875
-0.0577201843261719 0.0386009216308594 0.033050537109375 -0.159896850585937
-0.0618324279785156 0.0109214782714844 0.0898590087890625 -0.0902175903320313
-0.0601043701171875 -0.0433692932128906 0.0810546875 -0.0088958740234375
-0.0641098022460938 -0.0795059204101563 0.00371074676513672 -0.0134811401367188
-0.0561676025390625 -0.108802795410156 0.0291213989257812 -0.0509185791015625
-0.108283996582031 -0.0247421264648437 0.068389892578125 -0.326263427734375
-0.0796432495117188 0.01849365234375 -0.030120849609375 -0.195770263671875
-0.0313796997070313 0.0531044006347656 -0.0249099731445312 -0.0586204528808594
0.0167236328125 0.0315685272216797 0.0291213989257813 -0.0752105712890625
0.0234451293945313 0.00212669372558594 0.0110702514648437 -0.1170654296875
0.00237751007080078 -0.0122194290161133 -0.0487213134765625 -0.146453857421875
-0.019195556640625 -0.0106124877929688 -0.104354858398437 -0.145660400390625
-0.0152788162231445 -0.0052652359008789 -0.120368957519531 -0.137062072753906
-0.0237808227539063 -0.000425338745117187 -0.101348876953125 -0.164382934570313
-0.0277233123779297 -0.0192222595214844 -0.0318145751953125 -0.187591552734375
-0.0114822387695312 -0.0331687927246094 0.0404205322265625 -0.150527954101563
0.0182361602783203 -0.022003173828125 0.0878143310546875 -0.0762405395507813
0.0229415893554687 0.00829124450683594 0.0599632263183594 -0.00490188598632812
-0.0179634094238281 0.0258731842041016 -0.0109348297119141 -0.0288677215576172
-0.0600204467773438 0.00150299072265625 0.0277328491210938 -0.0865707397460938
0.0629806518554687 -0.114982604980469 0.0118789672851563 0.0860137939453125
-0.034759521484375 -0.135810852050781 0.0214309692382812 0.0197391510009766
-0.10797119140625 -0.0549392700195313 -0.0480842590332031 -0.0162086486816406
-0.0947952270507813 0.04620361328125 -0.0873184204101563 0.0556411743164062
-0.0432510375976563 0.0850372314453125 -0.0504226684570313 0.117393493652344
0.0261383056640625 0.0915374755859375 0.0348052978515625 0.163223266601563
0.0607070922851562 0.0781402587890625 0.103042602539063 0.152740478515625
0.044097900390625 0.0742263793945313 0.113349914550781 0.120628356933594
0.0410003662109375 0.086456298828125 0.0928421020507813 0.122360229492188
-0.009307861328125 0.09381103515625 0.044586181640625 0.132926940917969
-0.0660057067871094 0.0588455200195313 0.0160293579101563 0.089935302734375
-0.0853271484375 -0.00901031494140625 0.0117149353027344 0.0594291687011719
-0.039154052734375 -0.0880508422851563 0.0525588989257813 0.0980911254882813
0.0405044555664063 -0.106216430664063 0.0748443603515625 0.204757690429688
0.0858535766601563 -0.0636215209960938 -0.064239501953125 0.34716796875
0.0567779541015625 -0.212356567382813 0.0247154235839844 0.0483322143554687
-0.0657958984375 -0.21453857421875 0.0203495025634766 0.00267028808593749
-0.16552734375 -0.111770629882812 -0.0357780456542969 -0.0234870910644531
-0.16796875 0.041259765625 -0.070953369140625 0.0321197509765625
-0.0960769653320312 0.12451171875 -0.051177978515625 0.07550048828125
0.0117034912109375 0.160934448242188 0.013214111328125 0.123115539550781
0.0766143798828125 0.14166259765625 0.069671630859375 0.120979309082031
0.059906005859375 0.132003784179688 0.0812835693359375 0.0900955200195313
0.0589141845703125 0.152359008789063 0.0674514770507813 0.0831756591796875
-0.0106658935546875 0.159469604492188 0.0411758422851563 0.0909652709960938
-0.102653503417969 0.111991882324219 0.0304985046386719 0.0485382080078125
-0.144622802734375 0.0182342529296875 0.041259765625 0.0357742309570313
-0.105918884277344 -0.123634338378906 0.0897750854492188 0.0922698974609375
-0.0140228271484375 -0.187332153320313 0.0985260009765625 0.19677734375
0.0637969970703125 -0.161834716796875 -0.030548095703125 0.329254150390625
0.0420989990234375 -0.28070068359375 0.0433731079101562 -0.015289306640625
-0.090118408203125 -0.267578125 0.0156326293945312 -0.0288963317871094
-0.205810546875 -0.154251098632813 -0.0257892608642578 -0.0292472839355469
-0.221969604492187 0.031890869140625 -0.0463638305664063 0.00892257690429687
-0.13946533203125 0.147506713867188 -0.04132080078125 0.0253372192382813
-0.00573730468749999 0.20770263671875 -0.0068817138671875 0.0652999877929688
0.081085205078125 0.186019897460938 0.0271453857421875 0.0709686279296875
0.06793212890625 0.1712646484375 0.0358085632324219 0.0460433959960938
0.0703887939453125 0.195343017578125 0.0296821594238281 0.0322799682617188
-0.00662231445312499 0.205093383789063 0.0285682678222656 0.0345096588134766
-0.123153686523437 0.155899047851563 0.0395698547363281 -0.00355148315429687
-0.187728881835938 0.0516510009765625 0.0667495727539062 0.00262451171875
-0.169692993164063 -0.1373291015625 0.119552612304688 0.074188232421875
-0.07586669921875 -0.243026733398437 0.10784912109375 0.16973876953125
0.0277099609375 -0.237579345703125 -0.00154113769531247 0.276763916015625
0.0146484375 -0.306854248046875 0.061767578125 -0.0943679809570313
-0.1107177734375 -0.279342651367188 0.009033203125 -0.071197509765625
-0.222671508789063 -0.166412353515625 -0.0172538757324219 -0.0355644226074219
-0.243881225585938 0.0250701904296875 -0.0158061981201172 -0.0158357620239258
-0.159164428710937 0.151763916015625 -0.0234470367431641 -0.0288963317871094
-0.0214996337890625 0.223968505859375 -0.0227909088134766 -0.00236129760742187
0.0740509033203125 0.200759887695313 -0.0175209045410156 0.00951385498046876
0.0656585693359375 0.184432983398438 -0.0149593353271484 -0.00501823425292968
0.0712890625 0.210281372070312 -0.0155162811279297 -0.0242919921875
-0.00205993652343748 0.22119140625 0.0065460205078125 -0.0297908782958984
-0.127548217773438 0.177963256835937 0.0379219055175781 -0.0610122680664062
-0.203903198242188 0.078277587890625 0.0819320678710937 -0.0360565185546875
-0.208694458007813 -0.13140869140625 0.131568908691406 0.0455551147460937
-0.125137329101563 -0.260986328125 0.0958480834960937 0.122444152832031
-0.0109100341796875 -0.27569580078125 0.0173492431640625 0.195281982421875
-0.02001953125 -0.28558349609375 0.076080322265625 -0.176055908203125
-0.1226806640625 -0.245361328125 0.00118255615234373 -0.115364074707031
-0.209884643554688 -0.141555786132813 -0.00937652587890627 -0.0426902770996094
-0.2220458984375 0.02294921875 0.0142936706542969 -0.0412635803222656
-0.145843505859375 0.135025024414063 -0.0045318603515625 -0.0788803100585937
-0.0277099609375 0.203125 -0.0351905822753906 -0.068878173828125
0.0562286376953125 0.183547973632813 -0.0572471618652344 -0.0532264709472656
0.0537109375 0.169509887695313 -0.0629386901855469 -0.0555458068847656
0.059326171875 0.194381713867188 -0.0599822998046875 -0.077850341796875
-0.00469970703125001 0.201644897460938 -0.0194320678710937 -0.0923385620117187
-0.116348266601563 0.164016723632813 0.0296401977539062 -0.112747192382812
-0.185546875 0.080413818359375 0.086578369140625 -0.070770263671875
-0.20159912109375 -0.112014770507813 0.123069763183594 0.0158004760742187
-0.139389038085938 -0.236709594726562 0.0647430419921875 0.0671119689941406
-0.0388336181640625 -0.263839721679688 0.0249404907226563 0.0990829467773437
-0.0561370849609375 -0.222702026367187 0.081634521484375 -0.248550415039062
-0.12066650390625 -0.171401977539063 -0.0081787109375 -0.152786254882813
-0.16448974609375 -0.08563232421875 -0.00489807128906251 -0.0495147705078125
-0.158340454101563 0.0255889892578125 0.0352897644042969 -0.0630340576171875
-0.102058410644531 0.0988006591796875 0.00974273681640624 -0.114707946777344
-0.02392578125 0.1495361328125 -0.0438156127929687 -0.120437622070312
0.0327072143554687 0.136985778808594 -0.087432861328125 -0.104461669921875
0.033050537109375 0.12884521484375 -0.100074768066406 -0.0975418090820313
0.035369873046875 0.149459838867188 -0.0934371948242188 -0.121368408203125
-0.0144500732421875 0.148712158203125 -0.0396728515625 -0.14306640625
-0.0942916870117188 0.114906311035156 0.0231781005859375 -0.147109985351563
-0.136390686035156 0.0528411865234375 0.0850601196289062 -0.0903091430664062
-0.147171020507813 -0.0843963623046875 0.101806640625 -0.00528717041015626
-0.113983154296875 -0.173614501953125 0.0287132263183594 0.0171298980712891
-0.0514678955078125 -0.205093383789063 0.027069091796875 0.0085315704345703
-0.0855026245117187 -0.130706787109375 0.07525634765625 -0.30218505859375
-0.104515075683594 -0.0777359008789063 -0.01959228515625 -0.180313110351563
-0.0990753173828125 -0.0165939331054688 -0.00980758666992188 -0.0543937683105469
-0.0727005004882812 0.0272750854492188 0.0395965576171875 -0.0745315551757813
-0.0418014526367188 0.0513648986816406 0.0132904052734375 -0.1268310546875
-0.0134506225585937 0.0739212036132812 -0.0501556396484375 -0.145797729492188
0.00604248046875 0.0705718994140625 -0.104591369628906 -0.135459899902344
0.00847625732421875 0.0686607360839844 -0.121162414550781 -0.124664306640625
0.00486755371093751 0.0832366943359375 -0.110122680664062 -0.150009155273437
-0.02630615234375 0.072723388671875 -0.0471038818359375 -0.174484252929687
-0.0617179870605469 0.043426513671875 0.0250396728515625 -0.159423828125
-0.0666847229003906 0.0117454528808594 0.0840530395507813 -0.0924835205078125
-0.0636482238769531 -0.0473861694335937 0.0781402587890625 -0.0114898681640625
-0.0647506713867188 -0.0838165283203125 0.00092220306396484 -0.0171575546264648
-0.053314208984375 -0.111740112304688 0.0283660888671875 -0.0600624084472656
-0.101753234863281 -0.0217132568359375 0.056854248046875 -0.331878662109375
-0.07373046875 0.0177078247070313 -0.0382232666015625 -0.196929931640625
-0.0280647277832031 0.0492172241210937 -0.027923583984375 -0.0573043823242187
0.0145530700683594 0.0267486572265625 0.0249786376953125 -0.074554443359375
0.0196342468261719 0.000318527221679688 0.0070343017578125 -0.116157531738281
-0.00155830383300781 -0.0085597038269043 -0.0533905029296875 -0.144577026367188
-0.0207271575927734 -0.005157470703125 -0.10882568359375 -0.14263916015625
-0.0167646408081055 -0.000631332397460936 -0.124473571777344 -0.132789611816406
-0.0247516632080078 0.005157470703125 -0.107498168945313 -0.16009521484375
-0.0314083099365234 -0.0128116607666016 -0.040435791015625 -0.185302734375
-0.01788330078125 -0.0297260284423828 0.033843994140625 -0.15130615234375
0.0124626159667969 -0.0242214202880859 0.0834274291992188 -0.0796356201171875
0.0216712951660156 0.00155448913574219 0.0581130981445313 -0.00701904296875
-0.0142574310302734 0.0199432373046875 -0.0127906799316406 -0.0325603485107422
-0.0533447265625 0.000179290771484385 0.0274429321289062 -0.0971221923828125
0.0579681396484375 -0.114334106445312 0.00885772705078126 0.0969009399414062
-0.03887939453125 -0.130401611328125 0.0209999084472656 0.0248031616210937
-0.107101440429688 -0.0505599975585937 -0.0472679138183594 -0.0144081115722656
-0.089996337890625 0.0476150512695312 -0.0869674682617188 0.0577163696289063
-0.038726806640625 0.0845565795898438 -0.0493850708007813 0.119499206542969
0.0292892456054688 0.088348388671875 0.0374755859375 0.1646728515625
0.0637054443359375 0.0731887817382813 0.106842041015625 0.15386962890625
0.047454833984375 0.0708541870117188 0.115921020507813 0.121650695800781
0.0453109741210938 0.0826873779296875 0.0955963134765625 0.123794555664063
-0.00347137451171875 0.0933837890625 0.0476531982421875 0.135383605957031
-0.0620765686035156 0.0613288879394531 0.0161819458007812 0.0911026000976563
-0.0858688354492188 -0.0048828125 0.0111618041992187 0.0596199035644531
-0.0434112548828125 -0.0853195190429688 0.0553436279296875 0.0969085693359375
0.034271240234375 -0.107032775878906 0.0790863037109375 0.206741333007812
0.079986572265625 -0.0680770874023438 -0.06207275390625 0.35382080078125
0.051788330078125 -0.2152099609375 0.0198554992675781 0.0573348999023437
-0.0713043212890625 -0.212020874023438 0.0186805725097656 0.0079364776611328
-0.16796875 -0.107467651367188 -0.0356826782226563 -0.0211257934570313
-0.166015625 0.0441436767578125 -0.07171630859375 0.034393310546875
-0.09295654296875 0.125907897949219 -0.050994873046875 0.078369140625
0.015380859375 0.159530639648438 0.0148696899414063 0.126609802246094
0.0811920166015625 0.139244079589844 0.0731430053710938 0.123703002929688
0.0643081665039063 0.130104064941406 0.0835189819335938 0.092498779296875
0.0644073486328125 0.1502685546875 0.0690689086914063 0.08624267578125
-0.00430297851562499 0.160781860351563 0.0430908203125 0.0945205688476563
-0.100166320800781 0.117050170898438 0.0297508239746094 0.0497627258300781
-0.146926879882813 0.022857666015625 0.0392341613769531 0.0351715087890625
-0.112693786621094 -0.122177124023438 0.0918045043945312 0.0895004272460937
-0.021820068359375 -0.19073486328125 0.100631713867188 0.198028564453125
0.0583343505859375 -0.168701171875 -0.029205322265625 0.334503173828125
0.037689208984375 -0.285614013671875 0.0364952087402344 -0.00804519653320314
-0.0962371826171875 -0.26708984375 0.0133342742919922 -0.0243930816650391
-0.210494995117187 -0.152175903320313 -0.025960922241211 -0.0270519256591797
-0.223419189453125 0.0347137451171875 -0.0479927062988281 0.011322021484375
-0.13763427734375 0.150726318359375 -0.0428504943847656 0.0288124084472656
-0.00213623046874998 0.20928955078125 -0.00667953491210938 0.0701370239257813
0.0861968994140625 0.18450927734375 0.0295944213867188 0.0752410888671875
0.0725250244140625 0.171463012695313 0.0374717712402344 0.0495719909667969
0.0764923095703125 0.195602416992188 0.0295829772949219 0.0360336303710938
-0.000640869140625016 0.20867919921875 0.0289039611816406 0.0377731323242188
-0.121414184570313 0.162796020507812 0.036651611328125 -0.00299072265624999
-0.191390991210937 0.0572509765625 0.0636634826660156 0.00162124633789063
-0.178253173828125 -0.137466430664063 0.119827270507812 0.0709915161132813
-0.0848236083984375 -0.247772216796875 0.109039306640625 0.1689453125
0.02276611328125 -0.246170043945313 -0.000778198242187505 0.279678344726563
0.012725830078125 -0.313873291015625 0.054412841796875 -0.0904159545898438
-0.11651611328125 -0.28253173828125 0.00544357299804686 -0.0684280395507813
-0.230850219726563 -0.166473388671875 -0.0183067321777344 -0.0333385467529297
-0.248580932617188 0.0283966064453125 -0.0178337097167969 -0.0135841369628906
-0.158645629882813 0.15655517578125 -0.0263156890869141 -0.025390625
-0.017608642578125 0.228057861328125 -0.0241355895996094 0.00225067138671877
0.079315185546875 0.202072143554687 -0.0157461166381836 0.014155387878418
0.07012939453125 0.186065673828125 -0.0137624740600586 -0.00138759613037108
0.0776824951171875 0.212554931640625 -0.0169563293457031 -0.0196399688720703
0.00286865234375001 0.226028442382813 0.00562477111816406 -0.0263748168945312
-0.126800537109375 0.185317993164063 0.0342025756835937 -0.060760498046875
-0.208709716796875 0.0834808349609375 0.0782699584960937 -0.0371932983398437
-0.217132568359375 -0.1329345703125 0.130752563476563 0.0420150756835937
-0.134323120117188 -0.2667236328125 0.0949783325195312 0.120941162109375
-0.01409912109375 -0.2840576171875 0.017486572265625 0.195175170898437
-0.020263671875 -0.293670654296875 0.0687713623046875 -0.175735473632813
-0.127548217773438 -0.250656127929688 -0.00402069091796877 -0.114578247070313
-0.218002319335938 -0.143539428710937 -0.01129150390625 -0.0412139892578125
-0.228866577148438 0.025787353515625 0.0114212036132812 -0.0395736694335938
-0.1478271484375 0.140045166015625 -0.00751495361328126 -0.0760650634765625
-0.0253448486328125 0.209228515625 -0.0373039245605469 -0.0652542114257812
0.06121826171875 0.186843872070313 -0.0573577880859375 -0.0494346618652343
0.057373046875 0.173263549804688 -0.0635452270507812 -0.051605224609375
0.06475830078125 0.197723388671875 -0.0627059936523438 -0.0732040405273438
-0.00129699707031249 0.2071533203125 -0.0224380493164063 -0.0891571044921875
-0.117507934570313 0.171310424804687 0.0253372192382812 -0.112434387207031
-0.191116333007812 0.0840606689453125 0.0822219848632812 -0.0725479125976562
-0.209091186523438 -0.114730834960937 0.120697021484375 0.0128402709960937
-0.147003173828125 -0.243072509765625 0.0621910095214844 0.0649871826171875
-0.0401611328125 -0.271499633789063 0.0243377685546875 0.095306396484375
-0.054656982421875 -0.229415893554688 0.0745086669921875 -0.251785278320313
-0.123153686523437 -0.177642822265625 -0.0137939453125 -0.154296875
-0.170822143554688 -0.089996337890625 -0.00742721557617189 -0.0490226745605469
-0.165802001953125 0.0261993408203125 0.0322074890136719 -0.0623283386230469
-0.105598449707031 0.102500915527344 0.00614166259765625 -0.113197326660156
-0.023651123046875 0.155303955078125 -0.0470962524414062 -0.11761474609375
0.0360565185546875 0.141708374023438 -0.089141845703125 -0.10211181640625
0.035919189453125 0.13299560546875 -0.101112365722656 -0.0943069458007813
0.0386810302734375 0.154312133789063 -0.0967941284179688 -0.117706298828125
-0.0129852294921875 0.15521240234375 -0.0434722900390625 -0.141067504882813
-0.0973739624023438 0.12060546875 0.0190277099609375 -0.147705078125
-0.14208984375 0.055084228515625 0.0817413330078125 -0.0925521850585938
-0.15283203125 -0.089019775390625 0.099151611328125 -0.00710296630859376
-0.118408203125 -0.180145263671875 0.0255775451660156 0.0148983001708984
-0.049530029296875 -0.2117919921875 0.0264968872070313 0.00196647644042967
-0.0818023681640625 -0.134391784667969 0.06988525390625 -0.308380126953125
-0.103546142578125 -0.0828094482421875 -0.0248870849609375 -0.184036254882813
-0.102348327636719 -0.0208740234375 -0.0123367309570313 -0.0546340942382812
-0.0782470703125 0.02581787109375 0.0370254516601562 -0.0748291015625
-0.0454063415527344 0.0529212951660156 0.01068115234375 -0.126434326171875
-0.0150604248046875 0.0791015625 -0.05279541015625 -0.145523071289063
0.0066680908203125 0.0753326416015625 -0.10772705078125 -0.134979248046875
0.00906372070312501 0.0733566284179688 -0.123908996582031 -0.123039245605469
0.00605010986328126 0.088348388671875 -0.114288330078125 -0.147476196289063
-0.0267715454101562 0.079345703125 -0.0517578125 -0.173980712890625
-0.0664405822753906 0.0483245849609375 0.021728515625 -0.161041259765625
-0.0722274780273438 0.0118865966796875 0.0811843872070313 -0.0942840576171875
-0.0677642822265625 -0.0532112121582031 0.0761184692382813 -0.0128173828125
-0.065582275390625 -0.089996337890625 -0.00168609619140625 -0.0203380584716797
-0.0494537353515625 -0.116432189941406 0.0281219482421875 -0.0686988830566406
-0.096832275390625 -0.0218582153320313 0.0531005859375 -0.3397216796875
-0.0700531005859375 0.014434814453125 -0.042388916015625 -0.201187133789063
-0.027252197265625 0.04449462890625 -0.0302314758300781 -0.057586669921875
0.0113582611083984 0.0233058929443359 0.0234527587890625 -0.0747604370117188
0.0158224105834961 -0.000646591186523438 0.00536346435546874 -0.116729736328125
-0.00497865676879883 -0.00513696670532226 -0.0553436279296875 -0.145538330078125
-0.0219249725341797 -0.000576019287109374 -0.111358642578125 -0.143112182617188
-0.0177326202392578 0.00313758850097657 -0.12750244140625 -0.132362365722656
-0.0256538391113281 0.00972366333007813 -0.11248779296875 -0.159683227539062
-0.0338516235351563 -0.00775146484375 -0.0453948974609375 -0.186676025390625
-0.0235176086425781 -0.0267658233642578 0.0311431884765625 -0.15338134765625
0.00772285461425781 -0.0251483917236328 0.082489013671875 -0.0820541381835938
0.0197696685791016 -0.00403594970703125 0.057220458984375 -0.00821685791015625
-0.0119457244873047 0.0150861740112305 -0.0140609741210938 -0.0363807678222656
-0.0479660034179688 -0.00267410278320313 0.0290603637695312 -0.107254028320312
0.0558547973632812 -0.116188049316406 0.00592803955078124 0.109519958496094
-0.0429840087890625 -0.128868103027344 0.0213050842285156 0.0313606262207031
-0.10821533203125 -0.0478744506835938 -0.0476608276367188 -0.0131568908691406
-0.0880584716796875 0.0495376586914062 -0.0887527465820313 0.0602951049804688
-0.0363006591796875 0.0854721069335938 -0.049835205078125 0.123939514160156
0.0316085815429687 0.0872344970703125 0.0404815673828125 0.170028686523438
0.0661392211914063 0.0708999633789063 0.112579345703125 0.159042358398438
0.0504684448242188 0.0692672729492188 0.121101379394531 0.126045227050781
0.0496368408203125 0.0817031860351563 0.099945068359375 0.128860473632813
0.000694274902343744 0.0944900512695313 0.051300048828125 0.140655517578125
-0.060302734375 0.0650558471679688 0.0163040161132812 0.0946426391601563
-0.0875778198242188 -0.00122070312499998 0.0108108520507813 0.0618247985839844
-0.04803466796875 -0.0846939086914063 0.0591888427734375 0.0987548828125
0.0287857055664063 -0.109565734863281 0.0828399658203125 0.214401245117188
0.0770111083984375 -0.0720748901367188 -0.0628662109375 0.369171142578125
0.04931640625 -0.221878051757813 0.0160942077636719 0.0683174133300781
-0.076934814453125 -0.214569091796875 0.0184955596923828 0.0132503509521484
-0.1737060546875 -0.10809326171875 -0.0360679626464844 -0.0200920104980469
-0.168472290039063 0.046173095703125 -0.0739593505859375 0.037384033203125
-0.0929183959960937 0.129783630371094 -0.0528488159179687 0.082305908203125
0.0180816650390625 0.162994384765625 0.0164337158203125 0.132781982421875
0.0860061645507813 0.139633178710938 0.0779190063476562 0.129806518554688
0.0689010620117188 0.132255554199219 0.087615966796875 0.0972976684570313
0.07098388671875 0.152206420898438 0.0719833374023438 0.0918502807617188
-4.57763671875098E-05 0.166061401367187 0.0459213256835937 0.0995330810546875
-0.100486755371094 0.124305725097656 0.0289382934570312 0.0519294738769531
-0.152603149414063 0.02716064453125 0.038543701171875 0.0361442565917969
-0.121353149414063 -0.124458312988281 0.0949554443359375 0.0904312133789062
-0.030517578125 -0.19818115234375 0.104782104492188 0.20416259765625
0.05511474609375 -0.178329467773438 -0.030029296875 0.348236083984375
0.03533935546875 -0.29693603515625 0.0314884185791016 -0.000240325927734393
-0.103286743164062 -0.273681640625 0.0119190216064453 -0.020132064819336
-0.220291137695313 -0.154953002929688 -0.026540756225586 -0.0260944366455078
-0.230087280273438 0.03765869140625 -0.0499229431152344 0.0134811401367188
-0.13970947265625 0.15655517578125 -0.0451889038085938 0.0325050354003906
0.000534057617187504 0.2154541015625 -0.00629425048828126 0.07568359375
0.09222412109375 0.188262939453125 0.033050537109375 0.0804901123046875
0.0783233642578125 0.17596435546875 0.0403022766113281 0.05426025390625
0.08392333984375 0.200836181640625 0.0304527282714844 0.0413627624511719
0.00399780273437498 0.216445922851563 0.0305328369140625 0.04156494140625
-0.123931884765625 0.172149658203125 0.0356674194335937 -0.00220870971679686
-0.200042724609375 0.0629425048828125 0.0625991821289062 0.00116729736328125
-0.18975830078125 -0.141326904296875 0.122940063476562 0.0706939697265625
-0.095123291015625 -0.258453369140625 0.111862182617187 0.172805786132812
0.019775390625 -0.259445190429688 -0.001373291015625 0.28900146484375
0.010162353515625 -0.328216552734375 0.0502243041992188 -0.0872879028320313
-0.123748779296875 -0.29205322265625 0.00287246704101562 -0.0669517517089844
-0.242828369140625 -0.170852661132813 -0.0194644927978516 -0.0330085754394531
-0.258819580078125 0.03192138671875 -0.0204944610595703 -0.0119552612304688
-0.163177490234375 0.163742065429687 -0.0290184020996094 -0.0232582092285156
-0.0158233642578125 0.237319946289063 -0.0250740051269531 0.00687217712402345
0.0852203369140625 0.20849609375 -0.0145206451416016 0.0181159973144531
0.075836181640625 0.192779541015625 -0.0132160186767578 0.00307083129882814
0.0846405029296875 0.22027587890625 -0.0182571411132813 -0.0152797698974609
0.00692749023437499 0.235565185546875 0.005859375 -0.0243167877197265
-0.130523681640625 0.196060180664063 0.0318984985351563 -0.06170654296875
-0.218292236328125 0.0894775390625 0.076873779296875 -0.0389862060546875
-0.2303466796875 -0.13836669921875 0.132102966308594 0.041290283203125
-0.145599365234375 -0.278717041015625 0.0959854125976562 0.123268127441406
-0.016143798828125 -0.29931640625 0.0163421630859375 0.200180053710937
-0.02117919921875 -0.3089599609375 0.0638427734375 -0.178924560546875
-0.134307861328125 -0.262130737304688 -0.00798034667968751 -0.116508483886719
-0.230239868164062 -0.149749755859375 -0.0134735107421875 -0.0412750244140625
-0.241317749023438 0.0288848876953125 0.00960540771484374 -0.0393867492675781
-0.153915405273437 0.147354125976563 -0.0106124877929688 -0.0754470825195312
-0.0246124267578125 0.219223022460938 -0.0400276184082031 -0.0633468627929688
0.06573486328125 0.194442749023438 -0.058746337890625 -0.0466575622558594
0.06231689453125 0.180740356445313 -0.0651397705078125 -0.0495834350585937
0.0706024169921875 0.20684814453125 -0.06634521484375 -0.070892333984375
0.00213623046874999 0.218063354492188 -0.0241928100585937 -0.0889434814453125
-0.12200927734375 0.1820068359375 0.0224990844726563 -0.115684509277344
-0.201019287109375 0.08868408203125 0.0805892944335937 -0.0747833251953125
-0.222702026367188 -0.120391845703125 0.121551513671875 0.0117950439453125
-0.157135009765625 -0.254714965820313 0.0614814758300781 0.0652885437011719
-0.040802001953125 -0.286376953125 0.0234527587890625 0.0946044921875
-0.0534210205078125 -0.241622924804688 0.0714111328125 -0.261032104492188
-0.127120971679688 -0.188400268554688 -0.0180511474609375 -0.1600341796875
-0.181716918945312 -0.096038818359375 -0.0103416442871094 -0.0495033264160156
-0.17681884765625 0.0274505615234375 0.0315017700195312 -0.062957763671875
-0.111412048339844 0.108749389648437 0.00382995605468749 -0.113639831542969
-0.024169921875 0.164932250976563 -0.0498580932617188 -0.118423461914062
0.03863525390625 0.149185180664063 -0.0918807983398438 -0.102516174316406
0.0383834838867187 0.1402587890625 -0.105445861816406 -0.0944137573242187
0.04278564453125 0.162704467773437 -0.102645874023438 -0.117401123046875
-0.0119476318359375 0.165267944335937 -0.04644775390625 -0.14190673828125
-0.102752685546875 0.129470825195312 0.01617431640625 -0.151473999023437
-0.151229858398437 0.05792236328125 0.0808334350585937 -0.0956802368164063
-0.162628173828125 -0.0955352783203125 0.0993804931640625 -0.00797271728515626
-0.124603271484375 -0.19097900390625 0.0231876373291016 0.0133228302001953
-0.0485687255859375 -0.223983764648438 0.0259323120117187 -0.00376510620117189
-0.0797882080078125 -0.142684936523438 0.067962646484375 -0.32171630859375
-0.105201721191406 -0.09100341796875 -0.0290679931640625 -0.19219970703125
-0.10821533203125 -0.0256576538085937 -0.0150527954101563 -0.0564117431640625
-0.0858840942382813 0.0251998901367187 0.03656005859375 -0.0759429931640625
-0.0509033203125 0.0562324523925781 0.00841522216796876 -0.128929138183594
-0.0167617797851563 0.0861740112304688 -0.0559234619140625 -0.148162841796875
0.00830078125 0.0818939208984375 -0.11175537109375 -0.137687683105469
0.00975799560546875 0.0789031982421875 -0.128585815429688 -0.124259948730469
0.0080108642578125 0.0957107543945313 -0.120269775390625 -0.14923095703125
-0.0273590087890625 0.0869903564453125 -0.0559844970703125 -0.17718505859375
-0.0721664428710938 0.0546646118164063 0.019073486328125 -0.1666259765625
-0.0795516967773438 0.0123825073242188 0.081878662109375 -0.0982208251953125
-0.0743026733398437 -0.0600662231445313 0.0758895874023438 -0.013916015625
-0.0680160522460938 -0.0982666015625 -0.00397300720214844 -0.0233402252197266
-0.046905517578125 -0.124870300292969 0.0287628173828125 -0.0791702270507813
-0.0944366455078125 -0.0241241455078125 0.051971435546875 -0.355560302734375
-0.0687103271484375 0.0115089416503906 -0.0466461181640625 -0.21148681640625
-0.0277481079101563 0.0421409606933594 -0.0326194763183594 -0.0598640441894531
0.00861167907714844 0.0214405059814453 0.0231857299804687 -0.076568603515625
0.0126094818115234 -0.00091552734375 0.00427246093750001 -0.119873046875
-0.00737571716308594 -0.00197124481201172 -0.057708740234375 -0.14959716796875
-0.0233955383300781 0.00381278991699219 -0.116607666015625 -0.148239135742187
-0.0193347930908203 0.00652313232421875 -0.132591247558594 -0.136299133300781
-0.0263290405273437 0.0141315460205078 -0.118255615234375 -0.16326904296875
-0.0362281799316406 -0.00268554687499999 -0.05084228515625 -0.190719604492188
-0.0280666351318359 -0.0237998962402344 0.029296875 -0.159072875976563
0.00323486328125 -0.0268001556396484 0.0833816528320313 -0.085845947265625
0.0176811218261719 -0.00905418395996094 0.0573692321777344 -0.00844573974609375
-0.0111179351806641 0.00980567932128906 -0.0165748596191406 -0.0409622192382812
-0.0436286926269531 -0.00607681274414062 0.0298690795898438 -0.119804382324219
0.0517959594726563 -0.120353698730469 0.0059051513671875 0.125686645507813
-0.0499267578125 -0.128387451171875 0.0234947204589844 0.0378494262695312
-0.113075256347656 -0.0443649291992187 -0.0489044189453125 -0.0121498107910156
-0.0874176025390625 0.0527496337890625 -0.091278076171875 0.0653076171875
-0.0334548950195313 0.0886154174804688 -0.0489425659179687 0.130989074707031
0.0360107421875 0.0879058837890625 0.0475616455078125 0.177932739257813
0.0716171264648438 0.0689239501953125 0.123580932617188 0.1654052734375
0.0553779602050781 0.0677528381347656 0.130813598632813 0.130973815917969
0.0565338134765625 0.08062744140625 0.108375549316406 0.134384155273438
0.00669097900390626 0.0968475341796875 0.058502197265625 0.147567749023438
-0.0587043762207031 0.0702285766601563 0.0189743041992187 0.09967041015625
-0.0917816162109375 0.00308227539062501 0.0114288330078125 0.0649032592773438
-0.05474853515625 -0.0848464965820313 0.0654144287109375 0.100807189941406
0.0225677490234375 -0.114471435546875 0.092071533203125 0.224441528320313
0.0731964111328125 -0.0791549682617188 -0.05889892578125 0.393341064453125
0.0439300537109375 -0.234100341796875 0.013946533203125 0.08160400390625
-0.0879364013671875 -0.219436645507813 0.0184745788574219 0.0194034576416015
-0.18359375 -0.107131958007812 -0.0375785827636719 -0.0185127258300781
-0.17376708984375 0.0525970458984375 -0.0765457153320313 0.0415191650390625
-0.0929336547851563 0.137466430664062 -0.0539398193359375 0.0889511108398438
0.0237884521484375 0.168502807617188 0.0206298828125 0.140716552734375
0.094390869140625 0.142181396484375 0.086639404296875 0.136161804199219
0.0772933959960938 0.134910583496094 0.0955734252929688 0.102699279785156
0.0807647705078125 0.156219482421875 0.0783920288085938 0.0977249145507813
0.00801086425781249 0.1739501953125 0.051116943359375 0.10491943359375
-0.100578308105469 0.135734558105469 0.03033447265625 0.0546607971191406
-0.161117553710938 0.035980224609375 0.0385665893554687 0.0374565124511719
-0.134437561035156 -0.126617431640625 0.101356506347656 0.0910568237304687
-0.0421295166015625 -0.208343505859375 0.11334228515625 0.212203979492187
0.050048828125 -0.192123413085937 -0.02593994140625 0.369110107421875
0.02899169921875 -0.314788818359375 0.0286655426025391 0.00736999511718748
-0.1175537109375 -0.282745361328125 0.00993156433105468 -0.0167179107666016
-0.236038208007812 -0.155838012695312 -0.0287570953369141 -0.0247230529785156
-0.241409301757813 0.046142578125 -0.0527992248535156 0.0172576904296875
-0.142379760742188 0.168212890625 -0.0476837158203125 0.0372085571289063
0.0065765380859375 0.226654052734375 -0.00452423095703124 0.0825958251953125
0.102279663085938 0.193649291992188 0.0382080078125 0.0867996215820313
0.088104248046875 0.182342529296875 0.0449981689453125 0.0595550537109375
0.0956573486328125 0.208343505859375 0.0330963134765625 0.0467643737792969
0.0135345458984375 0.228866577148438 0.0338516235351563 0.0457916259765625
-0.124908447265625 0.187698364257813 0.0352058410644531 -0.00170135498046874
-0.211166381835937 0.0737152099609375 0.0620460510253906 0.0010223388671875
-0.207992553710938 -0.144577026367188 0.128372192382813 0.0698776245117187
-0.11273193359375 -0.271621704101562 0.11932373046875 0.179397583007812
0.0118865966796875 -0.278335571289063 0.00299072265625002 0.304901123046875
0.00378417968750002 -0.349945068359375 0.0444869995117188 -0.0865249633789063
-0.1385498046875 -0.305511474609375 -0.00226593017578127 -0.0663261413574219
-0.26263427734375 -0.173919677734375 -0.0217342376708984 -0.0322608947753906
-0.273956298828125 0.0412750244140625 -0.0225257873535156 -0.0094757080078125
-0.168258666992187 0.177658081054688 -0.0328464508056641 -0.020303726196289
-0.0098419189453125 0.251937866210937 -0.0263309478759766 0.0111160278320313
0.0957489013671875 0.2166748046875 -0.0132102966308594 0.0223484039306641
0.0858001708984375 0.20208740234375 -0.0128393173217773 0.00711536407470704
0.0979461669921875 0.230194091796875 -0.0196743011474609 -0.0113410949707031
0.01629638671875 0.250442504882813 0.00562095642089844 -0.0230941772460937
-0.132369995117187 0.2137451171875 0.0297660827636719 -0.0638465881347656
-0.23138427734375 0.101287841796875 0.0759429931640625 -0.0421524047851562
-0.251052856445313 -0.141189575195313 0.136741638183594 0.0384979248046875
-0.165069580078125 -0.29248046875 0.10064697265625 0.126609802246094
-0.0250244140625 -0.31988525390625 0.0192108154296875 0.208694458007812
-0.0269775390625 -0.3299560546875 0.0577239990234375 -0.186477661132813
-0.148178100585937 -0.276596069335938 -0.014251708984375 -0.120574951171875
-0.249832153320313 -0.153305053710937 -0.0163993835449219 -0.0418968200683594
-0.257522583007813 0.0374755859375 0.00830841064453123 -0.0387992858886719
-0.15960693359375 0.161605834960938 -0.0145645141601563 -0.076202392578125
-0.0199127197265625 0.235061645507813 -0.0436668395996094 -0.0611572265625
0.075347900390625 0.204849243164062 -0.0614738464355469 -0.0453109741210938
0.0706024169921875 0.190231323242188 -0.0682525634765625 -0.0470657348632812
0.082122802734375 0.218185424804688 -0.0716400146484375 -0.0688934326171875
0.00961303710937501 0.2322998046875 -0.0276565551757812 -0.0900421142578125
-0.12506103515625 0.19940185546875 0.018585205078125 -0.120223999023437
-0.214263916015625 0.100341796875 0.079681396484375 -0.0795974731445313
-0.241729736328125 -0.124374389648437 0.124526977539063 0.00892639160156249
-0.174789428710938 -0.267868041992188 0.0619544982910156 0.0665206909179688
-0.04864501953125 -0.30572509765625 0.0245513916015625 0.0957870483398438
-0.0572052001953125 -0.259368896484375 0.0648193359375 -0.276336669921875
-0.138473510742188 -0.200820922851563 -0.026336669921875 -0.168182373046875
-0.197586059570313 -0.100006103515625 -0.01300048828125 -0.0517311096191406
-0.191543579101563 0.0331878662109375 0.0290985107421875 -0.0651702880859375
-0.118522644042969 0.119194030761719 -0.000755310058593761 -0.117073059082031
-0.02215576171875 0.178665161132813 -0.0560226440429688 -0.120574951171875
0.0452728271484375 0.1597900390625 -0.0991897583007813 -0.103431701660156
0.044525146484375 0.150146484375 -0.112106323242187 -0.093780517578125
0.0507659912109375 0.173736572265625 -0.110488891601563 -0.11798095703125
-0.00706481933593752 0.17742919921875 -0.0531768798828125 -0.145523071289063
-0.107177734375 0.143295288085937 0.01123046875 -0.15875244140625
-0.162033081054688 0.0657806396484375 0.0793685913085937 -0.101852416992188
-0.1793212890625 -0.10028076171875 0.101325988769531 -0.0106353759765625
-0.137527465820313 -0.202774047851563 0.0209903717041016 0.0123996734619141
-0.0531463623046875 -0.240203857421875 0.0248317718505859 -0.0103912353515625
-0.082061767578125 -0.153030395507813 0.061065673828125 -0.34222412109375
-0.110549926757812 -0.0988616943359375 -0.038543701171875 -0.203659057617188
-0.116989135742188 -0.0290679931640625 -0.0187301635742188 -0.0597267150878906
-0.0947265625 0.0278091430664062 0.0346832275390625 -0.0800552368164063
-0.0559921264648437 0.0611610412597656 0.00553131103515625 -0.134086608886719
-0.0169830322265625 0.09539794921875 -0.0626220703125 -0.15301513671875
0.0107498168945313 0.0901412963867188 -0.120758056640625 -0.142333984375
0.0127410888671875 0.086456298828125 -0.137611389160156 -0.126945495605469
0.0115814208984375 0.10455322265625 -0.130828857421875 -0.1527099609375
-0.0264205932617188 0.096435546875 -0.0646209716796875 -0.183380126953125
-0.0770263671875 0.063446044921875 0.0141143798828125 -0.174560546875
-0.0883026123046875 0.015045166015625 0.081451416015625 -0.105361938476562
-0.0829391479492187 -0.0653610229492188 0.077423095703125 -0.0161972045898438
-0.0744400024414062 -0.107231140136719 -0.00679588317871094 -0.0271625518798828
-0.0474166870117188 -0.135597229003906 0.0270004272460937 -0.0909805297851563
-0.0937576293945312 -0.0257949829101563 0.04571533203125 -0.380645751953125
-0.0688972473144531 0.00859451293945311 -0.0558624267578125 -0.22442626953125
-0.0285110473632812 0.0406303405761719 -0.0367393493652344 -0.0627212524414063
0.00582313537597656 0.0200023651123047 0.0215682983398438 -0.0801162719726563
0.00971889495849609 -0.00156402587890625 0.00187683105468751 -0.124702453613281
-0.00984764099121094 0.00135135650634765 -0.064178466796875 -0.155914306640625
-0.0246639251708984 0.00856590270996093 -0.1263427734375 -0.153839111328125
-0.0204257965087891 0.0109577178955078 -0.142974853515625 -0.141098022460937
-0.0269432067871094 0.0192508697509766 -0.129348754882813 -0.168365478515625
-0.0384368896484375 0.00267791748046875 -0.059051513671875 -0.1983642578125
-0.0337238311767578 -0.0210914611816406 0.0254669189453125 -0.168319702148438
-0.00159645080566406 -0.0283927917480469 0.0845794677734375 -0.0923309326171875
0.0156869888305664 -0.0142736434936523 0.05926513671875 -0.0102195739746094
-0.0105714797973633 0.00541114807128906 -0.0199165344238281 -0.0465316772460938
-0.0414657592773438 -0.010284423828125 0.0286941528320312 -0.136001586914063
0.0452041625976563 -0.125755310058594 0.0109710693359375 0.142318725585938
-0.05938720703125 -0.126365661621094 0.0261878967285156 0.0444831848144531
-0.116661071777344 -0.0385971069335937 -0.0499687194824219 -0.00866317749023437
-0.0856475830078125 0.0584487915039063 -0.0920486450195313 0.0733108520507813
-0.0288238525390625 0.0927886962890625 -0.0449142456054687 0.140045166015625
0.0431137084960938 0.0874099731445313 0.0591583251953125 0.184555053710938
0.077972412109375 0.0647964477539063 0.1390380859375 0.16754150390625
0.0624313354492188 0.0653533935546875 0.144744873046875 0.132049560546875
0.064605712890625 0.0779571533203125 0.120979309082031 0.137367248535156
0.0150375366210938 0.0993576049804688 0.06988525390625 0.152084350585938
-0.0548324584960937 0.077362060546875 0.0242080688476562 0.104362487792969
-0.0946121215820313 0.0110397338867188 0.0147285461425781 0.0687484741210938
-0.0622940063476562 -0.0825271606445313 0.0737228393554687 0.101005554199219
0.01275634765625 -0.119544982910156 0.1077880859375 0.231491088867188
0.0667266845703125 -0.0868606567382813 -0.042572021484375 0.418670654296875
0.0319976806640625 -0.24725341796875 0.015869140625 0.0954208374023437
-0.104110717773438 -0.220535278320312 0.0194931030273437 0.0253734588623047
-0.196807861328125 -0.100662231445312 -0.0391693115234375 -0.0164604187011719
-0.177566528320313 0.063201904296875 -0.0780029296875 0.0478973388671875
-0.0891265869140625 0.147842407226563 -0.0523681640625 0.0974578857421875
0.034576416015625 0.174560546875 0.0295562744140625 0.148239135742188
0.106185913085938 0.141769409179688 0.0998611450195313 0.140548706054687
0.088409423828125 0.135726928710938 0.106552124023438 0.105140686035156
0.095458984375 0.157012939453125 0.0872039794921875 0.1015625
0.0208740234375 0.181320190429688 0.0603103637695313 0.109298706054688
-0.096160888671875 0.149002075195312 0.0333671569824219 0.0573196411132813
-0.16839599609375 0.0488433837890625 0.04022216796875 0.0391044616699219
-0.150177001953125 -0.124221801757812 0.110084533691406 0.0890350341796875
-0.0608062744140625 -0.216384887695313 0.128204345703125 0.217315673828125
0.0379791259765625 -0.206451416015625 -0.009307861328125 0.39111328125
0.013641357421875 -0.333526611328125 0.0256137847900391 0.0161628723144531
-0.138397216796875 -0.288909912109375 0.00758171081542968 -0.0129375457763672
-0.25592041015625 -0.150527954101563 -0.030660629272461 -0.022918701171875
-0.250640869140625 0.06103515625 -0.0544471740722656 0.022003173828125
-0.14031982421875 0.184097290039063 -0.0485687255859375 0.044189453125
0.01947021484375 0.237884521484375 -0.000167846679687499 0.0896530151367188
0.117279052734375 0.197830200195313 0.0472335815429688 0.0918197631835938
0.1029052734375 0.185882568359375 0.0518836975097656 0.0630683898925781
0.114166259765625 0.212600708007813 0.0378074645996094 0.0510520935058594
0.029266357421875 0.2398681640625 0.0388870239257813 0.0482292175292969
-0.120010375976563 0.2064208984375 0.0347118377685547 -0.00253295898437499
-0.220230102539063 0.0911254882812501 0.0621757507324219 -0.00118255615234374
-0.229766845703125 -0.141082763671875 0.136322021484375 0.0658111572265625
-0.137619018554687 -0.280242919921875 0.130966186523437 0.181228637695312
-0.00366210937500002 -0.29620361328125 0.016571044921875 0.320648193359375
-0.01361083984375 -0.370513916015625 0.0378799438476563 -0.0851898193359375
-0.163330078125 -0.313323974609375 -0.0078277587890625 -0.0654525756835938
-0.28729248046875 -0.16864013671875 -0.024892807006836 -0.0308666229248047
-0.287872314453125 0.0581665039062499 -0.0247211456298828 -0.00750923156738281
-0.1680908203125 0.196533203125 -0.0360221862792969 -0.0169563293457031
0.00375366210937498 0.266250610351562 -0.0267658233642578 0.016347885131836
0.11285400390625 0.223220825195312 -0.0107650756835937 0.0272731781005859
0.102005004882813 0.20843505859375 -0.0110683441162109 0.0114564895629883
0.117263793945313 0.23748779296875 -0.0203685760498047 -0.00643920898437498
0.0333709716796875 0.263137817382812 0.00519943237304688 -0.021646499633789
-0.128158569335937 0.235122680664062 0.0257339477539062 -0.0673294067382812
-0.2406005859375 0.121246337890625 0.0740127563476562 -0.045928955078125
-0.27655029296875 -0.136444091796875 0.142471313476562 0.033294677734375
-0.193359375 -0.300567626953125 0.108505249023437 0.126899719238281
-0.04266357421875 -0.339447021484375 0.02862548828125 0.216934204101562
-0.04364013671875 -0.34942626953125 0.0463104248046875 -0.193817138671875
-0.17071533203125 -0.28546142578125 -0.0246429443359375 -0.122917175292969
-0.27447509765625 -0.1495361328125 -0.0205154418945313 -0.0416603088378906
-0.272415161132813 0.05450439453125 0.00496292114257811 -0.0395660400390625
-0.1622314453125 0.1796875 -0.019989013671875 -0.0757522583007812
-0.00799560546875 0.25091552734375 -0.0486602783203125 -0.0587348937988281
0.0916748046875 0.213088989257812 -0.0650978088378906 -0.0418052673339844
0.0854949951171875 0.19818115234375 -0.0722885131835937 -0.0423583984375
0.100265502929688 0.226913452148438 -0.0782012939453125 -0.0642623901367187
0.0246429443359375 0.245864868164063 -0.0332717895507813 -0.0903778076171875
-0.121673583984375 0.219757080078125 0.0107192993164062 -0.125923156738281
-0.223800659179688 0.118667602539062 0.0753860473632813 -0.0858688354492188
-0.265945434570313 -0.120162963867187 0.127716064453125 0.00390624999999999
-0.201080322265625 -0.275970458984375 0.0650062561035156 0.0661087036132812
-0.064422607421875 -0.324432373046875 0.0275115966796875 0.0958023071289062
-0.0705108642578125 -0.2755126953125 0.050384521484375 -0.291656494140625
-0.155776977539062 -0.209625244140625 -0.040008544921875 -0.175384521484375
-0.216262817382813 -0.0978546142578126 -0.018798828125 -0.0532684326171875
-0.204986572265625 0.04559326171875 0.026123046875 -0.0680999755859375
-0.121490478515625 0.133445739746094 -0.00760650634765626 -0.120155334472656
-0.013671875 0.193283081054688 -0.0643081665039063 -0.120841979980469
0.0579986572265625 0.168655395507813 -0.107879638671875 -0.101974487304688
0.0555877685546875 0.158355712890625 -0.120941162109375 -0.0906219482421875
0.064483642578125 0.182830810546875 -0.122390747070313 -0.114334106445313
0.00444030761718751 0.190811157226563 -0.064208984375 -0.147857666015625
-0.106796264648437 0.160919189453125 0.0015411376953125 -0.165908813476563
-0.171768188476563 0.0780792236328125 0.0748291015625 -0.109336853027344
-0.197158813476562 -0.0993499755859375 0.102851867675781 -0.0146942138671875
-0.157272338867188 -0.210128784179687 0.0193710327148437 0.0104331970214844
-0.0640869140625 -0.255706787109375 0.0230865478515625 -0.0177955627441406
-0.0894622802734375 -0.16217041015625 0.04351806640625 -0.364959716796875
-0.120002746582031 -0.104209899902344 -0.0544586181640625 -0.21435546875
-0.126457214355469 -0.0290985107421875 -0.0251426696777344 -0.0615921020507813
-0.103530883789063 0.0337600708007812 0.0316390991210937 -0.0847930908203125
-0.0595245361328125 0.0686492919921875 -0.00156402587890627 -0.138748168945313
-0.0133514404296875 0.10528564453125 -0.0732879638671875 -0.155426025390625
0.0170364379882813 0.098388671875 -0.13348388671875 -0.142196655273438
0.018463134765625 0.094146728515625 -0.150405883789062 -0.12451171875
0.0190048217773437 0.112396240234375 -0.145050048828125 -0.151473999023438
-0.0210647583007812 0.107391357421875 -0.0779876708984375 -0.186599731445313
-0.079742431640625 0.0744400024414063 0.00497436523437498 -0.183486938476563
-0.0960845947265625 0.0214614868164062 0.0776901245117188 -0.114204406738281
-0.0946884155273437 -0.0684127807617188 0.0786972045898437 -0.0195465087890625
-0.0843582153320312 -0.113128662109375 -0.0116348266601563 -0.0293521881103516
-0.0516815185546875 -0.1458740234375 0.0219268798828125 -0.105018615722656
-0.094573974609375 -0.0251846313476562 0.02850341796875 -0.4051513671875
-0.0693893432617188 0.00765609741210937 -0.072052001953125 -0.236709594726562
-0.0283851623535156 0.0400352478027344 -0.0437812805175781 -0.0647621154785156
0.00396728515625 0.0192222595214844 0.0179290771484375 -0.0849075317382813
0.00693750381469726 -0.00107479095458984 -0.00390624999999999 -0.130378723144531
-0.0118951797485352 0.00517845153808594 -0.074371337890625 -0.160064697265625
-0.0245990753173828 0.0137481689453125 -0.140853881835938 -0.156158447265625
-0.0207633972167969 0.0162601470947266 -0.157302856445313 -0.140411376953125
-0.0271587371826172 0.02490234375 -0.144821166992188 -0.169464111328125
-0.0399665832519531 0.00977325439453126 -0.074066162109375 -0.203628540039063
-0.0386238098144531 -0.0167083740234375 0.016815185546875 -0.178329467773438
-0.00716018676757812 -0.0296192169189453 0.0825958251953125 -0.101760864257813
0.0122489929199219 -0.0197219848632813 0.0604362487792969 -0.0132675170898438
-0.0103387832641602 0.00145149230957031 -0.025177001953125 -0.0504798889160156
-0.0387229919433594 -0.012939453125 0.02239990234375 -0.153656005859375
0.037017822265625 -0.128807067871094 0.020904541015625 0.156295776367188
-0.0679473876953125 -0.120162963867188 0.0318984985351563 0.0497016906738281
-0.1187744140625 -0.0302886962890625 -0.0499458312988281 -0.00512313842773437
-0.0820770263671875 0.0631484985351563 -0.0901641845703125 0.0804367065429688
-0.0215988159179688 0.0954742431640625 -0.0379180908203125 0.147125244140625
0.0502395629882813 0.0842742919921875 0.072540283203125 0.185836791992188
0.0832748413085937 0.0596237182617187 0.154693603515625 0.16387939453125
0.0678291320800781 0.059722900390625 0.157928466796875 0.1273193359375
0.0732803344726562 0.0724945068359375 0.13311767578125 0.134902954101563
0.0243682861328125 0.0988082885742188 0.08258056640625 0.152725219726563
-0.0484085083007812 0.084381103515625 0.0305862426757812 0.105827331542969
-0.0955810546875 0.0196075439453125 0.0187721252441406 0.0702133178710938
-0.06939697265625 -0.0778961181640625 0.0818252563476563 0.097991943359375
0.0020599365234375 -0.120826721191406 0.1241455078125 0.2314453125
0.0582046508789063 -0.09295654296875 -0.01739501953125 0.437347412109375
0.0158538818359375 -0.254623413085938 0.0204849243164062 0.108268737792969
-0.121139526367188 -0.215408325195312 0.0212764739990234 0.0307083129882812
-0.205886840820313 -0.0888977050781251 -0.0398521423339844 -0.0130729675292969
-0.176971435546875 0.07525634765625 -0.0771713256835938 0.0545730590820313
-0.0807342529296875 0.156341552734375 -0.0477523803710938 0.104789733886719
0.0477447509765625 0.175506591796875 0.0406494140625 0.1513671875
0.117912292480469 0.1365966796875 0.113014221191406 0.138832092285156
0.100822448730469 0.132133483886719 0.117904663085938 0.103424072265625
0.10943603515625 0.153060913085938 0.0965499877929688 0.101631164550781
0.0363616943359375 0.183624267578125 0.0702743530273438 0.108833312988281
-0.08636474609375 0.161087036132813 0.0371589660644531 0.0576438903808594
-0.170013427734375 0.0642852783203125 0.0423774719238281 0.0392417907714844
-0.16485595703125 -0.11572265625 0.117431640625 0.0830535888671875
-0.0817413330078125 -0.217041015625 0.143203735351563 0.216415405273438
0.02239990234375 -0.21612548828125 0.0142822265625 0.404632568359375
-0.00927734375000003 -0.3448486328125 0.0251712799072266 0.0250301361083984
-0.161346435546875 -0.284271240234375 0.00612211227416991 -0.00709819793701174
-0.272125244140625 -0.136398315429688 -0.0325889587402344 -0.0206851959228516
-0.253738403320313 0.0791473388671875 -0.05401611328125 0.027374267578125
-0.132064819335938 0.198883056640625 -0.0472869873046875 0.0507125854492188
0.0375823974609375 0.24237060546875 0.00685119628906249 0.0949783325195313
0.1339111328125 0.194534301757813 0.0565109252929687 0.09375
0.119140625 0.183929443359375 0.0595817565917969 0.0645027160644531
0.133773803710938 0.209747314453125 0.0428543090820313 0.0541038513183594
0.0494232177734375 0.24395751953125 0.0436897277832031 0.0488319396972656
-0.10858154296875 0.222930908203125 0.0340003967285156 -0.00373458862304686
-0.222076416015625 0.110748291015625 0.061248779296875 -0.00308990478515624
-0.248825073242187 -0.1285400390625 0.141372680664063 0.058319091796875
-0.164276123046875 -0.27838134765625 0.143325805664063 0.178939819335938
-0.0252685546875 -0.3070068359375 0.035064697265625 0.328857421875
-0.03839111328125 -0.381317138671875 0.030059814453125 -0.082000732421875
-0.188751220703125 -0.311187744140625 -0.0150566101074219 -0.0615234375
-0.30670166015625 -0.15472412109375 -0.0280532836914063 -0.028350830078125
-0.293548583984375 0.0796813964843749 -0.0262889862060547 -0.00411987304687499
-0.16064453125 0.215591430664062 -0.0387458801269531 -0.0111007690429687
0.0237884521484375 0.276046752929688 -0.0263442993164063 0.0227222442626953
0.131240844726562 0.222686767578125 -0.00718116760253906 0.0311031341552735
0.1199951171875 0.208160400390625 -0.00765800476074218 0.0154943466186524
0.13885498046875 0.235794067382812 -0.0208396911621094 -0.00109863281249999
0.0543975830078125 0.2691650390625 0.00430107116699219 -0.0209159851074219
-0.115188598632812 0.253341674804688 0.019500732421875 -0.0696601867675781
-0.2418212890625 0.143661499023437 0.0696182250976562 -0.0494880676269531
-0.297454833984375 -0.1224365234375 0.145416259765625 0.02581787109375
-0.22235107421875 -0.297515869140625 0.115570068359375 0.12432861328125
-0.066162109375 -0.349822998046875 0.0402374267578125 0.219680786132812
-0.066558837890625 -0.361907958984375 0.0308685302734375 -0.196502685546875
-0.19476318359375 -0.28460693359375 -0.0370635986328125 -0.121192932128906
-0.293701171875 -0.136962890625 -0.0259819030761719 -0.0401878356933594
-0.279296875 0.0759124755859375 0.00213623046874998 -0.0389633178710937
-0.1563720703125 0.199111938476563 -0.025909423828125 -0.07373046875
0.00994873046875002 0.26275634765625 -0.0543289184570312 -0.0542373657226562
0.109298706054687 0.215072631835938 -0.0672874450683594 -0.0369682312011719
0.102920532226563 0.200424194335937 -0.0744705200195313 -0.0365142822265625
0.120758056640625 0.227767944335938 -0.0840225219726562 -0.0573577880859375
0.0454864501953125 0.253143310546875 -0.03973388671875 -0.0891265869140625
-0.111358642578125 0.23760986328125 0.00167083740234375 -0.12847900390625
-0.22607421875 0.13897705078125 0.0686569213867187 -0.0900421142578125
-0.28521728515625 -0.10723876953125 0.127822875976562 -0.00342559814453126
-0.227142333984375 -0.27154541015625 0.0673370361328125 0.0633583068847656
-0.0853271484375 -0.33489990234375 0.0312118530273437 0.0939788818359375
-0.087615966796875 -0.285064697265625 0.02838134765625 -0.300262451171875
-0.173782348632813 -0.209426879882812 -0.05718994140625 -0.1766357421875
-0.2315673828125 -0.0892181396484375 -0.0250968933105469 -0.0531005859375
-0.211227416992188 0.060943603515625 0.02191162109375 -0.0701179504394531
-0.11859130859375 0.148468017578125 -0.0151901245117188 -0.120079040527344
-0.000289916992187512 0.203887939453125 -0.0736923217773438 -0.116668701171875
0.0723876953125 0.172821044921875 -0.11651611328125 -0.0966720581054687
0.0692138671875 0.163009643554688 -0.127853393554688 -0.0831527709960937
0.08111572265625 0.186721801757812 -0.13177490234375 -0.105781555175781
0.0181884765625 0.198593139648438 -0.074249267578125 -0.144790649414062
-0.100418090820313 0.176483154296875 -0.012176513671875 -0.169097900390625
-0.175247192382813 0.0931854248046875 0.0678176879882812 -0.114944458007812
-0.214065551757812 -0.0914459228515625 0.101142883300781 -0.0199737548828125
-0.1773681640625 -0.208221435546875 0.0164737701416016 0.00805950164794921
-0.0792999267578125 -0.264755249023438 0.020263671875 -0.0248241424560547
-0.0985107421875 -0.165420532226563 0.018096923828125 -0.378570556640625
-0.129714965820312 -0.105369567871094 -0.0742645263671875 -0.21844482421875
-0.135360717773437 -0.0248641967773437 -0.0321388244628906 -0.0610008239746094
-0.108688354492188 0.0425338745117187 0.025543212890625 -0.0876998901367188
-0.0593338012695312 0.0761642456054688 -0.00975799560546876 -0.140380859375
-0.00681304931640626 0.112457275390625 -0.08441162109375 -0.152694702148438
0.0258636474609375 0.103271484375 -0.146896362304688 -0.137191772460937
0.0261993408203125 0.099334716796875 -0.160995483398438 -0.11761474609375
0.0285186767578125 0.118049621582031 -0.1591796875 -0.144378662109375
-0.0129623413085938 0.114532470703125 -0.092620849609375 -0.185104370117188
-0.0782394409179688 0.08551025390625 -0.009063720703125 -0.1881103515625
-0.101226806640625 0.0289306640625 0.0703201293945313 -0.120956420898438
-0.105598449707031 -0.0667495727539062 0.0779495239257813 -0.0237808227539063
-0.0946502685546875 -0.114784240722656 -0.0172348022460938 -0.0315933227539063
-0.0583343505859375 -0.152877807617188 0.013397216796875 -0.115325927734375
-0.0940322875976563 -0.02294921875 0.000793457031249957 -0.422088623046875
-0.0690345764160156 0.00750732421875 -0.093109130859375 -0.241775512695312
-0.0274276733398438 0.0395584106445312 -0.0501518249511719 -0.0634078979492187
0.00168037414550781 0.0189723968505859 0.0129928588867188 -0.087493896484375
0.00370335578918457 -0.0010685920715332 -0.0117263793945312 -0.132522583007813
-0.0127429962158203 0.0092315673828125 -0.0860595703125 -0.160064697265625
-0.0229587554931641 0.0190105438232422 -0.155166625976563 -0.15216064453125
-0.019317626953125 0.0211334228515625 -0.170440673828125 -0.13421630859375
-0.0254364013671875 0.0306987762451172 -0.159774780273437 -0.164718627929688
-0.0391082763671875 0.015838623046875 -0.090087890625 -0.202804565429688
-0.0425376892089844 -0.0108833312988281 0.00418090820312501 -0.183456420898438
-0.0135021209716797 -0.0293846130371094 0.0761566162109375 -0.110000610351563
0.00787544250488281 -0.0236301422119141 0.0606231689453125 -0.0167617797851563
-0.0104799270629883 -0.00174999237060547 -0.0301780700683594 -0.0528335571289062
-0.0372810363769531 -0.0167350769042969 0.0109100341796875 -0.1669921875
0.02947998046875 -0.126937866210938 0.0324554443359375 0.163864135742188
-0.0742950439453125 -0.111190795898438 0.037078857421875 0.0541114807128906
-0.117820739746094 -0.023468017578125 -0.0501174926757813 -0.0021514892578125
-0.0759124755859375 0.067291259765625 -0.0856857299804688 0.0855178833007812
-0.01361083984375 0.0953826904296875 -0.029541015625 0.1495361328125
0.05499267578125 0.0786895751953125 0.0837249755859375 0.181854248046875
0.085205078125 0.0519638061523437 0.164199829101563 0.156570434570313
0.0713958740234375 0.0546188354492187 0.167327880859375 0.120925903320312
0.0769500732421875 0.0640106201171875 0.142608642578125 0.129913330078125
0.0331497192382813 0.0951309204101562 0.0903472900390625 0.147903442382813
-0.041656494140625 0.0869903564453125 0.0368118286132812 0.105484008789063
-0.09307861328125 0.0271224975585938 0.0213851928710937 0.0704421997070313
-0.0738754272460938 -0.0702667236328125 0.0869598388671875 0.0933074951171875
-0.00865936279296876 -0.118843078613281 0.135498046875 0.227890014648438
0.0498886108398438 -0.0930557250976562 0.00735473632812498 0.4410400390625
0.000885009765625 -0.254486083984375 0.0265579223632812 0.118217468261719
-0.133056640625 -0.204727172851563 0.0246124267578125 0.0361862182617187
-0.210418701171875 -0.07666015625 -0.0383567810058594 -0.0103340148925781
-0.172073364257813 0.083587646484375 -0.0739898681640625 0.0590286254882813
-0.0711669921875 0.160842895507813 -0.0424880981445313 0.108039855957031
0.0587005615234375 0.171737670898438 0.0487823486328125 0.151123046875
0.124252319335937 0.129875183105469 0.122344970703125 0.135231018066406
0.108283996582031 0.12493896484375 0.125297546386719 0.0999069213867188
0.120071411132813 0.143630981445313 0.104072570800781 0.0990829467773438
0.0506134033203125 0.179763793945313 0.0767974853515625 0.106216430664063
-0.0750274658203125 0.168472290039062 0.0398941040039062 0.0565528869628906
-0.166213989257813 0.0768585205078125 0.0434150695800781 0.0379753112792969
-0.172576904296875 -0.106796264648438 0.120468139648437 0.0772171020507812
-0.096893310546875 -0.21099853515625 0.153549194335938 0.210113525390625
0.00643920898437499 -0.217056274414063 0.035736083984375 0.40789794921875
-0.02789306640625 -0.345855712890625 0.0251045227050781 0.0339202880859375
-0.177886962890625 -0.274658203125 0.00443506240844725 -0.00139284133911135
-0.279586791992188 -0.120880126953125 -0.0341434478759766 -0.0169925689697266
-0.250106811523438 0.093353271484375 -0.0530319213867188 0.03167724609375
-0.121185302734375 0.20782470703125 -0.0430793762207031 0.0554122924804688
0.052825927734375 0.240966796875 0.0114669799804687 0.0965042114257813
0.1473388671875 0.188613891601563 0.0640716552734375 0.0927581787109375
0.130340576171875 0.177764892578125 0.0660781860351563 0.0640373229980469
0.149032592773438 0.201431274414063 0.0476226806640625 0.0546531677246094
0.0661163330078125 0.240768432617188 0.0476455688476563 0.0480880737304688
-0.095245361328125 0.232467651367188 0.0309906005859375 -0.00391960144042967
-0.217849731445313 0.12652587890625 0.0594673156738281 -0.00326919555664062
-0.25982666015625 -0.114761352539063 0.142593383789062 0.0504302978515625
-0.184066772460937 -0.2691650390625 0.149322509765625 0.172897338867187
-0.04345703125 -0.3089599609375 0.051055908203125 0.328338623046875
-0.059295654296875 -0.3837890625 0.0235519409179687 -0.073638916015625
-0.20660400390625 -0.301849365234375 -0.0193367004394531 -0.0543479919433594
-0.317840576171875 -0.13812255859375 -0.0292606353759766 -0.0254745483398438
-0.290863037109375 0.097412109375 -0.0284061431884766 -0.000339508056640615
-0.148635864257812 0.227203369140625 -0.0386505126953125 -0.00586318969726562
0.0399017333984375 0.2752685546875 -0.0240917205810547 0.0273494720458985
0.1455078125 0.218521118164063 -0.00352096557617187 0.0337772369384766
0.134429931640625 0.202316284179687 -0.00358772277832031 0.0181941986083985
0.156646728515625 0.229629516601562 -0.0198974609375 0.00334930419921877
0.0740203857421875 0.266403198242187 0.00406455993652344 -0.0179386138916015
-0.10064697265625 0.26531982421875 0.0130691528320312 -0.0697174072265625
-0.237060546875 0.1595458984375 0.0659103393554687 -0.04852294921875
-0.307403564453125 -0.10711669921875 0.143997192382812 0.017181396484375
-0.2425537109375 -0.28594970703125 0.118644714355469 0.119514465332031
-0.085296630859375 -0.35089111328125 0.04937744140625 0.218414306640625
-0.08465576171875 -0.36346435546875 0.0186004638671875 -0.191940307617188
-0.211654663085938 -0.276931762695313 -0.0465011596679688 -0.115737915039063
-0.30584716796875 -0.1220703125 -0.02886962890625 -0.0363349914550781
-0.280288696289063 0.0947113037109375 -0.00114059448242189 -0.0362358093261719
-0.147262573242187 0.20947265625 -0.0291519165039063 -0.0684776306152343
0.0262451171875 0.264984130859375 -0.0548591613769531 -0.0464630126953125
0.122970581054687 0.212875366210937 -0.0688056945800781 -0.0297012329101563
0.11614990234375 0.196975708007813 -0.0728302001953125 -0.0299148559570312
0.135162353515625 0.22283935546875 -0.0853500366210937 -0.0488357543945313
0.0615081787109375 0.2537841796875 -0.0437469482421875 -0.0853424072265625
-0.0987396240234375 0.249313354492188 -0.00804138183593751 -0.126136779785156
-0.221725463867188 0.1549072265625 0.0610809326171875 -0.0905380249023437
-0.297088623046875 -0.094635009765625 0.124954223632812 -0.00981140136718751
-0.245620727539062 -0.260955810546875 0.0676841735839844 0.0617027282714844
-0.101165771484375 -0.337158203125 0.0325393676757813 0.0889129638671875
-0.100494384765625 -0.287445068359375 0.00814819335937502 -0.30047607421875
-0.187942504882812 -0.205291748046875 -0.0714874267578125 -0.17083740234375
-0.24102783203125 -0.079437255859375 -0.0297660827636719 -0.0503692626953125
-0.211212158203125 0.0762786865234375 0.0155372619628906 -0.0682563781738281
-0.1131591796875 0.157424926757813 -0.0226898193359375 -0.115997314453125
0.01336669921875 0.208831787109375 -0.0784149169921875 -0.110923767089844
0.0865478515625 0.172286987304688 -0.119941711425781 -0.0895919799804687
0.080718994140625 0.161697387695313 -0.131126403808594 -0.0752716064453125
0.09466552734375 0.184417724609375 -0.137275695800781 -0.0968551635742187
0.03192138671875 0.198974609375 -0.0826187133789063 -0.138893127441406
-0.0902252197265625 0.186721801757813 -0.0225677490234375 -0.167953491210938
-0.173171997070313 0.10443115234375 0.0597000122070312 -0.116447448730469
-0.222610473632813 -0.080780029296875 0.0985565185546875 -0.0229339599609375
-0.190658569335938 -0.201934814453125 0.0144252777099609 0.00699901580810546
-0.090423583984375 -0.267288208007813 0.0143394470214844 -0.0294208526611328
-0.105026245117187 -0.164596557617188 -0.00567626953125002 -0.3809814453125
-0.136062622070312 -0.105499267578125 -0.0893402099609375 -0.214370727539063
-0.137649536132813 -0.0206146240234375 -0.0373077392578125 -0.0608139038085938
-0.110763549804687 0.0507736206054688 0.0204696655273437 -0.089141845703125
-0.0588607788085938 0.0834503173828125 -0.0175857543945312 -0.138031005859375
-0.000465393066406246 0.116806030273437 -0.090850830078125 -0.150543212890625
0.0330734252929687 0.105117797851563 -0.154449462890625 -0.129547119140625
0.0335235595703125 0.102500915527344 -0.167816162109375 -0.108749389648438
0.0382614135742188 0.119575500488281 -0.166519165039063 -0.133987426757813
-0.00402832031249999 0.118782043457031 -0.102813720703125 -0.179519653320313
-0.0759506225585938 0.0962600708007813 -0.0203399658203125 -0.186798095703125
-0.103179931640625 0.0362167358398437 0.0616912841796875 -0.123756408691406
-0.113006591796875 -0.0633010864257813 0.0751190185546875 -0.0270843505859375
-0.102836608886719 -0.114784240722656 -0.0214710235595703 -0.0317935943603516
-0.0644073486328125 -0.157852172851563 0.00313568115234376 -0.121437072753906
-0.0926437377929688 -0.0224533081054688 -0.02679443359375 -0.426361083984375
-0.0686531066894531 0.00722503662109375 -0.108734130859375 -0.239913940429688
-0.0251350402832031 0.0397300720214844 -0.0556488037109375 -0.0622444152832031
-0.000587463378906252 0.0179862976074219 0.00869750976562501 -0.0876235961914063
0.0018545389175415 0.000203490257263184 -0.0179977416992188 -0.131973266601562
-0.0141429901123047 0.0142621994018555 -0.0936431884765625 -0.157012939453125
-0.0206260681152344 0.0237808227539063 -0.164749145507813 -0.144866943359375
-0.0155258178710938 0.0262527465820313 -0.17889404296875 -0.125747680664062
-0.022857666015625 0.0368156433105469 -0.170822143554688 -0.15557861328125
-0.0374984741210938 0.0206069946289062 -0.101699829101562 -0.197738647460938
-0.04400634765625 -0.00501632690429688 -0.00755310058593751 -0.183258056640625
-0.0190162658691406 -0.0275230407714844 0.0707244873046875 -0.114021301269531
0.00256156921386719 -0.0263862609863281 0.0599822998046875 -0.0210075378417969
-0.0115413665771484 -0.00570297241210937 -0.03570556640625 -0.0541725158691406
-0.0334415435791016 -0.01959228515625 0.000274658203124999 -0.174331665039063
0.0248870849609375 -0.125 0.038909912109375 0.171783447265625
-0.0749130249023437 -0.104637145996094 0.0402946472167969 0.0577812194824219
-0.1148681640625 -0.018218994140625 -0.0476951599121094 -0.00107955932617187
-0.0720901489257813 0.0664749145507813 -0.0824661254882813 0.0872039794921875
-0.0116119384765625 0.0930938720703125 -0.025970458984375 0.149993896484375
0.0570831298828125 0.0747451782226563 0.087310791015625 0.179428100585938
0.0857009887695313 0.047454833984375 0.170547485351563 0.151260375976562
0.0723114013671875 0.0489273071289062 0.170166015625 0.116073608398438
0.0789031982421875 0.0584716796875 0.146575927734375 0.126678466796875
0.037628173828125 0.0903396606445312 0.096343994140625 0.145782470703125
-0.03619384765625 0.0870285034179687 0.0399398803710937 0.103752136230469
-0.0898590087890625 0.03167724609375 0.024169921875 0.0703964233398437
-0.0767974853515625 -0.0670623779296875 0.0893783569335938 0.090057373046875
-0.01495361328125 -0.116157531738281 0.142623901367188 0.22576904296875
0.0425643920898438 -0.092803955078125 0.019622802734375 0.443511962890625
-0.00741577148437498 -0.253036499023438 0.0317916870117188 0.126686096191406
-0.13592529296875 -0.19757080078125 0.0264511108398437 0.0416831970214844
-0.209136962890625 -0.070831298828125 -0.0382232666015625 -0.00849151611328126
-0.1671142578125 0.08843994140625 -0.071746826171875 0.0628738403320313
-0.0659942626953125 0.161590576171875 -0.0384674072265625 0.110618591308594
0.064453125 0.169509887695313 0.053314208984375 0.150527954101563
0.129379272460938 0.125022888183594 0.128707885742187 0.131881713867188
0.11285400390625 0.120162963867188 0.130699157714844 0.0965194702148438
0.125343322753906 0.138053894042969 0.107513427734375 0.0993499755859375
0.0575103759765625 0.17626953125 0.0807571411132813 0.104415893554688
-0.0687408447265625 0.17205810546875 0.0397491455078125 0.0560264587402344
-0.163681030273438 0.0839691162109375 0.0440559387207031 0.0391273498535156
-0.177719116210938 -0.0990447998046875 0.121833801269531 0.0733489990234375
-0.107254028320313 -0.20623779296875 0.157150268554688 0.2080078125
-0.00181579589843749 -0.218399047851563 0.045166015625 0.408111572265625
-0.038604736328125 -0.34429931640625 0.0260047912597656 0.0425987243652344
-0.183517456054687 -0.266311645507813 0.00506973266601561 0.00450992584228514
-0.282379150390625 -0.113311767578125 -0.032552719116211 -0.0145206451416016
-0.246078491210937 0.101730346679688 -0.052764892578125 0.03350830078125
-0.11431884765625 0.210342407226563 -0.0425567626953125 0.0580024719238281
0.062164306640625 0.239669799804687 0.0159149169921875 0.0988616943359375
0.152877807617188 0.183517456054688 0.0689697265625 0.091552734375
0.137451171875 0.173538208007813 0.0711288452148438 0.0631256103515625
0.156768798828125 0.196258544921875 0.0509719848632813 0.0568923950195313
0.075775146484375 0.238143920898438 0.0499687194824219 0.0469017028808594
-0.08544921875 0.238311767578125 0.0305805206298828 -0.00415802001953123
-0.215087890625 0.136978149414063 0.05810546875 -0.00201797485351562
-0.265914916992188 -0.106185913085938 0.141586303710937 0.04730224609375
-0.19586181640625 -0.262771606445313 0.151748657226562 0.169647216796875
-0.0545654296875 -0.30975341796875 0.059234619140625 0.32763671875
-0.070831298828125 -0.383514404296875 0.0202522277832031 -0.0671615600585938
-0.214385986328125 -0.2943115234375 -0.021820068359375 -0.0485801696777344
-0.32080078125 -0.12896728515625 -0.0308074951171875 -0.0225448608398438
-0.288543701171875 0.108642578125 -0.0269927978515625 0.00136184692382813
-0.142257690429688 0.232025146484375 -0.0379600524902344 -0.00378799438476561
0.0524749755859375 0.276321411132813 -0.0214767456054688 0.0303783416748047
0.154144287109375 0.214706420898438 0.000553131103515636 0.0359001159667969
0.141983032226563 0.198959350585938 0.000633239746093757 0.0196418762207031
0.16510009765625 0.224685668945313 -0.0173130035400391 0.00708103179931642
0.0828857421875 0.264785766601563 0.00484466552734375 -0.0180473327636719
-0.0898590087890625 0.27099609375 0.0103797912597656 -0.0678443908691406
-0.233078002929687 0.171173095703125 0.0624732971191406 -0.0486831665039062
-0.314971923828125 -0.096221923828125 0.142608642578125 0.0154266357421875
-0.253585815429687 -0.278396606445312 0.118896484375 0.116989135742188
-0.0950927734375 -0.35174560546875 0.0527496337890625 0.214797973632813
-0.09527587890625 -0.363861083984375 0.01068115234375 -0.185623168945313
-0.220809936523438 -0.272659301757813 -0.05194091796875 -0.109100341796875
-0.31048583984375 -0.114349365234375 -0.0307369232177735 -0.0344066619873047
-0.279052734375 0.104415893554687 -0.00268936157226565 -0.0351943969726562
-0.140640258789063 0.216079711914063 -0.03082275390625 -0.0662155151367187
0.0380401611328125 0.266159057617188 -0.0554847717285156 -0.0432701110839844
0.133834838867188 0.210067749023438 -0.0665779113769531 -0.0268516540527344
0.124603271484375 0.195999145507813 -0.07061767578125 -0.0268020629882812
0.146652221679688 0.220733642578125 -0.0847244262695312 -0.0428543090820313
0.0727691650390625 0.250869750976562 -0.0455780029296875 -0.0820770263671875
-0.0888519287109375 0.2559814453125 -0.013214111328125 -0.12554931640625
-0.218673706054688 0.164443969726563 0.0580520629882812 -0.0891799926757812
-0.302459716796875 -0.08416748046875 0.123794555664062 -0.010589599609375
-0.255844116210937 -0.254837036132813 0.065093994140625 0.0596923828125
-0.109832763671875 -0.33746337890625 0.0322265625 0.0869522094726562
-0.109222412109375 -0.286651611328125 -0.00170898437500001 -0.2952880859375
-0.19378662109375 -0.202667236328125 -0.0783843994140625 -0.165695190429688
-0.245407104492188 -0.0736846923828125 -0.0324974060058594 -0.0461235046386719
-0.21453857421875 0.0849609375 0.0145645141601562 -0.0682563781738281
-0.109390258789063 0.164566040039063 -0.0239181518554688 -0.113739013671875
0.0213165283203125 0.211151123046875 -0.082000732421875 -0.106010437011719
0.0934906005859375 0.172164916992187 -0.121299743652344 -0.083770751953125
0.087799072265625 0.161285400390625 -0.129768371582031 -0.0700607299804688
0.103073120117187 0.184188842773438 -0.139633178710937 -0.0899581909179688
0.0419158935546875 0.200546264648438 -0.08538818359375 -0.13568115234375
-0.0851287841796875 0.193496704101562 -0.029144287109375 -0.16552734375
-0.173538208007813 0.113296508789062 0.0553436279296875 -0.115745544433594
-0.229690551757813 -0.0763397216796875 0.0966644287109375 -0.0252151489257813
-0.197296142578125 -0.1983642578125 0.0116434097290039 0.00877761840820311
-0.096038818359375 -0.269073486328125 0.009796142578125 -0.0323371887207031
-0.106842041015625 -0.167892456054687 -0.017333984375 -0.3792724609375
-0.139167785644531 -0.104591369628906 -0.09906005859375 -0.211624145507813
-0.142257690429687 -0.019256591796875 -0.0401954650878906 -0.0570793151855469
-0.11279296875 0.0528488159179688 0.0169754028320312 -0.0874176025390625
-0.0580825805664062 0.08709716796875 -0.0201873779296875 -0.136131286621094
0.0047760009765625 0.121528625488281 -0.0948333740234375 -0.144638061523438
0.0406341552734375 0.107643127441406 -0.157058715820313 -0.124465942382812
0.0387039184570313 0.103202819824219 -0.16802978515625 -0.102584838867187
0.0440750122070312 0.120880126953125 -0.1700439453125 -0.12738037109375
0.000877380371093738 0.121543884277344 -0.10772705078125 -0.174087524414063
-0.0727615356445312 0.101081848144531 -0.0271148681640625 -0.184661865234375
-0.105873107910156 0.0419235229492187 0.0578079223632813 -0.12396240234375
-0.119537353515625 -0.0613479614257813 0.0744094848632813 -0.0272216796875
-0.106430053710938 -0.113327026367187 -0.0250644683837891 -0.0310935974121094
-0.065704345703125 -0.160263061523438 -0.00335693359375001 -0.126091003417969
-0.0890045166015625 -0.023193359375 -0.036865234375 -0.427398681640625
-0.0673179626464844 0.00466537475585939 -0.118392944335937 -0.236602783203125
-0.0258445739746094 0.0362434387207031 -0.0586776733398438 -0.0590896606445312
-0.00240707397460938 0.01800537109375 0.00453948974609376 -0.0886001586914063
-0.00122678279876709 0.00138986110687256 -0.0210113525390625 -0.130943298339844
-0.0119991302490234 0.0163660049438477 -0.0976104736328125 -0.153900146484375
-0.0179290771484375 0.0259799957275391 -0.167922973632813 -0.140426635742188
-0.0147972106933594 0.0285720825195312 -0.181488037109375 -0.120712280273437
-0.0199623107910156 0.03924560546875 -0.174957275390625 -0.150344848632812
-0.0354881286621094 0.0258216857910156 -0.10760498046875 -0.192657470703125
-0.0450630187988281 -3.81469726562017E-06 -0.0137176513671875 -0.182113647460938
-0.0223236083984375 -0.0260448455810547 0.0652008056640625 -0.115806579589844
-0.000761032104492189 -0.0281181335449219 0.0578727722167969 -0.0213775634765625
-0.0119171142578125 -0.008880615234375 -0.0394210815429688 -0.0550498962402344
-0.0326290130615234 -0.0245037078857422 -0.00915527343750001 -0.180816650390625
0.0237503051757812 -0.12481689453125 0.044586181640625 0.181350708007812
-0.0755081176757813 -0.101226806640625 0.0447196960449219 0.0624198913574219
-0.114906311035156 -0.0175552368164062 -0.0465660095214844 -0.000583648681640632
-0.0704193115234375 0.0661163330078125 -0.0819854736328125 0.0898208618164063
-0.0098724365234375 0.0923919677734375 -0.024810791015625 0.152023315429688
0.0587310791015625 0.0733642578125 0.090728759765625 0.181930541992188
0.0871429443359375 0.0461883544921875 0.17608642578125 0.152130126953125
0.0735931396484375 0.0464401245117188 0.1754150390625 0.11669921875
0.0805587768554688 0.0549087524414063 0.1512451171875 0.129302978515625
0.0404586791992188 0.0886764526367188 0.09979248046875 0.146774291992188
-0.03326416015625 0.0890960693359375 0.0409088134765625 0.105598449707031
-0.089080810546875 0.0347061157226562 0.025238037109375 0.0722579956054688
-0.0779876708984375 -0.0655288696289063 0.0919113159179688 0.0895614624023438
-0.0191116333007812 -0.115043640136719 0.146194458007812 0.228729248046875
0.0391387939453125 -0.092803955078125 0.0250244140625 0.452484130859375
-0.010467529296875 -0.255264282226563 0.0355987548828125 0.136215209960937
-0.139694213867187 -0.1954345703125 0.0295982360839844 0.0474090576171875
-0.211441040039063 -0.06951904296875 -0.037872314453125 -0.00755691528320313
-0.168228149414063 0.0915069580078125 -0.0719528198242188 0.064361572265625
-0.064117431640625 0.16387939453125 -0.03790283203125 0.113052368164063
0.069061279296875 0.169342041015625 0.0564727783203125 0.1536865234375
0.133148193359375 0.1243896484375 0.134040832519531 0.133110046386719
0.116500854492188 0.11932373046875 0.13592529296875 0.0972824096679688
0.130096435546875 0.136245727539063 0.111824035644531 0.101699829101563
0.06341552734375 0.176177978515625 0.0832443237304687 0.105239868164063
-0.064788818359375 0.176620483398438 0.0395622253417969 0.0574684143066406
-0.164825439453125 0.0891571044921875 0.0448455810546875 0.0415725708007813
-0.183181762695313 -0.0974578857421875 0.123054504394531 0.073028564453125
-0.114395141601563 -0.207199096679688 0.160202026367188 0.211776733398438
-0.00679016113281252 -0.221527099609375 0.050537109375 0.41546630859375
-0.043548583984375 -0.349151611328125 0.0284576416015625 0.0516014099121094
-0.188949584960937 -0.265289306640625 0.00635814666748046 0.0110034942626953
-0.286956787109375 -0.111572265625 -0.0323410034179688 -0.0131969451904297
-0.24835205078125 0.1068115234375 -0.0523109436035156 0.036407470703125
-0.112136840820313 0.215728759765625 -0.0422134399414063 0.0604400634765625
0.0677490234375 0.242538452148438 0.0182113647460938 0.102569580078125
0.159683227539063 0.185012817382813 0.0738525390625 0.0933837890625
0.143936157226563 0.173370361328125 0.075592041015625 0.06365966796875
0.163543701171875 0.195953369140625 0.0538749694824219 0.0597610473632813
0.083038330078125 0.23828125 0.0516891479492188 0.0473594665527344
-0.081085205078125 0.2449951171875 0.0292949676513672 -0.00332641601562499
-0.2159423828125 0.14447021484375 0.0592689514160156 -0.000133514404296866
-0.273574829101563 -0.103790283203125 0.143096923828125 0.0469207763671875
-0.204788208007812 -0.264144897460938 0.153884887695313 0.173355102539063
-0.059417724609375 -0.315673828125 0.061492919921875 0.33233642578125
-0.0755615234375 -0.389892578125 0.0201339721679688 -0.0600128173828125
-0.2210693359375 -0.295318603515625 -0.0230216979980469 -0.0424079895019532
-0.328826904296875 -0.128173828125 -0.0307445526123047 -0.0201263427734375
-0.2930908203125 0.11517333984375 -0.0277214050292969 0.00324630737304688
-0.140731811523438 0.23876953125 -0.0391159057617188 -0.00237655639648437
0.0594024658203125 0.280746459960938 -0.0201625823974609 0.0338973999023438
0.162734985351563 0.21612548828125 0.00362396240234376 0.03753662109375
0.149154663085938 0.20098876953125 0.00401687622070314 0.0205039978027344
0.173782348632812 0.225753784179687 -0.0155134201049805 0.0108366012573242
0.0914459228515625 0.266372680664063 0.00494575500488282 -0.0177860260009765
-0.0858306884765625 0.280303955078125 0.00810241699218749 -0.0675849914550781
-0.235641479492188 0.179702758789062 0.0627517700195312 -0.0462112426757812
-0.3231201171875 -0.0941162109375 0.142959594726562 0.015289306640625
-0.262954711914063 -0.279495239257812 0.11895751953125 0.119125366210938
-0.099578857421875 -0.359344482421875 0.0537109375 0.217315673828125
-0.100738525390625 -0.37078857421875 0.0084075927734375 -0.182144165039063
-0.227157592773438 -0.275146484375 -0.0550918579101562 -0.104652404785156
-0.318572998046875 -0.114013671875 -0.0316238403320313 -0.0319290161132813
-0.2830810546875 0.111297607421875 -0.00361824035644533 -0.0341453552246094
-0.140472412109375 0.224700927734375 -0.0321769714355469 -0.0652503967285156
0.0452728271484375 0.272476196289063 -0.0555686950683594 -0.0403976440429687
0.141632080078125 0.21392822265625 -0.0657424926757812 -0.024871826171875
0.131210327148438 0.198394775390625 -0.06884765625 -0.0254096984863281
0.154739379882812 0.223556518554687 -0.08514404296875 -0.0398178100585938
0.07958984375 0.254180908203125 -0.0458755493164062 -0.0814666748046875
-0.0854644775390625 0.265396118164063 -0.0163345336914063 -0.124931335449219
-0.221298217773438 0.172836303710938 0.05828857421875 -0.087921142578125
-0.311614990234375 -0.08197021484375 0.124076843261719 -0.0104751586914063
-0.263504028320313 -0.255874633789063 0.0638809204101562 0.0622406005859375
-0.11407470703125 -0.346099853515625 0.0301895141601562 0.086822509765625
-0.112518310546875 -0.29443359375 -0.00680541992187501 -0.29620361328125
-0.198867797851562 -0.20782470703125 -0.0834503173828125 -0.164459228515625
-0.252716064453125 -0.0750885009765625 -0.0341949462890625 -0.0454368591308594
-0.218856811523437 0.0905609130859375 0.0129127502441406 -0.0676193237304688
-0.110565185546875 0.171112060546875 -0.0253829956054688 -0.114410400390625
0.0279693603515625 0.217071533203125 -0.0821914672851563 -0.104324340820312
0.100814819335938 0.175949096679688 -0.123664855957031 -0.0825576782226562
0.09393310546875 0.165313720703125 -0.129905700683594 -0.0689773559570312
0.110061645507813 0.188522338867188 -0.140716552734375 -0.087127685546875
0.04656982421875 0.204376220703125 -0.0878067016601563 -0.1351318359375
-0.0835418701171875 0.201766967773438 -0.0325164794921875 -0.165771484375
-0.177505493164063 0.12091064453125 0.05401611328125 -0.114814758300781
-0.23699951171875 -0.0750732421875 0.0982894897460937 -0.025482177734375
-0.204803466796875 -0.200439453125 0.00988101959228515 0.0091266632080078
-0.0987548828125 -0.27764892578125 0.00623321533203125 -0.0362663269042969
-0.108932495117188 -0.173568725585937 -0.023681640625 -0.383697509765625
-0.142990112304687 -0.108489990234375 -0.1058349609375 -0.212112426757812
-0.146026611328125 -0.0206451416015625 -0.0431976318359375 -0.0556144714355469
-0.11737060546875 0.0571670532226562 0.0153961181640625 -0.0877685546875
-0.0596466064453125 0.091461181640625 -0.0217208862304688 -0.137802124023438
0.0086822509765625 0.126663208007813 -0.097198486328125 -0.144515991210937
0.0455245971679688 0.110336303710938 -0.16070556640625 -0.124252319335938
0.0430755615234375 0.106742858886719 -0.170074462890625 -0.102813720703125
0.0486526489257813 0.126045227050781 -0.173126220703125 -0.126739501953125
0.0040130615234375 0.125442504882813 -0.110443115234375 -0.174118041992187
-0.07220458984375 0.107063293457031 -0.0317840576171875 -0.185928344726563
-0.110214233398438 0.046356201171875 0.0563735961914062 -0.122970581054688
-0.124862670898438 -0.0616226196289063 0.0749969482421875 -0.0275039672851563
-0.110176086425781 -0.116539001464844 -0.0275745391845703 -0.0322742462158203
-0.0658721923828125 -0.16705322265625 -0.0093994140625 -0.132438659667969
-0.0884780883789062 -0.026031494140625 -0.044097900390625 -0.433624267578125
-0.0683326721191406 0.00156402587890626 -0.126861572265625 -0.240631103515625
-0.0262851715087891 0.03448486328125 -0.0614738464355469 -0.0588569641113281
-0.00520896911621094 0.0187301635742187 0.00315856933593751 -0.0888748168945313
-0.00325441360473633 0.00260758399963379 -0.02142333984375 -0.131980895996094
-0.0115394592285156 0.0199928283691406 -0.0995635986328125 -0.155227661132813
-0.0155124664306641 0.0285835266113281 -0.17352294921875 -0.141799926757813
-0.0133171081542969 0.0313510894775391 -0.184799194335938 -0.121078491210938
-0.0184440612792969 0.0433616638183594 -0.179641723632812 -0.150070190429688
-0.0341625213623047 0.0293674468994141 -0.110977172851563 -0.192626953125
-0.0465774536132813 0.00288772583007812 -0.01702880859375 -0.18377685546875
-0.0258197784423828 -0.0241622924804687 0.0634078979492188 -0.116973876953125
-0.00417709350585938 -0.0293159484863281 0.0586967468261719 -0.0219306945800781
-0.0132455825805664 -0.0119533538818359 -0.0428276062011719 -0.0568199157714844
-0.0309848785400391 -0.0301589965820312 -0.015533447265625 -0.18890380859375
0.0232391357421875 -0.1275634765625 0.0515899658203125 0.19439697265625
-0.0777969360351563 -0.0999374389648438 0.0506820678710937 0.0684585571289063
-0.1168212890625 -0.0160064697265625 -0.046630859375 -0.000823974609375004
-0.0708541870117188 0.0681991577148438 -0.0834503173828125 0.094024658203125
-0.0081939697265625 0.0941009521484375 -0.0238494873046875 0.158905029296875
0.0619354248046875 0.0732345581054687 0.096588134765625 0.1873779296875
0.0910568237304688 0.0452880859375 0.186477661132813 0.156234741210938
0.0764312744140625 0.0448379516601563 0.184463500976563 0.119583129882813
0.084320068359375 0.0522994995117188 0.159423828125 0.133346557617188
0.044097900390625 0.0883560180664063 0.10577392578125 0.151092529296875
-0.0309219360351563 0.0926589965820313 0.0431365966796875 0.109359741210938
-0.090179443359375 0.0378570556640625 0.0274734497070312 0.0756683349609375
-0.0820159912109375 -0.0653152465820313 0.0951156616210938 0.091278076171875
-0.023651123046875 -0.116477966308594 0.155410766601563 0.239028930664063
0.0366668701171875 -0.0944290161132812 0.03173828125 0.47161865234375
-0.01416015625 -0.263381958007813 0.0411224365234375 0.148712158203125
-0.145706176757812 -0.197463989257813 0.0337600708007813 0.0545883178710937
-0.2191162109375 -0.0691375732421875 -0.0380134582519531 -0.00690078735351564
-0.17205810546875 0.096649169921875 -0.0738449096679688 0.06854248046875
-0.0630950927734375 0.170028686523438 -0.0386734008789063 0.118309020996094
0.0750732421875 0.173324584960938 0.06134033203125 0.160110473632812
0.1414794921875 0.1263427734375 0.142364501953125 0.137496948242188
0.123855590820312 0.120460510253906 0.14447021484375 0.099334716796875
0.137382507324219 0.137680053710938 0.118995666503906 0.106300354003906
0.07000732421875 0.179489135742188 0.0887222290039063 0.108261108398438
-0.0625 0.185775756835937 0.0404891967773438 0.0595932006835938
-0.1685791015625 0.0974884033203125 0.04754638671875 0.0440330505371094
-0.192626953125 -0.0980682373046875 0.127037048339844 0.0746078491210938
-0.12506103515625 -0.21185302734375 0.168350219726563 0.220733642578125
-0.01202392578125 -0.230438232421875 0.056488037109375 0.432647705078125
-0.049468994140625 -0.361419677734375 0.0312576293945313 0.0613136291503906
-0.197463989257813 -0.271224975585937 0.00829219818115233 0.0173292160034179
-0.29913330078125 -0.112548828125 -0.0329017639160156 -0.0121326446533203
-0.256179809570313 0.114852905273438 -0.0538978576660156 0.0391387939453125
-0.112411499023437 0.225692749023438 -0.0434799194335938 0.0635452270507813
0.0767974853515625 0.250762939453125 0.021240234375 0.108131408691406
0.170394897460938 0.189117431640625 0.0795211791992188 0.0966567993164063
0.152679443359375 0.176910400390625 0.0825653076171875 0.0648956298828125
0.174331665039062 0.200180053710938 0.0589447021484375 0.0644111633300781
0.0919952392578125 0.244888305664063 0.05487060546875 0.0491409301757813
-0.0778961181640625 0.25860595703125 0.0288276672363281 -0.00222778320312498
-0.220947265625 0.155654907226562 0.0616416931152344 0.00145339965820313
-0.28802490234375 -0.104217529296875 0.147628784179687 0.0471649169921875
-0.219100952148438 -0.270721435546875 0.160247802734375 0.18072509765625
-0.066009521484375 -0.32891845703125 0.06622314453125 0.34552001953125
-0.08233642578125 -0.40509033203125 0.0204811096191406 -0.0555686950683594
-0.2322998046875 -0.30340576171875 -0.0237579345703125 -0.0376625061035156
-0.344207763671875 -0.130035400390625 -0.0315189361572266 -0.0193233489990234
-0.301788330078125 0.12579345703125 -0.0288276672363281 0.00544929504394532
-0.141876220703125 0.251251220703125 -0.0403900146484375 -0.00102233886718749
0.06878662109375 0.290191650390625 -0.0193557739257813 0.0384521484375
0.175582885742188 0.223037719726563 0.00712966918945313 0.0400505065917969
0.160064697265625 0.206436157226563 0.00754928588867188 0.0216407775878906
0.186477661132813 0.232635498046875 -0.0137453079223633 0.0144357681274414
0.101654052734375 0.274459838867188 0.00592994689941407 -0.0181865692138672
-0.082855224609375 0.295379638671875 0.00529861450195311 -0.0678176879882812
-0.241668701171875 0.193191528320312 0.0651473999023437 -0.0464591979980469
-0.339874267578125 -0.09326171875 0.147445678710938 0.0150909423828125
-0.27899169921875 -0.286834716796875 0.122001647949219 0.12518310546875
-0.10791015625 -0.375152587890625 0.0552825927734375 0.224945068359375
-0.1068115234375 -0.386383056640625 0.00604248046874998 -0.183380126953125
-0.238983154296875 -0.283477783203125 -0.0583572387695313 -0.102378845214844
-0.3349609375 -0.116302490234375 -0.0326251983642578 -0.031118392944336
-0.294464111328125 0.12261962890625 -0.00449180603027346 -0.0333938598632812
-0.14263916015625 0.237258911132813 -0.0336265563964844 -0.0665702819824219
0.054229736328125 0.282501220703125 -0.0562095642089844 -0.0385704040527344
0.154449462890625 0.220748901367187 -0.066253662109375 -0.0236320495605469
0.142852783203125 0.20489501953125 -0.0685234069824219 -0.0258598327636719
0.167816162109375 0.230789184570313 -0.0868606567382812 -0.0376663208007812
0.0885772705078125 0.263168334960938 -0.0486373901367187 -0.08355712890625
-0.0832366943359375 0.280014038085937 -0.0206069946289063 -0.126823425292969
-0.228164672851563 0.18548583984375 0.0599822998046875 -0.088958740234375
-0.327362060546875 -0.08160400390625 0.128311157226562 -0.0112686157226563
-0.279159545898437 -0.26416015625 0.0643081665039063 0.065216064453125
-0.1209716796875 -0.3621826171875 0.02874755859375 0.0892333984375
-0.117828369140625 -0.307586669921875 -0.010498046875 -0.303497314453125
-0.209518432617188 -0.21527099609375 -0.0897674560546875 -0.16558837890625
-0.265762329101563 -0.0771331787109375 -0.0370521545410156 -0.0450630187988281
-0.228775024414063 0.0996551513671875 0.0118179321289062 -0.0687942504882813
-0.113189697265625 0.1824951171875 -0.0277099609375 -0.11773681640625
0.034637451171875 0.227005004882813 -0.084930419921875 -0.105415344238281
0.110565185546875 0.18255615234375 -0.12762451171875 -0.0833816528320313
0.103103637695312 0.17193603515625 -0.132781982421875 -0.070587158203125
0.120986938476563 0.196548461914063 -0.14581298828125 -0.0869140625
0.053497314453125 0.212432861328125 -0.0921096801757813 -0.138603210449219
-0.0821075439453125 0.214691162109375 -0.0372314453125 -0.169952392578125
-0.184188842773438 0.1302490234375 0.0555572509765625 -0.117324829101562
-0.25054931640625 -0.0757598876953125 0.100906372070312 -0.0262374877929688
-0.216323852539063 -0.207534790039063 0.00687408447265624 0.0102386474609375
-0.103759765625 -0.29327392578125 0.00209045410156249 -0.0393753051757813
-0.11248779296875 -0.183349609375 -0.031585693359375 -0.3970947265625
-0.149703979492187 -0.114120483398438 -0.114654541015625 -0.217498779296875
-0.153518676757812 -0.022857666015625 -0.0466995239257812 -0.0563087463378906
-0.124214172363281 0.0624313354492187 0.0134429931640625 -0.0901718139648437
-0.0628128051757813 0.0990829467773437 -0.0235748291015625 -0.141799926757813
0.0130691528320312 0.134193420410156 -0.101730346679688 -0.148208618164063
0.0515060424804688 0.115913391113281 -0.167739868164063 -0.126876831054688
0.0494613647460937 0.112327575683594 -0.1766357421875 -0.10528564453125
0.0553665161132812 0.133041381835938 -0.180938720703125 -0.127960205078125
0.00835418701171874 0.132637023925781 -0.116134643554687 -0.178512573242188
-0.0732879638671875 0.116127014160156 -0.0359344482421875 -0.190948486328125
-0.116020202636719 0.051910400390625 0.05780029296875 -0.127449035644531
-0.133453369140625 -0.0634918212890625 0.0774993896484375 -0.029083251953125
-0.117050170898438 -0.1226806640625 -0.0317707061767578 -0.0339393615722656
-0.06866455078125 -0.1793212890625 -0.015411376953125 -0.141128540039063
-0.0895767211914063 -0.02899169921875 -0.052734375 -0.450347900390625
-0.070648193359375 -0.000877380371093754 -0.136322021484375 -0.248382568359375
-0.0270233154296875 0.0333003997802734 -0.0661582946777344 -0.0596466064453125
-0.00736427307128906 0.0202312469482422 0.001678466796875 -0.0911331176757812
-0.00519609451293945 0.00515413284301758 -0.0232620239257813 -0.136283874511719
-0.0111618041992187 0.0238246917724609 -0.104888916015625 -0.160079956054688
-0.0141696929931641 0.0309371948242187 -0.183013916015625 -0.145919799804688
-0.0113754272460938 0.0353965759277344 -0.193527221679687 -0.12396240234375
-0.0164146423339844 0.0486412048339844 -0.18865966796875 -0.153564453125
-0.0335540771484375 0.033477783203125 -0.11798095703125 -0.197372436523438
-0.0484390258789063 0.00658035278320313 -0.0208282470703125 -0.189651489257813
-0.0299243927001953 -0.022674560546875 0.0641098022460938 -0.12091064453125
-0.00746726989746094 -0.0313529968261719 0.0611839294433594 -0.0230216979980469
-0.0144357681274414 -0.0152168273925781 -0.0475234985351563 -0.0607032775878906
-0.0312919616699219 -0.0356407165527344 -0.022186279296875 -0.20025634765625
0.0199432373046875 -0.133186340332031 0.0635528564453125 0.209457397460937
-0.0832977294921875 -0.0993270874023438 0.0585784912109375 0.0747451782226562
-0.122207641601563 -0.0128402709960938 -0.0481491088867188 0.000297546386718751
-0.0713348388671875 0.0724334716796875 -0.0851211547851563 0.101303100585938
-0.00525665283203126 0.0977249145507813 -0.0210723876953125 0.168060302734375
0.067352294921875 0.0728378295898437 0.107818603515625 0.194931030273438
0.0973892211914063 0.0426788330078125 0.201705932617188 0.158248901367188
0.0809707641601563 0.04241943359375 0.198928833007813 0.119140625
0.0894622802734375 0.0492706298828125 0.173919677734375 0.1370849609375
0.0501937866210938 0.0886764526367188 0.11590576171875 0.156326293945313
-0.0266647338867187 0.0979537963867188 0.04833984375 0.114730834960938
-0.0925064086914063 0.0433502197265625 0.031768798828125 0.0799636840820313
-0.0886459350585938 -0.0652084350585937 0.102386474609375 0.0935440063476563
-0.0314254760742187 -0.119560241699219 0.172454833984375 0.249191284179687
0.033447265625 -0.0982131958007813 0.048828125 0.498321533203125
-0.0233306884765625 -0.27618408203125 0.051116943359375 0.162765502929687
-0.158035278320312 -0.199752807617188 0.039947509765625 0.0619087219238281
-0.2322998046875 -0.065582275390625 -0.0392494201660156 -0.00633239746093751
-0.177230834960938 0.106826782226563 -0.0745925903320313 0.0749893188476563
-0.0598907470703125 0.180282592773438 -0.0377120971679688 0.12664794921875
0.0865020751953125 0.177993774414062 0.070159912109375 0.168014526367188
0.15509033203125 0.126998901367188 0.1571044921875 0.140609741210938
0.134544372558594 0.120536804199219 0.157196044921875 0.0995635986328125
0.151092529296875 0.138015747070313 0.131370544433594 0.109550476074219
0.0818634033203125 0.184402465820313 0.0970611572265625 0.111259460449219
-0.0566253662109375 0.198196411132812 0.0432968139648438 0.0627822875976563
-0.173065185546875 0.109832763671875 0.0523109436035156 0.0461997985839844
-0.208282470703125 -0.0966339111328125 0.135505676269531 0.0748443603515625
-0.141128540039063 -0.217361450195312 0.18450927734375 0.23028564453125
-0.0215301513671875 -0.242355346679688 0.0732421875 0.455841064453125
-0.063140869140625 -0.379119873046875 0.0368499755859375 0.0715179443359375
-0.215835571289062 -0.27642822265625 0.0117835998535156 0.0240707397460937
-0.318756103515625 -0.1102294921875 -0.0338859558105469 -0.0116462707519531
-0.264419555664063 0.130096435546875 -0.0554618835449219 0.0441551208496094
-0.11016845703125 0.241958618164062 -0.0446548461914063 0.0691871643066406
0.0919952392578125 0.259628295898438 0.0271682739257813 0.115554809570313
0.188827514648438 0.19232177734375 0.0897064208984375 0.0999526977539063
0.168746948242188 0.180618286132813 0.090850830078125 0.065277099609375
0.193695068359375 0.203292846679688 0.0666275024414063 0.068359375
0.107513427734375 0.252914428710937 0.0594520568847656 0.0497932434082031
-0.070281982421875 0.277069091796875 0.0286540985107422 -0.0011920928955078
-0.227783203125 0.1737060546875 0.0662155151367187 0.00109481811523439
-0.30908203125 -0.100494384765625 0.1553955078125 0.045806884765625
-0.242324829101562 -0.277252197265625 0.172958374023437 0.188064575195312
-0.080718994140625 -0.34674072265625 0.0792236328125 0.363067626953125
-0.098236083984375 -0.42510986328125 0.021087646484375 -0.0517578125
-0.253326416015625 -0.3111572265625 -0.0241355895996094 -0.0333614349365235
-0.367919921875 -0.12738037109375 -0.0327072143554688 -0.0185279846191406
-0.31390380859375 0.14404296875 -0.0304718017578125 0.00780677795410158
-0.140823364257812 0.271331787109375 -0.0433197021484375 0.00121307373046876
0.08624267578125 0.30279541015625 -0.0167617797851563 0.0433235168457031
0.196151733398438 0.227706909179688 0.0109939575195313 0.043182373046875
0.1778564453125 0.211883544921875 0.0111961364746094 0.0211315155029297
0.207931518554688 0.237564086914062 -0.0112838745117187 0.0180397033691406
0.11865234375 0.284912109375 0.00602722167968751 -0.0191020965576172
-0.07415771484375 0.31610107421875 0.0020751953125 -0.0697174072265625
-0.248458862304687 0.213882446289063 0.0686454772949219 -0.0492973327636719
-0.36468505859375 -0.08807373046875 0.154830932617187 0.0119476318359375
-0.3056640625 -0.292755126953125 0.131263732910156 0.130775451660156
-0.124786376953125 -0.396942138671875 0.0628814697265625 0.236221313476562
-0.123687744140625 -0.405609130859375 0.00140380859374998 -0.187637329101563
-0.259613037109375 -0.292938232421875 -0.06378173828125 -0.101760864257813
-0.3587646484375 -0.114044189453125 -0.0352745056152344 -0.030059814453125
-0.306610107421875 0.140869140625 -0.00643920898437502 -0.0328807830810547
-0.14251708984375 0.257080078125 -0.0382347106933594 -0.0677604675292969
0.070831298828125 0.296356201171875 -0.05859375 -0.0364189147949219
0.17376708984375 0.226943969726563 -0.068359375 -0.022216796875
0.160247802734375 0.2108154296875 -0.0700492858886718 -0.0260467529296875
0.189605712890625 0.238418579101562 -0.0906524658203125 -0.03424072265625
0.10504150390625 0.274002075195313 -0.053314208984375 -0.0860443115234375
-0.075714111328125 0.30157470703125 -0.0272293090820313 -0.130752563476563
-0.234390258789063 0.204879760742188 0.0621337890625 -0.0945816040039062
-0.350494384765625 -0.076507568359375 0.134262084960937 -0.0151290893554688
-0.304107666015625 -0.2705078125 0.0675621032714844 0.0686302185058594
-0.13739013671875 -0.383697509765625 0.0304031372070312 0.093048095703125
-0.13238525390625 -0.324737548828125 -0.02081298828125 -0.315155029296875
-0.22760009765625 -0.22344970703125 -0.100234985351563 -0.16912841796875
-0.28521728515625 -0.0757751464843751 -0.0407600402832031 -0.044403076171875
-0.239776611328125 0.115219116210938 0.00955963134765624 -0.0710678100585937
-0.113632202148437 0.19879150390625 -0.0330276489257813 -0.121841430664062
0.04803466796875 0.239517211914062 -0.09136962890625 -0.106338500976563
0.12664794921875 0.188461303710938 -0.136276245117188 -0.0835494995117187
0.117904663085938 0.17864990234375 -0.140533447265625 -0.0708084106445312
0.138671875 0.205123901367187 -0.155029296875 -0.0850830078125
0.0659637451171875 0.223602294921875 -0.101470947265625 -0.1422119140625
-0.0777740478515625 0.2320556640625 -0.046051025390625 -0.1751708984375
-0.190963745117188 0.145401000976562 0.055908203125 -0.123847961425781
-0.269058227539063 -0.072601318359375 0.105789184570312 -0.0302963256835938
-0.235565185546875 -0.214035034179688 0.00529384613037108 0.0109405517578125
-0.116546630859375 -0.312225341796875 -0.00266265869140626 -0.0424728393554688
-0.12176513671875 -0.192977905273438 -0.046234130859375 -0.4151611328125
-0.1619873046875 -0.1192626953125 -0.129974365234375 -0.225128173828125
-0.165069580078125 -0.0222015380859375 -0.0521507263183594 -0.0560836791992187
-0.13055419921875 0.0725860595703125 0.0109634399414062 -0.09356689453125
-0.0640029907226563 0.108924865722656 -0.0296478271484375 -0.148605346679688
0.0207977294921875 0.143096923828125 -0.110488891601563 -0.15203857421875
0.0607757568359375 0.121360778808594 -0.180892944335938 -0.127670288085937
0.0583572387695313 0.118179321289063 -0.188629150390625 -0.105880737304687
0.0670242309570313 0.140533447265625 -0.194381713867188 -0.127639770507812
0.014892578125 0.141860961914062 -0.127792358398438 -0.1832275390625
-0.0726165771484375 0.128196716308594 -0.0448150634765625 -0.198135375976563
-0.122550964355469 0.06103515625 0.0571060180664062 -0.134300231933594
-0.144927978515625 -0.063140869140625 0.080841064453125 -0.0325851440429688
-0.128410339355469 -0.128334045410156 -0.0372505187988281 -0.0351600646972656
-0.076385498046875 -0.192947387695312 -0.0241851806640625 -0.15045166015625
-0.0925140380859375 -0.0308303833007812 -0.071319580078125 -0.473968505859375
-0.07440185546875 -0.00222778320312501 -0.155059814453125 -0.25830078125
-0.0283870697021484 0.0327663421630859 -0.0722274780273438 -0.059783935546875
-0.00876617431640625 0.0222759246826172 -0.00201416015624999 -0.09503173828125
-0.00682544708251953 0.00751209259033203 -0.027801513671875 -0.143157958984375
-0.00970077514648437 0.0275726318359375 -0.114486694335938 -0.166458129882812
-0.0125160217285156 0.0344066619873047 -0.198028564453125 -0.1480712890625
-0.00912857055664063 0.0392189025878906 -0.207916259765625 -0.12457275390625
-0.0124359130859375 0.0540313720703125 -0.204620361328125 -0.155105590820312
-0.0328636169433594 0.0385665893554688 -0.130203247070313 -0.203521728515625
-0.0512275695800781 0.0114936828613281 -0.028564453125 -0.198104858398438
-0.0340137481689453 -0.020904541015625 0.0635986328125 -0.128852844238281
-0.0105819702148438 -0.0329990386962891 0.0640792846679687 -0.0267677307128906
-0.0162258148193359 -0.0187587738037109 -0.0545654296875 -0.0642776489257812
-0.0325584411621094 -0.0423469543457031 -0.0330657958984375 -0.214126586914063
0.0131607055664063 -0.138710021972656 0.081787109375 0.22100830078125
-0.0909576416015625 -0.09454345703125 0.0689620971679688 0.0791473388671875
-0.126556396484375 -0.006072998046875 -0.0496482849121094 0.00188446044921875
-0.0693817138671875 0.0776290893554687 -0.0829696655273437 0.111015319824219
0.000709533691406253 0.100692749023438 -0.0128021240234375 0.17718505859375
0.0743865966796875 0.0696792602539063 0.124038696289063 0.198684692382813
0.104118347167969 0.0373382568359375 0.221908569335938 0.15362548828125
0.0858535766601563 0.0373458862304687 0.2154541015625 0.113250732421875
0.0945510864257813 0.0439834594726563 0.19189453125 0.13427734375
0.0584335327148438 0.0866851806640625 0.130783081054688 0.156524658203125
-0.0197067260742187 0.1031494140625 0.0565109252929688 0.117057800292969
-0.0924606323242187 0.0516128540039063 0.0386123657226562 0.0817337036132813
-0.09674072265625 -0.06146240234375 0.111869812011719 0.0922164916992188
-0.0416336059570313 -0.120307922363281 0.1961669921875 0.2528076171875
0.0277328491210938 -0.102447509765625 0.081878662109375 0.520416259765625
-0.040191650390625 -0.286407470703125 0.0654296875 0.174591064453125
-0.173995971679687 -0.196182250976562 0.0491790771484375 0.0674209594726562
-0.2454833984375 -0.0552978515625 -0.0405197143554688 -0.00481796264648438
-0.1773681640625 0.1209716796875 -0.0741195678710938 0.0827407836914063
-0.0517730712890625 0.190643310546875 -0.0330734252929687 0.134796142578125
0.10198974609375 0.178237915039063 0.084075927734375 0.172744750976563
0.17041015625 0.121734619140625 0.173980712890625 0.138015747070313
0.147659301757813 0.116302490234375 0.171157836914063 0.0946197509765625
0.166915893554688 0.1326904296875 0.146209716796875 0.108688354492188
0.0971527099609375 0.185287475585937 0.108291625976563 0.11065673828125
-0.0436553955078125 0.211105346679688 0.0484046936035156 0.0640678405761719
-0.173919677734375 0.125396728515625 0.0581092834472656 0.0460395812988281
-0.225357055664062 -0.088470458984375 0.144821166992188 0.0704193115234375
-0.163345336914063 -0.2171630859375 0.206954956054688 0.232467651367188
-0.0377349853515625 -0.252105712890625 0.102813720703125 0.474029541015625
-0.086090087890625 -0.39300537109375 0.0449752807617187 0.08038330078125
-0.239273071289063 -0.27410888671875 0.0166587829589844 0.0299491882324219
-0.34002685546875 -0.09649658203125 -0.0353279113769531 -0.00992584228515626
-0.267578125 0.151153564453125 -0.0551910400390625 0.0501441955566406
-0.10052490234375 0.258453369140625 -0.0436019897460938 0.076324462890625
0.11383056640625 0.264022827148438 0.0367355346679687 0.121200561523437
0.21112060546875 0.187973022460938 0.101707458496094 0.100082397460938
0.187759399414063 0.177093505859375 0.100265502929688 0.061798095703125
0.2178955078125 0.199234008789062 0.0764236450195313 0.0693359375
0.129043579101563 0.256271362304688 0.0648193359375 0.0484848022460938
-0.05340576171875 0.295074462890625 0.0287494659423828 -0.00118637084960936
-0.227218627929688 0.195846557617188 0.0700187683105469 -0.00188446044921874
-0.3316650390625 -0.087005615234375 0.163787841796875 0.0391693115234375
-0.27203369140625 -0.2740478515625 0.1912841796875 0.189453125
-0.105010986328125 -0.361053466796875 0.1011962890625 0.37652587890625
-0.1241455078125 -0.441009521484375 0.0209388732910156 -0.0479240417480469
-0.280426025390625 -0.310333251953125 -0.0251274108886719 -0.0280132293701172
-0.393218994140625 -0.1134033203125 -0.0349674224853516 -0.0168781280517578
-0.318634033203125 0.1697998046875 -0.0312919616699219 0.0115718841552734
-0.1307373046875 0.292449951171875 -0.0465812683105469 0.00510406494140626
0.111663818359375 0.3101806640625 -0.013397216796875 0.0487480163574219
0.221725463867188 0.224853515625 0.01605224609375 0.044891357421875
0.200286865234375 0.209808349609375 0.0147705078125 0.020223617553711
0.236221313476563 0.235107421875 -0.00805091857910155 0.0218658447265625
0.142578125 0.289337158203125 0.00506210327148438 -0.0202617645263672
-0.05548095703125 0.337493896484375 -0.0028533935546875 -0.0703125
-0.246383666992188 0.239273071289062 0.0701370239257812 -0.0548858642578125
-0.388824462890625 -0.07183837890625 0.160964965820312 0.00421142578125
-0.33905029296875 -0.2889404296875 0.143356323242187 0.131744384765625
-0.152313232421875 -0.41253662109375 0.0772247314453125 0.243850708007813
-0.14935302734375 -0.421295166015625 -0.0081939697265625 -0.190521240234375
-0.28759765625 -0.2919921875 -0.0716018676757813 -0.0982894897460938
-0.384796142578125 -0.1015625 -0.0387802124023438 -0.0283584594726563
-0.31170654296875 0.167236328125 -0.00840950012207033 -0.032562255859375
-0.133544921875 0.278915405273438 -0.0449333190917969 -0.06719970703125
0.095458984375 0.3055419921875 -0.0616493225097656 -0.0325889587402343
0.198089599609375 0.22637939453125 -0.0709991455078125 -0.0185317993164063
0.181930541992188 0.210830688476563 -0.0733489990234375 -0.0246734619140625
0.217132568359375 0.237335205078125 -0.0937042236328125 -0.0288238525390625
0.12823486328125 0.280059814453125 -0.0605850219726562 -0.086151123046875
-0.05792236328125 0.32269287109375 -0.0373077392578125 -0.132827758789062
-0.2333984375 0.23040771484375 0.0605545043945312 -0.1011962890625
-0.373992919921875 -0.0605468749999999 0.138267517089844 -0.022857666015625
-0.3349609375 -0.265899658203125 0.07275390625 0.0702667236328125
-0.16424560546875 -0.39996337890625 0.0344696044921875 0.095489501953125
-0.153533935546875 -0.3363037109375 -0.039581298828125 -0.325164794921875
-0.251251220703125 -0.223739624023438 -0.11553955078125 -0.16790771484375
-0.306793212890625 -0.0653076171875 -0.0457687377929688 -0.0429573059082031
-0.245071411132813 0.136764526367187 0.00543975830078124 -0.07281494140625
-0.107574462890625 0.216461181640625 -0.0420761108398437 -0.124351501464844
0.06756591796875 0.248092651367188 -0.100112915039062 -0.104759216308594
0.14617919921875 0.1904296875 -0.145492553710938 -0.078338623046875
0.135650634765625 0.1800537109375 -0.149459838867188 -0.0669097900390625
0.162734985351563 0.206375122070313 -0.16485595703125 -0.0788116455078125
0.0845184326171875 0.230865478515625 -0.11370849609375 -0.14227294921875
-0.0651092529296875 0.250228881835938 -0.058929443359375 -0.1783447265625
-0.19110107421875 0.166015625 0.0522537231445312 -0.13214111328125
-0.288421630859375 -0.061737060546875 0.107872009277344 -0.0374679565429688
-0.260467529296875 -0.21246337890625 0.00362300872802733 0.0127649307250976
-0.138702392578125 -0.326507568359375 -0.00780105590820313 -0.0451431274414063
-0.13568115234375 -0.199478149414063 -0.072174072265625 -0.430389404296875
-0.176345825195313 -0.119369506835938 -0.150466918945313 -0.226287841796875
-0.176849365234375 -0.01739501953125 -0.0584602355957031 -0.0542793273925781
-0.134117126464844 0.0846939086914062 0.00582122802734374 -0.096893310546875
-0.060943603515625 0.1199951171875 -0.039306640625 -0.152740478515625
0.0323486328125 0.149826049804688 -0.123199462890625 -0.152435302734375
0.0731887817382813 0.124008178710937 -0.196609497070312 -0.123489379882812
0.0704879760742188 0.121147155761719 -0.202285766601562 -0.100692749023438
0.083160400390625 0.144744873046875 -0.209991455078125 -0.120880126953125
0.026947021484375 0.148391723632813 -0.143585205078125 -0.1837158203125
-0.066864013671875 0.14190673828125 -0.0596160888671875 -0.202667236328125
-0.125480651855469 0.0731201171875 0.0524749755859375 -0.1436767578125
-0.157974243164062 -0.0584259033203125 0.0824966430664062 -0.0391006469726563
-0.143081665039062 -0.129592895507813 -0.0443077087402344 -0.0342216491699219
-0.0901031494140625 -0.204116821289063 -0.0376739501953125 -0.158187866210937
-0.095550537109375 -0.0307083129882812 -0.101776123046875 -0.4920654296875
-0.0779571533203125 -0.00200653076171874 -0.179046630859375 -0.261871337890625
-0.0291919708251953 0.0326004028320313 -0.0802993774414063 -0.0574264526367187
-0.00952529907226563 0.0245742797851562 -0.00804138183593749 -0.0982894897460938
-0.00740432739257813 0.00994873046875 -0.03704833984375 -0.147293090820313
-0.00702667236328125 0.030975341796875 -0.129135131835937 -0.167938232421875
-0.0101737976074219 0.0379714965820313 -0.2169189453125 -0.144134521484375
-0.00519180297851562 0.0430679321289063 -0.225433349609375 -0.119461059570313
-0.00684738159179687 0.0591659545898438 -0.223556518554687 -0.149795532226562
-0.0299949645996094 0.0448074340820313 -0.148056030273437 -0.203628540039063
-0.0525703430175781 0.0182037353515625 -0.0421600341796875 -0.204254150390625
-0.0383949279785156 -0.0174369812011719 0.0593109130859375 -0.13739013671875
-0.0155048370361328 -0.0345630645751953 0.0651664733886719 -0.0322608947753906
-0.0193061828613281 -0.0214900970458984 -0.0645065307617188 -0.0647964477539063
-0.0359878540039063 -0.0476837158203125 -0.0513153076171875 -0.22503662109375
0.00469970703125 -0.140899658203125 0.101409912109375 0.225631713867188
-0.09600830078125 -0.0872650146484375 0.0797805786132813 0.0796051025390625
-0.127273559570312 0.00283813476562503 -0.0502281188964844 0.00469970703125001
-0.065155029296875 0.0818557739257813 -0.0776290893554688 0.118812561035156
0.0065155029296875 0.101463317871094 -0.00169372558593748 0.18218994140625
0.0804519653320313 0.0643157958984375 0.139892578125 0.194854736328125
0.109024047851563 0.02850341796875 0.238845825195313 0.14239501953125
0.0886917114257813 0.0305023193359375 0.228225708007812 0.10137939453125
0.0985260009765625 0.0357208251953125 0.20635986328125 0.124435424804688
0.0657882690429688 0.0817947387695313 0.144180297851563 0.1512451171875
-0.0110549926757813 0.105781555175781 0.064910888671875 0.116859436035156
-0.0897140502929688 0.0589981079101562 0.045379638671875 0.080963134765625
-0.103477478027344 -0.0552902221679687 0.120498657226563 0.0874481201171875
-0.0522384643554687 -0.117210388183594 0.218582153320313 0.246673583984375
0.0204086303710937 -0.104454040527344 0.11676025390625 0.524749755859375
-0.05841064453125 -0.289947509765625 0.0815277099609375 0.180648803710937
-0.187301635742188 -0.185455322265625 0.058685302734375 0.0706329345703125
-0.253707885742188 -0.0406951904296875 -0.0413436889648438 -0.00216674804687501
-0.171920776367188 0.133865356445313 -0.0701217651367188 0.0901031494140625
-0.03985595703125 0.19720458984375 -0.0254669189453125 0.140823364257813
0.117111206054688 0.172805786132813 0.098480224609375 0.172073364257813
0.183334350585938 0.110382080078125 0.189163208007813 0.129806518554688
0.158233642578125 0.10723876953125 0.1815185546875 0.0848388671875
0.179901123046875 0.12158203125 0.158981323242188 0.102584838867188
0.11273193359375 0.180068969726562 0.11749267578125 0.106117248535156
-0.0276641845703125 0.218307495117188 0.0530662536621094 0.0639495849609375
-0.168472290039062 0.140945434570313 0.0629463195800781 0.0433311462402344
-0.238265991210938 -0.0743713378906249 0.151748657226563 0.0632781982421875
-0.18341064453125 -0.20947265625 0.226913452148438 0.226913452148438
-0.056365966796875 -0.255966186523438 0.13580322265625 0.478515625
-0.11175537109375 -0.3974609375 0.0546493530273438 0.0856475830078125
-0.258865356445313 -0.262847900390625 0.0229969024658203 0.035104751586914
-0.3541259765625 -0.0777587890625001 -0.0362930297851563 -0.007415771484375
-0.261932373046875 0.171371459960938 -0.0527420043945313 0.0561676025390625
-0.085205078125 0.270172119140625 -0.0403594970703125 0.0822601318359375
0.135498046875 0.259246826171875 0.0474472045898438 0.123100280761719
0.230178833007813 0.174942016601563 0.113334655761719 0.09613037109375
0.204269409179688 0.167343139648438 0.107513427734375 0.0556640625
0.237762451171875 0.186309814453125 0.0854034423828125 0.06707763671875
0.150802612304688 0.251052856445313 0.0693817138671875 0.0455741882324219
-0.031707763671875 0.30535888671875 0.0288200378417969 -0.000976562499999981
-0.218917846679687 0.216354370117188 0.072296142578125 -0.00638580322265624
-0.348175048828125 -0.0665283203125 0.168548583984375 0.0300445556640625
-0.2987060546875 -0.261993408203125 0.207412719726562 0.183502197265625
-0.13153076171875 -0.364532470703125 0.128021240234375 0.37872314453125
-0.153656005859375 -0.4454345703125 0.0212211608886719 -0.0441398620605469
-0.304840087890625 -0.2987060546875 -0.0244541168212891 -0.0218563079833985
-0.41162109375 -0.0921936035156251 -0.0366706848144532 -0.014434814453125
-0.313690185546875 0.195343017578125 -0.0306625366210938 0.015676498413086
-0.11419677734375 0.306732177734375 -0.0480155944824219 0.0103683471679688
0.136871337890625 0.30718994140625 -0.00771713256835937 0.0525016784667969
0.243637084960938 0.213836669921875 0.0224800109863281 0.0453605651855469
0.219161987304688 0.20068359375 0.0173149108886719 0.0181140899658203
0.261077880859375 0.221633911132813 -0.0039386749267578 0.0243911743164063
0.1676025390625 0.284759521484375 0.00300979614257814 -0.0202350616455078
-0.02996826171875 0.349395751953125 -0.00847244262695312 -0.0691032409667968
-0.236526489257813 0.261962890625 0.0687637329101562 -0.0608596801757812
-0.40557861328125 -0.0475463867187499 0.162796020507812 -0.005401611328125
-0.367218017578125 -0.273345947265625 0.15380859375 0.127593994140625
-0.18243408203125 -0.41607666015625 0.0927581787109374 0.244613647460937
-0.1767578125 -0.425506591796875 -0.0187530517578125 -0.188629150390625
-0.312255859375 -0.282623291015625 -0.0781173706054688 -0.0917434692382813
-0.40350341796875 -0.080902099609375 -0.0413970947265625 -0.0251579284667969
-0.307769775390625 0.192108154296875 -0.0108470916748047 -0.0304489135742187
-0.117431640625 0.29547119140625 -0.0510444641113281 -0.0635337829589844
0.120941162109375 0.304046630859375 -0.0627403259277344 -0.0272293090820312
0.2208251953125 0.217727661132813 -0.0716171264648437 -0.0138473510742187
0.201370239257813 0.202835083007813 -0.0754928588867187 -0.0220489501953125
0.242263793945313 0.225860595703125 -0.0953598022460938 -0.021728515625
0.15191650390625 0.276962280273438 -0.0677719116210937 -0.0832748413085938
-0.0345458984375 0.335296630859375 -0.0475387573242187 -0.130775451660156
-0.22296142578125 0.251846313476563 0.056182861328125 -0.107231140136719
-0.39019775390625 -0.0380554199218751 0.1383056640625 -0.03192138671875
-0.36187744140625 -0.250640869140625 0.0773544311523437 0.069091796875
-0.19329833984375 -0.40374755859375 0.0393295288085937 0.095703125
-0.17645263671875 -0.33892822265625 -0.060302734375 -0.325836181640625
-0.270950317382813 -0.21600341796875 -0.12835693359375 -0.161209106445313
-0.32220458984375 -0.050445556640625 -0.0502357482910156 -0.0392036437988281
-0.242172241210938 0.15777587890625 0.000587463378906235 -0.0722427368164063
-0.0955657958984375 0.230270385742188 -0.0519943237304688 -0.122825622558594
0.0887603759765625 0.24884033203125 -0.107322692871094 -0.099212646484375
0.165023803710938 0.185195922851563 -0.153335571289062 -0.070037841796875
0.153640747070312 0.176177978515625 -0.156539916992188 -0.0602569580078125
0.185012817382812 0.198654174804687 -0.172286987304688 -0.0674591064453125
0.105056762695313 0.230377197265625 -0.126083374023437 -0.137603759765625
-0.0471954345703125 0.263580322265625 -0.0724639892578125 -0.1761474609375
-0.185714721679688 0.183761596679687 0.0455780029296875 -0.138008117675781
-0.302734375 -0.044921875 0.107177734375 -0.0448684692382812
-0.281402587890625 -0.201568603515625 0.00243282318115233 0.0142946243286133
-0.162933349609375 -0.33148193359375 -0.0139846801757813 -0.0465164184570313
-0.149749755859375 -0.200637817382812 -0.101043701171875 -0.434112548828125
-0.18841552734375 -0.1146240234375 -0.170166015625 -0.220428466796875
-0.185836791992188 -0.0102386474609375 -0.0642318725585938 -0.0505409240722656
-0.132957458496094 0.0969696044921875 -0.000312805175781257 -0.0978927612304688
-0.054718017578125 0.128959655761719 -0.05047607421875 -0.152481079101563
0.045806884765625 0.151596069335938 -0.134307861328125 -0.147491455078125
0.085479736328125 0.12286376953125 -0.209823608398437 -0.11285400390625
0.0822219848632812 0.120208740234375 -0.213333129882813 -0.090850830078125
0.099365234375 0.141845703125 -0.222686767578125 -0.108627319335938
0.039398193359375 0.151153564453125 -0.1597900390625 -0.177093505859375
-0.0572357177734375 0.151473999023437 -0.074615478515625 -0.201675415039062
-0.124748229980469 0.0849075317382812 0.0443878173828125 -0.149658203125
-0.168212890625 -0.05029296875 0.0811691284179687 -0.0453414916992187
-0.155914306640625 -0.12469482421875 -0.0503120422363281 -0.0314826965332031
-0.10552978515625 -0.2083740234375 -0.051910400390625 -0.160491943359375
-0.0970840454101563 -0.0286941528320313 -0.13629150390625 -0.496490478515625
-0.08087158203125 -0.000564575195312499 -0.20245361328125 -0.25653076171875
-0.0293483734130859 0.0315666198730469 -0.086090087890625 -0.0520172119140625
-0.00968551635742188 0.0259647369384766 -0.0145339965820312 -0.0981369018554688
-0.00755023956298828 0.0124750137329102 -0.04669189453125 -0.148483276367187
-0.00408744812011719 0.0339374542236328 -0.14312744140625 -0.164443969726563
-0.00701141357421875 0.0414009094238281 -0.232589721679688 -0.13323974609375
-0.000667572021484371 0.0452537536621094 -0.2379150390625 -0.107879638671875
-3.43322753906229E-05 0.0621452331542969 -0.239822387695312 -0.137283325195313
-0.0259895324707031 0.0495796203613281 -0.1649169921875 -0.198104858398438
-0.0524406433105469 0.02520751953125 -0.0572967529296875 -0.204666137695312
-0.0419502258300781 -0.0131187438964844 0.050994873046875 -0.144638061523438
-0.0194892883300781 -0.0348949432373047 0.064117431640625 -0.0378570556640625
-0.0222454071044922 -0.0232410430908203 -0.0736541748046875 -0.0625686645507813
-0.0400962829589844 -0.0518608093261719 -0.0706329345703125 -0.228561401367187
-0.00185394287109377 -0.140335083007812 0.117691040039062 0.226730346679688
-0.0967025756835938 -0.0793991088867188 0.0896453857421875 0.0789718627929688
-0.124839782714844 0.00950622558593752 -0.0499305725097656 0.00682830810546876
-0.0606460571289062 0.083770751953125 -0.0714263916015625 0.1234130859375
0.011749267578125 0.100173950195312 0.00711059570312501 0.183547973632813
0.083740234375 0.0582809448242188 0.151535034179688 0.188720703125
0.110641479492188 0.0202255249023438 0.24859619140625 0.13079833984375
0.0891036987304687 0.0250167846679688 0.234481811523437 0.0908966064453125
0.09881591796875 0.0288314819335938 0.2156982421875 0.115188598632812
0.0701980590820313 0.0760421752929687 0.152496337890625 0.144485473632813
-0.00382232666015625 0.105216979980469 0.071136474609375 0.114028930664062
-0.0861129760742188 0.064178466796875 0.0502471923828125 0.0794601440429687
-0.106986999511719 -0.0491180419921875 0.125579833984375 0.0819091796875
-0.0600051879882812 -0.11175537109375 0.234237670898438 0.238204956054688
0.0148544311523438 -0.103187561035156 0.145050048828125 0.5242919921875
-0.0726318359375 -0.288238525390625 0.095672607421875 0.183486938476562
-0.193191528320312 -0.174331665039063 0.0674514770507812 0.071929931640625
-0.255264282226563 -0.0283660888671875 -0.0413131713867188 -0.00012588500976563
-0.164443969726563 0.1416015625 -0.0655899047851563 0.0946426391601563
-0.0302581787109375 0.199127197265625 -0.018951416015625 0.144073486328125
0.126861572265625 0.16461181640625 0.10955810546875 0.168853759765625
0.190841674804687 0.0979766845703125 0.198211669921875 0.1201171875
0.16363525390625 0.0986175537109375 0.186904907226562 0.0758056640625
0.18798828125 0.110153198242188 0.166213989257813 0.0952606201171875
0.1236572265625 0.172698974609375 0.123153686523438 0.100563049316406
-0.013092041015625 0.219512939453125 0.0565299987792969 0.0626487731933594
-0.161666870117188 0.150299072265625 0.065673828125 0.0403175354003906
-0.245361328125 -0.06182861328125 0.1546630859375 0.05682373046875
-0.19696044921875 -0.198928833007813 0.240585327148437 0.218429565429687
-0.070068359375 -0.253860473632813 0.158935546875 0.474273681640625
-0.130035400390625 -0.395172119140625 0.0626296997070312 0.090362548828125
-0.26910400390625 -0.2496337890625 0.0291404724121094 0.0386161804199219
-0.360015869140625 -0.0607299804687501 -0.0365180969238281 -0.00535964965820312
-0.25335693359375 0.184829711914063 -0.0495986938476563 0.0601882934570313
-0.071441650390625 0.275238037109375 -0.036956787109375 0.08673095703125
0.151153564453125 0.2506103515625 0.0563507080078125 0.122726440429688
0.242691040039063 0.16192626953125 0.121292114257813 0.09075927734375
0.213623046875 0.15618896484375 0.110847473144531 0.0498504638671875
0.251052856445313 0.1715087890625 0.091552734375 0.0641403198242188
0.165542602539063 0.2427978515625 0.07147216796875 0.0425491333007813
-0.0115966796875 0.308074951171875 0.0288486480712891 -0.000699996948242169
-0.208511352539063 0.229141235351563 0.072509765625 -0.0101318359375
-0.356170654296875 -0.049530029296875 0.169891357421875 0.02264404296875
-0.315521240234375 -0.246246337890625 0.217926025390625 0.177032470703125
-0.15057373046875 -0.36212158203125 0.145599365234375 0.374176025390625
-0.173309326171875 -0.4439697265625 0.0221977233886719 -0.0387039184570313
-0.31768798828125 -0.28521728515625 -0.0221748352050781 -0.0159454345703125
-0.420928955078125 -0.072509765625 -0.0372543334960938 -0.0117263793945313
-0.30474853515625 0.2115478515625 -0.0295467376708985 0.0186500549316406
-0.09906005859375 0.314483642578125 -0.0484466552734375 0.0147895812988281
0.155181884765625 0.299102783203125 -0.00265884399414062 0.0549201965332031
0.2584228515625 0.20013427734375 0.0272712707519531 0.0447616577148438
0.231719970703125 0.189544677734375 0.0187358856201172 0.0163459777832031
0.27679443359375 0.206283569335938 0.000457763671875014 0.0256671905517578
0.18505859375 0.276016235351563 0.00202369689941407 -0.0197792053222656
-0.00830078125000003 0.353057861328125 -0.0119438171386719 -0.0667495727539062
-0.224411010742188 0.276290893554688 0.06597900390625 -0.0642356872558594
-0.413970947265625 -0.0279235839843749 0.162521362304688 -0.012176513671875
-0.384307861328125 -0.25482177734375 0.161178588867187 0.123580932617187
-0.20355224609375 -0.413116455078125 0.10357666015625 0.240982055664063
-0.196563720703125 -0.424072265625 -0.0251617431640625 -0.183441162109375
-0.326171875 -0.270294189453125 -0.0806503295898438 -0.08392333984375
-0.413726806640625 -0.0631713867187499 -0.0428314208984375 -0.0222969055175781
-0.300079345703125 0.209320068359375 -0.0116386413574219 -0.0281600952148437
-0.103668212890625 0.3033447265625 -0.0552291870117188 -0.05950927734375
0.139739990234375 0.298309326171875 -0.0615692138671875 -0.0228195190429687
0.235702514648438 0.205673217773438 -0.0705947875976562 -0.010162353515625
0.214462280273438 0.19403076171875 -0.0767440795898437 -0.0196685791015625
0.259613037109375 0.212265014648438 -0.0937042236328125 -0.0154266357421875
0.169845581054687 0.270004272460938 -0.0725936889648438 -0.079864501953125
-0.013702392578125 0.339263916015625 -0.0539093017578125 -0.126205444335937
-0.211746215820312 0.265762329101563 0.050872802734375 -0.110786437988281
-0.39788818359375 -0.018951416015625 0.1361083984375 -0.0380096435546875
-0.377471923828125 -0.23492431640625 0.0804061889648437 0.0673980712890625
-0.214141845703125 -0.401275634765625 0.042266845703125 0.093353271484375
-0.19287109375 -0.337554931640625 -0.074676513671875 -0.320892333984375
-0.28314208984375 -0.20550537109375 -0.136795043945313 -0.15313720703125
-0.3314208984375 -0.0369567871093751 -0.0521316528320313 -0.0357780456542969
-0.236358642578125 0.171539306640625 -0.00238800048828127 -0.071075439453125
-0.084991455078125 0.238250732421875 -0.059051513671875 -0.119522094726562
0.104507446289062 0.244583129882813 -0.110725402832031 -0.0934982299804687
0.178558349609375 0.177047729492188 -0.156509399414063 -0.06182861328125
0.164093017578125 0.169509887695313 -0.159896850585938 -0.053924560546875
0.200119018554688 0.188812255859375 -0.1741943359375 -0.0583038330078125
0.119537353515625 0.226119995117188 -0.133621215820313 -0.130630493164063
-0.0311737060546875 0.268875122070313 -0.08148193359375 -0.17059326171875
-0.178070068359375 0.195999145507813 0.0386199951171875 -0.141189575195312
-0.309600830078125 -0.03125 0.104179382324219 -0.049774169921875
-0.2943115234375 -0.189361572265625 0.00137138366699217 0.0160093307495117
-0.180267333984375 -0.330902099609375 -0.0182647705078125 -0.0467147827148438
-0.15814208984375 -0.199203491210937 -0.12322998046875 -0.42926025390625
-0.196090698242188 -0.10894775390625 -0.182998657226562 -0.211654663085938
-0.191421508789063 -0.00375366210937497 -0.0671005249023438 -0.0461387634277344
-0.130241394042969 0.105087280273438 -0.00473785400390626 -0.0970993041992188
-0.0494537353515625 0.133659362792969 -0.05828857421875 -0.149490356445313
0.055694580078125 0.1497802734375 -0.14208984375 -0.140899658203125
0.0940780639648437 0.120094299316406 -0.216094970703125 -0.102401733398438
0.09088134765625 0.117485046386719 -0.219268798828125 -0.0814666748046875
0.110923767089844 0.136734008789063 -0.228271484375 -0.0969696044921875
0.05047607421875 0.150390625 -0.168991088867187 -0.168411254882813
-0.047332763671875 0.157379150390625 -0.08587646484375 -0.196273803710938
-0.121543884277344 0.0933074951171875 0.0369110107421875 -0.152679443359375
-0.174346923828125 -0.04290771484375 0.0780410766601562 -0.0493850708007813
-0.164932250976562 -0.119659423828125 -0.0546073913574219 -0.0281181335449219
-0.11688232421875 -0.210205078125 -0.063201904296875 -0.159698486328125
-0.0970916748046875 -0.0279159545898437 -0.16241455078125 -0.49102783203125
-0.082275390625 -0.000320434570312495 -0.218475341796875 -0.24774169921875
-0.0305957794189453 0.0297966003417969 -0.0890884399414063 -0.0471343994140625
-0.00988197326660157 0.0267486572265625 -0.0192489624023437 -0.0971603393554688
-0.00814342498779297 0.0135822296142578 -0.053955078125 -0.146453857421875
-0.00178146362304688 0.0353965759277344 -0.15240478515625 -0.157928466796875
-0.00365829467773438 0.0437850952148438 -0.2418212890625 -0.121597290039063
0.00310134887695313 0.0470428466796875 -0.245193481445313 -0.096771240234375
0.0057373046875 0.0628471374511719 -0.246978759765625 -0.124664306640625
-0.0212059020996094 0.0525054931640625 -0.175811767578125 -0.189239501953125
-0.0504531860351563 0.0304298400878906 -0.068389892578125 -0.201202392578125
-0.0437088012695312 -0.00882720947265626 0.0438232421875 -0.146926879882813
-0.0228462219238281 -0.0346317291259766 0.0616874694824219 -0.0416069030761719
-0.0246372222900391 -0.0250740051269531 -0.0798110961914063 -0.0590744018554688
-0.0440597534179688 -0.0548324584960938 -0.0853271484375 -0.227432250976563
-0.00626373291015625 -0.139923095703125 0.129425048828125 0.228118896484375
-0.0953369140625 -0.0749893188476563 0.097900390625 0.0791702270507813
-0.122505187988281 0.01275634765625 -0.0495147705078125 0.00808715820312501
-0.057891845703125 0.0843734741210937 -0.0676727294921875 0.126930236816406
0.014801025390625 0.0994644165039063 0.012420654296875 0.184921264648437
0.0858840942382813 0.0538406372070313 0.15911865234375 0.185302734375
0.110687255859375 0.0143051147460938 0.2550048828125 0.123336791992188
0.089141845703125 0.0206756591796875 0.238861083984375 0.0857086181640625
0.100059509277344 0.0237579345703125 0.22100830078125 0.11029052734375
0.0727005004882813 0.0720138549804688 0.157196044921875 0.140869140625
0.00180053710937501 0.104804992675781 0.0747299194335938 0.112709045410156
-0.0833816528320313 0.0675582885742187 0.0526962280273438 0.0783157348632813
-0.109580993652344 -0.0446548461914062 0.128890991210937 0.0794525146484375
-0.0648651123046875 -0.107650756835938 0.244476318359375 0.23443603515625
0.0116958618164063 -0.10247802734375 0.161163330078125 0.5238037109375
-0.080810546875 -0.288482666015625 0.106201171875 0.186614990234375
-0.19476318359375 -0.168258666992188 0.0760650634765625 0.0735015869140625
-0.2569580078125 -0.0214080810546875 -0.040679931640625 0.000896453857421877
-0.160736083984375 0.145675659179688 -0.062103271484375 0.0977935791015625
-0.0246429443359375 0.200592041015625 -0.015106201171875 0.146621704101563
0.133392333984375 0.15936279296875 0.116729736328125 0.166748046875
0.1953125 0.0898590087890625 0.205520629882813 0.114425659179688
0.167236328125 0.09307861328125 0.19061279296875 0.071319580078125
0.192764282226563 0.10235595703125 0.172683715820313 0.0919952392578125
0.13018798828125 0.16705322265625 0.126556396484375 0.0982208251953125
-0.00384521484375 0.22076416015625 0.0586814880371094 0.0623664855957031
-0.156982421875 0.156784057617188 0.067108154296875 0.0388755798339844
-0.251205444335938 -0.0538177490234375 0.15667724609375 0.0538482666015625
-0.205474853515625 -0.191635131835937 0.250259399414063 0.214492797851563
-0.0784454345703125 -0.254119873046875 0.172607421875 0.4739990234375
-0.1412353515625 -0.39630126953125 0.0701065063476562 0.0947723388671875
-0.273849487304688 -0.242919921875 0.0357666015625 0.0423126220703125
-0.3651123046875 -0.051422119140625 -0.0360641479492188 -0.00366973876953126
-0.248931884765625 0.192184448242188 -0.0471954345703125 0.0629005432128906
-0.0648956298828125 0.278427124023437 -0.0358047485351563 0.089874267578125
0.160903930664063 0.24468994140625 0.0629119873046875 0.122322082519531
0.25048828125 0.153091430664063 0.127204895019531 0.0876083374023438
0.22003173828125 0.150848388671875 0.113471984863281 0.0468368530273438
0.2593994140625 0.161697387695313 0.096832275390625 0.062713623046875
0.17559814453125 0.236557006835938 0.0725021362304688 0.0417709350585938
0.000457763671875023 0.30975341796875 0.0291481018066406 -0.000167846679687481
-0.203399658203125 0.237823486328125 0.0724411010742187 -0.0119400024414062
-0.363189697265625 -0.038726806640625 0.17034912109375 0.01971435546875
-0.32623291015625 -0.236907958984375 0.225021362304688 0.17401123046875
-0.1619873046875 -0.363189697265625 0.15576171875 0.372833251953125
-0.1851806640625 -0.445220947265625 0.0251979827880859 -0.0341205596923828
-0.324951171875 -0.2786865234375 -0.0184688568115235 -0.0112476348876953
-0.428863525390625 -0.0623474121093749 -0.0368385314941407 -0.0102081298828125
-0.30035400390625 0.22149658203125 -0.0285205841064453 0.0208969116210938
-0.090789794921875 0.319976806640625 -0.0488929748535156 0.0188255310058594
0.16717529296875 0.294677734375 0.00165557861328126 0.0565567016601563
0.268890380859375 0.191299438476563 0.031646728515625 0.0438728332519531
0.239517211914062 0.18426513671875 0.0193824768066406 0.0153598785400391
0.28759765625 0.196075439453125 0.00407981872558595 0.0268325805664063
0.19647216796875 0.270095825195313 0.00129127502441407 -0.0193672180175781
0.00503540039062497 0.355712890625 -0.0135078430175781 -0.0653572082519531
-0.2178955078125 0.28521728515625 0.0639801025390625 -0.0661659240722656
-0.421142578125 -0.0162658691406251 0.161346435546875 -0.0156707763671875
-0.396240234375 -0.24603271484375 0.165008544921875 0.12200927734375
-0.21697998046875 -0.415435791015625 0.10919189453125 0.239288330078125
-0.208160400390625 -0.4263916015625 -0.0277252197265625 -0.179290771484375
-0.334259033203125 -0.26495361328125 -0.0809860229492188 -0.0784759521484375
-0.423583984375 -0.053619384765625 -0.0432472229003907 -0.0203666687011719
-0.29656982421875 0.220184326171875 -0.0117073059082031 -0.0266342163085937
-0.096649169921875 0.30963134765625 -0.0577392578125 -0.0557785034179687
0.15130615234375 0.29437255859375 -0.0595817565917969 -0.0196418762207031
0.246200561523437 0.19927978515625 -0.0691757202148437 -0.00771713256835938
0.223251342773438 0.189895629882813 -0.0776901245117187 -0.0186843872070312
0.270462036132813 0.202774047851562 -0.092041015625 -0.0119857788085937
0.180923461914063 0.265304565429688 -0.07525634765625 -0.0763702392578125
-0.000701904296875014 0.3428955078125 -0.0576019287109375 -0.123252868652344
-0.205963134765625 0.274276733398438 0.0475387573242187 -0.112686157226563
-0.404449462890625 -0.00802612304687499 0.134925842285156 -0.040771484375
-0.38848876953125 -0.225128173828125 0.0820693969726562 0.0680770874023437
-0.2275390625 -0.40362548828125 0.0426559448242187 0.0924758911132812
-0.201263427734375 -0.340240478515625 -0.08245849609375 -0.317596435546875
-0.290618896484375 -0.203033447265625 -0.141281127929688 -0.147216796875
-0.34039306640625 -0.0296630859375 -0.05322265625 -0.0336418151855469
-0.233596801757812 0.180313110351563 -0.00404357910156251 -0.0703506469726562
-0.0792694091796875 0.244140625 -0.0632553100585938 -0.116401672363281
0.11474609375 0.243331909179688 -0.111717224121094 -0.089202880859375
0.187942504882812 0.173248291015625 -0.15777587890625 -0.0572967529296875
0.1732177734375 0.166534423828125 -0.162628173828125 -0.05035400390625
0.21075439453125 0.181442260742188 -0.175003051757813 -0.0524749755859375
0.129638671875 0.223526000976563 -0.138420104980469 -0.126190185546875
-0.0207061767578125 0.272232055664063 -0.08660888671875 -0.167205810546875
-0.174362182617187 0.203353881835938 0.0342254638671875 -0.142654418945313
-0.316162109375 -0.021942138671875 0.102447509765625 -0.05242919921875
-0.30352783203125 -0.184051513671875 0.000671386718749984 0.0177478790283203
-0.191192626953125 -0.33404541015625 -0.0223884582519531 -0.046844482421875
-0.163467407226562 -0.2010498046875 -0.13519287109375 -0.42718505859375
-0.201385498046875 -0.108062744140625 -0.191253662109375 -0.206039428710938
-0.198593139648438 -0.000991821289062485 -0.0688362121582031 -0.0438156127929687
-0.1297607421875 0.110397338867187 -0.00750732421875 -0.0963973999023438
-0.0472030639648437 0.137763977050781 -0.063446044921875 -0.148605346679688
0.06207275390625 0.1502685546875 -0.146224975585938 -0.136917114257812
0.100997924804688 0.119117736816406 -0.221282958984375 -0.0960693359375
0.0971908569335938 0.116989135742188 -0.223464965820313 -0.0767669677734374
0.118400573730469 0.133552551269531 -0.231369018554688 -0.090362548828125
0.058074951171875 0.150192260742188 -0.17498779296875 -0.16314697265625
-0.0411376953125 0.162277221679687 -0.09149169921875 -0.1932373046875
-0.120819091796875 0.0990753173828125 0.0321044921875 -0.154205322265625
-0.179183959960938 -0.03887939453125 0.0762405395507812 -0.0518569946289063
-0.170669555664063 -0.117538452148437 -0.0581130981445313 -0.0257606506347656
-0.124053955078125 -0.213455200195313 -0.0708160400390625 -0.159942626953125
-0.0966033935546875 -0.0293731689453125 -0.177520751953125 -0.490478515625
-0.084136962890625 -0.000770568847656237 -0.229583740234375 -0.2421875
-0.0331802368164063 0.02783203125 -0.0909042358398438 -0.0441818237304687
-0.0111808776855469 0.0278167724609375 -0.022430419921875 -0.0967864990234375
-0.00915336608886719 0.0153532028198242 -0.05810546875 -0.145660400390625
-5.3405761718747E-05 0.0369529724121094 -0.1580810546875 -0.154190063476563
-0.00160598754882813 0.0464210510253906 -0.24798583984375 -0.114883422851563
0.00620651245117188 0.048553466796875 -0.25006103515625 -0.0913085937500001
0.009765625 0.0633735656738281 -0.252639770507813 -0.117294311523437
-0.01812744140625 0.0549430847167969 -0.182052612304688 -0.18408203125
-0.0491600036621094 0.034637451171875 -0.0754852294921875 -0.198638916015625
-0.0452461242675781 -0.00625991821289062 0.038909912109375 -0.149337768554688
-0.0261821746826172 -0.0347976684570312 0.0597915649414062 -0.0440444946289063
-0.0269966125488281 -0.0271320343017578 -0.0852432250976563 -0.0567550659179688
-0.04669189453125 -0.0582199096679688 -0.0955047607421875 -0.228302001953125
-0.00878906250000001 -0.142364501953125 0.140975952148438 0.23486328125
-0.0951004028320313 -0.0736618041992187 0.1080322265625 0.0805816650390625
-0.123085021972656 0.0143890380859375 -0.0499458312988281 0.00928878784179689
-0.057037353515625 0.0858306884765625 -0.0659866333007812 0.132255554199219
0.0171585083007813 0.101165771484375 0.01593017578125 0.190261840820313
0.088592529296875 0.0512542724609375 0.166900634765625 0.186798095703125
0.112770080566406 0.0096435546875 0.265426635742188 0.120651245117187
0.0908966064453125 0.01873779296875 0.247787475585938 0.0847320556640625
0.10162353515625 0.0202713012695313 0.229721069335938 0.109573364257813
0.0756912231445313 0.0695724487304688 0.163070678710938 0.141860961914062
0.0056304931640625 0.105979919433594 0.0782623291015625 0.114463806152344
-0.083465576171875 0.0706710815429688 0.055877685546875 0.0797576904296875
-0.113822937011719 -0.0422744750976563 0.134498596191406 0.0800018310546875
-0.0691299438476563 -0.105995178222656 0.257247924804688 0.237274169921875
0.00995635986328126 -0.103981018066406 0.172332763671875 0.5343017578125
-0.087158203125 -0.294647216796875 0.116683959960938 0.194000244140625
-0.197845458984375 -0.168014526367188 0.0855255126953125 0.0766983032226563
-0.26275634765625 -0.0182342529296875 -0.0411491394042969 0.0015106201171875
-0.161376953125 0.151214599609375 -0.060546875 0.102096557617188
-0.0216064453125 0.205825805664063 -0.01318359375 0.152069091796875
0.140640258789063 0.158111572265625 0.124404907226563 0.169158935546875
0.20245361328125 0.085601806640625 0.215530395507812 0.11370849609375
0.173309326171875 0.0918426513671875 0.19769287109375 0.0706787109375
0.200210571289062 0.0984344482421875 0.181106567382813 0.0919189453125
0.137130737304687 0.166641235351562 0.130958557128906 0.0991439819335938
0.00250244140624999 0.2255859375 0.0612258911132813 0.0634117126464844
-0.158843994140625 0.16485595703125 0.0696792602539062 0.0391120910644531
-0.261199951171875 -0.0495147705078125 0.161911010742187 0.053985595703125
-0.215774536132813 -0.189987182617187 0.261917114257813 0.217529296875
-0.0850067138671875 -0.260482788085937 0.18414306640625 0.483673095703125
-0.1512451171875 -0.407745361328125 0.0784072875976562 0.101112365722656
-0.28045654296875 -0.244705200195312 0.0433578491210937 0.0461540222167969
-0.376556396484375 -0.0476074218750001 -0.0362625122070313 -0.00290298461914063
-0.251449584960938 0.200546264648437 -0.0462684631347656 0.0664634704589844
-0.06134033203125 0.287384033203125 -0.035614013671875 0.0950851440429688
0.170196533203125 0.245635986328125 0.0697860717773438 0.125236511230469
0.261062622070313 0.148834228515625 0.135124206542969 0.0867767333984375
0.229400634765625 0.150115966796875 0.11785888671875 0.0465164184570313
0.27069091796875 0.158096313476562 0.103157043457031 0.0633087158203125
0.186264038085937 0.23748779296875 0.074951171875 0.042510986328125
0.00897216796875003 0.3170166015625 0.0302162170410156 0.000614166259765645
-0.205276489257812 0.248077392578125 0.0737838745117187 -0.0128860473632812
-0.377716064453125 -0.032196044921875 0.174423217773437 0.019134521484375
-0.3408203125 -0.236114501953125 0.23541259765625 0.176666259765625
-0.172088623046875 -0.373626708984375 0.1634521484375 0.3804931640625
-0.197113037109375 -0.459259033203125 0.0297470092773437 -0.0303668975830078
-0.335052490234375 -0.28253173828125 -0.0147666931152344 -0.00747203826904298
-0.444915771484375 -0.0574035644531251 -0.0376014709472657 -0.00969696044921875
-0.30426025390625 0.2322998046875 -0.0278244018554688 0.0226974487304688
-0.088714599609375 0.330810546875 -0.0509529113769531 0.0230255126953125
0.1785888671875 0.296417236328125 0.00617980957031251 0.0591964721679688
0.2821044921875 0.189453125 0.0356597900390625 0.0441322326660156
0.25115966796875 0.184844970703125 0.0207538604736328 0.01531982421875
0.301239013671875 0.19268798828125 0.00722503662109377 0.0278110504150391
0.208221435546875 0.272109985351563 0.000896453857421888 -0.0185203552246094
0.014739990234375 0.364654541015625 -0.0146598815917969 -0.0647735595703125
-0.219970703125 0.29803466796875 0.064239501953125 -0.0686111450195312
-0.437103271484375 -0.00848388671875006 0.164764404296875 -0.0172119140625
-0.412200927734375 -0.24481201171875 0.171798706054688 0.123672485351563
-0.229888916015625 -0.427764892578125 0.113265991210938 0.244415283203125
-0.218597412109375 -0.439727783203125 -0.0275726318359375 -0.179794311523438
-0.3460693359375 -0.26983642578125 -0.0814743041992188 -0.0759124755859375
-0.4403076171875 -0.0480651855468749 -0.0438880920410157 -0.0194320678710938
-0.30126953125 0.232086181640625 -0.0118465423583985 -0.0266761779785156
-0.0948486328125 0.321044921875 -0.0615043640136719 -0.0534706115722656
0.162933349609375 0.298858642578125 -0.0583953857421875 -0.0177154541015625
0.259033203125 0.198501586914063 -0.0686492919921875 -0.00660324096679686
0.234588623046875 0.191787719726562 -0.0798187255859375 -0.0181045532226562
0.2850341796875 0.200958251953125 -0.092010498046875 -0.0102996826171875
0.192413330078125 0.267623901367188 -0.07818603515625 -0.076019287109375
0.00842285156250002 0.35174560546875 -0.0608367919921875 -0.124015808105469
-0.2076416015625 0.28778076171875 0.0460968017578125 -0.115303039550781
-0.420135498046875 -0.00109863281250002 0.13690185546875 -0.04278564453125
-0.40411376953125 -0.2257080078125 0.0846176147460937 0.070159912109375
-0.240478515625 -0.41656494140625 0.0426864624023437 0.0941314697265625
-0.21051025390625 -0.352020263671875 -0.086334228515625 -0.32244873046875
-0.302093505859375 -0.207122802734375 -0.146286010742188 -0.146148681640625
-0.355621337890625 -0.0261230468750001 -0.0550155639648438 -0.0331535339355469
-0.238693237304688 0.1905517578125 -0.00531768798828127 -0.0714340209960937
-0.079132080078125 0.25494384765625 -0.0674209594726563 -0.116020202636719
0.123855590820312 0.246917724609375 -0.114028930664062 -0.0883560180664062
0.199142456054687 0.174041748046875 -0.161605834960938 -0.0562591552734375
0.183380126953125 0.169082641601563 -0.168243408203125 -0.0500030517578125
0.222808837890625 0.180618286132812 -0.178466796875 -0.0498809814453125
0.139923095703125 0.226669311523437 -0.143341064453125 -0.1258544921875
-0.0134124755859375 0.280960083007813 -0.0914154052734375 -0.168350219726563
-0.176849365234375 0.213623046875 0.032257080078125 -0.146240234375
-0.3289794921875 -0.017242431640625 0.102951049804687 -0.054779052734375
-0.31634521484375 -0.184478759765625 -0.00074195861816408 0.0193595886230469
-0.20245361328125 -0.345550537109375 -0.0263252258300781 -0.0489425659179688
-0.1695556640625 -0.2093505859375 -0.143646240234375 -0.43560791015625
-0.2095947265625 -0.111160278320313 -0.20062255859375 -0.206558227539063
-0.208969116210938 0.00123596191406246 -0.071868896484375 -0.04327392578125
-0.132911682128906 0.116844177246094 -0.010040283203125 -0.09820556640625
-0.04693603515625 0.144943237304688 -0.0678253173828125 -0.1494140625
0.0670318603515625 0.1541748046875 -0.151031494140625 -0.136703491210938
0.108238220214844 0.121307373046875 -0.227920532226562 -0.0942840576171875
0.104270935058594 0.119705200195312 -0.231307983398438 -0.0755767822265625
0.127105712890625 0.133857727050781 -0.237884521484375 -0.0874481201171874
0.064483642578125 0.153717041015625 -0.181625366210937 -0.163864135742188
-0.0376129150390625 0.16900634765625 -0.0969696044921875 -0.194229125976562
-0.123054504394531 0.10595703125 0.030059814453125 -0.158370971679688
-0.187576293945313 -0.037567138671875 0.0763397216796875 -0.0544815063476563
-0.179031372070313 -0.119598388671875 -0.0627326965332032 -0.0244560241699219
-0.132171630859375 -0.222137451171875 -0.0774383544921876 -0.163833618164063
-0.0979843139648437 -0.0333786010742187 -0.1903076171875 -0.499298095703125
-0.0879440307617187 -0.0021209716796875 -0.242156982421875 -0.244277954101562
-0.0369300842285156 0.0275230407714844 -0.0944671630859375 -0.0441360473632812
-0.0126285552978516 0.0294113159179688 -0.0252761840820313 -0.0992355346679688
-0.0105485916137695 0.0171194076538086 -0.061920166015625 -0.1478271484375
0.000682830810546879 0.0392837524414063 -0.164443969726563 -0.155258178710937
0.00139617919921875 0.04949951171875 -0.257110595703125 -0.112625122070312
0.00885009765625 0.0507926940917969 -0.258758544921875 -0.0896759033203124
0.0134696960449219 0.0656661987304687 -0.261260986328125 -0.115447998046875
-0.0157432556152344 0.0580940246582031 -0.18890380859375 -0.185028076171875
-0.0492706298828125 0.0383872985839844 -0.080230712890625 -0.200042724609375
-0.0476837158203125 -0.00426101684570312 0.0369720458984375 -0.153518676757813
-0.0289230346679688 -0.0362358093261719 0.0591468811035156 -0.0466041564941406
-0.0294818878173828 -0.0296401977539063 -0.0919647216796875 -0.0567550659179688
-0.0494537353515625 -0.0630912780761719 -0.104171752929688 -0.233993530273437
-0.0137481689453125 -0.147308349609375 0.157821655273438 0.245223999023438
-0.0970611572265625 -0.0734024047851563 0.121307373046875 0.0816650390625
-0.12646484375 0.0182571411132813 -0.0514717102050781 0.0110893249511719
-0.0571060180664062 0.0902252197265625 -0.0634307861328125 0.140731811523438
0.0216140747070313 0.10498046875 0.023101806640625 0.199462890625
0.0936508178710938 0.0485610961914062 0.180938720703125 0.190322875976562
0.117050170898438 0.0037384033203125 0.2840576171875 0.117889404296875
0.0948028564453125 0.0159530639648438 0.262924194335938 0.0833282470703125
0.106422424316406 0.016754150390625 0.245315551757813 0.10955810546875
0.08056640625 0.0686111450195313 0.17425537109375 0.145477294921875
0.0107955932617188 0.109100341796875 0.08489990234375 0.117950439453125
-0.0839691162109375 0.0769500732421875 0.0612030029296875 0.0822372436523437
-0.120918273925781 -0.038818359375 0.144454956054688 0.0806427001953125
-0.0756149291992188 -0.105857849121094 0.280059814453125 0.241683959960938
0.00747680664062501 -0.10791015625 0.195831298828125 0.558380126953125
-0.09942626953125 -0.307861328125 0.132415771484375 0.203521728515625
-0.207275390625 -0.171051025390625 0.0982208251953125 0.0797119140625
-0.275039672851563 -0.0118103027343751 -0.0421257019042969 0.00312042236328124
-0.164443969726562 0.16162109375 -0.0593109130859375 0.109573364257813
-0.016754150390625 0.216796875 -0.00949096679687502 0.161590576171875
0.151565551757813 0.158737182617188 0.137222290039063 0.173629760742188
0.21484375 0.080413818359375 0.231475830078125 0.11224365234375
0.184158325195313 0.090301513671875 0.210189819335938 0.06964111328125
0.212997436523438 0.094085693359375 0.1942138671875 0.0929412841796875
0.149063110351563 0.168853759765625 0.139480590820313 0.101669311523438
0.0118865966796875 0.234786987304687 0.0659561157226563 0.06536865234375
-0.161605834960938 0.178451538085938 0.0743026733398437 0.0398483276367188
-0.277877807617188 -0.042144775390625 0.172515869140625 0.053314208984375
-0.232574462890625 -0.190032958984375 0.284271240234375 0.221771240234375
-0.0959625244140625 -0.271926879882812 0.20489501953125 0.5042724609375
-0.168731689453125 -0.42645263671875 0.0900955200195312 0.107650756835937
-0.2965087890625 -0.25048828125 0.0526008605957031 0.0493545532226562
-0.398040771484375 -0.0388488769531251 -0.0374679565429688 -0.00201416015625
-0.257598876953125 0.217147827148438 -0.0453643798828125 0.0715560913085938
-0.05682373046875 0.3033447265625 -0.0351409912109375 0.103630065917969
0.186782836914062 0.250152587890625 0.0790328979492188 0.1298828125
0.279190063476563 0.1461181640625 0.146316528320313 0.0860137939453125
0.246002197265625 0.150863647460938 0.126136779785156 0.045867919921875
0.290130615234375 0.154815673828125 0.112464904785156 0.0643157958984375
0.203018188476563 0.24102783203125 0.0800094604492188 0.0433273315429688
0.021514892578125 0.331329345703125 0.0315341949462891 0.000766754150390645
-0.2083740234375 0.267837524414063 0.07666015625 -0.0142669677734375
-0.401275634765625 -0.02069091796875 0.183502197265625 0.016632080078125
-0.36505126953125 -0.235321044921875 0.253799438476563 0.180313110351563
-0.191741943359375 -0.390716552734375 0.18072509765625 0.39630126953125
-0.2176513671875 -0.48175048828125 0.0348720550537109 -0.0291004180908203
-0.355377197265625 -0.289642333984375 -0.0105171203613281 -0.00482559204101564
-0.471160888671875 -0.046966552734375 -0.0393943786621094 -0.0087127685546875
-0.31329345703125 0.25213623046875 -0.0280418395996094 0.0255508422851563
-0.08453369140625 0.3515625 -0.0534439086914063 0.0289688110351563
0.19720458984375 0.304473876953125 0.0114402770996094 0.0626945495605469
0.303070068359375 0.188232421875 0.0412673950195313 0.0449714660644531
0.270797729492188 0.186752319335938 0.0224800109863281 0.0156288146972656
0.323486328125 0.190032958984375 0.0114078521728516 0.0295600891113281
0.228271484375 0.277374267578125 0.000802993774414078 -0.0185413360595703
0.02880859375 0.38189697265625 -0.0171470642089844 -0.0663566589355469
-0.22357177734375 0.32086181640625 0.0648269653320312 -0.0720596313476562
-0.4630126953125 0.00549316406249998 0.171676635742188 -0.021209716796875
-0.440460205078125 -0.24365234375 0.1839599609375 0.127243041992187
-0.25347900390625 -0.448699951171875 0.123611450195313 0.254135131835938
-0.240570068359375 -0.463104248046875 -0.0292205810546875 -0.184417724609375
-0.368682861328125 -0.276824951171875 -0.0836639404296875 -0.0747451782226563
-0.469024658203125 -0.0382080078125001 -0.0475234985351563 -0.0192298889160156
-0.311126708984375 0.252471923828125 -0.0134410858154297 -0.0263519287109375
-0.092620849609375 0.343353271484375 -0.0660285949707031 -0.0510292053222656
0.180999755859375 0.306976318359375 -0.058258056640625 -0.0157279968261718
0.2806396484375 0.198883056640625 -0.0697097778320312 -0.00539779663085935
0.254623413085938 0.194442749023438 -0.083709716796875 -0.01690673828125
0.307525634765625 0.199127197265625 -0.0942230224609375 -0.00793457031249999
0.212020874023437 0.273971557617188 -0.0837249755859375 -0.076904296875
0.021575927734375 0.368621826171875 -0.0664291381835938 -0.125946044921875
-0.212005615234375 0.30853271484375 0.0442733764648437 -0.121803283691406
-0.445281982421875 0.0111694335937499 0.14111328125 -0.0472869873046875
-0.431640625 -0.224700927734375 0.0898971557617187 0.0736160278320312
-0.26422119140625 -0.4373779296875 0.0453262329101562 0.0981597900390625
-0.230316162109375 -0.370574951171875 -0.097381591796875 -0.3333740234375
-0.3226318359375 -0.213623046875 -0.156387329101563 -0.147537231445313
-0.379364013671875 -0.0174560546874999 -0.0599479675292969 -0.0334014892578125
-0.247039794921875 0.2073974609375 -0.00779724121093752 -0.07373046875
-0.0771484375 0.272247314453125 -0.0745391845703125 -0.116722106933594
0.138870239257813 0.255844116210937 -0.119422912597656 -0.0879592895507813
0.216888427734375 0.176055908203125 -0.169784545898438 -0.0536041259765625
0.200042724609375 0.173049926757813 -0.178268432617188 -0.0485382080078125
0.242202758789063 0.18060302734375 -0.186508178710937 -0.048004150390625
0.155563354492188 0.232650756835938 -0.152786254882813 -0.1275634765625
-0.00396728515624998 0.29632568359375 -0.100234985351563 -0.171783447265625
-0.180450439453125 0.230026245117187 0.0291900634765625 -0.15399169921875
-0.349212646484375 -0.00875854492187496 0.105499267578125 -0.058929443359375
-0.33782958984375 -0.185394287109375 -0.00258064270019533 0.0226802825927734
-0.2225341796875 -0.363189697265625 -0.0318031311035157 -0.0506172180175781
-0.182891845703125 -0.221420288085937 -0.1612548828125 -0.451263427734375
-0.224822998046875 -0.114547729492188 -0.217117309570313 -0.209274291992187
-0.224700927734375 0.00607299804687497 -0.0778884887695313 -0.0436553955078125
-0.138153076171875 0.127960205078125 -0.0143280029296875 -0.102264404296875
-0.0471038818359375 0.156097412109375 -0.0750579833984375 -0.152923583984375
0.076995849609375 0.160476684570313 -0.160369873046875 -0.138641357421875
0.120552062988281 0.125320434570313 -0.241592407226563 -0.0916595458984375
0.115943908691406 0.123451232910156 -0.24578857421875 -0.0735931396484375
0.140029907226563 0.135589599609375 -0.251144409179687 -0.08489990234375
0.0746307373046875 0.159194946289063 -0.194503784179687 -0.166305541992188
-0.033233642578125 0.180084228515625 -0.106536865234375 -0.199188232421875
-0.127197265625 0.116172790527344 0.026123046875 -0.166183471679687
-0.200836181640625 -0.03497314453125 0.0766220092773437 -0.0585708618164062
-0.192718505859375 -0.12176513671875 -0.069488525390625 -0.021942138671875
-0.146194458007813 -0.235305786132812 -0.089141845703125 -0.170562744140625
-0.102935791015625 -0.036712646484375 -0.21295166015625 -0.519561767578125
-0.0937042236328125 -0.00270080566406252 -0.2625732421875 -0.248153686523438
-0.0420265197753906 0.0281639099121094 -0.101646423339844 -0.0437698364257813
-0.0144824981689453 0.0321331024169922 -0.0307693481445313 -0.10308837890625
-0.0122890472412109 0.0202522277832031 -0.068939208984375 -0.152755737304688
0.00257110595703125 0.0431900024414063 -0.176177978515625 -0.157424926757813
0.00485610961914063 0.0542335510253906 -0.273681640625 -0.110183715820313
0.0128440856933594 0.0547752380371094 -0.275222778320313 -0.087921142578125
0.0182151794433594 0.0688972473144531 -0.277175903320313 -0.113632202148437
-0.0124969482421875 0.0623245239257812 -0.202713012695312 -0.188690185546875
-0.0500373840332031 0.0440559387207031 -0.0899200439453125 -0.206451416015625
-0.0515251159667969 -0.00074768066406249 0.034423828125 -0.16168212890625
-0.033966064453125 -0.038665771484375 0.059051513671875 -0.0504379272460938
-0.0340805053710938 -0.0327167510986328 -0.102066040039063 -0.0551376342773438
-0.0553627014160156 -0.0685577392578125 -0.118515014648437 -0.244293212890625
-0.0223388671875 -0.153274536132813 0.182815551757813 0.25286865234375
-0.101799011230469 -0.0714111328125 0.137535095214844 0.0789260864257813
-0.130294799804687 0.0257568359375 -0.0526847839355469 0.0140037536621094
-0.0550384521484375 0.096923828125 -0.057373046875 0.150985717773437
0.0293426513671875 0.108863830566406 0.035369873046875 0.209808349609375
0.10028076171875 0.0435791015625 0.20111083984375 0.190093994140625
0.121284484863281 -0.005340576171875 0.3072509765625 0.107574462890625
0.0992813110351563 0.010284423828125 0.283660888671875 0.073822021484375
0.111610412597656 0.00937652587890625 0.266586303710937 0.103378295898437
0.0876922607421875 0.06561279296875 0.19189453125 0.14520263671875
0.0190200805664062 0.112319946289062 0.09539794921875 0.120155334472656
-0.0834121704101563 0.085693359375 0.0694503784179688 0.0837631225585938
-0.129234313964844 -0.0308685302734375 0.158599853515625 0.0776214599609375
-0.0854873657226563 -0.103912353515625 0.31243896484375 0.23870849609375
0.0023193359375 -0.113372802734375 0.23779296875 0.580078125
-0.121826171875 -0.31988525390625 0.154251098632813 0.211029052734375
-0.223236083984375 -0.170013427734375 0.113700866699219 0.0791168212890625
-0.29071044921875 0.00271606445312506 -0.0434532165527344 0.0054473876953125
-0.16497802734375 0.178268432617187 -0.0545806884765625 0.118850708007813
-0.00500488281250002 0.229537963867187 -0.00106811523437501 0.17291259765625
0.1693115234375 0.157012939453125 0.155624389648438 0.1751708984375
0.2298583984375 0.0698394775390625 0.25201416015625 0.103713989257813
0.199539184570313 0.0839080810546875 0.22698974609375 0.062591552734375
0.22998046875 0.08447265625 0.212020874023438 0.0885162353515625
0.16668701171875 0.166839599609375 0.152877807617188 0.100860595703125
0.0277862548828125 0.245208740234375 0.0725173950195313 0.0658493041992188
-0.16009521484375 0.197540283203125 0.0804290771484375 0.0388259887695313
-0.297210693359375 -0.0257873535156249 0.185562133789062 0.047882080078125
-0.256393432617188 -0.18414306640625 0.31427001953125 0.21881103515625
-0.116943359375 -0.283538818359375 0.243621826171875 0.523162841796875
-0.202056884765625 -0.44427490234375 0.104598999023438 0.11260986328125
-0.322479248046875 -0.250213623046875 0.0638465881347656 0.0506935119628906
-0.423583984375 -0.01849365234375 -0.0397567749023438 -0.000610351562500002
-0.260177612304688 0.241806030273438 -0.0431365966796875 0.0784225463867188
-0.043701171875 0.325103759765625 -0.030517578125 0.114433288574219
0.212203979492188 0.250900268554688 0.0933074951171875 0.132698059082031
0.3038330078125 0.134979248046875 0.162017822265625 0.0814971923828125
0.269668579101563 0.14434814453125 0.136054992675781 0.0420761108398438
0.31488037109375 0.14324951171875 0.125617980957031 0.0629425048828125
0.227874755859375 0.240982055664063 0.086822509765625 0.04266357421875
0.04290771484375 0.34722900390625 0.0329627990722656 -0.000148773193359354
-0.205841064453125 0.295684814453125 0.0798416137695312 -0.017669677734375
-0.427886962890625 0.002655029296875 0.195205688476562 0.00921630859375
-0.3990478515625 -0.225860595703125 0.278579711914063 0.177993774414063
-0.224090576171875 -0.40576171875 0.21051025390625 0.410430908203125
-0.256591796875 -0.50299072265625 0.0390434265136719 -0.0293693542480469
-0.387939453125 -0.2911376953125 -0.0063591003417969 -0.0026059150695801
-0.5042724609375 -0.0242004394531249 -0.0426292419433594 -0.00735473632812499
-0.31768798828125 0.28277587890625 -0.0276203155517578 0.0293846130371094
-0.070953369140625 0.378936767578125 -0.0540885925292969 0.0373344421386719
0.22589111328125 0.308929443359375 0.0195350646972656 0.0658760070800781
0.3319091796875 0.179046630859375 0.0486984252929688 0.0443191528320313
0.29864501953125 0.181976318359375 0.0249748229980469 0.0151634216308594
0.354217529296875 0.178466796875 0.0167808532714844 0.03125
0.2581787109375 0.277801513671875 0.000185012817382828 -0.0183620452880859
0.054534912109375 0.400299072265625 -0.02142333984375 -0.0677032470703125
-0.219207763671875 0.352294921875 0.064178466796875 -0.0779571533203125
-0.4935302734375 0.0339050292968749 0.180160522460937 -0.029327392578125
-0.4793701171875 -0.230682373046875 0.201583862304687 0.126693725585937
-0.2911376953125 -0.46551513671875 0.141754150390625 0.263259887695312
-0.28057861328125 -0.48309326171875 -0.03692626953125 -0.190887451171875
-0.402587890625 -0.277923583984375 -0.08892822265625 -0.0726547241210938
-0.501983642578125 -0.01519775390625 -0.0521163940429688 -0.017913818359375
-0.316070556640625 0.28497314453125 -0.0161399841308594 -0.0259361267089844
-0.078948974609375 0.3707275390625 -0.07244873046875 -0.0459442138671875
0.20947265625 0.31304931640625 -0.0577468872070312 -0.0131950378417969
0.31072998046875 0.193084716796875 -0.0720291137695312 -0.002960205078125
0.28240966796875 0.191619873046875 -0.089752197265625 -0.014129638671875
0.33782958984375 0.189544677734375 -0.0973052978515625 -0.00350189208984374
0.241134643554688 0.27520751953125 -0.0914154052734375 -0.075836181640625
0.045867919921875 0.387969970703125 -0.0770111083984375 -0.128250122070313
-0.208099365234375 0.339202880859375 0.0397720336914062 -0.12860107421875
-0.473663330078125 0.037872314453125 0.145706176757812 -0.0555572509765625
-0.46893310546875 -0.212921142578125 0.0985183715820312 0.0755081176757813
-0.3043212890625 -0.454498291015625 0.0507278442382812 0.101730346679687
-0.263031005859375 -0.3865966796875 -0.117401123046875 -0.345672607421875
-0.352752685546875 -0.213043212890625 -0.170974731445313 -0.14495849609375
-0.40850830078125 0.00234985351562509 -0.0665931701660157 -0.0316238403320312
-0.251312255859375 0.234649658203125 -0.0138778686523438 -0.0760116577148437
-0.06756591796875 0.29547119140625 -0.0845565795898437 -0.115676879882813
0.163543701171875 0.261474609375 -0.126785278320312 -0.0863418579101562
0.2423095703125 0.173309326171875 -0.180892944335937 -0.0479736328125
0.223770141601563 0.172348022460938 -0.191513061523438 -0.04205322265625
0.268386840820313 0.174285888671875 -0.19732666015625 -0.0401763916015625
0.179244995117188 0.23590087890625 -0.167587280273438 -0.12567138671875
0.014373779296875 0.313873291015625 -0.114425659179688 -0.174514770507813
-0.179824829101563 0.256011962890625 0.0218658447265625 -0.162445068359375
-0.372650146484375 0.0100402832031251 0.106643676757812 -0.0664901733398438
-0.368316650390625 -0.177215576171875 -0.00282478332519533 0.0269966125488281
-0.25634765625 -0.3785400390625 -0.0383796691894531 -0.0515022277832031
-0.205337524414062 -0.2301025390625 -0.192474365234375 -0.468017578125
-0.24468994140625 -0.112533569335937 -0.240310668945313 -0.207855224609375
-0.242767333984375 0.0181427001953125 -0.0861434936523438 -0.04144287109375
-0.14154052734375 0.144271850585937 -0.0220870971679688 -0.105598449707031
-0.042938232421875 0.171096801757812 -0.0868682861328125 -0.155136108398438
0.091705322265625 0.166213989257813 -0.173614501953125 -0.136810302734375
0.137428283691406 0.126106262207031 -0.259506225585938 -0.08294677734375
0.131675720214844 0.125167846679688 -0.263885498046875 -0.0651702880859375
0.157974243164062 0.134323120117187 -0.268173217773438 -0.0756072998046875
0.0896759033203125 0.163223266601563 -0.2137451171875 -0.164108276367188
-0.0236663818359375 0.193252563476563 -0.123260498046875 -0.202896118164062
-0.129928588867188 0.131782531738281 0.017822265625 -0.176223754882813
-0.217010498046875 -0.0251617431640625 0.0762481689453125 -0.0644302368164063
-0.212005615234375 -0.119171142578125 -0.0778274536132813 -0.016387939453125
-0.168304443359375 -0.245758056640625 -0.105743408203125 -0.175735473632813
-0.109413146972656 -0.037872314453125 -0.251861572265625 -0.537200927734375
-0.101089477539063 -0.000289916992187517 -0.291748046875 -0.247406005859375
-0.0463676452636719 0.0302696228027344 -0.1114501953125 -0.040496826171875
-0.0156097412109375 0.0355148315429688 -0.0398330688476563 -0.105636596679688
-0.0131797790527344 0.0241966247558594 -0.079925537109375 -0.157196044921875
0.00638580322265625 0.0471763610839844 -0.19232177734375 -0.15631103515625
0.01123046875 0.0584754943847656 -0.296051025390625 -0.101104736328125
0.0185317993164062 0.0582275390625 -0.297332763671875 -0.078338623046875
0.02508544921875 0.0722885131835938 -0.299468994140625 -0.104705810546875
-0.00762176513671875 0.0670356750488281 -0.224014282226563 -0.187149047851562
-0.0493011474609375 0.0518455505371094 -0.105621337890625 -0.211044311523438
-0.0551376342773438 0.00416183471679687 0.0264129638671875 -0.172027587890625
-0.0407218933105469 -0.0398941040039063 0.0573577880859375 -0.0559806823730469
-0.0400772094726563 -0.0345993041992188 -0.11395263671875 -0.0503768920898437
-0.0636444091796875 -0.0735321044921875 -0.141372680664063 -0.25244140625
-0.0361480712890625 -0.155517578125 0.212905883789063 0.250595092773438
-0.107460021972656 -0.0658645629882812 0.1536865234375 0.0692596435546875
-0.130973815917969 0.0367279052734375 -0.0521469116210938 0.0185661315917969
-0.0485458374023438 0.103355407714844 -0.0454559326171875 0.160385131835938
0.0400466918945313 0.109512329101563 0.0541229248046875 0.21527099609375
0.106300354003906 0.0350875854492188 0.224014282226562 0.181289672851562
0.122207641601562 -0.0174484252929687 0.328369140625 0.086090087890625
0.102020263671875 0.0017242431640625 0.3018798828125 0.05474853515625
0.11480712890625 -0.00140380859375 0.28704833984375 0.0869140625
0.0955352783203125 0.059112548828125 0.210540771484375 0.136978149414063
0.0303497314453125 0.112701416015625 0.107803344726563 0.11773681640625
-0.0789260864257812 0.0963134765625 0.0791549682617188 0.0822525024414063
-0.135810852050781 -0.0188064575195313 0.172744750976562 0.0665435791015625
-0.09637451171875 -0.097686767578125 0.34552001953125 0.220703125
-0.00722503662109376 -0.116600036621094 0.29364013671875 0.5841064453125
-0.1539306640625 -0.32208251953125 0.180526733398438 0.210296630859375
-0.240997314453125 -0.15936279296875 0.129989624023437 0.0725479125976563
-0.3004150390625 0.026397705078125 -0.0443000793457031 0.00856399536132813
-0.156356811523438 0.196578979492188 -0.0454483032226563 0.126556396484375
0.013519287109375 0.239517211914063 0.0142364501953125 0.181442260742188
0.187637329101563 0.146316528320313 0.176742553710938 0.169265747070313
0.24267578125 0.0507659912109375 0.271682739257812 0.085784912109375
0.213516235351563 0.0695037841796875 0.241470336914063 0.0472869873046875
0.2447509765625 0.0657958984375 0.230865478515625 0.075347900390625
0.186477661132813 0.157302856445313 0.167129516601563 0.0938568115234375
0.05096435546875 0.250335693359375 0.0800018310546875 0.0635528564453125
-0.150802612304687 0.219635009765625 0.0871734619140625 0.0354690551757813
-0.31134033203125 0.00115966796874998 0.197784423828125 0.035308837890625
-0.280426025390625 -0.1671142578125 0.3463134765625 0.201171875
-0.14520263671875 -0.286834716796875 0.294036865234375 0.526123046875
-0.247344970703125 -0.44866943359375 0.121673583984375 0.112113952636719
-0.351593017578125 -0.237701416015625 0.0760269165039062 0.0486907958984375
-0.44244384765625 0.0151062011718751 -0.0418701171875 0.00239944458007813
-0.251434326171875 0.271499633789063 -0.0376205444335938 0.0851516723632813
-0.01873779296875 0.34283447265625 -0.0215911865234375 0.124443054199219
0.241348266601562 0.239852905273437 0.110481262207031 0.129478454589844
0.32672119140625 0.112060546875 0.17633056640625 0.0702667236328125
0.291961669921875 0.126861572265625 0.145370483398438 0.0330657958984375
0.339630126953125 0.119476318359375 0.138626098632813 0.0558700561523438
0.257217407226563 0.228607177734375 0.0939865112304688 0.0387649536132813
0.074371337890625 0.355194091796875 0.0341243743896484 -0.00158119201660154
-0.19073486328125 0.32623291015625 0.0820846557617188 -0.0231170654296875
-0.447265625 0.040924072265625 0.203872680664063 -0.0045318603515625
-0.4322509765625 -0.1988525390625 0.30462646484375 0.163055419921875
-0.267730712890625 -0.407745361328125 0.249603271484375 0.412200927734375
-0.30889892578125 -0.506591796875 0.0420379638671875 -0.0305976867675782
-0.425384521484375 -0.275970458984375 -0.00157296657562258 -0.0005466938018799
-0.528228759765625 0.0163269042968749 -0.0461654663085938 -0.00380706787109374
-0.30877685546875 0.3194580078125 -0.026449203491211 0.034078598022461
-0.042999267578125 0.402069091796875 -0.0517845153808594 0.0472030639648438
0.261505126953125 0.299072265625 0.0291290283203125 0.0657234191894531
0.36163330078125 0.15557861328125 0.0560455322265625 0.0402450561523438
0.326934814453125 0.163848876953125 0.0274658203125 0.0136489868164063
0.383087158203125 0.15301513671875 0.0232391357421875 0.0311012268066406
0.2919921875 0.265045166015625 -0.000823974609374981 -0.0185585021972656
0.090606689453125 0.40960693359375 -0.0283012390136719 -0.0677032470703125
-0.20001220703125 0.386566162109375 0.0606689453125 -0.083587646484375
-0.51226806640625 0.0776062011718751 0.184249877929687 -0.0424957275390625
-0.516448974609375 -0.198333740234375 0.220550537109375 0.11724853515625
-0.34375 -0.465576171875 0.16644287109375 0.263778686523437
-0.332183837890625 -0.485992431640625 -0.0512237548828125 -0.193557739257813
-0.440521240234375 -0.261444091796875 -0.0946044921875 -0.0665969848632813
-0.527923583984375 0.0261230468750001 -0.057647705078125 -0.0133857727050781
-0.307647705078125 0.32196044921875 -0.0195465087890625 -0.0231475830078125
-0.052703857421875 0.3955078125 -0.0777053833007813 -0.0379638671875
0.24603271484375 0.3060302734375 -0.057159423828125 -0.0101280212402344
0.34173583984375 0.17291259765625 -0.0732040405273437 0.00180816650390625
0.310943603515625 0.17596435546875 -0.0951614379882812 -0.00795745849609372
0.36737060546875 0.16583251953125 -0.0985641479492187 0.003692626953125
0.274459838867188 0.264450073242188 -0.100921630859375 -0.0713348388671875
0.08087158203125 0.399749755859375 -0.0903472900390625 -0.126243591308594
-0.189849853515625 0.371978759765625 0.0309066772460937 -0.135032653808594
-0.49212646484375 0.0802917480468749 0.14599609375 -0.066802978515625
-0.503936767578125 -0.181060791015625 0.107933044433594 0.072906494140625
-0.354217529296875 -0.453857421875 0.0584564208984375 0.102561950683594
-0.307464599609375 -0.3875732421875 -0.14813232421875 -0.34967041015625
-0.3848876953125 -0.197784423828125 -0.187271118164063 -0.135910034179687
-0.430511474609375 0.0360717773437499 -0.0745773315429688 -0.0263214111328125
-0.244918823242188 0.266189575195313 -0.02117919921875 -0.0753326416015625
-0.04736328125 0.31744384765625 -0.0953140258789062 -0.110786437988281
0.19287109375 0.257247924804688 -0.134414672851562 -0.0809173583984375
0.269439697265625 0.158828735351563 -0.189498901367187 -0.0359039306640625
0.249649047851563 0.160293579101563 -0.2030029296875 -0.029571533203125
0.294952392578125 0.15631103515625 -0.206436157226562 -0.0269317626953125
0.207321166992188 0.228073120117188 -0.184158325195313 -0.117080688476562
0.042510986328125 0.3253173828125 -0.132369995117188 -0.170913696289062
-0.1676025390625 0.2821044921875 0.00878906250000001 -0.168655395507812
-0.39007568359375 0.042327880859375 0.104560852050781 -0.0746002197265625
-0.397125244140625 -0.153900146484375 -0.00142669677734377 0.03131103515625
-0.298919677734375 -0.379058837890625 -0.0467033386230469 -0.0503997802734375
-0.23309326171875 -0.229217529296875 -0.236358642578125 -0.47064208984375
-0.265548706054688 -0.101150512695313 -0.26617431640625 -0.1956787109375
-0.256698608398437 0.038177490234375 -0.0955734252929688 -0.0347137451171875
-0.137786865234375 0.163253784179688 -0.0330352783203125 -0.105133056640625
-0.031768798828125 0.185592651367188 -0.10198974609375 -0.152023315429687
0.11090087890625 0.1651611328125 -0.188018798828125 -0.129226684570313
0.15673828125 0.119125366210938 -0.275131225585938 -0.0656738281249999
0.149429321289063 0.11932373046875 -0.281219482421875 -0.04693603515625
0.176910400390625 0.125106811523438 -0.28424072265625 -0.0585021972656249
0.108749389648438 0.161270141601563 -0.234695434570313 -0.153915405273438
-0.00706481933593752 0.2041015625 -0.14288330078125 -0.199630737304688
-0.125228881835938 0.149887084960938 0.00379943847656251 -0.183212280273438
-0.231277465820313 -0.00878906250000002 0.0721664428710937 -0.0710525512695313
-0.2310791015625 -0.107070922851562 -0.0834121704101563 -0.0069732666015625
-0.196624755859375 -0.247100830078125 -0.126480102539062 -0.174652099609375
-0.117408752441406 -0.0354766845703125 -0.30303955078125 -0.539947509765625
-0.107269287109375 0.0050811767578125 -0.32489013671875 -0.23358154296875
-0.050262451171875 0.0344924926757813 -0.121429443359375 -0.0317611694335938
-0.0153617858886719 0.0391960144042969 -0.05084228515625 -0.104042053222656
-0.0124855041503906 0.0288944244384766 -0.0949859619140625 -0.156463623046875
0.011505126953125 0.0499610900878906 -0.21026611328125 -0.147720336914063
0.0192413330078125 0.0609359741210938 -0.31549072265625 -0.08026123046875
0.026092529296875 0.0596771240234375 -0.316864013671875 -0.0584716796874999
0.0340423583984375 0.0733413696289063 -0.320159912109375 -0.0839538574218751
-0.00118255615234375 0.0709457397460938 -0.247268676757813 -0.176849365234375
-0.0454902648925781 0.0602607727050781 -0.125137329101563 -0.20953369140625
-0.0583305358886719 0.0108528137207031 0.0128173828125 -0.180130004882813
-0.0488510131835937 -0.0389251708984375 0.0528411865234375 -0.0608406066894531
-0.0469322204589844 -0.0336189270019531 -0.124824523925781 -0.0397796630859375
-0.07415771484375 -0.0755691528320313 -0.169235229492187 -0.251678466796875
-0.049285888671875 -0.150604248046875 0.23809814453125 0.237533569335937
-0.109710693359375 -0.0581436157226563 0.16412353515625 0.055145263671875
-0.12646484375 0.046234130859375 -0.0504264831542969 0.0217819213867187
-0.0400619506835937 0.106544494628906 -0.0311279296875 0.16326904296875
0.0503997802734375 0.105873107910156 0.072296142578125 0.21197509765625
0.108268737792969 0.024627685546875 0.239547729492188 0.163375854492188
0.11810302734375 -0.0292892456054688 0.33770751953125 0.058135986328125
0.10028076171875 -0.00760650634765625 0.3095703125 0.03057861328125
0.113288879394531 -0.0123977661132813 0.298828125 0.064483642578125
0.0996246337890625 0.0500411987304688 0.223831176757813 0.121688842773438
0.040191650390625 0.108070373535156 0.117355346679687 0.110870361328125
-0.0702667236328125 0.10382080078125 0.0873336791992188 0.0765457153320313
-0.136474609375 -0.00498199462890626 0.179855346679688 0.050750732421875
-0.104057312011719 -0.0865478515625 0.367156982421875 0.190399169921875
-0.0173187255859375 -0.115776062011719 0.345458984375 0.56500244140625
-0.18280029296875 -0.3111572265625 0.203201293945313 0.20025634765625
-0.2520751953125 -0.142364501953125 0.141372680664062 0.0610504150390625
-0.29925537109375 0.05126953125 -0.0436744689941406 0.0116767883300781
-0.14056396484375 0.209701538085938 -0.0344467163085938 0.130500793457031
0.0344085693359375 0.239990234375 0.0305633544921875 0.182754516601563
0.20025634765625 0.128219604492188 0.192855834960938 0.154052734375
0.24676513671875 0.02789306640625 0.28125 0.0628662109375
0.21954345703125 0.0516510009765625 0.248291015625 0.0283203125
0.250335693359375 0.0428466796875 0.241470336914063 0.057647705078125
0.2001953125 0.140182495117188 0.175994873046875 0.08203125
0.072845458984375 0.2457275390625 0.08477783203125 0.0581893920898438
-0.133056640625 0.234329223632812 0.0918426513671875 0.02984619140625
-0.312713623046875 0.03045654296875 0.202423095703125 0.0188446044921875
-0.293212890625 -0.141937255859375 0.36590576171875 0.17193603515625
-0.171585083007812 -0.277389526367188 0.33880615234375 0.506103515625
-0.287811279296875 -0.432647705078125 0.135055541992188 0.106552124023437
-0.3707275390625 -0.21319580078125 0.0860366821289062 0.0424652099609375
-0.444915771484375 0.05316162109375 -0.0425758361816407 0.00559616088867188
-0.23052978515625 0.293243408203125 -0.029754638671875 0.089111328125
0.010406494140625 0.34869384765625 -0.00994873046874999 0.129852294921875
0.26287841796875 0.217864990234375 0.12384033203125 0.119384765625
0.337188720703125 0.082305908203125 0.18511962890625 0.0552520751953125
0.305084228515625 0.103271484375 0.149612426757813 0.021942138671875
0.35137939453125 0.087432861328125 0.146942138671875 0.044708251953125
0.2781982421875 0.205642700195313 0.0978164672851563 0.03228759765625
0.1070556640625 0.349212646484375 0.0329532623291016 -0.00316047668457029
-0.165740966796875 0.345703125 0.0810699462890625 -0.0280838012695312
-0.4462890625 0.0815124511718749 0.205093383789062 -0.0199432373046875
-0.4493408203125 -0.162017822265625 0.321197509765625 0.138427734375
-0.304656982421875 -0.39288330078125 0.28570556640625 0.39605712890625
-0.356292724609375 -0.488037109375 0.0430908203125 -0.0310745239257813
-0.449462890625 -0.24615478515625 0.00312757492065427 0.000141859054565415
-0.53338623046875 0.0619201660156251 -0.0485916137695313 0.00110244750976563
-0.28472900390625 0.347412109375 -0.0234260559082031 0.0383377075195313
-0.00933837890625001 0.4114990234375 -0.0465965270996094 0.0557136535644531
0.288848876953125 0.27581787109375 0.0380821228027344 0.0613594055175781
0.37738037109375 0.12310791015625 0.0612297058105469 0.0345954895019531
0.343475341796875 0.137176513671875 0.0286083221435547 0.0117359161376953
0.397857666015625 0.116851806640625 0.0286579132080078 0.0282878875732422
0.316253662109375 0.239044189453125 -0.00219726562499998 -0.0177898406982422
0.1275634765625 0.40380859375 -0.0339317321777344 -0.06451416015625
-0.17071533203125 0.40692138671875 0.0546875 -0.0872573852539062
-0.511199951171875 0.123321533203125 0.182830810546875 -0.055755615234375
-0.534210205078125 -0.1551513671875 0.232254028320312 0.100830078125
-0.38641357421875 -0.446868896484375 0.187698364257813 0.253494262695313
-0.376953125 -0.46746826171875 -0.0640106201171875 -0.188552856445313
-0.4656982421875 -0.23162841796875 -0.09649658203125 -0.0583343505859375
-0.535369873046875 0.071685791015625 -0.0618934631347657 -0.00764846801757811
-0.284576416015625 0.3514404296875 -0.0213031768798828 -0.0189590454101562
-0.019805908203125 0.40667724609375 -0.0793075561523438 -0.02789306640625
0.27423095703125 0.284912109375 -0.0549774169921875 -0.00849914550781247
0.35986328125 0.14117431640625 -0.072265625 0.00634765625
0.330413818359375 0.150238037109375 -0.0966720581054687 2.28881835937704E-05
0.38494873046875 0.131744384765625 -0.0966720581054687 0.010650634765625
0.29925537109375 0.239410400390625 -0.107551574707031 -0.0633316040039062
0.116912841796875 0.394683837890625 -0.101264953613281 -0.117568969726562
-0.161712646484375 0.39251708984375 0.0200424194335938 -0.136100769042969
-0.4910888671875 0.124114990234375 0.14190673828125 -0.076263427734375
-0.521484375 -0.140350341796875 0.115402221679687 0.0666961669921875
-0.397979736328125 -0.434051513671875 0.0653839111328125 0.0999298095703125
-0.343475341796875 -0.370361328125 -0.175018310546875 -0.33837890625
-0.405120849609375 -0.172119140625 -0.197952270507813 -0.119720458984375
-0.43585205078125 0.0739440917968751 -0.0799560546875 -0.0179672241210937
-0.2257080078125 0.290008544921875 -0.0280380249023438 -0.0705947875976563
-0.021087646484375 0.327911376953125 -0.103263854980469 -0.09991455078125
0.21734619140625 0.240585327148438 -0.138702392578125 -0.072845458984375
0.288665771484375 0.134307861328125 -0.193389892578125 -0.021575927734375
0.266433715820313 0.140350341796875 -0.20831298828125 -0.0125732421875
0.31085205078125 0.129119873046875 -0.209320068359375 -0.0108642578125
0.22882080078125 0.209335327148438 -0.194625854492187 -0.102691650390625
0.07183837890625 0.324188232421875 -0.146896362304688 -0.1597900390625
-0.145599365234375 0.300689697265625 -0.00492858886718753 -0.168869018554687
-0.39190673828125 0.075958251953125 0.0987319946289062 -0.0806961059570313
-0.41241455078125 -0.121429443359375 0.00115585327148435 0.0352897644042969
-0.33544921875 -0.363433837890625 -0.0527153015136719 -0.0459823608398438
-0.254669189453125 -0.217514038085937 -0.2760009765625 -0.454376220703125
-0.278228759765625 -0.0841064453125 -0.284454345703125 -0.1734619140625
-0.260269165039063 0.0611419677734375 -0.1016845703125 -0.0247421264648437
-0.126861572265625 0.178390502929687 -0.0426406860351563 -0.099639892578125
-0.0164337158203125 0.192764282226563 -0.114028930664062 -0.1427001953125
0.127090454101563 0.156387329101563 -0.19720458984375 -0.116668701171875
0.171371459960938 0.105178833007813 -0.28216552734375 -0.0440368652343749
0.163055419921875 0.107376098632813 -0.288238525390625 -0.02471923828125
0.19024658203125 0.108856201171875 -0.290374755859375 -0.035430908203125
0.124267578125 0.151779174804688 -0.248916625976563 -0.134857177734375
0.012054443359375 0.2071533203125 -0.160171508789063 -0.187911987304688
-0.114456176757813 0.1632080078125 -0.011749267578125 -0.183441162109375
-0.23687744140625 0.0107879638671875 0.0659637451171875 -0.0740127563476563
-0.242279052734375 -0.08856201171875 -0.0851821899414063 0.00361633300781249
-0.221847534179687 -0.237335205078125 -0.14398193359375 -0.16546630859375
-0.121665954589844 -0.03094482421875 -0.348419189453125 -0.519287109375
-0.109954833984375 0.01177978515625 -0.347198486328125 -0.206298828125
-0.0522499084472656 0.0387611389160156 -0.12640380859375 -0.0198593139648437
-0.0145339965820313 0.04248046875 -0.0604782104492188 -0.0971221923828125
-0.0111408233642578 0.0322723388671875 -0.107574462890625 -0.149490356445313
0.0163421630859375 0.04962158203125 -0.22265625 -0.133132934570313
0.0280494689941406 0.0596504211425781 -0.324493408203125 -0.055389404296875
0.0334358215332031 0.0577888488769531 -0.32513427734375 -0.03228759765625
0.0422515869140625 0.0706558227539063 -0.329254150390625 -0.059539794921875
0.00689697265625001 0.0711517333984375 -0.263565063476563 -0.157012939453125
-0.0392227172851562 0.06646728515625 -0.142318725585938 -0.199295043945312
-0.0582046508789063 0.017822265625 -0.00360107421874999 -0.18157958984375
-0.0558929443359375 -0.0354995727539063 0.0471115112304688 -0.0630340576171875
-0.0520973205566406 -0.0306968688964844 -0.130279541015625 -0.0256881713867188
-0.083343505859375 -0.0731201171875 -0.193710327148437 -0.240127563476563
-0.0575408935546875 -0.143417358398438 0.251937866210938 0.223785400390625
-0.108596801757813 -0.0520095825195313 0.168060302734375 0.0425262451171875
-0.119918823242188 0.0523147583007813 -0.0482559204101563 0.0234146118164063
-0.0327301025390625 0.105628967285156 -0.020233154296875 0.160781860351562
0.056182861328125 0.100425720214844 0.0842132568359375 0.204620361328125
0.106796264648438 0.0164031982421875 0.244979858398438 0.146209716796875
0.111534118652344 -0.0369186401367188 0.336700439453125 0.0364990234375
0.0969009399414063 -0.0130615234375 0.308685302734375 0.013092041015625
0.108970642089844 -0.0201568603515625 0.301361083984375 0.047027587890625
0.100059509277344 0.042236328125 0.228012084960938 0.108978271484375
0.0462265014648438 0.101509094238281 0.121910095214844 0.103492736816406
-0.062286376953125 0.106658935546875 0.0916213989257813 0.070709228515625
-0.132057189941406 0.00538635253906249 0.180526733398438 0.037933349609375
-0.106346130371094 -0.0758743286132813 0.37310791015625 0.16290283203125
-0.0241928100585937 -0.112091064453125 0.3726806640625 0.53643798828125
-0.199737548828125 -0.294830322265625 0.2156982421875 0.189132690429687
-0.254165649414063 -0.127609252929687 0.14727783203125 0.0506744384765625
-0.29156494140625 0.068115234375 -0.0431785583496094 0.0138931274414062
-0.126129150390625 0.213760375976562 -0.02520751953125 0.130111694335937
0.0493621826171875 0.234161376953125 0.04132080078125 0.17974853515625
0.203826904296875 0.111007690429688 0.199249267578125 0.139373779296875
0.242904663085938 0.009857177734375 0.282318115234375 0.043701171875
0.218414306640625 0.037872314453125 0.24749755859375 0.0143280029296875
0.247512817382813 0.024505615234375 0.24456787109375 0.0428619384765625
0.205337524414063 0.124008178710938 0.178436279296875 0.071746826171875
0.0869293212890625 0.235397338867188 0.0862579345703125 0.0536727905273438
-0.116531372070313 0.241012573242188 0.09344482421875 0.0255355834960938
-0.3052978515625 0.05072021484375 0.201507568359375 0.006317138671875
-0.2960205078125 -0.11968994140625 0.371246337890625 0.147125244140625
-0.187896728515625 -0.26458740234375 0.3636474609375 0.480926513671875
-0.311920166015625 -0.4107666015625 0.143966674804687 0.101150512695312
-0.376434326171875 -0.191253662109375 0.09234619140625 0.0359725952148437
-0.437469482421875 0.07904052734375 -0.0433883666992188 0.00922012329101563
-0.21051025390625 0.302978515625 -0.0239105224609375 0.0905075073242188
0.03265380859375 0.3448486328125 0.000144958496093752 0.130599975585938
0.2716064453125 0.1951904296875 0.130439758300781 0.108802795410156
0.3367919921875 0.05767822265625 0.18646240234375 0.041656494140625
0.307373046875 0.082977294921875 0.149581909179688 0.0137481689453125
0.350494384765625 0.061767578125 0.150222778320313 0.035003662109375
0.28631591796875 0.183685302734375 0.0984268188476563 0.0272674560546875
0.126617431640625 0.3365478515625 0.0312538146972656 -0.00341606140136717
-0.142608642578125 0.3529052734375 0.07989501953125 -0.0305862426757812
-0.435394287109375 0.109771728515625 0.202285766601563 -0.031005859375
-0.449859619140625 -0.13134765625 0.325836181640625 0.1180419921875
-0.327606201171875 -0.372894287109375 0.303558349609375 0.377166748046875
-0.3828125 -0.4642333984375 0.044647216796875 -0.029815673828125
-0.4586181640625 -0.220367431640625 0.00789833068847653 -0.000150203704833998
-0.526611328125 0.0942687988281249 -0.0498504638671875 0.00526809692382814
-0.26171875 0.361114501953125 -0.0201454162597656 0.0413398742675781
0.0164794921875 0.40985107421875 -0.0400924682617188 0.0600357055664063
0.301422119140625 0.250946044921875 0.0426063537597657 0.0565910339355469
0.380767822265625 0.09356689453125 0.0638046264648438 0.0290756225585938
0.348968505859375 0.114837646484375 0.0284423828125 0.0104751586914063
0.3995361328125 0.08831787109375 0.0323314666748047 0.025543212890625
0.326080322265625 0.213653564453125 -0.00361061096191404 -0.0168018341064453
0.151123046875 0.3900146484375 -0.0385932922363281 -0.0605392456054687
-0.1448974609375 0.414215087890625 0.0498733520507812 -0.087646484375
-0.49908447265625 0.154754638671875 0.178451538085937 -0.063720703125
-0.53460693359375 -0.121917724609375 0.235748291015625 0.0869598388671875
-0.41229248046875 -0.42132568359375 0.19891357421875 0.240951538085938
-0.403350830078125 -0.44427490234375 -0.07159423828125 -0.179946899414063
-0.47503662109375 -0.206024169921875 -0.0956878662109375 -0.0515899658203125
-0.528533935546875 0.10498046875 -0.0640106201171875 -0.000751495361328112
-0.26153564453125 0.366058349609375 -0.0219821929931641 -0.0149612426757812
0.00546264648437503 0.40692138671875 -0.077545166015625 -0.0200881958007812
0.287384033203125 0.261566162109375 -0.0526618957519531 -0.00774383544921874
0.366119384765625 0.11358642578125 -0.0696868896484375 0.00930023193359375
0.3365478515625 0.128326416015625 -0.0965728759765625 0.00582122802734374
0.38751220703125 0.10400390625 -0.0930557250976562 0.0150146484375
0.309356689453125 0.215301513671875 -0.11041259765625 -0.0555191040039063
0.14031982421875 0.38232421875 -0.107688903808594 -0.109306335449219
-0.1370849609375 0.4000244140625 0.0128631591796875 -0.133827209472656
-0.479644775390625 0.153106689453125 0.136611938476562 -0.0813369750976562
-0.522216796875 -0.10748291015625 0.1182861328125 0.060821533203125
-0.42236328125 -0.41009521484375 0.068817138671875 0.09588623046875
-0.36383056640625 -0.35235595703125 -0.19012451171875 -0.322967529296875
-0.41326904296875 -0.150421142578125 -0.200149536132813 -0.106704711914063
-0.4320068359375 0.101226806640625 -0.0819549560546875 -0.00991058349609373
-0.208282470703125 0.30352783203125 -0.03143310546875 -0.0646171569824219
-0.000457763671875009 0.3294677734375 -0.105430603027344 -0.0903091430664063
0.22955322265625 0.222854614257812 -0.139015197753906 -0.0668563842773438
0.295074462890625 0.1112060546875 -0.191162109375 -0.0108795166015625
0.273727416992188 0.122451782226563 -0.2080078125 -0.000762939453124994
0.315185546875 0.106109619140625 -0.20587158203125 0.000335693359374965
0.2391357421875 0.190353393554688 -0.198867797851563 -0.0896606445312499
0.09197998046875 0.316009521484375 -0.155044555664062 -0.148178100585937
-0.1275634765625 0.30792236328125 -0.0146331787109375 -0.164108276367187
-0.38543701171875 0.0992126464843749 0.0939254760742187 -0.082977294921875
-0.41314697265625 -0.0968933105468751 0.00354003906249998 0.0369720458984375
-0.356781005859375 -0.344024658203125 -0.0570259094238281 -0.041900634765625
-0.26715087890625 -0.204803466796875 -0.2979736328125 -0.4337158203125
-0.282745361328125 -0.0701904296875 -0.290924072265625 -0.1539306640625
-0.259368896484375 0.0777435302734374 -0.103569030761719 -0.0148849487304687
-0.116775512695312 0.186019897460938 -0.0476303100585937 -0.0926742553710937
-0.00444030761718751 0.1947021484375 -0.118637084960938 -0.1328125
0.1353759765625 0.145278930664063 -0.200057983398438 -0.10675048828125
0.178359985351563 0.0909423828125 -0.280563354492188 -0.0277862548828125
0.169540405273438 0.0960845947265625 -0.287841796875 -0.00750732421874999
0.194915771484375 0.0938262939453125 -0.2891845703125 -0.01910400390625
0.132583618164063 0.140625 -0.25372314453125 -0.119049072265625
0.02593994140625 0.204833984375 -0.168716430664063 -0.175064086914063
-0.103668212890625 0.170150756835937 -0.023162841796875 -0.179092407226563
-0.236068725585938 0.0254974365234375 0.06134033203125 -0.0743789672851563
-0.244430541992188 -0.07452392578125 -0.0831069946289063 0.011688232421875
-0.236526489257813 -0.225555419921875 -0.154022216796875 -0.154449462890625
-0.123001098632813 -0.0276260375976562 -0.374755859375 -0.493316650390625
-0.110664367675781 0.0167388916015625 -0.356719970703125 -0.182647705078125
-0.0531387329101562 0.0419960021972656 -0.127220153808594 -0.00940704345703123
-0.0134391784667969 0.0446090698242188 -0.0653533935546875 -0.0898513793945313
-0.00977897644042969 0.0349273681640625 -0.1136474609375 -0.140701293945313
0.0201759338378906 0.04852294921875 -0.226119995117188 -0.12078857421875
0.0339584350585938 0.0564727783203125 -0.324554443359375 -0.034698486328125
0.0387725830078125 0.0550994873046875 -0.324615478515625 -0.0130615234375
0.047576904296875 0.0670738220214844 -0.330047607421875 -0.0390319824218749
0.0122528076171875 0.0696296691894531 -0.2691650390625 -0.139678955078125
-0.0328102111816406 0.0697517395019531 -0.151962280273438 -0.187728881835938
-0.0569839477539062 0.0230293273925781 -0.0150604248046875 -0.1778564453125
-0.0606536865234375 -0.031463623046875 0.0421791076660156 -0.0626373291015625
-0.0555152893066406 -0.0278816223144531 -0.129989624023438 -0.0148239135742187
-0.0891647338867188 -0.070526123046875 -0.207717895507813 -0.226287841796875
-0.0611038208007813 -0.136566162109375 0.260787963867188 0.2169189453125
-0.106285095214844 -0.0486602783203125 0.17022705078125 0.03497314453125
-0.115592956542969 0.0545730590820312 -0.0475540161132813 0.0237464904785156
-0.029327392578125 0.103599548339844 -0.0149078369140625 0.15869140625
0.0602951049804687 0.0958709716796875 0.09039306640625 0.200225830078125
0.104454040527344 0.01116943359375 0.245925903320313 0.137115478515625
0.10589599609375 -0.0399856567382813 0.335174560546875 0.024169921875
0.0935134887695313 -0.0159759521484375 0.30816650390625 0.004150390625
0.10491943359375 -0.0244216918945313 0.302093505859375 0.037261962890625
0.09942626953125 0.0368270874023438 0.230056762695313 0.10205078125
0.0489349365234375 0.0968475341796875 0.123619079589844 0.0992050170898438
-0.0571517944335938 0.108131408691406 0.0941925048828125 0.0671157836914063
-0.128334045410156 0.0107269287109375 0.179824829101562 0.02996826171875
-0.105812072753906 -0.0694046020507813 0.373870849609375 0.14764404296875
-0.028167724609375 -0.108489990234375 0.38641357421875 0.520111083984375
-0.207977294921875 -0.28363037109375 0.224609375 0.183273315429687
-0.253341674804688 -0.119857788085938 0.150955200195313 0.04339599609375
-0.28521728515625 0.07659912109375 -0.0436134338378906 0.01513671875
-0.1180419921875 0.21466064453125 -0.0203857421875 0.129066467285156
0.0579986572265625 0.229660034179687 0.04827880859375 0.177719116210938
0.203659057617188 0.100540161132812 0.201644897460938 0.130874633789062
0.237762451171875 -0.0006561279296875 0.281219482421875 0.0328369140625
0.217575073242188 0.0301055908203125 0.24774169921875 0.00714111328125
0.244003295898437 0.014129638671875 0.246170043945313 0.03466796875
0.205673217773438 0.113677978515625 0.17938232421875 0.067108154296875
0.0942840576171875 0.228042602539062 0.086181640625 0.051849365234375
-0.107772827148437 0.243881225585938 0.09490966796875 0.0229110717773438
-0.2994384765625 0.062042236328125 0.200439453125 -0.000976562499999996
-0.294525146484375 -0.107086181640625 0.37237548828125 0.131683349609375
-0.196014404296875 -0.255935668945313 0.375762939453125 0.466552734375
-0.324432373046875 -0.396759033203125 0.150558471679687 0.0990753173828125
-0.3785400390625 -0.1807861328125 0.0965957641601562 0.03155517578125
-0.4307861328125 0.0936889648437501 -0.0442161560058594 0.0116081237792969
-0.199127197265625 0.30657958984375 -0.01959228515625 0.09112548828125
0.044921875 0.341522216796875 0.0060272216796875 0.131439208984375
0.273941040039063 0.180587768554688 0.132514953613281 0.101341247558594
0.333831787109375 0.041259765625 0.187210083007813 0.0341796875
0.307708740234375 0.07159423828125 0.149154663085938 0.0092315673828125
0.347686767578125 0.047576904296875 0.152587890625 0.0292816162109375
0.288421630859375 0.1688232421875 0.0980987548828125 0.0252456665039063
0.13800048828125 0.327728271484375 0.0301322937011719 -0.00308990478515623
-0.1302490234375 0.356475830078125 0.0798110961914062 -0.0317153930664062
-0.427337646484375 0.125579833984375 0.200820922851562 -0.0365447998046875
-0.44744873046875 -0.115447998046875 0.32647705078125 0.106231689453125
-0.340179443359375 -0.360595703125 0.310150146484375 0.364410400390625
-0.39825439453125 -0.44964599609375 0.0474853515625 -0.0279312133789063
-0.460357666015625 -0.2080078125 0.0118055343627929 -0.00103664398193361
-0.522064208984375 0.1123046875 -0.0521011352539063 0.00978851318359376
-0.248321533203125 0.36737060546875 -0.0177230834960938 0.0431137084960938
0.03228759765625 0.408477783203125 -0.035430908203125 0.0632896423339844
0.305999755859375 0.235137939453125 0.0450630187988281 0.051055908203125
0.379119873046875 0.075408935546875 0.0648536682128907 0.0249595642089844
0.351043701171875 0.10198974609375 0.0285720825195313 0.0101337432861328
0.39788818359375 0.071014404296875 0.0343818664550781 0.0230712890625
0.328277587890625 0.197509765625 -0.00450325012207029 -0.0153102874755859
0.163604736328125 0.380706787109375 -0.0410614013671875 -0.056640625
-0.1307373046875 0.418975830078125 0.04815673828125 -0.0866012573242187
-0.48919677734375 0.172607421875 0.1761474609375 -0.06817626953125
-0.530059814453125 -0.103118896484375 0.236495971679687 0.079010009765625
-0.426025390625 -0.407623291015625 0.203857421875 0.233749389648438
-0.416717529296875 -0.4300537109375 -0.073577880859375 -0.174423217773438
-0.48052978515625 -0.19384765625 -0.0935821533203125 -0.0480499267578125
-0.5252685546875 0.1243896484375 -0.0657081604003907 0.00470733642578126
-0.248260498046875 0.3734130859375 -0.021078109741211 -0.0117378234863281
0.02105712890625 0.407073974609375 -0.0749359130859375 -0.0151214599609375
0.293182373046875 0.245697021484375 -0.0515289306640625 -0.00915145874023437
0.366180419921875 0.09564208984375 -0.0683403015136718 0.010345458984375
0.34033203125 0.115234375 -0.0968551635742187 0.0091552734375
0.386932373046875 0.086822509765625 -0.0907745361328125 0.0158843994140625
0.31292724609375 0.19976806640625 -0.111747741699219 -0.0507354736328125
0.152923583984375 0.37359619140625 -0.111373901367187 -0.102989196777344
-0.124298095703125 0.402679443359375 0.00947570800781249 -0.131507873535156
-0.473052978515625 0.168853759765625 0.1346435546875 -0.0833663940429687
-0.517425537109375 -0.09100341796875 0.119880676269531 0.0576324462890625
-0.4354248046875 -0.3970947265625 0.0700531005859375 0.0932159423828125
-0.374847412109375 -0.34130859375 -0.19793701171875 -0.313873291015625
-0.417144775390625 -0.140411376953125 -0.200775146484375 -0.099456787109375
-0.430389404296875 0.11767578125 -0.0838546752929688 -0.0031890869140625
-0.196746826171875 0.309661865234375 -0.0321121215820313 -0.060089111328125
0.011932373046875 0.33135986328125 -0.105796813964844 -0.0844650268554687
0.235061645507813 0.210617065429688 -0.139152526855469 -0.0647506713867187
0.297027587890625 0.096649169921875 -0.189804077148437 -0.00602722167968751
0.277862548828125 0.111465454101563 -0.207656860351562 0.00599670410156247
0.31573486328125 0.092315673828125 -0.203933715820312 0.00531005859375
0.2432861328125 0.178054809570313 -0.200469970703125 -0.0818328857421875
0.103851318359375 0.310028076171875 -0.15875244140625 -0.14019775390625
-0.1165771484375 0.311187744140625 -0.0190582275390625 -0.1611328125
-0.38104248046875 0.11163330078125 0.0921630859375 -0.0833740234375
-0.410888671875 -0.0836791992187499 0.00539398193359373 0.0380134582519531
-0.368255615234375 -0.332550048828125 -0.0592498779296875 -0.0399055480957032
-0.273681640625 -0.199371337890625 -0.3082275390625 -0.421234130859375
-0.285888671875 -0.063446044921875 -0.292877197265625 -0.14312744140625
-0.25946044921875 0.0885009765625 -0.104469299316406 -0.00778961181640626
-0.110153198242188 0.191085815429688 -0.0489273071289063 -0.0868072509765625
0.00242614746093748 0.196823120117187 -0.120452880859375 -0.127388000488281
0.138999938964844 0.138526916503906 -0.200942993164063 -0.102020263671875
0.181991577148438 0.080902099609375 -0.27960205078125 -0.019195556640625
0.173660278320313 0.0889129638671875 -0.288116455078125 0.00170898437500001
0.19769287109375 0.0850372314453125 -0.28802490234375 -0.0108032226562501
0.136688232421875 0.13330078125 -0.25543212890625 -0.109039306640625
0.034912109375 0.20269775390625 -0.173110961914063 -0.166961669921875
-0.0983734130859375 0.1737060546875 -0.0288848876953125 -0.174835205078125
-0.236190795898437 0.0331268310546875 0.0603790283203125 -0.0733489990234375
-0.24462890625 -0.066680908203125 -0.0811767578125 0.0164337158203125
-0.244918823242188 -0.219223022460937 -0.159622192382813 -0.148056030273438
-0.123710632324219 -0.0281753540039062 -0.388397216796875 -0.47796630859375
-0.111763000488281 0.018402099609375 -0.36102294921875 -0.16864013671875
-0.0553474426269531 0.0448379516601562 -0.126663208007813 -0.00137329101562498
-0.0125999450683594 0.0470733642578125 -0.0667724609375 -0.0844497680664063
-0.00887298583984375 0.0371360778808594 -0.116645812988281 -0.136322021484375
0.0217132568359375 0.0479011535644531 -0.2279052734375 -0.114822387695313
0.0374946594238281 0.0532951354980469 -0.323272705078125 -0.02484130859375
0.0420761108398438 0.0530319213867188 -0.324859619140625 -0.00238037109375002
0.0507278442382813 0.0644111633300781 -0.32952880859375 -0.0283203125
0.0155143737792969 0.0680923461914063 -0.2713623046875 -0.130096435546875
-0.0279922485351562 0.0717010498046875 -0.15606689453125 -0.1802978515625
-0.05670166015625 0.0262680053710938 -0.0218048095703125 -0.174484252929688
-0.0648651123046875 -0.0286026000976562 0.040802001953125 -0.0611763000488281
-0.0574264526367188 -0.0269813537597656 -0.128746032714844 -0.00756835937499998
-0.0931930541992188 -0.0694503784179688 -0.215057373046875 -0.217315673828125
-0.0629653930664063 -0.134292602539063 0.272064208984375 0.216354370117188
-0.106185913085938 -0.048614501953125 0.174362182617188 0.0308837890625
-0.1141357421875 0.0548553466796875 -0.0486259460449219 0.0251388549804688
-0.0282745361328125 0.103385925292969 -0.011962890625 0.159408569335938
0.0634841918945312 0.0937728881835938 0.095306396484375 0.201095581054688
0.10400390625 0.00753021240234375 0.249603271484375 0.134613037109375
0.103172302246094 -0.0419540405273438 0.33941650390625 0.018310546875
0.092987060546875 -0.01715087890625 0.314727783203125 -0.000488281250000001
0.103408813476563 -0.0275802612304688 0.309539794921875 0.032958984375
0.0993118286132813 0.0344619750976563 0.235153198242188 0.100997924804688
0.0502777099609375 0.0953750610351562 0.12579345703125 0.09912109375
-0.0550079345703125 0.110343933105469 0.0976943969726562 0.0662689208984375
-0.127029418945313 0.0141220092773438 0.181320190429688 0.0267181396484375
-0.105461120605469 -0.0656051635742188 0.379119873046875 0.141143798828125
-0.0312652587890625 -0.108245849609375 0.4007568359375 0.521484375
-0.21563720703125 -0.281341552734375 0.235260009765625 0.184799194335937
-0.256362915039063 -0.11944580078125 0.155960083007812 0.039764404296875
-0.2867431640625 0.081573486328125 -0.0458526611328125 0.0169639587402344
-0.116806030273437 0.217681884765625 -0.0179214477539063 0.1304931640625
0.064208984375 0.231048583984375 0.053192138671875 0.18023681640625
0.205596923828125 0.094940185546875 0.204605102539063 0.12872314453125
0.23760986328125 -0.0064239501953125 0.2857666015625 0.027923583984375
0.219924926757812 0.0267486572265625 0.252273559570313 0.0036773681640625
0.245193481445313 0.00787353515625 0.252548217773438 0.031005859375
0.207992553710938 0.109268188476563 0.18292236328125 0.0670928955078125
0.098602294921875 0.227294921875 0.0875015258789063 0.0524673461914063
-0.1046142578125 0.249923706054687 0.0981292724609375 0.022125244140625
-0.30029296875 0.068878173828125 0.203277587890625 -0.0046234130859375
-0.296966552734375 -0.10186767578125 0.37811279296875 0.126678466796875
-0.20452880859375 -0.256790161132812 0.38763427734375 0.466278076171875
-0.337158203125 -0.395751953125 0.159149169921875 0.0999908447265625
-0.38470458984375 -0.17889404296875 0.102035522460937 0.0288314819335937
-0.435455322265625 0.1033935546875 -0.0468597412109375 0.0149459838867188
-0.1966552734375 0.31280517578125 -0.0170135498046875 0.0934829711914063
0.05450439453125 0.345703125 0.0105361938476562 0.134353637695313
0.278518676757813 0.174667358398438 0.135185241699219 0.0988082885742188
0.33563232421875 0.032379150390625 0.190811157226563 0.029632568359375
0.31353759765625 0.066650390625 0.151992797851563 0.00793457031250001
0.35089111328125 0.0384521484375 0.157394409179688 0.0266265869140625
0.292877197265625 0.163360595703125 0.099700927734375 0.0258026123046875
0.1456298828125 0.327850341796875 0.0292606353759766 -0.00150299072265623
-0.1258544921875 0.365447998046875 0.0820693969726562 -0.0322418212890625
-0.43060302734375 0.135101318359375 0.203659057617187 -0.0407562255859375
-0.453033447265625 -0.109283447265625 0.3319091796875 0.101898193359375
-0.35247802734375 -0.36016845703125 0.3209228515625 0.365631103515625
-0.41363525390625 -0.450958251953125 0.0518875122070312 -0.0264930725097657
-0.47100830078125 -0.206451416015625 0.0149164199829101 -0.00221824645996095
-0.5286865234375 0.125579833984375 -0.0553398132324219 0.0144920349121094
-0.24554443359375 0.3775634765625 -0.0154266357421875 0.04608154296875
0.041656494140625 0.414947509765625 -0.0319290161132813 0.0664520263671875
0.311767578125 0.22906494140625 0.045867919921875 0.0493354797363281
0.384246826171875 0.06500244140625 0.0667343139648438 0.0231399536132813
0.35882568359375 0.09613037109375 0.0288925170898438 0.0106792449951172
0.403106689453125 0.061981201171875 0.0370025634765625 0.0216293334960938
0.334228515625 0.191070556640625 -0.00515460968017576 -0.0140619277954101
0.173370361328125 0.380859375 -0.0436477661132812 -0.0545845031738281
-0.125518798828125 0.428314208984375 0.0487747192382812 -0.087371826171875
-0.4940185546875 0.18212890625 0.178741455078125 -0.071990966796875
-0.53704833984375 -0.09716796875 0.241256713867187 0.0761871337890625
-0.443115234375 -0.409271240234375 0.20965576171875 0.23443603515625
-0.433258056640625 -0.43292236328125 -0.074615478515625 -0.173995971679688
-0.491302490234375 -0.191375732421875 -0.0927276611328125 -0.04791259765625
-0.53509521484375 0.1392822265625 -0.0687828063964844 0.0106887817382813
-0.2454833984375 0.3848876953125 -0.0195236206054688 -0.00893974304199216
0.030120849609375 0.415283203125 -0.0736465454101563 -0.0127792358398437
0.300018310546875 0.24139404296875 -0.0522422790527344 -0.0110054016113281
0.37164306640625 0.0853271484375 -0.0685081481933593 0.00975418090820312
0.34869384765625 0.110443115234375 -0.0988616943359375 0.011749267578125
0.393310546875 0.077972412109375 -0.091522216796875 0.016265869140625
0.31842041015625 0.193878173828125 -0.114273071289062 -0.0486602783203125
0.1639404296875 0.374969482421875 -0.114631652832031 -0.100494384765625
-0.119537353515625 0.412445068359375 0.00833892822265624 -0.1319580078125
-0.478424072265625 0.17864990234375 0.137252807617187 -0.0875473022460937
-0.524139404296875 -0.0860900878906249 0.12286376953125 0.0570831298828125
-0.451934814453125 -0.39984130859375 0.0716094970703125 0.093414306640625
-0.388946533203125 -0.343536376953125 -0.203887939453125 -0.313140869140625
-0.4283447265625 -0.138397216796875 -0.203399658203125 -0.0971832275390625
-0.437835693359375 0.129852294921875 -0.086212158203125 0.00301361083984375
-0.195037841796875 0.3204345703125 -0.0319366455078125 -0.0580024719238281
0.020355224609375 0.338470458984375 -0.106224060058594 -0.0828399658203125
0.240234375 0.207717895507813 -0.14154052734375 -0.06634521484375
0.303375244140625 0.087738037109375 -0.192779541015625 -0.00433349609375003
0.285980224609375 0.107177734375 -0.212417602539062 0.0105133056640625
0.321441650390625 0.085174560546875 -0.20745849609375 0.00708007812500004
0.248184204101563 0.1739501953125 -0.204681396484375 -0.079193115234375
0.112579345703125 0.311279296875 -0.163467407226563 -0.1375732421875
-0.11383056640625 0.319366455078125 -0.0213775634765625 -0.161422729492188
-0.38690185546875 0.119293212890625 0.0944900512695312 -0.0861434936523437
-0.41693115234375 -0.0792236328125 0.00689315795898435 0.0395774841308594
-0.38177490234375 -0.334197998046875 -0.0623207092285156 -0.0399055480957031
-0.283172607421875 -0.20166015625 -0.31854248046875 -0.420623779296875
-0.294158935546875 -0.0615234375000001 -0.299713134765625 -0.139251708984375
-0.265426635742188 0.09649658203125 -0.105934143066406 -0.00138854980468748
-0.109115600585938 0.1983642578125 -0.049591064453125 -0.08502197265625
0.00744628906249999 0.202987670898438 -0.122665405273438 -0.126457214355469
0.14276123046875 0.137405395507813 -0.205322265625 -0.10321044921875
0.186538696289063 0.074798583984375 -0.2845458984375 -0.0157470703125
0.17987060546875 0.0859375 -0.2938232421875 0.00680541992187504
0.20208740234375 0.0813751220703125 -0.293792724609375 -0.00674438476562502
0.14007568359375 0.130996704101563 -0.261093139648438 -0.105972290039063
0.0410308837890625 0.204635620117188 -0.178024291992188 -0.164840698242188
-0.096832275390625 0.180450439453125 -0.0316925048828125 -0.1751708984375
-0.2418212890625 0.0383758544921875 0.0616683959960937 -0.0753555297851563
-0.249114990234375 -0.0648193359375 -0.0813522338867188 0.0193710327148438
-0.255081176757812 -0.2210693359375 -0.16632080078125 -0.148193359375
-0.128067016601563 -0.0304031372070313 -0.401336669921875 -0.477752685546875
-0.115608215332031 0.01922607421875 -0.369232177734375 -0.163604736328125
-0.0578880310058594 0.0480422973632813 -0.127243041992188 0.00356292724609376
-0.012664794921875 0.0501708984375 -0.0681838989257813 -0.0823287963867187
-0.00859451293945312 0.0401878356933594 -0.120201110839844 -0.136634826660156
0.0226936340332031 0.0490226745605469 -0.232330322265625 -0.114852905273438
0.0406227111816406 0.0519027709960937 -0.32891845703125 -0.0206298828124999
0.0452690124511719 0.05267333984375 -0.331207275390625 0.00347900390625003
0.0536727905273438 0.0636215209960937 -0.3359375 -0.023712158203125
0.0176353454589844 0.0679244995117188 -0.277450561523438 -0.12701416015625
-0.024871826171875 0.0736160278320313 -0.160614013671875 -0.1793212890625
-0.0572700500488281 0.0298423767089844 -0.0255126953125 -0.174697875976563
-0.069549560546875 -0.0272483825683594 0.0410919189453125 -0.0617713928222656
-0.0604896545410156 -0.0277824401855469 -0.129798889160156 -0.00384521484375002
-0.0982284545898438 -0.0715789794921875 -0.223602294921875 -0.217330932617187
-0.0669784545898437 -0.135086059570313 0.2919921875 0.21875
-0.108757019042969 -0.04901123046875 0.183380126953125 0.0262298583984375
-0.116188049316406 0.0578079223632813 -0.0513114929199219 0.0270957946777344
-0.02764892578125 0.105903625488281 -0.00868225097656249 0.1646728515625
0.0681838989257813 0.0934829711914063 0.104507446289063 0.206069946289063
0.10595703125 0.0032806396484375 0.261138916015625 0.134368896484375
0.10260009765625 -0.0454788208007812 0.35302734375 0.00988769531249999
0.094573974609375 -0.0197372436523438 0.329254150390625 -0.007659912109375
0.104331970214844 -0.0318984985351563 0.32635498046875 0.027374267578125
0.102554321289063 0.03240966796875 0.247360229492188 0.100799560546875
0.0535049438476563 0.0960922241210938 0.133064270019531 0.100196838378906
-0.0536575317382813 0.115875244140625 0.104179382324219 0.0661849975585938
-0.128448486328125 0.0180740356445313 0.188095092773438 0.02288818359375
-0.108749389648438 -0.0635986328125 0.395233154296875 0.136138916015625
-0.034942626953125 -0.109939575195313 0.42803955078125 0.53057861328125
-0.23016357421875 -0.284423828125 0.2537841796875 0.186065673828125
-0.267227172851563 -0.11981201171875 0.16552734375 0.0359039306640625
-0.295166015625 0.091217041015625 -0.0489959716796875 0.0207557678222656
-0.115768432617188 0.2264404296875 -0.0144424438476563 0.13555908203125
0.0735321044921875 0.236526489257813 0.0610504150390625 0.185455322265625
0.213043212890625 0.0910797119140625 0.214141845703125 0.1279296875
0.2427978515625 -0.0138092041015625 0.297698974609375 0.021026611328125
0.228668212890625 0.022216796875 0.264663696289063 -0.00128173828125
0.252227783203125 7.62939453125E-05 0.26666259765625 0.0255584716796875
0.2171630859375 0.106155395507813 0.192123413085938 0.0671234130859375
0.108001708984375 0.23187255859375 0.0910568237304688 0.0539169311523438
-0.10205078125 0.26312255859375 0.104637145996094 0.0204849243164063
-0.308868408203125 0.07952880859375 0.211029052734375 -0.010345458984375
-0.308258056640625 -0.098114013671875 0.394500732421875 0.121124267578125
-0.220230102539063 -0.261428833007812 0.413299560546875 0.474639892578125
-0.36126708984375 -0.40057373046875 0.172561645507812 0.101425170898437
-0.4029541015625 -0.179718017578125 0.109153747558594 0.02642822265625
-0.45037841796875 0.118621826171875 -0.0506668090820313 0.0207786560058594
-0.195953369140625 0.32958984375 -0.0135116577148438 0.0977401733398438
0.067535400390625 0.35748291015625 0.01715087890625 0.14013671875
0.29010009765625 0.171630859375 0.14202880859375 0.09857177734375
0.3460693359375 0.021759033203125 0.199371337890625 0.025299072265625
0.3277587890625 0.060455322265625 0.159744262695313 0.0054473876953125
0.363037109375 0.0284423828125 0.166473388671875 0.022430419921875
0.305419921875 0.15972900390625 0.10430908203125 0.0263442993164063
0.1595458984375 0.33526611328125 0.0297107696533203 -4.57763671874795E-05
-0.122039794921875 0.384246826171875 0.0865249633789062 -0.0354232788085937
-0.44500732421875 0.151336669921875 0.2110595703125 -0.0486602783203125
-0.469329833984375 -0.103363037109375 0.34649658203125 0.096710205078125
-0.378143310546875 -0.367523193359375 0.34222412109375 0.371124267578125
-0.442596435546875 -0.45843505859375 0.0577468872070312 -0.0272903442382813
-0.495391845703125 -0.206817626953125 0.0187206268310547 -0.00380325317382814
-0.54779052734375 0.146942138671875 -0.0581855773925782 0.0220489501953125
-0.24505615234375 0.399078369140625 -0.013397216796875 0.0491218566894532
0.05743408203125 0.431884765625 -0.0286941528320312 0.07110595703125
0.327362060546875 0.226806640625 0.04840087890625 0.0483474731445313
0.3973388671875 0.0538330078125 0.0700531005859375 0.021026611328125
0.37652587890625 0.089874267578125 0.0304355621337891 0.0116691589355469
0.418731689453125 0.0516357421875 0.0396156311035157 0.0201797485351563
0.3492431640625 0.18798828125 -0.00607776641845701 -0.0130701065063476
0.19134521484375 0.389190673828125 -0.0468788146972656 -0.053558349609375
-0.121246337890625 0.4505615234375 0.050811767578125 -0.0912246704101562
-0.510406494140625 0.202728271484375 0.1844482421875 -0.0807342529296875
-0.55828857421875 -0.0909423828125 0.251602172851562 0.073455810546875
-0.472198486328125 -0.4180908203125 0.222366333007812 0.238037109375
-0.465179443359375 -0.441253662109375 -0.0782928466796875 -0.176925659179688
-0.518402099609375 -0.18994140625 -0.0955657958984375 -0.0477676391601563
-0.55389404296875 0.160858154296875 -0.0719070434570313 0.0189743041992188
-0.24505615234375 0.407501220703125 -0.0189800262451172 -0.00649261474609373
0.04583740234375 0.433502197265625 -0.0744094848632813 -0.00955200195312497
0.3157958984375 0.240509033203125 -0.0549850463867187 -0.0122413635253906
0.38604736328125 0.07470703125 -0.070831298828125 0.0102615356445312
0.36749267578125 0.104095458984375 -0.103538513183594 0.0156707763671875
0.40924072265625 0.06817626953125 -0.0946502685546875 0.0177383422851563
0.3345947265625 0.19049072265625 -0.120414733886719 -0.0467300415039063
0.180633544921875 0.3834228515625 -0.122299194335937 -0.0991058349609375
-0.114715576171875 0.434356689453125 0.00711059570312501 -0.136054992675781
-0.495025634765625 0.198333740234375 0.141265869140625 -0.09564208984375
-0.5447998046875 -0.0799865722656249 0.1287841796875 0.0563735961914063
-0.482574462890625 -0.407623291015625 0.0750045776367187 0.0947799682617187
-0.416656494140625 -0.35174560546875 -0.2176513671875 -0.32000732421875
-0.451751708984375 -0.1357421875 -0.21246337890625 -0.0953826904296875
-0.455963134765625 0.14996337890625 -0.08978271484375 0.0110397338867188
-0.19415283203125 0.339691162109375 -0.0324249267578125 -0.0568046569824219
0.0318603515625 0.354827880859375 -0.110725402832031 -0.08197021484375
0.2532958984375 0.208328247070313 -0.149276733398437 -0.068145751953125
0.31585693359375 0.078460693359375 -0.2005615234375 -0.000885009765625039
0.3018798828125 0.102996826171875 -0.222869873046875 0.0172119140625
0.336273193359375 0.077423095703125 -0.216506958007812 0.011810302734375
0.260604858398438 0.171981811523437 -0.215255737304687 -0.0768585205078125
0.126556396484375 0.319091796875 -0.173538208007813 -0.136550903320312
-0.1112060546875 0.33734130859375 -0.0252532958984375 -0.16607666015625
-0.4024658203125 0.13458251953125 0.0970687866210937 -0.0927810668945313
-0.435150146484375 -0.0753784179687501 0.00807952880859373 0.0421829223632812
-0.408843994140625 -0.341949462890625 -0.0678863525390625 -0.0400733947753906
-0.3026123046875 -0.206695556640625 -0.34002685546875 -0.42755126953125
-0.3101806640625 -0.05804443359375 -0.313690185546875 -0.136260986328125
-0.27569580078125 0.10968017578125 -0.109062194824219 0.00567626953125
-0.108154296875 0.21038818359375 -0.051849365234375 -0.0849761962890625
0.013671875 0.213180541992188 -0.129661560058594 -0.127250671386719
0.151443481445312 0.138748168945313 -0.214950561523438 -0.104263305664063
0.19549560546875 0.070098876953125 -0.296417236328125 -0.01025390625
0.190933227539062 0.0836639404296875 -0.308135986328125 0.015594482421875
0.21295166015625 0.0773468017578125 -0.307037353515625 -0.00033569335937496
0.147964477539063 0.130950927734375 -0.274429321289063 -0.104156494140625
0.0497283935546875 0.21075439453125 -0.18798828125 -0.165313720703125
-0.0969390869140625 0.19097900390625 -0.037445068359375 -0.179931640625
-0.2537841796875 0.0469970703125 0.0633010864257812 -0.0804367065429687
-0.260711669921875 -0.06378173828125 -0.0835418701171875 0.0235214233398438
-0.27252197265625 -0.226364135742188 -0.178680419921875 -0.149551391601563
-0.136009216308594 -0.0327606201171875 -0.427978515625 -0.485565185546875
-0.122344970703125 0.0221481323242188 -0.38800048828125 -0.159515380859375
-0.0612297058105469 0.0526962280273437 -0.129661560058594 0.0101318359375
-0.0119895935058594 0.0540695190429688 -0.07110595703125 -0.0823135375976562
-0.00811767578125 0.0442733764648438 -0.127967834472656 -0.138740539550781
0.0252418518066406 0.0517959594726563 -0.243850708007813 -0.11517333984375
0.0443649291992188 0.0510177612304688 -0.342987060546875 -0.01385498046875
0.0497207641601563 0.0528182983398438 -0.3477783203125 0.01165771484375
0.0589218139648437 0.0647506713867187 -0.3525390625 -0.0156555175781249
0.0208358764648438 0.0697288513183594 -0.29144287109375 -0.1253662109375
-0.0213851928710938 0.07769775390625 -0.170013427734375 -0.180938720703125
-0.0592041015625 0.0344505310058594 -0.0314178466796875 -0.180130004882813
-0.0761642456054688 -0.0248031616210937 0.041961669921875 -0.0652313232421875
-0.0651702880859375 -0.0278968811035156 -0.134498596191406 0.000465393066406251
-0.106597900390625 -0.0741653442382813 -0.239913940429688 -0.22039794921875
-0.074066162109375 -0.136138916015625 0.320220947265625 0.214019775390625
-0.114242553710937 -0.0473403930664063 0.195022583007813 0.0172882080078125
-0.118217468261719 0.0645523071289063 -0.0528602600097656 0.0322494506835938
-0.0252685546875 0.110176086425781 -0.000366210937500016 0.17132568359375
0.0761795043945313 0.0917205810546875 0.119781494140625 0.209976196289063
0.108543395996094 -0.003387451171875 0.278106689453125 0.129135131835938
0.102523803710937 -0.0520706176757812 0.369476318359375 -0.00787353515625
0.0969161987304688 -0.0243988037109375 0.347808837890625 -0.02581787109375
0.104789733886719 -0.0392227172851563 0.3475341796875 0.010345458984375
0.107490539550781 0.0275421142578125 0.265090942382813 0.0944366455078125
0.0594406127929688 0.0966644287109375 0.1431884765625 0.099273681640625
-0.0492019653320313 0.124244689941406 0.113227844238281 0.0625457763671875
-0.131332397460938 0.0249252319335938 0.19793701171875 0.01422119140625
-0.115058898925781 -0.05963134765625 0.41949462890625 0.121002197265625
-0.0426406860351563 -0.111686706542969 0.4737548828125 0.532073974609375
-0.25439453125 -0.284393310546875 0.279525756835938 0.182113647460937
-0.284454345703125 -0.114776611328125 0.176864624023438 0.0274810791015625
-0.304229736328125 0.10968017578125 -0.0511207580566406 0.0278892517089844
-0.11083984375 0.241928100585937 -0.00726318359375001 0.141860961914063
0.09014892578125 0.241806030273438 0.07513427734375 0.190292358398438
0.223892211914063 0.081787109375 0.2291259765625 0.123764038085937
0.249496459960938 -0.0277252197265625 0.312896728515625 0.00579833984375
0.239990234375 0.0110931396484375 0.279861450195313 -0.0149383544921875
0.261398315429688 -0.0144500732421875 0.28472900390625 0.0115966796875
0.229644775390625 0.09881591796875 0.20587158203125 0.062164306640625
0.123626708984375 0.236221313476562 0.0976715087890625 0.0536041259765625
-0.092803955078125 0.2821044921875 0.111953735351563 0.0152969360351563
-0.31805419921875 0.0987548828125001 0.21990966796875 -0.0228729248046875
-0.32489013671875 -0.0874938964843751 0.417388916015625 0.106292724609375
-0.245376586914062 -0.26263427734375 0.45672607421875 0.476165771484375
-0.39910888671875 -0.400665283203125 0.191253662109375 0.0980682373046875
-0.42987060546875 -0.17041015625 0.118843078613281 0.0203933715820312
-0.4656982421875 0.14862060546875 -0.0525894165039063 0.030120849609375
-0.18939208984375 0.35394287109375 -0.00763702392578126 0.10296630859375
0.090423583984375 0.36932373046875 0.0272216796875 0.145751953125
0.308563232421875 0.161163330078125 0.152328491210938 0.0958099365234375
0.35882568359375 0.0028076171875 0.210723876953125 0.0149993896484375
0.34625244140625 0.04644775390625 0.169235229492188 -0.0013427734375
0.380218505859375 0.008392333984375 0.178253173828125 0.0134735107421875
0.324859619140625 0.150115966796875 0.111122131347656 0.024017333984375
0.18450927734375 0.340545654296875 0.0303421020507813 0.000759124755859396
-0.108184814453125 0.41156005859375 0.0907745361328125 -0.041595458984375
-0.458587646484375 0.180572509765625 0.218338012695313 -0.0628814697265625
-0.49517822265625 -0.0870056152343751 0.366607666015625 0.0836181640625
-0.417388916015625 -0.367401123046875 0.37506103515625 0.3709716796875
-0.488128662109375 -0.45751953125 0.0634841918945312 -0.0302085876464844
-0.531158447265625 -0.1944580078125 0.0218410491943359 -0.00602912902832032
-0.56927490234375 0.184326171875 -0.0602951049804688 0.0328330993652344
-0.23663330078125 0.430206298828125 -0.00930786132812502 0.0530738830566407
0.084625244140625 0.45025634765625 -0.0240478515625 0.0765609741210938
0.3514404296875 0.218048095703125 0.05279541015625 0.0466995239257813
0.414642333984375 0.032379150390625 0.0748138427734375 0.0167770385742188
0.40008544921875 0.073638916015625 0.0330944061279297 0.0121192932128906
0.43963623046875 0.028961181640625 0.0435562133789063 0.0177726745605469
0.3726806640625 0.176666259765625 -0.00688838958740232 -0.0117883682250976
0.220489501953125 0.395751953125 -0.0519218444824219 -0.05078125
-0.103759765625 0.481170654296875 0.0502243041992187 -0.0976715087890625
-0.527008056640625 0.238250732421875 0.189254760742187 -0.0957183837890625
-0.588134765625 -0.0685424804687499 0.2659912109375 0.0639801025390625
-0.5191650390625 -0.416351318359375 0.242935180664062 0.2374267578125
-0.51275634765625 -0.440765380859375 -0.0877532958984375 -0.180160522460938
-0.555267333984375 -0.175872802734375 -0.100616455078125 -0.046051025390625
-0.5755615234375 0.2017822265625 -0.0738906860351563 0.0303726196289063
-0.236175537109375 0.440399169921875 -0.0174789428710938 -0.00431919097900388
0.073883056640625 0.45391845703125 -0.0755691528320313 -0.00531005859374998
0.341033935546875 0.233673095703125 -0.05841064453125 -0.0120468139648437
0.405242919921875 0.054534912109375 -0.0733108520507812 0.0128250122070312
0.3922119140625 0.089599609375 -0.108489990234375 0.0238418579101563
0.432220458984375 0.04754638671875 -0.099395751953125 0.0226211547851563
0.356842041015625 0.181396484375 -0.128814697265625 -0.042022705078125
0.210174560546875 0.390411376953125 -0.132545471191406 -0.0945816040039062
-0.098663330078125 0.46405029296875 0.00216674804687498 -0.1427001953125
-0.51129150390625 0.233673095703125 0.14288330078125 -0.109298706054687
-0.5743408203125 -0.0599365234375 0.136703491210937 0.053192138671875
-0.530914306640625 -0.405181884765625 0.0808868408203125 0.0952529907226562
-0.457672119140625 -0.3494873046875 -0.24151611328125 -0.322662353515625
-0.484222412109375 -0.1220703125 -0.226043701171875 -0.089752197265625
-0.472747802734375 0.1834716796875 -0.091461181640625 0.0224151611328125
-0.186370849609375 0.367645263671875 -0.034454345703125 -0.0561256408691406
0.055145263671875 0.37255859375 -0.118148803710938 -0.0789413452148437
0.275650024414063 0.2042236328125 -0.159988403320312 -0.065643310546875
0.332183837890625 0.062652587890625 -0.21063232421875 0.00758361816406247
0.3240966796875 0.0904541015625 -0.233993530273437 0.03125
0.3560791015625 0.062591552734375 -0.228973388671875 0.0229949951171875
0.27911376953125 0.16510009765625 -0.230438232421875 -0.0692901611328125
0.151275634765625 0.326507568359375 -0.188079833984375 -0.131561279296875
-0.09869384765625 0.362030029296875 -0.033843994140625 -0.17144775390625
-0.41815185546875 0.162567138671875 0.096954345703125 -0.104026794433594
-0.458953857421875 -0.0599365234375001 0.0105400085449218 0.0445747375488281
-0.44952392578125 -0.341278076171875 -0.0760040283203125 -0.0387420654296875
-0.3304443359375 -0.20458984375 -0.376953125 -0.430694580078125
-0.3310546875 -0.0475463867187499 -0.3349609375 -0.12652587890625
-0.28643798828125 0.132110595703125 -0.111244201660156 0.0154342651367188
-0.10211181640625 0.2279052734375 -0.0565948486328125 -0.0842056274414062
0.027435302734375 0.225296020507812 -0.140853881835938 -0.126052856445313
0.165817260742188 0.138168334960938 -0.230758666992188 -0.101181030273437
0.20758056640625 0.06072998046875 -0.31195068359375 0.00366210937499995
0.2060546875 0.0767822265625 -0.324432373046875 0.03363037109375
0.227096557617187 0.0688934326171875 -0.32427978515625 0.016021728515625
0.160964965820313 0.1285400390625 -0.293212890625 -0.094879150390625
0.0652008056640625 0.216720581054688 -0.205001831054688 -0.161544799804688
-0.0918121337890625 0.208389282226563 -0.047637939453125 -0.185409545898438
-0.26727294921875 0.0630950927734375 0.0623321533203125 -0.0880508422851563
-0.277145385742188 -0.0554656982421875 -0.0859527587890625 0.0302276611328125
-0.3006591796875 -0.226318359375 -0.197235107421875 -0.147415161132812
-0.146438598632813 -0.030853271484375 -0.471923828125 -0.485565185546875
-0.129264831542969 0.0295257568359375 -0.4144287109375 -0.145904541015625
-0.063140869140625 0.0595283508300781 -0.132415771484375 0.0187301635742187
-0.0087127685546875 0.058685302734375 -0.0772552490234375 -0.0808563232421875
-0.00525665283203125 0.0496444702148438 -0.141036987304687 -0.138259887695313
0.0296859741210937 0.0541839599609375 -0.26116943359375 -0.111618041992187
0.0497856140136719 0.0497779846191406 -0.361785888671875 0.00180053710937506
0.0563240051269531 0.0520286560058594 -0.366241455078125 0.0316772460937499
0.0663566589355469 0.0638465881347656 -0.373046875 0.00338745117187498
0.0259628295898438 0.0718612670898438 -0.312225341796875 -0.116973876953125
-0.0165481567382813 0.0821990966796875 -0.18682861328125 -0.180160522460937
-0.05938720703125 0.0413131713867188 -0.0428466796875 -0.185226440429688
-0.0848159790039062 -0.0202560424804687 0.0411148071289063 -0.0709915161132813
-0.0717849731445313 -0.0273971557617188 -0.140357971191406 0.00927734375000001
-0.118064880371094 -0.0746688842773437 -0.264724731445313 -0.217666625976562
-0.0850372314453125 -0.133689880371094 0.34991455078125 0.1964111328125
-0.120101928710938 -0.0422439575195313 0.203277587890625 0.0024871826171875
-0.116600036621094 0.074615478515625 -0.0529518127441406 0.0393104553222656
-0.0191574096679687 0.115150451660156 0.01251220703125 0.175048828125
0.0839767456054688 0.0861663818359375 0.1392822265625 0.20623779296875
0.108718872070312 -0.0129623413085938 0.29571533203125 0.11505126953125
0.09954833984375 -0.0601043701171875 0.38238525390625 -0.03607177734375
0.0973587036132813 -0.03173828125 0.360931396484375 -0.053802490234375
0.102584838867188 -0.0492095947265625 0.36346435546875 -0.016845703125
0.111099243164062 0.0198440551757812 0.28228759765625 0.079742431640625
0.0669708251953125 0.094635009765625 0.154617309570313 0.092315673828125
-0.0412673950195312 0.131767272949219 0.122856140136719 0.0548248291015625
-0.132125854492188 0.0343170166015625 0.20513916015625 -0.000915527343749998
-0.12152099609375 -0.05242919921875 0.4405517578125 0.093719482421875
-0.052398681640625 -0.11090087890625 0.528106689453125 0.51251220703125
-0.282470703125 -0.2735595703125 0.3057861328125 0.166412353515625
-0.301788330078125 -0.0999145507812501 0.186843872070313 0.0142059326171875
-0.30596923828125 0.136474609375 -0.05035400390625 0.0370292663574219
-0.098175048828125 0.256744384765625 0.0039825439453125 0.145721435546875
0.111419677734375 0.240478515625 0.0927734375 0.18975830078125
0.23370361328125 0.065765380859375 0.24468994140625 0.11224365234375
0.251602172851563 -0.04705810546875 0.324310302734375 -0.017822265625
0.24810791015625 -0.0059051513671875 0.291229248046875 -0.036956787109375
0.265869140625 -0.035919189453125 0.298126220703125 -0.01202392578125
0.242706298828125 0.083984375 0.218795776367188 0.051116943359375
0.144302368164063 0.233184814453125 0.104194641113281 0.049713134765625
-0.074676513671875 0.298980712890625 0.11846923828125 0.00618743896484377
-0.3211669921875 0.124114990234375 0.224929809570312 -0.0412139892578125
-0.3406982421875 -0.06744384765625 0.438262939453125 0.078582763671875
-0.274627685546875 -0.252517700195313 0.506011962890625 0.45623779296875
-0.4423828125 -0.385345458984375 0.209243774414062 0.0864715576171875
-0.457489013671875 -0.147125244140625 0.127265930175781 0.010650634765625
-0.4713134765625 0.1910400390625 -0.0509719848632813 0.0412445068359375
-0.170379638671875 0.379608154296875 0.00135803222656249 0.106285095214844
0.124237060546875 0.374603271484375 0.0411529541015625 0.147857666015625
0.32757568359375 0.141448974609375 0.163360595703125 0.087066650390625
0.366455078125 -0.025726318359375 0.219268798828125 -0.00128173828125
0.361968994140625 0.0213623046875 0.177337646484375 -0.0139923095703125
0.39080810546875 -0.022216796875 0.187606811523438 -0.001739501953125
0.344329833984375 0.12921142578125 0.117774963378906 0.0182723999023438
0.21502685546875 0.336639404296875 0.0311565399169922 0.000978469848632833
-0.080810546875 0.436004638671875 0.0928192138671875 -0.0507583618164062
-0.46173095703125 0.22174072265625 0.21929931640625 -0.0831451416015625
-0.516815185546875 -0.054443359375 0.3828125 0.059173583984375
-0.461639404296875 -0.351593017578125 0.41375732421875 0.354766845703125
-0.54254150390625 -0.438323974609375 0.0681037902832031 -0.0361099243164063
-0.564697265625 -0.16363525390625 0.0256290435791015 -0.0091991424560547
-0.57513427734375 0.2366943359375 -0.05718994140625 0.0457992553710938
-0.214508056640625 0.46435546875 -0.00305557250976563 0.0561332702636719
0.1253662109375 0.4581298828125 -0.0164566040039062 0.0807342529296875
0.37640380859375 0.196929931640625 0.0573081970214844 0.0429649353027344
0.425933837890625 -3.0517578125E-05 0.079559326171875 0.0103836059570313
0.4200439453125 0.04510498046875 0.0364608764648438 0.010955810546875
0.45550537109375 -0.00628662109375 0.0468406677246094 0.0135231018066406
0.395538330078125 0.153594970703125 -0.0075111389160156 -0.00982189178466796
0.257415771484375 0.3912353515625 -0.057769775390625 -0.0457229614257812
-0.0708618164062499 0.50872802734375 0.0467453002929687 -0.105499267578125
-0.530181884765625 0.2861328125 0.186752319335937 -0.115142822265625
-0.6114501953125 -0.0314941406249999 0.278244018554687 0.0469207763671875
-0.57275390625 -0.39459228515625 0.266754150390625 0.227066040039062
-0.56640625 -0.4197998046875 -0.0997314453125 -0.178756713867188
-0.59033203125 -0.1439208984375 -0.104507446289063 -0.040924072265625
-0.5810546875 0.25555419921875 -0.0705413818359375 0.0439376831054688
-0.210845947265625 0.47412109375 -0.0157051086425781 -0.00203800201416013
0.114044189453125 0.464935302734375 -0.07574462890625 0.000831604003906295
0.36773681640625 0.215606689453125 -0.0615882873535156 -0.0103378295898437
0.4195556640625 0.023590087890625 -0.0752410888671875 0.0177001953125
0.413421630859375 0.061370849609375 -0.110076904296875 0.03466796875
0.4486083984375 0.01251220703125 -0.102256774902344 0.0302276611328125
0.38018798828125 0.15899658203125 -0.136482238769531 -0.0322265625
0.24737548828125 0.38519287109375 -0.143585205078125 -0.08538818359375
-0.066375732421875 0.490814208984375 -0.00679016113281252 -0.147842407226562
-0.515472412109375 0.2818603515625 0.137847900390625 -0.125190734863281
-0.5980224609375 -0.0220947265624999 0.144577026367187 0.0457611083984375
-0.5833740234375 -0.38299560546875 0.087738037109375 0.0926132202148437
-0.502777099609375 -0.33050537109375 -0.2703857421875 -0.31390380859375
-0.512603759765625 -0.0924987792968751 -0.238739013671875 -0.0759124755859375
-0.4774169921875 0.2294921875 -0.0887603759765625 0.0356063842773438
-0.164154052734375 0.39532470703125 -0.0375823974609375 -0.0538864135742187
0.088623046875 0.38348388671875 -0.125511169433594 -0.0723800659179687
0.299224853515625 0.19085693359375 -0.170318603515625 -0.0592193603515625
0.34552001953125 0.037261962890625 -0.21783447265625 0.0234222412109375
0.34356689453125 0.06805419921875 -0.240676879882813 0.0521240234375
0.3734130859375 0.03466796875 -0.2374267578125 0.0419921875000001
0.300048828125 0.148956298828125 -0.24395751953125 -0.05364990234375
0.18206787109375 0.32366943359375 -0.202911376953125 -0.1197509765625
-0.07489013671875 0.38507080078125 -0.0466766357421875 -0.174514770507812
-0.42413330078125 0.20135498046875 0.0906906127929687 -0.116065979003906
-0.479339599609375 -0.0303955078125001 0.0142173767089843 0.04656982421875
-0.49530029296875 -0.322601318359375 -0.0838165283203125 -0.0332107543945313
-0.360565185546875 -0.190093994140625 -0.41961669921875 -0.415191650390625
-0.348724365234375 -0.0253906249999999 -0.354644775390625 -0.10540771484375
-0.287567138671875 0.161041259765625 -0.109748840332031 0.027252197265625
-0.0877532958984375 0.244888305664062 -0.062164306640625 -0.081695556640625
0.048309326171875 0.233734130859375 -0.153549194335938 -0.118377685546875
0.180953979492187 0.131210327148437 -0.246826171875 -0.09063720703125
0.216949462890625 0.0447845458984375 -0.323699951171875 0.02587890625
0.220062255859375 0.0626983642578125 -0.335693359375 0.061981201171875
0.241104125976563 0.0524139404296875 -0.337127685546875 0.0427246093750001
0.175765991210938 0.120590209960937 -0.311492919921875 -0.07647705078125
0.0850830078125 0.217559814453125 -0.222427368164062 -0.149734497070313
-0.07818603515625 0.22515869140625 -0.062652587890625 -0.186630249023438
-0.274871826171875 0.08740234375 0.0569305419921875 -0.0973663330078125
-0.291351318359375 -0.03839111328125 -0.0857620239257813 0.03948974609375
-0.331512451171875 -0.2137451171875 -0.21710205078125 -0.136001586914062
-0.156646728515625 -0.02386474609375 -0.523529052734375 -0.465972900390625
-0.132759094238281 0.0406723022460937 -0.439056396484375 -0.119232177734375
-0.06195068359375 0.0671310424804688 -0.131622314453125 0.029296875
-0.00343704223632812 0.0620040893554688 -0.0842437744140625 -0.0763931274414062
-0.000656127929687503 0.0539512634277344 -0.15484619140625 -0.131790161132812
0.0359611511230469 0.0549354553222656 -0.27874755859375 -0.0982818603515625
0.0554237365722656 0.0461349487304688 -0.376251220703125 0.0292663574218751
0.063323974609375 0.0485343933105469 -0.37847900390625 0.06201171875
0.0749893188476563 0.060791015625 -0.38861083984375 0.0331420898437501
0.0328445434570313 0.072052001953125 -0.332183837890625 -0.097991943359375
-0.00929260253906249 0.0856475830078125 -0.204833984375 -0.171005249023438
-0.0578460693359375 0.0493583679199219 -0.058135986328125 -0.187042236328125
-0.0923385620117188 -0.0121994018554687 0.0367507934570312 -0.0762176513671875
-0.0781173706054688 -0.0238418579101563 -0.143356323242188 0.0218505859375
-0.130424499511719 -0.070098876953125 -0.292327880859375 -0.2039794921875
-0.093902587890625 -0.126373291015625 0.36749267578125 0.168701171875
-0.122978210449219 -0.0346298217773438 0.2059326171875 -0.0146636962890625
-0.111198425292969 0.0828933715820313 -0.0494384765625 0.0460586547851563
-0.012481689453125 0.117057800292969 0.0257720947265625 0.172760009765625
0.0890121459960938 0.0778045654296875 0.155364990234375 0.194229125976563
0.104560852050781 -0.0220870971679688 0.30487060546875 0.09515380859375
0.09381103515625 -0.066314697265625 0.381103515625 -0.066162109375
0.094329833984375 -0.038970947265625 0.360321044921875 -0.08416748046875
0.0961151123046875 -0.0572662353515625 0.36639404296875 -0.048797607421875
0.111625671386719 0.010650634765625 0.2919921875 0.059417724609375
0.0739669799804688 0.0892715454101563 0.16094970703125 0.0820465087890625
-0.0300674438476563 0.135177612304688 0.127937316894531 0.0435562133789063
-0.128280639648438 0.04302978515625 0.20538330078125 -0.0182952880859375
-0.124069213867188 -0.0426406860351562 0.44671630859375 0.058197021484375
-0.0611114501953125 -0.105621337890625 0.56683349609375 0.47113037109375
-0.303558349609375 -0.251434326171875 0.32257080078125 0.141998291015625
-0.309600830078125 -0.079559326171875 0.190841674804687 -0.00238037109375
-0.296417236328125 0.161834716796875 -0.0455970764160156 0.0455093383789063
-0.08001708984375 0.265609741210938 0.01580810546875 0.144088745117188
0.130813598632813 0.230941772460938 0.108047485351563 0.181549072265625
0.235610961914063 0.0461578369140625 0.253494262695312 0.094635009765625
0.245208740234375 -0.066802978515625 0.32562255859375 -0.04461669921875
0.248382568359375 -0.0250091552734375 0.2918701171875 -0.06103515625
0.261367797851563 -0.0581512451171875 0.300750732421875 -0.03765869140625
0.248153686523437 0.065032958984375 0.225982666015625 0.035430908203125
0.16241455078125 0.221923828125 0.10772705078125 0.0440521240234375
-0.051025390625 0.306976318359375 0.119987487792969 -0.00428009033203123
-0.312896728515625 0.149139404296875 0.220855712890625 -0.060089111328125
-0.34564208984375 -0.043121337890625 0.443145751953125 0.044403076171875
-0.29656982421875 -0.23260498046875 0.541748046875 0.416595458984375
-0.474761962890625 -0.350311279296875 0.220062255859375 0.069244384765625
-0.47210693359375 -0.114837646484375 0.130783081054687 -0.00122833251953126
-0.458343505859375 0.2305908203125 -0.0437431335449219 0.0504951477050781
-0.142791748046875 0.394744873046875 0.0111312866210938 0.105461120605469
0.154937744140625 0.363922119140625 0.053802490234375 0.14385986328125
0.3360595703125 0.114715576171875 0.169921875 0.07470703125
0.3619384765625 -0.054656982421875 0.221298217773438 -0.01995849609375
0.36602783203125 -0.00732421875 0.17926025390625 -0.02813720703125
0.3870849609375 -0.055419921875 0.1893310546875 -0.018341064453125
0.353607177734375 0.102081298828125 0.121238708496094 0.0105743408203125
0.24151611328125 0.319244384765625 0.0316486358642578 0.00105094909667971
-0.046478271484375 0.4454345703125 0.0901641845703125 -0.059478759765625
-0.4488525390625 0.258880615234375 0.211517333984375 -0.101455688476562
-0.5225830078125 -0.017730712890625 0.38690185546875 0.029632568359375
-0.49359130859375 -0.316497802734375 0.441192626953125 0.323577880859375
-0.58056640625 -0.39703369140625 0.0692062377929687 -0.0420341491699219
-0.58221435546875 -0.12408447265625 0.0273628234863281 -0.01287841796875
-0.558746337890625 0.2860107421875 -0.0487747192382813 0.0559539794921875
-0.178985595703125 0.4830322265625 0.00382232666015623 0.0558395385742188
0.165008544921875 0.450042724609375 -0.008392333984375 0.08251953125
0.39068603515625 0.166656494140625 0.0601043701171875 0.0371322631835938
0.42437744140625 -0.0340576171875 0.0811080932617188 0.00247955322265625
0.427398681640625 0.01165771484375 0.0391578674316407 0.00889205932617188
0.453826904296875 -0.04473876953125 0.0485382080078125 0.00839614868164062
0.40679931640625 0.12164306640625 -0.00756692886352536 -0.00784540176391601
0.288177490234375 0.370452880859375 -0.0605926513671875 -0.0385932922363281
-0.03070068359375 0.518951416015625 0.0400390625 -0.110504150390625
-0.51361083984375 0.32952880859375 0.175048828125 -0.130813598632812
-0.6163330078125 0.0132446289062499 0.281982421875 0.026580810546875
-0.6102294921875 -0.35382080078125 0.282073974609375 0.20721435546875
-0.60394287109375 -0.376220703125 -0.11053466796875 -0.17230224609375
-0.6060791015625 -0.10101318359375 -0.106071472167969 -0.0346527099609375
-0.56536865234375 0.3055419921875 -0.0615615844726563 0.054901123046875
-0.1748046875 0.49505615234375 -0.013361930847168 -0.00110149383544919
0.154541015625 0.458251953125 -0.073455810546875 0.00730133056640629
0.383880615234375 0.186309814453125 -0.0639839172363281 -0.0081672668457031
0.418853759765625 -0.010833740234375 -0.074371337890625 0.0223541259765625
0.422088623046875 0.028228759765625 -0.107009887695312 0.04510498046875
0.45001220703125 -0.025115966796875 -0.100730895996094 0.0390853881835937
0.39239501953125 0.12957763671875 -0.139312744140625 -0.02020263671875
0.27911376953125 0.36590576171875 -0.149505615234375 -0.0719451904296875
-0.0261840820312499 0.501312255859375 -0.01678466796875 -0.147781372070312
-0.499053955078125 0.324859619140625 0.125587463378906 -0.137237548828125
-0.60302734375 0.0214233398437499 0.148117065429687 0.036224365234375
-0.619140625 -0.34161376953125 0.0920944213867187 0.0871353149414062
-0.534515380859375 -0.2926025390625 -0.293212890625 -0.294464111328125
-0.52618408203125 -0.0540466308593749 -0.244003295898438 -0.0589447021484376
-0.463592529296875 0.272705078125 -0.080657958984375 0.0461502075195313
-0.1336669921875 0.411285400390625 -0.0389900207519531 -0.0503921508789062
0.12261962890625 0.378936767578125 -0.129219055175781 -0.0620651245117187
0.31488037109375 0.16778564453125 -0.176849365234375 -0.0495147705078125
0.346466064453125 0.00946044921875 -0.218276977539062 0.0391082763671875
0.351654052734375 0.039947509765625 -0.237838745117187 0.0737457275390625
0.3760986328125 0.00244140625 -0.236160278320312 0.0627288818359375
0.311553955078125 0.125244140625 -0.249603271484375 -0.033416748046875
0.2081298828125 0.308563232421875 -0.211685180664062 -0.102569580078125
-0.043212890625 0.39501953125 -0.0598297119140625 -0.170944213867188
-0.413818359375 0.23779296875 0.0797119140625 -0.124534606933594
-0.484588623046875 0.00299072265624995 0.0179023742675781 0.0476570129394531
-0.5262451171875 -0.28656005859375 -0.0895614624023438 -0.0250396728515625
-0.380462646484375 -0.163909912109375 -0.44989013671875 -0.38421630859375
-0.354827880859375 0.000762939453124978 -0.36358642578125 -0.078948974609375
-0.278533935546875 0.186279296875 -0.103591918945313 0.037078857421875
-0.068389892578125 0.253082275390625 -0.0663604736328125 -0.0762405395507812
0.0701904296875 0.231903076171875 -0.161148071289063 -0.106491088867187
0.192718505859375 0.118331909179688 -0.255828857421875 -0.0753784179687499
0.21954345703125 0.0261688232421875 -0.324920654296875 0.0509033203125
0.227508544921875 0.044586181640625 -0.33319091796875 0.0911865234375
0.24652099609375 0.031982421875 -0.336578369140625 0.0731201171875
0.185546875 0.10626220703125 -0.3201904296875 -0.051971435546875
0.103851318359375 0.21038818359375 -0.23309326171875 -0.132461547851562
-0.0595245361328125 0.23455810546875 -0.0769195556640625 -0.181838989257812
-0.272323608398438 0.112136840820313 0.0479354858398437 -0.101959228515625
-0.2974853515625 -0.0186767578125 -0.0823211669921875 0.0479202270507812
-0.35400390625 -0.19122314453125 -0.229721069335938 -0.117355346679688
-0.161941528320313 -0.0138702392578125 -0.55682373046875 -0.427032470703125
-0.131149291992187 0.0503463745117188 -0.4501953125 -0.08563232421875
-0.0585556030273437 0.0731124877929688 -0.126724243164063 0.0382003784179687
0.00156784057617188 0.0624847412109375 -0.0885467529296875 -0.0690765380859375
0.0052490234375 0.0559272766113281 -0.163970947265625 -0.119369506835938
0.04168701171875 0.0540809631347656 -0.287628173828125 -0.080596923828125
0.0590553283691406 0.0410194396972656 -0.378204345703125 0.0589904785156249
0.0684432983398438 0.0429534912109375 -0.377960205078125 0.0947875976562499
0.0823974609375 0.054473876953125 -0.38848876953125 0.06829833984375
0.039581298828125 0.0692672729492188 -0.342529296875 -0.072723388671875
-0.000579833984375001 0.0857467651367188 -0.217300415039063 -0.15570068359375
-0.0530662536621094 0.0560760498046875 -0.0731201171875 -0.181365966796875
-0.0960006713867187 -0.00215911865234374 0.0302734375 -0.079498291015625
-0.082305908203125 -0.0189285278320312 -0.14154052734375 0.0340576171875
-0.139984130859375 -0.0617828369140625 -0.310028076171875 -0.179534912109375
-0.0987319946289063 -0.118820190429688 0.3731689453125 0.145050048828125
-0.122657775878906 -0.0284500122070312 0.203521728515625 -0.0271453857421875
-0.105323791503906 0.0873336791992188 -0.0445289611816406 0.050201416015625
-0.00724029541015626 0.11614990234375 0.0342254638671875 0.167510986328125
0.0908355712890625 0.07049560546875 0.162139892578125 0.181915283203125
0.0986709594726563 -0.0280685424804688 0.3072509765625 0.0791015625
0.0867691040039063 -0.0703353881835938 0.374664306640625 -0.0877685546875
0.0907821655273437 -0.042877197265625 0.35369873046875 -0.105804443359375
0.0889968872070312 -0.0615997314453125 0.3616943359375 -0.072113037109375
0.109413146972656 0.00368499755859375 0.2947998046875 0.0433349609375
0.0772628784179688 0.0838165283203125 0.162765502929688 0.073333740234375
-0.022125244140625 0.13519287109375 0.128334045410156 0.0343170166015625
-0.123619079589844 0.0477676391601562 0.200942993164063 -0.0308380126953125
-0.122917175292969 -0.0345611572265625 0.441741943359375 0.032135009765625
-0.0664520263671875 -0.0992050170898438 0.58251953125 0.43212890625
-0.313262939453125 -0.22967529296875 0.32806396484375 0.120880126953125
-0.31109619140625 -0.062744140625 0.190521240234375 -0.014556884765625
-0.283111572265625 0.1763916015625 -0.0388870239257813 0.0505409240722656
-0.06536865234375 0.266738891601563 0.023773193359375 0.139396667480469
0.141677856445313 0.218765258789063 0.115631103515625 0.172225952148438
0.231674194335937 0.0319061279296875 0.25537109375 0.0811920166015625
0.235504150390625 -0.0795440673828125 0.31982421875 -0.063568115234375
0.24359130859375 -0.038299560546875 0.28753662109375 -0.078887939453125
0.251434326171875 -0.0726470947265625 0.296875 -0.05718994140625
0.246353149414063 0.0493927001953125 0.2275390625 0.02386474609375
0.171920776367188 0.209274291992188 0.108352661132813 0.0395584106445313
-0.0325927734375 0.30694580078125 0.118644714355469 -0.0129547119140625
-0.3026123046875 0.164459228515625 0.213211059570312 -0.072540283203125
-0.34259033203125 -0.023956298828125 0.4385986328125 0.018890380859375
-0.307281494140625 -0.21282958984375 0.553009033203125 0.380615234375
-0.489349365234375 -0.31689453125 0.22406005859375 0.0547332763671875
-0.4742431640625 -0.088592529296875 0.131645202636719 -0.0108489990234375
-0.43829345703125 0.2547607421875 -0.0350990295410156 0.0564994812011719
-0.11859130859375 0.39794921875 0.01763916015625 0.102104187011719
0.1746826171875 0.34881591796875 0.061737060546875 0.138435363769531
0.334075927734375 0.092864990234375 0.1715087890625 0.06475830078125
0.350616455078125 -0.074005126953125 0.218124389648438 -0.0342559814453125
0.3616943359375 -0.0279541015625 0.1781005859375 -0.038665771484375
0.376251220703125 -0.078155517578125 0.187576293945313 -0.0304718017578125
0.352935791015625 0.08056640625 0.122230529785156 0.00498199462890626
0.25567626953125 0.301910400390625 0.031585693359375 0.00145721435546877
-0.01922607421875 0.44439697265625 0.0868377685546875 -0.065185546875
-0.431243896484375 0.28118896484375 0.200729370117187 -0.11236572265625
-0.516815185546875 0.00796508789062495 0.3829345703125 0.008453369140625
-0.5091552734375 -0.285125732421875 0.449951171875 0.29498291015625
-0.59661865234375 -0.35687255859375 0.0694236755371093 -0.0463600158691406
-0.5845947265625 -0.0917358398437501 0.0290679931640625 -0.0170440673828125
-0.535797119140625 0.318634033203125 -0.0381126403808594 0.0616950988769532
-0.1500244140625 0.4881591796875 0.00809097290039062 0.0540885925292969
0.191314697265625 0.432403564453125 -0.00191497802734374 0.0817337036132813
0.3917236328125 0.141510009765625 0.0595893859863281 0.0329170227050781
0.412994384765625 -0.058441162109375 0.0806350708007813 -0.004241943359375
0.42431640625 -0.013885498046875 0.0410423278808594 0.00674057006835937
0.44281005859375 -0.072357177734375 0.0491828918457032 0.00577163696289062
0.406890869140625 0.0965576171875 -0.00681924819946287 -0.00644588470458984
0.30572509765625 0.348175048828125 -0.060882568359375 -0.0325088500976562
0.000976562499999985 0.5172119140625 0.0347976684570312 -0.112777709960937
-0.4931640625 0.35675048828125 0.163070678710937 -0.1387939453125
-0.61041259765625 0.0440673828124999 0.278564453125 0.0116119384765625
-0.62628173828125 -0.31622314453125 0.286468505859375 0.18994140625
-0.619384765625 -0.3375244140625 -0.1151123046875 -0.16497802734375
-0.60760498046875 -0.06744384765625 -0.104835510253906 -0.0304031372070313
-0.542724609375 0.338775634765625 -0.0513229370117188 0.0606651306152344
-0.144378662109375 0.500732421875 -0.0109500885009766 -0.000556945800781222
0.182861328125 0.442779541015625 -0.0701141357421875 0.0114059448242188
0.38818359375 0.1602783203125 -0.0657501220703125 -0.00601959228515624
0.4097900390625 -0.035430908203125 -0.0725250244140625 0.0242538452148438
0.42034912109375 0.002716064453125 -0.102096557617187 0.0518112182617187
0.441253662109375 -0.052734375 -0.0974578857421875 0.0457229614257813
0.39300537109375 0.105010986328125 -0.138969421386719 -0.0113906860351562
0.296051025390625 0.343536376953125 -0.150177001953125 -0.0604705810546875
0.0040283203125 0.4991455078125 -0.0238037109375 -0.145523071289062
-0.478179931640625 0.351806640625 0.11383056640625 -0.1416015625
-0.59576416015625 0.0510864257812499 0.148300170898438 0.029449462890625
-0.6351318359375 -0.30450439453125 0.0936737060546875 0.0825347900390625
-0.547454833984375 -0.25994873046875 -0.302459716796875 -0.27520751953125
-0.525909423828125 -0.0259704589843749 -0.243316650390625 -0.0458984375
-0.4429931640625 0.298919677734375 -0.0714492797851563 0.051483154296875
-0.108428955078125 0.415130615234375 -0.0387687683105469 -0.0477752685546875
0.145904541015625 0.366851806640625 -0.1287841796875 -0.053497314453125
0.3193359375 0.147247314453125 -0.180404663085937 -0.0409393310546875
0.3404541015625 -0.01031494140625 -0.214523315429687 0.050048828125
0.351593017578125 0.018951416015625 -0.23065185546875 0.0880279541015625
0.371063232421875 -0.021240234375 -0.22991943359375 0.0777435302734375
0.313201904296875 0.10565185546875 -0.249038696289062 -0.0182037353515625
0.2236328125 0.2908935546875 -0.213119506835938 -0.088134765625
-0.01800537109375 0.39520263671875 -0.06732177734375 -0.165359497070312
-0.398956298828125 0.261505126953125 0.0697174072265625 -0.126693725585937
-0.480987548828125 0.0272216796875 0.0211524963378906 0.0475997924804688
-0.54071044921875 -0.25579833984375 -0.0908737182617188 -0.017608642578125
-0.38726806640625 -0.141937255859375 -0.46331787109375 -0.354248046875
-0.352264404296875 0.019256591796875 -0.36322021484375 -0.058349609375
-0.26580810546875 0.202346801757813 -0.096282958984375 0.0421981811523438
-0.0532379150390625 0.254257202148438 -0.0677108764648437 -0.071441650390625
0.0852813720703125 0.225906372070313 -0.162918090820313 -0.0958709716796875
0.197494506835938 0.105438232421875 -0.259536743164063 -0.0624847412109375
0.217575073242188 0.0135345458984375 -0.320037841796875 0.068511962890625
0.228561401367187 0.0303955078125 -0.32403564453125 0.1123046875
0.245620727539062 0.0152587890625 -0.329833984375 0.09478759765625
0.188766479492188 0.0941619873046875 -0.319671630859375 -0.03167724609375
0.1151123046875 0.19989013671875 -0.236190795898437 -0.116546630859375
-0.0442657470703125 0.236831665039063 -0.085723876953125 -0.173919677734375
-0.265228271484375 0.13037109375 0.0400466918945312 -0.102798461914062
-0.296539306640625 -0.00363159179687494 -0.0775070190429688 0.0538406372070312
-0.3642578125 -0.1702880859375 -0.23388671875 -0.10107421875
-0.16265869140625 -0.00593566894531249 -0.57196044921875 -0.388671875
-0.126930236816406 0.056915283203125 -0.448638916015625 -0.059326171875
-0.0550689697265625 0.0760269165039063 -0.120903015136719 0.0426559448242187
0.00511550903320313 0.0610466003417969 -0.0890960693359375 -0.0628662109375
0.00964355468750001 0.055816650390625 -0.166824340820312 -0.108245849609375
0.0461654663085938 0.0519485473632813 -0.290985107421875 -0.06640625
0.0605659484863281 0.0369186401367187 -0.373260498046875 0.079925537109375
0.07086181640625 0.0382232666015625 -0.369842529296875 0.1185302734375
0.0855178833007813 0.0477676391601562 -0.3817138671875 0.09283447265625
0.0436553955078125 0.0660209655761719 -0.344390869140625 -0.051727294921875
0.00516510009765625 0.0836257934570313 -0.222122192382813 -0.141265869140625
-0.0479087829589844 0.0596084594726562 -0.082061767578125 -0.17333984375
-0.0961074829101563 0.00694274902343749 0.0242538452148437 -0.0795974731445313
-0.0847702026367188 -0.0147781372070313 -0.136680603027344 0.0436553955078125
-0.145172119140625 -0.05364990234375 -0.31549072265625 -0.1583251953125
-0.100189208984375 -0.113487243652344 0.375762939453125 0.13189697265625
-0.122276306152344 -0.0244979858398438 0.203338623046875 -0.0354156494140625
-0.100715637207031 0.0897903442382812 -0.0397872924804688 0.0526542663574219
-0.0037078857421875 0.115852355957031 0.03900146484375 0.163894653320313
0.09063720703125 0.0658340454101563 0.164566040039063 0.175033569335938
0.0943679809570313 -0.0307846069335938 0.308258056640625 0.071136474609375
0.0823135375976563 -0.0712814331054687 0.370208740234375 -0.1011962890625
0.0883407592773438 -0.045166015625 0.34912109375 -0.119598388671875
0.0836105346679688 -0.0630416870117188 0.358673095703125 -0.0867919921875
0.106918334960938 -0.0003204345703125 0.297271728515625 0.03338623046875
0.0789794921875 0.0807571411132813 0.163345336914063 0.0694122314453125
-0.0169219970703125 0.134918212890625 0.127861022949219 0.0279693603515625
-0.121414184570313 0.050262451171875 0.1971435546875 -0.0387420654296875
-0.1221923828125 -0.029754638671875 0.437286376953125 0.017120361328125
-0.0685348510742187 -0.0954132080078125 0.58685302734375 0.40911865234375
-0.31756591796875 -0.21624755859375 0.330657958984375 0.108367919921875
-0.31097412109375 -0.052581787109375 0.190155029296875 -0.0228118896484375
-0.273590087890625 0.18505859375 -0.031951904296875 0.0534133911132813
-0.0565032958984375 0.267318725585938 0.0280609130859375 0.136482238769531
0.14703369140625 0.21026611328125 0.118896484375 0.1671142578125
0.227203369140625 0.023345947265625 0.256011962890625 0.0739593505859375
0.22833251953125 -0.08612060546875 0.316986083984375 -0.075592041015625
0.242019653320313 -0.046600341796875 0.285430908203125 -0.089691162109375
0.244277954101563 -0.079864501953125 0.294342041015625 -0.069091796875
0.24420166015625 0.041290283203125 0.229446411132813 0.017181396484375
0.176315307617187 0.2021484375 0.109046936035156 0.0383987426757813
-0.0216064453125 0.307342529296875 0.117660522460938 -0.01806640625
-0.2960205078125 0.17303466796875 0.207473754882813 -0.079559326171875
-0.34002685546875 -0.01416015625 0.4334716796875 0.004058837890625
-0.3133544921875 -0.20037841796875 0.556884765625 0.359954833984375
-0.494537353515625 -0.297576904296875 0.226226806640625 0.0457305908203125
-0.474578857421875 -0.0745849609374999 0.132102966308594 -0.0178070068359375
-0.42498779296875 0.2696533203125 -0.0263710021972656 0.0592765808105469
-0.104248046875 0.398834228515625 0.0216827392578125 0.0997314453125
0.185150146484375 0.338531494140625 0.0654067993164063 0.13494873046875
0.33123779296875 0.0810546875 0.171249389648438 0.0598907470703125
0.3424072265625 -0.085052490234375 0.216140747070313 -0.043365478515625
0.360321044921875 -0.040557861328125 0.177169799804688 -0.0460205078125
0.367095947265625 -0.09033203125 0.18658447265625 -0.0380096435546875
0.3505859375 0.0682373046875 0.124137878417969 0.00200653076171875
0.2633056640625 0.289794921875 0.0316638946533203 0.00313377380371096
-0.00357055664062502 0.4444580078125 0.0850601196289063 -0.0689239501953125
-0.420684814453125 0.294525146484375 0.193252563476562 -0.117965698242187
-0.51324462890625 0.0244445800781249 0.378570556640625 -0.003021240234375
-0.51666259765625 -0.267486572265625 0.451629638671875 0.2781982421875
-0.60369873046875 -0.33465576171875 0.0699501037597656 -0.0496177673339844
-0.58544921875 -0.07281494140625 0.029632568359375 -0.0208301544189453
-0.520172119140625 0.337249755859375 -0.0292472839355469 0.0645713806152344
-0.131866455078125 0.489227294921875 0.0116386413574219 0.0525588989257813
0.205902099609375 0.421844482421875 0.00180053710937501 0.0807571411132813
0.38995361328125 0.125946044921875 0.0585403442382813 0.0307083129882813
0.405120849609375 -0.0711669921875 0.0793075561523438 -0.00887298583984375
0.422760009765625 -0.02899169921875 0.0428543090820313 0.00500106811523437
0.433868408203125 -0.08856201171875 0.0498695373535157 0.00387573242187499
0.40447998046875 0.082122802734375 -0.00532674789428709 -0.00519037246704101
0.314788818359375 0.3343505859375 -0.0604667663574219 -0.0275993347167969
0.018951416015625 0.51531982421875 0.0322113037109375 -0.113441467285156
-0.4791259765625 0.373291015625 0.154647827148437 -0.141464233398437
-0.6038818359375 0.0609741210937501 0.27655029296875 0.003875732421875
-0.63507080078125 -0.2945556640625 0.2879638671875 0.1806640625
-0.6258544921875 -0.31341552734375 -0.117401123046875 -0.160202026367188
-0.6085205078125 -0.0484619140624999 -0.103736877441406 -0.029205322265625
-0.5264892578125 0.3580322265625 -0.042327880859375 0.0628013610839844
-0.126739501953125 0.501556396484375 -0.00878620147705079 -0.000498294830322235
0.198883056640625 0.432830810546875 -0.0668830871582031 0.0140342712402344
0.388458251953125 0.14654541015625 -0.0676002502441406 -0.00432968139648437
0.402069091796875 -0.0482177734375 -0.0722122192382812 0.0250320434570313
0.419708251953125 -0.012542724609375 -0.098602294921875 0.05584716796875
0.433837890625 -0.06890869140625 -0.0947265625 0.0496444702148438
0.39178466796875 0.091033935546875 -0.137100219726562 -0.00515747070312499
0.304901123046875 0.329376220703125 -0.14959716796875 -0.053680419921875
0.0224609374999999 0.496307373046875 -0.02667236328125 -0.14422607421875
-0.46636962890625 0.369171142578125 0.105758666992187 -0.142410278320312
-0.5916748046875 0.06866455078125 0.148193359375 0.0262603759765625
-0.646240234375 -0.2813720703125 0.0938568115234375 0.08056640625
-0.553497314453125 -0.2401123046875 -0.306610107421875 -0.2635498046875
-0.5263671875 -0.01123046875 -0.243026733398438 -0.039337158203125
-0.43072509765625 0.31427001953125 -0.0639915466308594 0.0534133911132813
-0.0936889648437499 0.416412353515625 -0.0381813049316406 -0.0463638305664062
0.158935546875 0.3597412109375 -0.125862121582031 -0.0486984252929687
0.321380615234375 0.1353759765625 -0.18231201171875 -0.036407470703125
0.335906982421875 -0.02203369140625 -0.213348388671875 0.0562591552734375
0.3529052734375 0.00579833984375 -0.22564697265625 0.09771728515625
0.36676025390625 -0.035491943359375 -0.22552490234375 0.08807373046875
0.312652587890625 0.09381103515625 -0.247787475585937 -0.00839233398437499
0.231170654296875 0.27972412109375 -0.212677001953125 -0.0785369873046875
-0.00347900390625001 0.394317626953125 -0.070587158203125 -0.161666870117187
-0.389739990234375 0.277679443359375 0.0626602172851562 -0.126472473144531
-0.478790283203125 0.039306640625 0.023406982421875 0.0490646362304687
-0.54949951171875 -0.237396240234375 -0.09149169921875 -0.0122299194335938
-0.39141845703125 -0.129150390625 -0.468902587890625 -0.335906982421875
-0.3509521484375 0.029144287109375 -0.362640380859375 -0.0471191406249999
-0.258331298828125 0.211349487304688 -0.0906753540039063 0.043670654296875
-0.044921875 0.253829956054688 -0.0675392150878906 -0.0681877136230468
0.0937652587890625 0.222335815429688 -0.16162109375 -0.089691162109375
0.20037841796875 0.0985565185546875 -0.262176513671875 -0.0559539794921874
0.21539306640625 0.006683349609375 -0.318603515625 0.0793762207031251
0.23016357421875 0.022308349609375 -0.318389892578125 0.124969482421875
0.244781494140625 0.005645751953125 -0.323455810546875 0.1075439453125
0.189300537109375 0.0872802734375 -0.319122314453125 -0.019500732421875
0.12103271484375 0.193283081054687 -0.23687744140625 -0.107284545898437
-0.0339508056640625 0.237838745117188 -0.0898590087890625 -0.168960571289062
-0.26104736328125 0.141098022460938 0.0350875854492187 -0.101768493652344
-0.2967529296875 0.00427246093749999 -0.07391357421875 0.0581130981445313
-0.371673583984375 -0.157989501953125 -0.234268188476563 -0.0904083251953125
-0.163177490234375 -0.00186157226562499 -0.5782470703125 -0.3673095703125
-0.125045776367188 0.0594482421875 -0.448089599609375 -0.0440979003906251
-0.0537948608398438 0.0777130126953125 -0.11761474609375 0.0439376831054688
0.00632858276367187 0.0595359802246094 -0.0886917114257813 -0.0590438842773437
0.0126495361328125 0.0563125610351562 -0.16595458984375 -0.102340698242188
0.0494537353515625 0.0508041381835937 -0.293365478515625 -0.0597229003906251
0.0620155334472656 0.0349044799804688 -0.370635986328125 0.0936584472656251
0.0728073120117188 0.03558349609375 -0.36468505859375 0.13330078125
0.088165283203125 0.0434722900390625 -0.375518798828125 0.108612060546875
0.0462074279785156 0.0643463134765625 -0.345001220703125 -0.03863525390625
0.00862121582031249 0.0823287963867188 -0.223678588867187 -0.1329345703125
-0.0439033508300781 0.0618858337402344 -0.0864715576171875 -0.167739868164063
-0.0965042114257813 0.01324462890625 0.0209426879882812 -0.0781478881835938
-0.0870361328125 -0.0117950439453125 -0.132568359375 0.0493392944335938
-0.14886474609375 -0.04913330078125 -0.3165283203125 -0.144439697265625
-0.102912902832031 -0.111763000488281 0.38330078125 0.125946044921875
-0.123420715332031 -0.0220184326171875 0.206405639648438 -0.041900634765625
-0.0987319946289063 0.0932769775390625 -0.0361404418945313 0.0547103881835938
-0.00128936767578125 0.117286682128906 0.042205810546875 0.163284301757813
0.0921630859375 0.062835693359375 0.16796875 0.174179077148438
0.091705322265625 -0.0331497192382813 0.3148193359375 0.0672607421875
0.0797500610351562 -0.0723419189453125 0.3740234375 -0.112579345703125
0.0877761840820312 -0.0474624633789062 0.353729248046875 -0.1318359375
0.0808486938476562 -0.0643310546875 0.36212158203125 -0.09832763671875
0.106788635253906 -0.00281524658203125 0.304107666015625 0.02813720703125
0.0814056396484375 0.0795822143554688 0.165924072265625 0.0686492919921875
-0.0136184692382812 0.137451171875 0.129402160644531 0.0240478515625
-0.122177124023437 0.0522613525390625 0.197418212890625 -0.04522705078125
-0.122413635253906 -0.0266647338867187 0.439849853515625 0.00677490234375
-0.0713958740234375 -0.093719482421875 0.5992431640625 0.40155029296875
-0.3245849609375 -0.211578369140625 0.337615966796875 0.10211181640625
-0.31585693359375 -0.04754638671875 0.1937255859375 -0.030517578125
-0.271942138671875 0.193618774414062 -0.0264358520507813 0.0553665161132813
-0.0509033203125 0.27142333984375 0.0313720703125 0.136039733886719
0.153121948242188 0.208221435546875 0.122650146484375 0.166778564453125
0.2266845703125 0.0190277099609375 0.26116943359375 0.0711669921875
0.227005004882813 -0.0911407470703125 0.320343017578125 -0.085693359375
0.2447509765625 -0.052825927734375 0.289276123046875 -0.10040283203125
0.242507934570313 -0.0866546630859375 0.29840087890625 -0.079071044921875
0.246368408203125 0.0358428955078125 0.235809326171875 0.01153564453125
0.18255615234375 0.20037841796875 0.111053466796875 0.0386810302734375
-0.014007568359375 0.312744140625 0.1192626953125 -0.0225601196289062
-0.2977294921875 0.182037353515625 0.20623779296875 -0.085540771484375
-0.344573974609375 -0.00814819335937497 0.436065673828125 -0.004669189453125
-0.322906494140625 -0.19561767578125 0.5662841796875 0.3536376953125
-0.5048828125 -0.288818359375 0.231063842773437 0.03997802734375
-0.483489990234375 -0.06536865234375 0.134811401367187 -0.0240707397460938
-0.423004150390625 0.283782958984375 -0.0197334289550782 0.0612373352050781
-0.096771240234375 0.406402587890625 0.0251922607421875 0.0995635986328125
0.19635009765625 0.33599853515625 0.0691375732421875 0.135208129882813
0.333160400390625 0.073883056640625 0.174575805664063 0.0585174560546875
0.341339111328125 -0.092742919921875 0.2177734375 -0.0513153076171875
0.365570068359375 -0.0501708984375 0.180862426757813 -0.0521392822265625
0.3675537109375 -0.1002197265625 0.189987182617188 -0.04425048828125
0.354827880859375 0.06060791015625 0.127799987792969 -0.000907897949218746
0.272308349609375 0.28729248046875 0.0331687927246094 0.00496673583984377
0.00747680664062497 0.451416015625 0.085723876953125 -0.0733489990234375
-0.42333984375 0.30975341796875 0.191009521484375 -0.122665405273437
-0.519805908203125 0.0333251953125 0.3819580078125 -0.010772705078125
-0.53265380859375 -0.261505126953125 0.458526611328125 0.27490234375
-0.6182861328125 -0.324462890625 0.0718078613281249 -0.0527496337890625
-0.59735107421875 -0.0623168945312499 0.0303230285644531 -0.0245018005371094
-0.518463134765625 0.355865478515625 -0.0214042663574219 0.0662765502929688
-0.120849609375 0.498748779296875 0.0142898559570312 0.0523490905761719
0.219940185546875 0.42138671875 0.00511169433593752 0.0817489624023438
0.394775390625 0.118988037109375 0.0592498779296875 0.0309867858886719
0.40545654296875 -0.08154296875 0.08026123046875 -0.0129928588867188
0.429931640625 -0.039794921875 0.045257568359375 0.00391006469726562
0.43499755859375 -0.099700927734375 0.0526504516601563 0.00279998779296874
0.410003662109375 0.07440185546875 -0.00402736663818357 -0.00464391708374023
0.324920654296875 0.330413818359375 -0.0606765747070312 -0.0243682861328125
0.032501220703125 0.522186279296875 0.0317153930664062 -0.117271423339844
-0.478851318359375 0.392181396484375 0.151351928710937 -0.1448974609375
-0.61187744140625 0.0726318359374999 0.2796630859375 -0.000274658203124996
-0.65411376953125 -0.28363037109375 0.292266845703125 0.179473876953125
-0.641845703125 -0.3055419921875 -0.120147705078125 -0.161300659179688
-0.62188720703125 -0.03765869140625 -0.105606079101563 -0.02947998046875
-0.525543212890625 0.37799072265625 -0.0355796813964844 0.0641860961914063
-0.11578369140625 0.51165771484375 -0.00700187683105469 -0.000442981719970671
0.213836669921875 0.433868408203125 -0.0653038024902344 0.0154304504394532
0.39471435546875 0.1387939453125 -0.069976806640625 -0.00294876098632813
0.404998779296875 -0.057525634765625 -0.0733108520507812 0.0266952514648438
0.428375244140625 -0.02301025390625 -0.0974273681640625 0.0595169067382813
0.435943603515625 -0.0809326171875 -0.09295654296875 0.0537261962890625
0.396820068359375 0.08306884765625 -0.138511657714844 -0.00128936767578125
0.31597900390625 0.32525634765625 -0.151168823242187 -0.0489959716796875
0.036407470703125 0.5045166015625 -0.0285491943359375 -0.146041870117187
-0.466583251953125 0.387847900390625 0.1021728515625 -0.144073486328125
-0.60015869140625 0.0782470703125001 0.151596069335937 0.0250396728515625
-0.66571044921875 -0.2724609375 0.0955429077148437 0.0824203491210938
-0.566650390625 -0.2308349609375 -0.314208984375 -0.261016845703125
-0.53570556640625 9.15527343750983E-05 -0.247543334960938 -0.035797119140625
-0.42913818359375 0.330108642578125 -0.0596275329589844 0.0546493530273438
-0.08642578125 0.423736572265625 -0.03753662109375 -0.0460548400878906
0.172027587890625 0.361328125 -0.126350402832031 -0.0472030639648438
0.32720947265625 0.130157470703125 -0.188079833984375 -0.0337371826171875
0.339080810546875 -0.029998779296875 -0.2164306640625 0.062042236328125
0.36029052734375 -0.002655029296875 -0.22540283203125 0.106246948242188
0.369781494140625 -0.044708251953125 -0.225067138671875 0.0959930419921875
0.3172607421875 0.0885009765625 -0.251113891601563 -0.00170898437500005
0.240234375 0.277053833007813 -0.215118408203125 -0.0741424560546875
0.006988525390625 0.399932861328125 -0.07379150390625 -0.16229248046875
-0.38983154296875 0.29412841796875 0.0594635009765625 -0.126785278320312
-0.4857177734375 0.04962158203125 0.0261688232421875 0.0510330200195312
-0.566650390625 -0.22845458984375 -0.0924758911132813 -0.00858306884765627
-0.399810791015625 -0.12359619140625 -0.479949951171875 -0.3319091796875
-0.357421875 0.03564453125 -0.36883544921875 -0.040313720703125
-0.258560180664063 0.221099853515625 -0.08880615234375 0.0452346801757813
-0.0398101806640625 0.258621215820313 -0.0683822631835938 -0.0677299499511719
0.1015625 0.224029541015625 -0.16278076171875 -0.0890045166015625
0.205703735351563 0.0963592529296875 -0.269866943359375 -0.052398681640625
0.218963623046875 0.0017242431640625 -0.322540283203125 0.089324951171875
0.236251831054688 0.0166168212890625 -0.32080078125 0.136749267578125
0.248260498046875 -0.0008087158203125 -0.324981689453125 0.119293212890625
0.194015502929687 0.0841064453125 -0.324310302734375 -0.011260986328125
0.127166748046875 0.192855834960938 -0.239761352539062 -0.103118896484375
-0.02764892578125 0.241897583007813 -0.0925445556640625 -0.168502807617187
-0.262649536132812 0.152786254882813 0.0324630737304687 -0.101951599121094
-0.302398681640625 0.010009765625 -0.0717239379882813 0.0623092651367187
-0.383941650390625 -0.151702880859375 -0.2373046875 -0.085174560546875
-0.166748046875 -0.000625610351562474 -0.59075927734375 -0.36016845703125
-0.12554931640625 0.0618362426757813 -0.455322265625 -0.03424072265625
-0.0543289184570312 0.0801849365234375 -0.118789672851563 0.0454483032226562
0.007049560546875 0.0601387023925781 -0.0895309448242188 -0.0582809448242187
0.0148963928222656 0.0586357116699219 -0.16796875 -0.101852416992187
0.0534400939941406 0.0506935119628906 -0.301727294921875 -0.0557556152343749
0.0646209716796875 0.034149169921875 -0.3759765625 0.105438232421875
0.0762481689453125 0.0340957641601563 -0.367218017578125 0.146148681640625
0.0915756225585938 0.0406875610351563 -0.377899169921875 0.121856689453125
0.0484542846679688 0.0640373229980469 -0.35113525390625 -0.02972412109375
0.01123046875 0.0823822021484375 -0.227935791015625 -0.13037109375
-0.0415229797363281 0.0638961791992188 -0.0904083251953125 -0.166046142578125
-0.0973739624023438 0.0183639526367187 0.0194015502929687 -0.0784072875976563
-0.0900726318359375 -0.0102310180664063 -0.131187438964844 0.0547332763671875
-0.154067993164063 -0.046905517578125 -0.3204345703125 -0.13916015625
-0.109184265136719 -0.111824035644531 0.400848388671875 0.1181640625
-0.127426147460938 -0.019134521484375 0.214248657226563 -0.052947998046875
-0.097747802734375 0.099090576171875 -0.0321884155273438 0.0574836730957031
0.00220489501953126 0.121002197265625 0.0483551025390625 0.166748046875
0.0963287353515625 0.0611038208007813 0.177947998046875 0.176162719726563
0.091278076171875 -0.0360488891601563 0.330352783203125 0.061737060546875
0.0784988403320313 -0.076416015625 0.384307861328125 -0.130767822265625
0.08905029296875 -0.051849365234375 0.36407470703125 -0.152496337890625
0.0798721313476563 -0.0684127807617188 0.37322998046875 -0.11798095703125
0.109291076660156 -0.006744384765625 0.318817138671875 0.017791748046875
0.0862503051757812 0.0800094604492188 0.174179077148438 0.0682220458984375
-0.00901794433593751 0.143112182617187 0.134468078613281 0.0188827514648438
-0.125282287597656 0.0574951171875 0.201553344726563 -0.05450439453125
-0.125999450683594 -0.0235366821289063 0.452911376953125 -0.006378173828125
-0.0766525268554688 -0.0935516357421875 0.6270751953125 0.3970947265625
-0.34161376953125 -0.2078857421875 0.35345458984375 0.09442138671875
-0.32830810546875 -0.0387878417968751 0.200698852539062 -0.040740966796875
-0.273712158203125 0.209579467773437 -0.0206756591796875 0.0577049255371094
-0.043701171875 0.281829833984375 0.03704833984375 0.138771057128906
0.16473388671875 0.208358764648438 0.131881713867188 0.170059204101563
0.232101440429688 0.012481689453125 0.274734497070313 0.0673828125
0.229660034179687 -0.0999755859375 0.329193115234375 -0.102325439453125
0.25299072265625 -0.062896728515625 0.29864501953125 -0.116363525390625
0.246688842773438 -0.0961456298828125 0.308563232421875 -0.094635009765625
0.254974365234375 0.0290985107421875 0.247116088867188 0.0042266845703125
0.195358276367188 0.201751708984375 0.117462158203125 0.038909912109375
-0.00259399414062497 0.325653076171875 0.122695922851563 -0.0294342041015625
-0.303619384765625 0.199188232421875 0.209030151367187 -0.0948944091796875
-0.35589599609375 0.00158691406249994 0.449310302734375 -0.017425537109375
-0.342529296875 -0.192291259765625 0.59197998046875 0.34967041015625
-0.530059814453125 -0.2822265625 0.241653442382812 0.0333404541015625
-0.503387451171875 -0.0522766113281249 0.13946533203125 -0.0329360961914063
-0.427032470703125 0.308624267578125 -0.012054443359375 0.0626869201660156
-0.0863037109375 0.4229736328125 0.0303573608398438 0.100997924804688
0.214324951171875 0.34002685546875 0.076202392578125 0.138694763183594
0.343994140625 0.066162109375 0.1839599609375 0.0562591552734375
0.348388671875 -0.106536865234375 0.224639892578125 -0.0632476806640625
0.3795166015625 -0.06536865234375 0.188186645507813 -0.0618896484375
0.375213623046875 -0.115692138671875 0.197860717773438 -0.05364990234375
0.367431640625 0.051055908203125 0.134796142578125 -0.00518798828125
0.290985107421875 0.28875732421875 0.035888671875 0.00685882568359377
0.023345947265625 0.468475341796875 0.08782958984375 -0.0814743041992187
-0.428924560546875 0.337646484375 0.192306518554687 -0.131622314453125
-0.538055419921875 0.048828125 0.393157958984375 -0.0220947265625
-0.562255859375 -0.252532958984375 0.481231689453125 0.272918701171875
-0.6492919921875 -0.317138671875 0.0741348266601562 -0.0575637817382813
-0.62237548828125 -0.0447387695312499 0.0313911437988281 -0.0290622711181641
-0.522796630859375 0.387451171875 -0.0134620666503907 0.0683670043945313
-0.110198974609375 0.5203857421875 0.0179519653320312 0.0530738830566407
0.242431640625 0.42730712890625 0.00918579101562502 0.0848922729492188
0.410186767578125 0.1104736328125 0.0620384216308594 0.0307083129882813
0.415435791015625 -0.096435546875 0.0818099975585938 -0.0182876586914063
0.448272705078125 -0.05780029296875 0.0492591857910156 0.001739501953125
0.446044921875 -0.11767578125 0.0569076538085938 0.000370025634765618
0.4249267578125 0.06402587890625 -0.0024447441101074 -0.00414633750915527
0.347381591796875 0.331695556640625 -0.0615768432617187 -0.02093505859375
0.053619384765625 0.54248046875 0.0312042236328125 -0.123931884765625
-0.486724853515625 0.42645263671875 0.150802612304687 -0.152114868164062
-0.6331787109375 0.0914306640624999 0.289337158203125 -0.00735473632812499
-0.69061279296875 -0.27276611328125 0.3067626953125 0.178955078125
-0.67529296875 -0.297119140625 -0.127044677734375 -0.163284301757813
-0.646728515625 -0.01861572265625 -0.110504150390625 -0.02899169921875
-0.53045654296875 0.41241455078125 -0.0295600891113282 0.06640625
-0.102630615234375 0.533203125 -0.00556087493896485 -0.000509262084960906
0.2381591796875 0.44134521484375 -0.0647468566894531 0.0178337097167969
0.412200927734375 0.132110595703125 -0.0743942260742187 -0.000564575195312494
0.41595458984375 -0.0726318359375 -0.0760116577148437 0.0291061401367188
0.44769287109375 -0.040374755859375 -0.097625732421875 0.0660247802734375
0.449066162109375 -0.099090576171875 -0.0922088623046875 0.0596237182617188
0.412384033203125 0.072723388671875 -0.143035888671875 0.00427246093750001
0.33697509765625 0.326385498046875 -0.155288696289062 -0.0439605712890625
0.053741455078125 0.522064208984375 -0.0315704345703125 -0.152206420898437
-0.47149658203125 0.42266845703125 0.10052490234375 -0.150192260742187
-0.62066650390625 0.0989379882812501 0.158111572265625 0.0230865478515625
-0.70281982421875 -0.25921630859375 0.10089111328125 0.0848770141601562
-0.593994140625 -0.2237548828125 -0.330596923828125 -0.261016845703125
-0.55810546875 0.0162963867187501 -0.258224487304688 -0.029937744140625
-0.43487548828125 0.35986328125 -0.0563735961914063 0.0572395324707032
-0.0754699707031251 0.44268798828125 -0.0391349792480469 -0.0463294982910156
0.193115234375 0.368804931640625 -0.129920959472656 -0.0460891723632812
0.342926025390625 0.124969482421875 -0.19866943359375 -0.029754638671875
0.34906005859375 -0.04193115234375 -0.2230224609375 0.0715484619140625
0.376800537109375 -0.017120361328125 -0.230026245117188 0.11968994140625
0.381805419921875 -0.06036376953125 -0.228408813476562 0.109161376953125
0.331390380859375 0.081390380859375 -0.260162353515625 0.00805664062500002
0.257553100585937 0.278488159179688 -0.222808837890625 -0.0690460205078125
0.021636962890625 0.414764404296875 -0.079437255859375 -0.16607666015625
-0.395965576171875 0.321990966796875 0.056854248046875 -0.130401611328125
-0.503326416015625 0.066192626953125 0.0306968688964843 0.0533828735351563
-0.59649658203125 -0.21728515625 -0.094970703125 -0.00405120849609376
-0.419586181640625 -0.1177978515625 -0.504669189453125 -0.32806396484375
-0.371795654296875 0.0478515625000001 -0.384735107421875 -0.029937744140625
-0.262405395507813 0.240219116210937 -0.089019775390625 0.0480194091796875
-0.033721923828125 0.269500732421875 -0.0718231201171875 -0.0673828125
0.11529541015625 0.230178833007813 -0.168914794921875 -0.088043212890625
0.21697998046875 0.0937957763671875 -0.284454345703125 -0.047607421875
0.226470947265625 -0.0049591064453125 -0.332427978515625 0.10528564453125
0.248794555664063 0.0084991455078125 -0.327606201171875 0.155731201171875
0.258743286132813 -0.0098724365234375 -0.3314208984375 0.138031005859375
0.203033447265625 0.081024169921875 -0.3367919921875 0.000152587890625016
0.138351440429688 0.1943359375 -0.24969482421875 -0.099395751953125
-0.019287109375 0.252090454101563 -0.1002197265625 -0.170867919921875
-0.266998291015625 0.1707763671875 0.02984619140625 -0.104118347167969
-0.31524658203125 0.01959228515625 -0.0696601867675781 0.0683174133300781
-0.405548095703125 -0.144622802734375 -0.245819091796875 -0.0802001953125
-0.173782348632813 0.00321960449218753 -0.6202392578125 -0.35455322265625
-0.129402160644531 0.0668563842773438 -0.472900390625 -0.0198974609375001
-0.056365966796875 0.0853042602539063 -0.122596740722656 0.0499496459960938
0.00765609741210938 0.0623741149902344 -0.0935745239257812 -0.0568618774414062
0.0189399719238281 0.061187744140625 -0.175125122070312 -0.102828979492188
0.0587539672851562 0.0509986877441406 -0.3177490234375 -0.050384521484375
0.0689926147460938 0.032501220703125 -0.387725830078125 0.12481689453125
0.0818710327148437 0.0320510864257813 -0.376617431640625 0.1685791015625
0.0981216430664063 0.0382308959960938 -0.386993408203125 0.142608642578125
0.0526199340820313 0.0646934509277344 -0.365509033203125 -0.0182189941406249
0.0145034790039063 0.0845947265625 -0.239059448242188 -0.128143310546875
-0.0399169921875 0.06787109375 -0.0980682373046875 -0.16802978515625
-0.100601196289063 0.0253372192382813 0.0176773071289063 -0.07977294921875
-0.0957412719726562 -0.00703430175781249 -0.131668090820312 0.0624618530273438
-0.163070678710937 -0.043212890625 -0.33453369140625 -0.13421630859375
-0.118270874023438 -0.108978271484375 0.424102783203125 0.100799560546875
-0.131584167480469 -0.0121383666992187 0.220306396484375 -0.0707550048828125
-0.0936813354492188 0.106986999511719 -0.0269851684570313 0.0598640441894531
0.009490966796875 0.125205993652344 0.0595550537109375 0.168899536132813
0.101974487304688 0.0564804077148437 0.194229125976562 0.175460815429687
0.0908355712890625 -0.0421524047851563 0.349517822265625 0.047027587890625
0.0765380859375 -0.0822525024414063 0.39288330078125 -0.16119384765625
0.0897445678710938 -0.058197021484375 0.37078857421875 -0.183746337890625
0.0771942138671875 -0.0743637084960938 0.38360595703125 -0.1483154296875
0.11212158203125 -0.0137939453125 0.335540771484375 -0.000579833984375001
0.0946044921875 0.07757568359375 0.185546875 0.063720703125
0.000320434570312511 0.149673461914063 0.139068603515625 0.0105056762695313
-0.128250122070313 0.0662994384765625 0.203765869140625 -0.0696868896484375
-0.130058288574219 -0.017242431640625 0.4669189453125 -0.03204345703125
-0.0852432250976563 -0.0918121337890625 0.66900634765625 0.3804931640625
-0.3648681640625 -0.1959228515625 0.3724365234375 0.07763671875
-0.342681884765625 -0.021240234375 0.2064208984375 -0.05743408203125
-0.2698974609375 0.233963012695312 -0.0133018493652344 0.0590858459472656
-0.02935791015625 0.29486083984375 0.0469512939453125 0.140556335449219
0.183029174804687 0.205718994140625 0.146469116210938 0.170516967773438
0.238815307617188 0.0008544921875 0.291961669921875 0.0557861328125
0.231826782226563 -0.115646362304688 0.33673095703125 -0.12847900390625
0.260726928710938 -0.08099365234375 0.305908203125 -0.14288330078125
0.24896240234375 -0.113510131835938 0.31854248046875 -0.119873046875
0.2650146484375 0.015228271484375 0.260040283203125 -0.010894775390625
0.213882446289063 0.198410034179688 0.125144958496094 0.0365524291992188
0.016845703125 0.34014892578125 0.125724792480469 -0.0401535034179687
-0.30560302734375 0.226348876953125 0.2099609375 -0.110488891601562
-0.36962890625 0.02069091796875 0.46368408203125 -0.04345703125
-0.3685302734375 -0.178985595703125 0.63165283203125 0.334228515625
-0.56707763671875 -0.26416015625 0.254241943359375 0.0199737548828125
-0.5264892578125 -0.024566650390625 0.143508911132812 -0.0456695556640625
-0.42327880859375 0.346435546875 -0.00360870361328128 0.0637969970703125
-0.0644531249999999 0.443145751953125 0.0379562377929687 0.101936340332031
0.242767333984375 0.339599609375 0.0878143310546875 0.140640258789063
0.358428955078125 0.049774169921875 0.194839477539063 0.0493927001953125
0.3541259765625 -0.128814697265625 0.2293701171875 -0.081329345703125
0.39398193359375 -0.09161376953125 0.193801879882813 -0.07818603515625
0.38323974609375 -0.14111328125 0.205612182617188 -0.0703277587890625
0.383636474609375 0.03277587890625 0.142471313476563 -0.0137939453125
0.317535400390625 0.283721923828125 0.039642333984375 0.00774383544921877
0.05316162109375 0.487579345703125 0.08734130859375 -0.0921707153320312
-0.42852783203125 0.3795166015625 0.19097900390625 -0.146499633789062
-0.5574951171875 0.07958984375 0.406829833984375 -0.043212890625
-0.6015625 -0.2279052734375 0.511871337890625 0.260162353515625
-0.691650390625 -0.2923583984375 0.0758209228515625 -0.0651473999023438
-0.64947509765625 -0.0103149414062499 0.0307521820068359 -0.0348167419433594
-0.5194091796875 0.4345703125 -0.00444412231445315 0.0692672729492188
-0.08258056640625 0.545501708984375 0.02386474609375 0.0537796020507813
0.2781982421875 0.4293212890625 0.0159072875976563 0.0881423950195313
0.431060791015625 0.092041015625 0.0664520263671875 0.0293960571289063
0.4241943359375 -0.123779296875 0.0836257934570313 -0.0258865356445313
0.466278076171875 -0.087982177734375 0.0535659790039063 -0.00239181518554688
0.456451416015625 -0.1490478515625 0.0627288818359375 -0.00444793701171876
0.44403076171875 0.04241943359375 -0.00134325027465818 -0.00426721572875976
0.379608154296875 0.324188232421875 -0.0625801086425781 -0.0164260864257812
0.086883544921875 0.5615234375 0.0266189575195313 -0.134185791015625
-0.48236083984375 0.474639892578125 0.147857666015625 -0.164230346679687
-0.65338134765625 0.12896728515625 0.300262451171875 -0.02294921875
-0.737548828125 -0.2425537109375 0.3280029296875 0.17205810546875
-0.71795654296875 -0.27081298828125 -0.13897705078125 -0.163330078125
-0.67620849609375 0.01806640625 -0.117279052734375 -0.02569580078125
-0.528167724609375 0.4613037109375 -0.0217170715332032 0.0691986083984375
-0.0770263671875 0.5601806640625 -0.00340676307678223 0.000437021255493198
0.276123046875 0.44451904296875 -0.0642356872558594 0.0216255187988281
0.434783935546875 0.1141357421875 -0.0784759521484375 0.00415039062500002
0.42681884765625 -0.098846435546875 -0.0792007446289062 0.0335693359375
0.466949462890625 -0.071441650390625 -0.09552001953125 0.0745925903320313
0.460845947265625 -0.1292724609375 -0.0892181396484375 0.067718505859375
0.43194580078125 0.053192138671875 -0.146697998046875 0.012847900390625
0.368255615234375 0.31951904296875 -0.16143798828125 -0.035491943359375
0.087860107421875 0.541717529296875 -0.04022216796875 -0.158660888671875
-0.46728515625 0.470977783203125 0.0959625244140625 -0.158721923828125
-0.64080810546875 0.136474609375 0.167098999023437 0.0166473388671875
-0.74798583984375 -0.2283935546875 0.110061645507812 0.0843429565429687
-0.63189697265625 -0.20068359375 -0.3568115234375 -0.253509521484375
-0.58203125 0.0479125976562499 -0.271194458007813 -0.0172882080078125
-0.433685302734375 0.40228271484375 -0.0520706176757813 0.0616683959960938
-0.052734375 0.464569091796875 -0.0408821105957031 -0.0452194213867187
0.2255859375 0.37255859375 -0.135261535644531 -0.0414581298828125
0.364501953125 0.110748291015625 -0.210357666015625 -0.019775390625
0.359832763671875 -0.06317138671875 -0.229629516601562 0.0876007080078125
0.39520263671875 -0.042510986328125 -0.2305908203125 0.139938354492187
0.394378662109375 -0.0853271484375 -0.2279052734375 0.128921508789063
0.348541259765625 0.066436767578125 -0.269485473632813 0.024688720703125
0.283721923828125 0.27386474609375 -0.233078002929688 -0.0587005615234375
0.048065185546875 0.431427001953125 -0.090118408203125 -0.1697998046875
-0.394500732421875 0.362152099609375 0.0520477294921875 -0.136016845703125
-0.521942138671875 0.0954589843749999 0.0371360778808593 0.0557060241699219
-0.637939453125 -0.192138671875 -0.0970306396484375 0.00148773193359373
-0.443389892578125 -0.101104736328125 -0.53973388671875 -0.312591552734375
-0.3858642578125 0.07037353515625 -0.4027099609375 -0.00830078124999996
-0.260971069335938 0.26739501953125 -0.089385986328125 0.0543136596679688
-0.020904541015625 0.28338623046875 -0.0758285522460937 -0.0653533935546875
0.135452270507813 0.232955932617188 -0.17913818359375 -0.083831787109375
0.232696533203125 0.084930419921875 -0.302001953125 -0.0339965820312501
0.235397338867188 -0.018218994140625 -0.3419189453125 0.129852294921875
0.262786865234375 -0.0082244873046875 -0.330780029296875 0.1849365234375
0.269638061523438 -0.0270538330078125 -0.334503173828125 0.16595458984375
0.2158203125 0.0729827880859375 -0.350860595703125 0.02166748046875
0.154449462890625 0.194229125976563 -0.263458251953125 -0.088623046875
-0.004241943359375 0.263229370117188 -0.1119384765625 -0.172332763671875
-0.267547607421875 0.197219848632813 0.0259857177734375 -0.107513427734375
-0.328582763671875 0.0376586914062499 -0.0655364990234375 0.0762557983398438
-0.4320068359375 -0.126800537109375 -0.25830078125 -0.0694732666015625
-0.182174682617188 0.01080322265625 -0.66070556640625 -0.33349609375
-0.132156372070313 0.0748062133789062 -0.493743896484375 0.00717163085937498
-0.0563430786132812 0.0933456420898438 -0.125732421875 0.0584793090820313
0.00951766967773437 0.0650749206542969 -0.0991439819335937 -0.0528182983398438
0.0251693725585938 0.063690185546875 -0.186553955078125 -0.0995025634765625
0.065948486328125 0.049774169921875 -0.337127685546875 -0.035736083984375
0.0738601684570313 0.0292434692382813 -0.398101806640625 0.15496826171875
0.0889205932617188 0.0274734497070313 -0.382080078125 0.201934814453125
0.106208801269531 0.0331344604492188 -0.3924560546875 0.17474365234375
0.059661865234375 0.0651969909667969 -0.3819580078125 0.00427246093749995
0.0207061767578125 0.0872116088867188 -0.254135131835937 -0.120697021484375
-0.0365753173828125 0.0726318359375 -0.110107421875 -0.167800903320312
-0.102813720703125 0.0351943969726563 0.0142974853515625 -0.0822906494140625
-0.101936340332031 -0.001708984375 -0.129768371582031 0.0735321044921875
-0.173324584960937 -0.0351715087890625 -0.3525390625 -0.121795654296875
-0.127822875976562 -0.100631713867188 0.440765380859375 0.07073974609375
-0.133384704589844 -0.00276184082031249 0.219207763671875 -0.0922393798828125
-0.0863800048828125 0.114425659179688 -0.0201530456542969 0.0606498718261719
0.0189361572265625 0.126235961914063 0.07281494140625 0.165863037109375
0.10662841796875 0.0490951538085938 0.21221923828125 0.16571044921875
0.08685302734375 -0.0495376586914063 0.36444091796875 0.021697998046875
0.0714111328125 -0.0886077880859375 0.389404296875 -0.198699951171875
0.0869979858398438 -0.0659637451171875 0.365020751953125 -0.222412109375
0.07171630859375 -0.080322265625 0.381561279296875 -0.186187744140625
0.111968994140625 -0.0228118896484375 0.34613037109375 -0.02899169921875
0.102386474609375 0.0719223022460938 0.195022583007813 0.05255126953125
0.013275146484375 0.152542114257812 0.141647338867188 -0.00143432617187499
-0.126396179199219 0.0775527954101562 0.200088500976563 -0.0884552001953125
-0.132583618164062 -0.00727081298828127 0.472503662109375 -0.067840576171875
-0.0941925048828125 -0.0855331420898438 0.70703125 0.34161376953125
-0.38592529296875 -0.17071533203125 0.3868408203125 0.049896240234375
-0.35052490234375 0.00457763671874997 0.206085205078125 -0.0785675048828125
-0.255264282226563 0.25872802734375 -0.00510406494140626 0.058441162109375
-0.00643920898437498 0.301788330078125 0.05853271484375 0.138069152832031
0.20159912109375 0.1942138671875 0.162948608398438 0.164535522460938
0.241500854492188 -0.0167694091796875 0.30548095703125 0.035369873046875
0.227294921875 -0.1348876953125 0.3338623046875 -0.160400390625
0.262130737304688 -0.104507446289063 0.302093505859375 -0.17437744140625
0.24560546875 -0.134780883789063 0.318695068359375 -0.15234375
0.27093505859375 -0.0050048828125 0.267974853515625 -0.03253173828125
0.234466552734375 0.186767578125 0.132743835449219 0.0304412841796875
0.04534912109375 0.34661865234375 0.124305725097656 -0.05328369140625
-0.29595947265625 0.257110595703125 0.203903198242188 -0.129684448242187
-0.375885009765625 0.0487060546874999 0.4688720703125 -0.077972412109375
-0.391632080078125 -0.152618408203125 0.6688232421875 0.2950439453125
-0.59808349609375 -0.22625732421875 0.261627197265625 -0.000320434570312514
-0.539794921875 0.0142517089843751 0.142807006835937 -0.0613861083984375
-0.403106689453125 0.3865966796875 0.00613403320312498 0.0620918273925782
-0.031494140625 0.45648193359375 0.0478744506835937 0.100021362304688
0.27484130859375 0.326629638671875 0.101531982421875 0.138191223144531
0.367828369140625 0.02374267578125 0.20550537109375 0.0364990234375
0.35107421875 -0.15869140625 0.226913452148438 -0.103424072265625
0.398651123046875 -0.12664794921875 0.193984985351563 -0.099090576171875
0.38018798828125 -0.174835205078125 0.207260131835938 -0.0921630859375
0.393402099609375 0.003173828125 0.146331787109375 -0.0261993408203125
0.34808349609375 0.2657470703125 0.0435943603515625 0.00720214843750002
0.094879150390625 0.496856689453125 0.0820083618164063 -0.104736328125
-0.409454345703125 0.42327880859375 0.183319091796875 -0.162857055664062
-0.5631103515625 0.1221923828125 0.410369873046875 -0.0736083984375
-0.6343994140625 -0.18585205078125 0.541168212890625 0.229888916015625
-0.72869873046875 -0.24609375 0.07354736328125 -0.0736236572265625
-0.6658935546875 0.03875732421875 0.0281944274902343 -0.0407142639160156
-0.496551513671875 0.48626708984375 0.00579452514648435 0.0682220458984375
-0.04144287109375 0.56414794921875 0.0307769775390625 0.051727294921875
0.3203125 0.41546630859375 0.0249862670898438 0.08929443359375
0.44537353515625 0.061279296875 0.0709457397460938 0.0261306762695313
0.42303466796875 -0.1575927734375 0.0815277099609375 -0.0349578857421875
0.47344970703125 -0.1309814453125 0.0563240051269531 -0.00832748413085938
0.4559326171875 -0.18914794921875 0.0666007995605469 -0.0123481750488281
0.455902099609375 0.00860595703125 -0.000228166580200168 -0.00434255599975586
0.413909912109375 0.303497314453125 -0.0619888305664062 -0.0104179382324219
0.1358642578125 0.569580078125 0.0168304443359375 -0.143035888671875
-0.454742431640625 0.528900146484375 0.138427734375 -0.17724609375
-0.6610107421875 0.1817626953125 0.305999755859375 -0.044281005859375
-0.77532958984375 -0.1912841796875 0.34820556640625 0.152618408203125
-0.75543212890625 -0.22369384765625 -0.152999877929688 -0.157669067382813
-0.69195556640625 0.0716552734375 -0.12255859375 -0.0185470581054688
-0.50311279296875 0.517791748046875 -0.0126991271972657 0.0702590942382813
-0.0340576171875 0.5799560546875 -0.000565350055694582 -0.000395476818084681
0.32061767578125 0.431243896484375 -0.0616455078125 0.0265045166015625
0.4525146484375 0.083740234375 -0.0805892944335937 0.0107498168945313
0.4293212890625 -0.133056640625 -0.0800933837890625 0.0396499633789063
0.4755859375 -0.114105224609375 -0.0896759033203125 0.0838470458984375
0.4622802734375 -0.17132568359375 -0.08233642578125 0.0749282836914062
0.445526123046875 0.02044677734375 -0.148513793945312 0.0253753662109375
0.402801513671875 0.297607421875 -0.164810180664062 -0.0233612060546875
0.13433837890625 0.5477294921875 -0.052703857421875 -0.162490844726563
-0.441131591796875 0.5225830078125 0.086761474609375 -0.167007446289062
-0.64697265625 0.18817138671875 0.174346923828125 0.00617980957031251
-0.784912109375 -0.1739501953125 0.1202392578125 0.0788345336914062
-0.66265869140625 -0.16015625 -0.380950927734375 -0.2325439453125
-0.59393310546875 0.09417724609375 -0.279022216796875 0.00317382812499998
-0.412017822265625 0.4501953125 -0.0460472106933594 0.0652847290039063
-0.019195556640625 0.4803466796875 -0.041717529296875 -0.0431289672851562
0.262481689453125 0.362640380859375 -0.1400146484375 -0.0329208374023438
0.38189697265625 0.084991455078125 -0.219467163085937 -0.00312805175781245
0.363128662109375 -0.091156005859375 -0.23016357421875 0.109329223632813
0.40472412109375 -0.078521728515625 -0.222671508789062 0.163436889648438
0.398956298828125 -0.121185302734375 -0.219741821289062 0.150192260742188
0.360931396484375 0.040618896484375 -0.27337646484375 0.0478057861328125
0.31146240234375 0.257781982421875 -0.240646362304687 -0.0419464111328125
0.08380126953125 0.437774658203125 -0.104476928710937 -0.169113159179688
-0.3717041015625 0.40594482421875 0.0441131591796875 -0.140312194824219
-0.527862548828125 0.137298583984375 0.0452346801757812 0.0555343627929688
-0.66815185546875 -0.1439208984375 -0.097137451171875 0.00899505615234375
-0.463043212890625 -0.07177734375 -0.57318115234375 -0.28021240234375
-0.391876220703125 0.10015869140625 -0.413116455078125 0.0228271484375
-0.24774169921875 0.2974853515625 -0.0863494873046875 0.0620346069335938
-6.10351562499897E-05 0.2926025390625 -0.0799713134765625 -0.0602951049804687
0.16009521484375 0.228240966796875 -0.188323974609375 -0.0738677978515625
0.245941162109375 0.0689849853515625 -0.31494140625 -0.0111083984375
0.239410400390625 -0.036865234375 -0.341461181640625 0.163055419921875
0.270355224609375 -0.03179931640625 -0.321929931640625 0.218902587890625
0.275497436523438 -0.05126953125 -0.325439453125 0.198150634765625
0.22698974609375 0.0586700439453125 -0.35699462890625 0.051544189453125
0.173553466796875 0.185562133789062 -0.274856567382813 -0.0711364746093749
0.01708984375 0.269805908203125 -0.127059936523438 -0.1683349609375
-0.257080078125 0.225784301757813 0.0196380615234375 -0.10943603515625
-0.334228515625 0.06390380859375 -0.0575408935546875 0.0845870971679688
-0.45330810546875 -0.09619140625 -0.266387939453125 -0.051666259765625
-0.186859130859375 0.0219879150390625 -0.6976318359375 -0.29168701171875
-0.130874633789063 0.0858001708984375 -0.50555419921875 0.0469970703125
-0.052490234375 0.102073669433594 -0.124832153320313 0.0696258544921875
0.0136642456054687 0.06744384765625 -0.103317260742188 -0.0452423095703125
0.0328025817871094 0.0639190673828125 -0.197769165039062 -0.0892181396484375
0.07342529296875 0.045440673828125 -0.352020263671875 -0.0114135742187499
0.078338623046875 0.024688720703125 -0.39599609375 0.1934814453125
0.0948715209960938 0.0197677612304688 -0.3726806640625 0.240966796875
0.112869262695313 0.0234222412109375 -0.385528564453125 0.2135009765625
0.0676231384277344 0.0619888305664063 -0.3902587890625 0.0373840332031249
0.0281829833984375 0.0870590209960938 -0.26953125 -0.104705810546875
-0.0317001342773438 0.0780105590820313 -0.124603271484375 -0.162368774414063
-0.101676940917969 0.0462799072265625 0.00988006591796875 -0.082733154296875
-0.105621337890625 0.0066680908203125 -0.123809814453125 0.0854644775390625
-0.182342529296875 -0.023162841796875 -0.367462158203125 -0.0998840332031249
-0.133094787597656 -0.0888900756835938 0.443939208984375 0.038848876953125
-0.13079833984375 0.0068511962890625 0.21038818359375 -0.11175537109375
-0.076446533203125 0.117813110351563 -0.0142097473144531 0.0583839416503906
0.0281753540039063 0.123313903808594 0.0831146240234375 0.1585693359375
0.107795715332031 0.0403823852539063 0.223495483398437 0.151123046875
0.0810012817382813 -0.0550689697265625 0.3677978515625 -0.00592041015625
0.0642242431640625 -0.0926589965820313 0.3721923828125 -0.231414794921875
0.0820693969726562 -0.0727767944335938 0.3453369140625 -0.255096435546875
0.0643844604492188 -0.0836715698242188 0.36566162109375 -0.21942138671875
0.10833740234375 -0.0314559936523438 0.345489501953125 -0.0565185546875
0.108314514160156 0.0630645751953125 0.200607299804688 0.040130615234375
0.026397705078125 0.15081787109375 0.139427185058594 -0.012939453125
-0.120208740234375 0.0875015258789062 0.189559936523438 -0.103851318359375
-0.130241394042969 0.00261688232421876 0.462432861328125 -0.100494384765625
-0.0997314453125 -0.0766067504882812 0.72650146484375 0.2913818359375
-0.39617919921875 -0.14093017578125 0.38861083984375 0.0220947265625
-0.347320556640625 0.030426025390625 0.19769287109375 -0.0969390869140625
-0.2332763671875 0.275848388671875 0.00181198120117186 0.0544586181640625
0.015899658203125 0.2999267578125 0.06878662109375 0.131256103515625
0.214859008789063 0.176773071289063 0.175140380859375 0.153152465820313
0.236785888671875 -0.034576416015625 0.3095703125 0.012603759765625
0.2161865234375 -0.150466918945312 0.31939697265625 -0.188385009765625
0.2547607421875 -0.12567138671875 0.287841796875 -0.201904296875
0.233642578125 -0.152297973632813 0.3065185546875 -0.181243896484375
0.268112182617188 -0.025360107421875 0.266433715820313 -0.0546112060546875
0.248641967773438 0.168350219726563 0.13714599609375 0.0228042602539063
0.07330322265625 0.34307861328125 0.118621826171875 -0.0646743774414062
-0.275543212890625 0.280487060546875 0.191390991210937 -0.14349365234375
-0.37017822265625 0.0760498046875 0.45867919921875 -0.111053466796875
-0.4013671875 -0.121429443359375 0.68487548828125 0.2501220703125
-0.60955810546875 -0.17999267578125 0.260604858398437 -0.01983642578125
-0.53466796875 0.0552978515625 0.135421752929687 -0.0747222900390625
-0.370330810546875 0.416473388671875 0.0144577026367187 0.0572891235351563
0.0018310546875 0.456298828125 0.0564041137695312 0.0936660766601563
0.29876708984375 0.30181884765625 0.113128662109375 0.13079833984375
0.365386962890625 -0.002838134765625 0.209671020507813 0.0216217041015625
0.3367919921875 -0.183563232421875 0.216781616210938 -0.122970581054688
0.38983154296875 -0.16094970703125 0.1864013671875 -0.117218017578125
0.365570068359375 -0.203887939453125 0.201629638671875 -0.1131591796875
0.391632080078125 -0.026092529296875 0.1458740234375 -0.03839111328125
0.366729736328125 0.23834228515625 0.046875 0.00506973266601564
0.133453369140625 0.48907470703125 0.0726776123046875 -0.113304138183594
-0.374603271484375 0.456298828125 0.1689453125 -0.1746826171875
-0.55426025390625 0.162017822265625 0.4033203125 -0.10186767578125
-0.64599609375 -0.13665771484375 0.5546875 0.190032958984375
-0.74481201171875 -0.1910400390625 0.0681991577148437 -0.0798187255859375
-0.660888671875 0.0903320312499999 0.02313232421875 -0.0448074340820312
-0.45428466796875 0.526092529296875 0.0145339965820312 0.0637397766113282
0.00097656250000002 0.5648193359375 0.0366973876953125 0.0473213195800782
0.3514404296875 0.3873291015625 0.0334320068359375 0.08740234375
0.44659423828125 0.028411865234375 0.0732421875 0.0213165283203125
0.40911865234375 -0.1890869140625 0.0768814086914063 -0.0414352416992188
0.464569091796875 -0.171600341796875 0.0570220947265625 -0.0152168273925781
0.4407958984375 -0.224334716796875 0.06817626953125 -0.0212783813476563
0.453826904296875 -0.02630615234375 0.00105285644531253 -0.00473642349243164
0.435455322265625 0.271331787109375 -0.0594139099121093 -0.00440597534179685
0.17974853515625 0.558837890625 0.00509643554687501 -0.147262573242187
-0.41162109375 0.56402587890625 0.124908447265625 -0.1849365234375
-0.64593505859375 0.22772216796875 0.302459716796875 -0.064544677734375
-0.78765869140625 -0.129150390625 0.358062744140625 0.128631591796875
-0.77093505859375 -0.1671142578125 -0.162841796875 -0.146682739257813
-0.685791015625 0.123046875 -0.125045776367188 -0.010528564453125
-0.460418701171875 0.557159423828125 -0.00479888916015628 0.0678634643554688
0.00927734375000005 0.58038330078125 0.0024111270904541 -0.00143074989318844
0.3543701171875 0.40338134765625 -0.0573883056640625 0.0308609008789063
0.45703125 0.048980712890625 -0.0802688598632812 0.017791748046875
0.416748046875 -0.16461181640625 -0.0785140991210937 0.0463943481445312
0.4681396484375 -0.155303955078125 -0.0809249877929687 0.0899581909179687
0.44781494140625 -0.20904541015625 -0.0732269287109375 0.07818603515625
0.444793701171875 -0.013580322265625 -0.145156860351562 0.037322998046875
0.424560546875 0.265838623046875 -0.1630859375 -0.0103759765625
0.178192138671875 0.53680419921875 -0.0651702880859375 -0.16168212890625
-0.39678955078125 0.55828857421875 0.074737548828125 -0.170852661132812
-0.63336181640625 0.23443603515625 0.1767578125 -0.00622558593749999
-0.79718017578125 -0.1121826171875 0.126663208007812 0.07012939453125
-0.67535400390625 -0.11065673828125 -0.394683837890625 -0.204193115234375
-0.58746337890625 0.13836669921875 -0.278915405273438 0.0244140625
-0.376556396484375 0.48309326171875 -0.0389213562011719 0.0674209594726563
0.017333984375 0.481292724609375 -0.0413017272949219 -0.0402717590332031
0.292022705078125 0.3414306640625 -0.139869689941406 -0.0231246948242187
0.387939453125 0.056182861328125 -0.221267700195312 0.0145263671875
0.354736328125 -0.11798095703125 -0.222320556640625 0.128753662109375
0.400054931640625 -0.113983154296875 -0.206390380859375 0.181564331054688
0.387420654296875 -0.155120849609375 -0.203857421875 0.166305541992188
0.362945556640625 0.01300048828125 -0.268386840820313 0.0698394775390625
0.32977294921875 0.232666015625 -0.240814208984375 -0.0241546630859374
0.11810302734375 0.431396484375 -0.116439819335937 -0.162765502929688
-0.339569091796875 0.434967041015625 0.03515625 -0.140419006347656
-0.517547607421875 0.175811767578125 0.0531044006347656 0.0526542663574219
-0.67803955078125 -0.0930175781249998 -0.0941848754882813 0.0154037475585938
-0.46978759765625 -0.0393981933593751 -0.5892333984375 -0.23828125
-0.384857177734375 0.129638671875 -0.410247802734375 0.0557250976562501
-0.224365234375 0.319366455078125 -0.08056640625 0.0682601928710938
0.020721435546875 0.29296875 -0.081146240234375 -0.0540008544921875
0.17913818359375 0.215042114257813 -0.192352294921875 -0.0613861083984375
0.251693725585938 0.0504150390625 -0.318756103515625 0.013916015625
0.236160278320313 -0.053985595703125 -0.329071044921875 0.19189453125
0.268722534179688 -0.0556640625 -0.301422119140625 0.24627685546875
0.2713623046875 -0.0751190185546875 -0.306060791015625 0.22430419921875
0.231338500976562 0.041229248046875 -0.35113525390625 0.080810546875
0.1868896484375 0.17144775390625 -0.278121948242188 -0.0511932373046875
0.0384674072265625 0.268112182617188 -0.138473510742188 -0.159210205078125
-0.23724365234375 0.248214721679688 0.013641357421875 -0.108360290527344
-0.329010009765625 0.0880126953124999 -0.0465316772460938 0.0889205932617188
-0.460052490234375 -0.06097412109375 -0.266815185546875 -0.0343780517578125
-0.187286376953125 0.03369140625 -0.715576171875 -0.240478515625
-0.126220703125 0.0946121215820312 -0.4984130859375 0.08624267578125
-0.0464096069335938 0.108360290527344 -0.119529724121094 0.0799713134765625
0.0185928344726563 0.0675048828125 -0.103500366210938 -0.0372238159179687
0.0396041870117187 0.0615730285644531 -0.2037353515625 -0.07696533203125
0.0785980224609375 0.0397872924804688 -0.356597900390625 0.01629638671875
0.0804672241210937 0.0190582275390625 -0.380462646484375 0.22698974609375
0.097259521484375 0.01104736328125 -0.349945068359375 0.273162841796875
0.115081787109375 0.0120620727539062 -0.365570068359375 0.244720458984375
0.072601318359375 0.0565032958984375 -0.38629150390625 0.0692138671875
0.0352630615234375 0.0839691162109375 -0.275650024414063 -0.085662841796875
-0.0255203247070312 0.0801467895507812 -0.135543823242188 -0.1519775390625
-0.0971527099609375 0.0566329956054688 0.0057373046875 -0.0821914672851563
-0.106475830078125 0.0150070190429688 -0.112831115722656 0.0944900512695313
-0.185134887695312 -0.00979614257812498 -0.37127685546875 -0.07415771484375
-0.133415222167969 -0.0783615112304687 0.438690185546875 0.014923095703125
-0.12603759765625 0.0123062133789063 0.1990966796875 -0.123489379882813
-0.068145751953125 0.117301940917969 -0.0101203918457031 0.0556488037109375
0.0339202880859375 0.118423461914062 0.0888214111328125 0.149429321289063
0.107124328613281 0.0325927734375 0.22930908203125 0.137924194335938
0.0738372802734375 -0.0577392578125 0.3648681640625 -0.0269775390625
0.0578994750976563 -0.0941162109375 0.352294921875 -0.251251220703125
0.07708740234375 -0.076263427734375 0.3233642578125 -0.2747802734375
0.0587158203125 -0.0837783813476562 0.34686279296875 -0.240936279296875
0.103477478027344 -0.036956787109375 0.3387451171875 -0.077972412109375
0.110092163085937 0.0557174682617187 0.201644897460938 0.0311279296875
0.0358428955078125 0.146392822265625 0.13421630859375 -0.0206298828125
-0.113243103027344 0.093841552734375 0.177383422851563 -0.11175537109375
-0.125892639160156 0.00946807861328125 0.44622802734375 -0.123046875
-0.10101318359375 -0.0680465698242188 0.7269287109375 0.2515869140625
-0.39453125 -0.115966796875 0.38238525390625 0.000640869140624993
-0.337646484375 0.04852294921875 0.1865234375 -0.108596801757813
-0.212158203125 0.2828369140625 0.00611495971679686 0.0497322082519531
0.031005859375 0.292724609375 0.073577880859375 0.123367309570313
0.220138549804688 0.160491943359375 0.1820068359375 0.14288330078125
0.228683471679688 -0.04583740234375 0.30804443359375 -0.00482177734375
0.203125 -0.159866333007813 0.302703857421875 -0.20599365234375
0.245254516601563 -0.140457153320313 0.269744873046875 -0.219345092773438
0.220870971679688 -0.162017822265625 0.2908935546875 -0.20068359375
0.261062622070313 -0.0395050048828125 0.260787963867188 -0.0703125
0.254058837890625 0.15203857421875 0.138740539550781 0.0172576904296875
0.09228515625 0.33355712890625 0.111335754394531 -0.0719070434570312
-0.254791259765625 0.29302978515625 0.177963256835937 -0.150726318359375
-0.359283447265625 0.093780517578125 0.4429931640625 -0.131500244140625
-0.40142822265625 -0.0960388183593751 0.684326171875 0.2125244140625
-0.60845947265625 -0.14312744140625 0.253921508789062 -0.033233642578125
-0.520904541015625 0.0831298828124999 0.126304626464844 -0.082733154296875
-0.337799072265625 0.43133544921875 0.0191879272460937 0.0516510009765625
0.026885986328125 0.446197509765625 0.0611801147460938 0.0866470336914063
0.310028076171875 0.278717041015625 0.119743347167969 0.123733520507813
0.3568115234375 -0.02264404296875 0.208663940429688 0.00927734375
0.321258544921875 -0.199005126953125 0.2047119140625 -0.1346435546875
0.376190185546875 -0.18359375 0.176071166992188 -0.129074096679688
0.34735107421875 -0.221527099609375 0.192153930664063 -0.128005981445313
0.381622314453125 -0.0472412109375 0.142608642578125 -0.0465850830078125
0.37518310546875 0.21453857421875 0.0496368408203125 0.00387954711914064
0.160736083984375 0.4742431640625 0.0625686645507813 -0.11846923828125
-0.343597412109375 0.47296142578125 0.155776977539062 -0.179794311523437
-0.536468505859375 0.189605712890625 0.391265869140625 -0.12017822265625
-0.6422119140625 -0.0971069335937499 0.554290771484375 0.161041259765625
-0.74139404296875 -0.1475830078125 0.0625991821289062 -0.0824203491210938
-0.64422607421875 0.124755859375 0.0180282592773437 -0.0465774536132812
-0.41656494140625 0.543670654296875 0.0198936462402344 0.0581588745117188
0.031097412109375 0.55389404296875 0.0412139892578125 0.0422439575195313
0.370147705078125 0.3590087890625 0.039642333984375 0.0843276977539063
0.439056396484375 0.003143310546875 0.0746917724609375 0.0172500610351562
0.39166259765625 -0.207733154296875 0.0716323852539063 -0.0455169677734375
0.44927978515625 -0.19970703125 0.0559654235839844 -0.0209388732910156
0.41900634765625 -0.248565673828125 0.0669021606445313 -0.0302658081054688
0.44342041015625 -0.050384521484375 0.0020861625671387 -0.00461053848266602
0.4442138671875 0.24176025390625 -0.0559425354003906 -0.000335693359374983
0.210540771484375 0.540679931640625 -0.00521850585937497 -0.148895263671875
-0.37384033203125 0.58270263671875 0.113006591796875 -0.1868896484375
-0.6234130859375 0.2587890625 0.2950439453125 -0.0787353515625
-0.7822265625 -0.08331298828125 0.358612060546875 0.108673095703125
-0.76837158203125 -0.1226806640625 -0.167404174804688 -0.135787963867187
-0.667724609375 0.15960693359375 -0.125312805175781 -0.00336456298828126
-0.41864013671875 0.57659912109375 0.00159454345703123 0.0645942687988282
0.04058837890625 0.56939697265625 0.00513076782226563 -0.00424146652221676
0.37274169921875 0.37591552734375 -0.0531120300292969 0.0335006713867188
0.45166015625 0.02337646484375 -0.0786514282226562 0.0230331420898438
0.401123046875 -0.184600830078125 -0.0764007568359375 0.0513763427734375
0.45452880859375 -0.183746337890625 -0.0728912353515625 0.0918426513671875
0.4273681640625 -0.234527587890625 -0.0656814575195312 0.0774917602539062
0.435394287109375 -0.037261962890625 -0.139579772949219 0.0455474853515625
0.432037353515625 0.237548828125 -0.158462524414062 -0.00149536132812497
0.205108642578125 0.5196533203125 -0.074371337890625 -0.158172607421875
-0.35626220703125 0.573974609375 0.0655670166015625 -0.169937133789062
-0.610107421875 0.26470947265625 0.176315307617188 -0.0147705078125
-0.78985595703125 -0.0678100585937499 0.129173278808594 0.0620269775390625
-0.67242431640625 -0.0746459960937499 -0.397979736328125 -0.179931640625
-0.57171630859375 0.1702880859375 -0.27459716796875 0.040863037109375
-0.341827392578125 0.501556396484375 -0.0322151184082032 0.0673980712890625
0.0435791015625 0.47314453125 -0.0396881103515625 -0.0392875671386719
0.309051513671875 0.3179931640625 -0.138145446777344 -0.0169906616210937
0.384918212890625 0.033905029296875 -0.218460083007813 0.027679443359375
0.343475341796875 -0.135345458984375 -0.213058471679688 0.142242431640625
0.38873291015625 -0.139251708984375 -0.1905517578125 0.190200805664063
0.37225341796875 -0.17706298828125 -0.188522338867187 0.17291259765625
0.357757568359375 -0.00714111328125 -0.259033203125 0.0858612060546875
0.33831787109375 0.20989990234375 -0.236175537109375 -0.010009765625
0.141876220703125 0.417510986328125 -0.124252319335937 -0.156005859375
-0.306304931640625 0.449310302734375 0.0286788940429687 -0.138809204101562
-0.50152587890625 0.19970703125 0.0590095520019531 0.0488433837890625
-0.67236328125 -0.0539550781250001 -0.09033203125 0.0186614990234375
-0.4676513671875 -0.0149230957031251 -0.589599609375 -0.20196533203125
-0.37298583984375 0.148193359375 -0.401153564453125 0.0795593261718749
-0.20294189453125 0.330169677734375 -0.0740127563476563 0.0717391967773438
0.03643798828125 0.28826904296875 -0.0793075561523438 -0.0502700805664062
0.190582275390625 0.200729370117188 -0.191909790039063 -0.0522308349609375
0.251693725585937 0.0360260009765625 -0.316314697265625 0.032379150390625
0.230438232421875 -0.0654296875 -0.31402587890625 0.2115478515625
0.26275634765625 -0.0729522705078125 -0.279190063476563 0.260574340820313
0.26165771484375 -0.092681884765625 -0.2855224609375 0.23736572265625
0.229522705078125 0.0276336669921875 -0.3402099609375 0.10150146484375
0.193832397460938 0.158111572265625 -0.275436401367188 -0.0361022949218751
0.053802490234375 0.261962890625 -0.14471435546875 -0.149734497070313
-0.217010498046875 0.259185791015625 0.00988006591796872 -0.106170654296875
-0.3212890625 0.105010986328125 -0.0370330810546875 0.0888137817382812
-0.45697021484375 -0.0345458984375 -0.26220703125 -0.022003173828125
-0.185348510742188 0.0409393310546875 -0.71197509765625 -0.1998291015625
-0.120460510253906 0.0995635986328125 -0.485198974609375 0.1153564453125
-0.0401687622070313 0.111679077148438 -0.112464904785156 0.0863494873046875
0.0215988159179687 0.0663948059082031 -0.101432800292969 -0.0315475463867187
0.0435676574707031 0.0589714050292969 -0.205337524414063 -0.066650390625
0.0811920166015625 0.0339202880859375 -0.35430908203125 0.0369873046875
0.0816726684570312 0.0153884887695312 -0.361602783203125 0.249603271484375
0.0966796875 0.003875732421875 -0.32598876953125 0.291534423828125
0.114128112792969 0.0033111572265625 -0.34332275390625 0.263885498046875
0.075836181640625 0.0516738891601562 -0.3756103515625 0.09161376953125
0.0396652221679688 0.0810699462890625 -0.276382446289063 -0.0701446533203125
-0.0198745727539062 0.0811691284179688 -0.140365600585937 -0.142318725585938
-0.0913162231445313 0.062744140625 0.0034027099609375 -0.0799636840820313
-0.105461120605469 0.0210723876953125 -0.102012634277344 0.0981521606445312
-0.183761596679688 0.000671386718749982 -0.36676025390625 -0.0566711425781249
-0.132606506347656 -0.0716476440429688 0.434173583984375 0.0013427734375
-0.122283935546875 0.0146636962890625 0.190109252929688 -0.131515502929688
-0.063446044921875 0.115867614746094 -0.00854110717773437 0.052520751953125
0.0371932983398438 0.116294860839844 0.0918731689453125 0.14501953125
0.104843139648438 0.0280685424804688 0.23388671875 0.130233764648438
0.0688133239746094 -0.0584220886230469 0.363250732421875 -0.040557861328125
0.0529251098632813 -0.095184326171875 0.33935546875 -0.26483154296875
0.0742568969726563 -0.07861328125 0.308319091796875 -0.286773681640625
0.0553817749023438 -0.0838775634765625 0.333587646484375 -0.25439453125
0.0998611450195313 -0.0402755737304688 0.33404541015625 -0.0916748046875
0.110877990722656 0.050537109375 0.202911376953125 0.025543212890625
0.0414581298828125 0.143341064453125 0.131233215332031 -0.0252609252929687
-0.108627319335938 0.0974273681640625 0.167877197265625 -0.1156005859375
-0.121673583984375 0.013641357421875 0.43487548828125 -0.13507080078125
-0.101181030273437 -0.062469482421875 0.7249755859375 0.2288818359375
-0.3922119140625 -0.101165771484375 0.377777099609375 -0.01068115234375
-0.330535888671875 0.058685302734375 0.178009033203125 -0.115631103515625
-0.1988525390625 0.286102294921875 0.00803756713867187 0.0461769104003907
0.040283203125 0.288238525390625 0.0762405395507813 0.118148803710938
0.2215576171875 0.149948120117188 0.187332153320313 0.136734008789063
0.222076416015625 -0.0516815185546875 0.307952880859375 -0.016143798828125
0.194931030273438 -0.164718627929688 0.290863037109375 -0.21673583984375
0.238235473632813 -0.150421142578125 0.2579345703125 -0.23101806640625
0.212936401367187 -0.16827392578125 0.280136108398438 -0.2142333984375
0.255340576171875 -0.047760009765625 0.258056640625 -0.0812225341796875
0.257827758789063 0.141510009765625 0.141357421875 0.0135040283203125
0.104949951171875 0.327545166015625 0.105613708496094 -0.0760345458984375
-0.2415771484375 0.300750732421875 0.168777465820312 -0.153778076171875
-0.351959228515625 0.104278564453125 0.433868408203125 -0.143157958984375
-0.400054931640625 -0.0805664062500001 0.6826171875 0.19189453125
-0.60699462890625 -0.12335205078125 0.249679565429688 -0.040618896484375
-0.510589599609375 0.10101318359375 0.119056701660156 -0.0874176025390625
-0.31634521484375 0.438507080078125 0.0219154357910156 0.0469474792480469
0.04071044921875 0.440521240234375 0.0638885498046875 0.0814285278320313
0.31591796875 0.26361083984375 0.125328063964844 0.119766235351563
0.349517822265625 -0.03271484375 0.209640502929688 0.0019683837890625
0.310272216796875 -0.207611083984375 0.196670532226563 -0.141403198242188
0.3671875 -0.19976806640625 0.169174194335938 -0.138137817382813
0.33526611328125 -0.232635498046875 0.18505859375 -0.138534545898438
0.37445068359375 -0.059112548828125 0.141189575195313 -0.0523834228515625
0.380706787109375 0.199066162109375 0.0531997680664063 0.00377655029296876
0.176849365234375 0.46514892578125 0.0553512573242188 -0.121429443359375
-0.32147216796875 0.481597900390625 0.146987915039062 -0.180816650390625
-0.52471923828125 0.2034912109375 0.383270263671875 -0.129974365234375
-0.64007568359375 -0.0747680664062501 0.55401611328125 0.14459228515625
-0.739501953125 -0.120849609375 0.0593109130859375 -0.0832290649414063
-0.63262939453125 0.14678955078125 0.0136642456054687 -0.0468292236328125
-0.387176513671875 0.5545654296875 0.0232582092285156 0.0538482666015625
0.0495910644531251 0.54608154296875 0.0426521301269531 0.0374488830566407
0.378570556640625 0.340728759765625 0.0442886352539063 0.0831985473632813
0.432647705078125 -0.01080322265625 0.0752792358398438 0.0151138305664063
0.379913330078125 -0.21905517578125 0.0683174133300781 -0.0467643737792969
0.43963623046875 -0.21917724609375 0.05462646484375 -0.0246810913085938
0.405792236328125 -0.262237548828125 0.0653038024902344 -0.03692626953125
0.43585205078125 -0.065032958984375 0.0034284591674805 -0.00492000579833985
0.450439453125 0.224609375 -0.0521736145019531 0.00222015380859377
0.228790283203125 0.529144287109375 -0.0130462646484375 -0.149215698242187
-0.34649658203125 0.59063720703125 0.106369018554687 -0.187591552734375
-0.611083984375 0.277099609375 0.291778564453125 -0.086639404296875
-0.77728271484375 -0.0552978515625001 0.358856201171875 0.097564697265625
-0.76715087890625 -0.09661865234375 -0.169570922851563 -0.128738403320312
-0.65618896484375 0.182861328125 -0.125823974609375 0.00246429443359377
-0.39068603515625 0.58782958984375 0.0063056945800781 0.0614128112792969
0.059814453125 0.5625 0.00714445114135743 -0.00701427459716793
0.382659912109375 0.356842041015625 -0.0500869750976562 0.0347518920898438
0.44696044921875 0.00799560546875 -0.0769119262695312 0.0265121459960938
0.39129638671875 -0.196746826171875 -0.0741348266601562 0.0557174682617187
0.444000244140625 -0.20367431640625 -0.0677108764648437 0.0928497314453125
0.414825439453125 -0.2486572265625 -0.0613632202148437 0.075531005859375
0.42828369140625 -0.0518798828125 -0.135459899902344 0.0509185791015625
0.4368896484375 0.220489501953125 -0.154449462890625 0.00434875488281254
0.22344970703125 0.507720947265625 -0.081756591796875 -0.156951904296875
-0.33087158203125 0.5828857421875 0.060882568359375 -0.169174194335937
-0.5966796875 0.28277587890625 0.176788330078125 -0.0202789306640625
-0.7850341796875 -0.0400390624999999 0.130142211914062 0.0562744140625
-0.6697998046875 -0.0523071289062501 -0.39892578125 -0.16558837890625
-0.561309814453125 0.187835693359375 -0.270889282226563 0.0516204833984375
-0.317169189453125 0.511383056640625 -0.0276107788085938 0.0663528442382813
0.058746337890625 0.46771240234375 -0.0383529663085938 -0.0403060913085937
0.31951904296875 0.302734375 -0.136245727539062 -0.012481689453125
0.382354736328125 0.020233154296875 -0.217498779296875 0.0372772216796875
0.3363037109375 -0.145294189453125 -0.205429077148438 0.151626586914063
0.38092041015625 -0.15618896484375 -0.179397583007812 0.196014404296875
0.361114501953125 -0.191436767578125 -0.17901611328125 0.175811767578125
0.3525390625 -0.0191650390625 -0.25189208984375 0.0956268310546875
0.342742919921875 0.195648193359375 -0.233016967773438 -0.00302124023437503
0.155609130859375 0.40911865234375 -0.130813598632813 -0.151931762695312
-0.2855224609375 0.458251953125 0.0264053344726562 -0.137504577636719
-0.491363525390625 0.215728759765625 0.0636749267578125 0.0455322265625
-0.66851806640625 -0.031005859375 -0.087554931640625 0.0197219848632813
-0.466094970703125 -0.00125122070312508 -0.58819580078125 -0.18255615234375
-0.365325927734375 0.160064697265625 -0.392547607421875 0.0943298339843751
-0.188140869140625 0.336822509765625 -0.0692901611328125 0.073089599609375
0.045867919921875 0.285491943359375 -0.0777587890625 -0.0488967895507812
0.197662353515625 0.191543579101563 -0.192947387695313 -0.0462646484375
0.251998901367188 0.0263214111328125 -0.31488037109375 0.04620361328125
0.22808837890625 -0.0724945068359375 -0.30230712890625 0.224578857421875
0.258087158203125 -0.084686279296875 -0.264617919921875 0.269973754882813
0.25518798828125 -0.103179931640625 -0.271896362304688 0.245635986328125
0.2288818359375 0.020050048828125 -0.33203125 0.1148681640625
0.19793701171875 0.149551391601563 -0.273681640625 -0.02593994140625
0.062408447265625 0.258468627929687 -0.14959716796875 -0.144271850585937
-0.204803466796875 0.266128540039063 0.00888824462890623 -0.105003356933594
-0.31585693359375 0.115692138671875 -0.02911376953125 0.08782958984375
-0.454437255859375 -0.0190124511718749 -0.259170532226563 -0.0164794921875
-0.185089111328125 0.0456085205078125 -0.708251953125 -0.17596435546875
-0.116767883300781 0.102737426757813 -0.4737548828125 0.1324462890625
-0.03521728515625 0.114044189453125 -0.107078552246094 0.0900192260742188
0.0230712890625 0.0660667419433594 -0.0988922119140625 -0.029327392578125
0.047149658203125 0.0567703247070313 -0.207168579101563 -0.06134033203125
0.0834579467773438 0.030242919921875 -0.353790283203125 0.0511779785156249
0.0834274291992188 0.012481689453125 -0.34783935546875 0.264739990234375
0.0968170166015625 -0.00042724609375 -0.309112548828125 0.30364990234375
0.112983703613281 -0.00319671630859375 -0.327362060546875 0.27459716796875
0.0780410766601563 0.0486526489257813 -0.367340087890625 0.10687255859375
0.0426406860351563 0.07879638671875 -0.27734375 -0.060089111328125
-0.0164413452148437 0.0815353393554688 -0.144149780273437 -0.135208129882813
-0.0871734619140625 0.06707763671875 0.00312042236328124 -0.07928466796875
-0.105560302734375 0.025390625 -0.0940628051757813 0.0987777709960937
-0.1837158203125 0.00660705566406248 -0.363616943359375 -0.048675537109375
-0.132095336914063 -0.067901611328125 0.437652587890625 -0.008148193359375
-0.122161865234375 0.0164718627929687 0.185501098632813 -0.138046264648438
-0.0616302490234375 0.117034912109375 -0.00835418701171876 0.0515670776367188
0.0404815673828125 0.115478515625 0.0954132080078125 0.143844604492188
0.104782104492188 0.0250625610351562 0.241531372070313 0.126083374023438
0.0654945373535156 -0.0588951110839844 0.369110107421875 -0.051544189453125
0.0500717163085938 -0.096282958984375 0.332916259765625 -0.278839111328125
0.0730209350585938 -0.0826034545898438 0.300384521484375 -0.30108642578125
0.0539779663085937 -0.0850143432617188 0.328826904296875 -0.269683837890625
0.0985336303710938 -0.0430831909179688 0.33544921875 -0.103912353515625
0.113479614257813 0.0474700927734375 0.208511352539063 0.0212554931640625
0.0474395751953125 0.142593383789062 0.13031005859375 -0.0295333862304687
-0.106170654296875 0.101417541503906 0.163192749023438 -0.1195068359375
-0.120048522949219 0.015472412109375 0.431549072265625 -0.145111083984375
-0.102737426757812 -0.0590744018554688 0.73406982421875 0.2181396484375
-0.395782470703125 -0.090972900390625 0.3798828125 -0.018798828125
-0.329620361328125 0.066436767578125 0.173065185546875 -0.121810913085938
-0.1917724609375 0.29345703125 0.00908279418945311 0.043914794921875
0.047821044921875 0.289093017578125 0.0796356201171875 0.116058349609375
0.226333618164062 0.143646240234375 0.195419311523437 0.133834838867188
0.219757080078125 -0.0561065673828125 0.31298828125 -0.02545166015625
0.19073486328125 -0.170974731445313 0.286407470703125 -0.229339599609375
0.236480712890625 -0.161148071289062 0.252212524414063 -0.24298095703125
0.210494995117188 -0.175399780273437 0.2742919921875 -0.228927612304688
0.25592041015625 -0.0542755126953125 0.259475708007813 -0.0904388427734375
0.265213012695313 0.135223388671875 0.146591186523438 0.01092529296875
0.116455078125 0.32757568359375 0.102279663085938 -0.0805816650390625
-0.234375 0.311004638671875 0.1636962890625 -0.157379150390625
-0.351104736328125 0.113372802734375 0.431732177734375 -0.153076171875
-0.4046630859375 -0.070587158203125 0.69378662109375 0.1802978515625
-0.6136474609375 -0.1075439453125 0.249893188476563 -0.045928955078125
-0.509918212890625 0.114776611328125 0.114700317382812 -0.090484619140625
-0.30523681640625 0.4515380859375 0.0238800048828125 0.0436973571777344
0.051605224609375 0.4434814453125 0.0657806396484375 0.0782241821289063
0.32623291015625 0.2552490234375 0.13275146484375 0.118888854980469
0.349609375 -0.0406494140625 0.21319580078125 -0.0039215087890625
0.305755615234375 -0.2176513671875 0.193740844726563 -0.148818969726563
0.365020751953125 -0.216033935546875 0.165420532226563 -0.146820068359375
0.3319091796875 -0.244903564453125 0.1807861328125 -0.150131225585938
0.374664306640625 -0.069580078125 0.14263916015625 -0.0580291748046875
0.390350341796875 0.189788818359375 0.0576744079589844 0.00312423706054689
0.19317626953125 0.465362548828125 0.049713134765625 -0.125480651855469
-0.30926513671875 0.4970703125 0.142593383789063 -0.184112548828125
-0.523834228515625 0.218719482421875 0.383514404296875 -0.13909912109375
-0.64752197265625 -0.0568237304687501 0.56268310546875 0.13458251953125
-0.7496337890625 -0.10260009765625 0.0573272705078124 -0.084136962890625
-0.6319580078125 0.16461181640625 0.0102119445800781 -0.0471611022949219
-0.37176513671875 0.5709228515625 0.0261077880859375 0.0511741638183594
0.0628967285156249 0.551025390625 0.0445709228515625 0.0339126586914063
0.3912353515625 0.33135986328125 0.049560546875 0.08349609375
0.4342041015625 -0.0201416015625 0.0775833129882813 0.0138626098632812
0.37713623046875 -0.230743408203125 0.0672492980957032 -0.0482635498046875
0.43792724609375 -0.2392578125 0.0544700622558594 -0.0284004211425781
0.399658203125 -0.277984619140625 0.0637283325195313 -0.0437088012695313
0.436614990234375 -0.07611083984375 0.00501298904418948 -0.00488424301147461
0.461669921875 0.21246337890625 -0.0492286682128906 0.00366973876953126
0.247222900390625 0.528533935546875 -0.020660400390625 -0.152389526367187
-0.33148193359375 0.6072998046875 0.102569580078125 -0.189956665039062
-0.61016845703125 0.294189453125 0.294097900390625 -0.094024658203125
-0.78619384765625 -0.0359497070312499 0.364288330078125 0.090789794921875
-0.77752685546875 -0.07659912109375 -0.173355102539063 -0.124160766601563
-0.65545654296875 0.20245361328125 -0.127822875976563 0.00704193115234374
-0.37322998046875 0.6077880859375 0.00952529907226561 0.0587959289550782
0.0740966796875 0.56683349609375 0.00752735137939454 -0.0103874206542968
0.39776611328125 0.34954833984375 -0.0472373962402344 0.0372962951660156
0.450653076171875 -0.0018310546875 -0.0771102905273437 0.030914306640625
0.389617919921875 -0.2086181640625 -0.0726394653320312 0.0605239868164062
0.44268798828125 -0.22369384765625 -0.0645904541015624 0.0948028564453125
0.4093017578125 -0.265045166015625 -0.0606918334960937 0.0745620727539062
0.428955078125 -0.062469482421875 -0.133064270019531 0.0558013916015625
0.4483642578125 0.208526611328125 -0.152877807617188 0.00857543945312499
0.240447998046875 0.50677490234375 -0.089996337890625 -0.15716552734375
-0.31640625 0.600341796875 0.05841064453125 -0.170364379882812
-0.59429931640625 0.30181884765625 0.181640625 -0.024871826171875
-0.79522705078125 -0.0194091796875 0.133094787597656 0.0531997680664063
-0.6800537109375 -0.0355834960937499 -0.404388427734375 -0.15673828125
-0.560577392578125 0.205474853515625 -0.271728515625 0.0604705810546875
-0.3021240234375 0.527374267578125 -0.0244369506835938 0.0660934448242188
0.07025146484375 0.471771240234375 -0.0384902954101562 -0.0419235229492187
0.33233642578125 0.2958984375 -0.137298583984375 -0.00872039794921875
0.386962890625 0.011444091796875 -0.219696044921875 0.046295166015625
0.337432861328125 -0.156585693359375 -0.201675415039063 0.162322998046875
0.380462646484375 -0.172760009765625 -0.1739501953125 0.203628540039063
0.357635498046875 -0.2056884765625 -0.175125122070312 0.180999755859375
0.35467529296875 -0.027099609375 -0.249618530273437 0.104522705078125
0.352142333984375 0.187713623046875 -0.233566284179687 0.00386047363281251
0.168670654296875 0.410430908203125 -0.1383056640625 -0.150054931640625
-0.273162841796875 0.471893310546875 0.0253448486328125 -0.137893676757812
-0.49102783203125 0.2315673828125 0.0695877075195312 0.0435523986816406
-0.6768798828125 -0.014404296875 -0.0875701904296876 0.0193328857421875
-0.472991943359375 0.0110168457031251 -0.59521484375 -0.17144775390625
-0.36505126953125 0.171478271484375 -0.391693115234375 0.107421875
-0.178436279296875 0.347625732421875 -0.0662765502929688 0.0748138427734375
0.05230712890625 0.287689208984375 -0.0785446166992187 -0.0496826171875
0.206588745117187 0.187057495117188 -0.196273803710938 -0.0419769287109375
0.256256103515625 0.0197906494140625 -0.3192138671875 0.057281494140625
0.230438232421875 -0.0787506103515625 -0.295989990234375 0.239044189453125
0.25909423828125 -0.0955352783203125 -0.256500244140625 0.281707763671875
0.253158569335938 -0.113418579101563 -0.265823364257813 0.255462646484375
0.231124877929688 0.0141448974609375 -0.330047607421875 0.12628173828125
0.204177856445313 0.145111083984375 -0.276641845703125 -0.0200653076171875
0.0705413818359375 0.259628295898438 -0.15643310546875 -0.1412353515625
-0.197647094726563 0.275863647460938 0.00861358642578123 -0.105339050292969
-0.317626953125 0.1256103515625 -0.02313232421875 0.087554931640625
-0.461029052734375 -0.00741577148437509 -0.262054443359375 -0.0144805908203125
-0.188552856445312 0.0503082275390625 -0.71453857421875 -0.16107177734375
-0.115768432617187 0.10614013671875 -0.472747802734375 0.1468505859375
-0.0315933227539062 0.117973327636719 -0.105110168457031 0.0943603515625
0.0242500305175781 0.0675926208496094 -0.099151611328125 -0.0285491943359375
0.050323486328125 0.0557670593261719 -0.212188720703125 -0.05743408203125
0.0866928100585937 0.0280227661132813 -0.358489990234375 0.064971923828125
0.0867919921875 0.0102005004882813 -0.341552734375 0.281463623046875
0.0981292724609375 -0.00389862060546875 -0.300018310546875 0.31732177734375
0.113548278808594 -0.00794219970703125 -0.3209228515625 0.287841796875
0.0811233520507813 0.0472869873046875 -0.366912841796875 0.118865966796875
0.0455780029296875 0.0780487060546875 -0.281951904296875 -0.0537719726562501
-0.0144424438476563 0.0836715698242188 -0.149078369140625 -0.131210327148438
-0.0849685668945313 0.0712661743164062 0.00396728515624999 -0.0800399780273438
-0.107101440429688 0.02935791015625 -0.0889663696289063 0.0997085571289063
-0.18731689453125 0.011016845703125 -0.369049072265625 -0.043731689453125
-0.135223388671875 -0.0646438598632812 0.448455810546875 -0.022125244140625
-0.123481750488281 0.020233154296875 0.181564331054687 -0.148590087890625
-0.058685302734375 0.121452331542969 -0.0074005126953125 0.0519256591796875
0.045379638671875 0.116233825683594 0.101654052734375 0.1434326171875
0.106285095214844 0.0216598510742187 0.254425048828125 0.1201171875
0.0629615783691406 -0.0603828430175781 0.378753662109375 -0.069122314453125
0.0467071533203125 -0.09918212890625 0.328216552734375 -0.302520751953125
0.0714492797851563 -0.0880050659179688 0.292633056640625 -0.324981689453125
0.0526657104492187 -0.08831787109375 0.324310302734375 -0.292633056640625
0.098297119140625 -0.0475997924804688 0.341827392578125 -0.121826171875
0.118682861328125 0.0433883666992188 0.217422485351562 0.0146331787109375
0.0556640625 0.143722534179688 0.130722045898438 -0.0357818603515625
-0.103950500488281 0.108566284179687 0.15911865234375 -0.126846313476563
-0.120948791503906 0.0189208984375 0.43505859375 -0.161773681640625
-0.106468200683594 -0.0550689697265625 0.76007080078125 0.2003173828125
-0.407073974609375 -0.0783996582031249 0.38897705078125 -0.0302734375
-0.333526611328125 0.07940673828125 0.16937255859375 -0.130416870117188
-0.18267822265625 0.30712890625 0.010711669921875 0.0426483154296875
0.0584716796875 0.293792724609375 0.0855941772460938 0.114845275878906
0.236129760742188 0.137863159179688 0.2083740234375 0.130142211914063
0.221237182617187 -0.063018798828125 0.322540283203125 -0.0396728515625
0.187942504882813 -0.181167602539063 0.282562255859375 -0.24822998046875
0.23651123046875 -0.176925659179687 0.246139526367188 -0.26251220703125
0.209442138671875 -0.188278198242188 0.2703857421875 -0.2496337890625
0.258712768554687 -0.064208984375 0.264266967773438 -0.1053466796875
0.27801513671875 0.12744140625 0.154769897460938 0.00595092773437501
0.134033203125 0.3321533203125 0.0988616943359375 -0.0875244140625
-0.22723388671875 0.32940673828125 0.160247802734375 -0.164443969726562
-0.355682373046875 0.1280517578125 0.435546875 -0.170562744140625
-0.418060302734375 -0.056060791015625 0.7166748046875 0.16619873046875
-0.63165283203125 -0.0869140624999999 0.253890991210937 -0.0535430908203125
-0.51654052734375 0.137542724609375 0.11102294921875 -0.095916748046875
-0.289642333984375 0.474029541015625 0.0264434814453125 0.0417633056640625
0.0697021484375 0.452728271484375 0.0699234008789062 0.0756301879882813
0.34381103515625 0.247589111328125 0.144134521484375 0.11712646484375
0.355010986328125 -0.0518798828125 0.22161865234375 -0.0131072998046875
0.304595947265625 -0.233612060546875 0.192245483398438 -0.161346435546875
0.365203857421875 -0.240234375 0.162155151367188 -0.159942626953125
0.33074951171875 -0.26483154296875 0.177230834960938 -0.16552734375
0.380157470703125 -0.083709716796875 0.145751953125 -0.0665435791015625
0.40924072265625 0.1795654296875 0.0630073547363282 0.000972747802734386
0.219207763671875 0.471405029296875 0.0424041748046875 -0.131477355957031
-0.29736328125 0.524627685546875 0.138900756835937 -0.191696166992188
-0.529998779296875 0.243988037109375 0.389007568359375 -0.155029296875
-0.666748046875 -0.0349121093749999 0.58172607421875 0.12127685546875
-0.77099609375 -0.0753784179687499 0.0556488037109375 -0.0858612060546875
-0.638427734375 0.19293212890625 0.00621795654296871 -0.0465431213378906
-0.35565185546875 0.59930419921875 0.029541015625 0.0486564636230469
0.0844116210937501 0.5614013671875 0.0463523864746094 0.0306587219238282
0.41400146484375 0.321990966796875 0.057830810546875 0.0839462280273438
0.443145751953125 -0.03515625 0.0823516845703125 0.0117263793945312
0.3778076171875 -0.250213623046875 0.06756591796875 -0.0518989562988281
0.439422607421875 -0.267913818359375 0.0538864135742188 -0.0333900451660156
0.398834228515625 -0.303314208984375 0.0610084533691406 -0.050872802734375
0.443695068359375 -0.0926513671875 0.00658321380615237 -0.00632905960083008
0.482086181640625 0.198974609375 -0.0464820861816406 0.00513458251953126
0.275634765625 0.53497314453125 -0.0312347412109375 -0.1558837890625
-0.31610107421875 0.63812255859375 0.0982208251953125 -0.196304321289062
-0.61395263671875 0.32440185546875 0.300994873046875 -0.10662841796875
-0.80828857421875 -0.00683593749999999 0.377716064453125 0.080230712890625
-0.80035400390625 -0.04949951171875 -0.181472778320313 -0.11962890625
-0.664306640625 0.230712890625 -0.13189697265625 0.0143890380859375
-0.35491943359375 0.63714599609375 0.0126113891601562 0.0581474304199219
0.09686279296875 0.5797119140625 0.00788307189941407 -0.0132007598876953
0.422149658203125 0.340850830078125 -0.044403076171875 0.0403213500976563
0.460906982421875 -0.01751708984375 -0.0770263671875 0.0363998413085938
0.39178466796875 -0.22869873046875 -0.0706939697265625 0.0667495727539063
0.44647216796875 -0.252655029296875 -0.0623016357421875 0.0993804931640625
0.40814208984375 -0.29022216796875 -0.0607376098632812 0.0761947631835938
0.436614990234375 -0.07879638671875 -0.132728576660156 0.0629348754882813
0.4686279296875 0.196441650390625 -0.154159545898438 0.0138092041015625
0.267852783203125 0.512664794921875 -0.101959228515625 -0.157516479492187
-0.2987060546875 0.62896728515625 0.05560302734375 -0.175582885742187
-0.60076904296875 0.33001708984375 0.1884765625 -0.033416748046875
-0.8177490234375 0.00927734375000012 0.138786315917969 0.0486373901367188
-0.703125 -0.0106201171875 -0.41864013671875 -0.145599365234375
-0.56610107421875 0.2313232421875 -0.275741577148438 0.0749511718750001
-0.28656005859375 0.552734375 -0.0211715698242188 0.0669975280761719
0.0892639160156251 0.48284912109375 -0.0405235290527344 -0.0443954467773437
0.353546142578125 0.288818359375 -0.1395263671875 -0.00300598144531249
0.397979736328125 -0.002410888671875 -0.223526000976562 0.0590057373046875
0.341949462890625 -0.173309326171875 -0.19830322265625 0.177032470703125
0.3828125 -0.197357177734375 -0.167861938476563 0.215896606445312
0.35693359375 -0.226593017578125 -0.172348022460938 0.191650390625
0.36236572265625 -0.040374755859375 -0.2503662109375 0.118072509765625
0.368865966796875 0.17767333984375 -0.237411499023437 0.0122833251953125
0.19036865234375 0.41546630859375 -0.149871826171875 -0.147979736328125
-0.260101318359375 0.49603271484375 0.0230865478515625 -0.142318725585938
-0.495330810546875 0.256011962890625 0.0768356323242187 0.0398406982421875
-0.69677734375 0.0106201171875 -0.0896835327148438 0.0198516845703125
-0.488128662109375 0.0284118652343749 -0.614501953125 -0.15460205078125
-0.36767578125 0.188232421875 -0.397430419921875 0.1258544921875
-0.1680908203125 0.363311767578125 -0.0638275146484375 0.0788421630859375
0.06317138671875 0.294586181640625 -0.0819320678710938 -0.04962158203125
0.220779418945312 0.183700561523438 -0.2025146484375 -0.0359954833984375
0.2650146484375 0.01043701171875 -0.326507568359375 0.07489013671875
0.23504638671875 -0.09051513671875 -0.291961669921875 0.260833740234375
0.262435913085938 -0.110946655273438 -0.248443603515625 0.300628662109375
0.254486083984375 -0.128494262695312 -0.261001586914063 0.272796630859375
0.237548828125 0.0067138671875 -0.331756591796875 0.1441650390625
0.215133666992188 0.140625 -0.284027099609375 -0.00955200195312493
0.0824432373046875 0.264892578125 -0.166580200195313 -0.13787841796875
-0.190643310546875 0.291961669921875 0.00763702392578123 -0.108909606933594
-0.321868896484375 0.141754150390625 -0.0167007446289063 0.0879592895507813
-0.474884033203125 0.00918579101562507 -0.270095825195313 -0.00918579101562505
-0.194671630859375 0.058319091796875 -0.73504638671875 -0.14349365234375
-0.115257263183594 0.112045288085938 -0.476806640625 0.168701171875
-0.0280227661132812 0.122604370117188 -0.102851867675781 0.100471496582031
0.0263557434082031 0.0698585510253906 -0.102043151855469 -0.0265274047851562
0.05487060546875 0.0556564331054688 -0.221237182617188 -0.05126953125
0.0921249389648438 0.0243377685546875 -0.368133544921875 0.0836181640625
0.0918045043945313 0.00640869140625 -0.3363037109375 0.30548095703125
0.101066589355469 -0.008758544921875 -0.2908935546875 0.33984375
0.115470886230469 -0.013336181640625 -0.313720703125 0.310028076171875
0.0859832763671875 0.045013427734375 -0.369964599609375 0.1385498046875
0.0500411987304688 0.0783767700195312 -0.29241943359375 -0.04351806640625
-0.0115890502929688 0.0873641967773438 -0.157608032226563 -0.127395629882813
-0.0833969116210938 0.0781021118164063 0.003509521484375 -0.0834732055664063
-0.110504150390625 0.0360260009765625 -0.0837326049804687 0.102699279785156
-0.193084716796875 0.0185546875 -0.381744384765625 -0.0363159179687501
-0.031334927678125 0.153860487102494 0.301360045561011 0.363033715230532
0.0837661842168779 0.106380577476127 0.24529443298256 0.0693627910596843
0.13566548698189 -0.0299974583042733 -0.0744420154980818 -0.00624495884454718
0.0551587811300681 -0.134476791653117 -0.113428555021585 0.165490013717985
-0.0912213254122644 -0.0999493901149778 0.0327385740737366 0.323354380378996
-0.124787104388231 -0.00685724944141439 0.248641299430202 0.322123797897433
-0.132528482802009 0.0322695768612833 0.417038449819189 0.214006289089032
-0.127851780665962 0.0327074349562675 0.46865175483778 0.12605826840316
-0.136279623283116 0.0207917308702167 0.422384477443 0.184622067944541
-0.118747969380281 -0.0315875583330202 0.269815715283083 0.245391187355408
-0.0626463525497873 -0.119142866026671 0.0830818746217487 0.220376475335468
0.0781152193758713 -0.13900882850869 0.0773576090276817 0.0890217578235911
0.135520488403299 -0.00608098150017356 0.190316700727016 0.0421035496490356
0.0625438724180219 0.0859417430685353 0.373528734632732 0.286387388097549
-0.0256491891165812 0.105025257810452 0.320565104579627 0.714277798790268
0.11457786218105 0.380874846017391 0.297348492975113 0.270915757273255
0.271405167782157 0.234606016087329 0.238396347879831 0.0261027950035648
0.364201257410531 -0.0405337942905689 -0.0844514462669602 -0.0433294524554321
0.199998432346947 -0.273375844783837 -0.144304300474958 0.116136160410825
-0.100855413750662 -0.283761849985709 -0.0248709743799769 0.304922563314094
-0.223123705536008 -0.127838534760705 0.185723051908222 0.309024762572724
-0.280843250757657 -0.0526197084694625 0.338247117434522 0.217309309929201
-0.300618824386106 -0.0316047035250662 0.386434290299021 0.130771474822373
-0.312961753744189 -0.0547282265862018 0.353757976463845 0.17407716762216
-0.235054888849081 -0.148748109895868 0.200523676671295 0.204479700407255
-0.110447735520596 -0.295040886950393 0.0346397900916402 0.16537948420209
0.191865342907495 -0.325371768031039 0.0776572574652386 0.0163586336589288
0.372386894268973 -0.0855848679500693 0.214024293800726 -0.00302522272223762
0.288815251973843 0.196542859335123 0.400899823554643 0.260361979507043
0.135843405929729 0.349103587860756 0.356014247374766 0.656360965492352
0.248000795796164 0.567647374909575 0.258892138577527 0.113069978225848
0.445014874936406 0.340031692386453 0.189824171781812 -0.0475923541415376
0.568250736405985 -0.053569654962239 -0.101954136572314 -0.0724152757039157
0.331062161487332 -0.395725831665905 -0.160404021236818 0.0659049769268135
-0.0970507024393963 -0.443799670173055 -0.0698660051589833 0.251321788248784
-0.291242104788341 -0.239606974584996 0.102275646130941 0.249298920914796
-0.386669283073104 -0.132920893694764 0.211078241473227 0.183471762813912
-0.427945649585861 -0.0900830663167626 0.245002381414293 0.117197942255755
-0.444939550155785 -0.11597333991908 0.229124362566042 0.139834591653694
-0.325426410942059 -0.236431259402766 0.0956846286094214 0.137027386896333
-0.160782185493359 -0.426812652809512 -0.0264429723892271 0.0845808132747863
0.261105838821932 -0.483886848189959 0.0630141621622706 -0.0678229655583785
0.554905840098838 -0.180572812679976 0.215102486833913 -0.0540176436463554
0.486330552080955 0.257517477800585 0.377804372664207 0.207773120229818
0.286893944566232 0.534048887921823 0.332762795865501 0.520788515457645
0.357723686739552 0.677502974810952 0.181998065641549 -0.0948386344024541
0.580314707935828 0.396927306947528 0.095541852611263 -0.146444445867636
0.712770208036446 -0.0792331905470961 -0.129453162318219 -0.0938660720247109
0.417600040142487 -0.487125777579853 -0.162569301456595 0.0116836850369893
-0.0878597881289897 -0.551844737171043 -0.104033195224889 0.161918181272274
-0.322582582344246 -0.319254520184925 0.00554243857080931 0.147671320859337
-0.43620249338226 -0.1967757597393 0.0515530310719596 0.116956406033465
-0.49043947203851 -0.135301573691409 0.0664693249364113 0.0859913648807822
-0.510356901744106 -0.155578208864796 0.0676043478595591 0.0919437325513484
-0.368506538297395 -0.285680423180268 -0.0319697153297283 0.0549686442885899
-0.192496568713263 -0.49503299831715 -0.0970844579121974 -0.0107760954833454
0.284433482563062 -0.573981635240607 0.0327502673833523 -0.149868096978132
0.648157413887666 -0.252855390157773 0.189098382735621 -0.0981748106450218
0.603769646952273 0.269240118298741 0.296162529947208 0.142857545732189
0.39207197325337 0.631473451551914 0.254950636065796 0.336046103336115
0.423097063383796 0.686059697793614 0.0722787018165331 -0.324507810923798
0.640369257082494 0.38310583515007 -0.0359249482275802 -0.253852228905159
0.745974821912486 -0.102840190178214 -0.156937390334407 -0.108020693506847
0.427738215704029 -0.508709129634946 -0.149543189594613 -0.045176834224517
-0.0707831268704744 -0.569780021516243 -0.126711571182057 0.0421246690274923
-0.305516531639923 -0.344835127106885 -0.0958362131232571 0.0181584040709627
-0.418119446997431 -0.228935265428636 -0.118168935439305 0.0300364826991178
-0.477514991716787 -0.159412240160205 -0.12220890921549 0.0422040997110033
-0.493412177476974 -0.179344187851921 -0.107867241152233 0.0347854892499874
-0.346175553021523 -0.296484486717944 -0.16146797335889 -0.0316555021377607
-0.177701094905962 -0.48175769994681 -0.158454763019588 -0.10869752352667
0.274792435035927 -0.55167684351572 0.00106261737755369 -0.214107363700103
0.63241926175294 -0.258220614749721 0.148379504997049 -0.12039068576088
0.60669725217228 0.251565389754379 0.174775591927198 0.0841241036139617
0.421033378925983 0.62977056758316 0.133800223247108 0.130218224724175
0.429292496995158 0.583915772794443 -0.0575563054463223 -0.534636954130948
0.588000435677367 0.294521690162568 -0.179717000468542 -0.341570995651492
0.637702103664086 -0.110366963859583 -0.172552287902806 -0.109316663642952
0.356526085152703 -0.429363723423889 -0.120557296972318 -0.0958645438282527
-0.0458629684990741 -0.47820682760633 -0.132663059594829 -0.0825852188536945
-0.238706232903357 -0.307152697428415 -0.184957729876092 -0.11399094146871
-0.333610408066761 -0.222356606561781 -0.270906074886202 -0.0610402803161668
-0.389926362664589 -0.161756349478525 -0.291974260249657 -0.00716882706926097
-0.39719690416559 -0.17861204114107 -0.266096199094169 -0.0280685633934213
-0.260486476279693 -0.269211340467278 -0.2632933142043 -0.115763603822606
-0.117144131435705 -0.394614116754823 -0.188584522183216 -0.196567005527823
0.244003732025916 -0.422842897755174 -0.0121111565267022 -0.24949731962845
0.518503475807957 -0.188014229270394 0.111083770574427 -0.115226667767221
0.493445379264765 0.213434612808049 0.0478346202066592 0.0373454333036924
0.372110815474496 0.534877049830678 0.00356709391490063 -0.0632019082122941
0.365842061070248 0.387035204467056 -0.187004171784271 -0.683614243265406
0.430851872940183 0.153507573451792 -0.30868087153566 -0.390821946194175
0.41097631282421 -0.0936602768564866 -0.176472738096711 -0.09431777299549
0.217406366049453 -0.268981557945175 -0.0836348740382129 -0.11956553438609
-0.0143504520946894 -0.300311267589082 -0.120861658785253 -0.178990379101438
-0.131816298360259 -0.214401729305416 -0.242554518163049 -0.220017453282758
-0.195948345281309 -0.178128818348386 -0.38156293534379 -0.141031724118648
-0.242427769349774 -0.138394291504617 -0.417350095454103 -0.0559092062137524
-0.242144201345754 -0.15439629806177 -0.381524035322734 -0.0903395258555053
-0.137818437829373 -0.2060602071665 -0.316424038970593 -0.189029418142653
-0.0349956031191863 -0.254885925873418 -0.173773781913435 -0.26311663925024
0.185126651791437 -0.23413589712859 -0.000314386820009535 -0.25013939611152
0.33200675440765 -0.0843245767798747 0.0863521331686764 -0.0894289355960392
0.305745485062809 0.150200428029845 -0.053909564437084 0.0013944882962386
0.265378928683003 0.363268365835215 -0.107838226998078 -0.219421534588539
0.242751066184712 0.129618301696983 -0.297022205125664 -0.745669940681233
0.208369048499098 -0.00709266033854131 -0.408495079182565 -0.392910217549114
0.126421535677144 -0.0642528719488157 -0.178418844908792 -0.0599140251088119
0.0520276815359557 -0.0738733332083895 -0.0509830502090391 -0.108366183647528
0.0210331994054515 -0.0814841354562498 -0.0934603554053551 -0.229231338466475
-0.00380278784461333 -0.0908871519229762 -0.261457860083688 -0.280111675715517
-0.0271580701580744 -0.106170093749956 -0.432944800790934 -0.193885563522913
-0.0576742272701432 -0.0938229178579061 -0.479284252475938 -0.0969382682880798
-0.0544021477192286 -0.106250296569432 -0.437984404379488 -0.143945070266355
-0.00455875848190096 -0.113333944751677 -0.318178154891608 -0.242580425855444
0.0361635417673427 -0.0883920469486406 -0.123585539742168 -0.29919172294296
0.0923877632146301 -0.0396579983824096 0.0274621067197624 -0.222310485828953
0.112185149709327 0.00194501397991187 0.0729636115454208 -0.0562181590141389
0.100946252896167 0.0551043520708287 -0.118456656658171 -0.0281601146939675
0.133043136716785 0.140559299846924 -0.18508474712442 -0.32121249277119
-0.0223059673121856 0.156114689076455 0.328857728159663 0.347188249442963
0.0908649571325754 0.10129012992393 0.2505282378871 0.0510500383893541
0.133566046735002 -0.0396542197402659 -0.0755825796193866 -0.0022623926984717
0.0456035757152713 -0.138298495982115 -0.103254168232566 0.174247682685707
-0.0981100569890586 -0.0935311736883876 0.057977716524778 0.325504623597275
-0.124350861682782 0.00150074876152087 0.277427158462419 0.307269112126201
-0.130238007337074 0.0416447217666569 0.437397982791286 0.18170998149027
-0.126750753585632 0.0436506271166297 0.482937504945826 0.0861872821519008
-0.136795223167861 0.031727837232375 0.443712739793835 0.151256336444308
-0.121453818361631 -0.0225809477948143 0.293188701894342 0.227340999148749
-0.0733056556671385 -0.11510285889727 0.101382132173449 0.219539681035311
0.0667622653670651 -0.14587600369109 0.0828639582569131 0.0828724407306801
0.136183161242626 -0.0165420448181212 0.191068131520727 0.0289974371046706
0.0680825633536322 0.0826775916734358 0.393204550606011 0.262790169496218
-0.0184070697410603 0.106139503745059 0.372030680737482 0.703024938802331
0.141573788042492 0.375569392680067 0.316866338890253 0.256070006200842
0.288240137886791 0.216624619593422 0.239373051650253 0.00885874129244602
0.362020562482241 -0.0675308705569803 -0.0876764432204831 -0.0388868031227185
0.183059105058426 -0.289953680033001 -0.13779408242507 0.126515398877973
-0.122334601708528 -0.277335800339161 -0.000409576265896668 0.311536147527129
-0.232949941247093 -0.114551815886597 0.212216786106999 0.299672648570008
-0.286565826115348 -0.0332073235108216 0.3590887331162 0.191491336182028
-0.307254031718534 -0.00674258380158412 0.400132737558618 0.0985262693606397
-0.321487122120444 -0.0315947405651842 0.372370793686008 0.146238518472746
-0.246429785255319 -0.133385789573962 0.220072224493732 0.191087429969747
-0.134875787028579 -0.28960473650009 0.0497770385919758 0.167464858359397
0.170247672572668 -0.344070019970758 0.0774294098821577 0.00866583489725807
0.370552508601561 -0.114164699179622 0.212852609668953 -0.0173551696234198
0.304637446613293 0.179839312522536 0.421249103555856 0.235928567729134
0.163096795258653 0.342713773978179 0.404189193136216 0.641453485674671
0.289874704208325 0.553805371598746 0.26767108695677 0.0998669817888591
0.468580246408393 0.312955950546961 0.184902411472331 -0.0607896593572442
0.564980058694079 -0.097164930645875 -0.107376081600536 -0.0656456662532008
0.307161031634816 -0.422388513074187 -0.156541761350598 0.0759552570809412
-0.130114013830414 -0.440041382839984 -0.0492858355733734 0.261870872406171
-0.309940146216352 -0.222900583621405 0.1236360264304 0.246216181273058
-0.399788819101326 -0.107681322843873 0.227439641909294 0.168291912244212
-0.440948312477536 -0.0560102907972492 0.256587388617756 0.0964677342140619
-0.45982385933834 -0.0827055945264594 0.243509621384062 0.120759791211024
-0.344722252788455 -0.217109566441293 0.109197491857633 0.130911807672183
-0.19455689219113 -0.419934977019081 -0.016996091674489 0.0895789093869029
0.228253863624292 -0.509617773501162 0.0557549292312133 -0.0756141589479183
0.547605042185365 -0.223796160889968 0.210831955338565 -0.0677537873527106
0.508423624818955 0.227075860873884 0.395279189807849 0.184899539400643
0.330760447662075 0.520515306266113 0.373097959541819 0.504827489147788
0.408520449599348 0.657654749184721 0.175859258497749 -0.1053748737633
0.611567335320532 0.359812245422809 0.0823903267123358 -0.153009372710205
0.709987341906991 -0.132485632390408 -0.135855517773888 -0.0853858902788487
0.390260592264823 -0.522848466662622 -0.16278326620841 0.0210463695615045
-0.130995892174301 -0.550553610657594 -0.0896429057582843 0.174177838297671
-0.347754146894513 -0.301263671654005 0.0173066706275497 0.150625288827583
-0.454847389747157 -0.16836152086203 0.061316568723796 0.114259968616376
-0.509302207888731 -0.0968151673095257 0.07449307081092 0.0802677376413098
-0.527042132638634 -0.119336688404699 0.0757165685284821 0.0840912362756979
-0.390926545363874 -0.264068746862038 -0.0271153952186274 0.0573533216468848
-0.231383667041352 -0.485147734122795 -0.0948474521747484 -0.00220634590752809
0.245182506425632 -0.603331336880659 0.018147916705562 -0.156028115602464
0.634969136573722 -0.304383850364638 0.183090882816159 -0.11047370158138
0.628822433167949 0.23046630759453 0.311165529941139 0.124879551722554
0.442974476755428 0.612281397196857 0.281198575908876 0.321189673291009
0.478089240819155 0.663055541407591 0.0494561133419643 -0.329966673269834
0.670931485903919 0.34016927655544 -0.0571175618833802 -0.250533764577206
0.743222932102714 -0.159549801105124 -0.164455108265205 -0.096874016695277
0.40082695063441 -0.544516995423052 -0.153097214003256 -0.0378656546712763
-0.115190682487528 -0.569833910098469 -0.121008892569244 0.0548254900507868
-0.333374322320257 -0.329316522419639 -0.0960048184215782 0.0267208014184523
-0.439674647174011 -0.202870227196008 -0.11688554528388 0.0405215654924395
-0.497898990361906 -0.121354045238516 -0.118717758302247 0.0521650776375229
-0.512563890113404 -0.1418157524003 -0.106516984807098 0.0405710009786502
-0.369793346191834 -0.276502132941054 -0.164819594786263 -0.0204181036683354
-0.217179432122657 -0.473620450492306 -0.16563745967073 -0.0970254421454681
0.238871787680742 -0.580931662360542 -0.0189173730505742 -0.218448423734249
0.621643185427382 -0.307561926867728 0.14213749380824 -0.130463057898692
0.630395916149766 0.211019860670764 0.185974147152411 0.0727701813781402
0.473279310083953 0.607843948408405 0.144430093169875 0.11944046755952
0.474926344974975 0.559611847820586 -0.09419648562771 -0.533401359348871
0.611982949133964 0.25676775869013 -0.206948314974039 -0.328617615454231
0.635722726721577 -0.158233876239781 -0.181230565836847 -0.0976232009972012
0.332658303911002 -0.461310725926625 -0.126907111884906 -0.0897485074815416
-0.0841962666863529 -0.480102250511239 -0.137246921509121 -0.0710818555719359
-0.263180960188611 -0.295823438907993 -0.19667302611736 -0.100695835400042
-0.355715865477638 -0.2022723242621 -0.278523588453566 -0.0387125314409979
-0.408610240264406 -0.132117812786653 -0.293967803872085 0.015928142978387
-0.415568102883169 -0.149365866387544 -0.271145709421382 -0.00901579127549761
-0.282922112743888 -0.255446828009312 -0.274448916781646 -0.0970709625544823
-0.148298115888729 -0.389160057547175 -0.202965235336717 -0.184494501496698
0.217324215396483 -0.447013966681168 -0.0333246626918611 -0.250996341890374
0.510261397238644 -0.230262408341266 0.105668081696082 -0.122943751798582
0.512339126847494 0.180767546187001 0.0565547932439003 0.0343273827225299
0.414844870080494 0.515799558880214 -0.000622779471280465 -0.067805720709354
0.399563643834208 0.368158693181412 -0.2332230430872 -0.676841984505205
0.445796196815852 0.126862144436085 -0.339317764928466 -0.369125632257236
0.408341689320347 -0.124443005021275 -0.184480663616087 -0.0818204761557428
0.204376513073662 -0.28897554699882 -0.0916715444915972 -0.116245731041196
-0.0378150211059248 -0.303184843894747 -0.13324534898628 -0.171350173507113
-0.14927827256375 -0.2093576560051 -0.264527924743161 -0.203690962874457
-0.2137523097648 -0.166847372594353 -0.396096823209717 -0.109968824162987
-0.257850403714609 -0.121067317659635 -0.424195646380888 -0.0222459379373339
-0.256828156336328 -0.137442699008301 -0.392732135507912 -0.0622204610448407
-0.154946000699048 -0.200194871195185 -0.334213560043362 -0.165976224518945
-0.0537457045945758 -0.254586524317708 -0.194262276545108 -0.253096663621562
0.171567699531384 -0.251475276921657 -0.0198124681691975 -0.252111466592132
0.330023944379839 -0.111079874810504 0.0835674796283084 -0.0958439620300671
0.320218555754614 0.12957138259564 -0.0486327599739243 0.00474840793471233
0.29701218727803 0.350656093017374 -0.12451106856438 -0.21884009277015
0.256380941185457 0.116130942001998 -0.347141802327594 -0.734189973630291
0.209421860392321 -0.0194995280243532 -0.439401754006252 -0.364274718110205
0.124703364430197 -0.073869271178098 -0.183781889262655 -0.0471455182730746
0.0489759361310206 -0.07945119722876 -0.0577248632448277 -0.106466212913945
0.014117216626767 -0.0852040145798521 -0.110468229458798 -0.225226179198283
-0.0121383165510259 -0.0920057808146005 -0.287735638211454 -0.263895608719998
-0.0373668041581428 -0.105942293613375 -0.452268497880314 -0.160058991403984
-0.0675881759186407 -0.0909343668427879 -0.491088999854715 -0.0568483141637356
-0.063644116780421 -0.102984755354018 -0.453049958336291 -0.11037076055451
-0.0137492857630973 -0.115735775084982 -0.339625358915172 -0.22066697701022
0.0305594412818032 -0.0922841211656344 -0.14847053560554 -0.293788163148664
0.0920898492499926 -0.04879660117528 0.0106697980410821 -0.225262506246203
0.113847546959798 -0.00777541416369404 0.0725396701945651 -0.0627865213454112
0.106891892852006 0.0485252757640637 -0.116740149635995 -0.0214744113093419
0.146811410239761 0.134876541096841 -0.209285039121117 -0.317101975661505
-0.013559875079667 0.15524818658394 0.345596860951896 0.32466562522883
0.0953888710322713 0.0935580179916353 0.248249107271824 0.0339203983630909
0.128437899255183 -0.046976169989982 -0.0746416624081643 0.00145214015146652
0.036949916111734 -0.138930868247469 -0.0914111518029104 0.179066515984872
-0.101033075284796 -0.0850496966124158 0.0811139079613935 0.31889433575804
-0.121082815692712 0.00974521981958561 0.297798438642077 0.286192409664877
-0.124884752655408 0.0502592391409222 0.445882233783428 0.146806780784847
-0.122480125101919 0.0530138186723056 0.483314517115162 0.0476928679176254
-0.133751271294732 0.0420456602277092 0.451205253423275 0.116462931252752
-0.120305140592986 -0.0132889320891355 0.309410597794389 0.204415488937526
-0.0808791230730093 -0.107655139822909 0.117904791345034 0.212033172762031
0.0548946784731429 -0.149201674720657 0.0857047937017458 0.0751637221094817
0.133839518637322 -0.0259732680054558 0.186708496890578 0.017077813176959
0.0718805895147962 0.0779540286402616 0.402558904278689 0.237287373819757
-0.011086843666116 0.104216293488577 0.412895749599011 0.674629909558663
0.163880837654668 0.362438873948071 0.328855545950837 0.23578758371608
0.29748572794505 0.195035025261245 0.233860478115701 -0.00674283736025229
0.351000010023284 -0.0906546162092272 -0.0895467498480114 -0.0329820335103924
0.164154088850655 -0.297336760818894 -0.127979256855576 0.132591613868777
-0.137699938715526 -0.264639040246424 0.0233405361434479 0.309848924537587
-0.236306364216617 -0.0993644977075314 0.231937996240531 0.283328682921126
-0.285095531430574 -0.0143000720561152 0.368976677765945 0.162320513374829
-0.305088343483597 0.0163961263663568 0.402623731159265 0.0660213077163841
-0.320939362036525 -0.00708410828463755 0.379757538010948 0.114864649427988
-0.251609901415568 -0.116371506655191 0.2338515054363 0.173063277058004
-0.153243290889736 -0.276136146553929 0.0637566093165115 0.163565464067001
0.143309326957718 -0.353471244513172 0.0740752964285391 0.00197807761171359
0.360282034422821 -0.138395064585766 0.20576242787453 -0.0289613506708015
0.31339294200954 0.159097234161297 0.430239772878731 0.20777996560902
0.184662679686958 0.328476675531351 0.440005714334943 0.611018726169233
0.322600655330481 0.529415123542684 0.269876528370771 0.0847536518386511
0.481367237675703 0.279001759530392 0.176044910989915 -0.0700308733007403
0.551192629496007 -0.132810125468001 -0.109897718802044 -0.0585960701201121
0.278889434402114 -0.437720764141275 -0.149896898145678 0.0830269853945399
-0.158466226753791 -0.424560591662536 -0.0268688121510611 0.264111337658902
-0.320041065832834 -0.202325933207408 0.140220060753366 0.236255997235857
-0.402106823735646 -0.0800915600429375 0.2374927932554 0.148957737778267
-0.442684565842703 -0.0217360930709652 0.261071113704412 0.0750985034422124
-0.461811324116522 -0.0487250163032192 0.250142911392654 0.0989704983883088
-0.354081310432336 -0.193022374204418 0.118386401503589 0.12077708946404
-0.222438294446449 -0.401297076437123 -0.00709649255985968 0.0905853930903556
0.19164493037733 -0.522964057449186 0.04601019990263 -0.0794336854040563
0.528679033337808 -0.260796558218254 0.201734633017719 -0.0788019081398826
0.51829427998238 0.194404635417761 0.403992645363823 0.15788724868249
0.361755847849997 0.493541525197407 0.400821340547914 0.477134780230115
0.448651493169886 0.624112974524169 0.167261641198316 -0.11260215037407
0.625099054750281 0.317448365948691 0.0699705968149939 -0.153828554963722
0.690954254766143 -0.179501410019892 -0.139404260411276 -0.0755108682756339
0.354321322170588 -0.543739213529552 -0.159285223828878 0.0289897073482838
-0.166623213743602 -0.533697318361352 -0.0724951260571684 0.180137629014487
-0.363338079190967 -0.277441558108457 0.0285939915684089 0.149122263999719
-0.461754812407737 -0.136323558437511 0.0699619856142613 0.108687700379938
-0.513057187519844 -0.0571746020627089 0.0799646786102001 0.0722529765146123
-0.531790320581711 -0.0785983041532504 0.0808412786070611 0.0744633036800294
-0.403225447130077 -0.237917310804815 -0.0218838678647963 0.0577747293912284
-0.261879093363653 -0.464486966922176 -0.0909920944549363 0.0044360171952376
0.202538609284911 -0.616645909543627 0.00340867217358498 -0.156801790671595
0.60986629030536 -0.3446015456039 0.173434848688082 -0.119728956687239
0.638903478856522 0.189867065289539 0.31866485014098 0.103461834325523
0.480373440174474 0.579439797979955 0.298366775964659 0.299391911779794
0.517510330705047 0.625229014582542 0.0295344461553428 -0.327727914444256
0.683506196593625 0.296191578877107 -0.0734099137021613 -0.240487970917463
0.722524964274024 -0.209001985844444 -0.168713711893493 -0.0849427921625537
0.364205854591741 -0.566243495628351 -0.153357940076365 -0.0305281794129504
-0.153158207678226 -0.554005295103433 -0.11172014665606 0.0638025589764849
-0.352230441939049 -0.306350927753898 -0.0932260890852992 0.0344831975667156
-0.450383054585588 -0.171886953396791 -0.111740922547442 0.0490224487785336
-0.504342464764761 -0.0839937033625537 -0.112688532966884 0.0593106674822281
-0.518677704725658 -0.102956508877242 -0.102569349790218 0.0451333973769856
-0.38438603833886 -0.251635040529428 -0.164464364065763 -0.00909537227463871
-0.245746985335175 -0.453871006993862 -0.16806531028159 -0.0850712588530408
0.197198271071739 -0.596629902366803 -0.036875828553519 -0.21455129521585
0.594604671796481 -0.34942021520206 0.132229398547251 -0.136375441377932
0.638724936363258 0.169379551519424 0.193472570783922 0.0591330477639408
0.511064978981359 0.573856341976873 0.150284024909737 0.106807994601941
0.509169641233288 0.525081064806165 -0.125180985794029 -0.520640811499851
0.620475431398338 0.217581469467044 -0.225449251914117 -0.308074691266336
0.617144197171317 -0.199256586515264 -0.184820625838882 -0.0845496736488964
0.303297836774069 -0.48020053260956 -0.131117426649322 -0.0833700580030663
-0.11691831713047 -0.469232461545349 -0.137712744504416 -0.0605875685418194
-0.282667716461246 -0.277092989306662 -0.202305183599974 -0.0843549609974951
-0.367811887725213 -0.177056292781393 -0.277309343627995 -0.0168806100339003
-0.417514903424102 -0.100275482662098 -0.288029610422168 0.0378197886010059
-0.422962557365915 -0.117615981714368 -0.268866049524098 0.00927953435295798
-0.29713949185475 -0.236375311796573 -0.27870283229196 -0.0768951374517518
-0.17324026314566 -0.375300061845979 -0.21181263183276 -0.169273965508754
0.185913825306813 -0.460853049425644 -0.0521187054074724 -0.246046786964519
0.489835397269445 -0.263383208152043 0.0981299396937478 -0.127810032172266
0.520116850703817 0.14754197102242 0.0634297310029113 0.0279715241811322
0.448770824615761 0.484832550805498 -0.00613084534581573 -0.0710693675929765
0.420694790816956 0.338498219750656 -0.271249094357246 -0.654551871579515
0.448898785006864 0.100837613461706 -0.358457022857208 -0.340535419507665
0.397104864117969 -0.151187615764318 -0.187245650407472 -0.0691759793372133
0.185625441261608 -0.301232476031868 -0.0981020047275467 -0.111497377756662
-0.0598345492642148 -0.298130047588795 -0.142026980078786 -0.160727725909368
-0.164651681341232 -0.198405671861036 -0.276879742491864 -0.182284910614142
-0.226620404738525 -0.152426532892945 -0.398532048236335 -0.0778165012405867
-0.266246556092461 -0.10022975959024 -0.419518282337982 0.01077584414586
-0.264414297046134 -0.117709063263719 -0.393534901138297 -0.0330208963200117
-0.167470237236234 -0.190154484144498 -0.343339420497076 -0.141636795631052
-0.0703109696460713 -0.248097621892431 -0.2095393226697 -0.238060670589155
0.153754601866925 -0.263356141532693 -0.0377071845961383 -0.24645979622807
0.319611711751382 -0.133397866376597 0.0784706301262501 -0.10074925376983
0.325567609134861 0.108323143617651 -0.0426588719401008 0.00539639324922581
0.319143981326371 0.330128039995587 -0.138462604926388 -0.213589278761095
0.262834722058234 0.099684655755544 -0.386310285125718 -0.705313375849318
0.20605036283824 -0.0300875097862535 -0.454936538635361 -0.330282734619262
0.119832442327371 -0.0809023154983781 -0.183852801519154 -0.0345271639818492
0.0448633567292084 -0.0832894770333812 -0.0633010241009378 -0.103063516885622
0.00666298295598318 -0.085947495631217 -0.123889895484255 -0.216376258537214
-0.0200798424203804 -0.0910600134188312 -0.305354796764643 -0.24155196600844
-0.0474986719025417 -0.103721824278879 -0.458990955529038 -0.122745683341396
-0.0745327394000035 -0.0854556799543046 -0.487596850775801 -0.0191300649411709
-0.071174072178888 -0.0981313195780062 -0.456812613920633 -0.075124157812707
-0.023306829396226 -0.114943815702153 -0.352984577206336 -0.193668116172342
0.0242439264082402 -0.0940969852281005 -0.166935384916332 -0.281415402611373
0.0890639678917966 -0.0564825951401677 -0.00476320978457311 -0.221760689608904
0.112766530269035 -0.0166525882725284 0.0703251569088585 -0.0676517626657811
0.109851139848543 0.0414632867875872 -0.112581240963957 -0.0160911648316145
0.155957374519386 0.125450312025809 -0.229459700406384 -0.305966728955091
0.0469766908034998 0.149302761410542 0.428185613462355 0.181488953741514
0.123764086495142 0.0493858134293164 0.232711211607425 -0.0512313840067831
0.100571168314342 -0.0878613579784899 -0.0691224807963191 0.0350204837978072
-0.0178541078266691 -0.1384535692421 -0.0159584488463015 0.20296918842371
-0.119263270661522 -0.0392897296814349 0.191279440207034 0.265185254133806
-0.101940108584077 0.0534217889625598 0.379392367209188 0.153056718575337
-0.0945099894981342 0.0909523701514644 0.465370801964777 -0.0320926455080743
-0.0903718689009098 0.0898046148551975 0.45510063812274 -0.135246204003106
-0.106772166802272 0.085709807746709 0.454105540424065 -0.0552787618809819
-0.114030523530411 0.027663699779108 0.358504002322531 0.0796497147995286
-0.111964561276039 -0.0684694835499469 0.186760417644249 0.153658031090199
-0.00217014548349362 -0.15492738644542 0.101611258324097 0.0432535728347977
0.113781149299035 -0.070007376857198 0.172320030662604 -0.0448425280721799
0.0892046206675067 0.0450883441458304 0.449153483581972 0.0874687967397109
0.0195560478250876 0.0967975584408328 0.593975868117945 0.488826000875371
0.29009203621683 0.278170270555767 0.370053164831289 0.105635727709208
0.348417872290019 0.069720411891746 0.19578338972356 -0.0764431785010555
0.289275048043197 -0.210301582212612 -0.0951863493939797 0.0222705847058395
0.0384865654513029 -0.332717621762255 -0.0598125186654349 0.181905549466101
-0.216763386884872 -0.190639935954605 0.143651628043087 0.276807595178798
-0.245542857051426 -0.00727203674128037 0.322792518919915 0.170819542149948
-0.267845865992095 0.0875313330350951 0.406635686632811 0.010119161481786
-0.270236152127567 0.119731238703368 0.390565303797201 -0.0938870791949832
-0.295834632023311 0.107143331326423 0.389379838484126 -0.034654338098197
-0.270560852746453 -0.0225067247869761 0.281599724605274 0.0769972647544888
-0.236870469586566 -0.198132984611897 0.125496287135979 0.129342222393726
0.0096759256316422 -0.375085812721067 0.0652929252089451 -0.0149797469803888
0.284144513310126 -0.251781983346625 0.169194255162448 -0.093126050966474
0.340981300426686 0.0373434205493359 0.464326780149963 0.0460386257335814
0.27807408823773 0.243008196924189 0.602333518642525 0.410528159257497
0.498826518637217 0.377071040521226 0.255047737893396 -0.0126661879858179
0.551447277033008 0.0796260974362856 0.111593311491068 -0.109600725242104
0.457259665890861 -0.32266363803157 -0.123849876848612 0.0182112737303768
0.0922522278117735 -0.506156996144106 -0.0914723514448099 0.15113418078674
-0.292774687933887 -0.329547500281507 0.0887156949028326 0.252747341365849
-0.359559155706394 -0.0727772072722155 0.225743735679766 0.158628031560464
-0.403961369285077 0.0673587618961228 0.285948576804201 0.0467338768265011
-0.409077707415054 0.134325757062892 0.26768520158219 -0.037622549451186
-0.43828630064601 0.118114859293251 0.264785878175417 -0.00507597443568004
-0.391250189532191 -0.05876466816128 0.160295842150267 0.06817277703298
-0.342623056701039 -0.289058045436126 0.0389208051011 0.0880840924136391
-0.00461951847366947 -0.549450463562591 0.0118301891847767 -0.0760500192661053
0.39828138459859 -0.421490115780484 0.146267507126937 -0.137423970225337
0.542841170623991 -0.000421594907943842 0.423257192423827 0.00356168952256085
0.499788217603955 0.340038576004235 0.523552186646807 0.291353659984166
0.65260917575766 0.420502485305269 0.0871970002613728 -0.159665711369902
0.697698696964065 0.0632750566604862 -0.0196130411139786 -0.145029213328237
0.567063360106024 -0.416670844496643 -0.15607087369478 0.0223958477307102
0.120399880825796 -0.632058024494523 -0.114604213252565 0.110041015343898
-0.341084681838459 -0.428135532736928 0.0236668033081085 0.191645426570735
-0.428068156940459 -0.128129680885556 0.0947548632563789 0.117702763373977
-0.481258978401164 0.035910691401407 0.120672140734284 0.0726109229822004
-0.48563937265684 0.127579334909472 0.104455852312943 0.0249506260771229
-0.513605231222413 0.114798403479983 0.102028592284839 0.0309374946945481
-0.453072973505665 -0.0813242673648849 0.0103962172008035 0.0586432800953959
-0.400406781420945 -0.333228925723074 -0.0656937810999632 0.0382763871771706
-0.0269653707207382 -0.640340400663902 -0.0521308891978586 -0.12973021106045
0.443474528270761 -0.526079043331386 0.105225055129205 -0.164852372930437
0.653573986671292 -0.0473240694384753 0.326063012312796 -0.0231415109224194
0.640618701197069 0.380712245777003 0.372705644312937 0.155736291045133
0.715002438726133 0.397592235887821 -0.114940994012491 -0.310426911681059
0.745219994737896 0.0244069392985558 -0.181635903569867 -0.17416815296558
0.588165895251259 -0.456408677131368 -0.185130361102393 0.0257006359610695
0.120101274118255 -0.65939235412772 -0.128419829429912 0.0537856918117854
-0.33775298545152 -0.452903970639533 -0.0520853013352579 0.0979142113706934
-0.430144172793763 -0.158697865232976 -0.0574775238547725 0.0558518997734916
-0.485755439596018 -0.00167575029077209 -0.0668845096879238 0.0857387465609394
-0.487695215625506 0.099820406447611 -0.0735451622331837 0.0838030537512907
-0.509397792738875 0.0886163226585906 -0.0757933284359996 0.0686548183872008
-0.439799794706789 -0.1009740417423 -0.143949431851973 0.0464200160300269
-0.382503848735033 -0.329252785879493 -0.167993351123101 -0.0173399967758777
-0.0218688736069035 -0.618899547182538 -0.10834951529608 -0.17029454498387
0.427106508541851 -0.524533667157568 0.0624236816738669 -0.167692911949117
0.646876974559871 -0.0632887717871142 0.19567085012976 -0.0230703901386192
0.668705394497027 0.367072414286678 0.174297362330865 0.0254790360261803
0.668120579275201 0.306072274410006 -0.320088763143619 -0.435784256635399
0.657070810259681 -0.0243918209794584 -0.339975063523353 -0.186236645209851
0.496826304071583 -0.409489263571452 -0.198520264919629 0.0251740579258663
0.0982792300053925 -0.556761354937327 -0.129942093675748 -0.0089462635288079
-0.275271488720864 -0.38907503907702 -0.123813269474579 -0.0076724818943356
-0.358523633158972 -0.158002838972161 -0.202946109542336 -0.0127085625557318
-0.412677753738306 -0.034689515489745 -0.244931772119611 0.0874533023079486
-0.416674247344683 0.0545644147474606 -0.241577183864719 0.130640513095432
-0.42733428182421 0.0410960167374038 -0.240886662488838 0.0966456449939196
-0.355091356001411 -0.115670178452719 -0.274809981337112 0.0242967939967221
-0.287378447312144 -0.283014377383959 -0.240923728533859 -0.0784884608771157
0.0129207645887386 -0.491441775572723 -0.132216830537324 -0.195998690878549
0.360492773848062 -0.410214779063972 0.037011632509909 -0.150128627544486
0.530948272342382 -0.0428509301933444 0.0670813169897848 -0.00771920479340047
0.584262168628242 0.306528126735902 -0.0268088139112512 -0.0849262982611662
0.515409260693918 0.163990859997651 -0.493692440971854 -0.510212110090586
0.45155397928395 -0.0685548242485684 -0.462385802561282 -0.176356081019018
0.311481861932143 -0.284176775139743 -0.194847773316466 0.0260154779293406
0.0571146418670738 -0.349589403780157 -0.11697418584438 -0.055685219657835
-0.163464861215604 -0.253443079552203 -0.172059479180897 -0.0996312515767589
-0.224220422270601 -0.12673242658437 -0.311503535871916 -0.0734219416593094
-0.272110055333282 -0.0628811809768613 -0.383992305102351 0.0773887199892219
-0.280728483746652 0.0018599628019269 -0.372242381517954 0.156319222038472
-0.284542691144962 -0.0145518288894941 -0.368845022114725 0.104451042395723
-0.220618491967618 -0.11682030243818 -0.358629570016763 -0.0105526921287608
-0.1496277260762 -0.203202706109284 -0.267428142144365 -0.141662663899301
0.0514675312297285 -0.297860710533299 -0.118699677628242 -0.205675290738449
0.24728703412262 -0.232842095763098 0.033266341739596 -0.120745588744358
0.338563798694037 -0.0125816006542286 -0.0370268398051989 0.00882386306797959
0.412404661912635 0.204092292650039 -0.195654715936365 -0.167666312246105
0.277347788197666 -0.00183490459543724 -0.605827802628294 -0.519548359358428
0.177504963679255 -0.0992808825521816 -0.537762968766221 -0.142898537817333
0.0819746265902842 -0.117911236213237 -0.179403226858396 0.03920936725889
0.00949265011704927 -0.0954300015869474 -0.0914285637811091 -0.0710317954639559
-0.0272196993348289 -0.0826817412943384 -0.1860232412613 -0.158127905942426
-0.0556294791104118 -0.0785842338736315 -0.365006295924836 -0.113206010394804
-0.0875236191359568 -0.0801646847106339 -0.462001172898205 0.058213580829144
-0.101271220955806 -0.0512184110959049 -0.44625655658629 0.158227607981416
-0.100579393592025 -0.0646524487209314 -0.442315613375931 0.0914432044129043
-0.0626678648330396 -0.0964031657660351 -0.38919072223101 -0.0552646274438608
-0.0102402586588286 -0.0956933842210959 -0.249577735423277 -0.196552144827275
0.0624924615682519 -0.0842410497921655 -0.0789495135558553 -0.198637081541898
0.0969760428492674 -0.0554714570294816 0.040957290106612 -0.088919649231897
0.11743678414825 0.000530253144842414 -0.108146156731474 0.0164323665084631
0.191891373185307 0.0678429560961373 -0.310567547442068 -0.215892517795256
0.0511284256084048 0.145891091137544 0.431322243889964 0.168622329574763
0.123158431608969 0.0450021166852427 0.2270262607373 -0.0577150001827499
0.096527274962298 -0.0892563763324472 -0.0680035298326742 0.0369373381990076
-0.0219435857442699 -0.135902664256681 -0.00764247855449689 0.20169724861537
-0.117607105782047 -0.0350249354053153 0.201308775128467 0.255981094296833
-0.0973654753721763 0.0552460971017129 0.38440499832318 0.137379239310031
-0.0895701635594103 0.0935150981759272 0.459133526930243 -0.052053277756942
-0.0854683649466271 0.093602071624359 0.443026403198637 -0.154039604917987
-0.101302970021991 0.090590437806361 0.449389786696392 -0.0765075676847552
-0.11112770184838 0.0314208029305403 0.360775231343415 0.0629460096253842
-0.112731532327211 -0.0625937350944211 0.192958397190269 0.145781600830723
-0.00896894776683255 -0.152069966913416 0.100105614710164 0.0401776572100499
0.109780125345661 -0.0741753005000948 0.167297913581647 -0.0468985718921601
0.0891960717427923 0.0414345025078488 0.447253016546567 0.0749347879361246
0.0218669116450352 0.0935421115074005 0.609064689975655 0.467670096099999
0.296448965984685 0.264569253127128 0.370866380071804 0.0952260314892905
0.34644172005114 0.0586183208214826 0.189958147710537 -0.0801212320798636
0.276934485394466 -0.217277319614799 -0.093073843973558 0.0259004941941262
0.0271146979702159 -0.332391121311553 -0.0523890358855899 0.181854990854425
-0.220752998187723 -0.180692455141157 0.155503836579068 0.269392662211452
-0.242735298274227 9.56988493149534E-05 0.329358533194973 0.156615187734503
-0.262642902279682 0.0965121868107728 0.403209398604056 -0.00772610611351003
-0.263525132469541 0.132362961457082 0.381615324892152 -0.110892380382062
-0.288609873135481 0.119980770820622 0.384830305994128 -0.0537889815723329
-0.269089944668356 -0.0136054409959696 0.284071227191058 0.062964511535393
-0.24191959942827 -0.18705546441648 0.132036752465327 0.123560834140266
-0.0050888762278445 -0.372901624257677 0.0617501711951314 -0.0157663675054147
0.27227495401013 -0.261061133480728 0.164246037277171 -0.0947508180262584
0.340291601489118 0.0263777996403796 0.462128155327196 0.0315384665612364
0.285458657991707 0.230511350178985 0.612189982588907 0.389367154569118
0.507783774099742 0.355292953617399 0.252839332391009 -0.0188102576579656
0.547706204552248 0.0615096356471291 0.106626858129769 -0.109055129940092
0.438713076159932 -0.335611952632829 -0.121503064482518 0.0235196381238865
0.0741010883424442 -0.507389549973048 -0.0864989093241222 0.152065342308498
-0.300793425644417 -0.315858943877065 0.101270160851044 0.24679120743681
-0.359869982667253 -0.0607659764543361 0.232318431349652 0.149022538750967
-0.39906580028489 0.0811245275480223 0.285553585815848 0.0331715407536916
-0.401198727522138 0.152527993245644 0.262307746481352 -0.0501616319407288
-0.430671702246452 0.137589382444373 0.261950460945384 -0.0194997251866917
-0.391077509357966 -0.0457333142619946 0.162243384993073 0.0595010119566859
-0.350664631193974 -0.273232131671068 0.0438876015057503 0.0847504033168495
-0.0268690106112817 -0.54690624524888 0.0067012119934613 -0.0746112999138552
0.379685409820486 -0.434672895430513 0.140326888062827 -0.138430942132504
0.539614631470521 -0.0192477259916985 0.41973881468512 -0.011132451702141
0.511919696608075 0.321019013853118 0.530208855172588 0.27346951292099
0.660636510221046 0.391963130929066 0.0824042955096214 -0.160005960255686
0.693160939017558 0.0424496785523459 -0.0234621786786485 -0.140394083406411
0.545970663046282 -0.433247858433279 -0.152938207289517 0.028285695914104
0.0982853463229788 -0.635486698197833 -0.111311530061834 0.111564144547409
-0.353899008473922 -0.410742690195068 0.0341563404022999 0.187987423962994
-0.430493665222365 -0.112722442455514 0.100176185728681 0.112923775289053
-0.47833901620144 0.0533199178061958 0.122889791888999 0.0655694153602985
-0.479222100357645 0.149440318290097 0.104460278728464 0.0188992215594198
-0.505504510147812 0.137089357829786 0.101194033516473 0.0241774458717295
-0.45326818453887 -0.0671204503700175 0.0127345380456367 0.0562533370692582
-0.409135310998368 -0.314909347879295 -0.0622111396671815 0.0385361030891093
-0.050359296789807 -0.637789793849611 -0.0587875274298673 -0.125520443587995
0.420421243822531 -0.541770738498648 0.0994757089576338 -0.165335321370393
0.649079376369133 -0.0670672366736348 0.323364599959121 -0.0350274361020858
0.654030538708677 0.356309636491928 0.374162915455526 0.142074399784142
0.723158031833388 0.368210848798911 -0.122711028226291 -0.304286132523619
0.73957019254452 0.00374123840060113 -0.184375403001652 -0.164915629388052
0.564747867000739 -0.474481080028854 -0.181622964225481 0.0334875821840829
0.0972134547813139 -0.662984784186879 -0.12745501480611 0.0567616343561933
-0.352927872211143 -0.436524080459682 -0.044346642209224 0.0981962853676045
-0.434848689263296 -0.142581396743202 -0.0541035819284616 0.0573892589695932
-0.48482244996947 0.0160324163790851 -0.0618360937407537 0.0871125479164855
-0.483302224194022 0.123161311209465 -0.0689003022709397 0.0853088598197032
-0.501987864655036 0.110507229876351 -0.0731145847844171 0.0698756866770749
-0.441269847274379 -0.0857450566592476 -0.142045502687982 0.0513660675687069
-0.389959062941444 -0.310622642847298 -0.166457051025856 -0.0125617525748067
-0.0462235287162066 -0.617118031763434 -0.114774871456949 -0.163175347031901
0.405138597509369 -0.539443636949836 0.0578158973949681 -0.168380659519011
0.640554126111795 -0.0827063643091133 0.19496960402616 -0.0335981299480137
0.68066300292674 0.341212852264093 0.172041482929863 0.0186376431437236
0.674995722821017 0.278848794489532 -0.329313554284733 -0.423358905955996
0.65376252314604 -0.0426382745268137 -0.341078199442342 -0.172407036003136
0.47818460784046 -0.424964559699092 -0.195722193890273 0.0329687621964246
0.0776914509936494 -0.560156869837184 -0.131124053344224 -0.00516779078999986
-0.288896717738504 -0.375977233651929 -0.12069051432361 -0.00418832701174098
-0.364239056169927 -0.143705111017145 -0.202148482552485 -0.00552002370594401
-0.414323752083103 -0.0191697754970489 -0.237688339129413 0.0959265336066831
-0.413237377676096 0.0736203841347508 -0.231945017452827 0.138118581934805
-0.423171554347976 0.0602598805530386 -0.235938304197695 0.105424424388222
-0.358472684813681 -0.103260662229817 -0.271858594118669 0.0355893802322123
-0.294999529500379 -0.270742601084838 -0.24199764220128 -0.0694793113402347
-0.00612799541910886 -0.490428502407217 -0.139040837890859 -0.187899481918584
0.34140163746108 -0.422591718968205 0.033151516819602 -0.150938013613671
0.526574031081865 -0.0593900730078514 0.0676710735469306 -0.0142078068844878
0.595284597152573 0.283481694304282 -0.0321884133370139 -0.0851274816809473
0.518184642106198 0.144564841289809 -0.504752920676236 -0.492448333694695
0.448077890774947 -0.0797831733151076 -0.462964819096538 -0.16026906789847
0.299308842818674 -0.293590227352427 -0.191332298034069 0.0333251555090248
0.0457355230405573 -0.351939557112709 -0.119827743154697 -0.0520953664999243
-0.173128032458737 -0.244701097256723 -0.173320844603032 -0.0945864171683135
-0.229907736927451 -0.117611953749136 -0.312783173536147 -0.0608928890614605
-0.275935881493903 -0.0512624991288919 -0.375592028891132 0.0923768332371224
-0.279955640652209 0.0158204145335693 -0.359083457261001 0.169628311592525
-0.283438643502872 -0.0015164805130118 -0.361389732468712 0.119355004410903
-0.225496308696374 -0.1088290331934 -0.357566915185039 0.00464202543425291
-0.15616009515093 -0.196729502361439 -0.271308306706045 -0.130977195818891
0.0392403660876894 -0.300545370418715 -0.124694485091999 -0.198325658332771
0.235905504575188 -0.242549577412765 0.0299533961272044 -0.123114246474306
0.337055349364953 -0.0229911048624416 -0.035141070632157 0.00540986834835851
0.419602318519353 0.187495667004195 -0.203176417562576 -0.16165661663078
0.276272254538679 -0.0111695490967527 -0.61599353855494 -0.498623103057021
0.174188036306972 -0.101620700052149 -0.534048768495995 -0.12483485789192
0.0783428291400008 -0.120953346929054 -0.176812543534702 0.0455138150985817
0.00731721809370232 -0.0967934552935704 -0.0949967352052085 -0.0677907782825546
-0.0312952620683275 -0.0803695158378252 -0.191011503604242 -0.151462806450445
-0.0597773119893679 -0.0752163207278074 -0.368678103523948 -0.0984781434399761
-0.0928804887346114 -0.0752333921722888 -0.453191930239641 0.078628681067723
-0.10483630305479 -0.0459622052631588 -0.433130107492801 0.176191440607378
-0.103662116074586 -0.0604291777705157 -0.433756444654943 0.110321878585069
-0.0673994965196225 -0.0932688697364372 -0.388783816461779 -0.0381003885121687
-0.0144151645441313 -0.095193984135344 -0.2568050626063 -0.184707380493894
0.0579430997925663 -0.0887087654683305 -0.0843154028125088 -0.193064867196512
0.0940843685158972 -0.0597732058024557 0.0383312855229713 -0.0925332622938547
0.117947699710175 -0.00326455429821259 -0.10569482532329 0.0164511879162863
0.196029505644664 0.0611383139662799 -0.319190764406802 -0.205448908134858
0.0555072500740593 0.145008048170504 0.441114112950985 0.158103491991068
0.124079310886956 0.040961505037087 0.22529237979551 -0.0638344481324965
0.094722779320771 -0.0920721103026142 -0.0673255487566223 0.0398777990834049
-0.0257204470055463 -0.136147543952275 0.00105420708232248 0.20353638463917
-0.118753453160201 -0.0315292134270108 0.215784319083581 0.250972789745786
-0.0945990277955163 0.0581606185930265 0.396349031025655 0.122668261896771
-0.0861228358353684 0.0969099031042699 0.460029523514849 -0.0712033611072491
-0.0818069414023791 0.0983541693061457 0.436731066644671 -0.174593479786102
-0.0969866671853566 0.0964189413338846 0.449197316900737 -0.099669955745473
-0.110288170418364 0.0354047250424626 0.367842983162385 0.0466444761525147
-0.115268532629142 -0.0578992354257927 0.202272925900325 0.139480063473358
-0.01561779386385 -0.15189184261641 0.100801955292344 0.0371110067541611
0.106978279854014 -0.0791242978140729 0.165808738761196 -0.049860222252054
0.0901829676547047 0.0384410394316431 0.452911062472074 0.0635389176071722
0.0237527488325906 0.0915433065649143 0.631501597148361 0.453164082900078
0.307972020553586 0.254766814149871 0.377882172570561 0.0865738790746431
0.350492407816493 0.047038191610382 0.18785417548604 -0.0852687572505949
0.270933993651433 -0.227966545516481 -0.0930529304094018 0.0297569331503113
0.0165959701475484 -0.337179942827814 -0.0459061328806869 0.184563566602182
-0.228023821857769 -0.174193162857677 0.170475497197804 0.26492115286861
-0.244197282478043 0.00786861999697013 0.341136402336903 0.145193402150832
-0.262114291455149 0.106375389840752 0.404845534380164 -0.0245945587733022
-0.260312651172284 0.146758489832436 0.377563121408138 -0.128936689906334
-0.284720141361037 0.134988098912784 0.384493702194179 -0.0737368692249974
-0.272026023311575 -0.00487359871550645 0.290044081286072 0.0505898960697946
-0.250780665062274 -0.179054516097496 0.139386168076208 0.118340271539673
-0.0202747569893462 -0.376672589818812 0.0601488142046719 -0.016996543936738
0.265104952295025 -0.275495940202639 0.162053668420792 -0.0983568082127544
0.345152010741053 0.0151911618454071 0.467364888270947 0.0169885233982135
0.297419517221525 0.220919300680594 0.631790255680077 0.37524184120788
0.524675398681828 0.338567630792571 0.254446367020867 -0.0259258207357958
0.55462301844421 0.0462297979364985 0.104134952111378 -0.111405983926543
0.428848182130325 -0.352409318075409 -0.120207960715754 0.0284249446699379
0.05837514225456 -0.516566347447972 -0.0823897333199072 0.155320181366651
-0.314937249149222 -0.306628919157536 0.11521183427643 0.24400552563997
-0.365352867236733 -0.0495138537323334 0.242407522034429 0.140295271687476
-0.401015709971108 0.0969197188231755 0.288375930982615 0.0209093382517657
-0.399180226493344 0.172797577000782 0.260419345056849 -0.0628775245460883
-0.427270104206052 0.159399651512237 0.262441699596037 -0.0339589754130312
-0.397171088905098 -0.0338364025760803 0.16601510203393 0.0511228124021003
-0.363665494475326 -0.262369342178207 0.0492880256095196 0.0825894796546767
-0.0473714677260513 -0.553277584275384 0.00242533831446716 -0.0736790476533081
0.366488288837741 -0.453564930022283 0.137479681039976 -0.141819661503645
0.546994517495284 -0.0365646844794441 0.422998154725135 -0.0254710528007014
0.530501594584668 0.304286642464015 0.545095082469073 0.257881282315587
0.679343144547991 0.372982459692009 0.0783834801729078 -0.163342692659171
0.702612904678745 0.0218094930288699 -0.0274270637378241 -0.138794105244469
0.532297624191929 -0.454372755255437 -0.151182970622803 0.0350697492635177
0.0783405955967242 -0.647354218155444 -0.110216722300863 0.115247004817559
-0.371274800031715 -0.401389851032516 0.0459200145029629 0.187044978955844
-0.439820121017644 -0.0995723654014058 0.106611478071297 0.109627129076359
-0.483788492498535 0.0707935909419563 0.126191162412278 0.0606656360527105
-0.476908979218316 0.172979735369541 0.10496103664768 0.0122828281760875
-0.502806322813706 0.161864668748295 0.102168828883657 0.0170443767402397
-0.462188542510711 -0.0536487442020498 0.0144537779298111 0.0555261953691842
-0.423411183820023 -0.302423135731281 -0.060465852261022 0.0395321155805053
-0.0755426524135963 -0.644794528028508 -0.0653471181614556 -0.122855343025611
0.406045287859067 -0.564778468054683 0.095822417080143 -0.169830918352284
0.654883977260364 -0.0887525346068453 0.325455795773671 -0.0488204228791048
0.676078272169517 0.335762138104863 0.381858389640254 0.131060969811307
0.743487354753489 0.344312094422028 -0.133240053238265 -0.303465502385676
0.748306663923048 -0.0190219127481969 -0.189871780731756 -0.158147959478075
0.550746982016227 -0.499060556354497 -0.180254693870948 0.0413826099695252
0.0766724175677418 -0.675564122023328 -0.128932945058421 0.0603797229973997
-0.373407909518148 -0.426251071835763 -0.0379983896632569 0.0988735038757073
-0.445856376370757 -0.129107153691644 -0.0524253963998592 0.0594029633763418
-0.492057678322614 0.0354439581285273 -0.0576310612511482 0.089073599206817
-0.483767023697941 0.146336527187734 -0.0654782510629401 0.0865708765092884
-0.50180259043978 0.133281180936748 -0.0714755057094838 0.071495329037078
-0.450925157865708 -0.0731854697416959 -0.141994390228306 0.0570524219080912
-0.404933498295001 -0.299449417612835 -0.168313493383388 -0.00765430417287675
-0.0712081370420224 -0.624438274788251 -0.122549836905511 -0.158764686221673
0.388996693531785 -0.561366597348377 0.053398120913072 -0.171330535437478
0.646468817995741 -0.105301164391734 0.195915287071354 -0.0439115125412983
0.703737995203089 0.318688947719771 0.172953677540832 0.0122220931566993
0.691231045451143 0.255894528725197 -0.346207536505345 -0.417990179380633
0.66033180051202 -0.06160401854165 -0.348443048785776 -0.161976420906868
0.465141494945733 -0.446331032998106 -0.194213411777513 0.0408382683984293
0.0593415359477015 -0.572707014552945 -0.134850460549566 -0.000976823724946501
-0.306746492287966 -0.36774036340867 -0.12060697431001 -0.0019665951189669
-0.375426994654065 -0.131458600573761 -0.205285780185925 0.00186856802115183
-0.423797361132863 -0.0022424895892578 -0.234474963377488 0.105982022760078
-0.416149882417659 0.0960734690951641 -0.226024427556527 0.147259890817477
-0.425211090906184 0.0797859709125521 -0.23265022284582 0.115380753483402
-0.36768067521582 -0.0926056290537623 -0.273941081334411 0.046845212647837
-0.306880590006869 -0.261300437980491 -0.246740396185395 -0.0624782603544233
-0.0257203847450485 -0.498955212754456 -0.146877961818888 -0.18327632849691
0.329142001103013 -0.441755418931819 0.029516794784069 -0.15502848437336
0.531520165565114 -0.0777171463429067 0.0682086855397781 -0.0212584302730513
0.614937345040488 0.264177216645343 -0.0373567385730104 -0.0862160151650141
0.52947706978156 0.128148430189525 -0.524462005905734 -0.482998058384237
0.452710182551149 -0.0924716063130656 -0.46984389942871 -0.147271337844291
0.29242652375871 -0.307872596014306 -0.191108158386718 0.0407589352802601
0.0346395780496183 -0.360617602205476 -0.125264769399418 -0.0479861269722661
-0.18498086056183 -0.241038813575367 -0.17848638550535 -0.090415473060267
-0.238785067016391 -0.109313573025339 -0.321406732005784 -0.0498878605358346
-0.284469529242296 -0.0396862788070427 -0.373469008640427 0.107973318181271
-0.284882009772919 0.0297719757746401 -0.352441481223805 0.184680088874828
-0.28734489256748 0.0112443306049225 -0.358697927288195 0.136106476491128
-0.233994945912445 -0.102418031458404 -0.360713707622746 0.0203532333830537
-0.16487867149494 -0.192807762460504 -0.278882965275576 -0.12205200317729
0.0271243177178474 -0.307764125547963 -0.132520989748117 -0.194675337980627
0.228253952300737 -0.256204343559808 0.0268492331227381 -0.127085862595646
0.341460521776869 -0.034192598046259 -0.0348442358765499 0.00265057777625946
0.434830045141693 0.172857607262363 -0.213212606461136 -0.158121564569905
0.278956837807997 -0.0193138294771407 -0.635344674478856 -0.48663182138371
0.175289155093494 -0.106213768909661 -0.542784049752431 -0.109144309339392
0.0762973543969441 -0.125537806696328 -0.176066521865819 0.0521763097995806
0.00458923583426961 -0.0995709337964836 -0.099443145802344 -0.0643607304242967
-0.0358052331802319 -0.0791654283063091 -0.199624104618171 -0.146823046723728
-0.0647008465829765 -0.0725674868976756 -0.378649003487064 -0.0860253407943644
-0.0991147678816331 -0.0712616189263571 -0.452602363279184 0.0980247749689948
-0.109295436549549 -0.0408237397736006 -0.426028023213086 0.194992208682603
-0.108883889612255 -0.0563941074411276 -0.43132973938202 0.130603227015752
-0.0737859172969844 -0.0916463064024838 -0.393635069412671 -0.0207050520651545
-0.018923043514688 -0.0956886926103572 -0.266213168056247 -0.176128841275721
0.0540597616760997 -0.0941712008643691 -0.0908435182229087 -0.191304855805563
0.0924496591315675 -0.06581219108217 0.0360262138313173 -0.0970244995185239
0.120389371123756 -0.00663484812636183 -0.105485203045561 0.0169664050609755
0.202942432375297 0.0548221608409998 -0.33257877006777 -0.197789230904625
0.063164181194382 0.143159541643447 0.458196728835203 0.140865931584192
0.126272575403961 0.0355736191793919 0.224111374915161 -0.0746321988363345
0.0912065159570971 -0.0975423179442145 -0.0665684569637071 0.0445853660343623
-0.0323902756590098 -0.136879206304044 0.0130643602114575 0.204682177049096
-0.121111652543701 -0.0263090044338729 0.235430999290369 0.241769860246225
-0.0913128096561131 0.0620006637563612 0.41264225732799 0.101749582622253
-0.0815651271720615 0.102500472477507 0.460969838371447 -0.099230447907423
-0.076412890941761 0.104569359805498 0.429746992690048 -0.202181276631911
-0.0909765191228363 0.104237768091683 0.449347213872924 -0.131262028026745
-0.108812041558851 0.0417142821335491 0.377283065730546 0.0242197845305767
-0.120081325845721 -0.0521289042735399 0.214888248454891 0.131335733272418
-0.0249369525778154 -0.15220136449852 0.103141623861579 0.0333115077338466
0.103767683456737 -0.0865530609458574 0.164646617500711 -0.0560230716195511
0.0920376061944904 0.0332508606194625 0.463313156066078 0.0431007658306533
0.0275558267553829 0.0902028181225009 0.666059832082241 0.429059738028307
0.325232305229049 0.240902990743728 0.389024150074726 0.0711305773383109
0.357355915415099 0.0308448479826337 0.185763535586073 -0.0937475246578244
0.261555419400858 -0.243418645837598 -0.0915310154606981 0.0352383445070869
-0.000521977975545491 -0.343706684343173 -0.0369941507426066 0.187770929809441
-0.239394103710608 -0.165322487119973 0.190970301903349 0.258322820695915
-0.24691165297405 0.0189293666606274 0.357372195547127 0.126828384623638
-0.26136941375176 0.12269952910742 0.40755788699401 -0.0494919162834632
-0.255237090098255 0.165531477724714 0.372199387420899 -0.153635864575721
-0.279552464782592 0.154798854405721 0.385175593331265 -0.101032339063792
-0.277845037808308 0.00853202948386702 0.297833824556215 0.0324426701062643
-0.263831878953432 -0.167991033730106 0.149876492646139 0.112165473713903
-0.0415417947818059 -0.38230582484685 0.0588010683749384 -0.019230289345199
0.253064804541131 -0.29570807876096 0.159358309703492 -0.105205519797102
0.351115401870169 -0.00306799775424522 0.474637767612163 -0.00437735308215786
0.31361085648197 0.207303024545174 0.663243984120681 0.350657752611037
0.550285335173196 0.314837987938964 0.257424457287406 -0.0364976893924958
0.563661559624129 0.0183015689519424 0.0998844341456802 -0.11590227659733
0.413896509291498 -0.377618939946577 -0.118047846084757 0.0360027882263745
0.0316286939796509 -0.530036246925239 -0.0763090433239514 0.160541692554307
-0.335947447521223 -0.29432664791868 0.134051971790599 0.239592832865109
-0.373880446004841 -0.0320661906564909 0.255977406659184 0.127851926779795
-0.404886799596907 0.120848818557688 0.293492517645381 0.00339007265526672
-0.395024236759501 0.202105161882867 0.258541937749029 -0.0803071425788025
-0.423110510995478 0.188388088792113 0.262624081330603 -0.0532904934763783
-0.408012894010728 -0.0142830077703013 0.171363015230228 0.0411004755378705
-0.382272743833987 -0.246959634768828 0.0555734000606857 0.0797780024970286
-0.078893365897867 -0.562484403389672 -0.00242388077914243 -0.0737459692229475
0.34772041858568 -0.483747166589874 0.13297923714475 -0.149189902983987
0.555886451502282 -0.0650024426183246 0.428256636611209 -0.0475887978378967
0.556248144292855 0.278918711062621 0.566225913468749 0.23547847713395
0.708675482174456 0.34002544159524 0.0702339013861111 -0.168461034042379
0.717627432418023 -0.0121811674482348 -0.0343977453577003 -0.138302571400289
0.513832441542556 -0.488282216541284 -0.148867696807876 0.0439525310154588
0.046471030840606 -0.665308178061656 -0.107988810704708 0.121779017008067
-0.399195091373042 -0.386882378732564 0.0598769935337612 0.185272533070813
-0.452831267352189 -0.0788677087492786 0.115010078820895 0.104884729985908
-0.491056051839522 0.100207268621491 0.131916413697363 0.0528778257393158
-0.474061040602272 0.208421253246529 0.105690805309814 0.00459338827260344
-0.500082761464753 0.196027223171134 0.102827610413359 0.00899093411209285
-0.474951507846459 -0.0309924677699201 0.0168835760692915 0.0542230483712736
-0.446410298420655 -0.28475654952987 -0.0589715087525686 0.0422930861084775
-0.114352657440735 -0.655308037998334 -0.0731644888910104 -0.119589184050687
0.37901065246064 -0.60071279411719 0.0887950001391507 -0.175896199817668
0.662351802088768 -0.122730236265141 0.327143624471962 -0.0677065884145148
0.707342536667511 0.302755994504688 0.393769086592144 0.112426153144451
0.773045544738235 0.308840011613809 -0.15151592354434 -0.301366746256723
0.762534592313478 -0.0558145218057891 -0.199544949957306 -0.150528516111124
0.530904384427885 -0.533666608772103 -0.177423356949046 0.0511652655898575
0.042245371643805 -0.695287173137525 -0.130609559867578 0.0681750026559091
-0.404246268863445 -0.412392850220611 -0.0301020728890632 0.100581582927075
-0.461580109335813 -0.107671297858567 -0.0510500239379828 0.0632483849004691
-0.502461408554935 0.0645730135244995 -0.0531413460447033 0.0924182834786185
-0.483381958348154 0.181656977516066 -0.0617971897106347 0.0897162645392117
-0.500144121053659 0.168031030749379 -0.0694637026406559 0.0753062961758595
-0.466064114697693 -0.0515731284398149 -0.141537237331808 0.0654753206851149
-0.426590404446601 -0.28274969514346 -0.170975010512755 0.000674561713976504
-0.107248027914138 -0.634568693050258 -0.132546024347975 -0.154205620098176
0.361984296722606 -0.594515200717087 0.0464520354701988 -0.177720588861702
0.654073135024567 -0.140523161627383 0.195609801095123 -0.0576197987503434
0.738281728324922 0.284272917056474 0.175397066428019 0.00189014140865433
0.71656481241328 0.225042824218246 -0.3732988110535 -0.409388768211954
0.671128815019262 -0.0944126620487488 -0.360044219361359 -0.148100546857217
0.448653765664178 -0.476851014133234 -0.192072129853596 0.0513786078178979
0.031327524464769 -0.590638763699564 -0.140372611480131 0.00725078634833214
-0.33334687684194 -0.355021674861917 -0.119867302988343 0.00318178660281435
-0.390603808051568 -0.113032976890307 -0.21091748523531 0.0133464542422614
-0.433693785769946 0.0220725993739162 -0.231651052280451 0.119467682327343
-0.417962863863909 0.125006183576565 -0.219844781848261 0.160479898334614
-0.426722303330914 0.107548977781551 -0.229201676123693 0.130252459223956
-0.382006716140054 -0.0748922323655107 -0.275727472226752 0.064244243445579
-0.32528195695785 -0.249621997129362 -0.254537031983493 -0.0505324717215714
-0.0551109928512851 -0.509914088203348 -0.159116317624588 -0.177446237879307
0.308826997811814 -0.468579214211297 0.0225261738166036 -0.160364981199423
0.539416395941307 -0.104824332714572 0.0678031960930716 -0.0292754461345082
0.642821342334714 0.234166155838752 -0.0442160620581467 -0.0870085046519591
0.544441269975975 0.102208138425653 -0.557465559550672 -0.467383560709283
0.459053474466036 -0.114446337296544 -0.483719597283848 -0.12757704001391
0.280767586092614 -0.32755312343937 -0.189738677811032 0.0507467822135466
0.0167404056394271 -0.371305951610725 -0.131844105972269 -0.0411006231164672
-0.201968808104989 -0.232871498455792 -0.186021163610264 -0.0824956641559209
-0.251129870023975 -0.0968623600861447 -0.331644370612144 -0.0330169751095141
-0.294387794404949 -0.0227493584206324 -0.371681208630419 0.130551956280522
-0.288953869157429 0.0494500899579944 -0.344570144713272 0.206432469742776
-0.292479846844665 0.0296593112012941 -0.354853279005087 0.160607281817169
-0.245849017110393 -0.0917521201665606 -0.365593565919847 0.0423309442470056
-0.177555439392327 -0.186573964753604 -0.290682380443338 -0.10780036840546
0.0094425190683933 -0.317579932285975 -0.144824838581679 -0.190156338380865
0.216377019049877 -0.274854365579367 0.0207780191739282 -0.133238565778406
0.347078216424219 -0.0521536470750148 -0.036015686837748 0.000470255135855209
0.454854047218519 0.152674967006591 -0.227070178095614 -0.151048522818748
0.282593722276894 -0.0332462539749136 -0.669822677779792 -0.465104440934383
0.175627759842885 -0.114230655617131 -0.555079789503927 -0.0871329831011784
0.0715095100444227 -0.132029202462757 -0.175377295672731 0.061680108947224
8.6702774024474E-05 -0.103034603549704 -0.105750398776283 -0.0588312597244513
-0.0415325462471489 -0.0779704306186835 -0.212393636994458 -0.139285005081084
-0.0709893292277183 -0.068723720683023 -0.393625934110861 -0.064967936027984
-0.107121413042735 -0.0656021651244798 -0.453194721399747 0.125481219306351
-0.115177343707436 -0.0330793024107362 -0.417914234725183 0.220594744096393
-0.116129178591556 -0.0495042955127743 -0.428285102697085 0.160232837802166
-0.0819680965927264 -0.0889260409418415 -0.400686343828171 0.003933387912381
-0.0249451912072602 -0.0961121740724419 -0.280335202100382 -0.162860333193492
0.048339217694433 -0.100997276963249 -0.101850083438086 -0.188896175602957
0.0894920557388671 -0.0734563374117491 0.0311649232436107 -0.103471476936088
0.124274055105155 -0.0133257161039007 -0.106766544690642 0.0198634236776309
0.212292192102265 0.0437113403465881 -0.351177356990909 -0.184761563996729
0.072488929392503 0.1382064266748 0.471000370093463 0.112030882912506
0.127120674743099 0.0261876589597969 0.219304359204436 -0.0873646917426085
0.085081846102311 -0.103704101234906 -0.0642179501394416 0.0498870886968794
-0.0418819983138403 -0.135293433103336 0.0276874090828971 0.202412564039609
-0.122611007069288 -0.0190322202424008 0.255830366686114 0.223746576987599
-0.0865512641690881 0.066304587798859 0.424777708843431 0.0704352435445101
-0.0746920216167202 0.108164465820587 0.454290551695222 -0.133288037772358
-0.0680880665867952 0.110484916692342 0.412721234010646 -0.233780210225379
-0.0817505024877533 0.110877354477184 0.439313791123228 -0.168376929526358
-0.10573724174083 0.0495772188183983 0.381186405648628 -0.00577496913300156
-0.123540463842173 -0.0428974225074785 0.226800937236604 0.115804828903054
-0.0356261716715599 -0.149761184147982 0.105218980438233 0.0275209723327314
0.0970439206044393 -0.0942716924377092 0.162359419888791 -0.0630571551910386
0.0921478632310895 0.027626397688976 0.468690171817388 0.0155723268025633
0.0316849099080625 0.0875574788111547 0.697497401198678 0.38725313873588
0.341324975240895 0.217417361227646 0.396000057852611 0.0482556923255158
0.359096832852839 0.0059212580874561 0.179500200909858 -0.104110581321667
0.244593992571023 -0.261265405219316 -0.0882784955229897 0.042344453518582
-0.0235208407215289 -0.345287304727172 -0.0246864362177214 0.18857816035746
-0.251257812819692 -0.14880482813252 0.212676548523864 0.242544028329366
-0.246416434452299 0.034036590014346 0.370782658160643 0.0998754154215308
-0.254500695424019 0.142794398082894 0.406089844055277 -0.0802434912000239
-0.243173699923276 0.186855862862496 0.358299845690348 -0.180984710886612
-0.266783272967133 0.176312733920988 0.376345658382725 -0.134275172395921
-0.278803127800491 0.0275860884208028 0.301060054534071 0.00825766591354393
-0.276525816463333 -0.149760643252813 0.159712157183277 0.101501308079809
-0.0697623955829834 -0.38180194778059 0.0568740915887122 -0.0225017095837281
0.232407615970644 -0.315313046865593 0.153819629873083 -0.112758795690296
0.351451693523473 -0.0270377972156029 0.475963361224559 -0.0344838682344193
0.329233606323921 0.184279717741212 0.688634759516855 0.306635510084208
0.572979218801881 0.274404316077241 0.255123784273565 -0.0513443745206855
0.566572694715331 -0.0184325388085941 0.093286172774963 -0.12109824662048
0.387514376304289 -0.405018772223142 -0.113690657590265 0.0437386165855695
-0.00353014407306188 -0.536304535132012 -0.0672804259019605 0.164869930197264
-0.357439263283365 -0.271959385426246 0.154833302794602 0.227953577453213
-0.377688484342413 -0.00824111225207723 0.267882197603575 0.109244384568425
-0.399700214728805 0.150841821719683 0.294865864043851 -0.0189050692643726
-0.380811696672576 0.234721872721217 0.249450815538769 -0.099696785842505
-0.408482611045189 0.222662270273608 0.257049597708462 -0.0765829769866749
-0.412576793959445 0.0135674930275748 0.174312944543128 0.0274380316568365
-0.401239981759963 -0.221896588929673 0.0623418212496479 0.0753144406148037
-0.120820040336196 -0.560842894298689 -0.0081528458343462 -0.073265683428221
0.313177110341053 -0.512416220132586 0.124406398381869 -0.156424839667818
0.553007281074557 -0.10330586027547 0.425789699489012 -0.0758297348397659
0.578837651437995 0.239903893136594 0.584464904693081 0.197686350673966
0.73327468080667 0.289315660954294 0.0585101189212586 -0.171283762377377
0.718629022866725 -0.0606626042408763 -0.0431767499799525 -0.134786489365073
0.480076706591051 -0.523953294221265 -0.143521396790291 0.0537592234669168
0.00136094324819285 -0.674371279087195 -0.102502764313555 0.129172093404813
-0.427266965700217 -0.358131585148974 0.0764006761589539 0.178504188347591
-0.460632789180796 -0.047446365214141 0.123095638728303 0.0962033313529682
-0.488941673887184 0.137268549347873 0.136172667030767 0.0420099719790586
-0.461502401427247 0.246660639680637 0.104519770682848 -0.00383412533213249
-0.484887073244604 0.23565102662465 0.101481396635551 -0.00174299428089818
-0.482173123598279 0.00185734327985243 0.0193967436663988 0.0524507402710686
-0.46725702781354 -0.254324253194893 -0.0552696487650336 0.0454586361502016
-0.162212534055808 -0.653652557112455 -0.0820603541218415 -0.11513005366876
0.336917371210507 -0.629651027250558 0.0782807257943647 -0.182232125031857
0.659389864159978 -0.168376216949901 0.322783228795992 -0.0898570294114223
0.733852152121794 0.252540486702303 0.402802963568465 0.0855227858870829
0.79508316497186 0.255880699971874 -0.173333607856666 -0.291029030827066
0.765879518719043 -0.105726523777033 -0.210400282872585 -0.137935051126515
0.496144647693803 -0.570064807797401 -0.171903251663689 0.06213973494615
-0.0032664237683716 -0.705550546175513 -0.129379893389221 0.0771609748546478
-0.43467711017409 -0.382576933148092 -0.0205180403256021 0.100494459051307
-0.473203956901647 -0.0752236120611656 -0.0477847506057576 0.0671083976637675
-0.503882348584858 0.102990289240621 -0.0462175871253328 0.0949632981942447
-0.470781533995021 0.221159617793758 -0.0568061780583583 0.0926159416214469
-0.488244268410468 0.208846109620547 -0.0649599997478775 0.0788933137894393
-0.474402115916198 -0.0184140004529372 -0.138387749504259 0.076787720100663
-0.447183740354921 -0.253504839416397 -0.171382838110479 0.0118452805528116
-0.154376886806149 -0.633740826217697 -0.14426424169509 -0.145372387963786
0.320384693946371 -0.624940662787602 0.034368810008592 -0.182271879740485
0.650330054603038 -0.185005868747963 0.191440461373251 -0.0728872406641564
0.7633196000211 0.230637213846176 0.174640668764627 -0.0116825576623831
0.733326606934762 0.17542983013226 -0.403806599491477 -0.385564990448932
0.671906222750543 -0.139704377117682 -0.371335952512999 -0.125372768316577
0.418226853956064 -0.510249133783166 -0.187402847328944 0.0635773561476675
-0.00731574801218187 -0.600214330799015 -0.142652969592758 0.0175926025507654
-0.360425225332828 -0.331784169832298 -0.119005327296188 0.00963852791671107
-0.40133522419214 -0.0854081468707381 -0.213067589264814 0.0291456644950285
-0.439008107728274 0.0567994711118372 -0.222818492299066 0.135230546398419
-0.410924045964985 0.160143076742328 -0.208124743461782 0.174409204428835
-0.419714112333146 0.142796337320721 -0.22039517995201 0.147037759729835
-0.392016748495946 -0.0482254856110367 -0.273123267093466 0.0860932842829146
-0.343848279719607 -0.227148854614151 -0.258910146770635 -0.0328016454469117
-0.09317086368404 -0.511372659326739 -0.171524946008334 -0.167133451125183
0.274325961682344 -0.493963674274923 0.0114051317498749 -0.16427307840224
0.535185210878413 -0.144879230711597 0.0636674297864008 -0.0360776242472914
0.664280229834828 0.18625842176234 -0.0521536612737339 -0.0858876164009339
0.5524328222826 0.0654819834959196 -0.591023246813467 -0.433232631208749
0.457714035647025 -0.143048828211565 -0.493740981268976 -0.0975903021225737
0.260012335497909 -0.34871038895486 -0.185392537839298 0.0634309684124334
-0.00747047793101171 -0.379339723755903 -0.137254440694425 -0.0298469330692688
-0.220285775564772 -0.218302526257102 -0.192363942025792 -0.0709409815917156
-0.259564716989107 -0.0779291856392344 -0.338767805260121 -0.00759369191094507
-0.30154474968318 0.00120664518492674 -0.362291106733639 0.156741632520826
-0.287381138499511 0.0741424770924194 -0.328046062679221 0.229583949147022
-0.291781067826386 0.0539864392104981 -0.341470622891805 0.187190619575445
-0.256410919670487 -0.0743149358382043 -0.363515500426836 0.0716662353964047
-0.191217065332108 -0.175459914397527 -0.299587998667947 -0.0871113534434069
-0.0157179923179088 -0.322407106385864 -0.157379618142212 -0.180215112054941
0.196244350047825 -0.292176249486858 0.0111735877100217 -0.137681964745563
0.34711138946956 -0.0766971725911056 -0.036723109534185 0.000531689249960543
0.46977451335037 0.118652485489322 -0.240368967864588 -0.137053666330897
0.282421180825266 -0.0516592058028409 -0.702970930043553 -0.42536281007899
0.172268718603413 -0.124852109409295 -0.563767659023353 -0.0528132485590112
0.0642737704420922 -0.137755697585843 -0.170995341939443 0.0731578932308681
-0.00618658226364436 -0.106677739117844 -0.110945399743637 -0.0491159660789462
-0.0473384149488632 -0.0739846595380205 -0.224439884202851 -0.124413258841954
-0.0770899966896786 -0.0621311700193656 -0.404048151996471 -0.0355158303879914
-0.114124103343958 -0.0558782401694803 -0.444356685062607 0.157949947629899
-0.119005191283565 -0.0228810160237009 -0.399642608544569 0.251185013879358
-0.122005326447589 -0.0399565752002476 -0.415123497447788 0.1943186520814
-0.0905910759579784 -0.0833084377341464 -0.400661147247226 0.0355887355810574
-0.0319980986338133 -0.0957442224908465 -0.29345193738421 -0.141959067501447
0.0395008373657101 -0.106567380161513 -0.114527624616361 -0.181721619207341
0.0834045445553526 -0.0812655107088737 0.0225618035023132 -0.108592566680212
0.126730129177408 -0.0226006630156109 -0.106520233756669 0.0243730499225945
0.219096120068396 0.0285622220292374 -0.36717590343721 -0.162961050810357
0.10423587415201 0.114369740269036 0.464828711608769 0.0294768861218631
0.127189976142458 -0.00373625903915056 0.194053866413687 -0.113659674898107
0.0615984992301493 -0.114486726288611 -0.0487893714181456 0.0669567041465982
-0.0642346544452168 -0.117610118767187 0.0690465288858961 0.190338110368927
-0.112940958000999 0.0046097694928962 0.290715823959687 0.163656151559864
-0.0606657059215462 0.0715600170163505 0.420980273808165 -0.0142270703297201
-0.0485781766654636 0.113978257895058 0.416776205851006 -0.214208879892547
-0.0447060296209525 0.110753811012653 0.352905192622816 -0.293406910657452
-0.056621825358926 0.115956274404859 0.396990383335065 -0.234377589016416
-0.0938613942282621 0.0616735203994789 0.372302852588667 -0.0666441173246453
-0.125215395690474 -0.0223104358834904 0.240648195562726 0.0774109691324929
-0.0615529230630615 -0.139693789913019 0.107123184912031 0.0163429934303262
0.0744332300168279 -0.108688036061095 0.147097353012137 -0.0806765750284888
0.0878700624545249 0.00898447479142299 0.462320341797544 -0.0543118210305156
0.044339423081119 0.0722602893500077 0.730120440353601 0.280454720579575
0.375170201364314 0.137543192812901 0.372208008256539 -0.0100486166531635
0.345091764340175 -0.0686398716913883 0.149780844637278 -0.113050508598147
0.184595194209383 -0.295826610939737 -0.0681699127075696 0.0743407771048705
-0.0894778838107456 -0.325145354541037 0.0254007127958635 0.193587703034011
-0.260591685945609 -0.0954295073940535 0.260483092704373 0.184454179250325
-0.221043916201704 0.0698671901707213 0.376035885426365 0.0204247964617035
-0.219682147829647 0.183898331893062 0.384257888241473 -0.158397034325674
-0.199424756667801 0.214748630706826 0.307909225222946 -0.237631102720276
-0.224367890070527 0.215683908521072 0.34073410704359 -0.192969667867904
-0.268455138909489 0.0720967567736446 0.298655994710016 -0.041586864424486
-0.292330099888206 -0.0980227687463194 0.177178122509712 0.0727553287712246
-0.137014851135482 -0.361951050679479 0.0546035320464911 -0.0198379779053268
0.167528442667824 -0.345380066781286 0.127376258253657 -0.123234765390213
0.331060342525424 -0.0868484134306397 0.457438469092234 -0.1098786788966
0.350379650677862 0.119692290244025 0.707593066512913 0.193033320020687
0.6054321640678 0.149353998945354 0.212974948343025 -0.0736576821503689
0.539916866707183 -0.133053391174209 0.060632425174612 -0.104994853130304
0.293177554449485 -0.461829255116283 -0.0871512374448133 0.0900751881782973
-0.108233886603626 -0.514198307986813 -0.0123452953033579 0.184814462801566
-0.385674888776594 -0.193454539241444 0.207685262473081 0.177057182827384
-0.356987628329563 0.0548950186554262 0.280832265331868 0.0442534906682958
-0.362437531567461 0.223674466798405 0.2937950257824 -0.0822105149575595
-0.324255976276194 0.286546365470976 0.216885199962174 -0.143627411846964
-0.352861459579611 0.287608491820548 0.233127290475324 -0.119457043733485
-0.401737821421175 0.0839104755323127 0.179831163620735 -0.00373025575236849
-0.424625906249025 -0.144145464868835 0.0803047650270496 0.0620301146795307
-0.221236742514817 -0.52780855596768 -0.0140230265827146 -0.0554380886106545
0.212612468833421 -0.550138122858507 0.0883649411337641 -0.15812055579676
0.516427462105743 -0.193992716391769 0.398317577824341 -0.148385724696122
0.603396453123212 0.134950563624052 0.589282902658573 0.0951908766373121
0.759416101543801 0.133176219002265 -0.000925289509906705 -0.149611316668784
0.675849662659687 -0.20042678634448 -0.0741183581717234 -0.0884277011099049
0.361998608769807 -0.593194682736252 -0.110511388602945 0.111387344323455
-0.131972515850808 -0.65079890128565 -0.0465720855124983 0.161679378934892
-0.472349589390674 -0.263295386534585 0.128106605797701 0.140884775110794
-0.448147891613368 0.0331373150470011 0.141058050730886 0.0556558446322447
-0.455076380844096 0.230999771033257 0.155466077007469 0.00301809462392731
-0.399707667809749 0.314788043287602 0.0939962856742795 -0.0292424418675209
-0.426162469301422 0.317055661502505 0.094734207553145 -0.0222162507077261
-0.471006260695451 0.0874080609930422 0.0338019892064918 0.0447171934805013
-0.495700198077414 -0.163792954942451 -0.0373056712375841 0.0513284355207078
-0.278697024598424 -0.611463741716819 -0.0911762167756904 -0.0832631327026498
0.216785003642462 -0.667852376911446 0.0376430868624174 -0.17483587125992
0.609811480178568 -0.274928608369271 0.291159563341348 -0.150846561657698
0.758177845335879 0.123570608948513 0.396156873072331 0.00609697295984434
0.807117097953161 0.092135839605871 -0.242673803648567 -0.223218400480117
0.709009779123634 -0.250497213452842 -0.235278519684171 -0.0603666628362443
0.367990584060594 -0.642045464063165 -0.134316454214685 0.125705652559161
-0.14399032620037 -0.681721293263089 -0.0791596274591452 0.118182160719376
-0.486139778386609 -0.28681421283719 0.0211106463435634 0.0831972560604016
-0.469524190540023 0.0120607294998804 -0.0270662312172023 0.058788838237299
-0.478223729676183 0.204561113508351 -0.0103728773998297 0.0876574096808082
-0.413404226117566 0.294862336715436 -0.0425978273014918 0.0890196088604766
-0.434254349984388 0.294763795400147 -0.0537209003486143 0.0817313288424683
-0.466908190323631 0.0684386864909385 -0.117161419853019 0.0935221981657136
-0.476820482917431 -0.166009036909092 -0.155840505853853 0.0361220551219639
-0.270915842039182 -0.591655672740317 -0.155312128174582 -0.104592839553969
0.199694747634223 -0.658191423834375 -0.00533488329491029 -0.169617708872852
0.599313496692283 -0.287628842742258 0.164570746260736 -0.114989714852228
0.781662213208543 0.100937829299451 0.160289873334276 -0.0571858597016689
0.728801826015454 0.0270033466326737 -0.475321815417339 -0.277058710550156
0.613989188363032 -0.26059901409479 -0.386237350032919 -0.026100424418618
0.304332165814568 -0.569276236269458 -0.150520931362891 0.124210945552871
-0.129363770271671 -0.581424441208867 -0.107553535407803 0.060746738025764
-0.409018505446257 -0.252222559982972 -0.0938534964958416 0.0163991473449752
-0.405581624246247 -0.0074865650652653 -0.193977564018549 0.0547038365249251
-0.424446768801227 0.147954738647374 -0.175208395695297 0.160586259760923
-0.367106578246594 0.228311112363776 -0.171558349591078 0.193533946095495
-0.381823586288496 0.221427459434306 -0.191373290166221 0.172981932293222
-0.392040107507455 0.0262912311450966 -0.248185778851995 0.124004973848508
-0.372096495170387 -0.15786636918035 -0.249343475690649 0.00794595639913554
-0.188225964114323 -0.483350254164767 -0.187104467338104 -0.124712829236115
0.177082941594233 -0.525015934305953 -0.0240247624538444 -0.152635916599337
0.496492701193232 -0.228962826901074 0.047548603224718 -0.0587972719504562
0.680160860055582 0.0738224740321205 -0.0698736063117138 -0.096228622846487
0.530647122593529 -0.0424604815365866 -0.655215674644165 -0.297414504047941
0.405270621094505 -0.222111490155034 -0.496750065742153 0.0116389198819555
0.18417619710802 -0.38491707209028 -0.155013534147971 0.112176570728566
-0.0851075478815528 -0.367985757082866 -0.119514496214327 0.00690721848643407
-0.255712422513906 -0.168596230911203 -0.187131426392298 -0.0423507272398842
-0.272057018035455 -0.0232441482071168 -0.323975467680711 0.046861017841379
-0.300704259799488 0.0675154600566559 -0.311783241333669 0.209672218246194
-0.264181294045142 0.127819843573471 -0.276293002008016 0.269248717347396
-0.274139568205404 0.11285223626434 -0.301626577276671 0.232746096930059
-0.263949323589733 -0.0216984639057926 -0.33952267965515 0.125163064726341
-0.216282598535434 -0.133347329142073 -0.299613723231721 -0.038728798716333
-0.0778611106151135 -0.311416292093813 -0.177449758293773 -0.144889250034594
0.136344406125289 -0.315502977664018 -0.0177740910949424 -0.131719860597831
0.327179400737573 -0.132396458741265 -0.042902503102824 -0.00423255751217335
0.47935127192824 0.0410735510062982 -0.257083002941412 -0.114142078558002
0.246420559237988 -0.102171134583605 -0.751183869470378 -0.280387550051748
0.134264122175195 -0.145661038655559 -0.550754392657972 0.0537947693030937
0.0353648568900806 -0.143487687586435 -0.146098195510291 0.105236244960872
-0.0293113457101215 -0.10422410540992 -0.109607546543744 -0.0239477564025109
-0.0645405477044296 -0.0625500903298378 -0.236109856258014 -0.0816716144177951
-0.0946806310326815 -0.0399657732150332 -0.393549984611259 0.0377038657558651
-0.128601099790505 -0.0248460465284618 -0.394776668825508 0.230942207572445
-0.119865879936936 0.00651165091882858 -0.33806936706741 0.303938179810729
-0.127608392236403 -0.00822938081991365 -0.368346268201269 0.252082612647895
-0.104445011720269 -0.0587115550469273 -0.383075156885974 0.0983834961940698
-0.0495783528597687 -0.084071209628426 -0.304276564793827 -0.0919880399385464
0.0148328412606173 -0.110453367287655 -0.1376979445083 -0.158077928165674
0.0643518903053935 -0.093332634547999 0.00119638980685125 -0.109883157110188
0.122335023626965 -0.0439428032246134 -0.103064600186526 0.0350892137324044
0.220546411306031 -0.00481148709486437 -0.38202251125204 -0.113516916403402
0.103619597100212 0.104616808254159 0.451344386912344 0.0072402864593317
0.119524753893094 -0.00903185386509629 0.182693392452245 -0.117208347825615
0.0529314269312478 -0.112580810459936 -0.0427156407156389 0.0675264045769052
-0.0667237408820552 -0.109967586708043 0.0753888178784161 0.178412337772974
-0.108102851330432 0.00998240408147052 0.288955733757229 0.139703265878045
-0.0559296074944388 0.0693162259462672 0.406404987168015 -0.0389415686952761
-0.0397504761417838 0.111831554553303 0.388961128870408 -0.231121660253902
-0.0373901472472091 0.10869923217605 0.322423201536833 -0.29956393209211
-0.0469927755645977 0.112673702857721 0.366026065120498 -0.248947534917265
-0.0866853614052297 0.0638644275436031 0.35393434035025 -0.0866590378741566
-0.121586183468784 -0.0139279738623694 0.237379399443224 0.0613067403893104
-0.0656991300251343 -0.130400561760394 0.103531210294743 0.0111567300212966
0.0654166054429592 -0.107976572093872 0.140206925915173 -0.0820307778593407
0.0831447949170285 0.00609845110476184 0.443847339539329 -0.0731207433840763
0.0441521573025289 0.0671415640148395 0.717801926021794 0.237164282871982
0.366030798814423 0.113976084848204 0.360001504418038 -0.0256728382393683
0.325974515059148 -0.0820766619056749 0.14028026845539 -0.113439782415713
0.162074283116091 -0.292269897253428 -0.0606826971273623 0.0743929984727643
-0.101629586260782 -0.310231893496541 0.0322147225959546 0.184760156605083
-0.254767955191052 -0.0788979677797011 0.260724807721196 0.16022240046337
-0.210834846656565 0.0769279997688784 0.364997624827028 -0.00385601926225833
-0.201827935530017 0.191173888152304 0.360662903792174 -0.176082639417647
-0.180351538969672 0.218949876997627 0.282002976930734 -0.243295535807382
-0.202868154400853 0.218962833140932 0.313148026503154 -0.205853689918208
-0.255370007282631 0.0836778296141693 0.284787529717299 -0.0574591473773485
-0.28692342149062 -0.0792730178688666 0.175374476777049 0.0608551433680865
-0.151870482861885 -0.342317533831335 0.0507191371551329 -0.0209100131607642
0.143544556070557 -0.341427368943372 0.118841315180844 -0.123471790177816
0.314435189455951 -0.0991926920159529 0.436936829901811 -0.126460997247389
0.342482985429663 0.0961761192315752 0.691488114503172 0.153593592790651
0.587258799220544 0.113334169277784 0.20305769238526 -0.0776178030339935
0.511513553788418 -0.152980484196104 0.0546141286190837 -0.102239596677038
0.259839357013212 -0.457124560332636 -0.0783473026058614 0.0896547797195278
-0.13054598130678 -0.492476343056431 -0.00441570336731837 0.179112993235048
-0.380953182008169 -0.166464847619716 0.210635902364705 0.155366900418106
-0.342760746631245 0.0697045910611674 0.274506779375261 0.0261587067260182
-0.337931455062847 0.238796982089207 0.277778791240035 -0.0978991218462662
-0.29646830493612 0.29637966742012 0.198885550150466 -0.148598205838811
-0.32254432085271 0.296778985509673 0.213986581250131 -0.129502433921762
-0.384675289201599 0.101995464347285 0.171707430543632 -0.0134943230620917
-0.417856871898715 -0.117316473186699 0.0814679512479897 0.0544293323408603
-0.244676492637245 -0.499972580256481 -0.0171386528141566 -0.0522547620802827
0.175847001925049 -0.541284423396809 0.0794636177839197 -0.155881681139573
0.48823414236597 -0.211780252321847 0.377285525607852 -0.160324526867466
0.586800372629876 0.097947851326377 0.571867258682623 0.063105214229387
0.734316778052159 0.0900395883323164 -0.00666959345714403 -0.140539997348526
0.6418824071096 -0.224593374081443 -0.07480309422453 -0.0796084580375291
0.320373862904217 -0.587901761053086 -0.100242455644861 0.110439287103375
-0.160376478799478 -0.624925942989729 -0.0386000525189312 0.159532445114392
-0.466847668552496 -0.230475344948065 0.131987767394688 0.125089927375673
-0.432002719303923 0.0554819009013908 0.140206867092384 0.0461537839472849
-0.427191926545056 0.251678432389171 0.148720526800452 -0.00821361385521307
-0.366524493652345 0.32884161801596 0.0868138516455113 -0.0327093587862472
-0.390452023285827 0.330587268165361 0.0863262064757664 -0.028091562910969
-0.453056393655988 0.108818841920634 0.0336321118150943 0.0423103315563651
-0.48652553130096 -0.133784018627019 -0.0333300461900007 0.0500737442643358
-0.30445376621784 -0.57638302254979 -0.0927827325479591 -0.076549769382408
0.172892257243229 -0.655307264812538 0.0288299433425798 -0.169976141747984
0.574088560592033 -0.294861391645976 0.273834900354593 -0.158194945174684
0.735884317394876 0.0796475944319077 0.380258977391851 -0.013366010964685
0.778900930818741 0.0472358923863476 -0.244434646357152 -0.201072925724486
0.672693622645583 -0.276745482935248 -0.230089606027725 -0.0456302413183309
0.324316381364988 -0.63526110164076 -0.123072950192853 0.125010317430751
-0.175169343034734 -0.656923299281056 -0.0730060682242947 0.120399234921596
-0.481815498048109 -0.25212213620866 0.0255359894961155 0.0752850188108228
-0.453026325097976 0.0367323716897042 -0.0233499273248012 0.0596897133889948
-0.452117835571852 0.227318177660019 -0.00669993971705754 0.0828938104474773
-0.382561516536888 0.310606104024098 -0.0380621138782393 0.0880493032456078
-0.399940529430822 0.30912262880397 -0.0490532452118462 0.0805917372226408
-0.44983399736821 0.0905016647965769 -0.108374164877793 0.0982079972326665
-0.467702067848071 -0.136540776225453 -0.148264475064697 0.0416221697149303
-0.29573157824321 -0.55923212781892 -0.155762884098173 -0.0931175499586642
0.157464591291004 -0.644484278217705 -0.0142105617657859 -0.163424736008959
0.563399455200124 -0.309285282030202 0.152033202567599 -0.118627568699235
0.758742496566055 0.0548860370186645 0.149057511406659 -0.0639932380933013
0.701795201964284 -0.00879782590761072 -0.471104428757041 -0.242124811471941
0.582279622937726 -0.281327624674608 -0.375341469229377 -0.00611769347487315
0.267377922914509 -0.563730240932005 -0.13990070800731 0.124871483486773
-0.15369871217339 -0.558778169450385 -0.101546543995122 0.0658245500441053
-0.407453963861853 -0.221175253464977 -0.0890604077240988 0.0182614037302046
-0.392525885153183 0.0152245685445644 -0.185430280246765 0.0662739277900511
-0.402789596466091 0.170170232516296 -0.161715325167275 0.161951521244616
-0.341201498983109 0.244147051292459 -0.156810568387933 0.194936602103441
-0.352984082358164 0.235527911555821 -0.17539610583121 0.176126587941908
-0.379114446009255 0.0475317615420465 -0.231861005522887 0.135120451948047
-0.366350778874072 -0.133881895747137 -0.239831910885281 0.0193702963148895
-0.209818276639314 -0.456855906416231 -0.187249784143899 -0.111773771752331
0.142399464363736 -0.514543009961557 -0.032526056395059 -0.146627960507161
0.466435392459941 -0.247350946843328 0.041445849931162 -0.0590080565948174
0.659994909338389 0.0350303488576083 -0.0743493724233088 -0.0905946422770208
0.50931943523252 -0.0653603168173926 -0.645943529224626 -0.254898964548394
0.384210167497309 -0.233408569487255 -0.480016007164387 0.0353917756970752
0.160617270830568 -0.379945800444279 -0.144573412072772 0.113628165393352
-0.101212399494945 -0.355403600800406 -0.114930023495011 0.014765815950947
-0.254162476529329 -0.14947130851062 -0.18277421964836 -0.0323049088646894
-0.263647541651243 -0.00732861048333684 -0.311001567881204 0.0662131484945059
-0.288023441065486 0.085419202818737 -0.289335378416247 0.217496704182287
-0.247480501084709 0.140075049617353 -0.251556634411596 0.272120225836057
-0.256768629653094 0.125685099676943 -0.275981061732328 0.239728101154842
-0.25715609709257 -0.0049695328557043 -0.318804885042551 0.141102424452121
-0.215324019276956 -0.118117118292964 -0.289551789160617 -0.0214924456795061
-0.0950069078290596 -0.29698130724643 -0.177898906004697 -0.130993774865705
0.114133434353152 -0.311005416812521 -0.0259345683700879 -0.127275212199838
0.308500055015821 -0.146231226123843 -0.0424837556503755 -0.00284573404639484
0.465538410276062 0.0124710487220345 -0.256277658007551 -0.0987828670338039
0.233636671840564 -0.10903379503657 -0.737828943173331 -0.235023744240262
0.126182011202309 -0.147234345318524 -0.531742263887056 0.0772068627074763
0.0287639140577511 -0.141173578207652 -0.13643388066164 0.10741401255011
-0.034658649036224 -0.102253933873853 -0.105954568359356 -0.0158854537341433
-0.0645013285418111 -0.0569446089453326 -0.232877052340872 -0.0656839298272571
-0.0919963940860106 -0.0318394503955274 -0.379370521890944 0.0608515030053103
-0.126648446812115 -0.0145675995096345 -0.368050407450771 0.244667603930039
-0.115996934556413 0.0143688017420736 -0.308852944034741 0.308375583141845
-0.123688066642858 0.00108966143035313 -0.337952370366784 0.262326180145599
-0.105130831103643 -0.0497415632871949 -0.362056107369048 0.11704968310335
-0.0531647916594221 -0.0792188048051519 -0.298299998622593 -0.0714005313862451
0.00591633363932143 -0.108207845982742 -0.140567004587059 -0.145014167689153
0.0567016327893929 -0.0941659944374032 -0.00741156912781555 -0.107263585976739
0.117360014240464 -0.0504558632761185 -0.0989067001021052 0.0376561728004602
0.214343719472562 -0.0175960587771065 -0.375853222927692 -0.0919993061544478
0.101883489383335 0.0980997259181276 0.439347862570702 -0.00284047182740662
0.112897021233215 -0.00993014649324108 0.177025493022226 -0.116594287218404
0.048489758343917 -0.109628832630322 -0.038563641735353 0.0666098000093507
-0.0662670938480332 -0.104775273535464 0.0773544163158579 0.169594942121824
-0.104312497238424 0.0119643206814045 0.283352877103386 0.124547312386994
-0.0540202132659536 0.0667117815622067 0.393592821995575 -0.0536122570767714
-0.0349325382948432 0.109353367589627 0.36934195894043 -0.236402896745907
-0.0328320245638741 0.106968389930291 0.303211083044151 -0.296772999924234
-0.0417752148544888 0.109172835938555 0.343971578154162 -0.252311925661819
-0.0815549484302143 0.0636870140270641 0.340117665239581 -0.0968101004231248
-0.117831300164821 -0.00991914931346255 0.232312682977228 0.0526220161101716
-0.0668278223401092 -0.123912192724846 0.100122671715781 0.00964876555275435
0.0597050904922601 -0.105399880010753 0.136238390527245 -0.0817110701482479
0.0796129965161688 0.00606049173707622 0.430326017054672 -0.079725544365444
0.042587291831673 0.0641784466959061 0.699929559185376 0.21479479715294
0.353968628795909 0.100659330272069 0.349235303934892 -0.0296175132830264
0.311214933888242 -0.0859055992139005 0.135654952596422 -0.111459823398692
0.149722203030921 -0.286356646704687 -0.0562503343298571 0.0730807179356295
-0.106019573580903 -0.299752493243195 0.0347581431879918 0.177948932958357
-0.248357543742214 -0.0703896021976538 0.256634661235505 0.144543328476025
-0.203567415779229 0.0787919848248741 0.354868683475941 -0.0167609170369567
-0.189861450094122 0.192805981423169 0.343250238802047 -0.183156959805978
-0.168054764215453 0.219622329322897 0.264407828113283 -0.241318547849829
-0.188443704508371 0.216549561584546 0.293361148426374 -0.209394119774627
-0.246182591186887 0.0882009142881924 0.273085645148395 -0.0647654934487251
-0.280178658516895 -0.0690418654679051 0.172129109913867 0.0526241056588973
-0.157690240489519 -0.328356432192402 0.047762254834223 -0.0216126151220737
0.13002469328585 -0.333928774746039 0.114943868309077 -0.121190826869137
0.301759331292975 -0.101978844925198 0.423011642151631 -0.13052276796469
0.332051056906021 0.0845294935035257 0.674122352744131 0.133188957997003
0.567965232134928 0.095724251497487 0.196793105732855 -0.0765158380511164
0.490676860951876 -0.159614910988813 0.0520058585065416 -0.0977791298583919
0.241091950782032 -0.44869805288455 -0.0736969923459961 0.0873001076395369
-0.139995200066601 -0.478132772363461 -0.0013970304169034 0.17497496094818
-0.372622799709731 -0.15196710478512 0.208622887341538 0.140581317953918
-0.332287024918593 0.0754951224324405 0.267997112042658 0.0157124251583731
-0.32147335367505 0.243964315130514 0.264210516962642 -0.106329004681061
-0.278617507183861 0.298696676109668 0.18685176746918 -0.147316824326387
-0.301977667025412 0.295967169573093 0.19966344308974 -0.13155933830122
-0.371997173001006 0.110330536536426 0.165425228015042 -0.0181007187307728
-0.408600709850604 -0.102853004573961 0.0806825525151182 0.0498350279807927
-0.252715177813065 -0.479513589909439 -0.0197767824675293 -0.0505684352881268
0.156001359002968 -0.528484527893503 0.0745504537532631 -0.152414362639447
0.467307322637686 -0.215676817973895 0.364439839401532 -0.162945174840394
0.569272869925858 0.078744758736031 0.554865696970665 0.0495529185975343
0.71012112217663 0.0730628965135588 -0.00824736783884955 -0.132861085890647
0.617140951416162 -0.233742908761153 -0.0737470623187341 -0.0730810437704842
0.29539483131674 -0.576612501104111 -0.094557494535611 0.107897793372878
-0.174010233112245 -0.607292278525754 -0.0345735622849764 0.158284288729964
-0.458504463805496 -0.210495315567299 0.131203822805583 0.112801498095901
-0.419239817774915 0.0641974322814978 0.137783556732267 0.0408438080773239
-0.407385688391743 0.260762032136296 0.141712303135212 -0.0152577691518426
-0.345586475334059 0.333158296393269 0.0812030952708287 -0.032275503661466
-0.364743790344466 0.330300202613419 0.0793478079300193 -0.0302033957581273
-0.438009311378891 0.119057182697828 0.0333726475354554 0.0410404281754622
-0.476572856211364 -0.115912025782884 -0.0308054206048907 0.0481383070145432
-0.314955468040192 -0.553375291363607 -0.093288431675228 -0.0717227627221526
0.15033323675072 -0.64009735753891 0.0236018351213082 -0.165072900101121
0.549695767875799 -0.300973058178929 0.262764558246116 -0.158427713938706
0.714443774348942 0.0566617026835435 0.365155760586061 -0.0221390028810015
0.754179789381314 0.0294699723000932 -0.240084255731413 -0.186280886668886
0.647470449783704 -0.283651579850969 -0.223877951663995 -0.0368816130537958
0.301538193019946 -0.6234215832524 -0.117493041043813 0.122282002614998
-0.189388211076076 -0.637921858874183 -0.0687604068136347 0.121592627392164
-0.474390803817971 -0.231890314658238 0.0268547160100301 0.0681555927880981
-0.439292848334245 0.0478096979979021 -0.0208745819744539 0.0600097938516706
-0.432780004440035 0.237461903590563 -0.00604197209019083 0.0774741120851189
-0.360269010480351 0.315724238703248 -0.0360661883748406 0.0870157676336299
-0.375835705619763 0.312120189874453 -0.0478438035696344 0.0790483666821645
-0.435773678289757 0.101299340859908 -0.102312199256359 0.100245515833828
-0.457541986365002 -0.120586749043946 -0.142601871859442 0.0433622769040097
-0.304164139555996 -0.534991200040509 -0.154974469847629 -0.0869625936554263
0.136368423151598 -0.630133292734096 -0.0181090294747601 -0.158344473746169
0.538937992408126 -0.31475445557045 0.145168703014829 -0.117984062670128
0.734800681853269 0.0326550572942672 0.140243977186164 -0.0657664085984584
0.678392893993949 -0.0240226949360768 -0.461015803727172 -0.221997276563963
0.56071083169899 -0.288450842493107 -0.36520656473423 0.00494951550957465
0.2478123333411 -0.552987060942099 -0.134092133519539 0.122326112013196
-0.167439360501486 -0.545422636062254 -0.0977505231863051 0.0703321950663788
-0.399993510970856 -0.203776767798481 -0.0855988643804595 0.0173917980458013
-0.380929979599174 0.0257484522790071 -0.177814987665707 0.072578051190174
-0.386671393303001 0.180802143568587 -0.153539575082313 0.160031593535279
-0.323611360088433 0.250107718229124 -0.147834849957318 0.19313168794987
-0.332992493833993 0.239595817751734 -0.165097247825998 0.174933988711252
-0.367865146453517 0.0586633732578219 -0.219575388984695 0.139725529384442
-0.358916684408745 -0.121250279748914 -0.231898444756069 0.0245345516854722
-0.220357633985243 -0.439527319944735 -0.185206807834524 -0.104312989936297
0.12431762187955 -0.502056699987302 -0.0365088042086353 -0.141780128509236
0.447178192801115 -0.25220457055148 0.0386421476100325 -0.0582987946134537
0.63974763128463 0.0150919515839077 -0.0774892496729243 -0.0867159151958192
0.492386123237102 -0.0745156848191364 -0.630857502398249 -0.232189355119301
0.37101301740672 -0.236403899793507 -0.467304808308742 0.045230232997537
0.148924135747709 -0.373919011362992 -0.138924458096926 0.112633269349503
-0.11004875067737 -0.346782216813604 -0.111187360295223 0.019685059945475
-0.250645518599268 -0.13874619827721 -0.17766522634172 -0.0273698749963477
-0.255281179142282 0.00118231475586039 -0.301127054504649 0.0770481464806606
-0.277991173187398 0.09523068761381 -0.274634323697336 0.219744452715082
-0.235567073732856 0.145855890585274 -0.237318381459089 0.269742457505474
-0.244045434081233 0.130564720921547 -0.259600183397776 0.238834709165838
-0.251530768255138 0.00354004968532741 -0.303337352332424 0.148604409116237
-0.212534689490746 -0.109048308039806 -0.282164891365988 -0.0132312115040627
-0.103279948250641 -0.285739442130218 -0.17622593433771 -0.12227661756357
0.101230456427988 -0.304945026088462 -0.0309898433345273 -0.123077059551221
0.295665883850048 -0.150874926607908 -0.0416873085804765 -0.00221652489335116
0.452457627491537 -0.000987697805383419 -0.253648160987577 -0.0908597229430045
0.224578479674199 -0.11024048803502 -0.718599780009792 -0.213064070447379
0.122755281621156 -0.146787357414606 -0.516767404808267 0.0874527900539048
0.0266036818533539 -0.139054863044338 -0.131362540184285 0.106920696841483
-0.0379177380007111 -0.100501078904185 -0.101839952943895 -0.0109010880756117
-0.0637375600468759 -0.0538852484224606 -0.227071499180918 -0.057346553676718
-0.0892418053044179 -0.0278652083521443 -0.367436246814925 0.0745394947411087
-0.123872782911119 -0.00784826529808579 -0.349607949050357 0.24808567310105
-0.111916650176545 0.0186832903030468 -0.290837332819113 0.305783861361455
-0.119777350590995 0.00646001305783811 -0.317141561987476 0.263047412727365
-0.104645694581609 -0.0441862133096965 -0.344949263467541 0.125545061477684
-0.0543411419077141 -0.0760547961371034 -0.290247150951605 -0.0610111582988051
-0.000219627195232506 -0.105722276633754 -0.139660626140712 -0.137231873666099
0.0516826923447752 -0.0936613078758032 -0.0123960951690136 -0.104037024109846
0.113023970134968 -0.0538391121525612 -0.095685898459794 0.0379740760644339
0.208582721114188 -0.0242387865553859 -0.369114942509266 -0.0815181415618185
0.0998752126079867 0.0959599884164795 0.434926600625658 -0.00518036752698494
0.109439226102469 -0.00871860560889643 0.175412778317669 -0.116478732862358
0.0457564940128948 -0.107915786989638 -0.0364646799025924 0.0665987952724597
-0.0656888532199099 -0.103449413569455 0.0770386263040928 0.16604081281093
-0.10286312916682 0.0119360860445541 0.280574086020112 0.117232857980575
-0.0541334959588092 0.0653510610922897 0.38813359550756 -0.0637938702943264
-0.0319596195300453 0.108472080119131 0.359706184588576 -0.240652172342166
-0.0306749091482184 0.107102912408329 0.294842517457325 -0.296617899161025
-0.0394991664013717 0.106677873678995 0.333543266361002 -0.25450478756771
-0.0789551319839713 0.0636614280034193 0.332891106834011 -0.102781292449781
-0.115930559525516 -0.00782192272431799 0.231328617857324 0.0485514978149157
-0.0673078663876707 -0.121643299321666 0.0991737439317848 0.00891012059369208
0.0569159551473385 -0.103735398696401 0.136511405077666 -0.0814296693653166
0.0786410606124583 0.00766086637885101 0.425621212341463 -0.0826109368608943
0.0411775754811392 0.0629632348476691 0.695322248967844 0.208785533718471
0.34810942783137 0.0963381738385781 0.346424111586114 -0.0300166550267019
0.304142267316924 -0.0864068269020389 0.134754821308967 -0.110482567358275
0.144751051854153 -0.283013470078057 -0.0542488988847897 0.0720621054166543
-0.108468496661707 -0.296907683904716 0.0350418436726737 0.175164358894957
-0.245652924978943 -0.0671396185308495 0.254543492118411 0.135783506991426
-0.202189260017842 0.0791966235644635 0.35031281732532 -0.0255451810093215
-0.183578675808847 0.194615084020956 0.333427531925197 -0.188689184447021
-0.162438570234207 0.22162292921159 0.257736576642996 -0.240444919779599
-0.182364086873761 0.215268155168613 0.283461341094596 -0.211341853201253
-0.242261211553669 0.0903719045780933 0.267607476813796 -0.0695895491900634
-0.277837707301768 -0.0646618896081543 0.171188347872293 0.0491274823122085
-0.161284915229364 -0.322875335716747 0.0459789029641716 -0.0211529697751583
0.123690681117472 -0.331118397505302 0.114739398488652 -0.120160833193278
0.297344052298762 -0.101501183044433 0.418706242382467 -0.132525228476342
0.328054139414681 0.0802620251666566 0.666965337786255 0.128708310832378
0.557873085482022 0.0887008994973617 0.195864271252831 -0.0735338401057675
0.478930343465998 -0.161433796572167 0.0531319286574736 -0.0950008366454155
0.232910759416815 -0.443984742577563 -0.0715693767748753 0.0859756894994273
-0.146121823761968 -0.47425088523994 -0.000795414605250374 0.174591214495906
-0.3701927002327 -0.146215940528229 0.206469241017279 0.132579874119587
-0.329707872483226 0.078362514820971 0.265304826956034 0.00955974915187642
-0.312914052373115 0.248179694049729 0.256019230245612 -0.111239933250475
-0.269635313504038 0.303130437557732 0.182032728601206 -0.14676778216225
-0.292574322251769 0.296074018309282 0.191353625429794 -0.133013437895832
-0.366916001728217 0.114650406267376 0.162034651140249 -0.0203080442253134
-0.405868850554139 -0.0966734433202587 0.0798754692950599 0.0471017187404947
-0.258218143886306 -0.472044466818008 -0.0214089698283783 -0.0495496806155713
0.147442919015114 -0.525000271829366 0.0740003230481131 -0.150245838866158
0.46047060335878 -0.21734455087445 0.360593984043332 -0.163837089330335
0.563297656650683 0.0719862298714684 0.548403625456437 0.0439050565068248
0.700154803204391 0.064664799908414 -0.00705019492088658 -0.126831972750422
0.606848709265136 -0.237129804667585 -0.0719659455491958 -0.0691548782570612
0.288061619578646 -0.573233122695236 -0.0934647342481042 0.10703450826055
-0.181732723121179 -0.6041303119189 -0.0334760471437908 0.159582107445928
-0.455783817866972 -0.202701557891913 0.130003871266298 0.10613176020024
-0.415705445308239 0.06840918088941 0.137434324770415 0.0380481798274705
-0.397507532825769 0.267320656535057 0.136548310528424 -0.0203652946194238
-0.335666317570773 0.338904662215667 0.0794220317204744 -0.0311848046091556
-0.354243275937927 0.332076390617021 0.074788643431104 -0.0310193263509407
-0.433477127240523 0.12545315019076 0.0337585883036065 0.0409617680473168
-0.472678581476797 -0.109271563517848 -0.0304044151151919 0.0467297513961998
-0.321020932977488 -0.543364717280143 -0.0948926975745567 -0.0701735193228643
0.140524798626037 -0.635067175271042 0.0228596723704512 -0.162590416471919
0.540387092863855 -0.302367571940963 0.260135008330473 -0.158865605807677
0.705165902155787 0.048856897409276 0.359760229708358 -0.0243341373964961
0.742840461433502 0.0232872887807678 -0.236728664641684 -0.178339833789205
0.639627644751728 -0.288049755123048 -0.221156189323929 -0.0323153341957357
0.293831724722633 -0.620883129723167 -0.116847753737777 0.121447189679268
-0.198579924853098 -0.634954832057621 -0.0670594025187817 0.124915086508337
-0.472025661310077 -0.223637039727478 0.0261234940283995 0.063673910549693
-0.435921923580088 0.0514850869416083 -0.019385114756304 0.0609311434305356
-0.423878144647606 0.246958178853247 -0.00740688641400437 0.0744262404568815
-0.351371820884009 0.322156777598803 -0.035174573923255 0.08833245354304
-0.364410739156399 0.313991441966982 -0.0490400971094467 0.0789480366957557
-0.430566904889934 0.108655772581798 -0.0988235722852415 0.101865222121144
-0.454423561747251 -0.114056985592881 -0.141866189939994 0.0435916019255984
-0.313645780172951 -0.527108489803506 -0.15601230740354 -0.0843435579260024
0.127187525767882 -0.62509116700207 -0.0194467499655417 -0.155461212845423
0.530474290777351 -0.317023381920488 0.143321013169217 -0.117662794016509
0.728606182405758 0.0240438405444429 0.135707542620081 -0.0670102292270992
0.669125001553215 -0.0282836230556052 -0.456067166131659 -0.214377458708069
0.553664552130656 -0.290209788719268 -0.361157297129452 0.00949013704006358
0.241179570687843 -0.551493312799351 -0.133738130398842 0.122407470493747
-0.175155263806802 -0.541943594593018 -0.0955743927917031 0.0739635659069445
-0.398143536149754 -0.197511239922532 -0.085810685629556 0.0155136735057721
-0.377305213802482 0.0310567330686253 -0.174802703233532 0.0764270942817226
-0.379623059149159 0.189477909506354 -0.151589601297013 0.159320051763498
-0.315590235485993 0.25559594103607 -0.143959235383372 0.193368292086834
-0.322539991580871 0.242219819718481 -0.161931594156852 0.175174423714938
-0.364715578436438 0.0645095453708291 -0.213770816058421 0.143507280089964
-0.357189220079998 -0.116242284864276 -0.229956694619641 0.0263169972746348
-0.227566510838538 -0.431482584131035 -0.185654084928578 -0.101095658498489
0.11632867412698 -0.49806071094061 -0.0388783791420356 -0.13905011337194
0.438991089222462 -0.255755507958322 0.0382552631573577 -0.0579213339735579
0.63231199390015 0.0065059520665696 -0.08024287062875 -0.0858499731923228
0.485930655151602 -0.0758505060411118 -0.624086387021698 -0.225104198546659
0.36858274865799 -0.238570876402493 -0.462616619378206 0.0505860320661879
0.146120159929205 -0.373463165753457 -0.138643755038641 0.112663294151976
-0.116534628711447 -0.346345917716748 -0.109199835714568 0.024262091306637
-0.249873462844693 -0.134567590510113 -0.176123411078092 -0.0254463790448685
-0.252156741078157 0.0043988276011309 -0.296177038980554 0.0836263651145786
-0.273739448386336 0.102674528778841 -0.268981341681784 0.2203469886218
-0.23072755587953 0.150629300691067 -0.231516301496467 0.269492260633509
-0.237537449805086 0.133735871388632 -0.252228329225632 0.23866708799837
-0.250078693601239 0.00811556779906854 -0.29544075752149 0.152926190800667
-0.2126866573296 -0.106375499511983 -0.278963911232382 -0.00939767746394569
-0.109229610698189 -0.282138997960417 -0.176900417783166 -0.119676990209846
0.0958561844577448 -0.303136075947128 -0.0335593004643021 -0.12056904979996
0.290386130770879 -0.153790400458606 -0.0410819340402603 -0.00219354812198094
0.448431413463738 -0.00803900811561509 -0.254605516575867 -0.0888700368238813
0.222493247908101 -0.109380190153026 -0.712504582611113 -0.206748773334342
0.123409181558598 -0.147010888645877 -0.510914178016692 0.0903263575258717
0.0264013874363868 -0.139550760358985 -0.130494340982423 0.107475331225951
-0.0407265098317148 -0.101245858657314 -0.0996694951335225 -0.00813502771150098
-0.0639078848774555 -0.0527848565276595 -0.225612688811448 -0.0526704865952983
-0.0878269354020089 -0.0261307350873595 -0.361812742606786 0.0825687587968635
-0.12360510880702 -0.00372533293880635 -0.341374161360397 0.251965556341762
-0.111277264772013 0.0217765191699524 -0.282788816930381 0.305154492735254
-0.117366563106134 0.0101012791235538 -0.307393396691016 0.263016949376027
-0.105504835769835 -0.0404619311036477 -0.336470421536934 0.130908180080691
-0.0556784195576522 -0.0746350326887307 -0.287576466972855 -0.055909598342691
-0.00385975453735582 -0.103874577828868 -0.139547694274809 -0.134392745658987
0.0494051689875411 -0.0946060779051561 -0.0158000932080473 -0.102351003332831
0.111776132335868 -0.0568591746728173 -0.0947844632738068 0.0381682053377933
0.207430286613242 -0.0283209170519619 -0.368706152665177 -0.0773329649548614
0.101238136376956 0.0949841933336371 0.442247547341087 -0.00845610237597605
0.108933361706593 -0.00830992947214066 0.177673122527165 -0.121484413793065
0.0445650519415464 -0.108478201087264 -0.0360843079833622 0.0675358423988842
-0.0677193926755383 -0.104988248257068 0.0793625046998809 0.165869782311482
-0.103331931399491 0.0134416683003829 0.285814301311243 0.110996460168927
-0.0552557555532922 0.0661133007612831 0.391015454733044 -0.0767001385493823
-0.0290521238396195 0.109826986395317 0.357280607843296 -0.25304735869693
-0.0277940979131163 0.110023687249792 0.291817487164112 -0.305434561040213
-0.0384770283367265 0.108008057248242 0.330509194145202 -0.264521293028116
-0.0785197933909035 0.0656526734168862 0.333576185612146 -0.112979262054045
-0.117280848608793 -0.00526620272198037 0.235908150862454 0.0446975770957278
-0.0700791107215086 -0.121875660757001 0.100492361740172 0.0079479321967821
0.0559093631190003 -0.104394866139874 0.139790371155148 -0.0846598806238042
0.0800120183586926 0.0086780233153403 0.432147755195288 -0.0894386845197837
0.0416096971957953 0.0634936969045135 0.709470454213476 0.20379226964918
0.35135032537709 0.0927199133887314 0.353040462120714 -0.0322882325078058
0.305191223049771 -0.0900362647412337 0.136725002979508 -0.113726919754007
0.141714300891746 -0.287887174601436 -0.0537086847354531 0.0736422106573401
-0.116050752233738 -0.301312391032371 0.0373883077283745 0.177252426008521
-0.249188531237754 -0.0645385991715709 0.258163744550061 0.129662398848546
-0.205679475535047 0.0832116879513273 0.354157184374281 -0.0362003431636436
-0.180785171006112 0.201515094782083 0.330162526356025 -0.19976471387524
-0.158532178187753 0.230855860286389 0.255783209899956 -0.246963122842243
-0.179889581446719 0.221318289898413 0.279324001648638 -0.219705335462359
-0.245224835134083 0.0967480828026277 0.26824268424313 -0.0767228992756032
-0.282911698961881 -0.060396985194137 0.174496359900037 0.0459235754436724
-0.171122142172642 -0.325379059875055 0.0457382573850864 -0.0209254004984918
0.119760545632738 -0.337654390815266 0.116794671441254 -0.122812504357888
0.301520102629114 -0.105746192101223 0.425276543997817 -0.140505246464179
0.333319888692516 0.0771347118969541 0.67943810887368 0.121981291039655
0.564480266178379 0.0831924999682934 0.200604701107862 -0.0736460417807305
0.483673036820438 -0.169806456255278 0.0542163331973034 -0.0960994940497123
0.230154245257566 -0.454297756502514 -0.0721950798271266 0.0884114455782971
-0.158086962414691 -0.481968713653483 0.00160482002372915 0.178446927052873
-0.376601657455116 -0.142137460009439 0.209547566973777 0.1262253796863
-0.334518955239445 0.0850110030655932 0.269134634344436 0.00231917879981343
-0.310251090003363 0.260024333468708 0.252884577215401 -0.119878136696015
-0.265520925842862 0.316908110287825 0.181414178354876 -0.149914418774658
-0.290358082692872 0.305052583065262 0.187742184121361 -0.138076582501145
-0.371533545862406 0.123715589580222 0.163107175141636 -0.0243277277351751
-0.41349789151574 -0.0908235223507036 0.0821195989498421 0.0453684137770018
-0.272972663951863 -0.476193781907865 -0.0244238309080298 -0.0486884457142582
0.142891983413286 -0.534738397365616 0.074828234145281 -0.152739735039934
0.464491887223488 -0.225709595101111 0.366105755570476 -0.170946017799782
0.573310719722775 0.0651083441673713 0.556346632962069 0.0384513778825988
0.70837281014129 0.0557753512975591 -0.00576375666956602 -0.125164984924157
0.609726176887467 -0.247809287234665 -0.0716678091066704 -0.067250270328051
0.284307464975308 -0.58633738207355 -0.0941817512520248 0.109577607659825
-0.198861815831631 -0.6134667352005 -0.030906302756817 0.165839631627249
-0.465643066994188 -0.197913449032107 0.131999701970235 0.10163530319883
-0.422096627454852 0.0766912981114476 0.140381253392547 0.0356855711556047
-0.397566949441451 0.282266312457749 0.133252130530888 -0.0247925510598182
-0.332974249059864 0.354978083651378 0.0797072249566912 -0.0314422992624625
-0.35063217858536 0.343376680406043 0.0717308583766172 -0.0321735925294605
-0.438049970493811 0.135364778279425 0.0348968821097637 0.0414739729461704
-0.482577188964592 -0.103299795886884 -0.0310335067248472 0.0473884262602939
-0.339631667859036 -0.548336502276445 -0.100040056432239 -0.0681575806612489
0.131878288500733 -0.647194106256078 0.0219774545127614 -0.164180772441642
0.544745439193875 -0.313588488210996 0.263718915894264 -0.165050562019491
0.717849768918144 0.0366273995763957 0.36244060823378 -0.0300136378513908
0.751848593812885 0.0161755824514282 -0.238967351295788 -0.175299557937294
0.64580991075796 -0.300497600719248 -0.223583949433534 -0.0268431489283826
0.289461523414676 -0.636198384448287 -0.118264514636561 0.125947915806922
-0.217340552270526 -0.647095224804675 -0.064956487936148 0.131718037885802
-0.482990435820169 -0.219149664885663 0.0259041630288778 0.0615784086789642
-0.442474167749376 0.059791893406666 -0.0175945011222589 0.063940658811868
-0.424336065839151 0.261926081540561 -0.0102542305587766 0.0746850919344756
-0.348230614444826 0.339132648526947 -0.0340575066065164 0.0914199602650722
-0.362351857050865 0.325234438109385 -0.050355732537044 0.0812315263535069
-0.436234505970552 0.119292970846791 -0.0969176997706853 0.106113858038851
-0.465351289133977 -0.108478706625093 -0.144386052268353 0.0462742440234482
-0.330553442930137 -0.5305191038402 -0.162253915171631 -0.0826014690328635
0.116851520170865 -0.636440025698898 -0.0215823926325646 -0.155962538683338
0.532774388880219 -0.328465799317654 0.145179709662446 -0.121941045176126
0.738815694184689 0.00944977310783677 0.13326251163821 -0.0699077959348848
0.678023338177017 -0.0348330362992281 -0.461750480291648 -0.21049336057558
0.559961887911566 -0.303742020604267 -0.366604998605419 0.0182536196401317
0.239049118292253 -0.56637949882493 -0.135507493116996 0.127046628044729
-0.193051493287905 -0.552556044989596 -0.0939271239975444 0.0806488298710949
-0.407894176500268 -0.193727979899402 -0.0876917957921382 0.0158308948000416
-0.383310125731148 0.0377283472543248 -0.174909673408388 0.0847643186953384
-0.380858215215451 0.203987998675808 -0.152976541765076 0.163080417096168
-0.314226481665734 0.271023941403412 -0.14209411586928 0.199463759874327
-0.321657665771086 0.251985254712323 -0.161815046474726 0.180765082420173
-0.370392059594842 0.073076176946972 -0.211970380967661 0.150111474180044
-0.36554551621668 -0.111997797326376 -0.233603711218734 0.030353717220543
-0.242791516859255 -0.434712930214751 -0.191713080436604 -0.0991514081927969
0.108885788941967 -0.50895334310319 -0.0420919352454138 -0.139300879361813
0.441278985400961 -0.264625641771053 0.0392239711281184 -0.0600093999980702
0.64245243158399 -0.00451950020351669 -0.0864094837329905 -0.0864105933658861
0.493848411153907 -0.0826523709528044 -0.63421694000341 -0.22181728754234
0.373285521331852 -0.248087303456796 -0.469478955873727 0.0608210162749655
0.144462134448429 -0.384978963499527 -0.141041029326642 0.117472948954685
-0.1278696379121 -0.352834269642249 -0.108110317829708 0.0292271574516377
-0.255709116228077 -0.131911957539473 -0.179380304443896 -0.0235142790391249
-0.256297716426569 0.00896932905276581 -0.298497820190801 0.0946485960874628
-0.275607500309233 0.112785306009282 -0.269609754939973 0.228847365914838
-0.231135826432958 0.161076212090368 -0.22943103014925 0.277869481504767
-0.236860996202459 0.140805398931895 -0.25097977356985 0.246885732068915
-0.254179461043254 0.0152703341687842 -0.293808527465477 0.161116367140736
-0.218602834425546 -0.105128671133069 -0.283205076149749 -0.00481461657060227
-0.11895502124952 -0.283964344520805 -0.182084374515423 -0.118311203879048
0.0908709156404367 -0.309994188736203 -0.0371801922907522 -0.120291717689984
0.291210526350321 -0.161075662848897 -0.0410826777264377 -0.00197571944072334
0.453021932276188 -0.0163118905567664 -0.262822890778781 -0.086491892486383
0.225821588417162 -0.112975348235296 -0.724765457094888 -0.202685181273059
0.125675606846081 -0.15225739220909 -0.517970650478848 0.101898786504714
0.0265598649165715 -0.145227304638733 -0.13209740179777 0.112036026324174
-0.0449686436364754 -0.103618976723011 -0.0989517013043254 -0.00457761307265351
-0.0658098821558524 -0.0523753782307583 -0.229630387483204 -0.0486908107842716
-0.088679756014624 -0.0250584136149946 -0.365659179460117 0.0951931675937965
-0.125832078567473 0.00125009522847616 -0.340371497121478 0.262166196386525
-0.112771459763999 0.0263441599152178 -0.281012811676976 0.313792929482967
-0.118653460372279 0.0135708781799879 -0.305119922551048 0.272185903456975
-0.108880823669766 -0.0375782299609544 -0.335121058794011 0.140148944801504
-0.0589685850018718 -0.0749614606749376 -0.292784265720428 -0.0515538558016082
-0.00819901535984881 -0.105596981558611 -0.144075072937517 -0.133496590617369
0.0473382620190391 -0.0980810854069335 -0.0196827881450081 -0.102658313247046
0.111674795731083 -0.0608477763556363 -0.0949134336887212 0.0401156724940499
0.211485993097801 -0.0336306317966871 -0.377894863225351 -0.074159681537413
0.113591202882204 0.0748577409345809 0.444032682929227 -0.0317225092348375
0.106210308629666 -0.0236722046546069 0.171682585221954 -0.132312981075636
0.0311273972377403 -0.112466717596771 -0.0210567112142016 0.076660874194328
-0.0785035369380364 -0.0960422536638142 0.103635322616106 0.157403542409812
-0.0966400707957878 0.0220980714702157 0.298232144314436 0.0769341727935237
-0.0475027854470074 0.0660557949325203 0.3851629298774 -0.120755721331506
-0.0127707818430465 0.111364251255892 0.328942243304406 -0.301592610595607
-0.016299578328026 0.111506306177398 0.264428562756515 -0.33986249035231
-0.0244944195573012 0.113271602243341 0.313685481135988 -0.308656109355207
-0.0718684983190029 0.078083378604687 0.336812043496905 -0.153443166563858
-0.118908214349705 0.0113010488980878 0.253476854650118 0.0216498792185929
-0.0864589089717814 -0.113110415205727 0.11091165964164 0.00180499087092533
0.0461075121225495 -0.108263113055492 0.138743663202987 -0.0971137101303854
0.082979476299324 0.0111569258243663 0.44235625403225 -0.137221082907484
0.0444419152762158 0.0722444168297315 0.755618297013887 0.155427814177359
0.360744084737638 0.0428503700785055 0.351899677388035 -0.0299540049857202
0.290629035430292 -0.127696783555143 0.13549992115965 -0.107644145477745
0.105340433735912 -0.305742656397747 -0.0243634842287055 0.094446157712601
-0.156554741501083 -0.286726143555767 0.0796892458188164 0.173550596766332
-0.252017667490959 -0.0382775247153371 0.276964437875213 0.0880691271740078
-0.197343031177626 0.10021854808781 0.351743459376299 -0.0829057070159637
-0.153894942461399 0.226655534522366 0.309117595826901 -0.257699379163933
-0.135167590772388 0.247318120286381 0.230266723386696 -0.277302787587383
-0.153768382872774 0.244862722495944 0.265471323934656 -0.255821795411684
-0.237305579856503 0.129492684034967 0.27550088163439 -0.111320644527151
-0.293012194932082 -0.0264838876339973 0.192599379653968 0.0267924459179936
-0.214570717046183 -0.308564384512087 0.0571651434337976 -0.0192949276100925
0.0866093331880066 -0.354053478977428 0.111663144393718 -0.123083407746211
0.301351134118031 -0.130402669657576 0.415620248296314 -0.190837911045562
0.353642017252557 0.0588407883012197 0.699954806866781 0.061396471541269
0.570517097369933 0.00953031639432943 0.19368482037912 -0.045700455685105
0.459843109352244 -0.228256523633096 0.057850271419347 -0.0716103482740727
0.171848072250456 -0.484509648772938 -0.0282830856141847 0.12055842692905
-0.225809112605138 -0.461925692634273 0.0601893218609248 0.178893384760092
-0.389814996423225 -0.0997902204784321 0.231498957777516 0.0797384228105383
-0.328211728143638 0.116990089088004 0.270382079115176 -0.041839444905741
-0.278006583681128 0.307015447307597 0.241344231180025 -0.17840083373683
-0.234134637023594 0.346737949700511 0.16236560084007 -0.171424621711741
-0.253768634235409 0.342745019075032 0.17876570204126 -0.161365149411453
-0.364304507128899 0.171564905612982 0.173411303245721 -0.0471878558878113
-0.427832000995122 -0.0429870925972349 0.097890028888122 0.0336969771772848
-0.337257221303784 -0.449751183766373 -0.0132742600860066 -0.0382835393997024
0.086905519105484 -0.559168782826982 0.0667934000432966 -0.141198228457483
0.459610526391838 -0.272760669131836 0.338918125883611 -0.217303518255125
0.603684655280823 0.0204426758708944 0.552385453207534 -0.0244478499446431
0.709563540733276 -0.0323646916958524 -0.0184444112826096 -0.0740087078420338
0.577670614466228 -0.322431966331414 -0.0640302074953559 -0.022760538912194
0.20978852207736 -0.6253941800257 -0.0380341101245265 0.150583959150823
-0.287715798013567 -0.589305951178888 0.0387942216423125 0.169020941365489
-0.486987411295843 -0.146374759190828 0.153426444934546 0.0562076776623076
-0.417353895110581 0.119993082522325 0.144174991661501 0.00152304118041946
-0.363600489495453 0.343531221269152 0.132693219942966 -0.0753219517558865
-0.297409812473894 0.39383487390582 0.0695302983822821 -0.0404487038495841
-0.309639754309855 0.388302120052163 0.0690409848159302 -0.0395236742211156
-0.430710228473071 0.190066980432661 0.0473184924621324 0.0330964877515726
-0.499711416193635 -0.051238477071528 -0.0191848242671479 0.045816683276734
-0.414600084480988 -0.516008776946406 -0.091561485174808 -0.0507172975075744
0.0652741125180282 -0.674576617180508 0.010919395282413 -0.142450361738655
0.533276175302457 -0.374999407885152 0.22498932831509 -0.19931265174202
0.754005772044599 -0.0220765264290384 0.336384371269658 -0.0860304208042896
0.746176993113522 -0.0769844929621981 -0.257477874040226 -0.105789668724414
0.607140150235178 -0.376831310408845 -0.211847564538151 0.0332846160590502
0.207753379377156 -0.678043941047682 -0.0563450563825441 0.170391791715912
-0.312300108796174 -0.620923031120516 0.00585792013045168 0.136916202796117
-0.509625452722144 -0.163359014770484 0.0440745178305155 0.0252081146730942
-0.44199157515932 0.109243734332663 -0.0120276202688247 0.0449591662511991
-0.39484507424984 0.328977063338603 -0.000119713336784757 0.039834197143525
-0.315698270117594 0.380420108309474 -0.0336227100342504 0.0962341068562633
-0.324410981501823 0.373055864815792 -0.04549305375813 0.0906979384968124
-0.429895806414222 0.172225715033916 -0.082961824098095 0.113840729172536
-0.481069414640354 -0.0589645249277473 -0.138088566820452 0.0562938374438207
-0.401767766375288 -0.500033343841294 -0.159572072610552 -0.0604633707135337
0.0491819314498169 -0.663931917875188 -0.0336962558504805 -0.130529753215023
0.519580877601861 -0.391544495799212 0.104863011518755 -0.142790974222838
0.775111314273253 -0.0565593258358223 0.0909652670242349 -0.11009326548742
0.66592416796359 -0.113176826015914 -0.48463507021751 -0.132207297494269
0.523437317311226 -0.366128597857639 -0.355070634970543 0.0854755724709411
0.16806445351885 -0.601672998446142 -0.0803106052543611 0.168545712648317
-0.275618289306451 -0.52916300397791 -0.0359472153094976 0.0873345442522382
-0.433849705649759 -0.144834093058256 -0.0765328824659011 -0.00489012002945696
-0.384346852414891 0.0822658163246565 -0.16855181377487 0.0856589952066734
-0.359749568594375 0.265552131146866 -0.133577952999935 0.150752128309715
-0.288072570900064 0.308809639481135 -0.13151261257389 0.217081599946918
-0.292016057559597 0.293796853702277 -0.150541797648685 0.204148145259124
-0.367484545541785 0.117250370490949 -0.198663880743499 0.17343603806297
-0.38130905989096 -0.0741797947445681 -0.233623203894928 0.0499546432032141
-0.299398044236938 -0.412808882615537 -0.197069822545699 -0.0766453529077924
0.0541078422914656 -0.532286516825997 -0.0551577160267602 -0.115966894632804
0.430297694581968 -0.319467427462766 0.00494141340834377 -0.0681340793467065
0.673356559634147 -0.0684326249488274 -0.134971819458841 -0.107059966937682
0.475075682960491 -0.134633216641502 -0.658448886305435 -0.145013598311494
0.343555486481299 -0.287438955199364 -0.459818795673406 0.124522795368358
0.0963979584453987 -0.405966009267389 -0.100737635251406 0.14887105504139
-0.181843614285284 -0.337995528537449 -0.0726280263778273 0.0370369987685554
-0.275292450950201 -0.100742746010036 -0.17742586705204 -0.0249883565470734
-0.258887624011258 0.0411554262569284 -0.291476686585724 0.114175585333637
-0.265921743396463 0.159311773738614 -0.24380196034993 0.239812906268804
-0.215636741041217 0.190397860348985 -0.209836135300058 0.304516290716085
-0.220787667215865 0.172066596373267 -0.234589756400806 0.280897835541375
-0.25672178500855 0.04418784858403 -0.283457449691036 0.194575013986404
-0.231586480181563 -0.0840812753789119 -0.291764453422671 0.019649574670444
-0.154967109740548 -0.274959139004739 -0.194353467306273 -0.0993095863381767
0.0587810005119133 -0.327919201600319 -0.0506484010946273 -0.105985284913567
0.285070481791514 -0.198243325377467 -0.0630618808431252 -4.64407234739891E-05
0.474753294972645 -0.0664843846639413 -0.309118227426028 -0.0867209323666867
0.2055634577477 -0.131434487577161 -0.746970588075526 -0.141934163204708
0.107623614490344 -0.159211785024039 -0.51189405181422 0.155195488288026
0.00858603511008465 -0.149664378129168 -0.111873763753353 0.13016832612701
-0.0630367776878917 -0.0979156465427345 -0.088644114530228 0.00316868711457799
-0.0757481769772553 -0.0424979894372015 -0.234021933765589 -0.0316093587716409
-0.0939749238785655 -0.010401425112982 -0.359323984771862 0.129804061726965
-0.128887101107846 0.0250250357474666 -0.31247579741982 0.294114909352637
-0.110844986224527 0.0421904420087962 -0.256292084730011 0.347714197829048
-0.117855058387063 0.0296900820257053 -0.288539028389435 0.312841032865543
-0.114887296427205 -0.0273146602226806 -0.332180040923376 0.177681214426005
-0.0680862028993484 -0.0722764460384367 -0.309037426817058 -0.0245160537875902
-0.0199018047301982 -0.106326551025484 -0.162210549616593 -0.123070029215437
0.0377480846474109 -0.107136723795491 -0.0326144389944804 -0.0987901189943005
0.1094708053126 -0.0782697430524882 -0.103386107746597 0.0499048793496175
0.220289365847155 -0.0622025586562572 -0.414556888298699 -0.0553412586331547
0.117984924674112 0.0684969415567397 0.450793099592063 -0.0583314135952791
0.104666959368988 -0.0279535476212354 0.165226085124139 -0.146054694705763
0.0243213167549543 -0.114798435718745 -0.016550834014967 0.0803564177258379
-0.0864157054552314 -0.0929054308113163 0.11384385209133 0.152743332864303
-0.0961955289903844 0.0280175052451022 0.304485956234793 0.0563019339650969
-0.0452673533923597 0.0699878783691389 0.378097746315859 -0.151746106800227
-0.00443823372924501 0.111477057686226 0.309486028521978 -0.327474994292547
-0.00724018352628109 0.113792299002254 0.243458368315238 -0.36121666585035
-0.0168333583625746 0.116013237732986 0.293626935997891 -0.334059956161795
-0.0661859919286025 0.0832662416899925 0.327343012795263 -0.178630042722594
-0.118954733404636 0.0195559481904686 0.259089014854038 0.00436632395642942
-0.0952427411730557 -0.108034559384956 0.112202016690624 -0.00536871936235283
0.0404137416875314 -0.111511917772236 0.135697119233022 -0.108636188616379
0.0856841058891202 0.00644773497784159 0.440023074881046 -0.166931452720119
0.049119090205937 0.0711339524487541 0.776762136683467 0.109890101960936
0.366717623131343 0.0200741896024268 0.358272412522208 -0.0497607116630542
0.285258517503836 -0.145539126866008 0.131578434658718 -0.118484612702481
0.0864889860068971 -0.315231333257781 -0.0187291989506234 0.0983382953665728
-0.180021743108969 -0.281335278614475 0.0917629203752264 0.171584035891747
-0.257570794472092 -0.0226008551715048 0.28270298818987 0.0683977280953505
-0.194851968580167 0.115036846893156 0.348181550936965 -0.110784388417023
-0.138578263868435 0.239770523653552 0.290272525598426 -0.281038543407632
-0.116984614289278 0.261793245612254 0.214322353063805 -0.295193619711111
-0.138027516827856 0.259081493814541 0.247585907025751 -0.276479424878599
-0.231811533398308 0.146672107596227 0.26861850211264 -0.131912284808998
-0.298454220065555 -0.00687139218289939 0.197518057220912 0.0140806152910529
-0.240532064632706 -0.299033841307511 0.0561687393025711 -0.0219509092519608
0.0649287126430727 -0.364888507922413 0.108098726825869 -0.133559623027029
0.298745421691969 -0.150374558012764 0.410416942276972 -0.221163622938483
0.361268195702622 0.0357658345699796 0.71542875777751 0.0180619743992018
0.577070928871036 -0.0260977581826349 0.197142140935484 -0.0562070720304009
0.44991174832306 -0.25826140047415 0.0560688260584332 -0.0754071641279681
0.142096627547821 -0.502486546692547 -0.0206119948816578 0.125375102952904
-0.264485625178396 -0.455260301098037 0.0736915861471274 0.178667393702087
-0.400865368795594 -0.0767803863514368 0.236083512956733 0.063939201856722
-0.326767656397741 0.141580006515561 0.270460403388058 -0.061961685996671
-0.257992971971924 0.331125335076823 0.226315415805271 -0.195966553412299
-0.208859048718668 0.371626433288875 0.153362847845241 -0.183405664360035
-0.23337113007478 0.365375972875908 0.166188240279682 -0.174093181553818
-0.357625525672601 0.199946042735749 0.17104964663209 -0.059992063627659
-0.437549858683034 -0.0156697852157968 0.100468831150705 0.0276620481375125
-0.375298226491992 -0.434897323843226 -0.0171619235176344 -0.0362788083597916
0.0506509909115541 -0.573114642275815 0.061483950274758 -0.148082155821019
0.450435161194912 -0.30496391250118 0.331275700523255 -0.243868663022693
0.614267612960692 -0.018804533654088 0.556683146073558 -0.0595790907498931
0.716039961258261 -0.0760900934559424 -0.0189384481428372 -0.072621607772258
0.563647113233481 -0.36105968502562 -0.0631187122497671 -0.0178118439949411
0.170916795392895 -0.649808970397445 -0.0282091814673029 0.156958874476537
-0.336823861580999 -0.578925182255449 0.0527662859269321 0.16989375009598
-0.503433335988821 -0.115969035779085 0.155550965428967 0.0450923681222512
-0.41830153121424 0.151802958343388 0.147383441006813 -0.00821960350645927
-0.341920971125505 0.37434418648866 0.123455137633417 -0.0830380979185544
-0.269291525494801 0.424059636795851 0.0689359537234609 -0.0444942987296407
-0.287715727624856 0.415151253662728 0.0642407403848961 -0.0427173459684569
-0.424830433413769 0.224219222709805 0.0498858768278229 0.0305316076126818
-0.510850567303625 -0.0179230604514211 -0.0178444248474324 0.0477919077676089
-0.458578867905814 -0.494267936918844 -0.0979128871479244 -0.0439340503654526
0.0205930891114958 -0.689383373493787 0.00501194069230869 -0.145392148163839
0.517079346407693 -0.412906431535652 0.218231727034482 -0.219241540122565
0.764893412357396 -0.0764438877279164 0.332534373916695 -0.107369117497474
0.752084630901948 -0.12264679079919 -0.264194270838078 -0.0909565255486842
0.591381612961804 -0.420485036972247 -0.21013434863318 0.0486504401631743
0.167559528977595 -0.704737226955148 -0.04626268116461 0.17828317465851
-0.36480723590456 -0.609076402315849 0.0178215604181719 0.139993258553217
-0.528006818518395 -0.131451419733452 0.0436268042343377 0.0210351275997604
-0.442245991542143 0.141073865858866 -0.00679175089706403 0.0480076988073744
-0.374434828289699 0.364513115860609 -0.00211427671044621 0.0426244898233273
-0.289103400646016 0.412968613106768 -0.0261513493356775 0.100127662503165
-0.301773478064164 0.400248339516023 -0.0409600907379113 0.0969991196349258
-0.42545388817996 0.206778724059791 -0.0755705530628019 0.121351094689805
-0.493138502973083 -0.029170555015307 -0.138148088941986 0.0667525294582719
-0.447302909359885 -0.478711663225859 -0.167426925383033 -0.0485203526702107
0.00572753319064566 -0.676514519037021 -0.0400789183099641 -0.130242287148915
0.503469237121616 -0.429418764896973 0.0983746865213006 -0.154626781139071
0.782611247644049 -0.110863218558457 0.0819808867467424 -0.116148878522085
0.668768087324201 -0.155991155857018 -0.497984269502293 -0.105471219298994
0.509316430758546 -0.40554314464458 -0.351619410448354 0.110913340527548
0.131483594984418 -0.624384292898641 -0.070137469046955 0.177681916580021
-0.319861904748739 -0.520153620288657 -0.0278933621404829 0.0918293497052295
-0.449980655372386 -0.118483955134904 -0.0795706818813412 -4.74962828161607E-05
-0.386241116636065 0.11026771123445 -0.161233954268306 0.100717158413531
-0.343791721787306 0.298384643135905 -0.128505209991619 0.163820384916831
-0.266962469743164 0.33794096249849 -0.117309103968089 0.229474078123016
-0.275429421591716 0.318913147328159 -0.138332733205202 0.218308730755562
-0.365035942330223 0.14686780121914 -0.187537283751837 0.188318478382354
-0.393395934488292 -0.0507006038292693 -0.235525791176462 0.0669944385809798
-0.337182021623585 -0.397129907115287 -0.205222194618904 -0.0625182153612966
0.0175169623833486 -0.544364306826181 -0.061557775176815 -0.113161371500092
0.41569654964176 -0.348869102425723 0.00216544204929017 -0.0718989628162121
0.677937581229497 -0.116086615473179 -0.147373565559725 -0.0991568624920845
0.474822260124748 -0.165117841766191 -0.675337757446209 -0.108605474115268
0.332251849799158 -0.313666048909039 -0.456915333059252 0.157609702863409
0.071391015322312 -0.421990659709498 -0.0922235469692228 0.159026967406879
-0.210804189160298 -0.331612027374229 -0.0677239038052897 0.0427296956965233
-0.285524833739716 -0.084917619107193 -0.181529406253259 -0.013246668975043
-0.261031996776407 0.0594071369492624 -0.284320130092001 0.13959224059374
-0.257006218665549 0.184431494981819 -0.231849418299047 0.260982008357237
-0.203089468021545 0.212603047980853 -0.190237755600992 0.323310664018111
-0.211560058181762 0.191420896204048 -0.217241104745118 0.301012982254349
-0.25797929293118 0.0645592809164995 -0.271570761922036 0.216303257443841
-0.242087836333307 -0.0704099443472896 -0.296233098249217 0.0409661208989362
-0.179285049158356 -0.267225971963527 -0.20449636342802 -0.0870633222613276
0.034922461615806 -0.337581489055496 -0.0574689329880031 -0.103041589938513
0.276185633588793 -0.218687047022764 -0.0626328944376714 0.00220814983417867
0.477659161919942 -0.101336049583495 -0.322336902010207 -0.0669802276951592
0.202047126939646 -0.145928937740144 -0.767080327384147 -0.100201859613662
0.101539727961098 -0.170516320560127 -0.508932498563464 0.191694305400662
-0.000950017041854533 -0.154839078176474 -0.104722746909372 0.139978386335323
-0.0719427583698662 -0.0953066543167522 -0.0862948162191782 0.00877362945119346
-0.07948437513933 -0.038238259216855 -0.238828664550179 -0.0163138261817626
-0.0959026066701724 -0.00490407390170263 -0.352516995703114 0.159646641016471
-0.12854129901832 0.0376056108518271 -0.295023778582506 0.320050655177664
-0.109061278253012 0.053327911539835 -0.234636707076921 0.368397630167995
-0.117541625934935 0.0388790304588975 -0.268287153624156 0.334809101883817
-0.119183552463699 -0.0175870832556556 -0.320880221373264 0.201460376259349
-0.0747706809051343 -0.0687268554470206 -0.314794580655453 -0.0037896001291079
-0.029706130866039 -0.1057544519473 -0.173031677359128 -0.113251242380643
0.0286531300355962 -0.112914862539395 -0.0395745926787607 -0.0967892361464137
0.105617372718704 -0.0872024346695224 -0.0999424204943136 0.0558288429532861
0.219109969157519 -0.0806072342182227 -0.427014743049152 -0.0280857365624655
0.119310623728603 0.0593608629454364 0.443713285898033 -0.0865935234834816
0.100214098767581 -0.0327606369199882 0.152034951558694 -0.154769088411419
0.0166758575405442 -0.1137466369316 -0.00988424612651926 0.0824411568071444
-0.0925962795953401 -0.0863214112316548 0.122661960128176 0.143031640276758
-0.0932621925642187 0.0334307108429723 0.301272356896624 0.0329677549861102
-0.0405892601762541 0.0722738001004363 0.358569585642176 -0.179473680485394
0.00345731404628495 0.109174791625739 0.277904748414306 -0.34351245107427
0.00243641526351613 0.111689463330286 0.213488428252203 -0.373315295295044
-0.00783548387871326 0.115002963007551 0.261378773382788 -0.34945405310477
-0.0588957884963652 0.0856895409884352 0.307671952650829 -0.199394423939227
-0.114791256914263 0.0278775228707897 0.256635363550462 -0.0154864254343255
-0.101213277201468 -0.098995829095888 0.110149203086911 -0.0134232752697696
0.0334732565886502 -0.111497132644006 0.126903019745239 -0.11751063082815
0.0851897172361648 0.00146279127517358 0.422555419603845 -0.194973436767836
0.05250273307558 0.0672816602719244 0.776133762280802 0.0560938974884022
0.361004461249658 -0.00491402866000713 0.353796059007416 -0.0720220396495317
0.268988884122729 -0.160594919514357 0.122731071711392 -0.125206176701122
0.0618128292450591 -0.316176851863607 -0.0103152707766454 0.100188964288721
-0.19956486336558 -0.264639670551013 0.102335828434537 0.163722729593899
-0.255441357352365 -0.00554192132082077 0.280013017762227 0.0473343397132999
-0.185223901806263 0.12789580736851 0.332428003623949 -0.136212911043003
-0.117934091419903 0.245360608322545 0.260256965860033 -0.295381717700233
-0.0927464813257971 0.267176420143282 0.18887476580935 -0.305347643151797
-0.116802880891004 0.265363143554566 0.220410096605892 -0.289208295588143
-0.217473353687706 0.161518165486917 0.253209409403188 -0.149223262109278
-0.295014308014533 0.0148217893983133 0.195980602696171 -0.000568895809172284
-0.260541855411858 -0.277062957534884 0.0535841313448495 -0.0248393556433183
0.0386547925358999 -0.364082682085599 0.098799617267979 -0.140056244492726
0.284704690833884 -0.168313672615534 0.39016821690932 -0.246841108494765
0.358594541749518 0.0090631131604654 0.705153892318318 -0.0289648016306957
0.56596164596946 -0.0647677770480517 0.195644210572275 -0.0670735748841142
0.423432234293824 -0.281373547492668 0.0526670234475577 -0.0782045795167649
0.103709099665545 -0.505405421382571 -0.010268392053844 0.12690278577956
-0.297442199880055 -0.428969242914395 0.0868265205215887 0.172040500068748
-0.401046146456641 -0.0485987258221479 0.233536097447734 0.0463460967774585
-0.313901977258036 0.164341120656685 0.261433680590313 -0.0816557600497254
-0.227736351911509 0.34443441962548 0.204195407435475 -0.205396033316238
-0.174740900918109 0.383401555979848 0.137921312731251 -0.190676877028927
-0.202071091928619 0.378373582678691 0.148915719185247 -0.181558159061771
-0.337563163472391 0.223571047869873 0.162614199124011 -0.0707293462321915
-0.433973873106718 0.0161151861339344 0.10073824618989 0.0204596423990589
-0.404540625965071 -0.400157292516341 -0.020352425672808 -0.0331489418873168
0.00889145817613681 -0.570262414332141 0.0530093489838325 -0.151187678722193
0.424773260987834 -0.33270391136477 0.310923708021881 -0.265828524361846
0.6039231780064 -0.0647886463588578 0.544234996637548 -0.0964381186155084
0.700067988054441 -0.121752839128723 -0.0191668671839107 -0.0698256248316668
0.531663246927557 -0.39120419469837 -0.0603116919133911 -0.0132020862676242
0.121829573767787 -0.654301381591994 -0.0162736528916499 0.159035787005812
-0.379710631456301 -0.546895963124157 0.0659049292853089 0.165202939949514
-0.504564109448877 -0.0800403281295067 0.152983044912488 0.0343428409526036
-0.402432735123652 0.181176011563953 0.146107929745339 -0.0192818467657306
-0.30636055274527 0.397163656544895 0.111339529183936 -0.0873180746198929
-0.229788307040308 0.442580333774622 0.0652793812793702 -0.0480387264601391
-0.251829786718256 0.431926271881093 0.0590931726234583 -0.0447804545995846
-0.402183910940611 0.253014139256984 0.0510925115398167 0.0262827830552265
-0.505751087106363 0.0193731357755923 -0.0150041607764208 0.049327444651471
-0.493939199249391 -0.453581698415969 -0.10089034392061 -0.0333096096828873
-0.030856672320016 -0.682535907494533 -0.00212672929913656 -0.144894974216838
0.482857283458569 -0.44257493065866 0.200540222276267 -0.233600460245507
0.746588978093257 -0.131464522477297 0.317225556006545 -0.12727498830071
0.733501342850154 -0.170528452335524 -0.263775378051458 -0.0723806860997158
0.555081883545487 -0.452711734780006 -0.20009627149438 0.0629359191187567
0.112535907674776 -0.707977313777079 -0.0316723805114968 0.181251314707038
-0.409890156353853 -0.575904871779611 0.0302978574003514 0.13801072637419
-0.52899212457239 -0.0946285721489748 0.0420493408168783 0.0190410908904682
-0.42790783896404 0.174279257119527 0.000452389655501569 0.0485929817462177
-0.339359925203442 0.389126475201171 -0.00292580933371198 0.0460524805128728
-0.249330213425362 0.432757602018799 -0.0171555353780617 0.100886364448018
-0.267982822494884 0.417132380841007 -0.0335119264057687 0.100029922885063
-0.404790561541469 0.236415195884511 -0.0645105773778404 0.124904659780064
-0.489931530678612 0.00801554191658685 -0.132730514709004 0.0772412750592831
-0.480782419929011 -0.437693602751913 -0.169202545124472 -0.0336829603611037
-0.0453265994499168 -0.668840086514027 -0.0459183061783447 -0.125910102829706
0.467517747721717 -0.457495339858031 0.0876767157641509 -0.161792518713547
0.762115991705531 -0.169029725929587 0.0693785419188435 -0.11879551355463
0.650172327864995 -0.197624416984908 -0.495073315194844 -0.070646636889337
0.477249115163076 -0.433710729678042 -0.336775684217086 0.134035563213443
0.0842283224669748 -0.629770117085585 -0.0561446375908571 0.18241074418391
-0.360142477749382 -0.491339690318783 -0.0175634528381163 0.0937481124208875
-0.452530687041446 -0.0861240574895069 -0.0799031984253554 0.00666524228585741
-0.374946365591176 0.137976858378329 -0.14768859058698 0.112020816199876
-0.314262301818133 0.32328424475071 -0.116961224671945 0.173711708384731
-0.234435512908075 0.357232815737913 -0.0974588816247196 0.234279939479693
-0.246750537310068 0.335869418649152 -0.119250676229498 0.22581573814504
-0.349896721341441 0.173795964289628 -0.169084368192289 0.198462654099747
-0.392862130492571 -0.0220648735593989 -0.229329324997094 0.0847951476478855
-0.364635737977212 -0.365572388714179 -0.207547099196767 -0.0448572650844104
-0.0237877712560207 -0.539001176343126 -0.0668826823850824 -0.10760157488931
0.385481388686817 -0.373331671104526 -0.00183236513280855 -0.0741545747354287
0.659054398208841 -0.165807702337267 -0.155475829568691 -0.0859836938829541
0.45837493387644 -0.195046238097996 -0.674175975313972 -0.0641128429913017
0.309326131842866 -0.333907348852737 -0.438442866137794 0.186809180644427
0.0400841571189935 -0.424629350364647 -0.0798521823243308 0.164418601704336
-0.236139697076355 -0.313607764214402 -0.0613350026419327 0.0468918314140474
-0.288171866332485 -0.0635575380176868 -0.179904255133228 0.000380203918980848
-0.254518359626713 0.0784121591555967 -0.265571575827781 0.159851704345925
-0.237022567453194 0.203206854656031 -0.210752551509091 0.275406335646441
-0.181532223999709 0.228023921137475 -0.163470977522432 0.331611171277596
-0.194148174361112 0.205193876652307 -0.190097106805505 0.311729998108206
-0.250003120120681 0.0848149763625268 -0.249868618131341 0.231437550163822
-0.245171826943965 -0.0520661872646526 -0.289395028752557 0.0628160765850801
-0.199360637505333 -0.249006515872008 -0.208538597088378 -0.0698585018508163
0.00730860829946578 -0.335547123660634 -0.0619192516806934 -0.0977133833117435
0.257199708325477 -0.23527754658609 -0.0608597665449811 0.00370515607668559
0.461958073679692 -0.136128377070553 -0.325591557050739 -0.0425598075091966
0.190551510051786 -0.157964407207581 -0.765134611716576 -0.0491888994284572
0.0909614783276976 -0.177480032973288 -0.488257702141302 0.224360104832391
-0.011945671528243 -0.154723876579717 -0.0929410270982665 0.145855434823119
-0.0791054828111684 -0.0891204282391304 -0.0824576969274241 0.0131022344993343
-0.0804925044066343 -0.0325051514598251 -0.23505377929828 0.000904392129481065
-0.0952972221280132 0.0019217810300145 -0.331800687889584 0.184393868637472
-0.12206915158938 0.0493489013407673 -0.266384017463708 0.337164742475922
-0.102517798097165 0.0630656280377018 -0.203842823910223 0.380019389941032
-0.113018421070643 0.0491321244767901 -0.236923377166572 0.348862646048035
-0.119050720232157 -0.00642023441671839 -0.299052202357214 0.220871043037448
-0.0801378468173263 -0.062348298655059 -0.311167382302073 0.0205867712825339
-0.0392729090322939 -0.100920312281387 -0.178736293982587 -0.098348473102865
0.0173531451386992 -0.113820789917716 -0.0457144493934036 -0.0919322836051531
0.0979808269870472 -0.0946988727910903 -0.0942664063283909 0.0603859043425949
0.210043257805115 -0.0977449828398565 -0.426137348645723 0.00270415607550554
0.116865079805492 0.0516339738648005 0.428485595912807 -0.103696944368196
0.0941394544365544 -0.0337464474363116 0.139668965960371 -0.156080418435731
0.00979157542226121 -0.110122103219411 -0.00339167521292508 0.0820791143542527
-0.0942728493729464 -0.0785376470218996 0.125433942131013 0.132683085650639
-0.0894673820222174 0.0359380045266937 0.290501459120543 0.016973304437482
-0.0367354793197352 0.0721606656945099 0.33362891726006 -0.193164071136358
0.00874333392021715 0.103532269619134 0.248327105222211 -0.345235084091605
0.00947829222292386 0.106980798014652 0.186877065364311 -0.369656354203725
-0.00137386348846301 0.110989194774416 0.231221651043885 -0.349568109266819
-0.0522201465543057 0.0839314293453119 0.283482679458757 -0.207779561181963
-0.10909106603941 0.0328573594559833 0.248117192013329 -0.0286514941009228
-0.102241749000612 -0.0901220763202819 0.105901191343359 -0.0182686550214317
0.0281215738958488 -0.109083388321684 0.11737259269333 -0.120192571158201
0.0825138292551598 -0.00201403741103836 0.399724148463308 -0.208407484744936
0.0529048077353026 0.0626651002471023 0.75331473114958 0.0184535670742996
0.346780564285609 -0.0217031724274311 0.34231979073267 -0.0850424537604045
0.251485687897964 -0.164145925135227 0.113565457149364 -0.126287343861755
0.0432922773554211 -0.307519459068071 -0.00296821819824242 0.0993286753189683
-0.208904322082958 -0.244305606202346 0.108116863913864 0.153638645931312
-0.247872462608824 0.00638291209931522 0.269877651062972 0.0322732495560047
-0.174022437792099 0.133863863895873 0.312085347620638 -0.149645160493767
-0.100022207977043 0.242589034466732 0.233961896817936 -0.295130900708392
-0.0724781710934388 0.26361529113786 0.16764531546559 -0.30331169384672
-0.0976836876276873 0.262363065215477 0.194428973078615 -0.288699019082726
-0.20205958075956 0.167452097349821 0.234801154461939 -0.155933698910965
-0.285392404713118 0.0292868498326333 0.189635057996673 -0.0107852255400129
-0.26732648624051 -0.252959724140239 0.0507114530767904 -0.0254748827354042
0.0194906397980583 -0.353693811335304 0.090292190149516 -0.141789957445654
0.268061431947748 -0.175792548817455 0.366185454361885 -0.257827586052043
0.345100958685799 -0.00953579535873408 0.68201085220957 -0.0599846682359663
0.542446309123678 -0.0878078967321941 0.19026361320072 -0.0733499421068014
0.395112060821706 -0.291167804192162 0.0494394431811776 -0.0777914292156521
0.0737067378385219 -0.493833029373821 -0.00150582303118381 0.125374387110229
-0.313390535427756 -0.398562536081746 0.0937642184584616 0.163361047329959
-0.390754080102289 -0.0281760324748892 0.224774156699728 0.0345628897635748
-0.295642448198931 0.177395270349518 0.24843620180674 -0.0936002198736859
-0.199745914200723 0.345769700043109 0.18320289938481 -0.204871303424927
-0.14413887369983 0.38125826777507 0.123413357741173 -0.19060549600039
-0.173755232656193 0.375769318502706 0.13179339149381 -0.180907425666903
-0.315438591153043 0.233489854337479 0.152417123825313 -0.0758867709624731
-0.420398969070444 0.037056514196254 0.0985625226590852 0.0151586050200866
-0.418026192066167 -0.364673425395611 -0.021172924401355 -0.0285884789984117
-0.0208647196090695 -0.552342881592146 0.0460308666983686 -0.150711676537311
0.394610311354828 -0.341209248355581 0.288014271619025 -0.272174583400269
0.579205760520402 -0.0938264687136948 0.519288851180115 -0.116635510950825
0.670054239847913 -0.150236718504735 -0.0177505038112233 -0.0658245730425068
0.495492214395288 -0.401628964924916 -0.0561843977424951 -0.0102915994674322
0.0836728073438849 -0.637519539195337 -0.00554752949681333 0.156643165948314
-0.399115089945982 -0.50838706092268 0.0739568662127099 0.157516524764591
-0.493381909887179 -0.0534314804405952 0.147266144822335 0.0276267366602386
-0.382024988858391 0.198650707163771 0.142319419805248 -0.0269930348923446
-0.272589537848045 0.400262631460616 0.100190828995751 -0.0848571958285688
-0.192712325649168 0.44097366078766 0.0615054156175803 -0.0493368112249587
-0.219620234094481 0.431078706608885 0.053546377767989 -0.0438461436295046
-0.375333684223378 0.267488939704715 0.0503446634258014 0.0235084689419823
-0.491010943534613 0.0439273661802046 -0.0125498074103324 0.0504541968101937
-0.505384000637971 -0.410606417172173 -0.0989112320729302 -0.0250130543992745
-0.0651251645115936 -0.658746048637017 -0.00641898404238531 -0.142099552319116
0.44760989200209 -0.449502272457986 0.182952390730183 -0.23924860950209
0.713289552909876 -0.166775995176507 0.299203081518015 -0.135620814710282
0.702513971221397 -0.19933396202138 -0.255271429249325 -0.0576799533491382
0.516186902423381 -0.465246327430596 -0.188114029153023 0.0699470385183475
0.0719163363739006 -0.692365468094501 -0.0201245031414297 0.179141276039116
-0.431016710314954 -0.535387612878202 0.0385457320198622 0.133160612111365
-0.518920422884575 -0.0657797464566926 0.0399135163288085 0.0186781046280769
-0.407160724448774 0.192567655818898 0.00657630350580649 0.0462787518995648
-0.303258789104358 0.395866946428807 -0.00257737563008143 0.0492931196248512
-0.213569828440875 0.434386987623185 -0.0104247643954797 0.0985059113031571
-0.234640371073714 0.42013178505685 -0.0274421830850162 0.0996937529666685
-0.377537667043113 0.251006452515337 -0.0557514175504329 0.123503999686031
-0.475289335907521 0.0316044222724898 -0.125133738200862 0.0834661293068315
-0.492411182915883 -0.396185326234205 -0.165637564898734 -0.0209917145975952
-0.0795873363685995 -0.646011430934695 -0.0483797364888181 -0.120760628753552
0.429273724194901 -0.463363319622013 0.0773879148637995 -0.16325787766482
0.725866727921384 -0.203059302089208 0.0587413518385957 -0.115813067764648
0.620162247497543 -0.221113275487021 -0.481421019420082 -0.0466153589824028
0.442685796318902 -0.444104541062476 -0.317279133287676 0.145258201876885
0.0479442842569585 -0.616339867357821 -0.0446157907032866 0.180790811033809
-0.376752447174566 -0.457644563863276 -0.0104530502198727 0.0921231311652154
-0.442918815849696 -0.0614841090416377 -0.077623072002176 0.0117587987567658
-0.357028164734658 0.154133148009852 -0.132224270131861 0.116309637004177
-0.282812654729834 0.33050350101536 -0.105413436568124 0.17806422245372
-0.20202638230719 0.361732808175572 -0.0815019125781027 0.230851983219291
-0.219244606073541 0.33849451558667 -0.102717828725175 0.224684679236882
-0.328966162176237 0.187688010662775 -0.151677235744824 0.200178571309196
-0.3831476148494 -0.00178611656977743 -0.217494762323684 0.0960232803644094
-0.37445857672229 -0.332138865706251 -0.203394851274366 -0.0310608729879536
-0.0524305776332832 -0.519366472794039 -0.0674184130570269 -0.102263934130374
0.356047957665837 -0.379029526984322 -0.00541070979014672 -0.0742821051099286
0.626266547577767 -0.195286287945284 -0.157283738260219 -0.0733251819805448
0.43511021864935 -0.209193996316439 -0.655418518836752 -0.031797818733048
0.28602970642117 -0.339852314804111 -0.414409116496264 0.201970899675983
0.0170687319519413 -0.41655782714162 -0.0690579661636826 0.164284885622373
-0.24801332033994 -0.290721812661352 -0.0548517392090749 0.0486466326935962
-0.282358886137661 -0.0479920190385481 -0.172966107408277 0.011265521873483
-0.243118593043969 0.0899175882134402 -0.243763789933039 0.168494564876249
-0.215222167295645 0.21179762139971 -0.189191010252039 0.279964392068751
-0.159788013294964 0.233357472148748 -0.140456196456145 0.327778011461861
-0.175491587424528 0.210157744455136 -0.164804751944907 0.309957615976412
-0.236555437885467 0.096578032497336 -0.228105481184996 0.235227957706658
-0.241665971815761 -0.0375481986578548 -0.276568921936197 0.0779948098493076
-0.209127764222432 -0.227813806215344 -0.204301583964481 -0.0548439645053303
-0.0125737562926348 -0.324056195993156 -0.0637225667619115 -0.0917313108466539
0.237392812934262 -0.240198378850062 -0.0583249090047132 0.00445217596839152
0.438061965725515 -0.158063530038079 -0.320014342311034 -0.0242912941896409
0.178224281109047 -0.161781072938404 -0.744944765843855 -0.0146617627609281
0.0819599581027823 -0.178021606746636 -0.461642715508345 0.238939528888962
-0.0190103418951511 -0.151988210856082 -0.0833087896370783 0.14623823797077
-0.0826704053931892 -0.0827466699770873 -0.0781096211172266 0.0164263172249803
-0.0794205391982682 -0.0281303489392152 -0.225782224340338 0.0128141077377467
-0.0921359799185377 0.00696403596417422 -0.307045865228847 0.196458831615337
-0.113301261338938 0.0554501417561058 -0.239335428759963 0.340025417333763
-0.0938391284764776 0.0690458425424928 -0.176919267001034 0.375590531755319
-0.106471976179478 0.0545540964753999 -0.208706298984286 0.346718650052495
-0.115203780787202 0.00190589832808203 -0.275120074379976 0.226883106097591
-0.0823097536884738 -0.0555927187834026 -0.29973044707129 0.0370162834539644
-0.0450886317314547 -0.0939226986345798 -0.17812577056152 -0.0848539677322258
0.00793942998734973 -0.110847005968978 -0.0476957290633248 -0.0863589220058724
0.0896390902995289 -0.0975110554448927 -0.0875160751762068 0.0610374964948034
0.19704314744412 -0.106698399387757 -0.413832786064402 0.0240426903188708
0.112488945167499 0.0469740010056663 0.417081030939581 -0.109509205101632
0.0898323559902059 -0.0319690425292523 0.132756431551994 -0.154105295254263
0.00651958466565074 -0.106214393087063 0.0017243360122835 0.080962638595039
-0.0943893032213692 -0.0745752109148574 0.125790032024198 0.1255020387971
-0.0864931026202523 0.0369459160599837 0.28102844952932 0.00968263467935515
-0.0350779467265786 0.0714318914795537 0.316069833418352 -0.196180629974245
0.0103791746324694 0.0987964767359111 0.230228132490593 -0.339998918112841
0.0127910724181418 0.1028714932268 0.17143054421372 -0.362204103723095
0.0020647485436226 0.106621489556822 0.212275863505251 -0.343339495307132
-0.0489549112616576 0.0819483194295304 0.2693190673318 -0.208114063749645
-0.10475984479266 0.034091183500883 0.241100238076498 -0.0350499838972423
-0.100353581281109 -0.0846671139429082 0.102092326033972 -0.0203602832222817
0.0260467734143085 -0.106256627922664 0.111093615213132 -0.120039168592384
0.0803205061452936 -0.00282753390942621 0.383610039174192 -0.210885060348235
0.0522401170875979 0.0594169762881238 0.732102402511213 0.00129313264359605
0.335070876601577 -0.0275726898608634 0.335716477531406 -0.0889324021548103
0.239706691829268 -0.162447425711584 0.10878442764873 -0.125043485765603
0.0332231797128582 -0.299152515808133 0.00246851136523236 0.0977381694607475
-0.211481576475828 -0.232655685249766 0.109842876191305 0.147699265212887
-0.242108690141891 0.0114683087662507 0.261380326651991 0.0271296239116708
-0.166620189089459 0.136324100191417 0.298216990251515 -0.15432408376649
-0.0897064749203625 0.238023353423579 0.218048779775721 -0.289702575033419
-0.0604938760218743 0.258795410197132 0.155201285160708 -0.297184522568847
-0.0871337130586844 0.257440199483901 0.178994935136899 -0.282045690820368
-0.191889409910538 0.166856683494475 0.223246593317421 -0.156631275984897
-0.27678518588911 0.0358837022587407 0.184640925383116 -0.0154429079489468
-0.268095019891941 -0.238514229783667 0.048835045932885 -0.025446331337743
0.0110421903455664 -0.344875672557066 0.0858072746032889 -0.141317408791097
0.256825079788697 -0.176750029981268 0.350113048399442 -0.259158224404555
0.334503282109613 -0.0178052133605005 0.662980709839312 -0.072195830136653
0.524148900649464 -0.0961735199053497 0.187380209125092 -0.074800893747189
0.377505585631404 -0.289180992339099 0.047925344644995 -0.0769404125915868
0.0565184428525569 -0.481026654700236 0.00474414776181842 0.123729227639479
-0.318743512821983 -0.378101958548766 0.0978113558520157 0.157478134127838
-0.382517800731504 -0.0193990835694545 0.217787805569366 0.0311070680015382
-0.284274501867985 0.181371341166397 0.23907558210572 -0.0983625772591527
-0.182957658622533 0.341131767771865 0.17140397395198 -0.199029521043033
-0.125376203507076 0.375586208374695 0.115465534644934 -0.187127931522315
-0.157222681612724 0.370491517918017 0.121441965730871 -0.176676556109354
-0.300307110668443 0.235297197445022 0.145239541922082 -0.0767583023900638
-0.407793555448669 0.0472736328991987 0.0967235407358026 0.0129074662341526
-0.417358311361051 -0.342110744281122 -0.0206181882946665 -0.0255362302128328
-0.0345248818407506 -0.537267967977932 0.0431376764739556 -0.149515813755214
0.377486967009471 -0.339531591999469 0.274372291048759 -0.272468630151122
0.558729583527701 -0.106053940457683 0.503424067006335 -0.121505412684851
0.647524303531721 -0.160605028696394 -0.0148358963772498 -0.0633957770623986
0.470967876768052 -0.400508313245599 -0.0521114769552846 -0.00920998769940792
0.0621699159374352 -0.623855143165594 0.00107438407208674 0.154031090791482
-0.406879619942137 -0.481960433303482 0.0790129977077621 0.152683738331889
-0.483578568252877 -0.0400174754134424 0.143723445814767 0.0264729552990139
-0.366887080428668 0.204705792619307 0.139582366861061 -0.0310741643315382
-0.250804030951667 0.397017746792769 0.0940248886303947 -0.0801750960439234
-0.168859306095505 0.435519704243477 0.0587682753035776 -0.049108921389807
-0.200302473816892 0.425257002783693 0.0498304326886573 -0.0414775328097509
-0.357975793388124 0.26952927158626 0.0493494295457125 0.0221828391077088
-0.477883368369326 0.0559497051791816 -0.0101958048479391 0.050968823188
-0.504895734363609 -0.383882516617456 -0.0961394761234503 -0.0198281215343723
-0.0802134674959981 -0.641108271090073 -0.00802657182580137 -0.140508707585233
0.426391593959236 -0.447630936039482 0.172091094555862 -0.237455555216687
0.688222089792391 -0.179410872239333 0.286707155345133 -0.136499770636825
0.678360228590168 -0.209105735398669 -0.246916937683178 -0.0507450815749651
0.495642915981737 -0.463869628345898 -0.179428455127643 0.0713489464767925
0.0513473821173062 -0.679312574267163 -0.0138382266468215 0.177210993139159
-0.438304935693443 -0.508400746082807 0.0440289973170284 0.130089953510012
-0.508036321544415 -0.0509670374509497 0.0398764051624513 0.0204400285355617
-0.390690687657879 0.199946990732632 0.011021023518913 0.0435920546035473
-0.281545215044319 0.39364719644541 -0.00206567728459839 0.0528088952896972
-0.188695069220273 0.431008402492462 -0.00708044073954413 0.0960202849115867
-0.214986795338417 0.413352760064476 -0.0242655011433672 0.0988892403186473
-0.360629981398597 0.253857051775139 -0.0508875522884166 0.121844521153591
-0.463823640610334 0.0434717257597485 -0.118685833352778 0.0865987946204388
-0.493293149912326 -0.369755010850547 -0.160380419251117 -0.0138220999446886
-0.0959931942343934 -0.625724171781557 -0.047342049075002 -0.118598293783167
0.406877698809873 -0.461051438616323 0.0709807222366812 -0.163362002764146
0.698301642463862 -0.216592838540159 0.0527125323971726 -0.111610748812499
0.597859363592725 -0.228334630956114 -0.468551538647337 -0.0350377364039945
0.424098275294421 -0.444138437226249 -0.304181425544871 0.147789941702679
0.030863642063632 -0.603062649556097 -0.0382730931933166 0.179201787585716
-0.383824832301193 -0.434499742535545 -0.00462525399778336 0.0912315222030733
-0.433991144148181 -0.0500717627769962 -0.0734640986514125 0.0159616937710612
-0.342804680532287 0.161696293156953 -0.121148632542489 0.114822546576542
-0.262339319048896 0.330701972091927 -0.0981233114575564 0.17942721196413
-0.181400019808856 0.358410208112728 -0.0729758685457322 0.225602412466064
-0.202795255449156 0.336606488218806 -0.0926610190880199 0.2206452818694
-0.313494425694399 0.191967505446412 -0.14132850708412 0.197513637043744
-0.37477438396614 0.00906901313937012 -0.209217568401162 0.10108937155625
-0.378150301238024 -0.309947021402449 -0.19803809827651 -0.0225233651806173
-0.0667121939003535 -0.502956353912782 -0.0665386575878075 -0.0998927568840514
0.33699394915752 -0.3769551861997 -0.00719738711353269 -0.0744998903224702
0.600379832876454 -0.208237849020671 -0.157714862446301 -0.0658692387236378
0.420395152117695 -0.213951517794269 -0.638740935630127 -0.0181864247652031
0.273403718785294 -0.33998758320175 -0.398108208194233 0.205086173486306
0.00597717867463017 -0.408839901222205 -0.0630841125873725 0.163451991521986
-0.252200435123937 -0.276916101098277 -0.0496311086138925 0.0492918693768498
-0.276782762977284 -0.0408228025336603 -0.167086526772231 0.0151127170159747
-0.233982713131007 0.0943701719834891 -0.228754124275738 0.169840945160869
-0.200656786198184 0.21309041851039 -0.176731513766017 0.278745337630453
-0.144989224013467 0.233293345010957 -0.127735160323669 0.32107881315861
-0.163429380331314 0.210990674564837 -0.151483152613976 0.305003629583177
-0.225957544367172 0.101106981188429 -0.213694133198864 0.232596619328411
-0.23756926270078 -0.0299801440927783 -0.266431861560959 0.0852200139179565
-0.211343272622819 -0.213598996500238 -0.200197993527239 -0.0460888458491707
-0.023026581908966 -0.314451857655481 -0.0633470263914547 -0.0889197936902302
0.224783893552694 -0.2395812681602 -0.0563245450278578 0.00283537633242486
0.420688716929517 -0.165198581914409 -0.314595182097595 -0.0146963224678887
0.171421607761841 -0.161280966774989 -0.726968072720225 0.000538346210413576
0.0776009395206657 -0.177497950855085 -0.444022443147542 0.243585366537103
-0.0216433280496027 -0.149804466734545 -0.0784732719564203 0.145173305060526
-0.0837812352002716 -0.0786083170848386 -0.0740122616234728 0.017530202485939
-0.077758920069588 -0.0264886782287966 -0.217925253495565 0.017758484813062
-0.0892222091241187 0.00872983786950928 -0.289734106738741 0.198399955052501
-0.10692285404876 0.0586746899855303 -0.223781684469149 0.337093690379364
-0.0872460309556801 0.0713676434955712 -0.162359850967722 0.368637316401588
-0.100974461076612 0.0577239281418337 -0.191670063614994 0.340154720808178
-0.111274247736514 0.00683909693478511 -0.259876720748546 0.22611846744033
-0.083052353330592 -0.0509501810757705 -0.289274988108882 0.0457391610907577
-0.0481623332386918 -0.0887603729297447 -0.175046865794591 -0.0765929309913529
0.00244297216882829 -0.107297229016192 -0.0486757103533588 -0.0831694112902081
0.0846198930166192 -0.098178897937366 -0.0829678669836276 0.0590461184615708
0.187449948609354 -0.110247610239397 -0.404362803535426 0.0338985265031774
0.114053818386476 0.0235321015281538 0.406808687559664 -0.188881879891727
0.077408336881018 -0.0465831995827387 0.108167063222122 -0.178065192007498
-0.0150798387186109 -0.0988453432210735 0.0277756789710171 0.0747442013103322
-0.103133998275038 -0.049555511119103 0.152926353388465 0.0908381048497224
-0.073757953047848 0.0491301367754348 0.273150570050017 -0.0486852302095108
-0.0224140065245376 0.0716805766439669 0.266506949692827 -0.254272259160147
0.0295431910537177 0.0870029401514403 0.153378281353794 -0.37279883712897
0.0312117119218884 0.0931492618878812 0.095964549619769 -0.386182359035691
0.0234597449181484 0.0972085136096295 0.140175788847599 -0.383976765008742
-0.0290585764440374 0.0852646452207753 0.224385634905163 -0.265867468057265
-0.0889237980628572 0.0513415877269544 0.23273197384734 -0.0893948295050043
-0.109707408611292 -0.0606621963799395 0.10045218018037 -0.0438948650578989
0.00686010344425901 -0.105769509359965 0.0906876024050787 -0.142569155157533
0.0836530664735879 -0.0157458685823477 0.334262517107261 -0.291280813336274
0.0712454895985537 0.052814201811997 0.732265691151379 -0.143214444556517
0.308532851346381 -0.0886138948734331 0.340804038960231 -0.145908214815936
0.193702076478791 -0.199933244485312 0.0998232211067938 -0.143046018535215
-0.0301228168289934 -0.286086431921207 0.0464027899644313 0.0840704074510459
-0.247674333235903 -0.171586996357756 0.149998072158741 0.10152528935669
-0.226549776785169 0.0561624152121237 0.251882701933038 -0.0356278665384111
-0.134664334168764 0.159841035498483 0.250621295243026 -0.213897310955902
-0.0347213114889783 0.240322299792106 0.138082069928809 -0.3239895449008
-0.00852835360585871 0.256049424141884 0.0919279645947967 -0.320243137702367
-0.0326049204077999 0.258621126125695 0.121217214084614 -0.317781108150515
-0.151388089891046 0.195404684843937 0.190731209968143 -0.208413490082668
-0.252657829420017 0.0849931856628295 0.181138473987389 -0.0593163446858362
-0.301357430214726 -0.175082366464356 0.0514325836749786 -0.0388618823126769
-0.0545102974976011 -0.330558956811658 0.0713816799322833 -0.156870084527351
0.220289391725424 -0.221435015988201 0.287394541463982 -0.320207249813289
0.330202109654892 -0.081746825852057 0.631728770198727 -0.191500929655006
0.474737535568874 -0.187870843492035 0.206086611406346 -0.0958093426475712
0.298844024753971 -0.348034105992004 0.0579858872267456 -0.0809034323713891
-0.0454484101104589 -0.462556404100125 0.066631504334133 0.101769631490991
-0.380995944110581 -0.284212474549045 0.148323440286954 0.101173422664278
-0.367224842718008 0.0565450541645713 0.205678412747904 -0.031028442789516
-0.237824863478793 0.22703985266133 0.199034413164055 -0.151743731777727
-0.0985383916833177 0.359052492688103 0.100548264047336 -0.230485325586428
-0.0467326287817986 0.380900216567493 0.0743419739335148 -0.20501276078432
-0.0781354643234096 0.381411540687161 0.0873856707078811 -0.202336980390941
-0.24265185319273 0.283262879148348 0.130618231836205 -0.116082508872136
-0.376716851164563 0.120410814705626 0.0995694204601997 -0.0141448471182924
-0.465123008417729 -0.24522893531353 -0.0140840452882486 -0.0261959119483371
-0.134595826411207 -0.503244751550865 0.0363887204544169 -0.157134094605202
0.302490800806649 -0.405478614956077 0.208072056054382 -0.306676462830524
0.529427070977318 -0.215342693863085 0.455711635816159 -0.196854447070828
0.579432644016104 -0.271156890558678 0.0110874593208618 -0.0405907899973616
0.367864656109143 -0.474329784684455 -0.0223457653241917 0.00768481205664812
-0.0704571029134516 -0.599727479668067 0.0784668730937108 0.127694549223053
-0.487288806379863 -0.364536954735197 0.13478423488175 0.0905313175441056
-0.468647010700839 0.0567917861388479 0.128190552393553 -0.02695997467632
-0.312035828339176 0.267302699369277 0.110513866290543 -0.0700984175791578
-0.149518168123526 0.429017608949418 0.0417598952965454 -0.102682705746264
-0.0782049441464695 0.448752844211415 0.0458727238605567 -0.0595355538565352
-0.108746070298433 0.443486376811192 0.0448084638051081 -0.0556483126807892
-0.292017576646712 0.327919321206499 0.0567587457691627 0.00112994680906583
-0.442290026819543 0.140573753225727 0.000830673118288384 0.0464294686539182
-0.560622073297558 -0.268484756370998 -0.0855693239131406 -0.00438871175669381
-0.200473977369129 -0.593301703629823 -0.00784190117027826 -0.137877318566897
0.326237139915556 -0.520385667362769 0.114215091850789 -0.244145222423084
0.635737635986788 -0.315981930947314 0.231715080209375 -0.159002577486008
0.597459644880087 -0.322708522489884 -0.219176531053463 0.018170400116048
0.377484187306268 -0.539434004459227 -0.132023160640678 0.112831697438629
-0.0915124753174594 -0.651210936916597 0.0709442086972375 0.150221554309312
-0.525401241428301 -0.38032227088733 0.0970034108830821 0.0710092905037677
-0.4950647617932 0.0525587585948865 0.0236348169658232 -0.0143804491022124
-0.333846621151794 0.268603534569237 -0.000522636937020381 0.0274458404116147
-0.177860739738037 0.433955402895188 -0.0270953751912648 0.0432506139869188
-0.0962469763866255 0.448632319486915 0.00980801409657885 0.0948081089937502
-0.124902895475664 0.436844723488325 0.000437072048285101 0.0979582708423618
-0.298599550623006 0.314633935224025 -0.0221903104869442 0.121698165021715
-0.431901456204634 0.127904641965668 -0.0991701168950495 0.105244803151937
-0.545909561683895 -0.256306368977961 -0.148898546019912 0.0149717694718001
-0.213424009381402 -0.575835038187599 -0.0438507926060104 -0.108906910722105
0.303530068841484 -0.530298788506151 0.0300014055235591 -0.146915244759049
0.636338184817804 -0.354176144664122 0.00268612137712494 -0.0862312918686905
0.519973447796309 -0.326301152744139 -0.444617605532541 0.0751256021120029
0.314848231653509 -0.505879040586833 -0.245968061708781 0.212879832626061
-0.0965395596948678 -0.577383789817887 0.0403107555733311 0.160087439379491
-0.459028684360305 -0.324406281105032 0.0367944679118632 0.0481670262831644
-0.426190805217994 0.0395621472004017 -0.0860477385421685 0.0071143175493043
-0.296408149146914 0.224154674949179 -0.11374744587235 0.124842962542403
-0.173508343267013 0.371954501199668 -0.0922455582553757 0.185360892525034
-0.102688771721244 0.379011803936238 -0.0286052702667058 0.233950485470854
-0.127496660921592 0.361588923278441 -0.0440003010292502 0.233014121150826
-0.265965618167193 0.246160741280557 -0.0971087435805935 0.217633400588861
-0.356307708156825 0.0785025133595182 -0.185226765268863 0.140724015494318
-0.424016005551138 -0.222409089615457 -0.190445582591273 0.0165242587093703
-0.164023461655139 -0.464153746551991 -0.0640394947098013 -0.0853006065690452
0.24952533287819 -0.434739472231694 -0.0276119718483432 -0.0479537095772696
0.539727019379283 -0.325808050476228 -0.193949494170153 -0.00239491561970519
0.354690156174135 -0.279039872617256 -0.623326310824597 0.121005686698119
0.194006489684594 -0.377394837533881 -0.339009692740051 0.286421611672516
-0.0793319758868171 -0.388586047966339 -0.00261318191583748 0.157250089461131
-0.300312184621738 -0.204820427974061 -0.0242600128373108 0.0304415892648269
-0.274730135456915 0.0178266591831562 -0.172112026952321 0.0325245548964277
-0.203640488456181 0.139749112647907 -0.20291936661007 0.202960863519327
-0.140069752753108 0.248605019466075 -0.140248586916659 0.298324653997108
-0.0921234559824242 0.252283390924535 -0.0629528611456296 0.338040517225026
-0.11521845826207 0.235411805583421 -0.085312926948855 0.328528904729492
-0.200105642132878 0.143087735601585 -0.161390582645679 0.271364472424025
-0.233820234696221 0.0167010066792888 -0.245494796716289 0.139270189878956
-0.245953731125628 -0.162819148154405 -0.201831377295255 -0.00463952577645977
-0.084982934506071 -0.292782548830979 -0.0677811797679787 -0.0745183304313039
0.167476904339671 -0.279761588003529 -0.0587792756569767 0.030737530516785
0.369639126776813 -0.249530010329999 -0.334441627931566 0.0722321600902892
0.129672417060309 -0.183897978292603 -0.723097924982236 0.14728789034704
0.0404911369545412 -0.183731319389776 -0.390844805000856 0.330881827620988
-0.0515435184137193 -0.138599506740173 -0.0406106880059923 0.15243605891851
-0.0977280050545153 -0.0553132752599833 -0.0652574643398356 0.0221132798318676
-0.0811326868281544 -0.00837183967880854 -0.213972306219093 0.0552419984949948
-0.0821941600614826 0.0292205197192119 -0.249233957583246 0.248465742694101
-0.0863599425119818 0.0826827966971422 -0.161631793410175 0.365970009265404
-0.0682172532780485 0.0871166676301652 -0.0873827144504323 0.391785620523626
-0.0850342890458445 0.0784906812042316 -0.119730571341392 0.373172297765537
-0.107386682278704 0.0300219755123986 -0.210374803640932 0.278154589526755
-0.0920451004408729 -0.0322500369790982 -0.276980623237925 0.107468392849158
-0.0653192374699643 -0.0759679016215969 -0.18797761685071 -0.0380355149698434
-0.0199498297661824 -0.10278364047441 -0.0617150705503531 -0.0718582173924521
0.0591492943656575 -0.114388078932374 -0.0711109617496385 0.0818910195795739
0.15421081557301 -0.148143296376477 -0.40577807746968 0.12738816288809
0.114462315940114 0.0218086962947527 0.413036116265405 -0.202014134239861
0.0781799305665799 -0.0458620011066055 0.107223113446598 -0.182980343869618
-0.0171527447859833 -0.0974627268357561 0.0328988725635283 0.0739400961026693
-0.106431883422157 -0.0473219563412955 0.15727771547448 0.0880139962298805
-0.0741041017829792 0.0522623432117672 0.275958360478996 -0.0545416496765628
-0.0214565503473615 0.074955970056372 0.262640330483517 -0.264618582111948
0.0312757335250902 0.0870336796212447 0.144999597458447 -0.381476770306656
0.0339819885260909 0.0931555942067046 0.0890502378300355 -0.394202310960608
0.0260063491632485 0.0979593596405384 0.131904214477846 -0.39134075060025
-0.0280091726243114 0.0868550387269754 0.220127742942554 -0.274990779611956
-0.0890047616569463 0.0543536820169115 0.234378617826261 -0.0978748897693775
-0.112495480764752 -0.0592107014665003 0.100707993294306 -0.047517756273109
0.00544962760299277 -0.108036515323471 0.0891894266231276 -0.147614089466084
0.0851668133790083 -0.0173606619116229 0.333321851487147 -0.303121809588378
0.0724598043774409 0.0520861070634051 0.743993991151873 -0.162982223156554
0.309799869717579 -0.0957451361642759 0.348258281041829 -0.156346449470493
0.192252386755356 -0.203975738413098 0.0995921117524552 -0.14709372642442
-0.0376008501050473 -0.287796483972054 0.0529067299640368 0.0827777454085635
-0.257900500296061 -0.166343412038017 0.156973152184879 0.0989369528282262
-0.230847254006287 0.063490396682781 0.256354976263508 -0.0416551267111638
-0.132632188584322 0.167749794337074 0.248113199858645 -0.224274955661615
-0.0281022404612413 0.244913920293598 0.132410399682275 -0.330277427991974
0.00100469206735292 0.260179206847858 0.0862836595551381 -0.326947962679659
-0.0254683669897501 0.263906737821085 0.114727030630417 -0.323136718470712
-0.149711228396991 0.202867416136417 0.188206046857811 -0.215960224865776
-0.255459357057393 0.0934069847878358 0.183419394192473 -0.0659621452749984
-0.311329843753557 -0.169159089443595 0.0518392695244162 -0.0413564206218963
-0.0638367866780261 -0.334958583804247 0.0700609727483348 -0.163351970415737
0.220199986810615 -0.229753371653129 0.285033248985257 -0.332645384333179
0.332289636743832 -0.0912978211944107 0.641670561055306 -0.206393806674134
0.477166173932385 -0.200281478576875 0.21175506081854 -0.102631692956315
0.296044135190241 -0.357197929751377 0.0589453890858306 -0.0842103752812972
-0.0592030831710326 -0.467097004269135 0.0747850262184618 0.101537439352898
-0.397912981989178 -0.278097411991356 0.1570162352797 0.0983740876063282
-0.373666882284865 0.0665924134660066 0.211209820297617 -0.0356635469247044
-0.235322394501826 0.238748820614882 0.197795996452242 -0.161560846376814
-0.0888176375114788 0.366956161380367 0.097160779612084 -0.232971357225274
-0.0332295134655049 0.387703497485337 0.0719925723119784 -0.209751752397745
-0.0669761897945172 0.389483491887547 0.0839232285725781 -0.205333616313233
-0.240409828645208 0.294720350504096 0.130398479977661 -0.119734019813123
-0.381085094178275 0.132893800958722 0.101992283672374 -0.0166202809512196
-0.482365197134837 -0.236170241401974 -0.0129176809257214 -0.0259786086937453
-0.150894792472089 -0.509267369584187 0.03357785671401 -0.16282007742353
0.299938772881093 -0.418271027557756 0.205714254073186 -0.317402250787964
0.52992763757262 -0.232495414565664 0.460153039985147 -0.207963226099186
0.581811581112953 -0.287508703359797 0.014047736448134 -0.0422328374318192
0.363614530453864 -0.49042746530086 -0.0213220988598407 0.00803955683893182
-0.0892645525311494 -0.607921933974248 0.0879658918460914 0.127810314792862
-0.50951717278071 -0.354829227241241 0.143935748483992 0.0872260475893805
-0.478288014835321 0.0703226933967921 0.133173605387876 -0.0300234082913975
-0.310042915769863 0.28136486577409 0.111775883677189 -0.0776855450320884
-0.139056820312811 0.439086799729046 0.041674075696978 -0.100922777514023
-0.0613938028967599 0.456179556234615 0.0457610776636579 -0.0604810694186202
-0.0951499491641839 0.45459015803491 0.0446650431774872 -0.0553063522717929
-0.289816951792277 0.342208547823327 0.058157534602943 0.000987694105569325
-0.448008220474957 0.155461865289203 0.00356016049216469 0.0477485091871881
-0.578351118352911 -0.255929369105771 -0.0849528116083528 -0.00243103354162763
-0.221849382220841 -0.597720943010777 -0.0103995138521311 -0.143057531619334
0.320415604771888 -0.536866269233402 0.110797470585362 -0.252493245550986
0.63629010002119 -0.336834998248628 0.232686990133632 -0.165251903482239
0.60208619836292 -0.339849981178716 -0.220295337350833 0.0223376066773575
0.371918067430798 -0.557981341823831 -0.130496803985 0.117993328487155
-0.113223516177446 -0.66089911034042 0.0803566282529211 0.152417333739727
-0.547923391072508 -0.371298628351237 0.105118507331115 0.0683550841318412
-0.507040643737187 0.0659404661422936 0.0280020593854101 -0.0157203658726551
-0.331969657139846 0.283388953079265 0.00155407726089979 0.024123252947266
-0.166467532310668 0.44525184209458 -0.0241728029743789 0.0494765042038368
-0.0797851176308951 0.457392680928045 0.0125210117849245 0.0966864900976452
-0.11320877922149 0.449101803641284 0.00343577718003788 0.101016712013706
-0.296173378162786 0.328114167764833 -0.018969693648391 0.125018279930622
-0.438437445577675 0.142770298626416 -0.0963997566081263 0.111779835621978
-0.564082851533323 -0.242420145402496 -0.149194991427208 0.0201047648117973
-0.234888108669038 -0.579546738017036 -0.0463301816277164 -0.112235763463563
0.297425735437443 -0.546942554156665 0.0262518719406825 -0.153079174321555
0.634316066334419 -0.375666803432254 -0.000457980064458063 -0.0845839282178794
0.523285047262243 -0.342273632214176 -0.449769825918218 0.0841755119671609
0.309046394501707 -0.525563847061202 -0.24503305387789 0.222853313349613
-0.11523760768687 -0.587583553592595 0.0484724265242024 0.163436935200937
-0.479954416607306 -0.3167704421332 0.043148279170827 0.0468159812984248
-0.436102391232069 0.0518331087998759 -0.0840016738108984 0.00881757109357691
-0.295677753052455 0.236525865932924 -0.109953943152213 0.126281969190627
-0.161944494649154 0.382781554832137 -0.0871606276437663 0.194535004681981
-0.0880744375628826 0.388253259912796 -0.0231291575769838 0.239430185546335
-0.117181561082774 0.372075213820978 -0.0377261700282126 0.238021539466891
-0.264288441417046 0.257787272046623 -0.0919842823647953 0.22470474860125
-0.361454358510447 0.0899451096844312 -0.183368505829145 0.150092636806683
-0.438443357804325 -0.211066467818486 -0.190679705410062 0.0229101981953812
-0.180028553507367 -0.467142514811341 -0.0671288370245993 -0.0877714127335026
0.2437616667276 -0.448213223235762 -0.030200687701563 -0.0508460734164339
0.537015743975203 -0.345433134161354 -0.200330781178003 0.00518961406939582
0.356874717668535 -0.292125363682089 -0.632766012174367 0.136399340304583
0.188708527486181 -0.391795606073972 -0.337859353096038 0.300099867575649
-0.0932824223419162 -0.397519384593323 0.00309904278194522 0.161620585982738
-0.313819046798154 -0.200163598088764 -0.0207920785510543 0.0304596944660793
-0.281731410117236 0.0249052024155332 -0.17155176309167 0.0365157139064293
-0.204450621881263 0.147511031052716 -0.197965515745755 0.2086744945378
-0.132565233648345 0.25663764362768 -0.133524907373014 0.309138087685117
-0.0824002712381522 0.259436159060356 -0.0558240109639223 0.345462709277504
-0.108941245224685 0.243317088327543 -0.0778686919420175 0.33482062957575
-0.198983564341127 0.151312360809385 -0.157038176876718 0.279891121675977
-0.238399919188777 0.0239975454840691 -0.244707231646748 0.149933918533017
-0.255754741222944 -0.156304218071643 -0.203969180876102 0.00196947442131321
-0.0971987737404957 -0.294583827320626 -0.0703512448328589 -0.075697776152496
0.162511433522895 -0.288409914479452 -0.0602008491940387 0.0299705533874072
0.366491542621179 -0.263116721802057 -0.341818525280596 0.0842042366653096
0.12830026683215 -0.190194053959007 -0.735173101136792 0.166029539212695
0.0370131282853126 -0.19122797250141 -0.391000066930176 0.347401962578646
-0.0576913242257436 -0.143591108984018 -0.0368274570493639 0.157604052414354
-0.102576157023363 -0.0538387365686683 -0.0641733267418624 0.0231447559340197
-0.0841281341347307 -0.00723041503199626 -0.215336604336096 0.0592206409296942
-0.0835506374969701 0.0310117917680514 -0.244417453776333 0.256821993012352
-0.0830726555897197 0.0862266311245382 -0.153435094926866 0.377967146196756
-0.0644789272333969 0.0909960821115041 -0.0802599751568201 0.399314907963105
-0.083210260596402 0.0834030041137038 -0.111593184300841 0.381203119843163
-0.107737420967445 0.034066465204318 -0.206267711488724 0.286946130782506
-0.0947979656064908 -0.0293594547222522 -0.27754644064499 0.118167897289801
-0.0693101147750369 -0.0731286653959074 -0.191632351153733 -0.0323064950972399
-0.025307440890259 -0.102913590323908 -0.0652896337383433 -0.0717097764827419
0.0564567801875084 -0.118305955750135 -0.0708137819496194 0.0819370584776994
0.15193780245792 -0.155886736727137 -0.413063870109976 0.141364575558421
0.115799714538131 0.0168844921227085 0.413997385629372 -0.229514991993563
0.0788938823789391 -0.0473289059952057 0.100064574748705 -0.193457245176232
-0.0215326927468544 -0.096210370427566 0.0398080742290447 0.0713055559282706
-0.111421964434313 -0.0418151155421646 0.166006274978017 0.0806712748897725
-0.072608637756153 0.0582508374240348 0.279553230027916 -0.0703804936059214
-0.0171902683757294 0.0785993627121318 0.250629202586182 -0.284043250547687
0.0358336909894399 0.0872290510025849 0.126191881594151 -0.396762194744359
0.0402334783990916 0.0921371088527444 0.0698833233766167 -0.407393499351153
0.0319543178237257 0.0978348839506498 0.111439063941481 -0.403444844779574
-0.0245524945236258 0.0900996829862342 0.208025255754524 -0.292170746701018
-0.0875586292068229 0.0606447605372531 0.233027169847059 -0.114809784224394
-0.117629590484126 -0.0551835167735356 0.0992154203441037 -0.0549821443908804
0.000779698461291707 -0.111306667586588 0.083106327518926 -0.156140737820709
0.0863794618568764 -0.0210634357693563 0.325492605040666 -0.326568570139616
0.0749389556742123 0.0495044495680779 0.75415758223955 -0.206148575918764
0.309038844017881 -0.113147746178577 0.351449641006757 -0.179183407903162
0.186530600526593 -0.214340643775777 0.095669433137426 -0.1563643097
-0.0544500362859489 -0.288394163586495 0.0613941186957473 0.0791832663516338
-0.273633718173237 -0.153229549565246 0.166851105106123 0.0901311625799267
-0.232813291645478 0.0783098405717361 0.261299378995156 -0.0559644894980623
-0.12559154483595 0.179320437070551 0.238737802403614 -0.243408285857543
-0.0140850946859632 0.250539338946399 0.11725654600289 -0.342533494921336
0.0175924687081094 0.263627495138032 0.0711039059457978 -0.337640500560937
-0.00959099312429582 0.270074797393648 0.0989055424894861 -0.333582755425415
-0.142146383070318 0.215699398211773 0.179748373699152 -0.229639097405498
-0.256073888935689 0.110457457922907 0.183690787656788 -0.0788609257647328
-0.328779656821424 -0.154054608293211 0.0516721349349445 -0.0457060441693198
-0.0839498077639852 -0.339816241923014 0.0629779623112202 -0.172058801434824
0.213516988215531 -0.245648347921363 0.275452004943229 -0.354631999178401
0.330934839667343 -0.110964475072702 0.648682587825434 -0.245353622032113
0.474319419603832 -0.230065287838702 0.216302217333693 -0.116845714859585
0.284305341932484 -0.377179532213592 0.0574458917654622 -0.0896140347052343
-0.088268343086797 -0.471486056222718 0.0865512718050629 0.0971464396623781
-0.423758052541986 -0.258261922916787 0.168592587187782 0.0887181017988893
-0.379973276987008 0.0912483426103352 0.215841936558333 -0.0488067868014899
-0.226540472239319 0.257712749817407 0.192169227833502 -0.17801384214356
-0.0679021114332179 0.378790622053336 0.0883095943936551 -0.240518086861426
-0.00767149416147308 0.396561857657771 0.0629665504507266 -0.216667534729892
-0.0443523321503295 0.401887202161388 0.0744641093376995 -0.21176828511933
-0.230304282177171 0.316299043450584 0.126772339070955 -0.12840409706687
-0.383369453678409 0.158927436042465 0.104564107715096 -0.0230168623215968
-0.507161726827929 -0.210766930890355 -0.0125622910279143 -0.0266939746058183
-0.183857701080852 -0.512901829689958 0.0259505688179681 -0.171364693433712
0.285044418083196 -0.44418264885195 0.192677113419927 -0.336362401157936
0.525394664137168 -0.266142021779596 0.461848625106396 -0.2363504905737
0.577752983784614 -0.324579313669718 0.0173039100804712 -0.0444885335823791
0.346387230588467 -0.518045395517415 -0.0192926416148728 0.00908829707952327
-0.128357466303486 -0.614499927818863 0.102282809770734 0.124270634088197
-0.544037269338526 -0.330144915082775 0.155624540554771 0.0775803787441521
-0.487800342351168 0.100795052708167 0.137589376676554 -0.039362082568846
-0.300396603884902 0.305807359887441 0.109557302857506 -0.0885772844946868
-0.114376876328739 0.455168576928428 0.0397776067314026 -0.101793350254831
-0.031299443124531 0.468571309488767 0.0447140561276599 -0.0638791174750618
-0.0680441191721732 0.469147641436873 0.0430744532449221 -0.0575491531460198
-0.278320044954466 0.366860837692931 0.0604165248433581 -0.00105476612207288
-0.450202561131006 0.186083289819808 0.00809594366510581 0.0492796930608887
-0.608375402011553 -0.223662198255431 -0.0842235260716101 0.00169437100543546
-0.2625639179834 -0.599367606455023 -0.0176781731836651 -0.148599851488831
0.298871228766284 -0.565192606497647 0.0989595182168368 -0.266578832288738
0.6282860582028 -0.379245194551359 0.22897535504905 -0.178552862505526
0.597333239568425 -0.378379027952519 -0.22033037559071 0.0341845089977262
0.350482322387449 -0.590013557074757 -0.124710080081796 0.127265307633531
-0.156770881857958 -0.669462886236379 0.0955119516690549 0.150850875678417
-0.585637817339422 -0.345397754382594 0.115600791613328 0.0611944164882112
-0.517002548428718 0.0979735559598401 0.0313615530060823 -0.0196001556550969
-0.324850893280752 0.309540346516929 0.00329771686263672 0.0201209298394509
-0.140484344482973 0.463163085010016 -0.0187053310909958 0.0554946315726912
-0.0500116348360369 0.468960228668142 0.019187261516075 0.0992087722635103
-0.0853941697293905 0.462735120768064 0.0104699441349773 0.103782888099301
-0.284809724287662 0.353229262075587 -0.0108635191676592 0.12930715536252
-0.440660788305501 0.172354077125505 -0.0900562936536833 0.120516739671417
-0.591786939435466 -0.211792526605684 -0.147623164978976 0.0291427642817414
-0.274994419045811 -0.579226085583939 -0.0533218320423131 -0.115154832668102
0.275276424979312 -0.573600085500165 0.0174933081423139 -0.160636838734874
0.623850388893959 -0.421169743391679 -0.00635725817103353 -0.0827903139417345
0.517008378900316 -0.378019474060358 -0.453100153520435 0.110446550510027
0.287812101222432 -0.554898703314863 -0.237332478528721 0.240855168127278
-0.153925689868147 -0.595912611916476 0.0625857424932055 0.164754778355436
-0.513157660069367 -0.294264646152595 0.0511800903436017 0.0424947251393217
-0.446874486720694 0.0789424372004814 -0.082300503808251 0.0112857550886061
-0.288955670025661 0.258767821012671 -0.104449643261178 0.131157072913762
-0.140596925336272 0.39892106667128 -0.0745263675094946 0.206836858583739
-0.0626082309367149 0.39958138249909 -0.00976408602177822 0.246894112738697
-0.0956949164492361 0.386835679023588 -0.0248015182051637 0.244533078739524
-0.256046786730341 0.279555464394416 -0.0802136622049503 0.234579041317879
-0.365085371218834 0.114518048411003 -0.17609694276453 0.164978373784522
-0.461241296615218 -0.187380876980862 -0.190689370290976 0.0345591965792395
-0.212576313253914 -0.465119552995827 -0.0732545014141393 -0.0886164245573392
0.22560988045054 -0.470136229497612 -0.0356045097155758 -0.0538509424932908
0.525546509375109 -0.383317514501984 -0.206546380867415 0.0204093594483527
0.349437033371251 -0.316105065067041 -0.638982064888101 0.171407975568817
0.171166156923699 -0.41376524352052 -0.329162969197806 0.325888517402401
-0.121296002015231 -0.404056320846153 0.0152353895368185 0.16592838182814
-0.336179321760955 -0.18592474786382 -0.0165661518348725 0.0296525994737075
-0.289458176732889 0.0424259459949132 -0.172071478521596 0.0439501736669498
-0.201142130751034 0.16180873553482 -0.189492257425978 0.220498640476752
-0.118291828429971 0.268529667281881 -0.115623967879917 0.325305197912072
-0.064990871620546 0.26841252705643 -0.038498634313395 0.356682387175729
-0.0940806055773184 0.255036539694128 -0.06070661048252 0.345247587589405
-0.19452455347414 0.167048676199554 -0.143055847347068 0.293704173602981
-0.243316661992813 0.0395724511284289 -0.239583719948758 0.168755241847613
-0.270710217566946 -0.14074204786686 -0.204979879101672 0.0139351529766877
-0.117820994746652 -0.293806376949301 -0.0770118397274332 -0.0751356517789617
0.149708571354762 -0.303540727853599 -0.0617994645394519 0.0303504531920131
0.357172763378404 -0.290025258050607 -0.347560904064691 0.10813262232149
0.122630271235079 -0.201070421209628 -0.745146406249281 0.206900030642254
0.0264406691049186 -0.200292103270024 -0.380903100006829 0.376432097476404
-0.0699685437776353 -0.146809864702161 -0.0278800824352225 0.164506832815477
-0.109547350391812 -0.0498623048690587 -0.0625292737281057 0.0257466019090384
-0.0882628693530021 -0.00324938363463388 -0.216264120901401 0.0705713058957197
-0.0846061521931132 0.0361568228502808 -0.234837463711958 0.27372713734659
-0.0777724111953168 0.0925459152002254 -0.133736631968704 0.395190597206251
-0.0580888665585477 0.0966396733375209 -0.0605399964852136 0.413051079026106
-0.0779798379442482 0.0906510709257411 -0.0926857890403263 0.393133972851944
-0.107151267565534 0.0424083873805449 -0.194230271875008 0.303217491176733
-0.0993645879190246 -0.023631492991633 -0.275109177946295 0.13679339982079
-0.0756861377269721 -0.0684039449231568 -0.195638129568919 -0.0209840907728407
-0.0339975819971928 -0.102897659405035 -0.0719209317381411 -0.0696178895082632
0.0505132866070935 -0.125045551994037 -0.0701200748877339 0.0843373736320407
0.145541189103577 -0.1688016462053 -0.418501810186389 0.170586552622048
0.11435525255233 0.00894686648371655 0.398015913909193 -0.261175384563399
0.0766266039849719 -0.0495955359217896 0.0850598948227261 -0.201229044151535
-0.0259085879068288 -0.091954116114376 0.0459309546775139 0.0655408753870399
-0.114003672425649 -0.0322430910580129 0.171372663513449 0.0667965152657813
-0.0675949268762626 0.0634886312021992 0.272590111925259 -0.0915470754709329
-0.0110618081959128 0.0800414894841179 0.225618837672858 -0.30102631228137
0.0420666151012299 0.0840239368843213 0.0936120390143496 -0.403507667454404
0.0473182376322577 0.0880019513417868 0.0395462791177456 -0.410850241830374
0.0397077710891417 0.0937390557542729 0.0799711026029425 -0.408880486914819
-0.0177559080556545 0.0908847067135166 0.183646422322394 -0.306266504548406
-0.081894334074222 0.067348577013829 0.222150128604718 -0.13405048821384
-0.120953696953701 -0.0457063634276504 0.0928733904471284 -0.0629089897238852
-0.00621508235745919 -0.111575577833296 0.0707621817676532 -0.162845651978806
0.0844429884708219 -0.0260259718855482 0.301096321725185 -0.348549501429645
0.0765535814082025 0.0447774939267059 0.736693510371572 -0.262907648162998
0.296914515926774 -0.134979378989714 0.340184604409284 -0.206591233439397
0.171502657448603 -0.223510290169323 0.0837164828841979 -0.163317308507995
-0.0756203808827672 -0.279545157424602 0.0696351051779166 0.0715093858824447
-0.283832711929879 -0.129285570798114 0.174396262129921 0.0747356355931307
-0.226034708575003 0.0971491699113388 0.256600871295102 -0.0770864540750126
-0.110677749540615 0.188986162421752 0.217117125621553 -0.261428150011941
0.00591031870713017 0.249607056987667 0.0910411446471224 -0.348337059105513
0.0403387609835007 0.259195059059921 0.0474845315712655 -0.341255450054827
0.0128421365577906 0.269060744850651 0.07291910489728 -0.337658105439818
-0.125377138425354 0.226906025843537 0.16111593357494 -0.24087190457878
-0.246032092323805 0.131109423210376 0.176577655840653 -0.0940538293643757
-0.339552688281024 -0.12611877447369 0.0473765156940287 -0.0509061532269225
-0.110152571087648 -0.331968592515696 0.0494638235582246 -0.178264374230324
0.193792996431895 -0.259770940189608 0.247498380938295 -0.374000201212824
0.317744755053208 -0.134719139746491 0.628047410199544 -0.293104553955525
0.452972968587113 -0.263606883132407 0.21158418321513 -0.13440229739894
0.255436034756424 -0.393750437994636 0.0521924391469673 -0.0941807236797939
-0.124978325654383 -0.458221361066293 0.0969661731544069 0.08660512048433
-0.442016913017233 -0.220233052868274 0.175715397901382 0.0722639503513142
-0.371605501043778 0.121349395708473 0.212935235611451 -0.0671727182860191
-0.205217227801486 0.275335771845481 0.175367435659828 -0.194018795415521
-0.0373873689746107 0.380721869749949 0.0714238283994734 -0.243719339853031
0.0272954893173679 0.39220532289822 0.0481148751033516 -0.220080377811077
-0.0103079756327639 0.402338895225239 0.0583013837766493 -0.214411314640175
-0.204896232850997 0.334201606983167 0.117130365664893 -0.136572972649699
-0.369737800232047 0.189441133990423 0.103044917859911 -0.0314257870099341
-0.521980316534817 -0.16495462968945 -0.0140181561264048 -0.0276366518996322
-0.224171898629011 -0.496586631193748 0.0126214442520056 -0.175347221534053
0.250102390462831 -0.462540605736961 0.166198498481509 -0.35035302912876
0.498980245133053 -0.303954152139146 0.444494332457738 -0.269072197865101
0.549415961916017 -0.364954524372129 0.0187335075747844 -0.0471722876023654
0.30525968797537 -0.539481786328017 -0.0159538728764895 0.00907591282772113
-0.176998586022028 -0.599369325569766 0.115496105557497 0.112908646070654
-0.5693054457232 -0.282312708022203 0.163449068039086 0.0616205790953538
-0.478301052501052 0.139749408421153 0.136162092776854 -0.0526236462033727
-0.274785592294059 0.329125860100675 0.101062849592381 -0.0999626107752433
-0.0757083163470215 0.460578904717331 0.0350930173820097 -0.101740646642353
0.0105057194239385 0.466139417248789 0.0416893960386575 -0.066451035426824
-0.0288086586350308 0.472302477737397 0.0397307794630142 -0.0589387807910926
-0.247076145128617 0.388829127124369 0.0610840304248275 -0.00495584681239798
-0.434173198785879 0.222373928679546 0.0136416975118722 0.0485993395874318
-0.624100990247128 -0.170614609887124 -0.0819824309954952 0.00633548412352324
-0.309543362879796 -0.575110718302434 -0.0298111384255515 -0.149460046860142
0.254861299745806 -0.585231000294758 0.0777161887442761 -0.273933395263985
0.590775476689787 -0.424673591812311 0.21454957791304 -0.192391735374316
0.566166142880136 -0.422347835439942 -0.212208708263908 0.0497860515583089
0.305225230787513 -0.612843795329976 -0.112255844444377 0.135848712054676
-0.21327126964077 -0.651896128540786 0.111357722225903 0.140153498602638
-0.613316751695878 -0.295122049923475 0.122284376042208 0.0479200435566098
-0.50888051182663 0.140169615988328 0.0313213341916676 -0.024743194037567
-0.299382684122887 0.333746347987036 0.00434621561529119 0.0164372065023647
-0.101862510000509 0.470874600387413 -0.01088201503666 0.0597137106191642
-0.00670347236730911 0.467989389904707 0.0286522479587923 0.0976485817578086
-0.0444025075891521 0.468321240366875 0.0188052621627993 0.103104214386276
-0.256068371278872 0.375647513336378 0.000879116655873589 0.130115000444306
-0.427200861660898 0.206670330095045 -0.077751164936041 0.12722348646921
-0.605425744037911 -0.158925034752537 -0.142178804784585 0.0379047762904352
-0.321845655567231 -0.551942694572751 -0.0623313214848947 -0.113017548589734
0.230435028353121 -0.59183211926976 0.00296380856741825 -0.163552448033881
0.58216422998169 -0.465587350329751 -0.0129543623131093 -0.0778151239429208
0.486802468605269 -0.414843151268556 -0.44172307137202 0.142939103860581
0.244269234283589 -0.575389963478805 -0.215934562216711 0.258946968592388
-0.205564790808286 -0.579909296451923 0.0796621899088024 0.157664808543345
-0.536743526183671 -0.250877802750183 0.0562631941035371 0.0352556735259907
-0.440562294589406 0.115182078740993 -0.0795879290144398 0.0144815918952706
-0.267656111009093 0.281215414744756 -0.094029844522827 0.135039979794756
-0.106192142677817 0.406906985515041 -0.0545944431466373 0.213523497144457
-0.0260205863901661 0.400288616328226 0.0105600381243948 0.246689686703544
-0.0618323165407443 0.391689620816533 -0.00488459306098924 0.24518978635755
-0.232237789525262 0.299480203523325 -0.0604315013903464 0.238975763223435
-0.35546871759714 0.14453108043025 -0.159475990158738 0.178896546987305
-0.475099856469954 -0.143578148956391 -0.18379777316482 0.0478048910729503
-0.252363376255004 -0.444401674827931 -0.0805479513705826 -0.084181467703369
0.187237437417716 -0.484989761486317 -0.0421847489391599 -0.0527016570984888
0.489045091322294 -0.422292426451244 -0.205542444662278 0.0402946243119757
0.325546217329893 -0.341446607732327 -0.622747290673366 0.217486246531412
0.139455531830627 -0.426783034676236 -0.301477738845242 0.351472793012513
-0.157483484409285 -0.39433693947282 0.031325271145457 0.163846047293601
-0.352543349127667 -0.158368320526928 -0.0125022119567165 0.0282396063120856
-0.286786742059236 0.0655071485474396 -0.167398767455789 0.0554457925575682
-0.18937179926439 0.176898366093252 -0.171072250356881 0.23180930121389
-0.0937468820079713 0.275295090296476 -0.0874697566981683 0.334939128209162
-0.0402789426917691 0.270747673868473 -0.00984697282190642 0.358698594458579
-0.0708084875387966 0.261691923492882 -0.0332466639681112 0.347083380608071
-0.180212700551648 0.182476463837375 -0.118527306705966 0.302647985276656
-0.239251390711592 0.0596908139685472 -0.222678534621353 0.187459951688013
-0.280968618348281 -0.115613997119218 -0.200315642527287 0.0296676993194397
-0.143082489998729 -0.280670756333201 -0.0832862511667245 -0.0702250913338192
0.124594137507496 -0.313432744832792 -0.0614627994250175 0.032331170634694
0.330308240223444 -0.316577542381946 -0.339115879583211 0.138812126871241
0.109137565442389 -0.209452338270546 -0.729140349285778 0.262386546548367
0.0107399311285867 -0.20354924451469 -0.348620038191311 0.403759937007508
-0.0852075685096077 -0.142836770761417 -0.0133204900424594 0.166019464187025
-0.115287432309755 -0.041060638409448 -0.0593816268431386 0.028715934577268
-0.0893388306030624 0.00318922212105592 -0.21089469930278 0.0854320353392415
-0.0824203202532105 0.042454427543686 -0.211144447361247 0.290231209302601
-0.068873819497764 0.0974499400507452 -0.10163855643545 0.404084098419998
-0.0485670004251263 0.100075464730964 -0.0284030945734441 0.41610355776501
-0.0688343473464407 0.0973589033695935 -0.0621819261933526 0.395810120886774
-0.102628537050463 0.0512174881343969 -0.168816369040264 0.315226639199451
-0.100963432382121 -0.0144806386633863 -0.260373432007223 0.159888103733773
-0.0808272438132332 -0.0599703816369815 -0.194576041889353 -0.00492646481895522
-0.0440510476767427 -0.0980503581447095 -0.0779439079179879 -0.0636071133549353
0.0398666121241243 -0.129554066947542 -0.0659434100675693 0.0866084177722669
0.130268874762977 -0.180241502866314 -0.405035333486644 0.205327147903613
0.107828037020461 0.00279117587463256 0.366371451399473 -0.279312292498386
0.0724609484748095 -0.0498351468042855 0.0675765124604142 -0.198595372966216
-0.0281443627631023 -0.0854110642671292 0.049431746103618 0.05803072048701
-0.11077181740839 -0.022281962622848 0.168825866594887 0.0507235491798871
-0.0600453678676907 0.0652700456414255 0.25508552894367 -0.106949287159253
-0.0048995604498701 0.0782209294640743 0.194414902181153 -0.302768611961532
0.045643469201726 0.0774793790446606 0.0612504895222052 -0.391852879452455
0.0519630215589046 0.0805330872389059 0.0106430167686681 -0.397233035149497
0.0438647149348166 0.0861611520576289 0.0489363378813126 -0.395410500580669
-0.0112279978425577 0.0882704701529992 0.154425990125116 -0.304330062010962
-0.0730763045546341 0.0704508624428594 0.202353721838294 -0.144936706001526
-0.11929424693544 -0.0360205669302319 0.0824284257256975 -0.0660715886449788
-0.0127418425043717 -0.107579232502299 0.0561180648223255 -0.161869758995066
0.0798898740119584 -0.0296990001331247 0.26644859599433 -0.35354108226334
0.074870742202665 0.0399699735243756 0.690572537607861 -0.303454235631863
0.273804313733723 -0.147007923815107 0.316619802210523 -0.224018099383279
0.151796991308241 -0.222087922442872 0.0700376335909035 -0.162685618808814
-0.0894165318685286 -0.259361553657482 0.0731935150239164 0.0608338781144867
-0.281351283182545 -0.102277217804928 0.172346812474887 0.0575113469749211
-0.209949190875998 0.108984033942065 0.240800455132926 -0.0929092473861854
-0.092430116604535 0.188983141724603 0.187923488333534 -0.265860509170741
0.0230154007686734 0.238069558182324 0.0640602364470509 -0.337895587012937
0.0581852606592936 0.243725569885246 0.0229863655001369 -0.330377300836268
0.0317634271076462 0.255500790731483 0.0475952607648756 -0.32657869725778
-0.104729334303896 0.226757750877086 0.138776195754406 -0.240898589497724
-0.226447276065559 0.143116803709329 0.162032699600376 -0.102770737603771
-0.334309712053867 -0.0957596424930593 0.0405950588584341 -0.0534607942494876
-0.128458451792658 -0.311013921244113 0.0351812713232354 -0.175989448514133
0.168904147780321 -0.260881778428258 0.213682638945002 -0.37540623083997
0.292297537079161 -0.148489549351691 0.584798013882435 -0.322999483873992
0.415554408086696 -0.281182583846036 0.198875860226967 -0.145448062482076
0.221775258865774 -0.391941371180813 0.0447463605925496 -0.0942671912460253
-0.151723771925783 -0.42754244711333 0.100975339318797 0.072925703839363
-0.440138002598079 -0.178041976150993 0.173971266317373 0.0543441956050298
-0.349157227516099 0.143314242244836 0.199812679857107 -0.0809776364150793
-0.177391863062216 0.278502608557215 0.152873166685036 -0.199636983551485
-0.00834020512026348 0.366673015440637 0.053950400762177 -0.237056775634334
0.0563189189251617 0.370864334849294 0.0333210998705328 -0.215284154831104
0.0204244332148107 0.384169785532876 0.0421918968750538 -0.207750508858456
-0.173686754893056 0.3353543895561 0.103904080267754 -0.137532536026834
-0.341343498838657 0.2088776529124 0.097296481505345 -0.0382025935271847
-0.511936613736055 -0.121056312277437 -0.0160194518362652 -0.0273908161761297
-0.25110655283453 -0.460124717496765 7.17753228306735E-05 -0.170955679257996
0.209206572607538 -0.459649728043715 0.136080001053392 -0.34788964790523
0.452644906609234 -0.323800038240168 0.40807460612991 -0.286619640427233
0.502463681012112 -0.386334336735824 0.019603208292356 -0.0492494783071758
0.258497522262561 -0.53474164178665 -0.0127762817995454 0.00928967729561117
-0.21412498808943 -0.558804651405257 0.121447298414273 0.0968140144804143
-0.567004725106689 -0.228054533540693 0.161658476745411 0.0444183601703387
-0.450235971293623 0.168858957717358 0.127754796130277 -0.0626175382202357
-0.240824502553836 0.334390187835907 0.0881803338792295 -0.105085546368497
-0.0397755800213641 0.444668234232324 0.030189028058447 -0.0980594885251262
0.0463220956311771 0.44148722619221 0.037164600722888 -0.0670517512033155
0.00793922998819769 0.451741003173077 0.0345633047492091 -0.0582279300158585
-0.210668705166564 0.390974876740798 0.0598163793105906 -0.00824272058299304
-0.401088840242094 0.245008346676874 0.0180115815849411 0.0456067424124214
-0.608377299384843 -0.115803717450625 -0.0785254371692187 0.00920021547178864
-0.339985166384162 -0.528576527412732 -0.0391135145967487 -0.143684770104545
0.205874587097281 -0.577056072338526 0.0550018062792358 -0.269688867582352
0.532170188722763 -0.446360320917704 0.193575517090141 -0.195954045748263
0.513404595046941 -0.441076948104039 -0.196239316318557 0.0594177722259194
0.252801426170394 -0.606788053903941 -0.0965288026263852 0.137088281237614
-0.252379544653789 -0.608540416003654 0.11995382003328 0.12385209257866
-0.612079856857831 -0.237452436753816 0.1219849891774 0.0341179808588949
-0.480323081574388 0.171989605078309 0.029680745704458 -0.0292350913237069
-0.264274871438606 0.341611082902234 0.00384234159211956 0.0125248893814282
-0.0635569101396424 0.455606009758637 -0.00152536030722527 0.0595344074485236
0.0296545092277175 0.445305108960738 0.0356850956234158 0.0913705863054274
-0.00678701388939366 0.448606220588561 0.0255241141685963 0.0976689703312112
-0.21888542200955 0.378957251230034 0.0106999575911737 0.125234690071539
-0.395731746325984 0.229547614437638 -0.0639986558973687 0.127363960146149
-0.590643869057146 -0.106345190776879 -0.133495215553899 0.0434675616705104
-0.349489580113639 -0.504893446026718 -0.0681013385311348 -0.106849265559209
0.182193531369657 -0.582401106625887 -0.00987734121450512 -0.158372081148449
0.520890588792443 -0.484029657315749 -0.0172167808754111 -0.069403505883362
0.440649137248425 -0.430565434896055 -0.411206995895274 0.165390489676873
0.195158241902626 -0.568435157671571 -0.187478905140235 0.262125039874773
-0.242386585151638 -0.540527817335697 0.090104821522145 0.143894813380828
-0.535068301116029 -0.199525205227418 0.057670428686436 0.0269074665974305
-0.41632735365241 0.143506529215086 -0.074570494245804 0.016462182099971
-0.237774115456696 0.288365343088452 -0.081896908345199 0.133632350152323
-0.0717516355504717 0.39613050902269 -0.0335952019395984 0.210194603517282
0.00660300836947213 0.381865410131603 0.0281915527802717 0.23574355702084
-0.0285664803232877 0.378172859917944 0.0124214153811333 0.234971881557946
-0.200640534274559 0.304102012699727 -0.0401019325242968 0.233423904769697
-0.331880014494986 0.164097077613735 -0.137549096028442 0.182649930822342
-0.46182690781534 -0.102141214414345 -0.172141811123961 0.0558810304815799
-0.274103353037112 -0.40477065787195 -0.0838960494905828 -0.077407653418828
0.146548414464535 -0.478677585670054 -0.0465297341022513 -0.0492444791207559
0.434765811842836 -0.436399439996958 -0.194217525370254 0.0576258049874964
0.291738119829738 -0.350000728714349 -0.582588865638538 0.249698067633036
0.105182688700711 -0.419552873995311 -0.264688792371639 0.356270065661635
-0.183127499626584 -0.366615831717111 0.0432975442634518 0.154079947040305
-0.352172443321635 -0.125672115582731 -0.00901279335476143 0.0255727169599848
-0.272406160545296 0.0833079354426101 -0.156473957269219 0.0626559273163456
-0.170061259614432 0.183659665689309 -0.148750843375712 0.232325364487029
-0.0694730022791653 0.269484312245697 -0.0573814206215474 0.328467362635081
-0.0164221915208676 0.260324588322517 0.0155914519335216 0.343966956416028
-0.0465649864198984 0.254411332426322 -0.00887698691172522 0.333180215015742
-0.159029646468754 0.188461200576855 -0.0917535745874602 0.296595187396457
-0.225742354179563 0.0749422422330672 -0.197175780869222 0.195546904977114
-0.276239925074565 -0.0874495525862218 -0.188146148546543 0.0407615123433358
-0.158403883321685 -0.256389852377804 -0.085077630334752 -0.0622799409165208
0.0980869426969553 -0.309610164614923 -0.059571036065985 0.0334690151318496
0.290684908986953 -0.324755260329634 -0.316026073614959 0.16007386658627
0.0929041216369338 -0.208372112324179 -0.682398261707641 0.29950413994006
-0.00437402545070099 -0.197988794256475 -0.308112827129922 0.411082057263461
-0.0956060644074639 -0.131930951916785 -0.000134599304838965 0.160614036576669
-0.115519373412851 -0.0310605985148647 -0.0538993540688619 0.0299544023561497
-0.0869173332783793 0.00989145580636047 -0.196690103939922 0.0956285399275109
-0.0770839924023955 0.0469339038847041 -0.181936525226269 0.291217047975107
-0.0584194846334828 0.0976038524633984 -0.0678966235471095 0.395108042922189
-0.0380310417038768 0.0986612162461723 0.000864843739204534 0.402039304985242
-0.0567612078863926 0.0983877137941482 -0.0335858673844581 0.382207345261158
-0.0939378961929192 0.0572544839526999 -0.139454966943966 0.312559095432131
-0.0986402762771056 -0.00559735276363806 -0.236085082098112 0.172348777012682
-0.0812749586442253 -0.0497132436619415 -0.184241619830427 0.00821398984483696
-0.0508058317275294 -0.0890700926980163 -0.0796591847541099 -0.0555363182083029
0.0284627418136354 -0.127872712613803 -0.0602267799637662 0.0861105405427608
0.110708840778501 -0.182109009681107 -0.375080316136592 0.228816180245251
0.0996523097412348 -0.0178700390613595 0.296715520910717 -0.325607417920955
0.0592780417330833 -0.0565449308481614 0.0317483365512025 -0.198981801234709
-0.0330109992862839 -0.0740524305535499 0.0558058560853103 0.0381313042226648
-0.100686896933755 -0.00620048333147076 0.161781014913376 0.0130611811761635
-0.0468264350381254 0.0622450010912333 0.217228456068957 -0.140978760479317
0.00278936594795284 0.0711630459683909 0.132983189069064 -0.313963408430434
0.0497605706462353 0.0636520917814347 -0.00240987604021804 -0.377774745940479
0.0559034146809296 0.0663494905713312 -0.0517866271055991 -0.375147347269772
0.0500007624792071 0.0726413673448662 -0.0208598897751587 -0.380986257882091
0.0014591019908497 0.0817218542844388 0.091084584509793 -0.313084768602058
-0.0575004882204576 0.0718563868780301 0.163258927204156 -0.171101039716262
-0.115916904444481 -0.018675920590185 0.067224137032038 -0.0745771156365596
-0.0244126662551615 -0.0998932416217819 0.0252066632439207 -0.162831286415249
0.0759676326096445 -0.041090928126278 0.187364868071812 -0.372566102222992
0.0825538631198668 0.0217904551015859 0.596947779699952 -0.387415772058761
0.232394901518681 -0.175877756528422 0.270840969390606 -0.272427497591075
0.108487924365757 -0.225047081101534 0.0458496086805532 -0.172237428639999
-0.114299966134223 -0.223218497421525 0.0773794527293618 0.0229349258129071
-0.267759019980366 -0.0514867685493299 0.158099100284118 0.00645933792413803
-0.177615611326423 0.124637860726403 0.195620328608388 -0.124383867390272
-0.063690742778421 0.186200662953659 0.129184559285135 -0.273346309459447
0.0531822786286423 0.214499605241614 0.00516848972435571 -0.321603579254834
0.0845294017257658 0.216113760159198 -0.0301197933213263 -0.314472034521502
0.0638436453995618 0.231461982698546 -0.0120025178051658 -0.31955180695024
-0.0655384670488858 0.225269990363078 0.0844673879388277 -0.254334721886677
-0.191895371930081 0.159266420030021 0.13421707608873 -0.125969576877527
-0.32642311702771 -0.0432239180445421 0.0342072003691101 -0.0572936360351059
-0.156784066037989 -0.271953198987948 0.00451759191787696 -0.177198266096223
0.125202745982376 -0.26879163605305 0.137495301799525 -0.37963410187681
0.259679876301738 -0.182015144844626 0.497825771424272 -0.385498083382528
0.344915023740679 -0.314919419435299 0.181984818362142 -0.186300565009022
0.149321483811403 -0.389240817678678 0.0381406755502452 -0.111128228323095
-0.195102418088505 -0.365056814073933 0.104923903017737 0.0170613951596799
-0.424070775505754 -0.0950836052556341 0.152115863860755 -0.00766317167017127
-0.299840079014692 0.177311982928456 0.149602139032634 -0.106133198140995
-0.129404261965479 0.280915876120994 0.101444727146918 -0.202123062936121
0.0448062201851892 0.33729542186021 0.00801411317113074 -0.218523992389346
0.100678353138641 0.334187936431097 -0.00399427084233933 -0.206000672025473
0.0732047383636218 0.353473290165911 0.000901117125525549 -0.208360198386995
-0.114372650362788 0.338385395053119 0.0680900386536414 -0.154221192533137
-0.291160184536426 0.234977459198362 0.0858377661472067 -0.0544426846664133
-0.495378956166285 -0.0386267221676434 -0.0105815936989942 -0.0257368218515938
-0.290160772406175 -0.393810181004804 -0.0264193584112055 -0.170250794728385
0.132962923070008 -0.459492489019592 0.0720047070712478 -0.338545680521611
0.385752121988488 -0.364779641462861 0.340807759173506 -0.322513489541164
0.411950541436726 -0.418950494318458 0.0367998589884202 -0.0691069295220027
0.162935389380406 -0.525457469586975 0.00428403862044871 -0.00932831135101749
-0.27187091102611 -0.473891228347478 0.127020499841367 0.0253639994813211
-0.548978041015482 -0.119052313838485 0.133511257466302 -0.0230393034615025
-0.389897805885774 0.218073589004676 0.0783244185493145 -0.0755357191510227
-0.179369849549096 0.343450468012432 0.0532398788934767 -0.100799917788202
0.0288395106356017 0.413732438615003 0.0048244148671364 -0.0797273250299159
0.101547436575951 0.40114687653135 0.0224557575095371 -0.0668041632713933
0.0733744363915024 0.418490738945981 0.0177613060790667 -0.067249820926166
-0.140197011539037 0.396839236250685 0.0474750132389736 -0.0258383679165239
-0.34239773160223 0.277882712868789 0.0267290846383769 0.0369229541085905
-0.586862871431194 -0.0210099673799788 -0.0607081653568796 0.0172969998426967
-0.379367733920341 -0.443652672442364 -0.0587042570735565 -0.140125760417387
0.110014580205969 -0.568460932079126 0.0106669362331536 -0.249682419850058
0.439512159348106 -0.487411359498652 0.155212126074699 -0.203384255199665
0.41414270711438 -0.468036010174441 -0.144310075455677 0.0676961101632198
0.146338627914924 -0.589689284170074 -0.0513113094822667 0.122839368960651
-0.315244548351926 -0.514625270440662 0.127936595560441 0.0477674810045902
-0.59271827638804 -0.119606277346029 0.0922587296766052 -0.0284879781228017
-0.415151500057509 0.22846575837551 -0.0109940135089176 -0.0273502263434085
-0.198871950851579 0.354736322957319 -0.00791883079226066 0.023971387099167
0.0101862388555215 0.428503788806391 -0.0019774834814787 0.0756444983491043
0.0871828417918805 0.408059090248387 0.0454349724312274 0.0827133123333957
0.060312682108783 0.418700561075934 0.035243528533274 0.0813122570142401
-0.149250134377583 0.387560445498369 0.0253608171423199 0.107755806067923
-0.340212564234533 0.263887848462117 -0.0341412571945782 0.128066308379853
-0.568251559016974 -0.0128717672765532 -0.106477210264179 0.0582391422061948
-0.385883063061068 -0.419526210700805 -0.0802045815775941 -0.100028977204638
0.0844932263628801 -0.565985510355991 -0.0302017559491703 -0.135127656897082
0.420893850362036 -0.520152806886809 -0.0218786134426763 -0.0530450592702555
0.34851099156671 -0.446002151935744 -0.329220860128897 0.204980476187416
0.101736917809409 -0.545025174866883 -0.118077268278486 0.25706165493138
-0.29848533600169 -0.455724948480029 0.103427210848806 0.0768533806195068
-0.519409946694573 -0.0965200355106772 0.0336673866255476 -0.019158961658253
-0.362286884737153 0.194891785652139 -0.0966871559058268 0.0318539523779325
-0.180070365789633 0.303131951521361 -0.0674279738703287 0.149593364927977
-0.0050843432976735 0.374971021304264 -0.00837275599434515 0.220942552312051
0.0590922214541567 0.35205298428483 0.0608414126943113 0.219724059003204
0.0309579484510884 0.356089983757362 0.0457066715728955 0.214178759366783
-0.143217940413348 0.315565889463598 -0.00233926632782741 0.219572980382912
-0.289425166610364 0.196055854179987 -0.0943325325676859 0.193411061625168
-0.448562003167942 -0.0272604458549429 -0.141936612265462 0.0771459002962082
-0.305177980229694 -0.336140588014275 -0.0898819017232932 -0.0672025272754143
0.0665122925487354 -0.464076364045981 -0.0473241495188883 -0.0298747400326625
0.345561856968894 -0.460968464366356 -0.167710978440093 0.0909723186746131
0.22036426400641 -0.348826090798084 -0.482115417976518 0.318357957150568
0.0397938613915238 -0.394831596914943 -0.178999954174403 0.364763665450448
-0.219365567810761 -0.305982153829064 0.0619718166387912 0.108402925036328
-0.341756332046536 -0.0572675819170534 -0.020857575169927 0.00317489367648371
-0.238190830364396 0.120700787531405 -0.155863773934431 0.0873658055301675
-0.130057891590022 0.196680003729988 -0.110635346722916 0.250093613097378
-0.0204077168270022 0.258681906748028 -0.00978637033272907 0.333004232938669
0.0217720660027184 0.242736838613009 0.0666311220248365 0.324160989959018
-0.00275061796226062 0.244115592094425 0.0429132761058489 0.312262111020872
-0.119828566572876 0.201852119429751 -0.0378417053194518 0.289609417195432
-0.202026105667552 0.100429008919282 -0.14789812459071 0.216487951976048
-0.272371354408205 -0.0397656833155295 -0.16222200500869 0.0670865516074267
-0.179217017171839 -0.214179440727861 -0.0898039950550525 -0.0491884004256887
0.0445301772622144 -0.300632169771599 -0.0481243394370856 0.0468565143999418
0.224813696207332 -0.337397197412207 -0.266415601407891 0.204105662177596
0.0548106516247746 -0.191652663802191 -0.577454541083603 0.388297582254782
-0.0280075742476542 -0.174816035161189 -0.217902493179802 0.43291354055004
-0.10644962454336 -0.104602838017189 0.0234687718598618 0.139463573069313
-0.111956219228448 -0.0082357510682211 -0.0518019874288979 0.0296528988269174
-0.078337303269318 0.0261932841926528 -0.175255253353377 0.122988954863153
-0.0619504256836254 0.0569699755712265 -0.127971048456611 0.305608186933356
-0.0349016243075973 0.0995380144316701 -0.00689809388106313 0.390333858157122
-0.0190125836218134 0.0970838497629431 0.0629754618795888 0.379647990248482
-0.0345128725900683 0.100568477638529 0.0299288593150242 0.364473626782606
-0.0779723532776552 0.0700298149494845 -0.0778689071116362 0.315207653946372
-0.0933464028829435 0.0103691587741598 -0.188668483412551 0.201840935582212
-0.0844288245671541 -0.0327875986516255 -0.168072214917929 0.0381091495858655
-0.0597737556182963 -0.0737073110954621 -0.0841337751071751 -0.0396960651104668
0.00533197267031192 -0.122749947056562 -0.0419286290020888 0.0922513303034034
0.0742671018625375 -0.180202804760429 -0.312380408519972 0.274277928696416
0.0935838772839011 -0.0139949819991993 0.287793058170895 -0.3131405766686
0.060153939609171 -0.0525083125901553 0.0318913016425711 -0.188441764194
-0.0290285660300198 -0.071910981565389 0.0542389459470618 0.0355388720498721
-0.0953840636571152 -0.00660243747481673 0.153982378803199 0.0115970170133492
-0.045444403044053 0.0592576415884576 0.207628972742856 -0.134510639888267
0.0027112687093661 0.06842972715664 0.126704176510645 -0.298770513642741
0.0466255665896334 0.0613273048963013 -0.0021254145237237 -0.360782768028764
0.0532315410886402 0.0629684561019883 -0.0475522414815929 -0.360453970441945
0.0465252066470657 0.068772376122682 -0.0176633196907074 -0.363876632495361
5.70058797265301E-05 0.0775588074840361 0.0884387553031259 -0.298201967618163
-0.054438354029388 0.067990386323907 0.154963843337329 -0.162821583733077
-0.110959734997369 -0.0181092926625683 0.0631955330232946 -0.0700050544254023
-0.0225012645935276 -0.0962674074215473 0.0241940254486383 -0.1560526464511
0.0744996290536953 -0.0374438313653716 0.182736219253551 -0.356403177212086
0.078995993979926 0.0229800191133237 0.574283912298779 -0.368223258621678
0.22115447107102 -0.165070362628395 0.26311889840332 -0.263290211183312
0.108025016360562 -0.213479556564023 0.0453835499886744 -0.164771145741613
-0.106676697967647 -0.213110270391534 0.0749984624918263 0.0203199109636922
-0.255002583587972 -0.0493805532732562 0.150232627270438 0.00511646227056726
-0.170952936448126 0.119092071465948 0.186703976498451 -0.119014319946412
-0.0615851756681044 0.178640469337969 0.122282604783885 -0.26050826778927
0.0501405767172252 0.204725897579495 0.00675282726273413 -0.306565837649948
0.0811375543968919 0.205367938007913 -0.0272248769731062 -0.303087355137575
0.060680197925568 0.220465675276877 -0.00937307928431178 -0.303890006665911
-0.0639059379073028 0.215455980370694 0.0828538088956066 -0.242311403310943
-0.183233813138889 0.151700141775862 0.127775306780184 -0.120014541996624
-0.311571121315934 -0.0415085709754613 0.0314456178426812 -0.054598697428747
-0.149280365968366 -0.261204746679442 0.00458570931569693 -0.171094817296425
0.122859781521279 -0.255419903701994 0.133305302325688 -0.363943773966911
0.248703354893987 -0.170230838411489 0.479598601341093 -0.368235057165045
0.32875011451451 -0.298032737570663 0.177380693819491 -0.181227003913461
0.145691615703364 -0.370769065567102 0.0385022608562179 -0.106588861202877
-0.185276579220645 -0.348708218407812 0.101461048648337 0.0137379434150992
-0.405640345840526 -0.0892299093384105 0.145065486805242 -0.0088247489992516
-0.288568189119959 0.17013871897029 0.142800070703183 -0.101746333997562
-0.124990707156075 0.269351480406217 0.0956088044332036 -0.193368078798758
0.04224168954339 0.321229968448705 0.0103711198217932 -0.208571095413178
0.0971453982543164 0.317607859229792 -0.0023103910010213 -0.198434296587174
0.0691979968793776 0.336899134191962 0.00286128490804911 -0.198184114407694
-0.109509113912501 0.323920437701905 0.0667120976001246 -0.146473552207955
-0.279038475264653 0.225216053117893 0.0822296241377019 -0.0521429985191059
-0.473945444048744 -0.0360574896917204 -0.0122264319281984 -0.0255299318537138
-0.276549905458019 -0.376512045263705 -0.0254089811694528 -0.164974333190845
0.131391309391756 -0.437880359185564 0.069101036300342 -0.324281997295956
0.368115624100109 -0.34534179473695 0.328739738028142 -0.304923594183941
0.393440855564797 -0.39794152585372 0.0381083840025636 -0.0708349512441016
0.160407817560043 -0.502069328519401 0.00605645589016714 -0.010299104203123
-0.259403093842596 -0.453108785021668 0.122127376059348 0.0221520241774305
-0.525578008712576 -0.111943821715526 0.127463387891699 -0.0235239028541635
-0.374737448966129 0.209345681637432 0.0741475060774147 -0.0735544658311225
-0.172363425048127 0.329345755371975 0.0486332434175972 -0.0968515455676135
0.0276648164026672 0.395078899336425 0.00769316038241778 -0.0764483960893876
0.0986747234178374 0.38103813775918 0.0227308497393064 -0.0646939394513634
0.0690441619339347 0.398146745876077 0.0179802123810551 -0.0627742690224532
-0.134994147685969 0.379842374354714 0.0470491634935051 -0.0237038604259137
-0.329334781502688 0.26711615011459 0.0264837649579344 0.0350790883017167
-0.56186387313315 -0.0191463854508431 -0.0604037643714568 0.0154484827194882
-0.362857290096033 -0.424011323632185 -0.0564427140757942 -0.136982205473211
0.108873479904239 -0.540981690274128 0.010487936410173 -0.240039954191713
0.419408974908603 -0.460124297200927 0.151296679681413 -0.191404322430551
0.397693595301283 -0.446861493208543 -0.136000035419278 0.0602341182643627
0.144205426350374 -0.565172457650743 -0.0482828387731522 0.115586538946238
-0.301478638954892 -0.490905097210879 0.123339784057754 0.0438906699310239
-0.568840541636308 -0.111202517520095 0.0879362518387252 -0.0284455491293062
-0.398865236476389 0.219781040112167 -0.0107394752058837 -0.0278234364585974
-0.191322282070732 0.340324337944592 -0.00961215811972279 0.021650345764978
0.00939416078991443 0.409625802663086 0.00178500194296376 0.0721720697287287
0.084993711275812 0.38686223093896 0.0440970611276119 0.0789470500330808
0.0575237376286953 0.397265584689877 0.0334770673645458 0.0791617777830123
-0.142894264864278 0.371449823913237 0.0251501852448948 0.103246666491216
-0.326105036707846 0.254611358278683 -0.0320791572359352 0.122041577666485
-0.543643543557109 -0.0121984277713939 -0.104414447468938 0.054790762634921
-0.368839470496412 -0.39971226344394 -0.0773313842545717 -0.0985515036433932
0.0843874598638737 -0.541493621167691 -0.0305086569386168 -0.130339105213537
0.401930731690043 -0.490962502083133 -0.0187499602511165 -0.0483521380586759
0.33519645982418 -0.425583997086326 -0.315108602282526 0.191587321961564
0.101738910853793 -0.522060349793195 -0.113316823883441 0.244159963177571
-0.286325723701431 -0.434924585457622 0.100079161080629 0.0722279624854151
-0.49828596364899 -0.0895769490215103 0.0326057545528571 -0.0193425045391746
-0.347584109672333 0.186952924731036 -0.0932666955538886 0.0295863723925943
-0.17446230983506 0.290722288346229 -0.0662119471400744 0.141657288854844
-0.00363168376668087 0.357575856150397 -0.00448886507156389 0.211685699531737
0.0581833557115693 0.334987421428843 0.0583965160146972 0.211237734322655
0.0312063814260927 0.338841246902078 0.0421112964112733 0.205793936357894
-0.136214907732236 0.302761106813217 -0.00147811115276241 0.209705456353994
-0.27690027144372 0.18873073239264 -0.0888466425111291 0.184062156398735
-0.428569940787901 -0.0254574815697198 -0.137734291717126 0.0724596457316172
-0.291965821786401 -0.320030489459784 -0.0868288495198726 -0.0669372241277858
0.0660719715591817 -0.443574062293958 -0.0476771024183123 -0.0293054581949763
0.328895065225052 -0.436301681219918 -0.159034163137743 0.0901189979795806
0.213166984286796 -0.334784024832467 -0.46345557777376 0.301485295575004
0.0403737114566048 -0.379139206548279 -0.173083171877395 0.346616734258292
-0.212034150346814 -0.291386840688128 0.0592180000945536 0.10286555921034
-0.329743623819642 -0.0519377167587323 -0.0198608302870651 0.00200989506313477
-0.228890318330965 0.116576447685395 -0.149781527835287 0.0821667395168184
-0.125932186446404 0.189023347896928 -0.107185876995123 0.237131920874266
-0.0185829735776784 0.246637065697946 -0.00723414547096302 0.317693354404507
0.0224429306000377 0.230923593851576 0.0631560279673687 0.311751168530277
-0.00165858326931724 0.232431406756164 0.0399571280207404 0.299230758298542
-0.114138925459072 0.193669088344168 -0.0368350695369506 0.276926306654914
-0.19349904030968 0.0974850097553555 -0.140322090273462 0.205220563356671
-0.258708237774331 -0.0377872957922776 -0.15669958074276 0.0624220151161039
-0.171048694572437 -0.201870065877236 -0.0867144342921742 -0.0484023468966489
0.0432948260013359 -0.286888459339622 -0.0482421764543895 0.0442016429858004
0.213542145081838 -0.319451975667673 -0.255043684134603 0.197514055671607
0.0554649925839273 -0.184718919189293 -0.556090403469306 0.368047000631448
-0.0266708134355117 -0.168696172361114 -0.212104945439915 0.413173823022769
-0.104669652055767 -0.0996291682434319 0.0224273668828742 0.13371288379831
-0.109386986617925 -0.00639054468642334 -0.0494865738785752 0.0279818186626685
-0.0757862090262203 0.0257723381553818 -0.168127405551425 0.116199705910638
-0.0605219844526238 0.0546483562944955 -0.12420089919871 0.290789350368924
-0.0327770116378406 0.0948526342579384 -0.00496877554260671 0.373693066516702
-0.0171777735183601 0.0925461537774533 0.059441591695264 0.365163941399454
-0.031044945377739 0.0959916840780895 0.0266392289582124 0.348291329872117
-0.0734130018742524 0.0673688320937582 -0.0750287260552088 0.300779527873867
-0.0897079119851355 0.0116685085563441 -0.179256151988752 0.191588503940986
-0.0798872840021193 -0.0299496031880635 -0.160717136826112 0.0352705426197723
-0.0575571692833438 -0.0681820411542532 -0.0812226714479223 -0.03772461334338
0.00356072890045189 -0.11784998258523 -0.0421269878692493 0.0883989065741766
0.0703590095664739 -0.171730567035863 -0.299927136395126 0.264363838817701
0.0917620989304626 -0.00919099731488546 0.293697549864404 -0.307010817999835
0.0633548185068286 -0.0503386184162755 0.0367117753974981 -0.185374945833799
-0.025326032717977 -0.0730566314070094 0.0538261712573789 0.0345206650347097
-0.0938234281388703 -0.00896049464553658 0.151795643019432 0.0127211749612942
-0.0464821142737346 0.0581457010023358 0.208104987369588 -0.130314001751062
0.00172092714578866 0.0686046386582136 0.13062430744418 -0.292719559235265
0.0445622355539206 0.0613507013324897 0.00468085990153642 -0.35611298066699
0.0517478635369052 0.063512379347664 -0.0404198132291049 -0.360405731384542
0.0440727555372 0.0687946796427163 -0.00934253320556262 -0.360531111202081
-0.00205001430339858 0.0766803519350008 0.0944402630780002 -0.292899791978388
-0.05461482380906 0.0652790442067369 0.15487975617676 -0.157723263089911
-0.110396618220674 -0.0207982096047103 0.0634006490429006 -0.0667631494276452
-0.020793935182843 -0.0970790310914581 0.0265942477628727 -0.154041184624374
0.0767598875289806 -0.0348258022008756 0.18969714544918 -0.350200543792506
0.0775729942032072 0.0259638808884531 0.577580970666267 -0.351950115246889
0.220928638732632 -0.156086589347913 0.267859368591866 -0.258616247414226
0.114234066566116 -0.20869186602581 0.0501904959831011 -0.161716571271775
-0.100180114864278 -0.212588969791889 0.0745792651988211 0.0191431277222624
-0.251485627493001 -0.05289405632526 0.147934366110892 0.0064757190613239
-0.172668352567056 0.115382579155852 0.186764397566341 -0.114549282688114
-0.0650089595043062 0.176760828756703 0.125028173036567 -0.25454295419009
0.0456933963052354 0.202994985598336 0.0133995946422507 -0.30281084320715
0.0771520359579984 0.203820910200797 -0.0203539360058742 -0.302488716394327
0.0552943071837555 0.218663426727249 -0.00216603960015977 -0.300224237671184
-0.0686302035860472 0.213060790328003 0.0878710453275101 -0.238147612461666
-0.184104174427532 0.146963285366612 0.128524999274699 -0.116126323157409
-0.308679667376537 -0.0469019994204004 0.0303904915584932 -0.0528409724561653
-0.143805759880673 -0.262245250329454 0.0077276801474325 -0.17092170699133
0.130008424123674 -0.249668579308804 0.139967667310237 -0.359127730481332
0.249606276458202 -0.160668642195702 0.48444052181491 -0.353681669692218
0.330061523561291 -0.285711804437641 0.182810106737197 -0.180921282956601
0.155401708449077 -0.364427535398012 0.0418480844989219 -0.105394061457062
-0.174794839383325 -0.346304614667947 0.100849847227013 0.0130425928236304
-0.400540693834098 -0.0948194126622097 0.143729113920134 -0.00739733110325848
-0.289291645227727 0.164450128213569 0.142586228349647 -0.0984448997061754
-0.129810001617449 0.266252953451377 0.0962910401727146 -0.189102615501045
0.0359852932294813 0.318817107108464 0.0164225287263093 -0.205925083054126
0.0917340668492383 0.314626016973388 0.00267840778438108 -0.198644049495609
0.0630855013816746 0.332761200560617 0.00718313757629219 -0.194954338653368
-0.115629782789762 0.319134003695507 0.0708343741479282 -0.142972546731432
-0.280790694033682 0.218470951824224 0.0820946629088561 -0.0498868642303395
-0.469631369861243 -0.0464497785456598 -0.0146369845884722 -0.0248961862262114
-0.267519903172778 -0.37799529738572 -0.0227263592471861 -0.16669703581321
0.142927678763121 -0.431771374057991 0.0753851207041549 -0.321947961901227
0.371205308461 -0.330355191691681 0.334491172538435 -0.295804235573358
0.396801348120796 -0.385192219613306 0.0415142310106729 -0.0737370086805227
0.170607525450767 -0.494904516714218 0.00724786964330726 -0.0113173894303088
-0.248141755359822 -0.450495766573707 0.121589900542618 0.0218237830268844
-0.520825757154268 -0.118156243571615 0.126902452650026 -0.0218085363731081
-0.376572001240729 0.202419992397976 0.0739747180532335 -0.0725785587004301
-0.178457123402339 0.325301518427529 0.0480602602598974 -0.0951063653988418
0.0200910611226174 0.391016171428875 0.0123199829822391 -0.0750944850781119
0.0926732929653452 0.376904547429725 0.0249356936110954 -0.0648620542225285
0.062735627969548 0.394410017059329 0.0200350256718766 -0.0601071230789216
-0.140707603903704 0.375341779645582 0.0492155029253315 -0.0222447830726953
-0.330194040242861 0.259685827054264 0.025645597868468 0.0348242226566938
-0.555339753118277 -0.0288326909460847 -0.0636694847555088 0.0141349263246835
-0.352047634448952 -0.426680040048096 -0.0542208100603951 -0.139848317330626
0.123003334528907 -0.534423066924301 0.0130751695803186 -0.23854638030714
0.423888754544078 -0.444467086318456 0.155689304931166 -0.185379307904022
0.40287635820462 -0.433751566739937 -0.134531603369223 0.0529742487275953
0.157067355110139 -0.558617189317956 -0.0503174294943721 0.112479625566716
-0.290259315383729 -0.489398317843803 0.123515020997714 0.0439685760317844
-0.563728911782843 -0.118094975182864 0.0889417415330149 -0.0270799482782145
-0.402179994938522 0.212807274473568 -0.0107418315579573 -0.0284866044722295
-0.197840848517557 0.335367146354868 -0.0123014308236553 0.02073832023957
0.00365299074285826 0.40515380679563 0.00368558864707043 0.0714887621379976
0.0789368966203454 0.382245384613903 0.0434359616577341 0.0792673532252322
0.0508947030909787 0.393431841992827 0.0320434523713322 0.0806187068955418
-0.148504637674545 0.365884854751276 0.0243705052887455 0.103330752778861
-0.328075126420877 0.246467589405155 -0.0332682205487106 0.120370470395835
-0.536468043845625 -0.0215529179939959 -0.108060149151334 0.0517677956592238
-0.357925052676684 -0.400773995091353 -0.0756857567519691 -0.102585847040582
0.096224616369364 -0.533310568349442 -0.0292437158177444 -0.130718163816807
0.407538767178643 -0.473859696652597 -0.0157644696732181 -0.046288216748297
0.341360494260091 -0.415356900442318 -0.316753184821034 0.180297610298474
0.111773071743118 -0.518507035231801 -0.117589960454207 0.238308217720374
-0.278467933965814 -0.434229546022247 0.0989911722319291 0.0725794875718198
-0.495270895243878 -0.0948375484205647 0.0337948609291783 -0.0190142131352333
-0.349660619461665 0.181576379555095 -0.0935465381434269 0.0263885444350435
-0.179123782928857 0.286990862461329 -0.0703984797185649 0.137889311276661
-0.0094707836792984 0.353258582651886 -0.0052724584514518 0.209526463503668
0.0533999592117927 0.331393566476778 0.0550871572924092 0.211063646479513
0.0261448943805292 0.334030956499028 0.0376633312376526 0.206117649203721
-0.140706577978143 0.297874062886541 -0.00496723314505376 0.207420158468316
-0.278488831025186 0.183927758526043 -0.0900378224352881 0.179763679021525
-0.422560328348237 -0.0311803504645458 -0.140997329346471 0.0679939652525723
-0.283311512675148 -0.32021634913058 -0.0864462910553154 -0.0702523784615623
0.0744822405320514 -0.436639471221386 -0.048229099021483 -0.0303991813562772
0.333727518674402 -0.422367391062733 -0.158452281307979 0.0881001356427867
0.219119742619724 -0.328545425341605 -0.467697983595068 0.286602498854339
0.0478285288711737 -0.376623455472449 -0.180292645286281 0.340056958803667
-0.207214769298773 -0.291356354974593 0.0580413789771037 0.103226357467378
-0.328264196125844 -0.0546097339329494 -0.018178275071903 0.00145762091918108
-0.230787582172543 0.112616739364746 -0.150335778645778 0.0780964562989356
-0.129242801334828 0.186318702596725 -0.112160908707365 0.231940642034756
-0.0219039302668148 0.243509290561877 -0.0100643311663534 0.314847071414961
0.019783390483247 0.228532468795384 0.0579757543967672 0.312221193363029
-0.00401241239440907 0.228868702689005 0.0325388233853312 0.298096579660599
-0.116197564432444 0.1899810643692 -0.0413254741918406 0.273472266143397
-0.193330749283299 0.0952430286397961 -0.141066027749116 0.199744469861663
-0.254708841650411 -0.0405918762163704 -0.1583992955582 0.0584126469297903
-0.166318291310907 -0.200748471716669 -0.0863026904479034 -0.0512827329405654
0.0475098195750056 -0.283147177275774 -0.0506326399908693 0.0423416800770524
0.216888643899313 -0.31004778402741 -0.256478482469305 0.193209086775921
0.0601226520570113 -0.184231668342571 -0.560762133217347 0.354263555766151
-0.0236686138371368 -0.169577647706195 -0.221003861426146 0.405444062409261
-0.10410599304273 -0.0993831172276217 0.0201240345989561 0.133476384672544
-0.109991050260694 -0.0056930199540474 -0.0487626778366849 0.0260479690951321
-0.0762972891216486 0.0240800895494171 -0.169878620760153 0.111858226013072
-0.0618460037394277 0.0534487372241204 -0.129179672435432 0.285274808908783
-0.0329620618844947 0.0933468569549431 -0.0116136655635225 0.370285517291712
-0.0172098586811339 0.0907830745038908 0.0522328817665059 0.365286887030309
-0.0305683812567474 0.0940302601854896 0.0184796392880329 0.346113816476803
-0.0729224426191405 0.0659025099949479 -0.080608161437949 0.296321682675337
-0.088841660190257 0.0118592974804152 -0.179289877607885 0.18524565152763
-0.0776181053272978 -0.0293149869844782 -0.159486171955795 0.0312392787787282
-0.0563769358013841 -0.0666306967735268 -0.0802846052704885 -0.0387240855502795
0.0037948183374135 -0.116733592663976 -0.0451231288671082 0.0867584850803038
0.07209138591175 -0.167879382081865 -0.302563196066502 0.258595439995347
0.0940220589442406 -0.00541222425969618 0.307600170900593 -0.315511022896618
0.0685704838671493 -0.0502023931677748 0.0420096053327971 -0.189328556823633
-0.023990311591612 -0.0766250245770272 0.0553793473575652 0.0345715463404461
-0.0960412694872281 -0.0107954904889113 0.154206480496141 0.0128506207711931
-0.0491168367455125 0.059649083014133 0.214336743346238 -0.132538732797173
0.00112560789604605 0.0711140867761529 0.136579830617383 -0.298657293798019
0.0445715251099564 0.0638808680798482 0.00766093557267951 -0.365349487417456
0.0524503842568967 0.0654565653454183 -0.0388900461006829 -0.373828819835532
0.0438229166564575 0.0711384158318066 -0.0060347690752837 -0.370780195796453
-0.00422984090618613 0.0788309438560196 0.100371614826473 -0.299665491169698
-0.0566388554753166 0.0654545920325008 0.160594797105579 -0.159575052899309
-0.113569539466559 -0.0227400125278828 0.064975758905706 -0.0672681227279509
-0.02043683366725 -0.100885499689677 0.0284667809117173 -0.15860773339371
0.0817807438878906 -0.034396153853901 0.199713436630576 -0.359187770800546
0.0796366277087801 0.0290026395454563 0.600467317998863 -0.359678575630613
0.227991825945157 -0.155065538767404 0.280728684095046 -0.268414100390129
0.122322724796725 -0.212881170046597 0.0553082649597128 -0.16615935008368
-0.0996164336858458 -0.219394853545229 0.0768834740080277 0.0184952858330084
-0.258331329851336 -0.0562164344600313 0.151303031053841 0.00652861156810817
-0.179585382058126 0.118351178388021 0.192244244476009 -0.116858576378004
-0.0681056277093776 0.18232558164532 0.129768880071806 -0.259956441222359
0.0446531483613637 0.208431477193788 0.0170009589043294 -0.310469749451496
0.0787480742836201 0.209259657613755 -0.0191786854181695 -0.31403985930296
0.0544029277580203 0.224937696234914 0.00190476995068427 -0.308862056673115
-0.0727046640383358 0.219316123380574 0.0936531558062042 -0.243783333028867
-0.190273979238576 0.149164580971679 0.132621200287739 -0.117314283577991
-0.317955141292246 -0.0514858255629579 0.0296929817923617 -0.0529989423974305
-0.146022539322017 -0.271662026177143 0.00859018307432274 -0.177328155210587
0.139679710816761 -0.254937190266644 0.14817353513953 -0.369454969961785
0.258248448694915 -0.160965738974798 0.504357092821862 -0.360638627146472
0.34190328101048 -0.288523246668559 0.191472330536468 -0.188898747146644
0.165782287825741 -0.372351044475804 0.0454394071192846 -0.108855261326356
-0.175132955968681 -0.35573062956421 0.104387340966305 0.0120485795359454
-0.412330506122769 -0.0985239780519469 0.14760697153472 -0.00765936673376506
-0.301246543200338 0.168286452847721 0.147098297735428 -0.100177772455054
-0.136132850621057 0.27474198452692 0.0997948061979049 -0.192798596651969
0.0342205270944963 0.32720990361517 0.020824587474842 -0.210981573397204
0.0937249049632392 0.322755109614902 0.00507593905073061 -0.205922587705901
0.061893319607487 0.342007677116539 0.0111293574649444 -0.199212314877932
-0.122148905566767 0.328668017911908 0.076293976279567 -0.146859689885279
-0.290259532806821 0.222908691102968 0.0850719593942142 -0.050041460730139
-0.483573332227894 -0.0506062254486705 -0.0177804782912102 -0.0246310437901983
-0.273759525671458 -0.391234435088369 -0.0228515684630936 -0.174434546280886
0.154315811730524 -0.441374724763062 0.079689043644673 -0.33193202617101
0.384591632428764 -0.332836299848413 0.349436540886236 -0.30067489817304
0.411105572107003 -0.391255984065084 0.044930107421498 -0.0802527816897787
0.183244118654213 -0.508037491143178 0.0083601028396892 -0.0122976330070264
-0.250870756101724 -0.462396973137171 0.125960767380267 0.0211872133979845
-0.535007683135033 -0.122104999107354 0.131339754580237 -0.0226429590807985
-0.388445456127399 0.206926793960054 0.0771226607151461 -0.0737287325466678
-0.187590992510385 0.335233219026775 0.0485610965802384 -0.0968953479778469
0.0186252421720761 0.400922016312623 0.016429253307316 -0.0770915266024775
0.0940205809828641 0.387093958108029 0.0269101167023833 -0.0672479051292499
0.0617857311369308 0.403871761604631 0.0222857052685718 -0.0600807656026496
-0.148495226350687 0.385891910447685 0.0525627273121739 -0.0221602341220326
-0.342124120970357 0.265690159096326 0.0267177489486271 0.0367020041062245
-0.570623196819416 -0.0332026175590255 -0.069285420568861 0.0153278023322314
-0.360223889627693 -0.439542237216792 -0.0559055722333042 -0.147759302233507
0.134856002456758 -0.547006509038754 0.0149773700341068 -0.246595430965412
0.44168551835227 -0.4492156629911 0.164567328750374 -0.188360591614877
0.417806913145622 -0.441673284757566 -0.138714227358718 0.0489785444331729
0.168598014264782 -0.574038445161587 -0.0522140061188951 0.114471828894007
-0.296119308253336 -0.50332524512084 0.127684584260296 0.0445307031016708
-0.580191152611229 -0.121808517328937 0.0934359677351627 -0.0278311767628609
-0.416587476920174 0.217690654493088 -0.0107427590902129 -0.0299163457899729
-0.207115896610471 0.345460380872156 -0.0146152987793134 0.0211528167667621
0.000302948203669844 0.414841230180763 0.0072725779200833 0.073271554761848
0.0806821998141774 0.393171049369727 0.0447285274949302 0.08171488477184
0.0498800193005794 0.403485596689327 0.0329944868090166 0.0849400927346338
-0.156564994034711 0.376842568570387 0.026539145558295 0.106664786962188
-0.33917805287775 0.253534188744635 -0.0344914395047013 0.123137402755433
-0.55311790013509 -0.0246269368465302 -0.114366120209068 0.0534687789309908
-0.368085594366738 -0.413331659626399 -0.0790513698019498 -0.109150876167907
0.105824898686913 -0.547364757104497 -0.0307231680731871 -0.135399686156875
0.423537082830705 -0.480450343416042 -0.0147575982520525 -0.0456458658750692
0.354846127611957 -0.424164706798676 -0.327392769078852 0.180494569787934
0.120350814828831 -0.535272359330151 -0.124267169058326 0.244297606720929
-0.284330532056742 -0.4455679053898 0.102950253446304 0.0746698470127316
-0.511562046266631 -0.0977684398208587 0.0372807097725532 -0.0197392527452703
-0.362946310236643 0.185649310339712 -0.0958960698097364 0.0257024043381015
-0.188064877538588 0.296215603214271 -0.0753436115847757 0.140877800159066
-0.0110092143172712 0.36238477133952 -0.00335402126019979 0.214783067143414
0.0544295020680641 0.339512799008513 0.0564458333480168 0.218315133913443
0.0252923573943314 0.341719629267288 0.0367898767601623 0.214477593182239
-0.146487442486032 0.306011863840893 -0.00556918906766688 0.213144794076737
-0.287610358653705 0.188452191235802 -0.0934697367064692 0.183569933900878
-0.433807970271393 -0.0354386083336044 -0.148397269857395 0.069704226502889
-0.288699870030149 -0.328365492861016 -0.0899347829328013 -0.0758662638857695
0.0817124900290003 -0.447227907808966 -0.0514958473595472 -0.0331338141979156
0.345988462076325 -0.427074387601818 -0.163218716926432 0.0918654333469341
0.229349296197264 -0.337548131187855 -0.484851873711142 0.289676956533765
0.0528092768043903 -0.390501509693553 -0.190522085709312 0.349398088363747
-0.212788145265864 -0.299888731895619 0.0605813251405224 0.106422042687278
-0.339554761750255 -0.0555920922507902 -0.0165170425587341 0.000639308730528587
-0.239775891517449 0.11554750050296 -0.155836384066109 0.0780795817943284
-0.135954649081181 0.192687051823788 -0.11911580197561 0.236997523713418
-0.0229651643953857 0.249566779589864 -0.0114859388490158 0.322852901740439
0.0203733699311881 0.23397075192751 0.0588767877582694 0.322181834784948
-0.00451843752042184 0.233910933453966 0.0301274862178074 0.308847954079528
-0.120162359850295 0.194985460070525 -0.0440882806695434 0.280218577246494
-0.198887987248561 0.0984825546811706 -0.145911390749601 0.203659472582374
-0.260614513165093 -0.0426631979618033 -0.164927615234277 0.05871840145645
-0.170329400639458 -0.205294451836126 -0.0895900649587937 -0.0545514310102476
0.0509098641375624 -0.288911731423335 -0.0539464852039019 0.042304996499918
0.225573621154423 -0.314152546627465 -0.265049634603308 0.199649055341745
0.063966224611453 -0.191423380116356 -0.583738006323335 0.359323136090334
-0.0232432764133251 -0.176215940667878 -0.234688823965457 0.416974530304898
-0.107944560956995 -0.102048797833586 0.0208289171144508 0.13841218446717
-0.114129748990115 -0.00451645275093555 -0.0483895940884651 0.0258247169643256
-0.0796355384800224 0.0249722263117716 -0.175371819081725 0.112925143184224
-0.0650894420165911 0.0554352430168469 -0.135710472596967 0.291461561089923
-0.0335668784477434 0.0951402091770686 -0.0124675386782193 0.379734261349577
-0.0174712948567042 0.0930765869206066 0.0520469518407072 0.378744115817139
-0.0303722556570489 0.0957402111276652 0.0151975856533738 0.357837899931254
-0.0744113804213223 0.0670634534194971 -0.085721393010455 0.30412029316167
-0.0906654962263573 0.013342604197245 -0.18494614988237 0.18738675901159
-0.0787966561390347 -0.0298004480309315 -0.165167741663867 0.0307032302747292
-0.057926860199962 -0.0666033710657731 -0.0830086754813877 -0.0408544653185491
0.00242437923325159 -0.119364771522041 -0.0487154099972104 0.0878113561201625
0.0754379455704141 -0.171644316625819 -0.313900839608875 0.267097817484683
0.0989752509416066 -0.00516499082439451 0.31474896928703 -0.343950656767666
0.0729051436948498 -0.0540692627933678 0.0414452276892812 -0.200373529246658
-0.0258513511553521 -0.081050571071237 0.0591202200944092 0.0332174241228613
-0.100381686201651 -0.00980617886607103 0.16078389698534 0.00821062949149739
-0.0499544660293081 0.0641109857459568 0.220863474810373 -0.14570165251424
0.00421545294089065 0.075167826621128 0.134964630020257 -0.31655884934765
0.0478016036909836 0.0658899234125224 -0.00274160199367878 -0.382625969674689
0.0571425914076924 0.0669501949952913 -0.0530373723093061 -0.393343091029513
0.0471421763023115 0.0736726419987317 -0.0149145250921091 -0.389342569772086
-0.0029781594543107 0.083185815168307 0.0984378883848659 -0.316938592881421
-0.0573010742706894 0.0690111011537807 0.163414644867969 -0.171091238368182
-0.120351374078704 -0.0209978497340527 0.0652790733501685 -0.0713629593732818
-0.0244271588091762 -0.105880896361984 0.025656336627993 -0.167693947762019
0.0869326137062071 -0.0384165213622415 0.200133782445888 -0.382750649636522
0.0846756696542326 0.0295818277225022 0.6216914640391 -0.393616285291723
0.234492072984317 -0.165544444365818 0.288785648792523 -0.294094086780562
0.125051692842823 -0.226551544444702 0.0560673865804197 -0.176695893170361
-0.109725125173386 -0.227004690457964 0.0816083701482842 0.015336946322418
-0.272909358134225 -0.0517328023022813 0.15820226909956 0.00166112410691319
-0.185264249322929 0.130008888392154 0.198002618363787 -0.127833294399977
-0.0657259455688231 0.194646800467989 0.128256409227644 -0.275381264035236
0.0527631592695718 0.217760511535314 0.0107813079900657 -0.326550075642764
0.0895800551094583 0.216238465007539 -0.0300647896167262 -0.331292056528964
0.0632733910960413 0.23455594779777 -0.00606238200146409 -0.323849906466958
-0.0707203999943461 0.233408335250829 0.0933506843295433 -0.258832882415719
-0.19553245651896 0.161467797026845 0.135466788572594 -0.125883450992232
-0.33608533842079 -0.0436310350736885 0.0276144960362403 -0.0547867082761611
-0.16181241151924 -0.281069762329693 0.00279407245925387 -0.188354329838527
0.142467968657896 -0.272657345424939 0.144550717880086 -0.392272816720814
0.267341572570462 -0.173756426167856 0.522026351989756 -0.39255677275069
0.349046294795973 -0.309795418761274 0.197031706152165 -0.208718026726939
0.167235868904752 -0.395870234740648 0.046863056530153 -0.116447960189067
-0.194870769300528 -0.366783113762404 0.110540518567431 0.0075579530704852
-0.436345249399141 -0.0894859486926022 0.154599523832769 -0.0137584401057128
-0.312427129391673 0.186778158141258 0.151443596087961 -0.109917114525167
-0.13424751782605 0.293816478840551 0.0981352537423491 -0.204388650204489
0.0455079099041703 0.342273963731574 0.0185948380081445 -0.222096899202041
0.109280280682897 0.334302912837981 -0.0010793172335529 -0.218431959656466
0.0750916646921983 0.356808408734043 0.00746972599564344 -0.208729306742028
-0.120216740453373 0.350029193602018 0.0778440385894144 -0.156281078846614
-0.297719647813266 0.242549707326469 0.0882255662305978 -0.0534410891794165
-0.509735267756138 -0.0382559613435321 -0.0223776930013292 -0.0232953626235829
-0.298446995603096 -0.401155665176188 -0.0307080385096817 -0.186293270779097
0.15368475814851 -0.467692807277308 0.0733348362432861 -0.352341237571584
0.394229352457071 -0.358235926473996 0.359608052243647 -0.325153975285417
0.419405042028528 -0.418529151113677 0.0449761138359334 -0.090694525941568
0.179697820178782 -0.539169565119734 0.00954919076213863 -0.0136678982799509
-0.276754456601087 -0.476352557848365 0.134350582818407 0.0164256924606973
-0.567349476574872 -0.107885833166897 0.139221484051859 -0.0291903265749855
-0.404831838592934 0.230927442475781 0.0788101123283342 -0.0800821559361329
-0.187469346761324 0.360379299664755 0.0465951687477839 -0.103002047911284
0.031749395856756 0.420159615506293 0.0185097119499687 -0.0821174226586915
0.113715058655585 0.402097719995114 0.0270332912629119 -0.0724562789249322
0.0765111210420932 0.420885887513767 0.0231720987770018 -0.0619860640161786
-0.14578853912959 0.411078732117061 0.0562726815058771 -0.0254854039643367
-0.351484236877376 0.288551310358213 0.0298655008138017 0.0387283765834233
-0.601917751371705 -0.0168702737850348 -0.0751361079021587 0.0205303765139911
-0.391764281239765 -0.449008105682038 -0.0657309705741767 -0.157097491636865
0.129237598949902 -0.578041816122085 0.0062217305391244 -0.259961177765942
0.44821212459352 -0.480440610548642 0.169389471685187 -0.201147821337818
0.425421430312572 -0.474320411022043 -0.14473662458319 0.0515185916724741
0.162016506310589 -0.609436085832403 -0.0516009285722572 0.121355048867646
-0.324342422396988 -0.516411081553052 0.137552769200828 0.0413732403611764
-0.614825007821449 -0.106802962909195 0.0997734953144433 -0.0340957794276639
-0.433190751598236 0.242918922171332 -0.0116627006867149 -0.0314899798589393
-0.206813026838689 0.371980144852084 -0.0166143636153311 0.0222621511063358
0.014385456359407 0.434639449136421 0.013512201624207 0.0758530470803759
0.0982192360726025 0.408378425061483 0.0513294927611118 0.0840964292202619
0.0642099156174757 0.419957522292024 0.038487945920249 0.091171909238023
-0.153021328560794 0.400669361715336 0.0321298439903146 0.110312572394198
-0.348200134768568 0.27598862533866 -0.0318111464108971 0.130584822791582
-0.581436096323943 -0.00913084026112793 -0.121997413457214 0.061747610997913
-0.396505130229684 -0.420382552502567 -0.0891856369337719 -0.116326059071655
0.100206041368874 -0.576684395981332 -0.0387525200874363 -0.142834954990237
0.429690784129684 -0.51401916863639 -0.0154499724123769 -0.0450288287759101
0.360185038562581 -0.456188697543263 -0.340246815802127 0.196534562037821
0.113021624054068 -0.567659123896228 -0.124667860927165 0.260437004482461
-0.31246484394709 -0.457018868466563 0.112415315756617 0.0739736951295599
-0.541641002764208 -0.0834167699872437 0.0413712363922023 -0.0236148744943829
-0.377771555295428 0.207554726839317 -0.0994832510319837 0.0284570943182403
-0.189785101998988 0.318826032597522 -0.0774422190551701 0.149607403636232
-0.000658738325893349 0.37931605709897 0.00628419496096483 0.224799974054863
0.0699147891089537 0.353317957263512 0.0678741352899016 0.228277567301928
0.0374079580051962 0.356929094600969 0.0460407349618523 0.226087302835658
-0.144738712939366 0.325474366644445 0.000798093223282002 0.223568601314047
-0.295763770991764 0.207594120899 -0.0919889300310666 0.195660007649666
-0.456872077947492 -0.0226001448633808 -0.156356113596534 0.0798156603659855
-0.312544034705704 -0.333563806100423 -0.099410167660323 -0.0799898914718956
0.075028227513994 -0.469638788423648 -0.0575995631895807 -0.0345601015305676
0.350116069465866 -0.456372760588231 -0.168086052998281 0.103861773351049
0.231681165260878 -0.361309186626657 -0.50333087506398 0.317322511241169
0.0450462329932379 -0.414223401731063 -0.19190499170329 0.373858207779138
-0.234112176542336 -0.306468735354721 0.0686220006717579 0.109526610750586
-0.359928169186156 -0.043697420186586 -0.0149608546512585 -0.000774243045081144
-0.249788800829891 0.130245919358926 -0.160296943684538 0.0853738670017143
-0.137748703860661 0.208350322774021 -0.119742468578483 0.252094429251055
-0.0159873038977328 0.261526900269663 0.000446066038391134 0.339000748265244
0.0307816599760271 0.243908425437927 0.0730158114300406 0.338646527514378
0.00366092747603278 0.244021713200719 0.0403623890447047 0.325235362581946
-0.119415236350564 0.208121301145731 -0.0386988554585781 0.29466304232643
-0.205168396824858 0.110491563430785 -0.146768026497207 0.217199499835048
-0.274170686106479 -0.0354836979383066 -0.173114482093446 0.0676051093204113
-0.184160500410158 -0.20675271131524 -0.0976814950249696 -0.0567404235049153
0.0453588516081239 -0.303472198964149 -0.0581533498992867 0.0444681864982995
0.226634102011826 -0.334813580312834 -0.272745749732755 0.219898983840297
0.0626187981466985 -0.204807528427172 -0.604857315978067 0.394133463055123
-0.0297346925237136 -0.186238780583373 -0.234814181697932 0.446192614088627
-0.118339157051811 -0.102482928122335 0.0274351339938695 0.144472513658625
-0.120953236750033 0.00184622217901765 -0.0486975630121995 0.0268673329604295
-0.0840220083812188 0.0293617514699215 -0.181568062051661 0.122525598929617
-0.0676225639419473 0.0620351732858461 -0.135730510597609 0.308718506742266
-0.0314794172261128 0.100274955094984 -0.00132216161286149 0.399093232128487
-0.0138670521074796 0.0976263828277197 0.0679216209671704 0.397273389619504
-0.0276580940436648 0.100387227077777 0.0258384045291962 0.376139264535395
-0.0747552978665898 0.0726858143220652 -0.0822682094730601 0.32123313293398
-0.0930823910178114 0.0182281719898262 -0.18806628692826 0.201075671282069
-0.0822028034341796 -0.0273824555549309 -0.172690644780069 0.0368232290696441
-0.0629111074927827 -0.0658435549341956 -0.0895652061952676 -0.0404662435064151
-0.00192057843796984 -0.124458061687242 -0.0508440201989244 0.0923208079230846
0.0739706946576748 -0.18143593667332 -0.32175989088679 0.292170202558873
0.0991324447705021 0.00448416108216157 0.378167642055757 -0.302281790037384
0.0820509893987273 -0.04276210991366 0.0772514998919703 -0.201226124270364
-0.00968518895875028 -0.0878288356630178 0.05452200870266 0.0369931971612936
-0.0982811517666646 -0.0294532388581229 0.157652270394485 0.0290594679347067
-0.0635197617108007 0.0520592146628881 0.246167533204775 -0.114305793935022
-0.00992289234058881 0.074369611037418 0.18643269622373 -0.305489760526966
0.0371449110937293 0.0738720510396607 0.0537923236494178 -0.395096256110711
0.0437175847192226 0.0763675630532554 0.00444977321326938 -0.417267871826087
0.0345113078043807 0.0835118712119347 0.0402259797626478 -0.408085062043491
-0.0178682888948003 0.0834681762410313 0.147460578054068 -0.315033259380096
-0.0715881439793657 0.0577549721375653 0.193749425827288 -0.153244117149194
-0.12024392564659 -0.0424118703838523 0.0838558813451528 -0.0628203699210795
-0.00291893558113444 -0.116520925710365 0.0500589497222179 -0.165706451801118
0.104347735925965 -0.0276990455727412 0.259542246471758 -0.359181554392599
0.0896085758324074 0.0432819382455211 0.704458295525076 -0.304985496805733
0.263347251246334 -0.13257515351667 0.349369541762612 -0.261718642557175
0.162660480707652 -0.207650452219728 0.0900067669291424 -0.180001053355143
-0.0689225263818344 -0.247528959489895 0.0757287427540152 0.0122365089119783
-0.26458374340176 -0.0953247489596412 0.146268663165683 0.0144962180823932
-0.211468174327798 0.0971891383252993 0.213993448064449 -0.0944748705361876
-0.101410161325661 0.185956872086416 0.170607802068318 -0.260887481804341
0.0181961670367429 0.228033689881595 0.0577962410948066 -0.330522745603923
0.0496397067443394 0.235445759693274 0.019445337577198 -0.34906835765967
0.0236993445946104 0.250177021486319 0.0386193923203812 -0.340236924137073
-0.113690663717041 0.226545988068619 0.132972406795923 -0.259241956777498
-0.232562472239191 0.127173531744526 0.165150773305912 -0.11408781781857
-0.340281629777699 -0.100909666738412 0.0544881347115875 -0.0548123139530305
-0.110795797727503 -0.323267884319974 0.0315685626343327 -0.18744689742657
0.20468779981113 -0.259800665975592 0.201199781438503 -0.366328514654055
0.32095277830807 -0.137321947845592 0.587702192874342 -0.314742583235067
0.403854249417689 -0.25519972378015 0.248703669014338 -0.19464069628302
0.231355537005747 -0.37165555824372 0.0723509346622499 -0.125047248010578
-0.130777792836225 -0.400439845181669 0.101633310706065 -0.000390771876541324
-0.421962868103846 -0.156394196144863 0.137071415934882 -0.00817471558339588
-0.348612299295563 0.135307452584474 0.15735240247646 -0.0778485936130217
-0.187793451812306 0.277403346619363 0.126147955154767 -0.189290284511455
-0.00837664144837166 0.353206905030016 0.048092779279995 -0.218798075494916
0.0488306530002176 0.360712527195542 0.0320058256823329 -0.227100517614034
0.0150781274174424 0.377457800315217 0.0342837563750931 -0.219541387215749
-0.184050480761619 0.340275265983362 0.100714371343702 -0.159319767498315
-0.355244382036618 0.192907976321206 0.11037319324047 -0.0493329438619255
-0.523054864068808 -0.123162823583336 0.00747702223553516 -0.0331481592651527
-0.228712838462828 -0.473875206835595 -0.00107666878574134 -0.187228497678202
0.250693296568674 -0.460075208341972 0.119310245896331 -0.32745970850843
0.489298115005206 -0.305296653999775 0.399933632400661 -0.264333306548196
0.491939824166635 -0.349736298592144 0.080193204708857 -0.100889794260539
0.269662665015309 -0.51223375898601 0.0195839124206452 -0.0296358984385672
-0.194984563391976 -0.522818682019298 0.120484318050782 0.00546565001773073
-0.550652198426051 -0.195045433630984 0.116500175372724 -0.0307540708744254
-0.4493795866711 0.166786569939564 0.0734766997896123 -0.0551698387155249
-0.252195263310413 0.337595909265755 0.0561808213600934 -0.0906493083947174
-0.0345733353322482 0.431264659958784 0.0256754996843369 -0.0713472073389693
0.0409419243251848 0.431306209900221 0.0402918995179756 -0.0705350759786667
0.00631033163141582 0.443487775998573 0.0288804226650932 -0.0648864999009945
-0.220296616772426 0.398802819966869 0.0592567140681708 -0.0281185857131336
-0.419627382398395 0.232532523490599 0.0396895912059726 0.0355456879229276
-0.622715023114772 -0.117027083585923 -0.0490974588731444 0.000949517379108887
-0.315169503729114 -0.538771001486434 -0.039662369281935 -0.16205494502251
0.244440528246744 -0.577799184681797 0.0366251436563163 -0.23931740176181
0.568632676207344 -0.422559015811 0.176811687974701 -0.163165594482404
0.509181707927891 -0.399761662728938 -0.134670168856965 0.0122457829291364
0.264001893016044 -0.585445337186549 -0.0647224758557687 0.0992643221750907
-0.239182351326765 -0.573090746537642 0.118081817588701 0.0288444143207078
-0.599605749869318 -0.197424997554637 0.0741322512650922 -0.0439495610790834
-0.480384601695035 0.17625326661155 -0.0283808603589397 -0.0185255707113211
-0.275373944376024 0.349287698680301 -0.028579869542536 0.0291798952663443
-0.0537752521010854 0.444009486455435 -0.00416678054647231 0.0916910339291002
0.028566602115118 0.435000784841592 0.0414552233672203 0.0955817659301201
-0.00533704662048424 0.439997644149827 0.0224617548753625 0.0966947814621589
-0.226515571677907 0.387318901179743 0.0146778717113487 0.108704098500114
-0.41358618922863 0.221052411294479 -0.0367125485833892 0.121230446367134
-0.601929614036385 -0.102599510371727 -0.104520748262066 0.035323405331436
-0.325688580270992 -0.509949409789918 -0.0707599316611921 -0.123726706327996
0.21168158532415 -0.580092138153552 -0.0267890783509304 -0.126896201111135
0.55350666150409 -0.460162613853634 -0.0406091298990619 -0.0308958106343024
0.440230219168328 -0.389006419631168 -0.357901135782073 0.129176393684198
0.209757412750441 -0.551500326669063 -0.16284364496111 0.233444950959004
-0.23460744337461 -0.512641776215329 0.0883539581107375 0.0632924064156406
-0.531948973313673 -0.162376383767109 0.0168126903277952 -0.0391224053498364
-0.416794820857643 0.151294798281223 -0.125334974808873 0.0286719418845571
-0.247074119862277 0.299115031861961 -0.109390822291315 0.150647223033033
-0.0596233032611919 0.385428206768655 -0.0335058270180973 0.243740363270124
0.00926744714042524 0.373894457889042 0.0367339598345984 0.247902763086307
-0.0222017764690092 0.370424447442613 0.0109308528707456 0.239061935924518
-0.204522822291662 0.312289772912577 -0.0336123666476486 0.222354764387931
-0.346829157390263 0.158872732797841 -0.110916202012214 0.181658529133569
-0.471557350921159 -0.0961609679552876 -0.148475668682162 0.0514693112142829
-0.256818557024228 -0.401228129597816 -0.0878555268887367 -0.0899536635249487
0.164592239114473 -0.47123646499412 -0.0611357750437479 -0.0241635052120289
0.456831272725894 -0.412866455259389 -0.217675989031346 0.0969338424183481
0.29402065733076 -0.313204193406205 -0.548163947610407 0.230945058302071
0.117220054058725 -0.40623906774963 -0.252181460229355 0.345280565256248
-0.182912710008625 -0.346185897479975 0.0423630059195972 0.102675815327891
-0.355130458415556 -0.0945643281891222 -0.0344900410706618 -0.0165977353157178
-0.274870507845061 0.0954603877918774 -0.190983238642749 0.0720127536406703
-0.175445833982572 0.195053124949657 -0.167705651349627 0.247617384736164
-0.0567673141579293 0.263538569856797 -0.0547790710935662 0.358142288522325
-0.0100697326330195 0.25646470775841 0.0260044559802412 0.363127100372367
-0.036808923676492 0.249228886884811 -0.00714384300279001 0.343213531546655
-0.158321327451187 0.195744265760489 -0.0833528184446662 0.293432653901671
-0.234104498638152 0.0768181242925047 -0.173331205737076 0.198604821921983
-0.279862012585393 -0.080564773166731 -0.173108943419557 0.04050650040643
-0.149240170643543 -0.247115857585775 -0.0915771263794049 -0.0681409248482365
0.101245330962345 -0.303859740411513 -0.0716960630117736 0.0492272408283662
0.301252254287443 -0.307874669673733 -0.336295748268907 0.195752214615559
0.0967754629420883 -0.182000177876219 -0.670811692420946 0.298829357573143
0.00514370131987106 -0.189291175898446 -0.309615754070015 0.421733763416138
-0.101483694940588 -0.121408397534496 0.00171787589548022 0.144845243889365
-0.121637998495342 -0.0124432439045598 -0.0598957509574372 0.0161071025170913
-0.0889962289349453 0.0204636910272421 -0.209542226337692 0.100783103371957
-0.0778874477739897 0.0565469822279552 -0.189625142639035 0.300131483803416
-0.0463598279177509 0.0974410880741832 -0.063223835285804 0.416813174222861
-0.0286669540148105 0.0990358929869576 0.0116826367330579 0.423534037203321
-0.0437627122295616 0.0973813740784464 -0.0299249521997794 0.394987037148813
-0.0888086070675703 0.0637554992092458 -0.13137476802244 0.317697242273963
-0.100983169238427 0.00366759001825608 -0.218200421598866 0.178846759485567
-0.0821036008605584 -0.0409370185823847 -0.178644733036347 0.0120746140994847
-0.0523777857576268 -0.0789532975229456 -0.0871118386648888 -0.0528382519078435
0.0175724298309891 -0.126703752203879 -0.0678388872603318 0.0912859733579081
0.109990391887239 -0.174560138419269 -0.388142719757438 0.257708711195786
0.0994959890358728 -0.00129381502574337 0.347927724356212 -0.337505913855282
0.0808804120117009 -0.0488459880977756 0.0609019512352483 -0.207712044797941
-0.0162792741955374 -0.0875550161900379 0.0579337895668736 0.0310050318424219
-0.101008132437912 -0.0219250704833029 0.157537971488922 0.0145067592445912
-0.0587010188015163 0.0571102139546864 0.233838481909476 -0.135433837191331
-0.00263887323628258 0.0745432707662623 0.158235744220562 -0.320050755788678
0.0433292380371706 0.0703907567192921 0.0182396453989697 -0.396319849429486
0.0499180520423326 0.0718738662062932 -0.0346161242935001 -0.415460794647589
0.0414206095758643 0.0801419149511142 0.00313261790698224 -0.410115257320413
-0.0114478916799285 0.0850063603655998 0.119665881218937 -0.325540473125204
-0.0664011743357334 0.0622079224399676 0.178546611593304 -0.167716445629899
-0.123032555149641 -0.0316171507321453 0.0764962679853973 -0.0689369173129823
-0.0138367040401158 -0.116101420271984 0.034450005522878 -0.168881187835804
0.102304666145366 -0.0374181233217946 0.227312659499801 -0.378998276125083
0.0925680382567093 0.0366770812583853 0.674553968209868 -0.365157161377208
0.249334756111415 -0.151250191030996 0.322909816225182 -0.294435332353187
0.145914737411788 -0.21981300094266 0.0751124260385019 -0.187970654214806
-0.0893077042522163 -0.238448815602164 0.0763649267213871 0.0042314128466147
-0.271947137276901 -0.0710566195361299 0.145749318336061 0.000542132749755995
-0.201890876035728 0.116729174765876 0.204037587642819 -0.11259412805866
-0.0831676925692186 0.194753894058585 0.145960453333357 -0.274052630921457
0.0380558500954048 0.225370553075184 0.0295932986524333 -0.334335855429325
0.0713003244425599 0.228324767703862 -0.0128857601130663 -0.350025001453203
0.0459544310825162 0.246814978361869 0.0100017813043222 -0.341934862615799
-0.0938011474118343 0.235918244226754 0.110410647636709 -0.269591097745541
-0.221111380916851 0.146289140981751 0.154910346202557 -0.126621593720534
-0.348182775028782 -0.0698221940832216 0.0476738203903773 -0.0569570358209119
-0.139418370974114 -0.310876692179276 0.0133565847897121 -0.190264577453525
0.183745657894433 -0.277076053406776 0.16731631868086 -0.381401870191572
0.306602186289889 -0.162344421353913 0.555885092762252 -0.366675776382806
0.376469524753749 -0.28583793804042 0.22961250253627 -0.219594279311049
0.199355701641718 -0.388864483992938 0.0629993037441878 -0.131795777143479
-0.164300265819008 -0.384057643390133 0.10177886600118 -0.0115853180122264
-0.433491896735712 -0.11529442780877 0.135002899860123 -0.0227699212695507
-0.335002299523197 0.167530038666405 0.150168269864355 -0.0923125216638798
-0.160546755254938 0.294109171723214 0.108094819287181 -0.199143866821925
0.0230906007989215 0.351597807800091 0.030665558970434 -0.223054756016359
0.0821181624926905 0.351032847203467 0.0113502021040419 -0.229802630362755
0.0489232717960567 0.373573399940345 0.0165745460348894 -0.220922304082526
-0.152199654945586 0.355441831861875 0.0870991586711698 -0.167796304381711
-0.336023863564584 0.222168495130892 0.106584937981515 -0.0582945661330665
-0.531798175204008 -0.0736008911353973 0.0030579717828793 -0.0307300734023714
-0.268536343765448 -0.44823334335657 -0.0211222003258669 -0.188699827173365
0.212085847096076 -0.480357072988854 0.087887430183133 -0.335983281196516
0.45876663086599 -0.343965677145743 0.374501268874591 -0.296121304551711
0.457273260705284 -0.38762737288882 0.0701153138055851 -0.111403758395548
0.223477745660266 -0.532742173007197 0.0184283811864169 -0.0319929494743388
-0.240762379296418 -0.499588998308935 0.121113014407843 -0.00830510198620444
-0.564792863417111 -0.140301110255827 0.113075979201185 -0.0445617068755035
-0.432786679197256 0.20849589673979 0.0690369775996401 -0.0629374491372677
-0.219420687054294 0.361078608583621 0.0465817154476756 -0.0949284780379994
0.00388738140224354 0.430996766921407 0.0222841796650369 -0.0753562754746679
0.0823883135108903 0.421296114043969 0.033876649181233 -0.0750654782870341
0.0471272889694326 0.438493362952169 0.025498193538467 -0.0664079275779415
-0.184253803833846 0.41688608808104 0.0576218058138767 -0.0340974330118258
-0.396847747979838 0.26728463142277 0.0444133669223835 0.0322023917059659
-0.629752093409582 -0.0586916052610026 -0.0507743171421323 0.00906117163370054
-0.360475490197458 -0.504341543179525 -0.0579760718579152 -0.160660765162676
0.196882722805613 -0.597274196589172 0.0122565384107678 -0.240422321373134
0.525242713947531 -0.467414155649079 0.161545404316419 -0.175674308487531
0.469442052116545 -0.44022119725646 -0.131808693413498 0.0209641611440776
0.21078118208038 -0.607355781370455 -0.0543198156162096 0.10419332230829
-0.286827845029625 -0.5447755925849 0.120725569073365 0.0154497863733401
-0.615062787584966 -0.136509773789068 0.0709215864539716 -0.0533151529277101
-0.462437785280447 0.221925294455395 -0.029138656776491 -0.0172173081218026
-0.24153850966803 0.374072669979249 -0.0270779561263344 0.031742156703674
-0.0131713612224707 0.444587756242422 0.00728281312463522 0.0893270855216537
0.0684576771858384 0.426594980259902 0.0512264819733789 0.0906452810635637
0.0333181578501856 0.43584102340114 0.0338168266306565 0.0952412299344514
-0.190689948580379 0.40631983823359 0.0248669760352336 0.105878636660776
-0.392318750347452 0.255469276783666 -0.0242375561380388 0.123822309317078
-0.607087077106987 -0.046811920014031 -0.103071820148713 0.0480426128817683
-0.368720030459966 -0.473309437549093 -0.0858295675817058 -0.119767599581677
0.163868784419146 -0.594707035510987 -0.0419257763819508 -0.12340658842424
0.506573435223222 -0.500639777701836 -0.0412991248846842 -0.0243670889477887
0.403801831715665 -0.423658892262157 -0.343464203623716 0.158279618621932
0.15798185218296 -0.566959621056806 -0.139788348543981 0.247128516908469
-0.279687106282202 -0.484965728352225 0.0945710239160246 0.0525224085561685
-0.544792064751429 -0.107970302850603 0.014986326529804 -0.0432624174701265
-0.402488527117059 0.191749457384868 -0.121598097263787 0.0380726516231225
-0.218084282587556 0.322033734839229 -0.0973701616857196 0.159388889159613
-0.0246271700725896 0.387149216792376 -0.00846807877304832 0.243591242801173
0.0455139721070491 0.367777289232055 0.0597401947894667 0.242047946897598
0.0113890932771789 0.367910866089151 0.0348017332665267 0.238336353788338
-0.175602404363619 0.328473282359061 -0.0136550446837391 0.223684975251665
-0.329744189743089 0.189420274751114 -0.0920873192624601 0.189364433091712
-0.475090368992971 -0.0525804980680494 -0.144884642302261 0.0674214853295996
-0.287548181070258 -0.37253745551577 -0.100413328911121 -0.0839134451990401
0.125600311541569 -0.482340419581545 -0.0674451218747495 -0.0186681299801665
0.414958588609551 -0.447330608635963 -0.206850564708197 0.118712758985325
0.265614926287236 -0.337198421012134 -0.52433497490578 0.278490904407496
0.0793824322067763 -0.415829770040237 -0.219299934022767 0.367088940863765
-0.214060625418298 -0.325898673454644 0.052094854572374 0.0960476031228398
-0.361587762583639 -0.057916847287134 -0.0341553898068079 -0.0160456330247102
-0.265271104780021 0.121881030854202 -0.183501074204976 0.087939726171571
-0.156564530764636 0.211900404868907 -0.146028947776146 0.26029294130672
-0.0329329422840312 0.26601970545704 -0.0204372941122449 0.360068056864315
0.0153485476573449 0.253075310049332 0.0592160914959057 0.3591852694147
-0.013214899718383 0.250131624928189 0.0249273501943061 0.34264836351132
-0.139562625494912 0.208202875056427 -0.0574087309124073 0.298619103043595
-0.225485205772268 0.0982043441970747 -0.153664641190301 0.212198905673038
-0.284371249315962 -0.0524847684405769 -0.169613940979387 0.0576242791094504
-0.168688606176071 -0.228932466497507 -0.100484552351402 -0.0608081149703489
0.0744688375355044 -0.309378454040953 -0.0702797366385164 0.0545796787725645
0.269052710616623 -0.330340895233019 -0.315677986612257 0.228827738859839
0.0802115418110867 -0.190615725057237 -0.639587965878757 0.356469904746372
-0.0131082434114593 -0.18937201116202 -0.270446239385074 0.448333001526551
-0.112865556596437 -0.110048435084271 0.0151973041825592 0.14269009044909
-0.121408327552032 0.00143002051086474 -0.0574370530862524 0.0190513272586279
-0.0871473934816519 0.0290411230747961 -0.20040089026363 0.117315064826016
-0.0724527120185503 0.0645319605220917 -0.162657391159558 0.315869508530322
-0.0369688765137998 0.100686309744769 -0.0247650345001842 0.419005093382969
-0.017888346349133 0.0993477304891918 0.050825369035249 0.420054187954213
-0.0332029770012851 0.0991325443558032 0.00720530097495485 0.395949108666722
-0.0813906957086233 0.0712550477059928 -0.10326099152907 0.327320088749094
-0.0981221381694014 0.0134883015014727 -0.201344665538292 0.196089862655384
-0.084378763905563 -0.0310944529933325 -0.17667220232297 0.0289168059134384
-0.0586644330555443 -0.0715153748217982 -0.0928808684240419 -0.0446797012759213
0.00559430928287833 -0.126356163144431 -0.0618759025480364 0.0957844442927463
0.0931369295398052 -0.182597395662198 -0.361679717476148 0.293505282846399
0.0954822970003516 -0.00525559076296153 0.309167737369831 -0.349496430336432
0.0773188280888602 -0.0519640107934556 0.0458943233819293 -0.203928713546342
-0.0203468748826965 -0.0837809009863893 0.058704703752599 0.0248105801606522
-0.0988079105318502 -0.015444529296948 0.150562947229279 0.00322951784178527
-0.0524354065558585 0.0589820227422661 0.214774080612417 -0.145455059458682
0.0031167197291302 0.0717724139552089 0.130368135153798 -0.317750859161252
0.0466066411341969 0.0651341561963146 -0.00769324086539506 -0.380475422985748
0.0523295332936395 0.0657597346882372 -0.062682915383226 -0.397055558693434
0.0441586492298974 0.0747145903179791 -0.0236873597741171 -0.393087473949989
-0.00588109814226945 0.0826501582543489 0.0943032236250743 -0.320339697520109
-0.0604363859010775 0.0630609917369688 0.159801571589685 -0.17072962018556
-0.120924552565939 -0.0223475924178016 0.068169078390289 -0.0696797366971829
-0.0210189069197508 -0.110432616384118 0.0215767945632216 -0.164668362178392
0.0967383432483508 -0.0424855356539322 0.194095929494346 -0.377795275594893
0.0907497728343379 0.0299508706290824 0.620188372402219 -0.3937660917764
0.229717304390588 -0.157849874823784 0.288709125613391 -0.307352022632815
0.128489177311514 -0.219857578572681 0.0607405811282144 -0.187106578994251
-0.0999243941316308 -0.22180701537836 0.0740525421187433 -0.00269797649729905
-0.265476280913555 -0.048479413666106 0.138079891433172 -0.0104684947059361
-0.18584355707068 0.126160305377888 0.187576993576222 -0.122411107366653
-0.0656460269659928 0.192328536711178 0.121670467660067 -0.271530930076177
0.0517051330674835 0.213309888104659 0.00745459469812559 -0.322954678353497
0.0840377207316619 0.212949538796949 -0.0371116572698288 -0.335282916492231
0.0597657591206246 0.233619131882764 -0.0127493739030091 -0.328749731403161
-0.0753437848828693 0.233470897546105 0.0887777921215236 -0.26647021276067
-0.202822407747517 0.154254402966896 0.140250656791246 -0.130710526361707
-0.338470246010488 -0.0432689744530143 0.0404119999235009 -0.0557378007769143
-0.153120258885118 -0.287279330882366 -0.00201534260946416 -0.184504357964713
0.16014998338886 -0.278639602791731 0.134598237317376 -0.375635760679498
0.281795779183288 -0.173441012064471 0.509257620129035 -0.386771992407786
0.343302164211871 -0.295330854268024 0.20369077312736 -0.229312285029143
0.168039702913363 -0.384985730519613 0.0527333036349775 -0.132270025177501
-0.180110035514351 -0.354940061672182 0.0963949882731974 -0.0201422188328363
-0.422411356869497 -0.0787173000158407 0.126500720563373 -0.0327052581636399
-0.309774852811829 0.184916466054923 0.137089843798909 -0.0988954779764634
-0.132705414854241 0.293318750120861 0.0900902844743793 -0.197935091172138
0.0461064079669186 0.335827283969384 0.01708271431735 -0.217984573322636
0.103567240597893 0.329158918921707 -0.00492945830281875 -0.222706355678808
0.0723306652365164 0.354433610017534 0.00298412812435788 -0.213181923055624
-0.123406945457282 0.351971596896218 0.0730814748390931 -0.166890090161738
-0.307528505445763 0.234976812795195 0.099580551773261 -0.0626574685828355
-0.515551381232401 -0.034179517812275 -0.000792542110471837 -0.0265791683812569
-0.285845773815065 -0.410876756864172 -0.0365350244025269 -0.181564817035962
0.175009385497913 -0.474816809331459 0.0616206032677221 -0.326031297013864
0.41523496496543 -0.358050566090474 0.339834338430277 -0.308021883383766
0.41271655211016 -0.397494957417847 0.0595940094122528 -0.114219697502642
0.180671154233941 -0.524179463334648 0.0169612910398089 -0.0331533668106714
-0.261349208852244 -0.458515234988317 0.115456534185268 -0.0184420924451684
-0.550814380894547 -0.0928168171198519 0.105130757382249 -0.0532247371633573
-0.399816182954006 0.231231784297855 0.0626109670778734 -0.0657341393294943
-0.184156170440052 0.361713253817329 0.0379905902091083 -0.0943185285412715
0.0334419161168183 0.41199057940518 0.0188341396655718 -0.0762111254610428
0.109957486578387 0.395576463265027 0.0271923511333514 -0.0757363252760112
0.0754443906021205 0.417617059955769 0.0223868051043375 -0.0655832513158247
-0.149529338004154 0.413220725421495 0.0531367728032329 -0.0373090045430885
-0.363179639255038 0.281547458186328 0.045750993217713 0.0272827598149119
-0.608547266721832 -0.0138855045796185 -0.0495233450141944 0.0161120708599985
-0.375460124551602 -0.456876547512321 -0.0714811756555815 -0.152052557882936
0.15438702223089 -0.585288693999368 -0.00627719425463949 -0.231042402896522
0.470375893616049 -0.478078156973941 0.145178747430278 -0.177232126480335
0.421059742596098 -0.449606961977707 -0.125101495470115 0.0266170409875943
0.16247755000404 -0.593958413879776 -0.0440965403389863 0.102178440556218
-0.310973035759356 -0.499350399107716 0.116660784768164 0.00408477936670731
-0.597053273973844 -0.0841105776723513 0.0648223148158272 -0.0593537683832155
-0.427128236543171 0.247152061694781 -0.0282627103798312 -0.0158524014263667
-0.204639771118269 0.376475383017842 -0.0248993050896862 0.0320141906584306
0.0173241988543959 0.427254717074019 0.0152449268805223 0.0824132445822162
0.097927609744132 0.401157082221271 0.0555326163232219 0.0814962495876056
0.0628236818986635 0.414135875960311 0.0413245822511439 0.0887064968997236
-0.156935156069487 0.402863312783348 0.03067558802302 0.0998819400660605
-0.35932628507548 0.270981062014248 -0.0136783627937612 0.119210062925362
-0.585541622671433 -0.00313841345111393 -0.0962227975226792 0.0563263126132057
-0.381721174031205 -0.426491823012401 -0.0953490994145234 -0.11074351183268
0.120878994075325 -0.581541799601432 -0.0515181394381696 -0.114656096805989
0.450261602343392 -0.509098544678174 -0.0394107184875812 -0.0182781423342804
0.358127118110353 -0.431112701039458 -0.317581638086396 0.172342229688307
0.115350537374448 -0.554581816796229 -0.117308496549472 0.245362180944594
-0.300872299191611 -0.443185361158935 0.0945303376493837 0.0416315836211889
-0.525949674107319 -0.0615206042679272 0.0123158502824232 -0.0454779732749413
-0.372586036413667 0.213269521753691 -0.113605079738739 0.0435949587829839
-0.186902876055299 0.324654529366278 -0.083286963276254 0.159141929024027
0.00272656757866643 0.372716622297632 0.0101970430633536 0.231418568938009
0.0705702925673083 0.346208337877856 0.0743988930608853 0.227058706831844
0.0370002081566117 0.350795206074874 0.0514545550998789 0.22623901063653
-0.14751335044609 0.327245974305108 0.00171801955705653 0.215549710107664
-0.302511631918578 0.203883088534856 -0.0746999489550061 0.18625868061713
-0.459874295632942 -0.0163495253383692 -0.134936901806023 0.0769399163856616
-0.298950117547474 -0.33470687085411 -0.106170314175486 -0.0747173149166424
0.0905303207141385 -0.470417311687457 -0.0687420434140779 -0.0121667314811181
0.365715185707565 -0.451725460387343 -0.188070731082523 0.130143323108043
0.231820663625394 -0.340388268032086 -0.48307401859507 0.300372004893148
0.0470959932314247 -0.404908998686208 -0.185406797535075 0.366768636680161
-0.227280978348776 -0.295670764949113 0.0566669757318757 0.0873234597174393
-0.349297374961553 -0.0274132995965265 -0.0327827398018245 -0.0159550219788315
-0.245924426177855 0.136442444237953 -0.170407270414198 0.0948438158506958
-0.134425939504823 0.215107343755236 -0.123281075676886 0.259915468344512
-0.0129104922845097 0.257437144149222 0.00582524952469636 0.345026598425781
0.0330802207850993 0.238656262344741 0.0822398231313177 0.339301011396693
0.00580537621860975 0.238352493590321 0.0483739519931575 0.326605420451805
-0.11931920627264 0.208802232065329 -0.0364028198007307 0.290172037833458
-0.208714398243141 0.10952497428423 -0.132265779387448 0.211972522491133
-0.274963943043515 -0.0297701115119521 -0.158898817389488 0.0684724103245778
-0.173856717710467 -0.205768067258881 -0.104371863393398 -0.0514905626936299
0.0523178740815263 -0.300216519943315 -0.0672334452849777 0.056768137337263
0.235586969268538 -0.332651615089213 -0.285375528551737 0.242352561320174
0.0641127263436303 -0.188564792450269 -0.588626428861795 0.384407081942178
-0.0270310418437479 -0.182267012106035 -0.228869574808217 0.448905541696969
-0.116711890165811 -0.09633210990807 0.0238664472947708 0.134717711578945
-0.114854767929248 0.0121879259474264 -0.0522479858040882 0.0204269910734894
-0.0819680171843416 0.0350243609863269 -0.184153965822004 0.124728747668607
-0.0652089887925756 0.0676801695063019 -0.136084729892295 0.313518559478417
-0.0284757706220681 0.0985115173320737 0.00472863325713821 0.403294765696813
-0.00895190865922218 0.0945185076721523 0.0788105540483029 0.399498881889575
-0.0233701225642991 0.0961249743539399 0.0336553095919166 0.379588700787664
-0.0720704347304678 0.0733585154178132 -0.0780692794750958 0.321856873205323
-0.0919016637705408 0.0204467658357305 -0.178967828284843 0.200088540734217
-0.0815392936697809 -0.0229755067121595 -0.16699222174412 0.0400572957539992
-0.0604833804455311 -0.0626343995761776 -0.0938382153681449 -0.0353992218678766
-0.00315869339569102 -0.120287984597613 -0.0553479665807291 0.0950334570487848
0.0767647503172046 -0.180500753955535 -0.325629709845862 0.307774804334999
0.0919718128840759 -0.00594609505661938 0.281860748851034 -0.343879995945873
0.0754940067519072 -0.0522301447649722 0.0388028706174809 -0.197519326117458
-0.0206173517759699 -0.0805974634976959 0.0572308129455279 0.0211602228547327
-0.0958658512964167 -0.0122259487600014 0.142412607592711 -0.00165632036639412
-0.0489307693150492 0.0579780989687728 0.199380977715334 -0.145304393108014
0.00553697730912467 0.0680247955206394 0.114549578807954 -0.306943337084805
0.0462521799841914 0.0614040569897468 -0.0176240179165997 -0.363035363947138
0.0521516489515246 0.0614906058678257 -0.0722286107854312 -0.376851216200904
0.0438815021719284 0.0703126850734412 -0.0347147698650805 -0.375109015955778
-0.00402544857825222 0.0796942093237259 0.0818544834616525 -0.308694880132426
-0.0563984773128233 0.0611505456244072 0.147802496263432 -0.165561082084349
-0.115982167015918 -0.0177820155259497 0.0621370628414393 -0.0667443738988379
-0.0228206751041124 -0.104174492173235 0.0148912182778354 -0.157786876861397
0.092463443587398 -0.043826768096564 0.175014610529096 -0.365521680751983
0.0872323038068928 0.0269718161177779 0.579100013752393 -0.394309815032742
0.214873938220472 -0.154396527009112 0.26298750703219 -0.30354941383951
0.119159410190797 -0.212726185328259 0.0529329430841185 -0.181947703569315
-0.100281769009293 -0.208013029289999 0.0702260826107279 -0.00597316400196058
-0.254030304244431 -0.0376499634432466 0.12953046732999 -0.0145986955502197
-0.173372145775487 0.126774592810818 0.175044481012814 -0.122477037842142
-0.0556596055927143 0.184933440659333 0.108328402689486 -0.263225470429287
0.0561563939383982 0.201948486073542 -0.0020413748569499 -0.309712046338076
0.0869187681753473 0.199612604220362 -0.0464542724740808 -0.319272763351104
0.0644278040622668 0.221289139165862 -0.021033756781036 -0.314049689770179
-0.0656772293851555 0.226084180236598 0.0775925323000128 -0.257655356888057
-0.189566452428914 0.152581989018721 0.130163090167766 -0.127778769674868
-0.325070082543629 -0.0303909385170609 0.036175310937171 -0.0521650877614439
-0.153457469386058 -0.268672939168682 -0.00982125394207292 -0.176958540410651
0.147124262100794 -0.271013000277563 0.117496730707323 -0.361906294707102
0.262668023831008 -0.170689775264732 0.473715215172027 -0.38367823265993
0.318529305059469 -0.286505727688865 0.185398146306761 -0.226837043017254
0.151085536083089 -0.371035319687067 0.0471531753573212 -0.129485247826018
-0.181181733920052 -0.330348375492999 0.0907450589745391 -0.0237248910356041
-0.404340467211544 -0.0597961258562616 0.118225499292762 -0.0365013753330691
-0.289260166204874 0.187510822571357 0.128139235502299 -0.0996565281791871
-0.117334515235002 0.283640958314865 0.0795003794086359 -0.191675471495076
0.0543746396496382 0.319156806698823 0.0106383298293579 -0.210729940260673
0.109589351475928 0.308888566702989 -0.0125252288755926 -0.213061071085568
0.0798047309248156 0.336301606262884 -0.00215916903861096 -0.204806911774761
-0.108140030633679 0.341013451434098 0.0652939628918463 -0.162114469833165
-0.287870333452888 0.233192159169687 0.0939759601635949 -0.0629674168310651
-0.493100469297844 -0.0162892478683862 -0.00232184465123513 -0.0224491691508463
-0.282392355764024 -0.381691859825617 -0.0440849456746282 -0.173063758787723
0.156396058123347 -0.459292495037915 0.0480236666777416 -0.312188343791428
0.384149130168691 -0.347570638283825 0.316431174264483 -0.304517215928244
0.381128636992489 -0.388128827415851 0.0521563926282017 -0.113192163912147
0.158167287673977 -0.504727073854783 0.0154858588924295 -0.0340906302186356
-0.260684042935337 -0.427148609007063 0.108950319118349 -0.0227689465663037
-0.524470349971571 -0.0670669043448147 0.097568971974753 -0.055918656597258
-0.37573268551427 0.234955597536271 0.0580879333977908 -0.0657692733110439
-0.163670124197098 0.350449991871132 0.0326924903537215 -0.0915032532372926
0.0451144800064988 0.392391468597745 0.0171283691970704 -0.0763062090509133
0.117568196592329 0.370410940578661 0.0233562185774847 -0.0743328324620585
0.0852585619227687 0.395246381271225 0.0207511033712967 -0.0644371714027449
-0.130409914707394 0.400082193220903 0.0496607465058635 -0.0372816367371765
-0.337962131604594 0.280255355003844 0.0453360056690978 0.0233666249234864
-0.580078763887303 0.0086396714118036 -0.0476709494367785 0.0191662068590109
-0.370047115302819 -0.42462556227348 -0.0777883000091309 -0.1441488947949
0.132923950258967 -0.563900040617696 -0.0148406059394703 -0.218534271475497
0.433320192844349 -0.465046222391169 0.13390157802631 -0.171632064949362
0.38883908621255 -0.437855084052699 -0.118464862331357 0.026349529035216
0.138775943118285 -0.570622176034137 -0.038102359355488 0.0977202241960997
-0.308833591265279 -0.464183321882284 0.11131600101705 -0.00182761317928444
-0.570126778156322 -0.0573251844065878 0.0598705321475215 -0.0608516339082938
-0.399450845551282 0.250155093923404 -0.0266490566780354 -0.0160798595915736
-0.183770760502095 0.36456102582862 -0.0234057612933629 0.0307476884173393
0.0308473164560515 0.406061009508429 0.0190872271335768 0.0749764532524364
0.1058180899602 0.376110937226866 0.0553123158183398 0.0754141412986743
0.0737606249900791 0.394127566311568 0.0441339237989708 0.0820538580493632
-0.138025529582679 0.389987224496614 0.0324469273410747 0.0945582020158852
-0.334727034945448 0.269383091950352 -0.00834604712582821 0.112568204084282
-0.558101262734355 0.0165025125145277 -0.0909251230739276 0.0602024599463076
-0.371914058581875 -0.394458620820362 -0.0999069693659502 -0.10380040944274
0.101468742134494 -0.558557243200426 -0.054253038223993 -0.106635685519446
0.413624998678067 -0.493583155415577 -0.0366141503752444 -0.0145496970527968
0.330090409614799 -0.419893029629776 -0.296896397610898 0.171691917648516
0.0939230245681493 -0.532564470532376 -0.103808236479959 0.237652697720464
-0.299089169538925 -0.411615310802311 0.0906230346018622 0.0355208939455777
-0.502480501345387 -0.0385658045830028 0.0112343825399553 -0.0467247671799679
-0.348102828311924 0.217146919607859 -0.106871822576558 0.0430024509563479
-0.167188732934329 0.316779874877516 -0.0762885097505216 0.153866961870261
0.014645021901267 0.355305764541757 0.0182375235756506 0.218323858293904
0.0790354465196613 0.324782239762078 0.0791958504455047 0.213577402455531
0.0466758994529759 0.332923705644904 0.0578846026806371 0.214112830557373
-0.131154021751554 0.317197786112899 0.0075998332664956 0.205553728881777
-0.282779575068053 0.203967387141732 -0.065039533808493 0.178809667594559
-0.438291077275786 -0.000493884816526633 -0.126902081695648 0.0804658449085216
-0.290685997099716 -0.308861510336661 -0.108907222499039 -0.0685219256796157
0.0750980632498443 -0.451961889685977 -0.0688552484080312 -0.00909655411005626
0.333894068259826 -0.436845809796549 -0.173662595757931 0.131622929867063
0.212709008962478 -0.330770614996631 -0.448958627564386 0.299118799415508
0.032686092028772 -0.387731213266585 -0.164851637727392 0.356492171166699
-0.226080285300274 -0.272397288902129 0.0562286042337557 0.0800160476426404
-0.331896375135647 -0.0124766646537727 -0.0307991543173333 -0.0161890640959691
-0.230185729503637 0.139181647829462 -0.158850709380767 0.0940371661584266
-0.121646273742801 0.210095569516404 -0.111410480948128 0.251293868790864
-0.00351054834338877 0.245416389769094 0.0166288648283472 0.326433205865715
0.0405815419586035 0.224175413002749 0.0896529943507903 0.320428799070368
0.013402372421336 0.226023904936887 0.0567935049675168 0.310988469016677
-0.107666656342675 0.203372218299839 -0.0266558632671357 0.279292407114801
-0.195156639288761 0.111092814249824 -0.119380325485066 0.205211466414768
-0.262213627077085 -0.0183322462616035 -0.149204477499049 0.0718428096971584
-0.170306007693081 -0.189062176336286 -0.104283529248273 -0.0457546619521597
0.0418948218150844 -0.287986580344792 -0.0649100532351263 0.0568038907397575
0.21405641531278 -0.320857421917547 -0.263118129437876 0.241821627684449
0.056079531777367 -0.183388279622173 -0.547645872388127 0.38378702649832
-0.0325410533812532 -0.173362743560525 -0.2051599770029 0.436172792873013
-0.115068919555386 -0.0866388184546715 0.0268670446371141 0.127626095662794
-0.107863831455021 0.0167963909343145 -0.0486267447859257 0.0194760788515151
-0.0769423798179288 0.0365458360406767 -0.172295572629169 0.123912358277253
-0.0600250170034849 0.0677834825584675 -0.121856456539571 0.303219551942865
-0.0241305731337139 0.0943076232315699 0.0172639086590793 0.383798267290835
-0.00510749444344085 0.0883601551963297 0.0885210985901585 0.379099932517096
-0.0184210918454648 0.0903317997438836 0.0444460678143192 0.362182145723921
-0.0658883972887545 0.0719709423680645 -0.0653395182595963 0.309790813142072
-0.086337769618816 0.0227825872060232 -0.164909459684055 0.195780703146861
-0.0770107235177351 -0.0179884282928307 -0.157807676253361 0.0450060755413504
-0.0590521736606457 -0.0567152584932704 -0.0920296093856259 -0.0303564926315434
-0.00681974963606614 -0.113951226820562 -0.0527338132135656 0.0919524993358719
0.0675778190782518 -0.173588555670084 -0.299180983809314 0.306055100593692
0.0911014059663789 -0.00438591082642442 0.27053778805659 -0.337951404224843
0.0759494782262001 -0.0518762731602635 0.0374675139171119 -0.193993755817189
-0.0194132468035948 -0.0798157434882532 0.0566376737335643 0.0190737500727324
-0.0943770097588817 -0.0119263880972 0.137145920424365 -0.00216052429939009
-0.0478252616504999 0.057480459574063 0.193065538305874 -0.14341884163698
0.00640240641746773 0.0659028600170194 0.109860961349544 -0.300323716180821
0.0455699428419984 0.0599239519675299 -0.019869973425987 -0.354545400759026
0.0514189777514198 0.0599586480883554 -0.0752238971255907 -0.367820934795156
0.042943191820308 0.0693459557829912 -0.0357186430816434 -0.366646215983294
-0.00416394525705542 0.0783032306201534 0.0789917122040655 -0.301887663021649
-0.0552051714935168 0.0591292621937619 0.143224456328184 -0.16072430428707
-0.11334556159054 -0.0173215780300227 0.059004296188199 -0.0641748748910101
-0.0224445180811774 -0.101119712029898 0.0125396302222487 -0.154384010398067
0.0915792590627704 -0.0430722250641743 0.169360647199863 -0.357941372973374
0.0851903683488471 0.0275752741228247 0.563535643763714 -0.38679317659912
0.20960190227607 -0.148757847200774 0.252866401655302 -0.298950056422393
0.117747440326781 -0.207652212778199 0.0509123146281644 -0.179134688888823
-0.0967884086878318 -0.202188071826797 0.0685784495112111 -0.00740869612267115
-0.247849073051454 -0.0340373696228623 0.124810367673305 -0.0154119076681301
-0.168075444995027 0.125665321583474 0.169105567687393 -0.120809730832453
-0.0528545033104925 0.179896473436326 0.103694075978782 -0.257935635540131
0.0562344321480355 0.197170101207042 -0.00337710786359876 -0.303690428302003
0.0871551049224749 0.193642194873595 -0.0489555711542483 -0.312662252332874
0.064114964322313 0.216419249233211 -0.022328431552752 -0.307691549761573
-0.063261475953733 0.222111133325655 0.0750311194609681 -0.252242572757413
-0.184559008367028 0.149307147922305 0.127179250036546 -0.125396794743084
-0.317442519314843 -0.0272105762163597 0.0338158887468243 -0.048984647322662
-0.148986216006695 -0.260787036284839 -0.0137028186122364 -0.173528530008994
0.143623512013972 -0.266377522646654 0.114026918633234 -0.35292261959864
0.254763178093329 -0.164735847469484 0.460906286999705 -0.375342533703531
0.310287841137276 -0.279251022239991 0.177536884727561 -0.22336814073672
0.146936407965049 -0.361917655209645 0.0447882238312919 -0.128445971049681
-0.175872476014926 -0.320136293034214 0.0882114992980065 -0.0245618284903821
-0.393054146616358 -0.053177803596235 0.113861144393499 -0.037396302041395
-0.28035575954361 0.186720404579888 0.124463523940298 -0.0988302973081132
-0.111711569563572 0.27712906746614 0.0756752688106781 -0.187998165076208
0.0560038007215476 0.31049668983821 0.00944191090049687 -0.207595576154527
0.110369979953075 0.298548765798675 -0.0145870995010779 -0.208632669975884
0.0813041049401395 0.327692223339285 -0.00278783757928013 -0.200878711458839
-0.103981319951635 0.334828293840079 0.0629695499097361 -0.159074571815119
-0.28013949801933 0.229619687970245 0.0915149389534612 -0.0621969663256055
-0.481652796085807 -0.0110386618024001 -0.00351154863832821 -0.0189473178003415
-0.274010208008158 -0.370788516807108 -0.0481761334369607 -0.169924577884243
0.152706058012228 -0.450986268228278 0.045592062176917 -0.303164091906105
0.372116624033438 -0.338019490765133 0.305906395306558 -0.296766676295481
0.371577003748266 -0.378487106725756 0.0494553586063784 -0.112281333749625
0.152509214032824 -0.491861196073876 0.0152876256591846 -0.0346097882824231
-0.255039091491899 -0.41201871289345 0.105756352591202 -0.0237954527914068
-0.510150464323509 -0.0576039311279909 0.0945004665677556 -0.0563808445618088
-0.362001540392327 0.234000413378033 0.0571519561062006 -0.0657843396751414
-0.157043060001204 0.342744869371975 0.0302145192155374 -0.0903171297119871
0.0471044525033066 0.382093263152826 0.0166479390475774 -0.077377607273025
0.118030600166947 0.358039415050325 0.0218856635001918 -0.0735727621843799
0.0865360558705733 0.385188791520132 0.0209927368452034 -0.0643976780660925
-0.125976786682825 0.393323879279134 0.0491842446682351 -0.0367449478597342
-0.328793853436503 0.275638798466911 0.0450835511077385 0.0215223615773968
-0.567728353677075 0.012729895667492 -0.0464598031414847 0.023165391502557
-0.359611092922511 -0.411064671431752 -0.0823063655209882 -0.141625301221392
0.129964255598191 -0.552640451461817 -0.0160684864779395 -0.211727301776138
0.421386121676271 -0.44969753730006 0.13105962966019 -0.166971044181689
0.376405412287035 -0.427523907382019 -0.11475602467426 0.0244331158692707
0.133246646282339 -0.556367915435374 -0.0364870377070034 0.0941604306652281
-0.302352416566946 -0.447049519611328 0.108292989859169 -0.0027553388735127
-0.553441772513622 -0.0488892557641107 0.0584442096067091 -0.0619336610778028
-0.387015642732108 0.249313522010983 -0.0254709724221715 -0.0169860419689814
-0.175560370865241 0.358071942558126 -0.0242319554777648 0.0297854971249966
0.0327669488683784 0.396787603984869 0.0196407040701371 0.069531801972338
0.10707844027496 0.363109159804908 0.0552486965794512 0.072239330426385
0.0749015964369645 0.382581477201129 0.0445861941818494 0.0790866533793423
-0.132387712848435 0.382781185477603 0.0322370095559561 0.0922914769931232
-0.325393559929736 0.26624239836182 -0.00683049688898289 0.108493407644918
-0.544679990790811 0.0219318306140969 -0.0887866745242338 0.0627402988550552
-0.360724575073032 -0.381557249970645 -0.103683720525932 -0.101567874794615
0.0971277532173269 -0.545652684726887 -0.0548301166637507 -0.102149564026456
0.399866629220106 -0.47769770723065 -0.0336274869384583 -0.0125133212366994
0.320285609311469 -0.410501581993258 -0.286966516557774 0.167335155099263
0.0878441606834897 -0.519700519732018 -0.099521083297712 0.231964544170796
-0.293742558258374 -0.396761166110745 0.0889558901849446 0.0332527567154
-0.488129678826817 -0.0318271555832391 0.0114800300776913 -0.0480030407482858
-0.337077655857578 0.21641628737529 -0.102741062545572 0.0409092644000213
-0.160918925899026 0.310502535314854 -0.0752485529493592 0.149896759004138
0.016860567371329 0.346247064092241 0.0197259263564821 0.209641641292426
0.0802777671286939 0.313473828855329 0.078999851805275 0.207701005630555
0.0489250255361069 0.323311327360003 0.0585080892895756 0.207487031459423
-0.126486594119039 0.311295934409599 0.00914543546007834 0.201446445679192
-0.274514172031918 0.201317629827638 -0.0619980468578639 0.172968973344159
-0.427090345495086 0.00570871038755292 -0.122997881981876 0.0818940331994212
-0.2832192477313 -0.29865841249202 -0.110531292414839 -0.0659588249514533
0.0722272698318276 -0.441024419485974 -0.0688898679126315 -0.00754611778900067
0.323018387616868 -0.423460538907682 -0.166697033952925 0.13150513271605
0.205365556701211 -0.324181595411116 -0.435705800311017 0.291292556232293
0.0286543590655569 -0.378313672052073 -0.158224241605304 0.348954455864126
-0.222610311777713 -0.262161854881615 0.0559010932780013 0.0774939833797467
-0.322658313529372 -0.00700914130190271 -0.0290366796907111 -0.0187750851376085
-0.222983787389138 0.139258266628487 -0.154177087535913 0.091097613335985
-0.117224379700135 0.206865958266301 -0.108391485120281 0.245214428849812
-0.00215013564210039 0.238583136704914 0.0190226346749684 0.317934883226619
0.0409901029721684 0.215549271679998 0.091269601598724 0.311575079974025
0.0154858072699458 0.219059157682196 0.0586668887234591 0.302435754189402
-0.103623267840692 0.199475317577802 -0.0242972493387467 0.273107910046853
-0.188801940016591 0.110026654846872 -0.115031236194864 0.199190801909914
-0.25468587870328 -0.0144731737084669 -0.145345364615824 0.0733056816763549
-0.165255127457579 -0.18247032098028 -0.104621402793538 -0.0432927543718285
0.0401097572279226 -0.281048200495764 -0.0655572179507493 0.0562916589154149
0.207819707861503 -0.311435994326051 -0.253195382006225 0.239744220897266
0.0532649851327825 -0.179907160302896 -0.52973718501697 0.37396505951745
-0.0342670109718796 -0.169178656263167 -0.195871703366901 0.429062197765593
-0.113698338504393 -0.0822695876708621 0.0269855220982137 0.123557552604891
-0.103790598207628 0.0189496585526721 -0.0455701553776711 0.0168680760322585
-0.0753438732946283 0.0368041135122058 -0.167105347600271 0.120379445212632
-0.058341812253266 0.0674276397521957 -0.118483041163521 0.295867562920814
-0.0225463972480167 0.0921264306979973 0.0197350402955419 0.374747494627691
-0.00440900665828814 0.0844077667850868 0.0903576987358376 0.369081565857802
-0.0162867185120813 0.0866990820138621 0.0454045459507423 0.353773572301274
-0.0636484940330908 0.0706521544431998 -0.0614973346666713 0.303270173048162
-0.0825112204239388 0.0232222582245948 -0.159429746940932 0.191317268336548
-0.0740241296355789 -0.0156211147036058 -0.153033537277322 0.046136865301513
-0.0577182856549126 -0.0537415157632133 -0.0911933130726824 -0.0276179562103654
-0.00808162458331082 -0.110226847786518 -0.0532345558661135 0.0900255136994613
0.0649747580088644 -0.169459647677053 -0.287688144790854 0.301824795920761
0.0755935388888935 -0.0383959195984377 0.103519919489867 -0.424739846065574
0.0473804321603486 -0.0768242117649429 -0.0514866991984267 -0.195489667069881
-0.0496559714074385 -0.0672718299119544 0.0553768037987175 -0.00858015622155427
-0.0910544725327994 0.0266534688396447 0.119465725722816 -0.0582905085415993
-0.0234332261380289 0.0714034637139514 0.11236624486581 -0.211497297665632
0.0306612461314293 0.0575113499230817 -0.0305701722899704 -0.318933745041679
0.066592383288632 0.0353247300358662 -0.170226823635021 -0.313319055307562
0.0725527379415493 0.0372460727123018 -0.231673424852964 -0.299471025007408
0.0691911916585955 0.0457129498564464 -0.195533714624508 -0.315472920600538
0.0285115998680778 0.0741429916574463 -0.0629955212950402 -0.307535826186614
-0.0274678227358524 0.0772277124106279 0.0579933165173767 -0.207591970157376
-0.109969331105548 0.0316311880558909 0.0223898912279779 -0.0893222733134963
-0.0622255641302988 -0.086152032806518 -0.0521607104644839 -0.14508415275282
0.0692704616575234 -0.0835308279233423 0.00585143932449083 -0.391827648380237
0.0962581191236489 -0.0157683880895891 0.346412104818159 -0.586599884252888
0.127124048174448 -0.216375167960397 0.101629527331836 -0.389444938118077
0.0221375965779379 -0.233026320205181 -0.0365248506359783 -0.189724512057002
-0.167954440451408 -0.145283005550926 0.0477862129565208 -0.0354058465421962
-0.235060496162603 0.0706566035166097 0.0960305072611345 -0.0601849449113979
-0.102601834804682 0.182776913839692 0.101910370299897 -0.175545359486143
0.0247282919668189 0.18614676052703 -0.0171667662464045 -0.274298617270457
0.133296495455133 0.154391334034111 -0.130606341499397 -0.270683113529417
0.160292952006408 0.145676794205062 -0.18348017725622 -0.259519172555377
0.150862175778388 0.172398212604516 -0.158910985280973 -0.267700786717527
0.0357437189635155 0.23209243462148 -0.0488908151208857 -0.259751384018084
-0.10893973503637 0.216697737827866 0.0536246203321639 -0.174036535344868
-0.298331113236704 0.11218146498564 -0.000112713149895955 -0.0775299042667887
-0.246868273249837 -0.181372330123125 -0.0803035717964696 -0.157348029884717
0.020541914820522 -0.31251066527411 -0.0315865198056402 -0.361067214561499
0.166339037222879 -0.271245890495166 0.268842209908679 -0.521362660627894
0.169215374369318 -0.373441338022288 0.0624620896447564 -0.296623096706224
-0.0131593567615488 -0.384084688980262 -0.0241819771297673 -0.142630763834975
-0.286568237361643 -0.218803051854678 0.0515767114524164 -0.0571610658736312
-0.36977544509169 0.114476067094636 0.0712575749359479 -0.0711350902993473
-0.176835076905254 0.283725792364693 0.0719390623759144 -0.131502510474476
0.0131443715005611 0.298304605234833 -0.0106131527339109 -0.196054306898476
0.180198034561181 0.256517909465026 -0.0763603464947625 -0.186469003389325
0.225532129551343 0.231624053956387 -0.107634874316268 -0.180218115494444
0.212852830952361 0.267218273453094 -0.0958233498107576 -0.178566974256768
0.0457340698548874 0.353976761959216 -0.021474630036443 -0.168922803118485
-0.163361213828594 0.33298870021738 0.0442678958684259 -0.10692183657562
-0.440456882517508 0.198860993214965 -0.027142594836018 -0.0440630405910453
-0.409854081723679 -0.229826495147076 -0.107545792293442 -0.143856874800732
-0.0518830385238352 -0.4857741667924 -0.0640888597107492 -0.286770604757718
0.195244289052098 -0.483381547091219 0.168689061459072 -0.373225924147637
0.187621402058353 -0.487707847459416 -0.00888865037375856 -0.146422396215814
-0.0577726606705079 -0.50349651301674 -0.0137357380928816 -0.0457703632524524
-0.394492507731867 -0.270005897293615 0.0625780580490192 -0.0623566391133776
-0.475278189061424 0.158804651914873 0.0418387439242832 -0.0767715802714855
-0.230419886671135 0.361461606789788 0.0258839576673258 -0.0692731870567755
0.000436214005190465 0.377655307191954 -0.00883247213209634 -0.0853933197929355
0.20198587397763 0.324625564032263 -0.0116990692650998 -0.0680797994338574
0.257295275968904 0.283092799519022 -0.0146180395546514 -0.0735590913913078
0.241635270616528 0.317557718208096 -0.0138534073398553 -0.065035586809022
0.0509768655866426 0.416320673607723 0.0177479260118305 -0.051249628748276
-0.188901704494847 0.396813844673778 0.0357186581736971 -0.013195882307519
-0.50586263161981 0.259740337837783 -0.0522714643294644 0.00765963051187375
-0.506239357045672 -0.232836271485337 -0.125687470060238 -0.106442336560846
-0.117983838225921 -0.568880638067403 -0.075944751471298 -0.178283050711195
0.188159169780976 -0.610116264208325 0.0701891339373103 -0.177550913989073
0.177258834745603 -0.536510034846156 -0.101975606511859 0.0455316127186804
-0.100547736526566 -0.555239748391541 -0.00604908720674487 0.0940295137275823
-0.452505636242386 -0.282859129282327 0.0714891673862759 -0.0423082017304298
-0.509098393537891 0.184160115213449 0.00573981680920424 -0.0654237546433279
-0.243816207574692 0.385304749813658 -0.0266697800105598 0.0121012158377134
-0.00839981760041854 0.399639922171623 -0.00611530890416682 0.0473787742207503
0.194979766064436 0.344276995748111 0.0553322251421616 0.0649806357003958
0.249223384487412 0.290940391157036 0.0803933475855161 0.0439888924169072
0.231270099939496 0.320516892290627 0.0700262820801855 0.0544450633053277
0.040186448655724 0.410743129185413 0.0600166087674274 0.0722402523518479
-0.188652947968225 0.386686933917791 0.0265958156491446 0.0876687654790227
-0.48348772777585 0.257813915196998 -0.0720105675636807 0.0632706427105546
-0.496096553298282 -0.203275536356914 -0.128777344669221 -0.0609953923612523
-0.144769126371679 -0.547080271766578 -0.0653562832942293 -0.0641724057951437
0.154194318983679 -0.62384657410795 -0.0121719946036443 0.0325298434383737
0.135854264305855 -0.497619827323918 -0.199335049763953 0.249729012988704
-0.125558718349082 -0.504885313146798 -0.00277289704112802 0.247817465187299
-0.424491884886488 -0.240037724364362 0.0725221618804622 -0.00124980705808568
-0.443466730626633 0.175564294368911 -0.0279312283946961 -0.0343089082336473
-0.211244446293872 0.335952186938502 -0.0719684398204091 0.0960816519475289
-0.0133332233727654 0.350390301021943 0.000394253910047895 0.177649162387435
0.15966757907608 0.305269125311821 0.115313158710768 0.19141486661787
0.203079287771534 0.254209806913286 0.161839814835993 0.154998468612081
0.18087895309908 0.275929691102772 0.14015931237529 0.163792626225874
0.016301159819186 0.341793174442602 0.0884743346832 0.181150898936857
-0.168521423685528 0.305461126354177 0.00851171655617794 0.171153505596481
-0.38416746638334 0.191190591752864 -0.0900236142135579 0.101945097132821
-0.388617629610708 -0.159852383750067 -0.121701800383386 -0.0224210208549801
-0.124145577598508 -0.437328277278171 -0.0441582442533067 0.0266303626842125
0.10760442877878 -0.539560299323593 -0.074239068595624 0.214476026082705
0.0680112158825491 -0.37491733188693 -0.280640457185081 0.430008130538636
-0.121309312131552 -0.355690118268167 -0.00107963063028312 0.382382960890232
-0.305951069787582 -0.147648428460378 0.0684663850918748 0.0514048636335671
-0.285671447678231 0.127915982998909 -0.0453986433454329 0.00452957718463453
-0.139842696532712 0.218673687156455 -0.0976718021994476 0.159000534976969
-0.0168400515528123 0.237959273087846 0.0103801017356869 0.276112823569904
0.0980862606662723 0.216976587872495 0.16042707132305 0.286972341031208
0.126797818688823 0.179358663085368 0.219616645811488 0.243677683604713
0.106497851389273 0.194682637517593 0.185157231240494 0.249963600270945
-0.00971568942053379 0.228609569880212 0.093139531448354 0.2598787428156
-0.127717140770997 0.184282480225298 -0.0234906458658148 0.221763717157001
-0.235966164707512 0.0997003012468584 -0.106439574375403 0.112837676790554
-0.23074746992774 -0.0994277447303069 -0.109209521860243 0.000484047701327366
-0.0851114350375836 -0.274369140648765 -0.022453803493371 0.0808819193181767
0.0477533255050743 -0.380511209459378 -0.112235418017517 0.342191918878755
-0.0117792530707617 -0.183372015664516 -0.33035341919971 0.554175436247731
-0.0925160655910807 -0.141705984482826 0.00359614277119946 0.473301888703948
-0.1350456827305 -0.0278445152220041 0.0721199882172139 0.103346871134629
-0.0819481136826685 0.060058010879691 -0.0369226866107802 0.037169590758498
-0.0489511892720417 0.0649078023345142 -0.0982126404347164 0.184032783983424
-0.021300829826716 0.085939087134831 0.0226105682462815 0.322136001064809
0.0177644922981282 0.0926210832699841 0.183068484589715 0.334581220553081
0.0301048957082172 0.0765037843759461 0.24604735031413 0.295509143389605
0.0205225588204445 0.0864793469594832 0.197722069656087 0.300929155405227
-0.0270191301673927 0.0924911741528111 0.0758778749654419 0.302636602228883
-0.0655393092408356 0.0579878217639081 -0.0625049287913889 0.237205228015748
-0.0737193641379854 0.0197074346714445 -0.118604331922905 0.103248283092591
-0.0770341319851971 -0.0246204646139681 -0.0923932444634408 0.0133055500421259
-0.0560735599284348 -0.0957437207649045 -0.00655416699405022 0.10406385931155
-0.0193696524165633 -0.185145755658614 -0.123175691730787 0.403147775574698
0.0778911049324644 -0.0408432901332053 0.0906883628097733 -0.434233852085041
0.0480321637426001 -0.0818239170928493 -0.0587393221683362 -0.198685543250124
-0.0534591877795237 -0.0694569366280521 0.0568123332036344 -0.0120022709884298
-0.0929909022716055 0.0296646821178767 0.119220617710838 -0.063537131567667
-0.0215175231511731 0.0741159970434746 0.107937121079243 -0.219509461503684
0.0326400670935028 0.0576519763664927 -0.0418001276323496 -0.325647629407959
0.070175438528024 0.033741906129482 -0.184164008966082 -0.315501878162209
0.0759099546070624 0.0358754198803722 -0.247361665111629 -0.297953259008322
0.0725763600468216 0.0457340915219195 -0.209773974963058 -0.316835216667017
0.0312163415685477 0.0755474088170589 -0.0740160765255943 -0.312977916277689
-0.0270032929641141 0.0797995191759241 0.0548681566113142 -0.212692744537072
-0.111843283956093 0.0360259133785735 0.020043113752143 -0.0895469938361298
-0.0646739340102181 -0.0871659813476665 -0.0588555691016591 -0.145687240646466
0.0694202255308119 -0.0881168522568347 -0.00484904837101907 -0.400526990119167
0.0982436066262191 -0.0167193333835387 0.333920486029658 -0.607912032151022
0.124389763090868 -0.222925508659065 0.089089026245887 -0.399391408508329
0.0184404457191018 -0.240091170422701 -0.0443613371921006 -0.192963566967298
-0.175086535576179 -0.144344613980609 0.0485021886433297 -0.03910895937004
-0.236913535427016 0.0802588062086846 0.0955626613246365 -0.0643241283622506
-0.0978392619892899 0.190749796868483 0.099151230055687 -0.1835855100921
0.0308118116595054 0.188844756114381 -0.0265121000942701 -0.280041853440072
0.141673109806333 0.153543433455245 -0.142829892693605 -0.27296024461308
0.168599055307189 0.142545665799715 -0.197568380797812 -0.258500369747766
0.16043242002167 0.171473598032984 -0.171547446190448 -0.26881291527339
0.0434506460098613 0.237290738309123 -0.0577020769621414 -0.264517938140657
-0.105698996639437 0.225102768672656 0.0499381868785384 -0.179338382985432
-0.301408046207047 0.124764258508669 -0.00218854179054355 -0.0765450915386958
-0.255875209001254 -0.17888187616331 -0.0892520547770717 -0.156370954662936
0.0129568820579319 -0.320528443935967 -0.042703642695955 -0.368476558813754
0.162677547246448 -0.278292872816778 0.258199719172456 -0.538037174627309
0.16100237908442 -0.383656287902982 0.0533154500633464 -0.304598894106567
-0.022074319101008 -0.390466074058289 -0.029586578132289 -0.14572252339613
-0.296921618665667 -0.213904370474283 0.0520962779213131 -0.0614927099490933
-0.371153970007603 0.128618720534289 0.069980934793059 -0.0758048463642712
-0.169886956153619 0.296033687592901 0.0696578968110563 -0.138501115031379
0.0221410347904806 0.305001481591409 -0.0180760816032002 -0.199545542047717
0.192859805222782 0.256756795189696 -0.0857224507316353 -0.18919344636309
0.237303224611943 0.228251740118142 -0.116730549624638 -0.180195743507059
0.227350242241764 0.266402459766477 -0.104207932612263 -0.179940427303906
0.0580270410101859 0.361740294422626 -0.0267488197334328 -0.172541848874852
-0.157698914328896 0.344555867414865 0.0417206215831741 -0.111050106978099
-0.442639889753671 0.217549250704024 -0.0278439863129052 -0.0412357681895913
-0.423473852634965 -0.224084256184639 -0.119423652696908 -0.140823764221232
-0.066590037244904 -0.496571093648765 -0.073551686288364 -0.290587856352664
0.18759967274056 -0.494811986472225 0.161408176684151 -0.386370359581806
0.176242738983664 -0.501092815717897 -0.0144845788619784 -0.151084721033921
-0.0719645822718347 -0.510687824938204 -0.0161327119338842 -0.0469916777559753
-0.4084698884392 -0.262394632793227 0.0634480548733516 -0.066799653407935
-0.476223458379393 0.177251487606313 0.0394646637415471 -0.0820542651485549
-0.221034810790675 0.378112100066409 0.0250510732966663 -0.0743834840143822
0.0121926049689626 0.386404865167231 -0.0135364359680936 -0.0861093767298775
0.217377133774767 0.325120631292445 -0.0160519460813681 -0.0714070300220028
0.270628215049803 0.277448644974377 -0.0177851111554187 -0.074743195745365
0.258819563339283 0.315792834974284 -0.017363950120005 -0.0666014916964469
0.065681487305665 0.426343036724477 0.0177304026423524 -0.0534698578802626
-0.181124937423226 0.411688574057628 0.035726042438533 -0.0155490757528483
-0.507138978210474 0.281957778286887 -0.0512158694023695 0.0126253707100377
-0.520012951145728 -0.222340913404925 -0.136830557992536 -0.101429150208265
-0.137082110620863 -0.577808314673429 -0.0826366452256208 -0.180010141308657
0.176686586635738 -0.621864081632447 0.0687282369495304 -0.182964068262736
0.165150180719695 -0.551070402545357 -0.102609284472186 0.0456564584032121
-0.11827106572671 -0.563539316058214 -0.00373341244039496 0.0950852610199715
-0.467105943455543 -0.271809343590816 0.0731661908129228 -0.0468298310634412
-0.509877994598115 0.205323647303473 0.00400512140630597 -0.0694227504488395
-0.234675726766157 0.402078806497206 -0.0263052939888294 0.00975602741247348
0.00381447168714727 0.409219549022341 -0.0065500265391406 0.049527853060384
0.210689029937681 0.344447137158006 0.056549099108585 0.0627062444896072
0.262181830964716 0.285461140242982 0.0830288956074479 0.0417045700771262
0.246730805762285 0.317919034248013 0.0732233245052881 0.0530140725422523
0.0553683496797313 0.420688574623903 0.0648908087583237 0.0718418005128943
-0.180209002408957 0.40138679305951 0.0292871162092397 0.087242265932731
-0.483498837690529 0.280137185895091 -0.0694179101784094 0.0691716462964574
-0.50939613597275 -0.193707362452664 -0.13847718042305 -0.0545258958614582
-0.163009391731378 -0.554992799394425 -0.06938252911102 -0.062646948696843
0.141016588999905 -0.636865594958604 -0.00841666219639698 0.0340725104989605
0.122040897443796 -0.510012352434722 -0.195536683870382 0.255300285733574
-0.141546500940406 -0.511838487137718 0.00539244782035656 0.252111107960141
-0.437609523663223 -0.230509979162116 0.0749552318572606 -0.00451766908926288
-0.443777280366912 0.194188101756223 -0.0300753482679325 -0.0377320815245123
-0.203987134100418 0.35130921433116 -0.0704650333397782 0.0968440669269355
-0.00255667296868906 0.360336205217011 0.00406454678194488 0.182707708929529
0.172788663019404 0.307703667948604 0.122569990760982 0.189983804967292
0.214192882128234 0.250234790346135 0.170988411238951 0.152894003062229
0.194276068797608 0.274595459307299 0.149287792657919 0.162287272161283
0.0280094305410053 0.349994318143147 0.0975732391500807 0.18208430522187
-0.162595748700937 0.317807566647779 0.0125618615032222 0.173298293622949
-0.382796463895253 0.21028124055619 -0.0859959337633864 0.108756948512071
-0.397554303875219 -0.15039810104805 -0.129221050111272 -0.0162454072622369
-0.139108668165517 -0.441578186997787 -0.0455075227158697 0.0290638745042357
0.0932527076798755 -0.550074780051901 -0.0656619594238935 0.222372211026306
0.0568687222696204 -0.38355010476951 -0.273662565265859 0.44229845892935
-0.133552437456009 -0.358540398120951 0.0110346317030747 0.389523986909449
-0.315323507880084 -0.138852435371674 0.07259441910793 0.0494850713531991
-0.285433794995616 0.141115988456789 -0.04620364238592 0.00280201486442359
-0.134526680132556 0.229028234381537 -0.094897524430867 0.162569892994425
-0.00941996867397564 0.245122399358556 0.0175988046725377 0.283183483249365
0.106764012902735 0.218376652649557 0.171930199581832 0.28810016110937
0.133819589822101 0.17646796950449 0.234207228781156 0.241068878163484
0.114921589319429 0.19384182415111 0.197140891540102 0.249594925298152
-0.00203383834423866 0.234907518808355 0.104526599142533 0.262998082453516
-0.123068653118033 0.192451593604477 -0.0184685876003931 0.226412260843016
-0.235236577289468 0.110161127339478 -0.102629810825737 0.119641443611872
-0.237282141504813 -0.0935045666715587 -0.11324607093307 0.00575633985135588
-0.0940720188547046 -0.276766542055597 -0.0223709405772871 0.0844210376055378
0.0385495184444321 -0.389385958190345 -0.100057339442282 0.353318713039376
-0.0180068886817429 -0.18710673865848 -0.320388052733028 0.569699413679322
-0.100117941546353 -0.14130328045485 0.0199789644049443 0.482971812698129
-0.138145150889852 -0.0225275879973595 0.0771414498145829 0.102293513336578
-0.0797893073567655 0.0645770304264713 -0.0369578605976556 0.0360341217801186
-0.0480411667538215 0.0687355795455092 -0.0962238983541737 0.18957950897133
-0.0185267049119321 0.089422578200153 0.0325423140442557 0.330553464263013
0.0207328493156209 0.0937482945389522 0.197679493198719 0.336042008729734
0.0323247328338113 0.0758667003589615 0.261814889432319 0.29256497007443
0.023276893636634 0.0854458877298132 0.212252614471297 0.30137647691962
-0.024142539058142 0.0951558504895513 0.0885922430549893 0.307433865191728
-0.0639336930000049 0.061415012645065 -0.0562056965579912 0.244511808077086
-0.072744772982523 0.0232482472691637 -0.11567634154012 0.109034589632663
-0.0792440509076546 -0.0208464757451194 -0.0942099062353109 0.0175645468827398
-0.0602625382522963 -0.0947680864769156 -0.00556863959209349 0.107597635809383
-0.0263192565445844 -0.188478159607831 -0.108829231188694 0.415812927918726
0.0776290630810322 -0.0450733672837985 0.0647395840085116 -0.440301280361748
0.0452337627758353 -0.087564959664666 -0.0710646833857945 -0.196940882899826
-0.0588108187310273 -0.0687365245342263 0.0572546090515957 -0.0171234998002148
-0.0928649933297207 0.0350659532000676 0.116455260450782 -0.0709133667086698
-0.0172996419239027 0.0769515570257882 0.095262061018849 -0.228485819449314
0.036244175775036 0.0564337928960397 -0.0622102661392964 -0.327278423032579
0.0737464402138481 0.0300577106764722 -0.204678621808209 -0.308399430685026
0.0796198284873762 0.0316034026583318 -0.268550385055112 -0.285501487795762
0.0765447075555702 0.0428836581209934 -0.231779750519086 -0.307247768815477
0.0359613509744875 0.0747311810759082 -0.0927972552510167 -0.312291475453807
-0.0242648093670565 0.0820407038488243 0.0449950384309156 -0.217042864837976
-0.111601468420481 0.0429007002301448 0.0144132309100203 -0.0889468802004201
-0.0695778552025479 -0.0848169610867762 -0.0687177335526973 -0.142218605131694
0.0655692516008581 -0.0934815156846616 -0.0269937048360098 -0.405205576288023
0.0995519347388538 -0.0204998520157375 0.301709624682574 -0.630727262574562
0.113703607127973 -0.230045259263368 0.0651057284787791 -0.406753734603437
0.00678427184327658 -0.244431269348284 -0.056381227487717 -0.192132666238812
-0.183609621661362 -0.135528887712382 0.0477969624200073 -0.0440709966335166
-0.233347491281432 0.093993407028077 0.09235256749024 -0.0716849956144608
-0.0872484393345771 0.198733951229589 0.0886437490978292 -0.193064641156888
0.0419059850191921 0.190292521011247 -0.0439237207819545 -0.281420655144612
0.152629251245905 0.146894153923239 -0.161493715995474 -0.268481713092848
0.178982534141814 0.133360209225693 -0.215234190864009 -0.249029943728378
0.172931104234151 0.164240992604985 -0.190023785557373 -0.261502714439064
0.0585719446826112 0.23884417920569 -0.0731058403723513 -0.264307067921223
-0.0954382168892865 0.233719280732034 0.0409522002259775 -0.183924000500234
-0.296973408857515 0.143933225071994 -0.0058527759400399 -0.0742912829226584
-0.267387916530519 -0.167408758241388 -0.102276437406378 -0.149776265870775
-0.00422599462508953 -0.324881289219892 -0.062411346116646 -0.370468248888523
0.150464022188198 -0.286267414229669 0.227615823845756 -0.55659309430961
0.14197493751251 -0.394224020632628 0.0343516330222668 -0.310257495426669
-0.0412683939149622 -0.394014197843678 -0.0388849333359109 -0.14524113699687
-0.309410435991054 -0.198225972732256 0.050523588637402 -0.0669168100347532
-0.364412939596109 0.151411402669837 0.0656917965856828 -0.0820512298467619
-0.152514495646944 0.309752596169662 0.0624057727072348 -0.146532618497455
0.0394683071199113 0.307563759916918 -0.0309529361419843 -0.200808914954188
0.210320080656226 0.246904975716372 -0.0990441219939872 -0.186420555331821
0.252856947857227 0.214532588920527 -0.129205964373499 -0.175210942246222
0.246690754892251 0.254498813430406 -0.11638578393121 -0.176450466090755
0.0812726519541626 0.364099623039316 -0.0361931702769379 -0.173643486588489
-0.13932008741656 0.358380675126577 0.0362457369409001 -0.115226081691174
-0.432639950155185 0.246481311678519 -0.029107525570718 -0.0375700039729134
-0.437872896616263 -0.203247343248168 -0.132236517092892 -0.131263674949615
-0.0942013770298146 -0.497851435955307 -0.0893420258562937 -0.289867938086853
0.162319017225085 -0.505930242496579 0.141577670087058 -0.398183075242389
0.14937198046492 -0.511670456837033 -0.0245525193344173 -0.153436795868011
-0.0989842990838496 -0.51183581013323 -0.0189396018863281 -0.0469399125618378
-0.421841620221549 -0.239705200969685 0.0618917061669643 -0.073392129518021
-0.466196337254077 0.206630666642587 0.0350513586841393 -0.0873553164006214
-0.199394219974511 0.39440208924556 0.0206012593484259 -0.0805922858966403
0.0343344702660504 0.391099179237198 -0.0196843822343438 -0.0856737967357096
0.238864217189266 0.314768728799769 -0.0225226911068147 -0.0720135871894019
0.288515038991854 0.261335277827717 -0.0223862401044209 -0.0747257821041155
0.28046988227651 0.301530798960304 -0.0218012408985302 -0.0668778463659172
0.0929570120659167 0.428961203836312 0.0164645492264455 -0.0563484561113822
-0.159114022364288 0.426052449802564 0.0343766863644791 -0.0188959278743234
-0.493358906529492 0.313885645672127 -0.0488934396473466 0.0179256734803831
-0.536319583539087 -0.196700952897862 -0.148156363133231 -0.0903567342537845
-0.169758043446942 -0.576706030883047 -0.0938599132822789 -0.176930954337891
0.145565499804 -0.632009437686588 0.0610355406509661 -0.187760386827654
0.13450204452989 -0.560374482821092 -0.102183685785654 0.0484036080286581
-0.149141050368517 -0.560663725518846 0.00232625208530195 0.0952594276602266
-0.484035134543383 -0.245986707095694 0.0726825473047721 -0.0536778487215794
-0.498644563370143 0.238546123697368 -0.000579821421515998 -0.0738624903047508
-0.211468636617249 0.420951023200522 -0.026094101661654 0.00672135051649546
0.0277989031775794 0.415017782017418 -0.00498093823468272 0.0508106610689998
0.234818895357575 0.335201343654312 0.0590901573759208 0.0590793723696238
0.280077682268588 0.269937814339801 0.0866659725264274 0.0369139510661113
0.268583157528274 0.303627765706086 0.0772189841204857 0.0480779351306063
0.0820809148543461 0.423028420663576 0.0711719521966543 0.0675136220162005
-0.159477460180482 0.4164850411758 0.0329179231712838 0.0856348859119456
-0.468542193626112 0.312989636705056 -0.0633974906628939 0.075301649866034
-0.524144790924549 -0.167812368041332 -0.146725656095131 -0.0424793091333118
-0.195580825760535 -0.550504479637236 -0.074829297100485 -0.0596475984106623
0.108237256688198 -0.644518456875732 -0.00298796660836573 0.0346222762152817
0.0942718314073034 -0.519119142820532 -0.183454796233074 0.263168708722383
-0.170663337941826 -0.507867448241096 0.0203113446555661 0.25311460909546
-0.451646640279739 -0.203393153466337 0.0772859367417478 -0.0111256789277123
-0.433380767506987 0.22291192900612 -0.0325711517703021 -0.0400349902610517
-0.183423850173977 0.367458362657569 -0.0656180231027963 0.0977230675492042
0.0194412861582762 0.365677634857477 0.0134494510851314 0.185164027368386
0.193410799335594 0.299575555624636 0.133700414611644 0.184048751169607
0.229101643653023 0.238534345638778 0.18195445418361 0.142916843111964
0.212565401088823 0.263434631827797 0.160706904856062 0.154781537766268
0.0506086462605782 0.353522582440809 0.11067807625157 0.177435086118866
-0.144932703752599 0.331652590555601 0.0217880977712891 0.1735521565861
-0.371580265884765 0.235575636829139 -0.0779724063437214 0.115610679150494
-0.409232292719878 -0.128924351956005 -0.133912381852014 -0.00490110555168254
-0.163424952462119 -0.436823621789855 -0.0460796516103039 0.0323160799756002
0.0650136965670682 -0.556830567778933 -0.0496277199403873 0.227333039573183
0.0345205073359135 -0.38933012774681 -0.251072745617044 0.455860225627353
-0.155762918156167 -0.354830131800838 0.0347302711590118 0.391204836959314
-0.324636714752872 -0.119762960205279 0.0769369072346845 0.0442112278381486
-0.277593546013209 0.159304183715085 -0.0469623592645512 0.00147124521958851
-0.122274296152948 0.240256747762751 -0.0873053625366689 0.166822072590573
0.00581847158664596 0.249353731989521 0.0336624506431554 0.28645971097448
0.120705439172194 0.213834023332264 0.190014415609443 0.279932921934315
0.142954876415271 0.168821541150642 0.250768877469228 0.228733169957697
0.126903242582109 0.186375479793607 0.214881224836563 0.239919141307006
0.0126747607704405 0.237348456366307 0.122815947944508 0.258972002927064
-0.112627971073763 0.201843286410823 -0.00550840812715829 0.229251637880118
-0.228221580063257 0.126681917005718 -0.0946162835166372 0.126632624219659
-0.243483955549844 -0.0791229789899497 -0.115394477998133 0.0150747622651053
-0.110296762738651 -0.272838890905944 -0.0198524587796762 0.0872189255289749
0.0172872475917337 -0.391482634389089 -0.0754570131012924 0.36133570128675
-0.0303238003965717 -0.188466708293466 -0.289893237681713 0.587179994895867
-0.109688587893141 -0.136571023842497 0.049808628430487 0.485747461038518
-0.139727019170772 -0.0127179392684091 0.0840209277664995 0.0985171182148945
-0.0749358585163349 0.0705519305092225 -0.0355255810936846 0.035430897475014
-0.0445748752864896 0.07281551189735 -0.0871691382648049 0.194771079923036
-0.0127393788626405 0.0918999141854267 0.0504398769001669 0.333117616096331
0.0263569494374004 0.0928179364378961 0.219254699476591 0.327879302108734
0.0350596666364272 0.0740509023624668 0.283074135887907 0.277670408016606
0.0272584860738224 0.0827924139969978 0.234491913600699 0.291318809742368
-0.0180120331914619 0.0967659144053369 0.109004358280316 0.305785282454669
-0.0594299226629686 0.0659541947944809 -0.0425568536751851 0.250783622164727
-0.0693008625546624 0.0277816644460968 -0.10810062661772 0.116348451082262
-0.0808977077450771 -0.0142679487850369 -0.0939507777137338 0.0243496576780373
-0.0663821743920529 -0.091403832902934 -0.00125329611859932 0.11023712031184
-0.0385494167707376 -0.188453563896326 -0.081861627383589 0.425494184642666
0.0743742047369578 -0.0483112023780359 0.0350219522176878 -0.432127621638867
0.0399828164401707 -0.0905516967942348 -0.0826005201696743 -0.188698802187243
-0.0631892147926079 -0.0649340454298994 0.0559986045763446 -0.0227864819485349
-0.0909883092875385 0.0401686651767838 0.108828937693318 -0.0776514705720931
-0.0112355113564862 0.0767978730483869 0.0773746604636888 -0.231625106240104
0.0389198301964492 0.0535116981339931 -0.0834479630512317 -0.318619576624812
0.0748071945943369 0.0248413689772099 -0.220865507639033 -0.290491669312356
0.0813405536288977 0.0260144646088367 -0.282081362079779 -0.262305282294008
0.0789746851639952 0.0386813704934581 -0.247223078330595 -0.286859506392005
0.0394502326516959 0.0724369998983952 -0.110415426348033 -0.301680665474888
-0.0199940608667884 0.082739069458077 0.0327590254571823 -0.215046988956512
-0.107582455016294 0.0490555126683847 0.00930889355973759 -0.0854208258852168
-0.0731624043569792 -0.0809007098741097 -0.0768233577013647 -0.133447983124577
0.0597582624430615 -0.0953823607448417 -0.0512950633460824 -0.397595460979625
0.0980217652347573 -0.0242460624903288 0.255205489206389 -0.635397160320566
0.0975679091954104 -0.230008430557964 0.0371613732859834 -0.400112284088276
-0.00640677240557013 -0.24106502674208 -0.067522835473004 -0.184615100433869
-0.188059008531751 -0.121621878484287 0.045425822158475 -0.0487776255494399
-0.222295131739092 0.106570629196927 0.0851936473403994 -0.0774650101633771
-0.0715097213804735 0.201000744926699 0.0728389208270829 -0.197037877966636
0.0526918343883193 0.184715631424676 -0.0621240493013388 -0.274116389304639
0.159927798327049 0.134034736164807 -0.176682568296303 -0.253953653946874
0.184787620546 0.119081349930781 -0.228106687252057 -0.229676144825343
0.182170681969192 0.149637482219492 -0.20376838614202 -0.243992418914123
0.0733584805085999 0.232666211934248 -0.0878254890041075 -0.255932098774582
-0.0800326194961875 0.236673925007691 0.0295509918547989 -0.183182413287901
-0.281912016708164 0.160792314073149 -0.00936323413234906 -0.069349625135038
-0.27171145891023 -0.149399838944782 -0.11140487819133 -0.137761219126105
-0.0235596581169447 -0.318799282337827 -0.0844886886909269 -0.360564274649083
0.132110193367885 -0.286267048698706 0.189287815739508 -0.557324461880605
0.114507222097593 -0.390559306068575 0.0123890308081488 -0.306134702687956
-0.0617492909256386 -0.383634549045804 -0.0467761928993819 -0.139988926938477
-0.311712617086277 -0.173324014894082 0.0469680238035811 -0.0718639444115698
-0.346001863710411 0.171816381976616 0.0582372751754725 -0.0870225875279912
-0.129510547462002 0.313897258498404 0.0503072233617139 -0.152074973318861
0.0583416690171639 0.301003951107429 -0.0442417399447198 -0.194626098925784
0.222060595442325 0.228969256646503 -0.109672395658162 -0.177190006206954
0.260794240933044 0.193055989940827 -0.13771387495242 -0.162826362502562
0.259252068268515 0.232745460289426 -0.126065995775204 -0.1648723828074
0.104325052050346 0.354239695693249 -0.0456199204745625 -0.169482082649499
-0.115773045837448 0.360998738036881 0.0278848996624702 -0.115429333628164
-0.408511774900072 0.270754836347006 -0.0287691007239525 -0.0322807707849436
-0.440874203104538 -0.174353101148538 -0.140466794327977 -0.116689478221496
-0.121503212481492 -0.481248113934068 -0.106196305830979 -0.280066927254068
0.131266558296064 -0.49986114610639 0.116965436404817 -0.398159085699741
0.112886362900374 -0.506071605280463 -0.0357037526301072 -0.15116812558684
-0.125493959174908 -0.495904572715668 -0.0212375149277868 -0.0450749023194039
-0.425176361063647 -0.206151754545972 0.0579736720444079 -0.0788215022142345
-0.440306581235403 0.232630063903236 0.027561741464727 -0.091595701553859
-0.168544132727578 0.398789281440636 0.0138256390098154 -0.0856144498663327
0.0591094982890147 0.383166886295102 -0.0259779002161112 -0.0830782934937291
0.254896082269726 0.293038007054976 -0.027737767025786 -0.0695566030997045
0.298480797023875 0.237286355235976 -0.0265268142804632 -0.0719391217381496
0.294297484609096 0.27720601240525 -0.0256943833151673 -0.0637797633622183
0.12022683856005 0.416961865536159 0.0135962049689686 -0.0578310205384854
-0.130024360100663 0.429948200945348 0.0319571307294533 -0.0206751569957678
-0.462086318087632 0.34291333083181 -0.0436757597776442 0.0222625703300102
-0.537765180655566 -0.161948466594459 -0.153703740754946 -0.0740390127345776
-0.199789661408749 -0.554513310516391 -0.104133948406284 -0.168380256144781
0.106254628901405 -0.622671769554776 0.0502014168982598 -0.188169233774691
0.0962450996483029 -0.553810928408147 -0.0990533345468425 0.0489615217749104
-0.178729815227943 -0.541450861389687 0.00840193138914156 0.092407456032116
-0.485058278769194 -0.208905209197699 0.0698029888345806 -0.060923959512103
-0.469129178954968 0.265736392837452 -0.00627484303407759 -0.0768502204053233
-0.179762190834894 0.426467668827966 -0.0267975529580472 0.00186940457690959
0.0531811567496073 0.407570762815871 -0.00299423967025188 0.051238635478666
0.250579429117089 0.313381442471286 0.060217338244288 0.0539080723293627
0.289942276354333 0.24597540729113 0.0875292731892183 0.0298244241166527
0.283013732568799 0.279620923821034 0.078783908659068 0.0423247745623726
0.108764785432234 0.411621115108028 0.0752807634512996 0.0599359424636205
-0.130372511346718 0.420979105077307 0.036906100572679 0.0811403038394981
-0.435889945973879 0.337809347336841 -0.0543958233988978 0.0785682804121268
-0.523255504308269 -0.132373601320224 -0.148633446854322 -0.0277661632787357
-0.222592032679928 -0.52777120269846 -0.078848008972778 -0.053791261163093
0.0687793574059757 -0.633801121193131 0.00258012366977792 0.0334623257536524
0.0585031537377467 -0.512736129958751 -0.165053150581574 0.263452629419206
-0.199527667328619 -0.487229847021473 0.0367612008693226 0.245344282667669
-0.452727007678974 -0.170117712908043 0.0765773401546308 -0.018655140876044
-0.406850270359207 0.245728208550351 -0.0357212870054126 -0.0419379002106037
-0.155088917597213 0.372916865812256 -0.0599306020005501 0.0946680481517563
0.0427853833952078 0.358946097430721 0.0241233418746097 0.18205969167525
0.208717354078041 0.281260979066186 0.142733861053061 0.172193992511618
0.238498164102637 0.218012336589223 0.188354824198141 0.127124487435156
0.22456129186312 0.24203191767813 0.168074972014875 0.141354424670953
0.0736578158816677 0.344335162773028 0.121144106497012 0.16540686149816
-0.120696261787617 0.334519997313666 0.0307235196591839 0.168719511383984
-0.346064904293674 0.256279702100884 -0.0666248932182813 0.117715650486905
-0.408448444511747 -0.100533328267374 -0.134206954472306 0.00771150183025626
-0.186027217256509 -0.419765058766152 -0.0449754271637882 0.0357636783639999
0.0315457469672855 -0.543662304295706 -0.0300595256400401 0.224687048099468
0.00950741308537678 -0.381641304185891 -0.218646890685179 0.455121807563298
-0.174129221314286 -0.337655339535076 0.0589335303107819 0.379268322850898
-0.323510822157111 -0.0956569984110847 0.0793087709638943 0.03713108967517
-0.258033387266275 0.175042155142933 -0.047256795642325 0.00111067061459372
-0.104075842900577 0.244417287788706 -0.0762386456108031 0.165118300159779
0.0227969397341616 0.245641335588375 0.0499763344958878 0.280456392121518
0.132638962415464 0.202063176148301 0.204466048014118 0.262604919275958
0.149510894136369 0.156101726944835 0.26176957400062 0.207191575204477
0.134998647616796 0.171901707154495 0.22686597905715 0.220960242787284
0.0285949889069119 0.232337703506527 0.138626423607715 0.24533231772248
-0.0970496140253826 0.205087170795957 0.00852109112461489 0.224908368827924
-0.212396177774353 0.139242258829089 -0.0818967713023061 0.129468616048516
-0.242409783786544 -0.0611545384642743 -0.113828103943344 0.02450659365018
-0.123579228347375 -0.260016055282736 -0.0159286133170569 0.0880438359753907
-0.00909692930173677 -0.382008333153464 -0.0469668151071978 0.356790324723492
-0.0426776411072004 -0.182730554077387 -0.249552004910613 0.587676633156105
-0.117291486299981 -0.12632213728881 0.0792275075991977 0.468883987109732
-0.137094708252647 -0.00246459519962185 0.0888389389867409 0.0914639296866366
-0.066853970988463 0.0739775752342901 -0.0336721021729528 0.0339106997706139
-0.0389332872687846 0.075310721605118 -0.0744273081485923 0.194985581072624
-0.00603316304745703 0.0916216534548429 0.0704553720913284 0.325803065110052
0.0311613098758726 0.0894919641896917 0.237350843132897 0.307772313801451
0.0376349465328348 0.0702517521904267 0.29672326036775 0.253603753985746
0.0307148767399617 0.0779102661558309 0.250240108548136 0.270326572889012
-0.0104753718674883 0.0952840439794329 0.127230627491104 0.292023654311591
-0.0527425331398953 0.067701868110037 -0.025564195049569 0.24811745721399
-0.0637922351194157 0.0322260768332418 -0.0965699908611576 0.119967100002555
-0.0795309063944491 -0.00661622487847502 -0.0908109676097131 0.0307476663933898
-0.0703923236165263 -0.0848284680212103 0.00363146800277169 0.110333759831917
-0.0513875688756822 -0.181752334978214 -0.0489221887460935 0.420495185295328
0.0707046069141327 -0.0489767740548271 0.0153258115350256 -0.413742037341938
0.0361670823411193 -0.0904892683055131 -0.0871343632796891 -0.177968610223466
-0.0646873888801217 -0.0604186580839388 0.0535139391443139 -0.0263702883739896
-0.0876408634011599 0.0429139149575617 0.100350862316776 -0.0799538194979652
-0.00722688627161485 0.0743077657764261 0.0621769488641279 -0.226462488193949
0.0400507583358524 0.049996248428974 -0.0950774770348385 -0.303472405300965
0.073561821707598 0.0202484663733175 -0.225731596806486 -0.269918421466833
0.0804381472221949 0.0212769217157605 -0.283986466157426 -0.238739692360628
0.0790800983138339 0.0343431681383169 -0.251137942237376 -0.264606385253397
0.0411255397305923 0.0690781488596452 -0.118559689154916 -0.285255969266897
-0.0172885799460487 0.0812191376277315 0.0242167317665019 -0.208275883227049
-0.101978978753654 0.0525180496447384 0.00657780877357913 -0.0797959101649255
-0.0732770396781317 -0.0764280765594845 -0.0797684986261535 -0.122705982871672
0.0544274240387117 -0.0941720974274738 -0.0653957470037316 -0.380913338628289
0.0952952089402507 -0.0257841105706111 0.217999789289295 -0.617449973879833
0.0851563831856671 -0.222036400622038 0.0176912235462503 -0.383424272575735
-0.0143666917106276 -0.232932723606706 -0.072292054909436 -0.174321354029048
-0.184509362049223 -0.109166681214582 0.0426536436904096 -0.0520533140687442
-0.209027833872633 0.112694150911718 0.07684814406722 -0.0791336763449272
-0.0594061804173492 0.196271269397867 0.0593867571236439 -0.194992820892647
0.0589887341554944 0.176332058579395 -0.0732380028035475 -0.26129161393661
0.159541466562092 0.121322634889938 -0.182093226953468 -0.236114754990522
0.18280981739989 0.105718426478209 -0.229352447066589 -0.210283962797521
0.182601267479471 0.13597726931849 -0.20709214056991 -0.224839603428698
0.0812792320677717 0.222286868235048 -0.0951597544044494 -0.243222347702217
-0.0679160488061251 0.231917057554447 0.021277316650815 -0.176613995174863
-0.263645555307681 0.167966899272202 -0.0101835439146532 -0.0640148777776366
-0.266228558065536 -0.133480526660822 -0.113639298058666 -0.124645448130804
-0.0332183741081172 -0.305494707800475 -0.09616614675282 -0.343939147641285
0.117971771954525 -0.276925735130049 0.158647415986586 -0.540727501965383
0.0938780096051492 -0.37454240496474 -0.00232571598368722 -0.293641676699369
-0.0730442060081696 -0.366527441368808 -0.0504237162481203 -0.132529244715211
-0.303654285283315 -0.152224976661943 0.0433771592040343 -0.0754009069709319
-0.322073563126219 0.179813547191844 0.0502883209229739 -0.0886995143735938
-0.10868326290526 0.306356770535892 0.0382617654266734 -0.152072176834763
0.0693203732724869 0.288713121215298 -0.0522877177490623 -0.185763367238007
0.223915250709271 0.21020649279525 -0.114739177813969 -0.166368678010619
0.258737563282168 0.173328879140587 -0.139103223441967 -0.150521075338057
0.260275048651435 0.211356704095849 -0.128075611121219 -0.152470152785399
0.117097744120532 0.337825208347229 -0.0507630522427558 -0.162641692418999
-0.0964017254516879 0.353475023359998 0.0222337176952881 -0.111520330232796
-0.378221313051058 0.278910485643114 -0.0269396304904865 -0.0278835322342818
-0.43095024889471 -0.151009955596738 -0.141105352931716 -0.101109009765962
-0.134757471195579 -0.459140569238493 -0.113815860995282 -0.265238214154592
0.110160656453019 -0.479068414420667 0.0960842752433516 -0.386220919470813
0.0895792354844647 -0.484819588305534 -0.0427337465743407 -0.145167126143375
-0.138399550445843 -0.469861503248821 -0.0214432746382367 -0.0431818103900136
-0.412422532117946 -0.179532009246872 0.0536124261865759 -0.0827172547944435
-0.409848055500516 0.242497709472138 0.0205362861074118 -0.0929021475703909
-0.142958704469018 0.391418123214791 0.00600509114569283 -0.0881713180431478
0.0734092960079191 0.367879000806972 -0.0300895470252721 -0.0784174758494093
0.25755197930478 0.27050744469211 -0.0306746338243343 -0.0658941592506085
0.295572047455006 0.214120162887467 -0.0282749948987656 -0.0686198540119454
0.295863221318922 0.250961503626584 -0.0268924537573453 -0.0598752312883453
0.135258518428545 0.397100033425174 0.0112530579807765 -0.0581001261991317
-0.106544544481907 0.419842680582886 0.0292654591055226 -0.0212983146744329
-0.427009325890296 0.349244932718144 -0.038205133468916 0.0240629200453108
-0.521710997653056 -0.133228214922092 -0.152467271945997 -0.0598134398302968
-0.211868462506454 -0.524903339130153 -0.108307734648192 -0.157539710387834
0.0804511209472616 -0.59678238892321 0.0428866011005074 -0.183180178473053
0.0693264709731928 -0.530646208772111 -0.095107439253404 0.0473421397161532
-0.192412042225489 -0.511547540817235 0.013076311054179 0.0866714891143282
-0.470621360585865 -0.178570842894946 0.0661079750157374 -0.0656949799955081
-0.434446317935652 0.274938214889446 -0.0114014304740503 -0.0776700458565609
-0.151548002526408 0.418595391128105 -0.029256256547046 -0.00292243247449604
0.0701360601771732 0.391972984116149 -0.00185255899728728 0.0497218952823369
0.253846951243211 0.290343301652317 0.0598269065014098 0.048854182839814
0.287994684025879 0.222909481625618 0.0865744461674785 0.0237093410032664
0.283253877715521 0.253879380040098 0.0779861955832672 0.0376852149732892
0.123774576423999 0.392098733660453 0.0756405885150082 0.0525280166946704
-0.106865299096386 0.409189601393081 0.0379872306653085 0.0768810029398298
-0.403370202119661 0.344746009411533 -0.0455484738943986 0.0780672938159989
-0.507104361974645 -0.106062050471578 -0.146137737603532 -0.015241268043841
-0.233296478751813 -0.497254712678949 -0.079163669121755 -0.0476350692283393
0.0436177000659991 -0.605368033840786 0.0066980308260458 0.0296895287789627
0.0346756737390159 -0.490161830824204 -0.149701021680532 0.25506966548011
-0.209631441213861 -0.459171408386486 0.0465837599552545 0.232349802497238
-0.437873669204262 -0.143532694725012 0.0736533068325085 -0.024418188295609
-0.37611486533096 0.253912393748422 -0.0378945637840443 -0.043231385361028
-0.131209289955334 0.366361549906542 -0.0563820591719227 0.0881188750982379
0.0570927704607513 0.345397579749317 0.0300533657526573 0.174759215303298
0.212889441443834 0.26117349040011 0.143853919105148 0.15887177270139
0.235737174646835 0.198587063204856 0.187567017900673 0.11354821977143
0.224326859347828 0.220569692395231 0.168727218230506 0.128605483412353
0.0878476613299312 0.328899874734572 0.124242654235173 0.152228620146942
-0.100657100811483 0.327455011669244 0.0361184094496819 0.160823649840047
-0.319603065797505 0.260870819266109 -0.055911530052872 0.115713534054564
-0.394455519849472 -0.0796618668101503 -0.129942752779748 0.0170617353018843
-0.193841690249913 -0.395174700555805 -0.0433167557909423 0.037253240045308
0.00981980132928999 -0.518749739582693 -0.0162371416874613 0.214323233668727
-0.00873016440082966 -0.365379560044799 -0.194276430589683 0.441249459456155
-0.182054285790132 -0.316391650362876 0.0734544103154784 0.360304599537139
-0.312296296444821 -0.075935851209261 0.0780554672664197 0.0297601160588643
-0.236814231060168 0.178535355046593 -0.0469502567739374 -0.000764223331185372
-0.0885621803401812 0.240821392215838 -0.0690062585382436 0.158093288756055
0.0332111933363663 0.236295884665659 0.0598207348023 0.269133737176695
0.135938406897422 0.187803665815038 0.208368700949482 0.243228332674206
0.148356730862136 0.143007137526779 0.261635054566745 0.186279995809289
0.135457678242441 0.15731295483638 0.229078869739459 0.20115062160321
0.0389444654956432 0.221484637917374 0.144259713838904 0.228782834925353
-0.0827183154351802 0.20199053318332 0.016940329154705 0.215971848230144
-0.195669082006822 0.143118809324249 -0.0711673546708884 0.127110343735605
-0.233929337592946 -0.0465078717989661 -0.109581684898411 0.0310616781499758
-0.128283631676923 -0.243623553283259 -0.0131380391024633 0.0867958620814598
-0.0250243577769168 -0.363694654039373 -0.0260165971623074 0.342898868850236
-0.0495987465558509 -0.173021368816438 -0.217259097401779 0.569229497766963
-0.119149804516489 -0.11549150354106 0.0963803490351717 0.446486047772331
-0.13052272291976 0.00466633990259013 0.0895426748018049 0.0828828728742821
-0.0584868211189539 0.0733534701543453 -0.0316612706061408 0.0313220243431965
-0.0334542837490401 0.0749884232532615 -0.0652101330426688 0.188294211434979
-0.00146258163236924 0.0885724180994731 0.0825152426693407 0.311343347953044
0.0335892325398727 0.0847555102748892 0.242418913118337 0.284856888546349
0.0371420824302012 0.0658926029698454 0.297050323644636 0.229574507496175
0.0307159978814016 0.0716957181414561 0.253597475612447 0.247268539956185
-0.0056327462390592 0.0904338882813434 0.136507325076056 0.274760979815982
-0.046123715673782 0.0668774964719828 -0.0129117054742678 0.240162332956893
-0.0575843306480636 0.0332127935142533 -0.08595726657163 0.118570031598329
-0.0752976986510872 -0.000581043572884775 -0.0860184880217123 0.0349143667223428
-0.0710576521542259 -0.0774775191510331 0.00695704503217695 0.107506597017063
-0.0588157772118565 -0.171345861618493 -0.0257524767693288 0.40357576209811
0.0690754737251394 -0.0408945406444722 0.0317321547951719 -0.397839931229912
0.0392872890298675 -0.0865266335014461 -0.0796115242319022 -0.174308163431856
-0.060521329363615 -0.0632517908191079 0.0494953439598391 -0.02362435842671
-0.0881358213114157 0.0376864991974262 0.0963833760960535 -0.0702452853183018
-0.012656571568177 0.072041102101266 0.0661717393231119 -0.212449782245205
0.0347882519371668 0.0510319824749268 -0.0820432176890643 -0.291916990871688
0.0687884835643614 0.0196982487370725 -0.210094118361457 -0.266750641026323
0.0786918374283163 0.0228108533288835 -0.267171702758114 -0.233033576944808
0.0753446750071674 0.0338103825011266 -0.237117592243461 -0.257998608791058
0.0373328770467396 0.0685536793980367 -0.109468775145562 -0.275801994291472
-0.0206395479476854 0.0789553457096 0.0275725814320434 -0.198077034859815
-0.100329667214649 0.046165869919905 0.00487235081295944 -0.0745399299836791
-0.0693950887085989 -0.0795197659595269 -0.0702339018209655 -0.121541724333548
0.0566354328400074 -0.0956081705627576 -0.0447603352593797 -0.36713530518897
0.0928598252785085 -0.0292249168818031 0.23627599355416 -0.572721824167585
0.0941451784755948 -0.20713227067644 0.0257602893961651 -0.372390687010623
-0.000802050685338413 -0.225681257449094 -0.0692114564195569 -0.16863452026761
-0.172911164670384 -0.116052756494747 0.0381945656999189 -0.0439455060433884
-0.204981057326568 0.0988524494164622 0.0725242117431088 -0.0651364346177745
-0.0674042628723265 0.186740655308364 0.0648348629624682 -0.178416858745186
0.0488193124866728 0.17449516481284 -0.0586052904883523 -0.249331765806347
0.148398752553907 0.121225278071911 -0.164360245543849 -0.23323768302151
0.175244859171969 0.109733253817167 -0.214506944660375 -0.204093323041729
0.173763669888462 0.135961637745438 -0.195839128845701 -0.217494153528862
0.0740235645551949 0.219813778807662 -0.0898545472841136 -0.233405595666066
-0.0740137395903139 0.225667531035824 0.0181578080518745 -0.167919549158598
-0.257970336561268 0.153452324954524 -0.020874358265086 -0.0615327821271722
-0.255458262995044 -0.142035420299294 -0.104819115329189 -0.129363656764234
-0.0226941222039566 -0.302414030133803 -0.0701712098596524 -0.336285104370723
0.119270181003382 -0.268229728774425 0.185832300940707 -0.504322343648928
0.112533470650658 -0.35456845859192 -0.00456577560523992 -0.291803913569945
-0.0496955664706963 -0.358006729212501 -0.0533069890088271 -0.125902627500835
-0.285247658461991 -0.164420192668371 0.0383524636006864 -0.0618228746996699
-0.313936901731279 0.156901539990942 0.0462334340637086 -0.0702821499190031
-0.119056664186342 0.290509245492506 0.0461135893927385 -0.134510773619008
0.05564214042764 0.283028794146796 -0.0385377672758773 -0.175525282458616
0.206635352867942 0.20988809199074 -0.0984379251976964 -0.163144525503609
0.246421006500243 0.179619011969022 -0.127470574481187 -0.145181078893381
0.247729099790129 0.211514874549748 -0.121064845478338 -0.144854652410242
0.107846118337901 0.334720258306413 -0.0498507364963993 -0.153317945120096
-0.105348741376225 0.344542973710721 0.0120450309574028 -0.104759334311626
-0.370891194142583 0.257983591550985 -0.0444634696046341 -0.0280736985432674
-0.414036861684522 -0.16298728523611 -0.134595250751501 -0.11251736453515
-0.116376448058521 -0.452843829502312 -0.0873421729139827 -0.265224402268403
0.114182630018975 -0.461663851418496 0.124421393215118 -0.362326378036178
0.11545052092396 -0.462808416780158 -0.0539253621796559 -0.15329648703757
-0.107436514754594 -0.46230587036721 -0.0316334977719742 -0.0375373085232332
-0.388578959508285 -0.196565396274767 0.0467250338522698 -0.064014289478021
-0.397892075675603 0.212796652919624 0.0173507114426276 -0.0720577398585187
-0.153664979284763 0.369934634922644 0.0148694032674069 -0.0725371021441085
0.0577598870145114 0.36019713048742 -0.0183236534007501 -0.0714282102971938
0.237286221443274 0.2711805319576 -0.0180844315964317 -0.0644858734562829
0.280682655850415 0.22115968699363 -0.021202805480524 -0.064309139311214
0.280881743020057 0.251000106622921 -0.0259658033770242 -0.0533222549544634
0.12430260168745 0.393898922733991 0.00676210109814068 -0.051379964220201
-0.116156600380971 0.410383306611099 0.0141654542839976 -0.0175992885119577
-0.418313524958988 0.324905606943195 -0.0604716695251124 0.0218489592397208
-0.502588579168331 -0.148453916278966 -0.149425842119886 -0.0748406585121363
-0.188540409554013 -0.517833116608492 -0.0846161953887783 -0.163037706116716
0.0889063123488438 -0.571219694907796 0.0690756446175681 -0.173900115828575
0.100348628467982 -0.5087169708646 -0.116033006558008 0.0283239320747268
-0.155729117590653 -0.506479037641583 -0.00495335607161623 0.0900732094292841
-0.444097252138626 -0.198385570034352 0.0575119285076373 -0.044439914341788
-0.421661622044696 0.243001091128069 -0.0135882891523833 -0.057678846973774
-0.162867527716002 0.395655704433842 -0.0202723457390223 0.00830189918939421
0.0547162640345607 0.38237165003469 0.0053737117944702 0.0522269872965268
0.234486119024856 0.290897833539674 0.0663874079182377 0.0482431574013218
0.271889374103132 0.229264540859586 0.0873436138608996 0.0259749579310802
0.268398388200775 0.254722564694728 0.0740507237772145 0.0418066101179766
0.114426181593121 0.388223267919992 0.0670799467976465 0.0564421464448785
-0.115519341026842 0.399377328979238 0.0199079938001437 0.0771999347042319
-0.394647636653861 0.32153506179565 -0.0688446639726531 0.0733064876416803
-0.487400344929593 -0.120142697270515 -0.14603972800022 -0.0309796286327347
-0.210508233209389 -0.489535657121897 -0.0624057069812713 -0.0567708046312988
0.0537530556504621 -0.57855885257793 0.0249012489351193 0.0249686781790418
0.0652103601604811 -0.473545011213636 -0.177523374250056 0.22570612911454
-0.174927922875472 -0.45773817000437 0.0230475530006019 0.231229292405656
-0.41578304108128 -0.161784532441039 0.0649150806743814 -0.00557542336693878
-0.365386714424993 0.224277422686235 -0.0389474787746984 -0.0275350597161573
-0.139126670348924 0.346491962708673 -0.0500517862599194 0.0925157538545955
0.0444287009034241 0.336723539617345 0.0313998725721461 0.172258443527875
0.195919232551817 0.263145513622464 0.143230602248073 0.156623539469915
0.222281999731613 0.205009381534743 0.182169188595819 0.113453945423695
0.213091187401096 0.220977771500123 0.159682436400618 0.130090013110672
0.080807157276147 0.324681829437994 0.112909331898672 0.152342128254826
-0.107655744052464 0.319712883086553 0.0191476055702283 0.156904430399595
-0.311063447173908 0.244042282597798 -0.0744516357931762 0.108202228439795
-0.380185154076643 -0.0886977960727015 -0.130490785114932 0.00310028774421642
-0.176188707257549 -0.387272018936643 -0.0345454499022409 0.0285145859518442
0.0191344898104242 -0.494161102233977 -0.00775466764296965 0.198401085080098
0.0174797985891835 -0.355285198746904 -0.224976265189795 0.405762072491621
-0.157134978503622 -0.318594442671106 0.0486491886928627 0.353949378846891
-0.296978330525267 -0.0904121705653002 0.0700635417531124 0.0428435778006529
-0.230457448088109 0.159616782767672 -0.0472775170071543 0.00669046802408335
-0.0915671487426295 0.227053300600378 -0.0665543202867597 0.155006255040506
0.0258704645937912 0.229623984530105 0.0551485452700984 0.261773160084564
0.125179468945119 0.190070097381516 0.200836705408934 0.240177406868417
0.138596590902023 0.146899141889709 0.251129043226205 0.183766871738693
0.127350671146007 0.158054517596349 0.216806136919851 0.200611459877962
0.0355363903845856 0.218497447296283 0.132394346409605 0.224540115958244
-0.0846398965074013 0.196350588460895 0.00424026294025467 0.207802359972835
-0.188885947407456 0.134402651894737 -0.0815448953581666 0.118063762251494
-0.225176439631179 -0.0502889256215569 -0.109294395302985 0.021052425516506
-0.117720555280847 -0.237386602267281 -0.0107725149936342 0.0801934978848822
-0.0166947409102637 -0.345017745959001 -0.027851075421776 0.319404392319566
-0.0328175272162715 -0.17314314370628 -0.245411265054919 0.530522056726917
-0.107020355863123 -0.121294399679001 0.0730610679577501 0.43448439081841
-0.125881604444397 -0.00285265016177219 0.0822988790527384 0.0877578683469302
-0.0563008250282619 0.0664936558047901 -0.0319651013038202 0.0299911771390843
-0.0320996683342323 0.0704540994495767 -0.0668611797236955 0.179760941479667
-0.00251409286884134 0.0847781502332764 0.071253981212383 0.301864862266014
0.0309416300929557 0.0861721865551367 0.228405760994988 0.280668253180188
0.0326257823286644 0.0672335978936448 0.282621265986387 0.225363891196867
0.0277093107540542 0.0722748737971814 0.240533115793361 0.24301417098433
-0.00567708558375826 0.088611797710617 0.126503699238665 0.26680852821719
-0.0450788237016994 0.0648509881160821 -0.0201255123503237 0.228954000960994
-0.0546609029301958 0.0321483657367785 -0.0878728567603922 0.109815453852242
-0.0725260757682045 2.28182346192728E-05 -0.0848835979421278 0.0291735977985985
-0.0674443046472776 -0.0748237339360304 0.0035461651111349 0.102655482610625
-0.0540933488811107 -0.161477180306153 -0.0350838771721953 0.377963452457802
0.0698713877460763 -0.0391987090778159 0.0328469780407432 -0.388117290500659
0.0399980702585079 -0.0878363860791627 -0.0777944671171346 -0.171960322248721
-0.0607734998028332 -0.0635850911578868 0.0487944896674061 -0.0265131688597393
-0.0889667378082732 0.0381729583689929 0.0934467730460696 -0.0699668049483622
-0.013155550934174 0.0710857225469314 0.0623699691566958 -0.20924786236737
0.0343574290888566 0.0504846653519348 -0.0832430196263039 -0.28785710822252
0.0680526804327537 0.0191109807973334 -0.208996334352401 -0.263417922529332
0.0785283950616826 0.0218112097944558 -0.264358004081843 -0.229697117064541
0.0759668031127792 0.0338472957582601 -0.233513680794744 -0.254107546152256
0.0371548125217857 0.0690690440928203 -0.106952002344964 -0.273176636781582
-0.021807261272295 0.0790011374239956 0.0295413998872175 -0.195482497263413
-0.0998009575447667 0.0458239141453969 0.00617816878710929 -0.0707158847899565
-0.0688238926849667 -0.0805731413405562 -0.0684309153632425 -0.118714749613397
0.0580549052158876 -0.0945461671808071 -0.0452865778530194 -0.36297521989491
0.0937772902481164 -0.02749478739638 0.233597492382383 -0.560825711995415
0.0946360821106723 -0.200725898322831 0.025988889549326 -0.364235938087724
0.00136333183022497 -0.224216942875056 -0.0675805929484206 -0.166534335246736
-0.169121769941794 -0.114756859633262 0.0383812905648026 -0.0474021107718185
-0.202346057694303 0.0980024349543636 0.069287428940195 -0.0655282309489576
-0.0661879586987796 0.184247095237733 0.0600117638183372 -0.17640413773761
0.0487373693274127 0.172779577886369 -0.0601971369456963 -0.246041421993936
0.146174858784313 0.120242121816373 -0.163735280423413 -0.229405580382823
0.173217777183441 0.107481014375329 -0.211148713772493 -0.201495051213858
0.172138851304079 0.133699392752942 -0.19278671838221 -0.213738478822733
0.0743493541435513 0.218559874670766 -0.0878943252759597 -0.231500456305246
-0.0741351473377187 0.224166996184894 0.0194792412888799 -0.165202312923075
-0.254814592659185 0.151766393506277 -0.0182312356214491 -0.0586087561328351
-0.251271313237822 -0.142546403458516 -0.103045148379521 -0.125276368794752
-0.0192592249605725 -0.298765950032007 -0.0700665526503609 -0.333397110538193
0.121817739609144 -0.260977365563466 0.185822365443907 -0.494388249808134
0.113494034587709 -0.343286821419647 -0.00486243723922518 -0.285653389077068
-0.0452203891348485 -0.353148298333298 -0.0519194688741638 -0.124889442155402
-0.278049543759391 -0.161872162524867 0.0378800914535126 -0.0656201025019758
-0.307993955921002 0.154079222384433 0.0427845061988494 -0.07142226369521
-0.116100476762839 0.286529346446503 0.0410204864888825 -0.134154182468136
0.0557326438572761 0.281166613214357 -0.0397351589930169 -0.172749221400877
0.203702967945929 0.207658818534651 -0.0983452817724222 -0.161069191975994
0.243129299029516 0.176351501855637 -0.125426232789753 -0.143866712416535
0.244001776380804 0.208240747880077 -0.118717256831754 -0.142546352926454
0.107372036507983 0.332089308349887 -0.0490408221408362 -0.152987375933778
-0.104663660710062 0.341026471089712 0.0130211405087868 -0.102667136347945
-0.364403217733277 0.254178677735419 -0.0410640320839391 -0.0264566515147331
-0.407987844615379 -0.163831905796227 -0.132529503411517 -0.107383451764057
-0.110466076785881 -0.448211534443005 -0.0865617889864616 -0.262281858740459
0.119293660763617 -0.449554239411507 0.124999021680332 -0.356461202771153
0.116869407586994 -0.448367010405386 -0.0549079792427793 -0.151679697016709
-0.101264205571355 -0.455375309825628 -0.030827713737194 -0.0382494856143998
-0.377113834663815 -0.192846021013183 0.0460800485210909 -0.0690105326641111
-0.39050955189753 0.208033771303976 0.0139061143034891 -0.073495695938025
-0.149679136562852 0.365337897989705 0.00957998874829051 -0.0741794617742834
0.0584205863213434 0.356748019417462 -0.0196584647354026 -0.0692049102473363
0.233888945243181 0.268433204049247 -0.0185050701453295 -0.0640257579340625
0.276475872443396 0.218586617340824 -0.0204788672630911 -0.0657134194168414
0.275934937184283 0.246916382213275 -0.0238871101066168 -0.0527724004165015
0.124612510503028 0.389782214279716 0.00649749018555324 -0.0522703394635535
-0.116124085305328 0.405047720259272 0.0144287017351727 -0.0158293387504753
-0.411082894581063 0.321200751518247 -0.0569927398783302 0.0217186762198942
-0.494615006216935 -0.149389343694861 -0.147199938420137 -0.0692083937781254
-0.182507025762131 -0.511244185975375 -0.0839772142019691 -0.161718049924214
0.0944837759825998 -0.558524079951873 0.0704301649466595 -0.171874200637538
0.101766461214727 -0.493066395867658 -0.117482507464285 0.024492180308413
-0.150387209102621 -0.498373767007772 -0.0045595191885297 0.0870117756923208
-0.432992318559794 -0.195677305631449 0.0569486676530139 -0.0488799600988781
-0.414444329253344 0.237240473594544 -0.0167008306793606 -0.0606641976740012
-0.157176629391095 0.390180147060866 -0.0254371116203582 0.00433896585715854
0.0546118461332696 0.379450043240496 0.00369352159328689 0.0530116258619992
0.230923304270142 0.288404314896618 0.0653010284964257 0.0476389846144304
0.267336056222436 0.226728771430333 0.0865958209559345 0.0231784726896837
0.262912241373996 0.249988077424212 0.0745026568851759 0.0412922843394063
0.113915397421879 0.383822733657905 0.0659899057972267 0.0542302667904407
-0.114547388188985 0.394893302508553 0.0200330632258087 0.0771921149417343
-0.386615787841514 0.317744228202025 -0.0653339226872125 0.0715468070437045
-0.479079426575013 -0.119749093357268 -0.144653215670173 -0.0266858805482661
-0.203138736354819 -0.484804073334003 -0.0632650680272621 -0.0551874889473582
0.0591874287506868 -0.564921642187339 0.0266137461099091 0.0228691884722891
0.0677926232591796 -0.460946934886227 -0.179435287853351 0.217285669956066
-0.171152782307523 -0.45004435213911 0.0223885294840086 0.226026229678619
-0.407068604524047 -0.159472323381441 0.0639766389516976 -0.00943512664726167
-0.358604821243737 0.219085844438488 -0.0414177587012716 -0.0310249410177582
-0.13511988180302 0.340941632919333 -0.0540217027800564 0.0875198338914314
0.045398055914973 0.333617764899407 0.02998712410137 0.171774077389873
0.194314704774745 0.260326493392711 0.141956311098172 0.154496256331801
0.217521115145836 0.202269456068241 0.181291561490199 0.108837160947544
0.208362505672691 0.217646736607129 0.159227427829034 0.127578097268043
0.0801180091056239 0.32060232839675 0.111584055862542 0.149286383188277
-0.105080084162804 0.315861526089828 0.0183452067060332 0.155302485955045
-0.303464013580055 0.24169404414259 -0.0714961330055164 0.105504338183443
-0.37210670733576 -0.0880756195833565 -0.129675027136475 0.00675734344916989
-0.169979063987719 -0.382827782493049 -0.0355451798199587 0.0294880866781513
0.0233519061850244 -0.483145806745936 -0.00545743074367643 0.192476982148934
0.0186176794280355 -0.347726406021877 -0.227173433682897 0.392516848084657
-0.153420981083815 -0.313587869249728 0.0475950509988491 0.346375552399683
-0.291053537412294 -0.0886296697735941 0.0694505365567094 0.040380270200834
-0.224778438992802 0.155679497692855 -0.0490268809869135 0.00291088885196384
-0.088453924645808 0.224216568084781 -0.0692451072278813 0.149685043872276
0.0266806661938969 0.228140936145968 0.0539261029033274 0.259998592799801
0.123910610545343 0.187983840783358 0.198682008728634 0.236559359769036
0.135082580754569 0.14551474373053 0.248490599551018 0.179082390612667
0.123014565395894 0.154861354991025 0.215632015371108 0.197276708641169
0.0349819377429669 0.214848765658025 0.131354024512277 0.220699310144569
-0.0824800143316843 0.192970121862074 0.00448119095583821 0.205473710789061
-0.183337505946576 0.132848707520121 -0.0792406687740813 0.115440767919461
-0.219274528850826 -0.0485930301563393 -0.108924505080163 0.0238037541186056
-0.114993056998441 -0.234295748173302 -0.0119925053494091 0.0806676556385865
-0.0148630499488813 -0.33702531808394 -0.0247602825283403 0.311899182075407
-0.0326413616721627 -0.169534219300044 -0.248351822411541 0.517100217954902
-0.105298963902344 -0.118272214649547 0.0716882111663447 0.4269872346561
-0.123128612255992 -0.00170172396449902 0.0815731393187683 0.0861608160239618
-0.0538803121515308 0.0645216224543414 -0.0329363504263714 0.0269499113927018
-0.0306852389064744 0.0699980328514956 -0.0682152917515966 0.174850845198797
-0.0017061200650757 0.0839795631142932 0.070392881004266 0.298742054872305
0.0308823413859634 0.0854511213964829 0.227105535023349 0.277328033559018
0.0310148681755917 0.0669632647254269 0.279719319440799 0.219964383735918
0.0249669808179291 0.0709271142072316 0.238364391677024 0.238748433894797
-0.00617894110670118 0.0861538851056752 0.125021776744653 0.262558577327508
-0.0432527519358059 0.0623456714824135 -0.0192988431151016 0.226036505957813
-0.0508580392105699 0.0311867493717292 -0.0849508140147906 0.107615984628032
-0.0695563579541223 0.00247037042924249 -0.0848303378853719 0.0307888812649179
-0.0667059883136451 -0.0732087246176278 0.00285418715282603 0.103750882047653
-0.0538487360644886 -0.156994379421054 -0.0322115327286245 0.369311838495808
0.072389490865066 -0.039263816118388 0.0342555542717141 -0.389183143774374
0.0408733226161395 -0.091170955162431 -0.0787216813508608 -0.173155172440589
-0.0628244714953081 -0.0642859992552398 0.0492590425092351 -0.0303887658599219
-0.0912542141538489 0.0415255469624285 0.092196504492996 -0.0722470413214588
-0.0134431392039869 0.0728715534115422 0.0596880207527237 -0.21158934420584
0.034760723801549 0.0512291479575038 -0.0881752600336683 -0.291542218247533
0.0689550300784234 0.0187361972795485 -0.214974156372561 -0.26599559135111
0.0808016678704682 0.0208352533022347 -0.269191994592181 -0.230045553956114
0.0787911350255128 0.0339425438812316 -0.238141646045908 -0.255680286990143
0.0384361231490389 0.0714874726588483 -0.108804163657099 -0.27760317078009
-0.0228595405950499 0.0810091648110716 0.0316755243877779 -0.19777198881853
-0.101941981347655 0.0468988562110788 0.00776338422218126 -0.0690132380090421
-0.0697629443740253 -0.0830895710112473 -0.0690452769655219 -0.118480352775002
0.0606881380249173 -0.0965994525770034 -0.0475373105986284 -0.368278875997992
0.0969935758265699 -0.0271705663769915 0.234622913813329 -0.564798070783951
0.0985076270490958 -0.199554570169551 0.0265829106156166 -0.365848646807635
0.00263796708073247 -0.228855012504402 -0.0677211258847891 -0.168240278648762
-0.170443631448663 -0.115836084809526 0.0380933256098065 -0.0528313427640489
-0.204468201563586 0.101166925892521 0.0675008279560598 -0.0675674472820981
-0.0657820993431487 0.186906515153891 0.056408302388006 -0.179026867672015
0.0504912944096674 0.175774805590649 -0.0639734412461644 -0.248188122737617
0.149042687504321 0.120887082710984 -0.168489161137968 -0.232292125574904
0.176664817776293 0.107347708875938 -0.215552168787861 -0.202908480560341
0.176391925024091 0.134299974812825 -0.195405719996057 -0.216033924673504
0.0772241033352753 0.222979999464557 -0.0895786411933303 -0.235566745667483
-0.0758034213970818 0.227902307032941 0.0211246907207072 -0.167335801762641
-0.257582598677036 0.155385563258045 -0.0162022923672133 -0.0578835758337436
-0.255234426426145 -0.14557334374551 -0.104297670387002 -0.123572944562461
-0.0167048261287713 -0.303496617915709 -0.0723900201159106 -0.33848016423239
0.126839995814748 -0.262229873336667 0.186743476223575 -0.498647302602186
0.117918570824676 -0.342319484712152 -0.00595885361908082 -0.287939662371408
-0.0448494994132065 -0.358445908738881 -0.0522022370094576 -0.126696333731076
-0.277892296526397 -0.163350612095749 0.0371863512268861 -0.0719517643208596
-0.309939494981417 0.157078143557742 0.0394751137573988 -0.074081982253063
-0.115597912528741 0.290247262058789 0.0359260721116226 -0.137389728897361
0.058466843183147 0.285413856854968 -0.0424596345849943 -0.173535314473649
0.207921547861786 0.210488116962601 -0.101046138743712 -0.162571294378578
0.246716700151957 0.176593935978397 -0.127735462608944 -0.146445700768393
0.248773912226879 0.208955441785765 -0.11966549436402 -0.144072327494572
0.11200093786612 0.336872791216378 -0.0497071457075915 -0.156280173775405
-0.106143682953391 0.346166205521575 0.01451413632682 -0.103488567214776
-0.36735813497411 0.259224554970428 -0.0390093336827825 -0.0260968455403
-0.412294412318239 -0.165714604884839 -0.134229247228209 -0.104899166004474
-0.108397952673995 -0.453579947922133 -0.0895542611229481 -0.265781256518244
0.125615933189705 -0.453166678981502 0.12752040808279 -0.360521369431309
0.122576464515657 -0.446799423683215 -0.0576610149073356 -0.155064092680873
-0.100049355487168 -0.461033736505112 -0.0307113529060506 -0.0404010218755901
-0.378936364906709 -0.195621788822956 0.0457068634844572 -0.0752066011267768
-0.392628641121223 0.209935599054194 0.0100620817907825 -0.0773281069371926
-0.148923693903397 0.369782948999982 0.00424432811784056 -0.0776150845528654
0.0622459757680021 0.363539980338392 -0.0217638879643674 -0.0688754809664453
0.238737281407156 0.271917506093277 -0.019459639639979 -0.0649173987413385
0.280358370105217 0.218652443288517 -0.0211388701737735 -0.068278372663956
0.280367912693875 0.248263626008339 -0.0229707246830606 -0.0536426437610216
0.129213833541035 0.395578104196748 0.00685687816440012 -0.0542281741915411
-0.116849621311095 0.4119093935019 0.015465756292687 -0.0153190362043541
-0.413748697332386 0.327395205866571 -0.0552993981631955 0.0222708018143855
-0.500740705065261 -0.150865923270595 -0.149746034825908 -0.0655783184184647
-0.180811639694406 -0.518940200212283 -0.0867010386757796 -0.163040158280671
0.101402194892394 -0.559715297176032 0.0725820942439165 -0.175410469829483
0.10533343412759 -0.492798095217452 -0.122220662003914 0.0218639940173475
-0.150122683733894 -0.505797252941516 -0.00427433076083399 0.0862283449338586
-0.434536084391447 -0.196308774559511 0.0568500667377561 -0.0552518234534939
-0.417033990305816 0.23950621174961 -0.0202948240029768 -0.0642586970379949
-0.157386006170012 0.394814764428787 -0.0311161708719207 0.00143144370974413
0.0601162838386497 0.385950566937851 0.00283877344782444 0.0549916574777051
0.235524914162795 0.292162905612093 0.0661643937258867 0.0476322144276266
0.27082970851509 0.227864922518492 0.0879623635366606 0.0207281023910064
0.267050031885216 0.250967305435041 0.0770724142198049 0.0405965562862177
0.119341546040583 0.389438706448272 0.0671944217210918 0.0533309989437893
-0.115155169361463 0.401119629828935 0.021335603132056 0.0790325940142735
-0.388755475189835 0.322616626653771 -0.0639714022895696 0.0721322402409449
-0.484673539730392 -0.120957659203022 -0.146803259726563 -0.0216802302433905
-0.203142269656975 -0.491656210365669 -0.065420998266606 -0.0552522556671254
0.064925665674933 -0.567614824405906 0.0293695926239175 0.0206707517049002
0.0705942168872815 -0.461498295396141 -0.186196001308759 0.215516901219669
-0.171702345295233 -0.456317424064859 0.0228840002879976 0.227175213648694
-0.406676002246729 -0.1600553165673 0.0646341887467521 -0.0139679441897597
-0.359572341210919 0.222095491920178 -0.0452419469171104 -0.0348504256157606
-0.134129783445677 0.346145797053569 -0.0598705056438937 0.0852617326056691
0.0505703114767228 0.339710834482331 0.0307161941693918 0.175684970006822
0.199071961007348 0.263406548698194 0.144570203179721 0.155682782672718
0.220418113979944 0.204305862740305 0.183694613119391 0.107482201376229
0.209836578681182 0.21842714164254 0.162932746545178 0.127992999004163
0.0834330489038843 0.324476481521662 0.114024091058709 0.150079423728074
-0.104896106441497 0.319345474099507 0.0201670554376919 0.15829156281362
-0.302836147577103 0.245429434028455 -0.0708926906492603 0.107004580117601
-0.37578247517524 -0.0876847126604936 -0.131703120741979 0.0116850355901446
-0.171953167659716 -0.386918852003937 -0.0368417049603506 0.0313722746703018
0.0252390867139403 -0.485843583418684 -0.00223601421181409 0.192783601561953
0.0193437737950809 -0.347612894191407 -0.232727203744335 0.393177647208227
-0.155289457610441 -0.316405975456584 0.04795781115475 0.349091640888898
-0.292003395628962 -0.0879136986957434 0.0708192421659998 0.0376528501565785
-0.225268191188793 0.15709467215312 -0.0520076067736902 0.000220527570315256
-0.0874992560333095 0.226972340910322 -0.0734489365048661 0.148707968700276
0.0302882252576722 0.2314914052123 0.0557261266534348 0.264796246568405
0.127759722518817 0.190333550808731 0.203714580589873 0.238016723501363
0.136465591691491 0.146899585840943 0.252537215734211 0.177089995485141
0.123433702968715 0.155671816764959 0.22087674674045 0.197079943942728
0.0364122750157907 0.216563224497402 0.134816745654878 0.222701414907502
-0.0823756888042493 0.194522533454404 0.00592338972746501 0.20906508144399
-0.181645650347717 0.134123933978851 -0.0785209579925598 0.116157834465856
-0.219572539876112 -0.047248019543308 -0.110906421305947 0.027851427805486
-0.116157997564594 -0.236225484742317 -0.0122825898725275 0.0836077697574004
-0.0149567263395811 -0.337420839690181 -0.0210391060123328 0.311989466090424
-0.0339850795461823 -0.170734452931755 -0.254928930919269 0.519093342441175
-0.107369836103201 -0.118619544358411 0.0725144146756174 0.428945988743925
-0.123986133395888 -0.000258808640170092 0.0836560200009545 0.0862118788094014
-0.0526773677198139 0.0635764358286011 -0.0351171952278728 0.0243924959496466
-0.0300195133525436 0.0704241771091749 -0.0714801826932319 0.174647296063808
-0.000548418431738155 0.0853956317139419 0.0732768382597995 0.303545614119686
0.0316885957040583 0.0863181592303354 0.232467782516383 0.279931017434808
0.0310387908596525 0.0678223018140986 0.284334152076579 0.220079451486509
0.0232416959114673 0.0717040753361384 0.243015679150187 0.239001842953428
-0.00669287018444179 0.0860390734380272 0.129271253520401 0.265216749735997
-0.0423267396044273 0.0616607079214482 -0.0176422306760791 0.228859533523447
-0.0489960894898779 0.0308504307440753 -0.0844791822455124 0.107991277498094
-0.0684839220220327 0.00451619866316622 -0.0859841173483717 0.0336011683689751
-0.0686297363790936 -0.0729047731983931 0.00237855369390055 0.106876258197638
-0.0561485882788914 -0.157067432152819 -0.0290685765564103 0.370529867466427
0.0755538554899597 -0.0416144959552686 0.027800939780406 -0.397495088516128
0.0399544141321329 -0.0974244727603529 -0.0840262539095616 -0.176292027319684
-0.0672598021549327 -0.0652863407374342 0.0487934073427759 -0.0364442065540942
-0.0943435228655257 0.0470535861988881 0.0907555624991754 -0.0774361526025594
-0.0125341394129356 0.0759709645054369 0.0525277366988651 -0.216974599486744
0.0369747815154435 0.0523317045263475 -0.101449075099758 -0.295356302217709
0.0717341507768606 0.0174661492742786 -0.229968971556177 -0.266005651439746
0.0842149371874362 0.0184688056034055 -0.283681993447407 -0.228353734452232
0.0841251656778124 0.0322424862530345 -0.251930723868741 -0.255863684338659
0.0424232579127204 0.0734418846160516 -0.119037156678307 -0.283893625806144
-0.0220276291613911 0.0852022933529587 0.0300794366913742 -0.204707592573406
-0.104703875461211 0.0521058801689869 0.00832247313029364 -0.0687500266154989
-0.0746446301001904 -0.0853842537453352 -0.0731065136263736 -0.11878217478036
0.0620719659461607 -0.102182737070372 -0.0591389907987949 -0.37883792777618
0.101393645058775 -0.0300516865775677 0.228436069411931 -0.582787993357823
0.0996590387139735 -0.205089137025855 0.0192531923010688 -0.373987804420889
-0.00154115346947998 -0.237746402127944 -0.0728624553413189 -0.17171893131714
-0.176773728406783 -0.115438692118349 0.0360606476729159 -0.060174300536635
-0.207962018046323 0.11002635385382 0.0642900863504473 -0.0720326315785022
-0.0626468034295038 0.194712686226911 0.0494493463267312 -0.184804993210458
0.0572227141460047 0.180321058585941 -0.0745795236156596 -0.252688076852933
0.157075738346992 0.120461417783557 -0.181908612478192 -0.233530097910464
0.185335000396455 0.10446201498724 -0.227764322987626 -0.202925681246124
0.1868917612188 0.131801318955481 -0.205967787226113 -0.216315635295706
0.087373100132793 0.228466305006115 -0.098390498898806 -0.241350752757521
-0.0731811864987384 0.238027531089315 0.0196861651516077 -0.172841473935964
-0.260525251984546 0.166843775780566 -0.0163654302830296 -0.0576056391268265
-0.26603450678482 -0.144492092889078 -0.109609716059799 -0.122506123788727
-0.0221603965791651 -0.313989146604734 -0.0836377885316742 -0.347057359126873
0.128358226514322 -0.271055685100197 0.180665075552251 -0.515989503113087
0.116973872912902 -0.34995334163726 -0.0132438006031457 -0.294918554388658
-0.0518814793774837 -0.369466198667395 -0.0556043105639333 -0.130194235355167
-0.286568618081716 -0.161441664262997 0.0345381351923427 -0.0807550100671255
-0.313643137069262 0.169728643591759 0.0351795084728066 -0.0788442407840703
-0.111267499635568 0.301328840576523 0.0292728621712117 -0.14226293868482
0.0699762294428633 0.293377724685633 -0.0501725339615905 -0.175955365839883
0.220531127252796 0.211286799320155 -0.109201985375015 -0.164610603481884
0.258611777580206 0.174390607456402 -0.136304041391802 -0.147931034973085
0.261602460792778 0.206729186840683 -0.126183075060591 -0.144727664793804
0.125948311106719 0.345376468434656 -0.0554508642090206 -0.161188433590176
-0.101075245371608 0.360868925795726 0.0138544395481787 -0.106742046768483
-0.37184955559282 0.277943536178596 -0.0390777032836533 -0.0253165632986794
-0.429192087667085 -0.162343144246754 -0.140146420644338 -0.100970718212185
-0.11987439944978 -0.46666970034043 -0.0998572314760064 -0.272371335265098
0.123116100427794 -0.465639500741466 0.122945280530066 -0.372078060541334
0.119079957835209 -0.455782374938105 -0.06539878782418 -0.158145209001565
-0.111430556080434 -0.47404722383376 -0.0317986248750929 -0.0419744030361213
-0.389355788995521 -0.190771121518546 0.0434688299014282 -0.0847129614668884
-0.395510268411168 0.226491314683913 0.00460379472808659 -0.081770482687982
-0.142711818302833 0.38387200328925 -0.00350887563081625 -0.0814386364896732
0.0760792251681903 0.373024134863979 -0.0257930360007826 -0.0687682995703995
0.254442255247253 0.274178031579555 -0.0225638465618699 -0.0660243016387452
0.294184249686619 0.217277141220662 -0.0248836680918196 -0.0711305581658518
0.294839723562328 0.246900646499309 -0.02418448708488 -0.0552901723319077
0.14570541550967 0.404503961297564 0.00579111363408722 -0.0574117823957957
-0.111060754180963 0.427367792065205 0.017572401559692 -0.0154737238981538
-0.415977338203326 0.347566569240711 -0.0541303282088789 0.0238154610102016
-0.517653156598548 -0.14468625239283 -0.15455217997096 -0.0592200831415831
-0.194623831303901 -0.53150415043137 -0.0954967859857368 -0.165212966473669
0.0944431748254128 -0.57452856769024 0.0726154556224634 -0.182733300242945
0.100146229399713 -0.503646609945309 -0.129069897300745 0.022928667169823
-0.16440170748937 -0.516691830659572 -0.0027401707955984 0.0872246413915778
-0.446646032519842 -0.190745129141418 0.0553604124774561 -0.0634210826429951
-0.419794894110488 0.254808671678487 -0.0269342142509965 -0.0680447872755
-0.150158527986553 0.410088200671082 -0.0386302957429646 -0.000137255712657491
0.0747074641338056 0.396096082386531 0.00357686331760739 0.0580090029335327
0.252639887210363 0.294922383744629 0.0694919836699579 0.0476348979667598
0.284286096603487 0.22790009301285 0.0899666194201647 0.0167966513476479
0.279816749464705 0.250833000726444 0.0817115629305803 0.0393250116631847
0.133829488225949 0.399007412513389 0.0714577004996713 0.0520516456328891
-0.109602514711398 0.416379843746668 0.0255302184518967 0.0815719828805754
-0.388330691407099 0.341287844118363 -0.0621754647240306 0.0751850333496864
-0.499617372132458 -0.112602845034282 -0.151498459027071 -0.0140729110571163
-0.217908683976852 -0.503907575166569 -0.0706900670264936 -0.0534697473805985
0.0578754147511046 -0.58181764542241 0.0319526280763413 0.0189462919307066
0.0643986515155848 -0.471085965651736 -0.191304989621587 0.222715145861593
-0.185869289874345 -0.465641631915742 0.0291663946554326 0.231015270341691
-0.419416898631354 -0.152970834130161 0.0655071146064875 -0.0201025927712627
-0.362237669153022 0.235659017862795 -0.0509398028281122 -0.0371768320543456
-0.127210623296484 0.358167860252581 -0.0651056732532356 0.0863531081790569
0.0629457740599534 0.349219418247462 0.0357203158524438 0.181328922561191
0.213500190013407 0.265749580391838 0.153635046659693 0.155884864567821
0.231644646918531 0.204127651022699 0.191357453380281 0.102806280788872
0.220947843465622 0.219133912353329 0.172642319105453 0.126389532650311
0.0953831065325128 0.331890717148167 0.12189702714851 0.150945119500909
-0.100298680233378 0.331283540298884 0.0263694496253525 0.163574538930791
-0.302345832033848 0.260127987833667 -0.0685370354976746 0.110511343665815
-0.386465222113223 -0.079768876688878 -0.135641404553967 0.019712414471856
-0.184801863293058 -0.395243313249605 -0.0384800368900168 0.0353721880601312
0.0179977590692191 -0.495892623021183 0.00419374940102015 0.194433742154981
0.0136742607079877 -0.356572881966673 -0.237363548801092 0.405110987972361
-0.166526490138075 -0.321867646561981 0.0571508733157479 0.35603543691804
-0.299987302870723 -0.0819127697597427 0.0733895565434919 0.0342375653483333
-0.225151211746339 0.165687646515726 -0.0563822095087416 -0.000978390991345423
-0.0826709332245738 0.234783629184727 -0.0765045539943696 0.152529654805842
0.0389846651497681 0.237586437205971 0.0651399730307593 0.272663529070238
0.137455053452475 0.192375055293548 0.216682484801526 0.239661932007934
0.14381296235076 0.147923787363166 0.264627258951414 0.173743581265338
0.129159451171142 0.157223874300925 0.233738559508839 0.195688579857443
0.0431183796085085 0.221026851774914 0.145891303088248 0.225295665395659
-0.0794644184450836 0.201006904098096 0.0132231217949374 0.215037782079002
-0.180338282852721 0.141234141600533 -0.0765080458231473 0.121001340253639
-0.224602258288486 -0.0419344712946883 -0.113623251605611 0.0353217924303085
-0.124615887328769 -0.239596496349846 -0.0116722258218008 0.0884876054883133
-0.0219897756401059 -0.343629826757503 -0.0113372697767418 0.317067048053282
-0.0398157860454313 -0.173930052145413 -0.256364393864033 0.534903639176074
-0.113126525653023 -0.118678039456134 0.0850297685757149 0.438673844482085
-0.126310202692061 0.00439486442079264 0.0887966217467306 0.0851927458174668
-0.0511765546682843 0.0649793221553295 -0.0372711925590544 0.0239637948114728
-0.028170267335673 0.0722502588141508 -0.0720624519658257 0.180210215278037
0.0027612926694371 0.0878638897922403 0.0840823016117563 0.310870406503813
0.0353319124593345 0.0876679930314274 0.248182834422219 0.280621812329195
0.0323695978320615 0.0696869372033231 0.299034373976478 0.216613638280909
0.0239590918500476 0.0732913379484598 0.257692091312431 0.237602310106271
-0.00549878089358514 0.0870904191908836 0.14188223409869 0.269788218952088
-0.0410554353723454 0.0624517727895088 -0.0108628380313224 0.236273873224247
-0.0466435844304367 0.0314645737287422 -0.0826577018112801 0.113004453990117
-0.0675532850069073 0.00812961933267899 -0.0879287083858493 0.0399168532624181
-0.072866640458154 -0.0715331500139202 0.00509878134637532 0.111654315625379
-0.0626559257586925 -0.158324591936245 -0.017612399670015 0.377397915317981
0.0769506284113234 -0.0473030960352677 0.00984753537710252 -0.404618790262509
0.0349898805166219 -0.105014330257624 -0.0942495566585746 -0.175531404407968
-0.0734763678803051 -0.0636211461475425 0.0461222175248971 -0.0439586076212214
-0.0946239409145639 0.0560884747444699 0.0852126993859874 -0.0846885933182377
-0.00858700267953205 0.0797702110465887 0.0384924251286728 -0.222747952314699
0.0406088745029176 0.0520949053559467 -0.123135707414851 -0.294416414815911
0.0741884594082524 0.0138131364592301 -0.252235969469925 -0.257501196114371
0.0883085013402673 0.0128829405633501 -0.303120230147404 -0.215277016687697
0.0895292987007145 0.0271498405317688 -0.271765674695968 -0.246747928586005
0.0489268561646227 0.0736239676073812 -0.137644234776251 -0.284788944324254
-0.0182734244897927 0.090688743324606 0.0218050515830574 -0.211875118494339
-0.10466316356418 0.0600500951411941 0.00698887742541563 -0.0685707338254842
-0.081704942026453 -0.0851695032672271 -0.0803369992276603 -0.115684709490867
0.059964034219415 -0.109902959810083 -0.0838655958152519 -0.383081682110959
0.10455416872683 -0.0361597750873872 0.200563084102321 -0.603648153777324
0.0943673305984732 -0.212785081187531 0.000325412092928404 -0.380505048883454
-0.0140149274811637 -0.245539148814935 -0.0829444373916025 -0.171611971754541
-0.185325216789643 -0.109041738658038 0.0309589804313931 -0.0683752877972761
-0.206008875792463 0.126107160458037 0.0578783479500394 -0.0783494636958689
-0.0527989844859325 0.203531765939781 0.0367884630489338 -0.1893265657279
0.0696887067086574 0.181949466460347 -0.0933216357914407 -0.251999417284775
0.168027885536497 0.114512993137809 -0.200178549245294 -0.227281440089522
0.195914869857659 0.0951424964865105 -0.244238409298006 -0.193529505344904
0.199432738074988 0.122922188422863 -0.222533727144479 -0.208696176037605
0.104397093387819 0.229659217881734 -0.114268862461696 -0.2426254848979
-0.0621183267764794 0.249738524798074 0.0129737355660717 -0.178156543007764
-0.256351006232193 0.186132010129049 -0.0179487343538913 -0.0566231760499774
-0.280501175470885 -0.135030110648548 -0.11801740000635 -0.116938977298873
-0.0372669642879003 -0.321574045641376 -0.107093011226638 -0.350066596979915
0.120410062324623 -0.282544755050102 0.155582832900934 -0.533096297295363
0.105280439809613 -0.359420014519591 -0.0299654047310849 -0.299154502428646
-0.0723668322007607 -0.377150187930012 -0.0628793295890147 -0.130901556436779
-0.297738110220308 -0.150072949593331 0.0283182772871552 -0.0891836415268749
-0.310342570917894 0.191551539085165 0.0275627394011776 -0.0830404094809801
-0.095781474239493 0.314666410923953 0.0167548249599385 -0.146334280161839
0.0891806755400031 0.296586088357534 -0.0633599290736423 -0.175325106885123
0.238971992099778 0.20337818374777 -0.122559784263118 -0.161042171328922
0.274817108423428 0.162288436678645 -0.148989217815314 -0.143582642842963
0.279792868418095 0.195400242961911 -0.136301892984627 -0.141191903472671
0.15122598466142 0.346305508471717 -0.0656182442353803 -0.163025759518332
-0.0847376811827429 0.376918818212169 0.0112296130809396 -0.110251234214568
-0.362549023810072 0.303885877491488 -0.0395838753227571 -0.0231915679876081
-0.447931255391331 -0.14336427407415 -0.147124585671465 -0.0918289876193961
-0.145273459123709 -0.47357257163196 -0.119332577194764 -0.272044009497779
0.106856904298445 -0.480129301142814 0.106234367676007 -0.385774074679067
0.102761009734232 -0.467407009114134 -0.0776451646533569 -0.15801320826563
-0.137762943499981 -0.479365555312106 -0.0344560231994934 -0.0426589805626784
-0.404161663322638 -0.175427521312573 0.036476272402275 -0.0942111754175792
-0.391152010826683 0.251823795933134 -0.00444056732306867 -0.0850902707669626
-0.12393378150147 0.399505263876447 -0.0144329618210623 -0.0834106259270896
0.101011767939359 0.378091428326137 -0.0315324143881098 -0.0670029892308491
0.277573566885601 0.264970299245643 -0.0273237191546847 -0.0659361444861731
0.313048518258713 0.204850683589678 -0.0306861986752041 -0.0724255074977813
0.315705112760533 0.234665000903723 -0.026993536325173 -0.0557937184638008
0.173712863616563 0.405729933579031 0.00270344042773056 -0.0606081485187434
-0.0902574283017825 0.445664131131247 0.0196888489961533 -0.0175928100538167
-0.402737431626166 0.379454710814592 -0.0525390743499383 0.0268374337802105
-0.536452479271935 -0.120380511057868 -0.160547292075041 -0.0477708944318474
-0.227377164500091 -0.534570427483596 -0.108275006232361 -0.162777171019193
0.0718197477785582 -0.589530088720489 0.0648310218247915 -0.191660987734573
0.080130643214715 -0.514930039027397 -0.135314583946136 0.0289011955724584
-0.194009177641389 -0.519653146531513 0.00233435650198838 0.0877597106291992
-0.461496299558793 -0.172085170507799 0.0506394018816663 -0.0729935664819373
-0.413279582218688 0.283673975365619 -0.0353018634839598 -0.0701540191787671
-0.129321926608131 0.427061672047619 -0.0460619212136302 0.000268686026037251
0.101519941779471 0.40117397041933 0.0059394078631517 0.0613803642946924
0.277223062387729 0.287002835093292 0.0733610652050574 0.0443838416254381
0.302874054528963 0.215678871490527 0.0915053117527262 0.0101694461309463
0.29903294071161 0.239636760098928 0.0868399683990211 0.0341952990500745
0.161359101470767 0.400100514623833 0.0764267515103362 0.0478471329293784
-0.0903062753493379 0.433486094408101 0.0326761210108415 0.0820487521052504
-0.375721308743383 0.372439476161909 -0.0581676571495452 0.0791676556694157
-0.515441520824663 -0.0887124406321471 -0.154373388778851 -0.00101983830890326
-0.247907880679292 -0.504169548438679 -0.0766345368089101 -0.0493199899171219
0.0327011126957928 -0.59350768971492 0.0354251592726239 0.0147523662222707
0.0429659736096082 -0.48114433190683 -0.189581572708659 0.234830518460792
-0.213798772936868 -0.466585188181711 0.0419950111057278 0.232605523765763
-0.432431127956863 -0.133608106197347 0.0639704284409522 -0.0283977010277406
-0.35454198084342 0.25991311380702 -0.058260331982022 -0.0374549101748873
-0.109272344009351 0.372458410162225 -0.0682742185703686 0.0898999953104039
0.0873076444008482 0.352853298018885 0.0467901625137417 0.184955320635751
0.235408569830188 0.259220300079301 0.167270798387359 0.150862933560046
0.248309639608414 0.194354690130165 0.199733115170052 0.0921461988446433
0.236395897556971 0.210630145239689 0.184815177940268 0.117839185579185
0.116535530374406 0.334431207643598 0.134456173372306 0.146039607666208
-0.0840229621159821 0.344346069019779 0.0382588519233919 0.165874970348002
-0.291109276899005 0.281990065356222 -0.0623187895899258 0.115509003921538
-0.397007747858141 -0.0596421164162973 -0.137270429332235 0.0326718270777605
-0.207862482049731 -0.394902775545568 -0.0386633889009001 0.0399610783282946
-0.00523399182312191 -0.503030356239225 0.0173967236427797 0.195070054898
-0.00478837459629947 -0.360683947700881 -0.227501067817491 0.424649070629723
-0.187347810945434 -0.320156375139031 0.077290285011885 0.359964205374649
-0.308245270363908 -0.0659860671710695 0.076249875877098 0.0282785808628866
-0.219152361485325 0.1795397665044 -0.0610435169389927 -0.000256475627584755
-0.0705963214453083 0.243762379432761 -0.0754219563150064 0.158639433289938
0.0553187961004515 0.240390029885564 0.081732533096472 0.276088605766967
0.153063218653944 0.187623341428765 0.236765937870869 0.231746556811326
0.154401415880249 0.143073289193617 0.279910477879324 0.160125896054246
0.138575066424705 0.152768569140215 0.250464333002913 0.184461991621778
0.0562669598691202 0.22289343779063 0.163913656644598 0.221186873417878
-0.0700253726551812 0.208814003264008 0.0271905339118215 0.219596479418962
-0.172661530282982 0.152489459357354 -0.0702106092266432 0.12748057604355
-0.228673045030984 -0.0294759228664655 -0.114040060013002 0.0473175646683852
-0.139816212767057 -0.237053428587815 -0.00747938262021934 0.09304960867572
-0.0391133528031289 -0.346546885943958 0.0081214181862394 0.320480085594457
-0.0515324380797529 -0.174842589173051 -0.239427216128198 0.557381652116038
-0.122619830045846 -0.114368421854619 0.108677474656661 0.441360668346479
-0.127543911812942 0.0126804101852297 0.0957631910114118 0.0806976363172361
-0.0473440973135966 0.0670126493064907 -0.0389870014122329 0.0242154111652682
-0.0242123875836895 0.074505106413318 -0.0677368422527324 0.186603006410721
0.00868776186177294 0.0890797030929661 0.103506174558004 0.314129719842114
0.0420122875846444 0.0866824495424975 0.270271267817191 0.271600172380577
0.0362475390345028 0.0698367674866852 0.31802848298645 0.201987677652238
0.0264165280965549 0.0746057816184806 0.277008727268327 0.226474284571426
-0.00225124512031096 0.0885856883420827 0.162692165072301 0.266501618531339
-0.0383930599391628 0.0640822523949823 0.00398836063420983 0.241912006799768
-0.04317834022049 0.0328064283358678 -0.0768057377001791 0.119649783696295
-0.0653166082603408 0.014075840788651 -0.0877721957785887 0.0488485670391981
-0.078753886281579 -0.0674361858849905 0.0115207063639125 0.116343371949654
-0.072827846639175 -0.155899576652514 0.00498680554249678 0.380738709218904
0.0882962399359059 -0.00569441584833361 0.184658204882748 -0.363831493297733
0.0773340029172352 -0.0799739630846666 -0.0127069566548028 -0.197989176222039
-0.0415498129876194 -0.0909468429263274 0.0594941396250944 -0.0210692457761442
-0.111590206525328 0.012673748090453 0.111959780146308 -0.0394435096437271
-0.0453861364465323 0.0703594230305703 0.130125081711466 -0.182486272721686
0.0120342599169222 0.0659795414840216 0.0143794122740446 -0.318339318194136
0.059286637666 0.0427818951782617 -0.118060034504705 -0.339523492755285
0.0745515502910966 0.0488255674768688 -0.182000764399801 -0.318576018947332
0.0686567877551751 0.0617581254893746 -0.143049983369147 -0.332554560614726
0.01270058162413 0.0877389968833712 -0.00554699723505365 -0.311628687586572
-0.0563212198674743 0.0749804719188905 0.108905884455558 -0.180336138554179
-0.119904511588293 0.00919483382661934 0.0334566857276679 -0.0559688659855475
-0.0383742285159895 -0.115720356008602 -0.019706132284637 -0.140585578067252
0.101874294134147 -0.0801884764356169 0.0949971365939055 -0.383859429241595
0.11024987998067 0.0110728596646465 0.458325929547564 -0.444883458869922
0.177100007291536 -0.145592251301823 0.160724223314525 -0.347094098930431
0.0931892972904878 -0.22818357215147 -0.00402796762611517 -0.185247864088261
-0.12166113027003 -0.179558760774962 0.0566865813338529 -0.0460956535516714
-0.239891338035232 0.0282210641350144 0.0857623068044941 -0.0421856204351694
-0.137579540168058 0.16221328074583 0.119627021050655 -0.151153363583303
-0.0154465202260806 0.196114693686725 0.0273189792494487 -0.269328115939991
0.103029538094333 0.17439422072629 -0.0819073937226498 -0.290722307350725
0.137649848741426 0.170794746208092 -0.138159205431099 -0.274662950291774
0.128971235293079 0.193560635334771 -0.114315774254745 -0.278759678976877
0.000194817794502521 0.252036287369741 -0.00446019219985964 -0.26290743648358
-0.162642237273343 0.202185348268959 0.0815328211918201 -0.153289786673917
-0.307954429901578 0.0595612639408195 -0.000241364338502558 -0.0573176163265275
-0.19450211592649 -0.246489709084643 -0.0547659183934511 -0.162535685674026
0.104071921561608 -0.313126576909999 0.0648331781384243 -0.364445382117177
0.230641407976701 -0.202228000823052 0.388891185268151 -0.401187315572393
0.252919933634487 -0.271744073295227 0.0918883529161768 -0.287185212947896
0.0980406644117797 -0.372119491071871 -0.00471825013240135 -0.135842732435828
-0.203746055062645 -0.265189959364861 0.0642333270075997 -0.063374063510709
-0.358076292757129 0.0428529823889316 0.061604344678985 -0.0572790284759194
-0.222863226011154 0.243104101753057 0.0868656123317786 -0.119351663151477
-0.0454886565022243 0.308706837052473 0.0245883122911453 -0.187811087607951
0.130691211360846 0.285611653992828 -0.0394800601239687 -0.198958794842764
0.181495457110067 0.266611705584957 -0.0714830182906611 -0.190456594355123
0.171823703889716 0.292861602042434 -0.0646150918260489 -0.181552347948561
-0.00486165381145124 0.377239238670451 0.00484375586754688 -0.170800084677938
-0.236048190196982 0.309241486071381 0.0476340988304442 -0.0918808653841412
-0.450370251396588 0.122099194938014 -0.0386021829158833 -0.0379901575078972
-0.340633585120745 -0.325736285676866 -0.0936171059845815 -0.156122750497887
0.0714812286303241 -0.493414481787339 0.0231872568994789 -0.299069481043219
0.302039855231244 -0.384691106251981 0.280683250308396 -0.290697047190786
0.297760886351929 -0.371822635536053 -0.0172376526134057 -0.181327017372647
0.0830872580349237 -0.495414015604628 -0.0170114600077745 -0.0406637657623688
-0.287860295169577 -0.331904336446292 0.0756636006607018 -0.0606897106233992
-0.45454816761808 0.0621526770005789 0.0345038820298567 -0.0705533012509471
-0.283718975187451 0.307033248244047 0.0346151123673902 -0.0751955601167452
-0.0676804053742843 0.386591523806882 0.00865293159391872 -0.0772010557510236
0.141146286657193 0.359048413831267 0.00680006995067684 -0.0727524213068275
0.197765161274122 0.321487001931584 0.00481872702404531 -0.0785556286135443
0.187431839331137 0.341862732866955 -0.0021289351276424 -0.0597428134946519
-0.00742203187616374 0.440831854601386 0.0234163670779976 -0.0510031772870797
-0.271286847647927 0.369218915463348 0.0143892920826205 -0.00408091818303007
-0.5176276007567 0.171912912925338 -0.0738806728600693 0.00154324021845554
-0.430596144781504 -0.34241360537844 -0.127508491210139 -0.121982177367189
0.0243927384814837 -0.583242865145422 -0.0134317371466353 -0.195356634039141
0.319154490160817 -0.496825390235197 0.154421662894901 -0.136252707353761
0.302582440127458 -0.424979324071635 -0.152596321223193 -0.0370229692367842
0.0492895983232756 -0.557527729011218 -0.0390733213776926 0.0952975241198449
-0.343188712615029 -0.35440245326837 0.0802405445343616 -0.0332864864444969
-0.486858925292999 0.0808577006895149 0.000939829353444388 -0.069805352085212
-0.299513269246019 0.327566276752364 -0.0288954926510654 -0.0134758482974373
-0.0760770623368076 0.406502077400401 -0.0123475649844128 0.0542635179877356
0.134170202272498 0.377894738108589 0.0515935443064972 0.0689349993135807
0.183820978514572 0.32820189549952 0.0798648993625859 0.0463280057646796
0.171034863180569 0.339324680961865 0.0629564578243908 0.0678056577088807
-0.0162228588721563 0.430637842162844 0.0442866130468102 0.0768806227991181
-0.263729817705356 0.358924145467885 -0.015460969993286 0.0912452196653841
-0.489221773325526 0.177802304622104 -0.101058413381326 0.0455251885550881
-0.426209965837855 -0.303225408056502 -0.142981984232031 -0.0758223907516115
-0.00863394167261322 -0.560806961757551 -0.0357113148216196 -0.0783391841550836
0.283851639089429 -0.517739483462491 0.0336135980962078 0.0343384216257222
0.253225461115732 -0.411977368338271 -0.291803400774167 0.127176383693025
0.00735029284556937 -0.517981536134228 -0.0644448162133043 0.242704688857978
-0.333634326484748 -0.30678851649989 0.0734523196885755 0.0119661705126905
-0.42400629514914 0.0826663184548077 -0.0332301682014046 -0.0519095263111627
-0.255530701881069 0.288042374592332 -0.0894164807234585 0.0560880512493497
-0.067042982439315 0.356916700186486 -0.0293304233957276 0.183564966322732
0.108199833872263 0.335872179391365 0.0898528513528787 0.204724039164991
0.143177396247512 0.285398981132969 0.142661919685668 0.164086939076239
0.12573909743054 0.287860724326469 0.116542587790049 0.182921317197231
-0.028737750214948 0.351235677652257 0.0571192895707232 0.188499427785406
-0.220262053803617 0.279290345089903 -0.0438621660727006 0.168401517438631
-0.374674112028045 0.132489604186683 -0.116806875525972 0.0765998631358439
-0.330300721278223 -0.225502661368611 -0.141837203841958 -0.034819629820636
-0.0196442022573261 -0.443052144898699 -0.0438932465482813 0.0207845143553774
0.210125068182012 -0.452151434259384 -0.0661017023984396 0.185681212524858
0.159365416863341 -0.328782432751416 -0.405766705503171 0.283340191137674
-0.0317095808101527 -0.375468634093309 -0.0840727157767658 0.369087744096523
-0.249337598432085 -0.192242479362796 0.0607771966055695 0.0651963015361261
-0.269560656351325 0.0682843471400563 -0.0524709443738417 -0.0230404174765187
-0.164989505792376 0.188031554183686 -0.129195260726531 0.112755677517039
-0.0473268074725802 0.240804476397363 -0.0399554803071734 0.282126575815877
0.0633883282908409 0.23655386038666 0.116958118007347 0.308169445268244
0.0801681814149254 0.197974392927697 0.18576539416871 0.258071901054238
0.0614570783999159 0.19523742476369 0.148919877986462 0.269923761047062
-0.0387236543546516 0.225302179461483 0.0536553442080078 0.266296816755098
-0.149857936896943 0.161651581304469 -0.073160292209416 0.210684540552943
-0.214890707150309 0.0659745232236512 -0.123106845512489 0.0831934296707495
-0.191411717856447 -0.122443913259635 -0.12630222307803 -0.00869062070909079
-0.0252344332057322 -0.27076889661173 -0.0431851380974928 0.0824165096725125
0.110875312323707 -0.325369936159742 -0.133284989965288 0.291574802481893
0.0353750492516467 -0.182177281370018 -0.468738843835758 0.400271520246815
-0.0606410576310157 -0.162028186415651 -0.0886127931799401 0.452492662888918
-0.120333468962562 -0.0424993084341553 0.0553556076321753 0.115937676820275
-0.0684027936201445 0.0383021820148327 -0.045322571257379 0.00403220695206433
-0.0501798982235225 0.0551545791333359 -0.141120355812826 0.138788471153776
-0.0263645855844291 0.082881436374027 -0.040236163076328 0.327915098369579
0.00466689796777261 0.0976148276273646 0.129040476967896 0.359275918523912
0.003287229487047 0.0798610503596585 0.201855344982018 0.311167608853504
-0.00698690520284653 0.0778401067855727 0.155727563315201 0.316189340424393
-0.0369335766094047 0.0782444333112438 0.035578189247401 0.305037461094856
-0.0597503773489833 0.0412211750128634 -0.0990821867953133 0.219023082692571
-0.0495741323754993 0.0115247194322034 -0.119613260652672 0.0737157463138019
-0.0633534288362737 -0.0122636280499829 -0.102109128598628 0.00798609718008727
-0.0430626168625969 -0.0905102491763046 -0.0395252926120931 0.111486901894053
-0.000722297222760657 -0.16963303028902 -0.165199727029526 0.342317451712044
0.0874311673839908 -0.0111706696577718 0.159975624133939 -0.363237373455391
0.0705288197003398 -0.0859836291103531 -0.0229188831575574 -0.192433516555496
-0.0471302080060445 -0.0867133443955255 0.0554542067292612 -0.0286151286797057
-0.109126296866456 0.0222527710081062 0.102447517651189 -0.0464994094960916
-0.0399705619311801 0.0729491444368874 0.112462365542907 -0.183117836380207
0.0158814423931575 0.0646678523782134 -0.00846628816150881 -0.308749724062205
0.0604699149726501 0.0384588590062703 -0.137755815278562 -0.320429159143529
0.0764095955828598 0.0415419454832456 -0.196760994670967 -0.295692469666575
0.0725151391415213 0.0546178483152126 -0.158802631666765 -0.313441444532879
0.0184531683783681 0.0853218758709592 -0.0242726921401099 -0.303292862494297
-0.0514180930621141 0.077790398210497 0.0973398797565566 -0.18293246433383
-0.116838344410404 0.0171557471914506 0.030754018579761 -0.053566350607264
-0.0450873500321624 -0.112224959485933 -0.0277312062184228 -0.1344287237498
0.0962706600740291 -0.0859562622628893 0.065666317640649 -0.378668871493315
0.110216475614391 0.00455092380814071 0.418773666885951 -0.45453407208501
0.166297441302682 -0.149996973147606 0.135529667997372 -0.345155750642611
0.0775991462616386 -0.23007569432112 -0.0143415394144412 -0.180630021113308
-0.128036106627278 -0.168176028603325 0.0506692672806242 -0.053313404582135
-0.231143215946822 0.0447443228653615 0.0763073325903386 -0.0472177168325214
-0.12377437628332 0.167668776785167 0.102741196549646 -0.153471657638159
-0.00209434915466155 0.193199072338199 0.00722118465239784 -0.26075044804154
0.11268847850854 0.163165111114762 -0.0996274937003831 -0.276154274931332
0.145677108777714 0.156016453339761 -0.151441525457032 -0.256960369776645
0.138185571141759 0.179110566770324 -0.127501993234806 -0.262772733366008
0.0171751595170665 0.245806362400016 -0.0203756153679336 -0.256704381097233
-0.147410812342911 0.209026960731342 0.0724728371709261 -0.154832271232482
-0.295768480388759 0.0778256408924237 -0.00241537050796597 -0.0538857209752967
-0.205082999487039 -0.229751905835723 -0.06218358739093 -0.151897119727116
0.0849306248487284 -0.312142804704771 0.0379567530165863 -0.357593466393607
0.215054893075595 -0.20823641628916 0.355347125126418 -0.409702364326303
0.232175511146542 -0.275821247072597 0.0709890111424716 -0.284314235052273
0.0739781618257988 -0.369785153921044 -0.0121945309704228 -0.132927793526577
-0.210811945291409 -0.245712158714628 0.0566634880023994 -0.0711219993224274
-0.34407543133681 0.0650168764351491 0.051881248433936 -0.0607720113638779
-0.201923199788313 0.251406415021956 0.0723038981641834 -0.121667574046287
-0.0231807536426682 0.30339811424006 0.00939864378185808 -0.18206568495403
0.146845597991995 0.269283626068165 -0.0508310089254571 -0.189320772387758
0.193677928611003 0.246039476002727 -0.0823436581261821 -0.180484250309331
0.184830181335596 0.272118188840378 -0.0729738830071105 -0.171865383268461
0.0203818807856614 0.36835084268187 -0.0051533523142098 -0.168315460975292
-0.211507854955053 0.317181810244068 0.0430979476113195 -0.0930670359316233
-0.429917440237007 0.146485994324115 -0.0390098102644229 -0.0327808683570923
-0.35045330415554 -0.297567861459949 -0.101251084200326 -0.142613834175643
0.0433546185074868 -0.486481814339118 0.00171284454503731 -0.291298171363089
0.27591853176877 -0.387437664154801 0.255894152079379 -0.29819247773116
0.271576686704421 -0.373158582686305 -0.0303321226054042 -0.176079176740762
0.0528749397418346 -0.48645707255092 -0.0190036339334313 -0.0401759450925728
-0.295746297301994 -0.304686769981433 0.0674054579140811 -0.069083148875405
-0.436085564687278 0.0886858842970181 0.0249845257504838 -0.072808946439323
-0.255745966945064 0.316261439797915 0.0226720329550155 -0.0764563974337041
-0.039745791929184 0.380652385315614 0.00121701571172507 -0.0738365765248998
0.162556830251507 0.339061869294874 0.00185071449265965 -0.0706439092907359
0.213353483448329 0.299187494483245 -0.00107192319891908 -0.0770988447589367
0.20346881436301 0.320032888666316 -0.00387665346698306 -0.0575677156767152
0.0220340894300928 0.429522549320968 0.0196520043189851 -0.0525958986540476
-0.242072801178811 0.378098919331811 0.015629750320357 -0.00518561060655043
-0.491152224488492 0.199568552146986 -0.0711864860665942 0.00635686102958358
-0.439237601991075 -0.308347543140013 -0.131604920817478 -0.106257098220888
-0.00725079680422834 -0.570223753261568 -0.0273630620792437 -0.188162665354339
0.284595085518751 -0.49672531627273 0.14402255055103 -0.14255047824439
0.271682343478338 -0.425154414485526 -0.155404853726509 -0.028900269236235
0.0161773274487526 -0.545678983059384 -0.0327343262798305 0.0929881980003191
-0.348989018816349 -0.323311784953004 0.0740523599595026 -0.0428213115527525
-0.46576876303968 0.10688952360754 -0.00743999973920314 -0.0708093491883116
-0.26942817844073 0.337866423487276 -0.0360042803662553 -0.0136207860863854
-0.0465336383268574 0.401134798991634 -0.0105776131388699 0.0559073681251361
0.15604747184034 0.358338305118403 0.0544686344813037 0.0645741366293168
0.201161410247736 0.306790889439373 0.0792062633506412 0.0388074918659217
0.186871900117266 0.319325045053495 0.0669401405686477 0.0619302312828357
0.0114490133460867 0.419925566225091 0.0484483181777138 0.0704459226743201
-0.235099632116732 0.367459693957755 -0.0072716890493858 0.0893694523863585
-0.461455914856403 0.203855376714667 -0.0941826327653282 0.05104264835885
-0.429887578366919 -0.269824587984504 -0.145108233173186 -0.0598986226383786
-0.0388223717808875 -0.547862431551873 -0.0426350783761432 -0.0725554731530096
0.248388671986838 -0.516231253405193 0.0365587526004775 0.0293615694835329
0.224904765968329 -0.411140866148479 -0.281501768903198 0.137721061851603
-0.0228263014851779 -0.503815270466999 -0.0483536280424635 0.238739115858709
-0.338050577559637 -0.276545051463821 0.071804232280176 0.00305633765362471
-0.404685231421904 0.105305505988662 -0.0394275220937225 -0.0509745653919938
-0.230325877445574 0.294410227891866 -0.0906158338333737 0.0566047775585219
-0.0408464889223838 0.35105452375084 -0.0192517319950881 0.182272848157479
0.128647796759826 0.317766875063398 0.101251012935661 0.193680750131762
0.157563920484811 0.267759065268538 0.148154955258363 0.149738401893554
0.138194187016711 0.2716295803619 0.126156640202099 0.169723048107489
-0.00574379418422949 0.343038829357215 0.0679646640782693 0.179171646568195
-0.197363367387636 0.286558669346996 -0.0301036364632332 0.16625913342476
-0.352937630159905 0.150504742234327 -0.108218864844039 0.0814758713887807
-0.332552429649638 -0.19818268718275 -0.140880028869853 -0.0198187417297866
-0.043752964572041 -0.429489525479308 -0.0433378947103223 0.0245034138493355
0.179739132454128 -0.447851237556823 -0.0510240979437038 0.18111155417283
0.134672461646479 -0.32538469462025 -0.380991925885163 0.297013258174245
-0.0528351472114523 -0.362636777900868 -0.0601586219514407 0.362609752522688
-0.251327134576879 -0.169676052894374 0.0627227738644994 0.0565317940403874
-0.255180204482146 0.0809793834697577 -0.0551882430431569 -0.0214926124015329
-0.14751133383347 0.19192344575966 -0.124975779061797 0.114902327581879
-0.0298002812015685 0.236389895265201 -0.0218084117942398 0.278332809944341
0.0781056943865382 0.224086893075466 0.13429844712663 0.291655229872639
0.0902783078552871 0.187113084638859 0.195774239953395 0.237891470465513
0.0705364623474282 0.185777113056833 0.162428059519027 0.251846324835598
-0.0235416177466438 0.220657289436862 0.0709137679756733 0.254936526463763
-0.135173647684395 0.165658930964896 -0.0557347695156328 0.209319436123552
-0.201025566527908 0.0757914840122196 -0.113476886604139 0.0886604210144527
-0.190699171673165 -0.106209842130303 -0.124040548458884 0.00410469866920117
-0.0399932545054689 -0.260628291724754 -0.0373063593704095 0.0851027618851211
0.0882595160795159 -0.319037507615675 -0.109524108586396 0.287152127707878
0.0218073855615247 -0.177702793985797 -0.436963370411345 0.412465572295367
-0.0694130804358894 -0.152420915272051 -0.0594919674107837 0.442682050336392
-0.117908114504627 -0.0324200828315913 0.0614365851172315 0.108394436200406
-0.0630744139405966 0.0397998108983273 -0.0449757802715662 0.00391482451426197
-0.0452106879587378 0.055780451170202 -0.132857704576566 0.142140666077264
-0.0194165675423948 0.081796208056124 -0.0192057495832588 0.322085557612969
0.0112119255180542 0.0931595931540065 0.149087544744582 0.340818349755854
0.00785233344857928 0.0782395269450921 0.215146392172661 0.287795910694051
-0.00391449242969324 0.0767834381913554 0.17173143890378 0.29708269229317
-0.0317384268498408 0.0779423846088227 0.0551306697215928 0.29410118109805
-0.0548324603664891 0.0423577342624851 -0.0806194624761497 0.219158532985013
-0.0442848002619897 0.0127523927969391 -0.110141566333718 0.0791495809586989
-0.0596856656256059 -0.00553083756501298 -0.0993336329657634 0.0180346474255268
-0.0475713690622602 -0.08320901526385 -0.0320432034444718 0.112501950179177
-0.0120882959749554 -0.163152256975554 -0.1377533576901 0.33828908762922
0.0849966787392067 -0.015049358571759 0.140151947020176 -0.353478642974297
0.0637085170917984 -0.0884392166091876 -0.0299577323726824 -0.184505269882424
-0.0507708604954605 -0.0827355275438346 0.0502728988963106 -0.0333421848564807
-0.104324936824998 0.0289938985121182 0.0927611486334307 -0.049399556486561
-0.035156827033301 0.0739916580929077 0.0987922751676356 -0.178292989173708
0.0183000254023369 0.0627706054660622 -0.0237890372195701 -0.294628397060153
0.0607082943273144 0.0347871349019681 -0.147768188652437 -0.300785614878279
0.0763460648149276 0.0354686788895848 -0.20249772430541 -0.274786464123345
0.0732163307304266 0.0482060899026633 -0.165541614643713 -0.293815789491693
0.0224731436723601 0.0823324413106864 -0.0363690222191854 -0.292307223362262
-0.0466085202943842 0.0789994337780703 0.0887704066926044 -0.181230523114346
-0.112549232336839 0.0223796171145786 0.0293566710807348 -0.0497681552804172
-0.0492870521520265 -0.107818827555008 -0.0314033229182101 -0.12710949382966
0.0906187616633465 -0.0884689956007679 0.0446625525053523 -0.365335467360506
0.108527085742904 0.000353947056886796 0.384464961203464 -0.449811956745411
0.156759040412782 -0.149138712868846 0.11630871257078 -0.335687812622909
0.0653029715287132 -0.226960197116966 -0.0216258349693001 -0.174008470657937
-0.129449123198944 -0.15751849406203 0.0443818221092182 -0.058086677619744
-0.219616410520126 0.0556660861685117 0.0669299088618664 -0.0492650319722588
-0.11158319701881 0.16802305707643 0.0889365369028627 -0.150825297325754
0.00709637429439697 0.186955133010198 -0.00629440780127579 -0.249061661131982
0.116936282492814 0.152304951062355 -0.108161148773077 -0.259575302662728
0.147528564489259 0.142467283725591 -0.15665735777112 -0.239823978675985
0.141629498377428 0.165182271080563 -0.133003589559405 -0.246587145887172
0.0285664691030003 0.236735004701736 -0.0303307241704055 -0.248306931961813
-0.133429724017374 0.209196371691051 0.0655749190217304 -0.152709299446964
-0.28057727496418 0.0876225842756468 -0.00333241409386463 -0.0493577552552867
-0.207406743473871 -0.21393384864139 -0.0660041370169256 -0.141522393929744
0.0719092142005422 -0.305959592922708 0.0178020659971473 -0.344711708130338
0.202276336494694 -0.207503557144951 0.325489949298332 -0.40521975264736
0.217183594514181 -0.269568140501369 0.0551611713201942 -0.274965810041255
0.0579483677680005 -0.359535943748167 -0.0173277632581055 -0.129335229929742
-0.209691930471107 -0.228582186221896 0.0488070930322522 -0.0757898466623445
-0.327206517748113 0.0779303168482782 0.0425232549606893 -0.0610970274485235
-0.182431352340711 0.252131592981646 0.0591690766610443 -0.119778144785554
-0.0073766500454671 0.294102608365163 -0.000646887547999784 -0.173467444682115
0.155029596881748 0.251735991258479 -0.0572634083007522 -0.178865063676269
0.197437728330571 0.227320696045306 -0.0868603303810428 -0.169368108110834
0.191236040675182 0.252425487674821 -0.0764290632270896 -0.161698092133685
0.0373060094723692 0.353475550391676 -0.0126857793435582 -0.163249339386978
-0.192038498909205 0.317068767931403 0.0395524284455561 -0.0919613089129342
-0.406853283573336 0.160137470485648 -0.0376196620835384 -0.0283403821797811
-0.349990180514618 -0.272162496843958 -0.102971715020222 -0.129285130501389
0.0238939523764611 -0.473304969391608 -0.0140813525283426 -0.279877479709807
0.253204884224156 -0.380749081578779 0.235818758989358 -0.295772012488425
0.250909633577263 -0.363060530036439 -0.0390225068981293 -0.168052902754692
0.0330772088451434 -0.472287392405564 -0.0202800528185108 -0.0390101505239204
-0.291200096144059 -0.283010704659686 0.059344052656689 -0.0745038347192021
-0.413958080311175 0.103584232231198 0.0154013870475743 -0.0723891283768364
-0.23176987009873 0.31676728283241 0.0121243601929049 -0.0751272666125845
-0.0197895287254007 0.368882406342416 -0.00387677564374693 -0.0681583384954181
0.173333763363029 0.31811465914242 -0.000641131212346196 -0.0671508462738929
0.218662466966289 0.276757098213544 -0.00506078790435726 -0.0740046158840666
0.209770686718716 0.298226139078375 -0.00486502360820285 -0.0550419640048426
0.0405641536837709 0.413262455526653 0.0165483752664487 -0.0530829142249931
-0.216579759352651 0.376531545245576 0.0169956788317709 -0.00649322547130263
-0.461735224669935 0.212953945135295 -0.0674751953529652 0.0108250064343749
-0.433212795469621 -0.280154436443985 -0.130760126752112 -0.0925097923487107
-0.0268497769055958 -0.552058806486803 -0.0380060807513022 -0.177866355754338
0.257670526348623 -0.48707762819581 0.134126114767076 -0.142950247366529
0.248844636017137 -0.413639216105747 -0.154218701736111 -0.0221155705737327
-0.0046451488327832 -0.527250191879763 -0.0287428426496833 0.0893850629552843
-0.343903646411373 -0.296992581402667 0.0680268674715418 -0.0484600546233549
-0.441920675658028 0.12131451735308 -0.0150849145277413 -0.0693164659689008
-0.243673029253983 0.336098148808357 -0.0426873318630412 -0.0125730841269003
-0.0248782046966092 0.388599426397976 -0.00959713680023905 0.0563050907588681
0.167342402164884 0.33698127919944 0.0558781193351999 0.0603634641644866
0.206148678735523 0.285691638744462 0.0774146951010352 0.0333543430049512
0.19298463809264 0.298080254927393 0.0687947131128051 0.0564982867067678
0.0303789431827399 0.403832531232188 0.0501179852293773 0.0641386253595237
-0.209619695510428 0.364413736457379 -0.00106331760740949 0.085789390195757
-0.43280335382027 0.215428715540377 -0.0877363261405849 0.0538020389738857
-0.424593098621705 -0.242116147352992 -0.141849714490455 -0.0462064626537078
-0.0571000808457013 -0.527439674212783 -0.0465754767339617 -0.0654363690032491
0.221663778798061 -0.502879426937528 0.0379631687439741 0.0246738248069168
0.201335397065631 -0.40019431490329 -0.270630061754631 0.142114422680848
-0.0406370906645106 -0.48512113266325 -0.0379289936294584 0.230428211121974
-0.331447420527679 -0.251868197893009 0.0675957989116155 -0.00379691669143649
-0.382636578687221 0.117581947832328 -0.0438011083261606 -0.0498239987094357
-0.207695957360241 0.293592770160192 -0.0922767117403292 0.0571570001429205
-0.022450449618991 0.339084411847284 -0.0119367976463966 0.179107922274571
0.139510336553552 0.299010243868316 0.106794137943674 0.181792239871492
0.163244614816041 0.250097977065646 0.148286986438193 0.13668324393173
0.144421750264444 0.254934088701925 0.130241395588749 0.157976901221965
0.00944426401644392 0.330626993238349 0.0743940251580227 0.167958184475171
-0.177588323686128 0.284759508312383 -0.0197454406910115 0.161130663230233
-0.330125549629681 0.159751703152038 -0.10019508361428 0.0831224759610484
-0.324617684307001 -0.175611617708345 -0.136841856443085 -0.0077986931198088
-0.0588065005040046 -0.412345884038137 -0.0418840955567554 0.0275392356464593
0.1573370804284 -0.433709068235612 -0.0399305790067946 0.172553018427256
0.116962319160048 -0.314116804471825 -0.361051696330503 0.297668022888612
-0.0656502978317628 -0.345831823224074 -0.0434564957204598 0.350553781733341
-0.245221435688173 -0.152115368638867 0.0623291555202803 0.0498977992802621
-0.2406502052885 0.0870675184810326 -0.05671374476904 -0.0208659223523598
-0.133611095858909 0.190645882660822 -0.121893948770471 0.114207196150677
-0.0169974897197469 0.2275315850613 -0.00999345996521799 0.270797070152343
0.0860375312734038 0.210193639050368 0.142397559334734 0.275323527019896
0.0943716621027108 0.176512712581052 0.19817451036131 0.218221287832971
0.0746454271460941 0.17691649314984 0.167935415231035 0.234547376263602
-0.0140761146401033 0.212835935508756 0.0797296029066696 0.241718708571286
-0.122676464114895 0.164430560146525 -0.0427814539376543 0.203759025643207
-0.187003015374243 0.0800029380213199 -0.104471171295161 0.0897410927429422
-0.184707333790011 -0.0923078239196136 -0.119211871563912 0.0141667816615809
-0.0480495773390426 -0.248302351843227 -0.0330274267166537 0.0852659538997665
0.0726067427165266 -0.30789362151115 -0.0915909227433126 0.276620931818405
0.0129948689896974 -0.169440324950445 -0.408673442925319 0.413684600071229
-0.0728266804156179 -0.142424651068454 -0.039998748535824 0.429115645450905
-0.112055855442483 -0.0247378851945571 0.0640528945766694 0.100004904431293
-0.0579952876138414 0.0391554003222604 -0.0447416848060047 0.00333196272242922
-0.0410242189881917 0.0548385876168836 -0.126633804014902 0.141126215248165
-0.0145796566106675 0.0789119108475264 -0.00518879064967109 0.312173447895823
0.0144812809282412 0.0883153776144076 0.158862849300635 0.321059553145158
0.0102458355168103 0.0753871244831679 0.218661119189739 0.266416946617598
-0.00208440909935904 0.0747557282973608 0.178766655277623 0.277178894455179
-0.0286489177435573 0.0756580625711634 0.0674989439964499 0.279575134814686
-0.0502930805822515 0.0411226987366507 -0.0664052474848159 0.214478796114014
-0.0390509070605223 0.0119839173370499 -0.10077184891059 0.0809495174287947
-0.0541683188108267 -0.000698685177628825 -0.0944501319718787 0.024921277906456
-0.0491360627264643 -0.0765393199975672 -0.0262555370947527 0.11119396357444
-0.0190754675557766 -0.153884886784967 -0.116714787510234 0.326741056596263
0.0830061119136954 -0.016976807760467 0.127311118717617 -0.344075208247689
0.057618083900237 -0.0897066385982136 -0.033475958412733 -0.178231738465955
-0.0536474755649751 -0.0788085634251472 0.0457412303544932 -0.037570861447587
-0.100359650641243 0.0339239877779894 0.0839972576965276 -0.0503868730546766
-0.031352333826366 0.0742251683236937 0.088874782918281 -0.173403653175422
0.020036978726253 0.0615607597817496 -0.0329016192113663 -0.281732016204147
0.0607451306968732 0.0317761719633324 -0.152491281060773 -0.285193262314169
0.0752448808880397 0.0312862319728293 -0.202222907234655 -0.25824897543306
0.0725884414780607 0.0431391156881036 -0.167552338375433 -0.278985071122593
0.025610751849472 0.0796049111776678 -0.0430183267297512 -0.28292075957888
-0.0435483813608987 0.0796871431525496 0.0832503682947549 -0.17864439358736
-0.109146117969658 0.0256842521001809 0.0294055580865236 -0.0464455117464166
-0.0517723544652713 -0.104266011334935 -0.0331096718337701 -0.120433332215444
0.0867131036159994 -0.0900045703918447 0.0304882926216478 -0.35230159111753
0.106501090746811 -0.00245711413201626 0.359223031462545 -0.440158016438692
0.150859546778221 -0.146673351406034 0.103128171129772 -0.325586347613285
0.0570227583545039 -0.223704989517991 -0.0254007298779183 -0.168417316154001
-0.129513227747823 -0.149646020152388 0.0386451772923294 -0.061494778682647
-0.209636577822135 0.0616883747112438 0.0590271608413038 -0.0488959975207131
-0.10208971640125 0.167669938256756 0.0791180622694692 -0.146765032978897
0.0134056490485219 0.181742757995417 -0.0146187972569326 -0.238475779806973
0.118924343497542 0.143354021244744 -0.112072390242392 -0.247029467047033
0.146990648705496 0.132058539050888 -0.157465107215887 -0.226368163002326
0.142471969807563 0.154213590504599 -0.13398374685716 -0.23423834042928
0.0355462976717001 0.229145106998228 -0.0366871719002881 -0.240354334848961
-0.123436849545187 0.208680308206747 0.0614411343093683 -0.150843248840402
-0.268820308380008 0.0928758135687265 -0.00262898677860734 -0.0453564214826668
-0.206902768808755 -0.203344510474724 -0.0669675553574392 -0.132794069088758
0.0632862912942832 -0.299752214566703 0.00483396861103552 -0.331791867733797
0.1933347109633 -0.204180158352966 0.304909698979368 -0.396634573863213
0.207851257831107 -0.263686630166067 0.0448609292493073 -0.265734002480188
0.0477241998375851 -0.35224828127229 -0.0208794297469571 -0.124753433434851
-0.20669438575525 -0.216570600186866 0.042392020747846 -0.0793029690703555
-0.312052367477838 0.0851878311524796 0.0343757637190253 -0.0602488150848444
-0.168278607230093 0.249667092414679 0.0492488826254548 -0.115923914789435
0.00255916631635117 0.285451824637608 -0.00694650144347119 -0.164844816487681
0.158693217358234 0.238583976996655 -0.060288139293494 -0.170377552787827
0.197606952392907 0.21268393984086 -0.088748855038876 -0.161080123203368
0.192414677369226 0.237862929475027 -0.0764534832393906 -0.154191203095501
0.0473212930615501 0.341947903440299 -0.0173516480013342 -0.159567974345653
-0.176358907876305 0.31447895517583 0.0377556631996347 -0.0916654204552812
-0.387915296160535 0.165873797336535 -0.0357092946631962 -0.0249454743720589
-0.346562552031787 -0.256548407256855 -0.102097708380618 -0.119286444921235
0.0135560489606667 -0.460268460036576 -0.0244116062179196 -0.268443175540983
0.239040723767359 -0.372494558969028 0.221243321892215 -0.291743161074992
0.237911221466105 -0.35362877553535 -0.0453131227510004 -0.160719686360725
0.0208190526820963 -0.459162601368281 -0.0217371520334086 -0.0378449268677479
-0.286322347828515 -0.267676918611385 0.0527258999379211 -0.0781933499288776
-0.39552477699076 0.112510248463873 0.00849106048630302 -0.071145321299344
-0.214656833171778 0.31291984515699 0.00288976567087944 -0.0725402004502912
-0.00714441833899945 0.357807978751312 -0.00736496983895195 -0.0627106289583875
0.178141533147898 0.30153695442651 -0.00165052550725275 -0.0642422450312912
0.21896962526253 0.260318239548596 -0.00742624994078098 -0.0714249117523576
0.211566991129068 0.281244849190054 -0.00435358670386406 -0.0536008211597743
0.0518484359312813 0.3988579399826 0.0142335556243558 -0.0534103084456671
-0.199758575670456 0.372792553419575 0.0185299620379435 -0.00835190798787226
-0.439625689343599 0.217885482393312 -0.063760207600504 0.0136198178382346
-0.42631473545372 -0.260717456021496 -0.128315619263801 -0.0814103644061716
-0.0378004837127066 -0.536313209084348 -0.0443434097769639 -0.169300110691266
0.242771990914885 -0.474095247295205 0.126848555485768 -0.142744795424405
0.234477749127521 -0.400911900060535 -0.154311822892203 -0.0176254611735682
-0.0167675899119562 -0.510621479952887 -0.0262288749064268 0.0864151497190989
-0.33544987980036 -0.281274239459594 0.0615326425006272 -0.0529000359955173
-0.420284429195662 0.128185394150733 -0.021116886333613 -0.0682784554958388
-0.226980044316607 0.332260432159013 -0.0492244627948019 -0.0109879599402713
-0.0110499226673866 0.376189552120177 -0.00909860051676051 0.0580757947261677
0.172820471252667 0.318790459467551 0.0569195294370786 0.0572530818763229
0.207282655854932 0.268829542222585 0.0748921237680937 0.02927193177108
0.195053945362631 0.282472559576967 0.0700848674612551 0.0523160702037878
0.0415988464747173 0.391165464473823 0.0498441406421182 0.0593975014211192
-0.195258689500265 0.361284657330732 0.0032292015565978 0.0818754088944197
-0.410685293613848 0.219703944278096 -0.0826185398617412 0.0547249783407128
-0.414981407531749 -0.223764500064941 -0.137627201683896 -0.0359274763802344
-0.0670438943924909 -0.50975896643453 -0.0488602748982356 -0.0602058162449664
0.206728699024665 -0.486673490928332 0.0380334127006068 0.019998663614658
0.188615678062961 -0.385480575607308 -0.263250762365502 0.143037114920063
-0.0506658595894108 -0.468147960778517 -0.0312342549680594 0.22325581855685
-0.322128368009599 -0.236961975681473 0.0636439359028194 -0.00891769488589972
-0.364315087534245 0.122748693700552 -0.0472064713923562 -0.0490685611881447
-0.19264842017958 0.289660465274186 -0.0952387278586657 0.0577327756507601
-0.0103089586622669 0.327886700244935 -0.00742248413546495 0.176402472918937
0.143982890846538 0.282462987157846 0.109623355978855 0.172929523620097
0.165149542765159 0.236336483386689 0.146047123378053 0.126775421635211
0.146570536743724 0.243216295981926 0.132092352055889 0.148616251137553
0.0185370118335586 0.319929886327361 0.076815316811519 0.159107639994103
-0.163275970079761 0.28127387096667 -0.0128396338258207 0.156039889071521
-0.312205208582932 0.162283361898548 -0.0933534268251088 0.0839954552113766
-0.317192137900014 -0.160800233878242 -0.131479616212591 0.0012066481848248
-0.0654742381712654 -0.398724162027457 -0.0415102847843014 0.0299073342981175
0.141972166687379 -0.420327547943358 -0.0328825719386347 0.164446911851342
0.106842156705999 -0.302617838064398 -0.345656246727188 0.29514518316392
-0.0712631020056994 -0.331805320136484 -0.0331866205240475 0.339589503472105
-0.237136093957928 -0.140652093693012 0.0614181418571836 0.0439304569133021
-0.228320268443936 0.089509567224172 -0.0578172796712873 -0.0210986871243753
-0.123515421355448 0.187088788350286 -0.121228411373378 0.11366326955603
-0.00856804880065346 0.220107555905825 -0.00226899270656716 0.264670266165311
0.0894403553426513 0.199478775874033 0.147227006565176 0.261020405368682
0.0961047332657583 0.1678976069567 0.196791414925166 0.204464392413833
0.0765495340612394 0.16941156833344 0.170279787660516 0.220993193580985
-0.00788755983517342 0.206754463690041 0.0850117381072099 0.229769706926785
-0.113284276698036 0.161622261223754 -0.0333837328309239 0.197789747023302
-0.175367764783991 0.0805856746806495 -0.0976132960045474 0.0896176524332447
-0.177326952056066 -0.0831917796403777 -0.114154262020946 0.0214087661849856
-0.051934374706752 -0.237588617074411 -0.0299282972250925 0.0853421048823933
0.0624870824567562 -0.29585005041903 -0.0801769143901434 0.265275416833983
0.00772664879502629 -0.162308388802871 -0.388197324914702 0.405823783557442
-0.0738851449355013 -0.134317674417449 -0.0263693630304198 0.414412381706708
-0.10656417903973 -0.020188192733307 0.0654456091290617 0.0932835225262719
-0.0541627148715414 0.0372350051893383 -0.0449963891726498 0.00188137300811118
-0.0378724900724907 0.0531390053315369 -0.122978917525259 0.139424408710063
-0.0117482387995911 0.0757709124285113 0.00361256767917287 0.30343063437285
0.0166528913395685 0.0839551839137282 0.163764705900106 0.305320063637775
0.0114818436521394 0.0734715441987362 0.217554321440711 0.249488438842629
-0.000533294111466586 0.0740020918644271 0.180843203513273 0.261651200090611
-0.0267835311386875 0.0741826445601918 0.0753518752969929 0.268003702379756
-0.0470292728732753 0.0389573086724801 -0.0559528114456901 0.208848740565342
-0.0350544454406833 0.0104393615603733 -0.0938248993531411 0.0808957648377554
-0.0488892440220224 0.00249544314459526 -0.0900706871051568 0.0306009618959239
-0.04889712475321 -0.0704111627418686 -0.022105173810049 0.10996752039401
-0.0231759585170978 -0.146526975981361 -0.103385215234994 0.314535805648262
0.0816579560519417 -0.0186627359240603 0.117498984438479 -0.335524742970428
0.0532137781930318 -0.091149222853728 -0.0359246573756908 -0.173079164366966
-0.0564208742571091 -0.0753309645990377 0.0408370123500195 -0.0410152323893405
-0.0967175224355629 0.0381836051347692 0.0767040077633364 -0.0498067832752681
-0.0275505690735833 0.0748036856920313 0.0804022639832095 -0.16861056033462
0.0217978985652081 0.060483545735708 -0.0401906880120374 -0.272008736681711
0.0610651727871328 0.0300197442622603 -0.155669778918034 -0.272814883552323
0.0747781917970393 0.027881621160241 -0.201850269237378 -0.246224096564784
0.0724048375765455 0.039578050352889 -0.16862485244249 -0.267383233869856
0.0277263432207694 0.0778283412086657 -0.0484550135476817 -0.276354992723662
-0.0408287712495753 0.0808192155397029 0.079216722638753 -0.177370484713842
-0.106997444580446 0.0283323785341335 0.0296608725045625 -0.0438068153834085
-0.0543467802627267 -0.102041769425751 -0.0344992440517866 -0.115410135613971
0.0831223526536692 -0.0915470733540107 0.0186949571013264 -0.341245576190751
0.105112924197367 -0.0050971140316791 0.342193075807131 -0.432447234351322
0.147091698351894 -0.144444698228414 0.0936392083976924 -0.317488578117528
0.0507000170914792 -0.22119463561881 -0.0293070131653725 -0.164232364832553
-0.129788126224016 -0.143408548729449 0.0328313634767975 -0.0648272401186041
-0.202008652881618 0.0670005776835557 0.0516950253421828 -0.0477031036372451
-0.094149114727546 0.167451869621562 0.0702830768999108 -0.142794853014982
0.0192703142466158 0.177949152284812 -0.0210040505350411 -0.229163142605757
0.120481736449838 0.135546933155627 -0.115567776783057 -0.236566545922885
0.147684549436306 0.124182622423824 -0.15760058236995 -0.216526832300701
0.143134825756879 0.1457163363383 -0.135226318138739 -0.225287006871234
0.0413599257418017 0.223324544046355 -0.0420187215558901 -0.235019984798489
-0.115833439035879 0.208306829699448 0.0583105161619497 -0.150080035046933
-0.260490471956914 0.0986408113378033 -0.00197955963467334 -0.0425530254142868
-0.206779492022405 -0.19488117320319 -0.0680375039200474 -0.125854896046723
0.0569340904544133 -0.29654266360248 -0.00494928028531933 -0.321173907388097
0.18726430586606 -0.202058367866558 0.289730117039531 -0.391384455956844
0.20119874576737 -0.258226246912285 0.0366577110580021 -0.256854125813636
0.0400796283415596 -0.345560735293723 -0.0238613076856466 -0.12214038921198
-0.204630507671568 -0.208239084591085 0.0361171638635524 -0.0825033538017494
-0.300431206320068 0.0910758343944124 0.0272094513860841 -0.0585993234486595
-0.156921408730472 0.248410617023497 0.0401585095772582 -0.112070239636884
0.0106431927914816 0.279700790530789 -0.0113736396598755 -0.157917833230841
0.16131308312627 0.226722630693331 -0.0618869234404024 -0.163539545034497
0.198616452771759 0.201175204793169 -0.089634047143533 -0.154660235243101
0.193606709513995 0.225894301508981 -0.0765593244202122 -0.149469477732856
0.0559095529231283 0.333468496237396 -0.02146675635162 -0.156763464371204
-0.165670645009811 0.313277458893157 0.0367385918678354 -0.0919715224257723
-0.373713312705608 0.171698692461041 -0.0341104217239207 -0.0217495543213765
-0.34273319772419 -0.243795808271252 -0.101746829777194 -0.110399186954408
0.00635248769887155 -0.452258124488835 -0.032995635882345 -0.258527227043183
0.228837253808261 -0.366608747878565 0.209869178380369 -0.288870763051398
0.230056459632813 -0.346725892291273 -0.0505536333085798 -0.154176759969776
0.0116840474762928 -0.448778911523689 -0.022687997450174 -0.036948539849414
-0.28091085596917 -0.257798973129005 0.0464953434508365 -0.0816395695835892
-0.379222759871983 0.117585402302042 0.0020122875222096 -0.0691768124499352
-0.200486533703899 0.310682525561361 -0.00462645728498321 -0.0690242593438063
0.00405191949151685 0.349806813633605 -0.00899566620936951 -0.0575457272273711
0.181726396309441 0.287040127379656 -0.00226630609459577 -0.0621779112135924
0.220238216061707 0.24775608270031 -0.00933269257101521 -0.0694333443396844
0.21345392416908 0.268807869280292 -0.00369067390066191 -0.0533702576382458
0.0614404939797939 0.388612493297471 0.0115894239387613 -0.0538694897599748
-0.185731654682928 0.369757961433219 0.0192790744053045 -0.0100695126918305
-0.422010624475101 0.22283563251843 -0.0604842190508018 0.015298553839921
-0.421566491541249 -0.245093054170571 -0.125246301678705 -0.0728436928214116
-0.04717966659544 -0.525525607657671 -0.0500136011376459 -0.161712221973666
0.229964832913429 -0.464105604315413 0.121437236537875 -0.142934569776064
0.226488197598796 -0.39097512004074 -0.155537553850455 -0.0138903582480485
-0.0251319438135739 -0.4971744260667 -0.025006079147393 0.0849020375957022
-0.329342127564882 -0.268975459742215 0.0563722361162161 -0.0573652761844958
-0.405854904663909 0.133297983072932 -0.0262273137255169 -0.0667287521724822
-0.211168792093943 0.329352313491634 -0.0556507174269078 -0.00862400111808186
-0.000143302604464367 0.367131954797088 -0.00773462238578194 0.0604209345231893
0.177501301569956 0.304358732165128 0.0583622957838513 0.0545497082320657
0.209607353325351 0.256515574594071 0.0723939189175798 0.0266378494723709
0.197559739847915 0.271589709574195 0.0707903748151738 0.0481463606753589
0.0506973602851472 0.380227660557712 0.0498643989249478 0.0553492099005512
-0.179010795086354 0.358357160980753 0.0064696105134 0.0786307880042367
-0.392706070672136 0.221865381206716 -0.0783110596974915 0.056109983617001
-0.408856086669288 -0.209468215041047 -0.133448841648334 -0.0272003501053954
-0.0747472186903583 -0.498053961213721 -0.0510885757035648 -0.0554268881310645
0.194683620367575 -0.477420919913639 0.0379461254896434 0.0165126195385739
0.179193050506114 -0.377236794539138 -0.258337753691298 0.145342290145236
-0.0581764832523367 -0.454552316905795 -0.0264937267952828 0.217916872770047
-0.314817362301072 -0.225921691635235 0.0603572579177186 -0.0134050594632476
-0.348939765499005 0.125906229152542 -0.0514096270495842 -0.0483360587689091
-0.180654843472783 0.286566070754364 -0.0991816665314154 0.0587471505928939
-0.00133017398805767 0.319667843594822 -0.00323770484529171 0.175250008065113
0.147205740893962 0.270240694148884 0.111808800484645 0.166199624303663
0.166553927169288 0.226733901624871 0.143680671143705 0.119637493901389
0.148294443710556 0.233668232975779 0.133359395849769 0.140244618927736
0.0255566151656355 0.312657314036922 0.0791222351905678 0.152511239942695
-0.152906550735692 0.278025867508697 -0.00722305004155706 0.151410513487143
-0.297757576310161 0.164010701920295 -0.0879601386670009 0.0838514857160017
-0.309116105220476 -0.14920911255236 -0.127033966675373 0.00907278730378202
-0.0708840073117238 -0.387078731237299 -0.041117909278823 0.0321110195155565
0.131766251049474 -0.410074601141135 -0.0280671954387913 0.157284383667464
0.100455330175612 -0.293744214285081 -0.336906212177801 0.292774028958009
-0.0754601338859903 -0.32128294456085 -0.0254480931243016 0.330530781403896
-0.229854754857194 -0.132584447346158 0.0603125784618914 0.0386480171607749
-0.219111724018935 0.0899969173809065 -0.0599370802356361 -0.0218891365620064
-0.115329044112629 0.184908296311435 -0.121712772502734 0.113296020557203
-0.0027988165104105 0.213327303747143 0.00406486290725167 0.260250881524925
0.0919284213248619 0.190927655944439 0.150945065155934 0.250999748282826
0.0976637228267665 0.161275507638858 0.195032639848391 0.192918544273366
0.0783501138735184 0.164179776995831 0.172645406264674 0.210075802087918
-0.00434037139249986 0.201772266080351 0.0896868096862775 0.221351427082069
-0.107074843873614 0.15978024932091 -0.0261820615995775 0.193171377606629
-0.166608890337918 0.0800716680023933 -0.0918928287448087 0.0893781690780794
-0.171087414160309 -0.0767497625800939 -0.10990620800061 0.0281376425682871
-0.0546993457332795 -0.22940066396443 -0.0277803791888174 0.0851986211292358
0.0559970029494801 -0.286078286514674 -0.0716863546172156 0.255495641013719
0.00394819616886462 -0.156332305011382 -0.37495832607854 0.401591605828915
-0.0741765250421448 -0.128554042545386 -0.0165191020487662 0.403890800422676
-0.101565095693134 -0.0169872541618422 0.0665559198404504 0.0872694233923557
-0.0516425384476186 0.0356956109264967 -0.045697387710642 -0.000512320931866647
-0.0357287937071065 0.0520911770855128 -0.121716828661029 0.13911814996873
-0.0093482985833164 0.0731279830807855 0.0104019767107834 0.297463600145705
0.017177743112313 0.0803571318157847 0.167254286666624 0.293163844467865
0.0126113502074594 0.0721161517662531 0.21686124250721 0.236957465243936
0.000515443211100379 0.0733299729955268 0.182349265558993 0.249787233077616
-0.0254320207510101 0.0732370871507085 0.0813848822523348 0.258355914452276
-0.0450822179848337 0.0369061594237607 -0.0472947655155262 0.204798054151151
-0.0316975189006944 0.00802392537687051 -0.0876524542573483 0.079709690828831
-0.0434935069363806 0.00438553084583756 -0.0863174130766897 0.0352256048659283
-0.0487746717243598 -0.0657415632315778 -0.0188732736052618 0.108250689498435
-0.0258394125681795 -0.139584616242786 -0.0928105990004343 0.303603946692302
0.084368237044622 0.0017914323123617 0.175190541331308 -0.299530232351707
0.0668481472218209 -0.0771773399688886 -0.000614527245287761 -0.171143999079949
-0.0412863750950872 -0.0799282488950498 0.0468587394294676 -0.0366416028336908
-0.0971911476527228 0.0221178156433986 0.0777630352915075 -0.0346210200841255
-0.039144443601809 0.0698244008790204 0.106149263567183 -0.145982925304198
0.0108308321011423 0.0652667277768097 0.0100483109469934 -0.268042958857273
0.052605765114875 0.0401629317755858 -0.0984485248741429 -0.292246969627505
0.0680798316258566 0.0405586807949323 -0.144302823322867 -0.272372991600082
0.0621666115845179 0.0520654099107844 -0.108839772011027 -0.288523587208699
0.0115159269253737 0.0806996057429923 0.00849107717506774 -0.272073192089599
-0.0554732991202425 0.0708479791867801 0.110840410637484 -0.152288725572954
-0.1080546001518 0.00502728764686157 0.0367767191061414 -0.0326494456363883
-0.0324793164052604 -0.11188416098678 -0.0125197005683144 -0.120058341621478
0.097954451635197 -0.0739687959749544 0.0840189040815052 -0.326677845495046
0.103312647200008 0.0172441077162162 0.43064247530004 -0.350882782331208
0.170891117333388 -0.102651445248193 0.14929185138334 -0.286792281921974
0.0871744727481759 -0.199526339121502 0.0086297542721415 -0.159239090846907
-0.0963740373706245 -0.157776481981519 0.0451874867911159 -0.062968671053498
-0.198612419916304 0.028904540607612 0.0528158621645102 -0.0398193742550025
-0.118859142814527 0.144105532977001 0.0919106864361259 -0.124675216818195
-0.0136065955404946 0.175069590908675 0.018113370872766 -0.225188738894387
0.0897760048427995 0.151693488692239 -0.0662058292796391 -0.248658500552573
0.119766769157242 0.147426130856999 -0.108051965497407 -0.237208900657605
0.108383440323253 0.167541463403392 -0.0841605602287328 -0.239870680967045
-0.00325414123928326 0.221376418211573 0.00509580987617359 -0.229068290919331
-0.152818992626662 0.177835812502883 0.0825246564978723 -0.126990422371308
-0.265815453333332 0.0395174319931246 0.000850624709469472 -0.0351117310938722
-0.158089368819389 -0.233995423061429 -0.0480176893256812 -0.138430379762885
0.115024771120294 -0.274854490729797 0.058846799351812 -0.315173635318184
0.223943932154082 -0.152888760995047 0.369243010186875 -0.324284125557422
0.24499785962872 -0.198541145075056 0.084001733054113 -0.240470453375372
0.0992356807253833 -0.317017297472601 0.0106822490078286 -0.117347433380827
-0.152526122584225 -0.232919546858402 0.0535490126795465 -0.0809438568318961
-0.293311480813774 0.0326871791379892 0.0302125318954011 -0.056992464666187
-0.192906494195695 0.208162652172025 0.0568307056579345 -0.102766450632851
-0.0400773220026391 0.26914829183904 0.0128865745960481 -0.154779554438109
0.113527237068506 0.245264470092622 -0.0288758983393868 -0.167534871158298
0.153983698010004 0.231805871827753 -0.0558190824727283 -0.165431183634731
0.140596653351219 0.253392706372763 -0.0437012272994833 -0.156395235026312
-0.0110503783514646 0.328669514541829 0.0085660771132879 -0.148952654350098
-0.221585996566205 0.269085318596726 0.0487398959697733 -0.0724822161312586
-0.386945266162503 0.0847893823256568 -0.0376524428681118 -0.0194349724778217
-0.277389092361145 -0.311312521543623 -0.0878118118926872 -0.130253775163511
0.0986375949692532 -0.43348605764077 0.0222195370047611 -0.262935851935715
0.298351648430226 -0.300549147537181 0.270300769343583 -0.241459972573539
0.289434079995788 -0.277201192035115 -0.0187479583276639 -0.15841406026598
0.0907399545144371 -0.420187482485105 0.000396150566951687 -0.0358154159840519
-0.215300197431901 -0.294260899418399 0.0657000210798139 -0.0805142417042723
-0.370623526641106 0.0424381835841229 0.007426991113231 -0.0740899594488237
-0.245085182747236 0.257149446359841 0.00514769370466315 -0.071652240184287
-0.0604247046906237 0.334135811871722 -0.00426532720767728 -0.0590867457853524
0.12188454549482 0.305420288991683 0.00892296177139641 -0.0571118646803445
0.166531143616027 0.281070407811613 0.00457008090881121 -0.0688620704778169
0.150633955904009 0.298186985007191 0.00786485024570451 -0.0505377547233828
-0.0159997744656496 0.382992313152087 0.0191917059600931 -0.0438833452384958
-0.252392632180972 0.318388252156492 0.0155541978332317 0.00464678732684324
-0.442231959271688 0.124317179947547 -0.0719830903098183 0.0115787959690807
-0.350761085195577 -0.32885408407506 -0.12071715998614 -0.0972885571674207
0.0642196369725313 -0.513524402141756 -0.0134495953906576 -0.172359402226602
0.317693044459568 -0.39519590942746 0.150892209629644 -0.119147146311195
0.292512940945351 -0.323088211593151 -0.146526438708325 -0.0439152672620341
0.0622754584007611 -0.471942759618267 -0.0215830729337371 0.080219944764363
-0.258328977476426 -0.314087075231926 0.0724133412952406 -0.0567046247185145
-0.397182415139923 0.0507479859952663 -0.020353845882978 -0.0782238271568586
-0.258415355080567 0.271746487578317 -0.0557709747139602 -0.0234593622386152
-0.0664080617591484 0.348336380757592 -0.0254228979296392 0.0548757238201418
0.115885754954121 0.320619800713945 0.0449842879813999 0.0674873970957111
0.153325949387041 0.286671028723704 0.063739758133167 0.0389409170639304
0.134278421696533 0.296947256763467 0.0593808863481281 0.0609963932160051
-0.0250142574313697 0.373398228428089 0.0340818656803636 0.0674589275094274
-0.244219855048691 0.306508656993307 -0.0133410505178401 0.086358789210579
-0.413550184485329 0.128369115811005 -0.096874422888061 0.0475544919276764
-0.346493116022915 -0.290763348192248 -0.136497901866771 -0.0523815394748219
0.0325539396494759 -0.493560006318151 -0.0355487194887401 -0.0677887813454139
0.287394033828921 -0.414387129577549 0.0343935406735046 0.0192370581554714
0.244440554170268 -0.319919386902768 -0.275091647410815 0.0894874076596197
0.0234622650503108 -0.438805442797263 -0.0481469468489608 0.206549114446993
-0.252552490440882 -0.269598541058401 0.067031606996882 -0.0136762053319164
-0.343395775837338 0.0522835585110695 -0.0464545321506926 -0.0650273265484401
-0.220771244986272 0.234314666096813 -0.109262455595725 0.0329241055884596
-0.0584282854326167 0.301121370323311 -0.0417288719269867 0.166718468634306
0.0927118175682147 0.282228411878372 0.0752760131252589 0.185667971271863
0.117917794576693 0.250102144271568 0.113007309038678 0.139980777773022
0.0950387706695872 0.251682282482234 0.101068923461506 0.160209411290736
-0.0352298752369815 0.302349158266204 0.0437735295514165 0.164146684560084
-0.201112013856202 0.235284653745776 -0.0389879275060823 0.150575191694322
-0.310801812897135 0.0920913417358099 -0.10947171193732 0.0692386865086699
-0.263317061750258 -0.211316706717529 -0.134164904655048 -0.0144334631390878
0.0131365428608141 -0.384351652414337 -0.0431356897340373 0.0203549237808238
0.21256880322567 -0.36203016193746 -0.0614220802687022 0.143645514968939
0.151813723292012 -0.259898021091655 -0.379585682273792 0.216720565534527
-0.0182258168590575 -0.317104146668061 -0.0715193701478427 0.312516146379937
-0.190470988446234 -0.16666373917727 0.0549768383668511 0.0387966622804607
-0.21751570825082 0.0421590078643262 -0.0575775227408053 -0.0388960050901757
-0.141360148483834 0.15011933770652 -0.141170625373921 0.0832148243679241
-0.0411600369582619 0.199029787724052 -0.0485635974036462 0.250391940337257
0.054152648391472 0.196235084628115 0.0966769434223867 0.274099913871214
0.0638077230471201 0.173566254897792 0.148244597929318 0.221094626112494
0.0410906881995281 0.171628397760675 0.124404498037352 0.233606131678191
-0.0425089965710678 0.191454474841418 0.0410581780470532 0.229486655697762
-0.133491159860687 0.129809315366867 -0.063382160449545 0.183775472619807
-0.169880508891034 0.0399878833882114 -0.109003022779953 0.0707439428310859
-0.144475530307991 -0.108722641251083 -0.116324341798884 0.00844138203435157
-0.00362514634984335 -0.228938072716636 -0.042019671638571 0.0764964674669171
0.113358424367236 -0.260654854922457 -0.124762584673131 0.231496899685301
0.0321725623933234 -0.151745632675822 -0.437740631414231 0.314243350297164
-0.0518065342584979 -0.136232838247545 -0.0819858425238118 0.382699091250674
-0.0921537894626144 -0.034170935340272 0.0488705802004083 0.0905551116993873
-0.0533419470563209 0.0215072436289321 -0.0466545563243842 -0.0130605142215636
-0.042096519784154 0.0387155292870907 -0.145162720413723 0.109259207686903
-0.0220161253608298 0.0647615526506042 -0.0466985665903148 0.28849648820427
0.00289104412106287 0.0788121580433925 0.104444976625353 0.317253632483448
-0.00195636002960078 0.0718016431577112 0.15966170674687 0.267025215195014
-0.0152342040138328 0.0701460889621706 0.126114698343992 0.272557806453623
-0.0381810449318763 0.0638935720035574 0.0267683277966031 0.260875709140818
-0.050401334832557 0.0243985015072587 -0.0843787550356466 0.186806858172451
-0.0283936890093729 -0.0005228035475502 -0.0989596512344881 0.0586328360890141
-0.0395702897295656 -0.00317845063271426 -0.0904419950422039 0.0215415324368466
-0.0318253981642575 -0.0699850897582683 -0.0387220702728425 0.102283621868382
0.00270825137987101 -0.137619085288458 -0.155352737803299 0.275552487026077
0.0832263339645244 -0.000374621090574617 0.165547365748864 -0.290819350612839
0.0623835845062665 -0.0773638179963458 -0.00416048784528383 -0.16589674239231
-0.0434198381031067 -0.0752047552854662 0.0414312704091972 -0.0397637209764596
-0.0931335884092765 0.0265604745093968 0.0709973600328535 -0.033153282976004
-0.0354267552346275 0.0703207379358227 0.0989663103806229 -0.141845988333832
0.0127224232791084 0.0642566972028706 0.00259114038858831 -0.258087533051615
0.0527460613245366 0.0377347379523903 -0.101316292431497 -0.280856473584336
0.067406612892769 0.0370005060587775 -0.143547977699588 -0.261449706187603
0.0618710912402246 0.0486359942138199 -0.109332731590254 -0.277734118714565
0.0141148344139603 0.0783787674105001 0.00197515134761357 -0.26454211415287
-0.0527967380368475 0.0717699012174209 0.106674833167133 -0.151810881608632
-0.105505449266343 0.00842505294476045 0.0376323787949458 -0.0301384250140187
-0.0350820249719882 -0.109067171517001 -0.0140990736854024 -0.114565298332876
0.0944927068783179 -0.0756610603282078 0.0733544434719539 -0.315797848208373
0.101690421603011 0.0152901960861883 0.411965531506708 -0.344410553152495
0.167658155723869 -0.101879616127419 0.139568849385824 -0.277314210252937
0.0801892139407948 -0.196487023316633 0.00536478702476802 -0.154768804854189
-0.0960609362559338 -0.150517169871597 0.0398629320211376 -0.0656330837542556
-0.191119068797284 0.0339530153942385 0.0463268976568492 -0.0378095969850802
-0.111322429187757 0.143728917138598 0.0836571698266943 -0.120137001196719
-0.00810586244828932 0.171303933675217 0.0130154817510608 -0.215699370713518
0.0915375374290415 0.144907389882091 -0.068682436820316 -0.239356113915109
0.119569888655411 0.139886842757415 -0.10850627057618 -0.228176749164732
0.109556178357989 0.159226301277305 -0.0851822427079408 -0.232740784249549
0.00257690011482093 0.215588618361435 -0.000221943615531073 -0.223473417126533
-0.145601320977776 0.177979721138956 0.0798599844685386 -0.126384115280897
-0.257066031658493 0.0444974819791224 0.00181757829650247 -0.0321926023671161
-0.158894379073946 -0.225607895462593 -0.0487921357073248 -0.131263386389344
0.108461375819714 -0.270844179439 0.0488805093132035 -0.303743683025505
0.21646023485826 -0.150623385945824 0.352132409764125 -0.318623899659556
0.238147258035532 -0.194489606540984 0.0760392166764859 -0.231562461727289
0.0911724915057164 -0.311338837266177 0.00781036112931538 -0.113440613343279
-0.150908834651163 -0.224011499405736 0.0468225750272835 -0.0845200016725239
-0.282057485076798 0.0380910829171597 0.023478660163003 -0.0544398900120544
-0.181752085642724 0.206814531278786 0.0486130312204342 -0.0984903220360736
-0.0328072108992534 0.262619236894478 0.00940327768980672 -0.147797657996524
0.115800936799761 0.234585678018914 -0.0306462347617216 -0.161575756380664
0.155020915910038 0.221113826804323 -0.0563257256090896 -0.159966782098515
0.142050762600645 0.241566506210092 -0.0435797852681355 -0.152165858597372
-0.00221705379219206 0.319847322112333 0.00381635001405023 -0.146050425841197
-0.210449981278361 0.265949996055541 0.0478240531044643 -0.0731806998815119
-0.372587213597448 0.0904438848633217 -0.0356344803485285 -0.0162033854384002
-0.274695173677981 -0.297463871298208 -0.0872065628449568 -0.121996812286597
0.0906950519373625 -0.424361009141212 0.0132840287738929 -0.252104894868996
0.286670261667383 -0.29348473506672 0.258476305946641 -0.238489699573681
0.281256428245621 -0.270725472816391 -0.0236780753955319 -0.151128445676884
0.082719887471225 -0.409701167368738 -0.00104371545700798 -0.0343133219454738
-0.211117244934852 -0.28291658244606 0.0594713100434261 -0.0845355460387157
-0.357187855262491 0.0472542678586963 0.0011677776359055 -0.0713787245059248
-0.231666139723308 0.254624898588021 -0.00249460457249473 -0.0669522679966921
-0.050860429988737 0.325380712648302 -0.00535428658436668 -0.0541835321294568
0.125509975540056 0.293089007611119 0.00869820332142974 -0.0558518441854947
0.167442949862493 0.269083950103229 0.003325306327694 -0.0673280081899497
0.152401117376931 0.285077886842426 0.00814772250117985 -0.0507946666996213
-0.00639193556463963 0.372784545632675 0.0169719557448859 -0.0436338607653561
-0.239142624814529 0.316536899661628 0.0170371137316231 0.00185297523164099
-0.425611062582224 0.129862701562147 -0.0687317322427675 0.0139490177846797
-0.346107798044395 -0.313084926115121 -0.117820914265266 -0.0887794775394982
0.0552543600865424 -0.500903592183722 -0.0188755756323886 -0.164387395080748
0.305645152579273 -0.382993688242003 0.144252654849477 -0.11962275983225
0.283172153848587 -0.313899283354124 -0.146738315879245 -0.0377374866375016
0.0540219947571977 -0.459741602176341 -0.0198673685184042 0.0780987002356479
-0.252107398877971 -0.301261600399409 0.0666671015240492 -0.061240822011676
-0.382702043125233 0.0566221375749996 -0.025870463584872 -0.076095888492943
-0.244224265086623 0.267349767771396 -0.0613792924599915 -0.0203071980162003
-0.0565782765124983 0.338532228199114 -0.0232522526176559 0.0565821384925333
0.118668331140542 0.307843001678337 0.0471384487180998 0.0645721643592494
0.155710008779693 0.275360049106959 0.0611780270890943 0.0358394714106064
0.136862039434126 0.28426159927855 0.0603343362423793 0.0563468977213633
-0.0144453086554616 0.361642007110937 0.0339764541381106 0.0637594005678544
-0.230465857366366 0.305516487231122 -0.00969246297573018 0.0821586345883634
-0.395952923037776 0.131471884266631 -0.0922702862043824 0.0484017019520276
-0.339200191269072 -0.276599770087081 -0.132326857743029 -0.0440782524864879
0.0255745712592845 -0.479568848093609 -0.0383610494851881 -0.0634166577976632
0.274562761262484 -0.401672266059932 0.0336493291749192 0.0152682063136143
0.235417353674005 -0.310897913635688 -0.270630553744658 0.0922219920837701
0.0159472383691415 -0.427305549239888 -0.0432778397639427 0.201339135678793
-0.246152866528995 -0.259108217715786 0.0635103712894573 -0.0191392243949779
-0.331276997324318 0.0548481641204135 -0.0506277123638172 -0.0637281340225521
-0.209438064615852 0.229790963412905 -0.113202128712977 0.0355396976205408
-0.050247572968894 0.292079041289025 -0.0364963238610885 0.164855637365351
0.0951803227793322 0.269903678715759 0.0793779036947239 0.178081443624077
0.119958716298736 0.239927687573855 0.111569457268065 0.134067226685827
0.0965663871560773 0.241746788960345 0.102091911150632 0.152020815788575
-0.0276131972914936 0.294849757791116 0.0455921424056419 0.157522553408232
-0.190406028040789 0.232763811675887 -0.0331799256890512 0.145912284392766
-0.297702335077618 0.0945652059473397 -0.103785887247675 0.0698574446316208
-0.25508271343931 -0.198819168238386 -0.129032628643428 -0.00721607788315092
0.0082901105122053 -0.372637613833643 -0.0431987992620105 0.022082741975666
0.201886619308307 -0.349677168381509 -0.0565334775437422 0.135960043036134
0.144066659069004 -0.251651081049836 -0.368753769218944 0.216718481544285
-0.0221942833318633 -0.30683267795131 -0.0624934551931202 0.303676197156405
-0.184935878790441 -0.159153199090884 0.0542313847679817 0.0327138640839989
-0.208970219953335 0.0431641884520749 -0.0605690538386457 -0.0395353202333965
-0.133796548675232 0.146463679212597 -0.14180954885234 0.0839899454908397
-0.0354592159449942 0.192952257182546 -0.0412270712868432 0.245689623249297
0.0561978099606891 0.188486596160044 0.101720085845491 0.262954917682138
0.0654389722338912 0.167756300662272 0.146312491103568 0.211415538203427
0.0431252895648107 0.166115889109773 0.126537926318488 0.222906450766052
-0.0374550797710645 0.186536031130364 0.0459894230635804 0.221264281520598
-0.127034476695351 0.128335469399029 -0.0558269741853625 0.17829517385714
-0.161432399704776 0.0395467356117379 -0.1035656545227 0.0707196534497991
-0.138462992732895 -0.102279183428128 -0.111098161987991 0.0146066472514619
-0.00634776456221812 -0.220627077866114 -0.039926342882009 0.0758038146869648
0.105512129042934 -0.25074693654018 -0.116612238649662 0.221788099436704
0.028137221096033 -0.145456143555448 -0.422971752751944 0.311019067552501
-0.0526848931040794 -0.130480723313463 -0.0714361956575259 0.370271097707722
-0.0883259455567047 -0.0316080263421899 0.0496462213056297 0.0843035472897368
-0.0509721216969224 0.0202947526981693 -0.0476115273175189 -0.015085607921543
-0.0406875488603475 0.0371932965328084 -0.143785082312128 0.1084051517046
-0.0202630921138903 0.0616462026103475 -0.0398533568571379 0.281828081882345
0.00404750487417504 0.0758771140319179 0.109497687737041 0.305791017980174
-5.57831223139595E-05 0.070340820314944 0.158746308825618 0.256238163223097
-0.0140301772944894 0.0691603754163093 0.128779128364003 0.261628534274128
-0.037032761844766 0.0630564693851771 0.0330954160572821 0.250963116816164
-0.0485112346579155 0.0223987751011701 -0.0753253959353579 0.181778151800281
-0.0259848286671171 -0.00310151020280931 -0.0934515458754864 0.0585586863340913
-0.0344128900874401 -0.00115462398904503 -0.0862816760021548 0.0261375429594614
-0.0316722548791109 -0.0658617389658528 -0.0353679744507934 0.100728228047607
3.53055628402477E-05 -0.131598908547319 -0.145149058181424 0.265619534341638
0.0820488260680986 -0.00163156345935841 0.160751906454748 -0.28056055064488
0.0587481247059292 -0.0774194771051375 -0.00529260504851823 -0.161524885973942
-0.0433225889741172 -0.0718477162843263 0.0364575059544453 -0.0411195290026805
-0.0892278383549031 0.0288206313438065 0.0654320094416432 -0.0311008010035301
-0.0326220978258589 0.0698316026885415 0.0939815063375659 -0.136152054714346
0.0142413645126074 0.0635374757141669 0.000209182743262539 -0.249041204169552
0.0523566011260424 0.0361237733317705 -0.10154627887057 -0.270514818051978
0.0662126957959036 0.0343907012304467 -0.140421798889687 -0.254104202695499
0.0612470292114472 0.0461395741264275 -0.10792393726587 -0.270316617674981
0.0149047137683542 0.0765374923469287 0.000127281419863188 -0.258407331107893
-0.050849021897679 0.0722024232933253 0.104148278172339 -0.149671170713783
-0.103006410474318 0.010838729909211 0.0385080810154353 -0.0275912474126774
-0.0367368284423157 -0.106296748769896 -0.0136526695993342 -0.1098293253899
0.092067661586367 -0.0756480493231098 0.068063319867292 -0.303679714088337
0.100159534174644 0.0150957383795098 0.399311731928535 -0.332539942523355
0.165134241726236 -0.0991801765542355 0.134490341508232 -0.266507909908052
0.0772310067470884 -0.19222672194291 0.00391990530406084 -0.149899608654154
-0.0939313105066741 -0.145389356858171 0.0341968291499858 -0.0674482749402962
-0.183383862217233 0.0365319041949448 0.040458129918537 -0.0349474393592898
-0.105499544745566 0.141134471484414 0.0779170438372158 -0.114944012801836
-0.00488846208303446 0.16805098388409 0.0108191816764612 -0.208504658917532
0.090767768297513 0.139468222983897 -0.0687445964051694 -0.231647420900419
0.118135735579316 0.133724010037434 -0.105838290598602 -0.220895962024925
0.108083709006634 0.153143237941436 -0.0830145379207369 -0.226355393943576
0.00572487892450009 0.209634107895403 -0.00258458773232073 -0.217906577845943
-0.13971947467418 0.175969276933415 0.0784488568527654 -0.125326951236569
-0.24847380296603 0.0461984819140554 0.00338141534949357 -0.0294871096802395
-0.155651536245095 -0.218391340238638 -0.0472201390984079 -0.125067016540569
0.105049919647249 -0.265551623192549 0.0435454203333673 -0.292656506495101
0.211936264364741 -0.143581771093413 0.34253906336241 -0.307134783768204
0.235309458150255 -0.188146366956256 0.0719920595629276 -0.221284877460311
0.0865913567923595 -0.304473917224177 0.00699522478744207 -0.109211344325207
-0.145228742448535 -0.21738116050853 0.0414035746567723 -0.0860996148782722
-0.271454422470662 0.0399649599241782 0.0183065648318027 -0.0513700979043581
-0.173360248887499 0.201860968276603 0.042164346707035 -0.0933369833430674
-0.0278884801260463 0.256277571294617 0.00836162357734059 -0.141480115631893
0.114865131112924 0.226250479683474 -0.0304282855576008 -0.157145517238306
0.152424772624271 0.212929797681909 -0.0559925230539673 -0.155191333884373
0.14078631230764 0.232969168840081 -0.0421863910890412 -0.149220891221836
0.00106896461256069 0.310681557993372 0.00204888868699086 -0.142723919594084
-0.202526417676304 0.262389487683858 0.047491549053654 -0.0734652993287975
-0.36062085137918 0.0916362474780014 -0.0334196747896295 -0.0144651114014619
-0.267462045486142 -0.287404365589283 -0.0844252110587245 -0.114336308176336
0.0889409169075947 -0.414342865642865 0.00965368656761372 -0.24206427781592
0.281532709469244 -0.283165167954904 0.248651676210198 -0.23268508061975
0.27734009367633 -0.261527460460779 -0.0260396059844423 -0.142859607219844
0.0788409342390448 -0.399584203956096 -0.00100213051679454 -0.0326759083361996
-0.202259596880955 -0.275015168005899 0.0528807791312294 -0.0870457453511253
-0.343773908846879 0.0470640744245014 -0.00433136121788994 -0.0679297694640581
-0.222778806799729 0.248916214750279 -0.0091392197766108 -0.0621727190258711
-0.0457673614044398 0.316019438426757 -0.00528101643444867 -0.0498997195425989
0.124008972944496 0.283040801326279 0.00986300312869987 -0.054910080983721
0.164890274578193 0.259155084642022 0.00194645628768886 -0.0656092379651843
0.150043855578353 0.274900836918607 0.0087323195976171 -0.0511610962566516
-0.00303128835496621 0.363227428291396 0.0150096710220096 -0.0439639738576072
-0.230800142038897 0.311040004527718 0.0179883664712767 -0.000151167252720682
-0.411077293979682 0.128619861288383 -0.0653328141017114 0.0150804419622252
-0.335356209973646 -0.304421171845778 -0.114422518982846 -0.0812596230255354
0.0538691778146522 -0.488990254598076 -0.022281930969313 -0.156118120706546
0.299883325343222 -0.36981946523859 0.138934292744693 -0.118100770364086
0.279309780097842 -0.301936791224551 -0.146057518899938 -0.033799991715026
0.0513611535803444 -0.447568925402361 -0.0186391991137524 0.0767065139990991
-0.242565593908736 -0.292928091494657 0.060891973478226 -0.0653460698809139
-0.370395593150371 0.0555126223208256 -0.0303425978180829 -0.0733081973601864
-0.234804317235892 0.260478482566891 -0.0675144713259141 -0.0165483453104844
-0.0518186186491661 0.329677950025771 -0.0213836008919135 0.0573988620181795
0.117618590997841 0.296509346286767 0.0488056144499687 0.061732200918942
0.153618684378788 0.266497396514233 0.0593584735218503 0.0345691731975246
0.135130674126618 0.274964015872429 0.0599341700049907 0.0523071098997825
-0.0111978305396745 0.352563270165661 0.0326896953868093 0.0610069385618234
-0.222215582593514 0.299101787099833 -0.00706374931083264 0.0785664792612194
-0.382875359268252 0.130660678609303 -0.0881209421528733 0.0481412397009648
-0.328830699815191 -0.266752320177722 -0.127152272343892 -0.038164870630826
0.0243020566700164 -0.467400090422354 -0.0394723122866204 -0.0584674652322344
0.268660541810456 -0.386193919105075 0.0320909834665782 0.0112346533342446
0.230784660061142 -0.298695299202415 -0.266170541987556 0.0918831380526952
0.0148306868913617 -0.414879349372519 -0.040494339228868 0.194895462658997
-0.237701347184385 -0.249882170733306 0.0587847161143379 -0.0241000465787325
-0.320019497113084 0.0531774451101544 -0.0542201788497259 -0.0621803070688493
-0.20155252603438 0.22346300362866 -0.11680689758454 0.0373686661811181
-0.0468848248283232 0.283791660081334 -0.0338413457519006 0.163042519737434
0.0944005931812694 0.260852400073705 0.0808405738363172 0.171082408739107
0.118495811342117 0.232171284869145 0.108761394388347 0.129829891313388
0.0963163062879122 0.234177393472778 0.101340350794555 0.145197944811546
-0.0238277828867115 0.28703724504402 0.0456983461024189 0.151825758332485
-0.183947998773485 0.227687775975878 -0.0292382755452339 0.140110208922185
-0.285387487965291 0.0925858054297009 -0.0985673246218432 0.0682223265138261
-0.245681043850699 -0.191378631960222 -0.123659912798021 -0.00171561001031189
0.00714271585100456 -0.362032278687896 -0.0438025217517422 0.0237944796029891
0.196439129128365 -0.336354991782733 -0.0551368368042603 0.128238414888604
0.14088189923078 -0.241531843801052 -0.361714702176365 0.211163468895701
-0.0234214739514931 -0.297077621783377 -0.0585115108765104 0.294167879368464
-0.177953555020703 -0.153956557500453 0.0511775139918721 0.0270641585311326
-0.20154361805302 0.0413140177675401 -0.0628869682000378 -0.039378379635551
-0.129601145928032 0.141864188490097 -0.143289427986102 0.0834051154195575
-0.0336408073318783 0.186357185044513 -0.038613622023484 0.240169931237702
0.0557825302931034 0.181545292863402 0.102843521655399 0.253589141947674
0.0645625457187615 0.162316285319743 0.142778286848605 0.204699260893737
0.0426705433183999 0.161679678622436 0.125286780746231 0.214262519326907
-0.0351036136858618 0.182243084292132 0.0470962186539374 0.213400920671067
-0.12227739702576 0.124088568098243 -0.0503051278401301 0.172209147608493
-0.154748285859915 0.0377454384402119 -0.0979243535229925 0.0691250080070889
-0.130671373554705 -0.0984259316570857 -0.106437992056492 0.0191945142280901
-0.0060418191537007 -0.213144088915618 -0.0396090516182592 0.0752130578093613
0.102231118906221 -0.239977193783853 -0.111780675832978 0.21125137740876
0.0264907770813237 -0.138646640427119 -0.412612130423117 0.302019002028932
-0.0523389479782725 -0.125531827833553 -0.0662932914509781 0.358837333737541
-0.0844428881828169 -0.029604345630992 0.0480956432795047 0.0780210413580297
-0.0494097279641721 0.0185321427507716 -0.0497415146265752 -0.0164544321503183
-0.0398153643832815 0.0352703284740619 -0.14372240416752 0.106553860134149
-0.019918541289796 0.0591263831303733 -0.0363880397468669 0.274778355311885
0.00384817524446852 0.0737372814355903 0.11021184161691 0.29493704762313
-4.03413353089969E-05 0.0687734155377684 0.156030701383602 0.247802966813983
-0.013310046332067 0.0681486918925577 0.12676214368824 0.251976384256024
-0.0363215229809677 0.0619074749882504 0.0355640353928587 0.242244598759155
-0.0476236434450013 0.0204208118346629 -0.0695292698118347 0.176036806140481
-0.0239754376298771 -0.00568100624388302 -0.0881249240082795 0.0566105207992728
-0.029685352524293 -0.000536719825165006 -0.0814007265517522 0.0292242327654128
-0.0298182680791611 -0.0617014281411992 -0.0338698402624942 0.0988246658583627
-0.00143310976342032 -0.125554294566298 -0.139789990488609 0.25401998117671
0.0819521473764325 -0.00178590917847194 0.162133912405293 -0.27129062035499
0.057381895764422 -0.0766437075324637 -0.00377719477409002 -0.158287813540945
-0.0419524838548114 -0.0700550406753691 0.0332954889256782 -0.0420255182505635
-0.0863284153663972 0.0299674818082706 0.0614904703422861 -0.0284723279061673
-0.0308278388919509 0.069008893233966 0.0920360097675651 -0.131221614976266
0.015101427549919 0.0633795763903334 0.00102229661919839 -0.242461904351453
0.0522259187461685 0.0357245662320029 -0.0994143686270142 -0.264910338045487
0.065310653477735 0.0328291618870177 -0.136041153699131 -0.251420346569836
0.0607313127218978 0.0455014745170784 -0.102816525668401 -0.266894596826429
0.0151577456334201 0.0756089669180243 0.00089043632171991 -0.254288820918429
-0.0498643587115946 0.0725834046104426 0.105028212977445 -0.148462129113975
-0.101457456552164 0.0112007367479956 0.0405181568735839 -0.025217618463415
-0.0365716902438984 -0.104852021630506 -0.0114342937264021 -0.10623248237658
0.0912885451916095 -0.0757433619334422 0.0680877342575056 -0.293742577916343
0.0998147286686489 0.0164571787855552 0.395119479987434 -0.320141630357331
0.166099360594293 -0.0951783007647576 0.135266771949626 -0.256469206604397
0.0764918543978088 -0.189902262409887 0.00553583746451867 -0.146611372271746
-0.0895477284836741 -0.143571661000405 0.0304198661410866 -0.0683729771389369
-0.178358706998509 0.0360906397548607 0.0365247332487598 -0.0317723550836798
-0.102525532238732 0.138702110558748 0.0749189479699201 -0.109323225072195
-0.00435153257406098 0.165657355214177 0.0114315092373519 -0.20241269771527
0.0893778149479847 0.136911413990682 -0.0662562200638828 -0.227411054656156
0.115803774041533 0.130945306130008 -0.10265874921135 -0.218742874671828
0.105782434149662 0.15010041707623 -0.0786095462003972 -0.224754106132083
0.00507373932864904 0.206570550453465 -0.00159427688405967 -0.215011188197367
-0.138028376637749 0.174248400371551 0.0790555280189389 -0.124393450854811
-0.243793257616271 0.0447026955610251 0.00543442517949208 -0.0272743430649135
-0.151181103039368 -0.216345310493048 -0.0442580753114273 -0.12076463344283
0.107187640574738 -0.261075798576356 0.0429488310410714 -0.283382404913856
0.21284544082372 -0.136980377040625 0.3382208869909 -0.297197313340433
0.237474236429716 -0.181457559255912 0.0725815821800879 -0.212539338367883
0.0878011410051838 -0.298376619717043 0.0082709499678436 -0.107171036018971
-0.139277172183462 -0.215929730923397 0.0371253688053156 -0.0877619007615668
-0.264572364322627 0.0370266554180726 0.0141336577481205 -0.0473931436265281
-0.170541783894485 0.197777006295 0.0382478610836818 -0.0874054362111268
-0.028094234619814 0.252215394722299 0.00909869611491448 -0.136364772171566
0.112257151486582 0.222385406021494 -0.0278923827898753 -0.154624116145425
0.149281265326246 0.208798124582941 -0.0540578719197417 -0.153438409515213
0.137224130099417 0.228701196144992 -0.0390614961737631 -0.14871246012575
0.000421044791096177 0.305582052815273 0.00197968485997792 -0.140642838160915
-0.200235142982315 0.259506061144528 0.0484095960789814 -0.0743465810458381
-0.35278560763895 0.0878490805539913 -0.0311794862624612 -0.0127905169882725
-0.260208592870862 -0.286086782542367 -0.0812052275301104 -0.110068103790835
0.0926965484572727 -0.409002438103205 0.00858310523171479 -0.234004012604297
0.282172431739301 -0.270818346253819 0.247351879484095 -0.225902144503747
0.279421642839506 -0.251329183359883 -0.0253393074395762 -0.136045779121586
0.0803141653195636 -0.391991685212323 -0.000420682425385245 -0.0319539694445165
-0.194087600367314 -0.273781055831453 0.048460503949698 -0.0896000878757335
-0.335669231681985 0.0432687718459469 -0.00839091108170169 -0.0646627058091448
-0.219412565921533 0.243277853924664 -0.0131332428717563 -0.0569859154952324
-0.0455900509187797 0.310527516249832 -0.00388026221915298 -0.0466618775785744
0.120247148150144 0.278086255191009 0.0115946977681438 -0.0547933900132403
0.161678351210231 0.254982170858131 0.00277823992209314 -0.0643809103825994
0.146822740623051 0.270398057567256 0.00985379684591465 -0.052022252430688
-0.00369840033964155 0.356584334215451 0.013930458783912 -0.0434462437780864
-0.2278404269499 0.30707366480851 0.0192381461024675 -0.00281554809078945
-0.401883788005785 0.123793696398157 -0.0632111037887412 0.0154819176980654
-0.32654432743525 -0.302256830715096 -0.109604733959673 -0.0769225452143048
0.0594646470386921 -0.481649280587419 -0.0226041375691831 -0.149665663738744
0.301616239344618 -0.35465621370163 0.137039699533492 -0.116376165393423
0.281498776011652 -0.291308897179962 -0.145717607949408 -0.0311366588857519
0.0550323996932202 -0.438346394557709 -0.0187500114987443 0.0754956476657006
-0.232995440287234 -0.292497686442714 0.055872837029699 -0.0677792042815177
-0.361182514141281 0.0503406147624768 -0.0340431399191642 -0.0714938627091015
-0.232355389218324 0.253748039966542 -0.072027552417887 -0.0127570415418518
-0.0533188490845549 0.322788114223363 -0.0209891120725832 0.0589184098937547
0.113333844485169 0.291509703237273 0.0497568065529143 0.0594542711885643
0.150497949870853 0.2618977828274 0.0579646180973417 0.034710892260267
0.131023706784886 0.26990932136877 0.0595460091714038 0.0497213010511992
-0.0123592315065189 0.347068169132529 0.0311938875805227 0.0594147192785892
-0.220363755804323 0.295019073668943 -0.00579378623537261 0.0741239946973215
-0.37545805289269 0.124461838057473 -0.0852211757582331 0.0466413993143875
-0.317912616141166 -0.266022993192599 -0.122768340300219 -0.0342700566588191
0.0309351793375513 -0.459621251056801 -0.0409233293843293 -0.0546914234829516
0.269939688621908 -0.371338150984404 0.0305072863095276 0.00895655250053245
0.233230081964209 -0.287778543696336 -0.26547959518231 0.0897037794513124
0.0188501784042978 -0.406657794229434 -0.0411068151539975 0.190805384723507
-0.227515553021497 -0.249729620807453 0.0544274176436734 -0.0274728856876475
-0.313536020660334 0.0490531208093302 -0.0570665403959515 -0.061715722723853
-0.200059165367096 0.217159584917865 -0.120963763394761 0.0392112412351045
-0.048652000945289 0.277556036461617 -0.0338202597352533 0.161434256635098
0.09077169915346 0.256258542259374 0.0812891038732562 0.166917313485094
0.115305731634733 0.228321109576524 0.106037792411781 0.128609425453683
0.0923707102040194 0.230183732595376 0.0996163242161573 0.141485849844729
-0.0255512197026303 0.282271281574283 0.0438951289586163 0.148555022586255
-0.181143584613803 0.22404639606539 -0.0281778415458903 0.135119632937084
-0.279120826437253 0.0875687417541283 -0.0964706074502023 0.0660691080469917
-0.236227374124821 -0.190715317360307 -0.119582497519605 0.00120188788220414
0.0135476717721115 -0.355638338338419 -0.0446846992824661 0.0250261796713487
0.198932242925414 -0.323805677283555 -0.0559227551946645 0.121631295439491
0.143356205425382 -0.232577983602715 -0.359606168891134 0.204078725024741
-0.0197752378378066 -0.291069379979518 -0.0597958619449725 0.287054765791192
-0.171157131115969 -0.152965070936822 0.0474354016457185 0.023392015579358
-0.197803302565583 0.037522532707331 -0.06511780331522 -0.0403246877508775
-0.129236947366487 0.137531878907229 -0.14729863614474 0.0831693801567382
-0.0357423022731048 0.181897850848287 -0.0386977392143971 0.236736619400145
0.0523740698374592 0.178140018969503 0.101804178110351 0.248114115066147
0.0626204507465328 0.159524876800389 0.138581320940326 0.202567168898066
0.0408706753135928 0.15976428857564 0.121777231281875 0.209610638086869
-0.0362630747482439 0.179396537251225 0.0453842696862033 0.208506631048547
-0.121290289967852 0.121240710919085 -0.0490685222139306 0.166882377081682
-0.150211032116387 0.0338431629567184 -0.095234912190179 0.0665199577874235
-0.124084426901267 -0.0976067101592738 -0.102194975084898 0.0214879586255857
-0.00245635754339165 -0.208109486045031 -0.0398847096812994 0.0745710391727042
0.1032711066032 -0.23109379372753 -0.112254857303105 0.202020933665516
0.0278497019472337 -0.13336890931199 -0.412454422688331 0.290296823853553
-0.0505211556677071 -0.122261835797481 -0.0675466342287914 0.348547427486772
-0.0811760233763303 -0.029577495061182 0.0453991505728814 0.0738232441166028
-0.0491371631722415 0.0166874691946813 -0.0521303649830792 -0.0186921007688906
-0.0406630246515773 0.0337417277060515 -0.146732749466928 0.104735658710523
-0.0210851581274675 0.0569934477442749 -0.0373472827687566 0.270508868852153
0.00204431991762961 0.0714856991191686 0.10756236774142 0.28896241146052
-0.000875326498544398 0.0680810107493479 0.15093414471802 0.244886920746542
-0.0140005937681441 0.068054349745208 0.123628252460421 0.247208345898299
-0.0364343470413827 0.0610379575946171 0.0350593391106379 0.235746080861079
-0.0473762139838512 0.0180480595266202 -0.0675683779681885 0.170599658493765
-0.0224493841323116 -0.00857300815711947 -0.0841179140663512 0.0537037754067341
-0.0250822681414861 -0.000469427046232758 -0.0778100892906312 0.0305560224002355
-0.0279024630658657 -0.0594529634974642 -0.0345835210599547 0.097451163184106
-0.00119951129260399 -0.121467136348593 -0.139496106493007 0.243673297567071
0.0830255057373448 -0.00240846745838569 0.167859157088474 -0.26779110578659
0.0570687172396986 -0.0781675534574059 -0.00176965309992973 -0.15895983539668
-0.0417417725901046 -0.0703039590430859 0.0310153614086243 -0.0436101307308487
-0.0854165154762888 0.0311214967258806 0.0595198739236405 -0.0252202955872412
-0.0301365777017149 0.0704394776716988 0.0926792443065307 -0.128001810357135
0.0164005097068416 0.064764572153924 0.00221005903252598 -0.241092219025789
0.0534046007672242 0.0359214343280851 -0.0980211853585063 -0.265349311692502
0.0653820130643562 0.032426171865087 -0.134315230616927 -0.253861736176657
0.0616252800273324 0.0447941037599985 -0.10026024417164 -0.270901385447866
0.0150651417104631 0.0764850484745603 0.00343959653148772 -0.256016339064947
-0.0505470030627707 0.0740619821797288 0.108327096290738 -0.149259266551533
-0.102217512966894 0.0119180840119918 0.0435667931475144 -0.0240095652132149
-0.0368330353964343 -0.105860322891469 -0.00885912457721556 -0.105258944597217
0.0924912870873112 -0.0765534422685596 0.0710219242091115 -0.290037664985123
0.102194165018993 0.0181438676667996 0.401161138941787 -0.312768188038229
0.170725337432641 -0.0941311833772209 0.140579807671784 -0.252088634568277
0.0781903728143052 -0.190981960915904 0.00716677791091909 -0.14635155435956
-0.0872702645491985 -0.145584992820401 0.0273088857981515 -0.0708193101128507
-0.176840524706818 0.0349234859792123 0.0342450712618318 -0.0281550001420742
-0.102891614666572 0.139288598087976 0.0748032650301295 -0.105498824079936
-0.00402969317392275 0.166805783184713 0.0131278792384112 -0.200494216277541
0.0895203115654902 0.138045924661094 -0.0636795673848848 -0.228059898508911
0.115782173427589 0.131277098068357 -0.101503644742925 -0.221015154072989
0.10571019357128 0.150126595365255 -0.0767753054866841 -0.228280689456877
0.00400986051402764 0.207539552524235 -0.000390020269221282 -0.216758130445248
-0.139618028082081 0.175855018962987 0.0819030499013206 -0.126025038701064
-0.244351919230123 0.0434548753878971 0.00759333712834646 -0.0256769599533346
-0.149209135314971 -0.219669944982701 -0.0418655095111653 -0.11926687297384
0.111711656900679 -0.262927016033995 0.0453994880842712 -0.280171306714165
0.218383301452078 -0.131960342176176 0.343686156400402 -0.291939190214594
0.244132718963417 -0.177997614194113 0.075396389994439 -0.208325429838101
0.091697489264252 -0.299478651243325 0.00943299127546453 -0.106730342958794
-0.135035871343232 -0.21912511232106 0.0333442121442601 -0.0905323485435736
-0.263973488368595 0.0347619962314488 0.0118928971266237 -0.0446836924674268
-0.171886935210567 0.197031595898639 0.0366691941772773 -0.0835071649942425
-0.0290503288518426 0.253904450235155 0.0111472381430668 -0.134456104097332
0.111279133236559 0.224087283820792 -0.0255719317137686 -0.15624433982601
0.148610651936712 0.210695313379343 -0.052478164700176 -0.155017384350098
0.135961222438576 0.229826651570044 -0.0372660126657856 -0.152009366818588
-0.0023536846586758 0.307622211591691 0.00228245525124995 -0.141405071799611
-0.203377509955836 0.260080905929467 0.0502373159463951 -0.0767710536703921
-0.352703285786735 0.0846807796206784 -0.0298706311793247 -0.01198816781408
-0.256243566736261 -0.292655481226145 -0.0786840251596495 -0.108336263946051
0.100439752704206 -0.411570724951134 0.00961850507040748 -0.230705549734215
0.291703906331586 -0.264630590757273 0.249812480713864 -0.223532233514342
0.289551445114897 -0.247039443725627 -0.0248766331789834 -0.132814368203096
0.0858325718286076 -0.393429516713598 0.000115327547611928 -0.0310625852724031
-0.188515262935764 -0.278093329160477 0.0444513677288549 -0.0923881156062691
-0.335930413339897 0.0391022872710614 -0.0111035307614751 -0.0622859388438526
-0.222510173771068 0.241485079108019 -0.0171423292984257 -0.0527645307547148
-0.047948642723577 0.311614632331151 -0.00251995020778482 -0.0448579707808834
0.119145024872328 0.279399319594771 0.0142598240519678 -0.0562679619653079
0.160085732657379 0.256367186737095 0.00311890363412392 -0.0654833635267979
0.145420176100852 0.271610722669756 0.0106101073320406 -0.054659422542061
-0.00634405670205688 0.358409539115823 0.0136985099312839 -0.0435747985611959
-0.231879479975388 0.308161944278321 0.0199711052445312 -0.00577902144907332
-0.403934986388889 0.119860571976469 -0.0622999075661931 0.0152607534809055
-0.322128921510178 -0.30821732640946 -0.107451017494093 -0.0748648806514062
0.067346081660522 -0.484596489274339 -0.0231186775408226 -0.147212986087173
0.312261789202837 -0.346203085033517 0.13762010285419 -0.116068618107288
0.292381392629873 -0.2866062484357 -0.147725965394902 -0.0296917072254026
0.0617521528195622 -0.439483596382644 -0.0191157759311451 0.0757251031813861
-0.226249597882301 -0.298220660660472 0.0521887482995272 -0.071740518759838
-0.361694751677859 0.0433300293064563 -0.0373033007687908 -0.0696870125632871
-0.236229406613263 0.252263650466294 -0.0771274016934196 -0.00895068245047639
-0.0563832134493703 0.324215942382194 -0.0211081353105778 0.0609471522578735
0.111220468709956 0.293110020332675 0.0516140898824086 0.0572337670229396
0.148609449664053 0.262704596380584 0.0583188148491714 0.035223440137279
0.129342891842339 0.271528689763862 0.0595025736651475 0.0483147545108502
-0.0153211628895532 0.348895828712808 0.0298115793415111 0.0596100961206498
-0.223614386504217 0.295542995319008 -0.00589552380892567 0.071898160379706
-0.375233926554434 0.120458124450156 -0.0854600728814895 0.0466628114174672
-0.314033887706936 -0.270456279667202 -0.120451522322641 -0.0320684875143458
0.0375616574712847 -0.461508565898962 -0.0423260625444619 -0.0522152504256689
0.279502178100181 -0.364230510362363 0.0294183158007624 0.00654348319117973
0.242163754265643 -0.282940865442752 -0.270368070097349 0.0893473122241924
0.024000154410442 -0.40625375958548 -0.0423617365471294 0.191306941549808
-0.222774852802302 -0.254709721951077 0.0505666976903414 -0.03068876442086
-0.313823219717925 0.0434709561583695 -0.0608936771184322 -0.0616911598160779
-0.20425793081978 0.215301957102077 -0.127935359199544 0.0422797184211947
-0.0528449898455544 0.278322151268216 -0.0349420338423057 0.163660421370281
0.0879223743008476 0.257095350755341 0.0817649797055873 0.165721705361507
0.113851150663175 0.229590301884944 0.105072871097842 0.130302842409171
0.0909279422033314 0.231730630160987 0.0987324882810906 0.141250303477416
-0.0282055975804854 0.28381886670218 0.0426775881534918 0.148652144458802
-0.18422847914825 0.224296606137182 -0.0284194053007667 0.13226570850561
-0.278477830823938 0.0829506551316185 -0.0961559703387335 0.0652494528009849
-0.232649035047659 -0.194922714151124 -0.117564611524496 0.0033519236456788
0.0191874690268486 -0.357554866955575 -0.0465364282929643 0.0276844334273616
0.205638911608378 -0.31678554416976 -0.0586402693390448 0.117563542639135
0.148948916968008 -0.228216616667925 -0.36810190468354 0.201793647612397
-0.0161592838106109 -0.290895695859921 -0.0624602541902935 0.286184405123376
-0.167088207636327 -0.155784240774707 0.0442331094540735 0.0204867027401021
-0.198504534693962 0.0336228591737735 -0.0684679911526727 -0.0423252441238375
-0.132414106675259 0.135833548031896 -0.154221476263329 0.0850681994979164
-0.0391962262315968 0.181778261623761 -0.0413542264035361 0.238703731119975
0.0501432417846749 0.178997035472927 0.101795745186731 0.247452772676676
0.061062916905983 0.160578994637042 0.137931080784247 0.20453128063512
0.039021072250151 0.160828433548004 0.120623201369976 0.209950618781379
-0.0379900640662373 0.180207481709083 0.0445101504328516 0.208362068271534
-0.123299243944372 0.120379761415793 -0.0494017222656271 0.164479035991919
-0.149695466323304 0.0295526179207612 -0.0941664091509098 0.0642399222123916
-0.119899887710284 -0.0998224695192381 -0.101061387209048 0.0229447664931571
0.00142327785017885 -0.208463618474044 -0.0414304864647694 0.0768393693435267
0.106827722235087 -0.226755545378851 -0.115877801698058 0.197033237576412
0.0302464931485322 -0.131312612853478 -0.420248125189233 0.286342302874094
-0.0485782150859386 -0.121620764128809 -0.0707410841690696 0.346901712812173
-0.0797240657166036 -0.0304054574886604 0.0429186219949309 0.0720196308509171
-0.0496536131580135 0.0148256628615553 -0.0553832824641758 -0.0209911207063091
-0.0417975432451321 0.0330148845553854 -0.152236386794882 0.105370219999829
-0.0235735036494142 0.0568018611957182 -0.041253672440778 0.272068170373896
0.000724296420769141 0.0722570226764943 0.106976847301591 0.289544688453658
-0.00181329024065113 0.0686515125146613 0.149602153715826 0.247277536547176
-0.015216839282623 0.0690061247838411 0.121786685267856 0.248393410157838
-0.0375656114747669 0.0610944936970863 0.0342811038895059 0.236188249762184
-0.0491527233545622 0.0158713413510144 -0.0674924509956875 0.168792017249542
-0.0223394312236809 -0.0117583196022706 -0.0832138841434472 0.0515655885254732
-0.0215600539644482 -0.000921593642321025 -0.0763086662921875 0.0327608837375135
-0.0262149037313327 -0.0584249267081995 -0.0354526634383586 0.0987807987488098
-0.00103455657747906 -0.119665066812565 -0.14284929970333 0.238890248065639
0.0680353296310908 -0.0522813727100809 -0.0242135326229608 -0.324371632604291
-0.000950468663519376 -0.0963911398623566 -0.0991696176340271 -0.132651068405178
-0.0748171844420816 -0.0335983194539308 -0.00780318268620706 -0.0545183492858233
-0.04902438961989 0.0732456569226242 0.0328074420893776 -0.0499177083140307
0.0176070990610097 0.0737133106831679 -0.000529718472543391 -0.156403721732207
0.0527370438909967 0.0426309976331185 -0.143183282719015 -0.193774896359982
0.0643539037360494 -0.002538849062101 -0.243084682672372 -0.156767380775237
0.0724192494291294 -0.0149949580206205 -0.265091225578947 -0.125295299131016
0.0767663588658308 -0.00319892894946718 -0.250825808889536 -0.159977077208695
0.0591475596961625 0.0528318479786891 -0.154740263389996 -0.21410102996184
0.00581092292749302 0.0929876903662287 -0.00236967689305806 -0.19069935734856
-0.0777970598797164 0.073260148862645 0.0245364854920454 -0.0463420089759224
-0.101834808580521 -0.0677158417198431 -0.0703988588743309 -0.0786489316349955
0.0257399309242437 -0.128092123150859 -0.12202487455423 -0.276178760956317
0.104643744521574 -0.0564398521872094 0.13444361551323 -0.507954559869518
0.0920823077095139 -0.178951779555588 -0.0435322261712002 -0.299299661456401
-0.0472590135014969 -0.199284897885961 -0.0861718506470937 -0.131769098915721
-0.15624127027351 -0.0697657376275184 -0.0318682127285364 -0.0733956589070589
-0.120812545887989 0.127731498761263 0.00814649962355953 -0.0324065621826367
-0.00167948396795854 0.172366148627739 -0.00104631926476977 -0.123811286271061
0.0969244732315492 0.137822732399298 -0.108437945075503 -0.16474115698842
0.154231590969424 0.0573827945599451 -0.191166804330099 -0.147078033840299
0.174067429101704 0.0356603814826235 -0.218534001432592 -0.118824588590256
0.178636081486882 0.0565713234566173 -0.206480998048461 -0.13994175499408
0.131546925038113 0.168634329278756 -0.134885174653266 -0.178329259877296
-0.00528005241924834 0.23306085102784 -0.00862855335416213 -0.155152476312923
-0.177225771259319 0.185786310866878 -0.00450480130138051 -0.0260378510430082
-0.269557401882514 -0.0946879783153907 -0.1037713435642 -0.0681475035070341
-0.0753799673572127 -0.297340118715582 -0.130955890745032 -0.250823170391193
0.109417368848523 -0.256737345151984 0.101257238340685 -0.445677682696181
0.108730880126732 -0.290727908428146 -0.0759391446020313 -0.227328554521396
-0.0967701029625774 -0.29492007084326 -0.0630392632429061 -0.103796190861453
-0.237623451835242 -0.104152918198547 -0.0434153362948148 -0.0935410363271664
-0.192097379172128 0.175858918186656 -0.0229289146906696 -0.0284430024100337
-0.0248812258756287 0.259995646816959 -0.0181152206761351 -0.0795182870907764
0.127926473406531 0.22312784104211 -0.069504402585589 -0.108018448656373
0.223438373434689 0.113722374310831 -0.112906592366213 -0.113158674171908
0.249877294825807 0.0803700276271446 -0.138980241614349 -0.0938720337431228
0.252678622154695 0.104749675860158 -0.128365052233011 -0.10150619836758
0.18887882371473 0.255416990833189 -0.0869387155155652 -0.118122016597648
-0.00550461886931967 0.343915279112403 -0.00311123336369075 -0.0962110574393732
-0.244004490736674 0.28640031571605 -0.0255992817339271 0.00721452034423626
-0.406393221010061 -0.0885906518788834 -0.124399882620676 -0.0358242138973988
-0.178964513481038 -0.414111173491665 -0.124703404830242 -0.189045069087072
0.0871289985234569 -0.414570303982952 0.0700450671259211 -0.323458540135814
0.107738700835193 -0.373531923376162 -0.117794051882098 -0.107503261275919
-0.151870438768009 -0.368843592531542 -0.0274867877877363 -0.0392025455028998
-0.316388685892325 -0.123003423390837 -0.0397634876615253 -0.100544833208103
-0.249981453503576 0.219317227684526 -0.0552024409920167 -0.0266213132663044
-0.0408455174995759 0.325332671762582 -0.0433285991929877 -0.0197767025794886
0.146503964948279 0.282857280114669 -0.0252728928717239 -0.024379731961595
0.262981147282893 0.153795674723041 -0.0177020292002954 -0.0558845745530706
0.287393848535994 0.111706485672435 -0.0384593677845458 -0.0548306894661161
0.287002900460772 0.134427189312195 -0.0291608310904343 -0.0517656166625069
0.217294377197142 0.300157969775358 -0.0179496138561634 -0.0445475002793034
0.00186400460638113 0.402758388778775 0.0160919851235522 -0.0199543737228374
-0.265648906349133 0.345400962596529 -0.0351327411693408 0.0495821321353495
-0.473160018191584 -0.0611477152748385 -0.125671463877342 0.00924049806580037
-0.251149149674166 -0.454765710729882 -0.0967628098817105 -0.100928126501266
0.0515622466415482 -0.494645753670506 0.0453113744090999 -0.162236462752552
0.0894806605486186 -0.406020845144926 -0.158666401767214 0.0516813740456876
-0.196704832459218 -0.391214014487871 0.019539263606535 0.0589046180872164
-0.356795154604372 -0.117331763513013 -0.0225990920197413 -0.0867166234355278
-0.268884082446269 0.23831724923777 -0.0823866440749942 -0.0158572935634886
-0.0468405244375905 0.343623707291236 -0.0661453750310789 0.0529128651755801
0.145919036569761 0.297823932316744 0.0247906023480714 0.0731130974369198
0.265368877386733 0.169066356358156 0.0835546340069309 0.0141338777428549
0.282401890989932 0.124398132141504 0.0681386346986372 -0.00672657027796493
0.274908493349644 0.144377752063548 0.0740674490306212 0.00192934484504275
0.205542111106682 0.297843935795619 0.059261019668367 0.0306432591971336
0.000133736689518915 0.386733053915487 0.0428181108546763 0.0583317170954752
-0.239821671257376 0.328977968027566 -0.0362696366696569 0.0882205066033492
-0.441332349630551 -0.034144191791491 -0.109630047388916 0.0525130965333938
-0.260245589140754 -0.415731230574349 -0.0524554419480659 -0.0116074142846878
0.0113905277252287 -0.485225036658883 0.0337960643509519 0.00664691871086804
0.048432424426711 -0.373384993418815 -0.1877618787915 0.225486564997731
-0.208145309242253 -0.341945457901258 0.0700204041302851 0.167998878764412
-0.327111078648706 -0.0833461666206583 0.00318857909364472 -0.0524008616282112
-0.230234992953823 0.210937597640775 -0.0961982602556802 0.00285850193874923
-0.0416453122431077 0.294522223638305 -0.0772312472400736 0.124031587557063
0.122150120917511 0.257603407423945 0.0746508159764434 0.163791087320132
0.225505025560844 0.154119559590742 0.174529623306562 0.0836781268029372
0.233694286993643 0.118290366769151 0.16500898094609 0.0420362493567426
0.218262171274349 0.136093533381987 0.163819516931438 0.0533472103329911
0.153747581947577 0.252045890016921 0.124723489273191 0.0955108875097066
-0.0134438744928419 0.301672050854073 0.061189756151185 0.122516214271843
-0.183198686784518 0.238383285262262 -0.0348006144298813 0.109901775199863
-0.321471628031386 -0.0205018619546067 -0.085765718889601 0.0786197081686362
-0.209313678103932 -0.312449241089169 -0.00815442627403181 0.0545916011257239
-0.024344237403839 -0.395985896217469 0.03161929224627 0.149549229465053
-0.000627243433421182 -0.273552058443702 -0.196030696695849 0.380074233244019
-0.173816124087407 -0.22451761339031 0.112640839608733 0.261595303885352
-0.225136411743317 -0.033018225011003 0.0350642236851731 -0.00640242176922912
-0.142557314940174 0.137975701892272 -0.088609800624967 0.0182335526989675
-0.0295134644875875 0.187980843791059 -0.074571800670192 0.171651969594651
0.0760949980287155 0.17175315719587 0.113931084670079 0.225773257355343
0.148041387066315 0.113843008649249 0.240004443666404 0.13885045891982
0.148678214422888 0.0945440017515709 0.237170466752461 0.0823521933252974
0.132710636416503 0.110097569456102 0.225503858623522 0.0956482573640653
0.0811896484757554 0.173447222657437 0.163220234801288 0.142768967649631
-0.0279007646392303 0.177529613094525 0.0629525250896553 0.161079548438553
-0.108352245419412 0.114839629909833 -0.0353293026323921 0.10843336460301
-0.164136676886931 -0.0105281069408578 -0.0621542535123371 0.0840852488349922
-0.128889328159411 -0.175210768017424 0.0223867461009672 0.0902380091132953
-0.052341091245311 -0.254269013663321 0.0327182542316603 0.244947676095254
-0.0477320590158334 -0.123001040609143 -0.182090003690505 0.487292624891834
-0.105458097235838 -0.0685834483336294 0.146167869443484 0.32059632542044
-0.0801432308335397 0.0211943812955432 0.0725046712185726 0.035499541415396
-0.0327525948879092 0.0397277442622914 -0.06232319614274 0.0199292620062811
-0.0155257778893251 0.0515064750929994 -0.0618195310449525 0.183178833641727
0.0143389352724821 0.0603226383037762 0.133247465484017 0.249049342897797
0.0438638363696033 0.0568911189700012 0.267798055888523 0.170836398638968
0.0411198430572686 0.0580419175671435 0.272443422891659 0.110131351176988
0.0321607293349239 0.0678914577112822 0.250777073559105 0.126361662696686
0.00737130070503322 0.0749856054962372 0.171649458984001 0.170800124326994
-0.0324531322668375 0.0447322852360463 0.0491306910451886 0.175552962787158
-0.0274432954204908 0.00280137045720923 -0.0352998098812038 0.091259427043369
-0.017110829753567 0.0110352270896637 -0.038056593221288 0.0748883811593129
-0.0565264764849336 -0.0305044008362083 0.0372852904665732 0.103264152433866
-0.0778186120707383 -0.0941191054143029 0.0351745340304658 0.288315078860353
0.0690176997609983 -0.0567619574875022 -0.0304436794368524 -0.333344804366265
-0.00562406735655339 -0.0995137580619296 -0.106712901557192 -0.134032594793411
-0.078926562101872 -0.032424188051102 -0.0134903362440621 -0.0547939657811331
-0.0462490612364312 0.0768281725596434 0.0320803675759135 -0.0487951769760228
0.0219465996994955 0.0743976433793784 -0.00387943962199639 -0.158687583153909
0.0576479979488951 0.0406149381123598 -0.152113041650413 -0.193939799751171
0.06640832714569 -0.00640312842876495 -0.25434498678893 -0.15222921166238
0.0738103100493835 -0.0189436098194482 -0.277386836969174 -0.121355723970052
0.0788816671855996 -0.0067480498048999 -0.26410776827682 -0.159049776785363
0.0637235454268118 0.0527226483723502 -0.166453359350433 -0.217537496824824
0.0107948088511782 0.0962540937071186 -0.00825240206954796 -0.199047884617363
-0.0767541520971989 0.0782578537104595 0.0270786870261939 -0.0487168772369071
-0.108334132913121 -0.0664557046942608 -0.0724011743095238 -0.0792041847055581
0.0213449273954673 -0.134094843931496 -0.131512985065952 -0.277500777309119
0.108909061407441 -0.0626758329189533 0.126888206885963 -0.525039632395323
0.0917211748979351 -0.189599173566549 -0.0492397205717911 -0.306594522036279
-0.0557224450912623 -0.204665612577185 -0.092802668444129 -0.133210492864696
-0.163006838432383 -0.0685724176612049 -0.0397475327801189 -0.0739290858023407
-0.119193042653575 0.134356652975969 0.0079152692037092 -0.0304881916185289
0.00451576650490167 0.176566860132848 -0.00278306947062113 -0.124392966717057
0.106145040854284 0.13788317955573 -0.114757472673081 -0.165940375868314
0.160791630687328 0.052747746105447 -0.200574685737447 -0.14589151506713
0.180615795779484 0.0297828267849615 -0.229698325810347 -0.115674323957974
0.185051291690581 0.0518141840199717 -0.218419708742587 -0.139531723286453
0.1413583654326 0.169778753514779 -0.144506743426614 -0.180225701681848
0.00313286261972159 0.241182274082547 -0.0140750798883441 -0.162703576200054
-0.176694826268514 0.195201477688994 -0.00268507261633736 -0.0271178510773692
-0.281706662256555 -0.0902610912977136 -0.106240986657492 -0.0672793946438236
-0.0864915855208953 -0.306624973132038 -0.139109769926019 -0.250916973969398
0.111199004712135 -0.269445158409253 0.0943503828232199 -0.460683004532131
0.107456815924509 -0.305846524896466 -0.0803718775479883 -0.230293816072289
-0.108527651215448 -0.302064706394445 -0.0666818575546373 -0.105623035976948
-0.248326128048978 -0.103442881712095 -0.0532612829368282 -0.093714181363506
-0.191500241427116 0.185248441552572 -0.0240877313093303 -0.0247246415907727
-0.0169813110111295 0.269578998540652 -0.0191120215513633 -0.077457057517674
0.140276335617948 0.226083261961547 -0.0717263026746918 -0.10839910390764
0.23410381816041 0.108529172792707 -0.120355183675101 -0.114529675712144
0.259365031663473 0.0736186477664404 -0.146206009516262 -0.0935585684379527
0.263268928468787 0.0983940018265449 -0.137106036109842 -0.101706919878174
0.203802103630072 0.257585281621203 -0.0933081098329451 -0.118620179389686
0.00618729389148014 0.355769610784222 -0.00723601587793111 -0.101688223270523
-0.242590423957451 0.301225213895972 -0.0240878896749161 0.00808394227270621
-0.422163790784804 -0.0812468281052116 -0.12622385610271 -0.0328784213955476
-0.195690068677745 -0.424856200475099 -0.131654748687395 -0.186874587521734
0.0872770028429464 -0.430735242609851 0.0622975967731614 -0.333625769652177
0.105785431354626 -0.390831734646674 -0.120133462205915 -0.104578046570976
-0.167685059677934 -0.377203915535706 -0.0273181145755977 -0.0397082061559652
-0.328897422107819 -0.122471492499415 -0.0499176995395521 -0.101349987704514
-0.250063097372843 0.231877571981528 -0.0572440278158369 -0.0215379962634018
-0.0326082562316289 0.338458627214023 -0.0439635261750482 -0.0143889999955549
0.16092462095333 0.287839370723565 -0.0241696396967597 -0.0236709600756791
0.275684278824489 0.149169533693089 -0.0203158977011308 -0.0597705673186005
0.299654839284342 0.104693061818491 -0.0410157447714254 -0.0556473004359383
0.299510937727912 0.128313616549673 -0.0338779381759233 -0.0538305738836706
0.234388265483001 0.30379413388223 -0.0197247374485833 -0.0444821378586523
0.0148755840886724 0.415377291867397 0.0140841931206162 -0.02343822500288
-0.263550235531315 0.362086966447256 -0.0331600566147726 0.051432604613794
-0.490639662264595 -0.053816073628588 -0.12575072099649 0.0143054333600831
-0.272135768193284 -0.465137433416519 -0.0999794369454113 -0.0963307880736653
0.0489778354711549 -0.512786629848857 0.0407164884519049 -0.168297905197965
0.0860600226447781 -0.424136236009045 -0.159057214707717 0.0604878361944648
-0.212882594214682 -0.398571097906369 0.0237454854889576 0.058992911349189
-0.370338590084204 -0.114829894157214 -0.0314322166332515 -0.0873564625399373
-0.270366421272269 0.250619698149106 -0.0859135902304943 -0.0107599819666742
-0.0383379817651678 0.355404148889662 -0.0662340358163618 0.0625107731053354
0.160549087319018 0.30414991319781 0.0296935173383594 0.0755851979733652
0.277997675985788 0.165522446674595 0.0852606614357835 0.00883087710243683
0.295327765019794 0.119020141870357 0.0704019625240082 -0.009373633166141
0.287488432648689 0.139692490903793 0.0749767448835375 -0.00125603776233753
0.221244314374169 0.301887063308268 0.0621761017716551 0.0299043071796885
0.0129334467110042 0.398296884407788 0.0436087858409343 0.0562774369986862
-0.23736694315895 0.344079833425803 -0.0339944941055283 0.0915810314416462
-0.455018312291406 -0.0263508213446368 -0.107185122363866 0.058538189207674
-0.280067253725178 -0.423131638863294 -0.0515277436425534 -0.00653669118878486
0.00679778275694575 -0.502117690049878 0.0318429575312154 0.00596896184332097
0.0456585887436944 -0.387784794102748 -0.186198414283613 0.240527798573623
-0.222970987426921 -0.348393164399916 0.0780674990831649 0.169969427611347
-0.33929805837931 -0.0810282743536002 -0.00332711257697835 -0.0526166194565791
-0.232553965384461 0.2223772490378 -0.100693302234454 0.00838631137049155
-0.0352997318798411 0.306265100617844 -0.0767545125561329 0.136720254611852
0.133859219166825 0.264049229247655 0.084123693274543 0.167636617774634
0.236703473296645 0.152176709238854 0.181603966600896 0.0777349502757435
0.244382936042394 0.114645783820131 0.171441934921025 0.0371877002018153
0.229600176474112 0.133308266024259 0.169745304754351 0.0491078184298452
0.167196525597703 0.256462301036105 0.132141534647187 0.0938279403253103
-0.00431325730295219 0.311933678267655 0.0651207976655525 0.121258752064707
-0.182286376921048 0.248997220958289 -0.032048744843456 0.113061538290998
-0.330408540001845 -0.0147755004709053 -0.082386996159619 0.0852950596892958
-0.224202714227974 -0.318878986066307 -0.00483979820702657 0.0601801974607349
-0.0298836418200973 -0.40660708106005 0.032056882401629 0.152166413901919
-0.00473550557460027 -0.282770077382165 -0.193128471458482 0.400630754908822
-0.184076125514786 -0.227252889628333 0.124230782064409 0.264201593336885
-0.230778020425295 -0.0303384860595874 0.0314572559073509 -0.00729005969406241
-0.144247089492982 0.145550386596873 -0.0926962551330429 0.0239117769027944
-0.0255857631315067 0.195554849317216 -0.073181586393832 0.18432833262233
0.083015659581928 0.176808815656367 0.125575559087835 0.230753254557185
0.155314305187931 0.112707069089132 0.250323634319284 0.13314761204702
0.156079916660705 0.0940052396607454 0.24713909060971 0.0769067644622042
0.140567348066929 0.109791885324124 0.234752317066104 0.0908425090530143
0.0895002730181801 0.176857374091012 0.172679510877552 0.141097655775509
-0.0246644851911561 0.184062091907814 0.0684877395106103 0.161649103886503
-0.109136378455549 0.118727183592778 -0.0332273922292671 0.11067413366505
-0.167418478571729 -0.00988949166060547 -0.0572637930362241 0.0893566874807363
-0.13592318385257 -0.177097874790089 0.0274575456104666 0.0944588916760585
-0.0562196015073775 -0.258030618173959 0.0355535378086437 0.248845428717852
-0.0509841720114925 -0.124800584768732 -0.176822650947841 0.509436123589035
-0.10931487420458 -0.0669084715639555 0.158128019063755 0.324301529033646
-0.0801699853254718 0.0231002410190538 0.0730136019381761 0.0345530496074935
-0.0334508513994624 0.0417889900780399 -0.066304135457229 0.0244698578663614
-0.0154238389413553 0.0547524995725889 -0.0603281665998343 0.194955451237513
0.0158037386315439 0.0629956086962753 0.145129444627036 0.254162748592057
0.0467167311862474 0.0579729461829463 0.280235114971465 0.166532776873057
0.0439404612921126 0.0598978598398675 0.284535819607694 0.104752841432262
0.0351793762185567 0.0705697535597411 0.262404232901026 0.122084950264635
0.0101222166799876 0.0775421913470326 0.181999601616809 0.169518627831609
-0.0340238174365086 0.0470038914498762 0.0556408333194882 0.177041447445249
-0.0302709401017945 0.0010070305377834 -0.0337235637986452 0.0920106486851815
-0.0150786922338598 0.00891288985700977 -0.0332327527427922 0.0789566822579192
-0.0577675621232882 -0.0300372811556068 0.0430090100807626 0.106330640398688
-0.0813488136939766 -0.0913020198186894 0.0395807901559595 0.293063547848049
0.0669388914287367 -0.0630253839800638 -0.0444447994810023 -0.337037105869937
-0.0131578959376357 -0.100219747153593 -0.115867020782713 -0.130287822160563
-0.0823689387794044 -0.0282727785824815 -0.0203797873529154 -0.0540403902368244
-0.0414466697494225 0.079854756778655 0.0305894629956759 -0.0476340272796023
0.0273577506916324 0.0730995352227944 -0.0107502649755871 -0.159160472955041
0.0615942586233093 0.0358491932010589 -0.162969851004577 -0.187305393640438
0.0672026585535045 -0.0117267667074966 -0.265211800301627 -0.139295027120266
0.0732062446580864 -0.0249236550977048 -0.288291356445112 -0.108788820167798
0.0793627164106036 -0.013180084140707 -0.278483711467287 -0.148311548625326
0.0684446972851505 0.0494982050288085 -0.181095447797865 -0.212378348518434
0.0182248931997228 0.0973416722958526 -0.0191241314476448 -0.203337323662922
-0.0727125800100582 0.0841245024973851 0.0284499283228316 -0.0512404327170816
-0.114250213821977 -0.0608848617135336 -0.0755884581630112 -0.0780289791989274
0.0137121908790701 -0.138538273488962 -0.144049489250523 -0.271710541711941
0.108919931784072 -0.0717056143342646 0.108076888988371 -0.536248051868618
0.0846271737821871 -0.199905466458333 -0.0608708426130673 -0.307672405877767
-0.0692427064937471 -0.205165947738915 -0.100495290489428 -0.130185071278725
-0.170145254723772 -0.0627053886197915 -0.0485329282187534 -0.070972438846363
-0.112178966663378 0.141731447718023 0.00743003995202595 -0.027951458947253
0.0153202049453358 0.178393542569316 -0.0078465455533215 -0.12357324702524
0.116457088743384 0.132748221095697 -0.12319479989928 -0.16178290675434
0.166207694341223 0.0429526166737826 -0.211665142059306 -0.137846731084138
0.183644342653806 0.0194040995006584 -0.238830238303933 -0.105973625188571
0.190146969191717 0.0407709642749467 -0.23123176330678 -0.130888491721635
0.15384108974576 0.164994055092406 -0.156592417870682 -0.175446589162425
0.0183261315253368 0.2449873779073 -0.0240658749254975 -0.166076444735158
-0.168417256133561 0.206568846428951 -0.000657195106895818 -0.0268201478745064
-0.291912046688831 -0.0786910788949861 -0.108781373700218 -0.0626877849736365
-0.103734606802717 -0.309582005936769 -0.151721422056045 -0.242795335570624
0.104229752759754 -0.282322655749388 0.075308850770721 -0.470824660101447
0.0964673928046658 -0.320448785296394 -0.0884681038454508 -0.228988675814642
-0.126936252373384 -0.301816431990763 -0.0717150953709648 -0.103467952148894
-0.257478659006294 -0.0945458221307004 -0.0638749158521758 -0.0902995996700383
-0.184969173364513 0.197177360544944 -0.0241073647216695 -0.0203846653637322
-0.00165966374134313 0.273441217219737 -0.0213750880897331 -0.0739243750477271
0.156404322315842 0.22136376880768 -0.0767003314663063 -0.106041354395653
0.243093462527373 0.0958257817552366 -0.128255683254348 -0.110975342979337
0.266956411775979 0.0589500153946905 -0.152881284135458 -0.0869639049464023
0.271320031260875 0.083611981424162 -0.147224815788182 -0.0966859401898428
0.221372343538581 0.250999653810319 -0.101169810820614 -0.115326356242375
0.0263792634813926 0.361703320430869 -0.014292669640321 -0.104829755400008
-0.230404590048788 0.316635631097043 -0.0213054155769672 0.00964176926085302
-0.434501087151055 -0.0635402973718931 -0.126089100175759 -0.0261414271824361
-0.220563611936802 -0.424879281178039 -0.140218925774371 -0.177483645211001
0.0737292814704274 -0.444653021920879 0.046626152403787 -0.34072633758002
0.0928988034173005 -0.406975777241478 -0.123131017710607 -0.0986252254142928
-0.188088494885829 -0.375931481684536 -0.0281830374621026 -0.0399844633199787
-0.339522983879193 -0.110655216699362 -0.0615904383679218 -0.0981997556731761
-0.242063341383314 0.245856531313862 -0.0586204682703777 -0.0157587375709393
-0.0150609109641789 0.344319155623013 -0.0438786529245869 -0.00726252233399043
0.180551432091624 0.283618960947415 -0.0232847169976335 -0.022749032437973
0.287940955853752 0.134724006303384 -0.0253736641082733 -0.062129506001951
0.310153605191928 0.088762849524939 -0.0440579998609922 -0.0545941732194735
0.309694865610786 0.113021903336592 -0.0392180570669736 -0.053273782684477
0.255499538047613 0.296654926763572 -0.0217470813785339 -0.0437776594851312
0.0378395849641242 0.421522444438345 0.0107888623766796 -0.0265133803586266
-0.248895442409692 0.379625320848421 -0.0294109219584978 0.0536517734615295
-0.501047557952741 -0.0314537125014729 -0.122633142048396 0.022145242959634
-0.300788230085509 -0.461566916741505 -0.10267931120152 -0.088042333801499
0.0321925509012139 -0.525484857232156 0.031246147523565 -0.170737838335818
0.0699572666790042 -0.438871624309147 -0.155183132398792 0.0716054387702217
-0.23612225269985 -0.396759927102061 0.0284226392291321 0.0571732045354468
-0.382311192371943 -0.102182634722494 -0.0421045879668471 -0.0850550636669881
-0.262795531436437 0.268562899741136 -0.0871271749322808 -0.00286627426132655
-0.0210885255771264 0.365171803750425 -0.0628203710730173 0.0725966392786123
0.180728433485618 0.301325834472911 0.0371611389092085 0.0756796042244551
0.290701576347552 0.151959460203207 0.0856152931011045 0.00120041247531901
0.305094132673127 0.10405292979636 0.0715672858180853 -0.0138787753965112
0.297504231885702 0.125070387746074 0.074341481021013 -0.00598441563981849
0.242027309636529 0.295551104879381 0.0657717585788262 0.0278847067282397
0.0347992134667897 0.405468362333587 0.045159951887695 0.0533840955021433
-0.224011910941202 0.359948541631843 -0.0285907521954497 0.0938654605761448
-0.464684235011992 -0.00593561559943432 -0.101369984499987 0.0662939211513731
-0.30734112919069 -0.418040315207938 -0.0490436995093178 -0.000111559845969748
-0.00995926574742243 -0.511671428625707 0.0292885304413769 0.00519096404804879
0.0310349782864312 -0.399514395838307 -0.174988420944307 0.255124121642362
-0.242412120447444 -0.344063044806605 0.0888769353183899 0.165942074908282
-0.348301417953804 -0.0696641072769465 -0.0108847642164759 -0.0518026410432182
-0.22524734487293 0.236518431751188 -0.101840530166168 0.0165745557088052
-0.0202090027549913 0.313015963431418 -0.070238479694984 0.148278315497095
0.150598442252789 0.263310384660621 0.0964640860889606 0.166318330984044
0.247944746827347 0.14164035629787 0.186653685271297 0.0660803395857503
0.253842330431621 0.103391376551879 0.176470365389907 0.0286343349728509
0.239171595973079 0.122815539782252 0.173248195068445 0.0401901378667323
0.184180678753403 0.252534927297998 0.13952514657519 0.0883912802167093
0.0116443825980051 0.317843520463304 0.0704669716869022 0.117604152308415
-0.173396483826374 0.259673105416438 -0.0267860127406782 0.115193869699333
-0.335980769563115 -0.00193236478255955 -0.0739671391738461 0.0921394428312679
-0.242089081241505 -0.313056751378373 0.00207585164087076 0.0638044840124746
-0.0416748045536478 -0.40989384688701 0.0356874103195287 0.152445075722587
-0.0154912323945224 -0.287600299614165 -0.175606654840954 0.417833950073805
-0.196414985786362 -0.221678227787235 0.139410716630653 0.258920785879499
-0.234553153875864 -0.0220299318450038 0.0272773142617065 -0.00763563384503638
-0.139503286696375 0.153750101604071 -0.0940864685451834 0.0312493143426876
-0.0170349731776265 0.200904218591457 -0.0645841589058755 0.196584153542765
0.0938199040709859 0.176409196223698 0.141044743302704 0.228309340437395
0.163274566245754 0.10682930250532 0.25929828024958 0.120025089767723
0.163210299637748 0.087391037797864 0.255008753269347 0.0646777267508831
0.147896291129048 0.10434453554983 0.242459604014666 0.0791857973420841
0.100743565236814 0.175712336737647 0.182685468564601 0.132685291121382
-0.0168757177368858 0.188239539741937 0.0762514127368151 0.157938365695642
-0.106520753284136 0.123956270604548 -0.027964089104726 0.112092650580979
-0.168775115755043 -0.00492885438777282 -0.0485909150065682 0.0946171181276175
-0.145870555944672 -0.173863970015814 0.0352671250797631 0.0953991801446304
-0.0650362642417867 -0.257219817960274 0.0436502374770819 0.249449048235637
-0.0564149330868828 -0.123412968627581 -0.155632285796088 0.52564439121392
-0.112725295925511 -0.0619819270172416 0.17612588032409 0.317701336372481
-0.0780225478612767 0.0262063840387048 0.0734017487551686 0.0317179134896906
-0.0320943502749333 0.0435512408922832 -0.0683510079817019 0.0301726373170838
-0.0133257918747555 0.057419267796779 -0.0520928912536799 0.205092782366303
0.0193157913563022 0.0647700103677093 0.161748829316354 0.252297785990071
0.0503647282313005 0.0577607087555568 0.292292492494895 0.152768241049209
0.0480087702418391 0.0595333702001791 0.294275729492463 0.0911877729060831
0.0398788881449699 0.0704784068762682 0.272529842534644 0.109078747964842
0.01432534687521 0.078987945151513 0.193097134733982 0.160127479944308
-0.0343835846710738 0.0500669840882784 0.0647049255327344 0.174383444667755
-0.0328557729844523 0.00121592113166 -0.0304585383204531 0.0919559681131436
-0.0132730165769605 0.00611889323796465 -0.0254009969938605 0.0825071057545315
-0.0578806508232334 -0.0272816198865803 0.0514520017550105 0.104962416832072
-0.0842116404418242 -0.086037479532011 0.0503673633447897 0.293491431721318
0.0627757060325925 -0.0679057038929328 -0.0585329213441252 -0.331368162170005
-0.0204929137722116 -0.0985774486128936 -0.122252826390877 -0.120881436840877
-0.0839428447524129 -0.0231094367583487 -0.0269187741845359 -0.0504688656859131
-0.0349863292089554 0.0809392862642561 0.0286517751115335 -0.0464095502833336
0.031767586262664 0.0697340728348516 -0.0171101595152072 -0.155540041937895
0.0638668875271613 0.0297483484912896 -0.170203020363596 -0.175670176485982
0.0652963770633648 -0.0168354958914341 -0.269289337164176 -0.122685010134126
0.0695987646678819 -0.0299220887438414 -0.292000281590762 -0.09172368567721
0.076615592847662 -0.0190227788667339 -0.285545389701483 -0.131520910659686
0.0713856309323182 0.0446337073383672 -0.192761922239654 -0.201464561626258
0.0257026725814612 0.0949996744716502 -0.0308851560435611 -0.202626791244036
-0.0655805271886266 0.0873940057677959 0.0290000193190239 -0.0533653877162593
-0.117857749358881 -0.0534011029857823 -0.0777394716960827 -0.0739736916945795
0.0045721301050374 -0.138528085812276 -0.153799488533866 -0.258041912795333
0.105492927004406 -0.0795891224330408 0.0823353838104867 -0.537118761609745
0.073909078566734 -0.20564651904693 -0.0724420567781357 -0.301364626594668
-0.0811984411091403 -0.199136892190589 -0.105634933184839 -0.122641693565353
-0.172985901249996 -0.0533719316412781 -0.0564582850608295 -0.0652059928523602
-0.102475338483382 0.146132580834846 0.00741766416289726 -0.0251206197804129
0.025974836119962 0.175303780289525 -0.0124212957577972 -0.119742709464735
0.124510617124921 0.12304569179114 -0.129258731777296 -0.153322139840066
0.166640615654602 0.0311904468856569 -0.217809525015685 -0.125076985952768
0.182293070749743 0.00690100094523282 -0.24233772325298 -0.0920904547102145
0.188763923406409 0.0275388736541144 -0.238126432604744 -0.116593764413014
0.162271766447558 0.15465917077218 -0.165255269213745 -0.165755669999227
0.032656090357863 0.241280721037685 -0.0344045599704245 -0.165137548726051
-0.154590745852933 0.213621243708122 0.000661974476050585 -0.0266363531834716
-0.294320857438728 -0.0629183096551067 -0.108464416674726 -0.0563173146588563
-0.120262997381252 -0.302426179843832 -0.159512872322982 -0.229655680909381
0.0925064955508366 -0.28908116092039 0.0519769526713664 -0.467785120770571
0.080523283982077 -0.326207164397899 -0.0945184464013056 -0.221543985067834
-0.142907710834039 -0.293003827638613 -0.0753920689398736 -0.0990226997683595
-0.262190762327376 -0.0817028903393504 -0.0731504676432888 -0.0829766672510097
-0.171149436266953 0.20435442397331 -0.0232741825898618 -0.0162425677894154
0.0144186831382858 0.270660766197083 -0.0232616438957459 -0.0688784956313205
0.168985299233484 0.209461025503499 -0.0799367528591811 -0.100802866603118
0.245247892302162 0.0799769166438229 -0.134816711091651 -0.103830018716599
0.266655327086934 0.0422727687741807 -0.156336015245521 -0.0780445193296736
0.271577670676162 0.0662292683683406 -0.152258400397793 -0.0877715522181645
0.234062360821355 0.236182401049252 -0.106310585731385 -0.108697446072463
0.0477132632420245 0.356613451258035 -0.0227353895717339 -0.104671215315917
-0.211403618973354 0.324642671486379 -0.0181567729596978 0.0106618479373882
-0.435099916852094 -0.0410816900819154 -0.122803137288333 -0.0187494862451849
-0.241255268803285 -0.411201363805684 -0.144376084177998 -0.164736931779972
0.0565174701009623 -0.448715086481528 0.0287536868768009 -0.337562332842196
0.0730255533477105 -0.412785267965325 -0.122123280348736 -0.0905885331639406
-0.207840899998016 -0.363781239099214 -0.0284013960789384 -0.0390699516289018
-0.344891976651988 -0.0945446425915718 -0.0712513282427194 -0.0903546183977553
-0.228588751103277 0.257440286159748 -0.0571131578734354 -0.0093406971608765
0.00549713323832566 0.342304014604339 -0.0417382375028098 -0.00108763447416053
0.196136729785257 0.270123241704887 -0.021764158826569 -0.0216082905191422
0.291687716120724 0.116921621761538 -0.030532558281316 -0.0624406140699112
0.311296324942267 0.0698239117948576 -0.0464475894235637 -0.0520581478639257
0.310892778475574 0.092961127029671 -0.0433300313514789 -0.0503109140264859
0.271017494575511 0.279493096604388 -0.0233326101771944 -0.0420476169757851
0.0612625618242625 0.415440796859053 0.0064706763292982 -0.0287787722861989
-0.225421060447179 0.388610538146866 -0.0247306900006035 0.0548362553313215
-0.499861539449908 -0.00662623476264409 -0.115468618724782 0.0288326579033417
-0.322067478986083 -0.443851074408931 -0.101687149371927 -0.0781467477701429
0.0113373369121228 -0.526453195819006 0.0204443878191305 -0.168738056108979
0.0500342667919609 -0.442557652889041 -0.145805573837481 0.0800663564207426
-0.255283965259226 -0.381480793900198 0.0330902622495609 0.0528929602585301
-0.38574309782555 -0.0841867797929756 -0.0515081054815718 -0.078885706077824
-0.246851523042546 0.278156381370901 -0.0857079261040876 0.00518348332483653
0.000284648578504219 0.363776810191097 -0.0564508477024341 0.0807011323294116
0.197437181735519 0.289144758461531 0.0437845635546754 0.0723004142147791
0.296340153344931 0.133950644839931 0.0819969594799164 -0.00617911202687968
0.307687698046583 0.0851883262073007 0.0704455791012131 -0.0177236007857176
0.300194820439474 0.106557091136945 0.0726753923260461 -0.00962010995036204
0.257485218565404 0.27998045723832 0.0677469815228578 0.0227274716240542
0.0561473593035781 0.400330191074509 0.044641448694032 0.0490134213727677
-0.204020382527668 0.366251394353593 -0.0218592805901955 0.094275550040489
-0.461265615863835 0.0151215222742691 -0.0915081578465759 0.0717585438054247
-0.326293711790044 -0.400700813590334 -0.0442721723782129 0.00564486674393004
-0.0290320288242754 -0.508350782591287 0.0265279194546962 0.0055642912349005
0.0127703424930104 -0.400022209495416 -0.158000077105186 0.263100301197577
-0.257299521697396 -0.32837102709255 0.0968885271903896 0.157024933449656
-0.348057697162298 -0.054697141413376 -0.018101258422868 -0.0479791488887107
-0.21123523770228 0.245025401732845 -0.0996743246615067 0.0246803897751263
-0.00319213126944324 0.312831755792415 -0.060430833109018 0.156295595260842
0.165085727863113 0.253244066500446 0.106843674433811 0.159674146576404
0.252799590287536 0.126076163296146 0.185551716610901 0.0530012567607886
0.256987667774245 0.0884875039630321 0.176507252616097 0.0182743732404029
0.242442121544034 0.10845366925779 0.173486180665672 0.0298821722289853
0.197932849070194 0.2401258548677 0.144121557851268 0.0790284236049641
0.0283354211994144 0.315228352792668 0.074091753762301 0.111271969007181
-0.159267813377035 0.264744009669366 -0.019897586747928 0.11522395231289
-0.334076329762893 0.0122441171907158 -0.0625891152418225 0.0958364896748689
-0.256393372173341 -0.298836998505687 0.00809674997112548 0.0647740558332344
-0.0562121564051758 -0.40641687335766 0.0390307299501019 0.150181798725698
-0.0280176100930503 -0.285372531723575 -0.152221273332941 0.424136569063937
-0.205376933496566 -0.208569967289715 0.150213058765378 0.246087009555675
-0.232023285110589 -0.0129858634397412 0.0235886755266193 -0.0074711526363066
-0.130840685391648 0.159151943169533 -0.0924596183070253 0.0379569609054604
-0.00586280921610827 0.201475524718223 -0.0530341129534216 0.203211671355888
0.103453804825055 0.171431921849797 0.154699883140895 0.220053448812636
0.166862502602595 0.0977033800834712 0.261498751644992 0.102346822532701
0.16638176115216 0.0780769662427702 0.256347048183614 0.0501153400457596
0.152351389041289 0.0958184134162537 0.243613359237115 0.0645358569233994
0.110319846811151 0.169398904236632 0.189095404304537 0.120006453069304
-0.00752817426055928 0.188067661543201 0.082513991611526 0.150470611657633
-0.10046994403669 0.12697559513715 -0.0228436243470341 0.110971522292169
-0.167109087783027 0.000835279796481183 -0.0371594771837517 0.0967523793158822
-0.152189392740949 -0.165318674854174 0.0431007424178586 0.0930950507973827
-0.0727439376597622 -0.250280166634515 0.0515736704448567 0.244524312331476
-0.0604995871412105 -0.118044272653053 -0.130313363822051 0.53060166225722
-0.113536660580987 -0.0546221486655671 0.187986216757238 0.30121834959437
-0.0744725945047877 0.0278562082445 0.0724696346569702 0.0280198658975455
-0.0291549675920862 0.0445581811459823 -0.0677642212535703 0.0354445295745881
-0.0105707689038893 0.0583137105157706 -0.0402470859779597 0.210394698777168
0.0223707887491849 0.0642251942594659 0.174799146394676 0.242510779352291
0.0525711796414824 0.055112016952601 0.296976187965798 0.133939237508918
0.0512649522758133 0.0572869196987013 0.296036567987223 0.0736740833624601
0.0440352533273124 0.0687856342213055 0.275450076195833 0.0916268563677947
0.0184885148335827 0.0787689380997716 0.199631168618559 0.145826087841506
-0.0335622248421646 0.0523092937965908 0.0726112151835676 0.167271388972598
-0.0348903415488987 0.00148653596770081 -0.0266564260083352 0.0905653034702036
-0.011862549325147 0.00314473930805697 -0.0156793529724607 0.0823393199882343
-0.0572699193167866 -0.0244899182772137 0.0582459744491682 0.10020542875454
-0.0851505222113535 -0.0782020669456552 0.0607793544420979 0.286948626460036
0.0570511384561516 -0.0702462354647249 -0.0661391765555815 -0.321196573809045
-0.0263419287312107 -0.0942177825259512 -0.123388513714721 -0.112574288815556
-0.0837598340966106 -0.0185091404455615 -0.0313600544305059 -0.0457315494780627
-0.029665504696571 0.0801512575221356 0.0262763137663688 -0.0434918158161555
0.0345049379873159 0.065427706471015 -0.0215682999694961 -0.149686609516269
0.0641139805522823 0.0243326551007528 -0.171895334132958 -0.163921447834862
0.062765977693099 -0.0203206592315419 -0.26681005396557 -0.107512839211407
0.0654543586064384 -0.0329853205421834 -0.288517013441252 -0.0784627489489051
0.0726412769680124 -0.0228641008628544 -0.284824420207868 -0.116769299177906
0.0721497153515193 0.0398105710140583 -0.196246117277959 -0.189678147752926
0.0301810044167736 0.0907124964163211 -0.0389203160744162 -0.197939776387517
-0.0592689511862379 0.0884541534730712 0.0294707901844389 -0.0545534181794332
-0.117739689914447 -0.0467241851701055 -0.0775567087824562 -0.0696325661172236
-0.00232574075072037 -0.136090967405845 -0.155184485773469 -0.242626547061923
0.100105078851577 -0.0840090923163517 0.0641612054642023 -0.523659528574081
0.0640056454079189 -0.206728571728284 -0.0770199831128221 -0.291124611439626
-0.0889863198805092 -0.190746188542411 -0.107020082987169 -0.114769523357547
-0.172019549747528 -0.0451347200040858 -0.0609764748519253 -0.0577188821544811
-0.0926880293713572 0.14537958375965 0.00758207545974318 -0.0225545250778455
0.0327835946389073 0.168551787315315 -0.0149147427202944 -0.114350256467004
0.126643429360059 0.113457638693147 -0.130859574001331 -0.144263183209383
0.162355238797397 0.0224496507798903 -0.217012277975164 -0.112675549955671
0.176541547814777 -0.00192526444634727 -0.240016699785763 -0.0805297310802222
0.182838406164628 0.0184091777708903 -0.237695536816679 -0.103445700979828
0.165361125950289 0.143584832408064 -0.167820530090281 -0.155330463213714
0.0427421519869541 0.234429148576872 -0.0416497688128417 -0.161409918623347
-0.142167817513559 0.213086037272114 0.00310620308934504 -0.0267921717390537
-0.290286201884207 -0.0509933797580288 -0.105442915315113 -0.0509140165700357
-0.129746999156206 -0.291567063923719 -0.159744428616436 -0.213699768229076
0.0833107192429431 -0.289123424545687 0.0363066739928857 -0.457165062849488
0.0665738266012894 -0.324903735685939 -0.095278566276028 -0.211974702694543
-0.1523994463415 -0.280029485979128 -0.0762314389603574 -0.0939022174196924
-0.26014815102628 -0.0710985474996324 -0.0788686336637733 -0.0740717282893861
-0.158428088694783 0.204578980024328 -0.0215977622523362 -0.0129922602609723
0.0250949965422102 0.262897030274591 -0.0232833934960554 -0.0636493760103252
0.174853129924855 0.195751663040027 -0.0806124428505064 -0.0956793077275701
0.241092347366681 0.0662075848963868 -0.137473075181546 -0.0967552531332185
0.261049737973896 0.0293450422428402 -0.155204123292139 -0.0707622035399409
0.265298105072964 0.0526117341384914 -0.152971752475537 -0.0786868906534571
0.239155153234206 0.220885527964814 -0.107959550986524 -0.102036491926605
0.0613112784371387 0.346967426018789 -0.0283063418428746 -0.10234153277707
-0.192802878800745 0.323596351814692 -0.0142981665580301 0.0106940896809571
-0.426561329295118 -0.0253602011023413 -0.117399866926221 -0.0138721070247691
-0.252349502741426 -0.394922073152294 -0.141406976345503 -0.152008571305059
0.0445345059290241 -0.444486531194493 0.0168212839780731 -0.328549004149096
0.0565046592671356 -0.409750701015369 -0.117314475789556 -0.0837911447586119
-0.21726170010384 -0.34651119258029 -0.0280666952312648 -0.0387880197667469
-0.341466173670518 -0.0828039413489841 -0.0777025362877324 -0.0811423798379956
-0.211291317728041 0.256901507406468 -0.0541193807178235 -0.00476716765994509
0.0196196314334506 0.33412559662739 -0.0388267023034177 0.00441374876326051
0.204159010068039 0.255687411319328 -0.0199587278825152 -0.020991455298078
0.287712801605433 0.101257235898416 -0.0353594302593076 -0.0607853734766399
0.305128197893841 0.0543506124206838 -0.0469698041261938 -0.0497448648785522
0.304332007821135 0.0768164267778064 -0.0445858580765461 -0.0465519472334236
0.276553845215292 0.262144858451016 -0.0234542995523409 -0.0404621647286555
0.0774244294839586 0.403430219440707 0.00238027669976223 -0.0291477515441651
-0.205589450761024 0.385481750967779 -0.0196626283360585 0.0545066927483417
-0.489857854652952 0.0103519898321038 -0.10677230978806 0.032688407497826
-0.331820738559201 -0.424271608913036 -0.0975924290144838 -0.0697575100945415
-0.00131097320399695 -0.51809924033334 0.0130047705365857 -0.163477951636121
0.0334049675525318 -0.437904442968847 -0.135347849386123 0.0835761680481982
-0.26345769384683 -0.362475831443136 0.0345563996916707 0.0476593713764369
-0.380956377383694 -0.0719692608168448 -0.0573948255366055 -0.0712539110770847
-0.230131980899414 0.279109747992223 -0.0816633132912769 0.00987674991055935
0.0137131445390629 0.35557929493739 -0.0499993069942758 0.0858496685916489
0.20526329827763 0.273564365701962 0.047440899545766 0.068741710466098
0.292432691823949 0.118391229200546 0.0769129829662714 -0.010139949252124
0.302724644503579 0.0699357021970932 0.068619517712689 -0.0213924684515139
0.29532439773254 0.0915557818082409 0.069359994045701 -0.012208464571028
0.26358183763414 0.262988488647702 0.0676799236456433 0.0193899512666802
0.0719887479363923 0.389542912905865 0.042211947398163 0.0452282848808138
-0.185663608277738 0.362935527416663 -0.017318671555213 0.0930959873163132
-0.450604657641497 0.0311764389070398 -0.0806926991339085 0.0731757459137605
-0.333303074874372 -0.380526327102915 -0.0389021660581816 0.00882524462636794
-0.0399327233266684 -0.498756053377173 0.0237165004220605 0.00622115737516891
-0.000685018398015416 -0.392808595898148 -0.142114139419946 0.263461834480078
-0.262091208778608 -0.310355126848339 0.0994762542241215 0.146196825583445
-0.343203478533454 -0.0436170150589984 -0.0234492979573257 -0.0434866497556063
-0.198156553208262 0.245428064037087 -0.0951599747254256 0.0293322336268447
0.00849552692502248 0.30600881425646 -0.0514075391257536 0.160105167360799
0.172523681899029 0.241152935519915 0.112563830648988 0.152088813317653
0.249592060906725 0.113587405256523 0.180076566252948 0.0433425685791297
0.254003336272957 0.0757342492264034 0.173192640635559 0.00974718416516064
0.239301725828715 0.0956050008663189 0.169732602145158 0.0221916136791125
0.203610638238005 0.227389029393928 0.144012167918131 0.0700612140678062
0.0404670239267341 0.306623444004307 0.0737923244249268 0.10452777313611
-0.146181779959842 0.262325970505552 -0.0151068478077343 0.112439288494619
-0.325588595200081 0.0219356723224849 -0.0514042251818724 0.0952907331664465
-0.260973550757727 -0.283786584580673 0.0142038642467396 0.0637806797981809
-0.0637697052824296 -0.396154952946186 0.0399072585849709 0.146765132371133
-0.0357604100974723 -0.278305171743839 -0.133464989081101 0.41896944556656
-0.205924100889038 -0.195914688157018 0.153648209596831 0.230897012820767
-0.226648332193591 -0.00718538916419181 0.0196437083518013 -0.00685107931443424
-0.121771103840784 0.158973306152638 -0.0885909766118545 0.0420958264848375
0.00229754785322405 0.197551735680352 -0.0429699129531501 0.205215559407555
0.108499287923962 0.164054849992981 0.160811263853939 0.208931048247683
0.165764733516452 0.0889428047174772 0.25635896898765 0.0879930594193142
0.165960426359645 0.0697507933212408 0.25219039064073 0.0376684176514569
0.151751436242997 0.0875237036645902 0.239623895717518 0.051965912437751
0.114842950272928 0.161921440248779 0.189213159439657 0.107529747945757
-0.00110049394852921 0.185067468957412 0.0845998051870237 0.142133096626623
-0.0954146313909435 0.126403029352905 -0.018803608926671 0.108075766740933
-0.163083209022201 0.00376860115198729 -0.0271115353218986 0.0947758433460165
-0.152911618916868 -0.156083198139283 0.0477329629784743 0.0889288835605387
-0.074663615614457 -0.241671070331494 0.0550752712910372 0.237641806601483
-0.0617627035930693 -0.111983478256731 -0.110075871885897 0.522428194048123
-0.111027584430362 -0.0480438344992091 0.191722231528413 0.284174211756187
-0.0703337659668534 0.0279071954647773 0.0690492878199766 0.0253532091440135
-0.027423313335685 0.043789037909508 -0.0656093697911558 0.0387328131984262
-0.00826380354632651 0.0576154839363783 -0.031647317270937 0.211214743991867
0.0244911875663463 0.0626899296960553 0.182001914006142 0.231107863054938
0.0531950469215003 0.0526496854566591 0.293545954879492 0.118440339873033
0.0529377178223024 0.0545781192710213 0.291491610152768 0.0601546048024977
0.0467083312835137 0.0657511715736689 0.271714815533716 0.0781998249687135
0.0212385228497496 0.0768778406293596 0.199992410979063 0.132769885938097
-0.0320611962853717 0.0537739683804497 0.0758273476908222 0.158376620311415
-0.0363202230731237 0.0021299862329049 -0.0241109992154998 0.0870378311781772
-0.0111737512084432 0.000315390088243113 -0.00750556570539516 0.0798035315697485
-0.054720317424649 -0.0213301481715215 0.0620734190500308 0.0941490030381885
-0.0831769942350215 -0.0710367794571375 0.0660820649192527 0.277701895456977
0.0824103764677447 -0.0406767137872541 0.0658500592799246 -0.318623191663116
0.0152542023282687 -0.0940806659412108 -0.0703675682345724 -0.149111490937242
-0.0679852706014007 -0.050987425834887 -0.0155749347597114 -0.0469847291095449
-0.0586959935205148 0.057504029855286 0.0455476356788395 -0.0228426627048587
0.00342913201448042 0.0730724541694761 0.0473643045879578 -0.141714015945675
0.0477983947269889 0.0464983820412868 -0.0826102399693275 -0.216048400647877
0.0637998271758035 0.00527381083659187 -0.193696399329884 -0.204459610465844
0.0707196436011683 -0.00484661495161661 -0.226020079823713 -0.184659237268894
0.0715919970055233 0.0070965639557739 -0.208327821638879 -0.216733009182282
0.0481626206010012 0.0635042343659584 -0.100689535016769 -0.248125963629205
-0.00801474546420975 0.0917855287978789 0.0456026775828987 -0.192227325198014
-0.0868299120516558 0.0558582484992261 0.0502859743700545 -0.0375915426102223
-0.0932260927756744 -0.0858273246523315 -0.0395022453531314 -0.0960271641585808
0.0424330534669266 -0.125929093958007 -0.0350795377734109 -0.27614773783911
0.122415411823893 -0.0511090118222164 0.275015656909253 -0.436491406477957
0.150514952364247 -0.162200011475692 0.0297097064689249 -0.293633835950453
0.00184414028188417 -0.204957049566578 -0.0594444133163253 -0.142280773600703
-0.134775617938983 -0.112702430434419 -0.0403246172071944 -0.0647535039381955
-0.141129751998056 0.0874303985113677 0.0228682166519322 -0.00656955085067414
-0.040428415321457 0.162694931610389 0.0436464106964163 -0.105381367640501
0.0671388174746453 0.150409185587415 -0.0505869688594201 -0.182349502218682
0.133411627269562 0.0831995266199271 -0.146657567420962 -0.189817261386585
0.157927326930999 0.06673171817027 -0.18204363979206 -0.168144907960285
0.154038781862951 0.0873423602969337 -0.171632740344163 -0.184185570613563
0.0926780050249426 0.192344622681205 -0.0899750173525083 -0.204323204885288
-0.0513678045166215 0.226666117299234 0.0266697636710027 -0.159765596249243
-0.20934150368039 0.135681065363986 0.0127229399054514 -0.0229530160575224
-0.249774719169721 -0.155704306603329 -0.0724090314693542 -0.0933599536878088
-0.0147328156550971 -0.313731854221468 -0.0442399617893614 -0.259641276049265
0.184115959672432 -0.244848164466283 0.231950546809949 -0.383020931645777
0.206804821269213 -0.269322462472395 -0.0312176282093384 -0.228149661252816
-0.0146848600021868 -0.311284108069432 -0.0452693805381266 -0.10910735455754
-0.202506532956718 -0.173381373610701 -0.0522103198177317 -0.0801274246999768
-0.223694316433905 0.111592848943804 -0.00455241604304726 -0.00438073514351069
-0.0865436517837866 0.242619915501388 0.0201465578391213 -0.0611141901539184
0.0753939454189223 0.242649167178666 -0.0205250806134879 -0.11849952180261
0.184800418547393 0.154022050108385 -0.0809930949903126 -0.144002364290234
0.221627316642287 0.128226305063761 -0.109865252371766 -0.125899252311215
0.214709420341362 0.149782779614784 -0.10634358773448 -0.126239469449602
0.13027912777034 0.289823789328541 -0.0579173578022046 -0.130363124228081
-0.0773199830313204 0.335495260086041 0.0133638291831067 -0.101354503261578
-0.297549127403895 0.214869378827866 -0.020808314278934 0.00411629693532319
-0.384735444580154 -0.183481301136106 -0.0974072237095098 -0.0666199567556003
-0.0871020302086375 -0.451302360446268 -0.0487945161237721 -0.203304575011901
0.207490977116733 -0.399566008181342 0.16896005157844 -0.275288924580837
0.236418249129031 -0.349161683945889 -0.112291688676447 -0.119585362027539
-0.0429037765038834 -0.398212398164169 -0.028693841387864 -0.0377751310888509
-0.270021258302809 -0.219128206756925 -0.0495910078506166 -0.0805843632922201
-0.29295660484493 0.13439029162294 -0.0354412999078171 -0.00665836165626875
-0.122412020060462 0.302200473102265 -0.0186286218678478 -0.0042801664926577
0.0767437170622056 0.307720709753997 0.00561434743001777 -0.026071164315737
0.21180469149862 0.203939947293388 -0.00384197667270254 -0.0713741663704883
0.251667046639648 0.168512481793534 -0.0214592931869649 -0.0646571829332018
0.240517628183967 0.187273820114307 -0.022376009715685 -0.0538613009934645
0.147982870637627 0.341796449271698 -0.00727805330207762 -0.0402308396824836
-0.0843964613231976 0.393476989132136 0.0102796642980748 -0.0227634649906003
-0.333559229832978 0.265049539815122 -0.0452173621502833 0.0417689056069896
-0.455853047752971 -0.175264809811587 -0.107030736759471 -0.0219463441528736
-0.146518517092203 -0.507366971439314 -0.040688482271625 -0.117211093243267
0.192655889811955 -0.481979288439165 0.10149900918883 -0.128990496370692
0.228251498039203 -0.384311862528261 -0.200717900864517 0.0264229145826697
-0.0734031848008627 -0.432612266768288 -0.00955009664631421 0.0668890884168296
-0.309402493358301 -0.227952894003705 -0.0358738070079148 -0.0609062796638406
-0.31928867725255 0.145235259740283 -0.0658437641289511 -0.00294172723921962
-0.135300689664492 0.317653884325499 -0.061370915466938 0.0646309157160266
0.0698925538236871 0.325169542960071 0.0305122614059682 0.0819651707410345
0.208883316023119 0.221602497156359 0.0763013047686218 0.0185575096381111
0.243993622995135 0.181682930550966 0.0698998947968613 0.00728188197477889
0.227251956849114 0.196841065650338 0.0658045492060065 0.0226248133265997
0.137680717606313 0.336754845002501 0.0508855813919249 0.0493150850599853
-0.0828389731703264 0.378297791344825 0.0156870877665494 0.0585407429027895
-0.306465107983 0.253518377933995 -0.0586588053323253 0.0769273284275564
-0.425305426616859 -0.141481259760484 -0.0999967520705024 0.0249757905919842
-0.161361514579638 -0.468403893808094 -0.0212460705471103 -0.0243663965191491
0.152665854169036 -0.47377075821032 0.0406910261950319 0.0245384085297454
0.178521966202138 -0.358148381967659 -0.275534072631641 0.186197845112828
-0.0952437027792056 -0.386284126612146 0.0103062679536067 0.180967421101901
-0.286059986833189 -0.18684785636775 -0.0135731149584775 -0.0248784791724915
-0.276917011453529 0.128876262589168 -0.0875628997105688 0.00576966576424997
-0.119929429949405 0.272418218093556 -0.0959845462832409 0.130648742530893
0.0539238041821859 0.283311847389191 0.0525552239652891 0.18314015302621
0.17348432239962 0.200712911040829 0.146562113279777 0.108631039426884
0.198075851266576 0.168422688445329 0.151537023250893 0.0769242674408952
0.176939476758383 0.179220519370382 0.140932427963397 0.0909718804982126
0.0974293444718951 0.280959528959283 0.0989772727490528 0.123758077221459
-0.0796531388480936 0.291727023756604 0.0197134150961297 0.122883648308259
-0.231963128127463 0.178220926353743 -0.064150386755045 0.0943328492646386
-0.305948047139496 -0.102761739691404 -0.0815481486668809 0.0587361791615429
-0.129438834585025 -0.351797606907896 0.000471370409961281 0.048395668018537
0.0927605859998534 -0.383956324418346 -0.00676572207065065 0.153056186207756
0.0941073800717557 -0.267606458277972 -0.319615999962043 0.33094797175764
-0.0950574057408361 -0.260927429933523 0.0301989700925361 0.276079565514079
-0.1970722577541 -0.104823026761304 0.0141743374950123 0.0181975909595428
-0.17392864637953 0.0850491765111301 -0.0910301166713235 0.013292454966384
-0.0807506268299178 0.173369296011231 -0.112787324211024 0.172534056866002
0.0282538524029916 0.189043542166556 0.0676747048808726 0.253979095109127
0.10947963046158 0.145985531597067 0.195898761265441 0.181243121666182
0.121580341785726 0.128779422478054 0.209090039276213 0.133447499645674
0.103129613290636 0.137764728735957 0.191264907959172 0.144486871407418
0.0432627102782398 0.188536299848183 0.124055528687325 0.173570146077338
-0.0704135085538041 0.167021653268756 0.0146610814299563 0.159217690487249
-0.135004804273577 0.0757248705689366 -0.0633344291802643 0.0874892201656647
-0.149653781478014 -0.0594862190445409 -0.0577781106967648 0.0699214544404911
-0.078507899711668 -0.196481405449411 0.015728020673329 0.0888429080787681
0.0253837974467596 -0.244170332748425 -0.0374674042330551 0.237146171788435
-0.00466821593158537 -0.127417563326486 -0.32398482491374 0.433307150061054
-0.0749586588816523 -0.0897096009016755 0.0490223337843878 0.33496962677345
-0.072077102253314 -0.00624298044228312 0.0503992460346153 0.0558633020777939
-0.042320875633556 0.0252408092091183 -0.0745812801856763 0.011354379579644
-0.031143238702355 0.0461358194698675 -0.112382555292354 0.181234086096076
-0.00462110622208729 0.065250604290594 0.0724372270708971 0.282660236672462
0.0249368850156797 0.0688265608411909 0.216237156843194 0.224727896718564
0.0265055619798851 0.0715860053141433 0.236158679771631 0.169332597937893
0.0182109458554997 0.0779082859225599 0.209544449550322 0.177212827007588
-0.00847617146813343 0.0765056773212345 0.124545331862759 0.198513015564001
-0.0489015379032231 0.0369909033566335 0.00195470759298816 0.169018430331773
-0.034509274110271 -0.0126911444205066 -0.0579793471211459 0.0657950340091888
-0.00848992838598209 -0.0056394044272475 -0.0337815902736675 0.0671082656745299
-0.0386650198557752 -0.0389210817904506 0.0207607554497819 0.104668135474659
-0.0459811791861305 -0.0887516515851873 -0.0523724057579418 0.2718704185872
0.0805189905902026 -0.0435675170351338 0.0643174584555232 -0.317395195481689
0.0114580435778633 -0.0928936846678751 -0.0715662292739306 -0.146121829396239
-0.0696961466922637 -0.0489616147786341 -0.0195363099819438 -0.0447538424642066
-0.0564377802320608 0.0590433637594321 0.0451289965201582 -0.0201464655504063
0.00588433880745666 0.0724302643198368 0.0451409501512459 -0.139946427406858
0.0488232757064077 0.0439021791428919 -0.0859311480442149 -0.212483271166483
0.0629384666491282 0.00213552589634835 -0.196709047147536 -0.197941370759482
0.0689863819140607 -0.00747528237483074 -0.228358492453492 -0.179681856950886
0.0700755600790329 0.00428728397509791 -0.212528762035999 -0.211724280451078
0.0493609901834839 0.0618801047475895 -0.106337346756276 -0.246388112768732
-0.00518026069579172 0.091427743541294 0.0419489467252524 -0.194200493825539
-0.0843142403640528 0.0571970353469393 0.0531356003987857 -0.0386283637830741
-0.0952748328960585 -0.0831293740601597 -0.0392610687314801 -0.0948007750433289
0.0393572031719876 -0.126518046957663 -0.0356135105122186 -0.270739005899219
0.12194120833894 -0.0552640919322691 0.269657195485966 -0.436965272439787
0.146525161839987 -0.166354789174551 0.0299023074034452 -0.291719526532366
-0.00403747658666922 -0.203265351801313 -0.0602801444477973 -0.139411337402066
-0.137972159524234 -0.109884708927527 -0.0451679495579558 -0.0603664571740529
-0.137618405176283 0.0895372216657859 0.0231156936229532 -0.00431289525749804
-0.0358920331163968 0.162595174477721 0.0425957239329746 -0.103480138102528
0.0708046900812855 0.146638914422746 -0.0523745038161011 -0.180040876931554
0.133719632794432 0.078981811378142 -0.150703526593451 -0.186126709971391
0.157483532316965 0.0618257831427844 -0.183964119223752 -0.164315252462076
0.153590243611698 0.0825973524175443 -0.17567765171557 -0.17955736565793
0.0962958607425021 0.189585333937114 -0.0934410923266905 -0.202212210427215
-0.0461126667250216 0.227139068873973 0.0224005992885845 -0.160778276279006
-0.205644015649026 0.137514352920258 0.0156664142678259 -0.0225591926236698
-0.252975460457144 -0.15136843499812 -0.0705145073529635 -0.0905839069635092
-0.0191939096375404 -0.314060020639601 -0.0444542046593712 -0.253031439221056
0.183372291620846 -0.250722653203764 0.227067900478103 -0.382405985704089
0.201143095148743 -0.274438698786391 -0.0294631347517839 -0.225463105968959
-0.0212724453328899 -0.309091522870931 -0.0453347110344068 -0.10749776397361
-0.206357369858871 -0.170800303334664 -0.0571978189852605 -0.0751181818798493
-0.22004535787923 0.113627211766529 -0.00393367361471736 -0.00235989500477722
-0.0807177501222711 0.243376483872771 0.0200201798833479 -0.0580154584959558
0.0810809578539243 0.239531593135374 -0.0218717655423501 -0.117007592489889
0.186006183034763 0.148838248361562 -0.0849948762222755 -0.142249530822849
0.221510833588123 0.121389721004488 -0.1119369525429 -0.124193168433029
0.214406982424645 0.143878432006943 -0.109238106328041 -0.123481543967838
0.135873638950179 0.286370918465099 -0.0600520610992532 -0.129314832711257
-0.0702068927334982 0.336588066874886 0.00911115407403603 -0.101904344507994
-0.293322490504928 0.217531824782739 -0.0170623275936011 0.00497840374164209
-0.389079239799563 -0.178894996882656 -0.0941852441475702 -0.0639934392791271
-0.0925138920343918 -0.450835987963728 -0.0484958104762957 -0.198032000704601
0.204822628814492 -0.405063416875263 0.16593780615704 -0.273065294295451
0.231182409272886 -0.354632271628338 -0.109195951317222 -0.116423075787075
-0.05002219360235 -0.39597632084132 -0.0279090558340064 -0.0380488226355855
-0.274554532597293 -0.217237797667933 -0.0558995314229527 -0.0754542705393815
-0.289417234086627 0.137403806454879 -0.0340234269479902 -0.00422375067842692
-0.115579151540498 0.303599203481312 -0.0177281711333886 2.52307918353913E-05
0.0840066268799391 0.304826669404696 0.00612410144889669 -0.0258182647399462
0.213594521842583 0.198088559295584 -0.00726041452950358 -0.0714878956319741
0.252803263829352 0.161539218976107 -0.0221645099933764 -0.06467628072736
0.240966968255816 0.181049719324436 -0.0232414677277367 -0.0522170254145126
0.155300585314836 0.337671613002594 -0.00772686583067605 -0.0409658571165365
-0.0755219078979709 0.395702611664537 0.00671099909408548 -0.0240266921940372
-0.327793185371541 0.269015928697912 -0.0416371417266827 0.0422843134353755
-0.457637835286867 -0.16865532211645 -0.102022522354541 -0.0196945658099759
-0.153172045967683 -0.505485285479874 -0.039387693748816 -0.112456204142161
0.193034694789029 -0.487831606307805 0.0982364584596493 -0.127532037924741
0.223387294165589 -0.388393169376501 -0.195147240901338 0.0295041320639893
-0.0803557701077739 -0.428481341746362 -0.00795320942984218 0.0647910564316548
-0.312162265216095 -0.226935496859102 -0.0413750198246064 -0.0565553252291417
-0.315752631392195 0.147928696346682 -0.065291971616068 -0.00105211433774303
-0.129656428879189 0.31988153082391 -0.059491937197404 0.0706058203304372
0.0779907490019363 0.3233787554096 0.0332853166160583 0.0815590598693237
0.210977721313387 0.216948943591373 0.0736224643580586 0.0154508577127028
0.24540596107716 0.175428410373055 0.0703269500587555 0.00456585006540772
0.227725624733857 0.191562363793245 0.0659777069394909 0.0208770088336045
0.144173609760802 0.332769718133287 0.0522858267852121 0.0475365511520486
-0.0751391214767336 0.379127429250721 0.0138201377859563 0.0575190834042036
-0.301458766559025 0.25636652164269 -0.0558300503190679 0.0779605848960005
-0.427224825327887 -0.136321373681296 -0.0931473743640118 0.0273856055949069
-0.168160948457182 -0.465625998091883 -0.0176725418384752 -0.0212445579656966
0.15069400504134 -0.476786461001527 0.0390880377017882 0.0258021872214957
0.174237759220173 -0.360926988478646 -0.269407810646662 0.189126048610888
-0.0998186266093043 -0.38247133225782 0.0125843923183825 0.177914578148303
-0.288580702693435 -0.18632282230577 -0.0184926508531654 -0.0216809929935551
-0.274007006177576 0.130945507526301 -0.0872824280477866 0.00840518417352768
-0.114884159629353 0.274331058772837 -0.0932958472641404 0.137334917968509
0.060112429004732 0.281099213755762 0.0575597394927549 0.182571900552676
0.175509173352265 0.197077134430165 0.145593632752699 0.103926965743964
0.199549491755199 0.163232348412365 0.152460841419371 0.0725536332085998
0.178173589485863 0.175131211634754 0.142891218334601 0.0877532639551447
0.103688538696405 0.278972371692896 0.101488864874073 0.120076206180477
-0.074226420512432 0.294016064372731 0.0191472648939074 0.121395737655532
-0.229382772963863 0.179872233690912 -0.0612594666139151 0.095394226973883
-0.307609112733951 -0.100429063139343 -0.0734602907042618 0.0600474295319549
-0.133624297398068 -0.350339252841517 0.00466914641426499 0.049563742073304
0.0920330765520047 -0.385677693435562 -0.00770830500748533 0.15424757262028
0.0916806158684513 -0.267602645738603 -0.314033425765783 0.334071871035995
-0.0969764866480552 -0.257436492920713 0.0315784557461689 0.271063299493872
-0.197250504123686 -0.105006511797466 0.0113455859156424 0.0195570004949633
-0.172054872640182 0.0862508763749335 -0.0915240114800991 0.0149454808922896
-0.0777721362881645 0.174336855029182 -0.109683483571444 0.179193689416037
0.0320483139871019 0.188371983954197 0.0742868362620377 0.253842216829157
0.111036364910446 0.144204502879918 0.196719781562953 0.175778652733283
0.123418042373176 0.126232578746232 0.211703498733958 0.128584520628278
0.104424762599134 0.135941226533446 0.19408706153618 0.13886524788601
0.0474353684604678 0.187914709577421 0.126983988766858 0.168556811336662
-0.0676091519330062 0.168837923652603 0.0161411116925168 0.15674269165911
-0.134173062969482 0.0762964388599187 -0.0625385782745586 0.0874892353800928
-0.149635696130011 -0.0591551703156791 -0.0507495166250261 0.0710645025275852
-0.0799638706553359 -0.195558315959152 0.0190912313951037 0.088274945039436
0.0255074218194335 -0.24314311963263 -0.0370289774133607 0.236271497319602
-0.0049949115153108 -0.12513181324798 -0.319062243185125 0.434151374881776
-0.074175013737582 -0.0866202761004915 0.050777596582779 0.32907728661269
-0.070775690986261 -0.00729365600275776 0.0488794549002775 0.055474541963519
-0.0415487135885056 0.0244145113847691 -0.0753611797705731 0.0128522807090155
-0.0308668020673551 0.0466924756006001 -0.109201373590362 0.18611506177005
-0.00356656545587392 0.0659010461539815 0.0789115949962694 0.281640217535978
0.0259636824513712 0.0690720681837692 0.218258075338583 0.218835575290578
0.0276100067671411 0.0715003969531488 0.238383640105451 0.16488993781173
0.0198193784315221 0.0778604912645104 0.212156576964701 0.171741681776594
-0.00688122497258015 0.0776328662347635 0.126828949158567 0.192730041642322
-0.0494462767972282 0.0384815360226462 0.00460907091317871 0.16593568677695
-0.0370195733531852 -0.0130057769390381 -0.0571896119774273 0.0649874831354161
-0.0083979346371579 -0.00866046491244829 -0.0275906833879596 0.066953690538638
-0.0374871885637823 -0.0385733401737584 0.0236538104228753 0.102762407547321
-0.0445908925272888 -0.0854077891071023 -0.0511943132830007 0.270976746377315
0.0785077162787893 -0.0475190193615173 0.0591568328477362 -0.320388840937036
0.00624592424618804 -0.0931617454045296 -0.0754484501532732 -0.142951196529173
-0.0727366880468069 -0.0451664274101128 -0.023990511932236 -0.0416042407290438
-0.0534256058181475 0.0616435818772086 0.0450821250910773 -0.0190433432061539
0.0091852595208297 0.0725515781398857 0.0420496943779206 -0.140720911878974
0.0510640170117533 0.0409782812694282 -0.0926038457946505 -0.209382094103154
0.0621721377587368 -0.000933171229434517 -0.203148920863024 -0.1911607845506
0.0680145684231119 -0.011019667165239 -0.235556556805127 -0.172906699804569
0.0693028087676257 0.0010000197879348 -0.222115051691483 -0.204573305297405
0.0521721755181313 0.0602684477848779 -0.115573912235867 -0.244454038332672
-0.00124413839420124 0.091852503103943 0.0354560784921433 -0.198714132669336
-0.08130039270039 0.0599157250890641 0.0553668207108278 -0.0421689702255452
-0.0995415072614894 -0.0798057782066976 -0.0413219956147153 -0.0946770955931843
0.0352045969730477 -0.129135567408493 -0.040248623347656 -0.267053620950893
0.12081868779153 -0.0626078160403051 0.262584133810607 -0.445785444344412
0.141782989211151 -0.173808934357057 0.0260088273454312 -0.293760981764755
-0.0118559721758316 -0.203132109742756 -0.0633239040884808 -0.137602634979085
-0.143665413855939 -0.10522496445684 -0.0500174849873676 -0.0562385938818556
-0.134030290557606 0.094507029239218 0.0241650242940934 -0.00297371296115385
-0.0297608188001324 0.164812629798428 0.0408809172302755 -0.102978134508827
0.0766199845282166 0.143662947365861 -0.0586250702768833 -0.178385317547265
0.136181698644157 0.0737216878349063 -0.158452776669101 -0.180571501803655
0.159335547944963 0.05589185679591 -0.190220212379866 -0.160078428992747
0.154753260545928 0.0772337733294109 -0.18288686571688 -0.174109233551425
0.104219808793786 0.187570782964082 -0.101777866487553 -0.201009674847755
-0.0383366064880341 0.230255849091197 0.0163174282643521 -0.164427985320352
-0.201933131864478 0.143629258322663 0.0189595442853257 -0.0238545403669917
-0.260540597093196 -0.144666147074622 -0.0712267696764061 -0.0896800858625283
-0.0289651136323875 -0.316984451492335 -0.0480096833454756 -0.249285515726319
0.178979082342207 -0.261415884762856 0.220205187035076 -0.390697342961218
0.194059998758516 -0.284140789569912 -0.0310031387486424 -0.226067134590235
-0.0322505942476035 -0.308633055055735 -0.0471053388255595 -0.106817999830942
-0.214468083551196 -0.165976600928587 -0.0637795967882202 -0.0696046638654851
-0.216460931462465 0.121255987321808 -0.00277812892615833 -0.000576643374654631
-0.0718866514278416 0.247212479922789 0.0191288490662724 -0.0559810080198933
0.0907146818387722 0.237129247536819 -0.0250232500674025 -0.115894667933194
0.190849918349923 0.142439311840962 -0.0918768521005856 -0.139541841507124
0.226454560708863 0.113315993156934 -0.116119170425667 -0.12188096704613
0.218358799559022 0.137841747809266 -0.113564975233281 -0.119822526354053
0.146967847642741 0.284573422143454 -0.0648759591572391 -0.128250223220634
-0.058807176015748 0.342002185462329 0.0037379814152096 -0.104094001955623
-0.288437130552604 0.226866958223361 -0.0139255471994605 0.00563611739542816
-0.397398323675681 -0.168961245615673 -0.0931158579234935 -0.0614009768076721
-0.107269428007589 -0.453626643813033 -0.0497284862582061 -0.194210491684646
0.198396008747856 -0.418807081920845 0.159232263716588 -0.277522229165018
0.222844230290288 -0.365746456769836 -0.107555286015216 -0.114178380179384
-0.0621493800409277 -0.396188427705435 -0.0281653499123545 -0.0382409469181481
-0.284629005131178 -0.210554744921812 -0.0619557676097793 -0.0698027199589275
-0.286416363841203 0.146618454254355 -0.0335377197231142 -0.00173950997816153
-0.105677785377515 0.309547308985617 -0.0162800336128338 0.00506222383667006
0.0953793525232651 0.303126656073066 0.0062614981346106 -0.0254983314216278
0.22029997600719 0.192508528105446 -0.0119955090945385 -0.0718035890275862
0.258997752764166 0.152454432033324 -0.024603706995093 -0.0655553237604335
0.245882191628988 0.17411000161183 -0.0249745864809173 -0.0519763988667602
0.168707469841671 0.334605691312472 -0.00913305845733585 -0.0414840765469294
-0.0628017714408443 0.401029038396032 0.00333558149678582 -0.0247549696256639
-0.321444344954971 0.279635129747453 -0.0378193894096912 0.044258434994574
-0.468281106211916 -0.156843848351457 -0.0978581673154119 -0.0167877769945655
-0.169533365264718 -0.507149629963382 -0.0386128848526842 -0.10883850498299
0.185339081893571 -0.500723718531842 0.0953402300487812 -0.128697927715313
0.214703550454393 -0.400482873279304 -0.192061997682306 0.0350208529804561
-0.0940901596271961 -0.429226770967701 -0.00647805068863981 0.0638261556007991
-0.323113106573529 -0.221361799672191 -0.0472433567443133 -0.0514102055141609
-0.31376238991271 0.157844144279532 -0.0646156969912795 0.00240385591133792
-0.119913851494048 0.32690570169112 -0.0564634901435301 0.0782013288071479
0.0894444579845122 0.322798805802615 0.037879901092352 0.0821103768924066
0.218445704552094 0.211789569748468 0.0721989816291074 0.013283037510066
0.251745314724263 0.167155970847771 0.0702025670764725 0.000739537172187368
0.233674402460661 0.185592091958333 0.0674348389216589 0.0186472793352187
0.15799272327699 0.331210471747378 0.0538533389079653 0.0448576988480568
-0.062745738489349 0.385491137978882 0.0125983451554357 0.0571602341371402
-0.296611167700951 0.265601161091905 -0.0514890156233032 0.080379852065962
-0.435092176315329 -0.125515560795714 -0.0866708083839961 0.0299637017803123
-0.183667127566619 -0.466148005078113 -0.0149098568234254 -0.0185600820112182
0.142968897729471 -0.488413278594337 0.0385243890223175 0.0270814172232654
0.166691934744375 -0.368384903023809 -0.264405257868264 0.198268563571249
-0.109396331993386 -0.383271279352143 0.0162655769629995 0.176176662976725
-0.295505791266599 -0.182127960528225 -0.0231108661741611 -0.0178370727126121
-0.272599311664886 0.138018243960909 -0.0876905449750128 0.0111791707724969
-0.107987269652767 0.280806362069155 -0.0884488752057422 0.14623235197953
0.0698109939590673 0.281861865113846 0.0658114769496558 0.183011067107334
0.182686021576418 0.193252440713388 0.14729841194012 0.0998083130337073
0.205649719000574 0.156801476892623 0.154716015299813 0.0670137131963685
0.18397173784482 0.170916390494769 0.146995500313217 0.08277747637952
0.115227251210008 0.277125576640689 0.105881402820431 0.116053476682874
-0.0644972972558505 0.299046691640416 0.0210471242133905 0.121437604309705
-0.225759062109545 0.18701664930313 -0.0577275029361418 0.0975958896246944
-0.312869779265349 -0.0929469217576859 -0.0660405417922577 0.0617077193514681
-0.145299383938643 -0.350082947344038 0.00905314994416775 0.0511051821349866
0.0871500029363155 -0.392380279680445 -0.00538531895504275 0.156775799416719
0.0858595936394582 -0.271890914203155 -0.307535859152288 0.344468185734969
-0.102786375109072 -0.255500983621909 0.0373806885363284 0.269477536880541
-0.201456043178891 -0.102578740815498 0.00896274459480331 0.0217239262736251
-0.17088302120938 0.0897005050344774 -0.0918074065359993 0.0177846784895014
-0.0735437902677715 0.178603339392397 -0.104752407691688 0.188297625650498
0.0387019580498845 0.188988426698599 0.0847154986858475 0.253766070015351
0.115999606874781 0.142397003794108 0.20167049282846 0.169790871668321
0.128163432521161 0.122569146989042 0.216570732421135 0.121656954786047
0.108946539547667 0.134269924186186 0.19929457058469 0.13262451800905
0.0550549989629641 0.187491520612554 0.132655757709081 0.163950268199974
-0.0630079536712532 0.172835496264512 0.019486171291736 0.156011432686564
-0.13429394952459 0.0803381493518355 -0.0595399840140736 0.0900459214895004
-0.152857127835067 -0.0572704586530907 -0.0430339573725048 0.0717013813609433
-0.0850636214284847 -0.194724663738865 0.0237891040705445 0.0873162541171216
0.0226278483034983 -0.244649945732811 -0.0339685658474809 0.239911528059221
-0.00760505081726864 -0.124126765512685 -0.30995625017932 0.446603279759876
-0.0752613493031484 -0.0846461263931513 0.0568575043686249 0.327490507978272
-0.0704507273740537 -0.00761237831606142 0.0482516999274131 0.0547921081382867
-0.0421880443626243 0.0247106499304814 -0.076796438944226 0.0152865905666703
-0.0302573138929713 0.0478956559579542 -0.103611044778282 0.194731844586038
-0.00160660886424814 0.0668141772054011 0.0905676481837243 0.282385233393997
0.0279126398488159 0.0697440411181856 0.22568600713029 0.212323014006268
0.0305237757492939 0.071528373202667 0.244740364336866 0.15780491912379
0.0226286276331215 0.0789036811618669 0.218801701190751 0.164309559853858
-0.00361973981619927 0.0786137865955623 0.133158857782973 0.187862016909164
-0.0499134119225391 0.0411367447184789 0.00917944908193576 0.16560604364965
-0.0393600692812714 -0.0122337756041868 -0.0564786957342665 0.0656886677695851
-0.00859927773458841 -0.0111160161346939 -0.020774188294563 0.0663320931397718
-0.0378590275507725 -0.0376452055271064 0.0278311633348572 0.101173296976602
-0.0443949626338063 -0.0831347853062499 -0.0468244681809757 0.274319967077138
0.0742989959736046 -0.0522195059128709 0.0470157347838165 -0.322296451353476
-0.000227481294543704 -0.0914217134260381 -0.0808034492889244 -0.137285968804742
-0.0753589907169921 -0.0397813480873492 -0.0279739952848578 -0.0376141685423166
-0.0480238090303747 0.0641811199370295 0.0443004755208639 -0.0186607892505969
0.0143002101481594 0.0702348388033009 0.0359120154735833 -0.140562814052556
0.0531111384977487 0.03665851440367 -0.102142592890162 -0.201964874176743
0.0611381211481777 -0.00591997609733025 -0.211021305099977 -0.177626834054259
0.0657566480580422 -0.0152006027132575 -0.243380657710685 -0.159745285646473
0.0674279818223009 -0.0036944921775451 -0.233155430797729 -0.190318704418956
0.0554074998930887 0.0572443628237283 -0.129055235359572 -0.237595136762538
0.00476802044262933 0.0908400371962859 0.0241483180647803 -0.201470589636891
-0.0772389976326694 0.0635619373347196 0.0557355632390749 -0.0466279415579052
-0.103242538887133 -0.0737851500127801 -0.0452031301237139 -0.0929270578382799
0.0274509824179137 -0.13060818325911 -0.0496761628123989 -0.26061242353807
0.116581269602734 -0.0707462653278083 0.241512283654596 -0.455244077827565
0.13104337628449 -0.181550014245006 0.016381450033337 -0.294573219089604
-0.0239671369111838 -0.199870387984952 -0.0682365437661364 -0.133021747211009
-0.149266130148155 -0.0962849602585241 -0.0548545293738794 -0.0492568317125383
-0.126864738930762 0.100916014273312 0.0247713569260425 -0.0020085533507676
-0.0189864408002721 0.16476402139743 0.0364654489743122 -0.102583897192674
0.0845481741987417 0.137065147129667 -0.0666423488778345 -0.173195352394502
0.138344226441096 0.0650373046098356 -0.166855212010183 -0.16925033808297
0.159319411478897 0.0460822766417553 -0.197795534028763 -0.148768705448981
0.156290413773364 0.0676361193092279 -0.191681999431012 -0.162521320266476
0.114321145899041 0.180496026339667 -0.11226944900141 -0.19424448390262
-0.0250153494642193 0.23079644606619 0.00598389664741775 -0.165286797161999
-0.193115318293523 0.152523429758237 0.0208276664899097 -0.0261379213528893
-0.267290969237426 -0.130697307168143 -0.072728931554942 -0.0861715274771643
-0.0452239877386198 -0.315514726647729 -0.0558253069953628 -0.241863275413038
0.165961030192884 -0.273465309607311 0.201550160101988 -0.39812410471963
0.17791284681688 -0.294037820160013 -0.0364812020497074 -0.224014333872324
-0.0486689978854769 -0.304323967517595 -0.0504017955501844 -0.103875272250606
-0.223767205537839 -0.154289449634695 -0.0690600704359327 -0.0614592203006193
-0.207856302854132 0.13087237677323 -0.00196260195559817 0.00072997339139409
-0.0572858160621584 0.249666827086778 0.0177380158319402 -0.0534917121239357
0.10391519621989 0.229002918169826 -0.0298450174471316 -0.113157992342343
0.196548587019495 0.13114451297156 -0.0998115005399659 -0.132307876088227
0.229242842521774 0.100006383069501 -0.122035433788466 -0.116491930251937
0.222072222958754 0.124405370768503 -0.119164822568172 -0.112614902051131
0.162576739037379 0.274380672118798 -0.0720645326637416 -0.124354055688513
-0.0400118304231999 0.343408953403504 -0.00444500215422455 -0.104144014137453
-0.274923781542656 0.239488414019015 -0.0101477672605208 0.00511791564910695
-0.405502215101686 -0.147903669562425 -0.0919469577416991 -0.057698207467662
-0.129298370751087 -0.44834347885947 -0.0545670082750484 -0.187665788080867
0.179166088866404 -0.432444313268913 0.146829753700013 -0.282830366921513
0.203341907021805 -0.377628887947411 -0.108309407088337 -0.108869777405716
-0.0817641136911144 -0.388998011858168 -0.0292068767090609 -0.0377081258290954
-0.296261401023768 -0.19664237657229 -0.0681350252917397 -0.0609274655797334
-0.276684186528841 0.159295973857589 -0.0327698088847246 0.000321454872934431
-0.0872776692675996 0.313943967826502 -0.0141827656221186 0.010125377233281
0.11301658421522 0.29483584398272 0.00728505147348976 -0.0251067295782014
0.228903196669358 0.179748479821686 -0.0175237065772187 -0.0697406179381101
0.263852582154999 0.136979961919608 -0.028355379783044 -0.0660528195668673
0.251768179720825 0.160487041561133 -0.0274226145092328 -0.0502379839033449
0.18752471368871 0.323640196395616 -0.0116979301350584 -0.0408232159492605
-0.0406947316733127 0.4032943824514 -0.00126747004277772 -0.0243684793563127
-0.305171963325873 0.292952787915684 -0.032858327577469 0.0452584871611391
-0.473838800179065 -0.132812513734134 -0.0935981075460702 -0.0126902333928784
-0.195175265304824 -0.497267611144264 -0.0389034767115753 -0.104658215386905
0.16186751520051 -0.511225369666207 0.089294135075869 -0.130286091890371
0.195210325767799 -0.410477106067217 -0.185318065601193 0.043124407217934
-0.113421563987321 -0.421918171315556 -0.00326790439396166 0.0623173357130212
-0.335642826446001 -0.206421055341933 -0.0525163870890152 -0.0438523713433703
-0.304074306542051 0.171308002282516 -0.0640159898169751 0.00531866823520273
-0.101648442306084 0.331494714803314 -0.0503026777999267 0.0852482777228636
0.107590116000227 0.316412789790587 0.0445315881334854 0.0800917319165405
0.228543532923044 0.198881332837342 0.0701684835848307 0.010121646726873
0.258369296800388 0.151827586856811 0.0699750503742644 -0.00429864619564154
0.240320010456102 0.172320506914934 0.0680986495781579 0.0144503824719325
0.176731206265997 0.320895783011728 0.0555530404829722 0.0414335735095336
-0.0418309493977715 0.388220304413933 0.0129266675678234 0.0571370873868685
-0.280437519953185 0.279717030707903 -0.0446399182906963 0.0822899856246155
-0.441769965614267 -0.104423405097188 -0.0795899391738487 0.0330613891784684
-0.204833044941708 -0.45619055769503 -0.0118967363741726 -0.0168664703745572
0.122124461132904 -0.496092967485809 0.0391011483683392 0.0276058275198012
0.147399457346773 -0.376138353418117 -0.250353696628195 0.209477433827262
-0.125826029972158 -0.374113952692165 0.0234408021119792 0.172401487327913
-0.306197461935342 -0.16920982441593 -0.0263676494858401 -0.012218211000355
-0.265153966138378 0.149202241947142 -0.08645351568774 0.0149142777735663
-0.0927608989403247 0.285433066209879 -0.0794212129425847 0.154288520238241
0.0855638763424514 0.276601032628432 0.07725972353831 0.179252778775003
0.192130307204206 0.183305698059158 0.149213510133605 0.0912568752921395
0.211888424491855 0.144484708104627 0.157316311644135 0.0569018185750414
0.190818058242347 0.160943935013363 0.150188362429956 0.0735928667841337
0.131080028857419 0.269152266683359 0.11126343757739 0.10879192069251
-0.0475054559541388 0.301788729190048 0.0244175485941122 0.120022110626909
-0.215495593977119 0.197112939770938 -0.0512214886619556 0.100062057001548
-0.31688457692362 -0.07801783506111 -0.0566611188707061 0.0630532575587984
-0.160314411933117 -0.342825496436781 0.0145978267923287 0.0501557902112162
0.0709287708081905 -0.396685682987825 0.000577965544070338 0.15901060073992
0.0733159141746004 -0.274205235282679 -0.289370263388389 0.358103771593939
-0.112267508581644 -0.248607478121242 0.0463270962648649 0.264555184740811
-0.206076698675721 -0.0948541012360521 0.00704374981901519 0.0234895335922181
-0.167002360658203 0.096285593489513 -0.0912785634816143 0.0221213373975912
-0.0642332901080828 0.182301000581857 -0.0932165609438982 0.19656361742704
0.049208766033119 0.186087037551521 0.100326337946509 0.249052922151855
0.122653521580119 0.136270620388585 0.207610459556581 0.157663111168699
0.133566824746165 0.11522115381521 0.220745532808271 0.108222514307807
0.115302394509824 0.127728047055353 0.204768245353108 0.120413879854186
0.0659366145897737 0.182945128991304 0.140804041954461 0.15374775152136
-0.053769229555889 0.175997829997208 0.0252856494040497 0.154455925145251
-0.130314486266122 0.0866706591200515 -0.054152528425069 0.0920174560283957
-0.155477981370174 -0.0506982983379146 -0.0336355709383066 0.0713720277232777
-0.0934097558096725 -0.189829284562293 0.029634557470987 0.0850233528668202
0.0146302631929327 -0.245557412264037 -0.0239812949882926 0.241907873685022
-0.0120607355912581 -0.121846780053624 -0.288758665927438 0.458507926313149
-0.0769031361404013 -0.0802026625893914 0.0680173786618281 0.321051724797582
-0.0698570446119676 -0.00589837436775156 0.0481907278259656 0.05385090983161
-0.0414069308745637 0.0249173921455838 -0.0774250391698609 0.0192117922907052
-0.0279301395001665 0.0496682500468085 -0.0929379481378941 0.202470595150196
0.00138117566534587 0.0672224029668365 0.106427193271506 0.276439409549699
0.0315927206583343 0.0689466665504485 0.234913915139529 0.198487309327916
0.03484297924588 0.0697855232519381 0.251458147175887 0.143343459834491
0.0275462311586222 0.0777277187226216 0.225503133621269 0.150322601992633
0.00130309934972417 0.078056824913675 0.141746887618304 0.177847170320903
-0.0484130296111882 0.0447692705222444 0.016384001531935 0.163355556781238
-0.0414195084096808 -0.0105057540264668 -0.0533693699554156 0.067541665521587
-0.00910744226965297 -0.0130301728303684 -0.0126766147832356 0.065077794569798
-0.0381181540742576 -0.0352544038582885 0.0332494687577648 0.0972677868512219
-0.0452937565726029 -0.0786163355905318 -0.035978187566895 0.275770844004704
0.0680893723123792 -0.0556796404836365 0.0331813060536869 -0.315207946068944
-0.00688330230214655 -0.0872183922297248 -0.0834266068422497 -0.128762511491496
-0.0751256007656964 -0.0324778154518179 -0.0306161831583295 -0.0321890032959315
-0.0412791997855116 0.0652522056163632 0.0436160057284626 -0.0176101981037392
0.0186365823633979 0.0665441793079346 0.028074117232679 -0.136218540853482
0.0532169146043339 0.0309294926353066 -0.108571709835172 -0.188916158706813
0.0575045455899001 -0.0094226735668128 -0.211419063672322 -0.158887713367266
0.0616236386492345 -0.0185005880674021 -0.242510575759029 -0.14084448137625
0.0636368737702334 -0.0073039893344209 -0.234563841310722 -0.170205697068374
0.0566805241427927 0.0516676976361879 -0.138608648483327 -0.223045397108205
0.0103092933937127 0.0872516496021837 0.0109462637341758 -0.197183375002955
-0.0704273263196917 0.0646243764372425 0.0536739898818237 -0.0502840698404854
-0.104221863189762 -0.0646465800849142 -0.0472311405216573 -0.0877266840010177
0.0187084754101836 -0.128285156164253 -0.0565007882338939 -0.245175540832423
0.108088532073211 -0.0771564035488035 0.213865130723697 -0.452217855647328
0.115543963408821 -0.183192977225014 0.00608990228705719 -0.286753381146374
-0.0343014009423345 -0.189905830002857 -0.071276241405093 -0.125532237381812
-0.149675764537043 -0.0832999461881023 -0.0568425257698607 -0.0416479181412655
-0.115493366877786 0.10407398640218 0.0247989287994113 -0.00203827514216134
-0.00826876708897611 0.159217745776376 0.0317863244009637 -0.0988365059244313
0.0895699590881539 0.126104207014026 -0.0720226667309774 -0.16275654722692
0.136185316156075 0.0543628195220946 -0.169659262540291 -0.15421366197423
0.155131402626613 0.0349828885713566 -0.198684337327824 -0.13391695973651
0.152868743936721 0.0574503748614951 -0.193284174414624 -0.145262582705655
0.120605592725734 0.168117649232472 -0.119239885450073 -0.181984148631653
-0.0109424810128657 0.223893184527282 -0.00493688070541962 -0.160521537363357
-0.178592073347144 0.156539117840324 0.0214697354039056 -0.0282411372633792
-0.265741417895436 -0.11223027936938 -0.0728981627741424 -0.0802863060605613
-0.0606651311764177 -0.304042600454363 -0.0614178071275365 -0.227786692322954
0.146937430158662 -0.276315890058404 0.176902440485457 -0.392677024989331
0.155933729439058 -0.295269807878878 -0.0419930763928587 -0.216526920032236
-0.0625908284846517 -0.289547530264435 -0.0527309878596835 -0.0986784325205075
-0.225521286736797 -0.135600384069759 -0.0714520099991113 -0.0519494194420217
-0.192561502964352 0.137170292450736 -0.000858333700204693 0.00195699192171152
-0.0409251741813459 0.24365756464198 0.0167369859915167 -0.0500067620383156
0.113613537559535 0.214539672365185 -0.0328633006234958 -0.107040461527218
0.196260446318188 0.115823758789024 -0.104141783250953 -0.121665700674326
0.225027714182642 0.0829399775925863 -0.125172635950519 -0.106946246137307
0.218998617471389 0.108893330751761 -0.120498732745919 -0.101544780618314
0.172981743612277 0.255826809707032 -0.0764470801183511 -0.116482031574836
-0.0182707411494965 0.333872355330862 -0.0119997175558339 -0.100078729051128
-0.25281506774785 0.245085524147002 -0.00678027701105763 0.00424801201878064
-0.401662754965361 -0.122918748034063 -0.0882860358395054 -0.051919883206
-0.148969220300591 -0.428436813651382 -0.0570061789033258 -0.175782970659802
0.1542278143789 -0.431383324561021 0.130781513604817 -0.278169657536044
0.17684288901168 -0.376477097309694 -0.105058415077282 -0.102302338186497
-0.0983214483474631 -0.371524272691986 -0.028898001547069 -0.0353946215938748
-0.298404178536644 -0.175147203447581 -0.0707843764593399 -0.0514085617840884
-0.258369686184301 0.167324512656795 -0.0315359417625813 0.00219723955607848
-0.0665690283600101 0.307205087239577 -0.0112303456532402 0.0140002365873681
0.126023221932952 0.278270834365033 0.00784026678459014 -0.0237602245854798
0.230361039213496 0.16162458945932 -0.0217169586419803 -0.0660037988007284
0.260438753763829 0.116652125402163 -0.031647109017489 -0.0628459973440107
0.249682204110205 0.141950026560852 -0.0285546162705024 -0.0473828690280188
0.199468196680288 0.302396553492039 -0.0135391265466347 -0.0392847349604537
-0.0168419805420173 0.392911838090389 -0.00483221983422781 -0.0225244247045992
-0.279115578467261 0.298455184454539 -0.0268436256346084 0.0446179462166106
-0.465832779978558 -0.104813165063596 -0.0865366350331001 -0.0094856184126896
-0.213289327541158 -0.474766104565176 -0.0384267331865612 -0.0969290773142189
0.134107927895758 -0.507203360501142 0.0806916957872366 -0.128236706880472
0.168360873799537 -0.406808446440617 -0.173785175221192 0.0493556192642708
-0.130064253949298 -0.402456959348896 -0.000293316426882352 0.0592966425905948
-0.336350211312446 -0.18249349494803 -0.0550197979309207 -0.0354162333458271
-0.286730260448897 0.179606447158743 -0.0620295563816556 0.00881500218727606
-0.0797718981966373 0.327097250864144 -0.0416756713631585 0.0894224050837768
0.121474966267991 0.297849936623422 0.0495570718199772 0.0756660633245304
0.231509098284048 0.180352978140772 0.0663490975174317 0.00580730864437906
0.256394427183184 0.132734412210141 0.0659484458037062 -0.00891735513300102
0.240244219107017 0.153950952651817 0.0667734735699443 0.0102762567734084
0.188746438369519 0.299246197829169 0.0558294974656028 0.0362223159440554
-0.018752703558487 0.378592482126843 0.0123511016789683 0.0553700604493606
-0.256591520815818 0.283076466229389 -0.0372380693896351 0.0814591311712652
-0.43181300233063 -0.0787248034099673 -0.0700718341484772 0.0334011219185252
-0.221990555081831 -0.431938116123782 -0.00856321337348454 -0.0151363963192336
0.0964906733562744 -0.490515618948167 0.0391922267868321 0.0275440408680017
0.125046566774112 -0.370774168667176 -0.230814308887773 0.214174014695206
-0.138586070438183 -0.354942869400614 0.0298796514876894 0.165283039843238
-0.305679238071516 -0.149018965640408 -0.0278910886090706 -0.00570494004299354
-0.249943686601713 0.157065890579315 -0.084680447613743 0.0188050169422306
-0.0739370510917169 0.281514255214349 -0.0668876220480191 0.157560809071657
0.0979071464010981 0.262377877094274 0.0868245378662001 0.169882659464356
0.195435450335514 0.167459409494983 0.147656810024098 0.0800905529259245
0.211954362561601 0.12809038852953 0.153749268899482 0.0460550842750504
0.192020478183355 0.145497537626313 0.148854501274359 0.062436709217987
0.142122654471766 0.252494274430771 0.112664199299318 0.097771508039607
-0.0298082549779294 0.294819793001815 0.0282094332006629 0.115253732840859
-0.198002750993122 0.201496189330578 -0.0429679487432602 0.0982521361096085
-0.311132032438238 -0.0595944605228246 -0.0462075309389821 0.0611362541155047
-0.172228904876333 -0.322915721337369 0.0187058004182341 0.047403021898377
0.0519187753773988 -0.389770773777943 0.00735958100628183 0.155942665443547
0.0592997406950554 -0.267679767488847 -0.263527104223151 0.358727895330285
-0.119107618515653 -0.234808020304204 0.0559724843665782 0.252840525397207
-0.204791414958008 -0.0830896692553062 0.00658016708561987 0.0257525358045539
-0.157877208991394 0.100117156549732 -0.0894137683845783 0.0262382354920948
-0.052688248623715 0.180111858991179 -0.0780243789794739 0.199044067545808
0.0580111504451305 0.177600579555582 0.1122619731278 0.235815646736265
0.126623609343434 0.126131155685928 0.207853484572817 0.140637573533656
0.134510824525193 0.104198440852227 0.218125440703754 0.0926343326959961
0.118218505995246 0.117968519031075 0.203246421756678 0.10372265575003
0.0742242101501998 0.172171645324102 0.142914224687153 0.139803992874508
-0.0427459980068277 0.17374831112265 0.0312974255577536 0.147721671292035
-0.121973418255576 0.0897269722945295 -0.0470292456150894 0.0911634036880843
-0.152790599159476 -0.0425219370112905 -0.0238204491631444 0.0677458537685369
-0.0991302185944631 -0.179457024405614 0.0342772719944828 0.0795538556923657
0.00463456586925237 -0.238285399082018 -0.0129756152739772 0.236961795190767
-0.0163928937722429 -0.115393579385647 -0.258224365922717 0.458313091980851
-0.0759293097124583 -0.0732572760563849 0.0774684101316378 0.306490780039628
-0.0681287753946479 -0.00431567925349075 0.0479670142419628 0.0508660665535003
-0.0403981881096258 0.0254540699373588 -0.0754422027254251 0.0227490925169938
-0.024999833686669 0.0505181983631827 -0.0790123461639165 0.203081448473146
0.00501423299040894 0.0653886477890244 0.119822939976619 0.262464608181159
0.034663517212921 0.065885741813128 0.236337688918265 0.178877340985048
0.0376943777363134 0.0659532923672489 0.249462256033325 0.125115480545532
0.0314632906999743 0.0739479458670736 0.224024461814747 0.131973951918017
0.00619607524906057 0.0748484674880647 0.144696921313106 0.162473188811247
-0.0451581399476376 0.0467881033511705 0.0240321385037205 0.15581422572052
-0.0420713233393035 -0.00756383384109484 -0.0486790713801392 0.0670155702203364
-0.0097490939260885 -0.0137466910336419 -0.00528629984259019 0.0606764659852676
-0.0371054335994627 -0.0325233333130812 0.0365184447956853 0.0906992041136782
-0.0447644421761688 -0.0730363173232464 -0.0227941159937225 0.269690983847725
0.0551052421378998 -0.0653646331952719 -0.00789402062390999 -0.297397137766138
-0.0178001693099582 -0.0799585596699177 -0.0929472572440082 -0.108110265282464
-0.0744145663461576 -0.0201563889232635 -0.0303200712612558 -0.0225210118007939
-0.0296125553910556 0.0647464760898084 0.0425066389571704 -0.0217512352003986
0.0261480295093765 0.0590637176238362 0.0116324987841466 -0.133926060879697
0.0524867619437276 0.0221251922916268 -0.123858976567365 -0.167227323548287
0.0502166848586055 -0.0159426573597422 -0.218273721240839 -0.127791476305791
0.0538476578388773 -0.0245493891183064 -0.243619341872688 -0.103087345155997
0.0569457071191147 -0.0132472523414959 -0.239108975967034 -0.132208599380503
0.0590743177208623 0.0426479924138972 -0.156895925665168 -0.191755442327342
0.019892227673048 0.0808353689276953 -0.010862252937108 -0.187577165338143
-0.0581594775742341 0.0676986540054062 0.0468553693542117 -0.0537050554177877
-0.105786685840215 -0.0451687408354413 -0.0582534306251785 -0.0756967505211844
-0.00164055013393557 -0.117634706371567 -0.080665165369392 -0.227117452238778
0.0826180342760994 -0.0883961140243355 0.153466266875989 -0.453855692712914
0.0849014368244232 -0.194460005658595 -0.0322433411120573 -0.256207365055064
-0.0541166213039671 -0.173979215645081 -0.0793104489551461 -0.103581707542044
-0.15104524925628 -0.0592234212097044 -0.0534928129725036 -0.0244991188450191
-0.0949416425205486 0.108738539979913 0.0301559153627157 -0.00514054238406754
0.0110724576017363 0.149107639818193 0.0226472904073071 -0.101335912753082
0.0975031921817007 0.107114922714695 -0.0846680100790909 -0.150084287238796
0.130282013933202 0.034737336140692 -0.177012062657074 -0.128864322744406
0.147769411753839 0.0143071297102085 -0.201493457722412 -0.102357083064771
0.148380447987717 0.0360182767382191 -0.19523887604899 -0.114509094091079
0.132248873608204 0.142070100722686 -0.130309209633343 -0.154861705726919
0.0168011453842456 0.210538960205993 -0.0188094996485515 -0.149253238051763
-0.148381123835388 0.164351437829805 0.0205827624666111 -0.0251190053036838
-0.26228580134245 -0.0692214212765178 -0.0846898412104988 -0.0633163869020065
-0.093955515859103 -0.270575808002164 -0.0909359483587628 -0.214973266695531
0.0946440422986705 -0.277192354428631 0.128700227080419 -0.400383753134924
0.109691899762558 -0.306856713523215 -0.0701463672340777 -0.17379990940917
-0.0913651381115878 -0.264834171412757 -0.0578728683235889 -0.0779273764247519
-0.228301066231755 -0.100255255815441 -0.0654611212390261 -0.0291632102225519
-0.164498134551005 0.147152276151391 0.00867317326699973 0.00220010406522437
-0.00923816914294581 0.231984553428633 0.0178907734892144 -0.0554594470743497
0.13011645507334 0.187165734179111 -0.0385295732927369 -0.105192376223952
0.193879249505667 0.0857700030251486 -0.109095258321041 -0.108100862191796
0.218686041249971 0.0509574576263074 -0.129071558234545 -0.0858423837958384
0.216319051780352 0.0768628097879177 -0.120502693244745 -0.0829442120512186
0.191272616680747 0.216470778216256 -0.0790401719577598 -0.098676137138366
0.0237426250072174 0.314995943596416 -0.0163090166383992 -0.089784985566923
-0.207105427091974 0.254586858658559 -0.00120042287781113 0.0126113236908836
-0.388968589813956 -0.0619324384278953 -0.0984594555317174 -0.0321611580334295
-0.188429795933072 -0.375602106029512 -0.0874967914189674 -0.169922643624993
0.0840048570789238 -0.420312343721854 0.09771553597393 -0.289855634046857
0.120044005388747 -0.386858970963961 -0.117338908491735 -0.0514927177284705
-0.133012773351532 -0.337595193865854 -0.0271564431664109 -0.0193414767204447
-0.301709759085205 -0.129409558859175 -0.0610831236973076 -0.0262751562636855
-0.224521206379545 0.182607785347013 -0.0180077789793812 0.00666806769170308
-0.0273039723843979 0.29540191496609 0.00337036479145434 0.0073183675731721
0.148806575139987 0.246155014872998 0.0116465833655211 -0.0335391310842628
0.231169384676995 0.124681055282945 -0.0230322194951323 -0.0654417615071527
0.256337968087176 0.0789303770578768 -0.0367117953352026 -0.056372530271052
0.249405866800715 0.103668250912725 -0.0273749070072617 -0.0427318511112049
0.221764692460054 0.255856850746315 -0.00930273934055645 -0.0336682656231333
0.0341194154041749 0.36856569225713 0.000419409246681766 -0.0173771374686723
-0.225655274521766 0.308178014945827 -0.0140489908872044 0.0548411891076135
-0.447023895073974 -0.0357952492939898 -0.0924717037259363 0.00945697157400106
-0.252134697653171 -0.410267746060016 -0.0640464068502907 -0.0995510915724599
0.0579994728100861 -0.489132983562803 0.0676770085203262 -0.144030606656226
0.109938150517619 -0.414397348277045 -0.164013822813628 0.101711599210375
-0.163213256846882 -0.364323714392741 0.0119576730673839 0.0677116229790077
-0.339240867375789 -0.133305735052286 -0.0426651181382493 -0.0113429083462151
-0.250187011603704 0.196314065673402 -0.0461627921808354 0.0166629364045367
-0.039015798630027 0.315320227728077 -0.0152173051323125 0.0827762823000994
0.148210725540674 0.265227745431689 0.0639243631996652 0.0550304591893469
0.235758796420126 0.142940729606682 0.0693617545494876 -0.00776897762688632
0.253996883314504 0.0941093199841239 0.0610342105428826 -0.0171217053067483
0.241842481248432 0.116084264788994 0.0686550558652318 -0.000205208297460036
0.211371411749279 0.253307780836335 0.0648647522026872 0.0281000657833607
0.0310066005131896 0.355325785648221 0.0262058192036624 0.0541224457523103
-0.204907623192638 0.290830918131822 -0.0204188604084998 0.0908813911801228
-0.413166257904321 -0.0173554232629069 -0.069172960911068 0.0473385749644012
-0.254132306943084 -0.372371826842728 -0.0266792170532618 -0.0243729090852628
0.0284701771932675 -0.465722667230107 0.0452394361336778 0.00894945217643229
0.0739184589795193 -0.371263212093491 -0.196237742768611 0.261367032530517
-0.165608672645123 -0.319793138127909 0.0517944836680441 0.162577391621386
-0.306405921009658 -0.106969688870408 -0.0148191005878283 0.0104443693152257
-0.219839148595885 0.171708089434885 -0.0680809990642015 0.0296123445347789
-0.0385130412646263 0.271934333165927 -0.0314638304882711 0.15243838259901
0.121961995457138 0.234844074537216 0.11000948605275 0.141750832161033
0.201400664931187 0.135180983522299 0.155111546220836 0.0544523911085003
0.212661832207153 0.0949149871931728 0.149400370337292 0.0235007018381035
0.196697715844345 0.113415722633986 0.150839023493506 0.0395034551683273
0.162149400699715 0.215387764593776 0.12401340398253 0.0783274154891425
0.00916268496143446 0.277558613926873 0.0460219170802492 0.108901546964438
-0.160175285984001 0.208235968744903 -0.0257820387799632 0.105570264060884
-0.295999333106686 -0.0163516730631956 -0.0406496026888345 0.066829720966475
-0.195870561784714 -0.27762006024169 0.0100277730824728 0.0331210348476043
0.00263795810237487 -0.367974885059054 0.0279214807582403 0.137233620043674
0.0242733654105907 -0.262359255136925 -0.206144795311845 0.393498525067176
-0.133952739178938 -0.208052296024999 0.0855652693541186 0.23858844844313
-0.202755643865846 -0.0562287469935943 0.0170922632837474 0.0320075551440181
-0.139547998213422 0.108718874618949 -0.0757112449090723 0.037224213165942
-0.0306217803240042 0.175149429900964 -0.0409295550378474 0.195600594883724
0.0739496723639572 0.160280095910319 0.140005249955101 0.203573701472192
0.133284971584354 0.104192268690134 0.218362529400328 0.107311709559006
0.138448117929793 0.0817154156942034 0.215347752631248 0.0600800923658217
0.124981375035236 0.0959589245624716 0.204789995320978 0.0726570595906826
0.0895922993474304 0.149073714618466 0.154803211168796 0.11373658091229
-0.0188014871534428 0.165996461843086 0.0500284294853572 0.137652991821056
-0.102477512049836 0.0962463629373477 -0.0330847068386928 0.0954129745710805
-0.147428522314665 -0.0206942122442447 -0.0156158856198324 0.0664468396900649
-0.110477151027986 -0.154872859705215 0.0333112089910507 0.0651339402490296
-0.0209788417888585 -0.220208814155365 0.0161431832383629 0.220539421026757
-0.0275323717237968 -0.104822014797379 -0.189409886315784 0.472464328240971
-0.076388452185612 -0.0600315360911616 0.109180164266059 0.281626020411084
-0.0645636835312179 0.00235537995198403 0.0532328315761536 0.0450414283770245
-0.0365346586251815 0.0269080809264966 -0.0679695915625996 0.0327937193989796
-0.0193406786857593 0.0501875743983494 -0.0449430552911758 0.203598656634413
0.0126421182460588 0.0613017067086873 0.147770071184543 0.232716023704547
0.0414751735575612 0.0578695575133311 0.248706887878988 0.142009608314777
0.0434293150481992 0.0576867102173677 0.247541419401803 0.0867011987178798
0.0394863429470054 0.0644669847968825 0.225626205044576 0.0975730726905047
0.0139501379798411 0.0674116797516618 0.156256355199486 0.134435851833847
-0.0361557274816553 0.0485062280525769 0.0395925843693223 0.144511947168141
-0.0398618674214633 -0.00231657854708534 -0.0390657133447072 0.0694647389992648
-0.0113041240352113 -0.0133155991804821 0.00411679266307387 0.0544014704480102
-0.035167560728829 -0.0269690371294559 0.042928798672324 0.079151748221797
-0.0446253041363729 -0.0608764007492962 0.00742168574619699 0.256609029152788
0.0509793864424699 -0.0618507657585701 -0.00231372230634188 -0.283901027704791
-0.0170538647736371 -0.0743977242290162 -0.0861495380142433 -0.10429558313798
-0.0699026481665163 -0.0183392479217144 -0.029584569757439 -0.0194507071532314
-0.0268022034536214 0.0600601040316083 0.042104108111775 -0.0192753901670456
0.0247819795325149 0.0553167426857181 0.0137600039919311 -0.126587486625076
0.0491796499456366 0.0203651949980577 -0.114934823447779 -0.158975281516297
0.0466759836513305 -0.0150687880846439 -0.204200609976337 -0.122406257485047
0.0502188670258172 -0.0227800217835802 -0.229806590199103 -0.100047234188018
0.0531003110666182 -0.0120866566150799 -0.224745367120951 -0.127283880860102
0.0561374017663111 0.040707523868296 -0.147554466601309 -0.182741418728621
0.0190068201516755 0.0762326646545983 -0.0101926617235646 -0.178817510054231
-0.0557130866088447 0.062975601134696 0.0462388909587585 -0.0523830475131207
-0.0997023881290078 -0.0428095331369877 -0.0535493730462936 -0.072621748024682
-0.000633708833608524 -0.111952233428875 -0.0696743004692769 -0.215474099206828
0.0775531387850292 -0.083856582461535 0.152457984282522 -0.429303238517224
0.0803982691176111 -0.184433931963324 -0.0245458872122152 -0.245903723999101
-0.0501008992177352 -0.163696623252608 -0.0728021871922817 -0.100104510840919
-0.142179972266438 -0.0556316023879605 -0.050534048835557 -0.0212683305868713
-0.0892045950223786 0.101013436996933 0.0293043300615967 -0.00383447745510936
0.0104005982324249 0.140059850755266 0.0243085000945214 -0.0951322726208434
0.0913846505302898 0.100788607911 -0.0779395180162721 -0.142679919871736
0.122914121486427 0.0337361355594691 -0.165892360788296 -0.122441153277926
0.138900808049747 0.0143517235847546 -0.190628820482991 -0.0980169275084168
0.138740565340573 0.0359793147214252 -0.183830226737202 -0.109985632241344
0.124900031389495 0.135780898797426 -0.12287625094472 -0.147883345620758
0.0155060071836094 0.200272096546105 -0.0191678712971044 -0.141653567261326
-0.142166302546603 0.153829705313062 0.0214043306237544 -0.0254202321727019
-0.248408919863574 -0.0675529151521494 -0.0783776054899721 -0.0616501526557108
-0.0870216416580806 -0.258881540311568 -0.0786947880942671 -0.204200475936736
0.0919534841755807 -0.264183510791087 0.128891848447293 -0.377851090086626
0.105833949119818 -0.291278517481555 -0.0621957168199367 -0.168957682393817
-0.0837712894444828 -0.250375128387753 -0.0522380710545771 -0.075934963011528
-0.215112551416993 -0.095276994255018 -0.0618653590523323 -0.0249514709815014
-0.156019819722281 0.137469157290307 0.00811601230940872 0.0029370562918695
-0.00899306943476569 0.218645207104593 0.0202401512805092 -0.0507786632523749
0.121586486873549 0.177186106028565 -0.0341752879797263 -0.100651730790864
0.182713974990281 0.0826640361990773 -0.102925937111977 -0.102602805481157
0.205956612492467 0.0495987490931891 -0.122469792747125 -0.0824421173185217
0.202984515794749 0.0748200963818181 -0.11307909707806 -0.0797235954844285
0.18039901434026 0.207413149887483 -0.0748558660236116 -0.0942947908637186
0.0210172842975101 0.298982368085329 -0.0170043576557422 -0.0845486169299458
-0.199095269301155 0.239168208605631 0.000717342675946381 0.0095279606905925
-0.3701047292987 -0.0625801430513002 -0.0905855569798946 -0.0332488096167854
-0.176325518994022 -0.359881223987128 -0.0766481132076545 -0.162083592513597
0.0837282198295938 -0.401587949162549 0.0972049923350622 -0.273047641088681
0.117969996462185 -0.367721595811137 -0.108733073379681 -0.0531914753837522
-0.12136900855185 -0.320237408346184 -0.0243690870813744 -0.020354545034096
-0.285679998748459 -0.123960716020318 -0.0582541573015102 -0.0218464796291728
-0.21448504514241 0.170163798106014 -0.0180504122587407 0.00711813504033385
-0.0270015830940849 0.279138761492151 0.00629342078543463 0.00920460640375908
0.139324422301182 0.233697608615558 0.0130799233662612 -0.0324083936523765
0.217798998220239 0.120111672464287 -0.0223787842878729 -0.0619269963475107
0.241260056418075 0.0767736242865108 -0.035581646889801 -0.0537727921081657
0.234089671121626 0.101870462354873 -0.0255433698415074 -0.0411201485420035
0.208951633443612 0.244558475771605 -0.00899136452635107 -0.0321596202403557
0.0292680875188959 0.350256366166788 -0.00164311612146466 -0.0144643856546089
-0.216953702031317 0.289633536953752 -0.012303556470714 0.0501049170043868
-0.425566022602807 -0.0391495065714476 -0.0844811438671797 0.00498868618053503
-0.236340411768388 -0.395076046071601 -0.0560645361723843 -0.0949520795400646
0.0601908947824114 -0.466120672013185 0.0679448313252676 -0.135000790701419
0.108946857333261 -0.391823336173803 -0.154560623358298 0.0928632354105357
-0.151265598622365 -0.348312396332807 0.0109696256416891 0.0633109057198578
-0.32109904707203 -0.129228056689503 -0.0397422739845749 -0.00790545372009746
-0.239482509107561 0.183763229082073 -0.044849618955446 0.0161383704885732
-0.0375461640755866 0.2985716298773 -0.0121837383532125 0.0809535929968025
0.138940613796521 0.252604342302303 0.062775107446815 0.0522088567781712
0.222919560539444 0.137426427027765 0.0646962735018043 -0.00626676156537769
0.239669769007733 0.0904808324901589 0.0566000555229641 -0.0158940278518345
0.227565652740501 0.112672279083632 0.065105684276526 0.000397621381883029
0.199391201385837 0.242067183930171 0.060549013717331 0.0269226548694952
0.0268012271789219 0.338055739571375 0.0221484632992972 0.0537893702975375
-0.197326031943738 0.272378763029592 -0.0186360547155969 0.0844983401049873
-0.392009338603232 -0.0203130775273897 -0.0627727683849119 0.0404593584044022
-0.238166448425091 -0.35801201149389 -0.022243832704861 -0.0238999593345137
0.0320953268271156 -0.445226009380726 0.0440771934011641 0.0104002382664994
0.0769332036556136 -0.351618501315965 -0.188776815041749 0.243982332403449
-0.152878092572111 -0.305575494920382 0.0475707700208969 0.153975573066329
-0.289647944457086 -0.105158257202755 -0.0146468337694171 0.0132426407082134
-0.211490363108283 0.160309492235453 -0.0667831728889067 0.0284052787392436
-0.0384796423457775 0.258188531344853 -0.0281850684247722 0.146992551183322
0.114347670113909 0.223610160855311 0.105705528958833 0.134690273631113
0.190769282793796 0.12987778309994 0.145335179805947 0.0532848059822969
0.200077578277135 0.092202913581861 0.14051193308389 0.0235937393797467
0.185297743509464 0.109943122866969 0.14151791964002 0.0382289513132561
0.152371109322383 0.205074573744508 0.116221608434514 0.0751445678051811
0.00775021313999028 0.263965367086633 0.0405079672386463 0.104749198222068
-0.153719587550662 0.195375297960481 -0.0244687976435961 0.0984317301319987
-0.28078707337715 -0.0183491344187423 -0.0363701160160464 0.0590399910186875
-0.18235711989665 -0.266765640694443 0.0107657510011124 0.0309006291510619
0.00704439640481586 -0.349985192076823 0.0254788861375892 0.13183525329278
0.0283266027552293 -0.247973163662795 -0.200965773364182 0.370600720921592
-0.122580142385832 -0.199226063359621 0.0764660734141221 0.227223806308604
-0.192043802188048 -0.0559602748847078 0.0157476076233664 0.032969551009888
-0.134844975162208 0.10174413081711 -0.0741566861989095 0.0358823682333484
-0.0302323013357316 0.166162171310641 -0.038504578167497 0.18799552869004
0.0693550468399328 0.152993299458544 0.133083246808419 0.194307304362053
0.1261680649866 0.100478818100803 0.204951064320981 0.103559590829531
0.130692227595965 0.0791077449073188 0.20293644107816 0.0585684060746078
0.117897620341148 0.0921738571441888 0.192283305244927 0.0701466566242171
0.0840372930648183 0.141611884073705 0.145036090977382 0.108240312328806
-0.0186429640386849 0.158256066255012 0.0447019071955885 0.131040443981038
-0.0986543778794687 0.0898464227092857 -0.0326116992255997 0.0895618848374548
-0.138996638744173 -0.0223099686273624 -0.012892265003479 0.0587215134287737
-0.102055553054554 -0.148744783715226 0.0318697330549805 0.0610594090924782
-0.0148649335679775 -0.210385778575286 0.0127566508205655 0.210086379571758
-0.0226883564235116 -0.0984938060029313 -0.186272047989287 0.447160332903443
-0.0698146387039466 -0.0583079453489764 0.0978532162288464 0.268664253098871
-0.0615464912640371 0.000625246637102236 0.0493362124226444 0.044835383731924
-0.0364886257245336 0.0249367941162327 -0.0667821903815436 0.031362315749148
-0.018254441743132 0.0479063763714416 -0.0432809363201716 0.194620668650159
0.0109868175811498 0.0587924797739038 0.139730197506224 0.221369265372094
0.0392419387507405 0.0555925115611568 0.233644670231208 0.13644363569443
0.0411758506048574 0.0552880195414449 0.234014237046908 0.084685325174921
0.0372663016660347 0.0610001335203379 0.211571755874763 0.0944586674544163
0.0122803119148481 0.063724732178159 0.145621989434901 0.127534531099785
-0.0356793564849712 0.0465897379445717 0.0354561430032526 0.136889982061697
-0.0390587971902861 -0.00251040929578505 -0.0385844698933934 0.0649612985866612
-0.0108289660825292 -0.0140333958455574 0.00551843373086023 0.0481928337295008
-0.0325540926253981 -0.0267659726915853 0.0393657954775253 0.0747249860373695
-0.039199220423253 -0.0577318492013975 0.00387135056972873 0.24391145215189
0.0498577870535783 -0.0588472320078001 0.0103380003762695 -0.279705919389384
-0.0148042353974946 -0.0712350078567641 -0.0792392762102755 -0.105047126467448
-0.0667253621399588 -0.0188327291701636 -0.0289070381925074 -0.0180841197189112
-0.0268900302551901 0.0568263653856624 0.042785476894884 -0.0161393866812319
0.0227609441287015 0.0538201115975656 0.0193723414499412 -0.122485805970391
0.0472414018045012 0.0201405394232658 -0.105722653840033 -0.159052912069177
0.0454287816211434 -0.0132341827003445 -0.193314628691218 -0.126214771593809
0.0488131722686415 -0.0206750973427075 -0.220392567075252 -0.104860770466751
0.0504555339155771 -0.00939937036872087 -0.214175384297409 -0.131516469348118
0.0535830832371662 0.0419431120100179 -0.138392190779934 -0.183026851186924
0.0167132267699627 0.0752867760548309 -0.00511317782801323 -0.175481861403893
-0.0562320738565671 0.0593974402759915 0.0480089815595068 -0.05155291442805
-0.0962330137307871 -0.0445384434294054 -0.048994261433926 -0.0725148195484303
0.00259327346242454 -0.10921836432377 -0.0554370219557161 -0.212068020516008
0.076947910143657 -0.0801118641602404 0.165749464537599 -0.411786706229446
0.0834151521498045 -0.177276017018738 -0.0130721328612953 -0.243906524462874
-0.0434744845650197 -0.159178032235119 -0.0661810736966352 -0.101739947435755
-0.135337053343192 -0.0575926708804889 -0.0486128852718885 -0.0198969496482082
-0.0886237806828115 0.0947616011908783 0.0292792078997651 -0.00170323235401863
0.00641581506692451 0.135938835574311 0.0287319570749426 -0.0915887925143159
0.0857620710440623 0.100338011325084 -0.0698147361036561 -0.142438905339269
0.117776073081698 0.0369126137289825 -0.156219006805806 -0.124950982667755
0.13347828665635 0.0193153225664051 -0.182491952035362 -0.102818791959335
0.132923300000832 0.0404475675803891 -0.17466134868629 -0.113598466932053
0.117743078245129 0.136785338759339 -0.115247776313776 -0.14784267872702
0.00917639073831002 0.195340754628657 -0.0153949329994634 -0.138241194556174
-0.143823168435022 0.144462095449455 0.0229338784371055 -0.0262920084549219
-0.239657305649442 -0.0749272468377881 -0.07287363851967 -0.0637111769882496
-0.0761912511427763 -0.257080692600856 -0.0644214831690473 -0.201289167035048
0.0985362387200467 -0.256316345631546 0.141199433018754 -0.363838487036852
0.11252906995347 -0.280557108305049 -0.0516847977338159 -0.170307311018114
-0.072959171004954 -0.246100795040583 -0.0468798413263969 -0.077113032117421
-0.206133568301063 -0.0989520933542674 -0.0591098846656413 -0.0236250865574147
-0.155355990582746 0.127575460192299 0.00806406196407109 0.00371874012326967
-0.0156976465456538 0.212461851962159 0.0237557784050676 -0.0479002751886426
0.113284551061454 0.175836197836274 -0.0288001336210764 -0.100237439090217
0.175211124284589 0.0863465013766507 -0.0967854997898975 -0.10295111731116
0.197758499742736 0.055505696015008 -0.117150188742381 -0.084724959101556
0.194374839011959 0.0813159426603975 -0.10757355149943 -0.0817803541848742
0.16991608751233 0.208003702783481 -0.0700403508759899 -0.0944040247641025
0.0123097739650998 0.292704050146077 -0.016022130222381 -0.0814966114854577
-0.202902919098363 0.225859163189727 0.00170865729705269 0.00769252095796329
-0.358034868338344 -0.0743971407434926 -0.0849675774050613 -0.0377789025909024
-0.159795678568482 -0.359341992503067 -0.0644558779271373 -0.160870740441382
0.0958415369393504 -0.392158774905342 0.107210664363415 -0.262832870925737
0.127167996759043 -0.353350357986994 -0.101566442894923 -0.0583994964488784
-0.106871097546663 -0.317022131804757 -0.0217118133747004 -0.0225168010148884
-0.274000173075145 -0.129533426970419 -0.0551551544156181 -0.0194613871405205
-0.21418735502872 0.158023147037705 -0.0181798193900438 0.007133719121364
-0.0347078171754375 0.271713068740058 0.00786664491908088 0.0108635563121697
0.128845190604854 0.232034080925178 0.0157971960472624 -0.0325327236214647
0.20874085899168 0.124084300356267 -0.0207663431010248 -0.0609024874333076
0.231769344084801 0.0827235554298953 -0.0341196400888186 -0.0533587131072173
0.223788584165447 0.107854002016067 -0.0232264162381723 -0.0415059522142598
0.19675458805347 0.244913705545154 -0.00799850158771359 -0.031660659305001
0.0185102646799959 0.343180415115968 -0.00302946798589782 -0.0121947234052822
-0.221438295138521 0.273186284028214 -0.0128826988326295 0.0468197555292666
-0.413774895284686 -0.0525338325106798 -0.080705571056118 -0.00096977395850584
-0.217175483874719 -0.39413885775528 -0.0477717612621648 -0.0955548534209564
0.0760357461691633 -0.455959005036437 0.072967422658472 -0.129509496160093
0.120989438454585 -0.380264308281985 -0.153059134747243 0.0828162830582674
-0.133124962766182 -0.344488287718704 0.00901851761914315 0.0603729861519689
-0.309643992444914 -0.13752250638185 -0.0387088383475358 -0.0053253535993491
-0.240197481546538 0.17077904398436 -0.0458140181010254 0.0157086237128728
-0.0461224895561108 0.290474847103979 -0.0116479340966369 0.0806684306137945
0.127588823142104 0.250856947887034 0.0612719557713142 0.0519985052481646
0.213334203401732 0.141712365886697 0.0622309283765237 -0.00345533385739792
0.229799742063455 0.0965618392204377 0.0549383270306313 -0.0133391828977653
0.21758512955531 0.118878939908727 0.0636541607442444 0.00212029092706009
0.187378632366533 0.242332904502915 0.0582939923824385 0.0275954607043082
0.0166901980863123 0.330410142878163 0.0179703975656303 0.0548969168270456
-0.202052777519406 0.258872003121402 -0.0201284526938997 0.0804818801020899
-0.381890432159365 -0.0342045651036633 -0.0604837737026122 0.03360190581884
-0.220703579130831 -0.358568221209444 -0.0180224256046061 -0.0248675951492117
0.0494103852210372 -0.436789474785674 0.0436911261611863 0.0113532834135102
0.0882181972678077 -0.340928903617577 -0.191951181730857 0.23042158415111
-0.135905103439666 -0.305313694783504 0.040104880038728 0.15116882028892
-0.279404149083564 -0.112672465021457 -0.0143876381067349 0.0152973400557703
-0.212192468278803 0.148465561096668 -0.0678738256604063 0.026724196473913
-0.045377725915012 0.251349619247024 -0.0299825201994365 0.144842015713436
0.104460247438657 0.222717643104012 0.100290980595635 0.133824276169632
0.1816703454515 0.13344254640468 0.138452377915558 0.0577084690932711
0.192139929781662 0.0960542018062712 0.135501201195019 0.0281474872284271
0.17692798707681 0.113743248950557 0.136187550168663 0.04220727335027
0.142353419937083 0.204688531053956 0.109816124455014 0.0763414620736386
-0.000647458813370906 0.25890057028061 0.0343580173488137 0.104840563559384
-0.15689459753446 0.184256501938494 -0.0267679654878539 0.094190619705065
-0.273455410074907 -0.0280772652598592 -0.0349670408460068 0.0527248980843215
-0.168535803485218 -0.268091080576864 0.0110217382520718 0.0296499401888159
0.0214394712268563 -0.344014982664108 0.0210089601531835 0.130018064932318
0.0390236188271007 -0.241166590290994 -0.210078244396961 0.354105405206437
-0.109738489995598 -0.199945095135079 0.0651291072454874 0.224047167228708
-0.185193771008023 -0.0622730989875701 0.0143937033747756 0.0353271403834366
-0.136129817591692 0.094129217192468 -0.0755799153319661 0.0333609631420474
-0.0353772001887269 0.161436981099002 -0.0420546701761299 0.184629404607255
0.0622643759911922 0.151863150845735 0.125323175582592 0.193321978493245
0.120233764862552 0.101784087999472 0.194612201612637 0.107333365637895
0.124560061971894 0.0816445826612948 0.194791112546747 0.0643988899865357
0.111504932845771 0.0938285292493215 0.184227714910617 0.0749092109581153
0.0767714829874636 0.140363771197494 0.136414347788753 0.109592618980523
-0.0232500691053025 0.153812466775583 0.0380651462308357 0.129995913971804
-0.099269351236919 0.0838294598281728 -0.034441586729074 0.0850112750893355
-0.134895798639392 -0.0275428429658228 -0.0125328408658527 0.0528578165700504
-0.094425634224896 -0.150243621521482 0.0290359697374398 0.0596729714479699
-0.00519902535288547 -0.206880657717626 0.00503657390108479 0.206541303584606
-0.0159955119695554 -0.0967661099722126 -0.200455805630222 0.43051954120547
-0.0641391269288351 -0.0600716588320557 0.0826745937854651 0.265555405528844
-0.0598163643546366 -0.00239582199906005 0.0467010504207779 0.0467958266716617
-0.037308163998202 0.0231373124662527 -0.0679017589923687 0.0296534528458987
-0.0199651904728205 0.0465620974337374 -0.0475592763667043 0.190796242917121
0.00856394170260456 0.0581540878633778 0.130295001601035 0.221134551425097
0.0371954742581624 0.056242982009531 0.222046901142497 0.140655924826375
0.0392517158629104 0.0551593423044005 0.225185120521919 0.0908424002710626
0.0349064376638777 0.0611210135726864 0.201645226453651 0.0993769300882784
0.00961518974277497 0.0623550128029902 0.136169055731989 0.12890352683791
-0.0363500638668599 0.0449448068297882 0.0296503650781697 0.133981840791982
-0.0384466906940233 -0.0041277738878459 -0.040524919920454 0.061166355403286
-0.0100824924094294 -0.0151312360520462 0.00507499369996046 0.0437412328058109
-0.0302147455026848 -0.0279280096537757 0.0350172765890621 0.073018527127676
-0.0334784070228856 -0.0579528622074283 -0.00628124261809804 0.238634027090236
0.0503206322414698 -0.0572223554371463 0.0225387659546518 -0.2855225855422
-0.0128271185985714 -0.0711267501529761 -0.0757325956141847 -0.110185964064607
-0.0664561894364648 -0.0208027059952736 -0.0289432519660959 -0.017756832587609
-0.0279956334598854 0.0560635498934458 0.0457505517586674 -0.0139226463890446
0.0212052633129989 0.0545574635403951 0.025035690152276 -0.123766028006716
0.0466794259956473 0.0210826568043583 -0.100947517788934 -0.165198653861645
0.0459927336171355 -0.0121234444861241 -0.189163357746631 -0.134777241353511
0.0496622886497027 -0.0191809717136022 -0.219384826200881 -0.11488285708648
0.0507617150964646 -0.00714841788791865 -0.211848220837494 -0.141292002860147
0.053460948792802 0.0440724015247015 -0.134570246140417 -0.190427866106908
0.0148617512112671 0.0761419943526093 -0.000152755496692419 -0.178516099792428
-0.0588970087947967 0.0579311970577715 0.0517272055737059 -0.0525868166914615
-0.0955492667306061 -0.0477141180108168 -0.0460787347494029 -0.076376462699411
0.00528028085473329 -0.110338937653378 -0.0428584228883348 -0.216804786962427
0.0795462262342756 -0.0789277836128265 0.186025820093357 -0.411682360596227
0.0895395800957864 -0.175923663887484 -0.00168550535770226 -0.250369905588699
-0.0376633739674592 -0.162231089931393 -0.0622889534510761 -0.10631376982346
-0.134637071656192 -0.062006934644236 -0.0486752334731429 -0.0199079839150459
-0.0920952253275981 0.0913295506609409 0.0303896185364553 0.000304220415169067
0.00199314278074576 0.137616619016478 0.0342532203093092 -0.0912891894565542
0.0829353654168532 0.103319817362173 -0.0649358319649949 -0.147664292504936
0.117769449337722 0.0413103091034206 -0.153114229023318 -0.13159273762832
0.133715552362744 0.0238021220778839 -0.181789341959542 -0.110803088426901
0.132293437424829 0.0469130206762841 -0.172572993921151 -0.122316675626767
0.114839459922993 0.143170101330656 -0.112218462539739 -0.153447128625663
0.00295721427726836 0.198550185151453 -0.0120344228075004 -0.139897045357258
-0.151833923934136 0.141025384954695 0.0256352705778316 -0.0275806601113726
-0.240786265625999 -0.0840979199732128 -0.0700910863355431 -0.0686339223867106
-0.0681809575785304 -0.264385582813122 -0.0523591692131712 -0.206913379990964
0.10959614170017 -0.258114333386705 0.16004210015572 -0.36292259180398
0.123262014484117 -0.280012441163483 -0.0436700331260882 -0.177967527963297
-0.0638731310213369 -0.251078357870135 -0.0439816180539338 -0.081971723237144
-0.204421851526336 -0.106716878549203 -0.0588309741320701 -0.0240023713526856
-0.161188075500858 0.12257848313463 0.00798300948308677 0.00495749939024755
-0.0227628706292101 0.213958680847105 0.0282981588088995 -0.0465666516480823
0.108892195555164 0.181246809107828 -0.0241729955194391 -0.103471282275344
0.174557221671409 0.093451879504526 -0.0945103274735816 -0.107238747333312
0.197566246799764 0.0628031166723549 -0.116280717930345 -0.0901062519535366
0.192420114566159 0.0906479975166789 -0.105408105375217 -0.0874403766892781
0.165577911970482 0.217354044263244 -0.0680299683666095 -0.0977263635974114
0.00255857539542275 0.297307123745592 -0.0147361987892227 -0.0814849864804959
-0.21343247578436 0.220202727120099 0.00272383402819601 0.00613683566916667
-0.361204629547809 -0.0885540615071336 -0.0833674684811 -0.043439114359396
-0.150054269751579 -0.372317269436542 -0.0545826347762678 -0.166079685064233
0.112326588344803 -0.395900581936183 0.121048314024543 -0.262188864607122
0.142589761149149 -0.355335099670892 -0.0994931694712942 -0.0664975767831201
-0.0949437748102075 -0.325511265708429 -0.020347427538036 -0.0261848851699715
-0.272434146132926 -0.141493822968215 -0.0550876774220346 -0.0193768816792805
-0.221771226550554 0.151656781636103 -0.0193480440248776 0.00805244532194472
-0.0442282826420884 0.273854071410762 0.0107563237906102 0.0126157334494104
0.122897169415402 0.239165557467663 0.0189961844766905 -0.0335240125714985
0.207921117293164 0.13343161968822 -0.0199198109255625 -0.0617366306237599
0.230704568254469 0.0918177005419974 -0.0331623357677593 -0.0551095094735264
0.222415401832155 0.119140049477294 -0.0217805285246038 -0.0431094453702538
0.191808981473215 0.255798412521879 -0.00718536041378591 -0.0322512629290691
0.0079432126588355 0.349354464423414 -0.00424577821510363 -0.0105496486216572
-0.234742799886503 0.268316127571858 -0.0130386864230766 0.0451748299063855
-0.418467959967007 -0.0687958748218877 -0.0792090665628118 -0.00703624392877948
-0.207042642746689 -0.411085101917204 -0.0414969058298513 -0.0988932251264696
0.0956779521031145 -0.462493678623227 0.0802094043483143 -0.1288122134314
0.138066576213985 -0.381551566438114 -0.157447516704717 0.0752215734350745
-0.120165456518219 -0.355352979417621 0.00716870565447101 0.059178759336258
-0.308375026794167 -0.151125898436564 -0.0379641817177467 -0.00430964128632072
-0.249909828760462 0.16374395869941 -0.0476186757351212 0.0156414269485992
-0.0563740667460461 0.292499864349125 -0.011590438596177 0.0833766650973151
0.120403059700194 0.259865017672225 0.0625371636704445 0.0535091287273095
0.211157421979577 0.151218339738914 0.0614335401181307 -0.00078057362219391
0.228536588672741 0.106380243012609 0.0555650959824966 -0.0112189941679682
0.215923249316878 0.129448930021749 0.0640935512224279 0.00400045257254892
0.181656843402503 0.252899099403795 0.0574544865513413 0.0306627729510682
0.00645219107358827 0.336781095097241 0.0151348213632242 0.0587682615400097
-0.214562179426921 0.255166593275336 -0.0226135426310912 0.079192838561959
-0.385958670993158 -0.049340791594431 -0.0608076000382591 0.0276345946522097
-0.21101189317621 -0.374078891500943 -0.0146478283852871 -0.0268761529678985
0.0671045739282363 -0.443289936053913 0.0445829185956111 0.0137843152166982
0.105408296601558 -0.342238523767356 -0.203609879794263 0.225007763557877
-0.124067976229422 -0.315606572971053 0.0343283479533066 0.153057911073843
-0.278525141847671 -0.12579699083903 -0.0144311767210622 0.0177129529444888
-0.221543215984107 0.142490251209109 -0.0713251342552878 0.0266008365808045
-0.0549688529417541 0.253427895303319 -0.0330872472248259 0.148526695675829
0.0980553677305745 0.230372116094628 0.0993164148777511 0.138651550787987
0.180252553672545 0.141988975579469 0.136454678778281 0.0638898874660556
0.19103655483411 0.104721243126688 0.135680818059299 0.0339836034862691
0.175252212767869 0.122788367489473 0.136076076055832 0.047390633287255
0.137659638219453 0.212560984292882 0.108012619774759 0.0808293944695427
-0.00902288995793845 0.262554064731671 0.0302678039388896 0.10892144667257
-0.165479069306159 0.180496746079852 -0.0302219108471535 0.0930297586226973
-0.275664797902685 -0.0395257482295197 -0.0360644494848631 0.047785226270317
-0.161520683744404 -0.279643414688959 0.0116312249273601 0.0298922709979253
0.0361736734417473 -0.349711937119939 0.0167420541212862 0.133366272390776
0.0517148447961357 -0.243113184708383 -0.227368885685482 0.350777444214053
-0.101426507879764 -0.208055014986926 0.055348420115895 0.229451120649102
-0.185281922577771 -0.0716915817764481 0.013161107242095 0.0384163201180115
-0.142753265635451 0.0901461109500827 -0.0798373424919437 0.0325785690963913
-0.0416407292924122 0.16251501984071 -0.0476131161283567 0.187801209533205
0.0574984509461685 0.157124583604719 0.121994729113939 0.20056624719219
0.118806419545234 0.107779454045556 0.192674422061351 0.117271067255922
0.123683614258155 0.0873270133710494 0.194566429923942 0.0732892304047599
0.110541485252507 0.0998239395924027 0.183307141817309 0.082746688361383
0.0732053294340181 0.14525585319989 0.133337377520488 0.115201355310181
-0.0288202357214333 0.156364701110792 0.0328569955685747 0.133449404658626
-0.104201360768494 0.0804939844997981 -0.0384183154410213 0.0838625309036405
-0.135609168007656 -0.033489396397016 -0.0132488961549764 0.049303152936726
-0.0897994748322896 -0.156093780107005 0.0276655025497389 0.0610458189784274
0.0044918058554703 -0.210652745542204 -0.00318451739622037 0.210047375902318
-0.010310336968115 -0.0988989336497115 -0.220718095558772 0.429156771804684
-0.060828389015674 -0.0643872080985303 0.070979176557296 0.273387946628357
-0.0603829706977078 -0.00519217702144623 0.0447223658584977 0.0506954959175709
-0.0394341565575497 0.0214816668101885 -0.0713144192046239 0.028706368472522
-0.0219503053126739 0.0465942690838866 -0.0536960167902739 0.193249218474675
0.00668871926216732 0.060700079437761 0.12601164010843 0.228191506468881
0.0359948803549767 0.0587031173189325 0.219021276921665 0.151506047912405
0.0382955130165551 0.0583680579297397 0.223863773221522 0.100409127780212
0.0338587159761438 0.063516324498259 0.199802593473815 0.108558735781319
0.00735948932482605 0.063701781169074 0.132159946693019 0.134591975679374
-0.0394051968800428 0.0454595736991535 0.0245535913933241 0.136163828297489
-0.0396128734771991 -0.00525095501088723 -0.0439528047894734 0.0603037168440059
-0.00960141109793464 -0.017262453154097 0.0050550088495022 0.0415819514478751
-0.0287024338380472 -0.0301398996987739 0.032497220719623 0.0753904717855431
-0.0298042814571815 -0.0599307420954031 -0.0160833273665828 0.242623126076851
0.0518820261643125 -0.0590201774193653 0.0288531557774731 -0.302029498556193
-0.0131615044293731 -0.0732943649504056 -0.0768670022681386 -0.117361591260255
-0.0687686175674687 -0.0215405155416822 -0.0303236507558045 -0.0175523761257081
-0.0291553173933295 0.0574613156410545 0.0492703641525995 -0.013327645650055
0.0217303418610803 0.0569856915441457 0.0289999832190796 -0.129488190758943
0.0483690979084038 0.0215897755979445 -0.102895034257004 -0.174688477838986
0.0477999520557271 -0.0125561041372961 -0.195737431767596 -0.143868107376972
0.0510819632937562 -0.0193845495288024 -0.22762959295546 -0.123314727884078
0.0524248740046567 -0.00592855409668703 -0.220219674889727 -0.150787530869563
0.0562227787829823 0.0475269426964833 -0.139270346007534 -0.201292539361542
0.0158296135425464 0.0796358026036532 0.0015068900279319 -0.18744180744156
-0.0623834950113758 0.0598831129637798 0.0556929308650176 -0.0561084928176628
-0.0996969066943629 -0.0508392397255333 -0.0464646794238141 -0.0809130276113549
0.00644261393171436 -0.115853397967303 -0.0374867971551377 -0.227942608679987
0.0833884926667571 -0.0824975471590731 0.203566051993387 -0.427892051571238
0.0941035951960201 -0.18351935955687 0.00283768816352076 -0.266064425300748
-0.0375956578000664 -0.168693831665345 -0.0626329629042079 -0.114174444594772
-0.139238745377886 -0.0657095985242706 -0.0510517699395659 -0.0199448333320015
-0.0960475629837251 0.0934946295071161 0.0331625122904311 0.00180328642039572
0.000897337702843213 0.143078546758738 0.0391620423257959 -0.0947907839265181
0.08556751031432 0.108436869969618 -0.0653045032876096 -0.156103653093592
0.122649460936883 0.0444057057415927 -0.157802829089343 -0.140030467333946
0.138867043715022 0.027003334758302 -0.188645830325846 -0.118596235090766
0.136522705783066 0.0523954819615066 -0.179463538868903 -0.130846105601968
0.119900968125876 0.151752986861136 -0.115881787981236 -0.162425400166642
0.00214820945119504 0.20779159504321 -0.0115773910945171 -0.145985864645501
-0.160412279367635 0.145217134259426 0.0287705926134552 -0.0305058120281297
-0.251269586296134 -0.0922325129182079 -0.0711124657524098 -0.0745062747817981
-0.0697318873027279 -0.278838924299542 -0.04717427538583 -0.218242543973478
0.117475643466333 -0.27074511859468 0.17547701801756 -0.379368331880072
0.132013343982757 -0.292229416547797 -0.0417411991973735 -0.190216199392749
-0.0634437501097628 -0.263568084368587 -0.0434053711193117 -0.0892820129501997
-0.212339440634719 -0.113360375517631 -0.0610492752084369 -0.0233412528757266
-0.169012741166106 0.125242955627871 0.00878613465203025 0.00649801565320535
-0.025775966115728 0.223400157332892 0.0324801599704034 -0.047885810888347
0.112498765611902 0.190781036096941 -0.0231184307030271 -0.10956314076482
0.18138820537248 0.100073182337021 -0.0978730354755891 -0.113171238077124
0.205475664013815 0.0687035941171036 -0.120875297602878 -0.096209715704278
0.200164858207482 0.0993972316266344 -0.108650618836341 -0.0932505301124986
0.171971145182719 0.230295745758445 -0.0703936385762369 -0.102994006572256
0.00063279305810019 0.312855376945377 -0.0154673477394575 -0.0840360398918067
-0.226909444358395 0.227539533793768 0.00438034851038862 0.00401173135137133
-0.377780610495258 -0.0978534337117922 -0.0845976241290146 -0.0494273137341499
-0.153637279840548 -0.394843574779072 -0.0504756726473468 -0.175413355991792
0.124094934382599 -0.415627604660697 0.131996639034217 -0.274364070644444
0.153718338237597 -0.371815636143532 -0.101079034958463 -0.0736862147092484
-0.0951198638393943 -0.342568927888398 -0.0201284893375052 -0.0301484138999158
-0.283223879114165 -0.151382331213229 -0.0565164102663272 -0.018415232718995
-0.234316175220483 0.155833600634653 -0.0202066549153744 0.0090544588349638
-0.0489556611539629 0.287042408238152 0.0144420462955589 0.0141880949773745
0.12661396789739 0.252567851569812 0.0213248189489905 -0.0358386301065252
0.216658535859185 0.142466083819931 -0.0209072669844201 -0.0637597255867534
0.239968942349267 0.0990201256231405 -0.0340440244477947 -0.0581704173334545
0.231170236177554 0.128710983124659 -0.0218324523244808 -0.0459825002496243
0.199122327801148 0.271179547970332 -0.00717825752036964 -0.0337600651900337
0.00557554936752103 0.367427011605644 -0.00563030971606191 -0.00855699331864115
-0.249786090471368 0.277232185661522 -0.0133591428735655 0.0455263739491279
-0.43818232136287 -0.07904711148811 -0.0811058356759999 -0.0116323626918867
-0.21433462808912 -0.434796044191007 -0.038337070925111 -0.105508192224995
0.107968954419554 -0.487434810039775 0.0867398955963217 -0.134509622704386
0.149647217438077 -0.399118027849349 -0.164475561938806 0.0756507295010323
-0.1201314489646 -0.374058293645604 0.00743153290385909 0.0600673794759632
-0.320645532553619 -0.160937344075271 -0.0391783986065216 -0.00224941945801342
-0.264635468537251 0.16765463752596 -0.0512140980599932 0.0172801989553662
-0.0622190302204667 0.30679853380242 -0.0101885876698432 0.088708859411887
0.124570090032741 0.274074868085518 0.0664438456948613 0.0556738727088155
0.220895998552005 0.161437529221777 0.063434496489616 0.00161553599556676
0.23877741342619 0.114321062340212 0.0582356735275958 -0.0115724974297068
0.22473810095164 0.140039958107268 0.067117208099389 0.0041970135165409
0.188914398205897 0.267127242389874 0.0598979008319214 0.0325510792925217
0.00410268564948478 0.353601361071053 0.0137165621665792 0.0642753465436893
-0.228062118816382 0.263667310186203 -0.024131157970708 0.081235517691297
-0.404080136141513 -0.0567087730322468 -0.0620464583148322 0.0246284514126632
-0.218936767100112 -0.397054975901252 -0.0122700212196776 -0.0289933392123746
0.0770910679574913 -0.467052888136468 0.047028273899036 0.0143790045283323
0.11619802558145 -0.358797482639064 -0.216233401134681 0.232111193424736
-0.124092795273103 -0.33313006864577 0.0338021108377072 0.159237688816277
-0.290084736111351 -0.136778566332526 -0.0148888962491623 0.0211847007813537
-0.234936073253183 0.146204292807779 -0.0763640236190809 0.0278675114119986
-0.0603301394013179 0.265710498700792 -0.033754147985425 0.156857829161836
0.100588157233662 0.243454062627719 0.104756622625066 0.145689171032611
0.188177633348979 0.151260565359312 0.141416348537962 0.0694228120846248
0.198901372792865 0.111802518023956 0.141481477756583 0.0378327031271604
0.182700169909615 0.132141139414712 0.141829736889053 0.0510001403553426
0.142061836803776 0.224154360438731 0.11192975106205 0.085900754862078
-0.0113344221740163 0.276970133390776 0.0297421151968498 0.116494710306946
-0.175727642464893 0.186144646119826 -0.0328211558927548 0.0958812674791066
-0.28869530843061 -0.045540527099853 -0.0366321574141775 0.0455531878741781
-0.167001604480753 -0.29651087726272 0.0136456507681302 0.0302587434129698
0.0441070087354367 -0.367306049329729 0.0159639091686003 0.139660796173497
0.0594501641232539 -0.254885382642891 -0.243765848032168 0.364949564557159
-0.101545649966764 -0.221064147063041 0.0533161365457441 0.240093959324755
-0.193143098351237 -0.0782501956195237 0.013944020832598 0.0424588695749485
-0.151334780659816 0.0920433021469774 -0.0856080477555752 0.0347754934105403
-0.0455266843128524 0.170353085735614 -0.0493324504998546 0.198515114871176
0.0588848347536996 0.167268548670194 0.127664199798908 0.211538129250755
0.123664173017691 0.115459420111724 0.199269565743417 0.126104329485556
0.128563101811418 0.0936185336159839 0.203202487155661 0.0793891938982977
0.115094798406916 0.106452712014015 0.190816663752781 0.0888525939137159
0.0749593118805348 0.153107493249152 0.137383852013484 0.121698225824909
-0.0313676146283438 0.164671223182907 0.0317986547846633 0.141193333460573
-0.111164873818076 0.0826771792799761 -0.0417766045413858 0.087344998130122
-0.140996990433475 -0.0381833579792569 -0.0130954752225969 0.0474742449333795
-0.0917093097679376 -0.165528873290971 0.0279631919243027 0.0639854460659178
0.00961929904185867 -0.221589567258448 -0.00700004183281256 0.220254340739791
-0.00689919165596732 -0.104260228122302 -0.239743490501476 0.447557451455756
-0.060993274994893 -0.0691929373135274 0.0679343987134561 0.287977051731735
-0.0624535034486058 -0.00722312729716271 0.0458778497365606 0.0549402893336595
-0.0422498029036036 0.0218417003076777 -0.0766010195460436 0.0306885123337538
-0.0234561930571323 0.0486010530275918 -0.0579236986771689 0.203644458726229
0.00603282432404558 0.0648982965953338 0.130387983241739 0.241645933870613
0.0372637203710042 0.0632776846424668 0.226870421549917 0.161981766676504
0.0397871380027152 0.062169081511161 0.233238837949802 0.108189410413195
0.0350671501163575 0.0664109986144395 0.207293220094023 0.116091651965325
0.00689414031800059 0.0671392233947464 0.135523034141016 0.142553087509449
-0.042089085702034 0.0482857082815693 0.0225747306062854 0.141618951578893
-0.0425307187272134 -0.00642442794830984 -0.0477117058472905 0.061902792034163
-0.00998232871016039 -0.0191973301702044 0.00547991071403665 0.0398242820441291
-0.0289653808598256 -0.0324392447960953 0.0323684228072451 0.0787510706731524
-0.0276051490331424 -0.0632790510797085 -0.0209578192070414 0.254405150762675
0.0462128856228289 -0.06821567174947 -0.0178958482725008 -0.319961931924197
-0.0226402759221549 -0.0735157859218526 -0.0972225865754552 -0.110544548420676
-0.0743288504064839 -0.011466339024714 -0.0308876684013651 -0.0130869693755479
-0.0222446485126473 0.0638907626629693 0.0518151662963453 -0.0246747260709696
0.0325560152226295 0.0566178833815452 0.00830924379682916 -0.143627064970027
0.0541730663492288 0.0149376705140451 -0.13795349836051 -0.169372511367902
0.0477545030547409 -0.0199707878154593 -0.232078752235324 -0.121610891842776
0.0513786545937894 -0.028325542146128 -0.25557692570012 -0.0956415042424202
0.0538749291578842 -0.0144998394294572 -0.254057777313672 -0.12696134786112
0.0680949231896553 0.0403569503330863 -0.176219331072067 -0.189823746811933
0.0304041273805339 0.0801685931988964 -0.0263731544587678 -0.19837060540158
-0.0569124587798052 0.0709029701919537 0.0528514459523553 -0.0700477745079221
-0.111110946250244 -0.0368684544215873 -0.0598982259762324 -0.0766852893550203
-0.0108806668512061 -0.1180782737615 -0.071417641339588 -0.2334342225459
0.0698516772003344 -0.0963910340416665 0.15557497419546 -0.481620344752535
0.0710204052632587 -0.207962916756821 -0.0336058898149839 -0.268286888363756
-0.0620691691415036 -0.171619721612996 -0.0774758558964034 -0.106768781821033
-0.154214076925334 -0.0486007442183163 -0.046785873799213 -0.0114977386498111
-0.0871321985412495 0.109883928603499 0.0402611188438779 -0.00815678083229781
0.0220723791987023 0.149009340965254 0.025928158389362 -0.113793605354969
0.105669321062815 0.101072198653377 -0.0972782832605948 -0.159466105933505
0.134423847605015 0.0293760210832722 -0.192816194992763 -0.12587720185543
0.149375425086103 0.00747138099739845 -0.214757350667797 -0.0962349593909192
0.150170191445706 0.0340518085397585 -0.208094872442901 -0.111804489890303
0.148543329011053 0.139410740638671 -0.144570514409449 -0.154113642920307
0.0358085922059265 0.21563898979475 -0.0335307001334591 -0.15389510498834
-0.147409893432437 0.172108985991546 0.0307862444796657 -0.0394184037656182
-0.274608928905512 -0.0564465656731565 -0.0831281412932867 -0.0640897795877846
-0.112654164175231 -0.276215092009105 -0.0844043431215326 -0.22044464687206
0.0784346817114942 -0.295489072212547 0.133352904210039 -0.425179769577076
0.09266361909918 -0.331901425541745 -0.0637977426194469 -0.171071370929007
-0.102140042958377 -0.268910394340184 -0.0504601450581022 -0.0804972884588232
-0.238472861949945 -0.0877482183437906 -0.0525513103529654 -0.0129929041994056
-0.159439914115745 0.15227026803558 0.0186232470418068 -0.000150467024242794
0.00490644017186431 0.236952218314578 0.0283536991357811 -0.0675403748281772
0.145260088072068 0.183870871339634 -0.047392762109778 -0.121543880207852
0.203609550134265 0.0796186681794277 -0.126117749836079 -0.108718608989609
0.224861552541875 0.0419966328991195 -0.141521303236925 -0.0825538198326864
0.222931149110665 0.0736665598730315 -0.128654243043474 -0.0834710530765686
0.214007881648414 0.21365359249493 -0.086814521488516 -0.098911840328858
0.0486519205355594 0.324026428982918 -0.0275004049766972 -0.0888227866964916
-0.205424490419037 0.26644459385621 0.012215972903272 -0.000130573125628602
-0.405926865383114 -0.0439942382771978 -0.0929661349588365 -0.0345402707709157
-0.215616161194562 -0.384663916355652 -0.0842907578543249 -0.173675143588644
0.0642265225739816 -0.447289423154801 0.101884301078805 -0.311375715285034
0.102878689863508 -0.4207497162806 -0.104594883658518 -0.03107675247756
-0.146939789201727 -0.3489951836196 -0.0135738864946739 -0.0200478146368004
-0.319302814523889 -0.117662977023314 -0.0415341922133417 -0.008523269921926
-0.224352081265137 0.192707982351614 -0.00821694023949399 0.00600458596304226
-0.0118362258781741 0.305352839955295 0.0209972253330595 -0.00222755009059556
0.169117523844876 0.24657963814078 0.0101202537894932 -0.0544588931616161
0.247100903489157 0.11972014067465 -0.0368282138383918 -0.0701258131982663
0.265184256299428 0.0692575110071737 -0.0465790503385537 -0.0557208991478887
0.26019966820861 0.100338228968537 -0.029978573307563 -0.0465843829216639
0.247038352000709 0.251981175720345 -0.0102735284609169 -0.036078922813461
0.0624476604443985 0.380126227340047 -0.00540533358696441 -0.0109540214788568
-0.222361725391698 0.322042979047835 0.000288974778526914 0.0457322988730858
-0.466085847534335 -0.0156584179758506 -0.0827302289073768 0.00445844466129192
-0.284342920050758 -0.418882495935279 -0.0625936677039438 -0.10075151228783
0.0392516039329459 -0.518253786038818 0.0735305292965845 -0.15766326014543
0.0943586623922529 -0.452251400378084 -0.145580199163422 0.139442166746396
-0.180161519854571 -0.382513910119101 0.0305938881672332 0.0720480862569369
-0.361288532298542 -0.124900266029297 -0.0182473566784886 0.00594646702188294
-0.255636665514857 0.209584049989512 -0.0381839831837688 0.0189421356023416
-0.0236916245856717 0.328539147723818 0.00896654288294686 0.0793433411502749
0.169611621232169 0.26985928628062 0.0730224255979328 0.0340363591738779
0.253187427610132 0.139107094720546 0.0632456456200136 -0.0158060781037199
0.265034659900243 0.085581816564832 0.056677489817352 -0.0202863814515056
0.255057524559703 0.11293645946467 0.0713864502445088 -0.00701527300189064
0.235435193666088 0.249980466090507 0.0704526868293221 0.0231803537005008
0.0582698787349016 0.366147885090483 0.0256566751859253 0.0630890039393034
-0.200549308372034 0.303043216125414 -0.00594087318390126 0.0855936422925029
-0.428206832687941 0.0030356071781532 -0.0572794347198702 0.0383140937294971
-0.283738993881948 -0.378898899871775 -0.0243571601849556 -0.0245404277352153
0.0113048564760855 -0.494412239616629 0.0520775793702569 0.00553932710222921
0.0660906039715163 -0.406818025505427 -0.175675501960404 0.310770672689167
-0.178211614188895 -0.338331368136157 0.0728146856107422 0.17204340918541
-0.325151999276451 -0.102605284397379 0.00908950093675322 0.0254948702525026
-0.228301770539284 0.183302955219444 -0.064374036325832 0.0362419150298513
-0.0288918017520103 0.284999642111838 -0.00401981630729698 0.157197876191753
0.139927603556312 0.241664931466182 0.128689407176415 0.124153885223643
0.217440535953024 0.133118477709387 0.158492555494754 0.044554206743549
0.223551638446663 0.0896705396665134 0.151053819912606 0.0174111674774038
0.209006436376741 0.111261785019092 0.157006470885936 0.03114941053657
0.179918246839498 0.212266812998679 0.13210776851131 0.0708039272157465
0.0300234187064244 0.288584813506368 0.0492890459508318 0.116370179383531
-0.157571814803932 0.215602527210745 -0.0150723171618724 0.103961716713525
-0.304614662462837 -0.00412935535930465 -0.0286907454510451 0.0543197650583413
-0.216640342855766 -0.282895438208202 0.0130498858128929 0.032838505332874
-0.00739645596514305 -0.387254843412451 0.0368416158782793 0.142390439529339
0.0216611514005509 -0.287104429424695 -0.187027471147755 0.446058418377724
-0.139015278639888 -0.222178040466713 0.10238752200149 0.251807585835754
-0.214329365148694 -0.0563806869526554 0.0346530509902042 0.0428740490884825
-0.147587882665219 0.114952835050603 -0.0770973007715527 0.0479039437818852
-0.0268881188999088 0.183384079162113 -0.0152051313606052 0.208438104651174
0.0847278197209955 0.167755144706942 0.165850155294814 0.193262332256689
0.145586609381526 0.104709747107715 0.23070720978582 0.0965332488206946
0.146994999124709 0.0808052679267585 0.221518690760767 0.0520850023129096
0.135171750571777 0.094951084659854 0.212903695658983 0.0647231804813813
0.0990899125192763 0.148690855570361 0.162362153337661 0.105610676028355
-0.00869625085368585 0.17584547064326 0.0544008675916101 0.141909344884995
-0.1038859338988 0.100038266605853 -0.0284573521049752 0.0969670911375352
-0.151421215674104 -0.0189867288388918 -0.00526472853307772 0.0507170316089727
-0.118907869500733 -0.15870621912003 0.0357328862404438 0.0642141768535515
-0.0194323650874067 -0.231574477597902 0.0236421056275311 0.232521810907173
-0.0249033967227439 -0.115297884956867 -0.1740705138293 0.519855027740818
-0.0755851999750113 -0.0674802027094675 0.118576558562504 0.295721157791216
-0.0672059619182615 0.000246542205697854 0.0605404128775062 0.0507320852069884
-0.0427166190881259 0.0279866251748524 -0.0733530628501165 0.0456978710088057
-0.0210656990694109 0.053044237812863 -0.023859008480904 0.221506700168117
0.0144053988396893 0.067855142206327 0.176853238825285 0.230424672008172
0.047424974935148 0.0617195310291945 0.268330325709789 0.132459225747879
0.0497249732952283 0.0610049659711155 0.258107636225321 0.0790024507802821
0.046526380116584 0.0652147442780414 0.234550043312629 0.0917204276040217
0.01490875663214 0.0694557427744238 0.162665128103931 0.128815861818767
-0.0376724762768646 0.0576873722320137 0.0439426307886202 0.145535679324503
-0.0459467523200189 -0.000905073230986313 -0.0413852127790843 0.0723658342432565
-0.0138054135580228 -0.0198840924159242 0.0120300378272113 0.0382454868448492
-0.0340405617839102 -0.0304178700217551 0.0444358843781469 0.0779212023649817
-0.0343880940454242 -0.062596589009781 0.0128308377867697 0.271166436426838
0.040336988438591 -0.0711874016534577 -0.0424332803846902 -0.328466034920163
-0.0289047144346126 -0.0715124421622476 -0.107155199889694 -0.10742877265029
-0.076461992043915 -0.00566115830236113 -0.0322617587615481 -0.00914192584509128
-0.0167852110631593 0.0659770883561483 0.0521929100561201 -0.0294878089315107
0.0374718334495962 0.0550432145903342 -0.000985180842760248 -0.147267555828727
0.055094426071313 0.0103470250007713 -0.153459094764008 -0.162134892640793
0.0468294998883298 -0.0249547377552329 -0.244601186132736 -0.108023669758847
0.0496420123040557 -0.032178776920326 -0.268035297870476 -0.0793641756319072
0.0542370407055586 -0.0181359351943195 -0.268925087610362 -0.109156138173023
0.0732946740384517 0.0350609838034518 -0.194163539019008 -0.1797576397521
0.0376214621721737 0.0782988027835923 -0.0429651198849625 -0.200555942310679
-0.0523156649471345 0.0762086569898831 0.0485003884506257 -0.0779372042548306
-0.11583802921614 -0.027838325040445 -0.0660316450146244 -0.0744305229006459
-0.0205501499565029 -0.11905086062193 -0.0858623188535691 -0.235048041562158
0.0619920834419559 -0.103522062203016 0.124262471753037 -0.502776769095252
0.0544585104226681 -0.215868997110944 -0.0541617634461931 -0.274479887153748
-0.0758674692449018 -0.168423938232853 -0.0874704762043361 -0.105856388488485
-0.160086028603485 -0.036499074187944 -0.0483577494050645 -0.00657989241173745
-0.0801419245233717 0.11714089697604 0.0412081184050081 -0.0111482672134241
0.0346790653623877 0.149936840353589 0.0189902534750613 -0.11868401692586
0.114846766075928 0.0944691710589267 -0.111426263035711 -0.156200099998824
0.138472600910386 0.0189798542718357 -0.205692346164836 -0.113524938671094
0.151891727358264 -0.00338484860198514 -0.226241395140173 -0.0825459000821801
0.155770700020356 0.0249730426348621 -0.220148591265987 -0.0984011045325914
0.163561521183556 0.129919106988254 -0.159083121703138 -0.145121166050638
0.0531410289664826 0.216136833690617 -0.0459737978015558 -0.153706855213791
-0.137474788218055 0.186415834636698 0.0291573540851477 -0.04566980961145
-0.283847633728638 -0.0360321532538954 -0.0897309322188187 -0.0608971448892472
-0.136302055291694 -0.273310874395281 -0.0979246189312077 -0.220334064156332
0.0569301582427497 -0.308323296266705 0.104117086202373 -0.445638164286945
0.0670596683360081 -0.344758391694285 -0.0776221648408298 -0.174025038621627
-0.124420713345018 -0.265045318923954 -0.0578576652750747 -0.0819781635713897
-0.248216774746194 -0.0713276461433254 -0.053375226828871 -0.00774855552619965
-0.150405494485498 0.166456346327767 0.0200816713437726 -0.0012944358213736
0.0239424049418626 0.240607293603926 0.0261897370819002 -0.0719049195407583
0.162281811294914 0.176334590903205 -0.0576537770203812 -0.122138744826604
0.213514783643767 0.0649568203669041 -0.135643007178902 -0.100501986802594
0.230986313173589 0.0254909989718314 -0.150254068852665 -0.0743384234223939
0.233651026328938 0.0592957148884846 -0.137213592318553 -0.0763510115387468
0.235541299545135 0.201026495556801 -0.095859789483858 -0.0940746468092117
0.0765192811161351 0.32623260184297 -0.0349092315532413 -0.0862580831177647
-0.190241250680225 0.286450809278017 0.0132177651823777 -0.00363481405411675
-0.418360967764632 -0.0142741052783886 -0.096783050903434 -0.0308734195905974
-0.250181047140875 -0.375843107038153 -0.0950996361417635 -0.173097705490303
0.030944854259948 -0.462105652958979 0.0812769090245634 -0.326848502178863
0.0714718681946556 -0.437805362258386 -0.107982043687193 -0.0276536511026612
-0.176656172256741 -0.344155792160725 -0.0155577054646376 -0.0231859823726025
-0.333052184203257 -0.0959092632401908 -0.0417182282056318 -0.00321590821346425
-0.214033239897872 0.21293243114759 -0.00714671233330596 0.00777690651928853
0.0134518604576984 0.31282814725397 0.0241197013845347 -0.00449205442875926
0.193099836273857 0.238836303225795 0.00733521263900124 -0.0581408139749888
0.2606765220582 0.10268996588688 -0.042472897817951 -0.0677473886932552
0.274880254135719 0.0505573776397405 -0.0516849713790236 -0.0534471282052605
0.273042177555897 0.0840212007130195 -0.0337217138660113 -0.0466194669134278
0.273679824062374 0.237215193071945 -0.012546694348479 -0.0362520624583273
0.0949037613892096 0.382989454732969 -0.00587223604112525 -0.0080282868419983
-0.203345539675835 0.344263090541906 0.0040276397728278 0.0445005651797532
-0.47657739837823 0.0199446815005591 -0.0836114846433382 0.00714354791421004
-0.3232086600105 -0.406372379322031 -0.0686908247107352 -0.100781684625224
0.000443526931404221 -0.53372966393296 0.0625880407477395 -0.167967681447701
0.0601387064574378 -0.469412305177193 -0.136349936841819 0.150590966777921
-0.211660328899521 -0.375664135961716 0.0359463365489474 0.0677074924567906
-0.377045977158445 -0.10024727857869 -0.0162773255088239 0.00911440728144612
-0.245359387077575 0.232853368013845 -0.0368315383220548 0.0236056510196385
0.00183910947443996 0.337243402675388 0.0188556037472442 0.0798295197605467
0.19554761188481 0.262317051341996 0.0783133501317069 0.0272270666240057
0.269791681232369 0.121888720731111 0.0638397585396295 -0.0198315965746128
0.27597204100233 0.0671725340672671 0.0563729657119042 -0.0251164823549351
0.26903688361765 0.0961583941411765 0.0723968694990614 -0.013488522715744
0.261354004745569 0.236018928033149 0.0734160073904791 0.0174932800264037
0.0897610067861977 0.369395276665871 0.0314431687886204 0.0645909613341291
-0.182219577328946 0.324163591540953 -0.000150257042479733 0.0858047267117933
-0.435179437747268 0.0355591019339822 -0.05496630169733 0.0388466758448859
-0.320901071557661 -0.363466158764225 -0.0244951033883499 -0.0260376700473152
-0.0258863126951262 -0.506467591760548 0.0530799039235399 0.000452918820782047
0.0367598153510601 -0.42013863663793 -0.155026514945326 0.327735956004763
-0.206427660065699 -0.333440942479176 0.0863568758188861 0.168138948891014
-0.339178434063343 -0.0813752202771446 0.0131016984177885 0.0267227725838318
-0.219752588211453 0.203905325971965 -0.0629399885455787 0.04371458354407
-0.00681207101965098 0.293350553304608 0.0111176674172915 0.161205859660212
0.163367557452208 0.236380845591642 0.143067678242118 0.114890176417422
0.233031308413909 0.11919172802089 0.164928323653568 0.0343976238875519
0.233645203949256 0.075107927075232 0.155016595305198 0.00672113756418415
0.222698475746826 0.0977247151220206 0.162544825241268 0.0189550716654567
0.200947220138381 0.202073110890383 0.140000832900268 0.0619558515762853
0.0545493637420034 0.292685692778232 0.059585114091253 0.116472353432288
-0.145124698607757 0.231472720690258 -0.00799224041369421 0.105498550915437
-0.310666513208883 0.0184417696652941 -0.0250594138154828 0.0528069953898299
-0.242652851448049 -0.27098804729646 0.0169020041116238 0.0303887771782909
-0.0355495161540197 -0.395672807247963 0.0478591084204396 0.142124231955528
0.00217391319035205 -0.295709285179381 -0.155966703348433 0.468890636407156
-0.157322041091342 -0.218577583520497 0.121314980012995 0.248646454925422
-0.222294061002413 -0.0431903097551961 0.0397817112909016 0.0422904485008831
-0.142626544442689 0.128224602621196 -0.0755541431721593 0.0561531467831927
-0.0136402813337892 0.189761107452784 0.00312384801894707 0.214672384231513
0.100680682734684 0.165811995490935 0.186519815467639 0.182927338443152
0.157016458943124 0.0961261022140776 0.242656025233359 0.0825964852462015
0.156594885324426 0.0719389440105245 0.230113052369407 0.0365832146319756
0.145446447354358 0.0865638789816279 0.221742592102947 0.0495431868093811
0.112591510921774 0.144440668356494 0.172863109088341 0.0949146739577247
0.00607216547675709 0.181004680614714 0.06616755007904 0.141833672558066
-0.0997410679911266 0.109923024553515 -0.0223880789988644 0.100403163255611
-0.155749638787144 -0.00881288150990292 -0.00158105567283343 0.0480764657606777
-0.133942419400518 -0.152718124774671 0.0416066002107947 0.061639111152852
-0.035558945544486 -0.235451732931103 0.0413675546983079 0.234404727640231
-0.0322493836598051 -0.116913403666203 -0.138212567341625 0.545173119261996
-0.0804806997748119 -0.0647692242094344 0.141029954145526 0.294919894011334
-0.067659947353388 0.00415272212156695 0.0656678560480061 0.0485874470022017
-0.0421375294849488 0.0314771992481126 -0.072216977023372 0.0533623160090474
-0.0174391038928588 0.0560354474817791 -0.00555898471320248 0.229218433820007
0.0213099995124545 0.0694834581033557 0.200144042770648 0.220957022213131
0.0539556424765702 0.0600966314036253 0.283326798287972 0.115883823808239
0.0562842683054501 0.0589996740091936 0.269308446700472 0.0612739662924943
0.0524984869026235 0.062097688473053 0.245857167798376 0.0766160215989174
0.0204845781815043 0.0698954914681876 0.174232203031933 0.118059988712762
-0.0336952716333885 0.0633117983413827 0.0550185610481713 0.145481374397879
-0.0480017151229948 0.0032153126836886 -0.03761744855142 0.0763435280714699
-0.0159749434975632 -0.0205857134010608 0.0149072021918497 0.0347553541535145
-0.036226901448544 -0.0292025603399544 0.0507321927279648 0.0755293578842984
-0.037754329487829 -0.0620901135758156 0.033224810991781 0.276113159619399
0.0330989360865437 -0.0704894157367413 -0.0638810368369125 -0.318667305536487
-0.0327368855832015 -0.0651760406634801 -0.112697596379528 -0.0986859170624925
-0.0740490423048913 0.00092597307171322 -0.0319436602353659 -0.00547091111306991
-0.0114211452446517 0.0641172830782354 0.0498418305864512 -0.0318752197997554
0.0409536692925398 0.0501164401500472 -0.0110469777439033 -0.143538062434125
0.0532849940741312 0.00594590759016103 -0.160979710549559 -0.14753343919353
0.0426356138768444 -0.0274685946376086 -0.244550127981832 -0.08993529630837
0.0450221953519228 -0.0346612634547413 -0.265219883949879 -0.0598482879007643
0.0512428530552861 -0.0200348956506934 -0.268410290066404 -0.0890092074518514
0.0740948287510306 0.0285883971464615 -0.201280918076495 -0.160948903526277
0.0418277895217457 0.0726703121345903 -0.0561472535712364 -0.192185365115541
-0.0457583868683607 0.0773724235281084 0.0422859331759775 -0.0809927432528131
-0.114081204293323 -0.0180460015287193 -0.0690723476160961 -0.0683705370028527
-0.0281030505462199 -0.113459498885859 -0.095587142116425 -0.223631314864379
0.0516353614991468 -0.104244711765624 0.0866417856779155 -0.497334899088605
0.0371814978021814 -0.211745950169168 -0.0720962640845024 -0.266482793495438
-0.0850058641431523 -0.156239546613965 -0.0924119651259324 -0.0995933986439805
-0.156820269446423 -0.0240673831676037 -0.0464970434221033 -0.00198173003701827
-0.0691397765544378 0.117593828934668 0.0401339988599247 -0.0134643164314117
0.0445292902026594 0.142921241663742 0.0111582831095091 -0.116373115110318
0.117899040111529 0.0833453161336279 -0.119477799836596 -0.14488270560505
0.134363261064878 0.00900575773917555 -0.205689340200706 -0.0974767141016829
0.146426148779861 -0.0129072856779605 -0.224797581899617 -0.0658770051623402
0.153439428410222 0.014445596976544 -0.22029473219658 -0.0819270348523276
0.168570705664079 0.115099212589458 -0.163996773335302 -0.130250379639566
0.067253533838055 0.206523244112608 -0.0550640478707385 -0.14512983192372
-0.121618706466958 0.189788484428203 0.0255275533028247 -0.048463145634589
-0.27872524184602 -0.0154371413460023 -0.0904675925310758 -0.0548389690794916
-0.151232095735003 -0.254902922126137 -0.106097682586744 -0.210111117334147
0.03279835961419 -0.303452481092185 0.0712562426313431 -0.441469932336574
0.0400470247398911 -0.337750835183813 -0.0873523540530136 -0.167880389262321
-0.139228238327392 -0.246858489970573 -0.0627729860133118 -0.0793911220803318
-0.244631403644592 -0.0512317582578066 -0.0509489801813095 -0.00239096797877388
-0.13460607560009 0.170128306613755 0.0203202240284509 -0.00232291409895144
0.0412090976967743 0.232143149828871 0.0220059826373199 -0.0725716314516509
0.170233178820005 0.159409871367692 -0.0642240367460457 -0.115567219141303
0.211428361765161 0.0477646052715852 -0.138284883844472 -0.0886640634747838
0.225252612894788 0.00978398297899679 -0.151046344207069 -0.0624864697847063
0.231583937872776 0.0429612576358892 -0.138435974411613 -0.0657740278840994
0.243791922295875 0.178849634241695 -0.0993403874016228 -0.084928317813616
0.0981906746314466 0.311349239881443 -0.039548988916094 -0.079305033483349
-0.166361273095502 0.290742200311531 0.0126519161447989 -0.0067074660328354
-0.405997627893041 0.0156045718245876 -0.0959756480298919 -0.0261772198350427
-0.269395213717237 -0.347304246543382 -0.101322651429839 -0.164062744288908
-0.00154914942475983 -0.452257940775022 0.0560883731224324 -0.324925986851474
0.0373527693013858 -0.429054681107997 -0.106191714644292 -0.0229780065742192
-0.195053090764986 -0.321517076935721 -0.0179320114676829 -0.0248149441064196
-0.329182768679279 -0.0697914132013508 -0.0385863187282512 0.000629366861091617
-0.193007532562709 0.220115349478003 -0.00535599227288954 0.00869500245684755
0.0355863449248418 0.303039472782573 0.0258725462310319 -0.00742161945321598
0.205381681773033 0.218016304377096 0.00397207903494389 -0.059002640329547
0.260468742639072 0.079977569173756 -0.0454864040222008 -0.062613728023584
0.269786835435113 0.0304998061125622 -0.0536542024411233 -0.048977107335055
0.271688402272922 0.0640666071554234 -0.0359329607291181 -0.0434455175961653
0.283230962615271 0.2110813255296 -0.0141891440555859 -0.0347072879952714
0.121015226821349 0.365981792081218 -0.00568014759749289 -0.00426147522597274
-0.174189675381895 0.348317109059877 0.00724164903727698 0.0401503322705199
-0.461708261735641 0.0512713169398931 -0.0809964230092617 0.00942198308574186
-0.343314742980138 -0.369741262433186 -0.0710728392877383 -0.0960735008005434
-0.0369406720208263 -0.519223713042617 0.048728238870258 -0.169225340647443
0.0255026945522744 -0.459626477177019 -0.121264877609603 0.15186418379453
-0.231524926129196 -0.351149328977798 0.038893703514287 0.0605652161656377
-0.37300671792606 -0.0719831110627462 -0.0130471192122979 0.0115541814050428
-0.222025031221271 0.242533279999781 -0.0331624704247611 0.026565755019315
0.0258219553344623 0.328078724306312 0.0269942875451819 0.0751410342674578
0.209871926543677 0.241791408553082 0.0794242876747228 0.0182919996972124
0.270118518548196 0.0983815155202837 0.0608828800101657 -0.0228320836833077
0.272367534518546 0.0470868237895595 0.0530708570977208 -0.0285100385946367
0.268542300432415 0.0758229520645899 0.0693355134786068 -0.0188719362833364
0.270742856904021 0.210759199809139 0.0729329807846107 0.0109347175641939
0.115476339627777 0.35231724870275 0.0359735407632136 0.0634620942774684
-0.155972712770434 0.32677339748606 0.00553992552440709 0.0813186187388311
-0.418320267855915 0.0633235209754063 -0.0510833795207082 0.0378225294466859
-0.336916327098863 -0.329516787283037 -0.0239537881166967 -0.026262265202563
-0.0592002142866433 -0.490708844428125 0.0511061651357497 -0.00453071288528206
0.00559209344935924 -0.411862683967364 -0.12675392016557 0.327659866747176
-0.223097292154248 -0.311309308444022 0.0942789234510899 0.155495263092756
-0.334528845205971 -0.0583579007969975 0.0157490342260856 0.0260633739010741
-0.200416456502834 0.212310314495772 -0.0573415377907697 0.0480194135459005
0.0137769274355079 0.286536747296875 0.0257078405520493 0.154557679075567
0.177234209204782 0.218906867499564 0.148753134809009 0.099311313184076
0.235587462052105 0.0992178178254829 0.163462964194304 0.0225661101648598
0.232248344878202 0.0569604169787538 0.15116872083597 -0.00363071544150109
0.223228469477374 0.0795897122857739 0.159377166288521 0.00653103766621844
0.210083337922598 0.183047089310577 0.140034609138951 0.049517306248556
0.0756133495460481 0.281170716870718 0.0669821395509297 0.111285284558042
-0.125606511799273 0.234135848536183 -0.00038604674278019 0.101795026613006
-0.299464682474338 0.0383289836525244 -0.0210017831766383 0.049003647961296
-0.255353857421149 -0.245340523843602 0.0187394421256596 0.0256293784811331
-0.0599990671023912 -0.381955413955107 0.0556581577103417 0.13413437433983
-0.0178357868892212 -0.288370025945766 -0.119174975143108 0.465394712210658
-0.167217577148372 -0.203980316114316 0.133532000719928 0.23349757780032
-0.21883240106482 -0.02801094748242 0.0428696214062784 0.0395837666199151
-0.131638366951983 0.133800660958156 -0.0699093559990365 0.0609182535682158
-0.000114631087736524 0.18564286236356 0.020655372680458 0.208099487297163
0.110991358928796 0.154403419083481 0.195766772154317 0.163548255826384
0.159869392105656 0.0827666483020088 0.242188914470783 0.0636233368939367
0.157082684950392 0.059265799290562 0.225559511595567 0.020553531372814
0.147518839155864 0.0745388777770019 0.219416445779956 0.0321947652229127
0.119531166252188 0.132248118947162 0.173853026431242 0.0795469025805644
0.0196314944453472 0.176172680253176 0.0739273924904604 0.13439194609949
-0.0908206353393633 0.113207123067432 -0.0150705173459353 0.0978158818453142
-0.151614557593163 0.000403934744609261 0.00106621610966225 0.0435269997623448
-0.139954110115993 -0.138489721423437 0.0444967171851099 0.0547838701407438
-0.0490206630707496 -0.22700159564989 0.0554464819107848 0.225256762843782
-0.0377273401267031 -0.112122111360697 -0.0972774230351346 0.538119059292851
-0.0815738154635854 -0.0599308191250741 0.155740552716422 0.278202969374785
-0.06506762835022 0.007029257265161 0.0669679490043151 0.0439957280545733
-0.0399707313388766 0.0335448433697258 -0.0666403028764667 0.0583653020791374
-0.0135823479614442 0.0559395602672354 0.0119139176555505 0.223698215371506
0.0264336649238921 0.066636498410879 0.211770933387617 0.199551429137459
0.0576529385889145 0.0547664020417052 0.283682812477603 0.0933406402918914
0.0594596134974893 0.0531433601088416 0.265715728063785 0.0424424981435238
0.055468341033039 0.0570981706058112 0.243906123627101 0.0577339591612541
0.0244308089360893 0.0671674345418894 0.176437973039016 0.102978851562042
-0.0269701342388341 0.0649343938647962 0.0624548009149209 0.137187956149283
-0.0475974551668477 0.00685997799615809 -0.0317276767749758 0.0767185145303124
-0.0173465926377164 -0.0205972293626973 0.0166683270066534 0.0295887900627073
-0.0367029639100156 -0.0266308750281424 0.0537778285855607 0.0689571833477909
-0.0381756503367346 -0.0588019959777339 0.0503652950062118 0.266922633331392
0.0288399896570841 -0.0662931209949249 -0.0715985803552408 -0.302276615950907
-0.0318620936912507 -0.0590243230957577 -0.110565662334113 -0.0918774346680254
-0.0694259875081037 0.00376837716692687 -0.0302553042939968 -0.00241059491386243
-0.00861707610614624 0.0601763832582467 0.0474368280802588 -0.0320065101255601
0.0405385437338332 0.0460738072651773 -0.0147758986587943 -0.135906903873186
0.0495573164173609 0.00376805377337075 -0.157624742777662 -0.134938344396439
0.0384627052269202 -0.0272894498506024 -0.234708388002255 -0.0788556867437229
0.041459669040625 -0.0340259875119548 -0.254232285468666 -0.0502818562038469
0.0482924839106196 -0.0198566236214172 -0.257484775861982 -0.0765364063824988
0.0717844450095809 0.0242811250207743 -0.195795476435782 -0.147177483577436
0.0420584493321223 0.0667358604640353 -0.0593843692896971 -0.181071614238477
-0.0412565055981774 0.0740711447285262 0.0373998411420726 -0.0795086255948461
-0.108205547286752 -0.013023992780701 -0.0666963182931297 -0.0634277715374626
-0.029965924664744 -0.105840113908438 -0.0925314188864476 -0.211679038353136
0.0444306455958837 -0.0998017516212324 0.0689864704708865 -0.475250527037456
0.0269399608445642 -0.200569429125587 -0.0767878497762196 -0.253350869991926
-0.0843774399210111 -0.143935142459019 -0.0918881348093322 -0.0942147082238682
-0.148175549941732 -0.0178036390028262 -0.0436244780402898 0.000907998683699572
-0.0619743698915432 0.112641694864374 0.0388075094495739 -0.0139157099597016
0.0476233620002883 0.133462772613478 0.00817248961832712 -0.111837580491298
0.113786175589931 0.0756184226646742 -0.118322744787251 -0.134527499980318
0.12671415754131 0.00404539934046914 -0.198599121202135 -0.0875989962575312
0.13800413326782 -0.0162320254524533 -0.215982606617935 -0.0575401738478529
0.146911073864515 0.00982347600806262 -0.211181644831649 -0.0720382363214482
0.164403160588836 0.103468886767359 -0.158706117949521 -0.119208047330779
0.0708202797903695 0.193261032769017 -0.0561960777629016 -0.135110231292931
-0.111137853880823 0.182630821086518 0.0225279120832544 -0.0490071627188624
-0.263695977071754 -0.00609459513636797 -0.0870345814864025 -0.0511614276896769
-0.150774700568689 -0.237057748706871 -0.102952679367791 -0.198835315837009
0.0214847624028638 -0.289129122410841 0.055575175159465 -0.423078819254253
0.0263239197355516 -0.319839104189495 -0.087947822193459 -0.159541548840558
-0.138540956646521 -0.228771084425689 -0.0629621732124537 -0.0763230784231773
-0.231627487065843 -0.0416171746319106 -0.0479100740825982 0.000362139688923507
-0.122837530498285 0.164238146930884 0.0200711597171547 -0.00297150177765346
0.0468507059905308 0.21868530323417 0.0201242202456881 -0.0701796601392696
0.167288365358724 0.146244012275496 -0.0644134910905845 -0.109599324043871
0.201450376818724 0.038921421608635 -0.133258596144535 -0.0806381478481006
0.213683157847915 0.00419117905381291 -0.145076022510351 -0.0560561805828793
0.221636367096441 0.0347825517887672 -0.133084063312552 -0.0592032919693683
0.238593716087228 0.162308078970209 -0.0959786543090244 -0.0783636060289376
0.103248496603727 0.291759009219898 -0.0385584021876409 -0.0721414821828159
-0.150975517886074 0.280739872793637 0.0117367557657239 -0.0093998852092581
-0.385333388802884 0.0256132161559924 -0.0916988068488954 -0.0252078097883307
-0.266332812849495 -0.320113912486906 -0.0976159657381744 -0.156236562343867
-0.0147952344032876 -0.430558805661077 0.043164007488168 -0.311467634330131
0.0205245998662505 -0.4062678719486 -0.101292538503246 -0.0224554238239425
-0.194351921573705 -0.29883153850691 -0.0197081568151002 -0.0264543001189531
-0.313041200329288 -0.0575469276082191 -0.0356410936867911 0.0032105540349771
-0.17760712122567 0.213011702860691 -0.00420699815601972 0.00833406668764651
0.0440837962107286 0.28664578155325 0.0264247028303229 -0.00872771439338669
0.202879639620314 0.200910104020476 0.0023948309707713 -0.0581874765510347
0.249183774358583 0.0680513049604676 -0.0444060540542007 -0.0581085329259649
0.256434881903471 0.021651669083931 -0.0525831754704274 -0.045857864652801
0.260888507299126 0.0527397646712204 -0.0349294700616771 -0.0415397036134913
0.276216690648048 0.19236283094325 -0.0139295887825865 -0.0332027396211367
0.127608139271576 0.342347088743991 -0.00360166377802162 -0.00172411606473818
-0.156386710541852 0.335094793488344 0.00773585635331468 0.0358437377266678
-0.435231285059898 0.0618947093378745 -0.0768738512726312 0.00710642780354867
-0.336475703635188 -0.339731399057223 -0.0684721355906203 -0.0923646312389678
-0.0493538091404805 -0.492696398974736 0.039953752891712 -0.16291629269588
0.0107200224019189 -0.436025188551665 -0.110009000198106 0.144490268585961
-0.229019989376592 -0.327107833608327 0.0369526665484542 0.053076432182279
-0.353725927617195 -0.0589613306460836 -0.0108071554943603 0.0117553304524957
-0.205076116207752 0.236234621681728 -0.0302037923273603 0.0264747302905606
0.0357131440681758 0.311576541463221 0.0305451076006282 0.0686504516792675
0.208752393255117 0.223223226423041 0.077122408034034 0.0125023706672713
0.259851946844038 0.0846028605379101 0.0582095815126433 -0.0232412568628174
0.259454245271017 0.0372361806228609 0.0491843044500761 -0.0287572347347995
0.257497621933948 0.0646030456789762 0.0662346832308091 -0.0210136147829761
0.264385911178174 0.191840680735697 0.0696450425206897 0.00797441776812741
0.122484389690055 0.330008989478294 0.0380885673596008 0.0616176238387179
-0.138945042912637 0.314738645272419 0.0076567441480446 0.0751938826370205
-0.395479968731855 0.0715237580887533 -0.0481878115958849 0.0332153792489642
-0.328304732466087 -0.301520811000941 -0.0237008264636536 -0.0276665273966564
-0.0704703943254685 -0.465679133030725 0.0468642006537888 -0.00608936943238692
-0.00591501149154794 -0.390027476740111 -0.10986547446804 0.310997608394059
-0.220345115360847 -0.290344885478294 0.0924846359851787 0.142750066583042
-0.318885773137476 -0.0472407573517298 0.0173519776271515 0.0251261437912973
-0.185322643700649 0.207196701527969 -0.0531869068750713 0.047897743260191
0.0219380339649513 0.272532385891667 0.0317363531730341 0.145380539297041
0.176870278846433 0.20261066378386 0.146097142617816 0.0866297975048736
0.226823117771171 0.0863929059208333 0.156644187873733 0.0171367110368101
0.221486516540926 0.0481777748327569 0.143822624598035 -0.00806676957055518
0.214532287409352 0.0695872491662774 0.151781381430659 0.000856176875481927
0.206018762307953 0.166862676934376 0.134294748056924 0.0421337182358157
0.0821157064366207 0.263523717157952 0.0678604322234862 0.105576260409435
-0.11346869935753 0.225453732048061 0.00186164300233984 0.0958043862070965
-0.283049873380376 0.0441268455095684 -0.0194132089540402 0.0430100403304394
-0.248987410076688 -0.224403102620091 0.0177335777747828 0.0213800994077507
-0.0673819165318532 -0.362334475401304 0.055077641661866 0.12506000918521
-0.0245151110638318 -0.273006110495577 -0.0984381407907336 0.442862707598508
-0.163540257231127 -0.190573061037097 0.132332338427545 0.216987708685924
-0.207853172955776 -0.0231066170775853 0.042435177799023 0.036524897672702
-0.12171210127045 0.13076619907648 -0.0644167806338134 0.0611961410608448
0.00497830211761625 0.177065303470934 0.0277041560301272 0.196543406228954
0.111712030583866 0.14367970715011 0.19284439457925 0.147392391504995
0.154963787480355 0.0740826364852291 0.232424355317208 0.0535950185479219
0.150719975080454 0.0522743030232835 0.215413664888407 0.0133068875238888
0.142079565609564 0.0664937555194706 0.208710047281292 0.0238856579456768
0.117997245528637 0.122173119055396 0.166487550568245 0.0700889151103666
0.025501687423396 0.167334688282926 0.0749092972111225 0.126475509375477
-0.0836522018293198 0.109911672160699 -0.0122534444326548 0.092573794623749
-0.14394935448282 0.00321537125107804 0.0015323098792533 0.0374238854580027
-0.136272052047107 -0.127000022710339 0.0425933316408688 0.0492212751818816
-0.0506073284824566 -0.214898751050772 0.0585948072800664 0.212246192345588
-0.0379495420684218 -0.106205259601746 -0.0780212213771918 0.514604279466509
-0.0786236406740684 -0.0561552150583099 0.154358121071997 0.260843938441485
-0.0620955977236484 0.0065302365837646 0.0651818025908646 0.0403310617266774
-0.0381030198875458 0.0331224587273467 -0.0620963581867547 0.0580508671563667
-0.0115655045033318 0.0542255207498726 0.0192085902751745 0.212092193773836
0.0287365990502568 0.0630990738481704 0.208984473190637 0.181763382231185
0.0573792272522726 0.0503284262196285 0.272399013880639 0.0808846565655584
0.0583939921467612 0.0491682176231801 0.253500507345162 0.0337369082133297
0.0540158068842296 0.0517776944048836 0.233462332801851 0.0479835607634489
0.0255854692650096 0.063513542523581 0.169994727861725 0.0927347940293275
-0.0226001467221897 0.0631921297050546 0.063371784088969 0.128987727878527
-0.045644042154252 0.00898531177835674 -0.028735942030501 0.0735265179391125
-0.0180409744074869 -0.0200879932763243 0.0159011032938854 0.0247567827227247
-0.0355507870350666 -0.0245014547178764 0.0519026943496458 0.0636120310752279
-0.0355298498792525 -0.0556379477310686 0.0550640735435121 0.252501919998301
0.0276468481261094 -0.0626698281104518 -0.0667841018221655 -0.294407367079458
-0.0291114065098712 -0.0559741167760765 -0.107643501353962 -0.0909684820052255
-0.0662954817598377 0.00322449926033389 -0.0284116749614415 -0.00195285841883537
-0.00841677775268582 0.0573056363265771 0.0472139854105117 -0.0302621358129283
0.0389156167060432 0.0448030271740646 -0.0128098064209845 -0.13113611301259
0.0471018340258839 0.00377020505863681 -0.152039567846375 -0.131770950472474
0.0363105520715885 -0.0259426900501598 -0.226449495218696 -0.0798833426161375
0.0400537190708307 -0.032128580762873 -0.245683067569059 -0.0525719212588947
0.0472055559894591 -0.0179681277566735 -0.248656011798501 -0.0773965434031408
0.0693650938481569 0.0234543847970497 -0.187543353711078 -0.144046571334041
0.0397597548347401 0.0639355190113238 -0.0560784280758848 -0.174811188783823
-0.0406966053592778 0.0706558313246213 0.0368660181409462 -0.0784370203691658
-0.103485724664401 -0.0133019197290952 -0.0630485332803985 -0.0626240593222805
-0.0278224863619639 -0.102270106842718 -0.0830693405702617 -0.207899573719751
0.0428433310652372 -0.0947521021842957 0.0722883478894605 -0.457891704271042
0.0272745453490736 -0.19112890549614 -0.072443834659214 -0.247024821798407
-0.0788177444561801 -0.137918017632999 -0.0896563281597489 -0.0940445428393057
-0.141338762831964 -0.0183470987403757 -0.0414365536892049 0.0013146252956427
-0.061067692324726 0.106825002589838 0.0381201684273955 -0.0130964425614007
0.0451862707292708 0.129322018515589 0.0094725952161839 -0.108156386056722
0.109211701758911 0.0737916795990532 -0.11354354873307 -0.131397776734376
0.121017967226459 0.00488910081369073 -0.191587881438935 -0.0875562319425911
0.132724305222076 -0.0139438230247414 -0.208763399776288 -0.0594221764374105
0.141897513661751 0.0115971237323246 -0.20371590440119 -0.0727613822452502
0.158505030504579 0.101651667134756 -0.152322735960174 -0.117409382115435
0.0662772609649867 0.185963904071105 -0.0525227978373387 -0.130157674396755
-0.10970358543517 0.175057368045437 0.0219903171465506 -0.0491850410547137
-0.254168376711076 -0.00894088222081637 -0.083664738666902 -0.0517167278754828
-0.142762398487811 -0.231073123783137 -0.0938358459968157 -0.19579418825421
0.0234543026432529 -0.279228627322108 0.0560280239787795 -0.407258766597478
0.0274032250283124 -0.305456163306162 -0.0836105718294005 -0.158170764597495
-0.130702128859802 -0.22081859734615 -0.0619349100621633 -0.0774850831521779
-0.221825892152009 -0.0426705883108074 -0.0449726351575473 0.00113811939147287
-0.120076746651529 0.156232414016819 0.0201123804793348 -0.00254128298362639
0.0442500878209698 0.21131929874752 0.0209778268232034 -0.0684957643492547
0.160663443418875 0.142439162306982 -0.0621288002425791 -0.107628474224991
0.192880517557612 0.0393326475722111 -0.12843357442456 -0.0794128625025743
0.205849307100771 0.00598658642417329 -0.140771213072861 -0.0562432136692226
0.214489020950013 0.0365449873371803 -0.128137208440502 -0.0598641795593327
0.229250787554467 0.158457171524587 -0.0915253803108047 -0.0770664617668158
0.0980262530108639 0.282626814774874 -0.034995270140005 -0.0681473787574356
-0.149228975469603 0.268758364014119 0.0107144549831025 -0.0106882621946037
-0.370926916958561 0.0200422005773849 -0.0888024802245376 -0.0276815501812584
-0.252337378789813 -0.31168291449619 -0.0907861714987863 -0.15467527173494
-0.00875467424986004 -0.417116762386179 0.0430989112543205 -0.300483555728008
0.0241445784475593 -0.38821978926105 -0.0978211466860218 -0.0262464221978114
-0.183882817655079 -0.289079542345909 -0.0204656112057866 -0.0290862093135809
-0.300286157729018 -0.0590034851897839 -0.0330237715678604 0.00344364962583383
-0.174319454789148 0.203662083530292 -0.00332202160650066 0.00850935083469851
0.0417753466010591 0.277142209062707 0.0276689012954667 -0.0101513425452193
0.195544420712752 0.194974935853151 0.00273082682766127 -0.0583185020346397
0.239027476408205 0.0675765748937955 -0.0424664277975839 -0.0562485155551902
0.246796467211537 0.0244414674810178 -0.0504887839092164 -0.0458047745003097
0.252006161511235 0.0545484419043477 -0.0329466697391232 -0.0416058688871193
0.26727791849677 0.188062752423332 -0.012655805120618 -0.0331367973456147
0.121323927093057 0.331310428788175 -0.00160603510800839 0.000654028801047507
-0.155605366354641 0.321095902512072 0.0068181523877226 0.0330820918325086
-0.419912317874215 0.0552004017013627 -0.0745867912921046 0.0026350068194298
-0.320509676395418 -0.330147220878245 -0.0645370501227029 -0.0927802799041391
-0.04257390812407 -0.478454821371589 0.0386584171843017 -0.157595981033497
0.0124089387084537 -0.418131214165069 -0.107249772373747 0.134926482345268
-0.217119529282237 -0.318500252626648 0.0327517456873694 0.0489070741867432
-0.340092772848323 -0.0620648576134878 -0.00914504320263304 0.0123585706905053
-0.20087642236491 0.225537627295047 -0.0292291888070851 0.0258366733238573
0.0328913888910139 0.300909925091376 0.0305566540996026 0.065210731561524
0.201998006713452 0.216902881090551 0.0746316592014796 0.00984084921947327
0.24969104002287 0.0845147557948614 0.0566804330868079 -0.0217094449724183
0.24996866163156 0.03898454774236 0.0476841753742676 -0.0277691515511273
0.248261578484761 0.0648918828699181 0.0639441371920342 -0.0212842545352337
0.25524728700764 0.187582369487046 0.067605923221375 0.00706749649638026
0.117528057983515 0.319804782472823 0.038476079673829 0.061988401034333
-0.13802395321912 0.302660682086268 0.0060378638196861 0.0716953423204059
-0.38206684714501 0.0640871542563587 -0.0477087063017353 0.0277697635542742
-0.314815874883138 -0.293524083524853 -0.022296580427198 -0.0294404776135285
-0.0617726960474024 -0.451916298213819 0.0434682799554938 -0.00598294619747014
-0.00225420047769923 -0.374035389708594 -0.108130976906109 0.295542100443711
-0.209415530372268 -0.284591864247343 0.0859096394818413 0.136641398669045
-0.306781404985714 -0.0509753323852407 0.0176313156574919 0.0251793354016349
-0.182935458655522 0.197667148150902 -0.0519107145709016 0.0468814149721377
0.0192696149853637 0.263967619773748 0.0309550789527259 0.139121670243781
0.171086982163715 0.197292543030196 0.141739586303869 0.0821651330754506
0.218377017764969 0.0854903681555641 0.151486474186375 0.0180558799461159
0.213665365188377 0.0489637808709403 0.138693417868082 -0.0062549470773477
0.206367487380016 0.0697679444051789 0.146438397662779 0.00142846935828218
0.197790406246739 0.163467784017279 0.128929751642714 0.0409426909382818
0.0787273162147216 0.254702204614124 0.0670021378438066 0.103849996566972
-0.112974588387901 0.21683093399718 0.000607582040569436 0.0910876797112333
-0.273072477249581 0.0381907670329854 -0.0202081766758462 0.0376648430876165
-0.236762497766361 -0.21758375666083 0.0161303573796502 0.0186142611849378
-0.0597688724702765 -0.351909648777332 0.0508431497855745 0.121545133803041
-0.0194556319295628 -0.26242572662893 -0.100210047483665 0.424162533465405
-0.15594671882827 -0.188029235812239 0.124231939056295 0.210014237059796
-0.200743697748124 -0.0273642133133486 0.0412817822543958 0.0366101077028808
-0.120782598001283 0.125174361919773 -0.0630106710878813 0.0596137771759903
0.00314653057197514 0.171911294989895 0.0263945740634421 0.188810796534455
0.108449433788826 0.140042787974764 0.18668550389398 0.140621243747746
0.149620748341944 0.0726405158877003 0.225236645814576 0.0538716268498435
0.145877709849071 0.0522490635711947 0.207752163902499 0.0160538336708008
0.137053704402245 0.0656554318017093 0.201599888812634 0.0247886700855161
0.113235625433449 0.119542727060193 0.159706136748028 0.0689288198439618
0.0249147420378356 0.161571113285671 0.0718197341099351 0.123622116128208
-0.0828575093103038 0.106199195816473 -0.0130162085874873 0.0887349650616947
-0.139756007130685 0.000110712366553647 7.87369378971119E-05 0.0326802458163113
-0.129522368270065 -0.123775699330905 0.0394184470372366 0.0466751158408727
-0.0450154199255222 -0.210121861305406 0.054117036554766 0.204923552433847
-0.0340112352070693 -0.102561875716292 -0.0793530522250467 0.492848931379561
-0.0757354101662068 -0.057148016195245 0.145125676437409 0.255278842358264
-0.0599801918318577 0.00415959384162554 0.0624035825999666 0.0404734531434591
-0.0381157945051934 0.0315171910556618 -0.0611006630686358 0.0570787762357623
-0.011794025712409 0.052705973030103 0.017593506164853 0.204306217359545
0.0281596370118236 0.0615546484544816 0.202138471209214 0.175620624003999
0.0558932516929091 0.0494673997151097 0.263743685860101 0.0806571836111716
0.0563703447381857 0.0484009489248044 0.245648622848788 0.0362820954299898
0.0516912639122791 0.0509053940865172 0.225509685219643 0.0490529739045955
0.0235012463478531 0.0619893636082188 0.162744797317829 0.0915819677901421
-0.0214679167998862 0.0618768372782059 0.0594173390154217 0.125556607533803
-0.044823545752497 0.00904045019192976 -0.0289197379215823 0.0708312955058109
-0.0185381876190638 -0.0205696821633815 0.0143019308423017 0.021561407512775
-0.0336060539829467 -0.024149303356481 0.0481727659808583 0.0615428438090594
-0.0317005958181675 -0.0558401618900275 0.0512209354162567 0.244137860776681
0.0359575128661407 -0.0557234159349812 -0.0222426388031248 -0.298994700545124
-0.0179381817186497 -0.0579482869266075 -0.0926044722975943 -0.106953535584915
-0.065337801731083 -0.00636704411229425 -0.0259332567630167 -0.00863618473270606
-0.0178654608709149 0.0540349771131669 0.0503647007360588 -0.0255807391827483
0.0311077156045709 0.0490706919212622 0.00491306956768825 -0.132532733188716
0.0445747730044103 0.0129865700839091 -0.133741035586854 -0.152338108384084
0.0382973130312602 -0.0191749470761714 -0.215478664955367 -0.113172610007021
0.0429983797898755 -0.0246870391003315 -0.234014699942924 -0.0951117247404681
0.0468462321388833 -0.00805892421932283 -0.233754069596306 -0.119428006191276
0.0626985686088875 0.034705525804456 -0.161258522606635 -0.175766527417072
0.0254398502414011 0.067699528710387 -0.0247962472607648 -0.184760568285252
-0.0540316501225759 0.0614130354645205 0.0507751521934002 -0.0739891358982938
-0.100229692710599 -0.0289439637895533 -0.0508937789064752 -0.0706646086380082
-0.012469835528004 -0.104358021053957 -0.0447884864244267 -0.21987950463557
0.0519621251753592 -0.0872438574107876 0.155166297138128 -0.44307555692253
0.0541626566721317 -0.181383207581231 -0.0252916686432247 -0.249261513944838
-0.0540177259090182 -0.147141340378155 -0.0692230507461594 -0.107803621905588
-0.134786667281399 -0.040285264608052 -0.0348017377298039 -0.0104645502507714
-0.0781796515894851 0.0928386691504336 0.0399255865044811 -0.0130196038776163
0.0224882946630983 0.133142623330432 0.0219810124996523 -0.110699757742167
0.0946981358130206 0.0915921869655324 -0.0995033765287304 -0.148150593410698
0.118260309264359 0.026373698631227 -0.181197960369579 -0.116218732815964
0.131948877145289 0.00954949320356056 -0.196526271720901 -0.0939948200448997
0.134877817230425 0.0373660020392795 -0.190032152183388 -0.108863807790483
0.136671998429382 0.125566663316442 -0.129141946548375 -0.144467477253737
0.031759348193136 0.191483917037492 -0.0266519539134091 -0.139160160498336
-0.14057780360215 0.151637662670537 0.0330600128634384 -0.0480433555625943
-0.247956866209167 -0.0507070097596045 -0.0716595942748848 -0.062156946233446
-0.102001104880308 -0.249789588178118 -0.0608559110651307 -0.206538258102577
0.0668152214584166 -0.271328582167878 0.126498206876781 -0.396569799217358
0.0708308103392695 -0.293563109655996 -0.0421031112536241 -0.15879695354941
-0.0914944142370301 -0.236707632948162 -0.0392383027927669 -0.087701323632443
-0.209699610660662 -0.0774230334603306 -0.0337273323989811 -0.0145649883386308
-0.144874934845279 0.130643563392869 0.0219174421692698 -0.00831353415194582
0.00741218466382715 0.21255721038402 0.0275315217477669 -0.0736765142556744
0.135078859388889 0.166929945670112 -0.0549967459730671 -0.1181263358171
0.183470021006381 0.0721362348964004 -0.120428787199303 -0.10051806426862
0.201136577730963 0.0419270941272796 -0.129632467404231 -0.0795716240584654
0.202306347290301 0.0732790871011299 -0.116008637270945 -0.0837765967240099
0.198448094157125 0.19378515793879 -0.0743206150308634 -0.0964432725944043
0.0473681954222803 0.291089857736825 -0.0173471676686936 -0.075106520369762
-0.196203243608138 0.23689350299459 0.016848958962679 -0.0127864469995533
-0.367024581548963 -0.0418554041274184 -0.0802779339018871 -0.038553811182817
-0.194184299863134 -0.348118325005135 -0.0660466618250768 -0.16145626279263
0.0601101787565709 -0.413520975458241 0.0923277473968137 -0.28883532296852
0.0789067546401739 -0.376285845768376 -0.0684189443308144 -0.0271847979517172
-0.133841904385444 -0.314187775414213 -0.000794311580232074 -0.0334957595542124
-0.284514823742521 -0.106549705153489 -0.0183835971141631 -0.0140868177296438
-0.20589208872954 0.167528772259229 -0.00207115142775645 -0.00427602919015374
-0.00736417435748262 0.276515697998213 0.0240621141183901 -0.0178604622956033
0.160820870943578 0.223583455625034 -0.000800047370520308 -0.060932060705516
0.225926040924313 0.10809445962544 -0.0385918835901245 -0.0658481712140583
0.239018363238837 0.0668970011820116 -0.0418626971134616 -0.0528659945096942
0.236120257134872 0.0966150382045314 -0.0248959325726922 -0.0504536069500057
0.230703903866035 0.227813764180756 -0.00245468672880388 -0.0406585364836859
0.0634963946201428 0.341817226790475 0.00512058878652443 -0.00139987006117527
-0.210101784726666 0.287856098221475 0.0060015078148714 0.0293534073511203
-0.420605345850935 -0.0167664818511187 -0.071325971833858 -0.00599135287341618
-0.256658936893088 -0.3787435744626 -0.0521832904319982 -0.0932803406369983
0.0402743902873183 -0.478442417415476 0.0609160513190941 -0.145449269129315
0.0734616688870545 -0.405957266136991 -0.0986150173817016 0.131539828130805
-0.162075051395326 -0.347604473839177 0.0435057141279003 0.0515461878923719
-0.324644369105358 -0.116957530514852 0.00578416025317136 -0.00360995126651741
-0.236926661937585 0.184043829739178 -0.0291658217637985 0.00801691802819138
-0.0204839785121148 0.299059391324064 0.0167334814098261 0.0548892717088848
0.164026703166178 0.245233344153426 0.0599486561135996 0.0167420461780261
0.234223011039245 0.126369972610717 0.0545784582324786 -0.0167063789165646
0.23988336490255 0.0813603455958692 0.052229449886574 -0.0183415871476221
0.23154471966096 0.105422859393025 0.0686235847382755 -0.0134401038200885
0.219239245043489 0.225066709315854 0.0697167622468909 0.0133320190936629
0.0629737274400353 0.330282726034426 0.0343801571829156 0.0662312397066592
-0.188974981429332 0.272132894949035 -0.00162967045629509 0.0679510948543082
-0.384755534522518 -0.00140491360348499 -0.0495614941797966 0.0216420111304096
-0.255027273586784 -0.340679773619706 -0.021868616513929 -0.0234022688484732
0.0190757829887047 -0.455913672759248 0.0394756071405234 0.00616364330450979
0.053518356244507 -0.368040190724317 -0.125839044521993 0.289297813099634
-0.160012269440745 -0.313945916947227 0.0809364757685094 0.14703631696615
-0.293238960167112 -0.101775655794974 0.0279233993740762 0.0144033485051562
-0.21470285327805 0.160910026180754 -0.0544119415407228 0.0268951336391742
-0.0283189037539756 0.260984470865153 0.0067211930594468 0.12918770649819
0.137000660469203 0.220873017522381 0.11710988517246 0.0980941326261965
0.203046464370442 0.121629251263863 0.144690780016329 0.0369106142570126
0.203161822213644 0.0852359565469413 0.1388018344716 0.0182888721325999
0.190686794446136 0.102083607235405 0.145991367815954 0.0232450293251386
0.167957496687376 0.191676510020773 0.123976656437843 0.0577368972782965
0.0369973543912746 0.260482129961757 0.0538186741541642 0.113001498634855
-0.148725714367538 0.193917586115405 -0.0113782554961281 0.08799177891552
-0.272349107940216 -0.00888735734143245 -0.0251871786292589 0.0338542782948436
-0.192524283769408 -0.252786711543704 0.0082549504703881 0.0283158417185054
0.00640397816264165 -0.356672397362721 0.0257113434477899 0.133702541297021
0.0209196202942681 -0.262365402964692 -0.143103156834981 0.412944778250525
-0.123591612145016 -0.211575313455894 0.102899106177513 0.227728553392031
-0.193617442970027 -0.0611356254923844 0.0444698985499831 0.0339385047602338
-0.141688747965323 0.100402598285725 -0.0686293213812492 0.042606372309619
-0.0280430990546371 0.168707039861074 -0.00300867596406524 0.182318695681655
0.0844144194360815 0.153897803172684 0.156532139235128 0.164791828129619
0.138028812378868 0.0967394682695403 0.214148098744447 0.0834591354762177
0.136339068067254 0.0770794203169319 0.202676797613215 0.0520278409319084
0.124134771198637 0.085746840429021 0.197125502156218 0.0571976943148327
0.0923391460140784 0.135320670880527 0.148706333396529 0.0925443642961389
-3.212625737267E-05 0.161828321124627 0.0539342413227196 0.134367537538494
-0.0994457472573901 0.0904811866129746 -0.0261047371674151 0.0852715435804359
-0.136738465002467 -0.0239473307729026 -0.00617731373300188 0.0305046729868187
-0.103655226960039 -0.143178874862859 0.0272672128473049 0.0570436633529982
-0.00248227002714392 -0.215597506767175 0.0156808175303054 0.217787747497321
-0.0179338611148333 -0.108452251386496 -0.144782851477076 0.479755018424815
-0.0661848631392044 -0.0700519884942456 0.110452363288163 0.27548999768078
-0.0601000401180917 -0.00784328834356432 0.0579149508708566 0.0477049974150685
-0.0439110913067715 0.0239458929943374 -0.0678692195784558 0.0462420346574319
-0.0224387550618103 0.0504176154399134 -0.012619922670063 0.201432982698543
0.0186360326315106 0.0632061235908489 0.172952459064504 0.20364794319983
0.0494120893610894 0.0578468100430359 0.251277449989932 0.116955381263898
0.0492112819367171 0.0569578634794547 0.23676620758893 0.0791279174723721
0.0440904111549676 0.0572784599094607 0.216264262605679 0.0863789010706671
0.0144384716913737 0.0647132327721884 0.146270636921055 0.117263501206761
-0.0287881155466124 0.0579002940819815 0.0388060477735668 0.134844044364258
-0.0446462954919735 0.00254510162252297 -0.0399446254688247 0.0656523671501217
-0.0155476534804157 -0.0246453046449078 0.00961276331536006 0.0209229109060591
-0.0266501703232992 -0.0301013690564644 0.0356553943839403 0.0702563756600414
-0.0166272707799383 -0.0617770029700984 0.00802642883976457 0.25451988810508
0.036844795960023 -0.0557198134382091 -0.022295514132127 -0.309498448239395
-0.016917216741761 -0.0591539456098817 -0.097152657151357 -0.111445745904097
-0.066453095246535 -0.00587933265652882 -0.0268483690963522 -0.00781790698461083
-0.0181190600647012 0.0549559710408449 0.0523095314467793 -0.026022629718536
0.0328006438292404 0.0506464172987547 0.00634360460519679 -0.136033941510782
0.04563042945996 0.0139857943483882 -0.138327318524436 -0.157032522495674
0.0384519099860497 -0.0196362409708563 -0.223211106521433 -0.118587781479237
0.0448381019465964 -0.0253140537552925 -0.242818056069963 -0.101118479011619
0.0491245744933611 -0.00772830013894486 -0.242100555042162 -0.125445058464838
0.0656965691510052 0.0352389860414363 -0.166797125497244 -0.182666382199182
0.0257067483184711 0.0694932653741984 -0.0253030142056176 -0.191075750514355
-0.0563511286325686 0.0627222713825871 0.052902935590153 -0.078037356434466
-0.101931286938074 -0.0307358510313433 -0.0513588594458551 -0.0737395201953526
-0.012448976298881 -0.107900477790451 -0.0409672010803412 -0.229181330577621
0.0535267550451317 -0.0888592881451273 0.161658849978674 -0.456490139189938
0.0561215950241581 -0.184296510922524 -0.0262997225790092 -0.258965075974705
-0.0536736548583988 -0.151232967445432 -0.0732656912668145 -0.113205040499257
-0.138138719758598 -0.0417584925100522 -0.0348881001111259 -0.0100254934414293
-0.0807904359381938 0.094755787291023 0.0413310822309999 -0.0126606948665123
0.0241598938938961 0.137071824317221 0.0240583177502278 -0.113631020150298
0.0977047918340595 0.0950129905821163 -0.103282148520419 -0.153317150370741
0.12078830239708 0.0280311953301611 -0.187080528612021 -0.121437404276574
0.136193665429445 0.0107867034861708 -0.203803658301881 -0.100073614949718
0.140342858394409 0.039929582912547 -0.196680578236509 -0.114378807555077
0.142783302873655 0.130374001050264 -0.132386089347416 -0.150813685788132
0.0315053887824226 0.197843252909262 -0.0259084249414506 -0.143291110048547
-0.147419062594991 0.156260813036839 0.0347247238588845 -0.0514845103752889
-0.254971692115647 -0.0549350026723347 -0.0737708575993187 -0.0665281984018334
-0.103202240634304 -0.259518742072297 -0.0587110160280362 -0.216185171777815
0.0703726116922504 -0.280061416275378 0.131820376598077 -0.406688770538867
0.0752724968156267 -0.299417365411135 -0.0434544233782583 -0.166392434583975
-0.0919702050439113 -0.243591492098636 -0.0434568697784942 -0.0925026194273272
-0.214646130725538 -0.0816100187278379 -0.0336973368218295 -0.0142897386231581
-0.149970691661172 0.133680501481234 0.0224768881726309 -0.00798390597027724
0.00829040459414868 0.219374262039453 0.0289429480097393 -0.0766585072974346
0.140041537912642 0.172109870037604 -0.0577679527798647 -0.123217667559705
0.189434451343502 0.074708053128745 -0.124663908876173 -0.104101644591947
0.207521355335898 0.0445940053155945 -0.134079818298329 -0.0846195181584967
0.208776560085945 0.0772217034019488 -0.119821944105524 -0.0884797391494924
0.205912979416675 0.20020594161024 -0.0762579163626344 -0.100920161597853
0.048534978657392 0.299851000619813 -0.0166640931626144 -0.0768070380672589
-0.205120854096709 0.244587580537849 0.0173905393408841 -0.0155403433909936
-0.379074169653785 -0.0472422283936187 -0.0838219402155894 -0.0431059792027552
-0.198396980732199 -0.360839461436862 -0.0664506165455418 -0.170016332201689
0.0646156161484244 -0.427576890838081 0.0945012661667083 -0.296694167556666
0.0830293756719963 -0.384011794372294 -0.0712497716931409 -0.0316873817456667
-0.134859202238989 -0.323208693751857 -0.00379792757256428 -0.0372569918479494
-0.291695401654753 -0.113406532418234 -0.0177273423997124 -0.0130761044983717
-0.213734980929508 0.172052441916264 -0.00277036619074998 -0.00337599840712281
-0.0075425964413532 0.285239354041903 0.0254707504214789 -0.0200256158471952
0.167431382755956 0.230369439462333 -0.00136534737393374 -0.0650904240001809
0.232054231010865 0.112021990419326 -0.0399796655693378 -0.0677797018613618
0.246150573678576 0.0705713585802873 -0.0436675276909023 -0.0557878721048077
0.244169764769259 0.10150858675659 -0.0253273697092097 -0.0539474199643347
0.238571635879686 0.235738272534023 -0.00264354752338117 -0.0430265205593853
0.0656599271991842 0.353801414869502 0.00755866866795273 -0.000104130105580763
-0.219490207143621 0.296267386386017 0.00541393625766516 0.0285874694856403
-0.434418003066203 -0.0222758452415577 -0.0756536609952509 -0.0101888509822322
-0.261388621571129 -0.391732499200956 -0.0531600190661011 -0.099231998155888
0.0446855019301546 -0.497195470597225 0.0609021836788981 -0.14890528121401
0.0805615059902102 -0.416084238600834 -0.103104723744021 0.130678160636731
-0.163794573692149 -0.360103400344157 0.0408131904824306 0.0506316592553729
-0.333481738909974 -0.124973662820739 0.00710359083643832 -0.00231279501332323
-0.246701782276002 0.189312550546478 -0.0304325616702406 0.0089251416575015
-0.0213917545189682 0.308291864526728 0.0173599423721217 0.0557395088819441
0.170465502746069 0.252846411331783 0.0617452140819121 0.0149222859535713
0.241122206230141 0.130741777077969 0.0565042043489043 -0.0173948323264158
0.247158487569434 0.0858514248382283 0.0537838126693808 -0.0190555339137807
0.238963742898887 0.110842030898764 0.0704999511848888 -0.0153968775384472
0.227098737768721 0.233576353435768 0.0722266805512802 0.0129075363673836
0.0654221483651586 0.339845904374801 0.0377124112231044 0.0696831121435449
-0.197354283152397 0.279811481221861 -0.00220929737555496 0.0692467064520464
-0.396187264193198 -0.00554687892377524 -0.0537948365244309 0.018103009210482
-0.260139347428633 -0.354105257573492 -0.0236355818785102 -0.026214306253707
0.0224464801376061 -0.472257753020042 0.038362437222495 0.00713107501538922
0.059320212237142 -0.377843169401496 -0.131829562028836 0.294309174431517
-0.162935265335684 -0.326200574550353 0.0798342527404783 0.150488295068116
-0.30241952551456 -0.108989666923298 0.0306455180934554 0.0159076432893676
-0.224656681318757 0.165410918018942 -0.0570225544808482 0.0285541883123268
-0.0293329932992611 0.270025924362585 0.00682636394441056 0.132097944526545
0.142531312774268 0.227679845369243 0.121275566124362 0.0988878334123905
0.209457249928753 0.126452140950055 0.149209059484112 0.038439283756005
0.209511918192095 0.089809830808592 0.143189275670635 0.0198057794139435
0.196516313398388 0.106907517992228 0.150755759218582 0.0238495620592482
0.173816900390929 0.199071024323636 0.127697713891447 0.0597868751033197
0.0381589660700201 0.269205897467108 0.0572016584738517 0.117893598459196
-0.155165180305301 0.199259249737391 -0.0129074961663929 0.0908742455605483
-0.281405546943105 -0.0128255271085163 -0.0287662475982943 0.0309053015159058
-0.195816621639555 -0.262655274285181 0.00654330401763951 0.0284271217991921
0.00837368761425443 -0.371662008410442 0.0237789562341325 0.138780794126788
0.0242805660371012 -0.269813965560899 -0.150174091153914 0.422355635078359
-0.126372567468381 -0.220392640649135 0.102980738924758 0.234625710514177
-0.200133478734043 -0.067196526948943 0.0470520034648752 0.0366621655197583
-0.148721701892668 0.103132615456034 -0.0717772508515001 0.0449631511617507
-0.0303019858291969 0.175209844254852 -0.00413970931931409 0.18757464171123
0.0884099823685956 0.159455724168491 0.162269216292669 0.167888625182915
0.142741603682722 0.101130306210889 0.221571149789648 0.0877186733410646
0.140571527613086 0.0807687431174133 0.210442081300975 0.0556829331178089
0.127578137411057 0.0895321663536098 0.203278275525113 0.0596006799897235
0.095777180110204 0.140795513171498 0.152938953561493 0.095610233896575
0.000573274864835095 0.167054768479762 0.0565057186618078 0.139079784673834
-0.103569148475313 0.0937007898850004 -0.0275255804364173 0.0875030049863851
-0.141465307125145 -0.0271918573741816 -0.0078455500537473 0.0279488125667439
-0.104953775317563 -0.148917087402947 0.0259298636893135 0.0587424980022261
-0.000935660732558962 -0.224695253424842 0.0146658830597373 0.224395286107939
-0.0160274523218291 -0.112246539632254 -0.151670914747131 0.490961508276413
-0.068410618490131 -0.0741022884040881 0.110629036853391 0.285919518248017
-0.0625157912884961 -0.0102776915088398 0.0598466749664608 0.0507751866922724
-0.046964815233628 0.0251105267628307 -0.0710162117686012 0.0480016752374744
-0.0236544519121139 0.0520799088051382 -0.0139892966411407 0.208709822460403
0.0196273034011016 0.0652629600302348 0.178952835434565 0.208866422644616
0.0517775971157322 0.0603939307616047 0.260209178859308 0.122447683869812
0.0511424047124035 0.0593307370393829 0.246167591165137 0.0836894753814142
0.0449076719756988 0.0593805478119843 0.222863124995532 0.0911180037689398
0.0150304670956295 0.0678603128221339 0.150528063301541 0.12206032581242
-0.0288836036313872 0.0601082060428429 0.039393606195653 0.139771163444869
-0.0469578442362986 0.00321392570159488 -0.0416155652934972 0.0678379664385289
-0.017488032123255 -0.0262499326096485 0.00841388048949638 0.0189652412862867
-0.0265848316876238 -0.0320344284156206 0.0353841180084037 0.0735263915448338
-0.0155074899238226 -0.065713169969351 0.00741114918556845 0.262896263694646
0.0356302153884902 -0.0576664118439438 -0.0360303655547745 -0.321178228990021
-0.0182043265894649 -0.0602689972796171 -0.107609591097238 -0.111642888223085
-0.0681757974249829 -0.00338439427969039 -0.0284900030504985 -0.00642324363394025
-0.0165640116360339 0.0569498668537019 0.054213756577402 -0.0284881009765751
0.0367054047997405 0.0506894611317336 0.00291117241813541 -0.141439478793833
0.0479539178971813 0.0131319161141068 -0.150004605833527 -0.156536583234439
0.0383884545726042 -0.0217285126551512 -0.237038485610493 -0.114732285456117
0.0451644822700835 -0.0275336147248798 -0.258519988055688 -0.0980301258427695
0.0519687805472895 -0.00986288515180097 -0.257623549774426 -0.122552231325557
0.0700734067041673 0.0335641742933376 -0.18016747426949 -0.183794423316117
0.0290599814601787 0.0711601815048971 -0.0333954725153833 -0.198020826315814
-0.0564879469709411 0.0674933967245601 0.0516303699164566 -0.0836876216886236
-0.105967786289583 -0.0286570310393227 -0.0551400806751614 -0.0751250227477497
-0.0164354183764195 -0.111640849485009 -0.0475912279760528 -0.2399775725012
0.0519903464809301 -0.0933372673543625 0.150663350481947 -0.477941297401641
0.0524803380885017 -0.190826280082186 -0.0378540035008826 -0.269386827675636
-0.0594959373655052 -0.154136099893955 -0.0831033429863546 -0.115592864188679
-0.143621793675779 -0.0383529610483029 -0.0370970282902261 -0.00886417584772793
-0.0800924164526699 0.100898866514659 0.0431783935211216 -0.0142826951806399
0.0313518155284683 0.140603550016837 0.0215783979058768 -0.11906545696592
0.105551039865743 0.0950322155624079 -0.114028161559801 -0.155073748783439
0.125763113206492 0.0243991669538172 -0.199972767580165 -0.119358664862704
0.141474327758532 0.00641376079884597 -0.217593186850941 -0.0989050418972625
0.147942688948112 0.0367708415850409 -0.209125425416084 -0.113288235891984
0.15425327497315 0.129564070093433 -0.144287182180205 -0.15242756334668
0.0395174656279746 0.204173981988207 -0.0315378002747172 -0.148637830261922
-0.148381423009622 0.167847984013455 0.0333458856518499 -0.0559027283313964
-0.265893139455278 -0.0497493209629683 -0.079871767655362 -0.0678209558166209
-0.115152337156147 -0.266324655898849 -0.0667213578550289 -0.225329579600993
0.0626453496280641 -0.294523050799387 0.120732399892704 -0.425743718427595
0.0674989583785257 -0.310034299907826 -0.0523384386177992 -0.174137715329164
-0.103042342588896 -0.248184706717425 -0.0521388002794922 -0.0956749469540758
-0.224472082947836 -0.0771066490359869 -0.0347131627691751 -0.0133450612661442
-0.150898692007971 0.143540828495945 0.0229457904019118 -0.00824502733749577
0.0182705241716117 0.226535037069704 0.0284676605364734 -0.0810130678349415
0.152842430837923 0.172775611963795 -0.0658595336438157 -0.12578565048268
0.198660530911333 0.0714744205745604 -0.133668343388265 -0.103570591672766
0.217175660688316 0.0394199503798634 -0.144277684566599 -0.0849796248667102
0.221021001267297 0.0734338841940067 -0.128654929074977 -0.0897289032105002
0.222897558546315 0.200291407068481 -0.0832710711259147 -0.102914436835815
0.0607445612263592 0.310213118157862 -0.0173724439445899 -0.0783347757836769
-0.205574031406286 0.26129021162946 0.0170153428802538 -0.0174480515305392
-0.395015841245611 -0.0392705718247073 -0.0902622099897136 -0.0442466926182109
-0.21722212221274 -0.369219503514788 -0.0744314254287424 -0.176295754695585
0.0508606154217876 -0.44733001018013 0.0847409956216172 -0.309620373287782
0.0761674754073437 -0.398806515806049 -0.0761639644829374 -0.0347359073298106
-0.150765635082554 -0.329571314859709 -0.00933406032773559 -0.0402231544319266
-0.306398295626113 -0.10814894445564 -0.0174236826621422 -0.0128622516223963
-0.216554231301772 0.18592385067058 -0.00252771994690696 -0.00279747618916521
0.0045196299514457 0.296245631482688 0.026118971009353 -0.022420983161052
0.184300313807085 0.232084865636936 -0.00549866577870665 -0.0692791262429554
0.245689858915393 0.107704353916881 -0.044727369740266 -0.0689285000074713
0.257942194440009 0.0652019455313158 -0.0484150260387119 -0.0574821300414008
0.257576150745402 0.0965932917561123 -0.0294579432657071 -0.0568029764724974
0.259554528715961 0.236007395136464 -0.00458109152882133 -0.0456078705744223
0.0818986441627965 0.364538889479872 0.011320328941728 0.00056186295782846
-0.21815955125848 0.316744461961434 0.00550521987504435 0.0284736115065916
-0.451760121213821 -0.00932439450061743 -0.0818472915784207 -0.0116097948553904
-0.284094743360781 -0.398559688749519 -0.0602427393223293 -0.102500113611082
0.0273200642283164 -0.518395352397646 0.0547348760955281 -0.154917201810418
0.0712915627416568 -0.431704493055004 -0.103913217450481 0.135044287870904
-0.18143009125318 -0.367591216395092 0.0407653408512859 0.0491715466711225
-0.350546673848255 -0.120813128522914 0.00936345758275122 -0.00188212136365635
-0.251012198994561 0.205552492066971 -0.0313450993538907 0.011716386579889
-0.00944966256150693 0.320837601804434 0.0196876358178575 0.0566910261457535
0.188375145607713 0.255221719487015 0.0634694561866623 0.0104428763787625
0.256403858383069 0.127097872696842 0.0576383528507653 -0.0196247831915962
0.259716423362899 0.0813534981263944 0.055539250866021 -0.0219425360697568
0.252528020429618 0.107178823180221 0.0723761849294433 -0.0199908989517617
0.247292527300817 0.234519103559999 0.0752210455819756 0.00958179398470755
0.0810199372136689 0.3504145320315 0.0448206432793538 0.0721924483854526
-0.195679319855797 0.298206467077371 -0.00089149575002956 0.0709296237110918
-0.410531618635776 0.0051203506890168 -0.0588242114848441 0.0172152680956147
-0.28136833650629 -0.358512315046752 -0.0277590315834107 -0.0269785957518237
0.00757242558407255 -0.492709744552752 0.0364308806601867 0.00725782233628644
0.0513931971084949 -0.391603970735487 -0.127755685197736 0.30539222774307
-0.178695067682751 -0.334715402557075 0.0853954159499958 0.152385423489108
-0.318645682098491 -0.106256510968951 0.0339088259735183 0.0168490317772346
-0.22876379484225 0.180563218348557 -0.0580760381438413 0.0332374547178951
-0.020448508623616 0.282464997655209 0.0115205275342727 0.136521243877588
0.157857880061336 0.230180881350592 0.128042193994582 0.0951586614477174
0.223556277448914 0.123586722822152 0.156239594875966 0.0343475763388115
0.220891518605631 0.0869304934084086 0.150505734952489 0.0157656180825565
0.208479873605321 0.105298253360929 0.157261715225687 0.0179498345585413
0.189959096370662 0.200656275523616 0.134096884712928 0.0563312286595383
0.0504117455250891 0.277701936172008 0.0662823096714307 0.121010290302637
-0.154311319009356 0.212726132139605 -0.0109932190380959 0.093783410761545
-0.293800205050458 -0.0056378484136123 -0.0317850580299954 0.0296908697698442
-0.211364449086256 -0.265992645127504 0.00553695677409404 0.0295040467915714
-0.00424438256974986 -0.386325876060291 0.0278450641265503 0.143529408825305
0.0183439051889454 -0.28073193320567 -0.14364187328682 0.440604919002984
-0.138467083951656 -0.225989786414845 0.113004770982404 0.239668984660953
-0.21137081751886 -0.0659257702605141 0.0513171019950591 0.0377146677201201
-0.152443167528181 0.11353912717302 -0.0736271478751337 0.0507192352699293
-0.0252725973523396 0.184147483994125 0.00170271185569061 0.195311084795416
0.0989271870927202 0.161209203118503 0.174049286961695 0.16552307465294
0.153587632953773 0.0995257190745738 0.233566804854617 0.0824801700280331
0.149121033173066 0.0797554327337258 0.222777018909842 0.0512694534268194
0.135523355711567 0.0892616479981203 0.213623607066953 0.054116095958727
0.105352899719862 0.143131321654429 0.161494180835435 0.0933258379705713
0.00781892364805569 0.173415240518006 0.0647615899159082 0.143263152143563
-0.104774984170208 0.101999018979251 -0.0258139245539149 0.0911265545273464
-0.149345245027092 -0.0244906205370478 -0.00999670390456835 0.0266466935966384
-0.11339803853904 -0.151155743804977 0.0270610409259995 0.0612490578895265
-0.0085291030572905 -0.234622919361155 0.0223929884675629 0.232618942403262
-0.018775164377276 -0.116327086473379 -0.142849091328349 0.513333391745249
-0.0739837031891782 -0.0754259394677935 0.123722998825649 0.29354250673541
-0.0655660235372086 -0.0107091265935371 0.064486260210417 0.0520201680051573
-0.0487838096113812 0.0284777766414907 -0.072336549809457 0.0546777695169668
-0.0232803807102929 0.0562090899216983 -0.00792473259134947 0.217650771088494
0.0236303812243265 0.0666687046937511 0.194180949915347 0.207727876014527
0.0572248836454637 0.0602471504302692 0.275638396719759 0.116947162865084
0.0560175917055414 0.0604248608435129 0.261196509798915 0.0798117534370204
0.0489107415461037 0.0603509840013049 0.236672419351272 0.0866251626540502
0.0183174646489929 0.0703296449372403 0.160156531529008 0.120962217152745
-0.027022493984677 0.0635276289456897 0.0465941103139114 0.144024583796136
-0.0491051327351761 0.00569861430699836 -0.0409240764036617 0.0714940305933676
-0.0205016869075553 -0.0273461363724933 0.00793515980578729 0.0163825359582813
-0.028559408815802 -0.0331130649620861 0.0379932903506429 0.0757462227416742
-0.0174497609179163 -0.0690407399193298 0.0177532143679393 0.272198964977749
0.0326746875799231 -0.0594933140555805 -0.0574133765402021 -0.3212790593678
-0.0205936599298344 -0.0590198052792499 -0.117814857800093 -0.104897444054037
-0.0672039877798557 0.00236628539486635 -0.0301204732867051 -0.00424650756021658
-0.0125091053120121 0.0575083925670838 0.0535488101104573 -0.0318189625633426
0.0409458561467369 0.0475314996489238 -0.00456329847177502 -0.143121327724248
0.0491738676414994 0.0108341929677091 -0.161113790492762 -0.145993192225583
0.0364597514480873 -0.0239111723701305 -0.247238410583826 -0.101416945088059
0.0436571043699365 -0.0308540052714965 -0.270141924692528 -0.0845039543047507
0.0525742006438972 -0.0133934263277223 -0.268988043322517 -0.107472139316051
0.0730182867260073 0.028681900965606 -0.195245310269317 -0.174449401468338
0.0334280828780306 0.0695947164498994 -0.0469218468805052 -0.198918744619175
-0.0526280177544258 0.0720266502558398 0.046541262734196 -0.0882445176096
-0.107835368897205 -0.0223931281177945 -0.0596326786299867 -0.0728131932460606
-0.0229916250409623 -0.111599569230164 -0.0602936146635444 -0.242751419817267
0.0461009698123608 -0.0965546664657688 0.122421897542555 -0.490940481030261
0.0423557430909018 -0.193759061553323 -0.0565569805978584 -0.269718374313783
-0.0681320046517367 -0.15091487871823 -0.0943933474981532 -0.110540067949893
-0.14569242922323 -0.0288505954130365 -0.0377488915935889 -0.00621294286557963
-0.0737484332757214 0.106046488256011 0.042828669911197 -0.0163127844101619
0.0419425047825339 0.138701456206729 0.0151983796725746 -0.121393845496955
0.11355254040736 0.0887717914993419 -0.12549120611435 -0.14772686829037
0.12759936880733 0.0165865312516006 -0.210537137551122 -0.107685100202607
0.142879424545667 -0.00179414515413891 -0.22834489519209 -0.0875895822594911
0.153078821152556 0.028145710999522 -0.219704744477363 -0.10228254002022
0.165554817639546 0.120086869665262 -0.155638282475837 -0.14564219071961
0.0534718851219401 0.203948897133752 -0.0398246993539414 -0.148284201068863
-0.139781223269228 0.179248134310364 0.0299434166460915 -0.0596459877135826
-0.271452408246068 -0.035304296161724 -0.0855436648514491 -0.0643478154899946
-0.13234087426738 -0.262764781127969 -0.0796817980269418 -0.225887676726392
0.0440066020285032 -0.300661710143483 0.0960640792217012 -0.433410329222307
0.0511239369523543 -0.314831435066724 -0.0653671465705682 -0.174028516276054
-0.117341322116573 -0.243940461192848 -0.0610742939329848 -0.0932370145122308
-0.23027081279516 -0.0649420181492892 -0.0352255899236883 -0.0111376095035907
-0.143415466404782 0.153964249009382 0.0227056709565646 -0.00846048220804277
0.034444927851794 0.226401930500931 0.0234580343255982 -0.0835761650443844
0.166574872605883 0.163500186405273 -0.0754295218463406 -0.123161843351566
0.204432916763982 0.0582597484175143 -0.142341562907922 -0.0966649288330886
0.221179571164339 0.0268409208334124 -0.152754719847479 -0.0774805154358086
0.228724715071053 0.0602418416265127 -0.137390677220844 -0.0840085541657118
0.240130319369393 0.187716564380941 -0.0911298380380001 -0.0991806659324814
0.0813946653065875 0.310230156884834 -0.020840606493221 -0.078782891151556
-0.191533638029861 0.277423112996745 0.0150738457606244 -0.0199900339973041
-0.401468790484573 -0.0185740373578395 -0.096660028221428 -0.0403588325996017
-0.240239520733716 -0.361386467551151 -0.0853593062768372 -0.174865735782807
0.0228622315687874 -0.454147871028941 0.064707554810328 -0.315817973367236
0.0543947436603915 -0.404536950988046 -0.080864424830287 -0.0330433989954377
-0.170939490666256 -0.323280030971774 -0.0150242641619322 -0.0405202580754382
-0.315806503821734 -0.0919058520495039 -0.0173826488773916 -0.0111306062390206
-0.207294268632514 0.201501007250826 -0.00231979613540153 -0.000720216698033913
0.0243537458567336 0.297336672526143 0.0246650852721851 -0.0235900969326137
0.201508990751843 0.221180308726773 -0.0111733142256167 -0.0701985851444062
0.254314924380426 0.0925883784541415 -0.049651574637486 -0.0664041670503455
0.264837116200807 0.0511209049819922 -0.053555757613121 -0.0555919791883197
0.266927673880969 0.0820005988119336 -0.0345980122716228 -0.056863249873092
0.279318616473133 0.221601442176438 -0.00781807147114793 -0.0465806231204533
0.105720113732502 0.362955558813865 0.0141499531506646 -0.000343656177795351
-0.20128873837092 0.333314084019498 0.00676577544664893 0.0274828608619804
-0.457183709299015 0.0152044980755075 -0.0873434759149019 -0.00803071524863243
-0.310131412576439 -0.386665837032338 -0.067613712827737 -0.0998101975824833
-0.00577907881903198 -0.525039183859466 0.0437934334313279 -0.156327379516377
0.0491152134309353 -0.438366607809668 -0.0980929418133697 0.138900112024517
-0.205556046993854 -0.360628264084981 0.0406628028553987 0.046720864193334
-0.362429813485 -0.102424991109804 0.0108740385877321 -0.00236922367556575
-0.240882148323063 0.224251257505567 -0.0308113320369532 0.0163254742873873
0.0116387777262493 0.32451916377486 0.0231440085660844 0.0564957032251537
0.207118530979598 0.243770379245421 0.0632005112003875 0.00480793133338692
0.266568205544944 0.11091665697949 0.0569913815830002 -0.0233266468825249
0.267612561779907 0.0671244684088417 0.0547008768157434 -0.0265838692163074
0.262724155703888 0.0927806960170325 0.0709902295529582 -0.0262523842780276
0.266591626619163 0.219670078853917 0.0762924757485795 0.00359798879280309
0.105659804091235 0.348441648007787 0.0533074058967399 0.0698952891745507
-0.178853121445151 0.313569690052178 0.00309754468957285 0.0709402015613996
-0.415659437696535 0.0281961477276651 -0.0624635720523524 0.0189936718952027
-0.305823848340365 -0.345582952598709 -0.0315765504757881 -0.0245026709817405
-0.0258027494426789 -0.497651280439004 0.0360106612107808 0.00757421907158742
0.0310070951854013 -0.398059119269627 -0.112413792084419 0.311623608934197
-0.200242983105486 -0.326531080280539 0.0925577795356106 0.147284020387349
-0.330183391257267 -0.0908687192166569 0.0372290621721552 0.015328655198244
-0.220804168729301 0.197542204604093 -0.0567180162802858 0.0392540949426901
-0.00242752783254206 0.286557494569338 0.0189957948881842 0.138503635315471
0.175460779186424 0.220741126598531 0.134584269302305 0.0862631546651093
0.234592634475782 0.109841027919609 0.160705147703776 0.0242996971471684
0.228531618376244 0.0748961171108695 0.153471347638683 0.00673482759729169
0.217388501750322 0.0931571191450286 0.158736622914593 0.00672560194476588
0.205910569241017 0.190264678541674 0.138632917168208 0.0472539828039807
0.0699579830553138 0.276528933145687 0.0766743946967391 0.117368910243182
-0.142528429531755 0.225031971811771 -0.00564709405481732 0.0943374204304816
-0.298222246289048 0.0108317346258787 -0.0350902873375193 0.030114577575981
-0.228459477970744 -0.256192957063155 0.00557940081716931 0.0307080224405297
-0.029138368250596 -0.391048677847535 0.0351669981657275 0.144753048104112
0.003805562581937 -0.284322026590163 -0.118615599183614 0.448910231890172
-0.154116334477938 -0.220543721666433 0.126605641148168 0.234299026994245
-0.219234519935087 -0.0563179514089779 0.0560402808386378 0.0351301852933921
-0.147795911796414 0.125591883170024 -0.0713488595590152 0.05739811105431
-0.0134202885339239 0.18841148662555 0.0136182057979129 0.198429549104265
0.110699263802969 0.155543130363599 0.186443323871702 0.153546516939566
0.162025403882358 0.0901818776644028 0.241962707858097 0.068658861194147
0.156425150688383 0.0720757901558469 0.229544724428734 0.0387861398053304
0.142427934653072 0.0825370899542211 0.219043997051432 0.0405223926974777
0.117168009320216 0.137850139691648 0.16893055712581 0.0843397858462384
0.0200747760049178 0.174453133409863 0.0755516608825226 0.140495696582989
-0.0995268735843187 0.109773370876433 -0.0209125661501711 0.0928992870827019
-0.153570820652614 -0.0162976002007636 -0.0116351696420444 0.025543085513414
-0.122884342107427 -0.146250196157323 0.0302120864387773 0.0614889504888818
-0.0231412209191427 -0.237131881352236 0.0364859787362894 0.23328764579841
-0.0241991204205457 -0.117170730086243 -0.11323931508398 0.523885049614532
-0.080026987053845 -0.0720386083834042 0.142577146584495 0.288505335634938
-0.0690140210495596 -0.00867816264360158 0.07010532086068 0.0498859043177116
-0.0481140782106731 0.0332149724101301 -0.070584622460455 0.060702904733161
-0.0200858865432322 0.0592140989892921 0.0057678971399723 0.222480710742094
0.0285446730065809 0.0649354586198196 0.208986347295219 0.195475671959336
0.0625598958976472 0.0567118036200597 0.28646981839442 0.100395584130797
0.0607979936068146 0.0581869252172579 0.271680763416661 0.0651104733708092
0.0531063469152718 0.0587229757824061 0.244966776838538 0.0727897133808043
0.0239023146678418 0.0703724733802723 0.169726436856289 0.111706139697553
-0.0224191600970569 0.0660475987459612 0.056687750961657 0.14240376236364
-0.0494330811747819 0.00946091792226478 -0.0373454121449824 0.074313510959224
-0.0238729137666368 -0.0266143524497731 0.00681439048921346 0.0140723226417203
-0.0304227372589303 -0.0326143324579674 0.0428499901861197 0.07567085482932
-0.0213628805758689 -0.069926049294536 0.0353872853556045 0.272776786913103
0.0284643622487208 -0.058423049488285 -0.0740191347485866 -0.308342656252468
-0.0222510456566373 -0.0568751278284013 -0.121587626117448 -0.0934711040176743
-0.0634165406172851 0.00654280552402367 -0.0300962817882055 -0.00165134450416759
-0.00851984216071207 0.055825719075691 0.0506156112591639 -0.0342386833199721
0.0431941291126523 0.0425948273784449 -0.0118478875997529 -0.139059514970817
0.0484300924948481 0.00767467345282383 -0.165148705286477 -0.131399367238144
0.0329663756744765 -0.0243821062842909 -0.247875946157264 -0.0850162186343999
0.0399795176034068 -0.0324969364480065 -0.270571934664502 -0.067334364206659
0.0511088229906229 -0.0164959672328271 -0.268211902049374 -0.0899893347189072
0.0733015788340514 0.0229761994637787 -0.199909218037656 -0.158199008716414
0.0362487435532931 0.0660751961150564 -0.057702070074324 -0.190583370712855
-0.0475362917771801 0.0731187103777891 0.0398647663833083 -0.0895874270588776
-0.105527918426479 -0.0169506318567023 -0.0610744265266051 -0.0676886203329919
-0.0282893760338008 -0.107219706935673 -0.0700645832830712 -0.23503462955923
0.0390032249348106 -0.0960356731672196 0.0934088681866698 -0.479569847264391
0.0309490431143732 -0.18952444317086 -0.0715152262422897 -0.259066801617034
-0.0732792622222491 -0.142721580844026 -0.100335708694626 -0.10094803681369
-0.14136813882173 -0.0205936384036081 -0.0375068395701701 -0.00364926704989362
-0.0654779455182034 0.105940509145585 0.0414124431273169 -0.0171217386620507
0.0490385215768967 0.130743881759374 0.00873280208709525 -0.119168322241579
0.115699483214693 0.0785746667863164 -0.131190078564914 -0.135065813210179
0.124312085396574 0.00967640981756698 -0.211294051297689 -0.0925746840343943
0.138706093361335 -0.00985845207695836 -0.230276016867256 -0.0725901550473212
0.150920604983423 0.0180209702126833 -0.221011831188871 -0.0876004050965126
0.168672203392458 0.106690591404844 -0.161086602356923 -0.133648991477753
0.0632398798216603 0.195878687249103 -0.0469421779738524 -0.142207563698047
-0.126085649644 0.182194729467793 0.0249942159755544 -0.0606042262595428
-0.266008734565967 -0.0212908893963911 -0.0875818728340492 -0.0581545693968496
-0.142142992664662 -0.249795391267407 -0.0888458436945742 -0.216254267014256
0.0261109664244022 -0.293987223555932 0.0675980855036398 -0.423676802961318
0.0343527800344843 -0.306340578967247 -0.0747795142252351 -0.16691906037286
-0.126012487594381 -0.229819081375265 -0.0674938442334127 -0.0869402686562931
-0.225905066656022 -0.0505100562161347 -0.0345598432085719 -0.00883023306616473
-0.130066831142555 0.156932130521757 0.0227684014076357 -0.008582962688889
0.0471650382771534 0.216349656130174 0.01868800151816 -0.082555775041365
0.171900556797494 0.148156133983187 -0.0815171506755695 -0.11430493906356
0.201387601622797 0.0453464868408795 -0.144081938433448 -0.0850071777687353
0.216347433569569 0.0144712978463902 -0.15549646809493 -0.0678419717170543
0.226882786092034 0.0456446937938512 -0.139966647606779 -0.0747446111992355
0.245725510490197 0.167365774514285 -0.0948604266325608 -0.0922699341276196
0.097441213570188 0.296526630749473 -0.0225637933923673 -0.0757649526401298
-0.170513850414132 0.280561577672413 0.0123235087185869 -0.0210573273005201
-0.392366009797031 0.00135504285953109 -0.0980606956997906 -0.0343115503946771
-0.252462750106208 -0.339207621900073 -0.0934095359396818 -0.165436576580617
-0.00412742063601154 -0.442058076816843 0.0448992235351411 -0.30477301326078
0.0334123155126812 -0.393928266474828 -0.0823213219243312 -0.0302810442617882
-0.181507100965377 -0.304161846932934 -0.0204045568626625 -0.0384325744275327
-0.311183370566655 -0.0735256977979361 -0.0164011175107748 -0.0101503455774933
-0.190019942108977 0.20712831924415 -0.00129891041655779 0.000788237336055804
0.0413359996466541 0.286427145209002 0.0230636551425533 -0.0233949541225367
0.20999297321514 0.201429396327484 -0.0164225475305617 -0.0679821546598276
0.25181182127198 0.0750306130346127 -0.0521610693866468 -0.061435757336693
0.260804575808351 0.0355654224343007 -0.0565851211457968 -0.0521125948591833
0.265133314491853 0.0658012840510305 -0.0383272405156047 -0.0548638112767159
0.286278404470259 0.197730675614287 -0.0108470089975278 -0.0457794171818027
0.125387421076286 0.34708116119623 0.0162139265963466 -0.00243525465570152
-0.176763558687079 0.335311540566077 0.00749403708580404 0.0256190519488744
-0.444810623394927 0.0367527167051169 -0.0892887967639176 -0.00312328373206121
-0.321163147507941 -0.362046967825592 -0.0721320244999613 -0.0923113041078468
-0.0355100000234767 -0.509200039948193 0.0322206844539344 -0.150025158826261
0.0255909971236942 -0.426267976746806 -0.0894927060015575 0.136699089311697
-0.217977320005144 -0.338665005804695 0.0388427703676943 0.0429537753737162
-0.35858400437094 -0.0813580667274039 0.0119498951961375 -0.00310740634648368
-0.221687204739784 0.231390095614687 -0.0282638129862882 0.0187024956439624
0.030222330935722 0.314578287683195 0.0257962234202703 0.0544831644091956
0.215661091257965 0.222994680404601 0.0597112895436323 9.63933548810654E-05
0.2654265617852 0.0923001014659215 0.0534716631800512 -0.0253905184309494
0.264119106809188 0.0511010737517159 0.0507455165868585 -0.0293067205669416
0.260785320153077 0.0765754067090035 0.0655313977757356 -0.0303583107499187
0.274082506571625 0.197225330058448 0.0732626150210284 -0.00147472350451297
0.123373536312591 0.332534210825614 0.0576805759870381 0.0637724024444857
-0.156433572174905 0.314856978243497 0.00565602848964568 0.0678992404696941
-0.404138099870562 0.0474029172043127 -0.0643112070647065 0.022333985840034
-0.314941607247046 -0.320289433111063 -0.0329435663056435 -0.0202811328093683
-0.0527040578935866 -0.481552772738328 0.0333834172151503 0.00944304110067311
0.0120586835564836 -0.388478001599829 -0.0944607594031542 0.306006290933785
-0.213157160373624 -0.306239132408084 0.0951648709750529 0.137861059840491
-0.327774672832665 -0.0717941594189399 0.0388278798086867 0.0120140062802119
-0.203732773558839 0.204702021522004 -0.0519329499505742 0.0426113236569519
0.0150208143500677 0.27904408041078 0.0272494278670586 0.135023416142633
0.182767990414067 0.20310994572826 0.133870364804632 0.0742250366865876
0.23352024099052 0.0928065974367312 0.157749723699954 0.0154263920167837
0.227417918050849 0.0610656500907888 0.150638702995012 -0.00251123138090329
0.216263487673946 0.0797884250553557 0.154263585633111 -0.00298779701410851
0.212692261756619 0.171813371518836 0.136683871897475 0.037646479754889
0.0855601611730303 0.264346928288459 0.0834185659039727 0.108918693221522
-0.125704265986328 0.226524149560988 -0.00101329451707151 0.0911319834503871
-0.290157769560629 0.0258748224547414 -0.0363499876089078 0.0309486881585864
-0.235400122408003 -0.237357345930209 0.00581171514886781 0.0318399948078547
-0.0499684741308393 -0.377792137652698 0.0414555130731497 0.140899538376258
-0.00845393649262346 -0.276508476166389 -0.0936259844880128 0.440065415781027
-0.16162891891031 -0.206108752431142 0.133713675943936 0.219953679298936
-0.218180201187058 -0.0443653528749266 0.0577900685378923 0.0311194206305536
-0.136947562196519 0.130910896826512 -0.0655876255003139 0.0614554225169639
-0.00215672613115978 0.184982475880109 0.0245895347529889 0.194081261912627
0.116944093266651 0.143587474781301 0.188678994818881 0.137869015131503
0.163395835731607 0.0770760049844567 0.23923795527176 0.0526626183163169
0.156514887966488 0.0620058551450983 0.227166816260727 0.0242633701266423
0.143382019837287 0.0728149203109125 0.215165166725374 0.0266727787986499
0.122805291892132 0.126911539567055 0.168213328138134 0.0714772646458432
0.0303858817106897 0.168152377645569 0.0825571344565773 0.131527311181352
-0.0904534438866106 0.112463019255664 -0.0158796916034528 0.0914442070908557
-0.151679074807804 -0.00835288257579558 -0.0133885091712537 0.024465891510836
-0.126724746220421 -0.136243269236988 0.0322089868871509 0.0596584733539974
-0.0355157677567007 -0.229378940449235 0.047654615403921 0.225191902150764
-0.0287144585794497 -0.112427643015982 -0.083452639639713 0.513890422249643
-0.0817488592772841 -0.0656604476027977 0.153529923825722 0.271935575105113
-0.0693788591256876 -0.00539750769056562 0.0719700813012522 0.0446084093502869
-0.0446133859716663 0.0356236801921616 -0.0647562510918209 0.0642270358153497
-0.0160887439440023 0.0595013530187058 0.0181246685523214 0.217647797906152
0.0309892841724103 0.0604540244940824 0.214154607827647 0.175963384061281
0.0647098359168664 0.0509995787539246 0.284747618293615 0.0808751477815546
0.0628970033404737 0.0532100000886841 0.270180467442761 0.0474810879785813
0.0548350550660151 0.0544367535429068 0.242717383515486 0.0566604384331574
0.027310025625969 0.0671496941596993 0.170796630276785 0.0985317703643794
-0.0172409844848736 0.0649876882943948 0.063193838490233 0.134382848141335
-0.0474247661999567 0.0127910925620844 -0.0326963667847455 0.0737203536774143
-0.0262500855993487 -0.0240989506470385 0.00533093421662368 0.0123000222137307
-0.031017670972638 -0.0307569349108996 0.0454795772681577 0.0724804300740008
-0.0236585725741627 -0.0676126537026284 0.049789506363552 0.261496373015844
0.0340177631545941 -0.0496993558354443 -0.0340135794128395 -0.294118531706338
-0.0122901040230965 -0.0554873610291947 -0.104770932799979 -0.101084630881937
-0.0580430714904552 -0.00224192556836538 -0.0303632640523367 -0.00617420226547699
-0.0154757254960228 0.0502788590931198 0.0484188045179187 -0.0259328351928493
0.0349277678987811 0.0452922863757281 0.00168947100414455 -0.130269849765031
0.0467236057618679 0.0142853057264174 -0.14097189793101 -0.137337554220623
0.0333741379302516 -0.0175825687049123 -0.226150484492269 -0.104944979882117
0.0414152856705792 -0.0260660885050932 -0.251916220675371 -0.0952474451739052
0.051394996715483 -0.00818475280902126 -0.249439239741118 -0.116469556897862
0.0677543450261001 0.0308034341368935 -0.176129445168714 -0.175378617560933
0.0259765366077138 0.0689209135480811 -0.0346596197030291 -0.19343459045914
-0.0549362015864285 0.0652640010785989 0.0497291357951646 -0.0854222755502576
-0.0984397422558018 -0.0269426471455283 -0.0469919708757552 -0.0715039893315924
-0.0166427731423487 -0.103704431076028 -0.0381194008477283 -0.233198057826039
0.045584726646122 -0.0851920247960243 0.144331172426826 -0.451492848892797
0.051820890230028 -0.170130192798469 -0.0288993223783955 -0.251802643086215
-0.048399202886145 -0.140958601858132 -0.0816343891618489 -0.111540549585475
-0.127042345452834 -0.0372676057393638 -0.0368032881358832 -0.014785963750154
-0.075438940823952 0.089282099148637 0.0368322753346757 -0.0139849454645455
0.0285794265481426 0.128871239651665 0.0150557698710237 -0.110656046720642
0.10141145960747 0.0886678306095362 -0.111800993891901 -0.134374152007479
0.116316125491974 0.0247382671420114 -0.192256728053778 -0.108667398536101
0.133592502407543 0.00748273904423433 -0.21273960126847 -0.0976072435311493
0.142995191080949 0.0369576537667115 -0.205207230922328 -0.11109130165597
0.148996284076167 0.121505319728297 -0.14229844355193 -0.150858599990024
0.0366045593234814 0.196111520453157 -0.0275221099867967 -0.150477527381157
-0.143599913305736 0.160719918794351 0.0336748133281302 -0.0627977558119805
-0.252846315626497 -0.0493506702692074 -0.069820497850058 -0.0637565812222295
-0.108573319817644 -0.253711676515224 -0.0538224269138567 -0.210542486538556
0.0551620937220533 -0.277808582676172 0.117376279036345 -0.390980182789194
0.0685462258709878 -0.278001453605877 -0.0343585253556938 -0.170678767308979
-0.0867490856580247 -0.227492545866653 -0.0515237160659263 -0.0999911882161732
-0.202049631467546 -0.0766062322199932 -0.0333733628957021 -0.0245676223652446
-0.142378092366212 0.128280371819251 0.0169879864570751 -0.0106915336724179
0.0144174291459447 0.208662064291106 0.0174271908023653 -0.0763640885633984
0.144424275779393 0.160120077620089 -0.0695621958974143 -0.107925124117732
0.185257137853642 0.0668956383043566 -0.130929786713435 -0.0941392211739941
0.205394129725431 0.0396778479277387 -0.141030555026374 -0.08401836658134
0.211375203326837 0.072399725281409 -0.129305528318369 -0.0916548806399309
0.215725271121569 0.187873660365736 -0.0849456861405105 -0.107956617812671
0.0573607109181254 0.296458674378117 -0.0110516073343112 -0.0878893515920119
-0.198571366988381 0.24933879814362 0.0182788599423928 -0.028537118751725
-0.376407720350208 -0.0404799730617712 -0.0805855029882332 -0.0409922182188649
-0.205685072672062 -0.352784021233635 -0.059090873219432 -0.156871746993327
0.0429747510433606 -0.425498624299745 0.0863727401041524 -0.273479372565901
0.0795489879378324 -0.359658479927118 -0.0497707270152775 -0.0468966820486832
-0.128711849309784 -0.30399454523705 -0.0106536681751975 -0.0547212503168557
-0.279596117630489 -0.108650219099367 -0.016232112366023 -0.0293117613251766
-0.205844851269067 0.166925093332528 -0.00768509590813798 -0.00697623642225315
-0.00102027397649385 0.274958770796609 0.013074218809468 -0.0224500868891884
0.1722706762521 0.214273493381972 -0.0158574310360653 -0.0556946298060179
0.230426045685637 0.100963203420449 -0.0471988974367233 -0.0623308976419963
0.245766502962595 0.0655445982625954 -0.0482741613194106 -0.058421272189928
0.245418085553704 0.0953406639045607 -0.0346183100711171 -0.0614555670019846
0.250445040724491 0.22127491083435 -0.010846021073486 -0.0561425106082758
0.0780858442413377 0.345945793660288 0.0180888715856283 -0.014880583200365
-0.210649517932749 0.300912522386667 0.00770222709310164 0.01465744066959
-0.431571907648814 -0.0134749890639727 -0.0733038956691856 -0.0105712269549406
-0.267722748398096 -0.382642683787503 -0.0445225293339766 -0.0817565768036249
0.020785466312117 -0.492750639856513 0.0595575648337143 -0.121709163909591
0.0773379831772261 -0.391965091092035 -0.0722444359517425 0.106184902083352
-0.157371731459022 -0.339519069247215 0.0370575741550757 0.0249935698459077
-0.324164138713919 -0.122410163989464 0.0095542619904332 -0.0228874214289514
-0.239671620213563 0.185201464273078 -0.0351893937522978 0.00546438971860718
-0.0167126126702019 0.299996203121023 0.00625691688167209 0.0502060982002714
0.174019706688399 0.234940670138282 0.0480594904144902 0.0157573995194283
0.241044317820124 0.117624776281049 0.0494425773389205 -0.0178830571880803
0.247636648414077 0.08131424892899 0.0531662191929228 -0.0243731316312442
0.239713185237602 0.104181728833254 0.0633832864611649 -0.0260563925823587
0.2384618674307 0.218591052245322 0.0656835378354797 -0.00327973911142421
0.0781577759991588 0.331591436780831 0.0505762148982473 0.0534255337863734
-0.186965253693286 0.282976858202079 0.000910726949020483 0.0565684843961021
-0.393830187231289 0.00218779229794779 -0.0543219382014933 0.0162198937133527
-0.264505881297262 -0.341844515664407 -0.0152813146602467 -0.00889866687889924
0.000810562627757988 -0.470378128952236 0.0435591835104142 0.0324083375164557
0.0599268251133944 -0.356113346155628 -0.0973055021511679 0.262807828547873
-0.158453931091542 -0.310950310898427 0.0801735825938571 0.121572317586389
-0.297448334749568 -0.110500987423779 0.0334989184028868 -0.00368443480278238
-0.219696355719354 0.162805728519771 -0.0596587424606791 0.0261818537712592
-0.0272200644345092 0.264001126594593 0.00021477687398617 0.125676811587845
0.144822458892415 0.212079318961735 0.11076769243089 0.0911593005834837
0.211492325379196 0.113705277846353 0.144002506269697 0.0313605080426783
0.211747638272684 0.0861630071799008 0.145805360290716 0.0130486423472763
0.196495643213224 0.101853775556627 0.14611939530321 0.0109275023542452
0.183053513095342 0.187429703431156 0.123329793101896 0.0428522787572502
0.0507158480790085 0.260997123126484 0.0699088415969655 0.103001927220434
-0.146894997392348 0.201921831322176 -0.00871330790940086 0.080568583027152
-0.282209515872962 -0.00791590559051799 -0.0324303752147776 0.0272376056466544
-0.19856624247393 -0.254229724364492 0.0134746798204548 0.0426133280786496
-0.00692815213214104 -0.370553358096125 0.0344438392772644 0.156537186198482
0.0265546356328095 -0.257218538422126 -0.117467255680261 0.389499271502446
-0.123759602994426 -0.211566375092919 0.105366052649327 0.208724019378103
-0.19941401228037 -0.0705068952791736 0.0495094886655798 0.0221231860745794
-0.147011502018653 0.103444138940561 -0.0717356552348604 0.0445904984940806
-0.0291555632110854 0.174444473350107 -0.00418741032979495 0.181567305647964
0.0891919138449527 0.148347351502697 0.157302350122833 0.152904967531676
0.146263151465359 0.0908112928021285 0.21842466296797 0.0744109411838082
0.144861531393081 0.0783847184982215 0.21604147541462 0.0476690900573934
0.127848207333125 0.0864331317069487 0.202001553556739 0.0474299198145082
0.102748609885684 0.134079072764611 0.151502948706035 0.0816431012511238
0.0105521025470114 0.162652161346389 0.0675266409690412 0.128196468107771
-0.0993436669268784 0.096850939676255 -0.0232704829090609 0.0825778134005747
-0.14551544941814 -0.024148081135981 -0.0139584919029156 0.0232011258932109
-0.105682202630805 -0.146098667066784 0.0302145243947959 0.0695014487450274
-0.00863630461565822 -0.226920150480013 0.0278963361085357 0.233197345578923
-0.0122743769712037 -0.108290912939287 -0.125130251488527 0.46271610694636
-0.0683579011548537 -0.0709995441123446 0.115728518535447 0.26723044664742
-0.0652374475229275 -0.0145392632486177 0.0621161989195227 0.0456165251654499
-0.0471727349068526 0.0271984343752583 -0.0674452449461887 0.0516665317879803
-0.0242182584789544 0.0540736703683247 -0.00799198225653541 0.204440699249342
0.0187078366591049 0.0596638491586367 0.180359905066428 0.188588010487869
0.0563288816961435 0.0538604863332557 0.260671792610126 0.106188635131315
0.0558967379639112 0.0585450329015968 0.25405844484382 0.0759606076757084
0.0453991326127918 0.05739311720037 0.226785696586733 0.080771663955212
0.0182250848580973 0.0666076602656601 0.153166789443393 0.110706646972068
-0.0232511541900376 0.0588825397345076 0.0471305873146278 0.133997509464223
-0.0458499806177244 0.00691600016966478 -0.0382767138530016 0.0674362326840096
-0.0237776157118811 -0.0254618237133064 0.00226426759198511 0.0132492113147241
-0.025978010273649 -0.0347262403923629 0.0377173546253857 0.0780599709252484
-0.0144960202976439 -0.0715354629342937 0.0226333681860516 0.262334230936434
0.0330469149061258 -0.0475105883872111 -0.0295891102684235 -0.285734385088104
-0.0107770338777828 -0.0546131480181598 -0.10110328241378 -0.0984758986033097
-0.0549359415835274 -0.00279606456130083 -0.0301785145372093 -0.00560816096319217
-0.0154214720719064 0.0483822730198728 0.0479340768377536 -0.0246690042609299
0.0334162692757548 0.0436814172645302 0.00321756751148922 -0.127454080791042
0.0455050309665572 0.01419984379766 -0.13536951024092 -0.13362076177271
0.0322725757068279 -0.015952744586462 -0.219347679068278 -0.1042895873776
0.0399621380360089 -0.0253375137672976 -0.247925190933355 -0.0960123108737035
0.0507150017023289 -0.00774166297132501 -0.242741240948202 -0.116819548222452
0.0661092819363397 0.0304076251472886 -0.170244306019914 -0.172571605789582
0.0247145326624786 0.0675344330954816 -0.0320678889425908 -0.188587541651997
-0.0544708958513624 0.0625753436353207 0.0492514849197996 -0.0835517504420607
-0.0951965392902459 -0.0277342954699094 -0.0442360355778192 -0.070560256091046
-0.0148426035536319 -0.100776114829443 -0.0322604555310139 -0.229113820299549
0.0446356301954765 -0.0813530298863786 0.146996601586847 -0.434033461491187
0.0530236810335448 -0.163663034100372 -0.0255772116120113 -0.245612293384482
-0.0446550688654349 -0.137450228325198 -0.0790017240151243 -0.108076000671683
-0.121613136934496 -0.0380176637632586 -0.036190967987062 -0.0140417262286599
-0.0736726174426861 0.0856257120639964 0.037070808471188 -0.0129566379765393
0.026793509414079 0.124541206521221 0.0167647528848475 -0.107513344388163
0.0977856946809592 0.0864489955138192 -0.107439300946903 -0.130843464551855
0.111909489807332 0.0262810852260678 -0.186803778333307 -0.107083532299123
0.130094939826232 0.00919467942528966 -0.209024817781092 -0.0976632817373432
0.139427300219271 0.0373810948027937 -0.200203983270753 -0.111573855514422
0.145352013179774 0.119378074733735 -0.137851287919671 -0.14888759806099
0.0340086526219551 0.192034711319674 -0.0255502278610176 -0.147817219968272
-0.141960688198196 0.154848974496016 0.0333101058766741 -0.0615557975729572
-0.246695081738589 -0.053477571311443 -0.0672419611238956 -0.0624074811095777
-0.103035183168267 -0.24946568333598 -0.047867811857458 -0.206639797284179
0.0564873998655203 -0.268500091464374 0.119411239497488 -0.374328775869043
0.0718585316518654 -0.268471033460002 -0.0325272248051558 -0.166172703224445
-0.0806914465535611 -0.222022824792439 -0.0502077129446658 -0.0975492337528097
-0.195066917285987 -0.0774585729943104 -0.0322000359020224 -0.0246889768046144
-0.139711811552561 0.121961384198662 0.017499738240406 -0.00950847996342408
0.0124201712484965 0.20292704262214 0.0187004865496132 -0.0739770441885824
0.139194359019629 0.15625659666941 -0.0674502131391781 -0.104866655790089
0.179193896778969 0.068219091863761 -0.126611671253741 -0.0930217996833768
0.200084183313819 0.0421707576353032 -0.138684662493188 -0.0838666126799083
0.206278589918316 0.0730284164808842 -0.126155851719404 -0.0918219324255421
0.209387378804189 0.184222186801866 -0.082654626975161 -0.106350108615618
0.0536922451684937 0.28998706573691 -0.00911530808746523 -0.0871655801768312
-0.196806855700778 0.240547724898489 0.0178044135582338 -0.028404887232654
-0.367464097039213 -0.0456191542408185 -0.0786904386272551 -0.0404231337257564
-0.194509899699883 -0.347307512708938 -0.0541504240885068 -0.152927387689306
0.0473497326296231 -0.411800195019634 0.088005461445664 -0.260429496435096
0.0837178077499184 -0.347632470400776 -0.0500102713214484 -0.0482488628713664
-0.120292842381601 -0.29688406289787 -0.01179396146828 -0.0534031453953822
-0.270381926083441 -0.110806522614923 -0.0152964229299873 -0.029462743501795
-0.201578119290899 0.15857370515511 -0.00643236951165117 -0.00620341517072262
-0.00312201748550449 0.266867778957073 0.0140820036932326 -0.0212689830344137
0.165763241591975 0.209338800525023 -0.0155754528148648 -0.0544157775249584
0.222418747517318 0.100750071077055 -0.0452948655746578 -0.0609800405183294
0.238581522810396 0.0673000672709266 -0.047237517126592 -0.0580583159322453
0.238545426147029 0.0965968679176525 -0.0337931615503662 -0.0611584882458822
0.243292556032706 0.21699007235202 -0.0103666526703841 -0.0549922360429026
0.0737433468585618 0.338747067768372 0.0190330212654112 -0.0157966242577766
-0.208253448037237 0.289868567820537 0.00628398539651429 0.0136102504328669
-0.422087980496286 -0.0199930231939247 -0.0742303642644604 -0.00975894181504317
-0.255487075565728 -0.375902269066339 -0.0410301166882255 -0.0789154657257899
0.0258300052152939 -0.477824407389958 0.0602738995966624 -0.114004994805611
0.0830847986409585 -0.379727575783894 -0.0739034787870121 0.100094893462076
-0.14827402787002 -0.332689119460082 0.0334305047789175 0.0246243874113386
-0.314933413686958 -0.124166699127003 0.0101184092710003 -0.0233028116431889
-0.234996612330948 0.177198070465584 -0.0329495698706678 0.00582552725975206
-0.0187121914802826 0.291741760092555 0.00686920557515793 0.0498037703900232
0.167122981275078 0.229824064113989 0.0454693595811552 0.0153345840075551
0.232737016750485 0.117315871170637 0.0482891406842468 -0.0166653536257449
0.24108818951924 0.0836878018999911 0.0512000682344297 -0.0235947401312478
0.232234728300016 0.105863458546453 0.0611481449436503 -0.0254437401159459
0.230741414949389 0.21413669355446 0.0633928960612956 -0.00314752504184015
0.0755019712925407 0.323795503855623 0.0503312203529096 0.0511963072828493
-0.185462141356577 0.273082559217392 -0.000742687988380027 0.054187030683223
-0.383630376795671 -0.00460236403135405 -0.0562307069662075 0.0162104368913165
-0.253589646232882 -0.337469757001656 -0.0134323025222726 -0.00643760497482902
0.00725189339450574 -0.456339507575299 0.0422157007552929 0.0350653201585693
0.0646115776207151 -0.345345606771605 -0.100220976317495 0.25131186776192
-0.148467762902537 -0.304140713157137 0.0740340073565977 0.119111352036485
-0.289589551389133 -0.112067089510666 0.0335683395723637 -0.00433971830711034
-0.215507148104885 0.156484921153176 -0.0574442053259711 0.02565118331363
-0.0279888467651755 0.258266298649963 0.000558625473879094 0.123762422499772
0.138795744595683 0.207362869593893 0.105356391861142 0.0890093632074852
0.204600414881599 0.113045412825707 0.140240722880124 0.0324282260378357
0.206492052705629 0.0881316487861857 0.141941064464314 0.0134679610801836
0.190679616973062 0.102260634086704 0.141530147664528 0.0115342019475651
0.177776351510611 0.182459691198783 0.11866343012819 0.0426508352774849
0.04860217009613 0.254780086988563 0.0681083373939394 0.0998559713894532
-0.145016770387387 0.194432279085633 -0.0097862787126979 0.0787254613904962
-0.276086778127635 -0.011682221168764 -0.0346007425833038 0.0271287913374976
-0.189707359325204 -0.251070716544421 0.0126485738187756 0.0445757789780815
-0.00190107769929189 -0.359892245148073 0.0323906839980622 0.154565119457162
0.0311536335058961 -0.250321975405806 -0.121362457347423 0.37567479574801
-0.116640256904585 -0.206794070203706 0.0979858646200678 0.2036234843775
-0.194118635279618 -0.0715656725951689 0.0491862052694244 0.0216249019331561
-0.144671052134301 0.099236581849841 -0.0695698092769118 0.0438025502775258
-0.0300944665899627 0.170156176175791 -0.00479785420588205 0.178033566168175
0.0845610810168316 0.144933689971155 0.150973452975377 0.149810476822683
0.141936958758703 0.0897232088109073 0.212230386347516 0.0754207779315998
0.140444215984997 0.0789804047210806 0.211772559418443 0.0494108446087853
0.123292281122098 0.0864558806486725 0.196468611817811 0.048386633164344
0.0993139226006619 0.130663973026953 0.146579745787152 0.0805229595392889
0.00940809013760643 0.157718380732223 0.0645349816854977 0.124655473929454
-0.0970822653423132 0.0936445551620417 -0.0240623491385278 0.0803558746425036
-0.142153635504745 -0.0253880107353345 -0.0158790100232395 0.0226639085821825
-0.100831852466258 -0.143945404916924 0.0293259669789415 0.0698694970438645
-0.00522599576738118 -0.221182138674766 0.024629887285841 0.227351051442437
-0.00877615485316277 -0.106169508811902 -0.132143813739917 0.447763553584875
-0.0651783268226075 -0.0696548255207663 0.107710402845163 0.260029475128414
-0.0646387446514387 -0.0155806127718077 0.0606559874771608 0.0456021990642535
-0.0462766008593756 0.0258042387686391 -0.0666977737309703 0.0507664536061185
-0.0241863343442365 0.0528280112491725 -0.00937022688218618 0.200311877717503
0.0169643704219519 0.0583413686219084 0.173377613144738 0.184021637972444
0.0544664238203912 0.0520981130760837 0.253086957746211 0.105486572364585
0.0545544242831891 0.0584564716725047 0.249411659937506 0.0765129161036244
0.0434483786888864 0.0567205417372168 0.221224738016641 0.0813096491801166
0.0171210613760889 0.064336239973086 0.148020340240293 0.109404343905205
-0.0222747373212242 0.0566457911731008 0.0449345361691332 0.130446183265961
-0.0447463760422015 0.00691578716886097 -0.038215298719366 0.0643447372918838
-0.0236662355263109 -0.024775783018555 0.000387817286142128 0.0121898036488552
-0.0246966168865087 -0.0349195615326891 0.037049972764946 0.0778407646236048
-0.0126142034589531 -0.0703984790369714 0.0190267012637506 0.253959651259755
0.0338202670577538 -0.0465969864909037 -0.0236184433019493 -0.287065686095214
-0.00897927562555278 -0.0555509335951719 -0.100662904707467 -0.100474940877597
-0.0547232735235696 -0.00419774279721606 -0.0307016027906016 -0.00529470833892949
-0.0161202018085048 0.047397786357631 0.0499286490535563 -0.0240917734325689
0.0328194138364429 0.0443582163433299 0.00676043325287567 -0.129016118785143
0.0463115344182533 0.0150726114277382 -0.132250397638013 -0.136303364028203
0.0322371305153035 -0.0142580146251916 -0.219391075961066 -0.109101835001826
0.0402339700102521 -0.0239960101959397 -0.250168403011043 -0.101966181604508
0.0516669361630043 -0.00733153482275297 -0.243403004733409 -0.123417329632921
0.0663899405167056 0.0313743875621876 -0.16862056266338 -0.177531799418585
0.0234238834460591 0.0685392972414607 -0.0298191224167186 -0.19164790922456
-0.0563581684308577 0.0618645338678345 0.0517957295226893 -0.0839104794122115
-0.0952022121534134 -0.0311380578846492 -0.0419109442716469 -0.0729352408406859
-0.0125721272083486 -0.102123047499333 -0.0260223010352433 -0.234227575450124
0.0466135541546719 -0.080104961404062 0.159003683414203 -0.429670953799508
0.0573025725079382 -0.162612783799933 -0.0208224110266812 -0.247349467744646
-0.040917553078401 -0.139233427249971 -0.0792398291528115 -0.109970044560423
-0.120670548747863 -0.0415655688348544 -0.036415744784183 -0.0145551931284834
-0.0752527338552474 0.0835433861970154 0.038541554424564 -0.0123709113955698
0.0250972584514093 0.12560121869084 0.0200561356606757 -0.108429436363583
0.0973560340506917 0.0884593116285275 -0.104934160657444 -0.13265054588681
0.111791232908265 0.0299416115715701 -0.186289474476548 -0.111672268357872
0.130763268125679 0.012608720278001 -0.211977783036166 -0.102187515563453
0.140346959027175 0.0400655950528561 -0.200546096272545 -0.117097075420318
0.144917033408603 0.122259589643171 -0.136408255321646 -0.152451298983271
0.0309156768560209 0.193657327320345 -0.0229623019050756 -0.150368310574345
-0.147129061195898 0.152706583902819 0.0347226086909494 -0.0618226144571645
-0.247630882976327 -0.0603404065613769 -0.0668009477886506 -0.0643046406821964
-0.0980123712896864 -0.254857671991844 -0.041767615661126 -0.210366414905498
0.0626038854628099 -0.268289829748278 0.130692290955408 -0.370213537877033
0.0798649663947775 -0.267961056050856 -0.0300924466485599 -0.168880386737823
-0.0744046999463018 -0.224802760963176 -0.0503275785055751 -0.0994425060160516
-0.194075168014171 -0.0834383544591267 -0.0318231523103752 -0.0259245434101529
-0.142467460499526 0.119043141810582 0.0195811773815341 -0.00894576394318926
0.00933257224560312 0.20404675443902 0.0219578074537576 -0.0740003454915543
0.13770600361532 0.159665477406858 -0.0659073009863508 -0.106495888142695
0.17840336347987 0.0735107972601278 -0.126552179017323 -0.0961032736917899
0.200894913318071 0.0478496057326146 -0.141108615784358 -0.0872878120941259
0.206719609491374 0.078514148971895 -0.126727718723178 -0.0957835375429814
0.209013317899604 0.18896560451767 -0.0816775546695623 -0.108882898477271
0.049864468040174 0.293640381825525 -0.00720650158471712 -0.0892387538220763
-0.20411741183186 0.237728571225568 0.0178828295832198 -0.0290807492011588
-0.370973053847829 -0.0557198357498044 -0.0797334835123391 -0.0412820893575617
-0.18910464669184 -0.357045603373749 -0.0490295478710495 -0.154721473648358
0.0568681770192218 -0.412023070591761 0.0954656868243927 -0.256073324919702
0.0939555266010281 -0.347710673928327 -0.0498386396843979 -0.0508920069902652
-0.112558193274564 -0.300637746902104 -0.012625211450959 -0.0545485859582207
-0.270344418384263 -0.119058498130415 -0.0138609091376966 -0.0308081636819544
-0.20594218627049 0.154728522345131 -0.00464908058935616 -0.00631794767923133
-0.00819933364785006 0.268394867564109 0.0161582016024553 -0.0208083871016023
0.162806417789553 0.21394324278581 -0.0148727078813543 -0.054991615217824
0.221241316248973 0.107444472325189 -0.0448924518689291 -0.0622620305885273
0.240615836498819 0.0752801035202084 -0.0486500225577205 -0.059887631288404
0.238363711473442 0.102785185653113 -0.0336475947537613 -0.0631012727942357
0.243030102335311 0.222147807395792 -0.0107267936047534 -0.055752534457962
0.06975310080192 0.343261185521747 0.0202587367761707 -0.0168320202035746
-0.216812033630146 0.287663203474691 0.00604340448153576 0.0137412806674025
-0.427181677730203 -0.0305985258039623 -0.0763778214527425 -0.00986141291339838
-0.249538383826784 -0.386865559840326 -0.0376653636066028 -0.0792408503869367
0.0359646833221064 -0.480599625676502 0.0639628592862034 -0.109258902568804
0.0949046665947552 -0.379982486037223 -0.0786252052391383 0.0974278131903595
-0.140721557307586 -0.33861386131802 0.0310521669013841 0.0253896008677863
-0.314913035775609 -0.134345794822496 0.0114745791940169 -0.0240668530232565
-0.240469496355802 0.172513547360116 -0.0321789045406801 0.00531070318773318
-0.0241605822380474 0.293801934559486 0.00794090579883108 0.0512173197225608
0.164053557278682 0.234757896771509 0.044996808964856 0.0164334695296518
0.231601843646676 0.123690625822491 0.0494080338507393 -0.0155552751069551
0.242674211721219 0.0912137787306577 0.0511155748461473 -0.0222370065787012
0.232559158337256 0.112621519322344 0.0615541340156951 -0.0252111607492852
0.2304643685385 0.219339372317956 0.0625020506002731 -0.00262893454103894
0.0712195387953345 0.327156860800924 0.0498724297722854 0.0510581213507735
-0.192503836223194 0.27103986058862 -0.00209760834864592 0.0545930485174026
-0.390133730866278 -0.0146951721772029 -0.0588839949946123 0.0169427194826838
-0.247388861150118 -0.34784275279143 -0.0115399184835894 -0.00493112006590876
0.0180570307657155 -0.457963449486631 0.0425680284043359 0.0393218743696901
0.0754250385118256 -0.347059210460941 -0.108183301978245 0.249265756634737
-0.140709574886848 -0.31004107379948 0.069719659166749 0.121288629950088
-0.290099066088209 -0.121200993528428 0.0344521728164678 -0.00495271446886958
-0.221209488566881 0.152171292755228 -0.0574290545146129 0.0248356927165021
-0.0332351684510281 0.26016915027025 -0.00113018408023413 0.126107065455596
0.135716375521002 0.211403938643938 0.103555341933575 0.0910165322841252
0.203673497982546 0.118328418260537 0.139794713731771 0.0352180512105904
0.207034458568978 0.0947243055148657 0.143152090661206 0.0169855618176783
0.190254862932711 0.107836795808053 0.142544698597174 0.0144461240778859
0.176730049988732 0.187010925283802 0.117845862264563 0.0450333344374151
0.0453703683945067 0.257085503527715 0.0670302101312766 0.100863480687328
-0.149896977476613 0.19283089551392 -0.0122737294681745 0.0784375952924025
-0.279230508093973 -0.0174477772230458 -0.0379783662820213 0.0281738315670151
-0.185242718204271 -0.258361130194336 0.0138213995423349 0.0470923526709221
0.00580791152529742 -0.361594877262537 0.0296539128559422 0.157425976393032
0.0395387935442597 -0.252284508169832 -0.133089911912367 0.37348672594476
-0.111544150506732 -0.211115181411033 0.0926865564837965 0.20728088617633
-0.195753573322842 -0.0782956465446124 0.0498617974345061 0.0221921919194943
-0.148482814364253 0.0962262288943177 -0.0703553872469369 0.0437763364065865
-0.0333475243341923 0.171260095760745 -0.00789056577273592 0.181545463471218
0.0820194326306401 0.148021075322064 0.147822595115143 0.15310771417235
0.14102232418218 0.0930214170160075 0.212162838691879 0.0796176686654927
0.141460719070374 0.0837217809071059 0.214221696713126 0.0532896936033189
0.122925443320344 0.0908263490171629 0.197039200367374 0.0528068429091524
0.0976405477616628 0.133564686969258 0.144962459843517 0.0834959867766972
0.00773825977700032 0.158912200151571 0.0629798470428924 0.12624258290876
-0.0991611148428923 0.0921850854077094 -0.0264146861349947 0.0798706838776649
-0.143602219406488 -0.0284590009479522 -0.0186288183418236 0.0232995102818814
-0.0984232186647352 -0.148201887857769 0.0297466211625391 0.0726724919972194
0.00051509266586506 -0.2226937521608 0.0205060377113693 0.22914743848339
-0.00466530224901789 -0.108014991783598 -0.144871523950656 0.446605375524686
-0.063313804950539 -0.0713463710393154 0.101967847562838 0.264445606956639
-0.0655358411217704 -0.0172906212765413 0.0603482245034458 0.0465577676221478
-0.047678785047445 0.0250819700975382 -0.0683559059130641 0.0503399594088938
-0.0253874930583792 0.0529821192562499 -0.0127717407775893 0.203320594899751
0.015446730574963 0.059336605001402 0.170642992599282 0.189284276883513
0.0539646390899829 0.0528775922125128 0.253071778672536 0.111209440168306
0.0548176619248586 0.060675841300038 0.252265777411007 0.0815833626525501
0.0428476773111905 0.0592540690347365 0.221990228076863 0.0866808979648111
0.0160899023904122 0.0653082168148292 0.145764945614159 0.112745832344495
-0.0234467640863201 0.0569541137186604 0.0424741220981886 0.132386962095689
-0.0447012504168763 0.0060894468481086 -0.0401814475525515 0.0642457113607045
-0.0241305756705138 -0.025471347084929 -0.00113644062369552 0.011735993903519
-0.0240427555157715 -0.0367454688538131 0.0368159021859975 0.080385022146379
-0.0111109521391994 -0.0721591983915336 0.0141370376819453 0.25405836962422
