TRXV5
3
4
4
9
string Extension=J
integer IsArchMeasurement=1
integer IsSpherical=1
string Generator=SPM
string GeneratorVersion=1.3.1 Dev
double ArchRadius=0.449999988079071
integer FrequencyAxisIndex=0
integer AzimuthAxisIndex=1
integer ElevationAxisIndex=2
Frequency
5 136 690000000 960000000 LIN
Azimuth
7 8 0 2.74889357189107 LIN
Elevation
7 15 -2.74889357189107 2.74889357189107 LIN
Polar H Real Part
13
Polar H Imaginary Part
14
Polar V Real Part
13
Polar V Imaginary Part
14
Polar H Magnitude (dB)
12 0xC0000002 0 1
Polar H Phase
7 0xC0000003 0 1
Polar V Magnitude (dB)
12 0xC0000002 2 3
Polar V Phase
7 0xC0000003 2 3
-0.0212459564208984 0.0114498138427734 0.0287113189697266 0.0146617889404297
0.00057220458984375 0.0209445953369141 0.00987815856933594 0.0101079940795898
0.00981044769287109 0.00706958770751953 0.00164222717285156 0.0141487121582031
0.00980091094970703 5.81741333007813E-05 0.0123195648193359 0.0202999114990234
0.00842714309692383 -0.00475311279296875 0.0229663848876953 0.0140361785888672
0.00551414489746094 -0.0109395980834961 0.0274429321289063 0.00343704223632812
0.00380134582519531 -0.00963592529296875 0.0250377655029297 -0.000139236450195313
0.00433826446533203 -0.0082712173461914 0.0185775756835938 0.000732421874999999
0.00917530059814453 -0.00957298278808594 0.0102376937866211 0.00344276428222656
0.0137062072753906 -0.00101280212402344 0.00177931785583496 0.00328326225280762
0.0114984512329102 0.00967788696289063 -0.00377988815307617 -0.00780344009399414
0.0022745132446289 0.0153160095214844 0.00497913360595703 -0.017120361328125
-0.011683464050293 0.0121879577636719 0.0277557373046875 -0.01434326171875
-0.0194664001464844 0.00696563720703125 0.0314369201660156 0.000152587890625
-0.0282402038574219 -0.000770568847656252 0.0125303268432617 0.00395965576171875
-0.0303173065185547 0.00611114501953125 0.0196647644042969 0.018524169921875
-0.0105266571044922 0.0203514099121094 0.00281047821044922 0.0155048370361328
0.00247097015380859 0.0118808746337891 -0.000782012939453123 0.0202846527099609
0.00641822814941406 0.00765275955200195 0.0113048553466797 0.0250797271728516
0.0102853775024414 0.00247097015380859 0.0220546722412109 0.0176792144775391
0.0111427307128906 -0.00465011596679688 0.0270767211914063 0.00695610046386719
0.0108747482299805 -0.00629806518554688 0.0228061676025391 0.00323867797851563
0.0102634429931641 -0.00484752655029297 0.0155105590820313 0.00389194488525391
0.0153379440307617 -0.00498676300048828 0.00617313385009766 0.00641870498657227
0.017974853515625 0.00454139709472656 -0.00327253341674804 0.00535726547241211
0.0124273300170898 0.0162353515625 -0.00917339324951172 -0.00748920440673828
0.000204086303710937 0.0218925476074219 -0.000703811645507814 -0.0176792144775391
-0.0176563262939453 0.015228271484375 0.0214328765869141 -0.0169010162353516
-0.0273647308349609 0.00601959228515626 0.0218162536621094 -0.00151634216308594
-0.0353164672851563 -0.00396347045898438 0.00178170204162597 0.00229763984680176
-0.0348644256591797 -0.00145721435546875 0.00720024108886719 0.0195446014404297
-0.0210838317871094 0.0159950256347656 -0.00844764709472656 0.0195789337158203
-0.00716972351074219 0.0148477554321289 -0.00585174560546875 0.0263748168945312
0.00160503387451172 0.0152273178100586 0.00870323181152344 0.0291576385498047
0.00994682312011719 0.0104274749755859 0.0195178985595703 0.0205211639404297
0.0161170959472656 0.00290393829345703 0.02398681640625 0.0102348327636719
0.0165872573852539 -0.00114822387695312 0.0182857513427734 0.00568771362304687
0.0145378112792969 -0.00086212158203125 0.0100698471069336 0.00627613067626953
0.0189666748046875 -0.000835418701171875 0.000169754028320314 0.00880813598632813
0.0200271606445313 0.00834465026855469 -0.00961494445800781 0.00651359558105469
0.0128631591796875 0.019073486328125 -0.0151271820068359 -0.00649452209472656
-0.000257492065429687 0.0243434906005859 -0.00679588317871094 -0.0171489715576172
-0.0192184448242188 0.0172214508056641 0.0133914947509766 -0.0178470611572266
-0.0295085906982422 0.00616264343261718 0.0105190277099609 -0.00159168243408203
-0.0375938415527344 -0.006011962890625 -0.010035514831543 0.000396728515624998
-0.0338230133056641 -0.00834274291992188 -0.00646018981933594 0.0173883438110352
-0.0273303985595703 0.00868606567382812 -0.0208187103271484 0.0198383331298828
-0.0157003402709961 0.015019416809082 -0.0125408172607422 0.0298290252685547
-0.00485801696777344 0.0206375122070313 0.00406646728515625 0.0317478179931641
0.00791358947753906 0.0173749923706055 0.0148105621337891 0.0216484069824219
0.0178470611572266 0.0105075836181641 0.0186748504638672 0.0117034912109375
0.0194721221923828 0.00391960144042969 0.0115060806274414 0.00700759887695313
0.0162315368652344 0.00360584259033203 0.00309038162231445 0.00742626190185547
0.0194606781005859 0.00354957580566406 -0.00635147094726562 0.0101518630981445
0.0190868377685547 0.0110836029052734 -0.0151462554931641 0.00751113891601562
0.0107307434082031 0.0192642211914063 -0.0199089050292969 -0.0046539306640625
-0.00113105773925781 0.023162841796875 -0.0119171142578125 -0.0151662826538086
-0.0175323486328125 0.0164899826049805 0.00585460662841797 -0.0155982971191406
-0.02752685546875 0.00506591796875 -0.000416696071624758 5.33759593963627E-05
-0.0349521636962891 -0.00803375244140625 -0.0217666625976563 -0.00136184692382812
-0.0282039642333984 -0.0132675170898437 -0.0191669464111328 0.0114936828613281
-0.0275173187255859 0.00121879577636718 -0.0331935882568359 0.0167636871337891
-0.0206947326660156 0.0111312866210938 -0.0209922790527344 0.0299129486083984
-0.0103225708007812 0.0205421447753906 -0.00118446350097657 0.0306587219238281
0.00382232666015625 0.0202579498291016 0.00925445556640625 0.0189914703369141
0.01568603515625 0.0152883529663086 0.011138916015625 0.00961685180664063
0.0187301635742188 0.008392333984375 0.0027608871459961 0.00642013549804688
0.0150556564331055 0.00709152221679688 -0.0050196647644043 0.00755882263183594
0.0174036026000977 0.00737953186035156 -0.0128803253173828 0.0108394622802734
0.0159482955932617 0.0128259658813477 -0.0198383331298828 0.00735282897949219
0.00764083862304688 0.0182628631591797 -0.0228252410888672 -0.00381278991699219
-0.00367164611816406 0.0203266143798828 -0.0139141082763672 -0.0131607055664062
-0.0167512893676758 0.011993408203125 0.00104808807373047 -0.0118770599365234
-0.0229301452636719 0.000637054443359377 -0.00921058654785156 0.00369930267333985
-0.0289268493652344 -0.0120429992675781 -0.0320339202880859 -0.00261878967285156
-0.0158205032348633 -0.0143814086914062 -0.0265369415283203 0.00499153137207032
-0.0194015502929688 -0.00474929809570313 -0.040313720703125 0.0107879638671875
-0.0185184478759766 0.00437355041503906 -0.0262413024902344 0.0261154174804687
-0.0127267837524414 0.0145950317382813 -0.00651931762695312 0.02593994140625
-0.000943183898925783 0.0174369812011719 0.00395774841308594 0.0145893096923828
0.00965785980224609 0.0159940719604492 0.00381755828857422 0.00654840469360352
0.0136785507202148 0.0113105773925781 -0.00472307205200195 0.0045013427734375
0.0113210678100586 0.00907802581787109 -0.0117788314819336 0.00627899169921875
0.0134372711181641 0.00960445404052734 -0.0181083679199219 0.00867462158203125
0.0111598968505859 0.0136098861694336 -0.0230846405029297 0.00536346435546875
0.00310325622558594 0.0168838500976563 -0.0233936309814453 -0.00437164306640625
-0.00667190551757813 0.0163002014160156 -0.0138607025146484 -0.0116167068481445
-0.0167903900146484 0.00616645812988281 -0.00243949890136719 -0.00897121429443359
-0.0179309844970703 -0.00551223754882813 -0.0144023895263672 0.00426197052001953
-0.0192508697509766 -0.0160102844238281 -0.0370101928710938 -0.00550079345703124
-0.00167942047119141 -0.0110845565795898 -0.0293483734130859 -0.00103950500488281
-0.00506734848022461 -0.00683784484863281 -0.0422096252441406 0.00525283813476562
-0.00947189331054688 -0.00232505798339844 -0.0284519195556641 0.0221633911132812
-0.0100717544555664 0.00462150573730469 -0.00755691528320313 0.0210323333740234
-0.00469684600830078 0.00907135009765625 0.00157833099365234 0.00858736038208008
0.00102996826171875 0.012516975402832 -0.00223422050476074 0.00177836418151856
0.00607681274414063 0.012516975402832 -0.0113124847412109 0.00137996673583984
0.00538825988769531 0.0100717544555664 -0.0174627304077148 0.0039520263671875
0.00712871551513672 0.0108909606933594 -0.0222682952880859 0.0068817138671875
0.00541496276855469 0.0134658813476563 -0.0255546569824219 0.00282478332519532
-0.000641822814941405 0.0147733688354492 -0.0243988037109375 -0.00554275512695313
-0.00933170318603516 0.0129623413085938 -0.0137195587158203 -0.012272834777832
-0.0169162750244141 0.000267982482910158 -0.00291728973388672 -0.00889778137207031
-0.0114126205444336 -0.0120677947998047 -0.0165338516235352 0.00365161895751953
-0.00905036926269531 -0.0199260711669922 -0.0399894714355469 -0.00870132446289064
0.0126028060913086 -0.00723934173583984 -0.0252513885498047 -0.00297164916992187
0.0089111328125 -0.00701522827148438 -0.0373344421386719 0.002777099609375
0.00154972076416016 -0.00808191299438477 -0.0266628265380859 0.0187225341796875
-0.00516319274902344 -0.00602960586547852 -0.00723934173583984 0.0171365737915039
-0.00714588165283203 -0.00107002258300781 0.00117397308349609 0.00596952438354492
-0.00703191757202149 0.00715446472167969 -0.00421977043151855 -0.00145149230957031
-0.00213718414306641 0.0109777450561523 -0.0134773254394531 -0.00149154663085937
-0.000723838806152343 0.00949478149414063 -0.0199203491210938 0.00132179260253907
0.000909805297851562 0.00975704193115234 -0.0245914459228516 0.00259208679199219
-0.000571250915527343 0.0114784240722656 -0.0264015197753906 -0.00139617919921875
-0.00412273406982422 0.0111169815063477 -0.0239067077636719 -0.00912666320800781
-0.0106954574584961 0.00834369659423828 -0.0136213302612305 -0.0138711929321289
-0.0151596069335937 -0.00470447540283203 -0.0038900375366211 -0.0110368728637695
-0.00565624237060547 -0.016077995300293 -0.015873908996582 -0.00200271606445312
0.00237846374511719 -0.0213832855224609 -0.0368995666503906 -0.0144805908203125
-0.0212001800537109 0.0158710479736328 0.0331707000732422 0.0163707733154297
0.00389480590820312 0.0227146148681641 0.0129671096801758 0.0112991333007813
0.0128164291381836 0.00571632385253906 0.00320243835449219 0.0148191452026367
0.0109939575195313 -0.00205516815185547 0.0138645172119141 0.0208549499511719
0.00805091857910156 -0.00739383697509766 0.0248374938964844 0.0141239166259766
0.00332355499267578 -0.013401985168457 0.0293598175048828 0.0027923583984375
0.00182056427001953 -0.0114402770996094 0.0272674560546875 -0.00106430053710938
0.00292682647705078 -0.0102357864379883 0.0208225250244141 0.000158309936523437
0.00786113739013672 -0.0123271942138672 0.0124702453613281 0.00460624694824219
0.0147418975830078 -0.00398635864257813 0.00290298461914063 0.00540971755981445
0.0146846771240234 0.00870227813720703 -0.00454473495483398 -0.00639486312866211
0.00524997711181641 0.0166053771972656 0.00345516204833984 -0.0171613693237305
-0.0110788345336914 0.0157670974731445 0.0278968811035156 -0.0178260803222656
-0.0217933654785156 0.0116462707519531 0.0348548889160156 -0.00154685974121094
-0.0315742492675781 0.00375175476074219 0.0149612426757812 0.00557518005371094
-0.0312271118164063 0.00960540771484375 0.0235347747802734 0.0217227935791016
-0.00812339782714844 0.0228767395019531 0.00597000122070313 0.0179195404052734
0.00465202331542969 0.0112552642822266 0.00123405456542969 0.0213871002197266
0.00775384902954102 0.00643539428710938 0.0133876800537109 0.0260982513427734
0.0100736618041992 0.000440597534179688 0.0248203277587891 0.0185203552246094
0.0103597640991211 -0.00635433197021484 0.0300731658935547 0.0069122314453125
0.0105953216552734 -0.00770282745361328 0.0263423919677734 0.00308418273925781
0.0101480484008789 -0.00620079040527344 0.0184993743896484 0.00415420532226563
0.0152692794799805 -0.00737571716308594 0.00902652740478516 0.00841903686523438
0.0197677612304688 0.00287818908691406 -0.00125694274902344 0.00784492492675781
0.0153312683105469 0.0157976150512695 -0.0104961395263672 -0.00481414794921875
0.00298500061035156 0.0234794616699219 -0.00268268585205078 -0.0170927047729492
-0.0179977416992188 0.0189075469970703 0.0206947326660156 -0.0193271636962891
-0.0301437377929688 0.00974655151367187 0.0241050720214844 -0.00206375122070312
-0.0399017333984375 -0.000350952148437492 0.00299787521362304 0.00489711761474609
-0.0376319885253906 0.000648498535156253 0.00980377197265625 0.0240898132324219
-0.0212440490722656 0.0179042816162109 -0.00574302673339844 0.0234909057617187
-0.00610923767089844 0.0155096054077148 -0.00363731384277344 0.0281314849853516
0.00175762176513672 0.0154924392700195 0.0109767913818359 0.031158447265625
0.0109481811523438 0.0101833343505859 0.0219173431396484 0.0218219757080078
0.0165519714355469 0.00230693817138672 0.0272483825683594 0.0102615356445313
0.0176258087158203 -0.00227546691894531 0.0218353271484375 0.00587654113769531
0.01531982421875 -0.00133800506591797 0.0134468078613281 0.00729084014892578
0.0200519561767578 -0.00163078308105469 0.00291061401367188 0.011347770690918
0.0220546722412109 0.0075836181640625 -0.00751686096191406 0.00964069366455078
0.0148448944091797 0.0199661254882812 -0.0160598754882813 -0.00349140167236328
0.00118255615234375 0.0264225006103516 -0.00902938842773438 -0.016026496887207
-0.0199451446533203 0.0205059051513672 0.0119972229003906 -0.0195541381835937
-0.0332355499267578 0.00875473022460938 0.0117063522338867 -0.00118637084960937
-0.0425262451171875 -0.00391387939453124 -0.010772705078125 0.00377464294433593
-0.0372428894042969 -0.00844192504882813 -0.00521087646484375 0.0224018096923828
-0.0297470092773437 0.00972557067871094 -0.0199928283691406 0.0246639251708984
-0.0167417526245117 0.0161476135253906 -0.0109615325927734 0.0323772430419922
-0.00499534606933594 0.0219688415527344 0.00630950927734375 0.0339107513427734
0.00834274291992188 0.0186252593994141 0.0173130035400391 0.0228691101074219
0.0195808410644531 0.0106678009033203 0.0217247009277344 0.0120010375976562
0.0216121673583984 0.00369071960449219 0.0143289566040039 0.00755500793457031
0.0180339813232422 0.00353240966796875 0.00536489486694336 0.00865745544433594
0.0213260650634766 0.00384330749511719 -0.00399017333984375 0.0124921798706055
0.0213966369628906 0.0113468170166016 -0.0131816864013672 0.0105495452880859
0.0121650695800781 0.0207939147949219 -0.0203647613525391 -0.00159263610839844
-0.00033760070800781 0.0257835388183594 -0.0137672424316406 -0.0133180618286133
-0.0195255279541016 0.0188674926757812 0.00438404083251953 -0.0166645050048828
-0.0309104919433594 0.00620841979980468 -0.000455379486083986 0.00149869918823242
-0.0396308898925781 -0.00756454467773437 -0.0233135223388672 0.00247383117675782
-0.0312824249267578 -0.0150680541992188 -0.0203189849853516 0.0158271789550781
-0.0306167602539063 0.00079154968261719 -0.0336227416992188 0.0216293334960938
-0.0231571197509766 0.0119438171386719 -0.0195045471191406 0.0339775085449219
-0.0118122100830078 0.0232868194580078 0.000715255737304687 0.0332984924316406
0.0039825439453125 0.0226898193359375 0.0116176605224609 0.0203704833984375
0.0178623199462891 0.0166473388671875 0.0132589340209961 0.0106048583984375
0.0215721130371094 0.00892066955566406 0.00481224060058594 0.0069737434387207
0.0175895690917969 0.00785446166992188 -0.00334072113037109 0.00866079330444336
0.0198497772216797 0.00844192504882812 -0.0111856460571289 0.0127496719360352
0.0185699462890625 0.0140876770019531 -0.0187721252441406 0.0103435516357422
0.00881004333496094 0.0209426879882813 -0.0236797332763672 -0.000595092773437498
-0.00349235534667969 0.0235767364501953 -0.0152368545532227 -0.0114345550537109
-0.0193443298339844 0.0137748718261719 4.1961669921874E-05 -0.0117053985595703
-0.0269985198974609 0.000696182250976562 -0.00936031341552735 0.00615310668945313
-0.0334053039550781 -0.0130023956298828 -0.0342597961425781 0.000526428222656249
-0.0180397033691406 -0.0181159973144531 -0.0295600891113281 0.00878906249999999
-0.0226650238037109 -0.00742530822753907 -0.0425796508789063 0.0154151916503906
-0.0215854644775391 0.00443458557128906 -0.0258255004882813 0.0301303863525391
-0.0151662826538086 0.016993522644043 -0.00492095947265625 0.028533935546875
-0.00172615051269531 0.0198535919189453 0.00548553466796875 0.0153789520263672
0.0116062164306641 0.0191383361816406 0.00496006011962891 0.00754547119140625
0.0171785354614258 0.0131587982177734 -0.00441312789916992 0.00491142272949219
0.0142316818237305 0.01092529296875 -0.0115671157836914 0.00725555419921875
0.0163097381591797 0.0116262435913086 -0.0173196792602539 0.0105838775634766
0.0135583877563477 0.0165023803710938 -0.0223884582519531 0.00787544250488281
0.00438499450683594 0.0199604034423828 -0.0239887237548828 -0.00190544128417969
-0.00755119323730469 0.0198097229003906 -0.0149726867675781 -0.00993061065673828
-0.0202274322509766 0.00758743286132812 -0.00301408767700195 -0.00847768783569336
-0.0221366882324219 -0.0066680908203125 -0.0156173706054687 0.00676059722900391
-0.0231781005859375 -0.0188064575195313 -0.0406951904296875 -0.00274276733398438
-0.00182628631591797 -0.0154323577880859 -0.0334529876708984 0.00145530700683594
-0.00696563720703125 -0.010767936706543 -0.0448455810546875 0.00916671752929687
-0.0123176574707031 -0.00375938415527344 -0.0285053253173828 0.02581787109375
-0.0133180618286133 0.00580310821533203 -0.00674057006835938 0.022796630859375
-0.00608634948730469 0.0115270614624023 0.00263500213623047 0.00897216796875
0.00225543975830078 0.0160531997680664 -0.00212264060974121 0.0018690824508667
0.00929450988769531 0.0144166946411133 -0.0118274688720703 0.0019683837890625
0.0084075927734375 0.012542724609375 -0.0182266235351563 0.0055084228515625
0.0100784301757813 0.0131502151489258 -0.0223426818847656 0.00818443298339844
0.00778865814208984 0.0164661407470703 -0.0257244110107422 0.00450515747070312
8.58306884765637E-05 0.0181617736816406 -0.0253944396972656 -0.00438117980957031
-0.0105361938476563 0.0166101455688477 -0.0144624710083008 -0.0114927291870117
-0.0208053588867187 0.00125312805175781 -0.0038905143737793 -0.00780057907104492
-0.0156736373901367 -0.0143842697143555 -0.0179100036621094 0.00541114807128906
-0.0125255584716797 -0.0235080718994141 -0.0435256958007813 -0.00765228271484375
0.0143499374389648 -0.0116920471191406 -0.0288639068603516 -0.00212860107421876
0.00906276702880859 -0.0115699768066406 -0.040863037109375 0.00514984130859374
-7.91549682617176E-05 -0.0108871459960938 -0.0266933441162109 0.0217323303222656
-0.00810670852661133 -0.00659322738647461 -0.00628089904785156 0.0184402465820312
-0.00936222076416015 0.000702857971191407 0.00168848037719727 0.00510168075561523
-0.00700283050537109 0.0104646682739258 -0.00524473190307617 -0.00252676010131836
-0.00017070770263672 0.0136623382568359 -0.0156650543212891 -0.00174808502197266
0.00158309936523438 0.0114622116088867 -0.0218391418457031 0.00184059143066406
0.00304317474365234 0.012446403503418 -0.0265254974365234 0.00425910949707032
0.00197029113769531 0.0144624710083008 -0.0277595520019531 -0.000558853149414061
-0.00350570678710937 0.0143194198608398 -0.0251674652099609 -0.00855064392089843
-0.0118436813354492 0.0111818313598633 -0.014373779296875 -0.0139884948730469
-0.0183067321777344 -0.00337028503417969 -0.00513648986816406 -0.010624885559082
-0.00947952270507813 -0.0187606811523437 -0.0182285308837891 -0.00164985656738281
0.00014495849609375 -0.02581787109375 -0.0410957336425781 -0.0147323608398437
-0.0187435150146484 0.0193004608154297 0.0371856689453125 0.0168647766113281
0.00801277160644531 0.0236282348632813 0.01593017578125 0.0109214782714844
0.0150108337402344 0.00385475158691406 0.00417709350585938 0.0145597457885742
0.0113296508789062 -0.00481033325195312 0.0148963928222656 0.0206413269042969
0.00677585601806641 -0.0096893310546875 0.0267047882080078 0.0136489868164063
0.000605583190917969 -0.0145759582519531 0.0305519104003906 0.00184249877929687
-0.000302314758300782 -0.0120782852172852 0.0295524597167969 -0.00207710266113281
0.00126552581787109 -0.0106515884399414 0.0234184265136719 -0.000377655029296876
0.00557613372802734 -0.0143871307373047 0.0150384902954102 0.00462055206298828
0.0142021179199219 -0.00685214996337891 0.0056004524230957 0.00632953643798828
0.0166015625 0.00625801086425781 -0.00446653366088867 -0.00419235229492188
0.00889015197753906 0.0163259506225586 0.00229454040527344 -0.0161676406860352
-0.00892257690429688 0.0189666748046875 0.0269584655761719 -0.0196323394775391
-0.0217933654785156 0.0159740447998047 0.0370521545410156 -0.00383758544921875
-0.03253173828125 0.00928306579589844 0.0179634094238281 0.00626373291015625
-0.0306320190429688 0.0130958557128906 0.0281009674072266 0.0234565734863281
-0.00581550598144531 0.0235748291015625 0.00946998596191406 0.0184078216552734
0.0058746337890625 0.0103635787963867 0.00294685363769531 0.0215282440185547
0.00795650482177734 0.00510644912719726 0.0148372650146484 0.0268096923828125
0.00933647155761719 -0.00089263916015625 0.0264301300048828 0.0184535980224609
0.0089263916015625 -0.00780200958251953 0.0323276519775391 0.00651168823242187
0.00936508178710938 -0.00850772857666016 0.0291309356689453 0.00190544128417969
0.0092926025390625 -0.00712013244628906 0.0218219757080078 0.00340461730957031
0.014190673828125 -0.00924587249755859 0.0125694274902344 0.00877094268798828
0.0203723907470703 0.000391006469726562 0.000987052917480471 0.00975131988525391
0.0177021026611328 0.0147590637207031 -0.0100898742675781 -0.0022134780883789
0.00576210021972656 0.0243358612060547 -0.00442314147949219 -0.0151824951171875
-0.0169925689697266 0.0220737457275391 0.0191593170166016 -0.0207729339599609
-0.0312709808349609 0.0137977600097656 0.0256595611572266 -0.00293350219726562
-0.0423660278320313 0.00419235229492187 0.00504589080810547 0.00707054138183594
-0.0388908386230469 0.00315856933593751 0.0136451721191406 0.0268325805664063
-0.0208282470703125 0.0192203521728516 -0.00205802917480469 0.0253009796142578
-0.00594520568847656 0.0155630111694336 -0.00095939636230469 0.0289859771728516
0.00256919860839844 0.0155220031738281 0.0132789611816406 0.0316619873046875
0.01080322265625 0.00974750518798828 0.0248432159423828 0.0219497680664063
0.0167636871337891 0.000974655151367188 0.0302658081054687 0.00961685180664062
0.0178050994873047 -0.00367355346679688 0.0249767303466797 0.00511741638183594
0.0159387588500977 -0.00156497955322266 0.0168647766113281 0.00673961639404297
0.0202426910400391 -0.00299263000488281 0.00645637512207031 0.0119333267211914
0.0234317779541016 0.00614738464355469 -0.00480175018310547 0.0121164321899414
0.0174236297607422 0.0196285247802734 -0.0155458450317383 -5.91278076171843E-05
0.00370597839355469 0.028076171875 -0.0103702545166016 -0.0133676528930664
-0.0195121765136719 0.0233497619628906 0.0105972290039062 -0.0197486877441406
-0.035430908203125 0.0119743347167969 0.0129432678222656 -0.000864028930664062
-0.0460281372070313 -0.000434875488281246 -0.00938415527343751 0.00681686401367187
-0.0400314331054688 -0.00756835937499999 -0.00274276733398438 0.0267353057861328
-0.0311355590820313 0.0108146667480469 -0.01678466796875 0.0282516479492188
-0.0176715850830078 0.017333984375 -0.0081939697265625 0.034423828125
-0.00470161437988281 0.0237236022949219 0.00860595703125 0.0350303649902344
0.00932884216308594 0.018890380859375 0.0201435089111328 0.0232753753662109
0.0209579467773438 0.0105876922607422 0.02471923828125 0.0118484497070313
0.0232181549072266 0.00308990478515625 0.017329216003418 0.00742912292480469
0.0197868347167969 0.00365257263183594 0.00869655609130859 0.00867462158203125
0.0233402252197266 0.00310134887695312 -0.000806808471679687 0.0133581161499023
0.0235748291015625 0.0113239288330078 -0.0104827880859375 0.013153076171875
0.0148239135742187 0.0217418670654297 -0.0195579528808594 0.00175285339355469
0.00103569030761719 0.0281658172607422 -0.0144863128662109 -0.0104293823242188
-0.0204296112060547 0.0213565826416016 0.00320148468017578 -0.0155467987060547
-0.0345516204833984 0.00808334350585938 0.00047636032104492 0.00261759757995605
-0.0437164306640625 -0.00548553466796874 -0.0230884552001953 0.00657844543457031
-0.0347118377685547 -0.0163631439208984 -0.0189628601074219 0.0209980010986328
-0.0337162017822266 0.000736236572265632 -0.0324497222900391 0.0262794494628906
-0.0250968933105469 0.0137119293212891 -0.0171585083007812 0.0359115600585938
-0.012451171875 0.0258255004882813 0.00274848937988281 0.0346431732177734
0.00477981567382813 0.0244865417480469 0.0138225555419922 0.02044677734375
0.0198135375976563 0.0178451538085938 0.0158510208129883 0.010075569152832
0.0246829986572266 0.0087890625 0.00705289840698242 0.00731372833251953
0.0206890106201172 0.00827980041503906 -0.00117874145507812 0.00952720642089844
0.0228328704833984 0.00878524780273437 -0.00850963592529296 0.0139083862304687
0.0210952758789063 0.0150661468505859 -0.0162620544433594 0.0126533508300781
0.0106563568115234 0.0228958129882813 -0.0224475860595703 0.00208473205566406
-0.00295066833496094 0.0263538360595703 -0.0156660079956055 -0.00857925415039062
-0.0215873718261719 0.0162830352783203 -0.000649452209472657 -0.0105628967285156
-0.0312938690185547 0.00151252746582031 -0.00853824615478516 0.00811624526977539
-0.037841796875 -0.0126152038574219 -0.0348091125488281 0.004913330078125
-0.0211677551269531 -0.0208358764648437 -0.0301532745361328 0.0130844116210937
-0.0264339447021484 -0.00896644592285156 -0.0423355102539063 0.0203475952148438
-0.0247459411621094 0.00532150268554687 -0.0239849090576172 0.0327224731445313
-0.0168895721435547 0.0197563171386719 -0.00292015075683594 0.0299015045166016
-0.00144004821777344 0.0230636596679687 0.00669670104980469 0.015538215637207
0.0144596099853516 0.0210895538330078 0.00638532638549805 0.00704813003540039
0.0209598541259766 0.0131454467773438 -0.00322151184082031 0.00566387176513672
0.0177440643310547 0.0114250183105469 -0.0105371475219727 0.00829410552978516
0.0199165344238281 0.0127048492431641 -0.0159320831298828 0.0120973587036133
0.0170497894287109 0.0178661346435547 -0.0207023620605469 0.00947952270507813
0.00616264343261719 0.0226860046386719 -0.0233078002929688 0.000175476074218748
-0.00727081298828125 0.023468017578125 -0.0148735046386719 -0.00795841217041016
-0.0230770111083984 0.0101680755615234 -0.00301074981689453 -0.00695896148681641
-0.0265769958496094 -0.00676345825195313 -0.015070915222168 0.00916481018066406
-0.0281925201416016 -0.0198020935058594 -0.0416450500488281 0.000659942626953117
-0.00379180908203125 -0.0196971893310547 -0.0355644226074219 0.00446701049804687
-0.0103998184204102 -0.0141477584838867 -0.0464859008789062 0.0134811401367188
-0.0158758163452148 -0.00459098815917969 -0.0269107818603516 0.0288028717041016
-0.0159578323364258 0.0074625015258789 -0.0053558349609375 0.0236301422119141
-0.00692653656005859 0.014735221862793 0.00283908843994141 0.00836515426635742
0.00507354736328125 0.019073486328125 -0.00164341926574707 0.00169670581817627
0.0129966735839844 0.0158014297485352 -0.0122509002685547 0.00253582000732422
0.0116977691650391 0.0133829116821289 -0.0184268951416016 0.00685882568359375
0.013789176940918 0.0143308639526367 -0.0224246978759766 0.00975608825683593
0.0114345550537109 0.0184516906738281 -0.0250492095947266 0.00590896606445313
0.00168800354003906 0.0212554931640625 -0.0253276824951172 -0.00293159484863282
-0.0104713439941406 0.0201129913330078 -0.0150632858276367 -0.0103111267089844
-0.0232696533203125 0.00377273559570313 -0.00387001037597656 -0.00681829452514649
-0.0210456848144531 -0.0146217346191406 -0.0182838439941406 0.00720787048339844
-0.0170154571533203 -0.0262832641601563 -0.0460891723632813 -0.00513839721679687
0.0140171051025391 -0.0163154602050781 -0.0319385528564453 -0.000757217407226565
0.00706386566162109 -0.0162725448608398 -0.0426788330078125 0.00789260864257812
-0.00302219390869141 -0.012537956237793 -0.0251388549804688 0.0246486663818359
-0.0114231109619141 -0.0056915283203125 -0.00472068786621094 0.0182685852050781
-0.0110292434692383 0.00356006622314453 0.00191116333007812 0.00390291213989258
-0.00533485412597656 0.0140743255615234 -0.00608110427856445 -0.0029449462890625
0.00335025787353516 0.0153121948242187 -0.0173177719116211 -0.00161266326904297
0.00475502014160156 0.0132312774658203 -0.0238513946533203 0.00311851501464844
0.00645256042480469 0.0137224197387695 -0.0274562835693359 0.00543975830078125
0.0052032470703125 0.0163650512695313 -0.0282382965087891 0.000156402587890624
-0.00159072875976562 0.0169572830200195 -0.0260734558105469 -0.00721549987792969
-0.0115222930908203 0.0152435302734375 -0.0149307250976563 -0.0130624771118164
-0.0210399627685547 -0.00106239318847656 -0.00545406341552735 -0.00987052917480469
-0.014129638671875 -0.0200996398925781 -0.0201072692871094 6.29425048828095E-05
-0.00361251831054687 -0.0294418334960938 -0.0446434020996094 -0.0138969421386719
-0.0160293579101562 0.0221080780029297 0.0409736633300781 0.0164756774902344
0.0115337371826172 0.0231571197509766 0.0184993743896484 0.00980758666992188
0.0160589218139648 0.00146579742431641 0.00554180145263672 0.0139741897583008
0.0107536315917969 -0.00711441040039062 0.0156917572021484 0.0209407806396484
0.00492668151855469 -0.0112094879150391 0.0277633666992187 0.0137310028076172
-0.00236320495605469 -0.0146236419677734 0.0322494506835937 0.0015411376953125
-0.00250244140625 -0.0122957229614258 0.0316219329833984 -0.00324630737304688
-0.000836372375488281 -0.0112028121948242 0.0256099700927734 -0.00177955627441406
0.00263690948486328 -0.0157566070556641 0.0180587768554688 0.00409698486328125
0.0134983062744141 -0.00966739654541016 0.00757598876953125 0.00730752944946289
0.0180492401123047 0.00385093688964844 -0.00395870208740234 -0.00220108032226562
0.0115938186645508 0.0151567459106445 0.00147724151611328 -0.0147895812988281
-0.00630569458007813 0.0212535858154297 0.0256862640380859 -0.0208206176757813
-0.0201225280761719 0.0205497741699219 0.0389213562011719 -0.00570297241210937
-0.0322399139404297 0.0138492584228516 0.0212516784667969 0.00670623779296875
-0.0292530059814453 0.0153560638427734 0.0323352813720703 0.0244007110595703
-0.00359344482421875 0.0232028961181641 0.0129890441894531 0.0185890197753906
0.00659084320068359 0.00893497467041016 0.00469017028808594 0.0210151672363281
0.00780010223388672 0.0033574104309082 0.0160026550292969 0.0264759063720703
0.00828647613525391 -0.00172853469848633 0.0283775329589844 0.0184898376464844
0.00720357894897461 -0.00805902481079102 0.0342979431152344 0.00591659545898438
0.00826215744018555 -0.00876235961914062 0.0322818756103516 0.000772476196289062
0.00833368301391601 -0.00696802139282226 0.0247898101806641 0.00237846374511719
0.0129899978637695 -0.00970172882080078 0.015925407409668 0.00850868225097656
0.0199241638183594 -0.0018157958984375 0.00433826446533203 0.0110578536987305
0.0190639495849609 0.0132064819335938 -0.00843143463134765 0.00028228759765625
0.00807380676269532 0.0242805480957031 -0.00459861755371094 -0.0128936767578125
-0.0152206420898437 0.0246524810791016 0.0178966522216797 -0.0207614898681641
-0.0317020416259766 0.0183429718017578 0.0277290344238281 -0.00363731384277344
-0.0432319641113281 0.00843429565429687 0.0077667236328125 0.00901222229003906
-0.03936767578125 0.00460815429687501 0.0178108215332031 0.0294780731201172
-0.0202312469482422 0.0197734832763672 0.00165176391601562 0.0258808135986328
-0.00567913055419922 0.0152463912963867 0.001251220703125 0.0287380218505859
0.00258541107177735 0.0158262252807617 0.0147933959960938 0.0322780609130859
0.010462760925293 0.00972366333007813 0.0267124176025391 0.021881103515625
0.0160598754882813 0.000682830810546875 0.0330429077148438 0.00931739807128906
0.018157958984375 -0.00366401672363281 0.0280704498291016 0.00448226928710938
0.0165700912475586 -0.00208568572998047 0.0199012756347656 0.00557518005371094
0.0206489562988281 -0.00356101989746094 0.0101308822631836 0.0118474960327148
0.0246849060058594 0.00546646118164062 -0.0009613037109375 0.0130681991577148
0.0189228057861328 0.0194511413574219 -0.0133476257324219 0.00275802612304688
0.00566673278808594 0.0288028717041016 -0.0101652145385742 -0.0107908248901367
-0.0195350646972656 0.0258998870849609 0.00963973999023438 -0.0189304351806641
-0.0370826721191406 0.0154304504394531 0.0140209197998047 -0.000368118286132812
-0.0481719970703125 0.00297927856445312 -0.00652027130126953 0.00982952117919922
-0.0426750183105469 -0.00662612915039063 0.000272750854492187 0.0297298431396484
-0.0327873229980469 0.0118331909179688 -0.0135612487792969 0.0302276611328125
-0.0187511444091797 0.0180931091308594 -0.00564193725585938 0.0346088409423828
-0.00478363037109375 0.0250034332275391 0.0104789733886719 0.0359840393066406
0.00984001159667969 0.0202789306640625 0.0222568511962891 0.0232963562011719
0.0222721099853516 0.0103702545166016 0.0271892547607422 0.0108356475830078
0.0251026153564453 0.00236701965332031 0.0202350616455078 0.00670623779296875
0.0215110778808594 0.00337791442871094 0.0114173889160156 0.00768566131591797
0.0252494812011719 0.00306892395019531 0.00258159637451172 0.0134363174438477
0.0258522033691406 0.011260986328125 -0.00687217712402343 0.0140619277954102
0.0164127349853516 0.0225944519042969 -0.0174741744995117 0.00404739379882813
0.00252151489257813 0.0299263000488281 -0.0135354995727539 -0.00793647766113281
-0.0209426879882813 0.0241241455078125 0.0028848648071289 -0.0145635604858398
-0.0369758605957031 0.0101776123046875 0.00224184989929199 0.00436234474182129
-0.0470619201660156 -0.00364303588867188 -0.0213565826416016 0.00987052917480469
-0.03851318359375 -0.0170173645019531 -0.0176029205322266 0.0249080657958984
-0.0374298095703125 0.00121688842773438 -0.0295028686523438 0.0297317504882812
-0.0272254943847656 0.0148105621337891 -0.014556884765625 0.0371246337890625
-0.0125656127929688 0.0282154083251953 0.00464248657226562 0.0349521636962891
0.00583457946777344 0.0266513824462891 0.0153980255126953 0.0207271575927734
0.0226917266845703 0.0183639526367188 0.0179557800292969 0.00958061218261719
0.0276145935058594 0.00809478759765625 0.00862836837768555 0.00738954544067383
0.0230293273925781 0.00820541381835938 0.000823020935058595 0.00937080383300781
0.0259418487548828 0.00856399536132813 -0.0058145523071289 0.0140085220336914
0.0242691040039063 0.0157661437988281 -0.0131244659423828 0.0135068893432617
0.0130443572998047 0.0248985290527344 -0.0205535888671875 0.00396728515625
-0.00166702270507812 0.0290470123291016 -0.0145969390869141 -0.00679206848144531
-0.022857666015625 0.0188045501708984 -0.000431060791015626 -0.00956916809082031
-0.0349178314208984 0.00305557250976563 -0.00662040710449219 0.00997638702392578
-0.042022705078125 -0.0117683410644531 -0.0337715148925781 0.00845527648925782
-0.0249462127685547 -0.0230197906494141 -0.0303363800048828 0.0169410705566406
-0.0310115814208984 -0.00970077514648437 -0.04150390625 0.0237045288085938
-0.0276966094970703 0.00679397583007812 -0.0218868255615234 0.03436279296875
-0.0178508758544922 0.0226879119873047 -0.00188255310058594 0.0301227569580078
-0.000471115112304689 0.0257434844970703 0.00783824920654297 0.0153932571411133
0.0177364349365234 0.0227584838867188 0.00741767883300781 0.00670480728149414
0.0245342254638672 0.0130767822265625 -0.0027766227722168 0.00596904754638672
0.02099609375 0.01153564453125 -0.00936985015869141 0.00868129730224609
0.0235042572021484 0.0124797821044922 -0.0144405364990234 0.0120582580566406
0.0206356048583984 0.0188388824462891 -0.0189132690429688 0.0100364685058594
0.00850105285644531 0.0252456665039062 -0.0220146179199219 0.00111961364746094
-0.00609779357910156 0.0267524719238281 -0.014185905456543 -0.00662517547607421
-0.0248756408691406 0.0130329132080078 -0.0023956298828125 -0.00607490539550781
-0.03125 -0.00622940063476563 -0.0138664245605469 0.0111303329467773
-0.0331077575683594 -0.0203590393066406 -0.0423622131347656 0.00357437133789062
-0.006988525390625 -0.0234279632568359 -0.03717041015625 0.00762557983398438
-0.0147943496704102 -0.0166559219360352 -0.0473060607910156 0.0166168212890625
-0.0192165374755859 -0.00430107116699219 -0.0251140594482422 0.0302314758300781
-0.0180778503417969 0.0106182098388672 -0.00423812866210938 0.0236854553222656
-0.00671291351318359 0.0174894332885742 0.00271844863891601 0.00819063186645508
0.00792312622070313 0.0213127136230469 -0.00161683559417725 0.00132942199707031
0.0169467926025391 0.0158319473266602 -0.0130414962768555 0.0030660629272461
0.0153541564941406 0.013885498046875 -0.0183601379394531 0.00732421875
0.0175991058349609 0.0146121978759766 -0.0219669342041016 0.00985336303710938
0.0149250030517578 0.0192394256591797 -0.0243854522705078 0.00627899169921875
0.00451850891113282 0.0234832763671875 -0.0246181488037109 -0.002105712890625
-0.0094451904296875 0.0236740112304688 -0.0145969390869141 -0.00938129425048828
-0.0253105163574219 0.00695037841796876 -0.00342273712158203 -0.00632810592651367
-0.0262069702148437 -0.01446533203125 -0.0180282592773438 0.00944328308105469
-0.0216636657714844 -0.0275859832763672 -0.0475578308105469 -0.00297164916992187
0.0121955871582031 -0.0207920074462891 -0.0347194671630859 0.000696182250976558
0.00395011901855469 -0.0197315216064453 -0.0440101623535156 0.0108985900878906
-0.00635337829589843 -0.0134391784667969 -0.0236740112304688 0.0255527496337891
-0.0139074325561523 -0.0039520263671875 -0.00440597534179688 0.0176200866699219
-0.0114898681640625 0.00662326812744141 0.00124597549438476 0.00273203849792481
-0.00284671783447266 0.0167007446289063 -0.00734519958496094 -0.00337028503417969
0.00667476654052734 0.0160255432128906 -0.0190696716308594 -0.000713348388671872
0.00790214538574219 0.0134611129760742 -0.0245456695556641 0.00451469421386718
0.00986099243164062 0.0140657424926758 -0.0281219482421875 0.006195068359375
0.00831794738769532 0.01751708984375 -0.0287971496582031 0.000646591186523437
0.000635147094726561 0.0188961029052734 -0.0259876251220703 -0.00704383850097656
-0.0106163024902344 0.0181312561035156 -0.0152177810668945 -0.0127172470092773
-0.0232696533203125 0.00135231018066407 -0.00557804107666016 -0.00933074951171875
-0.0184326171875 -0.0197715759277344 -0.021209716796875 0.00178718566894531
-0.00809669494628906 -0.0310554504394531 -0.0473175048828125 -0.0130462646484375
-0.0133152008056641 0.0235347747802734 0.0447044372558594 0.0168418884277344
0.0141143798828125 0.0217685699462891 0.0207176208496094 0.00882148742675782
0.0167121887207031 -0.000863075256347656 0.0052947998046875 0.0135622024536133
0.00998115539550781 -0.00923061370849609 0.0157241821289063 0.0215492248535156
0.00335502624511719 -0.011906623840332 0.028778076171875 0.0143928527832031
-0.00473785400390625 -0.0143527984619141 0.0339927673339844 0.00137710571289062
-0.00455760955810547 -0.0116748809814453 0.0338973999023438 -0.00441360473632813
-0.00282478332519531 -0.0105361938476563 0.0281658172607422 -0.00283622741699219
0.000553131103515627 -0.0155563354492188 0.0208454132080078 0.0032501220703125
0.011866569519043 -0.0110769271850586 0.0105371475219727 0.00774955749511719
0.0181236267089844 0.00201416015625 -0.00187933444976806 -0.000613093376159668
0.0134544372558594 0.0136175155639648 0.00152683258056641 -0.0129995346069336
-0.00369834899902344 0.0220527648925781 0.0255966186523438 -0.0209751129150391
-0.0185127258300781 0.0239162445068359 0.0403861999511719 -0.00744247436523437
-0.0308094024658203 0.01788330078125 0.0246810913085938 0.00716590881347657
-0.0283489227294922 0.0166053771972656 0.0368156433105469 0.0252189636230469
-0.00221061706542968 0.0235366821289063 0.0154438018798828 0.0183696746826172
0.00690221786499024 0.00788497924804688 0.00524330139160156 0.0208759307861328
0.00712299346923828 0.00254583358764648 0.0169124603271484 0.0277194976806641
0.00713396072387695 -0.00216817855834961 0.0303440093994141 0.0193386077880859
0.00573635101318359 -0.00814390182495117 0.0366630554199219 0.00542449951171875
0.00746536254882813 -0.00840663909912109 0.0347633361816406 -0.000583648681640626
0.00812387466430664 -0.00717687606811523 0.0278816223144531 0.000858306884765625
0.0116958618164063 -0.0100240707397461 0.0192337036132813 0.00748443603515625
0.0196990966796875 -0.00252914428710937 0.00745487213134766 0.011713981628418
0.0200042724609375 0.0123367309570313 -0.00644207000732422 0.00223541259765625
0.00969505310058594 0.0241107940673828 -0.0037078857421875 -0.0107717514038086
-0.0139369964599609 0.0267124176025391 0.0172977447509766 -0.0206489562988281
-0.0318813323974609 0.0218544006347656 0.0293045043945312 -0.00455856323242187
-0.0436515808105469 0.0119781494140625 0.0116338729858398 0.0103073120117188
-0.0406684875488281 0.00569915771484375 0.0222988128662109 0.0312309265136719
-0.0204982757568359 0.0205535888671875 0.00452804565429687 0.0264568328857422
-0.00639915466308594 0.015411376953125 0.00220489501953125 0.0286846160888672
0.00231075286865234 0.0159540176391602 0.0156345367431641 0.0329341888427734
0.0102777481079102 0.0103654861450195 0.0284156799316406 0.0225276947021484
0.0163850784301758 0.00102996826171875 0.0358390808105469 0.00858306884765625
0.0186939239501953 -0.00396347045898438 0.0311450958251953 0.00285148620605469
0.0173606872558594 -0.00213813781738281 0.0227794647216797 0.00448799133300781
0.021514892578125 -0.00333595275878906 0.0137186050415039 0.0112028121948242
0.0250701904296875 0.00498199462890625 0.00239753723144531 0.0137739181518555
0.0205287933349609 0.0194759368896484 -0.0112380981445312 0.00440025329589844
0.00730133056640625 0.0303611755371094 -0.00907230377197266 -0.00880336761474609
-0.0191097259521484 0.0283908843994141 0.009368896484375 -0.0181865692138672
-0.0387039184570313 0.0183677673339844 0.0165796279907227 -0.000366210937499999
-0.0501480102539062 0.00532531738281251 -0.00331497192382813 0.012324333190918
-0.0457077026367188 -0.00658416748046875 0.00358009338378906 0.0317249298095703
-0.0350608825683594 0.0122489929199219 -0.0108127593994141 0.0315227508544922
-0.0201568603515625 0.0190391540527344 -0.00446128845214844 0.0348014831542969
-0.00498580932617188 0.0270023345947266 0.0114860534667969 0.0367240905761719
0.0103950500488281 0.0219268798828125 0.0239067077636719 0.0237865447998047
0.0231189727783203 0.0110073089599609 0.0296726226806641 0.0100421905517578
0.0268726348876953 0.00222969055175781 0.0225753784179688 0.00550270080566406
0.02386474609375 0.00323486328125 0.0137052536010742 0.007080078125
0.027099609375 0.00307464599609375 0.00556468963623047 0.012660026550293
0.0277900695800781 0.0114917755126953 -0.00367546081542969 0.0141735076904297
0.0184440612792969 0.0241565704345703 -0.0151815414428711 0.00505352020263672
0.00383567810058593 0.0319862365722656 -0.0122880935668945 -0.00615978240966797
-0.0217933654785156 0.0262470245361328 0.00318050384521484 -0.0137424468994141
-0.0399742126464844 0.0129966735839844 0.0046091079711914 0.00534963607788086
-0.0506439208984375 -0.00175476074218751 -0.0191078186035156 0.0123805999755859
-0.0418586730957031 -0.0175361633300781 -0.0154972076416016 0.0280094146728516
-0.0411262512207031 0.00178146362304687 -0.0275764465332031 0.0311527252197266
-0.0296306610107422 0.0167465209960937 -0.0132522583007812 0.0374259948730469
-0.0134735107421875 0.03094482421875 0.005157470703125 0.0357856750488281
0.0073089599609375 0.0287971496582031 0.0167255401611328 0.0208053588867188
0.0255165100097656 0.0195140838623047 0.019805908203125 0.00916862487792969
0.0301227569580078 0.00839614868164063 0.0107240676879883 0.00663948059082031
0.0259361267089844 0.00799179077148438 0.00266647338867188 0.00879764556884766
0.0291233062744141 0.00841712951660156 -0.00369739532470703 0.013279914855957
0.0272274017333984 0.0162029266357422 -0.0106687545776367 0.0133304595947266
0.0149326324462891 0.0267601013183594 -0.0186080932617188 0.00461959838867188
-0.000699996948242184 0.0326442718505859 -0.0133457183837891 -0.00545978546142578
-0.0246257781982422 0.0216751098632813 0.000260353088378904 -0.00871896743774414
-0.0389289855957031 0.00479888916015626 -0.00535011291503906 0.0114831924438477
-0.0464630126953125 -0.0109176635742188 -0.032562255859375 0.0108489990234375
-0.0297966003417969 -0.0246696472167969 -0.0300807952880859 0.020111083984375
-0.0357589721679687 -0.0101318359375 -0.0411643981933594 0.0258407592773438
-0.0308074951171875 0.00779533386230469 -0.0204963684082031 0.0352249145507813
-0.0192050933837891 0.0263824462890625 -0.00118637084960937 0.030609130859375
0.000392913818359373 0.0288333892822266 0.00789356231689453 0.0152721405029297
0.0212039947509766 0.0240898132324219 0.00856351852416992 0.00640487670898438
0.0281867980957031 0.0126476287841797 -0.00166463851928711 0.00581789016723633
0.0240077972412109 0.0113506317138672 -0.00878810882568359 0.00836467742919922
0.0270671844482422 0.0122318267822266 -0.0136289596557617 0.0118904113769531
0.0241947174072266 0.0194606781005859 -0.0175952911376953 0.0100479125976563
0.0106582641601562 0.0275173187255859 -0.0206642150878906 0.00113677978515626
-0.00500297546386718 0.0302906036376953 -0.012965202331543 -0.00621604919433594
-0.0267772674560547 0.0159873962402344 -0.00128364562988281 -0.00549125671386719
-0.0361824035644531 -0.00442123413085938 -0.0129232406616211 0.0127153396606445
-0.0377311706542969 -0.0201530456542969 -0.0421829223632813 0.00565338134765625
-0.0104942321777344 -0.0264930725097656 -0.038787841796875 0.00994110107421875
-0.0187892913818359 -0.0181560516357422 -0.0475234985351563 0.0186996459960938
-0.0228424072265625 -0.00388336181640625 -0.0242118835449219 0.0307674407958984
-0.0199985504150391 0.0137920379638672 -0.0043182373046875 0.0238704681396484
-0.00564384460449219 0.0211315155029297 0.00229358673095703 0.00793027877807617
0.0115890502929688 0.0234889984130859 -0.00216197967529297 0.00059795379638672
0.0208148956298828 0.0158290863037109 -0.0135164260864258 0.00358200073242188
0.0188465118408203 0.0135040283203125 -0.0187721252441406 0.00824737548828125
0.021392822265625 0.0146617889404297 -0.0219573974609375 0.0100879669189453
0.0190200805664063 0.0199604034423828 -0.0240707397460938 0.00603294372558594
0.00679779052734375 0.0255584716796875 -0.0240325927734375 -0.00254821777343749
-0.00818061828613281 0.0271778106689453 -0.0137548446655273 -0.00932216644287109
-0.0272960662841797 0.00981330871582031 -0.00251913070678711 -0.00601100921630859
-0.0305995941162109 -0.0128154754638672 -0.0178909301757813 0.0108280181884766
-0.0264739990234375 -0.0279827117919922 -0.0493011474609375 -0.00133895874023437
0.00963211059570312 -0.0242977142333984 -0.0374412536621094 0.00229644775390624
0.000312805175781251 -0.0223560333251953 -0.0452804565429687 0.0124740600585937
-0.00946140289306641 -0.0141801834106445 -0.0232639312744141 0.0262413024902344
-0.0162229537963867 -0.00180912017822265 -0.00480937957763672 0.0168066024780273
-0.0114202499389648 0.00938320159912109 0.000155448913574218 0.00191760063171387
-0.000246047973632811 0.018585205078125 -0.00889301300048828 -0.00345325469970703
0.0103168487548828 0.016148567199707 -0.0204753875732422 0.00010871887207031
0.0107460021972656 0.0136098861694336 -0.0259857177734375 0.00568962097167969
0.0128812789916992 0.0141048431396484 -0.0297298431396484 0.00650024414062501
0.0118417739868164 0.0175113677978516 -0.0299167633056641 0.000671386718749995
0.00277900695800781 0.0205593109130859 -0.0262374877929688 -0.00728988647460938
-0.00959968566894531 0.0204925537109375 -0.0152101516723633 -0.0130205154418945
-0.0243587493896484 0.00433349609375 -0.00516700744628907 -0.00893974304199219
-0.0225353240966797 -0.0188865661621094 -0.0223903656005859 0.00304031372070312
-0.0120162963867188 -0.0320892333984375 -0.0501251220703125 -0.0120849609375
-0.011199951171875 0.0251235961914063 0.0487327575683594 0.0162849426269531
0.0169048309326172 0.0206642150878906 0.0231361389160156 0.00767326354980469
0.0168476104736328 -0.00304889678955078 0.00552177429199219 0.0131187438964844
0.009063720703125 -0.0111303329467773 0.0171394348144531 0.0231533050537109
0.00155448913574219 -0.0126152038574219 0.0304489135742187 0.0154514312744141
-0.00743579864501953 -0.0141324996948242 0.0370140075683594 0.00173187255859375
-0.00639915466308594 -0.0106916427612305 0.0370559692382813 -0.00544357299804688
-0.00393199920654297 -0.0101175308227539 0.0309333801269531 -0.00465011596679688
-0.00155925750732422 -0.0156126022338867 0.0239620208740234 0.00235557556152344
0.0101490020751953 -0.0125970840454102 0.0133819580078125 0.00759220123291016
0.0185031890869141 -0.00064849853515625 -0.000121951103210448 0.00059974193572998
0.0146236419677734 0.0126228332519531 0.00285148620605469 -0.0119419097900391
-0.000997543334960939 0.0235919952392578 0.0256767272949219 -0.0213184356689453
-0.0167789459228516 0.0272102355957031 0.04266357421875 -0.00864410400390625
-0.0293960571289063 0.0216884613037109 0.0292339324951172 0.00695037841796875
-0.0282249450683594 0.0179100036621094 0.04156494140625 0.026153564453125
-0.00128173828125 0.0232162475585938 0.0182476043701172 0.0167350769042969
0.00654077529907227 0.00665712356567383 0.00576019287109375 0.020721435546875
0.00631141662597656 0.00237178802490234 0.0178947448730469 0.0288505554199219
0.00648212432861328 -0.00166130065917969 0.0324344635009766 0.0197200775146484
0.00468015670776367 -0.00759601593017578 0.039764404296875 0.00521087646484375
0.00712680816650391 -0.00833892822265625 0.0382347106933594 -0.001953125
0.00782442092895508 -0.00693559646606445 0.0311870574951172 -0.00122451782226563
0.0114412307739258 -0.0108165740966797 0.0228939056396484 0.00627899169921875
0.0196666717529297 -0.00346946716308594 0.0114755630493164 0.0112180709838867
0.0212364196777344 0.0111274719238281 -0.00335097312927246 0.00384831428527832
0.0117912292480469 0.0246124267578125 -0.00310134887695312 -0.00964546203613281
-0.0125484466552734 0.0291652679443359 0.0178909301757813 -0.0204524993896484
-0.0321140289306641 0.0250873565673828 0.0318012237548828 -0.00568199157714844
-0.0445632934570313 0.0156669616699219 0.0156345367431641 0.0111370086669922
-0.0425567626953125 0.00703048706054688 0.0266265869140625 0.0332469940185547
-0.022003173828125 0.0208835601806641 0.00773239135742188 0.0262928009033203
-0.00697708129882813 0.0156803131103516 0.00290870666503906 0.0286464691162109
0.00185680389404297 0.0174636840820313 0.0172920227050781 0.0343666076660156
0.0102519989013672 0.0111484527587891 0.0313835144042969 0.0232925415039063
0.0166778564453125 0.00161075592041016 0.0385818481445312 0.00774765014648437
0.0194759368896484 -0.00387191772460938 0.0347499847412109 0.00133705139160156
0.0187702178955078 -0.00240898132324219 0.0254001617431641 0.00269889831542969
0.0222148895263672 -0.00408935546875 0.0168285369873047 0.00937366485595703
0.0271949768066406 0.00425338745117188 0.00609874725341797 0.0135955810546875
0.0223445892333984 0.0197334289550781 -0.00846624374389648 0.00572538375854492
0.00867462158203125 0.0317935943603516 -0.00763273239135742 -0.00733900070190429
-0.0190525054931641 0.0310287475585937 0.0105628967285156 -0.0178852081298828
-0.0407028198242187 0.0215950012207031 0.0187950134277344 -0.000335693359374999
-0.0535507202148438 0.008575439453125 -0.000406265258789067 0.0134639739990234
-0.0491981506347656 -0.00574874877929688 0.00742340087890625 0.0351600646972656
-0.0383872985839844 0.0143241882324219 -0.00837135314941407 0.0322418212890625
-0.0221710205078125 0.0210247039794922 -0.00345230102539063 0.0354232788085938
-0.005706787109375 0.0293712615966797 0.0131111145019531 0.0380401611328125
0.0112228393554687 0.0239791870117188 0.0267200469970703 0.0239887237548828
0.0253028869628906 0.0115489959716797 0.0332736968994141 0.00924491882324219
0.0291252136230469 0.001434326171875 0.0252704620361328 0.0044097900390625
0.0257911682128906 0.00290298461914063 0.0161504745483398 0.00543117523193359
0.0297584533691406 0.00247573852539063 0.00823116302490235 0.0114974975585938
0.0307579040527344 0.0111141204833984 -0.000988960266113278 0.0137462615966797
0.0210323333740234 0.0259742736816406 -0.0129308700561523 0.00581741333007813
0.00550270080566406 0.0348415374755859 -0.0108985900878906 -0.00496768951416015
-0.0229034423828125 0.0298385620117188 0.00441837310791016 -0.0131988525390625
-0.0435752868652344 0.0162086486816406 0.00660419464111328 0.00546979904174805
-0.0544242858886719 0.000629425048828131 -0.0161657333374023 0.0147180557250977
-0.0474815368652344 -0.0176010131835937 -0.0138263702392578 0.0307769775390625
-0.046417236328125 0.00320053100585938 -0.0265293121337891 0.0331268310546875
-0.0324974060058594 0.01953125 -0.0123672485351562 0.0382652282714844
-0.0139369964599609 0.0347881317138672 0.00653457641601562 0.0370330810546875
0.0086517333984375 0.0318202972412109 0.0178394317626953 0.0212116241455078
0.0287704467773437 0.0197868347167969 0.0218906402587891 0.00826454162597656
0.0335903167724609 0.00741958618164063 0.0125665664672852 0.00585365295410156
0.02923583984375 0.00736236572265625 0.00413084030151367 0.00777149200439453
0.0330467224121094 0.00807380676269531 -0.00248146057128906 0.0123586654663086
0.0308017730712891 0.0167427062988281 -0.00953197479248047 0.0127267837524414
0.0181827545166016 0.0291175842285156 -0.0171709060668945 0.00478839874267578
0.000980377197265624 0.035888671875 -0.0118799209594727 -0.00510978698730468
-0.026458740234375 0.0251483917236328 0.00186443328857422 -0.00887489318847656
-0.0435905456542969 0.0079345703125 -0.00327396392822266 0.012019157409668
-0.0513877868652344 -0.00890731811523437 -0.0313091278076172 0.0128860473632813
-0.0348434448242188 -0.0261096954345703 -0.0307178497314453 0.0231380462646484
-0.0408744812011719 -0.00909423828125 -0.0414314270019531 0.028289794921875
-0.0349159240722656 0.0104408264160156 -0.0203170776367188 0.0365982055664062
-0.0204677581787109 0.0305461883544922 -0.000871658325195317 0.0316257476806641
0.00222015380859375 0.0322799682617188 0.00881481170654297 0.0154762268066406
0.0249309539794922 0.0252361297607422 0.0092916488647461 0.00591850280761719
0.0317726135253906 0.0121288299560547 -0.00133132934570312 0.00577068328857422
0.0277481079101563 0.0107669830322266 -0.00859451293945313 0.0088205337524414
0.0313644409179688 0.0121383666992188 -0.0135393142700195 0.0118255615234375
0.0283927917480469 0.0195140838623047 -0.0171642303466797 0.00926399230957031
0.014495849609375 0.0297660827636719 -0.0201816558837891 0.000932693481445316
-0.00323486328125 0.0343475341796875 -0.01251220703125 -0.00665473937988281
-0.0289573669433594 0.01922607421875 -0.000507354736328126 -0.00553703308105469
-0.0410041809082031 -0.00209045410156249 -0.0115528106689453 0.0139970779418945
-0.0433082580566406 -0.0192451477050781 -0.0428276062011719 0.00748443603515624
-0.0149726867675781 -0.0292854309082031 -0.0406303405761719 0.0129280090332031
-0.0239963531494141 -0.0189018249511719 -0.0489654541015625 0.0212516784667969
-0.027008056640625 -0.00232887268066407 -0.0241203308105469 0.0312957763671875
-0.0216712951660156 0.0168685913085938 -0.00445747375488282 0.0241241455078125
-0.00513458251953125 0.0248489379882812 0.00203800201416015 0.00786352157592773
0.0149116516113281 0.0248069763183594 -0.00302433967590332 0.000849962234497071
0.0244064331054688 0.0156936645507813 -0.0140762329101562 0.00446510314941406
0.0220355987548828 0.0128040313720703 -0.0198955535888672 0.00897979736328125
0.0251731872558594 0.0139331817626953 -0.0230216979980469 0.0105361938476563
0.02313232421875 0.0201320648193359 -0.0252647399902344 0.00554466247558594
0.00996780395507812 0.0277500152587891 -0.0245552062988281 -0.00278854370117187
-0.0064697265625 0.0302371978759766 -0.0136547088623047 -0.00946331024169922
-0.0290393829345703 0.0133323669433594 -0.00199556350708008 -0.00622463226318359
-0.0357246398925781 -0.0106925964355469 -0.0179061889648438 0.0125465393066406
-0.0318679809570313 -0.0281085968017578 -0.0512657165527344 -0.000125885009765625
0.00702667236328125 -0.02777099609375 -0.0408172607421875 0.00386428833007813
-0.00353431701660156 -0.0239810943603516 -0.0477981567382813 0.014556884765625
-0.0129156112670898 -0.0138969421386719 -0.0233840942382813 0.0270900726318359
-0.0184097290039063 0.000680923461914059 -0.00471591949462891 0.016911506652832
-0.0109577178955078 0.012293815612793 -0.000756502151489259 0.00163078308105469
0.00273513793945312 0.0200614929199219 -0.0109930038452148 -0.00327110290527344
0.0131950378417969 0.0161333084106445 -0.0228595733642578 0.00163269042968751
0.0130338668823242 0.0121984481811523 -0.0284233093261719 0.00687217712402344
0.0163993835449219 0.0135307312011719 -0.0315113067626953 0.00785255432128906
0.0148305892944336 0.0175638198852539 -0.0318603515625 9.53674316406328E-05
0.00523757934570313 0.0220909118652344 -0.0278549194335938 -0.00798797607421874
-0.00794029235839844 0.0234889984130859 -0.0154790878295898 -0.0138969421386719
-0.0262107849121094 0.00680160522460938 -0.00479316711425781 -0.00942039489746094
-0.0263671875 -0.0179862976074219 -0.023223876953125 0.00484275817871094
-0.0164089202880859 -0.0328083038330078 -0.0537948608398438 -0.0119361877441406
-0.00866317749023437 0.0264854431152344 0.0543479919433594 0.0151939392089844
0.0197620391845703 0.0194454193115234 0.0255699157714844 0.00505256652832031
0.0174093246459961 -0.00507831573486328 0.00611114501953125 0.0137739181518555
0.00742816925048828 -0.0126409530639648 0.0184078216552734 0.0243759155273438
-0.000640869140625001 -0.0136728286743164 0.0338630676269531 0.0164337158203125
-0.00947952270507813 -0.0135965347290039 0.0405921936035156 0.000354766845703124
-0.00788593292236328 -0.00977516174316406 0.0400924682617187 -0.00847625732421875
-0.00539779663085937 -0.00929355621337891 0.0334854125976563 -0.00724983215332031
-0.00377655029296875 -0.0151128768920898 0.0269584655761719 -0.000156402587890626
0.00879955291748047 -0.0142850875854492 0.0166587829589844 0.00672340393066406
0.0191574096679688 -0.00294113159179688 0.00221037864685059 0.0012214183807373
0.0169477462768555 0.0111713409423828 0.00375461578369141 -0.0116252899169922
0.00138664245605469 0.0250720977783203 0.0265617370605469 -0.0230484008789062
-0.0136737823486328 0.0305557250976563 0.0459556579589844 -0.0119972229003906
-0.0281009674072266 0.0253105163574219 0.0342330932617188 0.00563240051269531
-0.0284919738769531 0.0201473236083984 0.0469703674316406 0.0256538391113281
-5.72204589843775E-05 0.02374267578125 0.021392822265625 0.0153751373291016
0.00616741180419922 0.00599098205566406 0.00678825378417969 0.0208454132080078
0.00589084625244141 0.00234127044677734 0.0200271606445313 0.0305442810058594
0.00584650039672852 -0.00171613693237305 0.0362548828125 0.0201416015625
0.00385236740112305 -0.00718784332275391 0.0437545776367187 0.00345230102539062
0.00662660598754883 -0.00825595855712891 0.0422935485839844 -0.00545120239257813
0.00816106796264648 -0.006744384765625 0.0340805053710938 -0.004425048828125
0.0113096237182617 -0.0106544494628906 0.0261020660400391 0.0040283203125
0.0201301574707031 -0.00473213195800781 0.0149927139282227 0.0104312896728516
0.0225849151611328 0.010223388671875 -0.0016183853149414 0.00433588027954102
0.0142555236816406 0.0246601104736328 -0.00119209289550781 -0.00862741470336914
-0.01080322265625 0.0312862396240234 0.01849365234375 -0.0213069915771484
-0.0314350128173828 0.0293254852294922 0.0350532531738281 -0.00767326354980469
-0.0455856323242188 0.0200958251953125 0.0207195281982422 0.0108318328857422
-0.0456161499023438 0.00887680053710938 0.0323677062988281 0.0331840515136719
-0.0228500366210938 0.0232582092285156 0.0105190277099609 0.0260581970214844
-0.00821685791015625 0.0172128677368164 0.00400161743164062 0.0294876098632813
0.00181198120117188 0.0189247131347656 0.0198516845703125 0.0362586975097656
0.0108661651611328 0.012303352355957 0.0345115661621094 0.0234127044677734
0.0176792144775391 0.00148391723632812 0.0424537658691406 0.00591278076171875
0.0211582183837891 -0.004730224609375 0.0380134582519531 -0.00156021118164063
0.0201702117919922 -0.0025482177734375 0.0287437438964844 -0.00041961669921875
0.0241336822509766 -0.0049591064453125 0.0204582214355469 0.00732994079589844
0.0290203094482422 0.0038604736328125 0.00952911376953125 0.0127248764038086
0.0252952575683594 0.0206832885742188 -0.00611066818237305 0.00614070892333984
0.0115871429443359 0.0335922241210938 -0.00599575042724609 -0.0061945915222168
-0.0187282562255859 0.0346736907958984 0.01104736328125 -0.0183334350585937
-0.0427207946777344 0.0265274047851562 0.0219745635986328 -0.00165748596191406
-0.0564460754394531 0.0128173828125 0.00398445129394531 0.0148000717163086
-0.054443359375 -0.00383758544921875 0.0118141174316406 0.0370635986328125
-0.0418472290039062 0.0170440673828125 -0.0064544677734375 0.0333003997802734
-0.0243167877197266 0.0237960815429687 -0.00235748291015625 0.0364532470703125
-0.00484085083007813 0.0328941345214844 0.0152816772460938 0.0398216247558594
0.0132522583007812 0.0260086059570313 0.0292739868164063 0.0245532989501953
0.0283489227294922 0.01153564453125 0.0359115600585938 0.00764083862304688
0.0322017669677734 -0.00041961669921875 0.0287647247314453 0.00206947326660156
0.0290451049804688 0.00160980224609375 0.0188484191894531 0.00328826904296875
0.0330047607421875 0.0011138916015625 0.0106287002563477 0.00999069213867188
0.0342388153076172 0.0111846923828125 0.00172519683837891 0.0130014419555664
0.0246086120605469 0.0269851684570313 -0.010772705078125 0.00633907318115235
0.00804901123046875 0.0379447937011719 -0.00958538055419922 -0.00454139709472656
-0.0238285064697266 0.0340213775634766 0.00524044036865234 -0.0138702392578125
-0.0469818115234375 0.0207672119140625 0.00948905944824218 0.00577545166015625
-0.0595436096191406 0.00391769409179686 -0.0134563446044922 0.016261100769043
-0.0537300109863281 -0.0169754028320312 -0.0115299224853516 0.0341415405273438
-0.0511016845703125 0.00617980957031251 -0.0255317687988281 0.0356292724609375
-0.0359001159667969 0.0231056213378906 -0.0114784240722656 0.0397682189941406
-0.0138473510742188 0.0399208068847656 0.00858306884765625 0.0388908386230469
0.0112514495849609 0.0348720550537109 0.0203266143798828 0.0218410491943359
0.03277587890625 0.0204639434814453 0.0234336853027344 0.00747299194335938
0.0373992919921875 0.00494384765625 0.0144376754760742 0.00464916229248047
0.0333080291748047 0.00616455078125 0.00525569915771484 0.00699901580810547
0.0368499755859375 0.00653076171875 -0.000923156738281249 0.0118818283081055
0.0359382629394531 0.0161056518554688 -0.00733375549316406 0.0119590759277344
0.022125244140625 0.0311107635498047 -0.0159482955932617 0.00454139709472656
0.00420761108398437 0.03948974609375 -0.0109882354736328 -0.00469970703125
-0.0275287628173828 0.0300464630126953 0.00268936157226562 -0.00929164886474609
-0.0479393005371094 0.0121383666992188 -0.00112438201904297 0.0130834579467773
-0.0573387145996094 -0.00602340698242188 -0.0302791595458984 0.0152873992919922
-0.0414619445800781 -0.0262832641601562 -0.0306072235107422 0.0267753601074219
-0.0473480224609375 -0.00719833374023437 -0.041534423828125 0.0319557189941406
-0.0385932922363281 0.01385498046875 -0.0198326110839844 0.0379753112792969
-0.0206718444824219 0.0355339050292969 0.000234603881835934 0.0333671569824219
0.00467681884765625 0.0356941223144531 0.00951385498046875 0.0158176422119141
0.029510498046875 0.0255603790283203 0.00988483428955078 0.00501346588134766
0.0362815856933594 0.0101661682128906 -0.000932216644287107 0.00569486618041992
0.0320701599121094 0.00894737243652344 -0.00833797454833984 0.00867509841918945
0.0359115600585938 0.01055908203125 -0.0133743286132812 0.0118284225463867
0.0338897705078125 0.0191307067871094 -0.0170059204101562 0.0088043212890625
0.0182723999023438 0.0321731567382813 -0.0201377868652344 0.000625610351562504
-0.000411987304687498 0.03857421875 -0.0121116638183594 -0.00655555725097656
-0.0304450988769531 0.0241241455078125 0.000946044921874999 -0.00639772415161133
-0.0465126037597656 0.00197982788085938 -0.0102062225341797 0.0153694152832031
-0.0494003295898438 -0.017364501953125 -0.0436820983886719 0.0102691650390625
-0.0208625793457031 -0.0304107666015625 -0.0428962707519531 0.0166854858398437
-0.0304889678955078 -0.0179481506347656 -0.0509376525878906 0.0249061584472656
-0.0310726165771484 -1.33514404296827E-05 -0.0244216918945313 0.03387451171875
-0.0226478576660156 0.0218029022216797 -0.00457000732421875 0.0251998901367188
-0.00278472900390625 0.0280704498291016 0.00189685821533203 0.00777482986450195
0.0197315216064453 0.0257320404052734 -0.00397706031799316 0.000963211059570314
0.0284137725830078 0.0137271881103516 -0.0152759552001953 0.0054159164428711
0.0258235931396484 0.0112056732177734 -0.0209865570068359 0.0101699829101563
0.0295143127441406 0.0125045776367187 -0.0242977142333984 0.0115585327148438
0.0272922515869141 0.0194721221923828 -0.0264644622802734 0.005615234375
0.0139198303222656 0.0294151306152344 -0.0252437591552734 -0.00347137451171875
-0.00403213500976562 0.0343227386474609 -0.0142583847045898 -0.0104732513427734
-0.031280517578125 0.0173320770263672 -0.00110054016113281 -0.00688600540161133
-0.0408706665039063 -0.00819015502929687 -0.0174503326416016 0.0141677856445313
-0.0381011962890625 -0.02703857421875 -0.0539093017578125 0.00217056274414062
0.00368118286132812 -0.0302238464355469 -0.044586181640625 0.00687408447265626
-0.00831031799316406 -0.0253067016601563 -0.050201416015625 0.0176658630371094
-0.01654052734375 -0.0132236480712891 -0.0236473083496094 0.0283317565917969
-0.0204792022705078 0.00386619567871094 -0.00569820404052734 0.0171613693237305
-0.0104131698608398 0.015223503112793 -0.00259065628051758 0.00134086608886719
0.00647354125976563 0.0213775634765625 -0.0128774642944336 -0.00290584564208984
0.0165948867797852 0.0147628784179688 -0.0256023406982422 0.00360679626464844
0.0159330368041992 0.0115594863891602 -0.0303897857666016 0.00982856750488281
0.0194625854492188 0.0123500823974609 -0.0337848663330078 0.00991630554199219
0.0184764862060547 0.0167331695556641 -0.0347785949707031 0.0013885498046875
0.00829696655273437 0.0234184265136719 -0.0301971435546875 -0.00865554809570313
-0.00578880310058594 0.0265636444091797 -0.0162725448608398 -0.0146217346191406
-0.0272903442382813 0.0103664398193359 -0.0047149658203125 -0.00971508026123047
-0.0311203002929688 -0.016021728515625 -0.0239105224609375 0.00680732727050781
-0.0217742919921875 -0.0331974029541016 -0.0585060119628906 -0.00992965698242189
-0.00579452514648437 0.0272006988525391 0.0595512390136719 0.011749267578125
0.0226039886474609 0.0169124603271484 0.0272617340087891 0.00219154357910156
0.0179557800292969 -0.00744247436523438 0.00630664825439453 0.0136804580688477
0.00562095642089844 -0.0143365859985352 0.0213661193847656 0.0248203277587891
-0.00223636627197266 -0.0135898590087891 0.0374107360839844 0.0152091979980469
-0.0122442245483398 -0.0118322372436523 0.0443878173828125 -0.00239944458007813
-0.009735107421875 -0.00815486907958984 0.0430526733398438 -0.013671875
-0.0066680908203125 -0.00800466537475586 0.0362930297851563 -0.0117721557617187
-0.00577259063720703 -0.0146236419677734 0.0297927856445313 -0.00387382507324219
0.00586986541748047 -0.0152244567871094 0.0204849243164062 0.004119873046875
0.0184288024902344 -0.006103515625 0.00471067428588867 0.000709056854248047
0.0182132720947266 0.00898933410644531 0.00473213195800781 -0.0110025405883789
0.0056304931640625 0.0254344940185547 0.0266094207763672 -0.0248222351074219
-0.00964927673339844 0.0341148376464844 0.0491294860839844 -0.0164375305175781
-0.0252475738525391 0.0296211242675781 0.0387496948242188 0.002349853515625
-0.0285663604736328 0.0220298767089844 0.0533218383789063 0.0231704711914063
0.000822067260742188 0.0233402252197266 0.0245513916015625 0.0139942169189453
0.00612878799438477 0.0059056282043457 0.00796318054199219 0.0211544036865234
0.00562906265258789 0.00229501724243164 0.0237636566162109 0.0313701629638672
0.00546503067016602 -0.00133466720581055 0.0406112670898437 0.0186653137207031
0.00338649749755859 -0.00661468505859375 0.0483551025390625 -0.000587463378906251
0.00732898712158203 -0.00870800018310547 0.0459632873535156 -0.0103034973144531
0.00860071182250977 -0.00713348388671875 0.0365638732910156 -0.0092010498046875
0.0105218887329102 -0.0112972259521484 0.0294075012207031 -1.52587890625007E-05
0.0201168060302734 -0.00617408752441406 0.0192890167236328 0.00840187072753906
0.0248565673828125 0.00909805297851563 0.00175619125366211 0.00483512878417969
0.0161380767822266 0.0238742828369141 0.000726222991943361 -0.00834226608276367
-0.00808906555175781 0.0333919525146484 0.018402099609375 -0.0230140686035156
-0.0301914215087891 0.0336151123046875 0.0373115539550781 -0.0113716125488281
-0.0451698303222656 0.0258064270019531 0.0257186889648437 0.00945854187011719
-0.0476150512695313 0.0129623413085938 0.0389289855957031 0.0335273742675781
-0.0236244201660156 0.0259304046630859 0.0139217376708984 0.0257949829101562
-0.00930595397949218 0.0188369750976563 0.00601577758789062 0.0295677185058594
0.00289154052734375 0.0207595825195313 0.0234260559082031 0.0373992919921875
0.0126991271972656 0.0136280059814453 0.0391311645507813 0.0223731994628906
0.0188331604003906 0.00160026550292969 0.0457191467285156 0.00210952758789063
0.0223827362060547 -0.00688934326171875 0.0411186218261719 -0.00600051879882812
0.0226078033447266 -0.00397300720214844 0.0316123962402344 -0.00497055053710938
0.0256710052490234 -0.00640678405761719 0.0234661102294922 0.00356292724609375
0.0316028594970703 0.00191497802734375 0.0131454467773438 0.010650634765625
0.0284900665283203 0.0198326110839844 -0.00321769714355469 0.00603818893432617
0.0147953033447266 0.0343189239501953 -0.00424909591674805 -0.00567722320556641
-0.0165214538574219 0.0384597778320313 0.0106525421142578 -0.0193939208984375
-0.0430068969726563 0.0329017639160156 0.0246047973632812 -0.00475502014160156
-0.0580673217773438 0.0189056396484375 0.0085906982421875 0.0145835876464844
-0.0597953796386719 -1.52587890625049E-05 0.0173263549804687 0.0376243591308594
-0.0445976257324219 0.0220603942871094 -0.002838134765625 0.0347080230712891
-0.0245018005371094 0.0283355712890625 -0.000766754150390627 0.037872314453125
-0.00254440307617188 0.0369529724121094 0.0183372497558594 0.0412330627441406
0.0165176391601563 0.0277462005615234 0.0330410003662109 0.0237522125244141
0.0317268371582031 0.0107460021972656 0.0388221740722656 0.00480270385742188
0.034759521484375 -0.00310516357421875 0.0308761596679688 -0.00182723999023438
0.0313777923583984 -0.00016021728515625 0.0207290649414063 0.00067901611328125
0.0362892150878906 -0.0018157958984375 0.0133275985717773 0.00751018524169922
0.0381698608398438 0.0087890625 0.00432300567626953 0.0110559463500977
0.0290164947509766 0.0276088714599609 -0.00879573822021484 0.00598239898681641
0.0127143859863281 0.040618896484375 -0.00826930999755859 -0.00376415252685547
-0.0226249694824219 0.0389328002929688 0.00571918487548828 -0.0151767730712891
-0.0497856140136719 0.0279693603515625 0.0121536254882812 0.00433731079101563
-0.063934326171875 0.0102500915527344 -0.0103664398193359 0.0179901123046875
-0.0607719421386719 -0.0128517150878906 -0.00786209106445313 0.0377197265625
-0.0555496215820313 0.0117988586425781 -0.0230789184570313 0.0384483337402344
-0.0380821228027344 0.0280914306640625 -0.0094757080078125 0.0417938232421875
-0.0108146667480469 0.0452041625976562 0.0110588073730469 0.040130615234375
0.0151710510253906 0.0376625061035156 0.0231456756591797 0.0208816528320313
0.0376663208007812 0.0193824768066406 0.0253372192382813 0.00531959533691406
0.0406112670898438 0.00125503540039063 0.0158004760742188 0.00302600860595703
0.0372962951660156 0.00310897827148437 0.00651645660400391 0.00505733489990234
0.0415077209472656 0.00304794311523438 -7.91549682617159E-05 0.0104150772094727
0.0414390563964844 0.0136871337890625 -0.00625514984130859 0.0114173889160156
0.0280380249023438 0.0315113067626953 -0.0155429840087891 0.0052337646484375
0.00909805297851562 0.0429000854492188 -0.0107650756835938 -0.00474071502685546
-0.02691650390625 0.035858154296875 0.00333213806152344 -0.00978946685791015
-0.0531845092773438 0.0187034606933594 0.00121974945068359 0.0128746032714844
-0.0630569458007813 -0.000740051269531242 -0.0281791687011719 0.0178318023681641
-0.0489425659179687 -0.0242271423339844 -0.0285301208496094 0.0312519073486328
-0.0537796020507813 -0.00177383422851562 -0.0407180786132813 0.0359115600585937
-0.0418548583984375 0.0194664001464844 -0.0184783935546875 0.0400543212890625
-0.0191192626953125 0.0414695739746094 0.001556396484375 0.03521728515625
0.00899124145507812 0.0390625 0.0104742050170898 0.0162363052368164
0.0355339050292969 0.0250015258789063 0.010584831237793 0.00385570526123047
0.0400581359863281 0.00643539428710938 -0.0003209114074707 0.00599908828735352
0.03607177734375 0.00617218017578125 -0.00837135314941406 0.00904560089111328
0.0400810241699219 0.00651931762695313 -0.0137128829956055 0.0122518539428711
0.038787841796875 0.0164642333984375 -0.0171604156494141 0.00886154174804688
0.0239276885986328 0.0323810577392578 -0.0209560394287109 0.000806808471679692
0.003662109375 0.0422744750976563 -0.0121011734008789 -0.00687885284423828
-0.0303974151611328 0.0299148559570312 0.00155401229858398 -0.00684261322021484
-0.0508041381835938 0.00831222534179688 -0.00838088989257813 0.0166826248168945
-0.0558547973632812 -0.0128517150878906 -0.0434341430664063 0.0136489868164063
-0.0277500152587891 -0.0300521850585937 -0.0447959899902344 0.0213508605957031
-0.0363845825195313 -0.0154685974121094 -0.051666259765625 0.0297470092773438
-0.0352973937988281 0.00413894653320313 -0.0234489440917969 0.0366783142089844
-0.0223655700683594 0.0272979736328125 -0.00434684753417969 0.0264644622802734
0.000978469848632812 0.0315761566162109 0.00159883499145508 0.00711154937744141
0.0247364044189453 0.0255699157714844 -0.00445079803466797 0.00105953216552734
0.0326938629150391 0.0104942321777344 -0.0173578262329101 0.00690364837646485
0.029449462890625 0.00859451293945313 -0.0218353271484375 0.0122737884521484
0.0341377258300781 0.00882339477539063 -0.0257682800292969 0.0141925811767578
0.0323371887207031 0.0170021057128906 -0.0272216796875 0.00727462768554688
0.0190811157226562 0.0298042297363281 -0.0270290374755859 -0.00316238403320313
0.000125885009765626 0.0370559692382813 -0.0149631500244141 -0.01080322265625
-0.0317325592041016 0.0227108001708984 -0.00116157531738281 -0.00813579559326172
-0.0461502075195312 -0.00307846069335937 -0.0169029235839844 0.0161943435668945
-0.044036865234375 -0.0242156982421875 -0.0564231872558594 0.00626754760742188
-0.00157928466796875 -0.0323982238769531 -0.0480995178222656 0.0120353698730469
-0.0132904052734375 -0.0260581970214844 -0.0522575378417969 0.0226898193359375
-0.0202255249023437 -0.0115947723388672 -0.0236244201660156 0.0302181243896484
-0.0218448638916016 0.00756645202636718 -0.00594329833984375 0.0177040100097656
-0.008575439453125 0.018798828125 -0.00403022766113281 0.00154495239257813
0.0105876922607422 0.0216026306152344 -0.0148963928222656 -0.00146007537841797
0.0196075439453125 0.0130252838134766 -0.0272159576416016 0.00641822814941407
0.0187911987304688 0.00984573364257813 -0.0322742462158203 0.013214111328125
0.0228023529052734 0.00976943969726562 -0.0359458923339844 0.0130729675292969
0.0224132537841797 0.01507568359375 -0.0372695922851563 0.003082275390625
0.0118675231933594 0.0240440368652344 -0.0325584411621094 -0.00724029541015624
-0.00322723388671875 0.0289115905761719 -0.0181636810302734 -0.0153598785400391
-0.0280475616455078 0.0141754150390625 -0.00453567504882813 -0.00999927520751953
-0.03594970703125 -0.0124778747558594 -0.0248661041259766 0.0101375579833984
-0.027374267578125 -0.0315475463867188 -0.0628623962402344 -0.00591659545898438
-0.00368118286132813 0.0281829833984375 0.06195068359375 0.0049285888671875
0.0246944427490234 0.0139522552490234 0.0284957885742188 -0.000753402709960937
0.0165033340454102 -0.0109386444091797 0.0078878402709961 0.0125789642333984
0.00461292266845703 -0.0144557952880859 0.0242767333984375 0.0233078002929688
-0.00431156158447266 -0.0121850967407227 0.0410614013671875 0.0124664306640625
-0.0140304565429688 -0.0105409622192383 0.0462379455566406 -0.00626373291015625
-0.0103769302368164 -0.00657463073730469 0.0443267822265625 -0.0186805725097656
-0.00715255737304688 -0.00765895843505859 0.0364189147949219 -0.0168495178222656
-0.00804710388183594 -0.0132808685302734 0.0309677124023438 -0.0093231201171875
0.00450229644775391 -0.0142936706542969 0.0230121612548828 0.00156211853027344
0.0172090530395508 -0.00871181488037109 0.00706005096435547 -0.000719070434570313
0.0199623107910156 0.00658988952636719 0.00588512420654297 -0.0114107131958008
0.00876998901367187 0.0236530303955078 0.0260105133056641 -0.0267868041992188
-0.0047454833984375 0.0340347290039063 0.0477180480957031 -0.0218772888183594
-0.0225982666015625 0.0323715209960938 0.0429573059082031 -0.00188827514648437
-0.0273151397705078 0.0249977111816406 0.0592536926269531 0.0188407897949219
0.00365638732910156 0.0226249694824219 0.0274639129638672 0.00973892211914063
0.00552082061767578 0.0052342414855957 0.0093994140625 0.0201168060302734
0.00474262237548828 0.00250673294067383 0.0269241333007813 0.0297660827636719
0.00448942184448242 -0.00112199783325195 0.0443191528320313 0.01641845703125
0.00236034393310547 -0.00444459915161133 0.0494308471679688 -0.00547027587890625
0.00631332397460938 -0.00841665267944336 0.0464210510253906 -0.0171699523925781
0.00946426391601563 -0.00732135772705078 0.0365562438964844 -0.0143051147460938
0.00901317596435547 -0.0122127532958984 0.0310764312744141 -0.00522422790527344
0.0203590393066406 -0.00769615173339844 0.0217361450195313 0.00469017028808594
0.0259513854980469 0.00671005249023438 0.00404214859008789 0.00250959396362305
0.0185317993164062 0.0234260559082031 0.00179862976074219 -0.00863456726074219
-0.004302978515625 0.0357017517089844 0.0186405181884766 -0.0251483917236328
-0.0271034240722656 0.0376396179199219 0.0384445190429688 -0.0152740478515625
-0.0431365966796875 0.0301361083984375 0.0295009613037109 0.00579452514648438
-0.0485572814941406 0.018096923828125 0.0433731079101563 0.0288124084472656
-0.0230693817138672 0.0283946990966797 0.0157470703125 0.0223846435546875
-0.00872802734375 0.0208740234375 0.00788497924804687 0.0284271240234375
0.00433921813964844 0.0218524932861328 0.0278663635253906 0.036163330078125
0.0147943496704102 0.0136833190917969 0.0431404113769531 0.0182456970214844
0.0203227996826172 0.00113677978515625 0.049346923828125 -0.002410888671875
0.0239944458007812 -0.00841140747070313 0.0417404174804688 -0.0124549865722656
0.0235347747802734 -0.00674057006835938 0.0321331024169922 -0.010833740234375
0.0255870819091797 -0.00960731506347656 0.0245018005371094 -0.000867843627929688
0.0321102142333984 -0.000673294067382813 0.0162363052368164 0.00774097442626953
0.0312309265136719 0.0171108245849609 0.000434875488281252 0.0057072639465332
0.0194969177246094 0.0338134765625 -0.00293827056884765 -0.00554990768432617
-0.0132789611816406 0.0413360595703125 0.0103225708007813 -0.0206928253173828
-0.0406837463378906 0.0386886596679687 0.0247325897216797 -0.00761222839355468
-0.0583038330078125 0.025726318359375 0.0135641098022461 0.0122671127319336
-0.0637016296386719 0.00606918334960937 0.022735595703125 0.0372200012207031
-0.0445022583007813 0.0271110534667969 0.00137710571289063 0.0338668823242188
-0.0247211456298828 0.0325431823730469 0.00278472900390625 0.0371589660644531
0.000270843505859373 0.0387496948242188 0.0227203369140625 0.0410118103027344
0.0205650329589844 0.0286273956298828 0.0368156433105469 0.02154541015625
0.0340785980224609 0.00763702392578125 0.040008544921875 0.00028228759765625
0.035736083984375 -0.0065155029296875 0.0316867828369141 -0.00622367858886719
0.0336647033691406 -0.00469017028808594 0.0209522247314453 -0.00282096862792969
0.0376510620117188 -0.00519561767578125 0.0139036178588867 0.00471782684326172
0.0412559509277344 0.00510025024414062 0.00629997253417969 0.00894355773925781
0.0337181091308594 0.0253219604492187 -0.00683784484863281 0.00572061538696289
0.0183219909667969 0.0412864685058594 -0.00657987594604492 -0.00387382507324218
-0.0196762084960938 0.0427818298339844 0.00533580780029297 -0.0148544311523437
-0.0487403869628906 0.0349807739257813 0.0143833160400391 0.00240421295166016
-0.0656471252441406 0.0171318054199219 -0.00553512573242188 0.0179634094238281
-0.0668106079101563 -0.00638580322265626 -0.00261688232421875 0.0392265319824219
-0.0570144653320313 0.0203742980957031 -0.0200729370117188 0.0407257080078125
-0.0380439758300781 0.035369873046875 -0.007049560546875 0.0412673950195312
-0.00692367553710937 0.0494041442871094 0.0142402648925781 0.0417747497558594
0.021026611328125 0.0382804870605469 0.0244407653808594 0.0187492370605469
0.0424652099609375 0.0153427124023438 0.0265464782714844 0.00165557861328125
0.0429840087890625 -0.00150299072265625 0.0174140930175781 6.96182250976562E-05
0.0388984680175781 -0.00213241577148438 0.00583791732788086 0.00357866287231445
0.0450668334960938 -0.00218963623046875 0.00086307525634766 0.00975513458251953
0.0455169677734375 0.00898361206054688 -0.00435066223144531 0.00947761535644531
0.0329971313476563 0.0294666290283203 -0.0138864517211914 0.00598812103271485
0.0135917663574219 0.044464111328125 -0.00832605361938476 -0.00413894653320312
-0.0243148803710938 0.0410690307617188 0.00414466857910156 -0.0114517211914062
-0.0531349182128906 0.0260581970214844 0.00339603424072265 0.0128068923950195
-0.0662612915039062 0.00662612915039062 -0.0255928039550781 0.0206413269042969
-0.0553970336914062 -0.0196342468261719 -0.0269508361816406 0.0355033874511719
-0.0579071044921875 0.00477981567382814 -0.0376319885253906 0.0394859313964844
-0.0426368713378906 0.0245780944824219 -0.0160980224609375 0.0417556762695312
-0.0154380798339844 0.0467262268066406 0.00400543212890625 0.0353736877441406
0.0149726867675781 0.0392913818359375 0.012054443359375 0.0146522521972656
0.0401268005371094 0.0209808349609375 0.0107612609863281 0.00211429595947266
0.0437278747558594 0.00185012817382812 -0.00107574462890625 0.00514459609985352
0.0389480590820313 0.00162506103515625 -0.00787734985351562 0.0103912353515625
0.0436515808105469 0.00115203857421875 -0.0129613876342773 0.0131149291992188
0.0424957275390625 0.0122718811035156 -0.0169830322265625 0.00954437255859375
0.0289783477783203 0.0315513610839844 -0.0211162567138672 0.000389099121093749
0.0100250244140625 0.0438308715820313 -0.0119943618774414 -0.00722312927246094
-0.0282993316650391 0.0349712371826172 0.00133943557739258 -0.00847291946411133
-0.052520751953125 0.01605224609375 -0.00511741638183594 0.0164194107055664
-0.0593643188476562 -0.00487136840820312 -0.0419425964355469 0.01800537109375
-0.0326347351074219 -0.0272274017333984 -0.0430564880371094 0.0269889831542969
-0.041168212890625 -0.011474609375 -0.0492477416992187 0.0355339050292969
-0.036102294921875 0.00876998901367188 -0.020477294921875 0.0367584228515625
-0.0213699340820312 0.0325145721435547 -0.00224494934082031 0.0286579132080078
0.00539588928222656 0.0326633453369141 0.000840663909912109 0.00702810287475586
0.0290336608886719 0.0220375061035156 -0.00617790222167968 0.00127458572387696
0.0343284606933594 0.00615310668945313 -0.0161828994750976 0.00971221923828125
0.0316238403320313 0.00416183471679688 -0.0227413177490234 0.0153522491455078
0.0359077453613281 0.00528717041015625 -0.0265789031982422 0.0173263549804688
0.0358047485351562 0.0127143859863281 -0.0290985107421875 0.009124755859375
0.0228176116943359 0.0292110443115234 -0.0291309356689453 -0.003143310546875
0.00571823120117188 0.0398674011230469 -0.0164041519165039 -0.0109281539916992
-0.0292530059814453 0.0264053344726563 -0.00192737579345703 -0.00940799713134765
-0.0492172241210937 0.0041656494140625 -0.0147361755371094 0.0178298950195313
-0.0494842529296875 -0.0172386169433594 -0.0562171936035156 0.0106239318847656
-0.00792121887207031 -0.0327339172363281 -0.0494499206542969 0.0171585083007812
-0.0189914703369141 -0.0227756500244141 -0.0521163940429688 0.0277976989746094
-0.0236930847167969 -0.00830841064453125 -0.0218830108642578 0.0313129425048828
-0.0213069915771484 0.0128917694091797 -0.00647926330566406 0.0197620391845703
-0.00602340698242188 0.0210361480712891 -0.00588560104370117 0.00197505950927735
0.0143566131591797 0.0209636688232422 -0.017491340637207 0.000247955322265626
0.0224285125732422 0.00971794128417969 -0.0287132263183594 0.0103874206542969
0.0217666625976563 0.00675582885742188 -0.0317249298095703 0.0169582366943359
0.024505615234375 0.00665283203125 -0.0368423461914063 0.0171318054199219
0.0245113372802734 0.0112419128417969 -0.0387191772460938 0.00672149658203125
0.0164775848388672 0.0219478607177734 -0.0358123779296875 -0.00618362426757813
0.000682830810546874 0.0302219390869141 -0.0196285247802734 -0.0141010284423828
-0.0263919830322266 0.0185623168945313 -0.00511741638183594 -0.0102720260620117
-0.0384140014648438 -0.00624847412109375 -0.0229244232177734 0.0129299163818359
-0.0320377349853516 -0.0280723571777344 -0.0648651123046875 -0.000453948974609366
0.000499725341796873 0.0262355804443359 0.0628433227539063 -0.00118637084960937
0.024169921875 0.00998306274414063 0.0273666381835937 -0.00474739074707031
0.0136280059814453 -0.0115547180175781 0.00750160217285156 0.0126104354858398
0.00130081176757813 -0.0148677825927734 0.0255241394042969 0.0226078033447266
-0.00666904449462891 -0.0115041732788086 0.0418205261230469 0.00901031494140625
-0.015049934387207 -0.00683498382568359 0.0465927124023438 -0.0107002258300781
-0.0105075836181641 -0.00477409362792969 0.0418319702148438 -0.0237503051757813
-0.00761842727661133 -0.00563573837280273 0.0348281860351563 -0.021270751953125
-0.00979042053222656 -0.0109758377075195 0.0303115844726563 -0.0126609802246094
0.00103855133056641 -0.0149679183959961 0.0236568450927734 -0.00226593017578125
0.0149402618408203 -0.0102825164794922 0.00849485397338868 -0.00177860260009766
0.0185413360595703 0.00351333618164062 0.00636768341064453 -0.0120010375976563
0.0118350982666016 0.02197265625 0.0232639312744141 -0.02789306640625
-0.00045204162597656 0.0339202880859375 0.0464897155761719 -0.0256538391113281
-0.0171146392822266 0.033050537109375 0.0434150695800781 -0.00767135620117187
-0.0245094299316406 0.0272808074951172 0.0599136352539063 0.011474609375
0.0039520263671875 0.0218181610107422 0.0260772705078125 0.00602912902832031
0.00484991073608398 0.00477313995361328 0.00986480712890625 0.0197010040283203
0.00480031967163086 0.00243473052978516 0.0292911529541016 0.0280704498291016
0.00461483001708984 -0.00063323974609375 0.0449295043945313 0.0122451782226563
0.00243473052978516 -0.0043797492980957 0.0496788024902344 -0.00983810424804688
0.0054478645324707 -0.00842189788818359 0.044647216796875 -0.0225067138671875
0.00782060623168945 -0.00826025009155273 0.0355377197265625 -0.019622802734375
0.00870704650878906 -0.0115633010864258 0.0294914245605469 -0.010223388671875
0.0184440612792969 -0.00933456420898438 0.0229587554931641 0.000564575195312499
0.0253410339355469 0.00370025634765625 0.00644636154174805 0.00152111053466797
0.0212554931640625 0.0207347869873047 0.00318241119384766 -0.00837087631225586
-0.00084877014160156 0.034637451171875 0.0165233612060547 -0.0250186920166016
-0.0218124389648438 0.0402107238769531 0.0372810363769531 -0.0192642211914062
-0.0388450622558594 0.0338859558105469 0.0326213836669922 0.00132179260253906
-0.048004150390625 0.0217819213867187 0.0471458435058594 0.0236968994140625
-0.0208969116210937 0.0302410125732422 0.017791748046875 0.0190792083740234
-0.00805473327636719 0.022064208984375 0.00918006896972656 0.0278053283691406
0.00679588317871094 0.0223751068115234 0.0296516418457031 0.0335235595703125
0.0156650543212891 0.0126743316650391 0.0438919067382812 0.0154457092285156
0.0199966430664062 -0.00115585327148437 0.0478706359863281 -0.00751495361328125
0.0228080749511719 -0.0107345581054688 0.0408554077148438 -0.017242431640625
0.0233268737792969 -0.00856590270996094 0.0303840637207031 -0.0143184661865234
0.0257396697998047 -0.0117702484130859 0.0247077941894531 -0.00493049621582031
0.0325489044189453 -0.00388717651367187 0.0166969299316406 0.00408363342285156
0.0327911376953125 0.0144424438476562 0.00137710571289063 0.00350499153137207
0.0222988128662109 0.0325279235839844 -0.00126218795776367 -0.00589323043823242
-0.00962066650390625 0.0428237915039063 0.0101165771484375 -0.0210189819335937
-0.0375900268554688 0.0423622131347656 0.0262584686279297 -0.0100727081298828
-0.0544815063476563 0.0306053161621094 0.0168733596801758 0.0100288391113281
-0.0631027221679688 0.0121536254882812 0.0262565612792969 0.0336151123046875
-0.0429229736328125 0.0317192077636719 0.00323677062988281 0.032012939453125
-0.0223617553710938 0.0357551574707031 0.00422286987304688 0.0361442565917969
0.00409317016601563 0.0404548645019531 0.025390625 0.0381011962890625
0.0230045318603516 0.0263786315917969 0.0374794006347656 0.0176773071289063
0.0352897644042969 0.00518035888671875 0.0400238037109375 -0.00411605834960938
0.0361289978027344 -0.0102729797363281 0.0315494537353516 -0.00988578796386719
0.0341091156005859 -0.00846672058105469 0.02008056640625 -0.00670242309570313
0.0378379821777344 -0.0103683471679688 0.0137147903442383 0.00123786926269531
0.0423126220703125 0.000659942626953125 0.00772476196289063 0.00643825531005859
0.0367927551269531 0.0224494934082031 -0.00516843795776367 0.00384330749511719
0.0218963623046875 0.0393829345703125 -0.00535488128662109 -0.00461196899414062
-0.0157585144042969 0.0457305908203125 0.00561714172363281 -0.0162172317504883
-0.0463294982910156 0.0400962829589844 0.0153627395629883 0.000131607055664065
-0.0634040832519531 0.024444580078125 -0.00218009948730469 0.0167627334594727
-0.0674629211425781 -0.000755310058593745 0.00096893310546875 0.0380058288574219
-0.0568580627441406 0.0252685546875 -0.015716552734375 0.0403480529785156
-0.0356254577636719 0.0392303466796875 -0.003997802734375 0.0411109924316406
-0.00234603881835937 0.0503501892089844 0.0166358947753906 0.0385818481445313
0.0251808166503906 0.0360298156738281 0.0261974334716797 0.0167579650878906
0.0428543090820313 0.01129150390625 0.0256919860839844 -0.00102615356445312
0.0427474975585938 -0.00868606567382813 0.017033576965332 -0.00192451477050781
0.0404167175292969 -0.00600433349609375 0.00624418258666992 0.00223684310913086
0.0448951721191406 -0.00711822509765625 0.00142526626586914 0.00831365585327148
0.0464286804199219 0.00351715087890625 -0.00371932983398437 0.00851011276245117
0.0373344421386719 0.0264244079589844 -0.0130901336669922 0.0042715072631836
0.0195350646972656 0.0431022644042969 -0.00884532928466797 -0.00513267517089843
-0.0210533142089844 0.0438766479492188 0.0033111572265625 -0.0118465423583984
-0.0511894226074219 0.0327873229980469 0.00565052032470703 0.0111055374145508
-0.0653419494628906 0.0136528015136719 -0.0221023559570313 0.0206394195556641
-0.0573616027832031 -0.0132293701171875 -0.0229072570800781 0.0370559692382813
-0.057037353515625 0.0111122131347656 -0.0336875915527344 0.0419960021972656
-0.0413894653320313 0.0309677124023438 -0.0126838684082031 0.041290283203125
-0.0108833312988281 0.0491943359375 0.00661849975585938 0.0344638824462891
0.019378662109375 0.0388641357421875 0.0116252899169922 0.0140552520751953
0.0423545837402344 0.0164756774902344 0.00969314575195313 0.00132083892822266
0.0430488586425781 -0.00333786010742187 0.000317573547363284 0.00539064407348633
0.0393104553222656 -0.003204345703125 -0.00723934173583984 0.00994682312011719
0.04437255859375 -0.00444412231445313 -0.0125198364257812 0.0134248733520508
0.0446662902832031 0.00670242309570313 -0.0166110992431641 0.00955390930175781
0.0337867736816406 0.0280838012695313 -0.0208206176757812 0.00209426879882813
0.0149803161621094 0.0424728393554687 -0.0123634338378906 -0.00708866119384765
-0.0248794555664063 0.03900146484375 0.000667572021484374 -0.00955104827880859
-0.0517196655273437 0.0223960876464844 -0.00352001190185547 0.0165033340454102
-0.0613822937011719 0.00102615356445313 -0.0390434265136719 0.0200042724609375
-0.0370559692382813 -0.0236358642578125 -0.0406723022460938 0.031280517578125
-0.0439720153808594 -0.00553512573242188 -0.046112060546875 0.0388259887695313
-0.0371170043945313 0.0137176513671875 -0.0184555053710938 0.0383758544921875
-0.0155143737792969 0.035552978515625 -0.00158882141113281 0.0265407562255859
0.00952529907226563 0.0333652496337891 0.000965595245361328 0.00859737396240234
0.0321216583251953 0.0185928344726562 -0.00644874572753906 0.00237369537353516
0.035736083984375 0.0023345947265625 -0.0155763626098633 0.0106382369995117
0.0322399139404297 0.00026702880859375 -0.0205001831054687 0.0166397094726562
0.0372467041015625 -0.0001373291015625 -0.0250377655029297 0.0182075500488281
0.0378341674804687 0.00806808471679688 -0.028594970703125 0.0105247497558594
0.0276679992675781 0.0256404876708984 -0.0288887023925781 -0.000360488891601563
0.0101394653320313 0.0384254455566406 -0.0165081024169922 -0.0104665756225586
-0.0269985198974609 0.030792236328125 -0.00182437896728516 -0.00927448272705078
-0.0477561950683594 0.0101509094238281 -0.012847900390625 0.0184917449951172
-0.0510902404785156 -0.0118522644042969 -0.0540847778320313 0.0149917602539063
-0.0109214782714844 -0.0311069488525391 -0.0476531982421875 0.0230865478515625
-0.0223274230957031 -0.0205783843994141 -0.049102783203125 0.0326614379882813
-0.0255222320556641 -0.00559043884277344 -0.0192489624023438 0.0330257415771484
-0.0196132659912109 0.0154762268066406 -0.00600051879882813 0.0193023681640625
-0.00228691101074219 0.0213165283203125 -0.00709295272827149 0.00319576263427735
0.0175037384033203 0.0176296234130859 -0.0178604125976563 0.00313758850097656
0.0233039855957031 0.00616455078125 -0.0272789001464844 0.0139198303222656
0.0215339660644531 0.00329780578613281 -0.0299205780029297 0.0212497711181641
0.0258960723876953 0.00275993347167969 -0.0349159240722656 0.0204677581787109
0.0264167785644531 0.00788688659667969 -0.0389251708984375 0.00973892211914062
0.0190544128417969 0.0204486846923828 -0.0359306335449219 -0.00328826904296875
0.00540733337402343 0.0291957855224609 -0.0210189819335938 -0.0135288238525391
-0.0244979858398437 0.0214462280273438 -0.00564289093017578 -0.0106906890869141
-0.0386199951171875 -0.00222015380859374 -0.0214824676513672 0.0149478912353516
-0.0349445343017578 -0.0232124328613281 -0.0649185180664063 0.00504302978515626
0.00161552429199219 0.0249652862548828 0.0615386962890625 -0.00371170043945312
0.0233497619628906 0.00762557983398438 0.0251331329345703 -0.00662994384765625
0.0117292404174805 -0.0118618011474609 0.00732994079589844 0.0122919082641602
-8.2969665527345E-05 -0.0139389038085937 0.0261497497558594 0.0213203430175781
-0.00719165802001953 -0.011082649230957 0.0426521301269531 0.00716400146484375
-0.015049934387207 -0.00482177734375 0.0455245971679688 -0.0136604309082031
-0.00996685028076172 -0.00358295440673828 0.0399856567382812 -0.026153564453125
-0.00752449035644531 -0.00506162643432617 0.0321254730224609 -0.0238876342773437
-0.00948429107666016 -0.00920772552490234 0.0283470153808594 -0.0154972076416016
0.000165939331054686 -0.0138521194458008 0.0234107971191406 -0.00527000427246094
0.0135021209716797 -0.0111112594604492 0.00943565368652344 -0.00293159484863281
0.0178241729736328 0.00164222717285156 0.00719738006591797 -0.0126800537109375
0.0126132965087891 0.0195579528808594 0.0221538543701172 -0.0273571014404297
0.00194168090820313 0.0319004058837891 0.0443382263183594 -0.0277214050292969
-0.0134162902832031 0.0323009490966797 0.0437431335449219 -0.0110931396484375
-0.0225315093994141 0.0268630981445312 0.059295654296875 0.00785446166992188
0.00395011901855469 0.0209789276123047 0.0252799987792969 0.00367546081542969
0.00382375717163086 0.0050501823425293 0.009307861328125 0.0183944702148438
0.00411415100097656 0.00260758399963379 0.0296154022216797 0.0259304046630859
0.00446748733520508 -0.0007781982421875 0.0452499389648438 0.00927734375
0.00229001045227051 -0.00420045852661133 0.0485992431640625 -0.0128364562988281
0.00613260269165039 -0.00825262069702148 0.0421524047851563 -0.0249862670898438
0.00799274444580078 -0.00825119018554688 0.0331573486328125 -0.0224418640136719
0.00851249694824219 -0.011622428894043 0.0284500122070313 -0.0128173828125
0.0177421569824219 -0.00961875915527344 0.0230827331542969 -0.00295829772949219
0.0245151519775391 0.00220489501953125 0.00778245925903321 -0.000628948211669922
0.0211601257324219 0.0184345245361328 0.00437450408935547 -0.00880241394042969
0.000732421874999999 0.0331840515136719 0.0159854888916016 -0.024505615234375
-0.0189895629882813 0.03973388671875 0.0356063842773438 -0.0212440490722656
-0.0353889465332031 0.0348434448242188 0.0336761474609375 -0.00179672241210937
-0.0460357666015625 0.0240707397460937 0.0474014282226563 0.0200347900390625
-0.0190773010253906 0.0307865142822266 0.0182151794433594 0.0167064666748047
-0.00753593444824219 0.0232429504394531 0.00915908813476562 0.0270824432373047
0.00771713256835938 0.022308349609375 0.0303840637207031 0.0314788818359375
0.0168075561523438 0.0121965408325195 0.0435981750488281 0.0124664306640625
0.0205078125 -0.00140953063964844 0.0462532043457031 -0.0106163024902344
0.0219631195068359 -0.0118598937988281 0.0390052795410156 -0.019927978515625
0.0227565765380859 -0.0105133056640625 0.028167724609375 -0.01690673828125
0.0250263214111328 -0.01318359375 0.0231704711914062 -0.00799179077148438
0.032196044921875 -0.00559043884277344 0.0173797607421875 0.000491142272949218
0.0334129333496094 0.0124549865722656 0.00282812118530274 0.0017087459564209
0.0237808227539063 0.0307521820068359 -0.000141620635986327 -0.0063786506652832
-0.00759124755859375 0.042694091796875 0.00940132141113281 -0.0211849212646484
-0.0334854125976563 0.0439529418945312 0.0253715515136719 -0.0124416351318359
-0.0512237548828125 0.0332984924316406 0.0187034606933594 0.00729751586914063
-0.0623016357421875 0.0158195495605469 0.0283565521240234 0.0308589935302734
-0.0407295227050781 0.0337295532226563 0.00501441955566406 0.0294342041015625
-0.0207557678222656 0.0375633239746094 0.00465202331542969 0.0344734191894531
0.00695419311523437 0.0399131774902344 0.0262031555175781 0.0357933044433594
0.0251560211181641 0.0248126983642578 0.0369453430175781 0.014984130859375
0.0355720520019531 0.00289154052734375 0.0385093688964844 -0.00694656372070312
0.0348834991455078 -0.0126953125 0.0299263000488281 -0.0126075744628906
0.0339927673339844 -0.0107879638671875 0.0189590454101563 -0.00885963439941406
0.0372390747070313 -0.0130424499511719 0.0130167007446289 -0.00157928466796875
0.041900634765625 -0.00278472900390625 0.00804662704467774 0.00396966934204102
0.0382118225097656 0.0195045471191406 -0.0041208267211914 0.00260996818542481
0.02471923828125 0.0374794006347656 -0.00410890579223633 -0.00528860092163086
-0.0129470825195312 0.0464057922363281 0.00505733489990234 -0.0165634155273437
-0.0429649353027344 0.0429267883300781 0.0156717300415039 -0.00172042846679687
-0.0604743957519531 0.0280036926269531 0.00071144104003906 0.0147476196289063
-0.0673179626464844 0.00400924682617187 0.00265884399414062 0.0368766784667969
-0.0549201965332031 0.0285148620605469 -0.0128059387207031 0.038543701171875
-0.0332794189453125 0.0414276123046875 -0.00287628173828125 0.0395584106445313
0.00118637084960937 0.05078125 0.0175323486328125 0.0367584228515625
0.0272350311279297 0.0348072052001953 0.0251903533935547 0.0153026580810547
0.0437583923339844 0.00835418701171875 0.0248126983642578 -0.00258064270019531
0.0421066284179688 -0.0109519958496094 0.0156040191650391 -0.00335788726806641
0.03961181640625 -0.00921249389648438 0.00631761550903321 0.000957012176513671
0.0436782836914062 -0.0112838745117187 0.000639438629150393 0.00626277923583984
0.0462722778320312 0.000324249267578125 -0.00382471084594726 0.00719499588012695
0.0392494201660156 0.02392578125 -0.0121231079101562 0.00241661071777344
0.0227470397949219 0.0413551330566406 -0.00803089141845703 -0.0054473876953125
-0.0181312561035156 0.045684814453125 0.00310516357421875 -0.0128068923950195
-0.0483932495117187 0.0366172790527344 0.00702095031738281 0.00900363922119141
-0.0638198852539063 0.018218994140625 -0.0184707641601563 0.0198764801025391
-0.0589752197265625 -0.00931930541992189 -0.0201377868652344 0.0371780395507812
-0.0562744140625 0.0151710510253906 -0.0305404663085937 0.0417060852050781
-0.0396499633789063 0.0338401794433594 -0.0119171142578125 0.0399551391601563
-0.00643539428710937 0.0495491027832031 0.00724220275878906 0.0328731536865234
0.0223274230957031 0.0375785827636719 0.0116748809814453 0.0131473541259766
0.042999267578125 0.0128860473632813 0.00893306732177735 0.00100517272949219
0.0424880981445313 -0.00695419311523438 0.000306129455566409 0.00502395629882812
0.0386505126953125 -0.00677871704101563 -0.00689506530761719 0.00991535186767578
0.0435981750488281 -0.0082244873046875 -0.0118722915649414 0.0129728317260742
0.0448951721191406 0.00285720825195313 -0.016209602355957 0.00936317443847656
0.0358390808105469 0.0254249572753906 -0.0207538604736328 0.00151634216308594
0.0182914733886719 0.0406227111816406 -0.0123300552368164 -0.00741195678710937
-0.0223274230957031 0.0406303405761719 0.000514984130859374 -0.00997829437255859
-0.0495529174804688 0.026611328125 -0.00217437744140625 0.0155715942382813
-0.0598335266113281 0.00567245483398438 -0.0363235473632813 0.0197601318359375
-0.0388336181640625 -0.0203857421875 -0.0385780334472656 0.0323257446289063
-0.043914794921875 -0.0016326904296875 -0.0431251525878906 0.0394363403320313
-0.0364418029785156 0.017181396484375 -0.0170669555664062 0.0372428894042969
-0.0136833190917969 0.0365142822265625 -0.000986099243164062 0.0263576507568359
0.0127220153808594 0.0320777893066406 -0.000452995300292967 0.00864934921264649
0.0339145660400391 0.0151004791259766 -0.00724554061889648 0.00338888168334961
0.0353889465332031 -0.0019378662109375 -0.0146331787109375 0.0123262405395508
0.0324611663818359 -0.00305747985839844 -0.0192146301269531 0.0177555084228516
0.0366935729980469 -0.00438308715820313 -0.0238265991210937 0.0188045501708984
0.0383415222167969 0.00448226928710938 -0.0279941558837891 0.0112934112548828
0.0291175842285156 0.0233612060546875 -0.0290451049804687 0.000452041625976558
0.0133018493652344 0.0364837646484375 -0.0171260833740234 -0.00997352600097656
-0.0241527557373047 0.0326786041259766 -0.00200843811035156 -0.00988101959228516
-0.0468025207519531 0.0139350891113281 -0.0105361938476563 0.0185375213623047
-0.0510215759277344 -0.00777053833007812 -0.0515289306640625 0.0170631408691406
-0.0136966705322266 -0.0288333892822266 -0.0463943481445313 0.0253181457519531
-0.0237464904785156 -0.0175495147705078 -0.0465011596679688 0.0338554382324219
-0.025238037109375 -0.00277519226074218 -0.0178890228271484 0.0321712493896484
-0.0173263549804688 0.0172243118286133 -0.00620269775390625 0.0189895629882813
0.000349044799804689 0.0211753845214844 -0.00775575637817383 0.00416660308837891
0.0187568664550781 0.0146751403808594 -0.0176410675048828 0.00464630126953125
0.0227718353271484 0.0035858154296875 -0.0253658294677734 0.0159263610839844
0.0214500427246094 0.00107002258300781 -0.0282745361328125 0.0228691101074219
0.0252456665039063 9.5367431640625E-06 -0.0337715148925781 0.0224781036376953
0.0266304016113281 0.00553703308105469 -0.0377540588378906 0.01123046875
0.0204582214355469 0.0181465148925781 -0.0358200073242188 -0.00179672241210937
0.00789260864257813 0.0280895233154297 -0.0213146209716797 -0.0129566192626953
-0.0219459533691406 0.0222454071044922 -0.00607872009277344 -0.0109577178955078
-0.0377426147460938 0.00124740600585937 -0.0199337005615234 0.0154666900634766
-0.0353202819824219 -0.01971435546875 -0.0626716613769531 0.00817871093749998
0.00205230712890625 0.0237159729003906 0.0605659484863281 -0.00498199462890625
0.0222034454345703 0.00637626647949219 0.0240192413330078 -0.00722694396972656
0.0106391906738281 -0.0118703842163086 0.00692462921142578 0.0120296478271484
-0.000655174255371095 -0.013606071472168 0.0262088775634766 0.0207195281982422
-0.00797653198242188 -0.010289192199707 0.0430679321289063 0.00579833984375
-0.0146694183349609 -0.00369358062744141 0.0455703735351562 -0.0145683288574219
-0.00970077514648438 -0.00276088714599609 0.0390434265136719 -0.027740478515625
-0.00741004943847656 -0.0046229362487793 0.0314979553222656 -0.0254325866699219
-0.00950145721435547 -0.00776100158691406 0.0278167724609375 -0.0169467926025391
-0.000589370727539064 -0.0129117965698242 0.0237560272216797 -0.00723648071289063
0.0118913650512695 -0.0109415054321289 0.0107975006103516 -0.00426006317138672
0.0175495147705078 0.00103473663330078 0.00822734832763672 -0.012263298034668
0.0132961273193359 0.0183067321777344 0.0221214294433594 -0.0268211364746094
0.00348472595214844 0.0303249359130859 0.04339599609375 -0.0282402038574219
-0.0115375518798828 0.0311794281005859 0.0437850952148438 -0.0134162902832031
-0.0220451354980469 0.0269222259521484 0.0585098266601563 0.00638961791992188
0.00323104858398438 0.0200347900390625 0.0240936279296875 0.002471923828125
0.00344371795654297 0.00581216812133789 0.00905418395996094 0.0182399749755859
0.00432467460632324 0.00307321548461914 0.029998779296875 0.0254745483398438
0.00466632843017578 -0.000412464141845703 0.0449905395507812 0.00825119018554687
0.00262856483459473 -0.00336647033691406 0.048126220703125 -0.0145034790039062
0.00614356994628906 -0.0083918571472168 0.0408897399902344 -0.0267181396484375
0.00795936584472656 -0.00863742828369141 0.0316486358642578 -0.0238113403320313
0.008636474609375 -0.0114011764526367 0.0275382995605469 -0.01531982421875
0.0170822143554688 -0.00953388214111328 0.0226097106933594 -0.00487899780273438
0.0238094329833984 0.00165748596191406 0.00865888595581055 -0.00176382064819336
0.0212783813476563 0.0175647735595703 0.00557136535644531 -0.00946426391601563
0.00147438049316406 0.0327033996582031 0.0161972045898438 -0.0242576599121094
-0.0174789428710938 0.0391960144042969 0.0355339050292969 -0.0219078063964844
-0.0337924957275391 0.0343418121337891 0.0347709655761719 -0.00376701354980469
-0.0457344055175781 0.024810791015625 0.0474472045898438 0.0185661315917969
-0.0192546844482422 0.0312538146972656 0.0179824829101563 0.0150947570800781
-0.00767135620117187 0.0242252349853516 0.00880622863769531 0.0257606506347656
0.00796699523925781 0.02239990234375 0.0301856994628906 0.0309505462646484
0.0170249938964844 0.0118246078491211 0.0434341430664063 0.0118293762207031
0.0203876495361328 -0.00183296203613281 0.0455436706542969 -0.0119247436523438
0.0221843719482422 -0.0126018524169922 0.0375251770019531 -0.0219345092773437
0.0225315093994141 -0.01116943359375 0.0273075103759766 -0.0185508728027344
0.0246849060058594 -0.0138511657714844 0.0218448638916016 -0.00997161865234375
0.0315456390380859 -0.00680923461914063 0.0174827575683594 -0.00165653228759766
0.0335407257080078 0.0114021301269531 0.00353765487670899 -0.000360012054443359
0.0247993469238281 0.0294990539550781 0.00129270553588867 -0.00774765014648437
-0.00609970092773438 0.0428924560546875 0.00989341735839844 -0.0208892822265625
-0.0321998596191406 0.0447578430175781 0.0252437591552734 -0.0134983062744141
-0.0498161315917969 0.0340805053710938 0.0200424194335937 0.0049591064453125
-0.0618133544921875 0.0179290771484375 0.0285758972167969 0.0291728973388672
-0.0402259826660156 0.0354576110839844 0.005218505859375 0.0276851654052734
-0.0205497741699219 0.0384178161621094 0.00408554077148438 0.0335617065429688
0.00812911987304688 0.0402984619140625 0.0260581970214844 0.0349178314208984
0.0261459350585938 0.0241317749023438 0.036529541015625 0.0141410827636719
0.0355758666992188 0.00188827514648437 0.0369873046875 -0.0078277587890625
0.0346603393554688 -0.0139999389648438 0.0285682678222656 -0.0136337280273437
0.0339279174804688 -0.0122413635253906 0.0181198120117188 -0.00989913940429688
0.0370445251464844 -0.0144004821777344 0.0125246047973633 -0.00284290313720703
0.0420112609863281 -0.00441360473632813 0.00798940658569336 0.00185346603393555
0.0391044616699219 0.0182723999023438 -0.0030975341796875 0.000972986221313478
0.0259857177734375 0.036712646484375 -0.00306844711303711 -0.00622367858886718
-0.0117073059082031 0.0473136901855469 0.00533771514892578 -0.0167322158813477
-0.0415687561035156 0.0445442199707031 0.0159244537353516 -0.00303459167480469
-0.0592498779296875 0.0295639038085938 0.00252056121826171 0.0131664276123047
-0.06744384765625 0.00624847412109374 0.00409698486328124 0.0352401733398438
-0.054107666015625 0.0305824279785156 -0.0120201110839844 0.037078857421875
-0.0326805114746094 0.0433883666992187 -0.00354766845703125 0.038665771484375
0.00334548950195312 0.0510826110839844 0.017608642578125 0.0358734130859375
0.0290203094482422 0.0335903167724609 0.0244770050048828 0.0149269104003906
0.0441360473632813 0.00638580322265625 0.0236320495605469 -0.00307655334472656
0.0418624877929688 -0.0126190185546875 0.0153045654296875 -0.00433444976806641
0.0390281677246094 -0.0115623474121094 0.00603389739990235 0.000426769256591796
0.0435714721679688 -0.0133857727050781 0.000427246093750002 0.00534677505493164
0.0463447570800781 -0.00185775756835937 -0.00381708145141601 0.00584888458251953
0.0402145385742188 0.02203369140625 -0.0121889114379883 0.00160121917724609
0.0246391296386719 0.0403289794921875 -0.0075225830078125 -0.00674962997436523
-0.0162887573242187 0.0468406677246094 0.00292205810546875 -0.0128412246704102
-0.0470848083496094 0.0388526916503906 0.00759029388427734 0.00758600234985352
-0.0627365112304688 0.0203437805175781 -0.0168056488037109 0.0185546875
-0.0594940185546875 -0.00698089599609374 -0.0190773010253906 0.0369758605957031
-0.0557289123535156 0.01751708984375 -0.0296363830566406 0.0406913757324219
-0.0391311645507813 0.0356826782226563 -0.0118217468261719 0.0388259887695313
-0.00431442260742188 0.0498886108398438 0.00694465637207031 0.0323200225830078
0.0237007141113281 0.0366134643554688 0.0109281539916992 0.0133237838745117
0.0435523986816406 0.0107345581054688 0.00784063339233399 0.00117349624633789
0.0419273376464844 -0.00916671752929688 0.000343322753906252 0.00502347946166992
0.03857421875 -0.0087127685546875 -0.00663185119628906 0.00966072082519531
0.0430831909179688 -0.0106201171875 -0.0119552612304687 0.0123081207275391
0.0451126098632812 0.000522613525390625 -0.0161285400390625 0.00858592987060547
0.0375442504882813 0.0230216979980469 -0.0205135345458984 0.000888824462890626
0.0202522277832031 0.0397109985351563 -0.0115900039672852 -0.0079813003540039
-0.0205764770507812 0.0418472290039063 0.000810623168945312 -0.0108022689819336
-0.0486793518066406 0.0290908813476563 -0.0010824203491211 0.0145273208618164
-0.0591659545898438 0.00789260864257812 -0.0341262817382813 0.0194683074951172
-0.0402183532714844 -0.0186538696289063 -0.0374832153320312 0.0329322814941406
-0.0434951782226563 0.000923156738281242 -0.041656494140625 0.0392265319824219
-0.0358238220214844 0.0191764831542969 -0.0169715881347656 0.0361137390136719
-0.0113372802734375 0.0374717712402344 -0.00157737731933594 0.0262088775634766
0.0139446258544922 0.0317516326904297 -0.00100326538085937 0.00880908966064453
0.0341567993164062 0.0133152008056641 -0.00713491439819336 0.00380992889404297
0.0349273681640625 -0.00384330749511719 -0.0143680572509766 0.0125446319580078
0.0323944091796875 -0.00483512878417969 -0.0180740356445313 0.0180873870849609
0.0366096496582031 -0.00632476806640625 -0.0236663818359375 0.0194568634033203
0.0382270812988281 0.00244140625 -0.0282211303710937 0.0110759735107422
0.030548095703125 0.0217514038085937 -0.0292110443115234 -4.57763671874934E-05
0.0149497985839844 0.0356559753417969 -0.0167484283447266 -0.0105352401733398
-0.0224151611328125 0.033538818359375 -0.00201034545898438 -0.0104227066040039
-0.0457649230957031 0.0163803100585938 -0.00941276550292969 0.0180034637451172
-0.0503807067871094 -0.00494766235351563 -0.0504150390625 0.0168609619140625
-0.0150356292724609 -0.0278224945068359 -0.0457534790039063 0.0261077880859375
-0.0243053436279297 -0.0159168243408203 -0.0455207824707031 0.0341224670410156
-0.0253620147705078 -0.000829696655273436 -0.0183067321777344 0.0315933227539063
-0.0159244537353516 0.0178451538085938 -0.00649452209472656 0.0186347961425781
0.0018310546875 0.0210723876953125 -0.00874519348144531 0.00482368469238281
0.0192947387695312 0.0133342742919922 -0.0177478790283203 0.00570297241210937
0.0226039886474609 0.00174522399902344 -0.0240631103515625 0.0175132751464844
0.0213279724121094 -0.00040435791015625 -0.0269603729248047 0.0238037109375
0.0249881744384766 -0.0017242431640625 -0.0326614379882813 0.0236454010009766
0.0264091491699219 0.003662109375 -0.0374755859375 0.0119361877441406
0.0209884643554687 0.0167179107666016 -0.0356521606445312 -0.00171661376953125
0.009002685546875 0.0269699096679688 -0.0212821960449219 -0.0129985809326172
-0.0209083557128906 0.0228137969970703 -0.00596332550048828 -0.0111904144287109
-0.0374755859375 0.00372314453125 -0.0185985565185547 0.0156040191650391
-0.0352592468261719 -0.01751708984375 -0.0616722106933594 0.00845718383789061
0.00264549255371094 0.0236091613769531 0.0615653991699219 -0.00513458251953125
0.0218963623046875 0.0057220458984375 0.0238780975341797 -0.00793838500976563
0.0103206634521484 -0.0116844177246094 0.00636005401611328 0.0127553939819336
-0.00130653381347656 -0.0137567520141602 0.0267620086669922 0.0215358734130859
-0.00810527801513672 -0.00977039337158203 0.043670654296875 0.0054931640625
-0.0141458511352539 -0.002838134765625 0.0465850830078125 -0.0160484313964844
-0.00940513610839844 -0.00274372100830078 0.0391845703125 -0.0293159484863281
-0.00714111328125 -0.00436162948608399 0.0311813354492188 -0.0271568298339844
-0.00929355621337891 -0.00736808776855469 0.0274105072021484 -0.0190467834472656
-0.000949859619140625 -0.012578010559082 0.0241317749023438 -0.00947952270507813
0.0109176635742188 -0.0114955902099609 0.0121889114379883 -0.00610256195068359
0.0171566009521484 0.00043487548828125 0.00949859619140625 -0.0127830505371094
0.0137176513671875 0.0177803039550781 0.0231170654296875 -0.0271778106689453
0.00390052795410156 0.0301036834716797 0.0440292358398437 -0.0291709899902344
-0.0104942321777344 0.0311660766601563 0.0458412170410156 -0.014739990234375
-0.0224952697753906 0.0272312164306641 0.0596160888671875 0.00600814819335938
0.00336074829101562 0.0206680297851563 0.0239334106445313 0.001678466796875
0.00280189514160156 0.0062565803527832 0.00918197631835938 0.0186672210693359
0.00439929962158203 0.00386285781860352 0.0301761627197266 0.0259761810302734
0.0045924186706543 0.000335216522216797 0.0467185974121094 0.00810623168945313
0.00348567962646484 -0.00279593467712402 0.049072265625 -0.0153045654296875
0.00698471069335937 -0.00847911834716797 0.0409965515136719 -0.0284614562988281
0.00873374938964844 -0.00910758972167969 0.0316581726074219 -0.025665283203125
0.00854682922363281 -0.0117206573486328 0.027130126953125 -0.0169162750244141
0.0172147750854492 -0.010096549987793 0.0238094329833984 -0.00696563720703125
0.0237922668457031 0.00143241882324219 0.0102434158325195 -0.00341796875
0.0210952758789063 0.0171680450439453 0.00650691986083984 -0.0103292465209961
0.00175857543945313 0.03302001953125 0.0169811248779297 -0.0244159698486328
-0.0171928405761719 0.0398330688476563 0.0362777709960938 -0.0230789184570312
-0.0333633422851563 0.0347061157226562 0.0365791320800781 -0.00580978393554687
-0.0462112426757813 0.0259475708007813 0.048492431640625 0.0182113647460937
-0.0195980072021484 0.0324001312255859 0.0173501968383789 0.014286994934082
-0.00806236267089843 0.0254020690917969 0.00807571411132812 0.0263690948486328
0.00905227661132812 0.0230560302734375 0.0308723449707031 0.0315055847167969
0.0182552337646484 0.0123500823974609 0.0442771911621094 0.0110702514648438
0.0215225219726563 -0.00164794921875 0.045867919921875 -0.0127410888671875
0.0228061676025391 -0.0134029388427734 0.0376129150390625 -0.0230026245117188
0.0233135223388672 -0.0124607086181641 0.0268573760986328 -0.0199222564697266
0.0257034301757813 -0.0149879455566406 0.0216598510742188 -0.0118751525878906
0.0323638916015625 -0.00723457336425781 0.0180416107177734 -0.00361251831054688
0.0346927642822266 0.0108909606933594 0.00451040267944336 -0.00207805633544922
0.0252971649169922 0.0301132202148438 0.00231790542602539 -0.0083017349243164
-0.00608062744140625 0.0440483093261719 0.0103836059570312 -0.0213718414306641
-0.0326156616210938 0.0460586547851563 0.0262622833251953 -0.0146141052246094
-0.0501976013183594 0.0351142883300781 0.0221977233886719 0.00371551513671875
-0.0634193420410156 0.0195999145507812 0.0296001434326172 0.0288944244384766
-0.0408134460449219 0.0368385314941406 0.0044403076171875 0.0267066955566406
-0.021087646484375 0.0405769348144531 0.00324058532714843 0.0336704254150391
0.009552001953125 0.0411643981933594 0.0264205932617188 0.0352516174316406
0.0277996063232422 0.0249099731445313 0.0370025634765625 0.0139732360839844
0.036651611328125 0.00122833251953125 0.0374946594238281 -0.00814056396484375
0.0356712341308594 -0.015472412109375 0.0288581848144531 -0.0149593353271484
0.0345687866210937 -0.0143241882324219 0.0179176330566406 -0.0113143920898438
0.0380439758300781 -0.0161170959472656 0.0121994018554688 -0.00417900085449219
0.0431327819824219 -0.00563430786132813 0.00810766220092774 0.000119686126708984
0.0406723022460938 0.0174560546875 -0.0033266544342041 -3.45706939697253E-05
0.0278129577636719 0.0372467041015625 -0.00233173370361328 -0.00731801986694336
-0.0113487243652344 0.0492591857910156 0.00625038146972656 -0.0173635482788086
-0.0419654846191406 0.04681396484375 0.0167675018310547 -0.00420665740966797
-0.0598564147949219 0.0308952331542969 0.00385856628417968 0.0117740631103516
-0.0691566467285156 0.00823593139648438 0.00436019897460937 0.0353584289550781
-0.0552139282226563 0.0326042175292969 -0.0124588012695313 0.0365447998046875
-0.0335731506347656 0.0460968017578125 -0.00451660156250001 0.0388832092285156
0.0045013427734375 0.0525588989257813 0.0174636840820313 0.0361061096191406
0.0309791564941406 0.0341911315917969 0.0247154235839844 0.0149135589599609
0.0456008911132813 0.00555038452148438 0.0236225128173828 -0.00300025939941406
0.0429458618164063 -0.014068603515625 0.0154514312744141 -0.00484085083007813
0.0401153564453125 -0.0132980346679688 0.00633621215820313 -0.000342845916748048
0.0442276000976563 -0.0154647827148438 -0.0001225471496582 0.00445842742919922
0.0475234985351563 -0.00327682495117188 -0.00398159027099609 0.00472831726074219
0.0424308776855469 0.0215225219726563 -0.0120553970336914 0.00032901763916016
0.0266151428222656 0.0409507751464844 -0.00716066360473633 -0.00788497924804687
-0.0160369873046875 0.0484580993652344 0.00326251983642578 -0.0140953063964844
-0.0474815368652344 0.0417022705078125 0.0081639289855957 0.00658321380615235
-0.0631904602050781 0.0220375061035156 -0.0159063339233398 0.0175065994262695
-0.06170654296875 -0.00537490844726563 -0.0191383361816406 0.0372962951660156
-0.0571098327636719 0.019012451171875 -0.0295448303222656 0.0407562255859375
-0.0395698547363281 0.0381507873535156 -0.0124244689941406 0.0391273498535156
-0.0032806396484375 0.0512809753417969 0.00679969787597657 0.0328750610351563
0.0259666442871094 0.0373687744140625 0.0106201171875 0.0137195587158203
0.045196533203125 0.0100784301757813 0.00763940811157227 0.00171375274658203
0.0431060791015625 -0.0107040405273438 0.000123977661132815 0.00465726852416992
0.0393638610839844 -0.0103988647460938 -0.00666522979736328 0.0098886489868164
0.0440101623535156 -0.0125274658203125 -0.0128707885742187 0.0125045776367188
0.0463371276855469 -0.00145721435546875 -0.0168933868408203 0.00820350646972656
0.0392799377441406 0.0226669311523437 -0.0214595794677734 0.000501632690429688
0.0222282409667969 0.0400390625 -0.0122194290161133 -0.00857830047607422
-0.0204315185546875 0.0436859130859375 0.000876426696777342 -0.0114068984985352
-0.0493698120117188 0.0315895080566406 -0.00053977966308594 0.0138254165649414
-0.0600547790527344 0.0100746154785156 -0.0340518951416016 0.01934814453125
-0.0424461364746094 -0.0173149108886719 -0.0381050109863281 0.0335273742675781
-0.0449104309082031 0.00236511230468749 -0.0420188903808594 0.0394020080566406
-0.0367774963378906 0.0214195251464844 -0.0175971984863281 0.0363693237304687
-0.0104598999023438 0.0388984680175781 -0.00173187255859375 0.0264148712158203
0.0156631469726562 0.0318088531494141 -0.00150489807128906 0.00949478149414063
0.0356521606445313 0.0118370056152344 -0.00795459747314453 0.00475358963012696
0.0356330871582031 -0.00548553466796875 -0.0138368606567383 0.0131034851074219
0.0327301025390625 -0.00655937194824219 -0.0179328918457031 0.0190029144287109
0.0371246337890625 -0.008331298828125 -0.0240993499755859 0.0197353363037109
0.038848876953125 0.00074005126953125 -0.0289974212646484 0.0113563537597656
0.0327644348144531 0.020904541015625 -0.0302276611328125 -0.000354766845703119
0.0170097351074219 0.0354385375976563 -0.0169563293457031 -0.0114727020263672
-0.0221576690673828 0.0350189208984375 -0.0016012191772461 -0.0108919143676758
-0.0458564758300781 0.0184860229492188 -0.00910377502441407 0.0177726745605469
-0.0508041381835937 -0.00387191772460936 -0.0506324768066406 0.0163421630859375
-0.0162200927734375 -0.0275096893310547 -0.0469169616699219 0.0269889831542969
-0.0251884460449219 -0.0147666931152344 -0.0460891723632813 0.034881591796875
-0.0260772705078125 0.00058937072753906 -0.0184497833251953 0.0314502716064453
-0.0148506164550781 0.0191440582275391 -0.0074920654296875 0.0192298889160156
0.00340461730957031 0.0210838317871094 -0.00937557220458984 0.00561618804931641
0.0201015472412109 0.0116138458251953 -0.0187797546386719 0.00666618347167969
0.0233116149902344 0.000637054443359375 -0.0241737365722656 0.0183963775634766
0.0218448638916016 -0.00142478942871094 -0.0266380310058594 0.0245037078857422
0.0251846313476563 -0.00341415405273438 -0.033355712890625 0.0245571136474609
0.0273113250732422 0.00226020812988281 -0.0383644104003906 0.0122642517089844
0.0222320556640625 0.0159740447998047 -0.0371856689453125 -0.00159835815429687
0.00993919372558594 0.0271415710449219 -0.0221271514892578 -0.0139713287353516
-0.0202980041503906 0.0237197875976563 -0.00569343566894532 -0.0120258331298828
-0.0372848510742188 0.00506591796874999 -0.0181598663330078 0.0157451629638672
-0.0356025695800781 -0.0164947509765625 -0.0622520446777344 0.00861740112304686
0.00330352783203125 0.0238265991210938 0.0643882751464844 -0.00613784790039062
0.0220317840576172 0.00540542602539062 0.0241107940673828 -0.00856781005859375
0.0105915069580078 -0.0123720169067383 0.00697994232177734 0.0130681991577148
-0.00175380706787109 -0.0135431289672852 0.0284156799316406 0.0220794677734375
-0.00914573669433594 -0.00949287414550781 0.0463409423828125 0.00442886352539062
-0.0145359039306641 -0.00183963775634766 0.0488471984863281 -0.0186805725097656
-0.00946998596191406 -0.00221729278564453 0.0401077270507813 -0.0322914123535156
-0.00744342803955078 -0.00401115417480469 0.0312957763671875 -0.0298576354980469
-0.00950717926025391 -0.00670909881591797 0.0283222198486328 -0.0215339660644531
-0.00161457061767578 -0.0126142501831055 0.0251312255859375 -0.0119609832763672
0.0108089447021484 -0.0120143890380859 0.0135688781738281 -0.007232666015625
0.0174312591552734 -0.000438690185546875 0.011103630065918 -0.0140485763549805
0.0147972106933594 0.0176372528076172 0.0242786407470703 -0.0281524658203125
0.0048675537109375 0.0304965972900391 0.0461463928222656 -0.0313301086425781
-0.0100555419921875 0.0322208404541016 0.0488471984863281 -0.0174369812011719
-0.0229148864746094 0.0288867950439453 0.0623092651367187 0.0051727294921875
0.00299263000488282 0.0216274261474609 0.0239620208740234 0.0010986328125
0.00314044952392578 0.00727558135986328 0.00867652893066406 0.0194664001464844
0.00490665435791016 0.00422763824462891 0.0318622589111328 0.0267047882080078
0.00552701950073242 5.00679016113281E-05 0.0481605529785156 0.00694656372070313
0.00401115417480469 -0.0025937557220459 0.0508804321289063 -0.0177268981933594
0.00740337371826172 -0.00907611846923828 0.0418853759765625 -0.0314750671386719
0.00881767272949219 -0.00980091094970703 0.03173828125 -0.0283184051513672
0.00917434692382812 -0.0120391845703125 0.0271816253662109 -0.0194263458251953
0.0175819396972656 -0.0102252960205078 0.0245990753173828 -0.00947952270507813
0.0245838165283203 0.000692367553710938 0.0109682083129883 -0.00508594512939453
0.0226230621337891 0.0174369812011719 0.00816440582275391 -0.0112762451171875
0.002777099609375 0.0345535278320313 0.0177726745605469 -0.0252914428710937
-0.0167007446289062 0.041229248046875 0.0374412536621094 -0.02520751953125
-0.0338668823242188 0.0362777709960937 0.0396614074707031 -0.00808334350585937
-0.04803466796875 0.0287399291992188 0.050689697265625 0.0177536010742188
-0.0201683044433594 0.0343151092529297 0.0183448791503906 0.0140171051025391
-0.00780105590820312 0.0280075073242188 0.00812530517578125 0.0269222259521484
0.00998306274414062 0.0247116088867188 0.0326194763183594 0.0316677093505859
0.0195484161376953 0.0127410888671875 0.0461273193359375 0.0103683471679688
0.0224781036376953 -0.00203704833984375 0.0477294921875 -0.0147132873535156
0.0237503051757813 -0.0146999359130859 0.0383720397949219 -0.0260581970214844
0.0244712829589844 -0.0145168304443359 0.0268421173095703 -0.0222606658935547
0.0267524719238281 -0.0161037445068359 0.0217304229736328 -0.0137825012207031
0.0341129302978516 -0.00878524780273438 0.0183315277099609 -0.0063018798828125
0.0364608764648438 0.0104331970214844 0.00529909133911133 -0.0035710334777832
0.0277462005615234 0.0303993225097656 0.00355243682861328 -0.00981330871582031
-0.00518798828125001 0.0461959838867188 0.0114917755126953 -0.0222263336181641
-0.0326156616210938 0.0491600036621094 0.0274696350097656 -0.016448974609375
-0.0512733459472656 0.0376625061035156 0.0244083404541016 0.00180435180664063
-0.0660209655761719 0.0227470397949219 0.0311393737792969 0.0290641784667969
-0.0421104431152344 0.0401763916015625 0.0051727294921875 0.0267162322998047
-0.0212669372558594 0.0444869995117188 0.0032501220703125 0.0345878601074219
0.0115318298339844 0.0431785583496094 0.0274543762207031 0.0360450744628906
0.0302658081054688 0.0247592926025391 0.038421630859375 0.0142364501953125
0.0386123657226563 2.6702880859375E-05 0.03839111328125 -0.00942230224609375
0.0369720458984375 -0.0178184509277344 0.0292034149169922 -0.0172576904296875
0.0358161926269531 -0.0167160034179688 0.0178470611572266 -0.0128154754638672
0.0394020080566406 -0.0188064575195313 0.0116548538208008 -0.00549030303955078
0.0452003479003906 -0.0076751708984375 0.00810003280639649 -0.00170326232910156
0.0435447692871094 0.0168037414550781 -0.00315022468566894 -0.00203943252563476
0.0306968688964844 0.0380706787109375 -0.00177240371704101 -0.00851297378540039
-0.0104179382324219 0.052276611328125 0.00615119934082031 -0.0183734893798828
-0.042144775390625 0.0510482788085937 0.0174360275268555 -0.00576686859130859
-0.0618896484375 0.0341682434082031 0.00547122955322265 0.0105810165405273
-0.0729141235351563 0.0114898681640625 0.00575637817382812 0.03680419921875
-0.0569305419921875 0.0362358093261719 -0.012725830078125 0.037353515625
-0.0335426330566406 0.0502471923828125 -0.00457763671875001 0.0400390625
0.007049560546875 0.0551528930664062 0.0186080932617188 0.037353515625
0.0340461730957031 0.0347442626953125 0.0254878997802734 0.0158405303955078
0.0480766296386719 0.00450515747070312 0.0239067077636719 -0.00307083129882812
0.0441474914550781 -0.0172805786132813 0.0156106948852539 -0.00579261779785156
0.0417900085449219 -0.0162887573242188 0.00586318969726563 -0.00109481811523438
0.0465354919433594 -0.0181007385253906 -0.000811338424682614 0.00392365455627441
0.0503273010253906 -0.0059814453125 -0.00433707237243652 0.00373458862304687
0.045867919921875 0.020660400390625 -0.0125360488891602 -0.000360488891601561
0.0297317504882813 0.0417594909667969 -0.00745201110839844 -0.00862503051757812
-0.0151824951171875 0.052581787109375 0.00296401977539062 -0.0149021148681641
-0.0485343933105469 0.0459022521972656 0.00914478302001953 0.00610637664794922
-0.0654373168945313 0.0249366760253906 -0.0151510238647461 0.0171403884887695
-0.0649948120117188 -0.00272750854492187 -0.0193939208984375 0.0387763977050781
-0.0590057373046875 0.0224380493164062 -0.030548095703125 0.0420761108398438
-0.0405654907226562 0.0425338745117188 -0.012939453125 0.0402946472167969
-0.001434326171875 0.0546226501464844 0.00699043273925781 0.0338096618652344
0.0289306640625 0.0377120971679687 0.0109348297119141 0.014887809753418
0.0474510192871094 0.00851058959960938 0.0071249008178711 0.00199222564697266
0.0446243286132813 -0.0135459899902344 0.000406742095947268 0.0052947998046875
0.0410499572753906 -0.0134544372558594 -0.00665855407714843 0.00999546051025391
0.0457000732421875 -0.0156326293945313 -0.0136070251464844 0.0132207870483398
0.04827880859375 -0.00379180908203125 -0.0180168151855469 0.00853538513183594
0.0422897338867188 0.0220603942871094 -0.0224666595458984 0.000288009643554691
0.0249595642089844 0.0412178039550781 -0.0125980377197266 -0.00982189178466797
-0.0195541381835938 0.0470695495605469 0.00066852569580078 -0.0122299194335937
-0.0505447387695313 0.0353889465332031 -4.38690185546902E-05 0.0139322280883789
-0.0623855590820313 0.0127601623535156 -0.0342845916748047 0.0196380615234375
-0.0448417663574219 -0.0163078308105469 -0.0393028259277344 0.0357093811035156
-0.0470008850097656 0.00444793701171876 -0.042938232421875 0.0409660339355469
-0.0376205444335938 0.0243453979492188 -0.0182876586914063 0.037353515625
-0.00905227661132813 0.0410079956054687 -0.00246429443359375 0.0273113250732422
0.0185165405273438 0.0328006744384766 -0.0017099380493164 0.0110902786254883
0.0376319885253906 0.0111961364746094 -0.00863552093505859 0.00615882873535156
0.0371932983398438 -0.00748443603515625 -0.0135593414306641 0.0145349502563477
0.0342979431152344 -0.00883293151855469 -0.0180950164794922 0.02001953125
0.0385398864746094 -0.0105438232421875 -0.0249290466308594 0.0214595794677734
0.0407257080078125 -0.00141143798828125 -0.0302505493164062 0.0123748779296875
0.0349578857421875 0.0204124450683594 -0.0316982269287109 -0.000123977661132805
0.0190277099609375 0.0363616943359375 -0.0182781219482422 -0.0118446350097656
-0.0219612121582031 0.0376319885253906 -0.00265312194824219 -0.0119400024414062
-0.04705810546875 0.0216751098632812 -0.00864982604980469 0.017974853515625
-0.0528717041015625 -0.00191116333007813 -0.0520095825195313 0.017333984375
-0.0182514190673828 -0.0273818969726563 -0.0489616394042969 0.029693603515625
-0.0273475646972656 -0.0140113830566406 -0.0475120544433594 0.0367698669433594
-0.0276260375976563 0.00228691101074218 -0.0190906524658203 0.0320301055908203
-0.014373779296875 0.0208835601806641 -0.00797462463378906 0.0203151702880859
0.00502777099609375 0.0216999053955078 -0.0103511810302734 0.00756263732910156
0.0217914581298828 0.0112991333007813 -0.0192050933837891 0.00896644592285156
0.0237026214599609 -0.00101089477539063 -0.0240478515625 0.0204792022705078
0.0224227905273437 -0.0030364990234375 -0.0267925262451172 0.0269050598144531
0.0263175964355469 -0.00488471984863281 -0.034271240234375 0.0269107818603516
0.0282230377197266 0.0004119873046875 -0.0403518676757813 0.0140953063964844
0.0242938995361328 0.0157070159912109 -0.0393028259277344 -0.000728607177734376
0.0120353698730469 0.0274696350097656 -0.0232505798339844 -0.0144023895263672
-0.020294189453125 0.0254306793212891 -0.00632095336914063 -0.0123996734619141
-0.0380401611328125 0.00721359252929687 -0.0176658630371094 0.0167961120605469
-0.0366401672363281 -0.0157546997070313 -0.0644149780273438 0.00990295410156251
0.00470924377441406 0.0241298675537109 0.0668830871582031 -0.00928115844726562
0.0226516723632813 0.004791259765625 0.0241279602050781 -0.00986862182617188
0.0101804733276367 -0.0132045745849609 0.00751590728759766 0.0142135620117188
-0.00255393981933594 -0.0139942169189453 0.0309028625488281 0.0219612121582031
-0.0101757049560547 -0.00923633575439453 0.0485649108886719 0.00215530395507812
-0.014918327331543 -0.000676155090332034 0.0501136779785156 -0.0227203369140625
-0.00985908508300781 -0.00132369995117187 0.0402412414550781 -0.0365791320800781
-0.00759124755859375 -0.00377750396728516 0.0310001373291016 -0.0334320068359375
-0.00964832305908203 -0.00604343414306641 0.0277862548828125 -0.0249462127685547
-0.00246906280517578 -0.0123271942138672 0.0254592895507813 -0.0147228240966797
0.00989818572998047 -0.0128917694091797 0.0144929885864258 -0.00925827026367188
0.0178318023681641 -0.001800537109375 0.0124130249023438 -0.0155315399169922
0.0162191390991211 0.0174684524536133 0.0248165130615234 -0.0300350189208984
0.00672531127929687 0.0310192108154297 0.047119140625 -0.0347328186035156
-0.00841140747070313 0.0330429077148438 0.0513076782226563 -0.0214729309082031
-0.0229148864746094 0.0311050415039063 0.0655670166015625 0.00287628173828125
0.00368118286132812 0.0225772857666016 0.0246696472167969 -0.000228881835937499
0.00336313247680664 0.0081181526184082 0.0095672607421875 0.0199947357177734
0.0054168701171875 0.00468826293945313 0.0348453521728516 0.0266494750976563
0.00576162338256836 0.000652313232421875 0.0506782531738281 0.00510406494140625
0.00479030609130859 -0.00272083282470703 0.0522384643554688 -0.0221595764160156
0.00728702545166016 -0.00999832153320312 0.0419883728027344 -0.0357704162597656
0.00907325744628906 -0.0108613967895508 0.0306606292724609 -0.0321445465087891
0.00956535339355469 -0.0131816864013672 0.0271453857421875 -0.0226383209228516
0.0180931091308594 -0.011505126953125 0.0251541137695313 -0.0130329132080078
0.0254917144775391 -0.000520706176757813 0.0119209289550781 -0.0070037841796875
0.0241966247558594 0.0173358917236328 0.00942611694335938 -0.0125331878662109
0.00432586669921875 0.0360221862792969 0.0182151794433594 -0.0267276763916016
-0.0156211853027344 0.0442161560058594 0.038604736328125 -0.0284233093261719
-0.0329399108886719 0.0394020080566406 0.0424880981445313 -0.011505126953125
-0.0492439270019531 0.0329666137695313 0.0543479919433594 0.0159034729003906
-0.019866943359375 0.0374984741210938 0.0187435150146484 0.0130481719970703
-0.0066986083984375 0.0307483673095703 0.00890731811523438 0.0281181335449219
0.012420654296875 0.0257396697998047 0.0348930358886719 0.0320301055908203
0.0213890075683594 0.0123939514160156 0.0484886169433594 0.00894927978515625
0.0243854522705078 -0.00346183776855469 0.0489578247070312 -0.017791748046875
0.0242557525634766 -0.0170555114746094 0.0382347106933594 -0.0300064086914062
0.0248374938964844 -0.0169429779052734 0.0259990692138672 -0.0254993438720703
0.0271091461181641 -0.0190238952636719 0.0210857391357422 -0.0167198181152344
0.0351219177246094 -0.0110454559326172 0.0189838409423828 -0.00895881652832031
0.0387687683105469 0.0087432861328125 0.00602340698242188 -0.00522804260253906
0.0305347442626953 0.0302505493164063 0.00401687622070313 -0.0113401412963867
-0.00309371948242187 0.0493125915527344 0.0116024017333984 -0.0240707397460937
-0.0315017700195313 0.0534400939941406 0.0281162261962891 -0.0191268920898437
-0.0518455505371094 0.0415878295898438 0.0267486572265625 -0.000804901123046873
-0.0684776306152344 0.028045654296875 0.0338401794433594 0.0285663604736328
-0.042022705078125 0.0448989868164063 0.0062255859375 0.027099609375
-0.0197257995605469 0.0490264892578125 0.00439071655273437 0.0360374450683594
0.0149879455566406 0.0452995300292969 0.0300941467285156 0.0365829467773438
0.0338401794433594 0.0244312286376953 0.0405960083007812 0.0135116577148438
0.04119873046875 -0.00212860107421875 0.0392875671386719 -0.0115242004394531
0.0378150939941406 -0.0210952758789063 0.0294227600097656 -0.0198917388916016
0.03631591796875 -0.0202865600585938 0.0173616409301758 -0.0152959823608398
0.0403861999511719 -0.0227088928222656 0.0109796524047852 -0.00715827941894531
0.0469779968261719 -0.0114936828613281 0.00802087783813477 -0.00347185134887695
0.047210693359375 0.0148277282714844 -0.00329756736755371 -0.00296497344970703
0.0348052978515625 0.0383720397949219 -0.0020599365234375 -0.0100784301757813
-0.007843017578125 0.0564651489257812 0.0061798095703125 -0.0195198059082031
-0.0415725708007813 0.0563278198242187 0.0185298919677734 -0.00748252868652343
-0.0627059936523438 0.0392494201660156 0.00732040405273437 0.00924491882324219
-0.076141357421875 0.0165023803710937 0.00732421875 0.0376510620117188
-0.0578155517578125 0.0416107177734375 -0.0120506286621094 0.03814697265625
-0.0330886840820312 0.0558738708496094 -0.0035858154296875 0.041778564453125
0.0109291076660156 0.0579452514648438 0.0203399658203125 0.0379753112792969
0.0385589599609375 0.0349273681640625 0.0272331237792969 0.0154018402099609
0.0505752563476563 0.00143051147460938 0.0240364074707031 -0.00377082824707031
0.0454788208007813 -0.0213546752929688 0.0158529281616211 -0.00700569152832031
0.0428123474121094 -0.0205230712890625 0.00578498840332032 -0.00231266021728516
0.0474052429199219 -0.0230674743652344 -0.00104856491088867 0.00410389900207519
0.0525169372558594 -0.0101776123046875 -0.00480794906616211 0.00314998626708984
0.0498695373535156 0.0184135437011719 -0.0134344100952148 -0.000599861145019529
0.0345115661621094 0.0420150756835938 -0.00783729553222656 -0.010127067565918
-0.0129127502441406 0.056427001953125 0.00279331207275391 -0.0159997940063477
-0.04803466796875 0.0518150329589844 0.00983619689941406 0.00488853454589844
-0.0672149658203125 0.0306358337402344 -0.0140876770019531 0.0176372528076172
-0.0688323974609375 0.00146865844726564 -0.0186347961425781 0.0415725708007813
-0.0607795715332031 0.027435302734375 -0.0301475524902344 0.0442771911621094
-0.04010009765625 0.0481681823730469 -0.01226806640625 0.0422439575195313
0.00242233276367187 0.057525634765625 0.00813674926757813 0.035064697265625
0.033599853515625 0.0377311706542969 0.011235237121582 0.0154266357421875
0.0503883361816406 0.00540542602539063 0.00727510452270508 0.00325441360473633
0.0459785461425781 -0.0176925659179688 0.000695705413818362 0.00533914566040039
0.0420570373535156 -0.0175666809082031 -0.00654792785644531 0.0106124877929688
0.0469436645507813 -0.0200538635253906 -0.0141639709472656 0.014556884765625
0.0509872436523438 -0.00804519653320313 -0.0184211730957031 0.00891876220703125
0.0462226867675781 0.0198287963867188 -0.0234451293945312 0.000215530395507818
0.02972412109375 0.0415878295898438 -0.013737678527832 -0.0102910995483398
-0.0175857543945312 0.051116943359375 8.29696655273429E-05 -0.013127326965332
-0.0505485534667969 0.0411949157714844 0.00119304656982421 0.0134868621826172
-0.0642929077148438 0.0173377990722656 -0.0345439910888672 0.0211277008056641
-0.0487213134765625 -0.0136795043945312 -0.0399360656738281 0.0395469665527344
-0.0489234924316406 0.00764465332031251 -0.0433273315429688 0.0443611145019531
-0.0384101867675781 0.0288925170898438 -0.0176734924316406 0.0395011901855469
-0.006500244140625 0.0441780090332031 -0.0019683837890625 0.0284538269042969
0.0215606689453125 0.0330142974853516 -0.00206184387207031 0.0124330520629883
0.0404052734375 0.00886154174804687 -0.00861215591430664 0.00849580764770508
0.0379104614257813 -0.01104736328125 -0.0134258270263672 0.0161590576171875
0.0354118347167969 -0.0120429992675781 -0.0176963806152344 0.0220298767089844
0.0396804809570312 -0.0145263671875 -0.0252685546875 0.0239524841308594
0.0429115295410156 -0.00461578369140625 -0.0313224792480469 0.0142726898193359
0.038330078125 0.0187568664550781 -0.0337963104248047 0.00140571594238281
0.0225791931152344 0.0367393493652344 -0.0198345184326172 -0.0122165679931641
-0.0204277038574219 0.0414543151855469 -0.00290203094482422 -0.0125761032104492
-0.0477485656738281 0.0266342163085938 -0.00757217407226563 0.0190410614013672
-0.0546531677246094 0.00161361694335936 -0.0530548095703125 0.0199508666992188
-0.0205116271972656 -0.0268707275390625 -0.050140380859375 0.0339508056640625
-0.02923583984375 -0.0125255584716797 -0.0480690002441406 0.0401802062988281
-0.0287055969238281 0.00508499145507812 -0.0189266204833984 0.0343227386474609
-0.0132389068603516 0.0232315063476563 -0.00844192504882813 0.0217170715332031
0.00741195678710938 0.0220088958740234 -0.0110788345336914 0.00911617279052735
0.0235671997070313 0.00999641418457031 -0.0197219848632813 0.0116024017333984
0.0248374938964844 -0.00343704223632813 -0.0234546661376953 0.0235404968261719
0.0233402252197266 -0.00546836853027344 -0.026214599609375 0.0297584533691406
0.0270652770996094 -0.00737190246582031 -0.0340976715087891 0.0303382873535156
0.0293197631835938 -0.00159072875976563 -0.0416717529296875 0.0170249938964844
0.0264320373535156 0.0149078369140625 -0.0413475036621094 0.000896453857421879
0.0144844055175781 0.0272712707519531 -0.0252647399902344 -0.0141716003417969
-0.0193080902099609 0.0276126861572266 -0.00671195983886719 -0.0132923126220703
-0.0392990112304688 0.00983047485351562 -0.0168743133544922 0.0179119110107422
-0.0385818481445313 -0.0137939453125 -0.0672225952148438 0.0134506225585937
0.00606346130371094 0.0240879058837891 0.0685043334960938 -0.0136795043945312
0.0229949951171875 0.00357437133789063 0.0234146118164063 -0.0114402770996094
0.00960445404052734 -0.0135269165039063 0.00849533081054688 0.0140056610107422
-0.00364208221435547 -0.0139350891113281 0.0331344604492188 0.0205459594726563
-0.0109834671020508 -0.00802803039550781 0.0497322082519531 -0.00142288208007813
-0.0145845413208008 0.00133609771728515 0.0497665405273438 -0.0271415710449219
-0.00966548919677734 -0.000281333923339845 0.0384788513183594 -0.0406494140625
-0.0082707405090332 -0.00334453582763672 0.0285148620605469 -0.0367698669433594
-0.00988292694091797 -0.00525760650634765 0.0260715484619141 -0.0281829833984375
-0.00291538238525391 -0.01190185546875 0.0245265960693359 -0.0184459686279297
0.00883865356445313 -0.0135231018066406 0.0146808624267578 -0.011474609375
0.0177497863769531 -0.00276947021484375 0.0129365921020508 -0.01715087890625
0.0173587799072266 0.016571044921875 0.0240631103515625 -0.0318374633789063
0.00893592834472657 0.030670166015625 0.0458793640136719 -0.0389289855957031
-0.00613021850585937 0.0338058471679688 0.05224609375 -0.0268325805664062
-0.0214500427246094 0.0337772369384766 0.0675544738769531 -0.001434326171875
0.00506210327148437 0.0234107971191406 0.0244235992431641 -0.00218772888183594
0.00428390502929688 0.00910568237304688 0.0106849670410156 0.0202617645263672
0.00603723526000977 0.00484752655029297 0.0369758605957031 0.0253067016601563
0.00572586059570312 0.000788688659667969 0.0519905090332031 0.0015716552734375
0.00482892990112305 -0.00271844863891602 0.0519294738769531 -0.0265579223632813
0.00682735443115234 -0.0109720230102539 0.0394554138183594 -0.0399017333984375
0.00853443145751953 -0.011993408203125 0.0281448364257813 -0.0354118347167969
0.00939083099365234 -0.01409912109375 0.0251312255859375 -0.0259208679199219
0.0176906585693359 -0.0131435394287109 0.0242347717285156 -0.0167198181152344
0.0260906219482422 -0.00219154357910156 0.0123586654663086 -0.00985813140869141
0.0260143280029297 0.0158138275146484 0.00953865051269531 -0.0145626068115234
0.00693893432617188 0.0364456176757812 0.0170001983642578 -0.0284214019775391
-0.0129470825195312 0.0462188720703125 0.0374794006347656 -0.0317802429199219
-0.0312690734863281 0.0424308776855469 0.0435791015625 -0.0162315368652344
-0.0481643676757813 0.0375175476074219 0.0562973022460937 0.0126800537109375
-0.0180320739746094 0.0400657653808594 0.0190277099609375 0.0114803314208984
-0.00482559204101562 0.0332889556884766 0.0104312896728516 0.0280857086181641
0.0149517059326172 0.0260086059570313 0.0372314453125 0.0306854248046875
0.0235328674316406 0.0112953186035156 0.0496635437011719 0.00594329833984375
0.0253334045410156 -0.0051422119140625 0.0486869812011719 -0.0218086242675781
0.0236740112304688 -0.0198001861572266 0.0361557006835938 -0.0338859558105469
0.0240535736083984 -0.0194969177246094 0.0240688323974609 -0.0285263061523438
0.0267257690429688 -0.0218257904052734 0.0193939208984375 -0.0191974639892578
0.0356636047363281 -0.0145225524902344 0.0177497863769531 -0.0123291015625
0.0407371520996094 0.00582122802734375 0.00536918640136719 -0.00748491287231445
0.0338859558105469 0.0290393829345703 0.00409889221191407 -0.0121784210205078
0.00063323974609375 0.0512237548828125 0.0104103088378906 -0.025054931640625
-0.0285835266113281 0.0575828552246094 0.0276699066162109 -0.0215950012207031
-0.0504951477050781 0.0462226867675781 0.0286178588867187 -0.00431442260742187
-0.0682487487792969 0.0338668823242188 0.0365219116210937 0.0269355773925781
-0.0401229858398438 0.0498046875 0.00726127624511719 0.0264205932617188
-0.0164756774902344 0.0528831481933594 0.00599288940429688 0.0363082885742187
0.0189933776855469 0.0458335876464844 0.0323524475097656 0.0355758666992188
0.0369338989257813 0.0225868225097656 0.04168701171875 0.0113296508789063
0.0422897338867188 -0.005218505859375 0.0391349792480469 -0.0136528015136719
0.0369110107421875 -0.0251350402832031 0.028289794921875 -0.0222816467285156
0.0356101989746094 -0.0240936279296875 0.0158205032348633 -0.0171747207641602
0.0394935607910156 -0.0271873474121094 0.0099639892578125 -0.00891304016113281
0.0474205017089844 -0.0159721374511719 0.00731086730957032 -0.00564718246459961
0.0497932434082031 0.0110702514648438 -0.00366377830505371 -0.00413775444030762
0.0387649536132813 0.0368080139160156 -0.002227783203125 -0.0110750198364258
-0.00378799438476563 0.0591316223144531 0.00526618957519531 -0.0208492279052734
-0.0384368896484375 0.0619888305664063 0.0186958312988281 -0.00976943969726562
-0.0615806579589844 0.0448760986328125 0.00930213928222656 0.00759601593017578
-0.077239990234375 0.02325439453125 0.00994491577148437 0.0378379821777344
-0.0560684204101563 0.0474967956542969 -0.0105552673339844 0.0393905639648438
-0.02947998046875 0.06134033203125 -0.00179672241210938 0.0423164367675781
0.0159835815429688 0.0589599609375 0.0223121643066406 0.0375785827636719
0.0427742004394531 0.0317115783691406 0.02850341796875 0.0143318176269531
0.0525779724121094 -0.0026397705078125 0.0245361328125 -0.00475311279296875
0.0448455810546875 -0.0262947082519531 0.0155572891235352 -0.00842189788818359
0.0416336059570313 -0.0250663757324219 0.00528669357299805 -0.00319910049438477
0.0463714599609375 -0.0278549194335937 -0.00148892402648926 0.0042269229888916
0.052703857421875 -0.0153770446777344 -0.00506544113159179 0.00264263153076172
0.0531005859375 0.0145797729492187 -0.0143527984619141 -0.00053691864013672
0.0390701293945313 0.040130615234375 -0.00898075103759766 -0.0102243423461914
-0.00856781005859376 0.0598106384277344 0.00199699401855469 -0.0167360305786133
-0.0451507568359375 0.0578079223632813 0.0110225677490234 0.00362300872802735
-0.0667991638183594 0.0364494323730469 -0.0122261047363281 0.0173444747924805
-0.07086181640625 0.00754547119140624 -0.0170516967773438 0.0439872741699219
-0.0601577758789063 0.0333595275878906 -0.028350830078125 0.046630859375
-0.037384033203125 0.0534934997558594 -0.0103225708007813 0.0433921813964844
0.00731658935546875 0.059539794921875 0.00976371765136719 0.0350723266601563
0.038055419921875 0.0359382629394531 0.0122222900390625 0.0157079696655273
0.0524520874023438 0.001708984375 0.00748062133789063 0.00384092330932617
0.0455093383789062 -0.0222244262695312 0.00131559371948243 0.00576448440551758
0.0412864685058594 -0.0218124389648438 -0.00586891174316406 0.0109920501708984
0.0462379455566406 -0.025177001953125 -0.0137853622436523 0.0158061981201172
0.0513839721679688 -0.0128517150878906 -0.0185947418212891 0.0102272033691406
0.049591064453125 0.0161285400390625 -0.0247955322265625 0.00213623046875
0.0343093872070313 0.0397262573242188 -0.0148859024047852 -0.0102148056030273
-0.0140342712402344 0.0543937683105469 -0.000946044921875 -0.0137147903442383
-0.04779052734375 0.0467720031738281 0.00218486785888672 0.0133132934570313
-0.0642967224121094 0.0229835510253906 -0.0329990386962891 0.0229091644287109
-0.0510063171386719 -0.00970077514648438 -0.0387763977050781 0.0432624816894531
-0.0497817993164063 0.0126533508300781 -0.0418014526367188 0.0478591918945312
-0.0369071960449219 0.0336189270019531 -0.0162849426269531 0.0407943725585938
-0.00262069702148438 0.0466270446777344 -0.000761032104492185 0.0287837982177734
0.0257778167724609 0.0317440032958984 -0.00209331512451172 0.0137758255004883
0.0424156188964844 0.0050811767578125 -0.00863552093505859 0.0103302001953125
0.0377349853515625 -0.0145187377929688 -0.0121421813964844 0.0177383422851563
0.0346488952636719 -0.0155811309814453 -0.0160636901855469 0.0238418579101562
0.0392417907714844 -0.0188560485839844 -0.0242347717285156 0.0268096923828125
0.0432090759277344 -0.00899887084960938 -0.0313491821289063 0.0166683197021484
0.0410346984863281 0.0155754089355469 -0.0347919464111328 0.00371932983398438
0.026824951171875 0.0355072021484375 -0.0212459564208984 -0.0113868713378906
-0.0172882080078125 0.04443359375 -0.00355911254882813 -0.0129022598266602
-0.0464935302734375 0.0314483642578125 -0.00604629516601563 0.0192127227783203
-0.0554695129394531 0.00630950927734374 -0.0525779724121094 0.0235748291015625
-0.0234565734863281 -0.0248699188232422 -0.0500526428222656 0.038330078125
-0.0308609008789062 -0.00949668884277344 -0.0469093322753906 0.0443611145019531
-0.0285701751708984 0.00835990905761719 -0.017913818359375 0.0356903076171875
-0.0112743377685547 0.0253887176513672 -0.0084381103515625 0.0225696563720703
0.00967025756835937 0.0215377807617187 -0.0115318298339844 0.0115175247192383
0.0251884460449219 0.00774765014648437 -0.0194358825683594 0.0148048400878906
0.0246143341064453 -0.00606346130371094 -0.0218696594238281 0.0259685516357422
0.0231666564941406 -0.0076904296875 -0.0236797332763672 0.0322647094726562
0.0269985198974609 -0.0103664398193359 -0.0328807830810547 0.0340042114257813
0.0299263000488281 -0.0044097900390625 -0.0417404174804688 0.0205459594726563
0.0284023284912109 0.0126171112060547 -0.0424880981445313 0.00384902954101562
0.0170841217041016 0.0267238616943359 -0.0272026062011719 -0.0132999420166016
-0.0177345275878906 0.0304603576660156 -0.00801658630371094 -0.0132818222045898
-0.0385055541992188 0.0134811401367187 -0.0156497955322266 0.0191154479980469
-0.0393791198730469 -0.0108528137207031 -0.067596435546875 0.0178565979003906
0.00752449035644531 0.0236110687255859 0.0677757263183594 -0.0173377990722656
0.0226669311523438 0.00223350524902344 0.0224456787109375 -0.0123939514160156
0.00832271575927735 -0.0138702392578125 0.00878238677978516 0.0141534805297852
-0.00450611114501953 -0.0133771896362305 0.0338916778564453 0.0194721221923828
-0.0119075775146484 -0.00654411315917969 0.0492134094238281 -0.00436782836914063
-0.0140256881713867 0.00273323059082031 0.0475921630859375 -0.0311393737792969
-0.00955104827880859 0.000619888305664064 0.0348548889160156 -0.0434379577636719
-0.00824165344238281 -0.00236988067626953 0.0250091552734375 -0.0389060974121094
-0.00975894927978515 -0.00411033630371094 0.0234394073486328 -0.0303630828857422
-0.00390148162841797 -0.0110683441162109 0.02264404296875 -0.0209159851074219
0.00742244720458984 -0.0135211944580078 0.0147743225097656 -0.0136795043945313
0.0168676376342773 -0.00377559661865234 0.0124721527099609 -0.018310546875
0.0186176300048828 0.0148849487304688 0.0226497650146484 -0.0326099395751953
0.0106048583984375 0.0295200347900391 0.0437126159667969 -0.0414466857910156
-0.00397872924804687 0.0331974029541016 0.0514030456542969 -0.031036376953125
-0.0198745727539063 0.0352210998535156 0.0673294067382813 -0.00565719604492187
0.00609207153320312 0.0229358673095703 0.0233726501464844 -0.00331306457519531
0.004791259765625 0.00946331024169922 0.0112991333007813 0.0198249816894531
0.00664615631103516 0.00444173812866211 0.0380058288574219 0.0232887268066406
0.00612545013427734 0.000399112701416016 0.0519752502441406 -0.00151824951171875
0.00513648986816406 -0.00268983840942383 0.0495452880859375 -0.02984619140625
0.00622463226318359 -0.0113735198974609 0.0361366271972656 -0.0425758361816406
0.00759601593017578 -0.0127344131469727 0.0247421264648438 -0.037353515625
0.00864315032958984 -0.0148677825927734 0.0223369598388672 -0.0283412933349609
0.0170097351074219 -0.014134407043457 0.0224952697753906 -0.0195064544677734
0.0255527496337891 -0.00344657897949219 0.0119810104370117 -0.0117464065551758
0.0266895294189453 0.0140838623046875 0.00927448272705078 -0.0156764984130859
0.00928878784179687 0.0357246398925781 0.0162582397460938 -0.0290431976318359
-0.0103340148925781 0.0470314025878906 0.0359077453613281 -0.0345573425292969
-0.0286216735839844 0.0440292358398438 0.0435142517089844 -0.0198593139648437
-0.0460281372070313 0.0406532287597656 0.0566825866699219 0.0095367431640625
-0.0154914855957031 0.04205322265625 0.0188312530517578 0.01043701171875
-0.00219345092773438 0.0339832305908203 0.0109806060791016 0.0276107788085938
0.0168876647949219 0.0255165100097656 0.0383682250976563 0.0285186767578125
0.0244159698486328 0.00957679748535156 0.0496788024902344 0.00320053100585938
0.0256290435791016 -0.00710296630859375 0.0466194152832031 -0.0244102478027344
0.0217037200927734 -0.0215587615966797 0.0333328247070313 -0.0363960266113281
0.022125244140625 -0.0214958190917969 0.0210723876953125 -0.0303459167480469
0.0252399444580078 -0.0240402221679688 0.0172901153564453 -0.0209121704101563
0.0342941284179688 -0.0172462463378906 0.0163536071777344 -0.0149507522583008
0.0411186218261719 0.00334548950195312 0.00499153137207031 -0.00917148590087891
0.0358200073242187 0.02703857421875 0.00407123565673828 -0.013514518737793
0.00424957275390625 0.0514602661132813 0.00945091247558594 -0.0255832672119141
-0.0249519348144531 0.0597152709960938 0.0264358520507812 -0.0239772796630859
-0.0475616455078125 0.0494003295898438 0.0290927886962891 -0.00735282897949218
-0.0661468505859375 0.0388717651367187 0.0379753112792969 0.0248603820800781
-0.0368118286132813 0.0525436401367188 0.00767898559570312 0.0258922576904297
-0.0126838684082031 0.0547752380371094 0.00713729858398437 0.0359649658203125
0.0224609375 0.044891357421875 0.0335674285888672 0.0335178375244141
0.0386848449707031 0.0197601318359375 0.0415573120117188 0.009124755859375
0.0422439575195313 -0.008087158203125 0.0381202697753906 -0.0158576965332031
0.0347366333007813 -0.0280418395996094 0.0258274078369141 -0.0244789123535156
0.0333423614501953 -0.0268211364746094 0.0140857696533203 -0.0186786651611328
0.0375595092773437 -0.0304107666015625 0.00870132446289063 -0.00983142852783203
0.0462646484375 -0.0193138122558594 0.00604009628295899 -0.00725650787353516
0.0508079528808594 0.00753021240234375 -0.00412464141845703 -0.0050811767578125
0.0417251586914063 0.0339241027832031 -0.00265216827392578 -0.0116863250732422
0.000808715820312498 0.0597343444824219 0.00447463989257812 -0.0212612152099609
-0.0343399047851562 0.0651054382324219 0.0182304382324219 -0.0111942291259766
-0.0587539672851563 0.0485496520996094 0.0106725692749023 0.00527381896972657
-0.0755691528320313 0.0291976928710938 0.0118522644042969 0.0376014709472656
-0.05291748046875 0.0516357421875 -0.00834274291992188 0.0396080017089844
-0.0250091552734375 0.064300537109375 -0.000213623046875004 0.0421257019042969
0.0205001831054687 0.0586128234863281 0.0235214233398437 0.0361824035644531
0.0449295043945313 0.0289802551269531 0.0284957885742188 0.0134792327880859
0.0523338317871094 -0.00644302368164062 0.0235424041748047 -0.00517463684082031
0.0424308776855469 -0.029876708984375 0.0145702362060547 -0.00957393646240235
0.0396156311035156 -0.0281333923339844 0.00464582443237305 -0.00339984893798828
0.0443305969238281 -0.0321273803710938 -0.00199794769287109 0.00396466255187988
0.0514564514160156 -0.0197029113769531 -0.00573205947875976 0.0020909309387207
0.0543289184570313 0.0105094909667969 -0.0144281387329102 -0.00050258636474609
0.0421791076660156 0.0373344421386719 -0.00917720794677734 -0.0101194381713867
-0.00414276123046875 0.0613212585449219 0.00109004974365235 -0.0170555114746094
-0.0408935546875 0.0617218017578125 0.0110845565795898 0.00230693817138672
-0.0642051696777344 0.0411643981933594 -0.010401725769043 0.0167665481567383
-0.0703582763671875 0.0130157470703125 -0.0149383544921875 0.0451507568359375
-0.0582008361816406 0.0376853942871094 -0.0259933471679688 0.0476913452148438
-0.0335540771484375 0.0568771362304688 -0.00872802734375 0.0433120727539063
0.0115737915039063 0.0590972900390625 0.0105934143066406 0.0345211029052734
0.0406608581542969 0.0328216552734375 0.012476921081543 0.0159549713134766
0.0524368286132812 -0.00239944458007812 0.00786066055297852 0.00436830520629883
0.043487548828125 -0.0257225036621094 0.00183677673339844 0.00584077835083008
0.0394515991210938 -0.0253982543945313 -0.00548362731933594 0.0114774703979492
0.0441360473632813 -0.0291557312011719 -0.0130681991577148 0.0170869827270508
0.0501136779785156 -0.0172271728515625 -0.0183124542236328 0.0109500885009766
0.0513763427734375 0.0123252868652344 -0.0249252319335937 0.00299644470214844
0.0374832153320313 0.0370063781738281 -0.0157737731933594 -0.00946521759033203
-0.00969314575195312 0.0562171936035156 -0.00175094604492188 -0.0137109756469727
-0.0444984436035156 0.05084228515625 0.00315570831298828 0.0124244689941406
-0.0623512268066406 0.0272979736328125 -0.0311908721923828 0.0235424041748047
-0.0517501831054688 -0.00516891479492186 -0.036895751953125 0.0459175109863281
-0.0490684509277344 0.0168571472167969 -0.0392990112304687 0.0494880676269531
-0.03466796875 0.0373153686523438 -0.0148429870605469 0.0407791137695313
0.00117111206054687 0.0469398498535156 -0.000522613525390627 0.0292034149169922
0.0282745361328125 0.02972412109375 -0.0014505386352539 0.0145387649536133
0.0426712036132812 0.00191879272460937 -0.00729751586914062 0.0115242004394531
0.0363426208496094 -0.0181312561035156 -0.0108833312988281 0.0187644958496094
0.0331020355224609 -0.0188541412353516 -0.0145740509033203 0.0247116088867188
0.0375251770019531 -0.022491455078125 -0.02227783203125 0.0289325714111328
0.0426254272460938 -0.0126991271972656 -0.0300979614257812 0.0186786651611328
0.0421142578125 0.0124740600585938 -0.0348243713378906 0.00593948364257812
0.028961181640625 0.0329551696777344 -0.0222511291503906 -0.0101833343505859
-0.0142021179199219 0.0461883544921875 -0.00445079803466797 -0.0125494003295898
-0.0434188842773438 0.0352516174316406 -0.0048675537109375 0.0191059112548828
-0.0544509887695313 0.0102043151855469 -0.0509719848632813 0.0260543823242187
-0.0255165100097656 -0.0226993560791016 -0.0485763549804688 0.0420417785644531
-0.0310726165771484 -0.00701141357421875 -0.0449714660644531 0.0466537475585937
-0.0278968811035156 0.0110950469970703 -0.0161666870117188 0.03594970703125
-0.009185791015625 0.0264244079589844 -0.00811004638671875 0.0232715606689453
0.0113697052001953 0.0208053588867188 -0.0105838775634766 0.0131072998046875
0.0253410339355469 0.00546455383300781 -0.0179595947265625 0.0166854858398437
0.0236091613769531 -0.00775718688964844 -0.0197830200195313 0.0275230407714844
0.0221691131591797 -0.00956153869628906 -0.0211391448974609 0.0339374542236328
0.0262584686279297 -0.0124607086181641 -0.0300674438476562 0.036346435546875
0.0290279388427734 -0.00676345825195313 -0.0401687622070313 0.0233802795410156
0.0292892456054688 0.0103397369384766 -0.0423393249511719 0.00687789916992188
0.0188732147216797 0.0252513885498047 -0.0281047821044922 -0.01177978515625
-0.0154151916503906 0.0313396453857422 -0.00860214233398437 -0.0130186080932617
-0.0372085571289062 0.0166969299316406 -0.0138931274414063 0.0196743011474609
-0.0393791198730469 -0.00783538818359375 -0.0659675598144531 0.0216102600097656
0.00802040100097656 0.0230216979980469 0.0667991638183594 -0.0188255310058594
0.0221920013427734 0.00155830383300781 0.0214195251464844 -0.0123157501220703
0.00774192810058594 -0.014190673828125 0.00849819183349609 0.0140171051025391
-0.00531101226806641 -0.01251220703125 0.0341567993164063 0.0184707641601563
-0.0115718841552734 -0.00535964965820313 0.0478363037109375 -0.00580978393554688
-0.0131301879882813 0.00356578826904297 0.0455245971679688 -0.0320968627929688
-0.00953006744384765 0.00105476379394531 0.0324783325195313 -0.0442924499511719
-0.00821971893310547 -0.00197744369506836 0.0230140686035156 -0.039154052734375
-0.00946426391601563 -0.00349140167236328 0.0213432312011719 -0.0313873291015625
-0.00434780120849609 -0.0103330612182617 0.0210418701171875 -0.0219669342041016
0.00644397735595703 -0.0130157470703125 0.0145139694213867 -0.014857292175293
0.0163412094116211 -0.00431060791015625 0.0126991271972656 -0.0190792083740234
0.0187835693359375 0.0134487152099609 0.0217742919921875 -0.0323200225830078
0.0115375518798828 0.0285396575927734 0.0418815612792969 -0.0421218872070313
-0.00324821472167969 0.0329113006591797 0.0506591796875 -0.0333786010742188
-0.0184326171875 0.0349750518798828 0.0664710998535156 -0.00693893432617187
0.00677490234375 0.0229434967041016 0.0228404998779297 -0.00352287292480469
0.00508880615234375 0.00950813293457031 0.0113735198974609 0.0194454193115234
0.00688600540161133 0.00432157516479492 0.0377616882324219 0.0223655700683594
0.00616168975830078 0.000164985656738281 0.0503349304199219 -0.0030517578125
0.00565433502197266 -0.00289011001586914 0.0475883483886719 -0.0315589904785156
0.00605010986328125 -0.0116357803344727 0.0336036682128906 -0.0437469482421875
0.00696563720703125 -0.0131464004516602 0.0224113464355469 -0.037841796875
0.00812625885009765 -0.0149669647216797 0.0205287933349609 -0.0291595458984375
0.0162849426269531 -0.0143308639526367 0.0205001831054688 -0.0213279724121094
0.0247726440429688 -0.00413894653320313 0.0115909576416016 -0.0133485794067383
0.0268974304199219 0.0131893157958984 0.00964450836181641 -0.0161848068237305
0.0106315612792969 0.0351104736328125 0.0154666900634766 -0.0291881561279297
-0.00868606567382813 0.0470123291015625 0.0341606140136719 -0.0351142883300781
-0.0268821716308594 0.043701171875 0.0430908203125 -0.0226211547851562
-0.0441856384277344 0.0421600341796875 0.0569381713867188 0.00776290893554688
-0.0140571594238281 0.0425796508789062 0.0181884765625 0.00974464416503907
-0.000631332397460939 0.0349521636962891 0.0109329223632813 0.0270156860351563
0.0181121826171875 0.0240669250488281 0.0383186340332031 0.0270957946777344
0.0245647430419922 0.00868415832519531 0.0486869812011719 0.0019683837890625
0.0248603820800781 -0.00805091857910156 0.0448684692382813 -0.0256919860839844
0.0206642150878906 -0.0220088958740234 0.03118896484375 -0.0370597839355469
0.0210075378417969 -0.0222873687744141 0.0189628601074219 -0.03094482421875
0.0237560272216797 -0.0253086090087891 0.0152969360351563 -0.0217170715332031
0.0332736968994141 -0.0185012817382813 0.0145807266235352 -0.0164546966552734
0.0406112670898437 0.00175094604492187 0.00459384918212891 -0.0104274749755859
0.0366897583007813 0.0255661010742188 0.00396442413330078 -0.0143909454345703
0.00597763061523438 0.0512924194335938 0.00886154174804688 -0.0258274078369141
-0.0222587585449219 0.0607757568359375 0.0252571105957031 -0.0249443054199219
-0.0452690124511719 0.0505180358886719 0.0294284820556641 -0.0100212097167969
-0.064453125 0.0415420532226563 0.03826904296875 0.0237922668457031
-0.0343475341796875 0.0537376403808594 0.00812721252441406 0.0247764587402344
-0.0100440979003906 0.0556297302246094 0.00706863403320313 0.03521728515625
0.0243263244628906 0.043914794921875 0.0332221984863281 0.0329475402832031
0.0391807556152344 0.0179443359375 0.0408439636230469 0.00806045532226563
0.0421867370605469 -0.0099639892578125 0.0367851257324219 -0.0166397094726563
0.0329437255859375 -0.029296875 0.0242080688476563 -0.0250186920166016
0.0315876007080078 -0.0283584594726563 0.0123939514160156 -0.0187416076660156
0.0353889465332031 -0.0319938659667969 0.00752735137939453 -0.0099477767944336
0.0447158813476562 -0.0217475891113281 0.00521039962768555 -0.00857686996459961
0.0507736206054687 0.0052032470703125 -0.00464773178100586 -0.00579261779785156
0.0428504943847656 0.0319175720214844 -0.00294971466064453 -0.0116443634033203
0.00354766845703125 0.0598640441894531 0.00399589538574219 -0.0211353302001953
-0.0311927795410156 0.0665016174316406 0.0175724029541016 -0.0122661590576172
-0.0567436218261719 0.0505523681640625 0.0112171173095703 0.00313282012939453
-0.07379150390625 0.0323257446289062 0.0123100280761719 0.036651611328125
-0.050445556640625 0.0534820556640625 -0.00777435302734375 0.0387115478515625
-0.0219039916992188 0.0651283264160156 -0.000308990478515622 0.0408515930175781
0.0229110717773437 0.0569877624511719 0.0233726501464844 0.0355186462402344
0.0454940795898438 0.0267753601074219 0.0282096862792969 0.0131435394287109
0.0518913269042969 -0.00887680053710938 0.0237350463867188 -0.005523681640625
0.0404548645019531 -0.0314750671386719 0.0139350891113281 -0.00993728637695313
0.0374984741210938 -0.0299339294433594 0.00393390655517578 -0.00380516052246094
0.0419197082519531 -0.034271240234375 -0.00215983390808105 0.00376605987548828
0.0500259399414062 -0.0220108032226562 -0.00620079040527343 0.00148248672485351
0.0545997619628906 0.00753402709960938 -0.0145902633666992 -0.00084877014160156
0.0436058044433594 0.0352821350097656 -0.00965404510498046 -0.0102758407592773
-0.00124740600585937 0.0614089965820312 0.0005035400390625 -0.0171527862548828
-0.0376853942871094 0.0633926391601563 0.0111989974975586 0.00120353698730469
-0.0617446899414063 0.0431556701660156 -0.00926685333251953 0.0154733657836914
-0.0693321228027344 0.0159988403320312 -0.0133895874023438 0.0451087951660156
-0.0560150146484375 0.039794921875 -0.024505615234375 0.0477142333984375
-0.0310096740722656 0.058563232421875 -0.00861358642578126 0.0426254272460938
0.014251708984375 0.0582847595214844 0.0103244781494141 0.0340442657470703
0.0415840148925781 0.0308113098144531 0.0127248764038086 0.016291618347168
0.0518913269042969 -0.00479888916015625 0.00811433792114258 0.00481271743774414
0.0410423278808594 -0.027618408203125 0.00187730789184571 0.00568008422851562
0.0373725891113281 -0.0269584655761719 -0.00504779815673828 0.0112524032592773
0.0421905517578125 -0.0312385559082031 -0.0123815536499023 0.0173711776733398
0.0486984252929688 -0.0197677612304688 -0.0182304382324219 0.0108261108398437
0.0513534545898438 0.00970458984375 -0.0248203277587891 0.00361442565917969
0.0383644104003906 0.0350837707519531 -0.0158910751342773 -0.00927448272705078
-0.00680160522460937 0.0567855834960938 -0.00211048126220703 -0.0135746002197266
-0.0417251586914063 0.0531234741210937 0.0038309097290039 0.0118370056152344
-0.06048583984375 0.0294570922851562 -0.0294208526611328 0.02313232421875
-0.0515213012695313 -0.002044677734375 -0.0353660583496094 0.0469436645507813
-0.0475959777832031 0.0185966491699219 -0.0377922058105469 0.0499038696289062
-0.0322418212890625 0.0392417907714844 -0.0144538879394531 0.0400619506835938
0.00297927856445313 0.0465812683105469 -0.000522613525390622 0.0292091369628906
0.0293903350830078 0.0281867980957031 -0.00128459930419922 0.0153713226318359
0.0423812866210938 -7.62939453125E-05 -0.0065155029296875 0.0129756927490234
0.0347175598144531 -0.0198402404785156 -0.00979423522949218 0.0191936492919922
0.0315799713134766 -0.0203838348388672 -0.0130481719970703 0.0246391296386719
0.0356292724609375 -0.0240402221679688 -0.0213546752929687 0.0295429229736328
0.0414390563964844 -0.0145454406738281 -0.0296688079833984 0.0192337036132812
0.0427665710449219 0.00997543334960938 -0.0344028472900391 0.00701713562011719
0.0302104949951172 0.0316028594970703 -0.0226020812988281 -0.0093994140625
-0.0122909545898438 0.0470428466796875 -0.00516223907470703 -0.0124082565307617
-0.0413169860839844 0.0372428894042969 -0.00390434265136719 0.0183792114257813
-0.052886962890625 0.012420654296875 -0.0488853454589844 0.0262451171875
-0.0255451202392578 -0.0207500457763672 -0.0471038818359375 0.0439987182617187
-0.0311946868896484 -0.005126953125 -0.0425376892089844 0.0473518371582031
-0.0267753601074219 0.0128288269042969 -0.0161247253417969 0.0353660583496094
-0.00752830505371093 0.0266017913818359 -0.00814628601074219 0.0237464904785156
0.0124664306640625 0.0196247100830078 -0.0106515884399414 0.0141754150390625
0.0254974365234375 0.00385093688964844 -0.0163059234619141 0.0182151794433594
0.0229053497314453 -0.00881004333496094 -0.017913818359375 0.0282745361328125
0.0207901000976563 -0.0107383728027344 -0.0193252563476563 0.0342350006103516
0.0248050689697266 -0.0138626098632813 -0.0281257629394531 0.0373497009277344
0.0282402038574219 -0.00836563110351563 -0.0391159057617187 0.0248260498046875
0.0290679931640625 0.0084991455078125 -0.041839599609375 0.00868225097656249
0.0197734832763672 0.0236892700195313 -0.0282421112060547 -0.0107803344726562
-0.0143852233886719 0.0321483612060547 -0.00885486602783203 -0.0130147933959961
-0.0355491638183594 0.0181121826171875 -0.012451171875 0.0193672180175781
-0.0380973815917969 -0.00637817382812501 -0.0645217895507813 0.023193359375
0.00841331481933593 0.0227794647216797 0.0671844482421875 -0.0197677612304688
0.0217571258544922 0.00143241882324219 0.0210762023925781 -0.0123443603515625
0.00734329223632813 -0.0141410827636719 0.00858879089355469 0.0146989822387695
-0.00560569763183594 -0.0122222900390625 0.0341758728027344 0.0181999206542969
-0.0118169784545898 -0.00466060638427734 0.0480270385742188 -0.0059814453125
-0.0129461288452148 0.00369644165039063 0.0443382263183594 -0.0334320068359375
-0.00900840759277344 0.00190639495849609 0.0316200256347656 -0.0452919006347656
-0.00822067260742188 -0.00156354904174805 0.0218124389648438 -0.039703369140625
-0.00984859466552734 -0.00348281860351563 0.0203018188476563 -0.0318355560302734
-0.00455188751220703 -0.0101833343505859 0.0199317932128906 -0.0231456756591797
0.00586795806884766 -0.0129680633544922 0.0141220092773438 -0.0160617828369141
0.0157690048217773 -0.00428104400634766 0.0138473510742188 -0.0198459625244141
0.0190010070800781 0.0128536224365234 0.0223350524902344 -0.0322914123535156
0.0115699768066406 0.0282268524169922 0.0416908264160156 -0.0431594848632813
-0.00296974182128907 0.0328292846679688 0.0509185791015625 -0.0351753234863281
-0.0181541442871094 0.0359878540039063 0.0669136047363281 -0.007568359375
0.0066070556640625 0.0235996246337891 0.0221500396728516 -0.00396156311035156
0.00537014007568359 0.00993824005126953 0.0106754302978516 0.0195388793945313
0.00696277618408203 0.00444936752319336 0.0380592346191406 0.0223884582519531
0.00606679916381836 0.000450611114501953 0.0506324768066406 -0.003387451171875
0.00609111785888672 -0.00293445587158203 0.0467338562011719 -0.0317268371582031
0.00564765930175781 -0.0115032196044922 0.0325050354003906 -0.0441932678222656
0.00633525848388672 -0.0133380889892578 0.0211448669433594 -0.0386085510253906
0.00786685943603516 -0.0157966613769531 0.0190544128417969 -0.02996826171875
0.0159368515014648 -0.0146627426147461 0.0190410614013672 -0.0222148895263672
0.0247421264648438 -0.00444793701171875 0.0115194320678711 -0.0145034790039063
0.0265121459960938 0.0129833221435547 0.0103464126586914 -0.0171375274658203
0.0108146667480469 0.0352859497070313 0.0158119201660156 -0.0290203094482422
-0.00794601440429687 0.0472908020019531 0.0340347290039063 -0.0357284545898438
-0.0270347595214844 0.0442085266113281 0.0436172485351563 -0.0244560241699219
-0.0443687438964844 0.0435256958007812 0.0573310852050781 0.00713348388671875
-0.013336181640625 0.0430717468261719 0.0177192687988281 0.00916290283203125
-3.05175781249975E-05 0.035614013671875 0.0107707977294922 0.0271968841552734
0.0185718536376953 0.0243988037109375 0.0379371643066406 0.0275230407714844
0.0250377655029297 0.00815200805664063 0.0486221313476562 0.0018157958984375
0.0256099700927734 -0.00845146179199219 0.0441856384277344 -0.0261917114257813
0.0204944610595703 -0.0230674743652344 0.0300025939941406 -0.0377464294433594
0.0201549530029297 -0.0229415893554687 0.0174484252929687 -0.0314388275146484
0.0232353210449219 -0.0260181427001953 0.0141773223876953 -0.0225028991699219
0.0330009460449219 -0.0195102691650391 0.0130901336669922 -0.0177688598632812
0.040802001953125 0.00084686279296875 0.00418472290039063 -0.0112648010253906
0.0372848510742188 0.0246391296386719 0.00396537780761719 -0.0148963928222656
0.00722122192382812 0.0517578125 0.00955390930175781 -0.025634765625
-0.0213470458984375 0.0616683959960938 0.0252456665039063 -0.0254878997802734
-0.0451469421386719 0.0510025024414063 0.0298347473144531 -0.01190185546875
-0.0642051696777344 0.0432701110839844 0.0384368896484375 0.0232620239257813
-0.0335311889648437 0.0551300048828125 0.007415771484375 0.0244235992431641
-0.00877761840820313 0.0571212768554688 0.00663948059082031 0.035003662109375
0.0253791809082031 0.0438041687011719 0.0331363677978516 0.0327796936035156
0.03973388671875 0.0175247192382813 0.0408172607421875 0.00815200805664063
0.0417327880859375 -0.0112533569335938 0.0364952087402344 -0.016326904296875
0.0320453643798828 -0.0304050445556641 0.023651123046875 -0.0254802703857422
0.0305385589599609 -0.0297374725341797 0.0111560821533203 -0.0193462371826172
0.0346145629882813 -0.0336685180664063 0.00646686553955078 -0.0105104446411133
0.0444221496582031 -0.023193359375 0.00391578674316407 -0.00963592529296875
0.0512733459472656 0.00376510620117187 -0.00515127182006836 -0.00668716430664063
0.0439796447753906 0.0311393737792969 -0.00278663635253906 -0.0123996734619141
0.00456619262695313 0.0608367919921875 0.00368881225585938 -0.0212364196777344
-0.0296745300292969 0.0681724548339844 0.0174722671508789 -0.013035774230957
-0.0563774108886719 0.0517387390136719 0.0117597579956055 0.00131988525390625
-0.07373046875 0.0341949462890625 0.0127220153808594 0.0374183654785156
-0.0498771667480469 0.0546836853027344 -0.00822067260742188 0.03839111328125
-0.0202713012695313 0.0667991638183594 -0.000926971435546872 0.0408821105957031
0.0244369506835938 0.0571556091308594 0.0226478576660156 0.0357475280761719
0.0460586547851563 0.025543212890625 0.0279312133789063 0.0138301849365234
0.0520286560058594 -0.00992584228515625 0.0241432189941406 -0.00533103942871094
0.0396499633789063 -0.0322914123535156 0.0137825012207031 -0.0102672576904297
0.0364227294921875 -0.0309867858886719 0.00330948829650879 -0.00363302230834961
0.0411605834960938 -0.0361747741699219 -0.00230073928833008 0.00376129150390625
0.0497970581054688 -0.023895263671875 -0.0074467658996582 0.00078010559082031
0.0548362731933594 0.00609970092773438 -0.0151433944702148 -0.00124549865722656
0.0447807312011719 0.0341682434082031 -0.00973987579345703 -0.0104742050170898
0.000114440917968752 0.062255859375 0.000371932983398438 -0.0170793533325195
-0.036346435546875 0.0654335021972656 0.0112152099609375 0.000449180603027348
-0.0611305236816406 0.04437255859375 -0.00838375091552735 0.0139694213867188
-0.0692825317382813 0.0181427001953125 -0.0134735107421875 0.0463066101074219
-0.0552444458007813 0.040985107421875 -0.0247268676757813 0.0473251342773438
-0.0296821594238281 0.060516357421875 -0.00950241088867188 0.0419464111328125
0.0157470703125 0.0586433410644531 0.00934028625488282 0.0342769622802734
0.0423393249511719 0.0297698974609375 0.0125589370727539 0.0165519714355469
0.0522079467773438 -0.00646591186523438 0.00851774215698243 0.00554990768432617
0.0406417846679688 -0.0290908813476563 0.00225114822387696 0.00541210174560547
0.0363426208496094 -0.0282478332519531 -0.00511837005615234 0.0113649368286133
0.0409278869628906 -0.0332756042480469 -0.0119209289550781 0.0177707672119141
0.0484161376953125 -0.0213470458984375 -0.01885986328125 0.0106925964355469
0.0520248413085938 0.00818634033203125 -0.0251922607421875 0.0035400390625
0.0396842956542969 0.0343017578125 -0.0165681838989258 -0.0093393325805664
-0.00556182861328125 0.0578727722167969 -0.00239944458007812 -0.0136880874633789
-0.0403251647949219 0.0549850463867188 0.00423717498779297 0.0110301971435547
-0.0600662231445313 0.0305328369140625 -0.0290908813476563 0.02264404296875
-0.0518646240234375 -0.000503540039062503 -0.0356178283691406 0.0481796264648438
-0.0476760864257813 0.019561767578125 -0.0379257202148438 0.050079345703125
-0.0316963195800781 0.0405197143554688 -0.0150527954101563 0.0396957397460938
0.00478744506835937 0.0474700927734375 -0.00177574157714844 0.029632568359375
0.0301837921142578 0.0269927978515625 -0.00149631500244141 0.0162029266357422
0.0426712036132813 -0.00175857543945313 -0.00589942932128906 0.0139789581298828
0.0342025756835938 -0.0205440521240234 -0.00923156738281249 0.0193252563476563
0.03076171875 -0.0212078094482422 -0.0127944946289063 0.0246829986572266
0.0352134704589844 -0.0253791809082031 -0.020477294921875 0.0296745300292969
0.0407638549804688 -0.0160713195800781 -0.0298137664794922 0.0191574096679688
0.0426673889160156 0.00909042358398437 -0.0345401763916016 0.00728225708007813
0.0311298370361328 0.0310420989990234 -0.0232429504394531 -0.00937461853027344
-0.0110359191894531 0.0474281311035156 -0.00522708892822266 -0.0125484466552734
-0.0402679443359375 0.0388565063476563 -0.00361824035644531 0.0180244445800781
-0.0525093078613281 0.0135421752929687 -0.049041748046875 0.0262489318847656
-0.0264301300048828 -0.0201568603515625 -0.04742431640625 0.0455169677734375
-0.0316143035888672 -0.00416946411132813 -0.0430946350097656 0.0475234985351562
-0.0265293121337891 0.0139446258544922 -0.0167770385742188 0.0351219177246094
-0.00615882873535156 0.0271530151367188 -0.0090484619140625 0.0240020751953125
0.0127983093261719 0.0190982818603516 -0.0106782913208008 0.0152864456176758
0.0253105163574219 0.00311851501464844 -0.0158481597900391 0.019195556640625
0.0226039886474609 -0.00977516174316406 -0.0166397094726563 0.0286197662353516
0.0204219818115234 -0.0114250183105469 -0.0183277130126953 0.0344676971435547
0.0242691040039063 -0.0146484375 -0.0273933410644531 0.0380439758300781
0.0277996063232422 -0.00913429260253906 -0.0388031005859375 0.025634765625
0.0297355651855469 0.00807380676269531 -0.0421600341796875 0.00942230224609375
0.0200271606445313 0.0235824584960938 -0.0287494659423828 -0.0103683471679687
-0.0129489898681641 0.0329990386962891 -0.00898170471191406 -0.0132808685302734
-0.0352210998535156 0.0192337036132812 -0.0118656158447266 0.0191326141357422
-0.037811279296875 -0.00564193725585938 -0.0642280578613281 0.0233154296875
0.00845718383789063 0.0232582092285156 0.06927490234375 -0.0210723876953125
0.0222415924072266 0.0015869140625 0.0212516784667969 -0.0131874084472656
0.00753021240234375 -0.0143718719482422 0.00896072387695313 0.0151882171630859
-0.00607872009277344 -0.0128574371337891 0.0354843139648438 0.0190811157226563
-0.0118265151977539 -0.00478363037109375 0.0488815307617188 -0.006439208984375
-0.0126132965087891 0.00432777404785156 0.0450820922851563 -0.0345916748046875
-0.00876903533935547 0.00190639495849609 0.0310859680175781 -0.046722412109375
-0.00866842269897461 -0.00159502029418945 0.0213966369628906 -0.0410804748535156
-0.00995349884033203 -0.00324153900146484 0.0193157196044922 -0.0336952209472656
-0.00480556488037109 -0.009857177734375 0.0196056365966797 -0.0248603820800781
0.00555419921875 -0.0130472183227539 0.014739990234375 -0.0181655883789063
0.0161018371582031 -0.00503826141357422 0.0152053833007813 -0.02130126953125
0.0195522308349609 0.0131912231445313 0.0235385894775391 -0.0328159332275391
0.0119113922119141 0.0286121368408203 0.0429191589355469 -0.0444602966308594
-0.00266647338867187 0.0333309173583984 0.0529441833496094 -0.037750244140625
-0.0185317993164062 0.0372695922851563 0.0691604614257813 -0.00880050659179688
0.00752449035644532 0.0245857238769531 0.0226650238037109 -0.00401687622070312
0.00592041015625 0.0106925964355469 0.0112056732177734 0.0209484100341797
0.00720500946044922 0.00438165664672852 0.0388908386230469 0.0226669311523437
0.00637912750244141 0.00041961669921875 0.0514373779296875 -0.00372314453125
0.00638151168823242 -0.00327539443969727 0.0476112365722656 -0.0333595275878906
0.00604724884033203 -0.0119524002075195 0.0322723388671875 -0.0463066101074219
0.00585746765136719 -0.013890266418457 0.0204544067382813 -0.0401992797851563
0.00753879547119141 -0.0160188674926758 0.0186920166015625 -0.0315685272216797
0.0162515640258789 -0.0154314041137695 0.0186367034912109 -0.02398681640625
0.0251216888427734 -0.00475692749023438 0.0118179321289063 -0.0158309936523438
0.0279865264892578 0.0132045745849609 0.0109767913818359 -0.018310546875
0.0114517211914063 0.0362930297851563 0.0170345306396484 -0.0297183990478516
-0.00756454467773437 0.0493812561035156 0.0350189208984375 -0.0370368957519531
-0.0278167724609375 0.0459976196289063 0.0458602905273437 -0.0269355773925781
-0.0445671081542969 0.0454025268554688 0.0591239929199219 0.00701141357421875
-0.0132827758789063 0.0447616577148438 0.0178604125976562 0.0095367431640625
0.000545501708984376 0.037200927734375 0.01007080078125 0.0281620025634766
0.0201740264892578 0.0248966217041016 0.0388832092285156 0.0281524658203125
0.0260677337646484 0.00836753845214844 0.0493888854980469 0.0016937255859375
0.0266437530517578 -0.00938606262207031 0.0448989868164063 -0.0268974304199219
0.0204582214355469 -0.0237903594970703 0.0296745300292969 -0.0391120910644531
0.0202617645263672 -0.0242538452148438 0.0169582366943359 -0.0328006744384766
0.0233688354492188 -0.0279598236083984 0.0131874084472656 -0.0231380462646484
0.0332298278808594 -0.0211296081542969 0.0125255584716797 -0.0190048217773438
0.0422782897949219 -0.000186920166015625 0.00428295135498047 -0.0127143859863281
0.0390396118164063 0.0250930786132812 0.00502204895019532 -0.0160808563232422
0.00829315185546875 0.0535812377929688 0.00977516174316406 -0.0261306762695312
-0.0212211608886719 0.0645332336425781 0.0259075164794922 -0.0268764495849609
-0.0465469360351563 0.0534591674804688 0.031005859375 -0.0138320922851562
-0.0655632019042969 0.045654296875 0.0400047302246094 0.0241012573242188
-0.0336532592773438 0.0576248168945313 0.0074005126953125 0.0246906280517578
-0.00790405273437501 0.0596275329589844 0.00593185424804688 0.0360527038574219
0.0272979736328125 0.0447006225585938 0.0333919525146484 0.0338516235351563
0.0409469604492188 0.0171127319335938 0.0417404174804688 0.0085296630859375
0.0431861877441406 -0.0125885009765625 0.0374221801757812 -0.0171165466308594
0.0326690673828125 -0.0318126678466797 0.0239410400390625 -0.0266838073730469
0.0307235717773438 -0.0312252044677734 0.0107955932617188 -0.0198802947998047
0.0349273681640625 -0.0356178283691406 0.00634574890136719 -0.0113487243652344
0.0452041625976563 -0.0253868103027344 0.00317573547363282 -0.0106916427612305
0.0531120300292969 0.00245285034179688 -0.00577831268310547 -0.00802278518676758
0.0461311340332031 0.0313148498535156 -0.00277519226074218 -0.0128726959228516
0.00645828247070313 0.0630340576171875 0.00426673889160156 -0.0220203399658203
-0.0296630859375 0.071380615234375 0.0180568695068359 -0.0141410827636719
-0.0573768615722656 0.054046630859375 0.0128679275512695 -0.000171661376953122
-0.0755767822265625 0.036529541015625 0.0132942199707031 0.0385284423828125
-0.0504035949707031 0.0578994750976563 -0.00860977172851563 0.0390548706054688
-0.0194854736328125 0.0699234008789063 -0.00207901000976562 0.0419464111328125
0.026702880859375 0.058990478515625 0.0225715637207031 0.0366897583007813
0.0484085083007813 0.0254631042480469 0.0279102325439453 0.0143833160400391
0.0536880493164063 -0.0117988586425781 0.0245094299316406 -0.0046844482421875
0.0399589538574219 -0.0345497131347656 0.0137948989868164 -0.0107507705688477
0.0367012023925781 -0.0331878662109375 0.00287890434265137 -0.00435853004455567
0.0412940979003906 -0.0385055541992188 -0.00261974334716797 0.00383615493774414
0.0504913330078125 -0.0263938903808594 -0.00847911834716797 0.000312328338623045
0.0572090148925781 0.00442123413085938 -0.0158805847167969 -0.00153446197509766
0.0466880798339844 0.0342445373535156 -0.0105323791503906 -0.0109033584594727
0.00182342529296876 0.0651321411132813 0.000766754150390623 -0.017303466796875
-0.0361900329589844 0.0690193176269531 0.0119419097900391 -0.000524520874023433
-0.0627708435058594 0.0464553833007813 -0.00848674774169922 0.0128746032714844
-0.0714187622070313 0.0200729370117188 -0.0138778686523438 0.0479888916015625
-0.0564079284667969 0.0432243347167969 -0.0258941650390625 0.0486640930175781
-0.0292510986328125 0.0635757446289063 -0.0104827880859375 0.0430335998535156
0.0177040100097656 0.0604476928710937 0.00873947143554687 0.0353355407714844
0.0442886352539063 0.0301246643066406 0.0127906799316406 0.0180568695068359
0.0539131164550781 -0.00787353515625 0.00927162170410157 0.00640201568603516
0.04083251953125 -0.0307350158691406 0.00200653076171875 0.00600385665893555
0.0365791320800781 -0.0300445556640625 -0.00527477264404297 0.0113153457641602
0.0410957336425781 -0.0353927612304688 -0.0122089385986328 0.0183086395263672
0.0488166809082031 -0.0237693786621094 -0.0199985504150391 0.0106658935546875
0.0538673400878906 0.00666427612304688 -0.02655029296875 0.00335121154785156
0.0417709350585938 0.034515380859375 -0.0169572830200195 -0.0100278854370117
-0.00416946411132812 0.0604629516601563 -0.00235176086425781 -0.0144739151000977
-0.040191650390625 0.0581207275390625 0.004669189453125 0.0106029510498047
-0.0614013671875 0.0326957702636719 -0.0296154022216797 0.0222377777099609
-0.0534515380859375 0.000427246093749989 -0.0368194580078125 0.0508346557617187
-0.0490837097167969 0.0212516784667969 -0.0392646789550781 0.0515174865722656
-0.0318069458007813 0.0428886413574219 -0.0159454345703125 0.0401535034179688
0.00585174560546875 0.0488319396972656 -0.00242424011230469 0.0307998657226563
0.0317764282226563 0.0275058746337891 -0.00174427032470703 0.017521858215332
0.0435142517089844 -0.00230026245117188 -0.00555229187011719 0.0150270462036133
0.0342502593994141 -0.0223484039306641 -0.00900459289550781 0.020111083984375
0.0305252075195313 -0.0225410461425781 -0.0129680633544922 0.0261611938476562
0.0354194641113281 -0.0270538330078125 -0.0204582214355469 0.0311679840087891
0.0412559509277344 -0.0178985595703125 -0.0307197570800781 0.0205802917480469
0.0444602966308594 0.00767898559570312 -0.0354804992675781 0.00741195678710938
0.0328788757324219 0.0311412811279297 -0.0236663818359375 -0.00951004028320312
-0.0104446411132813 0.0501289367675781 -0.00517749786376953 -0.0127830505371094
-0.0410423278808594 0.0409889221191406 -0.00298500061035157 0.0181617736816406
-0.0537796020507813 0.0141143798828125 -0.0498886108398438 0.0269012451171875
-0.0272502899169922 -0.0194721221923828 -0.0495452880859375 0.0478897094726562
-0.0321483612060547 -0.00345802307128906 -0.0446014404296875 0.0491676330566406
-0.0271148681640625 0.0150871276855469 -0.0178794860839844 0.0358161926269531
-0.00540351867675781 0.0278034210205078 -0.0101585388183594 0.0253334045410156
0.0138683319091797 0.0195522308349609 -0.0108737945556641 0.016657829284668
0.0261516571044922 0.00245857238769531 -0.0155849456787109 0.0207309722900391
0.0227985382080078 -0.0103321075439453 -0.0165290832519531 0.0299263000488281
0.0203895568847656 -0.0118770599365234 -0.0182418823242187 0.0354270935058594
0.0242919921875 -0.0158824920654297 -0.027069091796875 0.039459228515625
0.0286769866943359 -0.0102291107177734 -0.0396995544433594 0.0265998840332031
0.0305938720703125 0.00728797912597656 -0.0430793762207031 0.00988006591796876
0.0212383270263672 0.0235824584960938 -0.0297775268554688 -0.0101871490478516
-0.0135383605957031 0.0343189239501953 -0.00913524627685547 -0.0135412216186523
-0.0357170104980469 0.0205726623535156 -0.0117111206054688 0.0186176300048828
-0.0381889343261719 -0.00600051879882813 -0.0663719177246094 0.0242042541503906
0.00928115844726563 0.0241413116455078 0.0727386474609375 -0.0241622924804688
0.0235195159912109 0.0009002685546875 0.0226364135742187 -0.0140361785888672
0.00764179229736328 -0.015355110168457 0.00936222076416016 0.0162487030029297
-0.007049560546875 -0.0132112503051758 0.03759765625 0.0191421508789063
-0.0124759674072266 -0.00433826446533203 0.0508804321289063 -0.00803756713867188
-0.0126533508300781 0.00470447540283203 0.0456962585449219 -0.0373611450195313
-0.00943183898925781 0.00226211547851563 0.0310707092285156 -0.0500984191894531
-0.00917243957519531 -0.00111293792724609 0.0199317932128906 -0.0441131591796875
-0.0103158950805664 -0.00275897979736328 0.0188255310058594 -0.0360527038574219
-0.00542545318603516 -0.0101604461669922 0.0186328887939453 -0.0270271301269531
0.00467872619628906 -0.0131654739379883 0.0153827667236328 -0.0205211639404297
0.0163812637329102 -0.00562477111816406 0.0156936645507813 -0.0236759185791016
0.0203819274902344 0.0129337310791016 0.0246353149414063 -0.0352096557617188
0.0135784149169922 0.0291156768798828 0.0440025329589844 -0.0478668212890625
-0.00194549560546875 0.0352516174316406 0.05517578125 -0.0419425964355469
-0.0185470581054687 0.0400428771972656 0.0732955932617188 -0.0111083984375
0.008148193359375 0.02581787109375 0.0233707427978516 -0.00489997863769531
0.00673007965087891 0.0109395980834961 0.0119667053222656 0.0219306945800781
0.00831413269042969 0.00445842742919922 0.0414314270019531 0.0228614807128906
0.00731372833251953 0.000655174255371094 0.0534706115722656 -0.00487899780273438
0.00740146636962891 -0.00377082824707031 0.0482864379882813 -0.0360221862792969
0.00569534301757812 -0.0131597518920898 0.0320014953613281 -0.0493278503417969
0.00619888305664063 -0.0145998001098633 0.0196380615234375 -0.0426712036132813
0.00740718841552735 -0.0171585083007813 0.0173835754394531 -0.0334491729736328
0.0159759521484375 -0.0165605545043945 0.0176467895507813 -0.0263843536376953
0.026611328125 -0.00576591491699219 0.011627197265625 -0.0184917449951172
0.0291900634765625 0.0128459930419922 0.0118026733398438 -0.0201187133789063
0.0134391784667969 0.0378036499023438 0.0175342559814453 -0.0313911437988281
-0.00682830810546875 0.0515670776367188 0.0357398986816406 -0.0404510498046875
-0.0278472900390625 0.0488853454589844 0.0473365783691406 -0.0310516357421875
-0.0457305908203125 0.0491294860839844 0.0626411437988281 0.0054779052734375
-0.0121307373046875 0.0476875305175781 0.0184879302978516 0.00938034057617188
0.00267410278320313 0.039520263671875 0.0108528137207031 0.0295791625976563
0.0212535858154297 0.0254230499267578 0.0411186218261719 0.0290412902832031
0.0277194976806641 0.00726127624511719 0.0518341064453125 0.00100326538085938
0.0278358459472656 -0.0113792419433594 0.0462532043457031 -0.0293769836425781
0.0203838348388672 -0.0261516571044922 0.0291595458984375 -0.0420646667480469
0.0199184417724609 -0.0263652801513672 0.0162010192871094 -0.0344886779785156
0.0236072540283203 -0.0302467346191406 0.0125846862792969 -0.0253067016601563
0.0343666076660156 -0.0233917236328125 0.0115718841552734 -0.0210189819335938
0.0440788269042969 -0.00161361694335937 0.00358867645263672 -0.0146074295043945
0.0418434143066406 0.0248947143554688 0.00534915924072266 -0.0175008773803711
0.0104293823242187 0.0558853149414063 0.0103626251220703 -0.0274124145507813
-0.0196113586425781 0.0684013366699219 0.0263881683349609 -0.0292720794677734
-0.0471839904785156 0.0574226379394531 0.0325870513916016 -0.0171947479248047
-0.0671958923339844 0.0507621765136719 0.0427665710449219 0.0242958068847656
-0.0335311889648438 0.0614204406738281 0.00728988647460937 0.0258369445800781
-0.00571823120117188 0.0629234313964844 0.006011962890625 0.037384033203125
0.0307502746582031 0.0463218688964844 0.0352096557617188 0.0345916748046875
0.0441856384277344 0.0164756774902344 0.0436630249023437 0.0086822509765625
0.0455436706542969 -0.015106201171875 0.0386276245117187 -0.0187263488769531
0.0328865051269531 -0.0344905853271484 0.0234584808349609 -0.0291671752929688
0.0307445526123047 -0.0338401794433594 0.0105686187744141 -0.0211582183837891
0.0347404479980469 -0.0394744873046875 0.00558185577392578 -0.0119743347167969
0.0459213256835938 -0.0286331176757812 0.00216865539550782 -0.0121660232543945
0.0559120178222656 -1.9073486328125E-05 -0.00671577453613281 -0.0090484619140625
0.0494842529296875 0.031036376953125 -0.00286674499511718 -0.0143318176269531
0.00926971435546875 0.0663909912109375 0.00413322448730469 -0.0228672027587891
-0.0277023315429688 0.0761032104492188 0.0186042785644531 -0.015411376953125
-0.0593109130859375 0.0589523315429687 0.0135774612426758 -0.00211429595947265
-0.0780563354492188 0.041351318359375 0.0153579711914062 0.0402946472167969
-0.0510635375976563 0.0622825622558594 -0.00844573974609375 0.0406646728515625
-0.01763916015625 0.0744247436523438 -0.00239944458007813 0.0436592102050781
0.0303497314453125 0.0608558654785156 0.0239601135253906 0.03851318359375
0.0513877868652344 0.0251998901367187 0.0298557281494141 0.0148563385009766
0.0560836791992188 -0.0147590637207031 0.0255393981933594 -0.0056304931640625
0.0404052734375 -0.0378150939941406 0.0137186050415039 -0.0114555358886719
0.0369911193847656 -0.0362052917480469 0.00278759002685547 -0.0053091049194336
0.0413818359375 -0.0425605773925781 -0.00330996513366699 0.00399589538574218
0.0514488220214844 -0.0303153991699219 -0.00941944122314453 9.05990600585914E-05
0.060394287109375 0.0023651123046875 -0.0171957015991211 -0.00182342529296875
0.0515556335449219 0.0344810485839844 -0.0106306076049805 -0.0118408203125
0.00486373901367187 0.0684738159179688 0.000589370727539064 -0.0186767578125
-0.0345458984375 0.0738143920898438 0.0118560791015625 -0.00134181976318359
-0.0643692016601563 0.0510673522949219 -0.00853443145751953 0.0126180648803711
-0.0742034912109375 0.0239944458007812 -0.0132789611816406 0.0513801574707031
-0.0576400756835937 0.0481376647949219 -0.0264663696289063 0.0511627197265625
-0.0279808044433594 0.068084716796875 -0.0110931396484375 0.0450592041015625
0.0213737487792969 0.0627708435058594 0.00982666015625001 0.0370521545410156
0.0474624633789063 0.0298194885253906 0.0134410858154297 0.0190067291259766
0.0558395385742188 -0.0106887817382813 0.0104866027832031 0.00674819946289063
0.0410194396972656 -0.0340499877929688 0.00245475769042969 0.00555038452148437
0.0372505187988281 -0.0335006713867188 -0.00548267364501953 0.0118379592895508
0.0411643981933594 -0.0394859313964844 -0.0123043060302734 0.0192947387695312
0.0501441955566406 -0.0274276733398438 -0.0209846496582031 0.0117034912109375
0.0568771362304688 0.004852294921875 -0.0278339385986328 0.00424385070800782
0.0458793640136719 0.0345115661621094 -0.0179042816162109 -0.00983810424804687
-0.00164413452148437 0.0640869140625 -0.00278091430664063 -0.0151681900024414
-0.0392990112304688 0.0624427795410156 0.0051584243774414 0.0104093551635742
-0.0634384155273438 0.0361785888671875 -0.0303859710693359 0.0229854583740234
-0.0565185546875 0.00249099731445313 -0.0378570556640625 0.0551300048828125
-0.050445556640625 0.0249290466308594 -0.040313720703125 0.05487060546875
-0.0312957763671875 0.0460281372070313 -0.0171127319335938 0.0425376892089844
0.00883865356445313 0.0514640808105469 -0.002716064453125 0.0327816009521484
0.0339870452880859 0.0279350280761719 -0.000986099243164059 0.0196495056152344
0.0459403991699219 -0.00516128540039063 -0.00490760803222656 0.0161771774291992
0.0348873138427734 -0.0244140625 -0.00860404968261719 0.0215873718261719
0.0316696166992188 -0.0250244140625 -0.0117969512939453 0.0270652770996094
0.0353050231933594 -0.0308074951171875 -0.0202770233154297 0.0326499938964844
0.04241943359375 -0.0204696655273438 -0.031707763671875 0.0226097106933594
0.0473670959472656 0.0060882568359375 -0.0370292663574219 0.00938034057617187
0.0362052917480469 0.03125 -0.0254859924316406 -0.00927162170410156
-0.00830459594726563 0.053192138671875 -0.00591564178466797 -0.0135354995727539
-0.04052734375 0.0448112487792969 -0.00293540954589844 0.0182209014892578
-0.0555458068847656 0.0162887573242188 -0.0514984130859375 0.0286865234375
-0.0291748046875 -0.0192623138427734 -0.0510292053222656 0.052734375
-0.0339870452880859 -0.00216102600097656 -0.0463371276855469 0.052520751953125
-0.0273723602294922 0.0169105529785156 -0.0190620422363281 0.0379066467285156
-0.00403976440429687 0.0297145843505859 -0.0109272003173828 0.0275325775146484
0.015380859375 0.0199241638183594 -0.0110225677490234 0.0183372497558594
0.0272235870361328 0.000856399536132813 -0.0151748657226562 0.0227108001708984
0.0228404998779297 -0.0121021270751953 -0.0162277221679688 0.0316734313964844
0.0205459594726563 -0.0136070251464844 -0.0175094604492187 0.0373764038085938
0.0246601104736328 -0.0177803039550781 -0.0271492004394531 0.0422134399414063
0.0290260314941406 -0.0124111175537109 -0.0408096313476563 0.0292892456054687
0.0326099395751953 0.00672340393066406 -0.0452003479003906 0.0117530822753906
0.0231666564941406 0.0241794586181641 -0.0315780639648438 -0.00999832153320312
-0.0127105712890625 0.0364227294921875 -0.00972175598144531 -0.0142326354980469
-0.0357208251953125 0.0231056213378906 -0.0118141174316406 0.0196533203125
-0.0403099060058594 -0.005462646484375 -0.06866455078125 0.0272445678710937
0.0113124847412109 0.0239467620849609 0.0751266479492188 -0.0294952392578125
0.0244350433349609 -0.000463485717773437 0.0223064422607422 -0.0161952972412109
0.00678253173828125 -0.0162019729614258 0.0105266571044922 0.0165061950683594
-0.0081329345703125 -0.0129661560058594 0.0404090881347656 0.0181770324707031
-0.0135231018066406 -0.00349044799804687 0.0525627136230469 -0.0109329223632813
-0.0123786926269531 0.00566959381103515 0.045379638671875 -0.0415573120117188
-0.00892734527587891 0.00265121459960937 0.0284690856933594 -0.0540351867675781
-0.00988674163818359 -0.00026988983154297 0.0180435180664062 -0.0472145080566406
-0.010955810546875 -0.00246810913085938 0.0166435241699219 -0.0385208129882813
-0.00617313385009766 -0.0099334716796875 0.0180854797363281 -0.0297145843505859
0.00429058074951172 -0.0139131546020508 0.0145912170410156 -0.0229244232177734
0.0170192718505859 -0.00690841674804688 0.0161380767822266 -0.0261154174804688
0.022064208984375 0.0116767883300781 0.0245323181152344 -0.0375518798828125
0.0159740447998047 0.0298786163330078 0.0435028076171875 -0.0525588989257812
-0.000255584716796872 0.0368080139160156 0.0565452575683594 -0.0485992431640625
-0.0166473388671875 0.0424842834472656 0.0765228271484375 -0.01580810546875
0.0104236602783203 0.0262565612792969 0.0244331359863281 -0.00616836547851562
0.00807666778564453 0.011317253112793 0.0123233795166016 0.022735595703125
0.00902748107910156 0.00462722778320313 0.0443611145019531 0.02227783203125
0.00789690017700195 0.000296115875244141 0.0553054809570313 -0.00747299194335938
0.00774049758911133 -0.00506114959716797 0.0482673645019531 -0.0403671264648438
0.00498580932617187 -0.0139970779418945 0.0300369262695313 -0.0535774230957031
0.00484943389892578 -0.0153770446777344 0.0174026489257812 -0.0450973510742188
0.00648689270019531 -0.0187702178955078 0.0158729553222656 -0.0365447998046875
0.0160579681396484 -0.0186119079589844 0.0163135528564453 -0.0292434692382813
0.0269241333007813 -0.00792884826660156 0.0108566284179688 -0.0209827423095703
0.0314407348632813 0.0115261077880859 0.0122585296630859 -0.0226650238037109
0.0164108276367187 0.0384941101074219 0.0173625946044922 -0.0336875915527344
-0.00320053100585938 0.0542564392089844 0.0354728698730469 -0.044036865234375
-0.0265426635742188 0.0528678894042969 0.0486297607421875 -0.0366287231445313
-0.0445442199707031 0.0545005798339844 0.066253662109375 0.00255966186523438
-0.00963973999023437 0.0506172180175781 0.0200958251953125 0.00830268859863282
0.00573348999023437 0.0414619445800781 0.0119075775146484 0.0303974151611328
0.0249004364013672 0.0253200531005859 0.0439834594726563 0.0279998779296875
0.0293750762939453 0.00632667541503906 0.053619384765625 -0.00157546997070312
0.0286083221435547 -0.0140895843505859 0.0465621948242187 -0.0330924987792969
0.0196933746337891 -0.0283679962158203 0.0277175903320312 -0.0456581115722656
0.0189609527587891 -0.0287361145019531 0.0140113830566406 -0.0369606018066406
0.0219364166259766 -0.0331993103027344 0.0112476348876953 -0.0271663665771484
0.0341644287109375 -0.0270366668701172 0.00970077514648438 -0.0236358642578125
0.0464248657226563 -0.00501251220703125 0.0024557113647461 -0.0166130065917969
0.0457115173339844 0.0235366821289063 0.00555992126464844 -0.0195484161376953
0.0146903991699219 0.0581626892089844 0.00989341735839844 -0.0294437408447266
-0.015960693359375 0.0728302001953125 0.0264568328857422 -0.0323867797851562
-0.0459861755371094 0.063201904296875 0.0335121154785156 -0.0214862823486328
-0.0670700073242188 0.0569381713867187 0.0464019775390625 0.0229988098144531
-0.0310516357421875 0.0663948059082031 0.00908851623535156 0.0259037017822266
-0.0012969970703125 0.0667457580566406 0.00709915161132813 0.0392036437988281
0.0356216430664063 0.046600341796875 0.0380210876464844 0.03497314453125
0.0474853515625 0.0140571594238281 0.0457725524902344 0.00690460205078125
0.0465927124023437 -0.0192031860351563 0.0396652221679688 -0.0211753845214844
0.0320510864257813 -0.0384521484375 0.0228061676025391 -0.0314311981201172
0.0296821594238281 -0.0376319885253906 0.00912666320800781 -0.0231647491455078
0.0334281921386719 -0.0439910888671875 0.00448894500732422 -0.0134115219116211
0.045989990234375 -0.0334625244140625 0.000241279602050785 -0.0133962631225586
0.0586128234863281 -0.00373077392578125 -0.00782489776611328 -0.00961494445800781
0.0542182922363281 0.0289688110351563 -0.00325775146484375 -0.0158548355102539
0.014434814453125 0.0689582824707031 0.003936767578125 -0.0241966247558594
-0.0231246948242188 0.0816879272460938 0.0187530517578125 -0.0180473327636719
-0.0586967468261719 0.0652122497558594 0.0140171051025391 -0.00481224060058593
-0.0787734985351563 0.048583984375 0.0182876586914063 0.0415420532226563
-0.0491409301757812 0.0681571960449219 -0.00704956054687501 0.042999267578125
-0.0128326416015625 0.0787734985351563 -0.00118255615234375 0.0461082458496094
0.0365562438964844 0.061553955078125 0.0261154174804688 0.0395431518554688
0.0558204650878906 0.0227775573730469 0.0321102142333984 0.0147113800048828
0.0576553344726562 -0.0195159912109375 0.0274257659912109 -0.00716209411621094
0.0398521423339844 -0.042022705078125 0.0138406753540039 -0.0128250122070313
0.0358352661132813 -0.0405845642089844 0.00242996215820313 -0.00536680221557617
0.0396614074707031 -0.047332763671875 -0.00298666954040527 0.00399374961853027
0.0512962341308594 -0.0358009338378906 -0.010951042175293 0.000248908996582028
0.0635185241699219 -0.00240325927734375 -0.0186443328857422 -0.00146484375
0.0561180114746094 0.0320205688476563 -0.0114107131958008 -0.0119609832763672
0.010528564453125 0.071533203125 0.000249862670898438 -0.0196342468261719
-0.0304183959960938 0.0801315307617188 0.0129804611206055 -0.00245285034179687
-0.0644645690917969 0.0573577880859375 -0.0078878402709961 0.0122356414794922
-0.0761260986328125 0.0302352905273437 -0.0110893249511719 0.0551528930664063
-0.0574378967285156 0.053924560546875 -0.0252113342285156 0.0550117492675781
-0.0244674682617187 0.0729522705078125 -0.010528564453125 0.0474777221679688
0.0269699096679687 0.0645675659179688 0.0108375549316406 0.0388031005859375
0.0518455505371094 0.0279960632324219 0.0147743225097656 0.0200405120849609
0.0579795837402344 -0.0153007507324219 0.0116863250732422 0.00708961486816406
0.0409622192382813 -0.0384140014648438 0.00304079055786133 0.00601816177368164
0.035888671875 -0.0373916625976562 -0.00475502014160156 0.0127954483032227
0.0402641296386719 -0.0440559387207031 -0.0113410949707031 0.0205650329589844
0.0500640869140625 -0.0327301025390625 -0.0216426849365234 0.0132694244384766
0.0603599548339844 0.000331878662109375 -0.0289211273193359 0.00617408752441406
0.0501213073730469 0.0325584411621094 -0.0192642211914062 -0.00902938842773438
0.003143310546875 0.0672874450683594 -0.00334930419921875 -0.0158843994140625
-0.0364608764648437 0.0683670043945313 0.0063018798828125 0.0100431442260742
-0.0639533996582031 0.0417213439941406 -0.0305671691894531 0.0248355865478516
-0.0583381652832031 0.00669479370117187 -0.0361785888671875 0.0605621337890625
-0.0511627197265625 0.0291061401367187 -0.0396347045898438 0.0595626831054688
-0.0290031433105469 0.0506553649902344 -0.0168380737304688 0.0451507568359375
0.0126380920410156 0.052734375 -0.00176620483398437 0.0348892211914063
0.0376510620117188 0.0265846252441406 -0.000396728515624997 0.0209751129150391
0.0474357604980469 -0.00902175903320313 -0.00342559814453125 0.0176963806152344
0.03436279296875 -0.0282020568847656 -0.00717544555664063 0.0223407745361328
0.0308513641357422 -0.0285205841064453 -0.0110301971435547 0.0291728973388672
0.0345001220703125 -0.0341129302978516 -0.0190315246582031 0.0355873107910156
0.0420570373535156 -0.02490234375 -0.0322113037109375 0.0250988006591797
0.0501022338867188 0.0028533935546875 -0.0387344360351563 0.0115394592285156
0.0394020080566406 0.0301094055175781 -0.0266208648681641 -0.00851631164550781
-0.00487518310546875 0.0560073852539063 -0.00681686401367188 -0.0143661499023437
-0.0387420654296875 0.049560546875 -0.001678466796875 0.0185527801513672
-0.0566558837890625 0.0203285217285156 -0.0523490905761719 0.0326080322265625
-0.031463623046875 -0.0177364349365234 -0.0511245727539062 0.0590133666992188
-0.0355033874511719 0.000286102294921882 -0.0458030700683594 0.0575790405273438
-0.0273056030273437 0.0194950103759766 -0.0188713073730469 0.0401039123535156
-0.00206565856933593 0.0312957763671875 -0.0104999542236328 0.0296707153320313
0.0171451568603516 0.0193424224853516 -0.0106716156005859 0.0206317901611328
0.0287075042724609 -0.00122833251953125 -0.0135784149169922 0.0252571105957031
0.0231246948242188 -0.0143795013427734 -0.0145092010498047 0.0341987609863281
0.0207195281982422 -0.0158233642578125 -0.0155601501464844 0.0397872924804688
0.0241928100585938 -0.0203990936279297 -0.0252914428710938 0.0454864501953125
0.0294227600097656 -0.0152263641357422 -0.040863037109375 0.0331840515136719
0.0344505310058594 0.00411796569824219 -0.0464668273925781 0.0147972106933594
0.0255699157714844 0.0235023498535156 -0.0336284637451172 -0.00895500183105468
-0.0101509094238281 0.0392379760742188 -0.0110340118408203 -0.0149040222167969
-0.0354652404785156 0.0259895324707031 -0.0109310150146484 0.0210380554199219
-0.042266845703125 -0.0031585693359375 -0.0701904296875 0.0319900512695313
0.0128078460693359 0.0236530303955078 0.0749359130859375 -0.035552978515625
0.0246963500976563 -0.00234603881835938 0.0217571258544922 -0.0188102722167969
0.00582504272460938 -0.0163154602050781 0.0112676620483398 0.0161104202270508
-0.00980758666992188 -0.0124664306640625 0.0420150756835938 0.0164527893066406
-0.0133399963378906 -0.0027618408203125 0.0526237487792969 -0.0145301818847656
-0.0123043060302734 0.00615406036376953 0.0437202453613281 -0.0458831787109375
-0.00823736190795898 0.00395107269287109 0.0244064331054688 -0.05743408203125
-0.010004997253418 0.000397682189941408 0.0142250061035156 -0.049346923828125
-0.0111865997314453 -0.00147342681884766 0.0144195556640625 -0.0411949157714844
-0.00716876983642578 -0.00942134857177735 0.0159893035888672 -0.0324020385742188
0.00278472900390625 -0.0142230987548828 0.0128402709960938 -0.0263652801513672
0.0163106918334961 -0.00816059112548828 0.0153789520263672 -0.0286731719970703
0.0233879089355469 0.00994873046875 0.0229911804199219 -0.0396156311035156
0.0177230834960938 0.0290145874023438 0.0412559509277344 -0.0566368103027344
0.00249862670898438 0.0370826721191406 0.0545463562011719 -0.0544166564941406
-0.0138931274414063 0.0455322265625 0.077545166015625 -0.0219573974609375
0.012603759765625 0.0262413024902344 0.0240802764892578 -0.00818634033203125
0.00926017761230469 0.0109586715698242 0.014251708984375 0.0224151611328125
0.00870180130004883 0.00405359268188477 0.0468406677246094 0.0207748413085938
0.00833368301391602 -0.000107765197753906 0.0559425354003906 -0.0114402770996094
0.0081939697265625 -0.00544357299804688 0.0456809997558594 -0.0444679260253906
0.00487709045410156 -0.0146760940551758 0.0261116027832031 -0.0559310913085937
0.00388908386230469 -0.0160121917724609 0.0135040283203125 -0.047637939453125
0.00526046752929687 -0.0194091796875 0.0126190185546875 -0.038665771484375
0.0147724151611328 -0.0199699401855469 0.0132846832275391 -0.0312881469726563
0.0270099639892578 -0.00965118408203125 0.00970268249511719 -0.0231056213378906
0.0328865051269531 0.00946044921875 0.011993408203125 -0.0247535705566406
0.0197525024414063 0.0377349853515625 0.0164871215820312 -0.035430908203125
0.00112152099609375 0.0555152893066406 0.0333480834960938 -0.0477294921875
-0.023193359375 0.0561332702636719 0.0467071533203125 -0.0421257019042969
-0.0416412353515625 0.059173583984375 0.06805419921875 -0.002899169921875
-0.00536346435546875 0.0532035827636719 0.0212173461914063 0.00742912292480469
0.00907516479492188 0.0418777465820313 0.0139427185058594 0.0306243896484375
0.0273323059082031 0.0238323211669922 0.0471076965332031 0.0266494750976563
0.0310859680175781 0.00379180908203125 0.0554122924804687 -0.004913330078125
0.0284690856933594 -0.0171413421630859 0.0449638366699219 -0.0371665954589844
0.0182456970214844 -0.031280517578125 0.0251846313476563 -0.0483245849609375
0.0166091918945313 -0.0304508209228516 0.01129150390625 -0.038909912109375
0.0194206237792969 -0.0359687805175781 0.00853729248046875 -0.0290813446044922
0.0322360992431641 -0.0308494567871094 0.00763893127441406 -0.0250530242919922
0.0465278625488281 -0.00860977172851563 0.000905990600585939 -0.0177574157714844
0.0481338500976563 0.0199165344238281 0.00473403930664063 -0.0213966369628906
0.0200729370117188 0.0578804016113281 0.00863265991210938 -0.0303554534912109
-0.0102081298828125 0.0754623413085938 0.02471923828125 -0.0353736877441406
-0.0427780151367188 0.0686416625976562 0.0327987670898438 -0.02593994140625
-0.0638809204101563 0.0634841918945313 0.049713134765625 0.020263671875
-0.0258636474609375 0.0705184936523438 0.0109844207763672 0.0255088806152344
0.00447845458984375 0.0679588317871094 0.00885772705078125 0.0395774841308594
0.0402412414550781 0.0441665649414063 0.0407371520996094 0.0340690612792969
0.0493965148925781 0.0104484558105469 0.0471763610839844 0.00447463989257813
0.0459823608398438 -0.0243682861328125 0.0390625 -0.0244407653808594
0.029876708984375 -0.0420265197753906 0.0207939147949219 -0.0338287353515625
0.0266456604003906 -0.0406341552734375 0.00708770751953125 -0.0243492126464844
0.0301246643066406 -0.0480117797851563 0.00298786163330078 -0.0135507583618164
0.0434417724609375 -0.0381851196289063 -0.00192737579345703 -0.0136308670043945
0.0591888427734375 -0.00946426391601562 -0.00870513916015625 -0.00998592376708984
0.0584297180175781 0.0251274108886719 -0.00368690490722656 -0.0160284042358398
0.0208244323730469 0.0693130493164063 0.00263786315917969 -0.0251140594482422
-0.0165252685546875 0.0850830078125 0.0178775787353516 -0.0202827453613281
-0.0548553466796875 0.070831298828125 0.014185905456543 -0.00752735137939453
-0.0764007568359375 0.0557403564453125 0.0214729309082031 0.0412750244140625
-0.0434951782226562 0.0737533569335938 -0.00415420532226562 0.0441055297851563
-0.0065155029296875 0.0815200805664063 0.00102996826171875 0.0469703674316406
0.0420951843261719 0.0595893859863281 0.02899169921875 0.0388908386230469
0.0589599609375 0.0185012817382813 0.0337886810302734 0.0132560729980469
0.0574417114257813 -0.0254173278808594 0.0279140472412109 -0.00843048095703125
0.036224365234375 -0.0462493896484375 0.0133190155029297 -0.0143947601318359
0.0334625244140625 -0.044281005859375 0.001556396484375 -0.00586175918579102
0.036224365234375 -0.0522308349609375 -0.00271153450012207 0.00404000282287597
0.0485801696777344 -0.040557861328125 -0.0112075805664062 0.000203132629394526
0.0649604797363281 -0.00829696655273438 -0.0196037292480469 -4.76837158203154E-05
0.0598983764648437 0.0285072326660156 -0.0118026733398437 -0.0120840072631836
0.0169754028320312 0.072174072265625 -0.00049591064453125 -0.0202770233154297
-0.024383544921875 0.0841445922851563 0.013310432434082 -0.00451469421386718
-0.061279296875 0.0636672973632813 -0.00741195678710938 0.0119562149047852
-0.0750656127929688 0.0374908447265625 -0.00705718994140625 0.0575599670410156
-0.0540390014648437 0.0594863891601563 -0.0222129821777344 0.0572242736816406
-0.0190963745117188 0.0766372680664063 -0.00819015502929687 0.0495872497558594
0.033447265625 0.0632095336914063 0.0134124755859375 0.0396270751953125
0.0554428100585938 0.0244636535644531 0.0164890289306641 0.0197677612304688
0.058197021484375 -0.0206260681152344 0.0132055282592773 0.00642299652099609
0.0377120971679687 -0.0432777404785156 0.00376224517822266 0.00599479675292968
0.0338401794433594 -0.041717529296875 -0.00446033477783203 0.0129051208496094
0.0364456176757812 -0.0484695434570313 -0.00998115539550781 0.0215988159179687
0.0483207702636719 -0.0378036499023437 -0.0212593078613281 0.0144424438476563
0.0612831115722656 -0.00527572631835938 -0.0295162200927734 0.008392333984375
0.0543785095214844 0.0290298461914063 -0.0194053649902344 -0.00819206237792969
0.00958251953125 0.06854248046875 -0.00444221496582031 -0.0160551071166992
-0.0307464599609375 0.0724029541015625 0.00746726989746094 0.00920677185058594
-0.0619659423828125 0.0470848083496094 -0.0295581817626953 0.0271644592285156
-0.058837890625 0.0123825073242187 -0.0331649780273438 0.0649147033691406
-0.0495529174804688 0.0341377258300781 -0.0365447998046875 0.0636825561523438
-0.0257072448730469 0.0546722412109375 -0.014862060546875 0.0471115112304687
0.0180397033691406 0.0529594421386719 -0.000324249267578124 0.0363388061523438
0.0409736633300781 0.0240592956542969 0.000606536865234377 0.0219478607177734
0.0471687316894531 -0.0128402709960938 -0.00135421752929687 0.0192146301269531
0.0332202911376953 -0.0326251983642578 -0.00537490844726562 0.0231361389160156
0.0285472869873047 -0.0316715240478516 -0.0095672607421875 0.0297012329101563
0.0327529907226563 -0.0382537841796875 -0.0161399841308594 0.0378227233886719
0.0406379699707031 -0.0293540954589844 -0.0307197570800781 0.0275897979736328
0.05218505859375 -0.00116348266601563 -0.0380477905273438 0.0153579711914062
0.0440444946289063 0.0275535583496094 -0.0274658203125 -0.00627326965332031
0.000305175781249999 0.057891845703125 -0.00722217559814453 -0.0143613815307617
-0.0346527099609375 0.053802490234375 -0.000404357910156252 0.0186061859130859
-0.0562705993652344 0.0248451232910156 -0.0511970520019531 0.0362014770507813
-0.0331649780273438 -0.0147056579589844 -0.0476722717285156 0.0654449462890625
-0.03631591796875 0.003936767578125 -0.0431747436523437 0.0626869201660156
-0.0261363983154297 0.0222129821777344 -0.01763916015625 0.0421371459960938
0.00135231018066406 0.0320072174072266 -0.00978469848632813 0.0315914154052734
0.0196056365966797 0.0180721282958984 -0.00895118713378906 0.0230064392089844
0.0288524627685547 -0.00356292724609375 -0.0111923217773437 0.02685546875
0.0218677520751953 -0.0162391662597656 -0.0114326477050781 0.0352592468261719
0.0200672149658203 -0.0181732177734375 -0.0123939514160156 0.0414047241210938
0.0226955413818359 -0.0227603912353516 -0.0224380493164063 0.0483169555664063
0.0285530090332031 -0.0175075531005859 -0.0393218994140625 0.036651611328125
0.0357017517089844 0.00119781494140625 -0.0465583801269531 0.0188941955566406
0.0274944305419922 0.0220527648925781 -0.0347118377685547 -0.00623512268066406
-0.00730133056640625 0.0407943725585938 -0.0116491317749023 -0.0150146484375
-0.0338420867919922 0.0288200378417969 -0.00941848754882813 0.0215587615966797
-0.0425949096679688 -0.000675201416015631 -0.0695571899414063 0.0375747680664062
0.014923095703125 0.0232448577880859 0.0718154907226563 -0.0405960083007812
0.0252132415771484 -0.00510406494140625 0.0209674835205078 -0.0201568603515625
0.00550556182861328 -0.0162143707275391 0.0122547149658203 0.0156364440917969
-0.00909042358398438 -0.0110931396484375 0.0438652038574219 0.0136222839355469
-0.0132455825805664 -0.00149345397949219 0.0510673522949219 -0.0173530578613281
-0.0111980438232422 0.00766563415527344 0.039398193359375 -0.0482902526855469
-0.00846767425537109 0.0039525032043457 0.0200614929199219 -0.0581512451171875
-0.00925159454345703 0.00130081176757812 0.0112876892089844 -0.0500907897949219
-0.0110654830932617 -0.000808715820312498 0.0100364685058594 -0.0409049987792969
-0.00775432586669922 -0.00817728042602539 0.0132579803466797 -0.0328636169433594
0.00210285186767578 -0.0138521194458008 0.0114212036132813 -0.0259418487548828
0.0160226821899414 -0.00908470153808594 0.0136585235595703 -0.0298500061035156
0.0236186981201172 0.00794410705566406 0.0218658447265625 -0.0392723083496094
0.0195331573486328 0.0274448394775391 0.037506103515625 -0.0573501586914062
0.00508880615234375 0.0370635986328125 0.0519752502441406 -0.0598335266113281
-0.0119781494140625 0.0458564758300781 0.0743331909179688 -0.0271682739257812
0.0144271850585938 0.0251255035400391 0.0234584808349609 -0.0104026794433594
0.0106725692749023 0.0113706588745117 0.0147686004638672 0.0215911865234375
0.0101957321166992 0.00323677062988281 0.0477333068847656 0.0181694030761719
0.00813484191894531 2.33650207519531E-05 0.056488037109375 -0.0153427124023437
0.00740432739257813 -0.00772476196289063 0.0426445007324219 -0.0467376708984375
0.00368881225585937 -0.0143499374389648 0.0228843688964844 -0.0562896728515625
0.00340080261230469 -0.0169992446899414 0.0110435485839844 -0.0476036071777344
0.00365066528320313 -0.0189571380615234 0.00960540771484375 -0.0377922058105469
0.0124263763427734 -0.0217208862304688 0.0112590789794922 -0.03155517578125
0.0268669128417969 -0.0119915008544922 0.00701713562011719 -0.0238323211669922
0.0332279205322266 0.00618362426757813 0.0105934143066406 -0.0269546508789063
0.0221366882324219 0.035614013671875 0.0154304504394531 -0.0352897644042969
0.0045166015625 0.0558624267578125 0.0310897827148437 -0.0491676330566406
-0.0191383361816406 0.0594711303710937 0.0446395874023438 -0.0470390319824219
-0.0367317199707031 0.0613288879394531 0.0677528381347656 -0.00646209716796875
-0.00214385986328125 0.0517044067382812 0.0196247100830078 0.00572013854980469
0.0124702453613281 0.0418853759765625 0.0148792266845703 0.0309123992919922
0.0286426544189453 0.0214405059814453 0.0476646423339844 0.0235252380371094
0.0321216583251953 0.00132942199707031 0.0547561645507812 -0.007080078125
0.027923583984375 -0.0193710327148438 0.0431251525878906 -0.0390129089355469
0.0171890258789062 -0.0316619873046875 0.0199394226074219 -0.049591064453125
0.0151634216308594 -0.0316753387451172 0.00858688354492188 -0.0385360717773438
0.0173606872558594 -0.0375633239746094 0.00559616088867188 -0.0289459228515625
0.0290603637695312 -0.0323524475097656 0.00570106506347656 -0.0250930786132813
0.04559326171875 -0.0114974975585938 -0.000690460205078123 -0.0184402465820313
0.0495872497558594 0.0164680480957031 0.00446319580078125 -0.0226821899414063
0.0231513977050781 0.0572662353515625 0.00747489929199219 -0.0310115814208984
-0.00445556640625 0.0747451782226563 0.0223045349121094 -0.0361824035644531
-0.0372238159179688 0.0714950561523438 0.0318374633789063 -0.029266357421875
-0.0599174499511719 0.0684051513671875 0.0496711730957031 0.0167655944824219
-0.0211181640625 0.0709457397460937 0.0116195678710937 0.0249309539794922
0.00872039794921875 0.0670433044433594 0.0115242004394531 0.0397109985351563
0.0436172485351563 0.0420684814453125 0.0419120788574219 0.0309982299804688
0.0508079528808594 0.00727462768554687 0.0473709106445312 0.00244903564453125
0.0437393188476563 -0.0283889770507812 0.037872314453125 -0.0262947082519531
0.0269622802734375 -0.0444717407226563 0.0181846618652344 -0.0345211029052734
0.0236244201660156 -0.0425186157226562 0.00453948974609375 -0.0245513916015625
0.0264091491699219 -0.0504493713378906 0.00182819366455078 -0.014129638671875
0.0406646728515625 -0.0417709350585938 -0.00402259826660156 -0.0135879516601563
0.0583763122558594 -0.0131263732910156 -0.0108404159545898 -0.00940132141113281
0.0595207214355469 0.0196304321289063 -0.00365257263183594 -0.0176868438720703
0.0251083374023437 0.0687332153320313 0.00205802917480469 -0.0248317718505859
-0.0114822387695313 0.0847244262695312 0.0172176361083984 -0.0208988189697266
-0.0497894287109375 0.07415771484375 0.0136699676513672 -0.00897121429443359
-0.0726318359375 0.0597610473632813 0.0242233276367187 0.0396766662597656
-0.0375289916992187 0.0754165649414063 -0.00109100341796875 0.043548583984375
-9.15527343750068E-05 0.0820083618164063 0.00278472900390625 0.0463905334472656
0.0457725524902344 0.0560226440429688 0.0303726196289063 0.0367660522460938
0.0608711242675781 0.013824462890625 0.0339241027832031 0.0125045776367188
0.0544242858886719 -0.029937744140625 0.0269947052001953 -0.00894737243652344
0.0337104797363281 -0.0495643615722656 0.0126266479492188 -0.0153141021728516
0.0285606384277344 -0.0454940795898438 0.000357151031494142 -0.00643968582153321
0.0333251953125 -0.0535240173339844 -0.00338292121887207 0.00415658950805664
0.0446548461914063 -0.0435905456542969 -0.0121221542358398 0.000845909118652342
0.0644950866699219 -0.0119552612304688 -0.0206756591796875 7.43865966796836E-05
0.0608367919921875 0.0230331420898438 -0.0115203857421875 -0.0128669738769531
0.02276611328125 0.0709457397460938 -0.00100135803222656 -0.01971435546875
-0.0173263549804688 0.0860366821289063 0.0121517181396484 -0.0053110122680664
-0.05706787109375 0.0668525695800781 -0.00679016113281251 0.0104265213012695
-0.0717926025390625 0.0430145263671875 -0.00321578979492189 0.0576248168945313
-0.0493278503417969 0.0617179870605469 -0.01837158203125 0.057373046875
-0.0147857666015625 0.077606201171875 -0.00609207153320313 0.0488471984863281
0.0371208190917969 0.0602340698242188 0.0143661499023438 0.0391616821289063
0.0561027526855469 0.020050048828125 0.0177707672119141 0.01910400390625
0.0558586120605469 -0.0250778198242187 0.0137414932250977 0.00715255737304687
0.0351715087890625 -0.0450935363769531 0.00444793701171875 0.0057682991027832
0.0303840637207031 -0.0434303283691406 -0.00327205657958984 0.0123891830444336
0.0331687927246094 -0.0510787963867188 -0.00888442993164063 0.0222587585449219
0.0443572998046875 -0.0405235290527344 -0.0196952819824219 0.0151634216308594
0.0605010986328125 -0.009918212890625 -0.0289688110351563 0.00993537902832031
0.0562705993652344 0.0243072509765625 -0.0201930999755859 -0.00641632080078125
0.0144844055175781 0.0673255920410156 -0.00502490997314453 -0.0159587860107422
-0.0248641967773438 0.0736312866210938 0.00821685791015625 0.00814533233642579
-0.0589256286621094 0.0511550903320313 -0.0275688171386719 0.0272159576416016
-0.0566482543945313 0.0168952941894531 -0.0272216796875 0.0673713684082031
-0.0474929809570313 0.03704833984375 -0.031707763671875 0.0663108825683594
-0.0216827392578125 0.057037353515625 -0.0137786865234375 0.0489044189453125
0.0219650268554688 0.0511627197265625 0.0011749267578125 0.03741455078125
0.0417823791503906 0.0214500427246094 0.00132369995117188 0.0226154327392578
0.0447158813476562 -0.0170631408691406 -4.7683715820311E-05 0.0190410614013672
0.0294036865234375 -0.0352249145507813 -0.00441360473632812 0.0229244232177734
0.0252456665039063 -0.0325698852539063 -0.00767135620117188 0.0289764404296875
0.0284271240234375 -0.0400810241699219 -0.0125999450683594 0.0368614196777344
0.0370674133300781 -0.0326271057128906 -0.0298137664794922 0.0297431945800781
0.0512504577636719 -0.0062103271484375 -0.0379676818847656 0.0174179077148438
0.0456085205078125 0.0239830017089844 -0.0275001525878906 -0.00575447082519531
0.00380706787109375 0.0561676025390625 -0.00769710540771484 -0.013331413269043
-0.0301551818847656 0.054443359375 0.000494003295898435 0.0180931091308594
-0.0548515319824219 0.0272178649902344 -0.0480575561523438 0.038970947265625
-0.0337238311767578 -0.0113964080810547 -0.0438270568847656 0.0691642761230469
-0.0353660583496094 0.00537872314453126 -0.0400314331054687 0.0650672912597656
-0.0240364074707031 0.0236988067626953 -0.0168304443359375 0.0439338684082031
0.00329780578613281 0.0304164886474609 -0.00757408142089843 0.0321769714355469
0.0210704803466797 0.0160579681396484 -0.00754547119140625 0.0246353149414063
0.0286006927490234 -0.00638580322265625 -0.0086212158203125 0.0269279479980469
0.0210533142089844 -0.0182056427001953 -0.00948715209960938 0.0358924865722656
0.0195980072021484 -0.0189723968505859 -0.0106086730957031 0.0423431396484375
0.020751953125 -0.0243492126464844 -0.0190696716308594 0.0495262145996094
0.0269851684570313 -0.0185737609863281 -0.0362014770507813 0.0385398864746094
0.0348567962646484 -0.000804901123046875 -0.0442237854003906 0.0211105346679688
0.0283851623535156 0.0194721221923828 -0.0344696044921875 -0.00493049621582031
-0.00370407104492188 0.0408554077148438 -0.0121116638183594 -0.0138006210327148
-0.0303459167480469 0.0306568145751953 -0.0075531005859375 0.0218353271484375
-0.0419158935546875 0.00230789184570312 -0.0663909912109375 0.0422439575195312
0.0150489807128906 0.0220775604248047 0.0686302185058594 -0.0433540344238281
0.0236148834228516 -0.00444412231445313 0.0184440612792969 -0.0202960968017578
0.00391483306884766 -0.0159788131713867 0.0119743347167969 0.0155878067016602
-0.0106620788574219 -0.0105457305908203 0.0430641174316406 0.0118141174316406
-0.0132598876953125 -0.00010108947753906 0.0497627258300781 -0.0187301635742188
-0.0101900100708008 0.00705432891845703 0.0365791320800781 -0.0483283996582031
-0.00787591934204102 0.00439453125 0.0177650451660156 -0.0577239990234375
-0.00931835174560547 0.00220489501953125 0.00775146484375 -0.0489082336425781
-0.0111255645751953 0.000554084777832033 0.00812530517578125 -0.0415077209472656
-0.00800943374633789 -0.00777053833007812 0.0107002258300781 -0.0337848663330078
0.00122833251953125 -0.0133705139160156 0.01019287109375 -0.0279293060302734
0.0149669647216797 -0.00965785980224609 0.0132408142089844 -0.0304832458496094
0.0235500335693359 0.00738525390625 0.0197525024414062 -0.0407791137695313
0.0195350646972656 0.0265674591064453 0.03515625 -0.0591773986816406
0.0062255859375 0.0358734130859375 0.0494499206542969 -0.0604019165039063
-0.0092315673828125 0.0459403991699219 0.0732955932617188 -0.0297470092773437
0.0146598815917969 0.0242424011230469 0.0221614837646484 -0.0122585296630859
0.0111503601074219 0.010894775390625 0.0153617858886719 0.0213127136230469
0.0110702514648438 0.00300502777099609 0.0473098754882813 0.0164070129394531
0.00856637954711914 -0.00177383422851562 0.0536346435546875 -0.0157127380371094
0.0066828727722168 -0.00785303115844727 0.0403976440429688 -0.0465202331542969
0.00348854064941406 -0.0152130126953125 0.0191612243652344 -0.0570945739746094
0.00225067138671875 -0.0157251358032227 0.00767898559570313 -0.0465545654296875
0.00287055969238281 -0.0196933746337891 0.00782012939453126 -0.0390892028808594
0.0114021301269531 -0.0215225219726563 0.00886726379394531 -0.0322608947753906
0.0252151489257812 -0.0116138458251953 0.00614547729492188 -0.0251064300537109
0.0333614349365234 0.00544929504394531 0.0101814270019531 -0.0275154113769531
0.0231952667236328 0.0346221923828125 0.0141143798828125 -0.0360145568847656
0.00706100463867188 0.05438232421875 0.0284500122070313 -0.0492401123046875
-0.0171890258789063 0.0572662353515625 0.0421333312988281 -0.0482902526855469
-0.034423828125 0.0625190734863281 0.0664443969726563 -0.0108757019042969
0.000244140624999997 0.0512771606445313 0.0204792022705078 0.00424575805664063
0.0142555236816406 0.0405426025390625 0.0151576995849609 0.0297527313232422
0.0305576324462891 0.0201549530029297 0.0470046997070313 0.0222434997558594
0.0314807891845703 0.0005035400390625 0.0530357360839844 -0.00873184204101563
0.0258808135986328 -0.02105712890625 0.0404624938964844 -0.0401229858398438
0.0145053863525391 -0.0327415466308594 0.0185775756835938 -0.0492362976074219
0.0130062103271484 -0.0320930480957031 0.006072998046875 -0.038360595703125
0.0151405334472656 -0.0372276306152344 0.00471878051757813 -0.0291118621826172
0.0274467468261719 -0.0336017608642578 0.00239372253417969 -0.0254173278808594
0.0446052551269531 -0.014373779296875 -0.00161933898925781 -0.0186481475830078
0.0493392944335938 0.0138778686523438 0.00341415405273438 -0.0229530334472656
0.0263023376464844 0.0543098449707031 0.00692939758300782 -0.0314044952392578
-0.00131988525390625 0.074615478515625 0.0217094421386719 -0.0369682312011719
-0.0346450805664062 0.07073974609375 0.0299263000488281 -0.0312881469726562
-0.0556602478027344 0.0694046020507812 0.05072021484375 0.0139808654785156
-0.017578125 0.0702629089355469 0.0130329132080078 0.0233268737792969
0.0117378234863281 0.0665016174316406 0.0115127563476562 0.0384559631347656
0.0452346801757813 0.038848876953125 0.0419158935546875 0.0305976867675781
0.05029296875 0.00449752807617188 0.0462074279785156 0.0009918212890625
0.0422554016113281 -0.0291786193847656 0.0360794067382813 -0.0268745422363281
0.0242195129394531 -0.0443649291992188 0.0165023803710937 -0.0348777770996094
0.0214309692382812 -0.0424880981445313 0.00321006774902344 -0.0243511199951172
0.0233306884765625 -0.049957275390625 0.00122737884521484 -0.0142459869384766
0.0368576049804688 -0.042694091796875 -0.00505447387695312 -0.0142822265625
0.0572967529296875 -0.0166778564453125 -0.0107688903808594 -0.00958156585693359
0.0600166320800781 0.0172462463378906 -0.00411224365234375 -0.0178012847900391
0.0283012390136719 0.0650634765625 0.00168037414550781 -0.0255279541015625
-0.0062713623046875 0.0853118896484375 0.0162315368652344 -0.02191162109375
-0.0460433959960937 0.0744781494140625 0.0128812789916992 -0.0104961395263672
-0.0679931640625 0.0627059936523438 0.0263595581054687 0.0378952026367188
-0.0341644287109375 0.0746994018554688 -0.000114440917968749 0.0426673889160156
0.002960205078125 0.080657958984375 0.00412368774414062 0.0458335876464844
0.0485496520996094 0.0529060363769531 0.0299873352050781 0.0363502502441406
0.0599174499511719 0.0116767883300781 0.0336894989013672 0.0112438201904297
0.0528030395507813 -0.032470703125 0.02716064453125 -0.0111331939697266
0.0309181213378906 -0.0498504638671875 0.0107240676879883 -0.0157670974731445
0.0270195007324219 -0.0472679138183594 0.000525951385498048 -0.00649785995483399
0.0282859802246094 -0.05517578125 -0.00304293632507324 0.00426030158996582
0.0416755676269531 -0.0460433959960938 -0.0129241943359375 0.00094985961914062
0.0624427795410156 -0.0166969299316406 -0.01947021484375 0.00142097473144531
0.0625076293945313 0.0198440551757813 -0.011683464050293 -0.0117359161376953
0.0257797241210937 0.0686225891113281 -0.00134468078613281 -0.0206756591796875
-0.0129241943359375 0.0841293334960938 0.0126571655273438 -0.00593852996826171
-0.053375244140625 0.0685348510742188 -0.00595283508300782 0.0103397369384766
-0.0681610107421875 0.0443000793457031 -0.000804901123046874 0.0572357177734375
-0.0451736450195313 0.0631599426269531 -0.0161323547363281 0.0576057434082031
-0.00959777832031251 0.0767135620117188 -0.0052642822265625 0.0493736267089844
0.0402297973632813 0.058074951171875 0.0151405334472656 0.0388412475585938
0.0565834045410156 0.0170745849609375 0.0180225372314453 0.0190372467041016
0.0537300109863281 -0.0279998779296875 0.0143909454345703 0.00554275512695312
0.0320892333984375 -0.046173095703125 0.0044703483581543 0.00532388687133789
0.0283546447753906 -0.0443649291992188 -0.00315761566162109 0.0126543045043945
0.0297431945800781 -0.0525283813476563 -0.00757026672363281 0.0217800140380859
0.0416793823242188 -0.0429458618164062 -0.0206127166748047 0.0154991149902344
0.0597648620605469 -0.0127830505371094 -0.0275859832763672 0.0103893280029297
0.0572166442871094 0.0215415954589844 -0.019378662109375 -0.00705528259277343
0.0176963806152344 0.0651435852050781 -0.00455856323242187 -0.0160140991210937
-0.0209503173828125 0.07379150390625 0.00808334350585937 0.00759696960449219
-0.055511474609375 0.0527763366699219 -0.0261611938476563 0.027862548828125
-0.0553550720214844 0.0189590454101562 -0.0255546569824219 0.0685768127441406
-0.0439109802246094 0.0385932922363281 -0.0301742553710938 0.06536865234375
-0.0190315246582031 0.0556983947753906 -0.0122261047363281 0.0473976135253906
0.0236434936523438 0.0495491027832031 0.00231552124023437 0.0371856689453125
0.0427703857421875 0.0183563232421875 0.00384330749511719 0.0230331420898438
0.0443763732910156 -0.0193901062011719 0.00122642517089844 0.0191249847412109
0.0280380249023438 -0.0357818603515625 -0.00209236145019531 0.0233116149902344
0.0242996215820313 -0.0342998504638672 -0.00589942932128906 0.0294170379638672
0.0266532897949219 -0.0420265197753906 -0.011962890625 0.0380516052246094
0.0354156494140625 -0.0335197448730469 -0.0279808044433594 0.0298061370849609
0.0500373840332031 -0.00825881958007813 -0.0364227294921875 0.0184516906738281
0.0458183288574219 0.021209716796875 -0.0265274047851562 -0.00410652160644532
0.00726318359375 0.0564498901367188 -0.00837993621826172 -0.0141744613647461
-0.0273513793945313 0.05523681640625 0.00134468078613281 0.0168600082397461
-0.0523033142089844 0.0304908752441406 -0.0467948913574219 0.0399971008300781
-0.0325431823730469 -0.0102157592773438 -0.0404014587402344 0.0700912475585937
-0.0340480804443359 0.00731468200683594 -0.0370025634765625 0.0650749206542969
-0.0227699279785156 0.0245609283447266 -0.014892578125 0.0426025390625
0.00507545471191406 0.0308418273925781 -0.00729560852050781 0.0325393676757813
0.0219917297363281 0.0151634216308594 -0.00646209716796875 0.0238456726074219
0.0274410247802734 -0.00784683227539062 -0.0072784423828125 0.0278434753417969
0.0193080902099609 -0.0185947418212891 -0.00742721557617188 0.0357208251953125
0.0170345306396484 -0.0195350646972656 -0.00812911987304688 0.0415229797363281
0.0197277069091797 -0.0253143310546875 -0.0156097412109375 0.0487174987792969
0.0257434844970703 -0.0205535888671875 -0.0342559814453125 0.0391654968261719
0.0348968505859375 -0.00323486328125 -0.0423202514648438 0.0234298706054687
0.0300083160400391 0.0182056427001953 -0.0339031219482422 -0.0035858154296875
-0.001953125 0.0404853820800781 -0.0127115249633789 -0.0138025283813477
-0.0288658142089844 0.0315666198730469 -0.00715065002441406 0.021240234375
-0.0413932800292969 0.00315093994140624 -0.0632591247558594 0.0432319641113281
0.0146694183349609 0.0211582183837891 0.0675811767578125 -0.0440216064453125
0.0232982635498047 -0.00487518310546875 0.0178241729736328 -0.0213890075683594
0.0035238265991211 -0.015716552734375 0.0120820999145508 0.0158510208129883
-0.0102748870849609 -0.0101776123046875 0.043304443359375 0.0116462707519531
-0.0128889083862305 0.000267982482910155 0.0498619079589844 -0.0190887451171875
-0.0104732513427734 0.00704288482666016 0.0359573364257813 -0.0482673645019531
-0.00734376907348633 0.00477743148803711 0.0163536071777344 -0.057861328125
-0.00911998748779297 0.00256252288818359 0.00693511962890625 -0.0485916137695313
-0.0109272003173828 0.000534057617187499 0.00722885131835937 -0.040863037109375
-0.00842046737670898 -0.00730180740356445 0.00956344604492188 -0.0336036682128906
0.00100517272949219 -0.0131797790527344 0.00892448425292969 -0.0289783477783203
0.0139856338500977 -0.00969123840332031 0.0128803253173828 -0.0311698913574219
0.0232944488525391 0.00675582885742187 0.0205268859863281 -0.0404052734375
0.0202274322509766 0.0259571075439453 0.0347442626953125 -0.0592994689941406
0.0069732666015625 0.0362625122070312 0.0479812622070313 -0.0632438659667969
-0.00888442993164062 0.0456123352050781 0.0725631713867188 -0.031005859375
0.0150222778320312 0.0238151550292969 0.0213603973388672 -0.0121231079101562
0.0112943649291992 0.0107755661010742 0.0145835876464844 0.0215835571289063
0.0104284286499023 0.00286197662353516 0.0471267700195313 0.0159149169921875
0.0088958740234375 -0.00141716003417969 0.0532035827636719 -0.015899658203125
0.0066227912902832 -0.00815820693969727 0.0392341613769531 -0.0473594665527344
0.00273704528808594 -0.0154972076416016 0.01788330078125 -0.0571975708007813
0.00157737731933594 -0.0155534744262695 0.00649261474609375 -0.046783447265625
0.00198936462402344 -0.0196571350097656 0.00629425048828125 -0.0384483337402344
0.0109157562255859 -0.0215320587158203 0.00714683532714844 -0.0328006744384766
0.024932861328125 -0.0127983093261719 0.00503730773925782 -0.02532958984375
0.0332546234130859 0.00455665588378906 0.00957870483398438 -0.0278358459472656
0.0236434936523438 0.0339527130126953 0.0147743225097656 -0.0358428955078125
0.00780105590820312 0.0543212890625 0.0283050537109375 -0.0500221252441406
-0.0161209106445313 0.0577659606933594 0.0416336059570313 -0.0507965087890625
-0.0333976745605469 0.0626945495605469 0.0664176940917969 -0.0115737915039062
0.00127792358398438 0.0511360168457031 0.0200901031494141 0.00311851501464844
0.0152244567871094 0.0404815673828125 0.0145721435546875 0.0299358367919922
0.0313663482666016 0.0196571350097656 0.0474700927734375 0.0223197937011719
0.0314445495605469 -0.000757217407226562 0.0524024963378906 -0.00888824462890625
0.0250186920166016 -0.0215873718261719 0.0397109985351562 -0.0401763916015625
0.0134506225585938 -0.0328655242919922 0.0173110961914063 -0.0490226745605469
0.0120868682861328 -0.0323295593261719 0.00474929809570313 -0.0381278991699219
0.0130043029785156 -0.0378761291503906 0.00337600708007813 -0.0288810729980469
0.0259304046630859 -0.0342006683349609 0.00121498107910156 -0.0257358551025391
0.04437255859375 -0.0154533386230469 -0.00180625915527343 -0.0192832946777344
0.0499305725097656 0.0125694274902344 0.00331687927246094 -0.0240116119384766
0.02703857421875 0.0536727905273438 0.00722312927246094 -0.0310611724853516
0.000518798828124997 0.0743789672851563 0.021575927734375 -0.0375823974609375
-0.03375244140625 0.071685791015625 0.0290985107421875 -0.0328960418701172
-0.0539474487304688 0.0701217651367187 0.0509490966796875 0.0127792358398438
-0.0156631469726562 0.0700492858886719 0.0128765106201172 0.0222892761230469
0.0137100219726563 0.0663566589355469 0.0106277465820313 0.0386581420898438
0.0466690063476563 0.0370750427246094 0.0419425964355469 0.02984619140625
0.0502166748046875 0.00296783447265625 0.0457649230957031 0.00104141235351563
0.0405349731445313 -0.0308074951171875 0.0359077453613281 -0.027130126953125
0.0226669311523438 -0.0454063415527344 0.0149860382080078 -0.0349769592285156
0.0202255249023437 -0.0431175231933594 0.00223350524902344 -0.0241584777832031
0.0214920043945312 -0.0505523681640625 0.000319480895996094 -0.0143632888793945
0.0353736877441406 -0.0433311462402344 -0.00594520568847656 -0.0140380859375
0.0565299987792969 -0.0183219909667969 -0.0111331939697266 -0.00950717926025391
0.0602607727050781 0.0150604248046875 -0.00433540344238281 -0.0186347961425781
0.0300636291503906 0.0641632080078125 0.00159645080566407 -0.0257091522216797
-0.00440216064453124 0.0849456787109375 0.0161819458007813 -0.022430419921875
-0.0446395874023438 0.076385498046875 0.0121059417724609 -0.0122394561767578
-0.0668373107910156 0.0642509460449219 0.0273094177246094 0.0372085571289063
-0.0327606201171875 0.0757675170898438 4.19616699218758E-05 0.0421333312988281
0.00415039062499999 0.0806884765625 0.00333023071289062 0.0464553833007813
0.0504684448242188 0.0520248413085937 0.0300254821777344 0.0364418029785156
0.0600242614746094 0.00966644287109375 0.0339145660400391 0.0114364624023438
0.0510025024414063 -0.0337295532226563 0.0269794464111328 -0.0110740661621094
0.0286483764648437 -0.0504951477050781 0.0107460021972656 -0.0153732299804688
0.02532958984375 -0.0475959777832031 -0.000221252441406249 -0.00629997253417969
0.0266990661621094 -0.0560188293457031 -0.00360560417175293 0.0037543773651123
0.0398788452148438 -0.0474128723144531 -0.0130987167358398 0.00133419036865234
0.0616035461425781 -0.0184822082519531 -0.0192031860351562 0.0013885498046875
0.0626373291015625 0.0177078247070313 -0.0119476318359375 -0.0131940841674805
0.0276756286621094 0.0677146911621094 -0.00183868408203125 -0.0205421447753906
-0.010955810546875 0.0839691162109375 0.0130739212036133 -0.00634288787841796
-0.0519676208496094 0.0692176818847656 -0.00633335113525391 0.0091695785522461
-0.0667304992675781 0.0461845397949219 0.000453948974609368 0.0570259094238281
-0.0439300537109375 0.0638236999511719 -0.0153388977050781 0.0571174621582031
-0.00824737548828126 0.0770645141601563 -0.00568008422851563 0.0492095947265625
0.041534423828125 0.0564002990722656 0.0154495239257812 0.0390357971191406
0.0576972961425781 0.0153541564941406 0.0181846618652344 0.0192832946777344
0.0523567199707031 -0.0300407409667969 0.0148487091064453 0.00568675994873047
0.0308151245117187 -0.0470809936523438 0.00475883483886719 0.0052032470703125
0.0264358520507812 -0.0449409484863281 -0.00306606292724609 0.01263427734375
0.0282249450683594 -0.0534172058105469 -0.00697898864746094 0.02178955078125
0.0394744873046875 -0.0439529418945313 -0.0205821990966797 0.0163936614990234
0.05926513671875 -0.0152053833007813 -0.0275115966796875 0.0112495422363281
0.0576934814453125 0.019744873046875 -0.0189151763916016 -0.00767326354980469
0.0195198059082031 0.0647239685058594 -0.00507354736328125 -0.0164480209350586
-0.0185699462890625 0.0738601684570312 0.00823259353637695 0.00654172897338868
-0.0547409057617188 0.0536613464355469 -0.0257320404052734 0.0276126861572266
-0.0540847778320313 0.02020263671875 -0.0236740112304687 0.068450927734375
-0.0425987243652344 0.0388717651367188 -0.0292549133300781 0.0651321411132813
-0.0177841186523438 0.0562858581542969 -0.012481689453125 0.0477828979492187
0.0254859924316406 0.0479621887207031 0.0018463134765625 0.0374107360839844
0.0432815551757812 0.0169944763183594 0.00301361083984375 0.0236797332763672
0.0435256958007813 -0.0208816528320313 0.00263404846191407 0.0188426971435547
0.0266342163085937 -0.0358428955078125 -0.00179481506347656 0.0235424041748047
0.0233840942382813 -0.0350399017333984 -0.00576972961425781 0.0292530059814453
0.0251388549804688 -0.0426139831542969 -0.011199951171875 0.0375709533691406
0.0342121124267578 -0.0347709655761719 -0.0275306701660156 0.0301589965820313
0.0501213073730469 -0.009765625 -0.0355110168457031 0.0189552307128906
0.0461311340332031 0.0203819274902344 -0.0265598297119141 -0.00460052490234374
0.00919342041015625 0.0558509826660156 -0.00824642181396484 -0.0146560668945312
-0.0254287719726562 0.0562210083007813 0.00201511383056641 0.0165643692016602
-0.0517005920410156 0.03094482421875 -0.045562744140625 0.0401496887207031
-0.0322227478027344 -0.00927925109863282 -0.0388565063476563 0.0719070434570313
-0.0330181121826172 0.00805282592773438 -0.035736083984375 0.0654144287109375
-0.0217323303222656 0.0255775451660156 -0.0149421691894531 0.0429916381835938
0.005889892578125 0.0301456451416016 -0.00752830505371094 0.0338172912597656
0.0219211578369141 0.0144157409667969 -0.00619888305664062 0.0249843597412109
0.0268535614013672 -0.009033203125 -0.00573348999023437 0.0279598236083984
0.0183887481689453 -0.0193424224853516 -0.00606918334960938 0.0363197326660156
0.0164508819580078 -0.0198822021484375 -0.00733566284179687 0.0410881042480469
0.01898193359375 -0.0256843566894531 -0.0153923034667969 0.0487937927246094
0.02459716796875 -0.0214099884033203 -0.0334510803222656 0.0403327941894531
0.0350456237792969 -0.00412750244140625 -0.0414581298828125 0.0235366821289062
0.0302391052246094 0.017486572265625 -0.03350830078125 -0.00326156616210938
-0.000850677490234377 0.0404129028320313 -0.013035774230957 -0.0142850875854492
-0.0278263092041016 0.0320148468017578 -0.00608444213867188 0.020721435546875
-0.0410804748535156 0.00396347045898437 -0.062164306640625 0.0441246032714844
0.014739990234375 0.0216407775878906 0.0680122375488281 -0.0463027954101563
0.0242195129394531 -0.00564002990722656 0.0171928405761719 -0.0221118927001953
0.00403022766113281 -0.0158510208129883 0.0122241973876953 0.01678466796875
-0.0106935501098633 -0.00975799560546875 0.0438804626464844 0.0114212036132813
-0.0130538940429688 0.00061607360839844 0.0505599975585938 -0.0200309753417969
-0.0104303359985352 0.00777626037597656 0.0355339050292969 -0.0489006042480469
-0.00756120681762695 0.00468969345092774 0.0153427124023438 -0.0589981079101563
-0.00922966003417969 0.00359153747558594 0.00620269775390624 -0.0486717224121094
-0.0112333297729492 0.00140571594238281 0.005859375 -0.0418815612792969
-0.00835514068603516 -0.00701618194580078 0.00897407531738281 -0.0342693328857422
0.000420570373535155 -0.0131521224975586 0.00865745544433594 -0.0296401977539063
0.0142316818237305 -0.0102052688598633 0.0128765106201172 -0.0330753326416016
0.0231266021728516 0.00637054443359375 0.021453857421875 -0.0407829284667969
0.0209445953369141 0.0262222290039063 0.0349655151367188 -0.0608482360839844
0.00776290893554687 0.0368766784667969 0.0483245849609375 -0.0660667419433594
-0.00859832763671875 0.0465774536132812 0.0727615356445313 -0.0331573486328125
0.0162067413330078 0.0243721008300781 0.0211353302001953 -0.0126323699951172
0.0124750137329102 0.0109806060791016 0.0147285461425781 0.0225048065185547
0.011103630065918 0.00282382965087891 0.0479850769042969 0.0154800415039063
0.00926971435546875 -0.00151348114013672 0.0541000366210937 -0.0164833068847656
0.00623989105224609 -0.00870561599731445 0.0395278930664063 -0.0485496520996094
0.00221920013427734 -0.015690803527832 0.0167160034179687 -0.0586471557617188
0.00152587890625 -0.0157356262207031 0.00494766235351562 -0.0472183227539062
0.00113296508789062 -0.0200767517089844 0.00528717041015625 -0.0394210815429687
0.0105419158935547 -0.0217456817626953 0.00626945495605469 -0.03326416015625
0.0248680114746094 -0.0136051177978516 0.00467491149902344 -0.0266494750976562
0.0337772369384766 0.0040435791015625 0.00960540771484375 -0.0299758911132812
0.0241355895996094 0.0345878601074219 0.0152053833007812 -0.0363349914550781
0.00915145874023438 0.0550956726074219 0.0287017822265625 -0.0516471862792969
-0.0158233642578125 0.0590934753417969 0.0418128967285156 -0.053253173828125
-0.0331192016601563 0.0646324157714844 0.0673942565917969 -0.0132598876953125
0.00228500366210938 0.0522422790527344 0.0202541351318359 0.002655029296875
0.0165634155273437 0.0411491394042969 0.0144367218017578 0.0306320190429688
0.0324783325195313 0.0191745758056641 0.0483894348144531 0.0222320556640625
0.0323390960693359 -0.00181007385253906 0.0530929565429688 -0.00885772705078125
0.0248565673828125 -0.0230140686035156 0.0395545959472656 -0.0411643981933594
0.0125942230224609 -0.0343227386474609 0.0164070129394531 -0.0501518249511719
0.0114688873291016 -0.0328102111816406 0.00339126586914063 -0.038543701171875
0.0122871398925781 -0.0387916564941406 0.00264549255371094 -0.0294895172119141
0.0251998901367188 -0.0350971221923828 0.000141143798828127 -0.0259952545166016
0.0444297790527344 -0.0168533325195313 -0.00293540954589843 -0.0197887420654297
0.0507431030273438 0.0114974975585937 0.00305557250976563 -0.0257778167724609
0.0283432006835938 0.0541648864746094 0.0078887939453125 -0.0319557189941406
0.00211334228515625 0.0760040283203125 0.0218505859375 -0.0388145446777344
-0.0332489013671875 0.0734710693359375 0.0290985107421875 -0.03515625
-0.0536117553710938 0.07257080078125 0.0519218444824219 0.0117034912109375
-0.0150604248046875 0.0712890625 0.0129528045654297 0.0221118927001953
0.0153007507324219 0.0674018859863281 0.0102882385253906 0.0394973754882813
0.0481834411621094 0.036651611328125 0.0422592163085938 0.0305213928222656
0.0511589050292969 0.00186920166015625 0.0462875366210938 0.00130844116210938
0.0404319763183594 -0.0326385498046875 0.0356292724609375 -0.0283088684082031
0.0213470458984375 -0.0472679138183594 0.0141143798828125 -0.0354881286621094
0.0193862915039063 -0.0444869995117188 0.00111961364746094 -0.0243911743164063
0.0203857421875 -0.052215576171875 -0.000680923461914061 -0.0147609710693359
0.0342864990234375 -0.0449371337890625 -0.00724411010742187 -0.014073371887207
0.0570297241210938 -0.0204048156738281 -0.0114288330078125 -0.0101213455200195
0.0618934631347656 0.0137443542480469 -0.00448417663574218 -0.0200157165527344
0.0318603515625 0.0646095275878906 0.00185394287109375 -0.0263900756835938
-0.002166748046875 0.0859909057617188 0.0164756774902344 -0.0234813690185547
-0.0443801879882813 0.0783462524414063 0.0122566223144531 -0.0137348175048828
-0.0664405822753906 0.066436767578125 0.0282516479492187 0.0372390747070313
-0.0318679809570313 0.0773773193359375 0.000152587890625 0.0421638488769531
0.006103515625 0.0818557739257813 0.002685546875 0.0472831726074219
0.052490234375 0.051177978515625 0.0305213928222656 0.0376167297363281
0.0615882873535156 0.00865554809570313 0.0343818664550781 0.0121974945068359
0.0505752563476562 -0.0359306335449219 0.0278072357177734 -0.0115528106689453
0.0274543762207031 -0.0524864196777344 0.010472297668457 -0.0160951614379883
0.0246543884277344 -0.0491600036621094 -0.00100421905517578 -0.00589704513549805
0.0250625610351563 -0.0582122802734375 -0.00367379188537598 0.00351881980895996
0.0389633178710938 -0.0489768981933594 -0.0141429901123047 0.00164127349853515
0.0621299743652344 -0.0210342407226563 -0.0196628570556641 0.00146293640136718
0.06427001953125 0.0158271789550781 -0.0122613906860351 -0.0139751434326172
0.0293998718261719 0.068328857421875 -0.00182342529296875 -0.0216960906982422
-0.009063720703125 0.0859527587890625 0.01324462890625 -0.00717735290527343
-0.0519180297851563 0.072021484375 -0.00631952285766602 0.00861787796020508
-0.0664634704589844 0.0480232238769531 0.001617431640625 0.0585441589355469
-0.0430450439453125 0.0651092529296875 -0.0152626037597656 0.0579681396484375
-0.007171630859375 0.0786361694335938 -0.00590896606445313 0.0503387451171875
0.0438423156738281 0.0561637878417969 0.0149993896484375 0.0399894714355469
0.0587959289550781 0.0142097473144531 0.0183296203613281 0.0203571319580078
0.0520553588867188 -0.031768798828125 0.0154819488525391 0.00576305389404297
0.029571533203125 -0.048797607421875 0.00475883483886719 0.0047764778137207
0.0255088806152344 -0.0467414855957031 -0.00346279144287109 0.0125274658203125
0.0267410278320313 -0.0555152893066406 -0.00720977783203125 0.0218448638916016
0.0386695861816406 -0.0459442138671875 -0.0212669372558594 0.0172805786132812
0.0599517822265625 -0.0173606872558594 -0.0272064208984375 0.0118522644042969
0.0590171813964844 0.0181770324707031 -0.0195236206054688 -0.00821304321289062
0.0216445922851563 0.0657196044921875 -0.00562953948974609 -0.017329216003418
-0.01727294921875 0.0756607055664063 0.00867223739624023 0.00626325607299805
-0.0545845031738281 0.0558853149414063 -0.025848388671875 0.0279178619384766
-0.0540657043457031 0.0217933654785156 -0.0230636596679688 0.0706024169921875
-0.0427589416503906 0.0404396057128906 -0.028656005859375 0.0663604736328125
-0.0171623229980469 0.0575103759765625 -0.0129661560058594 0.048187255859375
0.0271987915039063 0.04815673828125 0.00139999389648438 0.0381813049316406
0.0443763732910156 0.0162010192871094 0.003631591796875 0.0247154235839844
0.0431671142578125 -0.0228157043457031 0.00334358215332031 0.0190696716308594
0.0261001586914063 -0.0373649597167969 -0.00130844116210937 0.0238761901855469
0.022369384765625 -0.0366935729980469 -0.00545692443847656 0.0297031402587891
0.0243339538574219 -0.0441207885742188 -0.0105934143066406 0.0382003784179688
0.0335464477539063 -0.0364761352539063 -0.0274524688720703 0.0312118530273437
0.0508003234863281 -0.0115699768066406 -0.035125732421875 0.0199089050292969
0.0474281311035156 0.0194625854492188 -0.0273799896240234 -0.00484085083007813
0.0104331970214844 0.0563583374023438 -0.00895786285400391 -0.0150690078735352
-0.0245323181152344 0.0574798583984375 0.002105712890625 0.0167093276977539
-0.05194091796875 0.0324249267578125 -0.0452346801757813 0.0412750244140625
-0.0324211120605469 -0.00889396667480469 -0.0380172729492187 0.0740127563476563
-0.0333194732666016 0.00890541076660157 -0.0358543395996094 0.0671768188476563
-0.0217208862304687 0.0261631011962891 -0.01556396484375 0.0440559387207031
0.00707626342773437 0.0305042266845703 -0.00738716125488281 0.0349006652832031
0.0227622985839844 0.0140228271484375 -0.00655937194824219 0.0260562896728516
0.0268974304199219 -0.00969123840332031 -0.0052337646484375 0.0283164978027344
0.0183162689208984 -0.0202445983886719 -0.00482177734375 0.0368843078613281
0.0157718658447266 -0.0211563110351563 -0.00688552856445313 0.0416641235351563
0.018524169921875 -0.0272712707519531 -0.0143470764160156 0.0492286682128906
0.024261474609375 -0.0226840972900391 -0.0339279174804688 0.0409126281738281
0.0355300903320313 -0.005279541015625 -0.0421066284179688 0.0244064331054688
0.0309982299804688 0.0167827606201172 -0.0342082977294922 -0.00328063964843749
0.000156402587890622 0.041015625 -0.0133180618286133 -0.0146799087524414
-0.0274333953857422 0.0323333740234375 -0.00612068176269531 0.0208320617675781
-0.0418167114257813 0.00481414794921875 -0.0626945495605469 0.0456657409667969
0.0154972076416016 0.0220165252685547 0.0685768127441406 -0.0499534606933594
0.0240478515625 -0.00645637512207031 0.0163478851318359 -0.0234031677246094
0.00364780426025391 -0.0166912078857422 0.0126724243164063 0.0175991058349609
-0.0113697052001953 -0.00973129272460938 0.0457305908203125 0.0110092163085938
-0.0132637023925781 0.00051307678222656 0.0516090393066406 -0.0216827392578125
-0.0103521347045898 0.00841426849365234 0.0353889465332031 -0.0513153076171875
-0.00752878189086914 0.00502443313598633 0.0140190124511719 -0.0610008239746094
-0.009552001953125 0.00406742095947266 0.004241943359375 -0.0501976013183594
-0.0116157531738281 0.00220680236816406 0.00467300415039063 -0.0437965393066406
-0.00846624374389648 -0.00678443908691406 0.00786590576171875 -0.0358657836914063
0.0001220703125 -0.0137186050415039 0.00714492797851563 -0.0314159393310547
0.0145339965820313 -0.0107412338256836 0.0125446319580078 -0.0351333618164063
0.0244598388671875 0.0059661865234375 0.0221366882324219 -0.0426979064941406
0.0222187042236328 0.0265693664550781 0.0345268249511719 -0.0642776489257813
0.00862503051757813 0.037841796875 0.0476226806640625 -0.0707244873046875
-0.00799179077148438 0.0483360290527344 0.0737991333007813 -0.0368576049804688
0.0171871185302734 0.0239810943603516 0.0207195281982422 -0.0142040252685547
0.0134620666503906 0.0113801956176758 0.0147151947021484 0.0231266021728516
0.0118141174316406 0.00250434875488281 0.0494194030761719 0.01531982421875
0.00946331024169922 -0.00250244140625 0.055206298828125 -0.0179290771484375
0.00621318817138672 -0.00891780853271484 0.0394020080566406 -0.0509071350097656
0.00142955780029297 -0.0166244506835938 0.015411376953125 -0.0606536865234375
0.000705718994140625 -0.0159473419189453 0.00336837768554688 -0.0485954284667969
0.000545501708984375 -0.0205516815185547 0.00378036499023438 -0.0410194396972656
0.0100021362304688 -0.0224628448486328 0.00458717346191406 -0.0347423553466797
0.0250377655029297 -0.0146121978759766 0.00370407104492188 -0.0285148620605469
0.0346584320068359 0.00297927856445313 0.00933265686035156 -0.0321807861328125
0.0261173248291016 0.0345649719238281 0.0150871276855469 -0.0381393432617188
0.0106468200683594 0.0563545227050781 0.0288925170898438 -0.05426025390625
-0.0141448974609375 0.0614471435546875 0.0417327880859375 -0.0579643249511719
-0.0327949523925781 0.0677833557128906 0.0684585571289062 -0.0158157348632812
0.00388336181640625 0.0529670715332031 0.0201148986816406 0.00136184692382813
0.0186195373535156 0.0422592163085938 0.0147800445556641 0.0320339202880859
0.0344123840332031 0.018310546875 0.0499191284179688 0.0224456787109375
0.0330715179443359 -0.00268936157226563 0.0543060302734375 -0.00978469848632812
0.0240478515625 -0.0249748229980469 0.0399360656738281 -0.0434799194335938
0.0114822387695313 -0.0360527038574219 0.0150108337402344 -0.0515365600585937
0.0100879669189453 -0.0340023040771484 0.00201416015625 -0.039520263671875
0.0109100341796875 -0.0404205322265625 0.00111198425292969 -0.0304126739501953
0.0238990783691406 -0.0369338989257813 -0.00194168090820312 -0.0269088745117188
0.0447158813476563 -0.0191383361816406 -0.00432968139648437 -0.0207748413085937
0.0528984069824219 0.00958633422851563 0.00248527526855469 -0.0276107788085938
0.0312843322753906 0.055023193359375 0.00798606872558594 -0.0335178375244141
0.00451660156249999 0.0781784057617188 0.0217819213867187 -0.0414314270019531
-0.03192138671875 0.0771942138671875 0.0282020568847656 -0.0383987426757812
-0.0530624389648438 0.0759353637695313 0.0537376403808594 0.0102958679199219
-0.0126953125 0.0733871459960938 0.0135707855224609 0.0217380523681641
0.0177688598632813 0.0692291259765625 0.0105514526367188 0.0411643981933594
0.0514297485351563 0.0354499816894531 0.0438575744628906 0.0309257507324219
0.0529212951660156 0.000118255615234375 0.0485610961914063 0.000743865966796875
0.0396995544433594 -0.0357742309570313 0.0365791320800781 -0.02978515625
0.020050048828125 -0.0493278503417969 0.0136337280273438 -0.0369415283203125
0.0179824829101563 -0.0462417602539063 -0.000547409057617187 -0.0244846343994141
0.018157958984375 -0.0545997619628906 -0.00154495239257813 -0.0153579711914063
0.0327682495117188 -0.0477638244628906 -0.00852298736572266 -0.0140247344970703
0.0573806762695312 -0.0237808227539063 -0.0122337341308594 -0.0104856491088867
0.0638198852539063 0.0115737915039063 -0.00530624389648437 -0.0216407775878906
0.0349845886230469 0.0656318664550781 0.00164222717285157 -0.0277042388916016
0.000717163085937496 0.0887222290039063 0.016815185546875 -0.0251903533935547
-0.0435409545898438 0.0823287963867187 0.0118417739868164 -0.0154438018798828
-0.0665168762207031 0.0702743530273438 0.0300979614257812 0.0375480651855469
-0.0301437377929688 0.07958984375 0.00113677978515625 0.0424003601074219
0.00898742675781249 0.0844497680664063 0.00283050537109375 0.0490226745605469
0.0559310913085938 0.0506362915039063 0.0318794250488281 0.0386772155761719
0.0634880065917969 0.00600814819335938 0.0352592468261719 0.0123481750488281
0.0500679016113281 -0.0396957397460938 0.0281333923339844 -0.0123386383056641
0.0259857177734375 -0.0549812316894531 0.00975322723388672 -0.0167274475097656
0.0221939086914063 -0.0518341064453125 -0.00217056274414062 -0.00624179840087891
0.0229301452636719 -0.0611419677734375 -0.00378084182739258 0.00358915328979492
0.0377311706542969 -0.0516357421875 -0.0151987075805664 0.00227165222167969
0.0628433227539063 -0.0247306823730469 -0.0207309722900391 0.00181770324707031
0.0668830871582031 0.0136756896972656 -0.0129833221435547 -0.0146274566650391
0.0328445434570312 0.069580078125 -0.00262069702148437 -0.0224819183349609
-0.00585937500000001 0.08868408203125 0.0135078430175781 -0.00872421264648437
-0.0515975952148438 0.0759048461914063 -0.00664901733398438 0.00813961029052735
-0.0668411254882813 0.0515937805175781 0.00334930419921874 0.0600128173828125
-0.0423126220703125 0.0678329467773437 -0.0144805908203125 0.0591087341308594
-0.00448608398437499 0.0816192626953125 -0.00616836547851562 0.0518760681152344
0.0472602844238281 0.0559616088867188 0.015960693359375 0.0417823791503906
0.0609321594238281 0.012359619140625 0.0194129943847656 0.0217437744140625
0.0517463684082031 -0.035186767578125 0.0168037414550781 0.00548839569091797
0.0277175903320313 -0.05181884765625 0.00488471984863281 0.00496053695678711
0.0242576599121094 -0.0487442016601563 -0.00366497039794922 0.013361930847168
0.0243759155273438 -0.0585556030273438 -0.00688743591308594 0.0224170684814453
0.0374984741210937 -0.048828125 -0.0216445922851562 0.0183582305908203
0.060577392578125 -0.0210990905761719 -0.0282993316650391 0.0129795074462891
0.06182861328125 0.0157012939453125 -0.0204963684082031 -0.00873947143554687
0.0248603820800781 0.0668830871582031 -0.00604438781738281 -0.01806640625
-0.014984130859375 0.0775985717773438 0.00907325744628906 0.00555896759033204
-0.0547447204589844 0.0595512390136719 -0.0258121490478516 0.0287017822265625
-0.0547637939453125 0.0238075256347656 -0.0217666625976563 0.0735855102539063
-0.042510986328125 0.042449951171875 -0.0281562805175781 0.0689544677734375
-0.015716552734375 0.0601921081542969 -0.0128364562988281 0.0505523681640625
0.0297012329101563 0.0481643676757813 0.00201416015625 0.0405082702636719
0.0462112426757812 0.0149421691894531 0.00431442260742188 0.0262184143066406
0.0431365966796875 -0.0245857238769531 0.00442123413085938 0.0198650360107422
0.0244407653808594 -0.039337158203125 -0.000387191772460935 0.0248908996582031
0.021148681640625 -0.0383529663085937 -0.00533866882324219 0.0310535430908203
0.0223045349121094 -0.0472145080566406 -0.0101737976074219 0.0397758483886719
0.0327720642089844 -0.0390586853027344 -0.0279312133789063 0.0332164764404297
0.0513267517089844 -0.0145072937011719 -0.0360374450683594 0.0218582153320312
0.0500984191894531 0.0178871154785156 -0.0283927917480469 -0.0050811767578125
0.0129623413085937 0.0577659606933594 -0.00960826873779297 -0.0157718658447266
-0.0226211547851563 0.0592308044433594 0.00311946868896484 0.0167121887207031
-0.0521125793457031 0.0349998474121094 -0.0457191467285156 0.0434341430664062
-0.0334911346435547 -0.00842475891113281 -0.0368499755859375 0.0782318115234375
-0.0338134765625 0.0101165771484375 -0.0355262756347656 0.0698699951171875
-0.0216808319091797 0.02801513671875 -0.0156135559082031 0.046051025390625
0.00832748413085938 0.03070068359375 -0.00749588012695313 0.0373344421386719
0.0236911773681641 0.0135669708251953 -0.00579452514648437 0.0276012420654297
0.0267219543457031 -0.0109844207763672 -0.00439453125 0.0300559997558594
0.0174331665039063 -0.0215301513671875 -0.00403213500976562 0.0380744934082031
0.0154571533203125 -0.0225505828857422 -0.0057220458984375 0.04345703125
0.0176143646240234 -0.0292892456054688 -0.0133094787597656 0.0514564514160156
0.0240821838378906 -0.0243415832519531 -0.0335235595703125 0.0435333251953125
0.0363960266113281 -0.00683975219726562 -0.0425453186035156 0.0263862609863281
0.0328311920166016 0.0160598754882813 -0.0353317260742188 -0.0025787353515625
0.00167465209960938 0.0419731140136719 -0.0144128799438477 -0.0151243209838867
-0.0272846221923828 0.0337047576904297 -0.00552940368652344 0.0222377777099609
-0.0428199768066406 0.0063018798828125 -0.0629844665527344 0.0483245849609375
0.016357421875 0.0219173431396484 0.0668411254882813 -0.0542144775390625
0.0242538452148438 -0.00821113586425781 0.014984130859375 -0.0245494842529297
0.00345611572265625 -0.0173025131225586 0.0135936737060547 0.0181331634521484
-0.0121250152587891 -0.00910282135009765 0.047027587890625 0.00953292846679688
-0.0134210586547852 0.00172710418701172 0.0517005920410156 -0.0247993469238281
-0.0101852416992187 0.00922203063964844 0.03326416015625 -0.0538825988769531
-0.00746917724609375 0.0057220458984375 0.0107269287109375 -0.0628662109375
-0.00908184051513672 0.00479793548583984 0.00138092041015625 -0.0513114929199219
-0.0115900039672852 0.00300121307373047 0.00149917602539063 -0.0447998046875
-0.00927352905273437 -0.00616073608398438 0.00589370727539063 -0.0372161865234375
-0.000857353210449218 -0.0134420394897461 0.00574302673339843 -0.0334053039550781
0.0137577056884766 -0.0115470886230469 0.0109405517578125 -0.0371322631835937
0.0249710083007812 0.00481796264648438 0.0210914611816406 -0.04486083984375
0.0243415832519531 0.02642822265625 0.0325393676757813 -0.0674247741699219
0.0108871459960938 0.0382728576660156 0.0454177856445312 -0.0760574340820313
-0.00588607788085937 0.050628662109375 0.0731582641601563 -0.0411300659179688
0.0189094543457031 0.0236015319824219 0.0203571319580078 -0.0158500671386719
0.0149116516113281 0.0105676651000977 0.0160446166992188 0.0238323211669922
0.0123167037963867 0.00170707702636719 0.0512962341308594 0.0136260986328125
0.00921058654785156 -0.00306510925292969 0.05572509765625 -0.0207748413085938
0.00524806976318359 -0.010035514831543 0.0371055603027344 -0.0536537170410156
0.000353813171386717 -0.0173530578613281 0.012237548828125 -0.0623130798339844
-0.000471115112304688 -0.016636848449707 0.000705718994140623 -0.0494728088378906
-0.000944137573242189 -0.0205287933349609 0.000843048095703126 -0.0420112609863281
0.00819778442382812 -0.0232868194580078 0.00252151489257812 -0.0356254577636719
0.0241355895996094 -0.0171356201171875 0.00194168090820313 -0.0296516418457031
0.0357208251953125 0.00148391723632813 0.00796890258789063 -0.0339336395263672
0.0282058715820313 0.0343875885009766 0.0148124694824219 -0.0398025512695313
0.0140151977539063 0.0573883056640625 0.0268936157226563 -0.0575218200683594
-0.0116386413574219 0.063751220703125 0.0392799377441406 -0.0622596740722656
-0.0302200317382812 0.0714187622070312 0.0690956115722656 -0.0199089050292969
0.00653457641601563 0.0534820556640625 0.0197010040283203 0.000259399414062503
0.0219383239746094 0.0420341491699219 0.0157909393310547 0.0324211120605469
0.0360641479492188 0.0164413452148438 0.0514373779296875 0.0210189819335938
0.0334339141845703 -0.00501251220703125 0.0554084777832031 -0.0124893188476563
0.0224590301513672 -0.0271282196044922 0.0385589599609375 -0.0459442138671875
0.00920486450195313 -0.03778076171875 0.0123291015625 -0.053985595703125
0.00845718383789062 -0.0350608825683594 -0.000865936279296874 -0.0403060913085938
0.00822830200195312 -0.0418586730957031 -0.000848770141601565 -0.0316009521484375
0.022186279296875 -0.0389289855957031 -0.00371932983398438 -0.0274906158447266
0.0444755554199219 -0.0223808288574219 -0.00531578063964843 -0.021820068359375
0.0543594360351562 0.00706100463867187 0.000904083251953126 -0.0291900634765625
0.034942626953125 0.05499267578125 0.00691032409667969 -0.0347023010253906
0.00919342041015625 0.0799331665039063 0.0208015441894531 -0.0436477661132812
-0.0289077758789063 0.0804290771484375 0.0264205932617187 -0.0414390563964844
-0.0508499145507813 0.0805587768554687 0.0556373596191406 0.00778579711914063
-0.00991058349609375 0.0755615234375 0.0139694213867188 0.0207862854003906
0.0221061706542969 0.0699806213378906 0.0121078491210937 0.0422744750976563
0.0540275573730469 0.0331268310546875 0.045806884765625 0.0301780700683594
0.0536422729492188 -0.00337982177734375 0.0491485595703125 -0.000499725341796875
0.0375518798828125 -0.0388946533203125 0.0357170104980469 -0.0319938659667969
0.01727294921875 -0.0520858764648438 0.0118637084960938 -0.0384674072265625
0.0152854919433594 -0.0481376647949219 -0.0020294189453125 -0.0247840881347656
0.0145797729492187 -0.0570297241210938 -0.00286865234375 -0.0158538818359375
0.0303306579589844 -0.0508308410644531 -0.0102052688598633 -0.0138702392578125
0.0569190979003906 -0.02813720703125 -0.0134963989257812 -0.0103969573974609
0.065826416015625 0.00838088989257813 -0.00724792480468749 -0.0226287841796875
0.0395965576171875 0.0654983520507813 0.000526428222656251 -0.0288734436035156
0.0055999755859375 0.0904998779296875 0.0158214569091797 -0.0272598266601562
-0.0403976440429688 0.086334228515625 0.0107707977294922 -0.0178298950195312
-0.0643081665039063 0.0748748779296875 0.0326957702636719 0.0359077453613281
-0.0270309448242188 0.0827865600585937 0.00214004516601562 0.0428009033203125
0.013702392578125 0.086517333984375 0.00398635864257812 0.0504035949707031
0.0597572326660156 0.0480461120605469 0.0337104797363281 0.0386085510253906
0.0647392272949219 0.00230789184570313 0.0371818542480469 0.0120315551757812
0.0482101440429688 -0.0431365966796875 0.0284214019775391 -0.0138359069824219
0.0231246948242188 -0.0580673217773438 0.00903129577636719 -0.0177230834960938
0.0201950073242188 -0.0536422729492188 -0.00310611724853515 -0.00591754913330079
0.01904296875 -0.0640411376953125 -0.00432300567626953 0.00329828262329101
0.0344352722167969 -0.0553016662597656 -0.0158939361572266 0.00299263000488281
0.0628623962402344 -0.0295639038085938 -0.0208644866943359 0.00247192382812499
0.0687446594238281 0.009674072265625 -0.014744758605957 -0.0153255462646484
0.0377616882324219 0.069091796875 -0.00363922119140625 -0.0232257843017578
-0.000770568847656256 0.0903472900390625 0.013911247253418 -0.00981426239013671
-0.0491943359375 0.0801544189453125 -0.00702333450317383 0.00752496719360352
-0.0657424926757813 0.05615234375 0.00667190551757812 0.0608634948730469
-0.0397872924804688 0.0713348388671875 -0.0123443603515625 0.0607948303222656
-0.000495910644531256 0.0839767456054687 -0.0047454833984375 0.0539779663085938
0.0512847900390625 0.0540122985839844 0.0179252624511719 0.0423316955566406
0.0626373291015625 0.00904464721679688 0.0208301544189453 0.0223922729492188
0.0501937866210937 -0.0388755798339844 0.0177402496337891 0.00452232360839843
0.0253715515136719 -0.0548591613769531 0.00533676147460938 0.00506448745727539
0.0212020874023438 -0.0515785217285156 -0.00384712219238281 0.0140056610107422
0.0207138061523438 -0.0615806579589844 -0.0065765380859375 0.0228252410888672
0.0346717834472656 -0.0518379211425781 -0.021697998046875 0.0199165344238281
0.060577392578125 -0.025787353515625 -0.0277595520019531 0.0141162872314453
0.0634880065917969 0.0126266479492188 -0.0219745635986328 -0.00822639465332031
0.0289421081542969 0.0666770935058594 -0.00704765319824218 -0.0186634063720703
-0.0107269287109375 0.0802688598632813 0.00977134704589844 0.00473499298095704
-0.0532913208007812 0.063568115234375 -0.0252666473388672 0.0299358367919922
-0.0548667907714844 0.0269203186035156 -0.0179977416992188 0.0766220092773438
-0.0412750244140625 0.0453033447265625 -0.02587890625 0.0712432861328125
-0.013153076171875 0.0624580383300781 -0.0121650695800781 0.052398681640625
0.0330162048339844 0.04718017578125 0.00324249267578125 0.0421333312988281
0.0479888916015625 0.0120582580566406 0.0055084228515625 0.0275669097900391
0.0419273376464844 -0.0283164978027344 0.00624275207519532 0.0203647613525391
0.0227584838867187 -0.04217529296875 0.00131797790527344 0.0253181457519531
0.01922607421875 -0.0407180786132813 -0.00350761413574219 0.0319461822509766
0.0195884704589844 -0.0497169494628906 -0.00818634033203125 0.0407180786132813
0.03057861328125 -0.0418472290039063 -0.0267486572265625 0.0354347229003906
0.0513954162597656 -0.0183525085449219 -0.0348377227783203 0.0234622955322266
0.051544189453125 0.0150871276855469 -0.0293979644775391 -0.00360870361328125
0.0165138244628906 0.0582237243652344 -0.0104656219482422 -0.015498161315918
-0.0198783874511719 0.06170654296875 0.00411605834960937 0.0165672302246094
-0.0517768859863281 0.0389213562011719 -0.0442733764648437 0.04638671875
-0.0340995788574219 -0.00666999816894531 -0.033660888671875 0.0822067260742188
-0.0341129302978516 0.0116920471191406 -0.0328445434570313 0.0734024047851563
-0.0209064483642578 0.0301589965820313 -0.0149688720703125 0.0480918884277344
0.0104598999023438 0.0305080413818359 -0.00632095336914063 0.0390968322753906
0.0246772766113281 0.0119876861572266 -0.00436019897460937 0.0294322967529297
0.0263042449951172 -0.0133380889892578 -0.00258064270019531 0.0304718017578125
0.0163917541503906 -0.0227622985839844 -0.00181961059570312 0.0392837524414063
0.0142707824707031 -0.0241336822509766 -0.00351715087890625 0.044342041015625
0.0158195495605469 -0.0311508178710937 -0.0108489990234375 0.0533370971679688
0.0226764678955078 -0.0265121459960938 -0.03179931640625 0.0459327697753906
0.0368309020996094 -0.00942230224609375 -0.0419349670410156 0.0291557312011719
0.0342884063720703 0.0145931243896484 -0.0369796752929688 -0.001495361328125
0.003936767578125 0.04278564453125 -0.0154151916503906 -0.0150852203369141
-0.0256805419921875 0.035858154296875 -0.0040130615234375 0.0221843719482422
-0.0434837341308594 0.00828552246093749 -0.0614891052246094 0.0525398254394531
0.0178585052490234 0.0220699310302734 0.0638313293457031 -0.0581321716308594
0.0235691070556641 -0.00950813293457031 0.0130348205566406 -0.0254497528076172
0.0027313232421875 -0.0178813934326172 0.0144443511962891 0.0185279846191406
-0.0122013092041016 -0.00873470306396484 0.0475997924804688 0.00744247436523438
-0.0131263732910156 0.00237083435058593 0.0504531860351563 -0.0272026062011719
-0.00993919372558594 0.00956344604492187 0.0306282043457031 -0.0556144714355469
-0.00765657424926758 0.00585222244262695 0.00717544555664063 -0.063385009765625
-0.00861120223999023 0.00560712814331055 -0.00142669677734375 -0.0513801574707031
-0.0112028121948242 0.00389385223388672 -0.00158691406250001 -0.0447425842285156
-0.00977897644042969 -0.0057220458984375 0.00314712524414063 -0.0379409790039063
-0.001556396484375 -0.0131721496582031 0.0033721923828125 -0.0342979431152344
0.0131092071533203 -0.0123052597045898 0.00970458984375 -0.0383224487304688
0.0250949859619141 0.00396347045898438 0.02001953125 -0.0459556579589844
0.025634765625 0.0251140594482422 0.0292930603027344 -0.0693550109863281
0.01287841796875 0.0371627807617188 0.0409469604492187 -0.07940673828125
-0.00350570678710937 0.0514869689941406 0.0709457397460938 -0.0457077026367188
0.0198154449462891 0.0222110748291016 0.0188713073730469 -0.0171222686767578
0.0152835845947266 0.00998687744140625 0.0168800354003906 0.0239696502685547
0.0123462677001953 0.000295639038085938 0.0519638061523438 0.0113639831542969
0.00932407379150391 -0.00389194488525391 0.0546188354492187 -0.0235939025878906
0.00464534759521484 -0.0104713439941406 0.034515380859375 -0.0553550720214844
-0.00118827819824219 -0.017552375793457 0.00835037231445313 -0.0629005432128906
-0.00123023986816406 -0.0161781311035156 -0.00231170654296875 -0.0487747192382813
-0.00249099731445313 -0.0205478668212891 -0.00235366821289062 -0.0420379638671875
0.00674057006835937 -0.0237312316894531 -6.4849853515624E-05 -0.0360374450683594
0.0230236053466797 -0.0182971954345703 -0.000356674194335934 -0.03033447265625
0.035736083984375 -0.00078582763671875 0.00620651245117188 -0.0348739624023438
0.0302677154541016 0.0329818725585938 0.0138053894042969 -0.0406455993652344
0.0171089172363281 0.0566444396972656 0.0242500305175781 -0.0595283508300781
-0.00872421264648438 0.0644416809082031 0.035491943359375 -0.0652542114257813
-0.02691650390625 0.0734710693359375 0.06787109375 -0.0238113403320313
0.009033203125 0.0529365539550781 0.0190753936767578 -0.00143814086914062
0.0244483947753906 0.0413284301757813 0.0168590545654297 0.0327072143554687
0.0370903015136719 0.0139808654785156 0.0529365539550781 0.0190162658691406
0.0330123901367188 -0.00685882568359375 0.0551490783691406 -0.0146217346191406
0.0204582214355469 -0.0289192199707031 0.0363502502441406 -0.0476493835449219
0.00655746459960938 -0.0384902954101563 0.00921249389648438 -0.0544853210449219
0.0064849853515625 -0.0356254577636719 -0.00347137451171875 -0.0391426086425781
0.00538253784179688 -0.0421638488769531 -0.00322151184082031 -0.0314750671386719
0.019378662109375 -0.04010009765625 -0.00582122802734375 -0.0274105072021484
0.0426445007324219 -0.0251426696777344 -0.00722122192382812 -0.0224361419677734
0.0544929504394531 0.00374221801757812 -0.000782012939453123 -0.0298252105712891
0.0381507873535156 0.0529212951660156 0.00625038146972657 -0.0350360870361328
0.013580322265625 0.0790786743164063 0.0186042785644531 -0.0453720092773437
-0.0250396728515625 0.083038330078125 0.0240440368652344 -0.0441513061523437
-0.0466995239257813 0.083343505859375 0.0555496215820312 0.0043487548828125
-0.0058746337890625 0.075225830078125 0.0145378112792969 0.0196685791015625
0.0266036987304688 0.0690574645996094 0.01300048828125 0.0424728393554688
0.0557937622070312 0.0294380187988281 0.0468482971191406 0.0289649963378906
0.053009033203125 -0.00638198852539063 0.0494041442871094 -0.00215530395507813
0.0348968505859375 -0.04119873046875 0.0342178344726563 -0.0336170196533203
0.0137939453125 -0.0527191162109375 0.00962448120117188 -0.0387306213378906
0.0119247436523437 -0.0489082336425781 -0.00430107116699218 -0.0240287780761719
0.0108680725097656 -0.0577125549316406 -0.00443077087402344 -0.0158596038818359
0.0264549255371094 -0.0525321960449219 -0.0114774703979492 -0.0131206512451172
0.0546112060546875 -0.0318756103515625 -0.0141019821166992 -0.0102224349975586
0.0660133361816406 0.00403976440429688 -0.00855064392089843 -0.0229892730712891
0.0432586669921875 0.0635108947753906 -0.000370025634765624 -0.0291652679443359
0.0108566284179687 0.0900650024414063 0.0148887634277344 -0.0289344787597656
-0.0362396240234375 0.089141845703125 0.00945472717285156 -0.0193538665771484
-0.0600967407226563 0.0787429809570313 0.0340538024902344 0.0341548919677734
-0.0227203369140625 0.0834579467773438 0.00373077392578125 0.0418968200683594
0.018829345703125 0.0858306884765625 0.0054473876953125 0.0504722595214844
0.06231689453125 0.0443305969238281 0.0347366333007813 0.0378532409667969
0.0646629333496094 -0.00121688842773437 0.0381355285644531 0.0110359191894531
0.0448722839355469 -0.0459136962890625 0.0280647277832031 -0.0155982971191406
0.0192794799804687 -0.059234619140625 0.00791358947753906 -0.0178241729736328
0.0167160034179687 -0.05523681640625 -0.00401973724365234 -0.00528430938720704
0.0144691467285156 -0.0654029846191406 -0.0047607421875 0.00346994400024414
0.0306282043457031 -0.0572700500488281 -0.0165109634399414 0.00399780273437499
0.0598411560058594 -0.0340042114257813 -0.0208854675292969 0.00319290161132812
0.069122314453125 0.00550460815429688 -0.0158710479736328 -0.0149831771850586
0.0414657592773437 0.066925048828125 -0.00441360473632812 -0.0232467651367187
0.00447845458984374 0.0904617309570312 0.0130586624145508 -0.011408805847168
-0.0449752807617188 0.0830459594726562 -0.00660181045532227 0.00706195831298829
-0.0626983642578125 0.0593032836914063 0.00979614257812499 0.0604820251464844
-0.03564453125 0.0725860595703125 -0.00971603393554688 0.0608291625976563
0.00430297851562501 0.0844955444335937 -0.00315475463867187 0.0543746948242188
0.0538406372070313 0.050811767578125 0.0194053649902344 0.042205810546875
0.0628776550292969 0.005279541015625 0.0223102569580078 0.0220832824707031
0.0468559265136719 -0.0420913696289063 0.0183200836181641 0.003753662109375
0.0215492248535156 -0.0559272766113281 0.00561714172363282 0.00433731079101562
0.0181808471679688 -0.0523452758789063 -0.00329303741455078 0.0144615173339844
0.016265869140625 -0.0631523132324219 -0.00539970397949218 0.0230121612548828
0.0309219360351563 -0.0542411804199219 -0.0208148956298828 0.0212306976318359
0.0583534240722656 -0.0301513671875 -0.0270404815673828 0.0152111053466797
0.06396484375 0.00833892822265625 -0.0225601196289062 -0.00769996643066406
0.0329666137695313 0.0651779174804688 -0.00803565979003906 -0.0184974670410156
-0.00619506835937501 0.0806732177734375 0.010249137878418 0.00382328033447266
-0.0496330261230469 0.0668525695800781 -0.0237274169921875 0.0303840637207031
-0.0526771545410156 0.0300483703613281 -0.0142745971679688 0.0775375366210938
-0.0385665893554687 0.0469627380371094 -0.0227279663085938 0.0722885131835938
-0.00974655151367188 0.0636749267578125 -0.0102691650390625 0.0530548095703125
0.0355148315429688 0.0451126098632813 0.00482177734375 0.0423622131347656
0.0484275817871094 0.0094146728515625 0.00726890563964844 0.0277633666992188
0.0396347045898438 -0.0304145812988281 0.00716018676757813 0.0200710296630859
0.0199661254882812 -0.0433616638183594 0.00274848937988282 0.0252704620361328
0.0165977478027344 -0.0419425964355469 -0.00229072570800781 0.0322895050048828
0.015899658203125 -0.0515174865722656 -0.00597000122070313 0.0410003662109375
0.027801513671875 -0.0436515808105469 -0.0251579284667969 0.0366363525390625
0.0501708984375 -0.0220909118652344 -0.0337467193603516 0.0251235961914062
0.0521240234375 0.0117111206054688 -0.0297927856445312 -0.00245475769042969
0.0197486877441406 0.0571403503417969 -0.011775016784668 -0.0154304504394531
-0.0162811279296875 0.0622749328613281 0.00534439086914063 0.0159616470336914
-0.0502967834472656 0.0416526794433594 -0.0413284301757812 0.0483322143554688
-0.0340442657470703 -0.0052490234375 -0.0289306640625 0.0843353271484375
-0.0337142944335938 0.0130596160888672 -0.0295486450195313 0.0751800537109375
-0.0191631317138672 0.0318126678466797 -0.0131378173828125 0.0488128662109375
0.0122051239013672 0.0298023223876953 -0.00482940673828125 0.0394668579101562
0.0252532958984375 0.0104694366455078 -0.00268745422363281 0.0303115844726563
0.0248584747314453 -0.014923095703125 -0.00039291381835937 0.0310440063476563
0.0148773193359375 -0.0235271453857422 0.000869750976562503 0.0392837524414063
0.0126399993896484 -0.0246429443359375 -0.00145339965820312 0.0444221496582031
0.0131340026855469 -0.0323638916015625 -0.00771331787109375 0.0535736083984375
0.0210018157958984 -0.0282115936279297 -0.0291023254394531 0.0476531982421875
0.0362777709960938 -0.0122413635253906 -0.0402030944824219 0.03125
0.0350685119628906 0.0125255584716797 -0.0369071960449219 3.05175781250015E-05
0.00592041015625 0.0424079895019531 -0.0164937973022461 -0.0146198272705078
-0.0237922668457031 0.0369110107421875 -0.00292396545410156 0.0221233367919922
-0.0430412292480469 0.0107765197753906 -0.0581626892089844 0.0559196472167969
0.0177936553955078 0.0217342376708984 0.0605278015136719 -0.0596809387207031
0.0227203369140625 -0.010040283203125 0.011077880859375 -0.0257301330566406
0.00226020812988281 -0.0178298950195313 0.0147800445556641 0.0182056427001953
-0.0122108459472656 -0.00810432434082031 0.0475616455078125 0.00584793090820312
-0.0127143859863281 0.00250148773193359 0.048828125 -0.0285453796386719
-0.00951957702636719 0.00993824005126953 0.0275802612304688 -0.0552024841308594
-0.00722885131835937 0.00621318817138672 0.00432205200195313 -0.0624656677246094
-0.00799131393432617 0.00567817687988281 -0.00329971313476563 -0.0504608154296875
-0.0104637145996094 0.00456714630126953 -0.0036773681640625 -0.0437507629394531
-0.00997734069824219 -0.00495052337646484 0.0014495849609375 -0.0376510620117188
-0.00228023529052734 -0.0126552581787109 0.00191497802734375 -0.0343246459960938
0.0128164291381836 -0.0126333236694336 0.0078582763671875 -0.038482666015625
0.0247154235839844 0.00289154052734375 0.0190200805664063 -0.0462532043457031
0.0261058807373047 0.0237274169921875 0.0267143249511719 -0.0697135925292969
0.0142898559570313 0.0365219116210938 0.0373764038085937 -0.0808868408203125
-0.0019989013671875 0.0515327453613281 0.0675582885742187 -0.0479278564453125
0.019989013671875 0.0210170745849609 0.0170612335205078 -0.0179958343505859
0.016357421875 0.00870323181152344 0.0174598693847656 0.0236129760742188
0.0121545791625977 -0.000285148620605469 0.0512466430664063 0.0100517272949219
0.00872993469238281 -0.00435352325439453 0.0530509948730469 -0.024749755859375
0.00329494476318359 -0.0106105804443359 0.0317230224609375 -0.0551719665527344
-0.00226593017578125 -0.0171051025390625 0.00584411621093751 -0.0620346069335938
-0.00161457061767578 -0.0159759521484375 -0.00406265258789062 -0.0474662780761719
-0.00337409973144531 -0.0199012756347656 -0.00392913818359375 -0.0409317016601563
0.00514411926269531 -0.0233898162841797 -0.00172805786132813 -0.0357246398925781
0.0215625762939453 -0.0186996459960938 -0.0015716552734375 -0.0300617218017578
0.0351200103759766 -0.00242996215820312 0.00501251220703125 -0.0352897644042969
0.030975341796875 0.0315418243408203 0.0127372741699219 -0.040985107421875
0.0189666748046875 0.0552139282226563 0.0219650268554688 -0.0598068237304688
-0.00638961791992187 0.0642585754394531 0.0325431823730469 -0.0665702819824219
-0.0237274169921875 0.0740203857421875 0.0657768249511719 -0.0263290405273437
0.0107917785644531 0.0516624450683594 0.0181789398193359 -0.0027313232421875
0.0261192321777344 0.039703369140625 0.0173778533935547 0.0319900512695313
0.0369033813476563 0.0119171142578125 0.052215576171875 0.0179214477539063
0.0322074890136719 -0.00828742980957031 0.0544242858886719 -0.0158233642578125
0.0182228088378906 -0.0289764404296875 0.0340232849121094 -0.0483512878417969
0.00460433959960937 -0.0380325317382813 0.00685501098632812 -0.0539360046386719
0.004913330078125 -0.0349292755126953 -0.0048828125 -0.0380172729492188
0.00299835205078125 -0.0414314270019531 -0.00505828857421875 -0.0305023193359375
0.0168228149414062 -0.0401496887207031 -0.00732994079589844 -0.0267219543457031
0.0404281616210938 -0.0265922546386719 -0.00832176208496093 -0.0219764709472656
0.0536613464355469 0.0019989013671875 -0.00180244445800781 -0.0300807952880859
0.0391616821289063 0.0510177612304688 0.00530624389648438 -0.0354156494140625
0.0165176391601562 0.07696533203125 0.0170974731445312 -0.0457916259765625
-0.0219497680664063 0.0826034545898438 0.0219383239746094 -0.0450286865234375
-0.0435714721679688 0.0840072631835938 0.0543212890625 0.00215911865234376
-0.00328826904296875 0.0735092163085938 0.0140762329101563 0.0179767608642578
0.0289535522460938 0.0673446655273437 0.0137596130371094 0.0418968200683594
0.055999755859375 0.0267524719238281 0.0467147827148438 0.0277595520019531
0.0515594482421875 -0.00830841064453125 0.0489921569824219 -0.00307846069335938
0.0321197509765625 -0.0416908264160156 0.0330429077148438 -0.0345191955566406
0.0108489990234375 -0.0530014038085938 0.00760650634765625 -0.0383110046386719
0.00995254516601563 -0.048370361328125 -0.00518989562988281 -0.0230484008789063
0.00713348388671875 -0.0572013854980469 -0.00528430938720703 -0.0152215957641602
0.0235061645507813 -0.0522232055664063 -0.0124578475952148 -0.0126056671142578
0.0521659851074219 -0.0340003967285156 -0.0146703720092773 -0.00998210906982422
0.0647811889648438 0.00130081176757813 -0.00902557373046875 -0.0228424072265625
0.0452384948730469 0.0611610412597656 -0.000574111938476562 -0.0291099548339844
0.0142669677734375 0.088348388671875 0.0139503479003906 -0.0296249389648437
-0.0327987670898438 0.08917236328125 0.008087158203125 -0.0200729370117187
-0.0566329956054687 0.079498291015625 0.0345020294189453 0.0319194793701172
-0.0199203491210937 0.0822601318359375 0.00452804565429687 0.0404396057128906
0.0218963623046875 0.0841445922851563 0.00612258911132813 0.0502281188964844
0.0623512268066406 0.0410194396972656 0.0351829528808594 0.037017822265625
0.0631828308105469 -0.00375747680664063 0.0382614135742188 0.0100975036621094
0.0417442321777344 -0.0469398498535156 0.0275173187255859 -0.0165691375732422
0.0161056518554688 -0.0593376159667969 0.00693893432617187 -0.0179271697998047
0.0137252807617187 -0.0547637939453125 -0.00435781478881836 -0.0046677589416504
0.0106925964355469 -0.0647697448730469 -0.00480508804321289 0.00361537933349609
0.0267982482910156 -0.0573272705078125 -0.0162830352783203 0.00444316864013671
0.0569725036621094 -0.0363731384277344 -0.0206489562988281 0.00304031372070313
0.0679779052734375 0.00231552124023438 -0.0164346694946289 -0.0147819519042969
0.0435218811035156 0.0644607543945312 -0.00496864318847656 -0.0230770111083984
0.0084991455078125 0.0885467529296875 0.012324333190918 -0.0126142501831055
-0.0414352416992188 0.0838775634765625 -0.00701475143432617 0.00665092468261719
-0.0597496032714844 0.060882568359375 0.0116004943847656 0.0591278076171875
-0.0328750610351562 0.0723724365234375 -0.00793838500976562 0.0597419738769531
0.007537841796875 0.0833740234375 -0.00231170654296875 0.0535697937011719
0.0548362731933594 0.04766845703125 0.0197639465332031 0.0420494079589844
0.0615882873535156 0.00262832641601563 0.0230197906494141 0.0220317840576172
0.0442085266113281 -0.042999267578125 0.0183830261230469 0.00305938720703125
0.0188217163085938 -0.05633544921875 0.00602054595947266 0.00447225570678711
0.0153388977050781 -0.0522689819335937 -0.00299358367919922 0.0147666931152344
0.0121231079101563 -0.0625038146972656 -0.00478172302246094 0.0225753784179687
0.0272560119628906 -0.0546150207519531 -0.0200080871582031 0.0217609405517578
0.0556411743164063 -0.0326385498046875 -0.0261459350585937 0.0155696868896484
0.0633049011230469 0.00547409057617187 -0.0226287841796875 -0.00700759887695313
0.0352401733398437 0.0628166198730469 -0.00849533081054688 -0.0180397033691406
-0.00241851806640625 0.0790557861328125 0.010249137878418 0.00274753570556641
-0.0468482971191406 0.0678749084472656 -0.022491455078125 0.0303459167480469
-0.0506019592285156 0.0307655334472656 -0.0112762451171875 0.0769195556640625
-0.0366859436035156 0.0475845336914063 -0.0198745727539063 0.0719833374023438
-0.00696182250976562 0.0638465881347656 -0.00947189331054688 0.0529022216796875
0.0365104675292969 0.0428924560546875 0.00547027587890625 0.0419082641601563
0.0476531982421875 0.0074920654296875 0.00845718383789063 0.0279788970947266
0.0374755859375 -0.032012939453125 0.00809669494628906 0.0195217132568359
0.0176124572753906 -0.0435791015625 0.00361824035644531 0.0245876312255859
0.0145797729492188 -0.0418014526367188 -0.00103187561035156 0.0319976806640625
0.0128021240234375 -0.0512275695800781 -0.00423049926757812 0.0400543212890625
0.0245285034179688 -0.0446662902832031 -0.0236053466796875 0.0367698669433594
0.0480384826660156 -0.0243682861328125 -0.0321369171142578 0.025726318359375
0.0516815185546875 0.00915908813476563 -0.0296134948730469 -0.00195693969726563
0.0217933654785156 0.0551681518554688 -0.0120716094970703 -0.0153427124023437
-0.0135002136230469 0.0619621276855469 0.00578403472900391 0.0150737762451172
-0.0474624633789063 0.0425910949707031 -0.0394706726074219 0.0482177734375
-0.0337543487548828 -0.004119873046875 -0.0255355834960938 0.0840911865234375
-0.0322074890136719 0.0138912200927734 -0.0268173217773438 0.0748291015625
-0.0178203582763672 0.0324001312255859 -0.0121612548828125 0.048004150390625
0.0129108428955078 0.0284786224365234 -0.00384521484375 0.0395774841308594
0.0250720977783203 0.00918388366699219 -0.00152397155761718 0.0306358337402344
0.0237159729003906 -0.0156784057617188 0.00115394592285157 0.0307483673095703
0.0135326385498047 -0.0242443084716797 0.002593994140625 0.03863525390625
0.0116100311279297 -0.0250663757324219 0.000637054443359377 0.0439491271972656
0.0110015869140625 -0.0324649810791016 -0.00543594360351562 0.0522880554199219
0.0193634033203125 -0.0284862518310547 -0.0271072387695312 0.0480308532714844
0.0350189208984375 -0.0137119293212891 -0.0380477905273437 0.0316925048828125
0.0349330902099609 0.0105190277099609 -0.0361557006835938 0.0015716552734375
0.00777435302734375 0.0415496826171875 -0.0163917541503906 -0.0140132904052734
-0.0222091674804688 0.0367927551269531 -0.00175857543945312 0.0215167999267578
-0.0417633056640625 0.0119895935058594 -0.0549049377441406 0.0563430786132812
0.0181255340576172 0.0218582153320313 0.0584983825683594 -0.0595703125
0.0221080780029297 -0.0103626251220703 0.00988960266113282 -0.0256004333496094
0.00206565856933594 -0.018096923828125 0.0151176452636719 0.0182552337646484
-0.0117807388305664 -0.00786018371582031 0.0467720031738281 0.00583648681640625
-0.0126190185546875 0.00249004364013672 0.0481529235839844 -0.0285453796386719
-0.00934696197509765 0.00973892211914063 0.0271949768066406 -0.0551223754882813
-0.00713920593261719 0.00627422332763672 0.00346755981445313 -0.061981201171875
-0.00795888900756836 0.00572061538696289 -0.00383758544921875 -0.0495719909667969
-0.0104408264160156 0.004730224609375 -0.00398635864257813 -0.0434188842773438
-0.0101099014282227 -0.00448417663574219 0.000537872314453125 -0.0374107360839844
-0.0024871826171875 -0.0123987197875977 0.00116348266601563 -0.0340805053710938
0.012476921081543 -0.0126762390136719 0.00799179077148437 -0.0391273498535156
0.0248394012451172 0.00259208679199219 0.0192832946777344 -0.0463485717773438
0.0259227752685547 0.022979736328125 0.0264663696289062 -0.0697021484375
0.0136947631835938 0.0360183715820313 0.0363540649414063 -0.0804214477539063
-0.00130844116210937 0.05145263671875 0.0662879943847656 -0.0478057861328125
0.0198287963867188 0.0203094482421875 0.0156326293945313 -0.0184917449951172
0.0163946151733398 0.00871944427490235 0.0175342559814453 0.0240020751953125
0.0125360488891602 -0.000538825988769531 0.0509834289550781 0.0100059509277344
0.00878715515136719 -0.00444316864013672 0.0527000427246094 -0.0245590209960937
0.00311279296875 -0.0106534957885742 0.03125 -0.0548324584960938
-0.00279998779296875 -0.0170888900756836 0.00480270385742187 -0.0611076354980469
-0.00209522247314453 -0.0154199600219727 -0.0047607421875 -0.0464439392089844
-0.00355339050292969 -0.0192966461181641 -0.00496673583984375 -0.0407333374023437
0.00453948974609375 -0.0231094360351563 -0.002960205078125 -0.0353965759277344
0.02117919921875 -0.0187911987304688 -0.00184059143066406 -0.0302581787109375
0.0346584320068359 -0.00241470336914063 0.00483703613281251 -0.0354270935058594
0.0312786102294922 0.0312004089355469 0.0127944946289063 -0.0410346984863281
0.0199432373046875 0.05419921875 0.021575927734375 -0.0595474243164063
-0.00577163696289063 0.0636024475097656 0.0314178466796875 -0.0670852661132813
-0.0231781005859375 0.0737686157226563 0.0638465881347656 -0.0267257690429688
0.0106124877929688 0.0506134033203125 0.0171718597412109 -0.00313854217529297
0.0269241333007813 0.0388717651367188 0.0170745849609375 0.0325813293457031
0.0367813110351562 0.0108489990234375 0.0515632629394531 0.0179252624511719
0.0315532684326172 -0.00856208801269531 0.0537261962890625 -0.0155715942382813
0.0171012878417969 -0.0291595458984375 0.0339164733886719 -0.0479545593261719
0.00347518920898437 -0.0378761291503906 0.00597763061523438 -0.0533218383789063
0.00396537780761719 -0.0346584320068359 -0.005767822265625 -0.0370635986328125
0.00214004516601562 -0.0411300659179687 -0.0056915283203125 -0.0305690765380859
0.0155830383300781 -0.0398063659667969 -0.00793647766113281 -0.0261936187744141
0.0389022827148438 -0.0271339416503906 -0.0087738037109375 -0.0218563079833984
0.0531349182128906 0.000926971435546875 -0.00214195251464843 -0.0304660797119141
0.0394554138183594 0.0504722595214844 0.00570297241210938 -0.0352745056152344
0.017486572265625 0.07611083984375 0.0167655944824219 -0.0460662841796875
-0.0210418701171875 0.0820236206054688 0.0206832885742187 -0.0455322265625
-0.0420761108398438 0.0840682983398438 0.0533866882324219 0.00129318237304688
-0.00321197509765625 0.0725173950195313 0.0134296417236328 0.0173072814941406
0.0299415588378906 0.0665321350097656 0.0132408142089844 0.0419998168945313
0.0555381774902344 0.0255317687988281 0.0461616516113281 0.0275382995605469
0.0512428283691406 -0.00904464721679687 0.0487709045410156 -0.00285720825195313
0.0301284790039063 -0.0418243408203125 0.0326156616210937 -0.0342578887939453
0.009307861328125 -0.0525703430175781 0.00734329223632813 -0.0378379821777344
0.00926589965820313 -0.048187255859375 -0.00517082214355468 -0.0219497680664063
0.00587844848632813 -0.0564651489257812 -0.00594329833984375 -0.0151510238647461
0.0218467712402344 -0.0518798828125 -0.0129671096801758 -0.0122785568237305
0.0506362915039063 -0.0341110229492188 -0.0148210525512695 -0.0104703903198242
0.06402587890625 0.000194549560546875 -0.00979995727539062 -0.02294921875
0.0454750061035156 0.0601043701171875 -0.000652313232421871 -0.0291633605957031
0.015289306640625 0.0868301391601563 0.0133819580078125 -0.0301170349121094
-0.031951904296875 0.089019775390625 0.00759506225585938 -0.0203342437744141
-0.0552825927734375 0.0796585083007813 0.0342559814453125 0.0309581756591797
-0.0190200805664062 0.0809707641601563 0.00418853759765625 0.0392074584960938
0.0227737426757813 0.0832061767578125 0.00523757934570312 0.0500335693359375
0.0621566772460938 0.0391426086425781 0.0346412658691406 0.0368843078613281
0.062469482421875 -0.00443267822265625 0.0385551452636719 0.0107231140136719
0.039581298828125 -0.046661376953125 0.0270061492919922 -0.0164508819580078
0.0141983032226562 -0.0590057373046875 0.00674247741699219 -0.0174541473388672
0.012481689453125 -0.0539588928222656 -0.00438833236694336 -0.00380396842956543
0.00869750976562499 -0.063934326171875 -0.00541877746582031 0.00349617004394531
0.0248947143554687 -0.0572509765625 -0.0165605545043945 0.00454998016357422
0.0550994873046875 -0.0372695922851563 -0.0206565856933594 0.0030517578125
0.0669975280761719 0.00126266479492188 -0.0165033340454102 -0.0145711898803711
0.0443992614746094 0.0635185241699219 -0.00450325012207031 -0.02337646484375
0.0095062255859375 0.087432861328125 0.0125312805175781 -0.0132427215576172
-0.04022216796875 0.083587646484375 -0.00663280487060547 0.00604248046875
-0.0583457946777344 0.0606803894042969 0.0117301940917969 0.0579452514648438
-0.0319976806640625 0.071258544921875 -0.00799560546875001 0.0583419799804688
0.00834655761718751 0.0828399658203125 -0.00298690795898438 0.0535736083984375
0.0549659729003906 0.0456924438476563 0.018951416015625 0.0418624877929688
0.0613212585449219 0.00204086303710938 0.0232372283935547 0.0221767425537109
0.0423164367675781 -0.0431175231933594 0.01873779296875 0.00311851501464843
0.0166893005371094 -0.05596923828125 0.00566625595092774 0.00447845458984375
0.0145034790039062 -0.0524101257324219 -0.00304031372070312 0.0150146484375
0.0103721618652344 -0.0617828369140625 -0.00450515747070312 0.0222320556640625
0.0253829956054688 -0.0544624328613281 -0.0194911956787109 0.0215301513671875
0.0540504455566406 -0.0334968566894531 -0.0257949829101563 0.0147743225097656
0.0628547668457031 0.004241943359375 -0.0226306915283203 -0.00718498229980469
0.0359382629394531 0.0617828369140625 -0.00824546813964844 -0.0181808471679687
-0.00121307373046874 0.0785369873046875 0.0102872848510742 0.00199604034423829
-0.0456886291503906 0.0676918029785156 -0.0221977233886719 0.0295543670654297
-0.0494728088378906 0.0314674377441406 -0.0103836059570312 0.0760040283203125
-0.0359344482421875 0.0469131469726563 -0.0197982788085938 0.0706558227539062
-0.005950927734375 0.0632858276367188 -0.009979248046875 0.0522727966308594
0.0364913940429688 0.0416679382324219 0.00521469116210938 0.04229736328125
0.0472679138183594 0.0065460205078125 0.00892829895019532 0.0285587310791016
0.035858154296875 -0.0317039489746094 0.00856208801269531 0.0191764831542969
0.0163421630859375 -0.0434074401855469 0.0039825439453125 0.0244617462158203
0.0136947631835937 -0.0415267944335938 -0.000831604003906251 0.0317401885986328
0.0113449096679687 -0.0506439208984375 -0.00412368774414063 0.0391693115234375
0.0234107971191406 -0.0444488525390625 -0.0228271484375 0.0365753173828125
0.0469245910644531 -0.0250167846679687 -0.0314254760742188 0.0251846313476563
0.0514450073242188 0.008148193359375 -0.0292758941650391 -0.00135993957519531
0.0222892761230469 0.0544929504394531 -0.0121288299560547 -0.0147380828857422
-0.0127143859863281 0.0609207153320313 0.00626373291015625 0.0144901275634766
-0.0468940734863281 0.0428314208984375 -0.0386810302734375 0.0475578308105469
-0.0330162048339844 -0.0040435791015625 -0.0244216918945313 0.0841751098632813
-0.0318126678466797 0.0139846801757812 -0.0257720947265625 0.0743942260742188
-0.0168914794921875 0.0324878692626953 -0.0126228332519531 0.0479621887207031
0.0132637023925781 0.0279388427734375 -0.0041961669921875 0.0398483276367187
0.0248985290527344 0.00836563110351563 -0.000885009765624996 0.03076171875
0.0235710144042969 -0.015838623046875 0.00178146362304688 0.0306777954101563
0.0127925872802734 -0.0243339538574219 0.00351715087890625 0.0381736755371094
0.0109348297119141 -0.0250282287597656 0.000904083251953123 0.0433921813964844
0.0105514526367188 -0.0325088500976563 -0.00477218627929687 0.0515060424804688
0.0183506011962891 -0.0285129547119141 -0.0260810852050781 0.0474166870117187
0.0341930389404297 -0.0143642425537109 -0.0371208190917969 0.0315895080566406
0.0348110198974609 0.010101318359375 -0.0361404418945313 0.00156021118164063
0.007843017578125 0.0408477783203125 -0.0163640975952148 -0.0139598846435547
-0.0219154357910156 0.0362701416015625 -0.00118255615234375 0.0209865570068359
-0.0414543151855469 0.0121955871582031 -0.0538215637207031 0.0558967590332031
0.0181961059570313 0.0231151580810547 0.0592002868652344 -0.0600051879882813
0.0222454071044922 -0.0102386474609375 0.00937271118164062 -0.0260257720947266
0.00236129760742187 -0.0185012817382813 0.0152626037597656 0.019134521484375
-0.0116682052612305 -0.00820446014404297 0.0477676391601563 0.00627517700195312
-0.0129823684692383 0.00258827209472657 0.0486297607421875 -0.0286979675292969
-0.00969505310058594 0.00992488861083984 0.0279960632324219 -0.0552940368652344
-0.00765848159790039 0.00669097900390625 0.00377273559570312 -0.0623321533203125
-0.00756978988647461 0.00600671768188477 -0.00360107421875 -0.0500946044921875
-0.0100011825561523 0.00494670867919922 -0.0047454833984375 -0.0438041687011719
-0.0102272033691406 -0.00387763977050781 0.000621795654296877 -0.0378990173339844
-0.00262641906738281 -0.0127353668212891 0.0011138916015625 -0.0347766876220703
0.0127983093261719 -0.0128707885742188 0.00879669189453125 -0.0399093627929688
0.0252056121826172 0.00281143188476562 0.0208816528320313 -0.0470466613769531
0.0264301300048828 0.0235538482666016 0.0267906188964844 -0.0702781677246094
0.0137138366699219 0.0365409851074219 0.037017822265625 -0.0822677612304687
-0.00130844116210938 0.0531654357910156 0.0665130615234375 -0.0481224060058594
0.0196914672851563 0.0206413269042969 0.0153045654296875 -0.0189723968505859
0.0169124603271484 0.00850963592529297 0.0176658630371094 0.0248832702636719
0.0129680633544922 -0.00102615356445313 0.0518455505371094 0.0110206604003906
0.00879955291748047 -0.00454235076904297 0.053466796875 -0.0243453979492188
0.00211906433105469 -0.0104198455810547 0.0322723388671875 -0.0554428100585938
-0.00301551818847656 -0.017547607421875 0.00473785400390625 -0.0622100830078125
-0.00178909301757812 -0.0159053802490234 -0.00490951538085937 -0.0468215942382813
-0.00346755981445312 -0.0195388793945313 -0.00542068481445313 -0.0410041809082031
0.00439071655273438 -0.0226898193359375 -0.00296783447265625 -0.0356025695800781
0.0207920074462891 -0.0191612243652344 -0.00257492065429687 -0.0311050415039063
0.0349349975585937 -0.00300216674804688 0.00514984130859375 -0.0366096496582031
0.0319919586181641 0.0321197509765625 0.0141983032226563 -0.0418472290039063
0.0201797485351562 0.0550613403320313 0.0223884582519531 -0.0609207153320312
-0.00661087036132813 0.0645637512207031 0.0316238403320313 -0.068115234375
-0.0236358642578125 0.0753173828125 0.0642662048339844 -0.0272293090820312
0.0101737976074219 0.0510025024414063 0.0165519714355469 -0.00368118286132812
0.0276145935058594 0.0392646789550781 0.0167922973632812 0.0338859558105469
0.0371208190917969 0.0111198425292969 0.0518646240234375 0.0189704895019531
0.0319309234619141 -0.00898933410644531 0.0547599792480469 -0.0148429870605469
0.0165615081787109 -0.0290813446044922 0.0340499877929688 -0.048309326171875
0.00310897827148438 -0.0383872985839844 0.006439208984375 -0.0537643432617188
0.00429725646972656 -0.0351009368896484 -0.00543594360351562 -0.0370368957519531
0.00166702270507813 -0.0414810180664063 -0.00613975524902343 -0.0311126708984375
0.0152244567871094 -0.0400619506835938 -0.00817489624023437 -0.0264472961425781
0.0391960144042969 -0.0275039672851563 -0.00862312316894531 -0.0229568481445312
0.0534172058105469 0.000408172607421875 -0.00192642211914062 -0.0313644409179688
0.0403327941894531 0.0516357421875 0.00692367553710938 -0.0363235473632813
0.0174713134765625 0.0768814086914062 0.0171699523925781 -0.0473518371582031
-0.02215576171875 0.083038330078125 0.0210685729980469 -0.0466156005859375
-0.0435638427734375 0.0852203369140625 0.0536766052246094 0.00136184692382813
-0.00388336181640625 0.0733184814453125 0.0124073028564453 0.0165576934814453
0.0302925109863281 0.0674629211425781 0.0124015808105469 0.0435447692871094
0.0560493469238281 0.0256690979003906 0.0457572937011719 0.029052734375
0.0516395568847656 -0.0090179443359375 0.050018310546875 -0.00189590454101563
0.0303611755371094 -0.0421714782714844 0.0332813262939453 -0.0345401763916016
0.00911331176757812 -0.0531425476074219 0.0072174072265625 -0.038482666015625
0.0095367431640625 -0.0484771728515625 -0.00552558898925781 -0.0221443176269531
0.005584716796875 -0.0570487976074219 -0.006805419921875 -0.0154352188110352
0.0215873718261719 -0.0523719787597656 -0.0132455825805664 -0.0122709274291992
0.0505561828613281 -0.0349845886230469 -0.0151662826538086 -0.0112485885620117
0.0645904541015625 4.1961669921875E-05 -0.0093536376953125 -0.0240802764892578
0.0467910766601562 0.0612258911132813 0.000392913818359377 -0.030242919921875
0.0157546997070312 0.0878143310546875 0.0140209197998047 -0.0309925079345703
-0.0329055786132813 0.0904006958007813 0.00743865966796875 -0.02099609375
-0.056610107421875 0.0802459716796875 0.0342731475830078 0.0315723419189453
-0.0201034545898437 0.0814895629882813 0.00310897827148437 0.0390892028808594
0.0235137939453125 0.084869384765625 0.00427627563476563 0.0513801574707031
0.0626487731933594 0.0394477844238281 0.0341339111328125 0.0384330749511719
0.0631561279296875 -0.00408935546875 0.0392417907714844 0.0119895935058594
0.0397224426269531 -0.0470924377441406 0.0280799865722656 -0.0160274505615234
0.0141220092773437 -0.0595855712890625 0.00729942321777344 -0.017730712890625
0.0129737854003906 -0.0550498962402344 -0.0045924186706543 -0.00356817245483399
0.00795364379882812 -0.064605712890625 -0.00573921203613281 0.00347280502319335
0.0246810913085937 -0.05804443359375 -0.0171794891357422 0.00458526611328125
0.0551643371582031 -0.0376434326171875 -0.0210762023925781 0.00222969055175781
0.0675392150878906 0.00095367431640625 -0.0166387557983398 -0.0152301788330078
0.0449104309082031 0.0642204284667969 -0.00387763977050781 -0.0239639282226562
0.008941650390625 0.0877914428710938 0.0125408172607422 -0.0136137008666992
-0.04107666015625 0.0848236083984375 -0.00769853591918946 0.00557851791381836
-0.0597610473632813 0.0612907409667969 0.011322021484375 0.0585289001464844
-0.0333633422851563 0.0712661743164062 -0.00859451293945312 0.05865478515625
0.0087432861328125 0.084503173828125 -0.00474929809570313 0.0545883178710938
0.0550804138183594 0.0465927124023438 0.0183944702148438 0.0435409545898438
0.06158447265625 0.00231552124023437 0.0241737365722656 0.0234775543212891
0.042938232421875 -0.0436668395996094 0.0192985534667969 0.00290489196777343
0.0170783996582031 -0.0567169189453125 0.00616216659545898 0.00430107116699218
0.0147552490234375 -0.0527496337890625 -0.00324249267578125 0.0153417587280273
0.009918212890625 -0.0623512268066406 -0.00491905212402344 0.0220851898193359
0.0252571105957031 -0.05523681640625 -0.0201854705810547 0.0215644836425781
0.0540199279785156 -0.0341835021972656 -0.0261039733886719 0.0146942138671875
0.0630455017089844 0.00401687622070313 -0.0229454040527344 -0.0077056884765625
0.0365333557128906 0.0628776550292969 -0.0084991455078125 -0.0186901092529297
-0.00112152099609376 0.0786590576171875 0.0106325149536133 0.00160026550292969
-0.0468254089355469 0.0686492919921875 -0.0226936340332031 0.0293197631835938
-0.0502700805664063 0.0310325622558594 -0.0106277465820313 0.0768966674804688
-0.0364112854003906 0.0469589233398438 -0.020477294921875 0.070953369140625
-0.00600051879882813 0.064605712890625 -0.0115776062011719 0.0532188415527344
0.03692626953125 0.0418586730957031 0.00444412231445313 0.0440292358398438
0.04742431640625 0.00706863403320313 0.00934791564941407 0.029815673828125
0.0362663269042969 -0.031982421875 0.00911712646484375 0.0195217132568359
0.0163764953613281 -0.044342041015625 0.00452232360839844 0.0247116088867187
0.0138397216796875 -0.0423316955566406 -0.00064849853515625 0.0324497222900391
0.0104522705078125 -0.05145263671875 -0.00441741943359375 0.0394783020019531
0.0232772827148438 -0.0455207824707031 -0.0230827331542969 0.0369071960449219
0.0471458435058594 -0.02606201171875 -0.0315895080566406 0.0248222351074219
0.0516242980957031 0.00820159912109375 -0.0296192169189453 -0.00209045410156251
0.0226173400878906 0.0557670593261719 -0.0119915008544922 -0.0152130126953125
-0.0129852294921875 0.0613517761230469 0.00652885437011719 0.0144062042236328
-0.0476913452148438 0.0435791015625 -0.0393562316894531 0.0474777221679688
-0.0330543518066406 -0.00460052490234375 -0.0245590209960937 0.0850372314453125
-0.0325794219970703 0.0135974884033203 -0.0267486572265625 0.0751113891601563
-0.0174045562744141 0.0330371856689453 -0.0136032104492188 0.0487861633300781
0.0130901336669922 0.0285015106201172 -0.00524520874023437 0.0414505004882813
0.0250396728515625 0.00904273986816406 -0.00117683410644531 0.0319995880126953
0.0234737396240234 -0.0157260894775391 0.00247955322265625 0.0308990478515625
0.0133056640625 -0.0246467590332031 0.00371170043945312 0.0384254455566406
0.0113067626953125 -0.025146484375 0.000782012939453122 0.0436248779296875
0.00984382629394531 -0.0326423645019531 -0.00484466552734375 0.0523567199707031
0.01861572265625 -0.0291252136230469 -0.026702880859375 0.0472488403320312
0.0345802307128906 -0.0148334503173828 -0.037750244140625 0.030853271484375
0.0350875854492188 0.0102672576904297 -0.0363807678222656 0.00126647949218749
0.00774383544921875 0.041473388671875 -0.0165901184082031 -0.0144138336181641
-0.0222282409667969 0.0366058349609375 -0.000738143920898437 0.0210704803466797
-0.0418281555175781 0.0120010375976562 -0.0544700622558594 0.0559501647949219
0.0197086334228516 0.0244426727294922 0.0610542297363281 -0.062347412109375
0.0228233337402344 -0.0105705261230469 0.00879096984863282 -0.0271549224853516
0.00239753723144531 -0.0197582244873047 0.0160198211669922 0.0204677581787109
-0.0122671127319336 -0.00895214080810547 0.0493011474609375 0.00650405883789062
-0.0131978988647461 0.00217914581298828 0.0504341125488281 -0.0296096801757813
-0.0100841522216797 0.0107660293579102 0.0290946960449219 -0.0570869445800781
-0.00791788101196289 0.00692653656005859 0.0031280517578125 -0.0649757385253906
-0.00792026519775391 0.00610256195068359 -0.00400161743164063 -0.051544189453125
-0.0101242065429688 0.00538825988769531 -0.00545501708984375 -0.0452919006347656
-0.0107364654541016 -0.00353813171386719 9.91821289062525E-05 -0.0395469665527344
-0.00291156768798828 -0.0128660202026367 0.00111007690429687 -0.0364570617675781
0.0132007598876953 -0.0136623382568359 0.0089111328125 -0.0425682067871094
0.02630615234375 0.00264358520507813 0.02191162109375 -0.04974365234375
0.0275306701660156 0.0241756439208984 0.0282058715820313 -0.0737152099609375
0.0141830444335937 0.0384750366210938 0.0380477905273437 -0.0865936279296875
-0.000865936279296876 0.0557327270507813 0.0682601928710938 -0.0501899719238281
0.0202541351318359 0.0213680267333984 0.0147247314453125 -0.0196437835693359
0.0179901123046875 0.00864601135253906 0.01812744140625 0.0265083312988281
0.0136175155639648 -0.00160408020019531 0.0539131164550781 0.0113182067871094
0.00911331176757813 -0.00530815124511719 0.0560684204101563 -0.0248756408691406
0.00214576721191406 -0.0107622146606445 0.0333747863769531 -0.0574607849121094
-0.00389862060546875 -0.0174179077148438 0.00513839721679688 -0.064483642578125
-0.00193023681640625 -0.0165472030639648 -0.00497055053710937 -0.0486602783203125
-0.00418853759765625 -0.020294189453125 -0.00570297241210938 -0.0425033569335938
0.00425338745117188 -0.0233173370361328 -0.003662109375 -0.0372543334960938
0.0209312438964844 -0.0198707580566406 -0.00262260437011718 -0.0324325561523438
0.0364570617675781 -0.00374984741210938 0.00584030151367188 -0.0388069152832031
0.0334854125976563 0.0325393676757813 0.0157585144042969 -0.0443267822265625
0.0213813781738281 0.0567359924316406 0.0232772827148438 -0.0636100769042969
-0.00634384155273437 0.0678749084472656 0.032806396484375 -0.0715713500976563
-0.0242691040039063 0.0790786743164062 0.0662384033203125 -0.0281944274902344
0.0100784301757813 0.0528945922851563 0.0159788131713867 -0.00433158874511718
0.0294914245605469 0.0409965515136719 0.0169410705566406 0.0356979370117188
0.0389328002929687 0.0110893249511719 0.054168701171875 0.0202827453613281
0.0331859588623047 -0.00940704345703125 0.0574264526367188 -0.0154533386230469
0.0166530609130859 -0.0300674438476563 0.0360145568847656 -0.0501976013183594
0.00212860107421875 -0.0396347045898438 0.00624465942382813 -0.0558433532714844
0.00379180908203125 -0.0364837646484375 -0.00561904907226563 -0.0380134582519531
0.001068115234375 -0.042816162109375 -0.00710105895996094 -0.0315093994140625
0.0150489807128906 -0.0411949157714844 -0.00915336608886719 -0.0275897979736328
0.0397834777832031 -0.0292930603027344 -0.00943374633789062 -0.0240383148193359
0.0555686950683594 0.0003662109375 -0.00160598754882812 -0.0334091186523438
0.0430221557617188 0.0530128479003906 0.00781631469726563 -0.0383224487304688
0.0191268920898438 0.0798721313476563 0.0177001953125 -0.0497627258300781
-0.0230712890625 0.0869216918945312 0.0217132568359375 -0.0493240356445312
-0.0449447631835938 0.0894012451171875 0.0555305480957031 0.00130081176757813
-0.00446319580078125 0.07562255859375 0.0120849609375 0.0168094635009766
0.0322341918945313 0.0703811645507813 0.0122604370117188 0.0459365844726563
0.0584259033203125 0.0256500244140625 0.0478706359863281 0.0310211181640625
0.053802490234375 -0.00925445556640625 0.0528106689453125 -0.00148773193359375
0.0302581787109375 -0.0437545776367188 0.0347900390625 -0.0360755920410156
0.00842666625976562 -0.0550155639648437 0.00709152221679688 -0.0396499633789063
0.00930404663085938 -0.0508308410644531 -0.00579452514648438 -0.0223560333251953
0.00436019897460938 -0.0589218139648438 -0.00737190246582031 -0.0159788131713867
0.0210952758789063 -0.0538864135742188 -0.014312744140625 -0.0129823684692383
0.0515594482421875 -0.0369987487792969 -0.0159521102905273 -0.0118389129638672
0.0670814514160156 -0.000408172607421875 -0.00978469848632812 -0.025634765625
0.0494117736816406 0.0635032653808594 0.00103569030761719 -0.0316715240478516
0.0172805786132812 0.0908737182617188 0.0145244598388672 -0.0329265594482422
-0.0341720581054687 0.0943527221679688 0.00705337524414063 -0.0226955413818359
-0.0587921142578125 0.0843048095703125 0.0352935791015625 0.0324974060058594
-0.0211257934570313 0.0847702026367187 0.00258636474609374 0.0398521423339844
0.025299072265625 0.0886383056640625 0.00360107421875 0.0541839599609375
0.0656929016113281 0.0405502319335938 0.0354728698730469 0.0413246154785156
0.0654792785644531 -0.004547119140625 0.0414810180664063 0.01312255859375
0.0405120849609375 -0.0490646362304688 0.0295696258544922 -0.0177783966064453
0.0135307312011719 -0.0624351501464844 0.00701904296875 -0.0184898376464844
0.012969970703125 -0.05718994140625 -0.00438284873962402 -0.00297594070434571
0.00671768188476563 -0.0671424865722656 -0.00624847412109375 0.00348329544067382
0.0241966247558594 -0.0599403381347656 -0.0181808471679688 0.00490570068359375
0.05615234375 -0.0399055480957031 -0.0220165252685547 0.00214767456054687
0.0707015991210937 0.0003662109375 -0.0171394348144531 -0.016657829284668
0.0475845336914063 0.0668678283691406 -0.00403976440429688 -0.0252189636230469
0.01092529296875 0.091400146484375 0.0134210586547852 -0.0151042938232422
-0.0426559448242188 0.0890884399414063 -0.00789546966552735 0.00549840927124024
-0.0615882873535156 0.0640792846679688 0.011810302734375 0.0606422424316406
-0.03448486328125 0.0743408203125 -0.00990295410156249 0.0598297119140625
0.00994110107421875 0.0875167846679688 -0.00572586059570313 0.05731201171875
0.0573348999023438 0.0476303100585938 0.0187873840332031 0.0461082458496094
0.0642318725585938 0.00211334228515625 0.0259208679199219 0.0251026153564453
0.0431785583496094 -0.0451583862304688 0.0206336975097656 0.0028228759765625
0.0167579650878906 -0.0592002868652344 0.00663328170776367 0.00439214706420898
0.0146903991699219 -0.055328369140625 -0.00297737121582031 0.0166015625
0.00894165039062501 -0.0649604797363281 -0.00567817687988281 0.0232639312744141
0.0252151489257813 -0.0571479797363281 -0.0210800170898438 0.0225410461425781
0.0550651550292969 -0.0361061096191406 -0.0267925262451172 0.0147113800048828
0.0658111572265625 0.00343704223632813 -0.0236377716064453 -0.00789070129394532
0.038482666015625 0.0652503967285156 -0.00837898254394531 -0.0197391510009766
-0.00034332275390625 0.082061767578125 0.0113162994384766 0.00130462646484376
-0.0482711791992187 0.0719146728515625 -0.0238819122314453 0.0305423736572266
-0.0522918701171875 0.0328292846679688 -0.01104736328125 0.080169677734375
-0.0383529663085938 0.0488662719726562 -0.0214004516601562 0.0733413696289063
-0.0057525634765625 0.0677337646484375 -0.0129013061523438 0.0560073852539063
0.0384979248046875 0.0437774658203125 0.00432968139648438 0.0466537475585938
0.0493125915527344 0.0074310302734375 0.0104465484619141 0.0317897796630859
0.0370559692382813 -0.0334358215332031 0.0101413726806641 0.0202198028564453
0.0161018371582031 -0.046295166015625 0.00552558898925781 0.0252647399902344
0.0138320922851563 -0.0440521240234375 -0.000959396362304688 0.0340385437011719
0.00995635986328124 -0.0530586242675781 -0.00453948974609375 0.0405998229980469
0.0232276916503906 -0.0468711853027344 -0.0239639282226562 0.0382308959960938
0.0482521057128906 -0.0278205871582031 -0.0326614379882812 0.0256633758544922
0.0537948608398438 0.0077362060546875 -0.0304164886474609 -0.00195121765136718
0.0242729187011719 0.0577011108398438 -0.0122871398925781 -0.0158662796020508
-0.0128669738769531 0.0636177062988281 0.00734233856201172 0.014836311340332
-0.0489578247070312 0.0457077026367188 -0.0409164428710938 0.0492973327636719
-0.0345039367675781 -0.0045928955078125 -0.0251083374023438 0.0882568359375
-0.0339927673339844 0.0142993927001953 -0.027313232421875 0.07781982421875
-0.0177326202392578 0.0347690582275391 -0.0148849487304688 0.0510368347167969
0.0142192840576172 0.0292110443115234 -0.005401611328125 0.0440902709960938
0.0262470245361328 0.00950813293457031 -0.000690460205078122 0.0338954925537109
0.0241298675537109 -0.0169563293457031 0.00329971313476562 0.0319957733154297
0.0131607055664063 -0.026336669921875 0.00497817993164063 0.0398712158203125
0.0114040374755859 -0.0264453887939453 0.00138473510742188 0.0456352233886719
0.00975608825683594 -0.0340957641601563 -0.004852294921875 0.0538139343261719
0.0184211730957031 -0.0308208465576172 -0.0274429321289062 0.0495529174804688
0.0357894897460938 -0.01605224609375 -0.0388107299804688 0.0321617126464844
0.0366249084472656 0.0104751586914063 -0.0375633239746094 0.00119400024414063
0.00827407836914062 0.0433158874511719 -0.0170602798461914 -0.0148353576660156
-0.0229835510253906 0.0379524230957031 0.000295639038085934 0.0216560363769531
-0.0431747436523437 0.0126495361328125 -0.0564613342285156 0.0575180053710938
0.0223197937011719 0.0253009796142578 0.0618171691894531 -0.066864013671875
0.0236682891845703 -0.0119247436523438 0.00717353820800781 -0.0286674499511719
0.00229263305664062 -0.0208988189697266 0.0175666809082031 0.0214595794677734
-0.0131053924560547 -0.00972461700439453 0.0521697998046875 0.00546646118164062
-0.0139226913452148 0.00256633758544922 0.05218505859375 -0.0324172973632813
-0.0106382369995117 0.0119638442993164 0.0290603637695313 -0.0606307983398438
-0.00791215896606445 0.00767087936401367 0.00147628784179687 -0.0676918029785156
-0.00761270523071289 0.00700998306274414 -0.00597000122070313 -0.05438232421875
-0.0101242065429688 0.0059967041015625 -0.00729751586914063 -0.0474090576171875
-0.0111713409423828 -0.00331687927246094 -0.00118637084960937 -0.0417823791503906
-0.00374889373779297 -0.0133113861083984 0.000144958496093749 -0.0384483337402344
0.0133142471313477 -0.0151214599609375 0.00879287719726562 -0.0451622009277344
0.0281257629394531 0.00181198120117188 0.0217971801757813 -0.0531463623046875
0.0298194885253906 0.024566650390625 0.0271682739257812 -0.0784378051757813
0.0165634155273437 0.0404014587402344 0.0373687744140625 -0.0923538208007813
0.0010528564453125 0.0597686767578125 0.0701904296875 -0.0544013977050781
0.0216426849365234 0.0217761993408203 0.0137691497802734 -0.0216178894042969
0.0197677612304688 0.00822257995605469 0.0196170806884766 0.0278091430664062
0.0138273239135742 -0.00239086151123047 0.0565757751464844 0.0107078552246094
0.00924110412597656 -0.00621700286865234 0.0580940246582031 -0.0280303955078125
0.000959396362304687 -0.0113744735717773 0.033172607421875 -0.0610008239746094
-0.00536537170410156 -0.0177955627441406 0.0026092529296875 -0.067474365234375
-0.00276374816894531 -0.0169124603271484 -0.00673675537109375 -0.0504035949707031
-0.0048370361328125 -0.0208835601806641 -0.00809860229492188 -0.0443916320800781
0.00332832336425781 -0.0244426727294922 -0.00538253784179688 -0.0388908386230469
0.0212783813476563 -0.0217533111572266 -0.00370025634765625 -0.0345878601074219
0.0382347106933594 -0.00474929809570313 0.00497817993164062 -0.0418357849121094
0.0368690490722656 0.0329360961914063 0.0157127380371094 -0.0473709106445313
0.0245819091796875 0.0587539672851563 0.0225334167480469 -0.0683326721191406
-0.00490570068359375 0.0719451904296875 0.0324859619140625 -0.0769195556640625
-0.0227508544921875 0.0842666625976563 0.0688705444335938 -0.0318565368652344
0.011962890625 0.0551719665527344 0.0155220031738281 -0.0056915283203125
0.0325813293457031 0.041748046875 0.0184707641601563 0.0378837585449219
0.0414161682128906 0.00980758666992188 0.0572090148925781 0.0205612182617188
0.0346755981445312 -0.0114173889160156 0.0607185363769531 -0.0176925659179688
0.0159988403320313 -0.0320186614990234 0.0360260009765625 -0.0538139343261719
0.000385284423828122 -0.0414085388183594 0.00439071655273438 -0.0587806701660156
0.00291824340820313 -0.0387763977050781 -0.00725555419921875 -0.0393257141113281
-0.000400543212890625 -0.0446548461914063 -0.0084991455078125 -0.0332202911376953
0.0140724182128906 -0.0432777404785156 -0.0107288360595703 -0.0285816192626953
0.0405006408691406 -0.03173828125 -0.0109825134277344 -0.0257282257080078
0.0584793090820313 -0.00194168090820313 -0.00262832641601562 -0.0359535217285156
0.04742431640625 0.0545425415039063 0.008056640625 -0.0410003662109375
0.0229644775390625 0.0829696655273438 0.0174789428710938 -0.053619384765625
-0.021759033203125 0.0929794311523437 0.0214004516601562 -0.052764892578125
-0.044464111328125 0.095947265625 0.0581092834472656 -8.01086425781191E-05
-0.00288391113281251 0.0799942016601563 0.0121307373046875 0.0163478851318359
0.0369873046875 0.0729141235351563 0.0133132934570313 0.0489883422851563
0.0621795654296875 0.0251998901367188 0.0511512756347656 0.0324249267578125
0.0564765930175781 -0.0117301940917969 0.056121826171875 -0.00239944458007813
0.030120849609375 -0.0466957092285156 0.0356788635253906 -0.039306640625
0.00638580322265625 -0.0580291748046875 0.00622940063476562 -0.0417709350585938
0.00764083862304687 -0.0537910461425781 -0.00648689270019531 -0.0226612091064453
0.00226593017578126 -0.0619239807128906 -0.00874519348144532 -0.0161104202270508
0.0202178955078125 -0.0570602416992188 -0.0158300399780273 -0.0130224227905274
0.0520401000976563 -0.0405387878417969 -0.0174007415771484 -0.0127038955688477
0.070587158203125 -0.0028076171875 -0.0113449096679687 -0.0274600982666016
0.0546226501464844 0.0652427673339844 0.000608444213867189 -0.0344085693359375
0.0216293334960938 0.0947036743164063 0.0144424438476563 -0.0358314514160156
-0.0332183837890625 0.101150512695313 0.00673103332519531 -0.024169921875
-0.0592041015625 0.0904312133789063 0.0374794006347656 0.0330352783203125
-0.0205764770507812 0.0893783569335938 0.00271987915039063 0.0410385131835938
0.0296783447265625 0.092193603515625 0.00440216064453125 0.0577011108398438
0.0699005126953125 0.0404014587402344 0.037933349609375 0.0430145263671875
0.069061279296875 -0.00675201416015625 0.0450248718261719 0.0136375427246094
0.0404052734375 -0.0526275634765625 0.0305042266845703 -0.0193424224853516
0.0115280151367188 -0.0657615661621094 0.00684738159179687 -0.019683837890625
0.0111732482910156 -0.0606727600097656 -0.00477409362792969 -0.0023956298828125
0.00437164306640625 -0.0697669982910156 -0.00735187530517578 0.00431442260742187
0.0228462219238281 -0.0634651184082031 -0.0193233489990234 0.00570678710937499
0.0572624206542969 -0.0440750122070313 -0.0230236053466797 0.00253868103027344
0.0738449096679688 -0.0023345947265625 -0.0181484222412109 -0.0173149108886719
0.0531845092773438 0.0686607360839844 -0.00441741943359375 -0.0270195007324219
0.0148391723632813 0.0949859619140625 0.0136594772338867 -0.0167932510375976
-0.0424957275390625 0.0955047607421875 -0.00840997695922852 0.00542259216308594
-0.0628738403320312 0.0694694519042969 0.0139961242675781 0.0632705688476563
-0.0347061157226563 0.07904052734375 -0.00953674316406251 0.0626258850097656
0.0134735107421875 0.0925979614257813 -0.00548171997070312 0.0613250732421875
0.0617523193359375 0.0483856201171875 0.0209312438964844 0.0492286682128906
0.0678215026855469 0.000835418701171875 0.0283336639404297 0.0266647338867188
0.0435523986816406 -0.0488853454589844 0.0216636657714844 0.00185203552246093
0.0146942138671875 -0.0629539489746094 0.00701999664306641 0.0042877197265625
0.0133171081542969 -0.0586013793945313 -0.00239181518554688 0.0176429748535156
0.00643157958984375 -0.0682525634765625 -0.00545883178710937 0.02447509765625
0.0235328674316406 -0.0611457824707031 -0.0217571258544922 0.0241107940673828
0.0563201904296875 -0.0403480529785156 -0.0276870727539063 0.0160675048828125
0.0689163208007813 0.00119781494140625 -0.0249710083007812 -0.00847434997558594
0.0433158874511719 0.0673828125 -0.00844955444335937 -0.0207672119140625
0.00243377685546875 0.0855178833007813 0.0122976303100586 0.000340461730957037
-0.0486297607421875 0.0777740478515625 -0.0240802764892578 0.0324668884277344
-0.0537376403808594 0.0355873107910156 -0.00962066650390626 0.084564208984375
-0.0390472412109375 0.0522117614746094 -0.0205154418945312 0.077056884765625
-0.00404357910156251 0.071441650390625 -0.0128288269042969 0.0595588684082031
0.0417213439941406 0.0447196960449219 0.00548171997070312 0.0502433776855469
0.0523872375488281 0.00614166259765625 0.0124683380126953 0.0335731506347656
0.0374908447265625 -0.0366172790527344 0.0114517211914063 0.0203285217285156
0.0151824951171875 -0.0496101379394531 0.00691986083984375 0.0263900756835938
0.0130996704101563 -0.047119140625 0.000537872314453125 0.0361366271972656
0.00816726684570313 -0.0558891296386719 -0.00388336181640625 0.0429496765136719
0.0222206115722656 -0.0500144958496094 -0.0241546630859375 0.0406455993652344
0.0496063232421875 -0.0305404663085937 -0.0335063934326172 0.0272884368896484
0.0569343566894531 0.00649261474609375 -0.0321254730224609 -0.00168609619140625
0.027435302734375 0.0597457885742188 -0.0127735137939453 -0.0162343978881836
-0.0116767883300781 0.0672073364257813 0.00882720947265625 0.0149421691894531
-0.0503730773925781 0.0494537353515625 -0.0407943725585938 0.0528526306152344
-0.0362625122070313 -0.00404739379882812 -0.0238265991210938 0.0938644409179688
-0.0355339050292969 0.0162696838378906 -0.0264892578125 0.0823974609375
-0.0172042846679687 0.0373573303222656 -0.0149002075195312 0.0545310974121094
0.0158882141113281 0.0304775238037109 -0.00429916381835937 0.0471305847167969
0.0279140472412109 0.00916671752929688 0.000976562500000005 0.0361557006835938
0.0245704650878906 -0.0184402465820313 0.004669189453125 0.0337257385253906
0.0132846832275391 -0.0283012390136719 0.00657272338867188 0.041656494140625
0.0113792419433594 -0.0284919738769531 0.00291061401367187 0.0479011535644531
0.0091400146484375 -0.0362739562988281 -0.00355148315429687 0.0565109252929687
0.0184650421142578 -0.0327720642089844 -0.0274772644042969 0.0525588989257813
0.0369834899902344 -0.0179481506347656 -0.0394668579101562 0.0346527099609375
0.0393295288085938 0.00986480712890625 -0.0393180847167969 0.00216293334960937
0.0100021362304687 0.045501708984375 -0.0178794860839844 -0.0155754089355469
-0.0229682922363281 0.0405082702636719 0.00130081176757812 0.0225486755371094
-0.0447654724121094 0.0150260925292969 -0.0571670532226563 0.0621299743652344
0.0251636505126953 0.0252761840820313 0.06011962890625 -0.072967529296875
0.023895263671875 -0.0134315490722656 0.00443458557128906 -0.0295372009277344
0.000873565673828126 -0.0220527648925781 0.0193309783935547 0.0216560363769531
-0.0142660140991211 -0.00902271270751953 0.0537757873535156 0.00274658203125
-0.0148992538452148 0.00324726104736328 0.0521774291992188 -0.0359764099121094
-0.010101318359375 0.0132789611816406 0.0268440246582031 -0.0640640258789063
-0.00808334350585937 0.00952434539794922 -0.00301361083984375 -0.0704803466796875
-0.0070948600769043 0.00757455825805664 -0.00944137573242187 -0.05572509765625
-0.00970840454101562 0.00738906860351563 -0.0104026794433594 -0.0488700866699219
-0.0116844177246094 -0.00243663787841797 -0.00417709350585937 -0.0430374145507813
-0.00490570068359375 -0.0133876800537109 -0.00184249877929687 -0.0403022766113281
0.0127048492431641 -0.0164346694946289 0.00673675537109376 -0.0485076904296875
0.0292701721191406 -0.000101089477539063 0.0203857421875 -0.0568733215332031
0.0322685241699219 0.0235538482666016 0.02349853515625 -0.0826873779296875
0.0198211669921875 0.0415916442871094 0.0335693359375 -0.09893798828125
0.00559616088867187 0.0625076293945313 0.0693359375 -0.0608177185058594
0.0234394073486328 0.021759033203125 0.0118236541748047 -0.02301025390625
0.0212669372558594 0.00678825378417969 0.0220203399658203 0.0284996032714844
0.0143814086914062 -0.00380897521972656 0.0594978332519531 0.00870132446289062
0.00904083251953125 -0.00692844390869141 0.0587539672851563 -0.0320663452148438
0.000519752502441407 -0.0115547180175781 0.0311050415039062 -0.065338134765625
-0.00689697265625 -0.0179615020751953 -0.00131607055664062 -0.070037841796875
-0.00388717651367187 -0.0173788070678711 -0.00977325439453125 -0.0516471862792969
-0.00684356689453125 -0.0208206176757813 -0.0110588073730469 -0.0455856323242188
0.00181007385253906 -0.0247802734375 -0.00773239135742187 -0.0403480529785156
0.0202789306640625 -0.0231952667236328 -0.00591278076171875 -0.0359535217285156
0.0393600463867188 -0.00756454467773438 0.00315856933593751 -0.0446586608886719
0.0409202575683594 0.0324554443359375 0.0144271850585938 -0.0511360168457031
0.0289535522460938 0.0592842102050781 0.019073486328125 -0.0722198486328125
-0.000762939453124992 0.075836181640625 0.028961181640625 -0.0825958251953125
-0.0183486938476563 0.0899810791015625 0.0696907043457031 -0.0363578796386719
0.0150527954101562 0.05670166015625 0.0147781372070313 -0.00664901733398437
0.0367469787597656 0.0413589477539063 0.0211868286132813 0.0392951965332031
0.0433998107910156 0.00759506225585937 0.0606422424316406 0.0189170837402344
0.0356025695800781 -0.0142822265625 0.0620841979980469 -0.0213165283203125
0.0140018463134766 -0.0341377258300781 0.0347633361816406 -0.0580787658691406
-0.00292205810546875 -0.0426406860351563 0.000995635986328129 -0.0604743957519531
0.000755310058593751 -0.0403251647949219 -0.00946807861328125 -0.039947509765625
-0.00391387939453125 -0.0459442138671875 -0.0114612579345703 -0.0336818695068359
0.0114784240722656 -0.0453453063964844 -0.0133285522460938 -0.0291080474853516
0.03955078125 -0.0354194641113281 -0.0126571655273437 -0.0263271331787109
0.0604629516601563 -0.00537490844726563 -0.0042572021484375 -0.0380821228027344
0.0530738830566406 0.053680419921875 0.00643157958984376 -0.0440750122070313
0.028839111328125 0.0842971801757813 0.0147895812988281 -0.0571823120117187
-0.0172958374023438 0.09832763671875 0.0189208984375 -0.0565872192382812
-0.040283203125 0.103157043457031 0.0596275329589844 -0.00358963012695312
0.000762939453124995 0.0831680297851563 0.0122594833374023 0.0161027908325195
0.0433883666992188 0.0736770629882812 0.0158843994140625 0.0513076782226563
0.0660820007324219 0.0221405029296875 0.0543136596679688 0.0320358276367187
0.0584564208984375 -0.0158195495605469 0.0589256286621094 -0.00537872314453125
0.0278472900390625 -0.0500259399414063 0.0352363586425781 -0.0427703857421875
0.0022125244140625 -0.0605125427246094 0.00357437133789062 -0.0437660217285156
0.00494766235351562 -0.0559883117675781 -0.00781440734863281 -0.0223217010498047
-0.00210571289062501 -0.0640487670898437 -0.010380744934082 -0.0164079666137695
0.0167350769042969 -0.060333251953125 -0.0176067352294922 -0.0125713348388672
0.0510597229003906 -0.0452384948730469 -0.0189056396484375 -0.0123271942138672
0.0731201171875 -0.00751495361328125 -0.0125331878662109 -0.0284576416015625
0.0610160827636719 0.0640678405761719 -0.000701904296874996 -0.0366439819335937
0.0279312133789062 0.096435546875 0.0126953125 -0.0384101867675781
-0.0290603637695312 0.107864379882813 0.00579833984375 -0.02618408203125
-0.0561752319335938 0.0983352661132813 0.04071044921875 0.0324020385742188
-0.0166091918945312 0.0938720703125 0.00421142578125 0.0418128967285156
0.0368881225585938 0.0945510864257813 0.00683975219726563 0.0611038208007813
0.0750198364257813 0.0374069213867188 0.041290283203125 0.04425048828125
0.0718612670898438 -0.010955810546875 0.0482025146484375 0.0117225646972656
0.0384063720703125 -0.0569381713867188 0.0305366516113281 -0.021759033203125
0.00732421875 -0.068878173828125 0.00613784790039062 -0.0207462310791016
0.00783538818359375 -0.0636940002441406 -0.0049586296081543 -0.00167036056518555
-0.000465393066406249 -0.0726394653320312 -0.00794124603271484 0.00453662872314453
0.019287109375 -0.0668716430664063 -0.0201683044433594 0.00715446472167968
0.0558357238769531 -0.0492630004882813 -0.0242099761962891 0.00367927551269531
0.0766983032226563 -0.00720977783203125 -0.0194778442382812 -0.0177860260009766
0.0600547790527344 0.0679779052734375 -0.00553131103515624 -0.0284824371337891
0.0211563110351563 0.097381591796875 0.0135154724121094 -0.0185546875
-0.03863525390625 0.102218627929687 -0.00816535949707031 0.00585603713989259
-0.0612869262695312 0.0761642456054688 0.0179710388183594 0.0648880004882813
-0.0318832397460937 0.0841064453125 -0.00678634643554687 0.0651206970214844
0.019866943359375 0.0955581665039062 -0.00307846069335937 0.0647468566894531
0.0667915344238281 0.0464553833007813 0.0242042541503906 0.0515708923339844
0.0706558227539063 -0.003143310546875 0.0316905975341797 0.0263824462890625
0.0418281555175781 -0.0530891418457031 0.0230064392089844 0.000841140747070309
0.0108375549316406 -0.0663642883300781 0.00801849365234375 0.00422954559326171
0.0100135803222656 -0.0613174438476562 -0.0013275146484375 0.0192985534667969
0.00193023681640624 -0.0706558227539063 -0.00478172302246094 0.0256481170654297
0.0198554992675781 -0.0643730163574219 -0.0214157104492188 0.0262451171875
0.0549430847167969 -0.0450363159179688 -0.0279388427734375 0.0179996490478516
0.0716705322265625 -0.0032958984375 -0.0261039733886719 -0.00770378112792968
0.0496864318847656 0.0672454833984375 -0.00973892211914062 -0.0216293334960937
0.00802612304687501 0.0879058837890625 0.0131978988647461 -0.00089645385742187
-0.0461807250976563 0.0842361450195313 -0.0229377746582031 0.0346412658691406
-0.0539512634277344 0.0407028198242187 -0.0050048828125 0.0883407592773438
-0.0379104614257813 0.056304931640625 -0.01776123046875 0.0808792114257813
0.000831604003906252 0.07513427734375 -0.0109100341796875 0.0634307861328125
0.0458488464355469 0.0434417724609375 0.00830459594726563 0.0526313781738281
0.0555000305175781 0.00352096557617188 0.0151481628417969 0.0349960327148438
0.036285400390625 -0.0399665832519531 0.0130996704101563 0.0205173492431641
0.0119819641113281 -0.0524711608886719 0.00835990905761719 0.0273571014404297
0.0107650756835937 -0.0499382019042969 0.00278091430664063 0.0377159118652344
0.00431060791015625 -0.0582199096679688 -0.00172805786132813 0.0448036193847656
0.019195556640625 -0.05303955078125 -0.0229377746582031 0.0436515808105469
0.0491714477539063 -0.0352973937988281 -0.0335845947265625 0.0302219390869141
0.059661865234375 0.0029144287109375 -0.0332622528076172 -0.00035285949707032
0.0325660705566406 0.0608940124511719 -0.0138864517211914 -0.0169525146484375
-0.00777053833007813 0.0700149536132813 0.0105390548706055 0.0139865875244141
-0.0493621826171875 0.0547523498535156 -0.0393142700195313 0.0567893981933594
-0.0379562377929688 -0.00233078002929687 -0.0195159912109375 0.0988082885742188
-0.0358734130859375 0.0184707641601563 -0.0231552124023438 0.0868301391601563
-0.0154991149902344 0.0405387878417969 -0.0133552551269531 0.0576438903808594
0.0182456970214844 0.0304298400878906 -0.0023651123046875 0.0504875183105469
0.0301666259765625 0.00819015502929688 0.0033416748046875 0.0382537841796875
0.0241622924804687 -0.0207290649414063 0.00707626342773438 0.0344734191894531
0.0115718841552734 -0.0304603576660156 0.0095672607421875 0.0427474975585937
0.00978851318359375 -0.0306720733642578 0.00588989257812499 0.0499610900878906
0.00705718994140625 -0.0377082824707031 -0.000934600830078128 0.0586967468261719
0.0164337158203125 -0.0354080200195313 -0.0256500244140625 0.0557212829589844
0.0375480651855469 -0.0210075378417969 -0.0389938354492187 0.0375480651855469
0.041656494140625 0.00806045532226563 -0.0404014587402344 0.00414657592773437
0.0135688781738281 0.0471343994140625 -0.0188541412353516 -0.0151576995849609
-0.0218849182128906 0.0432624816894531 0.00408935546875 0.0228652954101563
-0.0458221435546875 0.0178489685058594 -0.0554466247558594 0.0675811767578125
0.0274810791015625 0.0238590240478516 0.0558090209960938 -0.0770339965820313
0.0228919982910156 -0.0149383544921875 0.00146484375 -0.029022216796875
-0.000402450561523438 -0.0227813720703125 0.0210304260253906 0.0212345123291016
-0.0152473449707031 -0.00870990753173828 0.0543975830078125 -6.86645507812505E-05
-0.0150928497314453 0.004486083984375 0.0499305725097656 -0.0389785766601562
-0.00896358489990234 0.0143194198608398 0.02325439453125 -0.0661392211914063
-0.0074758529663086 0.01031494140625 -0.00753021240234376 -0.0705184936523438
-0.00658702850341797 0.00830459594726562 -0.0129585266113281 -0.0554962158203125
-0.00876092910766602 0.00807666778564453 -0.0139350891113281 -0.0483169555664063
-0.0113344192504883 -0.00113105773925781 -0.00690841674804687 -0.0438728332519531
-0.00573635101318359 -0.0130319595336914 -0.00434112548828125 -0.0413322448730469
0.0118846893310547 -0.0178737640380859 0.00383377075195313 -0.0501174926757813
0.0296573638916016 -0.0019989013671875 0.0171089172363281 -0.0588150024414063
0.0340938568115234 0.02154541015625 0.0185623168945313 -0.0847396850585937
0.0230331420898438 0.0410614013671875 0.0273208618164063 -0.102745056152344
0.0100288391113281 0.0628929138183594 0.0662384033203125 -0.0655097961425781
0.0250816345214844 0.0204601287841797 0.00916862487792969 -0.0233802795410156
0.0218143463134766 0.00539970397949219 0.0239620208740234 0.0284767150878906
0.0138635635375977 -0.00544071197509766 0.0603523254394531 0.00574493408203125
0.00832700729370117 -0.00810050964355469 0.0575904846191406 -0.0354156494140625
-0.000569343566894532 -0.0113382339477539 0.0278701782226562 -0.0673103332519531
-0.00837993621826172 -0.0171031951904297 -0.00581741333007812 -0.0701179504394531
-0.00504684448242188 -0.0175056457519531 -0.0128364562988281 -0.0512161254882813
-0.00750732421875 -0.0204029083251953 -0.0139808654785156 -0.0449371337890625
0.000188827514648437 -0.0243244171142578 -0.0106658935546875 -0.0400505065917969
0.0186729431152344 -0.024444580078125 -0.0082244873046875 -0.0364112854003906
0.0391731262207031 -0.0101089477539062 0.000541687011718755 -0.0463409423828125
0.0431900024414062 0.0293693542480469 0.0114517211914063 -0.0534324645996094
0.0330009460449219 0.0572357177734375 0.01470947265625 -0.07427978515625
0.00423431396484374 0.0768890380859375 0.0242462158203125 -0.0858612060546875
-0.0121383666992188 0.0921173095703125 0.0678291320800781 -0.0415267944335938
0.0188560485839844 0.0565452575683594 0.0126485824584961 -0.00789737701416015
0.0404472351074219 0.0396080017089844 0.0234603881835938 0.0395126342773438
0.0440940856933594 0.00415420532226563 0.0622024536132813 0.0162467956542969
0.0349502563476563 -0.0170097351074219 0.0617561340332031 -0.025115966796875
0.0114555358886719 -0.0350418090820313 0.03143310546875 -0.0602798461914062
-0.00616073608398438 -0.0422515869140625 -0.00304031372070312 -0.06103515625
-0.00218582153320312 -0.0406570434570313 -0.0116653442382812 -0.0390510559082031
-0.00719833374023437 -0.0457382202148438 -0.0136966705322266 -0.0330314636230469
0.0084075927734375 -0.0455513000488281 -0.0156307220458984 -0.0286216735839844
0.0370063781738281 -0.0377349853515625 -0.0148277282714844 -0.0261592864990234
0.0606231689453125 -0.00957489013671875 -0.00701904296875 -0.0388717651367188
0.0575103759765625 0.0503997802734375 0.00367736816406251 -0.0459632873535156
0.0346832275390625 0.0822677612304688 0.0111656188964844 -0.0585479736328125
-0.010955810546875 0.101524353027344 0.0152664184570313 -0.0589866638183594
-0.0338668823242188 0.107276916503906 0.0599479675292969 -0.00746917724609374
0.00575256347656249 0.0842208862304688 0.0119791030883789 0.0153436660766602
0.0493850708007813 0.0714569091796875 0.0185966491699219 0.0515289306640625
0.0677108764648438 0.0179023742675781 0.0569076538085938 0.0304489135742187
0.0581741333007813 -0.0198898315429687 0.059906005859375 -0.008544921875
0.0240364074707031 -0.0519828796386719 0.0326690673828125 -0.0449638366699219
-0.00229644775390625 -0.0605239868164063 0.00128555297851563 -0.0439987182617188
0.000930786132812505 -0.0572547912597656 -0.00918006896972656 -0.0216045379638672
-0.006622314453125 -0.0637245178222656 -0.011815071105957 -0.0154705047607422
0.0124015808105469 -0.0610389709472656 -0.0189990997314453 -0.0113105773925781
0.0479354858398438 -0.0490913391113281 -0.0204563140869141 -0.0117912292480469
0.0732879638671875 -0.0124893188476562 -0.0147876739501953 -0.0288734436035156
0.0662574768066406 0.0605850219726562 -0.00258636474609374 -0.0376663208007813
0.0345458984375 0.0948028564453125 0.0106124877929688 -0.0402870178222656
-0.0222702026367187 0.111763000488281 0.00393867492675781 -0.0274524688720703
-0.0503311157226563 0.102790832519531 0.0426483154296875 0.0298728942871094
-0.0111618041992188 0.095916748046875 0.00561141967773437 0.0419731140136719
0.0435867309570312 0.0931777954101562 0.0100784301757813 0.0618400573730469
0.078155517578125 0.033203125 0.0445785522460938 0.043212890625
0.072723388671875 -0.0163421630859375 0.0501785278320313 0.00889968872070312
0.03424072265625 -0.0599861145019531 0.0297088623046875 -0.0240497589111328
0.00176239013671875 -0.0697250366210938 0.00483512878417969 -0.020843505859375
0.00324249267578125 -0.0650596618652344 -0.0047450065612793 -0.000773429870605473
-0.0062713623046875 -0.0722808837890625 -0.00806665420532227 0.00540161132812499
0.0142059326171875 -0.068084716796875 -0.0201606750488281 0.00842857360839843
0.0525894165039063 -0.0532035827636719 -0.0242843627929687 0.00470733642578125
0.076416015625 -0.012298583984375 -0.0209369659423828 -0.0173568725585938
0.0654563903808594 0.06439208984375 -0.0072479248046875 -0.0288028717041016
0.0280990600585938 0.0960922241210938 0.012725830078125 -0.0204029083251953
-0.0325698852539063 0.106475830078125 -0.00796937942504883 0.00606918334960938
-0.0565872192382813 0.08123779296875 0.0222244262695312 0.0643463134765625
-0.027252197265625 0.0866622924804688 -0.0034942626953125 0.0651283264160156
0.0264663696289063 0.0953521728515625 8.77380371093778E-05 0.0664901733398438
0.0702400207519531 0.0425567626953125 0.0275955200195313 0.0513534545898438
0.0719146728515625 -0.00801849365234375 0.0343494415283203 0.0249538421630859
0.0379791259765625 -0.0560722351074219 0.0230827331542969 -0.000644683837890628
0.00571060180664063 -0.0671730041503906 0.00819921493530273 0.00369024276733398
0.0057373046875 -0.0629043579101563 0.000226974487304687 0.0200309753417969
-0.00376129150390625 -0.0708770751953125 -0.00371360778808594 0.0263500213623047
0.014923095703125 -0.0659103393554688 -0.0204181671142578 0.0280342102050781
0.0518951416015625 -0.0495567321777344 -0.0274639129638672 0.0193920135498047
0.0717849731445313 -0.0081939697265625 -0.0266666412353516 -0.00692939758300782
0.0549354553222656 0.0642929077148438 -0.0107002258300781 -0.0215015411376953
0.0138626098632813 0.0878677368164063 0.0135583877563477 -0.00240325927734374
-0.0408554077148437 0.08843994140625 -0.0210990905761719 0.0364532470703125
-0.0519180297851563 0.0441207885742188 0.000595092773437489 0.0895156860351563
-0.0342903137207031 0.0595207214355469 -0.0136871337890625 0.0821456909179688
0.0057830810546875 0.0760116577148438 -0.00762939453125 0.0655632019042969
0.0489921569824219 0.0407524108886719 0.0121688842773438 0.0537071228027344
0.056182861328125 0 0.0180931091308594 0.0344486236572266
0.0336685180664063 -0.0426216125488281 0.0148887634277344 0.0197505950927734
0.00812530517578124 -0.0538673400878906 0.0106372833251953 0.0266609191894531
0.0069580078125 -0.0508804321289063 0.00575637817382813 0.0382537841796875
9.15527343750032E-05 -0.0590553283691406 0.000595092773437502 0.0454330444335937
0.0151786804199219 -0.0549774169921875 -0.0206756591796875 0.0452461242675781
0.0468597412109375 -0.0389595031738281 -0.0316963195800781 0.03179931640625
0.060272216796875 -0.00115585327148438 -0.0330009460449219 0.00125503540039062
0.0370979309082031 0.0592765808105469 -0.0144786834716797 -0.0165586471557617
-0.00312042236328125 0.0706329345703125 0.0118732452392578 0.0128240585327148
-0.0459442138671875 0.0588455200195313 -0.0359153747558594 0.0593223571777344
-0.0381278991699219 0.000267028808593744 -0.0135955810546875 0.101173400878906
-0.0353851318359375 0.0211982727050781 -0.018310546875 0.0885848999023438
-0.0127182006835938 0.0421485900878906 -0.0103187561035156 0.0594329833984375
0.0204753875732422 0.0296077728271484 0.000957489013671882 0.0518913269042969
0.0312919616699219 0.00622749328613281 0.00653076171875 0.0389938354492188
0.0224895477294922 -0.0224227905273438 0.00918769836425781 0.0341358184814453
0.00897216796875 -0.0319995880126953 0.012481689453125 0.0426597595214844
0.00784111022949219 -0.0319480895996094 0.00955963134765625 0.0507354736328125
0.00406646728515625 -0.0388679504394531 0.002685546875 0.0594673156738281
0.0139198303222656 -0.0361251831054688 -0.0223312377929688 0.0579910278320313
0.0358238220214844 -0.0241012573242188 -0.0368728637695313 0.0398216247558594
0.0421600341796875 0.0049896240234375 -0.0402145385742188 0.00624084472656249
0.0167312622070312 0.0471649169921875 -0.0195446014404297 -0.0147151947021484
-0.0192985534667969 0.0451278686523438 0.00600433349609375 0.0219879150390625
-0.04498291015625 0.021148681640625 -0.0513916015625 0.07159423828125
0.0288143157958984 0.0223674774169922 0.0518417358398437 -0.0786972045898438
0.0220203399658203 -0.0153465270996094 -0.000183105468749997 -0.0283622741699219
-0.00199127197265625 -0.0229110717773438 0.0217075347900391 0.0206317901611328
-0.0159826278686523 -0.00866889953613281 0.0539932250976563 -0.001556396484375
-0.0149755477905273 0.00484180450439453 0.0478096008300781 -0.0402984619140625
-0.00827312469482422 0.0150699615478516 0.0207138061523437 -0.0661811828613281
-0.0064239501953125 0.0112400054931641 -0.0104255676269531 -0.0692329406738281
-0.00606489181518555 0.00857686996459961 -0.0152130126953125 -0.0544776916503906
-0.0079813003540039 0.0084233283996582 -0.0161094665527344 -0.0473594665527344
-0.0113096237182617 -0.000121116638183592 -0.0089569091796875 -0.0431251525878906
-0.00633430480957031 -0.0119419097900391 -0.0062408447265625 -0.0413131713867188
0.0107707977294922 -0.0184745788574219 0.00185394287109375 -0.050537109375
0.0291385650634766 -0.0036468505859375 0.0146064758300781 -0.0591506958007813
0.0348396301269531 0.0197296142578125 0.014862060546875 -0.0843658447265625
0.0252037048339844 0.0397186279296875 0.0223846435546875 -0.103492736816406
0.0135040283203125 0.0620765686035156 0.0623893737792969 -0.0679893493652344
0.025726318359375 0.0195865631103516 0.00680351257324219 -0.0232524871826172
0.022216796875 0.00402069091796875 0.0245780944824219 0.0275421142578125
0.0129299163818359 -0.00629711151123047 0.0601272583007813 0.00381088256835937
0.00760793685913086 -0.0087428092956543 0.0555496215820313 -0.0375099182128906
-0.00120639801025391 -0.0105514526367187 0.0245475769042969 -0.0678863525390625
-0.00905418395996094 -0.0159521102905273 -0.00922775268554687 -0.0693855285644531
-0.00570011138916016 -0.0170974731445313 -0.0146522521972656 -0.0503654479980469
-0.00881195068359375 -0.0195674896240234 -0.0165596008300781 -0.0439071655273438
-0.000989913940429685 -0.0237884521484375 -0.0126800537109375 -0.0392189025878906
0.0166969299316406 -0.0247764587402344 -0.0097198486328125 -0.0362663269042969
0.0384559631347656 -0.0124244689941406 -0.00176239013671875 -0.0467758178710938
0.0445098876953125 0.0272178649902344 0.00917434692382813 -0.05316162109375
0.0351638793945312 0.0551071166992188 0.0114288330078125 -0.0744552612304688
0.00809478759765625 0.0762786865234375 0.0198135375976562 -0.086517333984375
-0.007598876953125 0.09283447265625 0.0647125244140625 -0.0440177917480469
0.0208587646484375 0.0554084777832031 0.01123046875 -0.00813198089599609
0.0418548583984375 0.0373954772949219 0.0250358581542969 0.0390052795410156
0.0434417724609375 0.0016937255859375 0.0626411437988281 0.0144577026367188
0.0337982177734375 -0.0188789367675781 0.0607032775878906 -0.0274810791015625
0.00944709777832031 -0.03472900390625 0.0287857055664062 -0.0608978271484375
-0.00881195068359375 -0.0411453247070313 -0.00555419921875001 -0.0600471496582031
-0.00394058227539063 -0.0400505065917969 -0.012969970703125 -0.0382461547851563
-0.009490966796875 -0.0448760986328125 -0.0155048370361328 -0.0320835113525391
0.00575637817382812 -0.0451087951660156 -0.0168228149414063 -0.027435302734375
0.0345802307128906 -0.0388603210449219 -0.0157108306884766 -0.0255699157714844
0.0598716735839844 -0.0127944946289063 -0.00876617431640625 -0.0396385192871094
0.0594749450683594 0.0470161437988281 0.00194931030273438 -0.0462913513183594
0.0379180908203125 0.0798568725585938 0.00861358642578125 -0.0590476989746094
-0.00632476806640625 0.101463317871094 0.0124549865722656 -0.0598297119140625
-0.02862548828125 0.108314514160156 0.0590362548828125 -0.0100212097167969
0.00894927978515624 0.0833816528320312 0.0111627578735352 0.0143375396728516
0.05255126953125 0.0689544677734375 0.0203895568847656 0.0517425537109375
0.0682525634765625 0.0141372680664062 0.0576934814453125 0.0284080505371094
0.0564727783203125 -0.0227699279785156 0.0591087341308594 -0.0108757019042969
0.0211524963378906 -0.0519485473632813 0.0302009582519531 -0.0461578369140625
-0.00600051879882812 -0.0594215393066406 -0.000747680664062504 -0.0432815551757813
-0.0020751953125 -0.0563774108886719 -0.0092010498046875 -0.0208854675292969
-0.0101509094238281 -0.0622444152832031 -0.0127954483032227 -0.0147085189819336
0.00864410400390625 -0.060089111328125 -0.0196399688720703 -0.0101737976074219
0.0446662902832031 -0.0504417419433594 -0.0207939147949219 -0.0107460021972656
0.0715866088867188 -0.0159988403320313 -0.0159015655517578 -0.0290107727050781
0.0688362121582031 0.0565834045410156 -0.0042266845703125 -0.0377006530761719
0.0384292602539063 0.0915908813476563 0.00867080688476563 -0.0406379699707031
-0.0168838500976563 0.112319946289063 0.00280952453613281 -0.0280246734619141
-0.045135498046875 0.104583740234375 0.0435867309570313 0.0277214050292969
-0.00740051269531249 0.0959396362304687 0.00606536865234375 0.0404243469238281
0.0477371215820313 0.0908203125 0.0120201110839844 0.0627593994140625
0.0786972045898438 0.0291824340820313 0.0462188720703125 0.0419082641601563
0.0710525512695313 -0.0192489624023438 0.0503807067871094 0.00760269165039063
0.0305862426757813 -0.0602645874023438 0.0282878875732422 -0.0249595642089844
-0.00263214111328125 -0.0685157775878906 0.00403022766113281 -0.0203990936279297
0.00011062622070313 -0.0646934509277344 -0.00435376167297363 -0.000315427780151371
-0.00955200195312501 -0.0710067749023438 -0.00803375244140625 0.00586795806884765
0.00992202758789063 -0.0672187805175781 -0.0201129913330078 0.00971794128417969
0.0489234924316406 -0.0553398132324219 -0.0240402221679687 0.00551986694335937
0.0750503540039062 -0.0160980224609375 -0.0216217041015625 -0.0173397064208984
0.0679244995117188 0.0604324340820313 -0.00798797607421874 -0.0295085906982422
0.03173828125 0.09326171875 0.0117931365966797 -0.0214824676513672
-0.0272445678710938 0.107917785644531 -0.0080718994140625 0.00617551803588868
-0.0529327392578125 0.083282470703125 0.0242919921875 0.0630149841308594
-0.0237350463867187 0.0871810913085938 -0.00205230712890625 0.0641822814941406
0.0309600830078125 0.0936660766601563 0.00220870971679688 0.0672531127929688
0.071533203125 0.0389480590820312 0.0297126770019531 0.0510139465332031
0.071258544921875 -0.0116195678710938 0.0357666015625 0.0238037109375
0.0343360900878906 -0.0567741394042969 0.0225353240966797 -0.00164222717285157
0.00174331665039062 -0.0665779113769531 0.00829172134399414 0.00376605987548828
0.00238037109375 -0.0630378723144531 0.00189781188964844 0.0202865600585938
-0.00741195678710937 -0.0695571899414063 -0.00254249572753906 0.0264453887939453
0.0109901428222656 -0.0651321411132813 -0.019439697265625 0.0288715362548828
0.0484390258789062 -0.051483154296875 -0.0266685485839844 0.0201702117919922
0.070831298828125 -0.0113067626953125 -0.0265979766845703 -0.00647926330566406
0.0573883056640625 0.0607490539550781 -0.0112514495849609 -0.0216274261474609
0.0174560546875 0.0861053466796875 0.013270378112793 -0.0039987564086914
-0.0364608764648438 0.0901336669921875 -0.0191383361816406 0.0363426208496094
-0.0494003295898437 0.0460968017578125 0.0041046142578125 0.0887832641601563
-0.032318115234375 0.0602836608886719 -0.010406494140625 0.0812911987304688
0.00952148437500001 0.0756301879882813 -0.00532531738281249 0.0658378601074219
0.0502510070800781 0.0384674072265625 0.0141716003417969 0.0535202026367188
0.0565757751464844 -0.00257110595703125 0.0198783874511719 0.0335578918457031
0.0310249328613281 -0.0431365966796875 0.0152912139892578 0.0189266204833984
0.00434494018554687 -0.053466796875 0.0121116638183594 0.0262832641601562
0.00397872924804687 -0.0513343811035156 0.00786972045898438 0.0380020141601563
-0.00365066528320312 -0.058258056640625 0.00281906127929688 0.0451545715332031
0.0116920471191406 -0.054351806640625 -0.0191650390625 0.0459709167480469
0.0438613891601563 -0.0410652160644531 -0.0299758911132812 0.0325641632080078
0.0596427917480469 -0.00387954711914063 -0.0329818725585937 0.00205039978027344
0.0395889282226563 0.0570297241210937 -0.0149946212768555 -0.016448974609375
-4.57763671875065E-05 0.0696830749511719 0.0126895904541016 0.0114850997924805
-0.0430259704589844 0.0603370666503906 -0.0328369140625 0.0600166320800781
-0.0380516052246094 0.00186538696289062 -0.00921630859375 0.101211547851563
-0.0341453552246094 0.0227870941162109 -0.0143203735351563 0.0882339477539063
-0.0107460021972656 0.0428848266601563 -0.00850677490234375 0.059844970703125
0.0217761993408203 0.028656005859375 0.00322341918945313 0.0519027709960938
0.0313320159912109 0.00476264953613281 0.00797271728515626 0.0390052795410156
0.0214424133300781 -0.0232200622558594 0.0110588073730469 0.03375244140625
0.00686836242675782 -0.0320224761962891 0.0148544311523437 0.0414352416992188
0.0063018798828125 -0.0322017669677734 0.0121231079101563 0.0497283935546875
0.00154495239257813 -0.0386962890625 0.00509262084960937 0.0587577819824219
0.0113639831542969 -0.0365943908691406 -0.0200424194335938 0.058441162109375
0.0344104766845703 -0.0257606506347656 -0.0351409912109375 0.04083251953125
0.0426063537597656 0.002899169921875 -0.0398941040039063 0.00750732421874999
0.01849365234375 0.0462188720703125 -0.0198802947998047 -0.0148296356201172
-0.0174217224121094 0.04559326171875 0.00717926025390625 0.0205726623535156
-0.0433692932128906 0.0228157043457031 -0.0477294921875 0.0726089477539063
0.0296459197998047 0.0217819213867188 0.049652099609375 -0.07928466796875
0.0217151641845703 -0.0159492492675781 -0.00214004516601563 -0.0272254943847656
-0.00228691101074219 -0.0226516723632813 0.0219097137451172 0.0206260681152344
-0.0163402557373047 -0.00803089141845703 0.0539207458496094 -0.00179672241210938
-0.0155553817749023 0.00508689880371094 0.0468063354492188 -0.0404014587402344
-0.00776100158691406 0.015528678894043 0.0193824768066406 -0.0655288696289063
-0.00591659545898438 0.0117883682250977 -0.0117073059082031 -0.0685539245605469
-0.00535392761230469 0.00843286514282227 -0.0159950256347656 -0.0540885925292969
-0.00739288330078125 0.00871896743774414 -0.0171279907226563 -0.0469398498535156
-0.0107145309448242 0.00077533721923828 -0.0098114013671875 -0.0431137084960938
-0.00681018829345703 -0.0115871429443359 -0.007080078125 -0.04150390625
0.00989341735839844 -0.0189990997314453 0.000644683837890622 -0.0509681701660156
0.0288619995117188 -0.00467300415039063 0.013641357421875 -0.0589179992675781
0.0350151062011719 0.0190620422363281 0.0131149291992187 -0.0832366943359375
0.0258331298828125 0.0387344360351563 0.0199127197265625 -0.103675842285156
0.0153388977050781 0.0614509582519531 0.0604705810546875 -0.0691490173339844
0.0259895324707031 0.0194530487060547 0.00516128540039063 -0.0226421356201172
0.0222072601318359 0.002960205078125 0.0250606536865234 0.0279312133789063
0.0123195648193359 -0.00719833374023438 0.0602455139160156 0.003448486328125
0.00692558288574219 -0.00905132293701172 0.0549850463867188 -0.0376625061035156
-0.00195503234863281 -0.00974655151367188 0.0234832763671875 -0.0675926208496094
-0.00960826873779297 -0.01483154296875 -0.0103263854980469 -0.0684890747070313
-0.00609493255615234 -0.016596794128418 -0.01593017578125 -0.0498924255371094
-0.00877571105957031 -0.0191841125488281 -0.0173912048339844 -0.04339599609375
-0.0010223388671875 -0.0227012634277344 -0.0136260986328125 -0.0387229919433594
0.0160045623779297 -0.0245018005371094 -0.0104560852050781 -0.0366134643554688
0.037445068359375 -0.0131607055664063 -0.0024261474609375 -0.0473594665527344
0.0447959899902344 0.0256690979003906 0.0085601806640625 -0.0534515380859375
0.0363235473632812 0.0538444519042969 0.00992584228515625 -0.0741195678710938
0.00974273681640625 0.0765228271484375 0.0177459716796875 -0.08746337890625
-0.00495147705078124 0.0928192138671875 0.0635719299316406 -0.0455665588378906
0.0218162536621094 0.0550270080566406 0.00926017761230469 -0.0082712173461914
0.0432205200195312 0.03570556640625 0.0255584716796875 0.0396728515625
0.0430183410644531 0.000606536865234375 0.0626945495605469 0.0140190124511719
0.0329322814941406 -0.0196590423583984 0.0601730346679687 -0.0275382995605469
0.00800323486328125 -0.0343341827392578 0.0273818969726562 -0.0610466003417969
-0.0100212097167969 -0.0398941040039063 -0.00677490234375 -0.0594062805175781
-0.00497817993164063 -0.0397720336914063 -0.0133857727050781 -0.0378456115722656
-0.0104598999023438 -0.0436859130859375 -0.0163154602050781 -0.0316123962402344
0.00452041625976563 -0.0439300537109375 -0.0176506042480469 -0.0271015167236328
0.0328865051269531 -0.0389900207519531 -0.0164279937744141 -0.0255222320556641
0.058868408203125 -0.0140914916992188 -0.00920867919921875 -0.0402717590332031
0.0602340698242188 0.045074462890625 0.00154876708984376 -0.0466690063476563
0.0390853881835938 0.0780258178710938 0.00721740722656251 -0.0592117309570312
-0.0036773681640625 0.101791381835938 0.0108489990234375 -0.0605659484863281
-0.0255966186523438 0.108924865722656 0.0581092834472656 -0.0112953186035156
0.010162353515625 0.0832672119140625 0.0100059509277344 0.0139942169189453
0.0539131164550781 0.0674095153808594 0.0213470458984375 0.0524406433105469
0.0677490234375 0.0127029418945313 0.0583572387695313 0.02801513671875
0.0558624267578125 -0.0237464904785156 0.0595283508300781 -0.0114898681640625
0.0190925598144531 -0.0520553588867188 0.0292091369628906 -0.0462455749511719
-0.00788879394531249 -0.0581092834472656 -0.0016937255859375 -0.0428352355957031
-0.00351715087890625 -0.0562171936035156 -0.00946617126464844 -0.0203628540039063
-0.0120162963867187 -0.0613021850585938 -0.0132045745849609 -0.0138826370239258
0.00691986083984376 -0.0593528747558594 -0.0200309753417969 -0.0097808837890625
0.042236328125 -0.0512466430664062 -0.0208797454833984 -0.0107936859130859
0.0709762573242188 -0.0177383422851563 -0.01617431640625 -0.0293617248535156
0.0697593688964844 0.054595947265625 -0.00500106811523437 -0.0381660461425781
0.0399627685546875 0.0897903442382813 0.00765228271484376 -0.0411949157714844
-0.014251708984375 0.112709045410156 0.00205230712890625 -0.0282382965087891
-0.0423965454101563 0.105583190917969 0.0436668395996094 0.0265731811523438
-0.0061798095703125 0.0956039428710938 0.00532150268554687 0.039764404296875
0.0505447387695313 0.0896453857421875 0.0125732421875 0.0632057189941406
0.0790863037109375 0.027099609375 0.0467720031738281 0.0418472290039063
0.070465087890625 -0.0214767456054688 0.0508460998535156 0.006622314453125
0.0283584594726563 -0.0600357055664063 0.0272941589355469 -0.0251731872558594
-0.00461196899414063 -0.0674781799316406 0.00349617004394531 -0.0204200744628906
-0.00168991088867187 -0.064208984375 -0.00352382659912109 0.000236988067626949
-0.0119552612304687 -0.0696868896484375 -0.0080409049987793 0.0064401626586914
0.00767135620117187 -0.0665512084960938 -0.0200843811035156 0.0102977752685547
0.0466880798339844 -0.0557136535644531 -0.0239887237548828 0.00529479980468749
0.0739364624023437 -0.0174942016601562 -0.0218429565429687 -0.0176067352294922
0.0692100524902344 0.0583343505859375 -0.00833320617675781 -0.0297489166259766
0.0333251953125 0.0914688110351563 0.0111637115478516 -0.0218544006347656
-0.0242691040039063 0.108436584472656 -0.00807046890258789 0.00554847717285157
-0.0507583618164063 0.0839691162109375 0.0251197814941406 0.061920166015625
-0.022735595703125 0.0873031616210937 -0.00159454345703125 0.0632553100585938
0.0334320068359375 0.0928497314453125 0.00284576416015625 0.0678672790527344
0.0720672607421875 0.0369720458984375 0.0304908752441406 0.0508880615234375
0.0706939697265625 -0.0133514404296875 0.036468505859375 0.02325439453125
0.0323982238769531 -0.0569419860839844 0.0223255157470703 -0.00207710266113282
-0.000694274902343754 -0.0659217834472656 0.00841283798217773 0.00345087051391601
0.000682830810546873 -0.0626449584960938 0.00242233276367187 0.0203285217285156
-0.00963592529296876 -0.0685920715332031 -0.00230598449707031 0.0266857147216797
0.0088348388671875 -0.0644149780273438 -0.0188312530517578 0.0291633605957031
0.0463676452636719 -0.0522994995117188 -0.0258979797363281 0.0201339721679688
0.0700149536132813 -0.0133018493652344 -0.0267696380615234 -0.00675010681152344
0.0584869384765625 0.0595626831054688 -0.0119342803955078 -0.0223350524902344
0.0189895629882813 0.084869384765625 0.0133075714111328 -0.00456047058105468
-0.03424072265625 0.0906143188476562 -0.0184211730957031 0.0365028381347656
-0.0483131408691406 0.0469169616699219 0.00575256347656251 0.088348388671875
-0.0314712524414063 0.0605392456054687 -0.00948333740234376 0.0799560546875
0.0115585327148438 0.0753707885742188 -0.00466156005859375 0.066375732421875
0.0508193969726563 0.0371818542480469 0.0148544311523438 0.0536384582519531
0.0562324523925781 -0.00435256958007813 0.0209293365478516 0.0336017608642578
0.0291938781738281 -0.0435371398925781 0.0156650543212891 0.0189075469970703
0.00227737426757812 -0.0525894165039062 0.0128364562988281 0.0253658294677734
0.00263595581054687 -0.0513420104980469 0.00884246826171875 0.0375289916992188
-0.00494384765625 -0.0574188232421875 0.00311660766601562 0.04486083984375
0.00976943969726563 -0.053802490234375 -0.0180702209472656 0.0462722778320313
0.042205810546875 -0.0416908264160156 -0.0290679931640625 0.0326709747314453
0.0594558715820313 -0.00522994995117188 -0.0324802398681641 0.00202751159667968
0.0409660339355469 0.0561447143554688 -0.0155963897705078 -0.0172080993652344
0.00101852416992188 0.0692138671875 0.0129356384277344 0.0102319717407227
-0.04132080078125 0.0611457824707031 -0.0316123962402344 0.0598373413085938
-0.0379219055175781 0.00243759155273438 -0.00716400146484374 0.10076904296875
-0.0338516235351563 0.0231647491455078 -0.0127182006835938 0.0873794555664062
-0.009185791015625 0.0431327819824219 -0.00748062133789062 0.0598945617675781
0.0226230621337891 0.0280227661132813 0.003875732421875 0.0520820617675781
0.0319499969482422 0.00389671325683594 0.00911712646484375 0.0390281677246094
0.0206680297851562 -0.0233097076416016 0.0115699768066406 0.0333595275878906
0.00536537170410157 -0.0322246551513672 0.0156745910644531 0.0409088134765625
0.00465583801269531 -0.032501220703125 0.0135002136230469 0.0495796203613281
0.000572204589843752 -0.0387153625488281 0.00605773925781249 0.0588455200195313
0.0103378295898438 -0.0365524291992187 -0.0188331604003906 0.0583915710449219
0.0336074829101563 -0.0265960693359375 -0.034210205078125 0.0405197143554688
0.0420875549316406 0.00220489501953125 -0.0393829345703125 0.00756072998046875
0.0193977355957031 0.0462684631347656 -0.0200672149658203 -0.0151252746582031
-0.0169143676757812 0.0455970764160156 0.00792884826660156 0.0193195343017578
-0.0428237915039063 0.0239410400390625 -0.045806884765625 0.0728759765625
0.0307464599609375 0.0218963623046875 0.049346923828125 -0.0809097290039062
0.0217323303222656 -0.0162601470947266 -0.00322532653808594 -0.0271987915039063
-0.00298690795898438 -0.0230178833007813 0.0232906341552734 0.0213127136230469
-0.0172567367553711 -0.00817394256591797 0.0548858642578125 -0.00159454345703125
-0.0160770416259766 0.00567340850830078 0.0477294921875 -0.0409355163574219
-0.00753307342529297 0.0161914825439453 0.0196571350097656 -0.0670166015625
-0.00508213043212891 0.0121822357177734 -0.0125274658203125 -0.0693778991699219
-0.00513267517089844 0.00899600982666016 -0.0169258117675781 -0.0550003051757813
-0.00697755813598633 0.0083918571472168 -0.0179290771484375 -0.0475006103515625
-0.0101442337036133 0.00117301940917969 -0.0108070373535156 -0.0439567565917969
-0.00719642639160156 -0.0113334655761719 -0.00732040405273438 -0.0432586669921875
0.00971603393554688 -0.0197162628173828 0.000251770019531249 -0.0522041320800781
0.0292682647705078 -0.00519371032714844 0.0143661499023438 -0.0594749450683594
0.0357551574707031 0.0190200805664063 0.0131607055664063 -0.0846633911132813
0.0265846252441406 0.0394401550292969 0.019195556640625 -0.105720520019531
0.0164413452148438 0.0623512268066406 0.0601119995117188 -0.070587158203125
0.0265140533447266 0.0191879272460938 0.00404930114746094 -0.0223598480224609
0.022430419921875 0.00299263000488281 0.02587890625 0.0293178558349609
0.0121564865112305 -0.00765323638916016 0.0611076354980469 0.00331497192382812
0.0064544677734375 -0.00982189178466797 0.0557136535644531 -0.0380630493164063
-0.00173282623291016 -0.00979900360107422 0.0236549377441406 -0.0687026977539063
-0.00958251953125 -0.0143222808837891 -0.0108375549316406 -0.0693588256835938
-0.00630283355712891 -0.0169734954833984 -0.0164299011230469 -0.0507316589355469
-0.009307861328125 -0.0192241668701172 -0.018157958984375 -0.0442314147949219
-0.000993728637695313 -0.0227909088134766 -0.0142555236816406 -0.0394287109375
0.0156478881835938 -0.0245838165283203 -0.0109672546386719 -0.037628173828125
0.0376129150390625 -0.0138168334960938 -0.0025482177734375 -0.0487060546875
0.0452308654785156 0.0255355834960938 0.0087127685546875 -0.0544586181640625
0.0370292663574219 0.0541114807128906 0.00959014892578126 -0.0750656127929688
0.010833740234375 0.0777969360351563 0.0169143676757813 -0.0895156860351562
-0.00346374511718749 0.0942001342773438 0.0637283325195313 -0.0470466613769531
0.0222434997558594 0.055938720703125 0.0082707405090332 -0.00792789459228515
0.044464111328125 0.035614013671875 0.0260963439941406 0.0414047241210937
0.0431251525878906 -0.0003509521484375 0.0642318725585938 0.0145225524902344
0.0325756072998047 -0.0209846496582031 0.0613822937011719 -0.0286483764648438
0.00776481628417968 -0.0339374542236328 0.0276679992675781 -0.062042236328125
-0.0108222961425781 -0.0395851135253906 -0.00733566284179687 -0.0601959228515625
-0.00600433349609375 -0.0403709411621094 -0.0135917663574219 -0.0382652282714844
-0.0113677978515625 -0.043701171875 -0.0168266296386719 -0.0320205688476563
0.00452804565429687 -0.0439834594726563 -0.0183162689208984 -0.0271453857421875
0.0325546264648438 -0.0394287109375 -0.0168018341064453 -0.0264377593994141
0.0593338012695312 -0.0145988464355469 -0.0102653503417969 -0.0418167114257813
0.0614585876464844 0.0448989868164063 0.00122833251953125 -0.0476722717285156
0.0403213500976563 0.0780715942382813 0.00709915161132813 -0.06036376953125
-0.00277709960937501 0.103790283203125 0.0102424621582031 -0.0622940063476562
-0.0249557495117187 0.111137390136719 0.0587654113769531 -0.0121841430664062
0.0107269287109375 0.0845489501953125 0.00872802734375 0.0139503479003906
0.0561141967773438 0.0678863525390625 0.0218009948730469 0.054656982421875
0.0684356689453125 0.0121002197265625 0.0598678588867188 0.0290794372558594
0.0566558837890625 -0.0260162353515625 0.0610275268554688 -0.01190185546875
0.018524169921875 -0.0522384643554688 0.0296058654785156 -0.0465850830078125
-0.00946044921875 -0.0581893920898438 -0.0019378662109375 -0.0435905456542969
-0.00444793701171875 -0.0572395324707031 -0.00919342041015625 -0.0205440521240234
-0.012939453125 -0.0614700317382813 -0.0135679244995117 -0.014063835144043
0.00598907470703126 -0.05963134765625 -0.0204238891601563 -0.00966835021972657
0.0422210693359375 -0.0517997741699219 -0.0215415954589844 -0.0115470886230469
0.0718002319335938 -0.0186691284179688 -0.0169715881347656 -0.0311317443847656
0.071533203125 0.05474853515625 -0.00526046752929687 -0.0395431518554688
0.0411529541015625 0.09063720703125 0.00754547119140626 -0.0421943664550781
-0.0135116577148437 0.1151123046875 0.00104713439941406 -0.0295391082763672
-0.0419235229492188 0.108367919921875 0.0442886352539062 0.0263862609863281
-0.005950927734375 0.0973663330078125 0.00406265258789063 0.0402946472167969
0.0525970458984375 0.0906829833984375 0.0134124755859375 0.0652236938476562
0.0803985595703125 0.0264053344726563 0.0482597351074219 0.042877197265625
0.0714035034179688 -0.0232620239257813 0.052520751953125 0.00669097900390625
0.0277633666992188 -0.0607147216796875 0.0276622772216797 -0.0253753662109375
-0.006317138671875 -0.0678901672363281 0.00383567810058593 -0.0210151672363281
-0.00268936157226563 -0.0653228759765625 -0.00313615798950195 0.000272035598754878
-0.0135879516601562 -0.0704421997070313 -0.00856351852416992 0.00678586959838867
0.006683349609375 -0.0667724609375 -0.0206565856933594 0.0108127593994141
0.0461044311523438 -0.05706787109375 -0.0241756439208984 0.00519371032714844
0.0750503540039063 -0.0187301635742188 -0.0223255157470703 -0.0187911987304688
0.0711517333984375 0.0583343505859375 -0.00890350341796874 -0.0306129455566406
0.0343399047851563 0.0922775268554688 0.0110378265380859 -0.0228939056396484
-0.0239410400390625 0.110481262207031 -0.0083608627319336 0.00531768798828126
-0.0509414672851562 0.0858535766601563 0.0257453918457031 0.0626449584960938
-0.022796630859375 0.0886154174804688 -0.00288772583007813 0.0639801025390625
0.0352859497070313 0.0944671630859375 0.00327301025390625 0.0699615478515625
0.0732955932617188 0.0369949340820313 0.0313758850097656 0.0521278381347656
0.0718612670898438 -0.0146560668945313 0.0376739501953125 0.0236167907714844
0.0318374633789063 -0.0576362609863281 0.0225906372070313 -0.00202751159667969
-0.00225830078125 -0.0657081604003906 0.00883388519287109 0.00367641448974609
-0.00077438354492188 -0.0636787414550781 0.003448486328125 0.0208530426025391
-0.011016845703125 -0.0690383911132813 -0.00233078002929688 0.0273094177246094
0.00778579711914063 -0.0647926330566406 -0.0189914703369141 0.0299968719482422
0.0462913513183594 -0.0534515380859375 -0.0263233184814453 0.0201740264892578
0.0704116821289062 -0.0146102905273437 -0.0268993377685547 -0.00715827941894532
0.0602378845214844 0.0596122741699219 -0.0124645233154297 -0.0233917236328125
0.0194931030273437 0.0852508544921875 0.0134782791137695 -0.00555610656738281
-0.033905029296875 0.0929107666015625 -0.018951416015625 0.0366668701171875
-0.0489082336425781 0.0482978820800781 0.0059967041015625 0.0893630981445313
-0.0321235656738281 0.0618095397949219 -0.00987243652343749 0.0810699462890625
0.0126190185546875 0.07720947265625 -0.0043182373046875 0.0675849914550781
0.0520782470703125 0.0370864868164063 0.0152511596679688 0.0548439025878906
0.0574417114257812 -0.00513076782226562 0.0213947296142578 0.0345401763916016
0.0289192199707031 -0.0440139770507813 0.0160598754882813 0.0187950134277344
0.000572204589843746 -0.0529365539550781 0.0131702423095703 0.0259513854980469
0.001556396484375 -0.0520858764648438 0.00967788696289063 0.0385246276855469
-0.00634384155273438 -0.05816650390625 0.00286865234375 0.0464859008789062
0.00886917114257813 -0.0541763305664062 -0.0184478759765625 0.0472640991210938
0.0417327880859375 -0.0436439514160156 -0.0291461944580078 0.0326709747314453
0.0596504211425781 -0.00602340698242188 -0.0331058502197266 0.001708984375
0.0422630310058594 0.0565757751464844 -0.0156269073486328 -0.0180778503417969
0.00131607055664063 0.0698928833007812 0.0134477615356445 0.00947666168212891
-0.0411758422851562 0.0625762939453125 -0.0317916870117187 0.0606536865234375
-0.0382194519042969 0.00284957885742188 -0.00640869140624999 0.10260009765625
-0.0345687866210938 0.0237178802490234 -0.0133285522460937 0.0880661010742188
-0.0089111328125 0.0442466735839844 -0.00779342651367188 0.0606231689453125
0.023284912109375 0.0282611846923828 0.0043487548828125 0.053131103515625
0.0325393676757813 0.00362968444824219 0.00980377197265625 0.0400276184082031
0.0204391479492188 -0.0241909027099609 0.0119190216064453 0.0336532592773438
0.00414657592773437 -0.03216552734375 0.0168724060058594 0.0411567687988281
0.00393295288085938 -0.0333709716796875 0.014495849609375 0.0497932434082031
-0.000236511230468747 -0.0392036437988281 0.00654220581054688 0.0599517822265625
0.009674072265625 -0.0371551513671875 -0.0188636779785156 0.0594558715820313
0.0337200164794922 -0.0279674530029297 -0.0345840454101563 0.0413131713867188
0.0426750183105469 0.00162124633789063 -0.0404434204101563 0.00765228271484376
0.02081298828125 0.0469093322753906 -0.0207099914550781 -0.0158805847167969
-0.0168800354003906 0.0462303161621094 0.0087738037109375 0.0186538696289063
-0.0431556701660156 0.0242919921875 -0.0457611083984375 0.0734939575195313
0.0325069427490234 0.0221977233886719 0.048828125 -0.0848770141601563
0.0225009918212891 -0.0173263549804687 -0.0041656494140625 -0.0269241333007813
-0.00373268127441406 -0.024078369140625 0.0241184234619141 0.0222244262695313
-0.0184173583984375 -0.00818252563476563 0.0572242736816406 -0.00255203247070313
-0.0170927047729492 0.00638961791992188 0.0492935180664062 -0.0428276062011719
-0.00712680816650391 0.0171566009521484 0.0198860168457031 -0.069610595703125
-0.0046682357788086 0.0130472183227539 -0.014373779296875 -0.0718002319335938
-0.00516319274902344 0.00932598114013672 -0.0186805725097656 -0.0568695068359375
-0.00715827941894531 0.00876522064208984 -0.019805908203125 -0.0492935180664063
-0.00992870330810547 0.00118160247802734 -0.0119972229003906 -0.0455741882324219
-0.00727081298828125 -0.0109004974365234 -0.00881576538085938 -0.0455474853515625
0.00958061218261719 -0.0207881927490234 -0.00061416625976562 -0.0548133850097656
0.0301685333251953 -0.00600433349609375 0.0143966674804688 -0.0617446899414063
0.0376014709472656 0.0190277099609375 0.0128402709960937 -0.0876846313476562
0.0283737182617187 0.0405082702636719 0.0175704956054688 -0.110557556152344
0.0189933776855469 0.0650482177734375 0.0601882934570312 -0.0748443603515625
0.0279445648193359 0.0196018218994141 0.00251960754394531 -0.0226516723632812
0.023651123046875 0.00222015380859375 0.02764892578125 0.0304756164550781
0.0118837356567383 -0.00802230834960938 0.0639686584472656 0.00362014770507812
0.00601673126220703 -0.0101642608642578 0.0575981140136719 -0.0405349731445313
-0.0020599365234375 -0.00940132141113281 0.0237274169921875 -0.07098388671875
-0.0100784301757812 -0.0138416290283203 -0.0128860473632813 -0.0712966918945313
-0.00671005249023438 -0.0172624588012695 -0.0175819396972656 -0.0523567199707031
-0.00977325439453125 -0.0191326141357422 -0.0199356079101563 -0.0453987121582031
-0.00143814086914062 -0.0225811004638672 -0.0157012939453125 -0.0409431457519531
0.0157337188720703 -0.0252704620361328 -0.0123786926269531 -0.0394554138183594
0.0386924743652344 -0.0153236389160156 -0.0038299560546875 -0.051849365234375
0.0474624633789063 0.0253829956054688 0.00835800170898438 -0.0564117431640625
0.0390472412109375 0.0548210144042969 0.00878143310546875 -0.07769775390625
0.0128707885742187 0.0809173583984375 0.0153045654296875 -0.0936965942382812
-0.001434326171875 0.0982589721679688 0.0647773742675781 -0.0500068664550781
0.024169921875 0.0581092834472656 0.00672531127929688 -0.00791645050048828
0.0475616455078125 0.0361595153808594 0.0280914306640625 0.0434684753417969
0.0446090698242187 -0.00124359130859375 0.0670318603515625 0.0146369934082031
0.0330715179443359 -0.0228042602539063 0.0639266967773438 -0.0303611755371094
0.00680160522460938 -0.0346603393554688 0.0279083251953125 -0.0646400451660156
-0.0123443603515625 -0.0397453308105469 -0.00856399536132812 -0.062286376953125
-0.00677108764648437 -0.0415000915527344 -0.0141830444335938 -0.03997802734375
-0.0125999450683594 -0.0448760986328125 -0.0185050964355469 -0.0326042175292969
0.0039825439453125 -0.0452346801757813 -0.0199184417724609 -0.0278034210205078
0.0328941345214844 -0.0413627624511719 -0.0182132720947266 -0.0279655456542969
0.0613250732421875 -0.0167427062988281 -0.01104736328125 -0.0442085266113281
0.0646629333496094 0.045440673828125 0.000602722167968754 -0.0496635437011719
0.0429458618164063 0.0803909301757812 0.00589370727539063 -0.0629310607910156
-0.000366210937500009 0.108451843261719 0.00867080688476563 -0.0655136108398438
-0.0229034423828125 0.116172790527344 0.0600242614746094 -0.0139656066894531
0.012298583984375 0.0880279541015625 0.00743579864501953 0.0146560668945313
0.0603446960449219 0.0694236755371094 0.0239448547363281 0.0575599670410156
0.0708847045898438 0.0105514526367188 0.0624542236328125 0.0301322937011719
0.0580673217773437 -0.0285415649414062 0.0633773803710938 -0.0130043029785156
0.0177841186523437 -0.0535125732421875 0.0300025939941406 -0.0484657287597656
-0.0112800598144531 -0.059234619140625 -0.00257110595703125 -0.0449981689453125
-0.00647354125976562 -0.0595588684082031 -0.00924491882324219 -0.0212078094482422
-0.0150871276855469 -0.0631446838378906 -0.0145139694213867 -0.0141611099243164
0.00512313842773437 -0.0607872009277344 -0.0217800140380859 -0.00974464416503906
0.0419578552246094 -0.0539665222167969 -0.0225486755371094 -0.0121135711669922
0.073944091796875 -0.020904541015625 -0.0186500549316406 -0.0331935882568359
0.0754241943359375 0.0547866821289063 -0.00574874877929687 -0.0410728454589844
0.0443038940429687 0.0928726196289063 0.00698471069335938 -0.044036865234375
-0.0115432739257812 0.12060546875 0.000169754028320309 -0.030975341796875
-0.041534423828125 0.113212585449219 0.0456619262695313 0.0265998840332031
-0.00476837158203125 0.101463317871094 0.00316619873046875 0.0416259765625
0.0570449829101563 0.0928878784179688 0.0153236389160156 0.0688819885253906
0.0833892822265625 0.0261154174804687 0.0507049560546875 0.0449943542480469
0.0736846923828125 -0.0260848999023438 0.054718017578125 0.00646209716796875
0.0269355773925781 -0.0626068115234375 0.0281181335449219 -0.026123046875
-0.00876998901367188 -0.0688934326171875 0.00309944152832031 -0.0214595794677734
-0.00426101684570313 -0.06744384765625 -0.00248837471008301 0.000568389892578121
-0.0156936645507813 -0.0723876953125 -0.00905418395996094 0.00754070281982421
0.00547790527343749 -0.0683937072753906 -0.0212783813476563 0.0115547180175781
0.0460700988769531 -0.0598030090332031 -0.0257015228271484 0.00544357299804687
0.0775985717773438 -0.0209426879882813 -0.0239391326904297 -0.0205326080322266
0.07501220703125 0.0592117309570313 -0.0100231170654297 -0.0324745178222656
0.0368423461914063 0.0947189331054688 0.0110187530517578 -0.0245952606201172
-0.02301025390625 0.115982055664063 -0.00914478302001953 0.00504493713378907
-0.0507431030273438 0.0902633666992188 0.0270729064941406 0.064239501953125
-0.0222702026367187 0.092742919921875 -0.00333404541015625 0.0658226013183594
0.0391464233398437 0.09735107421875 0.00452423095703125 0.0729293823242188
0.07647705078125 0.0368728637695313 0.0331840515136719 0.0540199279785156
0.0745086669921875 -0.0168838500976562 0.0400543212890625 0.0241470336914063
0.03167724609375 -0.059844970703125 0.0232563018798828 -0.001800537109375
-0.004241943359375 -0.0670280456542969 0.009765625 0.00359725952148437
-0.00257110595703125 -0.0660438537597656 0.0045928955078125 0.0216827392578125
-0.0132675170898438 -0.0709381103515625 -0.00220298767089844 0.0289402008056641
0.00630569458007812 -0.0663642883300781 -0.0195808410644531 0.0316390991210937
0.0457229614257813 -0.0567092895507813 -0.0267925262451172 0.0208358764648438
0.0727615356445313 -0.0161285400390625 -0.0286540985107422 -0.00789260864257813
0.0637016296386719 0.0605621337890625 -0.0135478973388672 -0.0245323181152344
0.0214004516601563 0.08795166015625 0.0140552520751953 -0.0066080093383789
-0.033477783203125 0.0971298217773438 -0.0192222595214844 0.03765869140625
-0.0497703552246094 0.0512504577636719 0.00788879394531249 0.0926589965820313
-0.0325202941894531 0.0651435852050781 -0.0102767944335938 0.083160400390625
0.0153656005859375 0.0793533325195312 -0.00401306152343749 0.0704803466796875
0.0543136596679687 0.0371589660644531 0.0164642333984375 0.0573501586914063
0.0598678588867188 -0.00701904296875 0.0235214233398438 0.0363578796386719
0.0289039611816406 -0.0462875366210938 0.0167903900146484 0.0197124481201172
-0.00104904174804687 -0.054443359375 0.014617919921875 0.0262031555175781
0.000198364257812496 -0.0540580749511719 0.0116195678710938 0.0398979187011719
-0.00849533081054688 -0.0601577758789063 0.00400924682617188 0.0481948852539063
0.00759506225585938 -0.0560760498046875 -0.0183296203613281 0.0496673583984375
0.0420875549316406 -0.04583740234375 -0.0301780700683594 0.0335216522216797
0.0622634887695313 -0.00775527954101563 -0.0345592498779297 0.00153732299804687
0.0448760986328125 0.0579757690429688 -0.0173358917236328 -0.0189762115478516
0.00214385986328125 0.0724868774414062 0.0141105651855469 0.00897312164306641
-0.0417060852050781 0.0658798217773438 -0.0318717956542969 0.0631828308105469
-0.0399627685546875 0.00345993041992188 -0.00496673583984375 0.106590270996094
-0.0358161926269531 0.0253486633300781 -0.0127487182617187 0.0909423828125
-0.00804901123046875 0.0464439392089844 -0.0077056884765625 0.0628890991210938
0.0245323181152344 0.0284061431884766 0.00529861450195313 0.0560073852539063
0.0342197418212891 0.00280189514160156 0.0110015869140625 0.0417327880859375
0.0208816528320313 -0.0250988006591797 0.0129318237304688 0.0349216461181641
0.00301551818847656 -0.0335979461669922 0.0183677673339844 0.0418701171875
0.00264549255371094 -0.0350265502929688 0.0164146423339844 0.0519447326660156
-0.00149154663085938 -0.0410575866699219 0.008148193359375 0.0623626708984375
0.0091094970703125 -0.038818359375 -0.0188217163085938 0.0621528625488281
0.0339469909667969 -0.0298328399658203 -0.0352592468261719 0.0423851013183594
0.0444107055664063 0.000797271728515625 -0.0415115356445313 0.00809097290039062
0.0227432250976562 0.0486221313476563 -0.0221443176269531 -0.0167503356933594
-0.0168075561523438 0.0486793518066406 0.00956535339355469 0.0183467864990234
-0.0441017150878906 0.0257797241210937 -0.046661376953125 0.0768890380859375
0.0353736877441406 0.021240234375 0.0465621948242188 -0.0904388427734375
0.0226173400878906 -0.0190696716308594 -0.00617027282714843 -0.0270633697509766
-0.00522613525390625 -0.0245914459228516 0.0265140533447266 0.0225925445556641
-0.0199813842773438 -0.00744819641113281 0.0595512390136719 -0.00411224365234375
-0.0182285308837891 0.00806427001953125 0.0495719909667969 -0.04595947265625
-0.00644111633300782 0.0186424255371094 0.0185775756835938 -0.0729446411132812
-0.00327396392822265 0.0141811370849609 -0.0184249877929688 -0.0739974975585938
-0.00453376770019531 0.00985336303710938 -0.022796630859375 -0.0592079162597656
-0.00687789916992188 0.00971889495849609 -0.0236244201660156 -0.0509033203125
-0.0102119445800781 0.00209236145019531 -0.0151519775390625 -0.0475959777832031
-0.00812816619873047 -0.0107507705688477 -0.0113296508789063 -0.0474929809570313
0.00837135314941406 -0.0220394134521484 -0.0027923583984375 -0.0580673217773438
0.0311565399169922 -0.007843017578125 0.013458251953125 -0.0647773742675781
0.0398063659667969 0.0181198120117188 0.0100326538085938 -0.0917434692382813
0.0319023132324219 0.0409698486328125 0.0128173828125 -0.116668701171875
0.0233230590820313 0.0661087036132813 0.0589675903320313 -0.0804061889648438
0.0301227569580078 0.0195236206054688 0.000635147094726563 -0.0227928161621094
0.0252342224121094 0.00127983093261719 0.0308113098144531 0.0312976837158203
0.0114164352416992 -0.00893974304199219 0.0668983459472656 0.001251220703125
0.00502490997314453 -0.0106277465820313 0.05889892578125 -0.0443458557128906
-0.00301933288574219 -0.00893497467041015 0.0220718383789062 -0.0750579833984375
-0.0105524063110352 -0.0134773254394531 -0.0167236328125 -0.0735931396484375
-0.00766277313232422 -0.0174636840820312 -0.0206756591796875 -0.0547599792480469
-0.0112514495849609 -0.0194301605224609 -0.0235061645507812 -0.0468330383300781
-0.00207328796386719 -0.0232639312744141 -0.0184440612792969 -0.0424003601074219
0.0151424407958984 -0.0264244079589844 -0.0148658752441406 -0.0412979125976563
0.0391578674316406 -0.0178184509277344 -0.00682449340820313 -0.0545387268066406
0.0507087707519531 0.0238914489746094 0.00725173950195312 -0.0591316223144531
0.0430107116699219 0.0556640625 0.005859375 -0.0815658569335938
0.0172882080078125 0.0843582153320313 0.01116943359375 -0.0989837646484375
0.00371551513671874 0.103172302246094 0.0640983581542969 -0.0553436279296875
0.0276374816894531 0.0598945617675781 0.00536918640136719 -0.00818777084350586
0.0520744323730469 0.0354042053222656 0.0319633483886719 0.0450706481933594
0.0459747314453125 -0.00365447998046875 0.0708770751953125 0.0131149291992188
0.0328578948974609 -0.025543212890625 0.0655593872070313 -0.0341529846191406
0.00502777099609375 -0.0358695983886719 0.0263137817382812 -0.0682144165039063
-0.0145835876464844 -0.0400886535644531 -0.0118827819824219 -0.0644111633300781
-0.0097503662109375 -0.0427742004394531 -0.0165061950683594 -0.0411605834960937
-0.0156898498535156 -0.0456657409667969 -0.0211315155029297 -0.0333213806152344
0.00162124633789062 -0.0465164184570313 -0.022216796875 -0.0283966064453125
0.0317268371582031 -0.0441093444824219 -0.0206661224365234 -0.029266357421875
0.0630302429199219 -0.0206069946289062 -0.0138282775878906 -0.0468711853027344
0.0696144104003906 0.0440330505371094 -0.000995635986328117 -0.0519638061523438
0.0479354858398437 0.0817413330078125 0.00376129150390625 -0.0658721923828125
0.00452423095703125 0.1134033203125 0.00539779663085938 -0.0690422058105469
-0.0182571411132813 0.122734069824219 0.0614166259765625 -0.0177688598632812
0.0167999267578125 0.0919952392578125 0.00690650939941406 0.0152311325073242
0.0668144226074219 0.0695228576660156 0.0282783508300781 0.0596885681152344
0.0745773315429688 0.0081024169921875 0.0666427612304688 0.0294570922851562
0.0587654113769531 -0.0327033996582031 0.0661125183105469 -0.0161705017089844
0.0155830383300781 -0.0564765930175781 0.0292282104492188 -0.0514907836914063
-0.01458740234375 -0.0601692199707031 -0.0047607421875 -0.0465469360351563
-0.00931549072265624 -0.0612068176269531 -0.0103664398193359 -0.0220127105712891
-0.0192375183105469 -0.0646553039550781 -0.0162267684936523 -0.0141811370849609
0.00242233276367188 -0.0629310607910156 -0.0233020782470703 -0.00919342041015626
0.0406265258789063 -0.0579795837402344 -0.0243568420410156 -0.0123786926269531
0.076141357421875 -0.0253372192382813 -0.0213375091552734 -0.0344390869140625
0.0812835693359375 0.0536727905273438 -0.00802230834960937 -0.0426902770996094
0.0495452880859375 0.0944442749023437 0.00551223754882813 -0.0468902587890625
-0.0063629150390625 0.127143859863281 -0.00201988220214844 -0.0323429107666016
-0.0374984741210938 0.120674133300781 0.048065185546875 0.0252609252929688
-0.000938415527343757 0.106544494628906 0.00390625 0.0428962707519531
0.0643997192382813 0.09423828125 0.0196151733398438 0.07147216796875
0.0878219604492187 0.0231552124023438 0.0549240112304688 0.0450477600097656
0.0756683349609375 -0.0311813354492188 0.0580062866210938 0.00473403930664062
0.0249977111816406 -0.066253662109375 0.0282268524169922 -0.0283489227294922
-0.0123825073242187 -0.0700950622558594 0.00278091430664063 -0.0226230621337891
-0.00836563110351562 -0.070098876953125 -0.00187528133392334 0.000336170196533198
-0.020294189453125 -0.0736618041992188 -0.00894641876220703 0.00880050659179687
0.00240325927734376 -0.0703811645507813 -0.0215816497802734 0.0128078460693359
0.0443611145019531 -0.0643081665039063 -0.0264816284179687 0.00561332702636719
0.0794906616210938 -0.0263595581054687 -0.0261974334716797 -0.0210399627685547
0.0814361572265625 0.0583572387695313 -0.011688232421875 -0.0334243774414062
0.04217529296875 0.0970916748046875 0.0103492736816406 -0.0265960693359375
-0.0179519653320313 0.122718811035156 -0.00979137420654297 0.00585651397705079
-0.0486221313476563 0.0965957641601563 0.0311088562011719 0.0658187866210938
-0.0198745727539062 0.0977554321289063 -0.001617431640625 0.0680580139160156
0.0458297729492187 0.0998306274414063 0.0078887939453125 0.0762863159179688
0.0812835693359375 0.0349884033203125 0.0370216369628906 0.0559577941894531
0.076812744140625 -0.0219345092773438 0.0431137084960938 0.0239830017089844
0.0299644470214844 -0.0634651184082031 0.0246086120605469 -0.00259208679199219
-0.00839614868164063 -0.0689697265625 0.0101947784423828 0.00322532653808593
-0.00627517700195313 -0.0689468383789063 0.00668144226074219 0.0220146179199219
-0.017974853515625 -0.0731353759765625 -0.000944137573242189 0.0307826995849609
0.00336456298828125 -0.0686874389648438 -0.0192298889160156 0.0339622497558594
0.0443572998046875 -0.0611648559570313 -0.0272712707519531 0.0219802856445312
0.075164794921875 -0.02056884765625 -0.0305385589599609 -0.00799751281738282
0.0699424743652344 0.060546875 -0.0149078369140625 -0.0249176025390625
0.0262069702148438 0.090484619140625 0.0139436721801758 -0.00822734832763671
-0.030029296875 0.102767944335937 -0.0186653137207031 0.0399055480957031
-0.04901123046875 0.0559349060058594 0.0122299194335937 0.095916748046875
-0.0313529968261719 0.0691337585449219 -0.0084228515625 0.0865478515625
0.019989013671875 0.0823593139648438 -0.0012664794921875 0.0737838745117187
0.0581779479980469 0.0361328125 0.0200462341308594 0.0592460632324219
0.0619316101074219 -0.0104179382324219 0.0263938903808594 0.0369987487792969
0.0282974243164063 -0.0491294860839844 0.0182933807373047 0.0205345153808594
-0.00405120849609375 -0.0562210083007813 0.0166988372802734 0.0267848968505859
-0.00283050537109374 -0.0564689636230469 0.0148277282714844 0.0408821105957031
-0.0123634338378906 -0.0618896484375 0.00682830810546875 0.0500755310058594
0.00528717041015625 -0.0579948425292969 -0.016876220703125 0.0524406433105469
0.0410003662109375 -0.0500946044921875 -0.0302886962890625 0.0361671447753906
0.0644454956054688 -0.0107841491699219 -0.0363235473632813 0.00261688232421876
0.04998779296875 0.0589599609375 -0.0185909271240234 -0.0195198059082031
0.0053863525390625 0.0754928588867188 0.0154819488525391 0.00757598876953125
-0.0402145385742188 0.070709228515625 -0.030487060546875 0.067047119140625
-0.0413665771484375 0.00548553466796876 -0.000282287597656248 0.111198425292969
-0.0357284545898437 0.0279998779296875 -0.0100021362304688 0.0948486328125
-0.00603485107421875 0.0491294860839844 -0.00600051879882813 0.0660591125488281
0.0269145965576172 0.0282688140869141 0.00789260864257812 0.0584487915039062
0.0358467102050781 0.000591278076171875 0.0134201049804688 0.0434646606445313
0.0203723907470703 -0.0273857116699219 0.0149650573730469 0.0360984802246094
0.000970840454101566 -0.0349330902099609 0.0213432312011719 0.0430221557617188
0.000679016113281247 -0.0362930297851562 0.0199813842773437 0.0530624389648438
-0.00409317016601563 -0.0425529479980469 0.0115432739257812 0.0647010803222656
0.00701141357421875 -0.0406455993652344 -0.0169563293457031 0.065704345703125
0.0333480834960938 -0.0330810546875 -0.0353164672851563 0.0453376770019531
0.046905517578125 -0.00146102905273438 -0.0429306030273438 0.00965118408203126
0.0261154174804688 0.050018310546875 -0.0238304138183594 -0.0169506072998047
-0.0158767700195313 0.0516090393066406 0.0107479095458984 0.0179595947265625
-0.0454444885253906 0.0284957885742188 -0.04473876953125 0.0817718505859375
0.0380516052246094 0.018951416015625 0.0410995483398437 -0.0953140258789063
0.0220947265625 -0.0209617614746094 -0.0085601806640625 -0.0260810852050781
-0.00660324096679688 -0.024871826171875 0.0287513732910156 0.0218620300292969
-0.0215492248535156 -0.00610923767089844 0.0611419677734375 -0.0081787109375
-0.0179462432861328 0.01025390625 0.0483055114746094 -0.0499382019042969
-0.00478553771972656 0.0199489593505859 0.0147933959960938 -0.0761642456054688
-0.00150585174560547 0.0148439407348633 -0.0237960815429687 -0.0745315551757812
-0.0035858154296875 0.0105085372924805 -0.0277862548828125 -0.0593643188476563
-0.00613021850585938 0.0105657577514648 -0.028594970703125 -0.0509223937988281
-0.00961780548095703 0.00284576416015625 -0.0189018249511719 -0.048248291015625
-0.0090036392211914 -0.0100078582763672 -0.0155220031738281 -0.048431396484375
0.00675010681152344 -0.0234451293945313 -0.00706863403320313 -0.0599365234375
0.0310287475585938 -0.0103187561035156 0.0109672546386719 -0.0673980712890625
0.0420341491699219 0.0162696838378906 0.00414276123046876 -0.094451904296875
0.0360107421875 0.040069580078125 0.004730224609375 -0.120101928710938
0.0292892456054687 0.0666007995605469 0.0535125732421875 -0.0858612060546875
0.0320873260498047 0.0181903839111328 -0.00189781188964843 -0.02227783203125
0.0265407562255859 -0.000591278076171875 0.0342636108398438 0.0303974151611328
0.0107135772705078 -0.00946903228759765 0.0690040588378906 -0.0024261474609375
0.00402641296386719 -0.0106172561645508 0.0578041076660156 -0.0490303039550781
-0.00326299667358398 -0.0080876350402832 0.0181427001953125 -0.0782012939453125
-0.0110921859741211 -0.0126180648803711 -0.0218963623046875 -0.0744857788085938
-0.00878715515136719 -0.0171136856079102 -0.0255393981933594 -0.0544471740722656
-0.0127964019775391 -0.0187835693359375 -0.0278205871582031 -0.0467147827148438
-0.00356483459472656 -0.0233516693115234 -0.0220413208007812 -0.0424919128417969
0.0136661529541016 -0.0280685424804688 -0.0183486938476562 -0.0420494079589844
0.0386924743652344 -0.0210494995117188 -0.0106124877929688 -0.0562973022460937
0.0530548095703125 0.0208663940429688 0.00393295288085938 -0.0608253479003906
0.0476493835449219 0.0540618896484375 0.000701904296874997 -0.083770751953125
0.0240020751953125 0.0851821899414063 0.00390625 -0.1024169921875
0.0115509033203125 0.105331420898437 0.0612335205078125 -0.0610084533691406
0.0326919555664063 0.0597801208496094 0.00366306304931641 -0.00763225555419922
0.0561447143554688 0.0317802429199219 0.0363693237304688 0.0444908142089844
0.0466842651367188 -0.00681304931640625 0.0734710693359375 0.00975799560546875
0.0312175750732422 -0.0284309387207031 0.0652427673339844 -0.0390701293945313
0.00274658203125 -0.0363693237304688 0.0227813720703125 -0.07122802734375
-0.01727294921875 -0.0391654968261719 -0.0163421630859375 -0.0650711059570313
-0.0126457214355469 -0.0432319641113281 -0.0199432373046875 -0.0417823791503906
-0.0194969177246094 -0.0448112487792969 -0.0245399475097656 -0.0328025817871094
-0.001129150390625 -0.0470428466796875 -0.0248527526855469 -0.0283432006835938
0.0295372009277344 -0.0469284057617188 -0.0233364105224609 -0.0292282104492188
0.0631904602050781 -0.0255088806152344 -0.0179443359375 -0.0480232238769531
0.0748062133789062 0.0406341552734375 -0.0041961669921875 -0.0533409118652344
0.05419921875 0.080352783203125 -0.000560760498046874 -0.0677032470703125
0.0129165649414063 0.116950988769531 0.000228881835937507 -0.07135009765625
-0.00950622558593749 0.127479553222656 0.0606956481933594 -0.0222053527832031
0.023406982421875 0.0931320190429688 0.00679206848144532 0.0157938003540039
0.0744552612304688 0.0662689208984375 0.0336570739746094 0.0595436096191406
0.0767745971679688 0.0027618408203125 0.0707931518554688 0.0265121459960938
0.0574073791503906 -0.0379295349121094 0.0671768188476563 -0.0206413269042969
0.0118637084960937 -0.0579757690429687 0.0269813537597656 -0.0544357299804688
-0.0190773010253906 -0.0590324401855469 -0.00811386108398438 -0.0474815368652344
-0.0141181945800781 -0.0619697570800781 -0.0117530822753906 -0.0222568511962891
-0.0246429443359375 -0.0640907287597656 -0.0181484222412109 -0.0131053924560547
-0.00207901000976562 -0.0639991760253906 -0.0245494842529297 -0.00760650634765626
0.0372352600097656 -0.0616645812988281 -0.0261764526367188 -0.0117702484130859
0.0763626098632813 -0.0318527221679688 -0.0243301391601562 -0.0352516174316406
0.087677001953125 0.0497665405273438 -0.0104179382324219 -0.0433082580566406
0.056976318359375 0.0935745239257813 0.00262451171875 -0.0485954284667969
0.00266265869140624 0.131599426269531 -0.00477409362792969 -0.0334835052490234
-0.0294036865234375 0.126228332519531 0.0504722595214844 0.0225028991699219
0.00582122802734375 0.1097412109375 0.00512313842773438 0.0441207885742188
0.0738601684570313 0.0920333862304688 0.024749755859375 0.0727767944335938
0.09161376953125 0.017669677734375 0.05926513671875 0.0436325073242188
0.0747909545898438 -0.0376205444335937 0.0602607727050781 0.00131607055664062
0.0210952758789063 -0.0687484741210938 0.0271358489990234 -0.030364990234375
-0.0175628662109375 -0.0703201293945312 0.00119209289550781 -0.0233726501464844
-0.0139083862304688 -0.0712966918945313 -0.00165057182312012 -0.000274419784545903
-0.0264739990234375 -0.0736541748046875 -0.00883579254150391 0.00991439819335937
-0.00274658203125 -0.0718841552734375 -0.0215206146240234 0.0148754119873047
0.0400581359863281 -0.0683975219726563 -0.0268115997314453 0.00691604614257812
0.0796890258789063 -0.0326309204101563 -0.0289325714111328 -0.0210399627685547
0.0878829956054688 0.0540695190429687 -0.0144119262695312 -0.0335941314697266
0.0502853393554688 0.0965957641601563 0.00877380371093751 -0.0282878875732422
-0.0100479125976562 0.127494812011719 -0.00969696044921875 0.00630474090576173
-0.0430221557617188 0.102737426757813 0.0358772277832031 0.0654411315917969
-0.0135726928710937 0.101806640625 0.00123214721679688 0.0695037841796875
0.054443359375 0.0988616943359375 0.01361083984375 0.0778884887695313
0.0853118896484375 0.0298995971679687 0.0415191650390625 0.0557594299316406
0.0770111083984375 -0.0281753540039063 0.0462722778320313 0.0221710205078125
0.0262260437011719 -0.0663719177246094 0.0247421264648438 -0.00366020202636719
-0.0135955810546875 -0.0692024230957031 0.0106172561645508 0.00279808044433593
-0.0116767883300781 -0.0699424743652344 0.00910758972167969 0.0217933654785156
-0.0242538452148437 -0.073028564453125 0.0011749267578125 0.0317897796630859
-0.00180816650390626 -0.0699729919433594 -0.0175628662109375 0.0365142822265625
0.04010009765625 -0.0657196044921875 -0.0268058776855469 0.0237941741943359
0.0757675170898438 -0.0267410278320313 -0.0322227478027344 -0.00687980651855469
0.0760116577148438 0.0571441650390625 -0.0175342559814453 -0.0247783660888672
0.0327987670898438 0.0912322998046875 0.0143299102783203 -0.0098733901977539
-0.0235748291015625 0.10845947265625 -0.0165977478027344 0.0421905517578125
-0.0462150573730469 0.0606613159179688 0.0187301635742188 0.0976333618164063
-0.0274887084960937 0.07330322265625 -0.00399017333984374 0.08905029296875
0.026885986328125 0.0831985473632813 0.00305938720703126 0.0757369995117188
0.0618247985839844 0.0331497192382813 0.0239944458007812 0.0603179931640625
0.0630226135253906 -0.0156364440917969 0.0300064086914063 0.0364570617675781
0.0250015258789063 -0.05224609375 0.0200138092041016 0.0201740264892578
-0.00778961181640625 -0.0566139221191406 0.0188407897949219 0.0263004302978516
-0.0077362060546875 -0.05792236328125 0.0184593200683594 0.0403022766113281
-0.0174560546875 -0.0625686645507813 0.0110588073730469 0.0514106750488281
0.000648498535156244 -0.0595932006835938 -0.013885498046875 0.055328369140625
0.0377082824707031 -0.05438232421875 -0.0289268493652344 0.0381355285644531
0.0653724670410156 -0.0165481567382813 -0.037200927734375 0.00403213500976562
0.0559730529785156 0.0569534301757813 -0.0209808349609375 -0.0188255310058594
0.0100250244140625 0.0771484375 0.016575813293457 0.00595188140869141
-0.03643798828125 0.0755615234375 -0.026336669921875 0.0704345703125
-0.0416221618652344 0.00864791870117187 0.007415771484375 0.113510131835937
-0.0349521636962891 0.031097412109375 -0.0046539306640625 0.0970840454101563
-0.00231552124023438 0.0512771606445313 -0.002960205078125 0.0678672790527344
0.0290813446044922 0.0273666381835937 0.011260986328125 0.0594406127929688
0.0369338989257813 -0.00208663940429688 0.0175819396972656 0.0442695617675781
0.0190372467041016 -0.0295810699462891 0.01788330078125 0.0363388061523437
-0.00158500671386719 -0.0349617004394531 0.0253219604492188 0.042633056640625
-0.001922607421875 -0.0373954772949219 0.0249786376953125 0.0527915954589844
-0.00782775878906251 -0.0433273315429688 0.0169258117675781 0.066192626953125
0.00426101684570313 -0.0419921875 -0.0132217407226562 0.0690078735351563
0.0312232971191406 -0.0367279052734375 -0.0337295532226563 0.0481948852539062
0.0483245849609375 -0.00498199462890625 -0.0436820983886719 0.0121650695800781
0.0306625366210937 0.0495338439941406 -0.0261421203613281 -0.0159454345703125
-0.013214111328125 0.0546455383300781 0.0124692916870117 0.0166864395141602
-0.0441818237304687 0.0322036743164063 -0.039886474609375 0.0866546630859375
0.0397186279296875 0.0163230895996094 0.0339279174804688 -0.0967788696289063
0.0208778381347656 -0.0218257904052734 -0.0104465484619141 -0.0242843627929688
-0.00836372375488281 -0.0246372222900391 0.0307140350341797 0.0197906494140625
-0.0221920013427734 -0.00413131713867188 0.0605430603027344 -0.0106048583984375
-0.0178585052490234 0.0123062133789063 0.0449256896972656 -0.0524253845214844
-0.00279617309570312 0.0203227996826172 0.00997161865234375 -0.0768508911132813
6.10351562500004E-05 0.0144948959350586 -0.0286026000976563 -0.0720672607421875
-0.00268840789794922 0.0107088088989258 -0.0322074890136719 -0.0566978454589844
-0.00477886199951172 0.0108270645141602 -0.0327949523925781 -0.0484619140625
-0.00903129577636719 0.00335502624511719 -0.02264404296875 -0.0467605590820313
-0.00941658020019531 -0.00894069671630859 -0.0188751220703125 -0.0477180480957031
0.0046844482421875 -0.0237960815429687 -0.0112113952636719 -0.0594940185546875
0.0300350189208984 -0.0122852325439453 0.00671005249023438 -0.0680274963378906
0.0433273315429688 0.0132789611816406 -0.00171661376953124 -0.0934829711914063
0.0387954711914063 0.0373954772949219 -0.00418853759765624 -0.119476318359375
0.0340194702148438 0.0639991760253906 0.0469284057617188 -0.0881118774414063
0.0335960388183594 0.0159530639648438 -0.00393104553222656 -0.0208721160888672
0.0260410308837891 -0.00293350219726563 0.0361824035644531 0.028289794921875
0.00978279113769531 -0.0103626251220703 0.0687065124511719 -0.00623703002929688
0.00277996063232422 -0.0102653503417969 0.0543098449707031 -0.0518531799316406
-0.00363349914550781 -0.0071263313293457 0.0134429931640625 -0.0786819458007813
-0.0113000869750977 -0.011444091796875 -0.0270462036132813 -0.072509765625
-0.00963306427001953 -0.0164175033569336 -0.0294914245605469 -0.0526237487792969
-0.0136737823486328 -0.0173625946044922 -0.0315284729003906 -0.0441436767578125
-0.00491142272949219 -0.0226650238037109 -0.0251884460449219 -0.0410575866699219
0.0116100311279297 -0.0278453826904297 -0.021575927734375 -0.0411376953125
0.0364456176757813 -0.0238685607910156 -0.01519775390625 -0.0559349060058594
0.0540771484375 0.0170555114746094 0.000785827636718758 -0.0608978271484375
0.0504341125488281 0.0503005981445312 -0.0048675537109375 -0.0830841064453125
0.0299224853515625 0.0838546752929688 -0.00387573242187501 -0.101448059082031
0.0196914672851563 0.103866577148437 0.0555381774902344 -0.0645332336425781
0.0366630554199219 0.0578269958496094 0.00191593170166016 -0.00723648071289062
0.0586318969726563 0.0271453857421875 0.0398712158203125 0.041961669921875
0.0451774597167969 -0.0102882385253906 0.0740432739257813 0.00531768798828125
0.0282840728759766 -0.0301704406738281 0.0628585815429688 -0.0427474975585938
8.0108642578128E-05 -0.0354804992675781 0.0182952880859375 -0.0723342895507812
-0.0197067260742188 -0.0370559692382813 -0.0207176208496094 -0.0638656616210938
-0.0153732299804688 -0.0417747497558594 -0.0225601196289063 -0.0402145385742188
-0.0225105285644531 -0.0426750183105469 -0.0272789001464844 -0.0308380126953125
-0.00428390502929688 -0.0458030700683594 -0.0267467498779297 -0.0265293121337891
0.0258407592773437 -0.0479850769042969 -0.0256881713867188 -0.0275974273681641
0.0606651306152344 -0.0300941467285156 -0.0215377807617187 -0.0473175048828125
0.076904296875 0.0346298217773438 -0.006866455078125 -0.0528106689453125
0.0594711303710938 0.0759963989257813 -0.00487899780273437 -0.0674591064453125
0.0214920043945312 0.115859985351563 -0.005462646484375 -0.07086181640625
-0.000228881835937503 0.127151489257813 0.0578422546386719 -0.0262069702148437
0.0298233032226562 0.091644287109375 0.00619602203369141 0.015589714050293
0.07958984375 0.0596694946289063 0.037628173828125 0.0568199157714844
0.07623291015625 -0.00272369384765625 0.072265625 0.0225601196289063
0.0536041259765625 -0.0422554016113281 0.0657196044921875 -0.0248947143554688
0.0075225830078125 -0.0577354431152344 0.0236434936523438 -0.0555458068847656
-0.0231742858886719 -0.0570716857910156 -0.0110244750976563 -0.0465660095214844
-0.0185394287109375 -0.0606803894042969 -0.0131607055664062 -0.0217742919921875
-0.0291671752929688 -0.0610923767089844 -0.0188941955566406 -0.0114231109619141
-0.00636672973632813 -0.0625038146972656 -0.0255966186523438 -0.00604820251464844
0.0318984985351563 -0.0634918212890625 -0.0273723602294922 -0.0108451843261719
0.0733108520507813 -0.0373077392578125 -0.0275688171386719 -0.0342216491699219
0.0905532836914063 0.0430679321289063 -0.0128211975097656 -0.0424537658691406
0.0630340576171875 0.089141845703125 -0.000900268554687493 -0.0488700866699219
0.0123672485351562 0.131027221679688 -0.00762557983398437 -0.0327377319335937
-0.0198745727539062 0.127128601074219 0.0509185791015625 0.0188064575195313
0.0134353637695313 0.108863830566406 0.00689697265625 0.0434646606445313
0.0804519653320313 0.0855484008789063 0.0299453735351563 0.0702781677246094
0.0916748046875 0.0110702514648438 0.0621604919433594 0.0401420593261719
0.0709228515625 -0.042877197265625 0.0605697631835938 -0.00236892700195313
0.0156631469726563 -0.069244384765625 0.024871826171875 -0.0314903259277344
-0.0220718383789063 -0.0676116943359375 -8.96453857421902E-05 -0.0233497619628906
-0.0190544128417969 -0.0700645446777344 -0.00111699104309082 -0.000539302825927738
-0.0322113037109375 -0.0706024169921875 -0.00774860382080078 0.0105447769165039
-0.00817489624023437 -0.0699539184570313 -0.0208492279052734 0.0165157318115234
0.034332275390625 -0.0706634521484375 -0.0265998840332031 0.00810241699218749
0.0766525268554688 -0.0386886596679688 -0.0310516357421875 -0.0196323394775391
0.0915985107421875 0.0476226806640625 -0.0161724090576172 -0.0324020385742188
0.0563507080078125 0.0927581787109375 0.00716400146484375 -0.0289516448974609
-0.000564575195312505 0.12847900390625 -0.00954151153564453 0.0069408416748047
-0.0351791381835937 0.104804992675781 0.039520263671875 0.0616645812988281
-0.007354736328125 0.102653503417969 0.00403594970703125 0.0692977905273438
0.0619964599609375 0.0942535400390625 0.0183181762695313 0.07611083984375
0.0865097045898438 0.0238113403320313 0.0447196960449219 0.0534896850585938
0.073883056640625 -0.03411865234375 0.0478897094726563 0.0189743041992187
0.0213088989257813 -0.0674057006835938 0.0243682861328125 -0.00476646423339844
-0.0180702209472656 -0.0670089721679688 0.0108833312988281 0.00160789489746093
-0.0166854858398437 -0.0687828063964844 0.0108222961425781 0.0203819274902344
-0.0298385620117187 -0.0701980590820312 0.00379753112792969 0.03173828125
-0.00711822509765626 -0.0689353942871094 -0.0153274536132813 0.0372848510742187
0.0345115661621094 -0.0674324035644531 -0.0256404876708984 0.0241622924804688
0.0729522705078125 -0.032684326171875 -0.0331439971923828 -0.00543785095214844
0.08026123046875 0.051513671875 -0.0186710357666016 -0.0231285095214844
0.0383834838867188 0.0884246826171875 0.0135211944580078 -0.0116443634033203
-0.0156021118164063 0.109481811523437 -0.0138168334960938 0.0430908203125
-0.0415306091308594 0.0632400512695312 0.024932861328125 0.0949249267578125
-0.0227813720703125 0.0749053955078125 0.00152587890625 0.0881271362304688
0.0328598022460937 0.0804977416992188 0.00757598876953125 0.0749130249023438
0.0634574890136719 0.0287551879882812 0.0278205871582031 0.0589942932128906
0.061248779296875 -0.0206832885742187 0.032827377319336 0.0348072052001953
0.0209693908691406 -0.0532417297363281 0.021392822265625 0.0189437866210937
-0.0123825073242188 -0.0545501708984375 0.0206775665283203 0.0245895385742187
-0.0120811462402344 -0.0569114685058594 0.0220527648925781 0.0385360717773437
-0.0222587585449219 -0.0600700378417969 0.0152359008789062 0.0503158569335937
-0.00371932983398438 -0.0591201782226562 -0.0102691650390625 0.0558090209960937
0.0331573486328125 -0.0564613342285156 -0.0267410278320312 0.0392417907714844
0.0638580322265625 -0.0213165283203125 -0.0367851257324219 0.00581359863281249
0.0601730346679688 0.0527725219726563 -0.0216312408447266 -0.0176277160644531
0.015167236328125 0.0761566162109375 0.0169410705566406 0.00401115417480469
-0.03082275390625 0.077545166015625 -0.021331787109375 0.0717697143554688
-0.0409164428710938 0.0107612609863281 0.0152969360351562 0.111961364746094
-0.0326004028320313 0.0331649780273438 0.000915527343750001 0.095977783203125
0.00176620483398437 0.0508460998535156 0.000930786132812506 0.0678215026855469
0.030731201171875 0.025054931640625 0.0149879455566406 0.0588455200195313
0.0364341735839844 -0.00510787963867187 0.0208892822265625 0.0430831909179688
0.0164051055908203 -0.0307846069335938 0.0202064514160156 0.0355644226074219
-0.00444412231445313 -0.0340843200683594 0.028045654296875 0.0407447814941406
-0.0051116943359375 -0.0372314453125 0.0292625427246094 0.0501441955566406
-0.0116043090820313 -0.0426445007324219 0.0222244262695312 0.0644950866699219
0.00107574462890625 -0.0420799255371094 -0.00856781005859375 0.069671630859375
0.0279731750488281 -0.0387077331542969 -0.0306625366210938 0.0495681762695312
0.0476493835449219 -0.00884246826171875 -0.0427284240722656 0.0143470764160156
0.0351753234863281 0.0474281311035156 -0.0267524719238281 -0.0143508911132812
-0.00939559936523438 0.0553627014160156 0.0140714645385742 0.0143089294433594
-0.0421562194824219 0.0349617004394531 -0.0333786010742188 0.0883331298828125
0.0394134521484375 0.0138969421386719 0.0282516479492188 -0.0951385498046875
0.0198097229003906 -0.0226001739501953 -0.0113735198974609 -0.0220470428466797
-0.00921058654785156 -0.0236721038818359 0.0309047698974609 0.0186824798583984
-0.0218963623046875 -0.00307083129882812 0.0589866638183594 -0.0127296447753906
-0.0166635513305664 0.0136508941650391 0.0419120788574219 -0.052215576171875
-0.000928878784179689 0.0206222534179688 0.007080078125 -0.0759658813476563
0.00135231018066406 0.0139904022216797 -0.0313835144042969 -0.0692481994628906
-0.00171852111816406 0.010432243347168 -0.0348091125488281 -0.0537452697753906
-0.00392341613769531 0.0106000900268555 -0.0350685119628906 -0.04534912109375
-0.00810956954956055 0.00404930114746094 -0.0248908996582031 -0.0448074340820313
-0.00918483734130859 -0.00804233551025391 -0.0210800170898438 -0.0459632873535156
0.00307273864746094 -0.0234832763671875 -0.0137290954589844 -0.0580596923828125
0.0285530090332031 -0.0136470794677734 0.00443267822265625 -0.0666580200195313
0.0425224304199219 0.010894775390625 -0.00546264648437499 -0.0906600952148438
0.0400772094726563 0.0351371765136719 -0.0099029541015625 -0.115806579589844
0.0368118286132813 0.060577392578125 0.0411605834960938 -0.0874710083007813
0.033599853515625 0.0142765045166016 -0.00531959533691406 -0.0192775726318359
0.0255870819091797 -0.00434303283691406 0.03692626953125 0.0262069702148438
0.00855445861816406 -0.0103769302368164 0.0669593811035156 -0.00839614868164063
0.00195026397705078 -0.00949859619140625 0.0509910583496094 -0.0524139404296875
-0.00315999984741211 -0.00634622573852539 0.0104141235351563 -0.07763671875
-0.0109138488769531 -0.0104579925537109 -0.0298690795898438 -0.0689888000488281
-0.0102643966674805 -0.0154657363891602 -0.0316658020019531 -0.0503387451171875
-0.0138683319091797 -0.0157880783081055 -0.0336875915527344 -0.0412139892578125
-0.00515174865722656 -0.0214042663574219 -0.0269775390625 -0.0392723083496094
0.0105686187744141 -0.0272579193115234 -0.0232200622558594 -0.0396461486816406
0.0338420867919922 -0.0251007080078125 -0.0175018310546875 -0.0544204711914063
0.0533828735351563 0.0140113830566406 -0.000988006591796871 -0.0594978332519531
0.0517501831054688 0.0467948913574219 -0.00821685791015624 -0.0802536010742188
0.0333786010742187 0.0805511474609375 -0.00897979736328125 -0.098663330078125
0.0245208740234375 0.100105285644531 0.0507087707519531 -0.0652236938476563
0.0383758544921875 0.0547027587890625 0.000757694244384768 -0.00594615936279297
0.0587310791015625 0.0233802795410156 0.0410919189453125 0.0388908386230469
0.0438117980957031 -0.0124320983886719 0.0727691650390625 0.00299835205078125
0.0257320404052734 -0.0305347442626953 0.0598335266113281 -0.0440597534179687
-0.000944137573242185 -0.03399658203125 0.0154190063476562 -0.0708847045898437
-0.0205287933349609 -0.0344696044921875 -0.0234870910644531 -0.0610275268554687
-0.0169639587402344 -0.0399627685546875 -0.0242347717285156 -0.0383644104003906
-0.0241584777832031 -0.0399589538574219 -0.0282630920410156 -0.0285987854003906
-0.00594711303710938 -0.0439414978027344 -0.0280570983886719 -0.024566650390625
0.022705078125 -0.0473365783691406 -0.0267105102539062 -0.0266017913818359
0.0571975708007813 -0.0319900512695313 -0.02398681640625 -0.0459480285644531
0.0765228271484375 0.0304031372070313 -0.00843811035156249 -0.0515098571777344
0.0610198974609375 0.0716018676757813 -0.00776290893554687 -0.0653076171875
0.0267868041992188 0.112442016601563 -0.00923538208007813 -0.0680007934570313
0.00622558593750001 0.123703002929688 0.05426025390625 -0.027862548828125
0.03350830078125 0.0886688232421875 0.00542831420898438 0.015864372253418
0.0804977416992188 0.0541305541992188 0.0390586853027344 0.05426025390625
0.0738143920898438 -0.00655364990234375 0.0720596313476563 0.0198593139648438
0.0493507385253906 -0.0436363220214844 0.06329345703125 -0.0264778137207031
0.00455093383789062 -0.0556488037109375 0.020751953125 -0.0548629760742188
-0.0248336791992188 -0.0538063049316406 -0.0130882263183594 -0.0446739196777344
-0.0212249755859375 -0.0580863952636719 -0.0137119293212891 -0.0212020874023438
-0.0315742492675781 -0.0574951171875 -0.0195465087890625 -0.0104522705078125
-0.009063720703125 -0.0599174499511719 -0.0255355834960938 -0.00481414794921875
0.0279273986816406 -0.0626983642578125 -0.0274448394775391 -0.00972366333007813
0.0691146850585938 -0.0400581359863281 -0.0293426513671875 -0.0329666137695312
0.0905532836914063 0.0377349853515625 -0.0138168334960937 -0.0411491394042969
0.0652999877929687 0.0837860107421875 -0.00276947021484375 -0.0476722717285156
0.0183486938476562 0.127845764160156 -0.0094146728515625 -0.0316448211669922
-0.0132980346679688 0.124809265136719 0.0498886108398437 0.0159111022949219
0.0176467895507812 0.10595703125 0.00675582885742187 0.0427436828613281
0.08294677734375 0.0793914794921875 0.0316619873046875 0.0667343139648438
0.0897293090820313 0.00620269775390625 0.0624465942382813 0.0376930236816406
0.0665245056152344 -0.0451736450195313 0.0590286254882813 -0.00440216064453125
0.0120964050292969 -0.0677566528320313 0.023773193359375 -0.0312709808349609
-0.024871826171875 -0.0641326904296875 -0.00140380859375 -0.0228519439697266
-0.0222663879394531 -0.0672035217285156 -0.000764071941375734 -0.00057381391525269
-0.0348739624023437 -0.0664482116699219 -0.00691509246826172 0.0106639862060547
-0.0113334655761719 -0.0673866271972656 -0.0196456909179688 0.0169296264648437
0.0294876098632812 -0.0700454711914063 -0.0261116027832031 0.00818443298339843
0.0726547241210938 -0.041473388671875 -0.0317649841308594 -0.0186614990234375
0.0915451049804688 0.0421371459960938 -0.0163707733154297 -0.0310173034667969
0.0584716796875 0.0877227783203125 0.00592041015625 -0.0291805267333984
0.00581359863281249 0.12548828125 -0.00933837890625 0.00713443756103516
-0.02923583984375 0.103485107421875 0.0403327941894531 0.0582160949707031
-0.00250244140624999 0.100418090820313 0.00585556030273437 0.0672531127929688
0.0651168823242188 0.088348388671875 0.0201797485351562 0.073577880859375
0.0851669311523437 0.0192337036132812 0.046051025390625 0.0510330200195312
0.0703125 -0.0364913940429688 0.0478858947753906 0.0168876647949219
0.0170974731445313 -0.06610107421875 0.0240879058837891 -0.00496292114257813
-0.0206947326660156 -0.0636100769042969 0.0107717514038086 0.00134181976318359
-0.0199241638183594 -0.065948486328125 0.0118656158447266 0.0190582275390625
-0.0326461791992187 -0.0662460327148438 0.00527191162109375 0.0305557250976562
-0.010009765625 -0.066131591796875 -0.0134201049804688 0.0370559692382812
0.0294532775878906 -0.0672760009765625 -0.0245456695556641 0.024261474609375
0.0694389343261719 -0.0355682373046875 -0.0332221984863281 -0.00496673583984375
0.0810699462890625 0.0463943481445313 -0.0190410614013672 -0.0221519470214844
0.0411834716796875 0.0846328735351563 0.0127420425415039 -0.0125360488891602
-0.00929260253906249 0.107864379882812 -0.0115585327148438 0.04229736328125
-0.03753662109375 0.0630302429199219 0.0274581909179688 0.0912628173828125
-0.0191574096679688 0.073883056640625 0.00360107421875 0.0859222412109375
0.03594970703125 0.0769500732421875 0.00954437255859375 0.072357177734375
0.0630989074707031 0.0250358581542969 0.0289154052734375 0.0568008422851562
0.0582351684570313 -0.0228538513183594 0.0334835052490234 0.0323543548583984
0.0179405212402344 -0.0527801513671875 0.0218124389648438 0.0183601379394531
-0.01446533203125 -0.0522689819335937 0.021636962890625 0.0230369567871094
-0.0149269104003906 -0.0549201965332031 0.0235748291015625 0.0358238220214844
-0.0254859924316406 -0.0573997497558594 0.0171089172363281 0.0483818054199219
-0.0067596435546875 -0.0570297241210938 -0.00762939453124999 0.0553627014160156
0.0286598205566406 -0.0562553405761719 -0.024688720703125 0.0387535095214844
0.0609130859375 -0.0239639282226563 -0.0362396240234375 0.00649642944335937
0.0615921020507813 0.0487594604492188 -0.0215892791748047 -0.0158672332763672
0.0181884765625 0.073974609375 0.0167112350463867 0.001953125
-0.0261077880859375 0.0771942138671875 -0.0175743103027344 0.0698394775390625
-0.0394744873046875 0.0121192932128906 0.019439697265625 0.107719421386719
-0.0308399200439453 0.0336570739746094 0.0038604736328125 0.0931777954101563
0.00439834594726562 0.0496444702148438 0.00225830078125001 0.0659523010253906
0.0310192108154297 0.0229873657226563 0.0168190002441406 0.0573310852050781
0.0352325439453125 -0.0069580078125 0.0223922729492188 0.0413780212402344
0.0143203735351563 -0.0309486389160156 0.021392822265625 0.0340900421142578
-0.00579261779785156 -0.0331077575683594 0.0298652648925781 0.03790283203125
-0.0073089599609375 -0.0358428955078125 0.0316085815429688 0.04730224609375
-0.0139732360839844 -0.0410652160644531 0.0253028869628906 0.0616416931152344
-0.00131607055664063 -0.0409660339355469 -0.00512313842773438 0.0683021545410156
0.0251846313476562 -0.0394744873046875 -0.0278053283691406 0.0493011474609375
0.0460624694824219 -0.0110282897949219 -0.0413856506347656 0.0152702331542969
0.0364913940429688 0.0448150634765625 -0.0265426635742187 -0.0131092071533203
-0.00683212280273437 0.054718017578125 0.014312744140625 0.0124912261962891
-0.0394439697265625 0.0361404418945313 -0.0282135009765625 0.0867843627929688
0.0390281677246094 0.0128822326660156 0.0257034301757813 -0.092559814453125
0.0192928314208984 -0.0226707458496094 -0.0118980407714844 -0.0205593109130859
-0.00911712646484375 -0.0232391357421875 0.0302562713623047 0.0182075500488281
-0.0222549438476563 -0.00237846374511719 0.0576858520507812 -0.0130844116210937
-0.0160207748413086 0.0142860412597656 0.0405426025390625 -0.0514602661132813
0.000219345092773439 0.0200977325439453 0.00628662109375 -0.0745925903320313
0.00225353240966797 0.01336669921875 -0.0318946838378906 -0.0666465759277344
-0.00171947479248047 0.0101318359375 -0.0352020263671875 -0.0519561767578125
-0.00340652465820312 0.0107288360595703 -0.0355491638183594 -0.0434837341308594
-0.00754213333129883 0.0043940544128418 -0.0254249572753906 -0.0437812805175781
-0.0090799331665039 -0.00745201110839844 -0.0215606689453125 -0.0448799133300781
0.00194931030273438 -0.0228767395019531 -0.0150680541992187 -0.0566902160644531
0.0275421142578125 -0.0138320922851563 0.0045013427734375 -0.0653610229492188
0.0420036315917969 0.0101432800292969 -0.00624847412109376 -0.0881195068359375
0.0403289794921875 0.033843994140625 -0.0119247436523437 -0.11273193359375
0.0371513366699219 0.0581588745117187 0.0381393432617188 -0.0855484008789063
0.0333824157714844 0.0135402679443359 -0.00620079040527343 -0.0176124572753906
0.0250129699707031 -0.00541496276855469 0.0361671447753906 0.0250701904296875
0.00770854949951172 -0.0105314254760742 0.0661163330078125 -0.00885772705078125
0.00115108489990234 -0.00874090194702148 0.0497894287109375 -0.0513839721679688
-0.00255107879638672 -0.0052638053894043 0.00916290283203124 -0.0763168334960938
-0.0106077194213867 -0.0100393295288086 -0.030364990234375 -0.0665397644042969
-0.0101823806762695 -0.0151786804199219 -0.03253173828125 -0.048309326171875
-0.0135622024536133 -0.0148553848266602 -0.0340156555175781 -0.03955078125
-0.00508689880371094 -0.0201072692871094 -0.0277175903320313 -0.0380668640136719
0.00973320007324219 -0.0265312194824219 -0.0236740112304687 -0.0390586853027344
0.0322990417480469 -0.0247745513916016 -0.0184555053710937 -0.0534133911132813
0.0523185729980469 0.0131721496582031 -0.00120162963867187 -0.0583572387695313
0.0512313842773438 0.044921875 -0.00918579101562499 -0.0776214599609375
0.0347824096679688 0.078338623046875 -0.0106658935546875 -0.0954055786132813
0.0259170532226562 0.0972213745117187 0.0472640991210937 -0.063629150390625
0.0388641357421875 0.0528984069824219 -0.000622749328613279 -0.00498056411743164
0.0580863952636719 0.0208816528320313 0.0402336120605469 0.0375747680664063
0.0419654846191406 -0.0128211975097656 0.0719223022460938 0.0025482177734375
0.0239353179931641 -0.0297145843505859 0.0582542419433594 -0.0433807373046875
-0.00107383728027344 -0.0322589874267578 0.01458740234375 -0.0697822570800781
-0.0201396942138672 -0.0328826904296875 -0.0241012573242188 -0.05889892578125
-0.0176620483398438 -0.0390815734863281 -0.0249099731445312 -0.0372734069824219
-0.0238761901855469 -0.03814697265625 -0.0287895202636719 -0.0273036956787109
-0.00619125366210938 -0.0422821044921875 -0.0280590057373047 -0.0238246917724609
0.0216903686523438 -0.0459480285644531 -0.0270881652832031 -0.0264263153076172
0.0548858642578125 -0.0329170227050781 -0.0250167846679687 -0.0452461242675781
0.0754547119140625 0.0285797119140625 -0.00828170776367187 -0.0503616333007812
0.0607986450195312 0.0690422058105469 -0.008544921875 -0.0635299682617188
0.0290145874023438 0.109893798828125 -0.0107498168945312 -0.0660209655761719
0.00885772705078126 0.120147705078125 0.0513725280761719 -0.0280227661132812
0.0341796875 0.0862960815429688 0.00433635711669922 0.0160503387451172
0.0801773071289063 0.0507354736328125 0.03887939453125 0.0522422790527344
0.0714492797851563 -0.00778961181640625 0.07086181640625 0.0190963745117187
0.0468025207519531 -0.0434684753417969 0.0621376037597656 -0.0267829895019531
0.00381088256835938 -0.0536689758300781 0.0198898315429688 -0.0539016723632813
-0.0249977111816406 -0.0515098571777344 -0.0137977600097656 -0.0430717468261719
-0.0223846435546875 -0.0562248229980469 -0.0139713287353516 -0.0206031799316406
-0.0323905944824219 -0.0547637939453125 -0.0194816589355469 -0.00945091247558594
-0.00999069213867187 -0.0574913024902344 -0.0254631042480469 -0.00432395935058594
0.0254287719726563 -0.0614471435546875 -0.0276298522949219 -0.00985908508300781
0.0661659240722656 -0.0406570434570313 -0.0298290252685547 -0.0327224731445312
0.089813232421875 0.03485107421875 -0.0135154724121094 -0.0406646728515625
0.0648880004882813 0.0810089111328125 -0.00388717651367187 -0.0463790893554687
0.0208663940429688 0.125320434570312 -0.0104465484619141 -0.0305519104003906
-0.0104751586914062 0.122024536132813 0.0479202270507812 0.014892578125
0.0194549560546875 0.10394287109375 0.00566864013671875 0.0418815612792969
0.0828323364257813 0.0750274658203125 0.0311088562011719 0.0650253295898438
0.0874710083007813 0.0044097900390625 0.0615615844726563 0.0365333557128906
0.0638236999511719 -0.04559326171875 0.0582656860351563 -0.00487899780273438
0.0105934143066406 -0.0654678344726562 0.0231819152832031 -0.0307979583740234
-0.0252571105957031 -0.0613861083984375 -0.00168991088867188 -0.0224018096923828
-0.0234642028808594 -0.0654182434082031 -0.000786006450653077 -0.000938117504119877
-0.035980224609375 -0.0635719299316406 -0.00672340393066407 0.010371208190918
-0.0124855041503906 -0.0653800964355469 -0.0192375183105469 0.0167732238769531
0.0271453857421875 -0.0685462951660156 -0.0260658264160156 0.00770568847656249
0.0694580078125 -0.0423126220703125 -0.0321178436279297 -0.0185356140136719
0.090789794921875 0.0391845703125 -0.01617431640625 -0.0307502746582031
0.0585784912109375 0.0846786499023438 0.00496292114257813 -0.0288772583007812
0.00864410400390626 0.123176574707031 -0.00964546203613281 0.00740432739257813
-0.0264663696289063 0.101356506347656 0.0398750305175781 0.0560874938964844
-0.000869750976562506 0.0988922119140625 0.00526046752929688 0.0657882690429688
0.065704345703125 0.084381103515625 0.0201034545898438 0.071319580078125
0.083221435546875 0.017303466796875 0.0459747314453125 0.0500068664550781
0.0675773620605469 -0.0373268127441406 0.0478553771972656 0.0159721374511719
0.01544189453125 -0.0645713806152344 0.023651123046875 -0.00484085083007813
-0.0215187072753906 -0.0614128112792969 0.0106887817382812 0.00070095062255859
-0.0211067199707031 -0.0644989013671875 0.0120582580566406 0.0176620483398437
-0.0340538024902344 -0.0635452270507813 0.00628471374511718 0.0294780731201172
-0.0114250183105469 -0.0639152526855469 -0.0124320983886719 0.0367927551269531
0.0272598266601563 -0.0657806396484375 -0.0242061614990234 0.0233612060546875
0.0667648315429687 -0.0366325378417969 -0.0331382751464844 -0.00537109375000001
0.080780029296875 0.0436477661132813 -0.0180568695068359 -0.0215587615966797
0.0418243408203125 0.0819625854492188 0.0121612548828125 -0.0132856369018555
-0.00715637207031251 0.106361389160156 -0.0106964111328125 0.0413055419921875
-0.0352783203125 0.06207275390625 0.0289840698242188 0.08837890625
-0.0178985595703125 0.0724945068359375 0.00351715087890624 0.0836334228515625
0.0371932983398437 0.0743637084960938 0.0094451904296875 0.0708236694335938
0.0622062683105469 0.0238151550292969 0.0295639038085938 0.0557861328125
0.0561256408691406 -0.0234947204589844 0.0335235595703125 0.0315017700195313
0.0166091918945313 -0.0519905090332031 0.0222930908203125 0.0179862976074219
-0.0152816772460937 -0.0500831604003906 0.0214900970458984 0.0223674774169922
-0.0157699584960938 -0.0536460876464844 0.0239925384521484 0.0339202880859375
-0.0266647338867188 -0.0549201965332031 0.0179252624511719 0.0467872619628906
-0.0077972412109375 -0.0550346374511719 -0.0063323974609375 0.0541114807128906
0.0265426635742188 -0.0554847717285156 -0.0242195129394531 0.0375747680664063
0.0583686828613281 -0.0250396728515625 -0.0359535217285156 0.00615692138671874
0.0618019104003906 0.0463142395019531 -0.0213356018066406 -0.0158863067626953
0.0189743041992187 0.0721664428710937 0.0163850784301758 0.00090408325195313
-0.0240249633789063 0.0763168334960938 -0.0156440734863281 0.0683174133300781
-0.0381698608398438 0.0117950439453125 0.0203475952148437 0.104888916015625
-0.0297775268554687 0.0333137512207031 0.00437164306640624 0.0906524658203125
0.00555038452148438 0.0483551025390625 0.00191879272460937 0.0644760131835938
0.0303192138671875 0.0219688415527344 0.0169181823730469 0.056427001953125
0.0340042114257813 -0.00766944885253906 0.0231094360351563 0.0396728515625
0.0131950378417969 -0.0305995941162109 0.0218772888183594 0.0335922241210938
-0.00677490234375 -0.0323963165283203 0.0301132202148438 0.0364189147949219
-0.00793266296386718 -0.0350914001464844 0.0321464538574219 0.0447425842285156
-0.0149993896484375 -0.039581298828125 0.0257072448730469 0.0594444274902344
-0.00252914428710937 -0.0396499633789063 -0.003509521484375 0.0670814514160156
0.0233840942382812 -0.0388412475585938 -0.0267066955566406 0.0480117797851562
0.0450401306152344 -0.0120086669921875 -0.0402870178222656 0.0144844055175781
0.0372467041015625 0.0428810119628906 -0.0264434814453125 -0.0130252838134766
-0.00555038452148437 0.054229736328125 0.0144376754760742 0.0105915069580078
-0.0377159118652344 0.0356674194335938 -0.0263442993164063 0.0846099853515625
0.0381851196289063 0.0123405456542969 0.02496337890625 -0.0918350219726563
0.0190792083740234 -0.0228691101074219 -0.0121212005615234 -0.0200653076171875
-0.00946998596191406 -0.0232734680175781 0.0299777984619141 0.0180778503417969
-0.0223808288574219 -0.00189018249511719 0.0575828552246094 -0.0127677917480469
-0.0159797668457031 0.0150375366210937 0.041412353515625 -0.0508537292480469
0.000707626342773437 0.0199260711669922 0.00600433349609375 -0.0750885009765625
0.00242805480957031 0.0130290985107422 -0.0323905944824219 -0.0665779113769531
-0.00122642517089844 0.0098886489868164 -0.0360221862792969 -0.0514984130859375
-0.00300216674804687 0.0105171203613281 -0.0363845825195312 -0.0424728393554688
-0.00729084014892578 0.00435733795166016 -0.0258560180664063 -0.0436973571777344
-0.00832843780517578 -0.00713539123535156 -0.0219955444335938 -0.0452690124511719
0.00145721435546875 -0.0226898193359375 -0.0150527954101562 -0.0568733215332031
0.0270481109619141 -0.0135860443115234 0.0050201416015625 -0.0651702880859375
0.0423126220703125 0.0101814270019531 -0.0059356689453125 -0.0868377685546875
0.0404434204101563 0.033355712890625 -0.0123291015625 -0.111190795898438
0.03680419921875 0.0575103759765625 0.0371551513671875 -0.0843276977539063
0.0331497192382813 0.0132999420166016 -0.00702953338623047 -0.0166711807250977
0.0248222351074219 -0.00598716735839844 0.0361099243164063 0.0253105163574219
0.00739097595214844 -0.00992012023925781 0.0662155151367187 -0.00851058959960937
0.00104713439941406 -0.00795125961303711 0.0502243041992188 -0.0511016845703125
-0.00227069854736328 -0.0050654411315918 0.0093841552734375 -0.0767898559570313
-0.0102090835571289 -0.00967979431152344 -0.0306167602539062 -0.0664443969726563
-0.0104131698608398 -0.0151033401489258 -0.0328712463378906 -0.0483589172363281
-0.0130548477172852 -0.0143918991088867 -0.0347709655761719 -0.0389785766601563
-0.00504875183105469 -0.0198841094970703 -0.0279922485351563 -0.0379791259765625
0.00995254516601563 -0.0257759094238281 -0.0241889953613281 -0.0393142700195313
0.031494140625 -0.0249099731445313 -0.019195556640625 -0.0539474487304688
0.0523910522460938 0.0127944946289063 -0.000343322753906246 -0.0584907531738281
0.0512123107910156 0.04486083984375 -0.00903320312499999 -0.0773391723632812
0.0355606079101563 0.0779876708984375 -0.0116195678710938 -0.0947189331054687
0.0266189575195313 0.0961456298828125 0.0464363098144531 -0.0629386901855469
0.0394363403320313 0.0526924133300781 -0.00141334533691406 -0.00422263145446777
0.0580596923828125 0.0199851989746094 0.039886474609375 0.0377693176269531
0.0410003662109375 -0.0125083923339844 0.0719146728515625 0.00313568115234375
0.0234451293945313 -0.0292396545410156 0.0587577819824219 -0.0430107116699219
-0.00125503540039062 -0.0314426422119141 0.0147933959960937 -0.0698127746582031
-0.0199718475341797 -0.032470703125 -0.024810791015625 -0.0588722229003906
-0.0180702209472656 -0.038818359375 -0.0253562927246094 -0.0373611450195313
-0.023651123046875 -0.0371665954589844 -0.0293807983398438 -0.0269508361816406
-0.00629043579101563 -0.0415763854980469 -0.0288677215576172 -0.0232944488525391
0.02093505859375 -0.0452194213867188 -0.0276336669921875 -0.0269432067871094
0.0539474487304688 -0.0325851440429688 -0.0257072448730469 -0.0458145141601563
0.0756607055664063 0.02789306640625 -0.00739288330078125 -0.0507965087890625
0.0604324340820312 0.0687294006347656 -0.00892257690429687 -0.0625495910644531
0.0298233032226563 0.109786987304688 -0.0112953186035156 -0.0653305053710938
0.00949096679687501 0.119468688964844 0.0503616333007812 -0.0279655456542969
0.03472900390625 0.0860214233398438 0.00305366516113281 0.0164623260498047
0.0802993774414063 0.049041748046875 0.0379676818847656 0.0520706176757813
0.0711822509765625 -0.00836181640625 0.0710601806640625 0.0197982788085938
0.0463943481445313 -0.0429534912109375 0.0626869201660156 -0.0261764526367188
0.00355911254882812 -0.052886962890625 0.0201492309570312 -0.0536346435546875
-0.0252151489257812 -0.0505485534667969 -0.0141754150390625 -0.0434074401855469
-0.0229415893554687 -0.0564079284667969 -0.0139980316162109 -0.0213050842285156
-0.0321273803710938 -0.05377197265625 -0.0196819305419922 -0.00948524475097657
-0.0100593566894531 -0.0567970275878906 -0.0256977081298828 -0.00408363342285157
0.025299072265625 -0.0604629516601563 -0.0283145904541016 -0.0104198455810547
0.0654067993164063 -0.0407485961914063 -0.0307292938232422 -0.0335636138916016
0.0899505615234375 0.0341873168945312 -0.0124969482421875 -0.0411262512207031
0.0649261474609375 0.0805206298828125 -0.00373840332031249 -0.0466461181640625
0.0220565795898437 0.125068664550781 -0.0106658935546875 -0.0298423767089844
-0.0100936889648437 0.121139526367188 0.0469703674316406 0.0149421691894531
0.0198440551757812 0.103996276855469 0.00444412231445313 0.0422248840332031
0.0833282470703125 0.0742721557617187 0.0304298400878906 0.064483642578125
0.0868148803710938 0.00395965576171875 0.0614662170410156 0.0376510620117188
0.0629501342773438 -0.0457229614257813 0.0589141845703125 -0.00465774536132813
0.0101127624511719 -0.0648307800292969 0.0238437652587891 -0.0300998687744141
-0.0254859924316406 -0.0609169006347656 -0.00173568725585938 -0.0221443176269531
-0.0243759155273438 -0.065460205078125 -0.000750184059143068 -0.00153040885925293
-0.0363311767578125 -0.0622940063476563 -0.00664615631103516 0.0102024078369141
-0.0122032165527344 -0.0642013549804688 -0.0195293426513672 0.0171070098876953
0.0261917114257813 -0.0675201416015625 -0.0264930725097656 0.00703620910644531
0.0684700012207031 -0.0425872802734375 -0.0329761505126953 -0.0194511413574219
0.0912399291992188 0.0384750366210938 -0.0153388977050781 -0.0313396453857422
0.0584182739257813 0.0842742919921875 0.00480270385742188 -0.0291595458984375
0.009979248046875 0.123046875 -0.00957107543945313 0.00708389282226563
-0.0262069702148438 0.10015869140625 0.0388832092285156 0.0554237365722656
-0.000923156738281259 0.0983505249023438 0.00349044799804688 0.0659942626953125
0.0657806396484375 0.0839691162109375 0.0188674926757813 0.07098388671875
0.08270263671875 0.017059326171875 0.0458030700683594 0.0505561828613281
0.0668563842773438 -0.0374488830566406 0.0480804443359375 0.0163307189941406
0.0153007507324219 -0.06396484375 0.0242481231689453 -0.00442886352539063
-0.0217132568359375 -0.0605545043945313 0.0106258392333984 0.00059413909912109
-0.0219497680664063 -0.06439208984375 0.0124225616455078 0.0174160003662109
-0.034423828125 -0.0626449584960938 0.00630569458007812 0.0290966033935547
-0.0118598937988281 -0.0627555847167969 -0.0123558044433594 0.0366973876953125
0.0260696411132812 -0.0654792785644531 -0.0246257781982422 0.0226421356201172
0.0660400390625 -0.0369148254394531 -0.0337162017822265 -0.00656509399414063
0.0812606811523438 0.0428390502929688 -0.0175304412841797 -0.022552490234375
0.0416717529296875 0.0815505981445313 0.0121269226074219 -0.0137643814086914
-0.00615692138671874 0.10614013671875 -0.0105056762695313 0.0407562255859375
-0.0351219177246094 0.0615196228027344 0.0279464721679687 0.0874481201171875
-0.0176849365234375 0.07275390625 0.00238037109375 0.0830764770507813
0.0374069213867188 0.0737152099609375 0.0080413818359375 0.0707168579101563
0.0615310668945313 0.0235214233398438 0.0289077758789063 0.0566177368164062
0.055816650390625 -0.0235595703125 0.0337238311767578 0.0317325592041016
0.0159034729003906 -0.0515632629394531 0.0225505828857422 0.0184822082519531
-0.0151748657226563 -0.0500106811523438 0.0220890045166016 0.0217571258544922
-0.0162620544433594 -0.0537109375 0.0240669250488281 0.0333080291748047
-0.0272598266601563 -0.0545578002929688 0.0186996459960937 0.0460853576660156
-0.00788116455078125 -0.0548095703125 -0.00640106201171876 0.0542869567871094
0.0255584716796875 -0.0553398132324219 -0.0247306823730469 0.0369110107421875
0.0582504272460937 -0.0255050659179687 -0.0362014770507812 0.0052032470703125
0.0622062683105469 0.0453987121582031 -0.0204524993896484 -0.0163230895996094
0.0191574096679688 0.072235107421875 0.016200065612793 -0.000131607055664058
-0.0236740112304688 0.0760879516601563 -0.0155525207519531 0.0672760009765625
-0.0381355285644531 0.0117988586425781 0.0201187133789063 0.103897094726563
-0.0296173095703125 0.0334587097167969 0.00368499755859374 0.0904083251953125
0.00599288940429688 0.0482330322265625 0.000625610351562497 0.0648689270019531
0.0304393768310547 0.0220985412597656 0.0163383483886719 0.0570449829101562
0.0342426300048828 -0.00792884826660156 0.0226898193359375 0.0400924682617188
0.0132465362548828 -0.0306243896484375 0.0224342346191406 0.0337619781494141
-0.0072479248046875 -0.0320014953613281 0.0308914184570313 0.0360832214355469
-0.00863265991210938 -0.0353050231933594 0.0324783325195313 0.0440826416015625
-0.0158462524414062 -0.0396385192871094 0.0267906188964844 0.0583305358886719
-0.0029144287109375 -0.0399093627929688 -0.00323867797851563 0.0669479370117188
0.0225296020507813 -0.0390968322753906 -0.0272102355957031 0.0472793579101563
0.0442543029785156 -0.0125770568847656 -0.0403976440429688 0.013763427734375
0.0380210876464844 0.042938232421875 -0.0256767272949219 -0.0133895874023437
-0.00536346435546875 0.0546035766601563 0.0145254135131836 0.00968742370605469
-0.0374107360839844 0.03619384765625 -0.02642822265625 0.0837860107421875
0.0392074584960937 0.0126686096191406 0.0243453979492188 -0.0935211181640625
0.0194282531738281 -0.0237503051757813 -0.0127887725830078 -0.0192222595214844
-0.00979804992675781 -0.0242462158203125 0.0304851531982422 0.0185775756835937
-0.0231590270996094 -0.000843048095703126 0.0588455200195313 -0.0128211975097656
-0.0158710479736328 0.0158367156982422 0.0428581237792969 -0.0519866943359375
0.00115394592285156 0.0204753875732422 0.0064239501953125 -0.0770187377929688
0.00275802612304688 0.0127677917480469 -0.0337295532226563 -0.0676193237304688
-0.001251220703125 0.0103578567504883 -0.037750244140625 -0.0521621704101563
-0.00251483917236328 0.0110187530517578 -0.0379409790039063 -0.0430335998535156
-0.00700855255126953 0.00485515594482422 -0.027557373046875 -0.0448226928710938
-0.00877285003662109 -0.00701570510864258 -0.0232925415039062 -0.0467109680175781
0.000503540039062501 -0.0227298736572266 -0.0158500671386719 -0.05804443359375
0.0273323059082031 -0.014129638671875 0.00571441650390626 -0.0665702819824219
0.043365478515625 0.0097198486328125 -0.00582885742187499 -0.087799072265625
0.0418510437011719 0.0337638854980469 -0.0135345458984375 -0.112678527832031
0.0378608703613281 0.0586166381835937 0.03668212890625 -0.0859375
0.0343418121337891 0.0128536224365234 -0.00811100006103516 -0.0163784027099609
0.0254898071289062 -0.00644493103027344 0.0365562438964844 0.0260772705078125
0.00688648223876953 -0.00972175598144531 0.0677871704101563 -0.0081634521484375
0.00102138519287109 -0.00763416290283203 0.0518150329589844 -0.0518836975097656
-0.00165033340454102 -0.00466632843017578 0.0091400146484375 -0.078460693359375
-0.0101737976074219 -0.00964069366455078 -0.03228759765625 -0.0678138732910156
-0.0112676620483398 -0.0152034759521484 -0.0345535278320313 -0.0486946105957031
-0.0134525299072266 -0.0146160125732422 -0.036712646484375 -0.0390129089355469
-0.00472640991210937 -0.0199184417724609 -0.0296249389648437 -0.0390129089355469
0.0100002288818359 -0.0261363983154297 -0.0253067016601562 -0.0404396057128906
0.0314846038818359 -0.02557373046875 -0.0201988220214844 -0.0551910400390625
0.0535430908203125 0.012908935546875 0.000366210937500008 -0.0600624084472656
0.0523452758789063 0.0453338623046875 -0.00942993164062499 -0.07806396484375
0.0371246337890625 0.0793380737304688 -0.01239013671875 -0.0961227416992188
0.0278244018554688 0.097900390625 0.0458450317382813 -0.0642127990722656
0.0405616760253906 0.0532379150390625 -0.00325822830200195 -0.00334954261779785
0.0594558715820313 0.018890380859375 0.0400238037109375 0.038543701171875
0.0413055419921875 -0.0131607055664062 0.0741806030273438 0.00342559814453125
0.0230998992919922 -0.0298137664794922 0.0603599548339844 -0.0440330505371094
-0.00116920471191406 -0.0315189361572266 0.0150146484375 -0.0716400146484375
-0.0204677581787109 -0.0325450897216797 -0.0259017944335937 -0.0597801208496094
-0.0192832946777344 -0.0393600463867188 -0.0265655517578125 -0.0379562377929688
-0.0245399475097656 -0.0369796752929688 -0.0305061340332031 -0.0270919799804688
-0.00652313232421875 -0.0417938232421875 -0.0301132202148438 -0.0242538452148437
0.0210418701171875 -0.0461158752441406 -0.0288906097412109 -0.0279808044433594
0.0541572570800781 -0.0337944030761719 -0.0273475646972656 -0.0472946166992188
0.0775680541992188 0.0278167724609375 -0.00698471069335937 -0.0521430969238281
0.0622444152832031 0.0691909790039063 -0.00904083251953124 -0.0639495849609375
0.0318756103515625 0.112098693847656 -0.01226806640625 -0.0662612915039063
0.0102005004882813 0.121788024902344 0.0504264831542969 -0.0280303955078125
0.0362548828125 0.0875244140625 0.0015411376953125 0.0178318023681641
0.0828018188476563 0.0487060546875 0.0380897521972656 0.0527267456054688
0.0716934204101563 -0.008941650390625 0.072967529296875 0.0206756591796875
0.046142578125 -0.0442123413085938 0.0644798278808594 -0.026824951171875
0.00374221801757812 -0.0536270141601562 0.02105712890625 -0.0548782348632813
-0.0260658264160156 -0.0510101318359375 -0.0147972106933594 -0.0443153381347656
-0.0244865417480469 -0.0574226379394531 -0.01495361328125 -0.0217380523681641
-0.0332603454589844 -0.0541229248046875 -0.0205230712890625 -0.00967025756835938
-0.0103874206542969 -0.0573501586914063 -0.0269756317138672 -0.00429725646972657
0.0249252319335938 -0.0614051818847656 -0.0300788879394531 -0.0110855102539062
0.066009521484375 -0.0421600341796875 -0.0327377319335937 -0.0351982116699219
0.09197998046875 0.0340805053710938 -0.01251220703125 -0.0427169799804687
0.0666275024414063 0.08160400390625 -0.00413894653320312 -0.0471649169921875
0.0244216918945312 0.127494812011719 -0.0117092132568359 -0.0302848815917969
-0.00956726074218751 0.123298645019531 0.0469017028808594 0.0150222778320313
0.02105712890625 0.105827331542969 0.003082275390625 0.0434150695800781
0.0861663818359375 0.0739288330078125 0.0305900573730469 0.0660629272460938
0.088623046875 0.0032806396484375 0.063934326171875 0.0386238098144531
0.0634307861328125 -0.0471954345703125 0.0605812072753906 -0.00475311279296875
0.0100288391113281 -0.0654487609863281 0.0248451232910156 -0.0307331085205078
-0.0263404846191406 -0.0611457824707031 -0.00235557556152344 -0.0226097106933594
-0.0259857177734375 -0.0665512084960938 -0.00102019309997559 -0.00231409072875977
-0.0375595092773438 -0.0628509521484375 -0.00689697265625 0.0101833343505859
-0.0132484436035156 -0.0645332336425781 -0.0200443267822266 0.0174293518066406
0.0255966186523437 -0.0687446594238281 -0.0281848907470703 0.00642013549804687
0.0690231323242187 -0.0439682006835937 -0.0349140167236328 -0.0209693908691406
0.0940399169921875 0.0380096435546875 -0.0154552459716797 -0.0328788757324219
0.0603103637695313 0.0859375 0.00475883483886719 -0.0301494598388672
0.011505126953125 0.125152587890625 -0.0100421905517578 0.00734329223632813
-0.026275634765625 0.102218627929688 0.0394515991210938 0.0563735961914063
-0.000633239746093744 0.100914001464844 0.00283050537109375 0.0670967102050781
0.0679397583007812 0.0847320556640625 0.0185012817382813 0.0728530883789062
0.0843124389648438 0.0168838500976563 0.0472869873046875 0.0520477294921875
0.0673332214355469 -0.0392227172851563 0.0494651794433594 0.0170173645019531
0.0152053833007813 -0.0648612976074219 0.0254230499267578 -0.00472259521484375
-0.0228118896484375 -0.0614280700683594 0.011138916015625 0.000614166259765621
-0.0238838195800781 -0.0657081604003906 0.0127115249633789 0.0166282653808594
-0.0358924865722656 -0.062957763671875 0.00687789916992187 0.0290546417236328
-0.0126113891601562 -0.0634994506835938 -0.0128097534179688 0.037506103515625
0.0260734558105469 -0.0667877197265625 -0.0258464813232422 0.0225639343261719
0.0664482116699219 -0.0383987426757812 -0.0355148315429688 -0.00708389282226563
0.083740234375 0.04266357421875 -0.0177249908447266 -0.0239467620849609
0.0430450439453125 0.0831069946289062 0.0124006271362305 -0.0150394439697266
-0.00487518310546874 0.107887268066406 -0.010406494140625 0.0414466857910156
-0.0359001159667969 0.0617904663085938 0.0288314819335937 0.0887603759765625
-0.0182266235351563 0.0744552612304688 0.00159454345703125 0.0847930908203125
0.038482666015625 0.0747451782226563 0.00744628906250001 0.0723648071289063
0.0629997253417969 0.0237770080566406 0.0299568176269531 0.0583534240722656
0.0567054748535156 -0.0251388549804688 0.0347881317138672 0.0324516296386719
0.0159568786621094 -0.0525360107421875 0.0240345001220703 0.0189590454101562
-0.0165214538574219 -0.0504570007324219 0.0232276916503906 0.0219802856445313
-0.017974853515625 -0.0544509887695313 0.0252838134765625 0.0331535339355469
-0.0290641784667969 -0.0548133850097656 0.0194892883300781 0.0462684631347656
-0.00894927978515625 -0.0550041198730469 -0.00584411621093751 0.0550689697265625
0.0250358581542969 -0.0565948486328125 -0.0257110595703125 0.0371131896972656
0.0590095520019531 -0.0269813537597656 -0.0378608703613281 0.00471115112304687
0.0650825500488281 0.0454483032226563 -0.0206584930419922 -0.0172920227050781
0.0197906494140625 0.0735244750976563 0.0163373947143555 -0.000887870788574214
-0.0231857299804688 0.0778427124023438 -0.0158920288085937 0.0684051513671875
-0.0392532348632813 0.0117340087890625 0.0209197998046875 0.105155944824219
-0.0305976867675781 0.0344715118408203 0.00321960449218749 0.0915374755859375
0.00656890869140626 0.0494804382324219 0.000385284423828121 0.0668907165527344
0.0310783386230469 0.0226078033447266 0.0173263549804688 0.0589714050292969
0.0349082946777344 -0.00872802734375 0.0237693786621094 0.0415725708007813
0.0129470825195312 -0.0321464538574219 0.0235157012939453 0.0347080230712891
-0.0079498291015625 -0.0327663421630859 0.032073974609375 0.0360107421875
-0.00982284545898438 -0.0361671447753906 0.0339813232421875 0.0440826416015625
-0.016998291015625 -0.0395736694335938 0.0280647277832031 0.0592422485351563
-0.00366592407226563 -0.0406761169433594 -0.00273132324218749 0.0685958862304688
0.0225105285644531 -0.0398674011230469 -0.0283164978027344 0.0479545593261719
0.0452308654785156 -0.0133857727050781 -0.0417861938476563 0.0132789611816406
0.0398635864257813 0.0430984497070313 -0.0259437561035156 -0.0141048431396484
-0.00482940673828124 0.0556488037109375 0.0146665573120117 0.00867366790771485
-0.0379142761230469 0.0364990234375 -0.0262832641601563 0.0848541259765625
0.0406036376953125 0.0121192932128906 0.0225143432617188 -0.0957565307617188
0.0194568634033203 -0.0254096984863281 -0.0144138336181641 -0.0186882019042969
-0.0110607147216797 -0.0252552032470703 0.0314121246337891 0.0190696716308594
-0.0243167877197266 -7.24792480468698E-05 0.0605087280273438 -0.0142364501953125
-0.0154380798339844 0.0174989700317383 0.0433349609375 -0.0544052124023438
0.00252151489257813 0.0204639434814453 0.004425048828125 -0.0798721313476563
0.00337028503417969 0.0127935409545898 -0.036956787109375 -0.0687789916992188
-0.00103473663330078 0.0107288360595703 -0.0414886474609375 -0.0522613525390625
-0.0023651123046875 0.0108823776245117 -0.0408821105957031 -0.0427703857421875
-0.00658226013183594 0.00493335723876953 -0.0302391052246094 -0.0452461242675781
-0.00909423828125 -0.00704097747802734 -0.0258140563964844 -0.0481452941894531
-0.000614166259765626 -0.0232696533203125 -0.0179939270019531 -0.0595741271972656
0.0279426574707031 -0.0150413513183594 0.00521087646484375 -0.0691566467285156
0.0449256896972656 0.00879287719726563 -0.008026123046875 -0.08978271484375
0.0442886352539063 0.0335464477539063 -0.017120361328125 -0.115272521972656
0.0407180786132813 0.0593223571777344 0.0350723266601563 -0.0882034301757813
0.0360908508300781 0.0121536254882812 -0.00953960418701171 -0.0156850814819336
0.0255260467529297 -0.00875663757324219 0.0374526977539063 0.0261421203613281
0.00621604919433594 -0.00996303558349609 0.0698127746582031 -0.00956344604492188
0.000583648681640625 -0.00736474990844727 0.0528907775878906 -0.0546913146972656
-0.00195407867431641 -0.00507879257202149 0.0076446533203125 -0.0812759399414063
-0.0106601715087891 -0.00985145568847656 -0.0355377197265625 -0.0684547424316406
-0.0117835998535156 -0.0156383514404297 -0.0381126403808594 -0.0489997863769531
-0.014094352722168 -0.0145587921142578 -0.0399093627929688 -0.038818359375
-0.00489425659179687 -0.0200481414794922 -0.0320358276367188 -0.0393562316894531
0.00942230224609375 -0.0267791748046875 -0.0279960632324219 -0.0419387817382812
0.0314140319824219 -0.0268058776855469 -0.0225334167480469 -0.0567893981933594
0.0554466247558594 0.0115966796875 -0.000549316406250001 -0.0618782043457031
0.0553474426269531 0.0448417663574219 -0.0108718872070313 -0.0797653198242187
0.0406723022460938 0.080169677734375 -0.0158462524414063 -0.0975570678710938
0.0311660766601562 0.0998001098632813 0.0450057983398438 -0.0661811828613281
0.0434684753417969 0.0535507202148438 -0.0042724609375 -0.00232982635498047
0.0613594055175781 0.0169258117675781 0.04150390625 0.0387344360351562
0.0410575866699219 -0.0146255493164062 0.07659912109375 0.0023956298828125
0.0224723815917969 -0.0306415557861328 0.0622406005859375 -0.0467491149902344
-0.00176048278808594 -0.0320549011230469 0.0139541625976563 -0.0746383666992188
-0.0216712951660156 -0.0327129364013672 -0.0289421081542969 -0.0605621337890625
-0.0215072631835938 -0.0400619506835938 -0.0293998718261719 -0.0386123657226563
-0.0261688232421875 -0.0372047424316406 -0.0333404541015625 -0.0269908905029297
-0.0077056884765625 -0.0422248840332031 -0.0321922302246094 -0.0243568420410156
0.0206108093261719 -0.0471229553222656 -0.0312366485595703 -0.0289649963378906
0.0541954040527344 -0.0360298156738281 -0.0305557250976563 -0.0484619140625
0.0803298950195313 0.0261611938476562 -0.00768280029296874 -0.0541305541992187
0.0656242370605469 0.0695915222167969 -0.0105819702148437 -0.0654106140136719
0.0363235473632813 0.113800048828125 -0.0149993896484375 -0.0673751831054687
0.0138931274414063 0.124496459960937 0.0499382019042969 -0.0294303894042969
0.0402297973632812 0.08905029296875 0.000490188598632817 0.0187301635742188
0.0864486694335938 0.0468673706054688 0.0393524169921875 0.0539970397949219
0.0723037719726563 -0.0111236572265625 0.0760269165039063 0.01995849609375
0.04571533203125 -0.0469436645507813 0.0666122436523438 -0.0291633605957031
0.00210952758789063 -0.0547828674316406 0.0206718444824219 -0.0572319030761719
-0.0280723571777344 -0.0511245727539063 -0.0172271728515625 -0.0449295043945313
-0.0275459289550781 -0.0584259033203125 -0.0164413452148438 -0.0222415924072266
-0.0359306335449219 -0.054107666015625 -0.0220813751220703 -0.00958442687988281
-0.0123214721679687 -0.0580177307128906 -0.0283241271972656 -0.00377273559570313
0.0238723754882813 -0.0635299682617188 -0.0320529937744141 -0.0113849639892578
0.0659370422363281 -0.0451393127441406 -0.0359420776367188 -0.0354957580566406
0.09649658203125 0.0318679809570313 -0.0133743286132812 -0.0442886352539063
0.071136474609375 0.08184814453125 -0.0052947998046875 -0.0490379333496094
0.0298995971679687 0.130241394042969 -0.013031005859375 -0.0306854248046875
-0.00687408447265625 0.126914978027344 0.0480422973632813 0.014434814453125
0.0246124267578125 0.108299255371094 0.00332260131835938 0.0450172424316406
0.0904998779296875 0.07305908203125 0.0316505432128906 0.0674591064453125
0.090087890625 0.00089263916015625 0.0669517517089844 0.0388870239257813
0.0639724731445313 -0.050506591796875 0.0630569458007813 -0.00623703002929688
0.00867080688476563 -0.0673561096191406 0.0252876281738281 -0.0327243804931641
-0.0286521911621094 -0.0615882873535156 -0.00273513793945313 -0.0232658386230469
-0.0298385620117187 -0.0676307678222656 -0.00143098831176758 -0.00316929817199707
-0.0405464172363281 -0.06298828125 -0.00741863250732422 0.0101900100708008
-0.0157585144042969 -0.0653114318847656 -0.0206050872802734 0.0179080963134766
0.0241165161132813 -0.0708389282226563 -0.0297565460205078 0.00694465637207031
0.0692787170410156 -0.0472259521484375 -0.0377922058105469 -0.0214347839355469
0.0979690551757813 0.0355682373046875 -0.0161571502685547 -0.0344085693359375
0.0644073486328125 0.08612060546875 0.0044403076171875 -0.03179931640625
0.01629638671875 0.128684997558594 -0.0103435516357422 0.00782775878906251
-0.0247573852539063 0.105667114257813 0.0413169860839844 0.0569305419921875
0.002227783203125 0.103652954101563 0.00330734252929687 0.0690231323242188
0.0726394653320313 0.084686279296875 0.019561767578125 0.0746994018554687
0.0865478515625 0.0150909423828125 0.0499076843261719 0.0532073974609375
0.0684013366699219 -0.0421295166015625 0.0521392822265625 0.0165481567382812
0.0135841369628906 -0.0671539306640625 0.0268688201904297 -0.00490951538085938
-0.0253105163574219 -0.0617752075195313 0.0113592147827148 0.000126838684082027
-0.0271682739257813 -0.0667076110839844 0.0136928558349609 0.0159187316894531
-0.0394973754882813 -0.0632743835449219 0.00774002075195312 0.0297031402587891
-0.0146751403808594 -0.0644073486328125 -0.0121383666992188 0.0386428833007812
0.0240592956542969 -0.0684776306152344 -0.0271224975585937 0.0230026245117187
0.0666236877441406 -0.0412254333496094 -0.0379714965820313 -0.00735855102539063
0.0881423950195313 0.040618896484375 -0.0185966491699219 -0.0250186920166016
0.0471649169921875 0.0842361450195313 0.0123624801635742 -0.0161552429199219
-0.00128173828125001 0.11102294921875 -0.0101356506347656 0.0427474975585938
-0.0357627868652344 0.0645179748535156 0.0308303833007812 0.0897903442382812
-0.0168228149414062 0.0771560668945313 0.00276947021484375 0.086639404296875
0.0423355102539063 0.0756454467773438 0.00824737548828125 0.074188232421875
0.0648689270019531 0.0226249694824219 0.0325431823730469 0.0598983764648438
0.0577888488769531 -0.027496337890625 0.0373420715332031 0.0327568054199219
0.0146217346191406 -0.0545578002929688 0.0256805419921875 0.0194339752197266
-0.0185050964355469 -0.0513191223144531 0.0245723724365234 0.0210838317871094
-0.0208549499511719 -0.0560455322265625 0.0271205902099609 0.0323257446289063
-0.0316734313964844 -0.0557403564453125 0.0213546752929687 0.0463104248046875
-0.0110244750976562 -0.0560111999511719 -0.00427627563476562 0.0567207336425781
0.0234870910644531 -0.0584983825683594 -0.0261955261230469 0.0381851196289062
0.0593338012695313 -0.029693603515625 -0.0397605895996094 0.00468826293945312
0.0684814453125 0.0445137023925781 -0.0216159820556641 -0.0183773040771484
0.0229339599609375 0.0754241943359375 0.016937255859375 -0.00287723541259765
-0.0209579467773438 0.0801925659179687 -0.0144157409667969 0.0699691772460938
-0.0406227111816406 0.0131034851074219 0.0235824584960937 0.10675048828125
-0.0307960510253906 0.0362815856933594 0.004638671875 0.093048095703125
0.00838470458984375 0.0504875183105469 0.000682830810546875 0.0693016052246094
0.0329208374023438 0.0225849151611328 0.0189170837402344 0.0608444213867188
0.0359268188476563 -0.0103721618652344 0.0258865356445313 0.0429115295410156
0.0120849609375 -0.0331039428710938 0.0255355834960938 0.0356864929199219
-0.0094146728515625 -0.0331020355224609 0.0348052978515625 0.0358200073242188
-0.0117263793945313 -0.0371513366699219 0.0364646911621094 0.0434455871582031
-0.0194358825683594 -0.0403251647949219 0.0308914184570313 0.0594978332519531
-0.00516128540039063 -0.0412483215332031 -0.000602722167968743 0.0703048706054688
0.0213546752929688 -0.0416603088378906 -0.0286712646484375 0.0495567321777344
0.0456695556640625 -0.0153617858886719 -0.0435409545898438 0.0138893127441406
0.0430374145507813 0.0426559448242187 -0.0271568298339844 -0.0147457122802734
-0.00284957885742187 0.0576324462890625 0.0156621932983398 0.00759220123291016
-0.0379409790039063 0.0384864807128906 -0.0253982543945313 0.087158203125
0.0419044494628906 0.0105705261230469 0.0187606811523438 -0.0973663330078125
0.0181198120117188 -0.0269889831542969 -0.0157279968261719 -0.0173091888427734
-0.0131950378417969 -0.0253887176513672 0.0325431823730469 0.0189189910888672
-0.024932861328125 0.00152015686035156 0.061187744140625 -0.0165176391601562
-0.0146675109863281 0.0188388824462891 0.0429420471191406 -0.0571174621582031
0.00392913818359375 0.0206241607666016 0.000808715820312509 -0.0819778442382813
0.00425434112548828 0.0125274658203125 -0.0411491394042969 -0.0678367614746094
-0.000746726989746093 0.0110502243041992 -0.0452880859375 -0.050445556640625
-0.00164794921875 0.01129150390625 -0.0445365905761719 -0.0403404235839844
-0.0061492919921875 0.00518798828125 -0.0330390930175781 -0.0447959899902344
-0.00937175750732422 -0.00649452209472656 -0.0287513732910156 -0.0482673645019531
-0.00222015380859375 -0.02337646484375 -0.0207557678222656 -0.0602607727050781
0.0274791717529297 -0.0168895721435547 0.00334930419921875 -0.0703506469726563
0.04644775390625 0.00643157958984375 -0.01116943359375 -0.0900421142578125
0.0464897155761719 0.0316429138183594 -0.022125244140625 -0.115028381347656
0.04443359375 0.0581207275390625 0.0316162109375 -0.0900955200195313
0.0369224548339844 0.0100784301757813 -0.0110616683959961 -0.014312744140625
0.0253829956054688 -0.0106334686279297 0.0389404296875 0.0257034301757813
0.00536727905273438 -0.00993633270263672 0.0709609985351563 -0.0123672485351563
0.000452995300292968 -0.00696039199829101 0.0520362854003906 -0.0580673217773438
-0.00145149230957031 -0.00477266311645508 0.00468444824218751 -0.0835418701171875
-0.0106678009033203 -0.00948905944824219 -0.0394859313964844 -0.0679550170898437
-0.0129079818725586 -0.0151882171630859 -0.0419960021972656 -0.0477485656738281
-0.0144519805908203 -0.0138149261474609 -0.0429115295410156 -0.0375022888183594
-0.00521278381347656 -0.0202102661132812 -0.0351905822753906 -0.0388908386230469
0.00870895385742188 -0.0272388458251953 -0.0307540893554687 -0.0419731140136719
0.0297203063964844 -0.0286540985107422 -0.0261001586914062 -0.0571212768554687
0.0565834045410156 0.00925064086914063 -0.00222396850585937 -0.0634193420410156
0.0579299926757813 0.0430374145507813 -0.014129638671875 -0.079925537109375
0.045318603515625 0.0797653198242188 -0.020355224609375 -0.097625732421875
0.0362472534179688 0.0995712280273438 0.0424842834472656 -0.0683517456054688
0.0469474792480469 0.0521316528320313 -0.00563192367553711 -0.0012969970703125
0.0629196166992187 0.0134811401367187 0.0431327819824219 0.0383033752441406
0.0407829284667969 -0.01641845703125 0.0781936645507813 -0.000709533691406251
0.0214023590087891 -0.0319118499755859 0.0616302490234375 -0.0499763488769531
-0.00252723693847656 -0.0321121215820313 0.0111923217773438 -0.0766677856445313
-0.0235366821289062 -0.03204345703125 -0.0321617126464844 -0.0601387023925781
-0.0239219665527344 -0.039520263671875 -0.0322647094726563 -0.0381011962890625
-0.0280609130859375 -0.036468505859375 -0.0359420776367188 -0.0257186889648437
-0.00893783569335938 -0.0423622131347656 -0.0346965789794922 -0.0230197906494141
0.0186653137207031 -0.0487327575683594 -0.0340251922607422 -0.0285911560058594
0.0530128479003906 -0.0386085510253906 -0.0340042114257813 -0.0486946105957031
0.0829620361328125 0.0224151611328125 -0.00925827026367187 -0.0553207397460938
0.069732666015625 0.067474365234375 -0.0135612487792969 -0.0656051635742187
0.042724609375 0.11376953125 -0.0182456970214844 -0.067047119140625
0.02020263671875 0.125732421875 0.04888916015625 -0.0318489074707031
0.0450286865234375 0.0885086059570313 0.000181198120117188 0.0199642181396484
0.0897293090820313 0.0427932739257813 0.041534423828125 0.053619384765625
0.0727005004882813 -0.0144805908203125 0.0786056518554688 0.0178680419921875
0.0439872741699219 -0.0494270324707031 0.0675163269042969 -0.0323486328125
3.81469726562243E-06 -0.0554008483886719 0.0191001892089844 -0.0595626831054688
-0.030181884765625 -0.0503349304199219 -0.0195198059082031 -0.0444793701171875
-0.0313835144042969 -0.0575637817382813 -0.0183238983154297 -0.0224132537841797
-0.0387496948242188 -0.0529594421386719 -0.0237979888916016 -0.00849914550781251
-0.0142745971679688 -0.0576133728027344 -0.0297374725341797 -0.00288772583007812
0.0213127136230469 -0.0646820068359375 -0.0338611602783203 -0.0115833282470703
0.0641632080078125 -0.0489082336425781 -0.0389137268066406 -0.0354080200195313
0.0992050170898438 0.0271987915039062 -0.0148124694824219 -0.0457572937011719
0.0752639770507813 0.0798187255859375 -0.00714874267578124 -0.0493087768554687
0.0368118286132813 0.130668640136719 -0.0149497985839844 -0.0299777984619141
-0.00121307373046876 0.128746032714844 0.048675537109375 0.0125236511230469
0.030120849609375 0.10870361328125 0.00343322753906251 0.0458412170410156
0.0954666137695313 0.0690383911132813 0.0337181091308594 0.067718505859375
0.0909347534179688 -0.00299072265625 0.0698509216308594 0.0374984741210938
0.0617027282714844 -0.054473876953125 0.0649681091308594 -0.008697509765625
0.00563812255859375 -0.0684814453125 0.0248985290527344 -0.0340900421142578
-0.0318565368652344 -0.0608139038085938 -0.00388526916503907 -0.0232181549072266
-0.0339202880859375 -0.0673637390136719 -0.00173568725585938 -0.0035092830657959
-0.0443649291992188 -0.0614395141601563 -0.00776290893554688 0.0102300643920898
-0.0183448791503906 -0.0653533935546875 -0.0209693908691406 0.0195369720458984
0.0212936401367187 -0.07257080078125 -0.0312118530273438 0.00686264038085937
0.0674324035644531 -0.0509605407714844 -0.0409088134765625 -0.020416259765625
0.101600646972656 0.0311203002929688 -0.0174560546875 -0.0355873107910156
0.0693130493164063 0.0844268798828125 0.00269317626953125 -0.0330162048339844
0.0230789184570313 0.129486083984375 -0.0105648040771484 0.00844860076904298
-0.0204849243164063 0.108100891113281 0.0434837341308594 0.0559959411621094
0.00657653808593751 0.105133056640625 0.00456619262695312 0.0701179504394531
0.0779495239257813 0.0826644897460938 0.0222625732421875 0.0752639770507813
0.0882034301757813 0.0112991333007813 0.0533180236816406 0.0525741577148438
0.0671844482421875 -0.0463790893554688 0.0543174743652344 0.0147171020507813
0.0107460021972656 -0.0689697265625 0.0278129577636719 -0.00621414184570313
-0.0283546447753906 -0.0612335205078125 0.0120449066162109 -0.000452995300292973
-0.0316429138183594 -0.0665817260742188 0.0142250061035156 0.0146312713623047
-0.0432548522949219 -0.0621109008789063 0.00881195068359375 0.0292758941650391
-0.0179405212402344 -0.0643272399902344 -0.0105247497558594 0.0396461486816406
0.0211334228515625 -0.0703125 -0.0276031494140625 0.0240478515625
0.0652961730957031 -0.0450477600097656 -0.03985595703125 -0.00672531127929688
0.0916671752929688 0.03643798828125 -0.0192279815673828 -0.0258121490478516
0.0515518188476563 0.0832595825195313 0.0119476318359375 -0.0178680419921875
0.00439453125 0.112342834472656 -0.0086822509765625 0.0434761047363281
-0.0337791442871094 0.067047119140625 0.0345077514648438 0.0900192260742187
-0.0137557983398438 0.0790252685546875 0.00540924072265624 0.0879287719726563
0.046966552734375 0.0747528076171875 0.0105133056640625 0.0759429931640625
0.0670585632324219 0.0205726623535156 0.0353736877441406 0.0601806640625
0.0571479797363281 -0.0308723449707031 0.0400886535644531 0.0321044921875
0.0125961303710938 -0.0566062927246094 0.0281925201416016 0.0188694000244141
-0.0213775634765625 -0.0506553649902344 0.0258083343505859 0.0200881958007812
-0.0248298645019531 -0.0559539794921875 0.0289440155029297 0.0304698944091797
-0.0353431701660156 -0.0544357299804687 0.0240325927734375 0.0455322265625
-0.0137214660644531 -0.0564041137695312 -0.00222015380859375 0.0577621459960938
0.0211181640625 -0.060089111328125 -0.0259819030761719 0.0388679504394531
0.0587272644042969 -0.0328445434570312 -0.0407638549804687 0.00613403320312499
0.0718536376953125 0.0410842895507813 -0.0223560333251953 -0.0186023712158203
0.0269775390625 0.0751495361328125 0.017247200012207 -0.00425434112548828
-0.0175933837890625 0.0816192626953125 -0.0115890502929687 0.0715408325195313
-0.0412940979003906 0.0147895812988281 0.0275955200195312 0.106658935546875
-0.0301017761230469 0.0383567810058594 0.00782012939453126 0.0941390991210938
0.0114555358886719 0.0509452819824219 0.00289154052734375 0.0702629089355469
0.0346393585205078 0.0218944549560547 0.0218925476074219 0.0617599487304687
0.0359916687011719 -0.0126838684082031 0.0287094116210938 0.0427474975585938
0.0102329254150391 -0.0346107482910156 0.0284385681152344 0.0352897644042969
-0.0118885040283203 -0.0326633453369141 0.03704833984375 0.0341949462890625
-0.0142745971679687 -0.0371437072753906 0.0392913818359375 0.0411376953125
-0.0222816467285156 -0.03955078125 0.0342330932617188 0.0580101013183594
-0.007232666015625 -0.0417900085449219 0.0025177001953125 0.071380615234375
0.0195465087890625 -0.0431709289550781 -0.0281028747558594 0.05108642578125
0.0456314086914063 -0.0182151794433594 -0.0442581176757813 0.01531982421875
0.0459442138671875 0.0408401489257813 -0.0279827117919922 -0.0149364471435547
-0.0004425048828125 0.0590934753417969 0.0157938003540039 0.00558090209960938
-0.0370063781738281 0.0401878356933594 -0.0220260620117188 0.0886383056640625
0.0423240661621094 0.009124755859375 0.0148468017578125 -0.0970458984375
0.0165786743164062 -0.0282135009765625 -0.0165328979492187 -0.0159540176391602
-0.0143337249755859 -0.0250110626220703 0.0333328247070313 0.0187854766845703
-0.0247344970703125 0.00286102294921875 0.0611228942871094 -0.0182647705078125
-0.0133399963378906 0.0199909210205078 0.0410385131835938 -0.0585479736328125
0.00506401062011719 0.0201339721679688 -0.00247955322265625 -0.08160400390625
0.00452709197998047 0.0119333267211914 -0.0438919067382813 -0.0656890869140625
-0.000144004821777343 0.0108709335327148 -0.0474624633789062 -0.0476875305175781
-0.000285148620605469 0.0115118026733398 -0.0462608337402344 -0.0375289916992187
-0.00503730773925781 0.00528335571289063 -0.0354690551757813 -0.0436592102050781
-0.009521484375 -0.00615406036376953 -0.0314559936523437 -0.0474700927734375
-0.00367355346679688 -0.0229206085205078 -0.0231399536132813 -0.0589370727539063
0.0262985229492188 -0.0176830291748047 0.00163269042968751 -0.070526123046875
0.04632568359375 0.00397872924804688 -0.0137100219726562 -0.0885009765625
0.0476303100585937 0.0291213989257812 -0.0263900756835937 -0.112342834472656
0.0468368530273438 0.0563697814941406 0.0272598266601563 -0.0905532836914063
0.037078857421875 0.00788497924804688 -0.0118646621704102 -0.0122079849243164
0.0241794586181641 -0.0123672485351563 0.0396232604980469 0.0246963500976562
0.00444602966308594 -0.0099029541015625 0.0706329345703125 -0.014495849609375
5.48362731933595E-05 -0.00656938552856445 0.050537109375 -0.0601615905761719
-0.00113534927368164 -0.00503396987915039 0.00112152099609375 -0.083953857421875
-0.0108613967895508 -0.00892543792724609 -0.0425262451171875 -0.0657577514648438
-0.0133256912231445 -0.0141773223876953 -0.0444831848144531 -0.0453414916992188
-0.014531135559082 -0.0129756927490234 -0.0450477600097656 -0.0344314575195312
-0.0057220458984375 -0.0197525024414063 -0.0372238159179688 -0.0371665954589844
0.00784873962402344 -0.0274848937988281 -0.0330886840820313 -0.0415306091308594
0.0281925201416016 -0.02923583984375 -0.0281867980957031 -0.05584716796875
0.0566978454589844 0.00653076171875 -0.00342941284179687 -0.0636367797851563
0.0593719482421875 0.0402107238769531 -0.0164794921875 -0.0782241821289063
0.0484771728515625 0.0766448974609375 -0.0241775512695312 -0.0950469970703125
0.0403594970703125 0.0977249145507813 0.0387306213378906 -0.0687789916992188
0.0489349365234375 0.0490798950195312 -0.00625896453857422 0.000213146209716799
0.0627975463867188 0.0101966857910156 0.0439872741699219 0.0374183654785156
0.0392074584960937 -0.0178565979003906 0.0784225463867188 -0.0031280517578125
0.0192642211914062 -0.0324668884277344 0.0604515075683594 -0.0525779724121094
-0.00387763977050781 -0.0315647125244141 0.0085906982421875 -0.0772018432617188
-0.0243930816650391 -0.0304279327392578 -0.0348968505859375 -0.0578842163085938
-0.0258369445800781 -0.0375480651855469 -0.0342941284179688 -0.0361824035644531
-0.0291919708251953 -0.0347518920898438 -0.0372085571289063 -0.0236930847167969
-0.00995254516601563 -0.0414047241210938 -0.0361557006835938 -0.0216903686523438
0.0168304443359375 -0.0489234924316406 -0.0360565185546875 -0.0279808044433594
0.0503501892089844 -0.0406761169433594 -0.0361595153808594 -0.0471649169921875
0.0833969116210938 0.0184555053710938 -0.0105400085449219 -0.0554733276367187
0.0716094970703125 0.06402587890625 -0.0152397155761719 -0.0644149780273438
0.0477294921875 0.11090087890625 -0.0208816528320312 -0.0651512145996094
0.0252532958984375 0.124183654785156 0.0467948913574219 -0.0330696105957031
0.0485916137695312 0.0857620239257813 -0.000202178955078124 0.0213680267333984
0.0908279418945313 0.0375442504882813 0.0424079895019531 0.052825927734375
0.0713119506835938 -0.0173263549804688 0.0795440673828125 0.0150375366210937
0.0410881042480469 -0.0508689880371094 0.0664253234863281 -0.0350990295410156
-0.00209808349609375 -0.0543327331542969 0.0168190002441406 -0.0604400634765625
-0.0320587158203125 -0.0483589172363281 -0.0213508605957031 -0.0432319641113281
-0.0343399047851563 -0.0558700561523438 -0.0198841094970703 -0.0213966369628906
-0.0408287048339844 -0.0503921508789063 -0.0244464874267578 -0.00739097595214844
-0.0163116455078125 -0.0561981201171875 -0.0301628112792969 -0.0016002655029297
0.0181503295898438 -0.0648918151855469 -0.0350189208984375 -0.0105819702148438
0.0614356994628906 -0.0510444641113281 -0.0416755676269531 -0.0339164733886719
0.100212097167969 0.0219802856445313 -0.0156059265136719 -0.0459823608398438
0.0780868530273438 0.0762252807617188 -0.00878524780273437 -0.04901123046875
0.0426177978515625 0.127914428710937 -0.0162220001220703 -0.0288066864013672
0.00463104248046876 0.127914428710938 0.0480079650878906 0.0111427307128906
0.0341262817382813 0.106735229492188 0.00353240966796875 0.0466423034667969
0.0980148315429688 0.0640640258789063 0.0353469848632813 0.0667304992675781
0.0900344848632813 -0.006683349609375 0.0712661743164063 0.0349807739257813
0.0588607788085938 -0.0565872192382813 0.0651130676269531 -0.0111923217773438
0.00278091430664063 -0.0680923461914063 0.0239753723144531 -0.0352439880371094
-0.0341873168945313 -0.0584716796875 -0.00491714477539063 -0.0231494903564453
-0.0375175476074219 -0.0650444030761719 -0.0028533935546875 -0.00390958786010743
-0.0470161437988281 -0.0584335327148438 -0.00744915008544922 0.0104150772094727
-0.0207443237304688 -0.063385009765625 -0.0199451446533203 0.0201263427734375
0.0178070068359375 -0.072418212890625 -0.0320854187011719 0.00782585144042969
0.0646247863769531 -0.0534172058105469 -0.0426406860351562 -0.0194358825683594
0.102439880371094 0.0255126953125 -0.0183792114257812 -0.035797119140625
0.072174072265625 0.0805740356445313 0.00182151794433594 -0.0336551666259766
0.0289840698242187 0.12689208984375 -0.010162353515625 0.00915813446044923
-0.0158233642578125 0.108291625976563 0.0446014404296875 0.0539283752441406
0.0109405517578125 0.104080200195313 0.00590133666992188 0.0698814392089844
0.0809860229492188 0.0775909423828125 0.0233535766601562 0.074859619140625
0.0879058837890625 0.00787353515625 0.0553741455078125 0.0504875183105469
0.0645027160644531 -0.0490303039550781 0.0554542541503906 0.0129013061523437
0.00754928588867188 -0.0689277648925781 0.0280742645263672 -0.00716781616210938
-0.0310707092285156 -0.0592613220214844 0.0118904113769531 -0.000874519348144535
-0.0352973937988281 -0.0648956298828125 0.0146646499633789 0.0134296417236328
-0.0461807250976563 -0.0588760375976562 0.00981330871582031 0.0279445648193359
-0.0205039978027344 -0.0624465942382813 -0.00906753540039063 0.0394401550292969
0.0177078247070312 -0.0703582763671875 -0.0275459289550781 0.0242996215820312
0.0624465942382813 -0.0476760864257813 -0.0412826538085937 -0.0054473876953125
0.09259033203125 0.0315780639648437 -0.0198307037353516 -0.0259456634521484
0.0547943115234375 0.0803756713867188 0.0113468170166016 -0.0193195343017578
0.00965118408203124 0.110946655273438 -0.00683212280273438 0.0434112548828125
-0.0310287475585938 0.0679855346679688 0.0368576049804688 0.0880889892578125
-0.0105667114257813 0.0786895751953125 0.007171630859375 0.0869522094726562
0.04998779296875 0.072021484375 0.0120773315429688 0.0751953125
0.0677719116210938 0.0178413391113281 0.0376853942871094 0.0586967468261719
0.0552902221679688 -0.033599853515625 0.0418815612792969 0.0310935974121094
0.00954055786132812 -0.0565643310546875 0.0291652679443359 0.0177650451660156
-0.0232086181640625 -0.0494117736816406 0.027069091796875 0.0186939239501953
-0.0277137756347656 -0.0544509887695313 0.0299186706542969 0.0285282135009766
-0.0382919311523438 -0.0518531799316406 0.0254478454589844 0.0434074401855469
-0.0165176391601562 -0.0548591613769531 0.000679016113281249 0.0570106506347656
0.0179061889648438 -0.0603713989257813 -0.0252761840820312 0.0395584106445312
0.0562286376953125 -0.0349082946777344 -0.0417442321777344 0.00707626342773438
0.0736236572265625 0.0371627807617188 -0.0228939056396484 -0.0186710357666016
0.0303115844726563 0.0735397338867188 0.0170755386352539 -0.00635242462158203
-0.0137863159179687 0.0816116333007813 -0.0089263916015625 0.0708999633789063
-0.0407600402832031 0.0164642333984375 0.0310592651367187 0.104759216308594
-0.0284500122070313 0.0396995544433594 0.0101776123046875 0.0928573608398438
0.0144157409667969 0.0498504638671875 0.00450134277343749 0.0705947875976563
0.0358963012695313 0.0202064514160156 0.0244255065917969 0.0608634948730469
0.0350170135498047 -0.0143527984619141 0.0307235717773437 0.0418205261230469
0.00844573974609375 -0.0352325439453125 0.0306205749511719 0.0343647003173828
-0.0130290985107422 -0.0318756103515625 0.0386810302734375 0.0319557189941406
-0.0167808532714844 -0.0365142822265625 0.04107666015625 0.0384674072265625
-0.0250396728515625 -0.0378532409667969 0.0368690490722656 0.0558624267578125
-0.00966262817382813 -0.0411300659179688 0.00601196289062501 0.070343017578125
0.0175361633300781 -0.0441017150878906 -0.0263595581054688 0.0518836975097656
0.0445556640625 -0.020233154296875 -0.0441436767578125 0.0166740417480469
0.0473251342773438 0.0380783081054688 -0.0285377502441406 -0.0145397186279297
0.00295257568359375 0.0585899353027344 0.0159568786621094 0.0037078857421875
-0.0350112915039063 0.0411376953125 -0.0189285278320313 0.0890579223632813
0.0423393249511719 0.00822830200195313 0.0123672485351562 -0.0952301025390625
0.0158023834228516 -0.0284023284912109 -0.0169239044189453 -0.0140390396118164
-0.0159053802490234 -0.0247020721435547 0.0327816009521484 0.0187587738037109
-0.0240154266357422 0.0038299560546875 0.0600967407226562 -0.01861572265625
-0.0124607086181641 0.0199947357177734 0.0398216247558594 -0.058807373046875
0.00558280944824219 0.0195198059082031 -0.00443267822265626 -0.0804519653320313
0.00563144683837891 0.0114727020263672 -0.0447769165039062 -0.0630569458007812
0.000665664672851563 0.0103788375854492 -0.0486488342285156 -0.0451164245605469
0.000372886657714844 0.0105600357055664 -0.0465011596679688 -0.0352287292480469
-0.00468158721923828 0.00533628463745117 -0.0363540649414063 -0.04217529296875
-0.00917625427246094 -0.00522708892822265 -0.0324211120605469 -0.0466690063476563
-0.00463485717773437 -0.0219459533691406 -0.0234603881835938 -0.057861328125
0.0259819030761719 -0.0184097290039063 0.00136184692382813 -0.0697898864746094
0.0455513000488281 0.00248336791992188 -0.0142974853515625 -0.086578369140625
0.0474967956542969 0.0275192260742187 -0.0272750854492187 -0.109077453613281
0.0478515625 0.053924560546875 0.0247650146484375 -0.0884323120117188
0.0366897583007813 0.00673294067382812 -0.0124578475952148 -0.0107307434082031
0.0229206085205078 -0.0122928619384766 0.0394172668457031 0.0250358581542969
0.00391101837158203 -0.00935649871826172 0.0700263977050781 -0.0149383544921875
0.000262737274169922 -0.00604581832885742 0.0493316650390625 -0.0606842041015625
-0.000914096832275391 -0.00461912155151367 -0.000473022460937505 -0.0829544067382813
-0.0105485916137695 -0.00870990753173828 -0.0433616638183594 -0.0632896423339844
-0.0135135650634766 -0.013819694519043 -0.04498291015625 -0.0431976318359375
-0.014256477355957 -0.012420654296875 -0.0455169677734375 -0.0325088500976562
-0.00520515441894531 -0.0191287994384766 -0.0379791259765625 -0.0357933044433594
0.00713920593261719 -0.0269718170166016 -0.0342864990234375 -0.0405426025390625
0.0262260437011719 -0.0290946960449219 -0.0293617248535156 -0.0547943115234375
0.0559959411621094 0.00483322143554688 -0.00324630737304687 -0.0629119873046875
0.0593376159667969 0.0375404357910156 -0.016998291015625 -0.0763778686523438
0.0496597290039063 0.0741424560546875 -0.0253143310546875 -0.09197998046875
0.0420150756835938 0.0952224731445313 0.0362625122070312 -0.0674285888671875
0.0493621826171875 0.0471305847167969 -0.00703001022338867 0.00178623199462891
0.0615997314453125 0.00786972045898438 0.0437278747558594 0.0374336242675781
0.0377273559570313 -0.0179557800292969 0.0778121948242188 -0.00376129150390625
0.018218994140625 -0.0318527221679688 0.0593795776367188 -0.0531997680664063
-0.00409126281738281 -0.0306682586669922 0.00696563720703125 -0.0765228271484375
-0.0240345001220703 -0.0292110443115234 -0.0358047485351563 -0.0561447143554687
-0.0266342163085938 -0.0365676879882813 -0.0354766845703125 -0.034637451171875
-0.0296096801757813 -0.0332546234130859 -0.0381317138671875 -0.0217742919921875
-0.0101165771484375 -0.0400657653808594 -0.0363540649414063 -0.0205574035644531
0.0159645080566406 -0.0482711791992188 -0.037078857421875 -0.027862548828125
0.0483207702636719 -0.0408706665039062 -0.0372734069824219 -0.0458297729492187
0.0827560424804687 0.0157470703125 -0.0103645324707031 -0.0555038452148438
0.0723342895507813 0.0611038208007813 -0.0156364440917969 -0.0626220703125
0.0492095947265625 0.107337951660156 -0.0218963623046875 -0.0627365112304688
0.0277786254882812 0.12127685546875 0.0450439453125 -0.0327796936035156
0.0497589111328125 0.082733154296875 -0.000957489013671873 0.0222434997558594
0.090179443359375 0.0341339111328125 0.04248046875 0.0525970458984375
0.0693778991699219 -0.0182456970214844 0.0788421630859375 0.0138626098632812
0.0392189025878906 -0.0511322021484375 0.0662040710449219 -0.035919189453125
-0.00327301025390625 -0.0534019470214844 0.0158309936523438 -0.0603370666503906
-0.0320968627929688 -0.0464668273925781 -0.0219764709472656 -0.0419578552246094
-0.0353813171386719 -0.0536270141601563 -0.0206089019775391 -0.0207786560058594
-0.0415000915527344 -0.048004150390625 -0.0250396728515625 -0.00682640075683594
-0.0170059204101563 -0.0544013977050781 -0.0301342010498047 -0.000967025756835942
0.0169486999511719 -0.0640525817871094 -0.0362281799316406 -0.0102348327636719
0.0588455200195313 -0.0514106750488281 -0.0422744750976562 -0.0329360961914062
0.0989761352539062 0.0190505981445312 -0.0157890319824219 -0.0460357666015625
0.0782928466796875 0.0724868774414062 -0.00914382934570312 -0.0484542846679687
0.0449752807617187 0.1243896484375 -0.0165958404541016 -0.0273246765136719
0.00720214843750001 0.125869750976563 0.0469703674316406 0.0106544494628906
0.0361557006835938 0.103981018066406 0.00353240966796875 0.0466041564941406
0.0974502563476563 0.0595321655273438 0.0353126525878906 0.0659980773925781
0.0883712768554687 -0.0081634521484375 0.0711898803710938 0.0336837768554688
0.0563774108886719 -0.0567169189453125 0.0652351379394531 -0.012603759765625
0.00122451782226562 -0.0666961669921875 0.0235176086425781 -0.0353546142578125
-0.0345573425292969 -0.0567245483398438 -0.00500679016113282 -0.0223579406738281
-0.0389823913574219 -0.0624313354492188 -0.00288176536560059 -0.00423693656921387
-0.0476417541503906 -0.0556678771972656 -0.00799083709716797 0.0103998184204102
-0.0216751098632813 -0.0610771179199219 -0.0198955535888672 0.0198917388916016
0.0161361694335937 -0.0711746215820313 -0.0323543548583984 0.00747489929199219
0.0624008178710938 -0.054046630859375 -0.0433082580566406 -0.0185394287109375
0.101478576660156 0.0227432250976563 -0.0181083679199219 -0.0364189147949219
0.0725936889648438 0.0777359008789063 0.00143432617187501 -0.0337333679199219
0.0316238403320313 0.123542785644531 -0.00986862182617187 0.00933456420898438
-0.0137863159179687 0.106887817382813 0.0443344116210938 0.0528640747070313
0.01300048828125 0.101982116699219 0.00604248046875001 0.0692481994628906
0.0814208984375 0.0741653442382813 0.0236282348632813 0.0742568969726563
0.0868682861328125 0.00637054443359375 0.0555496215820313 0.0491600036621094
0.0622825622558594 -0.049652099609375 0.05615234375 0.0115013122558594
0.0062255859375 -0.06787109375 0.0281715393066406 -0.00801277160644532
-0.0312271118164063 -0.057098388671875 0.0115728378295898 -0.00134944915771485
-0.0367546081542969 -0.0621070861816406 0.0142230987548828 0.0122299194335937
-0.0471343994140625 -0.0562324523925781 0.00966644287109375 0.0273151397705078
-0.0214920043945313 -0.0606460571289062 -0.00818252563476563 0.03900146484375
0.0156097412109375 -0.0691947937011719 -0.0278205871582031 0.0241146087646484
0.0602951049804687 -0.0479927062988281 -0.0420684814453125 -0.00450515747070312
0.0921554565429688 0.0282669067382812 -0.0198993682861328 -0.02679443359375
0.055633544921875 0.077972412109375 0.010986328125 -0.0199298858642578
0.0113983154296875 0.1080322265625 -0.0062713623046875 0.04296875
-0.0294380187988281 0.0676994323730469 0.0372467041015625 0.0854873657226563
-0.0088958740234375 0.077850341796875 0.00780487060546874 0.0855789184570313
0.0508842468261719 0.0694007873535156 0.0127105712890625 0.0745620727539063
0.0669479370117188 0.0161514282226563 0.03802490234375 0.0576553344726563
0.0540313720703125 -0.0343284606933594 0.0425758361816406 0.0298614501953125
0.00797653198242187 -0.0556907653808594 0.0302543640136719 0.0172290802001953
-0.0240097045898437 -0.0475502014160156 0.0273857116699219 0.01763916015625
-0.0290908813476562 -0.052490234375 0.0302524566650391 0.0262317657470703
-0.0388069152832031 -0.0496597290039063 0.0260276794433594 0.0414352416992188
-0.0172500610351562 -0.0535354614257813 0.00165557861328124 0.0555076599121094
0.0165443420410156 -0.0594711303710938 -0.024993896484375 0.0390205383300781
0.0545730590820313 -0.0361213684082031 -0.0415916442871094 0.0072021484375
0.0735931396484375 0.0337066650390625 -0.0226554870605469 -0.0194015502929687
0.0316543579101562 0.07196044921875 0.0165882110595703 -0.00778484344482421
-0.0118942260742188 0.080047607421875 -0.00823974609374999 0.0697402954101563
-0.0401611328125 0.0175666809082031 0.0321502685546875 0.101898193359375
-0.0271148681640625 0.0396156311035156 0.0108795166015625 0.0905990600585938
0.0155715942382812 0.0482749938964844 0.00506973266601563 0.0699920654296875
0.0361480712890625 0.019195556640625 0.0250473022460938 0.0603408813476563
0.0340747833251953 -0.0154552459716797 0.0317573547363281 0.041015625
0.00729560852050781 -0.0350303649902344 0.0320529937744141 0.0328369140625
-0.0137729644775391 -0.0308418273925781 0.0390739440917969 0.03021240234375
-0.0180530548095703 -0.0351238250732422 0.0407524108886719 0.036041259765625
-0.0257072448730469 -0.0364112854003906 0.0369834899902344 0.053253173828125
-0.0100555419921875 -0.0401992797851563 0.00720596313476562 0.0690498352050781
0.0157279968261719 -0.0440521240234375 -0.0259857177734375 0.0513267517089844
0.0432624816894531 -0.0211906433105469 -0.0443229675292969 0.0164146423339844
0.0479965209960937 0.0360336303710938 -0.0281391143798828 -0.0149974822998047
0.00422286987304687 0.0578727722167969 0.0157737731933594 0.00231742858886719
-0.0338172912597656 0.0413818359375 -0.0169677734375 0.0874481201171875
0.0428123474121094 0.00796890258789062 0.01239013671875 -0.094512939453125
0.0150661468505859 -0.0282974243164063 -0.0171136856079102 -0.0128622055053711
-0.0161190032958984 -0.0244197845458984 0.0326213836669922 0.0197105407714844
-0.0237274169921875 0.0039520263671875 0.0604820251464844 -0.0178451538085938
-0.0120811462402344 0.0207958221435547 0.0407791137695313 -0.0586662292480469
0.00608444213867187 0.0190639495849609 -0.00345611572265625 -0.081146240234375
0.00574016571044922 0.0110950469970703 -0.0453720092773438 -0.0623741149902344
0.000568389892578125 0.0107078552246094 -0.0484771728515625 -0.0435562133789062
0.000776290893554688 0.0104913711547852 -0.0462074279785156 -0.0345306396484375
-0.0040740966796875 0.00472497940063476 -0.0369224548339844 -0.0422134399414062
-0.00918006896972656 -0.0053091049194336 -0.0330390930175781 -0.0471153259277344
-0.00495529174804687 -0.0217113494873047 -0.0231399536132813 -0.0583305358886719
0.0258007049560547 -0.0186595916748047 0.00300216674804687 -0.0697441101074219
0.0456314086914063 0.0018463134765625 -0.0130386352539062 -0.0857086181640625
0.0471649169921875 0.0270729064941406 -0.0263442993164062 -0.107498168945313
0.0478477478027344 0.0538368225097656 0.0246353149414063 -0.0874099731445313
0.0362739562988281 0.00595855712890625 -0.012639045715332 -0.00901317596435547
0.0221900939941406 -0.0131950378417969 0.0390777587890625 0.0258255004882812
0.00398635864257812 -0.00903701782226563 0.0703277587890625 -0.0144805908203125
-0.000196456909179687 -0.00553798675537109 0.050018310546875 -0.06036376953125
-0.000457763671875 -0.00457000732421875 -9.918212890625E-05 -0.0828094482421875
-0.0101804733276367 -0.00856781005859375 -0.0440025329589844 -0.0626258850097656
-0.0137748718261719 -0.013401985168457 -0.0455131530761719 -0.0420036315917969
-0.0140352249145508 -0.0127782821655273 -0.0455284118652344 -0.0313682556152344
-0.00483322143554687 -0.0193309783935547 -0.0384445190429688 -0.0356788635253906
0.0074462890625 -0.0266208648681641 -0.0352859497070313 -0.0413360595703125
0.0257625579833984 -0.0281276702880859 -0.0292701721191406 -0.0548973083496094
0.0555801391601563 0.00437164306640625 -0.00218963623046874 -0.063720703125
0.0585556030273438 0.0370750427246094 -0.0157852172851563 -0.0752410888671875
0.049774169921875 0.0735855102539063 -0.0242919921875 -0.0909347534179688
0.0427627563476562 0.0937042236328125 0.0359344482421875 -0.0665168762207031
0.0493392944335938 0.04620361328125 -0.00778341293334961 0.00338172912597656
0.0607681274414063 0.00724029541015625 0.0431365966796875 0.0384864807128906
0.0374794006347656 -0.0176353454589844 0.0780487060546875 -0.00351715087890625
0.0177078247070313 -0.0310211181640625 0.0601005554199219 -0.0534553527832031
-0.003692626953125 -0.0300731658935547 0.0068359375 -0.07666015625
-0.0234851837158203 -0.0288906097412109 -0.0358772277832031 -0.0556869506835937
-0.0269088745117188 -0.0360641479492188 -0.0355873107910156 -0.0339164733886719
-0.0290985107421875 -0.0328903198242188 -0.0382156372070313 -0.0209884643554687
-0.009796142578125 -0.0398292541503906 -0.03692626953125 -0.0207061767578125
0.0158653259277344 -0.0477371215820313 -0.0381622314453125 -0.0283164978027344
0.0478363037109375 -0.0400886535644531 -0.0374641418457031 -0.0462379455566406
0.08197021484375 0.01519775390625 -0.00938415527343749 -0.0563240051269531
0.0715103149414063 0.0599746704101563 -0.014892578125 -0.0623435974121094
0.0492401123046875 0.1068115234375 -0.0210990905761719 -0.061553955078125
0.0282516479492187 0.12060546875 0.0443840026855469 -0.0318794250488281
0.0497055053710938 0.081787109375 -0.00166511535644531 0.0232925415039063
0.0896530151367188 0.0329132080078125 0.0412673950195313 0.0531692504882813
0.0685806274414062 -0.0176887512207031 0.0791778564453125 0.0148544311523437
0.0383720397949219 -0.0503501892089844 0.0668754577636719 -0.0362892150878906
-0.002593994140625 -0.0524482727050781 0.0160789489746094 -0.0602798461914063
-0.0317497253417969 -0.0456314086914063 -0.0218429565429688 -0.0416450500488281
-0.0360794067382813 -0.05279541015625 -0.0211238861083984 -0.0206069946289063
-0.0411872863769531 -0.04730224609375 -0.0257396697998047 -0.00626754760742188
-0.0164146423339844 -0.0538825988769531 -0.0305843353271484 -0.000850677490234381
0.017333984375 -0.0634346008300781 -0.0372238159179688 -0.0108489990234375
0.0586471557617188 -0.0509033203125 -0.0433502197265625 -0.0329475402832031
0.0986785888671875 0.0178298950195313 -0.0152053833007812 -0.0469627380371094
0.0780029296875 0.0722122192382813 -0.0087127685546875 -0.0484085083007812
0.0449066162109375 0.123016357421875 -0.0160045623779297 -0.0264911651611328
0.00727844238281249 0.124992370605469 0.0462722778320313 0.01129150390625
0.0361480712890625 0.102737426757813 0.00234222412109375 0.0474853515625
0.0971450805664063 0.058380126953125 0.0337562561035156 0.0669288635253906
0.0874710083007813 -0.00794219970703125 0.0710220336914062 0.0342864990234375
0.0553054809570312 -0.0565986633300781 0.0659027099609375 -0.01251220703125
0.00162506103515625 -0.0660858154296875 0.0239601135253906 -0.0358810424804688
-0.0343284606933594 -0.0557746887207031 -0.00513839721679688 -0.0223426818847656
-0.0398178100585937 -0.0618858337402344 -0.00405073165893555 -0.00416088104248047
-0.0475273132324219 -0.0545310974121094 -0.00850009918212891 0.0106353759765625
-0.0211334228515625 -0.0606613159179688 -0.0199470520019531 0.0198574066162109
0.0155181884765625 -0.0706863403320313 -0.0336227416992188 0.00763702392578124
0.0613899230957031 -0.0535087585449219 -0.0443649291992187 -0.0186538696289063
0.100601196289062 0.0211715698242187 -0.01763916015625 -0.0375099182128906
0.072540283203125 0.0763778686523438 0.00146865844726563 -0.0341205596923828
0.0316238403320313 0.122512817382812 -0.00994300842285156 0.00962638854980469
-0.013641357421875 0.106498718261719 0.0431289672851563 0.0527114868164063
0.0131759643554688 0.10113525390625 0.00453948974609374 0.0697975158691406
0.08148193359375 0.072784423828125 0.0225906372070313 0.07427978515625
0.086517333984375 0.0064849853515625 0.0554351806640625 0.0498847961425781
0.0616264343261719 -0.0494728088378906 0.0565261840820313 0.0113372802734375
0.00593948364257813 -0.0668296813964844 0.0289726257324219 -0.00811195373535157
-0.0312652587890625 -0.0563468933105469 0.0119857788085937 -0.00171375274658203
-0.0374641418457031 -0.0613555908203125 0.01373291015625 0.0118398666381836
-0.047027587890625 -0.0550193786621094 0.00923728942871093 0.0269317626953125
-0.0211715698242188 -0.05950927734375 -0.00840377807617187 0.0387687683105469
0.0156478881835937 -0.0683212280273438 -0.0289459228515625 0.0234031677246094
0.0597496032714844 -0.0475692749023438 -0.0429229736328125 -0.00499343872070312
0.0916671752929688 0.0270614624023438 -0.0194911956787109 -0.0279159545898438
0.0553512573242187 0.0769729614257813 0.0105628967285156 -0.021148681640625
0.0115737915039063 0.107261657714844 -0.00645828247070312 0.0430908203125
-0.0291671752929687 0.0678749084472656 0.0366134643554687 0.0850296020507813
-0.0090179443359375 0.0772323608398438 0.00607299804687501 0.084991455078125
0.0511360168457031 0.068511962890625 0.0109786987304688 0.0750579833984375
0.0667343139648438 0.0163764953613281 0.0376625061035156 0.0583648681640625
0.0533523559570313 -0.0342903137207031 0.0432357788085938 0.0302276611328125
0.00775146484375 -0.0552024841308594 0.0310249328613281 0.0167503356933594
-0.0237388610839844 -0.0466842651367188 0.0276565551757812 0.0170497894287109
-0.0302314758300781 -0.0514678955078125 0.0293712615966797 0.0254936218261719
-0.0394935607910156 -0.0482711791992188 0.0255508422851562 0.0412139892578125
-0.0171737670898437 -0.0525169372558594 0.0017852783203125 0.0552406311035156
0.01605224609375 -0.0590476989746094 -0.0262603759765625 0.0390205383300781
0.0538749694824219 -0.0355567932128906 -0.0426979064941406 0.00674057006835938
0.0733642578125 0.0336532592773438 -0.0221881866455078 -0.0206947326660156
0.0313949584960937 0.0713424682617188 0.0162029266357422 -0.00893497467041015
-0.011871337890625 0.0790328979492188 -0.0085906982421875 0.0694007873535156
-0.0400123596191406 0.0176544189453125 0.031219482421875 0.101226806640625
-0.0272026062011719 0.0393905639648438 0.00929260253906251 0.089813232421875
0.0163192749023438 0.0482101440429688 0.00384140014648438 0.0701103210449219
0.0360870361328125 0.0190353393554688 0.0245475769042969 0.0606536865234375
0.0343494415283203 -0.01580810546875 0.0319557189941406 0.0414466857910156
0.00662422180175781 -0.0348777770996094 0.0328598022460938 0.0333042144775391
-0.0139789581298828 -0.0300979614257813 0.039642333984375 0.0293540954589844
-0.0184402465820313 -0.0345382690429688 0.0403976440429688 0.0349464416503906
-0.0263328552246094 -0.0354957580566406 0.0368576049804688 0.0524177551269531
-0.0107269287109375 -0.0399360656738281 0.0073394775390625 0.0682792663574219
0.0157585144042969 -0.0434188842773437 -0.0269508361816406 0.0508537292480469
0.0426292419433594 -0.0204696655273438 -0.0446586608886719 0.0159721374511719
0.0482826232910156 0.0352516174316406 -0.0278377532958984 -0.0156211853027344
0.00442886352539063 0.0575828552246094 0.0153293609619141 0.000662803649902347
-0.0341644287109375 0.0407829284667969 -0.0170822143554688 0.0864105224609375
0.0438003540039063 0.0082855224609375 0.0135421752929688 -0.0955886840820313
0.0150356292724609 -0.0289478302001953 -0.0174894332885742 -0.0123968124389648
-0.0171146392822266 -0.0246543884277344 0.0337657928466797 0.0212631225585938
-0.0242385864257812 0.00412750244140625 0.0625114440917969 -0.0173797607421875
-0.0118255615234375 0.0217208862304688 0.0421791076660156 -0.059906005859375
0.00644683837890625 0.0194759368896484 -0.0034332275390625 -0.0829315185546875
0.00564384460449219 0.0109643936157227 -0.0459365844726563 -0.0634117126464844
0.000775337219238281 0.0110769271850586 -0.0493888854980469 -0.043792724609375
0.000890731811523437 0.0103025436401367 -0.0467185974121094 -0.0346794128417969
-0.00419688224792481 0.00433731079101562 -0.0382308959960938 -0.0434989929199219
-0.00925445556640625 -0.00543594360351562 -0.0345573425292969 -0.0484619140625
-0.00524330139160156 -0.0209941864013672 -0.0233001708984375 -0.0605430603027344
0.0264644622802734 -0.0189266204833984 0.00501251220703125 -0.0718994140625
0.0456314086914063 0.00161361694335938 -0.011199951171875 -0.0863418579101563
0.0482978820800781 0.0279350280761719 -0.0250778198242187 -0.108474731445313
0.0487518310546875 0.0544662475585938 0.0257339477539063 -0.0879974365234375
0.0365562438964844 0.00601959228515625 -0.0131216049194336 -0.00832366943359375
0.0219097137451172 -0.0134105682373047 0.0396041870117188 0.0277976989746094
0.0039525032043457 -0.00862836837768555 0.0723876953125 -0.0137786865234375
-4.05311584472656E-05 -0.0046391487121582 0.0518798828125 -0.0616722106933594
3.29017639160152E-05 -0.00416874885559082 0.0003662109375 -0.0854415893554688
-0.00981235504150391 -0.00870418548583984 -0.0446205139160156 -0.0636024475097656
-0.0136032104492187 -0.0135555267333984 -0.0464210510253906 -0.0424346923828125
-0.0139312744140625 -0.0131759643554688 -0.0465316772460937 -0.0314826965332031
-0.00414466857910156 -0.0200042724609375 -0.0397529602050781 -0.0368461608886719
0.00775527954101563 -0.0268192291259766 -0.0368728637695312 -0.0429229736328125
0.0260353088378906 -0.0280666351318359 -0.0294418334960937 -0.0567665100097656
0.05633544921875 0.0045318603515625 -0.000431060791015626 -0.06549072265625
0.0589942932128906 0.0376968383789063 -0.0143966674804687 -0.0764083862304688
0.049835205078125 0.0748367309570313 -0.0233001708984375 -0.0914077758789062
0.0430526733398438 0.0954742431640625 0.0370903015136719 -0.0665779113769531
0.0492324829101563 0.0467796325683594 -0.00829792022705078 0.00510692596435547
0.0610580444335938 0.00690460205078125 0.0433731079101563 0.0406417846679688
0.0377960205078125 -0.0172080993652344 0.079833984375 -0.00186920166015625
0.0180225372314453 -0.0311355590820312 0.0623397827148437 -0.054443359375
-0.00305366516113281 -0.0302276611328125 0.007537841796875 -0.0785064697265625
-0.0233116149902344 -0.0293979644775391 -0.0361213684082031 -0.0564079284667969
-0.0269737243652344 -0.0363273620605469 -0.0369071960449219 -0.03411865234375
-0.0287837982177734 -0.0332832336425781 -0.0394096374511719 -0.0210227966308594
-0.00891113281250001 -0.0405502319335938 -0.0381355285644531 -0.0214691162109375
0.0167999267578125 -0.0483894348144531 -0.0393829345703125 -0.0294990539550781
0.0484542846679688 -0.0401153564453125 -0.0385589599609375 -0.0476226806640625
0.083221435546875 0.0154953002929688 -0.00817108154296875 -0.058837890625
0.07177734375 0.0611572265625 -0.0137062072753906 -0.063323974609375
0.0494384765625 0.108383178710938 -0.0204048156738281 -0.0619316101074219
0.0280609130859375 0.122383117675781 0.0453109741210938 -0.0309410095214844
0.049652099609375 0.0829925537109375 -0.00288581848144531 0.0254154205322266
0.090057373046875 0.0330810546875 0.0412826538085938 0.0559883117675781
0.0691757202148438 -0.0173530578613281 0.0810699462890625 0.016326904296875
0.0389595031738281 -0.0507278442382813 0.069366455078125 -0.0368766784667969
-0.00201034545898437 -0.0529747009277344 0.0168533325195313 -0.0620155334472656
-0.0315628051757813 -0.0465621948242188 -0.0219497680664062 -0.0425643920898438
-0.0368614196777344 -0.0532417297363281 -0.0222263336181641 -0.0206623077392578
-0.0414352416992188 -0.0478401184082031 -0.0265560150146484 -0.00594902038574218
-0.0156097412109375 -0.0543746948242188 -0.0315876007080078 -0.00137519836425782
0.0176162719726563 -0.0641441345214844 -0.0392303466796875 -0.0117530822753906
0.0593681335449219 -0.0511474609375 -0.04443359375 -0.0342750549316406
0.0998306274414063 0.018280029296875 -0.0143814086914062 -0.0496635437011719
0.0783004760742188 0.0735015869140625 -0.00782012939453124 -0.0494422912597656
0.0450210571289063 0.124717712402344 -0.0158367156982422 -0.0262908935546875
0.00687408447265626 0.127296447753906 0.0467300415039062 0.0119667053222656
0.0357666015625 0.103935241699219 0.000774383544921872 0.0496444702148438
0.0978469848632813 0.0590591430664063 0.0331001281738281 0.06964111328125
0.088714599609375 -0.006927490234375 0.0723953247070313 0.0362548828125
0.0566635131835938 -0.0567169189453125 0.0683059692382813 -0.01275634765625
0.00225067138671874 -0.0665168762207031 0.0252571105957031 -0.0368919372558594
-0.034149169921875 -0.0564308166503906 -0.00493431091308594 -0.0230522155761719
-0.0407867431640625 -0.0623359680175781 -0.00428485870361328 -0.00442123413085938
-0.0483818054199219 -0.0550155639648438 -0.0092153549194336 0.0109891891479492
-0.0204315185546875 -0.0610694885253906 -0.0204353332519531 0.0199775695800781
0.0166549682617188 -0.0708847045898438 -0.0361518859863281 0.00699615478515625
0.0624504089355469 -0.0539970397949219 -0.0459060668945312 -0.0192337036132812
0.102058410644531 0.0214004516601563 -0.0175132751464844 -0.0396766662597656
0.0729751586914063 0.077880859375 0.00229263305664063 -0.0354270935058594
0.0313034057617188 0.124382019042969 -0.00981426239013672 0.0103511810302734
-0.0144195556640625 0.108253479003906 0.0431671142578125 0.0541343688964844
0.0124664306640625 0.102821350097656 0.00258636474609375 0.0713958740234375
0.0823745727539063 0.0741424560546875 0.0211944580078125 0.077056884765625
0.0874862670898437 0.00792694091796875 0.0557060241699219 0.0519142150878906
0.0628776550292969 -0.0499839782714844 0.0589027404785156 0.012115478515625
0.00685882568359376 -0.0676193237304688 0.0302791595458984 -0.00836181640625
-0.0309600830078125 -0.0571174621582031 0.0123777389526367 -0.00156402587890625
-0.0384902954101562 -0.0621986389160156 0.013453483581543 0.0117712020874023
-0.0476036071777344 -0.0557975769042969 0.00874519348144531 0.0273284912109375
-0.0208816528320313 -0.0601654052734375 -0.00910186767578125 0.0391273498535156
0.0158424377441406 -0.0691299438476563 -0.03118896484375 0.0237274169921875
0.0606307983398437 -0.0476455688476562 -0.0445518493652344 -0.0055389404296875
0.0925445556640625 0.0275955200195312 -0.0194854736328125 -0.0302810668945313
0.0557785034179688 0.078643798828125 0.0110073089599609 -0.0224437713623047
0.0108108520507812 0.109107971191406 -0.00673294067382812 0.0439033508300781
-0.0302848815917969 0.0687026977539063 0.0363006591796875 0.0867691040039063
-0.00969696044921876 0.0781936645507813 0.00361633300781251 0.0869522094726563
0.0516357421875 0.0692291259765625 0.00935363769531251 0.0773468017578125
0.0679664611816406 0.0176811218261719 0.03790283203125 0.0601463317871094
0.0544090270996094 -0.0349540710449219 0.0446357727050781 0.0313491821289063
0.00789260864257813 -0.0564765930175781 0.0322208404541016 0.0169754028320312
-0.0238456726074219 -0.0475120544433594 0.0285682678222656 0.0174007415771484
-0.0307884216308594 -0.0522422790527344 0.0295143127441406 0.0255794525146484
-0.0399894714355469 -0.0485916137695312 0.0254135131835938 0.0415077209472656
-0.0170478820800781 -0.0532760620117188 0.00110626220703125 0.0560684204101563
0.0166816711425781 -0.0597305297851563 -0.0282211303710938 0.0391998291015625
0.0553779602050781 -0.0355300903320313 -0.0440483093261719 0.00664138793945312
0.0743255615234375 0.0340194702148438 -0.0223503112792969 -0.0224590301513672
0.0319061279296875 0.07232666015625 0.0164422988891602 -0.0101318359375
-0.0131149291992187 0.0804824829101563 -0.00920867919921875 0.0707626342773438
-0.0405120849609375 0.0181465148925781 0.0304794311523438 0.102615356445312
-0.0279197692871094 0.0402488708496094 0.00705718994140626 0.0911788940429688
0.0163688659667969 0.0485725402832031 0.00214385986328125 0.07275390625
0.0366706848144531 0.0197639465332031 0.0243301391601563 0.0624275207519531
0.0347976684570312 -0.0163135528564453 0.0334663391113281 0.0429000854492188
0.00696945190429687 -0.0358657836914063 0.0337944030761719 0.0339584350585938
-0.0141143798828125 -0.0305271148681641 0.0400772094726563 0.0296630859375
-0.0193557739257813 -0.0350246429443359 0.0408821105957031 0.0350456237792969
-0.0271148681640625 -0.0356483459472656 0.0373458862304687 0.0529708862304688
-0.0106887817382812 -0.0404243469238281 0.00714111328125 0.0689697265625
0.015655517578125 -0.0443077087402344 -0.0283050537109375 0.0517578125
0.0439529418945313 -0.02093505859375 -0.0467758178710937 0.0159912109375
0.0491180419921875 0.0359611511230469 -0.028076171875 -0.0174713134765625
0.00485992431640626 0.0587120056152344 0.0154037475585938 -0.000244140624999996
-0.0352973937988281 0.0414543151855469 -0.0191574096679687 0.0878448486328125
0.0458869934082031 0.0078582763671875 0.0136947631835937 -0.0987167358398438
0.0148754119873047 -0.0300483703613281 -0.0182666778564453 -0.0114841461181641
-0.01837158203125 -0.0255947113037109 0.0352592468261719 0.0227546691894531
-0.0249805450439453 0.00471305847167969 0.0652580261230469 -0.0174484252929688
-0.0120658874511719 0.0228462219238281 0.044219970703125 -0.0624656677246094
0.00742912292480469 0.0197353363037109 -0.00407409667968749 -0.0863571166992188
0.00623703002929688 0.0111160278320313 -0.0482521057128906 -0.0649490356445312
0.00146484375 0.0110979080200195 -0.0517234802246094 -0.0439224243164063
0.00133991241455078 0.0105018615722656 -0.0484390258789063 -0.0352554321289063
-0.00390100479125976 0.00450372695922852 -0.0405197143554687 -0.0445327758789063
-0.00967502593994141 -0.00504302978515625 -0.0371780395507813 -0.050140380859375
-0.00567817687988281 -0.021331787109375 -0.0245819091796875 -0.0628280639648438
0.0267162322998047 -0.0200328826904297 0.00616455078125001 -0.0757217407226563
0.0470123291015625 0.000850677490234375 -0.0111312866210937 -0.0886688232421875
0.0496902465820313 0.0283546447753906 -0.0247268676757813 -0.111396789550781
0.0512351989746094 0.0562324523925781 0.0262985229492188 -0.0906829833984375
0.0377197265625 0.0057830810546875 -0.0135564804077148 -0.00712776184082031
0.0219440460205078 -0.0143680572509766 0.0415878295898437 0.0301399230957031
0.00384759902954102 -0.00861597061157227 0.0759353637695313 -0.0142822265625
0.000186443328857422 -0.00431537628173828 0.0538558959960938 -0.0648536682128906
0.000697135925292969 -0.00428318977355957 -2.28881835937543E-05 -0.088592529296875
-0.0100793838500977 -0.0092315673828125 -0.0465202331542969 -0.06524658203125
-0.0144329071044922 -0.0135030746459961 -0.0487518310546875 -0.0424041748046875
-0.0138845443725586 -0.0132865905761719 -0.0487060546875 -0.0320091247558594
-0.0039825439453125 -0.0203990936279297 -0.0425071716308594 -0.0381851196289063
0.00827217102050781 -0.0277862548828125 -0.0393486022949219 -0.0446929931640625
0.0266056060791016 -0.0284881591796875 -0.0306930541992188 -0.0590057373046875
0.0584754943847656 0.00370407104492188 0.0011444091796875 -0.0689544677734375
0.0605506896972656 0.0383567810058594 -0.01422119140625 -0.0783309936523438
0.0520706176757812 0.07720947265625 -0.0236053466796875 -0.0936508178710938
0.0454025268554687 0.0985031127929688 0.0379447937011719 -0.0688133239746094
0.0514068603515625 0.0476799011230469 -0.00905609130859375 0.00661373138427735
0.0629348754882813 0.00623703002929687 0.0451316833496094 0.0431900024414063
0.0388603210449219 -0.0173492431640625 0.0838546752929688 -0.0020751953125
0.0185680389404297 -0.0315475463867188 0.0651512145996094 -0.0578346252441406
-0.00266838073730469 -0.0307941436767578 0.00726318359374999 -0.082183837890625
-0.0239753723144531 -0.0300350189208984 -0.037994384765625 -0.0580101013183594
-0.0289115905761719 -0.0368499755859375 -0.0393447875976563 -0.0342788696289062
-0.0302295684814453 -0.0341606140136719 -0.0416908264160156 -0.0210380554199219
-0.0087738037109375 -0.0414886474609375 -0.0404701232910156 -0.0224189758300781
0.0172386169433594 -0.0500946044921875 -0.0424537658691406 -0.0309295654296875
0.0493736267089844 -0.0411796569824219 -0.0408668518066406 -0.0493011474609375
0.0862808227539062 0.0148544311523437 -0.00773239135742187 -0.0624961853027344
0.0740203857421875 0.062469482421875 -0.0137825012207031 -0.0656089782714844
0.05206298828125 0.112327575683594 -0.0207481384277344 -0.0631484985351563
0.03033447265625 0.12640380859375 0.0467567443847656 -0.0320663452148437
0.0521392822265625 0.085174560546875 -0.00362968444824218 0.0274753570556641
0.0935897827148438 0.0327224731445313 0.0427742004394531 0.0595169067382813
0.0718307495117188 -0.017913818359375 0.0845184326171875 0.0171966552734375
0.0398597717285156 -0.0522270202636719 0.0730209350585938 -0.0395431518554688
-0.00201034545898438 -0.0543479919433594 0.0177574157714844 -0.0649185180664063
-0.0327796936035156 -0.0476913452148437 -0.0236282348632813 -0.0438995361328125
-0.0389213562011719 -0.0546226501464844 -0.0235538482666016 -0.0210895538330078
-0.0431365966796875 -0.0488624572753906 -0.0283927917480469 -0.00537300109863281
-0.0159759521484375 -0.0561904907226563 -0.0332317352294922 -0.00117874145507813
0.0180740356445312 -0.0660171508789062 -0.0422172546386719 -0.0123786926269531
0.0610198974609375 -0.0528717041015625 -0.0475616455078125 -0.035552978515625
0.103012084960938 0.0178070068359375 -0.0144882202148437 -0.0529861450195313
0.0813827514648438 0.074920654296875 -0.00773239135742187 -0.0516319274902344
0.0471725463867187 0.129020690917969 -0.0156593322753906 -0.0270919799804687
0.00827026367187501 0.131599426269531 0.0482330322265625 0.0129280090332031
0.03765869140625 0.107475280761719 0.000267028808593752 0.0529708862304688
0.102005004882813 0.059600830078125 0.03375244140625 0.0733718872070313
0.0921783447265625 -0.0072479248046875 0.075531005859375 0.0381927490234375
0.0578231811523437 -0.0592079162597656 0.07220458984375 -0.0142288208007813
0.0022125244140625 -0.0686759948730469 0.0263862609863281 -0.0390052795410156
-0.0354499816894531 -0.0579719543457031 -0.00508499145507813 -0.0238666534423828
-0.0432243347167969 -0.0636558532714844 -0.00483894348144532 -0.0042867660522461
-0.0500984191894531 -0.0561714172363281 -0.0104560852050781 0.0120077133178711
-0.0209770202636719 -0.0627555847167969 -0.0218124389648438 0.0204124450683594
0.0165634155273437 -0.073211669921875 -0.0384140014648438 0.00684738159179688
0.0641746520996094 -0.0558319091796875 -0.0488815307617187 -0.0197830200195313
0.105476379394531 0.0209884643554688 -0.0178260803222656 -0.0427169799804688
0.0755767822265625 0.0806884765625 0.00242996215820313 -0.0371894836425781
0.0333786010742188 0.128585815429688 -0.00994586944580078 0.0111665725708008
-0.01409912109375 0.112144470214844 0.0446052551269531 0.0557212829589844
0.0130538940429687 0.106025695800781 0.00164031982421875 0.0752105712890625
0.0854034423828125 0.0753936767578125 0.0211715698242188 0.08135986328125
0.090972900390625 0.0081024169921875 0.0582656860351563 0.0547752380371094
0.0647392272949219 -0.0525856018066406 0.0618858337402344 0.0120468139648437
0.00662994384765624 -0.0699653625488281 0.0321693420410156 -0.00882911682128907
-0.0327072143554687 -0.0587539672851563 0.0132331848144531 -0.00217628479003907
-0.0409431457519531 -0.0634613037109375 0.013493537902832 0.0118618011474609
-0.0496788024902344 -0.0562782287597656 0.00860023498535156 0.0285530090332031
-0.0218467712402344 -0.0616836547851562 -0.00949478149414063 0.04010009765625
0.0158767700195312 -0.071502685546875 -0.0336284637451172 0.0245819091796875
0.0625953674316406 -0.0496864318847656 -0.0475502014160156 -0.0055694580078125
0.0960845947265625 0.0276641845703125 -0.0205898284912109 -0.0326881408691406
0.0582199096679688 0.0805511474609375 0.0111789703369141 -0.0242824554443359
0.0117950439453125 0.1129150390625 -0.00680923461914062 0.0458106994628906
-0.0311050415039062 0.0718460083007813 0.0374298095703125 0.0896759033203125
-0.0101394653320312 0.0810623168945313 0.00296020507812501 0.090240478515625
0.0538406372070313 0.0711212158203125 0.00909423828125 0.0811538696289063
0.0709457397460938 0.0184707641601563 0.0392875671386719 0.0632438659667969
0.0558967590332031 -0.0368499755859375 0.0472679138183594 0.0324478149414063
0.0079498291015625 -0.0584449768066406 0.0348491668701172 0.0173606872558594
-0.0249404907226562 -0.0491256713867188 0.029815673828125 0.0171279907226562
-0.0327415466308594 -0.0530815124511719 0.0305900573730469 0.0261306762695312
-0.0421028137207031 -0.0489578247070313 0.0259819030761719 0.04327392578125
-0.0182266235351563 -0.054656982421875 0.000984191894531247 0.05780029296875
0.016632080078125 -0.0616950988769531 -0.0303230285644531 0.0411643981933594
0.0570793151855469 -0.03704833984375 -0.0470657348632813 0.00669097900390625
0.0769729614257812 0.0340042114257812 -0.02362060546875 -0.0244560241699219
0.0334243774414063 0.0749969482421875 0.0165920257568359 -0.0116796493530273
-0.0135574340820313 0.0833282470703125 -0.00968170166015625 0.07318115234375
-0.0421333312988281 0.0189094543457031 0.0309066772460937 0.105979919433594
-0.0287628173828125 0.0416831970214844 0.00608062744140625 0.094390869140625
0.0174713134765625 0.0495185852050781 0.00138092041015626 0.0760116577148438
0.0386543273925781 0.0202560424804688 0.0257148742675781 0.065826416015625
0.0358695983886719 -0.0174751281738281 0.0357284545898438 0.04443359375
0.00618743896484375 -0.0372772216796875 0.0366859436035156 0.0347938537597656
-0.0151939392089844 -0.0313014984130859 0.0423812866210938 0.0299186706542969
-0.0209083557128906 -0.0356330871582031 0.0422592163085938 0.03509521484375
-0.0284919738769531 -0.0359916687011719 0.038787841796875 0.054046630859375
-0.0115127563476562 -0.0413284301757813 0.0074615478515625 0.071258544921875
0.0157051086425781 -0.0459671020507813 -0.0303306579589844 0.0539817810058594
0.0456199645996094 -0.0213890075683594 -0.0489082336425781 0.0159111022949219
0.0514106750488281 0.0364456176757813 -0.0293827056884766 -0.0193233489990234
0.00565338134765625 0.0605545043945313 0.0156307220458984 -0.0019693374633789
-0.0369529724121094 0.043243408203125 -0.0194168090820313 0.0918350219726563
-0.0179894146371191 -0.0308453019522149 0.0895018452273383 -0.0387292018764356
-0.0329093864327256 0.00773152363984123 0.00431344673679717 -0.0164972442719669
-0.0144760978566582 0.0299902647869998 0.00408230252031113 0.0461107120475151
0.0171209260174394 0.0211555093481567 0.0517159417276749 0.0454963542155697
0.0226329318970238 -0.00221990605462612 0.082242300413769 0.00467302014417511
0.00955619704529233 -0.00962944389867488 0.0753825163712177 -0.0430179986091388
0.00945357069440577 -0.0077100289972781 0.0439341604531679 -0.071032538091875
0.0115326140713135 -0.00601625804829781 0.0167470846795906 -0.072864372969871
0.0103850226163074 -0.00350188009779328 0.0119221358645973 -0.0622569738150044
0.00890658983925616 0.00204169353668904 0.019417535200716 -0.0591623535943245
0.00410870030037474 0.0135728949508005 0.0310722329316639 -0.0616034962936904
-0.0130001923710071 0.0220720440223255 0.0513674075673493 -0.0526427343302579
-0.0359218555260431 0.00177530999693005 0.0692069164585478 -0.0324746018057347
-0.0273317998443066 -0.0315730412045488 0.0689098870527082 -0.0502208334400576
-5.78806663378666E-07 -0.04927947228002 0.0676138536615182 -0.0886758301310793
0.0173705819940769 -0.0616997443885431 0.083221768226421 -0.0262303810464529
-0.0178944432742872 -0.0345192478476264 -0.00693949229242089 -0.0107312189913342
-0.0302932141972845 -0.0110806805196913 -0.00671052053416208 0.0643342693925346
-0.0165630246741857 0.00478225799069757 0.0529894200956229 0.0664238967569757
-0.00766739323016933 0.00964206817785644 0.0936228373093011 0.0154187915526789
-0.00565113150738192 0.0110295927574307 0.0835196404058413 -0.0402304180054043
-0.000658567336534353 0.0177025548070768 0.0489497407217188 -0.0684609654851057
0.00289955009769449 0.0218981092108088 0.0193900710561816 -0.0696283719435239
-0.00116649993189138 0.0234926147577551 0.0122194667384746 -0.0601365575110876
-0.0115762360135724 0.0179310696016214 0.0153235828347613 -0.0545887839608092
-0.0252226163305854 0.0149728119510294 0.0250093633903515 -0.0574740291084196
-0.0391041142529903 -0.00271485200432404 0.0408797864022161 -0.0530177606529943
-0.0413986392955034 -0.0378203808322794 0.0565323516588586 -0.033495239117246
-0.00631720984176351 -0.0646573994267944 0.0553726819349484 -0.0519906377388222
0.0370498988238126 -0.0759209765674993 0.054236920297944 -0.081532476755839
0.0538807727960981 -0.081824862128368 0.0651122843719083 -0.00809037078995314
0.00761659044849837 -0.07435333586027 -0.026970291137928 -0.00309090830769323
-0.03848463251985 -0.0597655144080384 -0.0274972003902573 0.0820337135582562
-0.0504979818644295 -0.0207826199673477 0.0438776606294267 0.0907185831982529
-0.0432630366805796 0.0158372366589651 0.0973130356503372 0.0341853111784795
-0.0254318156782954 0.0298388812143397 0.0844372126419246 -0.0281736592191517
-0.0126927589004573 0.0414948068740642 0.0494484268969769 -0.055889229392324
-0.00587305358417052 0.0473742161357091 0.0193124436210462 -0.0568908965321853
-0.010428810963726 0.048988654419829 0.00756678276876448 -0.0480701010228287
-0.0257317039894101 0.0347592187099581 0.00442039682069864 -0.0431183162138701
-0.0480872346782784 0.0229528697646691 0.0112116197030666 -0.0506788175168675
-0.0649983851570002 -0.0160183669068966 0.0250850297099591 -0.0538628548971247
-0.0532351762815882 -0.0654431926562078 0.0434891839534679 -0.0358782746071798
0.00493335730149865 -0.0914769415739778 0.0415101088530657 -0.0470302283910975
0.0645457280214822 -0.0946218457532721 0.0318229397785067 -0.0650090103661709
0.0841183186624212 -0.0877502702966233 0.0351675831527356 0.0154156291481283
0.0373751478983803 -0.101118783892608 -0.0509122415025928 0.00735188101475259
-0.0335202030556337 -0.103820111736918 -0.0546163908825161 0.0918582946014422
-0.0745466306046215 -0.0516730734637315 0.0217862971379361 0.110243388212019
-0.0754828683787924 0.013357734120211 0.0868020575255052 0.0551186159464282
-0.0451513811304761 0.0422883216049808 0.0764260447670821 -0.00968639129286512
-0.0248644464771323 0.0578869833704711 0.0439266217710026 -0.0351679686073588
-0.0131865261959488 0.0655406266749409 0.0155130171553872 -0.0355203421901227
-0.0160526127800195 0.0676004093232526 0.000596007587631123 -0.0286961225150165
-0.0331083276938648 0.0485376140327847 -0.00817212024325689 -0.0255513842801066
-0.0608254480122878 0.0326523360006978 -0.0051947523936376 -0.0394698107816109
-0.0816730407088306 -0.0191545101254588 0.00778013194042405 -0.0505495642878678
-0.0628085215882401 -0.0799254773732073 0.0304574613851861 -0.0358360828005713
0.00978551568435116 -0.104725075226774 0.0306175340130548 -0.0362522154045344
0.0800791772108245 -0.100519607731959 0.00633921820527572 -0.0416907535661912
0.0995201186239136 -0.0780961059110487 -0.00215113064250701 0.0387700508719792
0.0650101883097217 -0.105830380339971 -0.0750053002198113 0.0172666590848082
-0.0149910628711294 -0.128793439516795 -0.0806900969790038 0.0899847981372031
-0.0788527885557587 -0.0797131936202488 -0.00795994393239539 0.116184984828126
-0.0950397326782317 0.0027962946937292 0.0630587358981533 0.0723094471392998
-0.059474065151678 0.0453553610783493 0.0582957617149848 0.0119978413686928
-0.033954534354031 0.0649156735207092 0.0321803513294855 -0.00932172430788505
-0.0188000762028917 0.0737934577475633 0.00894976192725374 -0.00867535626705765
-0.0190926547346341 0.0767255983676004 -0.00735807443084828 -0.00409497928393198
-0.0363701918315496 0.0560941075163902 -0.0205446678065266 -0.00464220683892972
-0.0654141928306408 0.0376400886811139 -0.0212849949751617 -0.0256858272544944
-0.0862914991052025 -0.0211255942563146 -0.00804306235820059 -0.0439099141145179
-0.062517717040499 -0.0844447788987814 0.0187061364579976 -0.0337881005022604
0.0172083377600931 -0.104618014037283 0.0236646293898673 -0.021545087650446
0.0864856408679114 -0.0910005549066442 -0.0187463795561024 -0.0142460153164379
0.0947551559596166 -0.0538456926436374 -0.0373124911755403 0.0591178753621064
0.0793681280435925 -0.0863794226819104 -0.0916128767318047 0.0260216902500198
0.00961248975406239 -0.125564872769812 -0.0969618706853387 0.0753267401994286
-0.0633962323924698 -0.0916050306242258 -0.0365850410582974 0.106275970335221
-0.0945070335950296 -0.0103512833125765 0.0308231266559799 0.0787443507398378
-0.0631138469598335 0.039499671786849 0.0332844974767566 0.0316432163015372
-0.0373874800962569 0.0614030235882743 0.0173111735936303 0.0167558233774585
-0.0212412847025745 0.0713271558392936 0.00218089326073776 0.0179666257746581
-0.0201814477388196 0.0750819657185417 -0.0150181161000142 0.0209121369351076
-0.0362776283525367 0.054946916537583 -0.0320308783103976 0.0158683925773236
-0.0634131487143421 0.0357861660281811 -0.0357500717992292 -0.0121492169053836
-0.0800128500289689 -0.0243121215131227 -0.0214639130794511 -0.0360833916640822
-0.0508414095903654 -0.0835481275640245 0.00874750538400062 -0.0311313510368186
0.0268405028651514 -0.0919913467344969 0.0180131887481384 -0.00835229250480647
0.0842147100720417 -0.0674254817984932 -0.0419050506910126 0.0105484976075944
0.0709786627513294 -0.0223028430355574 -0.0647503551536631 0.0727208353851311
0.0733166053207654 -0.0524499945345331 -0.0989024953769125 0.0338225195362721
0.0259285568152593 -0.0965300393673142 -0.0993107303145552 0.0566734108332031
-0.0387385091951408 -0.0819777695006949 -0.0544518376448513 0.0861935682862954
-0.0751870724258217 -0.0173366949155773 0.000890323981023664 0.0748174227679498
-0.0543818965207935 0.029001218615827 0.00786856438801531 0.0453079134360612
-0.0328715762532112 0.0482677240829823 0.00264508523888654 0.039336963296274
-0.020186878253558 0.0579121828838047 -0.00451920169353722 0.0418387498437615
-0.0192784106268786 0.0626059629828363 -0.0224523614116353 0.0438271518764361
-0.0333493924445318 0.0470926849506185 -0.0431798211729359 0.0328873125340778
-0.0563902270163011 0.0283509810256101 -0.0507051709983727 -0.00159202160960839
-0.0655416059450573 -0.027938695857632 -0.0336560192857352 -0.0316595481567369
-0.0322173090646287 -0.0760887864104956 0.000727953873378531 -0.0314156199319984
0.0369293817490037 -0.0702122730730596 0.0126034059814945 0.0016912329264352
0.0737082328208991 -0.0344114720897128 -0.0628580714604271 0.0279181742489849
0.0333959416639095 0.0127056810500807 -0.0750648233261749 0.0794252543972997
0.0514567713466573 -0.0115677592411145 -0.0917820198829246 0.0409044797338331
0.0301283714110728 -0.0525165423753814 -0.0885136207694116 0.039870959990028
-0.0129368221438397 -0.0548539515545925 -0.0601652360666191 0.0651656229347219
-0.044779105394628 -0.017934769642311 -0.0205242904661139 0.0669923879053836
-0.0362885497121522 0.0152343657600971 -0.0100124441717737 0.053788330848266
-0.0230243411365871 0.0289584474945949 -0.00823265297402957 0.0544517554954157
-0.0157477542786377 0.0366396724677661 -0.0103373176529092 0.0583438528816966
-0.0154135322156441 0.0420739857509605 -0.0302343697133924 0.0603502751865756
-0.027493084566808 0.0328684299318435 -0.0536714958051863 0.0444956791208768
-0.0436969718455196 0.0171069200029405 -0.0652677958020633 0.00319337508456813
-0.0449281129091802 -0.0278620419996125 -0.0434290722804312 -0.0319894773482098
-0.0110582127365871 -0.0604325557562814 -0.00575459856625636 -0.0355290540808758
0.0425152577522995 -0.0406619519653686 0.00655976481865766 0.0058333046772686
0.0532976848281957 0.00341408858851161 -0.0805453454081313 0.0352672701940849
-0.0203288978949574 -0.0305891345422847 0.0900857587368954 -0.0438983690407832
-0.0335019092923844 0.00995442314512583 0.00223062784057063 -0.0167189397876884
-0.0131371778111431 0.0322334534028211 0.00549240626180478 0.0481500905337968
0.0187877095885317 0.0208651603588071 0.0551102183485795 0.0455589790569261
0.0227229899018208 -0.0042571942937022 0.0851326901252734 0.00141682863472565
0.00941146114178961 -0.0102701129190786 0.0759285278542975 -0.0479935068089371
0.00915324969227291 -0.0083661907352964 0.0407176104289095 -0.0746304068126033
0.0115423302396102 -0.0068126200158458 0.0128421229356556 -0.0745312597087057
0.010490220566754 -0.00453494884550726 0.0090231785625009 -0.0642528454451871
0.00907894359328312 0.00149480236341284 0.0169248745883015 -0.0620841529852698
0.00515242178079329 0.0135592856581056 0.0287344733937727 -0.0653310592769089
-0.0117651904458126 0.0233844782498846 0.0512796287780038 -0.0566955873068114
-0.0366962574636875 0.00421377136339929 0.0712580728653938 -0.0359782576099756
-0.0294015162840462 -0.0303584844580463 0.0691396638079333 -0.0527379220766236
-0.00253060620441373 -0.0501591052261368 0.0658854233809794 -0.0924436470678531
0.0146654592837164 -0.0638786604007099 0.0839929528807642 -0.0304157231824125
-0.019911496011653 -0.0343558051586128 -0.00894943393183485 -0.0104624160776118
-0.0314147638585746 -0.00982992721060889 -0.00486611500872726 0.0675789293705054
-0.0161099613454857 0.00527206870018006 0.0573517326983265 0.066676596105139
-0.00674172097897598 0.00951465015199884 0.0977127282663359 0.0117485570239182
-0.00588866842131828 0.0111276339454835 0.0839851028665309 -0.044912729683704
0.000196260233703825 0.0184878610815093 0.0463471275229735 -0.072750019340407
0.00439476842981937 0.0218890314701554 0.0158252675211795 -0.0721479149863414
-0.000177681642979332 0.0243787491389391 0.0090689065260423 -0.0620843708885228
-0.0112429969184007 0.0187260242901699 0.0125723619480385 -0.0575587658369702
-0.0251717644067893 0.0164271517810247 0.0225299629012181 -0.0613571609685011
-0.0399743070657595 -0.00131295071947502 0.0401269518442581 -0.0570029422999436
-0.0442544237853828 -0.0363190107147897 0.0590392015144808 -0.0367403127630973
-0.00903463653870095 -0.0657370615319235 0.0551279052673282 -0.0538977521564024
0.0343709194086063 -0.0797929612538499 0.0529148411164782 -0.0849758485318744
0.0514907924909535 -0.0860883874291274 0.0662567805655806 -0.0112283816266962
0.00432320805006811 -0.0762938039361221 -0.0290447852576455 -0.00128423463072414
-0.0418659292628544 -0.058457450552859 -0.0256382830155271 0.0862145173080242
-0.0521393508883793 -0.019576378156775 0.0486552374955788 0.0921379716667089
-0.0431323579468797 0.0177950942680524 0.102451843994276 0.0299530951214046
-0.0248631036999232 0.031285596562544 0.0858399964964833 -0.0332180405478313
-0.0114627000917125 0.0423680180053153 0.0472243703471997 -0.0599563079593552
-0.00329908444504721 0.0483207124126479 0.0156512949715358 -0.0591455583012411
-0.00840204703733396 0.050667017302575 0.0046781758614086 -0.0500190456170547
-0.0255099277647048 0.0362348614942396 0.00226550616918834 -0.0450217460855423
-0.0479500669325858 0.0254549482811133 0.0084008878058815 -0.0544192109983856
-0.0667194781496081 -0.0136159610969401 0.0231709370496514 -0.0573901155957695
-0.0577262928963341 -0.0642646526669182 0.0450374724337228 -0.0389056163830687
0.0012779573951688 -0.0931182737950215 0.0410206229990988 -0.0488584513749527
0.0619869572102487 -0.0999046767723629 0.0300377268938922 -0.0670211954425342
0.0819071019892428 -0.0939528482233171 0.0365999950362211 0.0144100397133275
0.0337989691953965 -0.104974127726047 -0.0534366480170245 0.0104702292492102
-0.0394258404517837 -0.103904230671426 -0.0533993944674383 0.097446284980365
-0.0781435069854779 -0.0502528929497681 0.0267001586728678 0.113088789336904
-0.0765291666280384 0.0173654646382546 0.092948232836979 0.0526810426221277
-0.0447565179501988 0.0444353664667878 0.0784912067053485 -0.0135622092347951
-0.0231960708287293 0.0601630476037343 0.0428425287580962 -0.0386857306810051
-0.00993591778373283 0.0676720987490474 0.0132733674582507 -0.0373393589397613
-0.0128670216512663 0.0702231094782619 -0.00168867766813396 -0.0295741576845179
-0.0321779794787309 0.0509803733324511 -0.00984973935785654 -0.0269689470522894
-0.0606963235521282 0.0360395225404756 -0.00802505894905848 -0.0426784510284135
-0.0845468439713089 -0.0161715579386341 0.00530018188464011 -0.0534546155483151
-0.0682042930539586 -0.0782139064651305 0.0310720319286832 -0.0391740980593818
0.00597711795031878 -0.107587295389508 0.0303924153352123 -0.0382977624037374
0.0774049133820331 -0.107038998166205 0.00459132345936146 -0.042192655714887
0.0985795274986444 -0.0842425470969466 -0.000676931141855409 0.0396754292270076
0.0621267872839354 -0.110868448049778 -0.0774600209857997 0.0208448459565259
-0.0211339103451044 -0.130591491535417 -0.0807015889659019 0.0960450295667266
-0.084348822498555 -0.0786519280915396 -0.00408967898092417 0.12080233531614
-0.0972953822474909 0.00745219527576522 0.068823302819881 0.0720547103414313
-0.0587799757821939 0.0487653583811806 0.0604922302682653 0.00952852704979572
-0.0318301954032651 0.0676338154628839 0.0324937645448709 -0.0114537457751426
-0.0152364478020974 0.0764829814359954 0.00888435796639519 -0.00979350298705755
-0.0153819471405623 0.0793864298859955 -0.00808531447124677 -0.0045028493098285
-0.0344403874811002 0.0587652629559382 -0.0215665010657899 -0.00451193650285621
-0.0646043138066686 0.041395991666422 -0.0239163315556434 -0.0271549214118977
-0.0896248799062462 -0.0179643321051996 -0.0106428238926143 -0.0457338274855889
-0.0677760933726904 -0.0834253605798476 0.0197691537955774 -0.0366378204517951
0.0128472772114519 -0.107733143301144 0.0236296242120851 -0.0232207146458008
0.0845925028798267 -0.0973458283588749 -0.0201878698379221 -0.0127682434033181
0.0947275313444896 -0.0597298233521566 -0.0362111588128613 0.0619659052514093
0.0778235010020232 -0.0916773448286357 -0.0944518592152639 0.0299028141915812
0.00376799619393236 -0.12864093523966 -0.0980562128677273 0.0821293365022508
-0.0691199206608523 -0.0917254086246049 -0.0337390590311709 0.111571763478278
-0.0974471062934114 -0.0060436749550374 0.0361089407215621 0.0797488340328128
-0.0632747129195768 0.0435479327942751 0.036224341631664 0.0309074225274208
-0.035075707238445 0.0642688088371648 0.0190562757068723 0.0156247562797544
-0.0175520317569997 0.0738446670951018 0.00291718274128207 0.0176071792048636
-0.016147667612609 0.0778350030481041 -0.0149876698739329 0.0219701172599635
-0.0344666864114634 0.0583006073390226 -0.0327869592345597 0.0168984244173477
-0.0629804437008789 0.039657231479083 -0.0386288644474085 -0.0124920880368397
-0.0833418035395347 -0.0214708923858189 -0.0239511754878326 -0.0373085116487923
-0.056085883540734 -0.0827997132487616 0.00914774269501269 -0.0338647915806486
0.0237041459356161 -0.095561559831834 0.0186380947425048 -0.00995027624290973
0.0834271390321472 -0.0730807737345535 -0.0428399291974888 0.0127462088492204
0.0717959488857055 -0.0261867778993603 -0.0634820241623013 0.0763368117950549
0.0733359123789213 -0.0564862095617748 -0.100821023982602 0.0378377001716757
0.0219996054186447 -0.100191749994254 -0.100870316493473 0.06242753596987
-0.0434433689654101 -0.0832113315410639 -0.0533580022527114 0.0918704426093986
-0.0781064686457484 -0.0138054641161421 0.00513864627452858 0.0769670403355383
-0.0545844141398172 0.0324836693165558 0.011403599925144 0.0462430772037878
-0.0312299234323167 0.0511297056695615 0.0050131740444827 0.039255017166173
-0.0172592854288697 0.0605426505338592 -0.00250558058254369 0.0420335239310417
-0.0156457103558735 0.0652226017249071 -0.021089890932945 0.0454195039915975
-0.0322995713546838 0.0497796219590992 -0.0430130647134255 0.0355523227743398
-0.0562127593983154 0.0317061001102773 -0.0529693521981076 -0.000649088805938358
-0.0686695191719847 -0.0256600340811621 -0.0363060409488682 -0.0321455999321016
-0.0366418606451163 -0.0762150101724547 0.000637689382151966 -0.0337362172105199
0.0344405284128751 -0.0738484270429651 0.012856403500324 0.000237700605764445
0.074104991768756 -0.0386830213098409 -0.0634474412954604 0.0312739181544367
0.0347502608452002 0.0115210092283276 -0.0736085513850931 0.0836079033881758
0.0529634248437056 -0.013951805653606 -0.0936879224616089 0.0444121861922902
0.0281089899354791 -0.0552980761569506 -0.0907367233322094 0.0447874094408073
-0.0158435449128616 -0.0562156239920435 -0.0599666768910266 0.0700742660381278
-0.0470447427225204 -0.0159302656032669 -0.0173297620706293 0.0702564007850756
-0.0361902341805626 0.0176685986590516 -0.00698910800793853 0.0562072955520412
-0.0217141094933867 0.0308410721095596 -0.00573333194836538 0.0559993065771452
-0.0138575312782803 0.0384781103342448 -0.0072602346822767 0.0595912723821399
-0.0130227375268554 0.0440105396855379 -0.0279112104223005 0.062855544166501
-0.0265545044990982 0.0355003993326178 -0.053174986929959 0.0477102291960089
-0.0439923312035267 0.0198728791300162 -0.067044729624769 0.00535653131059742
-0.0475118350067312 -0.0266165196568638 -0.0462148815129764 -0.032061924732373
-0.0145989895095952 -0.0612078898239528 -0.00677466380248064 -0.0373287738593207
0.0418193709489544 -0.043653715613206 0.00744736741624489 0.00473371625296264
0.0554807335331797 0.000926855817862649 -0.0818131152776428 0.0398584881524575
-0.0220571436944865 -0.0299678480313896 0.0883498823587317 -0.0477514087599555
-0.033030528474448 0.0111908280248097 0.000707943354213927 -0.0168877324244904
-0.0113840795984587 0.0331367636879599 0.00690873767194948 0.0491496215214639
0.0201873903712166 0.0199159293887835 0.0576654593622836 0.0446611367674442
0.0221882345614749 -0.00629690441068272 0.0862191919565968 -0.00172012212707185
0.00832676199718623 -0.0107340272945625 0.0743164610636256 -0.0514089487781031
0.0087103974879955 -0.00852276955105345 0.0375758638584773 -0.0763219374106519
0.0109754428256166 -0.00791049375625031 0.00875516208616521 -0.0745405517586898
0.0104023630639055 -0.00468168494148134 0.00621019583438241 -0.0649620065500602
0.00918026067699696 0.00107800497704159 0.0136422398028281 -0.0640838568769933
0.00574008226545988 0.0131181176450701 0.0254500173696242 -0.0678960356960561
-0.0101521416414548 0.0233694546915544 0.0498121567881216 -0.0595725418456379
-0.0367211764113952 0.00646311856397094 0.0719237946476078 -0.0392474518817394
-0.0301414644087158 -0.0292189493222129 0.0679655818732448 -0.0537892931538925
-0.00528816548059695 -0.0507789826358126 0.0629294034341302 -0.0943149798248125
0.0121115294198202 -0.0648982942544197 0.0828733904715407 -0.0341294560557414
-0.0212956347372626 -0.0331862278007223 -0.0103689274721883 -0.00939227457330447
-0.0314320749141931 -0.00753767624374954 -0.00267619806777856 0.0685513579794112
-0.0154191827869667 0.00612745930173929 0.0604717004242446 0.0658163270318432
-0.0068372467070847 0.00857447695296297 0.0991253267484684 0.00770830162916116
-0.0056763271603604 0.0113773691410383 0.0826738923982521 -0.0494283295583293
0.000621198683727904 0.0181057010090948 0.0429019125814906 -0.0750742332145146
0.00545669587524483 0.02160478858258 0.0113634595344856 -0.072758648242705
0.000584943116970456 0.0244004280080403 0.00584201043210747 -0.0629186123137588
-0.0109915330922178 0.0188431685712224 0.00948387215530895 -0.0590700052193106
-0.0243802075940496 0.017455171136768 0.0190187009210329 -0.0645170445888815
-0.0398301801167364 0.0003833332341123 0.0381026344806402 -0.0597873102256138
-0.0460614307927126 -0.033710396770569 0.0596884903775804 -0.0398850044719726
-0.0111086579925896 -0.0653266199468201 0.0538171135930096 -0.0548973991515587
0.0309141700137026 -0.0812647468733424 0.0498164111385318 -0.0863762295477029
0.0480820661521263 -0.0887979707311403 0.0654964906137221 -0.0135147299535248
0.00111492783825612 -0.0760481570210784 -0.0303587881386817 0.000387930965066451
-0.0441968860588459 -0.056301901953152 -0.0233690219078607 0.0888512863726063
-0.0525068209656688 -0.0178400712591154 0.0525996556227352 0.0917568949245118
-0.0424206795034499 0.0189518971394613 0.104802707559858 0.0258387332912599
-0.0239264113594078 0.0319286680979855 0.0847642923748263 -0.0372671571613377
-0.00971429803413656 0.043166227352281 0.0446416813186001 -0.0626731208850886
-0.0012018648161753 0.0486633414319364 0.0120726227917001 -0.0598956378443803
-0.00595488574954658 0.0512580710944853 0.00185412978400253 -0.0505358265818605
-0.0243151257783288 0.0373121871685428 -0.000617781352088681 -0.0464932861057215
-0.0469495167955321 0.027284822820292 0.00497176631696827 -0.0567177848222276
-0.0672293757602087 -0.0111876433114949 0.0211574557863918 -0.059452122770838
-0.0605873810077499 -0.0609779488860917 0.0455886305421042 -0.0420095332716636
-0.0019052673991238 -0.0932736172047215 0.0399244197770642 -0.0498909710507408
0.0576263103564643 -0.102428938781702 0.0276800302281442 -0.0680289570791928
0.0779129242647367 -0.0975070787030647 0.0371340139088295 0.0129839647206185
0.029678079318866 -0.106309300879509 -0.0541933541412688 0.0125867789908264
-0.0439097788369396 -0.101388160991165 -0.0507085353682617 0.100800155152459
-0.080344232735586 -0.0474257561690725 0.0312149430910648 0.113876677633883
-0.0759111609685694 0.0202796001492649 0.0965221276422096 0.049274422537426
-0.0431538255662821 0.0465092589534372 0.0784017373995038 -0.0169847426448503
-0.0203125328861656 0.0610828704017479 0.0410753922194851 -0.0409391298198801
-0.0063662836355745 0.0682741490900374 0.0109387041855061 -0.0381628109081426
-0.00934388481046561 0.0710625614810409 -0.00372068359739353 -0.0299895275929788
-0.0307040749768669 0.0519502112856149 -0.0120590128093241 -0.0273177744851612
-0.0591429719236635 0.0383283630572179 -0.0112411780450965 -0.0441557294551314
-0.085245320682547 -0.0130336892440229 0.00298742742957826 -0.05477012672005
-0.0719431693023778 -0.0748649023159443 0.0312737439399574 -0.0416510996441106
0.00169627187703133 -0.107977576468546 0.0298510273981808 -0.0396979832483984
0.0732667285840144 -0.110952099117304 0.00283636157723245 -0.0419996089620522
0.0947781337606749 -0.0887308644323919 0.000703237966181553 0.0397718329182691
0.0581654696127737 -0.113119629206895 -0.0779128941830619 0.0241243407742688
-0.0268982328211466 -0.129548122936878 -0.0786490729161566 0.10055887240982
-0.0875411056233574 -0.07598201484152 0.000203056522730458 0.122777146380589
-0.0971881366309028 0.0115539021488009 0.0734398082424138 0.0690067387527014
-0.0575022161866311 0.0513029920961264 0.0621200916348145 0.00732375846516639
-0.0293086888435832 0.0686020374540052 0.0323443585330144 -0.0132634930557375
-0.0107252184373846 0.0771125053244802 0.00764425848990404 -0.0108216028746914
-0.0112386147130343 0.0803596191132868 -0.0090227944601596 -0.00403837960232122
-0.0326268600332668 0.0598873551264806 -0.0229400981286475 -0.00443806497613027
-0.0631182248868839 0.0443091148892711 -0.026642502978768 -0.0278934239442252
-0.0902934691987791 -0.0147091692063408 -0.0127070421570529 -0.046523448782447
-0.0718335215861445 -0.0802827475646584 0.019491578248972 -0.0394340561508721
0.00830416604909987 -0.108370543715154 0.0235584698901853 -0.0251145303986684
0.0807846704985717 -0.101708481468772 -0.0208364556000615 -0.0116482466779966
0.0926095697563657 -0.0635149946288284 -0.0335160793807802 0.0625553274303527
0.0755722773912869 -0.0949967974460749 -0.095078316537871 0.0332190164284874
-0.00135503459924868 -0.129143791692874 -0.0970728301198191 0.0863592762944111
-0.0729709528226389 -0.0901354428875462 -0.0307425357186179 0.114159975801269
-0.0980341087595205 -0.0013889335307878 0.0407579945187184 0.0789434256498359
-0.0615231264720895 0.0466240775975164 0.0385080438986929 0.0295547885955053
-0.0326134651539327 0.0659622847250142 0.019736882141177 0.0145811814395405
-0.0138625687858622 0.0754403666852761 0.00333531992080549 0.0169161441428727
-0.0120274622768164 0.0785331330425433 -0.0145843147341057 0.0222477801203105
-0.0322015373530542 0.0597231827302272 -0.0325675666035294 0.0176120535337073
-0.0615009476502086 0.0426718265266794 -0.0406528646032907 -0.0123423745490957
-0.0847502158959904 -0.0181966746048089 -0.0260438374746009 -0.0376115362874741
-0.059811906066895 -0.0804964917551051 0.00924581179141994 -0.0360254184921255
0.0200729049984013 -0.0971013097944715 0.0186027824199023 -0.0119681564534753
0.0811155123481484 -0.0771633664262498 -0.0427218196067657 0.0154296357256233
0.0708863334143424 -0.0289033077662507 -0.0606317715445373 0.0785121327069329
0.0723884004753738 -0.0593115722123858 -0.100826727854636 0.0407074628873378
0.0182915223416945 -0.101469160537623 -0.100331105580146 0.0665838235386025
-0.0474911003943383 -0.0825436513182135 -0.0504835254688797 0.094844020238282
-0.0795240826425158 -0.0107596190734208 0.00895213707413963 0.078200991217583
-0.0531585709022425 0.0352908134889211 0.0139972474050769 0.0462391024120471
-0.028934385106084 0.0525159362501476 0.00666679942064163 0.0393534214680625
-0.0140179055446357 0.0615548656474988 -0.000883946833497315 0.0417105294678925
-0.0121741393050102 0.0661189139012495 -0.0194244579888767 0.0461885225782365
-0.0296425262343175 0.0516485401938172 -0.0421973266249424 0.0369937428976255
-0.0547643979288124 0.0345362804189034 -0.0544621110407575 0.000520722444389501
-0.070559377304798 -0.0232716793169382 -0.0381727448834879 -0.0319824430459428
-0.040340338740336 -0.0749017218878478 -0.000180436754298434 -0.0353909057487445
0.0317831716510246 -0.075365367126574 0.0136900080074731 -0.00119253990466052
0.0732481143524212 -0.042021524291738 -0.0625506799318457 0.0345698397143114
0.0359316561945409 0.0102230836433569 -0.0710338848033835 0.0858606908547412
0.0532918865011356 -0.0158990734212173 -0.0930109928545811 0.0463616215451159
0.0257424680483984 -0.0569622490364606 -0.0912725903974859 0.0482342317564541
-0.0189078071951931 -0.0565699515771336 -0.0586459805536773 0.0738782252461503
-0.0485867378867286 -0.0135029350774094 -0.0142298776003232 0.072488323508147
-0.0354320110593366 0.0203322600150796 -0.00368852405937503 0.0566467651922527
-0.0199409509423835 0.0320514739291001 -0.0023852335311959 0.0561193547493175
-0.0113922049894955 0.0395490256566127 -0.00399898317258489 0.0591896916749017
-0.0107921006937527 0.0448082175853126 -0.0250480209223209 0.0641238761808266
-0.0248032613415079 0.0370005693615853 -0.0518943370791088 0.0501413101052145
-0.0431620941061799 0.0224344359405428 -0.0681348523400317 0.00776063786053561
-0.0494496722511465 -0.024670729347108 -0.0481264568041042 -0.0316799571185649
-0.0171290118274234 -0.0604410109964427 -0.00761166250947495 -0.0388776523764578
0.0398402156524107 -0.0459715492716563 0.00780199023673338 0.00305776405947262
0.0560397872032563 -0.00130128849631283 -0.0804705158946647 0.0436588468824433
-0.032123609701219 -0.0219557336855693 0.0693641575900812 -0.0736138520756877
-0.0273388634677575 0.0224547264602139 -0.00493242812316371 -0.0172264835106175
0.00209998943206108 0.035773437496194 0.0205874798194316 0.0440893621996869
0.0268344658676578 0.0109578355228503 0.0682395433314782 0.0255453828611356
0.0189171488079225 -0.0139377583200664 0.0818855455666248 -0.0283530737320317
0.00490827897506119 -0.0132477309132781 0.0533023383739126 -0.073610682142687
0.0052919103281085 -0.0119282734434263 0.00879435959747373 -0.0838447618671048
0.00744593743815573 -0.0116712377043843 -0.0174097523147967 -0.0713381473500254
0.00781177333210683 -0.00828000919979052 -0.0160918239444823 -0.0632089981626552
0.00821390975041811 -0.00152802189921841 -0.00893946453376033 -0.0652285057525938
0.00974196685512713 0.0101918878752388 0.000456871850825593 -0.0725526546797483
-0.00160048003272689 0.0250637784881949 0.0280790120689536 -0.0730943563343749
-0.0326038679277531 0.0180974745508947 0.0577917716797654 -0.0606144084293731
-0.0384282334798965 -0.0169093621841529 0.0488153557416532 -0.0703593601489054
-0.0211424075729152 -0.0458746436350574 0.0300611558119292 -0.105584202720481
-0.0116433665249263 -0.0671578541838345 0.0691032975047625 -0.0569633150767191
-0.0323193785466063 -0.0235586678455656 -0.0115133700275771 -0.00434351662020697
-0.0313677901818507 0.00423213059131885 0.0204398680497821 0.0656782607710173
-0.0118425153488149 0.010548696119781 0.0798135789530618 0.0431193024702347
-0.00299427904521895 0.00989544330780128 0.0972185378215752 -0.0250835507497995
-0.000865578293527671 0.0117721467711827 0.0613783135549733 -0.0750883579977928
0.00686994007176744 0.0164889608773478 0.0140912583473631 -0.0856826609108107
0.0119388679342918 0.0178062122799027 -0.0154582107340919 -0.070814087859698
0.00856833807204007 0.0222275956788949 -0.0159260233474004 -0.0610469976458608
-0.00477593982874032 0.0215099386705448 -0.0111313402192308 -0.0601577447661095
-0.0170870093132647 0.0238550744902325 -0.0040753662006319 -0.0677708803353448
-0.0371473497728562 0.0124457748987493 0.0181018654043165 -0.0689347595174204
-0.0534366394331272 -0.0163708531539954 0.0456187341498969 -0.0564550009213859
-0.0324595760706633 -0.0571703580659815 0.0342324387947533 -0.0667357995556963
0.0036256083263137 -0.0870315569224067 0.0184378918380739 -0.0945574098447748
0.0146339521045407 -0.102419520726957 0.0594528602737967 -0.0305062867386114
-0.0258613996789076 -0.0724645860052706 -0.0262945242821072 0.0135039161426048
-0.0604231182099212 -0.0367959741849432 0.0103538785700819 0.0919514829025866
-0.0551854096140341 0.00211374740756141 0.0826043844537497 0.0684343414770839
-0.0323478187018487 0.0314500612996632 0.108396620432441 -0.0116130042251302
-0.0114543848813948 0.0370957761988381 0.0670338289685097 -0.0654607796486329
0.00517722236500178 0.0437627031085926 0.0195408638524631 -0.0754670002186142
0.0147216677470747 0.0445399957598156 -0.0109647209844693 -0.059915470753491
0.0110203576587498 0.0495563562102722 -0.0159531657976605 -0.0481835098700754
-0.0113176455570783 0.0426894223225072 -0.0168934743552695 -0.0453660932096333
-0.0349952856031228 0.0407616804798288 -0.0146886297320975 -0.0569349154768099
-0.0668148484576798 0.0110962596257585 0.00268794626982883 -0.0637120568345557
-0.0761214702849583 -0.0379823760758563 0.0318003510619043 -0.0539872376765933
-0.0326316050714545 -0.0866815455566977 0.0220746561216543 -0.058296903373409
0.0227983098004139 -0.115862746205743 0.00201073880192366 -0.0707749303012246
0.0406391795165648 -0.12191511128536 0.0399564016546672 0.00522567562114268
-0.00923296281369303 -0.111048601209838 -0.0448058206206169 0.0347733463625423
-0.0759070911760354 -0.0793316534420608 -0.00919612212514567 0.11332574941888
-0.0917868368684015 -0.0155095704451706 0.0712114885275399 0.0956335303220582
-0.0633680061007277 0.0444136056449858 0.108363589888146 0.0113862271444919
-0.0244733392999655 0.0572798159285163 0.0674330363562642 -0.0451616909801878
0.000958837655727042 0.0646617082129144 0.0240047696672832 -0.0549999777174801
0.0163840325786064 0.0646478903789039 -0.00529997358933378 -0.03974332549306
0.0145595922009855 0.0686925017528021 -0.0148968709571828 -0.0268882659668511
-0.01251419854575 0.0586576550727956 -0.0215465975806631 -0.0236700798553492
-0.0428957320278657 0.0552028281247076 -0.0260625583339913 -0.0402154567164678
-0.0844357797310534 0.0150125213845034 -0.0133842553323734 -0.053890754975679
-0.0915551435225616 -0.0468849762609323 0.0181922110526872 -0.0492426834874279
-0.0336090860712365 -0.101951538514187 0.0150104406228359 -0.0455295894731311
0.0350870420709281 -0.128568314964734 -0.013465588196912 -0.038735884953327
0.0604440145781157 -0.118734766759114 0.0138701112404039 0.0422614182424865
0.0156917812391689 -0.127433526650749 -0.064363601441859 0.0541044229128007
-0.0700329602094832 -0.111490230715131 -0.0349560277777621 0.122943169138579
-0.109094459176188 -0.0395272463913234 0.0457527171084137 0.114717088207958
-0.0861083132974059 0.043953118390972 0.0937820986430375 0.0368458926758607
-0.0364413343194514 0.0667390286472415 0.0600823588396506 -0.0170064716044896
-0.00423464624738732 0.075699153786662 0.0257303410628743 -0.0266931614525286
0.0154012121652835 0.0752990225089804 0.00105198503885098 -0.0138618679405683
0.0164134367980075 0.0782188603901531 -0.0117861538592904 -0.000994372022276054
-0.0114236730403356 0.0668228166290717 -0.0243756557506732 0.00084476485616768
-0.0442503246307908 0.0617580926929356 -0.0354741842282018 -0.0200240425572511
-0.0901467668766131 0.015438795364909 -0.0256340077035373 -0.0408805397414499
-0.0935473204126982 -0.0516647499584296 0.00770215534022149 -0.0427851220045622
-0.0276474532004932 -0.104792053701499 0.0135517798691573 -0.0303901581253331
0.0452747401283864 -0.122546949732705 -0.0268277595021614 -0.00401938832588266
0.0676202927807867 -0.0933094696510192 -0.012401578857203 0.0746172682495652
0.0385916928383536 -0.115953743542655 -0.0790717537572608 0.0683680303478131
-0.0457981909173211 -0.120193911245947 -0.057810337226573 0.116922483788267
-0.100914473364748 -0.0577780715515773 0.014072791335414 0.117663701317001
-0.0918179321582705 0.0325201452952725 0.0665704523810135 0.0572212324066968
-0.0414494146888314 0.0643341820858211 0.0457287656047591 0.0120356398835384
-0.00872002327495901 0.074000846118785 0.0241634433132973 0.00414261720155224
0.0123808149279207 0.0739995768893795 0.00708297654990498 0.0131337365135916
0.0154511787640292 0.0768621837060125 -0.0076805696429451 0.0251339447645916
-0.0107747295355229 0.0666790451385794 -0.0259915716958163 0.0252449330624383
-0.0430165755714577 0.0595509158483689 -0.0433683669620876 -0.000620735650751582
-0.0858947182391308 0.0101760777912936 -0.0356944421698889 -0.028242739226209
-0.0822493226380793 -0.0561266660826784 -0.00229294678720174 -0.0367555584437997
-0.0131757392035019 -0.0974722769277328 0.0125557304394726 -0.0169965317605658
0.053337229294888 -0.0995892704488135 -0.0385650830713262 0.027064662262464
0.0586369319775514 -0.0519134568071427 -0.0334560273825952 0.0959103530298223
0.0487533668751286 -0.0809271073314992 -0.0833979035348077 0.0755460893036436
-0.0180154542709281 -0.101075632990647 -0.0700211257715 0.0994552628143339
-0.074952076093287 -0.0602178858600293 -0.0125156224063793 0.107343911581507
-0.0778702488803946 0.018024124423968 0.0362588106249491 0.0677870643726807
-0.037732271747458 0.0517637088295723 0.0285446732664524 0.0363657232445755
-0.00989275420578836 0.0606335781037571 0.0209403686193524 0.0319944714637781
0.00783983605074019 0.0617333332097115 0.0120054192129074 0.0374410516792981
0.0113300306269926 0.0655368226352894 -0.00445421000362935 0.0485244486775703
-0.0110479829019419 0.0583152835808483 -0.028313769025383 0.0468506034537685
-0.0394173547537281 0.0502901308461919 -0.0518512729585266 0.0164330996180895
-0.0742072731215626 0.000910236028543348 -0.0451181548951976 -0.0188644729457839
-0.0621450364247199 -0.05646747443219 -0.0107742276335943 -0.0334085766355609
0.00491131082049972 -0.0818181164634552 0.0105654522645105 -0.00609135972410382
0.0569907833934136 -0.0640121845740553 -0.0507870628888758 0.0505958079345695
0.0380654442606901 -0.00171613018124543 -0.0413634517243387 0.10440152558635
0.0455104762038151 -0.0336915080802995 -0.0761934683350689 0.0763240849756895
0.00423150323419121 -0.0622107198124128 -0.0695910764388809 0.0791099221877434
-0.0385152095253744 -0.0457632189894015 -0.028934602239353 0.090812993816609
-0.0500031697256597 0.0052004090501811 0.0122185028666751 0.0713395857400153
-0.0260065652821411 0.0315062571641639 0.0157310792985414 0.0533224444356265
-0.00782425557027186 0.0378428065432906 0.0179551193675059 0.051670871406325
0.00276279054688371 0.0409214818558077 0.0159374734619214 0.0555277768224558
0.00543520027579974 0.0454056319808468 -0.002639873577701 0.0674461648123544
-0.0100227309161538 0.0433290612327957 -0.0330481618122718 0.0620665460476015
-0.0327526227443047 0.0353693603304112 -0.0621749640366297 0.0281943972207038
-0.054827053004964 -0.00747851641857714 -0.0547848124696637 -0.0151890641727625
-0.0362916071879278 -0.0507157221398499 -0.0195048413868177 -0.0343492105001028
0.021969202511147 -0.0565402610355127 0.00720126832604146 -0.000336643961579599
0.0534480866332097 -0.0195800696114658 -0.0628540262034885 0.0641058830086673
-0.0327280797426561 -0.021413679083809 0.0690752354685167 -0.0747283633897443
-0.0268168561390428 0.023038423793994 -0.00593923459422429 -0.0162161203016402
0.00332335267562326 0.0355763899199564 0.0208676909623824 0.0451228112354862
0.0271594838191991 0.009854648848031 0.0695752890830217 0.0259752866845974
0.0179177364385746 -0.0150732635507408 0.082824919102333 -0.0293682287048697
0.00410598114480048 -0.0136416728376186 0.0530950530541371 -0.0749466010570562
0.00478676718701742 -0.012040741713569 0.00720702973734184 -0.0840769303913304
0.00690046984607584 -0.0122412293215168 -0.01906343344394 -0.0703924857151187
0.00746250587208531 -0.00821426764048544 -0.0175344969061776 -0.062851367127329
0.00806128135420681 -0.00187400490355666 -0.0105269983329511 -0.0656945907619363
0.00998961234717687 0.00951254385101081 -0.00118964755367106 -0.0734966365822491
-0.00104987279512372 0.0249989732171545 0.0276109034987045 -0.0749798342802109
-0.0316560724835059 0.019374268712453 0.0596529769137411 -0.0625579099007311
-0.0389422935033714 -0.0161078369679195 0.0501015131944567 -0.0695131192171609
-0.0226354800849187 -0.0454461872814284 0.030124948477673 -0.105487523842369
-0.0128467104552431 -0.0673885375480272 0.0686365261270906 -0.0574536030870747
-0.0320051775211646 -0.0230161113751885 -0.0123543272999789 -0.00350183366611612
-0.0309066593817689 0.00493843284762821 0.021195499578928 0.0669614817912606
-0.0115864402719353 0.0106606682048567 0.0812308343918336 0.0429369037636355
-0.00379895707921946 0.00919306083924269 0.0983111889867833 -0.0270505755824213
-0.00152309758642368 0.0117923185018732 0.0609649677858243 -0.0765539807672499
0.00659720264302292 0.0165000360975408 0.0127402580403324 -0.0856562511130956
0.0118343510583851 0.0174053568493863 -0.0171012412215658 -0.0701022897181953
0.00895277238500303 0.0221465383746149 -0.0180942558684592 -0.0611605996740661
-0.00507778286397338 0.0214987308234489 -0.0134245324391682 -0.0604650925807185
-0.0169625407649654 0.0236103221714887 -0.00644355257199753 -0.0690668084135066
-0.0372856539490325 0.0125721889409608 0.0172717047511922 -0.0705013176913595
-0.0538928622346925 -0.0155407028196066 0.0469652976498805 -0.0583846355042187
-0.0329016801435416 -0.0570966525819289 0.0348818058733985 -0.0666805446363498
0.00217865332862133 -0.0872341359313375 0.018146344251116 -0.0940729044978241
0.0130032742177509 -0.103072561656655 0.0590044155927144 -0.0307449339333172
-0.0267510967936283 -0.0720852275417415 -0.0267244326462451 0.0146754182736132
-0.0604965507916681 -0.0356153284040142 0.0109437851513432 0.0938172732922278
-0.0553534451105337 0.0023960411339756 0.0843906667894105 0.0692323993596847
-0.0326668985328552 0.0314310607906826 0.109508712337069 -0.0132909353372493
-0.0114070922368899 0.037276893506805 0.0666388426433978 -0.0672338506857233
0.00568696432981492 0.0434103482764939 0.018179133393116 -0.0759016005901599
0.015944184417708 0.0443478988525182 -0.0126844322518071 -0.0595707312265283
0.0117708992535654 0.0489801737841537 -0.0180160490706229 -0.0480857895238554
-0.0115772609348832 0.0430670145691542 -0.0188555934535262 -0.0458207618464318
-0.0347655296171826 0.0410618284086392 -0.0175612901163442 -0.057764748427512
-0.0667053045026065 0.011428169536025 0.00132966685596564 -0.0651169859165429
-0.0769990175865306 -0.0365931049806933 0.0326765335574381 -0.0564009168476183
-0.0333917870060784 -0.0870321385282877 0.0225112329957613 -0.0583911773578158
0.0207753817996805 -0.117042471527449 0.00146342922718884 -0.0700433910992009
0.0390880427075366 -0.12252093608974 0.0400584044003845 0.00440608863618776
-0.0101158643674234 -0.111233671593235 -0.0455476356072006 0.0361790525915333
-0.0770812901654444 -0.0781259440222779 -0.00918134510102736 0.115671552362049
-0.0926999682026727 -0.0145111786142801 0.0731390837516687 0.0968097703877292
-0.0629706538696672 0.045182263012633 0.110160139416548 0.009578997868207
-0.0242691895404066 0.0579403366676657 0.0677415799906034 -0.046557617834878
0.00151212385902791 0.0646102509324314 0.0230372258073966 -0.0555524186892178
0.0179179647131007 0.064444519314989 -0.00690602009705494 -0.0395517565362086
0.0163399102044567 0.0685750177024706 -0.0162514085261738 -0.0270567054653193
-0.0122553297478072 0.05931823432744 -0.0230736498838047 -0.0238479162276082
-0.0423146235522159 0.0557878513893726 -0.0285691611814461 -0.0407845798691102
-0.0846414719395232 0.0164576477622883 -0.0144146541734323 -0.0552219055098017
-0.092616991302257 -0.0457642589502295 0.0187176545511421 -0.0519198780512302
-0.0350838524557874 -0.101900637110391 0.0155375785647394 -0.0457587190258916
0.0330063358588581 -0.13015418629159 -0.0138430941589058 -0.0379786306396327
0.0588949121202359 -0.119749688926154 0.0138882211747284 0.0417998926738127
0.0146287251140074 -0.128459842177256 -0.065300708974223 0.0555964618166431
-0.0719472053788066 -0.110720968798285 -0.0349240531095239 0.12564507294142
-0.110391939383007 -0.0391926662101756 0.0474370492388605 0.116140803160043
-0.0860394822253187 0.0452884703031988 0.0954299895571183 0.0355817645467915
-0.0356107396797816 0.0679997348735061 0.0607637268748296 -0.0179267174660953
-0.00341568176974194 0.0755508271066401 0.0247788896182006 -0.0272307103886889
0.0170480422695874 0.0750044250293314 -3.29197201630828E-05 -0.013945188651615
0.0184748455921258 0.0777210298877812 -0.0125942567142114 -0.001253086003226
-0.0108709232580925 0.0671609943374743 -0.0254403262082121 0.00143722614371832
-0.0435061924188581 0.06228366490732 -0.0380172460438929 -0.0205036888760945
-0.0901865871956333 0.0167454750704693 -0.027533277306994 -0.0425212160931177
-0.0944446884044242 -0.0504610753185786 0.00758025887554095 -0.0455615483055259
-0.0288707533516543 -0.104827831977156 0.0133162981902778 -0.0312277812469382
0.0441153755891131 -0.124183100564996 -0.0266659229700979 -0.00321708746408872
0.0667123355579871 -0.0945419969807052 -0.012539043558436 0.0742570220240913
0.0386232533844896 -0.117403950512878 -0.0799159174809325 0.0687060187355428
-0.0472645372376002 -0.119518754441886 -0.0577427018292658 0.119329469352867
-0.103138863134689 -0.0575534479541281 0.0153271876151708 0.12022644852343
-0.0918221281338607 0.0345962570882618 0.0685223485434995 0.0566006276643462
-0.0408356033006921 0.0654590874454452 0.0466641980949392 0.0113007955893526
-0.00778593694805372 0.0744534012114218 0.0241167749499492 0.00328418529086234
0.0143220453935358 0.0742062771627348 0.00636805259788111 0.0125842502460359
0.0171024699411489 0.0767173520747334 -0.00781759759584542 0.0250252964429222
-0.00995868724921908 0.0669536134297763 -0.0264843717024389 0.025878743980916
-0.0420689964477652 0.0606600256678152 -0.0455035583639373 -9.44044567045552E-05
-0.0861626195945704 0.0115927342483126 -0.0372983713026372 -0.029371541696334
-0.0838054314866226 -0.0548780822243943 -0.00251932946973641 -0.038982381620519
-0.0145524412880052 -0.098065015398437 0.01251293846139 -0.0178730743154813
0.05268066218524 -0.101322243096827 -0.038250398227718 0.0280038499448261
0.0584361278751902 -0.052768373628168 -0.0336880375625446 0.0960494261580309
0.0490178222325337 -0.0823325179570097 -0.0853015907968478 0.0762822070384842
-0.0194260250700925 -0.101187743000686 -0.0705099711746076 0.101567920415866
-0.0766418626329711 -0.0595617079094432 -0.0114576694053321 0.109538525933813
-0.0783377478583035 0.01978316920612 0.0382208480738234 0.0675070650721408
-0.0367045312337579 0.0524217762632944 0.0299737386233493 0.0360684411355119
-0.00819764732906863 0.0612105792170428 0.0217082556767684 0.0312807339424796
0.00935383620149123 0.0619369223227901 0.0124279654160041 0.0370391815565804
0.0130293234836599 0.0655321826310209 -0.00381244684456185 0.048467363437276
-0.00972533962504659 0.0590048057557846 -0.028303247667637 0.0474642627595144
-0.0390871376101829 0.0511831403263978 -0.0533994463102352 0.0170387452000031
-0.0748956860189785 0.0022564538540943 -0.0466112672036324 -0.019799540103952
-0.06378489190763 -0.0555429999657985 -0.0114917866760931 -0.0351214251070561
0.00381863255447415 -0.0820769537283645 0.0108158192708353 -0.00731444523801436
0.0568303186460541 -0.0652957191051564 -0.049855285153342 0.0518899677178637
0.0388005646146541 -0.00172884938473771 -0.0410561397836407 0.104183248678111
0.0463551669062586 -0.0346985009871954 -0.0772921166273808 0.0765256989325625
0.00333795192475114 -0.06244148415005 -0.0703611688717282 0.0811619021386155
-0.040589680807318 -0.045585065643237 -0.0281294602243884 0.0933750901970879
-0.049993276421503 0.00668404871161197 0.0138706973218311 0.0720443805439181
-0.0249640077083802 0.032497303018513 0.017359822225893 0.0530991189925812
-0.00653870144779665 0.0386111880738623 0.0191499437893837 0.0509981386253009
0.00423178008365089 0.041027404546497 0.0165622290538053 0.0542305515340942
0.00720463912215924 0.0449884211339215 -0.00167405317521803 0.0670764272566937
-0.0092080735253991 0.0440542678181044 -0.0323690179866871 0.0631931569571119
-0.032048255675961 0.0367429696362148 -0.0630685421767668 0.0294479142606932
-0.0560887022899648 -0.00639042555054564 -0.056135375538813 -0.0155645910670454
-0.0379366136251467 -0.0500427713817827 -0.0201698943071628 -0.0358548139820473
0.0212842703340727 -0.0569638771319937 0.00714166889113117 -0.00148135425413957
0.0540375558158681 -0.0209500190979956 -0.0624307303333074 0.0655776359494893
-0.0341197227048173 -0.0212310738153686 0.0692924961739668 -0.0774422815549871
-0.0268743367100019 0.0242069503363893 -0.00684059236175024 -0.0157460999192629
0.00439638677617841 0.0358042996033096 0.0215184135789684 0.0478950161485577
0.02808674954354 0.00959331874544363 0.0723080192440229 0.0263013840721667
0.0171989815336611 -0.0155996809267908 0.0860293438242784 -0.0314889476586439
0.00359401451845533 -0.0139763797996145 0.0535573652766822 -0.0783323609809106
0.00466545187521806 -0.012561826124217 0.00618733195661222 -0.0851967916921868
0.00592081233191877 -0.0127722311434622 -0.0202760529051006 -0.0704100842737127
0.0071946235770399 -0.00851570926513641 -0.0196087070775726 -0.064024733244828
0.0082096505089886 -0.00158050768006892 -0.0132039264572467 -0.0670269622184122
0.0102243493566023 0.0094530816746593 -0.00325377244736445 -0.0756561062704261
-0.000397011111556475 0.0248706459556572 0.0274626479855539 -0.077651658236978
-0.0315418527653075 0.0205851178548252 0.0616012939429978 -0.0654619648962726
-0.03985122597763 -0.0160397023971284 0.0518976802540621 -0.0707831395635307
-0.024115060728811 -0.0459692233570772 0.0304255919878242 -0.107540403396764
-0.0146287540567925 -0.068153211334876 0.0694579743908668 -0.059056621996222
-0.0334281681636535 -0.022643546291235 -0.0133950465532707 -0.00267937924610693
-0.0306954135668682 0.00529986941644561 0.0224467277599727 0.0698444828791916
-0.0116942125389142 0.010061065334595 0.0844679455696348 0.044011021700962
-0.00422745961749644 0.00911496749055687 0.101227483299283 -0.0293324663386837
-0.00189800956107191 0.0116145491504129 0.0613750707718821 -0.0798779236710152
0.00643632294270076 0.0166383597215414 0.0110786211338799 -0.0872305772114061
0.0119560280043459 0.01680835964536 -0.0188766711838081 -0.0702069273706118
0.00931851960371668 0.0222977822231845 -0.0201337277105339 -0.0622823394766781
-0.00520590861086853 0.0225774559855623 -0.015782181163496 -0.0620801809654906
-0.0171845206345516 0.0245163476143597 -0.00857054304197996 -0.0710616215447669
-0.0372995338715659 0.0127415908277437 0.016673098708145 -0.073525434537993
-0.0547459407387635 -0.0146880779676678 0.0491359225358445 -0.0618211485834402
-0.0343562877079084 -0.0581632302295563 0.0366273867321475 -0.067496608243678
0.000548132079842866 -0.0894215847302692 0.0178335005487859 -0.0956046029796605
0.0112070586598652 -0.105376547940344 0.0596595663972329 -0.0318406312625558
-0.0277537846447543 -0.0731640102430978 -0.0279776510489219 0.0161123060818956
-0.061448692782763 -0.0353286987135282 0.0124133128433308 0.097046104230233
-0.0566667111495585 0.00272523990538297 0.0876593032261873 0.0710396772772532
-0.033368174687825 0.0321469299703831 0.113004118950558 -0.0158048617758615
-0.0113514414504141 0.0383700158835156 0.067595514744169 -0.0701968039441621
0.00559030550807231 0.0445899037049945 0.017399671495094 -0.0776357810842953
0.0167886057982648 0.0443522549667217 -0.0144659988295592 -0.0594878803373972
0.0132956067320326 0.0491889873585406 -0.020030111004794 -0.0485033193590162
-0.0115403002987046 0.0443877884133048 -0.0213482804542237 -0.0465229088815609
-0.0349352365951593 0.0421607587796094 -0.0200430294204816 -0.0594799509571119
-0.0684165810118813 0.012126106622934 0.000245832135634935 -0.0681385660952442
-0.0789268138782237 -0.0357464473477476 0.0343010472179435 -0.0598014778017198
-0.0349053616160551 -0.0883941976036342 0.0236573003762258 -0.0592276321544051
0.0194876571614922 -0.119847468712471 0.00155957072346715 -0.0704874770972342
0.0378576161125967 -0.125848711697412 0.0401626495902453 0.00464989705053856
-0.0118196241695711 -0.1136313695209 -0.046998646356944 0.0381129573940014
-0.0793478116743414 -0.0780242820745875 -0.00761748364162405 0.11988433603115
-0.0953932889920802 -0.0143181353276398 0.0764684667725339 0.0992872429756103
-0.0636432300644671 0.0468246362981316 0.1137078754829 0.00761023106288674
-0.0241544598253521 0.0593322393885818 0.0692638615361163 -0.0488682156685106
0.00223887571056678 0.0659716583428996 0.0221090841249494 -0.0573631627552165
0.0194640777435347 0.0653231769546047 -0.00841607913085234 -0.0397935715112042
0.0181158723923837 0.0688439447305972 -0.0181156526975548 -0.0272320380766751
-0.0121495821604872 0.0605594874199932 -0.025314096817533 -0.0240121001180919
-0.0420456129117397 0.0572166853601426 -0.0321282293118049 -0.0418789825490481
-0.0866613279254265 0.0174363642240249 -0.0163669493117601 -0.0576769975843317
-0.0950159771129264 -0.0447356622625383 0.019289942514452 -0.0553410172059188
-0.0373178633997455 -0.10365238452218 0.0157515276039483 -0.0465732073396137
0.0319801942326281 -0.133491990518516 -0.0141199076374886 -0.038051426213168
0.0578097928706131 -0.122657996300004 0.0138502941758292 0.0425540058468105
0.0141835691933443 -0.131628993669609 -0.0671254275607206 0.057796536157732
-0.0744526754346112 -0.111697832355556 -0.0344477310311468 0.130359848282804
-0.114197696658937 -0.0388782080383167 0.0502021236376434 0.120067642131698
-0.0874469237453531 0.0476807984068965 0.0993472317681571 0.0344543355753386
-0.0357598467321429 0.0705068474751931 0.0623752438665206 -0.0195929110149949
-0.00269518492364454 0.0781811958409998 0.024594211784007 -0.0283447041230287
0.0188143320787552 0.0757162414604386 -0.000936069831907492 -0.0140327451209564
0.0204083296160171 0.0787301779410524 -0.0133855133214467 -0.00101033760216607
-0.0104487771184378 0.0687241765588462 -0.0271927105678565 0.00163266688481511
-0.0432679604509127 0.0642224086063842 -0.0408414559518366 -0.0204659494444205
-0.0924950656347839 0.0183475602770223 -0.0293225014513037 -0.0437469341973379
-0.0970793935825728 -0.0496661844236918 0.00758953948617037 -0.0496071434746036
-0.0306528293883892 -0.106842381990938 0.013677101633289 -0.0322733556553308
0.0429414562303155 -0.127854688278518 -0.0266878226155817 -0.00254851788940835
0.0664418028689287 -0.096985431579581 -0.0127988757363494 0.0755490883770406
0.0388690065034315 -0.120400503791863 -0.0825090043856906 0.0714313882506953
-0.0498448060733121 -0.1211597089332 -0.058668109443432 0.123964484511414
-0.106688820431494 -0.057806775116955 0.0174723694594242 0.124259688653217
-0.0933944018598223 0.0369111827217177 0.071818842785939 0.0562971848517184
-0.0404623784077442 0.0682644725002104 0.0481441563548653 0.0104134649230339
-0.00624897543937342 0.0762589380064547 0.0242908746922312 0.0027369054883219
0.016275596242552 0.0753030873411678 0.00622531305716431 0.0124041700202167
0.0196019029010184 0.0774228092880376 -0.00839194570478598 0.0253397644333588
-0.00911960383416621 0.068452056764771 -0.027675495847007 0.0266049646005331
-0.0418392880173687 0.0623720860977119 -0.048057443313703 7.28741507187943E-05
-0.0883747112688919 0.0127880894856035 -0.0397682629168633 -0.0307823875631066
-0.0862775508168029 -0.0540526892801443 -0.00306583327355191 -0.0423014233971119
-0.0165475374372319 -0.0997573902764553 0.0129946003302621 -0.0188321737238709
0.052135229013583 -0.104702014860347 -0.0383955057293308 0.0298495115373117
0.0586297887520093 -0.0543017273379435 -0.0343176225407369 0.0977227038354118
0.0497705405402998 -0.0854867947499208 -0.0880627702340359 0.078190518606651
-0.0209384145140707 -0.102967680627195 -0.0717582252026437 0.105903015929125
-0.0797893528848176 -0.0601314251927864 -0.0106929400625318 0.114210338022635
-0.0798174563611611 0.0221286317133913 0.040680567678097 0.0688390110006189
-0.0363431145071143 0.0547061032528938 0.0316710562711473 0.0359683606430951
-0.0072842033782247 0.062079652519089 0.0221688606892075 0.0310477452646851
0.0112902387933413 0.0630037104972388 0.0124337214914457 0.0367043436997123
0.0154306997225445 0.0663428290945718 -0.00368356413210588 0.0494477577633802
-0.00888762647415976 0.0603492165167714 -0.0288758702434136 0.0486162000835936
-0.0386221647937744 0.0529551967074354 -0.0555435697907816 0.0183240070874582
-0.0774295940093153 0.0037315046608654 -0.0491885977304578 -0.0205646479498628
-0.0661615687597699 -0.05572535369083 -0.0122400615024483 -0.0378982713971412
0.00310192968583207 -0.0843210364677559 0.0108073160650912 -0.00815980682264829
0.0574054833649804 -0.0678145088382054 -0.0499481246524603 0.0541364644640757
0.0401104276176319 -0.00203929449899014 -0.0423285643156821 0.105901573565811
0.0477796603908093 -0.0365050553985214 -0.0801075113385099 0.0786544810561844
0.00235441744087953 -0.063754199952682 -0.0724281907736921 0.0845069353272801
-0.0426815863745097 -0.0460686175513706 -0.0276323376065587 0.0975329147147993
-0.0514017818206676 0.00835653454180389 0.0160330224020522 0.0741466830522859
-0.0242994153740345 0.0340594114995494 0.0190647017231614 0.0540446194620875
-0.00553814475370944 0.0389842635139965 0.0202725344618708 0.0515481722385621
0.00544409125517713 0.0416044766360465 0.0174332833391022 0.0540733949910229
0.00876913769378646 0.0455094391327592 -0.0011134475425293 0.0681172818667676
-0.00812340634319666 0.0447256329063391 -0.0325685370980836 0.0651889015065314
-0.0320644206923666 0.0380539008092088 -0.0653171587761999 0.0310324263933077
-0.0579654359696476 -0.00521454597085439 -0.0589967933318612 -0.016200507970416
-0.0394428770187086 -0.0503102973851877 -0.0214746824335824 -0.0382393328952868
0.0207372345422446 -0.0588889343845995 0.00727197581689508 -0.00250633881966875
0.0551849000089039 -0.0225235231240313 -0.0629786909091127 0.068427561284484
-0.035659689064185 -0.0204178948619855 0.0692458581902471 -0.0815610312974871
-0.0267606597782109 0.0263422721712278 -0.00784114815502387 -0.0145919637117154
0.00588367480800492 0.0361184293343438 0.0241505377317272 0.0503976903603386
0.0294079406826892 0.00831497466263123 0.0761954466709713 0.0256044869864292
0.0164302097615681 -0.0171978735571261 0.0879775243362872 -0.0352667765963373
0.00229034654355128 -0.0147512526188023 0.0528273043480761 -0.0825894705844577
0.00407305419938471 -0.0131319559562608 0.00369145158969992 -0.0875411199310546
0.00500952558960565 -0.0135269501074496 -0.0229132002646682 -0.070612340721863
0.0062943448157754 -0.0092654834168476 -0.0225082302972176 -0.0648893790726385
0.00792965442971847 -0.00248290981192755 -0.0166825807069058 -0.0687483143432663
0.0107950256160813 0.00929135100364114 -0.00650496608916196 -0.0778554702217145
0.000802353591639647 0.0252910579413926 0.0256824808936076 -0.0815201166333962
-0.0311521944859768 0.0221748770944776 0.0627883447831204 -0.0703597948272291
-0.0416688567140783 -0.0148860882146553 0.053750310665919 -0.073340717737471
-0.0266343408897 -0.046249621105192 0.0289461418347098 -0.110182963780352
-0.0173507191108957 -0.0695422806767766 0.0695065409277585 -0.0631056029717546
-0.0343812040153155 -0.0224767713223564 -0.0145007803165794 -0.00117330539035807
-0.0306978088164747 0.00597172682183771 0.0250957486420532 0.0731410450811956
-0.0113874890394111 0.00992648813570169 0.0887678594557838 0.0438162188134045
-0.00463630845131801 0.00913438994940529 0.10406849714757 -0.0335447374672368
-0.00214403973097651 0.0119840644987102 0.060941122910828 -0.0847090872652826
0.00675278019325718 0.0168956472183514 0.00860655568291701 -0.089590434408743
0.0124677247435566 0.0168321091051423 -0.0220483289340411 -0.069924366949777
0.00969321251757141 0.0220795083645174 -0.0237154123940346 -0.0626209653410297
-0.00536539860520718 0.023189305244353 -0.0194823733997659 -0.0627749042177318
-0.0166677787575594 0.0254567478961152 -0.0122282724063551 -0.0734038450406066
-0.0380785089629819 0.0134750041647582 0.0146536791630334 -0.0771166569269378
-0.0559610567829922 -0.0128010643785604 0.0499715058386152 -0.0670037272502693
-0.0367574934916815 -0.0583862907873913 0.0375419427795764 -0.0696859474978406
-0.0024224383583557 -0.0915055090319113 0.0162046706903676 -0.0981427552071565
0.00806809453451936 -0.108204198948138 0.0600366048643537 -0.0341702276577287
-0.0304147903960227 -0.0739625848529121 -0.0288493781467891 0.0182870409078126
-0.0636594366418708 -0.0340405261892896 0.0154219756516666 0.101057414461594
-0.0580404793809045 0.00377503413160271 0.0926919185389097 0.0714290426953823
-0.0335236631829937 0.0339151549388075 0.116015538289652 -0.0204680651515605
-0.0112668221894838 0.0396348167988027 0.0677974294903785 -0.0746407442703011
0.00704191234726839 0.0459408908236949 0.0151041236427594 -0.0801806676484676
0.0188151947720274 0.0446619119867409 -0.0175036259019543 -0.0594398227009291
0.0150222944919645 0.0496659686493532 -0.0234153916171586 -0.0489759950465626
-0.011250831083556 0.0458634268508836 -0.0249178787886873 -0.0470000231805979
-0.034942344461678 0.044123980176666 -0.0243908504152891 -0.0608553935743858
-0.0698740088450286 0.0140390044275436 -0.00255477454220198 -0.071335920615248
-0.0816449422025461 -0.0338520059407265 0.0340589706596115 -0.0650285240714431
-0.0384037027511342 -0.0893041650836727 0.0238296820170298 -0.0610401621703147
0.0155395626586927 -0.123933978559466 5.46869807721953E-05 -0.0719036671829634
0.0344593257504216 -0.129942317125637 0.041037320504232 0.00371508310323778
-0.0147016360626915 -0.116156118275238 -0.0484271608064875 0.0414985875209274
-0.0831309032208311 -0.0773577054920855 -0.00489284397245695 0.125357965951991
-0.0985918038920044 -0.0125485900476474 0.0823632354537537 0.101792810693553
-0.0641177455142007 0.0502180620421924 0.117778693381823 0.00359858313151448
-0.0233632060813721 0.0618362130232529 0.0698418827037822 -0.0527802091329952
0.00410915175623017 0.0681999499682956 0.0207586758095844 -0.0593113580603152
0.0224865548847512 0.0655505455277004 -0.0107010474296665 -0.039764833494584
0.0213105323550413 0.0694352605954699 -0.0207770377999928 -0.0273223957188433
-0.0110365340746652 0.0627091823169649 -0.0284500034322757 -0.0237525141221562
-0.0417354318176843 0.0596983288186215 -0.0363707291141474 -0.0422965478231537
-0.0886950855333165 0.0201209233238995 -0.0198621298162899 -0.0600730734478143
-0.0986420641386359 -0.0425761861857092 0.0187526876027115 -0.0603427910847923
-0.0408211839145564 -0.10568252781384 0.0158689685289635 -0.0484960448968931
0.0279694150378192 -0.138508879395414 -0.015240772735838 -0.0378838190083307
0.055587365450734 -0.127398416561332 0.0146004488787147 0.0435685783699693
0.0114817396089018 -0.136075004302847 -0.0691069704530599 0.0622969421349662
-0.0790905613887308 -0.111496907302809 -0.0325238683598257 0.136566915793007
-0.118663495977898 -0.037032761715305 0.0559365970721946 0.123699632491969
-0.0877422339227188 0.0523783024500278 0.103807117381286 0.0314035628371663
-0.0341906267460905 0.0734044124926888 0.0634537170261546 -0.0223716036109169
-0.000425447757193156 0.0798822370246111 0.0242185683157427 -0.030094155083844
0.0227842078430207 0.0770688756529834 -0.00226957178292523 -0.0144402597781338
0.0244435899007415 0.0794582400789458 -0.0150380318728507 -0.000136710306356496
-0.00855826914905843 0.0712033237190643 -0.0291357958294964 0.00258118157269797
-0.0423799376499308 0.0669566042083273 -0.0448651762444774 -0.0200904928091227
-0.0949715631857171 0.0215157677020469 -0.0327889114190183 -0.045654813094818
-0.101124972185999 -0.0474113890510518 0.00598041326305044 -0.0531109007897197
-0.0349652688949697 -0.109125427206392 0.0136355057947666 -0.033892163949533
0.0396146399388179 -0.133178303119183 -0.0272122465629377 -0.00111853129154519
0.0653049277471768 -0.101608427929602 -0.0122588961166922 0.0781323741002129
0.0373685560259822 -0.125359674923992 -0.0848083032354217 0.0763189495193001
-0.0544573850233025 -0.1230488466434 -0.0580052798839772 0.130459458111989
-0.112475834731014 -0.056665458051478 0.0221431556961094 0.129074566239467
-0.0945537709146718 0.0413472703618692 0.0764930621596646 0.0552098836592837
-0.039120741871504 0.0714212330512293 0.0503638950930301 0.00920085337964362
-0.00415987497077782 0.0788692745601822 0.0250057749099404 0.00192334687522259
0.0202132780459243 0.0763913037777838 0.00582741395162867 0.0125097027821063
0.0232576559171172 0.0781779190329605 -0.00849044030188092 0.0264062070349722
-0.00732422176212027 0.070941060367491 -0.0285106493800454 0.0285493957421252
-0.0404906237736673 0.0648833170534377 -0.0513790337674582 0.00181039260079969
-0.0908696248817088 0.0159386781785392 -0.0429185661269521 -0.0315577030505264
-0.0905457191753849 -0.0524642035848673 -0.00480468804900625 -0.0452720520867022
-0.0196428334956583 -0.102042840290844 0.0129943214443144 -0.0203920468998155
0.0498037807531 -0.109810256920905 -0.0381164261914245 0.0321389024909076
0.0588157200895358 -0.0575384946157111 -0.0335013863409629 0.10089027217819
0.0497849523351507 -0.0901331537022533 -0.0902364771206084 0.0824227578585064
-0.0247081743248814 -0.105149303125487 -0.0722871524204619 0.111639214529556
-0.0847634310270362 -0.060196977966039 -0.00727052143806431 0.119481587835137
-0.081167149502456 0.0257778970880822 0.0448503015193754 0.0691906518886691
-0.034729340561465 0.0573020166309354 0.0338718880278917 0.0366717116183063
-0.00528891489729667 0.0645094477186945 0.0243009532893784 0.0308286984048119
0.0146564380841419 0.0637299997788702 0.0134393675497419 0.036581224514879
0.0186806662905137 0.0665183455104678 -0.00231068844882365 0.0506066324408923
-0.00625940071285458 0.0627521277009844 -0.0281512593081912 0.0513275455125188
-0.0374731106649318 0.0558940084047731 -0.0581070981819763 0.020204770763228
-0.0793481950199854 0.00624663857059408 -0.0521762855972033 -0.0206958953176569
-0.0699121754901347 -0.0544392982388247 -0.0143728101998281 -0.0405811849503397
5.35740240332626E-06 -0.0864173629642032 0.0106689777420163 -0.00922617093997355
0.0565721929229055 -0.0719918961795256 -0.0498427352586991 0.0577989951371534
0.040920658789251 -0.00363352698363577 -0.0418314397348199 0.109295485347197
0.0486798923622601 -0.0391932118195845 -0.0824229857780291 0.0827734785923182
0.000521851541145277 -0.0657276533652789 -0.0734905080372963 0.0899663782395764
-0.0457156446102671 -0.045845974822911 -0.0254474848394277 0.102291472913083
-0.0522452804487142 0.010852654815181 0.0196754650835135 0.0759133911389232
-0.0228745045657314 0.0357878554131053 0.0217299165830664 0.0552817889400732
-0.00432656041531216 0.040253688598429 0.0232621120853138 0.0513649635789735
0.00786928617149761 0.0425293382501709 0.0192608397764215 0.0542062954119025
0.011494649539466 0.0463712620471634 0.000935201394051345 0.0692274940715086
-0.00590305617014345 0.0467687444685441 -0.0311122762369429 0.0676782446704423
-0.0310337596841115 0.0405330323472418 -0.0668410249252266 0.0341484171005216
-0.0601906311653849 -0.0030251473107154 -0.0620972599861021 -0.015881349730959
-0.0426610926314926 -0.0500100739673063 -0.0237292117901692 -0.0400823153572196
0.0190447240781618 -0.0611239075011025 0.00755597904136843 -0.00336462983476736
0.0561625473513339 -0.0253315316789378 -0.0622505199697284 0.0725202116256645
-0.0371949500581049 -0.0189901247487303 0.0667261687694559 -0.0861720218219262
-0.025371446021049 0.0278280566344577 -0.00904328269011359 -0.0135111592147886
0.00821667454266511 0.0362172177322304 0.0270879546572322 0.0521117420588047
0.0303562111498488 0.00645735649350182 0.0794841385595694 0.0230965182636634
0.0145582304312061 -0.0184828129221472 0.088696323745248 -0.0403523740971307
0.00120351114565518 -0.0148621309039438 0.0502826925021804 -0.0872921101953617
0.0029417437622987 -0.013139940653668 0.000185959430408873 -0.0887369536235196
0.00348479649839998 -0.0139481524923615 -0.0260868720481683 -0.0694797499943105
0.00559106234716497 -0.00967684789119632 -0.0266053329172799 -0.0639996693731143
0.00757640157631617 -0.00281446650023183 -0.0213016880326935 -0.0689055850050671
0.0114298437436548 0.00858610667632244 -0.0110229077808805 -0.0786712960408404
0.00217963618107107 0.0244977149177947 0.0225657127782663 -0.084652106608814
-0.0300082123498161 0.0249917103359154 0.0622906048980336 -0.0760108619714943
-0.0431214176894751 -0.0126414816430956 0.0531001908467623 -0.0763854193513462
-0.0294452316828767 -0.0452850893688394 0.0256469985524582 -0.112344164576729
-0.0208404007354401 -0.0696014153550781 0.067358877600099 -0.0666604572336645
-0.0354901525769254 -0.020901202629885 -0.0148221870368542 0.000570059677141071
-0.0302759048810731 0.0076583038581588 0.0288307397961757 0.0746905779907256
-0.010748236562919 0.010235067153952 0.0930357930722888 0.0409863691372706
-0.00474822457303831 0.00870910356553357 0.104917087670398 -0.0394705655701222
-0.00274161787367506 0.012294426272165 0.0584504251563427 -0.0896361653899161
0.00752936267935723 0.0169848490381921 0.00455172658446693 -0.0913438991202906
0.0129138472598099 0.0160016794630678 -0.0255018016216084 -0.0692731668205884
0.0105085898270674 0.0215083296702036 -0.0280579977098123 -0.0617981536326432
-0.00497617845767444 0.0233252489320174 -0.0237560550138274 -0.0630057456203558
-0.0161723923199848 0.0263918612366531 -0.0170740840530867 -0.0739066079561064
-0.038197656464679 0.0145016351313764 0.011037173027175 -0.0796941403585465
-0.0569902305049351 -0.0105797310717749 0.0490421743938595 -0.0717496259792871
-0.0397470532466777 -0.0575314104603375 0.0366488890577463 -0.0718669831402982
-0.00700496319657317 -0.0924930137470598 0.0136066352842813 -0.0993836074327056
0.00303108351666681 -0.110298337510735 0.0595829904914467 -0.0370841830944528
-0.0341071363439275 -0.0740389395641867 -0.0290880449697592 0.0211745664073769
-0.065865382136604 -0.0314416953915133 0.0206261754650613 0.103663451834812
-0.0593261392833013 0.00593891045467393 0.0988834579206786 0.0696276098410099
-0.0325693442347111 0.0354689285047484 0.117619480963271 -0.0267784465452322
-0.0101266450330045 0.0405187230635967 0.0653064318866379 -0.0794870916246797
0.00888164644401877 0.0463249613217117 0.0108771892533913 -0.0816929106120624
0.0208838652391332 0.0444082417413157 -0.0206123236230541 -0.0584733635249122
0.0175556738600843 0.0492831357843453 -0.0270597845198572 -0.0481195453338445
-0.00947391674523584 0.0471581905151843 -0.028968862618838 -0.0466427327526708
-0.0332060246750419 0.0462217593619034 -0.0295822573811874 -0.0610434613995018
-0.0706903808638123 0.0169440350139398 -0.00675157303129372 -0.0731345699540645
-0.0837851882606347 -0.0304779233285959 0.0326091700422494 -0.0692567942628367
-0.0432128841016439 -0.088805310298435 0.0233461341001644 -0.0623661715283741
0.00957945430743556 -0.125850379936854 -0.00212635247962383 -0.0716760569446379
0.0291153482051261 -0.13288346800616 0.0419437531575712 0.00216433469225729
-0.0196837501979359 -0.11738967920886 -0.0477242271018441 0.0451688391374004
-0.0870182694198419 -0.074191111216846 0.000452975078270988 0.128841445612941
-0.100910580710804 -0.00899810985701461 0.0889291019382384 0.100923823342082
-0.062731901452147 0.0537294112715276 0.120268998069271 -0.00301888725867631
-0.0211804578533337 0.0635713527961244 0.0686119307851185 -0.057268029243651
0.00710635994945505 0.0693109621206757 0.0177118223413187 -0.0610189447369624
0.0261907310249662 0.0652548462133635 -0.0133938801848004 -0.0388591446409982
0.024833973660718 0.0687736165845709 -0.0233131391561431 -0.025766625198482
-0.00868273713557066 0.0641157341446879 -0.0311515979519547 -0.0226788967798247
-0.0395810833919741 0.0619583276418129 -0.0405734556211133 -0.0414841436954274
-0.0898819971007816 0.0240078288257448 -0.0240327408662466 -0.0612090516288564
-0.101635629568677 -0.0384074367682485 0.0162484140947973 -0.0642611599737952
-0.0464211693753726 -0.10528817229803 0.0152464903020473 -0.0496755807914527
0.0218044665861829 -0.141983066255162 -0.0165547824341472 -0.0366750141643462
0.0503929996154489 -0.131659259338621 0.0164535821986548 0.0438231170578077
0.00608011021797196 -0.138784212948081 -0.0687273029452813 0.0671711701605236
-0.0846560174424444 -0.109837708434074 -0.0276118288497891 0.141464953441897
-0.123060862536857 -0.0327750937979897 0.0632171885373095 0.125109423948225
-0.0864701141298413 0.0573247445157888 0.107841077282057 0.0262423641224366
-0.0314645545509611 0.0756766635684598 0.0637540192709109 -0.0262163252441594
0.00345712247502206 0.081683211200004 0.0226208618185117 -0.0317900910222257
0.0271778274762614 0.0763472807234083 -0.00393012308809467 -0.0136471242145712
0.029055623559884 0.0782889874235485 -0.0165142239182067 0.000462250937925576
-0.00603440070079387 0.0729427239741537 -0.030413111578638 0.00451088599888001
-0.03968656370458 0.0694175685291059 -0.0485581410182601 -0.0183365038368779
-0.0959168250898668 0.0261271314077681 -0.037094446833942 -0.0461765369148384
-0.104896743559149 -0.0430433810220678 0.0032584643856018 -0.0565679153967296
-0.0411548093095362 -0.108953126902639 0.0132878440005283 -0.0349932554644819
0.0332439812837556 -0.136777804926045 -0.0270306650255646 0.000991307343086084
0.0615684314913745 -0.105710716858272 -0.00998724047219968 0.0794209368869234
0.0327865249360771 -0.129255960124928 -0.0840627651255713 0.0815863273839172
-0.0609134415447866 -0.121971985433335 -0.0537264766024198 0.136533080425948
-0.117732699772521 -0.0531994296278276 0.0287072533799032 0.132020437336394
-0.0940247321376831 0.0467926150739846 0.0812115670899201 0.0522781019266202
-0.0359617363904193 0.0741371879058774 0.0518856271003797 0.00738594404555129
-0.000176415095871941 0.0807835138799947 0.02516673229358 0.000210325124551843
0.0244401906261288 0.0760102479648022 0.00593841563320227 0.0126059201442887
0.0285789511375027 0.0772627210933397 -0.0081440210015393 0.0271224744650993
-0.0040085903269234 0.0722742268046625 -0.0282518180609492 0.0307045881015745
-0.038028149202644 0.0675451163574028 -0.0540967746500955 0.00400970050498204
-0.0920740999741502 0.0207625391369775 -0.04673402027384 -0.0312697282587137
-0.0941408382437497 -0.0483091687243038 -0.00734618100600266 -0.0480119150531511
-0.0252190672026566 -0.102823595777335 0.0123762271266782 -0.021657735699169
0.0450387116484913 -0.113953351293658 -0.0369660749809274 0.0350535738122435
0.0577069529568985 -0.0607611642876933 -0.0310527153617931 0.103554796694852
0.047272414767186 -0.094540189021743 -0.0901668622872901 0.0886189984623762
-0.0296259803166414 -0.105822478143774 -0.0698364548408189 0.118179302384992
-0.089268973650587 -0.057883275625262 -0.00162781011471722 0.123060636014542
-0.0810397014575105 0.0307029726963499 0.0498394014429816 0.0678430072292471
-0.0318936057164506 0.0595556014289343 0.036327737939445 0.0358778276800014
-0.00154743896898745 0.065646863749607 0.0254596406077156 0.02980135373939
0.0189265645385399 0.0637551286585089 0.0144953664053091 0.036062639412319
0.0230207941581236 0.0657376911734227 -0.000956464730988033 0.0513338334610007
-0.00315632134641093 0.0637547599556216 -0.0268966349796854 0.0534465436609208
-0.0351798193089719 0.058392223813704 -0.0594999578932959 0.0235401676657203
-0.0810388501463124 0.0104503926858871 -0.0559527259897825 -0.0193442796659026
-0.0737535932696535 -0.0514482374251771 -0.0171279896362198 -0.0421446055328281
-0.00394216572464663 -0.0878342834292627 0.0108198522810904 -0.0104864185437257
0.0539204350866897 -0.0762351843876876 -0.047678512159828 0.0608074591365323
0.0419339475844708 -0.00524215017479323 -0.0389178568042131 0.112059668640945
0.048218471944575 -0.0430451657293011 -0.0824036507569023 0.0872356975946584
-0.00273662175148337 -0.0668499507036751 -0.0712465478633451 0.0952736849918743
-0.0499099208962346 -0.0449976942872241 -0.0210935046466815 0.107003327135609
-0.0520901123939806 0.0143225345971978 0.0246248378591506 0.0761341233672558
-0.0205575886767461 0.0371509902071923 0.0252763507670849 0.0549483966183334
-0.00180444767814959 0.0408570962950343 0.0256357569955361 0.0505768750327553
0.0109318416764914 0.0421810388619395 0.0207131448501309 0.0529938850706284
0.0147743495897301 0.0455585150662284 0.00412049926380467 0.0698890180095176
-0.00325428460943352 0.0478173973177761 -0.0283287460127311 0.0703288955218845
-0.0290566675937117 0.0428068485075433 -0.0673580298835527 0.0376546860939196
-0.0619444657348391 0.00042021246491311 -0.0651337873187099 -0.013793799105082
-0.0461047119241805 -0.0479300275465587 -0.0267054421260374 -0.0412024576817972
0.0162645284384368 -0.062917856414402 0.00784682238924705 -0.00448015010079127
0.0557045349822344 -0.0284366356885562 -0.0593234403747801 0.0765371928856913
-0.0397444148080254 -0.0143342707188815 0.0535634007571105 -0.094661531037439
-0.0201552793815173 0.031700444500334 -0.0116494474206328 -0.0125774404431817
0.0154640770701443 0.0337237186416429 0.0335424562617863 0.0478994484469065
0.0321092372590395 -2.36524409164638E-05 0.0810053358357406 0.0128598494885104
0.0119157339728708 -0.0220936832910116 0.0821075035973395 -0.0527517028364092
-0.00162676961274621 -0.0176758400082897 0.0359519315542697 -0.0931720958730037
-0.000642117737550522 -0.0151968778585323 -0.0128606109668735 -0.0861876429960184
-0.000236888967966642 -0.0143217745966236 -0.034236110993611 -0.0630957009333506
0.00214949837369217 -0.0104848281100969 -0.0349716449350669 -0.0591719179557766
0.00596809135207987 -0.0036650882683965 -0.0302987009838558 -0.065485860752622
0.0115321999561318 0.0063024138421393 -0.0221849572013446 -0.0765820018341415
0.00487698194266557 0.0237934330427907 0.0118421672613437 -0.0873044486553558
-0.0269250076910088 0.0283007618712256 0.0544015105152412 -0.0846528432435531
-0.0449218062523368 -0.00572427706736393 0.0454222730099696 -0.0808525240531855
-0.0362737674453232 -0.0402276931222304 0.0133725860681695 -0.111025530766057
-0.0319021501808825 -0.0661472741195993 0.0588785331624741 -0.0742070361708473
-0.0383537526878994 -0.0143120534892887 -0.0127333899912173 0.0028515301651936
-0.0261545636102804 0.0129719588721493 0.0403666880636705 0.0682455045492855
-0.00748062864170892 0.0111787923203884 0.0980413799566703 0.0267209503859733
-0.00227447838527789 0.00715354297171206 0.0966782457024205 -0.0559242399331081
-0.00105253194725916 0.00911643688756097 0.0427605414955831 -0.0971050602895994
0.00910407163903386 0.0144308364616321 -0.00999179670423748 -0.0905151208961106
0.0136664070950441 0.0136299063144424 -0.0342707915876975 -0.0622261598814869
0.0122360983556287 0.0192647215336873 -0.0370086336807246 -0.0566396456527415
-0.00255071208276908 0.0245592631221384 -0.032905162691874 -0.0595139617605353
-0.0129050697157574 0.0281237536935257 -0.0271390383968079 -0.0710991915018378
-0.0366908810817819 0.0201394181788619 0.00203044818958121 -0.0813223082074462
-0.0580112622864385 -0.00224697992734645 0.0418925633862611 -0.0783953715866664
-0.047552597711153 -0.0500916038510723 0.0285231878572719 -0.074370255115635
-0.0205088541839278 -0.0902138529424153 0.000857050995348217 -0.0964637576704815
-0.0152591124415429 -0.109534503171292 0.0561892492163781 -0.0419334597195667
-0.0457324269759818 -0.0653030957078544 -0.0215572301748743 0.0261504493850748
-0.0675866998486294 -0.0187109075853326 0.0387778971577808 0.0969453469691438
-0.0541461299911649 0.0155936609326635 0.109504418703907 0.0512555041169001
-0.0244428629629234 0.0377717901368395 0.111157927502705 -0.0468616294264008
-0.00431728703526715 0.0380588652358652 0.0500972942675859 -0.0888040973830002
0.0158299318478003 0.0434824142240704 -0.00319927555765871 -0.0832047246360045
0.0251486457514552 0.0394270848138367 -0.0291548872522263 -0.0523073595401539
0.02398673580201 0.0456040561695721 -0.0345459881136089 -0.0428614708229725
-0.00379191415933878 0.0490239746596666 -0.0357532639686587 -0.0428703300499049
-0.0266272585035558 0.0499912990018099 -0.0385049954644666 -0.0571911237563434
-0.0690041882046234 0.0277108547857325 -0.0144283812894592 -0.0728414951837626
-0.0873317760490496 -0.0177102901649811 0.0259344199675727 -0.0734261688508832
-0.0555548305155202 -0.0805184865330735 0.0152550736881775 -0.0631641084675507
-0.00819616574446122 -0.125765272160009 -0.0124813163919344 -0.068372636152018
0.00643275830814104 -0.13541395928075 0.0450036342412212 0.000937752256554474
-0.039369913859976 -0.109794596391316 -0.0350180005032109 0.0539409965375748
-0.0960564837960879 -0.0560743624942384 0.0254497017581845 0.124365781569798
-0.0980184279542565 0.00916961358867444 0.106752132237521 0.0821369605487088
-0.0499633542805467 0.0607810917694845 0.116403044843698 -0.0250336764581593
-0.0108337713370007 0.0626931043102175 0.0561007457379822 -0.0678383549710748
0.0185347126914231 0.0671339472760958 0.0065078795230555 -0.0648628545456859
0.0338317282543818 0.0591452577295813 -0.0199891672494625 -0.0346136288818383
0.0345970583755242 0.0630496731583003 -0.0282907107433109 -0.0215142761967696
0.000239494948417314 0.0655564767492131 -0.0352550714026275 -0.0191458772678336
-0.0299991120090549 0.0669918939021602 -0.0474277077571141 -0.0362993126798318
-0.0859907586283674 0.0382040859870739 -0.0300327814049892 -0.0594560967722902
-0.106116481862708 -0.0225369128297356 0.0105793202861901 -0.0655939474893254
-0.0609381246686396 -0.0965036498032843 0.00816343841527389 -0.0496007784405604
0.00173165854809832 -0.143217836817124 -0.0232924223881653 -0.0323677224426149
0.0281136868014838 -0.136372063641739 0.0256937800152781 0.0460386373870704
-0.017805195337138 -0.134885870759631 -0.0520535560138439 0.0794512129276289
-0.0996345814908565 -0.090884909695648 0.00183254892476502 0.14250191219575
-0.124634046850141 -0.00940766262344684 0.0865246226194015 0.10973217049945
-0.072854114806037 0.0685607976194636 0.108663337285523 0.0043582459796911
-0.0185449741229136 0.0766611801777409 0.0566861179342607 -0.0372268535683351
0.0171657905790691 0.0805793266614741 0.0156680810990446 -0.0376959479481901
0.0372388546392678 0.0697192981023389 -0.00769007409370317 -0.0116938659945177
0.0403457433604129 0.0719852088642815 -0.0176253921095983 0.00364179138214561
0.00520477500714361 0.0734272905068797 -0.0309403748486214 0.00781943572598764
-0.0289157493031593 0.0742321019080549 -0.0519833130373953 -0.0126187791977497
-0.0918865331130456 0.041663522363545 -0.0415445976937704 -0.04273968980811
-0.109482594680191 -0.0263840078193574 -0.0023037615498715 -0.0565073109715371
-0.0557555415192288 -0.100970244515902 0.00725767903641481 -0.0349346530480825
0.0141972008685772 -0.140042603456483 -0.0296018708437621 0.00568061368429745
0.0433741869641594 -0.112054498282181 0.00382072153396232 0.0837604535091651
0.00969039695560465 -0.13039624397261 -0.066466416291458 0.0969928523243144
-0.0787352951573619 -0.107074880906033 -0.0251531378057295 0.142552753982663
-0.123492804583713 -0.0298437195024354 0.0547727165281835 0.122480356745671
-0.0816556451762223 0.0605791106675928 0.087022628927772 0.0332919028242062
-0.0222556726418394 0.0766818760743673 0.0497377926122737 -0.00330651457816742
0.0141043671855053 0.080222063079318 0.0231511716858373 -0.00694083953837538
0.0355059804776956 0.0702808058630584 0.0050327924014173 0.0120138637007997
0.0405972548077717 0.0708309479065795 -0.00636797820918474 0.0282593318414695
0.00789333892026423 0.0723991494110879 -0.0256637648917054 0.0330002571628875
-0.0266754712672473 0.0722548022479103 -0.0543758831696192 0.0101596327294332
-0.0891572120633764 0.0355464891561627 -0.049536311995842 -0.0266458369474744
-0.100014405113242 -0.0329236444045818 -0.0123629218894764 -0.0465362624929651
-0.0397299267582497 -0.0971753300765422 0.00781258265336228 -0.0218468167140254
0.0291558567018193 -0.118661612882214 -0.0349410432528558 0.0394331195575009
0.0473412459455034 -0.0669218490091896 -0.0149766185816217 0.108693282966211
0.029722735436941 -0.0985183978293472 -0.0734807595495284 0.104807678256324
-0.0461106375548299 -0.0968309030258526 -0.0450732803517473 0.12803541895143
-0.0975475253261437 -0.0388116323818699 0.0228266417893547 0.119776746235342
-0.0717132047035244 0.0437492945809519 0.0597381499349482 0.0545198594476058
-0.0200857963398147 0.0628838953335163 0.0397848878987423 0.0270734250270064
0.0103533137293163 0.0659764909982305 0.0287928522380915 0.0226137255989506
0.0283544078509836 0.0591699974315756 0.0174997844660544 0.0329697812443726
0.0338382668975366 0.0610342371922881 0.00489262751341806 0.0506026022030075
0.00755424599954389 0.0635119094621876 -0.0210680406196833 0.0556288971489761
-0.0244452114112765 0.0625408752154645 -0.0570093884903915 0.0299513871645624
-0.0790273910599823 0.0247538297461051 -0.0568202309057621 -0.0134754034547698
-0.0802411275793194 -0.0391416500335494 -0.0218389852483617 -0.039407103706764
-0.0172692515579244 -0.0857029882723713 0.00738838391326173 -0.0120345905327164
0.0436868237097659 -0.0826157588216457 -0.0418946598210155 0.0655388612062198
0.0411278808631907 -0.0095653237783706 -0.0234618550635568 0.116005662582013
0.0392669226615402 -0.0488793494456617 -0.0683875675754366 0.101477612208527
-0.0140524035777631 -0.0629495596773991 -0.0531999902104177 0.106343671136286
-0.0566716519692243 -0.0328003239371416 -9.93364469667624E-05 0.108029231042976
-0.046878870461923 0.0238406996808463 0.0366451056920176 0.0687969518684706
-0.0119340696102083 0.0397060294833748 0.0320205772140645 0.0488223594213637
0.00666429751974451 0.0413360546945437 0.0322496456030994 0.0439867419138331
0.0180432332532413 0.0395545349317051 0.02692789611084 0.0483772636899763
0.0231426730043098 0.041988709590662 0.0124477051253682 0.0679428120586776
0.0059397663661523 0.047965430836768 -0.0198047013777153 0.0728896072810838
-0.020342942245677 0.0471783361937693 -0.0628884259482576 0.0450471358229651
-0.0616789398184309 0.0114791008521412 -0.0662017738141998 -0.00617967193803698
-0.0525032800525432 -0.0397225017158988 -0.0316750062504605 -0.0370123660445206
0.00634230030354956 -0.0642613632896131 0.00532231162918182 -0.00615220585060634
0.0521373164241567 -0.0357186689830234 -0.0510115787708043 0.0814838660945707
-0.0389628345171924 -0.0131046188689819 0.0494584795431733 -0.0938386189570532
-0.0179574525078411 0.0307310012658676 -0.0113691576550948 -0.011486529755707
0.0161653384659952 0.0317771739138655 0.0343197832345277 0.0475613395886852
0.0312994261745133 -0.00150131946065619 0.0801669648191005 0.0107932272598636
0.0103048158867794 -0.0220095148207402 0.0793165977981449 -0.053832286291003
-0.00282219791407102 -0.0167197201171163 0.0324259711419963 -0.09307277528608
-0.00173346826926075 -0.0149245253438498 -0.0146936118258259 -0.0836405895363944
-0.00109097097130679 -0.0137406167750026 -0.0340815784951692 -0.0606537977126536
0.00159231851061829 -0.010158335846606 -0.0364796741282029 -0.0559932819370423
0.00516901699972969 -0.00380315971835007 -0.03215494277892 -0.0627713742615134
0.0113793069944296 0.0057743193914089 -0.0241973031738872 -0.0738354913584912
0.00539213645161722 0.0222050432275912 0.00963051539410735 -0.0860986081240545
-0.0248887678821649 0.027856783571366 0.0518322931785727 -0.0858722051776216
-0.0429184556137093 -0.00440568065701225 0.0443571641800715 -0.0801511441276181
-0.0360209228971069 -0.0382346723978311 0.0117690437661981 -0.107949800065356
-0.0327777653856807 -0.0636442855575128 0.0558456481789673 -0.0736966134633041
-0.0373045001906042 -0.0127680576843247 -0.0120252982757542 0.00380595607313048
-0.0253405835147211 0.0125310015025878 0.0417894181914549 0.0674879634807073
-0.00698617444158083 0.00991341819596462 0.0973397299662874 0.0239700043907218
-0.00277385612608653 0.00658159686507262 0.0929056025147358 -0.0576095632712388
-0.00191780452433794 0.00937137732562497 0.0385679819128965 -0.0967316732957459
0.00923358881346399 0.0139249661433827 -0.0124994946568126 -0.0876998644572908
0.0128807113621321 0.0129679441593074 -0.0341466649315294 -0.0593363525559033
0.011958889430701 0.0185673921867222 -0.0377858727793455 -0.0533764249219716
-0.00225760942106187 0.0241422154043358 -0.034544863215206 -0.0567954200751476
-0.0119897655807611 0.0274094189926389 -0.0298469786397829 -0.0685979070891874
-0.0353847602756065 0.019862986237463 -0.000411482259870746 -0.0801140086550112
-0.0560687818203441 -0.000983539969091703 0.0396698886797062 -0.0790331551358205
-0.0468180593287232 -0.0475096678624346 0.0278354471223023 -0.0735368282970648
-0.0220374705091631 -0.0869878565242485 7.67046436121955E-06 -0.0936237537237172
-0.0176683590051839 -0.106076933141994 0.0541394642295202 -0.0415931021996275
-0.0460077069853068 -0.0629361808099295 -0.0203122852740854 0.0267338931597272
-0.0657658775698023 -0.0170417198323753 0.0408593096549283 0.0951181197318148
-0.0532150378512502 0.0158488525770122 0.109355791398571 0.0482403090014702
-0.023512997750705 0.0369802688798938 0.106719103573672 -0.0491007957637839
-0.00423390272257943 0.0376326773403618 0.046526360838986 -0.0886549375920781
0.0167160099772222 0.0418509062376328 -0.00568501055567327 -0.0809951572244686
0.025254238536339 0.0375948821298079 -0.0294762549574211 -0.0494295794054326
0.0241179395382815 0.0433708629331252 -0.0355555174903179 -0.0398222091788896
-0.0024181510590115 0.0481640029987506 -0.0369519165690581 -0.040172279073539
-0.0252163123002726 0.0494117227842862 -0.0405078997828534 -0.0545130395291657
-0.0669734761962592 0.0281597807084043 -0.0168955419573879 -0.0712114042332669
-0.085277425417191 -0.0151340158417792 0.0238031093559673 -0.0742881345537828
-0.0551424939342296 -0.0772085256057731 0.0150207958492775 -0.06244655823988
-0.011055693905397 -0.122257519490928 -0.012646852766274 -0.0656928024196811
0.00317733609739973 -0.131732568992915 0.0440244326643269 0.000146248729992987
-0.0404892273336089 -0.106327029465068 -0.0334010833673163 0.0542348750798424
-0.0940463640610491 -0.0532545792465597 0.0281416733596721 0.122773032784638
-0.0961988250472611 0.0104564480877278 0.107237320768049 0.0793986664604334
-0.0478869741459974 0.0599003370320959 0.113369246499461 -0.0279494783348399
-0.00941820061329993 0.0616787314730554 0.0532375310991491 -0.0682916457425209
0.0196868843801791 0.0649949862013813 0.00375667590742296 -0.0633542266158902
0.0343264367044881 0.0566640969442478 -0.0202186296780264 -0.0323497727501618
0.0350230864519942 0.0599228880102961 -0.0287611646225926 -0.0192499168326841
0.00174733758007706 0.0641617654888174 -0.035869262751054 -0.0169952636216031
-0.0277274651697511 0.0659208696762023 -0.0484917542715225 -0.0341371280726552
-0.0838528975745437 0.0390831268411412 -0.0322059029299354 -0.0579696796743957
-0.103337537089953 -0.0194906307029397 0.00829003405943867 -0.0666730145561665
-0.061382739337172 -0.092413696685857 0.00824299063171706 -0.0489605764722334
-0.00209806517167109 -0.138993815912072 -0.0222204370832813 -0.0300550960523146
0.0242963097009385 -0.133163569080211 0.0257558341477104 0.0441397813819841
-0.0200851509579567 -0.131467923824993 -0.0497528883049726 0.0796240944559557
-0.0982910269599617 -0.0865333086258407 0.00444593053744043 0.140311165727323
-0.122716609770896 -0.00670938748783811 0.0885869778030285 0.106824967325649
-0.0692955862277457 0.0685359897181483 0.106103519227461 0.00100479100521416
-0.0158291590597609 0.0752449841537356 0.0543073807202972 -0.0380510524617452
0.019574965796791 0.0779923347477349 0.013528363205992 -0.0371627168418837
0.0385003434234402 0.0666284602621299 -0.00818412005718615 -0.0103992951937057
0.0417924467273156 0.0682732098715848 -0.0178375385982526 0.00480448219955132
0.00706030498760579 0.0716375082648536 -0.0306249745646907 0.00869625804514256
-0.0264225690477592 0.0727920607312583 -0.0530050624205844 -0.0105566280829802
-0.0889933883428533 0.0426175953778361 -0.0434398978000989 -0.041328484151009
-0.107206554505788 -0.0230655671385596 -0.00428780015873389 -0.0567610416002141
-0.0566453006597183 -0.0968664591382037 0.00718592697901445 -0.0352824848709606
0.0099470884808592 -0.136681466409731 -0.0281102488416147 0.00662809898394093
0.0399037803664156 -0.109969828798802 0.00537174582516153 0.0817362011029789
0.00699646240239914 -0.128131676822272 -0.0638084684792532 0.0972657597952617
-0.0787284551437278 -0.103183337304497 -0.0221407620833776 0.141318187215959
-0.122891865623873 -0.0265430468211592 0.0577299341871398 0.120127136491606
-0.0777125218040885 0.0611792812425535 0.0859090061231024 0.029810936143229
-0.0197814292060154 0.074887396823468 0.0488476786233473 -0.00444604705409276
0.016390316269754 0.0777919490868761 0.0219534068239644 -0.00727182587157997
0.0368091672019776 0.0669704528089056 0.00498144450166312 0.0121915532135484
0.0415785031661553 0.0669706439531452 -0.00596793127936752 0.0282591888537783
0.00974529803356125 0.0703376081071185 -0.0246995418666116 0.0334442588170841
-0.0241908119799006 0.0710941127740069 -0.0546240000759574 0.0117906889320324
-0.0864386202203964 0.0379796977709254 -0.050558606923868 -0.0248392176814081
-0.0982045041481362 -0.0287720192576734 -0.0143425691251863 -0.0466214828883856
-0.0410555104579218 -0.0935668808953323 0.00764973402165244 -0.0223802846253867
0.0256684389913559 -0.116091155578774 -0.032794886483506 0.0393903668419026
0.0446203930761485 -0.0660918145072592 -0.0128016139136667 0.106310290114509
0.0272419700244825 -0.097886501901135 -0.0704852148657262 0.104397735332696
-0.0474936253473343 -0.0941188271684325 -0.0422328933010059 0.127351690118872
-0.0974494174511231 -0.0352503691585527 0.0261992291375364 0.117845009281361
-0.0689324210807346 0.0449982734589834 0.0597359549529811 0.0515074246840221
-0.017714665767167 0.0614865271405555 0.040010798293994 0.0254642485507115
0.012414033917393 0.0638765467753295 0.0282317177131262 0.0209168450727873
0.0299287440727225 0.056453261750385 0.0168879459126532 0.031982628355412
0.0356416670259659 0.0567833093300494 0.00519775684427131 0.0494583327711462
0.00983740468085562 0.0615502543499773 -0.0190474348159283 0.0550707769513176
-0.022033367956731 0.0615645690299045 -0.0560303380063886 0.0316033460735293
-0.0769350766442324 0.0265291721886156 -0.0573172933610191 -0.0119114348216704
-0.0790745957119038 -0.0355459964911104 -0.0232081795931049 -0.0390718397458417
-0.0188667503477628 -0.0825739668793348 0.00729421083505946 -0.0125192912151736
0.0404530123939994 -0.0822211088441046 -0.0392577346197065 0.0651616231034209
0.0409447042074329 -0.0106715616321025 -0.0217044500572023 0.113507548412093
0.0376415183375112 -0.0494988199709227 -0.0662060063774783 0.101070740226517
-0.0153477006048687 -0.0613156480864241 -0.0508226386272549 0.106606482501193
-0.0570543070104411 -0.0303375991299412 0.00310089795940162 0.107022006389398
-0.0444548528547707 0.025194931807457 0.0379146931862625 0.0655357494437089
-0.0101788678829232 0.0385326859149928 0.0334608737888034 0.0468702965323863
0.00806275659554556 0.0396341388430991 0.0325153751347726 0.0415203918784351
0.0189275180569809 0.0374618184350179 0.026611275149454 0.046378118255036
0.024090197559211 0.0393526870360347 0.0129584546857586 0.0657149805299689
0.00765299615254226 0.0462740450198308 -0.0175161935734552 0.0711735710181831
-0.0183913445442257 0.0466415472634253 -0.0607454953616694 0.046076302711228
-0.0602858691645679 0.0139664932495143 -0.065727770295052 -0.0044573041682249
-0.0522236653754962 -0.0369504604021427 -0.0323847107283252 -0.0359756155954234
0.0043708002700979 -0.0623053694053896 0.00513433965378431 -0.00663915782594344
0.0502385332569798 -0.0369271704131665 -0.0473684585692579 0.0810208189727123
-0.0383359235810626 -0.0131657120408445 0.048608870085479 -0.0914563079722932
-0.0174606371668825 0.0303988912567264 -0.0109495292486262 -0.0107232547713695
0.0153943572619308 0.0307252110264854 0.0344270973604118 0.0481142318848193
0.0303645974224328 -0.00247588058182378 0.0799092600303225 0.0118541926874974
0.00919699251340794 -0.0212212591071275 0.078711371853198 -0.0533409986537514
-0.00360508798159117 -0.0166081646985269 0.0317191330276599 -0.0921739832649215
-0.00169214668368086 -0.0148561850747658 -0.0149571180398289 -0.0823253714201753
-0.00164793693941459 -0.0132904435154046 -0.0324569347959935 -0.058961233680147
0.000798750111784389 -0.00978689019094764 -0.035296376113648 -0.0543151067922182
0.0047955892315232 -0.00375374989263364 -0.0322622896233537 -0.0612104601334536
0.0113590712549226 0.00505052811660931 -0.024821377040036 -0.072678612906858
0.00545821706026945 0.0215643550877319 0.00996527480331155 -0.0848789448601775
-0.0237610671142729 0.027743926310553 0.0523179367519459 -0.0861726042194962
-0.0413334749442521 -0.00453730974179934 0.0457144141464682 -0.078424639904768
-0.0350218857355757 -0.0376043436738547 0.0133828376542542 -0.105275084998759
-0.0320296115898949 -0.0623107024810785 0.0550891020903908 -0.0719579181877515
-0.0360966343727165 -0.0124293419984547 -0.0115398298649002 0.00400083580024273
-0.0248818448768178 0.011943480694098 0.0415556338843494 0.0679404216741096
-0.007027468549361 0.00882385393687589 0.0968253306110607 0.0244832345211598
-0.00352747541575749 0.00641488741826374 0.0920491596761533 -0.0562317598196992
-0.00288494074574168 0.00945533489891814 0.0378316552323266 -0.0958278542205382
0.00869570239517456 0.0131125782351288 -0.0128747538143059 -0.0862532316755473
0.0120129660389631 0.0126931329888792 -0.0328992549519907 -0.0576464031315465
0.0111821061574973 0.0183098559414375 -0.0373838826592587 -0.0516889166723986
-0.00263112941677465 0.0239605505894789 -0.035071668562208 -0.055603073299151
-0.0118908606204821 0.0264042569808397 -0.0303971025615249 -0.0671818515471141
-0.035139140709778 0.0190738826141309 -0.000356981419328958 -0.0793832854005952
-0.0545238666785981 -0.00118159122043526 0.0396048018583771 -0.0796645644624316
-0.0451670894053144 -0.0468412770753671 0.0295866911010752 -0.0721728832776501
-0.0212676352969387 -0.0854676949487809 0.00184099136787013 -0.09115665141711
-0.0169782077145251 -0.103073180095976 0.0537414830566651 -0.0406929283571794
-0.0444054479392066 -0.0619256492938022 -0.0204216387974183 0.0270335327072809
-0.0639268190902155 -0.0173955354274711 0.0406440480836149 0.0956612518486476
-0.0527070499165387 0.0150221098520015 0.108242757013429 0.0487829493020193
-0.0232978677298513 0.0354988048908325 0.105083068245891 -0.0483721768858305
-0.00494140458288705 0.0368523686936472 0.045724562133813 -0.0881798672734107
0.0162445477265675 0.0413149206133325 -0.00604000581364182 -0.079090891141952
0.0248759727455658 0.0369317250706262 -0.0284878520291758 -0.0478474211191878
0.0230023757482753 0.0420701914018393 -0.0359209998943889 -0.0382673301694407
-0.00305533143317323 0.0476535123254758 -0.0372196904607552 -0.0390926607509158
-0.0250639379992892 0.0478294869410462 -0.0412253761966585 -0.0534471197696566
-0.0663251948319358 0.027150326740798 -0.017544460453887 -0.0708858141955181
-0.0826682673765826 -0.0156241878253328 0.0238861718892837 -0.0746808583746709
-0.0530995576389262 -0.0759737918829423 0.0163441545383329 -0.0617815816237514
-0.0104326584399456 -0.119723757034832 -0.0109001153460096 -0.0635252677792817
0.00371763122817524 -0.128291903901797 0.0431038847069888 0.000576499683644284
-0.0388648656507433 -0.104806487003256 -0.0333920359848504 0.0538116898956243
-0.091835657701227 -0.0529556633391223 0.0271778711054532 0.122983181720672
-0.0954043002741656 0.010323085940387 0.107120608929148 0.0796952202640401
-0.047231481463882 0.0584178053143685 0.110854382379901 -0.0279817882296573
-0.0096333466076637 0.0607277472638144 0.0524381255594935 -0.0678727104325564
0.0196479842852032 0.0640027435477429 0.00293132580015582 -0.0620602249587775
0.0336602624230389 0.0551604888892068 -0.0195274336346646 -0.0307197631541972
0.0339264975241647 0.0583351205608237 -0.028697897949553 -0.0179048111211851
0.00120272599062327 0.0631352240801439 -0.0359314974883503 -0.0161777597850519
-0.027595262796696 0.0641998648237736 -0.0496886934902709 -0.0328501171881784
-0.0829097717518209 0.0383518401669228 -0.0330224984854872 -0.0570391563538305
-0.101131475609395 -0.019516202153973 0.00772572327003867 -0.0672723690308037
-0.0593410480554849 -0.0907161133864997 0.00936968558431727 -0.0487055296247762
-0.00188630455581696 -0.136440831630295 -0.020780117527757 -0.0289836778675515
0.0248025881868331 -0.130466049317985 0.0249393382634029 0.0435734722934117
-0.018844961198685 -0.129399314627556 -0.0497186562069177 0.0787996495472363
-0.0955888254155563 -0.086176585886137 0.00279753153268576 0.139854149945708
-0.121399178722345 -0.00755118446534365 0.0879553649565444 0.106481786401197
-0.0679832646899551 0.0666907539691967 0.104298917198791 0.000499064818354209
-0.0162961274139505 0.073801097772681 0.0536692356734875 -0.037823414290376
0.0191833052734822 0.0769306224629643 0.0124751201606164 -0.0360409851959154
0.0377859220247205 0.065548063920098 -0.00788044875311843 -0.00996607830501289
0.0406968321984451 0.0662275763710088 -0.0184283130248477 0.00549484637481899
0.00664892412000256 0.0705890814597673 -0.0310592272428058 0.00916576900643817
-0.0263758691146972 0.0713274979669677 -0.0540666250223865 -0.00960754280072422
-0.0878493619150699 0.0419881290990192 -0.044536954431461 -0.0412546814177571
-0.104427240156465 -0.0228144177195553 -0.00468246912423494 -0.0575409773368412
-0.0550643474750761 -0.0949185985564027 0.00796885230198419 -0.0350262106755069
0.0107748304407952 -0.133685459657576 -0.0266388272198737 0.00682264310878915
0.0401040250424503 -0.107729866424574 0.0041649310976636 0.0805077613657996
0.00740466115366348 -0.126973626766859 -0.0641631168841029 0.0960960930363117
-0.0767105551342667 -0.102789727983149 -0.0234923113568206 0.140964375481487
-0.121711284628369 -0.026653920283516 0.0574101654506204 0.119563127329141
-0.0766140349656785 0.060167327681123 0.0841886759722181 0.0288491369768988
-0.0195268299339781 0.0732856333798211 0.0482931737157125 -0.00471945963872581
0.0164558576164096 0.0763214626307281 0.0210782987548367 -0.00686901641846234
0.0364751530292361 0.0654666472845516 0.00435976971033984 0.0123434238223346
0.0408545023605562 0.0645716967866797 -0.00666006687181711 0.0284719369716183
0.00951989819709686 0.0687416486949455 -0.0249551404576712 0.0333311981216519
-0.0236627408967825 0.0693682148207119 -0.0551671450990458 0.0121626079678926
-0.0848667602307569 0.0374047818331527 -0.0512227305946487 -0.025018331002983
-0.0958236447078262 -0.0286232633406496 -0.0146316787776194 -0.0474807226739313
-0.0399398490060878 -0.0915016005409332 0.00798267140347275 -0.0231033905398856
0.0253552717130051 -0.113887426224538 -0.0315263345659604 0.0393978183680649
0.0450218845316783 -0.0649886768724596 -0.0144168137236217 0.104660136969929
0.0275787622979257 -0.0968692221189703 -0.0710499152170988 0.10289011134529
-0.0462063434291185 -0.0932104154900153 -0.0433558675140035 0.126845981480042
-0.0968902341723507 -0.035133780254811 0.0262848272006954 0.117154136042819
-0.0675785838118679 0.0442960367066731 0.0584708647332406 0.0501196305102344
-0.0172613246284217 0.0595978166204874 0.0398267885874733 0.0249782863308582
0.0123857823308086 0.0623780488363076 0.0271917225792059 0.0203095723962803
0.0302510859600791 0.0548751812864569 0.0156981670697423 0.0318040006015278
0.035049650191625 0.0549489894519615 0.004282425435803 0.0487756232512335
0.00960939361070649 0.0605504905286682 -0.0194383764868288 0.0537925750187747
-0.0217689518645989 0.0603817533349241 -0.0565522555374862 0.0310595803402348
-0.0756610978304313 0.0265838865252992 -0.0582669834775143 -0.0122462220439584
-0.0775396057796197 -0.0348346392785723 -0.0235954939646456 -0.0394945008425076
-0.0183989444137138 -0.0807541051905717 0.0075242269501362 -0.0129915603887098
0.0400511322658609 -0.0805059799952075 -0.0381560510939498 0.0645993184802311
0.0407549178278063 -0.0101458010655294 -0.022832382218782 0.110930217799283
0.0368793821852185 -0.0493322459566205 -0.0670045086627593 0.0992141685484477
-0.0151458542330877 -0.0608120597153627 -0.0516019096319182 0.105739283008251
-0.056733556281883 -0.0297686846544174 0.00359670804782215 0.106327197200946
-0.0434811785667979 0.0248828867890043 0.037717053197039 0.0643103395950125
-0.00929435677041866 0.0369898923310171 0.0329977504970432 0.0458288473166709
0.00856398965423592 0.0381301344734646 0.0315554788612072 0.0400897331446493
0.0195417989461957 0.036497845703573 0.0249468189963985 0.0456111733714722
0.0238790974696502 0.0378315638074102 0.0121436604654946 0.0641472709166586
0.00822999639390081 0.0451032996171074 -0.0172615754144781 0.0698492137640201
-0.0176193556503838 0.0458790942213411 -0.0608155796534142 0.0453134712379394
-0.0595507195863278 0.0143148804966456 -0.0661289556260279 -0.00484433872064459
-0.0512709890036449 -0.035843313434428 -0.032542863537583 -0.0369277140316509
0.0042458302591015 -0.060721936845924 0.00541102797732251 -0.00740215136622405
0.0492807169365363 -0.0363229016057916 -0.0464488148005727 0.0796546838228025
-0.0380677741188486 -0.0135934743760067 0.0506289943477394 -0.0911612765885676
-0.0176555293318557 0.0302926795760195 -0.0113757850422584 -0.0112299225133836
0.0154335907183949 0.0309297523517312 0.0345750126432423 0.0498322377274427
0.0305526291065351 -0.00267306027569857 0.0810324752625015 0.0138572372696608
0.00894612865882134 -0.0208893259201496 0.0802389842440405 -0.0520650373907418
-0.00434423109067141 -0.0161064365074012 0.0325835740156445 -0.0928267708817016
-0.00237170617270747 -0.0144074636156355 -0.0133350027867606 -0.0827838052186433
-0.00199449272289427 -0.0129382029858517 -0.0312551458952371 -0.0600101259367292
0.000369812719143809 -0.00908979329404913 -0.0348080538821582 -0.0546688728960751
0.00428899019382179 -0.00341330372799411 -0.0322611332421713 -0.0621392702284145
0.0113044366670178 0.00476581283214509 -0.0238013707316133 -0.0733960033576219
0.00509050014664399 0.0203509532656999 0.0116017612796377 -0.0857843312951165
-0.023687496793639 0.0276067912320774 0.0544443494619378 -0.0868308067178048
-0.0405488503094266 -0.00542571311225369 0.0489811200021373 -0.0777981853144443
-0.0344785281915764 -0.0384213477605309 0.0171438638501913 -0.104946125082655
-0.030699189993732 -0.0628803491797094 0.0567586912840186 -0.0711527515146268
-0.0353627705677123 -0.0133661224290661 -0.0126406397954658 0.00385031303689787
-0.0248274584616596 0.0112146135890892 0.0415743412345966 0.0699752895513596
-0.00779229652128179 0.00829307843061377 0.0980493408226876 0.0274914237155605
-0.00445198026754256 0.0063346532536304 0.0936026529480614 -0.0554900454951439
-0.00378339750165559 0.00988692115667909 0.0391158283272391 -0.0961175154626591
0.00811532014024044 0.0132577309825291 -0.0120186111709546 -0.0863333857219597
0.0119998033728365 0.0133121918375466 -0.0317129344896105 -0.0583196992056957
0.0102523952155221 0.0187765854409351 -0.0369119754414245 -0.051852680504244
-0.00370792925842466 0.0242427568365148 -0.0354368116545855 -0.0558712039444214
-0.0126126829227152 0.0259776011705007 -0.0304181499702353 -0.0677949069536498
-0.0359654262383215 0.0175981505342203 0.000494234934713408 -0.0804136398829226
-0.0538195930882956 -0.00234834277105295 0.0422129460244425 -0.0813138282808762
-0.0431230131206565 -0.0478768711481069 0.0326238468286648 -0.0722451778279788
-0.0191995045303429 -0.0861657603404796 0.00515370977983676 -0.0908582491646509
-0.014768484861195 -0.103661880085748 0.0546641987818323 -0.0398447640279281
-0.0425271106436078 -0.0624295784405721 -0.0208628322330431 0.0266472241993285
-0.0635913432984182 -0.0189770578353633 0.0389105033802961 0.0979671150707095
-0.0541945287015512 0.013910215472908 0.109746732692511 0.0519755012245526
-0.0249367130972425 0.035298978720335 0.106136306261643 -0.0464337839293644
-0.00644217388035389 0.03741847219251 0.0469353479809547 -0.0879874318084476
0.0155040930420876 0.0416150043683779 -0.00574476237722386 -0.0793867301340931
0.0243074268667275 0.0381264981741621 -0.0273880926939807 -0.0478012069735293
0.0217822019096275 0.0425692158653622 -0.0357650688900745 -0.0378497317782215
-0.00471382959700605 0.0481809221094949 -0.037642161319702 -0.0396531260718705
-0.0260331461797956 0.0473878054718401 -0.0419249904070007 -0.0536119463789728
-0.0671781758669541 0.0260847902931305 -0.016763480280125 -0.0724265461041075
-0.0822377295323823 -0.0174885711684017 0.0252352961520496 -0.0767453569359391
-0.0508649559528578 -0.0773786246507025 0.019199699292638 -0.0622769597923875
-0.00785636452828484 -0.120292043686003 -0.00856095551658815 -0.0633701151611744
0.00657908842906573 -0.128299266214657 0.0434046011029578 0.00138381258658133
-0.0369416502883195 -0.106101052868967 -0.0349395340502694 0.0538423935123148
-0.0907531959146882 -0.0556130448744457 0.0247995760921471 0.125210954774025
-0.0971978804715545 0.00837884641928542 0.107548705059282 0.0829094776418094
-0.0486976546639706 0.0573991801850244 0.111737568892839 -0.0261696490348038
-0.0117934269119397 0.0608559582022951 0.0533884892909147 -0.0679428038822038
0.0189907546745065 0.0643408895858547 0.00307301471283736 -0.0616258947071995
0.0332745250520128 0.0562725967480797 -0.0190251399115787 -0.0309020147638434
0.0326989592994518 0.0588203451673262 -0.0289545912332524 -0.0174141510343301
-0.000242229952029137 0.063809962226772 -0.0369635158326973 -0.0162406190556205
-0.0291531284051447 0.0636170728584205 -0.0511903254685423 -0.0330858530060469
-0.0841719141885182 0.0366633487840049 -0.0336979991453599 -0.0587511751592618
-0.100464257214296 -0.0219037555208282 0.00859607253705885 -0.0697579935427244
-0.0570941913070445 -0.0922504836621418 0.0118645012441027 -0.0495258600923881
0.00154211872161562 -0.136847551973828 -0.01935522762602 -0.0291217903904011
0.0279122390975134 -0.129735603781693 0.0241900409934869 0.0441524578504958
-0.0159171874450007 -0.131281782121895 -0.0518049865598395 0.0782800536691342
-0.0941840234643244 -0.0892317154570401 0.000300913221205063 0.142581712115815
-0.123515188353889 -0.00965846159997623 0.0882959641874838 0.109735738843412
-0.0695326356295618 0.0657284427302711 0.104178609358673 0.00211541686329771
-0.0180044675658941 0.0740130950823521 0.0547019676518147 -0.0375304701221997
0.0182658168960631 0.0769285949224284 0.0120687723799027 -0.0354937923672572
0.0372826280913364 0.0659593861079985 -0.00782374276189317 -0.00918941499633981
0.0390984730705244 0.0660960192460832 -0.0194678612539212 0.00634087854665421
0.00507799312178922 0.0710423737326854 -0.0318032762411331 0.00910154513478403
-0.027802735237559 0.0709394421674623 -0.0557619194064108 -0.00983858050416612
-0.0894249364224597 0.0408602145914227 -0.0451485400540062 -0.0422555521508298
-0.10399437565041 -0.0245746483645221 -0.0043815435226261 -0.0598302648564479
-0.0528781557448065 -0.0960721058596234 0.00952122693732239 -0.0360763179472517
0.0130815157171573 -0.134149436415758 -0.0260743408318973 0.00715642483190463
0.0432129391040658 -0.106770175312942 0.00169107099541176 0.080458863225004
0.0106242877005992 -0.127815043094967 -0.0667746599321568 0.095296432401025
-0.0747040842913406 -0.10534066844193 -0.0267930529758149 0.142460874363254
-0.123041133769868 -0.0284979077071627 0.0568481199361638 0.122571498953348
-0.0779835189676154 0.0589278521584514 0.0837450631246584 0.0303840439924157
-0.0212760663446943 0.0728636417746382 0.0488057960591876 -0.00415036321753565
0.0158831611538346 0.0764324668126525 0.0200955590057184 -0.00665631504303093
0.0359574385587724 0.0658180414100931 0.0040358462531791 0.0129280341304354
0.0400402834774395 0.0646233808828201 -0.00797282572752148 0.0291142202772667
0.00857346040031926 0.0689746259991871 -0.0258681740166804 0.033094358857361
-0.0248604042133665 0.068847933200602 -0.0572683034915766 0.012204448884474
-0.0863894620703694 0.0366234238061456 -0.0529910417336808 -0.0258605572735356
-0.0955977345527302 -0.0304398598151302 -0.0145640993449673 -0.0492350656381566
-0.038015388839079 -0.0922514733852877 0.00918135426224046 -0.023683987484784
0.0277662490899298 -0.113979153685748 -0.0320913003465189 0.0391403134324923
0.0475136386605582 -0.0643593583689668 -0.0173688572647791 0.104135885507917
0.0289040796797641 -0.0973104089564704 -0.0743877514586926 0.103196749268864
-0.0449301554842443 -0.0948409150343745 -0.046580837207383 0.127846889631482
-0.0978255777264005 -0.0365433883140926 0.0250394013541579 0.119580150943609
-0.0683735335639917 0.0433814894826475 0.0579683639327986 0.051365252109582
-0.0177618957210676 0.0590097199627147 0.0397019627076617 0.0252623434335193
0.0119645762651145 0.062584485107767 0.0265200754721762 0.0207879843142754
0.0297327890930229 0.0555174426734088 0.0144575490953899 0.0321710839432498
0.034474297211889 0.0545143309815892 0.0027428184585812 0.0491978849434779
0.0094659875242189 0.0603646321826648 -0.0207289586628164 0.0540848790146336
-0.0219016927484966 0.0600711631162149 -0.0593187858840616 0.0307769977220388
-0.0764887940344315 0.0262143045563753 -0.0599589799194745 -0.013126957763673
-0.0767906274633978 -0.036243275160738 -0.0236545965626504 -0.0416573306091317
-0.0170395271652919 -0.0809228290055172 0.00808764739346499 -0.0139787449569331
0.0416796524006749 -0.0799837021932588 -0.0393462579208551 0.0642920088794459
0.0419066468879908 -0.00987545330845001 -0.0268529616001003 0.110499913781098
0.0381656883655145 -0.0496768725333723 -0.0709296562768928 0.0989937346509811
-0.0146070787544441 -0.0618753550702599 -0.0548729879109096 0.106659899104559
-0.0575509546053025 -0.0302369827370751 0.0025596252529971 0.107939552525238
-0.0435447071196326 0.0249152577978357 0.0369225487152451 0.0650127345971512
-0.00961407978275963 0.0363072338581267 0.0327524289534111 0.046491308232242
0.0080309288662259 0.0383545231638762 0.0309221200950467 0.0405134765365643
0.0193367826715343 0.0365078818112517 0.0234392134012801 0.0457247348383855
0.0236818126492338 0.0376315350679095 0.0106161267074649 0.0646176002833418
0.00798392876795351 0.044911119079875 -0.0188527108383017 0.0693787327470067
-0.0179040820134753 0.0457758182007717 -0.0628339943863837 0.0448260144585534
-0.0596635272753611 0.0140839713820802 -0.0675144445210463 -0.00615669273324661
-0.0510759092444046 -0.0365098598421724 -0.0328566261582496 -0.038505348531427
0.0051671327372734 -0.0608011866930968 0.0055436785957213 -0.00826323429895583
0.0504130536654139 -0.0360807140493649 -0.0477018231948298 0.0793738393571546
-0.0392317724442906 -0.0147362409971743 0.0535239482770217 -0.0931003784442148
-0.0180791655554644 0.0305347046123114 -0.01211241521471 -0.0116456353298939
0.0152982633675461 0.0323537147160548 0.0358596577081557 0.0529669678185601
0.0315798680992462 -0.00269901517542383 0.0850445549944859 0.0159760766574715
0.00848932252073175 -0.0213049991493963 0.0847270664123303 -0.0529660652098573
-0.00492964655627371 -0.0158589985685178 0.0341946365343295 -0.0957031628024426
-0.00285873006306504 -0.0150364759592682 -0.0130564468706822 -0.0857847639295043
-0.00235568519079925 -0.013212804732335 -0.0308695818924336 -0.0625019994794985
0.000384594934372508 -0.009122486311741 -0.0350480504077736 -0.0570417110487239
0.00431682175312274 -0.00334961971652174 -0.0333705720385535 -0.0642164122861553
0.0116583038372413 0.0045091125641686 -0.0243224779081691 -0.0755236655597833
0.00498659811085026 0.020491287085182 0.0134638451556467 -0.0893823411388935
-0.024045763069839 0.0276907534401041 0.0577377076331027 -0.0908159762929171
-0.040855530731054 -0.00635956777503022 0.0534756584005906 -0.0795590361013144
-0.0349385664840461 -0.040189462774648 0.0212604401364147 -0.107375427175904
-0.0306538303392209 -0.0653621861265106 0.0595801905012682 -0.0724109371558361
-0.0358080881039188 -0.0146695768641547 -0.013172398371113 0.00387660209059522
-0.0256378657208759 0.0109205148220765 0.0422301872794991 0.0742644394775368
-0.00903656482626864 0.00830866260660841 0.102551269352191 0.0302566129867259
-0.00572328500240082 0.00648314904037253 0.0977972185419243 -0.0554941581807633
-0.00478219701491289 0.0110475776454526 0.0404163555042479 -0.0992573204233277
0.00741696996036833 0.0144273851184169 -0.0111798458643081 -0.0887861539247478
0.0117370124341892 0.0138315466408376 -0.0313210474394863 -0.0603656490839332
0.00980833343379207 0.0199740472736906 -0.0379879089212528 -0.0530527517488588
-0.00461979225912506 0.0253252389797958 -0.0365469353498868 -0.0579572831949346
-0.0139770074654878 0.0257609699961097 -0.03157280636196 -0.0700197146680212
-0.0378998944473726 0.0171147244838794 0.00167402251635861 -0.0839764020157444
-0.0550729163384938 -0.00383375942077206 0.045080892623262 -0.0853024239141492
-0.0424616421712751 -0.0502998257692556 0.0366834414813588 -0.0740879506133917
-0.0185326260243549 -0.0892889543932464 0.0084947977397815 -0.0933547592751582
-0.0132540666442415 -0.107036416098052 0.0571365882991466 -0.0397636423313419
-0.0425350670765189 -0.0657041635127138 -0.0228206287737837 0.0273914156253823
-0.0652147608263737 -0.0210549278874947 0.0393122847181325 0.103623070474202
-0.0565112693109767 0.0125543202887644 0.11402420103001 0.0561207553095822
-0.0265738071544396 0.0358570634697946 0.110415024120606 -0.0468080471147683
-0.00780195969929841 0.0388799758443544 0.0488270830980085 -0.0909010853892402
0.0151526200192902 0.0431369147226174 -0.0056715647720007 -0.0813373577167364
0.0244492561449315 0.0394745477816282 -0.0272240474824593 -0.0496113470961822
0.0214699711190492 0.0445322801124658 -0.0365156806180046 -0.0386385099107602
-0.00611736435144386 0.0500397002412538 -0.0397244833867053 -0.0406611371469644
-0.0281081701978225 0.048307647044 -0.044046601359609 -0.0559012113731049
-0.0703689455109801 0.0251306625641209 -0.0171913571593405 -0.0751020326185889
-0.084007650877852 -0.0197037074489733 0.0273915928762132 -0.0811536531663566
-0.0501090881108514 -0.0811597484304721 0.0224700864345206 -0.0646027947028849
-0.00573179244201864 -0.124218532679073 -0.00639562253340567 -0.0652139144680756
0.00964219170356368 -0.131585784181595 0.0449154418544938 0.00195649130151997
-0.0358436952817489 -0.110226584632041 -0.0371346682340427 0.0552180935986017
-0.0922076554337124 -0.059166721900051 0.0239960442018735 0.131614018397874
-0.101521967058817 0.00633602632014198 0.111702187072662 0.088601027136591
-0.0518203974900298 0.0585908868195116 0.115826779956014 -0.0255177489355581
-0.0136906621585897 0.0631364888844535 0.0561170450447959 -0.0697687644784678
0.0186958943173825 0.0666783648528599 0.00286418228459795 -0.0629456271544344
0.0338231007916614 0.0584814733393632 -0.0190626246193156 -0.0315538481871827
0.0324477757099899 0.06134646724632 -0.0302320785402325 -0.01748335934122
-0.00124627187520998 0.0661304801998693 -0.0393120932770456 -0.0168364543798105
-0.0315143331878513 0.0650566088377583 -0.054354945445619 -0.0345090620320474
-0.0881645199662442 0.0370661228398282 -0.0351698528067221 -0.061279780991551
-0.103304352561145 -0.0244088873916436 0.00966517881590725 -0.0737766475242055
-0.0565193157308235 -0.0959963389020236 0.0141714700981368 -0.05238443673427
0.00389785258481546 -0.141271207188696 -0.0182769234864811 -0.0298762799549007
0.0317861337918461 -0.133013832942931 0.0240183693926042 0.0456522872161855
-0.0139401275012027 -0.135508618068615 -0.0552790937479135 0.0805733644463909
-0.0956046378687053 -0.0941747747012873 -0.00229253878907318 0.148856029218226
-0.128367254307985 -0.0113753594996231 0.0913031692015923 0.115844622492772
-0.0730160550941993 0.0666255792508585 0.107533466743319 0.00378861792607938
-0.020519197218424 0.075872728371042 0.0563324180671784 -0.0388133973528772
0.0183995665709512 0.0797262670534368 0.012133798773225 -0.0362268827752084
0.0379128233839077 0.0684398458245553 -0.00791569603142407 -0.00900071504143251
0.0391352913495682 0.068375717481209 -0.020461235141944 0.00721068423053417
0.00397629258376509 0.0732888802738133 -0.0341717289186331 0.00912679865970103
-0.030070797736112 0.0722484414860775 -0.059105401297211 -0.0101619812233597
-0.0937506877324642 0.0412435794865542 -0.0481677422099495 -0.0442567678792978
-0.106825788481417 -0.0276488761440417 -0.00430757649351232 -0.0636184019855312
-0.0524380931371417 -0.0998999325698693 0.0112868816609346 -0.0383983766031927
0.0161382775561961 -0.138058552733217 -0.0260688246602993 0.0071603082537
0.0476088754967566 -0.109618075016063 -0.000164043621578285 0.0827833604510179
0.01382628074597 -0.132593726587874 -0.0716039157707755 0.0978163023400831
-0.0755507034810697 -0.110338179530566 -0.0307605659011822 0.148647362899517
-0.127483835416199 -0.0314410016035397 0.05838573723832 0.128416991687234
-0.0813836576457772 0.0597114899206897 0.0863343241487668 0.0324403740486968
-0.0231203150096383 0.0748376207576742 0.0505377866915399 -0.00401396220856664
0.0156749027813473 0.0791281039882881 0.0201517078362411 -0.00643803146891305
0.0370328198395125 0.0682006109339904 0.00326997948903025 0.0138066864826966
0.039978249711639 0.0666238002145579 -0.00879600725062488 0.0303588395284397
0.00843182326329815 0.0718167157659277 -0.0279896044314797 0.0337530524340383
-0.0266489598151384 0.0707082437348319 -0.0608489836477158 0.0124919756658718
-0.0898520007094562 0.0368066038288783 -0.0562912335159627 -0.0276346873704822
-0.0980884790215695 -0.032922463985564 -0.0154851929275642 -0.0528465925518308
-0.0370866206864582 -0.0954663111446259 0.0101598377630676 -0.0256678395815345
0.030571327037553 -0.117672187277707 -0.0330685242623454 0.0403063985352582
0.0513515287790279 -0.0655905281997209 -0.020920357843166 0.10638888527657
0.0325845216663886 -0.100933937401808 -0.0799462714564568 0.104805719167298
-0.0448740970741071 -0.0994704130000255 -0.0513892759770137 0.132910570635207
-0.101318915694898 -0.039238865221061 0.0255808215081327 0.124774836231703
-0.0708008104995506 0.0445313835221216 0.0588687876713304 0.0534954097500135
-0.0199524667492082 0.0605040897487601 0.0410026741656919 0.0266665349791052
0.0120091974795584 0.0646657828239139 0.0262390784184613 0.0218483469652402
0.0304784450911586 0.0573079516125911 0.0140043664506266 0.0337599044674438
0.0343750005202952 0.0559763592191316 0.00177889852845212 0.0513721797842422
0.0094024418418735 0.0624487793798593 -0.0227951243839498 0.0551886715696846
-0.0232872832340008 0.0615236393760928 -0.0628017255471884 0.0317970895772547
-0.0798079759696858 0.0267373022142544 -0.0629809484137461 -0.0145601789534494
-0.0789000488212347 -0.0381583963931385 -0.024500172757508 -0.0446735466377748
-0.0160914619548947 -0.0832949923618452 0.00899857812684376 -0.0152306772720818
0.0440903929681088 -0.0828671494414931 -0.0408895486006073 0.0657738763980181
0.0445968605914371 -0.00961383425003459 -0.0315724245629735 0.113068545086342
0.0397481957991691 -0.0512414582806632 -0.0765559673937879 0.101409232959704
-0.0147111005836739 -0.0641575564178681 -0.059240477292359 0.11058131941722
-0.0594778276015686 -0.0317603262448046 0.00236404167735932 0.112343701119888
-0.0448367815872824 0.0257486003284603 0.0376990909040114 0.0671697543120524
-0.0102721684630523 0.0367222228644494 0.0340284523613006 0.0485701759673366
0.00814489044673253 0.0391337171408399 0.030703918289748 0.0419802214944985
0.0203698868980144 0.0374796134221083 0.0229558337979321 0.0477257046192111
0.0240912889494591 0.0382351178475223 0.00945137423166025 0.0670352000294205
0.00850811008759791 0.0463224744228024 -0.0205566011399155 0.0713639668892816
-0.0184523307079685 0.046959626561019 -0.0672851913514992 0.0453807529359891
-0.0621617869774864 0.0144116854371838 -0.0710268218328057 -0.0074764022398559
-0.0522498939381542 -0.0380323313427006 -0.0339885130609571 -0.0417009586215864
0.00650331433516414 -0.0619917332390666 0.00622888189906111 -0.00926946453396966
0.0524851703194277 -0.0370333436706695 -0.0506654252743406 0.0811919814043571
-0.0424556541745439 -0.0123677587058195 0.0526482238955731 -0.102202014769614
-0.0154789368345615 0.0328721823397032 -0.0160514274609459 -0.0126126847402053
0.020611870103529 0.031296259233189 0.0379736489435107 0.0546522638332827
0.0329010556752444 -0.00763340212414015 0.089945695687958 0.0148077470586335
0.00670224780056543 -0.0239226274866954 0.0867548508404069 -0.0606204590119967
-0.00791887927857077 -0.0165315184713786 0.030242295966664 -0.101827451270481
-0.00552290291462257 -0.0155928454753457 -0.0187182198767602 -0.0882062503065783
-0.00406084976371563 -0.0128180663395677 -0.0363269604122832 -0.063589373707294
-0.000812239014722202 -0.00895741068723119 -0.0417652649843696 -0.0573516901713616
0.00461955827397361 -0.00377364379450322 -0.0410433325035499 -0.0661696259441073
0.0129678991053598 0.00296131831506171 -0.0316945413435027 -0.0785755776636665
0.00794992419181198 0.0214037082625843 0.00826980284591231 -0.0989579696342127
-0.0205954859079707 0.0326063966329356 0.0574007817699596 -0.104685973909318
-0.0418169224474778 -0.00284291266957959 0.0563520711595117 -0.0870259775637866
-0.038471585945752 -0.040454238185053 0.0205548990832629 -0.111278221434133
-0.0388451033302719 -0.0646219893209798 0.0646280086355465 -0.0799653003054216
-0.0378315351246025 -0.01162552770438 -0.0131502216560267 0.00270399042912094
-0.023524645313309 0.0136617535137277 0.0483306817171455 0.0732193311339092
-0.00698557820526364 0.00807458749481659 0.108858646523183 0.0249685891287271
-0.00508359150671769 0.00515646376751582 0.0980235312002177 -0.06562024839027
-0.00583674570081563 0.010841485891414 0.034710376450625 -0.106751745455258
0.00815282955110642 0.0138370132301262 -0.0198714496069304 -0.0915477900007674
0.0123347522153014 0.0139124564433458 -0.0370134952877311 -0.0606669167538475
0.0117143975034966 0.0199478354036655 -0.0445285180408722 -0.0530032760498729
-0.00193182664062705 0.0274235635780438 -0.0445382981864052 -0.0600706751070822
-0.0112743708196662 0.0273484539001258 -0.0397712403160423 -0.0732429379333519
-0.0370227981526465 0.0214248877886057 -0.00285258442851248 -0.0927594845937189
-0.0555751156433309 0.00179633808914197 0.0453582987270494 -0.0972266402402083
-0.0468573873197742 -0.0501433759918654 0.0373356732135093 -0.0778858826859993
-0.0236875723475434 -0.09398510235027 0.0045224443725164 -0.0933907480082932
-0.0241237913025315 -0.108682378473411 0.0659509121188919 -0.0446244068448563
-0.0492138827829913 -0.0623314579899773 -0.0183612849873342 0.0276702135168677
-0.0672738078891806 -0.0150526683207912 0.0501401391275963 0.100918374672998
-0.0553118179381714 0.0185654177903929 0.123765126425721 0.0468418465451879
-0.0238648268215663 0.0368076016185134 0.109100935558079 -0.0579052603901452
-0.00643948436151561 0.0400624323199484 0.0421569161246615 -0.0986615057576125
0.019529243030941 0.0430366435613458 -0.0156270267607775 -0.0849708191500886
0.0272584561788421 0.0391370511517204 -0.0320132142040553 -0.0484565407976041
0.0258521923895316 0.0441705016451583 -0.0418861571826266 -0.0378842415119598
-0.00151789852100978 0.0533075533810691 -0.0466219188627038 -0.0416200201354575
-0.0242966386792458 0.051452230539297 -0.0527006231902775 -0.0574913186780318
-0.0702624105455988 0.0327824033535275 -0.0222551778267797 -0.0832748135436618
-0.0875693061075314 -0.0130919928637663 0.0280643825320765 -0.0908736639668774
-0.0572436124603638 -0.0824049933897675 0.0212974234406228 -0.0651827706598306
-0.0132365803014426 -0.132706164184727 -0.0126825176962075 -0.0613967372548779
-0.00279262800013302 -0.136022550852662 0.0565216674257076 0.00181782255234266
-0.0459160804213787 -0.108580236048544 -0.0297446799297661 0.0582547047359044
-0.099087796782043 -0.0516531094258653 0.0392936256042078 0.129196508972134
-0.102276418745469 0.0180636989872734 0.124859168876751 0.0769070479447569
-0.046964742702229 0.062680660461659 0.114804286789364 -0.0378133701833815
-0.0104698223129514 0.0651165466901833 0.0497913872188834 -0.0778263622102285
0.0263142676286235 0.066946928939886 -0.00703041646712181 -0.0675126140881386
0.0386087104220953 0.0578762118634145 -0.0226159661417011 -0.029824123574159
0.0385947633366774 0.0597182214027077 -0.0340571147895562 -0.0154253363043807
0.00435175236070278 0.0690486408754404 -0.0450900893933869 -0.0162129105352083
-0.0266648925827937 0.069103259100262 -0.0624203622881578 -0.033959806979613
-0.087608944577036 0.0467697060052075 -0.0410846534269022 -0.06739543160394
-0.107989199269836 -0.0165255003690576 0.0102290461308131 -0.082176811865433
-0.0650163586212561 -0.0978438774276564 0.0125699930436859 -0.05042663858696
-0.00395968011593004 -0.15185252121597 -0.025254973750248 -0.0229615495763
0.0209305688020686 -0.138780823708104 0.0360230226868053 0.0496505472201676
-0.0253720078027053 -0.136723172914422 -0.0456583697230637 0.0874770693779592
-0.106458869695432 -0.0868726731114528 0.0162391768475799 0.149400312477934
-0.131704868975692 0.00256775763657271 0.106995763046949 0.105387598532885
-0.0678608107070384 0.073384586668516 0.108194068442563 -0.008242786171112
-0.0155255556639378 0.0786790535025936 0.0525920804226278 -0.0453483571097435
0.0278973421098141 0.080845297820336 0.00363765727723992 -0.0413234722778002
0.0439588868861648 0.0677172902650403 -0.00997553038720523 -0.00742256760325049
0.0464210189440423 0.0662782139257597 -0.0215932113843624 0.00967769749743343
0.0110468758687221 0.0755558532788553 -0.0381951299141978 0.0116914089437252
-0.0245057140442991 0.0761945096322087 -0.0666838202935022 -0.00794776447463402
-0.0928115708336749 0.0514458485459332 -0.0541387007137946 -0.0481371918759057
-0.112645870006002 -0.0195411573595476 -0.00438708096558433 -0.0696171056428556
-0.061295418023987 -0.101756343610501 0.0100393226004831 -0.0357450052380916
0.00861529419437433 -0.149710428923038 -0.0325201753474452 0.0159085957118728
0.0395657880306225 -0.116308612192525 0.0104812808383751 0.0901587400503812
0.00338875726496689 -0.135608905431004 -0.0626124678190256 0.107808757657625
-0.0877444728842424 -0.105426937517731 -0.0125384623020833 0.152708021702626
-0.13381409045074 -0.0170045405783093 0.0755240070736231 0.120573627677649
-0.0768880897500016 0.0682069253389091 0.0874683321148393 0.022140378414487
-0.0183801604473512 0.0782606966311098 0.0486580838954781 -0.00927830186353209
0.0254334407763691 0.0802830440494939 0.0144629665521941 -0.010850507182673
0.043079050007118 0.06765621578192 0.00354352373576744 0.0160752794227505
0.0471328969647166 0.0643792979401086 -0.00809407075942273 0.0337562851825453
0.0151563196550421 0.0734342588158215 -0.0294711095182585 0.037030788240064
-0.0211676518206509 0.0741156245712988 -0.066741988407205 0.0165564770604858
-0.0898162624112866 0.0466239963838555 -0.06179067979716 -0.0289802340035587
-0.103974230371273 -0.025950195467646 -0.0161835387103103 -0.0571212094386079
-0.0456785199095449 -0.0979634564190775 0.00921569282736332 -0.0232709495041607
0.0250933327221438 -0.128493102231881 -0.0388176616780575 0.0497981901873908
0.0478957324745332 -0.0717520165930196 -0.014014263836445 0.11518005961823
0.0250988220259844 -0.10554709669592 -0.0732026223829193 0.116119162341478
-0.0554165154535913 -0.0963124469961482 -0.0367100050985856 0.1397139089023
-0.108125344856966 -0.0269451251628748 0.0408083519077496 0.121041854819946
-0.0669374935027428 0.0522232999017167 0.0622016404558232 0.0466923592798228
-0.0153188417382497 0.0634333924002869 0.0417379662465897 0.0235667469914837
0.0204602053278643 0.0659053553577029 0.0242688604082258 0.0177650098845233
0.0363693967596591 0.0567456909996998 0.0161545002113382 0.0355738594367641
0.0405713731883696 0.0539612189973785 0.00432318663187414 0.0548691290117682
0.0154465034148863 0.0631738799664322 -0.0220297892499295 0.0595341281803112
-0.0180748978666089 0.0645049595010435 -0.0671922953156813 0.0375497461488398
-0.0801009717014061 0.034789832130297 -0.0687356351189562 -0.013737995018502
-0.0850922392513981 -0.0326085784133118 -0.0261979854348238 -0.0465493845559955
-0.0224019374097955 -0.0870148774881802 0.00675323973704325 -0.0131287692870514
0.0412521992975396 -0.0929378554742663 -0.0459393423256194 0.0748616039373113
0.046497385579178 -0.0141466887968913 -0.029548898351377 0.122481223366156
0.0372103732482568 -0.0548418498831616 -0.0729163202901018 0.113042430023497
-0.0209384277662021 -0.0629098163791954 -0.0499093134788437 0.119003801318602
-0.0639861751140358 -0.0236072229825724 0.013839451326178 0.112617643369827
-0.0415235475771563 0.031175216173913 0.0418482555903546 0.0644103976065074
-0.00700279563814768 0.0383653007370144 0.0369374845254301 0.047310348601497
0.0137477687470842 0.040040715872219 0.0322979122145673 0.0393595301470536
0.0241451448301408 0.0371385258955757 0.0261938394528794 0.049357487447435
0.0285887115774752 0.0368105640727946 0.0138980483807307 0.0708370354941379
0.0131646364467931 0.046439400212405 -0.0187831220853801 0.0762311708944394
-0.0147200305270871 0.0488684202422941 -0.0702398066375457 0.0526173739473786
-0.062612508006574 0.0206890724311705 -0.0766192893757971 -0.00526160245512349
-0.0569670844614493 -0.0353587461252476 -0.0370869389631591 -0.0420990829249868
0.00288074031351457 -0.0657010025584695 0.00374117592450977 -0.00855858660595861
0.0524416312939909 -0.0443943496861793 -0.0537563661301905 0.0892220180867767
-0.0449599494023863 -0.0113212191274662 0.0514130600641573 -0.108011544020819
-0.0143308300326551 0.0342532002704126 -0.0182899760313972 -0.0116194658697302
0.022985071512499 0.0318216298881946 0.0423327987800622 0.057068835128661
0.0335399712194136 -0.00967978554550995 0.0959633315264812 0.0126730639199045
0.00526492549036174 -0.0246353588609489 0.0889688421404356 -0.0668053876026044
-0.00899218127839328 -0.0157296401313577 0.0263636228954672 -0.107668671508375
-0.00680660416866866 -0.0149368409487001 -0.0227169278637754 -0.0912152584959091
-0.00532691789300841 -0.0131854085412667 -0.0397864451952206 -0.0651432671031463
-0.00158654081432225 -0.0090732068321922 -0.0456041541023898 -0.0581096353651922
0.00407841588449758 -0.0039343991481871 -0.0457427514317087 -0.0666219337566663
0.01326099731485 0.00195734392071555 -0.0362427933868204 -0.0807680886336395
0.00922400800630627 0.0216177358002516 0.00498046777662223 -0.104132035262661
-0.0194118892182637 0.0343969532986448 0.055468246518223 -0.112931374028599
-0.0439333829046541 -0.00241701402614767 0.0580314080033491 -0.0921651226982461
-0.0418070146069888 -0.0401946156112028 0.0197232388272731 -0.116497446161519
-0.0422640327116235 -0.0662200020599708 0.0641251031563011 -0.0853354688540716
-0.0391118253404298 -0.0105626922707187 -0.0150076724596668 0.00406535813674893
-0.0237157726498311 0.0146634273557245 0.0539575481489733 0.0759374176220936
-0.00756844576940657 0.00840282910662845 0.115624576869738 0.0222831541874802
-0.00621041300216459 0.00583756088134363 0.100051741582099 -0.0716484238332952
-0.00621351723165713 0.0123385827153573 0.0313807851378393 -0.112142419658651
0.0093624382810314 0.0142290498430342 -0.0247360158542027 -0.0941635097811011
0.0135196799480232 0.0142833983479849 -0.0402805163896333 -0.0616347524511396
0.0126139983548533 0.0211230327443241 -0.0486391196253846 -0.0532080511313675
-0.00148587832220691 0.0288618249344903 -0.0498220435846592 -0.0597668026390562
-0.0112158024390189 0.0284938978392898 -0.0445642074327667 -0.0741433289304668
-0.0382641956704715 0.0232852125655436 -0.0065777549534073 -0.0974496219021378
-0.0566823133012935 0.00333728496356461 0.0431153990660424 -0.104675863583287
-0.0502659738074021 -0.0513547469943717 0.0378366677364802 -0.0822529969350607
-0.0284453617832843 -0.0971068631964312 0.00313303854374031 -0.0971919277299835
-0.028538060533993 -0.112120017470929 0.066922563122435 -0.0485163442445487
-0.0527327983814114 -0.0636270209890493 -0.0190613545367519 0.0302298179840918
-0.0704528606739014 -0.0136510828362311 0.0568202569895666 0.10517389236524
-0.0574560959090354 0.0213798092664596 0.132139754931029 0.0446923175616948
-0.0245883397560586 0.0391633180904944 0.112009729841306 -0.0642864235363191
-0.00552080830731587 0.0428965294510509 0.0398876209204407 -0.104492223146834
0.0218341276126419 0.0441427041909027 -0.0198475963694737 -0.0863692532444234
0.0301936775046024 0.0395914451528433 -0.0348710532831722 -0.0493773390815849
0.0283770677438144 0.0454615608475013 -0.045301692494181 -0.0367015750783315
-0.00013129658533574 0.056015538222169 -0.0513393251768577 -0.0405838075628371
-0.0241164808075417 0.0539160941742104 -0.0580784843428887 -0.0571486464615507
-0.0727800915935507 0.036663998781446 -0.0269109630231987 -0.0867084215856077
-0.0907843765982966 -0.0111452340954671 0.0248481775649358 -0.0984374217782822
-0.0618355169565952 -0.0840881816494133 0.0217488353167625 -0.0695093848676209
-0.0182086766282552 -0.137553900036916 -0.0131828360993541 -0.0634696488627099
-0.00654892267669683 -0.141071170107229 0.0585175334196617 -0.000865182352288054
-0.0507949120073678 -0.112069844573116 -0.029820363419835 0.0617195673246818
-0.104671679940915 -0.0504403745937036 0.0462596201607135 0.135263022964228
-0.106442688609543 0.0229315783391508 0.134318689302675 0.0755606355444216
-0.0472448884265391 0.0668956147239851 0.117665284595698 -0.0431931679810725
-0.00902335993193774 0.0690685058126186 0.0483048041301672 -0.0825721449441878
0.0302158985006689 0.0688882369987834 -0.0104031065754373 -0.068907910845534
0.0428410996485792 0.0585007500781436 -0.0242980560991823 -0.0299364373686872
0.0417604505854416 0.0607165857995425 -0.0359680318985522 -0.0134128498140583
0.00710764255035212 0.0725117578551025 -0.0487138350012033 -0.0141630805406464
-0.0256362372724804 0.0725711296181338 -0.0678987802925693 -0.0318582589605957
-0.0902569509045815 0.0518693862419562 -0.0467810114487413 -0.0689248170063515
-0.11262723940486 -0.013617515507266 0.00613599766738062 -0.0884059605851394
-0.07002769119295 -0.0995956127987553 0.0122925230890152 -0.0542686176558343
-0.00972992287726565 -0.157870891221718 -0.024842109175134 -0.0227096527901145
0.0182957016248355 -0.145581486236862 0.0384175846973665 0.0499664995484254
-0.030632980043377 -0.142030511482923 -0.0451203011600282 0.0922952090526195
-0.113773153477212 -0.086631691068634 0.0223339904783805 0.156687365003918
-0.138206458978063 0.00852013684553648 0.117280222543076 0.105623403900318
-0.068037862336147 0.078856703919687 0.11148988660519 -0.0124822413668917
-0.0137457332940556 0.083283296491838 0.0524686638075407 -0.0496298255300571
0.0321771919321449 0.0826150593942046 0.00177055845907016 -0.0418197855373579
0.0488655392629908 0.0685902298688452 -0.0107920870103527 -0.00671381978669896
0.0501891483931827 0.067522050823375 -0.0223488436521334 0.0117266327104409
0.014582426112514 0.0783253892166752 -0.0405217943465759 0.0136743726260205
-0.0230717431623396 0.0801124477185889 -0.0713311118025393 -0.0041611434384705
-0.0947480944691444 0.0577083810577779 -0.0596241114762023 -0.0475116073214603
-0.117908195309058 -0.016522658038632 -0.00902919933331362 -0.0749648908602612
-0.0663384021468281 -0.104048508866988 0.00947788259082935 -0.0389927109511437
0.00379844133194969 -0.155922209118327 -0.0318140443837939 0.0180331438082302
0.0382263981396844 -0.122581889526827 0.0128544500286914 0.0928094035691746
-0.00126743220246362 -0.142314847995278 -0.0626490532556697 0.114189439753861
-0.0954317836870635 -0.107102356342483 -0.00794207571349158 0.160837314763413
-0.140628002180193 -0.0118590265712783 0.0844392515110425 0.122576529353986
-0.0769281567928553 0.074008133589476 0.0915497830598252 0.0200350688296992
-0.0167461487791857 0.0823080320181837 0.0502726557384553 -0.0116858617438086
0.0299450232375424 0.0821810163360375 0.01397929027743 -0.0110900707930707
0.0481830444859194 0.0681871324801809 0.00423683065040144 0.0166418045977571
0.0510256373637583 0.0647715015180097 -0.00747896527350194 0.0366114792761547
0.0183383085906759 0.0755913603533274 -0.0302733383740176 0.0404135447215886
-0.0193344379974408 0.0778231527852424 -0.0702631347625502 0.0209812393542386
-0.0920147963722721 0.052686124461053 -0.0667848335064035 -0.0278893440427464
-0.109179730848561 -0.0231465721710117 -0.0200063993749532 -0.0605511862864234
-0.0498404423074665 -0.100547709445248 0.00858588395966611 -0.0258907870065046
0.0211813012359815 -0.13542760527863 -0.0372834115708109 0.0534794226184587
0.0480782294762675 -0.0768809900911014 -0.0127217401252354 0.120716987040733
0.023046393513353 -0.111724975799044 -0.0732224271084896 0.123426442418411
-0.0618225485470024 -0.0987877965718203 -0.0337873547852007 0.148022587030168
-0.113910781380239 -0.023857563054788 0.0485385475638845 0.124498207848053
-0.0669395240363303 0.0565976199591587 0.0658895385107137 0.0460659043186359
-0.0136621890278379 0.0664029976019225 0.0445411492797216 0.022688044363579
0.0242131675433432 0.0673181368117535 0.0251451570560689 0.0183653114691201
0.040411134432985 0.0570501417934825 0.0179951102538273 0.0369686871637154
0.0442819449341217 0.0544938732810353 0.00664171823862917 0.0573841467809976
0.0186792806364042 0.064589808653757 -0.0216996845111345 0.0632998825439515
-0.0170714880713924 0.0672262046422052 -0.070072584153503 0.0428260440357981
-0.0822516316810056 0.0406493546453628 -0.0731905470801511 -0.0120527566212796
-0.089471674904227 -0.030656048486416 -0.0304488244502235 -0.0495052140647856
-0.0257110871349188 -0.0895126523815796 0.00666613371424968 -0.0153533573936739
0.0392675423839095 -0.0983068223667755 -0.0443494514339799 0.0795496115815607
0.0483725179031429 -0.0174438218077884 -0.0284893164975315 0.127715341799111
0.0365222088478835 -0.0594768523299346 -0.0738760804522534 0.120224099140111
-0.0245279007039585 -0.064700434371005 -0.0487077943887106 0.127240387074506
-0.0678386399097859 -0.0213138572137356 0.0198214527894617 0.116665987186102
-0.0409715906911467 0.0342353538073465 0.0458164784928465 0.0645632391063765
-0.005681272523444 0.039524951176361 0.0405608442761923 0.047167753393956
0.0159625146156428 0.0407338399066565 0.0347445807374817 0.0397242950942284
0.0272230018017841 0.0371469551349633 0.0281094806957175 0.0501289021043109
0.0311772610077857 0.036547593209066 0.0170866039359689 0.0735887022392697
0.0160975577776372 0.047427283610652 -0.0169792786071684 0.0801442889412097
-0.0130131571088605 0.0508651316331178 -0.0723541161881506 0.0585969086607884
-0.064295321644293 0.0247155097250525 -0.0812510497794001 -0.0022207164491506
-0.0606642426347588 -0.0341681481322716 -0.0411651979933408 -0.0441829925242876
0.000721581135606151 -0.0683085702844941 0.00350278075053464 -0.0100142130252855
0.0527748838249732 -0.0486437976500294 -0.0520625829930648 0.0947476186636208
-0.0462485844536512 -0.00961303695737516 0.0474617067007356 -0.11187232039123
-0.012711740741524 0.0346192414488233 -0.0195819999780846 -0.0102962177156486
0.024781684487761 0.0305054451374814 0.0466895245012751 0.0572722556287821
0.0331913217905631 -0.0117717027892144 0.0993056950517991 0.00832200639203747
0.00355546311705381 -0.024500344064824 0.0879149553750388 -0.0723743388608126
-0.0101506596691047 -0.0145928927657133 0.0210446098829811 -0.110482436468802
-0.00836208284517027 -0.0147184777490191 -0.0273706479324272 -0.0915561336459254
-0.00629907015860364 -0.0126466749589912 -0.0425116689247416 -0.064249509453443
-0.00249194276016362 -0.00808907004836084 -0.0486847045872519 -0.0560236064361285
0.00381900496195892 -0.00357289219877125 -0.0498839250945471 -0.0648748208585279
0.0130727300330461 0.000807861780115338 -0.0408051618214759 -0.0799392523132888
0.00979197338204308 0.0212490705323804 0.00055270163418075 -0.107465268151889
-0.0173232641489936 0.0352136272143395 0.0506308720906694 -0.118286139959295
-0.0444008025244931 -0.00122755742916529 0.0570826003601788 -0.0960820909416948
-0.0445109867909638 -0.0385658285590178 0.0171948079035424 -0.119165381539922
-0.0458962475312447 -0.0651382168481945 0.0617854699416274 -0.0896589476997278
-0.039271334655874 -0.0100490075415365 -0.0155484065548618 0.00541156319420195
-0.0232335638386293 0.0154530020418486 0.0595088797302965 0.0758940215529968
-0.00817417883107322 0.00856064722456438 0.120551864383429 0.0175660004651292
-0.00727395693151979 0.00655477571055727 0.0989907425665069 -0.07697448067633
-0.00589142342104395 0.0141503020295506 0.0258443366511103 -0.114879166416383
0.00933570691170038 0.0144139224661367 -0.0293144354689901 -0.0936212186071644
0.0138396248691176 0.014298056335487 -0.0432826322019429 -0.0608686541988265
0.0131813046008483 0.0216638077825291 -0.0513927578195868 -0.0506204412041438
-0.000679627425493839 0.0299541736824688 -0.0535211895709639 -0.0575541391488566
-0.0111055655617197 0.0290311764952653 -0.0494838892793315 -0.0725684584325339
-0.0381265558986593 0.0254271328676 -0.0115126537047944 -0.0999069389558207
-0.0570382635233587 0.00532737258310764 0.0384020926523917 -0.110509504084483
-0.0526959041662085 -0.0509911117944248 0.0369281564415297 -0.0858305419243219
-0.032894516783231 -0.0968295568847891 0.00185895275686592 -0.0987659597699825
-0.0336753199166731 -0.112702908904308 0.0663045063375807 -0.0524542342020986
-0.0554731538664952 -0.0626549978228521 -0.0187128383766387 0.0315734893161762
-0.0722605202495733 -0.0112292113025807 0.0634319767297906 0.105399781092176
-0.0587337551274947 0.023889106409437 0.138008076810647 0.0398600923364709
-0.0238219671149555 0.0409364606417061 0.111153245894472 -0.0696424410759041
-0.00415580307904547 0.0447695337116866 0.0350610506538651 -0.107742880575053
0.0239086695312017 0.0442191439789623 -0.0241234687419513 -0.0859172574661053
0.0324881128975076 0.0387893331491779 -0.0374475625704201 -0.0483190171434091
0.0304771107589577 0.0451112139224362 -0.0481129205133126 -0.034069743966598
0.00228788645534028 0.0570791820647036 -0.0550770419002241 -0.0378308996575435
-0.0227778313637184 0.056164269059635 -0.0628057199272223 -0.0541714516065476
-0.0728329261645211 0.0406208665991749 -0.0319982285160866 -0.0874527533799582
-0.0922514034953795 -0.00781761600908596 0.0194550224496032 -0.102940200368129
-0.0658066165762593 -0.0836624531121696 0.0205411969605853 -0.0719850710654391
-0.0247663471544643 -0.139221326775401 -0.0141665526843771 -0.0634114406402455
-0.0116857062834381 -0.143457829015688 0.0590593345819005 -0.0031745140614434
-0.0552189261875483 -0.112242762659698 -0.0283615359750745 0.0642770596418785
-0.108595722574966 -0.0474333851048383 0.0539144951917441 0.136858333660375
-0.107583299072621 0.027988384056644 0.141617289354588 0.0708271645456676
-0.0457294757235912 0.0696048876284552 0.117907454790108 -0.0487579459803267
-0.00656137907335377 0.0710975496172888 0.0449765072667212 -0.0862896215518357
0.0333334116201076 0.0680005654902626 -0.0139292189413884 -0.0675159828300014
0.0465139332996348 0.0574173092007816 -0.0259184537565654 -0.0292078105164881
0.0450922816592725 0.0602070001701153 -0.0372126752676913 -0.0107247757735884
0.0101227894833394 0.0736287353830853 -0.0509951516132102 -0.0111466901789315
-0.0235178965437618 0.0751934552262852 -0.0714458916193084 -0.0282378929874098
-0.0896593233781619 0.0570430092063324 -0.0522368460571089 -0.0681208746270743
-0.114419053860878 -0.0092678597764116 0.000985744907059069 -0.0922159394659068
-0.0746073702558424 -0.0989913146290445 0.0113292313611118 -0.0566268381811636
-0.0164963481978709 -0.159998536602909 -0.024394531471218 -0.0220042691244624
0.0133532934849303 -0.148926603914729 0.0409519382784316 0.0484702129230993
-0.0362340129397136 -0.143528450554438 -0.0437451544537691 0.0957074638878186
-0.119241030704379 -0.0841738696691332 0.0297706799138229 0.160294644644683
-0.141256951656077 0.0150982696995554 0.125346403001094 0.102235516372825
-0.0664020723132036 0.0830659684946201 0.112590984152425 -0.0172628082173121
-0.010345282898873 0.0861070323580055 0.0511776735104581 -0.05333816013593
0.0367076418182622 0.0819371390014744 -0.000167381174187866 -0.0410287407067079
0.0536025721023664 0.0668580349486485 -0.0110161999918404 -0.00622011798391327
0.0542462676148118 0.0661863544768435 -0.0221530835146432 0.0142798562795722
0.0178588275467707 0.079146427821907 -0.0416000182149878 0.0167799929100718
-0.0200780912758953 0.0825556500963217 -0.0741165523067514 0.000325508967802203
-0.0942134428143598 0.0635350664086526 -0.0641250876588 -0.045956395964398
-0.119855543789815 -0.0118583397219938 -0.0139928331532901 -0.0775058754097209
-0.0708341101165513 -0.103318350561475 0.0083700945779074 -0.041533417695502
-0.00352974990761512 -0.158830775183842 -0.0301673160595079 0.0200488713343809
0.0349590731509112 -0.126895195877642 0.0157072356807749 0.093664328013342
-0.00616806524481003 -0.145706698493054 -0.060282250562138 0.118406744250467
-0.101905971120701 -0.105481528555212 -0.00121016345392131 0.165377284814523
-0.144229425286527 -0.00503909587372733 0.0926713035836981 0.120878092947827
-0.0747310227976778 0.0781212090811004 0.0936444909184199 0.0162166658788173
-0.0132499473769777 0.0846440406386617 0.0506092272008241 -0.0145310744071376
0.0345867762789681 0.0815285121726376 0.0132183720530515 -0.0108981031527339
0.052917451355718 0.0663387545195883 0.00475309505113671 0.0170323384600246
0.054703836087909 0.0629339148562074 -0.00614314924473394 0.0381724022010751
0.0220950071812049 0.0755321795711983 -0.0300050576647308 0.042741113989104
-0.0168859918585669 0.0793495899574551 -0.0715292285664784 0.0263421939787663
-0.0912844841483328 0.0584450875522301 -0.0707176930307081 -0.0248561747277537
-0.111573243574026 -0.0187005847587918 -0.0248961518447288 -0.0623608064330415
-0.0541440950177184 -0.0999337822591147 0.00749428262951838 -0.0277262495929153
0.0153584906101192 -0.138148627382408 -0.0344927545279041 0.0554438921400786
0.0467441952975742 -0.0812365618487479 -0.00965903211170071 0.122800146657955
0.0188995483537269 -0.115771704710657 -0.0709527812642913 0.128750387507172
-0.0670506082564966 -0.0976108713375519 -0.0280422008797854 0.153701699780449
-0.117443171521522 -0.0180525832926287 0.0553266961619848 0.124435576552484
-0.0651449075105577 0.0604161020814613 0.0684143420023614 0.0440526585496271
-0.0112251237278317 0.0678186783350175 0.046496538763483 0.0206027734489197
0.0281581278418177 0.0665885630627784 0.0256608302766057 0.0175170765593694
0.0445005610451493 0.0553081958225627 0.0194467454425922 0.0371066476737439
0.0472586006596198 0.0525100525752474 0.00919704770322016 0.05874518936408
0.0223871487976401 0.0642817189579801 -0.0201650438496283 0.0650534254115541
-0.0140755236964738 0.0688882424606568 -0.0700260985833685 0.0478563755548964
-0.0815567432693829 0.0455433848704579 -0.076457746664874 -0.00852167488964984
-0.0918080151913764 -0.0263791441821843 -0.0344359730198443 -0.0502613805782388
-0.0292284490306453 -0.0896311886744681 0.00597194529360635 -0.0169448481407866
0.0353617031830632 -0.101721074904148 -0.0402392355975468 0.0825246677918103
0.0489709190180457 -0.0207394600228076 -0.0263360828875777 0.131094003622486
0.03471452762838 -0.0627879333749964 -0.0721228728004516 0.125562045732973
-0.0282459823924415 -0.064666242350399 -0.0450244604188866 0.132639718183917
-0.0699990205863132 -0.0179264852602261 0.0255138949316642 0.117567208160284
-0.0393499251854541 0.036304737388731 0.0494868793784358 0.0631738939523091
-0.00392070536799273 0.0399937247187002 0.0431208574018063 0.0459035159965386
0.0186768112244159 0.0398785500075595 0.0361748228619913 0.0386523928759749
0.0299040968723189 0.0357266255669898 0.0300868347609425 0.0504023466794363
0.0333821573271477 0.0346431685182681 0.0198865248946631 0.0738418649204297
0.0187408540844629 0.0467386093151541 -0.014498171958701 0.0822244094885974
-0.0101517206921201 0.0522288382287015 -0.0717537471021622 0.0634946612832971
-0.0636668427235876 0.0297589327922291 -0.0836983185599161 0.00112295729610531
-0.0629273027057031 -0.0306709535923684 -0.0450758710395024 -0.0442657217224676
-0.00202501354232886 -0.0693677540404311 0.00357011913415429 -0.0117842621870788
0.050707223160523 -0.0521605381004628 -0.0479206603996745 0.0981913166823401
-0.0469095933206129 -0.00857393806396055 0.0451440437712287 -0.113097623025402
-0.0115488852487516 0.0342811976848379 -0.0209028570757337 -0.00814460845526136
0.0255308253400897 0.0293808584306017 0.0497454589913269 0.0571331215717481
0.0320606537194906 -0.012853313215883 0.100940147424304 0.00580348059954286
0.00261825522950697 -0.0237485393761203 0.0864603810545318 -0.0745639815048209
-0.0107267250113503 -0.0133867029947509 0.0181330215144185 -0.11006997831277
-0.00902280219123129 -0.0134180349691709 -0.0299379823525298 -0.0905030328758308
-0.00684344346629496 -0.0118098940214356 -0.0442322428384905 -0.0634902171239008
-0.00265404184224049 -0.00752598805034365 -0.0497733865385564 -0.0546911242444716
0.00310789908133684 -0.00344702118076439 -0.052073151872288 -0.0623292023914303
0.0126410144787964 0.000122167108609533 -0.042559019385213 -0.0784922641563312
0.0103058027609091 0.0205705468506549 -0.00303068542479098 -0.1081361016245
-0.0151308278947991 0.0349786079969231 0.0467851739774118 -0.120440467672599
-0.0441140722951807 -0.00103105530488 0.0569607653101518 -0.0974007069171603
-0.0451921619383079 -0.0369886096916526 0.0167052201626604 -0.119615880600806
-0.0478587881550138 -0.0638815736197862 0.0598368414224003 -0.0905657346723779
-0.0392523980239245 -0.00940160702671775 -0.0163030497081389 0.00679491095726864
-0.0231907734262743 0.015670454803554 0.0627392051101374 0.0754521286279357
-0.00852733140945234 0.0085395719999598 0.12180257370373 0.0145200517484542
-0.00752727708309548 0.007224848228342 0.0970069953567225 -0.0793387013853663
-0.00601514832233986 0.015425300068335 0.0223621556424011 -0.115019280664173
0.00955652403138712 0.0145114532494386 -0.0315838867187881 -0.0921277554731305
0.0142856477823309 0.0139951535263174 -0.044648279906174 -0.0591878692152602
0.0138235985782059 0.0215443752229077 -0.0526753303916911 -0.0482793975646836
-0.000472517518801499 0.0304828064728129 -0.0551778361200181 -0.0547509440397936
-0.0108512291037329 0.0288113257903909 -0.051510620570846 -0.0708792587325699
-0.0379862640739262 0.0260179109471986 -0.0146953034603039 -0.10071290976393
-0.0559071225390336 0.00525443528907524 0.0342586555154684 -0.112485974956072
-0.0533541829470826 -0.0507109295758767 0.0368451812403964 -0.0864805681141126
-0.0353400346045168 -0.0957025040371967 0.00177822651957502 -0.0988721169311211
-0.0358365436628992 -0.111847288132588 0.0649629200457392 -0.0539630836685987
-0.0560082476947181 -0.0618496974457699 -0.018937231122536 0.0327314667467954
-0.0723686136987136 -0.0100582583820218 0.0674316397563801 0.105658614798839
-0.058592831480422 0.0258600556743079 0.140409325618351 0.0359672413019429
-0.0237845254671542 0.0419873505286093 0.109344247860596 -0.0725435069950462
-0.00360482716982355 0.0456145435973363 0.0314663548703879 -0.107631228736488
0.0251138628350182 0.043071537914393 -0.0262709843142396 -0.0837937638988067
0.0336649933411342 0.038183417704244 -0.0384340159055857 -0.0468509791653433
0.0310405856988914 0.0447654770135993 -0.0483922648790073 -0.0312038503330837
0.00331209295548568 0.0575317183237497 -0.0565074805392145 -0.0350457010559013
-0.0218581395019301 0.0562964746663583 -0.0646715728635348 -0.0511373595593237
-0.0727053365832721 0.0426809553827546 -0.0352100812575229 -0.0872874346879892
-0.091690003262396 -0.00640486479643355 0.0160630689314491 -0.105092431585661
-0.066968651608474 -0.082569859961236 0.0207277052482493 -0.0732139935220278
-0.0275798868199211 -0.137740755341653 -0.0131342765085785 -0.0632208391733769
-0.0148219757352259 -0.142593863051709 0.0587797900687463 -0.00466665654185236
-0.0568409103876924 -0.111026676740695 -0.0282426144745191 0.0652553514281484
-0.109452337379582 -0.0448115455147911 0.0580336645125386 0.137051304573238
-0.107192275811726 0.0310592508835968 0.144446738826726 0.0671950274642091
-0.0443798932414646 0.0706917079121755 0.116592995859927 -0.0511168740689443
-0.00479132406035541 0.0718514428220182 0.0424437867531037 -0.0872440065866137
0.0349823488187682 0.067027552921056 -0.015518124213497 -0.0659891227913048
0.0480392475583792 0.0556078134042785 -0.0265571421172524 -0.0281691440726445
0.0465854578957858 0.0589940994240106 -0.0374020909356748 -0.0086921889451002
0.0119345745782403 0.0736621388256872 -0.0521006711807621 -0.00858007822425027
-0.0222053644669991 0.0752815734355435 -0.0729898168651063 -0.0246913983864704
-0.0885325574437402 0.0596204013225718 -0.055055718047472 -0.0674233881364175
-0.11397699398123 -0.00748354014973652 -0.00327037188826404 -0.0937619652576563
-0.0761578567282135 -0.0979009280882046 0.011147810392213 -0.0579335497198986
-0.0202791510953291 -0.158760503759162 -0.0229287065612784 -0.0215761421737413
0.0106111485967501 -0.14878075406896 0.0408054994503928 0.0470976675130304
-0.0387147395305763 -0.143640243946365 -0.0423156234230671 0.0967044399804176
-0.121061876245126 -0.0814124821893412 0.0345493645159369 0.160581219025402
-0.140773555853943 0.0186993745840879 0.129241922142794 0.0982722285593017
-0.0645452425250967 0.0840625207596264 0.112042890788146 -0.019746005802688
-0.0082709768428076 0.0864923646324022 0.0492242811861511 -0.0545987641035555
0.0388194174803903 0.0808316779382618 -0.00161268856690503 -0.0401832035112548
0.0556454633912043 0.0649629207496353 -0.0113334800762862 -0.00541730832528036
0.0553277206122446 0.06445505614257 -0.021824777764509 0.0158650290873233
0.0198568081496908 0.0788798275504126 -0.0413295763775552 0.0188838838791163
-0.0182727362676924 0.082709476491824 -0.0748811352659087 0.00402980489297687
-0.0927877078711982 0.0665622876196277 -0.0666203354762465 -0.0441878540435876
-0.119814605659488 -0.0089579573210247 -0.0179771402424213 -0.0790662446382016
-0.0721776938160739 -0.102141438957117 0.00814959793268779 -0.0425959112241793
-0.00705410601514368 -0.158073267198099 -0.0279329699180004 0.020104671018249
0.0328499069783115 -0.127906298569327 0.0159271974951748 0.0928175602405494
-0.00938425727416185 -0.146265292418832 -0.0583659012799954 0.120104392091905
-0.104345799298437 -0.103035338272762 0.00308149640559458 0.166797671343238
-0.144558906967747 -0.0010542111872667 0.0966710387592812 0.118369514607138
-0.0727064998987366 0.0794523274242581 0.0937633705453996 0.0142657084832801
-0.0111684469741401 0.0853148572624814 0.0497999620071124 -0.0163440383597065
0.0365342685315908 0.0802926970526674 0.0127769460352709 -0.0102669530949807
0.0549835382444925 0.0640577626883328 0.00470398519919618 0.017361231350277
0.0561917841970745 0.0609574107829655 -0.00500488139319177 0.0390664225425756
0.0241768225731472 0.0744035699236055 -0.0294998001440475 0.0446971828870333
-0.01471757559203 0.0796586092589493 -0.0716676562505709 0.029628069309529
-0.089045359581877 0.0617128220085545 -0.0730284772422942 -0.0228732592638913
-0.111711712733221 -0.0156837832539105 -0.0287079487176608 -0.0631612632411676
-0.0560361362646543 -0.0990354066605065 0.00695123053400357 -0.0290024545267005
0.0115298951191742 -0.138103328726113 -0.0318281379833521 0.0561582212083294
0.0455424450491215 -0.0831390090751645 -0.00870753704510141 0.122851508568608
0.0161873620739539 -0.116605822463981 -0.0693071721888936 0.130486724722949
-0.0698138133952914 -0.0962080637171456 -0.0241696066076327 0.155525195736953
-0.118012434124738 -0.0143175532431827 0.0594755195647502 0.121897306535327
-0.063505113925719 0.061660763663168 0.0695600611087206 0.0425641849362743
-0.00926346817115532 0.0680787964683573 0.0466125001707404 0.0190471259357986
0.0297595810902599 0.0647117497575468 0.0255156064376092 0.0176252387773329
0.0463925586147196 0.0533722124615626 0.0192747099388629 0.0367963769079101
0.0486085584807482 0.0501069213164551 0.0101847265015547 0.0587207311545156
0.0241906852132027 0.062904466372432 -0.0192039183823564 0.0659557846535322
-0.011532912431321 0.0687169797459381 -0.0692481823341481 0.0508419105475414
-0.0797252097848521 0.0483689864489828 -0.0779035810093572 -0.00591232488480186
-0.0915249812253089 -0.023946126321925 -0.0373432189942529 -0.0508544049071678
-0.0310799758499444 -0.0891314017357825 0.00535894922408122 -0.018218278194844
0.0323106881777161 -0.102575345604609 -0.0376706856346963 0.0831304976674218
0.0482848676796525 -0.022870602364734 -0.0256022159157907 0.13182320190567
0.0327196905737001 -0.0643470990396778 -0.0700294348863896 0.127560923938305
-0.0299097821107424 -0.0637457723791795 -0.0422715366640466 0.13532251902407
-0.0702248865555725 -0.0149630961395615 0.0294535728103078 0.11609547117452
-0.0376387921295048 0.0370950779831986 0.0504404695498694 0.0615208770501851
-0.00270064742630807 0.0395956058483668 0.0446631263534361 0.0442816077035996
0.0199728491295958 0.0386912590319686 0.0363890564610651 0.0378807439669723
0.0313182359398422 0.033799845420719 0.0311306824249347 0.0496503046604284
0.0342291600393881 0.032836735121551 0.0217956445624228 0.0734069981802491
0.0204306222922179 0.0456614236616581 -0.0131981019094961 0.0820243364429891
-0.00798678575989092 0.0517694866848035 -0.0705314275237416 0.0662758809887535
-0.0626668336807253 0.0323089676332696 -0.0845544411070393 0.00341935289066997
-0.0637216819310786 -0.0282318253872182 -0.0473760943838725 -0.043880920304065
-0.00350025290446817 -0.0690876462050146 0.00290380901582437 -0.0130626550615234
0.0490967410189776 -0.0531446548291822 -0.0452108075528363 0.0986054239865026
-0.0480610957840369 -0.00831355386437376 0.0455643678408077 -0.113682399067315
-0.0119284639796337 0.0340414108872833 -0.0209591763371692 -0.00736562772528818
0.0256649542739693 0.0291214425906482 0.0521087403107487 0.0579473632615699
0.0318473370560294 -0.0135358268507357 0.102831337792001 0.00536333397434693
0.0022603597802212 -0.0233694611882478 0.0873431757831064 -0.0748376348773761
-0.0107959903612937 -0.0123364560659273 0.0176970341340117 -0.110256892068136
-0.00963278540500318 -0.0128793628125688 -0.0302142449006702 -0.0907206867275099
-0.00737612791611545 -0.0109740690720706 -0.0443105141533927 -0.0637622725734064
-0.00320245658996022 -0.00691666731598674 -0.0493528821535989 -0.0544185155210395
0.00306872519695203 -0.0033064719367786 -0.0522788908741074 -0.0622145812117781
0.0120151832107011 -0.000564863430346218 -0.0434038965487386 -0.0788609357539649
0.0101462577714825 0.0201235346493255 -0.00365238483881621 -0.110021812208127
-0.0141652790032695 0.0340953114688424 0.0464422014174371 -0.121752051284465
-0.0449801930568305 -0.00131981630623412 0.0601861965998071 -0.0981427133557328
-0.0454542987718699 -0.0369204976972761 0.0190703410628557 -0.120728839440258
-0.0481662069542782 -0.0641205497037508 0.0603858476536787 -0.0915514481515018
-0.0391166941384386 -0.00976119219501799 -0.0167816552271572 0.00759900668922063
-0.0229503110590816 0.0152962844208098 0.0646889543880921 0.0766631000800606
-0.0088871033260302 0.00829664013265639 0.124345866106643 0.013955554037596
-0.00832512447030792 0.00791365924809222 0.0986609340080559 -0.0800117001986549
-0.00583048175786 0.016192289861097 0.0222751626147073 -0.115217491923097
0.00864288455163291 0.0149769697398733 -0.0313776705005594 -0.0913653815686472
0.0140935056101524 0.0147689158811583 -0.044352060973791 -0.0594331426874385
0.0136113824910673 0.0222584941787642 -0.0522646888938013 -0.0472760182903828
-0.000764392301812258 0.0312348839557805 -0.0558970002315715 -0.0539304821639035
-0.01175815996819 0.0289640006070326 -0.0523773003661251 -0.0707877528482929
-0.0387059453768428 0.0259510732375085 -0.0157677086382004 -0.101989416917802
-0.0551615166937789 0.00445089075334759 0.0335902647213875 -0.114260380090791
-0.0535209070153552 -0.0517387075338183 0.0394998163864818 -0.0874196826799421
-0.035410445248024 -0.0962205121944177 0.00443796875779898 -0.0996421524336961
-0.0359014578922714 -0.112221769557614 0.065456394721582 -0.0542027259123571
-0.0558985868663476 -0.0628232612055784 -0.019682995477651 0.0337299641857477
-0.0727495850087733 -0.0104361662134668 0.0698013001826645 0.106685135517483
-0.0592523647227684 0.0260547353240019 0.142611158312127 0.0356561882652832
-0.024791686814405 0.0426997753150216 0.110863049058066 -0.072371874103809
-0.00385739123172221 0.0472519918442582 0.0313853254834569 -0.1080269657233
0.0245230403205789 0.0437290172517241 -0.0258064488139657 -0.0830600616395931
0.0339732516822162 0.0383571069494712 -0.0383835822832281 -0.0472205585721383
0.0312482212976207 0.0453312296825005 -0.0483275098920538 -0.0306811595881165
0.00298448804952758 0.058596716973377 -0.0575998219884275 -0.0336402317006146
-0.0227541562354265 0.0565602420395422 -0.0660995397899711 -0.0510251817320351
-0.0732894967118321 0.0433678612290825 -0.0368792645232811 -0.0886910253113029
-0.0915636556919863 -0.00759006557288275 0.0145408812307152 -0.107430801339561
-0.066919342130333 -0.0843968891082717 0.0227231904860842 -0.0747700893810841
-0.027787251693052 -0.137978264206477 -0.0108855505680718 -0.0637279037503838
-0.0143728243120301 -0.143333715633785 0.0585593574674259 -0.00523216862671668
-0.0565742901424896 -0.112504596242247 -0.0287182084105417 0.0664725538025477
-0.110629655880325 -0.0454556479293251 0.0600480838306766 0.139082362747364
-0.108328377216737 0.0316673232194276 0.147125226462936 0.0670846932976166
-0.0452227604281222 0.0715315952189288 0.118156716935965 -0.0509037348212816
-0.00490859802561384 0.0733695950288246 0.0421177701714606 -0.0878198721177346
0.0347427792207527 0.066983520093477 -0.0153608083812572 -0.0651242618164821
0.0490960845873446 0.0550604751111508 -0.0267133299332143 -0.0277753214114874
0.0464585464855469 0.0596544295946274 -0.0369713407444933 -0.00775210653555906
0.0118655373649083 0.0743570243576002 -0.0527755079215476 -0.00719214992422958
-0.0230345527386044 0.0756660175947958 -0.0745439119493346 -0.0233970709757588
-0.089617575797568 0.0607669307313717 -0.0566874598679828 -0.0678886901243011
-0.114434565594293 -0.00816150672926565 -0.00535575559170264 -0.0957918318938662
-0.0758687091658948 -0.0995514759351373 0.0123109787132762 -0.0593468124362069
-0.0202035914234432 -0.159218304952464 -0.0209538689072385 -0.0218703011546537
0.0111405832515616 -0.150379316549837 0.0401729864336073 0.0473822108797074
-0.0381308846715612 -0.145513749935427 -0.0439405553856709 0.0981964186598235
-0.122491975394483 -0.082466387417765 0.0362727279794735 0.163075431105475
-0.141815248141459 0.0197362139214897 0.131727277224134 0.0985925609006977
-0.0651045739489344 0.0847825904239229 0.113418467168888 -0.0191950116219877
-0.00829797832244818 0.0875410957410794 0.0492158745171146 -0.0553313965810503
0.0390255658253934 0.0805895766205169 -0.00148804720270099 -0.038891758175984
0.0565123469144322 0.0644940695030125 -0.0113692149123534 -0.00497499809233295
0.0555866497284274 0.0641756892444323 -0.0214209107671801 0.0170785693563023
0.0199838592283929 0.0789118671593623 -0.0427098974641789 0.0205340277085896
-0.0187521326286979 0.0831894002380239 -0.0758283335957682 0.00547169450234286
-0.0933187680404244 0.0677466473404408 -0.0685421874121587 -0.0441064021574302
-0.12036863258907 -0.00938802943038215 -0.0196697163817889 -0.0803113226693264
-0.072229517483318 -0.103020245160939 0.00901367166820843 -0.0443263753454764
-0.00723050223942437 -0.158642890299378 -0.0266243135114162 0.0197006827010355
0.0334308599482623 -0.12966147497438 0.0143267442738256 0.0931138130237537
-0.00897069115856284 -0.148140156331651 -0.0599091345672632 0.121236759507141
-0.105425100457356 -0.104051048453789 0.00400236369160418 0.169311484099286
-0.145787746341017 -0.000118014392226317 0.0985943873735103 0.117926077847738
-0.0734156650371226 0.0802299358711517 0.0946087678072594 0.0145362851135378
-0.0108582862938471 0.085834285480676 0.0502332259076232 -0.0170312776572041
0.036630668017623 0.0800282739890283 0.0126366097170056 -0.00920099795585051
0.0558983198987594 0.0637513896462248 0.0043639814341702 0.0178085705435381
0.0562013359653447 0.061429693330093 -0.00495333601825863 0.0398615373541202
0.0243138956426335 0.0745816617792299 -0.0302986762140628 0.0453064482963416
-0.0148872145763863 0.0798897268302899 -0.0731384447046152 0.0314944015015909
-0.0897284732462767 0.0624978649951173 -0.0746162778349294 -0.0227342179956087
-0.11202390851274 -0.0159798294516182 -0.030764606382811 -0.0646582603784783
-0.0553323711176865 -0.100240390921538 0.00702856480673898 -0.0307511902258319
0.0116829843915217 -0.138720447175818 -0.0311012568676511 0.0556911874113868
0.045899040958507 -0.0845856395089694 -0.0110418702363268 0.123743231631981
0.0164735538721347 -0.118312412161113 -0.0713700589883345 0.132082862115064
-0.0706180613815178 -0.0972343638358806 -0.0243872114192199 0.15803471804881
-0.118694567652983 -0.0133493496162616 0.0605889651626052 0.121966639144838
-0.063542793570653 0.0617283328130671 0.0699432048213429 0.0421475806464182
-0.00927898016876833 0.0684938266405163 0.0466896880155805 0.0181743385014643
0.029657709819608 0.0644569521906229 0.0257716541702606 0.0187830546420075
0.0471480294455703 0.0524524457067757 0.0189683316582047 0.0374688348359393
0.048840482693572 0.0500068505712533 0.0100999667600088 0.0594890073524749
0.0244043570952086 0.0627291038034899 -0.0195671886278378 0.0671442446679679
-0.0118127563640548 0.0688035640252519 -0.070370162561141 0.0528145891098116
-0.079715366139456 0.0499710244701478 -0.0795680182595619 -0.00603567757409897
-0.0924843475810723 -0.0236146245608561 -0.0390489651933199 -0.0519684293584559
-0.0308294230865528 -0.0899030660044152 0.00550136890629911 -0.0196732015524182
0.0322052612243009 -0.102640081892688 -0.037442644989745 0.0831872654308034
0.0485089666805961 -0.024429768082512 -0.0279813105937003 0.133209504575032
0.0323153281386773 -0.0656534440260874 -0.0720545442107663 0.128890668064777
-0.0300720944009789 -0.0642798409606294 -0.0424640893551027 0.137299631081306
-0.0704928238509969 -0.0145696671204717 0.030217432392117 0.116367209881166
-0.0375145797321994 0.0367870212064267 0.0508711287114438 0.0617034246898217
-0.00279506000297241 0.0394116666479274 0.0450082757075309 0.0437016527947461
0.0198687246917425 0.0380342849534833 0.0361128759755066 0.0381854875951833
0.0322188900989738 0.033399292216486 0.0305569757886509 0.050265193503203
0.0343390831470192 0.0326126000348371 0.0214617521421629 0.0740967943350368
0.0209700090842713 0.0450110071972579 -0.0138058735647087 0.0826216655451562
-0.00794719966501 0.0518062493485526 -0.0709693863476503 0.0680074119958242
-0.0619358554572785 0.0331951222928454 -0.0862965799522715 0.00360908308991046
-0.0634173742919363 -0.0278002577354768 -0.0488730677502786 -0.0451545185007957
-0.00327948607560767 -0.069414196814187 0.00264376411591706 -0.0142050332632897
0.0487393884101774 -0.0532811195219146 -0.0448776856877871 0.0987806950319333
-0.0482662216557172 0.00025388667857207 0.0248100709074467 -0.130844788197272
-0.00544145869313296 0.0357442283261366 -0.0249825899053112 -0.0021012534505544
0.0313821830324494 0.0231479012356027 0.0654242851905043 0.0535157852419784
0.028858841727809 -0.0208484911589039 0.111160018481214 -0.0114587441115105
-0.00259839992597176 -0.0245195134878338 0.0784199934425121 -0.0958488009249196
-0.0143042568829112 -0.0100073717784569 -0.00123470660220711 -0.117898126769616
-0.0131651366705127 -0.0107443378329455 -0.0457676207593776 -0.0879777230497797
-0.010083005946075 -0.00952222547188092 -0.0562525775414008 -0.0576022892789269
-0.00476299365719193 -0.00604016719931556 -0.0609096269434065 -0.0468689384114178
0.00152650019064769 -0.00350951435007194 -0.0662953928502788 -0.0539975844001667
0.0106733015489476 -0.00380296057972679 -0.060369131400833 -0.0730512136203485
0.0148087683406123 0.0164002666761211 -0.027121204532595 -0.114216197913865
-0.00577089704480592 0.03439011635683 0.0220054151633039 -0.137400219463323
-0.0437166309506956 0.00671417171868486 0.0468462451916381 -0.116800141172759
-0.0515870758252408 -0.030143820524142 0.00405189392608634 -0.129735816178
-0.0577168402042826 -0.054101969137233 0.0473263060096074 -0.112564136201142
-0.0405835163202587 -0.00302604967002536 -0.0170235274594335 0.0101475537040118
-0.0188180499388788 0.0191803348006863 0.0810291503311413 0.0665617115467279
-0.00697150288620443 0.00879462120319757 0.131366802587403 -0.00873441045610304
-0.00777672282803022 0.00819193631549826 0.0865519060145481 -0.101547691333119
-0.00411027921354062 0.0178275739254804 0.000920331915111532 -0.122032642877638
0.0108612446103569 0.0135682864168928 -0.0487326119726415 -0.0865678086724523
0.0160242062022238 0.0123391013542853 -0.0558943336752159 -0.0522874477651744
0.0167206457624052 0.0202417949113342 -0.062884730855202 -0.0395758309108212
0.00426270169873326 0.0315508470716133 -0.0694718346596029 -0.0449492166591804
-0.00813691882818697 0.0293401982710751 -0.0687999614652667 -0.0625882809992392
-0.033131556038549 0.0311360973206229 -0.0376584571727526 -0.105117950909622
-0.0519826419439868 0.0122377346534798 0.0120099590861124 -0.12881445770296
-0.0624455606658162 -0.0428887300427639 0.0296655756801142 -0.100198563598709
-0.0524458937551092 -0.0917264655944804 -0.00649269863270727 -0.101620920842298
-0.0538545775493609 -0.103792189238794 0.0621289058012349 -0.0766795807266333
-0.0663837499681274 -0.0515280764244328 -0.0137359618170129 0.0355759083560598
-0.0722125796121958 0.00347461447827614 0.0903633133242619 0.0922970451523316
-0.0517586436059001 0.0361638245682649 0.151503848112917 0.00677068075475729
-0.0167827122173097 0.0450749321751162 0.0986050360269507 -0.0947699379926903
0.00354664610839273 0.0477625466566728 0.010372551277767 -0.115276415619805
0.0317724883628722 0.0380440158027647 -0.0431615610640306 -0.0764459773029358
0.0398429052235637 0.0320965696130212 -0.0476030835261872 -0.0402549857892345
0.0382834137680556 0.0402722047245065 -0.0551586510368084 -0.0227657562244707
0.0125153736850535 0.0580090920932794 -0.0673241538910586 -0.0237159517897296
-0.0142739567459148 0.0588183102696426 -0.0795507227189367 -0.0395744989281338
-0.0647585960543443 0.0545768706660588 -0.0572436258523608 -0.0874705545985612
-0.0902059618071479 0.00673164638549219 -0.00648108002460797 -0.119433510448274
-0.0822958793505238 -0.0737714924728735 0.0154568492352719 -0.081870078605884
-0.0531681815595914 -0.135924035395617 -0.0149200796063391 -0.0592029698016726
-0.0382197577793557 -0.138187225874853 0.0663371830669913 -0.0235462422906387
-0.0757795655108815 -0.101163085129119 -0.0154593918704856 0.0697122640608084
-0.116085094701209 -0.0238450438510312 0.0872225015639843 0.123226859652178
-0.0980039141568068 0.0519833731602613 0.159865113734107 0.034649731870094
-0.0318398861675268 0.0775554510845243 0.107500664846818 -0.074029417671044
0.00748530550216333 0.0734790464148681 0.0234761300757309 -0.0956984372397422
0.0469045696169557 0.058889793312015 -0.030775529447868 -0.0581830609910082
0.0578677065141655 0.046496143635273 -0.0323919666406828 -0.0227102209383421
0.0559656463274359 0.0511546736321969 -0.0400125879681332 -0.000676954803863241
0.023967854514074 0.0724368697694541 -0.0584697666212565 0.00266748649197763
-0.0112286548966681 0.0776705638231866 -0.0835702527813517 -0.00875124340549368
-0.0781071645336635 0.0751992220755367 -0.073928448900483 -0.0620592642825601
-0.113363119218161 0.0109729620742021 -0.0246568864237582 -0.104379841735751
-0.0944969768615419 -0.0867873190286135 0.00823251203086185 -0.0634969707267686
-0.0502497519772953 -0.158357417750983 -0.0183774953387135 -0.012696502139253
-0.0143957910740663 -0.149184960276447 0.057298867454285 0.0360481630147178
-0.0636139418500317 -0.137121648063772 -0.0238515742418914 0.105495080808609
-0.134557258833879 -0.0573048095838814 0.0681595679549484 0.15048173229047
-0.133313509028167 0.0477992585682407 0.148753308492486 0.0669404952251285
-0.0483691908052905 0.0943397986242428 0.106356669863992 -0.0405408034472357
0.00706763648154205 0.0885660671854233 0.0357627237734313 -0.0633942588259388
0.0537782657174232 0.0715383908673776 -0.0135319659349304 -0.0336797690283135
0.0670147569461258 0.054206883833473 -0.0128477245345458 -0.00196282385813003
0.065738170577095 0.0545718250699699 -0.0193292049499376 0.0210221465164597
0.0328952048411278 0.0757815743355681 -0.0423774493487033 0.0296041038212674
-0.00632907068493056 0.0847694552232315 -0.0792745339869246 0.0219740079401091
-0.0810755807955268 0.0830065149716532 -0.0819690316350484 -0.0351082894367408
-0.119355258762528 0.0106796360823243 -0.0372917208361929 -0.0860140874113118
-0.0915554179912819 -0.0913458158862726 0.00699097933907171 -0.0464916186920401
-0.0370489685265389 -0.159124579198174 -0.0172920917184775 0.0325864474552244
0.0107924157689856 -0.133086708850348 0.0390667298770077 0.0912983894098897
-0.0355242615530181 -0.145279050536351 -0.0362982101278473 0.134228079672105
-0.122364905992836 -0.0817113242035249 0.0379783938625026 0.163434844949961
-0.141226196988029 0.0293326708683912 0.1186177375288 0.0924526891400508
-0.0573594980375046 0.091506987239309 0.0927620826496124 -0.00299678113634917
0.00398810568783298 0.0868070633998748 0.0435313715924818 -0.0241973344613467
0.0519800061578627 0.0707253272888315 0.00589701127300999 -0.00588527744226135
0.0666473471080733 0.0531756127006207 0.0071678497259193 0.0187782556688137
0.0662002115186563 0.0507879265777113 0.00142334056218292 0.0418103299231196
0.0368492458743687 0.0703321721585059 -0.0248864406061025 0.0533566228631018
-0.00250485571941832 0.0806761442200683 -0.0711523748859307 0.0478018587080915
-0.0779444509621138 0.0774778583408855 -0.0841359143761097 -0.0110490904749698
-0.112373739513916 0.00377282041498089 -0.0449097089155873 -0.0665466468590511
-0.0743791625142174 -0.0907630402702152 0.00703648514612811 -0.0319217785104881
-0.0150310206790217 -0.142327854370542 -0.0172778603381165 0.0702954248664964
0.029513468765905 -0.0915423964463454 0.0154270359211997 0.130901107806595
-0.00548291540498541 -0.12055147592998 -0.0457929894843516 0.149602221397365
-0.0874634008371499 -0.0813119823394261 0.00772134106735148 0.159496622334772
-0.117596129330161 0.0117083359011791 0.0822667791479585 0.105270485838357
-0.0500024064800388 0.0722015805440485 0.0737373442560836 0.0300728527823534
0.00292298641780531 0.0689745154316347 0.047338906094731 0.011783212488401
0.0425486435280634 0.0567553212994237 0.0244470790757238 0.0189935734089755
0.056429105013861 0.0435172272230866 0.025400028103583 0.0356676602140752
0.0570041124649264 0.0409883344663503 0.0209241390052019 0.0592225573881183
0.0354493809083082 0.0583397914331786 -0.0099517997846546 0.0731290053269573
-0.000854215909948024 0.0693783093286184 -0.0639523948250222 0.0690423648959219
-0.0705240970494008 0.063752787559932 -0.0853696581549509 0.00744794168923313
-0.0944087553781087 -0.00700682716171361 -0.0508576845386737 -0.0505595038830134
-0.0477468949517193 -0.0850587001928478 0.00553905481194383 -0.0193520438484481
0.0122345551681962 -0.109388488820626 -0.0214031120844202 0.0987934304917009
0.0421429585550625 -0.0328391481889837 -0.0037747045132837 0.147409555476062
0.0198001089573586 -0.0708251933537745 -0.049545372024891 0.148841818749229
-0.0418726168887081 -0.0560755814623909 -0.0156125126850325 0.1460079493929
-0.0706009855740001 0.00138110748664542 0.0507016700154329 0.108766668212297
-0.0285976272804468 0.0427285382585327 0.0599070717824055 0.0540914364763383
0.00481242541443638 0.0387170401954011 0.0517361525143825 0.037673748031999
0.0275844647688881 0.032545401694889 0.0401855524146923 0.0356356750386171
0.0382401899354754 0.0271474911655015 0.0387983844502943 0.0465108356029082
0.0396876826899028 0.0263200805730321 0.0352629772130352 0.0722292976680129
0.0285979175335402 0.0410889414018699 -0.000400652963830069 0.0888801017276968
6.36264458903253E-05 0.0521022633538146 -0.0618303136157387 0.0853126086917325
-0.0558481981036555 0.0439575477130109 -0.0895769684472531 0.0197469145325231
-0.0669668884998986 -0.0165562104374497 -0.0596704195589618 -0.0405141359392024
-0.0164449681560165 -0.0692185410177837 0.00157210684173755 -0.0135295783811528
0.0377908209637533 -0.0622796300816305 -0.0291437586653746 0.115056394402979
-0.0514209430406192 0.000985995605190612 0.0257652357197754 -0.138290303632282
-0.0064283919378527 0.0371521737349739 -0.0260622601114988 -0.00166788821674734
0.0332317905285241 0.0242113889837342 0.0709305297182807 0.0554199615131561
0.0295701029424717 -0.0222298682896128 0.118125775794829 -0.0133424740889004
-0.00292031714200545 -0.0254666912222056 0.0827814278667329 -0.101903353535862
-0.0147635789468616 -0.00942628944326951 -0.00159191400489702 -0.123563220000099
-0.0139943754077193 -0.00989724730544589 -0.048700215048864 -0.0926246033903652
-0.0107304975935091 -0.00904894194629831 -0.0598954419912454 -0.0607658062215049
-0.00503334325558031 -0.00538231836307462 -0.0641576803572187 -0.0490131406122275
0.00145826260919568 -0.00373564614458863 -0.0705922279906965 -0.0558501814191031
0.0101415163282589 -0.00414297034291026 -0.0642585648028984 -0.0764239054976663
0.0158659945938481 0.0162530742407636 -0.0301446869617597 -0.121399080011505
-0.00574914503156609 0.034923067736607 0.0222169713481465 -0.145691460594023
-0.0467229070261985 0.00692673517280932 0.0516467132192438 -0.124504526023731
-0.0546197288016294 -0.0311321215957901 0.0059544655841804 -0.138296659928758
-0.061258497511105 -0.0565601672048141 0.0493531204388719 -0.11961775838405
-0.0423737710751954 -0.00318130107877588 -0.0177040721311197 0.0113167172912881
-0.0198482198513973 0.0201589667422161 0.0870866231154064 0.0692697257492737
-0.0077377016842298 0.00902662305850844 0.139381317765794 -0.0108553492507559
-0.00779392894902834 0.00942457819027617 0.0913820911832392 -0.107883646465916
-0.00409737809052205 0.0197711718411354 0.000667166522315525 -0.12831952467881
0.0113278784277415 0.0150263826280101 -0.0512916784967127 -0.0907872062244834
0.0171371808201125 0.0131242392848929 -0.0589042467537517 -0.0554969390490833
0.0181872633036024 0.0219665473409488 -0.0657182753627215 -0.0406263064693779
0.00431565488896896 0.0337000667601877 -0.0737751083849813 -0.0460091405102507
-0.00927299576277839 0.0312629454436044 -0.0732811882434775 -0.0650819340056822
-0.034839299763395 0.0329361419343824 -0.041999853543543 -0.111271068749115
-0.0544818914015022 0.0115977011639794 0.0108488758505126 -0.137093436908039
-0.0657305808300208 -0.0454915060672481 0.0329979280179671 -0.107394141113457
-0.0556997948917862 -0.0962829995567411 -0.00490319799194285 -0.108445893546061
-0.057219643555648 -0.108870371237849 0.0654340148270556 -0.0809484540371942
-0.0699761682806914 -0.0550556600495384 -0.0142015964788592 0.0381799419658356
-0.0765436029083433 0.0040990276501656 0.0978979484528801 0.0964521794901333
-0.0548316629771118 0.0387281801063799 0.161166098982775 0.00544463462460547
-0.0178904899280433 0.0484008731417242 0.104598855760585 -0.101266146148863
0.00423669436056614 0.0513623230361899 0.0100116864427643 -0.121486760004071
0.0333447787001652 0.0409252095480138 -0.0453236321831922 -0.0802899927706347
0.0422978758108567 0.0337048515314733 -0.050393281772607 -0.0422377045446266
0.0407052718658197 0.0427479482416766 -0.0575032096528636 -0.0229526790229471
0.0140013602940769 0.0621929686357385 -0.0716496574888369 -0.0235581451108474
-0.0156246702961261 0.0625669172159527 -0.0845532237083 -0.0397557688746439
-0.0689536575001327 0.058125523019294 -0.0627920610961202 -0.0925034425942369
-0.0955819811970175 0.00636264717944291 -0.00895717274582206 -0.127044803172025
-0.0869372287801505 -0.0781458551738312 0.0181283064343579 -0.0880279269352479
-0.0562063438906501 -0.14292907718855 -0.0137640934956593 -0.0639853624669462
-0.0402964271529594 -0.146196052177779 0.0693383696929398 -0.0253994281779251
-0.0806019330402442 -0.107021597614644 -0.016461958235098 0.0741692510482339
-0.122601048787927 -0.0244982549428432 0.0942671902793836 0.129865928756375
-0.104028398321031 0.0557635947855084 0.169713567866998 0.0345563919529022
-0.0339394599295054 0.0824960876453674 0.113714956746028 -0.0795144582457109
0.00865256637694277 0.0784315932702073 0.0238335039867011 -0.101120103964211
0.0493148260583431 0.0626554747910406 -0.0317974950392965 -0.0606577543356686
0.0614893249613096 0.0484284640394548 -0.0345591054674331 -0.0233589330478987
0.0596699313098438 0.0537748176984646 -0.0416100147110099 -0.000255403890337078
0.0258140309681056 0.0774119062549444 -0.0614565715669306 0.00441073498612644
-0.0123656089280476 0.082552977439917 -0.0887429826575734 -0.00718492182482622
-0.0823847248262768 0.0803294767617097 -0.0804401504502399 -0.0651284510250428
-0.11994827051262 0.0109799005795095 -0.0285122233389104 -0.110670118401415
-0.10004648253693 -0.092130928781689 0.00971503773463529 -0.0693388985281328
-0.0535418213263931 -0.166792560306493 -0.0172960813638266 -0.0142396921360025
-0.0151949155524139 -0.158187581390783 0.0601496063040643 0.0378245803022618
-0.0681496553007755 -0.145039103785329 -0.0250811480501619 0.11217888996028
-0.14308145846306 -0.0598004249075953 0.0741596949438732 0.15853591437195
-0.141130956998099 0.0516970687713503 0.157971530499826 0.0687550550590529
-0.0513028464258177 0.100745493084764 0.112744920481514 -0.0440331350415372
0.00737193930554544 0.0936063623295042 0.0368420073147814 -0.0672904522846879
0.0569150913679204 0.0749485206553381 -0.0137058908228097 -0.0341374996740865
0.0713166064655472 0.0561430844005845 -0.013838058022917 -0.00132717884170253
0.0698308813673021 0.0569608578471243 -0.0201966471664823 0.0231610991914232
0.0350708572748564 0.0802377902841167 -0.0446339350567359 0.0325581510942446
-0.00654104003575604 0.0896934424632804 -0.084316282285626 0.0251618828730741
-0.0850410787413543 0.0887215341431705 -0.089212853063403 -0.0359308949091363
-0.125969578489172 0.011525979768938 -0.0424070248007889 -0.0912084317150503
-0.0967049931288274 -0.0968275897921903 0.00771815819324077 -0.0509428810304275
-0.0395024342727228 -0.167944014294768 -0.0170877372944379 0.0330372268314828
0.010450525019142 -0.141428784395709 0.0400998745000596 0.0968800164443035
-0.0388692301669821 -0.154182135252656 -0.0376371340563814 0.142705345497089
-0.130589521241022 -0.0857423203967532 0.042339130399102 0.172754591756083
-0.149480718811539 0.0325760674678869 0.126721565372653 0.0957199067170265
-0.0604852802530921 0.097521544566306 0.0981793272260771 -0.00400075042226007
0.00433052983397455 0.0919534225818334 0.0449343175996074 -0.0266607218436851
0.054846839145931 0.0741030715591575 0.00667573508108042 -0.00507840514348178
0.0709537625244245 0.0544497424019106 0.00736012537419403 0.0201878889766624
0.0697860620616189 0.0528927045305674 0.00240951163465999 0.0448125064261641
0.0388302954684134 0.0737659928221305 -0.026248082730401 0.0574821524598005
-0.00248460278219737 0.0850835635787286 -0.0756493543348236 0.0526058833878085
-0.0811187189738157 0.0831386560141432 -0.0907654882900239 -0.0106852038512002
-0.118446393437387 0.00442632683049695 -0.0505260003320552 -0.0708661811506588
-0.0786057178635156 -0.0963321991485581 0.00730551598224211 -0.0350800893070554
-0.016569440896936 -0.149765640113851 -0.0175741954231912 0.0737087700599884
0.0307687958216079 -0.0975006589619604 0.0150971036941173 0.139080583907303
-0.00704830089459162 -0.128023589066185 -0.0485848423616594 0.158516690292066
-0.0934447902658621 -0.0855148951057435 0.00897389833359441 0.169433606328172
-0.124250680357814 0.0136623178234562 0.086741594307188 0.109684558486956
-0.0526745897040922 0.0764601941167579 0.0779722117990156 0.0309244072609887
0.00365293831923744 0.0727554480452003 0.0494171260147499 0.0116713891756392
0.0449185292527821 0.0595568405854025 0.0255764695662549 0.0210616179421076
0.059969336470008 0.0443155780205239 0.0266008561484709 0.0387990018491503
0.0602141513843982 0.0422911101088256 0.0223399467000369 0.0630575181710264
0.0372513730972127 0.0609764013941905 -0.0103953928291104 0.0779713613230381
-0.000589152269088026 0.0726462744813184 -0.0679552905070605 0.0747594389084246
-0.0731570547614267 0.068041632617349 -0.0913005320690056 0.00917801482451384
-0.0994513906010749 -0.00676492560093038 -0.0561525789218799 -0.0541209094004725
-0.0502979135633929 -0.0894412822102806 0.00552671507869124 -0.0224479936842334
0.0121685498055966 -0.115264691136894 -0.0219508821730122 0.103814841451383
0.0436365679167582 -0.0355830276999462 -0.0053819151223746 0.156653452966976
0.0194096744277863 -0.0753932530120482 -0.0531121465135167 0.158152707930599
-0.045002865887857 -0.0588289930017939 -0.0155949821732789 0.155295070051231
-0.0745934288143796 0.00208328514873737 0.0538455927049305 0.11413006743017
-0.0299996867632386 0.0450471964565959 0.0630852786999157 0.0566559514164339
0.00512529962443081 0.0401611877495323 0.054285459085585 0.0390233523623918
0.0292079855987647 0.0337928851594098 0.0422206301655025 0.038385092884109
0.0404052506881008 0.0273313999308499 0.0408784662974717 0.0502281341337842
0.041954784013787 0.0264177055349392 0.0373703980963044 0.0761369262553663
0.0306436601220227 0.0419674070556706 -0.000338897068404958 0.0939065421561917
0.000486076141146236 0.0542843217790424 -0.0647388028636296 0.0914937162310664
-0.0573324737694643 0.0471100647405577 -0.0967662099812799 0.0218709726652398
-0.0700767027422697 -0.0167522083262912 -0.0650269885758185 -0.043094889096241
-0.017367836963279 -0.0726642061132105 0.00114652802845586 -0.0159272189738101
0.0391589193501044 -0.0659645586801479 -0.0300124822879597 0.121445915945598
-0.0547225254126309 0.00436740308946334 0.0216715313270329 -0.148894901958512
-0.00557614486749422 0.039375960933245 -0.0278396760547806 -0.000268457627634453
0.0368727871092106 0.0240300640775012 0.0785411353129501 0.0554484016638433
0.029670903497165 -0.0250736403278581 0.125605049234908 -0.0195450861759657
-0.0041632802159311 -0.0264869629789959 0.0848505812263214 -0.11214883612918
-0.015645970376314 -0.00871865023192167 -0.00639208181066937 -0.13140351848708
-0.0153973218923303 -0.00863573489878101 -0.055309160713154 -0.0965902376706
-0.0116822787583705 -0.00831181538309455 -0.0659038037169872 -0.0628271113740274
-0.00530406684228663 -0.00509225313679502 -0.0697849876525132 -0.049262723134222
0.00134869073066002 -0.00316182518463325 -0.0766581812227009 -0.05606680744512
0.00966882887404588 -0.0048288691611647 -0.0717042126293441 -0.0783307579606436
0.0171734025705554 0.015906828572093 -0.0392011861889949 -0.127614730131693
-0.00414731515293489 0.0358251724195264 0.0172612471666852 -0.155529913367841
-0.0494223122601939 0.00912385221293893 0.0529803178818333 -0.135873704537676
-0.0588362425075172 -0.0301456966020567 0.00327621598109906 -0.148507828596238
-0.067421887044614 -0.0565043257937572 0.0483014713148475 -0.129232603674437
-0.0453191365111976 -0.00239258258999128 -0.0175802154393735 0.0135732214823752
-0.0198585928550541 0.0219441779121417 0.0966559488715185 0.0691281096396821
-0.00845176668767504 0.0101181398122573 0.148798504853724 -0.0179711212030672
-0.00847212467192451 0.0104344289106151 0.0936680744540032 -0.118966735023849
-0.00309043250919717 0.0220173357931074 -0.00487479031866151 -0.135904290763192
0.0123050214674506 0.0165565960678511 -0.0576970745322647 -0.094079431691622
0.0180692904795101 0.0137057092778569 -0.0650432264326838 -0.05665550626906
0.0202659426832181 0.0235370506110281 -0.0709258390038409 -0.0405443185363088
0.00625532923470291 0.0365323062009011 -0.080129487799241 -0.0451595855251848
-0.00988305348423821 0.0336918426849705 -0.0810973623814391 -0.0658355912314169
-0.0362690078032481 0.0361267359880521 -0.0510406549016309 -0.116869035393434
-0.0576459521991979 0.0128371900061989 0.00506345823427444 -0.146230995015883
-0.0718519649886359 -0.0464502887698032 0.0331625280994552 -0.116913133262161
-0.0626771149907685 -0.0997758104511373 -0.00702373132233812 -0.116522559687281
-0.0644045660280764 -0.112472758439912 0.0665669951976171 -0.0896081497710848
-0.0762731099075511 -0.0560573063282173 -0.0137025444779941 0.0415811251509318
-0.0804500558375112 0.00714307548119453 0.108738735353594 0.0980346095075028
-0.057520272564059 0.0434625305902751 0.171836069968661 -0.00176812807854908
-0.0179423345551374 0.0528445440273735 0.107035803610507 -0.112784993599862
0.00698206922568562 0.0547592560415094 0.00545992619428677 -0.129386549518624
0.0370036050601665 0.0431870052145377 -0.0506073939922794 -0.082647770638384
0.0461122293034944 0.0338750632324366 -0.0545434216315714 -0.0429764802983517
0.0452344669287139 0.0444007023414716 -0.0616122559931466 -0.0217141352852074
0.0170687915417356 0.0664315327694028 -0.0768080998685076 -0.0208478626473397
-0.0151933380690526 0.0676442702897094 -0.0918441071471503 -0.0378381952768954
-0.0706306560467396 0.0646356872817035 -0.0724561053231008 -0.0962403762773308
-0.10162220448776 0.00921180651340479 -0.0158368764242679 -0.134864222569537
-0.0949127315968945 -0.0803367855956447 0.017227878517639 -0.0964170712353502
-0.0654215880256544 -0.149018876190853 -0.0150115023866784 -0.0689757191462688
-0.0480813914504969 -0.153497736278286 0.0726245769607877 -0.0295732860834386
-0.0890764831141831 -0.111585141010005 -0.0144326724614907 0.0795972427927171
-0.131324596605188 -0.0214988792637724 0.106547851878134 0.133309065138412
-0.10891865785015 0.0634289618080849 0.182089424665902 0.0282880250872681
-0.0331367193417738 0.0891171855277339 0.118384706203185 -0.0900246335922223
0.012015432805983 0.0834730274228651 0.0205994234640835 -0.108160582663246
0.0545328554050769 0.0648419626711138 -0.0353831813015854 -0.0622711509742011
0.0671157839238062 0.0484394228359481 -0.0368019181477697 -0.0231815428315448
0.0654899503351732 0.0549245146984469 -0.0432562995238476 0.00196297801260354
0.030255525894811 0.0819225981105758 -0.0650405237837047 0.00910811758159901
-0.0103002746036206 0.0886948300407649 -0.094641948828556 -0.00265648287976066
-0.0838974457794323 0.0891898946272519 -0.090315189687762 -0.0663519318625067
-0.127014321151195 0.0155229907793877 -0.0369677427714375 -0.117618584429512
-0.109250748574571 -0.0950291593186978 0.00797682815739792 -0.0756773318233084
-0.0633254325283705 -0.174574692050234 -0.0173222794256747 -0.0161850584300183
-0.0223167393350126 -0.167385444799023 0.0645576754864289 0.0382098341625106
-0.0776063656900059 -0.152538568659293 -0.0226900993275111 0.120341197079541
-0.15451418595869 -0.0583291452763939 0.0859826546997211 0.165343266953023
-0.147842423492831 0.0609443795645622 0.170937871775516 0.0654901689928033
-0.0507452344228293 0.109193065406529 0.118233484195731 -0.0525481474586746
0.0112194891082362 0.0993763762966674 0.035498597242658 -0.0729910869428596
0.0629955924968924 0.0774698819696765 -0.0150807495187935 -0.0346974037871105
0.0778598225006952 0.055587070454089 -0.0142002167109616 -0.000208643273672743
0.0763311335032504 0.0572851932588191 -0.0200781424082696 0.0260576141929636
0.0403340413670845 0.0844882737297057 -0.0461603911225424 0.0380776650179536
-0.00398967505385688 0.0957335444613245 -0.0884429075574213 0.0318092305004291
-0.0857759817046246 0.0982034818335988 -0.0981027949154367 -0.0343621271051698
-0.133648045993001 0.0170268593659632 -0.0510448960567134 -0.0956032688206277
-0.106008071591039 -0.0994483169373749 0.00617544162511721 -0.0564422666505754
-0.0489649562881658 -0.17701485525013 -0.0156980649494486 0.0347739521882195
0.00589354602526016 -0.15057929745448 0.0450139969067105 0.101515342132312
-0.0473583211222203 -0.16279474647782 -0.0349355145442751 0.152892971985039
-0.142947019014082 -0.0860756740206348 0.0530273650600277 0.181641133334809
-0.157486366664724 0.0409336050054521 0.13839202468095 0.0959651962298595
-0.0605607480519467 0.105996170794691 0.104095019028475 -0.00916980971532005
0.00790913653061182 0.0975446920183079 0.0455376625979308 -0.0299016601391223
0.0606267657364787 0.0764435969213019 0.00740150800280838 -0.00495288707342308
0.0772810846433216 0.0541314894634915 0.0089299881004785 0.0222668703470469
0.0762200946663422 0.0526832839973057 0.00459361870629405 0.0476791851699889
0.0439527832718075 0.0769520337454799 -0.0254041251746642 0.0633020208983085
0.000216106051159634 0.0907971952440207 -0.0776902249476073 0.0602255306457983
-0.0821104561006417 0.0917436658155541 -0.0984987906948959 -0.00711855463251617
-0.125342809206853 0.00934425920556358 -0.0585059772580705 -0.0734539003939128
-0.0864832052195811 -0.0996970738294193 0.00535084487111837 -0.0392687799588301
-0.0233252273389347 -0.158175771192954 -0.0148772196160878 0.0783814931271933
0.0278401769873593 -0.105235573967313 0.0195916531168752 0.14766865397859
-0.0133392668900892 -0.1367641048839 -0.046708216419835 0.170902554970424
-0.103312191281311 -0.0865888308394957 0.0168149982538219 0.179522264950104
-0.131515935655931 0.0198164999320781 0.0963874525324741 0.111959628158753
-0.0532140713123669 0.083590551118732 0.0835396977266454 0.0293995903664191
0.00600843711895249 0.0766625635515167 0.0521113349266745 0.0109277655273024
0.049967064837552 0.0605186017772964 0.0283580000427195 0.0221086873685356
0.0659429254638081 0.0434645692082483 0.0299499478429711 0.0405675865328417
0.0654021841217146 0.041797700482816 0.0264261604631849 0.06643199191266
0.0419193758262318 0.0628002873003146 -0.00826608320818673 0.0842279770402276
0.00242211790198895 0.0771712512463045 -0.068622025762219 0.0836635383706289
-0.0737539757402022 0.0756294274711695 -0.0981789449413794 0.0139876319484059
-0.105667040825352 -0.00320029489113173 -0.064389334317953 -0.0550764293673836
-0.0567565102937017 -0.0932963217450056 0.00406548451351594 -0.0249054706981036
0.00744433970412807 -0.122910975619063 -0.0191067984949849 0.111452449196451
0.0436945056864868 -0.0398562970719502 -0.00240702409391617 0.168149289756504
0.0164124686133393 -0.0809113301319002 -0.0511640490065668 0.170916103134312
-0.0507133053793125 -0.0605720066368136 -0.0104655013973373 0.166289995514558
-0.0789036437485825 0.0062784307996668 0.0617906767159432 0.118431019690892
-0.0296761227411917 0.0485944860062069 0.0689730603029129 0.0573911866232249
0.00645350668475101 0.0419960760946477 0.0583176591059695 0.0393531536161316
0.0319962272369587 0.0341434699223207 0.0465628451980911 0.0398107355182802
0.0442817032030449 0.0259564385936152 0.0455802150310827 0.0530270625211493
0.045222475545231 0.0257205459511628 0.0426481674488541 0.0797583494824505
0.0342540977753285 0.0425687881934993 0.00261162962557137 0.100658037964176
0.00331079413101226 0.0569788275041802 -0.0656670160799466 0.100770828114923
-0.0575375387449169 0.052401654822703 -0.102563172646223 0.0271609574324571
-0.0742140799460629 -0.0143731575371587 -0.0726328314485814 -0.0431432703751478
-0.0212705240234856 -0.0768405670577717 -0.000612697842593589 -0.0179404200276855
0.0381877126357151 -0.0715817019140609 -0.0272000506055658 0.130564874866673
-0.0559942396043448 0.00912271943552739 0.0128401262034059 -0.155509498811825
-0.00330699601881015 0.0413267275903546 -0.028805203521837 0.00207609068407574
0.0396870070064087 0.0216673785353978 0.0850452389380296 0.0514957270207667
0.0281016325753239 -0.0281087708880169 0.129883988241329 -0.0291514056524241
-0.00621109978787625 -0.0268366892213379 0.079950817374424 -0.122309558404711
-0.0159966040793964 -0.00671635635698654 -0.0153305850813239 -0.135558319350975
-0.0157635820693009 -0.00673787400774853 -0.064170758094118 -0.0964641931252256
-0.0124137948653171 -0.00708853886058318 -0.0727396899588491 -0.0606889681853765
-0.00528958445899471 -0.00399910606286263 -0.0752924654989912 -0.0471829207832569
0.00118183991115993 -0.00305837481702402 -0.0830096858709347 -0.0523597861173485
0.00867626620438902 -0.00540319199480733 -0.079199028290514 -0.0758551438275132
0.0179590610777157 0.0149291221369734 -0.0503643654683413 -0.12924650945215
-0.00219702423891283 0.0357990521327396 0.00723160840735532 -0.162381828809778
-0.0509918989389258 0.0125275659926232 0.0480787894692927 -0.144790095150113
-0.0628207822399274 -0.026601683081782 -0.00383982978844035 -0.15596635974899
-0.0727534671664683 -0.0529339182940247 0.0418878446317764 -0.138038346520004
-0.0468325390291604 0.000378789963339267 -0.0179431130988827 0.0149653317850148
-0.0190235756311112 0.0236194214482241 0.105201684057412 0.0643068259347573
-0.0089496413822655 0.0115026310194725 0.153116582238259 -0.0295022893810187
-0.00844907338857785 0.01229673666186 0.0888293554487674 -0.130392645476083
-0.00135171572557177 0.0237320298792992 -0.0138294676402552 -0.140199283292221
0.014174557897798 0.0174544621536791 -0.0657971063673728 -0.0935899912113385
0.0200369582186412 0.0133723009094566 -0.0706558538178385 -0.0544287327755236
0.0231860798196847 0.0231609941072852 -0.0755594210403572 -0.0372234414390533
0.0089491291683848 0.0383552778556221 -0.0856180949744619 -0.0400831337135778
-0.00859289760500294 0.0360912571407585 -0.0881502602499863 -0.0620137804523627
-0.0356651301299617 0.0394728725264983 -0.0627737010856621 -0.117632774645965
-0.0590437562676642 0.0158886531225833 -0.00522716206673997 -0.152174120230063
-0.0772237341958644 -0.0439963270728162 0.028500943750129 -0.125096270484721
-0.0713135126207664 -0.097821306705011 -0.0122919813260112 -0.122294167287272
-0.07340559291474 -0.111595647421405 0.0628067581918375 -0.0973639926388007
-0.0817931514954347 -0.0541173793593597 -0.0114584295944639 0.0435357874815712
-0.0827891239265388 0.0128096921764439 0.119619311255096 0.0925993930326725
-0.0575232169273394 0.0494051052107036 0.178500079776871 -0.014146232564102
-0.0154609877576734 0.0557607240311127 0.10404878234774 -0.125183946954274
0.0114533712622952 0.0571621950253075 -0.00323605833735178 -0.134169981578939
0.0411464807618117 0.0430548465811716 -0.0573550362235044 -0.0815916147636596
0.0498437346359341 0.0322285359905619 -0.0586290561118376 -0.0405472340815844
0.0502354035478824 0.0428618559699356 -0.0641283969236395 -0.017819264186546
0.0222935682743659 0.0685124507734231 -0.080349265733799 -0.0152295592146146
-0.012080398915511 0.0717310052273666 -0.0975041823335484 -0.0320648575317106
-0.0690638765734748 0.0718341724993142 -0.0837629816607225 -0.0946077955522014
-0.105425060232364 0.0154142677080877 -0.0266526600077047 -0.139367119386263
-0.103515077918215 -0.077885713004368 0.0129525180544742 -0.102872760744373
-0.0775480691292015 -0.149241060833624 -0.018041705025292 -0.0721147500742076
-0.0587455742868445 -0.154938141430892 0.0724654105666124 -0.0363428684819072
-0.0992073667739889 -0.11024882488399 -0.010102806192904 0.0835415321142467
-0.137451900883437 -0.0134637736722503 0.119761760885691 0.12977409358653
-0.109399045693099 0.0733502934560199 0.190970115836632 0.0163247963066961
-0.0291152244235643 0.0948752146635935 0.1166050184962 -0.102156448543806
0.0180856733770659 0.0861774369548364 0.0135594282485084 -0.113209946760124
0.0608350744188645 0.0642583772047147 -0.0397346448024322 -0.0620299961040693
0.0727636012500826 0.0452509553726165 -0.0393597828142248 -0.0211216519072554
0.0714886762092737 0.0529226914408989 -0.0437347192063621 0.00522386971068529
0.0369157156153192 0.083706247495953 -0.0661111709280663 0.0146933687596778
-0.00537376749751775 0.0935257654033814 -0.0983598369521597 0.00455955082003015
-0.0806611963387223 0.0984176677941053 -0.100363523215573 -0.0618596129483137
-0.131223864879672 0.0239207151772054 -0.0474402475976868 -0.119093463476119
-0.119236362011048 -0.0916956946571637 0.00385108023543442 -0.0808466665167909
-0.0769470798928262 -0.176020431879968 -0.0172416950391544 -0.0166537207154753
-0.0334214873979062 -0.1722376126121 0.0686870851121522 0.0346676504464002
-0.0903946615087357 -0.153452607034948 -0.0154228263634376 0.12577091218828
-0.164155594042521 -0.0497734058334219 0.101119012708193 0.164651834974681
-0.149523049286783 0.0734117076610452 0.18138010651105 0.0552422355702789
-0.0461429343526872 0.116518193619561 0.118417060376002 -0.0629949479802723
0.018057568022587 0.102369945566663 0.0310141900382621 -0.077684115795795
0.0700122720791331 0.0764611312559034 -0.0169763535177004 -0.034527988351255
0.0843492938190167 0.0515314053271868 -0.0143467272478367 0.00160249696698834
0.0827636082209027 0.0544754417746303 -0.0178547489509158 0.0287514953255593
0.0471686906489531 0.0852864937475875 -0.0448927884088632 0.0438615702972832
0.00184457566823925 0.099771578842174 -0.0895091874993461 0.0401804019280044
-0.0818197602081123 0.107567029000703 -0.106074457323688 -0.0283329978622669
-0.137254012208406 0.0259649788671107 -0.0612489544114128 -0.0956586962595891
-0.115859710756091 -0.0968111160774965 0.00170681934804022 -0.0608498264878767
-0.0621816887508938 -0.178982053262295 -0.0125980364844176 0.0363200461453524
-0.00425095204457156 -0.156943742083525 0.0516706189839549 0.102186356967124
-0.0601322173245106 -0.166500830555925 -0.0267015820681125 0.160194489437015
-0.154157810265441 -0.0791203575112581 0.067286204954151 0.183687161410976
-0.160826215222195 0.0536102793630135 0.148451415175998 0.0887883251687829
-0.0559982231533654 0.114225448065997 0.106800760626904 -0.0170001804353624
0.0143233288121353 0.100717918014737 0.0444446632540434 -0.0334981304334342
0.0675331417425113 0.0752452718560873 0.00795753143557787 -0.00456886630237759
0.0834415818123205 0.0497033370506179 0.0110394804456501 0.0232939051407933
0.0822878210160677 0.0487927325020039 0.00790381854200158 0.0498000248706451
0.0504227158482349 0.0771072712161036 -0.0221624786378756 0.0682239345892236
0.00598047507907096 0.0941110320290468 -0.0767430067404654 0.0691667506040148
-0.0781767586609955 0.100925552198073 -0.104034157701589 0.000400591487205917
-0.129124273356105 0.0178580662314373 -0.0679463498400217 -0.0723895899170151
-0.0958987271546308 -0.0977327880096835 0.00257249721603102 -0.0426831006292193
-0.0350692263004923 -0.161749406624808 -0.0097307542836038 0.0817070189130656
0.0218936837175066 -0.11131862448031 0.0278021793064604 0.152543974417109
-0.0236127456978798 -0.140512447098978 -0.0378638852546182 0.179820885343805
-0.113556900387502 -0.0822384413282167 0.0297730436943592 0.184843778424972
-0.135698860136415 0.0299784165895036 0.106812156192554 0.109388540426006
-0.0494876028270135 0.0901788451984305 0.0880000348435368 0.0250157032771967
0.0105302019966424 0.0792955814073093 0.0535305357413375 0.00816953814245876
0.0550697037770091 0.0595144130820073 0.0310986135994691 0.0218711196876566
0.0704860695304012 0.0396066387467851 0.0339566343222358 0.0416851958404114
0.0702682826020517 0.0385585260613985 0.0317888326468605 0.0674510071302841
0.0475935793357715 0.0617968058156796 -0.00309482286644767 0.0884896806170123
0.00693780207434884 0.0795131371374868 -0.0654101384219324 0.0927045791506169
-0.0703064997189111 0.0833426808903695 -0.10227508287419 0.0215494090075881
-0.108800642973634 0.00364340804205624 -0.0721020495039376 -0.0527604989622715
-0.0645027277292388 -0.0933635633258176 0.00105816523805738 -0.0275400749846519
-0.000623364888412204 -0.1276629900083 -0.011764589610523 0.116330858241573
0.0419572192621348 -0.0444416838471061 0.0063764568720541 0.175206023040932
0.0102876204164007 -0.0849718100580149 -0.0425440522749891 0.18054244717578
-0.0569712900723881 -0.058497942208838 0.000273473303241298 0.173448449238333
-0.0816041212582351 0.0114492698271442 0.0709480503366938 0.118230452831523
-0.0276224717816767 0.0527248089580777 0.0745862071594611 0.0546895775366138
0.00873403906780463 0.0432163975806038 0.0626248473467382 0.037261913687827
0.0350368408547846 0.0324209984559302 0.0504596082421409 0.0389865985320335
0.0471728509528849 0.0227019093121976 0.0501471736773786 0.0533116463011751
0.0483482073391832 0.0228819357471155 0.0494722302840758 0.0797295921100109
0.0381326333251183 0.0411763953607066 0.00889283094263997 0.103973531325716
0.00729201412297822 0.0579387158951427 -0.0607385438758331 0.109805006802249
-0.0548173222160484 0.0584658568708959 -0.105905135355661 0.0357460104120761
-0.0771816384528181 -0.00990865398709126 -0.0800943741823147 -0.0397556050961513
-0.0267564262289767 -0.0781317445674856 -0.00274388267622913 -0.0193090610548581
0.0341815275860315 -0.077077007858966 -0.0186908789598296 0.136983220793279
-0.0553149443097416 0.0136451228061559 0.00346209118460659 -0.15623762699953
-0.000963432484303341 0.04134565541011 -0.0286660998253015 0.00372465677492881
0.0406026656563252 0.0185660659891643 0.0883704896346118 0.0463329466630271
0.0255601846655239 -0.0293163225015873 0.128529092879494 -0.0374869016681387
-0.00789328332212295 -0.0254883936418607 0.0731461251377478 -0.127825615564603
-0.0155805602700814 -0.00518624610589174 -0.0236250058422197 -0.134627563065104
-0.0154380659069011 -0.00482310209119261 -0.070095442030965 -0.0920721481088504
-0.0127792454916957 -0.00558304798980908 -0.0756410813799887 -0.0566060551005274
-0.0050986782359472 -0.003269568049639 -0.0777707747732494 -0.0425518808911429
0.000844878572789267 -0.00215557037133898 -0.0853297904679736 -0.0466685747884372
0.00753962403434236 -0.00524998633035386 -0.0831392444919219 -0.0706680513362946
0.0182816477633783 0.0127544518214801 -0.0589508166704523 -0.124734616443015
-0.000390673199473099 0.0344372373575473 -0.00314123549871859 -0.162117120146606
-0.0499783129785471 0.0153771240715272 0.0417210514199608 -0.149199905256807
-0.063276957005759 -0.0218300688521717 -0.011051222384085 -0.156954950688965
-0.0749620193631532 -0.0477868988106479 0.03363721467227 -0.141090788573601
-0.0464584466096421 0.00266704731362483 -0.0170809353994723 0.0164156641303085
-0.0168193160605246 0.0242035200444369 0.108775321810207 0.0570051839957731
-0.00931798889383252 0.0124048514678394 0.152172641428004 -0.0391153606038721
-0.00831249564938652 0.0130968267385699 0.0814813597421042 -0.136130223125373
0.000608502354068246 0.024569031611188 -0.0227084710016299 -0.139252562046553
0.0154640147251133 0.0176040160778317 -0.0705653319032915 -0.089185592096777
0.02103006025095 0.012496692259453 -0.0731106863708531 -0.0499870658145908
0.0246923783660646 0.0221633392564123 -0.0769206030486162 -0.0323707610909801
0.0111868453684938 0.0386028415804624 -0.086897514118957 -0.03445023495554
-0.00702330504633428 0.037429027093004 -0.0909201115115249 -0.055355336352185
-0.0334289244248095 0.0410629621128832 -0.0710536537652435 -0.112787133733567
-0.0586216359886515 0.017794445876473 -0.0150086706592011 -0.151318684118304
-0.0794771799175027 -0.0395491149130587 0.0232536564696184 -0.128566174988522
-0.0760410014083768 -0.0923467801156544 -0.0173645093576789 -0.123514896207439
-0.079272079693899 -0.106438137315033 0.0570269422249223 -0.10208610204796
-0.0844538344238969 -0.0495838792910083 -0.00895217256362727 0.0440047185671426
-0.0815448864683655 0.017076141345004 0.125232144949835 0.0843521071551508
-0.0547326461091486 0.0532304069042884 0.177241912564772 -0.0258640994201308
-0.0128413598883576 0.0574960026767438 0.0958315092871038 -0.131538340668213
0.0148512877549483 0.0571256312820769 -0.0117485903687284 -0.133025689678509
0.043905766907369 0.0411413065675306 -0.061112627755696 -0.077824897984
0.0514498264526905 0.0289839500483838 -0.0608139533961559 -0.0367256224252224
0.0530232702881883 0.0398846223612933 -0.0645580652473933 -0.0139393769726157
0.0263339261889891 0.0676797384601755 -0.080577166998399 -0.00980370906796563
-0.00800837060585175 0.0728445942534339 -0.0987935773758715 -0.0254110160640374
-0.0649914884008242 0.0757357533327164 -0.0908901312306359 -0.0881339396369699
-0.104712064928546 0.0204535959564514 -0.0361834213898568 -0.137638988985574
-0.107322100987794 -0.0722711615534762 0.00761464327927524 -0.106088682809347
-0.0849959742469853 -0.143285109786973 -0.0202387261789059 -0.0729369948466426
-0.0674992181668757 -0.151026092052292 0.0702182816444332 -0.0412440799881654
-0.104985024522993 -0.104811733937118 -0.00542430741132714 0.0831122121608723
-0.137444087509477 -0.00530263865276796 0.127704282839949 0.120911184993599
-0.104814239710212 0.0805699804178599 0.191041369502511 0.00391100623891307
-0.0238804967066052 0.0969672850139512 0.109627719054999 -0.109468974803219
0.0230964938626452 0.0854949497389489 0.00606455040761667 -0.113306193175952
0.0643183238803885 0.0609376703909259 -0.0422196789995496 -0.0589033196936203
0.0744917922199453 0.0403741477550368 -0.039740634602936 -0.0184629360268371
0.0743637326764697 0.0484745359721 -0.0425732491663729 0.00811944085750174
0.042240594845755 0.082107183609473 -0.0646562566250445 0.0198972393909309
-0.000248511614521595 0.0940292094546316 -0.0974042975859227 0.0123984816979167
-0.0750191194790106 0.103127619152907 -0.10540512956255 -0.0542116212271944
-0.130007326723313 0.0307362146935745 -0.0564476171574017 -0.116338417443667
-0.123779756036522 -0.0854471362083566 -0.000886400850218921 -0.0833841589803771
-0.086709861555003 -0.169974283327728 -0.0169404295057598 -0.0174294636514889
-0.0432784957222461 -0.169342097135825 0.0695187720885334 0.0302186855722461
-0.0991027034466779 -0.148752236248944 -0.0089208405244195 0.125268144771118
-0.166547746845736 -0.0399353070855118 0.110357395000641 0.156584827276286
-0.14569369143417 0.0823412320817169 0.183762357985767 0.0434992948624931
-0.0391620318603535 0.119489332941551 0.113655642082793 -0.0705338330832631
0.0240644905101149 0.101928996013777 0.0256145757410799 -0.0785516267570648
0.0743226850360836 0.0720887601760177 -0.0178885430295534 -0.0330280715838402
0.0864864910108195 0.0457830159736562 -0.0138439345669267 0.00242695077336671
0.0856764436847359 0.0486741848152327 -0.0159489362663397 0.0299151957282528
0.0523731964923624 0.0823460503810786 -0.0418074618149347 0.0472942529280987
0.00744582509555384 0.10008439578495 -0.0866232396840885 0.047014042611896
-0.0747208832191942 0.112492185889711 -0.109333523488014 -0.0206206126817091
-0.135522434033755 0.0338612998011403 -0.0691248924373181 -0.0915389089740771
-0.120801579583587 -0.090530319377485 -0.00196537706959748 -0.062543808709718
-0.072510031030595 -0.173896024613318 -0.00925590157933201 0.0357307967721111
-0.0133004933528898 -0.156133094376059 0.0563191645203145 0.0988810623975171
-0.0696180370525833 -0.162666013440866 -0.0182976109034335 0.160518816513465
-0.158433202356682 -0.0691165818244679 0.0776902203655343 0.178339722020066
-0.158050807723537 0.0639865275278452 0.153163196955493 0.079177174481896
-0.0490334386290435 0.117573395982605 0.104201826500342 -0.023653361531505
0.0200789581429108 0.100219733659178 0.0411767613038139 -0.0353036436938466
0.0714749305831908 0.0708763898792953 0.00817535153229594 -0.00443611135651315
0.0858169162268466 0.0437693497096284 0.0127931381033863 0.023434335057299
0.0845126291687039 0.0432749133929694 0.0118725288778976 0.0498154029056079
0.0549474676413088 0.0737631752034907 -0.0178289400461848 0.0703270921920545
0.0111763271504631 0.0935158486400898 -0.0717632768052675 0.0752594915599839
-0.0715886050015579 0.105585993842894 -0.105753482421242 0.00775445962213766
-0.127508569914594 0.025167975047144 -0.0737183883438427 -0.0676158932661522
-0.100878465141547 -0.0921691907849554 -0.00165617249954847 -0.0440751051870925
-0.0447863001850857 -0.158655407738999 -0.00401644058629789 0.0809699902973227
0.0145261667368028 -0.111987948891424 0.0352135974175917 0.150970235740202
-0.0321813939421181 -0.138461753037643 -0.028402548299907 0.180617452560522
-0.118073558677293 -0.0748702854972943 0.0401033464035695 0.182321696182275
-0.13409160731268 0.0388120014445585 0.112394626198139 0.102018352336098
-0.0442531005208042 0.0931077761935865 0.0884449376247095 0.019554087250229
0.0150851226654731 0.0786185647879087 0.0532892248119432 0.00551626487689198
0.0582798557252443 0.0557161380172428 0.0325720809638406 0.0209009364979382
0.0723310127402043 0.0340692238825478 0.0367551958500801 0.0402012200122239
0.072035342602875 0.0330438713969652 0.0357659254944263 0.0659149502775347
0.0503940926719994 0.0582910488892354 0.00209789629599217 0.0894784604103334
0.0114164327830521 0.0786725377697108 -0.0594181964319673 0.0975969551150714
-0.0645298199339313 0.0871944828277316 -0.102083713646462 0.0289072642591977
-0.10797495935422 0.0104559311362191 -0.076736794428384 -0.0478935285421563
-0.0696969819847956 -0.089233018564286 -0.00161119206207484 -0.0284648212671832
-0.00869878125971247 -0.126298514619341 -0.00399545093380966 0.116493620320677
0.0383168479498814 -0.0465083872100018 0.0146889512474498 0.176111789278332
0.00428416134724383 -0.0846270018203468 -0.0329939615651917 0.182241873183572
-0.060770571989549 -0.0536688073237688 0.0107465670084734 0.172859777236885
-0.0808626572315997 0.0173642604805206 0.0775521847431741 0.113663283446178
-0.0239034733394649 0.0535987109975889 0.0772509884806248 0.0502970302356721
0.0113035608102487 0.0422761509464442 0.0640596453026439 0.0341589472731267
0.0360531586082861 0.0303971478300482 0.0528182387973118 0.037318571191766
0.0480942251883826 0.0186114468779939 0.0535067380882309 0.0512771556058245
0.0492043225987354 0.019310876669984 0.0539477511926241 0.0769312073474097
0.0400714772319548 0.0377709884488451 0.0151650332705947 0.104019350405644
0.0106235356448583 0.0573110232007703 -0.0537595248410164 0.113496922890418
-0.0502449072840187 0.0614478618470656 -0.104070316390919 0.0428756527078403
-0.0769368728789314 -0.00488100516096195 -0.0833300886866028 -0.0349585196386991
-0.0312057117665042 -0.0761608637964495 -0.00527013669292976 -0.0198120864724385
0.0281242361439425 -0.078344942905716 -0.00960672538857898 0.137665071430359
-0.0524197624912328 0.0184323064964758 -0.0266321168823012 -0.151884515853104
0.00480624621196769 0.0401533599481694 -0.0283090598576724 0.0113907826388614
0.0423871115957704 0.00991175740173353 0.0960229871784022 0.0319851598784989
0.0192587625614267 -0.0342928904097111 0.123210605780895 -0.0592689512097145
-0.013899659333377 -0.0247505465903688 0.0498807003705958 -0.140000398193812
-0.0163069702305461 -0.00180154710889774 -0.0454371668283662 -0.12862151259112
-0.015665147384663 -0.000606555034843518 -0.0840465084631383 -0.081195800728099
-0.0130716357214396 -0.00242082561617701 -0.0825392198644064 -0.0444237504032163
-0.0058477318549257 -0.00125152121694886 -0.0832915058580599 -0.0296243499543138
-0.000283904771323903 -0.00195131713276937 -0.0911335114812745 -0.0311212080708511
0.00521726638910724 -0.00564498199030162 -0.0927536421764307 -0.054277453904397
0.0176959831235691 0.00810572482464423 -0.0783496025074 -0.110164807245467
0.00329651291998737 0.030385303563807 -0.0307267535673003 -0.156506173413006
-0.0447292301483236 0.0200381229814077 0.0164400144564875 -0.154645068893717
-0.0650722872206773 -0.0149018422782317 -0.0319937120276265 -0.152543131233607
-0.0779555364020565 -0.0380489096376345 0.00405263091640378 -0.145223018558635
-0.0435841554492142 0.00940207463252035 -0.0164442431696766 0.0184849229934675
-0.0109909192281647 0.0231131760192074 0.113358604374576 0.038601177398736
-0.00719099953411432 0.00995521956751516 0.142048001406268 -0.0634544056437452
-0.00895544800756068 0.0119858338788253 0.0565075697750066 -0.146352922805923
0.00273718951317475 0.0246992646168098 -0.0441302023778711 -0.131773213486111
0.0170962110905307 0.0159354793219848 -0.0832328567656518 -0.0767721578573378
0.0210386601130729 0.0103810641206671 -0.078902620281775 -0.0380309001153579
0.0269071458638697 0.0191585105953842 -0.0809142943041709 -0.0198198617649803
0.015578303286532 0.0366386712233935 -0.0915510967759692 -0.0181534100889825
-0.00426335045300493 0.0373111887260059 -0.0978200850501943 -0.0385580039147292
-0.0289198038864344 0.0431250426963366 -0.0877779117027918 -0.0975489845943017
-0.0547790565348499 0.0215743650882731 -0.0419463504189912 -0.145996807831869
-0.0810852602377079 -0.0290948134788953 0.00307796479336513 -0.131293558074509
-0.0860952693372595 -0.0817831888605585 -0.0324132718680406 -0.119656276024648
-0.0883808345099763 -0.0938007441426371 0.0332659233090069 -0.114302387460393
-0.0861341027819356 -0.0355188332991731 -0.00488648305058508 0.0421737611545442
-0.0721816046610241 0.0254847098795889 0.129428383989732 0.0602607518502904
-0.0436485877999721 0.0551224867239542 0.164241928584707 -0.0536793864120251
-0.00722721400937332 0.0546789132611397 0.0705461210721331 -0.141464126257456
0.0206983529612257 0.0539784153661415 -0.0320044698227227 -0.12582248392067
0.0476534341928077 0.0342424168188474 -0.0707296643577664 -0.0652598574766803
0.0526530786739876 0.021855166767044 -0.0643897523182721 -0.0263201928092941
0.0566171602316463 0.0326192012276684 -0.0666036206971935 -0.00337098101334122
0.0348472395382769 0.0635464936468819 -0.0816649346318339 0.00516171386978525
-0.000862737057852728 0.0726445524202695 -0.10061545852984 -0.00701552115409531
-0.0545208716170388 0.0815137277290247 -0.103590660634433 -0.0718536543699806
-0.0989993731084999 0.0298642313103057 -0.0607943215582875 -0.12884234636231
-0.112889171894645 -0.0567871454803728 -0.00754915622303618 -0.106851003638325
-0.101065510882673 -0.129753501486982 -0.0272078810283959 -0.0702151301222109
-0.0817394116128824 -0.137640645712359 0.0569806427992703 -0.0601377088346247
-0.11288966741633 -0.0859164993324997 0.00460806033330341 0.0773280311149422
-0.127864639528779 0.0124777267048373 0.134289453888356 0.0933013886321693
-0.0860609491648727 0.0881556657793797 0.17819425903515 -0.0270424440128181
-0.011543657396873 0.0935939636435005 0.0860193168259045 -0.119034912540608
0.0325480001369143 0.0803186273929323 -0.0115686071258408 -0.107350987348694
0.0695923836001784 0.0499448367801049 -0.0487017599803023 -0.0475759904031109
0.0765737391603945 0.029571967957011 -0.040702145804975 -0.0106790012104279
0.0786696159363871 0.0369804631392723 -0.0418280274946789 0.0154211683290209
0.0526591366443294 0.0748689403476935 -0.0615216478638555 0.031495425111246
0.00955435720371191 0.0924827661629081 -0.0923776044634697 0.0292096874991618
-0.0603583073350513 0.110018161552813 -0.112433356083999 -0.0361794888725123
-0.121976065883654 0.0436493083726235 -0.0776496225214683 -0.104791058116619
-0.13106311620169 -0.0668531300037379 -0.0120762285689012 -0.0832292931545933
-0.105975823119802 -0.154659797910526 -0.0156070247449756 -0.0166177964004689
-0.0604971122019229 -0.156983640893105 0.0697642702739322 0.0081676645517637
-0.112502326420233 -0.127816136577842 0.00917323382700018 0.116999644886793
-0.15953054497207 -0.0152212303523066 0.122482405712207 0.127640349989281
-0.123439143072696 0.0971410967317409 0.174462994162903 0.0119428704203863
-0.0222667986730192 0.117355095661548 0.0955069879334518 -0.0801310524533249
0.0355422912849571 0.0958026648570488 0.0133596676141899 -0.0759174240945535
0.0811717771510045 0.0589685365187318 -0.0202599815990947 -0.0243973379027891
0.08903169317105 0.0332322331392515 -0.0123806574317485 0.00635977391587701
0.0901173245683081 0.0355397862457177 -0.0123347028449688 0.0328499005647282
0.0622375769471629 0.0738544236213113 -0.0345808033654263 0.0549634709866428
0.0180599197872621 0.0971681790787764 -0.0760172221860983 0.0614391518421313
-0.0594630539490904 0.120048489661925 -0.110101652305984 -0.00251432284780701
-0.126715408994752 0.0476394380615534 -0.0861768179450181 -0.0784056832006768
-0.12888730849939 -0.071769827308877 -0.010001567113507 -0.0621224982081003
-0.0927414040376834 -0.160066188458656 -0.000920940431600454 0.0341644426048288
-0.0297640472677335 -0.146932166800214 0.0699324010340519 0.0784853246294818
-0.0868899551350733 -0.144059420334331 0.00684025509589124 0.152820897259008
-0.155627771830063 -0.0431320505662818 0.094999029401406 0.152903060437707
-0.137339675138444 0.0820262540325928 0.150015609849268 0.0501684080403441
-0.0306951573206157 0.116874213966166 0.0935379138602961 -0.0325886547145201
0.0320826535920709 0.0942190500210354 0.0355777008898716 -0.035674277245399
0.0783586967559246 0.0575986595468549 0.00982826295964116 -0.000155577944073255
0.0879065825595858 0.0310646673096588 0.0167737371388636 0.0228480397947963
0.087989580321238 0.0299696581827977 0.0179301622182976 0.0480414436398469
0.0638186184012093 0.0648515655396267 -0.0072904106793772 0.0738552939983885
0.0213667317095583 0.0904921225230217 -0.0571074199786839 0.0864070333152854
-0.0567510268821184 0.11257239873215 -0.102219656303028 0.0242665189628207
-0.119595365021826 0.0388251846300809 -0.086780024459812 -0.0542010710607796
-0.109638672851299 -0.0759789977852451 -0.00689930907588453 -0.0440570182089112
-0.0631923219138857 -0.147364214450378 0.0105366988543462 0.078075790045863
0.0020858563378626 -0.106946913646221 0.059848673700623 0.13537866731415
-0.0483456910578634 -0.125911520463505 0.00131297338444734 0.175613375165538
-0.119167780719254 -0.0530577016839331 0.0620782363157671 0.163137876271594
-0.11779900323725 0.0560249475313472 0.116060006092196 0.0788419288335006
-0.0280107715082277 0.0933448517626352 0.0855337428504242 0.0105955101423882
0.0248907386657199 0.0737778258358747 0.0535579612397763 0.00178233815601851
0.0634961823218663 0.0448354276565612 0.0374392176210496 0.0208366946828678
0.0736085828228124 0.0232415239202135 0.0430299609451781 0.0361831860067919
0.0741643591770796 0.0216894362786084 0.0445739141950005 0.0603179500921339
0.0573196943954313 0.0499078429314544 0.0159018294323889 0.0888696464550141
0.0198208584885623 0.075661635244646 -0.0411971663711877 0.106130638604625
-0.0517552594577127 0.0933039896445003 -0.0951988762855872 0.0444342392804175
-0.102143338832341 0.0224018134286608 -0.0858306738114976 -0.0349281493831869
-0.0793335932407147 -0.0772392725711086 -0.00516377353650917 -0.0278984172297003
-0.0243818241903095 -0.120339469339593 0.0150674544157708 0.113007443163569
0.0326094261417859 -0.0465504493292258 0.0448246038417791 0.166443012623382
-0.00529032327610336 -0.0784499808410738 -0.00205093833674187 0.180999885021402
-0.0617510607513435 -0.0404557530316333 0.0351708095146861 0.162387343790649
-0.0705558866222821 0.0288953188496781 0.0881829139638716 0.0965488380639531
-0.01420470878239 0.0529597744835544 0.0815155123115919 0.0399564574251119
0.0166765908823841 0.0383225014764162 0.0690155266690777 0.0260149580979452
0.0389349669839064 0.0227860175631095 0.059792857551058 0.0320014042570649
0.0489039335280372 0.011005330477487 0.0613313539289497 0.0433493477977692
0.0505039916691122 0.0110848987805465 0.0642401947782656 0.0678516641931043
0.0444193860812063 0.0307771792939829 0.0311622605721557 0.100557605451406
0.0164231651056075 0.0549563391252865 -0.0327672219100613 0.120661198638571
-0.0412677592921535 0.0667477166985022 -0.09432502044028 0.0584715010139949
-0.0740095197128272 0.00410544776918395 -0.0892353489972257 -0.020334584133011
-0.0407412482526045 -0.0693782136637807 -0.00758501096164148 -0.0179534613056904
0.0176408238558814 -0.0773957142428999 0.0121486214554146 0.134975333957381
-0.051024930091559 0.0190424666299707 -0.0250527822300684 -0.151595367664861
0.00401622019163083 0.0403786748342935 -0.0287046732971575 0.0111354509899776
0.0418475028872781 0.00976949945292796 0.0953718111303505 0.032817389770356
0.0186843278382297 -0.0332361952164892 0.123696205661827 -0.0588435509076769
-0.0135891793375609 -0.0236770698050267 0.0514184264160808 -0.139320412033968
-0.0158039539053493 -0.001828083567967 -0.0432149327939281 -0.128053068217225
-0.0151892294849016 -0.000537106980895837 -0.0831526710313365 -0.0815546037203316
-0.0127942244806131 -0.00203089314007183 -0.0816257351168635 -0.0458429031970513
-0.00540012693255251 -0.000818991365749348 -0.082128447145612 -0.0308905814584471
4.11519030729024E-05 -0.00104647341874955 -0.0896893293617084 -0.0325642712453588
0.00456519260012652 -0.0050723520193589 -0.0912112941390208 -0.055151109863362
0.0165341950118589 0.00783913387284549 -0.0763310105366896 -0.109569696071822
0.00222087507878257 0.0290146966085651 -0.0285428278169407 -0.15534882964697
-0.044531563860125 0.0192623070790238 0.0200514132409348 -0.155563057675677
-0.0633545812004629 -0.0147805709063614 -0.0281196718557654 -0.154548316286875
-0.0761975838865502 -0.0376925243626715 0.00539417289112245 -0.145477103346724
-0.0429993024595154 0.00827415396707562 -0.0171975481146951 0.0185097206142064
-0.0112586098310962 0.0222833793117511 0.112377818672805 0.0388841396570231
-0.00809437992046662 0.0104005474076722 0.141829854330562 -0.0626771646795293
-0.00921832972693887 0.0130183083577223 0.0576910184801623 -0.145199736907008
0.00321180119247139 0.0256706120752406 -0.0421722446399085 -0.130520677584855
0.0174245237598758 0.0165605466933913 -0.0817656555345596 -0.0768463483506551
0.0209790909260469 0.0110467275447184 -0.0776222738475091 -0.0392526090682359
0.0266511393609995 0.0201607024856309 -0.0795079346448926 -0.0206728534750631
0.0153733523706449 0.0373473245480593 -0.0898964179130744 -0.0188016852410415
-0.00526324808473266 0.0379001454610418 -0.0967167687427062 -0.0390354382296264
-0.0297707503549706 0.0425107803256318 -0.0865139184701722 -0.0967392600322417
-0.0556457681722116 0.0199010663092771 -0.0400948734874148 -0.145346334272102
-0.0799272206694725 -0.0309719714697945 0.00580864984093104 -0.132562383182142
-0.0831698626634042 -0.0815800842808708 -0.0294085564415136 -0.121329224752409
-0.0858482047985763 -0.0938248082290354 0.0338376432670541 -0.114376635175656
-0.0851596296998609 -0.0373085007387967 -0.00628097821126745 0.0414411450576425
-0.0720261552343408 0.0242776938150146 0.128097156732892 0.0612712261035819
-0.0449202579359987 0.0551677426002573 0.164023325976999 -0.0525818959953133
-0.00817645647064567 0.0551671502932867 0.072049571296292 -0.140143919500812
0.0201900361387016 0.0547878372668029 -0.03018844571048 -0.124924183509727
0.0474386516727006 0.0350322730501694 -0.0687189912071343 -0.0657503044680178
0.0516355502049339 0.0230949641503736 -0.06305394843535 -0.0270935166236525
0.0554597298251707 0.033304348198323 -0.0651042001745089 -0.00410120124749967
0.0343396318063488 0.0644751653814016 -0.0804058208218714 0.00465899407283828
-0.00220993917830215 0.072715515828571 -0.0991404594076958 -0.0075837470492243
-0.0557463701906597 0.0807554308783659 -0.102681409251976 -0.0703839919735018
-0.0995493861496319 0.0281727260202248 -0.0599521548709097 -0.128870343422541
-0.110964022873871 -0.0589074674149506 -0.00629324210147865 -0.108239532054228
-0.098125266185201 -0.129580159059593 -0.0246530492399921 -0.0727090477221787
-0.078830172172306 -0.137732055429483 0.0566771636549782 -0.0600190900130376
-0.111084903875175 -0.087224004985627 0.00260052963416241 0.0761323220417581
-0.126855979151471 0.010611987062075 0.131775732763628 0.0933664092707744
-0.0872651725773291 0.0877148148901049 0.177204729569691 -0.0253189996012294
-0.0131074113277729 0.0938340502137166 0.0867354821888411 -0.117691625483504
0.0314572026538284 0.0807984112403707 -0.00997669984846049 -0.106308574979664
0.0693353061845798 0.0508873467541631 -0.0469981641638815 -0.0473425231990242
0.0753409748837816 0.0308250017612887 -0.0400467971119532 -0.0109894960040626
0.0775836458229746 0.0377419707562538 -0.041105410413201 0.0152500934403763
0.0513311071628796 0.0757706961574482 -0.0604475683014965 0.0315947591464889
0.00838703631130332 0.0927491864550814 -0.0917742248741606 0.0286942304581268
-0.0613890302563964 0.109178458358667 -0.111945046751161 -0.0355831196292269
-0.122431044899322 0.0414509985265233 -0.0774283873861155 -0.105089056286576
-0.12881308351002 -0.0694086000144903 -0.011671599879377 -0.0850273168864487
-0.101986300415375 -0.154027687652253 -0.0141925996361539 -0.0187224158993568
-0.0572665585706762 -0.156788334769577 0.0679763723942042 0.00878700432247934
-0.110853863988088 -0.128986981518335 0.00570173338961281 0.116111820575865
-0.15876657468056 -0.0173007212342048 0.119849639627807 0.127469318780882
-0.124361054239794 0.0961184480249914 0.172513909468296 0.0130578386458169
-0.0240755478821746 0.11690462399634 0.0951622982740511 -0.0781142672983637
0.0345645013246322 0.0964518775753778 0.0139041260459149 -0.0742568221055134
0.0800303611684291 0.0599151465231339 -0.0182312535733114 -0.0242369735212552
0.0872650751799557 0.0335102899232044 -0.0114229982394311 0.00634744761054452
0.0883543039527309 0.0359949739423393 -0.0115731198072658 0.0332461105549253
0.0613861540366637 0.0749070940082993 -0.0342468473611816 0.0549852048573171
0.0164974564196383 0.0977570178209114 -0.0754813028677564 0.0611654501552194
-0.0603653801158962 0.118440493672485 -0.110468603465765 -0.00186375838466842
-0.126880680004043 0.045568553639846 -0.0859815372922955 -0.0789514678158978
-0.126781349253805 -0.0744363660109807 -0.00999857152157579 -0.0631463463341354
-0.0895254846073098 -0.158860660729858 -0.000145067559603017 0.0324902092895463
-0.027216203898186 -0.146088051893996 0.0666568959275835 0.0792629456049894
-0.0844621455249896 -0.144578564869331 0.00255985193775731 0.151273010260676
-0.153983637675705 -0.0442384792883255 0.0921057904169497 0.152742369718337
-0.137457326220352 0.081197454266502 0.148249871272533 0.0509361486183795
-0.0321764215096838 0.116324265502406 0.0927681105857358 -0.0311978265353003
0.0306108572111153 0.0947649983767014 0.0358611670315164 -0.0344477098995852
0.0768290611088191 0.0583368252811539 0.0113207218267865 0.000860428452003707
0.0863240382071314 0.031293440197534 0.0174396658906767 0.0238480457254754
0.0866054077250138 0.0304855583700271 0.0177804459552034 0.0483472404468212
0.0625495511976398 0.0652600622861626 -0.00760218675139826 0.0739778889512736
0.0198251702626421 0.090587617495903 -0.0567580030049483 0.0863756365765025
-0.057180954196259 0.111348477381081 -0.102277311043372 0.0248658589037587
-0.119320235683995 0.037380623031753 -0.0872543645388745 -0.0545398049805237
-0.108011940400803 -0.0774345181535616 -0.00720481221860458 -0.0445313042069404
-0.0608182046447361 -0.146657466741088 0.0100127833737401 0.0763670950520047
0.00332682616286819 -0.106031577728776 0.0553000440394863 0.136114809264342
-0.0463282023483216 -0.125408190673008 -0.00322305060539737 0.174306563081935
-0.116857528832022 -0.0535485972850514 0.0590442206363852 0.162677266899591
-0.117626655735717 0.0555575592106013 0.11443397704934 0.0798970232938738
-0.0290224286041714 0.0923969632691267 0.0845045509312927 0.0116223433753152
0.0236235032695569 0.0739617716947516 0.0534135787564766 0.0032665833219814
0.0623229733311975 0.0447989923411892 0.0380519740422631 0.0215997808403874
0.0723501346422391 0.0228284188616146 0.0434221982460897 0.0373296609992108
0.0726803086248254 0.0220941187052914 0.0439833129736842 0.0608177767913908
0.055903937000086 0.0501715100464203 0.0145083566247749 0.089127327995338
0.0188912700061852 0.0756637522466757 -0.0418508176078513 0.105449387073146
-0.0520300267282769 0.0926382877438495 -0.0950784240120617 0.0448330780533875
-0.101527929435496 0.0208453717830441 -0.0863649509647866 -0.034646490169464
-0.0775901310923913 -0.0779861945553879 -0.00525817206530529 -0.0284595948765415
-0.0225207443478134 -0.118653491175877 0.0144275997033083 0.11153948691747
0.0323783516481504 -0.0452158743603795 0.0406337855785857 0.167873193372208
-0.00479261537786644 -0.0769869730986459 -0.0064591777063267 0.180233716221624
-0.0604170825645863 -0.0400773025419026 0.0326206632476121 0.162438264272871
-0.0704855111296525 0.0290836192619206 0.0861803577626919 0.0973379720531565
-0.0141099546336408 0.0521447345833327 0.0802920263700425 0.0405357901488764
0.0157717601665423 0.0385439861694949 0.0685983514796415 0.0271334877760701
0.0384286617754411 0.0228974567282386 0.0596154419157207 0.0333966549288823
0.0477396320343897 0.0103958421594084 0.0616106906071992 0.0451788838074978
0.0494031118591302 0.0111984615395074 0.062926137933399 0.068674668553405
0.0432916410644831 0.0306160820602351 0.0290709472095341 0.101139453666904
0.0161538877342929 0.0545561186683236 -0.033735578669076 0.119802872801078
-0.0408720397605095 0.0656035567615442 -0.0953333972884814 0.0582592954367008
-0.0732368155707417 0.00297077787725205 -0.0898236800288846 -0.0207898621663003
-0.0400735226034248 -0.0691523014436911 -0.0076446015295365 -0.0182924224749703
0.0178009558915492 -0.0759270195533236 0.0111077716361218 0.133918245917956
-0.0521369465315229 0.0191569322067387 -0.0216266983389189 -0.157313488319135
0.00288742234367867 0.0418197496864309 -0.0305097038650422 0.0115849941354926
0.0421956677229351 0.0104567361945271 0.0974304459457906 0.0361964355292818
0.0193823525578623 -0.0331410329067553 0.128885459870809 -0.0584754496200214
-0.0135834090645654 -0.0239447181230821 0.0568448357421175 -0.142794614528202
-0.015510652790019 -0.00196359917343306 -0.0407436809967654 -0.132988503982502
-0.0147705722752587 -0.000415524677656794 -0.0831867734366431 -0.0852689825535087
-0.0133299645804476 -0.00152241006184473 -0.0826073626876565 -0.0498428021156512
-0.00559471966730332 -0.000110110981369071 -0.0833890221130007 -0.0348807836717436
0.000170509597295366 -0.000618818044107852 -0.0907995326196086 -0.0361087850180816
0.00423196476043042 -0.00509777607956051 -0.0910082106024987 -0.0592567477146975
0.0159557054942446 0.00865568385667365 -0.0746564848399723 -0.114778609315859
0.000635203120888632 0.0290263912837176 -0.0246737565149559 -0.160417634952861
-0.0460994612399674 0.0176178417514608 0.0268249765233408 -0.161403696377813
-0.0636342846960928 -0.0168574705231722 -0.0228764017749173 -0.162202463206768
-0.0763381409344234 -0.0405207713197332 0.00911169987068172 -0.150359689772402
-0.0446604083281613 0.00669054788644172 -0.0185469439091644 0.0189585306873926
-0.0127224265842342 0.0219397734970068 0.11420146990802 0.0431176659975006
-0.00893985042740757 0.0112233644520441 0.148346904416499 -0.0611345289737284
-0.0102393108523823 0.0146794314340875 0.0634213189675031 -0.148603098613096
0.00287171804894603 0.0265816443909719 -0.0392799058506375 -0.135608160661129
0.0181314801314725 0.018476965651735 -0.081229645864536 -0.0810254881105344
0.0211670771323705 0.0125344429944762 -0.0787712336062074 -0.0427647480921731
0.0268955980247909 0.021635237896081 -0.0810813784788807 -0.0241850859829716
0.0149819553108154 0.0396401801578101 -0.0910568893051273 -0.0225228388297054
-0.00712180799582277 0.0400224815913488 -0.0973010326967822 -0.0426220281736916
-0.0330268783728967 0.0427547481423012 -0.0864471710038169 -0.101421964214627
-0.0588553771883124 0.0180649248869387 -0.0373501828957762 -0.150864616610738
-0.0811773094343411 -0.0348161388260828 0.0106784078181665 -0.138422666459698
-0.082140936554643 -0.0862176261762496 -0.0249201919611964 -0.128552726877328
-0.0842709775725065 -0.0987242335058431 0.0374263750730605 -0.117937367745158
-0.0864590520918906 -0.0416846152757407 -0.00835083867963276 0.0423547889077936
-0.0748279652075994 0.0221428555234752 0.129244735517105 0.0662723701823415
-0.0485124517851281 0.0560530277465782 0.1704591519745 -0.0500351886159444
-0.0105939555046926 0.0581160679042076 0.0784941237717008 -0.142290877093376
0.0196162220453904 0.0580893242964032 -0.0274033322941019 -0.128632142963535
0.0479409849018902 0.0381435601830629 -0.06806900131343 -0.068874142056641
0.0526815995162571 0.0252495113646982 -0.0634969613903181 -0.0301651183722701
0.0567488431202208 0.0359917211437815 -0.0661907545099917 -0.00609473285224629
0.0338024986165939 0.0679901930865239 -0.0817516817844359 0.00298350821751342
-0.00487738334090922 0.0758440334746321 -0.100862639031491 -0.0101324839014011
-0.0604171087506449 0.0815863182852102 -0.104521711996632 -0.0744491278194803
-0.104019034190352 0.0255820353177394 -0.0594011354123937 -0.134878054509673
-0.112618110857331 -0.0649242497513915 -0.00279139261513233 -0.113768638856854
-0.0957328544596797 -0.135706498007827 -0.0221996491097433 -0.0779847137884342
-0.0762619111143532 -0.143669099639907 0.0584257663837134 -0.0612165416776678
-0.111514690684247 -0.0944681233966717 -0.00101399504883918 0.0783307525294083
-0.131019675616221 0.00707535281330813 0.132961188258489 0.0998423772391451
-0.0931781737885665 0.088574427448862 0.183425443974311 -0.0221598139125499
-0.0167804582582539 0.0975072877905897 0.0928019000479943 -0.118231984603876
0.0302506137878513 0.085552435448125 -0.00723322201248478 -0.108665617821348
0.0699498955157984 0.0546202617949725 -0.0459526494505673 -0.0495941280379432
0.0761501173958437 0.0332662547686449 -0.0399405184859669 -0.0125892937118212
0.078392615691064 0.0407985575391221 -0.0418864407776896 0.0144544098905563
0.0506024420392978 0.0804196042675886 -0.0620150855285616 0.0310135763280521
0.00547975404678032 0.0965883508318148 -0.094645454264242 0.0280166961998961
-0.067663886945485 0.110923226895249 -0.114915416538325 -0.0378595987483555
-0.1281182294644 0.0390778186464067 -0.0786063870388903 -0.110601549190881
-0.130672070769181 -0.0765400963518471 -0.0097307983317542 -0.0891283123008064
-0.0992664515048522 -0.16122038556547 -0.0131236506521924 -0.0221102029014902
-0.0542105139934354 -0.163353984560365 0.06726814268633 0.010875507584374
-0.110277394719179 -0.137070738004152 0.000711943156640836 0.119540096256195
-0.162765821654504 -0.0222024883882714 0.119232230629685 0.134825513463439
-0.131761413794521 0.0966128678287962 0.177528509246727 0.0177167449606758
-0.0288286752303887 0.120828240387059 0.10025688624551 -0.0779493033579809
0.0328723099884221 0.101388276239581 0.0170251282503812 -0.0747613962715443
0.0803880373804763 0.0645684065583193 -0.0168851286921047 -0.0247527600786197
0.0886236081011455 0.0370293013426451 -0.0107021400897199 0.00672181763682201
0.0892304577156359 0.039796603951278 -0.011856850220149 0.0341831315660775
0.0612739024423728 0.0793981953763016 -0.0360487327052444 0.056341282994828
0.0141414361935018 0.101720803349018 -0.0786912138888078 0.0625072119298572
-0.0655835419643232 0.120730584247123 -0.114293522095666 -0.00304452930277181
-0.132335769313804 0.0434026940168642 -0.0883553772519346 -0.0835360331491893
-0.128590922260203 -0.0809275775492693 -0.00945119849559611 -0.0668502440171793
-0.085989366540341 -0.165981515767669 -0.000925151743012701 0.0316651873985505
-0.023651883359761 -0.151238429443903 0.064194611599822 0.0840979592389037
-0.0830541458259512 -0.152206502265838 -0.00415381021115914 0.155905250671131
-0.156668652164083 -0.0501714221596655 0.0899227241307994 0.160002320635805
-0.144594644068827 0.0808316607431517 0.150746018195534 0.0564694116046705
-0.0369519547732426 0.119397028090175 0.0957824975926055 -0.0293011005664083
0.0286318480321205 0.0993354759827416 0.038182155381689 -0.0333348593830419
0.0773256772661026 0.0626657478447294 0.0126069480690629 0.00174524851836077
0.0875282005540189 0.0340672646970847 0.0187716619603163 0.0255382410769529
0.0874664667341862 0.0334194460122503 0.0178214230121403 0.0509298421370571
0.0623170048652782 0.0692263777394886 -0.00948665512793396 0.0768626051831388
0.0176792350292823 0.0939905589685349 -0.0603596157927184 0.0881956533872604
-0.0624434086285367 0.112900011792495 -0.106636699191452 0.0251522411523385
-0.123658873605777 0.0350282965712603 -0.0902797082022643 -0.0582093885470583
-0.108963155160329 -0.083916909054195 -0.00682685185783006 -0.0467996868949524
-0.0578855571140575 -0.152034633769116 0.00863686565364965 0.0781721947326595
0.00643831432417016 -0.108869871314871 0.0510017990045754 0.14286864044054
-0.0439271466077357 -0.130789748853323 -0.0110249237702575 0.179853519352467
-0.118679110309916 -0.0579283594974855 0.0562069399024588 0.17006477007258
-0.1232309485837 0.0554361943936466 0.115299322919188 0.0846638974433806
-0.03284648728554 0.0948849092603848 0.0861378386493551 0.0146190528770328
0.0224171391870494 0.0771958942539602 0.0554429331414533 0.00570932263300568
0.0626294204791618 0.0479297137253989 0.039536222552949 0.02451775584631
0.073571099789315 0.0250424402276182 0.0446808771331841 0.0404268498482328
0.0736901263167311 0.0240940554745233 0.0438862336751301 0.0645265703048034
0.0560351548062959 0.0529818576181116 0.0129129829538957 0.0931284772471915
0.0171568504096736 0.078351559365768 -0.0455715878648333 0.108194416275152
-0.0556739807811132 0.0935998954484129 -0.0999312927686444 0.0450794822156996
-0.104488125597198 0.0187902149636491 -0.0898210475707346 -0.0378747029450514
-0.077416389632219 -0.0829412223136043 -0.00567773580296114 -0.0299319547992615
-0.0201856152744755 -0.122065499117713 0.0116653409697035 0.114746583970871
0.0338880988925083 -0.0451327530395376 0.0347425153596423 0.176162615681367
-0.00290736174023909 -0.0789586293104605 -0.0142787009724626 0.186335623404933
-0.06071129033392 -0.0426440296488864 0.0290077152677571 0.168685330389438
-0.0727091028244116 0.0293427914051553 0.0854223691307669 0.102107179437772
-0.0155877446874758 0.0532797084404814 0.0807512543479587 0.0444459513394162
0.0147724458370045 0.0399789281935889 0.0702106158746547 0.0305547875839157
0.0385414137518343 0.0243212170565634 0.0611022717736541 0.0366676086691196
0.0481740069740549 0.0114732077227457 0.0632139280098537 0.0490260534993171
0.0501043749523106 0.0122658170862335 0.0630171867797525 0.0731484671795948
0.0434553015799076 0.0317896816919376 0.0271992202541675 0.105812515683249
0.0149987963628313 0.0563639443879315 -0.0375078731612689 0.123038747002402
-0.0435271016840034 0.0661432719686031 -0.0998648024312519 0.0581013988387257
-0.0747275133075761 0.00112976068453 -0.0931515231233314 -0.0234770781612615
-0.0396608380297165 -0.0722301188404996 -0.00796111270587623 -0.019272821553758
0.0195797057558483 -0.076799810023583 0.00842512570589545 0.137329967477548
-0.0545210023587602 0.0200057708768624 -0.0210648690193115 -0.169922148171087
0.00304192606657566 0.044955238919904 -0.0333045349003171 0.012773120425837
0.0447530180422172 0.0112922978499629 0.103800587381187 0.0406321831421714
0.020469368881315 -0.0344478250478336 0.139258893555985 -0.0607095246517725
-0.0138815154582351 -0.0247838907469296 0.0637672743114263 -0.152358172465904
-0.0157935657040542 -0.00190063924552448 -0.0409214385172744 -0.14252893303811
-0.0151539776011306 2.98766659193039E-06 -0.0873858044004218 -0.0921960699584852
-0.0140279419894258 -0.00114838901192317 -0.0877528246406925 -0.0551239577645077
-0.00569214517748302 0.000575489888561305 -0.0888578351577653 -0.0395033130428329
-0.000252145529754406 2.34112136839699E-05 -0.0961073361979482 -0.0399742994896644
0.0036809088709232 -0.00455084739814068 -0.0960344448144359 -0.0652380225539232
0.015928604740026 0.00974417686291003 -0.0771832480382034 -0.123855700126695
-0.000831694456526158 0.0303895561256147 -0.0229665012507821 -0.17148785002955
-0.0499134773524458 0.017859728925508 0.0328055887965896 -0.173683224486213
-0.0667620685955177 -0.0188792284263901 -0.0196961037097881 -0.176260249485533
-0.0792226404446293 -0.044249059420203 0.0109797769688621 -0.162204252067434
-0.0475836422565333 0.00582846778771761 -0.0214528564121064 0.0203741128222156
-0.0143961358186044 0.0223527946757649 0.121315714340409 0.0479747944844456
-0.0110953308752832 0.0123159206933204 0.159268625992548 -0.0638011386307888
-0.0115936552994624 0.0163764442726487 0.0705470957625293 -0.158088579214617
0.00340110783860783 0.0294298135947501 -0.0395434597385166 -0.145225254339747
0.0190300991722764 0.0203127445441831 -0.0851611424168283 -0.0873903381930978
0.0224927580233571 0.0143601522258271 -0.0829956000465514 -0.0481593368958468
0.0285961797499694 0.0247702094408311 -0.0856232701581871 -0.0279101097372765
0.0155671232157365 0.0434934303071756 -0.0965752572141912 -0.025323121585407
-0.00874972941847868 0.0429374617879338 -0.1026013309861 -0.0474223467239774
-0.03724831602901 0.0455688349986424 -0.0902839026585695 -0.108887198662203
-0.0642411581566322 0.0177383098167153 -0.0373887387460594 -0.161816400615
-0.086617832235319 -0.0395168570871341 0.0150795021280283 -0.149975821397642
-0.0849277638742626 -0.0934002222186621 -0.0230722258856002 -0.140597976728051
-0.0877868134956726 -0.106698191105387 0.0406078950555887 -0.126721529838777
-0.0917568969532749 -0.0471856211830423 -0.0108209299070534 0.0455148159425315
-0.080610239619981 0.0220938152633543 0.137055521493697 0.0725734263885224
-0.0535671001631837 0.0600001985289393 0.183040673696262 -0.0515895281363486
-0.0130317357399071 0.0631888791617044 0.0857117043631188 -0.151237730744461
0.0206160008867782 0.0630259551661984 -0.0263638364890286 -0.137427425279606
0.0513597115353524 0.041852373741984 -0.0707970367953456 -0.074865526567083
0.0558170522618766 0.0282693872975115 -0.0669421882720596 -0.0338368264367621
0.0599229370555498 0.040325768992695 -0.0697586092516859 -0.00809547860065524
0.0350074410028442 0.0739308613181819 -0.0868199090345851 0.00226461361240269
-0.00710564082248364 0.082264371733664 -0.106912594297455 -0.0117925316834595
-0.0671826257937174 0.0865995016873544 -0.110603218782651 -0.0796644819251794
-0.113067618645275 0.0250563065435558 -0.0618038791942868 -0.145095504256658
-0.119618922064242 -0.0725517338115009 -0.000488271201753828 -0.123555284030427
-0.0988074208137978 -0.146749554358713 -0.0210440219761096 -0.0864009870864444
-0.0783348470279296 -0.154039542170315 0.0618153016896659 -0.0649571635897334
-0.118350116929451 -0.103706658630742 -0.0041154971534771 0.0838116561952186
-0.139949098171447 0.00457951604452119 0.140171570878264 0.108661584581543
-0.101159728776822 0.0945053487731712 0.196060338037799 -0.0209945912962855
-0.0205877631951103 0.105315709980293 0.101226738414232 -0.125381501539731
0.0311495112987016 0.0930293544808475 -0.00532167580593628 -0.115421737491514
0.0742461023415077 0.0600792993418708 -0.04605102833208 -0.0537903958289952
0.0806745130641635 0.0368478968651728 -0.0415621037749093 -0.0145000424813189
0.0826687567940863 0.0457123142187673 -0.0439033287725505 0.0145913446072906
0.0533680364872564 0.0874506960432377 -0.0661419537358756 0.0326304239666311
0.00405674589459638 0.104521377348492 -0.100394780516529 0.0291490277648966
-0.0745706678376392 0.118056457034986 -0.122970349896363 -0.0405332557818232
-0.138149106751834 0.03973494361936 -0.0835169896354466 -0.119348795406776
-0.138032823143413 -0.0853672355079317 -0.00927003534314685 -0.0975831083803479
-0.102127322792603 -0.174366530726028 -0.012677001448058 -0.0259331377263759
-0.0544672260510974 -0.175207800795716 0.0703931552994496 0.012744596479557
-0.115489405617826 -0.149539004655327 -0.00352858362790986 0.127877084451965
-0.173164361586113 -0.0267963770182967 0.124868707727876 0.146361904133869
-0.142468844500567 0.101957288889386 0.189067840959975 0.0212797983660647
-0.0332561208299688 0.12967349545403 0.108178258304815 -0.0814483461794867
0.0334821238121 0.109905169252826 0.0196147020584374 -0.0785493596526598
0.0849385102476723 0.0701187566984102 -0.0159536781436527 -0.026590646266092
0.0939060128816764 0.0407814625893455 -0.0100769586174279 0.00747116007399711
0.0936357894398447 0.0441210207930375 -0.0122270827372675 0.0369722904210185
0.0641401414187307 0.0861136573404301 -0.0387457589051021 0.0601296001517301
0.0135370458667172 0.109252446206263 -0.0843960615386711 0.0664608034008217
-0.0730115003213061 0.128320200498184 -0.122109124751691 -0.00272595976354403
-0.142658845873809 0.0440118839739159 -0.095059829340243 -0.090339646867376
-0.136110126237318 -0.0903179906655931 -0.00925107244669199 -0.0727537287914214
-0.0882112984123092 -0.17868235692416 -0.000908029634310402 0.0321539073694369
-0.0225796311959515 -0.161775313353653 0.0651206452726772 0.0917124414085935
-0.085893455087757 -0.165249768329476 -0.00908126563252116 0.167110606017798
-0.166398683881641 -0.0560092697671053 0.09297562491578 0.172176204347417
-0.156249571850489 0.0856409476774005 0.160230664906631 0.0627143520356146
-0.0420876446477779 0.128011387901281 0.103238978618288 -0.0290510915074383
0.0294289932755308 0.107494220009125 0.0416743265915216 -0.0342880505966958
0.0816336755951111 0.0681198580820229 0.0150429799823614 0.00261489197440942
0.0922884744353817 0.0373444799140705 0.021469805370115 0.0281594442513336
0.0919964684646654 0.0371040886403377 0.0190911964679598 0.0553674235932038
0.0656100931611777 0.0749648883769998 -0.0106544713584908 0.0824587288236407
0.017136316816207 0.101201124129716 -0.064914876166704 0.0946720680874687
-0.0688064959791124 0.120168521358096 -0.114273977957568 0.0273112983110351
-0.133220606498918 0.0353610391529498 -0.0972839796949909 -0.0630447768915866
-0.115203860598207 -0.0926285179112494 -0.00766414921776315 -0.0509130352742355
-0.0592660745650592 -0.162905690654936 0.00847339459704272 0.0826683049598474
0.00848873904630292 -0.115653660438158 0.0495631318017788 0.155630943087886
-0.0450508303653361 -0.140782279883362 -0.0173423404820169 0.193608038424728
-0.125704908897011 -0.0639972265900943 0.0566223234315593 0.182675637330679
-0.132406298957796 0.0588903662076501 0.121205192288711 0.092047284514104
-0.0370203150252593 0.101385344139538 0.0913553662171956 0.0174758725014501
0.0224074999711285 0.0834843084656973 0.0592581379620756 0.00772816557307556
0.066028969846201 0.0520869573376691 0.0436653054290931 0.0274854933101133
0.0776556068288058 0.0270128869185907 0.0493470856109604 0.0445056455917738
0.0775772437200163 0.0270510801841448 0.0468541482847887 0.0706187474490357
0.0586834628382325 0.0570557255452257 0.0123519954857069 0.101016787117805
0.0170153384610903 0.084064026699543 -0.0494233754936498 0.116173490950462
-0.0613958639428889 0.0991671920550731 -0.10788482887604 0.047819904276696
-0.111765544598594 0.0182892732763202 -0.0967539466930613 -0.0416760159560596
-0.0820212176963472 -0.0900631441217981 -0.00644072586470966 -0.0323716273936291
-0.0198770316444759 -0.130338658130898 0.0117650033050481 0.122687277812014
0.036779733123214 -0.0471673534890229 0.0325785017043567 0.191480500117852
-0.00238723824476498 -0.0840983642316009 -0.0212359223416796 0.200681391443096
-0.0637964572964572 -0.0461985809874198 0.0277881731197682 0.181177653674315
-0.077369732724133 0.031340680420611 0.0893089999800759 0.110159620055199
-0.0180098166090853 0.0563816330533849 0.0851197739681196 0.0495048649805798
0.0150517932126096 0.0432112286543786 0.0747734815205491 0.0347391296077821
0.0403599536448221 0.025982690836376 0.0658480259131696 0.0411658628660613
0.0509318979624337 0.0121970291141025 0.0688205487437362 0.0544190493957923
0.0523252024528597 0.0137155536871728 0.0666164768253377 0.0803760575188824
0.0450992329582911 0.0342821980654896 0.0267721973280722 0.114508659370793
0.0152223793359819 0.0603505730533083 -0.0421007839006054 0.131362012177294
-0.0469563020364885 0.0700280147823184 -0.108280041997783 0.0611932687352387
-0.0790595013655765 -0.000250342436832153 -0.100151132616892 -0.0261211092251357
-0.040944466342072 -0.0777357040499407 -0.00881110747548432 -0.0212968260076118
0.0215513734956133 -0.0806816894700249 0.00718622399234961 0.146615599475586
-0.0569279622797317 0.0239006950953165 -0.0278997157015029 -0.185831716880338
0.00423566393376671 0.0490043065560771 -0.0366560090086217 0.0161448014677695
0.0483877508384691 0.0105800751598962 0.114243386600598 0.0426510488497782
0.0208470896312885 -0.0375092372334774 0.150134509605538 -0.0706671944523893
-0.0154369611403413 -0.0255300537180511 0.0660623574794729 -0.168410437928345
-0.0166036784268719 -0.00146945488712392 -0.0471732499830032 -0.155112385718354
-0.0161447121104845 0.000805322013787162 -0.0969818026927817 -0.0987251487560814
-0.0148817052865813 5.82925550897668E-05 -0.0979225000269268 -0.0593741681554305
-0.0052864663847779 0.00179190364344217 -0.0979176853498916 -0.0422685710775917
-4.50466494587368E-05 0.000745713557748515 -0.105088638592887 -0.0421258710017118
0.00313224710066879 -0.00430445709082974 -0.105655062161126 -0.0691983862672091
0.0167422970812433 0.00988844335235885 -0.0861819815087755 -0.133216094237289
-0.0015945809667261 0.0323714018037241 -0.0281628791363822 -0.186163579836404
-0.0549805987781659 0.0206862154689151 0.0339047322569768 -0.192643009469569
-0.0727779066172876 -0.0185854021110752 -0.02348342174966 -0.194386166512395
-0.0858046086455537 -0.0461449793405165 0.00702126241328181 -0.177515959337917
-0.0516657778353386 0.00769665719669725 -0.023631765748549 0.0235797859803189
-0.015838408346528 0.0240775313625424 0.134083904661863 0.0503738501845738
-0.0123077031225584 0.0150615161723671 0.172141197273755 -0.0741164161857375
-0.0121916764974119 0.0200293583459211 0.0743254949493688 -0.174844688581092
0.00505486127209241 0.0327511061076041 -0.0459424359977088 -0.157661268884493
0.0222724368071875 0.0224352630475766 -0.0939324220656916 -0.0929971022926479
0.0249785655680366 0.0159428390001189 -0.0922726746251157 -0.0514459797025981
0.0323889411348552 0.0271518134078042 -0.0938024276813879 -0.0290629208454201
0.0176076400156866 0.0483564996544587 -0.104881867940768 -0.0255703805122121
-0.00918670761628167 0.0480975502405212 -0.112310155845749 -0.0495015273388165
-0.0404448957436704 0.0511417192786088 -0.100871931829598 -0.116503736969875
-0.0712225031410681 0.0200613085807669 -0.0451548183558905 -0.175656999336274
-0.0955709431626484 -0.0422749915821606 0.0136492654797905 -0.166149135216106
-0.0936408363434046 -0.0999965878957542 -0.0267720429914526 -0.15594667867285
-0.0962392549041854 -0.11440127806158 0.0397020040567874 -0.139638182229106
-0.10139122339808 -0.0498933286072023 -0.0125589660230956 0.0509408955970244
-0.0881544975069191 0.0252817358120464 0.150617722114414 0.0765405724052861
-0.0576197197596212 0.0679995079390264 0.198457579839257 -0.0612209825436774
-0.0126403033193895 0.070805197571894 0.0907971698885852 -0.167701884639819
0.0243725848406473 0.0693395975244117 -0.0313144561053917 -0.148952691052454
0.0568916044442901 0.0454021358467857 -0.0776345395784103 -0.0801591733443169
0.0615576821321698 0.0298522952536265 -0.0731712917693647 -0.0359574832837084
0.0663185641870596 0.0431058928244514 -0.0754638390834622 -0.00721461163045194
0.0404198981469534 0.0807882060132692 -0.0937064263467198 0.0038929414685158
-0.00610035969615696 0.0907316570538817 -0.115628315221599 -0.0106166880424452
-0.0717920808658805 0.0967907443812133 -0.122456692912277 -0.0834346874974443
-0.123679624312941 0.0295970043599549 -0.0721068250271239 -0.157168417372182
-0.132180869428083 -0.078098563969666 -0.00350904049998633 -0.136905044132014
-0.109275428360527 -0.157942190124829 -0.0241474908575544 -0.0963295511537224
-0.0875444139775831 -0.167189370850901 0.064033606125115 -0.0720404372456054
-0.131325158108496 -0.111535900565491 -0.00470176119591358 0.0922094188587399
-0.153094753570737 0.00703536204673304 0.154333169541104 0.11515173925417
-0.109347551314523 0.106788346271716 0.21345518186318 -0.0280035016030459
-0.0202282519782605 0.117146198199288 0.10775571153324 -0.139223583242259
0.0367728854499569 0.101302463094727 -0.00730652172373202 -0.125102602031007
0.0824174355585229 0.0643834838984548 -0.050416819332568 -0.0578166762357784
0.0890608852451895 0.0388389752255596 -0.0442775070729359 -0.0148516150944363
0.091542526752781 0.0485378964676864 -0.0464865628681388 0.0170562507733712
0.0604367026770267 0.0948563008315843 -0.0702080246849002 0.0377234426785548
0.00643826145904536 0.11455222396472 -0.10769136632106 0.0349970076076513
-0.079252466951125 0.131521532294255 -0.135017225831091 -0.0393265747922761
-0.150812191153324 0.0460416553998603 -0.0956174580829171 -0.127991360411561
-0.152981776051441 -0.0914403946287841 -0.0124274735758495 -0.107513508600392
-0.114620973146728 -0.187491540618714 -0.0133120484597299 -0.0306145296914265
-0.0623921475406225 -0.189991790574696 0.0743428587209044 0.0130223349338844
-0.129385558867025 -0.161595718146307 -0.00336310284606033 0.14050198981568
-0.189572230340529 -0.0257912531939749 0.138751133917933 0.156401129363573
-0.154136018353703 0.116228489206379 0.206941973491448 0.0183697138275754
-0.0334806050884347 0.143765756331643 0.116390204707704 -0.0911057018204181
0.0395700969851495 0.120495850587167 0.0199744097835879 -0.08539844481826
0.0938952759716552 0.0755735663071925 -0.0168102373781915 -0.0284967823711274
0.103146859865278 0.0418468444248654 -0.00969679962857465 0.00826528912619177
0.102902416941748 0.0460811686430204 -0.0112461632301648 0.0402215235953194
0.0719813252947096 0.0931510822251264 -0.0402219412277616 0.0670073354537544
0.0166068057807087 0.119365235463792 -0.089217325911498 0.0754283766230588
-0.0774212259342744 0.142864009417894 -0.133334186750991 0.00205970649166147
-0.155123010231473 0.0516866979464259 -0.107495384745571 -0.0958123172458312
-0.15058723565874 -0.0966356527231192 -0.0131717079621785 -0.0799491009366755
-0.100254025232597 -0.192494860661909 0.000871091805258077 0.0335848183851823
-0.0273453185231442 -0.17598703987024 0.0705344092220081 0.100320976906303
-0.0981610585467852 -0.178909251530079 -0.00902180376605179 0.184091574029654
-0.183002205944875 -0.0583366310906511 0.10488326064556 0.186370785632857
-0.168752887836524 0.0985733416374494 0.175488683879161 0.0636874852653822
-0.0431868755113365 0.141662357863096 0.111360754367593 -0.0339732566269998
0.0342858464175035 0.117843922729853 0.0453555934654226 -0.0369179620012429
0.0903654059487233 0.0726620403757784 0.0182490533120635 0.00239046974990578
0.101569551243291 0.0376809586488692 0.0254517334145445 0.0304311151548943
0.100899480340398 0.0382944790339702 0.0234797950342274 0.0609375527254746
0.0732088899797419 0.0806509016633892 -0.00941800820832897 0.0913699682258171
0.0210657695800205 0.110324426792731 -0.0678014694538152 0.105812103904287
-0.0723882093174879 0.133755025437442 -0.124154051311647 0.0344569540812574
-0.144341892784615 0.0417165074860082 -0.109390870387797 -0.0657578586728855
-0.127530120485045 -0.0990691477955302 -0.0100727110017257 -0.0557145907088945
-0.0676125649139569 -0.176243927956308 0.0116128883239175 0.0892440328133672
0.0069080242979148 -0.126263903698676 0.0554816623245483 0.17131101427672
-0.0525713355495665 -0.153348033214617 -0.0169577313746677 0.213787964814897
-0.137922991589275 -0.066556278189141 0.0653259272316287 0.197955769002463
-0.142878311136742 0.0685056134014842 0.133676249678928 0.0970905765781906
-0.0378330725622952 0.111804059042007 0.0992010217134975 0.0174622499648033
0.0263822333482741 0.0913707445475918 0.0656768831700028 0.00814701029732379
0.0726315069791093 0.0554554180083478 0.0498414490237574 0.0290931311494926
0.0847433553270349 0.0268715870191281 0.0565563702416767 0.0480548465142173
0.0845936358428893 0.0275165607280904 0.0535832517461205 0.0766498915092227
0.0649096340769919 0.0607823901001637 0.0157375004968141 0.110914512552404
0.0207392117565674 0.0913958452439143 -0.0505233237324805 0.128549283140662
-0.0641708029691157 0.110237510068283 -0.116636406555726 0.0561321882913565
-0.120798019457543 0.022141271896493 -0.108616181049592 -0.042093290197201
-0.0912778304730788 -0.0970954712032076 -0.00846521086315765 -0.0356440256833035
-0.0247808589186839 -0.140608778647781 0.0160053980391283 0.13303652640709
0.0386998796551947 -0.0517734964537114 0.0378139669309197 0.210891637379079
-0.00435136922377912 -0.0912188340608359 -0.0203895630260882 0.221973205926501
-0.0702582720229681 -0.0484265508185435 0.0346742679708191 0.197564019427365
-0.0835010505934042 0.0374069706474296 0.0994690857578738 0.117668355595211
-0.0180903582815939 0.0624021378703308 0.0932546048166848 0.0519935729747831
0.0167972583501048 0.047150886810312 0.0822872104500656 0.0363542107647611
0.0441835387172924 0.0272581510881528 0.0744102930822983 0.0441103647292046
0.0549474525583391 0.0112000349923362 0.0781245960782126 0.0581518808383766
0.0569526324391758 0.0129583573512289 0.0751774639171352 0.0866971368289124
0.0494157025259019 0.035700371488511 0.0317459415084474 0.125178822904974
0.0180553368490846 0.0652053672151293 -0.0422555277460176 0.144923427881159
-0.0494798183343179 0.0776875782499154 -0.117101034015559 0.0704487875652555
-0.0853439395137336 0.00102707092601455 -0.111654156969797 -0.0258108408690377
-0.0467734699257456 -0.0832262685638995 -0.0106425655561692 -0.023580233666407
0.0213195929743343 -0.0872764985062543 0.0120206280461823 0.159763746864428
-0.0656384706670674 0.0125264446047417 -0.00217352142207463 -0.199824525447723
-0.00327270080758241 0.051945171910132 -0.0420541704024978 0.0139102298697549
0.049462395152546 0.0180720221346891 0.118354788518184 0.0650321961841079
0.0265499968218945 -0.0379538784616931 0.175223836886021 -0.0531502863078548
-0.014754211292094 -0.0307173175572579 0.0967275036985195 -0.172051971710832
-0.0185573042906498 -0.00487166033691286 -0.0257077614498414 -0.174748638974467
-0.0172693854378937 -0.000943073821864576 -0.0891317063329152 -0.122063180283969
-0.0168772846327628 -0.00191447737784075 -0.0957721245274685 -0.0807379703673115
-0.00547749534207694 0.0015073326188242 -0.0995976430243371 -0.0617954781802742
-0.00113697420223423 0.0015725035606244 -0.105810557769255 -0.0624503076302825
0.00256443128514974 -0.00417449573674296 -0.101030807294289 -0.0912900783885805
0.0153288911311757 0.0112262817887237 -0.0708561252535432 -0.156569030086206
-0.00837926085860649 0.031058303201818 0.000550816083468037 -0.204003769173824
-0.0613959432734458 0.00888848228169601 0.0730755443560863 -0.201810400314306
-0.0757380112238722 -0.0367163812268604 0.0153770472653874 -0.21258675129386
-0.0824322904385529 -0.0668307002847197 0.0326089783358492 -0.189115902032688
-0.0549742290012575 -0.00175622631719189 -0.0317275586676534 0.0222246500979788
-0.0197638930364571 0.0201841215519289 0.133021839557037 0.0768924108872462
-0.0162249618933921 0.0110298372566762 0.196190978519612 -0.0515189691873587
-0.0197537367904865 0.01761283242261 0.106994196001159 -0.175066973246031
-0.00187708769617871 0.0360643853694838 -0.0230889241582117 -0.175608847055592
0.0196711810564174 0.0281317721900983 -0.0855745566099129 -0.114935977372613
0.0223464714005527 0.0230802802522341 -0.0900367403072539 -0.0713375627343559
0.0295587783970768 0.0355874222737761 -0.0972143825605775 -0.0468017895582662
0.00943112138037134 0.0556582475649833 -0.109193356103983 -0.044815281202816
-0.0223541576248893 0.0500282986506053 -0.110912974304497 -0.0725152859874096
-0.0541120322572324 0.0452880211602585 -0.0872474177405883 -0.14406382149471
-0.0806520601440241 0.00346395179778041 -0.018114878058776 -0.194688115915288
-0.0926879251261794 -0.0671809258402977 0.0479885657830402 -0.173651430195916
-0.0816539803648071 -0.129796743606219 0.00448573279808434 -0.167468140600878
-0.0796010789446293 -0.140118945267047 0.0604333845815195 -0.146192134026118
-0.0963061491088943 -0.0703438758153728 -0.0259745777754701 0.0507251760035416
-0.0948565551772036 0.00752325440461913 0.142225331387836 0.107136510089701
-0.0720758660174553 0.0584951264239428 0.218260679960967 -0.0309812358242875
-0.029346756896104 0.0710266125450687 0.124361714282084 -0.160652584675265
0.0123077441399483 0.0783859830994861 -0.00864552965603824 -0.162461107339882
0.052354337234818 0.0582248750443442 -0.0696013570530845 -0.0963167742417329
0.0582939823423397 0.0448663316934223 -0.0722757396876978 -0.0514018819439861
0.0627070650494505 0.0588923098751354 -0.0812015275652782 -0.020088355274037
0.0274861903844634 0.0950953131054223 -0.102678881507731 -0.0107838890032298
-0.0276096283414254 0.0970580204958039 -0.120838772744011 -0.0324885310945548
-0.096683011428529 0.0899249438465077 -0.114988106271486 -0.114582375662782
-0.139140758859525 0.00296684856382406 -0.0496094802673962 -0.179356414690592
-0.125971908742271 -0.113535639899048 0.0256598018053751 -0.143561132399191
-0.0879717366005358 -0.197208632237943 -0.00472653558162599 -0.0991893978070527
-0.0596319225335362 -0.193281869099766 0.0750650138646269 -0.072524259296207
-0.115942873022003 -0.140075599307924 -0.0255710199007638 0.0949356711175264
-0.158658117894184 -0.021870431961366 0.135387994888474 0.147417225479201
-0.131329353114712 0.0904526916363676 0.223817053384502 0.00843227492196225
-0.0449132827607282 0.1180773987186 0.137912136763779 -0.12513983420261
0.0199562109910563 0.115020038401642 0.0130230763061445 -0.132294121170228
0.0757072085446575 0.0832026404519786 -0.0432415602793365 -0.0671168874530834
0.086025768974232 0.0597657426688221 -0.0440192234051547 -0.0238353713544297
0.0879800155455576 0.0691379156451322 -0.0534128042833362 0.0114448837919555
0.0466242376872032 0.113771096303312 -0.0839398601135425 0.0291570663247516
-0.0188198081726326 0.125499776640627 -0.11934287957782 0.016792817368046
-0.110846003213523 0.126275448900833 -0.13568333282085 -0.0718228746379066
-0.171736488710154 0.0156405926062255 -0.0794677403350697 -0.152258200455443
-0.145908308977211 -0.131676211145824 0.011346337341415 -0.112405306676277
-0.0866185413003671 -0.230076552524509 -0.00624094364565929 -0.0249184782890292
-0.027407711026711 -0.212067564877914 0.0730600200957009 0.0189697324433081
-0.104372401575393 -0.192061379858952 -0.0320872866495901 0.145002233854634
-0.190125957483381 -0.0629200391106561 0.109473179376128 0.186085285014932
-0.178312210446925 0.0934208077817214 0.205352431215709 0.0565022048932941
-0.0631174956214607 0.143320234528451 0.138798573620603 -0.0703612423821207
0.0198493392485176 0.135542291502238 0.0363707269333675 -0.0845279285733877
0.0863955592072273 0.0962084752404901 -0.0113662795074328 -0.0292414367500579
0.100139394481499 0.0652879483662844 -0.0102834765952567 0.00746949890476797
0.100519052729186 0.0687748977329968 -0.0195428905636858 0.042434598217515
0.0594367877594228 0.113855861307566 -0.0560582933553253 0.0667195125675886
-0.00845122732118697 0.133034966276738 -0.106185530658974 0.0632877575258854
-0.110704973901585 0.139926290736748 -0.141532659959799 -0.0279949510672544
-0.177350776474204 0.0205071963197602 -0.0974960655382294 -0.119506814976628
-0.142254813306203 -0.135771068459774 0.00568184191232589 -0.0831781558659287
-0.0698647013541496 -0.231788106030598 -0.00414244617124729 0.0471098294184642
0.00751890075931584 -0.18933006352314 0.0556988543418955 0.11162529478926
-0.0679476188077071 -0.203978099313458 -0.0441351002832343 0.19081629169566
-0.176667483620294 -0.0937965834794205 0.0692629389098848 0.210297487554069
-0.189600001371442 0.0733100033628714 0.163816043081596 0.098835409370968
-0.0710585212084879 0.139734906845205 0.123345318955616 -0.00998239780474614
0.0155143221060505 0.131505360478161 0.0553087163874584 -0.0279790370956028
0.0827101184655821 0.0927764508359166 0.0212185721191111 0.0105683567155207
0.0999763499661986 0.0606550653039903 0.0241915676227464 0.0374733758854315
0.0993553585065904 0.0597171762304078 0.0148751084713649 0.0705265455176649
0.0627466249994632 0.100020511372685 -0.0269962154039629 0.0978997457465017
-0.00144953215597148 0.123718604420447 -0.0885137035757729 0.0992393121875304
-0.103473768449575 0.131233469314222 -0.136798090137292 0.00841005055595533
-0.16331152684692 0.012182214136536 -0.104776161563706 -0.0870652832111146
-0.117220992175259 -0.133275245325728 0.0030967956282854 -0.0565194880489644
-0.0380177718896897 -0.206218002339575 -0.00293993329361848 0.107608975402495
0.035081029415011 -0.128922968867266 0.0289184971758483 0.186207211877866
-0.0255326515072186 -0.167605537429747 -0.05565579722601 0.221564993699427
-0.128651729374619 -0.0941477356838145 0.0280675176935916 0.216803147003795
-0.156772638283953 0.0476257487642115 0.115250211801243 0.127300760203064
-0.0588199574960616 0.109600923464869 0.101781574703574 0.0420937887616398
0.0122978994124835 0.102020746796312 0.0694264644956107 0.0224352520463911
0.0672562109658819 0.0712081903298483 0.0512919153936146 0.0434877544174975
0.0847538317987608 0.0452275797310421 0.0549009077670172 0.0612063003989704
0.0845980333788754 0.0443531851434722 0.0451431944066689 0.0927696488925674
0.0578038284975991 0.0772316174160427 -0.00213648286207644 0.122875523852201
0.0021868495783777 0.103063288921839 -0.073879835472111 0.126601694897255
-0.0896125173503266 0.107611668974109 -0.132772165598236 0.0340902851519842
-0.134510290816362 -0.00331230093300843 -0.107739207394324 -0.0606731853823717
-0.0788030526915576 -0.122802846500473 -7.94826027841162E-05 -0.0346482685399706
0.00207378554989982 -0.157750385946128 -0.0083346578921296 0.152916027069189
0.0542604003977211 -0.0442421325587051 0.00457673901861396 0.229069788779014
0.0147001265370433 -0.0944418612793222 -0.058912288143575 0.232757455080144
-0.0607651269296378 -0.0619964844841866 -0.00073891459628539 0.212259579248788
-0.0888826331800215 0.0252117943070126 0.080149174958437 0.143274032514865
-0.0284726251227396 0.0603019593297111 0.0903180403621445 0.0751930159675248
0.0102982900835106 0.0524834343289507 0.0830175778393534 0.0545902772270256
0.0415832451847542 0.0362467877093965 0.0745557059472972 0.0622979734222559
0.0563549188109801 0.0220606623566238 0.0766250114780968 0.0755333252693545
0.0575925117365211 0.0239369182598397 0.0675236396298875 0.106292233842839
0.0463157073251072 0.0469630208808655 0.0132195483495453 0.141767318417617
0.00519977196317351 0.0744559165945249 -0.0679790031202606 0.146137945423088
-0.0675704514090365 0.0747395269512453 -0.135918464977101 0.0513569729252286
-0.0917965592962889 -0.0183430569051747 -0.114844784443738 -0.0439176148825097
-0.0336487449000949 -0.098430243538008 -0.00620900540765664 -0.022970373826708
0.0414954811931434 -0.0884823875883303 -0.0178461020841387 0.176705214372445
-0.0651690035016993 0.0185233288649158 -0.0211935515442973 -0.206499134232024
0.00108972416889223 0.0536707397984339 -0.0423245491139288 0.0191871588778481
0.0514707322293838 0.0133118039577507 0.128438488190247 0.0570828020484083
0.0235104993466485 -0.0411342302001617 0.17584412402576 -0.0704887200907829
-0.0178749540472382 -0.0295864998452284 0.0853643518251446 -0.186995646162043
-0.0189621339182865 -0.00279747326440862 -0.0413845672655677 -0.179153932789063
-0.0169214936515883 0.000724522786080923 -0.102535369626235 -0.118450997166108
-0.0170900236398086 0.00049999587866973 -0.106965894547168 -0.0756612835697139
-0.00474051809362312 0.00270100960076936 -0.1093071177192 -0.0562667403959885
-0.00109345706437002 0.00271129807461419 -0.114158234689684 -0.0552929183321378
0.00129254042693549 -0.00384704102753067 -0.112109935548199 -0.085997453625092
0.0157641285024068 0.00988045653607313 -0.0865256085199138 -0.155391547621924
-0.00666194355670094 0.0322975867593587 -0.0160419082268254 -0.210867174110071
-0.0631118271609127 0.0144360277289653 0.0600473865863447 -0.216672247146186
-0.0796350489709887 -0.0309727876759556 -0.000826539173525552 -0.224637343155879
-0.0887618023107481 -0.0618088689950924 0.0156660185316297 -0.198785973685574
-0.0570820615232415 0.00214918183306292 -0.0315186700042997 0.0270389847865178
-0.0193344126143793 0.0220351113619588 0.14435171613188 0.0681189456762295
-0.0166993126758151 0.013826929840987 0.197614635710589 -0.0699540592109268
-0.0186949925950529 0.0211048693960796 0.0959341125188077 -0.190499795279143
0.0018225604228704 0.0378785913291963 -0.038202678839369 -0.179685357327962
0.0232993270128806 0.0279225512126384 -0.0982788362399868 -0.111464751749005
0.0251021819325764 0.0225539454420358 -0.099822210598075 -0.0668742784505753
0.0346648131945851 0.0348408547436349 -0.105303635378994 -0.0408432288156472
0.0146524743656575 0.0583121590747125 -0.116446334564139 -0.0373941370113223
-0.0191145887527683 0.0545682619361055 -0.12026390795545 -0.0663491705784332
-0.0529611991769843 0.0520340670044857 -0.102517584487356 -0.141056070533592
-0.0837695780027406 0.0102552608192835 -0.0358885008057558 -0.19970567993364
-0.102130416367927 -0.0625796543717502 0.0358465108973725 -0.185972425808051
-0.0945457589942785 -0.126440107189416 -0.0087450495145067 -0.176503348970794
-0.0922369013610132 -0.138373144137924 0.0472694617143134 -0.156301939802028
-0.106227971058461 -0.0658283969307278 -0.0235652588019557 0.0554250977181215
-0.0978325835045172 0.015772525206816 0.155713696694015 0.0989902392478264
-0.0697381336751373 0.0681933626090664 0.221321861344532 -0.051153878344429
-0.0243509570010605 0.0780579459118721 0.1149995400957 -0.177639179818161
0.0204564121173741 0.0811746435271408 -0.0225460037396662 -0.167280317796098
0.0597604251498461 0.056192476886801 -0.0794361039368254 -0.0940904825720306
0.0642511366455575 0.0416095888620083 -0.0789694960106064 -0.0476487518324789
0.0706439115972809 0.0568415109119523 -0.085749448973355 -0.0146989125497931
0.0371775886880424 0.097087052995165 -0.106404256750644 -0.00213982528318287
-0.0206184905460748 0.103643370366508 -0.127358556523868 -0.0235024340587217
-0.0929203142610847 0.102139177797792 -0.128843324286288 -0.107676765926686
-0.144804037612078 0.0145008164514284 -0.068166260238616 -0.180841888527257
-0.140306509460941 -0.107967645423535 0.0143981165243488 -0.152368227174401
-0.10646166067035 -0.195374585638662 -0.0122530099539212 -0.105830818460597
-0.0762039281263395 -0.195174687231796 0.0695679081258793 -0.0811613496842054
-0.132696313372489 -0.136334698776374 -0.0194579694865285 0.10081397429638
-0.166702044562498 -0.00903154239788006 0.151809386076508 0.140963688800442
-0.128285703130312 0.106340758133682 0.231231068593643 -0.0114490395388576
-0.0364441431266676 0.127715533825298 0.132335957916931 -0.141612662904387
0.0315356477145743 0.118234077180137 0.00252389047639186 -0.137314137088824
0.0860739364351271 0.0796938069453136 -0.0494699902240461 -0.0659297642346068
0.0941627615881525 0.0539870513893278 -0.0471255964785875 -0.0212405430457919
0.0973916966658745 0.0643705924221276 -0.0536882927766766 0.0156938097150071
0.058370993810644 0.115037787839141 -0.0832367835093297 0.0380382810268037
-0.00864170187607305 0.132918722834743 -0.121499195662666 0.0275773996890646
-0.103952518255119 0.14202909848249 -0.146711929252922 -0.0607645956470882
-0.17690438416703 0.0308277325605744 -0.0970659025416316 -0.15033686602026
-0.162934604488669 -0.125117083241761 0.00167396855455461 -0.118620342875426
-0.109262100657606 -0.229928855271575 -0.00744482655222943 -0.0272385467057462
-0.0449528464990958 -0.217039222101194 0.0744834196999495 0.014464219797972
-0.125277208333019 -0.190809685519711 -0.0226211089620204 0.153919181034269
-0.201909964987484 -0.0489977893968996 0.128087473030622 0.183319907207392
-0.17627353332828 0.114692323695194 0.215734927078565 0.0402088381541628
-0.0525041910817259 0.15600614744981 0.137459223284432 -0.0842912812061274
0.0331881298148384 0.13932229015239 0.0312813846924853 -0.0895500670946286
0.0982055696266595 0.0925076608545786 -0.0128853965413699 -0.0291994005611337
0.109570488538332 0.0584532575363521 -0.00902231570706838 0.00806921843175215
0.110322560701216 0.0628086129019629 -0.0153611386711832 0.0451538386596068
0.0720110081346029 0.113263770852155 -0.0515430457424824 0.0750328325509503
0.00264689450395291 0.139425595803665 -0.103642632921415 0.0748696136706053
-0.102510704477203 0.155905218028093 -0.148710364056305 -0.0146032525060472
-0.181954217777679 0.0364123869551317 -0.113610025076125 -0.113732187509081
-0.159157313220726 -0.129917164228418 -0.00214642414760094 -0.0867937814787219
-0.0918110307023267 -0.232858037736512 0.00126463674314411 0.0471673153738079
-0.00751851582854414 -0.196480001060284 0.0650212263014452 0.112708538003567
-0.0881859655756362 -0.206205695170841 -0.0310422392861489 0.202000880474022
-0.191165513742236 -0.0820581305565248 0.0883207439110528 0.211551339342736
-0.189002041994601 0.0943612137466535 0.175732994042472 0.0876622828093571
-0.0611252689578864 0.152174842098077 0.126299623063813 -0.0201074639507396
0.0283390231240447 0.135842329798369 0.0553548382511607 -0.0330097307705778
0.0940548562872717 0.0890861567501301 0.0242543739952809 0.00913927669578872
0.108395843869355 0.0531184955843808 0.0297081695325118 0.0362051746481643
0.108412354268249 0.0531108969453107 0.022540023202425 0.0713391176331064
0.0738200359340165 0.0983436496652959 -0.018422820848998 0.104962862260813
0.00896194249903283 0.128741472777237 -0.0816576207553973 0.111514370535539
-0.0955593704200336 0.145737221028083 -0.140911472945895 0.0230379650446639
-0.167671620987267 0.0263647103003725 -0.117950715456988 -0.0794180635771265
-0.133093322410809 -0.128945168015492 -0.00262269279520926 -0.0590738694515483
-0.0564175873822485 -0.209317971511003 0.00665166624730832 0.11073199447551
0.0258240072456701 -0.136730797538552 0.0446719595480508 0.19291023420777
-0.0404853487171653 -0.171554227498367 -0.0407224419811134 0.23596156112094
-0.140679170299742 -0.0862892014422158 0.0460986978743719 0.222236897917562
-0.156791225358708 0.064723883666468 0.128757778288263 0.121171725537703
-0.0511232055002112 0.118581012309855 0.10827138051154 0.0356825814622239
0.0217165962741743 0.104831491648938 0.0740463014746847 0.0186693797490464
0.0757725138474801 0.0679118245410647 0.0580437850693477 0.0412785786956662
0.0910239040322168 0.0382273264019457 0.0636355414054329 0.0585842403492096
0.0911629861551977 0.0379594631916364 0.055952651944942 0.0918093056172715
0.0662362006501015 0.0745369334035117 0.00897473791605166 0.128945771740572
0.0110387062665982 0.106636013617244 -0.064911887317185 0.138331555506414
-0.0829833182579019 0.119976730543457 -0.134866718998784 0.0489263351939215
-0.138621725143671 0.00754727478417682 -0.119089855208791 -0.0524252649346863
-0.0921974284689978 -0.120198427358241 -0.00355623260185346 -0.0359154052198805
-0.011555056810313 -0.161771162111594 0.00596973370785222 0.158369813136362
0.0525466386026672 -0.0502992700018312 0.0233464858106664 0.239664428815605
0.00671868991782766 -0.0981119255080895 -0.0424299114670018 0.247031130917292
-0.0682612528496697 -0.0585783174529066 0.0167688573304851 0.220801359115905
-0.0879014022351615 0.0357978082408114 0.0941176829768135 0.141142884520656
-0.0241267460046648 0.0647970942025783 0.0988271954115861 0.070661461210796
0.0155384753659746 0.0534301354369028 0.0910638779873432 0.0502415434348002
0.045858644909157 0.033384244433014 0.0836053798404319 0.0586631214699343
0.0596900644080333 0.0168702040625481 0.0870375982101651 0.0714350804478045
0.0616510085794289 0.0192219659774028 0.0794508187839667 0.10429341687445
0.0510020697460193 0.0438804045335722 0.0260848137261599 0.146978147200017
0.0122113948950969 0.0763438129931878 -0.0577662775742782 0.157723203231276
-0.0627454246327571 0.0830869952361998 -0.137023503916653 0.0663052416310933
-0.0960646475204095 -0.0116467360104909 -0.123762740216429 -0.0345013935231205
-0.0435781001653604 -0.0980317977013255 -0.00879797283518649 -0.0235154322356804
0.0348419144328835 -0.0938938474203854 -0.00223839262549422 0.184007646428201
-0.0618612390934566 0.0222672013451996 -0.035586391718608 -0.204230744641213
0.00459556201349733 0.0533321936372795 -0.0412788864950284 0.0229140765763509
0.0511593864646509 0.00928629800290189 0.132195909672915 0.0498677108538155
0.0207744254023901 -0.0418086748458289 0.171268037902439 -0.0817758130596209
-0.0196979176662315 -0.0276590779280478 0.0734575381898396 -0.193065151327054
-0.0185103593400905 -0.00161479672591523 -0.0526790268055946 -0.176336416370346
-0.0159694734053853 0.00208642306497003 -0.109800976119483 -0.111200053872626
-0.0163802583423626 0.00279360479193722 -0.112719412236006 -0.069985825284108
-0.00368861636061757 0.00342996121225201 -0.113845893069062 -0.0496807620414833
-0.000390164382812028 0.00386718252629962 -0.117722459742814 -0.0490351012387682
0.000681862203629523 -0.00325450161152119 -0.117560248634273 -0.0786991575710033
0.0154395952362328 0.00903215135747319 -0.0960912683940849 -0.14974563784949
-0.00586885875064329 0.032360398492806 -0.0280333082272305 -0.209046346621873
-0.0620639764403311 0.0186894156535716 0.0477349070966468 -0.222552296165247
-0.0790484774854905 -0.0254864096984746 -0.0140073372262876 -0.227127382398595
-0.0908803182507852 -0.0565371486578582 0.000896056726578433 -0.198746427097571
-0.0568840974796411 0.00499145551033454 -0.0305320928044453 0.0297954706485284
-0.0185820826172149 0.0227535564671761 0.148350719096208 0.0593692526108962
-0.0157873292809391 0.0159526590423154 0.192373530587992 -0.0829497837715947
-0.0171114922774356 0.0238830974386608 0.0835957667559053 -0.197193101745578
0.00576878858476911 0.0378388495584365 -0.0493778224942228 -0.176881089301032
0.0260480914644543 0.0270190509377317 -0.104911345507597 -0.105178862676254
0.0271011363430361 0.0218455940974867 -0.104781831935108 -0.0607711459687614
0.0378248695425777 0.0329705295952576 -0.108260471393677 -0.0347918282820367
0.0187811282815298 0.0582729170098997 -0.11816251892928 -0.0304221558856809
-0.0166061237375929 0.056793358622629 -0.124710817913867 -0.0585346654096824
-0.0502152186050459 0.0555373864024357 -0.11130469249305 -0.133617898514422
-0.0842173893414158 0.0152577426098108 -0.0484352218653093 -0.196715184070007
-0.106573218228966 -0.0567642964556246 0.0252557384980558 -0.190046110456163
-0.10009556154924 -0.120284890103033 -0.0190697189583828 -0.17871705654735
-0.0995031540490143 -0.133061794224147 0.0354832034241347 -0.158697624136469
-0.110553070381303 -0.0597485568604598 -0.0214043384318827 0.0576296182498357
-0.0972453666760413 0.0218940838102793 0.160980925517129 0.0892796047640751
-0.0652175269096698 0.0741997786520154 0.217026123511468 -0.0656089945895382
-0.0188446290146915 0.080571650554049 0.103748020995659 -0.184838264805336
0.0264949380292076 0.079597251564825 -0.0325539520542951 -0.165459524591788
0.0645826390222113 0.052479699697147 -0.0847021055025887 -0.0889022247253868
0.0674309343792691 0.0380113383642948 -0.0826303143217698 -0.043102673109869
0.0750197599478604 0.0521982420200441 -0.0866155289675582 -0.00962124970669362
0.0438455726054315 0.0961911604727992 -0.105613362785648 0.00457549105707833
-0.0143995506104777 0.106484934024292 -0.128508365034646 -0.015632110702008
-0.0866523914055785 0.108473011781544 -0.136226895660179 -0.0983229989487159
-0.144107182735928 0.0239100954441728 -0.0804167209930358 -0.175732797905583
-0.147295708698017 -0.0999672812142506 0.0050271395474178 -0.1545459044305
-0.116848247192398 -0.187815678767117 -0.0179891338631454 -0.107311096183404
-0.086886505953588 -0.190812551275775 0.0614194133949299 -0.0847400624917928
-0.141789093868388 -0.129111307093348 -0.0146410842116743 0.10229979629943
-0.166952619917678 0.00162367766579892 0.159396036985558 0.131302567545812
-0.120699329556861 0.116855791496461 0.228695461015268 -0.026254487027618
-0.027212615889592 0.13171467042123 0.123268474545525 -0.150028087671483
0.0400679398651597 0.116693428861631 -0.00551017580239639 -0.136660375056409
0.0922225325464636 0.0743870019990152 -0.0527978543531944 -0.0627611253644029
0.0974340461241461 0.0478150109603409 -0.0484523478240192 -0.0188613369607628
0.102283475622289 0.0584574075305511 -0.0524503081515137 0.0185909732560654
0.0668264661301891 0.111775378043226 -0.0802142004261634 0.0438667855791592
-0.000437394257777922 0.134331809610728 -0.118672284004597 0.0359726083648575
-0.0951867041747776 0.149173498060701 -0.150212440165494 -0.0495431692069316
-0.175130768407672 0.0415435834033419 -0.108429087871437 -0.142008660851048
-0.17144698771303 -0.116255998809084 -0.00590849598223835 -0.119388172941573
-0.121877727067616 -0.222520718110298 -0.0087691722657418 -0.0289933216178788
-0.0573968413230003 -0.214698187537362 0.0736362019482638 0.0110810530173981
-0.137666799109184 -0.183527497645621 -0.0147436172244848 0.155465865664685
-0.205239621562502 -0.035900553485922 0.137774967559698 0.175099103190702
-0.168528820771562 0.12724627859331 0.216630820978307 0.0266536308917082
-0.0418982788119608 0.160636056307226 0.132021156246709 -0.0927531797965458
0.0430209644894938 0.137613010176626 0.025690438435796 -0.0909332148935959
0.104920729239214 0.0865021621986512 -0.0135386993481234 -0.0287501120947319
0.112741263891891 0.0505271439223229 -0.007762000091522 0.00791116569427691
0.114651547547538 0.0556219883369996 -0.0117411926647407 0.0456115151024514
0.0792276338485313 0.109108392647747 -0.0456548977369739 0.0790838982248183
0.0111993368075292 0.140101429232548 -0.0977467459788807 0.0816693393906436
-0.0917859491085856 0.163829715964168 -0.148510217618959 -0.0032448689950638
-0.179128026824616 0.0474339068359212 -0.122744550837449 -0.104987873111418
-0.168007573856698 -0.121159635996448 -0.00828964937448916 -0.0871371651628881
-0.105554482088025 -0.226421395107569 0.00459607318194458 0.0455597508096677
-0.0189360921108901 -0.196545159708504 0.0707779648673279 0.110068210740441
-0.101902048742321 -0.200496591810142 -0.0197547707738349 0.2050324874943
-0.19607253048635 -0.0698916803897421 0.100168395234354 0.205986500269586
-0.181345190975907 0.108249991680786 0.179836349373783 0.0764433399405837
-0.0511476531823064 0.157141360024224 0.124290608026467 -0.0271221939170245
0.0377596931014148 0.134202224425182 0.0541163942220811 -0.0353059122713895
0.100460496988101 0.083114976988353 0.0261620179250323 0.00768941126700811
0.111623258053311 0.0447668290621211 0.0325740491482433 0.0336461754117173
0.111827662283955 0.045829366176776 0.0285806285379318 0.0691441419359281
0.0799591916983084 0.0935491162475414 -0.0106552523288458 0.107265573344361
0.0172592971883457 0.128705907169192 -0.0740891510234264 0.116502047992208
-0.0850544380833688 0.153085771490528 -0.1388921783755 0.0336494629496217
-0.165524739585683 0.0364874881667509 -0.125194266005323 -0.070063285505914
-0.14184327534806 -0.121533124114708 -0.00715408294840923 -0.0587035292255122
-0.0693210178979363 -0.203764995932431 0.0148768341743444 0.108982432399392
0.017595878787819 -0.138057826517303 0.0556415635363323 0.191979814289092
-0.0515214890436725 -0.168906428748301 -0.0269739071227384 0.239349650117447
-0.145970748904847 -0.076728674450516 0.0590688797791544 0.218608941437292
-0.151243868325214 0.0760292022787745 0.134303735085338 0.112942216959066
-0.043275315665067 0.122646575503888 0.109861275946861 0.0297279191468068
0.0291163339181014 0.103593944743459 0.0762036254766184 0.0148015680092734
0.0803449154675991 0.0626883673208519 0.0621494133977231 0.0382106864153615
0.0928178791070889 0.0312286305365203 0.0680497208946061 0.0536435211353515
0.0932578578259749 0.0318974002971444 0.062761227378327 0.0881964287290897
0.0703049316955961 0.0697033093374618 0.0183004765010496 0.129583553411472
0.0178180403595945 0.105718577859477 -0.0558793760193457 0.142852921941688
-0.0745888220878391 0.125301963216365 -0.131142033905994 0.0589948238181323
-0.137468435833616 0.0156669189498348 -0.123931121811318 -0.04270786862651
-0.100265114706104 -0.114622467137952 -0.0063919627471891 -0.0354132296739113
-0.0213490527240983 -0.159030240673528 0.0172639588369274 0.156640768994161
0.049266297044208 -0.0533474844076297 0.0379933192041328 0.239730096303756
-4.36931371168691E-05 -0.0978676764893498 -0.0280461556292277 0.25160792453814
-0.071169235236531 -0.0535816604559737 0.0296658430137535 0.219983467044695
-0.0836148711468783 0.0424284176182319 0.10205511350835 0.135073345717008
-0.0194837019328093 0.066116496183236 0.102617734687311 0.0659602225320249
0.0189152191895971 0.0523673443517057 0.0944861256795499 0.0452468336515527
0.0481193113359557 0.0300535028092941 0.0886281458407632 0.0537835847050083
0.0600209247602408 0.011892327014496 0.0927559697915295 0.0652804648741949
0.0626694305943969 0.0140984666175342 0.0867971497492502 0.0997845718873814
0.0533018799052499 0.0395357147701004 0.0365668242325078 0.146598760747348
0.017373282099315 0.0753980564367546 -0.0475977977091698 0.162034894844806
-0.0561348183288514 0.0872261115654948 -0.133022619203047 0.0761029656023156
-0.0960402025491449 -0.00621387477477153 -0.126991565756814 -0.0252875005863735
-0.0494749894512857 -0.0944733824906296 -0.0108106359618587 -0.0230948067548816
0.029075309490124 -0.0940087983086327 0.011031232986408 0.182665841894479
-0.0589071024849922 0.0230528150115934 -0.0423253544124269 -0.201823534009411
0.00625799308945985 0.0523118697861647 -0.0410188949294541 0.025378281482403
0.0503732605068581 0.00775464470777808 0.133493612435184 0.046387600549012
0.0187704626659153 -0.0414464578335706 0.168367064820966 -0.0857491481464267
-0.0200169591791305 -0.0262574928642867 0.0682016567315184 -0.194698769233259
-0.0177617020204821 -0.000632362961944973 -0.0568990699046454 -0.175390082376579
-0.0146788091936315 0.00298352568962157 -0.112531191692542 -0.107195212962467
-0.0158179798890888 0.00435130142390622 -0.115597457508817 -0.0668274721335988
-0.00293491892274911 0.00394461496223583 -0.115864780199787 -0.0469384479130146
-5.96252351157554E-05 0.00472858529120843 -0.118371874882594 -0.0466122631884568
0.000125689092591467 -0.00251463540879604 -0.118788028423239 -0.0756548763087933
0.0147146754775882 0.00817957893715127 -0.0996515433224122 -0.146383466025207
-0.00575285458593512 0.0321864445555125 -0.0327911831135547 -0.206710065477807
-0.0612796469782172 0.0202794667953795 0.0425968867412176 -0.224949857586681
-0.0776979282175276 -0.0231861377313787 -0.018963441865208 -0.228989604252421
-0.0902613811398499 -0.0550437537194248 -0.00653115870633926 -0.1971292767967
-0.0566376863929941 0.00596769100320626 -0.0305763053434062 0.0317190923774876
-0.0185544814188104 0.022743312462048 0.149068371353277 0.0555519193789394
-0.0155886919783588 0.0174220660099471 0.188750080138777 -0.0872847340223871
-0.0159346021022871 0.0254605936401684 0.0783507978398326 -0.198514619138891
0.00718541679941128 0.0378687092378902 -0.0536835586610273 -0.175115449326354
0.0276912349063013 0.0264400393170247 -0.107388964330457 -0.101633418432911
0.0281708663326886 0.0217269688325771 -0.107194184224636 -0.0581002564802339
0.0392963703584692 0.0323227084488615 -0.109708876360535 -0.0318383298909273
0.0207243275494857 0.0588346513138722 -0.11820278354909 -0.0272927104141402
-0.0153798004899568 0.058307874562664 -0.125289759815317 -0.0559141784415014
-0.0492777716490455 0.0571655978211251 -0.114807544698203 -0.129660732864827
-0.0846120630436815 0.0170808647954023 -0.0533162064377126 -0.194453695571313
-0.107708287544706 -0.0543507528157045 0.0206806279254861 -0.191214750977912
-0.100678210940485 -0.117260285494812 -0.0234461045784449 -0.180494094197529
-0.101180622112511 -0.130803437173994 0.0288304961692756 -0.15808244763641
-0.111817630110618 -0.0570410807790786 -0.021540006323005 0.0590657178017729
-0.0963509396629627 0.0243693821109791 0.162115427946238 0.0849914616240064
-0.0622183792273739 0.0768567414883186 0.213323558676977 -0.0708190491133308
-0.015784015357948 0.0826022395259096 0.0989908354688586 -0.187192322110966
0.0296251404225558 0.0789524050479996 -0.037110539531235 -0.163429664767112
0.0667259361242077 0.051024354386749 -0.086850843057843 -0.0864239834160639
0.0684037350914822 0.0359869473127128 -0.0839843345635225 -0.0405468393065837
0.0775254876866845 0.0501455632797164 -0.0872545689858304 -0.0076114954082687
0.0469061380065675 0.0954933597697055 -0.104873539741366 0.0070879670277386
-0.0114627234661682 0.107334679464548 -0.128281580730112 -0.0122240074814375
-0.0836466619111654 0.11173466259639 -0.137761816859835 -0.0930649718419974
-0.143658277792592 0.02749850561793 -0.0857771676257154 -0.171716800943784
-0.150245787147895 -0.0969052531357869 0.00145845946994505 -0.155725368161769
-0.118857499693252 -0.183957690180472 -0.0208960676430443 -0.109354207179396
-0.0906531099040699 -0.188891325188652 0.0571228745712198 -0.0849231157782279
-0.144685174714129 -0.125545274520567 -0.0139950461870387 0.103606749814658
-0.166463910284101 0.00603375151936588 0.161096925563863 0.126601839221779
-0.116035777438535 0.121123632481144 0.225901809654509 -0.0316654362933544
-0.0229718281343327 0.133295954616795 0.119383892290887 -0.152266596756936
0.0441519137117013 0.115402769711479 -0.00855004041188899 -0.135335904159507
0.0945141390890997 0.0718431148211476 -0.0538814326903732 -0.0614822118948976
0.0987647260197893 0.0445257966772742 -0.0488482101783406 -0.0176771771949939
0.104308084297692 0.0552349916451514 -0.0520424698742738 0.0192848545653201
0.0701781461129961 0.11042205203996 -0.0777292455360828 0.0460173600997389
0.00317158915528115 0.134931933470477 -0.117161112626833 0.0388128835986146
-0.0901353654266646 0.152684329326832 -0.150572040095191 -0.0439249387383991
-0.174203591599382 0.0456305220541982 -0.113239695928265 -0.137222513532605
-0.174238850825883 -0.112515880236355 -0.00918387409124358 -0.11959390271583
-0.125193199122479 -0.217518218963173 -0.00901766793068461 -0.030876742974922
-0.0613480605988614 -0.21334713811387 0.0717429780307974 0.0107249455837077
-0.142219864684736 -0.17989183966842 -0.0117134019212632 0.15603074007797
-0.204885379997524 -0.0299594967516679 0.140523822682222 0.17124264107672
-0.162722553199881 0.132998631444881 0.215158476923848 0.0212565445162616
-0.0366825532665008 0.162167660391772 0.129067343944037 -0.0956830581641805
0.0474892176775569 0.136416343473406 0.0241841820557241 -0.0909263319496332
0.10796390447386 0.0834828151997916 -0.0135473091803142 -0.0282589905470923
0.114112258793054 0.046676464399494 -0.0070903009315365 0.00805925894296402
0.116255961045636 0.0521362576726597 -0.0107385137326008 0.0454157808221646
0.0825375885850447 0.107593413136074 -0.0419278115351024 0.0805346858634817
0.0155338162134946 0.140341374136002 -0.0941925576110869 0.0844381627648187
-0.086160271315423 0.166997508260191 -0.147816855882533 0.00270846167241482
-0.177715607743913 0.0519280288835849 -0.126248300626939 -0.0987209907150641
-0.171310825022473 -0.117055794968194 -0.0110313688827689 -0.0869117504601023
-0.109467222514682 -0.221160093644609 0.00638193377601671 0.043253088567376
-0.0232793369448549 -0.19599324180516 0.0717338158399111 0.109634854110689
-0.106525581758836 -0.197800083718858 -0.0158634676660833 0.206091157860565
-0.196415532873116 -0.064095320758083 0.103975783951062 0.203032587963792
-0.176238605358228 0.113993378783086 0.179886541021256 0.0723429483168761
-0.0455538141022986 0.158626375421579 0.123438865667481 -0.0297727286309884
0.0418211553968016 0.132927826541691 0.0533695337209227 -0.0363666514336357
0.103156176271242 0.0803543858228715 0.02726833797746 0.00710954957090286
0.112055226093873 0.0406956692869541 0.0341467694223785 0.0323826782908315
0.112471520672638 0.0419707448242532 0.0299833726647742 0.068062466582781
0.0823626664740367 0.091140588534355 -0.00635030712048651 0.107833140718565
0.0211435405789448 0.128131742042042 -0.0695270709929471 0.118526725623276
-0.0791759181370264 0.155497931968595 -0.137095484242298 0.0388898179663418
-0.163516390856243 0.0400694429569838 -0.127741792508282 -0.0639755002157873
-0.144560933745399 -0.117698936070057 -0.00867123242689734 -0.0585664446457776
-0.0734920044280113 -0.199931167989478 0.0183323608690355 0.107147357426025
0.0142253401780769 -0.138792760755792 0.0593410963896155 0.191441750228524
-0.0561029282611919 -0.166845881444574 -0.0211363883737603 0.240671610466906
-0.146496058937347 -0.0722031113183267 0.0640714211997389 0.217110850269841
-0.145663137019317 0.0809522449747406 0.135968000590819 0.109881253929252
-0.0387682314322077 0.123312242547021 0.110039282667077 0.0278513045388046
0.0321622643133052 0.102768675442927 0.0765419526965884 0.0131644731662248
0.0817862408047683 0.0600990288033393 0.06415587259959 0.0366421599371664
0.092621654402165 0.0272642708888794 0.0707898702627689 0.051447277443107
0.0940777624214146 0.0282175575263042 0.0655447142800398 0.0857000505828499
0.0715591085052576 0.0672538289354671 0.0230520816319135 0.129381163628726
0.0212435704630757 0.10489803748616 -0.051628412759184 0.143565815035982
-0.0688758078046877 0.127412859374851 -0.129046526631539 0.0640058900098954
-0.136099696815791 0.0183941097665639 -0.125417741304129 -0.0376034831218776
-0.10280083130277 -0.111338909586863 -0.00813211589541457 -0.0350693393739157
-0.024443624909697 -0.156475084027654 0.0222012630749934 0.154506963834645
0.0476688198635512 -0.0547048823749634 0.0436507144794962 0.239629960252453
-0.00239774211789048 -0.0968413825333239 -0.0212781843718887 0.25272058528233
-0.0720097173976821 -0.0506110092684343 0.0352211425358256 0.218788746272215
-0.0801450225254223 0.0449027408497827 0.104371942086309 0.132213121308657
-0.0171625578106958 0.0661730661764032 0.103712110002273 0.0636315682905265
0.020092112611193 0.0516354614369398 0.0960180912489883 0.0427970097108145
0.0488198813829721 0.0277771223629898 0.0912338955195393 0.0517675525969867
0.0595522873283855 0.00885360333956796 0.0953739623587852 0.0621892283980712
0.0621768439169475 0.0112447964052972 0.0893012453133337 0.0967272143081316
0.0531995622996715 0.0374773899360651 0.0416924581376575 0.145839663919172
0.019736556604529 0.0737366132783163 -0.0427014284024591 0.162422701041577
-0.0523435748252073 0.0880115171193875 -0.130551916798776 0.0809270252686755
-0.0956883280676065 -0.00445384025306568 -0.127520272358944 -0.0202770146094083
-0.0515457339251183 -0.092157344276028 -0.0116751220058833 -0.0228957480864576
0.0274860168047466 -0.0928410896833073 0.0168416743388807 0.1803241751493
-0.058503659274411 0.0229000118009436 -0.0453050851238254 -0.204764310281409
0.00692417068331109 0.0528723885413694 -0.0413213753419315 0.0271741453446245
0.0501536791658849 0.00720472186881231 0.137242103585408 0.0469124265573074
0.0189534071824695 -0.0418000730213542 0.171255047869174 -0.0871421254986809
-0.0199525618083779 -0.0257208329913929 0.0692170362128069 -0.199760663091103
-0.0174414073903562 -0.000520128094064532 -0.0588863516414278 -0.178604832404793
-0.0144440842246289 0.00329386836524334 -0.115028865774948 -0.108335897943829
-0.0152018590324393 0.00540285964940735 -0.119631525759906 -0.0669458964550229
-0.00216721865647735 0.00430214815750179 -0.119278592597311 -0.0471231667988115
0.000358662061321876 0.0055522889100315 -0.121282210513782 -0.0479201615305685
-0.00041507310374799 -0.0023906390526468 -0.121123836038843 -0.0768354617835872
0.0141417291458501 0.0082020391048817 -0.101813372144444 -0.148229533869653
-0.00652913205346905 0.0327142008220974 -0.0332640377875859 -0.21079094306991
-0.0624064944858057 0.021308549959708 0.0439233843012156 -0.231325003545162
-0.077452299189237 -0.0238037911239597 -0.0205667204914256 -0.235972458686856
-0.0906926695518211 -0.0566685268382853 -0.00885486493860877 -0.199689641054754
-0.0577073827222048 0.00548747007454991 -0.0316711005886227 0.0334133561097226
-0.0199137767802321 0.0232128216997948 0.152667529228436 0.0566546912242894
-0.0153790163613445 0.0186890938271299 0.192128552665819 -0.0891265716742873
-0.0157822168223772 0.0265849563675176 0.0797429367750948 -0.203865323090063
0.00858452869119474 0.038629416798748 -0.0552199467694325 -0.178999278540189
0.0294001147138677 0.0267377892136055 -0.110107856163679 -0.102654505299673
0.029576472893731 0.0227168682366747 -0.11079958918671 -0.0583396159218877
0.0414879083708391 0.0330452167850392 -0.113394356171503 -0.0321679332944812
0.0222468959373907 0.0614502469551476 -0.12039109617471 -0.0278513218137887
-0.0157030009109443 0.0604728754592474 -0.127924276259772 -0.0564137494071142
-0.0508063153405981 0.0588508443544315 -0.116897697403319 -0.130642717568688
-0.0863710299247507 0.0174178750733286 -0.055417181027251 -0.19745968292464
-0.110258772998485 -0.055327470004073 0.0212024950466582 -0.197558086439334
-0.100917701552549 -0.119183153766426 -0.0245508655968851 -0.18693072785414
-0.102289227081704 -0.134026045317681 0.0275154978886119 -0.159737881179925
-0.114827044505355 -0.0589359104066632 -0.0223170219437342 0.0611664314115192
-0.0987596364254065 0.024791595947953 0.165041058428281 0.0865399533979682
-0.0625136514726197 0.0797673981262775 0.216105060981233 -0.0726887816065271
-0.0150174563697659 0.0851983727423945 0.100331443871562 -0.191814459523016
0.0310636757179582 0.0807352913575198 -0.0373538883847197 -0.166555352627266
0.0695222612872016 0.0515232287237755 -0.0887146193898341 -0.0874640651262399
0.0703823100884132 0.0366536296621798 -0.0863590456352947 -0.0412970272101706
0.0801359861740577 0.0509218575320779 -0.0898294047994291 -0.00759527199199355
0.0491083163075632 0.0985963996922989 -0.106495792618299 0.00773216595742128
-0.0111606552206542 0.110840881084489 -0.130755426240301 -0.0120224655388774
-0.08523628556107 0.11503461895889 -0.140690337138953 -0.0931885635325724
-0.147458445819958 0.0278909682234789 -0.0884026975246883 -0.173935826514349
-0.154003030174516 -0.0992635396823636 0.00102012997400279 -0.160175489445903
-0.120128694233027 -0.186935542483205 -0.0211809638455043 -0.113983186518444
-0.0918251988593042 -0.193757674480489 0.0567928840107293 -0.0850186661810008
-0.148536907027409 -0.128636943732437 -0.0154672887145107 0.106317901573941
-0.169822562747689 0.00678293062427299 0.163970849104611 0.129507222084985
-0.116704339685212 0.125034263606551 0.228928853129161 -0.0325190067065543
-0.0220335727384008 0.137145849083193 0.120961029845829 -0.155867395125867
0.0462358635462685 0.117987021354122 -0.00868184589916097 -0.138338331840643
0.0984400696910806 0.0726959605172469 -0.0547836146447233 -0.0625922215714807
0.101044063068582 0.0445511822637515 -0.0499977127295277 -0.017572232702603
0.107517199453703 0.0553411211539539 -0.053498703639986 0.0196515176358046
0.0728126490762204 0.113580359454847 -0.0784226310751495 0.0474074168637108
0.0044404011774028 0.138841061203188 -0.119163145781223 0.0400840523659729
-0.0908082672166585 0.157015562705631 -0.153884429346719 -0.0426257642723473
-0.177594569588386 0.0466715031235692 -0.117711049474794 -0.137838012286114
-0.178568479971424 -0.115399583187255 -0.0103676615812195 -0.123009566077192
-0.126932231791293 -0.221457660992243 -0.00917366886057509 -0.0336531956970791
-0.0630900964455728 -0.218597253326845 0.0723154927004623 0.0122325026463081
-0.146098018968077 -0.183698710437842 -0.0132123185185065 0.16051436186251
-0.208559155884373 -0.0300461646612722 0.14310225099983 0.174596868053108
-0.163581467126354 0.137328350776794 0.217912607978359 0.0214360638578396
-0.0358460170725386 0.16628803347923 0.132328424748712 -0.0979382984542165
0.0496826761324194 0.139687792551389 0.0245640201583459 -0.0921526226945057
0.111376802848984 0.0842772271845885 -0.013167193399777 -0.0290383864910498
0.116178579666222 0.0463034079228935 -0.00736842784890038 0.00793793833065344
0.119293882092719 0.0519684957217452 -0.0106865249705952 0.0463382996340412
0.0853552770846754 0.109845591087372 -0.0416169815691488 0.0827758131152864
0.0169220260741663 0.143700662396391 -0.0958191167041035 0.0868479456502127
-0.0867097060044152 0.171534240653341 -0.149925615583724 0.00505223898274422
-0.180943900677006 0.0533322864078931 -0.130792853039145 -0.0985432467486785
-0.175882983772169 -0.120062803644275 -0.0114711537796406 -0.088694665975679
-0.110919400475755 -0.224910386180953 0.00722180582587414 0.0427461807154172
-0.0241186486477686 -0.200998485454446 0.0724858650458472 0.113255858864612
-0.109731409683802 -0.202059640162028 -0.0160162038416805 0.211354167996276
-0.200317517451245 -0.0646763686512043 0.106107544063986 0.206955943986714
-0.177359694813012 0.118031708202651 0.182266244562261 0.0733506867830554
-0.0451811375115647 0.162747104469677 0.126345406144154 -0.030495288533049
0.0436525532878634 0.136085670614527 0.0551591270009 -0.0369599203088151
0.106337050744204 0.0809660185118466 0.0292543543484452 0.00735944214027469
0.114141707885601 0.0394290693894846 0.0355580367682114 0.0328990217339796
0.115195233879316 0.0416333062388724 0.0314847313905578 0.0691339323056414
0.0848010509368624 0.0930303106776764 -0.00468218547406295 0.110829110945316
0.0224736137606545 0.130987746046101 -0.0707157113259884 0.121163809226297
-0.0788371334284034 0.160362557462161 -0.139175163470538 0.042148624183843
-0.166872729610919 0.0414972056647589 -0.13181874182825 -0.0630171841131173
-0.148425915613733 -0.119327083530137 -0.00915436251990717 -0.0599733825873629
-0.0737089096724351 -0.202478458401587 0.0200852284734419 0.107329330556041
0.0136773681109974 -0.14193341588313 0.0603476110786092 0.196827476728465
-0.0579029502703405 -0.170287463288425 -0.0209416368951842 0.246325587352482
-0.149479980808213 -0.0732762826933619 0.0654861751463487 0.221236301065616
-0.146434973475037 0.0841349139881953 0.13786852838836 0.111032740496413
-0.038759031833932 0.126260701122611 0.112692741804167 0.028640108182129
0.0335720115642425 0.104766801492625 0.0789098732013177 0.0139183560805157
0.0843304554819021 0.0603520907550918 0.0673343076033035 0.0372304651077496
0.0937986975251408 0.0262910987103878 0.0732475678908073 0.0520192186081115
0.0954722078410593 0.0272710170053648 0.0677555472282335 0.0875899716219281
0.0729727151866222 0.0685474530555563 0.025394870009184 0.132701616148349
0.0225833945978894 0.107003383013907 -0.0516648628959142 0.147260502917628
-0.0686197681202178 0.130897322400076 -0.130898585379506 0.0666902755417339
-0.139096807543012 0.019113619707314 -0.129021523330127 -0.0360230343155083
-0.105172775615365 -0.113138100752645 -0.0080226143539334 -0.0363415168592527
-0.0240038677546936 -0.158386858542125 0.0245769193290603 0.156828777328619
0.0479055113923283 -0.0560416595710147 0.0452041423252196 0.245981725419354
-0.0028468395206777 -0.0983177287153875 -0.0207006902626084 0.258936519927925
-0.0731435748513269 -0.0515515785048946 0.0367841548688584 0.222625125239893
-0.0795023706523508 0.0462542143560883 0.105675519967392 0.13493411059737
-0.0169338495922729 0.0677919845528474 0.105726351214911 0.0652081006209117
0.0207121298643919 0.0528823249953412 0.0989371622098102 0.0440168198598794
0.0493742316671486 0.027835251913875 0.0954277489472461 0.0526521938765391
0.0595642952612993 0.00779947657848952 0.0990664010160984 0.0627538756282238
0.0631274060458337 0.0099179782177577 0.092334785861436 0.0981424272899704
0.0535192184686727 0.0375880364587519 0.0442534719335003 0.148889234404633
0.0211131039038382 0.0747176361420827 -0.0433471176370142 0.16617088066261
-0.0517637963919068 0.0900373991555595 -0.132848458093086 0.0839718243351054
-0.0978917930662966 -0.00476208575822494 -0.130769002538676 -0.0188585680367448
-0.0524598679116917 -0.0931669934831093 -0.0118155153584675 -0.0241293089090121
0.0284537962438712 -0.09388650255525 0.018849496563845 0.183139724281477
-0.0474929915463771 0.0479179599125342 -0.134373574097615 -0.171457161672266
0.0290090047684523 0.0464310802156529 -0.0249886205785915 0.0463199242724433
0.0485286665571798 -0.0160685472204671 0.152419665094428 -0.0198678733155239
-0.00366229655116392 -0.0478901936001942 0.122171698067158 -0.163126280045045
-0.0323018705202658 -0.0135815871335333 -0.0283940226478244 -0.221305012934811
-0.0170753711940105 0.00833172078957767 -0.138363182549313 -0.142795411460794
-0.0120453767667912 0.00882715661316858 -0.158885777017096 -0.0496007143218023
-0.0105301314026362 0.0127065465850077 -0.145356992084594 -0.00727434178271503
0.000143795356113958 0.00487207680420938 -0.136455139863333 0.0112618300471411
0.00319175269621015 0.00617809713333087 -0.138049696042611 0.0101891721978184
-0.00265208227431536 -0.00080077106643423 -0.148836003345936 -0.0182170510295817
0.0143582069664045 -0.000351238953378834 -0.162613629718725 -0.093228345517953
0.00790262965883515 0.0319506597705535 -0.126961720559055 -0.183710603140518
-0.0482177103535757 0.046031465939034 -0.062719642323448 -0.244735153140434
-0.0859781835502971 0.0104021220493321 -0.122885932021249 -0.222777041227571
-0.111441976080528 -0.015149130826138 -0.101829847067539 -0.182990546464068
-0.0516537537168659 0.0288772712817447 -0.0148908426157138 0.0495908617717954
-0.0109610866099768 0.0281274397325306 0.170806618935913 -0.013683183110288
-0.0090726841006313 0.0234418469262448 0.141722884128152 -0.170884254480511
-0.00522278420535779 0.0344401809560737 -0.0175666103568695 -0.228945049391795
0.0247336370400899 0.0343976336854358 -0.133095069406045 -0.143282788764277
0.0396918315887165 0.0118035260934415 -0.14911538784105 -0.0468494523589302
0.0398580113821527 0.00971761262132267 -0.132569904715854 -0.00304587683208824
0.0547940609877122 0.0129150860265344 -0.123273479926108 0.0231635309607382
0.0491177543372259 0.0499704786215817 -0.128796424020698 0.0305645482228493
0.0111497915740256 0.0672063484700981 -0.149541332131175 0.00491232381103168
-0.0242497770848392 0.0774938061566477 -0.1752264963768 -0.0714760730912389
-0.0772064870577541 0.0529766296883184 -0.141668675878404 -0.163808042730648
-0.130465597639967 -0.00606917211255608 -0.0654271222721936 -0.204884317802865
-0.154667391273851 -0.0707881227034835 -0.0987421850649018 -0.174275067284886
-0.15520356530457 -0.0852023975868508 -0.0523183695352075 -0.16245368599639
-0.132486914983857 -0.00785543876845117 0.00363320107535002 0.0731476301358314
-0.0843268009393888 0.062675023792244 0.195036390456124 0.0136429922139069
-0.0256575337066163 0.100051647803033 0.173952967560386 -0.16159306337225
0.0202843341870291 0.088778977144543 0.0101197814931375 -0.226283433669835
0.0646261800738349 0.0643992677372953 -0.108853563109963 -0.139910659751731
0.0888584911067677 0.017829355473762 -0.120364004049525 -0.0419122590698858
0.0853301245924836 0.00565130909815656 -0.101010306668919 0.00212101501156324
0.0998692396943189 0.0133201254513448 -0.0894874838826794 0.0362840035017093
0.0925230033755303 0.0743528699659306 -0.0984256138086033 0.0595310352251844
0.0385937922976341 0.114131902443327 -0.134308583570322 0.0488447849279601
-0.0307439274894554 0.146928501949905 -0.185006654280128 -0.0250832562676465
-0.131735984611102 0.0901423079991666 -0.164727505728148 -0.127978918189455
-0.193691866133445 -0.0284393017146773 -0.0656417764384303 -0.16210221418161
-0.206119699596089 -0.126558910619312 -0.0593962145586696 -0.106620088810696
-0.16940443632251 -0.147211862057989 0.00651471273248989 -0.105277583700728
-0.193161257495459 -0.0598632218450353 0.0286138776965847 0.113464444559129
-0.158203740174386 0.0745701538846504 0.210697413577503 0.0582626672754795
-0.0563601612801086 0.16433983726336 0.203639005676969 -0.126623111911307
0.0368298062084093 0.140023015723633 0.0481415986640376 -0.200759433107614
0.0957849295956879 0.092812769620798 -0.0676506465309862 -0.125868318359317
0.125134190423268 0.0255765333015288 -0.0754672073106729 -0.0335993016447107
0.117907029814607 -0.000439418664915175 -0.0549018643859455 0.00756595613116335
0.128471259431594 0.00575854226496467 -0.0419831795440549 0.0463764448655528
0.121876941929041 0.0775412450103827 -0.0529675643827757 0.0848541187119279
0.0663646340935664 0.134478308668414 -0.100189490785893 0.0940443922886358
-0.0166677488144097 0.190360317858815 -0.177592891065181 0.0297318474815078
-0.153236450844401 0.122692221975129 -0.17679040381334 -0.0819409602833464
-0.225159907113215 -0.0317678268911118 -0.0588878178300702 -0.12318891412515
-0.2282320002874 -0.155790233983152 -0.00980484443426059 -0.0348295421048676
-0.151208544755497 -0.184525463238058 0.064052752599404 -0.0211152455164339
-0.214300455439262 -0.114236685844635 0.0541251384960171 0.163106071031626
-0.209988202113694 0.0557650542736556 0.208451136760128 0.111262443014297
-0.0934627189984919 0.19516638449432 0.216411352018962 -0.0675382229011512
0.0367437033863842 0.172747196941707 0.0857503179060262 -0.149509256082282
0.108571858709127 0.111455166986698 -0.0145757293958807 -0.0971838178916893
0.142985190394317 0.0308769203692149 -0.0193918073597131 -0.0206159094395283
0.132686543382506 -0.00605550166480154 -0.00189535624190865 0.0117434291493773
0.138316427771227 -0.00318356208348183 0.0114497910723526 0.0512316614682134
0.132031069946694 0.0687676614848123 -0.00115206107268981 0.101406279646227
0.0815087360444701 0.133586212716219 -0.0573880775024391 0.127154657022432
-0.00439633112060716 0.202689342698235 -0.153544666508515 0.0740776449824092
-0.154069664034186 0.130262132279566 -0.171280966183016 -0.0383477518221546
-0.224166721306255 -0.0371243164075241 -0.0451635280447965 -0.0897031406483816
-0.214499082116174 -0.166130176282896 0.0403704866184693 0.0324901451673654
-0.105718432248275 -0.184834264447716 0.110394663153159 0.0743674816148528
-0.187129163269047 -0.147057760234211 0.0740356519543119 0.211321995842827
-0.215238524709027 0.0193239506835525 0.186297463140849 0.156175799403694
-0.113696015247786 0.183248994253824 0.204794965460939 -0.00212543498114762
0.0266356313238856 0.171837594790347 0.111314847413062 -0.0820295557780313
0.102185477044692 0.110074225931269 0.0397605864879018 -0.0581644552472785
0.136480064458962 0.0298084732268687 0.0377981565241599 -0.00584343834104769
0.127259944543616 -0.0117795142012054 0.050474964912959 0.0153859488063998
0.128997221152046 -0.0115797856173394 0.0624769364157894 0.0532645805473876
0.123986761425814 0.0525297734178023 0.0472329011192074 0.110325135229245
0.0810645138276651 0.11845578726223 -0.016708893391316 0.148973129278092
-0.0023157770738452 0.188231369083699 -0.125321974555648 0.103762814121676
-0.146081186275484 0.11295787431887 -0.155588766943415 -0.00349803691602934
-0.197042452039805 -0.0484345460168007 -0.0298488711843537 -0.0606871017580682
-0.167452631581731 -0.16141207057151 0.0797400713829974 0.0905931691699773
-0.0439806870653338 -0.14498141601146 0.139632195969785 0.159285654361364
-0.123857111804617 -0.139521242948148 0.086900039307253 0.246044804224357
-0.170168062384404 -0.00982597367281527 0.154998910251707 0.185572696391623
-0.0984520494281129 0.137458056956974 0.17976587143337 0.051684758221885
0.0175311241902283 0.134064792578773 0.124446050873292 -0.0209005381583526
0.0782386687189411 0.0844398738716005 0.0851070469100348 -0.0221598520939787
0.105845831235664 0.0202859006989141 0.0871264656890212 0.00455705236898641
0.101031561860717 -0.0161980463694951 0.0950870687069054 0.0154926941319494
0.103346312296648 -0.0163189975137266 0.105156279541013 0.0531839256345766
0.100877677190111 0.0339267951614207 0.0861687785659794 0.116456167926563
0.0705280351518468 0.0943867776583706 0.0141302443665089 0.164034676800672
-0.00595259969988256 0.155428451587898 -0.103684275570633 0.123201934223999
-0.128388160227742 0.0792317176284384 -0.139350251104224 0.0203979450163681
-0.152568847972909 -0.0610038260505054 -0.0185123300774129 -0.0370606991301529
-0.0981759546428491 -0.141582380050034 0.103102792757555 0.137829638723561
0.0245356712730914 -0.0769179774646695 0.150524463904406 0.213888191440191
-0.0412891894754303 -0.0945564875111754 0.0956733465573532 0.255978562249321
-0.0886350739006605 -0.0205870402303339 0.13081320925831 0.19607942275067
-0.0517264359373626 0.0734990548570998 0.161277057717353 0.084696728079754
0.0130261742563906 0.0691534487157537 0.133360244727429 0.0156177807333051
0.0430323399779968 0.0399839877681572 0.116362735394602 -0.00306143570829057
0.0582799248723033 0.00432400660677617 0.119416094020741 0.0058695158551989
0.0591032309918918 -0.0189914561061161 0.1242629155769 0.0130427257325228
0.0645499621398816 -0.0182633890964402 0.134603373468659 0.0518092565115764
0.0681730835946388 0.0125513761955851 0.111880106804287 0.122350013422366
0.0544753503547129 0.063148600335599 0.0316893173503859 0.178860568817921
-0.00907265411669279 0.109013284805157 -0.0950963231235571 0.139562966047489
-0.0987491168259485 0.0383779293327216 -0.131780808221878 0.0381327726848451
-0.092021072526307 -0.0653766634028532 -0.0173906754134926 -0.0208932579755455
-0.0159442396219155 -0.103386218683859 0.104939171144484 0.168138748569718
-0.0479348240219588 0.051084275570771 -0.15044006430568 -0.176461538945507
0.0323934052359413 0.0480376544898747 -0.0244233865756289 0.0509914957039936
0.0499460406913922 -0.0186393916820931 0.16312176136025 -0.0265907250965974
-0.00543610493024544 -0.0506169639695789 0.125907576012959 -0.17868649185633
-0.0340282062203032 -0.0128249435131285 -0.0384325921650233 -0.236809035113072
-0.0170118309328677 0.00945826613876846 -0.153669990081096 -0.147984176672813
-0.0114823860627078 0.00942660990067578 -0.171134372622552 -0.0470540066907858
-0.0095845294467021 0.0141677829224133 -0.156699093356146 -0.00178545200156306
0.00116727276495278 0.00529525504020661 -0.146911545947853 0.0177160125148524
0.00466582438258895 0.00685119417136301 -0.14827192465401 0.0156886124594602
-0.00309354836885331 -1.68983698024885E-05 -0.15975857222568 -0.0145543381872498
0.0140110969092737 -0.000180510579804952 -0.177132790563028 -0.0934307451260535
0.00895537238620079 0.0337724211335115 -0.140581971499261 -0.191301401683599
-0.0495030711303296 0.0505168193977105 -0.0759881890415673 -0.261646978986021
-0.0902418457198837 0.012993677508172 -0.140700140328385 -0.236243899848689
-0.119040081610102 -0.0137711169027667 -0.116007071009649 -0.190385536976997
-0.0548555299278833 0.0324210552206165 -0.0140285052816932 0.0552454791847222
-0.0114655591616577 0.0307153336623374 0.182655831078675 -0.0201086844434371
-0.00818124488981434 0.025494665366509 0.147081773446312 -0.18706102365097
-0.0029477277698265 0.0372806332870346 -0.0273086811450526 -0.245537329741883
0.0286980244904784 0.0359640773178063 -0.147172845312436 -0.149058994589862
0.0435072956668642 0.0106654278434177 -0.160995496682005 -0.0440870722006284
0.0438378542053999 0.00951711226485569 -0.14239822713941 0.00206290150033135
0.0599795043977949 0.0115429461076712 -0.131770795282137 0.030336264334932
0.056298832002354 0.0521247436603082 -0.137575037997051 0.0371869696640117
0.0145864457185205 0.0726247637415691 -0.159982411981775 0.0101642500830284
-0.0241660806634963 0.0844107935136734 -0.18899979984149 -0.069593235111606
-0.0814913328499537 0.0589906093003271 -0.157293596172117 -0.169213834378919
-0.140221445407654 -0.00247315414036985 -0.0773926721955874 -0.21871196263898
-0.166199062712436 -0.0716824361649764 -0.113344698170141 -0.18479386530868
-0.168603975035566 -0.0867605827717037 -0.0625529273515936 -0.169619164778737
-0.142566105715584 -0.00424005617633199 0.00612430951713828 0.0800944670324759
-0.0880948118710444 0.0701102182220318 0.208188625609871 0.00814991848611613
-0.0227294054806512 0.107539745041466 0.18010055734592 -0.178573245030646
0.0270939514484676 0.09463040912627 0.00239468019286379 -0.244062709198879
0.0733590080453119 0.0667286439048613 -0.121387959437212 -0.145773798401674
0.0964318307056705 0.0149905988112779 -0.129897679209583 -0.0402975175858099
0.0917304950072535 0.00279151431718072 -0.107859188320917 0.0067955162097716
0.108201840665863 0.00981445599859006 -0.0947673978799959 0.0428841754679284
0.103434700539107 0.0765770070445358 -0.103949296371267 0.0668715464015504
0.0454357614559384 0.12164986287764 -0.142138950010596 0.0568270942290667
-0.0276160221649288 0.159156185649521 -0.198407065692437 -0.0199945612297045
-0.138698446996767 0.100934374840074 -0.180226471270976 -0.129732065098022
-0.208750448694767 -0.0241255692945282 -0.0764804349847861 -0.172923725390123
-0.222711508435299 -0.129783273634652 -0.0688198780450242 -0.113722535921344
-0.186471157720598 -0.152247012538814 0.00284004444583484 -0.111095189777065
-0.209703512574747 -0.0577144771149446 0.0340775377700209 0.121410522128353
-0.166663816668096 0.0851496481377096 0.226796761527531 0.0550022562336186
-0.0521759806203662 0.177815664692411 0.212649288133999 -0.141643012003337
0.0459644209612347 0.149166593745871 0.0437473920941871 -0.218612884080757
0.106782275735106 0.0961521003859445 -0.0765881908414253 -0.132052978887339
0.136143863134574 0.0211309807941017 -0.0809042265839584 -0.0330736798153834
0.126048143556263 -0.00503852854911178 -0.0582888456659353 0.0102317263038411
0.138168228731514 0.000522025710719915 -0.0433625115894632 0.0511662851872118
0.135277821820246 0.0792860741906673 -0.0532608599841341 0.0922679631178967
0.0769695776354418 0.142377052534842 -0.104339763893768 0.10413170279502
-0.00930156337048713 0.204991235325876 -0.187538016146232 0.0386507112282185
-0.16037289493808 0.136616391950912 -0.191321139122907 -0.0789203921150754
-0.242931244247077 -0.0264158278479797 -0.0685518337292395 -0.130785081872191
-0.24774698892596 -0.159544392035019 -0.0126145583745946 -0.0389328644741278
-0.168847961078533 -0.192932395125678 0.0674304824383073 -0.0230416300204678
-0.233759980031988 -0.115499421898852 0.0632661162430694 0.173698404426317
-0.222255280800162 0.067310506358827 0.226041653563967 0.112063311646084
-0.090968935037287 0.212303515242592 0.228127238037625 -0.0791993157114575
0.0467948506783446 0.184060005408073 0.086509188051012 -0.164539457334283
0.121614965282331 0.115728776788762 -0.018529416087078 -0.103535484898147
0.154948407081238 0.0267232969465168 -0.0206903174555052 -0.0218567089253232
0.141284538308057 -0.0117073948014666 -0.000794420239522056 0.0125742475884646
0.147690295669477 -0.00956608022958985 0.014212426948308 0.0548480131084785
0.145318938128835 0.0686073296673296 0.00289562324393871 0.107830687318693
0.092720876455347 0.140052269308003 -0.0568810804578814 0.138584586582751
0.00362380708303239 0.217033548693435 -0.16027621630944 0.0851188465847346
-0.161181401173673 0.14550591224947 -0.18439757859103 -0.0318158303150656
-0.242192107588739 -0.0322896360425516 -0.0521254016584505 -0.0947736663271357
-0.232907881815281 -0.171015515946163 0.0441295974458698 0.0314300478313756
-0.120175377607253 -0.194095651950828 0.120337545101119 0.0768540602569932
-0.205543244443859 -0.151366150866086 0.0860766874992893 0.224016299314287
-0.229094444932956 0.0282087410436811 0.203464818998456 0.161091486639639
-0.112980880706372 0.199287704466211 0.217813754362726 -0.00843593631968667
0.0360812992590437 0.183202902049833 0.116631834984857 -0.0931065947419027
0.113976455368616 0.114667788887678 0.0411462666131388 -0.0636400452597045
0.147534442544699 0.0263686183898849 0.0415232471148425 -0.00857999118383746
0.134140384304637 -0.0177861181147339 0.0561632710693983 0.0135579492193222
0.137115938829705 -0.0180413218871925 0.069506393003811 0.0546242873676111
0.135431940563185 0.0518166650594132 0.0556474028065935 0.115733631884666
0.0916086487660141 0.123436399154411 -0.0128007453778471 0.16025783510759
0.00565714925011827 0.201409577177886 -0.129061580213633 0.116037456911576
-0.152215816875801 0.126436345215985 -0.166024593325652 0.0039627145571619
-0.213614113923918 -0.0448934930002572 -0.0347323247113838 -0.0648511072323672
-0.183058932542013 -0.16738823635122 0.0887733067574737 0.0925133827301697
-0.0524666797070061 -0.153063965763927 0.154092924267532 0.167053485506401
-0.138078100653004 -0.14454591091436 0.101278429895516 0.26037644118997
-0.182031324700001 -0.00426390017923936 0.170898474014942 0.193307240125017
-0.0985400074285593 0.149943648845791 0.193011461903797 0.0495391035258331
0.0245267265206717 0.143475979057406 0.132596273708156 -0.0270009249407651
0.087851354669292 0.0876595862260586 0.0913271376413195 -0.0262704284942082
0.114424822120816 0.0171872398511234 0.0952237443196876 0.00111264891065279
0.105697019700545 -0.0212919043450317 0.103698168260381 0.0116119880510967
0.109264550880397 -0.0220021255746957 0.115867629232447 0.0525858982641248
0.109266726574572 0.0322721163554509 0.0977870433276791 0.120476897899822
0.0792268782430671 0.0980377792743739 0.0201755259181788 0.175647539307005
0.000691070715640859 0.165852453556305 -0.106338583209642 0.13635114582676
-0.134971169009727 0.0899447454058767 -0.147851120680505 0.0283538421912864
-0.164500469639618 -0.059616194033438 -0.0217381859875569 -0.0395464373058276
-0.108440482438521 -0.148205440735744 0.115272228841435 0.142172838094866
0.023383837303488 -0.0823396168530171 0.168734058063266 0.224861026104596
-0.0476450181544712 -0.0987577984153929 0.111733795671288 0.270441519199383
-0.0946097784169117 -0.0190858653075289 0.145706371384735 0.20534085235593
-0.0512882817803646 0.0794121878740796 0.174226815489327 0.0845927493718324
0.0166970274452964 0.0734343994660176 0.143311626921181 0.0123800686422856
0.0477830045619984 0.0413247590534501 0.124900449886859 -0.00703943491005863
0.0620049400612276 0.00288351956756916 0.130050691009881 0.000502547176967372
0.0607095357675339 -0.0226587777766626 0.13475124175442 0.00790873841296984
0.066861180657886 -0.022391373990557 0.146697577698897 0.0497328668394381
0.0725717664592253 0.0111430320145157 0.125068526896719 0.126359093010003
0.0602424679728496 0.0648377915991467 0.0402924870921122 0.191049897558123
-0.00464653198416243 0.115717468226396 -0.0959374477565926 0.153419891676489
-0.104791140158752 0.0448616494504881 -0.139040081073364 0.0461635340592737
-0.0999420236996177 -0.0661419871284128 -0.0199410140227042 -0.0220135062019469
-0.0196677262131939 -0.110167263497234 0.119174625306084 0.174167875933969
-0.0460890901011903 0.0551585147129239 -0.170688537196056 -0.174647395746675
0.0371796357148893 0.048007119193243 -0.0216625347685748 0.0563051570038978
0.0507108570234375 -0.022225540408617 0.171145430232759 -0.0390350427656484
-0.00949747804567249 -0.052887967292581 0.122593560291467 -0.197498396276982
-0.0358662283907585 -0.0110238862172256 -0.0576979027557274 -0.249227642034441
-0.0164538732454189 0.0104423601936503 -0.173478317199798 -0.148108790869095
-0.0107674443075789 0.0109754753719569 -0.183747812207152 -0.0388142181197193
-0.00781143028144522 0.0157292658473817 -0.166596138980226 0.00986520044185715
0.00228469607757866 0.00493387672327785 -0.155131528865896 0.0299751616130893
0.00668028495434143 0.00692780609146805 -0.156328387060964 0.0270579043070521
-0.003825323047878 0.00126999884248502 -0.168971439205974 -0.0060650652683437
0.0140863222254856 -0.000416590437698598 -0.192657672588678 -0.08662363928754
0.0115047242192481 0.0347014528465523 -0.159795617737622 -0.192896161486881
-0.0484232931503054 0.0564317069040453 -0.0977509050185595 -0.273402540053439
-0.0927563004126828 0.0183468321056012 -0.165519626768506 -0.24209686662361
-0.125812779518565 -0.00759338589260473 -0.135572331945875 -0.191305046178701
-0.0560562576212449 0.0373776493951442 -0.0111872871143219 0.0601646209634093
-0.0104012965768649 0.034290398702563 0.191534406158409 -0.0326029308674932
-0.00630556929660131 0.0274419063596599 0.143308721481215 -0.207642933106725
0.000658514463861476 0.0401837822905714 -0.047022126306468 -0.259364768796325
0.0343212503250792 0.0361713319671476 -0.166172389817017 -0.14857283313423
0.0477961070646191 0.00807626773449029 -0.172649560397744 -0.0363279825747596
0.0482971255023417 0.0067907894246303 -0.151179837135021 0.0132851479776171
0.065256708096964 0.00761374253201123 -0.137755559576265 0.0420891746009511
0.0654471464852375 0.0514925618820903 -0.14341866415154 0.0490344188759689
0.020254699485505 0.0769597487434462 -0.168014871199446 0.0215306602817106
-0.019794889674199 0.0921345768402373 -0.203785314929359 -0.0606584056517452
-0.0831455573582962 0.0671539851612107 -0.176580379961977 -0.167273408068931
-0.148432046279745 0.00581774223325451 -0.0971952640881583 -0.228019114646953
-0.178330377473342 -0.0662522888829558 -0.134184931158923 -0.190592254843161
-0.183657040739119 -0.0811133245690924 -0.0783143508253194 -0.173467438999824
-0.151313834075335 0.00456339803722545 0.0116742049342957 0.0849897397578961
-0.0886073566788039 0.0809029171247205 0.221063351666376 -0.00482664804006085
-0.0157317211689537 0.115380294938877 0.178892353176051 -0.200372488756309
0.0364178647858431 0.099061184009834 -0.0154281717854565 -0.260069187525052
0.0833820438420248 0.0659570431561736 -0.138293027080152 -0.146815472036853
0.103690815005509 0.00841649116509285 -0.139577076973405 -0.0341000222926078
0.0981416890240618 -0.00350663908368728 -0.113807768529283 0.014142239297294
0.116024526103525 0.00182267257135146 -0.0977827325966108 0.0526601251531679
0.117073448401056 0.0737486286995944 -0.105291030979158 0.0774902854490649
0.0570632176602879 0.127435905036256 -0.146099820575231 0.0697708207917393
-0.0177572668627152 0.171397501958681 -0.209729219573792 -0.00709951130195681
-0.140978344343115 0.115692165265416 -0.198462781190954 -0.122899207035503
-0.223003127138837 -0.0127420522137641 -0.0936536209409487 -0.179285245876487
-0.241765127818371 -0.123641016291943 -0.0814375407405477 -0.117931122243194
-0.207484543302214 -0.149183550425421 -0.00523878254747775 -0.115864380604555
-0.22608324277246 -0.0474982145758093 0.0434189666799408 0.127569385292288
-0.169888579077306 0.101558826090922 0.242907704705094 0.0439601103286054
-0.0413450518938174 0.191068900578322 0.215859266459384 -0.163785656201493
0.060404464191183 0.154794948747381 0.0309068975624801 -0.235860750190109
0.121646792073215 0.0952253484132414 -0.0899752813728567 -0.134835682631647
0.145663033200727 0.0127448659025859 -0.0872442447790436 -0.0301056949728384
0.13289974320288 -0.0140876618219305 -0.0605423999542466 0.0142124954459619
0.146453282001963 -0.0100150809679583 -0.0424140755165208 0.0577721961064226
0.150738377392482 0.0743536074392308 -0.0497726383075778 0.101125666476365
0.0917299211677573 0.146164117541455 -0.103294555573457 0.117612413491549
0.00496026477290509 0.218637276931619 -0.194264302188615 0.0539605227216834
-0.161466854263794 0.155171744364776 -0.206863978551659 -0.0683395814030075
-0.259419886883102 -0.0125961735350183 -0.0820399307527958 -0.13494767254095
-0.270534859798911 -0.153192865337158 -0.0168492078015701 -0.0426679681343789
-0.191088139894551 -0.19286252710769 0.0693521347858516 -0.0272057308239631
-0.255260118777653 -0.106689745598314 0.0777375889255795 0.179939274371451
-0.229688021006678 0.0854354488769906 0.245577285499725 0.103575750086462
-0.0797158079471519 0.229757567466364 0.235513011189305 -0.0986792721277035
0.0637511145193366 0.1918627203395 0.079881649464794 -0.181633814972359
0.138506900427439 0.114833660694022 -0.0257213932278279 -0.108175285609669
0.165927820738849 0.0167895520595133 -0.0220485911188202 -0.021797304322766
0.147373997361988 -0.0216702339304485 0.000778264814369613 0.0125840812185726
0.154741777486802 -0.0215494274351087 0.0192243543400818 0.0573614084480612
0.160045597871267 0.0628038218976991 0.0108919099652315 0.113523794682144
0.108566896801937 0.142141755305909 -0.0509474499862646 0.151107787662443
0.0206826264477741 0.229585794845091 -0.16249753023523 0.101192288267111
-0.161068725924414 0.164706427388994 -0.196250999160348 -0.0187701084340432
-0.258843711896334 -0.0178511024738955 -0.0622719969743886 -0.0977319847288023
-0.256437348234785 -0.16585223127936 0.0481098975769751 0.0278201966354855
-0.140392254770492 -0.196811347715734 0.132096579449858 0.0744117187643259
-0.228306438373015 -0.146685382652969 0.105091764834339 0.231471838106077
-0.240031730403869 0.0452090164768937 0.224745856772682 0.156618742286224
-0.103960522957467 0.217527995412822 0.229016345156761 -0.0231828950822251
0.051887919876454 0.192121875322641 0.116557559882746 -0.107053563612967
0.129959339288519 0.113736041866831 0.0400075169909499 -0.0697103235227978
0.158000586940536 0.0168243221853727 0.045327717735936 -0.0127921510973498
0.139573231417024 -0.0278274867254891 0.0613471095898139 0.00949164568084264
0.143060642305394 -0.029086131552786 0.0781996071311912 0.0525886436101815
0.147198596782754 0.0455898535178992 0.0675368677062854 0.117855864438403
0.105611051992679 0.124349762546073 -0.00270382787492079 0.171148123277947
0.0211841917043466 0.212015323513125 -0.12803235794104 0.131438121918377
-0.152918615681817 0.144339107851635 -0.174380053590704 0.0173652991257133
-0.228492555820815 -0.033184348296412 -0.0421885745643561 -0.0664899598096959
-0.203554150489811 -0.164706837780223 0.100597782989304 0.0893639530515326
-0.0662202372632813 -0.158177797637961 0.173969645305397 0.167542317290259
-0.155950279984062 -0.143282405451002 0.124551937567489 0.268198718139244
-0.192013454460712 0.00736550526417731 0.192544045597026 0.192652439341494
-0.0923972829144135 0.164164188550163 0.206302061134917 0.0391020641959842
0.0366164322562999 0.14992627269147 0.137873313146132 -0.0379349913286803
0.0998056605164356 0.0867603957772223 0.095471371679886 -0.0331888854364786
0.121938336119506 0.0100434174935123 0.102991190130853 -0.00694058168359443
0.108797702202604 -0.0295913532198355 0.111560286814076 0.00384278667024511
0.112297887046185 -0.0315165498468824 0.127265293565612 0.0469046864386886
0.11827597452919 0.0265567224658583 0.112391249819994 0.120473109943481
0.0904767432287018 0.0977940446795788 0.0338203362709591 0.184956320201442
0.013460792462979 0.174812823293004 -0.102230940309197 0.151117032225512
-0.13703031498238 0.104539574808349 -0.154032160443211 0.0420272946102581
-0.177334091455688 -0.0522064958122109 -0.0267382806670558 -0.0408085561370668
-0.123665267276962 -0.149351181212916 0.132458076125536 0.140233320573332
0.0188564879609524 -0.0878714836859093 0.193247696574795 0.227530061525873
-0.0568040098713138 -0.100261019556158 0.13590564988594 0.277605306551015
-0.100619529848248 -0.013776401121713 0.166466734025134 0.207550700102854
-0.046841114310224 0.0862031183639366 0.188851190250235 0.0782029215028388
0.0230435280677815 0.0765485780465336 0.152826459542373 0.00358543664874082
0.0537200860059019 0.0399761419682671 0.133174303846025 -0.0157472097301939
0.0649689253217061 -0.0014606267042744 0.139378551434072 -0.00972801563659515
0.0607708758101491 -0.0277319311635838 0.143720533738208 -0.00260189441619714
0.0670367814586236 -0.0289095230745877 0.159468961132857 0.0414212790736699
0.0776055247936157 0.0067228325735895 0.141644955003299 0.124395815667744
0.0683118665499649 0.0636217721925636 0.0557530297557004 0.199501006879772
0.0038824969779011 0.121549415616018 -0.091190705872358 0.169027840187604
-0.10761183482539 0.0550890336237143 -0.143792719037981 0.0589693368996326
-0.108806913485922 -0.063194182543933 -0.0234865902728245 -0.0222640511268713
-0.0279937538579146 -0.115030233033823 0.138212547644801 0.173785988071328
-0.0427252510234844 0.0579561122395031 -0.187285308833953 -0.16462974426399
0.0419598282324129 0.0465273464487375 -0.017791510352287 0.0598991554894392
0.0496144428257575 -0.0262743986316182 0.173672695628483 -0.0531044267074789
-0.0147344005319139 -0.0531692357474361 0.111884021571095 -0.212470186990296
-0.0366820220967744 -0.00888565364909022 -0.0796133623788631 -0.252013375387685
-0.0153341903097515 0.011667909724585 -0.190987066106885 -0.139060934932153
-0.00950118852634735 0.0112957160636519 -0.19160801393587 -0.0263141756325856
-0.00541141777047888 0.0166697840187158 -0.171030050781672 0.0241112468995931
0.0033831755167413 0.00467833825588921 -0.157843830127837 0.0440078243984665
0.0083219808175096 0.00656046797105383 -0.159790110841713 0.039397009000717
-0.00422687285292893 0.00276511831786692 -0.173755035167737 0.00613095018068858
0.0136112097632886 -0.00053936469097181 -0.20356661612544 -0.0741112021864518
0.0137873439193637 0.0342413089171601 -0.177162843484591 -0.186570146199179
-0.0453347024328742 0.0612220419054459 -0.120651037302317 -0.27528835845658
-0.0922982743875663 0.0232250274220199 -0.190292683775323 -0.237774839913065
-0.129206386125314 -0.000277596226119215 -0.153239125262189 -0.184002791011988
-0.055234506764716 0.0420559556630059 -0.00694378527419361 0.0638762494660497
-0.00849855680103818 0.0366518399473091 0.194881434994322 -0.0479692456832596
-0.00453047119527623 0.0287201113746665 0.132110113006199 -0.224040133710262
0.00529911890630421 0.0410155542760961 -0.0690301551604932 -0.264462961262672
0.0393135374218935 0.0339197893511199 -0.182981341490134 -0.140698026913329
0.0501165412123466 0.00362290863651206 -0.179615346636173 -0.0246271210371915
0.0512334117179055 0.00303485928036051 -0.154936526704184 0.0256131701254935
0.0685867958215128 0.00231006751827236 -0.139062070867244 0.054665456397505
0.0730507383896787 0.047714334851987 -0.144476122506084 0.0610568615721675
0.0266060003080994 0.0787323308334444 -0.170943407901463 0.0343699584343086
-0.0139483835258634 0.0967705760326149 -0.212156819213251 -0.0464410674361349
-0.0808085916005829 0.0752936348383132 -0.192048250084082 -0.157850844798096
-0.152333722982441 0.0165070476883057 -0.117474650451327 -0.228103953875711
-0.186295981285274 -0.056400230111515 -0.154087641536453 -0.186400257501461
-0.194008682973915 -0.0702385763628076 -0.0931645404687028 -0.170408099468126
-0.155579480709307 0.0154010930002864 0.0176261102937337 0.0874008060081549
-0.0844843835513673 0.0895951755645216 0.227007277143978 -0.0213040234265039
-0.0064229196906397 0.118884646590961 0.168386606900315 -0.219021357941146
0.0467325914698226 0.098545917511225 -0.0368024573878517 -0.2673132533534
0.0928029379012459 0.0612666748146011 -0.153594919167337 -0.140954916352884
0.107562267690049 0.000308878175086397 -0.145183837727122 -0.024733959973002
0.100755686457899 -0.0113345482326854 -0.116057661218705 0.0237488179319062
0.11975169917978 -0.00790000524035453 -0.0964004980738098 0.0622889333304315
0.128256457326447 0.0670190911311601 -0.102527967917315 0.0879467344762718
0.068966021378647 0.127331006155504 -0.1454159906212 0.0831114972549964
-0.00474427637915859 0.178081187578861 -0.214867389074895 0.00862967360987693
-0.136827323952412 0.129659388425602 -0.211595983940184 -0.109832254791814
-0.230428165191302 0.00368160079443376 -0.110707734153018 -0.17846079674206
-0.256012059807142 -0.110343457388935 -0.0940248855311886 -0.116666134667842
-0.223766858429958 -0.13736851771291 -0.0145836165843605 -0.116904962646231
-0.236596071541275 -0.0323157746709928 0.0534249452019355 0.128399405889594
-0.166379001194761 0.117114963175195 0.251933336064673 0.0268857334223245
-0.0271156831037827 0.198429657270574 0.20825240969648 -0.183992788425138
0.0758244875909791 0.154642840143362 0.0110706240950282 -0.245924931868055
0.134499402866655 0.0887637480247961 -0.102216255929723 -0.131842325317149
0.151356614694593 0.000981546874364349 -0.0906523883426071 -0.0248074844215168
0.135339332413653 -0.0247843450172689 -0.0610560593609767 0.0192080147760698
0.149761789101097 -0.0221202338106178 -0.0383830251313957 0.0630784025401917
0.162840820781184 0.0649358563915291 -0.0438059291636855 0.10744952037675
0.106171402506232 0.143848857941869 -0.0969830643897154 0.129164657274214
0.0225413512355189 0.224148628653737 -0.194323704894997 0.0699161776153207
-0.154341673508591 0.17272811947593 -0.216302189315338 -0.0528196009009207
-0.267960605424656 0.00623095478743752 -0.0953491835664501 -0.133135810421662
-0.287309921033348 -0.138757064179913 -0.0218094813498591 -0.044670504176225
-0.210394683178374 -0.183283312345179 0.0682938694426942 -0.0319115818908561
-0.271320656164003 -0.0905546817319469 0.0917081966630978 0.179076203903403
-0.228760113172042 0.105103621432919 0.258443299330959 0.0879964800540774
-0.0626308974095082 0.241130970295581 0.233347824051026 -0.118328416159516
0.0825025483125956 0.192610327563289 0.065760752324816 -0.193858570108483
0.15268856953775 0.107297568867398 -0.0345312098066418 -0.109132455039667
0.172401380722013 0.00374678072557833 -0.0231770186477016 -0.0221971361209862
0.149463410897773 -0.0339279432157283 0.00232365855156022 0.0117447548784338
0.157306592063151 -0.0350446772201787 0.0249124519206303 0.0572307969701038
0.170956513069743 0.0518086633420186 0.0202150493015007 0.114939961901124
0.123098930011143 0.138890800475881 -0.0405622125632826 0.15973143809249
0.0401567911868622 0.234005733580909 -0.15835079306876 0.11586121285702
-0.154032940743341 0.181947279604237 -0.201518273259641 -0.00257852573947418
-0.267327266116042 0.000113900576081714 -0.0730981032821584 -0.0959735417530729
-0.273211585078365 -0.152092034079693 0.0504039057276284 0.0224085808176411
-0.158717200612169 -0.191124530536034 0.140480495416028 0.0677171987196238
-0.246219489879576 -0.133520892078929 0.124286854659648 0.228985445856354
-0.242384124880266 0.0639537558506659 0.24066572966395 0.144039890744269
-0.0886100439519536 0.230389363750676 0.23201065312205 -0.0408542175816094
0.0696353975040767 0.193504616530572 0.109700255420514 -0.119965752211517
0.144219267743559 0.107074861810766 0.036124076884075 -0.0749467574556427
0.163976868901623 0.00491672644465023 0.047015710930368 -0.017851109064058
0.140143498328371 -0.0388553889760478 0.0644536408281232 0.00289596294262132
0.143599487144376 -0.0419299729458317 0.0851606256746816 0.0476181440352058
0.155698531374843 0.0353266743611086 0.0787873340118282 0.115172314625365
0.118528288010369 0.120104197388032 0.0108170336679265 0.176496474626213
0.0402833347668964 0.215899632529749 -0.120127185446527 0.144310120809745
-0.146185784606511 0.160478111604484 -0.176976050234378 0.0331311435679516
-0.23711470163437 -0.0171321910298947 -0.0493502994795822 -0.0653960580759753
-0.220354537931131 -0.154671261397202 0.109520707460026 0.0819956748340448
-0.0799423218349292 -0.156860726342254 0.190530445879075 0.159957464730313
-0.171120738507289 -0.135255624423131 0.146720098491009 0.265218625119585
-0.19581992051726 0.0219474885442296 0.210068400040116 0.183248939811539
-0.0798134633758854 0.174088038856339 0.213484869918529 0.026118718651476
0.0504194459471231 0.151551293076969 0.13839933015466 -0.0495425555231885
0.110545089518591 0.0817295421217932 0.0968608946022808 -0.0415772372080582
0.12602142460472 0.000654551078788098 0.107461007151953 -0.0169209622940181
0.108123851650536 -0.0385990639751033 0.115588741535076 -0.00671045296584316
0.111378991728984 -0.0413989114950707 0.135233084738903 0.037445866724641
0.123383513681484 0.0183300988752736 0.125205067221239 0.114310295987586
0.0998152529682684 0.0934377937440778 0.0495006909126247 0.188526931708728
0.0282645492322371 0.177535091373599 -0.0929774970408664 0.162787228664861
-0.13265895163456 0.118432029669164 -0.153655173648993 0.0556983322270769
-0.186114523056873 -0.0403854492885559 -0.0310966285182913 -0.0398946386088844
-0.137148322695935 -0.14386926712195 0.14679165025967 0.131415469308706
0.0126013135860232 -0.0912104635925135 0.2150698673652 0.219962425785707
-0.0654011391587517 -0.0980620814004209 0.15952562321711 0.274861964673623
-0.103970585272336 -0.00656146344977423 0.184939675220036 0.201784303014647
-0.0404318544669227 0.0903624927003772 0.198344316681736 0.0659478293928529
0.030634569434936 0.0768549736394321 0.157046184875509 -0.00750095048042365
0.0584732842630366 0.037198356230692 0.136832239237649 -0.0262980460969085
0.0662622098204687 -0.00632570375459161 0.144305389590553 -0.0226320022989106
0.058405301721212 -0.0326647702777241 0.148153280364539 -0.0155314238287219
0.0647187558859443 -0.0348561787190008 0.168006711713374 0.029225407019498
0.079567539544425 0.00097355620980941 0.156227785690055 0.116412680913192
0.0745276500674114 0.0592727011311918 0.0728679511164176 0.201385348350748
0.014116766320369 0.123089357771668 -0.0801894035687795 0.180598118414991
-0.105998280073277 0.0647960976662864 -0.142486026980747 0.0723308853461009
-0.115316132259825 -0.0572226533758902 -0.026595069515945 -0.0213486640757305
-0.0372819173971502 -0.115712344360651 0.155435983389296 0.165549679125913
-0.0394964866328386 0.0582249901313843 -0.19683387877117 -0.153341544313928
0.0441566669667528 0.043732693766708 -0.0147390447291011 0.0622687193391205
0.0479193886083066 -0.0282453337505723 0.171634167419866 -0.0629896679204356
-0.0185767218067278 -0.0519913623583428 0.101484038302574 -0.220664017860613
-0.036909298112194 -0.00746668166877046 -0.0962997262740213 -0.24927657458359
-0.0142006037235538 0.0113971294406509 -0.201978585989143 -0.128872169976763
-0.00896073473911906 0.0113466263813632 -0.194426999848956 -0.0153633306916139
-0.00311773841517938 0.0164804811246086 -0.171417239084761 0.0355416607977645
0.00459798990801415 0.00421671858304475 -0.157050604929267 0.0542042585070467
0.00958166449961772 0.00585706472352457 -0.159416579430096 0.0488653039352845
-0.00404010791794471 0.00457295755868859 -0.174097526930152 0.0147195362458918
0.0126791065448968 -0.000454659044088906 -0.207286004419216 -0.0626384645224378
0.0146335248714167 0.0330716297377767 -0.185786352789337 -0.177851389932155
-0.042020127846484 0.0637867815943031 -0.1376415956031 -0.271444926584149
-0.0902060551860014 0.0263537046900422 -0.205231120702933 -0.229031759539013
-0.129462870472951 0.00547912244141735 -0.164188054040733 -0.174768968336889
-0.0536943495258502 0.0448762876789806 -0.00365938321042053 0.0651842620403625
-0.00607064752555558 0.0378634741550717 0.193547017814477 -0.059231178318135
-0.00266312537601813 0.0290479554235156 0.120574853704957 -0.232686770000602
0.00902837874060083 0.0403449909154758 -0.0865038897301705 -0.262445802045771
0.0428911368715865 0.0311059058491876 -0.192875700968441 -0.131429554261492
0.0513727003636847 0.000333915662567848 -0.181953228128617 -0.0148602184494854
0.0527144021135647 -6.04933880506879E-06 -0.1541428835837 0.0359059160223874
0.0696555359736773 -0.00256958684670917 -0.137005742239371 0.0639736506043149
0.0780538788163617 0.0431796838206915 -0.142828167110651 0.0695388027390444
0.0320017215747771 0.0793055129851142 -0.170256444646064 0.0438357971658162
-0.00859071504602872 0.0994156482222503 -0.215093500656394 -0.0342227880716216
-0.0783862973287002 0.0796763469048724 -0.200029413925386 -0.147704828147501
-0.151945376959958 0.0245758362461298 -0.131804940487385 -0.224698308025932
-0.188713803480451 -0.0487420993186796 -0.16647274408578 -0.179449785662779
-0.198095877730819 -0.0599023060606381 -0.103592862198465 -0.1644620266597
-0.156078772826526 0.023969455777792 0.0221214477822271 0.0879468662405683
-0.0787532113562313 0.0955220995092382 0.2261923453628 -0.0337593759344567
0.00103730100920016 0.119535936342446 0.156923899298729 -0.229617199327451
0.0542109280150686 0.096120342880347 -0.0550111888626025 -0.267458863152269
0.0988237397233266 0.0557006015517319 -0.163070348952028 -0.132799069759421
0.108691717817529 -0.00683740112198294 -0.14697026365202 -0.0172742976783535
0.101340506325499 -0.017601751619011 -0.115496836992344 0.0305590328868778
0.12009323171982 -0.0159717646617628 -0.0934100839114429 0.069221545736322
0.135117647435541 0.0588696063699531 -0.098595034323034 0.0940443225523926
0.0775002168238879 0.125426808418749 -0.141610625246794 0.0920720021172284
0.00597761147844924 0.180201301400083 -0.21396040640873 0.0213125312733722
-0.131413494146903 0.137703010926561 -0.217053940095423 -0.097314974466282
-0.232192246660826 0.0157409460092185 -0.123023606563554 -0.174050862784655
-0.261460939708085 -0.0989854055446404 -0.10298964573178 -0.113739588188929
-0.231408142843915 -0.124871994269061 -0.0216624753403833 -0.115416502929435
-0.240340906806262 -0.0198867736978298 0.0595189283351162 0.126247470187741
-0.160035582998577 0.127277392594825 0.253543266665788 0.0132175861529914
-0.0148282094351283 0.200423072226495 0.198225368209096 -0.195761573538186
0.0873744138964975 0.150532602560761 -0.00543489422320205 -0.24885012811498
0.142692847702155 0.0810395331871015 -0.110880466877208 -0.12691252997474
0.152651519948978 -0.00883818504381747 -0.0919628386118899 -0.0205159858395352
0.134835411007558 -0.0327877166049728 -0.05979395607435 0.0215443984823537
0.148692718048775 -0.032170129214156 -0.0349739882557822 0.0663071473376287
0.169394187573064 0.0546298136356212 -0.0376956154291087 0.110319409007175
0.116415062711458 0.139469490507246 -0.0901402689900832 0.136011818753473
0.0370549444154791 0.22451009039626 -0.190512884848666 0.081492400728609
-0.146327108530277 0.182212716505395 -0.218581020329693 -0.0388833956795127
-0.269941915394523 0.0204495897690521 -0.10461870515852 -0.129075788203928
-0.29465441154126 -0.125331518896279 -0.0258795298167576 -0.045724731216782
-0.221382582856158 -0.171134801664462 0.0660128539466576 -0.0350228428957261
-0.278654123850256 -0.0763743837484727 0.101109676698421 0.174970058206244
-0.223369805293153 0.118151924805812 0.262946244803251 0.0746172434547644
-0.048149186961201 0.244768536844197 0.226373699759426 -0.131646087194854
0.0963739169743374 0.188639231754623 0.0523799076597476 -0.199323971467896
0.16273166339659 0.0992296655307579 -0.0410642109167902 -0.107692957869281
0.174247403551428 -0.0069700314073548 -0.023260989077887 -0.0226265363563071
0.148083463272714 -0.0423011091180555 0.00336528061698709 0.0100972776649783
0.154935872156243 -0.0448864005699755 0.0292245469264697 0.0559721909591333
0.176840841547649 0.0413085904035357 0.0272419959528968 0.113906274640811
0.132791784833296 0.133072950617307 -0.0308965627248626 0.164048461838455
0.0559572620434945 0.232387936104353 -0.151965885431085 0.125507462793776
-0.144742736478481 0.192635077726741 -0.200748658225973 0.0104400882158036
-0.269129505122857 0.0152310204148805 -0.0799587860068332 -0.0927173758014652
-0.281842398031041 -0.13900489970417 0.0511989684981071 0.0176833835924659
-0.169719273039613 -0.182152181217611 0.144108622953863 0.0612697696172073
-0.255453552225332 -0.120435357401144 0.13627321057414 0.222929605732315
-0.239320892860741 0.0769592714164494 0.248237044309472 0.131556794336734
-0.0745830186508841 0.234842150802296 0.229118903302477 -0.0537571398714476
0.0837252096746086 0.190677890809345 0.101632231684284 -0.126993341365185
0.153244128848207 0.0994497444536681 0.0330226281889096 -0.077303072028504
0.165381097068465 -0.00531197871876621 0.048050868256138 -0.022518256033587
0.137979185365883 -0.0467672200277854 0.0654191767824557 -0.002739316928657
0.140449194056192 -0.0507372795985681 0.0892641791618369 0.0420880974102803
0.15984451843854 0.0254178401020279 0.0859889274863823 0.110982722067865
0.126798349525556 0.114317612621828 0.0214944497800287 0.177908354526133
0.0549483531988043 0.21347585291543 -0.112684039936939 0.151879497106791
-0.138459209156602 0.170173256882401 -0.173612422774363 0.0447122354267288
-0.239655557433312 -0.00440310883358398 -0.0543952364969718 -0.0628985790669443
-0.22905315729931 -0.143437463537179 0.114219846683059 0.0734019242912687
-0.0886680207877427 -0.152217701232768 0.198876095847271 0.151292452218566
-0.180010909498028 -0.126244397522883 0.160717075073768 0.258472234402214
-0.195685692262257 0.0329907537811718 0.219041764264058 0.173256933475083
-0.0698147496019233 0.177889967761982 0.214536087468302 0.0141059435484277
0.0612583702983956 0.149368038485457 0.135125256272651 -0.0579808699096844
0.117403810468615 0.0756538991739778 0.0961132024437671 -0.0470039578398922
0.126700296764669 -0.0069672172182139 0.108727624702599 -0.0252922264509211
0.105177368907409 -0.0441199124880164 0.116949133903753 -0.0160181189980128
0.107212801072406 -0.0478523194890208 0.138867720596941 0.0285788695705023
0.12524380805345 0.0105660662703451 0.133093423008564 0.10722049303618
0.106220442316982 0.0878584733119417 0.0607102199867033 0.187491101976723
0.0398761598837948 0.175686136204991 -0.0844935276672154 0.169176389315348
-0.126260734996173 0.127203493059101 -0.150435055078277 0.0662428723515505
-0.189021691780997 -0.0308681067590467 -0.0345958071793481 -0.0383603920288938
-0.14560033053421 -0.137772874894947 0.154574181533565 0.121366175427314
0.00727442074423308 -0.0917618992476511 0.227971682771491 0.209873599288268
-0.070915113895299 -0.0937743089763672 0.174901272999222 0.266250321691131
-0.104406985175491 -0.000813446164569158 0.195502761410595 0.19318211824215
-0.0343064295654613 0.0911507883599465 0.201597408882177 0.056323874056058
0.0364245468872443 0.0753213320231209 0.157268750525329 -0.0159247375600352
0.0612306290485364 0.0336820186061976 0.137671766997751 -0.0340836937180495
0.0655984954265581 -0.00995691269926665 0.145940798539537 -0.0339907263786407
0.0555324718102658 -0.0348320979903774 0.148548534331968 -0.0271690866886541
0.0611668313309643 -0.0380942346939231 0.171229958546803 0.017496594678804
0.0791569694276083 -0.00402806742655212 0.163625927568052 0.1074412593929
0.0777202394830041 0.054347677583276 0.0857696171360905 0.19940373442584
0.0218334654356463 0.121975031692972 -0.0704014448915847 0.186310302144278
-0.102661973798335 0.0715354186214973 -0.138522512241699 0.0816130859759706
-0.118194732082589 -0.0514322466705079 -0.0284582082029695 -0.0200757875857267
-0.0438968434834019 -0.113510751039192 0.165301779044377 0.15521037443748
-0.0435468518987381 0.0585249718238078 -0.191754917660153 -0.157400392485479
0.0437053390297889 0.045283647481359 -0.0154032280568548 0.0618583396755313
0.0484845759734978 -0.0282368261087628 0.172034883648341 -0.0602013499616672
-0.0196426806828525 -0.0516089154580725 0.105177113387609 -0.221019664844451
-0.0383947099399815 -0.00638757679505958 -0.0946271417663588 -0.249557784771206
-0.0147885907349795 0.0114932991990922 -0.200031642056705 -0.131054250065236
-0.0104054618536824 0.0106281614887294 -0.195847448629533 -0.0172578599206993
-0.00284931644874867 0.0163735767722761 -0.172568370275068 0.0369767544649564
0.00407459265343541 0.00470247007997232 -0.159963236539124 0.0560561996431528
0.0097884731942476 0.00643456606332894 -0.161080511072086 0.0490209963937867
-0.00542711169570226 0.00690852844278797 -0.175020239364195 0.0116683875722155
0.00810595417717803 0.000285509280282176 -0.204584417620376 -0.0657985175425475
0.0106650644585245 0.0302468877977045 -0.17966375234738 -0.181733044392043
-0.0440926943274738 0.0586543264175057 -0.133228578686326 -0.277732590615395
-0.0939015808358111 0.0237040857222281 -0.198903252439027 -0.238504215232199
-0.133430305242258 0.00143759729685487 -0.161792989261529 -0.174745598199523
-0.0558198377041079 0.042783479124491 -0.00418679704492405 0.0682752608133628
-0.00872354914029193 0.0365138501258677 0.195638696275245 -0.0530012845051629
-0.00618118566182366 0.0293365278044156 0.127275466228762 -0.230216949698801
0.00611677582053158 0.0430465518931786 -0.0822579486395037 -0.262595615548529
0.0427182476497697 0.0327824710664454 -0.189849619444673 -0.134414728040653
0.0506779897993789 0.000702435757801265 -0.181960751605609 -0.0182172894106851
0.0548267177224622 0.000770624388991189 -0.1550376882765 0.0363570471514162
0.0707667914302992 -0.00154634661995839 -0.138823293255075 0.0659050915513346
0.0802209169155269 0.0455498866901349 -0.14403262303076 0.0710927115562458
0.0315654085039371 0.0843845222917815 -0.1737182013597 0.0433276734358159
-0.0140343540145254 0.101227823505602 -0.217451362431267 -0.0350312551044121
-0.085024070079758 0.0767710685005199 -0.197653878923278 -0.152669074275092
-0.155822930270432 0.0180933684423181 -0.129001663754156 -0.23359658722617
-0.192847296398735 -0.0520684461496175 -0.160147280026539 -0.191714780949037
-0.20054002520577 -0.0689631849361945 -0.104648556314724 -0.160578797169536
-0.158914962461694 0.0167630517393424 0.0203522979750663 0.0949317237249551
-0.0846403151850095 0.0914291531969948 0.229806058222108 -0.0235703110408502
-0.00477401263819225 0.118831949090662 0.166295071021826 -0.223160556862491
0.0505216644839121 0.0997541485719923 -0.0482247953140528 -0.267360627156989
0.099507387721208 0.0589853661838561 -0.158271035818566 -0.136881377848211
0.109133211520665 -0.00496513075150507 -0.145308859695348 -0.0219157503001231
0.104915722648419 -0.0156395763648663 -0.114900873551806 0.0305103359574978
0.122179576028142 -0.0145641688261048 -0.0935123755583557 0.0714251505014948
0.139489407162212 0.0615378773244767 -0.0995474962968786 0.097231550477957
0.0781836100578248 0.132738306994938 -0.145599875987922 0.09505308332009
0.000917427573532241 0.183106111805993 -0.219630689796268 0.0242288418620521
-0.140164825063339 0.13668005017142 -0.218684715959689 -0.103120596306934
-0.237386817720494 0.00896781344898842 -0.121240922558118 -0.185328306330392
-0.264731090191696 -0.102154618616308 -0.0991224595012028 -0.126352505272857
-0.232131749161986 -0.137754984573967 -0.027353472546602 -0.108179090014624
-0.242130880337985 -0.0305911296794282 0.0560177108118724 0.137065710788048
-0.167256699158683 0.119592248593803 0.256532115223146 0.0279866357769573
-0.0221971954847041 0.197635822726842 0.208883516879737 -0.185934287299436
0.0818463126965496 0.155324792918185 0.00416428462654889 -0.248158122726749
0.14364806992747 0.0855440979618998 -0.103895323018806 -0.130377109301942
0.153868051377422 -0.00553120604453257 -0.0890074656852904 -0.0261100980424864
0.139385032258279 -0.0302209270629251 -0.0590876484156674 0.0204862785247095
0.151724079183569 -0.0310116559262945 -0.0333717149654492 0.0684962072977431
0.175076962645243 0.0575702236086099 -0.0376699784001334 0.114137094173873
0.118488801008874 0.147204047327717 -0.0945228684156834 0.141838291139634
0.0327400171199584 0.229237374170533 -0.197581107190625 0.0876705840077378
-0.155880941976534 0.182721466311903 -0.223308996167181 -0.0436726630064876
-0.275704953471438 0.0143033573365412 -0.104539344381686 -0.140445585064023
-0.297117032643325 -0.128334257010228 -0.0234415244722276 -0.0572862125680764
-0.219434226311972 -0.185728375954316 0.0566818324933766 -0.025221094132675
-0.279144213799996 -0.0906686630614424 0.093894351022869 0.187799759626047
-0.230981634924938 0.107144547505147 0.26308071312256 0.0923753875656476
-0.0562312947299406 0.240325266958552 0.235612282854949 -0.117751798018589
0.089737277961223 0.192776178791917 0.0627959554443226 -0.197189892762268
0.163216960197714 0.103793690256316 -0.0335678456510642 -0.110140195339309
0.176399392492828 -0.00289576963855926 -0.0189721976839724 -0.027971553323577
0.153050024093387 -0.039926506243656 0.00489151628474015 0.00785563094230232
0.158408494699874 -0.0437801244980462 0.0310071016302951 0.0581137675750703
0.182617180666275 0.0437405217236065 0.0284811594123066 0.117915195064362
0.135860944985492 0.140051293372884 -0.0349513739413303 0.171030307632491
0.0530971044503654 0.237218058205867 -0.159657011430892 0.133438428615428
-0.153261210264902 0.193394558567657 -0.206745644188438 0.00637450833082073
-0.274996000893256 0.00977947783959254 -0.0805323087151927 -0.102453904738423
-0.283365094569275 -0.141347880583239 0.0518047580714183 0.00816648161502276
-0.165508603301427 -0.196225882459099 0.132686326812983 0.0718322451201451
-0.253649247380869 -0.135349543730998 0.1266326548999 0.236351003083705
-0.24544650047351 0.0654371440141159 0.243966388912333 0.149908571323148
-0.0817481069960752 0.229295747442894 0.235682019190076 -0.0389972300860339
0.0775822897873553 0.19307652086973 0.110863008470405 -0.123482888349022
0.154289102525173 0.103073159964888 0.0396489271675854 -0.078226726948245
0.168282097796952 -0.00151216507249297 0.0527396327073062 -0.0275496600737285
0.142664239594479 -0.0440089556483724 0.0674015440985852 -0.00530381236648651
0.14326733609554 -0.0496173652866174 0.0919556976321848 0.0436747475509159
0.16478659551511 0.0274234139548069 0.0881016924441771 0.114013359733011
0.130066565647145 0.119963352940699 0.0189383383089381 0.185494994464257
0.0522291963173101 0.21760058994425 -0.120069329856087 0.160296942111837
-0.145347456584779 0.171822752138569 -0.180836806264515 0.0408646129090822
-0.244023769111352 -0.00879568910714792 -0.0545864869556706 -0.0710696924337069
-0.228962159783701 -0.145433122682917 0.113581586794096 0.0672418177848997
-0.0836198307026268 -0.162727200751207 0.188705966143036 0.161665645779093
-0.176318518172553 -0.138352134526903 0.15035226390671 0.269704924640248
-0.197848061201756 0.0217894801810954 0.21263149626321 0.188714174133614
-0.0751159526245581 0.171927314883103 0.217191115099156 0.0270810235327259
0.0566725641844812 0.150236652755333 0.142276307269107 -0.0540379603700093
0.117235095986338 0.0779069247773515 0.10154101728621 -0.0467788328155398
0.129037756313899 -0.00366216893648854 0.113070749755263 -0.0291453740488433
0.108543814679575 -0.0417512146170905 0.118834343093344 -0.0183125383981414
0.110095163087862 -0.0472807929672544 0.1417027941088 0.0292488019415306
0.129600691945871 0.0115118757580717 0.134721223279137 0.109297796028946
0.10907540114546 0.092382139897495 0.058745009486103 0.193792629252972
0.0384921840612814 0.179671266620042 -0.0915757471013872 0.176476011825138
-0.132304382691679 0.1280246516322 -0.156675689542278 0.062192649290652
-0.191427850297796 -0.0341168148362633 -0.0338266119896407 -0.0449694770587021
-0.144849630655744 -0.138279242070068 0.153441934443744 0.118341729583016
0.0123240923015489 -0.0966754875844395 0.2191089387792 0.217893169653653
-0.0667661171661512 -0.100856392305864 0.164371184987812 0.275004561918893
-0.104123738697076 -0.00813838137457853 0.187775387277169 0.203582285429625
-0.0367597190175674 0.086213146400569 0.202104165611644 0.0646249073518305
0.0336926822445261 0.0742144218407384 0.16138870653345 -0.0124901230784214
0.0607805246462539 0.0343047957122983 0.141103302795561 -0.0326423727566791
0.0672332205412073 -0.00812365031473222 0.1492170653868 -0.0366112570678595
0.0566847522539198 -0.0331371118068328 0.150218460015356 -0.0294871374710234
0.0624049296031656 -0.0374201105909424 0.173235919114476 0.0176392189105192
0.0812786227267716 -0.00384489900518796 0.165678765943954 0.108848406120402
0.0798418923083358 0.0572972667810874 0.0839400612555822 0.203981045345067
0.0208643489606772 0.125263211645716 -0.0768287679336582 0.191249587945141
-0.107310554557096 0.0721188470320948 -0.143593483087254 0.0770959210923346
-0.119247519979531 -0.0538625850106071 -0.0272775590912292 -0.0249086746040605
-0.0421202081683687 -0.113419928837518 0.163691722681888 0.15562829813458
-0.0442226767768191 0.0590672318166367 -0.199575920012736 -0.157955096767456
0.0447561464469069 0.0454591345457774 -0.0147987730900798 0.0654419440340502
0.0493689065277067 -0.0292459366267193 0.176848390561705 -0.0647605529845068
-0.0217745903157599 -0.0515733926028658 0.105351758658905 -0.229879912198577
-0.0400859466623108 -0.0055918713295819 -0.103386839672759 -0.255432012697208
-0.015235825450593 0.0113307949001672 -0.210479027438318 -0.131075422332496
-0.0104679202311549 0.0106083849401807 -0.202793718878546 -0.0140974004990082
-0.00182876850555509 0.0167301972598448 -0.177836269572689 0.0433909471191764
0.00510828620930911 0.0043770836002032 -0.164854570368266 0.062367333908465
0.0109279615377909 0.0063112249907859 -0.166833329490894 0.0534089050986008
-0.00497190964328624 0.00898777005688811 -0.180535776035995 0.013506700647691
0.00768446776597508 0.00105871560613149 -0.210183375623669 -0.0644080582917667
0.0101756630228728 0.0305141879561246 -0.18610725540193 -0.185640841117737
-0.0434659034089954 0.0601338103742178 -0.142055145847958 -0.285862336426952
-0.096379684160542 0.0236784333722046 -0.20982803360686 -0.243374994425472
-0.136375266839187 0.00255153906784912 -0.169202507939074 -0.175854068984949
-0.0578037996612996 0.0446481639685586 -0.00364254926679454 0.0718336354022049
-0.00788718335743064 0.0378969570953446 0.201356263175593 -0.0580709485060654
-0.00579266993920355 0.0312100983243996 0.128318791458928 -0.23896622931101
0.00772562936041579 0.0441003990968237 -0.0910064198799256 -0.268862589237845
0.0455406916039308 0.0322462218778486 -0.198931378161945 -0.135361243229274
0.0524409297985146 -0.000863926504929449 -0.187983550395967 -0.0156680362884599
0.0573652890997864 -0.000667356488939629 -0.159587203070335 0.0417377365659617
0.0732953413266936 -0.00375102231352613 -0.1417266886841 0.0721971284693826
0.0852309109477397 0.0449825589230595 -0.148630992581287 0.0766715582395113
0.0349019231815334 0.0881009448417261 -0.178334240444843 0.0473253048884378
-0.0125794191184127 0.105449573017396 -0.223738070810943 -0.0324926482622485
-0.0876999562731047 0.0803888393390655 -0.203905118209496 -0.154745971170923
-0.160457874180756 0.0199772028502527 -0.137028048254757 -0.240100481337366
-0.19829414777617 -0.0537478359942854 -0.169328953441132 -0.196229037282424
-0.206039081561462 -0.0684734762795535 -0.11104176998295 -0.162147297063377
-0.164260842756669 0.0198533234209799 0.0210432289837829 0.0985810082513202
-0.0848943419404572 0.095311785095552 0.235832488889174 -0.0268930959138087
-0.00228332884195235 0.122634890630156 0.168000512952157 -0.232041459216204
0.0548901127333849 0.101703611412339 -0.0560191311469402 -0.274163073712517
0.105112538767456 0.0579615907438678 -0.165311824282267 -0.138374032831704
0.112674977060589 -0.0075939128756506 -0.150019108389443 -0.020547457189118
0.108759427742287 -0.0182287196833525 -0.118762620411528 0.0333420841663192
0.126149137192709 -0.017845322360258 -0.0948138847820725 0.076268165365811
0.146715934812929 0.0603443094890573 -0.101463048951741 0.101826987849416
0.0844516380539486 0.136713353170351 -0.148399025572696 0.100690535804334
0.00437886149749924 0.189581132540404 -0.225383686085214 0.0283812402456395
-0.143155549811198 0.143503449123367 -0.22469709614458 -0.103194630700427
-0.244869146299538 0.0117637916321507 -0.128586252483765 -0.189714283133925
-0.273291749454913 -0.103889121310461 -0.104776326633789 -0.130079154689928
-0.238995310201661 -0.138114689768715 -0.0308825672207918 -0.109860408367715
-0.250757032021274 -0.0287808597700901 0.0576080950514514 0.141247622458552
-0.169543206203297 0.125569361359265 0.263166102879877 0.0259021273784161
-0.0190910035020376 0.20385132513991 0.211695370921183 -0.193257788170933
0.0886912716224552 0.157779082772433 -0.0027180624167044 -0.254802617837796
0.151515913286946 0.0844260056059957 -0.109735052034124 -0.132552372427715
0.159435364203747 -0.0091935213791056 -0.0915303659713385 -0.0262777006504925
0.143485050002605 -0.0339406882545504 -0.0612234914411949 0.0215565321684862
0.155860321273827 -0.0351414780463235 -0.0325125261512713 0.0715531823274887
0.183427312542407 0.0548513678167613 -0.0368625283907896 0.118199263490291
0.125903558085013 0.151064208573521 -0.0946917140879697 0.148483850972903
0.0387566922548932 0.235906949902122 -0.201978146890669 0.093476097149639
-0.158399654460411 0.19097839438382 -0.228776465613381 -0.0412297987988767
-0.285358885831226 0.018365680183684 -0.111042204893 -0.143039054103071
-0.30713251733915 -0.129369479675362 -0.0263967933991639 -0.060720736226631
-0.226598130148032 -0.187891580935937 0.0563394623051866 -0.0257943986843864
-0.289540886952665 -0.0890635421809763 0.0973291466382276 0.193035605533454
-0.235262999144659 0.113435221677895 0.270224973212984 0.0912244714337079
-0.0530648073702514 0.247857391094717 0.240007660548164 -0.123738377396626
0.0974035747922429 0.19588541471479 0.058962823187293 -0.203454560914541
0.172623522514231 0.103347306878698 -0.0361120695490146 -0.112682072946079
0.182968741313547 -0.0069799702470441 -0.0192315470793086 -0.0300083204876145
0.15670224504422 -0.0438709197046844 0.00464892072925965 0.00691320339488748
0.16191957423027 -0.0479668102174983 0.0338020033979553 0.0585664936249963
0.190136691364704 0.0408913376624958 0.0313108901008838 0.121046721412404
0.143601796041011 0.142712243167724 -0.0320593631709329 0.177502366028201
0.0602432637820442 0.243186927706134 -0.161790032744611 0.139565644097954
-0.155048092640167 0.202748109726098 -0.211695133542915 0.0102577346336784
-0.283894818061598 0.0135751671285941 -0.0850017402302051 -0.104355522545561
-0.292506116982607 -0.142889317550642 0.0525041994394204 0.00509643691916006
-0.171634731252305 -0.198462116865943 0.136106776481827 0.0735496904100298
-0.264467018888839 -0.135218982293673 0.131799455187812 0.241985065268807
-0.251029291955133 0.0710664628268745 0.251553685982835 0.151497213377964
-0.0799097512796423 0.236141798788305 0.240523497625126 -0.0424779633452126
0.0849018606715289 0.196824303952095 0.110072533783752 -0.128994224720596
0.162617884379644 0.102550284292791 0.0403884035604742 -0.0812666477685893
0.174413039487304 -0.00513869441845791 0.0548895066427751 -0.0315109676420658
0.145624478113703 -0.0477967908060967 0.0689398166397885 -0.00904370761508384
0.145617712829586 -0.0537511218130575 0.0959406322028777 0.0417603978407621
0.17101661720651 0.0245430035257065 0.0927175584060083 0.115745367062345
0.13666174186079 0.122119917560591 0.0232906590537237 0.191292507023753
0.0591721715928802 0.223108676075047 -0.121299025047607 0.167007179435826
-0.146915433087439 0.180100224605591 -0.184101006140768 0.0453034924199654
-0.2518086450701 -0.00568188970380723 -0.0576119321651072 -0.0721766051103098
-0.236961171697095 -0.146594267165495 0.11789688637146 0.0648322814821394
-0.0875864522811949 -0.165266314207957 0.195118345998723 0.164428583819608
-0.183600328468306 -0.139593564899056 0.156542731634881 0.27500902906709
-0.203292632208356 0.0252613509429651 0.220140343840353 0.192244257609123
-0.073936643431493 0.176638749488014 0.22266672454318 0.0250426826382622
0.0620798925086897 0.152667543082964 0.144849834542262 -0.0577079510420128
0.123648621119501 0.0772478895048407 0.105525976401852 -0.0501945605973865
0.133865172715877 -0.00678360313667894 0.117576859038336 -0.0349065874191941
0.110460022754781 -0.0443016287114515 0.121342741096252 -0.0235173891127634
0.111117272715698 -0.0497218476057902 0.146396832694243 0.0257857116730845
0.133398795001349 0.00933950864094265 0.141690877900419 0.110174790425805
0.113999120027936 0.0931993222741478 0.0648208204565622 0.199310025918053
0.0433263588393049 0.183039582989075 -0.0917486041424211 0.183521994217755
-0.133633217086232 0.134199807832756 -0.15934936081726 0.0668880233437511
-0.198059739160485 -0.0323223972914303 -0.035954508531567 -0.0455805062373633
-0.150122329666201 -0.13990025027268 0.160138196779341 0.116502381688284
0.0115274123958243 -0.0991128071849414 0.22762106273242 0.222335048284004
-0.069754818302256 -0.102381362612038 0.172134004937114 0.280820435293512
-0.107112238142054 -0.0064804245689216 0.195452701840697 0.208147606336317
-0.0362920528500661 0.0876827528621811 0.207998978095329 0.0643276362864372
0.0369648331000539 0.0747863684272358 0.166154107588917 -0.0158314724115777
0.0634295291577835 0.0336016111082595 0.146898787035205 -0.036489272773525
0.0692434158861562 -0.00966191845301356 0.154247423562252 -0.0426096035773417
0.0568104582778861 -0.0341606227916964 0.153846156369745 -0.0351667684509244
0.0618538221473193 -0.0385110332858923 0.178945416744104 0.0137823140045855
0.0827438193038243 -0.00510912064613732 0.173323784075506 0.109032335488958
0.0830194427538331 0.0567733573859248 0.090784628801575 0.209478006963999
0.0236874412269556 0.127293369031231 -0.0764713236586089 0.199299645725281
-0.10893061830453 0.0760893112730504 -0.14576889077632 0.082066554924746
-0.123331402336283 -0.0538307531079613 -0.0282079585336068 -0.025416159263708
-0.0445418382317574 -0.114885694961729 0.171047068273893 0.154657878942697
-0.0453342970861079 0.0616832438552768 -0.212633056318305 -0.160898660316991
0.0478436731999595 0.0465530148651824 -0.0138713720979224 0.0705279717255605
0.0511006167913399 -0.0319050951480169 0.186224323476673 -0.0724701577043668
-0.0244742767375095 -0.0526459142301567 0.107084325467665 -0.247437693894755
-0.04239971704626 -0.00484911469782056 -0.115998413992456 -0.267319813945258
-0.0161203380957166 0.011704376308843 -0.227656445589472 -0.133089943852268
-0.0103394011041534 0.0113516879068957 -0.215325743264927 -0.00959547932771099
-0.000580833654001663 0.0173174670404946 -0.186392156885307 0.0522215935027756
0.00618296512698978 0.0041178512952365 -0.17315650338828 0.0718839309687198
0.012376499171928 0.00621369139643228 -0.176682881236322 0.0604263149133148
-0.00419792445994719 0.011416341618149 -0.191064106484643 0.0170973835128656
0.00739842727697295 0.00214310395425182 -0.221386545020628 -0.0636795809527215
0.00949158621663523 0.0317927962776353 -0.198079439944487 -0.194124963589825
-0.0445040919408016 0.0635444560675549 -0.156738811425813 -0.299277348049523
-0.101452861109123 0.0245209487456881 -0.227472879326438 -0.253387519102852
-0.143441076109272 0.00360822518286903 -0.182269460010197 -0.180901146364868
-0.0603287388856925 0.0481416354652094 -0.00276102237578371 0.0777178515235269
-0.00687939866338294 0.0398885460584803 0.211082437090585 -0.0648918259702132
-0.00494510889071096 0.0337135323064154 0.130954421909133 -0.256071916516184
0.00982764290672134 0.0463109944444621 -0.103776539629469 -0.28193288370275
0.0491427040021703 0.031537920282074 -0.215013514394655 -0.138198583801155
0.0559905221970195 -0.00195284004419614 -0.199671375904719 -0.0121098412995544
0.0618613445936815 -0.00274270205665119 -0.167664835398364 0.0496302896761359
0.0778297146953818 -0.0063698482786573 -0.148657764108996 0.0811039892095429
0.0927168857338617 0.0441259123482359 -0.156507933415135 0.0847093243757912
0.0401588115589082 0.0942653449559902 -0.187542226626868 0.0534490374568734
-0.0107596531470968 0.112861622644418 -0.234827853204623 -0.0299460884304401
-0.0925540216508266 0.0869052272649104 -0.216421035810132 -0.160378162542328
-0.169512162941666 0.0237451923632845 -0.15030982519673 -0.252097830086291
-0.210167782110161 -0.0544066238491751 -0.184341128061103 -0.204978712479141
-0.217850493932208 -0.0687415186575712 -0.12148769891765 -0.16662388645726
-0.173079422930526 0.0245192878260781 0.0235312583981728 0.105403221055457
-0.0861155064289688 0.102219773005263 0.247875321768502 -0.0334367716176363
0.000814042359016861 0.129896018879695 0.173124243598018 -0.24867575531043
0.0612877042548491 0.105538821417645 -0.0676480349234773 -0.288003062915294
0.113689007475632 0.0570684464723153 -0.1790906969033 -0.142506185688799
0.12019257545927 -0.0110742060871808 -0.159287926935149 -0.0188777134605506
0.115124142298898 -0.0226691855648246 -0.125580337506213 0.0394402468278607
0.133017698499036 -0.0227559573491777 -0.0983473661648634 0.0830390174767537
0.158871287224247 0.0587405668660029 -0.105760383769772 0.110952598978023
0.0943635821055879 0.143920543783269 -0.154837025374117 0.109898505605899
0.00966525086544243 0.201335871796098 -0.236661868585102 0.0343490011616531
-0.149485956617417 0.154907734038796 -0.237879127303633 -0.104324973679276
-0.259837321478943 0.0166284347490738 -0.140621019871592 -0.198720734232056
-0.290018521048451 -0.105841319924491 -0.115082351509667 -0.137188873356564
-0.252664451146669 -0.140891155170008 -0.0358944310590677 -0.113809479630726
-0.26643993517379 -0.0245403958845155 0.0617105936527875 0.149511324425254
-0.1755735364899 0.135609143398202 0.27768063170013 0.0225121576256052
-0.0139658744052993 0.215666616066869 0.218679189555304 -0.20806915448088
0.0988059547955812 0.163976365269853 -0.0110317325107298 -0.2679748168507
0.164332366488698 0.0839022742152429 -0.11959580689148 -0.137458764672593
0.169468002782362 -0.0143690366880647 -0.0976339544885159 -0.0269135846014522
0.151181614761354 -0.0397389888867275 -0.0650885763043984 0.0240040696913268
0.16373476485099 -0.0410462209659597 -0.0323308979709298 0.0761126863723497
0.197344948118825 0.0527970692216445 -0.0366437649746549 0.126399445212045
0.138449819573754 0.157748282372536 -0.09590298683456 0.159106354461244
0.0483392648611663 0.248166767933686 -0.211034405823114 0.102719044611422
-0.16378573642521 0.205870588112043 -0.240668573829139 -0.0386760379030752
-0.302338013117216 0.0248078157298693 -0.121236937515966 -0.149275961983062
-0.325940829583319 -0.132572363176676 -0.0304822494045676 -0.0659308123911044
-0.241009689611259 -0.193356607846883 0.0572530253949748 -0.0268153996483942
-0.309019879817437 -0.0883583280658713 0.104628917047857 0.202562182692244
-0.245289564829578 0.124851688125738 0.285689093220093 0.0920479546513626
-0.0496137744867414 0.261953606469338 0.250122853167328 -0.135208053431389
0.109277596500231 0.204051119155264 0.0547789870514395 -0.215422200873812
0.187565642340467 0.102820668304767 -0.0410042683699667 -0.118326104446374
0.194499272090732 -0.0127995402354131 -0.0202807280194006 -0.0326382040652973
0.165015296044494 -0.0505484294293515 0.00407923429722503 0.00593168328001629
0.169099820464595 -0.0551195451796434 0.0376726444354793 0.0606489899904261
0.203748683825201 0.0369923724554154 0.0357568591116911 0.127164975838258
0.156575732063278 0.148228172646754 -0.0291457034410781 0.189439508952485
0.0716521742254212 0.254958074558158 -0.167935946134222 0.151556593092769
-0.158701347801604 0.218459250499865 -0.22138943196987 0.0161131124438147
-0.301018129685585 0.0207801686935986 -0.0925395365862984 -0.108678291473363
-0.311972159545875 -0.14605931562951 0.0551134803709505 0.00185747296743946
-0.183441892658619 -0.205860829680912 0.143778382296513 0.0763314001363996
-0.283143176266079 -0.136964120629226 0.141890038703291 0.252942576879815
-0.26311630869299 0.0794664548613638 0.266834264464497 0.155809585635836
-0.0779451295061851 0.250633611740988 0.252063082174806 -0.0487984820424018
0.0955395134561009 0.205133822959755 0.110954784445748 -0.137937970898776
0.176380883146825 0.102526191005367 0.0420428879078736 -0.086943874572915
0.185196818551185 -0.0114660578257324 0.0581263456421232 -0.0369764720398793
0.152254155344782 -0.0538974152874339 0.0713557523668616 -0.0125926437460164
0.151490663727116 -0.0600883603380881 0.10272346116554 0.0407682261486459
0.182030658494053 0.0203828951271434 0.100794434452179 0.120210903770245
0.148511889015644 0.125981907952535 0.0302542321942956 0.202556981293446
0.0700438198370835 0.232973365078909 -0.124336458806536 0.180058123472012
-0.150792058743135 0.194462181749395 -0.19184169435721 0.0530786427637885
-0.267583437955543 -0.000565169693713626 -0.0625726478853588 -0.0749693223464392
-0.253263598732655 -0.150461830543989 0.125556507514605 0.0631297707715351
-0.094251149537998 -0.172802839246019 0.208172616695157 0.171152382603582
-0.197757181752497 -0.143065514840356 0.169285073862861 0.287637873451727
-0.213631038260067 0.0313717374909091 0.234739708996202 0.199622030949021
-0.0734154771319557 0.187088549979676 0.233853462735925 0.0233169686916689
0.0706289516982025 0.159127723293215 0.149644458726141 -0.0641308434700862
0.133815040926393 0.0774054136116432 0.111999037634072 -0.0560408661944009
0.141882325715772 -0.0116175055855664 0.124315906639645 -0.0427343500649564
0.114955822704317 -0.0489528393662555 0.126729367703714 -0.0301569541958168
0.114588079477854 -0.0548352927835402 0.15517071597424 0.0220606758912271
0.140797658895908 0.0061938286845486 0.152758879092442 0.112578312275265
0.123130928008784 0.0955616040636252 0.0744031821641782 0.210261112189727
0.0517685898809555 0.191209141886214 -0.0926633581804595 0.196597844935925
-0.137729756225899 0.145556020079768 -0.166190835966427 0.0754460977325344
-0.209699447266459 -0.0298469249936645 -0.0388801093103208 -0.0476986365797544
-0.160654080121983 -0.143721189077758 0.171705259703397 0.11576768305829
0.0107103811910345 -0.104849540669597 0.24402893482095 0.231616651887021
-0.0751852678936497 -0.106476152100498 0.186266993379338 0.292655900245185
-0.112692591894216 -0.00405830344758974 0.209557842600323 0.217006753180694
-0.0361466942222352 0.092359766576491 0.219196386562585 0.0635383839091078
0.0414446300401224 0.0771249851710187 0.174104422761901 -0.0206145015435805
0.0681263470927721 0.032953134647024 0.156017270300778 -0.0432860558528079
0.0730527512442205 -0.0125333915664189 0.162952009856442 -0.052402317369495
0.0588288879244205 -0.0364531068440826 0.160490696315619 -0.0432849440052029
0.0633011389240506 -0.0411976810970873 0.18887347562894 0.00788702789531137
0.086221482958517 -0.00722389968650312 0.186106898069607 0.110270318667321
0.0886080250554254 0.057627108579599 0.10194032005964 0.21962102549488
0.0289201443991092 0.132837154941965 -0.0758327902382502 0.212611337577505
-0.112750967702963 0.0833456260097239 -0.151857426355823 0.0901211300822428
-0.131051214490649 -0.0543548296215661 -0.0299567862894655 -0.0266252152838685
-0.0486141018977646 -0.119614860553383 0.184074267702739 0.155521540535588
-0.0462433326090764 0.0654691725270479 -0.235045445502904 -0.161475097955694
0.05325890985731 0.0477220006289269 -0.0108556914241345 0.0772559048638587
0.052853251645003 -0.0369206270241188 0.197123026940113 -0.0872084538787934
-0.0290257510552957 -0.0538854833055205 0.103257259194562 -0.27180559827968
-0.0454737703431345 -0.00253958108446388 -0.139418926033308 -0.280486015499123
-0.017754271081356 0.0131812270706065 -0.253537849864969 -0.129379580351753
-0.0103065184007173 0.0126607701439498 -0.232121149272665 0.00185281931484891
0.00137945118759337 0.0177860013492327 -0.19676273982464 0.0675159066196763
0.00779962930486235 0.00352120018991057 -0.182479891268107 0.0885898301201465
0.0143491026537449 0.00562210140530931 -0.187740072122229 0.0750776963784601
-0.00250452975395156 0.0139446600580202 -0.204400297424259 0.0258409893536036
0.0077711049546137 0.00298659717120802 -0.238265542879725 -0.0584065119211785
0.0102035433883526 0.0336505877426889 -0.21973723312729 -0.20093274826855
-0.0446521840509151 0.069863846924981 -0.182731557018478 -0.315088819711352
-0.107634674311698 0.0292519221902384 -0.256667576336194 -0.26110871492429
-0.151953864870199 0.00836290206617869 -0.203063646845178 -0.183023458984932
-0.0630208588768697 0.0541962192518145 0.000905164954797461 0.085168079042872
-0.0051087851499604 0.0424378267529921 0.223818774025257 -0.0798594464676693
-0.00335434869885795 0.0372677915042791 0.12863578734841 -0.28243700639243
0.0130350033453554 0.049169445423332 -0.126790030859259 -0.296251098961326
0.0548179242269901 0.0304788405120953 -0.238985731264857 -0.136568044479201
0.0604015712499299 -0.00577780206811238 -0.215245243429308 -0.00203606078125323
0.066818940102216 -0.0067345101192471 -0.176814985767199 0.0632374210162695
0.0839736974422265 -0.0116947624255606 -0.155441362886582 0.0962881231343716
0.103390381811922 0.0417326039083569 -0.16501465211643 0.0989548933895636
0.0493663483095517 0.10062840898168 -0.198757572074319 0.0652531459253969
-0.00602726896214539 0.123154983126756 -0.252013543195584 -0.0216526632582948
-0.0966757193100711 0.0977359253239525 -0.237898915333527 -0.162538487909246
-0.181123989977326 0.0321955170558574 -0.174140984445094 -0.264124872491536
-0.227265995310043 -0.0507377541534232 -0.20844321811324 -0.211841272266047
-0.234231318824281 -0.064669665965642 -0.137774160134062 -0.17061049455199
-0.185018347915871 0.03450217066095 0.0288552580073354 0.113327395203109
-0.0867199464075446 0.112676067576568 0.263518040296784 -0.0474371783458957
0.00873611072880709 0.139227005631483 0.174002588965588 -0.274841650873386
0.0718745039207702 0.109721245541938 -0.0888656434999965 -0.303627849779256
0.125677777284668 0.0539360812922304 -0.200445998254236 -0.142941174399792
0.128803210062031 -0.0191390701343769 -0.17218319114478 -0.0123684843847477
0.122655776796432 -0.0305924810299299 -0.132470470410476 0.0492471189388346
0.14167580685009 -0.0315039358631925 -0.100621048717243 0.0952745064618133
0.175129558694779 0.0534628247168074 -0.109231244252926 0.124993769349678
0.110023946287596 0.151050538913846 -0.160710790366044 0.125075441467614
0.021543908220445 0.215898433564927 -0.251715950873343 0.0475972343279776
-0.153513315086071 0.173867802278275 -0.258330205333017 -0.100832372292806
-0.278902343891141 0.0295739699255382 -0.161196777364215 -0.206686309587972
-0.315080285918652 -0.101826335609844 -0.13082692929146 -0.142631845810281
-0.274928692890033 -0.140706745832524 -0.0448647984111887 -0.118056962202607
-0.287492453912305 -0.0138518031804384 0.0714127890464988 0.158682293946687
-0.180175062429543 0.152526583119239 0.296853485360373 0.0118123777773373
-0.00376690523753497 0.231516272752082 0.2242985112755 -0.233046183015645
0.115050317336128 0.16940697497595 -0.0280558655064866 -0.285726460699114
0.182153776443354 0.0796612701956907 -0.135126373347401 -0.14085354076505
0.182193015346297 -0.0257309200695828 -0.105604312610161 -0.0245412238290966
0.160264770440161 -0.0510731641754542 -0.0694855741307595 0.0293306855237963
0.173180366804658 -0.0528636424676181 -0.0303353825172688 0.0829462526746782
0.216262019373517 0.0446577060097495 -0.0337761320546672 0.137200409719072
0.158169181104951 0.163556873875281 -0.0940422327627696 0.175555695510789
0.0661958444947153 0.26396012188585 -0.221098255972091 0.120067494554208
-0.165988548620234 0.230335688335101 -0.258024428014435 -0.0296726060111124
-0.324369976489526 0.0406836172411636 -0.137866936976764 -0.154073133696433
-0.355198241077261 -0.128665937533643 -0.0370089478085539 -0.0712044462141147
-0.264448814678609 -0.196623512208419 0.0587624843980777 -0.0296132961490167
-0.33678856104227 -0.0797708965424085 0.118843352451542 0.21393168189622
-0.256388506058459 0.144847051852944 0.308586775048928 0.0864546672871412
-0.0390596637605171 0.282951471702982 0.260727068754902 -0.155595615355606
0.129172347174104 0.212147299065056 0.0448222853605506 -0.232037031408405
0.207988610581815 0.0989484202715825 -0.0490731881128101 -0.12465777622841
0.208745868690304 -0.0261315839682449 -0.0230042175676834 -0.035602447131433
0.174218267532423 -0.0629156723695725 0.00356847612450185 0.00539151770397225
0.178215250525566 -0.067371417958653 0.0439474669337341 0.0621976571938095
0.221612852561976 0.0278984199057681 0.0447261272942578 0.134748363090819
0.176723385879836 0.15139844102681 -0.0200301103361986 0.2048389906137
0.0916749626164649 0.269272096132284 -0.172542701692586 0.170205699570215
-0.159825689269346 0.242704457601971 -0.235147941905387 0.0287450117933694
-0.323199980614883 0.0359976178711891 -0.105119990491142 -0.111649520652783
-0.339817361410858 -0.14314106696836 0.057958389923508 -0.00363950990026033
-0.203836148532601 -0.212518539123281 0.156164207520603 0.077434591228752
-0.310525990975673 -0.133330568201551 0.161390598821117 0.265602580340068
-0.277338924157943 0.0978135403430187 0.291300695559046 0.156309604919474
-0.0707709481486111 0.271448749433043 0.266642115285322 -0.0634363921539279
0.11412333448595 0.213415693337372 0.109349121492396 -0.152062526615412
0.195812477212796 0.099395351335021 0.0412734367989919 -0.0953885953036187
0.199052396245916 -0.0234634541001521 0.0613057452371967 -0.0452348086057107
0.160770380335065 -0.0658126480771522 0.0747590740497922 -0.01869927546804
0.158544517793972 -0.0720884942878808 0.112142509684586 0.0371143086138684
0.196665848501204 0.0117047833240135 0.114807155987581 0.123099474831936
0.166500661535152 0.127758384806855 0.0445143291946972 0.215977274284196
0.0886357900353043 0.244884524031106 -0.12471727017502 0.199304514769974
-0.15070559959535 0.216524684324496 -0.201649858206077 0.0667408988689434
-0.287171813595624 0.01203571234792 -0.0709259457624828 -0.0773748083372229
-0.276958981253387 -0.14968882173793 0.1366078006269 0.0579933094865363
-0.108595943431553 -0.18103894368586 0.229757597149406 0.176029959193671
-0.219347726345015 -0.143379672181262 0.19210268232238 0.300939237422624
-0.226719894092941 0.0434896221958258 0.25942626788453 0.204144870741982
-0.0694548190142319 0.203103606192805 0.250471492693646 0.0147601314413295
0.0844968362250574 0.165449886560604 0.154622495494135 -0.0746342824867015
0.148002584473215 0.0745956508452708 0.118551275670762 -0.0663934545801457
0.152044347050975 -0.0212183333006998 0.131688681080238 -0.055339696829967
0.120412979416877 -0.0583194415348521 0.133403747706797 -0.0409806106369723
0.119134624903416 -0.0635189838364535 0.167517057077845 0.013986861646324
0.150622607507921 -0.00118246597253416 0.169455924357132 0.11257158669731
0.137062063115352 0.0957801986300704 0.0915961948221036 0.221968068011059
0.0662801581450486 0.20053257717697 -0.089578943439544 0.215990059038122
-0.13929360182911 0.163209178957955 -0.173365468617535 0.0893146973515491
-0.226589355906615 -0.021731925569274 -0.0438245198996689 -0.0496874267495528
-0.17789412546773 -0.146887168295663 0.188599238302189 0.111960920931572
0.0064966934948167 -0.112641637431768 0.271127417366339 0.23840724674043
-0.0852974524339422 -0.110408856713674 0.211514581015307 0.305140408154133
-0.120574080166383 0.000853266546465192 0.234675964618331 0.223476259073473
-0.03450418263966 0.0991414052716901 0.23623200760789 0.0584781556448899
0.0487429963060088 0.079292164022268 0.183663026408693 -0.0298949338758004
0.0748037618207346 0.031159552547431 0.166809604239533 -0.0554649099838055
0.0771846793926806 -0.0174122654185133 0.172292934829331 -0.0677162958305824
0.0606061720431047 -0.0410479110009471 0.169000815010953 -0.0569991738623147
0.0644377188315029 -0.0456616736045356 0.202394213036788 -0.00280095378453662
0.0910252709262746 -0.0115933455515552 0.205922515070694 0.108010751363921
0.0971686615073864 0.0564420575293084 0.120983327812274 0.231246402937747
0.0379708213433141 0.139503527641749 -0.0705860805870119 0.232460415066461
-0.115882935754082 0.0947548527368815 -0.157977024868862 0.104694129347305
-0.142147360972996 -0.0516722074827133 -0.0335915755232395 -0.0280647397428519
-0.0566060921406164 -0.125042477363673 0.204790343175319 0.154023157504475
-0.044687758713449 0.0704671862345847 -0.261178156435378 -0.151598116979574
0.0599095011831542 0.0459109547963032 -0.00557733537149016 0.0837843377204189
0.0520182592069606 -0.043292420351136 0.202800193345545 -0.110034559185838
-0.0344693103894376 -0.0533398993044053 0.0865454924775189 -0.299079362511033
-0.0479817520407766 0.00169019720523971 -0.171867531699646 -0.285505431156213
-0.0181144344794141 0.0156234905781037 -0.281576172114272 -0.114836278554816
-0.0099586902537562 0.0142357295049444 -0.24696563539456 0.0226204222538437
0.00427668776380848 0.0180487771458304 -0.202237783137146 0.0906379273685172
0.00906341618002852 0.00263451591009504 -0.18572523177539 0.111894864124664
0.016154704814541 0.00426727710388005 -0.195214030146409 0.096392012166164
-0.000422851321317362 0.0158166752639828 -0.21636102825385 0.0434472320024543
0.00798490501468858 0.00370885526895732 -0.25653859097555 -0.0445980945367293
0.0119510007035462 0.0353663153870928 -0.248237130276334 -0.198024747206363
-0.0415363547842289 0.077247046995659 -0.220124749465069 -0.321701398899184
-0.112186703537977 0.0383341749627051 -0.294642736559764 -0.256697992377852
-0.160669317028626 0.0189695418488495 -0.23039567144217 -0.176465374679986
-0.0628375775910185 0.0628458730450487 0.00786559766328747 0.0919063749988021
-0.00180304872554759 0.0449710322489162 0.231366033611557 -0.104069720323958
0.000587535124086264 0.0410683449522985 0.112846548518144 -0.311637738334705
0.0183855058418052 0.0513050945447961 -0.160767374148262 -0.303225697861104
0.0603226988429124 0.027165753085337 -0.266967141296952 -0.123348495171672
0.0640564193563021 -0.0119904828604185 -0.229040543325462 0.0167251194134747
0.071111506594751 -0.01336656878505 -0.182078335673492 0.0834965168701597
0.0891058488470375 -0.0205476474591613 -0.156509242443831 0.116926104918381
0.114476962314179 0.0345675227471194 -0.168485863826819 0.120231608309309
0.0627588891864184 0.104395496036843 -0.206545655206014 0.0854099454421032
0.00448561640083876 0.132202208340867 -0.268964964938598 -0.00313279620748467
-0.0961033820311822 0.112368066291598 -0.264003616556159 -0.155670366125943
-0.191099847482774 0.0480512971736869 -0.207941717253133 -0.267899467086401
-0.245454632744593 -0.0371035091908262 -0.239810658112275 -0.209169174340855
-0.252092589948573 -0.0527834291021119 -0.159848627772062 -0.168783437887036
-0.194551344783031 0.0516089332332957 0.039496909273973 0.119969936481818
-0.0821250254961758 0.125390706477302 0.276022035533276 -0.0710892000800493
0.0215415169411435 0.147440013022712 0.161997387528764 -0.306978331223629
0.0859522634685213 0.110303223119925 -0.122111386924709 -0.313890012565954
0.13889276106183 0.045422152614541 -0.226028737178877 -0.134920285087808
0.135500611248722 -0.0331580468773791 -0.183306183222417 0.00147323179850169
0.128360591019549 -0.0438477228758885 -0.136942927447803 0.0649578197965495
0.148273787433496 -0.0465587034978594 -0.0988167407129443 0.110627926704565
0.192388179854356 0.0402419207741928 -0.106671317643584 0.143088091983363
0.131955066892364 0.152775966102665 -0.16079642526897 0.145965513109708
0.0426313053973336 0.22890925283371 -0.2634651060682 0.0706980150486968
-0.150052791000941 0.197912801353009 -0.280764221784152 -0.0876531885345075
-0.295686725033426 0.0537540617429418 -0.189460042373344 -0.207822895652905
-0.343408131650564 -0.0850820788758109 -0.152117827285823 -0.142833933614667
-0.300788502094308 -0.129444431646061 -0.0584913784865418 -0.119459529021105
-0.308105185697827 0.00886248720296277 0.0870898192908985 0.16519465285091
-0.178789859895398 0.175689944634715 0.315019935363987 -0.0103739118526761
0.0162911567153203 0.246186851909439 0.219324870247654 -0.26592495877678
0.137598358418495 0.170279120558324 -0.0560335348928204 -0.299584791118214
0.201251082924308 0.0672282343845518 -0.156316072482927 -0.138235688137404
0.191737225527503 -0.044756796670031 -0.113724238916941 -0.0176739435917575
0.166648415286767 -0.0687788058836919 -0.071645402580958 0.0377099940409458
0.17956016934705 -0.0721086382449003 -0.0251256217627818 0.0912099971613503
0.235058219244571 0.0267268803981092 -0.0242890080784048 0.149664457463593
0.184189217538771 0.161346586512663 -0.0848529526584267 0.194415049883716
0.0940538758368547 0.274811688251088 -0.225365668501433 0.14541141879775
-0.157789762480422 0.259318953336339 -0.274788499265661 -0.0112858652364497
-0.343397510628308 0.069406519843778 -0.160098413622405 -0.153586343467369
-0.387122567385088 -0.109601890218338 -0.0469982646044616 -0.0745908274384211
-0.294399051116782 -0.189502194338241 0.0588436041430288 -0.0335599257070424
-0.365781489922421 -0.0575256280069967 0.141137049415362 0.219297565759201
-0.260348839246411 0.17328936076796 0.332548708650768 0.0682848353747406
-0.0176291798876953 0.303762279842036 0.263324090079291 -0.184827501722542
0.156027133426769 0.213402848155688 0.0248131638371013 -0.247385921325699
0.231138226340133 0.0848930508156371 -0.0627033727241535 -0.128112268823672
0.220454749814541 -0.0481787544681386 -0.0272486835735875 -0.0376071290640303
0.180106207870774 -0.0825263291785048 0.00347756170443569 0.0054606494894114
0.182859134039703 -0.0872818340072907 0.0518239899660512 0.0619240484396656
0.238222263336698 0.0084458104368956 0.0591450479919371 0.140376726299051
0.202516701015677 0.147162144280309 -0.00371805365344272 0.219820681554442
0.122087212834116 0.277104140047793 -0.170137121862798 0.196203651360441
-0.149597671655188 0.272598657131156 -0.245968463917955 0.0499641846050218
-0.342432459877166 0.0645242791341828 -0.120842931403265 -0.110288578502986
-0.372504204522243 -0.125781507297017 0.0595617974837227 -0.0112764830194516
-0.232753153129619 -0.211005840043099 0.170779599455162 0.072059876778193
-0.343001877562144 -0.11656355184338 0.190563299470249 0.270502065817709
-0.28656844743056 0.125464402244563 0.320493240407866 0.143672205499999
-0.0522654057950525 0.293433889655718 0.276275362400275 -0.0869883283734701
0.140308463974241 0.216657985393115 0.100049113275149 -0.167804033606105
0.218106515704879 0.0864972229558985 0.0372228428043048 -0.105071842207812
0.20956499802292 -0.0445148430009554 0.0616530030385552 -0.0560064806421056
0.164906058449498 -0.0843627175107878 0.0765879439836749 -0.0271296441987213
0.161864181101297 -0.0895510928133636 0.12231058294408 0.0287018231885086
0.209952004002447 -0.00583205796630322 0.132910643560268 0.121629559852311
0.189343844598807 0.121494979139785 0.0660512449656097 0.226368147892269
0.116483241985826 0.251410255007255 -0.116539181338702 0.222930721395323
-0.142035324490574 0.242675825690431 -0.20748271985782 0.0884909630307319
-0.305926597466306 0.0369116369098095 -0.0817952157171684 -0.0772478536196721
-0.305054173339753 -0.13769048373033 0.148061534068657 0.0468684489807912
-0.129386805978091 -0.184677071645502 0.257049938945496 0.170994245931955
-0.245589938597545 -0.134136729589602 0.226560789847253 0.304756152194034
-0.237122622913594 0.0647901098926933 0.290361039329885 0.19698667385449
-0.0568577989391318 0.221082729528692 0.265255213464749 -0.00299673859787713
0.10469043071376 0.167852873472408 0.155117121087505 -0.0901565160476281
0.164077345901005 0.0649511944840084 0.121648492614277 -0.0813826246627243
0.159339806628899 -0.0373378653627058 0.135210076903087 -0.0736013724020192
0.122531666119422 -0.0717719015295732 0.136558759672444 -0.056088084956649
0.120444599604072 -0.0768071144583499 0.178186521688618 -0.000962591478217715
0.159251592919433 -0.0143491186243892 0.190449472830027 0.104570597909198
0.154323391032858 0.0898859516719501 0.117422512449629 0.228948260248468
0.0882880906476863 0.206011973693951 -0.0783426456821154 0.238309861654829
-0.133629478738404 0.185264702466241 -0.175716533577285 0.109863531654607
-0.242215676273598 -0.00423122999135912 -0.0504575546683211 -0.0501721841461517
-0.199048197987737 -0.141575162012325 0.207840340133252 0.0998155852359846
-0.00220685208052422 -0.120716648204866 0.307362675915478 0.233823522575367
-0.0994796775598447 -0.10980182646878 0.247194177577533 0.307005118160549
-0.127399610809287 0.0111455099757198 0.265895453245547 0.219974727960188
-0.0282687689264814 0.106584824740038 0.253772515496958 0.0447002001897533
0.0586754981162775 0.0786042162707221 0.191001926116251 -0.0453833271984342
0.0818853684513629 0.0259291620192331 0.174394696104829 -0.0742007678639124
0.0797873108711482 -0.0260892279701809 0.176286411702437 -0.0902340028408814
0.0605083403574126 -0.0478122741036228 0.173029022957967 -0.0766043494571725
0.0641647433530885 -0.0526789680954284 0.213214682971162 -0.0215299677922499
0.0944259865758088 -0.0196334646960261 0.228347000489817 0.0967230519419502
0.107345770303821 0.0511541241269646 0.149034277302873 0.235835068473034
0.0524199434938945 0.144128987527207 -0.0561076716240345 0.253773184111763
-0.114806960443886 0.110398878346496 -0.159221259743037 0.12463207515739
-0.154550668366416 -0.0434750047267032 -0.0381309024673085 -0.0283926475151417
-0.0691249418604739 -0.128048543637908 0.228289408647528 0.1420290963727
-0.0732339753683207 0.0492832566476269 -0.183340746436166 -0.25501026777493
0.0386205947124061 0.0675913635709093 -0.041875704003705 0.0768282351562281
0.0640180952742572 -0.020391523890539 0.236904669014477 -0.0198614119974794
-0.0141588484178696 -0.0612421876137222 0.206797374330573 -0.250788934356349
-0.0484736572199693 -0.0138537639387772 -0.0453967213073885 -0.341385135388602
-0.0254335241601797 0.00996213842423056 -0.220197859961739 -0.22714444883999
-0.0178551657979054 0.0109823113383309 -0.244285900863709 -0.0817284066038471
-0.00366175057564906 0.0200298877580955 -0.227250528990762 0.0048631843474815
0.00853109127981526 0.00696147047696279 -0.222260509456947 0.032571368364478
0.0137121991179824 0.0122803347467153 -0.224720643588691 0.011890439474483
-0.00753720076502036 0.0171048233152542 -0.223965183738184 -0.0504547743716545
0.00124962850889368 0.00862769468460967 -0.220224299553731 -0.150439069630927
-0.00809428776930779 0.0357525515171828 -0.147781056409163 -0.296606627581816
-0.0739632270359289 0.0505858159737906 -0.0697393598122833 -0.408121695485818
-0.123321601138489 -0.0110604309312857 -0.162552032312321 -0.381429512419691
-0.160877062384705 -0.0495678951388924 -0.144515770616443 -0.262445343539447
-0.0864986893920086 0.0321197541096967 -0.0302639892510693 0.0912543554455557
-0.0250272743614295 0.0403519273071511 0.264710796406475 -0.00146312707421907
-0.0195613408045806 0.0417667320021522 0.240489351037821 -0.252335795130988
-0.00625633932254704 0.0613117284468427 -0.0249093961040563 -0.356527814463057
0.0460258244911298 0.0530365283319764 -0.202354850312504 -0.232419656547288
0.064620611570939 0.0155226441665886 -0.22421850168373 -0.0812224430601571
0.0748850656767389 0.0174059686103993 -0.205103852042218 0.00598983211458153
0.0941007914666073 0.0174809853539533 -0.196227076060331 0.0494962392855928
0.0967400669576721 0.0808629493065147 -0.209253911166468 0.0472867832002183
0.017728364906455 0.129162492337327 -0.233849173560734 -0.00343530729844544
-0.0543719456340398 0.129171839935744 -0.254179414177735 -0.114728775524795
-0.144178726639933 0.0636589482107757 -0.184975590478934 -0.264933394782301
-0.205936099529555 -0.0386940667279347 -0.0795966071564596 -0.354344795300445
-0.217893031217355 -0.138870247365849 -0.1296238396412 -0.312347204066834
-0.216976317576434 -0.157197781656274 -0.084243453495225 -0.222207181125444
-0.208447167550618 -0.0346615496446613 -0.00932268173998077 0.13473871054841
-0.135600663505026 0.0819818472904278 0.295950058805315 0.0494299281590336
-0.0438162317352628 0.149571634443368 0.28747550676354 -0.226364180187457
0.032575151141465 0.144971662429325 0.0197328509975946 -0.353643943936236
0.113383641652369 0.101740092234526 -0.157935034559159 -0.227852534932634
0.142481574250887 0.0245375714029624 -0.174254172307804 -0.0776340906867441
0.142569392210601 0.0119100851716708 -0.155077806261481 0.00565225197251868
0.161384101067906 0.0164791170497804 -0.138440721326676 0.0664302152292066
0.16984408004903 0.116219522783014 -0.159584609529093 0.0944976387027844
0.0651225623272291 0.203824360053846 -0.214684220327111 0.0765396770608077
-0.0565571219583192 0.236950803517002 -0.28257913781045 -0.0392430415018218
-0.231764697622382 0.123388987898185 -0.232940097559861 -0.207005334154693
-0.307629735071276 -0.0766848712108354 -0.0878531188961319 -0.291944316162385
-0.289933845273565 -0.225066725007727 -0.0756571630657223 -0.211377894171187
-0.230597235869284 -0.253000030386899 -0.01000426204182 -0.129615434371208
-0.299203975860566 -0.124393411626158 0.0186626240969561 0.200966522883642
-0.248445273527729 0.0881871047420589 0.309506529746084 0.12626303160084
-0.0896325389302447 0.23948367991584 0.327134415964339 -0.161944082892313
0.0561358185866428 0.22237620837526 0.0774644466245388 -0.312519514369822
0.164870067445679 0.148052610390742 -0.0899036993337416 -0.2034996090595
0.202426371781201 0.0351825782192293 -0.0995705529106117 -0.0675358883871295
0.189844932417323 0.00402959445939886 -0.0829350749936621 0.00552454741333986
0.201230426778969 0.00514966007942234 -0.0601436580025404 0.0774995003047059
0.216725591358476 0.120107627901093 -0.0844197839496096 0.134925160482386
0.112547852386416 0.233304643044444 -0.162209351206952 0.156428827495309
-0.0247565130873047 0.301710830757273 -0.278749536205247 0.0503234644797335
-0.264755261257984 0.178857834813708 -0.262462500834937 -0.130183876222901
-0.359338445246065 -0.0801546363882142 -0.0834137424401888 -0.227257252334447
-0.321726505430182 -0.266342407630834 -0.00528127141260669 -0.0991907638350232
-0.198677498886321 -0.309224244948555 0.0635168667916484 0.00317972360857713
-0.327864527384193 -0.213323260072889 0.0476608509573199 0.277950767292124
-0.325835205677895 0.0500148786126678 0.293710458956513 0.211353456236732
-0.145802823374797 0.278382550338109 0.337143405880195 -0.0650010262899006
0.0556005668652396 0.269428015534885 0.13539922740711 -0.229901975806194
0.186172915930054 0.176333088034216 -0.00404299081312322 -0.154933023411568
0.231584317028534 0.0434362688249763 -0.00868463583809499 -0.0512354057094578
0.208798689416583 -0.00398064875763088 0.000719498370612089 0.00467184984243791
0.210127505686734 -0.00909067142766129 0.0246534915774371 0.080639751846607
0.227041164353376 0.103787483290653 -0.000749764755258214 0.159964319087212
0.136269641797569 0.225918145842761 -0.094386049299051 0.214863482121172
0.00141217652120208 0.31490918229937 -0.24827320556687 0.123194853691888
-0.261897202114503 0.19572738630065 -0.261464819804829 -0.0586428538162906
-0.355602076805103 -0.0830037317387501 -0.0652102912983092 -0.168676047660399
-0.301002968034793 -0.275554547677283 0.0666213758775581 0.00964584228367426
-0.131100035444768 -0.305177405239532 0.124879569592108 0.15109663003141
-0.280556619269411 -0.260772019987239 0.0710359693171722 0.347693724220721
-0.330433490008455 -0.00726028088107632 0.249015722699882 0.278344973407949
-0.174161692424118 0.253237103365151 0.306774257138939 0.0354231820774146
0.039387720439255 0.263447194064949 0.173003192764048 -0.121538557608937
0.172084075781932 0.171895101037995 0.0815988678399381 -0.0903777616766715
0.220431012918446 0.0413728944009526 0.0832024928513177 -0.0317171007333332
0.195093682788568 -0.0121504702448547 0.0829297378968099 0.00287505074497171
0.190460262931094 -0.0201271846178669 0.10462185716838 0.0771021500964624
0.204871287343347 0.0778526827548369 0.0771210373561248 0.170823630263391
0.133688941342743 0.195520104898925 -0.0303913111846615 0.248892991664208
0.0086113080324985 0.287664654044147 -0.208386133467445 0.170198625380345
-0.240241199362343 0.171862859709307 -0.241055229119166 -0.00482654179444501
-0.307653577112537 -0.0931035708796159 -0.0413844158717528 -0.118127898852898
-0.231949375005514 -0.257837347460247 0.123923809564888 0.106023113585005
-0.0441546625818975 -0.236432682407314 0.166903647890399 0.279859522421633
-0.179470500937642 -0.237702006886508 0.0890890847245663 0.395248063564173
-0.255714525544954 -0.0444910781627355 0.195709260566097 0.31648297521721
-0.146893597388063 0.180811348376245 0.258376324441208 0.111277734725436
0.0267941477202191 0.200623347824939 0.191005320668659 -0.0223888824485002
0.129456332078374 0.127673498694394 0.152477151581032 -0.0292674643803686
0.169307995799523 0.0268254356419423 0.160017485691068 -0.0170030324794009
0.149004648599523 -0.0178752184519758 0.15103499372172 -0.000363206345873931
0.145895084742564 -0.0250583880633401 0.168786036746225 0.0713495919466254
0.159088113167433 0.0497846374727299 0.137955599626747 0.177439178616307
0.112230802075071 0.14977980494132 0.0177043424061971 0.270570037513941
0.00145913422941518 0.233489059609634 -0.177819076705331 0.200101904021549
-0.206848666432602 0.119973468303804 -0.21952104905058 0.0287934285949722
-0.229253399053304 -0.10584292411441 -0.0233098487678117 -0.0770863662585111
-0.130030027250989 -0.217499056137081 0.155697727144166 0.184186536155716
0.0484006185527243 -0.1219930478343 0.189479493814385 0.358321732127465
-0.0496305180347113 -0.152817260250401 0.103885633078816 0.403155238870898
-0.12711769724939 -0.048135006497653 0.159976551794145 0.325617210223509
-0.0728343150735982 0.084551816305834 0.223426463570109 0.151920923549495
0.0209549011418393 0.09556598252185 0.203089442480518 0.0365573222360047
0.0665740969729244 0.056393739798504 0.198378598513689 0.00149108232955191
0.0880321678559004 0.00592479517330934 0.206090477485472 -0.0154613518782577
0.079064397872195 -0.0203407948215181 0.193037972039847 -0.00513497735382683
0.0825050967968121 -0.0247534482293049 0.209399611522848 0.0656902103505167
0.0990084043262963 0.0187819113294189 0.176546975202653 0.184247251678319
0.083158980942156 0.0928877777429748 0.0444459172182284 0.289535247871228
-0.00787301098651375 0.159893789658201 -0.163355546354984 0.220629788701073
-0.157260006685275 0.0576884202147021 -0.208561397887429 0.0493557110264789
-0.128370192404422 -0.105997636988551 -0.0201991922745625 -0.0490298103241892
-0.0109213582314244 -0.150061886875763 0.153569432585292 0.23597712504414
-0.0714853399196118 0.0537019974991618 -0.207783546041095 -0.241658901876452
0.044542454004925 0.0644732425384833 -0.036713806126599 0.0820040792653443
0.0613301489357006 -0.025815524830017 0.236922577158542 -0.0427956465819164
-0.019496259698228 -0.0588429954881221 0.184806823874742 -0.273580483663471
-0.0500957732284555 -0.00888507993032041 -0.0778775311190067 -0.339845076354672
-0.0250976660014623 0.0130845622119012 -0.24468941272111 -0.207152233945392
-0.016757976019145 0.0136466885736042 -0.254336682077629 -0.0587864368437425
-0.000817628616683304 0.0201951236079529 -0.228416602176594 0.027634735813694
0.00939053762072954 0.00611075716274063 -0.22152907283836 0.055251283189616
0.0155124088758348 0.0115873021424309 -0.227457296134097 0.033395287380374
-0.00567421374053089 0.0198486910324545 -0.232093513602931 -0.0322604545837278
0.00103381080971448 0.0102038821332054 -0.2336357470914 -0.133358899652593
-0.00697898555349775 0.0373500697619302 -0.173181431204137 -0.288910069024697
-0.0701661351638224 0.0571081390068279 -0.108340963543444 -0.407206468425664
-0.124745434003336 -0.0016465209320661 -0.19839479564223 -0.370415119109026
-0.166858551855719 -0.0383305344863299 -0.169823509849219 -0.250731967115851
-0.0853954621568731 0.0400847359577776 -0.0235461266820957 0.0960546167754362
-0.0216918530768689 0.0424989957582202 0.265810166326475 -0.0263378157494405
-0.0149376185576177 0.0450306796528172 0.219298262103146 -0.276786314090456
-9.95505199207544E-05 0.0633386307021276 -0.0588948224698642 -0.356193325228841
0.0512932341806624 0.0490046039363668 -0.227236290849946 -0.213872911969955
0.0670616288282812 0.00961224624930783 -0.233454595063297 -0.0602652969643428
0.0776892973059058 0.0105272344977588 -0.206033585674326 0.026392922474506
0.097094989048254 0.00823017149081103 -0.19321944010607 0.0693520979588946
0.106730161586681 0.0716976364755242 -0.208789727578296 0.0676784546918952
0.0311896761271386 0.130864565475612 -0.237439429373361 0.0169948001540964
-0.0431322082897839 0.136648894714167 -0.265796977759199 -0.0934210477394884
-0.141433933866118 0.077844864617942 -0.20770376857086 -0.253102835625072
-0.211535599045066 -0.0209905167439865 -0.11255527212644 -0.351735870430015
-0.231490465552312 -0.122575938778332 -0.16048914942128 -0.30586311834711
-0.231964256160356 -0.141768761834212 -0.10519796701676 -0.214551831015421
-0.214843479103976 -0.0163952015339002 -0.000338880300634496 0.137946858335909
-0.12931678891552 0.0942064936182556 0.301188634634283 0.0229908357709953
-0.0289305004143184 0.155359173396525 0.26871191177536 -0.254610543035739
0.0475146658015284 0.144023875780803 -0.0146642914680447 -0.355976629704939
0.125164083870407 0.0912315385494575 -0.18172234789338 -0.214495758433468
0.146642699510645 0.00978377630862407 -0.182804512499274 -0.0627030689561319
0.145540382915313 -0.00149520633052967 -0.156257967169225 0.0211785457313531
0.164661277516247 0.000437485601410092 -0.13308638862294 0.0805962629853992
0.18415437977699 0.100079271208071 -0.153402516466122 0.111794453300321
0.0865725441603441 0.202100593088083 -0.21107697370161 0.0963201478520798
-0.0345418280948662 0.244396778429463 -0.28851713565292 -0.0139398202624904
-0.224989555035123 0.146390723502856 -0.251290097753577 -0.189605887688087
-0.319367623294004 -0.0509891651573349 -0.116036229218432 -0.287465568428254
-0.312027409335905 -0.202683792335432 -0.0958806710163809 -0.209065326498464
-0.254028738694642 -0.236962120710288 -0.0232147987189843 -0.127556209712197
-0.315302283998283 -0.099178461832081 0.0330181329752048 0.202278810371588
-0.243225264691164 0.109559368323616 0.321448454166669 0.100121299129846
-0.067276870244427 0.249843938818171 0.315113050470306 -0.191481711956583
0.078240348364752 0.21903394017338 0.0473620999263131 -0.319977700174302
0.181150527539561 0.132195393317258 -0.109614602425564 -0.195675373290543
0.2079724254155 0.0141304187899686 -0.106499523165358 -0.0599794338879374
0.192218145474774 -0.0148222445764313 -0.0832145139199618 0.0141340932867269
0.20335987647442 -0.0150277249745399 -0.053318160292076 0.0839328147233048
0.231388167684228 0.0994824017609097 -0.0727850827921964 0.145227947749164
0.137709335665525 0.226902899497853 -0.150143175285681 0.172720085086791
0.00429862403335571 0.306397917879244 -0.277653850900218 0.0774516858540201
-0.252483591739087 0.205363940663899 -0.2742089947339 -0.108096673637135
-0.372070008912291 -0.0492839099690017 -0.105223404594802 -0.222610823307749
-0.347815375077834 -0.241410943673544 -0.0157664847030187 -0.102709414852945
-0.226908087053176 -0.296334724879081 0.0627237128643075 -1.35440050959955E-05
-0.351109126182878 -0.185851059969953 0.0691208176280244 0.277519648550733
-0.324615580102151 0.0786319510070559 0.312813846703214 0.187820381683112
-0.120244443840716 0.293956733769829 0.332662927921553 -0.0938316647675152
0.081646579703355 0.266907916148521 0.11222721700496 -0.240817728367566
0.204729477885554 0.158693683795509 -0.0183712504351385 -0.154512633805526
0.238322374838606 0.0184970493004629 -0.0125931155514438 -0.0525404426121552
0.20990516744052 -0.0249690690296831 0.000389818863570337 0.00486072273048364
0.211102341265123 -0.0295966031204535 0.032694636032751 0.0786305364385747
0.240187797621223 0.0814543842030429 0.0140838735320989 0.161796938463373
0.161257115474867 0.217166572104559 -0.0754792163674864 0.225590847104478
0.0331824969327238 0.316713541692681 -0.240269051261423 0.147960641700798
-0.246327663448328 0.223433832013853 -0.266589645823753 -0.0355344616653424
-0.367910620064953 -0.0519694676012186 -0.0806358014182341 -0.164715129810361
-0.32807554528175 -0.252345977772155 0.0666801498522419 0.000428656882939081
-0.15820711916302 -0.298243306190638 0.13803946350542 0.144169554767763
-0.308130077233703 -0.238352650796013 0.0993611731466763 0.345867529939729
-0.333409813526845 0.0216835863269891 0.273216117824241 0.260524429818085
-0.151467448013811 0.270637773300024 0.311212609506096 0.0105618741715726
0.0660042245107501 0.261889408990632 0.159587116696543 -0.134070157821872
0.190489589686895 0.154803669129618 0.0747668851284155 -0.0971995072789368
0.226227060226727 0.0180179086483939 0.0819063376903714 -0.0423035254191723
0.194877579221131 -0.0312959991091971 0.0833193423335551 -0.00546596671143321
0.189729244368325 -0.0387520156190926 0.112620145760997 0.0676867755623634
0.2144637579488 0.0585180133283407 0.0936263426502035 0.165481579311703
0.15449409745586 0.185037919758854 -0.00662257983903571 0.254488320856366
0.037895561415181 0.288021663609651 -0.195838899306931 0.192152490793559
-0.226532820842675 0.196164074045397 -0.241722340605858 0.0177071468276271
-0.32031116166594 -0.0665684915377925 -0.0523385086143517 -0.116086684281305
-0.256639133739088 -0.239570646930925 0.13390643217125 0.091548813339485
-0.0646385354881077 -0.236085530015549 0.192319166837716 0.270154708591955
-0.203575511067424 -0.223621279487034 0.121604412115297 0.391321836592243
-0.26198627495732 -0.0221427071373197 0.222996751199708 0.303484075372158
-0.13126651619982 0.195384821570687 0.268422286127799 0.0916890405354774
0.0469540825232966 0.1990454148532 0.187410086985893 -0.036221158615414
0.143284362982576 0.115129935276463 0.152500963592298 -0.0435997936436265
0.172063458890656 0.00973458309432522 0.160280906143938 -0.0350419651477538
0.147820524373536 -0.0324399993445788 0.1511737114976 -0.0161586338871997
0.143802996085554 -0.0387737459840603 0.17599536597617 0.0554291927307993
0.164778385719537 0.0346621089530434 0.155946139265621 0.16637685115996
0.127988115195096 0.140793455929386 0.0436259369771914 0.272488157561164
0.0245375528824655 0.233242285539863 -0.162456155811294 0.219601508859049
-0.197136982308154 0.140774517421238 -0.217579107518752 0.0499313906030243
-0.240569581429407 -0.0866640895529141 -0.0307198100209087 -0.0773489828214583
-0.149343544343057 -0.207328172525477 0.173021945110266 0.167516582505596
0.0376891846931932 -0.12760762043863 0.222725995032232 0.345999450308177
-0.0630331695821469 -0.149479375194591 0.137710364534091 0.396693420768365
-0.131641315399839 -0.0369469897822463 0.188542175108932 0.316644285556
-0.0654648760287992 0.0909686353788174 0.237073378929099 0.134702782704299
0.0304357838978459 0.0933894064678276 0.206077669990968 0.0215673398795207
0.0714956609075705 0.0492568779435187 0.201905509688961 -0.017344182525322
0.0880837279089668 -0.00293026081692211 0.206477096091132 -0.0370575818281297
0.0766040740249498 -0.0273492539438358 0.19313452020985 -0.024303735708741
0.0795872867682906 -0.0320341009470406 0.216459689110845 0.045792257935284
0.10067920163093 0.00994901888852079 0.196019599436786 0.169259673094615
0.0919353251034057 0.085015963650473 0.0726985567610801 0.288369844544238
0.00775335770540993 0.160765274183624 -0.145519405914817 0.2395828882356
-0.152275048087983 0.0727239622648048 -0.204899743535168 0.0694790969605969
-0.138421911368129 -0.0952648374540472 -0.0254567482958849 -0.0496039849416841
-0.0232493073191688 -0.14962704057135 0.175763430797197 0.220360023941156
-0.0699746492172098 0.0573975359933254 -0.225008229597212 -0.226017902891738
0.0484473095902705 0.0609245071276381 -0.0326607502348521 0.0862710328227017
0.0584896030206933 -0.0291003351002686 0.232201760226897 -0.0600679500811551
-0.023356918693589 -0.0565221098268321 0.16431050152995 -0.287290685500434
-0.0507491749405788 -0.00412045585908165 -0.102931913173086 -0.333474027643159
-0.0242190160420168 0.0158962466874683 -0.261350426782203 -0.186154192889822
-0.01529670826167 0.0157098976451891 -0.25878523594026 -0.0377824781494254
0.00181391634603172 0.0204454981337009 -0.22472922666556 0.0468420141830331
0.00999795194021269 0.00445096544945128 -0.217351095709169 0.0744041441809119
0.017335257042122 0.0102359622177864 -0.226297001896421 0.0520443114527952
-0.00333085869739703 0.0218087235563801 -0.235513194483688 -0.0168933396887989
0.000998945981878365 0.0108600540430441 -0.241020451371877 -0.117660468871625
-0.00595440590092161 0.0383236940417478 -0.1924357839934 -0.278255360771909
-0.0654156852108093 0.0614179725002517 -0.137854619629501 -0.399537757202332
-0.124242370789901 0.00584615535138134 -0.225122686475175 -0.356116086691788
-0.170469747214877 -0.0279528194159103 -0.187851719541696 -0.237720246536334
-0.0824286817852079 0.0461625294520375 -0.0192990286919336 0.0998087796953413
-0.0193448924971461 0.0438747951451634 0.262196371055808 -0.0457481849959993
-0.0101148315235926 0.046212765420443 0.198118597818131 -0.293361041997212
0.00539548600096012 0.0640693991912221 -0.0862881652675327 -0.350543404210902
0.055301360040839 0.0449903851929657 -0.243807780036148 -0.195249965542011
0.0680495614162577 0.0040606911363589 -0.237907554812886 -0.0424248303829597
0.0793292147324555 0.00410062960422822 -0.203074976714928 0.0432136177500835
0.0975246939724671 -0.00036282622810377 -0.187913553153132 0.0857429515779048
0.113179354193639 0.0626985982304183 -0.205131419931923 0.0853002454873544
0.0430228409532814 0.130315671048872 -0.237690719343177 0.0337448184243313
-0.0330163166950107 0.140654252731173 -0.271326830960903 -0.0744996070489973
-0.138330944124746 0.0885584597176371 -0.223276092616741 -0.239926573734346
-0.213528459713676 -0.00709751724215519 -0.139809383206916 -0.344175022687362
-0.239025544826694 -0.10728069316337 -0.182828590529596 -0.294732340138876
-0.241406817057968 -0.127581252666 -0.121529090674031 -0.205082342449261
-0.216606396537235 -0.000712710357255994 0.00708212774216462 0.140128337004687
-0.122620043120542 0.102353539820983 0.300347961485143 0.00171376086006323
-0.0155123846025321 0.157379902783985 0.249023694965372 -0.273799476007795
0.0590702569670178 0.140408577274366 -0.042764711874758 -0.352491903435369
0.132367377914549 0.0809793174031363 -0.198170377652602 -0.198862380085196
0.147251734225136 -0.00277437668430543 -0.187053352796417 -0.0486156495745222
0.145561228054046 -0.0131798313314262 -0.153452084348649 0.033838872029613
0.164729989625665 -0.0129233309640898 -0.126795396981146 0.0911415813778532
0.192878943333815 0.0850396733901736 -0.145899409737203 0.124492036116581
0.104765926098611 0.197220635430783 -0.204844647212877 0.111786312591885
-0.015241959487143 0.247853968980894 -0.289511349617777 0.00684079988057102
-0.215110354448959 0.164124107278272 -0.262521925269442 -0.172319545827341
-0.325007868032226 -0.0280617121366391 -0.13750529705409 -0.279097655345038
-0.325646738841926 -0.181731533502962 -0.112601277243993 -0.203602723589568
-0.268876460804713 -0.221639845547057 -0.0338940408421018 -0.123584519124574
-0.323318610072802 -0.0752053884921184 0.04423447869119 0.201840277744785
-0.234337155476675 0.125533760437185 0.325971814246017 0.0778469951032216
-0.0472034936171943 0.253819803219863 0.299995009415414 -0.213512290664312
0.0956761690279918 0.212672367128318 0.0210721332627629 -0.319804860553533
0.191685188460713 0.116748811223028 -0.124259301211247 -0.185321355787656
0.208678329301871 -0.00396706766127475 -0.110275358868527 -0.0532767917247043
0.190512159669647 -0.0299613415588555 -0.0821989082460055 0.0207592152020995
0.201733585258234 -0.0313845179091902 -0.0463023213114413 0.088304964043059
0.239388249710403 0.080210910162675 -0.0629845557463323 0.151825253461268
0.157335490325628 0.217409762369869 -0.137284535662726 0.184396424347803
0.0289277618948447 0.305856958183587 -0.272367619977152 0.0984256278726279
-0.237870188637272 0.226111870107981 -0.280009387642647 -0.0893666904946134
-0.378101444300579 -0.0232416626521264 -0.121995662830931 -0.214982243210281
-0.364122302479703 -0.217711312963109 -0.0250902821243444 -0.104735704254288
-0.246106229023961 -0.282186497802862 0.0614774079609183 -0.00177894355312252
-0.366044919729721 -0.160140681757661 0.0847227299276512 0.274035739435255
-0.317648995747443 0.100769994969323 0.322970690344108 0.166679101594513
-0.0970878698634099 0.30120335824 0.324077012514105 -0.115973575566138
0.102944021922523 0.259658890891806 0.0915094974966739 -0.243618516074951
0.218105388035713 0.141095050021991 -0.029466741910337 -0.151249171754538
0.238198719113668 -0.00180738744503686 -0.0159946227423223 -0.0534928545817241
0.20710730111582 -0.0414332018886638 0.000355714842730985 0.00504680628040947
0.207592947638782 -0.0464573875993019 0.0388818901597995 0.0761680573893867
0.246551631083494 0.0622213403423461 0.0257302012696679 0.161706081966853
0.179524788555479 0.204990248903597 -0.0575102051045116 0.231399058401155
0.0586607462187939 0.313434565205268 -0.229751318937277 0.167446998460482
-0.229592483617442 0.242141181305237 -0.26699661808354 -0.0156658839662125
-0.374463090781101 -0.0246461427282382 -0.0928019280005912 -0.159349410657873
-0.345552949298268 -0.22928108671223 0.0650674502358823 -0.0079871069339868
-0.17846788268227 -0.288284930202008 0.147048581327007 0.13616526691665
-0.327038112644399 -0.215462731458875 0.119511424986554 0.339552291773216
-0.331487333258262 0.0448553098851514 0.289125333054451 0.242772575261433
-0.129650651287226 0.280330877569581 0.309614275091416 -0.00959817376681639
0.0867688256997278 0.25617921027459 0.146960066162649 -0.140820397027592
0.202817928512615 0.138220859162365 0.0688756071889068 -0.100996193901246
0.226031217873707 -0.0018658180259294 0.0794152749909212 -0.0511525852221099
0.191388329831891 -0.046472753957969 0.0812717013062543 -0.0120150800600588
0.18512242840021 -0.0539598415436246 0.117693089782712 0.0587403170645339
0.218332447717046 0.0409141208902052 0.106031321077171 0.15839542221767
0.170345984471544 0.173193594707917 0.01320280068642 0.255351462178805
0.0615587308498618 0.28338404130941 -0.182085789456025 0.20914124390239
-0.211208597424812 0.213062137729082 -0.238061244834318 0.0354843261908614
-0.32465812002747 -0.042694208833162 -0.0614965283661849 -0.112975812045923
-0.273038603196438 -0.221110845177978 0.138611128418295 0.0777366552958043
-0.082067230788769 -0.23212677172186 0.210277243914943 0.257815314029422
-0.219472344583719 -0.208356853778484 0.14530713107429 0.38214877156709
-0.262046154210476 -0.00354733919341031 0.242446471468013 0.289425695779229
-0.116318657894348 0.203968012458162 0.273331851768843 0.0736868768141934
0.0626377120451095 0.19366083209202 0.182453982822076 -0.0452950984580503
0.151582759257623 0.102725463088057 0.15112259667295 -0.0541764613044923
0.17161466356961 -0.00506960814470859 0.157633720043165 -0.0505636644151073
0.144495353019987 -0.0438054666581637 0.147892220360052 -0.0284200475187245
0.139484579632902 -0.0495578510335826 0.179727292630083 0.0411931752008215
0.166449151291336 0.0216479273889094 0.168685341806335 0.154168512834997
0.139337164007314 0.129996941437974 0.0646398043184162 0.269501004563906
0.0436447561640033 0.229065336575733 -0.145678929728631 0.233541739543862
-0.185613730787571 0.15545774964827 -0.211740829281245 0.0659297659955727
-0.246296767546736 -0.0686609815887741 -0.0369103185474292 -0.0761903675119557
-0.162943202609023 -0.196443855998079 0.182974817427094 0.150906796395606
0.0279662879516134 -0.129939601312124 0.246056195372323 0.331424410838623
-0.0740862713878467 -0.144194831833607 0.162806168479458 0.387803464194317
-0.133197737487229 -0.0274536230378543 0.209933631975878 0.304990734549854
-0.0585524684424969 0.0946515742800761 0.24443161370176 0.119049958565311
0.0376094336270174 0.0895335845798068 0.20608959367386 0.00998134954456079
0.0746400118024534 0.0433734758993945 0.20310299411935 -0.0323090706960901
0.0862733608615612 -0.010260899660402 0.202935469645145 -0.0556190495257953
0.0739689975146884 -0.032773058937581 0.188546702793594 -0.0401054408199254
0.0771270726257346 -0.0375584734395522 0.218062137663652 0.0288845852266902
0.100658353229087 0.00301349663168893 0.207984381163394 0.153402229428259
0.098217184306495 0.0771238878115959 0.0949045884358625 0.283549847051963
0.0208680550281328 0.158147165572986 -0.127615051504118 0.251826721048511
-0.145672809567416 0.0842032181543379 -0.198628762622877 0.0848796938004719
-0.143991589570443 -0.0851228473189466 -0.0293225135923231 -0.0496494488681966
-0.0326807904103854 -0.148127745058055 0.18988542196707 0.203357255659709
-0.0688001325368023 0.0609855496732543 -0.239572563364424 -0.212750615618325
0.0519297761422682 0.058729934403614 -0.0291896670577925 0.0913105741659458
0.0562519217013761 -0.0315494773000202 0.22746134054885 -0.0742774623785527
-0.0260565115172986 -0.0543934738489808 0.146044084947806 -0.299311884093926
-0.0506567774297499 0.000590220728083671 -0.123899127808756 -0.328238229562414
-0.0228528622813247 0.0185191491442853 -0.274768321049229 -0.167315906187707
-0.013431454709824 0.0175679744312296 -0.262092867669461 -0.0200212634909043
0.00403472163423461 0.0207742540358295 -0.221376970508001 0.0621315048834508
0.0105148411621559 0.00401530963614195 -0.213419587692787 0.0907984229841309
0.0182544057912346 0.00908618699028162 -0.22600555531112 0.067619898182159
-0.000940734057821976 0.0231150788693617 -0.23950602941434 -0.00259903285143349
0.00124628034938743 0.0122895186126555 -0.24688129523911 -0.105509738145558
-0.00478101884005703 0.0398521917961299 -0.207741980821971 -0.269967048779599
-0.0614145155925356 0.0650832126539485 -0.162099832915171 -0.392042900984168
-0.123392481034248 0.0122399712875675 -0.247695351619073 -0.344062117290099
-0.173753941532182 -0.0194490069473912 -0.202651926844942 -0.225561979897159
-0.0811143885661635 0.0515354450908408 -0.0151962288297428 0.104060838688554
-0.0171035232561058 0.0456198556667897 0.258175467540313 -0.0610315967235189
-0.00617285409009434 0.0468219861832023 0.179597215274335 -0.306434477717541
0.0101693201366423 0.0648505817952215 -0.108717072207531 -0.345182781827899
0.0585144868760286 0.0420881888535317 -0.25801628289809 -0.177726703137235
0.0689382756133472 -0.000492786310149939 -0.241358495191914 -0.027316898076678
0.0805622939859345 -0.000938065485459724 -0.199553849330963 0.0576881326121493
0.0975350826969813 -0.00666348624544595 -0.182508703696515 0.0993934410183922
0.119089694335277 0.0551114304101822 -0.202043266701582 0.100217623123598
0.053178606217307 0.12928704611243 -0.23804780340133 0.04771716352727
-0.0245040745481474 0.144464050300506 -0.27493805229225 -0.0592951444554206
-0.134420806568707 0.0994816956439882 -0.237076987830187 -0.230047229772026
-0.215264285870725 0.00537099079050303 -0.161849760497124 -0.336196431569913
-0.245146852751622 -0.0946683904418661 -0.201947782805932 -0.285894338761107
-0.249570382716 -0.116427638770087 -0.134419123870881 -0.19656913699412
-0.218360791914035 0.012919288356076 0.0127968467604159 0.143807571081535
-0.11697569521199 0.109388751988507 0.298496452995573 -0.0147509678318338
-0.00457025843809448 0.157882396680998 0.232541056220325 -0.289508085381982
0.0694959935313407 0.137749975097617 -0.0655773826404039 -0.348892172967393
0.138661093577742 0.0720470950112967 -0.211953841198476 -0.18381031967165
0.147518327661597 -0.0130540008159199 -0.190704004369017 -0.0374676913721861
0.14511354962894 -0.0225889009494891 -0.151266965095359 0.0443815642512516
0.163747499318479 -0.0245097773223199 -0.120651027532922 0.100601887302049
0.20041998703588 0.071547726426878 -0.139592119678618 0.1361019692298
0.120178991870559 0.192720226750848 -0.199724745151399 0.125281473327605
0.000652767197504333 0.250024599897706 -0.289557105771608 0.0252309963641641
-0.207146892696814 0.179800035023893 -0.271917806457548 -0.160095587656379
-0.329552275409703 -0.00901012917592781 -0.156501264684243 -0.271468218640296
-0.336627643476733 -0.164023340486864 -0.127339896272291 -0.200025578351912
-0.282323509003254 -0.209070723842945 -0.0419762416579831 -0.119486372059132
-0.329654250662699 -0.0554711265801959 0.0526861077953906 0.204093471562151
-0.228045668354048 0.138792687852498 0.329060818720737 0.0603814487032763
-0.0301837791779592 0.255698792303608 0.287061563540674 -0.23075199198811
0.111005631626734 0.207194430757247 4.4781589712819E-05 -0.318264754665722
0.200328715508514 0.10354455901293 -0.136064347311032 -0.175931574759864
0.208522237470678 -0.0189999506506271 -0.11354101351436 -0.0476388324835451
0.189062284426923 -0.0426061547748732 -0.0806473938960778 0.0264921998144548
0.199577184294426 -0.045067307238782 -0.0402802379199738 0.0916044560226603
0.247063214630569 0.0633898209635782 -0.0542146051062479 0.158367036236914
0.174445015644802 0.208973355618111 -0.127059181792527 0.193926186232287
0.0494229903176436 0.305210029898071 -0.267031114892241 0.116586444950168
-0.225075486557286 0.242542126654704 -0.283715386880277 -0.0741441928038973
-0.383022088797524 0.000428781565379271 -0.135871233595428 -0.208423050220855
-0.377859560322836 -0.198211737062592 -0.0337918838347728 -0.105577395068537
-0.263316381090841 -0.271011548601324 0.0603765766971305 -0.00287654686406086
-0.379044663512679 -0.137710737318105 0.0978233291189357 0.273052794420408
-0.313444321723335 0.118189410723187 0.331120159479348 0.149958521861159
-0.0774113891520031 0.307302086934674 0.317323895644499 -0.134186333292678
0.121098334098058 0.25324372221803 0.0752371604665992 -0.245118748753941
0.228065279719445 0.125754223532839 -0.0377217662779837 -0.14752680047371
0.23745805590917 -0.0194143616383036 -0.0189096702298127 -0.054449268934946
0.204536277527219 -0.0554530492123999 0.000458614321454533 0.00534434070915108
0.204185788119106 -0.0605963743077347 0.0441203497988742 0.0736618088729569
0.251874512482555 0.0446258616112347 0.0359007090687971 0.162203453066998
0.195559703190447 0.194494081129237 -0.0431842630323061 0.236359689324708
0.0802849400044694 0.309185097044139 -0.220636270519139 0.184188315169494
-0.215278028111361 0.257749139161124 -0.266329299787897 -0.00031946568765486
-0.378180773275013 -0.00214683423636734 -0.103626571443545 -0.154584469890434
-0.359343938152799 -0.209671426417435 0.06232179225599 -0.0152572977744044
-0.195175850848383 -0.280023079192798 0.154911789026381 0.130589486747649
-0.342031951286836 -0.196018937510358 0.136898635287373 0.336029182996728
-0.329531106673874 0.0634773628575398 0.301468563098031 0.228655168939345
-0.112638997606605 0.288155167802779 0.308791265026588 -0.026432748441553
0.103904167603894 0.250303280186062 0.137244987869739 -0.144687807839484
0.212525593365388 0.124192491369526 0.0649664450834757 -0.104186324691895
0.2252386862958 -0.018301251687044 0.0768434472507066 -0.0586500461344565
0.187927759616686 -0.0594072591995764 0.0799491355347011 -0.0171174292700244
0.181101831919996 -0.0657045557439874 0.121933007740972 0.0507015477430221
0.221340063317893 0.0263885693776674 0.116369502452911 0.153259023365049
0.18313130347824 0.162661304737456 0.0301654192253427 0.255774126926138
0.0805907611901399 0.278007886957881 -0.169101021545444 0.223467866387616
-0.198131913492313 0.227344571307775 -0.234949490430821 0.0503085056368545
-0.329452145974782 -0.0223918467907364 -0.0689614755215567 -0.110562671700198
-0.285446593980822 -0.205828772665624 0.141615722417595 0.0662059093337374
-0.0961524232763068 -0.22866275348069 0.225581270063385 0.248326468535505
-0.23441268163651 -0.195376992849631 0.164852523687305 0.377183397195127
-0.263198241948837 0.0105932367014869 0.258511563162422 0.27834533058154
-0.103969086607711 0.210284514078684 0.276432221059376 0.0603124442399799
0.0752396668588145 0.18910450701914 0.179827178963892 -0.0511024738986929
0.158057537430528 0.0924475910735022 0.150658781826077 -0.063108143699405
0.170315797405829 -0.0172388291779925 0.154956010135394 -0.0637195569739547
0.141210122977407 -0.0530553926697584 0.144891310051091 -0.0382488246146684
0.135597498732612 -0.0588382032104021 0.182590539816877 0.0293253254978654
0.168264409086714 0.0111094550193203 0.178745276902936 0.143811538247578
0.14828748591692 0.120673742091814 0.0827437892208152 0.267310315659753
0.0590943521552802 0.225027747017021 -0.132261914147528 0.245216313980643
-0.175554121797031 0.167839182790898 -0.206629477074961 0.079751775254279
-0.251162909379989 -0.0538745667975419 -0.0423836503480784 -0.0751292681788967
-0.173848309219969 -0.187512295775609 0.190365910986812 0.135966408956108
0.0194577381025423 -0.131776511540174 0.266313117722298 0.319450150795635
-0.0829803697901261 -0.13978273461306 0.183436878234571 0.380307366107775
-0.134566025157061 -0.0200608234325754 0.228315082910542 0.294820635182904
-0.0530144440181899 0.0972777412077708 0.250985947207972 0.107138777069917
0.0430288274945788 0.0863723146118381 0.207260761191622 0.00146640649075917
0.0768148192806209 0.0382131033944308 0.203659197927154 -0.045754562102695
0.0845948187958806 -0.0157748229819406 0.200324684032207 -0.0713358275341285
0.0716235614082612 -0.0373308099734458 0.184749176397676 -0.0529717033509614
0.0737797682136237 -0.0420954244368846 0.220077110910373 0.0154602268453765
0.100281368456069 -0.00297859817717701 0.218712946970177 0.140361685726937
0.102939603450052 0.0703368127502115 0.113945275012143 0.279374631538571
0.0316529278587004 0.15498893482275 -0.112623295719817 0.2629969252364
-0.139898740577756 0.0929949017005025 -0.193060166630775 0.0971464634900867
-0.14863517495866 -0.0773320267516573 -0.0335905763785139 -0.049466527178638
-0.0405915917893685 -0.146426917718919 0.20063436167452 0.188522491642447
-0.0682090893211262 0.0657480692701616 -0.253918107848064 -0.200457922564427
0.0557651829680789 0.0566199289065787 -0.0250258981647639 0.0968881694107634
0.0542477684045556 -0.0342921727572614 0.224699511692742 -0.088209840927835
-0.0292429663585533 -0.0528184322222149 0.129575688125831 -0.311397993935474
-0.0501309311646802 0.00486254369189775 -0.145418947342814 -0.323244338893937
-0.0212304927000393 0.0210016318451251 -0.28749234714624 -0.149426398734948
-0.0109739469887996 0.0185954039664042 -0.265988670760003 -0.00206381872132523
0.00657464452691683 0.0208546604759088 -0.218745496347934 0.0770129891184101
0.0103230535982436 0.00321824074832167 -0.209332565358535 0.107292380846083
0.0196528275008366 0.00750965579009141 -0.225425122394864 0.0844465748218
0.00162613064559069 0.0245847552268873 -0.243328180820189 0.0101516879605562
0.00212065367661232 0.0136380605622586 -0.253860679451626 -0.093449779678668
-0.00341892425585744 0.0413734623871383 -0.223822798827067 -0.263249665426172
-0.0578201585331841 0.0687152727732273 -0.187232886354078 -0.386179213843438
-0.123212459430288 0.0181693999869481 -0.270680405844738 -0.332320093920503
-0.177053214578547 -0.0113527197163136 -0.217882220039313 -0.214530057585644
-0.0789570159096381 0.0576472567016378 -0.0109846301619456 0.109856600293194
-0.0148373526784265 0.0469656424080172 0.25516938288058 -0.0756435323144443
-0.00239944330069836 0.0475033960382231 0.162261497712344 -0.320103092952111
0.0157373425948861 0.0662402619306452 -0.130419909058184 -0.3407894334226
0.0627009741959133 0.0391001115604974 -0.271056544734132 -0.161326513919864
0.0703788010538048 -0.00492660874148101 -0.245641602136709 -0.0110577793461651
0.0825821913956093 -0.00629865217076649 -0.197833286996778 0.0713237259640785
0.0978691628067611 -0.0134708585739091 -0.178012622089842 0.113801639717507
0.124636955273949 0.0471165081434029 -0.198420214349707 0.115683174673927
0.0642450198555384 0.127965312594083 -0.239359683356908 0.0633280856322966
-0.015483187803365 0.148592026098719 -0.280641325781138 -0.0446574819740562
-0.130658417327919 0.109416245604707 -0.251952518239338 -0.221166929355193
-0.217394116268969 0.0176694288058745 -0.183888926127713 -0.330084645502796
-0.252067070353265 -0.0821127782039923 -0.22041840129404 -0.277353551622958
-0.258495537689738 -0.105044218038843 -0.147418523922016 -0.18902107277692
-0.220065586509604 0.02673375878996 0.019382190970887 0.148928835860685
-0.11157398343155 0.116270850419318 0.298438545447078 -0.031281361601647
0.00576789161345033 0.158772693562779 0.217880955297902 -0.305456285896838
0.0800480961286703 0.134598188044132 -0.0879361455642645 -0.345397611501927
0.144681932322447 0.063452365922945 -0.2252653419979 -0.170630514332783
0.147791560627538 -0.0230838640476578 -0.195219821223955 -0.0262220377153215
0.145904503400543 -0.0321268252068846 -0.149317267784673 0.0550161682946095
0.163177863519566 -0.0357984837883925 -0.115092278372008 0.110567634801119
0.208603231937668 0.0580644744315942 -0.133854479487651 0.148724636447423
0.135987143737951 0.18828890582543 -0.19503221757316 0.1391030536542
0.0174760579485264 0.253677172141844 -0.290313963085067 0.0429323096501364
-0.199315527925146 0.195242404459879 -0.283492878383898 -0.147054960169137
-0.335179660472012 0.00980281682187683 -0.173115225645209 -0.26468338729571
-0.34847730284419 -0.14707570104843 -0.142188512099884 -0.196286150939091
-0.297936750051967 -0.196599764187163 -0.0501307304589999 -0.115256029751654
-0.338122118433671 -0.0359614865444934 0.0629977891853107 0.207116553956271
-0.222203477882498 0.151929299946987 0.333082944293926 0.0442352021966178
-0.014220496984351 0.258563134652968 0.275705620309341 -0.24883784773184
0.126005887993223 0.202192622065636 -0.0199807198842068 -0.317204721749317
0.209890892743817 0.0907236925728175 -0.146809622981381 -0.166832263789313
0.208524528791053 -0.0336803076840202 -0.11767999447276 -0.0418790156506148
0.188113604707344 -0.0552153922660163 -0.0796295580977587 0.032488537247986
0.197977194392058 -0.0590652815150606 -0.03461229406311 0.0954729175547791
0.254360515770956 0.046775797579323 -0.0447406205821694 0.165560326143797
0.192038417973832 0.200640407330414 -0.116419267031512 0.204405086489266
0.0698644395361971 0.304916907148464 -0.26287147287203 0.135153074361525
-0.212884005382056 0.26042111368559 -0.289726157198781 -0.0586579555321187
-0.389232673306163 0.0240470142492493 -0.149776627420618 -0.202435225328313
-0.39198950197663 -0.17859572706954 -0.042281196960783 -0.107434675737984
-0.281035541251813 -0.26130635064685 0.0601704330832027 -0.00347063417152991
-0.392829567915553 -0.116106150867977 0.111438281064091 0.274057568324037
-0.310314133901566 0.136257959018513 0.340794816650682 0.135834013042948
-0.0588658390533244 0.313083225084026 0.311940389827305 -0.152266276638167
0.139331096071393 0.247892457361465 0.060836316822004 -0.246965323697189
0.238840451227405 0.111076847077607 -0.0450067206148606 -0.144846426698967
0.23731691490544 -0.0360398893248819 -0.0227578081455207 -0.055571082254174
0.202612587668877 -0.0690076568686443 0.00072251835835236 0.00591084819920489
0.201686849215768 -0.0747919211329515 0.0498367798281982 0.0711160498126857
0.257905129028328 0.0278816392996909 0.0470147914235989 0.162926015606044
0.212002872566432 0.183758277635063 -0.0288793180059286 0.241940901271252
0.102105692478807 0.305913383730223 -0.210582456170646 0.201260424433355
-0.201633879877789 0.275666478453195 -0.267180053325477 0.0145869145489667
-0.38331620376011 0.021820117737012 -0.11355352940597 -0.150248682400847
-0.373204910382721 -0.191043893789353 0.0593467507451401 -0.0218060305095733
-0.21324745844109 -0.272504949511493 0.162553407120981 0.125051757318128
-0.357985242003208 -0.176393600093975 0.154268885756073 0.334858853051798
-0.329841636723763 0.0823779098806978 0.316192801737488 0.216217517081409
-0.0960116554790244 0.296629218904546 0.308679676524631 -0.0424229088094697
0.121305726434104 0.245370520415656 0.130226671163338 -0.149485151023984
0.222783007025717 0.110100612217474 0.0620600185362077 -0.108070613643345
0.224019441174747 -0.033970170376208 0.0738236859525776 -0.0664421176177006
0.185309763376007 -0.0718151939728972 0.0792088019273589 -0.0221410848577214
0.177772396940152 -0.0785439911364031 0.126178015635071 0.0433515835658722
0.225441071493515 0.0114698897225819 0.127460347847353 0.148236238607792
0.196484519349982 0.152649384272031 0.0470043282028598 0.257890304563725
0.100318274080684 0.273342622906038 -0.15737964789176 0.238304081375902
-0.185110378542259 0.242038383720501 -0.231451821029948 0.0638170749409642
-0.33455546438824 -0.00335707150492267 -0.0765548535678731 -0.107649950990897
-0.299321432382267 -0.190818800584804 0.144042724456279 0.0552579602827466
-0.110598999033583 -0.225431086031979 0.24033422655747 0.239017328125983
-0.247562766248328 -0.183514812491819 0.185530005974734 0.374021436390255
-0.26534515148707 0.0256752059438426 0.276349985438936 0.267651999771326
-0.0917905707173224 0.218007409696422 0.280034183106403 0.0463827878025831
0.0878131277172411 0.185589549898982 0.178081848590249 -0.0577799297965549
0.165246533836173 0.0821584769248426 0.151871853132448 -0.0732836969750087
0.169726061156284 -0.0286157936817916 0.152546569710706 -0.0767740490592457
0.138367381978699 -0.0621364003555339 0.142340630497242 -0.0474243950208411
0.131786414807869 -0.0677345878536157 0.185640252907718 0.0179870508981836
0.17013046209173 0.00088513151488008 0.188925268771719 0.134686659444295
0.157767127783263 0.111686489531896 0.100781016431696 0.265605241561121
0.0751978290731026 0.221589975970068 -0.117940066511222 0.258231902383888
-0.16636904643856 0.179264610659147 -0.201817538300328 0.0928517992607921
-0.256192837840394 -0.0391578550898988 -0.0479506543334168 -0.074690861884302
-0.184772934436537 -0.179293772145546 0.197681858364566 0.122670289650198
0.01221287587231 -0.133521543028028 0.286247353345156 0.309307336381806
-0.0916937863190602 -0.136183731050815 0.205661450811965 0.376191352060038
-0.137331235942041 -0.0133588751825233 0.246498185216056 0.286387998696914
-0.0482060512175785 0.100631769113679 0.258035881076226 0.0952825486846134
0.048598631116373 0.0830480071231856 0.209464648656119 -0.0080695670756185
0.0796509214140413 0.0335935511154473 0.205939566469945 -0.0597384442830791
0.0835841595276258 -0.0205950156445714 0.197112514667845 -0.0865790715141827
0.0700353105892823 -0.0410261837040086 0.181690644327368 -0.0648688994069873
0.0707344303750119 -0.0465746343412408 0.222047863601418 0.00147887848134969
0.100939962616197 -0.00860864459719037 0.229449738621471 0.128181765800802
0.107664196191746 0.0638048503748108 0.133699944085306 0.275579102277091
0.0423039399089589 0.152593040643439 -0.0964927244958164 0.274372238115811
-0.134294470358735 0.102201361421876 -0.187637496751681 0.109805890357178
-0.153791355770956 -0.0699405282745728 -0.0377450739205648 -0.049819393524649
-0.0486690571770471 -0.14629800263049 0.21227429496301 0.175578368553673
-0.0733825688228547 0.0529815147680789 -0.227269411730695 -0.237238028979189
0.0460181083596646 0.0619026479953085 -0.0435874885513523 0.0987087315307864
0.0578760916483416 -0.0210523266004491 0.236741597252347 -0.0492884805186891
-0.0189043690002649 -0.0504036796666367 0.175860876989098 -0.292388764041281
-0.0447912438522719 0.00174988062672734 -0.0959886062908844 -0.344187166944973
-0.0209525522600714 0.0200611717841058 -0.265441012180971 -0.193876626425752
-0.0123252315396163 0.0189850251693591 -0.268855772773969 -0.0428395171087184
0.00628789257799623 0.0227681550151042 -0.229054321496655 0.0426921545900066
0.0104960082979763 0.00549959257975057 -0.225323631171915 0.0756972976230495
0.0194464353321216 0.0109774000311506 -0.237844546905767 0.0484356223870015
-0.00144544569682032 0.0266031532892186 -0.244583852342751 -0.0284303099867142
-0.00205736774542232 0.016591620719628 -0.235784248698123 -0.137850206363381
-0.0150789621384983 0.0410551085929982 -0.182664444116198 -0.304296045087691
-0.0720992182810276 0.0578589104844909 -0.129046625164836 -0.422400539361859
-0.125284059311592 -0.00472402055614879 -0.218005279698576 -0.389575058219472
-0.168084977138341 -0.0400569217660818 -0.190248622372947 -0.248208704826244
-0.0867427482037799 0.0452671005435833 -0.0302383165880486 0.109212170438393
-0.0227659022604442 0.0484878376545163 0.261770056303677 -0.0345793841438654
-0.00738352880105926 0.0499885511612347 0.207836758949095 -0.295557567698353
0.011080077213562 0.071677825605161 -0.0805438604681907 -0.35928363663146
0.0591145672423567 0.0497061774755451 -0.248776489429366 -0.200885521259978
0.0709760102886235 0.00622831216215109 -0.246204778960858 -0.0490548934319068
0.0858822828712482 0.00695964576529914 -0.207405692819347 0.0404919749692654
0.100205037472782 0.00270853024436264 -0.194769346803748 0.0872960349961639
0.118056889831657 0.0665403991444913 -0.214870374281542 0.0858136347114466
0.0447763220843986 0.139872402552251 -0.246913163343507 0.0287922348812125
-0.0416700415113144 0.146940671520277 -0.272695309281353 -0.0879926599597647
-0.155087203040107 0.086382623759801 -0.221946341470021 -0.262996877859751
-0.224401673000224 -0.0200972494314633 -0.136977959601705 -0.368894068846474
-0.236338419880607 -0.128043203709678 -0.179933850235668 -0.32535096837163
-0.23266406006353 -0.145250238921416 -0.123318982952766 -0.212582899448441
-0.221323954710661 -0.00514294074206027 -0.00416459176744565 0.147421616749625
-0.129337142135108 0.101166982825596 0.295476873618962 0.013806304179645
-0.0157005915015693 0.158850128125666 0.258871507061396 -0.271555185377846
0.0630829653962045 0.148996143784906 -0.038414146034572 -0.357048319523497
0.136476846798818 0.0855261380696659 -0.201738704232855 -0.201803249418986
0.150049494424819 -0.00119589732778999 -0.191846328657282 -0.0568250422216798
0.153535245748705 -0.00986458723063002 -0.156705711797966 0.0314510891350717
0.168521489838498 -0.00951962263017295 -0.131416894731938 0.0937045246461099
0.199443086220246 0.0892692613717912 -0.154589181239218 0.130141219789545
0.107159546834428 0.210670293251296 -0.212970137005653 0.113698950447098
-0.026548050419038 0.255126159005803 -0.29560407334132 0.00241819880707341
-0.239661707011772 0.161002810500374 -0.267821035050908 -0.189700593535586
-0.340741259399349 -0.0477022015681948 -0.138954449172242 -0.302826972445242
-0.321435616103044 -0.208627032073679 -0.114468677973533 -0.228178810712021
-0.258374099321113 -0.240891000388197 -0.0362575248929089 -0.125136160529596
-0.328390106121992 -0.0828138098178644 0.0338574859151676 0.208396192681813
-0.245617563221878 0.119669283266359 0.318322944861258 0.0902658634824467
-0.0515224826072523 0.252714349836852 0.305818130998216 -0.20588808713003
0.096615191595188 0.221864626389712 0.0239244773502466 -0.31860999361946
0.195983051204892 0.121601997368381 -0.124593761682784 -0.185936922468642
0.211076403630568 -0.00390623968906604 -0.110692467647445 -0.0603480824067781
0.198729429969225 -0.0260009853327666 -0.0850950396171244 0.0204169973929777
0.205856147064631 -0.0264358183261041 -0.0487260017507831 0.0910112030791874
0.245965557495803 0.084471020473347 -0.0672505877257639 0.161584522739488
0.160545039177904 0.232334285284458 -0.142413397759572 0.192564109329916
0.0183232691981803 0.314191999657545 -0.282057848097225 0.101881626040802
-0.263742164086467 0.224136767574892 -0.287610339204322 -0.0985029906855846
-0.396413731493076 -0.043082682003972 -0.124984829968537 -0.235346801283792
-0.359627312396871 -0.247056913717473 -0.0290032259470542 -0.119725590586311
-0.234526066993436 -0.300893186892777 0.0573820094870457 0.00257276059679762
-0.372044720754602 -0.167860863414529 0.075865443439429 0.280159974217121
-0.33051809950256 0.0905556258265907 0.311967428722436 0.17952858352777
-0.104604761825093 0.297484216255124 0.326051299465026 -0.104415079601692
0.10098491602364 0.267295039173675 0.0932717274150205 -0.237484713380495
0.220153183609562 0.145607243807708 -0.025672509600094 -0.147797723013534
0.239977186387333 -0.00301521889125892 -0.0118043661267696 -0.0591228409936643
0.215476958163278 -0.0382894475219712 -0.00102945588511492 0.00590011335279658
0.211036206120501 -0.0416980927991295 0.0399666656882727 0.0799595047403534
0.252457866996928 0.0663850678648943 0.0242762571819622 0.173147405996289
0.18299750315864 0.218266578778052 -0.0593521286111921 0.243571924855957
0.0503245904967371 0.31928795030383 -0.240395287409476 0.177127510564017
-0.253721370883538 0.242428355387014 -0.27586168864831 -0.0192929108289871
-0.38866011156065 -0.0439613606659311 -0.0969023681498249 -0.176708651842374
-0.340081791719063 -0.256131893122978 0.0606577418907615 -0.0138494451242167
-0.167686758876447 -0.30201066648829 0.142293470993432 0.146963163657247
-0.332072659953811 -0.223056469062422 0.112149493752882 0.348333221262721
-0.344328921007464 0.0322330838482044 0.277348324224282 0.254307158457534
-0.138811962910756 0.275610039554846 0.307030046925919 0.00372650974107842
0.0815129657846554 0.261139515886069 0.148845518260564 -0.12907185104524
0.203629146589988 0.14231969614825 0.0771700769229999 -0.0961677195424847
0.226021691919998 -0.00265230194759054 0.0870682000154227 -0.0555919766337525
0.198064505187727 -0.0438418291492074 0.080485637671856 -0.00964563850046835
0.187243543301672 -0.0491081861654292 0.120279414269679 0.0630242523885081
0.221482565842273 0.0450883182483706 0.105403999556246 0.170938365005014
0.171677461650962 0.182940362270803 0.0138934769203681 0.270269916867509
0.05405054915179 0.285185598216988 -0.192901886914316 0.22299261019206
-0.230305909025422 0.211201076467909 -0.247616643851849 0.0359558461712648
-0.334369610614508 -0.060335989981637 -0.0647174617538428 -0.127801680937407
-0.264856985322394 -0.242846333152926 0.134599775274651 0.0797825463438414
-0.0770998462352467 -0.239169592368884 0.20401314462733 0.274446215796798
-0.223227771357424 -0.214438546221337 0.136773197369424 0.395467656941112
-0.271179432871477 -0.0137062362900921 0.231420352518476 0.30122034895838
-0.124423587009085 0.198413254281354 0.266343798772112 0.0880580591437054
0.056769193844398 0.196964363402253 0.18456797912971 -0.0301883744817259
0.149586279591762 0.106371978813221 0.162770896846321 -0.0489302279179545
0.170488150106201 -0.00522452683162157 0.167673956588372 -0.0534572546923537
0.148794915047888 -0.0413585791916952 0.147480900418578 -0.0241574740728622
0.140204960299056 -0.0453849972986085 0.183354730165209 0.0478203837968
0.16793751818475 0.0264255209861883 0.168149954560368 0.165538674117719
0.138906898307812 0.136670414771468 0.0650963187749337 0.284129223412673
0.0383385977230344 0.228854921473766 -0.157369869993096 0.247661971693255
-0.19921537011293 0.151053191464823 -0.221893479480021 0.0683622838018579
-0.249634951951891 -0.0834936670881807 -0.0401056012734271 -0.0886069979430549
-0.152761244329239 -0.212302562181095 0.178572054997628 0.157680840997661
0.0272171479770148 -0.128156400847135 0.24144951267277 0.352208669115356
-0.0776170580894625 -0.146382808839129 0.155196604065725 0.404618065175771
-0.139013865744052 -0.0333042362951463 0.200516298033915 0.319665089774914
-0.06480043797756 0.0912408341338718 0.238107391153581 0.134042425091224
0.0327075549134579 0.0892827287485731 0.209579507356658 0.0242946643836529
0.0712768620688291 0.0452686752354778 0.2169667858159 -0.0292346559269923
0.084332111793576 -0.00942346714482219 0.214048061608471 -0.0570415710231238
0.0765871784605913 -0.0306774134427774 0.188725004105558 -0.03588726400383
0.076024185175042 -0.0336678316083226 0.221484217793111 0.0372668056868501
0.100824575460041 0.00671974043424648 0.208263328525272 0.16495690198173
0.0959804262157282 0.0800318617934352 0.0943141663957882 0.297533813991111
0.0180202969415144 0.156486756123312 -0.139270938612729 0.265704799856919
-0.153231113134643 0.0788851803244494 -0.209613792410841 0.084573454953578
-0.141238344842311 -0.0964700201741346 -0.0319768740407748 -0.0613125323829214
-0.0228072061592584 -0.15546470993343 0.185269416845049 0.21473608382763
-0.0712436054468378 0.0574022638771901 -0.242538537702568 -0.223271979318345
0.0499846098480363 0.0598022763397492 -0.0383000515697316 0.10519907385815
0.0568200929319204 -0.0237421434590745 0.231985121996428 -0.0630940817147773
-0.0216370914826056 -0.0480837598765445 0.156708854518581 -0.302979190312746
-0.0432102217849337 0.00543172583505175 -0.117837706473815 -0.339362245243316
-0.0182435232392199 0.0223162815417801 -0.277277490083836 -0.174195797218315
-0.00976572790536834 0.0199457397853054 -0.270856671329244 -0.0223880668885848
0.00958758591607522 0.0216467488841506 -0.224642579059308 0.0583510938417727
0.0111616789139243 0.0058950891798139 -0.219590359433471 0.0939273453125647
0.0198634478459715 0.00929190125919581 -0.23573930873079 0.0659482354383225
0.00127285017122312 0.0272262515338906 -0.248139150429628 -0.0139242087677741
-0.000683226554736674 0.017525790501416 -0.242919325536507 -0.125282286047693
-0.0135887204028512 0.0429933017616119 -0.199896220915358 -0.294547820689103
-0.0677154159724979 0.0616598987038496 -0.155048217361379 -0.414130324429052
-0.124281065908925 0.00131022445973333 -0.242356352138336 -0.374841703041057
-0.171156170805237 -0.0310547662924921 -0.20580331753085 -0.235113550408116
-0.083228001811925 0.0505519454053222 -0.0244516708316189 0.115056459382076
-0.0195930172306656 0.0494894565113539 0.257585452409282 -0.0487873706315179
-0.00363093006064633 0.0505495377782024 0.188791128221791 -0.308016187932845
0.017571625211293 0.0707353078634108 -0.103242471101933 -0.352611652852523
0.0638443509498416 0.0459957705352203 -0.260254957543095 -0.182899850427357
0.0718345316258844 0.00145480565922498 -0.248952221774785 -0.0315480978618541
0.0879963153223926 0.000776556895393624 -0.204114416572423 0.0539752739707674
0.100874075213005 -0.00386828126618143 -0.188187150499886 0.102038016116052
0.122692702208273 0.0577203182443176 -0.209717633442492 0.10193310772887
0.0559775482914681 0.137542778244603 -0.247034799951662 0.0443631136604243
-0.0311654006245094 0.150432603138511 -0.276226128204935 -0.0721641038370505
-0.150349742536595 0.0968709331019798 -0.236795010364614 -0.250950000992303
-0.225412033975623 -0.00661370615033143 -0.159362510312351 -0.360406128544141
-0.241828275212885 -0.114999389670974 -0.200675626206501 -0.314697968891041
-0.241940547089258 -0.132492865511858 -0.136127879686794 -0.203213390410059
-0.221727576274545 0.00884903147143096 0.00404062042296656 0.151893302313446
-0.123258172009084 0.10838452151466 0.294445020674391 -0.00187959030028895
-0.00507559462560798 0.158852738319213 0.240202049766879 -0.285584329354437
0.0739053993212512 0.144382925581303 -0.0609664958002496 -0.352068818119986
0.143490282488574 0.076246468604005 -0.212541819354934 -0.187497345917018
0.149498565776595 -0.0118828568295682 -0.195089644654615 -0.0441707293350104
0.153781080450166 -0.0200026406472472 -0.155441060697209 0.0422919782442451
0.167887595782521 -0.020393377692264 -0.125524204492222 0.103352344882521
0.206082813677622 0.0747342105473459 -0.14524028704601 0.142737360462887
0.123283386341985 0.204358577947655 -0.206065122447512 0.128097710041959
-0.00864290315399356 0.25688337889142 -0.294927073626228 0.0220816268219946
-0.229397659405448 0.176963727221336 -0.27823129682292 -0.174724335377386
-0.344394190380039 -0.0264416102911858 -0.156553782540231 -0.293451456620711
-0.330389641111068 -0.190714420652008 -0.130455700989385 -0.221810698827922
-0.272220987945775 -0.227530719879946 -0.0443924264923896 -0.120419713924584
-0.334843271990245 -0.0607112639897196 0.0451633616201593 0.210149077827387
-0.238302833981079 0.133782358069514 0.321192489637018 0.0734607335388643
-0.0351683925775092 0.254425525622415 0.291891309478567 -0.222831367597713
0.112309369650158 0.214694897393567 0.00377479929425661 -0.315604431416823
0.204420908312611 0.107853540057242 -0.133859357924592 -0.176165728914287
0.209818564446318 -0.0193445246547993 -0.114261634734958 -0.0534682990029656
0.197545763064537 -0.0396839538111244 -0.0831612132893923 0.0265686570463847
0.202945594108476 -0.0401392299583253 -0.042682945649456 0.0943902423937317
0.252511095229326 0.0659617812375881 -0.0566453804858127 0.168136618519416
0.178889824067926 0.221556364892364 -0.129457253273588 0.202311396960102
0.0404122496362577 0.3115415680464 -0.274632358492169 0.120951823332727
-0.249473249005144 0.242735581232482 -0.292108195691197 -0.0825051736326604
-0.400028341651883 -0.0179879864361447 -0.139899776675561 -0.227355563314015
-0.371192355180236 -0.224896385516206 -0.0386682084706184 -0.119551159280606
-0.250736381867692 -0.288909173928857 0.0571231038882047 0.00162531855301063
-0.384760018102561 -0.144153812541317 0.0905481915315223 0.279058225841859
-0.326698273509145 0.110003916935668 0.319835464849725 0.161954932692831
-0.0855083909171471 0.303009678489489 0.317377531010185 -0.122528142159148
0.119300985807818 0.260233129387918 0.0786299727221115 -0.23755938472228
0.230314049507569 0.129667800675192 -0.0316311205381139 -0.14559251951998
0.237975835152589 -0.0199343462515648 -0.0149603789833234 -0.0602353015543
0.213236049863006 -0.0527860827793192 -0.000617956526421595 0.00700315398944821
0.207098509217788 -0.0556503672218982 0.0445933971491206 0.0767128552269623
0.256097469933259 0.0475438126215125 0.0360193423112005 0.17380726409562
0.19941816730632 0.205839462822603 -0.0428322136423196 0.247869340560521
0.0730951817515915 0.313950462132719 -0.228001317898536 0.194543617886042
-0.238380075295584 0.258398093940773 -0.274575666350642 -0.00324235931908005
-0.392632516611119 -0.0193057083055443 -0.107498107409502 -0.170508243553259
-0.351336961031437 -0.236397482073836 0.0567187742614548 -0.0199771054872264
-0.186006315101263 -0.292853593485786 0.150014429202768 0.141240040400742
-0.347357100930144 -0.200756660128661 0.131094257248522 0.344183041249844
-0.342858106222351 0.0534310973106278 0.290532357679684 0.238314673472332
-0.121383008114248 0.283336888090106 0.304953127594092 -0.0134600401196783
0.0994673988974772 0.254629463568846 0.140883621997351 -0.132811250554937
0.212364380499786 0.127791856119446 0.0747097539923061 -0.101232051520696
0.224600745566311 -0.0187813077486589 0.0834106662423075 -0.0636602124368718
0.194697538631049 -0.057736417408732 0.07972371962946 -0.0141919167023994
0.182556301427695 -0.0607304456840323 0.123906051514332 0.0544212560862196
0.224097330856971 0.0295196688095522 0.117505722389618 0.164998976195541
0.185096548990959 0.171156364757837 0.0327485731510653 0.269286242074791
0.0743366395164985 0.279090848120404 -0.177589617276922 0.236792086673248
-0.215561820068881 0.225929383953862 -0.243022559011342 0.051081381618981
-0.338387551547149 -0.0386924808496297 -0.0729583619965826 -0.124206587232274
-0.277345570507931 -0.227671980193832 0.136299295404575 0.0681882546667564
-0.091264320054383 -0.234605625433062 0.219387485784315 0.264602760217551
-0.237550305635703 -0.199561654457114 0.158740426640435 0.388616949456087
-0.272718354579728 0.00294733808123923 0.248131208476887 0.287959631321056
-0.112076205315258 0.205324526514136 0.268429736723721 0.0747448516392499
0.0695473405495397 0.191749573130735 0.183394323976425 -0.0365649932484765
0.156125206227556 0.0954795056714514 0.162930696883496 -0.0608189339394532
0.168867081645439 -0.0167035398889739 0.164101458885369 -0.0670064440320208
0.146125784831773 -0.0513938746245752 0.145738292613467 -0.0332588060026118
0.135809554796687 -0.0542189732858027 0.185508688706273 0.0350375948592951
0.169239495021012 0.0150320929385718 0.179418651962264 0.155141561863999
0.148241412780486 0.126334465417789 0.0849816945185386 0.280239098141044
0.0542502856603519 0.223379463414982 -0.140160294743308 0.259293762256396
-0.187726015021589 0.16331396523062 -0.215182490193974 0.0816420221466946
-0.254128154672232 -0.0683269374939496 -0.0463431402727457 -0.0869968443069274
-0.164302137210219 -0.203382263177101 0.186027213088918 0.143653062816921
0.0191333560472738 -0.129828239496009 0.259924235123412 0.339973558238743
-0.0869398343790257 -0.141067260380339 0.177895708453896 0.394958278817826
-0.141742871258466 -0.0239252349566717 0.219598423133253 0.306262668805154
-0.0591968132148783 0.095191538381542 0.243725797107976 0.121192115390057
0.037955671669528 0.0862209603164712 0.211457249545817 0.0149526302513559
0.0733704982802309 0.0399540713934708 0.217904272331259 -0.0448406737629411
0.0826945363055152 -0.0147003651721423 0.209742107966707 -0.0744572109205693
0.0747396550817179 -0.0357220570965948 0.186240291922736 -0.0471913192714863
0.0732233031531666 -0.0380095751287445 0.223381227012338 0.0220091598814918
0.100527326528728 0.000630929417224917 0.219164912846132 0.150863715289359
0.100837996849952 0.0723289932501909 0.114956068704119 0.291183130989361
0.0281958026875472 0.152685401040182 -0.121914221995196 0.274678181959381
-0.146688179756206 0.0887467042040442 -0.20226976533432 0.0973473962343925
-0.14594559095997 -0.0881146682659206 -0.0373073363096986 -0.0604882980876964
-0.032018143547071 -0.154402849262202 0.196813435433806 0.199247345016201
-0.068941904949931 0.0612751437861244 -0.253941716638898 -0.209464274686273
0.0540670649352802 0.0563034298603712 -0.0323350674132509 0.110560808439742
0.0558162829046272 -0.0259465119496766 0.228193698583822 -0.0733599225357917
-0.023360759346632 -0.0463419637975745 0.139307339938257 -0.310714620551007
-0.0409304725620284 0.00782579591868203 -0.135308446152494 -0.331833631371137
-0.0153297694246165 0.0230722002798758 -0.285173598161275 -0.156741740093322
-0.00753761792132693 0.0206362418570834 -0.269901895723306 -0.0056098190035208
0.0124164596884951 0.0206143745137847 -0.220728135074697 0.0714492771168835
0.0125057713221447 0.00573074565704601 -0.213077874757255 0.107489975684506
0.0206171778509934 0.00861401931261106 -0.231882414419665 0.0798783945785945
0.00396990143871975 0.0275626912415772 -0.249148613137434 -0.00168792132019459
1.71676491675767E-05 0.0181307025002186 -0.245833394774765 -0.114598886841152
-0.0118736805704502 0.0444605243004419 -0.213667288857153 -0.285499518572275
-0.0636266212115832 0.0641684909357164 -0.174505937218443 -0.404982932896212
-0.122137578294518 0.00550980836213774 -0.258821604123293 -0.361575672083647
-0.171934327529684 -0.022786239192645 -0.217740254475607 -0.223425566162029
-0.0798773737562766 0.054977948234447 -0.0188582925776102 0.120031832863642
-0.0164615372406556 0.0500569258853701 0.253282618831482 -0.0610242145321509
-5.40604368106327E-05 0.0495292002659792 0.171477674324876 -0.316257812514912
0.0228617848620659 0.069653564762867 -0.12060592261978 -0.345022829604943
0.0674492307542565 0.0419025869071795 -0.268195078966194 -0.166574799611633
0.0723904337553566 -0.00279468622670256 -0.249200445103821 -0.0160661767534745
0.0890347455356292 -0.00497183616743197 -0.200607800520579 0.0661490306996142
0.1006988043384 -0.00932647101936604 -0.18152408392105 0.113906570203958
0.125835507331046 0.0499237388332221 -0.2036665938144 0.11521169466847
0.0655139081693055 0.134975675324716 -0.245339136313296 0.0574583422373149
-0.0225055132740665 0.151640107368036 -0.277753994126033 -0.0577543253088152
-0.145538559570332 0.105424588583176 -0.248235308821518 -0.24026079900267
-0.224962830682728 0.00433938369364421 -0.177191525020021 -0.35046781792147
-0.243861318148815 -0.104188021353069 -0.216690339368755 -0.302891500106893
-0.247281293025492 -0.122064735464801 -0.146381627568242 -0.193728230308552
-0.220347040252651 0.0213135441670927 0.0112940019489123 0.155853480992677
-0.11704490850912 0.11342246283701 0.291730301250343 -0.0156032620623418
0.00361996031004181 0.157180777012474 0.224619492878298 -0.296954211230559
0.0831955306010258 0.139584748255092 -0.0781715981255128 -0.344617957853086
0.147856178034911 0.0668185909139469 -0.220635202668147 -0.173825078148881
0.147773561813501 -0.0205974404426657 -0.197047888654855 -0.0320652424971898
0.153644332112531 -0.0294036460575703 -0.151456595324113 0.0521518195393376
0.165981213198843 -0.0301756186117458 -0.11932416855928 0.111244920282405
0.209411493943017 0.0617851049588924 -0.136916195093007 0.152823632474057
0.13699074086665 0.197860193087833 -0.199030467025556 0.138443940561366
0.00711780693793624 0.256103568536229 -0.291543312557999 0.0376219724398888
-0.219851559020563 0.189378886083271 -0.284257454889582 -0.161613171150808
-0.34386236206859 -0.0090289995804373 -0.170912029939543 -0.284079119787023
-0.336339999740248 -0.174768107718384 -0.14312282759489 -0.215426797105297
-0.282662719750092 -0.215482768358786 -0.0503684745721298 -0.115691039664237
-0.336788241732693 -0.0433179934002932 0.0548501447899785 0.211638387554604
-0.231404417772431 0.144214335268014 0.320880675085739 0.0583541379382738
-0.0207639519071104 0.254196192598682 0.27819859489656 -0.235298193989066
0.124685293912533 0.207521782415712 -0.0120373146585085 -0.311365455889855
0.210635770156569 0.0943308363404065 -0.140274949569941 -0.168033782439387
0.207020368472944 -0.0318836150941144 -0.116108083495959 -0.0479214959434626
0.195663009196254 -0.0516510510102131 -0.0812964624300939 0.032249308440422
0.199785029720477 -0.0516721732052751 -0.0374588442718839 0.096967750632642
0.254617097874096 0.0503686930756743 -0.0459374948072853 0.173274516509654
0.193400646208066 0.211635834061365 -0.11866231465663 0.209350884877559
0.0585209800832625 0.307149497410802 -0.266448939712565 0.13622309573957
-0.235959353531635 0.25590632310208 -0.293881902561447 -0.0684506992290604
-0.402385049464131 0.00322216605392711 -0.150009801484835 -0.218763024603091
-0.378988285109623 -0.207681388900371 -0.0472321717115612 -0.118262827729673
-0.264704470304432 -0.278266145029564 0.0568271607959146 0.00162981203876508
-0.391669050491718 -0.122351422813756 0.102656409914014 0.277266262623453
-0.321169913441134 0.125778559637365 0.324807720720038 0.14738118621761
-0.0685335302686039 0.305721336476696 0.30914070048662 -0.135816049368986
0.133827081682673 0.252060301049519 0.067765197040442 -0.235739206716527
0.237219287299741 0.115921837395208 -0.0363587560433823 -0.143744521397585
0.234821736460368 -0.0340785049767426 -0.0184578500475461 -0.0613872154593327
0.209361683289271 -0.0659734432313226 5.43863199051603E-05 0.00788770139301242
0.201829666723107 -0.0667382435477692 0.0483674660495901 0.0737195509860705
0.257574332305245 0.0323370373309871 0.046921317982414 0.17301714489622
0.212412617780165 0.1935871517172 -0.029128914685621 0.24936682588364
0.0903726776929672 0.306363352542378 -0.215916905735568 0.20840787492184
-0.223284383088528 0.271354093666282 -0.272396915528805 0.0101502512348713
-0.393423800418833 0.0026133965285395 -0.115686064602104 -0.164545455084999
-0.359424649550411 -0.218917871939414 0.0526270442374562 -0.0251914727970544
-0.199789743266585 -0.284936042368161 0.155917970714539 0.135693556032146
-0.356790060532574 -0.181223044981755 0.146508124131887 0.338745179695818
-0.339776520446384 0.0712770247209695 0.298382893151419 0.225014312211487
-0.10554327844974 0.287241469647729 0.301446282488407 -0.0255494286366389
0.113399470820946 0.2477566638842 0.135140619535311 -0.134115840198531
0.218654699980126 0.114520549377756 0.0720103012732023 -0.106312000470092
0.220249741456747 -0.0318075666405237 0.079980293385012 -0.0708845060615575
0.191173230457884 -0.0693888123350323 0.0792617449097838 -0.0176713785904995
0.176972791179094 -0.0699621402774488 0.126244550347714 0.0471189229343089
0.224269778788073 0.0161197547655363 0.127389723930933 0.15911632710523
0.195339646983776 0.159178534511272 0.0474923721016225 0.266362267325906
0.0899028144740132 0.270754497452776 -0.163396438303811 0.247636485922277
-0.201861022579371 0.236330637229382 -0.237287730706502 0.0620950099264171
-0.339003042065697 -0.0204385013762674 -0.0789685967805714 -0.119916698704984
-0.2858182675248 -0.213541460272916 0.136403029700356 0.0584727026781385
-0.101895576357295 -0.230027879991854 0.231115893533866 0.255090947895788
-0.247498239223068 -0.185661186439593 0.175786384584222 0.38067892179158
-0.273227580430492 0.0176800540095135 0.259934045154754 0.275374997768666
-0.100191704701492 0.210519224887807 0.268743745903176 0.0633430698644539
0.0801210251156262 0.186082256474012 0.181886942456586 -0.0414830243323659
0.160349628850315 0.0861771452861957 0.162079175799703 -0.071473443443549
0.166133426679526 -0.0268791145098427 0.159662520462554 -0.0790646598534019
0.142643567917653 -0.060097068880959 0.143252739586522 -0.0406422633376229
0.131216866142369 -0.0604677013314162 0.186404711820363 0.0243610410833107
0.16866156723282 0.00527992290551826 0.187784464571204 0.144768599436439
0.155228566682658 0.11684293797782 0.100368475044778 0.274542644468793
0.0663565137093788 0.216730910675699 -0.124874376464363 0.268114423612716
-0.177866430512944 0.172606663430109 -0.20790708769078 0.0915584158927768
-0.256233269568172 -0.0549647389056877 -0.0517287541108886 -0.0851048167677985
-0.173185703676167 -0.194400991496112 0.189204333198143 0.130125275585695
0.0127625751211173 -0.129996121397301 0.274397554690142 0.327590555484865
-0.0943126817839723 -0.135126006844032 0.194666420684384 0.387418069560011
-0.143251838536685 -0.0155914883382354 0.232592529597112 0.295151724005194
-0.053426369834065 0.0977302023003423 0.24577771087536 0.110932048920114
0.0422523478951021 0.0830488548937847 0.212841707717566 0.00771689514447308
0.0742869738243591 0.0360381978889833 0.216204392537141 -0.0599241965644149
0.0810224383482339 -0.0188922255452528 0.204833203089504 -0.0891308872916072
0.0722163218589453 -0.0401418264824025 0.182604076035433 -0.0570544128465126
0.0699941032499472 -0.040770166975059 0.222990889794285 0.00972027618998592
0.100124315330032 -0.00452313434194112 0.226589363551761 0.137710731666428
0.103206793842957 0.0661944871891609 0.131210870103317 0.283137856613227
0.0357589288550323 0.147759168889608 -0.105312183121175 0.281643916791742
-0.140823062749989 0.0955011474134556 -0.194679883744777 0.106428943815905
-0.150198432036845 -0.0812254712705483 -0.0412895280263096 -0.0595877951805038
-0.0397463746305574 -0.153080057528737 0.204054748843861 0.185318522125378
-0.0669816836444788 0.0644853012361165 -0.264145010046883 -0.199159238099624
0.0570131722159972 0.0533749910382184 -0.0271329429570815 0.116301423731248
0.0555509883141989 -0.0282627055125586 0.226180398682543 -0.0811884830570566
-0.0248240631781325 -0.0455556466790092 0.126791809277481 -0.31678637212174
-0.0392425588601125 0.00932755132133775 -0.149338787533459 -0.329504585007813
-0.0124567936831211 0.02348649496144 -0.291926536568335 -0.143707616991565
-0.00499424477259216 0.0211011331743961 -0.269557109570501 0.0084829217094435
0.0146609315888552 0.019244271591399 -0.217523521060194 0.0820052955582951
0.0142344090296824 0.00516901373862192 -0.207828193010556 0.119246988113187
0.0215362713899853 0.00815124906447069 -0.230042134918511 0.0916745581168754
0.00602668923388976 0.0282856120414863 -0.251591611522711 0.00810327174030617
0.000244189775385524 0.018489397004832 -0.249408707031028 -0.106400735542282
-0.0105989417455591 0.0464364699637919 -0.224335944230419 -0.281164384720005
-0.0602875826769778 0.0662384631868264 -0.187842787403662 -0.397441448217305
-0.122066898936085 0.00750321928680071 -0.271860556759734 -0.352158690557055
-0.173811288596792 -0.017072099362875 -0.22727913787003 -0.213986496001185
-0.0771554846338243 0.0575991087875379 -0.0133622948989972 0.125921418437452
-0.0136169915836056 0.0503294777755382 0.251134335694934 -0.0684710810299132
0.00264958135300541 0.0495891425595814 0.158476337944986 -0.323411217619226
0.0276058518191905 0.0686729983393318 -0.135493802277308 -0.340915306794074
0.0710551724477384 0.0385432616105683 -0.275297215510139 -0.154748633643403
0.0729645663631871 -0.00633500495223154 -0.249533264967848 -0.00295136101268246
0.0907627534209587 -0.0100138138542794 -0.19793909849176 0.0762419335189901
0.10146134620704 -0.014088520210284 -0.176972240071531 0.123963771124294
0.129307724489634 0.0437501236888825 -0.199679223950042 0.12673997066725
0.0742276623361831 0.132634446149545 -0.244478844054449 0.0676856407227953
-0.0152180217285397 0.152952752309955 -0.279854759686821 -0.0472239262173663
-0.141843487244396 0.113070543855394 -0.257257116030467 -0.233374765249253
-0.225085155990606 0.0128269167452862 -0.189974197031369 -0.343871320658256
-0.246569116287567 -0.0979770617324084 -0.229051745903212 -0.295490946749645
-0.253283029033693 -0.114201237006402 -0.154421905392642 -0.187108309927118
-0.219252892208068 0.0301129940241537 0.0173864943658118 0.16005337261465
-0.112799595810318 0.117649548734008 0.28993230372939 -0.0249876879208174
0.0111729390954879 0.156039579243721 0.212850988695602 -0.305143417044356
0.0909238278656685 0.136032326870638 -0.0920505531188531 -0.340841860817724
0.15229317404831 0.0597815317000646 -0.227381453763246 -0.164221557226646
0.147351838230616 -0.0280255901250382 -0.198080080429973 -0.0230419379236154
0.154090402568979 -0.0380638022893554 -0.14971229152445 0.0595938722019218
0.165436664274814 -0.0379801279262206 -0.114609382632351 0.118217458839256
0.21328387764644 0.0516025311460098 -0.129465749429631 0.161301674408424
0.148908116467209 0.1921500093765 -0.195184473959882 0.148125263897971
0.0190554101618824 0.256066063366459 -0.289883653969292 0.0499732413296694
-0.212838794066954 0.200556174131446 -0.290206794718303 -0.153088925801043
-0.348534784932047 0.00623844715354366 -0.182116730711069 -0.277483568615663
-0.341755263864646 -0.165580843910646 -0.15373699608152 -0.210973767634111
-0.290909241160301 -0.20748135203403 -0.054835840010972 -0.112165411755242
-0.339698121219463 -0.0285951558939666 0.0628556212809822 0.213942852176824
-0.226284857303322 0.154005267720447 0.321895538223415 0.0485473579050979
-0.0102342757435074 0.254899587193024 0.27005150604579 -0.244887806671158
0.135256181573854 0.201856518652792 -0.0221138931149116 -0.307792320305818
0.215436069323239 0.0840430783393868 -0.145519910741859 -0.162691945800299
0.205354650774303 -0.0414667382873651 -0.118593454172031 -0.0438683261626765
0.194703492798411 -0.0617813447473494 -0.0799344617880899 0.0365762951329832
0.198158717309817 -0.0612894733610177 -0.0334931238178611 0.0999442347603684
0.25787539780578 0.038744075399923 -0.0371385487893365 0.178294260511999
0.206440924489968 0.202694422491881 -0.110816937145033 0.215438274395509
0.0735235902053225 0.303562002159566 -0.260491921139261 0.149677386870659
-0.225292847855112 0.266843799679723 -0.295781464482039 -0.0587959402659514
-0.403443539971846 0.0186727181919636 -0.158925613161604 -0.213526722480823
-0.385157443919341 -0.19671480454533 -0.0546770339015256 -0.117691279191143
-0.275433403198886 -0.270330954622283 0.0566668107062024 0.00167002786616418
-0.397986583600762 -0.105389261745455 0.113522791975001 0.277508225808631
-0.317587518686687 0.138436272333246 0.328616914923365 0.137330359563517
-0.0563082018627619 0.308085139381005 0.303591767057514 -0.145989384018839
0.145714431751864 0.246319994342521 0.0601587866399055 -0.234341629990728
0.243228049164314 0.104454985043479 -0.0401921221631096 -0.144244294482625
0.232882560884958 -0.045454279108164 -0.0210351500852897 -0.0629017188644919
0.207195761532913 -0.0766063291141095 0.00112050010643229 0.00822651572043654
0.199393046049222 -0.0754982339874842 0.0509806188491805 0.0724124157501709
0.259647554578991 0.0205296705523132 0.0559641113118416 0.173183701785769
0.224097576696068 0.183562418234157 -0.0179967170047091 0.251263540187171
0.105374884197689 0.300407887365347 -0.206189825705175 0.219617831268656
-0.211348860683229 0.281385589331657 -0.270734522092394 0.0188930699922906
-0.39480282294725 0.0187635576474753 -0.121876332809148 -0.160499845255641
-0.367796726388034 -0.206436278222226 0.0488169059185525 -0.0283783148553994
-0.210510717089894 -0.279480275799689 0.161047192600869 0.132877705292316
-0.36563883917377 -0.166525503720718 0.158522734501562 0.337351618922152
-0.338447163958546 0.0854250904059534 0.304806130687774 0.216806109119015
-0.0938086331518842 0.29234712455431 0.299681189314556 -0.0349294310164223
0.124889720714732 0.242730691114716 0.13241880467479 -0.135587336354773
0.224254120911256 0.105067223377633 0.0699141874201939 -0.111995752050236
0.218878537375489 -0.0423960994052814 0.0769482142784622 -0.0779789042862953
0.187424490961135 -0.079294243920591 0.0792856116031988 -0.021278538662112
0.173915618954271 -0.0777320831979201 0.127587967131071 0.0411192213095043
0.224716549299536 0.00581481693462934 0.136279873174966 0.155010496462383
0.204349221024035 0.149608420652005 0.0598105525697422 0.264232377191987
0.102496793172711 0.26435819794485 -0.151291129637029 0.257196535517874
-0.19165762287894 0.245672758611903 -0.232877450162945 0.0705895589083984
-0.341583426846502 -0.00707531006626873 -0.0837995438483952 -0.117661304481045
-0.293173393107991 -0.203765547080929 0.135955203399977 0.0507279429566379
-0.111086481988521 -0.227618113106016 0.239836416946354 0.249704012819876
-0.256011520447539 -0.174601220077854 0.190107322216555 0.377111264803632
-0.272901410540595 0.0294379382011036 0.268517565605753 0.267449027490768
-0.091579823799674 0.215122327721626 0.270102271597276 0.055810398080203
0.0876187415092108 0.183041877931274 0.183206000607053 -0.0450018680203991
0.163974565750641 0.0793536538878844 0.160911281648987 -0.0814853413818622
0.164102712887747 -0.0338900746242944 0.155912462805529 -0.0904822842225596
0.139772088737934 -0.067616714221567 0.142086155589114 -0.0471960749283504
0.12824340548192 -0.0661746288660732 0.187293660436069 0.0157076528981526
0.168915837186535 -0.00127974790393075 0.195235912467686 0.137424323966988
0.160651974354776 0.108767553898347 0.113437060181984 0.26939949943922
0.0756014068964534 0.21094480377031 -0.111937762471948 0.276039979271959
-0.170063584273192 0.180284308156393 -0.203191325808764 0.0989739895379282
-0.258834851650454 -0.0454591777857316 -0.055905664238667 -0.0835591196379738
-0.180246327414804 -0.189247267412083 0.191837868039936 0.119789491848051
0.00755956749729213 -0.131218689604056 0.287806899520547 0.32109834346868
-0.0994622977529399 -0.130827983472876 0.209648861290127 0.381218553256765
-0.144063067727838 -0.00800051398674501 0.24336179893353 0.288383225178301
-0.0495691382092827 0.100310335624879 0.248619908886337 0.105068489238585
0.0453327405308423 0.080925500137228 0.215410404704633 0.00223090699776134
0.0751134428047981 0.0331660550668158 0.215882626266449 -0.0721966422953093
0.0797637051122211 -0.0217894781237058 0.200690320614492 -0.101499351182771
0.0704113627867404 -0.0437057180065692 0.180315376667412 -0.0659668761104859
0.0682035209758255 -0.0433881628102682 0.223585620947425 -0.000559295443133922
0.100068164996401 -0.00822840788777263 0.232900432356459 0.12751607930994
0.105422766225238 0.0606805488042376 0.144964325204235 0.27721158101544
0.0418706463368117 0.144246009069912 -0.0917193746990527 0.28797560076456
-0.135914922040096 0.101562502448721 -0.189239490083379 0.113241884045283
-0.152478549595418 -0.0763143860404644 -0.0453577425238992 -0.0589860964739715
-0.046428510607115 -0.151912093046811 0.209678746902909 0.174669338413992
-0.066658660486086 0.0685353103576872 -0.277846184240433 -0.191532772986641
0.0598903380908617 0.0511963718356916 -0.0218639138793624 0.12386985972056
0.0555391655096199 -0.0315057511128441 0.226881247044837 -0.0902055360392847
-0.0266510764876808 -0.0452848551273868 0.116045241213809 -0.327755880613545
-0.0385464001907159 0.0107431534094976 -0.165621457749922 -0.330961028522475
-0.0107028639775341 0.0237547471175427 -0.301789011950942 -0.133089268625645
-0.00281602723255077 0.020838504534795 -0.27189938293117 0.0222425333570724
0.0171895360753416 0.0176033948110249 -0.217351914490319 0.0944394667421067
0.0163347012661838 0.00477111635433657 -0.206447960083475 0.132545736964076
0.022612647009518 0.00740196654205108 -0.230775122701496 0.105102382793555
0.0084168612022959 0.0293389854476491 -0.257872598916279 0.0179334779829252
0.000868450060176369 0.0193345645747851 -0.256308692925852 -0.102215787284516
-0.00913273747274822 0.0486632271016476 -0.237963903534739 -0.280635932578429
-0.057350538248559 0.0685503884684184 -0.20532112996366 -0.398655992313166
-0.123498514823208 0.00861613939082501 -0.289313048167196 -0.348346907617452
-0.178216344905348 -0.0113313126141846 -0.240562458531161 -0.208085769724502
-0.0757157247393393 0.061188449914675 -0.00760542469714513 0.132975920237639
-0.0122214220600476 0.0506973447046471 0.251970399448087 -0.0772285740480231
0.00522142061000306 0.0495171629685015 0.14872469497596 -0.334877061018192
0.0324568114159729 0.0679998362596677 -0.151044494978366 -0.342936662843827
0.0753653949654131 0.0346632797004101 -0.285790992838378 -0.145618240279769
0.0745813033234307 -0.0098763377342862 -0.253070132124544 0.00782845188289277
0.0932925550208767 -0.0155679776639964 -0.197840669377653 0.0882696882204519
0.103604180318856 -0.0197973820612327 -0.173745806385295 0.136017193265834
0.134087774926491 0.0390366587107154 -0.196944215332298 0.139444871415373
0.0829622634542547 0.132367252558156 -0.248536767699763 0.0784951493185675
-0.00914373313123017 0.156149172137071 -0.284515336612893 -0.0385045398004581
-0.140567644776151 0.121615716158433 -0.270252810774572 -0.231324315691798
-0.229116819916708 0.021231387967803 -0.204784249914969 -0.343150102165871
-0.25397260356453 -0.0946685557251497 -0.244182136869564 -0.291963831158907
-0.262161772663989 -0.109023687576467 -0.16465495071718 -0.183724278398445
-0.222085318474127 0.0403477524937292 0.0245455334624662 0.167136914854335
-0.110895957519851 0.123301128612077 0.292595454933275 -0.0331011835518998
0.0176449730003351 0.157394996291366 0.204772978861359 -0.317491379065122
0.0993215568998363 0.134148188299871 -0.105864381210067 -0.343003197479925
0.158960611246486 0.052675339029767 -0.23724349870287 -0.157914926292391
0.149211844002634 -0.0355724712429622 -0.202280046650892 -0.0154700827217816
0.155680929183592 -0.0469672239233669 -0.149336933791315 0.0687911552267333
0.167613515663417 -0.0467988940749766 -0.11141787085619 0.127308318654583
0.220743763375408 0.0434565363738518 -0.12444794863988 0.172394532974083
0.163031059700555 0.189146218894644 -0.194728788795223 0.159263825552206
0.0309645306373321 0.259088120474275 -0.291090378483886 0.0625873300920996
-0.208831504933249 0.214275706785732 -0.300647974664254 -0.14740924631087
-0.353920587098247 0.019581924137787 -0.195189315642299 -0.275321934852092
-0.351810614454975 -0.159911048433596 -0.16571410277821 -0.208516243350775
-0.305194518898562 -0.202936233329586 -0.0594617053444385 -0.110120932782367
-0.347532399046298 -0.015508106702025 0.0725464694107086 0.219667191142317
-0.225387496416182 0.164212976056666 0.327368563687602 0.0403349049960025
-0.00011795771023492 0.258465509876162 0.265216126826267 -0.258284032716732
0.146755361623393 0.200299951581447 -0.0326768438732611 -0.310527511968396
0.224426009630835 0.0759105299369717 -0.153816160642438 -0.160609931345799
0.206693730965814 -0.0516240403082126 -0.122870428069931 -0.0411582869978182
0.19596842552901 -0.0733405435802307 -0.0787405142493717 0.0416001944174435
0.199059831993955 -0.0711926947769302 -0.0302217143092138 0.104723962707297
0.265355378371793 0.0271241260473077 -0.028327162679551 0.184645431154476
0.221796869030748 0.197281934599028 -0.104603334471997 0.224234590542868
0.0874419318577528 0.304598082459567 -0.256772656432958 0.164029618747868
-0.218354683664391 0.281931484592954 -0.301952589695825 -0.0510115339510101
-0.41068135404988 0.0357806934563034 -0.169501695445748 -0.210945982719857
-0.396618031167944 -0.189455911342293 -0.0626016487436861 -0.117936032702682
-0.291753292399323 -0.268432706516771 0.0583202589675759 0.00213444476715746
-0.409377255838338 -0.0908332370569561 0.125500127996789 0.282345699978217
-0.319602923652462 0.152976518392455 0.337059282813516 0.131144712027318
-0.0451167170472755 0.315093051247017 0.303607117081799 -0.157931516138319
0.159597243261111 0.244916305319303 0.0551790663385258 -0.238355207703979
0.25281176707335 0.0958256130583951 -0.0450562097208453 -0.146820926551348
0.233557490222599 -0.0569371735673083 -0.0249681723338973 -0.0657043714938864
0.20724710724422 -0.0884210519274104 0.00235916413909345 0.00871728638252293
0.199176096241391 -0.0865294847029074 0.0544804686087791 0.0718996722034825
0.265489019305428 0.00897763837164725 0.0667557285424146 0.175230325462684
0.238618894659606 0.175974518715804 -0.00825299587798842 0.257405502826621
0.120303309274411 0.298868425924493 -0.198561711405798 0.233259581560854
-0.202414820939677 0.296717252653702 -0.273949487696775 0.0277839182179384
-0.403854810464853 0.0339286104328164 -0.129589068053525 -0.158405377024351
-0.380003442233142 -0.19972591535155 0.0459474471288666 -0.0317343164043573
-0.225915352868457 -0.278485392092265 0.169440170996306 0.132370119371201
-0.378681481978737 -0.153096951101227 0.173750273814441 0.340573002509863
-0.343126894572828 0.10075303782557 0.316214343363363 0.211484340001401
-0.0842983488170142 0.301082337522085 0.302946646321785 -0.0436375736198383
0.137538072125313 0.241584137754494 0.132539219121964 -0.139533182583176
0.233048023045216 0.0971507971927743 0.0684614314178615 -0.119211756184778
0.219570438906093 -0.0525431633779731 0.0736172382493167 -0.0863795530025983
0.186761056442362 -0.0897166407668677 0.0801983992321799 -0.0249084523906253
0.172492672062912 -0.0868256606936478 0.131004737756585 0.0373383205969028
0.229024800356379 -0.00330038434738608 0.14697417403798 0.153557842323411
0.215853536775077 0.142530948895784 0.0715637836276458 0.266853675858014
0.1146685977838 0.262113416747318 -0.141129209427922 0.269316296055589
-0.184633229779874 0.258371967520862 -0.233234533697522 0.078699644209941
-0.348303372803553 0.00580214910613601 -0.0898312548647914 -0.117285973372802
-0.304276263502223 -0.197946908380379 0.137303328508457 0.0446182656697701
-0.122255929617284 -0.2298206562522 0.254483452895195 0.248196316129313
-0.267059930703439 -0.167046819629835 0.206772638414294 0.378359344709788
-0.277413932222878 0.0417301006181577 0.281692984090119 0.264723942636856
-0.084841218578794 0.222841508430065 0.275890649302663 0.0501658795590308
0.0974995183998008 0.182049032823625 0.186527011425443 -0.048921680298356
0.170304183659714 0.0743338847621277 0.161823156850134 -0.0922239915503259
0.164923469141826 -0.0417431006589145 0.152742597194718 -0.10284544702428
0.1381259136268 -0.0758685803350578 0.143274363637841 -0.0544747253883673
0.126702845772774 -0.072568540252981 0.190121455632201 0.00839974292533844
0.171517295065193 -0.0083198266381258 0.205695731626987 0.132214265346504
0.167955991718501 0.102834137735548 0.126226114485865 0.269382761136873
0.0850976485856342 0.2090704265272 -0.101165000174922 0.285484504347634
-0.164417267789244 0.19024434689674 -0.201664096042741 0.107075004771842
-0.265546226521615 -0.0361365644463029 -0.060379124945328 -0.0832794516821006
-0.18974849790669 -0.186261726928426 0.196771433175087 0.112889647036601
0.00212890573426639 -0.134459573975183 0.304841002180762 0.319457742444674
-0.106649337219916 -0.128682510821547 0.227093591214772 0.380794450367724
-0.146305683174494 -0.0014269581688585 0.257277004565914 0.285633588567325
-0.0460876990766669 0.104111802285144 0.255361191556527 0.101125486760263
0.0493817683790801 0.0802254085966806 0.220911414597579 -0.00264055033255909
0.0777457063313847 0.031569157892121 0.216574741127838 -0.0852770906208771
0.079789193509176 -0.0253104439981149 0.198529032398271 -0.11646608447363
0.0691419271717356 -0.0481468345293469 0.180673515763261 -0.0752861923380975
0.0671423368699009 -0.0468147866169614 0.226527744720165 -0.00946854157798765
0.101041120226278 -0.0122080847348808 0.242765021965509 0.120086252996953
0.10891746591742 0.0567557278813265 0.159134962847073 0.275499054339017
0.0474705619998163 0.142782722964947 -0.0799532694076024 0.296737525848019
-0.13350010788053 0.109142607583159 -0.187358873777032 0.120919657496437
-0.15844772324728 -0.0726404134656038 -0.0488692346400204 -0.0588213616224152
-0.053818473783784 -0.153093174970967 0.21762205780431 0.167088283446048
-0.0141300072568558 0.0971601489880651 -0.339625630577623 0.035320121206188
0.078752866066709 0.00264382719187149 0.0702788040781752 0.113996143854902
0.0251748002451949 -0.0618166213719727 0.124557304093142 -0.22094045853074
-0.0504526905957528 -0.0205273403350727 -0.124588936901487 -0.337270477335278
-0.0240982291446135 0.0331572538306218 -0.348704594873148 -0.152284257076892
0.00777604117944525 0.0255489007360557 -0.324717984503984 0.0944633570944333
0.0127163896350965 0.0185375865449221 -0.199295995278513 0.198790995258551
0.025349688185647 0.00108470557100996 -0.108679029596203 0.218870762703834
0.0163549070287733 -0.00644901032916917 -0.0727146804433067 0.242668075117194
0.0244147985017022 -0.0079688056019381 -0.1151099387738 0.237873962043328
0.0262578391764214 0.0197924858835547 -0.19341980799508 0.185413036524373
0.0119368722135351 0.0185053953197933 -0.27250973010086 0.0850658895498826
0.0201255033405513 0.0476090090003964 -0.378296276794193 -0.0655944508064981
-0.0069335857031658 0.0907970091739782 -0.436902057266518 -0.177244186184613
-0.102047512069371 0.086618584824322 -0.465966367776182 -0.0912311419813346
-0.155053320391292 0.0989211522734959 -0.324413722216577 0.00667656738055999
-0.0216172521278549 0.0940972705298056 0.0841413858594944 0.117163456426933
0.0219925665231604 0.0456817231137828 0.154750204085967 -0.220346206482949
0.0324462263954592 0.0335255047344645 -0.0976362625904481 -0.364600926368296
0.0678594328517722 0.0335633753073234 -0.34080859002543 -0.172689816087917
0.081947624077601 -0.0212313761101759 -0.317145172526257 0.0723846466706147
0.0529313262236917 -0.0561736772869025 -0.193735029445934 0.174481054860859
0.0631613959652964 -0.0754265386903734 -0.0968624585017085 0.200472151591268
0.0703856324194339 -0.0841113086185124 -0.0451691611803308 0.225825639139705
0.134845335363984 -0.058214788845283 -0.064756422681163 0.24382561698733
0.156422656845614 0.0522268936044759 -0.144485975524716 0.226969210470182
0.0947951489156325 0.136592829641242 -0.252357625994297 0.153497507284754
-0.0385621365151091 0.199586588889184 -0.368769592981244 -0.00675643825955391
-0.179042244811221 0.170995914898333 -0.397776195071835 -0.139631504457471
-0.280306205928392 0.0898487862339811 -0.385656606964807 -0.0776946905532944
-0.284254174837553 0.0690427566543738 -0.253136551770134 -0.0168757952214054
-0.14923764197084 0.167370583668815 0.126970721546204 0.126805910566008
-0.0112843848549808 0.165578078040291 0.216293406076628 -0.204469010919734
0.108107555991494 0.110571834980012 -0.0368412541118283 -0.385069987046708
0.162593207618918 0.0437270848260505 -0.30155826899029 -0.20268067044337
0.159426221093094 -0.0600054221032503 -0.285316844238029 0.0295890436683363
0.0941376027103871 -0.123373831798124 -0.170149255841085 0.119865834660269
0.0926603242092303 -0.141425710290657 -0.0710221173336788 0.153630149168587
0.103626548006349 -0.148853941178024 -0.00138641435562247 0.178302134142445
0.206078287599525 -0.113721068071283 0.0159597454819852 0.221342390467727
0.260794664807612 0.0436468972965486 -0.0482861674749868 0.25266345384849
0.195813914389748 0.193465761560707 -0.189952308799457 0.238769820782666
-0.031967002023556 0.323770050254374 -0.336247216589751 0.0794172924909398
-0.280690897442845 0.257143075380337 -0.34513140648262 -0.0963248077472568
-0.404623370802238 0.102970046878542 -0.261729678923616 -0.0652715499977501
-0.37485540171762 0.0177039311353043 -0.127992193376075 -0.0230196565995784
-0.280995119007114 0.20065947639258 0.194197001292683 0.141120377505444
-0.0769048234554261 0.270642473399896 0.291487652818714 -0.161696408392811
0.15610497618904 0.201027915237262 0.0549346175417702 -0.373719430299356
0.241540081034508 0.0657234617917767 -0.219758838652942 -0.225314474828861
0.225925153357661 -0.0841409426106853 -0.219323864253628 -0.0286443007770554
0.127558513491825 -0.173553846598639 -0.125306821064354 0.0445976456034475
0.106088235965244 -0.188295130027231 -0.0340064406876272 0.0856062371938981
0.112637776409599 -0.189704517378019 0.0471928360203245 0.106993607423693
0.231195486786948 -0.156065954153701 0.10147765083989 0.168026447662427
0.313745621787037 0.00913000093708945 0.0646047251968705 0.244085193950505
0.27382072391659 0.192204970580462 -0.0957572953381654 0.297361868818972
0.00809708768608304 0.388417926667692 -0.273494396957132 0.156041805755978
-0.315215433526957 0.309332763760316 -0.281778754451928 -0.0647975318934708
-0.458520893525674 0.112137214322213 -0.115417880093142 -0.0645436908446695
-0.403789508717255 -0.0436067640875829 0.0348278343364037 -0.0110474522417729
-0.376120959853483 0.178306523757838 0.272175802513526 0.154650209505953
-0.156202985162109 0.321172913675279 0.354305727587236 -0.0910947221862154
0.15626540211905 0.273693712415742 0.152500712515314 -0.313217160115243
0.279691466534399 0.093420097503258 -0.100877611896761 -0.223843733768696
0.260542992423265 -0.0868255824811282 -0.123965525694081 -0.0892421562101752
0.144776340744955 -0.19490213731116 -0.0647713533837278 -0.0417103845078334
0.104937222939353 -0.207341753448396 0.00821757867307613 0.00628738075110499
0.10333479910718 -0.201448595885863 0.0924188668126484 0.0242904709197268
0.219511504049264 -0.17080455253542 0.171208177773893 0.0964964307021073
0.313584154717593 -0.0189912408952814 0.163238570684179 0.205739666352232
0.296105123269424 0.166055082976834 -0.00268735491277986 0.314518013559707
0.03399338720634 0.389516119518193 -0.196843492344651 0.198867974602932
-0.30982345150153 0.303370843215841 -0.213450700314998 -0.0498242404000585
-0.449716483667998 0.093124238046966 0.0302066830561668 -0.0683465975733204
-0.356302834101008 -0.0912076976165837 0.206194871936267 0.0150430029966145
-0.389904337764371 0.111800462302805 0.345727602689965 0.165809216399502
-0.207749243370268 0.293812065208451 0.387098728307215 -0.0142452862348679
0.11770282386538 0.287039769897765 0.225144048474628 -0.218937946864606
0.260087869826731 0.10413584748174 0.024218952682389 -0.195487046156449
0.246752832808231 -0.0727499786243209 -0.0174401187242705 -0.141986410037597
0.135622210751598 -0.182499274350816 -0.00127247539505048 -0.122750193723334
0.0882706542954336 -0.195256412369228 0.0472143030248716 -0.0723778672073291
0.0822768567628484 -0.184767008415344 0.129444830486314 -0.0547596941156559
0.182038492748828 -0.156150096133301 0.219792355037029 0.0256152212914811
0.272261978442244 -0.0297055708737498 0.232103927217132 0.159674469783947
0.266874266496839 0.138257742293224 0.066907463242506 0.30579682099318
0.0240409266019678 0.343508523483147 -0.131115683531881 0.212625749775389
-0.282259651177878 0.241679245572774 -0.153318003194945 -0.0422599567410348
-0.384652271843615 0.044615760105333 0.153403945089762 -0.0654205490673174
-0.239264138659677 -0.11438799355109 0.35130912015906 0.0446864079808636
-0.309918486097827 0.0317545047499225 0.398228217804997 0.171326352595936
-0.191130964886416 0.206570281066485 0.392344355042023 0.0461311030329263
0.0705649600393153 0.225206845052522 0.261831368995081 -0.127741651461101
0.190956296809714 0.0813469873225511 0.124186826086249 -0.159245997452157
0.181929115937813 -0.0505136559958606 0.0714076166807599 -0.181533569335841
0.100574326608481 -0.139261490867764 0.0504937019644614 -0.188672433612798
0.0587227767835074 -0.151206755586016 0.0769534954794676 -0.137281501124376
0.0546101333817238 -0.142622293288854 0.156425583199949 -0.117630967337758
0.132971495504103 -0.122208543606278 0.252174608041615 -0.0298647248462448
0.206393127595222 -0.0294521626411195 0.277104689931857 0.126069507599062
0.207723837631288 0.115226877691887 0.10948856258605 0.291723924553225
-0.006066632021721 0.273409691649306 -0.0868319114526215 0.21470052274631
-0.243196149748832 0.150848749039275 -0.105859904870192 -0.0332578718310951
-0.281528276983967 -0.0226866603144384 0.244602953545675 -0.0476636318880842
-0.0783385726166509 -0.111188443997855 0.44153892001576 0.0587475977312826
-0.160110494179994 -0.0367826413355273 0.419382801944295 0.15593246507517
-0.112831612886777 0.0904963652314752 0.38705441881675 0.0715013042464538
0.0288181740427078 0.108959864154623 0.275392032633882 -0.0777643651546219
0.0888045836767094 0.0316221690153429 0.178102438719504 -0.145285546858342
0.0814949601284443 -0.0242576670310423 0.115832918012457 -0.211814372141597
0.0444469785088548 -0.0716063599388069 0.0774662602183021 -0.227977541470454
0.022855594163124 -0.083961826904226 0.092854950233097 -0.179097577135275
0.0245851362076989 -0.0824898340139194 0.173617806530342 -0.157412414525111
0.07405023358233 -0.0780890431309604 0.272737234900331 -0.063934846711455
0.127289962255549 -0.0260054430593998 0.306183431487058 0.11018751632818
0.134288459784231 0.0863170411730598 0.13357882384689 0.286675556581654
-0.0362609540007442 0.184381190300168 -0.0663548549556455 0.217612553518049
-0.180257407951213 0.0483832146702717 -0.0790473784202901 -0.0186578540214638
-0.145555419625588 -0.0865104368140089 0.293668994954891 -0.0143026396221499
-0.00658211867985295 0.101709282635912 -0.347887991103503 0.0651944311165023
0.0809006765786461 -0.00427314571818493 0.0855875376504797 0.114065890500572
0.020928033941176 -0.0660727360812723 0.112348986403892 -0.236350585379307
-0.0537404578807619 -0.0167400710868914 -0.155447994026658 -0.338230718769503
-0.0225029789292263 0.0355514396271404 -0.375356093255857 -0.129247734147144
0.00990048074902017 0.0250024720172016 -0.32748165470004 0.123486923283895
0.0156999666647838 0.017439291057658 -0.187194593161079 0.220798806685647
0.0260441951578398 -0.00215904673977031 -0.0929554456183584 0.234402405711876
0.0170446430892443 -0.00897516944754495 -0.0534947436425892 0.256372123025811
0.0252896647617524 -0.0109884090102739 -0.0993678807207603 0.257432085545011
0.0304848124628131 0.0178961680696262 -0.187088794841862 0.207265671163022
0.0135384575883639 0.0189388365850156 -0.277159715116742 0.104445232270485
0.0247581057343474 0.0477926771943471 -0.398603591313122 -0.0412654543402351
-0.000577528731103481 0.0925565014638811 -0.463351718863787 -0.152086264284701
-0.101765414565563 0.095247028311476 -0.486875680182029 -0.0612021731197549
-0.153844008152715 0.11273907374796 -0.334390037729216 0.0327983707733357
-0.0154243294946977 0.098161497874606 0.100068580306831 0.116559804224329
0.0254496369453363 0.0453489926730943 0.144509964702994 -0.237422210789004
0.0352225905895832 0.0318784913912145 -0.129563097836176 -0.368508375964249
0.0730961002098798 0.0281278619861512 -0.366934037053644 -0.151698788689676
0.0828226643789391 -0.0293100819965505 -0.321353990365171 0.0998860360330897
0.0499547898003527 -0.0628175876910963 -0.185549456360736 0.195243877755072
0.0587785370813912 -0.0845397490391708 -0.0823154474776308 0.215192020466158
0.0657332415985274 -0.0937286813864013 -0.0253412406455619 0.237792826086022
0.134643403262012 -0.0728583126330567 -0.045379294292058 0.259320106379585
0.167442788411295 0.0399281764569405 -0.132047455580764 0.247619227352344
0.108718973925838 0.134180431313477 -0.249087520083232 0.175077067171107
-0.0242392408081365 0.209736649208486 -0.384720773003601 0.0190746442372387
-0.172450910867837 0.188993583714019 -0.41895298799701 -0.114124000868634
-0.286370141833222 0.110263116227247 -0.405177089637798 -0.0511419200020618
-0.2906798154631 0.0922353180774313 -0.262352933332466 0.00404467335897231
-0.141634596800119 0.184192750713822 0.144781117814377 0.12331327840767
-0.00039139463727039 0.172321876763294 0.209793162072679 -0.224108527425868
0.119112135459604 0.105263858664507 -0.0672222982721735 -0.394376148990141
0.17130703044606 0.0308838919752752 -0.327307392763728 -0.18727120189049
0.159845450414292 -0.0768541111631696 -0.291366745094027 0.0518317348147055
0.086503005482934 -0.135169615707486 -0.166090182979603 0.137278697208032
0.0829010742519397 -0.15515831557432 -0.0597956406498173 0.164830859345238
0.0940279683210559 -0.16240396625143 0.0157332734235444 0.18575633456324
0.204007845429187 -0.135688709486771 0.0368291233701866 0.227989411018031
0.273986655795407 0.0215777809630182 -0.0303621454690987 0.267856142414712
0.218112826969951 0.183893775629611 -0.176647498060619 0.259189705654109
-0.00666268077142793 0.338409041487053 -0.34424089984437 0.10561029375164
-0.272193138801832 0.287674799313028 -0.362618753610089 -0.0734564490814118
-0.414046017869886 0.13348567575975 -0.275219388004908 -0.0472954403200912
-0.38991582541233 0.0449371319021374 -0.132593908134077 -0.0126016113374713
-0.275107964815488 0.229970081787822 0.214206040599064 0.132335768443274
-0.060443281635335 0.286530228417387 0.290261908961645 -0.184437273681287
0.176327244795867 0.195145184996444 0.0289151687206621 -0.389147622485461
0.255922292164403 0.0470105115789179 -0.242483971984669 -0.215760504562773
0.226670153721713 -0.106435994421485 -0.228647531454357 -0.0141857229088435
0.116244686297099 -0.189063942272882 -0.127686684017499 0.0555682019143487
0.0931323893067297 -0.204123294034547 -0.0265945836251463 0.0908633484695943
0.0994114578349611 -0.204933676590721 0.0600759044549642 0.108197059442746
0.226421267295835 -0.181341325087272 0.121328480160433 0.164582163873023
0.325545525038721 -0.0185652335305263 0.0868538526509175 0.249696469848619
0.297346291105688 0.175831736338967 -0.0732279146041413 0.312943307067508
0.0408199588753229 0.401435155641414 -0.272126112687243 0.1800949209839
-0.302428039017703 0.34546692166641 -0.295430891057893 -0.0462902081611251
-0.468294845095301 0.147353112535644 -0.124557052025251 -0.0567939655035058
-0.423628083189438 -0.0160017886671648 0.0372536803843917 -0.0127992993769451
-0.374774121241708 0.214710811475547 0.295437031864203 0.140358361324392
-0.138902796268732 0.345293562126286 0.360170688147359 -0.116578341853778
0.183198119334239 0.270069589560349 0.135873950043669 -0.334167597888119
0.296894459542865 0.0729503427907398 -0.118581490968182 -0.224242688858923
0.262408762752273 -0.112122207110103 -0.135451845297698 -0.0842211932953557
0.13190679605796 -0.212953575675655 -0.073581151530411 -0.0376601910107438
0.0901930231626608 -0.223482568271527 0.0097105190723399 0.00453846241701594
0.0889819246676331 -0.216071907929042 0.0991587094553332 0.0187366430261268
0.211940919991662 -0.194840916391605 0.187579937322007 0.0848978790067644
0.32214484191043 -0.0465282893870409 0.184892192542038 0.201206217396125
0.317399377211613 0.146063205042491 0.0242335442125934 0.324174776069154
0.0669456029047135 0.39910510966506 -0.19014913280433 0.217964568219002
-0.295243462350386 0.339606261725111 -0.224866819732873 -0.0365351176019001
-0.459105133942367 0.126418531702167 0.0238171437042054 -0.0712463193572913
-0.377297944250591 -0.0699396328802547 0.216808706467769 0.00172887531503231
-0.394940355578963 0.14491835989106 0.371328403049719 0.146603236605737
-0.191452695253306 0.320539569297627 0.399367355649862 -0.0394107124350215
0.144907977928565 0.287462919855175 0.218446103425976 -0.240895595824229
0.278296323522053 0.085927118491956 0.0139480433397205 -0.204300100668094
0.249382790839551 -0.0962308636866433 -0.0301740498614234 -0.146818683151315
0.124459134762975 -0.199405850191311 -0.0154491792798156 -0.127395232758563
0.0735726385971957 -0.208454006363099 0.0426494391975926 -0.0796886593865484
0.0686427620842248 -0.19571002674892 0.129969026253334 -0.0657861686582108
0.175466107664638 -0.176283476435057 0.231263182969033 0.00745309702039659
0.277548743690727 -0.0539415512383358 0.252658417934976 0.147661261384079
0.284744269518582 0.120131587852061 0.0947096846104157 0.309793041486069
0.0532487741902466 0.352592760738495 -0.120146222027349 0.227439658002421
-0.273434503973938 0.273294436562192 -0.161805371226383 -0.0331165401578848
-0.394647361113993 0.0722963974352497 0.150432982734054 -0.078329028307945
-0.258539767072999 -0.100211381530394 0.367669956582912 0.0208030572665577
-0.316832833329865 0.0573198546583284 0.424082586222248 0.146973949392414
-0.180932058936763 0.228426224877674 0.409166568245826 0.0215511758924327
0.0907198796918705 0.226962351058382 0.263175423712375 -0.147248550697881
0.20415677848139 0.0682535410593016 0.120387948639441 -0.173844008814322
0.184451295676195 -0.0675077942773021 0.0579621971791729 -0.195039900520952
0.0918080557587351 -0.151578135400439 0.0329918190405202 -0.199174502506153
0.0476166635208157 -0.160595346598399 0.0678584784003595 -0.148996104101354
0.0445112833665099 -0.150569392085807 0.152651651277315 -0.133812224087248
0.127278849453436 -0.136937079334256 0.259466358970015 -0.0522198239391932
0.209461557321202 -0.0471682854028551 0.295833651605804 0.108734524522486
0.221714574262421 0.101372169440464 0.137692143082655 0.292157073342462
0.0165343029154976 0.281892068082785 -0.0738874678464961 0.226653378823206
-0.240000213219028 0.175765411068705 -0.112600359900131 -0.0270321377823622
-0.292197850052829 -0.00324879743077444 0.245290667390005 -0.066907262028304
-0.0904248324545069 -0.108922660434387 0.462829665516803 0.0294405600471537
-0.167474894419793 -0.0246286609608016 0.443314581773786 0.129577056103339
-0.107856102010431 0.102694373115102 0.405707113274772 0.0460689780130866
0.0394506147012631 0.109399706526972 0.280861452290734 -0.096879953688365
0.0945575375011601 0.0244969980138892 0.176764017460212 -0.163252770977404
0.0831307191117929 -0.0316191604495494 0.101486849780566 -0.228701850522536
0.0401584505471092 -0.0768163758099678 0.0566648672695602 -0.241264972139054
0.0158206752550195 -0.088104732232288 0.0807855451924036 -0.193178004911832
0.0186550228163792 -0.086508876609557 0.166333198410165 -0.176062828780243
0.0699426873227608 -0.0870666317023966 0.277093544989613 -0.0880028712764166
0.128282298915664 -0.0361132439351993 0.325728751586852 0.0899223198110129
0.143830293400736 0.0782272434571288 0.160137534657618 0.285134315433736
-0.022131389237159 0.191936554483235 -0.0526950975137667 0.22805903240279
-0.183243368464129 0.063199715047781 -0.0842595794380991 -0.0137494322625467
-0.157591709173471 -0.0779164396351538 0.298680712822578 -0.036444743584134
0.00332831441123009 0.103159327548142 -0.344221776054657 0.101067240079366
0.0803100661494744 -0.0129225906227289 0.102841739211335 0.107876993808511
0.0144871356309218 -0.0685390347382569 0.092709841401429 -0.248614347826368
-0.0560881335603288 -0.0116399662412436 -0.189797202365299 -0.326107962614919
-0.0195308216837712 0.0374192082970033 -0.394560158152381 -0.0929667550170289
0.0118304459393053 0.0233496440438641 -0.318389878396253 0.157011667904678
0.0178256311455408 0.0150821643770124 -0.165400018139946 0.240423714108622
0.0251446177670654 -0.00654552567548088 -0.0689847851682383 0.246094271370292
0.0166649320359324 -0.0116506459978331 -0.0254757213874606 0.264947067022723
0.0248937848310143 -0.0143809332657557 -0.0739755681074502 0.271926957196855
0.0337859248036619 0.0150483842302012 -0.169884421604323 0.229814211708072
0.0160776843091725 0.0184155205811656 -0.27232872241248 0.128313539381033
0.0307010913163456 0.0463924886840625 -0.411035282707794 -0.00573820482462645
0.00648518277650765 0.0916486607635589 -0.480068700990877 -0.111241926023334
-0.0970160417457705 0.105662584504537 -0.498669271093456 -0.0187060664124153
-0.146151587472459 0.12835316519676 -0.334159364725438 0.0677259074315604
-0.00661121770422456 0.100063231045846 0.117493023859622 0.109134470716082
0.0292896081925402 0.0439969549637247 0.125165425135503 -0.251207597385107
0.0380495702999129 0.0287178832572369 -0.165726581246755 -0.358657324089245
0.0763887477486494 0.0201741773185245 -0.387718642836881 -0.116800077283929
0.0802705692621195 -0.0394604655811924 -0.314939714675872 0.132728144942334
0.0441177591418361 -0.0688951202741022 -0.166870034498471 0.215177210157354
0.0497076094963146 -0.0926759016638416 -0.0598844310587849 0.22558375253521
0.0558502001008167 -0.101754463660243 0.00122886863535139 0.242874752598396
0.128976279639408 -0.0884416369066992 -0.0184659629719499 0.2678260192215
0.175113182076164 0.022881635816399 -0.110089658035073 0.26543392141116
0.123577112458888 0.125391646659641 -0.236701433155155 0.197848747782954
-0.00362465658173908 0.214920271444381 -0.391388233922205 0.0539237547597653
-0.157938242882537 0.207241604172046 -0.43365215737364 -0.0751046448594233
-0.282950299826454 0.136778772084243 -0.414216637845301 -0.0154944249718399
-0.288117539888819 0.119950424230127 -0.263329863905334 0.0299652078931242
-0.12545803212487 0.199542462234349 0.162746234007524 0.112174380041684
0.0152073915142579 0.174753171465336 0.193118112607994 -0.242124056851846
0.130525684600036 0.094841866615611 -0.105124824333351 -0.391239976240803
0.176905071446417 0.0123928790013537 -0.349587100226471 -0.156714115943306
0.153621957063672 -0.0949660399774523 -0.290485451619933 0.080177433083527
0.0729523712057612 -0.145808702529254 -0.154859419893105 0.15519262251016
0.0670034183796042 -0.166224555569087 -0.0416565576010653 0.172016264449236
0.0771213310021239 -0.174362852375482 0.037926298465161 0.186345970276951
0.192987066738711 -0.160083829767486 0.0624445647779796 0.227162469498871
0.280091029069978 -0.00715659914084242 -0.00398966911433197 0.276651632188742
0.238298258365357 0.16454595862864 -0.153958820947273 0.276507141107376
0.027244876744481 0.343208280489914 -0.340637380599161 0.13822317004978
-0.249301254636575 0.316964617656201 -0.37239539696173 -0.0405976035115114
-0.410020490987833 0.171805844711359 -0.284064830390649 -0.0219560572475989
-0.393441081190742 0.0819610233028037 -0.133390779676819 0.000489298162412074
-0.256100266283807 0.259132177175966 0.232755738578236 0.113830086063843
-0.0345772770015163 0.296926329492862 0.278926412946125 -0.209211954625826
0.197055502493651 0.1805572378851 -0.00690415995784097 -0.394829913978024
0.263949552605515 0.0207943902302383 -0.264872257036488 -0.195511378130633
0.218088690459102 -0.132350482672157 -0.233238120485742 0.00681020172253335
0.0974532886199208 -0.202387981608489 -0.125197617547189 0.0695879085997936
0.0717417411473684 -0.215751422778436 -0.0165496941383964 0.0937039862815024
0.078498639574917 -0.216454156110195 0.0750518146350984 0.103510470241828
0.210542189381004 -0.208390528843368 0.141152426600969 0.152927275337956
0.328173631549539 -0.0531246915232553 0.11313855947459 0.246400167690588
0.316941150932769 0.147543264743034 -0.0428978759212029 0.321819728288061
0.0827883348353879 0.402626341751614 -0.260171883904056 0.206112688190002
-0.273415530615895 0.381649975926415 -0.301545720825993 -0.0203141305221858
-0.463804971343787 0.188725271348611 -0.133324007423304 -0.0444128910442411
-0.435057903294164 0.0236096699696201 0.0383915416749079 -0.0162925667872863
-0.358423724581644 0.253656916743091 0.314263893984034 0.114643590746824
-0.108029151325902 0.363905555904286 0.355535966758168 -0.147414920446694
0.212576291011461 0.256182173775706 0.106671926871067 -0.34864511092863
0.308412298093104 0.0424571373495604 -0.139253209616366 -0.215904874156828
0.254858794632469 -0.141858785662025 -0.145950111818832 -0.0738482117728304
0.110701046010337 -0.227076705499088 -0.0816668827012564 -0.0300651219316264
0.0673070306498442 -0.234508780747317 0.0108980841380528 0.00299541542057224
0.0667603295953617 -0.225730213444735 0.104895496907152 0.00985312530058259
0.194532244314517 -0.219323745088624 0.200465005002629 0.0649434831408498
0.321035694479811 -0.0811696293617328 0.207295568201778 0.186605753428348
0.334140260694643 0.114559976952204 0.058066699197227 0.323937796246293
0.106662859223866 0.397838213906421 -0.173098433101466 0.236707329723356
-0.266262127516787 0.37265794051416 -0.230979152179102 -0.0172288727207732
-0.45618354253284 0.167759969517353 0.0152967453169078 -0.0731256959993843
-0.392960956199135 -0.0350469339265621 0.222043375620155 -0.0182112500982153
-0.384610159764519 0.18706020164741 0.38969951308183 0.11303797454633
-0.16330798448829 0.343918381168241 0.401494685392252 -0.073071729568871
0.175049347480318 0.276623425144121 0.200023900991347 -0.261921922378927
0.29045977647289 0.0576954984953891 -0.00163511314273269 -0.207779759438751
0.243233414870496 -0.124215551797338 -0.0456933138737557 -0.147309373732207
0.104362124120976 -0.212769038233957 -0.0324416293581793 -0.125773495388026
0.05200259340724 -0.217239117193624 0.0348004039394538 -0.0857806007652142
0.0487755576569514 -0.203386140104122 0.126754268875337 -0.0794372694892861
0.159388486383272 -0.196617917592152 0.236254986149075 -0.0176634661556289
0.275174375152511 -0.0829166506320149 0.270375844252948 0.125611847887981
0.297685556894036 0.092945054372204 0.128414037642281 0.302701670000274
0.0890538572727129 0.350212989261806 -0.100364877742236 0.240041661386616
-0.250268901495116 0.303091412159271 -0.167257579174891 -0.0194366097621969
-0.394454826667727 0.107979568613016 0.142127162210961 -0.0917312171943933
-0.273132341209053 -0.0764821931251022 0.377157714388604 -0.0129831309788492
-0.314855654066252 0.0894773051292413 0.4425992424902 0.108610271255864
-0.159615181720718 0.248590453682757 0.417145160735448 -0.0142138542416585
0.115054378216477 0.220255636814437 0.254769886252595 -0.171431561179206
0.213007710494335 0.0469729985996685 0.109538902793553 -0.18774966566503
0.18114962270319 -0.0881514965816526 0.0388285060697966 -0.204420824021405
0.0768658879405615 -0.161416768777946 0.00864926558326087 -0.203558991679781
0.0304818443804667 -0.167029844520411 0.0526528437530006 -0.157943307321822
0.0300013924365894 -0.15561520946007 0.141719729340583 -0.150752578374053
0.114838489785121 -0.151346989166306 0.257362739860195 -0.0802663255840971
0.206806045342277 -0.0679293287250186 0.310683349280969 0.0815050529446348
0.2317001747745 0.0798655800975355 0.168405373826975 0.281356439381369
0.0448228904783471 0.281902845799823 -0.053699094608627 0.234127283086261
-0.226609323168042 0.20057947247492 -0.117264399919239 -0.0177450402434491
-0.297420513697822 0.0230232157974342 0.238854989990796 -0.0898471558694964
-0.102794738643519 -0.100400733866535 0.473331104058253 -0.0135603502242532
-0.17133101537171 -0.00890281756935132 0.459697616865037 0.0897708634130376
-0.0969913746687307 0.113492971965591 0.415434795768294 0.010245505837357
0.051319092107711 0.105229998714844 0.278123303154824 -0.120708740304117
0.0973428827434608 0.0140242668383501 0.168022971376426 -0.182199519923976
0.0821634594055809 -0.0408147979023244 0.0788066419519529 -0.24245009582329
0.0325281628909858 -0.0808973830507323 0.0297923185158671 -0.248988118713707
0.00659690165107946 -0.0902238061403294 0.0610918172685501 -0.203050778286295
0.0104380555398655 -0.0885632732182369 0.15173537793042 -0.195006444726836
0.0624040585203194 -0.0949470564948409 0.272097062865055 -0.116783715159453
0.125528020765732 -0.0483520638807918 0.337216624463347 0.0590386540966524
0.151013419356284 0.0648245027964712 0.190176742161426 0.271871294464751
-0.00347979618429402 0.195529191572206 -0.0328746822333731 0.234408663346926
-0.18022981628723 0.0815590838516214 -0.0879264619800584 -0.00631722778612501
-0.166696383353184 -0.0636433623622909 0.295274216146207 -0.0647303779846264
0.012439665344778 0.100605293681837 -0.327722636627226 0.133253961576818
0.0765898843198921 -0.0206369075062953 0.116172413071618 0.0958901782836477
0.00777587268758757 -0.0688123594636927 0.0699070423084953 -0.252353397341482
-0.0559934408116196 -0.00564373612280194 -0.216563528736418 -0.301801086995138
-0.0157545305069649 0.0389694186200394 -0.398933165057887 -0.0526569158966093
0.0138315299862737 0.021406951457424 -0.29779872191977 0.185529249546731
0.0193157309783805 0.0117712199699903 -0.137227991667069 0.251316045650116
0.0236812283843291 -0.0100143076785856 -0.0426519326850767 0.248801873245826
0.015202002130101 -0.0138852603977743 0.00340837909475341 0.262569366064944
0.0234195008442402 -0.0165922512246733 -0.0441308980947927 0.277451794751436
0.0357420121159062 0.0109140826474368 -0.146304597448053 0.243718377704033
0.0181330223693798 0.0176190182828035 -0.259804239501878 0.148648485867998
0.0342428495782454 0.0426293249253193 -0.4090174461031 0.031654921282892
0.0132389725609336 0.0882750954194161 -0.479890512039598 -0.0679783662820564
-0.0886535915267632 0.113590264529546 -0.492698400421798 0.0253516095243219
-0.133200675804153 0.13943370507426 -0.320901799281922 0.0985391610079757
0.00188926242325237 0.0991441537293569 0.131274504877979 0.0957656065852447
0.0321252895683166 0.0408892461995249 0.103372956485389 -0.256974028365639
0.0399402933935576 0.0249801341444999 -0.196276253895225 -0.336842004682163
0.0769574426086881 0.0118907565217371 -0.394670363679558 -0.0774998046335186
0.0747425733557606 -0.0472972758802814 -0.297057504629838 0.160333258980898
0.0369583942863506 -0.072495821735893 -0.140790770632326 0.227223408484338
0.0387544214412943 -0.0973804833741489 -0.0352286259811686 0.227032822657114
0.0450392763578231 -0.106453012847805 0.028312031370962 0.238585105952255
0.118607718041092 -0.100793937606475 0.00942778938204171 0.26609913303967
0.175513755573432 0.00382171855307366 -0.0826476446276109 0.274375610190985
0.133705373932937 0.112085272541188 -0.215609264511823 0.214667737426594
0.0173470356809922 0.212354787352479 -0.382975382896038 0.08890181753915
-0.137417080209661 0.218209663085611 -0.432829367745211 -0.0352252184434272
-0.270989666340459 0.159481324207052 -0.408139443449592 0.0226995301010256
-0.275124240650567 0.144864541522967 -0.255356752288926 0.054334531723185
-0.105547171597732 0.208932104523226 0.174752329060811 0.0945172234966498
0.0306882885511852 0.171787826084462 0.171261521384184 -0.253265100804489
0.13683822099287 0.08078334410685 -0.139073647040867 -0.374520983919862
0.175661013465499 -0.00621530632274418 -0.359451120378299 -0.120143235063625
0.141248226648593 -0.109407353812133 -0.277821138546848 0.10723303866411
0.0576350937320578 -0.149679567790127 -0.136779373871072 0.168472462408816
0.0479383292004456 -0.170844473976766 -0.0226487463461591 0.171738427235871
0.0586722882432576 -0.178531403629349 0.0589918329045138 0.178955343029897
0.173329387939014 -0.176981661284236 0.0856976683025142 0.217849173612402
0.275972677350892 -0.0362540500314471 0.0232059019512911 0.27493771533448
0.24970792728004 0.138622139894158 -0.125241239159706 0.284189212400432
0.0598624984871306 0.336316455343739 -0.325714080900011 0.166023887189985
-0.215468003627382 0.336502488672872 -0.368744893137155 -0.0068200770568063
-0.393101811566799 0.204531910053697 -0.282383604981378 0.00427256833028969
-0.384638566527877 0.118279152628247 -0.130159015359979 0.0129206100306121
-0.22826419879368 0.280147055837108 0.242202936618316 0.0899566503970456
-0.00660872350007953 0.296985518258323 0.258398950633319 -0.227761221142091
0.210833077575858 0.158995567999239 -0.0424767845088166 -0.387188489359411
0.262196903403795 -0.0068443676991212 -0.278518773918242 -0.167308883229979
0.201366991855617 -0.153632161366222 -0.229958537701005 0.0288784053502819
0.0753558278100428 -0.207639887122562 -0.117437079197618 0.0821719084196271
0.0481062941605751 -0.219937520504089 -0.00608710985863032 0.0927470896341145
0.0550089914030607 -0.219943522132764 0.0877532538092112 0.0936720675497654
0.186670158955914 -0.226996984357593 0.156147838638837 0.135049883119032
0.319024509872543 -0.0857250224712765 0.136952223060898 0.233619582714437
0.325827625604434 0.113862412583062 -0.0103252951955338 0.318655256903127
0.119263357018295 0.389279357988193 -0.239947926570556 0.226194033747288
-0.233705793238908 0.402963218504458 -0.298721486907983 0.00584045934548681
-0.444722949167087 0.225122593340918 -0.136311977097716 -0.0311065254748285
-0.430536017886326 0.0643048400157906 0.0378380905539713 -0.0199486882791661
-0.32872571536175 0.283742065025716 0.321345389595751 0.0835339888412913
-0.0725463587043426 0.369602001632512 0.340228974447443 -0.172930310345784
0.232702592070667 0.231889133810765 0.0744847362803131 -0.352318542469931
0.30793743754619 0.0103950548614374 -0.15478898248385 -0.199906470119462
0.236833995616791 -0.166325128960173 -0.151812067501486 -0.0598099791355335
0.0858793504748239 -0.232877187600161 -0.0856923411240269 -0.0196211506571667
0.0416194234645271 -0.237397410377318 0.0110413586619478 0.000486689687951133
0.0430946131321437 -0.227107120283087 0.106936399277671 -0.00151145441273828
0.170131898150915 -0.235865380233989 0.204401828525851 0.0415089577020416
0.30845928852745 -0.112707709471667 0.224080361070828 0.165757932662708
0.338492204787013 0.0800646888121452 0.089122828215505 0.311690067154307
0.144582477654519 0.380759925254792 -0.14919194386516 0.247439519844358
-0.22761562741143 0.39265945521371 -0.228181405200505 0.00212843304061671
-0.437422939790713 0.205102207450093 0.00700093975632382 -0.0718000128400629
-0.392609612849592 0.00424782382983252 0.219099953082365 -0.0387754148191531
-0.360782391293484 0.220676027110677 0.393740944264972 0.0751147885201372
-0.128152396690061 0.354225477373287 0.391588280472505 -0.104697420060025
0.199082929801819 0.254643241794611 0.17537857966349 -0.274841412493444
0.291411743484572 0.0274395598251745 -0.0174172296745446 -0.20503666526727
0.227748949829133 -0.147987412296794 -0.0600020180322537 -0.142541432000447
0.0807959943702854 -0.2180975652019 -0.047219797073377 -0.118806938708986
0.0282124693814707 -0.217926404117239 0.0262779954835324 -0.0886951649095826
0.0278771620757931 -0.20274363774724 0.119052841473901 -0.0915508830753275
0.136930060518748 -0.209322265198633 0.231418715257017 -0.042562122198209
0.262750012317473 -0.10990160024026 0.27974619870705 0.0993076639837876
0.299881756613783 0.0619078628150006 0.157038498836622 0.284424984934507
0.122233944085209 0.335810106859565 -0.0778040660070429 0.243303091626791
-0.217964959213599 0.32307663268982 -0.167042443635623 -0.0055975701224046
-0.381107488900214 0.14091633163558 0.12946874113558 -0.102024268559044
-0.278294900780278 -0.0490671940394176 0.372122916991477 -0.0469540639977417
-0.301825592806877 0.118038292917863 0.444389041381133 0.0672321927204501
-0.133017211638313 0.25909366341326 0.411162730527136 -0.0489656755965774
0.134834040074792 0.2050466500849 0.237728685024123 -0.189412998126537
0.213912353950995 0.0239705786000875 0.0948002316675389 -0.195494887782877
0.169834766383119 -0.105896558707563 0.0171134208303186 -0.206804201896079
0.0594107786695517 -0.164898618922036 -0.0143212665940916 -0.19893421152232
0.0129319124324403 -0.166454506699355 0.0357287899158545 -0.160923106317863
0.0139410692254211 -0.15466304846881 0.125996118845935 -0.162242989248581
0.098052308108966 -0.16015221867251 0.245653968128165 -0.105288001252423
0.196941041399962 -0.0870103359171142 0.314442833034822 0.052475552420923
0.233311799915376 0.0564646219768097 0.194676143120831 0.259941101126731
0.0713666785533891 0.272005686070749 -0.0326844302200651 0.233272661409566
-0.204376228308896 0.218897630465445 -0.118227762223408 -0.00772429914309263
-0.292146131606444 0.0500741211211431 0.22372634645169 -0.108311834186689
-0.111987476885545 -0.0884399547173653 0.467429106900073 -0.05575725121694
-0.168810902594598 0.00800124854967696 0.45849779997715 0.04731049525648
-0.0835925541539707 0.119524271394389 0.411188350391005 -0.026483970114786
0.0605128632977145 0.0972887971431336 0.266842881273956 -0.142381152081054
0.096425255715752 0.00343146617772085 0.152439564654446 -0.196765317469877
0.0770626255031077 -0.0487300630939315 0.0535628756610781 -0.247272556752991
0.0242405335317956 -0.0820201522049975 0.00195766481584065 -0.246282681670181
-0.0034958279064932 -0.0885103847947925 0.0395257267050135 -0.205913582324501
0.00201023033175569 -0.0874490411670296 0.129882468878078 -0.206418221256811
0.0519988016046618 -0.0991944290489809 0.25541769520812 -0.142083808416144
0.11866862642547 -0.0587814142831398 0.338750145407767 0.0274613030964044
0.153216482549411 0.049365339740713 0.213214232988104 0.249239934103218
0.0154577165678432 0.191097600137208 -0.0111368411879305 0.232036969588826
-0.170906731538067 0.0973385873604982 -0.0893066595738641 0.00112911740473444
-0.169790628596107 -0.0470687755378644 0.281183383490081 -0.0902120697357836
0.0190140697086333 0.0959062821879698 -0.305203822156178 0.154234313052992
0.0710868054331251 -0.0257991332972136 0.123381200626232 0.0820996307657066
0.00196637300452897 -0.0671047273129249 0.0515279023567728 -0.249008287617295
-0.0543497531474795 -0.00118376174558365 -0.230249411666243 -0.275181856868248
-0.0121680936764867 0.038914168685389 -0.391688896199755 -0.0186952027986986
0.0148076512742821 0.0191349195240942 -0.272490940742769 0.202820385248085
0.0202401075128541 0.00834483168798296 -0.111407147962393 0.251299837297032
0.0213745922813443 -0.0126448713817434 -0.0206449258254841 0.243266317583932
0.0133877895704242 -0.0158401144362431 0.0252947145621415 0.252481536989891
0.0211609816055705 -0.0183537783668409 -0.0198839653016367 0.273026034117603
0.0363492238835756 0.00694238585761158 -0.124095448201507 0.247954469095769
0.0189607142983855 0.0163493433262083 -0.244386483487131 0.159412178888122
0.0370117732434093 0.0381141890635705 -0.396268347977668 0.0607912289228986
0.0169862667585763 0.0834728244157175 -0.469022729781368 -0.0319928923456614
-0.0797009423165917 0.116855088370736 -0.477656021930915 0.0564892793572235
-0.120736468942185 0.144602878319513 -0.301446321431985 0.119600442426991
0.0081324947052673 0.0958833808864055 0.137473215653294 0.0817134340736251
0.0340377798475609 0.0374110682300412 0.0844270054672504 -0.254382299600318
0.0403659320639942 0.0210859607616077 -0.214260453743669 -0.309780093798011
0.0753938639881916 0.00505901596549126 -0.387707429424481 -0.0421652030163789
0.0679734407083394 -0.0526609658377852 -0.275120298204277 0.178102113575688
0.0300344823416123 -0.0735075289380851 -0.117067701003391 0.230358314885709
0.028635230463418 -0.098294113664271 -0.0149131791225681 0.221080591997388
0.034873321833864 -0.106379330604438 0.048035046589273 0.226943616453888
0.10629341962164 -0.107692064686354 0.032425531527264 0.257100709305777
0.171262555694794 -0.0116052910544138 -0.0584684065830843 0.273120147091724
0.137718846991133 0.0987983043187383 -0.195568816579863 0.220304554064295
0.0322927097427129 0.204816269392422 -0.366229889463246 0.114181235800323
-0.119081371762388 0.221090020458294 -0.41841145930014 -0.00560484276623319
-0.254070293585366 0.1733122156799 -0.39634480065019 0.0497147283263008
-0.258330524198985 0.161284679941623 -0.241508606851076 0.0711799026232267
-0.0869644229981839 0.210079618653665 0.179343717969942 0.0776475047456485
0.0420605567486769 0.165408086588558 0.151446574547323 -0.255315016668705
0.13819326655919 0.0678873611013151 -0.161447950035022 -0.35133943712174
0.169253107169007 -0.0200526412196716 -0.35612315451785 -0.0883446361699697
0.127302505263655 -0.118597124791893 -0.261123165551358 0.124632220824677
0.0439835006339943 -0.149152726368682 -0.118429507724322 0.17384656548311
0.0318641697450048 -0.169149384599759 -0.00775802841922003 0.167121548417923
0.0422044160009995 -0.176117666834515 0.074312846423353 0.166392808133842
0.153373315682766 -0.186712422639088 0.10198025693681 0.203357534309718
0.264988653808524 -0.0585541220685954 0.044918168423916 0.266312244904891
0.25197280487664 0.115850738803255 -0.101404930728426 0.281621542862323
0.0834902214994937 0.321797032449777 -0.30534358385087 0.184603368618814
-0.185418608097923 0.342375383659256 -0.356115743633143 0.0179083646113752
-0.370331865977543 0.224123733713729 -0.273480663219317 0.023959198476145
-0.365909404736543 0.143307035513878 -0.123493518861528 0.0211947146269555
-0.200034546630074 0.289450244778796 0.243222456428113 0.0691252189953491
0.015325678456909 0.289324837575742 0.237931870592837 -0.23578517690468
0.216243529174454 0.137555952890387 -0.0677265421068454 -0.370566279488108
0.253087240087461 -0.0280293671126468 -0.280686135009954 -0.140215359792341
0.182203782535357 -0.16593152454302 -0.220454878238863 0.044545732731346
0.0566166892493461 -0.205625815638939 -0.107410906637952 0.0900179473305218
0.0280517218575454 -0.216669143932724 0.00151782252800824 0.0883427174723578
0.0353178741154056 -0.215221829042028 0.0953197866467599 0.0816978069283561
0.161824845199961 -0.2350254056387 0.163268367622153 0.117078016128848
0.301834078758623 -0.109762998040501 0.152027675585806 0.217409870150384
0.322865804472057 0.0853809930836104 0.0136656284094324 0.306587418619236
0.14639782323981 0.367745226125401 -0.216784052449947 0.234426022319576
-0.197205024819772 0.407829667810263 -0.287876977579766 0.0253476682462232
-0.419029449289505 0.249922448928637 -0.134418365444969 -0.0190748383583786
-0.414170070694236 0.0951402478437206 0.0364538792873632 -0.02327594165894
-0.296418945568331 0.301455460908592 0.317047006275676 0.0576367630816842
-0.0423241104252432 0.364256863483199 0.320980331274481 -0.188206201735269
0.242878282925552 0.206802252074606 0.0482779188388264 -0.345217472439873
0.298671011011214 -0.0151424200483271 -0.162389460592909 -0.181702168356885
0.215025177486353 -0.181720835579452 -0.152571247223718 -0.0474265073057594
0.0650554289363278 -0.230809985373072 -0.0852698635988005 -0.0103359522473001
0.019808393852916 -0.231819843344064 0.0107509629207201 -0.00189295138395916
0.0240876389864192 -0.220692064182301 0.106092751985587 -0.0116329092541826
0.145352768360421 -0.242487308207785 0.201380116566405 0.022728387293786
0.289897870537265 -0.13476271723768 0.231486721821939 0.145005082054842
0.332386923425205 0.051920225147485 0.110862968356279 0.292334893864536
0.169368657420251 0.358023863993902 -0.12865709479486 0.249068715125995
-0.190200166692387 0.398735287805718 -0.221701763130319 0.0154571729843097
-0.412044787516992 0.229192407017296 9.47512561316502E-05 -0.0689198127408753
-0.382973842451415 0.0335122665270386 0.210258695564214 -0.0539214413422256
-0.331088040321559 0.240990996771702 0.385265652459473 0.0451978595106918
-0.098056121140767 0.351929444441359 0.374384709517371 -0.125758517407521
0.211887757095275 0.23162801030447 0.151987275839203 -0.277289066315896
0.283718180511101 0.00226958205158193 -0.0285403124002428 -0.197986817670921
0.208033756567061 -0.163272325021272 -0.0698089503213385 -0.134458578139473
0.0618304413981273 -0.215926185962894 -0.0565483504869681 -0.108649927175467
0.00890658846976398 -0.212562804933769 0.0172803827217971 -0.0880850396390409
0.0114741556925138 -0.19707702606313 0.109361941262975 -0.0992612462628626
0.116606925614826 -0.213249065750486 0.220312581750389 -0.0612430449615669
0.245386353338427 -0.126764992148131 0.280657796281557 0.0751955568829257
0.292708359273353 0.0378006599502577 0.174941835283523 0.262023025076674
0.143909184941871 0.31524240558807 -0.0591382554112836 0.238850267807083
-0.187505693844024 0.329719139978429 -0.162935321298787 0.0048366022437388
-0.362206028814132 0.162628079828422 0.115922379471301 -0.106559016333313
-0.274835298619481 -0.0256378762239248 0.358558250330573 -0.0725365154427325
-0.281382287082805 0.137104781742345 0.431880949477749 0.0330661696521625
-0.10926635168481 0.260888480019419 0.396312841886252 -0.0740154392368421
0.145073472389187 0.186848690563473 0.219873067900398 -0.199390974627748
0.207803616862443 0.00564461908465267 0.080465607528389 -0.19777521485208
0.155861210105563 -0.117809758234152 -0.000302287654939902 -0.202445444045401
0.0445753716400785 -0.16298603494538 -0.0315121867651981 -0.188707666829204
-0.00234479772164527 -0.160947668370277 0.0211336573901178 -0.158939096152391
0.00171690762610631 -0.149609012057264 0.11004563326114 -0.168187195550695
0.082651627549728 -0.16300177385034 0.229174244056593 -0.122089501369167
0.183421846198584 -0.0991477402538332 0.309370862248546 0.0279055912725359
0.228197760194124 0.0373280906688096 0.208660702766689 0.236032930188542
0.0897722213030669 0.256384176734501 -0.015869291918668 0.226055591418656
-0.181800170284569 0.227044695006307 -0.11694274241045 -0.000136986541391507
-0.280573133116408 0.0682983912017661 0.206365218421514 -0.119668388584572
-0.114622832924733 -0.0761715180861646 0.450171186323038 -0.0870237224341805
-0.162310766396101 0.0197329617065095 0.444916878632329 0.0150572661559221
-0.0713094362560013 0.120183935832448 0.397035428458626 -0.0533737098771526
0.0657832999998841 0.0874750441488221 0.251096599220375 -0.155772494178019
0.0916336143148017 -0.00473412036077613 0.136989786960556 -0.203089617060771
0.0707708504916934 -0.0547642597139819 0.0319956156579822 -0.24429456164269
0.0174382025903763 -0.0805452050816764 -0.0187922544117903 -0.236353150759103
-0.0107965422438618 -0.0848587372249825 0.0211724802749497 -0.201866266036081
-0.00423267625043796 -0.0843214408630554 0.109607194084596 -0.211254347660406
0.0430949364003675 -0.100126232592384 0.235522388765978 -0.156778344079838
0.109979604928149 -0.065646036818287 0.330028565594288 0.00115037662063512
0.150625762114369 0.0363495092813981 0.225999671569543 0.224430278993851
0.0298074394557703 0.18240194656386 0.00451013527031158 0.223439484691211
-0.15869301530774 0.107170839977079 -0.0875218845628201 0.00703152300810047
-0.167806072783343 -0.0324737418105313 0.263202982376332 -0.106983917100656
-0.0233905117351961 0.0955068041679122 -0.32239013115808 0.0220766491140387
0.0719036301840512 0.00456250492648773 0.0841294535805276 0.115466293707318
0.0275154775261312 -0.0602859680903516 0.13896840853788 -0.206827969500693
-0.047540860667778 -0.0202372287783821 -0.108849233867149 -0.332814279743295
-0.0226462831836128 0.0311442645658165 -0.346065702767265 -0.160091063022044
0.00705293316217006 0.0212245788150197 -0.319679734845196 0.080734837133752
0.0151585738861796 0.0134604754240232 -0.191185027180712 0.184262400055232
0.0234691105677716 -0.0039231304310177 -0.106072525027363 0.211197892431555
0.0196602744731451 -0.00907309193202973 -0.0669795286168798 0.236249663882718
0.0283152103031973 -0.00879475085619002 -0.116761727065181 0.24233498009027
0.0333154967705152 0.0210657972634413 -0.203025084026462 0.176301181219519
0.0120570732320393 0.0258919223129864 -0.282914783069045 0.0485279881572575
0.0180027641106516 0.0527926003605898 -0.378994639386543 -0.0912427706479385
-0.0201857218112714 0.0848798715189127 -0.412007514414149 -0.197559058298874
-0.120590280028482 0.0847194605973548 -0.456891637239058 -0.133348323447015
-0.172455489597325 0.0827008071351186 -0.297577436320364 0.00567661076505483
-0.0318051346523346 0.0878904630329613 0.103764444303974 0.124335725456561
0.0149062513695996 0.0465357180395591 0.178125859395118 -0.199020065052838
0.0270459785640775 0.0356878223244689 -0.0781374760644635 -0.363740045146065
0.0679085104880242 0.0338002719678429 -0.332938582793818 -0.186913848321977
0.0804976988680053 -0.0226319368252012 -0.313179451322306 0.0549503361867308
0.053884751346109 -0.0552216363647867 -0.190089935483383 0.162188033780264
0.0605862243353543 -0.0789353209413939 -0.0927570841153352 0.193405872258776
0.0702749037091639 -0.0833468728808656 -0.0348171183378693 0.221455556969887
0.135963048665952 -0.0615065269757946 -0.0614639534034414 0.248164315973795
0.163101615552427 0.0502974258405062 -0.152320071609898 0.223563284432073
0.0912146873614959 0.141891032319916 -0.260189291011197 0.124134782665838
-0.0418256618177862 0.205841070112138 -0.375083527159496 -0.032956975300573
-0.189579456176438 0.165207076946415 -0.384991976521268 -0.159487784438756
-0.300450466963356 0.0775818765324872 -0.381138886428123 -0.118209491033654
-0.306845968390746 0.040124807884754 -0.220060407197807 -0.00188712932948284
-0.161396532731826 0.152367436038536 0.147032772988805 0.142831330862228
-0.0267424735810892 0.16477031643588 0.249082330723715 -0.172806940003589
0.0944390633937688 0.114870358994514 -0.0100476852339201 -0.386995318543155
0.161149946115852 0.047534754339458 -0.286974052179986 -0.221295119900514
0.157594505195803 -0.0595764956763464 -0.282054762305107 0.00741410327425241
0.0936213167762084 -0.116314547565417 -0.171794148384481 0.111390923541546
0.0886374579660124 -0.142333348724004 -0.0674082423227365 0.147217147722823
0.101230225882287 -0.144028421180421 0.0122740367513837 0.175911795853532
0.205214846953356 -0.116696664425965 0.0233412804154414 0.223204092688747
0.265039607979465 0.0386265995031352 -0.0543599454208057 0.257031166405681
0.190841862540894 0.19658428923288 -0.196437064990153 0.217024821576479
-0.0327130007094656 0.332134681579147 -0.348244809564056 0.0545348016682324
-0.288893658750701 0.253350032721101 -0.344678889382026 -0.118184302477332
-0.424487910167348 0.0848122668175842 -0.261578753972137 -0.101533774463533
-0.399218311721932 -0.0197874295559498 -0.0941811611115629 0.00899702927946644
-0.292461023195821 0.176936855248204 0.211113390557327 0.166042031162738
-0.0982650446727765 0.266346150121445 0.327998014420629 -0.119156521159239
0.135351230363253 0.206828872551861 0.0884734118256378 -0.373396843092728
0.237735674571763 0.0725751188860579 -0.197941784908711 -0.244413633033841
0.224292354804968 -0.0814981779714975 -0.216447949993567 -0.0519898144019401
0.125698379118337 -0.161405096763646 -0.132017957894066 0.0390448322024003
0.102020497921707 -0.186221808576379 -0.0306637882787036 0.0794656169817885
0.109850345892008 -0.180847999835115 0.0622282719259764 0.10679067333833
0.228925602982589 -0.158240792208853 0.11073805125943 0.167326680472846
0.316934677579626 0.00264648859830592 0.0600178989965655 0.252711859983435
0.265432836705632 0.192795507462335 -0.0999954253241144 0.283862833403275
0.0115788102381599 0.394396312494545 -0.288015267477415 0.133352312160176
-0.319544724129897 0.310234700604022 -0.28974459710071 -0.0872323185817299
-0.475517154302853 0.0892515091490985 -0.1207476956214 -0.0914890025846704
-0.422251850663828 -0.0841468217182219 0.0630876644698845 0.0348792567895418
-0.382433934604814 0.148982794412894 0.280269214005822 0.18886080483745
-0.179973838062156 0.311292975043074 0.388571260737924 -0.0399100945790596
0.132518154861875 0.277487561275458 0.190122760036603 -0.306958972995029
0.272094647723889 0.101877017314468 -0.072534579180745 -0.239782737884032
0.25978693234666 -0.0830594273431576 -0.120034530785075 -0.111530791549871
0.142330048167608 -0.180276387173786 -0.0762656743908995 -0.0433236378253238
0.100716374055875 -0.202444826654215 0.00967952590972846 0.00165723932412257
0.10063647674482 -0.190392362805573 0.105831889159741 0.0261646501112721
0.21537346089644 -0.170676395076013 0.180258269563677 0.0944370630861921
0.313172161083856 -0.0247045579408019 0.157842121482794 0.21703981720408
0.285114874140329 0.163632517057567 -0.00565034647792753 0.307212926281501
0.0380554502383587 0.391583183019742 -0.213408732295695 0.178464061738752
-0.309974187877808 0.302537113706904 -0.226707225110872 -0.0707199285445962
-0.459751875196408 0.0719089564308132 0.0199985553389979 -0.085379047100389
-0.366189243384386 -0.127291480515046 0.223752064398239 0.0700828209653656
-0.389596688912309 0.0811548598171021 0.342509964233315 0.204691014600652
-0.223786623800443 0.278828258173802 0.412536849883509 0.0392856898270587
0.0953229727869083 0.286160993848207 0.261111116459932 -0.202607754617769
0.250796386679256 0.111905976773111 0.0558092862462952 -0.20352441000531
0.246509079732466 -0.068955216159809 -0.0130261637796634 -0.158747553519533
0.134309015983704 -0.168455363492678 -0.0140598715472771 -0.121410787278708
0.0835976657963689 -0.188990167536667 0.0471867157635064 -0.0736839843571917
0.0803114271105578 -0.173618782987212 0.139537053540175 -0.051220401616295
0.179310357572932 -0.154520561608696 0.226386854783843 0.0251640536648248
0.268681198410159 -0.0330097820539259 0.226121226820423 0.173360083782863
0.254191960160059 0.135998692122774 0.0633561952111314 0.303027079922905
0.0296379935460731 0.341841212732645 -0.147483459594157 0.194202109020522
-0.283438459131254 0.239984615855507 -0.167650037540474 -0.060912794952015
-0.389190944992479 0.0278295676279697 0.140559872787367 -0.0724466614343429
-0.242445818497172 -0.137194763850139 0.356245435426036 0.0995891481583025
-0.304110424030123 0.00862791784238903 0.383619982340458 0.208966479540191
-0.197905119193658 0.190291042813211 0.405354874543016 0.0943059311606742
0.054603495415584 0.219832169005896 0.290703513332874 -0.103000897167934
0.180551750101967 0.0853658499278463 0.153803828214539 -0.15825021357656
0.182365817119437 -0.047931512044285 0.0750714117332593 -0.191124562878643
0.100185419097812 -0.128002733642868 0.0389827317654819 -0.184121830504586
0.054942512096846 -0.146034270543912 0.0758921215752333 -0.13531116941587
0.0548790358895379 -0.134185991631306 0.162964058738237 -0.113195402021401
0.130364637793157 -0.12031678895701 0.25494827879845 -0.0263294272298331
0.202357329838468 -0.0298008687255261 0.269516244309592 0.140321189411448
0.196262033235135 0.112642173743569 0.102403914514309 0.291867670906522
-0.000518434713896475 0.268465646137245 -0.103254596832111 0.197806094576122
-0.24361391738683 0.147552003679653 -0.120200883487889 -0.0490056935359837
-0.280066118268412 -0.0319285015064648 0.230691373476652 -0.0457935945486721
-0.0739042306890584 -0.116946899491415 0.434743367604603 0.104750982211719
-0.15246558884157 -0.0475113830552899 0.394540457103587 0.192838361930996
-0.108187504895369 0.078676129011945 0.388089158042863 0.108959197167796
0.0226348741569491 0.100846806650928 0.296989539505849 -0.0485853919474863
0.0804417605715293 0.0318388896882967 0.204768452093047 -0.136482587517127
0.0831816749385353 -0.0222229636152356 0.119340652628885 -0.212423276030417
0.0455352110575439 -0.0651469648469669 0.0675400621715219 -0.221338909395185
0.0195590860191002 -0.0804662242691531 0.092007990738324 -0.174188950122857
0.0256881198487933 -0.0787815243394725 0.176801940507957 -0.150928125456171
0.0727963431432469 -0.0780375746700254 0.272579175989682 -0.0549835456885236
0.123609653651099 -0.0244168998547235 0.296551036957258 0.123600721671616
0.126085929151524 0.0840902023491063 0.120569817314281 0.288565499418541
-0.0315045401371398 0.179686443695321 -0.0833666004666449 0.201488656905032
-0.182455400680916 0.0460845150669932 -0.091057302177579 -0.0321726242456964
-0.141029624117379 -0.0878723232528508 0.279057701339692 -0.0062346818977804
-0.0187357104815063 0.0955113266147417 -0.315671266841238 0.0370062707313582
0.0698678962192988 0.00157531446701478 0.0921178829243162 0.107779773077757
0.0242144911511794 -0.0609401002274855 0.129084775280117 -0.21093805767293
-0.0478560395048989 -0.0170786642430915 -0.122360522572759 -0.323321873741398
-0.020287126179689 0.0328536388399252 -0.350348273352769 -0.139754428014471
0.00840713836933642 0.0200685001808418 -0.310980759587203 0.0966609606102364
0.015992956046173 0.010953838329207 -0.177398795578677 0.190013363302047
0.0229670757743029 -0.005851277193311 -0.0918247008575112 0.21381420254011
0.0193371001657043 -0.0108961103981213 -0.0517998577018376 0.236580154855548
0.0278308342866636 -0.0106888308114105 -0.101055408761998 0.246848292631468
0.0349900178996768 0.0190859952486966 -0.193846453538064 0.18490669484048
0.012958249471567 0.0263598102238435 -0.28108019262459 0.0582978223056021
0.0204773398992421 0.0512434038071736 -0.380840031324558 -0.0724674052550182
-0.0178106471170182 0.0841004829710823 -0.413987539445908 -0.179451471895515
-0.11636573005475 0.0896728684667774 -0.460218852807491 -0.113613273246345
-0.168558495360713 0.089907771618569 -0.292769665743109 0.0198443479422395
-0.0272771675735955 0.088491001109629 0.111335689088508 0.116267288070711
0.0169809286925338 0.0457281283081531 0.1702786027178 -0.204042568307305
0.0286404830959045 0.0341376408194739 -0.0936164867594131 -0.354811394142066
0.0697697469481099 0.0300457851242982 -0.338910555512007 -0.166681342295998
0.0782949012176389 -0.027376709142995 -0.306664627661425 0.0711842629189715
0.0506006346152389 -0.0582394692651981 -0.177269591335038 0.169548620248359
0.0553062505417889 -0.0818218078309615 -0.0803917666355757 0.195287078768763
0.0653152818124064 -0.086545920267506 -0.0203998906327155 0.219527519288281
0.131339032406932 -0.0690689024432224 -0.0457110619334379 0.248892933314967
0.165102497847069 0.0398681516634802 -0.139649505469581 0.23009038324722
0.0972874029304185 0.136824598507944 -0.254102923287996 0.131897024212338
-0.0310172326969698 0.205773050044493 -0.374192177068966 -0.0144307161966218
-0.181439692065401 0.171493623446392 -0.386613460318339 -0.142251997159343
-0.297156180035577 0.0898662248834601 -0.382698231744756 -0.10041056342575
-0.304305706290922 0.0554565809597023 -0.216628576950974 0.00816069620793604
-0.15170719285925 0.158335063425442 0.154713671988124 0.133095928445244
-0.0190399354554324 0.164612608031902 0.24149297543212 -0.180146269405004
0.0989186212631492 0.108916954791762 -0.0270698532745637 -0.380195520257208
0.162146895804074 0.0380698283152827 -0.293637360565135 -0.203336914545793
0.152060421042902 -0.0684054380129542 -0.27802267063721 0.0224779107193544
0.0873144723599357 -0.120415471736957 -0.162510466201826 0.119037569579934
0.0791488873503826 -0.145764667234867 -0.0576227718645034 0.147922451390545
0.092840529880882 -0.146870119180734 0.0241008178622863 0.171324286387701
0.196926045666064 -0.127813048189221 0.0366751945529193 0.219330503467465
0.265736348380591 0.0225428012247275 -0.0399520050359795 0.258236915113985
0.19748493804326 0.185382259539029 -0.184995926903907 0.220577175033862
-0.0156443013570815 0.330486691805421 -0.343461407663275 0.0687484534597707
-0.275178886687851 0.264620841008292 -0.344257624706723 -0.103135062458908
-0.420422384166887 0.102433742056111 -0.264251684939173 -0.0891989579633992
-0.399022393046786 -0.000493845979268467 -0.0923115882715711 0.0127283777100822
-0.279499698844075 0.189154254929798 0.217402366173963 0.153637228214786
-0.0848199976996022 0.269306442535135 0.322552671683226 -0.129455862628138
0.14425434171953 0.197398494363891 0.0702981548433189 -0.37075635247048
0.239352296155992 0.0589604095565046 -0.205313318571903 -0.230492393376336
0.217083581411132 -0.0944068535795737 -0.21658464817989 -0.040481662050089
0.11647765810215 -0.165663927447959 -0.127960510747459 0.0466991550386558
0.0901489634400305 -0.189429302879069 -0.0255976297234107 0.0792725697980839
0.0992311510469526 -0.183743312097857 0.0697450170586258 0.0998448377145532
0.217868956332965 -0.170370858628213 0.119758268622804 0.158732624885479
0.314597436296955 -0.0156304764584936 0.0747985274268499 0.249011358817386
0.271673202314697 0.177164153744034 -0.0846090958138674 0.282218570501661
0.030328697841096 0.390352520603267 -0.280393985698496 0.143452385112105
-0.302836476789029 0.32243356681452 -0.289876395398176 -0.0756003770164163
-0.469976920785144 0.109995117749405 -0.12466731136701 -0.085078990532297
-0.424829802085377 -0.0632937793016939 0.0641156564092948 0.0308007890499771
-0.370293806873399 0.167283019152071 0.286527569437834 0.173593481833717
-0.16247165207747 0.316451507569776 0.385888440465812 -0.0540051227095977
0.145136103590885 0.2674704999447 0.174513263888531 -0.310211525157763
0.274756140628403 0.0862306295807705 -0.0806563586477383 -0.2324971082621
0.251368774862725 -0.0980043802813374 -0.124863420965775 -0.104413621525769
0.131692196888155 -0.185718012135036 -0.0775845479442395 -0.0371203346920814
0.0869683034885844 -0.204932737262882 0.00942569060363245 3.5269524576716E-05
0.0898928174608766 -0.191735088161647 0.108083336616869 0.018150397128782
0.204414825629667 -0.181298974081969 0.183923789266042 0.0830111940572266
0.307894360846056 -0.0424644979635313 0.170038243523505 0.208117557513849
0.289236932855818 0.147867133336507 0.0105545833775713 0.301835645280694
0.0580789822447897 0.385841117893294 -0.204375457427439 0.184175337719014
-0.293006938286973 0.314882391430632 -0.227943770836872 -0.0619689654923974
-0.454966249052219 0.0920413119739654 0.0144574471428199 -0.0854906796974147
-0.371724729855907 -0.106940017598397 0.225836520416593 0.0586159580218311
-0.380585403821635 0.100001583886835 0.346561137455218 0.188051511712321
-0.207540951877377 0.286929348733996 0.411833924312948 0.0236909719669789
0.108795475248103 0.277498788477843 0.250003442814605 -0.210098341570388
0.252860078519457 0.0970510878731226 0.0483544529459285 -0.203099178963464
0.238775504718293 -0.0835368126013382 -0.0214961958190581 -0.156486225519914
0.123735345740616 -0.173134035332925 -0.0211866818483325 -0.117761291277984
0.0711629578112316 -0.190217379383837 0.0420611459908786 -0.0760443084151917
0.0707532381647695 -0.173800013778885 0.136366275402708 -0.06000844854409
0.169310219308892 -0.162874758448169 0.224733293648801 0.0124096668596991
0.264362050779903 -0.0473640933198706 0.235250391776735 0.160956334970858
0.257094538586171 0.121535667194043 0.0786824327358078 0.294274578149565
0.0467393458213072 0.335839454443248 -0.138282714395118 0.196532856917476
-0.269579026807616 0.251824194969171 -0.170260814108058 -0.0547139937609822
-0.385956605090807 0.0442182213467447 0.133847784403354 -0.0769715957422447
-0.247963577050626 -0.12277887502759 0.35679530090815 0.0820224953491299
-0.299945803005574 0.0231077317627933 0.386042248201698 0.191087701788047
-0.185505087878318 0.196864924785074 0.406141014811774 0.0773319427156445
0.0644365190037766 0.213621670880155 0.284304564944599 -0.113106411613416
0.181972018189185 0.0748827040054356 0.149052746800439 -0.163696283576579
0.177245932161879 -0.0581501365343618 0.0646312208361682 -0.193126136343699
0.092405112931023 -0.131402320132879 0.0271564773285694 -0.182044919161565
0.0452681356533247 -0.146550411158534 0.0666419713294771 -0.137569892055407
0.0475166873560594 -0.134674467406358 0.155379716948816 -0.121915270161717
0.122768163602711 -0.127095430767471 0.250179701692511 -0.0397177962563978
0.197902106183657 -0.0403621800052408 0.275854777075617 0.126360524493773
0.197825332866922 0.101455107154517 0.116935573011842 0.282483472037852
0.0127377532237755 0.26399305489066 -0.0939472286915559 0.197705643227164
-0.235331822185035 0.158778683184467 -0.122965670319931 -0.0443410781922957
-0.28052348331716 -0.0184541948125323 0.224058539860508 -0.0550797910711921
-0.0799561910167464 -0.111030690943613 0.434781742037676 0.0849271393428956
-0.152296136273463 -0.039757100225491 0.395926062607959 0.175179451428662
-0.102794666517532 0.0816596343472563 0.389337845803337 0.0917761454238032
0.0270269741521131 0.0968497532770826 0.293368400566656 -0.0588488777075736
0.080037224254053 0.027084780633819 0.199691192010412 -0.146159488736418
0.0805706992553857 -0.0269781565727521 0.106524557252034 -0.217512112489389
0.0415146690903828 -0.0667975709442948 0.0534790140427933 -0.221564708349817
0.0140308109767141 -0.0797283478362869 0.0807363061534472 -0.176086012022964
0.0214700941516158 -0.0790377740818567 0.166563282165709 -0.158619978279705
0.0671575697509495 -0.0818480979198171 0.265894991135419 -0.0684437734732163
0.120351451153359 -0.0297103640421797 0.301022734234689 0.108293962917484
0.128088010013899 0.0773816430655978 0.133394203998731 0.278057487955969
-0.0217354066784084 0.177516257757869 -0.0743162836383644 0.201719674865883
-0.179535063328633 0.0552181714087171 -0.0940531749505165 -0.027951679592076
-0.143769516650246 -0.0798031632575206 0.27316577100505 -0.0190060830514572
-0.0139522984582163 0.0964517418334569 -0.312562930041393 0.0564362453363899
0.0689601431658808 -0.00263543416592907 0.100133587421346 0.0993045487341914
0.02007547822766 -0.0629937703855824 0.117910830147177 -0.218173237118434
-0.048536528840791 -0.0138132805583661 -0.139165890203194 -0.314201455367253
-0.017478148628405 0.0341978558411617 -0.359951093568021 -0.115294792272002
0.00965370323114989 0.0188734974252277 -0.30271972129977 0.116743364408236
0.0165533432235161 0.00842039740710918 -0.164547643251007 0.198073432400218
0.0223146926395825 -0.00859255617724113 -0.0773284199770351 0.218277294636241
0.0183059745077461 -0.0123241078693852 -0.0348701836091622 0.23939216821079
0.0277619154520102 -0.0122939986490083 -0.082607193149043 0.253478483518566
0.0367380168812278 0.0160178436086439 -0.183675030540864 0.197237219451161
0.0145696714151778 0.0256146010023327 -0.281493682676604 0.0728135659032506
0.0229653010580894 0.0495956524729111 -0.386266586734586 -0.0492847343108732
-0.014522098198709 0.084486236977352 -0.422273085848284 -0.156493139510951
-0.11254008088001 0.0967187429619159 -0.46678056945647 -0.0899242121468833
-0.164068800366714 0.100500453710304 -0.28994801400563 0.0361659020738779
-0.0226659888661929 0.0901572176903331 0.119426987916124 0.107200244053344
0.0197740234353636 0.0444690503988464 0.160069751095576 -0.213120146034944
0.0299612909389889 0.0322455742467468 -0.112795347128398 -0.347309250644235
0.0718801880518622 0.0249425750755818 -0.348074796503871 -0.142764363320262
0.0762800740917569 -0.0333935135443512 -0.299930131645441 0.0905187159835552
0.0464696011638531 -0.0624709567418145 -0.16418393028087 0.179080660272203
0.0491320359455037 -0.0861273602578321 -0.0665897347909891 0.19923988229416
0.0595072998191517 -0.089890499433344 -0.00404334973544623 0.21889221927151
0.126860314023761 -0.0784904207203313 -0.0269319168538266 0.251623676672241
0.167868101354158 0.0281368195372109 -0.124659970360661 0.239847640393504
0.105541916576142 0.131188960472884 -0.248960963962464 0.144714879512081
-0.0191735145861369 0.207530583248104 -0.376731900310095 0.0067262866853663
-0.173134483155229 0.182243330803759 -0.393013509075044 -0.123760101600503
-0.294561764857012 0.107835023711654 -0.389576384658736 -0.0805153349563571
-0.301902531533074 0.0742388621523659 -0.215815104295982 0.019794943173884
-0.141844040792302 0.167218211159701 0.163558880496618 0.122016504077245
-0.00851365340466264 0.166348818254783 0.234699570608385 -0.192725066982551
0.105158890284057 0.102220535881562 -0.0483316895775099 -0.37674030008425
0.164873516749684 0.026897145866645 -0.304518410570055 -0.182969529202215
0.146817292911322 -0.07945313315425 -0.275896052258247 0.0404113671384928
0.0790774145486467 -0.126074550946055 -0.152988222671581 0.129009274331713
0.068515449662015 -0.150918035211172 -0.0476389187193807 0.150301217371616
0.0831680378510896 -0.152300760382354 0.037352862766394 0.167736698878315
0.187917382991194 -0.141584961811087 0.0529676882948989 0.217255622596148
0.267839388199869 0.00300095404383263 -0.022295184771734 0.262436278265614
0.209019954784548 0.17315427008137 -0.172685623949566 0.229010956106476
0.00541418850254067 0.331374472280503 -0.341073061509108 0.0882294208255942
-0.262122416302701 0.281682353205063 -0.349168712198184 -0.0866380430108092
-0.419355540057082 0.125292495736785 -0.270285842581554 -0.0741494891659411
-0.399938036542131 0.0244849861808165 -0.0916494594779248 0.0170546081474359
-0.267979355216963 0.205922553218708 0.226530848642228 0.139967668828931
-0.0681481691135258 0.27553373088136 0.318746994235899 -0.14597687265247
0.155387883467668 0.187742663979461 0.0493784280447266 -0.372559801987763
0.242894291162306 0.0426355148061216 -0.216853471512524 -0.216339718627016
0.209094369605633 -0.109856972490073 -0.218414593575802 -0.0259858803712008
0.10552223980311 -0.173670135004603 -0.124127734295171 0.0553622158297153
0.0764769675886383 -0.194436825426675 -0.0206084520790914 0.0797367427342276
0.087632852262537 -0.188933744679567 0.0778609168093554 0.092559288400161
0.205843832050782 -0.185535360100653 0.1318022527267 0.150538300660588
0.313297706027483 -0.0383843154553255 0.0928845446401299 0.245178516410459
0.281723021175848 0.160153371148919 -0.0680801912046365 0.284529878249807
0.0559306412696609 0.38859286102608 -0.273266129405967 0.158054305520775
-0.283280163577548 0.342407469640338 -0.29450154010708 -0.0614514203519744
-0.468426027097263 0.137364768108577 -0.131008466020287 -0.0779289446156658
-0.430204353149526 -0.0360880395608769 0.0656218518431347 0.0259938769739489
-0.358501334946633 0.188714203044714 0.294543729607125 0.156110543686325
-0.144505705950013 0.327301408683419 0.386316990145683 -0.0731639383392222
0.16140117907125 0.257632295892607 0.157404577763574 -0.317673675568692
0.280204930465696 0.0671783336076935 -0.0910987533614217 -0.225986735514965
0.244088402118591 -0.116043085230825 -0.130887673486871 -0.0962123415134553
0.119594395383999 -0.193397084658759 -0.0803027812789057 -0.0311482227090976
0.0726187147381303 -0.209358842993383 0.00862165395076782 -0.00116943420207539
0.0781827470646475 -0.196102321776037 0.110047363712309 0.00835507593448051
0.191584473274637 -0.195266969635933 0.1901005683134 0.0702361412384716
0.30590493476844 -0.0639472426950435 0.185589055511483 0.198628725812013
0.29746583079973 0.129671030772799 0.0284009782966942 0.297661415925467
0.0824217188249994 0.380876635616008 -0.194933025775984 0.194036202063
-0.27452101638283 0.333925689387712 -0.233379268207404 -0.0518092414592695
-0.453630670084714 0.118574954389446 0.00826395296419023 -0.0851936368450275
-0.379350574619866 -0.0830309859313193 0.228673695847747 0.0456778099210068
-0.373941349098441 0.121925710865404 0.354925032896289 0.168204116152471
-0.19013516752444 0.299808518783411 0.414950029819285 0.00195319070953509
0.125231279010994 0.269515044166431 0.238735305454776 -0.221865395929848
0.259016634801841 0.0798191887640418 0.0407144980730994 -0.205623166299619
0.231254296690765 -0.100242444898609 -0.031021741249547 -0.155817780958291
0.112933920017064 -0.180838700220237 -0.0291058337335588 -0.114567839483174
0.0567997473987759 -0.19346748589044 0.0359088046540783 -0.0783972454688343
0.0602698247336316 -0.176423271630788 0.132468923840594 -0.0708982664509282
0.157693530118203 -0.174278714956122 0.225675468741051 -0.00281836404920249
0.260462527860287 -0.065422878237588 0.248050161453279 0.14714272074873
0.262962125414965 0.104750144694551 0.0970335916448239 0.286770904898284
0.068791983497759 0.331778100900611 -0.128461486594237 0.202063053191483
-0.254785957769476 0.269267272547197 -0.175110971533525 -0.0465670867540807
-0.386257565942393 0.0672191125140189 0.128130371352236 -0.0837327425335734
-0.25631634999926 -0.106381220664838 0.361578730350863 0.061873130295228
-0.297922753275158 0.0410971283900772 0.393788856411617 0.169817988622735
-0.1736718539876 0.207985929131533 0.41136771345588 0.0554612998379005
0.0767454331907569 0.208816893075243 0.279389377531942 -0.126868184689533
0.186206002666985 0.0629374431286261 0.143129458497253 -0.172530332985022
0.17147105582891 -0.07083922862282 0.0517981191634391 -0.198320888456072
0.0832954979147605 -0.137004633994214 0.0144355292672526 -0.182655549806164
0.0342212679779408 -0.147842739919267 0.0571590526229765 -0.14152108567734
0.0389029666940769 -0.136480303963625 0.147257180230809 -0.132721515242299
0.113717120978714 -0.135160634404859 0.247239432345144 -0.0553723894333913
0.194547182843157 -0.0527078639539 0.285401002372057 0.109584724441077
0.202840964025223 0.0884579963095871 0.134086940997738 0.2733824070245
0.0298964194092252 0.261671929095733 -0.0842256147044327 0.201591544908314
-0.225507486308171 0.173977545283031 -0.128140238090771 -0.0385616574560017
-0.282739137872932 -0.00168913374930766 0.218996401880632 -0.0675939927879612
-0.0871595787299597 -0.104057271354286 0.440908914805288 0.0619566294298943
-0.154650069926466 -0.0302679708691124 0.402767962354914 0.153911773149834
-0.0974338915110967 0.0871142372778105 0.394097071333643 0.070566853941663
0.0322215936358211 0.0935895868432646 0.292208813456947 -0.0735259977221915
0.0807692422578521 0.0221437042661569 0.194552460820358 -0.158515171623555
0.0779645941626546 -0.032515849287743 0.0919840440017249 -0.224009505392382
0.0371801978128652 -0.0693245387835581 0.0369845986215214 -0.223173935740793
0.00810256856389253 -0.0797393403865637 0.068234032063069 -0.180991763035036
0.0158707576682556 -0.0800793641460383 0.154925049098832 -0.169790608269396
0.0616165123682865 -0.08615488031393 0.261067760187853 -0.0848738700100713
0.118095852845334 -0.0370538647565257 0.308626872822967 0.0886889774322062
0.131305726644613 0.0690005698918006 0.149621625374735 0.268577875995538
-0.0104056693701796 0.177855736922781 -0.0639428821873805 0.204229159032663
-0.176481295072008 0.0675232939407904 -0.0985055835342612 -0.0226431212573602
-0.148493473356115 -0.0709941532839598 0.270514448694377 -0.0347177650775123
-0.00673096986638682 0.0965357594866731 -0.30363582383545 0.0803656925427247
0.0671329844340823 -0.0079696388373638 0.106694623097359 0.0883741720867951
0.0148681336300195 -0.0638730684739534 0.100639530604707 -0.224897634636079
-0.0485340546028646 -0.00941429092976971 -0.159321955276624 -0.298693191447637
-0.0136743181250406 0.0351789945433992 -0.364022731193157 -0.0828906225409289
0.0112683544269567 0.0174127286851678 -0.288120331747915 0.140612894189018
0.0163818608233816 0.0061721311326548 -0.14469818487799 0.206630814225548
0.0210997555119281 -0.0109887787476289 -0.0572421508854554 0.22135389223311
0.0174938827803132 -0.0143399687304982 -0.012121780425862 0.237554132366651
0.0267735207317683 -0.0148862369505638 -0.0586032717987683 0.257539306252686
0.0380248919991346 0.0126060516432631 -0.166344786653274 0.210731878425035
0.0164355556906232 0.025421413503702 -0.27675157640942 0.0933303661299688
0.0266451201982627 0.0465600956060216 -0.385581507874987 -0.018707074430802
-0.00915210918408365 0.084762437429302 -0.427504158756029 -0.124926902084213
-0.104439383974614 0.105366489738272 -0.469875650506348 -0.0527577415731217
-0.155910112623327 0.112804297873959 -0.283974675498809 0.0584702376837782
-0.0151281558465063 0.0910671928974274 0.126880059614848 0.0945389875996162
0.0234365390754498 0.0426228524108766 0.145062390080012 -0.223308604426787
0.0323054839220463 0.0290506497745007 -0.136988412950656 -0.332901956415627
0.0732279557471717 0.018831543161196 -0.354755103163177 -0.111962718067067
0.0717809436855007 -0.0399308426798278 -0.287441754013486 0.115122844931572
0.0404223420185447 -0.0664681991972391 -0.146014695242539 0.188570647897635
0.040947788511843 -0.0891184457086021 -0.048311022619285 0.201665714259981
0.0512897181577014 -0.0944587090822966 0.0170501875223406 0.2146850202847
0.118252402121816 -0.0888438625058164 -0.00329076943419564 0.250496221758234
0.169083100778981 0.0118991725822434 -0.10306528527751 0.248829278285741
0.114794710416315 0.121553446373432 -0.238144876267483 0.160029927843209
-0.00206358761305985 0.206347228235956 -0.372460532280196 0.0363761477735776
-0.158200496978286 0.194267224026343 -0.396835639000781 -0.0934054200846662
-0.285375730097373 0.12984874572832 -0.392232360701171 -0.0506714736308584
-0.29409841727047 0.0980317814763899 -0.212437425103111 0.0360620851479246
-0.12633645262109 0.176535522963686 0.171417649821918 0.106303626171695
0.00514884423865659 0.165222843017593 0.220222571978979 -0.208323611383238
0.111695836573499 0.0921439219977217 -0.076112689536802 -0.366644230445662
0.165292751840556 0.0119325825908596 -0.31401255890494 -0.154382246899543
0.137439609206397 -0.0914830656753885 -0.267087704954012 0.0631618311613535
0.0671147047687758 -0.131800693503324 -0.138339221535554 0.138838320153519
0.0542680799892462 -0.154779171929037 -0.0338029878330601 0.151669964567039
0.069661063128505 -0.157249907420876 0.0526336698298044 0.16006067708115
0.173379640057446 -0.157178227871114 0.0725391003081449 0.208368877884162
0.265555515902702 -0.0207619073131193 0.00143017830331171 0.262639350940622
0.220555845113209 0.154497122178019 -0.155251598790874 0.236722309003959
0.031937011070652 0.327148062589568 -0.332105321828744 0.112672000195856
-0.237250828360088 0.300876884741259 -0.351344051453983 -0.0608818115756413
-0.407017073116457 0.157372313389665 -0.274263458153178 -0.0529888395843839
-0.394371401661251 0.057291619096164 -0.0901989631806431 0.0226081739803411
-0.247310343101445 0.225915100034323 0.233558074805764 0.120433450641571
-0.0446938118919297 0.278511270536288 0.307860603160702 -0.168153005090153
0.169063663334791 0.172891509632839 0.0215785726220499 -0.370141588278329
0.244341299452882 0.0203360117264266 -0.228028769583747 -0.195014944377581
0.196108242707905 -0.126988309846481 -0.21693247690684 -0.00749306598575056
0.0899370740280908 -0.180526378256221 -0.116985399041655 0.0653906518481213
0.0577501117882264 -0.198106911142662 -0.0137691748307669 0.0800520390895965
0.0717305819143419 -0.192760335608541 0.0860859546810168 0.082268824163691
0.187394685832043 -0.201640406611945 0.144011951685532 0.136368924718901
0.306751529080977 -0.0659174435490067 0.114139475823941 0.235147675379503
0.29163841836836 0.134703055799954 -0.0459602728727853 0.283095893475649
0.088513689564654 0.379314212613632 -0.260521734228051 0.175956422774574
-0.254537619668249 0.362056229276463 -0.296248454038144 -0.0402347977505881
-0.455750123465593 0.172932061447402 -0.136551162927794 -0.0665958871178283
-0.429038741919829 -3.98769966579548E-05 0.0661114538123307 0.0202296521900859
-0.338955388619495 0.214336716231277 0.302411552175709 0.132593566247349
-0.115159433847751 0.336162892932465 0.379992349164387 -0.10092341915306
0.18025524791716 0.241516818897316 0.131939738965234 -0.323065414768136
0.282884596049876 0.0415968308576723 -0.103905045158859 -0.215755575750215
0.229199772443796 -0.136280125968257 -0.13599867507824 -0.084716970603643
0.101712365500508 -0.200875155641229 -0.0812056076922957 -0.0230844415471374
0.0521939889953416 -0.211851886760442 0.00802358851784866 -0.00173203932364783
0.0619610012673287 -0.1988938338506 0.109873119457046 -0.00320809993663515
0.171999963854063 -0.20989749046391 0.194068712233872 0.0525310424108427
0.296817191398333 -0.090370443720253 0.202824315235891 0.181464747831539
0.303568851946257 0.102782539206371 0.0521096735194393 0.289791137912264
0.113686459961982 0.36766733316762 -0.179469997032514 0.205478381954692
-0.244628430449098 0.35323146397634 -0.23670756905273 -0.0348739097587153
-0.442369598833079 0.151829116204357 0.000221686726965404 -0.0837819865759666
-0.382350482027543 -0.0509007748236082 0.228589149657835 0.0269239643112847
-0.359491797674834 0.150309827699482 0.361870369032861 0.139932894571479
-0.163225797019815 0.311640096459958 0.413480088417522 -0.0282710646345001
0.145080519075187 0.256121251263735 0.220057983181533 -0.234638553888477
0.262414242480096 0.0570335883118239 0.027994730174914 -0.205988414975761
0.219356831536843 -0.119412601469857 -0.0428992722478521 -0.151834943376902
0.0963961420623621 -0.1878251061118 -0.0385424899487236 -0.10946452869474
0.0383832268987652 -0.193802645839218 0.0282682937060462 -0.0803001341075629
0.045634085020146 -0.178870017869902 0.124586443453767 -0.0823633702159101
0.140400632090855 -0.185568547073063 0.223566568746879 -0.0222330077140998
0.251456194409922 -0.0869143778008096 0.259324997194195 0.124987831251907
0.267265009696288 0.0823130401228232 0.118493519610533 0.273264965153177
0.0957354906550269 0.320337248698725 -0.113182147665303 0.208045530552837
-0.230379355939063 0.287909837245574 -0.178968855319225 -0.0333698678733814
-0.37943779373016 0.097674916196969 0.119057922476138 -0.0920471189597713
-0.262231064222704 -0.0826782107853841 0.362639497952187 0.0343172569733073
-0.290765151482411 0.0639604021795346 0.400261497441527 0.139808867437985
-0.154743859790934 0.219010323642618 0.412676998526678 0.025098119044569
0.0919603025797261 0.198690895537449 0.268327192417972 -0.143547783869438
0.188764928419382 0.0464814707209414 0.131890912285497 -0.18299524467489
0.162303230223103 -0.0848019788192384 0.0349183115639138 -0.200743293234316
0.0705150504775764 -0.14245428354842 -0.00191105534133338 -0.179529334608612
0.0203931885088256 -0.146687133468055 0.0439346652409891 -0.143647973810042
0.0271942189319209 -0.137302434587135 0.133086344888561 -0.144219702145652
0.10038180906038 -0.142579277013427 0.239838312666708 -0.0753410931975951
0.187568944464431 -0.0678976549358232 0.293318006723401 0.084357470498516
0.205977957304641 0.0709158101119273 0.154593663075836 0.257745555150537
0.0513734305365226 0.254399934586054 -0.0694696135039582 0.203834820797567
-0.209213787014364 0.191283772655983 -0.131937832789401 -0.0278088695021445
-0.280593320015705 0.0210350648810176 0.209309928073177 -0.0827672124737194
-0.0937578174456312 -0.0937442684401533 0.441764482808072 0.0284662667442923
-0.154846049096786 -0.0167832923649141 0.408159335731467 0.124510449372535
-0.0888940661135414 0.0924933438834077 0.395192553923192 0.0407629427230524
0.0380892435420691 0.0886173877666239 0.284085788392233 -0.0935098019098971
0.0812189884938911 0.0149301155085067 0.18317747016273 -0.174089726807692
0.0734198264530416 -0.038919204927735 0.0723325590035729 -0.229294748072947
0.0308497734946904 -0.0715691196527443 0.0169927296022454 -0.221830159010094
6.97756506641348E-05 -0.0773644518435467 0.0516894252561705 -0.183618736008501
0.0087972371705674 -0.0802660178445259 0.137105292345393 -0.18039064760805
0.052474017535316 -0.090531994926553 0.251067995238409 -0.104068824208163
0.112884686532036 -0.0449208929209951 0.313205476126588 0.0623347130518771
0.134986928987242 0.0571619282461105 0.169497621998977 0.251824649835814
0.00422932834624815 0.174691763535357 -0.0490649706129934 0.204893128325889
-0.169406473154412 0.0822556453941556 -0.101273287094042 -0.0141041938289975
-0.152455830549977 -0.0574339843533318 0.263008783270294 -0.0552178740486573
0.000447529908438155 0.0931106591427524 -0.284543941644605 0.100207484432593
0.0626982192515657 -0.0123739062590613 0.109336306330623 0.0748393746826162
0.00866841103893659 -0.0623079729727467 0.0800404453310883 -0.223506871141651
-0.0468035031079377 -0.00536704527450446 -0.174067137736793 -0.275193232248355
-0.00978195944992479 0.0345643462837032 -0.35544052888379 -0.0488837788303168
0.0121936852638736 0.0147964920515996 -0.263824073230791 0.158199042790694
0.0154488071492582 0.0034846843582872 -0.121468000395849 0.20728752055785
0.0190038693996343 -0.013117290841669 -0.0355075593045813 0.216013245685311
0.0152969732149922 -0.0162586365567997 0.00932807760843354 0.227716266168396
0.0253184138878382 -0.0162615699180402 -0.0328585918487657 0.252110642091481
0.0384954285852787 0.00811356126095143 -0.1430609834992 0.216708325208533
0.0180718897580524 0.0241166984513 -0.262623479349774 0.11077031734537
0.0284111345675919 0.0420445625451872 -0.371690214144853 0.0128313826154413
-0.00260003953725835 0.0816641819865599 -0.418366865330994 -0.0904280154834808
-0.0930084933259419 0.10992904708528 -0.457101616957216 -0.0152341896015559
-0.141506495758499 0.121306506810995 -0.268994789404854 0.0780909233985123
-0.00797999290148052 0.0884529804522799 0.128466095323702 0.0792916297423308
0.0257324776348146 0.0386439198614959 0.123295931965194 -0.225581781815139
0.0331693536596811 0.0251041907108331 -0.15510513818874 -0.308725890070411
0.0722452466980175 0.0107693509568746 -0.347212567599024 -0.0770034274590521
0.064984596316071 -0.0450595781026664 -0.264859498303949 0.133133402451203
0.0326402657965475 -0.0677418115986008 -0.123755498524452 0.191122384849744
0.0310142240570354 -0.0889719724603076 -0.0290515420026299 0.196211758894994
0.0414039021297852 -0.0947144489636598 0.0353915589962519 0.202427359512839
0.1062402169 -0.0955562209853695 0.0195571009417062 0.240194751472194
0.163936505906484 -0.00347867901488741 -0.0788095960419321 0.247561977662814
0.120570396385301 0.108144804378079 -0.219395884737185 0.171933913305899
0.0139070930687775 0.197967707688473 -0.356288576291907 0.0636024064186994
-0.137826315483745 0.199159383063254 -0.38615927223267 -0.0637490867453467
-0.265605600775021 0.147405634514136 -0.38121227938553 -0.0170147091513881
-0.275703655074259 0.118896641588843 -0.202320724323223 0.0507293583763181
-0.107107532104095 0.179204430345546 0.172143128857627 0.0873977269795153
0.0187538081482429 0.158640942379267 0.198043354948691 -0.216440615311095
0.114651565123907 0.0790034094440244 -0.0984781741045125 -0.344363281286883
0.159412610006165 -0.0035750095576214 -0.311327732001344 -0.122758252848097
0.123682264291707 -0.100105142090345 -0.250074319384289 0.0824031312130446
0.0528688463963643 -0.132638480080965 -0.120282817688031 0.144183487642324
0.038358933975074 -0.152394933779772 -0.019228680515869 0.147378901694651
0.0543545625649899 -0.156155051647083 0.064244358540071 0.146062302450998
0.152796041717737 -0.166358332796844 0.0893003489494298 0.193491368957703
0.253335461878153 -0.0439002874246476 0.0243560646544364 0.252114532327913
0.224396388620335 0.130648832374457 -0.133217586320622 0.238234608954046
0.0579102124997472 0.310774938445608 -0.311971422942947 0.133810965783892
-0.205169926899838 0.309057431360798 -0.341825883245073 -0.0345645272289707
-0.380992027601517 0.183774161232746 -0.268146697943533 -0.0298078142013234
-0.376170739311229 0.0871196088474815 -0.0866664913642165 0.0287261382842735
-0.219485651852187 0.235000680187406 0.233002350796774 0.0970995157080945
-0.019868681842101 0.271133766113214 0.285687454778628 -0.183840341948593
0.175953650209182 0.152074498533841 -0.00669242791556226 -0.353989815934684
0.235981124293972 -0.00194012268880602 -0.232014087453697 -0.169354790393018
0.176629570153647 -0.138872909578851 -0.207022180574755 0.0101917584987373
0.0707087299131298 -0.181035274071811 -0.105528388475995 0.0720455331935402
0.0379057137349052 -0.19370209024249 -0.00623447396154524 0.0776315886391212
0.053333395922208 -0.190906236890316 0.0894427210203269 0.0694175084747007
0.162322165811526 -0.21004602095804 0.150868358964608 0.117227194499445
0.288936556581774 -0.0907708170922591 0.131243505377207 0.216803951820219
0.289863746945243 0.105219472788037 -0.0242220707979847 0.27378970415395
0.115736143076126 0.356764302115871 -0.237972888305531 0.188547893035321
-0.216394893075174 0.369682911714437 -0.288939700063248 -0.0184363485010052
-0.42809374568073 0.202912384423539 -0.137234485815766 -0.0526633463232293
-0.412296502096528 0.036023348178225 0.0636034905454753 0.0142045871051251
-0.30850671347647 0.231667991923708 0.298948675471163 0.104469122636029
-0.0821585212656373 0.332412402789108 0.359667890661378 -0.125206874889735
0.191907138123948 0.21726364190539 0.103443752880621 -0.31737928054186
0.274937429097191 0.0155432577613567 -0.113639649567866 -0.199688748506485
0.207407953725991 -0.150853755387267 -0.136888132373168 -0.0709153080590071
0.0812556848315352 -0.201806504404814 -0.0792871697991911 -0.0145501942326546
0.032007826456323 -0.206494915239678 0.00761113728832192 -0.00226164251084353
0.0436371529228545 -0.195912581685011 0.10488789593338 -0.0142651233810766
0.147090022461094 -0.216248800377197 0.191908981745464 0.0329433566630643
0.276864432913446 -0.11291641571012 0.212337136733695 0.157092780443616
0.299096821184863 0.0740582784593567 0.0713818386982401 0.271611121866588
0.139334992502853 0.343804045114245 -0.159333126100175 0.209513885715614
-0.208413062206185 0.360479773243199 -0.23156757376228 -0.016788357787403
-0.417595014392452 0.181455540619155 -0.00689517539555283 -0.0797777926716268
-0.369837364725337 -0.0170170387872844 0.220724290085208 0.00858707922829463
-0.332660987711962 0.170924864300389 0.357498380601033 0.107665927694726
-0.131616372416109 0.311634342228236 0.397396456774752 -0.0578129477336859
0.159618950535844 0.234267750228654 0.19533214158767 -0.23941654818763
0.256205272672313 0.031110657184081 0.0142737877310116 -0.201072748768198
0.198794906094063 -0.133946615444293 -0.0527785468099645 -0.143260304253774
0.0762898740291294 -0.188430859349316 -0.0461901262908514 -0.100927428206231
0.0197099260903024 -0.187244906486507 0.0206809437321662 -0.0787904383955121
0.0300041159071666 -0.17439408345318 0.111534888344039 -0.0909893548431073
0.11804338770421 -0.190592489193976 0.213465848760003 -0.0405572030342473
0.234359973256699 -0.105073604829518 0.262812167808741 0.0981720346136119
0.26204893973938 0.0561604556295515 0.134719891042205 0.250526740603748
0.118072448623549 0.298254285347691 -0.0953681235376947 0.207123113951799
-0.198420273483271 0.295568099343777 -0.177276743107933 -0.018668844758242
-0.359445749164852 0.123937894332566 0.106438892215137 -0.0970343487875736
-0.256920604159943 -0.0578766527236787 0.350670361923195 0.00573179761934003
-0.274078464195658 0.0847360258033581 0.39419968083398 0.10642977312279
-0.130331373761959 0.222118448204997 0.399576164667005 -0.00574569001238165
0.103718135419438 0.182804175277435 0.248749316747232 -0.155600111295497
0.184502339188116 0.0285034743229546 0.116147710020583 -0.187370037865924
0.148142571003725 -0.0952879607521981 0.0175131047369312 -0.196212955485833
0.0557488642342639 -0.142437298100327 -0.0175162000325591 -0.171004210338361
0.00689526101234174 -0.14043633539855 0.0303139224450484 -0.140677449210778
0.0153097825200344 -0.132992933374249 0.114409385987745 -0.149574411872563
0.0828902608859777 -0.145938623804969 0.224937876647711 -0.0921971008693776
0.174166713412031 -0.0801626548806141 0.290953979139684 0.0563805834654289
0.202230059093478 0.0507816496196858 0.168239294150934 0.233565446387642
0.0696051152968141 0.238474778686028 -0.0533201314409561 0.199666214266807
-0.18559972894963 0.201460290046362 -0.131552950784193 -0.0158912448894384
-0.269386825533501 0.0430935872839166 0.194254805213487 -0.0950697499150126
-0.0963850188341489 -0.0813867351459912 0.426481915867668 -0.00484320303679639
-0.149552261246442 -0.00387298040249503 0.400910988518824 0.0908394453037541
-0.0783486230029956 0.095380018434145 0.383734755254123 0.0108392752772045
0.0428216693825854 0.081670819705522 0.269052607589181 -0.109239981120665
0.0787160063150035 0.00772782661574096 0.164576594820714 -0.183052757580238
0.0672278336041923 -0.0432982938209889 0.0506834518282195 -0.22635289611478
0.0231661911595171 -0.0710885546730603 -0.00302364123533536 -0.21332450419766
-0.00687561536517248 -0.0729411203364802 0.0347770226469922 -0.179739776590755
0.00179983867073789 -0.0769766405130282 0.115856224257822 -0.183854504667635
0.0416768073763058 -0.0915301668909237 0.23236207673741 -0.120173157879629
0.104668363296854 -0.0521146152690514 0.307296768949338 0.0336146255241295
0.133050112356697 0.0436999089642305 0.182379112137043 0.228172749401368
0.0179222136098691 0.165987504303892 -0.0330245539641227 0.199629312572869
-0.155021986041647 0.0940359605983717 -0.0999526234429216 -0.00454953531633587
-0.150760048609992 -0.0409511681466688 0.246895519564809 -0.0732558246663634
0.0136294182607808 0.0913500891231983 -0.25250448020711 0.127647202710279
0.0569970842761256 -0.0194598584108036 0.10965047181017 0.0536475488767433
-0.00213957817344976 -0.0606934951121576 0.0411731558584307 -0.217754040694085
-0.0444814885639854 0.000631877714047919 -0.20385837545451 -0.22844959250585
-0.00394438670007168 0.0315746839470565 -0.336910181317339 0.00911619663921293
0.013727767401927 0.0125297438302708 -0.222410045078826 0.184871774921895
0.0145964571814399 0.00251140261687232 -0.0847298325768945 0.211083876884142
0.0155143781306308 -0.0155551859768313 0.000409936476937552 0.203540317704591
0.0128133208393889 -0.0182261972368152 0.0424313893791157 0.207642470855885
0.0221581489678743 -0.0207675322964302 0.0094199538780866 0.237673186392312
0.0387889668489061 0.000201515746512655 -0.103403641074773 0.222416270992805
0.0228822362130423 0.0218304402227529 -0.232788199870291 0.141932823991587
0.0339140433950165 0.0367071893742517 -0.344089994822515 0.0645634882982622
0.0094385622136852 0.0804729227641662 -0.399320622052071 -0.0219542664127646
-0.0675347795766944 0.119636394889778 -0.435040491800182 0.0552664360704231
-0.117762505355935 0.140815075246545 -0.230315888063384 0.0995554074671665
0.00512061918910534 0.0840544777457484 0.130303315218654 0.0511244449657947
0.0284522997487291 0.030698974453037 0.0829062093747442 -0.23080254857516
0.0332374926391854 0.0175877385918711 -0.193093467883185 -0.264816758486701
0.0681260831618159 -0.00194703686153558 -0.337416801485061 -0.0193696231787875
0.0538201739404869 -0.0503753224447979 -0.22982819578948 0.161725925350552
0.0205874246294672 -0.0660533069530113 -0.0903689831788147 0.195308529969156
0.0151018622288524 -0.0873142865040435 0.00321220233458737 0.183890468966857
0.0252168951366833 -0.095197872937602 0.0618560619417483 0.178619564740824
0.0838668806520892 -0.105700461776755 0.0565258022592274 0.215277671207829
0.152020244525765 -0.0305615245533574 -0.0367953988205863 0.238953247388419
0.129130123490016 0.0840049629730321 -0.180524970327522 0.191282339226051
0.0458562417680163 0.182157757116277 -0.31910634504822 0.113633110782813
-0.0957110069764251 0.206447390964592 -0.368530014281684 0.00745176792938752
-0.220280580942052 0.179774458336609 -0.369513066262353 0.0417253149379365
-0.246497499284303 0.159512170324785 -0.161763331434337 0.0621956404270109
-0.0752400080371725 0.181169488480019 0.174714745902836 0.0498390850558403
0.0398252587326537 0.143381346233291 0.156218561167023 -0.239067794287416
0.115345287327461 0.0572515598395202 -0.147662623760265 -0.309312172205915
0.14736944578276 -0.0279174209457965 -0.313610077196788 -0.0689929044977998
0.100133139597854 -0.110182460590076 -0.226611301969349 0.111589009299534
0.0297888205777267 -0.128678408385895 -0.0959107420536733 0.150265349098744
0.0127907600865484 -0.146644340848614 0.00429944556572547 0.138314022556964
0.0276829027910429 -0.153680187400559 0.0802770195375779 0.121714158370733
0.114561511593765 -0.177493943260028 0.113409790438689 0.158818643448633
0.227766678670494 -0.0830723018038221 0.0595455836005391 0.225746988010578
0.227061717917311 0.0881061658727857 -0.0877328794182403 0.238568831968015
0.104166743981991 0.278871859531927 -0.264452921820575 0.17365868602357
-0.142219198149005 0.315404564082681 -0.323908443405243 0.034019855913501
-0.320524189658627 0.231138712211554 -0.26853312598545 0.0154075973637592
-0.345749797157361 0.145814961763159 -0.0480696770681761 0.0260217479779871
-0.172213829386013 0.248769945492996 0.236608301660807 0.048101906728177
0.020197496462947 0.25371348838132 0.245677533175096 -0.226083793579779
0.182569555829389 0.116385629882067 -0.0637159719893358 -0.336561251600262
0.218891571352536 -0.0369452344443935 -0.248039892794313 -0.12761505336393
0.143808546815897 -0.154166975518978 -0.199905563793384 0.037129961193959
0.0399283808081406 -0.176644996377598 -0.0934579405827991 0.0804207034858647
0.00683470405274511 -0.184839869163664 0.00540908405540021 0.0717409057941711
0.0214543040001658 -0.18517761339416 0.0909400068163096 0.0455580518380076
0.116088918924273 -0.218612141850673 0.157940320601583 0.0777552875927383
0.251775670011829 -0.130944127324492 0.15441261249317 0.175833863530337
0.283792685613488 0.0546751025421389 0.0209134597016363 0.253388423498338
0.165193258406272 0.308658894396215 -0.186249088691414 0.213865304823625
-0.142477645653917 0.371293264573602 -0.271583086091917 0.0445085579801939
-0.360849386068124 0.253439936117238 -0.149497741596887 -0.0237547131214638
-0.387351418964268 0.0998058414680497 0.0939080183531427 -0.0056182406862036
-0.254222451419769 0.257297770135588 0.302622164516307 0.0461143344952776
-0.0286667168483071 0.318959956636563 0.326805942663979 -0.183355984652664
0.206139617250427 0.175057080529163 0.0462650084024916 -0.321609451012879
0.256858234552709 -0.0255577728325946 -0.142911461303483 -0.176270264006415
0.170320361867984 -0.169489196074444 -0.146949224612457 -0.0494765143648533
0.0461072922389586 -0.197285609544449 -0.0823388760972031 -0.00557073189577715
-0.000885447222565749 -0.194828172795128 0.00621424520121034 -0.00382535678936188
0.0119744257798915 -0.187870139338228 0.0925979493578192 -0.0336482847928034
0.101227741222841 -0.221488052022824 0.182540112721573 -0.00609440002837151
0.237150832838787 -0.148876759654291 0.221545152102526 0.108406061957042
0.286408787569765 0.0230165210081472 0.11032647621762 0.236800670196357
0.183721791201459 0.293784997158886 -0.109531854065719 0.221228634561403
-0.137009482359374 0.361828684712115 -0.218291044731828 0.038229649164471
-0.353907195804037 0.230486509894176 -0.0312826195958984 -0.0684459437293313
-0.354668804046323 0.0412123667975429 0.238672368629836 -0.0282232946566125
-0.28515807767143 0.203681350953341 0.357899160133483 0.0433383698034832
-0.0763247773682309 0.306641308174513 0.373417662515049 -0.124744888534268
0.178711847318406 0.195347589278005 0.145857989375652 -0.262845393308571
0.242416689903624 -0.00724325394934312 -0.0222178388829835 -0.198907916314503
0.164907106343475 -0.152514399139587 -0.0788086536803069 -0.129943072331293
0.0432217251276141 -0.184664772598409 -0.0637986251872405 -0.0910890976784972
-0.00893214648258124 -0.174926069456484 0.00672685989903027 -0.0766749346134269
0.00162493204269277 -0.166004096527381 0.0875465235688074 -0.10436873594722
0.0786159512619886 -0.192435634358571 0.190741383795934 -0.0765320896461608
0.198448924303946 -0.134370484986572 0.259186653940302 0.046513352532986
0.248984885101083 0.0121259383869682 0.166333431837453 0.209089693251176
0.157190729273533 0.254256481692842 -0.0518614415048449 0.209324322956266
-0.136569185697144 0.300731206516214 -0.169418190506843 0.0261833798721161
-0.309959922051249 0.168392638069837 0.074264080313095 -0.102637079943928
-0.252118648963984 -0.0154667691816631 0.352170994405539 -0.0441998598433681
-0.241895981142892 0.114930511877706 0.389849530193124 0.0397558862449809
-0.088918285529976 0.223162268146796 0.382006842746963 -0.0731430924952443
0.119729845191969 0.155277853629954 0.20974363475049 -0.191526847607186
0.175677940237325 0.000407565755531563 0.0768720138008855 -0.20031504428578
0.123350660513646 -0.109528880519882 -0.0188322588567147 -0.188727275236492
0.0305120702872331 -0.139677687181632 -0.0461340076707335 -0.160724960958007
-0.0149202676802272 -0.129420228566882 0.00647293431234165 -0.134950922276554
-0.00619070822852907 -0.124799204511216 0.0821697791513069 -0.157502065969024
0.0534222440151614 -0.145418705754914 0.193956420886201 -0.123768403143785
0.146114319251636 -0.101696248576787 0.27916785251143 0.00571323215464404
0.192371189722585 0.0143439974080947 0.193997433358946 0.189814604546125
0.102795476151291 0.2056347979454 -0.0161760366159132 0.196836242399139
-0.138141292033706 0.211993980270831 -0.127528856183083 0.0184587804613167
-0.239442527552138 0.0799655686054275 0.159308682350323 -0.116078447590181
-0.101974612837198 -0.0638192816042987 0.408714726197812 -0.0615220957004885
-0.13815194603684 0.016429343707865 0.393207807532464 0.0283479108376882
-0.0582535570038377 0.0978340806890413 0.366216872940896 -0.0489674102963838
0.0500059284406005 0.0691018460940094 0.236847901441192 -0.147964354714874
0.0747036739442132 -0.00383497845969108 0.125550362641599 -0.201285518635441
0.0556459566528364 -0.0499211814912255 0.0118280288746461 -0.220673686474261
0.0101616737834622 -0.0696625124850134 -0.0369158909010161 -0.200995072574147
-0.0168626379582807 -0.0651165021499395 0.00517163017461467 -0.171180215085628
-0.0111031573957111 -0.0715970739851933 0.0791613403187158 -0.188726475143236
0.022498693698356 -0.0890721352932218 0.197565911558737 -0.149690446494413
0.0863007854703297 -0.0648264587055497 0.290667618960085 -0.0159513737705558
0.127980102136033 0.0180731521511134 0.206509474099147 0.184302998219953
0.0439612363139181 0.147786390916052 0.000265148445566102 0.193162395876087
-0.125924217618086 0.109977513288557 -0.0980836936957664 0.0199260945042598
-0.144032477198486 -0.0161124206274777 0.215531595100503 -0.106284048863355
0.0147880606047018 0.0865478873270396 -0.235918112564899 0.125570020704362
0.0531772887001878 -0.0186897625035173 0.103232458560081 0.0485694471041818
-0.00382416412983086 -0.0572238814326392 0.0354630908647801 -0.205547757790775
-0.0421902259969268 0.00147006948022888 -0.194691635175928 -0.213632209391884
-0.00218356126158276 0.029414724216038 -0.316596197594156 0.0161826691907784
0.0127915405268936 0.0108912495674831 -0.205332975212433 0.177949317391792
0.0133669171378113 0.00190938211863966 -0.0760616183616265 0.198588101638844
0.0138669212101259 -0.0153613005619507 0.00502613835447067 0.190812531586929
0.0117151633550955 -0.0177816467668274 0.0448841074108431 0.193038618954203
0.0208400686378362 -0.0210346245811336 0.0152728928173973 0.222216319420412
0.0372324891709693 -0.00127690042281742 -0.0934240638010469 0.212572554273584
0.0229715918439916 0.0207271869924125 -0.219706779077994 0.139242988018105
0.0317407701398591 0.0338600272454762 -0.322684852584106 0.0673445232462595
0.0100233800121185 0.0754772590849503 -0.377503449847825 -0.0180734479032195
-0.0614369191969483 0.114176560548681 -0.408293562916602 0.0584158691902285
-0.108327671674799 0.136485867841583 -0.216401358257981 0.0985289942669046
0.00624790438257808 0.0788791521586523 0.122372692719447 0.0459402232211228
0.0269772771736211 0.0281783659512959 0.0747168129990102 -0.219271402036793
0.0311911485687399 0.0156405430388928 -0.184838613895493 -0.24682235443861
0.0645506047375008 -0.00436349404744319 -0.317396295763067 -0.0114683070085174
0.0491875833159528 -0.049113090169729 -0.21235401370841 0.156889194051669
0.0172353880874034 -0.0626683086221172 -0.0809026959298674 0.183876883840569
0.011949192532777 -0.083004396687513 0.00798685157887165 0.172346960670702
0.0222699560247709 -0.0903251967714583 0.062233188282565 0.165394611379943
0.0764463444304292 -0.102107234492642 0.0595401234289122 0.199745011595015
0.143015896514559 -0.0335216830668613 -0.0289675996448345 0.226773569492436
0.123736136291979 0.0768204428350703 -0.169450317552665 0.184105419038905
0.0457473828202667 0.171059455275075 -0.298377746326085 0.112907930231346
-0.0874946917807437 0.197107137393649 -0.346649033319166 0.0108673202469085
-0.205394245453585 0.174335924431358 -0.348553191264123 0.0455026810143827
-0.229779469102506 0.156788370479576 -0.152350562990254 0.0625139989792816
-0.0671126167448117 0.171642906920127 0.164300121591056 0.0439587765886614
0.0402626427323655 0.13402448677445 0.144586852574062 -0.22788597328327
0.109319624689326 0.050794332825722 -0.143038414301969 -0.288602213746223
0.138275399022296 -0.0301348653540655 -0.294741511505817 -0.0598963448051738
0.0907605151502166 -0.106405830014869 -0.210585144919465 0.109457021528637
0.0247192178485755 -0.122363746369981 -0.0866643439689004 0.142401474220106
0.00822964711293116 -0.138154247709664 0.00792581210223772 0.12900825679095
0.0228778034603885 -0.145639329536484 0.0784215609364576 0.10993865440545
0.103558236791405 -0.170543503323655 0.11182462091563 0.145508914992127
0.21274798215583 -0.0848881275578937 0.0631276923093714 0.211272475399053
0.216928672659795 0.0780357925225778 -0.080222778106099 0.226600638599664
0.103143476283592 0.260713088425036 -0.247547989725472 0.168466582976676
-0.127177520980491 0.300387947310783 -0.305630715143606 0.0359968229026491
-0.300948631869429 0.224098114062432 -0.253987582080812 0.020196757660804
-0.323678040262291 0.143514644058913 -0.0470463507467211 0.0267641066785862
-0.156977437306354 0.236332614462701 0.221921551883575 0.0414107185718451
0.024629055950677 0.237953851572663 0.230175388390572 -0.217784809069247
0.17445900138549 0.106045160172249 -0.0631885769665379 -0.315073123005465
0.204803919050348 -0.041201347970063 -0.234018212065528 -0.115954855835455
0.130325029740265 -0.148952345346836 -0.186717977319481 0.0383680726041171
0.032883637500549 -0.167257748432661 -0.0857519287083373 0.0770288761647477
0.001403339808452 -0.173718326112836 0.00765622591564863 0.0667369542332619
0.0170060131212523 -0.175041129730519 0.0858581787552432 0.0385139886853836
0.104253022421376 -0.209652821985722 0.151746404843904 0.0682257265863766
0.235048650525218 -0.131778599057811 0.15232488331168 0.16151851138845
0.268710345549728 0.0448018434953995 0.0227424542816286 0.23842472923106
0.162418630758032 0.287664272887711 -0.17396043847253 0.204962835366112
-0.127412361938724 0.354814087462664 -0.256572981667304 0.0447672966857097
-0.337028005901891 0.246931435765749 -0.142795355542477 -0.0197891202114133
-0.363875950476078 0.102173985835004 0.0875973704165552 -0.00591464797163698
-0.235321854718213 0.247052809620559 0.283749115600721 0.0384405584175156
-0.0195249672847372 0.300666898797594 0.307160360946599 -0.178942515973314
0.19760482177352 0.160314314712258 0.0415719396277817 -0.302067350939424
0.241515996015315 -0.0310946225553707 -0.135180158030529 -0.164895838738984
0.155573877641983 -0.163955037049153 -0.139345619936727 -0.0450078664642057
0.0383205842026347 -0.187223227302978 -0.0776521972888889 -0.00310456816461768
-0.00602573182705585 -0.182323181302495 0.00656253544948587 -0.00425401235828601
0.00729737476272937 -0.177687199293515 0.0851528289444329 -0.0350636758864151
0.0896850772426316 -0.211364464740203 0.172401753779533 -0.011591855900984
0.219561825032512 -0.147598881205647 0.213252359151813 0.0958660090314472
0.269696506121638 0.0151512088105962 0.107037626508398 0.220069721466639
0.179989265890144 0.27079424052534 -0.102451588970831 0.21073158955516
-0.121693339443529 0.34609178481037 -0.206807213089487 0.0390145724024023
-0.331418892170057 0.226088075245878 -0.0316877829491706 -0.0636204407261318
-0.334303803653549 0.0448694542296621 0.223691219234955 -0.0291897666252738
-0.265672286458291 0.197806116791297 0.336814466810509 0.0356924845714171
-0.0663301176212869 0.290274312618305 0.351966828806083 -0.123615737308416
0.171846683438018 0.17983792761694 0.136645633747356 -0.248839227767626
0.22782642817133 -0.0133968588205459 -0.021874300915625 -0.188532723401564
0.151129587677436 -0.147725089485138 -0.0776657458097627 -0.122078372697153
0.0360210623262667 -0.175282895671785 -0.0623783343947188 -0.0840074091508193
-0.0129085263028593 -0.163853672464558 0.00558651317912545 -0.0727023561187647
-0.00180106675957234 -0.156540959831703 0.0791266341604142 -0.100816364392883
0.0689435453180237 -0.18344208130862 0.178588264057693 -0.0770150645630771
0.18363228886651 -0.132265678059373 0.246930037571634 0.0370132557336421
0.233858350172 0.00562862158027166 0.159688133174959 0.192556293782144
0.152603694657655 0.233971507781602 -0.04805835764986 0.197945489433778
-0.121866785216774 0.287522520107904 -0.16092111148729 0.0279381583158055
-0.29030773967794 0.16636060907412 0.067451862260314 -0.097780140776739
-0.237961782197711 -0.00994995133304982 0.331419157309712 -0.0468803700200913
-0.225731820127247 0.112871585663797 0.367832716837236 0.0322518329301341
-0.0792914443048128 0.210940615649131 0.359581925221302 -0.0753037706938035
0.115541987689077 0.143266150087086 0.198374977289652 -0.182811913616965
0.164754798004003 -0.00403053649633015 0.0709616717012213 -0.192678641609549
0.113444147421649 -0.106187943769472 -0.0219750414822562 -0.179011810882724
0.0250203229572296 -0.132074522797292 -0.0472948150224931 -0.149112377826572
-0.0168702973747029 -0.120394883281658 0.00371108343805749 -0.127378196286088
-0.00905206831457409 -0.117430398149945 0.0733809770325782 -0.150795577516248
0.045535417504825 -0.137737216021838 0.180010616074156 -0.121919690998535
0.135426965407685 -0.0998333614239717 0.264049962986571 -0.00263769418462452
0.180123198438874 0.00969938621660085 0.186430763928287 0.173617168278543
0.100458208513164 0.190236767353751 -0.0145754620313633 0.185291409364213
-0.125160505180182 0.203551630480307 -0.121226798630119 0.0208456668080271
-0.224340332686044 0.0813877289510132 0.147063091166165 -0.1125849985683
-0.0962542761669566 -0.0586816016163219 0.38557210147537 -0.0643856322899933
-0.129818811647789 0.0188029301262726 0.370428682335804 0.0226182279574447
-0.0525506669304018 0.0921588831321026 0.344593772430245 -0.052145632290736
0.047689543955225 0.0638889051469957 0.223888937120678 -0.142760723492064
0.0691272808759072 -0.0055418784301656 0.116355556593182 -0.194673053880794
0.0514193448704061 -0.0483008773376812 0.00541239824952903 -0.208509412308627
0.00737561022616704 -0.0653180454365405 -0.0398491050234914 -0.187554099323481
-0.0172476320107899 -0.0597648880635281 0.0011871635733787 -0.16114184785513
-0.0125065748593307 -0.0664688427120542 0.0697960749319423 -0.179283109120678
0.0182783181097393 -0.0833557335120061 0.183029657431377 -0.145895715977937
0.0801712926535691 -0.0626057867728807 0.274497431282083 -0.0225631827113794
0.119716417671415 0.0134990368611905 0.19726717533757 0.169236138956767
0.0438937417438263 0.13723719418063 0.00174041900066957 0.182322215421248
-0.115089277321969 0.106144882078939 -0.0934052902545815 0.0217163274429997
-0.134446992947542 -0.0114713359605454 0.200124250890636 -0.103810261145553
0.0140355298000967 0.0845219358244165 -0.229166176357141 0.120075430749635
0.0513571865126934 -0.0171893151427322 0.09839486377986 0.0483547049948247
-0.00472890730769291 -0.0551776421355147 0.0367147598363491 -0.197918617950736
-0.0411796931604893 0.00127175012804864 -0.186786918347386 -0.210615228764727
-0.00186660979971555 0.0284697742566026 -0.305776879985008 0.0146976729205383
0.0125356662563168 0.0100325229408284 -0.199269310880662 0.171572876230672
0.0124052366217346 0.00146865848598989 -0.0750962057215319 0.190236745692983
0.0135420214445221 -0.0156622676276222 0.00460544237157711 0.18359091102327
0.0120033825309947 -0.0181696678780023 0.0428329830326215 0.185521080655616
0.0208390641348293 -0.0206172187630642 0.0153466685568635 0.213893737826926
0.0368040646768288 -0.00167904143672634 -0.0915597633201864 0.206684693484138
0.0230030174245417 0.0213262274803771 -0.21577240513474 0.134826081008858
0.0294695675223781 0.0328841404696404 -0.3119612333742 0.0623179130973578
0.00883599032452221 0.0727300691872746 -0.364760516636034 -0.0206705069311272
-0.0602779942964446 0.110145382635185 -0.398027399757768 0.0532726202690445
-0.105533098894829 0.132506970891569 -0.210777694935265 0.0952325460517489
0.00528648401718312 0.0765948607658388 0.116500457232615 0.0458544507251958
0.0259838366678289 0.0272877795950273 0.0752471989692962 -0.210909065839833
0.0292401695968164 0.0155416672315605 -0.176116040837668 -0.241140130817201
0.0625280484360485 -0.0042669779727024 -0.30586241077633 -0.0121517413551495
0.0473876294249422 -0.0482100591428192 -0.206502928718597 0.150442354864424
0.0162318129174109 -0.060849068542813 -0.0790645287475266 0.176037984390323
0.0114342948947903 -0.0803805439211919 0.00748084403194832 0.165433992709943
0.0220603987206526 -0.0881817675547567 0.059773329350579 0.15798071915779
0.0738140540544415 -0.0997896210771205 0.0583633729702565 0.192480145907506
0.138345406889137 -0.0335797881014828 -0.0279768284116299 0.219787033901286
0.120101989832211 0.0754903104951316 -0.16700687837769 0.177904451060173
0.0431574247580176 0.1659858928256 -0.290509404853249 0.106786815780166
-0.086108863186001 0.190713054517881 -0.33662994828187 0.0050436126147923
-0.200891913635099 0.168366737621112 -0.339611190086336 0.0422992276266899
-0.222965925232251 0.151607411486135 -0.150231529544056 0.0610294896987401
-0.0664949160226969 0.166241565430265 0.156915361487964 0.044819895529826
0.0381503142619968 0.129202302851919 0.143483279589684 -0.219835455632243
0.104872595631519 0.0494674919340764 -0.134486575079503 -0.280529442760974
0.133678371495196 -0.030162895403325 -0.283277795435452 -0.0592106339006941
0.0875993270547946 -0.103496384124262 -0.203905794039579 0.104973625816815
0.0234778041334482 -0.118696929899145 -0.0843169490394732 0.136747480115638
0.00751649139275152 -0.133859150384985 0.00844506942663325 0.123464828155545
0.0231384353298053 -0.14153385967288 0.0753141261804191 0.104926573800529
0.0999887067553108 -0.165830387797204 0.108404100844899 0.139159655086798
0.205934814065118 -0.084056980009669 0.0624514338636336 0.204563828772814
0.209603143488763 0.0763391157980667 -0.0814550051497489 0.21900344472459
0.0983558044525723 0.253029048574575 -0.242627037662249 0.161887262843745
-0.125647655447109 0.292423402778512 -0.298073525384054 0.0302405191356824
-0.293598578376167 0.216730306385055 -0.248467009181084 0.0178762893594047
-0.314539355202857 0.138287649172625 -0.047469410977319 0.0272706270467366
-0.153062590626424 0.228496665686707 0.212505405787174 0.0423528030955348
0.0233932763370785 0.230178012508011 0.226448024087588 -0.209384059308334
0.167902805824875 0.102827154336175 -0.0555315529425524 -0.30469147009946
0.197681137077595 -0.0404052616395886 -0.224270769760921 -0.115329889090242
0.125575802224691 -0.144784959049407 -0.181394075958573 0.0357635754335807
0.031758090075621 -0.162116915054596 -0.0829906467676002 0.0737967446575371
0.00106123812985408 -0.167383888685273 0.00772682029321549 0.0639024824948118
0.0172451517041146 -0.169958814596916 0.0823249054745282 0.036040654067938
0.100320923710236 -0.203980717578946 0.147235559823229 0.0641692503379292
0.227468441237082 -0.129522904543949 0.149257819724241 0.156046438263366
0.260178884979209 0.0437276408521515 0.0189474028984586 0.2309195890617
0.156564664507601 0.279512198024997 -0.171907856211381 0.197540101899849
-0.124600252389754 0.345799352087216 -0.251160140777546 0.0411032851039038
-0.331033601498074 0.239622770992829 -0.139154839797877 -0.0194984369386047
-0.353556432848855 0.0981661671611685 0.0834088574343649 -0.00355331893449627
-0.228831523146786 0.23898559689889 0.272513891156254 0.0398362816449527
-0.0200895502537589 0.290438211821002 0.300400959351598 -0.171506143132848
0.191009525676385 0.155552289341284 0.045743846279177 -0.291568455195032
0.233482748710051 -0.0306449509392287 -0.127270903489825 -0.162400200675382
0.150749291925467 -0.159504810427157 -0.135108311299928 -0.0444474177557851
0.036802093099058 -0.18172892996803 -0.0751458393426285 -0.002771949890364
-0.0058908534862978 -0.176234765930434 0.00663228297086675 -0.00453492284745119
0.00758793974988647 -0.172380292017071 0.0820218686078937 -0.0358711772236656
0.0863631480771044 -0.205193875834173 0.167209543200419 -0.0126055211739775
0.212727454560273 -0.144783407484012 0.208779838889452 0.0923573405400895
0.260489519193836 0.0146282781264421 0.101245503455596 0.212967153696127
0.173536944429855 0.262351576717428 -0.10295540893061 0.202812523082591
-0.118127719989441 0.335688166224408 -0.203275077653958 0.0364409544131054
-0.324422240165151 0.219325591973574 -0.0310223070263127 -0.061191238624478
-0.323353098472357 0.0425807948099431 0.216874529686739 -0.0263559954511807
-0.259039355148665 0.189455096856853 0.323586177097411 0.0378778829085202
-0.0658489282996771 0.279957677856321 0.343471983723178 -0.117724764568107
0.165778046414815 0.17434334189976 0.137644664707141 -0.238830624103192
0.220469500110356 -0.0135917601272289 -0.0175706502233103 -0.186306208975343
0.146162191681972 -0.143079772790086 -0.0747785900612964 -0.118948832679545
0.0343117284599302 -0.169561490993304 -0.0602377809879335 -0.0803202571780409
-0.012214448661969 -0.157192486143559 0.00565874154286272 -0.0709688762740298
-0.00162190022001193 -0.15133917985287 0.0765223105512237 -0.0983611513670741
0.0666660759910923 -0.176739356346677 0.172645666876675 -0.0757262636094068
0.177715475860259 -0.129442607232693 0.241178801834945 0.0346586162914947
0.225394066090457 0.00574271721871442 0.15255434527482 0.186580850047123
0.146956878926521 0.225808192184757 -0.0506929075028729 0.1913170850404
-0.118961627327382 0.279077368414425 -0.157774990777317 0.0271038676355086
-0.282590280074691 0.161193142129139 0.0650648988822277 -0.0937480831979208
-0.230229363820905 -0.010631157608595 0.322095164907584 -0.0419967940132764
-0.219886789254309 0.108881173357417 0.35467414299344 0.0357933766499134
-0.0775784937830377 0.203572120650806 0.350156550252836 -0.0698575123927433
0.110910894528733 0.138663633509967 0.196515676117224 -0.174791768137668
0.159024182938574 -0.00452045302309218 0.0719200344718369 -0.188790628776062
0.109423661652938 -0.103231500659813 -0.0214000301678081 -0.173706770088178
0.0236068607948003 -0.127533065559863 -0.045604592319966 -0.143794193089059
-0.0164155075917357 -0.114885751643223 0.0039315556622905 -0.123945798457454
-0.00879469000249049 -0.113339928161732 0.0707360297121354 -0.145801094871029
0.0436238359110913 -0.133177855318005 0.174871660422616 -0.118208882009473
0.131259128280203 -0.0966718956267057 0.257577213718725 -0.00297104520028588
0.1735510299304 0.00982176081827676 0.178913992473752 0.168680569397438
0.0963367706434582 0.182733768402196 -0.0180943826246675 0.179508618914496
-0.121298934565278 0.197409692456304 -0.119057981727187 0.0201334742510665
-0.217135198947045 0.0786424762956147 0.142130810867562 -0.107476520464699
-0.0927160843326248 -0.0565928922652683 0.37558604208246 -0.0582213969829457
-0.125476591131189 0.0181247155385729 0.358249944133185 0.0260072568446899
-0.0509245750000785 0.0881899856884698 0.334660158703307 -0.047831992113467
0.0451832098978337 0.0612331993521006 0.220307979118855 -0.136516900835373
0.066583247705446 -0.00560397407910703 0.114695081667408 -0.190528616416241
0.049669704161785 -0.0470864616417405 0.00600944764378844 -0.202854722955422
0.00709282175478053 -0.0627975464883454 -0.0385702153785381 -0.180239328295075
-0.0163741868380074 -0.0566016603995304 0.00107089802285215 -0.156119799730505
-0.0123964580398427 -0.0638123944014571 0.0675157679472448 -0.172990492613827
0.0167758029432729 -0.0802630714603542 0.177622000393055 -0.140493307324871
0.077699223135079 -0.0603163393827978 0.265930093622937 -0.0218023802238959
0.115177822935783 0.0137749553714403 0.190191480543658 0.164554912808307
0.041208955394968 0.131717054967409 -0.00204967363239842 0.176585826538075
-0.111090507465939 0.102889739634314 -0.0911551954456374 0.0213514744731613
-0.128938294175072 -0.0109404691886723 0.192851579649778 -0.0991830271711994
0.0140247526905694 0.0855169143592258 -0.231888181024402 0.119633647699009
0.0515537253934079 -0.016004821583721 0.0976651436484044 0.0508124114828554
-0.00502521871175451 -0.0548246099260644 0.039289577481166 -0.198289999858443
-0.0411941358991666 0.00216184093915047 -0.18598571464381 -0.214766058934189
-0.00081453056671504 0.0283061849882556 -0.307248945789738 0.013598860714101
0.0118337429693112 0.00989839080640642 -0.201124174225785 0.171532784358298
0.0127318734916658 0.00147120037601534 -0.0782218676015261 0.188944513418801
0.0130348096101588 -0.0157571202613995 0.00367067738658172 0.182568062279557
0.012516786473974 -0.0189916482277972 0.042497796171589 0.184882485380879
0.0215384354845459 -0.0213382872590245 0.0154309394441673 0.214063164799705
0.0369686153280902 -0.00245254565782322 -0.0929835733527746 0.207519049723818
0.0234920784070447 0.0226322773664652 -0.219802402208031 0.134068660128481
0.0289298163027732 0.0336184098324596 -0.313098119502814 0.0596235803601089
0.00797183878053794 0.0725457983407562 -0.366379241136041 -0.0272819055175814
-0.0616455593541211 0.109801913968247 -0.40085689363351 0.0501313531778546
-0.106097598672003 0.133249718298314 -0.213924947029843 0.0952010865003085
0.00512546383227643 0.0771044584761382 0.115192489637414 0.0486119579087683
0.0249173311623738 0.0276729928532455 0.0782983984678403 -0.211772589257293
0.0283894099755465 0.016124429500517 -0.174128657210848 -0.244396585128421
0.0634563641199259 -0.00444291432819911 -0.306319929533988 -0.0141643207760375
0.0470951550698267 -0.0491403462791074 -0.207570942138605 0.150196410595332
0.0162939644325699 -0.0609772681728674 -0.0804187551049012 0.174405223868486
0.0110654738375222 -0.0809846069297118 0.00708975960572428 0.164399856749668
0.0224888478108094 -0.0888440937707714 0.0595827789359635 0.156435088852237
0.0745375193639202 -0.101047857051425 0.0586395294916688 0.191566371437754
0.138923393978467 -0.0349416194889545 -0.0282397845588064 0.221164097706197
0.121306593435376 0.0766057584361589 -0.171363741871614 0.177994516119236
0.0423637928980232 0.167333909388182 -0.293489955693388 0.104487481646177
-0.0883378225934357 0.191969687581588 -0.338582600841819 -3.15333417313678E-05
-0.204169202206069 0.168044681470707 -0.341881965492588 0.03909057826493
-0.224731842016583 0.151993663324895 -0.152161078829358 0.0623400812907061
-0.06720952761906 0.166894672741339 0.154850141434836 0.0478392692599152
0.0377159303781865 0.129662966218098 0.146726867574528 -0.220064077995836
0.104357832096725 0.0499358127264414 -0.130716455870664 -0.282603704299735
0.133832515767619 -0.0307438874593868 -0.283101926512852 -0.0618943879302818
0.0875170134637453 -0.104413625374876 -0.204624756905392 0.103680286881071
0.0234811391535005 -0.119082694046682 -0.0847862658953183 0.135502125615831
0.00748567229001517 -0.134103079222477 0.00817399514043506 0.122442763376355
0.0244630574247697 -0.14234588803446 0.0743419046824015 0.103400274586375
0.10032197182217 -0.167634038133339 0.109533821300521 0.138534096663356
0.205781513005727 -0.0858114882753402 0.0636498706013197 0.204945959861528
0.211069447463656 0.0774986216480382 -0.0850051181609436 0.220448132321389
0.0984548747335794 0.254995670138098 -0.246059540188985 0.160444251433999
-0.128674020641056 0.294023007684924 -0.300481142526873 0.0269098448016451
-0.297992146272094 0.217179327192494 -0.250592350067472 0.0159975335223493
-0.317100348986739 0.138006224050622 -0.0491375931262353 0.028844967647525
-0.155473688760535 0.228879087179782 0.210143351807143 0.0461315966883214
0.0223520056573312 0.230977361143947 0.230652215636376 -0.208196975989254
0.167451499031065 0.103481208008768 -0.0511403749143033 -0.307159178335735
0.19899596477154 -0.0412684668321259 -0.223090067819594 -0.117932723964819
0.125607191760024 -0.146373551250632 -0.182007558424848 0.0349158210370677
0.0317174283341681 -0.162672361987787 -0.0829315422291956 0.0740524943554107
0.0004619777572346 -0.167382628121025 0.0079833295768901 0.0625977668655373
0.0180347604140534 -0.171554714074112 0.0822946109091708 0.0343701669431424
0.100365398805331 -0.20571055012809 0.148031355170951 0.0627562853614509
0.227970129747007 -0.13192353984381 0.151330804551071 0.156011444505313
0.261016064885507 0.0442549336722947 0.0158574302657256 0.232183508396444
0.156042581339303 0.280957330157527 -0.177046949951672 0.197125999754707
-0.126788619730201 0.349039152593991 -0.254529379543141 0.0387064987229237
-0.334315170434087 0.24070513542837 -0.141736853786801 -0.021194861553129
-0.356897038126 0.0966942164653311 0.0831782558260979 -0.00138652671944185
-0.232620786576806 0.23867891061343 0.270077482327827 0.0441003617702388
-0.0216422562179788 0.291767648692499 0.305205292976189 -0.169387323557086
0.191131320716752 0.156902583445525 0.0510725400376883 -0.292188839890179
0.233971208304547 -0.0314390500771591 -0.125377097101295 -0.16634473236908
0.150234376868298 -0.161201151641172 -0.135632421460038 -0.0457024482284957
0.0363282899148908 -0.181874086048206 -0.0744233950924443 -0.00261706526675251
-0.00604113184492031 -0.175638050928553 0.00711800483614981 -0.00580779299880514
0.00879257623102875 -0.173335264018928 0.0816071270584697 -0.0369148878964669
0.0866956708067868 -0.206994167417537 0.168070936804655 -0.0137227158710326
0.213742933802579 -0.146875690241022 0.21164041436904 0.091965808849563
0.260913146283862 0.0145030035680349 0.0996157222409972 0.214580976000257
0.173814565456007 0.263744378783979 -0.107623204024735 0.20356259870625
-0.119309078724532 0.338427922902256 -0.206385752433424 0.0351810141872639
-0.328798154322439 0.219931734587694 -0.0320182305294546 -0.0613073673200469
-0.326722101196844 0.0411881149286934 0.217763288426245 -0.0231568414764659
-0.261620600944517 0.190321182946234 0.322105726765344 0.0421826666891377
-0.0668744139854683 0.280583471729818 0.346952572754821 -0.115634411507372
0.165414445055165 0.175336595771559 0.143502560075599 -0.238199942073775
0.220346595218056 -0.013984802182383 -0.0145466158578987 -0.189470707922023
0.146599240615187 -0.144336771458465 -0.0751025156371718 -0.120844521266338
0.0345547306501707 -0.169902761940878 -0.0597464988884203 -0.0800103116353671
-0.0122331382419892 -0.156187029191236 0.00565133491640121 -0.0716537828372814
-0.000841786697278866 -0.151708903447382 0.0760065949551491 -0.0998267390250981
0.066993968641199 -0.177970289660818 0.173578692169115 -0.0768914291454398
0.178437885552553 -0.130430183195313 0.244120487415435 0.0335676229176502
0.224814662999077 0.00628092727782988 0.151986068246851 0.187924676050683
0.146597342876838 0.226088185909696 -0.0544888520533361 0.193020827098669
-0.119541502730252 0.281452144123096 -0.160286440665027 0.0260306441595912
-0.284859275920276 0.162095946168141 0.0648534796258045 -0.093405815745206
-0.231741762282459 -0.0116454784247086 0.32443598791134 -0.0390588938671443
-0.22140625354216 0.109005179530275 0.353926544198442 0.0408185756724221
-0.0790904287888976 0.203138772064098 0.353107262570112 -0.0670776524914784
0.109786112162816 0.139372862341081 0.202546206626184 -0.174263192257852
0.159141957152014 -0.00401252151324795 0.075492360036019 -0.191885863504307
0.109691162103229 -0.104672912244549 -0.0210891998843588 -0.175849063783062
0.0235871866866057 -0.127749269722714 -0.0453491465383663 -0.143558473447829
-0.0158449066117145 -0.11385209198544 0.00384892965140492 -0.124614164635839
-0.00837925961647226 -0.112781962369144 0.0709874715237889 -0.146560273720271
0.0442728525825988 -0.132892269850589 0.175741866631035 -0.119524673179712
0.132145806877272 -0.0970772450606159 0.259876845017267 -0.00387119399111353
0.172445201388887 0.0106067738243084 0.178034751256539 0.169044560028174
0.0949407392332275 0.182458943931542 -0.0213057652928062 0.180817583518653
-0.121505607946419 0.198287658906638 -0.12060594831147 0.0204292467968861
-0.218459329587775 0.0785172663778471 0.142588257925475 -0.10667045534932
-0.0931105673233928 -0.0572471237687169 0.37846539850425 -0.0559442608486155
-0.125158878222258 0.0187092758538439 0.358796044680531 0.0303978250327687
-0.0513120833804436 0.087864847580342 0.337361900020822 -0.0454413483124821
0.0442330789079036 0.0617616553053424 0.225983515437084 -0.13539882159856
0.0661084012389764 -0.0052410254835227 0.118040322753113 -0.193053990657019
0.0503631274413587 -0.0482266025513081 0.00653229760780326 -0.204384524235471
0.00718552421393944 -0.0626706830095171 -0.0381105060636567 -0.180670473568605
-0.0164230520909115 -0.0554617137877105 0.00162862876909049 -0.157136018761406
-0.0127848274055406 -0.0632958775356551 0.0683245226018956 -0.173010991256179
0.0169934128839505 -0.0794126713545595 0.178718899744363 -0.141937149510291
0.0786261799545831 -0.0601098549890317 0.267790958136199 -0.022049738059987
0.113788382941012 0.0147372274579858 0.189558282479371 0.165982820772271
0.0400210887291341 0.131067673532199 -0.00505231184183142 0.177235927206568
-0.110700124556337 0.102890952801716 -0.0921231579527576 0.021613994759863
-0.128289366436271 -0.0111052325832698 0.193448200451881 -0.0990309702167019
0.0168730246783296 0.0885742281739033 -0.238510782686634 0.129018559791093
0.0533530567177936 -0.0170815158095775 0.101415523515769 0.0526272083139683
-0.00647435029580889 -0.0556176792963874 0.0379536263961761 -0.204878774760985
-0.0424063517156599 0.00404334077465152 -0.196154755420328 -0.22042352218636
0.000988300458807732 0.0292659075151642 -0.317248805359809 0.0204697953876812
0.0123185537503911 0.0094312374813692 -0.204198061374686 0.181323918258877
0.0132235978777947 0.00116748886973559 -0.0786066697492724 0.196158706453609
0.0127191814357076 -0.0173910935451972 0.00746620012300787 0.188137810148689
0.0126339324968031 -0.0213167286166295 0.0473727240196562 0.18921548887823
0.0221956082965907 -0.0232196020794126 0.0206839134978785 0.22015210206166
0.0383515427024165 -0.00404471857737881 -0.0923130561193722 0.217160143384414
0.0256272871506419 0.0230395869187719 -0.227244706773015 0.144171592079904
0.0293381371916936 0.0349032133734152 -0.323795395436651 0.066060923945307
0.00919210315284971 0.0744746700960533 -0.38004275072159 -0.0243296365830358
-0.0621732313871117 0.115192886608614 -0.415515855733839 0.0580183287217654
-0.10694950513532 0.141101981146357 -0.220520168167452 0.10405081138988
0.00702907192111891 0.0798238760529057 0.118985584352065 0.0501532131870183
0.025968407911103 0.0280722067169313 0.0785918221085384 -0.21944834448602
0.0294351411075597 0.0167591908845744 -0.183550200048307 -0.25149937921587
0.0659531463495334 -0.00668260087863766 -0.315991678384771 -0.00844044145185849
0.0467067463789376 -0.0520562116622811 -0.21137572626034 0.159589444637648
0.0153554792955661 -0.0635556043868944 -0.0802856537871472 0.181477465602386
0.00912397727311413 -0.0837217656940581 0.0108567592901714 0.168560628548097
0.0219386338927817 -0.0935702068390974 0.0637311390627926 0.158683850762742
0.0745819885748136 -0.107722951877095 0.0656983334761908 0.195670022468879
0.142868843700207 -0.0403753626045348 -0.0239052632453692 0.228381984571978
0.127705620408544 0.0773722958116004 -0.176442117306327 0.188023167219244
0.0461198865815312 0.173402914434487 -0.302142828886204 0.112816975629127
-0.0877606407523681 0.200366381816812 -0.351512256906787 0.00386142700580296
-0.208976383172364 0.17853678026504 -0.355428882280006 0.0456898071645864
-0.229012887568189 0.162918055099096 -0.157985185823804 0.0689427581057261
-0.0660221377818654 0.173666433831136 0.158790012610352 0.0490200677988184
0.0416489543809883 0.133261858935874 0.150020008056507 -0.228998176298842
0.107928459322446 0.0499331297150929 -0.13817213359453 -0.29131195262046
0.138298383955395 -0.0350709921774634 -0.292942720138739 -0.0581676843327291
0.0871352794438263 -0.110368521477921 -0.209202245641011 0.111514058087422
0.0212488253281276 -0.123655202603882 -0.0843214252745139 0.140801002859739
0.00430227324061646 -0.138378765562851 0.0113403046887397 0.125242605089779
0.0223728268353094 -0.148932368380992 0.0780841188834141 0.103449413282443
0.0993785268888653 -0.177010182055591 0.116536556835461 0.138887686311747
0.211088208328276 -0.0952748159849451 0.0716668928092239 0.210079528866807
0.219845273556662 0.0757506070831467 -0.0858458713998768 0.229622914700184
0.106550267809045 0.26209671463821 -0.25422129827726 0.170278036275692
-0.125924868269116 0.30853362591311 -0.312924939220683 0.0305263716059788
-0.306225598022889 0.231618084796338 -0.260586592567092 0.020984691762167
-0.325874110034694 0.149864302499215 -0.0517887348319998 0.0326656967283895
-0.156133080574862 0.239907514278928 0.215607019345388 0.0462641728667602
0.0277410957162821 0.238017388831958 0.237094137881687 -0.219277319352364
0.175068091526429 0.103673441895863 -0.055477461985491 -0.317182874412615
0.204850530115016 -0.0480747436677455 -0.23082074416438 -0.119202765637528
0.125871336423412 -0.154669337864116 -0.187315836591112 0.039667938103722
0.027997345752208 -0.169176159386823 -0.0839689238750789 0.0775912812261055
-0.00358130879013459 -0.172380068491197 0.00946979399639253 0.0630175882690853
0.0154374556512239 -0.178034484052871 0.0849996315050966 0.0317337084851154
0.0988355674957617 -0.216130313400163 0.155134747166977 0.0595806032868696
0.232088816899348 -0.143886570962738 0.162138799559135 0.156532633921334
0.271037903412453 0.0402587696466672 0.0184192630084182 0.239306975807144
0.167438506769886 0.287216306560468 -0.182209937640235 0.207131690588354
-0.12333157472788 0.36400660549858 -0.265186372347376 0.0439642473734998
-0.34449918889878 0.256248224922345 -0.148560646088676 -0.0178707557163518
-0.367248269127652 0.107599733316169 0.0849921469551143 -0.00123745399219417
-0.234878922408524 0.251787310559339 0.276956136456715 0.0437225517788692
-0.016544042288233 0.301861541097976 0.314775384429013 -0.180733210572335
0.200338314651241 0.158356659174405 0.0518263081120949 -0.303410381148297
0.241845767804843 -0.0386352185827724 -0.131043538815084 -0.172287911768363
0.151511648794515 -0.170637805656471 -0.141428552723929 -0.0450082421868841
0.0330116377193781 -0.189248804239486 -0.0764474432037841 -0.00143645628378669
-0.00993139830712086 -0.180156637892626 0.00725064049561497 -0.00716323176185539
0.00534173120625882 -0.18019175495544 0.0825677180371609 -0.0414328881734332
0.0847458864404561 -0.21675452778188 0.172889470084494 -0.0205592072883476
0.217250561041506 -0.158575467563249 0.222608471853708 0.0877644440462913
0.269881702322328 0.00941410158926716 0.10509460726555 0.219252723838956
0.185540819451433 0.268023185501194 -0.111259097351583 0.213524184260887
-0.115683708244158 0.354681062160876 -0.215206994521317 0.0402944745504545
-0.336000024526775 0.235025996867749 -0.0360311896993286 -0.0621543084198009
-0.337637347905895 0.0497538868180512 0.22501637102198 -0.0271647929097304
-0.266407288674093 0.202241036569687 0.331358287579735 0.041188965710506
-0.0642802439831931 0.29123087340035 0.357977836438834 -0.124874383128299
0.174076322618527 0.178202924303653 0.148322637169498 -0.249266869373672
0.227595188982975 -0.0198274751723004 -0.0165407456411982 -0.19908971616297
0.14788131099084 -0.153963875489276 -0.0799942611457633 -0.123927255763331
0.0310727398854076 -0.176466948085782 -0.0629629405988408 -0.080876577953528
-0.0157304271759893 -0.160411938915989 0.00390188359073209 -0.0756653694570809
-0.00480450877531173 -0.157195069410604 0.0754809670151323 -0.105524193468082
0.0648927398279453 -0.186466451166135 0.177801001821958 -0.085668946228296
0.18127178840429 -0.140802681577739 0.255141237374534 0.0283738022307028
0.231396348942905 0.00162830595110386 0.158867425441401 0.191226061285272
0.155882317970262 0.229423466590527 -0.0564937113833549 0.201192586454241
-0.117043567214086 0.294806507114042 -0.16681809374868 0.0301049412810049
-0.292121617465835 0.174117323863391 0.0644130382893568 -0.0977111273259312
-0.240876499004074 -0.00679004010712487 0.335737651548532 -0.0451445437310221
-0.226430784267912 0.117293490947298 0.365291393344485 0.0387331286615598
-0.0781968575955091 0.211083916884901 0.364581254871213 -0.0751880350127783
0.115296066687224 0.142414541247361 0.209968507949059 -0.183179074723662
0.16368301023168 -0.00803609660345574 0.0755380414630992 -0.203261629220935
0.111231908143906 -0.111054254171711 -0.0251953435580287 -0.182032313880362
0.0210140513037952 -0.131793080079987 -0.0501458870695822 -0.146891278879484
-0.0181234455584648 -0.115689771658164 0.00114624550942729 -0.129598879192224
-0.0116905056935465 -0.116158613959031 0.0694571660507866 -0.153336980568694
0.0425958625224541 -0.138070721585003 0.179111834459882 -0.128196662083199
0.134308514829772 -0.103859352973699 0.26970581279931 -0.00990162748565233
0.177143031830466 0.0075646659522201 0.187218773410623 0.172807676532028
0.100743661386642 0.185224117011435 -0.021553138932389 0.187830196888757
-0.120876232222429 0.207824617843137 -0.125371590545972 0.0240348424396419
-0.223047480678609 0.0866330049716865 0.144107048242218 -0.113132431529099
-0.0973613592028981 -0.0564219942087098 0.39272967346164 -0.0641609860439846
-0.128629777747381 0.0224595333578649 0.371776311364714 0.0288241445229113
-0.0516035242018407 0.0908187826346982 0.348223195245205 -0.0521822157602138
0.0460894732794522 0.0631994054801602 0.2339297130126 -0.144416431637604
0.0672980121904269 -0.00708552282064604 0.118784829106804 -0.204343563572468
0.0509747383953518 -0.0515308907026676 0.00234515999840682 -0.212813853125382
0.00542906508874992 -0.0641079379254264 -0.0433454430610309 -0.185067905659447
-0.017695688139086 -0.0550908480105336 -0.00211480334940056 -0.162413946573763
-0.0153682889837075 -0.0645004201297093 0.0662347973234937 -0.179966070055072
0.0153008529113209 -0.0819708028509014 0.181456322777861 -0.150719197204883
0.0800648470744834 -0.063970547497598 0.276719404832216 -0.0292593923901784
0.11680832780546 0.0132863224936609 0.198282832384265 0.168246125100849
0.0435469094921591 0.133389302593673 -0.00449583542626658 0.183734978412342
-0.110992727896816 0.108578390485223 -0.0956970036212568 0.0246503249747139
-0.131549647035788 -0.00859556058859339 0.196355929436898 -0.105578667125092
0.0360006799147935 0.0864444260153794 -0.229895143348271 0.175797083506841
0.0517086814874538 -0.0257819166372727 0.113826224095684 0.0397882144357794
-0.0158070922694287 -0.0536832876195867 0.0048371596796103 -0.215269433095693
-0.0391010425582665 0.010838453551658 -0.243130525401206 -0.189185779117594
0.00638142258711561 0.0240909292524981 -0.320123266568504 0.0830867264718008
0.013762402752382 0.0051560564946426 -0.177128253773005 0.225462206598396
0.0137764103783016 -0.001565984338222 -0.0454054879314961 0.219726661260586
0.00884719643334919 -0.0203937556610554 0.0398106875107999 0.190268596574966
0.00771812937599508 -0.0241267481584768 0.0815525195979084 0.18600315662515
0.0164042087472015 -0.0294797858380137 0.0606679068412029 0.221347208977315
0.0364326112377138 -0.012690452227965 -0.0584467809647918 0.240519195103874
0.032558072237421 0.0190730815618509 -0.211351828494345 0.188569750779578
0.0363534879411158 0.0297873591542721 -0.321023961371918 0.123012459485711
0.0233434821315687 0.0729940963963559 -0.392469298150212 0.0378436690848832
-0.041017659282763 0.12833534383007 -0.419581280370775 0.131356945654886
-0.0823782591289733 0.165590602055895 -0.211949786292492 0.136169580813365
0.0196978498593054 0.0826645761055747 0.129799761398826 0.0303482853105196
0.0324185669906518 0.0274604183533801 0.0405844416694997 -0.242295516277956
0.0365245333055237 0.0127877276073191 -0.237754271656725 -0.22282614665304
0.067168614272603 -0.0226593537568106 -0.3277217684314 0.0534995808754385
0.0392616099947627 -0.0636330009062255 -0.189458077697953 0.206085244013551
0.0048964279506208 -0.0677596148655704 -0.0509254005462607 0.205057196461425
-0.00594188985819044 -0.0877625698689773 0.0402334777505409 0.168946020558707
0.00463000947164029 -0.0996262198335421 0.0930381233735738 0.150967266270522
0.0548452759228475 -0.123182910688412 0.10127002615047 0.186243435455796
0.134644218113684 -0.0682599444935637 0.0140207507184386 0.239209596562914
0.144726706630288 0.0567454501664938 -0.152947342632544 0.223960609067816
0.0781936641960683 0.167036605593111 -0.29099780874826 0.166527279459778
-0.0527978302877071 0.217955144940981 -0.356462452585699 0.0649155702477634
-0.179257618601562 0.21781176491501 -0.360913871476446 0.109506857035848
-0.205929062883768 0.213484035423461 -0.147632823649226 0.0787970115467046
-0.0403007154341081 0.19258806040099 0.170565225805828 0.0163158592743609
0.0662388249193182 0.13295687899785 0.108372663259252 -0.270875391231799
0.122571050017036 0.0343037195063079 -0.2030602919397 -0.274369177105718
0.136428994166871 -0.0634593578185958 -0.317811027662483 -0.00195740436105492
0.0700640618292193 -0.130651638427987 -0.198090745554614 0.159411460119287
0.00131986251423222 -0.130368793193746 -0.0628821827393648 0.165006307218568
-0.0208654092412919 -0.142255292006993 0.0333838627604521 0.125197609372397
-0.00444722440776436 -0.155530734325996 0.0973465397615235 0.0911907504663731
0.0670628073777161 -0.19742567677614 0.142541548641157 0.118113929241866
0.193594130654258 -0.135655448286531 0.108831701850745 0.202830562007041
0.238008432856936 0.0389922657089598 -0.0536158261131604 0.250148336545055
0.156544506836317 0.245973539886074 -0.230713983099967 0.215707983489283
-0.0725192412811592 0.334099635820035 -0.308952858203938 0.0879935403112385
-0.267816995920539 0.289179129894035 -0.268240147986577 0.0681225487836773
-0.310410463444734 0.220802461877063 -0.0372767821712937 0.0160133355988217
-0.12282810938214 0.277603491456162 0.229808047716437 -0.00138103429636684
0.069199956708255 0.244088463665248 0.197706471816743 -0.282896373127505
0.199562235890955 0.0786354865422235 -0.12555651912698 -0.318701771742358
0.201865991743004 -0.0866535376185202 -0.268972105853188 -0.0753428205819719
0.102359055319069 -0.182773564310787 -0.190133690583281 0.0838113635906428
0.00081805013782585 -0.17830575930157 -0.0749074113892675 0.100711768046792
-0.0338425534179945 -0.175425488220145 0.021015181201841 0.0624100830971981
-0.016698569050314 -0.18414219139384 0.0911517495819057 0.0162856335551864
0.0605672504474669 -0.23673355269156 0.167336377063634 0.0300797854883166
0.20557166607731 -0.187505107864603 0.192424281424952 0.131474464677639
0.282026581997505 -0.00571326367143674 0.0558465463125036 0.241496995067854
0.222698530456387 0.259426817561441 -0.15055701122364 0.241396633102693
-0.0585756450376448 0.390622205061113 -0.256851472720406 0.093807197812421
-0.302963370955207 0.321105291393923 -0.158595453911852 0.00893296810021819
-0.362744562759039 0.18569563321648 0.103550843284498 -0.0454710098419807
-0.202766586963418 0.303593695983882 0.296345696650814 -0.0176086399318017
0.0335928857203308 0.318157297309491 0.285114624021926 -0.262280992087455
0.234262778127009 0.132446219565943 -0.0145428054359965 -0.328447299484559
0.241593302585147 -0.0826216090009406 -0.177693885026196 -0.149281049975785
0.125842926514501 -0.202741731087087 -0.159905453537264 -0.0114315538790777
0.00222641664056883 -0.199313456522057 -0.0826427558356793 0.0182490903500868
-0.041749492156341 -0.181084487855407 0.0055952235648221 -0.00883629355083343
-0.0266626336713196 -0.18403082550676 0.0754653062264831 -0.0580070410347659
0.0468588746310682 -0.23416358650872 0.171084887467162 -0.0547662613181751
0.188523502781223 -0.198959616389288 0.242650988823685 0.049773530791954
0.274573904317304 -0.0363515835375552 0.141429849566103 0.205527269089656
0.235561612971971 0.236321555035664 -0.0767152910778561 0.235025982314173
-0.0535372464820433 0.379833966758714 -0.20658063123329 0.0811552854415668
-0.298569975872946 0.298811449182737 -0.0496788004529749 -0.0556025260405387
-0.343989911680237 0.120882634590825 0.245937800592949 -0.0937269269736773
-0.243765474138868 0.257555676433757 0.353984931023689 -0.0298309187860909
-0.0180576099163316 0.314935753411546 0.342472555648164 -0.213285900135337
0.209214965016683 0.157890749926611 0.0959892362453838 -0.292865119905192
0.231318229729912 -0.0583798255927113 -0.0659129956435638 -0.201233683885132
0.125050410970102 -0.184148467960704 -0.111576829765082 -0.105309701763008
0.0023404718182684 -0.186315130527131 -0.0841488023628049 -0.0674334888844156
-0.0428508080952501 -0.159524630289923 -0.00916170395999535 -0.0773637123032349
-0.0318995892980309 -0.157956962486187 0.0570908226250125 -0.122208248056273
0.0326277973802677 -0.198716483290504 0.16447248662892 -0.121603450363971
0.156150828872573 -0.173327138332806 0.266096245478064 -0.0178820588697585
0.23394929115059 -0.0373821358906805 0.193049450737291 0.166910958888876
0.198167054349596 0.202259367287876 -0.0228248037527166 0.213570524685134
-0.0654316566204635 0.318047626383162 -0.15975726549115 0.0632291881285818
-0.264509639116037 0.227980583629404 0.0478271354096308 -0.109365035301246
-0.253908052566528 0.04357580683729 0.355964128385657 -0.124829186001293
-0.216764596052263 0.163206305650668 0.391078285192913 -0.0350017754440594
-0.0467815099350588 0.234141483466763 0.362020520589792 -0.158576594123016
0.142254728536846 0.131141163236652 0.17477828124116 -0.236384371128888
0.167832446525962 -0.0347266981299033 0.0307145913327601 -0.22481446909486
0.0951848023862195 -0.133966149144848 -0.0646517109261572 -0.177963202332365
0.000127003044085948 -0.138676671768977 -0.0832270002150919 -0.139013907011269
-0.0371766317300505 -0.113666871013686 -0.0218910444452653 -0.132261216677008
-0.031679955481935 -0.114963731925747 0.0432262278042109 -0.170162677863077
0.0189909672322481 -0.145586794760498 0.158322879299225 -0.164730214239626
0.116342792187762 -0.127396525151586 0.274205475395563 -0.0594314239345489
0.178755786929119 -0.0219970466368689 0.219802533716471 0.143156730188721
0.134321883538325 0.167285551818223 0.010933208006508 0.195328169846538
-0.0846059112638163 0.230667845464967 -0.119662982698639 0.0499312049402409
-0.209762102569874 0.126203433611161 0.127825723208687 -0.139420347307602
-0.113986670981535 -0.0349060361310265 0.405530860671147 -0.143629392706424
-0.130453910550205 0.0483292717451012 0.395551003840767 -0.0406892745819627
-0.0402239554160881 0.105166834612311 0.350810342444591 -0.124759657091344
0.0572978038985688 0.0610135303494102 0.210378079101343 -0.197396004613973
0.0694406686237493 -0.0162635768294207 0.079923040306929 -0.234408216257899
0.0437633013649944 -0.0616874998367035 -0.0379976978386688 -0.217576086297424
-0.00412914232264619 -0.0660092335855537 -0.0829783291564932 -0.181400265781162
-0.0254320611084224 -0.0520776508817288 -0.0312165195512547 -0.165141414762848
-0.0265540026746725 -0.0612057240292149 0.0357813104084601 -0.196915044288764
0.00179750078254645 -0.0827769689502045 0.158222886346857 -0.187715549653088
0.0686004934047021 -0.0762363540321247 0.278574296301501 -0.0791642785824503
0.119289940868441 -0.00623562438358778 0.231619725541432 0.137625990031342
0.066525843710326 0.125959846297278 0.0273804830840823 0.189330768802107
-0.0922827960994499 0.128521939427474 -0.0915524382917035 0.0444578145952903
-0.134070048015478 0.0131240344153073 0.183578740434143 -0.142056578214031
0.0458320640822775 0.082032969268973 -0.212490736417076 0.201076767271651
0.0493693805503966 -0.0313473566616775 0.118792088349855 0.0308693479702906
-0.0214504995252982 -0.0508924514974766 -0.014219358701137 -0.215708189687175
-0.0369699508401156 0.0157557207365921 -0.262245340364064 -0.166194899836588
0.0095337974258648 0.0224570409729797 -0.31034846250284 0.114519217141411
0.0137887594266535 0.00420679149906493 -0.152794247789548 0.24311691882022
0.0140283072532674 -0.00314081574553049 -0.0247804140031564 0.224284225364031
0.00659943379942851 -0.021929464957634 0.058609899737086 0.184773290196823
0.00496581483883361 -0.0255037233490812 0.100215462342964 0.175983048604655
0.013464826475866 -0.0319313893748779 0.0834494942209359 0.213089264160604
0.0348206573112111 -0.0166105284594729 -0.0337844528361801 0.246488137659425
0.0356762799824512 0.0157636663476458 -0.193762521338414 0.210312324414391
0.0387554810780206 0.027090175019966 -0.308149459455111 0.154160877725954
0.0297267387921237 0.0699353324564068 -0.389573665588283 0.0742529474368429
-0.0273072693122738 0.13186258876273 -0.40657644948871 0.173640452780939
-0.0642446320003537 0.174111054357788 -0.198293426602933 0.159970600285795
0.0287388404177505 0.0801064350482138 0.132408417611881 0.0202767640785586
0.0345013770167843 0.0244499204479693 0.0177908931247385 -0.245627857404301
0.0379687110508732 0.0100480170367549 -0.259658163422486 -0.200477930227038
0.064977722062516 -0.0305961941108889 -0.321034250358954 0.0862646152757486
0.0312827012132734 -0.0675648180681221 -0.167150926508536 0.225165948479898
-0.00166273571674824 -0.0683284432775259 -0.0307813273496618 0.208887028874991
-0.0154070427798544 -0.0870033742580736 0.0565991425394377 0.16374882080002
-0.00620018029054088 -0.101018723564856 0.106850368660791 0.140129316693714
0.0410274549492383 -0.129428057391803 0.120052687818217 0.173612873718071
0.126821610881062 -0.0826043723860622 0.0392805918114697 0.236611024850394
0.151417571960938 0.0418506271809323 -0.131978843142841 0.240054009994509
0.0958024748925926 0.159320432943098 -0.274560302896299 0.19581624510799
-0.0308501758048737 0.222628953318541 -0.351002428224871 0.0975641027405362
-0.156985351833944 0.236253244297508 -0.350511891587699 0.145481796035159
-0.18289541564693 0.235619446824808 -0.140373562599439 0.0966058270963812
-0.0201793642523478 0.195912294078402 0.171430406992755 0.00317605096539549
0.0792697677003588 0.125711170614455 0.0830945415184828 -0.281634494972809
0.125850662272398 0.0225328122984977 -0.228721728428339 -0.255578800696076
0.128942613846665 -0.0787930656633502 -0.315815528556155 0.0295764157048737
0.05513573045189 -0.13830970409031 -0.18067498051942 0.179496882668662
-0.0128809255461228 -0.130039828627182 -0.0464552264002965 0.170731833301162
-0.035388119315436 -0.139486780318072 0.0444871916425942 0.11988324681481
-0.0212178465237578 -0.155851882617544 0.104643810629192 0.0793895628283143
0.0451490776778092 -0.20521743647793 0.153791889531051 0.100657683599421
0.177493855009983 -0.156623680299265 0.130874314691488 0.188910817424282
0.241875918409968 0.0146789501000484 -0.0300997613057984 0.256114589758796
0.181973996912805 0.228982447517272 -0.210234341024206 0.239378036481185
-0.0378719466795901 0.341476559754397 -0.301832145893614 0.117751798964334
-0.239324643124811 0.317186460341743 -0.261896782904936 0.0967670711738516
-0.28550612778113 0.253266108902729 -0.0366000964373138 0.0217965758448963
-0.0934866657458107 0.288905279839555 0.228059068839883 -0.0194689427077242
0.0936629032959834 0.236390338431195 0.170626072737597 -0.302469011903339
0.207315855608974 0.0592535115051941 -0.155134894720938 -0.307663732087808
0.192173485249708 -0.108907271775861 -0.275771322157174 -0.0500042790505387
0.0814535281192619 -0.19392529001456 -0.180593057006058 0.102492629879387
-0.0189540397214591 -0.177728411801273 -0.0643322337202519 0.107819000190318
-0.0517112682057551 -0.16987630142138 0.025878920197226 0.0588127094891079
-0.03624930423815 -0.182628694396014 0.0904011875247674 0.00566037233887192
0.0337566342367086 -0.243192467130002 0.168782481885989 0.0100609935527301
0.184316988369259 -0.209521289421691 0.206834199314726 0.108217855744342
0.281210661590029 -0.0352534196530203 0.0782689634745813 0.235980703650778
0.249301679373553 0.234954887910908 -0.128498130418014 0.25759191822946
-0.0172747602127198 0.39678056459026 -0.249195083032453 0.119290399484269
-0.270737366720926 0.353395192114718 -0.158508233517884 0.0276275051874786
-0.342601863943948 0.224151570568287 0.0975364672521048 -0.0545230065484003
-0.170554518044427 0.324306442439562 0.291999332710558 -0.0431252577373973
0.0654318366946542 0.313009621513554 0.259241285715575 -0.290000696311212
0.2468922546961 0.108404833271644 -0.0451391999703765 -0.32830053059384
0.231600852909049 -0.108424292631434 -0.192761464516655 -0.134341581710615
0.102260063777625 -0.216413178930369 -0.160379640722552 0.00443986445565229
-0.0197020253638435 -0.199045444664213 -0.0798627737057287 0.0264027710279454
-0.0596050512341499 -0.175367442909875 0.00362965336730955 -0.0106885348921712
-0.0462039997918652 -0.180967559437064 0.0668728107948317 -0.0668737117050974
0.0208816597730772 -0.239148595981639 0.163679572156198 -0.0738433613069843
0.165274805227948 -0.220419733815023 0.248849963075216 0.0214530736329068
0.269820514866238 -0.064658475478626 0.160864618663017 0.191650562502405
0.25974182608195 0.210072362206262 -0.0554190914282304 0.244379730623735
-0.0119497148074963 0.384595755763737 -0.199780253016299 0.10235661725184
-0.266141271334112 0.330519279642063 -0.0559975089501058 -0.0486903674615562
-0.330238281167863 0.157007324013131 0.235512481007335 -0.117661330645889
-0.216579172253167 0.282509501312019 0.348971136348133 -0.0613883153977556
0.0134050112608963 0.314592456295702 0.321491917478062 -0.24659845832973
0.224954478713303 0.136502148746 0.0690942156634978 -0.303785729207126
0.223973767079426 -0.0832455271860627 -0.0861605400226713 -0.197344512551745
0.103207055951786 -0.198664237576675 -0.122587991265129 -0.0950509897744613
-0.0178985391468193 -0.185164972935537 -0.0909428550163167 -0.0589961435525315
-0.0588090060399595 -0.15339348266218 -0.0183210490834332 -0.07687316601924
-0.0485776907675079 -0.154368109983184 0.0419565746307727 -0.128450076589022
0.0116247630775761 -0.202160109219002 0.149914952227047 -0.139623201886404
0.136989010519837 -0.190570316332701 0.264243276668983 -0.0482207522589558
0.228220138255092 -0.0609006105792434 0.208474127069322 0.147217261370848
0.217252102122671 0.179862411787461 -0.00383941250655789 0.217706697181449
-0.0307575485435442 0.324786423494097 -0.154771301910161 0.0800007153242947
-0.239502507081878 0.255691231966605 0.0363546755173234 -0.112841938737921
-0.24820536337663 0.0707502634466406 0.342607258484671 -0.161099067786313
-0.198664617912566 0.185019027256026 0.385898340819568 -0.0712797743309307
-0.0235178577746303 0.237637026248647 0.345319861766907 -0.194629584237981
0.155280998452229 0.116428559646267 0.152754856890571 -0.254656734291909
0.163171592319875 -0.0515638676938415 0.00775126994507547 -0.230730381103989
0.0797645126677722 -0.14456996540231 -0.0829080550936804 -0.172409822603994
-0.0142043862792329 -0.138186988255131 -0.0968829927053153 -0.130337259130719
-0.047950088700646 -0.108245363476411 -0.0359411645889166 -0.129964680664203
-0.0437536177104616 -0.109953675837915 0.0241341663503806 -0.174233151782864
0.0033474874082934 -0.147013991089026 0.139941989426022 -0.182014021816968
0.102053960805594 -0.140102684902939 0.267438724887294 -0.0901981063909938
0.175540320582694 -0.0392677804968894 0.23282650834642 0.121027820706581
0.14935345196544 0.152571281992906 0.0285055576803724 0.19518549121052
-0.0591526889746316 0.238763036452513 -0.115700249972535 0.0625748234646011
-0.195428317288865 0.146954909746311 0.113037516359097 -0.151667078543529
-0.116773236063921 -0.0218019058816301 0.391201839503999 -0.18467305632342
-0.124364700806221 0.061926620206405 0.39111274766189 -0.0782575790476402
-0.0296039387399427 0.107885981586535 0.33750286648144 -0.159202793447293
0.0630299307764561 0.0555684592447003 0.19197824696861 -0.219588708068963
0.0673699422623058 -0.0226599410248554 0.054572106248962 -0.244807862996046
0.0361984026422306 -0.0668597678269089 -0.0610052193920232 -0.214889429659532
-0.0105621863217315 -0.0654736761231485 -0.101460105029981 -0.172213575882342
-0.0298359204341728 -0.0480577809127772 -0.0486859734809032 -0.161676616631477
-0.0325329042915706 -0.0564578118972026 0.0149347902220383 -0.200657917955155
-0.00664924254859989 -0.0821352623381833 0.138122393940237 -0.204263878173542
0.0604941630623021 -0.0842242004837399 0.269908622747979 -0.108891739721838
0.11752158518989 -0.0178228470187944 0.244906080808508 0.113716995078942
0.0777953881112121 0.118029878166914 0.0450626384548331 0.187290076112625
-0.0781097069852904 0.137201245752708 -0.0878456578259417 0.0543367450235847
-0.130578038998475 0.0260730850633971 0.167850072695253 -0.159607881960267
0.0519593917855731 0.0729449140225703 -0.183433557180604 0.212192393428828
0.0443584795586724 -0.0342010729807788 0.117301566997686 0.0206039198888471
-0.0245821094735937 -0.0452967545140253 -0.0309998836014505 -0.203310650950496
-0.0324308790654437 0.0184503269852609 -0.264781358670395 -0.135518929259226
0.0113873337567925 0.0197878559480336 -0.283218293403971 0.136771023490547
0.0133485995720317 0.00300845904391753 -0.121746269917529 0.244741982131121
0.0132451198967232 -0.00472533994898674 -0.00351329564737308 0.21632363119113
0.00401742784767458 -0.021930933872128 0.0715159756899694 0.169210770642046
0.00150010310337693 -0.0257333499923745 0.109829573027997 0.157778637268196
0.0089812777009242 -0.0319913115094751 0.0983536626746476 0.193039070617701
0.0318702854145636 -0.0190996261692179 -0.0101817193871384 0.237319860016493
0.0363502966084712 0.0119320760116234 -0.16611192710752 0.218615176636743
0.038734574760055 0.0225403553566567 -0.277942920976792 0.172460457309888
0.0325112434795568 0.0632590890458259 -0.363844844681926 0.10234214868885
-0.0145698440167628 0.127434473470764 -0.370851168091897 0.199926210469569
-0.0436124505630578 0.17034298261321 -0.17409910361665 0.173037328110124
0.0346998143108831 0.0726958352218942 0.129125528895614 0.0105887051058451
0.0347099720374253 0.0203399621332351 -0.00209670538488921 -0.234987765066072
0.0377527797811154 0.00691193568694265 -0.264658202542913 -0.16923373115226
0.0587039601542877 -0.0359679689551684 -0.296157380639405 0.110099140787887
0.0231131548208691 -0.0670141537693773 -0.13715890387991 0.229052704035438
-0.00800349855800298 -0.0643993498766532 -0.0110172759036212 0.201366113901336
-0.022672855411749 -0.0812804030947221 0.0671036441490747 0.149323999514107
-0.0159717776919958 -0.0961636755210218 0.113071819461231 0.122160266388626
0.025772309891456 -0.127525709380928 0.129006160111963 0.151909111261951
0.112157588565782 -0.0906027079132863 0.0589736727988284 0.220152794972885
0.148632613762458 0.0259898146967832 -0.105214506159993 0.240877333080688
0.104734080563776 0.142432552020624 -0.243405980212611 0.209722461130967
-0.00969625463318206 0.213202776579864 -0.325410426125565 0.122265731845778
-0.128378657592599 0.238099571058179 -0.319599511039914 0.170704700855618
-0.150900380036299 0.23995041040379 -0.124755313534748 0.107867656804616
-0.000626638726674936 0.187396631137951 0.163213523437503 -0.00872457895835317
0.0863029508630144 0.112096283814805 0.0563954309846345 -0.274601078651021
0.121419001620039 0.0110877336448666 -0.238489685313467 -0.223677953633327
0.114814628796844 -0.0874560769872342 -0.296481092116025 0.0553735481519557
0.0385154136694567 -0.136074860041861 -0.154370208181651 0.18568113881553
-0.0245400958903577 -0.121573202618802 -0.0285717282317289 0.165607597961076
-0.0463713240291324 -0.128833910409595 0.0521148662975891 0.108545265547236
-0.0349987788494882 -0.146688808085784 0.104398114225853 0.0649977040867729
0.0223428013852496 -0.199211973953608 0.153967952220548 0.0796587802078958
0.152860812189828 -0.165763325424102 0.141139248862122 0.164790586505294
0.231009344855562 -0.00819870724786072 -0.00759480301055178 0.247103732327767
0.193144718830639 0.200384498663077 -0.17986387182956 0.247123967336802
-0.00401667042444904 0.325982780266117 -0.27804066802686 0.13789775421016
-0.198704823874715 0.323039523947138 -0.240039899334957 0.116787138493288
-0.246417503950457 0.267302794213294 -0.0334332232885661 0.0272255422573263
-0.0619802539542551 0.281712647082666 0.21466259738701 -0.0344235832100267
0.110455199789022 0.214790638777906 0.137557780753404 -0.301940613021796
0.202241641339022 0.0377662874040055 -0.173337406065118 -0.279724571944353
0.171676306043198 -0.121660184745911 -0.264717682787888 -0.0239256983767526
0.0574680029258783 -0.191926391788811 -0.161592763364662 0.113099498850763
-0.0344495130832057 -0.16631717484508 -0.0503428386516459 0.107001714197868
-0.0645461950827387 -0.155782949524237 0.0289459589088379 0.0522809948588384
-0.0519004656265 -0.17046027736294 0.0838150992057844 -0.00438093412629672
0.0080178893879611 -0.233934860425926 0.159120717438213 -0.0075825175724218
0.153022059954467 -0.217795283140575 0.206755761833872 0.080554071441644
0.263362332221423 -0.0591393128747214 0.0937426482006751 0.217995928965388
0.257791288477117 0.198937710166519 -0.100180826662311 0.256756291714075
0.0202192086394258 0.376905089786169 -0.227483928218704 0.135744928807773
-0.224809532577651 0.360934248510826 -0.148027085669395 0.0419193559746231
-0.304809464810516 0.245831135734652 0.0873200801257804 -0.0575833144880026
-0.132136323813014 0.323023313577221 0.272293266418413 -0.0626881689092637
0.0899689681682771 0.290678953988442 0.222000741262104 -0.298121893364133
0.24453226418648 0.0803314327998181 -0.0704456659456077 -0.309240003915194
0.209395865323193 -0.12492408350327 -0.19497344195462 -0.112583085010336
0.0745992974876431 -0.215937024893977 -0.151979077108357 0.0172793588597878
-0.0373781392053277 -0.186541785497081 -0.0728592141982318 0.0316323006211087
-0.0724475582447294 -0.159618915143515 0.00117835605748607 -0.0110154957686412
-0.061078333977886 -0.167005468480008 0.0550407778784253 -0.0702946317390515
-0.00412597331617724 -0.229303108644776 0.146753095285654 -0.0868142649844565
0.134275134678551 -0.226106888227563 0.237924147393302 -0.00688205758154331
0.249188301125793 -0.0860583844127384 0.167948116156551 0.167440387003147
0.264493188864971 0.173604256466052 -0.0325663873873681 0.238687423969566
0.0259701480126496 0.366442110374484 -0.181963247646989 0.116263889943973
-0.223977060203722 0.337228456187613 -0.0572108513525011 -0.0395039047666098
-0.298274256801802 0.180271704192865 0.212524092599597 -0.131733560276693
-0.179318225728713 0.287721528036442 0.32492210548545 -0.0855185235628194
0.0401564491290247 0.297309315516288 0.283413889852104 -0.262323399558172
0.226036178602293 0.108834788803448 0.0400481234085517 -0.295708216315149
0.203727841043511 -0.0997035196890802 -0.0997052045222975 -0.182263606230385
0.0778666188096465 -0.199181599695422 -0.125581949173688 -0.0800947076528433
-0.0345740503454204 -0.173925826200412 -0.0908196226590669 -0.0473373834028962
-0.0687084232784734 -0.138880837598346 -0.0250129826697195 -0.0712842349398673
-0.0609629281369922 -0.140715202742736 0.0263973939910876 -0.126205941428521
-0.00864460790751139 -0.193169052325436 0.127977646652162 -0.147122768471654
0.110813340531843 -0.194362431684953 0.246196765726339 -0.0735788522480383
0.210436152162137 -0.0782351818246108 0.210270034561901 0.121683450438625
0.22125328201314 0.150135935229482 0.0144824586270568 0.207916856503161
0.00261670354165623 0.309706173044054 -0.141179961771299 0.0915036182812856
-0.203498518668821 0.263702497876673 0.0242575074499662 -0.108928007176005
-0.227774010561655 0.0907943861896477 0.31010629667287 -0.182436999979323
-0.171142059820218 0.194272483246522 0.359639438821403 -0.0987693912449184
-0.00187247329003758 0.226688899478575 0.310322301772786 -0.214108934932466
0.157799772290293 0.0972072879672396 0.124278930512066 -0.256023443881835
0.149442116550795 -0.0639328367429117 -0.0135813735147177 -0.221606654608898
0.0602120284198117 -0.145488553601403 -0.0955716787793094 -0.157420028289945
-0.0270792572913513 -0.129216837212799 -0.103488644147249 -0.11459660777306
-0.054765208734015 -0.097327435737856 -0.0468931255582267 -0.119914166816797
-0.0511776849430738 -0.0988507199052319 0.00540308930012979 -0.167818810434891
-0.0107305685567899 -0.139470869554145 0.115399098700619 -0.18564269099346
0.0829911968146949 -0.142975349432047 0.245770097974535 -0.112691977010878
0.162900775835254 -0.0530282411969779 0.230484686882029 0.0934758337654373
0.153649719581347 0.130814589370333 0.0431619968087789 0.183581078548139
-0.0329153317905323 0.230787077573119 -0.105273908592404 0.0712614624397239
-0.17116588497712 0.15637281953506 0.0930513534988579 -0.153139153729507
-0.110819792191309 -0.00929990864335196 0.354334224401542 -0.210660269456798
-0.111178243389464 0.0701944249074298 0.36450147714247 -0.108046237919655
-0.0190288264708959 0.104464605644013 0.305692277917776 -0.179722242093389
0.0646421823466789 0.0471168494177262 0.16500378672628 -0.226184635644336
0.061362046566157 -0.0272960487597945 0.0297053521238939 -0.238708844341774
0.02655062021514 -0.0674682312062813 -0.0783635525872467 -0.199776642627276
-0.0162916987453218 -0.0607866166274313 -0.111774088954478 -0.15414216394009
-0.0318440873518268 -0.0422691867467454 -0.0608274856703928 -0.149245927204038
-0.0356172262193888 -0.0488393882563567 -0.00543596947131218 -0.191631923425421
-0.0140523316733797 -0.0766272222278985 0.111600783187143 -0.206058782559246
0.0494046004677479 -0.0851687204068914 0.245989047942213 -0.130139099629895
0.109832429527444 -0.0269478765547947 0.241899311210074 0.0867598795646472
0.0830017460333631 0.104572834413655 0.0573795611762439 0.174904620973978
-0.0605113191283798 0.136571686832224 -0.0788265648493873 0.060073516297079
-0.120713591060659 0.0349543397000699 0.144493560277518 -0.166864018151872
0.0517451780506204 0.0638835025965841 -0.158872825499764 0.208175583392059
0.0391579625856757 -0.0345417771658017 0.111424727438067 0.0155756945120343
-0.0244304987377331 -0.0402531833557993 -0.0361659812395999 -0.187695435898158
-0.0279717569423882 0.0188783475874088 -0.252923883279817 -0.114332790177133
0.0117683542383583 0.0170040607110962 -0.254714859474877 0.13924707043565
0.0120576011540743 0.00215149399757196 -0.100354896913491 0.232434317691973
0.0122777119393447 -0.00592109063517043 0.006478752421308 0.201021569741168
0.00237179957696894 -0.0206157714120231 0.0735761417981445 0.154577770857323
-0.000872062376728331 -0.0248361170385599 0.108709590070352 0.140750390131091
0.00650343189898608 -0.030446047678625 0.099628447671739 0.173549733999038
0.028726686778525 -0.0190309659116212 0.001703557025543 0.220465079646528
0.0351421280053689 0.00869646542044232 -0.144738043469228 0.211664363972026
0.0367547780988881 0.0193209411258745 -0.248971763423439 0.170050110094108
0.0310640569067679 0.0569486258275158 -0.333976800213023 0.109538722096842
-0.00775033422163328 0.118060226084387 -0.332763637363943 0.201879934089403
-0.0312204265726333 0.15928158739735 -0.151461096587273 0.171739088682408
0.0355175872900248 0.064825881925627 0.122032847694182 0.00632107754975982
0.0331021471009765 0.0175447139331879 -0.0109541465654035 -0.218247416747564
0.0358773996690009 0.00519273394975189 -0.253208744395018 -0.146002240689867
0.0525016512872618 -0.037177122562157 -0.267581703955358 0.115390477001234
0.0173716688124911 -0.0629086532330934 -0.115562309475239 0.218420834367294
-0.0103883977771405 -0.0598169910052092 -0.00162792430843131 0.187266194410707
-0.0252167386125476 -0.0743379876810895 0.0679970854408029 0.135257079663042
-0.0204060019620983 -0.0889090084212244 0.108939695239042 0.107546706725317
0.0164410203806875 -0.119559362560556 0.126257078307547 0.133170799776029
0.099212633245489 -0.0898504065357991 0.0644536568932736 0.200089393324509
0.139535196753764 0.0167048871394659 -0.0864913753922074 0.229473954532125
0.10355033779269 0.12705294840827 -0.215826137170503 0.204461523523598
-0.000455262261227203 0.197669462380899 -0.297940128783353 0.126597339374574
-0.108361137352535 0.227050629161956 -0.287934074355227 0.173777858467379
-0.12638755086563 0.229182420856688 -0.109935270340455 0.109089611730156
0.00855960024771059 0.172555878374474 0.152122036565534 -0.0115509237986363
0.0849114901323744 0.0996027469382771 0.0414558456099735 -0.257341310323543
0.113505989875994 0.00481945394660478 -0.231360649487062 -0.19761739099011
0.101569182819371 -0.0876463541673431 -0.270857389208785 0.0641214191235752
0.0280202918254422 -0.127960023136965 -0.13340814217673 0.179532817465608
-0.028242675310728 -0.111605555385501 -0.0191281868683077 0.154184740383464
-0.0488451844485873 -0.116879976155923 0.0524098054114528 0.0981864442144275
-0.0406360955452266 -0.134547671617336 0.0974751861264986 0.0539594772728209
0.00972525676166301 -0.186077954143998 0.144667109413689 0.064718968120206
0.131449279946609 -0.161813802242071 0.139215413967312 0.14348508611932
0.214474810490559 -0.018837715151324 0.00423398119525168 0.230848828686078
0.188092592759513 0.176615114262673 -0.155722328876672 0.236694352498388
0.0115328656216768 0.302022268389873 -0.252964775984534 0.139736179066672
-0.170283769530539 0.309474259027627 -0.216727649372911 0.120771383406818
-0.213304527625909 0.25975015987116 -0.0291749353093619 0.0297765906082265
-0.0434009457426238 0.263389930526 0.197393837245632 -0.0371384327218771
0.111483688061248 0.193515221309126 0.115242133041248 -0.286219556176522
0.189080849980947 0.0253701170970594 -0.172426823576359 -0.252757299145183
0.151944918757948 -0.12271712698571 -0.247060847167859 -0.011703335088989
0.0418787160598047 -0.180577715503984 -0.144179250711287 0.11132158727673
-0.04075633934736 -0.151714031853944 -0.0416804918634504 0.100932801888401
-0.0669405278064463 -0.140399164222648 0.0282993552321648 0.0472046422245344
-0.0574279611902474 -0.155221274598741 0.0751313117843145 -0.0081533107460095
-0.00579539451751409 -0.217561820344497 0.144866313159516 -0.0158282902259066
0.12887909685331 -0.210078946435933 0.194267536812591 0.0606478014611029
0.240654997538109 -0.0676883088636844 0.0960521223528681 0.199174339518957
0.247913128705319 0.171276602655389 -0.0831651978574969 0.243124888715159
0.0378271025157289 0.347107519048698 -0.205720388814758 0.137567644276926
-0.191845020632677 0.34671771881178 -0.134138755001752 0.0471410124357068
-0.267866263760022 0.241211586003257 0.077455476053986 -0.0550371868193455
-0.107316055650856 0.304568441820728 0.24965756004677 -0.0662390628618523
0.0968366501848837 0.264726175635216 0.19282321106705 -0.286351831209071
0.230097321333049 0.0625893243864936 -0.0778381399820693 -0.284570721257117
0.187177757212942 -0.126858502496953 -0.18648971664773 -0.0969526730184647
0.055804519633146 -0.204256232059106 -0.140770028309537 0.0223257512292558
-0.0448187831715447 -0.170528040985024 -0.0661261037055034 0.0323996760785805
-0.0741698515210273 -0.143590970869496 -0.000722360938386621 -0.010053138577298
-0.0655282861995292 -0.151362224082362 0.0452456879356858 -0.0677832696920827
-0.0163435759653902 -0.212466121238242 0.130044421206603 -0.0884258301779426
0.111047241290861 -0.216533468189066 0.219349746275572 -0.0209269421305392
0.22642961374845 -0.0917072268086891 0.162238252612786 0.148398892292784
0.252360663553546 0.147340354285014 -0.0202732308193182 0.224158449995732
0.0421366138376126 0.337038270963003 -0.164903630804459 0.117643518768461
-0.191391538669838 0.323714128140278 -0.0539260520824877 -0.032519910780634
-0.266520402882374 0.181236448216942 0.190154868327842 -0.130061949292367
-0.151169517614997 0.274200533327675 0.295800385887276 -0.0903707311367699
0.0503614205296135 0.273619677289324 0.250884684982282 -0.255007530442697
0.21416888392627 0.090272815726382 0.024911620643473 -0.277177801503635
0.183676831805357 -0.102814126498501 -0.101881520571675 -0.166162911517714
0.0594213731734629 -0.188534371679449 -0.121282272777235 -0.069131442268732
-0.0412013992705116 -0.158733567309521 -0.0865583816057655 -0.0400863803183376
-0.0694680277080127 -0.124002661967066 -0.0274461938047864 -0.0650180209235699
-0.0631615723780961 -0.12631637947268 0.0159822508088107 -0.118030608355424
-0.0187052685308601 -0.177968518557743 0.110121453850406 -0.142639820238959
0.0909467330660747 -0.186751495920361 0.223204865951774 -0.0832430262356361
0.190811757275821 -0.0825248639048986 0.199410348365179 0.10308097826516
0.210058941947728 0.127618389823243 0.0217986424514583 0.193764065122785
0.0176151081487747 0.285196222484542 -0.127404005181788 0.0934365158625842
-0.17629641617543 0.253431823208217 0.0179507776600657 -0.101149585513624
-0.205000445071247 0.0953947317582548 0.277511760292369 -0.182437315032188
-0.148453400417907 0.187268231311733 0.327641207175235 -0.105140099229753
0.00797031888951108 0.210262897367832 0.277734551187968 -0.210685760955117
0.15076317603411 0.0821964749036692 0.104433202803537 -0.243463725554812
0.134996366279579 -0.0666898515513974 -0.0247136721455667 -0.206552280117476
0.0463197020099619 -0.138049338900519 -0.0976510505949304 -0.142239859613812
-0.0311624392361634 -0.118153352067633 -0.101557759653989 -0.101469728674114
-0.0537733375145283 -0.0866552206465916 -0.0493370205139701 -0.108922296748967
-0.0518892776567006 -0.0883138842436672 -0.00457268255809194 -0.155133418523782
-0.0170688890927897 -0.128238240020513 0.0967661795655537 -0.178268385524289
0.0686521789458195 -0.137074956263193 0.221375607410773 -0.119135193444298
0.14832148022647 -0.0563475364667512 0.217480687121385 0.0765451349211332
0.145929237178888 0.113677475835837 0.0470048675060151 0.169785086874997
-0.0189376428957215 0.214214441168302 -0.094706098471547 0.0722930459702515
-0.151488692577741 0.151859661839492 0.0787161465905201 -0.146084945603463
-0.101743848777097 -0.00309434223649689 0.31965680774623 -0.211442742943265
-0.0986272273887158 0.0705581512172835 0.332433358920939 -0.115669235902739
-0.0132034892356855 0.097393814225765 0.274804966068594 -0.179660085666957
0.062230254919222 0.0409688335741951 0.143574499806126 -0.217741517858132
0.0552809397586931 -0.0280050131520631 0.0153720359610065 -0.223859127869828
0.0197191425019832 -0.0643922578563683 -0.084400858783483 -0.182321618128297
-0.0178998172400318 -0.0554213227600279 -0.111215853013018 -0.137289225168381
-0.030562350997689 -0.0372543886988226 -0.0638290023498707 -0.135317865686032
-0.035097450168572 -0.0418171079118217 -0.0151890222163821 -0.176648535802864
-0.0170792295521921 -0.0692591836943026 0.0932511860957401 -0.197232695860078
0.040571426321295 -0.0814553440554573 0.221008016982494 -0.133554809501284
0.100837636175854 -0.0301137759698561 0.22764728305369 0.0688683903946887
0.080693462979712 0.0932476331133688 0.0599244023038552 0.159949518397246
-0.0487596670093675 0.12822645410492 -0.070479524535799 0.0608969330245987
-0.110281888544438 0.0368700234712444 0.124731986551068 -0.161317193680285
0.0486005444085702 0.058507612954335 -0.146389922176367 0.199635892355906
0.0365438328324618 -0.032824269816011 0.107863654718837 0.0153749647065096
-0.0227066430997984 -0.0368640707870861 -0.0335506802788505 -0.177515484058386
-0.0249101788955978 0.0177882931867494 -0.239691684967935 -0.107770176097501
0.0111875564469444 0.0149527871582699 -0.23844204690306 0.13223511968533
0.0116689159439755 0.00264167513251445 -0.0921118958847464 0.219667392370304
0.0117762922745865 -0.00648346280237403 0.00744054431559138 0.191005702463819
0.00192189895308315 -0.02017989963595 0.0702943000692996 0.145677636268814
-0.00130610823722651 -0.0235094019691025 0.102786843194993 0.132490740011558
0.00555288140718222 -0.0291462010426518 0.0947767185119257 0.162469180062832
0.0275322859155075 -0.0181848063436952 0.0018185664246521 0.208322557961441
0.0335591255506826 0.00806367315910391 -0.136279492262504 0.200808005289245
0.0339886916652902 0.0185119087630884 -0.234491134848115 0.15913061007751
0.0284308267728853 0.0536479491408848 -0.315410762573256 0.101497889803465
-0.00689182256364733 0.111405180113939 -0.314375601694584 0.191651904461818
-0.0276789015562955 0.149022614984882 -0.140945244598468 0.16555352363523
0.0336340600303265 0.0605463247508447 0.116423952584549 0.00786039326459159
0.0312879715876952 0.0164407862485103 -0.00939297345595791 -0.206485709244302
0.0344844960347263 0.0046287015122398 -0.239744291031781 -0.137118535813338
0.0489632022428104 -0.036260438881487 -0.250318274013205 0.109691539196095
0.0154320417660636 -0.0595542920785307 -0.106820011141856 0.206175200735459
-0.0100260146751695 -0.0566764732519476 -0.000489389562425679 0.177300627290637
-0.0242740606326879 -0.0698973312278682 0.0645671939273367 0.127506463981045
-0.0209028332700153 -0.0839478446251324 0.101888929914122 0.101016706910246
0.0139242648438785 -0.113454091175986 0.118418064595801 0.123631972008586
0.0923532979603119 -0.0855223956619134 0.0620530112178331 0.187337073632289
0.132450475289061 0.0146220624827926 -0.0816445277455607 0.217882658075871
0.0972639368942943 0.119471432309264 -0.203258431310156 0.192910533308858
-0.000898074726091724 0.185953949968024 -0.281644503833391 0.119598746082111
-0.101947339373136 0.214752489415752 -0.270314215233763 0.165522459275462
-0.116270238626017 0.216043191860834 -0.102073236707823 0.106411456158787
0.00873558488401138 0.161839835219297 0.144770047921216 -0.00776141796825487
0.0795719416702829 0.0931396206175775 0.0397973147973906 -0.243047464243592
0.107476268435962 0.00427309495807277 -0.218645656141758 -0.186598797696155
0.0944003053987737 -0.0847231726999781 -0.254614313757954 0.0608406841479286
0.0240090795381499 -0.120937691841236 -0.124336424105091 0.168988373916119
-0.0278425534354512 -0.104888226273931 -0.0171828352245954 0.145140590122701
-0.0471348004447573 -0.109642253856839 0.0485946218437968 0.0921534958492679
-0.0398934540787482 -0.126991680528822 0.0904508502928978 0.0510020360515507
0.00670774136456092 -0.176357184038416 0.135395348979249 0.0591034156884301
0.12180387211349 -0.154374515119687 0.131298563204382 0.132250087906959
0.202051271584193 -0.0197726073778723 0.0036132748436572 0.218899726229263
0.177409090396985 0.164457599005906 -0.146718831701437 0.223756284400708
0.0118640645109045 0.28426913304964 -0.239017277894296 0.132855965624108
-0.159156555794457 0.293086908837822 -0.202855260179137 0.116398588181338
-0.197268618792888 0.244675271048571 -0.027411819463769 0.0313831276670079
-0.0385809756890713 0.247611478951424 0.186438773238302 -0.0315958599285106
0.1052682123793 0.181936178663817 0.109276391695738 -0.270166225154739
0.178464527682413 0.0230546353253421 -0.162787676379587 -0.238448054693247
0.141822463735542 -0.117489689751379 -0.232666780393929 -0.0112576484945977
0.0358340079371409 -0.170980062977259 -0.135664944963229 0.105427988780471
-0.0398165253620489 -0.142079853682406 -0.0383796943443998 0.0943967648030518
-0.0637814676518399 -0.131494580191042 0.0257927585806731 0.0438427698302012
-0.055835814156058 -0.146102423750633 0.0680396038212829 -0.00782732629761077
-0.00891775244355986 -0.205417995763206 0.135077774527426 -0.0170088268779365
0.118172234919128 -0.199027508194417 0.18296678758311 0.0528293029164089
0.226628230357661 -0.0657472448396469 0.0906540581124301 0.188113870263765
0.23353594961788 0.159491941594077 -0.0779404328245028 0.231432570308163
0.0383201457946003 0.327199391371028 -0.194114937505581 0.130996369631859
-0.180164703318001 0.327300498860884 -0.125052444592192 0.0470145895055247
-0.248358029023632 0.228271228774498 0.0724120476798052 -0.0497768390926847
-0.0981642312260127 0.286830947702749 0.233863791090994 -0.0586536657105585
0.0919010315233819 0.249011254063675 0.181470522585569 -0.269768944539454
0.217878386840332 0.0579102892513494 -0.0732225424419954 -0.268795862248612
0.174720179129635 -0.122012884194268 -0.176741610999142 -0.0917461733445292
0.0488103815183688 -0.192813417509212 -0.133848921565346 0.0211913240910435
-0.0438355689494329 -0.159851356811523 -0.0618868516405079 0.0303909303510651
-0.0704928815705728 -0.133827258048707 -0.00127989341337668 -0.00926462842318406
-0.0627451658288411 -0.141492350615003 0.0397797615307127 -0.0642127683129686
-0.0184081875781812 -0.200448562458905 0.119757580913967 -0.0852936029765644
0.10071234517284 -0.205584887114123 0.205276462547666 -0.024633074921182
0.212908294439815 -0.0879799145225411 0.153466801031736 0.140085736956503
0.237227416707831 0.13688936956769 -0.0194823962987653 0.212965457984814
0.0431635555799162 0.314874713844075 -0.155189547960206 0.113173615294807
-0.178944376014476 0.307156889185709 -0.0501720023156924 -0.0292517880841318
-0.247142178221631 0.171513875594195 0.177852766843029 -0.121135620776904
-0.140759448787575 0.258940616129162 0.277587924022139 -0.0823975188430351
0.0479057356258817 0.257925765078084 0.235850698198741 -0.239764878474027
0.202903091216459 0.0836738157750746 0.0240244198446956 -0.262249658079352
0.171963055620176 -0.099250327806903 -0.0977183963407442 -0.157403047783675
0.0520840778354093 -0.178535265903642 -0.116345057343534 -0.0648658040003147
-0.0405632436751719 -0.14950037124405 -0.0821766343710366 -0.0381487467670015
-0.065540478081311 -0.115764355262179 -0.0270571100224804 -0.0615541265509889
-0.0603150804446705 -0.117789387708692 0.012585940520827 -0.110929167007108
-0.0197697201423216 -0.168041671562131 0.101174457589169 -0.135918554222411
0.0826240917950626 -0.176759471847414 0.208524319688617 -0.0829086389189982
0.178923531130243 -0.0788467908817914 0.187729947498368 0.0968200602081588
0.196893020165654 0.118876599230989 0.0193392962204353 0.184631187208463
0.0193196077912749 0.267384990325706 -0.119106923004355 0.0901840994270244
-0.164740232945456 0.239962543846954 0.0163994806851771 -0.0947966160108661
-0.190978498972787 0.0902842480357683 0.260869677866891 -0.172203265567677
-0.137608561726733 0.177520495844276 0.307148660408005 -0.098107486152155
0.00766286221730925 0.198009967580634 0.260525876099514 -0.199075331459674
0.142780748973212 0.0766231639895225 0.0990795983321867 -0.230257225074544
0.126569683507941 -0.0638646168403662 -0.0252357545316778 -0.195493792094594
0.0410674183285665 -0.130391948664426 -0.0950080646144092 -0.133531027586418
-0.0310632998204081 -0.110604206212204 -0.096891543403127 -0.0952776685374114
-0.0499636437687655 -0.080703648962352 -0.0473868769691806 -0.10256530772187
-0.0487145568635839 -0.0812886393949399 -0.00685036173499502 -0.145780570486729
-0.0171373696937665 -0.12066015059645 0.0885571607696892 -0.168639094706503
0.062934505903336 -0.130189799298134 0.206445352506824 -0.115468852322172
0.139363903495118 -0.0533473367287571 0.2049941523018 0.0707124257902792
0.137108417536277 0.105983460092139 0.0434805518763128 0.161685782409526
-0.0161396791873185 0.200244447652064 -0.088414282016159 0.0698757802188345
-0.141711916273191 0.143241279711966 0.0730665213171025 -0.138031070688213
-0.0942819983362861 -0.00257526453944335 0.299272584659187 -0.200141401851466
-0.0910290292537022 0.0676585807312937 0.312681315214913 -0.108781056788614
-0.0128689563321672 0.0917092205940514 0.258519836950343 -0.168872778697762
0.059033891856675 0.0379944120162723 0.135787394095076 -0.206065018257552
0.0516955658875813 -0.0266749748974596 0.0122540920565497 -0.212059549743965
0.0163571931547092 -0.0605114108991481 -0.0822884405192688 -0.171910893267395
-0.0177948999415971 -0.0519056649663621 -0.106214694708203 -0.128617708709925
-0.0275348753519182 -0.0345021530288334 -0.0609866558332232 -0.127878569701426
-0.0321631851435651 -0.0381566874645341 -0.0161070663600386 -0.166126305286081
-0.0163891192058549 -0.0645330091838635 0.0859086552172794 -0.186908750493168
0.0372261419710204 -0.0776214022361991 0.206419201058571 -0.129189580913878
0.0942501991218037 -0.0288241284328507 0.214907175709109 0.0641669646333992
0.0751265128559749 0.0879824283497014 0.0556019361273185 0.151262912836808
-0.0447743850919044 0.119856294313511 -0.0658283065176802 0.058457284521004
-0.104069456616343 0.0342607709797653 0.115348626782324 -0.153396563191048
0.0396223517079895 0.0612481341218156 -0.171639691421591 0.177340530501031
0.0392632432765868 -0.0264853385119072 0.105488598474569 0.0343884150717258
-0.0158068086463587 -0.0384289094110154 -0.00463192193699838 -0.176894138120776
-0.024782497515418 0.0117457966442495 -0.216372594811737 -0.136530449918351
0.007555339526285 0.0143460766672616 -0.247417303490692 0.0950484686737338
0.0122017558021267 0.00414193151247102 -0.120224641683053 0.201199037914309
0.0129241054152411 -0.00487185742666696 -0.018070513539012 0.187340789133741
0.00569213183821362 -0.0187341967151956 0.0451065365013382 0.151820188851776
0.00367534916825887 -0.0228610193229087 0.0796727507227645 0.144859723075394
0.0109737875659707 -0.0273207659353041 0.0657394391655514 0.170812023770811
0.0310600546708528 -0.0118870941481428 -0.0313047188160871 0.202339554368234
0.0342799291021033 0.015467072078072 -0.165492575580387 0.173899521947626
0.0291802606657005 0.0290613900614223 -0.25188854507435 0.114699925485122
0.0167182288979071 0.0603565384059764 -0.321370745946373 0.0451998368432863
-0.0238152289769409 0.109670171723379 -0.337279271457475 0.133811520790502
-0.0457475558311502 0.138422376203828 -0.164686299622541 0.137978669505293
0.0223848345889803 0.0626910375160124 0.111924148951073 0.0265847947564345
0.0277813727382688 0.0212530573831053 0.0185985745999354 -0.201067017548091
0.0339781791721217 0.00914245504486299 -0.214196242630908 -0.163200056084152
0.0513592934185454 -0.0288239669609778 -0.258092741076418 0.0736019991609916
0.0248913244094946 -0.0551222145583041 -0.131363932557687 0.18789706288763
-0.000240448319175887 -0.0565346674943672 -0.0234442101337941 0.173751164453424
-0.0122591699791858 -0.0713790055316451 0.0424778757047071 0.132727400526595
-0.00606257705839203 -0.0836053503010303 0.0820604040164279 0.114012653505068
0.0309094786170124 -0.106749874588435 0.0929597692263973 0.136725697969565
0.102678804658864 -0.0667504715970968 0.0285440888593399 0.189164392563712
0.128126585377362 0.0369365793971576 -0.116193215246382 0.199261789122588
0.0752759161429259 0.134709343683232 -0.226163392536899 0.150909146360631
-0.0309973221266734 0.181874237207663 -0.287625520791619 0.0674469770020095
-0.13140217206884 0.19346758279582 -0.288640897713361 0.117193725156819
-0.138863832522571 0.191384466723128 -0.121024662481062 0.0780634143967505
-0.015786997153534 0.15620094748365 0.136609628070663 0.0119203319630491
0.0630656705264659 0.101728978382817 0.0658601351275293 -0.230071023793771
0.103509554243927 0.0204957794801729 -0.18996650443435 -0.206298855545709
0.102406266423334 -0.0672317127766042 -0.256672760205152 0.0288980495130274
0.0413061248971286 -0.112838464719196 -0.141869432882718 0.151992114254689
-0.010599026590547 -0.105758809660588 -0.035941547724517 0.141388091691506
-0.0279922379393265 -0.112606615591151 0.03273975394863 0.0964242578177731
-0.0186573533170379 -0.128000052164891 0.0774688593034695 0.0634967419943869
0.0320870088895096 -0.168196123136969 0.117225302121143 0.0763709124498628
0.140863642570918 -0.128640868450111 0.103246399354864 0.145797569789418
0.200794840402106 0.0141195666514182 -0.0341085173822414 0.213178811898207
0.146764247576858 0.188756165854925 -0.17676011495744 0.189769589379556
-0.0333418219401629 0.276580467124347 -0.246615678418173 0.087409420345828
-0.199832640312356 0.259455772081811 -0.212874122221094 0.0805180313694031
-0.220256867785356 0.20970886428526 -0.0377532589753394 0.00807021384411287
-0.0739555429914553 0.232285631402504 0.177988212957902 -0.0093600156306045
0.0743738367686649 0.190163494522832 0.131079974634341 -0.248673670823425
0.167973690058597 0.049881260273064 -0.132557362511649 -0.247844894003034
0.152552204954026 -0.0909004480114501 -0.227282945200902 -0.0350024049605524
0.0594894536339689 -0.158629126907769 -0.143285705288947 0.0899664873010954
-0.0167628200120395 -0.144278643101769 -0.0501290163040565 0.0897353887353991
-0.0406526821026904 -0.136819444760261 0.0178009945292924 0.0456389635895709
-0.0310469368224822 -0.148460726180665 0.0641610103718572 0.0032734792938191
0.0220589936202759 -0.199274927439846 0.127645997089974 0.00340228927829541
0.143784170858676 -0.173512865531405 0.164506479673325 0.0762344862206716
0.231047113613575 -0.028295090462648 0.0548067153325862 0.197613244131055
0.201535353733757 0.190424181528486 -0.112122983088903 0.207921718949355
-0.0134582394652029 0.320336304565722 -0.201570926199511 0.0923051125331122
-0.225419646438979 0.28761433869134 -0.125461918185484 0.0249069944432422
-0.267705606228495 0.186768390096656 0.0719577286481181 -0.0605909048268192
-0.136531409692082 0.26182088143098 0.226947185587293 -0.0324651425014571
0.051311491575302 0.253350666169975 0.198514250980512 -0.240139200457748
0.200194241621869 0.089699324207662 -0.044405911216451 -0.265469102136746
0.184940320023896 -0.0899923383797316 -0.164397254259103 -0.10533769289125
0.0740195025328253 -0.177710470796138 -0.130175436427463 0.0100829447170161
-0.0185786716386592 -0.161706414126489 -0.0644872754149219 0.0244056698980768
-0.046140065707102 -0.14003075137576 -0.000455468082518057 -0.010377297792156
-0.0387043726475571 -0.145037168698861 0.0447995419368749 -0.0549685592280303
0.0115658359636817 -0.195618619677776 0.123439271338471 -0.0643704004375348
0.126767988705798 -0.182494406240675 0.197715681666865 0.00421914517457925
0.220278160245308 -0.052463730609736 0.122375210135094 0.160394304275198
0.208142408451153 0.168080271317068 -0.0535030790153908 0.200040593688444
-0.00703911072784848 0.309353987651012 -0.160656242985901 0.0821446462444085
-0.221821131392362 0.266870137776169 -0.0397613775245404 -0.037730198783146
-0.259632416579691 0.133283911712746 0.186693426511958 -0.114178153505071
-0.173084541288759 0.229838817582078 0.275349950712682 -0.0515451949226058
0.00743436766122637 0.256312792323255 0.24758466356748 -0.206347896140797
0.182024387721311 0.112901827027705 0.0480097734155644 -0.247743099296699
0.179616471930113 -0.0679521146545932 -0.080079319514215 -0.158639643670544
0.0746547531822608 -0.162674314364729 -0.102176655103012 -0.0716237721039911
-0.0172851544638893 -0.150418729594452 -0.0752993006538051 -0.0445091790563348
-0.0446142103406624 -0.121927531802253 -0.0172209761894449 -0.0638027915219238
-0.0400704531040023 -0.121510388790882 0.0260332370618459 -0.104698699706043
0.00498550249591565 -0.164866783960122 0.113893085191203 -0.116173235547618
0.105096523310285 -0.158460244535459 0.210923652249352 -0.0516627951418688
0.186063245632576 -0.0498469649200978 0.164104776880218 0.123465949048529
0.172103509614615 0.144755102735917 -0.0110094854760624 0.1791851890638
-0.0224775181459297 0.259393141634914 -0.123405648401519 0.0669758099172311
-0.197801321442448 0.203874045718507 0.0353060408932964 -0.0912299102046937
-0.195316299344842 0.0624673566744911 0.277187129254863 -0.147359196277983
-0.15807770272287 0.151631025172392 0.309379950095041 -0.0606662993035602
-0.022313164133643 0.192953581743635 0.269952521418764 -0.162561355374501
0.125487990005142 0.096638192889722 0.119005912849368 -0.208090584304404
0.131368846251943 -0.0415428326813478 -0.00352468336822275 -0.187820755020054
0.0561998132828317 -0.118420509910681 -0.0725713272045823 -0.138371040465306
-0.0147467817038601 -0.112357764992244 -0.0829145830682061 -0.10293543518523
-0.0352193947208955 -0.0859621002907 -0.0308806681319216 -0.106844342551634
-0.0345769347793823 -0.0850519081743978 0.0135528787354504 -0.141367977338036
0.000546640860993242 -0.118841627606661 0.108662468979347 -0.150069067625238
0.078989173202482 -0.117052062835066 0.215041911062656 -0.0823559609398867
0.143545847255015 -0.0323712057422169 0.185733557172239 0.100714595986525
0.116438639095508 0.12310792843824 0.0157926860733131 0.161447864810335
-0.0451339992547668 0.190131741708497 -0.0905854226451844 0.0533693635706775
-0.160726611722368 0.11314699185541 0.0959706757674699 -0.123386162032165
-0.0904353312989946 -0.0137642664483935 0.321143923048592 -0.160103443833583
-0.0965585944570702 0.052548253049634 0.318917106812155 -0.0670395619987599
-0.026402820251698 0.0870810538829018 0.270302768328877 -0.131023579451042
0.0507257134721366 0.0464447222670111 0.155477850311565 -0.180222576063901
0.0546517537045384 -0.0175528588580395 0.0382483724328185 -0.20100331214862
0.0231844246269019 -0.0544318374779676 -0.0564940997871225 -0.176801023789812
-0.0105876469832604 -0.0535088835618236 -0.0873908675084483 -0.138254859617913
-0.0210474624330074 -0.0374717702886058 -0.0399112718933878 -0.132804148246209
-0.025982425367033 -0.0411619729305315 0.00798081201204054 -0.162710495055281
-0.0066492519968953 -0.0651349415499265 0.108767005100192 -0.168041105371629
0.0470481608424773 -0.0709056071087697 0.217342754354985 -0.0941305375989557
0.0967894864702849 -0.0158317734479857 0.197084647576567 0.0961235869427774
0.0608562437215946 0.0960145553166871 0.0292205088908362 0.154487499162444
-0.0607058544798282 0.107975304311957 -0.0688308683766136 0.0462005722807643
-0.106971817440708 0.0147406616047776 0.137852041826441 -0.131219864786086
0.039970212432612 0.0610651718020078 -0.169989980365662 0.181915507659759
0.0384486466768813 -0.0273852551520767 0.109802113973378 0.0361383351413605
-0.0153584939118287 -0.0377506646450139 -0.00290261004852959 -0.178489620582178
-0.0247692747758143 0.0111968391155517 -0.220001841289725 -0.137916817985975
0.0076399132810365 0.013198007920789 -0.249822723117221 0.0959218574484558
0.0126650194345273 0.00423333460265355 -0.119083376545044 0.20395831752026
0.0129025749911272 -0.00511761271626517 -0.017152366466937 0.190163505723255
0.00508253548421958 -0.0197882424927928 0.0462282640233372 0.154378224905558
0.00318506160155883 -0.0233867615950843 0.0818363876167601 0.146727794472957
0.0106829781518546 -0.0278210551593558 0.066866239527362 0.172578453005834
0.0318982961943391 -0.0122464777519095 -0.0320953449655923 0.204889303915383
0.035045199935359 0.0154440364203435 -0.168086735471533 0.177303191538756
0.0288928817696833 0.0297328472055513 -0.253482156778703 0.113346861262096
0.0152981427907948 0.061361036284487 -0.325190352559082 0.0436568880126991
-0.0240460930806347 0.110310651637294 -0.33979413010265 0.135634797111822
-0.04483858697487 0.138508898613257 -0.163943868885723 0.142176651115389
0.0218515492788586 0.0629249534207065 0.11537993133382 0.0291672014528456
0.0281623538896143 0.0214747755762966 0.0197642938244803 -0.203242338689384
0.0347191603408118 0.009176334370472 -0.21712904315473 -0.165371424462826
0.0512784673433907 -0.0303859419237581 -0.259648761568876 0.0746018100959824
0.0243257600980947 -0.055595883272169 -0.130420363794505 0.190650472427813
-0.001074839198304 -0.0577029580404384 -0.0227135209079693 0.175926990967134
-0.0128678672738367 -0.0725324522871516 0.0430230694512198 0.134869128235945
-0.00658417895353665 -0.0851906167981129 0.0824449997053343 0.116044202342977
0.0301170918215357 -0.108607912780987 0.0935435357512434 0.137297631764825
0.10344163111417 -0.0681095345562419 0.0283958130989601 0.190281294965557
0.130042862041252 0.0365825756018785 -0.118005547985564 0.202140584622186
0.0753939194313037 0.136322980173865 -0.228766082770585 0.15158197948368
-0.0329237153703378 0.183539587791221 -0.291740901416781 0.0672068099305881
-0.133147077643584 0.19603165083557 -0.290390714890403 0.119236877952085
-0.138224288368632 0.192194777640254 -0.119974048733937 0.0820702204069288
-0.015906216718852 0.157375397084842 0.140500003842568 0.0159465463415717
0.0634979542601287 0.102637737459795 0.0679707762249488 -0.232500913636929
0.1048460110854 0.0198139307569342 -0.191505526725249 -0.208898993413432
0.102301202190508 -0.070217427435685 -0.258275337935357 0.0288650640906962
0.0402432551562971 -0.114253840913407 -0.142738499728354 0.153922464708308
-0.0114925007755098 -0.10699675664401 -0.0352328102802327 0.142867288103925
-0.0288609739304771 -0.113883562824745 0.0328502164276031 0.0972649792992389
-0.019216536242078 -0.129196587703814 0.0772708320457112 0.0648644085622095
0.0307567935307264 -0.170718204590377 0.117787363695657 0.0763032204890814
0.140656926162957 -0.131285883258334 0.10322590362964 0.144459055714001
0.203410577166285 0.0122624612788858 -0.0349928805610614 0.216428038598479
0.147206737095195 0.190222297894431 -0.178480591245343 0.192867690739916
-0.0335871460142762 0.27899757670475 -0.249352270480321 0.0883729369124098
-0.202057611913052 0.263155370455191 -0.213178952134954 0.0824066891969047
-0.220909537296455 0.210155947547856 -0.0374575797486005 0.0114953133102901
-0.0745283904927382 0.233199059432257 0.180745428081936 -0.00411103850476826
0.0748800168830777 0.192238432613518 0.133553124249342 -0.250727621949965
0.169969823382031 0.0495230868521364 -0.132687701970891 -0.250949036408191
0.152768290583616 -0.094008968746316 -0.229697569218083 -0.0354350176603987
0.0576575009768098 -0.16037891849289 -0.144781102151522 0.0914528661320067
-0.0182799771449012 -0.145402240140044 -0.049886197528562 0.0904561632928439
-0.0410966675754242 -0.137752565602099 0.0173054430547878 0.0466805776950077
-0.0322574530098457 -0.149548125806158 0.0632276851691162 0.00424133469532098
0.0192399682756595 -0.201489802645825 0.127401560714618 0.00269291276094402
0.142546888793938 -0.176473951237391 0.164509281468939 0.0734290113723643
0.233566925759953 -0.0302832204977552 0.0546221630979526 0.20062854027631
0.202554373864098 0.191872216814222 -0.113966081283278 0.211147399007765
-0.0137926232222542 0.322131075247714 -0.203607882363735 0.0946360330210902
-0.227442604190316 0.292760903658779 -0.124705568819358 0.0263744537905199
-0.268954349323395 0.187835315731036 0.0729616719517344 -0.0580770098284565
-0.137180444167844 0.263664565367555 0.229339841067275 -0.0274874852002599
0.0509501996552061 0.256752258428358 0.201142591045337 -0.2415978402637
0.202844852363215 0.0895718141273366 -0.0439199750993507 -0.269027758935319
0.185971193608752 -0.0927651539626197 -0.166046971458451 -0.106088290862314
0.0715929526162991 -0.179773057913599 -0.132157384470804 0.010696306397164
-0.020929451615071 -0.163232821155505 -0.0646867903422768 0.0248881023531375
-0.0466388972131629 -0.14095614102752 -0.000602116783544873 -0.0103294798306328
-0.0398384949131532 -0.145769186540985 0.0434887109807071 -0.0547659654402127
0.00913607208667848 -0.198471188297031 0.12252922206239 -0.0658195206881006
0.125721124027177 -0.185571351381379 0.198076584864951 0.000476911204327324
0.222196685663011 -0.0546329486526102 0.123261492653981 0.163107842404614
0.209816888909354 0.16903019068269 -0.0550191890609868 0.20386650554641
-0.00677660683448278 0.312000162604553 -0.16229692015232 0.0847447413085912
-0.223274810138369 0.272030578331842 -0.0388476516462156 -0.0372264780058901
-0.260670570063734 0.133801696584313 0.187829328230823 -0.113452847807679
-0.172857202985131 0.231096111536614 0.277100453474369 -0.0468412948379391
0.00723543623676335 0.259066092829011 0.250352805091633 -0.206316942312407
0.184282158120836 0.113128363451031 0.0499956273980387 -0.250271354450148
0.180858976888506 -0.0703008742804097 -0.0814947365198936 -0.160135388931221
0.0721570427883602 -0.164703054033993 -0.104704464035213 -0.071824759072728
-0.0187594009328097 -0.151679229198437 -0.0770084773984627 -0.0453037465520571
-0.0443720652777218 -0.123051264674924 -0.0185631300190942 -0.0646849911451433
-0.0402027362463998 -0.12162878329018 0.0249172876550771 -0.104826794513495
0.00302787742717323 -0.166859169776511 0.113231711589878 -0.118289615016717
0.103589719950725 -0.161204025726339 0.210392111013887 -0.054872704932447
0.187068267380892 -0.0514643139010926 0.165159614681253 0.125001574468557
0.173069560643267 0.145491749513987 -0.0120310461886034 0.183736445031519
-0.0211791771608389 0.261151596710808 -0.123138898645869 0.0687577375645297
-0.199932002606082 0.207051671413369 0.0355467554497291 -0.0924532138253107
-0.195308467291203 0.0622862854391681 0.279036528139669 -0.147063215591116
-0.157504711689521 0.153460533956551 0.311627382753481 -0.058053705489638
-0.0228717178533953 0.195014624568871 0.272424237552526 -0.163007178884918
0.12745052491064 0.0971551605822046 0.121393085303809 -0.209939746744848
0.132723066730587 -0.0434388348682048 -0.0034267711720602 -0.189347431540837
0.0542650619787992 -0.119277372428623 -0.0753974988358481 -0.138725808426815
-0.0161797984813052 -0.113717212038917 -0.0844681183499414 -0.103526083911341
-0.034978318988414 -0.0865548652852792 -0.0322879765482494 -0.108791080541152
-0.0343707000037867 -0.0849118871345869 0.0117470652706152 -0.142211659845465
-0.000880035907231273 -0.120497485913442 0.107535800354095 -0.15202779880173
0.0780162967536845 -0.119168418481191 0.21529464442704 -0.0861991849823557
0.144322457312263 -0.0333583905496307 0.18727428685247 0.102016727104701
0.117224558572998 0.124618830011888 0.0142605743961238 0.166051147009208
-0.0455989312401305 0.190602631722612 -0.0910806851116871 0.054301246733113
-0.162252726568305 0.11521460372125 0.0958939580617923 -0.124739641077547
-0.0901023422347365 -0.0142802181475208 0.324040863970318 -0.161252927420709
-0.0956912741210146 0.0528810996577655 0.320918915658831 -0.0660943462503798
-0.0267953453923071 0.087962763184326 0.273296623115321 -0.130872646204274
0.0516963903558899 0.0463562705918919 0.157731137447127 -0.182119475064031
0.055076274148523 -0.0181635897752135 0.0384222566425816 -0.202717841024578
0.0214478989656603 -0.0548199756233064 -0.0595174304391785 -0.178458497411586
-0.0113377636246571 -0.0541125168671764 -0.0901011461067779 -0.139074460316062
-0.02025218350627 -0.0378743026184777 -0.0416890127897406 -0.135235746549861
-0.0252394978959729 -0.0407385876622284 0.00647575640920664 -0.16409840013017
-0.00682809774375106 -0.0651129454905777 0.109440111248891 -0.170096395508291
0.045969409241192 -0.0717912145199668 0.218393961284138 -0.0969959696328743
0.0971696195992989 -0.0166566775476037 0.199353423530069 0.0969093634653075
0.0609385909736246 0.0971625038724568 0.0274320066882151 0.157666383783393
-0.0606425237186555 0.108035177974002 -0.0690665665941878 0.0465150665930006
-0.10772095143634 0.0148745985959721 0.137078695111415 -0.132926469061971
0.04282721560735 0.0597350036660575 -0.163310350161436 0.19265472866671
0.0376104600952151 -0.0289082288168253 0.116151983145393 0.0331919345749864
-0.0165192012579233 -0.0381273978303087 -0.0079624996341783 -0.181918786710611
-0.0247909990270816 0.0121862502953633 -0.22972620987715 -0.131720889237662
0.00806112307022552 0.0121376574427409 -0.251034497824433 0.106650872371358
0.0140152839207914 0.00385075218747669 -0.111387101699231 0.211923920668595
0.0128294301225002 -0.00630474641605056 -0.00918120799782123 0.195258644261828
0.00397560469560709 -0.0212896501881449 0.0537077393476984 0.155938177353287
0.00196998003419324 -0.024586291559586 0.0891939099622673 0.147503869129546
0.00887027731998642 -0.0291117525328862 0.0740197236328397 0.17344753717021
0.0325406874917585 -0.0139274319532234 -0.0254803048370281 0.210367433142008
0.0367386286257236 0.0134450901074601 -0.164974907081406 0.186409003969737
0.0297357908233827 0.0298725609748532 -0.254854359843978 0.122261098929486
0.0165136995981166 0.0626235684013209 -0.331453495694693 0.054124345603283
-0.0208049026109879 0.113243231545422 -0.340138552126456 0.150546496413664
-0.0403918491306514 0.141433679299794 -0.158742962347741 0.15311899010523
0.0244239085217022 0.0627545292903054 0.122281140247773 0.0283798599792611
0.0294541028599743 0.0211240806651859 0.0153224556567518 -0.207351309216512
0.03565190729207 0.00742659544582577 -0.227411435491491 -0.16036569952402
0.050086919865181 -0.0347288222549399 -0.261471779401333 0.0853510674493575
0.0223317850425904 -0.0576812813326992 -0.124045113644322 0.199022658341112
-0.00372592081963713 -0.0584806325704045 -0.0158549415053425 0.180341116684988
-0.0162623842205683 -0.0738963810927331 0.0489812311504573 0.136585290732419
-0.0112468997085037 -0.0870944628623294 0.0884636980845663 0.116163747765727
0.0246111519936397 -0.112242775238062 0.100035586208224 0.136065040471587
0.102608155766298 -0.0746556303916901 0.0350892938664663 0.192522224695298
0.13476934893342 0.0313033657168477 -0.113126461616089 0.210936660103182
0.0812819480872797 0.137099883951075 -0.22758136631882 0.162593446462955
-0.0278589027295472 0.188418078433405 -0.296191664013923 0.0787926587379868
-0.129132609567564 0.205061163338358 -0.28964406010365 0.132802106348779
-0.132911179310439 0.199044267915035 -0.116434312867774 0.091290887691348
-0.0107939178095409 0.160015658921466 0.147099863707105 0.0148454611139475
0.0681283956361295 0.102117051876845 0.0626247019478493 -0.238931052295575
0.107509519978259 0.0163082296908785 -0.201695482990236 -0.205825155190288
0.10000609589652 -0.076774749958524 -0.261790093975462 0.039000761840446
0.0348158272666153 -0.117689283890761 -0.137936800034914 0.162586143554962
-0.0167016166520411 -0.107994275441125 -0.0304469544715565 0.146365757897142
-0.0340654974835349 -0.114937545149668 0.0368952270902769 0.0983927782782869
-0.0259445032075401 -0.131560640126629 0.0805335411754568 0.064121309587467
0.0218998138835721 -0.17547554714848 0.121677332239443 0.073107367287701
0.137254642623743 -0.140253689060158 0.109206395813989 0.141878390318074
0.207925404705672 0.00369514501834104 -0.0278037750561991 0.22312768841782
0.156475350770841 0.189050299291844 -0.175680977060463 0.203950845596572
-0.0250182579430376 0.285421135796438 -0.250253705846847 0.0991253446336063
-0.195573023843208 0.277416716008904 -0.21260917470261 0.0922372353034514
-0.215636080580157 0.220445191902416 -0.03578174945417 0.0165506963510635
-0.0667026088024847 0.239977162446091 0.186458743374655 -0.00631625545839299
0.0829836612978398 0.193192207561183 0.127863159336563 -0.259110846876346
0.175158199920102 0.0432402078483038 -0.143661036033406 -0.251202528125945
0.150270028870789 -0.103406350993288 -0.234677572828284 -0.0279112248579851
0.0493989801201537 -0.165379197216185 -0.143160476525826 0.0991600082509532
-0.0253041502371154 -0.146683454865468 -0.0473905466994564 0.0933606414843786
-0.0475160197874205 -0.139073712946673 0.0189248298045561 0.0473915320953883
-0.039836371670688 -0.151242259834173 0.0633756315426828 0.00289003612814265
0.00936525015753097 -0.206863709095883 0.128494549760649 -0.0027401922861367
0.136597382799612 -0.186547584370661 0.168809965320064 0.0658166514810408
0.23570136618502 -0.0408300209119073 0.0627612026781963 0.202679031834621
0.212189051583005 0.187737973960495 -0.108458697493575 0.222355280165148
-0.00212917442799207 0.329256242543411 -0.203190378940402 0.104400408048907
-0.220129806351436 0.308047841405152 -0.124126171131673 0.0321912101433383
-0.264228766324515 0.199177396772596 0.0720813603048911 -0.0589902650819454
-0.12838476482945 0.272367228280027 0.23408075671824 -0.0314159111278104
0.0611374714438067 0.260398464628612 0.196776184151573 -0.253047452788437
0.209987630265837 0.0825408207014025 -0.0533030800056933 -0.272522614859755
0.184549204502377 -0.103497980670544 -0.17278026433791 -0.102256031945969
0.0634949070844658 -0.185623463117649 -0.134063792522747 0.0166770129736548
-0.028633681113571 -0.164324736924568 -0.0652868355881631 0.027171212539753
-0.0526911172813098 -0.142021292647212 -0.00148353855254724 -0.0104388077162074
-0.0464200093663033 -0.14606416678399 0.0409118138877848 -0.0556849932528976
-0.000391033797617343 -0.202721220919686 0.120653927696398 -0.072100062442055
0.118882591958438 -0.194800819128951 0.199133405064721 -0.00974246702799117
0.223380241088536 -0.0656471981302762 0.131494351436702 0.162040561731905
0.218504294459795 0.163992318427475 -0.0482994013744293 0.212874363435798
0.00548900632366726 0.316610058037666 -0.160171552922058 0.0933055627646668
-0.21677226581414 0.287054949483742 -0.039941460369078 -0.0361533247308623
-0.25888352010247 0.144030596167318 0.186708900178794 -0.120347335429125
-0.166135509009865 0.241531271803776 0.280733630282716 -0.0529010611644261
0.0170909460690752 0.264850403534818 0.247926005140331 -0.21928175340339
0.192810299430109 0.107462420861257 0.043136199360798 -0.256395923990751
0.180838775158729 -0.0802791418960209 -0.088404968406236 -0.159705551258315
0.0647853136340912 -0.1698550996267 -0.110257158414364 -0.0684421811069845
-0.0269248517111559 -0.153874793194798 -0.0802798949448019 -0.042777349131028
-0.0488215828196778 -0.123372857576778 -0.0219320473969735 -0.0654996493299064
-0.0449228080020906 -0.121651856783565 0.019355622607713 -0.106217231626301
-0.00487500421927194 -0.170882285275246 0.109159723753126 -0.124866573771207
0.0977147271407766 -0.168990889694699 0.2098132246519 -0.0670633977649907
0.188240497198476 -0.0602787124542786 0.172303339427534 0.121810368582649
0.180441353983074 0.142261949912009 -0.00626236690668775 0.190467350672086
-0.0115320096490081 0.266847029435065 -0.121939711636927 0.075283864177034
-0.194900826472067 0.219636883716234 0.0329862624043438 -0.0948523927558337
-0.195166550092109 0.0699091779922958 0.277694076472916 -0.158047460160412
-0.153359595860538 0.160944664263999 0.314356320766247 -0.0665955991836864
-0.016079123776398 0.200766552623716 0.271622332713727 -0.173979231690318
0.133635044876837 0.0932777596030826 0.116820730019946 -0.218668341103409
0.133245208785803 -0.0500794513165701 -0.00996469371477861 -0.192676070262003
0.0484884457961608 -0.122743990084173 -0.0831012225779213 -0.138023058996365
-0.0219391383906743 -0.115189585829211 -0.0909255422527391 -0.101967454214784
-0.0375159531278695 -0.0868460937182708 -0.0378256813076246 -0.109924445847784
-0.0374902590147029 -0.0841492602708239 0.00497369634066058 -0.144626594883485
-0.00599748532886337 -0.122657059269049 0.102363099443864 -0.159658799603958
0.0733736797568968 -0.125205211978216 0.213320578800033 -0.0980175286153892
0.145186799105869 -0.0404696640600076 0.193896277654296 0.0972806039919393
0.123141924259863 0.122841940462081 0.0207921032507175 0.170628888157523
-0.038285162127461 0.195206750868995 -0.0894498514435944 0.0593261607038201
-0.160004582232956 0.12410580876654 0.091880353281934 -0.130820940709596
-0.0908683790392957 -0.0114916603348798 0.323060707096975 -0.174522725680706
-0.0932447496298063 0.0569220270993736 0.322548545820013 -0.0766731624183112
-0.0245329534320765 0.0914439409337777 0.272689217396216 -0.142793884993108
0.0550059109017784 0.0447188732886056 0.155666735797673 -0.191055620114675
0.0553411473595777 -0.0208592501581469 0.0321956446847204 -0.207860311986401
0.0178118649323298 -0.0556258686095521 -0.0687412547654473 -0.178679562788209
-0.0145596347985111 -0.0541529071432331 -0.0985840743577087 -0.138319931386549
-0.0206916734376225 -0.0378310404345897 -0.0482635949601444 -0.13699183500687
-0.025731700262986 -0.0392186189057314 -0.00064576083760134 -0.166920435138605
-0.00951460397518856 -0.0658993240369963 0.102783025266315 -0.178170270958066
0.0435327707206049 -0.0749669938572629 0.217173508215338 -0.108485402312472
0.0972982447805743 -0.0212451535571033 0.206124213743376 0.0914856865324856
0.0658572027692192 0.0976165976390582 0.0330813067698585 0.16141725611668
-0.0567993471093001 0.111771340830786 -0.0679351382579034 0.04975466144607
-0.108905248010986 0.0191444568659348 0.132392102146218 -0.141167004099342
0.045319218346082 0.0558007807474985 -0.14671622552641 0.202281689028712
0.0350323272814947 -0.031186814405159 0.121111526469847 0.0265245278204552
-0.0182398547482295 -0.0373064992680337 -0.016559621592569 -0.179598886315187
-0.0233825107264201 0.0132603260256596 -0.237068757997164 -0.11675218490796
0.00822596173895549 0.0106911482847817 -0.243131531718405 0.121974230555713
0.0147469817072331 0.00262213164186099 -0.0961194056148394 0.216892804807542
0.0126366660932084 -0.00719442601425516 0.00425019890454379 0.195357957593217
0.00198192313193533 -0.0220591173858462 0.0638282125705239 0.152916170489949
-0.000615199808238454 -0.0247846112690845 0.099278701163304 0.140753200124237
0.00678252515743842 -0.0298234489983034 0.0848447548317874 0.167277121086039
0.031946531574699 -0.016309403750918 -0.0129395768793696 0.212380658376582
0.0374630265345433 0.0111125593998845 -0.152700285152165 0.196087329543466
0.03088740837362 0.0288072929115391 -0.245576185471988 0.135611174801891
0.0186440684631659 0.0619936655205083 -0.325915016936147 0.0731409183258659
-0.0139470957514847 0.113355021271101 -0.327512988742348 0.168932229456173
-0.0315547273018314 0.141256769928694 -0.144302654951581 0.163961751361838
0.0275542530319613 0.0602099453956851 0.127025834752898 0.0221511408329011
0.0302172356682577 0.0188216363150087 0.00397742397583859 -0.206778788371974
0.0359332103438217 0.00476505561232159 -0.235960175244447 -0.14507761198457
0.0463938318913621 -0.0387242732176171 -0.254397437385014 0.100924694124642
0.0184506982739973 -0.0588067052621686 -0.109930013633202 0.205240310885892
-0.00729505592026151 -0.0577339006045434 -0.00385393344993277 0.180603519997151
-0.0212019971025608 -0.0725946138429732 0.0580017879341574 0.13357116750569
-0.017291299409162 -0.085878615361893 0.0963030043060922 0.11015621250697
0.0158025465576243 -0.113433588462382 0.107030887884215 0.128907565114826
0.0970097064496671 -0.0810682974530342 0.0459994734906314 0.189070750826024
0.135627384471897 0.0224814030065427 -0.0996347339930281 0.217301104807556
0.0882579284710624 0.131987365541202 -0.215406727767141 0.174499432605252
-0.0170279207513748 0.189683787676632 -0.289232517481808 0.0953547113294952
-0.115125999848424 0.212230160211541 -0.277776972792445 0.149844014776895
-0.11939574334701 0.203154159726433 -0.107531032224897 0.100184137177687
-0.00137719763606942 0.158793628244789 0.150492631588729 0.00820610902032156
0.0730835427064229 0.0972338526640278 0.0491254448001108 -0.241265010168027
0.107676432116274 0.00885451663162065 -0.212411406961671 -0.192253196366348
0.0928311644928288 -0.0837959834691935 -0.257085537683383 0.0545935467146554
0.0257363290449122 -0.119254192418544 -0.125361464816721 0.169546551230305
-0.0239367137070638 -0.106032289572627 -0.020553119127554 0.146910560568574
-0.041328337804047 -0.112895689277901 0.0424890162828975 0.0962930887754868
-0.0349319957140406 -0.129337371679332 0.0836512255033059 0.0598366103763386
0.00898671625319565 -0.176277661057837 0.124276963576393 0.0648470573270367
0.126638064746112 -0.148719501722447 0.114864557744442 0.13296839668684
0.206445106301712 -0.0101841513775169 -0.0147180789366162 0.224644347622159
0.166211909811458 0.178939347897568 -0.161551435523088 0.2137499849795
-0.00843743457316546 0.285451412375911 -0.242737710826579 0.11288024815435
-0.176161196424338 0.288372344177132 -0.202948726370297 0.105254879222168
-0.19992934740859 0.229870215492122 -0.0330841747095668 0.0213684665839352
-0.0513878634063068 0.240610062845086 0.187615514331591 -0.0133695781882176
0.0934569675744627 0.186832643729023 0.112743547137279 -0.265085533808764
0.176765029151774 0.0313508761002049 -0.156617146664713 -0.241185340969149
0.141228720268116 -0.113474106613167 -0.233868873516479 -0.0134241890911896
0.0371627695364634 -0.167080174346835 -0.135258889914394 0.107887890280109
-0.0355008033137423 -0.143226032129317 -0.0408171275638916 0.0950882291050184
-0.0555293835226106 -0.13502827049315 0.021257451485236 0.046035271443203
-0.0492960423256934 -0.147176164742016 0.0619308643977474 0.000340686150142337
-0.00581675295012893 -0.206445792260129 0.125639659019785 -0.0105829125004023
0.122961430062654 -0.194853437060693 0.168686790450827 0.0536259990237359
0.231198194462292 -0.0565263316601901 0.0751312872370416 0.198782129530257
0.22146715929922 0.173975560529806 -0.0937834499002923 0.228977867657097
0.0177473783069547 0.326660883793295 -0.194677870329945 0.116042634882366
-0.198274562514811 0.320867574696242 -0.119066541208151 0.0396463517047086
-0.249825824417785 0.212138398771022 0.0689347726685625 -0.0601904896815057
-0.10985605625875 0.277317445790352 0.232474815636301 -0.0410270468004768
0.0764588135265219 0.254759029590613 0.181467258008558 -0.261844301952672
0.213911120334228 0.0677779516692039 -0.0681575737580349 -0.267497849622748
0.17524664249756 -0.115374971929734 -0.176841242431548 -0.0905657595207757
0.0489104524462254 -0.187511653209918 -0.13195950375808 0.0258047484436043
-0.0398748106564718 -0.16082003494455 -0.0633237133336267 0.0306454184694665
-0.0605018307243657 -0.137671256505581 -0.00321346219705054 -0.0103188258455366
-0.0552149986460541 -0.142555571202926 0.0359300145046235 -0.0566669946719954
-0.0162088710959063 -0.201402790561263 0.114128273135002 -0.0792720869966084
0.104241797302742 -0.202048051397615 0.193799804661692 -0.0244059751183955
0.216590005786083 -0.0802047266851808 0.140555409225088 0.153687006720735
0.22644138317741 0.150403030228719 -0.0338797604050275 0.216468782824759
0.0251875183972613 0.314819969645969 -0.151398067123325 0.102577688894678
-0.195866583887491 0.299959272123813 -0.0396250351395072 -0.0332111328798059
-0.24736802315849 0.157948903306771 0.178484652135735 -0.128027415234564
-0.149199491087054 0.248459948307849 0.276067316566728 -0.0661509358920647
0.0336471738004255 0.263156686784213 0.233057870486004 -0.230621978358549
0.198001486333648 0.0936034242985344 0.0285951830350152 -0.25732099776712
0.173574022810432 -0.0924069451656485 -0.0962485246432017 -0.153816371900794
0.0511126187255607 -0.171618575972688 -0.114005230088471 -0.0605623304618839
-0.0374739997804486 -0.149988507363535 -0.0834016077685682 -0.0377035203356137
-0.0553273297747678 -0.119828017147401 -0.0268640468080307 -0.0640103993283899
-0.0519288194856668 -0.117693646528224 0.0117739685829309 -0.105735058858316
-0.0171611612038962 -0.168920732860017 0.0988841521499145 -0.131021529124113
0.0845730557163755 -0.174871341334695 0.20149855505425 -0.0809113374468714
0.182027780512802 -0.0727360372397145 0.178533941664671 0.111542782303451
0.187098617862947 0.130276875975535 0.00677969641689248 0.191528434796828
0.00515415471267986 0.264429622309262 -0.114316176348298 0.082313064379248
-0.178158784012525 0.231081872280261 0.0278317707677298 -0.0960900935367767
-0.188599099590454 0.0799893132923187 0.265765970256759 -0.171936282232684
-0.140634768179023 0.168723817078821 0.308490451476061 -0.0820710238288797
-0.00305875599563668 0.20162195591815 0.258901844733384 -0.188441313282965
0.138756806612272 0.082966308136338 0.104843979833161 -0.223499147384684
0.128539066216466 -0.0593375387335767 -0.0205783769749646 -0.191005612715972
0.0387791819066298 -0.12428556686248 -0.0916118830143644 -0.131159120684172
-0.0300026621896635 -0.111386132599853 -0.0977890389772545 -0.0954441178209894
-0.0421378443940031 -0.0846880962738295 -0.0459579214080533 -0.107636771551355
-0.0412960830628995 -0.0807466255973561 -0.00502837209264068 -0.142584786282047
-0.0149959026297126 -0.121198892147242 0.0897966684980198 -0.165056399122686
0.0638099819405042 -0.129214748712876 0.202746758460511 -0.111879191783546
0.141121270101804 -0.0498156364293296 0.197917578268962 0.0851615952736854
0.129639165177378 0.115384904055969 0.0307970728366103 0.170073414245621
-0.0257250681472631 0.195555182711493 -0.0838436557178837 0.0634856102105484
-0.150691264117795 0.133955585152881 0.0824988142194218 -0.13578245246643
-0.0897899065558238 -0.00675026063592887 0.30914068779466 -0.191897489890602
-0.0870978613584633 0.0612962302166776 0.315395614772527 -0.093311724367636
-0.0178735606971099 0.0930241601785423 0.262207237212224 -0.15630906223126
0.056662941098377 0.0406390043554074 0.144336631152347 -0.198582996571832
0.0535100964460261 -0.0252388413511915 0.020027910781873 -0.209326751319873
0.0131610154345362 -0.0555132598064269 -0.0805693822722475 -0.172748624570698
-0.0187480780742111 -0.0517269868608095 -0.10744264035338 -0.130770239089762
-0.0220717999519077 -0.0366123948644945 -0.0585644140349036 -0.133655633237984
-0.0272105122383214 -0.036387750475557 -0.0123809505537134 -0.164965156222399
-0.013805162977481 -0.0639373206933276 0.0897325539695571 -0.183802540113246
0.0375531734274932 -0.0778631574823808 0.20700501840866 -0.12232822059627
0.0948294015124153 -0.0272775550420878 0.210052024182172 0.0780478778478985
0.0713037350749877 0.0928214853139888 0.042313685873239 0.16045513285932
-0.0490882952036968 0.113791837750195 -0.0642322161986862 0.0529852844433585
-0.106566086827982 0.0264316908532934 0.120621394976243 -0.147857699563225
0.0454930233911799 0.049867495528354 -0.125847490306913 0.201847911031684
0.0312667518654817 -0.0321327194929332 0.12033034516951 0.017868682175946
-0.0198064753602877 -0.0347270579773 -0.0234951251740294 -0.171931544859702
-0.0220663584854409 0.014022796783789 -0.234101193333426 -0.0986626915964912
0.008067556856802 0.00938388499638622 -0.226184976632684 0.13033031098394
0.0146592824167396 0.000810557529986251 -0.0787748843187197 0.212961071470199
0.0120058122407529 -0.00801307302478063 0.0163250168432064 0.187710351127639
0.000388498948563341 -0.0217004841668807 0.0706681623969501 0.144157194829759
-0.00250728224946748 -0.0241410830144334 0.10418146030879 0.129621671475572
0.0043679921530956 -0.0290340235277078 0.0906469008739173 0.15628483273993
0.0296105807842349 -0.0183585869434512 -0.00054565626678572 0.205488341419486
0.0362761559465733 0.00876487824573162 -0.136212167977485 0.196593994168934
0.0304184491844674 0.0267200092315608 -0.22876728844071 0.140474528564951
0.0203360881349037 0.0593607828660955 -0.309615174084262 0.0854155592153868
-0.00828289082598578 0.108948090116205 -0.303312590292381 0.179142813019561
-0.0227296597915437 0.135529982065996 -0.12590892356897 0.165394336389486
0.028864141663782 0.0556865811466696 0.126005242009011 0.0150596665010395
0.0298091826259658 0.0160211811481178 -0.00531373475856958 -0.198618699282557
0.0346679698695563 0.00210777169041105 -0.232716220423008 -0.126444104249135
0.0412508874818864 -0.0404111777182687 -0.238327845412119 0.110673218944967
0.0139159285522532 -0.0574215677573553 -0.0919137996678399 0.201792367418106
-0.010280792902133 -0.0552209134631804 0.00660818312210802 0.173201889752405
-0.0252937299736976 -0.0688701592773779 0.063736426368627 0.125767407801422
-0.0220023262523617 -0.081519167398052 0.0990467450601166 0.10065488498801
0.00731139432156686 -0.109668265622984 0.109857547926126 0.117894826940453
0.0883335317410489 -0.0841301128981435 0.0540013335540398 0.179020725022548
0.13117616847172 0.0132573950266852 -0.0838831800323666 0.215127199354463
0.0912112098972612 0.122655055087118 -0.197266453304607 0.178524614435254
-0.00720099008832413 0.183752968864168 -0.271776990867328 0.105273454745073
-0.0986145105804526 0.209816473190083 -0.255538122764892 0.157402695851989
-0.103623920764956 0.19993183913844 -0.094688542442448 0.10328729060712
0.00727491399685756 0.151104527081272 0.148148250796937 0.00250686661127104
0.075104351527175 0.0890875027613935 0.0359820349491958 -0.233201369872953
0.103211640050677 0.00218155268540702 -0.213062281469276 -0.173343684028758
0.0825371767083124 -0.0861559012890005 -0.242785604880871 0.0663279569374705
0.0170039146564291 -0.115511548768531 -0.109954708717221 0.16946511486864
-0.0287086636843301 -0.0998367720972948 -0.0115676085645028 0.141896558540551
-0.0464429278671947 -0.10627864948032 0.0468857863688617 0.0908899661177555
-0.0415009676400907 -0.121630498517999 0.0834096024151469 0.0539030215912443
-0.0037670962223488 -0.16960799257205 0.122122274559305 0.0554119772245439
0.11218429036266 -0.150739863606457 0.115703597626868 0.120723776959121
0.196914673805828 -0.0220097405248043 -0.00233988119395351 0.216453893697827
0.168495807073462 0.163662588263322 -0.142728966806769 0.213494915059499
0.00702393640957207 0.274973050358338 -0.226080414758346 0.120261650386444
-0.152881981837545 0.286528034040132 -0.186545204482216 0.110659793265213
-0.179144246726584 0.22843440561989 -0.0286705761937813 0.0248551139392271
-0.0361927650585484 0.232257636586691 0.182314129667476 -0.019823987943101
0.0994997927196034 0.174753451982162 0.0953498202737358 -0.25956718082591
0.170740899782382 0.0200785029920586 -0.16160651861963 -0.223367568018433
0.127584428680184 -0.117877321650744 -0.22395127996514 -0.000917456896310687
0.024422791570705 -0.161439739578582 -0.123317558493543 0.111023871477283
-0.0425715912843045 -0.134460473974165 -0.034259565344698 0.0932543232672332
-0.0605663317897447 -0.127133232490679 0.0228627588162188 0.0434682681326112
-0.055975238600189 -0.138629761108133 0.0596491487059222 -0.001541850699281
-0.0199896050650978 -0.197667248186145 0.119132407262156 -0.0169010868964741
0.105132327551116 -0.194855288167237 0.161640541672298 0.0412215149911
0.217790493995257 -0.0678558177592582 0.0823412144933607 0.187340039903919
0.221677470833494 0.155622461670242 -0.0766345204145468 0.225266495167585
0.0343664781758961 0.312528264800068 -0.179006121319429 0.120767223056054
-0.171046737672956 0.318717686684742 -0.109579227920768 0.0434561978979886
-0.228041794563019 0.215214824339802 0.0638922753928867 -0.058387565457904
-0.0900815475407358 0.270966359804909 0.222323102832111 -0.0475994127115615
0.0873921127925303 0.241113434257636 0.160598956994644 -0.259564011806557
0.208406089751948 0.0523450552252764 -0.0780138759885351 -0.252964277953763
0.15992622569639 -0.121756135094578 -0.173343330898203 -0.0774289664721734
0.0339058756301623 -0.181058879755382 -0.124298456584209 0.0320560711135657
-0.0481528683819055 -0.150638477279971 -0.0595415552327312 0.0322632315254989
-0.0656428365407792 -0.129168513079045 -0.00419333246733534 -0.00935859455974209
-0.0604646054195995 -0.13316584412775 0.0306645802473501 -0.0545706391434975
-0.0290356139703167 -0.192439986384259 0.103388699171747 -0.0815597197786663
0.0868972188037396 -0.20047989533847 0.181398369461963 -0.0350072792091596
0.201915686652837 -0.0895931117309661 0.142968636401545 0.139937311048939
0.224641652874809 0.132467077964908 -0.02032211869933 0.210786794825237
0.0415151896785333 0.299907459299934 -0.138419718407526 0.105155368531161
-0.170094478463792 0.297962690958519 -0.0387134753962118 -0.0311410205142776
-0.228714510933422 0.162785116825401 0.164446645555587 -0.129172681462321
-0.129001526429781 0.245360622894183 0.262002056702239 -0.0738285968339708
0.0465892172806006 0.251413764294033 0.211223985154685 -0.232400029155224
0.194678721165811 0.0779332378329321 0.0160256680195823 -0.247931647388468
0.159845413778088 -0.0992961563641089 -0.0996286873269322 -0.142768461143127
0.0377875364258837 -0.166122367406547 -0.112937789160586 -0.051110361869331
-0.0454289541578852 -0.140413252848409 -0.0821595478857042 -0.0313782247051766
-0.0596255411452133 -0.112250992654836 -0.0302576377436359 -0.0603149772679537
-0.0556993280443284 -0.10948164610371 0.00425873144319411 -0.100656347329277
-0.0282993474090297 -0.160912500221017 0.0865227847160342 -0.130762592520179
0.0691650747512551 -0.17288427463003 0.185696437192031 -0.0897515284355448
0.168895875907794 -0.0802697761400805 0.177571343294991 0.0971804271132667
0.18662353346437 0.115640474003627 0.0175064842252152 0.185143923062237
0.0198244851533983 0.252994442817831 -0.103819926594719 0.083615545038361
-0.157027352055445 0.231869726956104 0.0222172620663076 -0.0946698377138156
-0.176312133420916 0.0856380822134128 0.244944134297863 -0.176284221017976
-0.124319928838491 0.167276048660551 0.290805198172597 -0.0921997461376264
0.0083796763938997 0.19338191913052 0.237925237695775 -0.1929529417579
0.137593457356222 0.0714874860376354 0.0909367997673713 -0.219196246295478
0.119232184058433 -0.0650849537282524 -0.0291590247751142 -0.182893668675398
0.0287119806786543 -0.119489525302506 -0.0958220276249575 -0.120080621424203
-0.0362192130004713 -0.103895709009668 -0.0997981279584972 -0.0863453263439418
-0.0445593416232781 -0.0790972770210912 -0.0519034788322278 -0.100879846064954
-0.042658298108039 -0.0752394262494762 -0.0138269671988016 -0.135714962864921
-0.0219640707979896 -0.114616146199132 0.0757173930293088 -0.163172829865534
0.0522861820289224 -0.127469185887463 0.185947030840245 -0.118979576170867
0.131067550447572 -0.0556519568997424 0.194712065948379 0.0712800049754478
0.130589921445528 0.104101937943259 0.039185371990922 0.163422723223399
-0.0138810598840555 0.188370159296173 -0.0761908925471974 0.0644977679742587
-0.135676571707756 0.136851202694731 0.0708783309916747 -0.135771558942776
-0.0854029146213514 -0.00256448017899444 0.285874625023535 -0.199117422134971
-0.0790556934357853 0.0619446305455791 0.29655279077795 -0.103827208603842
-0.0111951244889786 0.089899821920054 0.242638325569274 -0.162320123216558
0.0565166560491417 0.0350456020189479 0.129467060885859 -0.19848528400621
0.0490024732820078 -0.0278266463398176 0.00879526527656478 -0.202493539603852
0.00856672076926188 -0.0520668934361382 -0.087813070994419 -0.160641044746965
-0.021487275378874 -0.0478859255698026 -0.111952309791484 -0.11858171645776
-0.0225140433544122 -0.0347503925412481 -0.0652498507523047 -0.125572651198409
-0.0263860075708172 -0.0331624491792962 -0.0222021944306427 -0.15615191011298
-0.0171787534701185 -0.0600096930896597 0.074125820536336 -0.180782880655703
0.0310863414500899 -0.0765104715297072 0.189339108113633 -0.129255919953838
0.0886145855464858 -0.0316712527353343 0.20534653091342 0.0636764023709573
0.0734645608554161 0.0852333115549511 0.0492018460309986 0.152148987142727
-0.0410407246540325 0.110825503243059 -0.058342517680584 0.0530603543580385
-0.0999283717287389 0.0310527548181881 0.105220349677305 -0.149071608613567
0.0353739149628063 0.0503513141343062 -0.135143990929862 0.176904043186222
0.0311770382391593 -0.0254436728423304 0.115676621909148 0.0296290157477665
-0.0138294899663305 -0.0342027847921325 3.72958652367422E-05 -0.163487187361545
-0.021311779672695 0.00900121175671615 -0.203812589201359 -0.115586744392838
0.00525881888531737 0.00823486023934496 -0.222414590898444 0.0971576899021751
0.0137595170002486 2.20850251958678E-07 -0.0936697536775009 0.190157776660882
0.0126882852221843 -0.00744618661698837 -0.00366558673419507 0.17818484617673
0.00245056295816251 -0.0210749534359697 0.0521230230061469 0.144715223394563
0.000254087749252976 -0.0244688198332212 0.0847557461332293 0.135214855258478
0.00700086517510768 -0.0278532211567547 0.0683236238310842 0.159171156137368
0.0312706499012984 -0.0156331067299187 -0.0252524853468812 0.196869906149944
0.0363161589154773 0.0111800356323951 -0.153945508281123 0.173231727781374
0.0296308497021673 0.0306263322750098 -0.236681866577078 0.104689982714778
0.0139370272310579 0.060531046113342 -0.307576093916133 0.0443915230187752
-0.0172450725735836 0.103171054441434 -0.314001361239084 0.134057116633794
-0.0371185066219268 0.12058544389568 -0.138566763868408 0.143064613794058
0.0181346616234136 0.0546684807273807 0.118019968252371 0.0301672374955407
0.0250371153534995 0.0191362334521015 0.0182928413084525 -0.182539996277213
0.0320066420439815 0.0057444016409693 -0.199554111547539 -0.138926351299224
0.0428216912584028 -0.0330950226171543 -0.2298011702237 0.0790221239623407
0.0198001833774445 -0.054303722930299 -0.103544620690943 0.17837757159537
-0.00282706012841904 -0.0538999590121755 -0.01059376489685 0.163803247380799
-0.0163191037752844 -0.0687682567269834 0.046128557366065 0.126395505879757
-0.0120652699070074 -0.0812040727872067 0.0828809041911051 0.108698200914871
0.0186221469187654 -0.10347799369086 0.0889477038600258 0.127295264380832
0.0935939095439612 -0.0711357393073366 0.0256600036053791 0.178177224144199
0.12535654446233 0.0254176543923899 -0.109150282364906 0.197224428774158
0.0773617509518114 0.128059116578553 -0.211430774477985 0.141963442418563
-0.0263389846313065 0.174673820856831 -0.271966547743141 0.0624751125804663
-0.115546255368309 0.189796937285725 -0.263794604588814 0.112705618616091
-0.118363803138489 0.169483055229416 -0.109987023350205 0.0862273628462089
-0.013294059272895 0.138835613693058 0.134607262434052 0.0234601613936055
0.0572067975932959 0.0925360858787049 0.0575318578006022 -0.205774178894535
0.0958713472275577 0.0148564544904309 -0.17571660681305 -0.177943621723737
0.0877887669016301 -0.0704566739738299 -0.22830139325039 0.0401190106189622
0.0293420442260612 -0.106751890509631 -0.114335884686598 0.145574770098779
-0.015912910071656 -0.0974576901690949 -0.024194512601589 0.132593440736451
-0.0319337495930934 -0.106860700694531 0.0330380396063126 0.0912848629934225
-0.0257119454650031 -0.12134070469842 0.0729619664234873 0.0631439456085891
0.0149798758887634 -0.160843825473642 0.10698409478697 0.0706404178958375
0.122742288534298 -0.131804452159863 0.0889525389564858 0.13204739321718
0.190739666793774 -0.00118758305075818 -0.0321968930798542 0.208888383868887
0.145873826156479 0.173868449008055 -0.164614988788436 0.181050864199652
-0.0227160982477649 0.262250679075715 -0.229433376994462 0.0784243738548868
-0.175492340597798 0.257996010712816 -0.191162381492835 0.071644615398507
-0.19135088379972 0.187803083073719 -0.0454098283538568 0.0170223599556959
-0.0628695310035946 0.207975586063791 0.163789051663312 0.00809189671251682
0.0695033432934579 0.174198089593449 0.111034469065063 -0.219779417284511
0.155859025488098 0.0403292940341027 -0.123415118029401 -0.215254355845164
0.134114430351776 -0.0929859845945327 -0.203322673586907 -0.0173425416830772
0.0419764075216266 -0.147889790361213 -0.119219714998342 0.0900255807841642
-0.0241625945331823 -0.131342476448733 -0.0403747689833788 0.084458335646981
-0.0431296845462621 -0.128082391219679 0.0153287120353038 0.0436730249478173
-0.0370025243625798 -0.138076697074034 0.0551855331785774 0.00863019314391409
0.00190281840589444 -0.188551032703496 0.111230596894197 0.00267198486815012
0.120218216585111 -0.17379117121572 0.140685743249993 0.062763729083673
0.214363792533424 -0.0422870511659946 0.0516296347196145 0.191756294389208
0.197306230194893 0.171290513375918 -0.104573117441371 0.199550540257567
0.000418229228537662 0.301036713122521 -0.185940432936912 0.0814463373584241
-0.196751430300001 0.28708457617722 -0.10949516902491 0.0134193041951521
-0.234355924348831 0.168921924093317 0.0467344007031519 -0.053427766291601
-0.116652706952427 0.235486023613221 0.200783694672412 -0.0142803212124491
0.0504779200342523 0.23453156937272 0.16644206519081 -0.211774375939367
0.186450616179393 0.0764495818072313 -0.0450602553956358 -0.232140073969024
0.165120122261178 -0.0918714578674926 -0.148202867790012 -0.0826702844352552
0.053790999139816 -0.164251767875248 -0.11180512669622 0.0167086265023466
-0.0283291331601911 -0.146302458163566 -0.0582605300347941 0.025191011255981
-0.0466589347969327 -0.131288138377764 -0.00479716371768313 -0.00911615531192371
-0.0417520440775753 -0.132944482321212 0.0338084917822071 -0.045306933571734
-0.00724563841238779 -0.184489709640715 0.103699827020553 -0.0600815991622161
0.102669625237839 -0.180581588950707 0.168302200192736 -0.007120838003905
0.200064255936979 -0.0645398853587634 0.115791983246082 0.15395832429981
0.201720984064452 0.148152531417342 -0.0489483840312915 0.193366533858145
0.00827415520323234 0.288775295818361 -0.145816697867936 0.0717164880617648
-0.192376063426329 0.26824648298017 -0.0329629274276868 -0.0507137954167128
-0.228699682629449 0.120954292814617 0.14912810510674 -0.109701925694198
-0.147793458399681 0.207827656678503 0.238888690832063 -0.0374192886322241
0.0117669766709473 0.238497416076096 0.208185261535887 -0.18290493029867
0.170355484091788 0.0978892522074312 0.0393730540844299 -0.217766912197209
0.162239980921344 -0.0713719389496758 -0.0739222182584106 -0.134998074218649
0.055409079321528 -0.148603549828614 -0.0932812972759708 -0.0591166277441802
-0.0274186655936796 -0.136367165994683 -0.0730641140755237 -0.0365820007548846
-0.0433062811435766 -0.114524084968962 -0.0238980313315784 -0.0602184522993531
-0.0390484805802083 -0.11016991334783 0.0141584409029427 -0.0922656884071465
-0.0104896132811518 -0.154139854277162 0.0931345340720372 -0.109285505756011
0.0829166873300207 -0.156401672641447 0.179007550717173 -0.0600425990302676
0.167670690376884 -0.0598748857868454 0.154381521090537 0.116047336668618
0.166446784968007 0.127967114300682 -0.00901248334427009 0.174435409889107
-0.00768449227209515 0.241451520963181 -0.109464061810003 0.056290946449831
-0.174038778463094 0.205448081492543 0.0322970535423394 -0.10232788405598
-0.170939155403424 0.0569056536468334 0.234895062774579 -0.14457317435359
-0.13444343028204 0.136633666394468 0.270344370145183 -0.0539838506954278
-0.0160585039028811 0.1801424813659 0.230639811773358 -0.146956893065299
0.118135010021491 0.0846960074600328 0.105440526764988 -0.18517008618291
0.119448328237543 -0.04482742291496 -0.00540072761764187 -0.166895339744056
0.04134174375494 -0.105779753523173 -0.0726024654462807 -0.121554048049379
-0.0225634261357841 -0.100505112485967 -0.0846748460790528 -0.089934920225529
-0.0329611732636004 -0.0813292714592663 -0.0396813589476889 -0.10140165550649
-0.0311059099260552 -0.0751853968554617 0.00105429329036439 -0.128088937551497
-0.00910840149801143 -0.109623578456654 0.0875333829869668 -0.142401560756788
0.0618819777354503 -0.114715669817319 0.184582596028804 -0.0892266737138986
0.128161938687753 -0.0400857546581353 0.175230617565662 0.0914326577679249
0.115052756004783 0.110610095978167 0.0155416643902139 0.157023866319558
-0.0325167098050707 0.176942001009005 -0.0793545021194073 0.0436127343803267
-0.144357466667069 0.116375791480845 0.0844152648290847 -0.131266065484586
-0.0776015268600041 -0.0132698667616834 0.281551809281345 -0.159070690538989
-0.0792320317846082 0.045752585195024 0.281927868944966 -0.0661212944900588
-0.0209981194989199 0.0820790877705701 0.236645140090109 -0.122019980499455
0.0479658320014642 0.040566594271989 0.141036675034449 -0.164678109270883
0.0495111816823285 -0.0193454537696093 0.0311863430017868 -0.183860330154495
0.0154360806661409 -0.0453891213794696 -0.0637817769724773 -0.15880549020479
-0.0150901468207854 -0.0459175089905325 -0.0930010341025115 -0.121853135851794
-0.017164235719329 -0.0361910212592776 -0.0490119098463025 -0.126105347117353
-0.0207875048940691 -0.0337363946807987 -0.00405068152089887 -0.149884708137672
-0.00995953271193666 -0.057564096619539 0.0881502977779444 -0.160849740567051
0.0358807971095908 -0.0681562551675778 0.190650870305062 -0.0990540749997535
0.0847662685425286 -0.0221266531850426 0.187063192015412 0.0851479709071201
0.0622921403829804 0.0862853220740444 0.0273226588430168 0.149227347160183
-0.0505344273037263 0.1001653082502 -0.0607359933366419 0.0382093917009114
-0.0987552370193252 0.0192784717525491 0.119160953687658 -0.135218888889226
0.0329766217347483 0.0482132822571739 -0.130302852791301 0.169084596029714
0.0295494389719912 -0.0237078144261808 0.113636200594292 0.0295260611830613
-0.0135467182931117 -0.0332906448343231 0.00513103274286057 -0.158339271387145
-0.0208063087495973 0.00846517860496542 -0.195134242587089 -0.114510418033208
0.00458341320279465 0.00747824803387642 -0.216358885859857 0.0923728813051981
0.013505628335576 -0.000530845861220128 -0.0919762197798914 0.182230864604252
0.0128366896323016 -0.00837265878084727 -0.00445592900274254 0.171936548402439
0.00216159882055528 -0.0211053905704392 0.0498438848390435 0.140632030187177
-0.000349668992269926 -0.0239979470642269 0.0815902264633562 0.131838893207801
0.00684558850704957 -0.0273344851704079 0.0646589613955459 0.155002214731906
0.0304547035407538 -0.0154377406459355 -0.027069100912317 0.190546478321017
0.0352815706456221 0.0115307767959069 -0.152379279566539 0.165862168026284
0.0280563603596449 0.0306224074430289 -0.230198178106356 0.0960522934937463
0.0122316465713276 0.0597348771849391 -0.298381992330078 0.0367964903058254
-0.0180891456709263 0.0994583675596375 -0.304421760399428 0.123623541026838
-0.0379896175085673 0.114602501841661 -0.133116027758172 0.136591090349798
0.0164778984599896 0.0529307697095821 0.116065177762279 0.0314175842289059
0.023261351440298 0.018795871852033 0.0224071786606156 -0.17583972073688
0.030570759005297 0.00601037458707377 -0.190048009974685 -0.137730623815492
0.0409852286434275 -0.0325680872422909 -0.222224206329824 0.0740559376004766
0.0192029406369594 -0.0524517894570744 -0.100753892403733 0.17050134396074
-0.0017232942584764 -0.0523947154616706 -0.0111076913257697 0.158653423308611
-0.0154418968653117 -0.067314917815504 0.0447702079478366 0.123524626903961
-0.0120917788793689 -0.0787360777279061 0.0795889185077956 0.106039174870854
0.0183711885501854 -0.0999878810219558 0.0846084359446568 0.123408678193735
0.0907123716318106 -0.0688695149715729 0.0215654250989031 0.17357205006638
0.120801233224682 0.0260116986145048 -0.108187885562348 0.189496567395714
0.0732436365656196 0.125747417103958 -0.206604939399899 0.132954217402381
-0.0284346943985129 0.16938082649585 -0.264206043576168 0.0547912072173768
-0.113288550585621 0.182211539756908 -0.255652011967103 0.104434362424621
-0.117093482935743 0.160789552908598 -0.104257592861599 0.0830846110708132
-0.0151116347967528 0.133136451085599 0.131843235491727 0.026280555341744
0.0534463424439595 0.0898915204479609 0.0603243418583189 -0.197680120846319
0.0918758783058504 0.0151287840596304 -0.166405281027878 -0.175142472923192
0.0842001098861557 -0.0676140509121558 -0.220197239419954 0.0354269669465971
0.0286642316499831 -0.103032548924063 -0.111572534675106 0.139404884100937
-0.0136274590967718 -0.0941731816734319 -0.0243433369621614 0.127615011362866
-0.0298110002579223 -0.103848089388674 0.031755042307113 0.0894814867379741
-0.0244106219222818 -0.117303419784329 0.0697431213526168 0.0627849244095915
0.0143301206322476 -0.155570007475675 0.102283519878946 0.0699212660920354
0.118959766082942 -0.127524591285498 0.0828370039797534 0.128976711925435
0.183927263878078 0.000772758521161924 -0.0341470647368415 0.202255722495379
0.139751538518568 0.171206668210547 -0.161136486612807 0.17180501661488
-0.0255248003565419 0.2550086074859 -0.223072382324196 0.0702039999057554
-0.171701998862893 0.247369879538813 -0.184046729655613 0.0650782082098463
-0.187651361780935 0.177283816378498 -0.0423762394607958 0.018188338078535
-0.0636312197039878 0.199162673409505 0.160408387126609 0.0132224861063854
0.0653527663261265 0.169548403069976 0.111391286549473 -0.210205095932724
0.149732850105342 0.0404617803394667 -0.115517154892209 -0.210285202719132
0.129362847918122 -0.0892982253369392 -0.19498791174231 -0.0207597005189518
0.0405702750135643 -0.142216423683358 -0.115109260325358 0.0852785522956673
-0.0221895984957588 -0.126652021507845 -0.0399964937705492 0.0812953457938209
-0.0405540893872007 -0.125036750940312 0.014470888107335 0.0429212704975206
-0.0349386380626131 -0.13427027385586 0.0530694913289122 0.010161596684606
0.00137550861151241 -0.182460467388158 0.106992931071548 0.0041912838021939
0.116028655728884 -0.168925428826637 0.132978977467791 0.062323258943259
0.206960324405249 -0.039330671888161 0.0468981750786187 0.186431857872794
0.189133151087399 0.168186384604781 -0.102663405630832 0.191622917010741
-0.00365770902746311 0.291642650838063 -0.180747120973662 0.0743343827823221
-0.191767809328115 0.275454725191879 -0.105388389655555 0.00976615052079123
-0.22830891968182 0.158866746730879 0.0476012481315685 -0.0484917306913078
-0.115656287941942 0.224674851417477 0.195035645129815 -0.00815975830806648
0.046300756419178 0.227936361450985 0.164482811254861 -0.201393231852403
0.179067898511671 0.075739339090476 -0.0386955745551844 -0.225453038766739
0.159247347402162 -0.0884435718113744 -0.140990163185932 -0.0829242790907262
0.0522346710693396 -0.157246372604365 -0.108274100826248 0.0148612510405101
-0.0258643155872238 -0.140849388082005 -0.0568564672725895 0.0237315219133946
-0.0437162866259398 -0.127671340357093 -0.00509018467845287 -0.0087314031719735
-0.038520237879647 -0.129296487274902 0.0326265498277212 -0.0426847725983983
-0.00740965918749722 -0.178363114406032 0.100228075773308 -0.0565418032159511
0.0987923585567121 -0.174701179118339 0.160153738110761 -0.00510466123201904
0.19320174925286 -0.0613188006497813 0.109350933145204 0.150508058036812
0.19397933487526 0.145947040202396 -0.0489860733422771 0.186864027372301
0.00443426833513806 0.279496549113502 -0.141620043064083 0.06529887916833
-0.188461000566868 0.256484755203662 -0.0305302813834621 -0.0509235062962108
-0.222312189704391 0.11239104890619 0.146647374131087 -0.101668038609877
-0.145808968274342 0.196818333429939 0.231664838205411 -0.0297154896055471
0.0088184499294162 0.231278841847259 0.204267629465099 -0.171937161949905
0.163696079963705 0.0967812326682052 0.0429661489615326 -0.209790837332745
0.156254696038996 -0.0683221402883884 -0.0689230933091887 -0.132357375206076
0.053787284366829 -0.142065179753152 -0.0892562775930148 -0.0580918894385937
-0.0255535790431054 -0.130796443079177 -0.0710008845973236 -0.0363439804147959
-0.0399541548293227 -0.112020833259289 -0.0235110938476594 -0.0589245513234536
-0.036695839548844 -0.10701616016426 0.0140020272056297 -0.0877875818359935
-0.00981246745912292 -0.149205670685094 0.0902198014980641 -0.104331987442052
0.0797023745024214 -0.150967459093763 0.170818649993625 -0.0554117477277308
0.161211150665449 -0.0558964947457832 0.147424348877166 0.114013095558057
0.160449077899142 0.125766982018344 -0.0100789580298386 0.168210984094315
-0.00932082908647968 0.233972147651455 -0.106452000109123 0.0505961251357621
-0.168306085161186 0.196262834313787 0.032197072760888 -0.0999441341196115
-0.166433844227654 0.0521077975074451 0.229400540879727 -0.134603351101744
-0.131766434966264 0.128363459885587 0.261346859235945 -0.0460699971202268
-0.0167598822138789 0.174490214032881 0.22414108896666 -0.136687881436384
0.112504131321202 0.0830469477704859 0.106318006782582 -0.177824531677583
0.114852651721859 -0.0425702351389021 -0.00224220787928221 -0.162552955434075
0.0405820856607172 -0.100868739516681 -0.0687231178188889 -0.118225144885379
-0.0212006261667404 -0.0964620200560502 -0.0820331307616572 -0.0872507086784736
-0.030277039253244 -0.0796252284304206 -0.038511860615779 -0.0986054274048048
-0.0282627662307735 -0.0730252398798588 0.00171964638085345 -0.122865703313628
-0.00857466449480853 -0.105554783473976 0.0846171005579455 -0.136488644846708
0.0590769819970999 -0.110379652562809 0.177292627285391 -0.0845422349636665
0.123171114599275 -0.0377301963540699 0.167698899495916 0.0913475008480946
0.109690911040491 0.108193688478596 0.0135926118364655 0.152594545816549
-0.0331642527550936 0.170456362163306 -0.0775905125346144 0.03926164895903
-0.139392583097164 0.110707276970467 0.081759791666249 -0.126903961153374
-0.0751589038388753 -0.0141027976149452 0.274201917591871 -0.147472249354981
-0.0769816272896162 0.0420957536193363 0.272712412692938 -0.0582336961163244
-0.0208823354062256 0.0786721160601225 0.23002984705833 -0.113029515815029
0.0459303697322635 0.0396390715772607 0.140254467939529 -0.157443014636724
0.047127352507021 -0.0183858067434663 0.0333995187966252 -0.178459021984445
0.0147747928202053 -0.0424795834551678 -0.0604502337872071 -0.153948864607632
-0.01446820569488 -0.0440368424279263 -0.0902864265765195 -0.117866660022698
-0.0160149480931383 -0.0358342282387171 -0.0480791870706834 -0.122947343245153
-0.0180397641470839 -0.0331208839118777 -0.00348254999625451 -0.144304326247995
-0.00893275123411802 -0.0549011984777484 0.0857097984685141 -0.154489144689988
0.034053479694457 -0.0651683738147457 0.184082817222827 -0.0943464803275306
0.081308256673696 -0.0204980222680658 0.179232961605206 0.0841408855020497
0.0592881412714101 0.0840190512060089 0.0243814067195377 0.145185747148358
-0.0496032859421378 0.0960198817768954 -0.0594888054340827 0.0347035786805426
-0.0954392126868144 0.0175080082220474 0.114758895353969 -0.12889841882325
0.0311564168971954 0.0484900892238771 -0.132093759933513 0.166267289749329
0.0287928715699618 -0.0225734403467757 0.115491620313811 0.0318173004306751
-0.0130621603502805 -0.0331547104901249 0.0106281816240544 -0.159719651381615
-0.020541397996136 0.00837189449824534 -0.192595477818335 -0.118607050233727
0.0038468170964853 0.00735318216062681 -0.21810486629801 0.0890545362113481
0.0135845881598144 -0.00123817044821043 -0.0947907553956332 0.180069984317782
0.0132715960723651 -0.00871823085825151 -0.00667504576520502 0.172934484484597
0.00160570512342804 -0.0212692897537712 0.0495542461280689 0.142809293745832
-0.000172450535022042 -0.0240545284013411 0.0802056931151317 0.13394168595577
0.00692418529603294 -0.0276621724000333 0.0620560554351708 0.156580183167971
0.0309853973319247 -0.0150135904591872 -0.0316546231890852 0.191623223654316
0.0354609288288057 0.0120161447054995 -0.15652940926523 0.163676478305497
0.0273085705176323 0.0324372073788419 -0.23442427094986 0.0897146845161891
0.0103469328351359 0.0612191508790933 -0.300780342042904 0.0292138250172873
-0.0207675322090237 0.0986629135655779 -0.306818417765433 0.115864130786893
-0.0411451840496505 0.113348479064593 -0.133938301505072 0.134228562202461
0.014348842903731 0.0535083895400796 0.118129800231986 0.0343575159212241
0.0228999924147427 0.020089134174317 0.0286562091452214 -0.176422261766991
0.0302490349377971 0.00698123805173623 -0.187304353594904 -0.143135618456155
0.0405749858893904 -0.0319512003319468 -0.224093530611204 0.0699167138942074
0.0195294818352891 -0.0527426731173926 -0.103367563562651 0.168567397112115
-0.000513077893023608 -0.0535075679575201 -0.0138736502693496 0.158837502589379
-0.01475170863682 -0.0685344147539332 0.0437760046938396 0.12517864897164
-0.0110279803128828 -0.0796776064381799 0.0779757878351522 0.107937583877697
0.0186467579298187 -0.100262786449099 0.0830281465778852 0.125726342602482
0.091184237188214 -0.0686729320860922 0.0172645251966701 0.175738225217821
0.120941149516957 0.0279188890525265 -0.112900662780147 0.188788358993088
0.0706183856656674 0.128412327608209 -0.210215744431994 0.127158585817467
-0.0326107873818285 0.171552538611481 -0.266528018431452 0.047065190384385
-0.117327058822498 0.179435954216038 -0.256909876277332 0.0979076019092133
-0.12161917980477 0.158115738872882 -0.10385573689712 0.0821786052631004
-0.0188063128386073 0.13295845923121 0.134723481152603 0.0313622308204543
0.0517430801863663 0.0920350951535612 0.0670455517885521 -0.196546087702619
0.0912345598719721 0.0171939832164707 -0.162430510264431 -0.179870823256595
0.0842677095486904 -0.0671573920089011 -0.220858657746902 0.0305853931272344
0.0292888846423063 -0.102883852946683 -0.113204558288514 0.137005498719155
-0.0117200050295922 -0.0955694301210142 -0.0273124542916483 0.127963011033971
-0.0286494510313023 -0.106125755626102 0.0311551154930783 0.0908016963214001
-0.0230858478664225 -0.118773300878678 0.0693754663722088 0.0651420100350524
0.0146878858814581 -0.156024996173197 0.101526135412128 0.0721213994188707
0.120437576826807 -0.127006788351145 0.079283434898352 0.131915915363658
0.184289505644467 0.00412467974335903 -0.0389489732065515 0.203106956186066
0.136638211004051 0.175498808978411 -0.164982519459903 0.168502236553245
-0.0310342366351899 0.256182702945491 -0.225996914479305 0.0642610792749294
-0.176442908205699 0.244824445782836 -0.185436552053624 0.0597484589968704
-0.192563615280819 0.17362684082919 -0.0404801035640636 0.0183993618121991
-0.0687751282221919 0.197718577255527 0.162612637800207 0.0191384790933562
0.0617210212253657 0.172242887930407 0.118093138666475 -0.207632822538062
0.148782749753125 0.0434230586365882 -0.109872412084162 -0.215545987998763
0.129887508948747 -0.0879773834101617 -0.194443569957493 -0.0255015166950319
0.0418587779415259 -0.141556948910084 -0.11649683186964 0.0831892562504296
-0.0198737186710867 -0.127455128331875 -0.0421732140918802 0.0803949208510292
-0.0381703473990642 -0.127379757102454 0.0139202869716688 0.04400552967089
-0.0327077152367613 -0.135397681381443 0.0533368340515775 0.0117843037422758
0.00275650976258129 -0.18341633044512 0.107249843550013 0.00639079749857875
0.117273931467634 -0.16838336656668 0.130942821040839 0.0656943840524994
0.207382060739304 -0.0354887902350721 0.0426537964518733 0.188961031872212
0.18740744942728 0.173332601286601 -0.106152729109424 0.190004850454319
-0.0091333184754294 0.293782075301344 -0.182858161763712 0.0683352602314062
-0.19711084253784 0.272739956592238 -0.104541894505425 0.00579210056493206
-0.233995861656749 0.153967600587069 0.0500722077959223 -0.045644533810609
-0.121643348301245 0.222282473392911 0.197033986978433 -0.000439047101400376
0.0420657117431667 0.230142814685324 0.170559257887611 -0.196636143725168
0.177794892886051 0.0791622570005003 -0.0327626616060513 -0.227802483828492
0.160376350003254 -0.0868663221640234 -0.139188737159928 -0.0870768912691065
0.0536681401993661 -0.1565548873428 -0.108052955313821 0.0127600193180191
-0.0235518577399888 -0.141910163590359 -0.0584545879481456 0.0227981521874859
-0.0414306342275412 -0.130327958708321 -0.00545956676437119 -0.00908351933367302
-0.0364537289005576 -0.130505962484026 0.033729843089925 -0.0410829167275383
-0.00650460423177344 -0.178523140319163 0.101089442912078 -0.054873380654964
0.0996626342965689 -0.174896849416694 0.158958442228152 -0.0014412320683971
0.193705226556229 -0.0576504458132147 0.106313115259792 0.154204120605781
0.192420138243134 0.151057473084903 -0.0530340926325254 0.186176138098976
-0.000142009379290471 0.281632034845395 -0.143661264718445 0.0599722021667047
-0.192389766021163 0.253193607734224 -0.0298007237932939 -0.053409438281789
-0.22621035736542 0.107432593599492 0.149863850996734 -0.0972182078979163
-0.150865629580061 0.194099772864328 0.233002786308337 -0.0216750110467357
0.00461039584636771 0.232162555863716 0.209061097091181 -0.166054545341614
0.162082557782382 0.0997632010072626 0.0496328678095176 -0.209893623429876
0.156927111119102 -0.0667655493404919 -0.0646328353381454 -0.135784321618647
0.0555599519102259 -0.140642806018167 -0.0884989405278427 -0.0601179817475659
-0.0232868483606229 -0.131537469992755 -0.071728123691365 -0.0373534265772854
-0.038647803539563 -0.114211575790448 -0.0234881278541748 -0.0594240439788563
-0.0336464399999515 -0.107941285062529 0.0153267527879697 -0.0868376412503488
-0.00880162959084368 -0.148693939210207 0.0921215188263554 -0.102668594318407
0.0804275045603434 -0.150724288923281 0.170607355974748 -0.0527230956817456
0.16124968213778 -0.0530558656520205 0.145345173623354 0.11815364945955
0.159158132314107 0.130174265846759 -0.0134330901077199 0.169483785634904
-0.0131589655917465 0.234301513044058 -0.108900540692294 0.0469645095446619
-0.171609324639236 0.192776993054401 0.0331338368311365 -0.100583350216636
-0.168496626381193 0.0472940618513364 0.233129953766211 -0.127815726917961
-0.134957682856937 0.125429976386903 0.262478164874337 -0.0378337380186291
-0.0202955920169936 0.174681029892739 0.227786048910231 -0.129931770612027
0.112007601090145 0.0853542028017034 0.112845726250143 -0.176608908786021
0.114850350567774 -0.0411383025497436 0.00283242020222452 -0.164783815767292
0.0418625469037744 -0.0995572629008722 -0.0669393570727728 -0.119488531026255
-0.0198678790844118 -0.0963251933875357 -0.0817975455676312 -0.0880819753340187
-0.0288121606683053 -0.0814748218150857 -0.0384791403009578 -0.100114999892173
-0.0261803953002895 -0.0739284672031533 0.00353261421148227 -0.122195176875814
-0.00762202981586496 -0.105677431543923 0.0864672640926636 -0.134941512953199
0.0601011688819037 -0.110199135205119 0.177670075776422 -0.0808358753449219
0.122803463148033 -0.0351457293764018 0.166463993180198 0.0957143918633936
0.108693303491625 0.110859713904225 0.0104499806896717 0.1535223794751
-0.0360637828099011 0.169862613403243 -0.0794190240693672 0.0358695849055979
-0.141022337071751 0.107396668518567 0.0831184845084051 -0.126204620933075
-0.0750612722264151 -0.0164573049151797 0.278290938987387 -0.141602300671965
-0.0780202554984155 0.039493375826444 0.272925926118027 -0.0507075224180017
-0.0219816875843693 0.0782312214336911 0.232370974411727 -0.106325503426355
0.0451175315136996 0.0401445200075821 0.146216369476119 -0.155489397400104
0.0464025149914347 -0.0175563318130361 0.0385114502277278 -0.180219337218439
0.0154465283999182 -0.0410577474609162 -0.0578783142974984 -0.155689563583518
-0.0141770410459185 -0.0438014659381488 -0.0892690747937444 -0.119562756452827
-0.0152885653143815 -0.0370618675600585 -0.0478018300932036 -0.12438865052435
-0.016559083244116 -0.0330978235658087 -0.00133575390311142 -0.144331807151473
-0.00838303495087065 -0.0548460874449123 0.0876888435523776 -0.152423669602903
0.0348567609024577 -0.0644832183843468 0.184790319528503 -0.0911625524624287
0.0812285475225489 -0.0185750857488466 0.177626830959398 0.0888911067478237
0.058117907674426 0.0850414956096519 0.021152342695886 0.147143747143266
-0.051633162160232 0.0950822458896594 -0.0617860914935385 0.0320702550008161
-0.0952930657136553 0.0150422992360794 0.116047736640814 -0.12694146504514
