TRXV5
3
4
4
9
string Extension=J
integer IsArchMeasurement=1
integer IsSpherical=1
string Generator=SPM
string GeneratorVersion=1.3.1 Dev
double ArchRadius=0.449999988079071
integer FrequencyAxisIndex=0
integer AzimuthAxisIndex=1
integer ElevationAxisIndex=2
Frequency
5 136 690000000 960000000 LIN
Azimuth
7 8 0 2.74889357189107 LIN
Elevation
7 15 -2.74889357189107 2.74889357189107 LIN
Polar H Real Part
13
Polar H Imaginary Part
14
Polar V Real Part
13
Polar V Imaginary Part
14
Polar H Magnitude (dB)
12 0xC0000002 0 1
Polar H Phase
7 0xC0000003 0 1
Polar V Magnitude (dB)
12 0xC0000002 2 3
Polar V Phase
7 0xC0000003 2 3
-0.0399169921875 0.0552101135253906 0.0851669311523438 0.0248031616210938
0.0198326110839844 0.0584068298339844 0.0363998413085938 0.0282363891601563
0.0408477783203125 0.0109825134277344 0.0256576538085938 0.0396461486816406
0.0307674407958984 -0.0147418975830078 0.055419921875 0.0447044372558594
0.0170269012451172 -0.0257606506347656 0.0777359008789063 0.0207366943359375
0.0031585693359375 -0.0386543273925781 0.08251953125 -0.0142745971679688
-0.00190353393554687 -0.0355720520019531 0.071685791015625 -0.0252838134765625
0.00335693359375 -0.0334205627441406 0.0529060363769531 -0.0170516967773438
0.0164718627929688 -0.04119873046875 0.0312480926513672 -0.002532958984375
0.0385055541992188 -0.0216636657714844 0.00781679153442383 0.00187826156616211
0.0446929931640625 0.0122795104980469 -0.0142650604248047 -0.0221996307373047
0.0279693603515625 0.0382194519042969 -0.000614166259765624 -0.0525016784667969
-0.0151023864746094 0.0509109497070313 0.0592422485351563 -0.0714569091796875
-0.0506439208984375 0.0454902648925781 0.0895004272460938 -0.047149658203125
-0.071441650390625 0.0283126831054687 0.0576248168945312 -0.0170478820800781
-0.0690078735351563 0.0508384704589844 0.0642929077148438 0.0447578430175781
-0.0107765197753906 0.0686683654785156 0.0219497680664062 0.0482826232910156
0.0260429382324219 0.033416748046875 0.021484375 0.0571861267089844
0.0313472747802734 0.0108566284179688 0.0542411804199219 0.0605545043945312
0.0301361083984375 -0.00640869140625 0.0772857666015625 0.03509521484375
0.0278835296630859 -0.0277996063232422 0.0858535766601563 -0.000541687011718752
0.0233592987060547 -0.0330104827880859 0.0719146728515625 -0.0120391845703125
0.0244407653808594 -0.0291252136230469 0.05023193359375 -0.0037689208984375
0.0384330749511719 -0.0345993041992188 0.0241127014160156 0.0114421844482422
0.0558052062988281 -0.00963592529296875 -0.00349330902099609 0.0141716003417969
0.0524368286132812 0.0284233093261719 -0.0293407440185547 -0.0130348205566406
0.0279197692871094 0.0568351745605469 -0.0197982788085937 -0.0477104187011719
-0.0275306701660156 0.064971923828125 0.0352401733398438 -0.0731658935546875
-0.0717544555664063 0.05072021484375 0.0600051879882812 -0.044525146484375
-0.0943374633789063 0.0278701782226563 0.0262413024902344 -0.0120830535888672
-0.09033203125 0.0355224609375 0.0325126647949219 0.0613746643066406
-0.0449714660644531 0.0674705505371094 -0.00437927246093751 0.0684928894042969
0.00193023681640625 0.0521430969238281 0.011505126953125 0.0768661499023438
0.024200439453125 0.0388069152832031 0.0477523803710938 0.0763015747070313
0.0383186340332031 0.0178680419921875 0.0706634521484375 0.0482254028320313
0.0495414733886719 -0.00946044921875 0.0817184448242187 0.0132598876953125
0.0455322265625 -0.0245208740234375 0.0632743835449219 0.00152587890625
0.04107666015625 -0.0204696655273438 0.0384407043457031 0.00919723510742187
0.0535736083984375 -0.0241050720214844 0.0107173919677734 0.0246753692626953
0.0648155212402344 -0.000152587890625 -0.0181446075439453 0.0253486633300781
0.0547523498535156 0.0361709594726563 -0.0449447631835938 -0.002532958984375
0.0279998779296875 0.0641822814941406 -0.0385551452636719 -0.038970947265625
-0.0293960571289063 0.07080078125 0.0099334716796875 -0.0679092407226563
-0.0773086547851563 0.0524978637695313 0.0263519287109375 -0.0345249176025391
-0.10284423828125 0.0248336791992188 -0.0103368759155274 -0.00559329986572265
-0.0967178344726563 0.0147933959960938 -0.00812911987304688 0.0701904296875
-0.070526123046875 0.0534820556640625 -0.0389938354492188 0.0818023681640625
-0.0244789123535156 0.0608444213867187 -0.00669860839843751 0.09259033203125
0.0100555419921875 0.0606765747070313 0.034332275390625 0.0867233276367188
0.0377655029296875 0.0406112670898438 0.056304931640625 0.0559120178222656
0.0626029968261719 0.0109596252441406 0.0668830871582031 0.0243377685546875
0.0604324340820313 -0.0113487243652344 0.0450630187988281 0.0134010314941406
0.0515327453613281 -0.00905990600585937 0.0206317901611328 0.0203456878662109
0.0609130859375 -0.0112495422363281 -0.0048828125 0.0351219177246094
0.0658187866210938 0.00965118408203125 -0.0320568084716797 0.0346565246582031
0.04986572265625 0.0394973754882813 -0.0562705993652344 0.00860977172851561
0.0239372253417969 0.0621337890625 -0.0505256652832031 -0.0270042419433594
-0.0277252197265625 0.0669174194335938 -0.0106773376464844 -0.0549888610839844
-0.0727081298828125 0.0464859008789063 -0.00325393676757813 -0.0188064575195313
-0.0989227294921875 0.0170211791992188 -0.0447616577148438 0.00267410278320313
-0.0842514038085938 -0.00686645507812501 -0.0483055114746094 0.0668716430664063
-0.0776748657226563 0.0290679931640625 -0.0757293701171875 0.0841751098632813
-0.0440330505371094 0.0529022216796875 -0.0293197631835938 0.0995864868164062
-0.00878143310546874 0.0663719177246094 0.01666259765625 0.0887603759765625
0.0275154113769531 0.0539741516113281 0.0375823974609375 0.0546646118164063
0.0607566833496094 0.0293807983398438 0.0444259643554688 0.0286140441894531
0.0637016296386719 0.00439834594726563 0.0209388732910156 0.0208320617675781
0.0529594421386719 0.0028228759765625 -0.000957489013671872 0.0284709930419922
0.0605926513671875 0.00242233276367188 -0.0221786499023437 0.0417442321777344
0.0595207214355469 0.0196762084960938 -0.0448226928710937 0.039825439453125
0.0398941040039063 0.0423431396484375 -0.0631980895996094 0.0152549743652344
0.0133934020996094 0.0575065612792969 -0.0548553466796875 -0.0167999267578125
-0.0305557250976562 0.05413818359375 -0.0217018127441406 -0.0385627746582031
-0.0648574829101563 0.0300674438476563 -0.0246524810791016 -0.000797271728515622
-0.0850448608398438 -3.81469726562432E-05 -0.0737380981445313 0.00882720947265625
-0.05279541015625 -0.0244636535644531 -0.0770187377929688 0.0569839477539062
-0.0624809265136719 0.00182342529296875 -0.102813720703125 0.075714111328125
-0.0463905334472656 0.0304183959960938 -0.0483016967773438 0.0953369140625
-0.0237579345703125 0.0516548156738281 -0.000709533691406251 0.080718994140625
0.00920104980468749 0.0513458251953125 0.0190391540527344 0.0464515686035156
0.0448951721191406 0.0405082702636719 0.0197200775146484 0.0264644622802734
0.0544776916503906 0.0190925598144531 -0.00395393371582031 0.0225563049316406
0.0461463928222656 0.0142478942871094 -0.0223560333251953 0.0317001342773437
0.0525741577148438 0.0150489807128906 -0.0389289855957031 0.04302978515625
0.0482597351074219 0.0299301147460937 -0.0564956665039062 0.0381698608398438
0.0265121459960938 0.0451698303222656 -0.0663337707519531 0.0148200988769531
-0.000419616699218753 0.0525894165039062 -0.0539283752441406 -0.0132865905761719
-0.0379180908203125 0.0376434326171875 -0.0263042449951172 -0.0265598297119141
-0.0578689575195312 0.00690460205078125 -0.0382080078125 0.00899124145507812
-0.06439208984375 -0.0227699279785156 -0.0934295654296875 0.00813293457031249
-0.0105838775634766 -0.0334568023681641 -0.089752197265625 0.0430145263671875
-0.0272464752197266 -0.0195503234863281 -0.113449096679688 0.062744140625
-0.0308513641357422 0.00107955932617188 -0.0575332641601562 0.0865249633789063
-0.0289344787597656 0.0211658477783203 -0.00936126708984376 0.068328857421875
-0.0100822448730469 0.0335979461669922 0.00807571411132813 0.0333690643310547
0.0177726745605469 0.0409622192382812 -0.000618934631347656 0.0175189971923828
0.0343513488769531 0.0304832458496094 -0.0245018005371094 0.0195865631103516
0.0319728851318359 0.0232925415039062 -0.040924072265625 0.03125
0.0380439758300781 0.0243568420410156 -0.0546150207519531 0.040435791015625
0.0326576232910156 0.0367202758789062 -0.0674858093261719 0.031707763671875
0.0130043029785156 0.044647216796875 -0.0703353881835938 0.00835418701171874
-0.0132789611816406 0.0464591979980469 -0.0527687072753906 -0.0170021057128906
-0.0456047058105469 0.020782470703125 -0.0272388458251953 -0.0236358642578125
-0.0489959716796875 -0.0177040100097656 -0.0457344055175781 0.00926589965820312
-0.0390548706054688 -0.0459861755371094 -0.104438781738281 0.00023651123046876
0.0326194763183594 -0.0366859436035156 -0.0834121704101563 0.0317230224609375
0.0134315490722656 -0.0352745056152344 -0.105461120605469 0.0532379150390625
-0.00579643249511719 -0.0268192291259766 -0.054168701171875 0.0788650512695313
-0.0257015228271484 -0.0135746002197266 -0.0071563720703125 0.0580368041992188
-0.0266399383544922 0.00870132446289062 0.00696372985839843 0.0223503112792969
-0.0122013092041016 0.0329380035400391 -0.0107707977294922 0.00648307800292969
0.00865936279296875 0.0369110107421875 -0.0364990234375 0.0110549926757812
0.0126361846923828 0.0293388366699219 -0.05377197265625 0.0249481201171875
0.0189037322998047 0.0303306579589844 -0.0671195983886719 0.0329437255859375
0.0141525268554688 0.0380172729492188 -0.0772247314453125 0.0208511352539063
-0.000938415527343754 0.0392990112304688 -0.0747528076171875 -0.00230407714843751
-0.0228462219238281 0.0357818603515625 -0.0532684326171875 -0.0253562927246094
-0.0474052429199219 0.00363159179687501 -0.0288867950439453 -0.029541015625
-0.0357246398925781 -0.0388259887695313 -0.0491180419921875 -0.0031280517578125
-0.0100669860839844 -0.0638618469238281 -0.104286193847656 -0.0159759521484375
-0.0343551635742188 0.0689544677734375 0.101333618164063 0.0241546630859375
0.0336265563964844 0.0623741149902344 0.04718017578125 0.0277175903320313
0.049468994140625 0.00423049926757813 0.0315170288085937 0.0394706726074219
0.0320205688476563 -0.0235328674316406 0.0626869201660156 0.0444564819335938
0.0129661560058594 -0.0336132049560547 0.0860595703125 0.0178146362304687
-0.00592041015625 -0.0446929931640625 0.0893402099609375 -0.0207138061523438
-0.00983810424804688 -0.0389251708984375 0.0792465209960938 -0.0328826904296875
-0.00382232666015625 -0.03717041015625 0.0606765747070313 -0.0222244262695313
0.00889205932617188 -0.0494918823242188 0.0389442443847656 -0.00293731689453125
0.0384063720703125 -0.0323715209960938 0.0129928588867188 0.00543785095214844
0.0529060363769531 0.00491714477539062 -0.0160636901855469 -0.0179061889648438
0.038970947265625 0.0374031066894531 -0.00647735595703125 -0.0533294677734375
-0.0078277587890625 0.0619430541992188 0.0561447143554688 -0.082672119140625
-0.0511207580566406 0.0627899169921875 0.096649169921875 -0.0586395263671875
-0.0770492553710938 0.0460433959960938 0.0661697387695313 -0.0189399719238281
-0.0692367553710938 0.0639305114746094 0.0811691284179688 0.0499191284179688
-0.001953125 0.0754547119140625 0.0336837768554687 0.0527534484863281
0.0322513580322266 0.0303688049316406 0.03009033203125 0.0593070983886719
0.0337886810302734 0.00565147399902344 0.0637969970703125 0.0622787475585937
0.0290565490722656 -0.01214599609375 0.0884552001953125 0.03363037109375
0.0236930847167969 -0.0334568023681641 0.09674072265625 -0.0058135986328125
0.0193862915039063 -0.0376243591308594 0.0828170776367188 -0.0183868408203125
0.0213260650634766 -0.03399658203125 0.0601615905761719 -0.00787353515625
0.03564453125 -0.0427894592285156 0.0339031219482422 0.0124530792236328
0.059173583984375 -0.0188674926757813 0.0034942626953125 0.0200328826904297
0.0618858337402344 0.0237770080566406 -0.0306491851806641 -0.00530624389648438
0.0390586853027344 0.0597763061523438 -0.0265846252441406 -0.0446586608886719
-0.0230941772460938 0.0782318115234375 0.0301589965820312 -0.0810470581054688
-0.0761947631835938 0.0676193237304687 0.0641899108886719 -0.0516319274902344
-0.104331970214844 0.0450057983398437 0.0315494537353516 -0.00850677490234374
-0.0967864990234375 0.0464706420898438 0.046844482421875 0.0721206665039063
-0.0423965454101563 0.0761032104492188 0.00773620605468751 0.0783233642578125
0.00557327270507812 0.0542793273925781 0.0209503173828125 0.081878662109375
0.0274925231933594 0.0389595031738281 0.0595855712890625 0.079986572265625
0.0410614013671875 0.0156936645507813 0.083740234375 0.04827880859375
0.051177978515625 -0.0152664184570313 0.0942916870117188 0.008544921875
0.0468673706054688 -0.0295791625976563 0.0749969482421875 -0.00325775146484375
0.0427703857421875 -0.0249671936035156 0.0495681762695313 0.00706863403320312
0.0559158325195313 -0.0308380126953125 0.0216655731201172 0.0279483795166016
0.0709686279296875 -0.00600433349609375 -0.0103816986083984 0.0339221954345703
0.0637054443359375 0.03564453125 -0.0458641052246094 0.00720214843750001
0.0374832153320312 0.0689735412597656 -0.0450325012207031 -0.03271484375
-0.0271377563476563 0.0833892822265625 0.00303649902343749 -0.0714111328125
-0.084686279296875 0.0680007934570312 0.0279350280761719 -0.0366325378417969
-0.115623474121094 0.0385055541992187 -0.00889587402343751 0.00240612030029297
-0.107948303222656 0.0211105346679687 0.0020599365234375 0.0852890014648437
-0.0759735107421875 0.061553955078125 -0.030242919921875 0.0967254638671875
-0.0250053405761719 0.0672798156738281 0.00319671630859375 0.101707458496094
0.0128746032714844 0.0666236877441406 0.0460052490234375 0.09295654296875
0.0431365966796875 0.0430221557617188 0.0689430236816406 0.0574874877929688
0.0688972473144531 0.0084075927734375 0.0791778564453125 0.02130126953125
0.0666427612304688 -0.0159835815429688 0.0556640625 0.0109291076660156
0.0573043823242188 -0.0127334594726562 0.0302410125732422 0.0205497741699219
0.0671806335449219 -0.0155029296875 0.00465774536132813 0.0396919250488281
0.0742645263671875 0.0068359375 -0.0244102478027344 0.0440521240234375
0.05859375 0.041778564453125 -0.05584716796875 0.01922607421875
0.031005859375 0.0694351196289063 -0.0558891296386719 -0.018768310546875
-0.0283584594726563 0.0777130126953125 -0.0169830322265625 -0.0548744201660156
-0.0821914672851563 0.05718994140625 -0.00333309173583985 -0.0155916213989258
-0.113121032714844 0.0257568359375 -0.0469017028808594 0.0138473510742187
-0.0975723266601563 -0.00765228271484375 -0.0448379516601562 0.0850906372070313
-0.0889968872070313 0.0337677001953125 -0.07244873046875 0.102706909179688
-0.0496444702148438 0.0605735778808594 -0.0211257934570313 0.111473083496094
-0.00787353515625001 0.0767898559570313 0.0270919799804687 0.0964813232421875
0.0330657958984375 0.0610008239746094 0.0477714538574219 0.0569114685058594
0.0716018676757813 0.0310516357421875 0.0543556213378906 0.0276412963867188
0.0738601684570313 0.0011138916015625 0.0288944244384766 0.0202922821044922
0.0624275207519531 0.00103759765625 0.0064239501953125 0.0304470062255859
0.0703201293945312 0.00043487548828125 -0.0145225524902344 0.0477981567382812
0.0700721740722656 0.0205841064453125 -0.0385589599609375 0.0484886169433594
0.048065185546875 0.0479774475097656 -0.0625686645507813 0.025421142578125
0.0182266235351563 0.0674057006835938 -0.0585517883300781 -0.0091552734375
-0.0346717834472656 0.0638923645019531 -0.02642822265625 -0.0356597900390625
-0.0772857666015625 0.0365447998046875 -0.0251903533935547 0.0059814453125
-0.1007080078125 0.00319671630859376 -0.0792312622070313 0.0220108032226563
-0.064849853515625 -0.0313072204589844 -0.0804519653320313 0.0738906860351563
-0.0754852294921875 0.000366210937500007 -0.105178833007813 0.095367431640625
-0.0561752319335938 0.0352058410644531 -0.042144775390625 0.109481811523438
-0.0274543762207031 0.0625534057617188 0.00727081298828125 0.0887451171875
0.012664794921875 0.0615577697753906 0.0259780883789063 0.0485343933105469
0.0561637878417969 0.0457992553710938 0.0256557464599609 0.0267200469970703
0.0670738220214844 0.01910400390625 -5.34057617187441E-05 0.0243301391601562
0.0574722290039063 0.014434814453125 -0.0190162658691406 0.0361671447753906
0.0647506713867188 0.0154342651367188 -0.0348854064941406 0.0494232177734375
0.0603294372558594 0.0332450866699219 -0.0528984069824219 0.0463943481445313
0.0345344543457031 0.0527381896972656 -0.0666923522949219 0.0231056213378906
0.00243377685546875 0.0647773742675781 -0.056732177734375 -0.0069732666015625
-0.0451164245605469 0.0475654602050781 -0.0291271209716797 -0.023101806640625
-0.0724029541015625 0.00947570800781251 -0.0399093627929688 0.0168914794921875
-0.08056640625 -0.0252914428710938 -0.102256774902344 0.0204086303710937
-0.0178413391113281 -0.0463485717773438 -0.0984573364257813 0.0572586059570312
-0.0383529663085937 -0.0280303955078125 -0.119918823242187 0.081207275390625
-0.0412826538085938 0.00059127807617187 -0.0529708862304687 0.100151062011719
-0.0366897583007813 0.0297126770019531 -0.003326416015625 0.0750961303710938
-0.0105819702148438 0.0444755554199219 0.0116386413574219 0.0340023040771484
0.0270195007324219 0.0497398376464844 0.00115966796875 0.0181503295898438
0.0469322204589844 0.0334663391113281 -0.0255775451660156 0.0225200653076172
0.0431747436523438 0.025543212890625 -0.0420455932617188 0.0365028381347656
0.0502662658691406 0.0273246765136719 -0.0546913146972656 0.0474624633789063
0.0450592041015625 0.0415763854980469 -0.0678443908691406 0.0389938354492187
0.020355224609375 0.0539054870605469 -0.07293701171875 0.014617919921875
-0.0117454528808594 0.0591545104980469 -0.0560798645019531 -0.0120925903320312
-0.054656982421875 0.0295829772949219 -0.0302886962890625 -0.020294189453125
-0.064849853515625 -0.0183029174804688 -0.0503616333007813 0.0168533325195313
-0.0549163818359375 -0.0537643432617188 -0.11676025390625 0.00934600830078123
0.0314140319824219 -0.0527267456054688 -0.0938262939453125 0.0406951904296875
0.0071868896484375 -0.0489578247070313 -0.1134033203125 0.0682754516601563
-0.0148525238037109 -0.0331020355224609 -0.0506515502929687 0.09088134765625
-0.0363807678222656 -0.0106658935546875 -0.00225448608398438 0.0618782043457031
-0.0315608978271484 0.0177078247070312 0.00885391235351562 0.0197353363037109
-0.0064849853515625 0.0442085266113281 -0.013031005859375 0.00577163696289063
0.0195541381835938 0.0428314208984375 -0.042236328125 0.0137939453125
0.0226459503173828 0.0331020355224609 -0.0584945678710938 0.0311241149902344
0.0296306610107422 0.0342292785644531 -0.0713653564453125 0.040618896484375
0.0248222351074219 0.04388427734375 -0.0814743041992188 0.0275344848632813
0.005340576171875 0.0484619140625 -0.0799407958984375 0.00263214111328125
-0.0225715637207031 0.0473709106445312 -0.0580673217773438 -0.0224494934082031
-0.0570297241210938 0.0111808776855469 -0.0329189300537109 -0.0272312164306641
-0.0504570007324219 -0.0415916442871094 -0.0567398071289063 0.00229644775390624
-0.023193359375 -0.07513427734375 -0.120010375976563 -0.01153564453125
-0.0236434936523437 0.0794677734375 0.116737365722656 0.0184402465820313
0.0483169555664063 0.0601005554199219 0.0580024719238281 0.0232353210449219
0.0538787841796875 -0.00554656982421875 0.0365219116210938 0.0371780395507813
0.0298023223876953 -0.0329055786132813 0.0682945251464844 0.04254150390625
0.006134033203125 -0.0394058227539063 0.0927352905273438 0.01300048828125
-0.0171546936035156 -0.0465278625488281 0.0950469970703125 -0.0276947021484375
-0.0196876525878906 -0.0391464233398438 0.0851058959960938 -0.0420074462890625
-0.0123023986816406 -0.0384292602539063 0.0672645568847656 -0.0295257568359375
-0.00207138061523437 -0.0544662475585938 0.0469932556152344 -0.006439208984375
0.0334281921386719 -0.0424232482910156 0.0201759338378906 0.0069122314453125
0.0570945739746094 -0.00574493408203125 -0.0154228210449219 -0.0125236511230469
0.0496292114257813 0.0326690673828125 -0.0112495422363281 -0.050750732421875
0.00326538085937499 0.0698776245117188 0.0500869750976562 -0.0907974243164063
-0.0446701049804688 0.07958984375 0.100112915039063 -0.0713653564453125
-0.0753173828125 0.0649948120117188 0.076141357421875 -0.0228271484375
-0.0649337768554688 0.075469970703125 0.0993804931640625 0.049468994140625
0.00849151611328126 0.0777359008789063 0.0472869873046875 0.0519981384277344
0.0368919372558594 0.0249900817871094 0.0374565124511719 0.0582695007324219
0.0333614349365234 0.000146865844726562 0.0721511840820313 0.0610275268554688
0.0259380340576172 -0.0164928436279297 0.0979766845703125 0.0291595458984375
0.01715087890625 -0.0372047424316406 0.10491943359375 -0.0140457153320313
0.0139503479003906 -0.0403900146484375 0.09185791015625 -0.0277633666992188
0.017059326171875 -0.0368270874023438 0.0696487426757813 -0.0154953002929688
0.0294532775878906 -0.048828125 0.0449562072753906 0.00950241088867187
0.059234619140625 -0.0277328491210938 0.0136890411376953 0.0235233306884766
0.0690803527832031 0.0166893005371094 -0.0284061431884766 0.00246810913085938
0.0502166748046875 0.0581626892089844 -0.0308456420898437 -0.0385208129882813
-0.0143814086914063 0.088287353515625 0.0232391357421875 -0.0847625732421875
-0.075164794921875 0.0854263305664062 0.066925048828125 -0.0582695007324219
-0.108177185058594 0.0635452270507812 0.0398902893066406 -0.00616836547851562
-0.0994949340820313 0.0577545166015625 0.0648956298828125 0.0777969360351563
-0.0385284423828125 0.0828628540039062 0.0222930908203125 0.082183837890625
0.00860977172851562 0.05487060546875 0.0312881469726563 0.0828094482421875
0.0302200317382813 0.0385627746582031 0.0700836181640625 0.0798873901367188
0.0422439575195313 0.0134620666503906 0.0957565307617188 0.0443115234375
0.0504722595214844 -0.0195426940917969 0.104759216308594 0.000778198242187499
0.0466041564941406 -0.0348243713378906 0.0850753784179688 -0.01129150390625
0.0431861877441406 -0.0294876098632813 0.0601806640625 0.00109481811523437
0.0551834106445313 -0.0373458862304688 0.0339927673339844 0.0261859893798828
0.0748519897460938 -0.01318359375 0.0012664794921875 0.038421630859375
0.0721054077148438 0.032012939453125 -0.0417366027832031 0.0170097351074219
0.0477294921875 0.0711593627929688 -0.0473747253417969 -0.023956298828125
-0.0216064453125 0.0942916870117188 -0.0031280517578125 -0.0717010498046875
-0.08721923828125 0.0834426879882813 0.0305671691894531 -0.0375709533691406
-0.124069213867187 0.0549392700195313 -0.00262737274169923 0.0103950500488281
-0.117767333984375 0.0294342041015625 0.0171661376953125 0.0961380004882813
-0.0796661376953125 0.0704803466796875 -0.0166168212890625 0.106697082519531
-0.0248794555664063 0.0733108520507813 0.0150909423828125 0.10540771484375
0.01678466796875 0.0716400146484375 0.0582427978515625 0.0948333740234375
0.0487632751464844 0.0443649291992188 0.0811920166015625 0.05499267578125
0.0745086669921875 0.0044403076171875 0.089996337890625 0.0147018432617188
0.0714263916015625 -0.0219955444335938 0.0656204223632813 0.00498199462890625
0.0623016357421875 -0.0174674987792969 0.0405540466308594 0.0166435241699219
0.0725631713867188 -0.0216293334960938 0.0167465209960938 0.0401077270507813
0.081878662109375 0.00200653076171875 -0.0129776000976562 0.0490341186523438
0.0676498413085938 0.0424118041992188 -0.0501899719238281 0.028961181640625
0.03997802734375 0.0752105712890625 -0.0561370849609375 -0.00971221923828124
-0.0264663696289062 0.0885238647460938 -0.0213813781738281 -0.0511322021484375
-0.0888214111328125 0.0708160400390625 7.62939453124513E-06 -0.0115280151367187
-0.125167846679688 0.0387344360351562 -0.04254150390625 0.0255584716796875
-0.112136840820312 -0.00428009033203127 -0.0352783203125 0.100593566894531
-0.0998916625976563 0.0414962768554688 -0.0617294311523438 0.117805480957031
-0.0534706115722656 0.0694351196289063 -0.00910949707031251 0.119377136230469
-0.00522613525390625 0.0864334106445313 0.03826904296875 0.0997161865234375
0.0407829284667969 0.0662002563476563 0.0583152770996094 0.0559158325195313
0.08197021484375 0.0287933349609375 0.0636863708496094 0.0232963562011719
0.0834274291992188 -0.00481414794921875 0.0363235473632813 0.0178871154785156
0.0707778930664063 -0.00330352783203125 0.0140914916992188 0.0296688079833984
0.0801315307617187 -0.0047149658203125 -0.0051116943359375 0.0489883422851563
0.081634521484375 0.0180206298828125 -0.02935791015625 0.0539512634277344
0.0583305358886719 0.0516777038574219 -0.0570106506347656 0.0335273742675781
0.0258636474609375 0.076568603515625 -0.057769775390625 -0.000431060791015608
-0.0363693237304687 0.0754165649414063 -0.0280055999755859 -0.0308170318603516
-0.0878677368164063 0.0469436645507812 -0.0214214324951172 0.0132656097412109
-0.116096496582031 0.011322021484375 -0.0785369873046875 0.0363311767578125
-0.08062744140625 -0.0351181030273438 -0.0781936645507812 0.091217041015625
-0.0904693603515625 0.00343322753906248 -0.100532531738281 0.113784790039063
-0.06475830078125 0.0434799194335938 -0.032073974609375 0.119491577148438
-0.0278701782226563 0.07513427734375 0.0168533325195313 0.09259033203125
0.0194320678710938 0.0706253051757813 0.03271484375 0.0485992431640625
0.0692062377929688 0.0475959777832031 0.0317859649658203 0.0248489379882813
0.0797653198242188 0.0148468017578125 0.00416946411132813 0.0252952575683594
0.0683975219726563 0.0112228393554688 -0.0142059326171875 0.0385932922363281
0.0771408081054688 0.0116424560546875 -0.0288772583007812 0.0534248352050781
0.0737457275390625 0.0327911376953125 -0.0467491149902344 0.0514678955078125
0.045562744140625 0.0591392517089844 -0.0630378723144531 0.0298271179199219
0.00931549072265625 0.0756149291992188 -0.0559463500976563 -0.000267028808593745
-0.0496749877929688 0.0593643188476563 -0.0297660827636719 -0.0180149078369141
-0.0865020751953125 0.0172042846679687 -0.0378227233886719 0.0264472961425781
-0.0986175537109375 -0.02191162109375 -0.105384826660156 0.0344314575195313
-0.0308456420898437 -0.0564002990722656 -0.102363586425781 0.0728530883789062
-0.0533332824707031 -0.0323677062988281 -0.120468139648438 0.0995025634765625
-0.0526924133300781 0.00413131713867188 -0.0452117919921875 0.110984802246094
-0.0424346923828125 0.0408515930175781 0.00409698486328126 0.077850341796875
-0.00729751586914063 0.0555953979492188 0.0146427154541016 0.0328006744384766
0.040130615234375 0.0556449890136719 0.00227546691894531 0.0175933837890625
0.0609359741210938 0.0317840576171875 -0.0259571075439453 0.0256748199462891
0.0548286437988281 0.0239906311035156 -0.0410881042480469 0.0419349670410156
0.0638008117675781 0.0245857238769531 -0.0523948669433594 0.0531005859375
0.0590476989746094 0.0424613952636719 -0.0654335021972656 0.0448188781738281
0.0311622619628906 0.0604820251464844 -0.0723190307617188 0.0204696655273438
-0.00543212890625 0.0708999633789063 -0.0568389892578125 -0.00786209106445313
-0.060699462890625 0.0421066284179687 -0.0304431915283203 -0.0159378051757812
-0.0807342529296875 -0.012939453125 -0.0507659912109375 0.0258903503417969
-0.0740127563476563 -0.0557022094726562 -0.124702453613281 0.0213088989257813
0.02374267578125 -0.0677566528320313 -0.101165771484375 0.052154541015625
-0.0046539306640625 -0.0599098205566406 -0.116409301757813 0.0839004516601563
-0.0263023376464844 -0.0355033874511719 -0.04327392578125 0.0998916625976563
-0.0455474853515625 -0.0031585693359375 0.00343322753906249 0.0622138977050781
-0.0325107574462891 0.0289154052734375 0.0088052749633789 0.0166864395141602
0.00307083129882812 0.0531578063964844 -0.0164527893066406 0.00513458251953125
0.0323486328125 0.0444793701171875 -0.0475082397460938 0.0184860229492188
0.0337543487548828 0.0330486297607422 -0.0619583129882812 0.0389060974121094
0.0417823791503906 0.0338325500488281 -0.073577880859375 0.0483169555664063
0.0379753112792969 0.0460243225097656 -0.0836181640625 0.0333404541015625
0.0148544311523438 0.054962158203125 -0.0830001831054688 0.00777435302734375
-0.0175323486328125 0.0590896606445313 -0.0613670349121094 -0.0187416076660156
-0.0633049011230469 0.0226898193359375 -0.0352706909179688 -0.0236167907714844
-0.0669097900390625 -0.0389480590820313 -0.0622291564941406 0.0107154846191406
-0.0405654907226563 -0.0820388793945313 -0.132926940917969 -0.00279998779296878
-0.0116806030273438 0.0854415893554688 0.130302429199219 0.0104446411132813
0.0598373413085937 0.0542259216308594 0.0659370422363281 0.0160865783691406
0.0556869506835937 -0.0152969360351562 0.0385475158691406 0.0340003967285156
0.024871826171875 -0.0398597717285156 0.072723388671875 0.041473388671875
-0.00137710571289062 -0.0423355102539063 0.0982284545898437 0.00960540771484375
-0.0275306701660156 -0.0445137023925781 0.0993804931640625 -0.0339202880859375
-0.0274429321289062 -0.0363960266113281 0.0896759033203125 -0.0509033203125
-0.0199432373046875 -0.0364952087402344 0.0728225708007813 -0.0382003784179688
-0.0128250122070312 -0.0551490783691406 0.0549278259277344 -0.0121650695800781
0.0266151428222656 -0.0496406555175781 0.0289287567138672 0.00617790222167968
0.0586051940917969 -0.01617431640625 -0.0117206573486328 -0.00783252716064453
0.0578041076660156 0.0253067016601563 -0.0131568908691406 -0.0467071533203125
0.0150375366210938 0.0736465454101563 0.0443878173828125 -0.0950164794921875
-0.0344772338867188 0.092742919921875 0.102081298828125 -0.0819473266601563
-0.0686416625976563 0.0810928344726562 0.0862503051757813 -0.0277633666992187
-0.0584716796875 0.0838623046875 0.115859985351562 0.045196533203125
0.0171661376953125 0.0769424438476563 0.0587577819824219 0.0467376708984375
0.037994384765625 0.0193405151367188 0.0427169799804688 0.0558395385742188
0.0314483642578125 -0.00375747680664063 0.0792388916015625 0.059661865234375
0.0221347808837891 -0.0184478759765625 0.1060791015625 0.0246505737304688
0.0107154846191406 -0.0373992919921875 0.112052917480469 -0.0219345092773438
0.0094146728515625 -0.0405807495117188 0.09881591796875 -0.0381011962890625
0.0134201049804688 -0.0372238159179687 0.0771560668945313 -0.0250396728515625
0.0238113403320312 -0.0518341064453125 0.0554924011230469 0.00403213500976562
0.0567245483398437 -0.0350532531738281 0.0246925354003906 0.0233669281005859
0.0732574462890625 0.009521484375 -0.0222949981689453 0.00871467590332031
0.0592155456542969 0.055267333984375 -0.0305080413818359 -0.0317173004150391
-0.0048980712890625 0.0954360961914063 0.0180282592773438 -0.0857620239257813
-0.06964111328125 0.100845336914063 0.0696754455566406 -0.0646514892578125
-0.106658935546875 0.08111572265625 0.0504188537597656 -0.00560760498046874
-0.101181030273438 0.0672225952148438 0.0832061767578125 0.078155517578125
-0.0349807739257813 0.0874176025390625 0.0360183715820313 0.0813064575195313
0.00954055786132812 0.054901123046875 0.0392990112304688 0.0817718505859375
0.0312728881835938 0.0388565063476563 0.0789642333984375 0.0792922973632812
0.0429840087890625 0.0131759643554687 0.104896545410156 0.0399322509765625
0.0495185852050781 -0.0215835571289063 0.113296508789062 -0.00751495361328125
0.0463409423828125 -0.0378913879394531 0.093505859375 -0.0210647583007813
0.0439414978027344 -0.0322952270507813 0.0687217712402344 -0.00792312622070313
0.0549659729003906 -0.0420646667480469 0.0454063415527344 0.0209846496582031
0.0778274536132813 -0.0193099975585938 0.0134010314941406 0.03851318359375
0.07916259765625 0.0282058715820313 -0.0335960388183594 0.0234718322753906
0.0572509765625 0.0714950561523438 -0.0454330444335938 -0.0156517028808594
-0.0150222778320312 0.102996826171875 -0.00683212280273438 -0.0692672729492188
-0.0867691040039062 0.098602294921875 0.0347213745117187 -0.0389289855957031
-0.1278076171875 0.0711593627929688 0.00737571716308593 0.0157403945922852
-0.126319885253906 0.037933349609375 0.0330429077148437 0.101966857910156
-0.0828094482421875 0.0791397094726563 -0.00302886962890624 0.111228942871094
-0.0255661010742187 0.0793609619140625 0.024658203125 0.106193542480469
0.0203170776367188 0.0772018432617188 0.068206787109375 0.0943145751953125
0.0541496276855469 0.046051025390625 0.0908737182617187 0.0511550903320312
0.0796737670898437 0.0009307861328125 0.0990524291992188 0.0072021484375
0.0756149291992188 -0.0281143188476563 0.0738143920898438 -0.00286865234375
0.0670700073242188 -0.0221977233886719 0.0489959716796875 0.00977706909179687
0.0771713256835938 -0.02752685546875 0.0268936157226563 0.0359992980957031
0.0889511108398437 -0.0031890869140625 -0.00104522705078125 0.0491561889648438
0.0769424438476563 0.0420684814453125 -0.0421829223632813 0.0347900390625
0.0492019653320313 0.07958984375 -0.0533294677734375 -0.00159835815429688
-0.023223876953125 0.0987701416015625 -0.0222625732421875 -0.0474090576171875
-0.0933151245117188 0.0846710205078125 0.00589656829833984 -0.00932025909423828
-0.133987426757813 0.0524368286132813 -0.0346298217773438 0.0353126525878906
-0.126007080078125 0.000831604003906226 -0.0236740112304688 0.111480712890625
-0.109901428222656 0.050811767578125 -0.0505905151367188 0.12750244140625
-0.0571136474609375 0.0791549682617187 0.00153350830078124 0.122520446777344
-0.00162506103515626 0.096710205078125 0.04742431640625 0.100395202636719
0.0489044189453125 0.0717010498046875 0.066131591796875 0.0534248352050781
0.0922622680664063 0.0260009765625 0.0713958740234375 0.01715087890625
0.0920639038085938 -0.0118789672851563 0.0431404113769531 0.0135459899902344
0.0791168212890625 -0.00913238525390625 0.0211086273193359 0.0265026092529297
0.089202880859375 -0.0112686157226563 0.00294876098632813 0.0475730895996094
0.0922775268554688 0.014068603515625 -0.0193519592285156 0.0545425415039063
0.0688629150390625 0.053955078125 -0.0500526428222656 0.0380897521972656
0.0345687866210937 0.0839080810546875 -0.0536346435546875 0.00517654418945314
-0.0363311767578125 0.086700439453125 -0.0266761779785156 -0.0274143218994141
-0.0970687866210938 0.059326171875 -0.0155277252197266 0.018035888671875
-0.129371643066406 0.0219802856445313 -0.072967529296875 0.0471115112304688
-0.0975112915039062 -0.0352630615234375 -0.0727157592773437 0.105575561523438
-0.105598449707031 0.00909423828125002 -0.0928955078125 0.127876281738281
-0.0722579956054687 0.0531082153320313 -0.0219802856445312 0.124420166015625
-0.0263824462890625 0.0880508422851563 0.0240402221679688 0.0933456420898438
0.0281829833984375 0.0791778564453125 0.0381698608398438 0.0467071533203125
0.0827713012695313 0.0471115112304687 0.0361404418945313 0.0210609436035156
0.0909271240234375 0.00814056396484375 0.00744628906250001 0.02447509765625
0.0789108276367188 0.0053253173828125 -0.010223388671875 0.0384178161621094
0.08868408203125 0.00531005859375 -0.0241203308105469 0.0539779663085938
0.0873489379882813 0.0288848876953125 -0.0407371520996094 0.0531845092773438
0.0570335388183594 0.0627593994140625 -0.05853271484375 0.0331573486328125
0.0180282592773437 0.0850601196289063 -0.0533180236816406 0.00400161743164064
-0.0516510009765625 0.0723419189453125 -0.0268688201904297 -0.0147151947021484
-0.0991973876953125 0.0281524658203125 -0.0325584411621094 0.0332889556884766
-0.115608215332031 -0.015472412109375 -0.104591369628906 0.0468368530273437
-0.0470314025878906 -0.0630912780761719 -0.103515625 0.0869293212890625
-0.0701026916503906 -0.0324058532714844 -0.117767333984375 0.114677429199219
-0.0637016296386719 0.0102348327636719 -0.0369415283203125 0.117149353027344
-0.0447120666503906 0.0532379150390625 0.00909423828124999 0.07818603515625
-0.000900268554687497 0.0662803649902344 0.0162010192871094 0.0310878753662109
0.0537490844726563 0.0577354431152344 0.00292205810546875 0.0165014266967774
0.0739974975585937 0.027008056640625 -0.0264091491699219 0.0287876129150391
0.0664520263671875 0.018768310546875 -0.0399246215820312 0.04583740234375
0.076141357421875 0.0194854736328125 -0.0508232116699219 0.0567054748535156
0.07318115234375 0.040008544921875 -0.0634994506835937 0.0474739074707031
0.0427436828613281 0.064697265625 -0.0712814331054687 0.0235748291015625
0.0029144287109375 0.081207275390625 -0.05572509765625 -0.00494766235351562
-0.0635566711425781 0.0550155639648437 -0.0285415649414063 -0.0131607055664062
-0.0957183837890625 -0.00368499755859374 -0.04888916015625 0.0335006713867188
-0.09246826171875 -0.052825927734375 -0.129653930664063 0.0330810546875
0.0115814208984375 -0.0796966552734375 -0.107742309570313 0.0630035400390625
-0.0194091796875 -0.0662269592285156 -0.116943359375 0.0970993041992188
-0.0386276245117188 -0.0345497131347656 -0.036407470703125 0.104850769042969
-0.0521583557128906 0.00642013549804687 0.00669097900390625 0.0606651306152344
-0.0299758911132813 0.0397300720214844 0.006500244140625 0.0141963958740234
0.0150146484375 0.0582122802734375 -0.0205841064453125 0.00593376159667969
0.0444831848144531 0.0421371459960937 -0.0520133972167969 0.0244064331054688
0.04388427734375 0.0300254821777344 -0.0640411376953125 0.046234130859375
0.0529518127441406 0.0302200317382813 -0.0753402709960938 0.0548171997070313
0.0504684448242188 0.0439567565917969 -0.0851974487304688 0.038543701171875
0.0252761840820313 0.0585250854492188 -0.0848464965820312 0.0113983154296875
-0.0102691650390625 0.0681915283203125 -0.0624885559082031 -0.0167884826660156
-0.0665092468261719 0.0346183776855469 -0.0350360870361328 -0.0208473205566406
-0.0809478759765625 -0.0322723388671875 -0.064453125 0.0191497802734375
-0.0585556030273437 -0.082794189453125 -0.142990112304688 0.0066375732421875
-0.0013275146484375 0.0888214111328125 0.143844604492188 0.00210571289062501
0.0695152282714844 0.0478172302246094 0.072723388671875 0.00834655761718751
0.0551185607910156 -0.0240211486816406 0.0407829284667969 0.0329055786132813
0.0197410583496094 -0.0454559326171875 0.0777130126953125 0.0414886474609375
-0.00861740112304687 -0.0430412292480469 0.104843139648438 0.00751495361328125
-0.0361557006835938 -0.0411605834960938 0.106025695800781 -0.0391311645507812
-0.0336647033691406 -0.0318050384521484 0.0959396362304688 -0.0607376098632813
-0.0258026123046875 -0.03350830078125 0.0783004760742188 -0.0473785400390625
-0.0217437744140625 -0.0534896850585938 0.0626449584960938 -0.019775390625
0.0195541381835937 -0.0548057556152344 0.037841796875 0.003082275390625
0.0581169128417969 -0.0251502990722656 -0.00612354278564453 -0.00538730621337891
0.0630378723144531 0.0184326171875 -0.0121421813964844 -0.0436286926269531
0.026275634765625 0.0758819580078125 0.04132080078125 -0.0981826782226563
-0.0232696533203125 0.103324890136719 0.105209350585937 -0.0926055908203125
-0.06085205078125 0.0941925048828125 0.0982131958007813 -0.0339431762695312
-0.05438232421875 0.090911865234375 0.133064270019531 0.0397796630859375
0.0231857299804687 0.0760498046875 0.0685195922851563 0.0414543151855469
0.0379867553710937 0.0155601501464844 0.0462303161621094 0.0542373657226563
0.0290927886962891 -0.00557136535644531 0.0857086181640625 0.0602569580078125
0.0183925628662109 -0.0186595916748047 0.114532470703125 0.0218353271484375
0.00618362426757813 -0.0363807678222656 0.120330810546875 -0.0287857055664062
0.00621414184570313 -0.0401115417480469 0.106559753417969 -0.0490036010742188
0.0108299255371094 -0.0372200012207031 0.0847854614257813 -0.035675048828125
0.0196113586425781 -0.0535392761230469 0.0650711059570313 -0.00410079956054688
0.0544509887695313 -0.04052734375 0.0358963012695313 0.0204238891601563
0.07708740234375 0.00342559814453125 -0.0143966674804687 0.0117969512939453
0.0669364929199219 0.0522270202636719 -0.0277824401855469 -0.0269908905029297
0.00391387939453124 0.101676940917969 0.0153427124023437 -0.0868301391601562
-0.064453125 0.114952087402344 0.0743637084960938 -0.0715789794921875
-0.105613708496094 0.0961227416992187 0.0633277893066406 -0.00757217407226562
-0.104286193847656 0.0757980346679688 0.100379943847656 0.0775909423828125
-0.0340347290039063 0.0920181274414063 0.0474853515625 0.0785598754882812
0.00912857055664062 0.0564765930175781 0.044891357421875 0.0806655883789063
0.0326766967773438 0.0412139892578125 0.0870590209960938 0.079986572265625
0.0446510314941406 0.0141334533691406 0.114364624023438 0.03656005859375
0.0501289367675781 -0.0228729248046875 0.12255859375 -0.01617431640625
0.0470466613769531 -0.0412635803222656 0.101615905761719 -0.0314102172851563
0.0453109741210938 -0.0349845886230469 0.0766677856445313 -0.0178604125976563
0.056060791015625 -0.0459213256835938 0.0551986694335937 0.0134429931640625
0.0811614990234375 -0.0242156982421875 0.0249710083007813 0.0361557006835938
0.0860519409179687 0.0254745483398437 -0.0254020690917969 0.0263938903808594
0.06640625 0.072967529296875 -0.0414619445800781 -0.0105819702148438
-0.00997924804687499 0.112434387207031 -0.00719833374023437 -0.06829833984375
-0.0870285034179687 0.113929748535156 0.0403938293457031 -0.0426712036132812
-0.132781982421875 0.086578369140625 0.0194530487060547 0.0181407928466797
-0.136573791503906 0.0468063354492187 0.0488128662109375 0.106300354003906
-0.0880355834960938 0.0886077880859375 0.00874328613281251 0.112815856933594
-0.0270767211914063 0.0858840942382813 0.0322341918945313 0.106452941894531
0.0240325927734375 0.0843658447265625 0.0763626098632813 0.0953369140625
0.0601081848144531 0.0493125915527344 0.0996627807617188 0.0481948852539063
0.0857925415039062 -0.00167083740234375 0.107521057128906 -0.0005035400390625
0.0810775756835938 -0.0341720581054688 0.0813980102539062 -0.0108413696289063
0.0728607177734375 -0.0270156860351562 0.0559234619140625 0.0022735595703125
0.0835723876953125 -0.03363037109375 0.0354957580566406 0.0303268432617187
0.0974960327148438 -0.00788116455078125 0.00937271118164063 0.0469627380371094
0.0866470336914063 0.0425033569335938 -0.0342864990234375 0.03668212890625
0.05877685546875 0.0844497680664063 -0.04803466796875 0.00305175781250002
-0.020965576171875 0.109832763671875 -0.021148681640625 -0.045562744140625
-0.0986404418945312 0.099517822265625 0.0123615264892578 -0.00926876068115234
-0.14349365234375 0.066375732421875 -0.0252227783203125 0.0410842895507813
-0.142532348632813 0.00753784179687497 -0.0128326416015625 0.120582580566406
-0.12115478515625 0.0616989135742188 -0.0410919189453125 0.135124206542969
-0.0620269775390625 0.0901031494140625 0.0085906982421875 0.124313354492188
0.003082275390625 0.108123779296875 0.0550613403320313 0.101943969726562
0.0581436157226562 0.076995849609375 0.0730514526367187 0.0514907836914063
0.103111267089844 0.0226974487304688 0.0773849487304688 0.0116119384765625
0.100875854492188 -0.0196380615234375 0.0486412048339844 0.00859832763671875
0.088104248046875 -0.0154647827148438 0.0258636474609375 0.0223922729492188
0.0990676879882813 -0.0177841186523438 0.00901412963867188 0.0443534851074219
0.104179382324219 0.00948333740234375 -0.0118789672851562 0.0529937744140625
0.08111572265625 0.0562362670898438 -0.0444259643554687 0.0396652221679688
0.0446243286132813 0.0913009643554687 -0.0497970581054688 0.00813674926757812
-0.0358505249023438 0.0995254516601562 -0.0239658355712891 -0.0256690979003906
-0.106765747070313 0.0739212036132813 -0.00825691223144532 0.0207176208496094
-0.1431884765625 0.034332275390625 -0.0670127868652344 0.0557098388671875
-0.116218566894531 -0.0325851440429687 -0.0677413940429688 0.117973327636719
-0.120803833007813 0.0181198120117187 -0.0870285034179687 0.138862609863281
-0.0797805786132813 0.0647201538085937 -0.0153656005859375 0.128562927246094
-0.0240249633789062 0.101783752441406 0.0293655395507812 0.0957107543945313
0.0377883911132813 0.0872039794921875 0.0417098999023437 0.0455665588378906
0.096588134765625 0.0449676513671875 0.0393257141113281 0.0181350708007813
0.102317810058594 -0.00014495849609375 0.0103530883789063 0.0236682891845703
0.0892105102539063 -0.00170135498046875 -0.00737762451171874 0.0383453369140625
0.100341796875 -0.00203704833984375 -0.0213394165039062 0.05401611328125
0.100753784179687 0.0239486694335937 -0.0371856689453125 0.0530815124511719
0.0707168579101563 0.0655899047851563 -0.0560111999511719 0.0336799621582031
0.0283126831054687 0.0950851440429688 -0.0508041381835938 0.00519561767578125
-0.0528945922851563 0.0858230590820313 -0.0237903594970703 -0.0145683288574219
-0.111358642578125 0.041534423828125 -0.0273704528808594 0.037933349609375
-0.132728576660156 -0.00605010986328127 -0.103279113769531 0.0570526123046875
-0.064453125 -0.0661849975585938 -0.105491638183594 0.100288391113281
-0.0872268676757813 -0.028900146484375 -0.116065979003906 0.127998352050781
-0.0742263793945313 0.0188446044921875 -0.0317611694335938 0.121742248535156
-0.0461006164550781 0.0664749145507813 0.0115737915039062 0.0790176391601563
0.006683349609375 0.07611083984375 0.0159854888916016 0.0308799743652344
0.0679588317871094 0.0586204528808594 0.00228977203369141 0.0166759490966797
0.0859832763671875 0.0201568603515625 -0.02703857421875 0.0318832397460938
0.0768508911132813 0.012603759765625 -0.0400123596191406 0.0496139526367187
0.0880203247070313 0.0122604370117188 -0.0518913269042969 0.0605201721191406
0.0868759155273438 0.0348434448242188 -0.0641899108886719 0.0497398376464844
0.055328369140625 0.0679512023925781 -0.0719528198242188 0.02471923828125
0.0124435424804687 0.0906524658203125 -0.0557861328125 -0.00418853759765624
-0.0651702880859375 0.0688362121582031 -0.0259590148925781 -0.0128726959228516
-0.109016418457031 0.00742340087890626 -0.0460472106933594 0.040252685546875
-0.110404968261719 -0.0469131469726563 -0.133956909179688 0.0428390502929688
-0.00153350830078125 -0.0882034301757813 -0.115188598632812 0.0750503540039063
-0.0343856811523437 -0.0692291259765625 -0.1187744140625 0.109420776367187
-0.04949951171875 -0.0313835144042969 -0.032257080078125 0.108863830566406
-0.0569229125976562 0.0165252685546875 0.00711822509765624 0.059722900390625
-0.0261497497558594 0.0494918823242188 0.00217437744140625 0.0131673812866211
0.0270423889160156 0.0609550476074219 -0.0256080627441406 0.00793266296386719
0.0556907653808594 0.0378837585449219 -0.0565872192382812 0.0315399169921875
0.0530433654785156 0.0255241394042969 -0.0670242309570312 0.0537986755371094
0.0632514953613281 0.0246124267578125 -0.0783233642578125 0.061279296875
0.0622024536132813 0.0401992797851563 -0.0891189575195313 0.0424270629882813
0.0361518859863281 0.0608940124511719 -0.088836669921875 0.0130691528320312
-0.00212860107421876 0.07568359375 -0.0644645690917969 -0.0161094665527344
-0.0681533813476563 0.0463142395019531 -0.0340766906738281 -0.0198116302490234
-0.09375 -0.0240249633789063 -0.0657501220703125 0.0270729064941406
-0.0752029418945312 -0.081146240234375 -0.153610229492188 0.015899658203125
0.00921630859375001 0.0915603637695313 0.158599853515625 -0.00816345214843749
0.0787582397460938 0.0409164428710938 0.0785903930664063 0.000427246093750002
0.0536003112792969 -0.0321922302246094 0.0424156188964844 0.0320968627929688
0.014495849609375 -0.0502433776855469 0.084991455078125 0.0431289672851563
-0.0153121948242187 -0.0441513061523438 0.11444091796875 0.00464630126953125
-0.0444450378417969 -0.0369224548339844 0.115646362304687 -0.0473175048828125
-0.0393562316894531 -0.0276374816894531 0.102622985839844 -0.0726089477539063
-0.0309505462646484 -0.0300045013427734 0.08416748046875 -0.0598831176757813
-0.0303421020507813 -0.0513191223144531 0.0701141357421875 -0.029541015625
0.0119552612304688 -0.05926513671875 0.0472793579101563 -0.00235366821289063
0.057159423828125 -0.03424072265625 0.00035810470581055 -0.00482320785522461
0.06793212890625 0.0112228393554687 -0.00956344604492187 -0.0431060791015625
0.0381546020507812 0.077667236328125 0.0403213500976563 -0.103446960449219
-0.0109024047851563 0.113594055175781 0.111236572265625 -0.106178283691406
-0.0518035888671875 0.107276916503906 0.111770629882813 -0.0443038940429688
-0.0521392822265625 0.097930908203125 0.151123046875 0.0323944091796875
0.0280380249023437 0.076263427734375 0.0776901245117188 0.03466796875
0.0370941162109375 0.0128746032714844 0.0507316589355469 0.0541954040527344
0.0274906158447266 -0.00642204284667969 0.0953292846679688 0.0618667602539063
0.0168132781982422 -0.0183296203613281 0.125785827636719 0.0181427001953125
0.00273704528808594 -0.0347194671630859 0.131057739257813 -0.0391159057617188
0.00436019897460938 -0.0401763916015625 0.114944458007813 -0.0629653930664063
0.00972366333007813 -0.0378608703613281 0.0914306640625 -0.0490036010742187
0.0155067443847656 -0.0547370910644531 0.0745086669921875 -0.0149993896484375
0.0536918640136719 -0.0460090637207031 0.0472373962402344 0.0144996643066406
0.0808868408203125 -0.00283050537109375 -0.00642395019531249 0.0128154754638672
0.0752792358398438 0.04998779296875 -0.02386474609375 -0.0242652893066406
0.0133590698242187 0.108695983886719 0.0155181884765625 -0.089935302734375
-0.0577392578125 0.12994384765625 0.080657958984375 -0.0816574096679688
-0.103981018066406 0.113227844238281 0.0780029296875 -0.0129623413085937
-0.109954833984375 0.0867385864257813 0.119537353515625 0.07440185546875
-0.0343017578125 0.0995407104492188 0.05804443359375 0.0755157470703125
0.00867843627929688 0.0611534118652344 0.0510025024414063 0.0815811157226563
0.034942626953125 0.0450477600097656 0.0972824096679688 0.0816574096679688
0.048095703125 0.0158119201660156 0.125862121582031 0.0327377319335938
0.0526885986328125 -0.0247802734375 0.13299560546875 -0.0260086059570313
0.04962158203125 -0.0456085205078125 0.110946655273438 -0.0446014404296875
0.048919677734375 -0.0386466979980469 0.0839920043945313 -0.0301132202148438
0.0587425231933594 -0.0515670776367188 0.0649681091308594 0.00370025634765625
0.0864944458007813 -0.0304946899414062 0.0362777709960938 0.0306625366210937
0.0955734252929688 0.0222549438476563 -0.0167140960693359 0.0276660919189453
0.0767822265625 0.0745697021484375 -0.0366058349609375 -0.007080078125
-0.00304412841796874 0.123344421386719 -0.00719833374023437 -0.0697593688964844
-0.0868988037109375 0.132354736328125 0.0473556518554687 -0.0483055114746094
-0.138031005859375 0.104820251464844 0.0328521728515625 0.0178089141845703
-0.15020751953125 0.0594482421875 0.065185546875 0.109916687011719
-0.0945358276367188 0.1016845703125 0.0190353393554688 0.115493774414063
-0.0291671752929687 0.0971832275390625 0.0386962890625 0.109176635742188
0.0304336547851563 0.0940170288085938 0.0864715576171875 0.0982208251953125
0.0688514709472656 0.05279541015625 0.109970092773438 0.045166015625
0.0941543579101563 -0.00543212890625 0.116661071777344 -0.00962066650390625
0.0879058837890625 -0.0422439575195312 0.0897064208984375 -0.020751953125
0.080169677734375 -0.0340194702148438 0.0620689392089844 -0.006591796875
0.0911636352539062 -0.0415267944335937 0.043609619140625 0.0232925415039062
0.107925415039063 -0.0145339965820313 0.0185470581054688 0.0426750183105469
0.0991592407226562 0.0418014526367187 -0.02740478515625 0.0376434326171875
0.07073974609375 0.09027099609375 -0.0436553955078125 0.00565719604492189
-0.0165557861328125 0.123992919921875 -0.0192375183105469 -0.0465774536132812
-0.103813171386719 0.118743896484375 0.0197925567626953 -0.0115013122558594
-0.154815673828125 0.0844879150390625 -0.0145225524902344 0.0451622009277344
-0.16107177734375 0.0184173583984375 -0.001007080078125 0.1302490234375
-0.134063720703125 0.0772552490234375 -0.0326995849609375 0.142578125
-0.066802978515625 0.105445861816406 0.0148162841796875 0.128921508789063
0.00928497314453125 0.122230529785156 0.0635604858398438 0.10577392578125
0.0700454711914063 0.0831222534179688 0.0805511474609375 0.0500640869140625
0.116523742675781 0.0184097290039063 0.084442138671875 0.0050048828125
0.110946655273438 -0.0300369262695313 0.0542640686035156 0.00301361083984375
0.0983123779296875 -0.0241241455078125 0.0299777984619141 0.0172710418701172
0.109939575195312 -0.0284271240234375 0.0134773254394531 0.0411262512207031
0.117866516113281 0.00197601318359375 -0.00654983520507812 0.05059814453125
0.0960693359375 0.0576400756835938 -0.0400314331054687 0.0397529602050781
0.0580825805664063 0.100479125976563 -0.0463180541992188 0.00963973999023439
-0.0343856811523438 0.115562438964844 -0.0211505889892578 -0.0271263122558594
-0.116432189941406 0.0927734375 -0.00140190124511719 0.0218429565429688
-0.1590576171875 0.0501251220703125 -0.0614356994628906 0.0633583068847656
-0.136611938476563 -0.0264511108398438 -0.0637664794921875 0.131790161132813
-0.138526916503906 0.0310134887695313 -0.0829620361328125 0.15240478515625
-0.0880050659179687 0.0796966552734375 -0.0100784301757813 0.134719848632813
-0.0197677612304688 0.117919921875 0.0349349975585937 0.09967041015625
0.0496368408203125 0.0957489013671875 0.0456352233886719 0.0456886291503906
0.112197875976563 0.0413436889648437 0.0423088073730469 0.015350341796875
0.114494323730469 -0.0108795166015625 0.0124588012695313 0.02337646484375
0.100112915039063 -0.0108566284179688 -0.00595092773437499 0.0387496948242188
0.113174438476563 -0.01300048828125 -0.0201797485351562 0.0555610656738281
0.116310119628906 0.0172805786132813 -0.0354270935058594 0.0533714294433594
0.0860366821289063 0.0680999755859375 -0.0558128356933594 0.0346336364746094
0.0414276123046875 0.104644775390625 -0.0499420166015625 0.00559616088867189
-0.052734375 0.102005004882812 -0.0211505889892578 -0.0161094665527344
-0.124496459960937 0.0590057373046875 -0.0215377807617188 0.0421981811523438
-0.15087890625 0.00714111328124997 -0.10308837890625 0.0669174194335938
-0.0833969116210938 -0.0656661987304688 -0.108207702636719 0.116706848144531
-0.105072021484375 -0.0222854614257813 -0.116546630859375 0.143630981445313
-0.0848236083984375 0.0295486450195313 -0.0276641845703125 0.128707885742188
-0.04559326171875 0.0823440551757812 0.0136489868164062 0.0826263427734375
0.0164642333984375 0.0860443115234375 0.0152225494384766 0.0313434600830078
0.0839309692382812 0.056976318359375 0.000440597534179692 0.0173625946044922
0.0985794067382812 0.0112457275390625 -0.0287857055664062 0.0366363525390625
0.0868988037109375 0.0045013427734375 -0.0409164428710938 0.0553436279296875
0.100303649902344 0.00274658203125 -0.0529861450195312 0.0664482116699219
0.101081848144531 0.0287246704101562 -0.0664825439453125 0.0529670715332031
0.0696792602539063 0.0707244873046875 -0.0747146606445313 0.0255584716796875
0.0248641967773437 0.0998611450195312 -0.0574722290039063 -0.00504302978515625
-0.0660247802734375 0.0843429565429688 -0.0241870880126953 -0.0144767761230469
-0.123207092285156 0.0227584838867188 -0.0438003540039063 0.0468215942382813
-0.130271911621094 -0.0384292602539062 -0.13970947265625 0.0549087524414062
-0.0164337158203125 -0.0949020385742188 -0.123893737792969 0.0897979736328125
-0.050323486328125 -0.0702972412109375 -0.123672485351562 0.124717712402344
-0.0611991882324219 -0.0269660949707031 -0.02978515625 0.115005493164063
-0.0612297058105469 0.02783203125 0.00571441650390625 0.0617218017578125
-0.0202827453613281 0.0590972900390625 -0.001708984375 0.013946533203125
0.0400886535644531 0.0624351501464844 -0.0308437347412109 0.0118350982666016
0.0665283203125 0.031951904296875 -0.0608901977539063 0.0401954650878906
0.0622062683105469 0.0196456909179688 -0.07073974609375 0.0635833740234375
0.0728073120117188 0.017486572265625 -0.0831451416015625 0.0712356567382813
0.0736465454101563 0.0347137451171875 -0.09619140625 0.048858642578125
0.0474777221679688 0.0630569458007813 -0.09521484375 0.0155792236328125
0.00809478759765626 0.0836257934570313 -0.0687103271484375 -0.0166740417480469
-0.0690116882324219 0.058563232421875 -0.0347118377685547 -0.0205154418945312
-0.106552124023438 -0.0137100219726563 -0.0673904418945313 0.0354766845703125
-0.0924530029296875 -0.0771865844726563 -0.166748046875 0.02777099609375
0.0200271606445313 0.0943527221679687 0.175216674804688 -0.0247802734375
0.0874557495117188 0.0321578979492188 0.0840225219726563 -0.0105209350585937
0.0519142150878906 -0.0407981872558594 0.0456504821777344 0.032623291015625
0.00759887695312499 -0.0550155639648438 0.0954742431640625 0.0429611206054688
-0.0228271484375 -0.0436897277832031 0.12750244140625 -0.00131988525390625
-0.052642822265625 -0.0308914184570312 0.126564025878906 -0.0600814819335938
-0.0446090698242188 -0.0223579406738281 0.108787536621094 -0.09002685546875
-0.0361557006835938 -0.0262680053710937 0.0882492065429688 -0.0762939453125
-0.0390586853027344 -0.0478096008300781 0.0774688720703125 -0.0437850952148437
0.00400161743164063 -0.0628738403320313 0.0563697814941406 -0.0113677978515625
0.054962158203125 -0.0439567565917969 0.00715446472167969 -0.00674200057983399
0.0736465454101563 0.002227783203125 -0.00691223144531249 -0.0435333251953125
0.051300048828125 0.0781173706054688 0.039642333984375 -0.111610412597656
0.00487518310546875 0.122650146484375 0.115165710449219 -0.125015258789063
-0.0410003662109375 0.120468139648438 0.1260986328125 -0.0606842041015625
-0.0488128662109375 0.108306884765625 0.171234130859375 0.01953125
0.0347442626953125 0.0768280029296875 0.0865020751953125 0.0259323120117188
0.0368537902832031 0.0111083984375 0.0559120178222656 0.0538253784179688
0.0269908905029297 -0.00746536254882812 0.108070373535156 0.061767578125
0.0156936645507813 -0.0180072784423828 0.14031982421875 0.0117111206054687
-0.000238418579101559 -0.0335750579833984 0.143081665039063 -0.0537109375
0.00301361083984375 -0.0406837463378906 0.122520446777344 -0.0819931030273438
0.00885009765625001 -0.0391197204589844 0.09735107421875 -0.0671844482421875
0.0131149291992187 -0.0580368041992188 0.08258056640625 -0.0299835205078125
0.052734375 -0.0527992248535156 0.05810546875 0.00534439086914062
0.08660888671875 -0.0109710693359375 0.00236797332763672 0.0112972259521484
0.0855178833007813 0.0458602905273438 -0.0197257995605469 -0.0237312316894531
0.02508544921875 0.1160888671875 0.014312744140625 -0.0950088500976562
-0.0483856201171875 0.147567749023438 0.086334228515625 -0.0965499877929687
-0.100540161132812 0.132781982421875 0.0938034057617188 -0.02386474609375
-0.115119934082031 0.103172302246094 0.141342163085937 0.068023681640625
-0.0322494506835938 0.111129760742188 0.0699310302734375 0.0718002319335938
0.00923919677734374 0.0679893493652344 0.05804443359375 0.0827713012695313
0.04052734375 0.0504302978515625 0.111335754394531 0.082489013671875
0.0539817810058594 0.0165481567382813 0.140838623046875 0.025787353515625
0.0567245483398438 -0.0280838012695313 0.144821166992188 -0.0412750244140625
0.0524826049804688 -0.0525093078613281 0.118972778320312 -0.0627975463867187
0.052978515625 -0.0456886291503906 0.0895538330078125 -0.046051025390625
0.0612945556640625 -0.059600830078125 0.0724258422851563 -0.00912475585937501
0.0922012329101563 -0.0400772094726563 0.0473556518554688 0.0223655700683594
0.106735229492188 0.0170822143554688 -0.00864410400390624 0.0266151428222656
0.0908126831054688 0.0758056640625 -0.0319099426269531 -0.0059356689453125
0.00714874267578126 0.136795043945313 -0.00724792480468749 -0.0734786987304687
-0.0839385986328125 0.155014038085937 0.0538482666015625 -0.0587654113769531
-0.141799926757813 0.128677368164063 0.0474853515625 0.0134162902832031
-0.164382934570313 0.0780792236328125 0.0849075317382812 0.111419677734375
-0.09906005859375 0.1212158203125 0.0311431884765625 0.118209838867188
-0.0289306640625 0.112411499023438 0.0472183227539062 0.112457275390625
0.0402603149414063 0.105049133300781 0.100517272949219 0.100753784179688
0.0816497802734375 0.0555801391601562 0.123420715332031 0.0399169921875
0.104766845703125 -0.0127182006835938 0.127159118652344 -0.0224380493164063
0.094757080078125 -0.0541534423828125 0.097015380859375 -0.0346221923828125
0.08831787109375 -0.0445556640625 0.0670318603515625 -0.0184440612792969
0.09954833984375 -0.0542831420898437 0.0498886108398438 0.0143013000488281
0.119293212890625 -0.0255050659179687 0.0264244079589844 0.03717041015625
0.115676879882813 0.03900146484375 -0.0210380554199219 0.0364990234375
0.0876388549804688 0.0955886840820313 -0.0393791198730469 0.00687026977539064
-0.00888061523437501 0.1407470703125 -0.01873779296875 -0.04962158203125
-0.105728149414063 0.144256591796875 0.0277156829833984 -0.0170364379882812
-0.165298461914063 0.109024047851563 -0.0027618408203125 0.0473976135253906
-0.181732177734375 0.0361480712890625 0.01300048828125 0.140060424804688
-0.14569091796875 0.100387573242188 -0.02288818359375 0.153488159179688
-0.06866455078125 0.125640869140625 0.0240554809570313 0.135635375976563
0.021514892578125 0.139114379882813 0.0746917724609375 0.109596252441406
0.0862503051757813 0.0887985229492188 0.090972900390625 0.047271728515625
0.132293701171875 0.0095062255859375 0.091644287109375 -0.00344085693359375
0.121406555175781 -0.0441436767578125 0.0593528747558594 -0.00440216064453125
0.108535766601563 -0.037384033203125 0.0334091186523438 0.0123825073242188
0.122116088867188 -0.043365478515625 0.0177078247070313 0.0378837585449219
0.133682250976563 -0.00983428955078125 -0.00149917602539062 0.0482254028320312
0.115478515625 0.0564498901367188 -0.0377578735351563 0.0401725769042969
0.0761566162109375 0.10809326171875 -0.0441551208496094 0.0102577209472656
-0.0286331176757813 0.135025024414063 -0.0202560424804688 -0.0299625396728516
-0.123283386230469 0.118766784667969 0.00621414184570312 0.0206680297851563
-0.174407958984375 0.0733489990234375 -0.054107666015625 0.0717086791992188
-0.16058349609375 -0.013946533203125 -0.0569305419921875 0.148895263671875
-0.15521240234375 0.0513763427734375 -0.077362060546875 0.1690673828125
-0.0943603515625 0.100357055664062 -0.00265502929687499 0.1429443359375
-0.010345458984375 0.137466430664063 0.0428390502929688 0.104713439941406
0.0667953491210938 0.103248596191406 0.0503120422363281 0.0455513000488281
0.130828857421875 0.0331649780273438 0.0454177856445313 0.0118865966796875
0.126556396484375 -0.0253372192382813 0.0147247314453125 0.0230789184570313
0.111862182617188 -0.0241622924804688 -0.004791259765625 0.0404891967773438
0.126502990722656 -0.0283279418945313 -0.0188941955566406 0.0586585998535156
0.133613586425781 0.00496673583984375 -0.0352668762207031 0.0550155639648438
0.10540771484375 0.0673065185546875 -0.057525634765625 0.03582763671875
0.0592269897460938 0.113525390625 -0.0504608154296875 0.00533676147460938
-0.0489654541015625 0.122177124023438 -0.0205249786376953 -0.019012451171875
-0.134986877441406 0.0828933715820313 -0.014984130859375 0.0449142456054688
-0.169830322265625 0.0264892578125 -0.102554321289063 0.0792922973632813
-0.106292724609375 -0.0619277954101562 -0.110076904296875 0.137130737304688
-0.125015258789063 -0.00966644287109375 -0.116180419921875 0.163482666015625
-0.0949935913085938 0.0451431274414063 -0.0222320556640625 0.138076782226563
-0.0415496826171875 0.100479125976563 0.017333984375 0.0877914428710938
0.0304794311523437 0.0954208374023438 0.0154972076416016 0.0336380004882813
0.102096557617188 0.0516891479492188 -0.000545501708984368 0.0191154479980469
0.110984802246094 -0.00144195556640625 -0.0296783447265625 0.0432281494140625
0.0982589721679687 -0.00673675537109375 -0.0421295166015625 0.0633811950683594
0.113029479980469 -0.0102081298828125 -0.0548553466796875 0.0750656127929687
0.117622375488281 0.0179443359375 -0.0701904296875 0.0589523315429688
0.0876541137695312 0.0706558227539063 -0.0816268920898438 0.0293197631835938
0.0405349731445313 0.108757019042969 -0.0616226196289063 -0.00443649291992188
-0.0634994506835938 0.102363586425781 -0.0248279571533203 -0.0172367095947266
-0.136177062988281 0.0423507690429687 -0.0401039123535156 0.0539093017578125
-0.150848388671875 -0.0240325927734375 -0.146942138671875 0.0702362060546875
-0.0330581665039063 -0.0999221801757813 -0.132415771484375 0.110466003417969
-0.0686416625976563 -0.0679473876953125 -0.126602172851563 0.144760131835938
-0.0740890502929688 -0.01904296875 -0.0260543823242188 0.12359619140625
-0.06353759765625 0.0424690246582031 0.00557708740234374 0.0648612976074219
-0.0118865966796875 0.0690956115722656 -0.00629138946533203 0.0164527893066406
0.0547142028808594 0.0606460571289063 -0.0365219116210938 0.0173492431640625
0.0776596069335937 0.0234832763671875 -0.0652732849121094 0.051971435546875
0.0702781677246094 0.0112762451171875 -0.0728073120117188 0.0768661499023437
0.08331298828125 0.0079498291015625 -0.0872344970703125 0.0852813720703125
0.0864028930664063 0.0266799926757813 -0.103622436523437 0.0592422485351562
0.0614585876464844 0.0630836486816406 -0.104843139648437 0.0211257934570313
0.0207290649414062 0.091156005859375 -0.07574462890625 -0.0167236328125
-0.0682449340820313 0.0738906860351563 -0.0360527038574219 -0.0223197937011719
-0.119598388671875 0.00115203857421873 -0.0675849914550781 0.0464286804199219
-0.111892700195313 -0.0706939697265625 -0.180328369140625 0.0437774658203125
0.03302001953125 0.095947265625 0.1893310546875 -0.049102783203125
0.0961227416992187 0.0191879272460937 0.0868911743164063 -0.0241546630859375
0.0480690002441406 -0.0502738952636719 0.0502052307128906 0.0309677124023437
-0.00135040283203126 -0.0590553283691406 0.107467651367188 0.038909912109375
-0.03179931640625 -0.0423316955566406 0.141647338867188 -0.0138092041015625
-0.0608863830566406 -0.0223846435546875 0.134361267089844 -0.0793609619140625
-0.0488243103027344 -0.0151596069335938 0.110023498535156 -0.113296508789063
-0.0404281616210938 -0.020477294921875 0.0879364013671875 -0.0978775024414063
-0.0481834411621094 -0.0427894592285156 0.0797576904296875 -0.0623855590820312
-0.00615310668945312 -0.0657882690429688 0.0626602172851563 -0.0243949890136719
0.0496826171875 -0.0544357299804688 0.0143241882324219 -0.0115079879760742
0.0779647827148437 -0.00939178466796875 -0.00484085083007812 -0.0469436645507813
0.0667877197265625 0.0744552612304688 0.0344085693359375 -0.121864318847656
0.024932861328125 0.128570556640625 0.113662719726563 -0.148452758789063
-0.0254058837890625 0.132530212402344 0.137741088867188 -0.0848312377929688
-0.0421981811523438 0.120582580566406 0.190597534179688 -0.00154113769531249
0.0424118041992187 0.0761795043945312 0.0947799682617188 0.0138626098632813
0.0367507934570313 0.0100173950195313 0.0628890991210938 0.0521087646484375
0.0266876220703125 -0.00818824768066406 0.123008728027344 0.0569915771484375
0.014862060546875 -0.0181732177734375 0.155670166015625 -0.001953125
-0.00275611877441406 -0.032623291015625 0.1514892578125 -0.0751953125
0.00123977661132812 -0.0419158935546875 0.12457275390625 -0.107460021972656
0.00713348388671875 -0.0418281555175781 0.0974655151367187 -0.0893325805664062
0.00834655761718751 -0.0606422424316406 0.0864410400390625 -0.0489730834960938
0.0498161315917969 -0.0608634948730469 0.0673179626464844 -0.00842666625976563
0.0902252197265625 -0.0213165283203125 0.0107917785644531 0.00722980499267578
0.097076416015625 0.0394058227539063 -0.01611328125 -0.0254230499267578
0.0416641235351562 0.121902465820312 0.010498046875 -0.102531433105469
-0.0325164794921875 0.164886474609375 0.0868606567382813 -0.115959167480469
-0.0904541015625 0.154815673828125 0.108085632324219 -0.041900634765625
-0.116989135742187 0.124794006347656 0.163375854492188 0.0540008544921875
-0.0263519287109375 0.123870849609375 0.0818710327148438 0.063629150390625
0.0138168334960938 0.075714111328125 0.0673141479492188 0.0817031860351563
0.0487785339355469 0.0535163879394531 0.12933349609375 0.0787429809570313
0.0618743896484375 0.0155105590820312 0.156143188476563 0.0130462646484375
0.0602188110351563 -0.0344657897949219 0.153366088867188 -0.062713623046875
0.0528755187988281 -0.0622825622558594 0.121879577636719 -0.085693359375
0.0554008483886719 -0.0556411743164063 0.0908660888671875 -0.0665359497070313
0.0617141723632813 -0.071380615234375 0.0773162841796875 -0.026275634765625
0.0971832275390625 -0.0538558959960938 0.0564041137695313 0.00987625122070312
0.1192626953125 0.0057525634765625 -0.000278472900390617 0.0226554870605469
0.108261108398437 0.0731735229492188 -0.0273952484130859 -0.00617218017578125
0.0230712890625 0.148422241210938 -0.0102615356445313 -0.078399658203125
-0.0724334716796875 0.180831909179688 0.0570068359375 -0.0728988647460937
-0.138473510742187 0.15826416015625 0.0625343322753906 0.00440597534179689
-0.175064086914063 0.104934692382813 0.107612609863281 0.107231140136719
-0.098175048828125 0.146087646484375 0.0465621948242187 0.118515014648438
-0.0230865478515625 0.129829406738281 0.0587844848632813 0.114494323730469
0.0566024780273438 0.114456176757812 0.117965698242188 0.0987777709960938
0.0972824096679688 0.054107666015625 0.138031005859375 0.0297775268554688
0.11444091796875 -0.0257034301757813 0.134819030761719 -0.04071044921875
0.0984039306640625 -0.0700759887695313 0.100822448730469 -0.0527496337890625
0.09375 -0.0611114501953125 0.0692863464355469 -0.0331954956054688
0.1048583984375 -0.072540283203125 0.0547065734863281 0.0028076171875
0.129875183105469 -0.0431976318359375 0.0338764190673828 0.0284309387207031
0.134521484375 0.0290603637695313 -0.0148658752441406 0.0346126556396484
0.109703063964844 0.0954818725585938 -0.0354652404785156 0.00639724731445313
0.00659179687500001 0.158584594726563 -0.0198898315429688 -0.0541725158691406
-0.100173950195312 0.174224853515625 0.03326416015625 -0.0256137847900391
-0.168701171875 0.141693115234375 0.0104827880859375 0.0461006164550781
-0.199844360351563 0.0641326904296876 0.0312652587890625 0.147720336914063
-0.1510009765625 0.131301879882813 -0.00761413574218749 0.1636962890625
-0.0637969970703125 0.15045166015625 0.035980224609375 0.139579772949219
0.041473388671875 0.154159545898437 0.090484619140625 0.110786437988281
0.108222961425781 0.088592529296875 0.101272583007813 0.0408706665039063
0.14794921875 -0.006805419921875 0.0973052978515625 -0.0162887573242188
0.128318786621094 -0.065338134765625 0.0628013610839844 -0.0141754150390625
0.116325378417969 -0.0566177368164062 0.0356292724609375 0.00562667846679687
0.129920959472656 -0.0653610229492188 0.0211544036865234 0.0333290100097656
0.1484375 -0.0298004150390625 0.00286483764648438 0.0453338623046875
0.137619018554688 0.0479965209960938 -0.0345611572265625 0.0405693054199219
0.10015869140625 0.110816955566406 -0.0423011779785156 0.0104331970214844
-0.0152130126953125 0.155181884765625 -0.0207729339599609 -0.0336570739746094
-0.123062133789062 0.150100708007813 0.0143966674804687 0.0179386138916016
-0.185028076171875 0.105453491210938 -0.0443038940429688 0.0791244506835938
-0.182586669921875 0.00733947753906247 -0.044586181640625 0.166717529296875
-0.167312622070313 0.080352783203125 -0.0653533935546875 0.187820434570313
-0.0943450927734375 0.12652587890625 0.00927734375000001 0.151931762695313
0.00765991210937498 0.156631469726563 0.05419921875 0.108589172363281
0.0893936157226563 0.10699462890625 0.0569343566894531 0.0437202453613281
0.149642944335937 0.0175933837890625 0.0480270385742188 0.007232666015625
0.136138916015625 -0.0464096069335938 0.0171794891357422 0.0226726531982422
0.120841979980469 -0.0432205200195312 -0.00300979614257812 0.0421867370605469
0.13623046875 -0.0506973266601563 -0.0162353515625 0.0623779296875
0.149490356445312 -0.014617919921875 -0.0342025756835938 0.058349609375
0.127861022949219 0.0605010986328125 -0.0591316223144531 0.0397415161132813
0.0830841064453125 0.117813110351563 -0.0517616271972656 0.00647735595703127
-0.03778076171875 0.144317626953125 -0.0209884643554688 -0.0225429534912109
-0.139533996582031 0.113960266113281 -0.00689315795898438 0.0476226806640625
-0.185501098632813 0.0556793212890625 -0.0979461669921875 0.0944137573242188
-0.129661560058594 -0.049713134765625 -0.104812622070312 0.161605834960938
-0.142410278320313 0.0107421875 -0.108657836914062 0.188674926757813
-0.101333618164062 0.0669403076171875 -0.0120086669921875 0.148300170898437
-0.030487060546875 0.120841979980469 0.0243759155273438 0.093292236328125
0.0496826171875 0.101890563964844 0.0163345336914063 0.0357818603515625
0.120597839355469 0.03985595703125 -0.00125885009765624 0.0218772888183594
0.1219482421875 -0.0194625854492188 -0.0280723571777344 0.0507698059082031
0.107131958007813 -0.0241165161132813 -0.0392608642578125 0.0744247436523438
0.122611999511719 -0.0305404663085938 -0.0534591674804687 0.0861663818359375
0.13238525390625 0.00048828125 -0.0722732543945312 0.0686111450195313
0.107925415039063 0.0641021728515625 -0.0870742797851563 0.0360946655273438
0.06146240234375 0.11376953125 -0.0667686462402344 -0.00313186645507812
-0.05572509765625 0.123008728027344 -0.0267124176025391 -0.0195045471191406
-0.144485473632813 0.0700531005859375 -0.0339012145996094 0.0610504150390625
-0.169235229492188 -0.00134277343750003 -0.149627685546875 0.0910491943359375
-0.053863525390625 -0.10076904296875 -0.134651184082031 0.137779235839844
-0.0880050659179688 -0.0605697631835937 -0.123184204101563 0.17132568359375
-0.0858688354492188 -0.00666809082031252 -0.0181350708007813 0.134010314941406
-0.0609054565429688 0.0594139099121094 0.007659912109375 0.0703811645507813
-0.000305175781249999 0.0777740478515625 -0.00966072082519531 0.0206413269042969
0.0701446533203125 0.0549659729003906 -0.0408821105957031 0.0263214111328125
0.087188720703125 0.0106887817382813 -0.0656814575195313 0.067626953125
0.0776596069335937 -0.00055694580078125 -0.0706329345703125 0.0943450927734375
0.0913772583007813 -0.0060882568359375 -0.0869827270507812 0.102935791015625
0.09814453125 0.013671875 -0.108894348144531 0.0736846923828125
0.0767974853515625 0.0587539672851563 -0.113929748535156 0.0313339233398437
0.0374908447265625 0.0948867797851563 -0.0837326049804688 -0.0133514404296875
-0.063140869140625 0.0909957885742187 -0.0386581420898438 -0.0234031677246094
-0.129867553710938 0.0218276977539063 -0.0647926330566407 0.0580101013183594
-0.131988525390625 -0.05633544921875 -0.19110107421875 0.067962646484375
0.0467147827148437 0.09185791015625 0.192214965820313 -0.0782012939453125
0.09967041015625 0.003387451171875 0.0838699340820313 -0.0393218994140625
0.0398750305175781 -0.0589637756347656 0.0543060302734375 0.0293922424316406
-0.010009765625 -0.0599136352539063 0.118484497070313 0.0295486450195312
-0.0383682250976563 -0.0375251770019531 0.150192260742188 -0.032806396484375
-0.0640792846679688 -0.0111122131347656 0.133583068847656 -0.102020263671875
-0.05133056640625 -0.00650024414062501 0.100936889648437 -0.137435913085938
-0.0430145263671875 -0.0144195556640625 0.0787200927734375 -0.118484497070312
-0.0557899475097656 -0.0332908630371094 0.0755615234375 -0.081787109375
-0.0168952941894531 -0.0645713806152344 0.0652389526367188 -0.041229248046875
0.0405807495117188 -0.06427001953125 0.0186939239501953 -0.01904296875
0.0775680541992188 -0.0215835571289063 -0.004974365234375 -0.0506706237792969
0.0815505981445313 0.065093994140625 0.0258255004882813 -0.130424499511719
0.0460281372070313 0.12725830078125 0.102767944335938 -0.171859741210938
-0.00432586669921876 0.1397705078125 0.138969421386719 -0.114021301269531
-0.03076171875 0.130607604980469 0.202011108398437 -0.0316925048828125
0.0507736206054687 0.073394775390625 0.0971145629882813 -0.00315093994140625
0.036895751953125 0.00896835327148438 0.0686187744140625 0.0489349365234375
0.0264320373535156 -0.00819969177246094 0.137245178222656 0.045806884765625
0.0140419006347656 -0.0181884765625 0.16546630859375 -0.0214080810546875
-0.00414466857910156 -0.0293807983398438 0.151214599609375 -0.101455688476563
-0.00250625610351562 -0.0431098937988281 0.115959167480469 -0.134689331054687
0.00511932373046875 -0.0439376831054688 0.0893325805664062 -0.111801147460938
0.00289916992187501 -0.0633468627929688 0.0821685791015625 -0.0703353881835938
0.0440444946289063 -0.0685157775878906 0.071044921875 -0.0255279541015625
0.0913848876953125 -0.0341033935546875 0.0181522369384766 -0.00069999694824219
0.105659484863281 0.0283889770507813 -0.012847900390625 -0.0269641876220703
0.0601882934570313 0.121452331542969 0.00249481201171876 -0.10858154296875
-0.00956726074218749 0.176361083984375 0.0800323486328125 -0.13726806640625
-0.071441650390625 0.1737060546875 0.115554809570313 -0.0645980834960937
-0.110137939453125 0.147674560546875 0.180953979492188 0.03118896484375
-0.014617919921875 0.134147644042969 0.0924224853515625 0.051239013671875
0.0203781127929688 0.0827865600585937 0.07806396484375 0.0765228271484375
0.0602912902832031 0.0546607971191406 0.145172119140625 0.0676116943359375
0.0704421997070313 0.0106887817382813 0.166259765625 -0.0065460205078125
0.0608329772949219 -0.0429000854492188 0.152938842773438 -0.088104248046875
0.0497817993164062 -0.0726547241210938 0.115829467773437 -0.111274719238281
0.0536117553710938 -0.0669937133789063 0.0834884643554687 -0.088043212890625
0.0577239990234375 -0.0826950073242188 0.07525634765625 -0.0456008911132813
0.09619140625 -0.0697479248046875 0.061553955078125 -0.00466537475585938
0.127815246582031 -0.00829315185546875 0.00647354125976563 0.0176868438720703
0.125106811523438 0.0629348754882813 -0.0240936279296875 -0.00875854492187499
0.0444488525390625 0.154998779296875 -0.014556884765625 -0.0839996337890625
-0.051666259765625 0.201675415039063 0.0541305541992188 -0.0892562866210937
-0.1248779296875 0.1865234375 0.07330322265625 -0.0122222900390625
-0.175064086914063 0.138412475585938 0.129302978515625 0.0938262939453125
-0.086395263671875 0.170669555664063 0.0613174438476562 0.113418579101563
-0.00874328613281249 0.145584106445312 0.0719223022460938 0.111465454101563
0.0767745971679688 0.116920471191406 0.135330200195313 0.0890274047851563
0.114265441894531 0.0458755493164062 0.147964477539063 0.013153076171875
0.11968994140625 -0.0430908203125 0.135200500488281 -0.0634689331054688
0.0958175659179688 -0.0889358520507813 0.0979385375976563 -0.0726242065429688
0.092987060546875 -0.0788345336914063 0.065826416015625 -0.0491676330566406
0.102951049804688 -0.09393310546875 0.0544548034667969 -0.0104713439941406
0.133232116699219 -0.0653610229492188 0.0390739440917969 0.0176811218261719
0.149505615234375 0.0114898681640625 -0.00950241088867186 0.0316104888916016
0.131698608398438 0.086029052734375 -0.0316486358642578 0.00625038146972656
0.0284423828125 0.168930053710937 -0.02362060546875 -0.0574264526367188
-0.081573486328125 0.203262329101563 0.0345954895019531 -0.0370254516601562
-0.160049438476562 0.17645263671875 0.0234260559082031 0.0398406982421875
-0.208282470703125 0.0978546142578125 0.0543975830078125 0.14910888671875
-0.1446533203125 0.16357421875 0.0124359130859375 0.168365478515625
-0.0492706298828125 0.17364501953125 0.0518646240234375 0.14068603515625
0.0677947998046875 0.160293579101562 0.106063842773438 0.105316162109375
0.130790710449219 0.0816268920898437 0.110122680664063 0.03082275390625
0.157119750976563 -0.027557373046875 0.09783935546875 -0.0292739868164063
0.127395629882813 -0.0889053344726563 0.0631294250488281 -0.0251350402832031
0.116851806640625 -0.0789108276367188 0.0357742309570313 -0.00165939331054688
0.130783081054687 -0.0914688110351562 0.0244655609130859 0.0283966064453125
0.154800415039063 -0.05517578125 0.00671386718750001 0.04058837890625
0.156158447265625 0.0303955078125 -0.0321197509765625 0.0409889221191406
0.125572204589844 0.103729248046875 -0.0408134460449219 0.0111961364746094
0.00601196289062501 0.171920776367188 -0.0237579345703125 -0.0377922058105469
-0.109893798828125 0.182830810546875 0.0213909149169922 0.0122203826904297
-0.182586669921875 0.141433715820313 -0.0307083129882813 0.083587646484375
-0.196563720703125 0.038238525390625 -0.024688720703125 0.18072509765625
-0.167755126953125 0.114700317382813 -0.04510498046875 0.202301025390625
-0.0842437744140625 0.151901245117188 0.023773193359375 0.155654907226562
0.0333404541015625 0.167953491210938 0.0672760009765625 0.108406066894531
0.113784790039063 0.101165771484375 0.0621299743652344 0.0399208068847656
0.161758422851563 -0.0048065185546875 0.0484428405761719 0.00156402587890625
0.138114929199219 -0.0714645385742188 0.0204582214355469 0.0213985443115234
0.122604370117188 -0.0669937133789063 0.00150680541992188 0.044586181640625
0.138214111328125 -0.077362060546875 -0.0121612548828125 0.0656509399414063
0.157913208007813 -0.0405426025390625 -0.0323524475097656 0.0625801086425781
0.149185180664063 0.0429229736328125 -0.0584793090820312 0.0450439453125
0.108543395996094 0.113998413085938 -0.05450439453125 0.00819396972656251
-0.0187530517578125 0.162368774414063 -0.0241756439208984 -0.0246028900146484
-0.1318359375 0.147476196289062 0.00198364257812499 0.0460662841796875
-0.18988037109375 0.0902099609375 -0.0878677368164062 0.108650207519531
-0.1475830078125 -0.030670166015625 -0.0909423828125 0.183944702148438
-0.15167236328125 0.037200927734375 -0.090850830078125 0.21075439453125
-0.0997543334960938 0.090667724609375 0.00166320800781249 0.153640747070313
-0.0120391845703125 0.134445190429688 0.0334548950195313 0.0955810546875
0.070892333984375 0.100723266601563 0.01708984375 0.0369529724121094
0.135665893554688 0.0206756591796875 -0.0013141632080078 0.0244617462158203
0.123992919921875 -0.0434799194335938 -0.0242652893066406 0.060211181640625
0.110305786132812 -0.0430374145507813 -0.0337066650390625 0.083587646484375
0.126922607421875 -0.0539093017578125 -0.0466156005859375 0.0974273681640625
0.140419006347656 -0.0219345092773438 -0.0713119506835938 0.0809555053710937
0.127578735351563 0.050140380859375 -0.08917236328125 0.0457687377929688
0.0852890014648437 0.111289978027344 -0.0715484619140625 0.00203704833984376
-0.0399627685546875 0.140449523925781 -0.0304946899414063 -0.0213603973388672
-0.1431884765625 0.10076904296875 -0.0235099792480469 0.0668373107910156
-0.179107666015625 0.028228759765625 -0.14385986328125 0.11273193359375
-0.0732803344726562 -0.0941314697265625 -0.127059936523438 0.167800903320313
-0.104591369628906 -0.0452880859375 -0.108978271484375 0.194366455078125
-0.0927276611328125 0.00936126708984376 -0.00701141357421876 0.140396118164063
-0.0521621704101563 0.07525634765625 0.0115127563476562 0.075164794921875
0.0160064697265625 0.0826644897460938 -0.0120449066162109 0.0266170501708984
0.0842361450195313 0.0434417724609375 -0.0424156188964844 0.0378532409667969
0.0929794311523438 -0.0059051513671875 -0.0616836547851562 0.0845413208007813
0.0803146362304688 -0.0143966674804688 -0.0622177124023438 0.110206604003906
0.0957870483398437 -0.0237503051757813 -0.0796661376953125 0.12109375
0.10504150390625 -0.00266265869140625 -0.108100891113281 0.0919036865234375
0.0920333862304688 0.048370361328125 -0.119766235351563 0.0454559326171875
0.05462646484375 0.09320068359375 -0.0921554565429688 -0.0057373046875
-0.0500411987304688 0.105049133300781 -0.0423965454101563 -0.023040771484375
-0.132369995117188 0.04595947265625 -0.0568809509277344 0.0691986083984375
-0.145599365234375 -0.03643798828125 -0.191986083984375 0.0965423583984375
0.0560760498046875 0.084991455078125 0.186813354492188 -0.103912353515625
0.0967025756835938 -0.00983428955078125 0.0772933959960938 -0.0514068603515625
0.0311393737792969 -0.0626602172851563 0.0563392639160156 0.0261383056640625
-0.01953125 -0.0573883056640625 0.124954223632812 0.0181121826171875
-0.0445022583007813 -0.0307083129882813 0.151229858398438 -0.05023193359375
-0.0645523071289063 -0.000240325927734363 0.1280517578125 -0.123069763183594
-0.0493240356445313 0.000370025634765626 0.086212158203125 -0.156112670898437
-0.0435333251953125 -0.00828170776367188 0.0642776489257812 -0.134002685546875
-0.0574150085449219 -0.0235710144042969 0.0647659301757813 -0.0976333618164063
-0.0265693664550781 -0.0597190856933594 0.0623703002929688 -0.0565338134765625
0.0305366516113281 -0.0682640075683594 0.0208950042724609 -0.0276241302490234
0.072845458984375 -0.0320892333984375 -0.00443649291992187 -0.0532722473144531
0.0903091430664063 0.05291748046875 0.01531982421875 -0.134803771972656
0.065582275390625 0.118682861328125 0.0869293212890625 -0.187896728515625
0.0157089233398438 0.137863159179688 0.132766723632813 -0.137657165527344
-0.0176925659179687 0.135208129882812 0.200775146484375 -0.0581817626953125
0.0573081970214844 0.0683326721191406 0.0946502685546875 -0.016845703125
0.0354270935058594 0.00737762451171875 0.072601318359375 0.0436019897460938
0.0258541107177734 -0.0093231201171875 0.144546508789063 0.0323638916015625
0.0134391784667969 -0.0177059173583984 0.166976928710937 -0.042266845703125
-0.00561714172363281 -0.0276222229003906 0.143798828125 -0.123764038085938
-0.00434112548828125 -0.043365478515625 0.10064697265625 -0.1552734375
0.00208282470703125 -0.0459327697753906 0.0734939575195313 -0.128639221191406
-0.00334548950195313 -0.0626220703125 0.0724868774414062 -0.0871810913085938
0.0367202758789063 -0.07379150390625 0.0692405700683594 -0.0427665710449219
0.0875015258789062 -0.0454483032226562 0.0210342407226563 -0.0106487274169922
0.109916687011719 0.0145492553710938 -0.0107421875 -0.0308952331542969
0.0764617919921875 0.114952087402344 -0.00508880615234375 -0.111160278320312
0.012847900390625 0.17926025390625 0.0667266845703125 -0.150680541992188
-0.050140380859375 0.184249877929688 0.114418029785156 -0.0872573852539063
-0.0978546142578125 0.165023803710938 0.18707275390625 0.00566101074218751
-0.00134277343749999 0.1412353515625 0.0952606201171875 0.0375900268554688
0.0291824340820312 0.0863418579101563 0.0831146240234375 0.0703048706054688
0.0691108703613281 0.050445556640625 0.15362548828125 0.05255126953125
0.0751724243164063 0.00359344482421875 0.16900634765625 -0.0266876220703125
0.0592155456542969 -0.049560546875 0.144821166992188 -0.110336303710937
0.0441741943359375 -0.0813674926757813 0.102188110351562 -0.132049560546875
0.0479049682617187 -0.0772323608398438 0.071685791015625 -0.102302551269531
0.0497207641601563 -0.0929336547851563 0.0679206848144531 -0.0608253479003906
0.0901718139648438 -0.0840072631835938 0.0599746704101563 -0.0206069946289063
0.129829406738281 -0.0258560180664062 0.0107917785644531 0.0083932876586914
0.136306762695313 0.0494232177734375 -0.0194225311279297 -0.0108966827392578
0.065277099609375 0.154571533203125 -0.0219497680664063 -0.084014892578125
-0.0261993408203125 0.213302612304688 0.0470352172851563 -0.100677490234375
-0.1033935546875 0.20574951171875 0.0786514282226562 -0.0284957885742187
-0.165985107421875 0.164993286132813 0.142425537109375 0.07769775390625
-0.06982421875 0.187545776367188 0.0733489990234375 0.103187561035156
0.0065460205078125 0.155838012695313 0.081085205078125 0.10479736328125
0.09698486328125 0.113029479980469 0.145919799804688 0.0757598876953125
0.125503540039063 0.0345840454101563 0.150253295898438 -0.003387451171875
0.118644714355469 -0.0591201782226563 0.128021240234375 -0.0808792114257813
0.0890350341796875 -0.105087280273438 0.0889816284179688 -0.0886611938476563
0.0862197875976563 -0.09588623046875 0.0575942993164063 -0.0597152709960938
0.0938339233398438 -0.111648559570312 0.0507926940917969 -0.0225067138671875
0.129806518554688 -0.0863723754882813 0.0390548706054688 0.00680923461914062
0.157272338867188 -0.00836181640625 -0.0060749053955078 0.0257282257080078
0.148361206054688 0.0725860595703125 -0.027984619140625 0.00331687927246094
0.05108642578125 0.173751831054687 -0.027862548828125 -0.0585136413574219
-0.058135986328125 0.222015380859375 0.0343284606933594 -0.046295166015625
-0.141845703125 0.20172119140625 0.0336742401123047 0.0303325653076172
-0.203643798828125 0.130966186523437 0.0732879638671875 0.141845703125
-0.12823486328125 0.189712524414063 0.0301666259765625 0.1654052734375
-0.0303497314453125 0.189483642578125 0.0631027221679688 0.135772705078125
0.092254638671875 0.159164428710938 0.118560791015625 0.0957870483398438
0.147369384765625 0.0662078857421875 0.11279296875 0.0195693969726563
0.15869140625 -0.0518951416015625 0.0928802490234375 -0.0433807373046875
0.118995666503906 -0.10888671875 0.0598487854003906 -0.035064697265625
0.111061096191406 -0.0988006591796875 0.0342044830322266 -0.00735473632812501
0.122146606445313 -0.113990783691406 0.0237007141113281 0.0222644805908203
0.153091430664063 -0.0801544189453125 0.00789642333984376 0.0364799499511719
0.167160034179688 0.008697509765625 -0.0291938781738281 0.0393867492675781
0.145263671875 0.0901947021484375 -0.0399131774902344 0.0102310180664063
0.029388427734375 0.178131103515625 -0.0268020629882812 -0.0387649536132812
-0.08795166015625 0.20721435546875 0.024200439453125 0.00424575805664064
-0.168594360351563 0.171340942382813 -0.0181198120117188 0.0816497802734375
-0.200332641601563 0.0690155029296875 -0.00370788574218751 0.185577392578125
-0.158203125 0.142471313476563 -0.02392578125 0.20751953125
-0.06817626953125 0.172134399414063 0.03753662109375 0.153289794921875
0.058563232421875 0.171127319335938 0.0777816772460938 0.102821350097656
0.132980346679688 0.0886154174804688 0.06475830078125 0.0356941223144531
0.166122436523438 -0.0298004150390625 0.0464630126953125 -0.00321578979492188
0.131172180175781 -0.0947952270507813 0.0222187042236328 0.0195407867431641
0.117530822753906 -0.0874786376953125 0.00490188598632813 0.045257568359375
0.131568908691406 -0.101852416992188 -0.00681686401367186 0.0666656494140625
0.156539916992188 -0.0660400390625 -0.0290107727050781 0.0640411376953125
0.160690307617188 0.0229034423828125 -0.0586967468261719 0.0490570068359375
0.129600524902344 0.101455688476563 -0.053955078125 0.0102577209472656
0.00328063964843749 0.171157836914062 -0.0262603759765625 -0.0269527435302734
-0.115219116210938 0.173019409179687 0.00981521606445311 0.0428085327148438
-0.181549072265625 0.121368408203125 -0.0739212036132813 0.116142272949219
-0.157913208007813 -0.00669860839843749 -0.071441650390625 0.20062255859375
-0.15008544921875 0.0630340576171875 -0.068572998046875 0.222503662109375
-0.09100341796875 0.110130310058594 0.014434814453125 0.154586791992188
0.00875854492187501 0.14239501953125 0.040557861328125 0.0940399169921875
0.0890731811523438 0.0933685302734375 0.0192604064941406 0.0395698547363281
0.141311645507812 -0.000732421875 -0.00141525268554687 0.0286674499511719
0.120674133300781 -0.06292724609375 -0.0163993835449219 0.0650177001953125
0.10595703125 -0.0626754760742188 -0.024383544921875 0.0901031494140625
0.120552062988281 -0.0756683349609375 -0.0385971069335937 0.105819702148438
0.140274047851563 -0.0455703735351563 -0.06732177734375 0.0880966186523438
0.138084411621094 0.0317611694335938 -0.0899734497070313 0.0561447143554687
0.104133605957031 0.100151062011719 -0.073516845703125 0.00637054443359376
-0.02069091796875 0.15020751953125 -0.0323925018310547 -0.0222549438476562
-0.131103515625 0.125747680664062 -0.01513671875 0.0682258605957031
-0.178436279296875 0.0566253662109375 -0.13226318359375 0.129913330078125
-0.0894927978515625 -0.0827789306640625 -0.111053466796875 0.187728881835937
-0.1129150390625 -0.0280685424804687 -0.089111328125 0.211563110351562
-0.0931396484375 0.026458740234375 0.00544738769531248 0.141098022460938
-0.0401458740234375 0.0858993530273438 0.0161361694335937 0.0767440795898438
0.0308303833007812 0.0794219970703125 -0.0129070281982422 0.0325736999511719
0.0917129516601563 0.0280532836914063 -0.039306640625 0.0470466613769531
0.0912628173828125 -0.0217514038085938 -0.049346923828125 0.09637451171875
0.0795211791992188 -0.0279388427734375 -0.048553466796875 0.122833251953125
0.0924758911132813 -0.040069580078125 -0.0669021606445312 0.134597778320313
0.105560302734375 -0.0215377807617188 -0.102165222167969 0.106513977050781
0.100318908691406 0.0344467163085938 -0.119125366210937 0.0596771240234375
0.0704803466796875 0.0855865478515625 -0.095458984375 0.00177001953125
-0.0365829467773437 0.114105224609375 -0.0463371276855469 -0.0218620300292969
-0.127265930175781 0.0667953491210938 -0.0465240478515625 0.0748443603515625
-0.15106201171875 -0.013092041015625 -0.183990478515625 0.120559692382813
0.062835693359375 0.07861328125 0.17779541015625 -0.122116088867187
0.091949462890625 -0.0185699462890625 0.0690536499023438 -0.0582733154296875
0.0238571166992188 -0.0638351440429688 0.0579490661621094 0.0239105224609375
-0.0257415771484375 -0.0534744262695312 0.128181457519531 0.00928497314453125
-0.0477676391601563 -0.0252647399902344 0.149917602539063 -0.0646209716796875
-0.0625038146972656 0.00809097290039063 0.11944580078125 -0.137306213378906
-0.0470314025878906 0.0054931640625 0.0713958740234375 -0.167266845703125
-0.0421371459960938 -0.00389480590820313 0.0502777099609375 -0.143341064453125
-0.0578804016113281 -0.0158615112304688 0.0534591674804688 -0.10845947265625
-0.0320396423339844 -0.054168701171875 0.0567779541015625 -0.0687446594238281
0.0222244262695313 -0.0704498291015625 0.0211563110351563 -0.0355758666992188
0.0681838989257813 -0.0386619567871094 -0.00452804565429687 -0.056488037109375
0.0938720703125 0.0421066284179688 0.00858306884765626 -0.13592529296875
0.0764389038085937 0.108795166015625 0.072296142578125 -0.197509765625
0.028778076171875 0.132537841796875 0.124420166015625 -0.156295776367188
-0.00834655761718751 0.137954711914063 0.195510864257812 -0.078277587890625
0.06024169921875 0.0643806457519531 0.0889663696289063 -0.0262985229492187
0.0350131988525391 0.00778388977050781 0.0742034912109375 0.0394210815429687
0.0256385803222656 -0.00943756103515625 0.148406982421875 0.021759033203125
0.0132617950439453 -0.0181598663330078 0.164962768554688 -0.05743408203125
-0.00556755065917969 -0.0260562896728516 0.133766174316406 -0.139183044433594
-0.00596237182617188 -0.0439872741699219 0.0851287841796875 -0.1676025390625
-0.000335693359374995 -0.0474395751953125 0.0589752197265625 -0.139328002929688
-0.00690078735351562 -0.0619468688964844 0.0615768432617187 -0.0991973876953125
0.0304031372070313 -0.0765533447265625 0.0637779235839844 -0.0560989379882813
0.0825042724609375 -0.0532608032226563 0.0215682983398438 -0.0189476013183594
0.110595703125 0.00554656982421875 -0.00868606567382812 -0.0355682373046875
0.0861740112304688 0.107826232910156 -0.0102996826171875 -0.111976623535156
0.0294952392578125 0.176544189453125 0.0564422607421875 -0.159332275390625
-0.0340728759765625 0.1873779296875 0.110763549804688 -0.105087280273437
-0.0863494873046875 0.177261352539063 0.187515258789062 -0.0140533447265625
0.00886535644531249 0.144485473632812 0.0942840576171875 0.0261154174804688
0.0364608764648438 0.0896148681640625 0.085693359375 0.0657501220703125
0.07696533203125 0.0470428466796875 0.15826416015625 0.0409698486328125
0.0782470703125 -0.00250244140625 0.166656494140625 -0.0413360595703125
0.0573921203613281 -0.0554122924804688 0.134780883789063 -0.124732971191406
0.0384674072265625 -0.08746337890625 0.0884246826171875 -0.144088745117188
0.0429458618164062 -0.0842742919921875 0.0588302612304688 -0.112411499023438
0.0428619384765625 -0.099578857421875 0.0584869384765625 -0.0720062255859375
0.083953857421875 -0.0931243896484375 0.05584716796875 -0.0328788757324219
0.129959106445313 -0.0382766723632813 0.0114841461181641 0.000213623046874998
0.142868041992188 0.0372161865234375 -0.0175542831420898 -0.015568733215332
0.0796661376953125 0.15081787109375 -0.0251388549804687 -0.085052490234375
-0.00617980957031252 0.218719482421875 0.04034423828125 -0.109085083007812
-0.0852813720703125 0.216506958007813 0.0801239013671875 -0.0435638427734375
-0.15447998046875 0.185104370117188 0.14892578125 0.0621337890625
-0.053558349609375 0.198837280273437 0.0781097412109375 0.0932388305664063
0.0209808349609375 0.1622314453125 0.0855941772460938 0.0992813110351563
0.110130310058594 0.107093811035156 0.1510009765625 0.0650634765625
0.132034301757813 0.0223922729492188 0.149627685546875 -0.0151214599609375
0.115303039550781 -0.0715866088867188 0.118934631347656 -0.0928878784179688
0.08026123046875 -0.116569519042969 0.0787429809570312 -0.0990982055664063
0.0788192749023438 -0.108238220214844 0.0494270324707031 -0.0675125122070312
0.0846023559570313 -0.123847961425781 0.04449462890625 -0.0306587219238281
0.123176574707031 -0.101699829101563 0.0362358093261719 -0.00237274169921876
0.159866333007813 -0.0247039794921875 -0.0053424835205078 0.0197734832763672
0.158981323242188 0.0589599609375 -0.0267448425292969 -0.000112533569335938
0.0693359375 0.173324584960938 -0.0311203002929688 -0.0593070983886719
-0.0364227294921875 0.232467651367188 0.0317039489746094 -0.0543594360351562
-0.124160766601562 0.218490600585937 0.0396461486816406 0.0198593139648438
-0.196151733398437 0.155044555664063 0.0853042602539063 0.133087158203125
-0.111434936523437 0.206787109375 0.040771484375 0.159439086914063
-0.0134429931640625 0.199691772460938 0.0698318481445312 0.131027221679688
0.111480712890625 0.153457641601563 0.12396240234375 0.0868911743164063
0.158065795898438 0.0525054931640625 0.11297607421875 0.0116043090820313
0.155075073242188 -0.068817138671875 0.0867538452148438 -0.0499343872070313
0.110237121582031 -0.124862670898437 0.0553398132324219 -0.0415077209472656
0.102584838867188 -0.114273071289063 0.0312747955322266 -0.0115280151367188
0.111763000488281 -0.130317687988281 0.0223140716552734 0.0177574157714844
0.146530151367188 -0.0995635986328125 0.0075054168701172 0.0318794250488281
0.172088623046875 -0.0098724365234375 -0.0289878845214844 0.037750244140625
0.158493041992188 0.076751708984375 -0.0385513305664062 0.00811004638671875
0.0479888916015625 0.180877685546875 -0.0297164916992187 -0.040496826171875
-0.0679168701171875 0.221328735351563 0.0258693695068359 -0.00288391113281249
-0.1534423828125 0.192108154296875 -0.00878143310546876 0.0769882202148438
-0.197830200195313 0.0930328369140625 0.01104736328125 0.184860229492188
-0.14544677734375 0.162521362304688 -0.00811767578124999 0.2073974609375
-0.0532073974609375 0.186187744140625 0.0454864501953125 0.150054931640625
0.0794219970703125 0.168182373046875 0.0838699340820312 0.0974502563476563
0.146377563476562 0.0756988525390625 0.065673828125 0.0326042175292969
0.164642333984375 -0.0484161376953125 0.0437660217285156 -0.00513458251953125
0.122352600097656 -0.111061096191406 0.0241260528564453 0.0178642272949219
0.109481811523438 -0.103256225585938 0.00823211669921875 0.0448646545410156
0.121116638183594 -0.119186401367188 -0.00395965576171874 0.0667343139648437
0.151199340820313 -0.0859832763671875 -0.0264701843261719 0.0650787353515625
0.1666259765625 0.00469970703125 -0.0571517944335938 0.0516319274902344
0.143524169921875 0.0881500244140625 -0.0544471740722656 0.0109710693359375
0.021026611328125 0.175247192382813 -0.0292797088623047 -0.0286102294921875
-0.0975189208984375 0.190750122070313 0.0144500732421875 0.0381011962890625
-0.170623779296875 0.143310546875 -0.0629501342773438 0.118446350097656
-0.161575317382813 0.0129852294921875 -0.0550537109375 0.2080078125
-0.144882202148438 0.0814971923828125 -0.0513458251953125 0.22735595703125
-0.0814208984375 0.125175476074219 0.02362060546875 0.152816772460937
0.027008056640625 0.143997192382813 0.0449752807617187 0.092987060546875
0.102691650390625 0.083770751953125 0.0198173522949219 0.0407257080078125
0.141830444335937 -0.01788330078125 -0.000684738159179678 0.0313396453857422
0.113014221191406 -0.0784530639648438 -0.00937271118164062 0.0685386657714844
0.0999069213867187 -0.0763015747070313 -0.0154266357421875 0.09417724609375
0.112632751464844 -0.0916595458984375 -0.0308380126953125 0.110221862792969
0.136367797851563 -0.0631561279296875 -0.062652587890625 0.0947952270507813
0.144287109375 0.0159454345703125 -0.08837890625 0.0626907348632813
0.116874694824219 0.0892715454101563 -0.0748443603515625 0.00976562500000001
-0.00471496582031249 0.154525756835938 -0.0352706909179688 -0.0227470397949219
-0.11737060546875 0.1436767578125 -0.00716400146484375 0.0661697387695313
-0.17181396484375 0.0777587890625 -0.12060546875 0.139320373535156
-0.099029541015625 -0.0706863403320312 -0.0975189208984375 0.20111083984375
-0.114959716796875 -0.01312255859375 -0.073272705078125 0.219406127929687
-0.0907135009765625 0.0395431518554687 0.0132293701171875 0.140884399414062
-0.0282745361328125 0.0914993286132813 0.0181503295898437 0.077606201171875
0.0417633056640625 0.0757293701171875 -0.0123825073242187 0.0384025573730469
0.0943679809570313 0.0146865844726562 -0.035552978515625 0.055023193359375
0.0874252319335937 -0.033538818359375 -0.03863525390625 0.103660583496094
0.0756607055664063 -0.0388412475585938 -0.036590576171875 0.129920959472656
0.0871047973632813 -0.0521926879882813 -0.0554656982421875 0.1427001953125
0.102943420410156 -0.0344467163085938 -0.0953369140625 0.117355346679687
0.105300903320313 0.02239990234375 -0.1170654296875 0.0700225830078125
0.0801544189453125 0.0772857666015625 -0.0967864990234375 0.00751495361328126
-0.0245285034179688 0.117576599121094 -0.0477523803710938 -0.0216255187988281
-0.118858337402344 0.08258056640625 -0.0379562377929688 0.0779190063476563
-0.149978637695313 0.00430297851562497 -0.174209594726563 0.136428833007812
0.067352294921875 0.074737548828125 0.172607421875 -0.134246826171875
0.088623046875 -0.0243606567382812 0.063568115234375 -0.0620918273925781
0.0191535949707031 -0.0642471313476563 0.0592918395996094 0.0233802795410156
-0.0297813415527344 -0.0507850646972656 0.13226318359375 0.00409698486328125
-0.0493087768554688 -0.0209693908691406 0.150405883789063 -0.0759735107421875
-0.0603103637695313 0.0140838623046875 0.1151123046875 -0.150070190429688
-0.0458412170410156 0.00896835327148438 0.060882568359375 -0.177200317382813
-0.0412521362304687 -0.00172805786132813 0.0396728515625 -0.151519775390625
-0.0572586059570312 -0.0107765197753906 0.0443801879882812 -0.116462707519531
-0.0355987548828125 -0.0504837036132812 0.0522994995117188 -0.0790252685546875
0.0161285400390625 -0.0712661743164063 0.0212249755859375 -0.04290771484375
0.0651016235351563 -0.0434646606445313 -0.0037078857421875 -0.0611419677734375
0.0975265502929687 0.0352249145507813 0.00546264648437501 -0.138656616210938
0.083770751953125 0.102142333984375 0.0645599365234375 -0.205841064453125
0.03753662109375 0.129707336425781 0.119491577148438 -0.171890258789063
-0.00236511230468748 0.141799926757813 0.1934814453125 -0.091461181640625
0.062225341796875 0.064117431640625 0.0844955444335938 -0.0325241088867188
0.0359306335449219 0.0100021362304687 0.0760879516601562 0.0383071899414062
0.0268726348876953 -0.00844955444335937 0.15252685546875 0.015289306640625
0.0143966674804688 -0.0181903839111328 0.165298461914063 -0.06890869140625
-0.00481414794921875 -0.0252723693847656 0.128036499023438 -0.151962280273438
-0.007232666015625 -0.0451583862304688 0.07403564453125 -0.177993774414062
-0.00173187255859375 -0.0500068664550781 0.04791259765625 -0.147125244140625
-0.0091705322265625 -0.0623207092285156 0.0523223876953125 -0.10845947265625
0.0270919799804688 -0.078643798828125 0.058990478515625 -0.0672149658203125
0.0802536010742188 -0.0590133666992188 0.0214653015136719 -0.0270881652832031
0.112861633300781 -0.000823974609375 -0.00758361816406249 -0.0402412414550781
0.09375 0.104362487792969 -0.012725830078125 -0.114311218261719
0.04071044921875 0.176803588867188 0.049652099609375 -0.16802978515625
-0.0231781005859375 0.190887451171875 0.108818054199219 -0.120582580566406
-0.07940673828125 0.188308715820313 0.188491821289063 -0.0267333984375
0.016143798828125 0.149124145507813 0.0927581787109375 0.0191650390625
0.04302978515625 0.0943145751953125 0.0876541137695313 0.0639724731445313
0.0829315185546875 0.0451812744140625 0.162704467773438 0.033905029296875
0.0820770263671875 -0.0070037841796875 0.166900634765625 -0.0514068603515625
0.056976318359375 -0.0604972839355469 0.128181457519531 -0.135910034179688
0.03497314453125 -0.0936279296875 0.078094482421875 -0.1539306640625
0.0389328002929688 -0.0915069580078125 0.0492630004882812 -0.119903564453125
0.0389328002929688 -0.105636596679688 0.0504074096679687 -0.0800704956054688
0.0805206298828125 -0.1011962890625 0.0517463684082031 -0.0426826477050781
0.130966186523437 -0.0486679077148437 0.0110034942626953 -0.0070648193359375
0.149200439453125 0.0283355712890625 -0.0163135528564453 -0.0207462310791016
0.091522216796875 0.150360107421875 -0.02728271484375 -0.08697509765625
0.00787353515624999 0.22442626953125 0.0358428955078125 -0.117416381835937
-0.072967529296875 0.226226806640625 0.0814590454101563 -0.057098388671875
-0.148086547851562 0.203140258789062 0.153396606445313 0.0517425537109375
-0.0424652099609375 0.208755493164063 0.0810546875 0.0875091552734375
0.0324554443359375 0.169815063476563 0.0884780883789063 0.0973663330078125
0.122276306152344 0.1036376953125 0.155868530273438 0.0587158203125
0.139396667480469 0.0138015747070313 0.15032958984375 -0.0229949951171875
0.11419677734375 -0.081451416015625 0.113388061523438 -0.100936889648438
0.074462890625 -0.126373291015625 0.0714263916015625 -0.107139587402344
0.0733261108398438 -0.118637084960937 0.0430068969726563 -0.073272705078125
0.0780258178710937 -0.134544372558594 0.0391044616699219 -0.0368385314941406
0.119537353515625 -0.115226745605469 0.0333290100097656 -0.00942993164062501
0.163650512695313 -0.037811279296875 -0.00634765624999999 0.0152063369750977
0.168701171875 0.0496826171875 -0.0269603729248047 -0.00412750244140624
0.0828399658203125 0.175613403320312 -0.0334892272949219 -0.0617179870605468
-0.0208892822265625 0.243362426757813 0.0296249389648437 -0.0616302490234375
-0.1123046875 0.232467651367187 0.0429344177246094 0.0105628967285156
-0.191635131835938 0.17608642578125 0.0928115844726562 0.128334045410156
-0.09967041015625 0.221221923828125 0.0472259521484375 0.156631469726563
-6.10351562500001E-05 0.210235595703125 0.0737152099609375 0.129890441894531
0.127670288085938 0.150466918945313 0.128860473632813 0.0825729370117188
0.167877197265625 0.041473388671875 0.114349365234375 0.00786590576171875
0.154342651367188 -0.0822296142578125 0.0826492309570313 -0.053680419921875
0.103378295898438 -0.137611389160156 0.0521888732910156 -0.045928955078125
0.0963973999023438 -0.127372741699219 0.0296173095703125 -0.0147781372070313
0.104278564453125 -0.144363403320313 0.0204353332519531 0.0153045654296875
0.142929077148438 -0.115478515625 0.00618743896484376 0.0290813446044922
0.1773681640625 -0.0251922607421875 -0.029754638671875 0.036346435546875
0.170547485351563 0.066558837890625 -0.0394210815429687 0.00595092773437501
0.06280517578125 0.184478759765625 -0.0325584411621094 -0.0428543090820312
-0.0524749755859375 0.235687255859375 0.02679443359375 -0.00900840759277342
-0.1434326171875 0.20904541015625 -0.00337219238281251 0.0725173950195313
-0.197708129882812 0.11297607421875 0.0208892822265625 0.186676025390625
-0.136932373046875 0.1787109375 0.00122070312499997 0.208694458007812
-0.041473388671875 0.198516845703125 0.0501708984375 0.150497436523438
0.0955657958984375 0.167617797851563 0.08819580078125 0.0955810546875
0.1573486328125 0.0659332275390625 0.0667724609375 0.033203125
0.164581298828125 -0.0631866455078125 0.0421981811523438 -0.00443649291992188
0.11614990234375 -0.124244689941406 0.0254325866699219 0.0171184539794922
0.103553771972656 -0.116470336914063 0.0107994079589844 0.0445594787597656
0.114326477050781 -0.133430480957031 -0.00242614746093749 0.0681266784667968
0.147476196289063 -0.102386474609375 -0.0262794494628906 0.0667877197265625
0.172622680664063 -0.009765625 -0.0582847595214844 0.0538558959960937
0.15545654296875 0.0787811279296875 -0.0567092895507812 0.0104179382324219
0.03533935546875 0.179885864257813 -0.0326156616210937 -0.0304737091064453
-0.084320068359375 0.205963134765625 0.0177860260009766 0.0340995788574219
-0.162857055664063 0.160858154296875 -0.05621337890625 0.119804382324219
-0.165115356445313 0.0281524658203125 -0.0456695556640625 0.215179443359375
-0.141494750976563 0.0966033935546875 -0.0409088134765625 0.232330322265625
-0.07391357421875 0.137527465820313 0.0283050537109375 0.15380859375
0.0409088134765625 0.146087646484375 0.0478897094726563 0.0937728881835938
0.113510131835938 0.0765380859375 0.0207099914550781 0.0442085266113281
0.142501831054688 -0.031005859375 0.000350952148437506 0.0356178283691406
0.108505249023437 -0.0906448364257813 -0.00450897216796875 0.0716323852539062
0.0955352783203125 -0.087432861328125 -0.00888061523437499 0.0975112915039063
0.106376647949219 -0.104629516601563 -0.02618408203125 0.115005493164063
0.133491516113281 -0.0778656005859375 -0.05963134765625 0.100624084472656
0.14923095703125 0.0032806396484375 -0.089141845703125 0.068572998046875
0.127296447753906 0.0810089111328125 -0.0774383544921875 0.0120849609375
0.00709533691406249 0.159286499023438 -0.0379905700683594 -0.0240325927734375
-0.107406616210938 0.157867431640625 -0.00214767456054689 0.0647964477539063
-0.167526245117188 0.094085693359375 -0.114013671875 0.145767211914063
-0.106178283691406 -0.0620269775390625 -0.088775634765625 0.212570190429687
-0.117790222167969 -0.0020599365234375 -0.0637054443359375 0.227142333984375
-0.0889892578125 0.0499420166015625 0.017364501953125 0.1422119140625
-0.0188369750976562 0.0959854125976562 0.019500732421875 0.0810012817382813
0.0499954223632812 0.0719985961914062 -0.0120773315429688 0.0448188781738281
0.0955123901367188 0.00537872314453125 -0.0330047607421875 0.0625228881835937
0.0844955444335938 -0.042449951171875 -0.0296096801757812 0.110084533691406
0.0732650756835938 -0.047149658203125 -0.0270156860351562 0.135643005371094
0.0835113525390625 -0.061676025390625 -0.0477752685546875 0.150711059570313
0.100906372070312 -0.0447235107421875 -0.0916976928710938 0.126388549804688
0.108657836914063 0.0132904052734375 -0.117378234863281 0.0785903930664063
0.0879440307617188 0.0713119506835938 -0.0998077392578125 0.01123046875
-0.0163803100585938 0.121009826660156 -0.0502777099609375 -0.0219955444335937
-0.112625122070313 0.0939483642578125 -0.0310211181640625 0.0794525146484375
-0.149093627929688 0.016754150390625 -0.168899536132813 0.148086547851563
0.0730361938476563 0.0734405517578125 0.173858642578125 -0.1488037109375
0.0885772705078125 -0.02911376953125 0.0597648620605469 -0.0667877197265625
0.0165328979492187 -0.0662193298339844 0.0625686645507813 0.024169921875
-0.0337333679199219 -0.0497474670410156 0.139266967773438 -0.0010528564453125
-0.0528984069824219 -0.0173416137695313 0.154312133789063 -0.0890350341796875
-0.0598030090332031 0.0192947387695313 0.113128662109375 -0.167022705078125
-0.0460395812988281 0.0124702453613281 0.0525970458984375 -0.1907958984375
-0.04229736328125 0.000511169433593748 0.0299072265625 -0.1617431640625
-0.0579032897949219 -0.00639724731445313 0.0368499755859375 -0.127731323242187
-0.0395545959472656 -0.048187255859375 0.0476455688476562 -0.0907669067382813
0.0108795166015625 -0.0739212036132812 0.0211296081542969 -0.0517158508300781
0.0640525817871094 -0.0489273071289063 -0.00339889526367188 -0.0675239562988281
0.102462768554688 0.0298309326171875 0.00270080566406249 -0.146453857421875
0.092193603515625 0.0989532470703125 0.05877685546875 -0.220367431640625
0.0459442138671875 0.131065368652344 0.118698120117188 -0.192138671875
0.00381469726562502 0.14996337890625 0.197036743164063 -0.106613159179687
0.0659294128417969 0.0655479431152344 0.082763671875 -0.0380325317382812
0.0389137268066406 0.012176513671875 0.07989501953125 0.0385589599609375
0.0294265747070313 -0.00899124145507813 0.1607666015625 0.0095062255859375
0.0154609680175781 -0.0192813873291016 0.169326782226563 -0.0815277099609375
-0.00363349914550781 -0.0261192321777344 0.125717163085938 -0.168121337890625
-0.00918579101562501 -0.0481834411621094 0.0648040771484375 -0.1922607421875
-0.00413894653320313 -0.05316162109375 0.038238525390625 -0.15826416015625
-0.0108413696289063 -0.0653190612792969 0.04473876953125 -0.119026184082031
0.024200439453125 -0.0833740234375 0.0552978515625 -0.079742431640625
0.0801773071289063 -0.0655593872070312 0.0208396911621094 -0.0357437133789063
0.118278503417969 -0.00662994384765625 -0.00738525390624999 -0.0470962524414063
0.103446960449219 0.1043701171875 -0.0151443481445312 -0.120712280273438
0.05255126953125 0.181747436523438 0.044769287109375 -0.18084716796875
-0.014404296875 0.19964599609375 0.109794616699219 -0.138847351074219
-0.073486328125 0.205001831054687 0.1937255859375 -0.039215087890625
0.0237579345703125 0.158050537109375 0.0930328369140625 0.0142440795898438
0.0515823364257813 0.101509094238281 0.0920944213867188 0.0651016235351563
0.0921096801757813 0.0443115234375 0.171463012695312 0.028411865234375
0.0882797241210938 -0.012664794921875 0.172454833984375 -0.062042236328125
0.058349609375 -0.0668754577636719 0.12591552734375 -0.148834228515625
0.0317764282226563 -0.102149963378906 0.0703887939453125 -0.167068481445313
0.0352249145507813 -0.100486755371094 0.0411605834960938 -0.130195617675781
0.0346145629882812 -0.115028381347656 0.0431900024414063 -0.0891952514648438
0.0781936645507813 -0.111663818359375 0.0488433837890625 -0.0537567138671875
0.135330200195313 -0.0592727661132813 0.010009765625 -0.0138187408447266
0.159317016601563 0.021392822265625 -0.0167255401611328 -0.0261554718017578
0.105224609375 0.15472412109375 -0.0301437377929687 -0.0921401977539062
0.0218353271484375 0.236297607421875 0.0319137573242188 -0.12799072265625
-0.0652618408203125 0.241409301757813 0.0836181640625 -0.070831298828125
-0.144073486328125 0.225326538085938 0.161209106445313 0.0449066162109375
-0.0334320068359375 0.224472045898438 0.0843124389648437 0.0852127075195313
0.04498291015625 0.181564331054688 0.0935134887695313 0.0990753173828125
0.137191772460938 0.102828979492188 0.164520263671875 0.0550537109375
0.1497802734375 0.0055694580078125 0.15478515625 -0.0303802490234375
0.116325378417969 -0.0932388305664063 0.111961364746094 -0.110054016113281
0.0700759887695312 -0.139556884765625 0.0665130615234375 -0.1171875
0.0689544677734375 -0.132179260253906 0.0380706787109375 -0.0803756713867188
0.07330322265625 -0.148788452148438 0.034149169921875 -0.0423011779785156
0.118255615234375 -0.1300048828125 0.0307140350341797 -0.0161609649658203
0.170913696289063 -0.0522613525390625 -0.00811290740966796 0.011296272277832
0.182403564453125 0.0410614013671875 -0.0286159515380859 -0.00813865661621094
0.099395751953125 0.182876586914063 -0.0365447998046875 -0.065185546875
-0.00585937500000002 0.259140014648438 0.028076171875 -0.0700759887695312
-0.1053466796875 0.251800537109375 0.0466499328613281 0.00171661376953127
-0.191329956054688 0.20086669921875 0.101692199707031 0.128639221191406
-0.09161376953125 0.240859985351562 0.0532073974609375 0.158294677734375
0.01324462890625 0.226669311523438 0.0795669555664063 0.133209228515625
0.145339965820312 0.15087890625 0.136878967285156 0.0815353393554688
0.1815185546875 0.0318145751953125 0.118843078613281 0.00528717041015625
0.156951904296875 -0.096771240234375 0.0820846557617188 -0.0579605102539063
0.0988922119140625 -0.153335571289063 0.0509872436523438 -0.0517616271972656
0.0916900634765625 -0.143218994140625 0.0278911590576172 -0.0181865692138672
0.0995025634765625 -0.161697387695313 0.0189266204833984 0.0145492553710937
0.141876220703125 -0.133331298828125 0.00480651855468751 0.0272636413574219
0.186935424804688 -0.04046630859375 -0.0322799682617187 0.0359153747558594
0.185836791992187 0.0579681396484375 -0.0425376892089844 0.00403594970703126
0.0799102783203125 0.193374633789063 -0.0360870361328125 -0.0454559326171875
-0.0382843017578125 0.25408935546875 0.0279331207275391 -0.0148696899414062
-0.137313842773437 0.230056762695312 0.00111389160156249 0.0706024169921875
-0.201278686523437 0.134811401367188 0.029510498046875 0.194244384765625
-0.132492065429688 0.198898315429687 0.00874328613281249 0.21575927734375
-0.0304107666015625 0.216323852539062 0.056060791015625 0.15478515625
0.113296508789063 0.170211791992188 0.0941085815429688 0.0972518920898438
0.172256469726563 0.0576629638671875 0.0699119567871094 0.0347251892089844
0.168289184570313 -0.077972412109375 0.0425567626953125 -0.0031280517578125
0.112319946289063 -0.139877319335938 0.0275554656982422 0.0166893005371094
0.100349426269531 -0.132362365722656 0.0132408142089844 0.0460472106933594
0.109786987304688 -0.150833129882813 -0.000885009765624996 0.07147216796875
0.1470947265625 -0.120361328125 -0.0262298583984375 0.070556640625
0.182388305664063 -0.024322509765625 -0.0612716674804687 0.0581512451171875
0.17047119140625 0.0712127685546875 -0.0607986450195312 0.011077880859375
0.050567626953125 0.189346313476563 -0.0365676879882813 -0.032440185546875
-0.0728607177734375 0.224807739257813 0.0209426879882812 0.0308437347412109
-0.16046142578125 0.180313110351563 -0.0524520874023438 0.1234130859375
-0.172134399414063 0.0433197021484375 -0.038055419921875 0.228988647460938
-0.141403198242188 0.112655639648438 -0.03314208984375 0.243133544921875
-0.068267822265625 0.153350830078125 0.0331878662109375 0.159286499023437
0.0552520751953125 0.151031494140625 0.0521392822265625 0.0974960327148438
0.126274108886719 0.0710906982421875 0.0225906372070313 0.04998779296875
0.146652221679688 -0.0436553955078125 0.00144577026367189 0.0415992736816406
0.106552124023437 -0.104011535644531 0.00129699707031251 0.0763015747070313
0.0932769775390625 -0.100883483886719 -0.00290679931640625 0.102409362792969
0.103065490722656 -0.119461059570313 -0.021728515625 0.122810363769531
0.133499145507812 -0.093292236328125 -0.0595321655273437 0.108932495117187
0.157791137695312 -0.0081787109375 -0.0924072265625 0.0759658813476562
0.140243530273438 0.0758514404296875 -0.0827178955078125 0.01409912109375
0.018890380859375 0.168594360351562 -0.0422096252441406 -0.0256233215332031
-0.099456787109375 0.174942016601562 0.00228118896484375 0.0649566650390625
-0.167465209960938 0.110641479492187 -0.112106323242188 0.155914306640625
-0.114990234375 -0.0551071166992188 -0.08367919921875 0.2294921875
-0.121734619140625 0.00738525390625001 -0.05706787109375 0.24078369140625
-0.089569091796875 0.0607147216796875 0.0214691162109375 0.147903442382813
-0.0107269287109375 0.101593017578125 0.0217819213867188 0.0863494873046875
0.0590934753417969 0.0701789855957031 -0.0116653442382813 0.0527305603027344
0.099700927734375 -0.00292205810546875 -0.0304031372070312 0.0719223022460938
0.0835189819335938 -0.051513671875 -0.0216827392578125 0.118209838867188
0.0721664428710938 -0.0553665161132813 -0.0181732177734375 0.144195556640625
0.0812759399414063 -0.0717697143554688 -0.0412750244140625 0.161514282226562
0.10113525390625 -0.0559616088867187 -0.090240478515625 0.138282775878906
0.115142822265625 0.00521087646484375 -0.121185302734375 0.0888214111328125
0.0971450805664063 0.0670013427734375 -0.106452941894531 0.0150604248046875
-0.00872039794921875 0.127906799316406 -0.0543861389160156 -0.0232200622558594
-0.109489440917969 0.106689453125 -0.0264892578125 0.0822601318359375
-0.151504516601563 0.0279693603515625 -0.169342041015625 0.163070678710937
0.081878662109375 0.0728378295898438 0.1768798828125 -0.171371459960938
0.0900344848632813 -0.0360794067382813 0.05670166015625 -0.0739288330078125
0.0131034851074219 -0.0698890686035156 0.0677604675292969 0.0238723754882813
-0.0390968322753906 -0.0490913391113281 0.150222778320313 -0.0098876953125
-0.0571517944335938 -0.0130424499511719 0.159027099609375 -0.107696533203125
-0.0599594116210938 0.0264320373535156 0.108352661132813 -0.190155029296875
-0.0469627380371094 0.0163040161132812 0.0396881103515625 -0.210296630859375
-0.0443267822265625 0.00387191772460937 0.0172882080078125 -0.177139282226563
-0.0598373413085938 -0.00188827514648437 0.0261993408203125 -0.141586303710938
-0.0449600219726562 -0.046539306640625 0.041015625 -0.106101989746094
0.00448608398437501 -0.077667236328125 0.0189552307128906 -0.0624275207519531
0.0636177062988281 -0.0565147399902344 -0.004730224609375 -0.0762939453125
0.110755920410156 0.0230712890625 -0.00370788574218749 -0.157806396484375
0.104476928710938 0.0969772338867188 0.0490570068359375 -0.241073608398438
0.0578460693359375 0.134521484375 0.115570068359375 -0.220062255859375
0.013702392578125 0.1614990234375 0.203262329101563 -0.127578735351563
0.0740585327148438 0.067657470703125 0.0820388793945313 -0.0450897216796875
0.0439186096191406 0.0135498046875 0.086273193359375 0.0389175415039063
0.0328712463378906 -0.0103340148925781 0.172332763671875 0.000320434570312499
0.0166702270507813 -0.0215797424316406 0.17572021484375 -0.100082397460937
-0.00365638732910156 -0.0274600982666016 0.1202392578125 -0.19085693359375
-0.0124740600585937 -0.0518760681152344 0.052215576171875 -0.211746215820313
-0.00836181640625001 -0.0583267211914063 0.025360107421875 -0.173721313476563
-0.0154380798339844 -0.0692024230957031 0.033905029296875 -0.133064270019531
0.020599365234375 -0.0906600952148438 0.049102783203125 -0.0950241088867188
0.0804595947265625 -0.0760345458984375 0.0192489624023438 -0.0457115173339844
0.125732421875 -0.0157394409179688 -0.00838470458984374 -0.0546417236328125
0.118942260742188 0.1043701171875 -0.0217514038085937 -0.129608154296875
0.0690155029296875 0.190582275390625 0.036041259765625 -0.198944091796875
-0.00210571289062499 0.214431762695313 0.109329223632813 -0.163253784179688
-0.0648040771484375 0.228439331054688 0.204071044921875 -0.05633544921875
0.03692626953125 0.170654296875 0.0963363647460938 0.00875091552734376
0.065093994140625 0.109298706054688 0.100379943847656 0.0656585693359375
0.104873657226563 0.0411758422851563 0.184097290039063 0.0199432373046875
0.0956573486328125 -0.0210952758789063 0.178695678710938 -0.078155517578125
0.059326171875 -0.0771560668945313 0.12286376953125 -0.168487548828125
0.025787353515625 -0.113739013671875 0.059967041015625 -0.185104370117188
0.0291671752929688 -0.1129150390625 0.0302276611328125 -0.143295288085938
0.0288848876953125 -0.127883911132813 0.034942626953125 -0.100044250488281
0.075103759765625 -0.1273193359375 0.0432777404785156 -0.0661697387695313
0.140594482421875 -0.07550048828125 0.00796508789062501 -0.0211944580078125
0.173294067382813 0.01043701171875 -0.0188045501708984 -0.0321369171142578
0.126007080078125 0.159515380859375 -0.0368118286132812 -0.0987930297851562
0.0423431396484375 0.253738403320313 0.0256195068359375 -0.142547607421875
-0.0522918701171875 0.264297485351563 0.08538818359375 -0.0894622802734375
-0.137924194335937 0.25701904296875 0.174148559570313 0.036163330078125
-0.018157958984375 0.246261596679687 0.0911636352539063 0.0841064453125
0.064666748046875 0.196380615234375 0.103141784667969 0.101600646972656
0.15802001953125 0.0997314453125 0.177780151367188 0.0492095947265625
0.16357421875 -0.007568359375 0.162918090820313 -0.0416717529296875
0.11798095703125 -0.109779357910156 0.110496520996094 -0.12353515625
0.0631561279296875 -0.157806396484375 0.0593948364257813 -0.131477355957031
0.061676025390625 -0.150253295898438 0.0312042236328125 -0.0899734497070313
0.0654296875 -0.168167114257813 0.0287704467773438 -0.0488014221191406
0.115127563476563 -0.152145385742188 0.0271339416503906 -0.0238838195800781
0.180084228515625 -0.0721588134765625 -0.0105323791503906 0.00825881958007812
0.2008056640625 0.0284423828125 -0.0320339202880859 -0.0112533569335938
0.12347412109375 0.190994262695313 -0.04266357421875 -0.0704574584960938
0.0166015625 0.281707763671875 0.0249099731445313 -0.080810546875
-0.09344482421875 0.279876708984375 0.0506057739257813 -0.00849151611328123
-0.190017700195313 0.2352294921875 0.116073608398437 0.130264282226563
-0.0789337158203125 0.268218994140625 0.06365966796875 0.163742065429688
0.03533935546875 0.247100830078125 0.0898513793945313 0.138336181640625
0.171127319335938 0.150970458984375 0.149261474609375 0.0792388916015625
0.200225830078125 0.0176239013671875 0.126640319824219 -5.34057617187489E-05
0.160507202148438 -0.118179321289063 0.0831298828125 -0.0641098022460938
0.092132568359375 -0.17510986328125 0.0496063232421875 -0.0595779418945313
0.0847015380859375 -0.164321899414063 0.0266914367675781 -0.0222873687744141
0.09161376953125 -0.18450927734375 0.0176124572753906 0.0140304565429687
0.139358520507813 -0.157577514648438 0.00363731384277344 0.0259075164794922
0.198440551757813 -0.0618743896484375 -0.0350303649902344 0.0386619567871094
0.206954956054688 0.0452117919921875 -0.0472145080566406 0.00351715087890624
0.103897094726563 0.204086303710937 -0.0421295166015625 -0.0488090515136719
-0.0184173583984375 0.279144287109375 0.0281753540039063 -0.0214271545410156
-0.128692626953125 0.259918212890625 0.00648498535156249 0.0689849853515625
-0.204925537109375 0.165740966796875 0.04345703125 0.206283569335938
-0.12542724609375 0.22637939453125 0.0207061767578125 0.228363037109375
-0.0134429931640625 0.239364624023438 0.06634521484375 0.162307739257813
0.138702392578125 0.174331665039062 0.1046142578125 0.0991439819335938
0.1917724609375 0.04559326171875 0.0768585205078125 0.0362014770507813
0.173507690429688 -0.0995635986328125 0.0454292297363281 -0.00210952758789063
0.106948852539063 -0.162246704101563 0.0309085845947266 0.0166053771972656
0.0946044921875 -0.1529541015625 0.0173683166503906 0.0475387573242188
0.103134155273438 -0.174118041992188 0.00201416015625001 0.0777664184570312
0.145751953125 -0.144699096679688 -0.0255203247070312 0.0767745971679687
0.194808959960938 -0.0445556640625 -0.0640106201171875 0.0658187866210938
0.191177368164063 0.0603485107421875 -0.0665855407714844 0.0135345458984375
0.0719146728515625 0.201889038085938 -0.0420188903808594 -0.0350379943847656
-0.0569000244140625 0.249954223632812 0.0243282318115234 0.0280990600585938
-0.156051635742188 0.208847045898438 -0.047821044921875 0.132057189941406
-0.18115234375 0.06488037109375 -0.02685546875 0.249725341796875
-0.141708374023438 0.134750366210938 -0.022216796875 0.261337280273438
-0.0593414306640625 0.173934936523438 0.04248046875 0.16845703125
0.074249267578125 0.15771484375 0.0594711303710937 0.102737426757813
0.143508911132813 0.06317138671875 0.0275917053222656 0.0567131042480469
0.152862548828125 -0.0612335205078125 0.00598526000976564 0.0497169494628906
0.102798461914063 -0.122589111328125 0.00864410400390626 0.0825576782226562
0.0897598266601563 -0.118873596191406 0.00580596923828124 0.1099853515625
0.098876953125 -0.13909912109375 -0.01470947265625 0.134498596191406
0.133110046386719 -0.1136474609375 -0.0570602416992188 0.122138977050781
0.169784545898438 -0.0248870849609375 -0.0957565307617187 0.0891876220703125
0.15814208984375 0.0675201416015625 -0.0902633666992187 0.0198974609375
0.0353240966796875 0.180648803710938 -0.0484390258789063 -0.0270538330078125
-0.089630126953125 0.197113037109375 0.00785064697265624 0.0661125183105469
-0.167831420898438 0.133407592773437 -0.109329223632812 0.172210693359375
-0.126747131347656 -0.0471267700195313 -0.0753631591796876 0.25506591796875
-0.129402160644531 0.0199203491210938 -0.0459747314453125 0.261077880859375
-0.0897216796875 0.0753707885742187 0.0298919677734375 0.15692138671875
-0.000602722167968746 0.109573364257813 0.0262985229492188 0.0931396484375
0.0705337524414063 0.0677337646484375 -0.0087890625 0.0621871948242188
0.105117797851563 -0.0137939453125 -0.0250473022460938 0.0833892822265625
0.0828933715820313 -0.0641250610351563 -0.0110626220703125 0.128990173339844
0.0712356567382813 -0.0678558349609375 -0.00587463378906251 0.155380249023438
0.0793609619140625 -0.0854415893554688 -0.0316619873046875 0.177352905273438
0.101310729980469 -0.0701446533203125 -0.08673095703125 0.156784057617188
0.123565673828125 -0.0063629150390625 -0.125495910644531 0.104972839355469
0.109626770019531 0.0625228881835938 -0.114959716796875 0.0226593017578125
0.00149536132812501 0.137702941894531 -0.0610122680664063 -0.0232620239257813
-0.105743408203125 0.123504638671875 -0.020263671875 0.0871658325195313
-0.156463623046875 0.042510986328125 -0.169723510742188 0.185165405273437
0.0938949584960938 0.0691299438476563 0.173294067382813 -0.201690673828125
0.0907135009765625 -0.04608154296875 0.0509033203125 -0.0829086303710937
0.00690460205078125 -0.0746002197265625 0.0752487182617188 0.0211868286132812
-0.0462722778320312 -0.0469970703125 0.161148071289063 -0.0241241455078125
-0.0620269775390625 -0.00580215454101563 0.158584594726563 -0.133148193359375
-0.0587196350097656 0.0356674194335938 0.0929412841796875 -0.218399047851563
-0.0471153259277344 0.0234603881835937 0.0170440673828125 -0.230361938476563
-0.0460624694824219 0.00883865356445312 -0.00468444824218751 -0.19158935546875
-0.0619163513183594 0.00504684448242187 0.00840759277343749 -0.15631103515625
-0.0518951416015625 -0.0430183410644531 0.027618408203125 -0.122100830078125
-0.00489807128906251 -0.0815887451171875 0.0131912231445312 -0.0743789672851563
0.0606117248535156 -0.0665206909179688 -0.0103378295898437 -0.0862579345703125
0.120277404785156 0.0117340087890625 -0.0164337158203125 -0.169647216796875
0.119880676269531 0.0914077758789063 0.02923583984375 -0.2647705078125
0.0747451782226563 0.136024475097656 0.102035522460938 -0.253875732421875
0.030792236328125 0.1732177734375 0.204513549804688 -0.157882690429688
0.086029052734375 0.0672683715820313 0.0797882080078125 -0.0553207397460937
0.0506057739257813 0.0129661560058594 0.0951690673828125 0.035736083984375
0.036376953125 -0.0144309997558594 0.185134887695312 -0.016082763671875
0.0168972015380859 -0.0243854522705078 0.176605224609375 -0.12548828125
-0.00528907775878906 -0.0296134948730469 0.107162475585938 -0.218841552734375
-0.0194091796875 -0.0550498962402344 0.029541015625 -0.232696533203125
-0.0158042907714844 -0.0627593994140625 0.00347900390624999 -0.188812255859375
-0.0232315063476562 -0.0736236572265625 0.0171051025390625 -0.147689819335938
0.0121917724609375 -0.0990753173828125 0.0367431640625 -0.111763000488281
0.0772552490234375 -0.0896835327148438 0.0142021179199219 -0.05718994140625
0.133255004882813 -0.0304794311523438 -0.0132064819335937 -0.0624542236328125
0.138938903808594 0.0998153686523438 -0.0334701538085938 -0.138870239257813
0.0938568115234375 0.196990966796875 0.0186614990234375 -0.21881103515625
0.019622802734375 0.229904174804688 0.100677490234375 -0.194305419921875
-0.0448455810546875 0.255218505859375 0.211822509765625 -0.0811767578125
0.0584869384765625 0.1820068359375 0.09954833984375 0.000595092773437511
0.084686279296875 0.113876342773438 0.111709594726562 0.06304931640625
0.119194030761719 0.0332260131835938 0.198211669921875 0.0045623779296875
0.10162353515625 -0.0342864990234375 0.182647705078125 -0.101638793945313
0.056121826171875 -0.0897979736328125 0.112350463867188 -0.193771362304687
0.0137252807617187 -0.126449584960938 0.0406036376953125 -0.204864501953125
0.0165328979492187 -0.126182556152344 0.0122222900390625 -0.156982421875
0.0155792236328125 -0.142074584960938 0.0211715698242187 -0.112022399902344
0.0657806396484375 -0.146514892578125 0.0331954956054688 -0.0803451538085938
0.142425537109375 -0.0977783203125 0.00307273864746095 -0.0289020538330078
0.187881469726563 -0.00848388671875 -0.023834228515625 -0.0371742248535156
0.154327392578125 0.159271240234375 -0.047882080078125 -0.104721069335937
0.074188232421875 0.26873779296875 0.012298583984375 -0.158111572265625
-0.028076171875 0.290283203125 0.082763671875 -0.112289428710937
-0.120147705078125 0.295074462890625 0.1881103515625 0.020599365234375
0.00874328613281252 0.269210815429688 0.100982666015625 0.0800323486328125
0.094635009765625 0.208099365234375 0.117332458496094 0.100578308105469
0.183670043945313 0.0898590087890625 0.192901611328125 0.036285400390625
0.17608642578125 -0.028961181640625 0.16943359375 -0.0599822998046875
0.114784240722656 -0.13287353515625 0.104812622070313 -0.142288208007813
0.047607421875 -0.178665161132813 0.0474395751953125 -0.146636962890625
0.0464019775390625 -0.170486450195313 0.0199661254882812 -0.100044250488281
0.0490875244140625 -0.190582275390625 0.0212059020996094 -0.0553245544433594
0.10430908203125 -0.177932739257813 0.0211296081542969 -0.0319404602050781
0.18560791015625 -0.100692749023438 -0.0137872695922851 0.00574684143066405
0.220840454101563 0.0063018798828125 -0.0368614196777344 -0.0132865905761719
0.156494140625 0.19329833984375 -0.0528030395507812 -0.0734024047851562
0.050872802734375 0.302886962890625 0.0176315307617188 -0.0924224853515625
-0.069091796875 0.31256103515625 0.0531425476074219 -0.0214157104492187
-0.177169799804688 0.277130126953125 0.135475158691406 0.127532958984375
-0.0531005859375 0.298675537109375 0.080322265625 0.167755126953125
0.068817138671875 0.266281127929688 0.106353759765625 0.140556335449219
0.203399658203125 0.142547607421875 0.164382934570313 0.071807861328125
0.217864990234375 -0.0068359375 0.134956359863281 -0.0105133056640625
0.158889770507813 -0.146484375 0.0826492309570313 -0.073486328125
0.076629638671875 -0.20037841796875 0.0457763671875 -0.0690116882324219
0.0688629150390625 -0.188888549804688 0.023834228515625 -0.0271701812744141
0.074249267578125 -0.211624145507813 0.0172185897827149 0.0136699676513672
0.129135131835938 -0.188140869140625 0.00265502929687501 0.0254783630371094
0.206329345703125 -0.092559814453125 -0.0368804931640625 0.0425148010253906
0.229049682617188 0.02288818359375 -0.0522918701171875 0.00578689575195313
0.138534545898438 0.209915161132813 -0.0505828857421875 -0.0501136779785156
0.015106201171875 0.30450439453125 0.0272216796875 -0.0297393798828125
-0.108001708984375 0.294677734375 0.0134925842285156 0.0676689147949219
-0.201080322265625 0.205154418945313 0.0654754638671875 0.21807861328125
-0.107772827148438 0.25909423828125 0.041900634765625 0.24072265625
0.01544189453125 0.262847900390625 0.0833740234375 0.167587280273438
0.170806884765625 0.171432495117188 0.118499755859375 0.0979156494140625
0.212066650390625 0.023834228515625 0.0859375 0.0344009399414062
0.174026489257813 -0.127655029296875 0.0500030517578125 -0.00234985351562501
0.093292236328125 -0.187667846679688 0.0353584289550781 0.0141258239746094
0.0805511474609375 -0.177291870117187 0.0236015319824219 0.0482978820800781
0.087188720703125 -0.201400756835937 0.009552001953125 0.0839614868164062
0.1368408203125 -0.174636840820313 -0.02130126953125 0.0841445922851562
0.204055786132813 -0.07403564453125 -0.0645675659179688 0.0766067504882813
0.213943481445313 0.041015625 -0.0727005004882813 0.0203094482421875
0.1031494140625 0.209671020507813 -0.0496864318847656 -0.0346527099609375
-0.0293121337890625 0.276962280273438 0.0288848876953125 0.0240821838378906
-0.142074584960938 0.243026733398438 -0.0375823974609375 0.142486572265625
-0.185211181640625 0.093780517578125 -0.00518798828125002 0.272735595703125
-0.135360717773438 0.162185668945312 0.000793457031250003 0.28125
-0.041259765625 0.197189331054687 0.05841064453125 0.175811767578125
0.100418090820312 0.160507202148438 0.0708770751953125 0.106163024902344
0.162307739257813 0.0479736328125 0.0356636047363281 0.0622024536132813
0.155197143554688 -0.0849609375 0.0139389038085938 0.057220458984375
0.09375 -0.144805908203125 0.0206222534179687 0.087127685546875
0.0797576904296875 -0.139793395996094 0.0196990966796875 0.116416931152344
0.0868377685546875 -0.1624755859375 -0.000503540039062495 0.146759033203125
0.126869201660156 -0.139854431152344 -0.0487594604492187 0.13726806640625
0.179153442382813 -0.049560546875 -0.09515380859375 0.106231689453125
0.177932739257813 0.051727294921875 -0.09698486328125 0.0298843383789062
0.0609283447265625 0.1904296875 -0.0556373596191406 -0.0254783630371094
-0.0703125 0.2227783203125 0.0159454345703125 0.0668563842773438
-0.162078857421875 0.162490844726563 -0.0992584228515625 0.194229125976563
-0.14007568359375 -0.033172607421875 -0.056640625 0.285186767578125
-0.134323120117188 0.0375747680664062 -0.025238037109375 0.284088134765625
-0.0856170654296875 0.093719482421875 0.044342041015625 0.165008544921875
0.0141372680664063 0.117057800292969 0.0352020263671875 0.100486755371094
0.0841751098632812 0.0613861083984375 -0.00179290771484375 0.0725631713867188
0.1094970703125 -0.0287246704101563 -0.0146636962890625 0.0970535278320313
0.078704833984375 -0.0790176391601563 0.00562286376953126 0.139358520507813
0.0662384033203125 -0.08197021484375 0.0130767822265625 0.165771484375
0.0728607177734375 -0.101600646972656 -0.0131988525390625 0.194747924804688
0.098419189453125 -0.0879287719726563 -0.076446533203125 0.179000854492188
0.131355285644531 -0.0225448608398438 -0.124732971191406 0.127593994140625
0.124443054199219 0.0523605346679687 -0.122886657714844 0.0356826782226563
0.0173492431640625 0.147262573242187 -0.0686798095703125 -0.0206184387207031
-0.096649169921875 0.144012451171875 -0.0111770629882813 0.09246826171875
-0.159072875976563 0.062530517578125 -0.162979125976563 0.216033935546875
0.104843139648438 0.0604171752929688 0.156051635742188 -0.233062744140625
0.0875701904296875 -0.0575942993164063 0.041107177734375 -0.0902023315429688
-0.00212860107421875 -0.0776519775390625 0.080841064453125 0.0158462524414062
-0.0533943176269531 -0.0424690246582031 0.1666259765625 -0.0443572998046875
-0.0643196105957031 0.00376510620117187 0.147445678710938 -0.159255981445313
-0.0536918640136719 0.0454635620117187 0.0659332275390625 -0.241409301757812
-0.0447654724121094 0.0307807922363281 -0.0152587890625 -0.242752075195313
-0.0468521118164063 0.01556396484375 -0.0339813232421875 -0.198699951171875
-0.061920166015625 0.0136909484863281 -0.0167083740234375 -0.1649169921875
-0.0588760375976563 -0.0360794067382813 0.00744628906250001 -0.133895874023438
-0.0171051025390625 -0.0821304321289063 0.00257110595703124 -0.0848388671875
0.0536727905273437 -0.076141357421875 -0.019683837890625 -0.0932159423828125
0.125526428222656 -0.00429534912109375 -0.035797119140625 -0.176437377929688
0.13543701171875 0.0792465209960937 -0.00186157226562498 -0.281524658203125
0.09442138671875 0.131050109863281 0.073272705078125 -0.28436279296875
0.0543975830078125 0.179168701171875 0.193801879882813 -0.191085815429688
0.0984954833984375 0.0620880126953125 0.0733413696289062 -0.0655670166015625
0.0571670532226563 0.00877761840820313 0.102897644042969 0.028656005859375
0.0373497009277344 -0.0194015502929688 0.191238403320313 -0.0377655029296875
0.014892578125 -0.0278949737548828 0.167526245117188 -0.15325927734375
-0.00724411010742187 -0.0305995941162109 0.0810394287109375 -0.242645263671875
-0.0277328491210938 -0.0554695129394531 -0.00308227539062498 -0.246795654296875
-0.0264091491699219 -0.0638961791992188 -0.025390625 -0.195602416992188
-0.0335617065429688 -0.0743942260742188 -0.00733947753906251 -0.156646728515625
-0.000511169433593747 -0.104591369628906 0.0171127319335937 -0.124900817871094
0.0684661865234375 -0.103172302246094 0.00457000732421875 -0.0669479370117188
0.134658813476563 -0.0486297607421875 -0.02099609375 -0.0687370300292969
0.158416748046875 0.0864410400390625 -0.0501708984375 -0.14208984375
0.12347412109375 0.194061279296875 -0.0081634521484375 -0.23272705078125
0.0490264892578125 0.237808227539063 0.0798187255859375 -0.222335815429688
-0.01287841796875 0.275665283203125 0.21014404296875 -0.111495971679687
0.0855865478515625 0.185012817382813 0.09912109375 -0.0105972290039062
0.107582092285156 0.11083984375 0.122032165527344 0.0551605224609375
0.131919860839844 0.01849365234375 0.206756591796875 -0.0178375244140625
0.102424621582031 -0.0505294799804688 0.17620849609375 -0.12786865234375
0.0472030639648438 -0.102363586425781 0.0909271240234375 -0.21551513671875
-0.00404357910156249 -0.134613037109375 0.0123291015625 -0.217803955078125
-0.00164794921874999 -0.134811401367188 -0.0125885009765625 -0.163848876953125
-0.00396728515625 -0.152175903320313 0.00235748291015625 -0.119186401367188
0.0477294921875 -0.162704467773438 0.0172882080078125 -0.0912094116210938
0.135307312011719 -0.122642517089844 -0.00427436828613281 -0.0351047515869141
0.19598388671875 -0.034912109375 -0.0302734375 -0.0409660339355469
0.184600830078125 0.14678955078125 -0.06201171875 -0.105552673339844
0.114089965820312 0.272689819335938 -0.00762939453125 -0.169143676757812
0.00790405273437498 0.30767822265625 0.0706558227539063 -0.135475158691406
-0.08502197265625 0.32733154296875 0.197906494140625 -0.00189208984374998
0.046051025390625 0.282318115234375 0.110549926757813 0.0717010498046875
0.1312255859375 0.208419799804688 0.131561279296875 0.09307861328125
0.20635986328125 0.0686798095703125 0.203155517578125 0.0166778564453125
0.18017578125 -0.05596923828125 0.168563842773438 -0.08172607421875
0.101974487304687 -0.15557861328125 0.0914306640625 -0.159393310546875
0.022857666015625 -0.194229125976563 0.0274200439453125 -0.158554077148437
0.0219573974609375 -0.18597412109375 0.00310516357421876 -0.1060791015625
0.022735595703125 -0.207443237304688 0.0106964111328125 -0.0594558715820313
0.0826568603515625 -0.202072143554687 0.0118370056152344 -0.0386505126953125
0.179855346679688 -0.133102416992188 -0.0182247161865234 0.00434303283691405
0.23291015625 -0.0252532958984375 -0.0417442321777344 -0.0134124755859375
0.19293212890625 0.182418823242188 -0.06378173828125 -0.0722732543945312
0.09674072265625 0.312255859375 0.00609588623046876 -0.101470947265625
-0.0303955078125 0.337493896484375 0.0513267517089844 -0.0361137390136719
-0.145904541015625 0.317657470703125 0.15582275390625 0.117538452148438
-0.01348876953125 0.32135009765625 0.0998992919921875 0.164443969726563
0.112518310546875 0.272216796875 0.124366760253906 0.135215759277344
0.234939575195313 0.121109008789063 0.177764892578125 0.0572967529296875
0.226943969726562 -0.03948974609375 0.139297485351563 -0.0247344970703125
0.144912719726563 -0.175888061523438 0.0785675048828125 -0.084320068359375
0.04949951171875 -0.220413208007813 0.0372238159179687 -0.0773773193359375
0.0428009033203125 -0.207778930664062 0.0181884765625 -0.0316543579101563
0.0447235107421875 -0.233001708984375 0.0172176361083984 0.0134696960449219
0.106231689453125 -0.216415405273438 0.00148391723632813 0.0246925354003906
0.203033447265625 -0.128509521484375 -0.036529541015625 0.0479202270507812
0.243576049804688 -0.010345458984375 -0.0564613342285156 0.0103683471679688
0.176834106445313 0.201934814453125 -0.0600624084472656 -0.0481796264648437
0.06024169921875 0.318695068359375 0.0237998962402344 -0.0374259948730468
-0.07244873046875 0.324554443359375 0.0212821960449219 0.0632476806640625
-0.180526733398438 0.244857788085938 0.0939788818359375 0.221878051757813
-0.076171875 0.28680419921875 0.070037841796875 0.24566650390625
0.05615234375 0.275833129882813 0.103378295898438 0.165603637695313
0.20452880859375 0.155120849609375 0.13287353515625 0.0900192260742188
0.224777221679687 -0.007110595703125 0.09490966796875 0.0289230346679687
0.162857055664063 -0.159194946289063 0.0546875 -0.00482559204101563
0.0684814453125 -0.20989990234375 0.0392570495605469 0.0101280212402344
0.0560150146484375 -0.197479248046875 0.0300369262695313 0.0467262268066406
0.059906005859375 -0.224151611328125 0.02032470703125 0.0872955322265625
0.11602783203125 -0.203094482421875 -0.0138931274414063 0.0902557373046875
0.20245361328125 -0.108566284179687 -0.0598068237304687 0.0887222290039063
0.230224609375 0.010528564453125 -0.0755233764648437 0.0295944213867187
0.139572143554688 0.206710815429688 -0.0577201843261719 -0.0316352844238281
0.01092529296875 0.294708251953125 0.0329246520996094 0.0184307098388672
-0.1131591796875 0.273849487304688 -0.0218505859375 0.149246215820313
-0.179229736328125 0.126190185546875 0.027587890625 0.289093017578125
-0.11773681640625 0.189605712890625 0.032501220703125 0.29327392578125
-0.013153076171875 0.2149658203125 0.0784912109375 0.17657470703125
0.129257202148438 0.152938842773438 0.0842437744140625 0.105400085449219
0.176177978515625 0.025238037109375 0.0465087890625 0.0650253295898438
0.149002075195313 -0.112152099609375 0.0261421203613281 0.0618743896484375
0.0748443603515625 -0.164840698242187 0.0345001220703125 0.08837890625
0.0610809326171875 -0.157882690429688 0.0363235473632813 0.117530822753906
0.0652008056640625 -0.183563232421875 0.0192718505859375 0.154815673828125
0.110549926757812 -0.1646728515625 -0.0339202880859375 0.150192260742187
0.180023193359375 -0.0786895751953125 -0.0877227783203125 0.124420166015625
0.193313598632813 0.02764892578125 -0.0995712280273438 0.043853759765625
0.091278076171875 0.19171142578125 -0.0627250671386719 -0.0210304260253906
-0.0404205322265625 0.242904663085938 0.0256309509277344 0.0644645690917969
-0.145156860351563 0.191299438476563 -0.079376220703125 0.212966918945313
-0.149154663085938 -0.012908935546875 -0.023590087890625 0.309326171875
-0.133697509765625 0.0591812133789063 0.00738525390624997 0.300384521484375
-0.0743865966796875 0.111946105957031 0.0624237060546875 0.166717529296875
0.03350830078125 0.119865417480469 0.0465164184570313 0.104202270507813
0.0967178344726563 0.049652099609375 0.009002685546875 0.0809707641601563
0.1082763671875 -0.0468063354492187 0.00225830078125 0.10595703125
0.0687026977539063 -0.0936508178710938 0.0278472900390625 0.14404296875
0.0556259155273437 -0.094970703125 0.0380859375 0.169921875
0.0597305297851562 -0.116973876953125 0.01385498046875 0.206192016601563
0.0882949829101562 -0.106239318847656 -0.0562591552734375 0.197433471679688
0.133575439453125 -0.0430374145507812 -0.114501953125 0.150833129882813
0.1363525390625 0.036285400390625 -0.125511169433594 0.05352783203125
0.0389404296875 0.151519775390625 -0.0746383666992188 -0.0142898559570312
-0.0791168212890625 0.1627197265625 0.001129150390625 0.09466552734375
-0.15386962890625 0.0853729248046875 -0.14190673828125 0.24560546875
0.112754821777344 0.0494842529296875 0.131011962890625 -0.2559814453125
0.0811080932617187 -0.0670013427734375 0.0297622680664063 -0.0938262939453125
-0.0107269287109375 -0.0778732299804688 0.0846786499023438 0.00965881347656249
-0.0592002868652344 -0.0357894897460938 0.164642333984375 -0.0637664794921875
-0.0631446838378906 0.0127830505371094 0.1285400390625 -0.178375244140625
-0.0462913513183594 0.0528335571289063 0.0330047607421875 -0.252471923828125
-0.0405769348144531 0.0369644165039063 -0.048828125 -0.242904663085937
-0.0453300476074219 0.0219383239746094 -0.0621490478515625 -0.195220947265625
-0.0597381591796875 0.0212974548339844 -0.0416412353515625 -0.164413452148438
-0.0631027221679688 -0.0285453796386719 -0.0149154663085938 -0.13775634765625
-0.0278244018554688 -0.0784454345703125 -0.0106582641601562 -0.0913467407226562
0.0442276000976562 -0.0831222534179688 -0.030487060546875 -0.0970535278320313
0.12579345703125 -0.0201187133789063 -0.0538787841796875 -0.175674438476563
0.145538330078125 0.0628662109375 -0.034881591796875 -0.2860107421875
0.109405517578125 0.120758056640625 0.03900146484375 -0.30340576171875
0.0764617919921875 0.176864624023438 0.173721313476563 -0.217376708984375
0.108360290527344 0.0525360107421875 0.0638427734375 -0.0724716186523438
0.0616683959960938 0.00315475463867187 0.106956481933594 0.0198440551757812
0.0370292663574219 -0.0247955322265625 0.189178466796875 -0.0589599609375
0.0127162933349609 -0.0301780700683594 0.14996337890625 -0.17437744140625
-0.0094451904296875 -0.0305862426757813 0.0493316650390625 -0.254669189453125
-0.0355339050292969 -0.0531272888183594 -0.037353515625 -0.24786376953125
-0.0358467102050781 -0.0613441467285156 -0.0541534423828125 -0.192550659179688
-0.0437393188476562 -0.07220458984375 -0.0316162109375 -0.156402587890625
-0.0139846801757812 -0.105979919433594 -0.005523681640625 -0.130203247070313
0.0556106567382813 -0.112541198730469 -0.007537841796875 -0.072723388671875
0.129959106445313 -0.0659027099609375 -0.029937744140625 -0.0720596313476563
0.171615600585937 0.067840576171875 -0.0659332275390625 -0.139419555664063
0.149337768554688 0.181777954101563 -0.035491943359375 -0.2364501953125
0.077545166015625 0.235549926757813 0.05218505859375 -0.242141723632813
0.022064208984375 0.282470703125 0.198974609375 -0.137863159179687
0.111236572265625 0.178375244140625 0.09600830078125 -0.0202713012695312
0.126960754394531 0.100288391113281 0.128074645996094 0.0442428588867188
0.137947082519531 0.000946044921875 0.206527709960937 -0.039947509765625
0.0975875854492187 -0.0653305053710937 0.162567138671875 -0.14923095703125
0.035858154296875 -0.111068725585937 0.0647125244140625 -0.228073120117188
-0.02294921875 -0.136131286621094 -0.01776123046875 -0.220947265625
-0.02154541015625 -0.136642456054688 -0.0372772216796875 -0.161880493164063
-0.0254058837890625 -0.154525756835938 -0.0172882080078125 -0.119659423828125
0.0262603759765625 -0.171371459960938 -0.000854492187499994 -0.0961227416992188
0.120986938476563 -0.142974853515625 -0.0128707885742187 -0.0389976501464844
0.195220947265625 -0.06121826171875 -0.0366439819335937 -0.0420074462890625
0.207382202148438 0.12664794921875 -0.0738449096679688 -0.101188659667969
0.152145385742188 0.263168334960937 -0.0278167724609375 -0.172378540039062
0.045623779296875 0.31231689453125 0.053070068359375 -0.153167724609375
-0.043426513671875 0.34521484375 0.199066162109375 -0.0249481201171875
0.084075927734375 0.281524658203125 0.115768432617187 0.06072998046875
0.164093017578125 0.196914672851563 0.140884399414063 0.081817626953125
0.220199584960938 0.04241943359375 0.206588745117188 -0.00439453125
0.17529296875 -0.0823211669921875 0.160247802734375 -0.100479125976563
0.0837249755859375 -0.171722412109375 0.0732879638671875 -0.170883178710938
-0.00404357910156251 -0.199478149414063 0.00599670410156251 -0.1630859375
-0.00502014160156251 -0.191162109375 -0.01324462890625 -0.106353759765625
-0.0069122314453125 -0.21429443359375 -0.000350952148437494 -0.0606117248535156
0.05535888671875 -0.217300415039063 0.000713348388671874 -0.0421257019042969
0.16448974609375 -0.160568237304688 -0.0221061706542969 0.00454711914062499
0.233413696289063 -0.0574493408203125 -0.0458831787109375 -0.0108871459960937
0.222732543945313 0.161392211914063 -0.0736541748046875 -0.0671539306640625
0.140289306640625 0.30621337890625 -0.00734710693359373 -0.1063232421875
0.01220703125 0.347015380859375 0.0453224182128906 -0.0499649047851562
-0.105987548828125 0.343292236328125 0.171600341796875 0.102188110351563
0.029083251953125 0.3282470703125 0.116119384765625 0.155410766601563
0.153152465820313 0.263961791992188 0.137344360351563 0.12445068359375
0.255859375 0.091796875 0.184494018554688 0.040374755859375
0.223678588867187 -0.0713348388671875 0.138786315917969 -0.0388641357421875
0.123245239257813 -0.198806762695312 0.071563720703125 -0.092620849609375
0.0186309814453125 -0.229766845703125 0.0270462036132813 -0.0820846557617188
0.0121917724609375 -0.216278076171875 0.0116901397705078 -0.0336933135986328
0.01116943359375 -0.24322509765625 0.0174140930175781 0.0121231079101562
0.07586669921875 -0.235031127929687 -5.14984130859302E-05 0.0239219665527344
0.1881103515625 -0.160232543945313 -0.0344085693359375 0.0516166687011719
0.246505737304687 -0.043792724609375 -0.0581626892089843 0.0161285400390625
0.208633422851563 0.182723999023438 -0.0668144226074219 -0.0426521301269531
0.10614013671875 0.31658935546875 0.018524169921875 -0.0438690185546875
-0.031097412109375 0.33917236328125 0.02703857421875 0.0557670593261719
-0.149139404296875 0.27410888671875 0.121200561523437 0.216094970703125
-0.0380859375 0.300811767578125 0.0958709716796875 0.240341186523438
0.096160888671875 0.274215698242188 0.119461059570312 0.157318115234375
0.229690551757812 0.129501342773438 0.142547607421875 0.07904052734375
0.226303100585938 -0.03826904296875 0.100303649902344 0.021484375
0.142669677734375 -0.184219360351563 0.0582427978515625 -0.00924682617187501
0.0385284423828125 -0.220993041992188 0.0412826538085937 0.00525283813476561
0.027313232421875 -0.2076416015625 0.034759521484375 0.0430679321289062
0.0269317626953125 -0.236038208007813 0.0310745239257812 0.0867538452148438
0.08746337890625 -0.222412109375 -0.00584411621093749 0.0927886962890625
0.190170288085938 -0.139739990234375 -0.0518798828125 0.0974578857421875
0.234466552734375 -0.0216064453125 -0.0751190185546875 0.03863525390625
0.171279907226563 0.192901611328125 -0.0634002685546875 -0.0265693664550781
0.05157470703125 0.298431396484375 0.0348548889160156 0.0112361907958985
-0.07794189453125 0.29217529296875 -0.00588989257812501 0.1497802734375
-0.163345336914063 0.15362548828125 0.06256103515625 0.293060302734375
-0.0930023193359375 0.208465576171875 0.06475830078125 0.293212890625
0.0179443359375 0.221267700195312 0.0959320068359375 0.170669555664063
0.152984619140625 0.137680053710938 0.0949172973632813 0.100921630859375
0.181106567382813 0 0.0564537048339844 0.0641975402832031
0.134223937988281 -0.133979797363281 0.0386466979980469 0.0619354248046875
0.0510101318359375 -0.17596435546875 0.0478134155273438 0.0841522216796875
0.037872314453125 -0.167694091796875 0.0518112182617187 0.113113403320313
0.03875732421875 -0.195083618164063 0.04010009765625 0.15423583984375
0.0874481201171875 -0.182342529296875 -0.01617431640625 0.156234741210938
0.170791625976563 -0.1055908203125 -0.0740280151367188 0.137397766113281
0.19940185546875 0.0010528564453125 -0.0969390869140625 0.056396484375
0.118850708007813 0.183197021484375 -0.0668830871582031 -0.0149993896484375
-0.00665283203125002 0.25146484375 0.0337638854980469 0.05902099609375
-0.11956787109375 0.211517333984375 -0.055267333984375 0.223403930664063
-0.150253295898438 0.00830078124999998 0.013153076171875 0.32183837890625
-0.125602722167969 0.07794189453125 0.04071044921875 0.3043212890625
-0.057647705078125 0.124160766601563 0.078643798828125 0.162689208984375
0.0515899658203125 0.115730285644531 0.0577239990234375 0.104347229003906
0.103347778320313 0.0357666015625 0.0215988159179688 0.0849990844726563
0.102294921875 -0.0627822875976563 0.0203323364257813 0.109283447265625
0.05499267578125 -0.103424072265625 0.0487136840820313 0.140495300292969
0.041351318359375 -0.103523254394531 0.06103515625 0.164596557617188
0.0427627563476562 -0.126686096191406 0.042694091796875 0.206222534179688
0.073699951171875 -0.119155883789062 -0.0313568115234375 0.206817626953125
0.128631591796875 -0.0623931884765625 -0.09716796875 0.167739868164063
0.141372680664062 0.01812744140625 -0.1221923828125 0.0696334838867188
0.0592803955078125 0.149078369140625 -0.0784988403320313 -0.00719451904296873
-0.057861328125 0.17425537109375 0.0135650634765625 0.09197998046875
-0.142410278320313 0.104263305664063 -0.113327026367188 0.265533447265625
0.116615295410156 0.039215087890625 0.107315063476563 -0.270187377929688
0.0747833251953125 -0.0732955932617188 0.0205307006835938 -0.09423828125
-0.0181961059570313 -0.0759353637695312 0.0864105224609375 0.00444793701171875
-0.0624923706054688 -0.029541015625 0.159805297851563 -0.0778350830078125
-0.0603370666503906 0.0197715759277344 0.110702514648438 -0.189559936523437
-0.0384750366210938 0.0563087463378906 0.00628662109374999 -0.25384521484375
-0.0354270935058594 0.0414276123046875 -0.0751953125 -0.236495971679688
-0.0433883666992188 0.0268669128417969 -0.0839691162109375 -0.186798095703125
-0.0566673278808594 0.0265045166015625 -0.0624847412109375 -0.15863037109375
-0.0649299621582031 -0.0211753845214844 -0.03436279296875 -0.136054992675781
-0.0358428955078125 -0.0738677978515625 -0.0226821899414062 -0.0940933227539063
0.03521728515625 -0.0865020751953125 -0.038848876953125 -0.0988006591796875
0.122955322265625 -0.0331268310546875 -0.0670318603515625 -0.171783447265625
0.150619506835938 0.0489959716796875 -0.061065673828125 -0.2841796875
0.119834899902344 0.110603332519531 0.00848388671874998 -0.312530517578125
0.0938873291015625 0.17138671875 0.15380859375 -0.234481811523438
0.114471435546875 0.0441970825195312 0.055908203125 -0.0760345458984375
0.064544677734375 -0.0021209716796875 0.108963012695313 0.0135345458984375
0.0358390808105469 -0.0283088684082031 0.185150146484375 -0.07562255859375
0.0107154846191406 -0.0319995880126953 0.132888793945312 -0.1875
-0.0111160278320312 -0.0315208435058594 0.022796630859375 -0.2581787109375
-0.0411338806152344 -0.0491676330566406 -0.063720703125 -0.242141723632812
-0.0433197021484375 -0.0576095581054688 -0.0763092041015625 -0.184356689453125
-0.0517234802246094 -0.0685272216796875 -0.0517425537109375 -0.151626586914063
-0.0248641967773438 -0.104499816894531 -0.0248031616210937 -0.129531860351563
0.0442047119140625 -0.11761474609375 -0.0187911987304687 -0.075592041015625
0.123779296875 -0.0788040161132812 -0.0368118286132812 -0.0739593505859375
0.179367065429688 0.0509490966796875 -0.0764083862304687 -0.135162353515625
0.168197631835938 0.16796875 -0.0572509765625 -0.234817504882812
0.0989532470703125 0.229476928710937 0.02667236328125 -0.253799438476563
0.05059814453125 0.2840576171875 0.1866455078125 -0.157470703125
0.130416870117188 0.169082641601563 0.0911941528320313 -0.0269546508789062
0.141220092773438 0.0890045166015625 0.131057739257813 0.0360870361328125
0.139495849609375 -0.0140151977539062 0.203292846679688 -0.0565948486328125
0.0913467407226563 -0.0759658813476563 0.148330688476563 -0.161697387695313
0.0249862670898438 -0.116287231445313 0.0417327880859375 -0.232864379882812
-0.038726806640625 -0.133384704589844 -0.0415802001953125 -0.217636108398438
-0.0383224487304688 -0.134017944335938 -0.056304931640625 -0.155563354492187
-0.043426513671875 -0.152999877929688 -0.0335617065429688 -0.116325378417969
0.0071868896484375 -0.175430297851563 -0.0175399780273438 -0.0960922241210938
0.105575561523438 -0.156265258789063 -0.0212173461914062 -0.0407028198242188
0.189666748046875 -0.0814666748046875 -0.04193115234375 -0.0425567626953125
0.222335815429688 0.106292724609375 -0.0822830200195312 -0.096343994140625
0.180328369140625 0.250091552734375 -0.04449462890625 -0.171875
0.076507568359375 0.30963134765625 0.034912109375 -0.16485595703125
-0.00735473632812497 0.352630615234375 0.197097778320313 -0.0435028076171875
0.114593505859375 0.274200439453125 0.118095397949219 0.0519180297851563
0.188583374023438 0.181594848632813 0.145263671875 0.072540283203125
0.2271728515625 0.01904296875 0.204971313476563 -0.01995849609375
0.166534423828125 -0.101486206054688 0.151153564453125 -0.112533569335938
0.0657958984375 -0.182037353515625 0.0578765869140625 -0.176712036132813
-0.0265960693359375 -0.198394775390625 -0.0113525390625 -0.161773681640625
-0.0273284912109375 -0.19024658203125 -0.0264358520507813 -0.102874755859375
-0.032989501953125 -0.214508056640625 -0.00909805297851563 -0.0587043762207031
0.0301055908203125 -0.224075317382812 -0.00992584228515625 -0.0422286987304688
0.146621704101563 -0.18017578125 -0.0257244110107422 0.00499343872070311
0.228668212890625 -0.08319091796875 -0.0490875244140625 -0.00901412963867188
0.24249267578125 0.139358520507813 -0.0792999267578125 -0.0619049072265625
0.175323486328125 0.293365478515625 -0.0182113647460937 -0.108322143554687
0.04638671875 0.347900390625 0.036285400390625 -0.0600318908691406
-0.07000732421875 0.3565673828125 0.180618286132812 0.0875091552734375
0.063446044921875 0.32574462890625 0.126556396484375 0.146011352539063
0.184646606445313 0.25 0.144683837890625 0.114898681640625
0.267364501953125 0.064483642578125 0.18646240234375 0.0277862548828125
0.216171264648437 -0.0955352783203125 0.135833740234375 -0.0483245849609375
0.102462768554687 -0.212966918945313 0.0651092529296875 -0.0979385375976563
-0.00834655761718752 -0.231475830078125 0.0180816650390625 -0.0843582153320313
-0.01263427734375 -0.216796875 0.007293701171875 -0.0339107513427735
-0.01788330078125 -0.244979858398438 0.0166330337524414 0.0111074447631836
0.0487213134765625 -0.244140625 -0.00275039672851562 0.0239639282226562
0.169921875 -0.182632446289063 -0.0324516296386719 0.0548744201660156
0.242340087890625 -0.071746826171875 -0.0586662292480469 0.0204048156738281
0.2314453125 0.16229248046875 -0.0717697143554687 -0.0381011962890625
0.14239501953125 0.3074951171875 0.0136871337890625 -0.0486793518066406
0.00381469726562497 0.342803955078125 0.0292778015136719 0.0479011535644531
-0.1199951171875 0.292266845703125 0.141586303710938 0.207534790039063
-0.0062255859375 0.3052978515625 0.114471435546875 0.231704711914063
0.129180908203125 0.2659912109375 0.128707885742188 0.148513793945313
0.245651245117188 0.105361938476563 0.147689819335938 0.070281982421875
0.221267700195313 -0.06329345703125 0.104248046875 0.0153732299804687
0.122451782226563 -0.199356079101563 0.0609664916992188 -0.0136299133300781
0.0132598876953125 -0.224929809570313 0.0421218872070313 0.00126266479492186
0.00341796875000002 -0.209991455078125 0.0380935668945313 0.0396041870117187
-0.000793457031250011 -0.23895263671875 0.0400772094726563 0.0838241577148437
0.0611419677734375 -0.233245849609375 0.000869750976562496 0.0931396484375
0.17437744140625 -0.162429809570312 -0.0440292358398437 0.102592468261719
0.23272705078125 -0.0478057861328125 -0.073089599609375 0.0456695556640625
0.194717407226563 0.175643920898438 -0.0665054321289062 -0.0215644836425781
0.086669921875 0.294158935546875 0.0352325439453125 0.00481033325195314
-0.047698974609375 0.29986572265625 0.0058746337890625 0.146728515625
-0.145797729492188 0.172271728515625 0.089691162109375 0.29150390625
-0.070465087890625 0.2178955078125 0.08868408203125 0.287872314453125
0.0442047119140625 0.220916748046875 0.106536865234375 0.163681030273438
0.169830322265625 0.12139892578125 0.102134704589844 0.0972137451171875
0.180191040039063 -0.019775390625 0.0650291442871094 0.0621528625488281
0.118728637695313 -0.149169921875 0.0490989685058594 0.0590400695800781
0.0306243896484375 -0.18109130859375 0.0574951171875 0.0784149169921875
0.0175933837890625 -0.171249389648438 0.0627975463867188 0.106712341308594
0.0154266357421875 -0.1990966796875 0.0564727783203125 0.150115966796875
0.065582275390625 -0.192108154296875 -0.00202941894531248 0.157882690429688
0.158737182617188 -0.125579833984375 -0.0612640380859375 0.145782470703125
0.199356079101563 -0.0206146240234375 -0.0933380126953125 0.066009521484375
0.140426635742188 0.172134399414063 -0.0692138671875 -0.00965118408203123
0.0217742919921875 0.2528076171875 0.0386848449707031 0.0528678894042969
-0.096832275390625 0.222366333007813 -0.03564453125 0.226516723632813
-0.14752197265625 0.024261474609375 0.04364013671875 0.32513427734375
-0.116096496582031 0.0915298461914063 0.06640625 0.301727294921875
-0.042236328125 0.131011962890625 0.0890655517578125 0.157257080078125
0.0659255981445313 0.10919189453125 0.0654220581054688 0.103317260742188
0.106307983398438 0.0231781005859375 0.0330810546875 0.0864181518554688
0.09375 -0.0740966796875 0.0359573364257813 0.108123779296875
0.0417022705078125 -0.108161926269531 0.064971923828125 0.1343994140625
0.0284881591796875 -0.107345581054687 0.07830810546875 0.156646728515625
0.0274810791015625 -0.130821228027344 0.06463623046875 0.201248168945313
0.0594253540039063 -0.127761840820313 -0.01031494140625 0.209625244140625
0.121833801269531 -0.0767364501953125 -0.08050537109375 0.17828369140625
0.143218994140625 0.0029296875 -0.11663818359375 0.0817947387695313
0.0749053955078125 0.143646240234375 -0.0803680419921875 -0.00104522705078125
-0.037994384765625 0.179428100585938 0.0226974487304687 0.0874710083007813
-0.1300048828125 0.115867614746094 -0.0892333984375 0.276229858398438
0.120353698730469 0.0321578979492188 0.088348388671875 -0.2830810546875
0.070831298828125 -0.07867431640625 0.013397216796875 -0.0956649780273438
-0.0242843627929688 -0.0748519897460938 0.0892257690429687 0.000671386718749995
-0.0658607482910156 -0.0248031616210938 0.15740966796875 -0.090423583984375
-0.0586776733398437 0.0254135131835938 0.0973663330078125 -0.199325561523438
-0.0327949523925781 0.0586967468261719 -0.0159912109375 -0.256393432617188
-0.0312347412109375 0.0445442199707031 -0.096893310546875 -0.231719970703125
-0.0415496826171875 0.0313529968261719 -0.101943969726562 -0.179611206054688
-0.0542640686035156 0.0311393737792969 -0.0801849365234375 -0.153335571289063
-0.0669403076171875 -0.0146255493164062 -0.0502090454101562 -0.133712768554688
-0.0421257019042969 -0.06964111328125 -0.0338592529296875 -0.09771728515625
0.0285110473632813 -0.0899276733398438 -0.0464019775390625 -0.102218627929688
0.1209716796875 -0.0433807373046875 -0.078704833984375 -0.170700073242188
0.1552734375 0.0371246337890625 -0.08233642578125 -0.283966064453125
0.128608703613281 0.104179382324219 -0.017425537109375 -0.322998046875
0.109207153320313 0.16815185546875 0.138137817382813 -0.250701904296875
0.120872497558594 0.0363616943359375 0.0494842529296875 -0.07965087890625
0.0673751831054688 -0.00702667236328125 0.111152648925781 0.00872802734375
0.0347270965576172 -0.0325660705566406 0.182693481445313 -0.0889892578125
0.00897026062011719 -0.0334129333496094 0.11981201171875 -0.19781494140625
-0.0131282806396484 -0.0326786041259766 0.00175476074218751 -0.26129150390625
-0.0457572937011719 -0.0461578369140625 -0.086181640625 -0.238327026367187
-0.0493087768554688 -0.0539894104003906 -0.094390869140625 -0.177841186523438
-0.0585823059082031 -0.0654106140136719 -0.0684814453125 -0.14703369140625
-0.034637451171875 -0.103988647460938 -0.0416412353515625 -0.128219604492188
0.033935546875 -0.122406005859375 -0.0293731689453125 -0.0784912109375
0.119026184082031 -0.090545654296875 -0.0437088012695312 -0.0767135620117188
0.186233520507812 0.037353515625 -0.0853805541992188 -0.133529663085938
0.18450927734375 0.156982421875 -0.07562255859375 -0.23480224609375
0.118087768554688 0.226577758789062 0.00389099121093751 -0.264404296875
0.07489013671875 0.285614013671875 0.177001953125 -0.173599243164062
0.1474609375 0.161605834960938 0.0887527465820313 -0.0318145751953125
0.15374755859375 0.07843017578125 0.134628295898438 0.030670166015625
0.141983032226563 -0.02655029296875 0.20172119140625 -0.07000732421875
0.0861282348632813 -0.0859603881835938 0.138015747070313 -0.172836303710937
0.0157394409179687 -0.121788024902344 0.02386474609375 -0.237579345703125
-0.05126953125 -0.131309509277344 -0.0610809326171875 -0.214797973632813
-0.0510406494140625 -0.131813049316406 -0.0710601806640625 -0.150253295898437
-0.059051513671875 -0.1513671875 -0.0465240478515625 -0.112831115722656
-0.009613037109375 -0.178421020507813 -0.0319976806640625 -0.0947341918945313
0.0928802490234375 -0.167800903320313 -0.0296363830566406 -0.0415916442871094
0.185379028320313 -0.0993194580078125 -0.0466194152832031 -0.0435523986816406
0.236526489257813 0.089447021484375 -0.0891494750976563 -0.0933761596679688
0.2059326171875 0.238861083984375 -0.0588226318359375 -0.1722412109375
0.10125732421875 0.310333251953125 0.0189666748046875 -0.175247192382812
0.022125244140625 0.360626220703125 0.196044921875 -0.0582427978515625
0.139419555664063 0.269454956054688 0.120140075683594 0.0459747314453125
0.210601806640625 0.167831420898438 0.150054931640625 0.0665283203125
0.233657836914063 -0.00115966796875 0.205474853515625 -0.0319366455078125
0.159866333007813 -0.117507934570313 0.1451416015625 -0.1224365234375
0.05059814453125 -0.191497802734375 0.0456085205078125 -0.182052612304688
-0.0459442138671875 -0.197601318359375 -0.0262451171875 -0.16131591796875
-0.04644775390625 -0.189315795898438 -0.0370559692382813 -0.0997695922851563
-0.0543212890625 -0.2144775390625 -0.0165328979492187 -0.057647705078125
0.00830078125 -0.230209350585938 -0.0190391540527344 -0.0410232543945313
0.131866455078125 -0.197174072265625 -0.0296649932861328 0.00576782226562498
0.225143432617188 -0.105377197265625 -0.0514373779296875 -0.00862884521484375
0.26031494140625 0.120834350585938 -0.084564208984375 -0.0589752197265625
0.205810546875 0.282989501953125 -0.0275726318359375 -0.110916137695312
0.074737548828125 0.350555419921875 0.0285911560058594 -0.0687103271484375
-0.03955078125 0.369140625 0.189788818359375 0.0764007568359375
0.092620849609375 0.325042724609375 0.1358642578125 0.140274047851563
0.212295532226563 0.237380981445312 0.151168823242188 0.109146118164063
0.278579711914063 0.0412445068359375 0.189682006835938 0.0182037353515625
0.2099609375 -0.11651611328125 0.13525390625 -0.0559539794921875
0.0840301513671875 -0.225601196289063 0.0609054565429688 -0.103187561035156
-0.02972412109375 -0.232681274414063 0.0110702514648437 -0.0861053466796875
-0.0345916748046875 -0.217666625976563 0.00280570983886718 -0.0336971282958985
-0.0429229736328125 -0.246292114257813 0.0168113708496094 0.0105190277099609
0.024749755859375 -0.252334594726563 -0.00498008728027343 0.0252647399902344
0.155059814453125 -0.202468872070313 -0.0318145751953125 0.057647705078125
0.240341186523437 -0.0953216552734375 -0.0591468811035156 0.0239677429199219
0.251785278320313 0.144943237304688 -0.0751800537109375 -0.0347137451171875
0.173828125 0.30023193359375 0.00840759277343751 -0.0532035827636719
0.031829833984375 0.348419189453125 0.0292816162109375 0.042388916015625
-0.0953369140625 0.30755615234375 0.15869140625 0.202499389648438
0.019927978515625 0.309722900390625 0.129776000976563 0.228012084960938
0.156005859375 0.259307861328125 0.136871337890625 0.144454956054688
0.259902954101563 0.0843353271484375 0.153533935546875 0.064727783203125
0.21771240234375 -0.0839080810546875 0.108573913574219 0.0107269287109375
0.105392456054688 -0.213653564453125 0.0648117065429688 -0.0179023742675781
-0.00863647460937498 -0.227859497070313 0.0429763793945313 -0.00240325927734376
-0.017333984375 -0.211685180664063 0.0412712097167969 0.036895751953125
-0.025115966796875 -0.242385864257813 0.0470123291015625 0.0811386108398437
0.03826904296875 -0.2423095703125 0.00524139404296876 0.0945587158203125
0.1611328125 -0.182144165039063 -0.0384368896484375 0.108039855957031
0.231948852539063 -0.07061767578125 -0.071319580078125 0.0518035888671875
0.215301513671875 0.1614990234375 -0.0694351196289062 -0.0181617736816406
0.116241455078125 0.29107666015625 0.0350990295410156 -0.000894546508789045
-0.023590087890625 0.308074951171875 0.01470947265625 0.14532470703125
-0.131134033203125 0.187881469726563 0.1142578125 0.291778564453125
-0.0522308349609375 0.226394653320313 0.10882568359375 0.286346435546875
0.066070556640625 0.22052001953125 0.115432739257812 0.160919189453125
0.183914184570313 0.10760498046875 0.109268188476563 0.094970703125
0.179367065429688 -0.0365142822265625 0.0733718872070313 0.0608139038085938
0.105911254882813 -0.161727905273438 0.0589179992675781 0.0564994812011719
0.013275146484375 -0.184799194335938 0.0658950805664063 0.07415771484375
0.001190185546875 -0.174224853515625 0.0719757080078125 0.1015625
-0.00451660156250001 -0.202590942382813 0.0700836181640625 0.145904541015625
0.047149658203125 -0.20098876953125 0.00971984863281252 0.1597900390625
0.149215698242188 -0.142669677734375 -0.0513763427734375 0.153060913085938
0.200408935546875 -0.0390167236328125 -0.0902862548828125 0.0744094848632813
0.158981323242188 0.162887573242188 -0.0715103149414062 -0.0056610107421875
0.04620361328125 0.254013061523438 0.0424995422363281 0.0472259521484375
-0.079345703125 0.231735229492188 -0.0201568603515625 0.230438232421875
-0.145111083984375 0.03802490234375 0.070343017578125 0.330963134765625
-0.108901977539062 0.10186767578125 0.08746337890625 0.301849365234375
-0.0297012329101563 0.136550903320313 0.0971832275390625 0.15545654296875
0.0773544311523438 0.103958129882813 0.0734634399414063 0.104408264160156
0.108612060546875 0.0134735107421875 0.0430068969726563 0.087615966796875
0.0866928100585938 -0.0835723876953125 0.0496444702148438 0.106101989746094
0.0318679809570313 -0.112838745117188 0.0783920288085938 0.129554748535156
0.0185394287109375 -0.110557556152344 0.0925445556640625 0.150192260742188
0.0144271850585938 -0.134719848632813 0.082977294921875 0.196380615234375
0.0473098754882812 -0.1337890625 0.00645446777343749 0.213546752929687
0.116020202636719 -0.0887069702148437 -0.067138671875 0.1876220703125
0.14447021484375 -0.0096588134765625 -0.11236572265625 0.0924606323242187
0.0892257690429688 0.139564514160156 -0.082733154296875 0.00328826904296877
-0.0218658447265625 0.183273315429688 0.0294189453125 0.083282470703125
-0.121742248535156 0.124748229980469 -0.069183349609375 0.28564453125
0.126861572265625 0.02545166015625 0.06988525390625 -0.30279541015625
0.0682449340820313 -0.0869598388671875 0.0066070556640625 -0.0992507934570313
-0.0301742553710937 -0.0750503540039063 0.0934219360351563 -0.00426483154296875
-0.06982421875 -0.0200958251953125 0.157394409179688 -0.104888916015625
-0.0577201843261719 0.0305557250976563 0.0856170654296875 -0.211868286132812
-0.0275154113769531 0.061737060546875 -0.0371856689453125 -0.2611083984375
-0.0273208618164063 0.0476036071777344 -0.120361328125 -0.230178833007813
-0.0396652221679688 0.0363731384277344 -0.121139526367188 -0.175262451171875
-0.0531806945800781 0.0367851257324219 -0.0977020263671875 -0.14959716796875
-0.0693016052246094 -0.00937271118164061 -0.066497802734375 -0.133514404296875
-0.04913330078125 -0.0672073364257813 -0.046722412109375 -0.10101318359375
0.0223388671875 -0.0945816040039063 -0.0561599731445313 -0.107002258300781
0.120628356933594 -0.0547256469726563 -0.0909423828125 -0.1729736328125
0.162551879882812 0.0264129638671875 -0.105316162109375 -0.288726806640625
0.140495300292969 0.0987625122070313 -0.045135498046875 -0.337738037109375
0.12677001953125 0.167022705078125 0.125030517578125 -0.271865844726562
0.129257202148438 0.0285873413085938 0.0448226928710938 -0.0846328735351563
0.07147216796875 -0.0131301879882813 0.116706848144531 0.00362396240234375
0.0339088439941406 -0.0373649597167969 0.182723999023438 -0.104248046875
0.00743865966796875 -0.0360069274902344 0.109619140625 -0.21173095703125
-0.0155124664306641 -0.0349617004394531 -0.019805908203125 -0.268280029296875
-0.0512809753417969 -0.0444717407226562 -0.109619140625 -0.236618041992187
-0.0563240051269531 -0.0514144897460938 -0.112701416015625 -0.17364501953125
-0.0673599243164063 -0.063262939453125 -0.0856475830078125 -0.143661499023438
-0.0449066162109375 -0.104217529296875 -0.0584869384765625 -0.127250671386719
0.0253448486328125 -0.1287841796875 -0.040740966796875 -0.0813522338867188
0.116355895996094 -0.103485107421875 -0.0514602661132813 -0.0810623168945313
0.196182250976563 0.0237274169921875 -0.0957183837890625 -0.1337890625
0.204391479492188 0.14776611328125 -0.095550537109375 -0.238998413085938
0.139694213867188 0.227005004882813 -0.019134521484375 -0.279052734375
0.101348876953125 0.291778564453125 0.170989990234375 -0.1943359375
0.16778564453125 0.155624389648438 0.0876235961914063 -0.037139892578125
0.168853759765625 0.067657470703125 0.140731811523437 0.02569580078125
0.145843505859375 -0.04095458984375 0.203948974609375 -0.085052490234375
0.0826797485351563 -0.096435546875 0.131011962890625 -0.187103271484375
0.00628662109375001 -0.129165649414063 0.006561279296875 -0.245895385742188
-0.0644149780273438 -0.131401062011719 -0.081573486328125 -0.2147216796875
-0.0657501220703125 -0.130905151367188 -0.0873870849609375 -0.14691162109375
-0.07562255859375 -0.151641845703125 -0.0598373413085937 -0.110939025878906
-0.0271148681640625 -0.184005737304688 -0.0465927124023437 -0.0934371948242188
0.0811309814453125 -0.182785034179688 -0.038665771484375 -0.0424766540527344
0.184005737304688 -0.11956787109375 -0.052886962890625 -0.0453834533691406
0.254486083984375 0.0728759765625 -0.0972213745117187 -0.092041015625
0.234970092773438 0.230636596679688 -0.074310302734375 -0.176284790039063
0.12939453125 0.3150634765625 0.00117492675781253 -0.187957763671875
0.05401611328125 0.373138427734375 0.19879150390625 -0.0748138427734375
0.168197631835938 0.26727294921875 0.125389099121094 0.0405197143554688
0.236083984375 0.156005859375 0.157928466796875 0.061920166015625
0.243804931640625 -0.0224761962890625 0.210617065429688 -0.04547119140625
0.155364990234375 -0.1356201171875 0.142791748046875 -0.134719848632813
0.035125732421875 -0.204345703125 0.0345916748046875 -0.190185546875
-0.0655670166015625 -0.199630737304688 -0.0403289794921875 -0.163726806640625
-0.0657196044921875 -0.190811157226562 -0.0473861694335938 -0.0975341796875
-0.0777740478515625 -0.216888427734375 -0.02423095703125 -0.0570640563964844
-0.0139923095703125 -0.23944091796875 -0.0280799865722656 -0.0391464233398438
0.118179321289062 -0.217422485351563 -0.0349292755126953 0.00762176513671874
0.224685668945313 -0.129562377929688 -0.0556716918945312 -0.00765609741210938
0.28338623046875 0.103179931640625 -0.0908355712890625 -0.0571746826171875
0.24017333984375 0.27557373046875 -0.0378036499023437 -0.114990234375
0.105987548828125 0.359161376953125 0.0195083618164063 -0.0779190063476562
-0.00894165039062501 0.387115478515625 0.202911376953125 0.0663909912109375
0.123687744140625 0.32861328125 0.147247314453125 0.136886596679688
0.242630004882813 0.22747802734375 0.161148071289063 0.107192993164063
0.294158935546875 0.0164794921875 0.197036743164063 0.0098114013671875
0.207382202148438 -0.138809204101562 0.138145446777344 -0.0654678344726563
0.066864013671875 -0.24188232421875 0.057373046875 -0.111068725585938
-0.052490234375 -0.236862182617188 0.00434875488281249 -0.0897979736328125
-0.055999755859375 -0.220535278320313 -0.00114822387695313 -0.0343570709228516
-0.069305419921875 -0.250274658203125 0.0166082382202148 0.0100574493408203
4.57763671875204E-05 -0.263671875 -0.00738334655761719 0.0275249481201172
0.140838623046875 -0.224700927734375 -0.0311470031738281 0.0620460510253906
0.240768432617188 -0.121337890625 -0.0601654052734375 0.0278511047363281
0.27734375 0.128067016601562 -0.0807113647460937 -0.0325164794921875
0.20928955078125 0.295074462890625 0.00361633300781252 -0.0581436157226562
0.061767578125 0.359222412109375 0.0293235778808594 0.0377616882324219
-0.070953369140625 0.327606201171875 0.181228637695313 0.199966430664063
0.04766845703125 0.31988525390625 0.148178100585938 0.228057861328125
0.186248779296875 0.254531860351563 0.148529052734375 0.143630981445313
0.278671264648438 0.063568115234375 0.163055419921875 0.0602874755859375
0.217086791992188 -0.106231689453125 0.115882873535156 0.00594329833984374
0.0895538330078125 -0.231246948242187 0.0689010620117188 -0.0234413146972656
-0.0298614501953125 -0.234115600585938 0.045196533203125 -0.00629806518554689
-0.0378265380859375 -0.216720581054687 0.0449104309082031 0.0347518920898437
-0.0499114990234375 -0.247299194335938 0.0546646118164063 0.07952880859375
0.0159912109375 -0.253463745117188 0.0104827880859375 0.0980911254882812
0.149871826171875 -0.204864501953125 -0.0323410034179688 0.115348815917969
0.23388671875 -0.0941925048828125 -0.0710372924804687 0.0581207275390625
0.2398681640625 0.148727416992188 -0.0735855102539063 -0.0152435302734375
0.148712158203125 0.29058837890625 0.0349979400634766 -0.00653648376464842
0.00140380859374996 0.320068359375 0.0233001708984375 0.146865844726563
-0.118255615234375 0.2060546875 0.14111328125 0.29736328125
-0.03424072265625 0.238998413085938 0.130828857421875 0.2899169921875
0.08917236328125 0.222122192382813 0.126541137695313 0.161941528320313
0.201278686523438 0.09381103515625 0.11993408203125 0.0951690673828125
0.182281494140625 -0.0536956787109375 0.0830917358398438 0.06011962890625
0.09405517578125 -0.1776123046875 0.0687904357910156 0.0527992248535156
-0.00379943847656249 -0.191909790039063 0.074920654296875 0.070587158203125
-0.015594482421875 -0.179061889648438 0.0827713012695313 0.0976409912109375
-0.0246124267578125 -0.208648681640625 0.084228515625 0.144256591796875
0.0289459228515625 -0.21234130859375 0.02130126953125 0.164749145507812
0.140487670898438 -0.162155151367188 -0.04052734375 0.162445068359375
0.20355224609375 -0.058013916015625 -0.0882034301757812 0.0845184326171875
0.18035888671875 0.155120849609375 -0.0752105712890625 -0.00185394287109374
0.0717620849609375 0.257781982421875 0.046783447265625 0.0421867370605469
-0.0626678466796875 0.245147705078125 -0.004302978515625 0.23883056640625
-0.145538330078125 0.0517120361328125 0.0997314453125 0.342529296875
-0.103408813476562 0.114410400390625 0.11004638671875 0.307830810546875
-0.0179290771484375 0.143875122070313 0.107742309570313 0.156768798828125
0.0905838012695313 0.0997085571289063 0.0836639404296875 0.107688903808594
0.112838745117187 0.00421905517578125 0.0543899536132813 0.0900955200195313
0.0812759399414063 -0.0937347412109375 0.0640487670898438 0.105461120605469
0.0216522216796875 -0.11865234375 0.0933303833007813 0.125320434570313
0.00812530517578126 -0.115493774414063 0.10791015625 0.14569091796875
0.00252532958984375 -0.139694213867188 0.102096557617188 0.194473266601563
0.0356597900390625 -0.14276123046875 0.023956298828125 0.220108032226562
0.11187744140625 -0.103050231933594 -0.05450439453125 0.199737548828125
0.148284912109375 -0.0216064453125 -0.110221862792969 0.104232788085938
0.104774475097656 0.137107849121094 -0.0860748291015625 0.00760650634765627
-0.006011962890625 0.190032958984375 0.0366287231445312 0.0809249877929688
-0.115966796875 0.136428833007813 -0.05059814453125 0.30072021484375
0.135772705078125 0.0140914916992188 0.042938232421875 -0.326202392578125
0.0632553100585938 -0.097747802734375 -0.00353240966796874 -0.104209899902344
-0.038360595703125 -0.075408935546875 0.0986557006835937 -0.010986328125
-0.0755538940429687 -0.0131683349609375 0.156463623046875 -0.124603271484375
-0.0563468933105469 0.0383453369140625 0.069854736328125 -0.2288818359375
-0.0225028991699219 0.0656929016113281 -0.0652008056640625 -0.267776489257813
-0.0229339599609375 0.0518989562988281 -0.150344848632812 -0.226425170898438
-0.0376319885253906 0.0430488586425781 -0.145736694335938 -0.168167114257813
-0.0515327453613281 0.0438957214355469 -0.119598388671875 -0.1439208984375
-0.0727005004882812 -0.00164031982421874 -0.0864791870117187 -0.130729675292969
-0.0577468872070312 -0.0641021728515625 -0.0628585815429687 -0.104278564453125
0.0133132934570312 -0.101577758789062 -0.0708847045898438 -0.113166809082031
0.1201171875 -0.0699386596679687 -0.109237670898437 -0.175308227539063
0.171875 0.010955810546875 -0.13775634765625 -0.294464111328125
0.15740966796875 0.091094970703125 -0.0830078125 -0.3544921875
0.150192260742188 0.16375732421875 0.1043701171875 -0.2996826171875
0.140220642089844 0.0162200927734375 0.0382232666015625 -0.0916900634765625
0.0754318237304688 -0.0217132568359375 0.122634887695313 -0.00479888916015625
0.0319633483886719 -0.0430564880371094 0.1827392578125 -0.125076293945313
0.0044097900390625 -0.0395088195800781 0.0951385498046875 -0.230682373046875
-0.0205726623535156 -0.0370292663574219 -0.046661376953125 -0.27734375
-0.0583381652832031 -0.041351318359375 -0.13995361328125 -0.2354736328125
-0.0650711059570313 -0.0467987060546875 -0.136962890625 -0.16741943359375
-0.0779953002929688 -0.0585708618164063 -0.106582641601563 -0.138954162597656
-0.0589065551757812 -0.104072570800781 -0.0787734985351562 -0.125251770019531
0.01263427734375 -0.137527465820313 -0.0559234619140625 -0.0832443237304688
0.111297607421875 -0.120811462402344 -0.062744140625 -0.0853271484375
0.208694458007812 0.0037078857421875 -0.110595703125 -0.134063720703125
0.230453491210938 0.133941650390625 -0.12200927734375 -0.2425537109375
0.169265747070313 0.226547241210938 -0.05194091796875 -0.29620361328125
0.136810302734375 0.296875 0.160049438476563 -0.221664428710937
0.193649291992188 0.1456298828125 0.0866622924804688 -0.0459747314453125
0.187408447265625 0.0522308349609375 0.149490356445313 0.017791748046875
0.149581909179688 -0.0596466064453125 0.206222534179687 -0.10528564453125
0.0764923095703125 -0.110801696777344 0.120834350585938 -0.206130981445313
-0.00827026367187499 -0.138282775878906 -0.0167694091796875 -0.2564697265625
-0.0820846557617187 -0.130447387695313 -0.107666015625 -0.214736938476563
-0.0835952758789063 -0.129730224609375 -0.106643676757813 -0.141983032226563
-0.0975494384765625 -0.1497802734375 -0.0762939453125 -0.10736083984375
-0.050018310546875 -0.189865112304688 -0.0632553100585938 -0.0910263061523438
0.0642242431640625 -0.200347900390625 -0.0496330261230469 -0.0417861938476563
0.180938720703125 -0.145980834960938 -0.0608978271484375 -0.0473899841308594
0.276626586914063 0.0492401123046875 -0.109016418457031 -0.090240478515625
0.272537231445313 0.216506958007812 -0.0944061279296875 -0.179534912109375
0.168701171875 0.32000732421875 -0.021514892578125 -0.201705932617187
0.09625244140625 0.386962890625 0.202117919921875 -0.09832763671875
0.206130981445313 0.26239013671875 0.133323669433594 0.0323944091796875
0.266525268554688 0.13720703125 0.170089721679688 0.05487060546875
0.254257202148438 -0.051300048828125 0.216461181640625 -0.0631561279296875
0.148941040039063 -0.1597900390625 0.138534545898438 -0.15325927734375
0.01446533203125 -0.219436645507813 0.0193634033203125 -0.202255249023437
-0.0897979736328125 -0.2015380859375 -0.0593719482421875 -0.16595458984375
-0.09063720703125 -0.191436767578125 -0.060821533203125 -0.0962905883789063
-0.106719970703125 -0.217864990234375 -0.0328178405761719 -0.0557937622070313
-0.0428466796875 -0.248931884765625 -0.0386886596679688 -0.0359764099121094
0.0990447998046875 -0.2412109375 -0.0394134521484375 0.0113182067871094
0.22216796875 -0.162094116210938 -0.060089111328125 -0.00637435913085938
0.3104248046875 0.076873779296875 -0.0998992919921875 -0.0540924072265625
0.283599853515625 0.26220703125 -0.0514678955078125 -0.119369506835937
0.148193359375 0.36737060546875 0.00807189941406252 -0.087188720703125
0.03167724609375 0.4080810546875 0.220718383789063 0.050506591796875
0.165740966796875 0.33135986328125 0.165725708007813 0.13104248046875
0.282135009765625 0.21112060546875 0.176422119140625 0.101791381835938
0.3114013671875 -0.014801025390625 0.207809448242188 -0.0048675537109375
0.20245361328125 -0.167617797851562 0.14093017578125 -0.0796356201171875
0.043060302734375 -0.26141357421875 0.05224609375 -0.122055053710938
-0.081146240234375 -0.241180419921875 -0.00435638427734376 -0.0940399169921875
-0.08349609375 -0.224838256835937 -0.00499725341796876 -0.0353317260742188
-0.102249145507812 -0.253677368164063 0.016972541809082 0.00926208496093748
-0.0317230224609375 -0.275527954101563 -0.00899124145507813 0.0317096710205078
0.121917724609375 -0.252426147460938 -0.0293846130371094 0.0680961608886719
0.239593505859375 -0.155014038085938 -0.0612754821777344 0.0324287414550781
0.30810546875 0.102874755859375 -0.0868606567382812 -0.029144287109375
0.25408935546875 0.284942626953125 -0.00300979614257812 -0.0643157958984375
0.10107421875 0.370941162109375 0.0300331115722656 0.0347328186035156
-0.038848876953125 0.352203369140625 0.212142944335938 0.194732666015625
0.08404541015625 0.328826904296875 0.174667358398438 0.227325439453125
0.22528076171875 0.246368408203125 0.166122436523438 0.142044067382813
0.299835205078125 0.0355224609375 0.176284790039063 0.0532989501953125
0.216552734375 -0.1346435546875 0.124526977539063 -0.00273895263671876
0.0677337646484375 -0.25250244140625 0.0732803344726563 -0.0317306518554688
-0.0574493408203125 -0.240737915039063 0.0468902587890625 -0.0119094848632813
-0.064208984375 -0.222152709960938 0.0493927001953125 0.0309677124023437
-0.082061767578125 -0.253158569335938 0.06451416015625 0.0771102905273437
-0.014556884765625 -0.267242431640625 0.0187225341796875 0.102386474609375
0.133285522460938 -0.232376098632813 -0.0243453979492188 0.12396240234375
0.235488891601563 -0.12548828125 -0.0685348510742188 0.0672340393066406
0.271041870117188 0.128646850585938 -0.0789413452148437 -0.0107345581054688
0.189666748046875 0.286163330078125 0.0345230102539063 -0.0129470825195312
0.03448486328125 0.3358154296875 0.0353240966796875 0.150436401367188
-0.100982666015625 0.229598999023437 0.18017578125 0.30255126953125
-0.00999450683593749 0.253387451171875 0.16278076171875 0.2945556640625
0.118484497070313 0.223419189453125 0.144210815429688 0.162918090820313
0.222396850585938 0.074798583984375 0.134498596191406 0.0935745239257813
0.185028076171875 -0.0760040283203125 0.0958709716796875 0.0569686889648437
0.0786590576171875 -0.19622802734375 0.0810470581054688 0.04791259765625
-0.0257110595703125 -0.199386596679688 0.08673095703125 0.0644454956054687
-0.036346435546875 -0.185546875 0.0952835083007813 0.0928726196289062
-0.05035400390625 -0.215225219726562 0.102783203125 0.140838623046875
0.00450134277343749 -0.224624633789062 0.0376129150390625 0.1702880859375
0.128829956054688 -0.186492919921875 -0.0269775390625 0.174774169921875
0.207077026367188 -0.0833587646484375 -0.0833511352539063 0.0970916748046875
0.20770263671875 0.142745971679688 -0.079681396484375 0.00347137451171875
0.104721069335937 0.260833740234375 0.0520057678222656 0.0366897583007813
-0.041259765625 0.26263427734375 0.01641845703125 0.250396728515625
-0.145050048828125 0.0694122314453125 0.140899658203125 0.354705810546875
-0.0952835083007812 0.130630493164063 0.144012451171875 0.315460205078125
-0.00222778320312499 0.1517333984375 0.124481201171875 0.1591796875
0.1065673828125 0.092742919921875 0.098724365234375 0.109786987304687
0.118881225585938 -0.0078887939453125 0.0691070556640625 0.0906906127929688
0.0736846923828125 -0.107353210449219 0.0812454223632813 0.102584838867188
0.00965118408203126 -0.126167297363281 0.111106872558594 0.119667053222656
-0.00443267822265626 -0.120574951171875 0.127174377441406 0.139564514160156
-0.0137939453125 -0.146133422851563 0.126434326171875 0.191635131835938
0.02069091796875 -0.153244018554688 0.0465850830078125 0.226943969726563
0.105720520019531 -0.120201110839844 -0.0368194580078125 0.214523315429688
0.152999877929688 -0.0386505126953125 -0.105361938476563 0.12042236328125
0.125267028808594 0.133590698242188 -0.0906753540039062 0.0147705078125
0.0138702392578125 0.198013305664062 0.0451812744140625 0.0780105590820313
-0.10772705078125 0.152297973632813 -0.024261474609375 0.320159912109375
0.14288330078125 -0.0017852783203125 0.00222778320312502 -0.347076416015625
0.05364990234375 -0.110115051269531 -0.0176239013671875 -0.10760498046875
-0.04925537109375 -0.073333740234375 0.102890014648437 -0.022125244140625
-0.0795440673828125 -0.00297546386718751 0.147979736328125 -0.147872924804688
-0.053070068359375 0.0465354919433594 0.0452728271484375 -0.245742797851563
-0.0151939392089844 0.0693626403808594 -0.10101318359375 -0.267379760742188
-0.0168190002441406 0.0560111999511719 -0.185226440429687 -0.213592529296875
-0.0327072143554687 0.0502700805664063 -0.173233032226563 -0.152587890625
-0.0475425720214844 0.0520896911621094 -0.143875122070312 -0.1314697265625
-0.0747528076171875 0.00852966308593749 -0.109519958496094 -0.122894287109375
-0.0678482055664063 -0.0570297241210938 -0.0830459594726563 -0.102073669433594
0.000251770019531253 -0.107063293457031 -0.0897445678710937 -0.113960266113281
0.114288330078125 -0.088348388671875 -0.132461547851563 -0.172134399414063
0.17999267578125 -0.01007080078125 -0.177276611328125 -0.289642333984375
0.175155639648438 0.0755462646484375 -0.134552001953125 -0.362762451171875
0.178848266601563 0.152297973632813 0.06939697265625 -0.32733154296875
0.148452758789063 -0.0025634765625 0.0275955200195313 -0.0996856689453125
0.0774612426757813 -0.0338516235351563 0.1279296875 -0.016845703125
0.0284042358398438 -0.0501823425292969 0.175750732421875 -0.151412963867188
-0.000904083251953122 -0.0425910949707031 0.071258544921875 -0.25067138671875
-0.0274810791015625 -0.0378265380859375 -0.0829315185546875 -0.2802734375
-0.0655517578125 -0.0358619689941406 -0.17510986328125 -0.223922729492188
-0.07354736328125 -0.039154052734375 -0.1639404296875 -0.153030395507813
-0.0895919799804687 -0.0497970581054688 -0.130043029785156 -0.127670288085938
-0.0752487182617188 -0.099090576171875 -0.101493835449219 -0.116905212402344
-0.00532531738281251 -0.143936157226563 -0.0728530883789062 -0.0797805786132813
0.0997314453125 -0.141250610351563 -0.078216552734375 -0.0856094360351563
0.21783447265625 -0.023956298828125 -0.129234313964844 -0.129013061523438
0.257797241210938 0.10858154296875 -0.157501220703125 -0.238922119140625
0.206497192382813 0.2149658203125 -0.09564208984375 -0.30572509765625
0.18341064453125 0.29229736328125 0.138900756835938 -0.252716064453125
0.221176147460937 0.124160766601562 0.08331298828125 -0.057525634765625
0.203475952148438 0.0279083251953125 0.158035278320313 0.00384521484375
0.148956298828125 -0.0835723876953125 0.202346801757812 -0.1324462890625
0.06427001953125 -0.126998901367188 0.101242065429687 -0.227630615234375
-0.0286102294921875 -0.144149780273438 -0.0484161376953125 -0.26361083984375
-0.102493286132813 -0.125 -0.139678955078125 -0.207351684570312
-0.104232788085938 -0.121902465820312 -0.129913330078125 -0.131637573242188
-0.123275756835938 -0.14129638671875 -0.0945510864257813 -0.0998916625976563
-0.079071044921875 -0.189178466796875 -0.0812149047851563 -0.0829315185546875
0.0389862060546875 -0.216949462890625 -0.0607566833496094 -0.037200927734375
0.169082641601563 -0.17742919921875 -0.0716705322265625 -0.0460205078125
0.295013427734375 0.012847900390625 -0.123176574707031 -0.084136962890625
0.3135986328125 0.18731689453125 -0.1207275390625 -0.176834106445313
0.21746826171875 0.312774658203125 -0.0530853271484375 -0.210678100585937
0.152496337890625 0.39056396484375 0.199569702148438 -0.128997802734375
0.248977661132813 0.243377685546875 0.14141845703125 0.0186767578125
0.2974853515625 0.10491943359375 0.183334350585938 0.0417938232421875
0.258270263671875 -0.090240478515625 0.21868896484375 -0.088714599609375
0.133270263671875 -0.186965942382813 0.127761840820313 -0.17462158203125
-0.016693115234375 -0.231277465820313 -0.00314331054687498 -0.2122802734375
-0.12103271484375 -0.196380615234375 -0.083038330078125 -0.163833618164063
-0.120574951171875 -0.185623168945313 -0.07598876953125 -0.0904693603515625
-0.142974853515625 -0.210281372070312 -0.0432662963867188 -0.0523147583007813
-0.08135986328125 -0.251373291015625 -0.0486183166503906 -0.0291099548339844
0.0684814453125 -0.265731811523438 -0.04339599609375 0.0169601440429687
0.208892822265625 -0.200408935546875 -0.0651016235351562 -0.00259780883789064
0.335601806640625 0.03570556640625 -0.109901428222656 -0.0472259521484375
0.332611083984375 0.23187255859375 -0.0691757202148437 -0.119682312011719
0.20233154296875 0.364349365234375 -0.00811767578124999 -0.0946502685546875
0.09002685546875 0.42041015625 0.23822021484375 0.0246734619140625
0.217041015625 0.321197509765625 0.186996459960937 0.117813110351563
0.32257080078125 0.180450439453125 0.194366455078125 0.0895538330078125
0.32196044921875 -0.06024169921875 0.21636962890625 -0.0260467529296875
0.186843872070312 -0.202728271484375 0.139564514160156 -0.0982589721679688
0.00740051269531251 -0.278411865234375 0.04156494140625 -0.134040832519531
-0.117172241210938 -0.238800048828125 -0.0164871215820313 -0.0970077514648438
-0.117965698242187 -0.220306396484375 -0.0114898681640625 -0.0353431701660156
-0.142608642578125 -0.24884033203125 0.0172843933105469 0.00753211975097655
-0.07330322265625 -0.280990600585938 -0.00877380371093751 0.0360870361328125
0.090301513671875 -0.280731201171875 -0.0243988037109375 0.0754013061523437
0.227554321289063 -0.196151733398438 -0.0608558654785156 0.0390548706054687
0.335968017578125 0.062896728515625 -0.0940704345703125 -0.0222702026367188
0.304779052734375 0.259735107421875 -0.0125846862792969 -0.0689964294433594
0.154266357421875 0.3736572265625 0.0318355560302734 0.0299415588378907
0.00848388671874999 0.37164306640625 0.247421264648438 0.177459716796875
0.131378173828125 0.329254150390625 0.208892822265625 0.216552734375
0.267471313476563 0.22528076171875 0.1875 0.132354736328125
0.31622314453125 -0.006103515625 0.19097900390625 0.0383758544921875
0.20745849609375 -0.169418334960938 0.1322021484375 -0.0164947509765625
0.03448486328125 -0.272384643554688 0.0758209228515625 -0.0435333251953125
-0.0930328369140625 -0.241455078125 0.0480003356933594 -0.0190849304199219
-0.0975341796875 -0.220733642578125 0.0543441772460937 0.0251197814941406
-0.121368408203125 -0.249893188476563 0.075927734375 0.07098388671875
-0.05426025390625 -0.2745361328125 0.0301437377929687 0.105125427246094
0.105010986328125 -0.261932373046875 -0.01007080078125 0.132362365722656
0.227264404296875 -0.16436767578125 -0.0630874633789062 0.076995849609375
0.30120849609375 0.095703125 -0.084014892578125 -0.00407409667968749
0.237167358398438 0.269439697265625 0.0325393676757813 -0.0207939147949219
0.079071044921875 0.344696044921875 0.0532684326171875 0.150772094726563
-0.071746826171875 0.251861572265625 0.22845458984375 0.294830322265625
0.0241851806640625 0.263778686523438 0.20458984375 0.28839111328125
0.154022216796875 0.21533203125 0.167343139648437 0.156707763671875
0.241744995117188 0.0457305908203125 0.152786254882813 0.085113525390625
0.18212890625 -0.104736328125 0.110267639160156 0.048797607421875
0.0535736083984375 -0.214797973632812 0.0937957763671875 0.0376129150390625
-0.0542144775390625 -0.202804565429688 0.098876953125 0.0539627075195312
-0.063873291015625 -0.186767578125 0.110130310058594 0.0827255249023438
-0.08294677734375 -0.215911865234375 0.124130249023437 0.131271362304688
-0.027618408203125 -0.232666015625 0.0599365234375 0.172225952148437
0.107421875 -0.21209716796875 -0.00575256347656248 0.18499755859375
0.204132080078125 -0.115676879882812 -0.0745468139648437 0.110198974609375
0.236984252929688 0.119537353515625 -0.08367919921875 0.0112686157226563
0.14447021484375 0.253646850585938 0.0570907592773438 0.0286407470703125
-0.00878906250000001 0.276840209960938 0.0479583740234375 0.257247924804688
-0.138969421386719 0.090911865234375 0.195220947265625 0.354736328125
-0.0804595947265625 0.148101806640625 0.187744140625 0.31353759765625
0.01885986328125 0.157958984375 0.146682739257813 0.154953002929688
0.124130249023438 0.0795211791992188 0.117156982421875 0.106727600097656
0.122283935546875 -0.0252304077148438 0.0862503051757813 0.0870132446289063
0.0604324340820313 -0.121841430664063 0.100868225097656 0.0940017700195312
-0.00863647460937501 -0.131454467773437 0.132247924804688 0.108016967773438
-0.0213699340820313 -0.124221801757813 0.148834228515625 0.126144409179688
-0.03448486328125 -0.149566650390625 0.155532836914063 0.180679321289063
-0.0003204345703125 -0.16094970703125 0.0774688720703125 0.228851318359375
0.093170166015625 -0.139808654785156 -0.0104827880859375 0.226882934570312
0.153976440429688 -0.0604400634765625 -0.0937957763671875 0.1380615234375
0.14947509765625 0.121200561523438 -0.0933837890625 0.0248794555664062
0.0413818359375 0.201522827148438 0.0553970336914063 0.0722732543945313
-0.0930023193359375 0.170578002929688 0.015716552734375 0.33502197265625
0.14361572265625 -0.02130126953125 -0.049468994140625 -0.3521728515625
0.038116455078125 -0.119850158691406 -0.0355606079101562 -0.105758666992188
-0.0588874816894531 -0.0670852661132813 0.101707458496094 -0.0348129272460938
-0.0801544189453125 0.00868988037109374 0.130752563476563 -0.169647216796875
-0.0464134216308594 0.0545425415039063 0.0130462646484375 -0.253097534179688
-0.0056915283203125 0.0717010498046875 -0.139602661132813 -0.25433349609375
-0.00842666625976563 0.0577125549316406 -0.216903686523438 -0.187347412109375
-0.0243377685546875 0.0560760498046875 -0.196060180664062 -0.12744140625
-0.0396232604980469 0.0601806640625 -0.165054321289063 -0.1103515625
-0.0733566284179688 0.0196533203125 -0.130020141601563 -0.106307983398438
-0.0757217407226562 -0.047698974609375 -0.102500915527344 -0.0920639038085937
-0.0152511596679687 -0.1077880859375 -0.110404968261719 -0.106430053710937
0.102241516113281 -0.104904174804687 -0.155349731445313 -0.158279418945312
0.179718017578125 -0.0353240966796875 -0.217514038085937 -0.2705078125
0.189315795898438 0.0525360107421875 -0.190948486328125 -0.351898193359375
0.203598022460938 0.1285400390625 0.022369384765625 -0.342620849609375
0.150375366210938 -0.025177001953125 0.0115814208984375 -0.104118347167969
0.0746002197265625 -0.0466384887695313 0.128578186035156 -0.031707763671875
0.021728515625 -0.0554962158203125 0.15948486328125 -0.175704956054688
-0.00650787353515625 -0.043487548828125 0.0393218994140625 -0.262435913085938
-0.035186767578125 -0.0353469848632813 -0.121612548828125 -0.269851684570313
-0.0717010498046875 -0.0271530151367187 -0.208251953125 -0.1983642578125
-0.0798797607421875 -0.0284194946289062 -0.186874389648437 -0.128189086914063
-0.0984268188476563 -0.0363922119140625 -0.150665283203125 -0.107391357421875
-0.0912094116210938 -0.0885086059570313 -0.121940612792969 -0.100639343261719
-0.02703857421875 -0.144195556640625 -0.08880615234375 -0.0702362060546875
0.079833984375 -0.157745361328125 -0.09429931640625 -0.08074951171875
0.21685791015625 -0.0556640625 -0.146957397460938 -0.116607666015625
0.275772094726563 0.072174072265625 -0.190078735351562 -0.221649169921875
0.2396240234375 0.189727783203125 -0.144683837890625 -0.298370361328125
0.228683471679688 0.269699096679688 0.10369873046875 -0.277008056640625
0.241058349609375 0.0915985107421875 0.0749435424804688 -0.0688323974609375
0.211090087890625 -0.003204345703125 0.161392211914063 -0.0134429931640625
0.137832641601562 -0.107627868652344 0.187820434570313 -0.159805297851563
0.045928955078125 -0.137985229492188 0.073333740234375 -0.2430419921875
-0.0519561767578125 -0.142791748046875 -0.0837554931640625 -0.258346557617187
-0.121505737304688 -0.110946655273438 -0.169876098632813 -0.187973022460937
-0.123359680175781 -0.106430053710938 -0.150146484375 -0.11163330078125
-0.146743774414063 -0.122283935546875 -0.111106872558594 -0.0850067138671875
-0.1092529296875 -0.178131103515625 -0.0979843139648438 -0.068267822265625
0.00608825683593749 -0.225433349609375 -0.0703582763671875 -0.0284271240234375
0.144317626953125 -0.205352783203125 -0.082611083984375 -0.041595458984375
0.30072021484375 -0.032073974609375 -0.135643005371094 -0.0722503662109375
0.3453369140625 0.14129638671875 -0.1458740234375 -0.164215087890625
0.26544189453125 0.28668212890625 -0.08880615234375 -0.207077026367187
0.212249755859375 0.372589111328125 0.183975219726562 -0.159530639648437
0.287139892578125 0.2080078125 0.143829345703125 0.000122070312500013
0.31622314453125 0.061553955078125 0.191268920898438 0.022216796875
0.248367309570312 -0.13055419921875 0.211181640625 -0.116165161132813
0.1058349609375 -0.209487915039063 0.106842041015625 -0.192977905273438
-0.0530242919921875 -0.232315063476562 -0.0308990478515625 -0.21429443359375
-0.151763916015625 -0.180984497070312 -0.107101440429688 -0.153060913085938
-0.148757934570312 -0.16851806640625 -0.0909194946289063 -0.078582763671875
-0.17779541015625 -0.189422607421875 -0.0522384643554688 -0.0447273254394531
-0.12127685546875 -0.239486694335937 -0.056671142578125 -0.0192909240722656
0.027923583984375 -0.279083251953125 -0.0446395874023437 0.0243682861328125
0.181045532226563 -0.235595703125 -0.0694808959960937 0.00204086303710936
0.34527587890625 -0.015289306640625 -0.117408752441406 -0.0362091064453125
0.371551513671875 0.18377685546875 -0.087066650390625 -0.114067077636719
0.258209228515625 0.341400146484375 -0.0270233154296875 -0.0957183837890625
0.1531982421875 0.411865234375 0.24578857421875 -0.00927734374999997
0.265228271484375 0.28997802734375 0.20465087890625 0.094268798828125
0.35284423828125 0.134307861328125 0.208282470703125 0.070037841796875
0.316192626953125 -0.10919189453125 0.216583251953125 -0.0517425537109375
0.158477783203125 -0.233261108398438 0.130470275878906 -0.117256164550781
-0.0364990234375 -0.28265380859375 0.0259857177734375 -0.143569946289063
-0.154205322265625 -0.224044799804688 -0.0298614501953125 -0.0958251953125
-0.15203857421875 -0.203750610351563 -0.0186595916748047 -0.0336112976074219
-0.182952880859375 -0.227432250976563 0.016575813293457 0.00535106658935545
-0.11846923828125 -0.270538330078125 -0.00638580322265625 0.0403175354003906
0.0472412109375 -0.297454833984375 -0.0162353515625 0.0796890258789062
0.200164794921875 -0.234024047851563 -0.0582199096679687 0.0442047119140625
0.349609375 0.01220703125 -0.0986404418945312 -0.0126495361328125
0.347381591796875 0.213836669921875 -0.023651123046875 -0.0696945190429687
0.210205078125 0.356597900390625 0.0316352844238281 0.0243377685546875
0.0643310546875 0.373748779296875 0.2774658203125 0.144180297851563
0.1812744140625 0.31231689453125 0.239944458007812 0.191604614257813
0.304351806640625 0.1871337890625 0.206558227539063 0.113601684570313
0.318695068359375 -0.0550537109375 0.199920654296875 0.017486572265625
0.183685302734375 -0.2032470703125 0.134811401367188 -0.0337295532226563
-0.0074615478515625 -0.280532836914062 0.0732574462890625 -0.0569610595703125
-0.12933349609375 -0.228988647460938 0.0456161499023437 -0.0273818969726563
-0.131881713867187 -0.20758056640625 0.056549072265625 0.0176467895507812
-0.161666870117187 -0.23370361328125 0.0858688354492187 0.059906005859375
-0.0976104736328125 -0.267364501953125 0.04296875 0.103233337402344
0.0657196044921875 -0.280487060546875 0.00813293457031251 0.135574340820312
0.204986572265625 -0.201278686523438 -0.0541229248046875 0.083740234375
0.320281982421875 0.049591064453125 -0.0866012573242188 0.00456237792968751
0.279815673828125 0.234161376953125 0.0282669067382813 -0.0283432006835937
0.1300048828125 0.337615966796875 0.0720977783203125 0.14434814453125
-0.0330963134765625 0.264480590820312 0.2769775390625 0.267105102539063
0.0632781982421875 0.26214599609375 0.246170043945313 0.26483154296875
0.187423706054687 0.1942138671875 0.189529418945312 0.141204833984375
0.250289916992188 0.008544921875 0.167205810546875 0.069854736328125
0.16778564453125 -0.132904052734375 0.121528625488281 0.0355148315429687
0.0201416015625 -0.225372314453125 0.103065490722656 0.0228042602539062
-0.0854644775390625 -0.196273803710938 0.107841491699219 0.0389404296875
-0.0916748046875 -0.178482055664062 0.121078491210937 0.0666427612304687
-0.117568969726562 -0.205459594726563 0.142990112304688 0.11395263671875
-0.064178466796875 -0.230133056640625 0.08404541015625 0.165679931640625
0.075469970703125 -0.231521606445313 0.0198822021484375 0.187744140625
0.189529418945313 -0.148483276367188 -0.0599212646484375 0.120193481445313
0.257278442382813 0.0843048095703125 -0.0845184326171875 0.0204544067382812
0.183456420898438 0.232742309570313 0.0601119995117188 0.0190238952636719
0.0300140380859375 0.280380249023438 0.084320068359375 0.252609252929688
-0.125244140625 0.111373901367188 0.251861572265625 0.33447265625
-0.05828857421875 0.16009521484375 0.232818603515625 0.2940673828125
0.0429840087890625 0.156753540039063 0.168121337890625 0.141525268554688
0.136337280273438 0.0607528686523438 0.135108947753906 0.0955734252929688
0.119758605957031 -0.044189453125 0.10345458984375 0.0768203735351563
0.0408554077148438 -0.132637023925781 0.118019104003906 0.0778045654296875
-0.028564453125 -0.130653381347656 0.149322509765625 0.0879364013671875
-0.0405731201171875 -0.121978759765625 0.16717529296875 0.1046142578125
-0.0575103759765625 -0.145980834960938 0.181976318359375 0.15948486328125
-0.02557373046875 -0.161178588867188 0.11029052734375 0.21881103515625
0.073089599609375 -0.155441284179688 0.022003173828125 0.23028564453125
0.146728515625 -0.0835418701171875 -0.07537841796875 0.151153564453125
0.168975830078125 0.0998687744140625 -0.0925064086914063 0.0363235473632813
0.070526123046875 0.19598388671875 0.0641288757324219 0.0624198913574219
-0.07122802734375 0.184860229492188 0.063690185546875 0.336669921875
0.139015197753906 -0.0378570556640625 -0.096649169921875 -0.339996337890625
0.0213775634765625 -0.122016906738281 -0.05157470703125 -0.0972976684570313
-0.0656242370605469 -0.0591201782226563 0.0966873168945313 -0.0447235107421875
-0.0761566162109375 0.0188217163085938 0.109298706054687 -0.1834716796875
-0.0373458862304688 0.0598526000976563 -0.019317626953125 -0.249343872070313
0.00301361083984375 0.0708084106445313 -0.16949462890625 -0.229827880859375
-0.00139999389648437 0.057342529296875 -0.235733032226563 -0.153457641601563
-0.0156669616699219 0.0578231811523438 -0.209259033203125 -0.0949859619140625
-0.0308761596679688 0.0653343200683594 -0.176345825195313 -0.08319091796875
-0.0673599243164063 0.0301589965820313 -0.143142700195313 -0.0843963623046875
-0.0798187255859375 -0.0347366333007812 -0.116424560546875 -0.07708740234375
-0.0299758911132813 -0.10296630859375 -0.125862121582031 -0.0940322875976563
0.0855865478515625 -0.116180419921875 -0.169113159179688 -0.13916015625
0.171218872070313 -0.058258056640625 -0.247222900390625 -0.238906860351562
0.1925048828125 0.0272216796875 -0.23773193359375 -0.321685791015625
0.2178955078125 0.10040283203125 -0.024017333984375 -0.340484619140625
0.143264770507813 -0.044158935546875 -0.00364685058593748 -0.103103637695312
0.0678558349609375 -0.0565147399902344 0.124214172363281 -0.044830322265625
0.0137252807617188 -0.0590553283691406 0.136138916015625 -0.191421508789062
-0.0124053955078125 -0.0423240661621094 0.00665283203125002 -0.26214599609375
-0.0407028198242188 -0.0306777954101562 -0.154373168945313 -0.247573852539063
-0.0745773315429687 -0.0171585083007812 -0.229278564453125 -0.165206909179688
-0.0821914672851563 -0.0160980224609375 -0.19976806640625 -0.0985107421875001
-0.100418090820312 -0.0201644897460938 -0.1632080078125 -0.08251953125
-0.101127624511719 -0.0724029541015625 -0.134147644042969 -0.0792617797851562
-0.0450897216796875 -0.136680603027344 -0.100234985351563 -0.0575714111328125
0.0566864013671875 -0.166152954101563 -0.107833862304688 -0.0714569091796875
0.204681396484375 -0.0836029052734375 -0.157394409179688 -0.0993804931640625
0.279067993164063 0.033721923828125 -0.214614868164062 -0.195343017578125
0.262237548828125 0.154861450195313 -0.186187744140625 -0.276199340820312
0.26080322265625 0.234024047851563 0.064666748046875 -0.28619384765625
0.248641967773438 0.0574493408203125 0.0625839233398438 -0.0762100219726563
0.207748413085937 -0.032684326171875 0.157882690429687 -0.029388427734375
0.121368408203125 -0.126007080078125 0.166915893554688 -0.17913818359375
0.026123046875 -0.143463134765625 0.0419769287109375 -0.247421264648438
-0.073822021484375 -0.132194519042969 -0.113235473632813 -0.242385864257812
-0.134506225585938 -0.091705322265625 -0.1910400390625 -0.160202026367188
-0.134674072265625 -0.0880355834960937 -0.162399291992188 -0.087188720703125
-0.1614990234375 -0.0988311767578125 -0.121620178222656 -0.0666046142578125
-0.13153076171875 -0.15716552734375 -0.106521606445313 -0.0513916015625
-0.0258636474609375 -0.222213745117188 -0.0758438110351563 -0.0182723999023438
0.113113403320313 -0.22198486328125 -0.0903701782226563 -0.0341262817382813
0.2899169921875 -0.073486328125 -0.141281127929688 -0.0574188232421875
0.357574462890625 0.0919189453125 -0.16412353515625 -0.144256591796875
0.301025390625 0.246673583984375 -0.119064331054688 -0.194610595703125
0.259490966796875 0.3363037109375 0.1595458984375 -0.1817626953125
0.309539794921875 0.163818359375 0.13848876953125 -0.0176239013671875
0.3197021484375 0.0152587890625 0.191268920898438 0.0015716552734375
0.224716186523438 -0.163955688476563 0.195663452148438 -0.13775634765625
0.07440185546875 -0.220199584960938 0.0840911865234375 -0.202835083007813
-0.08642578125 -0.220138549804688 -0.0565643310546875 -0.206146240234375
-0.1746826171875 -0.155807495117188 -0.124504089355469 -0.13482666015625
-0.1693115234375 -0.144256591796875 -0.100296020507813 -0.0627593994140625
-0.200042724609375 -0.158401489257813 -0.0589485168457031 -0.035980224609375
-0.153778076171875 -0.215438842773437 -0.0601844787597656 -0.00807952880859377
-0.013885498046875 -0.277420043945313 -0.0437355041503906 0.02911376953125
0.143905639648438 -0.256729125976562 -0.0720596313476562 0.00735473632812497
0.337066650390625 -0.0628662109375 -0.120330810546875 -0.0247268676757812
0.38861083984375 0.126800537109375 -0.101249694824219 -0.103034973144531
0.299102783203125 0.301788330078125 -0.0428314208984375 -0.0907745361328125
0.20758056640625 0.38232421875 0.241363525390625 -0.043701171875
0.298095703125 0.248626708984375 0.210113525390625 0.066253662109375
0.3646240234375 0.08221435546875 0.214111328125 0.0472564697265625
0.293670654296875 -0.15301513671875 0.207550048828125 -0.073822021484375
0.12298583984375 -0.250030517578125 0.1148681640625 -0.130996704101563
-0.076904296875 -0.271942138671875 0.00923156738281251 -0.145416259765625
-0.181793212890625 -0.197402954101562 -0.0431900024414063 -0.0901107788085938
-0.178207397460938 -0.177536010742188 -0.0232982635498047 -0.0281829833984375
-0.211593627929688 -0.196517944335938 0.015620231628418 0.00287532806396483
-0.15557861328125 -0.246246337890625 -0.00203704833984376 0.0436439514160156
0.002838134765625 -0.300537109375 -0.0065155029296875 0.0802841186523437
0.164260864257813 -0.259048461914063 -0.0550994873046875 0.0471878051757813
0.345794677734375 -0.03839111328125 -0.100112915039062 -0.00241851806640626
0.369598388671875 0.159576416015625 -0.0332412719726562 -0.0690078735351562
0.25469970703125 0.32330322265625 0.0299510955810547 0.0198974609375
0.115875244140625 0.35693359375 0.29266357421875 0.104827880859375
0.219635009765625 0.278594970703125 0.258895874023437 0.156936645507813
0.323699951171875 0.14288330078125 0.217086791992188 0.090576171875
0.303741455078125 -0.097808837890625 0.200302124023438 -0.00410461425781251
0.152099609375 -0.224212646484375 0.131240844726563 -0.0497894287109375
-0.0475311279296875 -0.27362060546875 0.0655250549316406 -0.0678749084472656
-0.158843994140625 -0.2066650390625 0.0406570434570312 -0.0334205627441406
-0.15826416015625 -0.184051513671875 0.0559806823730469 0.0104827880859375
-0.191452026367187 -0.20574951171875 0.0889968872070312 0.0474014282226562
-0.135177612304687 -0.245681762695313 0.054931640625 0.0968475341796875
0.0244140625 -0.283966064453125 0.0255966186523437 0.132194519042969
0.173095703125 -0.2281494140625 -0.0442962646484375 0.0859527587890625
0.321258544921875 0.0028076171875 -0.0864944458007812 0.0123367309570313
0.3055419921875 0.18878173828125 0.0224666595458985 -0.0332298278808594
0.171722412109375 0.31573486328125 0.087554931640625 0.13128662109375
0.00436401367187501 0.26251220703125 0.30987548828125 0.22662353515625
0.0972137451171875 0.247100830078125 0.274703979492187 0.228759765625
0.210494995117188 0.1649169921875 0.202713012695313 0.1182861328125
0.246429443359375 -0.027008056640625 0.17523193359375 0.0515899658203125
0.146194458007813 -0.1534423828125 0.126640319824219 0.0211029052734375
-0.0136566162109375 -0.222213745117188 0.106452941894531 0.00588989257812499
-0.111968994140625 -0.178817749023438 0.110397338867187 0.02191162109375
-0.115859985351563 -0.1624755859375 0.125114440917969 0.0495071411132813
-0.142868041992188 -0.183837890625 0.155288696289063 0.0911712646484375
-0.09588623046875 -0.215240478515625 0.102127075195313 0.1507568359375
0.0415496826171875 -0.23876953125 0.0439300537109375 0.181121826171875
0.16571044921875 -0.171798706054688 -0.0452880859375 0.122993469238281
0.265884399414063 0.0461578369140625 -0.0834732055664062 0.0293960571289063
0.210311889648437 0.2008056640625 0.0586166381835938 0.00753021240234376
0.0672149658203125 0.2730712890625 0.114120483398438 0.236846923828125
-0.105941772460938 0.124526977539062 0.2955322265625 0.2957763671875
-0.03564453125 0.163955688476563 0.2667236328125 0.261032104492187
0.0626068115234375 0.148117065429688 0.18096923828125 0.122772216796875
0.141815185546875 0.0389862060546875 0.146026611328125 0.0815277099609375
0.110084533691406 -0.061279296875 0.114067077636719 0.0619430541992187
0.0209121704101563 -0.135719299316406 0.12786865234375 0.0571060180664062
-0.0469818115234375 -0.122772216796875 0.157806396484375 0.0643463134765625
-0.0566177368164062 -0.114036560058594 0.175186157226563 0.0807952880859375
-0.0774688720703125 -0.135200500488281 0.197677612304688 0.130935668945313
-0.0473480224609375 -0.15460205078125 0.135406494140625 0.199615478515625
0.0499114990234375 -0.163162231445313 0.050445556640625 0.22265625
0.133872985839844 -0.102279663085938 -0.056793212890625 0.156814575195312
0.18109130859375 0.0751190185546875 -0.0881729125976562 0.04595947265625
0.0934906005859375 0.1817626953125 0.0689506530761719 0.0507240295410156
-0.0464324951171875 0.190597534179688 0.106964111328125 0.3206787109375
0.130584716796875 -0.051055908203125 -0.132781982421875 -0.3192138671875
0.00779724121093749 -0.121574401855469 -0.0613479614257813 -0.0860137939453125
-0.06915283203125 -0.0500106811523438 0.092071533203125 -0.0504608154296875
-0.071807861328125 0.0267486572265625 0.0878753662109375 -0.189971923828125
-0.0294227600097656 0.0612602233886719 -0.0423431396484375 -0.241043090820313
0.0107650756835938 0.0689582824707031 -0.185546875 -0.20367431640625
0.0059661865234375 0.0561943054199219 -0.24462890625 -0.121902465820313
-0.00736618041992187 0.0591278076171875 -0.211273193359375 -0.069122314453125
-0.0210914611816406 0.0665130615234375 -0.181427001953125 -0.059326171875
-0.061798095703125 0.0376167297363281 -0.149169921875 -0.0644073486328125
-0.0803985595703125 -0.0249176025390625 -0.125267028808594 -0.0623855590820312
-0.040740966796875 -0.096343994140625 -0.135231018066406 -0.0810546875
0.0701141357421875 -0.121116638183594 -0.177505493164063 -0.122100830078125
0.160247802734375 -0.073638916015625 -0.263504028320312 -0.210433959960938
0.191299438476562 0.00726318359375 -0.26824951171875 -0.290496826171875
0.222808837890625 0.075897216796875 -0.062164306640625 -0.328582763671875
0.134536743164063 -0.0598373413085938 -0.017242431640625 -0.0970687866210938
0.0620307922363281 -0.0637474060058594 0.118057250976563 -0.0530624389648438
0.00700759887695313 -0.0601768493652344 0.113815307617188 -0.199737548828125
-0.0176162719726562 -0.0406875610351563 -0.01885986328125 -0.254104614257813
-0.0448112487792969 -0.02435302734375 -0.174072265625 -0.223724365234375
-0.0744094848632813 -0.00801849365234375 -0.239654541015625 -0.13470458984375
-0.079681396484375 -0.00571441650390625 -0.20361328125 -0.071563720703125
-0.100852966308594 -0.00791168212890626 -0.167144775390625 -0.0613861083984375
-0.10601806640625 -0.0575180053710938 -0.140327453613281 -0.0591201782226562
-0.0599594116210938 -0.127479553222656 -0.107292175292969 -0.0444412231445313
0.035980224609375 -0.167327880859375 -0.116531372070312 -0.060455322265625
0.189163208007813 -0.104156494140625 -0.162322998046875 -0.0845489501953125
0.276718139648438 0.002105712890625 -0.22711181640625 -0.170989990234375
0.2725830078125 0.124176025390625 -0.21417236328125 -0.2509765625
0.279953002929688 0.201339721679688 0.03045654296875 -0.2864990234375
0.246795654296875 0.02777099609375 0.0504837036132813 -0.0792160034179688
0.199615478515625 -0.0555572509765625 0.152435302734375 -0.0415496826171875
0.102935791015625 -0.138427734375 0.146865844726563 -0.18927001953125
0.00813293457031248 -0.142868041992188 0.0186920166015625 -0.24407958984375
-0.0884628295898438 -0.119621276855469 -0.135391235351563 -0.222900390625
-0.142959594726563 -0.0740509033203125 -0.202362060546875 -0.133682250976563
-0.14117431640625 -0.0682830810546875 -0.166168212890625 -0.0647735595703125
-0.167388916015625 -0.07635498046875 -0.125312805175781 -0.0493545532226562
-0.146774291992188 -0.135574340820312 -0.111129760742188 -0.0332412719726563
-0.0514678955078125 -0.212142944335938 -0.0790863037109375 -0.0086517333984375
0.083343505859375 -0.229263305664063 -0.0966796875 -0.0263137817382812
0.27374267578125 -0.103240966796875 -0.143844604492188 -0.0453033447265625
0.35772705078125 0.04815673828125 -0.174423217773438 -0.127227783203125
0.31964111328125 0.209716796875 -0.14105224609375 -0.17633056640625
0.288848876953125 0.29949951171875 0.133941650390625 -0.195022583007812
0.315673828125 0.124237060546875 0.131538391113281 -0.02960205078125
0.312774658203125 -0.02008056640625 0.187484741210938 -0.0130462646484375
0.199386596679688 -0.185699462890625 0.178375244140625 -0.151168823242188
0.0471954345703125 -0.2230224609375 0.0625457763671875 -0.2037353515625
-0.1116943359375 -0.20355224609375 -0.0757293701171875 -0.19598388671875
-0.186843872070312 -0.131378173828125 -0.135536193847656 -0.116195678710937
-0.181182861328125 -0.11993408203125 -0.105117797851563 -0.048004150390625
-0.213470458984375 -0.130264282226563 -0.0622634887695313 -0.027099609375
-0.175384521484375 -0.1893310546875 -0.0611381530761719 0.00267791748046873
-0.04656982421875 -0.26812744140625 -0.0408401489257813 0.0342941284179687
0.109237670898437 -0.267120361328125 -0.0734329223632813 0.0120391845703125
0.319610595703125 -0.10052490234375 -0.121086120605469 -0.0149688720703125
0.391265869140625 0.07904052734375 -0.109230041503906 -0.0930404663085938
0.3243408203125 0.261871337890625 -0.0557937622070312 -0.084259033203125
0.244415283203125 0.34912109375 0.228317260742188 -0.067535400390625
0.315399169921875 0.205963134765625 0.209243774414063 0.0438995361328125
0.36358642578125 0.04010009765625 0.212875366210938 0.0288848876953125
0.268203735351563 -0.18304443359375 0.198089599609375 -0.09039306640625
0.0906219482421875 -0.258071899414063 0.101768493652344 -0.138046264648438
-0.107925415039063 -0.254119873046875 -0.00512695312500001 -0.143081665039063
-0.200149536132813 -0.17059326171875 -0.05126953125 -0.0827484130859375
-0.193069458007813 -0.15179443359375 -0.02703857421875 -0.023773193359375
-0.229217529296875 -0.164291381835937 0.0140752792358398 0.00200462341308593
-0.1802978515625 -0.219131469726563 -0.00016021728515626 0.0444259643554687
-0.03369140625 -0.291656494140625 0.00101470947265624 0.0796585083007812
0.128463745117187 -0.270721435546875 -0.0515632629394531 0.0492477416992187
0.331451416015625 -0.07757568359375 -0.100090026855469 0.00508117675781248
0.376922607421875 0.112701416015625 -0.0416641235351562 -0.0658378601074219
0.283050537109375 0.2877197265625 0.0289440155029297 0.0155029296875
0.15130615234375 0.3333740234375 0.29693603515625 0.06939697265625
0.2410888671875 0.246002197265625 0.265365600585938 0.12615966796875
0.3299560546875 0.10272216796875 0.21978759765625 0.0704345703125
0.283599853515625 -0.13079833984375 0.197402954101563 -0.0209503173828125
0.12115478515625 -0.235015869140625 0.124176025390625 -0.0609359741210938
-0.0807952880859375 -0.258529663085938 0.0585250854492187 -0.07513427734375
-0.179244995117187 -0.181533813476563 0.0357589721679687 -0.0382537841796875
-0.175048828125 -0.160964965820313 0.0543060302734375 0.00502014160156249
-0.211761474609375 -0.176162719726562 0.0905380249023437 0.0364608764648437
-0.160430908203125 -0.221176147460938 0.0608139038085938 0.0898666381835937
-0.012359619140625 -0.280838012695313 0.037109375 0.125839233398438
0.141387939453125 -0.243179321289063 -0.0374908447265625 0.0863723754882812
0.312744140625 -0.034210205078125 -0.0852890014648437 0.0199661254882812
0.31756591796875 0.147918701171875 0.016571044921875 -0.0368881225585937
0.202117919921875 0.288360595703125 0.0973434448242188 0.1180419921875
0.034149169921875 0.253997802734375 0.326202392578125 0.187164306640625
0.120376586914063 0.227935791015625 0.2904052734375 0.1961669921875
0.222625732421875 0.137466430664063 0.209243774414063 0.0994415283203125
0.23468017578125 -0.0551300048828125 0.177932739257813 0.0364227294921875
0.124359130859375 -0.166854858398437 0.128028869628906 0.00751495361328124
-0.04046630859375 -0.214096069335938 0.105422973632813 -0.00824737548828126
-0.129806518554688 -0.161392211914063 0.1099853515625 0.00828552246093749
-0.131271362304688 -0.144378662109375 0.1258544921875 0.0341873168945312
-0.162918090820313 -0.1612548828125 0.158203125 0.072265625
-0.118911743164063 -0.196609497070313 0.114517211914062 0.137077331542969
0.01129150390625 -0.237533569335937 0.0623931884765625 0.170425415039062
0.141220092773438 -0.186614990234375 -0.0320892333984375 0.122856140136719
0.263351440429688 0.014892578125 -0.0793914794921875 0.0356292724609375
0.225997924804688 0.17132568359375 0.0569267272949219 -9.15527343749895E-05
0.093414306640625 0.257492065429688 0.135223388671875 0.217529296875
-0.0879135131835938 0.130661010742187 0.32244873046875 0.25653076171875
-0.015655517578125 0.161087036132813 0.285888671875 0.226165771484375
0.0785598754882813 0.136260986328125 0.189163208007813 0.104965209960938
0.141616821289063 0.0223388671875 0.154190063476563 0.0667877197265625
0.10009765625 -0.07220458984375 0.119720458984375 0.0496444702148437
0.00363922119140626 -0.133255004882813 0.131507873535156 0.0404281616210937
-0.06011962890625 -0.113578796386719 0.160308837890625 0.0435028076171875
-0.0676116943359375 -0.104171752929688 0.178009033203125 0.05841064453125
-0.0911407470703125 -0.123069763183594 0.205764770507812 0.104690551757812
-0.0638580322265625 -0.143905639648438 0.152587890625 0.179824829101563
0.029296875 -0.16546630859375 0.07257080078125 0.209976196289063
0.118515014648438 -0.114593505859375 -0.0384521484375 0.156295776367187
0.183639526367188 0.0525054931640625 -0.0834808349609375 0.0519790649414063
0.109909057617188 0.164703369140625 0.0703353881835937 0.0403823852539063
-0.0251922607421875 0.190048217773437 0.13861083984375 0.299560546875
0.123764038085938 -0.0600967407226563 -0.159912109375 -0.3009033203125
-0.003692626953125 -0.120254516601563 -0.0693740844726563 -0.0754623413085938
-0.0718536376953125 -0.044158935546875 0.0881423950195312 -0.0546722412109375
-0.0678787231445313 0.0327644348144531 0.0713043212890625 -0.193099975585938
-0.0231781005859375 0.0626029968261719 -0.0613861083984375 -0.232589721679688
0.0164566040039063 0.0667839050292969 -0.1982421875 -0.182449340820313
0.0108604431152344 0.0542144775390625 -0.249923706054687 -0.0966186523437501
0.000186920166015621 0.0589790344238281 -0.211700439453125 -0.046661376953125
-0.0130577087402344 0.0676383972167969 -0.182952880859375 -0.039581298828125
-0.0561141967773438 0.0426445007324219 -0.152786254882813 -0.047698974609375
-0.0805740356445313 -0.0156097412109375 -0.13177490234375 -0.0490951538085937
-0.0487518310546875 -0.0897064208984375 -0.143630981445313 -0.0697021484375
0.0580902099609375 -0.124305725097656 -0.183395385742188 -0.108932495117187
0.151382446289062 -0.0869903564453125 -0.275833129882812 -0.186553955078125
0.189361572265625 -0.01007080078125 -0.29290771484375 -0.2628173828125
0.226028442382813 0.0561370849609375 -0.092926025390625 -0.31646728515625
0.126609802246094 -0.0717697143554688 -0.027130126953125 -0.091064453125
0.0562477111816406 -0.0691184997558594 0.113883972167969 -0.0593109130859375
0.000961303710937499 -0.0606803894042969 0.095947265625 -0.205062866210937
-0.0219497680664062 -0.0387496948242188 -0.0378265380859375 -0.2476806640625
-0.0481033325195313 -0.0179595947265625 -0.18853759765625 -0.203140258789062
-0.0747451782226563 -0.000205993652343761 -0.246246337890625 -0.10943603515625
-0.0785980224609375 0.00328826904296873 -0.204849243164063 -0.050262451171875
-0.0984268188476563 0.00347137451171876 -0.170059204101563 -0.0422515869140625
-0.108856201171875 -0.0440139770507812 -0.14447021484375 -0.0420989990234375
-0.071380615234375 -0.118316650390625 -0.112541198730469 -0.03271484375
0.01898193359375 -0.167343139648438 -0.124320983886719 -0.051055908203125
0.176193237304688 -0.119049072265625 -0.165664672851562 -0.073150634765625
0.2713623046875 -0.024261474609375 -0.23809814453125 -0.151657104492188
0.279998779296875 0.09783935546875 -0.23687744140625 -0.227340698242188
0.2940673828125 0.172760009765625 0.001739501953125 -0.284271240234375
0.244232177734375 0.0025787353515625 0.0402984619140625 -0.0798110961914062
0.191574096679687 -0.0738983154296875 0.1485595703125 -0.049285888671875
0.0869293212890625 -0.14697265625 0.129501342773438 -0.197097778320313
-0.0063629150390625 -0.14111328125 0.000167846679687525 -0.240020751953125
-0.100418090820312 -0.10748291015625 -0.151229858398437 -0.206497192382812
-0.147659301757813 -0.05816650390625 -0.209716796875 -0.112213134765625
-0.144302368164063 -0.0524444580078125 -0.16802978515625 -0.0458221435546875
-0.172271728515625 -0.056793212890625 -0.128654479980469 -0.0339584350585937
-0.157150268554688 -0.11602783203125 -0.112846374511719 -0.0193939208984375
-0.072174072265625 -0.202468872070312 -0.0811920166015625 -0.000129699707031265
0.058868408203125 -0.233078002929688 -0.102325439453125 -0.0192642211914062
0.258697509765625 -0.126510620117188 -0.145095825195312 -0.0359954833984375
0.355438232421875 0.01287841796875 -0.182907104492188 -0.113311767578125
0.333984375 0.176971435546875 -0.158172607421875 -0.160537719726563
0.311126708984375 0.268157958984375 0.112014770507813 -0.203903198242187
0.32000732421875 0.091766357421875 0.122802734375 -0.0391464233398437
0.3062744140625 -0.04925537109375 0.184371948242188 -0.02435302734375
0.176605224609375 -0.202743530273438 0.164031982421875 -0.161605834960937
0.023590087890625 -0.223876953125 0.0474090576171875 -0.20465087890625
-0.13116455078125 -0.185867309570313 -0.0904083251953125 -0.1864013671875
-0.197509765625 -0.109786987304688 -0.143386840820313 -0.101089477539063
-0.188812255859375 -0.098602294921875 -0.106681823730469 -0.0345382690429688
-0.22271728515625 -0.104293823242187 -0.0649986267089844 -0.0187339782714844
-0.1900634765625 -0.166107177734375 -0.0611839294433594 0.0113754272460938
-0.0737762451171875 -0.2581787109375 -0.038787841796875 0.0384674072265625
0.080078125 -0.273468017578125 -0.0767135620117187 0.0162887573242187
0.304229736328125 -0.13006591796875 -0.122642517089844 -0.00682830810546875
0.3914794921875 0.03924560546875 -0.117095947265625 -0.0845870971679688
0.34332275390625 0.228790283203125 -0.0662078857421875 -0.0777206420898438
0.271026611328125 0.319366455078125 0.217300415039063 -0.0880279541015625
0.326141357421875 0.17254638671875 0.20556640625 0.025787353515625
0.360565185546875 0.005218505859375 0.212081909179688 0.0155181884765625
0.245086669921875 -0.206100463867188 0.189620971679688 -0.102264404296875
0.0632171630859375 -0.26171875 0.0915069580078125 -0.142745971679688
-0.13238525390625 -0.236679077148438 -0.01751708984375 -0.141708374023438
-0.213287353515625 -0.146636962890625 -0.0580596923828125 -0.0765304565429688
-0.20416259765625 -0.129486083984375 -0.0298538208007813 -0.0182056427001953
-0.243118286132813 -0.137100219726563 0.0120229721069336 0.00223922729492187
-0.198471069335938 -0.193939208984375 0.00262832641601561 0.047088623046875
-0.063873291015625 -0.282470703125 0.0062713623046875 0.0784530639648437
0.0975189208984375 -0.279556274414063 -0.0516700744628906 0.0513687133789062
0.31719970703125 -0.10858154296875 -0.100791931152344 0.0112686157226563
0.379241943359375 0.07354736328125 -0.0479316711425781 -0.0634651184082031
0.30474853515625 0.257293701171875 0.0269126892089844 0.0129318237304688
0.180328369140625 0.3115234375 0.29827880859375 0.040924072265625
0.25848388671875 0.217636108398438 0.269210815429688 0.102447509765625
0.333526611328125 0.070281982421875 0.221694946289063 0.055450439453125
0.2646484375 -0.156265258789062 0.194732666015625 -0.0340728759765625
0.095611572265625 -0.242477416992188 0.120475769042969 -0.068939208984375
-0.106246948242187 -0.244049072265625 0.0515213012695312 -0.0808029174804688
-0.1944580078125 -0.159317016601563 0.0311470031738281 -0.0409202575683594
-0.187652587890625 -0.139862060546875 0.0518074035644531 0.00180816650390624
-0.226348876953125 -0.150238037109375 0.0907821655273437 0.0280227661132812
-0.179779052734375 -0.19879150390625 0.0666656494140625 0.085540771484375
-0.0421600341796875 -0.27398681640625 0.047119140625 0.119285583496094
0.113754272460938 -0.2523193359375 -0.032958984375 0.0867156982421875
0.30340576171875 -0.0645751953125 -0.0853729248046875 0.02557373046875
0.32476806640625 0.11376953125 0.0109100341796875 -0.0398941040039062
0.22528076171875 0.265426635742188 0.103935241699219 0.107696533203125
0.0574493408203125 0.2431640625 0.339813232421875 0.1541748046875
0.137786865234375 0.210662841796875 0.29931640625 0.167510986328125
0.2310791015625 0.115158081054688 0.213699340820313 0.0844268798828125
0.224578857421875 -0.076812744140625 0.1812744140625 0.0229644775390625
0.105148315429688 -0.175888061523437 0.129539489746094 -0.00295257568359376
-0.062164306640625 -0.20458984375 0.102752685546875 -0.0195999145507813
-0.14337158203125 -0.144073486328125 0.108154296875 -0.00295257568359376
-0.143539428710938 -0.128005981445312 0.124969482421875 0.02325439453125
-0.17706298828125 -0.142364501953125 0.159835815429688 0.05621337890625
-0.136856079101563 -0.179443359375 0.122611999511719 0.125389099121094
-0.013427734375 -0.234268188476563 0.075592041015625 0.160964965820312
0.119735717773437 -0.198684692382813 -0.0245742797851562 0.122123718261719
0.25970458984375 -0.0116729736328125 -0.07794189453125 0.0412673950195313
0.236373901367187 0.145233154296875 0.0533218383789063 -0.00675201416015624
0.114837646484375 0.244949340820312 0.151840209960938 0.200576782226563
-0.0736007690429687 0.133567810058594 0.342041015625 0.2225341796875
-0.00158691406250001 0.157684326171875 0.29998779296875 0.198211669921875
0.0894699096679688 0.127288818359375 0.194122314453125 0.0909576416015625
0.140945434570312 0.0067596435546875 0.15997314453125 0.0561065673828125
0.0904083251953125 -0.0803375244140625 0.124671936035156 0.0383453369140625
-0.011138916015625 -0.129989624023437 0.1339111328125 0.02581787109375
-0.0701980590820312 -0.104583740234375 0.161270141601563 0.0272979736328125
-0.0772323608398437 -0.0953826904296875 0.177902221679688 0.0407867431640625
-0.103515625 -0.111015319824219 0.20989990234375 0.083282470703125
-0.0776138305664063 -0.134536743164063 0.1639404296875 0.162826538085938
0.011993408203125 -0.165939331054688 0.0899810791015625 0.198623657226562
0.105865478515625 -0.124298095703125 -0.0262908935546875 0.15570068359375
0.185165405273438 0.0342559814453125 -0.080322265625 0.0577468872070312
0.121795654296875 0.150527954101563 0.0714492797851563 0.0320892333984375
-0.00811767578125002 0.188583374023438 0.16278076171875 0.28057861328125
0.119033813476563 -0.069061279296875 -0.1875 -0.282806396484375
-0.0150909423828125 -0.119644165039063 -0.0762481689453125 -0.065399169921875
-0.074554443359375 -0.0386734008789063 0.0865478515625 -0.0598983764648438
-0.064666748046875 0.0390892028808594 0.0552520751953125 -0.19830322265625
-0.0173606872558594 0.0646171569824219 -0.079376220703125 -0.226898193359375
0.0233612060546875 0.0655136108398438 -0.211822509765625 -0.1634521484375
0.0163917541503906 0.0531158447265625 -0.256317138671875 -0.0721893310546875
0.0069427490234375 0.0586357116699219 -0.213027954101563 -0.0265960693359375
-0.00489425659179688 0.0693778991699219 -0.185409545898438 -0.020782470703125
-0.0502166748046875 0.0477027893066406 -0.156753540039062 -0.0315093994140625
-0.0807418823242188 -0.00758361816406249 -0.138153076171875 -0.0359573364257812
-0.056671142578125 -0.0845947265625 -0.152114868164063 -0.0579681396484375
0.0460891723632812 -0.128654479980469 -0.190673828125 -0.0977935791015625
0.143203735351563 -0.100326538085937 -0.291168212890625 -0.164398193359375
0.18927001953125 -0.027099609375 -0.3199462890625 -0.235931396484375
0.23211669921875 0.0360107421875 -0.123443603515625 -0.3056640625
0.119087219238281 -0.083404541015625 -0.036590576171875 -0.0852279663085938
0.0497589111328125 -0.0758056640625 0.111381530761719 -0.06591796875
-0.00564956665039063 -0.0613365173339844 0.07958984375 -0.2119140625
-0.0265960693359375 -0.0364227294921875 -0.057647705078125 -0.24359130859375
-0.0500831604003906 -0.0123367309570313 -0.20404052734375 -0.184677124023438
-0.0748367309570312 0.00791931152343751 -0.253799438476563 -0.0851593017578125
-0.0765457153320313 0.0111618041992187 -0.206344604492188 -0.0293121337890625
-0.0965423583984375 0.0138397216796875 -0.17315673828125 -0.024169921875
-0.112434387207031 -0.0321044921875 -0.147918701171875 -0.025726318359375
-0.0824737548828125 -0.110252380371094 -0.117767333984375 -0.0214080810546875
0.00279235839843749 -0.167312622070312 -0.13250732421875 -0.0413970947265625
0.164031982421875 -0.134384155273438 -0.170867919921875 -0.0631561279296875
0.26837158203125 -0.0493621826171875 -0.250946044921875 -0.133651733398438
0.28948974609375 0.073455810546875 -0.261032104492188 -0.20538330078125
0.309051513671875 0.147003173828125 -0.025543212890625 -0.28253173828125
0.241806030273438 -0.0201263427734375 0.0300216674804688 -0.079681396484375
0.184585571289063 -0.0929107666015625 0.14654541015625 -0.0583953857421875
0.071014404296875 -0.155471801757813 0.114791870117187 -0.205429077148438
-0.0215225219726562 -0.139762878417969 -0.018035888671875 -0.238906860351563
-0.111320495605469 -0.0949935913085937 -0.167388916015625 -0.192413330078125
-0.153564453125 -0.0422515869140625 -0.2176513671875 -0.091339111328125
-0.1480712890625 -0.0371551513671875 -0.170578002929687 -0.02740478515625
-0.176300048828125 -0.037811279296875 -0.131813049316406 -0.0199203491210938
-0.166351318359375 -0.0976715087890625 -0.113990783691406 -0.00588226318359376
-0.0928192138671875 -0.192672729492187 -0.0832443237304688 0.00775909423828122
0.0352020263671875 -0.236587524414062 -0.108802795410156 -0.0105514526367188
0.245498657226563 -0.149917602539063 -0.14886474609375 -0.026611328125
0.3544921875 -0.02093505859375 -0.193435668945312 -0.100234985351562
0.349822998046875 0.14739990234375 -0.176422119140625 -0.145278930664062
0.33526611328125 0.2392578125 0.0914764404296875 -0.212982177734375
0.325042724609375 0.0606689453125 0.115760803222656 -0.0473709106445313
0.30047607421875 -0.078460693359375 0.184066772460938 -0.0352020263671875
0.15423583984375 -0.219985961914062 0.152511596679688 -0.17266845703125
0.000839233398437519 -0.224380493164063 0.0328521728515625 -0.207046508789063
-0.149810791015625 -0.169769287109375 -0.105300903320312 -0.178390502929688
-0.208221435546875 -0.0887298583984375 -0.150924682617188 -0.0865936279296875
-0.19696044921875 -0.0778350830078125 -0.109054565429688 -0.022247314453125
-0.232315063476562 -0.0803375244140625 -0.0674934387207031 -0.0106468200683594
-0.2047119140625 -0.142745971679687 -0.0599746704101563 0.0206871032714844
-0.10101318359375 -0.2486572265625 -0.0377998352050781 0.0424919128417969
0.0508880615234375 -0.27947998046875 -0.080108642578125 0.0228958129882812
0.290313720703125 -0.15802001953125 -0.123970031738281 0.00113677978515623
0.39227294921875 0.001007080078125 -0.125083923339844 -0.0770645141601562
0.363983154296875 0.19720458984375 -0.0762557983398437 -0.070587158203125
0.299407958984375 0.292755126953125 0.2069091796875 -0.107589721679687
0.338409423828125 0.140045166015625 0.203323364257813 0.0101470947265625
0.3602294921875 -0.028076171875 0.214004516601563 0.001953125
0.221588134765625 -0.229476928710938 0.183380126953125 -0.115371704101563
0.036651611328125 -0.265457153320313 0.0828704833984375 -0.149368286132813
-0.156906127929687 -0.219528198242188 -0.02880859375 -0.140838623046875
-0.227981567382812 -0.123062133789062 -0.0653457641601563 -0.0701217651367188
-0.216232299804687 -0.10723876953125 -0.0314311981201172 -0.0126075744628906
-0.25543212890625 -0.110595703125 0.0107936859130859 0.00268363952636718
-0.21685791015625 -0.170516967773438 0.00611495971679686 0.0498695373535156
-0.0943145751953125 -0.274337768554687 0.0117645263671875 0.0775833129882812
0.067901611328125 -0.2877197265625 -0.0521697998046875 0.0558395385742187
0.30462646484375 -0.138458251953125 -0.101799011230469 0.0187606811523438
0.3834228515625 0.035919189453125 -0.0561637878417968 -0.061309814453125
0.328765869140625 0.229949951171875 0.0246677398681641 0.0110187530517578
0.208160400390625 0.292083740234375 0.300445556640625 0.01385498046875
0.274612426757813 0.192092895507813 0.274032592773438 0.0798492431640625
0.338623046875 0.040496826171875 0.226333618164063 0.0413818359375
0.246490478515625 -0.182144165039063 0.194351196289063 -0.0474853515625
0.07061767578125 -0.250091552734375 0.1180419921875 -0.0780487060546875
-0.130859375 -0.229782104492188 0.0447921752929688 -0.087066650390625
-0.209762573242188 -0.138168334960937 0.0270233154296875 -0.0439300537109375
-0.201614379882812 -0.119003295898438 0.0506820678710937 -0.000804901123046882
-0.24169921875 -0.125152587890625 0.0905380249023438 0.0200576782226562
-0.198806762695313 -0.177886962890625 0.0734634399414062 0.0812835693359375
-0.071502685546875 -0.268585205078125 0.0562820434570312 0.113983154296875
0.086944580078125 -0.263092041015625 -0.0294189453125 0.0892333984375
0.29541015625 -0.093597412109375 -0.0850906372070312 0.0324020385742187
0.33245849609375 0.081146240234375 0.00522232055664064 -0.0425453186035156
0.248733520507813 0.244354248046875 0.111534118652344 0.0978012084960938
0.0797882080078125 0.235153198242187 0.35333251953125 0.121246337890625
0.154800415039063 0.196258544921875 0.310943603515625 0.14215087890625
0.241683959960938 0.094482421875 0.219436645507813 0.07037353515625
0.215179443359375 -0.0988311767578125 0.18560791015625 0.010986328125
0.0865631103515625 -0.184829711914063 0.132453918457031 -0.0133895874023438
-0.0828857421875 -0.195465087890625 0.101547241210937 -0.030609130859375
-0.15753173828125 -0.128158569335938 0.106903076171875 -0.0139617919921875
-0.155838012695313 -0.112579345703125 0.125556945800781 0.0126800537109375
-0.192245483398438 -0.122940063476563 0.162384033203125 0.041748046875
-0.15472412109375 -0.163482666015625 0.132919311523438 0.114883422851562
-0.0386810302734375 -0.23248291015625 0.0890045166015625 0.152984619140625
0.0987396240234375 -0.209716796875 -0.0167617797851562 0.123222351074219
0.2572021484375 -0.03680419921875 -0.07684326171875 0.0475082397460938
0.247039794921875 0.121505737304687 0.0508804321289063 -0.0126914978027344
0.136184692382813 0.233642578125 0.1683349609375 0.185348510742188
-0.0611419677734375 0.137969970703125 0.363525390625 0.190216064453125
0.0110626220703125 0.156463623046875 0.31585693359375 0.173583984375
0.100662231445313 0.119010925292969 0.201980590820312 0.078826904296875
0.140007019042969 -0.0079345703125 0.167724609375 0.0440673828125
0.0810089111328125 -0.0896224975585938 0.130851745605469 0.027557373046875
-0.0250244140625 -0.12689208984375 0.135566711425781 0.0116806030273437
-0.0804519653320312 -0.0960845947265625 0.162246704101563 0.010772705078125
-0.0870819091796875 -0.0868148803710938 0.180068969726563 0.024658203125
-0.115676879882813 -0.100372314453125 0.214874267578125 0.0636444091796875
-0.09112548828125 -0.125282287597656 0.176284790039062 0.147567749023438
-0.00544738769531251 -0.166946411132813 0.106414794921875 0.188522338867188
0.0931243896484375 -0.134635925292969 -0.015106201171875 0.157058715820313
0.186981201171875 0.016326904296875 -0.077667236328125 0.0642242431640625
0.133270263671875 0.138351440429688 0.0729141235351563 0.0240631103515625
0.00820922851562501 0.18853759765625 0.1873779296875 0.26324462890625
0.113983154296875 -0.07940673828125 -0.2188720703125 -0.261749267578125
-0.0290374755859375 -0.118568420410156 -0.0834274291992188 -0.0538558959960938
-0.0792999267578125 -0.0327224731445313 0.0845870971679688 -0.0677261352539063
-0.0596160888671875 0.0457229614257813 0.037384033203125 -0.204238891601563
-0.0101470947265625 0.0662765502929688 -0.102676391601563 -0.219635009765625
0.03070068359375 0.0634498596191406 -0.22698974609375 -0.141082763671875
0.0220870971679688 0.0518608093261719 -0.262313842773437 -0.0442352294921875
0.0152511596679688 0.0571632385253906 -0.213653564453125 -0.00285339355468748
0.0042572021484375 0.0700492858886719 -0.18719482421875 0.00141906738281253
-0.0443000793457031 0.0537681579589844 -0.160568237304688 -0.0135498046875
-0.0810012817382813 0.00257873535156249 -0.145401000976563 -0.020263671875
-0.0653076171875 -0.0781936645507813 -0.161483764648438 -0.0432281494140625
0.033477783203125 -0.133193969726562 -0.20123291015625 -0.082916259765625
0.132911682128906 -0.116058349609375 -0.309173583984375 -0.136962890625
0.187164306640625 -0.04718017578125 -0.349273681640625 -0.20196533203125
0.238296508789063 0.01318359375 -0.1578369140625 -0.291748046875
0.10833740234375 -0.0968399047851562 -0.046905517578125 -0.0778427124023438
0.0419235229492187 -0.0834274291992188 0.1083984375 -0.0751113891601563
-0.0134925842285156 -0.0615234375 0.0604705810546875 -0.219879150390625
-0.0313396453857422 -0.0326976776123047 -0.0809173583984375 -0.238632202148437
-0.0517005920410156 -0.00457382202148438 -0.221572875976563 -0.16375732421875
-0.0740280151367188 0.01708984375 -0.261520385742188 -0.0572967529296875
-0.0738754272460938 0.0198974609375 -0.207870483398437 -0.00529479980468751
-0.0937576293945312 0.02569580078125 -0.17584228515625 -0.00309753417968753
-0.114791870117188 -0.017730712890625 -0.1505126953125 -0.00756835937499997
-0.0951080322265625 -0.0992279052734375 -0.1226806640625 -0.007598876953125
-0.01580810546875 -0.167709350585937 -0.141403198242188 -0.0274658203125
0.150238037109375 -0.15142822265625 -0.178421020507813 -0.0500030517578125
0.263275146484375 -0.0797271728515625 -0.2667236328125 -0.110671997070313
0.29852294921875 0.04217529296875 -0.2874755859375 -0.17791748046875
0.326904296875 0.114013671875 -0.0568389892578125 -0.2794189453125
0.238082885742188 -0.0467681884765625 0.0202484130859375 -0.0799407958984375
0.175521850585938 -0.114852905273438 0.14404296875 -0.0701446533203125
0.0515594482421875 -0.163589477539063 0.0963134765625 -0.216354370117188
-0.0380477905273437 -0.136558532714844 -0.039642333984375 -0.238311767578125
-0.123161315917969 -0.0801849365234375 -0.186325073242187 -0.175552368164063
-0.15850830078125 -0.0235443115234375 -0.226608276367188 -0.0667572021484375
-0.150802612304688 -0.0193023681640625 -0.171493530273438 -0.00701904296874998
-0.18011474609375 -0.0157012939453125 -0.134620666503906 -0.00363922119140628
-0.176437377929688 -0.076385498046875 -0.114837646484375 0.00960540771484375
-0.11572265625 -0.1807861328125 -0.0854568481445313 0.0177764892578125
0.00743103027343749 -0.239715576171875 -0.115020751953125 0.000244140625000007
0.23016357421875 -0.17730712890625 -0.1533203125 -0.0149688720703125
0.35198974609375 -0.060577392578125 -0.205963134765625 -0.0831451416015625
0.36810302734375 0.11083984375 -0.195541381835937 -0.126220703125
0.361846923828125 0.203857421875 0.0676422119140625 -0.222564697265625
0.3291015625 0.0255126953125 0.108352661132813 -0.0558624267578125
0.293365478515625 -0.11260986328125 0.184066772460938 -0.0494842529296875
0.1280517578125 -0.237030029296875 0.1385498046875 -0.186935424804688
-0.0251617431640625 -0.223159790039063 0.0156707763671875 -0.211471557617188
-0.170013427734375 -0.149490356445313 -0.123062133789063 -0.168487548828125
-0.218536376953125 -0.0631561279296875 -0.1600341796875 -0.0696868896484375
-0.205108642578125 -0.0542755126953125 -0.110176086425781 -0.00744628906250001
-0.241806030273438 -0.0513458251953125 -0.0699501037597656 -0.00105667114257814
-0.220626831054688 -0.117523193359375 -0.05780029296875 0.030670166015625
-0.131393432617188 -0.234786987304687 -0.0354843139648438 0.0473136901855469
0.018585205078125 -0.28436279296875 -0.0832595825195312 0.0321502685546875
0.272918701171875 -0.190475463867188 -0.126556396484375 0.0116119384765625
0.39141845703125 -0.04351806640625 -0.136131286621094 -0.066864013671875
0.3876953125 0.16009521484375 -0.0872344970703125 -0.061492919921875
0.331634521484375 0.260650634765625 0.19549560546875 -0.129623413085937
0.350433349609375 0.103729248046875 0.20184326171875 -0.0078125
0.35919189453125 -0.067138671875 0.21673583984375 -0.01434326171875
0.19342041015625 -0.253677368164063 0.175506591796875 -0.132171630859375
0.00531005859375001 -0.268478393554688 0.072540283203125 -0.158309936523438
-0.18212890625 -0.19842529296875 -0.04345703125 -0.139533996582031
-0.241973876953125 -0.0953826904296875 -0.072540283203125 -0.0632781982421875
-0.227630615234375 -0.0807495117187499 -0.0322856903076172 -0.00684356689453126
-0.268936157226563 -0.078460693359375 0.00948524475097655 0.00325584411621093
-0.235885620117188 -0.14288330078125 0.0113754272460937 0.0521202087402344
-0.12841796875 -0.261550903320313 0.0178451538085937 0.07666015625
0.033477783203125 -0.294708251953125 -0.0508384704589844 0.0629959106445312
0.289337158203125 -0.17303466796875 -0.102119445800781 0.0283660888671875
0.38592529296875 -0.007537841796875 -0.0650215148925781 -0.0577583312988281
0.35406494140625 0.19610595703125 0.0235271453857422 0.00878143310546876
0.23883056640625 0.269821166992188 0.3018798828125 -0.018524169921875
0.29278564453125 0.162139892578125 0.279006958007813 0.054473876953125
0.344146728515625 0.0040283203125 0.23284912109375 0.023834228515625
0.223541259765625 -0.209884643554688 0.193405151367188 -0.0648651123046875
0.0415802001953125 -0.257171630859375 0.114578247070312 -0.0906982421875
-0.15753173828125 -0.211883544921875 0.0361862182617188 -0.0934066772460938
-0.225860595703125 -0.1121826171875 0.0221443176269531 -0.0471725463867188
-0.21441650390625 -0.0948486328125 0.0505790710449219 -0.00419616699218751
-0.25762939453125 -0.0956878662109375 0.09100341796875 0.0114974975585937
-0.219192504882812 -0.15301513671875 0.0816650390625 0.07525634765625
-0.104461669921875 -0.259292602539063 0.0666961669921875 0.107894897460937
0.0559234619140625 -0.272598266601563 -0.0239105224609375 0.0934600830078125
0.2850341796875 -0.126861572265625 -0.084564208984375 0.0413589477539062
0.3409423828125 0.043701171875 -0.00135803222656248 -0.0452804565429688
0.275894165039062 0.218856811523438 0.119483947753906 0.0857086181640625
0.104019165039063 0.225936889648438 0.3673095703125 0.083587646484375
0.174118041992187 0.17901611328125 0.324310302734375 0.112213134765625
0.253097534179688 0.0695953369140625 0.22808837890625 0.052642822265625
0.20184326171875 -0.123153686523438 0.190444946289062 -0.00564575195312501
0.064910888671875 -0.194061279296875 0.135612487792969 -0.0275192260742188
-0.105697631835938 -0.183441162109375 0.0989761352539063 -0.0433273315429688
-0.172286987304688 -0.108688354492187 0.104804992675781 -0.0263748168945313
-0.168609619140625 -0.0933837890625 0.125732421875 0.000541687011718744
-0.208358764648438 -0.0986785888671875 0.165374755859375 0.024322509765625
-0.173828125 -0.144195556640625 0.14453125 0.102218627929688
-0.06707763671875 -0.227783203125 0.103866577148438 0.142715454101562
0.0738983154296875 -0.220962524414063 -0.00649261474609375 0.126075744628906
0.25341796875 -0.0654144287109375 -0.0743179321289063 0.0560455322265625
0.259002685546875 0.09429931640625 0.0479354858398438 -0.0200729370117187
0.162002563476563 0.219589233398438 0.18701171875 0.166763305664063
-0.0476531982421875 0.142852783203125 0.385589599609375 0.14990234375
0.026824951171875 0.155288696289063 0.332916259765625 0.142852783203125
0.114776611328125 0.109596252441406 0.211105346679687 0.061859130859375
0.1380615234375 -0.023529052734375 0.17578125 0.028961181640625
0.0698165893554687 -0.0980148315429687 0.137619018554688 0.0139312744140625
-0.0397796630859375 -0.122261047363281 0.137771606445313 -0.00467681884765626
-0.0911636352539062 -0.0867538452148438 0.162887573242188 -0.00839233398437501
-0.097442626953125 -0.0762939453125 0.1810302734375 0.0053863525390625
-0.12896728515625 -0.0863571166992188 0.220489501953125 0.0399169921875
-0.105911254882813 -0.114753723144531 0.19085693359375 0.129959106445313
-0.02569580078125 -0.166610717773438 0.12554931640625 0.1761474609375
0.0780792236328125 -0.145828247070312 -0.0013885498046875 0.159408569335938
0.188674926757813 -0.0039520263671875 -0.0735244750976562 0.0725784301757813
0.146881103515625 0.124313354492188 0.0743942260742188 0.0144119262695313
0.027587890625 0.18780517578125 0.2152099609375 0.241607666015625
0.105049133300781 -0.0915069580078125 -0.248245239257813 -0.229171752929687
-0.0441131591796875 -0.112922668457031 -0.0884933471679688 -0.03961181640625
-0.0827484130859375 -0.0235671997070312 0.0793991088867188 -0.0767669677734375
-0.0526542663574219 0.0520591735839844 0.0136566162109375 -0.205612182617187
-0.00172805786132813 0.066741943359375 -0.126968383789063 -0.204421997070313
0.0386848449707031 0.0587692260742188 -0.238510131835938 -0.111679077148438
0.0287628173828125 0.0481643676757813 -0.262344360351563 -0.0112762451171874
0.023712158203125 0.0532264709472656 -0.208786010742188 0.0241851806640625
0.0156288146972656 0.0672035217285156 -0.18359375 0.0268096923828125
-0.0353660583496094 0.0591697692871094 -0.160110473632813 0.00828552246093748
-0.0784072875976562 0.0128326416015625 -0.147720336914063 7.62939453124686E-05
-0.0735397338867188 -0.0685958862304688 -0.167327880859375 -0.02392578125
0.0161361694335937 -0.13507080078125 -0.209335327148438 -0.06292724609375
0.116371154785156 -0.131019592285156 -0.321533203125 -0.09954833984375
0.179367065429688 -0.069671630859375 -0.37286376953125 -0.154541015625
0.238784790039063 -0.015350341796875 -0.192428588867187 -0.26629638671875
0.0924530029296875 -0.10919189453125 -0.0562744140625 -0.0675430297851563
0.0300979614257813 -0.0892410278320312 0.102569580078125 -0.0859375
-0.0219154357910156 -0.0586700439453125 0.0355682373046875 -0.223739624023437
-0.0355720520019531 -0.0273284912109375 -0.106948852539063 -0.226516723632813
-0.0511054992675781 0.00407028198242188 -0.237014770507812 -0.134689331054688
-0.070587158203125 0.0277328491210938 -0.2630615234375 -0.023284912109375
-0.068695068359375 0.0294380187988281 -0.202316284179687 0.0213775634765625
-0.0872802734375 0.0382232666015625 -0.172744750976563 0.021240234375
-0.113533020019531 -0.00154876708984374 -0.14935302734375 0.01348876953125
-0.106010437011719 -0.0839462280273438 -0.124526977539062 0.00931549072265623
-0.0367889404296875 -0.161834716796875 -0.146316528320313 -0.0104827880859375
0.129531860351562 -0.168014526367187 -0.182968139648438 -0.0326080322265625
0.24896240234375 -0.111862182617188 -0.277145385742188 -0.0787506103515625
0.301025390625 0.004852294921875 -0.307861328125 -0.13726806640625
0.337982177734375 0.073089599609375 -0.09197998046875 -0.267318725585938
0.226242065429687 -0.07586669921875 0.00847625732421877 -0.0775375366210938
0.158355712890625 -0.136856079101563 0.138137817382813 -0.083648681640625
0.028656005859375 -0.167861938476563 0.07244873046875 -0.223968505859375
-0.0559005737304688 -0.127670288085938 -0.0653076171875 -0.23150634765625
-0.130882263183594 -0.0595550537109375 -0.204086303710938 -0.1505126953125
-0.158782958984375 -0.00077819824218749 -0.230194091796875 -0.0373077392578125
-0.1494140625 0.00148010253906253 -0.167129516601563 0.016387939453125
-0.17803955078125 0.00978088378906247 -0.132606506347656 0.0160980224609375
-0.182159423828125 -0.0497283935546875 -0.111366271972656 0.0264205932617187
-0.137588500976563 -0.160308837890625 -0.0846176147460938 0.02996826171875
-0.024200439453125 -0.236053466796875 -0.117378234863281 0.015716552734375
0.203903198242188 -0.202850341796875 -0.154617309570313 0.000183105468749999
0.3375244140625 -0.10516357421875 -0.215576171875 -0.0594329833984375
0.37774658203125 0.063629150390625 -0.211532592773437 -0.097625732421875
0.3822021484375 0.155853271484375 0.03759765625 -0.226898193359375
0.324127197265625 -0.01568603515625 0.0978469848632813 -0.0647125244140625
0.275665283203125 -0.149276733398437 0.179458618164063 -0.0670318603515625
0.0933074951171875 -0.248504638671875 0.118026733398437 -0.19921875
-0.0543212890625 -0.214584350585938 -0.00668334960937499 -0.211807250976562
-0.1859130859375 -0.121688842773437 -0.140975952148438 -0.152069091796875
-0.222488403320312 -0.0315093994140625 -0.165756225585937 -0.0482177734375
-0.20745849609375 -0.0258331298828125 -0.106979370117188 0.00854492187500001
-0.243804931640625 -0.01507568359375 -0.0693931579589844 0.0104026794433594
-0.230712890625 -0.0837860107421875 -0.0526847839355469 0.0401039123535156
-0.161392211914063 -0.211532592773437 -0.0317649841308594 0.0521202087402344
-0.019775390625 -0.280776977539062 -0.0817794799804687 0.0434417724609375
0.244415283203125 -0.221878051757813 -0.125358581542969 0.0243682861328125
0.3785400390625 -0.092376708984375 -0.145050048828125 -0.0516204833984375
0.403289794921875 0.10980224609375 -0.0968093872070312 -0.0478286743164062
0.358734130859375 0.216583251953125 0.174819946289063 -0.150833129882813
0.354644775390625 0.058380126953125 0.195266723632813 -0.0290679931640625
0.346038818359375 -0.1123046875 0.214859008789063 -0.0355987548828125
0.1551513671875 -0.273757934570313 0.161468505859375 -0.149246215820313
-0.03021240234375 -0.262588500976563 0.0562286376953125 -0.166702270507813
-0.204376220703125 -0.167938232421875 -0.0594024658203125 -0.133621215820312
-0.25030517578125 -0.060455322265625 -0.0793609619140625 -0.0529098510742188
-0.233291625976563 -0.0485839843750001 -0.0312881469726563 0.000120162963867187
-0.274993896484375 -0.0381011962890625 0.00812149047851561 0.00459051132202148
-0.250228881835938 -0.107101440429688 0.0175247192382812 0.0521888732910156
-0.162704467773438 -0.238021850585938 0.024444580078125 0.0734176635742187
-0.00701904296874999 -0.293182373046875 -0.0456619262695313 0.0698013305664062
0.262619018554688 -0.207550048828125 -0.0995330810546875 0.03900146484375
0.377410888671875 -0.056915283203125 -0.0741424560546875 -0.0512847900390625
0.3748779296875 0.149566650390625 0.0207099914550781 0.00696182250976563
0.268280029296875 0.235671997070313 0.294189453125 -0.05609130859375
0.30584716796875 0.12310791015625 0.279586791992188 0.0228271484375
0.34136962890625 -0.039459228515625 0.233795166015625 0.000350952148437498
0.19146728515625 -0.233734130859375 0.1865234375 -0.08526611328125
0.00672912597656247 -0.256637573242188 0.10638427734375 -0.104698181152344
-0.182098388671875 -0.184280395507813 0.0242156982421875 -0.09808349609375
-0.236099243164063 -0.0792694091796875 0.0148162841796875 -0.0492172241210938
-0.223068237304688 -0.063507080078125 0.049530029296875 -0.00857925415039063
-0.266738891601562 -0.055999755859375 0.089447021484375 0.00153350830078125
-0.235824584960938 -0.119049072265625 0.0896987915039062 0.0654220581054687
-0.13958740234375 -0.240020751953125 0.077239990234375 0.0977630615234375
0.017303466796875 -0.274734497070313 -0.015106201171875 0.0970458984375
0.264404296875 -0.161575317382813 -0.0801544189453125 0.0508651733398437
0.338897705078125 -0.00048828125 -0.00968170166015623 -0.0462760925292969
0.300537109375 0.18218994140625 0.126472473144531 0.0698776245117188
0.129241943359375 0.208419799804687 0.371795654296875 0.035858154296875
0.191696166992188 0.1549072265625 0.3314208984375 0.07421875
0.258987426757813 0.037628173828125 0.232452392578125 0.029571533203125
0.181686401367188 -0.146591186523438 0.190719604492187 -0.0268707275390625
0.037811279296875 -0.197952270507813 0.133949279785156 -0.044464111328125
-0.128280639648438 -0.16436767578125 0.0925827026367187 -0.0566864013671875
-0.183197021484375 -0.0834808349609375 0.09942626953125 -0.0399627685546875
-0.178390502929688 -0.0690460205078125 0.123336791992187 -0.0139541625976563
-0.219009399414063 -0.0670928955078125 0.163864135742188 0.003662109375
-0.19061279296875 -0.117645263671875 0.154708862304687 0.083740234375
-0.0982208251953125 -0.214279174804687 0.118110656738281 0.126632690429688
0.0432281494140625 -0.226898193359375 0.0062408447265625 0.126388549804688
0.24066162109375 -0.09649658203125 -0.0683670043945312 0.0645675659179688
0.265518188476563 0.0603485107421875 0.0424957275390625 -0.0282363891601562
0.187026977539063 0.19677734375 0.203140258789063 0.140655517578125
-0.030120849609375 0.145309448242188 0.39910888671875 0.099365234375
0.0442047119140625 0.149139404296875 0.344970703125 0.10247802734375
0.127830505371094 0.0944061279296875 0.216629028320313 0.0392913818359375
0.1314697265625 -0.0411529541015625 0.179733276367188 0.009521484375
0.0554656982421875 -0.105018615722656 0.140365600585938 -0.00376892089843751
-0.05523681640625 -0.113731384277344 0.135505676269531 -0.0235214233398438
-0.101020812988281 -0.0728607177734375 0.158645629882813 -0.030120849609375
-0.105865478515625 -0.0620269775390625 0.177902221679687 -0.0173187255859375
-0.139724731445313 -0.0659713745117188 0.220626831054688 0.0111083984375
-0.120285034179688 -0.09814453125 0.203369140625 0.1041259765625
-0.0483245849609375 -0.160736083984375 0.143753051757813 0.15765380859375
0.0572509765625 -0.15411376953125 0.0165557861328125 0.15777587890625
0.185348510742187 -0.027801513671875 -0.0660552978515625 0.0808639526367188
0.158782958984375 0.10455322265625 0.0730972290039063 0.00306701660156251
0.0500640869140625 0.181869506835937 0.240310668945312 0.210357666015625
0.0925140380859375 -0.0999832153320313 -0.266372680664063 -0.1868896484375
-0.0572052001953125 -0.101585388183594 -0.0892486572265625 -0.023834228515625
-0.0837478637695313 -0.0135269165039062 0.0703659057617188 -0.08355712890625
-0.0442771911621094 0.0556640625 -0.00914001464843749 -0.199325561523438
0.00620269775390624 0.0640296936035156 -0.145706176757813 -0.1805419921875
0.0449943542480469 0.0513763427734375 -0.240524291992187 -0.078094482421875
0.0349349975585938 0.0428123474121094 -0.251022338867188 0.0217132568359375
0.0299720764160156 0.0464134216308594 -0.195220947265625 0.0486297607421875
0.0249481201171875 0.061431884765625 -0.170791625976563 0.0500946044921875
-0.0247306823730469 0.0609169006347656 -0.152389526367188 0.0292816162109375
-0.0723724365234375 0.0229339599609375 -0.14288330078125 0.0198822021484375
-0.07861328125 -0.05657958984375 -0.166213989257813 -0.00334167480468749
-0.000976562500000007 -0.131233215332031 -0.209976196289063 -0.0394134521484375
0.0949935913085938 -0.139739990234375 -0.32080078125 -0.05853271484375
0.164794921875 -0.0884246826171875 -0.37762451171875 -0.100006103515625
0.229751586914063 -0.0441741943359375 -0.2177734375 -0.22918701171875
0.073699951171875 -0.115196228027344 -0.06231689453125 -0.0541915893554688
0.0164794921875 -0.0908279418945313 0.0922698974609375 -0.09368896484375
-0.0294075012207031 -0.0531158447265625 0.01007080078125 -0.218017578125
-0.0378379821777344 -0.0208168029785156 -0.128524780273437 -0.204345703125
-0.047607421875 0.012054443359375 -0.241668701171875 -0.10052490234375
-0.0630722045898438 0.03704833984375 -0.253387451171875 0.0101776123046875
-0.0605087280273437 0.035888671875 -0.188796997070313 0.045379638671875
-0.0768203735351563 0.04803466796875 -0.16168212890625 0.043365478515625
-0.106826782226563 0.01434326171875 -0.140625 0.0330352783203125
-0.111656188964844 -0.0648651123046875 -0.120010375976563 0.026123046875
-0.055816650390625 -0.149383544921875 -0.144317626953125 0.00794982910156252
0.102996826171875 -0.176788330078125 -0.181106567382812 -0.013336181640625
0.223236083984375 -0.138809204101563 -0.276718139648438 -0.0443115234375
0.290252685546875 -0.0321044921875 -0.313690185546875 -0.091400146484375
0.334686279296875 0.028656005859375 -0.122772216796875 -0.242706298828125
0.204299926757812 -0.0995330810546875 -0.00219726562499999 -0.07171630859375
0.1334228515625 -0.152984619140625 0.1265869140625 -0.095489501953125
0.0042724609375 -0.162887573242188 0.04534912109375 -0.223037719726563
-0.070068359375 -0.113594055175781 -0.088287353515625 -0.215301513671875
-0.131744384765625 -0.0376510620117188 -0.212310791015625 -0.119949340820313
-0.151046752929688 0.0214080810546875 -0.223312377929687 -0.00657653808593753
-0.140899658203125 0.0205078125 -0.154922485351563 0.0368499755859375
-0.166641235351562 0.0339202880859375 -0.124259948730469 0.034454345703125
-0.178009033203125 -0.022125244140625 -0.103034973144531 0.0413589477539062
-0.152114868164063 -0.132980346679688 -0.0795364379882813 0.040557861328125
-0.0531463623046875 -0.22076416015625 -0.113540649414063 0.0306396484375
0.170486450195313 -0.219879150390625 -0.150070190429688 0.0150146484375
0.308837890625 -0.14276123046875 -0.21588134765625 -0.0323333740234375
0.370819091796875 0.0150146484375 -0.216339111328125 -0.065460205078125
0.38623046875 0.10333251953125 0.00680541992187503 -0.220733642578125
0.305145263671875 -0.05419921875 0.08416748046875 -0.069854736328125
0.244415283203125 -0.178131103515625 0.167755126953125 -0.0829620361328125
0.05615234375 -0.247772216796875 0.0929107666015625 -0.204193115234375
-0.0794677734375 -0.196441650390625 -0.02886962890625 -0.20404052734375
-0.192001342773438 -0.0892791748046875 -0.1529541015625 -0.12890625
-0.216094970703125 -0.000106811523437518 -0.164199829101562 -0.025177001953125
-0.199615478515625 0.00233459472656253 -0.0989151000976563 0.0229873657226562
-0.232742309570313 0.018768310546875 -0.0653038024902344 0.0208511352539063
-0.2293701171875 -0.0473175048828125 -0.0450935363769531 0.0472526550292969
-0.181854248046875 -0.178146362304687 -0.0265274047851563 0.0549392700195312
-0.055023193359375 -0.264190673828125 -0.0760955810546875 0.0535736083984375
0.205795288085938 -0.242904663085938 -0.1192626953125 0.035919189453125
0.34954833984375 -0.13616943359375 -0.148040771484375 -0.033203125
0.40081787109375 0.056182861328125 -0.100837707519531 -0.0316162109375
0.370361328125 0.16302490234375 0.1470947265625 -0.165664672851563
0.34320068359375 0.013153076171875 0.181503295898438 -0.0478515625
0.31768798828125 -0.151092529296875 0.205108642578125 -0.0565032958984375
0.11260986328125 -0.279159545898438 0.140121459960938 -0.160690307617188
-0.0615081787109375 -0.24542236328125 0.036956787109375 -0.168548583984375
-0.215591430664063 -0.131195068359375 -0.0734176635742187 -0.122489929199219
-0.24615478515625 -0.0240020751953125 -0.0822982788085938 -0.0405807495117188
-0.227798461914063 -0.0159759521484375 -0.0279483795166016 0.00539398193359374
-0.2666015625 0.00256347656249999 0.00745344161987303 0.00559282302856445
-0.2513427734375 -0.067108154296875 0.0235824584960937 0.0497932434082031
-0.18743896484375 -0.2030029296875 0.0301895141601562 0.0682792663574218
-0.045196533203125 -0.277908325195313 -0.0376663208007812 0.0744705200195313
0.225021362304688 -0.231765747070312 -0.0927352905273437 0.0482025146484375
0.352142333984375 -0.102264404296875 -0.0807647705078125 -0.041229248046875
0.37841796875 0.0972900390625 0.01885986328125 0.00621604919433594
0.285491943359375 0.192047119140625 0.273452758789063 -0.089691162109375
0.304534912109375 0.080902099609375 0.268646240234375 -0.00900268554687499
0.322479248046875 -0.08056640625 0.226974487304688 -0.023895263671875
0.15264892578125 -0.246444702148438 0.172134399414062 -0.102645874023438
-0.0257415771484375 -0.244491577148438 0.09259033203125 -0.11541748046875
-0.196075439453125 -0.14984130859375 0.01104736328125 -0.0988235473632813
-0.235153198242188 -0.043487548828125 0.00784301757812499 -0.0492324829101563
-0.220504760742188 -0.03204345703125 0.0473823547363281 -0.0129280090332031
-0.261581420898437 -0.0159454345703125 0.0841064453125 -0.00823974609375
-0.240371704101562 -0.0806884765625 0.0938644409179688 0.0528488159179688
-0.166366577148437 -0.208511352539063 0.0831375122070312 0.0842361450195312
-0.0194244384765625 -0.263702392578125 -0.0048675537109375 0.0965118408203125
0.232009887695313 -0.187911987304687 -0.0725860595703125 0.0579910278320312
0.322296142578125 -0.043426513671875 -0.0181388854980469 -0.044830322265625
0.310821533203125 0.137542724609375 0.127265930175781 0.0521469116210938
0.149383544921875 0.18255615234375 0.360321044921875 -0.01190185546875
0.19989013671875 0.12542724609375 0.325103759765625 0.032928466796875
0.254669189453125 0.0038604736328125 0.227890014648438 0.004638671875
0.154373168945313 -0.162002563476563 0.182540893554688 -0.0474395751953125
0.011322021484375 -0.192489624023438 0.12579345703125 -0.0604019165039063
-0.142196655273438 -0.138717651367188 0.081756591796875 -0.0679473876953125
-0.185897827148438 -0.0553436279296875 0.0891036987304688 -0.0512847900390625
-0.178756713867188 -0.0424041748046875 0.116340637207031 -0.0277862548828125
-0.218246459960938 -0.0326690673828125 0.155227661132813 -0.015869140625
-0.19708251953125 -0.0857086181640625 0.157577514648438 0.0612030029296875
-0.123153686523438 -0.19097900390625 0.126296997070313 0.106048583984375
0.011199951171875 -0.221908569335937 0.0194931030273438 0.121406555175781
0.21832275390625 -0.122604370117188 -0.0594024658203125 0.0702743530273438
0.259963989257813 0.024383544921875 0.0343875885009766 -0.0336532592773438
0.203994750976562 0.16571044921875 0.209503173828125 0.10943603515625
-0.01190185546875 0.142349243164062 0.393829345703125 0.044342041015625
0.0593338012695313 0.137992858886719 0.3428955078125 0.058258056640625
0.136405944824219 0.0752639770507813 0.213134765625 0.0156402587890625
0.11993408203125 -0.05548095703125 0.17620849609375 -0.011260986328125
0.0389175415039062 -0.10693359375 0.136444091796875 -0.0221633911132813
-0.0675201416015625 -0.100677490234375 0.127029418945313 -0.0415191650390625
-0.106048583984375 -0.0566864013671875 0.147628784179688 -0.0498809814453125
-0.109298706054687 -0.0451889038085938 0.166656494140625 -0.0377960205078125
-0.142913818359375 -0.0432891845703125 0.21038818359375 -0.016387939453125
-0.128471374511719 -0.0773696899414063 0.206558227539062 0.074188232421875
-0.0684051513671875 -0.147109985351563 0.154998779296875 0.132293701171875
0.034942626953125 -0.154754638671875 0.0337677001953125 0.14990234375
0.1739501953125 -0.0489044189453125 -0.0550689697265625 0.0853118896484375
0.163467407226562 0.08074951171875 0.0684890747070313 -0.00853347778320312
0.069427490234375 0.16815185546875 0.25360107421875 0.170196533203125
0.079742431640625 -0.104385375976563 -0.268173217773438 -0.1466064453125
-0.0642776489257812 -0.0884857177734375 -0.085052490234375 -0.00969696044921876
-0.0811920166015625 -0.00441741943359375 0.061279296875 -0.08587646484375
-0.0365104675292969 0.0562820434570313 -0.0267791748046875 -0.18658447265625
0.0123977661132813 0.0600166320800781 -0.152984619140625 -0.155227661132813
0.0478591918945312 0.0439071655273437 -0.230758666992188 -0.0502471923828125
0.0380096435546875 0.0368156433105469 -0.231536865234375 0.0452728271484375
0.0340194702148438 0.0393638610839844 -0.176559448242187 0.06365966796875
0.0313224792480469 0.0534477233886719 -0.153305053710938 0.0650787353515625
-0.0152359008789063 0.0599861145019531 -0.139564514160156 0.0441360473632813
-0.0640907287597656 0.0297088623046875 -0.133270263671875 0.034515380859375
-0.079833984375 -0.0453948974609375 -0.15899658203125 0.0128173828125
-0.0142974853515625 -0.123100280761719 -0.2030029296875 -0.019989013671875
0.0744171142578125 -0.141098022460938 -0.306304931640625 -0.0255126953124999
0.145980834960938 -0.0998077392578125 -0.364288330078125 -0.0552062988281249
0.21337890625 -0.0648193359375 -0.227767944335937 -0.191162109375
0.0561599731445313 -0.113906860351563 -0.0644454956054687 -0.0409088134765625
0.004669189453125 -0.0878982543945313 0.080902099609375 -0.097412109375
-0.0343246459960937 -0.0462379455566406 -0.0099945068359375 -0.206588745117188
-0.0378036499023438 -0.0145187377929688 -0.139328002929688 -0.180084228515625
-0.0421180725097656 0.0178565979003906 -0.235092163085938 -0.0710296630859374
-0.0541610717773438 0.0421257019042969 -0.235092163085938 0.035247802734375
-0.0516128540039063 0.03955078125 -0.169998168945313 0.0611572265625
-0.0650177001953125 0.0527267456054687 -0.145736694335938 0.0585174560546875
-0.0959930419921875 0.0253143310546875 -0.127487182617188 0.0469970703125
-0.109611511230469 -0.0478515625 -0.111289978027344 0.0380935668945312
-0.06781005859375 -0.133705139160156 -0.137672424316406 0.021697998046875
0.0790557861328125 -0.176025390625 -0.173583984375 0.00158691406250002
0.194107055664063 -0.15283203125 -0.26519775390625 -0.0162658691406251
0.2694091796875 -0.0587921142578125 -0.303863525390625 -0.052093505859375
0.319091796875 -0.007110595703125 -0.140243530273438 -0.21319580078125
0.17950439453125 -0.1119384765625 -0.0100212097167969 -0.0630836486816406
0.109222412109375 -0.157516479492188 0.113533020019531 -0.101303100585938
-0.01385498046875 -0.151824951171875 0.0246734619140625 -0.213653564453125
-0.0768966674804688 -0.09796142578125 -0.10272216796875 -0.195159912109375
-0.125953674316406 -0.0194625854492188 -0.210174560546875 -0.0926361083984375
-0.138038635253906 0.0376739501953125 -0.209548950195313 0.01605224609375
-0.128387451171875 0.0334243774414063 -0.138717651367188 0.0497970581054687
-0.150070190429688 0.0503082275390625 -0.111915588378906 0.0466232299804688
-0.167221069335938 -0.00025939941406252 -0.0910797119140625 0.0509872436523437
-0.155303955078125 -0.106246948242187 -0.0723114013671875 0.047698974609375
-0.0727386474609375 -0.200637817382812 -0.106513977050781 0.0404815673828125
0.13720703125 -0.223876953125 -0.141845703125 0.02593994140625
0.2730712890625 -0.165725708007813 -0.20806884765625 -0.011077880859375
0.34991455078125 -0.02294921875 -0.21026611328125 -0.03729248046875
0.373992919921875 0.05804443359375 -0.0171966552734375 -0.20574951171875
0.278228759765625 -0.0793304443359375 0.0708847045898438 -0.0696868896484375
0.211013793945312 -0.1927490234375 0.153778076171875 -0.092315673828125
0.025726318359375 -0.236221313476563 0.0713043212890625 -0.199691772460938
-0.0940399169921875 -0.174087524414063 -0.0448760986328125 -0.191268920898438
-0.187103271484375 -0.0608978271484375 -0.155990600585937 -0.107131958007813
-0.200637817382813 0.024078369140625 -0.155303955078125 -0.00685119628906252
-0.18524169921875 0.0228118896484375 -0.08758544921875 0.0318450927734375
-0.2135009765625 0.0447540283203125 -0.0586814880371094 0.02862548828125
-0.217758178710938 -0.0189056396484375 -0.0371170043945313 0.0500144958496094
-0.188446044921875 -0.144866943359375 -0.0218467712402344 0.0560111999511719
-0.0797576904296875 -0.239837646484375 -0.0683364868164063 0.0589485168457031
0.168182373046875 -0.248931884765625 -0.110748291015625 0.0432052612304687
0.31146240234375 -0.163970947265625 -0.144699096679687 -0.0177154541015625
0.38232421875 0.01263427734375 -0.098480224609375 -0.01727294921875
0.36346435546875 0.115478515625 0.120285034179688 -0.168991088867188
0.3203125 -0.020721435546875 0.163375854492188 -0.0587921142578125
0.282684326171875 -0.17498779296875 0.190689086914063 -0.0697021484375
0.0752716064453125 -0.27130126953125 0.11962890625 -0.16351318359375
-0.0818023681640625 -0.221786499023438 0.0208740234375 -0.164321899414063
-0.213165283203125 -0.0979461669921875 -0.0810699462890625 -0.108955383300781
-0.231796264648438 0.00486755371093745 -0.0816421508789063 -0.029388427734375
-0.213577270507813 0.00927734375000004 -0.0238113403320313 0.0088043212890625
-0.247100830078125 0.0334930419921875 0.00721645355224608 0.00683832168579102
-0.240554809570313 -0.0335693359375 0.0272712707519531 0.0457954406738281
-0.19757080078125 -0.166900634765625 0.0328750610351562 0.0622444152832031
-0.071533203125 -0.2537841796875 -0.0302810668945313 0.074920654296875
0.187088012695312 -0.240676879882812 -0.0845184326171875 0.0530242919921875
0.3175048828125 -0.13250732421875 -0.0822372436523437 -0.0319595336914063
0.366119384765625 0.05426025390625 0.0167274475097656 0.00566864013671876
0.28656005859375 0.15106201171875 0.246383666992188 -0.111419677734375
0.290863037109375 0.0467529296875 0.249069213867188 -0.03179931640625
0.29547119140625 -0.1092529296875 0.213485717773438 -0.04058837890625
0.116256713867187 -0.244476318359375 0.155593872070313 -0.111907958984375
-0.0485992431640625 -0.224411010742188 0.0785446166992188 -0.119560241699219
-0.197647094726563 -0.117691040039062 -0.000114440917968769 -0.0954666137695313
-0.224517822265625 -0.0149078369140625 0.00159835815429686 -0.0471687316894531
-0.208663940429688 -0.00659179687500001 0.0446548461914062 -0.0156021118164063
-0.244827270507813 0.0156707763671875 0.0768585205078125 -0.014312744140625
-0.23223876953125 -0.048309326171875 0.0927352905273438 0.0415191650390625
-0.178466796875 -0.174819946289063 0.0841064453125 0.070953369140625
-0.0464324951171875 -0.24346923828125 0.0038604736328125 0.0920562744140625
0.198028564453125 -0.200027465820313 -0.0641860961914062 0.06072998046875
0.296478271484375 -0.0733642578125 -0.0243949890136719 -0.0408592224121094
0.306365966796875 0.097930908203125 0.123046875 0.037322998046875
0.156997680664063 0.155975341796875 0.335723876953125 -0.048095703125
0.1973876953125 0.0981903076171875 0.30682373046875 0.00131225585937501
0.240707397460938 -0.02239990234375 0.216049194335938 -0.0143280029296875
0.127410888671875 -0.166168212890625 0.169677734375 -0.0600128173828125
-0.00915527343750001 -0.180038452148438 0.114662170410156 -0.0713577270507813
-0.146484375 -0.113449096679688 0.0692520141601562 -0.073516845703125
-0.17962646484375 -0.031585693359375 0.0774002075195312 -0.058197021484375
-0.171234130859375 -0.0210723876953125 0.106315612792969 -0.0368804931640625
-0.20697021484375 -0.00471496582031247 0.142318725585938 -0.029693603515625
-0.193084716796875 -0.0577850341796875 0.152938842773438 0.04248046875
-0.136260986328125 -0.163955688476562 0.126502990722656 0.086639404296875
-0.013397216796875 -0.208770751953125 0.0293655395507813 0.112388610839844
0.19244384765625 -0.137588500976562 -0.0505828857421875 0.0717010498046875
0.2452392578125 -0.003143310546875 0.0266189575195313 -0.0360603332519531
0.20782470703125 0.134872436523438 0.205352783203125 0.081512451171875
0.00213623046875 0.133468627929688 0.373443603515625 0.00158691406250001
0.068206787109375 0.124282836914063 0.326751708984375 0.02239990234375
0.1370849609375 0.05633544921875 0.203475952148438 -0.0027008056640625
0.106536865234375 -0.06402587890625 0.167388916015625 -0.026641845703125
0.025604248046875 -0.103164672851563 0.127876281738281 -0.036041259765625
-0.0734024047851562 -0.0867767333984375 0.115036010742187 -0.0531082153320313
-0.106002807617187 -0.04168701171875 0.131607055664062 -0.0624313354492187
-0.107208251953125 -0.0308380126953125 0.151702880859375 -0.051788330078125
-0.138038635253906 -0.02325439453125 0.19354248046875 -0.036346435546875
-0.128578186035156 -0.0582504272460937 0.199935913085938 0.0496978759765625
-0.0804977416992188 -0.130355834960938 0.156646728515625 0.108291625976562
0.016326904296875 -0.14892578125 0.0448684692382812 0.137779235839844
0.158676147460938 -0.0637054443359375 -0.045074462890625 0.0852737426757813
0.1602783203125 0.0608673095703125 0.0609130859375 -0.0164070129394531
0.081878662109375 0.150711059570313 0.253189086914063 0.132827758789063
0.0699691772460938 -0.104965209960938 -0.2607421875 -0.116470336914062
-0.0666656494140625 -0.0772552490234375 -0.0795135498046875 0.000656127929687489
-0.0781707763671875 0.00201416015625001 0.0541839599609375 -0.0856857299804688
-0.030487060546875 0.0555305480957031 -0.0363922119140625 -0.1741943359375
0.0161590576171875 0.0563087463378906 -0.153671264648438 -0.13525390625
0.0490226745605469 0.0381393432617188 -0.218826293945312 -0.0316162109375
0.0392074584960938 0.0312652587890625 -0.212295532226562 0.058990478515625
0.03485107421875 0.0331687927246094 -0.15948486328125 0.0721282958984375
0.0341873168945313 0.0461235046386719 -0.1378173828125 0.0725479125976562
-0.00837326049804688 0.0568580627441406 -0.127601623535156 0.052520751953125
-0.0567092895507812 0.032562255859375 -0.123023986816406 0.042877197265625
-0.0788192749023437 -0.0367813110351563 -0.151153564453125 0.0232086181640625
-0.0225067138671875 -0.114913940429688 -0.194000244140625 -0.00869750976562499
0.0596923828125 -0.137908935546875 -0.289520263671875 -0.00463867187500005
0.131065368652344 -0.104324340820312 -0.34600830078125 -0.025177001953125
0.197952270507813 -0.0776824951171875 -0.227340698242188 -0.161087036132813
0.04345703125 -0.109611511230469 -0.0626220703125 -0.0295944213867187
-0.00358581542968749 -0.0831832885742188 0.0720596313476563 -0.0973739624023438
-0.0363235473632813 -0.0402565002441406 -0.0213470458984375 -0.193588256835938
-0.0359077453613281 -0.00984954833984376 -0.14208984375 -0.160324096679688
-0.0371475219726563 0.0212860107421875 -0.224685668945313 -0.05096435546875
-0.046234130859375 0.0443115234375 -0.216720581054688 0.0501708984375
-0.0447425842285156 0.0400199890136719 -0.153182983398438 0.0689849853515625
-0.0547561645507813 0.0538291931152344 -0.130996704101563 0.0664520263671875
-0.085968017578125 0.0315704345703125 -0.115470886230469 0.0547256469726563
-0.105323791503906 -0.0354385375976562 -0.102951049804688 0.0455780029296875
-0.0735549926757813 -0.120010375976563 -0.130012512207031 0.0301971435546875
0.0611572265625 -0.171371459960938 -0.165512084960938 0.0102081298828125
0.169769287109375 -0.157608032226563 -0.251129150390625 0.00114440917968754
0.249618530273437 -0.0745086669921875 -0.289093017578125 -0.026092529296875
0.300628662109375 -0.0302734375 -0.147232055664063 -0.188430786132813
0.159072875976563 -0.115249633789063 -0.0144691467285156 -0.0538330078125
0.089202880859375 -0.157012939453125 0.103515625 -0.101974487304688
-0.0252609252929688 -0.139923095703125 0.0108795166015625 -0.202529907226563
-0.0786819458007812 -0.0846176147460938 -0.108078002929687 -0.177536010742188
-0.117523193359375 -0.00686645507812498 -0.202804565429688 -0.0730743408203125
-0.1248779296875 0.0466842651367188 -0.194366455078125 0.0308074951171875
-0.116813659667969 0.0404586791992188 -0.124671936035156 0.055999755859375
-0.134613037109375 0.0593643188476563 -0.10076904296875 0.0533981323242188
-0.153976440429688 0.0131378173828125 -0.081268310546875 0.0560302734375
-0.152236938476563 -0.0853271484375 -0.0658035278320313 0.0518379211425781
-0.0825042724609375 -0.181427001953125 -0.0997085571289063 0.0458602905273437
0.112152099609375 -0.21990966796875 -0.134201049804688 0.0312728881835937
0.242431640625 -0.175537109375 -0.197921752929687 0.00283813476562499
0.328033447265625 -0.0467529296875 -0.200225830078125 -0.0182647705078125
0.355804443359375 0.0274658203125 -0.0316925048828125 -0.18975830078125
0.2530517578125 -0.091766357421875 0.0600776672363281 -0.0660362243652344
0.183074951171875 -0.19720458984375 0.141799926757813 -0.0955047607421875
0.00550842285156252 -0.221923828125 0.05645751953125 -0.192520141601562
-0.0993804931640625 -0.155197143554687 -0.053375244140625 -0.17877197265625
-0.17767333984375 -0.0410614013671875 -0.154159545898438 -0.0901641845703125
-0.185043334960937 0.039520263671875 -0.146209716796875 0.00489807128906251
-0.170852661132812 0.0351104736328125 -0.0779266357421875 0.035797119140625
-0.194046020507813 0.05938720703125 -0.0520896911621094 0.0327072143554688
-0.2025146484375 0.001068115234375 -0.0306129455566406 0.0517349243164062
-0.186660766601563 -0.118423461914062 -0.0179290771484375 0.0561447143554687
-0.092254638671875 -0.217605590820313 -0.0623092651367188 0.0609817504882812
0.13970947265625 -0.246551513671875 -0.104148864746094 0.0460205078125
0.278900146484375 -0.17694091796875 -0.140350341796875 -0.0072784423828125
0.360870361328125 -0.015289306640625 -0.093658447265625 -0.00753784179687499
0.3486328125 0.082366943359375 0.099395751953125 -0.166229248046875
0.296630859375 -0.03955078125 0.148544311523438 -0.0629119873046875
0.25213623046875 -0.185989379882813 0.177841186523438 -0.07586669921875
0.0499114990234375 -0.2584228515625 0.105072021484375 -0.161056518554688
-0.0921630859375 -0.200454711914063 0.01068115234375 -0.158340454101563
-0.205093383789063 -0.0735626220703125 -0.0842819213867188 -0.0975875854492187
-0.215362548828125 0.023712158203125 -0.0785369873046875 -0.0213394165039063
-0.19842529296875 0.024566650390625 -0.0198707580566406 0.00989151000976563
-0.225799560546875 0.052154541015625 0.00727891921997069 0.0082235336303711
-0.225570678710938 -0.011077880859375 0.0284614562988281 0.0425491333007813
-0.196502685546875 -0.138839721679688 0.0332069396972656 0.0573539733886719
-0.08660888671875 -0.230850219726563 -0.025115966796875 0.0732879638671875
0.157211303710938 -0.240127563476563 -0.0779647827148437 0.0546112060546875
0.287017822265625 -0.1475830078125 -0.0825119018554687 -0.0247344970703125
0.347869873046875 0.024261474609375 0.015467643737793 0.00547409057617188
0.279205322265625 0.12109375 0.221405029296875 -0.121490478515625
0.274169921875 0.02520751953125 0.23028564453125 -0.0444488525390625
0.269775390625 -0.124740600585938 0.20037841796875 -0.0491943359375
0.090484619140625 -0.236358642578125 0.142242431640625 -0.114501953125
-0.060699462890625 -0.206024169921875 0.0677566528320312 -0.120338439941406
-0.192169189453125 -0.0937042236328125 -0.00747680664062501 -0.0913543701171875
-0.21044921875 0.00395202636718751 -0.00236511230468752 -0.0445632934570313
-0.195083618164063 0.00950622558593747 0.0415878295898437 -0.0176200866699219
-0.2261962890625 0.0357818603515625 0.0701828002929687 -0.0169868469238281
-0.2196044921875 -0.024871826171875 0.089385986328125 0.0334625244140625
-0.180572509765625 -0.147903442382813 0.0816116333007812 0.06158447265625
-0.06280517578125 -0.223876953125 0.00841522216796875 0.0862655639648438
0.171096801757813 -0.203094482421875 -0.0578689575195312 0.0611228942871094
0.270965576171875 -0.091064453125 -0.0281333923339843 -0.0378494262695313
0.294677734375 0.069793701171875 0.117164611816406 0.0272216796875
0.15728759765625 0.134963989257813 0.31024169921875 -0.069366455078125
0.190887451171875 0.080108642578125 0.28662109375 -0.018890380859375
0.225692749023438 -0.0394744873046875 0.204238891601563 -0.024810791015625
0.10699462890625 -0.164154052734375 0.159347534179688 -0.0677032470703125
-0.020843505859375 -0.167938232421875 0.1051025390625 -0.0768966674804688
-0.145309448242188 -0.0938568115234375 0.0590744018554687 -0.0759658813476562
-0.170852661132813 -0.0154266357421875 0.0674705505371094 -0.0604133605957031
-0.161956787109375 -0.00666809082031253 0.0973663330078125 -0.0414352416992188
-0.192672729492188 0.013458251953125 0.129722595214844 -0.0362548828125
-0.185150146484375 -0.037994384765625 0.144989013671875 0.029541015625
-0.141128540039063 -0.141494750976563 0.122802734375 0.0729217529296875
-0.0283355712890625 -0.194198608398438 0.034515380859375 0.104072570800781
0.171371459960938 -0.14337158203125 -0.04364013671875 0.070281982421875
0.2286376953125 -0.0205078125 0.0198936462402344 -0.036956787109375
0.204788208007813 0.111358642578125 0.19775390625 0.06182861328125
0.0104141235351563 0.125144958496094 0.34991455078125 -0.026763916015625
0.0721435546875 0.112556457519531 0.3077392578125 -0.000366210937499993
0.13409423828125 0.04180908203125 0.192123413085938 -0.0135650634765625
0.0950546264648437 -0.067657470703125 0.158828735351563 -0.0357208251953125
0.016693115234375 -0.0981369018554688 0.11993408203125 -0.0441055297851563
-0.0749893188476562 -0.0749359130859375 0.103614807128906 -0.0602188110351563
-0.102447509765625 -0.0311508178710938 0.117599487304687 -0.069549560546875
-0.103172302246094 -0.0209121704101563 0.138397216796875 -0.0590133666992187
-0.130889892578125 -0.0102462768554688 0.176986694335938 -0.046722412109375
-0.125663757324219 -0.0435562133789063 0.189208984375 0.032684326171875
-0.0859222412109375 -0.1156005859375 0.15240478515625 0.0905303955078125
0.00425720214843751 -0.1412353515625 0.0505828857421875 0.126205444335938
0.14501953125 -0.0710296630859375 -0.0377426147460937 0.0834579467773438
0.155029296875 0.0460205078125 0.0541000366210938 -0.0215301513671875
0.0877151489257813 0.135971069335938 0.2454833984375 0.106765747070313
0.0633773803710938 -0.106498718261719 -0.254714965820313 -0.09588623046875
-0.0680046081542969 -0.0700187683105469 -0.0738143920898438 0.00847625732421874
-0.0762557983398438 0.00662994384765624 0.0499496459960938 -0.0861892700195313
-0.0270843505859375 0.0551910400390625 -0.0428924560546875 -0.16552734375
0.018341064453125 0.0530891418457031 -0.153060913085938 -0.122085571289062
0.0501747131347656 0.0339622497558594 -0.209274291992188 -0.0201263427734375
0.0404167175292969 0.0276222229003906 -0.198638916015625 0.0678253173828125
0.0359001159667969 0.0287208557128906 -0.147506713867187 0.077484130859375
0.0359687805175781 0.0405349731445312 -0.12640380859375 0.0774993896484375
-0.00263595581054687 0.0544662475585938 -0.118392944335938 0.0580825805664063
-0.0513725280761719 0.0346527099609375 -0.116058349609375 0.0486068725585937
-0.0777740478515625 -0.0301666259765625 -0.1461181640625 0.0292205810546875
-0.027923583984375 -0.108985900878906 -0.188674926757813 -0.000961303710937498
0.0485000610351562 -0.135528564453125 -0.278518676757813 0.00897216796874995
0.121047973632812 -0.106910705566406 -0.332977294921875 -0.00451660156249996
0.187057495117188 -0.0865020751953125 -0.224929809570313 -0.139984130859375
0.0358200073242187 -0.105598449707031 -0.0600471496582031 -0.0206108093261719
-0.00938415527343749 -0.0794830322265625 0.0670547485351563 -0.0975341796875
-0.0380058288574219 -0.0352783203125 -0.0282745361328125 -0.184860229492188
-0.0347251892089844 -0.00657844543457031 -0.143569946289063 -0.147445678710937
-0.0321102142333984 0.0233058929443359 -0.216064453125 -0.0377960205078125
-0.0398406982421875 0.0457534790039062 -0.2030029296875 0.05908203125
-0.0396347045898437 0.0400238037109375 -0.141677856445313 0.073486328125
-0.0475997924804687 0.0541000366210938 -0.120094299316406 0.0714797973632813
-0.077789306640625 0.0351486206054688 -0.107063293457031 0.059844970703125
-0.100746154785156 -0.026123046875 -0.0967559814453125 0.0500106811523438
-0.0773239135742187 -0.110359191894531 -0.125907897949219 0.0360641479492188
0.0492706298828125 -0.167388916015625 -0.160873413085938 0.0150146484375
0.1527099609375 -0.160202026367188 -0.241912841796875 0.012786865234375
0.235855102539063 -0.084442138671875 -0.27813720703125 -0.00923156738281249
0.287109375 -0.04583740234375 -0.150222778320313 -0.170440673828125
0.145248413085938 -0.117340087890625 -0.0160369873046875 -0.0464935302734375
0.0757904052734375 -0.155563354492188 0.0968551635742188 -0.102828979492188
-0.0325775146484375 -0.131019592285156 0.0028076171875 -0.194992065429688
-0.0792160034179688 -0.0759963989257813 -0.111434936523438 -0.166824340820313
-0.110221862792969 0.00179290771484376 -0.197784423828125 -0.05975341796875
-0.115150451660156 0.0527801513671875 -0.182846069335938 0.040252685546875
-0.108749389648437 0.0448150634765625 -0.114631652832031 0.0598373413085938
-0.122856140136719 0.0641937255859375 -0.0921859741210938 0.0577163696289063
-0.143463134765625 0.0221405029296875 -0.0737762451171875 0.0596389770507813
-0.14862060546875 -0.070953369140625 -0.0611305236816406 0.0549850463867187
-0.0892791748046875 -0.167922973632813 -0.0953292846679688 0.0497512817382812
0.0950164794921875 -0.21734619140625 -0.130516052246094 0.033782958984375
0.22119140625 -0.18115234375 -0.191421508789063 0.0117340087890625
0.31256103515625 -0.061798095703125 -0.192459106445312 -0.00633239746093747
0.34344482421875 0.006103515625 -0.0410003662109375 -0.178482055664063
0.236175537109375 -0.0989990234375 0.0538406372070313 -0.0621871948242188
0.163848876953125 -0.19970703125 0.134468078613281 -0.0973892211914063
-0.00765991210937499 -0.210800170898438 0.047607421875 -0.1876220703125
-0.103012084960938 -0.141433715820313 -0.059326171875 -0.170928955078125
-0.16973876953125 -0.0275115966796875 -0.152328491210938 -0.0791473388671875
-0.172500610351562 0.0493927001953125 -0.138778686523438 0.0131301879882813
-0.160324096679688 0.0428466796875 -0.0708694458007813 0.0375595092773438
-0.178970336914063 0.0689544677734375 -0.0470962524414063 0.0364227294921875
-0.190628051757812 0.0140838623046875 -0.0261573791503906 0.0526008605957031
-0.183517456054688 -0.09979248046875 -0.0157585144042969 0.056365966796875
-0.100555419921875 -0.201766967773438 -0.0590248107910156 0.0625
0.119766235351562 -0.24407958984375 -0.100189208984375 0.0475616455078125
0.254180908203125 -0.184417724609375 -0.136650085449219 -0.000854492187500009
0.346038818359375 -0.033203125 -0.0906295776367187 -0.00125885009765625
0.339141845703125 0.06024169921875 0.0853424072265625 -0.1622314453125
0.279830932617188 -0.0507659912109375 0.137413024902344 -0.063629150390625
0.230911254882813 -0.192672729492188 0.170135498046875 -0.079071044921875
0.0336761474609375 -0.248123168945313 0.0965576171875 -0.159210205078125
-0.09808349609375 -0.185897827148437 0.00379943847656251 -0.155197143554688
-0.197952270507813 -0.057159423828125 -0.0861053466796875 -0.0902481079101563
-0.2037353515625 0.0360107421875 -0.0764846801757813 -0.015960693359375
-0.187698364257813 0.0348052978515625 -0.0167436599731445 0.0103034973144531
-0.21075439453125 0.0644378662109375 0.00787258148193358 0.0095367431640625
-0.21392822265625 0.00390624999999998 0.029266357421875 0.0408668518066406
-0.19537353515625 -0.118026733398438 0.0331764221191406 0.0547027587890625
-0.0966339111328125 -0.21490478515625 -0.0220489501953125 0.0720977783203125
0.137176513671875 -0.23931884765625 -0.0743942260742187 0.0550537109375
0.264373779296875 -0.1572265625 -0.0824661254882812 -0.0196380615234375
0.33538818359375 0.004486083984375 0.0151786804199219 0.00530529022216797
0.272918701171875 0.101699829101562 0.204071044921875 -0.126922607421875
0.261825561523438 0.0117950439453125 0.216827392578125 -0.051483154296875
0.25177001953125 -0.134719848632813 0.192794799804688 -0.054168701171875
0.0733795166015625 -0.2294921875 0.134315490722656 -0.116531372070313
-0.067657470703125 -0.19293212890625 0.0607528686523438 -0.12164306640625
-0.187454223632812 -0.0776519775390625 -0.013092041015625 -0.0881500244140625
-0.200271606445313 0.01739501953125 -0.00553512573242189 -0.0422096252441406
-0.186248779296875 0.0203857421875 0.0398674011230469 -0.0186691284179688
-0.211196899414063 0.0489501953125 0.0657234191894531 -0.017730712890625
-0.209442138671875 -0.00891113281249996 0.0862274169921875 0.0285263061523437
-0.18084716796875 -0.127883911132812 0.079681396484375 0.0553207397460937
-0.0731353759765625 -0.210113525390625 0.0109329223632813 0.082763671875
0.152572631835938 -0.20428466796875 -0.0541572570800781 0.0608177185058594
0.252655029296875 -0.102279663085938 -0.0312690734863281 -0.0352973937988281
0.28662109375 0.051025390625 0.112930297851563 0.0204849243164063
0.156890869140625 0.121505737304688 0.29095458984375 -0.082611083984375
0.186172485351563 0.0683746337890625 0.27203369140625 -0.0304107666015625
0.214630126953125 -0.051177978515625 0.197189331054687 -0.030792236328125
0.093780517578125 -0.162460327148438 0.1529541015625 -0.072265625
-0.02764892578125 -0.159164428710938 0.0984039306640625 -0.081695556640625
-0.14288330078125 -0.0808868408203125 0.0513992309570312 -0.0773391723632813
-0.16412353515625 -0.00375366210937504 0.0598373413085937 -0.0620765686035156
-0.155624389648438 0.00325012207031253 0.0910720825195312 -0.0451812744140625
-0.18243408203125 0.025787353515625 0.121177673339844 -0.0401077270507813
-0.178421020507813 -0.0234222412109375 0.139312744140625 0.0214462280273438
-0.143630981445313 -0.125381469726563 0.119255065917969 0.0636825561523437
-0.0385894775390625 -0.18408203125 0.0367431640625 0.0980377197265625
0.155960083007812 -0.146774291992188 -0.0396614074707031 0.069244384765625
0.21722412109375 -0.031707763671875 0.0147438049316406 -0.0378074645996094
0.202621459960938 0.0955810546875 0.191390991210938 0.048736572265625
0.0154800415039062 0.119636535644531 0.33197021484375 -0.045013427734375
0.074676513671875 0.104759216308594 0.293701171875 -0.01507568359375
0.132606506347656 0.0322799682617187 0.1854248046875 -0.0196380615234375
0.0872116088867187 -0.0699539184570313 0.153640747070313 -0.041900634765625
0.011322021484375 -0.0951156616210938 0.114387512207031 -0.0504608154296875
-0.0760269165039063 -0.067352294921875 0.094696044921875 -0.06500244140625
-0.100883483886719 -0.0230712890625 0.107353210449219 -0.0736541748046875
-0.100296020507813 -0.0141067504882813 0.128585815429687 -0.0633392333984375
-0.125137329101563 -0.00104522705078125 0.165283203125 -0.05316162109375
-0.122764587402344 -0.0337600708007813 0.18133544921875 0.02191162109375
-0.0897750854492188 -0.105293273925781 0.148544311523438 0.0782470703125
-0.00430297851562499 -0.135604858398437 0.0539169311523438 0.118659973144531
0.136146545410156 -0.076263427734375 -0.0330657958984375 0.081787109375
0.150955200195312 0.0366058349609375 0.0485992431640625 -0.0250511169433594
0.09100341796875 0.125381469726563 0.238784790039063 0.088134765625
0.05718994140625 -0.110694885253906 -0.253173828125 -0.0785675048828126
-0.0703125 -0.0638427734375 -0.0688629150390625 0.015533447265625
-0.0756072998046875 0.0118179321289063 0.0463333129882812 -0.088409423828125
-0.0238037109375 0.0561943054199219 -0.0496826171875 -0.160476684570313
0.0211753845214844 0.0518989562988281 -0.155548095703125 -0.111114501953125
0.0529136657714844 0.0304336547851563 -0.204254150390625 -0.00946044921874996
0.04248046875 0.0240402221679688 -0.189193725585937 0.0769500732421875
0.0366744995117188 0.0254974365234375 -0.139541625976563 0.0828094482421875
0.0384292602539063 0.0357818603515625 -0.1180419921875 0.0836105346679688
0.00241851806640625 0.0526275634765625 -0.111854553222656 0.0638046264648437
-0.0472221374511719 0.0375823974609375 -0.111778259277344 0.0547943115234375
-0.0789566040039063 -0.0244522094726563 -0.1444091796875 0.037261962890625
-0.0343704223632813 -0.105087280273438 -0.187881469726562 0.006927490234375
0.0393218994140625 -0.135223388671875 -0.272537231445313 0.0226745605468749
0.113739013671875 -0.112144470214844 -0.326019287109375 0.014556884765625
0.179855346679687 -0.0980072021484375 -0.226715087890625 -0.122665405273438
0.0284957885742187 -0.104118347167969 -0.0585556030273437 -0.0131111145019531
-0.0155563354492188 -0.0771560668945313 0.0628204345703125 -0.0996780395507813
-0.0401687622070312 -0.0317573547363281 -0.03619384765625 -0.18011474609375
-0.0344982147216797 -0.00346755981445313 -0.147674560546875 -0.136962890625
-0.0280666351318359 0.0254764556884766 -0.212570190429688 -0.0258636474609375
-0.0343856811523438 0.0470161437988281 -0.1944580078125 0.069091796875
-0.0360069274902344 0.0408592224121094 -0.13330078125 0.0789566040039063
-0.0420303344726563 0.0549240112304687 -0.112228393554687 0.07763671875
-0.071533203125 0.0387954711914063 -0.100677490234375 0.0652313232421875
-0.0988540649414063 -0.0188064575195312 -0.0927658081054688 0.0556640625
-0.0820465087890625 -0.101982116699219 -0.124244689941406 0.0422515869140625
0.037689208984375 -0.167449951171875 -0.160324096679688 0.021209716796875
0.138626098632813 -0.165328979492188 -0.236953735351563 0.0251007080078125
0.227386474609375 -0.09649658203125 -0.27288818359375 0.00772094726562494
0.28076171875 -0.063201904296875 -0.1561279296875 -0.1566162109375
0.135482788085938 -0.12115478515625 -0.017333984375 -0.0401344299316406
0.0635833740234375 -0.156890869140625 0.0926971435546875 -0.105789184570313
-0.0407333374023438 -0.125144958496094 -0.00527954101562498 -0.19232177734375
-0.0811080932617187 -0.0691375732421875 -0.117507934570313 -0.159255981445312
-0.105361938476563 0.00946807861328127 -0.196121215820313 -0.04815673828125
-0.107093811035156 0.0594406127929687 -0.176101684570313 0.0498199462890625
-0.102706909179688 0.0499954223632812 -0.107017517089844 0.064483642578125
-0.113807678222656 0.0697097778320313 -0.0854949951171875 0.0633010864257813
-0.136146545410156 0.0307159423828125 -0.0685234069824219 0.0635490417480469
-0.147796630859375 -0.0589752197265625 -0.0579071044921875 0.0588722229003906
-0.0972137451171875 -0.157852172851562 -0.093902587890625 0.0542221069335938
0.0799713134765625 -0.21832275390625 -0.129501342773437 0.0384750366210937
0.203353881835938 -0.190353393554688 -0.188934326171875 0.0215606689453125
0.30389404296875 -0.078216552734375 -0.188812255859375 0.0056915283203125
0.3372802734375 -0.013397216796875 -0.0498046875 -0.170257568359375
0.224899291992187 -0.107437133789062 0.0493507385253906 -0.059326171875
0.1475830078125 -0.205215454101563 0.130485534667969 -0.101455688476563
-0.0202789306640625 -0.203994750976563 0.0400390625 -0.187164306640625
-0.107627868652344 -0.132194519042969 -0.0662841796875 -0.166778564453125
-0.165267944335938 -0.0157928466796875 -0.153289794921875 -0.0693359375
-0.1640625 0.059478759765625 -0.134185791015625 0.0209426879882813
-0.1534423828125 0.0516510009765625 -0.0654182434082031 0.0406074523925781
-0.168807983398438 0.07855224609375 -0.0428619384765625 0.0399169921875
-0.18255615234375 0.0261993408203125 -0.0224380493164063 0.0542640686035156
-0.183975219726563 -0.0843658447265625 -0.0137481689453125 0.0577011108398437
-0.110122680664062 -0.190231323242188 -0.0570526123046875 0.0648880004882812
0.102386474609375 -0.246810913085938 -0.0987396240234375 0.0507049560546875
0.236053466796875 -0.194717407226562 -0.136260986328125 0.00628662109374997
0.337249755859375 -0.052764892578125 -0.088592529296875 0.0046539306640625
0.33575439453125 0.039642333984375 0.0738983154296875 -0.162567138671875
0.270370483398437 -0.062957763671875 0.130470275878906 -0.0657958984375
0.21429443359375 -0.2022705078125 0.166259765625 -0.084381103515625
0.017364501953125 -0.243072509765625 0.08966064453125 -0.16180419921875
-0.10546875 -0.17620849609375 -0.00373840332031252 -0.155548095703125
-0.194198608398438 -0.0425872802734375 -0.090362548828125 -0.0836944580078125
-0.194900512695313 0.0489349365234375 -0.0752944946289063 -0.0108184814453125
-0.1806640625 0.0452423095703125 -0.0146236419677734 0.0110235214233399
-0.198959350585937 0.0760955810546875 0.00840854644775389 0.0111017227172852
-0.206192016601562 0.018218994140625 0.0313148498535156 0.0401077270507812
-0.1966552734375 -0.101577758789063 0.0338020324707031 0.0534553527832031
-0.106704711914063 -0.203292846679688 -0.0198745727539063 0.072509765625
0.120162963867187 -0.24298095703125 -0.07269287109375 0.0570144653320312
0.247390747070313 -0.169143676757813 -0.0844879150390625 -0.0152587890625
0.329803466796875 -0.015106201171875 0.0144815444946289 0.005096435546875
0.2730712890625 0.0847625732421875 0.191543579101563 -0.134750366210938
0.2564697265625 -0.0009307861328125 0.207412719726563 -0.058837890625
0.238906860351563 -0.147430419921875 0.189468383789063 -0.06103515625
0.0584259033203125 -0.227645874023438 0.129585266113281 -0.121391296386719
-0.076416015625 -0.18499755859375 0.05377197265625 -0.125595092773438
-0.185760498046875 -0.0632476806640625 -0.01910400390625 -0.0866012573242188
-0.193695068359375 0.0299835205078125 -0.00858688354492189 -0.0409889221191406
-0.180633544921875 0.03173828125 0.0388526916503906 -0.020965576171875
-0.201553344726563 0.0621490478515625 0.0632362365722656 -0.0191802978515625
-0.203689575195312 0.00555419921874997 0.0856857299804687 0.02459716796875
-0.184188842773438 -0.112106323242187 0.079254150390625 0.0510940551757812
-0.0836639404296875 -0.200164794921875 0.0135650634765625 0.080810546875
0.137039184570313 -0.209823608398438 -0.0520362854003906 0.0617027282714844
0.240066528320313 -0.11474609375 -0.0353889465332031 -0.0338172912597656
0.28399658203125 0.033355712890625 0.111129760742188 0.0137252807617188
0.1602783203125 0.11016845703125 0.279220581054688 -0.0966033935546875
0.1854248046875 0.0583343505859375 0.263748168945313 -0.0422210693359375
0.20758056640625 -0.063232421875 0.193756103515625 -0.0378875732421875
0.08209228515625 -0.163864135742188 0.150146484375 -0.0791168212890625
-0.035491943359375 -0.154541015625 0.0935745239257812 -0.08807373046875
-0.143783569335938 -0.0696258544921875 0.044464111328125 -0.079559326171875
-0.16046142578125 0.00704956054687498 0.0535507202148437 -0.0641708374023438
-0.151718139648437 0.012786865234375 0.0870208740234375 -0.0491104125976563
-0.174972534179688 0.0377655029296875 0.115859985351563 -0.0442047119140625
-0.174530029296875 -0.0105133056640625 0.13665771484375 0.0147628784179688
-0.147994995117188 -0.112518310546875 0.11834716796875 0.05657958984375
-0.0489501953125 -0.1776123046875 0.03985595703125 0.0942001342773437
0.144729614257813 -0.153823852539063 -0.0369186401367187 0.0692863464355469
0.209945678710937 -0.0436248779296875 0.0100326538085938 -0.0396766662597656
0.204315185546875 0.082183837890625 0.188522338867188 0.0369720458984375
0.0219039916992188 0.116371154785156 0.320953369140625 -0.062286376953125
0.0792007446289063 0.0995254516601563 0.28619384765625 -0.029876708984375
0.132560729980469 0.0232162475585938 0.182998657226563 -0.0266265869140625
0.0813980102539063 -0.0740509033203125 0.151626586914062 -0.0497589111328125
0.00637054443359375 -0.0941390991210938 0.11102294921875 -0.0573272705078125
-0.0779876708984375 -0.0605087280273438 0.0878753662109375 -0.07061767578125
-0.10089111328125 -0.0158157348632812 0.099456787109375 -0.07879638671875
-0.0998153686523437 -0.00772094726562499 0.1220703125 -0.0688323974609375
-0.1221923828125 0.00762939453125 0.157699584960937 -0.059661865234375
-0.122093200683594 -0.0242538452148438 0.177520751953125 0.012542724609375
-0.094818115234375 -0.096923828125 0.14739990234375 0.06903076171875
-0.0125045776367188 -0.133148193359375 0.0577011108398438 0.113204956054687
0.130157470703125 -0.0826950073242188 -0.029327392578125 0.0814590454101563
0.150177001953125 0.0277557373046875 0.0438308715820313 -0.0292930603027344
0.0963287353515625 0.117431640625 0.236907958984375 0.0720062255859375
0.048370361328125 -0.115966796875 -0.254547119140625 -0.058319091796875
-0.0742721557617188 -0.0572280883789063 -0.0640335083007813 0.0232429504394531
-0.0748367309570313 0.0184173583984375 0.0406494140625 -0.0918502807617188
-0.0199050903320313 0.0578269958496094 -0.05975341796875 -0.154998779296875
0.0254554748535156 0.0503463745117188 -0.160018920898438 -0.098052978515625
0.0562019348144531 0.0251922607421875 -0.20098876953125 0.00396728515625002
0.0456352233886719 0.0196647644042969 -0.179794311523438 0.08941650390625
0.0386428833007813 0.0210189819335938 -0.131103515625 0.0912628173828125
0.0410537719726563 0.0309638977050781 -0.109100341796875 0.091339111328125
0.00799560546875001 0.0503807067871094 -0.10546875 0.0721435546875
-0.0422325134277344 0.0410423278808594 -0.106971740722656 0.0630874633789063
-0.0800628662109375 -0.0169219970703125 -0.142684936523438 0.0477447509765625
-0.0428466796875 -0.101211547851563 -0.187973022460937 0.019378662109375
0.0276870727539062 -0.135719299316406 -0.266876220703125 0.0413970947265625
0.10516357421875 -0.120582580566406 -0.32061767578125 0.0386657714843749
0.170608520507813 -0.11248779296875 -0.232070922851562 -0.103652954101563
0.0205001831054688 -0.103782653808594 -0.0565147399902344 -0.00512313842773438
-0.0227279663085938 -0.0743408203125 0.0574569702148437 -0.103736877441406
-0.0428276062011719 -0.0267524719238281 -0.0474700927734375 -0.175323486328125
-0.0339317321777344 -2.47955322265682E-05 -0.155044555664063 -0.125381469726562
-0.0229320526123047 0.0275592803955078 -0.210281372070313 -0.0112152099609375
-0.0278739929199219 0.0493507385253906 -0.185134887695313 0.08251953125
-0.0315475463867188 0.0423583984375 -0.124557495117187 0.0865402221679688
-0.0353240966796875 0.0562515258789063 -0.103706359863281 0.0854415893554688
-0.0648117065429687 0.0430870056152344 -0.0938873291015625 0.07275390625
-0.0973281860351563 -0.00992584228515624 -0.0881576538085938 0.0625991821289063
-0.088958740234375 -0.0935440063476563 -0.122909545898438 0.051788330078125
0.02325439453125 -0.167816162109375 -0.160293579101563 0.0308990478515625
0.122634887695313 -0.172958374023438 -0.233489990234375 0.041290283203125
0.218826293945313 -0.113143920898438 -0.268585205078125 0.02801513671875
0.2724609375 -0.085357666015625 -0.164993286132812 -0.141815185546875
0.124473571777344 -0.127677917480469 -0.0185680389404297 -0.034536361694336
0.0493011474609375 -0.159561157226563 0.087249755859375 -0.111457824707031
-0.0501708984375 -0.118377685546875 -0.0164337158203125 -0.189834594726562
-0.0852203369140625 -0.0611648559570312 -0.127395629882812 -0.149490356445313
-0.100212097167969 0.017852783203125 -0.1966552734375 -0.0339813232421875
-0.0989913940429687 0.0671768188476563 -0.168716430664062 0.06207275390625
-0.0966339111328125 0.0569076538085937 -0.0996551513671875 0.0702743530273438
-0.104866027832031 0.0772476196289062 -0.0783767700195313 0.0696563720703125
-0.128738403320313 0.0404434204101562 -0.0620765686035156 0.0690231323242188
-0.148361206054688 -0.045135498046875 -0.05389404296875 0.0641136169433594
-0.10723876953125 -0.146820068359375 -0.0918121337890625 0.0613632202148437
0.060943603515625 -0.222198486328125 -0.128997802734375 0.0460968017578125
0.183609008789063 -0.202560424804688 -0.18634033203125 0.034454345703125
0.295135498046875 -0.100677490234375 -0.185623168945312 0.0200653076171875
0.332550048828125 -0.03973388671875 -0.0617828369140625 -0.163497924804687
0.213653564453125 -0.120376586914063 0.0450592041015625 -0.0582046508789063
0.128921508789062 -0.214218139648438 0.12518310546875 -0.109283447265625
-0.0355224609375 -0.198318481445312 0.0291748046875 -0.188690185546875
-0.116020202636719 -0.121902465820312 -0.0775604248046875 -0.162445068359375
-0.1610107421875 -0.00173950195312497 -0.156723022460938 -0.0577545166015625
-0.154953002929688 0.072174072265625 -0.130165100097656 0.0312728881835938
-0.146453857421875 0.0626678466796875 -0.0602836608886719 0.0439567565917969
-0.157196044921875 0.0904083251953125 -0.0384025573730469 0.0440597534179688
-0.174972534179688 0.04046630859375 -0.0174102783203125 0.0573310852050781
-0.185699462890625 -0.0668792724609375 -0.00992202758789064 0.0600814819335937
-0.12310791015625 -0.178207397460938 -0.0546913146972656 0.0689277648925781
0.081329345703125 -0.2510986328125 -0.0977096557617188 0.0562286376953125
0.215484619140625 -0.20965576171875 -0.135940551757812 0.0160293579101562
0.3304443359375 -0.077484130859375 -0.0870819091796875 0.0117263793945313
0.334625244140625 0.01287841796875 0.060394287109375 -0.1646728515625
0.261627197265625 -0.0801544189453125 0.123062133789063 -0.0707931518554688
0.195419311523437 -0.216339111328125 0.16265869140625 -0.09454345703125
-0.00128173828125001 -0.239151000976563 0.0811309814453125 -0.167938232421875
-0.1163330078125 -0.166229248046875 -0.0148162841796875 -0.1563720703125
-0.192535400390625 -0.026397705078125 -0.0959625244140625 -0.0758285522460938
-0.18621826171875 0.064300537109375 -0.075225830078125 -0.00447845458984374
-0.174285888671875 0.0591278076171875 -0.0120067596435547 0.0111713409423828
-0.187271118164063 0.0917205810546875 0.00994491577148436 0.0122594833374024
-0.198883056640625 0.0353240966796875 0.0340805053710937 0.0391349792480469
-0.199981689453125 -0.0825653076171875 0.0360260009765625 0.0518722534179687
-0.121536254882813 -0.19061279296875 -0.0172195434570313 0.0737152099609375
0.0989837646484375 -0.249481201171875 -0.0707473754882813 0.060943603515625
0.229019165039063 -0.185287475585938 -0.0874176025390625 -0.00930023193359376
0.32470703125 -0.03973388671875 0.0146055221557617 0.00458717346191406
0.276153564453125 0.0626678466796875 0.1785888671875 -0.146270751953125
0.252822875976563 -0.0176544189453125 0.199478149414063 -0.0700836181640625
0.224533081054688 -0.164031982421875 0.18634033203125 -0.0716552734375
0.04034423828125 -0.2276611328125 0.123184204101563 -0.130783081054688
-0.0888519287109375 -0.177474975585938 0.04461669921875 -0.130950927734375
-0.186187744140625 -0.047119140625 -0.0264739990234375 -0.0838775634765625
-0.1875 0.0462493896484375 -0.0120277404785156 -0.0391693115234375
-0.174911499023437 0.045623779296875 0.0378150939941406 -0.02386474609375
-0.191574096679688 0.0781097412109375 0.0614547729492187 -0.0215187072753906
-0.197967529296875 0.0229339599609375 0.0862655639648438 0.019927978515625
-0.189208984375 -0.0941925048828125 0.08026123046875 0.0464324951171875
-0.0983123779296875 -0.18988037109375 0.0169754028320313 0.0797271728515625
0.119247436523438 -0.218048095703125 -0.0493125915527344 0.0643157958984375
0.22637939453125 -0.130996704101562 -0.0404205322265625 -0.0315971374511719
0.283294677734375 0.0113525390625 0.109794616699219 0.00537872314453125
0.166412353515625 0.0968780517578125 0.267074584960938 -0.115447998046875
0.18768310546875 0.045745849609375 0.255355834960938 -0.0591583251953125
0.201202392578125 -0.0785064697265625 0.192169189453125 -0.04931640625
0.0684661865234375 -0.1673583984375 0.145980834960938 -0.0906524658203125
-0.046051025390625 -0.150833129882812 0.0871047973632813 -0.0968399047851563
-0.14617919921875 -0.05657958984375 0.0364151000976562 -0.0823974609375
-0.157440185546875 0.021453857421875 0.0473403930664063 -0.0669097900390625
-0.148956298828125 0.02520751953125 0.0826873779296875 -0.0543746948242188
-0.168075561523438 0.051788330078125 0.11053466796875 -0.0504302978515625
-0.17193603515625 0.00457763671875002 0.134849548339844 0.00609588623046875
-0.154586791992187 -0.0977783203125 0.119209289550781 0.0481338500976563
-0.06243896484375 -0.171340942382813 0.0442581176757812 0.0907211303710937
0.131454467773437 -0.1641845703125 -0.0331649780273437 0.0708541870117187
0.203201293945313 -0.058685302734375 0.00343322753906251 -0.040863037109375
0.20819091796875 0.0659027099609375 0.187759399414063 0.0221099853515625
0.0300827026367187 0.11370849609375 0.31097412109375 -0.0853271484375
0.08575439453125 0.0931015014648438 0.278488159179688 -0.04876708984375
0.133712768554688 0.0118255615234375 0.181228637695313 -0.0373687744140625
0.0744400024414063 -0.07977294921875 0.149887084960938 -0.06085205078125
-0.000785827636718758 -0.0943145751953125 0.106697082519531 -0.067291259765625
-0.0814285278320313 -0.0532455444335938 0.0800552368164063 -0.0771942138671875
-0.101631164550781 -0.00618743896484377 0.0905838012695313 -0.084930419921875
-0.0999374389648438 0.000823974609375012 0.115440368652344 -0.0766448974609375
-0.119461059570312 0.0178451538085937 0.151092529296875 -0.069091796875
-0.121780395507812 -0.0125503540039063 0.175811767578125 0.000595092773437499
-0.101799011230469 -0.0876617431640625 0.148681640625 0.058349609375
-0.0227508544921875 -0.131072998046875 0.0640945434570313 0.108016967773437
0.123329162597656 -0.0927276611328125 -0.0245895385742188 0.0820541381835938
0.1510009765625 0.016876220703125 0.0377120971679688 -0.0344123840332031
0.103889465332031 0.109054565429688 0.238021850585938 0.053314208984375
0.0350570678710938 -0.120368957519531 -0.25244140625 -0.032867431640625
-0.07806396484375 -0.0485916137695312 -0.0568885803222656 0.030731201171875
-0.07196044921875 0.0265960693359375 0.0329971313476563 -0.0938568115234375
-0.0146598815917969 0.0594139099121094 -0.0704803466796875 -0.145675659179688
0.030029296875 0.0476760864257812 -0.163818359375 -0.0811309814453125
0.0587539672851562 0.0179939270019531 -0.194183349609375 0.02032470703125
0.0474166870117188 0.0133247375488281 -0.165771484375 0.1026611328125
0.0396270751953125 0.0152931213378906 -0.118339538574219 0.100502014160156
0.0431175231933594 0.0239524841308594 -0.0969467163085938 0.0990829467773437
0.014312744140625 0.0470161437988281 -0.0957183837890625 0.0805511474609375
-0.0355567932128906 0.0441551208496094 -0.0993576049804687 0.0716705322265625
-0.0797042846679688 -0.00790405273437502 -0.137161254882813 0.0611038208007812
-0.0524215698242188 -0.093963623046875 -0.183761596679688 0.0352783203125
0.0133438110351562 -0.133895874023437 -0.256317138671875 0.0637664794921875
0.0915298461914062 -0.129005432128906 -0.308624267578125 0.0687255859374999
0.155426025390625 -0.128219604492188 -0.235458374023438 -0.0791015625000001
0.0102996826171875 -0.102249145507813 -0.0529708862304688 0.00355529785156249
-0.0306777954101563 -0.0686874389648438 0.048309326171875 -0.107009887695312
-0.0448226928710937 -0.0198822021484375 -0.0601348876953125 -0.167861938476562
-0.0322818756103516 0.00421333312988281 -0.162155151367188 -0.10845947265625
-0.0176906585693359 0.0287094116210938 -0.205032348632813 0.00741577148437499
-0.0202217102050781 0.0496978759765625 -0.171829223632812 0.0970916748046875
-0.0261192321777344 0.0432701110839844 -0.112541198730469 0.0948257446289062
-0.0280876159667969 0.05657958984375 -0.09197998046875 0.09344482421875
-0.0569610595703125 0.0471916198730469 -0.084197998046875 0.0804519653320313
-0.0930404663085938 0.000503540039062513 -0.0812301635742188 0.07012939453125
-0.0952072143554687 -0.0811691284179688 -0.117691040039063 0.0625762939453125
0.00553894042968749 -0.165191650390625 -0.156494140625 0.0443267822265625
0.101272583007813 -0.178817749023438 -0.223907470703125 0.0612945556640625
0.203399658203125 -0.132232666015625 -0.258804321289063 0.0531311035156249
0.257369995117188 -0.11102294921875 -0.174026489257812 -0.122406005859375
0.1090087890625 -0.134963989257813 -0.0198440551757812 -0.02801513671875
0.0310821533203125 -0.159774780273438 0.0780105590820313 -0.117416381835938
-0.06085205078125 -0.108726501464844 -0.03125 -0.1851806640625
-0.0883941650390625 -0.0509262084960938 -0.137748718261719 -0.135360717773438
-0.0935821533203125 0.0270462036132813 -0.19427490234375 -0.0154876708984375
-0.087188720703125 0.0745391845703125 -0.15753173828125 0.0762786865234375
-0.0876235961914063 0.0636749267578125 -0.0899658203125 0.0763015747070312
-0.0925827026367188 0.0843276977539062 -0.06884765625 0.075836181640625
-0.118850708007812 0.0516891479492188 -0.0533676147460938 0.0741195678710937
-0.146209716796875 -0.0281829833984375 -0.0475196838378906 0.0686721801757813
-0.118423461914063 -0.131523132324219 -0.0871505737304688 0.0698089599609375
0.0371856689453125 -0.221649169921875 -0.124977111816406 0.0558547973632813
0.157623291015625 -0.212600708007813 -0.179855346679688 0.050750732421875
0.27880859375 -0.126083374023438 -0.179367065429687 0.0375518798828125
0.3204345703125 -0.071380615234375 -0.07568359375 -0.153289794921875
0.196914672851563 -0.135650634765625 0.0394363403320313 -0.0566291809082031
0.103973388671875 -0.220733642578125 0.11572265625 -0.118034362792969
-0.053680419921875 -0.187637329101563 0.0140228271484375 -0.188095092773438
-0.124313354492188 -0.108108520507813 -0.0903472900390625 -0.153167724609375
-0.154403686523438 0.0142669677734375 -0.15802001953125 -0.041748046875
-0.141555786132813 0.0860748291015625 -0.122932434082031 0.0428314208984375
-0.135528564453125 0.074310302734375 -0.0536270141601563 0.0475082397460938
-0.142059326171875 0.102615356445313 -0.0322456359863281 0.0477981567382813
-0.16357421875 0.0561981201171875 -0.010498046875 0.0586967468261719
-0.18505859375 -0.0455780029296875 -0.00534820556640626 0.0612907409667969
-0.13616943359375 -0.160491943359375 -0.0496749877929688 0.0743331909179687
0.053680419921875 -0.252548217773438 -0.093963623046875 0.0633468627929687
0.1876220703125 -0.223480224609375 -0.133468627929688 0.0285110473632812
0.31536865234375 -0.107391357421875 -0.084320068359375 0.0198974609375
0.3275146484375 -0.01959228515625 0.0434112548828125 -0.165130615234375
0.247390747070313 -0.100265502929688 0.11407470703125 -0.0766143798828125
0.169708251953125 -0.229293823242187 0.153533935546875 -0.106292724609375
-0.0236663818359375 -0.231201171875 0.0666961669921875 -0.172470092773438
-0.12872314453125 -0.150558471679687 -0.02886962890625 -0.15313720703125
-0.187057495117187 -0.00630187988281252 -0.101318359375 -0.0652923583984375
-0.173126220703125 0.081390380859375 -0.0732192993164063 0.00313568115234377
-0.162857055664063 0.0740509033203125 -0.00988292694091798 0.0111360549926758
-0.170684814453125 0.107162475585937 0.0120830535888672 0.012725830078125
-0.186935424804688 0.05474853515625 0.0374374389648437 0.0367546081542969
-0.20074462890625 -0.0587615966796875 0.0386543273925781 0.0494041442871094
-0.135971069335938 -0.173141479492187 -0.0128555297851563 0.07476806640625
0.071197509765625 -0.252273559570313 -0.0665130615234375 0.0654678344726562
0.202728271484375 -0.20086669921875 -0.0883941650390625 -0.000885009765625011
0.31365966796875 -0.06976318359375 0.0141372680664063 0.00315475463867187
0.274734497070313 0.034637451171875 0.159225463867188 -0.1580810546875
0.244857788085937 -0.038909912109375 0.1876220703125 -0.0828094482421875
0.20330810546875 -0.181259155273437 0.179290771484375 -0.0858154296875
0.0178680419921875 -0.223800659179688 0.111236572265625 -0.140533447265625
-0.103179931640625 -0.164703369140625 0.0311431884765625 -0.13427734375
-0.183944702148438 -0.027191162109375 -0.034149169921875 -0.0789794921875
-0.176467895507812 0.0644683837890625 -0.0153732299804688 -0.0363960266113281
-0.165679931640625 0.061248779296875 0.0354766845703125 -0.0268440246582031
-0.176513671875 0.0950469970703125 0.0584945678710937 -0.0247268676757812
-0.187957763671875 0.043060302734375 0.08636474609375 0.0133819580078125
-0.192337036132813 -0.07122802734375 0.0809783935546875 0.039154052734375
-0.11419677734375 -0.174819946289063 0.021636962890625 0.07708740234375
0.0943603515625 -0.224655151367188 -0.0448455810546875 0.06683349609375
0.205841064453125 -0.147842407226563 -0.0455055236816406 -0.0271339416503906
0.277969360351563 -0.01593017578125 0.106849670410156 -0.004974365234375
0.171401977539062 0.0792694091796875 0.248626708984375 -0.137100219726563
0.187347412109375 0.0283660888671875 0.242279052734375 -0.078704833984375
0.188949584960937 -0.096160888671875 0.186187744140625 -0.06427001953125
0.0512237548828125 -0.169265747070312 0.13702392578125 -0.103240966796875
-0.0595245361328125 -0.143600463867188 0.0756149291992188 -0.104606628417969
-0.146163940429688 -0.0403594970703125 0.026702880859375 -0.0834274291992187
-0.15081787109375 0.0377655029296875 0.038909912109375 -0.0692863464355469
-0.142776489257813 0.039703369140625 0.0758514404296875 -0.0608749389648438
-0.157073974609375 0.0675201416015625 0.1031494140625 -0.0572357177734375
-0.16497802734375 0.0231781005859375 0.132537841796875 -0.0047607421875
-0.15997314453125 -0.07867431640625 0.118965148925781 0.037567138671875
-0.07794189453125 -0.160369873046875 0.0501022338867187 0.0847396850585937
0.112518310546875 -0.173202514648438 -0.0284500122070313 0.0716323852539062
0.191757202148438 -0.075836181640625 -0.00407028198242186 -0.0406608581542969
0.209442138671875 0.0443878173828125 0.184173583984375 0.0040130615234375
0.0395736694335937 0.1080322265625 0.293304443359375 -0.111114501953125
0.0934066772460938 0.0832748413085938 0.265914916992188 -0.0715484619140625
0.133293151855469 -0.0021514892578125 0.176132202148438 -0.051544189453125
0.0648422241210938 -0.0852279663085938 0.143295288085938 -0.0746002197265625
-0.00985717773437501 -0.0930557250976563 0.0986328125 -0.077392578125
-0.084686279296875 -0.0430679321289063 0.069580078125 -0.0828704833984375
-0.100090026855469 0.00559997558593751 0.0795059204101563 -0.0912322998046875
-0.0976638793945313 0.0115203857421875 0.104988098144531 -0.08538818359375
-0.114364624023438 0.029937744140625 0.140342712402344 -0.0796127319335938
-0.119651794433594 0.000579833984375014 0.170974731445313 -0.0141448974609375
-0.108413696289063 -0.0747604370117188 0.148513793945313 0.044403076171875
-0.0353164672851562 -0.125259399414063 0.0707931518554688 0.100135803222656
0.112617492675781 -0.103256225585937 -0.018798828125 0.0818557739257813
0.149124145507813 0.002105712890625 0.0300102233886719 -0.0376663208007813
0.111717224121094 0.0967636108398438 0.235076904296875 0.029754638671875
0.0203933715820313 -0.119354248046875 -0.24200439453125 -0.00727844238281249
-0.0780868530273438 -0.03802490234375 -0.0473785400390625 0.0360145568847656
-0.0659866333007812 0.0337867736816406 0.0240402221679687 -0.0930328369140625
-0.00874328613281251 0.059326171875 -0.0783920288085938 -0.132743835449219
0.0341377258300781 0.043304443359375 -0.160293579101563 -0.0630340576171875
0.0580558776855469 0.0096435546875 -0.18157958984375 0.0348358154296875
0.0473289489746094 0.0062103271484375 -0.146652221679688 0.111587524414062
0.03863525390625 0.0095367431640625 -0.102676391601563 0.105133056640625
0.0426521301269531 0.0168685913085938 -0.0818862915039062 0.103118896484375
0.0193328857421875 0.0413246154785156 -0.0828094482421875 0.0858001708984375
-0.0275497436523437 0.0453681945800781 -0.0885238647460937 0.0777664184570313
-0.0765380859375 0.000938415527343759 -0.126907348632812 0.0714187622070313
-0.0593185424804688 -0.0826873779296875 -0.172607421875 0.049468994140625
-0.000396728515625013 -0.127288818359375 -0.236190795898438 0.08160400390625
0.0746688842773438 -0.132850646972656 -0.28509521484375 0.09417724609375
0.13372802734375 -0.138595581054688 -0.229766845703125 -0.0520782470703125
0.000190734863281257 -0.09698486328125 -0.0462417602539062 0.0108451843261719
-0.036376953125 -0.060821533203125 0.0383224487304688 -0.107017517089844
-0.0444068908691406 -0.0125389099121094 -0.0701141357421875 -0.155014038085938
-0.0293102264404297 0.00820350646972656 -0.162841796875 -0.088836669921875
-0.0121688842773437 0.0276451110839844 -0.193359375 0.0241851806640625
-0.0131416320800781 0.0475387573242188 -0.152420043945313 0.107269287109375
-0.0204887390136719 0.0426177978515625 -0.0973892211914062 0.0991439819335938
-0.02032470703125 0.0545768737792969 -0.07733154296875 0.0967559814453125
-0.0472793579101563 0.048492431640625 -0.0715484619140625 0.0845489501953125
-0.0860137939453125 0.00971221923828127 -0.0715408325195312 0.0751571655273437
-0.0977554321289062 -0.0672988891601563 -0.108818054199219 0.0716171264648438
-0.0113983154296875 -0.155929565429687 -0.147109985351563 0.05645751953125
0.0776824951171875 -0.176651000976563 -0.207000732421875 0.07745361328125
0.180343627929688 -0.145660400390625 -0.240005493164062 0.0746917724609374
0.2332763671875 -0.131195068359375 -0.176177978515625 -0.0989837646484375
0.0912704467773438 -0.136848449707031 -0.0191593170166016 -0.0213794708251953
0.013671875 -0.153411865234375 0.0662460327148438 -0.119216918945313
-0.0677032470703125 -0.0954055786132812 -0.044036865234375 -0.17413330078125
-0.0883102416992187 -0.0389862060546875 -0.14263916015625 -0.117294311523438
-0.0836639404296875 0.033966064453125 -0.184967041015625 0.00193786621093753
-0.0734939575195312 0.0782623291015625 -0.141021728515625 0.0859222412109375
-0.0764617919921875 0.0681228637695312 -0.077728271484375 0.0797653198242188
-0.0779495239257813 0.0871429443359375 -0.0567855834960938 0.0785903930664062
-0.1044921875 0.0590744018554688 -0.0433502197265625 0.0756607055664063
-0.138534545898438 -0.0123291015625 -0.0395965576171875 0.0708770751953125
-0.124732971191406 -0.112548828125 -0.0793304443359375 0.0755691528320313
0.013427734375 -0.212371826171875 -0.116752624511719 0.0645370483398438
0.12774658203125 -0.214004516601563 -0.167465209960938 0.0637664794921875
0.253692626953125 -0.147064208984375 -0.166275024414062 0.0518798828125
0.296875 -0.0994873046875 -0.0862503051757812 -0.137420654296875
0.173904418945313 -0.1453857421875 0.0331840515136719 -0.0534706115722656
0.0764923095703125 -0.21795654296875 0.103134155273437 -0.123001098632813
-0.0684967041015625 -0.170623779296875 -0.00128173828124999 -0.181869506835938
-0.1273193359375 -0.0902099609375 -0.100006103515625 -0.138870239257813
-0.142059326171875 0.02789306640625 -0.153213500976563 -0.0252838134765625
-0.1234130859375 0.0946044921875 -0.111412048339844 0.0515670776367188
-0.120872497558594 0.0827713012695313 -0.0456008911132813 0.0483360290527344
-0.122177124023437 0.10980224609375 -0.024261474609375 0.0492057800292969
-0.145980834960938 0.068572998046875 -0.00368881225585938 0.058074951171875
-0.1767578125 -0.0246429443359375 -0.000144958496093762 0.059722900390625
-0.143417358398438 -0.137863159179687 -0.0436553955078125 0.0765457153320313
0.02618408203125 -0.243209838867188 -0.0863800048828125 0.0690841674804688
0.15472412109375 -0.226425170898438 -0.126068115234375 0.0391082763671875
0.289276123046875 -0.13214111328125 -0.0781021118164063 0.026885986328125
0.308441162109375 -0.049896240234375 0.024444580078125 -0.15997314453125
0.22564697265625 -0.115692138671875 0.101341247558594 -0.0786361694335938
0.138687133789063 -0.23309326171875 0.140083312988281 -0.114547729492188
-0.04327392578125 -0.215576171875 0.0506134033203125 -0.171661376953125
-0.13616943359375 -0.131355285644531 -0.041900634765625 -0.144607543945313
-0.175155639648438 0.0121002197265625 -0.101661682128906 -0.0524673461914062
-0.153564453125 0.0941619873046875 -0.0685081481933594 0.00999069213867188
-0.146499633789063 0.0855560302734375 -0.00777530670166016 0.0107955932617188
-0.14874267578125 0.117034912109375 0.0138263702392578 0.0124416351318359
-0.168838500976563 0.069427490234375 0.0396003723144531 0.0328445434570313
-0.193603515625 -0.035430908203125 0.0403900146484375 0.044891357421875
-0.14501953125 -0.150115966796875 -0.00762176513671876 0.0737533569335937
0.04266357421875 -0.245529174804688 -0.0605659484863281 0.0684928894042969
0.171340942382812 -0.207000732421875 -0.086395263671875 0.00750732421874997
0.291412353515625 -0.096282958984375 0.0129919052124024 0.00207901000976562
0.263656616210938 0.0070037841796875 0.135055541992188 -0.163528442382813
0.22857666015625 -0.057708740234375 0.16943359375 -0.0923004150390625
0.175689697265625 -0.190872192382813 0.165496826171875 -0.0970916748046875
-0.00408935546874999 -0.213027954101563 0.095245361328125 -0.145248413085938
-0.113616943359375 -0.147293090820313 0.0167007446289062 -0.132270812988281
-0.174880981445313 -0.00753784179687499 -0.0399627685546875 -0.0712661743164063
-0.159088134765625 0.0790252685546875 -0.0181732177734375 -0.0330448150634766
-0.150421142578125 0.0749359130859375 0.0318202972412109 -0.029510498046875
-0.155609130859375 0.10693359375 0.0545120239257813 -0.0272865295410156
-0.170989990234375 0.05926513671875 0.083770751953125 0.00618743896484375
-0.187454223632813 -0.04833984375 0.0794525146484375 0.031585693359375
-0.124588012695313 -0.153427124023437 0.0250473022460937 0.072601318359375
0.0672607421875 -0.22137451171875 -0.0396804809570312 0.0676765441894531
0.179946899414063 -0.158416748046875 -0.0486793518066406 -0.0212860107421875
0.262252807617188 -0.04168701171875 0.099639892578125 -0.0146713256835938
0.169036865234375 0.0594940185546875 0.22088623046875 -0.151840209960938
0.180145263671875 0.0106353759765625 0.221176147460937 -0.09320068359375
0.171279907226563 -0.109909057617188 0.173736572265625 -0.0767822265625
0.0325927734375 -0.164566040039063 0.122200012207031 -0.111953735351563
-0.0701065063476563 -0.13128662109375 0.062225341796875 -0.107734680175781
-0.141326904296875 -0.023895263671875 0.0170440673828125 -0.0814743041992188
-0.137359619140625 0.0515823364257813 0.0302238464355469 -0.0685806274414063
-0.130950927734375 0.051605224609375 0.0666961669921875 -0.0652809143066406
-0.14111328125 0.0797576904296875 0.0930404663085937 -0.0621871948242187
-0.152114868164063 0.03863525390625 0.125572204589844 -0.014923095703125
-0.158447265625 -0.0578155517578125 0.114906311035156 0.0260848999023437
-0.089691162109375 -0.143753051757812 0.0531158447265625 0.0767135620117188
0.0899505615234375 -0.1756591796875 -0.0232391357421875 0.0707321166992187
0.173629760742187 -0.0883331298828125 -0.011077880859375 -0.0383567810058594
0.202835083007813 0.022247314453125 0.17364501953125 -0.013519287109375
0.04742431640625 0.0995330810546875 0.265975952148438 -0.131881713867188
0.0963897705078125 0.0710296630859375 0.244354248046875 -0.089691162109375
0.126564025878906 -0.015411376953125 0.164596557617188 -0.06329345703125
0.0536575317382812 -0.0871200561523438 0.130645751953125 -0.0854644775390625
-0.0184097290039062 -0.088348388671875 0.08660888671875 -0.084014892578125
-0.0842437744140625 -0.031951904296875 0.0574951171875 -0.0849456787109375
-0.0937576293945313 0.01678466796875 0.0654067993164063 -0.0936126708984375
-0.0919876098632813 0.0213088989257813 0.0917282104492187 -0.0904159545898437
-0.105186462402344 0.0406646728515625 0.125823974609375 -0.0870437622070313
-0.112525939941406 0.0129547119140625 0.160614013671875 -0.027313232421875
-0.110023498535156 -0.0593643188476563 0.14373779296875 0.0301361083984375
-0.0466232299804688 -0.115470886230469 0.0746307373046875 0.08929443359375
0.0974044799804688 -0.109588623046875 -0.0128631591796875 0.079559326171875
0.141632080078125 -0.0113983154296875 0.0214920043945313 -0.0389060974121094
0.114730834960937 0.0807037353515625 0.224746704101563 0.00617980957031251
0.00943756103515625 -0.113548278808594 -0.22607421875 0.0106353759765625
-0.0758743286132813 -0.0300064086914063 -0.0381011962890625 0.0379180908203125
-0.0594749450683594 0.0380172729492187 0.0173492431640625 -0.089569091796875
-0.00366973876953125 0.0573196411132813 -0.080352783203125 -0.1195068359375
0.035980224609375 0.038543701171875 -0.152816772460938 -0.0489501953125
0.0559501647949219 0.00369644165039062 -0.167251586914062 0.0420989990234375
0.0446281433105469 0.000171661376953125 -0.129508972167969 0.112983703613281
0.0365791320800781 0.00531768798828125 -0.0887908935546875 0.104080200195312
0.0401763916015625 0.0109939575195313 -0.0689926147460937 0.101119995117188
0.0215415954589844 0.0351753234863281 -0.0718002319335938 0.085693359375
-0.0212860107421875 0.0440254211425781 -0.0787506103515625 0.0789337158203125
-0.0711288452148438 0.00733184814453125 -0.114974975585938 0.0764389038085937
-0.0615310668945313 -0.0718154907226562 -0.158447265625 0.0573272705078125
-0.00927734374999999 -0.118179321289062 -0.214767456054688 0.090179443359375
0.0594711303710937 -0.129997253417969 -0.259017944335938 0.10791015625
0.113121032714844 -0.139328002929688 -0.218170166015625 -0.0324554443359375
-0.00706481933593751 -0.090362548828125 -0.0398101806640625 0.0152816772460937
-0.0388412475585938 -0.0525016784667969 0.0310287475585937 -0.103431701660156
-0.0420951843261719 -0.00711822509765624 -0.07403564453125 -0.1412353515625
-0.0263080596923828 0.0103435516357422 -0.156784057617188 -0.07342529296875
-0.00768280029296875 0.0256271362304688 -0.178390502929688 0.03387451171875
-0.0071868896484375 0.0437736511230469 -0.134712219238281 0.109199523925781
-0.0158424377441406 0.0399513244628906 -0.0848541259765625 0.0982818603515625
-0.0149421691894531 0.050262451171875 -0.0651397705078125 0.095703125
-0.0387763977050781 0.0465774536132813 -0.0612564086914062 0.0839767456054688
-0.0772476196289063 0.0144805908203125 -0.0626220703125 0.0757980346679688
-0.0950851440429688 -0.0544357299804687 -0.0994186401367188 0.075958251953125
-0.022308349609375 -0.143310546875 -0.135734558105469 0.0621261596679687
0.0594482421875 -0.168548583984375 -0.188186645507813 0.0846099853515625
0.158035278320313 -0.149398803710938 -0.2186279296875 0.086273193359375
0.206878662109375 -0.13970947265625 -0.17193603515625 -0.0800628662109375
0.0754776000976563 -0.132820129394531 -0.0170688629150391 -0.016047477722168
0.00137329101562501 -0.143020629882812 0.0565032958984375 -0.116928100585938
-0.069000244140625 -0.082427978515625 -0.05059814453125 -0.161483764648437
-0.08453369140625 -0.0296173095703125 -0.14080810546875 -0.101165771484375
-0.0730819702148437 0.03704833984375 -0.172561645507812 0.0135650634765625
-0.0606689453125 0.07708740234375 -0.124961853027344 0.0890579223632813
-0.06591796875 0.0678062438964844 -0.0667953491210938 0.077850341796875
-0.065338134765625 0.0850143432617188 -0.0463180541992187 0.0772323608398438
-0.0907669067382812 0.0609817504882813 -0.0344085693359375 0.074249267578125
-0.12762451171875 -0.00191497802734375 -0.0329856872558594 0.0696754455566406
-0.122726440429688 -0.0957183837890625 -0.0711822509765625 0.0781097412109375
-0.00282287597656251 -0.197723388671875 -0.107322692871094 0.0687484741210938
0.102981567382813 -0.206253051757812 -0.152755737304688 0.07025146484375
0.226058959960937 -0.155517578125 -0.151626586914063 0.0601348876953125
0.269424438476563 -0.114410400390625 -0.0906448364257812 -0.120826721191406
0.152511596679688 -0.146072387695313 0.0290946960449219 -0.0486183166503906
0.0560455322265625 -0.208694458007813 0.0915069580078125 -0.122528076171875
-0.0750579833984375 -0.153076171875 -0.011016845703125 -0.17132568359375
-0.125099182128906 -0.0748138427734375 -0.102615356445313 -0.124183654785156
-0.128128051757813 0.0354461669921875 -0.144241333007813 -0.014373779296875
-0.105743408203125 0.0966262817382813 -0.100265502929688 0.05523681640625
-0.10614013671875 0.0853958129882813 -0.0391464233398438 0.0469207763671875
-0.104484558105469 0.109786987304687 -0.0181655883789063 0.0480995178222656
-0.128334045410156 0.0729827880859375 0.0011138916015625 0.0550079345703125
-0.16436767578125 -0.0104522705078125 0.00297927856445312 0.057342529296875
-0.142807006835938 -0.117904663085937 -0.03802490234375 0.0765762329101563
0.00674438476562499 -0.227783203125 -0.0794830322265625 0.070831298828125
0.127212524414063 -0.219741821289062 -0.116424560546875 0.0448226928710938
0.26104736328125 -0.14385986328125 -0.0718307495117187 0.0306167602539062
0.283538818359375 -0.0679931640625 0.0105438232421875 -0.149322509765625
0.202545166015625 -0.121810913085938 0.089996337890625 -0.0761947631835938
0.113250732421875 -0.226776123046875 0.126518249511719 -0.116477966308594
-0.05523681640625 -0.196197509765625 0.03790283203125 -0.166015625
-0.136039733886719 -0.112586975097656 -0.0494842529296875 -0.134117126464844
-0.160491943359375 0.023223876953125 -0.0983428955078125 -0.0418472290039062
-0.134300231933594 0.0988845825195313 -0.0627212524414063 0.0139045715332031
-0.130058288574219 0.0894775390625 -0.00585460662841798 0.00892829895019532
-0.128646850585938 0.1195068359375 0.0155391693115234 0.0114431381225586
-0.149215698242188 0.0764312744140625 0.0399742126464844 0.02886962890625
-0.180709838867188 -0.01849365234375 0.0399322509765625 0.0410957336425781
-0.145156860351562 -0.129318237304688 -0.00471496582031251 0.0718307495117187
0.022430419921875 -0.231658935546875 -0.0547294616699219 0.06939697265625
0.144393920898438 -0.202392578125 -0.0823593139648437 0.0133056640625
0.264694213867188 -0.110275268554688 0.011662483215332 0.000987052917480462
0.245376586914062 -0.01171875 0.113189697265625 -0.16058349609375
0.209335327148438 -0.06756591796875 0.151626586914063 -0.0934600830078125
0.150863647460938 -0.190902709960937 0.151153564453125 -0.101715087890625
-0.017852783203125 -0.197402954101563 0.0808258056640625 -0.143630981445313
-0.116363525390625 -0.129501342773438 0.0060272216796875 -0.126274108886719
-0.161087036132812 0.00514221191406247 -0.0423202514648438 -0.0633888244628906
-0.1405029296875 0.085723876953125 -0.0191802978515625 -0.0288906097412109
-0.134231567382813 0.0803146362304687 0.027618408203125 -0.0305652618408203
-0.135223388671875 0.110671997070313 0.04986572265625 -0.0280075073242187
-0.1517333984375 0.06732177734375 0.0792465209960938 0.0015869140625
-0.176742553710938 -0.0302734375 0.0759506225585937 0.0257644653320312
-0.126663208007812 -0.133430480957031 0.026153564453125 0.0678482055664062
0.0465087890625 -0.21112060546875 -0.0353775024414063 0.0672035217285156
0.155670166015625 -0.15777587890625 -0.0498771667480469 -0.0156593322753906
0.241592407226563 -0.0577850341796875 0.0909805297851563 -0.0197067260742188
0.161727905273437 0.0443572998046875 0.194107055664062 -0.154769897460937
0.169448852539063 -0.000823974609375 0.199203491210938 -0.09820556640625
0.152511596679687 -0.114898681640625 0.159469604492188 -0.08251953125
0.0191802978515625 -0.155349731445312 0.108360290527344 -0.114273071289063
-0.0748214721679688 -0.117698669433594 0.05084228515625 -0.1065673828125
-0.132331848144531 -0.011383056640625 0.009918212890625 -0.0766067504882813
-0.123069763183594 0.059600830078125 0.02288818359375 -0.0659446716308594
-0.118637084960938 0.0584869384765625 0.0579452514648437 -0.0655250549316406
-0.123825073242188 0.0851287841796875 0.083526611328125 -0.062774658203125
-0.137054443359375 0.0472946166992187 0.116477966308594 -0.0211944580078125
-0.15130615234375 -0.041534423828125 0.108016967773437 0.01806640625
-0.0937347412109375 -0.127372741699219 0.0527534484863281 0.0699996948242187
0.0710906982421875 -0.170928955078125 -0.0198593139648438 0.0687026977539062
0.155548095703125 -0.0936431884765625 -0.0158233642578125 -0.0343132019042969
0.190582275390625 0.0062255859375 0.159515380859375 -0.0237579345703125
0.050750732421875 0.0899429321289063 0.237747192382813 -0.139785766601563
0.095245361328125 0.060028076171875 0.220932006835938 -0.0981903076171875
0.118125915527344 -0.0248031616210937 0.15130615234375 -0.0688629150390625
0.043426513671875 -0.085205078125 0.117820739746094 -0.0896148681640625
-0.0240707397460938 -0.0815963745117188 0.0751953125 -0.0861663818359375
-0.0804595947265625 -0.0234527587890625 0.0469970703125 -0.0830764770507813
-0.0857620239257813 0.0239181518554688 0.0538711547851562 -0.0911483764648438
-0.0843887329101563 0.0276870727539062 0.079254150390625 -0.0905685424804688
-0.0946807861328125 0.0464935302734375 0.111862182617188 -0.088348388671875
-0.103057861328125 0.0213394165039063 0.148178100585938 -0.035064697265625
-0.107559204101563 -0.0468902587890625 0.135124206542969 0.0200958251953125
-0.05194091796875 -0.104606628417969 0.07415771484375 0.0791702270507813
0.0834274291992188 -0.110801696777344 -0.009429931640625 0.0758514404296875
0.131828308105469 -0.0201339721679687 0.0135307312011719 -0.0373191833496094
0.112869262695313 0.0675201416015625 0.208023071289063 -0.0093231201171875
0.0020751953125 -0.107650756835938 -0.211212158203125 0.020599365234375
-0.072967529296875 -0.0244903564453125 -0.031158447265625 0.0373649597167969
-0.0533943176269531 0.0393829345703125 0.01409912109375 -0.0857162475585938
4.57763671875056E-05 0.0555801391601562 -0.07867431640625 -0.110855102539063
0.0364913940429688 0.0350570678710938 -0.144149780273438 -0.041168212890625
0.0528411865234375 -0.000667572021484375 -0.156036376953125 0.044830322265625
0.0417442321777344 -0.0039215087890625 -0.116676330566406 0.110305786132812
0.0337734222412109 0.00236892700195313 -0.0798187255859375 0.101234436035156
0.0368156433105469 0.007080078125 -0.0600433349609375 0.0974578857421875
0.0219955444335938 0.0295486450195313 -0.0640487670898438 0.0839691162109375
-0.0162811279296875 0.0411872863769531 -0.0718612670898437 0.0788726806640625
-0.0663795471191406 0.011138916015625 -0.106925964355469 0.0779266357421875
-0.0611953735351562 -0.0639266967773438 -0.147293090820312 0.059112548828125
-0.0139923095703125 -0.109634399414063 -0.198089599609375 0.0912933349609375
0.048980712890625 -0.125404357910156 -0.237060546875 0.11181640625
0.0985031127929687 -0.13714599609375 -0.206298828125 -0.019439697265625
-0.0109024047851563 -0.0836944580078125 -0.0340423583984375 0.0173625946044922
-0.0391960144042969 -0.0468597412109375 0.0268783569335938 -0.100013732910156
-0.0390968322753906 -0.00251770019531251 -0.0738983154296875 -0.131523132324219
-0.0227870941162109 0.0117568969726563 -0.149932861328125 -0.0638885498046875
-0.00426101684570313 0.0228824615478516 -0.16632080078125 0.03765869140625
-0.00388336181640625 0.0391578674316406 -0.121841430664062 0.107429504394531
-0.0133476257324219 0.0371437072753906 -0.0756454467773438 0.0948028564453125
-0.0116348266601562 0.0463600158691406 -0.05645751953125 0.0924072265625
-0.0328598022460938 0.0434494018554688 -0.0535888671875 0.0821762084960938
-0.0697555541992188 0.0170097351074219 -0.05694580078125 0.0748748779296875
-0.0913619995117188 -0.04608154296875 -0.0918350219726562 0.0770187377929688
-0.027496337890625 -0.131942749023438 -0.126373291015625 0.06329345703125
0.0481414794921875 -0.1593017578125 -0.173980712890625 0.0857696533203125
0.140594482421875 -0.14752197265625 -0.201522827148437 0.0902862548828125
0.187210083007812 -0.141433715820312 -0.165359497070313 -0.065765380859375
0.0646820068359375 -0.126754760742188 -0.0139255523681641 -0.0115413665771484
-0.00537109375000001 -0.133689880371094 0.0509033203125 -0.113777160644531
-0.0679397583007812 -0.0723800659179688 -0.0527496337890625 -0.151824951171875
-0.080047607421875 -0.02374267578125 -0.136665344238281 -0.090606689453125
-0.06494140625 0.0366554260253906 -0.1610107421875 0.01861572265625
-0.0515289306640625 0.07373046875 -0.113563537597656 0.0879135131835938
-0.0586280822753906 0.0658493041992188 -0.0596389770507813 0.0749435424804688
-0.056671142578125 0.0810317993164063 -0.0394210815429688 0.07470703125
-0.0804595947265625 0.0592269897460938 -0.02880859375 0.0721664428710938
-0.117668151855469 0.00366210937499998 -0.0293159484863281 0.06854248046875
-0.118682861328125 -0.08367919921875 -0.0661773681640625 0.0783004760742188
-0.01190185546875 -0.184173583984375 -0.100196838378906 0.0693283081054687
0.0864715576171875 -0.195892333984375 -0.141571044921875 0.071136474609375
0.20477294921875 -0.156570434570313 -0.140243530273438 0.0629806518554688
0.246749877929688 -0.119338989257813 -0.0912017822265625 -0.107948303222656
0.1370849609375 -0.142135620117188 0.027313232421875 -0.0432014465332031
0.04302978515625 -0.197921752929688 0.0838241577148438 -0.120414733886719
-0.076690673828125 -0.138633728027344 -0.015716552734375 -0.163330078125
-0.120567321777344 -0.0641708374023438 -0.101829528808594 -0.11370849609375
-0.116157531738281 0.0380020141601563 -0.136062622070313 -0.00751495361328124
-0.09259033203125 0.0944900512695312 -0.0913772583007812 0.0558090209960938
-0.09552001953125 0.0841751098632812 -0.0346832275390625 0.0443534851074219
-0.0912857055664063 0.106040954589844 -0.0137672424316406 0.04632568359375
-0.114654541015625 0.0727005004882812 0.00440597534179687 0.0526618957519531
-0.152481079101563 -0.00251770019531252 0.00445938110351562 0.0554275512695313
-0.138626098632813 -0.103546142578125 -0.0347442626953125 0.0758132934570313
-0.00428771972656252 -0.21319580078125 -0.0738677978515625 0.0710296630859375
0.109207153320313 -0.208770751953125 -0.108833312988281 0.0466461181640625
0.238861083984375 -0.146957397460937 -0.0660324096679687 0.0319557189941406
0.261993408203125 -0.0765228271484375 0.00275421142578127 -0.139022827148437
0.185073852539062 -0.1214599609375 0.0820693969726563 -0.0715179443359375
0.0963134765625 -0.218154907226562 0.117401123046875 -0.116302490234375
-0.059906005859375 -0.180282592773438 0.0305328369140625 -0.159683227539063
-0.13275146484375 -0.0995635986328125 -0.0519943237304687 -0.125152587890625
-0.147064208984375 0.0283660888671875 -0.0937118530273438 -0.03515625
-0.118896484375 0.0984878540039063 -0.0580253601074219 0.01531982421875
-0.117462158203125 0.0896759033203125 -0.00554704666137696 0.00784683227539063
-0.113235473632812 0.116828918457031 0.0163631439208984 0.0107355117797852
-0.133758544921875 0.0773239135742187 0.0401649475097656 0.0267143249511719
-0.168914794921875 -0.00880432128906252 0.0384788513183594 0.038177490234375
-0.14154052734375 -0.113723754882812 -0.00334930419921875 0.0700263977050781
0.010650634765625 -0.217056274414063 -0.0511550903320313 0.06854248046875
0.1259765625 -0.194259643554688 -0.07891845703125 0.0166015625
0.243576049804688 -0.115493774414063 0.0104141235351563 0.000813484191894524
0.229339599609375 -0.021331787109375 0.098114013671875 -0.153717041015625
0.193939208984375 -0.07061767578125 0.138442993164063 -0.0901412963867188
0.13323974609375 -0.186264038085938 0.140548706054688 -0.102058410644531
-0.024749755859375 -0.183334350585938 0.07110595703125 -0.140457153320313
-0.115478515625 -0.116569519042969 0.00053405761718748 -0.119941711425781
-0.149520874023438 0.012054443359375 -0.0425834655761719 -0.0576515197753906
-0.125053405761719 0.0873184204101562 -0.0190830230712891 -0.0261993408203125
-0.121917724609375 0.0816650390625 0.0249347686767578 -0.0304069519042969
-0.120292663574219 0.109649658203125 0.0470161437988281 -0.0273933410644531
-0.137161254882813 0.0697250366210938 0.075286865234375 -0.000839233398437496
-0.165664672851563 -0.0193023681640625 0.0711593627929687 0.0225982666015625
-0.124382019042969 -0.118621826171875 0.0256156921386719 0.0647048950195312
0.0342254638671875 -0.200286865234375 -0.0327682495117188 0.0664291381835937
0.139022827148438 -0.153472900390625 -0.0493545532226562 -0.0119781494140625
0.224334716796875 -0.0648956298828125 0.0839996337890625 -0.0220565795898438
0.153732299804688 0.03448486328125 0.174270629882813 -0.152297973632813
0.159194946289063 -0.0071868896484375 0.18231201171875 -0.0971221923828125
0.138809204101563 -0.115814208984375 0.148681640625 -0.083404541015625
0.0115966796875 -0.146453857421875 0.0984268188476563 -0.113212585449219
-0.076202392578125 -0.107574462890625 0.0429916381835937 -0.103721618652344
-0.123115539550781 -0.00488281250000001 0.00599670410156249 -0.0720062255859375
-0.110733032226562 0.0624313354492188 0.01824951171875 -0.0622634887695312
-0.107978820800781 0.0613250732421875 0.0513534545898438 -0.064727783203125
-0.110923767089844 0.085845947265625 0.0770492553710938 -0.0617828369140625
-0.124526977539063 0.0513763427734375 0.108970642089844 -0.0234222412109375
-0.1434326171875 -0.0308380126953125 0.101325988769531 0.0140609741210937
-0.0938491821289063 -0.114791870117188 0.0512733459472656 0.0651969909667969
0.05914306640625 -0.164321899414062 -0.0175285339355469 0.0671272277832031
0.141769409179688 -0.09393310546875 -0.0191726684570312 -0.0304374694824219
0.179306030273438 -0.0027008056640625 0.147430419921875 -0.0284271240234375
0.0520172119140625 0.08294677734375 0.21624755859375 -0.139633178710938
0.09234619140625 0.052703857421875 0.202255249023438 -0.0984954833984375
0.110557556152344 -0.0297164916992188 0.1409912109375 -0.069549560546875
0.0370941162109375 -0.0821380615234375 0.107772827148438 -0.0901641845703125
-0.0271759033203125 -0.0760879516601563 0.0673141479492188 -0.0853118896484375
-0.076019287109375 -0.0178604125976563 0.0402908325195312 -0.0799102783203125
-0.0781478881835938 0.0282516479492187 0.046142578125 -0.0876007080078125
-0.0778045654296875 0.0312423706054688 0.070587158203125 -0.0891494750976562
-0.0859222412109375 0.0494155883789062 0.102462768554688 -0.0869293212890625
-0.0944976806640625 0.0257644653320312 0.138229370117187 -0.0380630493164062
-0.103904724121094 -0.0379867553710937 0.126792907714844 0.0146102905273437
-0.054046630859375 -0.0955810546875 0.0714340209960938 0.0728988647460938
0.0734329223632813 -0.108268737792969 -0.00807952880859374 0.0735549926757813
0.123527526855469 -0.0240936279296875 0.00855064392089844 -0.0349769592285156
0.108612060546875 0.0583038330078125 0.19342041015625 -0.0171661376953125
-0.00279998779296875 -0.103988647460938 -0.20184326171875 0.0267486572265625
-0.0711898803710938 -0.0208969116210938 -0.0258522033691406 0.037200927734375
-0.0493431091308594 0.0408172607421875 0.0125579833984375 -0.0841445922851563
0.002960205078125 0.054473876953125 -0.0782470703125 -0.106689453125
0.0376243591308594 0.0324859619140625 -0.139305114746094 -0.0377197265625
0.0508041381835938 -0.00402450561523438 -0.149429321289062 0.0455474853515625
0.0394935607910156 -0.00724029541015625 -0.109169006347656 0.108345031738281
0.0319538116455078 9.5367431640625E-05 -0.0745773315429688 0.09869384765625
0.0348129272460938 0.00447463989257813 -0.054901123046875 0.0954208374023438
0.0221595764160156 0.0259761810302734 -0.0591278076171875 0.0826263427734375
-0.0132179260253906 0.0391616821289063 -0.0679473876953125 0.079193115234375
-0.0629348754882813 0.0139083862304688 -0.101753234863281 0.0791473388671875
-0.060516357421875 -0.0581817626953125 -0.141128540039063 0.0592803955078125
-0.0169677734375 -0.104934692382812 -0.187942504882813 0.0907745361328125
0.0422439575195312 -0.122467041015625 -0.2236328125 0.113906860351563
0.0895004272460938 -0.135276794433594 -0.198684692382812 -0.01165771484375
-0.012786865234375 -0.0787811279296875 -0.0286331176757812 0.0188465118408203
-0.0384750366210938 -0.042236328125 0.0242538452148438 -0.0987167358398438
-0.0359954833984375 -4.57763671874998E-05 -0.0740966796875 -0.126228332519531
-0.0205001831054687 0.0123405456542969 -0.14532470703125 -0.059234619140625
-0.002655029296875 0.0205135345458984 -0.159454345703125 0.038848876953125
-0.00183868408203125 0.0356178283691406 -0.113594055175781 0.10565185546875
-0.0116672515869141 0.0349540710449219 -0.0704193115234375 0.0929183959960938
-0.0098724365234375 0.043365478515625 -0.0514602661132812 0.090362548828125
-0.029266357421875 0.0402145385742187 -0.0491409301757813 0.0805587768554688
-0.0644760131835938 0.0170745849609375 -0.0537490844726563 0.0754241943359375
-0.0882186889648437 -0.0409317016601563 -0.08770751953125 0.0784912109375
-0.0302886962890625 -0.12432861328125 -0.120903015136719 0.0636520385742187
0.0410003662109375 -0.152740478515625 -0.16522216796875 0.085113525390625
0.129959106445313 -0.14666748046875 -0.190185546875 0.0927581787109375
0.173934936523438 -0.142196655273438 -0.161041259765625 -0.057037353515625
0.05889892578125 -0.122909545898438 -0.011016845703125 -0.00845336914062501
-0.0097198486328125 -0.126869201660156 0.04791259765625 -0.113029479980469
-0.0663528442382812 -0.0662269592285156 -0.0538177490234375 -0.146560668945313
-0.0765151977539063 -0.0192794799804688 -0.133583068847656 -0.08489990234375
-0.0593681335449219 0.0358810424804687 -0.15447998046875 0.0211181640625
-0.045654296875 0.0697441101074219 -0.106132507324219 0.0875167846679688
-0.0541572570800781 0.0639114379882812 -0.0560073852539063 0.0728836059570313
-0.0514755249023437 0.0780410766601563 -0.035736083984375 0.0731124877929688
-0.0738525390625 0.0570068359375 -0.0253143310546875 0.0706253051757813
-0.110694885253906 0.00623321533203124 -0.0272941589355469 0.06793212890625
-0.115867614746094 -0.0761260986328125 -0.06341552734375 0.0793228149414063
-0.0167083740234375 -0.175048828125 -0.0963592529296875 0.0696334838867188
0.0774688720703125 -0.188079833984375 -0.134971618652344 0.0717391967773438
0.191665649414063 -0.156936645507813 -0.132919311523438 0.0649948120117187
0.232452392578125 -0.122451782226563 -0.0914764404296875 -0.0996017456054688
0.128021240234375 -0.139213562011719 0.0274085998535156 -0.0394477844238281
0.0349273681640625 -0.19110107421875 0.0797271728515625 -0.120147705078125
-0.0766754150390625 -0.1298828125 -0.0180816650390625 -0.158645629882812
-0.117462158203125 -0.05767822265625 -0.101409912109375 -0.108078002929688
-0.108543395996094 0.0389251708984375 -0.130767822265625 -0.00426483154296876
-0.0838699340820313 0.092132568359375 -0.0855865478515625 0.0557098388671875
-0.0886688232421875 0.0829849243164063 -0.0328941345214844 0.042572021484375
-0.0837173461914063 0.103477478027344 -0.0109329223632813 0.0447959899902344
-0.105430603027344 0.0714569091796875 0.00661849975585936 0.0511283874511719
-0.144302368164063 0.00238037109375001 0.00496673583984375 0.0545425415039063
-0.135162353515625 -0.0943145751953125 -0.0331497192382813 0.0764083862304688
-0.010284423828125 -0.203384399414063 -0.0713424682617187 0.070953369140625
0.098876953125 -0.201614379882813 -0.104362487792969 0.0474166870117187
0.22509765625 -0.1480712890625 -0.0629997253417968 0.0332527160644531
0.249053955078125 -0.0814971923828125 -0.00231170654296874 -0.131980895996094
0.174896240234375 -0.12017822265625 0.0783233642578125 -0.0674209594726563
0.08551025390625 -0.2127685546875 0.112747192382813 -0.116203308105469
-0.06201171875 -0.170425415039063 0.026123046875 -0.155685424804688
-0.130691528320312 -0.0916061401367188 -0.0540390014648438 -0.120109558105469
-0.137924194335938 0.0309066772460938 -0.090911865234375 -0.0317153930664062
-0.108718872070313 0.0977706909179687 -0.05535888671875 0.0165252685546875
-0.109413146972656 0.0896453857421875 -0.00509643554687501 0.00684690475463868
-0.103614807128906 0.115005493164062 0.0175266265869141 0.0102481842041016
-0.123771667480469 0.0769424438476563 0.0401802062988281 0.0252227783203125
-0.160354614257813 -0.00259399414062497 0.0371818542480469 0.0374412536621094
-0.1383056640625 -0.104515075683594 -0.00306320190429688 0.0692977905273438
0.0031585693359375 -0.208160400390625 -0.0487747192382812 0.0689468383789062
0.115081787109375 -0.188034057617188 -0.0768356323242188 0.0188674926757812
0.230926513671875 -0.118255615234375 0.00954914093017579 0.0015878677368164
0.219467163085937 -0.0270843505859375 0.0887603759765625 -0.149063110351563
0.184661865234375 -0.0720672607421875 0.1312255859375 -0.0863800048828125
0.1226806640625 -0.183258056640625 0.1351318359375 -0.102760314941406
-0.0288543701171875 -0.175064086914063 0.0662078857421875 -0.13836669921875
-0.114570617675781 -0.108528137207031 -0.00354766845703125 -0.116683959960937
-0.140884399414063 0.0153350830078125 -0.042266845703125 -0.0542793273925781
-0.115272521972656 0.087615966796875 -0.0193099975585938 -0.0243186950683594
-0.113822937011719 0.08282470703125 0.0227527618408203 -0.0309333801269531
-0.11041259765625 0.108642578125 0.0459098815917969 -0.027099609375
-0.127059936523438 0.0708694458007813 0.0735855102539062 -0.00208282470703125
-0.158676147460938 -0.01202392578125 0.068023681640625 0.0214958190917969
-0.1229248046875 -0.10986328125 0.0251808166503906 0.0637855529785156
0.0269317626953125 -0.1929931640625 -0.0309982299804688 0.0666465759277344
0.128952026367188 -0.149734497070313 -0.0498886108398437 -0.00915908813476563
0.213287353515625 -0.06890869140625 0.0791091918945313 -0.0228195190429688
0.147903442382813 0.029266357421875 0.16180419921875 -0.14990234375
0.1536865234375 -0.010040283203125 0.172271728515625 -0.0948486328125
0.130424499511719 -0.116371154785156 0.143264770507813 -0.0837554931640625
0.00685882568359374 -0.140472412109375 0.09222412109375 -0.112411499023438
-0.0774154663085938 -0.101333618164063 0.0382766723632812 -0.101837158203125
-0.117530822753906 -0.000770568847656261 0.00336456298828125 -0.0692291259765625
-0.102241516113281 0.0643463134765625 0.0152053833007812 -0.0599937438964844
-0.101097106933594 0.063323974609375 0.0474853515625 -0.0641250610351563
-0.10272216796875 0.0863800048828125 0.0736160278320312 -0.0608596801757812
-0.116157531738281 0.0533905029296875 0.105194091796875 -0.0245208740234375
-0.138320922851563 -0.02374267578125 0.0969772338867187 0.0123138427734375
-0.0935440063476562 -0.106719970703125 0.0492706298828125 0.062896728515625
0.0515289306640625 -0.159439086914062 -0.0172920227050781 0.0670204162597656
0.134025573730469 -0.0932693481445313 -0.0215415954589844 -0.0277843475341797
0.171600341796875 -0.0077972412109375 0.139785766601563 -0.0315475463867188
0.0526809692382813 0.0785064697265625 0.202239990234375 -0.138809204101563
0.0910873413085937 0.0482635498046875 0.19073486328125 -0.0970306396484375
0.105461120605469 -0.0333251953125 0.13568115234375 -0.0695953369140625
0.0320816040039062 -0.0799713134765625 0.102317810058594 -0.0903854370117188
-0.0296783447265625 -0.0727310180664063 0.062713623046875 -0.085235595703125
-0.0735397338867187 -0.01422119140625 0.0359115600585938 -0.0774688720703125
-0.0729522705078125 0.0313796997070313 0.0408935546875 -0.0848388671875
-0.0734329223632813 0.0340194702148438 0.0652999877929688 -0.0874176025390625
-0.0807113647460938 0.05078125 0.0969161987304687 -0.0858612060546875
-0.089508056640625 0.0286483764648437 0.132286071777344 -0.0392303466796875
-0.101242065429687 -0.031829833984375 0.121513366699219 0.0120773315429687
-0.05499267578125 -0.0900955200195313 0.0695114135742188 0.0696296691894531
0.0672149658203125 -0.107643127441406 -0.00742340087890625 0.0730667114257813
0.119041442871094 -0.0269927978515625 0.0039348602294922 -0.0329055786132813
0.105758666992188 0.0531845092773438 0.184249877929688 -0.0217437744140625
-0.00816345214843751 -0.102088928222656 -0.196258544921875 0.035064697265625
-0.070953369140625 -0.017242431640625 -0.0211257934570312 0.0374298095703125
-0.0461578369140625 0.0427055358886719 0.0103988647460937 -0.0848007202148438
0.00688934326171875 0.0545654296875 -0.0800399780273438 -0.1038818359375
0.0398521423339844 0.0304069519042969 -0.137886047363281 -0.0336456298828125
0.0496368408203125 -0.00778579711914063 -0.146224975585938 0.0486602783203125
0.0379562377929688 -0.0107955932617188 -0.103515625 0.109886169433594
0.0315113067626953 -0.00206756591796875 -0.0700912475585938 0.10040283203125
0.0339450836181641 0.00194168090820312 -0.0505905151367187 0.0959930419921875
0.0223255157470703 0.0228652954101562 -0.0553817749023437 0.0845108032226563
-0.0105094909667969 0.0380172729492188 -0.064666748046875 0.0821914672851563
-0.060821533203125 0.0173988342285156 -0.09844970703125 0.0822982788085938
-0.0617523193359375 -0.0543899536132813 -0.138282775878906 0.0612945556640625
-0.02105712890625 -0.101402282714844 -0.182754516601563 0.093505859375
0.0361251831054688 -0.122642517089844 -0.214950561523438 0.12005615234375
0.080718994140625 -0.136543273925781 -0.195098876953125 -0.00239562988281249
-0.0157852172851562 -0.0762557983398438 -0.0244541168212891 0.020660400390625
-0.0394783020019531 -0.0395317077636719 0.0218276977539062 -0.099822998046875
-0.0338668823242188 0.0024261474609375 -0.0763397216796875 -0.123695373535156
-0.0180931091308594 0.0133438110351563 -0.145156860351563 -0.0539398193359375
-0.000516891479492188 0.0181407928466797 -0.15606689453125 0.0426483154296875
-0.000284194946289065 0.0326461791992188 -0.108245849609375 0.10797119140625
-0.00987625122070312 0.0335559844970703 -0.0669479370117188 0.093597412109375
-0.00844192504882813 0.0419540405273438 -0.0472030639648438 0.09124755859375
-0.0269279479980469 0.0384788513183594 -0.045654296875 0.0818634033203125
-0.0613784790039063 0.0180091857910156 -0.0506820678710938 0.077789306640625
-0.0874252319335938 -0.0360031127929688 -0.08538818359375 0.0822830200195312
-0.0338973999023437 -0.120437622070313 -0.118560791015625 0.0657577514648437
0.03460693359375 -0.149703979492188 -0.160537719726563 0.0882568359375
0.121658325195312 -0.149185180664062 -0.18365478515625 0.097991943359375
0.164398193359375 -0.146896362304688 -0.159896850585938 -0.048431396484375
0.0535354614257812 -0.121917724609375 -0.00822401046752929 -0.00581884384155274
-0.0144882202148438 -0.123939514160156 0.0451583862304688 -0.115219116210938
-0.0664443969726563 -0.0612564086914062 -0.057342529296875 -0.144561767578125
-0.0750274658203125 -0.0153045654296875 -0.134620666503906 -0.0801239013671875
-0.0552864074707031 0.0358772277832031 -0.1512451171875 0.0254364013671875
-0.0411109924316406 0.0685653686523437 -0.101699829101562 0.0894546508789063
-0.0504684448242188 0.064300537109375 -0.0531539916992188 0.0736160278320312
-0.0468826293945313 0.07757568359375 -0.0317535400390625 0.0732421875
-0.0688858032226563 0.056427001953125 -0.0216827392578125 0.0711669921875
-0.106422424316406 0.00941467285156249 -0.0252418518066406 0.0695266723632812
-0.115638732910156 -0.0699081420898438 -0.0610275268554687 0.0829620361328125
-0.0223541259765625 -0.170761108398438 -0.0939178466796875 0.0715179443359375
0.06964111328125 -0.186325073242188 -0.131439208984375 0.0742645263671875
0.183380126953125 -0.1614990234375 -0.127899169921875 0.0691299438476563
0.2232666015625 -0.129730224609375 -0.0937957763671875 -0.092559814453125
0.121482849121094 -0.140548706054688 0.0280723571777344 -0.0370025634765625
0.027008056640625 -0.189483642578125 0.0765762329101563 -0.123741149902344
-0.0793533325195312 -0.123321533203125 -0.022369384765625 -0.157608032226562
-0.117218017578125 -0.0515213012695312 -0.104354858398438 -0.10369873046875
-0.102851867675781 0.0412826538085938 -0.12860107421875 -0.000167846679687518
-0.076690673828125 0.0917510986328125 -0.082427978515625 0.0577621459960938
-0.0833969116210938 0.084564208984375 -0.0313186645507813 0.0426826477050781
-0.077362060546875 0.103904724121094 -0.00843048095703125 0.0450325012207031
-0.0993881225585938 0.072174072265625 0.00907516479492187 0.0508079528808594
-0.139732360839844 0.00775146484375001 0.00609970092773437 0.0554046630859375
-0.135993957519531 -0.08758544921875 -0.0318603515625 0.0792083740234375
-0.01708984375 -0.198959350585938 -0.0691909790039063 0.0729141235351563
0.0897979736328125 -0.200302124023437 -0.102737426757812 0.050811767578125
0.215728759765625 -0.154815673828125 -0.0605087280273437 0.0354423522949219
0.241592407226563 -0.0895233154296875 -0.00787353515624998 -0.127700805664063
0.16888427734375 -0.123519897460938 0.0767822265625 -0.065673828125
0.07537841796875 -0.21331787109375 0.108901977539062 -0.120292663574219
-0.0664215087890625 -0.164306640625 0.0211639404296875 -0.156646728515625
-0.132316589355469 -0.0844497680664062 -0.0581130981445313 -0.117843627929687
-0.132499694824219 0.0344696044921875 -0.0911102294921875 -0.0280914306640625
-0.100601196289062 0.0988311767578125 -0.0539398193359375 0.01812744140625
-0.103271484375 0.0922088623046875 -0.00547599792480469 0.00619602203369141
-0.09637451171875 0.115623474121094 0.0185317993164062 0.00947189331054688
-0.116409301757813 0.0788955688476562 0.0415763854980469 0.0242271423339844
-0.156295776367188 0.00387573242187499 0.0373954772949219 0.0373458862304688
-0.139228820800781 -0.09735107421875 -0.00204467773437501 0.071319580078125
-0.00392150878906251 -0.20452880859375 -0.04693603515625 0.0711441040039062
0.10638427734375 -0.187774658203125 -0.0767898559570313 0.0214309692382812
0.222885131835937 -0.12530517578125 0.00949382781982423 0.00171661376953124
0.215011596679688 -0.0349273681640625 0.0809173583984375 -0.147552490234375
0.179901123046875 -0.0761260986328125 0.127029418945313 -0.0860214233398438
0.113510131835938 -0.185714721679687 0.1318359375 -0.106857299804688
-0.0341033935546875 -0.170150756835938 0.0609130859375 -0.139762878417969
-0.11724853515625 -0.102020263671875 -0.00773620605468752 -0.116043090820313
-0.136337280273438 0.0201263427734375 -0.0436172485351563 -0.051727294921875
-0.107276916503906 0.0899429321289063 -0.0202732086181641 -0.0230255126953125
-0.107940673828125 0.0856704711914062 0.0209770202636719 -0.0317554473876953
-0.103118896484375 0.111114501953125 0.0458297729492187 -0.0279693603515625
-0.12030029296875 0.0740509033203125 0.0732192993164062 -0.00354003906249999
-0.155014038085938 -0.00469970703125003 0.0672264099121094 0.0202484130859375
-0.125091552734375 -0.102920532226563 0.0256538391113281 0.0639991760253906
0.0190887451171875 -0.19061279296875 -0.0295753479003906 0.068267822265625
0.121353149414063 -0.149993896484375 -0.0513191223144531 -0.00664520263671876
0.207199096679688 -0.0755462646484375 0.0769119262695313 -0.024505615234375
0.147476196289063 0.0236053466796875 0.152084350585938 -0.151885986328125
0.151840209960938 -0.014862060546875 0.166030883789063 -0.0957489013671875
0.124702453613281 -0.120246887207031 0.139686584472656 -0.087371826171875
0.00147247314453124 -0.137901306152344 0.0879135131835938 -0.114913940429688
-0.0810470581054688 -0.09625244140625 0.0337448120117188 -0.103431701660156
-0.114585876464844 0.00373077392578125 0.000617980957031245 -0.067626953125
-0.0960006713867188 0.0676803588867187 0.0123100280761719 -0.0592842102050781
-0.0964279174804688 0.0668487548828125 0.0440483093261719 -0.0653800964355469
-0.0967941284179687 0.0894699096679688 0.0715484619140625 -0.062408447265625
-0.110855102539063 0.0564804077148437 0.103248596191406 -0.0266799926757812
-0.136161804199219 -0.016815185546875 0.095458984375 0.0108566284179687
-0.096771240234375 -0.101333618164062 0.050079345703125 0.0624122619628906
0.04486083984375 -0.159683227539063 -0.0154190063476563 0.0684242248535156
0.128669738769531 -0.09588623046875 -0.0245018005371094 -0.0251960754394531
0.168960571289063 -0.013641357421875 0.135734558105469 -0.0356826782226563
0.0553207397460938 0.0756378173828125 0.192703247070313 -0.14263916015625
0.0920181274414063 0.0440292358398437 0.183761596679688 -0.0991058349609375
0.103324890136719 -0.0379257202148438 0.132598876953125 -0.0722808837890625
0.0283660888671875 -0.080108642578125 0.0984954833984375 -0.093109130859375
-0.0332679748535156 -0.0697746276855469 0.05859375 -0.087493896484375
-0.0727996826171875 -0.0106887817382813 0.0323638916015625 -0.0770416259765625
-0.069000244140625 0.0346641540527344 0.036468505859375 -0.0849151611328125
-0.0702476501464844 0.0375595092773438 0.0607070922851562 -0.088714599609375
-0.076446533203125 0.0545196533203125 0.0932846069335938 -0.0881729125976562
-0.085968017578125 0.032012939453125 0.129852294921875 -0.042633056640625
-0.101318359375 -0.0255889892578125 0.11968994140625 0.0091400146484375
-0.0586013793945313 -0.086669921875 0.0703125 0.0679550170898438
0.0621185302734375 -0.1090087890625 -0.0057220458984375 0.0736846923828125
0.116806030273437 -0.0309677124023437 0.000194549560546882 -0.0316982269287109
0.1060791015625 0.0486297607421875 0.179351806640625 -0.0276336669921875
-0.0160675048828125 -0.100578308105469 -0.19085693359375 0.0474395751953125
-0.0714111328125 -0.0118942260742188 -0.0156288146972656 0.0381126403808594
-0.0426483154296875 0.0455665588378906 0.0062255859375 -0.0857391357421875
0.0116462707519531 0.0538597106933594 -0.084869384765625 -0.100242614746094
0.0432472229003906 0.0270919799804687 -0.138267517089844 -0.026947021484375
0.0488929748535156 -0.01251220703125 -0.14324951171875 0.055938720703125
0.0354843139648437 -0.0154571533203125 -0.0961380004882813 0.114738464355469
0.029998779296875 -0.00506782531738281 -0.0632781982421875 0.104095458984375
0.0327720642089844 -0.00109672546386719 -0.043914794921875 0.0986328125
0.0230998992919922 0.0196132659912109 -0.0496444702148438 0.0876388549804687
-0.00701141357421875 0.03631591796875 -0.0598297119140625 0.0868606567382812
-0.0580673217773438 0.0217437744140625 -0.0937118530273438 0.0893402099609375
-0.0642623901367188 -0.0488815307617187 -0.13507080078125 0.06707763671875
-0.0271530151367188 -0.0990066528320313 -0.176223754882812 0.101394653320313
0.0277862548828125 -0.123733520507813 -0.204315185546875 0.1314697265625
0.0702438354492188 -0.140151977539063 -0.19171142578125 0.0113067626953125
-0.020477294921875 -0.0736923217773438 -0.0194435119628906 0.0224437713623047
-0.0414962768554688 -0.0356407165527344 0.0166473388671875 -0.102317810058594
-0.0315380096435547 0.00530242919921876 -0.082763671875 -0.119819641113281
-0.0154151916503906 0.0145702362060547 -0.146881103515625 -0.0461578369140625
0.00158977508544922 0.0161352157592773 -0.15203857421875 0.05078125
0.00150108337402344 0.0302143096923828 -0.100692749023437 0.113128662109375
-0.00797462463378907 0.0325222015380859 -0.0610885620117187 0.0970077514648437
-0.00592041015625 0.040496826171875 -0.0406494140625 0.0941162109375
-0.0242385864257813 0.0374946594238281 -0.0398635864257812 0.0842361450195312
-0.0577735900878906 0.02008056640625 -0.0465774536132813 0.0819091796875
-0.087554931640625 -0.0296401977539063 -0.080413818359375 0.0886611938476563
-0.0403289794921875 -0.115707397460938 -0.115280151367187 0.0712890625
0.0254974365234375 -0.149642944335938 -0.15509033203125 0.0954437255859375
0.11102294921875 -0.155776977539063 -0.174575805664063 0.108505249023437
0.15216064453125 -0.155914306640625 -0.161270141601563 -0.0358428955078125
0.045684814453125 -0.123283386230469 -0.00500345230102539 -0.00352811813354493
-0.02276611328125 -0.121475219726563 0.0387802124023437 -0.119110107421875
-0.0678443908691406 -0.0556831359863281 -0.06451416015625 -0.14190673828125
-0.0738983154296875 -0.00983428955078124 -0.138618469238281 -0.07269287109375
-0.051055908203125 0.0373039245605469 -0.148605346679688 0.0336456298828125
-0.0356330871582031 0.06829833984375 -0.0946273803710937 0.09466552734375
-0.0459403991699219 0.0654678344726563 -0.048980712890625 0.0759429931640625
-0.0414047241210938 0.0781326293945312 -0.02618408203125 0.0749053955078125
-0.0635147094726562 0.0573997497558594 -0.0170822143554688 0.0721893310546875
-0.102760314941406 0.0145797729492187 -0.0216751098632813 0.07257080078125
-0.117584228515625 -0.0617904663085937 -0.0569610595703125 0.0885238647460937
-0.0322113037109375 -0.166641235351563 -0.0906448364257813 0.076202392578125
0.0579071044921875 -0.186431884765625 -0.127204895019531 0.0805740356445312
0.17095947265625 -0.17181396484375 -0.121955871582031 0.0763168334960937
0.211639404296875 -0.14227294921875 -0.098785400390625 -0.083984375
0.112228393554688 -0.14569091796875 0.0285072326660156 -0.0357627868652344
0.013916015625 -0.189117431640625 0.0698013305664063 -0.129257202148438
-0.0845184326171875 -0.115997314453125 -0.030792236328125 -0.156845092773438
-0.118194580078125 -0.042816162109375 -0.109550476074219 -0.0978240966796875
-0.097747802734375 0.0452499389648437 -0.127471923828125 0.00687408447265623
-0.0687255859375 0.0934829711914063 -0.078155517578125 0.062408447265625
-0.0768051147460938 0.0879592895507812 -0.0290718078613281 0.0438957214355469
-0.0688323974609375 0.106575012207031 -0.00447463989257813 0.04510498046875
-0.0926742553710938 0.0752944946289062 0.0128555297851562 0.0502243041992188
-0.135780334472656 0.0152664184570312 0.00931930541992187 0.0568351745605469
-0.138900756835938 -0.077972412109375 -0.0279541015625 0.0831298828125
-0.0288238525390625 -0.195419311523438 -0.06549072265625 0.0770263671875
0.0773468017578125 -0.201766967773438 -0.100189208984375 0.0560150146484375
0.204345703125 -0.166580200195313 -0.0575447082519531 0.0389518737792969
0.232650756835938 -0.103469848632813 -0.01605224609375 -0.123939514160156
0.160491943359375 -0.130950927734375 0.0739974975585938 -0.0665359497070313
0.0614013671875 -0.215576171875 0.102119445800781 -0.127731323242188
-0.074615478515625 -0.157806396484375 0.01263427734375 -0.1580810546875
-0.135841369628906 -0.0745468139648438 -0.0650711059570313 -0.1142578125
-0.127410888671875 0.0409011840820313 -0.0912399291992188 -0.0224609375
-0.0918502807617188 0.1024169921875 -0.05224609375 0.0219192504882812
-0.0960311889648437 0.0974655151367188 -0.00523090362548829 0.00580501556396485
-0.0867080688476563 0.120063781738281 0.0201873779296875 0.00835990905761719
-0.108413696289063 0.0836029052734375 0.0434532165527344 0.0225715637207031
-0.152542114257812 0.013580322265625 0.038909912109375 0.0367393493652344
-0.143646240234375 -0.0869140625 0.00141143798828124 0.0737075805664063
-0.0160675048828125 -0.202056884765625 -0.0431747436523438 0.0741348266601562
0.0943756103515625 -0.190994262695313 -0.0764389038085938 0.0264358520507812
0.213485717773438 -0.13787841796875 0.00976085662841798 0.00183868408203124
0.2103271484375 -0.0476837158203125 0.0697479248046875 -0.148727416992187
0.174575805664063 -0.0854949951171875 0.12237548828125 -0.0890121459960937
0.10137939453125 -0.192337036132812 0.124908447265625 -0.114418029785156
-0.0435943603515625 -0.165771484375 0.0535125732421875 -0.14349365234375
-0.122825622558594 -0.0931396484375 -0.015228271484375 -0.11572265625
-0.132827758789063 0.0274429321289062 -0.0461158752441406 -0.0481643676757813
-0.0985488891601563 0.0947952270507813 -0.0213241577148438 -0.0208148956298828
-0.10052490234375 0.0919570922851563 0.0181922912597656 -0.0329074859619141
-0.0937728881835937 0.116020202636719 0.0448226928710937 -0.0308341979980469
-0.112556457519531 0.0789871215820313 0.0737533569335938 -0.00690460205078124
-0.152130126953125 0.00585937499999998 0.06756591796875 0.0183372497558594
-0.130378723144531 -0.093963623046875 0.0284233093261719 0.0647506713867188
0.0070953369140625 -0.190765380859375 -0.0257797241210937 0.0710067749023437
0.111785888671875 -0.155380249023438 -0.0526351928710938 -0.00250244140625
0.20111083984375 -0.0879669189453125 0.0743789672851563 -0.0287704467773438
0.147720336914063 0.0146636962890625 0.140609741210938 -0.157501220703125
0.15008544921875 -0.0232391357421875 0.159423828125 -0.101043701171875
0.115814208984375 -0.128349304199219 0.134834289550781 -0.0952377319335938
-0.00691223144531249 -0.136245727539063 0.0815582275390625 -0.120567321777344
-0.0873489379882812 -0.0903091430664062 0.0265731811523437 -0.105270385742188
-0.112564086914063 0.010650634765625 -0.00345611572265626 -0.0670356750488281
-0.0884475708007813 0.072784423828125 0.00848007202148437 -0.0585479736328125
-0.090179443359375 0.0730819702148437 0.0385398864746094 -0.06744384765625
-0.0887680053710938 0.0953903198242188 0.0678024291992188 -0.066253662109375
-0.104347229003906 0.0630340576171875 0.102119445800781 -0.0322341918945313
-0.135299682617187 -0.00635528564453123 0.0945663452148438 0.006683349609375
-0.102622985839844 -0.0939712524414063 0.0521087646484375 0.0604820251464844
0.0348052978515625 -0.161605834960938 -0.0115165710449219 0.070220947265625
0.122169494628906 -0.102279663085938 -0.0278587341308594 -0.0224399566650391
0.166778564453125 -0.023590087890625 0.131546020507813 -0.043243408203125
0.0600204467773438 0.0710830688476563 0.18048095703125 -0.151702880859375
0.0944442749023438 0.0385284423828125 0.176193237304688 -0.105728149414063
0.100311279296875 -0.0456008911132813 0.129051208496094 -0.0781021118164063
0.0225296020507812 -0.0807037353515625 0.09295654296875 -0.0987777709960938
-0.0389213562011719 -0.0671920776367188 0.052215576171875 -0.0913772583007813
-0.0727081298828125 -0.00526428222656249 0.0269393920898437 -0.0780868530273438
-0.0645675659179688 0.0395011901855469 0.0304641723632813 -0.0856170654296875
-0.0663070678710938 0.0425300598144531 0.0540924072265625 -0.091827392578125
-0.0714950561523437 0.0602264404296875 0.0880279541015625 -0.0934982299804688
-0.08209228515625 0.0382003784179688 0.127151489257813 -0.0489730834960938
-0.101654052734375 -0.0172576904296875 0.118827819824219 0.00397491455078125
-0.064727783203125 -0.0822906494140625 0.0732040405273438 0.064453125
0.0541534423828125 -0.11395263671875 -0.00161743164062499 0.0753707885742187
0.115142822265625 -0.0379180908203125 -0.00405311584472656 -0.0302391052246094
0.108474731445313 0.04205322265625 0.175460815429688 -0.038055419921875
-0.0251083374023438 -0.0963821411132813 -0.181182861328125 0.062042236328125
-0.0706329345703125 -0.00505828857421874 -0.00941848754882813 0.0373611450195313
-0.0369415283203125 0.0484237670898438 -0.000190734863281253 -0.0855331420898438
0.0173530578613281 0.0513343811035156 -0.0907516479492187 -0.09259033203125
0.0462989807128906 0.0218582153320313 -0.137260437011719 -0.0169143676757813
0.0464706420898437 -0.0183486938476563 -0.135955810546875 0.0640411376953125
0.0313301086425781 -0.0191211700439453 -0.0844650268554688 0.119255065917969
0.0280895233154297 -0.00826454162597656 -0.0535354614257812 0.107452392578125
0.0307826995849609 -0.0044097900390625 -0.0342483520507813 0.100685119628906
0.0234565734863281 0.0157012939453125 -0.0410690307617187 0.0898666381835938
-0.00300216674804687 0.0350456237792969 -0.0516510009765625 0.0911483764648438
-0.053558349609375 0.0267791748046875 -0.0847396850585937 0.0958786010742188
-0.0665779113769531 -0.0408973693847656 -0.128799438476563 0.0752182006835937
-0.0347976684570313 -0.0937423706054688 -0.164474487304688 0.111419677734375
0.0161819458007813 -0.123428344726562 -0.186813354492187 0.143966674804688
0.0554962158203125 -0.14239501953125 -0.185073852539063 0.028228759765625
-0.0257568359375 -0.0694618225097656 -0.0138626098632813 0.023529052734375
-0.0424880981445313 -0.03094482421875 0.0084686279296875 -0.102836608886719
-0.0286941528320313 0.00807762145996093 -0.0897750854492188 -0.112281799316406
-0.0117921829223633 0.0151185989379883 -0.146987915039063 -0.034576416015625
0.00316524505615234 0.0130977630615234 -0.14520263671875 0.0605621337890625
0.00304031372070312 0.0266990661621094 -0.0886611938476563 0.117630004882812
-0.00572776794433594 0.0314884185791016 -0.0518951416015625 0.0999526977539062
-0.00264739990234375 0.0383567810058594 -0.0316009521484375 0.0958938598632813
-0.0205574035644531 0.0363082885742187 -0.03192138671875 0.08660888671875
-0.0536155700683594 0.0227394104003906 -0.038665771484375 0.08489990234375
-0.0871124267578125 -0.0211105346679687 -0.0728683471679688 0.095489501953125
-0.048309326171875 -0.108177185058594 -0.108970642089844 0.0776901245117187
0.0131072998046875 -0.146835327148438 -0.144760131835937 0.104339599609375
0.0947723388671875 -0.16119384765625 -0.16015625 0.119537353515625
0.134048461914063 -0.164764404296875 -0.158843994140625 -0.02008056640625
0.0344696044921875 -0.122787475585938 -0.00160050392150879 -0.00248098373413087
-0.0322113037109375 -0.11578369140625 0.0282974243164063 -0.1207275390625
-0.0693206787109375 -0.0477104187011719 -0.07403564453125 -0.135147094726562
-0.071319580078125 -0.00366973876953125 -0.14129638671875 -0.0605010986328125
-0.0453567504882813 0.0381507873535156 -0.142593383789063 0.0434722900390625
-0.0288734436035156 0.0669059753417969 -0.08489990234375 0.0995864868164063
-0.0396995544433594 0.0665664672851562 -0.0419540405273438 0.0783004760742188
-0.0333938598632813 0.0781631469726563 -0.0187759399414063 0.0757064819335938
-0.0573196411132813 0.0590019226074219 -0.010284423828125 0.072418212890625
-0.0976943969726563 0.0215530395507812 -0.0148162841796875 0.0745315551757812
-0.119064331054688 -0.05010986328125 -0.04931640625 0.0935516357421875
-0.0441131591796875 -0.159103393554688 -0.0842819213867187 0.0812835693359375
0.0421600341796875 -0.185150146484375 -0.1190185546875 0.0885391235351563
0.151947021484375 -0.181838989257813 -0.111564636230469 0.0846176147460937
0.193695068359375 -0.156494140625 -0.102859497070312 -0.0711517333984375
0.0979461669921875 -0.1502685546875 0.0283546447753906 -0.0354461669921875
-0.00244140624999999 -0.185150146484375 0.0575714111328125 -0.133819580078125
-0.0904922485351563 -0.105628967285156 -0.042083740234375 -0.152481079101563
-0.117889404296875 -0.0312576293945312 -0.115982055664063 -0.0875320434570312
-0.0902786254882813 0.05078125 -0.123954772949219 0.016845703125
-0.0587692260742188 0.0945281982421875 -0.0708541870117188 0.0671539306640625
-0.067291259765625 0.0917892456054687 -0.0250701904296875 0.0456581115722656
-0.0576629638671875 0.108360290527344 9.15527343749967E-05 0.0449028015136719
-0.0829010009765625 0.0789566040039062 0.0172576904296875 0.0488319396972656
-0.129302978515625 0.0253677368164063 0.0134468078613281 0.0568809509277344
-0.14154052734375 -0.0643463134765625 -0.0213775634765625 0.0866622924804688
-0.0433807373046875 -0.187255859375 -0.059173583984375 0.08074951171875
0.059600830078125 -0.20184326171875 -0.0951919555664062 0.0632247924804687
0.18548583984375 -0.17950439453125 -0.0523796081542969 0.043121337890625
0.21771240234375 -0.119781494140625 -0.0263595581054687 -0.117286682128906
0.146820068359375 -0.139785766601563 0.0694236755371094 -0.0676345825195313
0.041595458984375 -0.215408325195313 0.0896530151367188 -0.133544921875
-0.0843505859375 -0.146881103515625 0.000320434570312492 -0.156936645507813
-0.137771606445313 -0.0607376098632813 -0.0732345581054688 -0.10736083984375
-0.119338989257813 0.049072265625 -0.090423583984375 -0.0149078369140625
-0.0793533325195312 0.105461120605469 -0.0490341186523438 0.0260124206542969
-0.0852127075195313 0.102439880371094 -0.00575971603393555 0.00645017623901368
-0.07366943359375 0.123451232910156 0.0216503143310547 0.0063304901123047
-0.0977249145507813 0.0888214111328125 0.0453834533691406 0.0189781188964844
-0.1456298828125 0.0259552001953125 0.041229248046875 0.0350151062011719
-0.146514892578125 -0.0723876953125 0.00628662109375 0.0747451782226563
-0.031982421875 -0.195419311523437 -0.037506103515625 0.0762939453125
0.0771484375 -0.192520141601563 -0.074188232421875 0.0324554443359375
0.196823120117187 -0.151824951171875 0.00988960266113282 0.000582695007324209
0.200759887695313 -0.0635833740234375 0.05560302734375 -0.148208618164062
0.164215087890625 -0.0965118408203125 0.113639831542969 -0.093017578125
0.0819091796875 -0.196121215820313 0.113853454589844 -0.122207641601563
-0.0550079345703125 -0.157211303710938 0.041107177734375 -0.145492553710937
-0.127609252929688 -0.0794525146484375 -0.0249862670898438 -0.112472534179688
-0.125770568847656 0.037139892578125 -0.04840087890625 -0.0432510375976563
-0.086517333984375 0.0992965698242187 -0.0222854614257813 -0.0180511474609375
-0.090087890625 0.0983657836914063 0.0139942169189453 -0.0337734222412109
-0.0802536010742188 0.120956420898437 0.0419998168945312 -0.0339317321777344
-0.102058410644531 0.0858993530273437 0.0723495483398438 -0.012115478515625
-0.146041870117188 0.0190887451171875 0.0673141479492187 0.0149307250976563
-0.134834289550781 -0.0796432495117188 0.0321998596191406 0.063446044921875
-0.00872802734375002 -0.186721801757812 -0.020050048828125 0.0722122192382812
0.0971832275390625 -0.160232543945313 -0.0537681579589844 0.00322723388671874
0.188980102539063 -0.102294921875 0.0699577331542969 -0.034454345703125
0.144744873046875 0.001861572265625 0.123001098632813 -0.162384033203125
0.146041870117188 -0.0339202880859375 0.148681640625 -0.107406616210938
0.102043151855469 -0.135856628417969 0.124832153320313 -0.103286743164063
-0.0174026489257812 -0.132209777832031 0.070556640625 -0.124382019042969
-0.0930938720703125 -0.0802001953125 0.01690673828125 -0.105987548828125
-0.108314514160156 0.0198974609375 -0.00859832763671876 -0.0640716552734375
-0.07867431640625 0.0772247314453125 0.00327682495117187 -0.0571479797363281
-0.0814590454101563 0.079193115234375 0.0319290161132812 -0.0691642761230469
-0.0776138305664063 0.101089477539063 0.0614471435546875 -0.07061767578125
-0.095245361328125 0.0699310302734375 0.098388671875 -0.0386810302734375
-0.131637573242188 0.00616455078125001 0.0923919677734375 0.000640869140625
-0.108482360839844 -0.0826416015625 0.0551986694335937 0.0574073791503906
0.0196380615234375 -0.161712646484375 -0.005950927734375 0.0706787109375
0.11187744140625 -0.109901428222656 -0.0309944152832031 -0.0181541442871094
0.160858154296875 -0.0366668701171875 0.12445068359375 -0.0528182983398438
0.0646324157714844 0.0644912719726563 0.162109375 -0.159927368164063
0.0958480834960938 0.0300064086914062 0.164276123046875 -0.114181518554688
0.0933837890625 -0.0547027587890625 0.121658325195313 -0.085784912109375
0.015045166015625 -0.0805587768554688 0.0838394165039063 -0.104499816894531
-0.0445022583007813 -0.0616912841796875 0.04302978515625 -0.0946502685546875
-0.071197509765625 0.00159454345703126 0.020263671875 -0.0781326293945313
-0.0582695007324219 0.0442924499511719 0.022430419921875 -0.0852127075195313
-0.0599174499511719 0.0483436584472656 0.0443878173828125 -0.0944976806640625
-0.0638465881347656 0.0659942626953125 0.078521728515625 -0.0989990234375
-0.0760955810546875 0.04473876953125 0.120651245117188 -0.0578842163085938
-0.100212097167969 -0.00676727294921874 0.115753173828125 -0.00389862060546875
-0.0704193115234375 -0.0742340087890625 0.0759735107421875 0.0586929321289063
0.043304443359375 -0.116859436035156 0.00408935546875001 0.0749435424804688
0.109748840332031 -0.0473175048828125 -0.00850486755371093 -0.027923583984375
0.1097412109375 0.0326156616210938 0.166610717773438 -0.0516204833984375
-0.0329208374023438 -0.0887298583984375 -0.163604736328125 0.07354736328125
-0.0670204162597656 0.00163650512695313 -0.00333786010742188 0.0344066619873047
-0.0301628112792969 0.0492820739746094 -0.00685882568359375 -0.0820846557617188
0.0218963623046875 0.0470657348632813 -0.0929946899414063 -0.082061767578125
0.0473556518554688 0.0151634216308594 -0.131324768066406 -0.00633239746093753
0.0415496826171875 -0.0229225158691406 -0.125381469726562 0.070953369140625
0.0261592864990234 -0.0218658447265625 -0.0704879760742187 0.119697570800781
0.02496337890625 -0.0113945007324219 -0.0414657592773437 0.106040954589844
0.0278358459472656 -0.0084381103515625 -0.0230178833007812 0.0981369018554688
0.0230064392089844 0.0112667083740234 -0.0313720703125 0.0891571044921875
0.000732421875000001 0.031585693359375 -0.041290283203125 0.0912628173828125
-0.0473060607910156 0.0304145812988281 -0.0727996826171875 0.0989151000976562
-0.0655860900878906 -0.0325508117675781 -0.118026733398438 0.0803985595703125
-0.0408706665039063 -0.0858230590820313 -0.147415161132812 0.116897583007813
0.00395965576171876 -0.117851257324219 -0.162872314453125 0.1500244140625
0.0385971069335938 -0.138702392578125 -0.170623779296875 0.042694091796875
-0.0296554565429688 -0.0626678466796875 -0.00855255126953125 0.0226020812988281
-0.0427513122558594 -0.0246696472167969 -0.000144958496093763 -0.0992813110351563
-0.0245132446289063 0.0101108551025391 -0.0937118530273437 -0.100593566894531
-0.00777816772460938 0.013911247253418 -0.141799926757813 -0.022125244140625
0.00408935546875 0.00983810424804688 -0.13336181640625 0.0681381225585938
0.0042724609375 0.0230846405029297 -0.074462890625 0.118354797363281
-0.0037078857421875 0.0291213989257813 -0.0407180786132813 0.0995635986328125
0.000328063964843751 0.0351829528808594 -0.0212554931640625 0.0934066772460938
-0.0168724060058594 0.0339946746826172 -0.0225982666015625 0.084930419921875
-0.04766845703125 0.0242729187011719 -0.029571533203125 0.0852203369140625
-0.0823822021484375 -0.0123672485351562 -0.0614547729492188 0.097808837890625
-0.05352783203125 -0.0976715087890625 -0.0983352661132813 0.0816879272460937
7.62939453125124E-05 -0.138534545898438 -0.129013061523438 0.109375
0.0755462646484375 -0.160018920898438 -0.140403747558594 0.125114440917969
0.111129760742188 -0.166152954101563 -0.150039672851562 -0.00471496582031253
0.0231399536132812 -0.118431091308594 0.00163650512695313 -0.00175249576568604
-0.0402908325195313 -0.105842590332031 0.01739501953125 -0.118133544921875
-0.0675926208496094 -0.0387458801269531 -0.0806045532226563 -0.123466491699219
-0.0652732849121094 0.00258255004882812 -0.138786315917969 -0.0466232299804687
-0.0394859313964844 0.0378265380859375 -0.131729125976563 0.0521163940429688
-0.0220794677734375 0.0634994506835937 -0.071685791015625 0.101226806640625
-0.032318115234375 0.0651702880859375 -0.0335922241210938 0.0777664184570313
-0.0247573852539062 0.07513427734375 -0.0103759765625 0.0739898681640625
-0.0489387512207031 0.0585479736328125 -0.00325775146484375 0.0702781677246094
-0.0889739990234375 0.0266799926757813 -0.00782012939453126 0.0735855102539063
-0.115226745605469 -0.0368194580078125 -0.0396041870117188 0.0952606201171875
-0.05377197265625 -0.1461181640625 -0.075103759765625 0.0837326049804688
0.02496337890625 -0.177093505859375 -0.106559753417969 0.0930328369140625
0.1285400390625 -0.184295654296875 -0.0974044799804687 0.08831787109375
0.16851806640625 -0.163543701171875 -0.102012634277344 -0.05731201171875
0.081390380859375 -0.149703979492188 0.0269317626953125 -0.0340709686279297
-0.0182342529296875 -0.174041748046875 0.0436859130859375 -0.132369995117188
-0.0929794311523438 -0.0918731689453125 -0.0514678955078125 -0.142898559570313
-0.1123046875 -0.0195465087890625 -0.117294311523437 -0.07415771484375
-0.07952880859375 0.0536346435546875 -0.115882873535156 0.0250778198242188
-0.0472183227539063 0.0926666259765625 -0.0610427856445312 0.0698738098144531
-0.0563201904296875 0.0914840698242188 -0.0205345153808594 0.0452346801757813
-0.0447845458984375 0.106147766113281 0.00501251220703124 0.0421791076660156
-0.0709609985351563 0.0794296264648437 0.0215682983398437 0.0454788208007813
-0.118194580078125 0.03387451171875 0.0175285339355469 0.0553016662597656
-0.138015747070313 -0.048797607421875 -0.0136642456054688 0.08636474609375
-0.055816650390625 -0.173355102539063 -0.0505523681640625 0.0813446044921875
0.04034423828125 -0.194198608398438 -0.0862579345703125 0.067596435546875
0.160919189453125 -0.185791015625 -0.0450019836425781 0.0445022583007812
0.19439697265625 -0.131317138671875 -0.0338592529296875 -0.105903625488281
0.127944946289063 -0.14337158203125 0.0629463195800781 -0.0677490234375
0.020294189453125 -0.2069091796875 0.0740203857421875 -0.13433837890625
-0.0906143188476562 -0.131248474121094 -0.0116729736328125 -0.149978637695313
-0.134498596191406 -0.0452499389648438 -0.0790252685546875 -0.0959625244140625
-0.107673645019531 0.05523681640625 -0.0867385864257813 -0.00705718994140624
-0.0655441284179687 0.104461669921875 -0.0439186096191406 0.0289764404296875
-0.0716552734375 0.10369873046875 -0.00545358657836915 0.00672483444213868
-0.0578231811523437 0.121795654296875 0.0219764709472656 0.00442123413085938
-0.0840682983398438 0.0904464721679688 0.0452957153320312 0.0147323608398438
-0.133468627929688 0.036041259765625 0.0420112609863281 0.0323867797851563
-0.144424438476563 -0.0554656982421875 0.0119552612304687 0.0732040405273438
-0.0463409423828125 -0.182144165039063 -0.0303573608398438 0.0759429931640625
0.0580291748046875 -0.187042236328125 -0.0687217712402344 0.0378532409667968
0.173446655273438 -0.160049438476563 0.00981235504150392 -0.000341415405273447
0.18365478515625 -0.076171875 0.0399017333984375 -0.141891479492188
0.148391723632813 -0.103729248046875 0.102241516113281 -0.0943832397460938
0.0605621337890625 -0.19244384765625 0.0984039306640625 -0.124565124511719
-0.0636749267578125 -0.143905639648438 0.027862548828125 -0.14208984375
-0.126907348632813 -0.0637130737304688 -0.0334548950195313 -0.105072021484375
-0.114952087402344 0.0452804565429688 -0.0489349365234375 -0.0366897583007812
-0.0723648071289062 0.0994644165039063 -0.0221042633056641 -0.0145111083984375
-0.0760955810546875 0.100349426269531 0.0101852416992187 -0.0324840545654297
-0.064178466796875 0.120384216308594 0.0376625061035156 -0.0355987548828125
-0.0878219604492187 0.0884323120117188 0.0684051513671875 -0.0169258117675781
-0.134971618652344 0.03057861328125 0.0651626586914062 0.0109176635742188
-0.133857727050781 -0.06353759765625 0.0351524353027344 0.0601272583007812
-0.0242767333984375 -0.176010131835938 -0.013824462890625 0.0702438354492188
0.0792694091796875 -0.158477783203125 -0.0524444580078125 0.00840377807617185
0.170394897460938 -0.111953735351563 0.0630226135253906 -0.037872314453125
0.137069702148438 -0.0098876953125 0.101715087890625 -0.160232543945312
0.135650634765625 -0.043670654296875 0.133026123046875 -0.1099853515625
0.0847244262695313 -0.137420654296875 0.111412048339844 -0.106864929199219
-0.0268707275390625 -0.123504638671875 0.0571746826171875 -0.124237060546875
-0.095184326171875 -0.0663833618164062 0.00656127929687499 -0.10186767578125
-0.0999603271484375 0.027801513671875 -0.0128860473632813 -0.0599098205566406
-0.0669708251953125 0.0791473388671875 -0.0011749267578125 -0.0536880493164063
-0.0693740844726562 0.0820693969726563 0.0235710144042969 -0.0674934387207031
-0.0631637573242188 0.102088928222656 0.0525360107421875 -0.0725936889648438
-0.0828704833984375 0.0738067626953125 0.0911102294921875 -0.0444412231445312
-0.122314453125 0.0179901123046875 0.0875167846679687 -0.00453948974609375
-0.109931945800781 -0.067626953125 0.0566024780273437 0.0515556335449219
0.00453186035156249 -0.154693603515625 7.62939453125238E-06 0.0682144165039062
0.0969696044921875 -0.112541198730469 -0.0325946807861328 -0.0134391784667969
0.149734497070313 -0.04791259765625 0.112373352050781 -0.0596084594726563
0.0663337707519531 0.055633544921875 0.13934326171875 -0.161605834960938
0.0935516357421875 0.0204238891601563 0.146697998046875 -0.117721557617188
0.0828857421875 -0.0606842041015625 0.109848022460938 -0.0892333984375
0.007171630859375 -0.077117919921875 0.0714111328125 -0.105567932128906
-0.04815673828125 -0.0532569885253906 0.0325164794921875 -0.0934906005859375
-0.0670814514160156 0.00811767578124998 0.0131149291992187 -0.0751571655273438
-0.0500679016113281 0.0466194152832031 0.0140304565429688 -0.0822525024414063
-0.0519180297851563 0.0515403747558594 0.0334091186523437 -0.0925521850585938
-0.0533409118652344 0.0688400268554688 0.0658493041992188 -0.100448608398438
-0.0672073364257812 0.04949951171875 0.110282897949219 -0.064422607421875
-0.095245361328125 0.00347137451171873 0.109634399414063 -0.0113525390625
-0.0742034912109375 -0.0634689331054688 0.0763473510742188 0.0512313842773437
0.0297470092773438 -0.115234375 0.00928497314453125 0.0711135864257812
0.100639343261719 -0.0540847778320313 -0.0123958587646484 -0.0241260528564453
0.107322692871094 0.021575927734375 0.151885986328125 -0.0618896484375
-0.0371475219726562 -0.0793380737304688 -0.146636962890625 0.077972412109375
-0.0621147155761719 0.00590515136718749 0.000646591186523437 0.0310878753662109
-0.0241165161132812 0.0476837158203125 -0.0105667114257813 -0.0769424438476562
0.02459716796875 0.0416717529296875 -0.0909652709960937 -0.0723190307617188
0.0456008911132813 0.0096588134765625 -0.122383117675781 -0.000320434570312524
0.0357513427734375 -0.0257797241210937 -0.114128112792969 0.0728530883789062
0.0208663940429688 -0.0222644805908203 -0.059173583984375 0.114952087402344
0.0215511322021484 -0.0122261047363281 -0.031402587890625 0.100776672363281
0.0243167877197266 -0.0101604461669922 -0.0149002075195312 0.0926437377929688
0.0211334228515625 0.00800323486328125 -0.0233306884765625 0.0850982666015625
0.00246238708496094 0.0280990600585938 -0.0326309204101563 0.0886154174804688
-0.04058837890625 0.0312385559082031 -0.0620269775390625 0.0973358154296875
-0.062255859375 -0.0252456665039062 -0.106986999511719 0.0807723999023438
-0.0425643920898438 -0.0763473510742187 -0.131141662597656 0.115447998046875
-0.00400543212890625 -0.109474182128906 -0.141204833984375 0.146713256835937
0.0261306762695313 -0.129684448242188 -0.154403686523438 0.0496368408203125
-0.0310783386230469 -0.0559616088867188 -0.00432968139648438 0.0205287933349609
-0.0400810241699219 -0.0196418762207031 -0.00589752197265625 -0.0931549072265625
-0.0207042694091797 0.0108890533447266 -0.0928192138671875 -0.0900726318359375
-0.00494670867919922 0.0120649337768555 -0.133056640625 -0.0137252807617187
0.00392246246337891 0.0064244270324707 -0.120819091796875 0.06988525390625
0.00359535217285156 0.0200538635253906 -0.0624313354492187 0.114044189453125
-0.002593994140625 0.0263900756835937 -0.0314407348632813 0.0948104858398437
0.00156211853027344 0.0312290191650391 -0.012969970703125 0.08807373046875
-0.0137996673583984 0.0307064056396484 -0.0155563354492187 0.0809707641601562
-0.0423927307128906 0.0234107971191406 -0.0220413208007813 0.0824813842773438
-0.07574462890625 -0.00638580322265627 -0.0515518188476563 0.0962371826171875
-0.054107666015625 -0.086822509765625 -0.089080810546875 0.081085205078125
-0.00694274902343749 -0.127212524414063 -0.114494323730469 0.108024597167969
0.0601348876953125 -0.15289306640625 -0.121612548828125 0.122688293457031
0.0918121337890625 -0.159683227539063 -0.138542175292969 0.00552368164062499
0.0148086547851563 -0.110336303710938 0.0037992000579834 -0.0018143653869629
-0.0435409545898437 -0.0947036743164063 0.00923919677734374 -0.111129760742188
-0.0635185241699219 -0.0316925048828125 -0.0817947387695313 -0.111961364746094
-0.0587654113769531 0.00536346435546875 -0.131637573242188 -0.0363616943359375
-0.0339546203613281 0.0348854064941406 -0.120063781738281 0.055419921875
-0.0176544189453125 0.0584182739257813 -0.0604782104492187 0.0982894897460938
-0.0268058776855469 0.0616989135742187 -0.02618408203125 0.0750350952148438
-0.0184555053710938 0.0698432922363281 -0.00443649291992187 0.0693778991699219
-0.0420265197753906 0.0553436279296875 0.00195312499999999 0.0660400390625
-0.0801315307617187 0.028594970703125 -0.00291442871093751 0.0707473754882813
-0.108131408691406 -0.0273513793945313 -0.031494140625 0.0933609008789063
-0.0573959350585938 -0.1322021484375 -0.0667190551757813 0.0817489624023437
0.013763427734375 -0.164764404296875 -0.0945205688476563 0.0924758911132812
0.107879638671875 -0.1788330078125 -0.0845413208007812 0.0867691040039063
0.144989013671875 -0.160537719726563 -0.0970611572265625 -0.0450515747070313
0.0671234130859375 -0.142471313476563 0.0255279541015625 -0.0323276519775391
-0.0274505615234375 -0.159454345703125 0.0334930419921875 -0.125617980957031
-0.0902938842773438 -0.0788650512695312 -0.0560379028320313 -0.131591796875
-0.103828430175781 -0.0114212036132812 -0.112861633300781 -0.0630035400390625
-0.0701484680175781 0.0524864196777344 -0.106292724609375 0.0298690795898437
-0.0387802124023438 0.0867843627929688 -0.0526962280273438 0.0686187744140625
-0.04730224609375 0.0875778198242188 -0.0166015625 0.0436363220214844
-0.0347976684570312 0.0993118286132813 0.00806045532226562 0.0388298034667969
-0.0610885620117188 0.0760421752929688 0.0233154296875 0.0411949157714844
-0.10626220703125 0.0371627807617187 0.0199737548828125 0.0524826049804688
-0.129638671875 -0.0367355346679687 -0.00733184814453126 0.084014892578125
-0.0612030029296875 -0.157501220703125 -0.0447769165039063 0.0786895751953125
0.02734375 -0.181503295898438 -0.0774002075195313 0.0679168701171875
0.13787841796875 -0.181182861328125 -0.0385322570800781 0.043670654296875
0.17138671875 -0.131698608398437 -0.0373611450195312 -0.0936813354492188
0.111442565917969 -0.1400146484375 0.0572624206542969 -0.0644073486328125
0.00607299804687498 -0.192306518554687 0.061553955078125 -0.129219055175781
-0.0906906127929688 -0.116325378417969 -0.0193099975585938 -0.140159606933594
-0.126335144042969 -0.033447265625 -0.0787506103515625 -0.0855255126953125
-0.0957794189453125 0.0561141967773437 -0.0807342529296875 -0.00145721435546875
-0.0544891357421875 0.099273681640625 -0.0383148193359375 0.0297584533691406
-0.0603485107421875 0.100059509277344 -0.0047907829284668 0.0071697235107422
-0.045562744140625 0.115516662597656 0.0210762023925781 0.00245857238769532
-0.0718536376953125 0.0872116088867188 0.0441398620605469 0.0118827819824219
-0.120063781738281 0.0405044555664063 0.0410003662109375 0.0299301147460938
-0.136344909667969 -0.0423660278320312 0.0149421691894531 0.0701446533203125
-0.0534515380859375 -0.166275024414063 -0.025299072265625 0.0726699829101562
0.0435943603515625 -0.176055908203125 -0.0626945495605469 0.0397148132324219
0.152053833007813 -0.158340454101563 0.00907325744628907 -0.000882148742675791
0.165130615234375 -0.08056640625 0.02850341796875 -0.131103515625
0.132125854492188 -0.104438781738281 0.0918197631835938 -0.0910568237304688
0.0441741943359375 -0.18170166015625 0.08544921875 -0.120658874511719
-0.0670623779296875 -0.129302978515625 0.0182647705078125 -0.13482666015625
-0.120765686035156 -0.0511322021484375 -0.0377197265625 -0.095855712890625
-0.103347778320312 0.0477371215820312 -0.0470695495605469 -0.0316658020019531
-0.0607833862304688 0.0950851440429688 -0.0212688446044922 -0.0117206573486328
-0.064453125 0.0977096557617188 0.00710487365722656 -0.0304069519042969
-0.0512313842773438 0.115188598632813 0.0336418151855469 -0.0359344482421875
-0.075531005859375 0.0863037109375 0.0635948181152344 -0.0193290710449219
-0.122222900390625 0.0360794067382812 0.0612144470214844 0.00859832763671875
-0.1275634765625 -0.0501327514648438 0.0359954833984375 0.056365966796875
-0.032684326171875 -0.1624755859375 -0.00994110107421874 0.0666732788085937
0.064300537109375 -0.151275634765625 -0.0495109558105469 0.0122032165527344
0.15179443359375 -0.114212036132813 0.0556793212890625 -0.0385360717773438
0.125999450683594 -0.0167007446289063 0.084625244140625 -0.151718139648438
0.124259948730469 -0.0475540161132812 0.119178771972656 -0.106864929199219
0.0696563720703125 -0.133171081542969 0.0984954833984375 -0.104324340820313
-0.0318984985351563 -0.112503051757812 0.0467071533203125 -0.1190185546875
-0.0918045043945312 -0.055511474609375 -0.000442504882812507 -0.0954360961914062
-0.0905685424804688 0.0317840576171875 -0.0146141052246094 -0.0549659729003906
-0.0563812255859375 0.0766983032226563 -0.00419235229492188 -0.0491981506347656
-0.0588531494140625 0.0805740356445313 0.0175247192382812 -0.0638885498046875
-0.0509414672851562 0.0986404418945313 0.0449485778808594 -0.0701026916503906
-0.0714340209960938 0.0731658935546875 0.0828094482421875 -0.046234130859375
-0.111366271972656 0.0248870849609375 0.0815353393554688 -0.007568359375
-0.106109619140625 -0.0551834106445312 0.0554542541503906 0.0470809936523437
-0.006195068359375 -0.144973754882813 0.00330734252929687 0.0637245178222656
0.0839004516601563 -0.111213684082031 -0.0327854156494141 -0.00883674621582031
0.1361083984375 -0.0535507202148438 0.0994644165039063 -0.0614166259765625
0.0644378662109375 0.0477218627929687 0.11871337890625 -0.154800415039063
0.0888671875 0.0138778686523437 0.130966186523438 -0.114341735839844
0.0724945068359375 -0.06195068359375 0.0992355346679688 -0.0878982543945313
0.00228881835937501 -0.0714569091796875 0.0616912841796875 -0.102767944335937
-0.0480880737304688 -0.0455513000488281 0.0240859985351562 -0.0893402099609375
-0.0614166259765625 0.0126457214355469 0.0083465576171875 -0.0705184936523438
-0.0430183410644531 0.0463714599609375 0.008056640625 -0.0767135620117188
-0.0444221496582031 0.0513343811035156 0.0249786376953125 -0.0877456665039062
-0.0436973571777344 0.0679206848144531 0.0549850463867187 -0.0972747802734375
-0.0586624145507813 0.0503273010253906 0.0997695922851563 -0.0661773681640625
-0.0874176025390625 0.0103302001953125 0.101310729980469 -0.0152664184570313
-0.0733184814453125 -0.0533905029296875 0.0730133056640625 0.0446319580078125
0.0194091796875 -0.10955810546875 0.0122299194335938 0.0665550231933594
0.09039306640625 -0.0568313598632813 -0.0147972106933594 -0.0199165344238281
0.101051330566406 0.0134201049804688 0.136177062988281 -0.0653610229492188
-0.0377197265625 -0.070709228515625 -0.132453918457031 0.0770416259765625
-0.0577507019042969 0.00840759277343749 0.0027923583984375 0.0277729034423828
-0.0199356079101562 0.0453758239746094 -0.0115890502929688 -0.07171630859375
0.0252265930175781 0.0376701354980469 -0.08740234375 -0.0653533935546875
0.0438156127929688 0.00556182861328125 -0.114364624023438 0.00257873535156252
0.0306949615478516 -0.026763916015625 -0.10546875 0.0714797973632812
0.0174026489257812 -0.0215282440185547 -0.0519561767578125 0.10858154296875
0.0183086395263672 -0.0124454498291016 -0.0261917114257812 0.0948104858398438
0.0211296081542969 -0.0103473663330078 -0.00975799560546875 0.08685302734375
0.0193462371826172 0.00555992126464844 -0.0185317993164063 0.0803298950195312
0.00330543518066406 0.0246143341064453 -0.0273513793945312 0.0845794677734375
-0.0354843139648438 0.0309906005859375 -0.0547409057617188 0.0936279296875
-0.0574874877929687 -0.0207481384277344 -0.0985565185546875 0.0782318115234375
-0.0422744750976563 -0.0690155029296875 -0.11932373046875 0.109764099121094
-0.00851440429687501 -0.101669311523438 -0.1258544921875 0.138778686523438
0.0191650390625 -0.12017822265625 -0.140640258789063 0.05133056640625
-0.0303916931152344 -0.0502777099609375 -0.00136566162109375 0.0186080932617187
-0.0374755859375 -0.0163230895996094 -0.00797271728515625 -0.0872879028320313
-0.017481803894043 0.0102882385253906 -0.0896377563476562 -0.082427978515625
-0.00324344635009766 0.00985622406005859 -0.124626159667969 -0.00972747802734376
0.00261259078979492 0.00423693656921387 -0.111381530761719 0.0692138671875
0.00268936157226563 0.0179557800292969 -0.0547103881835938 0.108367919921875
-0.00271987915039062 0.0245037078857422 -0.0261764526367187 0.0900421142578125
0.00176811218261719 0.0283584594726562 -0.00792694091796874 0.0827713012695313
-0.012481689453125 0.0278339385986328 -0.01129150390625 0.0762863159179688
-0.038116455078125 0.0214729309082031 -0.0182037353515625 0.078765869140625
-0.0691184997558594 -0.00313568115234375 -0.045074462890625 0.0928726196289063
-0.052001953125 -0.078216552734375 -0.082489013671875 0.078338623046875
-0.0101852416992188 -0.117622375488281 -0.104171752929688 0.103172302246094
0.0498809814453125 -0.14398193359375 -0.108299255371094 0.116500854492188
0.0790863037109375 -0.150070190429688 -0.127227783203125 0.010589599609375
0.0105514526367188 -0.102378845214844 0.00596380233764648 -0.00188016891479493
-0.0431976318359375 -0.0855331420898437 0.00534820556640624 -0.104507446289063
-0.0579032897949219 -0.0276832580566406 -0.0798492431640625 -0.103599548339844
-0.053253173828125 0.00585174560546876 -0.123825073242187 -0.0310287475585938
-0.0308456420898438 0.031494140625 -0.110649108886719 0.0552444458007812
-0.015228271484375 0.0538711547851563 -0.052947998046875 0.0934677124023438
-0.0237274169921875 0.0579605102539062 -0.0217437744140625 0.0713882446289062
-0.015655517578125 0.0642967224121094 -0.00102615356445313 0.0642433166503906
-0.0379371643066406 0.0513076782226563 0.0052337646484375 0.0622634887695313
-0.0727996826171875 0.0272979736328125 0.000476837158203113 0.0675125122070313
-0.100006103515625 -0.0221786499023438 -0.0266036987304688 0.0907135009765625
-0.056976318359375 -0.120613098144531 -0.0618133544921875 0.078643798828125
0.00846862792968748 -0.152694702148438 -0.0864410400390625 0.0887451171875
0.0944976806640625 -0.169586181640625 -0.0753173828125 0.082122802734375
0.128372192382813 -0.15313720703125 -0.0906524658203125 -0.0369644165039063
0.05859375 -0.133819580078125 0.0255508422851563 -0.0301227569580078
-0.0308837890625 -0.14666748046875 0.027740478515625 -0.1182861328125
-0.0849456787109375 -0.070343017578125 -0.05596923828125 -0.122283935546875
-0.0959320068359375 -0.00774383544921876 -0.107513427734375 -0.0556869506835938
-0.063446044921875 0.04913330078125 -0.0983505249023438 0.0304718017578125
-0.0333938598632813 0.0804443359375 -0.0462913513183594 0.06561279296875
-0.0419845581054688 0.0830307006835937 -0.0141181945800781 0.0420303344726563
-0.02911376953125 0.0925445556640625 0.00978851318359374 0.0360450744628906
-0.054168701171875 0.071319580078125 0.0242729187011719 0.0387954711914063
-0.0965957641601563 0.0364761352539062 0.0211105346679687 0.0497398376464844
-0.120864868164063 -0.0297698974609375 -0.0040283203125 0.081695556640625
-0.0615234375 -0.144332885742188 -0.0412826538085938 0.07513427734375
0.0204925537109375 -0.168991088867188 -0.0711669921875 0.0663299560546875
0.1220703125 -0.173141479492188 -0.0346145629882812 0.0413093566894531
0.154083251953125 -0.12701416015625 -0.0371551513671875 -0.0835952758789063
0.100082397460938 -0.133033752441406 0.0539169311523438 -0.0601234436035156
-0.000732421874999988 -0.178146362304688 0.05426025390625 -0.121826171875
-0.0870361328125 -0.10479736328125 -0.02142333984375 -0.131484985351563
-0.117538452148437 -0.02734375 -0.0766220092773438 -0.0774459838867188
-0.0866928100585938 0.0541610717773438 -0.0750274658203125 0.00047302246093749
-0.0473861694335937 0.0927963256835938 -0.0343875885009766 0.0294551849365234
-0.0533447265625 0.0950393676757813 -0.00431203842163086 0.00726604461669922
-0.0380935668945313 0.108131408691406 0.0204849243164063 0.00161552429199219
-0.0637969970703125 0.08245849609375 0.0427627563476563 0.00990295410156251
-0.1090087890625 0.041015625 0.0403518676757812 0.02886962890625
-0.126945495605469 -0.0345230102539063 0.0161972045898437 0.0676803588867188
-0.0554046630859375 -0.153366088867188 -0.023284912109375 0.0691413879394531
0.0359039306640625 -0.16448974609375 -0.0588188171386719 0.0401573181152344
0.13580322265625 -0.15252685546875 0.00848484039306641 -0.00125455856323243
0.149948120117188 -0.07928466796875 0.022491455078125 -0.120254516601562
0.121162414550781 -0.100593566894531 0.084869384765625 -0.0851211547851563
0.0349273681640625 -0.17034912109375 0.076873779296875 -0.114608764648438
-0.06591796875 -0.117912292480469 0.0134124755859375 -0.127067565917969
-0.113739013671875 -0.043487548828125 -0.0386886596679688 -0.088134765625
-0.094207763671875 0.0472488403320313 -0.0446395874023438 -0.0282783508300781
-0.0531005859375 0.0898895263671875 -0.0196609497070313 -0.00983619689941406
-0.0568618774414062 0.093017578125 0.0051422119140625 -0.0279617309570312
-0.0429763793945313 0.108238220214844 0.0303535461425781 -0.0343456268310547
-0.066314697265625 0.0820999145507812 0.0598220825195312 -0.0196151733398437
-0.110954284667969 0.0380172729492188 0.0579109191894531 0.00807571411132813
-0.119697570800781 -0.0415191650390625 0.0351753234863281 0.0541038513183594
-0.0367431640625 -0.150543212890625 -0.00867843627929688 0.0630607604980469
0.05572509765625 -0.142410278320313 -0.0470314025878906 0.0141677856445312
0.137214660644531 -0.111541748046875 0.0504341125488281 -0.0371856689453125
0.116302490234375 -0.0187835693359375 0.0740509033203125 -0.140823364257813
0.114883422851563 -0.0478591918945313 0.109428405761719 -0.100814819335938
0.0599136352539063 -0.126396179199219 0.0903244018554688 -0.100082397460938
-0.0328750610351563 -0.104019165039063 0.0408096313476563 -0.11279296875
-0.0873565673828125 -0.0484542846679687 -0.00370788574218751 -0.088287353515625
-0.0830230712890625 0.0324325561523438 -0.0150070190429688 -0.0509834289550781
-0.04937744140625 0.0732498168945313 -0.00517654418945313 -0.0452232360839844
-0.0521697998046875 0.0772476196289063 0.0137138366699219 -0.0594596862792969
-0.0425262451171875 0.0932769775390625 0.0397796630859375 -0.0667953491210938
-0.0633926391601562 0.070526123046875 0.07659912109375 -0.0456619262695312
-0.101898193359375 0.0275650024414062 0.0761871337890625 -0.00720977783203125
-0.100746154785156 -0.0469512939453125 0.052764892578125 0.0444068908691406
-0.010955810546875 -0.1351318359375 0.003662109375 0.0602073669433594
0.0750961303710938 -0.106430053710938 -0.0320148468017578 -0.00551605224609376
0.125030517578125 -0.0543975830078125 0.090087890625 -0.059783935546875
0.0618820190429688 0.0428657531738281 0.105316162109375 -0.145050048828125
0.0831451416015625 0.00982666015625 0.120223999023438 -0.108268737792969
0.0648727416992188 -0.0610580444335938 0.0916366577148438 -0.08477783203125
-0.000324249267578129 -0.0666732788085938 0.0546875 -0.0982742309570313
-0.04644775390625 -0.0403671264648437 0.0196609497070312 -0.0835037231445313
-0.0562934875488281 0.0144119262695313 0.00572967529296875 -0.0663223266601563
-0.0376014709472656 0.0449638366699219 0.00504302978515625 -0.0712661743164063
-0.0389213562011719 0.0500717163085938 0.0197525024414062 -0.0820770263671875
-0.0365829467773438 0.0652885437011719 0.048004150390625 -0.09228515625
-0.0518302917480469 0.0493240356445312 0.0917510986328125 -0.0644149780273438
-0.0803375244140625 0.0138931274414063 0.0943145751953125 -0.0156173706054688
-0.070556640625 -0.0458145141601562 0.0687408447265625 0.0410499572753906
0.0134429931640625 -0.103584289550781 0.0127639770507812 0.0627632141113281
0.0823593139648438 -0.057159423828125 -0.0159273147583008 -0.0163936614990234
0.09478759765625 0.00887298583984375 0.123397827148437 -0.0645675659179688
-0.0375862121582031 -0.0650825500488281 -0.12371826171875 0.0748977661132812
-0.0544891357421875 0.00976562500000001 0.00435066223144531 0.025177001953125
-0.0176315307617188 0.0436935424804688 -0.0117340087890625 -0.0690460205078125
0.0263519287109375 0.0345859527587891 -0.0842819213867187 -0.0625152587890625
0.0418128967285156 0.00254058837890625 -0.108955383300781 0.00266265869140626
0.0273265838623047 -0.0267524719238281 -0.0998687744140625 0.069915771484375
0.0144119262695313 -0.0203914642333984 -0.0477218627929688 0.10467529296875
0.0163068771362305 -0.0121278762817383 -0.0230789184570312 0.0911178588867187
0.0187225341796875 -0.0106391906738281 -0.00722503662109375 0.0821304321289063
0.017359733581543 0.00397205352783203 -0.0163345336914063 0.0768661499023438
0.00333595275878906 0.0224533081054688 -0.0244216918945312 0.081390380859375
-0.0315513610839844 0.0304317474365234 -0.0504226684570313 0.0902023315429687
-0.0537605285644531 -0.0181694030761719 -0.0945510864257812 0.0754623413085938
-0.0409698486328125 -0.0644607543945312 -0.112197875976563 0.104766845703125
-0.011077880859375 -0.0956954956054687 -0.116363525390625 0.131301879882813
0.0152206420898438 -0.112464904785156 -0.130867004394531 0.0513763427734375
-0.0296287536621094 -0.046173095703125 0.000888824462890623 0.0172233581542969
-0.0351028442382813 -0.0142078399658203 -0.0082550048828125 -0.0828170776367188
-0.0148487091064453 0.00992393493652344 -0.0867462158203125 -0.0778427124023438
-0.00193405151367188 0.00775814056396484 -0.118644714355469 -0.00859069824218749
0.00180959701538086 0.00248169898986816 -0.105812072753906 0.0674819946289062
0.00153541564941406 0.0163908004760742 -0.0502700805664063 0.104095458984375
-0.00299453735351562 0.0229415893554688 -0.02313232421875 0.0862197875976563
0.00102043151855469 0.026092529296875 -0.00559234619140624 0.078704833984375
-0.0118465423583984 0.0251884460449219 -0.00869750976562501 0.0731735229492188
-0.0356063842773438 0.0198554992675781 -0.0154800415039062 0.0762863159179688
-0.0642433166503906 -0.00218200683593751 -0.0411605834960937 0.0906448364257812
-0.0495986938476562 -0.0729598999023438 -0.0793609619140625 0.0756759643554688
-0.011260986328125 -0.110443115234375 -0.0981369018554688 0.0985183715820312
0.0444259643554688 -0.137191772460938 -0.10028076171875 0.110427856445312
0.07135009765625 -0.142349243164063 -0.118812561035156 0.0130462646484375
0.00870513916015626 -0.0963211059570312 0.00794363021850586 -0.00167369842529298
-0.0420608520507813 -0.0798873901367188 0.00398254394531251 -0.0994491577148437
-0.0540504455566406 -0.0251846313476562 -0.0775985717773438 -0.0983734130859375
-0.0489425659179687 0.00523757934570313 -0.118400573730469 -0.028411865234375
-0.0289039611816406 0.0284671783447266 -0.10504150390625 0.0538482666015625
-0.014556884765625 0.0504913330078125 -0.0486221313476563 0.0899658203125
-0.0221900939941406 0.055633544921875 -0.019775390625 0.0683670043945312
-0.0142478942871094 0.0602149963378906 0.000831604003906255 0.0613822937011719
-0.0352783203125 0.0473594665527344 0.00640869140624999 0.0595283508300781
-0.0681953430175781 0.0256729125976563 0.00181198120117187 0.06524658203125
-0.0939102172851562 -0.0197677612304688 -0.0236587524414063 0.0886611938476563
-0.05523681640625 -0.113365173339844 -0.0594558715820313 0.0762176513671875
0.00628662109375 -0.144119262695313 -0.08135986328125 0.084991455078125
0.085784912109375 -0.162399291992187 -0.0696182250976563 0.0783538818359375
0.118179321289063 -0.14544677734375 -0.0855560302734375 -0.032012939453125
0.0541610717773437 -0.127418518066406 0.0261154174804688 -0.028472900390625
-0.031951904296875 -0.137504577636719 0.0247879028320312 -0.112030029296875
-0.080230712890625 -0.0647811889648437 -0.0553970336914063 -0.116470336914063
-0.0898056030273438 -0.00631713867187498 -0.103462219238281 -0.052276611328125
-0.0595703125 0.0465736389160156 -0.0934600830078125 0.0302734375
-0.0307540893554687 0.0760955810546875 -0.0420875549316406 0.0635261535644531
-0.0387191772460937 0.0795059204101563 -0.0128631591796875 0.0407943725585938
-0.0262222290039062 0.0871429443359375 0.0103378295898437 0.0340766906738281
-0.0503120422363281 0.0670013427734375 0.0243492126464844 0.0368194580078125
-0.09039306640625 0.0348434448242188 0.0213546752929687 0.0488471984863281
-0.114295959472656 -0.0258941650390625 -0.00214385986328125 0.0802459716796875
-0.060699462890625 -0.136703491210938 -0.0400466918945312 0.073394775390625
0.017486572265625 -0.159652709960938 -0.0673408508300781 0.0643882751464844
0.112640380859375 -0.166259765625 -0.0319557189941406 0.0389404296875
0.143585205078125 -0.121597290039062 -0.035888671875 -0.0765457153320313
0.0935516357421875 -0.127342224121094 0.0526618957519531 -0.0564765930175781
-0.00401306152343751 -0.168655395507812 0.0505599975585938 -0.115859985351563
-0.0828170776367187 -0.097747802734375 -0.0228729248046875 -0.125984191894531
-0.111473083496094 -0.0239334106445313 -0.073944091796875 -0.0725555419921875
-0.081298828125 0.0513381958007813 -0.0714187622070312 0.00155639648437499
-0.0433731079101562 0.0879364013671875 -0.0317611694335937 0.0290164947509766
-0.0494308471679688 0.0920181274414063 -0.0038604736328125 0.00769996643066407
-0.0342025756835938 0.102149963378906 0.0199089050292969 0.00135421752929688
-0.0582504272460937 0.0778579711914063 0.0419425964355469 0.00895690917968751
-0.101760864257813 0.0401382446289063 0.0394439697265625 0.0282363891601563
-0.1204833984375 -0.0304183959960937 0.0167694091796875 0.0670585632324219
-0.0552215576171875 -0.14459228515625 -0.0228729248046875 0.0672645568847656
0.0322418212890625 -0.156036376953125 -0.0561370849609375 0.0397262573242188
0.126953125 -0.147674560546875 0.0077047348022461 -0.00153255462646485
0.140838623046875 -0.0756683349609375 0.0203399658203125 -0.111625671386719
0.114234924316406 -0.0972824096679687 0.0811843872070313 -0.08062744140625
0.030059814453125 -0.161636352539063 0.0720062255859375 -0.109504699707031
-0.0635604858398437 -0.110572814941406 0.0107879638671875 -0.121978759765625
-0.108062744140625 -0.039337158203125 -0.03826904296875 -0.083343505859375
-0.0880584716796875 0.0453262329101562 -0.0422935485839844 -0.0262222290039063
-0.048431396484375 0.0855941772460937 -0.0182552337646484 -0.00856208801269531
-0.052490234375 0.08935546875 0.00434112548828125 -0.0261154174804687
-0.0379180908203125 0.103004455566406 0.0284347534179688 -0.0330963134765625
-0.061004638671875 0.0779876708984375 0.0574760437011719 -0.0195083618164063
-0.103507995605469 0.0372543334960937 0.0558395385742187 0.008636474609375
-0.113945007324219 -0.036376953125 0.0347785949707031 0.0535163879394531
-0.037750244140625 -0.142227172851563 -0.008880615234375 0.0612106323242187
0.051055908203125 -0.135871887207031 -0.0451583862304688 0.0155105590820313
0.128524780273438 -0.108055114746094 0.0465278625488281 -0.0356330871582031
0.110282897949219 -0.0185470581054687 0.0679855346679688 -0.132072448730469
0.109153747558594 -0.0474853515625 0.103843688964844 -0.0951766967773438
0.0540695190429687 -0.121360778808594 0.0857772827148438 -0.0955047607421875
-0.0320587158203125 -0.09783935546875 0.0374832153320312 -0.108909606933594
-0.0835723876953125 -0.04412841796875 -0.00492095947265625 -0.084259033203125
-0.07806396484375 0.03216552734375 -0.0147209167480469 -0.048126220703125
-0.0451087951660156 0.0699348449707031 -0.00575637817382813 -0.0425949096679687
-0.0476837158203125 0.0747451782226563 0.0117607116699219 -0.0561065673828125
-0.0377197265625 0.0891571044921875 0.0368232727050781 -0.0642013549804687
-0.057647705078125 0.0673561096191406 0.0724716186523437 -0.0448150634765625
-0.0947723388671875 0.0278549194335937 0.0726852416992187 -0.00646209716796875
-0.0962142944335938 -0.0415420532226562 0.0508155822753906 0.04376220703125
-0.0142135620117188 -0.127723693847656 0.00322723388671875 0.05816650390625
0.0694732666015625 -0.102432250976563 -0.0319290161132812 -0.00360107421875001
0.117469787597656 -0.0538330078125 0.0831832885742188 -0.0570297241210938
0.0590782165527344 0.0402946472167969 0.0976715087890625 -0.13616943359375
0.0796356201171875 0.007720947265625 0.113517761230469 -0.102348327636719
0.0593376159667969 -0.0595359802246094 0.0879058837890625 -0.0809555053710937
-0.00188064575195312 -0.0631942749023438 0.0516433715820313 -0.0947113037109375
-0.0454063415527344 -0.037353515625 0.01690673828125 -0.0800628662109375
-0.052764892578125 0.0153388977050781 0.00489425659179688 -0.0630760192871094
-0.0339469909667969 0.0433540344238281 0.00301742553710937 -0.0672416687011719
-0.0359420776367187 0.0488624572753906 0.016754150390625 -0.0779571533203125
-0.032379150390625 0.063262939453125 0.0435638427734375 -0.0880813598632813
-0.0473289489746094 0.0480995178222656 0.08636474609375 -0.0631103515625
-0.0748977661132812 0.0153045654296875 0.0896530151367188 -0.014678955078125
-0.0678977966308594 -0.041107177734375 0.0660285949707031 0.0399742126464844
0.00936126708984376 -0.0988845825195313 0.0121421813964844 0.0599746704101562
0.0769500732421875 -0.0562515258789063 -0.0170059204101562 -0.0138778686523438
0.0899200439453125 0.006591796875 0.114952087402344 -0.06256103515625
-0.0372200012207031 -0.0611648559570313 -0.117324829101563 0.0746231079101563
-0.052520751953125 0.0113945007324219 0.00566673278808594 0.0241107940673828
-0.0154190063476563 0.0432624816894531 -0.0116844177246094 -0.0676116943359375
0.0274715423583984 0.0320835113525391 -0.0834426879882813 -0.0598220825195313
0.0408515930175781 -0.00020599365234375 -0.106758117675781 0.00325775146484373
0.0243568420410156 -0.0269088745117188 -0.0964813232421875 0.0701904296875
0.0128116607666016 -0.0197849273681641 -0.04449462890625 0.102409362792969
0.0150966644287109 -0.0122871398925781 -0.020111083984375 0.0894775390625
0.0166482925415039 -0.0109367370605469 -0.0047760009765625 0.08001708984375
0.0159587860107422 0.00250244140625 -0.0140762329101562 0.0753021240234375
0.00406646728515625 0.0202865600585938 -0.0220565795898437 0.080322265625
-0.0286521911621094 0.0295219421386719 -0.0471343994140625 0.0897750854492188
-0.0515327453613281 -0.0163993835449219 -0.0919036865234375 0.0746994018554688
-0.0412979125976563 -0.0611419677734375 -0.10791015625 0.102043151855469
-0.0135498046875 -0.0924148559570312 -0.109886169433594 0.127586364746094
0.0125503540039062 -0.107696533203125 -0.124603271484375 0.0526809692382813
-0.0293083190917969 -0.0431327819824219 0.00267314910888672 0.0164117813110352
-0.033721923828125 -0.0120182037353516 -0.00899505615234375 -0.0807571411132813
-0.0121793746948242 0.00922966003417969 -0.0860137939453125 -0.0753250122070312
-0.000903129577636719 0.00600147247314453 -0.116348266601563 -0.00736999511718749
0.000584959983825683 0.00136256217956543 -0.102523803710938 0.06756591796875
0.000597000122070311 0.0156126022338867 -0.0465240478515625 0.102546691894531
-0.00320053100585937 0.022247314453125 -0.0207672119140625 0.0849685668945313
0.000553131103515627 0.0244617462158203 -0.003204345703125 0.0766830444335938
-0.012115478515625 0.0231742858886719 -0.006866455078125 0.07177734375
-0.0342273712158203 0.0182552337646484 -0.0135650634765625 0.0757064819335938
-0.0606842041015625 -0.00117874145507812 -0.0382232666015625 0.0903091430664062
-0.0484962463378906 -0.0700416564941406 -0.0773544311523437 0.0748748779296875
-0.0127487182617187 -0.106422424316406 -0.0939788818359375 0.0962905883789063
0.0398635864257813 -0.133522033691406 -0.0946197509765625 0.107215881347656
0.0664825439453125 -0.137069702148438 -0.113746643066406 0.0157470703125
0.00664520263671875 -0.0928115844726563 0.00947475433349609 -0.00187969207763672
-0.041900634765625 -0.0754318237304688 0.00283813476562501 -0.0967941284179688
-0.0513458251953125 -0.0233955383300781 -0.078125 -0.0954055786132813
-0.0469589233398438 0.00539779663085937 -0.116111755371094 -0.0266876220703125
-0.0286159515380859 0.0269908905029297 -0.101264953613281 0.054443359375
-0.0137977600097656 0.048736572265625 -0.0452423095703125 0.0888595581054688
-0.0209083557128906 0.0543289184570313 -0.0176620483398438 0.0674972534179688
-0.0137939453125 0.0577926635742188 0.00263214111328125 0.0601310729980469
-0.0338172912597656 0.045166015625 0.00804901123046874 0.0581283569335938
-0.0655517578125 0.0243759155273438 0.00348663330078125 0.0653648376464844
-0.0902633666992187 -0.0175857543945312 -0.0204696655273438 0.0889358520507813
-0.0548324584960938 -0.109207153320313 -0.0589141845703125 0.0756607055664063
0.00431060791015623 -0.138824462890625 -0.0785140991210937 0.0835800170898437
0.07977294921875 -0.158416748046875 -0.0657424926757813 0.0759124755859375
0.111343383789062 -0.14154052734375 -0.082183837890625 -0.0277252197265625
0.050079345703125 -0.123939514160156 0.0272045135498047 -0.0272769927978516
-0.0337982177734375 -0.131683349609375 0.0230712890625 -0.109764099121094
-0.077880859375 -0.0616683959960938 -0.056396484375 -0.113365173339844
-0.0865249633789063 -0.00539398193359375 -0.10174560546875 -0.0498275756835937
-0.0570182800292969 0.0439987182617188 -0.0905303955078125 0.0311126708984375
-0.0289230346679688 0.0737838745117188 -0.0392341613769531 0.0630035400390625
-0.0364227294921875 0.0782470703125 -0.0117530822753906 0.0406227111816406
-0.02435302734375 0.0843582153320312 0.0114650726318359 0.0329952239990234
-0.0477142333984375 0.06451416015625 0.0254478454589844 0.0353660583496094
-0.0868377685546875 0.0344314575195313 0.0224456787109375 0.0488967895507813
-0.110176086425781 -0.0233993530273437 -0.000404357910156253 0.0810775756835938
-0.0608139038085937 -0.131210327148438 -0.0391159057617188 0.072784423828125
0.0147705078125 -0.154342651367188 -0.0650405883789062 0.0640869140625
0.105865478515625 -0.163375854492188 -0.0297317504882812 0.0378837585449219
0.137001037597656 -0.119071960449219 -0.035400390625 -0.071502685546875
0.0890960693359375 -0.124702453613281 0.0522499084472656 -0.0547866821289063
-0.00706481933593752 -0.162933349609375 0.0477981567382812 -0.113777160644531
-0.0813674926757813 -0.0929489135742188 -0.0248336791992188 -0.122917175292969
-0.107948303222656 -0.0215682983398437 -0.0739822387695312 -0.0701980590820313
-0.0781936645507813 0.05010986328125 -0.0695037841796875 0.00239944458007813
-0.0399017333984375 0.0858535766601562 -0.0298500061035156 0.0291748046875
-0.0460128784179688 0.09039306640625 -0.00408077239990235 0.00834989547729493
-0.0307464599609375 0.0990447998046875 0.0197544097900391 0.00100708007812501
-0.0553131103515625 0.0753707885742188 0.0417556762695313 0.00844192504882813
-0.0972518920898438 0.0397415161132813 0.0393142700195312 0.0288314819335938
-0.116493225097656 -0.0270843505859375 0.0187950134277344 0.0680770874023438
-0.056365966796875 -0.139335632324219 -0.0228118896484375 0.0669975280761719
0.0286407470703125 -0.151687622070313 -0.0544967651367188 0.0407257080078125
0.119369506835938 -0.14605712890625 0.00684833526611329 -0.0017228126525879
0.134986877441406 -0.0752487182617188 0.0178680419921875 -0.105819702148438
0.109687805175781 -0.0961532592773438 0.0795974731445313 -0.0774688720703125
0.0253448486328125 -0.157394409179687 0.0691146850585937 -0.107650756835938
-0.0631484985351563 -0.106346130371094 0.00848388671875 -0.119712829589844
-0.105728149414063 -0.0364532470703125 -0.03887939453125 -0.0806732177734375
-0.0843505859375 0.0449066162109375 -0.0415306091308594 -0.0249519348144531
-0.0447616577148438 0.083648681640625 -0.0176181793212891 -0.0073719024658203
-0.0488052368164062 0.0888671875 0.00352859497070312 -0.0250320434570312
-0.034210205078125 0.100189208984375 0.0272388458251953 -0.0325927734375
-0.056976318359375 0.0757522583007813 0.0563583374023437 -0.0201454162597656
-0.0986709594726563 0.0381088256835938 0.0553550720214844 0.00897216796875
-0.110496520996094 -0.0327682495117188 0.0353012084960937 0.0541305541992188
-0.0404586791992187 -0.1373291015625 -0.00869750976562501 0.0610275268554687
0.0471725463867188 -0.132865905761719 -0.0449447631835938 0.0170364379882812
0.121955871582031 -0.107704162597656 0.0438156127929688 -0.0356597900390625
0.10675048828125 -0.0197067260742188 0.06378173828125 -0.126182556152344
0.1060791015625 -0.0481109619140625 0.100730895996094 -0.0923309326171875
0.0495834350585937 -0.119232177734375 0.0830078125 -0.0940093994140625
-0.0332794189453125 -0.0948486328125 0.0345458984375 -0.107719421386719
-0.0820999145507813 -0.040985107421875 -0.006591796875 -0.0824203491210938
-0.0749588012695313 0.0330886840820313 -0.0147781372070313 -0.0470657348632813
-0.0416641235351562 0.0687370300292969 -0.00627136230468751 -0.0405387878417969
-0.0444717407226563 0.0745468139648438 0.00971603393554687 -0.0541725158691406
-0.0339736938476563 0.087249755859375 0.0347404479980469 -0.0633087158203125
-0.0537643432617187 0.0664825439453125 0.0703964233398438 -0.0447616577148438
-0.0904998779296875 0.02947998046875 0.0712890625 -0.005706787109375
-0.09375 -0.0375289916992187 0.050384521484375 0.0437774658203125
-0.017669677734375 -0.12408447265625 0.00319671630859375 0.0572471618652344
0.0655517578125 -0.101234436035156 -0.0321693420410156 -0.00130271911621094
0.112625122070313 -0.055328369140625 0.079376220703125 -0.0565185546875
0.058624267578125 0.0383453369140625 0.09234619140625 -0.130935668945312
0.0778350830078125 0.00531005859375 0.109756469726563 -0.099578857421875
0.055755615234375 -0.059814453125 0.0858535766601563 -0.0803298950195313
-0.00333786010742187 -0.0613441467285156 0.04876708984375 -0.09405517578125
-0.0450706481933594 -0.0344009399414062 0.0150070190429688 -0.0787277221679688
-0.0509223937988281 0.0167694091796875 0.00362777709960937 -0.0613822937011719
-0.0311660766601562 0.043365478515625 0.00129318237304687 -0.0652923583984375
-0.0333290100097656 0.049041748046875 0.0141448974609375 -0.0752029418945313
-0.0290374755859375 0.0618782043457031 0.0403671264648437 -0.0866165161132812
-0.0440444946289063 0.0475997924804687 0.0831527709960937 -0.0631561279296875
-0.0713882446289063 0.0172653198242187 0.0872573852539063 -0.0145721435546875
-0.0669097900390625 -0.0372581481933594 0.0651397705078125 0.0395164489746094
0.00577545166015625 -0.09637451171875 0.0118446350097656 0.0594367980957031
0.0733642578125 -0.0574493408203125 -0.0178890228271484 -0.0119113922119141
0.087127685546875 0.00418853759765625 0.109634399414062 -0.0612564086914062
-0.0382881164550781 -0.0574760437011719 -0.111305236816406 0.0764541625976563
-0.0506591796875 0.0142326354980469 0.00797462463378906 0.0220432281494141
-0.01251220703125 0.043365478515625 -0.0129013061523438 -0.0666236877441406
0.0291824340820313 0.0291061401367188 -0.0840377807617187 -0.05706787109375
0.0394325256347656 -0.00324249267578125 -0.105552673339844 0.00580596923828123
0.0210018157958984 -0.0271759033203125 -0.0928421020507813 0.0720596313476562
0.0100288391113281 -0.0193214416503906 -0.0396728515625 0.102645874023438
0.0134353637695313 -0.0120515823364258 -0.01580810546875 0.0883636474609375
0.0149765014648438 -0.0117197036743164 -0.000976562499999998 0.07794189453125
0.014348030090332 0.00128746032714844 -0.0108489990234375 0.074493408203125
0.00402450561523437 0.0191688537597656 -0.018310546875 0.080535888671875
-0.0257415771484375 0.0298671722412109 -0.04290771484375 0.0899887084960937
-0.0499458312988281 -0.0136260986328125 -0.0888519287109375 0.0762710571289062
-0.0429344177246094 -0.0574378967285156 -0.103004455566406 0.102134704589844
-0.0173110961914063 -0.0886611938476563 -0.102767944335938 0.126625061035156
0.00864410400390624 -0.104705810546875 -0.118919372558594 0.0557403564453125
-0.0295677185058594 -0.0397796630859375 0.00486278533935547 0.0151205062866211
-0.0323848724365234 -0.0102748870849609 -0.0106048583984375 -0.0791702270507812
-0.0104637145996094 0.00864505767822266 -0.0872879028320313 -0.0716094970703125
-0.00087881088256836 0.00415611267089844 -0.114921569824219 -0.00424957275390627
-0.000887036323547363 0.000292420387268067 -0.0983657836914063 0.0703659057617187
0.000388145446777345 0.0154638290405273 -0.0413360595703125 0.102180480957031
-0.00307655334472656 0.0221214294433594 -0.0163345336914063 0.0841751098632813
0.000560760498046877 0.0235519409179688 0.000579833984375006 0.0747299194335937
-0.0119895935058594 0.0219936370849609 -0.00347900390625 0.0704803466796875
-0.0330619812011719 0.0177974700927734 -0.0101089477539062 0.075714111328125
-0.0579605102539063 0.00064468383789062 -0.0333709716796875 0.0910491943359375
-0.0492172241210937 -0.066314697265625 -0.074554443359375 0.0763778686523438
-0.0153732299804687 -0.102378845214844 -0.0894775390625 0.09619140625
0.0331039428710937 -0.130851745605469 -0.0882415771484375 0.106590270996094
0.0593643188476563 -0.135421752929688 -0.109642028808594 0.0204620361328125
0.003662109375 -0.090240478515625 0.0115146636962891 -0.00221061706542969
-0.043609619140625 -0.071075439453125 0.000419616699218748 -0.0947341918945313
-0.0493202209472656 -0.0215415954589844 -0.0799713134765625 -0.09112548828125
-0.0450706481933594 0.00560379028320312 -0.115142822265625 -0.022674560546875
-0.0278987884521484 0.0259456634521484 -0.0976486206054688 0.0571975708007813
-0.0124397277832031 0.0476417541503906 -0.040191650390625 0.0883636474609375
-0.019012451171875 0.0541191101074219 -0.0144500732421875 0.0672340393066406
-0.01171875 0.0567169189453125 0.00587081909179688 0.0586395263671875
-0.032501220703125 0.0438346862792969 0.0110664367675781 0.0566596984863281
-0.0631828308105469 0.0252914428710937 0.00625610351562499 0.0656204223632813
-0.0877456665039062 -0.0143890380859375 -0.01617431640625 0.0897979736328125
-0.0567703247070313 -0.104331970214844 -0.0562973022460938 0.0767745971679688
-0.000228881835937509 -0.135284423828125 -0.074676513671875 0.084136962890625
0.07110595703125 -0.157440185546875 -0.061279296875 0.0759048461914062
0.1041259765625 -0.140838623046875 -0.0797500610351563 -0.0227890014648438
0.0450286865234375 -0.122329711914062 0.0276985168457031 -0.0271987915039063
-0.0374832153320313 -0.1265869140625 0.0193099975585938 -0.107872009277344
-0.0766067504882813 -0.0574493408203125 -0.059661865234375 -0.110099792480469
-0.0845870971679688 -0.0023651123046875 -0.102188110351563 -0.0456924438476563
-0.0546607971191406 0.044219970703125 -0.0877227783203125 0.0336990356445313
-0.02587890625 0.0721359252929688 -0.035552978515625 0.0632705688476562
-0.0325546264648438 0.0783157348632813 -0.00943756103515625 0.0407752990722656
-0.020843505859375 0.0827407836914062 0.0126724243164063 0.0323333740234375
-0.0446205139160156 0.0634956359863281 0.0275039672851562 0.0340557098388672
-0.0831832885742188 0.0352859497070312 0.0245513916015625 0.0484619140625
-0.107551574707031 -0.01947021484375 0.00353240966796874 0.0816116333007813
-0.0641403198242187 -0.125679016113281 -0.0381011962890625 0.07421875
0.009521484375 -0.1505126953125 -0.06201171875 0.064849853515625
0.0966949462890625 -0.163253784179688 -0.0283241271972656 0.0377273559570312
0.12982177734375 -0.1197509765625 -0.0357093811035156 -0.0665779113769531
0.0830841064453125 -0.124687194824219 0.0513916015625 -0.0540199279785156
-0.0131683349609375 -0.158187866210938 0.0439071655273437 -0.112411499023438
-0.0813140869140625 -0.0884246826171875 -0.0290298461914062 -0.120529174804688
-0.106269836425781 -0.0178985595703125 -0.075225830078125 -0.0669097900390625
-0.0745849609375 0.0509109497070312 -0.0679740905761719 0.00468826293945311
-0.0367050170898438 0.0845718383789063 -0.0271549224853516 0.0298252105712891
-0.041473388671875 0.0904998779296875 -0.00323772430419922 0.00861597061157227
-0.0263519287109375 0.0975875854492188 0.0197086334228516 0.000293731689453131
-0.0509262084960938 0.0748062133789063 0.042083740234375 0.00681686401367188
-0.0928192138671875 0.0415878295898438 0.0405387878417969 0.0287017822265625
-0.114067077636719 -0.0223312377929688 0.021636962890625 0.0685157775878906
-0.0608367919921875 -0.133819580078125 -0.0215110778808594 0.06787109375
0.0228118896484375 -0.14892578125 -0.0527839660644531 0.04229736328125
0.110595703125 -0.146469116210938 0.00673389434814454 -0.00166463851928712
0.129562377929688 -0.0774002075195313 0.0148162841796875 -0.101852416992188
0.104202270507813 -0.0978851318359375 0.076934814453125 -0.0771026611328125
0.018890380859375 -0.154861450195313 0.0656509399414063 -0.107223510742188
-0.0642471313476563 -0.101921081542969 0.00394439697265625 -0.118156433105469
-0.104705810546875 -0.0311813354492188 -0.0416488647460938 -0.0781173706054688
-0.0808334350585938 0.0471420288085938 -0.0414581298828125 -0.0232429504394531
-0.0405502319335938 0.0828170776367187 -0.0168266296386719 -0.00631618499755859
-0.0443496704101563 0.08929443359375 0.00246810913085937 -0.0237312316894531
-0.0287017822265625 0.0984573364257813 0.0259075164794922 -0.0325775146484375
-0.052520751953125 0.0753021240234375 0.0551567077636719 -0.0215377807617187
-0.0938949584960938 0.0402755737304687 0.0556182861328125 0.00852203369140625
-0.108543395996094 -0.0275650024414063 0.037506103515625 0.0541839599609375
-0.0452880859375 -0.132514953613281 -0.00767135620117188 0.0616798400878906
0.0414886474609375 -0.131721496582031 -0.0440177917480469 0.019134521484375
0.114433288574219 -0.109283447265625 0.0409355163574219 -0.0353851318359375
0.104057312011719 -0.0218505859375 0.0586013793945313 -0.122550964355469
0.102256774902344 -0.05133056640625 0.09747314453125 -0.0918350219726562
0.0434494018554687 -0.118820190429688 0.0795440673828125 -0.0944061279296875
-0.0355911254882812 -0.09136962890625 0.0300827026367187 -0.106887817382813
-0.0826034545898438 -0.0366668701171875 -0.00931549072265626 -0.0804214477539062
-0.0716171264648437 0.03485107421875 -0.0160484313964844 -0.0458183288574219
-0.0372276306152344 0.068695068359375 -0.0071868896484375 -0.0387115478515625
-0.0400238037109375 0.0750045776367187 0.00722503662109375 -0.0525627136230469
-0.0285568237304687 0.0863494873046875 0.0312843322753906 -0.0624847412109375
-0.0495948791503906 0.0662918090820312 0.067840576171875 -0.0465888977050781
-0.0862350463867188 0.032196044921875 0.0704574584960938 -0.006561279296875
-0.09259033203125 -0.0323486328125 0.0515708923339844 0.0432624816894531
-0.0230560302734375 -0.120460510253906 0.00408172607421875 0.0573387145996094
0.05963134765625 -0.101783752441406 -0.0325374603271484 0.00112533569335937
0.107711791992188 -0.0582046508789062 0.0743637084960938 -0.0573577880859375
0.0594215393066406 0.0357704162597656 0.0853652954101563 -0.128974914550781
0.0768280029296875 0.00205230712890625 0.10498046875 -0.0989837646484375
0.05133056640625 -0.061553955078125 0.0827484130859375 -0.0816802978515625
-0.00565338134765626 -0.0603713989257813 0.0447845458984375 -0.094482421875
-0.0464134216308594 -0.0312881469726562 0.0119552612304687 -0.0777130126953125
-0.0490379333496094 0.0189704895019531 0.00164031982421875 -0.0613441467285156
-0.0274810791015625 0.0439834594726563 -0.000736236572265628 -0.0632972717285156
-0.0297012329101562 0.0499382019042969 0.0103607177734375 -0.0737533569335937
-0.0246772766113281 0.0622711181640625 0.03582763671875 -0.0861053466796875
-0.0403251647949219 0.0481529235839844 0.0790176391601563 -0.0653076171875
-0.0683784484863281 0.0204391479492187 0.0857086181640625 -0.0162506103515625
-0.0665855407714844 -0.0330886840820312 0.0655403137207031 0.0385627746582031
0.000137329101562493 -0.0942153930664063 0.0134468078613281 0.0588226318359375
0.0687217712402344 -0.0595817565917969 -0.0192928314208984 -0.00913429260253906
0.0849456787109375 0.000732421875 0.104324340820313 -0.0634994506835938
-0.0394630432128906 -0.0529327392578125 -0.103050231933594 0.0791397094726562
-0.0472869873046875 0.0173912048339844 0.00977897644042968 0.0201683044433594
-0.00913619995117187 0.0430145263671875 -0.0150260925292969 -0.0645751953125
0.0304813385009766 0.0251922607421875 -0.0842132568359375 -0.052001953125
0.0375404357910156 -0.0063629150390625 -0.102714538574219 0.0101089477539062
0.0173797607421875 -0.0275173187255859 -0.0868759155273438 0.07464599609375
0.00792121887207031 -0.0188541412353516 -0.0330657958984375 0.101387023925781
0.0116348266601563 -0.0124959945678711 -0.0103073120117187 0.0861968994140625
0.0129299163818359 -0.0120325088500977 0.00368499755859375 0.0749359130859375
0.0128412246704102 -0.000367164611816406 -0.00677490234375 0.0728225708007812
0.00465679168701172 0.017176628112793 -0.0131607055664062 0.0797119140625
-0.0218696594238281 0.0294036865234375 -0.0370254516601562 0.0894622802734375
-0.0482940673828125 -0.0105781555175781 -0.0832138061523438 0.07769775390625
-0.0443840026855469 -0.0527496337890625 -0.09527587890625 0.101898193359375
-0.0215835571289062 -0.0833663940429688 -0.0924224853515625 0.124671936035156
0.00334167480468749 -0.100028991699219 -0.110481262207031 0.059173583984375
-0.0300636291503906 -0.0363121032714844 0.0072641372680664 0.0135250091552734
-0.0311260223388672 -0.00762176513671875 -0.01324462890625 -0.0768890380859375
-0.00772857666015625 0.00736570358276367 -0.0882415771484375 -0.06573486328125
-0.000806093215942383 0.0027005672454834 -0.111930847167969 0.000976562500000012
-0.00221776962280273 -0.000131845474243164 -0.092071533203125 0.0729293823242188
-3.33786010742199E-05 0.0145759582519531 -0.0343246459960937 0.101150512695313
-0.00249290466308594 0.0214767456054688 -0.0105361938476562 0.0821533203125
0.000482559204101562 0.0223274230957031 0.00513458251953125 0.0720596313476563
-0.0120372772216797 0.0208663940429688 0.000389099121093748 0.0688209533691406
-0.0314502716064453 0.0177135467529297 -0.00534820556640625 0.0749893188476563
-0.0550956726074219 0.00287246704101563 -0.0273361206054687 0.090728759765625
-0.049652099609375 -0.0616912841796875 -0.0700531005859375 0.077606201171875
-0.019561767578125 -0.0972518920898437 -0.0829086303710938 0.0962600708007813
0.0246734619140625 -0.126388549804688 -0.0796127319335937 0.105003356933594
0.0511016845703125 -0.132225036621094 -0.102615356445313 0.0256118774414062
-0.000717163085937493 -0.0864944458007813 0.0128326416015625 -0.0032806396484375
-0.0449295043945312 -0.0652885437011719 -0.00319671630859375 -0.0917282104492187
-0.0472373962402344 -0.0188674926757813 -0.0817184448242188 -0.0852890014648437
-0.0431632995605469 0.0061187744140625 -0.113601684570313 -0.0170440673828125
-0.0260543823242188 0.0260543823242188 -0.0924072265625 0.05999755859375
-0.0101852416992188 0.0460853576660156 -0.0336532592773438 0.0878143310546875
-0.0161666870117188 0.0534820556640625 -0.00945663452148438 0.0662918090820312
-0.00955963134765624 0.0548286437988281 0.00977325439453124 0.05633544921875
-0.0297737121582031 0.042755126953125 0.0140151977539062 0.0545158386230469
-0.0601997375488281 0.025726318359375 0.0102119445800781 0.0645332336425781
-0.084320068359375 -0.0102081298828125 -0.0101394653320313 0.0888900756835938
-0.059539794921875 -0.0978012084960938 -0.0525588989257813 0.0779647827148438
-0.00643157958984376 -0.129219055175781 -0.0686492919921875 0.0848464965820312
0.0600433349609375 -0.154541015625 -0.055084228515625 0.0748519897460937
0.0935821533203125 -0.1397705078125 -0.076812744140625 -0.0167465209960937
0.0376434326171875 -0.119743347167969 0.0277633666992188 -0.0272598266601563
-0.0421829223632812 -0.119354248046875 0.015045166015625 -0.105026245117188
-0.0755996704101563 -0.0522079467773438 -0.0635757446289062 -0.104087829589844
-0.0810699462890625 0.00106811523437501 -0.101905822753906 -0.0399169921875
-0.0507621765136719 0.0446357727050781 -0.0832977294921875 0.036651611328125
-0.0214576721191406 0.0702667236328125 -0.0300559997558594 0.0627250671386719
-0.0275039672851562 0.0773544311523438 -0.00646591186523437 0.0403633117675781
-0.0160675048828125 0.0804290771484375 0.0150966644287109 0.0307903289794922
-0.0407371520996094 0.0621414184570313 0.0289363861083984 0.0317611694335938
-0.0785064697265625 0.03704833984375 0.0272903442382813 0.047576904296875
-0.103866577148438 -0.0139312744140625 0.00894927978515624 0.08056640625
-0.0678634643554688 -0.118011474609375 -0.034332275390625 0.0746841430664063
0.002044677734375 -0.145034790039062 -0.0573158264160156 0.0657997131347656
0.0843048095703125 -0.162185668945313 -0.025177001953125 0.0362930297851563
0.119728088378906 -0.121330261230469 -0.0363693237304688 -0.0606346130371094
0.0742340087890625 -0.124420166015625 0.0489578247070313 -0.053619384765625
-0.0205078125 -0.151687622070313 0.0383987426757812 -0.110679626464844
-0.081939697265625 -0.0813140869140625 -0.0344009399414063 -0.116035461425781
-0.102920532226562 -0.0119552612304687 -0.0768203735351563 -0.0613327026367187
-0.0695075988769531 0.0523567199707031 -0.0656814575195313 0.00785827636718751
-0.030792236328125 0.0827255249023438 -0.0240631103515625 0.0305042266845703
-0.0350189208984375 0.0901107788085938 -0.00243186950683594 0.00918388366699219
-0.0202560424804687 0.0946502685546875 0.0199317932128906 -0.000299453735351557
-0.0460205078125 0.0733489990234375 0.042083740234375 0.00409698486328125
-0.0869979858398438 0.043731689453125 0.0419960021972656 0.0272560119628906
-0.110420227050781 -0.0165557861328125 0.02606201171875 0.0669746398925781
-0.0655517578125 -0.12554931640625 -0.0186424255371094 0.0684432983398437
0.01470947265625 -0.14447021484375 -0.050048828125 0.0443305969238281
0.0986785888671875 -0.146194458007813 0.00635194778442383 -0.00265121459960938
0.122055053710938 -0.0801010131835938 0.0101547241210938 -0.0965042114257813
0.0963592529296875 -0.0999984741210938 0.072723388671875 -0.0767822265625
0.0096893310546875 -0.150558471679688 0.0595550537109375 -0.106353759765625
-0.066497802734375 -0.0951461791992187 -0.00250244140624999 -0.114952087402344
-0.102348327636719 -0.0250091552734375 -0.0446014404296875 -0.0737991333007813
-0.0755844116210938 0.0489578247070313 -0.0411758422851563 -0.0207099914550781
-0.0346908569335937 0.0809707641601563 -0.0157861709594727 -0.00510215759277343
-0.0369644165039062 0.0890045166015625 0.001251220703125 -0.0224647521972656
-0.0224838256835938 0.0962753295898438 0.0235710144042969 -0.0327510833740234
-0.046478271484375 0.0746688842773438 0.05316162109375 -0.0237159729003906
-0.0880050659179688 0.0430831909179688 0.0553512573242188 0.0072174072265625
-0.105567932128906 -0.0212554931640625 0.0401992797851562 0.0530052185058594
-0.0509185791015625 -0.125221252441406 -0.00558471679687501 0.06121826171875
0.0330657958984375 -0.128868103027344 -0.0425910949707031 0.0222740173339844
0.104232788085938 -0.111228942871094 0.0377960205078125 -0.0362281799316406
0.100486755371094 -0.025726318359375 0.0517120361328125 -0.118446350097656
0.0969924926757812 -0.0545196533203125 0.091033935546875 -0.0912704467773438
0.0351181030273438 -0.117324829101563 0.07342529296875 -0.0954055786132813
-0.0388107299804688 -0.0871200561523438 0.0237503051757812 -0.105316162109375
-0.0814666748046875 -0.0306396484375 -0.013214111328125 -0.0775222778320313
-0.0672149658203125 0.03765869140625 -0.0176963806152344 -0.0438995361328125
-0.0317115783691406 0.0677604675292969 -0.0084381103515625 -0.0376396179199219
-0.0338134765625 0.0755996704101563 0.0042877197265625 -0.0502166748046875
-0.0222091674804688 0.084625244140625 0.0271263122558594 -0.0621147155761719
-0.0436897277832031 0.0658226013183594 0.06353759765625 -0.04864501953125
-0.0808792114257813 0.0354232788085938 0.0690803527832031 -0.0083465576171875
-0.0905227661132813 -0.0261383056640625 0.05255126953125 0.0413093566894531
-0.0295333862304687 -0.114501953125 0.005859375 0.0564537048339844
0.051910400390625 -0.101486206054687 -0.0322933197021484 0.00415992736816406
0.100418090820313 -0.06109619140625 0.0688667297363281 -0.0581779479980469
0.0599784851074219 0.0318183898925781 0.0778350830078125 -0.1253662109375
0.0743789672851562 -0.0026702880859375 0.09808349609375 -0.0989913940429688
0.0454750061035156 -0.0627365112304688 0.0772705078125 -0.0833663940429688
-0.00885772705078125 -0.0580673217773438 0.0386199951171875 -0.0941543579101563
-0.0465126037597656 -0.0267868041992187 0.00769805908203124 -0.076446533203125
-0.0458488464355469 0.0211601257324219 -0.00130462646484376 -0.0596275329589844
-0.0231208801269531 0.043701171875 -0.0039520263671875 -0.0606460571289063
-0.0250930786132813 0.050262451171875 0.00592041015625 -0.0710372924804687
-0.0193824768066406 0.06097412109375 0.0303955078125 -0.0851211547851563
-0.0354194641113281 0.0483856201171875 0.0733566284179687 -0.067413330078125
-0.0641860961914063 0.0232963562011719 0.0828094482421875 -0.0185089111328125
-0.0657920837402344 -0.0276069641113281 0.0655288696289063 0.0352363586425781
-0.00610351562499999 -0.0909500122070313 0.0153884887695313 0.0569877624511719
0.0627212524414063 -0.0622291564941406 -0.0200119018554687 -0.00659370422363281
0.08197021484375 -0.00382232666015625 0.096771240234375 -0.0658340454101562
-0.0396156311035156 -0.0476455688476563 -0.0930328369140625 0.0788116455078125
-0.043243408203125 0.0194778442382813 0.011143684387207 0.0175657272338867
-0.0054168701171875 0.0413017272949219 -0.016326904296875 -0.0617713928222656
0.0307712554931641 0.0207195281982422 -0.0827102661132813 -0.0459671020507813
0.0344944000244141 -0.00919532775878906 -0.0976028442382813 0.01324462890625
0.0141677856445312 -0.0269985198974609 -0.0788803100585938 0.074920654296875
0.005828857421875 -0.0179157257080078 -0.0263824462890625 0.0974273681640625
0.00941371917724609 -0.0123529434204102 -0.00496673583984375 0.08221435546875
0.0103578567504883 -0.0121097564697266 0.00737762451171876 0.069732666015625
0.0107107162475586 -0.00123786926269531 -0.00284576416015625 0.069488525390625
0.00512313842773437 0.0153331756591797 -0.00868988037109375 0.0764694213867188
-0.0183753967285156 0.0282649993896484 -0.0307540893554687 0.0868148803710938
-0.0453910827636719 -0.007598876953125 -0.0765838623046875 0.0770492553710938
-0.0440521240234375 -0.0468368530273438 -0.0869674682617187 0.0995559692382812
-0.0245208740234375 -0.076690673828125 -0.0818862915039062 0.119224548339844
-0.00133514404296875 -0.0937652587890625 -0.10076904296875 0.0604629516601562
-0.0290584564208984 -0.0317020416259766 0.00896358489990234 0.011662483215332
-0.0283451080322266 -0.00519561767578124 -0.0150222778320313 -0.0728530883789063
-0.00649881362915039 0.00583124160766602 -0.0869064331054688 -0.0589065551757812
-0.000694751739501953 0.00139093399047852 -0.107124328613281 0.00508117675781251
-0.00308585166931152 -0.000384330749511718 -0.0843048095703125 0.0735397338867188
-0.000214576721191407 0.0138311386108398 -0.0271682739257813 0.09722900390625
-0.00189590454101562 0.0205802917480469 -0.00544738769531249 0.078826904296875
0.000606536865234374 0.0212688446044922 0.00904464721679688 0.067535400390625
-0.011871337890625 0.0192470550537109 0.00383377075195313 0.0653076171875
-0.0296211242675781 0.0171585083007813 -0.00112152099609376 0.0719985961914062
-0.0508842468261719 0.00417709350585937 -0.0212631225585938 0.0875930786132813
-0.04901123046875 -0.0561904907226563 -0.064178466796875 0.0764923095703125
-0.0223388671875 -0.0898971557617188 -0.0750579833984375 0.0936660766601563
0.0171432495117187 -0.119369506835938 -0.07086181640625 0.100944519042969
0.042510986328125 -0.126121520996094 -0.0947799682617188 0.0289230346679687
-0.00394439697265625 -0.0805130004882813 0.0139913558959961 -0.00395298004150391
-0.0441513061523438 -0.0594520568847656 -0.00629425048828125 -0.0878524780273438
-0.044281005859375 -0.0170364379882812 -0.0817642211914063 -0.07757568359375
-0.0398597717285156 0.00698471069335937 -0.109352111816406 -0.01177978515625
-0.0244617462158203 0.0246410369873047 -0.0843582153320312 0.0612106323242188
-0.00865554809570313 0.0439071655273438 -0.0273361206054688 0.0843124389648438
-0.0129814147949219 0.05145263671875 -0.00486373901367187 0.0634880065917969
-0.00731277465820312 0.051971435546875 0.0125007629394531 0.0525970458984375
-0.02740478515625 0.0410346984863281 0.0164947509765625 0.0511627197265625
-0.0560150146484375 0.0261001586914062 0.0133476257324219 0.0618019104003906
-0.079315185546875 -0.00666046142578126 -0.00457763671875001 0.0858917236328125
-0.0599212646484375 -0.0897750854492188 -0.0475692749023438 0.0771331787109375
-0.010955810546875 -0.121490478515625 -0.0625686645507813 0.0826873779296875
0.04937744140625 -0.147232055664063 -0.0486984252929687 0.0714874267578125
0.08251953125 -0.135498046875 -0.072052001953125 -0.0115966796875
0.0304489135742188 -0.114288330078125 0.0276069641113281 -0.0270004272460938
-0.0447463989257813 -0.109977722167969 0.0106353759765625 -0.100540161132813
-0.0722885131835938 -0.04656982421875 -0.0650253295898437 -0.0962448120117188
-0.0764389038085938 0.00360107421875001 -0.099212646484375 -0.03363037109375
-0.0467529296875 0.0433387756347656 -0.077667236328125 0.0386276245117187
-0.0176506042480469 0.0668220520019531 -0.0248870849609375 0.0605735778808594
-0.0223922729492188 0.074920654296875 -0.00346755981445313 0.0388641357421875
-0.0117721557617187 0.0762176513671875 0.0164394378662109 0.0282230377197266
-0.036346435546875 0.0594520568847656 0.0296287536621094 0.0287208557128906
-0.0727462768554688 0.0374374389648437 0.0291633605957031 0.0448341369628906
-0.0978927612304688 -0.00919342041015626 0.0141677856445312 0.077880859375
-0.069488525390625 -0.108528137207031 -0.0304946899414063 0.0740814208984375
-0.00380706787109374 -0.1368408203125 -0.0528640747070313 0.06549072265625
0.0716705322265625 -0.155364990234375 -0.0220623016357422 0.0349140167236328
0.108230590820313 -0.118751525878906 -0.0355567932128906 -0.0539398193359375
0.0653076171875 -0.120246887207031 0.0468254089355469 -0.0523681640625
-0.026458740234375 -0.141876220703125 0.0327377319335938 -0.106575012207031
-0.0798187255859375 -0.073944091796875 -0.0381622314453125 -0.108528137207031
-0.0974273681640625 -0.00731658935546877 -0.0765228271484375 -0.054931640625
-0.0635490417480469 0.0514984130859375 -0.0619125366210938 0.0100288391113281
-0.0256195068359375 0.0785675048828125 -0.0199718475341797 0.0296058654785156
-0.0282745361328125 0.0870208740234375 -0.00118064880371094 0.00937080383300782
-0.0150833129882813 0.0906906127929688 0.0192775726318359 -0.00143241882324218
-0.0404815673828125 0.0700759887695313 0.0408515930175781 0.00175857543945313
-0.0803604125976563 0.0442886352539063 0.0426101684570312 0.0250129699707031
-0.104721069335938 -0.0104217529296875 0.02923583984375 0.0644607543945313
-0.0676803588867188 -0.115707397460937 -0.0156402587890625 0.0670661926269531
0.00830078125000001 -0.136665344238281 -0.0458641052246094 0.0444412231445313
0.0859222412109375 -0.141677856445312 0.00532197952270508 -0.00320768356323243
0.112869262695313 -0.0805587768554688 0.00687408447265625 -0.0892181396484375
0.0867843627929688 -0.098480224609375 0.0677413940429688 -0.0742645263671875
0.00230407714843749 -0.14239501953125 0.0529861450195313 -0.103111267089844
-0.066741943359375 -0.0871353149414063 -0.00772094726562501 -0.109138488769531
-0.097808837890625 -0.018951416015625 -0.0460777282714844 -0.0685386657714844
-0.0692253112792969 0.0489501953125 -0.0401420593261719 -0.01812744140625
-0.028533935546875 0.077301025390625 -0.0144176483154297 -0.00423812866210937
-0.0301666259765625 0.0865097045898438 0.000305175781249997 -0.0208358764648437
-0.0161209106445312 0.0918502807617188 0.0211105346679688 -0.0319385528564453
-0.0406112670898438 0.0718612670898437 0.0496826171875 -0.0255699157714844
-0.080780029296875 0.044036865234375 0.0539207458496094 0.005584716796875
-0.0999221801757813 -0.0148696899414063 0.042022705078125 0.049652099609375
-0.0543670654296875 -0.115402221679687 -0.0034942626953125 0.0598526000976562
0.025543212890625 -0.123039245605469 -0.0398635864257812 0.0238113403320312
0.0935897827148438 -0.10894775390625 0.0335159301757813 -0.0357131958007813
0.0947341918945313 -0.0291366577148438 0.0441131591796875 -0.111991882324219
0.0892257690429688 -0.0563507080078125 0.0839385986328125 -0.0892181396484375
0.0272064208984375 -0.112960815429688 0.06671142578125 -0.0933685302734375
-0.0402908325195312 -0.08056640625 0.0177764892578125 -0.101142883300781
-0.0787429809570313 -0.0249404907226562 -0.016448974609375 -0.0733184814453125
-0.0612945556640625 0.0387725830078125 -0.0191726684570312 -0.0414390563964844
-0.0261917114257812 0.0645332336425781 -0.00900840759277344 -0.0347385406494141
-0.0277023315429687 0.0732040405273437 0.00151824951171874 -0.0475425720214844
-0.0164260864257813 0.0809478759765625 0.0227928161621094 -0.0600509643554688
-0.0377349853515625 0.063812255859375 0.0585365295410156 -0.0492057800292969
-0.0737152099609375 0.037109375 0.0663566589355469 -0.00986480712890625
-0.086181640625 -0.02056884765625 0.0532150268554687 0.0385208129882813
-0.03424072265625 -0.106353759765625 0.00760269165039062 0.0548515319824219
0.0439605712890625 -0.0982666015625 -0.0310783386230469 0.00719451904296874
0.0919113159179688 -0.0623703002929688 0.0620880126953125 -0.0572853088378906
0.0584564208984375 0.0266075134277344 0.0686111450195313 -0.119766235351563
0.0704421997070313 -0.006378173828125 0.089874267578125 -0.096405029296875
0.0383834838867188 -0.0616607666015625 0.0710678100585938 -0.082672119140625
-0.0119400024414063 -0.0545921325683594 0.0326690673828125 -0.0918197631835938
-0.045623779296875 -0.0226058959960937 0.00314331054687501 -0.0731582641601563
-0.0418548583984375 0.0225868225097656 -0.00432586669921876 -0.0572547912597656
-0.0189628601074219 0.0417404174804688 -0.0062103271484375 -0.0572052001953125
-0.0202102661132813 0.0491065979003906 0.00208282470703125 -0.066680908203125
-0.014129638671875 0.0585136413574219 0.0243606567382813 -0.08160400390625
-0.0304527282714844 0.04693603515625 0.0663375854492188 -0.0674934387207031
-0.0589065551757813 0.0249404907226562 0.0787429809570313 -0.0204696655273438
-0.063140869140625 -0.0224037170410156 0.0645523071289063 0.031951904296875
-0.0110397338867187 -0.0849075317382813 0.0163726806640625 0.0543212890625
0.0552902221679688 -0.0622825622558594 -0.0202007293701172 -0.0037689208984375
0.0775909423828125 -0.007232666015625 0.0884246826171875 -0.065277099609375
-0.0381393432617188 -0.0431289672851563 -0.0848388671875 0.0752029418945312
-0.0391197204589844 0.0199050903320313 0.0114908218383789 0.0150623321533203
-0.00295257568359375 0.0384521484375 -0.0160140991210938 -0.0587539672851563
0.0290279388427734 0.0177459716796875 -0.078765869140625 -0.0426101684570312
0.031463623046875 -0.0103797912597656 -0.0921783447265625 0.0141372680664062
0.0114555358886719 -0.0254840850830078 -0.0732803344726562 0.072265625
0.00442695617675781 -0.0162944793701172 -0.021881103515625 0.0923690795898438
0.00821876525878906 -0.0120363235473633 -0.0020294189453125 0.0765609741210938
0.00825023651123047 -0.0109834671020508 0.00869369506835938 0.0645942687988281
0.00845098495483398 -0.00193166732788086 -0.00102233886718751 0.0657234191894531
0.00431251525878906 0.013524055480957 -0.00611114501953125 0.0728836059570313
-0.0151481628417969 0.0258255004882813 -0.02716064453125 0.08197021484375
-0.0419082641601563 -0.0060882568359375 -0.07196044921875 0.0737838745117188
-0.0423622131347656 -0.04168701171875 -0.080078125 0.0937881469726562
-0.0246467590332031 -0.06988525390625 -0.0744400024414062 0.110755920410156
-0.00315093994140626 -0.0868911743164063 -0.0917205810546875 0.0588912963867187
-0.0274810791015625 -0.0280113220214844 0.00996017456054687 0.00980472564697265
-0.0258674621582031 -0.00398826599121094 -0.0150032043457031 -0.0693702697753906
-0.00552558898925781 0.00439882278442383 -0.0829010009765625 -0.0541152954101563
-0.0011221170425415 0.000467419624328613 -0.10150146484375 0.00727081298828125
-0.00375866889953613 -0.000576019287109374 -0.0778579711914063 0.07098388671875
-0.000660896301269532 0.0130224227905273 -0.0228042602539062 0.0920028686523438
-0.00145530700683594 0.0197982788085938 -0.00226593017578125 0.0735855102539063
-0.000375747680664063 0.0199756622314453 0.0108795166015625 0.0624923706054687
-0.0115299224853516 0.0178127288818359 0.00558853149414062 0.0613174438476563
-0.0277214050292969 0.0153903961181641 0.00128173828124999 0.0688743591308594
-0.0465431213378906 0.00421142578125001 -0.0181121826171875 0.0835037231445313
-0.0462570190429688 -0.0518150329589844 -0.0601730346679688 0.0735626220703125
-0.0225372314453125 -0.0830078125 -0.0694808959960938 0.0887069702148438
0.01373291015625 -0.110984802246094 -0.0643844604492188 0.0939254760742187
0.0370407104492188 -0.118125915527344 -0.0866012573242188 0.029510498046875
-0.005035400390625 -0.0745468139648438 0.0151405334472656 -0.00469589233398438
-0.0416908264160156 -0.0541534423828125 -0.00700378417968751 -0.0830764770507813
-0.0408134460449219 -0.015899658203125 -0.0789642333984375 -0.0713043212890625
-0.0374412536621094 0.00652694702148438 -0.103523254394531 -0.00821685791015623
-0.0230331420898438 0.0231971740722656 -0.078399658203125 0.05963134765625
-0.00762176513671875 0.040802001953125 -0.0230636596679688 0.0797348022460938
-0.0110969543457031 0.0482177734375 -0.00224685668945313 0.0594711303710938
-0.00621795654296874 0.0484962463378906 0.0136833190917969 0.0486793518066406
-0.0260391235351562 0.0380439758300781 0.017059326171875 0.0481948852539063
-0.0526885986328125 0.0251274108886719 0.0149688720703125 0.0585784912109375
-0.0737075805664063 -0.00488281249999999 -0.00150299072265626 0.0819931030273438
-0.0577545166015625 -0.083251953125 -0.0445022583007813 0.0738906860351563
-0.012359619140625 -0.112960815429688 -0.0579376220703125 0.0782546997070313
0.0423812866210937 -0.137702941894531 -0.0444984436035156 0.0661849975585938
0.074462890625 -0.127822875976563 -0.0661125183105469 -0.00871276855468752
0.0270843505859375 -0.1065673828125 0.0273590087890625 -0.0260257720947266
-0.0438995361328125 -0.101425170898438 0.008758544921875 -0.09515380859375
-0.067718505859375 -0.04296875 -0.0638275146484375 -0.089385986328125
-0.0709762573242188 0.00447845458984376 -0.0947723388671875 -0.0292129516601562
-0.0431861877441406 0.0407600402832031 -0.072021484375 0.0382232666015625
-0.0156059265136719 0.0623931884765625 -0.0213394165039063 0.0569229125976563
-0.0192947387695312 0.071014404296875 -0.00172042846679687 0.0366935729980469
-0.00994110107421874 0.0712356567382813 0.0171756744384766 0.0258769989013672
-0.0338821411132813 0.0555953979492188 0.0292587280273437 0.0259284973144531
-0.0678901672363281 0.0360260009765625 0.0294570922851562 0.0427703857421875
-0.0911941528320313 -0.00719451904296873 0.01593017578125 0.0738525390625
-0.0672073364257813 -0.10015869140625 -0.0283889770507813 0.07110595703125
-0.005828857421875 -0.127403259277344 -0.0489120483398437 0.0623245239257813
0.063690185546875 -0.146240234375 -0.020233154296875 0.0325756072998047
0.0987930297851563 -0.113227844238281 -0.0328178405761719 -0.0486373901367188
0.0587692260742188 -0.113624572753906 0.0452346801757813 -0.049560546875
-0.0278244018554687 -0.131927490234375 0.0297622680664062 -0.101081848144531
-0.0758743286132812 -0.0680313110351563 -0.0384674072265625 -0.101448059082031
-0.0915679931640625 -0.00488281249999999 -0.0735397338867188 -0.0498275756835938
-0.0587196350097656 0.0493011474609375 -0.0585784912109375 0.0108108520507813
-0.0224685668945312 0.073516845703125 -0.0176563262939453 0.0279293060302734
-0.0243988037109375 0.0824508666992188 -0.000471115112304688 0.00936222076416016
-0.01171875 0.0842437744140625 0.0184783935546875 -0.00186538696289062
-0.0366592407226563 0.0656852722167969 0.0387840270996094 0.000450134277343754
-0.0743255615234375 0.0424957275390625 0.0418319702148437 0.0237693786621094
-0.09759521484375 -0.00852203369140625 0.0303611755371094 0.0613059997558594
-0.0662460327148437 -0.106376647949219 -0.0138626098632813 0.0648574829101563
0.0049285888671875 -0.127716064453125 -0.0430946350097656 0.0432701110839844
0.077178955078125 -0.134239196777344 0.00471496582031251 -0.00311470031738282
0.104507446289063 -0.0775680541992188 0.00607299804687501 -0.0820770263671875
0.0793304443359375 -0.094207763671875 0.063873291015625 -0.0705413818359375
-0.0015106201171875 -0.133659362792969 0.04852294921875 -0.0980453491210938
-0.0641555786132813 -0.0810165405273438 -0.0101318359375 -0.102249145507813
-0.0917892456054687 -0.0156784057617188 -0.0455322265625 -0.0632171630859375
-0.0634307861328125 0.04742431640625 -0.0384483337402344 -0.0162849426269531
-0.02508544921875 0.0727005004882813 -0.0132522583007813 -0.00400066375732421
-0.0256423950195313 0.0818252563476563 0.000293731689453122 -0.0190181732177734
-0.0125503540039063 0.0858612060546875 0.0193347930908203 -0.0302162170410156
-0.0362739562988281 0.0672798156738281 0.0463409423828125 -0.0251846313476562
-0.0737228393554688 0.0425033569335937 0.0526504516601562 0.0051422119140625
-0.0933303833007813 -0.0120849609375 0.0419082641601562 0.0473747253417969
-0.0539779663085937 -0.106231689453125 -0.00236892700195313 0.05731201171875
0.02105712890625 -0.11572265625 -0.0377845764160156 0.0241851806640625
0.0847396850585937 -0.103691101074219 0.0302944183349609 -0.0336933135986328
0.0885238647460937 -0.0292892456054688 0.0405120849609375 -0.103675842285156
0.0824050903320313 -0.0555038452148438 0.078948974609375 -0.0841751098632813
0.0213546752929687 -0.106536865234375 0.0616073608398438 -0.0886306762695313
-0.0402755737304688 -0.0748138427734375 0.0144729614257813 -0.0955429077148438
-0.074798583984375 -0.0209732055664063 -0.0172958374023438 -0.06866455078125
-0.05584716796875 0.0378150939941406 -0.018768310546875 -0.038665771484375
-0.0223312377929688 0.0604705810546875 -0.00926589965820312 -0.0322761535644531
-0.0227165222167969 0.0695343017578125 0.000686645507812496 -0.0437889099121094
-0.0120391845703125 0.075775146484375 0.020050048828125 -0.0567703247070313
-0.0335426330566406 0.0598945617675781 0.0537452697753906 -0.0481643676757812
-0.0676116943359375 0.0363960266113281 0.0632247924804687 -0.00962448120117187
-0.080810546875 -0.0167388916015625 0.05206298828125 0.0359954833984375
-0.0352249145507813 -0.09857177734375 0.00758361816406249 0.0519676208496094
0.0387115478515625 -0.0932388305664062 -0.0297622680664062 0.00855255126953125
0.0844879150390625 -0.0599746704101563 0.0565986633300781 -0.0545921325683594
0.0568466186523438 0.0233612060546875 0.0631561279296875 -0.110664367675781
0.0662117004394531 -0.00834274291992187 0.0839767456054688 -0.0906448364257813
0.033538818359375 -0.059112548828125 0.066009521484375 -0.0792694091796875
-0.0130691528320313 -0.0507431030273438 0.0285797119140625 -0.0867233276367188
-0.0435066223144531 -0.0195808410644531 0.00110244750976562 -0.0691947937011719
-0.0379142761230469 0.0227622985839844 -0.0056304931640625 -0.0536422729492188
-0.0156173706054687 0.0390586853027344 -0.00707244873046875 -0.053192138671875
-0.0165023803710937 0.0464744567871094 9.53674316406302E-05 -0.0618629455566406
-0.0106620788574219 0.0549736022949219 0.020660400390625 -0.0769195556640625
-0.0266876220703125 0.0445785522460938 0.0604820251464844 -0.0647125244140625
-0.0535659790039063 0.0255355834960937 0.074737548828125 -0.0201187133789063
-0.0597496032714844 -0.0189743041992188 0.0619888305664062 0.0296859741210938
-0.0136642456054687 -0.0786666870117188 0.0162010192871094 0.0514869689941406
0.0495452880859375 -0.0599327087402344 -0.0199432373046875 -0.00147056579589844
0.0723724365234375 -0.0086517333984375 0.0806961059570312 -0.062286376953125
-0.0358085632324219 -0.0403709411621094 -0.079437255859375 0.0710830688476563
-0.0356903076171875 0.0196952819824219 0.0116424560546875 0.0139999389648438
-0.00148773193359375 0.0362701416015625 -0.0150642395019531 -0.056854248046875
0.0276985168457031 0.0156288146972656 -0.0752105712890625 -0.0406494140625
0.0290412902832031 -0.0110378265380859 -0.0884475708007813 0.0129013061523437
0.00980949401855469 -0.0236663818359375 -0.0701484680175781 0.0690040588378906
0.00337409973144531 -0.0152711868286133 -0.0205459594726562 0.0879287719726563
0.00718402862548828 -0.0108919143676758 -0.000762939453125004 0.0725936889648438
0.00703239440917969 -0.0102014541625977 0.00836563110351562 0.0609321594238281
0.00697660446166992 -0.00183296203613281 -0.000389099121093746 0.0626945495605469
0.00395298004150391 0.0122470855712891 -0.00484466552734376 0.0696487426757813
-0.0135211944580078 0.0239067077636719 -0.0262069702148438 0.078338623046875
-0.0393218994140625 -0.00608444213867188 -0.0700225830078125 0.0699691772460938
-0.0398941040039063 -0.0383338928222656 -0.0770111083984375 0.0878372192382813
-0.0234298706054688 -0.0649986267089844 -0.0711822509765625 0.102668762207031
-0.002960205078125 -0.08135986328125 -0.0863189697265625 0.055572509765625
-0.0248813629150391 -0.0257472991943359 0.0104808807373047 0.00845146179199219
-0.0232467651367188 -0.00380897521972656 -0.013763427734375 -0.0666885375976563
-0.00471258163452148 0.00307321548461914 -0.0791244506835938 -0.0521316528320312
-0.000982701778411865 -0.000625252723693848 -0.0967559814453125 0.0065765380859375
-0.00485897064208984 -0.000674724578857422 -0.07421875 0.0678329467773438
-0.00139713287353516 0.0125217437744141 -0.02105712890625 0.08734130859375
-0.00177955627441406 0.0188732147216797 -0.00106048583984376 0.07025146484375
-0.00128936767578125 0.0191841125488281 0.0107688903808594 0.0587234497070313
-0.0123357772827148 0.0166292190551758 0.00586318969726562 0.058624267578125
-0.0268192291259766 0.0140666961669922 0.00257492065429688 0.0662460327148437
-0.0431556701660156 0.00308990478515624 -0.0166778564453125 0.0799179077148438
-0.0433845520019531 -0.0489234924316406 -0.0586318969726563 0.07037353515625
-0.0206985473632812 -0.0774383544921875 -0.0664138793945312 0.0833892822265625
0.0127792358398437 -0.10394287109375 -0.0614547729492188 0.08648681640625
0.0349502563476563 -0.111007690429688 -0.0806198120117188 0.02783203125
-0.00414657592773437 -0.0692863464355469 0.0162391662597656 -0.00554084777832032
-0.038970947265625 -0.0506744384765625 -0.005859375 -0.0797500610351563
-0.0382919311523438 -0.0163002014160156 -0.075164794921875 -0.0684585571289063
-0.0351390838623047 0.00524520874023437 -0.0991668701171875 -0.00802612304687501
-0.0228385925292969 0.0213737487792969 -0.0746002197265625 0.0565414428710937
-0.00786209106445313 0.0383186340332031 -0.0209884643554688 0.0756378173828125
-0.0109024047851562 0.0463218688964844 -0.00140762329101562 0.0566978454589844
-0.00643539428710937 0.0463752746582031 0.0137290954589844 0.0462074279785156
-0.0262069702148437 0.0358352661132813 0.0166473388671875 0.0455055236816406
-0.0504684448242188 0.0225906372070312 0.0153694152832031 0.0569114685058594
-0.0691871643066406 -0.00554275512695313 -0.000549316406249998 0.0786361694335938
-0.054168701171875 -0.0787124633789063 -0.0435791015625 0.07086181640625
-0.0110015869140625 -0.105758666992188 -0.0556716918945312 0.0740127563476563
0.04052734375 -0.129280090332031 -0.0427398681640625 0.0613670349121094
0.0707244873046875 -0.120323181152344 -0.0610733032226562 -0.00787353515625002
0.025726318359375 -0.100540161132812 0.0279178619384766 -0.02545166015625
-0.0412139892578125 -0.0959854125976563 0.00913238525390625 -0.0910568237304688
-0.0638198852539063 -0.0414009094238281 -0.0606155395507813 -0.0851364135742188
-0.0675086975097656 0.00362014770507813 -0.0907821655273438 -0.02838134765625
-0.0415878295898438 0.0377693176269531 -0.0685234069824219 0.0364761352539063
-0.0153579711914063 0.0587959289550781 -0.01947021484375 0.0544319152832031
-0.0177078247070313 0.0673294067382813 -0.000549316406249999 0.0351181030273438
-0.00932312011718751 0.0679168701171875 0.0171089172363281 0.0243759155273438
-0.0327720642089844 0.0523529052734375 0.0281085968017578 0.0247135162353516
-0.0646705627441406 0.03277587890625 0.02996826171875 0.0418167114257813
-0.0863113403320313 -0.00711059570312501 0.0162353515625 0.071197509765625
-0.0631561279296875 -0.0948486328125 -0.0280265808105469 0.0687103271484375
-0.00514984130859376 -0.119949340820313 -0.0471839904785156 0.0594902038574219
0.0601654052734375 -0.137351989746094 -0.0196952819824219 0.0296440124511719
0.0941314697265625 -0.107154846191406 -0.0295829772949219 -0.0448074340820313
0.0557861328125 -0.107147216796875 0.0448760986328125 -0.047119140625
-0.026397705078125 -0.124305725097656 0.0290985107421875 -0.0961685180664063
-0.0712051391601563 -0.0648422241210938 -0.0366134643554688 -0.0961990356445313
-0.0865554809570313 -0.00498962402343748 -0.0710601806640625 -0.047515869140625
-0.0558280944824219 0.04595947265625 -0.0554275512695313 0.0104293823242188
-0.02130126953125 0.0693283081054688 -0.0163326263427734 0.0258636474609375
-0.0227737426757813 0.0780105590820313 0.000316619873046874 0.00893878936767579
-0.0106582641601563 0.0795059204101563 0.0187282562255859 -0.00179481506347656
-0.0349502563476562 0.0617752075195313 0.0372352600097656 0.000267028808593754
-0.0702285766601563 0.0397720336914063 0.0413818359375 0.02374267578125
-0.09222412109375 -0.00799560546875 0.0303192138671875 0.0592002868652344
-0.06256103515625 -0.100921630859375 -0.0142135620117188 0.0627212524414063
0.00518798828125001 -0.120826721191406 -0.0417594909667969 0.0420722961425781
0.0732879638671875 -0.125778198242188 0.00421786308288575 -0.00342321395874024
0.0996246337890625 -0.0736770629882813 0.00702667236328125 -0.076416015625
0.0755691528320312 -0.0890274047851563 0.0627059936523438 -0.0663642883300781
-0.00194549560546874 -0.126296997070313 0.0472640991210938 -0.0933609008789063
-0.0604705810546875 -0.0772171020507813 -0.00936126708984376 -0.0967483520507812
-0.0870437622070313 -0.0146026611328125 -0.0437889099121094 -0.0605201721191406
-0.0602264404296875 0.0442352294921875 -0.0366592407226563 -0.0154266357421875
-0.0234870910644531 0.0681533813476563 -0.0119438171386719 -0.00384807586669921
-0.023223876953125 0.077667236328125 0.000831604003906249 -0.0177059173583984
-0.011077880859375 0.081085205078125 0.0194835662841797 -0.0286426544189453
-0.0340232849121094 0.0629119873046875 0.0447006225585937 -0.0244064331054687
-0.0696830749511719 0.0399551391601563 0.0516166687011719 0.0057373046875
-0.0882720947265625 -0.0114288330078125 0.041961669921875 0.0458335876464844
-0.0518722534179687 -0.10028076171875 -0.00302886962890625 0.0560379028320312
0.0197982788085938 -0.109764099121094 -0.0367393493652344 0.0239677429199219
0.0806045532226563 -0.097686767578125 0.0284690856933594 -0.0317764282226563
0.08465576171875 -0.0284271240234375 0.0399856567382813 -0.0964431762695313
0.0778274536132813 -0.0528717041015625 0.0762710571289063 -0.0785675048828125
0.0195693969726562 -0.100746154785156 0.0598983764648437 -0.0843963623046875
-0.0382919311523437 -0.071136474609375 0.013885498046875 -0.0905914306640625
-0.0706405639648437 -0.01971435546875 -0.01715087890625 -0.0654945373535156
-0.0526695251464844 0.0356254577636719 -0.0181732177734375 -0.0371284484863281
-0.0206985473632813 0.0568580627441406 -0.00828933715820313 -0.0313510894775391
-0.0205802917480469 0.0656814575195313 0.00124359130859375 -0.0411529541015625
-0.0101547241210938 0.0712356567382813 0.019317626953125 -0.0534744262695312
-0.0310401916503906 0.0559272766113281 0.0513839721679688 -0.0454025268554688
-0.0632820129394531 0.034088134765625 0.0617294311523437 -0.00864410400390625
-0.0759429931640625 -0.0154190063476563 0.0506324768066406 0.0354042053222656
-0.0343017578125 -0.0927734375 0.0068359375 0.0501594543457031
0.0358123779296875 -0.0883255004882813 -0.0287303924560547 0.00962257385253906
0.0797653198242188 -0.0565872192382813 0.0533676147460938 -0.0513381958007813
0.0541343688964844 0.0207405090332031 0.0612640380859375 -0.102775573730469
0.0619316101074219 -0.00899505615234375 0.0813369750976563 -0.0847549438476563
0.0304412841796875 -0.0561752319335938 0.0642166137695313 -0.0748748779296875
-0.0128135681152344 -0.0478591918945313 0.0277786254882812 -0.0828475952148438
-0.0409393310546875 -0.0173377990722656 0.000553131103515621 -0.0657730102539063
-0.03546142578125 0.0218696594238281 -0.00581359863281251 -0.0516128540039063
-0.0137405395507813 0.0362625122070313 -0.006683349609375 -0.0508155822753906
-0.0142478942871094 0.043975830078125 0.000293731689453128 -0.0582313537597656
-0.00854110717773438 0.0513648986816406 0.0193252563476563 -0.0727996826171875
-0.0243339538574219 0.0419998168945313 0.0576248168945313 -0.0611801147460938
-0.0500335693359375 0.0240249633789062 0.072021484375 -0.0183029174804688
-0.0557937622070313 -0.0174217224121094 0.0598297119140625 0.0292587280273438
-0.0136566162109375 -0.07379150390625 0.0145149230957031 0.0496139526367188
0.0460281372070313 -0.0570182800292969 -0.0197200775146484 0.000228881835937499
0.0687255859375 -0.00865936279296875 0.0765228271484375 -0.05828857421875
-0.0346527099609375 -0.0386276245117188 -0.0777206420898438 0.0681915283203125
-0.0339794158935547 0.0193996429443359 0.0119724273681641 0.0130386352539063
-0.000892639160156252 0.0349178314208984 -0.0139198303222656 -0.0565032958984375
0.0263519287109375 0.0145072937011719 -0.0730133056640625 -0.0411529541015625
0.0280818939208984 -0.0109577178955078 -0.0870132446289063 0.0121383666992188
0.0087738037109375 -0.0226783752441406 -0.0693206787109375 0.0670166015625
0.0025491714477539 -0.0137395858764648 -0.0199127197265625 0.0855484008789063
0.00658416748046875 -0.0103988647460938 -0.000801086425781255 0.0703125
0.00609588623046875 -0.00938224792480469 0.00742721557617188 0.0585708618164062
0.00586414337158203 -0.00157594680786133 -0.000968933105468751 0.0614662170410156
0.00330066680908203 0.0111665725708008 -0.00444412231445313 0.0688285827636719
-0.0122241973876953 0.0222072601318359 -0.0261383056640625 0.0760650634765625
-0.0375251770019531 -0.00551605224609376 -0.0700263977050781 0.0673561096191406
-0.0378799438476562 -0.0362434387207031 -0.0766448974609375 0.083160400390625
-0.0220985412597656 -0.0624008178710938 -0.070953369140625 0.0964279174804688
-0.00209808349609376 -0.0785980224609375 -0.0833816528320313 0.0529708862304688
-0.0233650207519531 -0.0244426727294922 0.0113582611083984 0.00743961334228515
-0.0215435028076172 -0.00342178344726562 -0.0123863220214844 -0.0658912658691406
-0.00426793098449707 0.00183868408203125 -0.077117919921875 -0.0513381958007813
-0.00139057636260986 -0.00149691104888916 -0.0952606201171875 0.00527191162109374
-0.00571775436401367 -0.00095367431640625 -0.0730743408203125 0.0658950805664063
-0.00210952758789063 0.0124807357788086 -0.0206298828125 0.084625244140625
-0.00249862670898438 0.0185165405273438 -0.000720977783203119 0.0678672790527344
-0.00231361389160156 0.0186233520507813 0.00961685180664062 0.0566444396972656
-0.0134449005126953 0.0161247253417969 0.00545883178710938 0.057525634765625
-0.0270118713378906 0.0128974914550781 0.002288818359375 0.0653266906738281
-0.0410385131835938 0.00178909301757812 -0.0161209106445313 0.0783843994140625
-0.0407485961914063 -0.0477943420410156 -0.0590400695800781 0.0680274963378906
-0.018707275390625 -0.0743255615234375 -0.0664443969726563 0.0796127319335938
0.0137176513671875 -0.0995025634765625 -0.0612640380859375 0.0814437866210938
0.0349349975585937 -0.106185913085937 -0.0778732299804688 0.0262832641601562
-0.00257492065429688 -0.0665321350097656 0.0170450210571289 -0.00592899322509766
-0.0365104675292969 -0.0491905212402344 -0.00433349609375 -0.07806396484375
-0.0363922119140625 -0.0173377990722656 -0.0730514526367188 -0.0676651000976562
-0.0343437194824219 0.00402641296386718 -0.0972061157226562 -0.00885772705078125
-0.0230846405029297 0.0198040008544922 -0.0732574462890625 0.0549087524414063
-0.00887298583984375 0.0374526977539063 -0.0207138061523437 0.0731353759765625
-0.0110435485839844 0.0453720092773438 -0.000560760498046873 0.0552139282226563
-0.00749588012695312 0.0452308654785156 0.0137405395507813 0.04443359375
-0.0264396667480469 0.0342979431152344 0.0162925720214844 0.0447463989257813
-0.0500755310058594 0.0206451416015625 0.0153427124023437 0.056640625
-0.0665969848632813 -0.00684738159179687 -0.000419616699218749 0.0774307250976563
-0.0515213012695313 -0.077056884765625 -0.0445480346679687 0.0694847106933594
-0.00904846191406251 -0.101943969726563 -0.0560684204101563 0.070892333984375
0.0410690307617188 -0.124046325683594 -0.042877197265625 0.0575447082519531
0.0698928833007813 -0.115379333496094 -0.0578575134277344 -0.00753402709960938
0.0263214111328125 -0.096527099609375 0.0292205810546875 -0.0248222351074219
-0.03863525390625 -0.0926437377929688 0.0105438232421875 -0.0893478393554688
-0.0606040954589844 -0.04180908203125 -0.0582733154296875 -0.0832595825195313
-0.0652351379394531 0.00245666503906251 -0.0893936157226562 -0.0278472900390625
-0.0410194396972656 0.0360870361328125 -0.0674629211425781 0.0352706909179688
-0.0161857604980469 0.0565299987792969 -0.0187873840332031 0.0521354675292969
-0.0176277160644531 0.0655403137207031 0.00017738342285156 0.0339336395263672
-0.0102920532226563 0.0658111572265625 0.0170440673828125 0.0238094329833984
-0.0331382751464844 0.0496826171875 0.0277538299560547 0.0241565704345703
-0.063720703125 0.0309715270996094 0.02972412109375 0.0419387817382813
-0.0833816528320313 -0.00887298583984373 0.017120361328125 0.0707550048828125
-0.0599899291992187 -0.0923995971679688 -0.0288505554199219 0.0681724548339844
-0.00296783447265625 -0.116012573242188 -0.0472602844238281 0.0578765869140625
0.0599136352539062 -0.1319580078125 -0.0199165344238281 0.0272388458251953
0.0931930541992188 -0.102462768554688 -0.0270614624023438 -0.0430412292480469
0.0553359985351563 -0.103172302246094 0.0457000732421875 -0.0454330444335938
-0.0243606567382813 -0.120399475097656 0.03021240234375 -0.093414306640625
-0.0677757263183594 -0.06451416015625 -0.0345001220703125 -0.093780517578125
-0.0837936401367188 -0.00559997558593752 -0.0694961547851563 -0.0469169616699219
-0.0545120239257812 0.0433349609375 -0.0542144775390625 0.0100517272949219
-0.0217666625976562 0.0665550231933594 -0.0154438018798828 0.0247745513916016
-0.0220565795898438 0.0758132934570313 0.00136947631835937 0.00917625427246094
-0.0109786987304688 0.0771102905273438 0.019012451171875 -0.00176620483398437
-0.0349502563476563 0.0584869384765625 0.0366783142089844 0.000732421875000004
-0.0687942504882813 0.0372772216796875 0.0413436889648437 0.0240516662597656
-0.088623046875 -0.00926971435546874 0.0305595397949219 0.0587654113769531
-0.0595245361328125 -0.0982284545898438 -0.0154533386230469 0.0620040893554688
0.00653076171874999 -0.11676025390625 -0.0416908264160156 0.0414009094238281
0.072174072265625 -0.12078857421875 0.0037064552307129 -0.00362110137939454
0.0975723266601563 -0.0703887939453125 0.00927734375 -0.0728073120117188
0.074554443359375 -0.08563232421875 0.0635948181152344 -0.0631561279296875
-0.00105285644531249 -0.12200927734375 0.0481719970703125 -0.0901641845703125
-0.0576095581054688 -0.0760269165039063 -0.00804901123046876 -0.094451904296875
-0.0848922729492188 -0.01495361328125 -0.0427436828613281 -0.0596237182617188
-0.0584449768066406 0.0421600341796875 -0.0352706909179688 -0.0153656005859375
-0.0235977172851562 0.0656852722167969 -0.0112085342407227 -0.0044097900390625
-0.0225601196289063 0.0754318237304688 0.00173664093017578 -0.0169906616210937
-0.0106124877929687 0.0779953002929687 0.0193672180175781 -0.0281047821044922
-0.0338821411132812 0.0599021911621094 0.0439376831054688 -0.0232925415039063
-0.0679740905761719 0.0376853942871094 0.0516510009765625 0.00656509399414063
-0.084930419921875 -0.01190185546875 0.0416374206542969 0.0459327697753906
-0.04949951171875 -0.097381591796875 -0.00416183471679688 0.0559463500976562
0.0204849243164062 -0.105964660644531 -0.036041259765625 0.0243644714355469
0.0791244506835938 -0.0936203002929688 0.0279636383056641 -0.030487060546875
0.0832443237304688 -0.0273284912109375 0.041229248046875 -0.0914840698242188
0.0764236450195313 -0.0506210327148437 0.0773162841796875 -0.0748977661132813
0.01873779296875 -0.097442626953125 0.0602493286132813 -0.0813751220703125
-0.0367279052734375 -0.0693817138671875 0.0143814086914063 -0.0879745483398437
-0.0682868957519531 -0.0190200805664062 -0.0166702270507813 -0.06414794921875
-0.0509567260742188 0.03424072265625 -0.0172805786132812 -0.0363082885742188
-0.020416259765625 0.0543975830078125 -0.0073394775390625 -0.0304489135742187
-0.0195541381835938 0.0637016296386719 0.00181961059570313 -0.0394859313964844
-0.00930023193359374 0.0681648254394531 0.0194282531738281 -0.0518989562988281
-0.0303611755371094 0.05364990234375 0.0504035949707031 -0.0438270568847656
-0.061248779296875 0.0327529907226563 0.0616111755371094 -0.00743865966796875
-0.0733184814453125 -0.0157623291015625 0.0507125854492188 0.0359268188476563
-0.0327987670898437 -0.0894546508789063 0.00561904907226563 0.0505523681640625
0.0350112915039063 -0.08526611328125 -0.0286483764648437 0.0105857849121094
0.0783157348632813 -0.0540695190429688 0.0524444580078125 -0.048431396484375
0.0528793334960938 0.0199966430664063 0.0618057250976563 -0.0974655151367187
0.0602264404296875 -0.00815582275390625 0.0815963745117188 -0.0802459716796875
0.0287513732910156 -0.0537528991699219 0.0645599365234375 -0.0725250244140625
-0.0123710632324219 -0.04595947265625 0.0282516479492188 -0.0802688598632812
-0.0397911071777344 -0.0167160034179688 0.00123977661132812 -0.0644378662109375
-0.0338764190673828 0.0215606689453125 -0.00533676147460938 -0.0502891540527344
-0.0132865905761719 0.0345211029052734 -0.00591659545898437 -0.0494766235351563
-0.0128974914550781 0.0427207946777344 0.0010833740234375 -0.055755615234375
-0.00739669799804688 0.0492515563964844 0.0198822021484375 -0.0704193115234375
-0.0237617492675781 0.0401191711425781 0.05645751953125 -0.0592536926269531
-0.0481986999511719 0.0234832763671875 0.07171630859375 -0.0167922973632813
-0.053863525390625 -0.0169448852539063 0.0588035583496094 0.0297279357910156
-0.013519287109375 -0.0713882446289063 0.0131683349609375 0.0495185852050781
0.0442085266113281 -0.0551567077636719 -0.0193614959716797 0.00146484375
0.0668754577636719 -0.007965087890625 0.0747451782226563 -0.0555343627929688
-0.0345191955566406 -0.0375137329101563 -0.076202392578125 0.0675888061523438
-0.0324249267578125 0.0197124481201172 0.0121736526489258 0.0121469497680664
-0.000154495239257811 0.0341815948486328 -0.0133895874023438 -0.0570602416992188
0.0260105133056641 0.0134792327880859 -0.073394775390625 -0.0412521362304687
0.0274524688720703 -0.0123023986816406 -0.0876541137695313 0.0121994018554687
0.00785636901855469 -0.0220928192138672 -0.0689468383789063 0.06756591796875
0.00182151794433594 -0.0133113861083984 -0.0188140869140625 0.0847930908203125
0.00575733184814453 -0.00977802276611328 -0.000221252441406244 0.0691642761230469
0.00494766235351563 -0.0083918571472168 0.0072174072265625 0.0583915710449219
0.00496673583984375 -0.00101995468139648 -0.000633239746093748 0.06195068359375
0.00287723541259766 0.0105819702148438 -0.00353240966796874 0.0687294006347656
-0.0113124847412109 0.0210762023925781 -0.0261154174804688 0.0761871337890625
-0.0366554260253906 -0.00526046752929687 -0.0706405639648438 0.0673675537109375
-0.0368080139160156 -0.0346107482910156 -0.076751708984375 0.0819778442382813
-0.0216484069824219 -0.0609245300292969 -0.0720138549804688 0.0931015014648437
-0.002044677734375 -0.076690673828125 -0.0821380615234375 0.0520782470703125
-0.0220699310302734 -0.0239887237548828 0.0117454528808594 0.00672721862792969
-0.0202770233154297 -0.00368690490722656 -0.01239013671875 -0.0663185119628906
-0.00428462028503418 0.00100851058959961 -0.0766067504882813 -0.0514755249023437
-0.00150632858276367 -0.00280022621154785 -0.0953750610351562 0.00599670410156251
-0.00627660751342773 -0.00112104415893555 -0.0727310180664063 0.065887451171875
-0.00295066833496094 0.0126419067382813 -0.019500732421875 0.0837173461914062
-0.00310897827148438 0.0187664031982422 0.000442504882812495 0.0669136047363281
-0.00301742553710937 0.0188999176025391 0.0101737976074219 0.0560874938964844
-0.0144977569580078 0.0162458419799805 0.00592422485351563 0.0578460693359375
-0.0275363922119141 0.0121040344238281 0.003814697265625 0.0657844543457031
-0.0404396057128906 7.6293945312493E-05 -0.0159530639648438 0.0785980224609375
-0.0401840209960938 -0.0471038818359375 -0.0602340698242187 0.0683135986328125
-0.0178756713867188 -0.0724258422851562 -0.0671539306640625 0.0779876708984375
0.013641357421875 -0.0974655151367188 -0.0620040893554687 0.0790023803710938
0.0347824096679687 -0.104469299316406 -0.076019287109375 0.0262069702148438
-0.0020599365234375 -0.0654869079589844 0.0183391571044922 -0.00655937194824219
-0.0359306335449219 -0.0485916137695313 -0.00395965576171874 -0.07861328125
-0.0354118347167969 -0.0178985595703125 -0.0732955932617188 -0.0669097900390625
-0.0344371795654297 0.00324630737304687 -0.097442626953125 -0.007904052734375
-0.0238857269287109 0.0194644927978516 -0.0730819702148438 0.0550079345703125
-0.00940704345703125 0.0371513366699219 -0.0193252563476562 0.0724639892578125
-0.0112266540527344 0.0449409484863281 0.000541687011718752 0.0545158386230469
-0.00808334350585938 0.0450210571289063 0.0142326354980469 0.0438194274902344
-0.0273914337158203 0.0339012145996094 0.016754150390625 0.0447196960449219
-0.0504417419433594 0.0200004577636719 0.0169029235839844 0.0570182800292969
-0.0659523010253906 -0.00806427001953126 0.000778198242187495 0.0777664184570313
-0.05078125 -0.0762786865234375 -0.0456771850585937 0.0703964233398438
-0.00787353515624999 -0.100166320800781 -0.056121826171875 0.0700759887695312
0.0406646728515625 -0.122352600097656 -0.0434074401855469 0.055877685546875
0.0689010620117188 -0.113548278808594 -0.0561866760253906 -0.00724411010742187
0.0264663696289063 -0.0949478149414063 0.0303783416748047 -0.0254535675048828
-0.0380783081054687 -0.091339111328125 0.0109710693359375 -0.0890121459960937
-0.0595436096191406 -0.0420875549316406 -0.0580902099609375 -0.0833587646484375
-0.064788818359375 0.00213623046875 -0.0898056030273438 -0.027252197265625
-0.0417633056640625 0.0352325439453125 -0.0664100646972656 0.0354156494140625
-0.0163459777832031 0.0559806823730469 -0.0179443359375 0.0518035888671875
-0.0173568725585938 0.0651473999023438 0.00117111206054688 0.0340232849121094
-0.0103759765625 0.0652389526367188 0.0175876617431641 0.0229778289794922
-0.0339317321777344 0.04913330078125 0.0277900695800781 0.0242481231689453
-0.0637474060058594 0.0304183959960938 0.0311965942382813 0.04241943359375
-0.0825881958007813 -0.00939941406250002 0.0178756713867187 0.071136474609375
-0.0595321655273438 -0.0912704467773438 -0.0298042297363281 0.0694961547851562
-0.00228118896484375 -0.114036560058594 -0.0478591918945313 0.0574264526367187
0.0598983764648438 -0.129928588867188 -0.0204734802246094 0.0263080596923828
0.0919418334960938 -0.101341247558594 -0.0255851745605469 -0.0417442321777344
0.0553741455078125 -0.101852416992188 0.0474166870117188 -0.0453948974609375
-0.0245742797851562 -0.118789672851563 0.0310211181640625 -0.0932159423828125
-0.0670280456542969 -0.0645828247070313 -0.034423828125 -0.0930862426757813
-0.0830841064453125 -0.00592041015625 -0.0700950622558594 -0.0461044311523438
-0.0545806884765625 0.0428047180175781 -0.0537948608398437 0.010040283203125
-0.0216903686523438 0.0659065246582031 -0.0149726867675781 0.0243816375732422
-0.0213623046875 0.07537841796875 0.00214004516601562 0.00884819030761719
-0.0106277465820312 0.07611083984375 0.0196514129638672 -0.00243377685546875
-0.0352745056152344 0.0578842163085937 0.0370674133300781 0.000862121582031254
-0.0685157775878906 0.0370445251464844 0.0431747436523437 0.0250320434570313
-0.0879287719726562 -0.00976562500000001 0.0322189331054687 0.0593833923339844
-0.0597076416015625 -0.0971450805664063 -0.0159873962402344 0.0637092590332031
0.00699615478515625 -0.115303039550781 -0.0421485900878906 0.0418701171875
0.0722732543945313 -0.119354248046875 0.00343704223632813 -0.0045461654663086
0.0970916748046875 -0.0704498291015625 0.010284423828125 -0.071075439453125
0.0734786987304688 -0.0844879150390625 0.0649299621582031 -0.0628089904785156
-0.00174713134765626 -0.120460510253906 0.04864501953125 -0.0901260375976563
-0.0573348999023437 -0.07568359375 -0.00788116455078126 -0.0937423706054688
-0.0839767456054688 -0.0145492553710937 -0.0434684753417969 -0.0584259033203125
-0.0582923889160156 0.0418586730957031 -0.0351066589355469 -0.0151500701904297
-0.0234031677246094 0.0643730163574219 -0.0110139846801758 -0.00437450408935547
-0.0215377807617188 0.0745773315429688 0.00232505798339843 -0.0168638229370117
-0.010345458984375 0.0770416259765625 0.0197982788085937 -0.0282382965087891
-0.0337295532226562 0.0589485168457031 0.0438308715820313 -0.0229568481445312
-0.0668296813964844 0.037261962890625 0.0531196594238281 0.00717544555664063
-0.0836639404296875 -0.0126113891601562 0.0429573059082031 0.04681396484375
-0.04913330078125 -0.0960006713867188 -0.0047149658203125 0.0570945739746094
0.0199432373046875 -0.104537963867188 -0.0363197326660156 0.0253715515136719
0.0789718627929687 -0.0923309326171875 0.0270881652832031 -0.0301609039306641
0.082244873046875 -0.0280990600585938 0.0421371459960938 -0.0889892578125
0.0753707885742188 -0.0504074096679688 0.0782852172851562 -0.07366943359375
0.017974853515625 -0.0962905883789063 0.061248779296875 -0.0813522338867188
-0.0364151000976562 -0.0688705444335938 0.0146560668945313 -0.0877227783203125
-0.06805419921875 -0.0183296203613281 -0.0174102783203125 -0.0637779235839844
-0.0501747131347656 0.0343132019042969 -0.017364501953125 -0.0362892150878906
-0.0196571350097656 0.0535202026367188 -0.00724601745605469 -0.0301952362060547
-0.0183448791503906 0.0629959106445313 0.0019378662109375 -0.0390853881835937
-0.00840377807617187 0.0675125122070313 0.0198211669921875 -0.0517807006835938
-0.0299339294433594 0.0531082153320313 0.0501060485839844 -0.0437355041503906
-0.0600662231445312 0.0323562622070313 0.0626678466796875 -0.007415771484375
-0.071990966796875 -0.015533447265625 0.0511932373046875 0.036376953125
-0.033050537109375 -0.0876998901367188 0.00490188598632812 0.0512733459472656
0.0343017578125 -0.0849227905273438 -0.0288524627685547 0.0116710662841797
0.0779800415039062 -0.0538330078125 0.0518150329589844 -0.0478935241699219
0.0527725219726563 0.0186767578125 0.062591552734375 -0.0949554443359375
0.0592155456542969 -0.00860977172851563 0.0826492309570313 -0.0785293579101563
0.0271835327148438 -0.0529441833496094 0.0649795532226563 -0.0723495483398438
-0.0127334594726563 -0.0455055236816406 0.0279541015625 -0.0799179077148438
-0.0393142700195312 -0.0156593322753906 0.000465393066406244 -0.0649185180664063
-0.0329227447509766 0.0216293334960938 -0.00588607788085938 -0.0503654479980469
-0.0125465393066406 0.0342769622802734 -0.00599288940429688 -0.049346923828125
-0.0118675231933594 0.0423240661621094 0.000900268554687504 -0.055206298828125
-0.00594711303710937 0.0483741760253906 0.0193138122558594 -0.0699234008789063
-0.0228157043457031 0.0399208068847656 0.0558547973632813 -0.0589561462402344
-0.0467338562011719 0.0233230590820312 0.0722274780273438 -0.0167083740234375
-0.0529327392578125 -0.0163688659667969 0.0593185424804688 0.0299339294433594
-0.0141410827636719 -0.0700302124023438 0.0127525329589844 0.0505409240722656
0.0428466796875 -0.0546875 -0.0197601318359375 0.00317573547363281
0.0663070678710938 -0.0081024169921875 0.0740280151367188 -0.0546951293945313
-0.00461977528192602 0.0370619698762521 -0.0908760676380519 -0.0292276951358563
0.0337904884895546 0.0127004600018029 -0.00338689776759001 0.0101621004578275
0.0304067569768664 -0.0149842674370024 0.0396054589337958 -0.046394802350912
-0.000537559776191997 -0.0281260437643368 -0.00426626617833607 -0.0811804769183941
-0.0199673732067955 -0.0121097309060368 -0.0581117580642264 -0.070420923883631
-0.0129936352277455 0.00243695829721485 -0.0872524264821457 -0.0304830066939323
-0.0106582454657484 0.000259366955031161 -0.0846013189092914 0.0122926890994048
-0.0108218572354368 -0.00241841554382401 -0.0655612920541091 0.0331273870234177
-0.00841903476409007 -0.00310210737537955 -0.0508236869803386 0.030707375708658
-0.0039051659427409 -0.00596379305787844 -0.0530309244861152 0.0283857068459733
0.00649047818017814 -0.0115093057846573 -0.0660985826773029 0.0291729393007353
0.0251357623182512 -0.00654197937734613 -0.0834995773862491 0.00908574636854214
0.0275275724025309 0.0245007549244275 -0.0909049291061306 -0.0251818618724972
0.000127800935108684 0.0425775382593998 -0.100945029957486 -0.0273614796537213
-0.032892192268623 0.0401255762422361 -0.109052383794991 0.00255395079073038
-0.0516372696784719 0.0323308917876965 -0.0789328385383294 -0.0343298186702445
-0.00728455099352047 0.0316968723433038 0.00734619888886383 0.0144460827079556
0.0105239943978107 0.0247470119915864 0.0601766341547911 -0.0500205714507414
0.00969911672098074 0.00685110520558272 0.0103168635042249 -0.0953065662308054
0.00788037638291316 0.00260351984467925 -0.0567806762167245 -0.085485983870348
0.0120022955301542 0.00108556564862462 -0.0894253677871054 -0.0373739045257139
0.0147019746596131 -0.00840854105337677 -0.0858407332535045 0.00785428374465451
0.0154736841612252 -0.0138373813597565 -0.0650327755231789 0.0301727729695527
0.0195117417114749 -0.0119109143825565 -0.0489464666461526 0.0298473184870223
0.0211423455995858 -0.00089519861272806 -0.0461091151126581 0.028862950532308
0.0271706644227061 0.00979906913787198 -0.057296127792902 0.0317043083404058
0.0241816641545704 0.0302417544208247 -0.0750346981134305 0.018959134132171
0.00143191943986731 0.0558314749500026 -0.0836158895535183 -0.0132312170912419
-0.0400299110518466 0.0494959176053482 -0.0938898643388183 -0.0155393224959255
-0.0781294618071957 0.0307457437293699 -0.0965561422295727 0.00548168042239453
-0.0922009235340825 0.0200528905692394 -0.0533355170869777 -0.0365194127246894
-0.0536624289867133 0.0418952881427251 0.0262725142706881 0.0225383171548582
-0.0181396832359452 0.0636348957855303 0.0871727180868635 -0.0463626303813063
0.0144372284508859 0.0478086685331226 0.0345979416483686 -0.104632061506336
0.0360057384639604 0.0233538458727523 -0.0449788640488746 -0.100237938173824
0.037776878098925 0.0028509227189873 -0.081439777604427 -0.0462710786189093
0.039221034722153 -0.0141992180531743 -0.0763100339225478 0.000370760251784203
0.039421092787598 -0.023415844165808 -0.0549847108968219 0.0232249690111883
0.0436804633264805 -0.0212255671911142 -0.0373711678327625 0.0259952852593088
0.0426835561726815 -0.00112337289258199 -0.0300790172200152 0.0288287202889065
0.0476057788974311 0.022193298589257 -0.041589986902604 0.0369734651386296
0.0312188877035976 0.0573016703261561 -0.0625596798439735 0.0330669780362241
-0.0117865098710814 0.0827690937616108 -0.0749130497807779 0.00163139666925398
-0.0669623293396294 0.0587702819794959 -0.0824429016227818 -0.00640349294740783
-0.110982615144157 0.0225172760044382 -0.07092541149428 0.00928636561397961
-0.119475375027641 0.00133179215762549 -0.016246655101212 -0.0321342095414955
-0.0957690132268945 0.0393967844780042 0.0502102555216445 0.0338329418777747
-0.0530293750864696 0.0915055278933737 0.115123610380668 -0.0329414746038502
0.00922450799725082 0.0864286918095777 0.0651155426378213 -0.102341690370006
0.0562000599670531 0.0480121178575156 -0.0220339963562974 -0.107515060035193
0.0596522639803887 0.00890620956350283 -0.0625575112370593 -0.0524110111197613
0.0592089035623876 -0.0162024866408495 -0.0573603539516955 -0.00809820639939884
0.0580283802596178 -0.0298249855918692 -0.0363563737956302 0.0129887330177555
0.061515359200082 -0.0293510587626026 -0.0182317458705689 0.0191327104662054
0.0579239657853673 -0.00427292827866861 -0.00835876887406859 0.026863661813895
0.062854909564567 0.0253967407640823 -0.0206459429675111 0.0411344115197157
0.0391331823847186 0.0728432781676314 -0.0455559372443772 0.0447651227495379
-0.0165396908669874 0.099502930563536 -0.0632272505452063 0.0141794223221272
-0.0817009321514992 0.063372288304519 -0.0677575689450081 -0.00301476957134224
-0.126817119830791 0.013260863244605 -0.0378785272870397 0.0112795767533968
-0.124518870551416 -0.0191730273102714 0.0261310305788152 -0.0225144208216007
-0.120448412507163 0.0225043079821162 0.0737121563633157 0.0456972605394449
-0.0850231594576331 0.0965953373344885 0.133882016015782 -0.0104602286003502
-0.00645995099932239 0.10919299937878 0.0924681595246495 -0.0850484932372995
0.0623933893383274 0.0685970482374857 0.00774947732801258 -0.102486731735799
0.0715429712631696 0.0163565726577032 -0.0344835860263118 -0.0541496272077367
0.0702430795816087 -0.0149604817143512 -0.0304173424620765 -0.0159846390491651
0.0672436931534039 -0.0320626699446281 -0.0129281021639311 0.00151097966666487
0.0701228815094173 -0.0336821538762938 0.0052385286706229 0.0100553031145947
0.0654582440358686 -0.00703085090612022 0.0159828101571056 0.0225520516331014
0.0699576187450557 0.0253147336611198 0.00137331559509881 0.0428470537568826
0.0414050047721393 0.0780212429711618 -0.0275345395621121 0.0515304405839048
-0.0210201156673489 0.10353991438132 -0.0510912270597989 0.0238576389930478
-0.0879408926654319 0.0580887491584021 -0.0525170834600145 -0.00454041173513383
-0.125774310557422 0.000401229282240955 -0.00251765534687472 0.0116438072260634
-0.105973438711403 -0.0347962109974527 0.0661371254939039 -0.0093960513411262
-0.119290899720749 -0.00113839732252551 0.0925559232901897 0.0552055223320928
-0.101077536474977 0.0794607464509667 0.137061360839878 0.0133328044381437
-0.0248485721234519 0.108715512320183 0.107439971842038 -0.0572810515931081
0.0539861553172736 0.076433974099084 0.0347710774181477 -0.0841931225979223
0.0704973892421147 0.0216019515608568 -0.00379500410336307 -0.049054417314929
0.0698004388339227 -0.0114997353074427 -0.00202319250678966 -0.0219864321995578
0.0672142644183087 -0.0296995443393815 0.012192454397757 -0.00990713122413817
0.0690971895626086 -0.0328566840273147 0.0292328212784576 0.000184738177876675
0.0648950176547553 -0.00781452848632834 0.0388901202113838 0.0173747437160464
0.0688638682248488 0.0243605144167355 0.0221331535742327 0.0438684162449147
0.036364523627316 0.0763403439810732 -0.0107000731012017 0.0560747485443276
-0.0281748388987551 0.0959269161915218 -0.0404419090892898 0.0302286976071916
-0.0874444406100651 0.0431575100627937 -0.0376269570303549 -0.00769632664166611
-0.109542231454796 -0.0157394933968875 0.0302710635632609 0.0127763653455231
-0.068152260059835 -0.0415851924663717 0.0946203013747772 0.00299820085937266
-0.0938304875021563 -0.0219376869828375 0.103619300484439 0.0585502656353408
-0.0932754867675343 0.0491695432758003 0.12777556819692 0.0308003938380558
-0.0344811667282869 0.0862458380413159 0.108682940475037 -0.0296384249930759
0.0378444115913517 0.0681782163457948 0.0534309579743983 -0.0605598110998773
0.0580406309455567 0.0212551030917662 0.0230765778441021 -0.0407615336266622
0.0574103484148266 -0.00767867760379979 0.0239552614273849 -0.0253550791678512
0.0565179118527599 -0.0233825687772095 0.0340837975043957 -0.0196829521853118
0.0598758785813159 -0.0274398708482886 0.0512977531085767 -0.00859793806543123
0.0574691305518221 -0.00622340886706194 0.0591882310242753 0.0146158789326729
0.0599435284016904 0.0227171906309515 0.0394230541663451 0.0471580425514833
0.0265443448467476 0.0680746381361243 0.00106482100626813 0.0606636152119925
-0.0346383392881285 0.0795970129598088 -0.0320563074786783 0.0356055264911855
-0.0809406612957218 0.022324941645209 -0.0246855530087887 -0.00852932194697808
-0.0804725238959738 -0.0324384867712708 0.0578815871641869 0.0175678497876125
-0.0175954203058813 -0.0396750632320984 0.107467206680909 0.00890276106917256
-0.0498636733320841 -0.0332445456106738 0.105993179677191 0.0523817376145901
-0.063263816929309 0.0163250302751217 0.111107007737878 0.0362806035742938
-0.0313789950055631 0.0494193240514304 0.0994042084803095 -0.0112316638492646
0.0180818435475625 0.0455753999442366 0.0629367749264683 -0.0406720465960125
0.0362927979882884 0.0160533744246266 0.0412673566571026 -0.0329890068626274
0.0360071570005548 -0.00379196105774102 0.0427862629676178 -0.0274122754184985
0.0371535048108715 -0.0140559309444454 0.0501823885771096 -0.026779234403372
0.0415245697002928 -0.0178029841657128 0.069067354460556 -0.0144145013417663
0.042779731532598 -0.00320960808596841 0.074465503130977 0.0142209980894834
0.0443986129055597 0.0190371240487086 0.0526840167594949 0.0536531064059613
0.0142065472017196 0.0526791118800326 0.00856747871770583 0.0665692782069419
-0.0359231974587908 0.0542076263110119 -0.0296892976332611 0.0417137075050066
-0.0637194091170141 -0.000105395835592508 -0.0151668374880824 -0.00725497722765516
-0.0413643504050814 -0.0440709184388256 0.0767716926572525 0.0266054894449379
-0.00277635772250786 0.0363923264519146 -0.090458799269281 -0.0252263917371529
0.0332356035629959 0.010486467011344 -0.00236113368557119 0.0105897623491738
0.0287088564285498 -0.0164923318527206 0.0382365907908164 -0.0475559665884167
-0.00193649397103108 -0.0270144944777828 -0.00673955937661627 -0.0810243374349124
-0.0200096232579359 -0.00995022274575493 -0.060259202860212 -0.068040199366089
-0.0116097977122702 0.0030780090206381 -0.088223338506357 -0.0272054167194425
-0.00955329740244955 0.000649814086853936 -0.0828701299716426 0.0155421159019682
-0.0104476292252437 -0.00193384485258458 -0.062684234536448 0.0349140984111604
-0.00759816588998007 -0.00247960428845177 -0.049285070507235 0.0319893199317399
-0.0033962719370302 -0.00523381310474865 -0.0520066893873944 0.0307093356039384
0.00605604993909002 -0.0111119595578684 -0.0647012080766632 0.0319140757028529
0.0233987023301377 -0.00692381972556196 -0.0823221639296609 0.0123519686754338
0.0280435261988563 0.0227236374476815 -0.0917368831592281 -0.0224610025185728
0.00146128473207815 0.040299912666517 -0.100279131450482 -0.024556363315331
-0.0304590242817372 0.0406008227921286 -0.107249124501911 0.00417717459211012
-0.0486738210365448 0.0334017813500112 -0.0787245303513531 -0.0308650339310683
-0.0063292244828764 0.0299356135360757 0.00836635462498728 0.0142520696603638
0.0107541427258835 0.0230466399998389 0.0578625234643557 -0.0515717808632831
0.0088010980835438 0.0074231285732334 0.00703996373923966 -0.0952526944209137
0.00790940127192206 0.0033677874384856 -0.0596812614787917 -0.0829859865799104
0.0129807266331074 0.00123099854816302 -0.0902061291790645 -0.0336202120610258
0.0149518982710668 -0.00859936791971001 -0.0839646977429899 0.0115565255366889
0.0150829093635503 -0.0139302426905051 -0.0620285892708478 0.0328490615561015
0.0195248995298615 -0.0122685989394438 -0.0472180079442444 0.0312388570466295
0.0214206046456812 -0.00098648886066141 -0.0445520617789135 0.0308221981104539
0.0275549610554694 0.00965963484910939 -0.0550841686558248 0.0343606116925315
0.0237842938355393 0.0296752320081225 -0.0733741566466912 0.0223458326171119
0.00325659158568808 0.0547816629985858 -0.0844023057907908 -0.0110156186631345
-0.038016445791652 0.0489086367376631 -0.0936448432388177 -0.0134847248447544
-0.075688706492293 0.0324960695414569 -0.0949334291095229 0.00689701994873935
-0.0901563013903142 0.0225929098547883 -0.0536008632508803 -0.0330852389014243
-0.0512540733302483 0.0423331444836048 0.0279078553426069 0.021476591758652
-0.0155056837263201 0.0627811818728026 0.0852838018344104 -0.0491496260592011
0.0152042009842628 0.0471499769601031 0.0308726987955515 -0.105102585952819
0.0360870620052237 0.0227305424580934 -0.0488620591579288 -0.0974058461616076
0.0380360666439755 0.00242940434665306 -0.0825760765651107 -0.042643614756501
0.0390775779553528 -0.0150713210539801 -0.0750136463496221 0.00329634812528303
0.0383962703375868 -0.0245336834333399 -0.0523930287030872 0.0255308725541266
0.0432272168124842 -0.0220219599145265 -0.0353753521017784 0.0272159583646915
0.0426883540484831 -0.00166340627062811 -0.0285757392820224 0.0305132494902798
0.0480586752369314 0.0202543273941664 -0.0390613519981818 0.0399531111003339
0.0318578499817439 0.0563860742937428 -0.0602448539589973 0.0360048010425084
-0.0086996793904223 0.0820181190235134 -0.0754025695371884 0.00381902216600191
-0.064464160139209 0.0588044070551253 -0.0817675289225344 -0.00418257180319507
-0.108232081560197 0.0257146516266629 -0.0702056026271851 0.010482304371232
-0.117461407214572 0.00483845639426973 -0.0170088468864343 -0.029957911819828
-0.0930422708658197 0.0412064728375826 0.051994699919258 0.0323418511862811
-0.0487320971413455 0.0912756589767899 0.112866503289455 -0.037024404735304
0.0110738680286112 0.0853337798145971 0.0608575962213585 -0.10356241410852
0.0570077476727088 0.0458531052600207 -0.0269470380945414 -0.105834152887204
0.0594686312357667 0.00741319089926844 -0.0635707434986307 -0.0494907273818681
0.0582156786650995 -0.0178785482150131 -0.0562945344504261 -0.00545824901724371
0.0561689546397603 -0.0324920659685571 -0.034509582430717 0.0149923301503787
0.0600004649569702 -0.0310652878765984 -0.0164548881520316 0.019870923035774
0.0575626206880816 -0.00527796890978424 -0.00658006628990526 0.0272819935193275
0.0632162628753257 0.0232537155364101 -0.0180414398329474 0.0434768714517557
0.0404983596212927 0.0710645700638943 -0.0430104226694848 0.0474520922505263
-0.0130065272725915 0.0986690482517399 -0.0638853597653515 0.0165695900740393
-0.0786674600170702 0.0644857995388272 -0.0676127187618466 -0.000914514929403838
-0.124469250469289 0.0170149584496856 -0.0374082640289098 0.0117211151862923
-0.123245334380185 -0.0144965231755386 0.025109046182862 -0.0218328854193903
-0.117687696210832 0.0257140806630924 0.0756592226953913 0.0433384767138936
-0.0798084224848333 0.0987275937880953 0.132344942339928 -0.0149264476904106
-0.00341578874188555 0.10841663478103 0.0886321702330865 -0.087461412844077
0.0643222562504102 0.0658041393124449 0.00257830582924471 -0.101563805494017
0.0716469056363538 0.0139044263901918 -0.0362858989159544 -0.0518323107885812
0.0686374784893652 -0.0168214345220395 -0.0306147387602894 -0.0144465782031383
0.0648791802871815 -0.0344619674672341 -0.0118482505612076 0.00228573983621264
0.0677614409643338 -0.0360090625954358 0.00653601174856796 0.010298110432715
0.0643458376200071 -0.00874350587466969 0.0169265314675755 0.0220624868111177
0.0703002663052725 0.0223349924792909 0.00321390063090109 0.044375226536305
0.0433465351952806 0.0758993852347353 -0.0248831309127403 0.054033415751341
-0.017075846235928 0.102277031057299 -0.0517927491018372 0.025467537485087
-0.0847938919080733 0.0595355554963602 -0.0532703405209172 -0.00244293869266731
-0.124240973633069 0.00475003927486782 -0.00240763107610781 0.0110729996707835
-0.106286255358853 -0.030369185557105 0.0643945703376555 -0.00984889792563958
-0.117698082027598 0.00280186161358417 0.094394326445072 0.0523681692583685
-0.0963539615976074 0.08161005124081 0.13677103137596 0.00858708022311756
-0.0213988810533063 0.108659802208933 0.104447737405765 -0.0605930437457086
0.0566928673710319 0.0737058043827291 0.0301966813630634 -0.0850800312773724
0.0707159159050957 0.0185220662083399 -0.00548869740066368 -0.0483282290982453
0.068112294266219 -0.0135506761979729 -0.00210307669484799 -0.0212588004910428
0.0644056760058646 -0.0319780678891621 0.0116986763771312 -0.00999390893293448
0.0667284449520316 -0.0351823255868642 0.0295145320517419 -0.00101902944824516
0.0641229965443844 -0.00994383184002805 0.0391845757696844 0.016070475371026
0.0686009054926634 0.0213473027171984 0.0241363765763784 0.0445924598175768
0.038294099879258 0.0741845810888142 -0.00856302560807032 0.0575965373406987
-0.0240631733213951 0.095271614375808 -0.0402678629475388 0.031626501525891
-0.0849231957025422 0.0455911399079625 -0.0386898722323629 -0.00559090873245893
-0.108607561524919 -0.0117843680979912 0.0301436101135137 0.010896447690228
-0.0693473423408041 -0.0384463833977556 0.0927408815819474 0.00126746189698994
-0.0934913717008203 -0.0183025826316381 0.105207748018106 0.0557453428020673
-0.0898460170037051 0.0521564210570668 0.127790075477144 0.0267492653117443
-0.0313421916402854 0.0868934277961464 0.106624566234827 -0.0328570660272405
0.040047501492835 0.0658589377501341 0.0506131732920472 -0.0626406583207162
0.0579955092844476 0.0189650911358426 0.021022786092034 -0.0411355415719885
0.0559165729084793 -0.00952144709084274 0.0228446832232149 -0.0261564740667196
0.0543461753289323 -0.0254588251062334 0.0329624547396479 -0.0203213411672269
0.0567368206974924 -0.0296181992733059 0.0509729205674688 -0.0107132552548241
0.0563873705720556 -0.00804676612310501 0.0592203713407388 0.0123126844794333
0.0598214434698295 0.0197946257025811 0.0414693413215292 0.0467410122701099
0.0288386820747019 0.0663820573225274 0.00356031583239013 0.0608347898636666
-0.030522215185189 0.0795758090668641 -0.0318945968878055 0.037086527327927
-0.078575865608036 0.0251153805761653 -0.02598248469814 -0.00696483833627884
-0.0811065206992913 -0.029019895497325 0.0577545965608865 0.0152859231975641
-0.0199205118246667 -0.0377916059623705 0.105843158464946 0.00715473284083728
-0.050250615958479 -0.0306081613023393 0.106747457323286 0.0493056943088837
-0.0606472524103292 0.0193860478754538 0.111456742655134 0.0318357162019357
-0.0286395619337647 0.0504182771579745 0.098408310179451 -0.0148951146710131
0.0201488983356418 0.0441310800165469 0.0603555816316422 -0.0431973689644631
0.0363136354440718 0.0137048285727642 0.0391745161345003 -0.0345147183485383
0.0351260962200594 -0.00514642645700809 0.0411219087574022 -0.0289856467894679
0.0354012319600908 -0.0158906578443698 0.0481356937262918 -0.028185689703846
0.0391054658320779 -0.0191371453429432 0.0674324599530084 -0.0169974519398734
0.0415716277259554 -0.00492347190134554 0.0743679778922165 0.0111732952367739
0.043840259456081 0.0167695556237768 0.0543288905111367 0.0517451208851798
0.0159115982493282 0.0514198448317211 0.0108229324188089 0.0666059920655594
-0.0322225993983562 0.054906467922394 -0.029074296504912 0.0425532022150347
-0.0625609776894038 0.00290358507047976 -0.0162934932297478 -0.00611776205068226
-0.0426190774899399 -0.041878673760621 0.0768610212421674 0.0233344209696979
-0.0010910267684238 0.0348598805181251 -0.0880904590625071 -0.0213592696085077
0.0320607038629272 0.0081840085995489 -0.0010591578629423 0.0104553868976213
0.0259024142816907 -0.0167560732687007 0.036620352181155 -0.0474833386232768
-0.00318917906664413 -0.0255932555122186 -0.00897779396392328 -0.0788295302351436
-0.0193461758819644 -0.00770510514248914 -0.0609598427533853 -0.0649304300401524
-0.0102532414998052 0.0036357534743149 -0.0874033707003424 -0.0232324906350474
-0.0085662100844929 0.00053806018257944 -0.0795465232778092 0.0181243819259051
-0.00957292186050073 -0.00102015166491679 -0.0586227098967665 0.0361635676123584
-0.00682897614188806 -0.00266311983315618 -0.0468025688275034 0.0325049775811446
-0.00266845840599777 -0.00486871038380861 -0.0491050474292169 0.0320999690064474
0.00563611503923263 -0.010193876405448 -0.06088734673537 0.0336198602509125
0.0215337155805954 -0.00687170252396073 -0.0796133957319252 0.0151151706352823
0.0275690779946572 0.0206257639461339 -0.0909456401481982 -0.0193595810841509
0.00263264167282305 0.0380853601088606 -0.0976157595466226 -0.0225242674886236
-0.0275972162672565 0.0399758149263006 -0.103726277486215 0.00511313044703383
-0.0455752293488194 0.03329029197471 -0.0772750924928762 -0.0270336032626733
-0.00578496393082313 0.0283287087218317 0.00988544437099372 0.0135888579850466
0.0105348668901864 0.0218044647910998 0.0553297402869712 -0.0527481556888527
0.00809370595884255 0.00771285542243836 0.00392998733653315 -0.092938091255089
0.00796611242778896 0.00448975419137051 -0.0610318119374748 -0.0789573308929616
0.0129774839290715 0.000992363888588504 -0.0894206323202561 -0.0294278737238278
0.014828241098898 -0.00853134958758302 -0.0807460940559403 0.0143764246346093
0.0144724643704805 -0.0139901457765414 -0.0581407298753182 0.0340182695270104
0.0197826428268066 -0.0126261132716608 -0.0448711471208127 0.0321680897194803
0.0217407258579959 -0.00113450500302656 -0.0422932402844061 0.031926502394036
0.0274062554534537 0.00889371140430328 -0.0520414616602968 0.0366902848755547
0.0232219616722291 0.0286415768300251 -0.0706152979534805 0.0252673734813987
0.00416660481276188 0.0524810578206245 -0.0836350717139219 -0.00786494407213508
-0.0356213602668119 0.0479241578208425 -0.091081019142447 -0.0113247129674505
-0.0718639832835889 0.0336015405486788 -0.0921875948504769 0.00802095086681732
-0.0861745029093397 0.0243673481436056 -0.052499873911429 -0.0296438361668313
-0.0484871056221028 0.0417162456550024 0.0287078265699267 0.0201752285333584
-0.0138413858683955 0.0607640519946758 0.0820799392381327 -0.0507645293348861
0.0149722628402835 0.0462886900926101 0.0266289134403109 -0.103122396482257
0.0352555081135842 0.0215675994749847 -0.0511320990337224 -0.093237506190965
0.0377392022027609 0.001637884435346 -0.0816837296718696 -0.0381439460229104
0.0377698526563774 -0.0150941561934791 -0.0719213502660207 0.0065145380383503
0.0364679926384015 -0.0255781781371637 -0.0487384681615698 0.0272773880775753
0.041716420699485 -0.02306901831532 -0.0333891198749211 0.0282376697873852
0.0425253566464582 -0.0023625436619776 -0.0263394663353305 0.0313283078236771
0.0474519311220887 0.0186721006216853 -0.0363320047117026 0.0414628824979941
0.0322989863551898 0.0545315013217064 -0.0571650348570546 0.038240843661099
-0.00622369545987311 0.0791774874447624 -0.0747866993189717 0.00667217782520804
-0.0612060779031982 0.0583722219093542 -0.0799844808328894 -0.00220823233415234
-0.104076786597655 0.0280793329484343 -0.0676991755767928 0.0106509936419101
-0.113445076785033 0.00826091006184376 -0.0171249341102387 -0.0274618340589498
-0.0886227558393183 0.0420048948902185 0.0524727855867177 0.0299648190780499
-0.044269422405212 0.0900425461865296 0.109322191799579 -0.0396227634585099
0.0128893914678269 0.0830348882901204 0.0560827836955132 -0.102511354349543
0.0563873140084159 0.0430096710289858 -0.0303648513347726 -0.101587217785707
0.0581484982441155 0.00584087164692043 -0.0634154058549412 -0.0454566830775987
0.0558712250983903 -0.0190609584028392 -0.0542214392083953 -0.00286648982431374
0.0532520093173711 -0.033084671361341 -0.0322745599088715 0.0160297033910327
0.0570693354744549 -0.0323457716983601 -0.0143982478747165 0.0203374785314669
0.0561045042994419 -0.00662665184393641 -0.00489981234777702 0.0276694781914161
0.062347328208899 0.0212196603982992 -0.0156817214946752 0.0446377480981808
0.0413649522717562 0.0682295100871786 -0.0399849136060164 0.0488287721189529
-0.00963716258000558 0.0959814809586988 -0.0636592892591497 0.0188377773279759
-0.0745221205064886 0.0643399235572829 -0.0662457825727373 0.000985991433597017
-0.120491128831138 0.0201135482361041 -0.036061431751581 0.0115787484745516
-0.120250353837878 -0.0104304370985133 0.0234601762351083 -0.0203405221239317
-0.113377546738543 0.0281699904836622 0.0752693880622846 0.0402780812088793
-0.0741110353392093 0.097729131477129 0.128543067386974 -0.0188176773491703
-0.000832420894455167 0.105769727600946 0.0832548040694575 -0.087597242421501
0.064444741642714 0.0619193916037819 -0.00208923249138577 -0.0989520993053309
0.0699065206696769 0.0116160430343044 -0.0370779388134752 -0.0489134830833165
0.0660511065690644 -0.0183100218037237 -0.0296622321430677 -0.0123473832476095
0.0620297942296508 -0.0361208961510518 -0.0110060769329681 0.00315218824848259
0.0645742596677808 -0.0373541058225321 0.00705500003743801 0.00995201237588384
0.0624199308576292 -0.00958034683491322 0.0178399787520543 0.021465459002656
0.0686915498267695 0.0200614274610707 0.00588581600707618 0.0449310001843104
0.0444165292131122 0.0729094935784693 -0.0218550639946533 0.054285212615682
-0.0130454943692459 0.0998310903983702 -0.0507787019638551 0.0272619197879174
-0.0806215815094488 0.0602696054167185 -0.0523314958905819 -0.000276287374332787
-0.120483294749996 0.00802025811514823 -0.00213558279030372 0.0101230128745245
-0.104145722369539 -0.0257305910625671 0.0618413417070216 -0.00974438362669531
-0.114012127463744 0.00586080270678647 0.0938880097193754 0.0486927559796176
-0.0904903754351047 0.0828968451198651 0.133686271096609 0.00411244838108809
-0.0175954202542573 0.106555859682428 0.099586128782537 -0.0614097182297208
0.0578585553514976 0.0694625621277331 0.0256133674373358 -0.0835160468385279
0.0691743726983723 0.0158337170344438 -0.00704037164682813 -0.0463501187543328
0.0656622112629264 -0.0154109314027628 -0.00271356122723353 -0.02063734098283
0.0610238877609026 -0.0334413445833532 0.0116075745326655 -0.00950919160700204
0.062726819827463 -0.0365358895801427 0.0291079444302251 -0.00171360862548947
0.0617710358809508 -0.0111566546656248 0.0393122063027715 0.014816026767977
0.0668506561967374 0.01892397769556 0.0260406124181198 0.0440338860947598
0.0392738908483361 0.0711677757528593 -0.00592774718663117 0.0575308943736038
-0.0197320468261514 0.0931556616574721 -0.0400203014444141 0.0327908395913421
-0.0806680955890423 0.0467384504266071 -0.0385756196481698 -0.0036105243749761
-0.106227055899702 -0.00805942769593355 0.0293873164442216 0.00954151429046185
-0.0687871911597482 -0.034962569860261 0.0894100470785031 0.000537600228256838
-0.0913420632094659 -0.0147332231780718 0.103744736723437 0.0518396692158519
-0.0845521462499413 0.0540115131534626 0.125958910561303 0.0217765995147131
-0.0273745402114561 0.0857934278007641 0.102800947143258 -0.0354623986516632
0.0416377699440463 0.0620754774830087 0.0458231920223955 -0.0624869224025288
0.0567707455025736 0.0158163333170241 0.0194091591864715 -0.0404540890282546
0.0536016012933278 -0.0113204214369532 0.0216314950466699 -0.0259426596473976
0.0509607135535929 -0.0273239534593288 0.0314348081138306 -0.020785368655749
0.0527452765061388 -0.0310695402250303 0.0489087854410786 -0.0115400978813185
0.0539323431502722 -0.009796743137739 0.0583455108193486 0.0102204081106541
0.0580547440762329 0.0168143261312623 0.04295233159708 0.0453701414919049
0.0298528042237481 0.0633584915786796 0.00576471668043441 0.0601292585538711
-0.0259714406207391 0.078021737269941 -0.0313885872681352 0.0372950410383892
-0.074960261113843 0.0273036877347351 -0.0263896822401446 -0.00518867914784452
-0.0799391413127694 -0.0255752506334439 0.0562057888887449 0.0128372517082084
-0.0211545633361687 -0.0358180477194007 0.102772455015989 0.00576601116487027
-0.0498810451284393 -0.0276132304730689 0.10576763338 0.0460752995241354
-0.0576038674931013 0.0210808343251734 0.110467151145078 0.0277718541690405
-0.0260567644628987 0.0495460003088847 0.0954567875195937 -0.0172890557004269
0.0211399671638594 0.041018367463864 0.0567928728058397 -0.044215969433109
0.0352196548945551 0.0114293363863212 0.0369675206056622 -0.0350246801798495
0.0332388415055295 -0.00674755674588177 0.0386206344102565 -0.0298847587894999
0.0332316601010617 -0.0166973077571678 0.0454592634287586 -0.0291131190157951
0.0361896907360043 -0.0204844930952248 0.0646220170905493 -0.0188860736281859
0.0397390312366457 -0.00663639998007778 0.0729960197713199 0.00854709073213538
0.0430534096285522 0.0140902114913946 0.0554338704895956 0.0492013253821123
0.0171824449561697 0.0488782964746921 0.0124176755564711 0.0654711033575587
-0.0284041039377125 0.0542449295005553 -0.0279585205747983 0.0427855542965796
-0.0598416474223514 0.00540686032964355 -0.0170353811956576 -0.00472377100428591
-0.0433005210871532 -0.0385897017587301 0.0747211412948249 0.0200765006341414
0.0103983969312055 0.03245621237912 -0.0882535214415321 0.00676255434509548
0.0316691983917565 -0.0034253154411822 0.00177243257075254 0.0110568658190055
0.0170661578655568 -0.0241930397737654 0.0204771560595508 -0.053771617867984
-0.0120579884438795 -0.0216803021829212 -0.0313331775571318 -0.0706902708209272
-0.0198636978733059 -3.67813821081113E-05 -0.0763742236709747 -0.041748566510211
-0.00843557816550445 0.00577523996083413 -0.0877971749737672 0.00621734372618532
-0.00787544465073408 0.00374926619920682 -0.0659374616793534 0.0425431756207499
-0.00871266273050929 0.00210595522519505 -0.0408133813150025 0.0509434222055155
-0.00628232181004684 -0.000180498431919546 -0.0327474080681273 0.0441883416821359
-0.00318635268686876 -0.00355474854027727 -0.0347829604767134 0.0443720791040131
0.002207862510762 -0.0102455831741266 -0.0434850542223998 0.0499993030325998
0.0169143355731772 -0.012383133980289 -0.0685440341953121 0.038458984248568
0.0304965068725268 0.0100350007995707 -0.0905317224877792 0.00921288113805871
0.0146461336905262 0.033394516944539 -0.0961431602598704 0.00652080268158209
-0.0122176279106177 0.0440723984941234 -0.0918949742529122 0.0322884771336737
-0.0325850765509656 0.0460803970522948 -0.078467347444808 -0.00267576583359445
0.00393881621882052 0.0273681727527476 0.0127230020709688 0.00823045265931083
0.015551400014787 0.0161019831585981 0.0343302173346912 -0.0655507395943942
0.00945809439529272 0.00492836776699186 -0.0255306027795364 -0.0874458925135475
0.00846764644232268 0.00249037295449966 -0.0812334975824925 -0.0536863018010479
0.0119330388154764 -0.00339737412649576 -0.0917690981451056 0.00192369807540423
0.0107792422843058 -0.012616824065711 -0.0686988295232048 0.039656840554648
0.00895286196056547 -0.0168609800851444 -0.0404807920151951 0.0500188757464878
0.0141601222420736 -0.0176332333168292 -0.0304518691030549 0.0434402951384978
0.0205465924575715 -0.00771151973783351 -0.0286490485710366 0.042948627235749
0.0278917383606774 0.000371456359576996 -0.0356921696982685 0.0503346830721695
0.0295803834562017 0.020244328046798 -0.0574148005411607 0.0443373199701436
0.0193739939724076 0.0466724879609062 -0.0798986956487567 0.0172296044123611
-0.0177096401469386 0.0543152884587896 -0.0858206204560639 0.0153981485353966
-0.0559538506283614 0.0514600456615033 -0.0796673803625212 0.0330325830435866
-0.0730355056569992 0.0506082120963648 -0.055390745881601 -0.0138310939431972
-0.0313527001368816 0.0536668461056104 0.0327707421553693 0.0065105465057325
0.00672719560082014 0.0591097859928854 0.0573895639748637 -0.0739853530093802
0.029208877015635 0.0372742856364604 -0.00992675314681144 -0.104138154670161
0.0387209251532475 0.00860909788015677 -0.0776310208069042 -0.0685886819296611
0.0343772987558941 -0.0102693505215751 -0.0877533651356276 -0.00718062276610728
0.030000082348457 -0.0262596787212214 -0.0641199282756389 0.0300688268885795
0.0254129420528499 -0.0337584229891811 -0.0342792860201783 0.0412149174772288
0.0307024995754939 -0.0345565220342312 -0.0206945033225103 0.0367764444624394
0.038399361300323 -0.0147698443232841 -0.014682536262188 0.0377723773190187
0.049449490247054 0.00283151731004891 -0.0201916630070568 0.0503759130416996
0.045617725041326 0.0407976426643823 -0.0412246059427944 0.0523016540539461
0.0182244004777104 0.0744496282649586 -0.0669195209549583 0.0279109124844847
-0.0377212756230705 0.071959929724538 -0.0731579563239533 0.020788219009998
-0.087677207700655 0.0554970487593975 -0.05663370301575 0.0300682086126606
-0.103609543780917 0.0449459131740408 -0.021328956379878 -0.0223254337856437
-0.067845462972012 0.0672423471201959 0.05888575135605 0.00687926662073628
-0.0112170814581313 0.0955299480080003 0.0845127481586895 -0.0745143817741883
0.0392582292585083 0.0712922495845409 0.0155325993282765 -0.113089791819019
0.0648400559340921 0.0207179536104415 -0.0626320248367766 -0.082148709784074
0.0543342262854003 -0.0130129314306478 -0.0734877879414942 -0.0192912565126036
0.0454948741956371 -0.0351876236583953 -0.0513142395074149 0.0161299058184368
0.0379021831694757 -0.0459189625419107 -0.0223979464304937 0.0263408492664957
0.0417447141456555 -0.0472670628715853 -0.00597336074076696 0.0238484559176663
0.0498838127159765 -0.0227319862001495 0.00376279290843625 0.0278874633421372
0.0634719881029574 4.32310497812879E-05 -0.000250298453415077 0.0471901562340288
0.0587603085182762 0.0504720579477514 -0.0224684821991993 0.0561605637736339
0.0203104946789597 0.0902225873671866 -0.0523324578483658 0.0360169624352767
-0.0483506304071114 0.0816144792708605 -0.0595641651639742 0.0208833909422639
-0.105502336217744 0.053969874473923 -0.0274026760517494 0.0222999607030874
-0.116031870935348 0.0297655511360765 0.0190756898635583 -0.0278335462802688
-0.0951578759136742 0.0631934035532286 0.0846964990170977 0.00891094488511644
-0.0352847847315005 0.112771222288261 0.109363596844652 -0.0632369021703036
0.0352845685149066 0.0966484917790337 0.0446535298859607 -0.108744287558094
0.0780835828291857 0.0347420390437178 -0.0364556507646887 -0.0876355957506701
0.0669610104562451 -0.0117164447606763 -0.0507960825679438 -0.0303696294863086
0.055919344514544 -0.0379609184680122 -0.0326427371610612 -0.000603542320800717
0.0446572341188761 -0.0514459549315638 -0.00766527605305889 0.0081342709646754
0.0464890131868907 -0.0540727158540182 0.0104057054347291 0.00766275389506473
0.0541934353378399 -0.0281331960930982 0.0223609605803685 0.0153773477996343
0.0686209205777161 -0.00293202221490893 0.0191905782869296 0.0404899453124146
0.0627315548258108 0.0535679234413262 -0.00374828843481651 0.0559635051032368
0.0184099619064502 0.0948548672467391 -0.0380346098482327 0.0399165122861936
-0.0545666374906533 0.0800001769566927 -0.0469570651183375 0.0163679992507023
-0.109267849331759 0.0429635297135012 0.00279203875865271 0.0119436148150385
-0.105927596703414 0.00975590144876285 0.0573764346071404 -0.0291269006366338
-0.103052914416637 0.0433810915787804 0.105407772405176 0.0115822736313992
-0.0544925565003957 0.104417267609018 0.12221371143499 -0.0442476758023913
0.021076910248813 0.103247976048769 0.0679913117862709 -0.0912669173955533
0.0750029933735638 0.0439438143342606 -0.00666059052016022 -0.0832295378566868
0.0677794926601371 -0.00792324994739145 -0.0224956234325479 -0.0377365665986612
0.0554537419755282 -0.0351518306706769 -0.0105542719331213 -0.0165395786037331
0.0446264948561934 -0.0490571981774274 0.0079262813901894 -0.0107501809416933
0.0449864990552624 -0.0528001587492901 0.0266081884351994 -0.00970133984556771
0.0529382772200501 -0.0290607513944534 0.040283823499533 0.00231787390752555
0.066406448468655 -0.00352691618456769 0.0371268897595222 0.0336000869368984
0.0578186249632519 0.0529625267858139 0.0115624216564104 0.054167491027516
0.0106636561978685 0.09079444423382 -0.0260325093108099 0.0418924117949027
-0.0588128747919896 0.0678379451958538 -0.0356755233237834 0.00968276568793151
-0.101310893784775 0.0243581445255361 0.0308837520494127 0.0028372483843529
-0.0756108094545137 -0.0104553975841071 0.0853663536853743 -0.0267986141065679
-0.0889783231255675 0.0167529480737451 0.115914392101561 0.0136806538261018
-0.058664673861689 0.076320426781463 0.121953526628004 -0.0243268298965386
0.00518127046649685 0.0868623102588447 0.0800306208348396 -0.0676487973455056
0.0580816985924043 0.0421456450375569 0.0192119714049802 -0.0708855784574877
0.0561274903129298 -0.00430021428303415 0.0033678005902782 -0.0410525292832262
0.046273906058583 -0.0277000177057425 0.00969129218095907 -0.0305100862260514
0.0373644182848009 -0.0400049084880303 0.0222708404239382 -0.0274989921633744
0.0380344000842163 -0.044376250498628 0.0415407884903934 -0.0254184545496955
0.0458961739568665 -0.0253424567722534 0.0558368463729052 -0.00768853490359473
0.0573452792084342 -0.00269692747800924 0.0528266035468213 0.028675946457839
0.0463179418736118 0.0489485931707293 0.023439261434848 0.0531979568709514
0.000645480557053336 0.0785310484213925 -0.0170787115148827 0.0433851406995956
-0.059303279675989 0.0480086447756351 -0.0251218482663903 0.00497050647096848
-0.082208118471436 0.000323043187335238 0.0550738478866996 -0.0022059519117996
-0.0311806525386114 -0.0267114323552215 0.097876805532049 -0.0239525616116877
-0.0544262781733612 -0.00908736736588112 0.114650275588077 0.0103607043745791
-0.044075373725917 0.0375541002822899 0.110550832901095 -0.0121801031839608
-0.00545615839837308 0.0536683023672617 0.0808152455872916 -0.0483080189914759
0.0330441746693816 0.0296604934260656 0.0359894679013924 -0.0578428562476038
0.0353788731661001 -0.00187459462874132 0.0213651281078388 -0.04218579649419
0.0281767242855628 -0.0170712515544468 0.0245149448696518 -0.0394444904590012
0.0241651657656766 -0.0252266484519899 0.0320178690193113 -0.0399919133945058
0.0256965415594485 -0.0297175031779545 0.0528754087436755 -0.0372223130017844
0.0339883645537116 -0.0187574124103782 0.0688957329466375 -0.0140526115231332
0.0426987521286258 -0.00071857290737379 0.0654614958936611 0.0286715934207436
0.0307054293745484 0.0388623674082176 0.0303462418904406 0.0559679390965947
-0.00852296947014892 0.0570986005686113 -0.0123669849972387 0.0479700379978759
-0.0519904876955442 0.0236373037436146 -0.0162030601199554 0.00242783728690099
-0.0522644727594422 -0.0222569619657685 0.0736898857631484 -0.00187832820806878
0.0101199459481228 0.0312384768280418 -0.0851489034940913 0.00767672901534029
0.0298390829410805 -0.00376352676915938 0.00262496697063522 0.0107109173238535
0.0157029150983165 -0.0236859155072161 0.0200614399813259 -0.0531694895122093
-0.0118880571829946 -0.019913428767063 -0.0309797748706921 -0.0696239402271906
-0.0184510480522308 0.000886186696895986 -0.0755252984942763 -0.0408921196629069
-0.00765865363031774 0.00601185104481117 -0.0861218191750097 0.00736409840320149
-0.00701851978816903 0.0033016633904077 -0.0637254051045324 0.0413222206479446
-0.00828353146131958 0.00247066183683318 -0.0384521510189819 0.0498249883867474
-0.00565624570948425 -0.000171455606655349 -0.0317359838447847 0.0436303258783027
-0.00269726251052661 -0.00328900831905533 -0.0334304662947632 0.0444294379805109
0.0023526199980802 -0.00941326005628657 -0.0413286789269387 0.0493954756119233
0.0154792673033693 -0.0112156592520114 -0.0663346992957927 0.0385216804776239
0.0293045221999284 0.00917101959212563 -0.0894015742026597 0.00944483684054424
0.0141636456860845 0.0323619230478782 -0.0940870827139454 0.00540911220370283
-0.0114766856930248 0.0423129883201542 -0.0898660923287073 0.0301217314818866
-0.0312833338865425 0.0445647762517952 -0.075398652947709 -0.0024442449004853
0.00320533287117264 0.0262836409097877 0.0135176742672653 0.00794141762767295
0.0143383357755207 0.0154964034987941 0.0339028655768941 -0.0646215623233292
0.00893665797150182 0.00572459160814735 -0.0253383625138137 -0.0856093581415078
0.00916185971276474 0.00294392672703942 -0.080685887759963 -0.0519629045673623
0.0123919466875799 -0.002953782449386 -0.0896847930836613 0.0025602350538618
0.0112008741482729 -0.0122903929048805 -0.0660714764203122 0.0393848319310487
0.00880239037943852 -0.0167730325865615 -0.0380988635054411 0.0488112003719262
0.014028903770808 -0.0174498033923996 -0.0291482252096301 0.0432985206335882
0.0203489367361361 -0.0074999061036989 -0.0274693494190251 0.042753816926509
0.0279826501848331 0.000175140280892416 -0.0338184345619369 0.049612983477876
0.0286024134673028 0.0203110360952613 -0.0554837829365473 0.044590946780395
0.0186870067580803 0.0453673778607049 -0.0791255004401838 0.0175941369626203
-0.0178415238946692 0.0524010668130121 -0.0845121669390549 0.014711475023529
-0.0538280118749185 0.0499885037047158 -0.078007323963682 0.0310766040486597
-0.0707320769509282 0.0493358865824454 -0.0532536897083673 -0.0129421772290261
-0.0308648443283479 0.0518870787294922 0.0330427739597238 0.00603588821957398
0.00645405035944567 0.057590505890873 0.0560659899871841 -0.0732917297086284
0.028082023738196 0.0372271132933743 -0.0100089466067492 -0.101937494815823
0.0382482963181307 0.00946714497287381 -0.0767984458637213 -0.0665982634468332
0.0342906095762934 -0.00980418017719164 -0.0854245457254822 -0.00632091573925957
0.0297579797935406 -0.0254976803395845 -0.061314350014517 0.030345796410896
0.0248414317306836 -0.033428774025395 -0.0321592516006846 0.0402294748983789
0.0296883025475394 -0.0343423924809663 -0.019557725459407 0.0361663391660138
0.0381908040784138 -0.0144479156383992 -0.0131737504952323 0.0376707255815639
0.0490017378372175 0.00281045533835789 -0.0178073860631562 0.0500385667792972
0.0444588413528109 0.0403694659374138 -0.0393912634541943 0.0520156519763432
0.0178485843238781 0.0723617366067255 -0.0666581314032879 0.0285511511123381
-0.0370533670304926 0.0697782688839806 -0.0719212550833953 0.0207399918498946
-0.0852680340202237 0.0544888834107172 -0.0554797171425793 0.0285878415380617
-0.100421116650956 0.0438352145180976 -0.0201996006792026 -0.020889993240222
-0.0667298366703582 0.0654874132404042 0.0584565741533663 0.00626014138775318
-0.0104856720286213 0.0931348596850462 0.0826577796846155 -0.0739407477354272
0.0384352510085284 0.0704468266841609 0.0146474927289894 -0.110872597164062
0.0637315126355671 0.02045159271936 -0.0623088449620147 -0.0790130111139318
0.0536457335795916 -0.0128807762794444 -0.0718508364832991 -0.0181903753580855
0.0451458224343854 -0.0344538669323397 -0.0491214844245234 0.0161080658882675
0.0364873709649744 -0.0452946991255197 -0.0209010272530829 0.0259237010233832
0.0400323470678243 -0.0468540649057536 -0.00519361818163094 0.0236103135009045
0.0494582381390699 -0.0222798095917031 0.00431564736625449 0.0276973681713748
0.0622386183291485 0.000103711245551445 0.00137450700388705 0.0466573520693268
0.0577731429399437 0.0499315551363594 -0.0205069219759223 0.0562319512405095
0.0203145048037423 0.0878912648058381 -0.0521203964559238 0.0365748752730759
-0.0471600856889536 0.0796318187739151 -0.0584567041064864 0.0210581192474413
-0.102742229398392 0.0525954781110551 -0.0270180099662039 0.0212740039214658
-0.112751107907197 0.0294249800200598 0.0186906572836422 -0.0259697909878933
-0.0930425136908218 0.0617133498544783 0.0836061174105075 0.00839259712192384
-0.0338588932805387 0.110052713176212 0.106774934405892 -0.0630261238029608
0.0352770868746757 0.095069623158726 0.043243997196445 -0.106711867980124
0.0767575608945312 0.0337279396232321 -0.0370527432342776 -0.085038499558328
0.0655064653807825 -0.011758161280721 -0.0489760773246107 -0.0291785816270712
0.0541764631824759 -0.0371173992354072 -0.0312814431479624 9.37981973775316E-06
0.0425586805842029 -0.0510342713585654 -0.0068979403793052 0.0079673874443507
0.0442696452189964 -0.0532194927398913 0.0106290423802802 0.00731852110617109
0.0531189897027478 -0.0278336742817813 0.02282774370513 0.0151440572927429
0.067030117070351 -0.00305147929580049 0.0206274785646256 0.040426076227682
0.0615768063984662 0.0525441857150782 -0.00242369100811629 0.0559600952908046
0.0188904049236897 0.0925520050363333 -0.0381095023220481 0.0405016286155791
-0.0532938865915077 0.0780332291988665 -0.0463472978496918 0.0166530067044415
-0.10685868319479 0.0424864784916286 0.00224981793847542 0.0112085151625954
-0.103569238718499 0.0105375659607872 0.0563364891451574 -0.0267964732677864
-0.100782297692733 0.0424445934605054 0.103581493644958 0.0119610730929412
-0.0523681792968032 0.101976028524401 0.119435759695232 -0.0442516168170515
0.0215190530687403 0.101117906578293 0.0663357340072133 -0.0896629593240754
0.073401219597399 0.0419884371757955 -0.00757935056700221 -0.0808501310075132
0.0662806198595576 -0.00811313874497488 -0.0221341964857821 -0.0365322242132773
0.0542091729266258 -0.0345249139841958 -0.0102287326596677 -0.0161977446250701
0.0423863987345764 -0.0487258003427019 0.00837171151664303 -0.010257078845599
0.0426892100348197 -0.0523555739106118 0.0262807614047001 -0.0101508459250963
0.0512360585091133 -0.0286749405431469 0.0400449137573142 0.00188905762074343
0.0643020625462297 -0.00401165589964143 0.0381394736041223 0.0329229268982056
0.0568348716926414 0.0516213113052975 0.0125072958432596 0.0537343950451728
0.0112162150783378 0.0884937855011237 -0.0261874156869951 0.0426350923444656
-0.0570352700027668 0.0664596831136643 -0.0350943231699808 0.0104600792784248
-0.0987596993898141 0.0244063761574503 0.0297019645258753 0.0021731629450812
-0.0745291732727851 -0.00899780747482423 0.0840004505471574 -0.0242270148787649
-0.0870898560075425 0.0164504478577493 0.113653311555806 0.0139974553667032
-0.0562797712753031 0.0750664623065057 0.119490987331765 -0.0250900541049231
0.00591148111497996 0.0853463895217128 0.0786041663425332 -0.0673655655106092
0.0572980590135913 0.039850427789046 0.0179178080597005 -0.0690551505644047
0.0547296890102912 -0.00520975511956033 0.00281065484961104 -0.0398755376695273
0.0443148423682947 -0.0274921662602519 0.00949366022923854 -0.0294396807668215
0.0356906766977821 -0.0395179358465897 0.0215199971497902 -0.0267596383966079
0.0360158386737201 -0.0438793046469456 0.0402689367801201 -0.0254589464300421
0.0443989257955525 -0.0254900195703033 0.0553284729378721 -0.00831281835815922
0.0558369251175193 -0.002947307099048 0.0526006339549369 0.0284377611812221
0.0456336617588723 0.047417871491956 0.0236067334803835 0.0526534038655018
0.00163979582886028 0.0762389106789483 -0.0171213700957965 0.0438108959901381
-0.0575587252411179 0.0471858302461622 -0.0248497010923111 0.00582823604763053
-0.0804755276722793 0.0019615717952334 0.05391406761641 -0.00231544737981451
-0.0309699736304727 -0.0251972538581117 0.095973773001143 -0.022187840797795
-0.0535222601826766 -0.00857670454194975 0.112397038149126 0.0107567750467751
-0.0421530998573076 0.0369646358397702 0.108289870860335 -0.0128005122613619
-0.00437860452331719 0.0523389260611 0.0794980032432679 -0.0487420382898332
0.032269971250012 0.027544840089453 0.0344485698382381 -0.0572149668084311
0.0338010480044543 -0.00275247359639837 0.0204794204528543 -0.0412139128646843
0.0271188346225727 -0.0164129120003217 0.0236157604793722 -0.0386295868879278
0.0228532449142516 -0.0248285941976098 0.030816104865591 -0.0389641953362393
0.023622027251115 -0.0290441293166227 0.0509353866117735 -0.0363253438715984
0.0325758032287002 -0.018651218759637 0.0671103432323661 -0.0145023135505147
0.0410959513295246 -0.00104881129836644 0.0652842034646934 0.0278017121670876
0.0300406970605717 0.0376258459312843 0.0309860473182093 0.0551521618909724
-0.00758831032240091 0.0551559369173262 -0.0122913938712303 0.0479107338170403
-0.0496916041993116 0.0236167735698426 -0.0164005968845541 0.00317370809903721
-0.0516350161509425 -0.0211394931059938 0.0714298676888198 -0.00219489301736818
0.0102257641171766 0.0299445343311369 -0.0841442836033248 0.00797286845914972
0.0288348743992363 -0.00414126199595823 0.00380407121500355 0.010354709216949
0.0144954522355395 -0.0229958621875157 0.0203754541809195 -0.0539066304039209
-0.012248280924928 -0.0185085621661556 -0.0314383195081029 -0.0695406407982653
-0.017014285866351 0.00172195735243283 -0.0764106145534612 -0.0401725154429593
-0.00686101771175012 0.00572181086482344 -0.0861208363432499 0.00849145878085867
-0.00669965633456027 0.00295655356799916 -0.0626939353960697 0.0419712698548204
-0.00765513136679118 0.00268843898344163 -0.0375105047315882 0.0490140826804987
-0.00527203763861379 -0.000657547354086451 -0.0311168827477613 0.0438278627510871
-0.00169101155788938 -0.00311773947320137 -0.0324167902051134 0.0447663561074338
0.00247288203240905 -0.00929922485424992 -0.0403913827604608 0.0495177244023915
0.0152541129848879 -0.0103657022725231 -0.0654505079227954 0.0391067195165929
0.0285488709415795 0.00872704393678087 -0.0895283684290811 0.0103950189088463
0.013534992615415 0.0312319348806902 -0.0941320656820051 0.00469719210108436
-0.0107845412426407 0.0413625858302548 -0.0901097993783363 0.0290504848697945
-0.0310223264417697 0.043121976519361 -0.0745774695113578 -0.00149494594366058
0.00199075070752832 0.025651860314312 0.0145354796091069 0.00794882370407956
0.0134921689038881 0.0156509428268607 0.0336967013800462 -0.0651963872653463
0.00894455210116749 0.00654049819504974 -0.0258283304791454 -0.0853868192089666
0.0100048327155565 0.00342935886115057 -0.0811630440952943 -0.0506561186904471
0.0130908015441024 -0.00310070292190964 -0.0895936599959707 0.00400382911456123
0.0115656081575954 -0.0121567403907936 -0.064625492970088 0.0395858340806114
0.00889025263589876 -0.0166582503087103 -0.0361327583867541 0.0481120799004607
0.0138697817345392 -0.0176619968487157 -0.0280993701705476 0.0435896223425008
0.0212320941249616 -0.00757992734423902 -0.0260057820022271 0.0434254261592195
0.0280535139394647 0.000701007270198201 -0.0318796136428993 0.0504932153232339
0.0283544944635218 0.021018963089604 -0.0545743604523767 0.0450973694411427
0.0184865041910977 0.0444989256493075 -0.0794498103232866 0.0190206652193195
-0.0181736854299531 0.052142053977738 -0.0846947138072254 0.0138575171987583
-0.0529031850854008 0.049333983456702 -0.0779239867235699 0.0301422315177192
-0.0703282032941674 0.0487161489913834 -0.0524171398175241 -0.011739571769949
-0.0311547268436546 0.051292008332826 0.0338014708642151 0.00578846309515917
0.00588212175924813 0.056887988799782 0.0555662994559168 -0.0740244900961404
0.0277273394747802 0.0381274955154445 -0.0102765183404556 -0.101431960212476
0.0388313542546434 0.00917145945933637 -0.0777104482764529 -0.0653204626264399
0.0342414010621587 -0.0100466324459665 -0.0847484096173182 -0.00532375723670467
0.0298578783109895 -0.0259199728319124 -0.0598187148053756 0.0304460358518421
0.0240378722556704 -0.0335680852188875 -0.030161622580801 0.0400557868810263
0.0293662217962812 -0.0345088333403538 -0.0185122855462997 0.0361432188682088
0.0390164826283009 -0.0147349319390799 -0.0120877330899697 0.0376940963356832
0.0491348347087107 0.00251780918399757 -0.0160571969870685 0.0505480268234239
0.0445016647302063 0.0407546468922431 -0.0380478105893674 0.0529077403656544
0.0179956806455654 0.0720494370381761 -0.067026860433725 0.0300606516724699
-0.0371125785555102 0.0693495754860509 -0.0716408861815846 0.02054374926113
-0.084096377017946 0.0543868150266471 -0.0555489953180869 0.0275657184366637
-0.0994264531090446 0.043809497100506 -0.0196874716511047 -0.0194322453078667
-0.0663517342267869 0.0645779491975364 0.0586098235602096 0.00600074993397573
-0.0100960610748053 0.0920790389015342 0.0819416092935115 -0.0742802949027802
0.0381153027034802 0.0710908068184143 0.0140265414477518 -0.110346826842963
0.0638348088054057 0.020071815865372 -0.0632724548556143 -0.0776732052827332
0.053459843106848 -0.0130307952585607 -0.0710032855182622 -0.0168483420748687
0.0448307969169542 -0.0344792927815277 -0.0481417672000978 0.0164865816967104
0.0358497279533067 -0.0462604613003157 -0.0195766473702603 0.0255559033086179
0.0391190285496478 -0.0472246783580441 -0.00431313773280157 0.0235398431523559
0.0493419453769119 -0.0225329710775862 0.00567328303783723 0.027679187099421
0.0617864338765736 -0.000317592354583993 0.00351390214564915 0.0472071873337007
0.0572563472035448 0.0497378539436682 -0.0192412232068677 0.0573239893631392
0.0205944508866147 0.0870899001996551 -0.0525194076328639 0.0384052208981675
-0.0466960755947167 0.07921831029968 -0.0584141885009264 0.0210912658090618
-0.101724132010094 0.053229166355324 -0.0274212563112577 0.0203547054886738
-0.111590380377766 0.0301723553569098 0.0191057732614571 -0.0248450822166046
-0.0930764936594636 0.0615927955291972 0.0837434503943958 0.00830649658386603
-0.032815440030731 0.108626185961981 0.105883835941417 -0.0635012738387284
0.0350795414156965 0.0953660735269365 0.0427835157393459 -0.106581501929552
0.0766578629544663 0.0327848377756843 -0.0381527720105602 -0.0840367265743607
0.0653639767673709 -0.0127133997601367 -0.0490974178862437 -0.0278171086890048
0.0536575747217191 -0.0375928056624626 -0.0301462406385701 0.000240851786311191
0.041746680912512 -0.0511221748337623 -0.00520736726859857 0.00805994177891699
0.043039344263591 -0.0540999725679523 0.0117717301360208 0.00744174835082157
0.0527400742861509 -0.0275178824896668 0.0238834706617037 0.0148272746728609
0.0664577319057609 -0.00337977354391708 0.0225879615929479 0.0402437259265249
0.0614765742484682 0.0518848429561472 -0.00131236299441135 0.0568545863441303
0.0191889754391408 0.0914273892937917 -0.0385006365464274 0.0422292480906203
-0.0526321258810423 0.0779411111361284 -0.0462011141877987 0.0173690237160941
-0.105619188338974 0.0433164830782039 0.00231132721956787 0.0107628475726492
-0.103082192492131 0.0111444358030698 0.056754840683447 -0.0249206547268939
-0.100563653559858 0.0426350892371526 0.103558718499774 0.0117614229663536
-0.0511138047736193 0.101565599768405 0.119329939256387 -0.0450911075707113
0.0222657887544987 0.100913117773201 0.0652162818921906 -0.0901388766590832
0.0736332871609419 0.0405389593014843 -0.00901683315325248 -0.0794363051642719
0.0650095258388002 -0.00937952159404174 -0.022070878567015 -0.0353683638376218
0.0535881388326734 -0.0346433494451118 -0.00975293157301538 -0.0158951359358429
0.0412394667637975 -0.0491652368347854 0.00880494716367079 -0.010086953335724
0.0412063004050851 -0.0526216898484996 0.0262730114338535 -0.0103356739880087
0.0509305783293338 -0.0289905439436509 0.0404833929418189 0.00149222398154749
0.0633820755268805 -0.00465628653108888 0.0396327692841585 0.0330673934396325
0.0567633406641007 0.0512852676176055 0.0140467672672155 0.0543210052528377
0.012387569561602 0.0873568216905769 -0.0261168153412035 0.0439903513814719
-0.0561133847515304 0.0663300413985772 -0.0351454226747542 0.0111513923569485
-0.0983528467904121 0.0254602732300457 0.0291517196268371 0.00199236307525631
-0.0738270162456547 -0.00807487960410185 0.0837603579441589 -0.0230104689066096
-0.086533688585493 0.0172197875459682 0.113723332194514 0.0142047374662357
-0.0546771309348311 0.0744033115938694 0.118942122525086 -0.025958504203232
0.00706346997393234 0.0847158546737178 0.077610306583177 -0.0677525515389454
0.057483298160178 0.0387580419871693 0.0167801500580408 -0.0684852612848872
0.0536779652842122 -0.00596726962052035 0.00266052204580988 -0.0396397528314541
0.0435058195316183 -0.0274894453878779 0.00917167098061911 -0.0292679893161163
0.034459467496395 -0.0396719941943411 0.021117830711647 -0.0262817281358222
0.0343419714266302 -0.0436017902481641 0.0400632261057391 -0.0256272196568711
0.0434166479579195 -0.0254531973458155 0.0551130868921708 -0.00901808234099068
0.0549699653707902 -0.00392860022303383 0.0541084746002133 0.0279124614378869
0.0460058103114504 0.0467513702811114 0.0244847243501623 0.0534139579874742
0.00264668280815047 0.0749435511274701 -0.0168883405358302 0.0449857609916366
-0.0561603242110374 0.0474923209723029 -0.0245579055286792 0.00679774623539359
-0.0803352941438569 0.00306125879945443 0.0528761235891027 -0.00302746804060407
-0.0308620889276789 -0.0241874922219739 0.0959311011369385 -0.0203730672539612
-0.0533004691367407 -0.00747015447200523 0.112713729878839 0.0110427033454777
-0.0409285449190469 0.0371613220494618 0.10852067369794 -0.01378328183007
-0.00356384114786227 0.0514897397676599 0.0783809888580848 -0.049584018739835
0.0325679144462711 0.0259787933259071 0.0333328875531928 -0.0569070091534175
0.0324594051400072 -0.00344230964068637 0.0204534693921342 -0.0412901554838578
0.0256655263922667 -0.0166904931515275 0.0227768799687289 -0.0384367726901769
0.0218397955822415 -0.0251619888194172 0.0301182915819726 -0.0386500025274059
0.0223386280356794 -0.0287738362728264 0.0503795637245 -0.0368892111559778
0.0315362263223834 -0.0190581136945949 0.0668922996287457 -0.0152884632339348
0.0403658199353601 -0.00198909014898229 0.0659441781884279 0.0270879694860546
0.0303177363515777 0.0367014595173423 0.0310904936911878 0.0558780219205484
-0.00621547981800286 0.0544735681941615 -0.0123806431401004 0.0488486988497988
-0.0488783658107116 0.0237664223736097 -0.0167951519754212 0.00428854981010456
-0.0513698999887394 -0.0197171379208428 0.0707223936758909 -0.00285032514784702
0.0109081072066947 0.0287540280298621 -0.083960232322397 0.0101001947110236
0.027649989870575 -0.00530216729314053 0.00485625604372835 0.009971348637898
0.0125669833547603 -0.0225523732046131 0.0200879920980015 -0.0556146306531832
-0.0127914781527286 -0.0177034835937175 -0.0337634351023914 -0.0694638080224035
-0.0161675995727164 0.00308837082343428 -0.077897454271981 -0.0381018097674294
-0.00641467856570784 0.0057944739730507 -0.0865901165679646 0.0114312654636011
-0.00658434161183006 0.00350966550355783 -0.0612905258889061 0.0436869130761827
-0.00673479504126109 0.00296934609957212 -0.0354630489619653 0.0496340184964644
-0.00503586795126723 -0.000570110671537056 -0.0297171099144358 0.0455965625225843
-0.00156906038365 -0.00315593149707512 -0.0307273260471445 0.0457854910009951
0.00284655136651617 -0.00882831548899614 -0.0382457766873138 0.0507778740455081
0.0143059535388657 -0.0101187037606421 -0.0637814136656152 0.0413399621874966
0.0278808453954446 0.00802799699884691 -0.0897894834429644 0.0131426429512597
0.0140419413363646 0.0305357300609334 -0.0946365677291543 0.00589225173237594
-0.00909200674666114 0.0406141810900203 -0.0902855294064112 0.0295252326516387
-0.0299371581951968 0.0435302393949802 -0.0741146102776008 0.000716262625449139
0.00179779211847147 0.0251895976562971 0.0153720661662089 0.00729819264316159
0.0127506214608651 0.0153139261209195 0.0326651869755094 -0.0665947837831148
0.00858274859625618 0.00754481991830794 -0.0279000720930672 -0.0850600181217799
0.0106990947267254 0.00410885904266956 -0.0831133793423103 -0.048246945668177
0.0130891221819346 -0.00332697764396834 -0.089633951589262 0.00716778488829665
0.0116977057010119 -0.0131548431774811 -0.0630250173619231 0.0410717733496256
0.00890096099811893 -0.0170408537463027 -0.0343816223985166 0.0483870758445283
0.0137159237979947 -0.0185685025590014 -0.026167872085129 0.0442648336581825
0.0218079164886906 -0.00799798086172722 -0.0240599103263862 0.0442415866713354
0.0284394698415559 9.60381243727574E-05 -0.0298194906452666 0.05169621340185
0.0285035420852215 0.0214969070493254 -0.0529428430914081 0.0473836620502699
0.0186567973194577 0.0439361776835806 -0.0800894521251138 0.0219048797617849
-0.0169020369947495 0.0516545762241179 -0.0844802299305418 0.0152528862567274
-0.0514021281837801 0.0500830983036467 -0.0781980318573718 0.0307991703867418
-0.0686463108551298 0.0499509412928652 -0.0516927238333987 -0.0100189858208916
-0.0310851146293621 0.0513225650919328 0.0341551751252087 0.00501415092796342
0.00644474934682023 0.0566517842286667 0.0544501726855781 -0.075861440470725
0.0284233825800837 0.0385533723665621 -0.013306009506664 -0.101622600323177
0.0392676867505142 0.00875215848303461 -0.0801076514307663 -0.0626096126989592
0.0345063817799432 -0.0107515044445877 -0.0850977453206632 -0.00247824714613348
0.0295054685582746 -0.0267756971409347 -0.058437428035734 0.031901586892035
0.0233577574707164 -0.0346213923159171 -0.0280346760917451 0.0398538249708496
0.0281440461602002 -0.0351042661476334 -0.0165122128720859 0.0374900874650457
0.0388850861836584 -0.0156341622375298 -0.0101837560172061 0.0386701299471395
0.0491958087126407 0.00146795947911645 -0.0136484222451333 0.0515691098564778
0.0457754699566172 0.0407429277375811 -0.0359812906699072 0.0551721987432381
0.0193779561395435 0.0715406231803091 -0.0672022497128834 0.03239942066263
-0.0359571367093595 0.0700837180410115 -0.0717932588187268 0.0218928304112969
-0.0828683135650596 0.0557167785483472 -0.0553831047363152 0.0284371904054183
-0.0982725862435961 0.0461144143650745 -0.01893895990039 -0.0182757975800306
-0.0653459259240349 0.0661119494978055 0.0594647523755827 0.00431793476061928
-0.0082718465283147 0.091679637108322 0.0803032114804214 -0.0773104172904448
0.039939982400734 0.0706095096613049 0.0116650922765578 -0.111200921464428
0.0645191379631718 0.0186264062765796 -0.0654506167504899 -0.0753584119850538
0.0533874101911268 -0.0146746540143887 -0.0715612536612865 -0.0146736845729278
0.0447632246906076 -0.0354445891668305 -0.0464909973977958 0.018080103168839
0.0342578152700532 -0.047090771631571 -0.0174218902964077 0.0261379702110463
0.0372148854347652 -0.0486770244916263 -0.00286354517602476 0.0239103606186453
0.0493966258329422 -0.0241278368762519 0.0073293417884614 0.0280561642411684
0.0622471768545887 -0.00194947462405889 0.00626347984747481 0.0477230359654873
0.0589585117563206 0.0491978949149806 -0.0167275947039665 0.0589422929287178
0.0225887568078257 0.0868459991145279 -0.0523113304971753 0.0406643869850941
-0.0451791784098045 0.0806508948242481 -0.0583328974420151 0.0228064051819502
-0.100092319147337 0.0558887706933787 -0.0273569529183177 0.0203859125890301
-0.110760434666557 0.032658131519104 0.0193345668657352 -0.0239848581107169
-0.091693363381487 0.0635017266990552 0.0850272094342373 0.00623798816694431
-0.030166827281088 0.109439976753145 0.104845695144635 -0.0669756634450258
0.0377766514394404 0.0947517351481702 0.040015860916827 -0.108306323864372
0.0774078882820398 0.030599618958223 -0.0406123416001518 -0.0818982710129555
0.0646940848821397 -0.0141959280208968 -0.0496207702716429 -0.0264452845418544
0.0538717904891611 -0.0391353296904317 -0.0297438427017972 0.00056867873658612
0.0393871316237681 -0.0529102305171423 -0.00416029423555511 0.00829786367570198
0.0408152575104938 -0.0554108940978068 0.0123483007426812 0.00680985009390058
0.0524702977781505 -0.0291074099602961 0.0251545247136364 0.0140203009559045
0.0661323396647559 -0.00529892857366195 0.0249413802055752 0.0403956369257784
0.0630887354094245 0.0508936552730078 0.00116097220343716 0.0581555136966219
0.0219552982334708 0.0911038720173959 -0.0379062983078823 0.0452398655761646
-0.0505979415951079 0.0794666086228185 -0.045864010990164 0.018780933586806
-0.105126497033702 0.0462689406092587 0.00203888627837463 0.0104525112827931
-0.10240677002082 0.013744124728251 0.0569632742911413 -0.0249635891212136
-0.0997844084969439 0.0449634931796659 0.104862809421703 0.00991197909081185
-0.0479472507655047 0.102067395873292 0.11796951222058 -0.0482505987709632
0.0246217263837921 0.100718271820065 0.0635223654696278 -0.0921331254878477
0.0752175844907783 0.0383492508362104 -0.0113705486787947 -0.0787127060174914
0.0650891895218014 -0.0112371044152107 -0.0227188098633663 -0.0348563003459853
0.0528303168673162 -0.0362544476423582 -0.00964333245656484 -0.0156344196453798
0.039407557410607 -0.0502827119491747 0.00890420096643235 -0.010664461765738
0.0388760826273304 -0.0534916874635965 0.0267335804620235 -0.0110359766994487
0.0500800377899942 -0.0304685154427491 0.041156714796609 0.000455977746618218
0.0630280408628791 -0.00622766981272523 0.0422058480769878 0.0323290243330643
0.0584511339973044 0.0499296694191437 0.0161275862166323 0.0552163813949465
0.0150867376352037 0.0866562333017057 -0.0254916985706666 0.0461827113430078
-0.0542312323148014 0.0676611994572378 -0.0347513565862063 0.0125673640595079
-0.0978840082234338 0.0284894988936486 0.0288120317689085 0.000907042636593351
-0.073930617386373 -0.00559205282833516 0.084169819031713 -0.0232446692850555
-0.0870913148503161 0.0198875171369316 0.115195489247178 0.0119376787892072
-0.0519088513672803 0.0759660798650234 0.118245529935565 -0.0291866561564
0.00959466402862083 0.0847600659433577 0.0761037417155393 -0.0704485973415698
0.0585843296227577 0.0362767976541845 0.0141976360581905 -0.0685188290871661
0.0528651386529011 -0.00786674122198713 0.00199073138779212 -0.039295059160258
0.0425365879524092 -0.0286197673904369 0.00875562133183675 -0.0298177597339482
0.0326784565147535 -0.0412922199047984 0.0205832644032336 -0.0268760345519953
0.0317334611394977 -0.0442524763980429 0.0391599229053182 -0.0266048278541219
0.0424517265882475 -0.026448639895329 0.0556315816455301 -0.0107998786291396
0.0539454581505714 -0.00550666779012103 0.0560966954786812 0.0264410974257031
0.0471063746785479 0.0456257846955857 0.0268507951761289 0.0536942869699431
0.00529508437936567 0.0744425257241347 -0.0163617673552765 0.0469435471958118
-0.0543402657713564 0.0492235141817934 -0.024557958157829 0.0077839380542396
-0.0803825074172743 0.00557732342648606 0.0528341168292615 -0.00446820406510599
-0.0319764584532471 -0.0230542979014171 0.0966472385591982 -0.0211795232545238
-0.053661818355275 -0.00569682246653138 0.114496577566676 0.00908595263748149
-0.0392193592269538 0.0379366621813637 0.108122190201527 -0.016615946182377
-0.00131092822973846 0.0511261440296952 0.0769128653724253 -0.0522872773023532
0.0332437903351301 0.0245584294394364 0.0313391353771057 -0.0581269504556094
0.0317249817723353 -0.00466328076207346 0.0195008905081604 -0.0416573354540598
0.0245822817299634 -0.017135965943282 0.0216950543784667 -0.0389630911510548
0.0204633922848544 -0.0256734689402153 0.0289794521864225 -0.0389285654788803
0.0206373800597929 -0.0291463854849094 0.0487515745188254 -0.0383251807832747
0.0299350527202175 -0.0202673186785368 0.0665608967861892 -0.0172146009962996
0.039610702385706 -0.00340953356603871 0.0674544426795224 0.0252015992364942
0.0317419107654796 0.0357851721776759 0.0339232755910623 0.0558323220966614
-0.00438744219840996 0.0540547826391425 -0.0111983939791121 0.0503820803318622
-0.0474808604755534 0.0249464160508283 -0.0164635606450591 0.00515277448419102
-0.0520743074126317 -0.0177734361276963 0.0705151993140716 -0.00492885196184367
0.0115066780323736 0.0270453546591562 -0.0822072530781142 0.0135963031148299
0.0262443471169974 -0.00644357502117848 0.00590205440278384 0.00941890022139631
0.0108681808082276 -0.0221278068677879 0.0175385657439944 -0.0565200451134118
-0.0131563238867706 -0.0160712849047171 -0.0365168231176264 -0.0677021638913793
-0.015109860946012 0.00388383323973675 -0.0796766515888906 -0.0336306007731009
-0.00556727514045522 0.00612839212222998 -0.0852474314721841 0.0157201003988149
-0.00583395606531275 0.00331540517636991 -0.0584237188219176 0.0457084709773956
-0.00620243858436798 0.00286625760710815 -0.0327349739448959 0.0499150497416471
-0.00449553650273313 -0.000230470805813423 -0.026566389550855 0.0466384980067435
-0.00154323852866733 -0.00362952190734717 -0.0279206459695546 0.0473831368101476
0.00311075786675936 -0.00888035037222338 -0.0352304943542791 0.0519747234130949
0.0134453147232371 -0.0100026801106662 -0.0608720413030889 0.0439190904559169
0.0270609575892805 0.00653420149311641 -0.08932704430435 0.0171769000831645
0.0146549788044192 0.0285810459210803 -0.0943250111244036 0.00891589191363754
-0.0073145064272176 0.0397911802602616 -0.0887606999721984 0.0319588958931604
-0.0277118404324162 0.0432218569624312 -0.0725909884248659 0.0037645645334235
0.00190819191362903 0.0249847064549015 0.0163536027965663 0.00614249093108056
0.0126042357269 0.0153526440380272 0.0297096716191121 -0.0682685740485621
0.00876481592727323 0.00812326463460798 -0.0314393621971246 -0.0832993763770044
0.0115807493502053 0.00375588389263323 -0.0847062709379474 -0.0441057164867028
0.0133699491571141 -0.00385813585158685 -0.0888031316963577 0.0114870362670098
0.0113609492908502 -0.0139603760915515 -0.0606102522901197 0.0434623909635193
0.00829179852491234 -0.0173550532410199 -0.0310123568008998 0.0487498705614505
0.0128631778201557 -0.0189745701156001 -0.0230666956219153 0.0455035984896735
0.0216944900586429 -0.00917711882616929 -0.021121243663317 0.0455434271227081
0.0287072032608572 -0.00115116945668765 -0.0264905780707018 0.0522135130098617
0.0293478836407093 0.0209376039440905 -0.0495443880057172 0.0496130259592865
0.0198476387308959 0.0429337175073046 -0.0790058278397608 0.0255963871767114
-0.0150121636811865 0.0512674259813924 -0.0840453877039773 0.0176407001842698
-0.0486208806237261 0.0507960350014511 -0.07677132905927 0.0324942914075991
-0.065741195933816 0.0518972975088201 -0.0510719546094453 -0.00722279490826675
-0.0293810662417372 0.0520168313691029 0.035519922584466 0.00289847718569325
0.00782780953915006 0.0555987496196561 0.0506773418253046 -0.0775405519799303
0.0295148145825601 0.0377458127094319 -0.016709147373974 -0.100198518974511
0.0396438819258018 0.00755736806870098 -0.0822355648943219 -0.0575251446012989
0.034511638128978 -0.0121414836273705 -0.0843595631212309 0.00174760792192238
0.028299300014118 -0.0281632870390483 -0.0560903295978857 0.0342254662344912
0.0214320126625411 -0.0353314047617474 -0.0248334123851834 0.0403729270965098
0.0258242050765567 -0.0365087515574882 -0.0138408678778145 0.0376912367152406
0.0385371772918055 -0.0177010701107935 -0.0077244812254995 0.0384152993942989
0.0489887897792235 -0.000472229260701977 -0.00970551116240466 0.051940125327884
0.0469167983802931 0.0390167071711925 -0.0322675877774313 0.0568517552849551
0.0217762903774628 0.0698080545163884 -0.0658556935125445 0.0362082686075444
-0.0329837137882245 0.0705308625230604 -0.0708137979039468 0.0241196092019881
-0.0791141952824401 0.0585582037409063 -0.0541760494254714 0.0295251781700926
-0.0950767239805388 0.0489548819143994 -0.0187667213467554 -0.0164239245651634
-0.063124056366039 0.0679083169428771 0.0601524234831041 0.00191988049125552
-0.00502888447852391 0.090438120769713 0.0763288560298609 -0.079666888450631
0.0420735957334469 0.0691967778661775 0.00728333572230375 -0.110785351151292
0.0647528214924669 0.0156735058468887 -0.0686865227358024 -0.0706834459146777
0.0523888244586843 -0.0165860052148147 -0.071362310274623 -0.0107559355646393
0.0429795516414076 -0.0375222448342103 -0.0450448357342883 0.0196661775426284
0.0314302121248312 -0.0485734756833395 -0.0147955895572673 0.0256159052689466
0.0345325178927662 -0.0501202710853266 -0.000803553012216976 0.0235499491457614
0.0482334400932071 -0.0259867356820796 0.00942664091433738 0.0272407102578544
0.0615439233995109 -0.00425718054522288 0.00960976338420463 0.0470555712100878
0.0610229803749791 0.0468490611981704 -0.0128972211566942 0.0601432079823097
0.0263966306118447 0.0848728916874115 -0.0503319469411692 0.0441451572095028
-0.0413641612513463 0.0814771438835545 -0.0576257677624037 0.0247797987129836
-0.0967784188048222 0.0594168224982109 -0.02669772302361 0.0212091330812949
-0.108087272032014 0.0368191471226249 0.0196033318303855 -0.0232518991854659
-0.089207621348389 0.0665150790067136 0.0848605345171572 0.00306711695447678
-0.0251043969732323 0.108735152250033 0.100609695611105 -0.0703982729128748
0.0414217933821552 0.0928927270614164 0.0352158965194259 -0.109270954436173
0.0783369305543858 0.0264510490940185 -0.0445250171867749 -0.0786266952512442
0.0634665761924952 -0.0168041978162791 -0.0495481847297176 -0.0235755607870328
0.0511159685959782 -0.041428073960544 -0.0287072976161917 0.00215950714657321
0.0363215608396679 -0.0542423922517128 -0.00301239824686881 0.00787083112233093
0.0373707434190452 -0.0562202969366909 0.0134038326216699 0.00593531249724679
0.0513247505790093 -0.0314334000610352 0.0262671470654768 0.0127803425309274
0.0653141900689535 -0.00812351659705877 0.0282577956065576 0.0389630977253628
0.0650930213783967 0.0480316329657832 0.00494897780177773 0.058468426452035
0.0260328558411331 0.0885137992650283 -0.0354115096670119 0.0478233806276928
-0.047014856606765 0.0807290278145673 -0.0448251096581299 0.0210531231354183
-0.101805794445867 0.0506621596352322 0.00187427479706859 0.00966840712812185
-0.100573015125844 0.0179561077317318 0.0565151859928485 -0.0260013353185986
-0.0976097218675388 0.0488131258148013 0.105333989079421 0.0057400585980704
-0.0430515678533755 0.102755796650532 0.114833357960577 -0.0528519755774355
0.028856647630061 0.0993658324906015 0.0589470840682562 -0.0944008450545559
0.0758055637960539 0.0337388255296454 -0.0154491081297522 -0.0764255989255407
0.0630498497419117 -0.0140916504168636 -0.0237045539620308 -0.0335417232435355
0.050188450639442 -0.0382551604007477 -0.00979981738350133 -0.0147636275149692
0.0358537659223733 -0.0518250580347416 0.00909766990112835 -0.0110417295635069
0.0348705281489238 -0.0547116009882119 0.0260886644044779 -0.0124262929386649
0.048277008005824 -0.0322104636200385 0.041246094675076 -0.00197714923224508
0.0617255758105804 -0.00922979354987452 0.0444335758892329 0.0296933368307639
0.0604446839776951 0.0470558757039314 0.0192949115050794 0.0544619337877931
0.019016024174769 0.0844135054869569 -0.0231889371696944 0.0484051432038548
-0.0505294520674827 0.0695100317398212 -0.0338207832980264 0.0142887242458352
-0.0954949495267972 0.0329503781815224 0.0283055186610572 -0.000479516555835621
-0.0736654802393592 -0.00231563424929153 0.0836391635250797 -0.0248926458117282
-0.0851614052582456 0.0233885370828155 0.115253559219897 0.00752920826419689
-0.0480021455762051 0.0768424116883214 0.115923277741512 -0.0336824858872344
0.0136197852938095 0.0838852593066021 0.0718359567368488 -0.0732142028538211
0.0593933375406801 0.0325722206129549 0.0104843598463795 -0.0681505049950951
0.0513679025475459 -0.0101623208672857 0.000891579966153325 -0.0389532248085643
0.0406470253085188 -0.0306700507275138 0.00754232320771285 -0.0291747440237357
0.029724824294345 -0.041571649573491 0.0197051864730366 -0.0276123816199146
0.0291378780650705 -0.045282512815864 0.0376191217175655 -0.0282519906413781
0.0406625262500152 -0.0286314576930546 0.0544884044895338 -0.0139051113759082
0.0526183166521257 -0.00774120297440831 0.0579186287940316 0.0237146326614667
0.0491757215103399 0.0428143644153054 0.0294021048435907 0.0523727549696218
0.00897041109090512 0.072947479463431 -0.0138576324547756 0.0485347952330081
-0.0512997524038979 0.0508517271805364 -0.0237913520428192 0.00911503240714318
-0.0788790057357768 0.00946984574747974 0.051360195677992 -0.00681510232638426
-0.032382449312252 -0.0208944392544032 0.0955399742949568 -0.0235451367485742
-0.0536305122019933 -0.00290094853801578 0.114566546544906 0.00464898348679432
-0.0364416448135485 0.0390656368461231 0.106761276414778 -0.0212410667997976
0.000712196190483744 0.0509720887420709 0.073875193799259 -0.0558023903900893
0.0335605176775955 0.0219337550178477 0.0282606487202514 -0.0581754989747374
0.030346754406701 -0.0065138128771773 0.0176677114913496 -0.0419522831427615
0.0231733082382806 -0.017825880157293 0.0195594928510534 -0.0390621846388946
0.018382937183018 -0.0257905750236668 0.0267030974721769 -0.0392612008794125
0.0179535104705412 -0.0293885305117916 0.0463833454932699 -0.0400901262465126
0.0281297195535599 -0.0213690936584668 0.0648084731526883 -0.0204664615809239
0.0383425822630016 -0.00574485245329757 0.0687196818369468 0.0218669999283286
0.0333264868965326 0.0338096423839608 0.0366907816145849 0.0543370716567882
-0.0015812853959393 0.0528549351595427 -0.00883904180180008 0.0511450619224496
-0.0451006391816206 0.0268864065959086 -0.0162903099371928 0.00612734138789655
-0.0521957969839554 -0.0148756204189275 0.0688555802752402 -0.00828540354443469
0.0137147053822926 0.0247696338662023 -0.0761435898744965 0.0245035185698815
0.023289427172668 -0.0106206026907845 0.00699581883631742 0.00881079668947845
0.00564523091178314 -0.0228049999791548 0.00934079096359425 -0.0565452782521629
-0.0161116736401908 -0.0130878803869728 -0.043908967411402 -0.0597941322269452
-0.0144724244949881 0.00631860462860431 -0.0816636341980083 -0.020693330496402
-0.0053777056098927 0.00814057353370318 -0.0789821005103536 0.0283224850530264
-0.00532210815439862 0.00460687032131995 -0.0488398779603082 0.0520057882186652
-0.00466869946075532 0.00420990646879181 -0.0243051526640878 0.0514550556137817
-0.00388048619664997 0.000396356387009991 -0.0192775700133311 0.0480029031279609
-0.000709897763726092 -0.00304619769951661 -0.0207217251648085 0.0493000852186325
0.00189476656399816 -0.00823081804359877 -0.0263622436885039 0.0542435573557809
0.0120516804364987 -0.0103661062910471 -0.0532682304266883 0.0499419842644459
0.0267537379203449 0.00328556769708849 -0.0850657056732262 0.0273803988521039
0.018463005875498 0.0255540842257252 -0.0903992349533041 0.0183617076390693
-0.00148224684246469 0.0391911710864644 -0.0810614812043782 0.0385732546191744
-0.0210268521884778 0.0459391796439745 -0.0681600680258733 0.0126627015926616
0.00539770901024569 0.0231853372127604 0.0153723794520364 0.00265424434238226
0.0135485870255181 0.0116371195857378 0.0174309466697883 -0.0697798023721349
0.00911705353620383 0.00580149911418438 -0.0428116672445234 -0.074844028116027
0.0103143544968349 0.00191183380337452 -0.0885526476624611 -0.028290806707671
0.01112434472308 -0.00439206940729002 -0.0820230673083173 0.0249572714171647
0.00885505880098364 -0.0142153535350474 -0.050977196857643 0.0510715149998527
0.0057470314585002 -0.0173864119817682 -0.0223380898602909 0.0499408901186805
0.00948833868978144 -0.0201307804470049 -0.0156239294468217 0.0470848976695261
0.0207747831351713 -0.0120370939645375 -0.0146276721250041 0.0465777560290942
0.027782817396653 -0.00478592019886813 -0.0184108130704367 0.0538458149547962
0.0324996078310402 0.0168103453206625 -0.0419277329669317 0.0534937372936388
0.0255392783717139 0.0392848468766245 -0.0736449180872232 0.0336581453384777
-0.00701965361592773 0.0514522261146127 -0.078257314864078 0.0269329937788803
-0.0398780732627762 0.0551635482258268 -0.0687792360466507 0.0391253565862854
-0.0552957127998968 0.060000709927325 -0.0487985774180214 -0.00308989630816837
-0.019083193531433 0.0537286980493031 0.032377766766796 -0.0050659351404826
0.0165079889333381 0.0503534833339564 0.0337488137675478 -0.0829558507290132
0.0336524215554632 0.0301365862671521 -0.0334779377341633 -0.0927754802964543
0.0373078585907507 0.00076769470225963 -0.0881372894928157 -0.0401733167058705
0.0293386408042714 -0.015025095096145 -0.0795357938099219 0.0154957459651272
0.02300000000479 -0.0316853911759136 -0.0486464700987427 0.0422814269603514
0.0156885047968849 -0.0359178923976105 -0.0168209709613637 0.0411240725267178
0.0200180241827554 -0.0389692048814099 -0.00748649327380462 0.0380328028414701
0.0357653545941577 -0.0229147435992022 -0.00203684029639225 0.0390056431211763
0.047585677151757 -0.00806590835123912 -0.00252504495463838 0.05203614188104
0.0528496720304802 0.03147728707174 -0.0251141334197785 0.0581609351533216
0.0311777512098943 0.0644558130789251 -0.0590999291288724 0.0421151822533554
-0.0214095035931803 0.0723394352955461 -0.0645951323467004 0.0318111786892342
-0.0684611657655981 0.0669143533955681 -0.0468656892237079 0.0347744915282514
-0.0833098240392036 0.0622000479517628 -0.0184263837050549 -0.0172243896833093
-0.0473857213220109 0.0741407412111123 0.0563313577847741 -0.0111553813504363
0.00953001254124307 0.0851935108108521 0.0565247840738687 -0.0892793252391485
0.0512743107419893 0.0574978383380686 -0.0142582354293488 -0.106954527273958
0.0619385826178272 0.00420106818324636 -0.0776475974327382 -0.0539733271549677
0.0460617876741994 -0.0225280312580966 -0.0691460739403529 0.00225127467437549
0.035286887968567 -0.043568743457626 -0.0406650510436701 0.0274472894038991
0.0232129667195311 -0.0498375976715102 -0.00944037565685175 0.0264853537281701
0.0253244750728407 -0.052750063034222 0.0032783990997745 0.0225376220428052
0.043329834627878 -0.0326293101135785 0.012394438950098 0.0254975983462283
0.0584416082982073 -0.0137371782179058 0.0155693163891595 0.0445201098529116
0.0670924552990286 0.0365126031643999 -0.00620095026685367 0.0587888535475638
0.0380699329119646 0.0776055632942759 -0.0429257378125346 0.0475391872506261
-0.0279965317499025 0.0836804551463146 -0.0504770517803974 0.0311326763337612
-0.0852107065714241 0.0696926084243617 -0.0208476339138522 0.0243046252358915
-0.0965990043052237 0.0518885967874371 0.0175681057263075 -0.0290246975948126
-0.0720685208695623 0.0766965273641587 0.0806907082073861 -0.01465906343565
-0.00600687299107545 0.105401151937719 0.080619291296437 -0.0853860310118846
0.0552495950334479 0.079882111677511 0.0117946842853212 -0.110368001131663
0.0761781783082807 0.0117291196432277 -0.056072081235903 -0.0641462563432899
0.056298786109687 -0.025008123052197 -0.0502864691768838 -0.0129780985317266
0.0427622715047131 -0.0482015087515821 -0.0275097084970369 0.0084157288455353
0.0267824224846281 -0.0561679352788632 -0.000341729798468705 0.00795371966005869
0.0266898953193166 -0.0597830292134193 0.0140723538036126 0.00421476633979213
0.0447834410787545 -0.038371223964505 0.0269106000450236 0.00936685212279675
0.0614212678843314 -0.0176342451642545 0.0321169667545703 0.0343771520263831
0.0711974964269279 0.0367853513660181 0.0107302912502881 0.0552943551113363
0.0385183915840151 0.0810336164479432 -0.028431655987078 0.0491169830876839
-0.0330625341336945 0.0836752658341228 -0.0389744483748546 0.0257432280380331
-0.0913410273648509 0.0620826870145503 0.00498963751323461 0.0107487278677067
-0.0920824394051501 0.0327928056005202 0.0526641521979307 -0.0357523192976887
-0.0831115005976349 0.0616790848320378 0.10147604679295 -0.0147525138826884
-0.0232836597520535 0.102921167940008 0.0974066800886383 -0.0714708899215558
0.0449739868222878 0.0878959313851763 0.0369076512161087 -0.10052461015962
0.0752980603848532 0.0187399599608045 -0.0286200252478206 -0.0670733995724055
0.0563464167355487 -0.0231843031147981 -0.0268655334419146 -0.0262503590144761
0.0422541356978327 -0.0459040096891135 -0.0125188813538044 -0.0108163740051902
0.0267298748452296 -0.0542895002688492 0.00834259571846372 -0.0110268286297013
0.0248394893163361 -0.0578372566670984 0.0240637340097025 -0.014881005953925
0.0412997691493841 -0.0393109905218021 0.0392483582607148 -0.00645213225620183
0.0576272696497525 -0.0184940857558324 0.0465595463543355 0.0235995265576153
0.0661280668821447 0.0358426265196704 0.024435262414623 0.0499513200254539
0.0310111595955902 0.0777798410135263 -0.0158698912732146 0.0484689427183544
-0.0379828887721222 0.0731432764038469 -0.0291962282985869 0.0190375182497103
-0.0876092884386233 0.0441524254068217 0.028430648775898 -0.00199616899388148
-0.069248372222767 0.00859974543298307 0.0783350997420294 -0.0374987685022188
-0.0752692816079918 0.0354981069363808 0.112675470568126 -0.0131151456918195
-0.0315252421619687 0.0792755402796556 0.102802979217658 -0.0533880033882752
0.0280024540129913 0.0757544416541911 0.053305668776654 -0.0824743473910893
0.0604508773071188 0.0196888087353626 -0.00244459531513032 -0.0637598737946669
0.0455076477253292 -0.0183551812735039 -0.00494578713796504 -0.0351843783636367
0.0338266465053367 -0.0365434232430511 0.00166817843589058 -0.0274182813482425
0.0216328251629855 -0.0439616803303726 0.0159830183561443 -0.0278636950262139
0.0200383890955754 -0.0478094685032455 0.0332075760880069 -0.0317856200199307
0.0344542101338789 -0.0343081214481839 0.0504574816867633 -0.0194934682326277
0.0488393077234284 -0.0158512443927113 0.0588080146074778 0.0157943891983233
0.054509119271463 0.0330112039246604 0.034465039034634 0.0466068849052485
0.0195580577832334 0.0674050642544251 -0.00671069455284739 0.0476422689300321
-0.0412865291483858 0.0557059374553548 -0.0202884139580419 0.0131845212875565
-0.07483722214909 0.019761606972416 0.0493388744234689 -0.010655786630593
-0.0329384534112574 -0.0156757564749921 0.0897675158276798 -0.0356768015222441
-0.0489800557012578 0.00567757320548316 0.111969741274702 -0.014195621780639
-0.0267268132044268 0.0409166851308581 0.0972488849670577 -0.0382281893836209
0.0107411167306864 0.0463967612861033 0.0594850767032129 -0.0655792286623021
0.0348605880869262 0.0137241041668501 0.0168980276836329 -0.0585622996406723
0.026149541098324 -0.0116935657034421 0.0108193565435655 -0.0412880482544497
0.0187371265162233 -0.0218248711215625 0.0128222237040191 -0.0394871216877166
0.0131094286301959 -0.0276703188103308 0.0201354299659847 -0.0402615339563751
0.0124916252602483 -0.0311777480230385 0.0395381953768094 -0.0440630774627501
0.0232809374130459 -0.0255605699470483 0.0594058752124355 -0.0273578917580202
0.0350456212962388 -0.0117773060805439 0.0685515555467605 0.012548219488728
0.0379468745790853 0.026583176344646 0.0414924812007558 0.0475105223487058
0.00703904763049809 0.0495127023308249 -0.00175555175473478 0.0501870009432797
-0.038563902773393 0.0316914352135563 -0.0140485242225355 0.0091457490029176
-0.0523374889738825 -0.00729339217728943 0.06482658287132 -0.01383228424426
0.013049251515699 0.0224955547892079 -0.0711588715945395 0.025681825567045
0.0209027830123544 -0.00993760212704449 0.00659738108182663 0.00778631344474495
0.00448087896647553 -0.0211765280150618 0.00743288102742342 -0.0546670560444393
-0.0153780650746035 -0.0110030603318841 -0.0429379934521376 -0.0557055174341893
-0.0126980074947113 0.0062191282457582 -0.0778956317682461 -0.0171793197646183
-0.00446404898757245 0.00758088221739507 -0.0742436547128931 0.0301127116128151
-0.00454823180063818 0.00468449603215178 -0.044417610236201 0.0506280705445251
-0.00397462204758492 0.00360514289243313 -0.0218961518367537 0.0490017024189764
-0.00325115769486553 0.000558566679567472 -0.0167140312525799 0.0462403297960717
-0.000554530374652134 -0.0031417458483837 -0.0182055342564088 0.0477168518614114
0.0016106248457547 -0.00798463741360656 -0.0233126425406587 0.0521631888839327
0.0110187405529452 -0.00950912946964545 -0.0490204842036961 0.0485345041403269
0.0251861762043069 0.00247145260087537 -0.0806711222668063 0.0283113576186663
0.017296858791543 0.0230427222840799 -0.0858369664136171 0.0195001963382521
-0.000797915338251017 0.0364053587132763 -0.0770110979430927 0.0374614882605058
-0.0189305887024037 0.0434425683772831 -0.0642698713198289 0.0133562845989038
0.00532933874648501 0.0217545344222137 0.0148545367770893 0.00160720879207514
0.0128596367318429 0.011496703023719 0.0144599020021375 -0.0669590233022102
0.00876823631502612 0.00654580766696727 -0.0423890073631768 -0.0705254916547133
0.0104154801665314 0.001934064001498 -0.0843491615133715 -0.0239968419556219
0.0111242623028574 -0.0047438889979946 -0.0772884479413442 0.0268468887737746
0.00822379355066273 -0.0144548389761892 -0.0468780339185698 0.0499507946022261
0.00525123124028354 -0.0167182930465809 -0.0194254714485051 0.0476428249778599
0.0093355526533743 -0.019357791746563 -0.0132541611081562 0.0451512178501539
0.019890314549822 -0.0123983577098469 -0.0120855152916053 0.0448277582706225
0.0261526934003284 -0.0052607151343197 -0.0149312691729468 0.051475789346711
0.0313524720979466 0.0157567405612161 -0.0377969918444839 0.051578010256577
0.024538064746097 0.0365208214244463 -0.069616089779734 0.0347582845786718
-0.00640591491952094 0.0480738331850524 -0.0742640983971066 0.0270052770747154
-0.036660499041253 0.0523568831375453 -0.0650103549765777 0.0380761824978025
-0.0509406770201877 0.0572327797031535 -0.0457335648743527 -0.00122142868266324
-0.0172927617965523 0.0511845950745686 0.0305682843972112 -0.00575224034817946
0.0159328444090762 0.0477688722994158 0.0299654574728944 -0.0790770621557593
0.0328590565408833 0.0286893757788192 -0.0341086554583141 -0.0878846725500491
0.0358554464265424 4.29946070794303E-05 -0.0844631458197694 -0.0352814099274656
0.0280597884167123 -0.0148043081340532 -0.0749956795061024 0.017355199654603
0.0211922007095167 -0.0311297383131882 -0.0440501814213832 0.0413803355234312
0.0141426729450411 -0.0349670138584044 -0.0146469553447383 0.0389463307319777
0.0176140490465106 -0.0374269548854865 -0.00536970770795625 0.0361184792269157
0.0337391700475049 -0.0231199359363595 -0.000327951657711348 0.036965804019729
0.044988352653925 -0.00894983938654442 -0.000464066164909521 0.0489526232897702
0.0514356204644732 0.0290270049911305 -0.0217166855238223 0.0559510648087408
0.0307470410428361 0.0605853372568292 -0.0555293578706059 0.0426328817218423
-0.0189400240207666 0.0684229014907265 -0.0610018573072937 0.0314942683274877
-0.0631472304586938 0.0642317268764966 -0.0443473371119131 0.0334992131588924
-0.0770493739163402 0.05987255476489 -0.017317569068084 -0.0160324168644753
-0.0438000656398332 0.0710592802549159 0.0531100764802476 -0.012313612200314
0.0108798120509212 0.0806283922632134 0.0515920940437549 -0.086449830291573
0.050660657997724 0.0542831435502303 -0.0156151315393504 -0.101709258018557
0.0588780705528202 0.00250817231056555 -0.0748122095129346 -0.0482165864219982
0.0434173615637019 -0.022661644247037 -0.0650645396583743 0.00387576432916641
0.0325503970430957 -0.0429061592715066 -0.0369057012868279 0.0269447417413582
0.0201968501756311 -0.0480516599188262 -0.0074714121738114 0.0242925858083402
0.0220435680427099 -0.0504723408793288 0.0042758579093017 0.0215580494809818
0.0407377590018684 -0.0325244758804578 0.0135972563047966 0.0234734912142838
0.055339266286701 -0.0145212177775448 0.0169883944639046 0.0416946820236011
0.0651684146192774 0.033101580777074 -0.00328522397043819 0.056534950115413
0.0378971895838497 0.0726505134931116 -0.0398692754094368 0.0476379870060218
-0.0252081054853212 0.0799218520923077 -0.0476636129251142 0.0305005649234892
-0.0787118043083125 0.0678720208261793 -0.019849079195242 0.0228550363429195
-0.090084217694477 0.0512027751849763 0.0166272569645506 -0.0277670749838525
-0.0674885648246967 0.0746192865301265 0.0767043807702712 -0.0157914916179256
-0.00397405868682721 0.100420661997073 0.0745580125367516 -0.0829495310071856
0.0543597219012785 0.0753108574192423 0.0089575663132186 -0.104787954612341
0.0726671208511868 0.00935278400482098 -0.055149816657586 -0.058672280098344
0.0526264313279438 -0.0252969078801191 -0.0479231624024092 -0.0106568579288276
0.0392273679913125 -0.0479172268133224 -0.0255008372124813 0.00891735624491578
0.0236392185126741 -0.0542588114382805 0.000332724174650123 0.00714222888329081
0.0229539726284813 -0.0567794493668426 0.0141012035490558 0.00349705800528183
0.0417114258063789 -0.0380757817285136 0.0262800460486472 0.00780519114851634
0.0575418997745555 -0.018475112414327 0.0325539124057809 0.0314188976462178
0.0690301020673201 0.0330380935282878 0.0128869525664057 0.0527510700414138
0.0382533463850767 0.075505003818993 -0.0251316806081987 0.0485566099232605
-0.0294559845556691 0.0795091183434873 -0.0365171230003357 0.0258535793628371
-0.0843047562164753 0.0610113004329968 0.00462563570939892 0.00965661378610571
-0.0864636952808971 0.033232557444559 0.0498978063792759 -0.0346805986330216
-0.0774486656500286 0.0607576751220763 0.0963742127952709 -0.0166155269554743
-0.0195869927745166 0.0977695090855129 0.0902970217922496 -0.0698253365726046
0.0454861122465268 0.0827635732726783 0.0321987616554619 -0.0966691631970934
0.0718211450775602 0.0150406172123921 -0.0287807955945742 -0.0620188983447694
0.0525840028980367 -0.0232957589780318 -0.0259262175801118 -0.0239114019388505
0.0386732060241735 -0.0449951706171851 -0.0118066136262639 -0.00992473433132778
0.0230978612158252 -0.052418640287411 0.00830152827142416 -0.0112797656881541
0.0214042379084878 -0.0549477658718376 0.022798856042211 -0.0150228245548261
0.0380964096927166 -0.0382232547396027 0.0375147042230908 -0.00800036086061007
0.0538683448404494 -0.0187935413323879 0.0457629419250333 0.0207310266250032
0.0641132632725069 0.0322939563086304 0.0258226962355283 0.0472418475385501
0.031479082294209 0.0721743821002085 -0.0136802750993094 0.0476514475073549
-0.033923849338744 0.0703131415670148 -0.027264689158004 0.0188565393484626
-0.0820494405949108 0.0441625957724331 0.0267990686926555 -0.00222137792878472
-0.0652795377971843 0.0101647413557424 0.0745299978914796 -0.0367877766969814
-0.0700163554723769 0.0361640213354486 0.107221704468819 -0.0155552060028291
-0.0284384345630303 0.0758906133513114 0.0962958796650528 -0.0523897352981531
0.0290526745164879 0.0713617559031871 0.0482285075715863 -0.0799549173879206
0.0572254875647978 0.0163949424001002 -0.00356813488763887 -0.0593999488452193
0.0422068808983247 -0.0185147697940918 -0.00533158496570065 -0.033501324041685
0.0307873872049263 -0.0357929152239767 0.0014635412231582 -0.0262737702780117
0.0187526037703592 -0.0424412075053218 0.0144016260316806 -0.0270249863430161
0.0168693059248495 -0.0451927916009218 0.0307857684918026 -0.0307693410141704
0.0311921495686034 -0.0332227292311629 0.0475721649236962 -0.0204327933631815
0.0454439697091754 -0.016268982704512 0.0566360708303759 0.0134144883179174
0.0525577350572389 0.0300302091840022 0.0346468953672298 0.0440411270261911
0.0204855782703687 0.06253735647945 -0.00507508944904024 0.0464627661029168
-0.0370413223089452 0.0534870670099191 -0.0191413958300303 0.0129941471019506
-0.0698671633645008 0.0208695008878768 0.0460387676335915 -0.011147932475046
-0.0318088131942341 -0.0138367254750545 0.0854683539885904 -0.034660034254286
-0.0464682648878586 0.00695900767390691 0.106645206200232 -0.0156890143540225
-0.0239698608076301 0.0396640734699024 0.0916431775223825 -0.0384152881022245
0.0121744072070949 0.0435329125742354 0.0544856525945759 -0.0641918959989429
0.0327679757070395 0.0110490862272487 0.0133243993774645 -0.0554844555271088
0.0239631467001201 -0.0117730395370997 0.0091585785834475 -0.0396119685121331
0.0169875913516862 -0.020901313638862 0.0107898677281854 -0.0375537488163396
0.011320402584258 -0.0259401845104759 0.0186663191617513 -0.0383276819822083
0.0100739627889045 -0.0294705277270792 0.0357992036496503 -0.0425130619349498
0.0206575420188676 -0.0245866742542604 0.0552842345473483 -0.0279252968084277
0.0322706877038654 -0.0119091302389952 0.0658133841744026 0.00977484745799079
0.036411241875547 0.0235802704611267 0.0406434580652593 0.0444856753565944
0.00834437472655942 0.0459566479707298 1.60996908736968E-05 0.0481726520777767
-0.0348147584574067 0.0308192971091415 -0.0132940302546269 0.0094222082058428
-0.0495554606668527 -0.00497695062712864 0.060829513976737 -0.0145538877551128
0.0118695642349312 0.0210619842574682 -0.067409091621702 0.0239769717271407
0.0192753547321536 -0.00913910300005007 0.00662992197928089 0.00735730110668206
0.00437512318978719 -0.0192871785184875 0.00695080808215869 -0.0525547331320149
-0.014199946103341 -0.00990176475206725 -0.0416612714185627 -0.0537558090515611
-0.0111396346182839 0.00592273010944683 -0.0746270272137816 -0.0157722741453956
-0.00386282029255408 0.00719640119869616 -0.0706298157725632 0.0294019222496777
-0.00396170475970976 0.00388450007303203 -0.0426764872828706 0.0488008573892092
-0.00357057725395 0.00320685550894584 -0.020954482120715 0.0464499163104933
-0.00250933743404695 0.000351118917203849 -0.0156391055977358 0.0440611358582648
-0.000167941343874665 -0.00296916109512926 -0.0168612437956218 0.0454264692868387
0.00174931112478591 -0.00734499620780398 -0.021740901297985 0.0494618941373558
0.0106998930220785 -0.0078498489895276 -0.0463660301650931 0.0456822874158757
0.0231983228534946 0.00246859894162267 -0.07766350485364 0.0280579220581947
0.0157236005044792 0.0215684975680005 -0.082805902467044 0.0177861782050887
-0.00100687497675667 0.0336082359982168 -0.0747224593426153 0.0347078461472194
-0.0186414768125569 0.0414509726646478 -0.0602314443926273 0.0124988771923447
0.00405720541608215 0.0209151987592482 0.0139751852051631 0.00162198677246769
0.0120536057504997 0.0119375036241238 0.0142312991043726 -0.0644118176811693
0.00884827856808628 0.00701085353030047 -0.0408245411892675 -0.0674628786013769
0.0105478997907952 0.00195474531773193 -0.0804717478458015 -0.0219484990903127
0.0112073047967727 -0.0041206514372567 -0.0733112177248728 0.0262298777191106
0.00750751152119065 -0.0142831198944073 -0.0440325992929201 0.0477305745678374
0.00545890660427292 -0.0161764524999145 -0.0188540345592314 0.0447287874276192
0.00873377158810393 -0.018711062485236 -0.0118724534067607 0.042739398830207
0.0191142165372243 -0.0119537847042394 -0.0108618234517585 0.0430539053838456
0.0256188111733424 -0.00469855467001265 -0.0136114326380649 0.0489273257277307
0.0299307230030522 0.0158434933259103 -0.0358895161244266 0.0491824610528457
0.0229536728152831 0.0352151954959915 -0.0668978098128854 0.0335286397891293
-0.00674028010636217 0.0454163561778926 -0.0717641882995912 0.0252961238274524
-0.0349787633697369 0.0491300212624582 -0.0629537098463662 0.0351180748105735
-0.0485665228054562 0.0541867863102452 -0.0429117650002585 -0.0019447590571004
-0.0172927493587499 0.0490186292447661 0.0293500378680495 -0.00556123848591085
0.0143878805981783 0.0462936324973772 0.0286885849754059 -0.0759255267415389
0.0322113166947834 0.028363258587269 -0.0322102118863091 -0.0842086931801508
0.0347533361663144 3.33318323213665E-05 -0.0802799790856765 -0.0329161316827453
0.0273875702962403 -0.014395094304184 -0.0715167600547211 0.0173535348483678
0.0202674932789946 -0.0301653967404516 -0.0415394898532229 0.0395245176241833
0.01337746862326 -0.0338866324196456 -0.0138145185150846 0.0361615207567848
0.0169176932849058 -0.0354839583830992 -0.00417519712072127 0.0343565780568684
0.0329859735254097 -0.0223426511704382 0.000133907103825999 0.0349869482174357
0.0432191114207821 -0.00846828761708828 0.000567385380016783 0.0464524425642287
0.0496080127714245 0.0283991596926687 -0.0200397169717301 0.0534282083843678
0.0291808173050437 0.0575948394962839 -0.0529269516199844 0.0411411157390746
-0.0190473761498654 0.0647625376372625 -0.0586897868306926 0.029830183931423
-0.0604467441192754 0.0602879834231531 -0.0432782797499518 0.0311122923673456
-0.0733639980762604 0.0565846393293429 -0.0156601191614683 -0.0149934186117476
-0.0427938192364551 0.0677061836247448 0.0509084148880594 -0.0116675286908087
0.00935240058856767 0.0769989426670612 0.0493983599975614 -0.0824412470579212
0.0492301280749141 0.0527695520558379 -0.0150296675757601 -0.0974605141521257
0.0562738761743731 0.00267839370687735 -0.0710553427544666 -0.0450437157401579
0.0417129209771688 -0.0215659485698351 -0.0617748695201691 0.00452455432921037
0.0306108229472319 -0.0413180455684862 -0.0346043452894516 0.02573728297881
0.0192355506540167 -0.0464379697835925 -0.00710450441220126 0.0225126691650468
0.021317712427951 -0.0481452452706309 0.0049589264999699 0.0197407920226803
0.0392295455279902 -0.0314079340818335 0.0132487451610675 0.0219581159166391
0.0527083042611982 -0.0135214784947018 0.0173300912051807 0.0396627198039469
0.0626000457066477 0.0320829921138377 -0.00206444512823554 0.0540108706296883
0.0354660873230308 0.0692562369644582 -0.0377668420902302 0.046267526829715
-0.0242752713149252 0.0755744267664103 -0.0462664233176573 0.0290899498274911
-0.0754004634643254 0.064303481954262 -0.0196754490215249 0.0218620563259875
-0.0861189612836292 0.0482670894840903 0.0169520192602735 -0.0262537416754836
-0.0647713513699174 0.071486895988498 0.0733717623071789 -0.0150216564037287
-0.00429846444529246 0.095282622751608 0.0710080166137919 -0.0787515106770435
0.0530337179913165 0.0725769744698625 0.00839400491825573 -0.100981119173536
0.0691795009041942 0.00872016637797008 -0.051952941576508 -0.0550070740331698
0.0503151721489371 -0.024087353700281 -0.0458972500076697 -0.0102935140364791
0.0368374136369541 -0.0459909490783778 -0.0240270206652512 0.00836030470172481
0.0220381313871493 -0.0520782788516037 0.000883899652563798 0.00621924208785941
0.0215410799618311 -0.0539775802372467 0.0140403891512708 0.00275552595501135
0.0399035210261694 -0.036684326940798 0.0255065965928736 0.00707782441161117
0.05485180974198 -0.0173374844034954 0.0324407173770718 0.0298324651321524
0.0669814412660747 0.0316762104591838 0.0133496099429511 0.0505534309556233
0.0363658604627203 0.0719598482814541 -0.0238581751660696 0.0474894700107212
-0.0282932817128162 0.075500928476722 -0.0353853874583923 0.0249084411896447
-0.0805442719349812 0.0579464839815594 0.00368086445344003 0.00894957417214933
-0.0821634445283292 0.030951865967679 0.0486165846579985 -0.0326376704579468
-0.0743144702084894 0.0581126693616297 0.0923856185619769 -0.0156009633806823
-0.0190129047943139 0.0929821160868844 0.086575213252112 -0.0660453128577057
0.0439769253169359 0.0792901974484298 0.0309499127485441 -0.092244677290026
0.0687241655753409 0.0142367389119985 -0.0271521683287722 -0.0583007338129221
0.0498110584448397 -0.0221989902350884 -0.0246152676703804 -0.0231382771365852
0.0365186465158984 -0.0433251780311198 -0.010679491367771 -0.00920957154620025
0.021755857043459 -0.0500459441889069 0.00823816880846315 -0.0110472343287931
0.0196275507790265 -0.0517836351214593 0.0220718304806011 -0.0148658323890393
0.0362921276997558 -0.0365819182124198 0.035945620180215 -0.00807825656926465
0.0511182332422455 -0.0176504080451139 0.0448764482809361 0.0195291849613674
0.0616022268065274 0.0308225176782787 0.0256520600110299 0.0456563420095509
0.0297839354507693 0.0684312103940895 -0.0124280688271112 0.0463091819092322
-0.03176057457194 0.0664078273192706 -0.0263331156012244 0.0184477336258555
-0.0772804550065408 0.0422146825391503 0.025011444833715 -0.00259565426032715
-0.0624828616252648 0.00954550332266129 0.0723545230326597 -0.0340593614371459
-0.0673479374965364 0.0345068453133833 0.102651513022377 -0.0145157098422579
-0.0266007983357934 0.0718956721364393 0.0922340867326429 -0.0498625665342805
0.0280313845636824 0.0679518260181177 0.0462190993610642 -0.0766370103414627
0.0543930475802454 0.0152752724426183 -0.00360609716515701 -0.0558752490120549
0.0397232830597599 -0.0171676959736495 -0.00445248296791478 -0.0321265636586655
0.0284097998697766 -0.0340203846936582 0.0016057002509244 -0.0246228838008765
0.0175018936031425 -0.0407082784960794 0.0139982438751407 -0.0261983083877876
0.0154363964690345 -0.042558199176065 0.0291444082867548 -0.0292823514010185
0.0293119241368454 -0.0316827857612893 0.0446834511662106 -0.0197972774122189
0.0430098769570579 -0.015709597515268 0.0546516720018824 0.0123966897409443
0.0503653473364794 0.0282557192114669 0.0343722203619952 0.042089731215199
0.0193861941944528 0.059334702583955 -0.00445598782085215 0.0452878558399175
-0.0347508405810705 0.0501181351412517 -0.0186763682683842 0.0129237018684853
-0.0663590860596569 0.0201115368678856 0.0437711175414972 -0.0105654194436865
-0.0303435378852576 -0.0133807549750807 0.0821509427377527 -0.03218291482044
-0.0440590017846001 0.00682111375571375 0.102092092597016 -0.014647932804321
-0.0226452442022576 0.0374130091816679 0.087639740693507 -0.0362561446077286
0.0113445651099306 0.0407997433801177 0.0520701416868252 -0.0612371110694466
0.0309045224025483 0.0104019656259157 0.0129234230654801 -0.0527263715183573
0.0220000505031991 -0.0110170817444419 0.00910423732150309 -0.0381105944250109
0.0156678220180641 -0.0195040248711172 0.0103498411841426 -0.0361270501379991
0.0101872513069137 -0.024977385263004 0.0175432746750261 -0.0361247437902414
0.00919703833028756 -0.0271160673826879 0.0341463381337779 -0.0402464805169946
0.0192548726558791 -0.0232105387894585 0.0521619507163476 -0.0271086996511062
0.0305755207966973 -0.0115566462830693 0.0629741869112464 0.00958455565840942
0.0350168195853432 0.0221623747979104 0.0394162218815566 0.0423690815530602
0.00772876158623897 0.043215890839472 0.00013451871109906 0.0469482505644891
-0.0327433415233673 0.0286466125379536 -0.0130900559252316 0.00935232108671049
-0.0466918203968569 -0.00431782872642356 0.0575841997115229 -0.0139541212610402
0.0107389111115712 0.0200913283268417 -0.0655587637950085 0.0225396196019032
0.0179350049980217 -0.0083551988142272 0.00604066771255816 0.00765683694237418
0.0041759140151033 -0.0177222640699694 0.00754419759049335 -0.0514364478157166
-0.013408655540533 -0.00946334004998108 -0.0396808671834751 -0.0531171258827276
-0.00995075121661085 0.00529749083228744 -0.0726402151523817 -0.0162122666345968
-0.00294209775016665 0.00669470626693345 -0.0688336894888165 0.0288928268463221
-0.00390570587253305 0.00393517918116899 -0.041739671094028 0.0471430453998343
-0.0031033232312992 0.00265736062228433 -0.0214105807028391 0.0445884990229649
-0.00281145959652113 8.55987654978891E-05 -0.01560048696234 0.0429138409138593
0.000222379347872419 -0.00312085609592792 -0.0166064364713356 0.0444558309997116
0.0020670824311905 -0.00682216834176854 -0.0216839592516159 0.0471207532083962
0.0105681874589401 -0.00720023333937453 -0.0460456495977223 0.0437943177756499
0.0221300199912632 0.00318700366633862 -0.0763041466975672 0.026110067733694
0.0141818125551243 0.0206864330694953 -0.0814564799260466 0.0154868438959873
-0.0019655154258152 0.0320540405846598 -0.0747492774395995 0.0313997272016497
-0.0188849270086175 0.0394576633024795 -0.0583188814652753 0.0111577739891045
0.00284864828157688 0.0205453033427613 0.0135167866350747 0.00204489077797258
0.0112247459017283 0.0125725241339364 0.0147777168187626 -0.0626292250657972
0.00933106913296096 0.00750447637864694 -0.0384178443264929 -0.0668144764893882
0.0108663402714664 0.00200033611566427 -0.0776180309208921 -0.0225698110147932
0.0112870786755072 -0.00435366661505699 -0.0715820325417907 0.0253241763476387
0.00810012823285137 -0.0140640206871316 -0.042891191021503 0.0457431777734992
0.00541832414373684 -0.0163774964839801 -0.018744866335673 0.0427129568917561
0.00909928740970768 -0.0181667596731738 -0.0114892685682755 0.0410692624293723
0.0195198773261507 -0.0116102507720088 -0.0108298348322176 0.0415103107516519
0.0251494944515338 -0.00438394331504554 -0.0135595469326897 0.0471521684242382
0.029528888980633 0.01642530336905 -0.0349075950337217 0.0474921462184133
0.0211455902122131 0.0343170592547779 -0.066002648162418 0.0324674542320609
-0.00826047374887744 0.04371291770177 -0.0709658909876313 0.023167545526178
-0.0355405965837749 0.0467940072255904 -0.0629015899662098 0.0325976113638335
-0.0489383937674143 0.0512256465046026 -0.0413397007814034 -0.00238902680612125
-0.0185609731194183 0.0472171399367077 0.0285875818403216 -0.00461183798425397
0.0132792035698393 0.0456410429522777 0.0291469382788695 -0.0736561387429038
0.0309477402726093 0.029163934107611 -0.0302610479585248 -0.0829143084721807
0.0341013839969698 0.000798231900874065 -0.0771390819879945 -0.0328701503636094
0.0274019016716166 -0.0137088349734836 -0.0695620355229386 0.0164883748129595
0.0198594880977054 -0.0293605323376493 -0.0402028076023047 0.0383325616933392
0.0136383059636047 -0.0333715771304402 -0.01386818343134 0.0348368268921572
0.0171743935330361 -0.0345268038561885 -0.00420218614999922 0.0329219852571217
0.0325144740745592 -0.0217180376833553 0.000176413019525982 0.0339705772122947
0.0426186114572952 -0.00716036899828502 0.000923451073452279 0.0449429984467265
0.047953288936056 0.0289524484986054 -0.0197598176574341 0.0518983296510817
0.026859400942986 0.0568207390831352 -0.0525810741428279 0.0401400191245041
-0.0205205930724058 0.0623714504512024 -0.0582754746391806 0.0280544926349013
-0.060304172660636 0.057093507756447 -0.0430861032331457 0.0290727625319417
-0.0726679179942384 0.0529793835870903 -0.0144551016231848 -0.0148270208710092
-0.0433811140037207 0.0650727758698155 0.0496275987784875 -0.0101163168589532
0.00757663741702771 0.0752845289854325 0.0497941549751589 -0.0793385094991668
0.0472357002952225 0.0526931159835528 -0.0134609320822652 -0.095549118671521
0.0551668771046113 0.00376876932131542 -0.0677156759746455 -0.0442867331232803
0.0415486721101795 -0.0206809376426077 -0.0598903535807483 0.00375987146895238
0.0303546991410295 -0.0404524732772852 -0.0333488476407182 0.0250708746383515
0.0194214114960754 -0.0452041959596149 -0.00734511289805947 0.0213905788414093
0.0209226992721812 -0.0462883796132701 0.00524153320012611 0.0190100558682102
0.0389966077040134 -0.030205208959663 0.0128979470358617 0.0216087583684217
0.0519635481603314 -0.0126445522200513 0.0168769771194658 0.0384643522783992
0.0615044861059287 0.0325164867793563 -0.0020828806226571 0.0524141489133434
0.0330944938039402 0.0680709288220456 -0.0375888134863433 0.0452329478366019
-0.0253037675853174 0.0723898626039822 -0.0461612614962481 0.0279206730989263
-0.0744653706386081 0.06111786021994 -0.0198162610880479 0.0202422947500902
-0.0843681112691127 0.0448397506363229 0.0171344074526361 -0.024927192465423
-0.0643779958703814 0.0678598792506129 0.0714738158543117 -0.0134598547047826
-0.00615596736852411 0.0926696195022578 0.070792857050493 -0.0754567646143988
0.0506417070144186 0.0719568830154956 0.0095496788164315 -0.0984583720202588
0.0672996764015948 0.00931207882343516 -0.0488313231957582 -0.0538525352998138
0.049888420987445 -0.0226479454308803 -0.0434943630123045 -0.0105088110314507
0.0362889724385216 -0.0445842207878432 -0.0224139835588788 0.0080378730608959
0.0220389591781121 -0.0504539227166925 0.000841044795747443 0.00541532903991675
0.0216247874172815 -0.0515861956236065 0.0141568614910163 0.00238584331387751
0.0394301902044479 -0.0350958129718738 0.0249096530176447 0.00712612495444058
0.0537985640002186 -0.0159539232313174 0.0321839610402239 0.0290865816060994
0.0649754734652457 0.0320040724433576 0.013532380562965 0.049565613931155
0.033858756655775 0.0705224647070499 -0.0239043878022958 0.0465882687621137
-0.0287600730086692 0.072697028869301 -0.0354406718822818 0.0235871250235254
-0.0794080226343278 0.0548631327929925 0.00290441608468443 0.00880613052896148
-0.0805507466508837 0.0289470541383795 0.0482748211531194 -0.0301649285878802
-0.0736442058509284 0.0557887061929832 0.0905075914434013 -0.013430856426981
-0.0205671748714073 0.0906929467026784 0.0854418325875284 -0.0628809045600229
0.0420148528368423 0.0785208981453174 0.0314885415960019 -0.0898729137996106
0.0659175231085141 0.0151387735014389 -0.0252084479003422 -0.0561834661115959
0.0485865153015176 -0.0205714121725146 -0.0231705632158739 -0.0227295871930202
0.0356622484097954 -0.0419843958999521 -0.00996518569936451 -0.00947298736923097
0.0213548069706772 -0.048208518931448 0.00814860751896087 -0.0110313843752383
0.0198475944477588 -0.0496398680589913 0.0218925076806176 -0.0141502887878912
0.0357721195996907 -0.0350881497348751 0.0348576011158538 -0.00743951815944344
0.0498206512052869 -0.0163199379440508 0.0437359402148322 0.0194506309414148
0.059538150133264 0.0308927451760461 0.0251415673428042 0.0450632137499203
0.0279135219423742 0.0667461221523639 -0.0127108011832463 0.0452126160989603
-0.0321827354798702 0.0636399219759547 -0.0264391755368297 0.0175958291599308
-0.0760353436970751 0.0399501828511999 0.0242588072238405 -0.00191211858904072
-0.0608847187326589 0.008237116057879 0.0713744300936521 -0.0306752201259173
-0.0660200035229704 0.0329194643717965 0.100314897567093 -0.0121582699275058
-0.0270016622130861 0.0696649237203458 0.0906841051992758 -0.0469991361194455
0.0269232416351368 0.0668599545355464 0.0459192305845543 -0.0741911224087869
0.0523962537378793 0.0154093678028609 -0.00276109453753936 -0.0539722618837161
0.038376798103181 -0.0157269559062729 -0.00390159199337415 -0.0316843562154143
0.0283831024875147 -0.032489136599136 0.00219586794855291 -0.0243509316726435
0.0173046818536102 -0.0393040658944723 0.0141358254163996 -0.0250203929185612
0.0150403409625748 -0.0407914755732679 0.0287672228912488 -0.0284429634096962
0.0287806509363706 -0.0303466656789703 0.0436856219310995 -0.0187094254660722
0.0413504316137353 -0.0141769875590488 0.0537892141620348 0.0127847186014397
0.0488918570872374 0.0277429216932055 0.0330580617902579 0.0417888457039293
0.0180794929915735 0.0575608789411914 -0.00481869635578131 0.0442657306220955
-0.0341536267128388 0.0476757056692457 -0.0188703271645371 0.0122043470571888
-0.06502067811732 0.0188108851814758 0.0424362381863494 -0.00944425563110995
-0.0293816894743033 -0.0130410359459614 0.0817865434063335 -0.0287554661513275
-0.042732526887118 0.00619519811167922 0.100321612643996 -0.0126114785094886
-0.0223315547767297 0.0361035490486687 0.0863955763434428 -0.0337437904663438
0.0111974593827359 0.039500099385655 0.0511316377080705 -0.0594234758839256
0.0297825658095577 0.0100110595752337 0.0132610789119347 -0.0505014734355686
0.0210039501859296 -0.00936823610188682 0.00938490353511135 -0.0372380398346672
0.0154683837413488 -0.018568585677052 0.010522879265188 -0.0348497175389913
0.00998453096589932 -0.023950771667979 0.0180212713355407 -0.0349666998311827
0.00896283233890782 -0.0258129622349616 0.0338246360813973 -0.0387525695533235
0.0186059009076226 -0.0221329501897342 0.0506573799918833 -0.025958806770214
0.0292430580328599 -0.0109277053404129 0.061432566660798 0.00980472633346889
0.0333135597402398 0.0214812212815241 0.0381781889756932 0.042279782332076
0.00701206635279544 0.0414557868714425 -0.000667882609431526 0.0457087532032055
-0.0313155287555394 0.0271527976743462 -0.0131285637017122 0.00900345825433906
-0.0451225002377022 -0.00444802813939559 0.0561539817777132 -0.012679982900532
0.00996237332422535 0.0200270574481425 -0.0652369391720158 0.0213299618247824
0.0176523806901756 -0.00825421052838667 0.00607285479915567 0.00788362899100076
0.00491631474595858 -0.0175421255930096 0.00768400524742665 -0.0518915191615669
-0.0125622005805938 -0.00858153430833552 -0.0390631465391916 -0.0540255220773305
-0.00920039740485372 0.00524655591725771 -0.0724045818000739 -0.0169584156865122
-0.00274406661228616 0.00603785038823462 -0.0684784787276684 0.0283439324188377
-0.00380268931959341 0.0036119970595687 -0.0420811688878427 0.0465845643471625
-0.00291057813142223 0.00251806987931331 -0.0219558345874189 0.0442071924500946
-0.00207988258253318 -0.000310908816976086 -0.0159599212882341 0.0425713806581722
0.000726957114431891 -0.00344361745375344 -0.0168435824983047 0.0441201298041019
0.00210715867992366 -0.00663775543318081 -0.0216266387328049 0.0468531156931399
0.0108393938461596 -0.00633035321096306 -0.0466844262441184 0.0429440698883042
0.0217538266525044 0.00354655828366706 -0.0768542248631045 0.0258064004581298
0.0126639929937019 0.0205083303957143 -0.0817215383904237 0.013880831310179
-0.00265863815156948 0.031879968615213 -0.0758740380647958 0.029250669403743
-0.019842717272322 0.0385054413463808 -0.0580327165381941 0.0100398759369415
0.00205601128198859 0.020827152929477 0.0139092692392319 0.00225612580780773
0.0110159564055995 0.0129707948376566 0.0155251814764107 -0.063007700450864
0.00955442422646619 0.0088101033072818 -0.0378326534485459 -0.0679771830683271
0.0117881434851877 0.00244299588513132 -0.0772301467599136 -0.0230446673050988
0.0126706537188728 -0.00427600704834416 -0.0712493529597343 0.0248407742114585
0.00814594469229174 -0.0141046819560381 -0.043137575396402 0.0449909066396178
0.00583744508639124 -0.0165999146124905 -0.0194020898672375 0.0420847071340891
0.00983141691749265 -0.0181024880167087 -0.0115772726740706 0.0407279575597409
0.0198105443724831 -0.0119342415470867 -0.0106098638432851 0.0417018587095035
0.0252109913529818 -0.00393566828883656 -0.0138366799241515 0.0467684959772168
0.0296203264112818 0.0175507966706526 -0.035543789498245 0.0471415215546286
0.0203186749582022 0.0348981313583479 -0.0668836685208757 0.0320458248321582
-0.00994060497137716 0.042962283609232 -0.0718584635459636 0.0218983082707179
-0.036201275808736 0.0454289220569708 -0.0643061517590092 0.0311750419486233
-0.0497750608624008 0.0497528275338854 -0.0401339749504311 -0.00269967603327807
-0.0196472610316294 0.0468310603037084 0.0285860473999585 -0.00376598814913826
0.0125475813444829 0.0459770757495101 0.0307918553491459 -0.0734780182452761
0.0316589463365842 0.030500624105381 -0.0292000455720145 -0.083976280592969
0.0346690672242093 0.00153995066824848 -0.0764332941001612 -0.0335303158089932
0.0282252304799852 -0.013677794241713 -0.0689218812623821 0.0158757326102136
0.0205389086234328 -0.0291111457038076 -0.0395957995940195 0.037372797768827
0.0138633201904312 -0.0336532207138322 -0.0141050268331424 0.0336955228432828
0.017445480451583 -0.0343911296834354 -0.0043439454581148 0.0324160612603847
0.0329638161763317 -0.02167968620727 0.000201051769103197 0.0340503960695367
0.0429803532276174 -0.00678698444316177 0.000623012651770402 0.0446965135737923
0.048718389272339 0.0298206113347176 -0.0197428697625247 0.0518832430280235
0.0259270808347219 0.0572452767229802 -0.0533681954621805 0.0400668910629682
-0.0219957758192681 0.0620041547421412 -0.0596047265189519 0.0271680860660092
-0.0611542338309517 0.0561134620266944 -0.0444838629371139 0.0276992468100913
-0.0732109428909629 0.0513676707781176 -0.0139574700635086 -0.0150561110352112
-0.044354189596391 0.0642623336491991 0.0493504470508312 -0.00926980752868757
0.00599923364821784 0.0758923744734434 0.0514384924560191 -0.0786094214777433
0.0473202382556227 0.0540441751233112 -0.0124729603348059 -0.0959937683011501
0.0552606087198132 0.00438776399780534 -0.0666927588799109 -0.0446158646532688
0.0422164662828555 -0.019626231154189 -0.0594563874508284 0.00305018091542852
0.0307303436462943 -0.0402461117841979 -0.0330026049519067 0.0240335467756811
0.0195009798970864 -0.0453966636577682 -0.00728846315640449 0.0204083271392264
0.021342927659971 -0.0459562917595679 0.00568748893954325 0.018590498404953
0.0392667967532052 -0.0302714305516886 0.0130026809750209 0.0216650057993637
0.052167889609189 -0.0119436840492325 0.017430802330518 0.0385214653268191
0.0615511409656057 0.0331079742159263 -0.0018685818219826 0.0526212743751116
0.0321915544369268 0.0686702609032069 -0.0385051870784893 0.0454710129682022
-0.0266221977685234 0.0719381567123572 -0.0469904495820509 0.0272504928503834
-0.0753159284555808 0.0596034771761686 -0.0207520618030706 0.0192610984958951
-0.0851468936838614 0.0431389706744787 0.0182336342784604 -0.0243656223935779
-0.0656906276635472 0.0669747958976627 0.0715140022981294 -0.0120356432890749
-0.00739243360955126 0.0929728386716272 0.0722518720006042 -0.0746500268773702
0.0504045592652361 0.0729668839771081 0.0104442271318706 -0.0985690005982382
0.0671978581583205 0.010333808064868 -0.0480334372289652 -0.0535538275635813
0.0501640932222404 -0.0214726113095595 -0.0431550511217369 -0.0110726129072416
0.0364364389625308 -0.0445266960670745 -0.0216375039770377 0.00743033912352217
0.0222724336525117 -0.0507137564197703 0.00105138563555396 0.0050740568083693
0.0220477407384773 -0.0510805023862438 0.0145317430619111 0.00242017182877792
0.0395419946003625 -0.0350886765443909 0.0249963733576129 0.00691004862579149
0.0540879153521764 -0.0152995123372328 0.032246445539642 0.0292415503520089
0.0651017862796053 0.0329502441938891 0.0135005583666116 0.0496339980336879
0.0329524634485745 0.0712059382641805 -0.0242342332712389 0.047011812022118
-0.0298319219082503 0.0718312930837534 -0.0364291093916787 0.0236273584444116
-0.0800391386746658 0.0537613014792736 0.00269977085224207 0.0086168341479214
-0.0807782062746888 0.0273423852411596 0.0492183185682824 -0.0291587656948072
-0.0739511579936336 0.0546377019007304 0.0901627994661945 -0.0123705285304633
-0.021520771289366 0.0902441546110868 0.0868121241106353 -0.0613464723601642
0.0419427697491179 0.0787959721572989 0.0319706289234205 -0.0896699964872765
0.0659026115153992 0.0156913638381334 -0.0243682364574229 -0.0561819516885744
0.0489579091475623 -0.0194788175045533 -0.0226282570552676 -0.022972384132833
0.0356388634573427 -0.0415267456376574 -0.00903745092378245 -0.009400887928446
0.0215324772250502 -0.048432888944269 0.00838343535442257 -0.0111932562772251
0.0195062350263128 -0.0490897975366114 0.0223283564127775 -0.0143355405090563
0.0359759942498404 -0.0344751253992976 0.0351295411997116 -0.00747147766741295
0.0496286732109434 -0.0157412438150561 0.044807771246863 0.0194204667040226
0.0602723339926641 0.0308810072506149 0.0255016368572013 0.0452563270153603
0.0268115622078173 0.0669270835327591 -0.013368843128212 0.0460649657904351
-0.032789166457286 0.0625330512774356 -0.0270684329961664 0.0177426651793403
-0.0764459421252645 0.0386876346816751 0.0238300406575408 -0.00181295228754467
-0.0608239127593659 0.00755710075766804 0.0721798267796504 -0.0291539087029266
-0.066381155002175 0.0323994833648805 0.100579230178809 -0.0105533240522213
-0.0279218732712939 0.0693190651147264 0.0916169275157366 -0.0453737144620953
0.0270699464582761 0.0667891725932962 0.0462267770313755 -0.0741811862794699
0.0522713010163012 0.0156003961494536 -0.00179511217790487 -0.0532334315812735
0.0384222767038432 -0.0147792324609587 -0.00338374809965891 -0.0318988365657356
0.0282872908627725 -0.0325426087102775 0.00253108859541878 -0.0241744643216383
0.017241591523023 -0.0389734208083213 0.0147062515104075 -0.0252670686924672
0.0155084893512142 -0.0397536619616933 0.0291277637007859 -0.02816875146635
0.0288270135459314 -0.0299838020751076 0.0437296953685642 -0.0183313524643502
0.0413203375334748 -0.0135632733885313 0.0542575163672259 0.0130670413651493
0.0488523601265473 0.0280993166047389 0.0335408848270901 0.0421431120475561
0.0172405589467028 0.0573961906777197 -0.00516121713626521 0.0451417267500649
-0.0346656992728414 0.0468110458824119 -0.0193049142862526 0.0129256467397701
-0.0646828459230838 0.0180380867006514 0.0421377935569631 -0.00889674859217205
-0.0291384670827312 -0.0129141276032208 0.082723137186089 -0.0269238578294568
-0.0420659505313534 0.00635677419167364 0.100587333437759 -0.0111762196143074
-0.022098525330098 0.0355770778786571 0.0868447103645837 -0.0324832912992738
0.01132243910346 0.0393392842971661 0.0508976837365431 -0.0590443732296882
0.0291009870237306 0.00976886131761403 0.0134151787845856 -0.0501577700193991
0.0205128910484108 -0.00891478821126876 0.00946341596116739 -0.037468351579345
0.0157504513055158 -0.0181917204409897 0.0109974022429429 -0.0346644122756576
0.00988588939293315 -0.023532192694006 0.0187097533886736 -0.0347322723850641
0.00889314418335331 -0.0251385038460427 0.0339651391475756 -0.0382537871096002
0.018363920818327 -0.0220814423179079 0.0507890354284056 -0.024741278352384
0.0287777239361568 -0.0103958995173055 0.0615696470351632 0.0104869247620051
0.0332383752677827 0.0213698038693808 0.0382896941963256 0.0432185359507586
0.00627455351447974 0.0411099000785796 -0.000977880229230222 0.0461537683436006
-0.0314376755861271 0.0262134844911794 -0.0132933464413068 0.00869546833605712
-0.0449613326252615 -0.00429391129398445 0.0561166317599708 -0.0118762448368398
0.0113427639019095 0.0197521114024926 -0.0661856640310621 0.0244871714228982
0.0164823115795206 -0.00925202204816029 0.00738553940489315 0.00918862034180506
0.00285590250773604 -0.0179001497737891 0.00607037383553355 -0.0526885063997503
-0.0139411442130127 -0.00723447297001594 -0.0416557398453296 -0.0531179419922914
-0.00935567463468106 0.00643090657743702 -0.0748446405956575 -0.0127934562114165
-0.00190099735939301 0.00736697349146715 -0.0671533443166297 0.0331472955540112
-0.00321358758137826 0.00423499845531167 -0.0387969496206701 0.0493349621576637
-0.00239540455459014 0.00209364754223899 -0.0189882553349029 0.0459086542884084
-0.00192994517989084 -0.000479525930757245 -0.0131629239214894 0.0447383181551865
0.00078534788650465 -0.0039372641835174 -0.0138515912120414 0.0470437793624301
0.00140561734629466 -0.00713871863355582 -0.0193249760483118 0.0490210561204499
0.0102508725959034 -0.00765981963060266 -0.0462624037014608 0.0479779186261957
0.0216698668883879 0.00041392170086871 -0.0791991070967523 0.0322016848813871
0.0137892380637138 0.0186534222559982 -0.0845152379066393 0.017335210565166
-0.00128943937329667 0.0314171927432981 -0.0766596758255693 0.0312967364358339
-0.0166990936065721 0.0405425442408488 -0.0599815534122351 0.0108664287176333
0.00345948296848918 0.0201303910365151 0.0125229051975696 0.00168538044923226
0.0116181162327259 0.0118861278370834 0.0107391756216714 -0.0638739958722103
0.00978118514157869 0.00742381856754059 -0.0431470793795954 -0.0659070926288032
0.0109861661592652 0.00176472410790828 -0.0793571874990564 -0.0176291646830882
0.0124228003319466 -0.00441617004965912 -0.0698385378893401 0.0300433937309322
0.00672201281094289 -0.0150176716615122 -0.0390835616599858 0.0498162597379127
0.00469983317999371 -0.0167389389002235 -0.0163343949947908 0.0433772006196915
0.00824925219036837 -0.0196953935689374 -0.00887383220867684 0.0422822598937281
0.0193113583070944 -0.0143238866089785 -0.00818913231312492 0.0442426738993494
0.0249318708671828 -0.00628423879405904 -0.0113900305533057 0.0496377232292625
0.0313104900382386 0.0145715574084496 -0.0353981681832853 0.0508349022818005
0.0225001566118861 0.0327254778336408 -0.0685430468714399 0.0366758356803841
-0.00772097550449081 0.0435362568939432 -0.0721628336942204 0.0243728304474553
-0.0358409143434159 0.0482091017960699 -0.0622308862053521 0.0329530354897879
-0.0447845908516924 0.0544146409320528 -0.0439197809711418 -0.00522844183470022
-0.0154966958050994 0.047473417459026 0.0260135592699744 -0.00639539286430181
0.0161354410469644 0.0443350272660832 0.0224076389725721 -0.0753610319177916
0.0342287493461514 0.0265630712808088 -0.0374645994375379 -0.0809717263710523
0.0339062571261167 -0.000795688694581388 -0.0785762989257707 -0.0266434059630273
0.0275000060755304 -0.0147898855562226 -0.0674126976941848 0.0219430893471179
0.0175854079275943 -0.0319081188283806 -0.0359192081897366 0.042449641492678
0.0113753398536793 -0.0347683338742226 -0.011524831068351 0.0344115739261152
0.0145240160743359 -0.0360509528050967 -0.00144254998647664 0.0329113560140699
0.0315240095471269 -0.0250841381733111 0.00289393598986934 0.0359068915229309
0.0416781692111375 -0.0104383367297949 0.00377863424865901 0.0467543216974466
0.0511157330462313 0.0254618662561124 -0.0187733927194476 0.0547424220294033
0.0300708906825639 0.0550204734658439 -0.0549770129864558 0.0430635736394884
-0.0189241632135007 0.0635065660655433 -0.0572913745752365 0.0295327043600241
-0.060587827024825 0.0608123564087725 -0.0401121253878199 0.0296741086483566
-0.0678831854895814 0.0574030178004355 -0.0174419714100156 -0.0199580925363517
-0.0384553164608734 0.0666161188695101 0.0455938644447492 -0.0147090771848578
0.0129431244652787 0.0742236706125813 0.0403243020327348 -0.0823967304865781
0.0526317883843168 0.048456735559832 -0.0236313575657447 -0.0935575742974309
0.0544457244419889 -4.02236164773412E-05 -0.0696405492528449 -0.0370211236679809
0.0405720815859275 -0.0224865529983576 -0.0583394275904136 0.00904315780193543
0.0265189659087571 -0.0434356378808359 -0.0295924485721848 0.0299399791304191
0.0163246803481859 -0.0467608015152947 -0.00519435959731169 0.0203770624040283
0.0170653474099774 -0.0475732281434297 0.0072671580240289 0.0183968371266417
0.0368987317789373 -0.0340734464456228 0.0149909807772809 0.0223703174916087
0.050692318144795 -0.0161198046284402 0.0210347544425537 0.0390612827797684
0.0645612208500615 0.0276768814347026 -0.000162590054136161 0.0551745375218729
0.0375626909628492 0.0658104588890035 -0.0389790477658665 0.0478955337712684
-0.0231278860004108 0.0743440875919138 -0.0439411869969915 0.0288465430379784
-0.0750848894013354 0.0655583395629061 -0.0150051539067465 0.0207990170815213
-0.0800979046789807 0.0501963510185444 0.0152473316391243 -0.031383912038723
-0.0586725506281633 0.0711871180298434 0.0676061138611684 -0.0197362198216785
0.00118751173382591 0.0921849366121365 0.0603744643461985 -0.0809940194940701
0.0579572428701744 0.0661952297264305 -0.00251769897989796 -0.0977548586568448
0.0665447924221158 0.00439625326466998 -0.0518520793202042 -0.0462508151913205
0.0481777643731001 -0.0249976848552965 -0.0429255564493443 -0.00575777248809145
0.0321606882623344 -0.048587311536224 -0.0200718773258899 0.0128068830474959
0.0186610577390637 -0.0522440538832482 0.00176169135821744 0.00396352563599991
0.0172940578014875 -0.0526169453591974 0.01520523408566 0.000788946631053744
0.036841726111545 -0.0385109525985991 0.0262528563556072 0.00626023915944971
0.0520744040163009 -0.0195251903751546 0.0353986137177862 0.0289782914364471
0.0681818379859462 0.026924280774442 0.0157668908771932 0.0509353290506422
0.038402182012086 0.068136205422798 -0.0244559417694614 0.0482971755236446
-0.0262718251694426 0.0744120630705411 -0.0328222880446668 0.0246365963453801
-0.0798753078421508 0.0604772974840934 0.0085328616188585 0.00904829957022416
-0.0775681130724049 0.0336517735604113 0.0472986488589498 -0.0369900471037879
-0.0682417662265951 0.0593700405174224 0.0873860391349774 -0.021226751437036
-0.0127789760607909 0.0909469730348066 0.0762843659963834 -0.0700251241186208
0.0502264114598304 0.0725648698097468 0.0191112585219789 -0.0904183608186827
0.0654407066372354 0.00922020876071178 -0.0283034409425677 -0.0501710389440926
0.0470007684270981 -0.0229472181794182 -0.0231686454117077 -0.0194852725538364
0.0314426905526351 -0.0457985930870172 -0.00897633743483228 -0.00543367616862715
0.0177066883445541 -0.0497284554469471 0.00876401947915053 -0.0126170026392138
0.0153092610607201 -0.050288297365217 0.0221447546324223 -0.016372456255627
0.0328692204929414 -0.0374176477831627 0.0356686548108399 -0.00894381889978265
0.0480122651178577 -0.0192551544304372 0.0470895243713125 0.0182263643174678
0.0625773717649599 0.0259456412733483 0.0278368101853869 0.0453509294119127
0.0318672723737849 0.0645640270849786 -0.0125005325163546 0.0465895241044076
-0.0296667910010215 0.0652103292040769 -0.0237464271085541 0.0181728610590373
-0.0764970085904005 0.0453755921548362 0.0293779851915951 -0.00233804029509756
-0.0597180628014138 0.0123248566264399 0.0727214997705842 -0.0364277162350969
-0.0619895232088763 0.0365515109961628 0.0994950526370915 -0.0198396756831081
-0.0202652394978256 0.0701922299579814 0.0840444556135326 -0.0540867487291772
0.0341907987856452 0.062020339203963 0.0354400287033815 -0.0763057473205104
0.0516194462789918 0.0100726838817101 -0.00592360235225042 -0.0498884886076492
0.0367074932422625 -0.0175020023854312 -0.00469912414128324 -0.030320454827919
0.0248343669977752 -0.035678604670714 0.00142951097351044 -0.0214014266292855
0.0144377312415385 -0.0401667937255792 0.0141290094961554 -0.0272950414266121
0.0118556295715123 -0.0405760390709652 0.0283527580778597 -0.0312846759634902
0.0259692596049332 -0.0317796411749951 0.0438959404844945 -0.0208393008950343
0.0392556254360498 -0.0159969738573839 0.0566426922133001 0.0105600122276086
0.0504848181231276 0.0238891427089868 0.0363569340087466 0.0419688750746786
0.0212667451466734 0.0558754259400506 -0.00401774752653844 0.0452752547229144
-0.0320301396708246 0.0493678658253834 -0.0161863925573832 0.0131073175734511
-0.0654512521964 0.0239041210913226 0.0465844235264492 -0.00949970881326048
-0.0301378054700009 -0.0105265793891085 0.0846284675467841 -0.0318860025838336
-0.0405875966933919 0.00853922585130381 0.100920713101414 -0.0187050270092209
-0.0183085872367361 0.0360402771348282 0.0828249398579306 -0.0401079315141869
0.0153891245278962 0.0364681249391264 0.043613096434044 -0.0619687081058478
0.0284957923749457 0.00590270701494896 0.00929946897968333 -0.0489684322678018
0.0191218583324121 -0.0105300374728083 0.00764197175623868 -0.0374337335216891
0.0137279572019782 -0.0200384336623655 0.00886645724670663 -0.0336188423062733
0.00809514422213784 -0.0240771338697558 0.0164899477761155 -0.0362040451294507
0.00663423517398836 -0.0254171355090962 0.0318208738872953 -0.0414262004224886
0.0161659019974017 -0.0226401983666992 0.0505394113461429 -0.0280940584100929
0.0273578222665004 -0.0113405434730366 0.0648952558382643 0.00713746760408505
0.0341990203232712 0.0186259751655914 0.0418362894317655 0.0422212908219285
0.00933469048982501 0.0399049101146752 0.000842055406273747 0.0467139453230868
-0.0304221775202543 0.0282991451248967 -0.0113244920480675 0.0101709077204639
-0.0459719096016208 -0.000278395819780034 0.0589253675191069 -0.0131036119365272
0.011606267244775 0.0197060385977681 -0.0652391872090002 0.026733369374533
0.0155246969874928 -0.00957941987870466 0.00854039660136862 0.00898709102440888
0.0020313038003303 -0.017245418244982 0.00462972633034669 -0.0535579109330578
-0.0136907621104821 -0.00621927554643408 -0.0443395949568183 -0.0525082517811069
-0.00834043504881203 0.00671898852815277 -0.0754980698789065 -0.0104684577769448
-0.0011524329276871 0.00689286350217145 -0.0655542912946557 0.0362767333053587
-0.00272270851139635 0.00403293123923492 -0.0365719060912491 0.0514270883580601
-0.00231366802458845 0.00225150275709279 -0.0176751738896 0.0469552547333836
-0.0013146170450155 -0.000682591797948349 -0.0114851820123835 0.0451793149044343
0.000543923946014192 -0.00382636243451329 -0.0119180227263029 0.0476311885027306
0.00131385123317366 -0.00683680348050888 -0.017801674756901 0.0500768736458642
0.0102393705075161 -0.00766561812488506 -0.0449007173421784 0.049766346951201
0.02121580155437 -6.72020418987715E-05 -0.0782089794019154 0.0354485749847027
0.0138817239936364 0.0186722565771376 -0.0845335964706138 0.0192342938349048
-0.000247657179098734 0.0314062223120853 -0.0771270957933628 0.0334509339733635
-0.0156638796327632 0.0409415324395927 -0.0597967378980348 0.0123748439238773
0.00344127368605041 0.0204095505241965 0.0132446191657793 0.00185532986906118
0.0120203164658274 0.0121218350435005 0.00845499692659999 -0.0645602647600033
0.0111497997181519 0.00776087674314183 -0.0455735434506515 -0.0651676579105381
0.0118730576002776 0.00156804446396939 -0.0798117074418851 -0.0143762635640625
0.0130208626202064 -0.00529592519759547 -0.0677829288878276 0.0333341767588729
0.00641236675284952 -0.0158475344652791 -0.0366270048774777 0.0511798796002435
0.00414245448296368 -0.0177048121825291 -0.01523565731208 0.0437704729759235
0.00744679603538116 -0.0202745489476973 -0.00697657156015191 0.0427947093347766
0.0186923753384485 -0.0152600982076636 -0.00577263187893436 0.0444731238553449
0.0246643132950118 -0.00714759319690929 -0.0089663739416915 0.0495581346113586
0.0330422438388923 0.0136913852161689 -0.0338376680726421 0.0525158202658996
0.0239003700047478 0.0319970356322741 -0.0677967465200985 0.0400690203892653
-0.00728366033845454 0.0439620319593064 -0.071475708287229 0.0270074764830596
-0.0343578280427393 0.0495354691705583 -0.0622578830219546 0.0346896803581315
-0.0434728469844194 0.0554152026167268 -0.043759590682594 -0.00396766706088524
-0.014591803708703 0.0485710285280561 0.0263221031662777 -0.0072895981815609
0.0176386681550671 0.0444210759018767 0.0202311505090346 -0.0771169252501435
0.0362180913468477 0.0261666139402103 -0.0408948154881066 -0.0807844183065743
0.0345027804767838 -0.00216260312985121 -0.0795025679802029 -0.0235359903779837
0.0274633063096409 -0.0163970026047918 -0.0662093255240756 0.0244351824979433
0.0163062927126749 -0.0328178296971904 -0.0341092389596804 0.0433772730312808
0.0100940859330356 -0.0352805466575051 -0.0102450657082261 0.0344361408067617
0.0137127966654096 -0.036987844254397 0.000232069423571761 0.0325469292531654
0.0310331402918271 -0.0263646355539942 0.00475037025062854 0.0358403286184876
0.0420657477532563 -0.0116530887741374 0.00619377248364051 0.0462532533243623
0.0530858539990147 0.0240413726829388 -0.0163674954215911 0.0552409559365105
0.0319643270124553 0.0540310603131061 -0.0534533723987857 0.0463446760083747
-0.0179876318751507 0.0645339603105237 -0.0571357224799899 0.0312856790521855
-0.0589864388143636 0.0631970432066496 -0.0401376336486768 0.0303257814459246
-0.0666832948679072 0.0595469245319217 -0.0177301251093423 -0.0192935669304032
-0.0370178878531569 0.068364080653988 0.0457426965699099 -0.0157517435322908
0.0154928414211236 0.0743244541709086 0.0378651562609845 -0.0844490111301127
0.0554741168892116 0.0469891300424462 -0.0274192654537713 -0.093044839980729
0.0547818320549836 -0.00210368550916503 -0.0707405360690827 -0.0343980694328175
0.0402731169513265 -0.0237160132642224 -0.0574900451773817 0.0111647683878782
0.0246334320958169 -0.0447264799826293 -0.0278806441233371 0.0303905119963367
0.0140696708427907 -0.0478395274586847 -0.00434911990644099 0.0204595778186189
0.0156384169058156 -0.0485489723778453 0.00831004945275821 0.0173146969351359
0.0359870151574759 -0.035671399706512 0.0163648090268585 0.021654454647208
0.0508799630193624 -0.017780291444969 0.0233036033643953 0.0383703297657922
0.0666233843501975 0.025341041715653 0.00190580242821889 0.0552065276162563
0.0399000944725493 0.0651417290574882 -0.0376103951864225 0.0503254412683237
-0.0213557445716184 0.0753704504904727 -0.0433849888584155 0.0302394507469895
-0.0732107695898152 0.0685894929911869 -0.0150043549801866 0.0207973403532889
-0.0792071314743835 0.0524868463991326 0.0144356036036057 -0.0313662420223002
-0.0571369962490599 0.0738962573029935 0.0674831205965248 -0.0217668839974116
0.0046633263307411 0.0930929674355748 0.0579483612240511 -0.0835316108247027
0.0615204770964007 0.0647609925671307 -0.00666904194683284 -0.0978247537473755
0.0667540085477008 0.00211167840525264 -0.0527754655052672 -0.0438837179009952
0.0478785371183524 -0.0267675667644985 -0.0429978663896578 -0.00455497909774817
0.0295463574252987 -0.0504841727541495 -0.018804666783501 0.0134322834559335
0.0160219418460423 -0.0532873237309746 0.00169201713505225 0.00343597506094067
0.015468286829221 -0.0534798200245018 0.0157850695457085 -0.000416028342530822
0.0354597859912936 -0.0400305859889942 0.0267391744614783 0.00536711429375798
0.0521140126586918 -0.021238599713224 0.0377332928746334 0.0267259060189204
0.0697802553231275 0.0244174913485491 0.018361616646568 0.0505003314571853
0.0407530757844196 0.0673707121463393 -0.0224152263476616 0.0505785613689562
-0.0239328850758549 0.0754552567075434 -0.0323496599956119 0.0258524721889154
-0.0779574258367227 0.0640565491271761 0.00832055425974156 0.00855835034727786
-0.0767482149228383 0.0357984531796095 0.0468503785454589 -0.0377803395562236
-0.0670568723968511 0.062167939340062 0.0872438078351101 -0.0238851666842148
-0.00968482391059399 0.0917626142755297 0.0745294719474798 -0.0728860867761819
0.053317320196421 0.0709110823906564 0.0155907070020989 -0.0914951630206777
0.0655899816807613 0.00685752762955129 -0.0300402324451407 -0.0490237825586785
0.0464595333209607 -0.0245859932124212 -0.0237494516523319 -0.0188176887615973
0.0296335623120615 -0.0468254252109054 -0.00825284199292319 -0.00566664461016191
0.0154221243162757 -0.0508498265103409 0.00824827916123826 -0.0134237104019758
0.0135171884638589 -0.050349410216152 0.0216502585947776 -0.0179371921607925
0.0312675924035304 -0.0387441645205839 0.0355907294469816 -0.010344592294255
0.0471426299976844 -0.020667747409521 0.0488104002247802 0.0160379988215507
0.0641238610839731 0.0234367380903366 0.0303052064790845 0.0446047698540953
0.0344532354617394 0.0634475653593876 -0.0110867248506017 0.047980434538611
-0.0279385128102823 0.0662284010386319 -0.0233519765223126 0.0195089793282788
-0.0750800488644478 0.048522565231994 0.029305590656349 -0.00319247528084519
-0.0595626098747415 0.0142810851265766 0.0722422652754925 -0.0379233667433987
-0.0609053637801527 0.0390051195398763 0.0993965390217735 -0.0226343801653559
-0.0176713022372897 0.071029640158425 0.082177506344689 -0.0572987310796032
0.0369362555289456 0.0604036970481143 0.0322412226492262 -0.0771817260812202
0.0522297092563161 0.00778413378966835 -0.00750885478519342 -0.0493152771529645
0.035991172640676 -0.0185657043840544 -0.00572482025931702 -0.0304853833899053
0.0229587190874324 -0.0369223656601259 0.00139433878499413 -0.0217894689386899
0.0123453582352348 -0.0410383916973529 0.0130273673469591 -0.0276452280528733
0.0101696513298183 -0.0409212238214874 0.0268977213061585 -0.0325497619046745
0.02453956118224 -0.0328877009550609 0.0429849130968435 -0.022688896998197
0.038807841760328 -0.0172399865966027 0.0582151955026861 0.00817030215080509
0.0520062444430636 0.0215479256596816 0.0379327348404631 0.040621939480017
0.0232503603706287 0.0546840823040049 -0.00211351781842169 0.0461166290366604
-0.0307304306869974 0.0502092435377706 -0.0163172765216292 0.0142389121456028
-0.0645509160390823 0.0268279010061413 0.0462148923880579 -0.0117807974394764
-0.030532359634034 -0.00934508997204786 0.0850746309727034 -0.0335592636739885
-0.0400850192665087 0.0105142412348922 0.10052957173525 -0.0215852365395333
-0.0163464636354801 0.0368480907516859 0.0818202481195292 -0.0430617554595398
0.017131040850895 0.0350996825983027 0.0410524985398228 -0.0636706703345128
0.0284746940897144 0.00463345921480441 0.007821838061889 -0.0487445686913809
0.0183388090334465 -0.0109187071102377 0.00635148000361673 -0.0384215650717976
0.0121861735903324 -0.0202432202406954 0.00774203009136351 -0.0344410836424225
0.00685535062601534 -0.0243085416162173 0.0156431738389003 -0.0371613045325731
0.00580966324511283 -0.0252197359646119 0.0305905133326476 -0.0430644540637221
0.0155233429624745 -0.0232260224281173 0.0494191014617364 -0.0301910405602821
0.0263773492236227 -0.0123883487694809 0.0656605243196432 0.00472559033942587
0.0353728050531446 0.0170289745193378 0.0435888396672771 0.0409483974523089
0.0106883424785823 0.0398209024700747 0.00270578114772636 0.0477504369735389
-0.0294929464462589 0.0288721884459956 -0.0112199253813927 0.0109273707214384
-0.0459428934432669 0.00152732960810517 0.0580637715980036 -0.0152304531616556
0.0117052612168778 0.018509552081985 -0.062437512117969 0.0282764778096961
0.0142553674221304 -0.00916472695832933 0.00934075569719707 0.0086046373915793
0.00158861436430328 -0.0169295328704646 0.00265159173853476 -0.0531580199168602
-0.0126539310394392 -0.00543004406488582 -0.0458724966908862 -0.049722398686588
-0.00740356677301584 0.00636544460830305 -0.0742721894480033 -0.00650353023444009
-0.000265515609265456 0.00637612179513355 -0.0616326752016067 0.0381149622781515
-0.00265437667726864 0.00436444816567739 -0.03306061067009 0.0517435830425508
-0.00210410603548877 0.00222023237603302 -0.0155212519998146 0.0469128940974906
-0.00108263471715221 -0.00115593647029964 -0.00895445563668303 0.0448573982087209
0.000711123389405893 -0.00405343621684251 -0.00954182083261139 0.0471473041384411
0.000877589545143598 -0.00689750797796813 -0.015431545697921 0.0497247972223513
0.0101033445028947 -0.00748070572687475 -0.0421454101447495 0.0502547702968911
0.019902620001402 -0.000829824307043506 -0.0750251890471658 0.0384386724228054
0.0131341703053055 0.0183923279127779 -0.0821642541196728 0.0214530135963033
0.000559397722525164 0.030372796517959 -0.0755084465140983 0.035240887756338
-0.0141685991140719 0.0408656407850774 -0.05789283078609 0.0144066745132791
0.00362894845781389 0.0199489086759402 0.0135965778220695 0.00131012830775791
0.0122881077025068 0.0119913597691369 0.00588696230266906 -0.0643571132381976
0.0120777756208986 0.00754103335920457 -0.0478591533605419 -0.062012372067493
0.0125203894635701 0.000655971533581735 -0.0781512350719758 -0.0109885008360914
0.0125501433608973 -0.00632913367477425 -0.0641227959780903 0.035497908491688
0.0057394989305766 -0.0154064210801492 -0.0335164925770974 0.0507810472597098
0.00326664004892386 -0.0179531619769081 -0.0126910012469654 0.043434561190009
0.00674171967928552 -0.0204629779711696 -0.00451218978192993 0.041561775864932
0.0179032372070451 -0.0162056920263314 -0.00344624274595635 0.0433889994907792
0.0239365489743101 -0.00782253848896553 -0.00653685327631412 0.0482234607842274
0.0331698763694766 0.012686154394734 -0.0303698616921422 0.0524360051657064
0.0236806978412409 0.030907064864873 -0.0643339451847096 0.0425768771841971
-0.00625563485989816 0.0437089063786678 -0.0697585688995926 0.0290296009018926
-0.031948111460038 0.0491881117612726 -0.0609438383144492 0.0359973929835213
-0.0408218914877509 0.0557081390829123 -0.0429461691649013 -0.00240949867768961
-0.0132332675990867 0.0480606782828438 0.0255507646204758 -0.00792038517650183
0.0189318680261738 0.0431307477396821 0.0168275385295751 -0.0764209441760955
0.0370788703091224 0.0238145206694601 -0.0435324535922336 -0.0774059407299354
0.0339754096668878 -0.00322209122268794 -0.0779672278348585 -0.0200877604830777
0.0266612088742303 -0.0176887939307735 -0.0628970738523532 0.0266662869420447
0.0141486945433924 -0.0326654769777683 -0.0307217179862716 0.0433251069480115
0.00812438455746896 -0.0355421722546068 -0.00880759438653812 0.0340008602537996
0.0119093307291237 -0.0366910810659805 0.00168899248736394 0.031441104109725
0.02924384164797 -0.0277388653877468 0.00668508698010628 0.0344121256814325
0.0408794616906821 -0.0132611697855299 0.00823782736582477 0.0449083655517627
0.0538353758713783 0.0209318087586494 -0.0139264839195614 0.0550493693320555
0.0331395656686712 0.052250450493885 -0.0503980958825187 0.0488565973265134
-0.0158061669088944 0.0639806471392971 -0.0549619116863289 0.0327008947505373
-0.0555152145991522 0.0637740066541814 -0.0391102541642165 0.0310497907732953
-0.0636364665845272 0.0605448699010976 -0.0178503739227835 -0.0180915901955191
-0.0338821170624388 0.0683842204736779 0.044089567523887 -0.0170578252949855
0.0183332311708062 0.072911008373081 0.033455833342076 -0.0845493048336614
0.0570224675403016 0.0438182050686393 -0.0310739841533141 -0.0904277956115097
0.0538437058801883 -0.00389777360223907 -0.0698426555991542 -0.030556321434904
0.0391585014438024 -0.0255250388874141 -0.0555356471247808 0.013474456531386
0.0220245414623601 -0.0449415682694297 -0.0252936149002782 0.0299992675870952
0.011339394061233 -0.0477064676827905 -0.00376509001397428 0.0192052162790429
0.0131628003780589 -0.0480611776936344 0.00894782057489836 0.0162479926337765
0.0337601279026795 -0.0368130702122316 0.0177401616326662 0.0200922697396194
0.0491431484386736 -0.0197938235305801 0.0248232035395909 0.0357700346003429
0.0666129495009291 0.0219601930957985 0.0047475206117942 0.0536773378713865
0.0411919065126569 0.0622580234756708 -0.0341281787968439 0.0517598302345197
-0.0188529759241969 0.075036818398961 -0.0413414159258505 0.0315657471406376
-0.069183884076487 0.0700859460684444 -0.0145402979215193 0.0207627785083231
-0.0760641546318027 0.0543002905607081 0.013804878831782 -0.0307436753074211
-0.0533419680179299 0.0745718071872591 0.065364509440724 -0.0236613767002274
0.00785464280009443 0.0910986089911933 0.0536890903113378 -0.0839166790461563
0.0636976083482756 0.0610508516136095 -0.0107453554717992 -0.0953580317240578
0.0657332482131063 -0.000400980561199651 -0.0528827669908853 -0.0409747734296442
0.0457730443358603 -0.0284032703721453 -0.0417767477842395 -0.00234748665161531
0.0266029201748253 -0.0500467155025785 -0.0171761133930018 0.0128760039409142
0.0125695867564695 -0.0528855382421858 0.00233631155314523 0.00284545094325343
0.0128023704222067 -0.0530648415128898 0.0151546372438279 -0.00123671647042208
0.0330940768076662 -0.0409686056794424 0.0265286470923699 0.00388679487524417
0.0500942717809611 -0.0228174867394565 0.0385961195157313 0.0240889059858625
0.0703903040070964 0.0209084784236542 0.0207212566027349 0.0482053694023687
0.042546922546293 0.0640111701358312 -0.01990903922224 0.0508174593424745
-0.0213045480796598 0.0747753726235024 -0.0308745519942346 0.0269611479434676
-0.0735258804963849 0.065483846437177 0.00792959234217145 0.00752025715124285
-0.0746695565227379 0.0385904048537861 0.0455853333965907 -0.0379348246406368
-0.063556732904405 0.0634922158383928 0.0844271458829041 -0.0260412340888396
-0.00567133251997157 0.0903580154146902 0.0703781976308737 -0.0740952175418261
0.0560590807869234 0.0669559779164353 0.0110546596201263 -0.0897885502765864
0.0647554019862603 0.00418158203242104 -0.0301154410737449 -0.0462142651412437
0.0446974321835316 -0.0256903885271386 -0.0240922533445876 -0.0177944427470921
0.0261635779360925 -0.046976076659408 -0.00755997114939787 -0.00538281769567806
0.0126999637823337 -0.0502057958254231 0.00731575297493099 -0.0137786412581042
0.0112427183464629 -0.0498643166819694 0.0203930116965735 -0.0188580012516211
0.0289797285402023 -0.0391889072343678 0.0342020146695025 -0.0117052979830053
0.0451103576572425 -0.0219972240173934 0.0493604834969611 0.0128067717675986
0.0637944442355097 0.020088857060674 0.0321302625948687 0.0420254965713566
0.0362996140027177 0.0605601605604522 -0.00862839624263315 0.0482726781949208
-0.0249969012832844 0.0656146462846468 -0.0223972269264338 0.0201892393189127
-0.0713127295032156 0.0505150934105406 0.0277385506220896 -0.00418915047697111
-0.0576755871938061 0.0167734446979674 0.0701070072245164 -0.0394611663835788
-0.05788066283571 0.0408981610472207 0.0965885513605407 -0.0260447953023166
-0.014538683991286 0.0705244083011538 0.0788923118024944 -0.0589680150952828
0.0392274070096368 0.057367638425703 0.0279376028095948 -0.0766945434545523
0.0511020004895873 0.00567583742495134 -0.00870797655547169 -0.0475217706197276
0.0344860896562417 -0.0192575911958194 -0.00695185639072589 -0.0301216686801981
0.0202099983162457 -0.0367962740826965 0.000605675359764903 -0.0217287333846052
0.010073669467216 -0.0404352503316752 0.0117487835133416 -0.0279356090760906
0.00804566291498716 -0.0399173397175444 0.025225883331913 -0.0331840916836139
0.0224327759801455 -0.0328874580555706 0.0410167418549658 -0.0238859675186224
0.0370373541526241 -0.0183368862695902 0.057521358616917 0.00485324285261942
0.0516868086329814 0.0187162012099543 0.0395588149481523 0.038011468055961
0.0248559750286251 0.0524274800300301 -8.9339501248051E-05 0.045961156781199
-0.0280783108393091 0.0497946228415908 -0.0156567359711018 0.0148447535102712
-0.0618837144741401 0.0290891997861728 0.0444249886666343 -0.0127814460398779
-0.0306127909840091 -0.00722862575318592 0.0832432551600295 -0.0357221940741768
-0.0386228169937774 0.0116691635325874 0.0978993027129072 -0.0248448921750012
-0.0145225992893841 0.0359155850676739 0.0787997417728963 -0.0451316183796758
0.0183334598402958 0.0332998184023048 0.0372697774882256 -0.0636894676398878
0.0276351692326231 0.00348192903500424 0.00609205179560145 -0.0477343162079236
0.0176742384517817 -0.0109817260779875 0.00440303519541653 -0.0379386538711232
0.0107012849755845 -0.0201328535688449 0.00629519425908704 -0.0337311399622726
0.00537931120189224 -0.0238503592178005 0.0140782667957773 -0.0373818058777311
0.00443603664649545 -0.0246705952558164 0.0284169637508403 -0.0432385624796625
0.0136965369424188 -0.0230518832202022 0.0471505496130296 -0.0313499586225953
0.025042099974802 -0.0132476538646965 0.0642901967124926 0.00127099803834291
0.0350380164397902 0.0147083542395432 0.0447603313148289 0.0379135506360589
0.0121573630500999 0.0372127747849496 0.00431502991895294 0.0468220616322797
-0.0273535336353307 0.0292010699537723 -0.0109444649061858 0.011511400476595
-0.0440730030331811 0.00431010175192885 0.0560814807676494 -0.0174545806354873
0.0109058878736911 0.0178473043931043 -0.0592304084068825 0.0283004566698089
0.0133064408941056 -0.0084859231893227 0.00976173324797593 0.00790508583861235
0.00112181891506544 -0.0153726222492824 0.000704060938827907 -0.0520507222972048
-0.0119534395125337 -0.00480415331274485 -0.0455467583900228 -0.0474682731519034
-0.00644267945362698 0.0058815959147058 -0.0712059571034789 -0.00500842486181075
-6.67578345726308E-05 0.0058476729421875 -0.0575645432201281 0.0377342739670322
-0.00222081785992928 0.00374553592957529 -0.0305818585105006 0.0500586895012056
-0.00195896714927142 0.00166829182996644 -0.0142237426297219 0.0449107009515795
-0.000986783868728756 -0.00138132787819757 -0.00733491923196065 0.0430940051853903
0.000456662261664835 -0.00414357738381901 -0.00755321709264984 0.0452900185757866
0.00136080329938719 -0.00653707390669104 -0.0139442892421853 0.0470103591620771
0.00976394091737702 -0.00751072924016204 -0.039587739290101 0.0492919515367544
0.0186002757477553 -0.000583384786164241 -0.0708556923110884 0.0385669397789641
0.0124983797043725 0.0175429789863146 -0.0790606011185102 0.0216746760492411
0.000838384293787318 0.0288876376794691 -0.07303372172215 0.0347227244912598
-0.0129730822789949 0.039639789401304 -0.0552324937212609 0.0146986332888577
0.00358601357189329 0.0201192453383654 0.0141538554863334 0.00119016890467407
0.0122687794671707 0.0112750501136164 0.00442495528726344 -0.0627289299637146
0.0125451708169841 0.00693376781195145 -0.0475131224291516 -0.0589102568350823
0.0128122589704602 8.62249379348324E-05 -0.0754792291868061 -0.00930330351289595
0.0124035796768987 -0.0068566483139797 -0.0600461874676889 0.0355453809479986
0.00498119879078889 -0.0147402406109807 -0.0304881551666934 0.0491580406951523
0.00244511945664365 -0.0178141939770512 -0.0115038788771452 0.0417917230599276
0.00627580428098739 -0.0198192297713314 -0.0030305320245795 0.0398639086273967
0.0172554446192938 -0.0161812661568119 -0.00185391035313108 0.0415126125153902
0.0234231828110921 -0.00766157121625505 -0.00520224342388475 0.046428424645972
0.0326292411469121 0.0116079971670476 -0.0284321732305298 0.0512272803912146
0.0230874398462419 0.0293766040861446 -0.0608791792964707 0.0431151206801305
-0.00646544032698347 0.043113615970587 -0.0665606918012377 0.0285314292180343
-0.0301718662996451 0.0479044225091058 -0.0588967821993146 0.0352478262179961
-0.0384690049571977 0.0543455107917349 -0.0411784952815271 -0.00171939854142767
-0.0120697058143551 0.0468411535176407 0.0251011254214964 -0.00788312963249032
0.0192733573973434 0.041654434336099 0.0143784177865236 -0.0743488405320848
0.0371068984103543 0.0226592397562419 -0.0435843190107962 -0.0735882936509136
0.0333305775723842 -0.00424132077312709 -0.0748886699677616 -0.0175728938960756
0.0256121065126044 -0.0183544789426188 -0.0595753940892791 0.0268765902510943
0.0128821370035986 -0.0318117337243896 -0.0278679769318486 0.0416033463333758
0.00646822105405828 -0.0347773695455379 -0.00794579574490047 0.0326062222683561
0.0102381117640679 -0.0358080359809103 0.0029063934354871 0.0299105688085178
0.0278574106613876 -0.0276773619885029 0.00762830673343521 0.0328440270283853
0.0389573519423087 -0.0132853765920969 0.00942791537448661 0.0424394351596214
0.0530671672444961 0.0188164542187625 -0.0117626557398052 0.0532832336750544
0.0323976964885668 0.0501203199806744 -0.0470067124499737 0.0486403039394167
-0.0149134525534799 0.0626245414287269 -0.0526101284718806 0.0325055840707856
-0.0520078610174198 0.0621232825727144 -0.0377255214379659 0.0301282143196348
-0.0604487389334304 0.0590176097496421 -0.016893738597842 -0.016970284775541
-0.0320644008995889 0.0666872053109812 0.0424336356682933 -0.0164775733708708
0.0186005818018308 0.0696494607727268 0.0312232793313923 -0.082543663254205
0.056677232689543 0.0411093453875329 -0.0317251382447832 -0.0863067376836141
0.0520294942837361 -0.00480413809881184 -0.0672513280074024 -0.028622128766311
0.0371758526437292 -0.0260338527694307 -0.0525272732010514 0.0136852787029064
0.0199620582288365 -0.0440737350294959 -0.0229118391224099 0.0287753694687586
0.00890787346154597 -0.046423813462453 -0.00328123866529283 0.0185723218110239
0.0116260842858763 -0.0469053155020906 0.00902668131004991 0.01467382185671
0.0320424994769744 -0.036546160321972 0.0176914454390597 0.018601571403615
0.047089909781841 -0.0199422458167643 0.0255740542023968 0.0334093844426966
0.06582325417395 0.0198624755366406 0.006267079610849 0.051219294201281
0.0406447010938002 0.0593435488458855 -0.0311462109069801 0.0513196372026916
-0.0169748020743518 0.0723921588474391 -0.0396918381565212 0.0312657597295721
-0.0646747013836076 0.0687186594192656 -0.0144014662930721 0.0199249280114244
-0.0726398901772991 0.0534841597876646 0.0134103299932558 -0.0296494737710171
-0.0505276008017113 0.0724754279514095 0.0623840605562821 -0.0232973338277838
0.00946180008655669 0.0875912124048826 0.0503812886979971 -0.0824963816666629
0.0632035105380649 0.0569711617190554 -0.0125912232341297 -0.091737197841367
0.0629164603361746 -0.00204720544133292 -0.0510138709916978 -0.0381626799772808
0.0436524497585432 -0.0286327759826497 -0.0400634972050489 -0.00161467284583782
0.0237238169929554 -0.0487307813296584 -0.015864796589471 0.0119340325343237
0.0103397394162243 -0.0517870127413536 0.00247881342754747 0.0026533073412713
0.0110098345389218 -0.0514411746498176 0.0145270056037705 -0.00239586897488885
0.0310766608870099 -0.0402548549434333 0.0264329867715599 0.00309642315489722
0.0473265177434007 -0.0233539453879627 0.038029405177765 0.0218699452663949
0.068164629500061 0.0185569991866433 0.021324603147716 0.045990329957227
0.0421141241231771 0.0604394541049057 -0.0177231738553673 0.050329833183879
-0.019307305901926 0.0727928986163855 -0.0292932464751946 0.0267033197724598
-0.0692301522775553 0.0646875006802989 0.00728023909713786 0.00723125224629527
-0.071294518159995 0.0383616880708097 0.0437053293252265 -0.0365805081070534
-0.059996040944346 0.0625791032522446 0.0813002843585988 -0.0263146567034186
-0.00338997279097054 0.0872320485883084 0.0663737670775041 -0.0727175877518652
0.0556485112502453 0.0630033773025527 0.00818799726282692 -0.0859302424326418
0.0619111179041025 0.00252164607803813 -0.0296528029921955 -0.0441268394154713
0.0425743045156425 -0.0259076378092445 -0.0234677030455547 -0.0167674946553703
0.0238620956488422 -0.0458350464438691 -0.00719134632111073 -0.00570758275956013
0.0101248648211124 -0.0488173725399959 0.00684064578888318 -0.0134274466535584
0.00957509638420586 -0.0480983527689946 0.0193763023365614 -0.0190693852981691
0.0269733168011205 -0.0381190942328883 0.0328507650684842 -0.0120595877212436
0.0432198376133077 -0.0222224430963227 0.0480676775171736 0.0108363215590658
0.0623264627925591 0.0175146820948278 0.0323187385261219 0.039717772509086
0.0359374947009801 0.0573721525544914 -0.00669914057572463 0.0472756654849734
-0.0230481276175189 0.0635884554512985 -0.0212685273385728 0.0202836233085657
-0.0671273049045242 0.0501520802710612 0.0258258687671445 -0.00474977126075932
-0.0556931947034102 0.0176445563357543 0.0682393624746363 -0.0383730644113553
-0.0554845202697019 0.0402992279913212 0.0922821457659227 -0.0261537927642859
-0.0121221631995896 0.0678540077305312 0.0746016581031541 -0.058151594859173
0.0390516993627823 0.0536125603694922 0.0251014669641435 -0.0741383229876059
0.048168793621212 0.0045214113768869 -0.00877786603231269 -0.0451956189126577
0.0325729707999439 -0.019385779843432 -0.00748285109967287 -0.0283302234483484
0.0190261686986097 -0.0352613024973097 0.00027808819296802 -0.0212533581379202
0.007913370029541 -0.0391208847408575 0.0107265444613263 -0.0273232239610349
0.00677146615801762 -0.0383192455977067 0.0231571856004873 -0.032206125860816
0.0209316985314255 -0.0317392784668662 0.038842956859946 -0.0239598767233518
0.0351794175028442 -0.0182943342919601 0.0556403746383185 0.00290285031060602
0.050605105616898 0.0163703114624872 0.039333159855872 0.0356066772128489
0.0251749233134494 0.0489740710130597 0.00108012175600471 0.0451301102895641
-0.0262186684496566 0.048416095899785 -0.0146857144881245 0.0146962324579153
-0.0580697826707048 0.0291925593299822 0.0419164156850305 -0.0131110962851536
-0.0295388999289345 -0.00559390427906434 0.0799681530467153 -0.035246579208294
-0.0369402747429429 0.0125097724331004 0.0945214161669718 -0.025183564239723
-0.0129928286667074 0.034443533720459 0.0747992444879187 -0.0449364376065293
0.0184926225966652 0.0312779502604137 0.0341392079785469 -0.061841210600398
0.0255682849297914 0.00292134965221175 0.00551138806462165 -0.04577817255641
0.0162221994587513 -0.0104895644526087 0.00303474101658618 -0.0364605316524094
0.00978443445915616 -0.0194203501785254 0.00535901319809238 -0.0330270052518092
0.0044522239801539 -0.0229537492547746 0.0129291285789622 -0.0363013710341321
0.00370148776602205 -0.0237527926819876 0.0260795146727091 -0.0420739305910363
0.012170405553467 -0.0218336947507174 0.0444001698592608 -0.0310217100168124
0.0232716594176725 -0.0133335227614357 0.0621608688342284 -0.000468634731659508
0.0339271338764612 0.0129497797998014 0.0443560473751844 0.0358084426908364
0.0124875504008596 0.0353390402802 0.00544359195857687 0.0453363689612354
-0.0257218978446614 0.0283478985372694 -0.0104460338448023 0.0114242760685577
-0.0418507070104951 0.00501409177591163 0.0531041436331779 -0.0173450040933275
0.0110030376788466 0.0173359543767458 -0.0576171553730615 0.0262943001564839
0.0124030203841476 -0.0074963593256987 0.0100963147751321 0.00779161337878097
0.00136105199017859 -0.0147117988788597 0.000605261412671366 -0.0512722802339218
-0.011212102474104 -0.00454315053327054 -0.0440090225678795 -0.0462468520390076
-0.00567640221804833 0.00486936236323165 -0.0688653411574161 -0.00493805801302685
7.34902137323424E-05 0.00488793473605874 -0.0556210247770404 0.0362300122377228
-0.00188584591515389 0.00381588883244173 -0.0293901549659926 0.0482800304806503
-0.00183068907456641 0.00165034444824473 -0.0136953743411627 0.0436444024912805
-0.0011213868624656 -0.00166566394668132 -0.00738446399373932 0.0417170697478756
0.000793421263159042 -0.00429380392600332 -0.00743043358038682 0.0436418175201602
0.00122396024600274 -0.00599508158805756 -0.0135005264959854 0.0457609479306327
0.009585434251985 -0.00688265805929078 -0.0384878592975965 0.0478831360269467
0.0174830849703587 -0.000324834803721654 -0.068832338003345 0.0371402606108407
0.0116910838471189 0.017666643123651 -0.0769843580085434 0.019906307473628
0.000668517926702918 0.0273188844979997 -0.0721154508416078 0.0328513005666319
-0.0131058961185985 0.0378932565764601 -0.0534958023773795 0.0134391098004332
0.00300782459439886 0.0199194171819356 0.0136198763572616 0.000958116805768606
0.0121120045570811 0.0114331333993973 0.00404311046117274 -0.0612108194154147
0.0124879645589411 0.00699526333593524 -0.0460277723482908 -0.057202440318905
0.0125676240757945 -0.000378632116019869 -0.0724366198020511 -0.00953945813528706
0.0122922030893846 -0.00731709654531635 -0.0579393032734283 0.0337670656518321
0.00503329417414066 -0.0150464362471657 -0.0289442985542842 0.0471420104496319
0.00254175946193694 -0.0174493177632649 -0.0112764167523917 0.0404087056280024
0.00587056215415895 -0.0196581623912582 -0.00297230608358748 0.0382171600645079
0.0166964405707066 -0.0159612300904765 -0.00151079372298688 0.0402378555998504
0.0228047696789093 -0.00751815158656855 -0.00476639600157864 0.0447468494460192
0.0320660574424487 0.0113867548429335 -0.0275181030053717 0.0496301893472576
0.021639074126201 0.0290284949357216 -0.0587169834630235 0.0413986949589495
-0.00648940207337398 0.0418998725182852 -0.06520241627935 0.0268220827587679
-0.02937765755963 0.0457694238911066 -0.0582568448779035 0.0332135272190336
-0.0380973122911662 0.0524108903450493 -0.0393081279370293 -0.00187957264453044
-0.0124656926714952 0.0458736781403484 0.0247549278132141 -0.00725074919195667
0.0181219804951327 0.0411957446472896 0.0145230926324291 -0.0724567265515979
0.036501321332175 0.0220266039152787 -0.0422745686444498 -0.0714613246075996
0.0327069349682307 -0.00385465229052031 -0.0723602715598007 -0.0181901711257197
0.0251949840687109 -0.0177765379256386 -0.0570810195477916 0.0254696812586103
0.0128379679668354 -0.0310755145926851 -0.0266804151864826 0.0394157096048685
0.00588366360688726 -0.0337058247847458 -0.00770386220933389 0.031638573349226
0.0102041369817686 -0.0351331992713689 0.00297110659697385 0.0281606450879671
0.0272888571943851 -0.0269393258823446 0.00778523752641322 0.0311450288303037
0.0385136549518602 -0.0127778290526963 0.0093299724702589 0.0400211089591307
0.0519390800939629 0.0186311239680179 -0.0114504120474807 0.0516934811231204
0.0308009642402362 0.0484720781222406 -0.0454238273801187 0.0470282424308372
-0.0154682001440675 0.060657737862094 -0.0514954263294686 0.0309681703909522
-0.0511044374095813 0.0598180637253315 -0.0374610552250397 0.0289035692173261
-0.0594161560133255 0.0569116718035618 -0.0158318158097712 -0.0165390928680325
-0.0321487942609462 0.0648178039792601 0.041626093838382 -0.0157929407992932
0.0180063692527044 0.0684305555872629 0.0301684405927121 -0.0801223501839975
0.0548227376200932 0.0398102584821302 -0.0307705402522321 -0.0835290278736846
0.0510099341482978 -0.00461864456758004 -0.0647441108141756 -0.0282772646884063
0.0364144001379999 -0.0251862464980618 -0.051052513822001 0.0131537704093444
0.0190281389163108 -0.0424459281089331 -0.0216666648003208 0.0269690403019845
0.00843557861351708 -0.044990241420972 -0.00318565858407946 0.0176694319731634
0.0110967126233468 -0.0458067794504142 0.00892163822996911 0.0136923720500151
0.0306218336666612 -0.0353635360793384 0.0173884002322353 0.0177629527702062
0.0458427885003314 -0.0192505020552735 0.0246440194648448 0.0316952421781498
0.0639323792010966 0.0189462698940142 0.00611267275565861 0.0498619466476283
0.0391257434897483 0.0580219339703874 -0.0302347564761889 0.0502959929303807
-0.017433248994152 0.0704682786747545 -0.0391161842994953 0.0300874905357492
-0.0633129733705324 0.0661830492807461 -0.0149108960557418 0.0189542514832917
-0.0709853122081118 0.0512935945339306 0.0136630434770642 -0.0281165700700815
-0.0499634868867517 0.0704620553477382 0.0611864429016502 -0.0214943322671728
0.00885288708021982 0.0851994960836493 0.048830347404794 -0.079446820901681
0.0613462890818559 0.0552975446196547 -0.0123162238168897 -0.0885602952130729
0.0613889678343857 -0.00107545067895522 -0.0488058469667333 -0.0379281060529335
0.0426398705374697 -0.0277452773175456 -0.0387605302204214 -0.00211026499363629
0.0232482666396384 -0.0470043518052056 -0.0148176458120894 0.0108591692766814
0.00935209076104207 -0.0499683515539022 0.00214443375049779 0.00218211414628285
0.0103792344571488 -0.0494827419391728 0.0139183154836753 -0.00286639187296125
0.0298988407287797 -0.03881238360877 0.0256810716314377 0.0024188732778097
0.0464078987838814 -0.0221209463094011 0.0371318507245498 0.0203579482592662
0.0664613579576816 0.0174801513595958 0.0210756697183577 0.0445418844183725
0.0405417936492233 0.0590474336707474 -0.016950529766831 0.0495169717343161
-0.0197261337303785 0.0699589532588371 -0.0288390990997907 0.0259714002025434
-0.0673030246752052 0.062060721605583 0.00651707995812387 0.0069247203555419
-0.0697534629780986 0.0370371388090852 0.0435226277641359 -0.0347145959770029
-0.058440758632189 0.0607072463829748 0.0787449000805688 -0.0245416478454273
-0.00357289022016399 0.0846204454889436 0.0644705601864896 -0.0704577286820937
0.054332780993758 0.0610084459151409 0.00810023440772259 -0.0833786849230548
0.0601296927068042 0.00264854838088619 -0.0282681412031259 -0.0428496568940095
0.0410982387720161 -0.0249162131289823 -0.0229576981646241 -0.0165761675193129
0.0227762215273568 -0.0440521089345365 -0.00644847282076673 -0.00611192955807171
0.00924860834418536 -0.0469749013848687 0.00688913638167422 -0.0131147300053041
0.00900443603246082 -0.0463048071836637 0.0182455374403942 -0.018491028321184
0.025956732424226 -0.0369076741349135 0.0323999624426565 -0.0117113927171899
0.042090794563737 -0.0211773057677922 0.0467111225527067 0.00997301575956643
0.060473507419381 0.0162838553490903 0.0312637079300874 0.0386307733258501
0.0344317388509194 0.0555112632126972 -0.00638423606398915 0.0464454925019482
-0.02288378250203 0.0614278202689293 -0.0208297932047275 0.0195847392652944
-0.0648637326537468 0.0485690727793949 0.0250484216530685 -0.00434517396299854
-0.0546132535696799 0.0173957462862971 0.0670585359372512 -0.0360704823768905
-0.0536549455374351 0.0389539621278823 0.0899376965612048 -0.0241608909627573
-0.0122339596553359 0.0651861892907506 0.0724265923166687 -0.0559819098541349
0.0375391895358893 0.0520227477572629 0.0243050945090606 -0.0708975463627604
0.0462292318028515 0.00465861599780966 -0.00783874258978783 -0.0438283108312687
0.0316862387536527 -0.0185199879237185 -0.00697244684285311 -0.0273813741954054
0.017559924975587 -0.0340521442549535 0.00104144311553792 -0.0210451057356227
0.00735924083794975 -0.0377845647157869 0.0107647774291822 -0.0259067121717051
0.00648302018230022 -0.0372194649364544 0.0220421820358166 -0.0315206165056835
0.0200452542343337 -0.0303189685331591 0.0380619279972483 -0.0230015805435742
0.0338472567387682 -0.0174361588279315 0.0543156798560438 0.00247036376498052
0.0487739345410996 0.0156088446629712 0.0385532871624589 0.0346080339291656
0.0238665988501134 0.0472457202608639 0.00124752113631835 0.0439983297749731
-0.0259355264377522 0.0461316892820178 -0.0145892668664999 0.0151616622943588
-0.0562056286282851 0.0282117889483125 0.0403089725073997 -0.012444412402344
-0.0285486520230544 -0.00527183531809281 0.0787614850877909 -0.0331943612376567
-0.0358414775613027 0.0122564122195647 0.0920670341466157 -0.02350242007667
-0.0126110104252195 0.0330884221366476 0.0726870379751636 -0.0430084004529357
0.0176937960145797 0.0297593501856578 0.033227651307412 -0.0586703008401938
0.0241235760734802 0.00260799492720186 0.00560895147135489 -0.0440336744107258
0.0156246445785923 -0.00976923619468164 0.00302046394609744 -0.0353929798428388
0.00929103377230936 -0.0183796251143671 0.00555667171426275 -0.0315604235488193
0.00381851971176217 -0.0220653061023834 0.0129581749925574 -0.0346789521118375
0.00392759680494206 -0.0226543141856128 0.0248131074540583 -0.0405418196803508
0.0121034006079012 -0.0211345829708745 0.043025419302592 -0.0296419106602678
0.0225004697372679 -0.0121318492962043 0.0603270301741404 -0.000765600778313193
0.0324431093887797 0.0119671820957649 0.0427990422464468 0.0346682759725004
0.011890460309203 0.0335414817043366 0.00520466471218473 0.0446706400752226
-0.0246262823099678 0.0266327741376165 -0.0107391641223838 0.011378066139913
-0.0397146816161219 0.0047680217074261 0.0511787907976714 -0.0162583452705363
0.0125644165126833 0.0149259791635207 -0.0545508955790591 0.0382021100807483
0.010968839778163 -0.00885859965116789 0.0121744824779449 0.00594613539748212
-0.00140588205841039 -0.0142428060619477 -0.00778073802131533 -0.0517410618422821
-0.0116472750720125 -0.00242046125699758 -0.0524356993724702 -0.039543013916135
-0.00519022139022529 0.00582652953345314 -0.0700990730881485 0.0073071599922403
0.00119135883536353 0.00481678335092088 -0.0486804261244892 0.0450921088558173
-0.0012501679588965 0.00393977638635386 -0.0211670586491554 0.0522017801906434
-0.00155812136313958 0.00180734868586806 -0.00621649766673069 0.0451593585840359
-0.00118806095822251 -0.00131161539460408 0.000133501029122695 0.0424541637676877
-0.00011072302691865 -0.00394289320299829 0.000785418395708266 0.0448549919372179
0.000224770579794215 -0.00524104425190262 -0.00541232472556035 0.0482478384482955
0.00732043097594864 -0.00807342827545371 -0.0300392039666847 0.055837377415216
0.0150899122487661 -0.0032515522903891 -0.061881625216616 0.0509840138781584
0.0131910197390851 0.0146933040725736 -0.0752266114431646 0.0337766541675784
0.00383860961957139 0.0264403721549455 -0.0687853953714101 0.0440060739490589
-0.00670866011312308 0.0379626154730082 -0.0545751260573986 0.0242660649936472
0.00607786096505925 0.0188087627821483 0.0133802247133539 -0.000909059998539751
0.0131618603026202 0.00894569092668657 -0.00678781284281407 -0.0606595426609969
0.0130478238221424 0.00383842144598323 -0.0558224353547296 -0.0487871538855827
0.0115308407160939 -0.0020537857850097 -0.0731200014359789 0.00361323105393991
0.0109745265411781 -0.00868714637205306 -0.0506613649893302 0.0434344460662916
0.00207484699103669 -0.0145737699570051 -0.0197173359866535 0.0504711341892325
-0.000709181347506373 -0.0164540227438277 -0.00437420175598395 0.0412743045701056
0.00263156033997761 -0.0197380807888026 0.00382677440606048 0.0382426057222222
0.0135743633469955 -0.0177894610473871 0.00594594125749257 0.0407775483405131
0.0207317617912765 -0.00999901787668445 0.00321673352490436 0.0457152430441594
0.0317124852086145 0.00551501123338289 -0.0193563040202757 0.055827893307376
0.0241335045389073 0.0243119060491227 -0.0521719697159026 0.053434039893755
-0.000699395695105117 0.0418680016131959 -0.0617858486344511 0.0367494370228245
-0.0222446532887169 0.0501263197906232 -0.0536340467618593 0.0402701393041444
-0.0281422438982265 0.0552619449135935 -0.0440401042669904 0.00528427224416401
-0.00425063399529592 0.0458225051242138 0.0213694935958349 -0.0109644847728943
0.0245280352453855 0.0353711878714929 -0.000233985669543799 -0.0717737438237512
0.0383203148238593 0.0136371689707921 -0.0551104386368264 -0.0610295325596212
0.0301163677082741 -0.00899462442127231 -0.0730442674535774 -0.0043969761522927
0.0216460629699545 -0.0212519642444428 -0.0506214313516853 0.0352322480995264
0.00622051166259571 -0.0312660679816074 -0.0172235146885705 0.0426974689728625
9.03770209326482E-05 -0.0330257813513683 -0.00201811861310578 0.0317027599558079
0.00417419622645827 -0.0352557890390169 0.00759961862333851 0.0278435020048074
0.0216659135503992 -0.030225922751919 0.0136920916734227 0.0305385075415552
0.034288037435038 -0.0177366547865193 0.0171231258643213 0.03875107355614
0.0522472126326271 0.00987867690665668 -0.00308181991815115 0.0549083461305922
0.0364671336201032 0.0414681396140197 -0.0389267799446377 0.0569668522070517
-0.00515745291649677 0.0619203097358608 -0.0475577028871965 0.037133874067511
-0.0406787724646877 0.0673044243472129 -0.0331615105703638 0.0305796968686487
-0.0473573219245788 0.0629475869467625 -0.0233623187857746 -0.0138881223401877
-0.0198834330059556 0.0669811011692509 0.0359474124849786 -0.0218755926388917
0.0286170983907784 0.0608856095118989 0.0129096982578826 -0.080806133892983
0.0586398152045967 0.026811470950372 -0.0460574616872269 -0.0730588856438369
0.0471852220695095 -0.0125289506602629 -0.066357540217229 -0.0152712942080898
0.0310129600174623 -0.0299043092303756 -0.0458139232807325 0.0221865851780896
0.0103087864039662 -0.0435635495681982 -0.013206991072676 0.0296255682412189
0.000646817912591036 -0.0445757515781758 -0.000115078694194116 0.0180272687060158
0.00354336304491509 -0.0456858149574329 0.011003873791498 0.0123532568215088
0.0241909782346339 -0.0390535022620266 0.0209190904156152 0.015463756790424
0.0406374037195139 -0.0246282244436897 0.030939062148902 0.0278044472288611
0.064058151946513 0.00795739606135029 0.0143949207708318 0.0501242629954554
0.0460013174244422 0.0486812520967352 -0.0235971829555982 0.0577461352404517
-0.00599497400118461 0.0719339539291644 -0.0350223125911794 0.0342453873504011
-0.0509199432616348 0.0756993503029316 -0.0115925213351525 0.0165687968645555
-0.0590953762591455 0.0599585713364464 0.00418388807969747 -0.0318540351655851
-0.0358214034585575 0.0751980839794104 0.0541607296231372 -0.0320645319863769
0.0235065546785626 0.0787693424657986 0.0300168452198927 -0.0831054447700827
0.0679469269597459 0.0397198622113778 -0.0292201807212514 -0.0795645585226848
0.0576766394395004 -0.0115211024432787 -0.0518054037662621 -0.0265676294297727
0.0363023579945954 -0.0334016114143857 -0.0360750102698727 0.0056018977747358
0.0130981143836037 -0.0489672867417757 -0.00848980614194356 0.0127155241463529
0.000907874476785078 -0.0491919626463935 0.00259747754154235 0.00191122959717373
0.0021002177345312 -0.0488566424260146 0.0135999458395443 -0.00491354774487346
0.0227184260839114 -0.042041804619733 0.0266528467191503 -0.00134325767908189
0.040725459787746 -0.0278504170352978 0.0412433289424575 0.0139194995521387
0.0663706864913641 0.00571863694232349 0.0285275242728877 0.0417903963868384
0.0478515252861497 0.0494246581979254 -0.0104126060797685 0.0545571593756025
-0.00760861020369932 0.0716768397851312 -0.0252883386452018 0.0277978561970085
-0.0548960055918667 0.0722713160848961 0.00841419409130394 0.000879242348229707
-0.0593437704441278 0.0462686921197733 0.0343101096491857 -0.0446326838506011
-0.0456948349243396 0.0676323530841933 0.0718925243984598 -0.038782926693113
0.011418226520249 0.0799674934014198 0.0461342937831464 -0.0773467678481427
0.0620467739333646 0.0463751369025569 -0.00838484175873372 -0.0778041754630036
0.056890360554279 -0.00752650142586592 -0.0324850794318227 -0.0343439126223012
0.0352787056136967 -0.0305044393015085 -0.0225140225187584 -0.0113364351054031
0.0132250487138763 -0.0457798475888779 -0.00361145186724644 -0.0050109131718416
0.000925235461543119 -0.0466331079217319 0.0050721263026712 -0.0140372452300422
0.00115154518448234 -0.0457833998307937 0.0149108406978908 -0.0207204286527704
0.0192624381604189 -0.0397328509546215 0.0300872280199044 -0.0165505304843907
0.0366503694704813 -0.0260729624757891 0.0489645256717669 0.00148360619772594
0.0603851926920785 0.00608943926487284 0.0381270742456972 0.0339506636224509
0.041543575062143 0.0472581922766797 -0.000318990184340688 0.0492366900053061
-0.0120660948966732 0.0635066924583951 -0.0182797285726049 0.0209531717968049
-0.0541426620904041 0.0586824030604306 0.02587577949115 -0.0129447718849055
-0.0480444981569035 0.0251930412185939 0.0598530887546955 -0.0503528468105683
-0.0441594529858398 0.0465321996119393 0.0844635874483607 -0.0406644300730704
0.000318589421082054 0.0633522942872662 0.0583951788774498 -0.0657233641622479
0.0449317199471625 0.0406904577279189 0.00949778972768647 -0.0696911348168329
0.0443753560010797 -0.00370086882478937 -0.0134231379644446 -0.0396774129094584
0.0271551042903355 -0.0228004004622241 -0.0097938726296633 -0.0252815470450326
0.0103107493823448 -0.0355734695891972 0.000693991232605823 -0.0204847997228336
0.000806561686187849 -0.0369948100556903 0.00636301374669383 -0.0276023656690671
0.000532744835647432 -0.0362884374532975 0.0166292671585602 -0.0351242507666015
0.0145553942165056 -0.0325850682134383 0.0342738160007965 -0.0287269037357462
0.0298351755575331 -0.0212370797647206 0.0551792212720722 -0.00694307997984566
0.0491063941395801 0.00728633250564974 0.0440688299719117 0.0286350838284313
0.0302044422660335 0.041001545583304 0.007082627824653 0.0450583743926386
-0.0171096450653893 0.0495801396306474 -0.0121767876470041 0.0152346687040158
-0.0487604968932069 0.0374339540042942 0.0396995761369704 -0.0221867017980548
-0.0273263896814875 -4.55242349752822E-05 0.0744150018542144 -0.0488833996364404
-0.0312429384337074 0.0173195872340107 0.0876622226503743 -0.0403999467617306
-0.00634890173407508 0.0328336644255692 0.0624625824228022 -0.0542410515543993
0.0216406555452542 0.0237589007501827 0.021636278145095 -0.0614690320538477
0.0228363663648782 -0.00162294133579463 -0.00097236100960961 -0.0426502292336996
0.013279611242993 -0.0115333563560488 -0.00153537447355017 -0.0352993032432894
0.00520740086717414 -0.0190291575022871 0.00218993023354926 -0.0320986542656398
-0.000168253856850329 -0.0217230431449505 0.00710822314115463 -0.0364686159809362
-5.63285706327303E-05 -0.02215411814677 0.0176341986397297 -0.0441860828937681
0.00819989498532566 -0.0217552705373292 0.0382796951364481 -0.0365339106113556
0.019702696923375 -0.0150040065669132 0.0605586630338693 -0.0111247192135953
0.033132943394494 0.00699331245530888 0.0488159046013007 0.0273270728158915
0.0160267348415905 0.0299545676658098 0.0123696459421683 0.044294963852096
-0.0196292837271046 0.029658569278015 -0.00841156810422378 0.0122214107633143
-0.0366679587824362 0.0117482884833411 0.0501313316116822 -0.0262652638882552
0.0128306934839321 0.0152655934338356 -0.0556129737891033 0.0382676268707561
0.0108081624800935 -0.00833642291529537 0.0123997428627999 0.00589918164077878
-0.00120952212911936 -0.0141506078310787 -0.0082917034690081 -0.0526856091217168
-0.0114427498317143 -0.00182715963100013 -0.0532782766725387 -0.0403750620713671
-0.00502946329451992 0.00556485078755589 -0.0715183080686164 0.00682891700519956
0.00151537893182866 0.00410908448901586 -0.0495243123708835 0.0455654841649533
-0.00069023859611574 0.00350247822828765 -0.0214044801299701 0.0528235416341433
-0.00142704168135645 0.00159796931538565 -0.00621825367395366 0.0462661009402938
-0.00120291842343957 -0.00165775102267837 -2.24018199897831E-05 0.0429401886861946
5.21615305318769E-05 -0.00411032368449799 0.000826977285563839 0.0455635547514516
0.00049312881760872 -0.00507420141815186 -0.00579165014072431 0.0484232210864819
0.00765767688602806 -0.00784361051350675 -0.0306546019156119 0.0566238327807898
0.0150196856016627 -0.00260365364041675 -0.062769393715634 0.0513134609540618
0.0131618591340965 0.0153385773465918 -0.0776726807198682 0.0336244803502803
0.0036452631111959 0.0268255485693654 -0.0715581800194544 0.0442432339028462
-0.00713605371329127 0.038795089760928 -0.0551882142893239 0.024073977649243
0.00581729533764167 0.0193088609832198 0.0141299440965993 -0.000301081872977459
0.0136920209769779 0.009303371892461 -0.0076767219094723 -0.0616906660758707
0.013096611254612 0.00438793932349421 -0.0572236850311326 -0.0494011015164917
0.0122035502428129 -0.00256716840438897 -0.0749845893610545 0.00339532381978465
0.0115093271972885 -0.00930062747210572 -0.0515502681610358 0.0436697934014265
0.00219517511068997 -0.0151319858153188 -0.020172451187608 0.0506683074781859
-0.00118619631183838 -0.0172012720283359 -0.00445174066278675 0.0419877351835301
0.00239375854463981 -0.020845675824256 0.00337100230224461 0.0387995395097106
0.014191231158679 -0.0183944570055673 0.00590058273155048 0.0409280657029113
0.021583165587306 -0.0101754519596429 0.00314428049043126 0.0463958692220415
0.0325915668716665 0.00552240816715221 -0.0203545139136587 0.0570956350407023
0.0240566190903676 0.0254874050594925 -0.0531811923133183 0.054407675209626
-0.0011423155866207 0.0428218457010513 -0.0637541394342696 0.0372471031181312
-0.0230097519791404 0.0505156059529192 -0.0561309822440558 0.0405681794548344
-0.0289575979058295 0.056499405967278 -0.0449223621787355 0.00517325276225958
-0.00498774737921008 0.0467097372238311 0.0221497425004017 -0.0106094093526468
0.0250739609763256 0.0362635840549379 -0.000766389641688599 -0.0728639793216605
0.0392696490329625 0.0139411713741094 -0.056106147420949 -0.0619394490760719
0.0310547700493263 -0.00933465609898228 -0.0747162455073383 -0.00484471919979114
0.022043786346362 -0.0219487832336887 -0.0516660552878901 0.0355846690074716
0.00672427817032429 -0.0321085344000707 -0.0178735857492085 0.0430659864140862
-0.000326364654082457 -0.0336853211886882 -0.00249027271055788 0.0321984708441496
0.00375278144061704 -0.0360402082037946 0.00768914461643431 0.0278386624469626
0.0221436483913681 -0.0312485668307295 0.0138935073445296 0.0305899586729804
0.0351138148829742 -0.0183524904702737 0.0171164517220659 0.0395578940005939
0.0537899157596224 0.00985675023442775 -0.00263041817029669 0.0563094692557658
0.0367808848596733 0.0431344550312242 -0.0391973927561462 0.057826015950756
-0.00607697729870364 0.0631502737805641 -0.0491205205111697 0.0380885511553009
-0.0417323689961024 0.0681885974912948 -0.0344520421822511 0.0310639522664194
-0.04861989112907 0.06411845362684 -0.023775696242705 -0.0144542131332676
-0.0207599111699204 0.0684697273949663 0.0369061503056031 -0.0224359521917577
0.0290882430283287 0.0626411344220335 0.0125872914428753 -0.0819702733208235
0.0600926641147194 0.0273272134422684 -0.0472739748270928 -0.0738989273970327
0.0483507609573174 -0.0129120799484794 -0.0676367628985048 -0.0156024350279687
0.0316148793574221 -0.0307203493269236 -0.0463611950225025 0.0224969753018151
0.0105032029857239 -0.044540896925157 -0.0138413925878341 0.0294922049727692
0.000197230447988901 -0.0452050754042434 -0.000230848917593197 0.0175869002551269
0.00341082084585026 -0.0465076893009998 0.0112412867880776 0.0122225630432325
0.0246253404757294 -0.0398607826681599 0.0218585281806519 0.015519268781696
0.0419257166268386 -0.0252753381458415 0.0311869584664166 0.0274992837398016
0.0655752879055019 0.00738130223069759 0.0145510294441367 0.0511994576609719
0.0467574298113774 0.0501741580349006 -0.0239780913993069 0.0587269519167115
-0.00652390150199737 0.0731384244831667 -0.0361851099023237 0.0347605357669336
-0.0517997506499909 0.0768338650346031 -0.012478593606777 0.0166632313428779
-0.0605554312239596 0.0605823020020805 0.00470907493209553 -0.0320969753737875
-0.0370553926038818 0.077073426587557 0.0553011730726196 -0.0322378077311383
0.0236119260142585 0.0801192664503195 0.0306357594279777 -0.0840928796535308
0.0693529740578191 0.0404921222737456 -0.0298352328335301 -0.0804175391698918
0.0589733087807691 -0.0113793563543144 -0.0527252477880764 -0.0273751316260095
0.0371395793823296 -0.0339911581281556 -0.0364354762554593 0.00567934347108629
0.0130349139297412 -0.0494704410418083 -0.00867568674714051 0.012185230801364
0.00033801288010429 -0.0498868347494569 0.00266563097739055 0.00163146144581685
0.0019429151587949 -0.0503054170359643 0.0133492352312808 -0.00492091841169027
0.0233143066683668 -0.0428877687274541 0.0267988377764841 -0.00141804892874302
0.0418885281538188 -0.0281064162915186 0.0421617137760091 0.0138411907312116
0.0678490190514073 0.00569348403520164 0.0288831470189698 0.042681804874325
0.0486312276183476 0.0508569936306307 -0.00975116630869255 0.0555660543890844
-0.0080895862073163 0.0726908443838351 -0.0262574803879972 0.0286224368378265
-0.0561447734908417 0.0734601437434579 0.008093138597078 0.00117356804811378
-0.0607341584371375 0.0470624148577019 0.0363840210998631 -0.0450573832490587
-0.0469819480765861 0.0688598720120126 0.0734001968995593 -0.0384674127777186
0.0117406960716297 0.0814808747808424 0.0470275549033833 -0.0781084599094967
0.0630771950804956 0.0469485615128886 -0.00888733431136283 -0.0783158230552487
0.0578866046275082 -0.00747184180047586 -0.0327208360939298 -0.03522218598305
0.0360431768821782 -0.031152171268658 -0.0231914543692768 -0.0113049962238766
0.0131993795206375 -0.0465303921975876 -0.00336211050490888 -0.00554517678368439
0.000524148517204769 -0.0471796780861331 0.00464865330212904 -0.0146887091907385
0.00106785467546275 -0.0468217530395976 0.0151473917876819 -0.0215075427739441
0.0196385306924128 -0.0402887263070135 0.0310388098581293 -0.0169920180109244
0.0377390290858214 -0.0265563908993097 0.0498666647652891 0.00126383064136658
0.0614348878402503 0.00628781273274942 0.0388140170946803 0.0342220307918044
0.0421159372874774 0.0480750664310374 0.000185117009505702 0.0506618435124013
-0.0126254939142136 0.0643529986353427 -0.0186013729018329 0.0217131277669495
-0.0550510194469011 0.0595042245535174 0.0261731716379265 -0.0128147499947206
-0.0487956932678474 0.0259357733511652 0.0622510132831511 -0.0502590290310955
-0.0450390129707735 0.0477725242513724 0.0856070301729798 -0.0407109015207781
0.000543771656346035 0.0642817307012368 0.0594997301930068 -0.0662810663403023
0.0457636015791768 0.041380893913249 0.0100158885427999 -0.0704269293075052
0.0449682742841406 -0.00336814558498827 -0.0136310448865801 -0.0399210458577736
0.0273238324733254 -0.0227793417069278 -0.00980986289006632 -0.025545164541594
0.0104099915023462 -0.0358801047472313 0.000779309754580716 -0.0214699291213569
4.91126674174787E-05 -0.0372736932324921 0.00692792362898635 -0.0285002605862498
0.000328532501186209 -0.0369022468376036 0.0167776046111562 -0.0351087677513499
0.0145039694258603 -0.0327418308776029 0.0345141849635178 -0.0290747974810104
0.0300979914620402 -0.0215221260990404 0.0558417446375758 -0.00743637145837695
0.0495816644085818 0.00718364978286163 0.0451822486236477 0.0290465935194702
0.0302217620382114 0.0416239436617704 0.00772506932036328 0.046201535153961
-0.0175823378656427 0.0500630993025827 -0.0127094245458849 0.0160735441948582
-0.0496288143038558 0.0378538645089579 0.0407916228590971 -0.0220189329919594
-0.0272151664898669 0.000365835058146024 0.0772901451420576 -0.0491857195370654
-0.0317220140943128 0.0180655453899281 0.0897281480871245 -0.0405205642109053
-0.00616771883683428 0.0335679823100904 0.0642014926502918 -0.0548793206805144
0.0220492932101913 0.0241818486875388 0.0221836117993603 -0.0617812740038482
0.0228594240768552 -0.00150992350959357 -0.000687968841039257 -0.043526038467132
0.0133212120069271 -0.0115316076231008 -0.00160561700009408 -0.0354001573513026
0.0051515379735789 -0.0189178894216477 0.0026799587237705 -0.0326408098059587
-0.000253700125869958 -0.0216984488496879 0.00742418285098253 -0.0373048750784236
6.26781282163709E-05 -0.0225803940413525 0.018049119937604 -0.0445559252205446
0.00843736104783925 -0.0220284986411038 0.0388640119407407 -0.0370881406286429
0.02000147910195 -0.0148388014542783 0.0618672143264918 -0.0115748875137013
0.0332034172624491 0.00670545067454035 0.0500351969629626 0.0286196282230059
0.0158863340142349 0.0303141457593475 0.0124707954603319 0.0453424407538043
-0.0197752248781892 0.0303169448974315 -0.0089454620967848 0.0123112210645743
-0.0367128026861753 0.0118178931940171 0.0509190240057613 -0.0264589594243638
0.0139283124709828 0.0151940639889269 -0.0561043485064716 0.0406240574690547
0.0111544484691806 -0.00851370025553373 0.0124907501167584 0.00588724650302822
-0.00124405908353165 -0.0145619224713517 -0.0103107216745782 -0.0531090543996783
-0.011590762251414 -0.00191435285954536 -0.0560362145765352 -0.0397467050937222
-0.00484633565703316 0.00582208624571304 -0.072828343908199 0.00903588305198735
0.00147866623346618 0.00375308088969849 -0.0492908691925458 0.0480959642179475
-0.000744490128832684 0.00309747500099263 -0.0196824482116852 0.0544543520942502
-0.00156822456466865 0.00183043040600112 -0.00494063613989945 0.0476101677623587
-0.00128128989183351 -0.00241014855641776 0.00124359745503899 0.0444254541200918
-0.000142400785483811 -0.00484742328073786 0.0022496596252474 0.0465837604919647
0.000965191112233304 -0.00532785061506559 -0.00469796199414475 0.0500805507938184
0.00750369094419758 -0.00810911460368783 -0.0293353641050499 0.0592733261803171
0.0146769166802452 -0.00257183129143577 -0.0622492869625876 0.0541494851514233
0.0135720057068928 0.0157131291508446 -0.0790501809350269 0.0358422810337705
0.00434977932781895 0.0271774259527507 -0.0730984799157089 0.0473514513401276
-0.00632085115269515 0.039794324536899 -0.0561550292963108 0.0261123517873167
0.00626029378515657 0.020096997603045 0.014326535360936 -0.00108982500268552
0.0145707846268459 0.00895320770017964 -0.0101859459465189 -0.0621952052804566
0.0144701521847423 0.00355583459270715 -0.0602166401009215 -0.0484840618530148
0.0126673009420309 -0.00319243843286426 -0.0763991855136082 0.00539462723488312
0.0109785796126453 -0.0106132192165731 -0.0513833935738498 0.0462540283963496
0.0017355500171804 -0.0159688728598071 -0.0190364422342502 0.0523002891891267
-0.0016925477918617 -0.0174936127322805 -0.00316059746486238 0.0431450177107139
0.00190396646799699 -0.0218072204354264 0.00465777008657185 0.0394721510816278
0.0138065377401143 -0.0195183328004025 0.00792780685605921 0.0415557726960715
0.0220178287916007 -0.0111361848380015 0.00467445244894089 0.0475093474621666
0.0338503440392652 0.00511741018904576 -0.0182638403881059 0.059089510011254
0.0251156085639312 0.0261670199722708 -0.0527061002227812 0.0567748577891394
-5.44327668905299E-05 0.0442937965287607 -0.0653450200733995 0.0394003879633367
-0.0222047054195972 0.0521654019271077 -0.0575617726511003 0.0434428904906495
-0.0278945561296885 0.0581729270316147 -0.0459518410318049 0.00643025301270688
-0.00396035122851488 0.0483659802104627 0.0227369327904838 -0.0113780386923522
0.0275187181115952 0.0363960300511332 -0.00360737812001899 -0.0742219775170469
0.0413465872616924 0.0128248859007316 -0.059659938468042 -0.0619151182769617
0.0318422620220496 -0.0107681920054272 -0.0770502193239669 -0.0027221004568131
0.0219873534531524 -0.0237160634404744 -0.0513703055855287 0.0378829437548476
0.0055242964477964 -0.0335704711219706 -0.0170692766802902 0.0439287265453751
-0.00178036248175112 -0.0344403888903233 -0.00146095419831034 0.0329390645863494
0.00252191833801218 -0.0373715934326207 0.00855792679155614 0.0281628317235461
0.0220298099092667 -0.0329824439461903 0.0152408359061013 0.0307612767720228
0.0361635509388255 -0.0197002934224924 0.0183980528684373 0.0395385337722847
0.0553212174846657 0.00778637991822575 -0.0012469746911365 0.0580208932802447
0.0390069496978753 0.0434700439340207 -0.0382443931081647 0.0611066928470282
-0.00456203931117823 0.0657479180126162 -0.0499717304707001 0.0399923825157541
-0.0407628863342754 0.0709123161256645 -0.0354733742004393 0.0327652805428579
-0.0479569057871978 0.0667925819026846 -0.0247153181239887 -0.0141086033640031
-0.0198613022642922 0.0709530794740947 0.0371737962606988 -0.0233909713380796
0.0321284296973025 0.0631006820423259 0.00987224910389402 -0.0839936467876679
0.0630338419950024 0.0261214106991974 -0.0505557588515584 -0.0738529066431548
0.0495695929974592 -0.0149268341432263 -0.0701264354839407 -0.014546889980853
0.0314881230726139 -0.0327020715246844 -0.046950728538091 0.0242419623775933
0.00963165110358151 -0.0456726873561644 -0.0138478543380256 0.0295856688063215
-0.00165963110558731 -0.0461793102488837 9.60907377807924E-05 0.0178619062476038
0.00156904551258136 -0.0476757119111117 0.0111986709246713 0.0118940554734858
0.0244381102170738 -0.0418437612564448 0.0225839973870967 0.0147847888325503
0.0424935512435119 -0.0270914899237761 0.0330502010927703 0.0268825923178267
0.0680107079177606 0.00525863078766421 0.0165457983298674 0.0520549439912662
0.0495260563931973 0.0505413397473435 -0.0223749184913535 0.0615379928837837
-0.00486355983909257 0.075812917959106 -0.0366877746962153 0.0368089629102677
-0.0510684044635934 0.0799957197468756 -0.0129833433957924 0.0175588363636665
-0.0602823142610344 0.0636206323248079 0.00457942039849499 -0.0327282645223821
-0.03599561947902 0.0799528577472809 0.0556286572206149 -0.0343280377566312
0.0269890008059728 0.0815889905899264 0.0282468029234834 -0.0867635440189072
0.0727370949587796 0.0389457713978477 -0.0331734707636157 -0.0807543849167769
0.0601143716978034 -0.0138480526235539 -0.054790390811168 -0.0259119526562879
0.0370340581996207 -0.0362357228125114 -0.0369832611242344 0.00695756946063804
0.0118576054431292 -0.050526958023021 -0.00917899357248962 0.0119973807041106
-0.00167897188174401 -0.0506818438943532 0.00295834744895062 0.00104410031450989
-0.000119000285660258 -0.0512539375748649 0.0132631033289901 -0.00581086324670764
0.022924691354173 -0.0447111903502146 0.0273129852524147 -0.00277581233677444
0.0420796068060727 -0.0302361743724322 0.0434777531770995 0.0127398789711878
0.0693209690452502 0.00323548725802148 0.0311136624071479 0.0434350410044913
0.0510242630880442 0.0506098757896286 -0.008246679050415 0.0580515087459163
-0.00635542678148049 0.0751375960910374 -0.0264868049882191 0.0306332750528031
-0.0551776350809637 0.076693014785492 0.0080836967146398 0.00103145137484521
-0.0608319944457704 0.0500972837499664 0.036184626418919 -0.046845992558256
-0.0457785735544185 0.0723787870701414 0.073539761416324 -0.0413685991592685
0.0150117998745713 0.0832464551451968 0.0456470218938972 -0.0810240152238294
0.0663621086297391 0.0460222132385358 -0.0115466939505667 -0.0795464457123697
0.0593576892895513 -0.00916830194747869 -0.0345868923590493 -0.0345116780738918
0.0361636112225523 -0.0325965060018057 -0.0238460519944871 -0.0105765137854116
0.012241398265944 -0.0476378724916754 -0.00384512363543102 -0.00618166585631507
-0.00141166950320203 -0.0479389091729474 0.00493048171183164 -0.015518932575129
-0.000373985773933824 -0.0475927497380535 0.014602593806417 -0.0226823038020754
0.0189187553004204 -0.0418340380022083 0.0313155389471721 -0.0191032413376879
0.0379555766768185 -0.0284128719977159 0.0510019703370595 -0.000740807019513894
0.0630378333374669 0.00369431426269405 0.0410028715869028 0.0338340752181865
0.0446076134211295 0.0480826692828337 0.00232991814348096 0.0519113162587428
-0.0110480466231313 0.0662557493819826 -0.0187116382167558 0.0231925012314808
-0.0546742284622517 0.0626292057357895 0.0260993194065529 -0.013858326109543
-0.0490581817967642 0.028166034311391 0.0630301178473642 -0.0531795228747588
-0.0445441544068152 0.0501931455617362 0.0869298223189208 -0.0437245142913524
0.00239771078123432 0.0658293273949949 0.0589023141070809 -0.069307457332343
0.0480165638017454 0.040474493356418 0.00835233217297699 -0.0712792732737995
0.0458287235455746 -0.00481065467748723 -0.0143782952014987 -0.0405064935942775
0.0272837157435831 -0.0239518762285214 -0.0105150402728525 -0.0258697803510521
0.00944120062599243 -0.0366614355932128 0.000191144834702875 -0.022659530144864
-0.00138885273848581 -0.0379359917993096 0.00632000738357828 -0.0293202646019868
-0.00072585078365337 -0.0377123784093644 0.0161685846554406 -0.0366664427146206
0.0140622149992588 -0.0340199007787377 0.0346930972770947 -0.0310716000317674
0.0303563005648396 -0.022879033328154 0.0569297556592516 -0.00986062076026092
0.0511220059227994 0.00551714675070821 0.0475126304099772 0.0282047761346973
0.0320727066566337 0.0411553920248773 0.00968253527942975 0.0479502374548597
-0.0169077085432789 0.0512627455282588 -0.012590411558448 0.0174162063133
-0.0491829036931245 0.0405621138228067 0.041417294672315 -0.02416197625698
-0.0274813364893944 0.0016536697925702 0.0791419730118927 -0.0522767114953492
-0.0312687967461938 0.0194702430757523 0.0906116730096824 -0.0436720497794411
-0.00520817029101026 0.0345967900875616 0.0642903491209799 -0.0577678149409284
0.0227284226939458 0.0242905015418325 0.0211677323319756 -0.0629270991256238
0.023491197628378 -0.00190310072177323 -0.00138128863245574 -0.0446614853668736
0.0133648595088857 -0.0117641088186104 -0.00273232659727386 -0.0363201356155168
0.00523268084053986 -0.0193562119307135 0.00187716078796741 -0.0338696759877366
-0.001515761818861 -0.0220235275238574 0.00708692831818046 -0.0384397564086676
-0.000834206351672677 -0.0229527123163943 0.0170666850421237 -0.0462319163238401
0.00761797816422937 -0.0225084470763479 0.0387350897409691 -0.0386653174298763
0.0200042843373598 -0.0155558781117224 0.0625557372043263 -0.0140463580608428
0.0340815554731982 0.00540793823081463 0.0522067915433924 0.0273887934699347
0.0169839542550564 0.0299806249491046 0.0147421075533134 0.0465097574379901
-0.0196132654558306 0.0314222512415559 -0.00867096085527243 0.0139137486593351
-0.0371645033745878 0.0131723962530448 0.0516333968083374 -0.0285500966629675
0.0146790065057957 0.0139769286063248 -0.0539213984983415 0.0438823748374483
0.010760655447393 -0.00887325697677037 0.0131572432162493 0.00522489230632047
-0.00229863833740007 -0.0142254157853346 -0.0129958993453476 -0.0524788660805036
-0.0111661498986445 -0.00122253177696423 -0.0581207588540581 -0.0368028483057551
-0.0046284454214068 0.00556331193139236 -0.0724763035370761 0.0130766671977858
0.00179539527049411 0.00309239653637385 -0.0458841329229194 0.0506120248342197
-0.000181904668566121 0.00290103278057073 -0.0172300812318466 0.0557451071417557
-0.00130261799565598 0.00137346853023487 -0.00224872235278374 0.0477063618591537
-0.00147186693025314 -0.00264445501414624 0.00350733067467654 0.0440997482755678
-9.19433971642261E-05 -0.00474183032941227 0.00499498889202984 0.0462579133283053
0.000925313378417354 -0.00563611932272575 -0.00208631753138989 0.0501942462512691
0.00703550084857975 -0.00839643426666294 -0.025326113093533 0.0605526349768259
0.0143290545877804 -0.00277821752836732 -0.0593899374230607 0.0570505599212263
0.0144085243580052 0.0153781047210765 -0.0778221669930444 0.0397048649079695
0.00531383979350855 0.0263204898071268 -0.0717532647964848 0.0517213627281891
-0.00412856973346591 0.0399000255906842 -0.0551208237189236 0.0288154607001862
0.00740128279749079 0.0197093781538111 0.0140283528382716 -0.0014287978058594
0.0151807738890707 0.00828825101436132 -0.0137349138138131 -0.0616727576859086
0.0151109100290964 0.00273551391836259 -0.0628765073208714 -0.0453345431688356
0.012752583724908 -0.00414163360681173 -0.0763117725274537 0.00947390821957813
0.0106623593708983 -0.0117653726768822 -0.0485163631603063 0.0488198121795828
0.00119099511534968 -0.0163472466987024 -0.0164355473900704 0.0529690289054484
-0.00321062742421729 -0.0176397990383953 -0.00098135635982135 0.0431780740328114
0.000365479888443691 -0.0219378388987221 0.00668489791314792 0.0388296341590797
0.0128137733749382 -0.0210199872920716 0.00981302974218644 0.0409496554534213
0.0216928269362994 -0.0125541608217867 0.00683671775997299 0.0468553583059526
0.0341950546716018 0.00283156148094109 -0.0147175230032639 0.0606453038605218
0.0270526761003895 0.0252103519743104 -0.0497101098294389 0.0597454046083616
0.00248220630561035 0.0444417040247806 -0.0636264211438703 0.0424395665188658
-0.0195280636897746 0.0529107644883782 -0.0561532797524629 0.0467330405428943
-0.0253735291366457 0.0593892489370417 -0.0457697462271463 0.00918346006081887
-0.00187153264290523 0.0490466587883194 0.0217596949208111 -0.0120103920977164
0.0293375037103061 0.0347977533176915 -0.00793051261759142 -0.0735994457673027
0.042667926699745 0.0105132207192296 -0.0629558771330395 -0.0579187402186572
0.0314710448001115 -0.0128364327956708 -0.077185457589149 0.00115868884680115
0.0208372993470427 -0.0255190624014097 -0.0490270322530398 0.0407738036690796
0.00379666522054305 -0.0338784102866808 -0.015062314884604 0.0444006268100744
-0.00389515132869485 -0.0341530396920982 -2.84163704245854E-05 0.0327089337234854
0.000337305562691825 -0.0380374798521211 0.00976237992802825 0.0273774924627018
0.0205415404562828 -0.0346326909786147 0.017101558006336 0.0292189989602212
0.0353534695505244 -0.0219921529623923 0.0209061293308121 0.0383735449196308
0.0560422464824606 0.00459032550502593 0.00230090535616406 0.0583451520693645
0.0414034257393757 0.04191143390461 -0.0346206201563211 0.0629214634757423
-0.00142534049952437 0.0659376616989141 -0.0479548176730582 0.0430926178366394
-0.0369166869526644 0.0730439017323087 -0.0351267389669435 0.0350912199359468
-0.0444882199760334 0.069188221908965 -0.0255490547054582 -0.0128562286634504
-0.016184845816102 0.0720133154912412 0.0359101548176102 -0.0248039093760357
0.0359356681910164 0.0616225237093587 0.0051980446457128 -0.0838077371465573
0.0650426377619938 0.0223600315777006 -0.0545948094549758 -0.0705306226478817
0.0489576874893217 -0.0178474768804156 -0.0704768064188204 -0.0102287034935918
0.029571354191398 -0.035149159452088 -0.0450574747884427 0.0266489242389538
0.00685439205155729 -0.0465179221008453 -0.0122101190209936 0.0299019419075455
-0.00469730017117476 -0.0451621456865778 0.00103344083588391 0.0178464253557053
-0.00152558862126212 -0.0481125743021028 0.0116015893013988 0.0111904513707664
0.0218993746336758 -0.0440525311555831 0.0231546700941821 0.0129986529946117
0.0410268286642903 -0.0298003911351741 0.0343300984761399 0.0246594877341061
0.0682628900825216 0.00142352259758348 0.0203533470577395 0.0512270624133171
0.0525322915905033 0.0477085205997366 -0.0186896911277282 0.0627912405966444
-0.00107438303090994 0.0759691680230725 -0.0347876728133821 0.0390232027983227
-0.0464599560146866 0.0828198189548186 -0.0126758081083361 0.0182047202481634
-0.0568865665610877 0.0671043130577874 0.00306203404928686 -0.0330176276714118
-0.0315920515451349 0.082086990774608 0.0536864882562061 -0.0368338860649671
0.03181071644485 0.0799908886645222 0.0231053046176519 -0.0873267424545377
0.0748776461921053 0.034815717277095 -0.0374712647553544 -0.0784812264374704
0.0599576716251806 -0.0171509647885684 -0.0561001682320283 -0.0229080989051231
0.0352203245583932 -0.0383188797724095 -0.0361515497988849 0.00845159563839902
0.00932650352539561 -0.0513960834173302 -0.00807959291831936 0.0119736668437029
-0.00466215193753852 -0.0502159645249851 0.00309802238581244 0.000560644362568283
-0.00277303390360809 -0.0510937597948255 0.0129260274918734 -0.00666894280402011
0.0204168194737829 -0.0461506093872396 0.0275522955577583 -0.00480304109642568
0.0409424340443981 -0.0325664890272604 0.0442238799829104 0.00958180848515875
0.0699163320457937 -0.00112598665137103 0.0343525838242128 0.0414328299682106
0.0543038707897072 0.0479242341428889 -0.00446606608159716 0.0588107436418746
-0.00259561377960126 0.075712727030587 -0.0246737105059645 0.031771790880446
-0.050796692471636 0.0795408596990915 0.00777577736213769 0.000823770225002637
-0.0579634948316066 0.0534872569182664 0.0344372008166048 -0.048415429855095
-0.0418174455588118 0.0747428745045282 0.071414177064279 -0.0448661804414627
0.0198516798819866 0.0820836960817325 0.0408740908767133 -0.0824736220810197
0.0689845143236405 0.0422795746708836 -0.0152095594598968 -0.0779598086887754
0.059064715232434 -0.0123015640684278 -0.0360283241761142 -0.0330665569560515
0.0345674983928813 -0.0347001257740443 -0.0238144438752349 -0.00937379982231824
0.00973832186004092 -0.0480707336104317 -0.00429242081786148 -0.00687831608431794
-0.00396730041847784 -0.0472950259626828 0.00351610761599649 -0.0162748819844083
-0.00343714887925011 -0.0472907101662741 0.0130737933598258 -0.0233275976832204
0.0168586509318993 -0.0426759931841142 0.0300566268254606 -0.0207700559902008
0.0365627639921572 -0.0302081998994203 0.051132449386375 -0.00408387113475563
0.0632651987906999 0.00017622667006792 0.0433268599085871 0.03165124443963
0.0469133710142613 0.0449666620412649 0.00558886354907471 0.0523516396488184
-0.00807281792835275 0.0669840188414151 -0.0171453653452682 0.0245487795994358
-0.0506534542043479 0.0656190546377696 0.0251844647833472 -0.0153396524599421
-0.0471320892988132 0.030734131780564 0.0612638464596762 -0.0561955262162387
-0.0412728547173647 0.0524316371806804 0.0844222800285869 -0.047907054485544
0.00661796885808589 0.0653194738512604 0.0547252667349635 -0.0717780849636904
0.0503795929747587 0.0379983276920894 0.00494377864314164 -0.0711619410053532
0.0455174533996082 -0.00718528204086039 -0.0164707332115082 -0.0400854732067718
0.0268732386181639 -0.0256526222539324 -0.0116777622365944 -0.0251936159549156
0.00812712788927551 -0.0367435350438724 -0.000951202954249387 -0.0232297885872202
-0.00368913431861781 -0.0372740975038987 0.00480694355919744 -0.0304268794434846
-0.00292027973704811 -0.037294048438361 0.013605296034778 -0.0375095350838078
0.0125343155068712 -0.0344552206604619 0.0334191107445767 -0.0331705535251996
0.0291303855623736 -0.0241080393175418 0.0568088068586253 -0.0132366276307375
0.0505759886845416 0.00215616043126575 0.0491349233662357 0.0262769696815642
0.0340841129048915 0.0390627234063156 0.0128798220444678 0.0476466600860179
-0.0143535848658054 0.052135674783137 -0.0115068947570371 0.0184298676282482
-0.0463030914032457 0.0426711395381643 0.0395630458918703 -0.0263191610228321
-0.0267392189141962 0.00329212532954931 0.0771797398147687 -0.0568558135980509
-0.0294825701067042 0.0209177499073586 0.087956758708681 -0.0482152624985717
-0.00274182202031287 0.0345747754671495 0.0611018080470336 -0.0604621421272426
0.0240887852133378 0.022588200953994 0.0177063188600523 -0.0636363910023351
0.0231700668652034 -0.00282786562967212 -0.00329109389452992 -0.0444460012207689
0.012925893153577 -0.0123617220357397 -0.0042583257650197 -0.0360560043055288
0.00386334151330661 -0.0192470149229137 0.000229455437434855 -0.033951736025667
-0.00287023442424815 -0.0212511558723764 0.00522687220510437 -0.0392540095488608
-0.00207394402074782 -0.0223826527520427 0.0145792635886974 -0.0470268008235794
0.00623595116601844 -0.0226901453722485 0.036759106414348 -0.0406650423667398
0.0191238368756849 -0.0162727330533746 0.0621630956394943 -0.017684320372607
0.0337370371030109 0.00354895253681358 0.0536390728086371 0.024440674949012
0.0182529784418485 0.0288522027555819 0.0174274026523912 0.0458053335959513
-0.0178123228603709 0.0321128547023704 -0.00785119338198531 0.014566952069408
-0.0356737375968023 0.0153953169377922 0.0497985328272172 -0.0316740163164981
0.0149211009370361 0.0126712451504127 -0.0501479913200089 0.0447677297637415
0.0103415618436745 -0.00857142573508235 0.0131287157093895 0.00462821158211375
-0.00257555953205423 -0.013820831138985 -0.0153596973577778 -0.0495954476453087
-0.0105692681139206 -0.00111794241104585 -0.0580330010561929 -0.0322892567858246
-0.00415424501152446 0.0055770213061297 -0.0692545440624613 0.0163981730531274
0.00145656765260725 0.00232189922909807 -0.041682944914458 0.0507525164028364
-2.74779200309808E-05 0.00256149085353714 -0.0133934068030748 0.0545572934187433
-0.00139116792576538 0.00117951748632837 -0.000123095195337109 0.0462090185990364
-0.00174142879637052 -0.00240414362226956 0.00563113207226471 0.0427167475929159
-0.000195668628903404 -0.00478050752674165 0.00684257583064319 0.0441563783768173
0.000990380264611504 -0.00528166898719889 0.000759905628499559 0.0485800912902357
0.00669389746588964 -0.0080334954344601 -0.0211700598854253 0.0594885846759003
0.0136625402271941 -0.00307934631441763 -0.0542710420555918 0.057476597013036
0.0146059402853546 0.0142282709492184 -0.0739747868159163 0.0411696666015044
0.0064575375683254 0.0249393236376462 -0.0677533056860599 0.053414058699603
-0.00192760349616851 0.0384093476889897 -0.0519505754096002 0.0306471882118398
0.00792913340456341 0.0191726891351359 0.0136649681859577 -0.00153901553729554
0.0147454128752815 0.00715184419001954 -0.0161363282305604 -0.0583928378051113
0.0152916518545427 0.0017410996365872 -0.0626781764476823 -0.0405237693093639
0.0122388176887395 -0.004724902562443 -0.073158601414299 0.0131151879517604
0.009599895362521 -0.0122343117870989 -0.0438167713481837 0.0489775111776466
0.000245273189412463 -0.0161327278830101 -0.0129486087711233 0.0520336249586323
-0.00382204422437956 -0.0171501946270107 0.00102757353202937 0.0417123358351562
-0.00114077681194495 -0.0214849593402191 0.00807273399918997 0.036833832281717
0.0114420289644467 -0.0210242523089912 0.0117673239254474 0.0386505171892587
0.0206732271791044 -0.0133359107754659 0.00860714089501795 0.0445307500542105
0.0331903427685885 0.00129986907762218 -0.010351686738036 0.0589019918304751
0.0267677720851571 0.0233759844713233 -0.0443335002526246 0.0598399607200665
0.00412383343356266 0.0432633300039509 -0.060316010532221 0.0436620513004472
-0.01623981374708 0.0516070267656235 -0.05344050761598 0.0475371421747345
-0.0215958307927185 0.0582102000094564 -0.0438953340787229 0.0109797015212045
0.000341728933879032 0.047437028908711 0.020506098564251 -0.0125477219594593
0.0300973232572088 0.0321378913970379 -0.0108955242688928 -0.0697670050197478
0.0418194677206571 0.00797620907514992 -0.0632772469278988 -0.0522492290845093
0.0300082907716136 -0.0139164713102059 -0.073963577042575 0.00527666731217744
0.0185792958691346 -0.0258388272799986 -0.045186265534869 0.041451977012894
0.0021756605052901 -0.033064267288472 -0.0125558717422413 0.0428646498133449
-0.00555581174797193 -0.0326171182050722 0.00120188409545439 0.0314237467247292
-0.0021646306204844 -0.0363555861828135 0.0105319373255749 0.0254540099527237
0.0178152199521964 -0.0350570366551032 0.0175676459513932 0.0270475940448098
0.033267944692908 -0.0232300740449291 0.0216563291860387 0.0358139524167202
0.0542015208012103 0.00162565621662181 0.00576234543665717 0.0558567940935036
0.0420557079392211 0.0388531115710667 -0.0303424943389 0.0626102426001487
0.00160575613424136 0.0640324683290776 -0.0446487973471564 0.0435267732799326
-0.0319548154968984 0.0717669077328148 -0.0327366175126266 0.0353075560804294
-0.0397927140791735 0.068530647083717 -0.0249950230608342 -0.0110633968582834
-0.0125044219632242 0.0706808019883116 0.0333295687175373 -0.0253426265412107
0.0378234802448348 0.0575359171133208 0.000784640273537758 -0.0801302986124951
0.0640405494462886 0.0181391610434251 -0.0556809249112146 -0.0651073671813368
0.0467830660884941 -0.0197280990484795 -0.0686657041901023 -0.00655026544886232
0.0270080240094272 -0.0355875146023917 -0.0416026245606212 0.0277608176664491
0.00442362681848693 -0.0449576746412357 -0.0103361515060245 0.0288365974770147
-0.00687522418384316 -0.0432438384264637 0.00194938849600995 0.0165481965383224
-0.00409744358348375 -0.0457455271873381 0.0118636806228841 0.00995849787899756
0.0191207452660243 -0.0432822920105828 0.0228415053305784 0.0113531900805348
0.0383063486779219 -0.0310823080084093 0.0340409142758358 0.0219739560746831
0.0660437084312304 -0.00230925779964309 0.0224020233505209 0.0488648694129597
0.0528066454721385 0.0439478770443782 -0.0144462937883606 0.0617345883703668
0.00242638752554542 0.0737027266291466 -0.0320752335482888 0.0390831325295109
-0.0403598900809656 0.0816580820731772 -0.0117858808268063 0.0183007127456294
-0.0517619580802034 0.0667810882211001 0.00174458992912175 -0.0318105152289677
-0.0271409208048951 0.0809144605802604 0.0497724595570176 -0.0374452471686679
0.0345710396819369 0.0753423117758316 0.0182684474948251 -0.084491688613389
0.0747448966109505 0.0299197262903153 -0.0393318295932999 -0.0731803878806428
0.0571595895442629 -0.0196213463039571 -0.0553214083919862 -0.0188272506190914
0.0324044751666425 -0.0388842561470849 -0.0341692260092349 0.0102302145339946
0.00644445833551819 -0.0500984105640454 -0.00762272048315194 0.0111135299701553
-0.0074032835788094 -0.0475928576840603 0.00239823171443322 0.000150036262962107
-0.00572979911431052 -0.0486466493472436 0.0120651536517218 -0.00742811497951938
0.0173328429680182 -0.0457765356125522 0.026209740261873 -0.00627444542449029
0.0376479979706579 -0.0338029060021535 0.0430065307299151 0.00676748156923915
0.0672420064560644 -0.00465524150229721 0.0354921941384109 0.0382351348267008
0.0545874996241245 0.0430711904550461 -0.00109006949128455 0.0569620872011248
0.00101612066461303 0.0733451200599353 -0.0223168468070974 0.0321675629270621
-0.0444548671082441 0.0792362092795037 0.00695608050622775 9.6730383700758E-05
-0.053390114604433 0.0541607741152669 0.0314481878803326 -0.0482117289375224
-0.0366093384492661 0.0741807167478945 0.0665493925543161 -0.0458066536428607
0.0233418043033841 0.0779882776348297 0.0359264328411012 -0.0804494227711066
0.0692388094902228 0.037171432365599 -0.0179363506633194 -0.0737441147906008
0.05644456545875 -0.0149932460462595 -0.0360122798404606 -0.0297619055947736
0.0316559873895636 -0.0352180561691987 -0.0231538427903025 -0.00797974365264336
0.0070313424573087 -0.0466175209412944 -0.00470646549555899 -0.00680206411939019
-0.00666209994494267 -0.0446557190935751 0.00286587647537039 -0.0163420014808598
-0.00597825921077493 -0.0453959679975388 0.0113935910529583 -0.0234461360827668
0.0139070237152225 -0.0420388897898842 0.0280809268332914 -0.021585707895417
0.0338441897212555 -0.0310621789532804 0.0486528515929151 -0.00676550733389711
0.0608887713131954 -0.0029914981973903 0.0436532872704735 0.0287246037906032
0.0474936873647717 0.0410739603466556 0.00849583505684717 0.0505364228694647
-0.00434075763218377 0.0649179153757944 -0.0152918039748442 0.024891774126615
-0.0448251887873614 0.0657723621872863 0.0230272334616655 -0.0160597519628439
-0.0434604342922765 0.0319027088047805 0.0567417372374396 -0.0569010935822281
-0.0367893263885389 0.0523718699814323 0.0785117984335334 -0.049721157680569
0.010024959453388 0.0622302192738586 0.0494839303522133 -0.0710595155194861
0.0502693821851496 0.0341748992639178 0.00158002976028211 -0.0684154944320694
0.0436093864158337 -0.00904096122592341 -0.0170475177797072 -0.0371678226872888
0.0244065601197002 -0.0255639056053618 -0.0115931983332456 -0.0239845103206982
0.00583480946397074 -0.0355647230501865 -0.00218960080244301 -0.0227958016673473
-0.00561414705215432 -0.0351721314669328 0.00320444594102756 -0.0298814572866509
-0.00485989457280584 -0.0356695953436194 0.0112978462470673 -0.0370255393858794
0.0101121277338683 -0.0337865575760747 0.0302582131214678 -0.033605581265687
0.0270874363594028 -0.0246497106468927 0.0535373854495276 -0.0160299694088193
0.0486103254913328 -0.000181173776494526 0.0490505136929609 0.0226627949508318
0.0345165745341407 0.0359956469262832 0.0150746063890744 0.0455575852933366
-0.0113791831440128 0.0507851011533701 -0.0103989372500765 0.0180308632976975
-0.0418859910592696 0.0431668329135038 0.0367041678279689 -0.0272554719229305
-0.0248159477242834 0.00443930079258107 0.0727395465757906 -0.0583290809664241
-0.0268758004056554 0.0214231188049831 0.0827245189984041 -0.0502349515869964
-0.000868796437586866 0.0331680555389937 0.0559739235463017 -0.0609548922005129
0.0243623092292409 0.020729071484444 0.0147099176705854 -0.0613749643965236
0.0222201975284303 -0.00358405851511239 -0.00521111551159592 -0.0423880080903865
0.0117725493059072 -0.0123013593261267 -0.00546925810307014 -0.0345711703785802
0.00267435807717118 -0.0182952049885211 -0.00168782641795194 -0.0335740912065976
-0.00382641320125008 -0.0198556646011891 0.00331012523017415 -0.0384079831567933
-0.00322193476437329 -0.0213468780567361 0.0113374077325818 -0.0454617265724783
0.00514781116619864 -0.0218897550249254 0.0334023243229177 -0.0409015830151027
0.0176287572357465 -0.016401172450608 0.0589004379990375 -0.0203695378777868
0.0320656854524659 0.00157486412970105 0.0533130755024617 0.0211401730014821
0.0185863523586214 0.0265464881209238 0.0195490928149716 0.0438036302066915
-0.0153951592886592 0.0314666482658988 -0.00686775968062421 0.0146481139836945
-0.0330281217417999 0.0165084230405353 0.0463092088023846 -0.0330316139563218
0.015211322576333 0.0110974600886727 -0.0394671167035621 0.050721328241985
0.00833032325837977 -0.00925575146732458 0.0138093210762005 0.00252175886049728
-0.00492882963839632 -0.0121103290930213 -0.0216145075199587 -0.0449223683704993
-0.0108976839726235 0.00146736103383476 -0.0603089354167894 -0.0226361320300938
-0.00301599872875014 0.00693697316879932 -0.0635358685127208 0.0258353998429141
0.00233637705296753 0.00225012457513808 -0.0322332680665725 0.0544555531313303
0.000498845149621604 0.00216738486961718 -0.00504259625024846 0.0541518288268901
-0.000661023376316252 0.00114696038035261 0.00663632736174717 0.04378866607545
-0.00184426080607491 -0.00235611985911242 0.0116382430082213 0.0399815540742973
-0.000596156261801481 -0.00439898570328675 0.0134983784200135 0.0406857074819873
0.000680388551312736 -0.00486213965626549 0.00784457326450679 0.0459025501880649
0.00522618110654954 -0.007367841733813 -0.0107038242008431 0.0590478695354875
0.0118666518699534 -0.00310359094951009 -0.0420512205685615 0.0620779319219614
0.0141781898359557 0.011949007220814 -0.0639383156336839 0.0500121492116493
0.00802898878227644 0.0234285672789423 -0.0575127109214721 0.0594102103896979
0.00235767169678996 0.0367612917862693 -0.0442136303870488 0.0390438499784848
0.00974308960871825 0.016804212237542 0.0134065042832877 -0.0028530058207921
0.0135744252162118 0.00438748403274003 -0.0229410320330008 -0.0512138234259283
0.0131626825292835 0.000250877064055937 -0.0645522637760984 -0.0283272502229357
0.0108219088660195 -0.00478926365998811 -0.0661967715573771 0.0231065142906438
0.00809932010681669 -0.0124104971882263 -0.0343502917121827 0.052124761690714
-0.00171033277452181 -0.0151928554624539 -0.00520455773366543 0.0502972008914369
-0.00531851930378496 -0.0152400419161284 0.00636739177743304 0.0391839011491617
-0.00374299179861432 -0.0200651930219418 0.0130365191995257 0.03421926570718
0.00827444236403437 -0.0214088838717974 0.017195187190894 0.0351189002083974
0.0183005573172269 -0.0144620550510522 0.0153940377434891 0.0405088782327468
0.0318459427914431 -0.00232813383247347 -0.00141930545553813 0.0568558443177684
0.0271445988998728 0.0198492163213578 -0.0322042262732587 0.0634934113108349
0.00808677948347452 0.0403893313924428 -0.0507290385326626 0.0497014881156549
-0.0104517968161285 0.0510205302954624 -0.044513431528282 0.0519148514607148
-0.0140819980800535 0.0568849970555043 -0.0409783906144535 0.0203101746002399
0.00598094267545975 0.0437272237815125 0.0173996990270173 -0.0128129032484136
0.0305351403110203 0.0254015269395432 -0.0194456449766397 -0.0607510660527806
0.0382932492818357 0.00189760055099296 -0.0651569708114242 -0.038277842488636
0.0259321876181692 -0.015529379238391 -0.0670387258660271 0.0154984893255759
0.0147534951507867 -0.0263665567218905 -0.0356793885351722 0.0442329267965089
-0.00209407222317976 -0.0309113438672371 -0.00541738514215757 0.0412421171233485
-0.00881183182141875 -0.0292206138595222 0.00583811700150671 0.0288218684612001
-0.00607797841129308 -0.0339450568469914 0.0142569852165786 0.023018406732181
0.0123846025951629 -0.0351868492757835 0.0218676652087854 0.0231881616425216
0.0294792762448716 -0.0251758146070853 0.0253835430487493 0.0299265534062204
0.0515646034877429 -0.00492478474831102 0.0130476354959529 0.0522086102724008
0.0432464654324821 0.0320193230855587 -0.0187913655582072 0.0644434814894127
0.00840515206927285 0.0598693811006595 -0.0369050194488086 0.0474212142855841
-0.0221890397806214 0.0720289855016321 -0.0277416466896041 0.0371697300053981
-0.0298335558370089 0.0677114998602064 -0.0271086508416292 -0.00291315647959373
-0.00272363517762122 0.0662456822260137 0.0263189940079329 -0.02590773378412
0.0406864980319663 0.0471820801003756 -0.0094911608338921 -0.0703816553014183
0.0599219358071927 0.00825875843032261 -0.0589000801450926 -0.0490527561975609
0.040280102040365 -0.0227746854308312 -0.0627338808537668 0.00319305208900041
0.0217283257484312 -0.0363327274687053 -0.0341882331404531 0.0309029797126179
-0.00166109077734809 -0.0424765163978928 -0.00533791832140485 0.0267721643270636
-0.0113157002857905 -0.0396604049770776 0.00447045953829119 0.0149300461950925
-0.00952159292305095 -0.0424589916283718 0.0129376058410164 0.00797078430729839
0.012539797089158 -0.0438881915180149 0.0243022311725039 0.00711067623757002
0.0333521531097519 -0.0332400683755658 0.035676668207828 0.0153402249284217
0.0621624890295909 -0.0101576395754098 0.0278575191308764 0.0427615525719267
0.054035710436531 0.0354435449373943 -0.00387870436736611 0.0614030193180771
0.01090136294721 0.0690508594241765 -0.0251584712158257 0.0414174924371566
-0.0291752375279477 0.0817089259945698 -0.0103571759329882 0.0183281944731454
-0.0406144324268346 0.067344834309594 -0.00603670932634234 -0.0269417536723083
-0.0151053497530121 0.0769555620400199 0.0399635735072728 -0.0394066281123302
0.0401701940927277 0.0635089651552196 0.00546948331746115 -0.0757129962348044
0.070790427020198 0.0170585111324427 -0.0440542671302906 -0.0582832972317046
0.0499684548737054 -0.024593295723172 -0.0504935320861786 -0.0105241733461735
0.0257865635043676 -0.0399539345715052 -0.0288561447944623 0.0127176539419806
-0.000382648810678112 -0.0473496221223155 -0.00488445276658832 0.00910912915929537
-0.0122826983870095 -0.0433152323753238 0.00243034578489989 -0.000906347345415115
-0.0118120297211791 -0.0452634467832869 0.0105345923108915 -0.00822643407629964
0.0105964394028215 -0.0454947694604728 0.0247964135421198 -0.00943313852145278
0.0323854493681114 -0.0357466835853579 0.0418219545118383 -0.000370002959518259
0.0628353777000488 -0.0126411967491441 0.03833291319082 0.0309511030486227
0.0553661585204123 0.0349122289965914 0.00813246895598573 0.0548054361793596
0.00938921148698114 0.0690092599435748 -0.0173734537118069 0.032895156740141
-0.032615830038417 0.0793500163312146 0.00541029867453021 -0.00162473139804922
-0.0431390455143488 0.0551188820934685 0.0196640440596232 -0.0474770110227049
-0.0247262240768271 0.0714651519695036 0.0536643705998252 -0.0507023559503574
0.0304701227728033 0.0669785250697539 0.0218891160188265 -0.0750949199774479
0.0673573219608428 0.0242063313950418 -0.0247673043972018 -0.0618281267470668
0.0495549524920618 -0.0203702011623717 -0.0345163342490147 -0.0234175024344721
0.0253223706999603 -0.0366101389534109 -0.0209382018482812 -0.00620728389389002
0.000355029095681969 -0.0442715627112094 -0.0042270319812284 -0.00821452148090738
-0.0114152350587255 -0.0407279158446379 0.000404102300940773 -0.0166769652359847
-0.0115669982922786 -0.0415347833022685 0.00823225175312371 -0.0233740599718943
0.00823060715970687 -0.0416748975924447 0.0239813593202583 -0.0243660119807287
0.0287356140810066 -0.0330203023864815 0.0448044140434837 -0.0138735485318924
0.0572136863613288 -0.0104023061583176 0.0447139155064435 0.0203828266872765
0.0481007424369107 0.0331077778423994 0.0161183976873529 0.0472831452997679
0.00342085535341796 0.0612543618403976 -0.0116459284849979 0.0247843640450161
-0.0343077589425646 0.0665673852348461 0.0187562948398331 -0.018619755068671
-0.0362740349833023 0.0330574780157066 0.0430281750746281 -0.0609244633267681
-0.0273971969875749 0.0511920376990178 0.0650868911453796 -0.0565756397500377
0.0165048960336722 0.0542363783432319 0.036033609309336 -0.0699085484800956
0.0497394474852312 0.0232901997966441 -0.00625993474887461 -0.0605458081208529
0.0386055566710009 -0.0138334599689445 -0.0184382141663487 -0.0329660514858209
0.0195322944440158 -0.0268044231951327 -0.01354672999709 -0.0226280097098675
0.00023916120445063 -0.0335808330279904 -0.0041923561851634 -0.023574004581905
-0.00927094414281579 -0.0321864154633855 -0.00124876290665276 -0.0292517371488423
-0.00934540213233912 -0.0325412397843647 0.00577205437204202 -0.0364315852043035
0.00549870424987128 -0.0333377478675783 0.0244009260598595 -0.0359411034247434
0.0230285386859123 -0.0260468178284534 0.0482291566750741 -0.0234235735633733
0.0462466954878411 -0.00552263351049354 0.0488899236427078 0.0136767480451552
0.0357282743371524 0.0300557366938205 0.0215089584680295 0.041544059002037
-0.00424786712677592 0.0491527187904611 -0.00733867317274239 0.0181265045099393
-0.0337997339309294 0.045194458161581 0.0299664785345099 -0.0310021333643417
-0.0216787753019223 0.00538206439197102 0.0581580002753054 -0.0658061606244333
-0.0217941995512868 0.0215138155513808 0.0694979842640824 -0.0589810615809624
0.0031001660265374 0.0286315172348557 0.0434383199704712 -0.0635512674674595
0.0242684323850793 0.0140879654035566 0.0057466275004986 -0.0581830059646743
0.0188082148922366 -0.00608528062668985 -0.00920992662185579 -0.0394676881368585
0.00940059992286114 -0.0124536694431548 -0.00952376948931063 -0.0333334273478682
0.000126330488798875 -0.0172008657401619 -0.00563516310798577 -0.0331283310068474
-0.00578374362505336 -0.0181398768559795 -0.00245948100767348 -0.0376479010897426
-0.00609074701736748 -0.0194200531939978 0.0047042736013681 -0.0451177507447809
0.00184699139127621 -0.021326571994009 0.0261456719989867 -0.0436638785697592
0.0153671394262741 -0.0173429213136565 0.0519197344456325 -0.0280936714390394
0.03082217175789 -0.00247317417601185 0.053090890422274 0.0123725859895199
0.0199291281018841 0.0225806852409772 0.0254599245214072 0.0389502403662068
-0.010652122601958 0.0313244923506213 -0.00404699303080071 0.0143654429356233
-0.0282919640033081 0.0187527864060561 0.0380891992253783 -0.037614253404353
0.0142236611207996 0.0107973829771395 -0.0390251072805565 0.0478003814540956
0.00855086475194854 -0.00852101086114997 0.0136404162079959 0.00253285421868441
-0.00463843190249594 -0.0117342289587515 -0.0198459820649905 -0.0436171548109763
-0.00959845269262275 0.000965193991349229 -0.0580365788083293 -0.0227568837305756
-0.00268991187686008 0.00611998923111866 -0.0613275231173119 0.0236883124166432
0.00192565012696821 0.00188570308372522 -0.0322355734148903 0.051285219787619
0.000589571030599634 0.00163706494424059 -0.0055004725382047 0.0517094203610179
-0.000779275380036224 0.000972355854743068 0.00500833266342826 0.0420016780605933
-0.00138390108694507 -0.00229036378436763 0.0100689607439441 0.0381458406396004
-0.000179164355817012 -0.00454863389870189 0.0121151788402702 0.0391289715854766
0.00070783493993042 -0.00467893083643906 0.00641308369668643 0.0439018214582106
0.00555126705826211 -0.00652908439445677 -0.0113299061433576 0.0555321125673012
0.0113978043929341 -0.00216014026068122 -0.0415721279470673 0.0582547749928859
0.0132566499284951 0.012249684036829 -0.0625689516120042 0.0464754227114599
0.00687355997846444 0.0225615469332243 -0.0570870857772113 0.0563232658636581
0.00103633659581302 0.0345419563347241 -0.0435892526030652 0.0368436795433035
0.00874747923775869 0.0162637508355631 0.0130254776175357 -0.00237469847555873
0.0130193141241988 0.00459062301105731 -0.0207414451177511 -0.0492048631814393
0.0132098021429361 0.000573545698127236 -0.0615694592985173 -0.0286507905103424
0.010768928697882 -0.00448170723827245 -0.0643779380142103 0.0206037745972148
0.00751958399587401 -0.0120981661783006 -0.0337549761655957 0.0493325021087992
-0.00134701365025152 -0.0146856116618765 -0.00605045610893855 0.0479593439087591
-0.00453298801424079 -0.0147934152226088 0.00546769955910676 0.0375504298754856
-0.00317888931512928 -0.0192768969736215 0.0121189818406613 0.0334143894445396
0.00821202677065494 -0.0207965592305526 0.0156561930549091 0.0337980234727593
0.0181249916455468 -0.0136022051584499 0.0135191000187054 0.0392543570785657
0.0307671372168733 -0.00125280574080417 -0.00232008979398346 0.0540229256291116
0.0257162682088537 0.0200432966478074 -0.0325954420376774 0.0604861779033393
0.00669562647469064 0.0392805701591569 -0.050425258481994 0.04656142619167
-0.0110315150114037 0.0486208507315691 -0.0453376935279814 0.0490610381602622
-0.0146503874205966 0.0539960123654136 -0.0396961813110951 0.0186725827231744
0.00438149805911935 0.0425362474313607 0.016849575914181 -0.0115991270926914
0.0288729370500098 0.0251095353039566 -0.016942486597632 -0.0579677394320728
0.0372499541245431 0.00223617271169063 -0.0620116646707512 -0.0375723022401753
0.0254153371847126 -0.0148303483004691 -0.0650252725710131 0.0134246995176515
0.0148280013082473 -0.0251405146239358 -0.0345999085681626 0.0413610516839213
-0.0015866180597684 -0.0298348356846246 -0.00622952834815215 0.0392752186461502
-0.00800555141052662 -0.0286598809820079 0.00457482533283153 0.0280633563441621
-0.0055974490355244 -0.0327178327644971 0.012728137372875 0.0221351036271222
0.0128200557467472 -0.0336375815477875 0.0202142890547562 0.022218173136853
0.028513378865685 -0.023697177623579 0.0240035207286654 0.0294551569651852
0.0498514944534762 -0.00367515296288494 0.0120861623340647 0.0500563886287679
0.0409732865255306 0.032163567705573 -0.0191082741550032 0.0616509508381019
0.00664811798911694 0.0583017258248842 -0.0367918846633738 0.0448344265830126
-0.0232807642169994 0.0677296577173187 -0.02813813109125 0.0357718842594595
-0.0299221459298891 0.0643852711889924 -0.02608486530371 -0.00349245502747388
-0.00460847452358622 0.0642741396901808 0.0265463072637984 -0.0237615834902689
0.0380611956732095 0.0459730094109535 -0.00731121702950775 -0.0668634596306329
0.0579034687316418 0.00856569428418 -0.0555609756261008 -0.0485950993089266
0.0395755128735127 -0.0211664753519921 -0.0597158563259626 0.0018994918328144
0.021386143580727 -0.0347772824057573 -0.0330503117137594 0.028375258983828
-0.000850647120890001 -0.0412189585112063 -0.00582071253084518 0.0250816431974009
-0.0102589195977523 -0.0378882383733614 0.0034647859535844 0.0142509061631138
-0.00844453037163366 -0.0411146582468089 0.0119683415975743 0.0078089325773183
0.0126330676170783 -0.0421006837043355 0.0233985710110393 0.00713339126392082
0.0327850905133494 -0.0316232867829226 0.0335987221583874 0.0153105874819698
0.0602988023436088 -0.00861823179404309 0.02637472979566 0.0411381620793679
0.0512800739176183 0.0352766984538243 -0.00472788473823633 0.0590844233980738
0.00827095240641664 0.0667856780840582 -0.025116748941085 0.0391511943675114
-0.0294907722481227 0.077262915362881 -0.0105954156981685 0.0174846507427227
-0.0404909134562825 0.0633701021996407 -0.00459724136499563 -0.0259264672110459
-0.0164137277534706 0.0739485995481994 0.0394156150716328 -0.0359796907265374
0.0377225433789181 0.0616268027069895 0.00716041157570746 -0.072342554347451
0.0681283774039783 0.0171571288527611 -0.0409448767657703 -0.0570533873224106
0.0486968975546993 -0.0229118139430584 -0.0478924058540671 -0.0115694935192347
0.0256377141725962 -0.038219240328272 -0.0280861953059478 0.011216681577114
0.000416713075098844 -0.0455840095583035 -0.00480720261362707 0.00821498978486604
-0.010954736058203 -0.0415198175421947 0.00200655638515082 -0.00125732012373833
-0.0102799416377521 -0.0430342341041496 0.0105628597077912 -0.00772437799164696
0.0109982379401821 -0.0437770872707396 0.0235354883816076 -0.00890905966605613
0.0320899585209449 -0.0338066550368226 0.0396835415968112 2.00983508382349E-05
0.0607635795304403 -0.0110293196201512 0.0365946755016991 0.0304027767181073
0.0526406976469008 0.034622015175082 0.00660137407521303 0.0532261390593808
0.00741972655073722 0.0664394692935147 -0.0172224774369469 0.031656802796678
-0.0330885996754533 0.0750252994404026 0.00454198809462473 -0.00119244475151497
-0.0427081548204795 0.0517702030320978 0.0204801739122921 -0.0450114783475054
-0.0254444112102901 0.0683166994856138 0.0533906120811181 -0.0461797693113223
0.0279776127505739 0.0642835858791254 0.0231705107933172 -0.071230813801604
0.0645010194708256 0.0244160569718806 -0.0221648099801649 -0.0599144141584767
0.0481687750315813 -0.0184022416547891 -0.031750938256268 -0.0232891741483502
0.0255838626679485 -0.0347996572698435 -0.0197678135717856 -0.00701211407972293
0.00127650923626836 -0.0423211056259228 -0.0040304246505249 -0.00872222820194483
-0.0102110931561557 -0.038885981871857 0.000921886785317078 -0.0163833591476449
-0.0103293203016193 -0.0400125356122844 0.0081436016379256 -0.0223117565213484
0.00831031000440637 -0.039909453157252 0.0232920231530637 -0.0229046215130836
0.0283021025182516 -0.0308530615096205 0.0430290909512157 -0.0130391879497705
0.0553732836921525 -0.0087839043531552 0.0430520793071021 0.0201408582628194
0.0455975190867096 0.0330395390814653 0.0148511279950088 0.0458535298581177
0.00209546579170493 0.0588275678207828 -0.0114648733652077 0.0239572339389323
-0.0344715889817606 0.0624888454696081 0.0177188247326191 -0.017663271837665
-0.035089302765338 0.0311530385864193 0.0432142027753178 -0.057366688007906
-0.0271491662718616 0.0490004101497588 0.0642277989816953 -0.0523860011637179
0.0148802060549999 0.0518290697988309 0.0360315967819117 -0.0655059812925756
0.0476122450890171 0.0234309322061259 -0.00456368643325871 -0.0582471456428122
0.0370461221550433 -0.0124564761615698 -0.0167845695488887 -0.0322946533527779
0.0194988975438366 -0.0256412756755538 -0.012421261844096 -0.0219864879504055
0.00106327222975822 -0.0321510180078702 -0.00388445276096958 -0.0234151891042783
-0.00833643521012717 -0.0305486165429769 -0.000190188013588168 -0.028738478451833
-0.00878187195428042 -0.0312358002520312 0.00635398528780479 -0.0349128860325206
0.00572876395642597 -0.0316448893891123 0.0239301271365136 -0.0347612772572307
0.0228736079132489 -0.0248092166110989 0.0463726605951081 -0.0217650807651473
0.0447432995414593 -0.00513952412920811 0.0468599615482996 0.014221279335233
0.0336167779374378 0.0289996569717838 0.0197006811417834 0.0399761067922471
-0.00534473055391006 0.0469726555415437 -0.00715084752603725 0.0174224783198387
-0.0324578738355621 0.0420483371432336 0.0293565500298842 -0.0294607216481142
-0.0208544638161431 0.00439698984629458 0.057943466147599 -0.0624529068116507
-0.0210468829646878 0.0197488291716307 0.0688634915391114 -0.0549122046808732
0.0027003166406664 0.026894013657916 0.0429237399446378 -0.0591462588684264
0.0226707101820801 0.0143775590337368 0.00699200355658796 -0.055333799765196
0.0181883832010858 -0.00546019389873601 -0.00796840522657188 -0.0380907881925508
0.00916849576036597 -0.0116067905837118 -0.0088043831597279 -0.0323505970609851
0.000169738011372087 -0.0166626263672828 -0.00443019370607132 -0.0326184402222377
-0.00539662692348325 -0.017136607421823 -0.00157413248648811 -0.037049417852511
-0.00527714537292221 -0.018426764369924 0.00537405772141126 -0.0429559585581131
0.00195927745959386 -0.0200509966612584 0.0260743398657607 -0.0413123578509343
0.0151381270882988 -0.0162110528559593 0.0506189348265445 -0.0264112383217582
0.0294477899565496 -0.00119050200439926 0.0506085555562762 0.0125389292950634
0.0181595359986939 0.0220322452496986 0.0233995846145134 0.0379121055804709
-0.0109488152580373 0.0297916440784525 -0.00443805264938504 0.0136175282399707
-0.0268757331768911 0.0170868390897392 0.0373494952803772 -0.0353512158190578
0.0138996147962388 0.0106413950065672 -0.0405144660246661 0.0465081814639077
0.00866787952463898 -0.00817223346065876 0.0140292962283896 0.00302520401034523
-0.00424855891506636 -0.0110541839277801 -0.0177602394044569 -0.0434970514073817
-0.00940458742030635 0.000134212348606374 -0.0566415729333676 -0.0241282894439693
-0.00263120148082709 0.00563141187727155 -0.0620679930636772 0.0212089482653189
0.00154507092208428 0.00184250803307626 -0.0331063851107077 0.0496812192138732
0.000449702501778347 0.00157219695481636 -0.00729162796392773 0.0508770925626095
-0.000653948638462688 0.00111802491747838 0.00351773973490693 0.042395890880994
-0.0016443875396222 -0.00231010735969128 0.00884547784842869 0.0386595581284924
-0.000139757149931337 -0.00470664587315211 0.0104662048073758 0.0392587583194975
0.00126086544914315 -0.0046818802927159 0.00432195797877271 0.0440025645191062
0.00598912009595105 -0.0065346841629718 -0.0132289390857292 0.0546640302848986
0.0111728234710993 -0.000967992808424661 -0.0432744625447577 0.0559779918420169
0.0123755004500911 0.0127241368354653 -0.064680753772238 0.0431773125472486
0.00582678590191835 0.0224440225491852 -0.0600036657535948 0.0539588419162956
-0.000128153662235 0.0342730697453879 -0.0448858512521231 0.0353020681273786
0.00839416177095572 0.0168727379054137 0.0130501440576762 -0.00127960158726405
0.0127690759649908 0.00541860658891918 -0.0184469215749582 -0.0497763839816964
0.0134292054687565 0.000509447294845026 -0.0603016877204208 -0.0301029885422318
0.011213495212774 -0.00443012141366424 -0.0647575011493369 0.0185407669317881
0.0079533754159928 -0.0120594430834128 -0.0351826715420943 0.0473616242964252
-0.000952117032048609 -0.0147942958333806 -0.0074659963636111 0.0472879873859763
-0.00412062817118597 -0.0147710379805548 0.00394118793824243 0.0374945190797204
-0.00238710624932808 -0.0192326289995523 0.0104842859545784 0.0334999248821792
0.00920106779286575 -0.020407614782437 0.0140908824971625 0.0339046982038609
0.0189418910710505 -0.0132003001914932 0.011445054094669 0.0390108628409459
0.0308936795211289 -0.000200752615242685 -0.00401820427091762 0.0534696069562062
0.0251783305424842 0.0212068447380396 -0.0343077880772493 0.058405180339806
0.00516504673759167 0.0394397581530485 -0.0522237742819357 0.0446340723115344
-0.0129182221256372 0.0475585660091975 -0.047212029887306 0.0476045294483334
-0.0169830939598466 0.0532196113287429 -0.0400857218292813 0.0176044027986023
0.00286541747647204 0.0427456507471914 0.0176774778835697 -0.0105827382708051
0.027667302050558 0.025814813999357 -0.0144399139759382 -0.0580213287131022
0.0372558611154292 0.00351547668952812 -0.0599633495592531 -0.0401660516356213
0.026427918275891 -0.0138934450048693 -0.0649490142039551 0.0104462272113552
0.0157475368670029 -0.0248437069327375 -0.0359780686205071 0.0398392147989979
-0.000736620608039003 -0.0300654579855001 -0.00799715587962115 0.0380261285603278
-0.00714759400066036 -0.0285037497908204 0.00335775817349129 0.0279745128525729
-0.00475452948945598 -0.0327926290625841 0.0118921751535927 0.0225967313871886
0.0138934856003806 -0.0334583755535044 0.019156143677528 0.0227237834067914
0.0297608469391141 -0.0231232271280932 0.0226911182236377 0.029420784239776
0.0501699801797602 -0.00211003714531117 0.0102504117562807 0.0497917578063656
0.0398965567494437 0.0336061299566346 -0.0209706851775199 0.0606485385108721
0.00420721347307461 0.0585504448404433 -0.03856627670867 0.0432331945731402
-0.0257855503216727 0.0664869586067856 -0.0301752504290174 0.0346150993261573
-0.0324138246620256 0.0628008397972387 -0.0255490609528947 -0.00344107225409283
-0.00729284993686421 0.0639352916056632 0.0275057239179089 -0.0221124400986138
0.03630653807229 0.047041035677017 -0.00468875566859698 -0.0665901206913429
0.0576452461114708 0.0103710363231907 -0.0529300753500811 -0.050121062950293
0.040502266511575 -0.020193281974024 -0.0590205057020773 -0.000481604127617506
0.022506593606102 -0.0339793661170972 -0.0334576537092552 0.0265321209605226
0.000438077756376651 -0.0407421930412088 -0.00704703124152982 0.0241405780169745
-0.0090963000778657 -0.0377109003172947 0.00261478242609848 0.0137727982615404
-0.00724197206229724 -0.0408148095658594 0.0118042544261862 0.00770130066445452
0.0138283893656288 -0.0412845182876473 0.0227569862893703 0.00797849203746624
0.0337368436931806 -0.0304223895936726 0.0331788492331107 0.0157459732268875
0.0602673396573441 -0.00676447025301546 0.0251231014082728 0.0413102762855533
0.050096342556372 0.0369089568730927 -0.00646043428277915 0.0587144629067043
0.00594407789760947 0.0671232050041585 -0.0269024573939038 0.038057773696079
-0.0324843766799103 0.0753310422502089 -0.0121312986816025 0.017430471767226
-0.0428178676721761 0.0616925160250096 -0.00313436643310486 -0.0254761154722881
-0.0189064240726493 0.0731659874478245 0.0406913167266153 -0.0337723778042391
0.0351513974265946 0.0623701250922554 0.0101025438680553 -0.0708935175414619
0.0675941103002119 0.019788179900735 -0.0382206142792726 -0.0578342823461735
0.0492870628352834 -0.0210198655790076 -0.0468742937432829 -0.0132829770643434
0.0270817473401468 -0.0371046513022003 -0.0280212520289447 0.00957578890027904
0.00187017038075669 -0.0451239568124095 -0.00612837535215923 0.00758093779585413
-0.00983591564635246 -0.0414675104603578 0.00192454264018987 -0.0013717520809446
-0.00905955432076203 -0.042970078481169 0.0103297502872961 -0.0076767994257746
0.0123650506829455 -0.0431369967913554 0.0235869761907009 -0.00767085298413262
0.0329893269855136 -0.0328136809069346 0.0393065966107942 0.0010662627304828
0.0608851703389729 -0.00875681166367195 0.035670618285304 0.0311098860832683
0.0516448613302601 0.0363154623447884 0.00542454926773443 0.0529684366016509
0.00482642489685096 0.0663665685779012 -0.0181832557675265 0.0308704419587562
-0.0353639602342342 0.0731116456827795 0.00388164409990708 -0.000745494495240885
-0.0441622032088926 0.0498803886045731 0.0225203909546291 -0.0437806126614574
-0.0277153568037145 0.0673162379849461 0.0549944932013794 -0.0434937858499286
0.0255987773520686 0.0646914362617829 0.025801422270876 -0.0696976428411506
0.063281789683735 0.0258798199663576 -0.0193134484945827 -0.0598822404991507
0.0485919879473438 -0.0166577629392971 -0.0306926462439289 -0.0245369560259407
0.0267489590415824 -0.033676868373968 -0.019287099776729 -0.00831651077619154
0.00262680567033471 -0.0421171234751687 -0.00442756635801043 -0.00927146557686225
-0.00915441389289816 -0.0388943582452593 0.00072329525725458 -0.0166491448978937
-0.00873011015260118 -0.0394973155058087 0.008860122480409 -0.0226688278298589
0.00989020330775747 -0.0393568368241637 0.0238980692146554 -0.022202975250893
0.0297745069547444 -0.0298901085040289 0.0434759704086978 -0.0117023590046576
0.0551271248331063 -0.00679219661523877 0.0426053501504355 0.0214148696439509
0.0441925936498814 0.0342845341033487 0.0135766100739565 0.0462967412017405
-0.000304543376598729 0.058774732252364 -0.0119486082066258 0.0233188779081835
-0.0358940713938869 0.0605697925131691 0.0180862579753994 -0.0168042252950689
-0.0359214335367367 0.0290908443521879 0.0457744794436485 -0.0559807124847894
-0.0285724292569566 0.0471332490581211 0.0664011093095211 -0.0491741777327486
0.0126665294804096 0.0517050005910396 0.0386794766016657 -0.0635658036727474
0.0470936778318726 0.0242755690125787 -0.00174803287670455 -0.057916389163649
0.0375042070502354 -0.01090741290295 -0.0148837567430051 -0.03258795318844
0.0201848586292975 -0.0243951327234164 -0.0109251906084987 -0.0226122969666875
0.00203419525532396 -0.0317682567473849 -0.00316876636353754 -0.023873767840064
-0.00731931828489973 -0.0304314317766125 0.00023136390855258 -0.029027843467911
-0.00749594842515337 -0.0311627100963626 0.00790808454028294 -0.0343867168646361
0.00649808026575107 -0.0311156676423299 0.0248139633607659 -0.033180852507304
0.0232730471232391 -0.0238853249597847 0.0470818529286127 -0.0199036341144675
0.0441608531615122 -0.00355918380098405 0.0465958186144482 0.0155803076768042
0.0319219966517924 0.0298637853313859 0.018691822067176 0.0410433882369277
-0.00700753253289351 0.0463432586717703 -0.00785025554415563 0.0171663622794944
-0.0338129243579873 0.0404481808600289 0.0299903737666448 -0.0282589992531243
-0.0204044704949472 0.00404433021847364 0.0614142518533118 -0.05972241304662
-0.0209492265497674 0.0186914901260278 0.0707938831399623 -0.0515789862325471
0.0014412987553052 0.0266777802068955 0.0456150187295815 -0.0574337558539821
0.0227917546670241 0.014627590550527 0.00958116713591865 -0.0548098220491876
0.0183045177701696 -0.00440732199557512 -0.00620490475166136 -0.0380605184844369
0.00997560971079161 -0.0113362391770152 -0.0072328511789153 -0.032787711478123
0.00102226769807698 -0.016544784299457 -0.00395586994207785 -0.032999212840054
-0.004750497468311 -0.0168616044995383 -0.000576658478320962 -0.0371899609251308
-0.00467049004324369 -0.0184727231025989 0.00711071927846824 -0.0428788340021902
0.00286652568431968 -0.0198326343965461 0.0274727338542548 -0.0403114442242646
0.0154775766867644 -0.0155417013116122 0.0509653948221451 -0.0239744377117882
0.0292552995526332 -0.000566707265165949 0.049781282503099 0.0140795250767653
0.017174570238246 0.0224763754933597 0.0223132200912262 0.0383235296263608
-0.0118808216437688 0.0290744747360744 -0.00503743299076712 0.0134861353627084
-0.0267279955529183 0.0158727851626489 0.0382645646229247 -0.0342460850831137
0.0138382019993908 0.0109327723044988 -0.0430095163650091 0.0472248255890864
0.00945378072089799 -0.00839913184417615 0.0145752880776035 0.0033144469695314
-0.00391206752240636 -0.011861969738765 -0.0167645646279331 -0.0456335743644852
-0.00941647350013064 7.89991422133394E-05 -0.0579399455027979 -0.0265548577287157
-0.00283839071223093 0.00555916379214236 -0.0646517445215442 0.0206757365352351
0.00134271516970323 0.00147519021210728 -0.0353896122453325 0.049789779674043
7.59427043426526E-05 0.00155047303402607 -0.0084408125236981 0.0517954168757488
-0.000519896186632631 0.000834704630956374 0.00347613890111029 0.0440129753430752
-0.00130957362842724 -0.00297019594355802 0.00795424124821528 0.0401510481813492
9.02474302385964E-05 -0.00510988353113449 0.00952661715780291 0.0409569100747603
0.0015964075935303 -0.0045079508562126 0.00349635147212239 0.0449316937982387
0.00632044938005813 -0.00609696480993406 -0.0153290215692282 0.055436574125396
0.0117301050868444 -0.000623564935702536 -0.0459524225936022 0.0563730153305782
0.0124330984474813 0.0138093839979514 -0.0686481533103363 0.0430508199179
0.00516815128473545 0.0227398417152776 -0.0639487121520248 0.0549532368413779
-0.00146282419051802 0.034878542160754 -0.0470172703068374 0.0359944999761169
0.00758303347789802 0.0177160910954324 0.0141939104891719 -0.00112009523560241
0.013116617521756 0.00602001663638966 -0.0176777391219236 -0.0515931189256631
0.014272095248633 0.000592490386705515 -0.0611764427668259 -0.0327057926458213
0.011602571178248 -0.00484652065942866 -0.0671314139648333 0.0171070880947695
0.00866648657550608 -0.0128213145723179 -0.0374443424740911 0.0478478805233283
-0.000757726843931386 -0.0153959926805404 -0.00877788593089642 0.0478007236761679
-0.00392089396188062 -0.0156833243666481 0.00288114457743663 0.0389831368517849
-0.0023038262955339 -0.0204207551377765 0.00994220362325994 0.0348101623278913
0.00988778761746932 -0.0210226647695151 0.0134271487413262 0.0354194085233741
0.0200186950372096 -0.0132417876833315 0.0108823483681589 0.0406019611371569
0.0321429855602828 0.000380367180689215 -0.00557781114174808 0.0548421955356003
0.0256940737178599 0.0230420282100757 -0.0368218294954061 0.05915926447668
0.00369826455011933 0.0414272445425144 -0.0554760686847884 0.0444919995228347
-0.0148205151711643 0.0482246778791948 -0.0507561025819421 0.0483153341214584
-0.0188586755128519 0.0540149861126398 -0.0417425178138148 0.0174961722610388
0.00181052447051722 0.0443731682492431 0.0192531859946248 -0.00990213303351058
0.028087582396498 0.0274360511959991 -0.0130025323878803 -0.059743881257911
0.038995461497546 0.00411473201730344 -0.0606699911653904 -0.042493133857914
0.0279323455999064 -0.0140189268784234 -0.067030870452473 0.00918674966688585
0.0163882474819315 -0.0256563947015971 -0.0378746092641216 0.039853332715002
-0.000389421220579467 -0.0313253602607223 -0.00906978720625011 0.0387978831597441
-0.00674212958932318 -0.0295860130627542 0.00256553638681584 0.0286883921113088
-0.00415257048179964 -0.0340290835712457 0.0117600084352615 0.0234993879490941
0.0151796283467424 -0.0345420429998469 0.0188166873828638 0.0234960762006629
0.0312950674305925 -0.0232863352656202 0.0223438425190075 0.0311528634479262
0.0520943281951619 -0.000845192598982686 0.00989337092833496 0.0512017106497124
0.0406209629724627 0.0359960702981582 -0.0232029134314178 0.0619612009467507
0.00264790053404463 0.0609506497464668 -0.0409075562539386 0.0432137224359222
-0.028224911039684 0.0674580747373438 -0.0327490376759334 0.0355407014980927
-0.0351511382523909 0.0639277658095312 -0.0261784249123455 -0.00389385460985507
-0.00884593122926935 0.065908122681749 0.029119195838041 -0.0213190123774615
0.0362846885262028 0.0495407216342979 -0.0028229357136736 -0.0681989533823571
0.0600242097864356 0.0117920164158377 -0.0532265822024275 -0.0526443731943818
0.0429880475833463 -0.0200326430537743 -0.0608613663376307 -0.00211363767717974
0.0241213977701588 -0.034947226611894 -0.0349837200853127 0.0260591083511513
0.0013608835390988 -0.0419176851148289 -0.00859684868341669 0.0244331366243422
-0.00837037873292001 -0.0387269917662308 0.00207856586176137 0.014341527424961
-0.00693302761366942 -0.0422352592105703 0.0116761116896132 0.00843492851384731
0.0156680528035226 -0.0426802505344132 0.0229093121207783 0.00810954787546958
0.0355994116053269 -0.0309095812785277 0.0333662766660065 0.0167274259824658
0.0624817324130745 -0.00538180437902145 0.0252554103197802 0.0428036508718841
0.0508863370660569 0.0394987860872246 -0.00812174340907374 0.0605895226866113
0.0042096958139225 0.0695415329925375 -0.0290732626370973 0.0391507214419194
-0.035090990683209 0.0765248618573344 -0.013617550626187 0.0179863687598615
-0.04581582343137 0.0623007659728686 -0.00227900899433205 -0.026046500632471
-0.0215329861552187 0.0754829284786737 0.0436017026898306 -0.0331886230386234
0.0344712846629429 0.0651124286563048 0.0127864862897282 -0.072255442390045
0.0698470208549637 0.0213246170131261 -0.0378722355350149 -0.0602822864708227
0.051707335739442 -0.0205000669952132 -0.0478935436941317 -0.0150058429239444
0.0288748467557994 -0.0383739725711018 -0.0285132410060518 0.00859670425725095
0.00260184432414869 -0.0464612006224878 -0.00638207410540516 0.00722237002467142
-0.00913487911336362 -0.0426340887747201 0.0015871960311293 -0.00203163628366607
-0.00854422091470181 -0.0441805605492161 0.0108130491244769 -0.0079551242003204
0.0138151146036669 -0.0442642207119057 0.0244490348694732 -0.00781286361322937
0.0349254618081069 -0.0331946346938493 0.0402366221177188 0.00159895093889434
0.0634645942705263 -0.00779225972414857 0.0367249814263455 0.0320116525036708
0.0519244548926676 0.0386213423116809 0.00465433784711976 0.0550880947627909
0.00291667970147318 0.0689278652518326 -0.0196224762097603 0.0321609315088641
-0.0384141683324268 0.0740876934136969 0.00367581300463949 -0.000683153065977414
-0.0465275663156655 0.0502839758270857 0.0250998855210038 -0.0447645290884745
-0.0304256467435186 0.0684732795805218 0.058660683774939 -0.0427907942316341
0.0246651449003381 0.067171159591392 0.0287511111854907 -0.0706446511595452
0.0650591501770398 0.0276719581088514 -0.0181120345459447 -0.0619520228874186
0.0510269414096971 -0.0164873301109676 -0.0307245971216449 -0.0261803322997983
0.0285079193112413 -0.0345101074461289 -0.019857938687309 -0.00893391392894412
0.00403309652012343 -0.0434395685806586 -0.00469248886551966 -0.0103747284010359
-0.00867071090579916 -0.0399989306331936 0.00109600157045807 -0.0174309414830454
-0.00842174131580643 -0.0407772953056906 0.00963123029696289 -0.0230649159903306
0.0109161661379927 -0.040127787392092 0.0253344415838037 -0.0224726343385457
0.0307730596967679 -0.0301545428463595 0.0448894152534443 -0.0111116116125039
0.0571582702745154 -0.00576653343687007 0.0437399878620244 0.022750716734528
0.0446842893695991 0.0360380255121992 0.0132150063499592 0.048470674168176
-0.00213239077990345 0.0606455283706618 -0.0132471429672379 0.0240879592836559
-0.0384573917881056 0.0610694451754464 0.0187389842934882 -0.0167469783300495
-0.037583349153056 0.0293579833858078 0.0496923353349603 -0.0565071584610538
-0.0310167282671667 0.0478327089807827 0.0703934491389664 -0.0482804895431739
0.0118304615924904 0.0532142628141064 0.0421916926232575 -0.0638652245985606
0.0481430310341085 0.025712373236553 3.99438157093352E-05 -0.0593102761702223
0.0393982131111721 -0.0103153973048669 -0.0148363146298704 -0.0341860444491947
0.0219207462526731 -0.0248556823813445 -0.0109289439078311 -0.024052629275991
0.00328481556250757 -0.0324816944219699 -0.00298688916515692 -0.0250458924941699
-0.00729430516477554 -0.0311934318788492 0.000572391250179364 -0.0305459175704296
-0.00684485587249061 -0.0318483341536306 0.00876465358158664 -0.0357288822270843
0.00758834970679876 -0.0316821804340067 0.0265871001986742 -0.0336127946311632
0.0246316655434752 -0.0238278147267471 0.0487161341773163 -0.0195140692895222
0.0455415761875457 -0.00242120191639769 0.0480364097812224 0.0170554873386012
0.0321594276014058 0.0311485649752763 0.0184180700287388 0.0425939667574479
-0.00836287579487136 0.0477859690571395 -0.00844263643754824 0.0175971617318361
-0.0355288161387309 0.040790976550483 0.0315999530009272 -0.0284185660111816
-0.0205128619572524 0.00335235130449569 0.0656325211390276 -0.0606601296084907
-0.0222500717921017 0.0186122557270369 0.0751434233884565 -0.0508460613407513
0.000892003781312648 0.0268061873800041 0.0489868650953486 -0.0579969045832829
0.0233266635800862 0.0151227286744128 0.0115235654605518 -0.0557605531162872
0.0188696893123702 -0.00393996073889181 -0.00504357511412887 -0.0391805428094554
0.010573275419046 -0.0110720147447045 -0.00654920945579476 -0.0341111698855109
0.00108441044110599 -0.0167062555206691 -0.00300582076347809 -0.0344723662146583
-0.00468246867874178 -0.0172443787104765 -0.000108553534274198 -0.0393972337459673
-0.00457378349727348 -0.0188831364427794 0.00825350676008636 -0.0437004931115602
0.0029958911309629 -0.0198032726797773 0.0293007039321918 -0.0405835037675873
0.0161152475364433 -0.0155719326609269 0.0526534492098694 -0.0236008465406557
0.0297742383510174 0.000339706617472872 0.0512746898050084 0.0162199899243488
0.0168102284193739 0.0234908494984373 0.022324871255335 0.0399961995385935
-0.0126823054004521 0.0295881059433454 -0.00530226514997109 0.0140545347751431
-0.0277577199197685 0.0152901256986335 0.0400044536548639 -0.0345929011649949
0.0140392985547921 0.0109684483412923 -0.0443225470544003 0.0510287681257916
0.00979785071000984 -0.00872330658750513 0.0159322506486306 0.00343656707753461
-0.00429275400915657 -0.012018459098709 -0.0180464489159293 -0.0479040614907344
-0.00957285540274209 0.000173801637398779 -0.0609139503911092 -0.0266808491286226
-0.00290834927525895 0.00523087897315968 -0.0677358362175506 0.022904049727771
0.0011627346947388 0.00143393875362052 -0.0367341314439275 0.0528030212810669
0.000148992289239674 0.00119237948947006 -0.00802441585126167 0.0541905019962945
-0.000524896139942292 0.000637578622825308 0.00373669471267265 0.0463844319892339
-0.00159367861805896 -0.0031917164433838 0.00893607887924763 0.0425534615226528
4.6176814432369E-05 -0.0051031803724992 0.010562029162699 0.0425841012944915
0.00181727644312765 -0.00481106178123006 0.00430189061530614 0.0475034662954653
0.00702169526585159 -0.00634478798646711 -0.0158185406930825 0.0583797442384602
0.0127928626761262 -5.93790406629591E-06 -0.0477206543811867 0.0590057151925426
0.0133164203809383 0.0145342572584289 -0.0722319076640258 0.0454500044865873
0.0054778230713372 0.023368759370744 -0.067574079756116 0.0587062965775515
-0.00121243411468373 0.0363920209760229 -0.0493905535858318 0.0387777265107513
0.00841566179341567 0.0187983283514203 0.0153910178470728 -0.00103555738447414
0.0138957839517847 0.00590867985962953 -0.0184630189358718 -0.0538605335240625
0.0151429987748535 -2.18011329310825E-05 -0.0646702020375027 -0.0334404977569352
0.0126765425064525 -0.00563303267511326 -0.0702914954627401 0.0186053586113996
0.00864510692234632 -0.0143268665773811 -0.0385583054704907 0.050518562834564
-0.0010366810616334 -0.016737500204227 -0.00868785098463501 0.0505444031101999
-0.00445923150829535 -0.0164055855953972 0.00328093469894409 0.0411308205916501
-0.00255497840674402 -0.0215302771955835 0.0108400878156348 0.036725638042214
0.0100461339841451 -0.0225725867626563 0.0145885568247637 0.0370220670704349
0.0206919621106237 -0.0141634012875873 0.0117233411134918 0.0421453617118806
0.0343897114767159 0.000179325316484141 -0.0049007534539979 0.0572200910737572
0.0275496724622063 0.0239047485092865 -0.0379298392491988 0.0625944736835842
0.00432645642923636 0.0438851616588724 -0.0579983684761674 0.0476736053322741
-0.0154543938113523 0.0506148070653627 -0.0537895215325373 0.0520850426790773
-0.0192743682806134 0.0563442697015189 -0.0433597824641299 0.019587229186879
0.0024147248685558 0.0470015160000475 0.0203219177658064 -0.00985653530824221
0.0300493903856076 0.0287350994367656 -0.013997360123098 -0.0625577534529918
0.0412408085819688 0.00332588121661192 -0.0644568718116304 -0.0437891465994855
0.029109586189665 -0.0155541112727165 -0.0705699437768151 0.0105721755226296
0.0168291578048506 -0.0277913981127383 -0.0390773676401828 0.0419280346660228
-0.000864331967736435 -0.0329673063107586 -0.00945252343284506 0.0407540968272492
-0.00757691814918802 -0.0304557069163927 0.00288525963817275 0.0304414386186666
-0.00486394858045223 -0.0356802911134236 0.0120767009877075 0.0239063555167209
0.0153177215964317 -0.0368787208008854 0.0199116214871749 0.0245919023183956
0.0327374795872024 -0.0250276225920224 0.0236372972482061 0.0318664205630447
0.0549399575304079 -0.0017053118763707 0.0110236260876108 0.0537851951969704
0.0435119419178307 0.0373073239719838 -0.0229773715278515 0.0653562669769886
0.00288702093585564 0.0646219439294261 -0.0424271512747363 0.0462181111926642
-0.0292783008573532 0.070840978782119 -0.0347328313458468 0.0383276692031741
-0.0365122171794736 0.0672879160297637 -0.0271196363316599 -0.00314135651586597
-0.00886520173150996 0.0698707666823313 0.0311176917826479 -0.0222768563052134
0.0391190188229902 0.051476755639103 -0.00314587184592084 -0.0712960106967421
0.0630948866433987 0.0111982863128451 -0.0562543033387436 -0.0546118293267345
0.0450109196818829 -0.0219826461624312 -0.0642209589036708 -0.00164030077059727
0.0249488767880045 -0.0375220731952465 -0.0364604393629323 0.0275883125565185
0.000502281745701298 -0.0444073839149646 -0.00907925012995434 0.0255789903851911
-0.00995213538957984 -0.0406014720839881 0.00192597021472768 0.0151551383021864
-0.00733528415328293 -0.0440559977841504 0.0119383386505348 0.00812892799655545
0.0155819148441032 -0.0451804226148932 0.0238474454470285 0.0082459319445574
0.0370073380052113 -0.033304243611314 0.0349580358121428 0.0171166418804867
0.0660756775773354 -0.00667456162716616 0.0274089858642077 0.0443715119723852
0.0542187903381728 0.0405951437241179 -0.00713886097168332 0.0638747747791888
0.00472585087581068 0.0736666301069557 -0.0296388612844272 0.041500711390289
-0.036654937355834 0.0805976509398956 -0.0144721348127545 0.0194390768917632
-0.0474724092983193 0.0659434071741216 -0.00198617159242061 -0.0272656739953709
-0.0221048567402126 0.0798234871897534 0.0459309433163268 -0.0351723450244714
0.0373193214158358 0.0679566493182327 0.0124195098301477 -0.0758982997361829
0.0737649990913063 0.0210758042779181 -0.0400437184000287 -0.0626660291651536
0.0544222990510763 -0.0224349203024757 -0.050264104848322 -0.0155789121334129
0.0300432731945663 -0.0407566099731993 -0.0301724176647177 0.00899441430669258
0.00256265090862216 -0.0490322778298991 -0.00791144776551085 0.00709332713175111
-0.0107686230633598 -0.0445698987790681 0.00148475698098794 -0.00254194382766736
-0.00931773255980404 -0.0463509609835503 0.0109128383248068 -0.00882701239102521
0.0138871188657871 -0.0472065453323603 0.0254571217528722 -0.00904678678366458
0.0359879896434548 -0.0356762090895952 0.0424589318026285 0.00105175473953613
0.0664587678538961 -0.00909916652018752 0.0392832782211317 0.0327394630212934
0.0550982244346926 0.039568227096743 0.00589789235895458 0.0585318406429009
0.00380200677579552 0.07260461418516 -0.0201622371023032 0.0335294211573258
-0.039353620027695 0.0780025496338019 0.00368904150609441 -0.00041084679628537
-0.0482537768288841 0.0529781193841509 0.0268721724415355 -0.0470840231538525
-0.0307070866039844 0.0727273981216644 0.06185363159368 -0.0451673035474187
0.0266055910539958 0.0696951775992278 0.0295061431218785 -0.0739045860164554
0.0690874440007171 0.0277548351404116 -0.0195025062285743 -0.0644738201122299
0.0533398082227481 -0.0178914772122614 -0.0322487947002386 -0.0274060385514625
0.0296495444709145 -0.0369833526562496 -0.0206360817727408 -0.00996147911204301
0.00329297586718233 -0.0451719678094717 -0.00549227553294121 -0.0110457694473747
-0.00964051303375976 -0.041826309670196 0.000284841312093889 -0.0188545985765731
-0.00943443803227696 -0.04235558837162 0.00955230847072776 -0.0246884633312482
0.0108217192195056 -0.042638382836955 0.0262690750597707 -0.024077830763605
0.0318264420795595 -0.032257691200334 0.0468748149550852 -0.0124698653292586
0.059941045239703 -0.00710220868460552 0.0463383164326285 0.0226960031161916
0.0474681811895321 0.0372600124538388 0.0148849408348921 0.0507580001478437
-0.00137905746668264 0.0640795086375131 -0.0132620094775396 0.0253808139046288
-0.0392523208321495 0.0643364014155334 0.019271673002287 -0.0182364373593939
-0.0391270676316676 0.0313072586599704 0.0526064214529539 -0.0602785932748163
-0.0315719342301097 0.0509925681767693 0.0745290355743525 -0.0514052406730321
0.012975240184397 0.0554692142080071 0.0432112188122684 -0.0671734126379501
0.0509682020524123 0.0259600800803101 -0.000644707499202398 -0.0618028637639313
0.0410900891046924 -0.011530817616889 -0.0151387608024877 -0.0357825643287526
0.0229319517196613 -0.0268559956708891 -0.0120979505484978 -0.0261263904550482
0.00236538123186544 -0.0345123474880163 -0.00387666497585244 -0.0269964308451753
-0.00831215387399285 -0.0324228480465629 -0.000320974460236341 -0.032941792500962
-0.00779296679516968 -0.0331568555499938 0.00857272774151918 -0.0380486589936086
0.00746874703347999 -0.0338051179136199 0.0276102688345273 -0.0358063335932559
0.0255864923764606 -0.0253282368169215 0.0504570900538011 -0.0215207515377153
0.0476448947677487 -0.00321672209418276 0.0511004727608156 0.017359411881193
0.0337196441637303 0.0323895245023815 0.0205013777040188 0.0449223786334606
-0.00825868875664119 0.0501771747530172 -0.00862885689742759 0.0188700655409186
-0.0364475083221868 0.0425549846742365 0.0324198671914672 -0.0305290333921874
-0.0214450855461803 0.00385254688081457 0.0694055284798401 -0.0653761601215513
-0.0229485096036258 0.01964531489768 0.0787431615112149 -0.0540551919064311
0.00132071379303999 0.0279533482686902 0.0509821818214532 -0.0608711128885633
0.0243636420354555 0.0150703680414797 0.0117150819519029 -0.0584463682561903
0.019903975060611 -0.00460186418492048 -0.00586198168462435 -0.0418273269684151
0.0111796002110903 -0.0119832484713446 -0.00755190026170892 -0.0360402501148923
0.00107722382398609 -0.0172075144681913 -0.00422277427211375 -0.0369285004094002
-0.00520243011572182 -0.0179447993686979 -0.000908240424436552 -0.0413453352707586
-0.00525742195487764 -0.0194169218756621 0.00832577337256314 -0.046704669702589
0.00300628236655455 -0.0210160611721055 0.0305434931749575 -0.0430728219046558
0.0165826702369937 -0.0167591156094656 0.0554407629911276 -0.0257856828353297
0.0306247902116821 -0.000410515741937392 0.0545249218109652 0.0162535839558504
0.0175891976655488 0.0243747451533251 0.0244483386757345 0.0423957722552257
-0.0129400128383101 0.0307172427967331 -0.00551094963734164 0.0150039634479538
-0.0281098722269349 0.0162351997787757 0.0414242768386237 -0.0370889906023168
0.01221809131327 0.0144208060834183 -0.0529196817561674 0.045176875806474
0.0112509551033688 -0.00691805965518457 0.0161809141017834 0.00630595423693358
-0.00244514242854734 -0.0130073427142961 -0.0103687450833239 -0.0521930039157383
-0.0100081184584278 -0.000937391256128372 -0.0589799637587317 -0.0380886253871714
-0.00335310026837705 0.00609947885469966 -0.0734257204400305 0.0120692961154924
0.00146797898067301 0.00215745404101612 -0.0465845930895229 0.0479880420024444
-3.59769147266597E-05 0.00121419646035418 -0.0173529836877458 0.0546724178736666
-0.000563651803502371 0.000393975606805658 -0.00408010232686482 0.0486765124872271
-0.00106412743771841 -0.00405918377178055 0.00260348811233854 0.0459077593245443
0.00148483557486448 -0.00513074303939325 0.00382747620230113 0.0459355642775186
0.00342644386296833 -0.00440832241539386 -0.00424690557270932 0.0494872776455474
0.00795926582534002 -0.00480615000855239 -0.0263104941669143 0.0572720834546685
0.0119811427244382 0.00326260852637304 -0.0585257119162268 0.0524943458704022
0.0093337219846103 0.0181378645818494 -0.0825348172095924 0.0335096496385759
-5.13886162332045E-06 0.0260608416057468 -0.0808504887591692 0.046986441181222
-0.00810155151737373 0.0368448154019072 -0.0565177968125539 0.0324968630912512
0.00526577856480773 0.0205828158130371 0.0167328464714118 0.00195989659509238
0.0124321845553754 0.00867071366799488 -0.00882820692993075 -0.0570137224230695
0.0148167813211742 0.00315322295190259 -0.0599191699020245 -0.0445841253946661
0.013976884379085 -0.00219299268517372 -0.0748348425987091 0.00737808359392743
0.0113883062132623 -0.0122459285991311 -0.0473010939619187 0.0447090610976377
0.00209328304386378 -0.0170484013571072 -0.0170039098110044 0.0505020594721708
-0.00115859204930212 -0.0173264764947622 -0.00324263877028206 0.0433290796802336
0.00129934707928056 -0.0224570869753252 0.00554283325095078 0.0397022445206122
0.0148040880822959 -0.0214342817218351 0.0088919939453238 0.0409443531127857
0.0246568194577101 -0.00989509081196338 0.00406015506197223 0.0458068985864156
0.0347708712628087 0.00693307470411691 -0.0168982368913778 0.0581590195264615
0.0220794660642454 0.0312491355206907 -0.0492835274332362 0.0573092429739802
-0.00540384142771003 0.0469948077120542 -0.0675500606661486 0.0366020129119556
-0.0274935113836192 0.0506128026773231 -0.0635536831577367 0.0416326762526972
-0.0305392930338744 0.0537632465976247 -0.0483687134009819 0.0152297571788053
-0.00629798480397169 0.0475143922034065 0.0229576855804835 -0.00495056660176775
0.0241907321414665 0.0337930201468578 -0.00169067372763114 -0.064152133442072
0.0399791174517894 0.0109591854888439 -0.0563412606365307 -0.0545055438741647
0.032927798833279 -0.00957438921363858 -0.0725431012598148 -0.00210546314672538
0.022333256409863 -0.0250649441055838 -0.0465264813684764 0.0360918580624803
0.00476302462839181 -0.0333720538467895 -0.0156758130574211 0.0392947136956875
-0.00138499254351584 -0.032922696472274 -0.00229217326710814 0.0315840146405293
0.00149268618991116 -0.0374331948021803 0.00895639006179664 0.0275713749081274
0.0225373689902816 -0.0348564098298286 0.016555359830146 0.0295699801027831
0.039107603442077 -0.0188842445883585 0.0178175920470976 0.0371246468692317
0.0571401578168697 0.00861168244124916 -0.000595353590360271 0.0571631385551278
0.0360626947166719 0.0479209266677722 -0.0349459511015003 0.0621360939306311
-0.0107037135668082 0.0677714059566068 -0.0516802560528577 0.0367880931598561
-0.045986674473614 0.0693769357702563 -0.0399711449805365 0.0301615375751516
-0.0499503167556537 0.0609907461055124 -0.02822107015438 -0.00499214128001174
-0.0212269667089302 0.0683039489515603 0.0354920951879748 -0.0150057992891568
0.0288324244448985 0.0583836764709248 0.0112583622035092 -0.0697865754831228
0.060683118147228 0.0217213941020675 -0.0451351914934407 -0.0632449395345447
0.0494837012181063 -0.013567618165767 -0.0633862846485974 -0.0139701241959429
0.0321865249664367 -0.0339069709048124 -0.0411911452303303 0.0213751366638731
0.00831242644628798 -0.044944439769111 -0.0124148101810736 0.0233980580782633
-0.00183276037128035 -0.0432330866130421 -0.000867169672884949 0.0156048291296695
0.000783475993201221 -0.0462822198560558 0.0114576601898233 0.0107678735947662
0.0248439697648185 -0.0440508087112896 0.0235697755747447 0.0132814227359673
0.0456571160272027 -0.0266807525766333 0.0314029709581338 0.023712388277126
0.0695727930799006 0.0051367501392153 0.0175360615893682 0.0516297713988789
0.046598910650069 0.0539237303451352 -0.0184991077176906 0.0634883076675933
-0.0101335222816127 0.0776167128263028 -0.0370433239344178 0.033741046997276
-0.0552333768965882 0.0776272542669818 -0.0155985923924563 0.0142977082420055
-0.0604128861073916 0.0567631749175426 0.000809246912380793 -0.0253711126702816
-0.0364682522931163 0.0755050808547169 0.0526235087553315 -0.0255266972283339
0.0238677884132051 0.0739656094498875 0.0281490986547172 -0.0701186127741433
0.0692511196663201 0.0331172405526409 -0.0261001359328275 -0.0677204318224033
0.058947235717345 -0.0126955193416853 -0.0464987846723384 -0.0257780566751073
0.0381751913393624 -0.0368824387589792 -0.0312993196869982 0.00332424788821548
0.0107487563679145 -0.0494116554985428 -0.00839939528023447 0.0044495490373793
-0.00182532744024868 -0.0473937085549631 0.00137931584460697 -0.00205929021120453
-0.00117297771530203 -0.0483735301328408 0.0133782250498313 -0.00717426782057929
0.0233136122320322 -0.0456603714942254 0.0281910213483208 -0.00416009410776828
0.0453192045806251 -0.0292385811959161 0.041817059640043 0.00837788976579587
0.0710643200600665 0.00284154164047781 0.031383872321205 0.0418691427235618
0.0482046101126263 0.0528312882285464 -0.00397254518559447 0.0599060679865086
-0.0111369382079762 0.0764918630003937 -0.0260681378689378 0.0276147824382104
-0.0575094824766012 0.0742127420072171 0.00696694836439618 -0.00284919869060468
-0.0589805837192817 0.043071902082541 0.0335846606987909 -0.0411778012165781
-0.0448384477243654 0.0663697228126611 0.0703439182306443 -0.0338401469535059
0.0128709502738963 0.0739406822188229 0.0442452882987789 -0.0653012028783206
0.0634645792366167 0.0386959294781712 -0.00516316953699643 -0.0657004294711628
0.0566096770700645 -0.00859586982024684 -0.0254128738233818 -0.0348728879381813
0.0368219085854388 -0.0326224957820035 -0.0185616147475173 -0.0147276481613077
0.011013944107194 -0.0454908784916439 -0.00296682476163625 -0.0139853156611042
-0.00209432639527698 -0.0443126773695084 0.00299651551427683 -0.0199088815402949
-0.00168678739996111 -0.0445325549477553 0.0140894751542952 -0.0239086977805995
0.0191874329509963 -0.0417401591153278 0.0312300905557922 -0.0198494851734857
0.0399939339250013 -0.0266084836056691 0.0485359094802677 -0.00478375984538801
0.0638303491384905 0.0035847279303641 0.040481637666531 0.0326346378045144
0.0401034545113103 0.0485445954570929 0.00670390492140278 0.0537585096523379
-0.0144791848952886 0.0658866738464538 -0.0172843999386941 0.0205371311220849
-0.0544658127524421 0.059313653299512 0.0261243556435361 -0.0169535780121741
-0.0450890399152045 0.0222528017417736 0.0628234868788355 -0.0508484653021917
-0.0410152583788934 0.0438424370098297 0.0842224882155438 -0.0383757986286491
0.00216060413404253 0.0565813433702677 0.0561743888532475 -0.0577007683879985
0.045648111738468 0.0334072287611128 0.0122939140792889 -0.0603349129237354
0.0427349333063998 -0.00428106457656668 -0.0075500638295901 -0.0398079485332784
0.0280803612573307 -0.0233826691997077 -0.00679914568199501 -0.0295448545179638
0.00827740874360016 -0.0342631810557898 0.000832273997573931 -0.0296949216805469
-0.00202879825935091 -0.0345360218388958 0.00460537153226747 -0.0343326042006497
-0.00192212674717967 -0.0352435427568953 0.0153468142613056 -0.0380133627181919
0.0136643700031509 -0.0328904815672316 0.0349106551031364 -0.032058518797786
0.0322138147750998 -0.0209072515040104 0.0546262600090438 -0.0131575145182405
0.0505180522628955 0.00567669088293827 0.0470124362708982 0.0266647365427025
0.0272936453098361 0.0410594391799634 0.0140518219777472 0.0483530810268245
-0.01811306559072 0.0500760925583734 -0.0109176601514199 0.0155253605474687
-0.0465229483991075 0.0370086258344846 0.0414139549034951 -0.0268652918837398
-0.0218659028918654 -0.00215228500860037 0.0811990507965096 -0.0544080826119627
-0.0262603182879813 0.0140022652532008 0.0896459681716035 -0.0417537591563388
-0.0041959822990852 0.0271348706149105 0.0625332931457901 -0.0517080756822274
0.0207823691761869 0.0179932314659365 0.0231890247828099 -0.0563070176993745
0.0200391786108355 -0.00101690002311353 0.00281667508561112 -0.0434087221162952
0.0131678352994886 -0.0104557398180948 -0.00146375425744798 -0.0388400842035373
0.00396467789973736 -0.0172620278213492 0.00175921061001133 -0.0396848471946851
-0.00194073599648474 -0.0193521344222959 0.00537333166624579 -0.0431441749115365
-0.00136251706533197 -0.0204515392772343 0.016271561974888 -0.0465124348783631
0.0072983962407334 -0.0206706053448516 0.0388397646636576 -0.0391237505281156
0.0210730319484334 -0.0139369970321798 0.0599090356978916 -0.0169013224789835
0.0322944202221811 0.00567707661630157 0.051152659022356 0.0264512695259779
0.012231748536307 0.0288592299278098 0.0183613266847204 0.0468471719335955
-0.0190829167411203 0.0292051432549713 -0.00733906277183108 0.0127517514964734
-0.0324089422034877 0.0103948768079139 0.050483712959657 -0.0305956861447041
0.0128149822808254 0.0127332873070886 -0.0490315363410094 0.0484531392860669
0.0104370684122168 -0.00772719681005948 0.0170624380074355 0.00493966320581939
-0.00360235337091031 -0.012047535559491 -0.0138479964617422 -0.0510406630922584
-0.00960514719816702 -5.33166922986315E-05 -0.0609732468308353 -0.0333189853871162
-0.00328502180754255 0.00600305624878555 -0.0717836378006439 0.0174949475561704
0.00146782677309902 0.00153456801670775 -0.0426738163148874 0.0514366983842152
0.000148506639041713 0.000719756792402173 -0.0127557259629721 0.0553670750522411
-0.000393213375401462 0.000110096306889501 -8.70690888575105E-05 0.0488655344841125
-0.00167530050121445 -0.00388583939450489 0.00581999355217548 0.0458107432837621
0.000984696275248636 -0.00590541101345182 0.00702371735705445 0.0453981782450211
0.00329269717628117 -0.00457469015111261 -0.000688712032879933 0.04945977692413
0.00776730233174423 -0.00524110297421157 -0.0222864791441981 0.0585008570672307
0.0123094588930373 0.00253524869751011 -0.054754581178542 0.0559872798913027
0.0108030416560734 0.0175050253118344 -0.0796462337264294 0.0386622532780417
0.00177244820945334 0.0255807694417813 -0.0773241222092199 0.0530472799157521
-0.00586206782095494 0.0373473152526132 -0.0531055564355071 0.0373355070256909
0.00637795245850326 0.0201797977649761 0.0171456457299371 0.00132294195810211
0.0130657589353245 0.00774495911166343 -0.0126180556092476 -0.0560667037897444
0.015256724573941 0.00192233031652963 -0.0624994671754159 -0.0396656472829962
0.0136013623980897 -0.00367262252941462 -0.0741432172455845 0.0128612368609112
0.010211179096245 -0.0134589678503852 -0.0440357687151348 0.047777638151708
0.000265352377223547 -0.0172839527328109 -0.0132230522845442 0.0509849546046673
-0.00232113655966206 -0.0172126888638074 -0.000194005259283094 0.0437809953484911
-0.0005588320288481 -0.0227001802786048 0.00846809177213353 0.0394445250434949
0.0135650366879761 -0.0223708652905501 0.0115740280685587 0.039977898224262
0.0240241330686643 -0.0115616205980766 0.00763513815631391 0.0453760676074035
0.0355159405903701 0.00391149505566942 -0.0128725433784028 0.0586960084004695
0.0245018956734296 0.0296290224215907 -0.0448258896256667 0.0601716346639942
-0.0022060992385452 0.0471709434057148 -0.065338681139262 0.0404435821658578
-0.0235618674586604 0.0515701213440054 -0.0610925857039505 0.0466434015003511
-0.027046893584993 0.0554278539650252 -0.0465853663546026 0.0189715541712852
-0.0026187358273048 0.0480691529394933 0.0231010143666462 -0.00661570211548849
0.0266639439177734 0.0320975998593522 -0.0060143967584496 -0.0630788324139143
0.0411904557287611 0.00741106279535627 -0.0592945885817666 -0.0494002507467656
0.0320488762080418 -0.0124890402979795 -0.0721964151040266 0.00347424860344781
0.0203694743938312 -0.0269860584532923 -0.0436804515021673 0.0387914844315107
0.00238191051917955 -0.0337666291294015 -0.0128327160578482 0.0403896484915758
-0.00401241504800737 -0.0322945942598102 -0.000421677146397304 0.0317655397068206
-0.00137602191274451 -0.0374083576327615 0.010740246981757 0.0272492134803167
0.0197706193619142 -0.0367128296637025 0.0188030358277348 0.0278179204780252
0.0379324133234912 -0.0217795528542315 0.0196678977772542 0.0360106967294934
0.0577733354490246 0.00389379634787358 0.00380923039289688 0.0568327677919087
0.0394324241933887 0.0453440513678493 -0.0298733871157219 0.0644066733848278
-0.00596799239912871 0.0687514687759859 -0.0487034303821512 0.0405315203808879
-0.040538018330318 0.0718384481971957 -0.0385005925393362 0.0330554159401933
-0.0453254752183718 0.0635997777353042 -0.0276288209556433 -0.00279401555962392
-0.0162470708573269 0.0699812413757096 0.0346726356183788 -0.0173665800297213
0.0328914199776382 0.0555824191850643 0.00638349848581416 -0.0691615848027643
0.0623183100280996 0.0167292958820757 -0.0488375934372701 -0.0591308468923951
0.0484425788268963 -0.0172381769329164 -0.0635921685870618 -0.00945072347919197
0.0294219906927015 -0.0363730040944569 -0.0393785136161608 0.0237403440378276
0.00487290579625469 -0.0455907479052386 -0.0115728835110932 0.0238797607508297
-0.00544284786184162 -0.042753483283866 0.000199213370545846 0.0156457543530839
-0.00313014466784073 -0.045975867420713 0.0120736229993849 0.00981166335738405
0.021369144590425 -0.0456581508064317 0.0242458193136786 0.0114036452233699
0.0434353440908626 -0.0297541806720504 0.0323651309737472 0.0211968924661701
0.069751620577012 -0.000634611972294934 0.0209293110326042 0.0489705807158614
0.050293066078911 0.0501723338607627 -0.0130743881435259 0.0642183276977803
-0.00514324911441739 0.0782904103746314 -0.0345003955711337 0.0362361519447796
-0.0488809898599053 0.0806018047599252 -0.0150616706376225 0.0154128125485247
-0.0563157894106112 0.0607064947940627 -0.000320077181753683 -0.0251163179034613
-0.0308140655603215 0.0783246721125143 0.050954042072576 -0.0286035178988215
0.0293003449918486 0.0713504711052216 0.0229825784654442 -0.0712346104514083
0.0721005756983308 0.0273201776667099 -0.0306707933219284 -0.0654080716722562
0.0578636145991512 -0.0172805874769211 -0.0476619414006658 -0.0224457360327341
0.0349370837579793 -0.0397891555783312 -0.0307454778856959 0.00484991632871247
0.00686351008243308 -0.0497687388585002 -0.00848867643707092 0.00467933400676393
-0.00590794298701691 -0.0465674272228782 0.000615682330180495 -0.00237291831340114
-0.00462038747325264 -0.0482249313216134 0.0121481052681942 -0.00827770558961918
0.0193759893917583 -0.0474159722707849 0.0278440074877006 -0.00622588958912625
0.0428981318130157 -0.0326257614085835 0.0416626507348546 0.00557297463752098
0.0710642339450423 -0.00289072487385415 0.0344985881836374 0.0385263065190739
0.0515857660682717 0.0490278844267928 0.00129885380646428 0.0593907262126272
-0.00555775966804413 0.0768839914716132 -0.0237066325746213 0.0294888707012439
-0.0511720573364366 0.0772809907687436 0.00634705024560881 -0.00333628751324029
-0.0556255449591703 0.0465932101472793 0.0313423877044189 -0.0433467592740878
-0.0395120879739023 0.0695050914679864 0.0674989852085184 -0.0377762405268388
0.0186298366326561 0.0720528272357872 0.0395282987942424 -0.067226670255826
0.0662091722202684 0.0332109520395936 -0.00949317012329836 -0.0646373803860356
0.0563276987794033 -0.0128947087465353 -0.0275765570314092 -0.0324935929094205
0.0341577381279973 -0.0354227814254312 -0.0194579788439291 -0.013784819106008
0.00798861962809989 -0.0459934548164085 -0.00455174877406361 -0.014319707477222
-0.00550120984676077 -0.0436709016393912 0.00136043385994379 -0.0204316642506343
-0.00516014747650447 -0.0445552137179375 0.011900958561936 -0.0251571367840188
0.0161889313398507 -0.0429766838275207 0.0298192479516952 -0.022359164070791
0.0379153743188504 -0.0295670596107552 0.0476811458054023 -0.00811943392482256
0.0638953659801044 -0.00152747981542868 0.0432568236812872 0.028641517305847
0.0432339677180475 0.0451389075320737 0.011351607452448 0.0531455545156338
-0.0100417281325285 0.0666575808728681 -0.0156917647293152 0.0222108180954195
-0.0493821571631548 0.0627759927610996 0.0243930462443602 -0.0192474120580529
-0.0428254717259821 0.025249972441002 0.0591488072555314 -0.0555994989911518
-0.0374853911786168 0.0464777616648741 0.0807755490052118 -0.0441954000096223
0.00619342566696398 0.0558156195596799 0.0522494624231568 -0.0605641775365105
0.0477138450621123 0.0287566760416516 0.00891145118212797 -0.0604314536537666
0.0422304422252478 -0.00754843413383972 -0.00978144602860213 -0.0391057021023222
0.0261542857529142 -0.0254726538976581 -0.00931947872264091 -0.0288949908136473
0.00588969654754307 -0.0349648778940737 -0.00168072047862462 -0.0301602583439121
-0.00489981074134226 -0.0337230355018932 0.00119832819778283 -0.0347216732071002
-0.00457272672498603 -0.0347081644063709 0.0121861009138875 -0.038764636488484
0.0112900394361353 -0.0336935964969736 0.032434859516241 -0.0347846866554528
0.030033845850567 -0.0230570408038924 0.052893112748789 -0.0167794491540254
0.0508201321414278 0.00129811977207006 0.0487915141683822 0.0229746956544508
0.0294409912869581 0.0383153390251842 0.0179780330189823 0.0473700033425666
-0.014809809613396 0.0507215119283905 -0.00963173667621849 0.0162113731205876
-0.0430143867405706 0.0395347370741434 0.0385995703679519 -0.0298716829133656
-0.0218659656239082 -0.000961801202674642 0.0773862748499727 -0.0600724055398407
-0.0251725563979406 0.0155623722993381 0.0865122094589346 -0.0479754076148638
-0.00231859181146257 0.0266197943123917 0.0585541422365201 -0.0554573497752318
0.0222772807477343 0.0156408211038693 0.0198031719183464 -0.0572352282200461
0.019942961774831 -0.00260834999829081 -9.56821973756523E-05 -0.0440058252881775
0.0125020407633669 -0.0113249257596979 -0.00398208235853258 -0.0389823112694789
0.00268221833717379 -0.0175339256730229 -0.00120420870756455 -0.0403151865886211
-0.00401272649164279 -0.018440358527772 0.00161445082413905 -0.0436282780520234
-0.00320104221910922 -0.0200747577556186 0.0127522993126661 -0.0477891717937428
0.00552889504997642 -0.0208696081127271 0.0360621540252031 -0.0423655630873493
0.0197495172489166 -0.0153193452831239 0.0584453899063756 -0.0210640436385412
0.0324571753694303 0.00318865457731328 0.0534100968246469 0.0223580899947981
0.0138904487919442 0.0278054634901608 0.0219535320202444 0.0448878468857823
-0.0168785192527014 0.0303189989680147 -0.00638396642612507 0.0134575205621518
-0.0309062361335419 0.0121304735996541 0.0476457892688595 -0.0345587767495033
0.0125428694173413 0.0112993096115425 -0.0441849195694837 0.0494702014984395
0.00958339410720525 -0.00783388588715786 0.0171646551907207 0.00431207244941125
-0.00356608668267099 -0.0110384412292633 -0.0158324665321935 -0.0482434857074978
-0.00904353698035161 0.000206329659336737 -0.059504972755386 -0.0289308266825062
-0.00276945844799528 0.00566904046797393 -0.067993197847694 0.0206107322682081
0.00120790019938516 0.0014846579560458 -0.0382435427125087 0.0510664908300046
-0.000216082260749382 0.000705963729587417 -0.00949232213899284 0.0540230649115782
-0.000291008588828929 5.26312845561863E-05 0.00232323576747439 0.0473226267217318
-0.0015613883945694 -0.00402287963645148 0.00821139299742598 0.0440919964357062
0.00107918116812465 -0.00575845687865098 0.00850862890684243 0.04304186676935
0.00281417914296449 -0.00439312964457757 0.0015754703549399 0.0474108504532987
0.00745937585461544 -0.00543448049375818 -0.0186771018341862 0.0570280138714537
0.0122272099614449 0.00231745882499419 -0.0497189101547733 0.0554083604601481
0.0113447331206326 0.0166050906517222 -0.0750175610710103 0.0404115498434928
0.00263110156385326 0.0237996571714954 -0.0724055774522571 0.0551768217949292
-0.00412772878917846 0.0354136539054552 -0.0484651822702957 0.0388618331332862
0.0073165015724814 0.0196197960283749 0.016862700009714 0.000766267969803859
0.0132655554689889 0.00715651511742079 -0.013974871036856 -0.0532300888372326
0.0146419703120533 0.000492394539331113 -0.0615739579032438 -0.034755082979553
0.0134372342908373 -0.00481655404886446 -0.070058599887298 0.0157868111367623
0.00877554146357073 -0.0135718504878797 -0.0399215266354538 0.0476459240073855
-0.000794432931050485 -0.0167583183913155 -0.0102211409436656 0.049714012713435
-0.0032263256369942 -0.0163157921906771 0.00219275583740428 0.0420237934957338
-0.00170185823708529 -0.0217594798933035 0.010108983708673 0.0375782992554995
0.0117300752754388 -0.0224388599622078 0.0131341979803526 0.0378382763338194
0.0224947400647611 -0.0126813577923644 0.00879696083217812 0.0434138072331322
0.0341965733169004 0.00187760752393615 -0.0092036263586146 0.0567348522385345
0.02499926432038 0.0273775044314694 -0.0399812969751482 0.0593606266443329
3.23116831271964E-05 0.0454962860689844 -0.060466111947629 0.0421539263224511
-0.020496193076988 0.0496572606121637 -0.0567748683962266 0.0481070777414922
-0.0234196373560495 0.0541447011996687 -0.0429850272342445 0.0206272424057632
-0.000132796358881512 0.0465772740061964 0.0218121681708439 -0.00693631538060963
0.0271805689597651 0.0291048887131071 -0.00840574080179099 -0.0597741899174379
0.0400971163972589 0.00434302948177296 -0.0590302357396352 -0.0442527682818585
0.0302048551992116 -0.0138961989376005 -0.069114538532808 0.00668285989267475
0.0177236730633305 -0.027097893029174 -0.0400070153752795 0.0388341739585456
0.000409290739325701 -0.0325982148352223 -0.0106191062685243 0.0388465375084909
-0.00599653333552466 -0.0306449258444838 0.00160464424779291 0.0304844531160485
-0.00321939688416023 -0.0358963103423044 0.0112923828462208 0.0258016960638282
0.0173106941183809 -0.0365794371879399 0.0191971808388719 0.0257885171140407
0.0352128651961382 -0.0228884664039149 0.02099721688916 0.0334824613573677
0.0554751306782181 0.000297783328774641 0.00633922358905248 0.053762652343546
0.0401930183360159 0.0412123616226764 -0.0248764132194776 0.0626978512383304
-0.00247385165342637 0.066523615140101 -0.0447594688482519 0.04123881495876
-0.0352667458649324 0.0704392530566733 -0.0356744960965554 0.0340486202308201
-0.0406948944760031 0.0629654781331849 -0.0263152553233893 -0.00120953786216151
-0.0122682396640837 0.0681281831010926 0.0328466636582166 -0.0175958842799364
0.0346193469439912 0.051550141106718 0.00331457030330266 -0.0661991269459263
0.0609267453409453 0.0119871556316863 -0.049181008854837 -0.0538908359730449
0.0456317898477507 -0.0197989321295921 -0.0615427967228344 -0.00602963044257244
0.0263658165035521 -0.0369730059687905 -0.0369053191916699 0.0243564858514478
0.00222987058653794 -0.0440340758846931 -0.00970436489204494 0.0233465125366572
-0.00735491961126837 -0.0404843714060226 0.000307478655489517 0.0146148933860546
-0.00547133717666778 -0.0441445262599559 0.01127734968368 0.00920721165588531
0.0180446042215671 -0.0448777586276155 0.0239130504833945 0.00978001393978466
0.0401120575185582 -0.0310899733899276 0.0319941970256871 0.0190302589303371
0.0667287595338664 -0.00454562739316511 0.022936331428738 0.0462176847760774
0.0509106204810313 0.0453507531198581 -0.00878671754683968 0.0621328664532158
-0.00130856306287283 0.0756360226333597 -0.0315476362449179 0.0362787768522804
-0.0428422831359744 0.0795281742833147 -0.0141598790283163 0.0154850325752014
-0.0511872551658935 0.0606443541881678 -0.00109038748377599 -0.0238724961725404
-0.0253601766819163 0.076658802380742 0.0475584314610578 -0.0293186437890188
0.0316018741176959 0.0672017263717864 0.0194164345347672 -0.0685390111574834
0.0701525102285279 0.0215232954368792 -0.0320402874951278 -0.0603483174719743
0.0547332810429623 -0.0201060624962285 -0.04665106017316 -0.0194718176786827
0.0313712386097632 -0.0403491108498434 -0.0289608606257262 0.00576019556656264
0.0042196736830317 -0.0483495364883282 -0.00797674103445939 0.00494028958423176
-0.0084863649871978 -0.0442249351307763 0.00040912666330591 -0.00260422044028978
-0.00728506911510974 -0.0458501458115584 0.0111141002358798 -0.00831122074804049
0.0162485802973939 -0.0465975963673523 0.0260442184598933 -0.00759099224674485
0.0394080202798663 -0.0333749823958879 0.0399796935879862 0.00300803907807978
0.0679576972803315 -0.00678604106767293 0.0352515044473197 0.0347328853000864
0.0516260454384496 0.0442641905824751 0.00493889877787105 0.0569197432332922
-0.00183493306387891 0.0741340341336335 -0.0212477128402978 0.0293170796163578
-0.0450673626313882 0.075911700684455 0.00539448047647803 -0.00335293816134773
-0.051203791850876 0.0471101608029566 0.0283716890617973 -0.043203958965244
-0.0341234885911126 0.0685930505156157 0.0632675588223728 -0.0395816960892365
0.0212138445442524 0.0674079571015943 0.0356434345977422 -0.065972834056326
0.0652878760607819 0.0278082149814782 -0.011564282116677 -0.0609875423987383
0.053061962031423 -0.0159016852708746 -0.0273324670699459 -0.0304613008685915
0.0307953762486245 -0.0360017945207042 -0.0191289016976402 -0.0129503521858382
0.00487007681552953 -0.0447272781652425 -0.0055685781249436 -0.0136801769063434
-0.00779314540648108 -0.0411504584090249 -0.000664374671741112 -0.0193347291823242
-0.00762881163800551 -0.0420126001987188 0.00995668606929981 -0.0243875393757153
0.0130959106992968 -0.0419369887208039 0.0272573650772116 -0.0231592901326005
0.0349824867780799 -0.0304230312669753 0.0448056704450003 -0.0101921432168684
0.0612454479155838 -0.00492005158224784 0.0429218241583382 0.0252588253346526
0.0434442936547301 0.0409051973545972 0.0140754299884105 0.0499871667831117
-0.00600545841703222 0.0641228651003226 -0.0140058170771619 0.0215016064525352
-0.0437427027616447 0.0618248206047544 0.0218779192518344 -0.0196358752494378
-0.0398583705628373 0.0259572793200675 0.0546512862482646 -0.0562643868568255
-0.0335555891743393 0.0465576870735758 0.0753124776457538 -0.0463378628486905
0.00892854655894796 0.0525883230386303 0.0479067910136636 -0.0601840984372545
0.0466284479119013 0.0246499520544008 0.00605179475334949 -0.0579091772737464
0.0398389868272048 -0.00956938368702666 -0.0104517611078067 -0.0372301882637556
0.023521360774213 -0.0257785654735091 -0.0100159319504958 -0.0279960531161256
0.00396494750382241 -0.0331397558201807 -0.00350126461044074 -0.0293283416530919
-0.00694251923011147 -0.0317940775035436 -0.000540006250849335 -0.0331859740606071
-0.00615251065948002 -0.0326968202803214 0.0093974442041647 -0.0376102001243603
0.0091893116543155 -0.032494533543199 0.029258547499227 -0.0350286040035292
0.0278862833979002 -0.0234322355861844 0.0498557853683808 -0.01900017216361
0.048410047524733 -0.00143714178742357 0.0477986041290626 0.0193285524030605
0.0299370315136785 0.0355034949036455 0.0199651409998668 0.04438998009131
-0.0115038531022863 0.0495718861649161 -0.00841001857997889 0.0159869976910359
-0.0388335790845155 0.0396137342368644 0.0352423704559386 -0.0306302411417436
-0.0209884714229993 0.000203706416224891 0.0713229394239884 -0.0620671836828715
-0.022965639262214 0.0158035617253592 0.080102646142846 -0.0498372479984548
-0.00098972355262948 0.0253248892137419 0.0536195817574302 -0.0554169784660776
0.0218974285864383 0.0134632298227622 0.016203124376898 -0.0556847953804824
0.0189230362341597 -0.00362013318194943 -0.00155901037689731 -0.0416504976536494
0.0112084203736344 -0.0113909504474664 -0.00562959310891522 -0.0373070908321541
0.00155727393638401 -0.0164286864317545 -0.00324298005456861 -0.0387987423458186
-0.00495579155340502 -0.0170048057444384 -0.00133228445200019 -0.0420128482525086
-0.00447958334293514 -0.0191395899351966 0.00956911202305762 -0.046875182237513
0.00420951194848629 -0.0200391019066932 0.0321721454556736 -0.0427544704654453
0.0180102678342098 -0.015545931202571 0.054451426475719 -0.0231525608653052
0.0310339035711981 0.00145702466789036 0.0526317945740876 0.0185379064456649
0.0143801481070866 0.0261606226073341 0.0237207061954866 0.041925526581418
-0.0143805092195076 0.0292211542456426 -0.00564978255741543 0.0133087269410313
-0.0284552159872304 0.0129259820108606 0.0434702387736687 -0.0353377616883426
0.0113644430990839 0.0107071108746822 -0.0410628341665836 0.0474737852045954
0.00891633499196037 -0.00731335836854572 0.0164492955427087 0.00341651872113351
-0.00344301029899987 -0.0104537843108881 -0.0153274340826452 -0.0457704867497437
-0.00821248338190152 9.56818153490596E-05 -0.0567289222449687 -0.0270621865051534
-0.00235189092583387 0.00513199570913161 -0.064465640108265 0.0203381018509923
0.00092449497561206 0.00154501547576082 -0.0359942373586145 0.0487850002796077
-0.000296063348418454 0.000191502877933804 -0.00834725076122155 0.0511117404648834
-0.000180069661558756 5.18356806041477E-05 0.00346925589986384 0.0449056829750077
-0.001839760489995 -0.00397785864662659 0.00887789037681509 0.041929148570888
0.000890488225062371 -0.0057415134260291 0.00858346343622086 0.0411772331379087
0.00265400131747157 -0.00427607700244783 0.0020196032674559 0.0455889522442453
0.00716804192647424 -0.00545826846768128 -0.0173780903496814 0.0542157259816327
0.0117999156065879 0.00234255027730753 -0.0470275136560275 0.0527535225354923
0.0109449618489738 0.0155027155523772 -0.0715573479149452 0.0391380567682333
0.00267627977648871 0.0223708112011991 -0.069019509941998 0.0536064222161957
-0.00414293232319363 0.0337810521970398 -0.0453279086872006 0.0377430596319492
0.00701357059999069 0.0181481430698823 0.0163593663257396 0.000622821520453956
0.0125043656670795 0.00696541997291126 -0.0139602058607243 -0.0503932742480649
0.0142477184160968 -5.62805156742422E-05 -0.0583812703982685 -0.0324711616139955
0.0125813832003214 -0.0050226033467444 -0.0667268711607398 0.0158399387096734
0.00831530028467744 -0.0132764791480897 -0.0372726140299628 0.045523737013394
-0.00111779405160953 -0.0159994059151307 -0.00919889577499287 0.0469074450629276
-0.00335214514595461 -0.0158711316053984 0.00261880507032803 0.0402310844172961
-0.00183104796506195 -0.0209118135039732 0.0100608142620715 0.0362026246567741
0.0107581944613896 -0.0218552971498067 0.0127717659441756 0.0361420125141697
0.0215017811110765 -0.0125318102632456 0.00878232894905676 0.0412389559924907
0.0331764141704797 0.00130422216300378 -0.00826737439175634 0.0536994204762992
0.0242625064382554 0.0258873719858271 -0.0372627255119279 0.0565387107747368
0.000613427103068419 0.0434686677352601 -0.0574669318579697 0.0404045412033575
-0.019036423611686 0.0474820213686053 -0.0541663884357467 0.0467742193634319
-0.0219614683402738 0.0514098646700478 -0.0400130512251946 0.0202173624253435
0.000393534604868751 0.0447523395493018 0.0210093875115742 -0.00620395899021677
0.0264466906056968 0.0273804569164487 -0.00804319616296872 -0.0565364481845775
0.0382806079481022 0.00275740753480567 -0.0559463512931539 -0.0412102088198805
0.0285474760033179 -0.0144892628469422 -0.0658725576497107 0.00736555410827687
0.0161173821995846 -0.0263068879766323 -0.0376790150745399 0.0373106787892774
-0.00049843120031773 -0.0313143784567142 -0.0098622662609306 0.0373130714642871
-0.00622790414023897 -0.0292173562535237 0.00181549988498259 0.0294107171920234
-0.00401548690592079 -0.0341681062017603 0.011082928993298 0.0242039524411189
0.015908001671964 -0.0354978870206288 0.0186666636991281 0.0245965388551098
0.0334238652417463 -0.0222113049691257 0.0201432947847957 0.0315942044382355
0.0530400117950605 -0.0005542038906422 0.00699321650201389 0.0508686246863966
0.0388553920935118 0.0390132175579758 -0.0231744596130149 0.0600530956112222
-0.00161403028360809 0.0633992950888361 -0.0423681568905263 0.0392494682074564
-0.0330049060129544 0.067003307164233 -0.0340934846099567 0.0335187831092644
-0.0382057596206383 0.0608047485887194 -0.0245781249106988 -0.000620506377788272
-0.0106922798944538 0.0654816800053166 0.0315743284328699 -0.016993148225668
0.0338045711143764 0.0484454991209137 0.00331840091723543 -0.0626966506117661
0.058391089355429 0.0100531150175418 -0.0467833611668065 -0.0506644315016972
0.0435676279292911 -0.020279085389622 -0.0587403089589389 -0.00498130770027253
0.024177965989703 -0.0359625937324086 -0.0347676199100732 0.0230292764708855
0.000965670786710901 -0.0418875147309722 -0.00940861308140348 0.0220032484808096
-0.00813902794634055 -0.0383409285397594 0.000416471883757007 0.0144550308194728
-0.00640787394785838 -0.0420041265831715 0.0109966525114172 0.00888261647970662
0.016768366891876 -0.0433178098069545 0.0227042268480981 0.00857658059649202
0.0380555821221647 -0.0302582562409656 0.0307345103245822 0.017591206424744
0.0641713252513865 -0.00542869774705357 0.0222307413346546 0.0428997803571999
0.048792768801847 0.0423704256717709 -0.00723874000489864 0.05941208989848
-0.000195003614910017 0.0723970399416813 -0.029461685266542 0.0345824127134325
-0.040134461049878 0.0757660447913151 -0.0137067276823409 0.0153234128031978
-0.0482707627392941 0.058130604115422 -0.00053005274661809 -0.0228715871034625
-0.0235681323652331 0.0734386631220397 0.0451880041430244 -0.0281326856966446
0.031298416004062 0.0630455442393456 0.0182086230993896 -0.0652752484352377
0.0675314979442082 0.0188507203666942 -0.0306596890705996 -0.0572014745535806
0.0519569660237497 -0.0204968443540906 -0.0445664830812422 -0.0183153411376011
0.0290363677434876 -0.0388492972447553 -0.0280974106472132 0.00583499217855586
0.00322556604006875 -0.0463949252385681 -0.00787874942702509 0.00472727380449956
-0.00887911253640425 -0.0418334700851216 -2.5180077483723E-05 -0.00206271343931382
-0.0077218132119088 -0.0435620867701403 0.0102246648404211 -0.00786639405267866
0.0147430486218516 -0.0446053020785689 0.0248866806627786 -0.00783589376640691
0.0373310769103715 -0.0326083026916345 0.0377568555766206 0.00258010264659031
0.0647786323514784 -0.00806674484305471 0.0341142479802178 0.032417394921953
0.0499218587327367 0.0413653110856428 0.00583223351954671 0.053710175473353
-0.000961475928808101 0.07085506114047 -0.0196954446866131 0.0277387710860422
-0.0421704866517881 0.0726461766703976 0.00471301420695675 -0.00331219358836389
-0.0481164608985119 0.0454123660382055 0.0271192842904664 -0.0415444222084506
-0.0320459520755691 0.0658949340749713 0.0601801682095092 -0.0378714789530742
0.0208667116803777 0.0641168856912928 0.0332174818186734 -0.0628247912176618
0.0621571508911395 0.024460999279624 -0.0112328474110339 -0.0580275341945783
0.0506020177840172 -0.0163785162884745 -0.0266139838727734 -0.0287364510105383
0.0288453083982487 -0.0349148280230957 -0.0185750209802835 -0.0118538093211683
0.00374684810487346 -0.0428059174485496 -0.00566661937614433 -0.0131028984623091
-0.00825703759215041 -0.0384332373688523 -0.00104045271014072 -0.0186923799636552
-0.00807262542696446 -0.0401575839952928 0.00864088718047016 -0.0234583360956122
0.0118832115903053 -0.0401346285242105 0.0258365914570366 -0.0225502809784442
0.0329885983144936 -0.0294805140420385 0.0424287986013886 -0.0104053878834101
0.0580911732956961 -0.0059026593095357 0.0414158023278659 0.0229062963740817
0.0417585000375281 0.0383107419005773 0.0142496405561258 0.0476559738492219
-0.00528955872470977 0.0616702921006512 -0.0131132004147828 0.0208245707353419
-0.0408997046279064 0.0587236640659649 0.0200495591671272 -0.0189629090644725
-0.0375495551716276 0.0250080142314851 0.0511156676384969 -0.0547798552524262
-0.0309959343047902 0.0443816058933049 0.0716745978052894 -0.0444521450430236
0.00885813462969242 0.0496269364030709 0.0451545256218037 -0.056835555479356
0.0447882726218255 0.022399811470241 0.00548528024589225 -0.0551669916561632
0.038163367462185 -0.00975701016909315 -0.0104362724343245 -0.0357025528689065
0.0220704611869652 -0.0250331515882586 -0.00987682867734636 -0.0271197224846891
0.00293777742040638 -0.0320677135407459 -0.0043477254647073 -0.0281503708729729
-0.00689531503259618 -0.0297871613948588 -0.00134275786922374 -0.0318665231304859
-0.006630591493758 -0.030673497775775 0.0082078808124466 -0.0360935314713138
0.00855338746063263 -0.0310816397166722 0.0272781022546321 -0.0340027206108294
0.0260796340403074 -0.0232005587773402 0.0465570515833563 -0.0187796323737526
0.0458435723657965 -0.00234100612236688 0.046130557044385 0.0175829325893808
0.0288501285577972 0.0335273758058401 0.0199394887833244 0.0418409337138165
-0.0107833475961206 0.0471420347464862 -0.00781630651958316 0.0154456923670192
-0.0362226412350464 0.0374300480393371 0.0322819811455924 -0.0295532348736033
-0.019612958770867 0.000298836105082205 0.0672040123829361 -0.060185296211794
-0.021609786792445 0.0152454749908077 0.0760926012831118 -0.0484903386115577
-0.000588147395285633 0.0238656399054186 0.0504575889342985 -0.0529683427505786
0.0203561660006425 0.0115837779024473 0.0153989481086766 -0.0530686278075086
0.017717139382458 -0.00330225873862207 -0.00213111566493438 -0.0399165718007197
0.0108020139496826 -0.0110276929928667 -0.00559317259266339 -0.0358103725770523
0.00125085625759469 -0.0158260601646146 -0.00429425612046137 -0.0368481135659553
-0.00479175162072663 -0.0157953943931235 -0.00196058817435161 -0.0399283021371508
-0.00448933102732342 -0.0178544532827511 0.00802113736143681 -0.0440483107948543
0.00366212516941377 -0.0188215924206475 0.0300299835012619 -0.0414010948078061
0.0168528612621643 -0.0151190696311129 0.0519403750471204 -0.0223751450604722
0.0293628158553676 0.000784557102278446 0.0500437678838423 0.0167092669480506
0.0139463079311422 0.0244339121984107 0.0228148836883152 0.0396223600198223
-0.0133041377520831 0.0279004070616048 -0.00538889028548439 0.0125421511307769
-0.0267476964123031 0.0120773956025147 0.040088632812347 -0.0344393500424586
0.0106544603914745 0.0100962208270031 -0.0402317131452159 0.045910821068013
0.00903647870303537 -0.00689325595313768 0.0161847733442312 0.00368512684407202
-0.00322269006032855 -0.00996397149474952 -0.0137963909560418 -0.0452243902046985
-0.00813714035848004 -3.46344077411639E-05 -0.054445163922572 -0.0275125971379304
-0.00212206764712185 0.00481396083339331 -0.0634441017483672 0.0185794434017074
0.000760502332948012 0.000977606058289317 -0.0356616192017938 0.0468488260053551
-0.000484631259500888 9.91972128241975E-05 -0.00874328997696226 0.0491543999704834
-0.000209488493348596 -0.000412607446748539 0.00306364986937229 0.0440017194639736
-0.00170315706837649 -0.00386257559575225 0.00833179201016232 0.0411013522644302
0.00117415062842103 -0.00601787405381841 0.00790943656920113 0.0403878684333497
0.00281090591554466 -0.00416893799946302 0.000914704636812649 0.0441031460252721
0.00736577569399009 -0.00485901194286458 -0.0176953510753771 0.0521519065014169
0.0116195770424261 0.00246673619570567 -0.0466593912117218 0.0497064683518688
0.010704996809504 0.0154170531772055 -0.0706090940049641 0.0368219320475782
0.00129043241150656 0.0210162839769575 -0.0681592459710416 0.0516344180530772
-0.00483641768727735 0.032478508572734 -0.044083768957582 0.036204279879921
0.00641664899013103 0.0181787530479195 0.016176951549307 0.00157826202328445
0.0126674082388964 0.00670724924843592 -0.0122753610100351 -0.0491593406333593
0.0141146585965742 -0.000336579955157508 -0.0561248325406569 -0.0324952324070287
0.0123815878652973 -0.00538353768345956 -0.0652611203248633 0.0142410259164506
0.00800596423823859 -0.013107173480586 -0.0372485736501028 0.0443044858769802
-0.0011653084900963 -0.0157143537221597 -0.00924595822084841 0.0455650474445902
-0.00322636718887366 -0.0154714194568512 0.00232366779790309 0.0389633057768697
-0.00189630615624515 -0.0205914165476449 0.00942212255305146 0.0354972504657829
0.0114420178309824 -0.0217676363260045 0.0115334693938747 0.0353002934152107
0.0212897396824425 -0.0122616738563652 0.00804910433148433 0.0402306287169003
0.0324105664674527 0.00168379310608063 -0.00876785656154091 0.0516593087519998
0.0235221798807303 0.0256991162463651 -0.0372006883888681 0.0542095766168167
0.000440843968754488 0.0426747236965087 -0.0572425530767614 0.0383465875325855
-0.0195106522206879 0.0454750451354058 -0.0540072568672387 0.0454781813413407
-0.0223126657589068 0.049853857047782 -0.0386194390131064 0.0197193644884658
-5.74225969436509E-05 0.0436303591956294 0.0211849510389643 -0.00573478967286709
0.0255943135949483 0.0269082078065786 -0.00649775137293159 -0.0549141541066752
0.0375869756750042 0.00246745314340778 -0.0534545581942976 -0.0412266873753415
0.028198454218086 -0.0140275871053238 -0.0644065540400238 0.00569824278390526
0.0162689024553539 -0.0254854329932348 -0.0372017776693533 0.0356742359171723
-0.00054507235680937 -0.0304713311494225 -0.0102548477292226 0.035907728653532
-0.00582313936732669 -0.0283776226713021 0.00146357193264633 0.028545320689592
-0.00368888791862679 -0.0333799163235577 0.0108948827522978 0.0240892055853212
0.0159969046672106 -0.0346901158711399 0.0176185101236917 0.0240874759767293
0.0327943181043548 -0.0214768013551569 0.0188374616832973 0.031063688263905
0.0519145022881868 0.000221687264571113 0.00612630478905926 0.0492406971727619
0.0375621248317453 0.0387136415519674 -0.0232200116155893 0.0579751779633032
-0.0024236742454834 0.0625060900607532 -0.0421714404567021 0.0374475667043955
-0.0334546124039638 0.0637671770244409 -0.0343827766133181 0.0325504456247426
-0.0383721890457404 0.0584992112069113 -0.0236346745325124 -0.000680083802881801
-0.0115123063821026 0.0639024888452027 0.0313031666351182 -0.0155892232452382
0.0320098269804345 0.0472421428795796 0.00470260813648864 -0.0610119355233412
0.0566502589586778 0.00941988505268201 -0.0438581276269522 -0.0501341542939357
0.0427051047017283 -0.0197547110917054 -0.0572392393233263 -0.00629645005276179
0.0238978003082193 -0.0343940768939388 -0.03411409169186 0.0218720284564975
0.00120845499612643 -0.0412535221148786 -0.0094737638338534 0.021560559107024
-0.00735909831521891 -0.0369870768015629 0.000717807512274016 0.0138387375837876
-0.00592539527818667 -0.0409130325329196 0.0109588059790635 0.00908152813476929
0.0169385195231693 -0.0425631974010329 0.0216294311557706 0.00869521745452107
0.037220924880313 -0.0292292251769914 0.0292093664798133 0.0174018381505702
0.062686347689198 -0.00503669860189434 0.0210519293569974 0.0415763705987639
0.0468928100117847 0.0421302112221946 -0.00741934856034242 0.0574916895076804
-0.00126590488829126 0.0711450485670546 -0.0294225842207314 0.033069590867399
-0.0398370961271759 0.0728410339304239 -0.0141409324594467 0.0149981015408026
-0.0480544865787382 0.0559516299802225 -0.000180923541170971 -0.0222817961080665
-0.0238925412462321 0.0712547741258905 0.0449680476214944 -0.0262904574692991
0.0296098268496103 0.0615200243249444 0.0195473910728594 -0.0626859875495757
0.065137539031676 0.0186204204280024 -0.0281084208253578 -0.0558566911655204
0.0507653317169326 -0.0198757743302525 -0.0437822095972845 -0.0189009630996547
0.0289532321575505 -0.0380250891991952 -0.0273535559367736 0.00467934880760534
0.00316731742689034 -0.0452566400814553 -0.00824014216424875 0.00431336513470019
-0.00794746778591871 -0.0403782478310759 -0.000476512617325282 -0.00219970031858838
-0.00743920961258578 -0.0423919092064871 0.0100285380324742 -0.00738325902016067
0.0149357000025604 -0.0436149578671905 0.0240055766530823 -0.00747483874167182
0.036338681084119 -0.0315783750540192 0.0368303769267561 0.00316772963795492
0.0633331601047479 -0.00751938103897584 0.032478757767981 0.0314839838792572
0.0479499019079453 0.0408648040369314 0.00542178484573192 0.0525706168758714
-0.00200995591543376 0.069552233275309 -0.0201435558957311 0.026856393159016
-0.0420429365987894 0.0694859775708806 0.00415462973331665 -0.00283475045310434
-0.0476862709991124 0.0439597946621495 0.0266537259326153 -0.0404773845855465
-0.0318968887735309 0.0637761978129205 0.0589926660882458 -0.0359163824516695
0.0196309215886741 0.0622026681635297 0.033912348623124 -0.0601418672691046
0.0600881761124186 0.0238349889577282 -0.00938999684891431 -0.0562769393388458
0.0495653553973524 -0.0155448395369344 -0.0250621649417277 -0.0285649415490498
0.0284619686567052 -0.0339455736750827 -0.0177760033976363 -0.0124806973738057
0.00404855809228027 -0.0416896027026651 -0.00584449853354001 -0.0133383900294439
-0.00781138241267899 -0.0373838992290757 -0.000821794343341549 -0.0179337591519705
-0.00764428040801263 -0.038619654045053 0.00892433577563225 -0.02243111818799
0.0122727628313274 -0.038974461980457 0.0253125411453995 -0.0221391512465346
0.0322253048768812 -0.0283547247470383 0.0413812430083521 -0.00954680557778115
0.0568152288445317 -0.00546582070797784 0.0398554112770974 0.022621444806137
0.0399983687055911 0.0378515375975949 0.0138215099263546 0.0461891785389372
-0.00581846467954035 0.0599993371676315 -0.0129210392269349 0.0197099176070509
-0.0406655493636279 0.055939513663138 0.0193387245226561 -0.0184583152295275
-0.0372860054794764 0.0240013756922809 0.051252914514934 -0.0524371958553412
-0.0310169271462313 0.0427048527716181 0.0703361613525063 -0.0424993900182293
0.00799225799765144 0.0481081507089167 0.044828977553761 -0.0551012760290011
0.0428210632479284 0.0217393033226254 0.00670327583878425 -0.0533636308045248
0.0371336668872316 -0.00964081582622 -0.00947512300149235 -0.0355121578353465
0.0218232550686687 -0.0241210340829195 -0.00953879398119945 -0.0266855026139378
0.00302083765658735 -0.0309284797965389 -0.00383850105765534 -0.0277132484299307
-0.00669348254589503 -0.0284354966102349 -0.00174098872520593 -0.0309663873731524
-0.00646516561996715 -0.0297486343078412 0.00819599351961669 -0.0346571308160863
0.008570105249607 -0.0300354768541423 0.0269409129383587 -0.0332648180964453
0.0258408804719877 -0.0221592769790302 0.0458296089867497 -0.0176012066766715
0.0446672559008328 -0.00227312362165698 0.0443026072103986 0.01748493733938
0.0273008048346499 0.0328990230440459 0.0194541775632864 0.040753008890477
-0.0105652176519771 0.0453332592808754 -0.00797904519576152 0.014699040856978
-0.0357802026252628 0.0353785449171611 0.0314399977872162 -0.0289698312321213
-0.019183020118103 0.000283704997409893 0.0666502222578849 -0.0576788588737961
-0.0210016758999588 0.0145207472486281 0.0746400517659387 -0.0459433424665441
-0.00099395022971772 0.02278076199902 0.0503023984905057 -0.0504102489047742
0.019641466421584 0.0113288957225245 0.016050047373868 -0.05118654298769
0.0176074205553906 -0.00324812301660677 -0.00103378640705272 -0.0393461094770022
0.0109022284555333 -0.0109835868534829 -0.00539425221049709 -0.035221063001667
0.00137025744714857 -0.0151750742189207 -0.00404737361330153 -0.0364443300397829
-0.00455989909724874 -0.0152921655553915 -0.00203655871947976 -0.0391477794043594
-0.00426667101969132 -0.0172187757642912 0.008454557174438 -0.0432456942886944
0.00382619496788759 -0.0177263334423172 0.0295285602367492 -0.0400358125012281
0.0164335684862537 -0.014458088376553 0.0509070067095462 -0.0213268057671012
0.0284159569657736 0.000834345701485934 0.0486646299130686 0.0165502347305955
0.0130534328931195 0.0244381275447757 0.021913884745973 0.0384370828556924
-0.0133435058511683 0.026324502143906 -0.00557256447975896 0.0120035610177254
-0.0255653901827371 0.0107234345642683 0.0392366766845819 -0.0332092251310203
0.0142535240659669 0.00548686156216006 -0.0174277656821593 0.0582976660576025
0.00517876637866766 -0.010013861549013 0.0169014191830524 -0.00394286251569178
-0.00673737621096145 -0.00730215095966761 -0.0317723493620782 -0.0356726543515039
-0.00726568109565941 0.00367037429100225 -0.0614290033007705 -0.00230726812920359
0.000769932449805888 0.00540107886099342 -0.0499904012383779 0.0437828110583874
0.00172489677532438 0.00081845843301656 -0.0130721564688617 0.0579118577043483
-0.000718603989325861 0.000511872740786309 0.0129830114066612 0.0483688610470591
-6.53590811272586E-05 -0.000644388967285157 0.0216906574649377 0.0389443143807238
-0.00330999552813062 -0.00298082654422438 0.0251465684560792 0.0340758099668559
-0.00131893203218284 -0.00634505060876946 0.0245475188748966 0.0340971669973283
0.00155438499007223 -0.00491690121656886 0.0193731516722145 0.0397509794649837
0.00470976769442852 -0.00679725188336295 0.00569589504705775 0.0555078453604545
0.0113376456406476 -0.00163661337058187 -0.0217824226855901 0.0644193763708769
0.0151805368926907 0.00989195535276655 -0.0511640978967843 0.0627688997163088
0.00976743123755408 0.019627278759182 -0.0432383626667372 0.0758524843032719
0.00857069969248742 0.0319493015620314 -0.0246898468902511 0.0519561455058278
0.0128079474567778 0.0139301651941486 0.016619325190903 -0.0059104890291002
0.0138516939569918 0.00229781346328545 -0.0306021678213243 -0.0404345534294256
0.0129140785090888 -0.00521714067210919 -0.064213669731028 -0.00736521635612851
0.00971181610285319 -0.00932199077927291 -0.0536281021029823 0.039892211831961
0.00253456530776676 -0.0148052064450114 -0.015760459023659 0.0552769503708496
-0.00764322270475589 -0.0139218963458555 0.0100904395689367 0.0450253194773664
-0.00896342213096697 -0.0133347733897739 0.0193181261788263 0.0345264991314971
-0.0102153215740841 -0.018131460134661 0.0245150762856846 0.028299360220301
0.00172007145924956 -0.0249343225819534 0.0269319861891684 0.0274903479892152
0.0154309123622633 -0.019843660113043 0.0244624168946692 0.0342802553365073
0.0298920402988458 -0.0110095443070478 0.0144458619172775 0.0528341156432156
0.0318420759909827 0.0151531583223235 -0.0123734171154503 0.0650156843270062
0.0169767386085034 0.0399349442236609 -0.0393110621688738 0.0582489045187726
0.000866289166781322 0.0518003060987988 -0.033591352889581 0.062119223862012
-0.00172373470567017 0.0543320651559881 -0.0261799419461418 0.0355141017367991
0.0165623863165846 0.0396267057506415 0.0192045211954488 -0.0138089841168356
0.0333426583176708 0.0153360216118129 -0.0267632881010476 -0.0486195517297779
0.0344204392406016 -0.0117783209909002 -0.0645621998722067 -0.0172484756932158
0.0207602455863737 -0.0237146098991334 -0.0568564272087575 0.0311132619090243
0.00488342290075602 -0.0299761771512161 -0.0194508652643831 0.0470867330572222
-0.0127520994567709 -0.0274748267649558 0.0050385563230401 0.0359749492305533
-0.0165780287249821 -0.0242993573587569 0.0139504342169741 0.0251617675377237
-0.0169100491563948 -0.0295007183455842 0.0205469336934819 0.0173575675678133
0.00121691752167426 -0.0390145969042884 0.0270520665654083 0.0140513105505655
0.0223989869848227 -0.0338359977077953 0.0313024456259733 0.0221430088139923
0.0475081424835237 -0.0211101031541352 0.0272392618375272 0.0453771442411395
0.0503115090237606 0.0214694470198194 0.00193142863341776 0.0633427633153822
0.0232166355029955 0.0593903925658856 -0.0270556855916453 0.0511648698547962
-0.00373238671307439 0.0750973708593909 -0.0221628645005577 0.0414734773086973
-0.0134841807232673 0.0687099750097738 -0.0202154897674036 0.0112177258125597
0.0135477899262673 0.0621312085858418 0.0244740262702969 -0.0261539253065309
0.0470318508683826 0.0313617035076544 -0.0173816464775178 -0.0582666078777093
0.0544041342940172 -0.0130486792954142 -0.0589432113114557 -0.0295953938775741
0.0315719828158422 -0.033866965918892 -0.0551587086733318 0.0163848223589693
0.00827280676175507 -0.0415872681451297 -0.0223357072397517 0.0329763843971023
-0.0156158342574772 -0.0379138946170236 -0.000702608829360659 0.0222769291757954
-0.0217609071390174 -0.0315506843090856 0.00652094586530046 0.0121620777185597
-0.022100940210033 -0.0354704979715226 0.0140000674242883 0.00331688326657742
-0.00167719188530991 -0.0463718611246154 0.0244541973542707 -0.00143400351388436
0.0232022649280364 -0.0428674989300123 0.0356575856868497 0.00524594238318204
0.0551712811322884 -0.0303672523670777 0.0387117070095444 0.0329997706832023
0.0612294578272612 0.020986991438705 0.0157923540902271 0.0570605933215514
0.0279963487449813 0.0670744323067171 -0.0173578862255809 0.0424029228039505
-0.00635257721135972 0.0854931577886296 -0.0105473941092051 0.0166477736335381
-0.0234523403765277 0.070125835298569 -0.007448068181513 -0.0177714427335614
0.00520054903718858 0.074078714229038 0.0321888637539095 -0.0410924499956885
0.0497437155366504 0.0448137456364737 -0.00477220978708445 -0.0655426165613628
0.065152109959805 -0.0086858899642557 -0.045721905099321 -0.0414577087639384
0.0387514638364909 -0.0376562385098999 -0.0474126563224749 -0.00146568495913793
0.0112833909567967 -0.0461683005942779 -0.0232524490382169 0.0142963391823704
-0.015427463297451 -0.0421837981741421 -0.00677085445143165 0.00534720201181834
-0.0238008947784875 -0.0341383407364302 -0.00105019986364061 -0.00221197101372705
-0.0241984483173188 -0.0365014454746712 0.00617871396156215 -0.0111752732458114
-0.00360322819345008 -0.047215244753226 0.0198152758969429 -0.0175721505931041
0.0214384217212397 -0.044725104612724 0.0361749153795392 -0.0110922329230302
0.0548032992226052 -0.0331324925449074 0.0449863785845438 0.0187665707798726
0.0613366930766251 0.0195130945623918 0.0253763835843415 0.0470893983420946
0.0263356929095358 0.0656004452566697 -0.0108095018801536 0.0323427274544385
-0.00900471005537412 0.0835433480373537 -0.00105503401298248 -0.00748821631759387
-0.0285020706193455 0.058689378897445 0.00925832898135422 -0.0456949098388299
-0.00550205274840709 0.0699902411961121 0.0412141258576214 -0.0559951297446503
0.0404276389580663 0.0494864861642576 0.00974208196577207 -0.0682514602982244
0.0620819064461281 -0.00176989094254813 -0.0290120074772287 -0.0494427971523543
0.0385506312580697 -0.0330081471575186 -0.0353400869722952 -0.0177807881999616
0.0123514950134909 -0.0423502148904025 -0.0220989428683082 -0.00526118737600292
-0.0130386372829919 -0.0395026339802043 -0.0117840966490441 -0.011292746280208
-0.0219754134240507 -0.0312999353336039 -0.00900007049787134 -0.0161685143416749
-0.0224157206691213 -0.0329930018445713 -0.00113304176441615 -0.0248790011093994
-0.00456767406948374 -0.041455928296034 0.0143954858752987 -0.0312632533009366
0.0187655295004057 -0.039813237644346 0.0349846274275139 -0.0246811841262407
0.0497821932018029 -0.0291355533615201 0.0478062777296009 0.0074455646426743
0.0527765771877321 0.0198348270742619 0.0307306402298056 0.037472406046791
0.0194275049952459 0.0582966576807115 -0.00704674314691072 0.0230940075075175
-0.0133663496729917 0.0699884482883672 0.00747290318118433 -0.0274038043914915
-0.0262232974259696 0.0359963443240304 0.0260268528087667 -0.0670158874636839
-0.012938649488688 0.0505696369302709 0.0480036552512755 -0.0666244500964472
0.0248453342758017 0.0409471266374581 0.0209271296244987 -0.0675653843151599
0.0458272201396421 0.00269032609285648 -0.0135919878514447 -0.0526534326009812
0.0297295806993292 -0.0228640782530881 -0.0234775675407316 -0.0299926093370234
0.0099604222914387 -0.0313060351808164 -0.0200683834758577 -0.0214897688845374
-0.00934265624556425 -0.0294458531224438 -0.016592510316028 -0.025146788214173
-0.0174338183404458 -0.0235937565517678 -0.0149332009580209 -0.0278754946771417
-0.0180861071391921 -0.0246459493943935 -0.00724673386580802 -0.0358372641328438
-0.00404309461336571 -0.031268700875256 0.0112498626984474 -0.0418596047423818
0.0154386419916563 -0.0313834178712635 0.0358297404307225 -0.0339199382889467
0.0405382511113126 -0.0202810344908958 0.0492376302434163 0.000588975049960146
0.0392308446173376 0.0202361441815269 0.0331980194007863 0.0297564216522489
0.00850102445035802 0.0467993381455706 -0.00399747059538073 0.0161359769588554
-0.0175089205194148 0.048136307097895 0.0150342651761252 -0.0416567044169191
-0.0187494047176843 0.00709339596900697 0.0375841380701307 -0.0795321158288435
-0.0150164097334104 0.0209839537957825 0.0495974371250081 -0.0725147501955443
0.00663143412696997 0.021225653965708 0.0262687635764533 -0.0660892186896367
0.0208605758516275 0.00274566651059605 -0.00569581181248488 -0.0539310567952915
0.0139244493317516 -0.00928847369393755 -0.017112454455968 -0.0363420043849113
0.00529140687025327 -0.0140076887084564 -0.0198679570254751 -0.0307679904918446
-0.00463694465679246 -0.014272915205542 -0.0202609768992363 -0.0329241958426657
-0.0102606378587111 -0.0115783680538287 -0.0191646438542658 -0.0352583289132323
-0.0107417004043136 -0.0139549548319784 -0.010599445828523 -0.0432375787387355
-0.00346809917834191 -0.0184281838242381 0.0104331539691546 -0.0492374783534258
0.00938902337958959 -0.0204984458205391 0.0382712460570687 -0.0400256553817608
0.0265755986481194 -0.0106271638631807 0.0520928921579118 -0.00332728958288833
0.0221474532507671 0.018154206730788 0.0348900088784855 0.0264458860503954
-0.00184290786470947 0.0298581980373851 -0.00158759198663743 0.0127866176151763
-0.0191876955064495 0.0206497979649533 0.0219116519786673 -0.0477380653044073
0.0140311299180702 0.0055774255960266 -0.0175205531626994 0.0592348098586369
0.00522554128313858 -0.00978294435149011 0.0173895755104656 -0.00461171373154348
-0.00667231328486092 -0.00691173693815916 -0.0325587532889721 -0.0361873822318227
-0.00738900916305765 0.00392118417179861 -0.0628494815955114 -0.00246668135178746
0.000637722931879842 0.00536182446377659 -0.0514295338015417 0.0453748337466208
0.00140242430990829 0.000560043478375909 -0.013027747764117 0.0593432952361517
-0.000570366650744236 0.00046748449380837 0.0132302997496994 0.0491177348150032
-0.000540734097537862 -0.000566438197699725 0.0228781994306076 0.039604048013119
-0.00362153792112393 -0.00324729098968462 0.0267686002481698 0.0347665471108689
-0.00180504503093508 -0.00663704844246939 0.0256344023731391 0.0348335350311925
0.00170399046038363 -0.00472059078029155 0.0200164621254886 0.040234770032834
0.00492350257985655 -0.00681918516762221 0.00583425678949867 0.0560575242770445
0.0115216770557315 -0.00186798958737257 -0.0224265049832138 0.0657742032540359
0.0156930323878665 0.0102071983809429 -0.0521896360370174 0.0644058867460646
0.00997511088515999 0.0201785300928163 -0.0434810344869978 0.0783408220341089
0.00864092077982304 0.0326639239428516 -0.0241774370075938 0.0529978857861753
0.0132659652382379 0.0144593136883135 0.0171930895164548 -0.0066451727675197
0.0143618646580864 0.00210458690486147 -0.0313909905392978 -0.0415435710298144
0.0129042619527946 -0.0054906940271938 -0.0657624682398281 -0.00785661774997212
0.00997393304869628 -0.0102667591198259 -0.0554424041621605 0.0412675975911594
0.00191778068172801 -0.0155195595799865 -0.0156471870347287 0.0563511335093373
-0.00796904262951548 -0.0139771088352569 0.0106524914455774 0.045562906324125
-0.00921735129907968 -0.013749848642272 0.019939832039155 0.0350068126046994
-0.011279432596481 -0.0186140607474003 0.0255174864461823 0.0284344472072589
0.00128191338216005 -0.0261388450281073 0.0273501340019891 0.0281226551654922
0.0156532624099969 -0.0203659976123757 0.0253354603751829 0.0354104806341922
0.0306336720933638 -0.0119626322315205 0.0148341836655322 0.0538472305292688
0.032453355112092 0.0153065207020762 -0.0119171747655782 0.066202941015493
0.0176692975903741 0.0407755046393297 -0.0403763535030893 0.059936363430636
0.000880409868794962 0.0527198982281832 -0.0339400770884175 0.0642126030325935
-0.00125190347750787 0.0559903285011282 -0.0261851742604723 0.0362940269318828
0.0175863364961919 0.0405063851012358 0.0193600492886626 -0.0141288795003586
0.033918694844043 0.0150595808359038 -0.0271288054661621 -0.0495447978584209
0.0349065331948712 -0.0127664890426912 -0.0660505379285077 -0.0172965926896595
0.0205867790404029 -0.0249668276793014 -0.0581334030010543 0.0319036345076704
0.00434658303188008 -0.03107202685607 -0.0197773360956841 0.0482956670050767
-0.0137547545484984 -0.0280922059137248 0.00559483634120437 0.0365162538083203
-0.017098338959081 -0.0245619555490409 0.0143494072929687 0.0256169844837678
-0.0179133556251783 -0.029737193664275 0.0218835012934286 0.0171388755004712
0.000321413088867432 -0.0403736517186402 0.0280808342735038 0.0148141354627851
0.0224472190274187 -0.0352362132665021 0.0321323322267579 0.0220590975223124
0.0485123968489601 -0.0223732777095451 0.0278856523097565 0.0459484189116316
0.0518577199540777 0.0214330574384197 0.00267342251414982 0.064384111056343
0.0242836674234098 0.0608398597889529 -0.0276590214019594 0.0526656975010734
-0.00376992776117082 0.0763766445873269 -0.0219921886022426 0.043090155950176
-0.0130861386513271 0.0702915482212908 -0.0205623930433858 0.0116376697328693
0.0147506070095093 0.063809735841464 0.0251864314319925 -0.0268949313992384
0.0481361863201558 0.0316667099234615 -0.0178328549375921 -0.0593381805958718
0.054865248366485 -0.0146852148374864 -0.0602391064301343 -0.0296691953079237
0.03144306036125 -0.03581050838333 -0.0566642867952508 0.0174202139288718
0.00790236400437501 -0.0426704954102573 -0.0229938681288092 0.0336440164244803
-0.0165922883204487 -0.0382943938096202 -0.000931392065771164 0.0227422420651844
-0.0226562507202961 -0.0314789595083709 0.00691232465133694 0.0122995901137698
-0.0231089389457932 -0.0356189750690106 0.0146773884099251 0.00297540314386892
-0.00263308711296529 -0.0480303737523792 0.0252232198247757 -0.00166368776104604
0.023429005435855 -0.0439600526562409 0.0365621528625141 0.00537146426668586
0.0558544761514529 -0.0315307573956826 0.0395270364026895 0.0332226585716581
0.0627842926198106 0.0209557863029228 0.0166144093542677 0.0576952788375785
0.0294505619774273 0.0685345733013598 -0.0177445839577155 0.0433780840152496
-0.00577104182373115 0.0870905087951864 -0.0111601222312875 0.017670501777294
-0.023175855041485 0.0718611340638287 -0.0075678442507052 -0.0179478797242515
0.00599398547646798 0.0760988957808376 0.0330603052347003 -0.0424953558227973
0.0509755104132568 0.0451117622629052 -0.00468304039413471 -0.0672789398388384
0.0660097159512609 -0.00997533365061068 -0.0470882766432728 -0.0421458481281994
0.0390763466448362 -0.0394747317213456 -0.0488993667459361 -0.000574628542263491
0.0109757019088221 -0.0476812676742012 -0.0239892672296619 0.0145219173079946
-0.0164104269870734 -0.043021805613501 -0.00700054106088267 0.00561963142318745
-0.024395982314297 -0.0343953509398128 -0.0016120915543761 -0.00232777544087156
-0.0254932033357014 -0.0363290815902989 0.00660417410050307 -0.0113766975872311
-0.00461337653415086 -0.0483358230639508 0.0198243785350547 -0.0177753249790641
0.0211844606345093 -0.0460958701076917 0.0372702404459575 -0.0113189387353424
0.0557055146639519 -0.0349941795338694 0.0459306183387569 0.0187396194090403
0.0628912611380913 0.0197676299816248 0.0265406035412352 0.0479792985802756
0.0281670958832467 0.0670688521455994 -0.0112987780800155 0.0333001078067457
-0.00904222012909482 0.0849470676012137 -0.00164413605480464 -0.00746612774188058
-0.0281706227344637 0.0601564652040645 0.00954447490055721 -0.0469246856199626
-0.00510285547982404 0.0715198369414396 0.0416274728700491 -0.0573576882108408
0.041973291444531 0.049898313177201 0.00967495789968377 -0.0696581275473676
0.0633019646953015 -0.00284225439943871 -0.0295888899000593 -0.050129817484564
0.0388091351083697 -0.034633759524669 -0.03644481415284 -0.0180010444394838
0.012048441346048 -0.043960996440908 -0.0226899609684938 -0.00558713893740301
-0.0141260119092108 -0.0403660034162958 -0.0127164590469426 -0.0116311931896728
-0.0228505771928165 -0.0312860167929532 -0.00940668543866011 -0.0167522823512115
-0.0236417663044177 -0.0329665736506295 -0.00123805308305574 -0.025452715758158
-0.00551102714459752 -0.0426139862020421 0.0141069548001094 -0.0320179900657442
0.0187470806657889 -0.0415624013861002 0.0358760891625497 -0.0253087681256689
0.0504927269898462 -0.0304000181672417 0.0484285411117418 0.00677668964465269
0.0543746845031381 0.0200162102745556 0.0318956290711702 0.0376760427348732
0.0205621549240643 0.0594784281446878 -0.00724923805348392 0.0237791239137418
-0.0137740085914287 0.0711281232892456 0.0067828678115312 -0.0282972709881544
-0.0261485774013864 0.037152691734206 0.0261052056833067 -0.0687965155173749
-0.0126847967540335 0.0519930212652296 0.0486739593631582 -0.0679140654408771
0.0253255871076615 0.041284112927573 0.0217326398273063 -0.0691413363561768
0.0462666064183566 0.00191908423400738 -0.0140786483772942 -0.0536044119346078
0.0301052546077586 -0.0238599744240932 -0.0241829514247775 -0.0306517324716369
0.00991354227570056 -0.0323899266120217 -0.0209175222881054 -0.021903243992644
-0.0101636835389666 -0.0300568393362672 -0.0175826793392187 -0.0257999123008656
-0.0177770214342351 -0.0232553819387027 -0.0158661680209103 -0.0284756677807924
-0.0186845590325226 -0.0246366733095774 -0.00799032297307134 -0.03652657355566
-0.00455446395686963 -0.032162360770098 0.0107340407748295 -0.043124149131533
0.0150924792848505 -0.0322343614755308 0.0364114417640403 -0.0347546565829734
0.0407106915293674 -0.0211725388300521 0.0497486723395321 -0.000347999731972624
0.0402721735755587 0.02052253106082 0.0340801714216473 0.0300994780925567
0.00914686224035485 0.0474899558016955 -0.00431511880584923 0.0165884539667989
-0.018074642494953 0.0489692836786776 0.0146479217380707 -0.0425460428368472
-0.0190011095554504 0.00741594090395619 0.0378341831276231 -0.0813975914210147
-0.0149165380775751 0.0212840684278385 0.049655532974325 -0.0744081510331951
0.00688309027640075 0.0213238026472008 0.0267479234819197 -0.0674682041809798
0.0207484124477154 0.00272998894294311 -0.0057997074366177 -0.0550007808540527
0.0143019733315864 -0.0100415401635198 -0.017648052190712 -0.0373390112953093
0.00516354131905591 -0.0142464721234054 -0.0205597733494736 -0.0313059668383656
-0.00471873497099019 -0.0145291317776154 -0.0212283266452548 -0.0335824230734085
-0.0100920476051953 -0.0115579913144961 -0.0203573361908617 -0.0355761194764362
-0.0112211189531725 -0.0134468374258451 -0.0113147358934411 -0.0442834823725041
-0.00366781998359822 -0.018654052931472 0.0100078494091794 -0.0503872502538196
0.0092854702385692 -0.0208767234066775 0.0386235746220767 -0.0410902768552341
0.0268942560352827 -0.0114220694773249 0.0528601055638297 -0.00348334146590772
0.022766848776053 0.0182692240835092 0.0356108285381946 0.026417532833484
-0.00170495339335125 0.0302244658708418 -0.00176155193264598 0.0132081386690912
-0.019971690478695 0.0212251100972332 0.0214781702785358 -0.0492074940651148
0.013894338531071 0.00533540388792127 -0.0147812778877093 0.0604023795083696
0.00505941430810378 -0.010073869793684 0.0177794485698835 -0.00523766619920244
-0.00675370724757411 -0.0069610878444616 -0.0342228247453073 -0.0361701776700112
-0.00721438999757206 0.00423162117500137 -0.0641632599009815 -0.000873891194526291
0.00063840679020015 0.00520393404997619 -0.0502421708241222 0.0480889689986821
0.0011171784035954 0.000326483985128611 -0.0113320095479928 0.0607636360525334
-0.00082761438557094 0.000400229041956521 0.015570923749368 0.0492362538797202
-0.000390958143529223 -0.000908111113852495 0.0254448140101605 0.0394065038468953
-0.00384420785832849 -0.00291534674949077 0.0286734510558817 0.0339695000200783
-0.00181837923754063 -0.00710802834666391 0.0271285758319007 0.0345640707112414
0.00162919855868927 -0.00516949386515501 0.0216764767520323 0.0402406455383452
0.00482303051632497 -0.00688382383236336 0.00755655008769564 0.0562521166989154
0.0120435285346184 -0.00234229441335895 -0.0207383187402631 0.0666162682536251
0.0164657278736557 0.00982188164998198 -0.0509413644935249 0.0670600746811934
0.010218581056223 0.0198761075366585 -0.041393169731825 0.0810523633506445
0.00964484159812263 0.0328295874212173 -0.0219388988464315 0.0544340896100271
0.0142135439149551 0.0144494827613302 0.0174882957910272 -0.00713676482609046
0.0146314874014932 0.00137749859274154 -0.0328862709904569 -0.0404312587019346
0.0126082990098976 -0.00636772306704624 -0.0667730329364822 -0.00548203798139302
0.00954391882208104 -0.0109062026788362 -0.0545260125503874 0.0443958118936221
0.00135251430268439 -0.0161704172744421 -0.0141560134489036 0.0577524835455311
-0.00900312327011068 -0.0139455559171113 0.0120611438990563 0.0457260963554052
-0.0102175102382276 -0.0135947757047587 0.0217325176048571 0.0346746841884327
-0.0120174960944262 -0.0182024681667602 0.0273880093095028 0.0280803187954289
0.000161255243459325 -0.0267500796993148 0.0290272700479815 0.0272619345261239
0.0152042879218268 -0.021443805360348 0.0267563311580716 0.0346206696637548
0.031130043800348 -0.0128779213536627 0.0166243970698549 0.053566567226431
0.0338291399728887 0.0142597379695187 -0.00989153372054929 0.0668619924720713
0.0196428552814472 0.0409739711948883 -0.0392847839595826 0.0616467143200398
0.0023944339515443 0.0531715596221831 -0.0320092454878358 0.0669417261278988
0.00094375670090265 0.0567045045747649 -0.0245764228729394 0.0376262325630735
0.0188371571054095 0.0407284849399683 0.0196890730618059 -0.0149531694893955
0.0352450805615547 0.0140791043938732 -0.0289500054175046 -0.049773359264369
0.034507447661341 -0.0144235502229858 -0.0673402091804744 -0.015803859862122
0.0195203224871641 -0.0260472533120992 -0.0580579407552386 0.0351140115098771
0.00322171996386898 -0.0317851315030895 -0.0181995478567009 0.0493252115853675
-0.0150638999300037 -0.0274639006951411 0.0072076320616377 0.0367532970454903
-0.0183610504256165 -0.0240082849609738 0.0158090780978243 0.0253835407554163
-0.0196727222709053 -0.0293317831032414 0.0225689054306617 0.01666493070177
-0.00176884068860984 -0.0414399368899441 0.0285476279220683 0.0141977967372189
0.0218550475891532 -0.0364951651982248 0.0334021466445587 0.0217247731215711
0.0482301184022114 -0.0246520665210455 0.029804312821455 0.0449393812577808
0.0530821184276768 0.0200031443219267 0.00493109109895865 0.0646773738322349
0.0268727944882271 0.0610864924694931 -0.026404098363242 0.0542365672771692
-0.00147092546708522 0.0772215714396863 -0.0213025195998434 0.0448064401577709
-0.0102925670190787 0.0714269697111876 -0.0194188524758131 0.0122000551855088
0.0172528001033424 0.0644018592560855 0.0248637515006987 -0.0282240401565229
0.0500601627309031 0.0298289707556709 -0.0198116835845406 -0.0596076454513653
0.0542874457235222 -0.0169130264255334 -0.0619182937417002 -0.0282847309100923
0.0301031898971848 -0.0379354027910585 -0.0572248305459865 0.0199708751765593
0.00594754187234945 -0.0439473676717295 -0.0219816398081158 0.0352939256262222
-0.0187882533217054 -0.0381893487208537 9.29878124302778E-05 0.022808360458329
-0.0240349889229488 -0.0310145896268026 0.00707560065600753 0.0125117835422841
-0.0253244033622789 -0.0348180463919599 0.015221038554865 0.00273410645054009
-0.00452832246826779 -0.0489562913578472 0.0254461285747389 -0.00268208306374867
0.0221563142014718 -0.0459523858237581 0.0371869034295681 0.00425161453048086
0.0553045421792452 -0.0350211133016076 0.040743057383976 0.0320959498120376
0.064240648538341 0.0187297014654419 0.0193207436365023 0.0574764918120227
0.0323718631424457 0.0681108791399029 -0.016901835981522 0.0448815841355623
-0.00313316337282427 0.0879735566868788 -0.011323984111114 0.0185285898252781
-0.0207438084038304 0.0740296948611423 -0.00842739706475824 -0.0181691818879403
0.0085514963008319 0.0769361371715023 0.0320635801537756 -0.0440000797435005
0.0531789030800883 0.0437735657680966 -0.00658071385586688 -0.067178707353373
0.0658131965548261 -0.0128067065806623 -0.0489680165919604 -0.0410135935480452
0.0377327272748378 -0.0416922370922576 -0.0500525539758274 0.00110401772103276
0.00926092744658214 -0.0487881399468717 -0.0237601053766887 0.0156250760906319
-0.0185941474343855 -0.0427561314425726 -0.00741796737964705 0.00569968755288332
-0.0259434619343342 -0.0334997677496662 -0.00169829580279614 -0.00244121241370377
-0.0270883415362137 -0.0355986459124512 0.0062568050870863 -0.011818376163931
-0.0070233619267827 -0.0489376535536516 0.0194251867258484 -0.0182861432499118
0.0200923507399196 -0.0475521890445077 0.0371588334046542 -0.0131069030778422
0.0546727944234675 -0.0378775735493124 0.046815495080033 0.0172994576283801
0.0646143995885142 0.0172701189920181 0.0290191634694523 0.0465512344989199
0.0310435228741358 0.0666637399628991 -0.010778626603256 0.0338538689687721
-0.0061026001951799 0.0862177783623398 -0.00243679150911751 -0.00743797114284996
-0.0261153161651411 0.0619369398392832 0.00802699298326031 -0.0473381926028417
-0.00259651771351665 0.0729986811117323 0.0404767591870506 -0.0594296004879861
0.0437352604066221 0.0490793871446916 0.0078439223711185 -0.0710958288173757
0.0632054913287292 -0.00549017314284403 -0.0318876775324704 -0.0494820956441614
0.0381891508131168 -0.0369774724612384 -0.0377443099545339 -0.0164385269134915
0.0103460974251992 -0.0453567323462613 -0.0234093105102004 -0.00512632964416262
-0.015831012193587 -0.0401333606818124 -0.0139371161514399 -0.0114741983237877
-0.0242576373094016 -0.0304031676230942 -0.0110601139022139 -0.01657349348456
-0.025179362971213 -0.0318459653347467 -0.00269437471761279 -0.0255672599325187
-0.00725550667406638 -0.0428471168963238 0.0128474650055254 -0.0327969304891485
0.0174522071535622 -0.0425633391250277 0.0356414060619789 -0.0271250713259147
0.049194721736463 -0.0331833385304528 0.0488039106595493 0.00542909374203513
0.0557775529230558 0.0183954830239657 0.0337367703550312 0.0362770619240999
0.0225162080975617 0.0593901425343463 -0.00669985451451935 0.024352455294018
-0.0110368839863029 0.0722725558398443 0.00514141422203589 -0.0283889071123875
-0.0250489633581903 0.0386064096552322 0.0241003470159996 -0.070528158583527
-0.0109961579567083 0.0532211717158452 0.0462350304986719 -0.0700488377685217
0.0270871834559454 0.0405609944934301 0.0196901115933219 -0.0704366604416925
0.0469534910449311 0.000197545203308526 -0.0161664505349201 -0.0534115224264637
0.0296845278000522 -0.0255983531665548 -0.0257404302743349 -0.0303022480995923
0.00879356502698546 -0.0330436934523966 -0.0218574897127284 -0.0219703586607652
-0.011581096984597 -0.0299567107833062 -0.0192302454979272 -0.0256184448447483
-0.0187835575951695 -0.0225132537364739 -0.018178830985198 -0.0281988426705793
-0.0195914894534134 -0.0237518244816315 -0.00929937809890339 -0.0370229204893757
-0.00611084850382189 -0.0326238500911568 0.00894088028670291 -0.0437608605194431
0.01397163193055 -0.0332838757783736 0.0352821052812444 -0.0367893890249441
0.040018083732243 -0.0236807564848745 0.0501750957907796 -0.00213431291124183
0.0416618068028717 0.0196469203016728 0.0358498924065214 0.0287710278245349
0.0110532464679504 0.0477676260875929 -0.00358983553434934 0.0170146349395572
-0.0166533161447903 0.0503364105502363 0.0130189769112304 -0.0436524540477475
-0.0186284128651077 0.00801199389832389 0.035345309573052 -0.0839151497850485
-0.0140611393945433 0.022008048658219 0.0475507956375079 -0.0760657935989544
0.00760298857329562 0.0212174050941296 0.025137670101541 -0.0689497199071092
0.0208131365145101 0.00159707629543699 -0.00740914385819732 -0.0554703169127516
0.0141567968502741 -0.0106467615022841 -0.0195359233771902 -0.0374063793155663
0.00463292826029952 -0.0149676960414681 -0.0223701294333931 -0.0316342987018748
-0.00508579941210533 -0.0139164512243341 -0.02342433823286 -0.0334271166199102
-0.010425040105559 -0.0110252150996452 -0.0225482375558902 -0.0350733408898617
-0.011849283158811 -0.012892897553742 -0.0135130224903988 -0.0442325041585209
-0.00461179387338503 -0.0188888049394476 0.0079437888748619 -0.0513778056839397
0.00864792632303609 -0.0216027166848968 0.0373041890581543 -0.0427662248532745
0.0263090918486225 -0.0125014940594395 0.0536541585865829 -0.00532630922276775
0.0237971802943595 0.0180045096407341 0.0369607542439277 0.0255334051795659
-0.000691148155011653 0.0304480749113992 -0.00108488681200867 0.0135660959429473
-0.0192162582988564 0.0218894949481644 0.0190740035808058 -0.0503113671488605
0.0134620509675206 0.00462251280331348 -0.0117142119588473 0.0596759121194731
0.00465253876598826 -0.00981919313232479 0.0174986253619491 -0.00598361435366681
-0.00684911986323259 -0.00651728873000039 -0.0347143630401461 -0.0343815037112622
-0.00697455679809854 0.00444660631161063 -0.0635072055553565 0.00114052348021607
0.000623737637344841 0.00476259866160753 -0.0477889861874547 0.0494138282664125
0.00112294954073848 6.45163137651567E-05 -0.0084863839381433 0.0607291894762654
-0.00086302086977881 0.000531788005219457 0.0168513394112371 0.0474529990339529
-0.000754552673829729 -0.00137690271604636 0.0267624567849015 0.0370680143272366
-0.00400502836919769 -0.00271526330818845 0.0302513967793027 0.0323753537870073
-0.00206634026662143 -0.00679737647093299 0.028357849805264 0.03285927372368
0.00159335698761126 -0.0051096335540148 0.0225052474067659 0.0388809361514582
0.004882759463417 -0.00687598341625092 0.00982953517347686 0.0549016271240293
0.0118501596393645 -0.00226899431652151 -0.0179856785136235 0.0660261791648497
0.0164878540781618 0.00906093777324322 -0.0480675436156456 0.0677084823851325
0.0106291293197879 0.0191955075156801 -0.0372983332801463 0.0820651479668921
0.0107843749055986 0.0320565102816116 -0.0191790202531791 0.0542163251537879
0.0147394342578764 0.0136247596299966 0.0171512283135824 -0.00792522668262401
0.0146227801167728 0.000493144762705248 -0.0340393689519212 -0.039175027797752
0.0118658329600561 -0.00664966733518658 -0.0662898681357665 -0.00351935431723999
0.0084379336728334 -0.0116021144486804 -0.0520244656923753 0.0462653504790018
0.000293547352886645 -0.0160703265196725 -0.0115686759136863 0.0574966714885448
-0.00966627548058143 -0.013216733088907 0.0136983963422934 0.0442578384511021
-0.0106621737657255 -0.0131040483201452 0.0232451937185185 0.0332603097116888
-0.0128884362016501 -0.0174943111982997 0.0285728796137671 0.0260438605150291
-0.00144185093143837 -0.0267119106952772 0.0297963145794553 0.0259078406447595
0.0146455058975749 -0.0221057662476943 0.0274803116754821 0.0331394796852094
0.0300285220532502 -0.0142813043857356 0.0185031624640688 0.0519611219743779
0.0339318243171871 0.0130523273587076 -0.00760376009053279 0.0657805914294787
0.0209255226341112 0.0400464236173324 -0.0362768313491161 0.062490932421745
0.00367478659454561 0.0523375208294947 -0.0288863429183056 0.0675088841134389
0.00329736429439635 0.0556313599273107 -0.0224171339232349 0.037905988948596
0.0206701392522665 0.0396040314148018 0.019392353971352 -0.015573438216104
0.0352966190004298 0.0122326915335969 -0.0301331431689229 -0.0477238685694319
0.0331277131929209 -0.0157515390610802 -0.0669766865122049 -0.0125673642633592
0.0178390645330493 -0.0272711317138793 -0.0561866892347567 0.0374967793784749
0.00141366401018196 -0.0317931530568834 -0.0159486942830854 0.0496313272901013
-0.0164758824678054 -0.0261313618561385 0.00800407192472282 0.035641058283964
-0.0189799909872211 -0.0225978589317925 0.016953849123318 0.0242352768206284
-0.0210389204911506 -0.0278835918781875 0.0232857940597597 0.0153880355226031
-0.0037007356272611 -0.0411206031754813 0.0290570812354236 0.0128898012594554
0.0200304112028043 -0.0370370886020366 0.0338366214526152 0.019940464787306
0.04630749270403 -0.026386952757655 0.0308826186404841 0.0431098114796997
0.0533555547169321 0.0177578842168736 0.00751988803210297 0.0626928379896096
0.0290333218798745 0.0588942921899094 -0.0239068264723724 0.0544024324720067
0.00129733805379449 0.0760091548145067 -0.0190396597189705 0.045233217501564
-0.00721393833868284 0.0707618002147226 -0.0187776525985756 0.0127522730409854
0.0197510526519723 0.0628844295021679 0.0238034118645283 -0.0286352951476471
0.0503266282957965 0.0268901532899208 -0.0215219810405055 -0.0579009087493121
0.0527559167496597 -0.0195171035982523 -0.062028856397867 -0.0254142559127194
0.0273931883311446 -0.0388840992027359 -0.0556246996706529 0.0226194286820935
0.00383683971697157 -0.0439409418548226 -0.0202950145208607 0.0354469045018985
-0.0201038508902337 -0.0367192907996789 0.000842518073101683 0.0224255387159559
-0.0251476373939509 -0.029251553138569 0.00750824151606676 0.0119280882146553
-0.0266868067343516 -0.0331032737743524 0.0150617685720677 0.00162588762156062
-0.0069898388279388 -0.0482282261075421 0.0243176072138454 -0.00354711237243083
0.0199562405840855 -0.0462437918048697 0.0372027311089952 0.00291891692206639
0.0525745790960915 -0.0369217175586635 0.0412665420935876 0.0296723631368032
0.0643473886675891 0.0157158994803121 0.021298389452122 0.0549208189280251
0.0344249318372632 0.0660873332520748 -0.0149678866679106 0.0447690015263485
0.000121092911368391 0.0867817170390501 -0.0104621357344302 0.018801874181948
-0.0174453815816676 0.0733027994883457 -0.00868232231651804 -0.0171748143291727
0.0121084612871471 0.0756119833612071 0.0300424598230657 -0.044214726547847
0.0538092050209846 0.0404843573215716 -0.00871374211586627 -0.0659501889388489
0.0640024963061646 -0.0158584640890256 -0.0495560887180569 -0.0386394117886681
0.0349822360290147 -0.0430307695084389 -0.0492434191575602 0.00373231646623207
0.0069039368025481 -0.0493281302955732 -0.0232028144642522 0.0163731309164666
-0.0204378604125384 -0.0412238461904103 -0.00767077283189732 0.00601955276064211
-0.0268919644206634 -0.0311902481581549 -0.00207309877884534 -0.00239785835848188
-0.0284075186984456 -0.0337481051124647 0.00583067896272119 -0.0121587830314188
-0.00945893152792467 -0.0485989700815572 0.0181744982929161 -0.0191073488997975
0.017562618378728 -0.0478065982584252 0.036565095339327 -0.0141968946205878
0.0517447221630003 -0.0399699100448936 0.0465542962789931 0.0149873795582638
0.0644565793099873 0.014309067625524 0.0305594893018223 0.0444611287663999
0.033071320363854 0.0646215855910863 -0.00906941101448304 0.0341399736446415
-0.00275819111048113 0.0841939202454693 -0.00327075271175561 -0.00650202532250235
-0.0229438882603125 0.0619759973741806 0.00622316241716916 -0.0470092912180435
0.000839766507548973 0.072277052004016 0.037411137791552 -0.0593806267520616
0.0448884512219462 0.046015103994054 0.00577888618600239 -0.0694834930038448
0.0616245001922948 -0.00810548754381768 -0.0328007348252322 -0.0478038632951533
0.0356079533024987 -0.0382292585733851 -0.0377978492265264 -0.0145889398768622
0.00816410096556337 -0.0454365894372858 -0.0233180970116688 -0.00400586902704743
-0.0174775010610124 -0.0386610607703584 -0.0144158711651795 -0.0108660757475455
-0.0248676271889789 -0.0287830838572121 -0.0122065318437753 -0.0158351136534797
-0.0261543308289352 -0.0298670841049609 -0.00416943399218167 -0.0252732708020125
-0.0089995614902688 -0.0420956530756054 0.0112728860919451 -0.0330071374598218
0.0153041615468779 -0.0428225198052819 0.0343346960943334 -0.0278102905182024
0.0468110153839535 -0.0347722938330758 0.0482318159984699 0.00344890913475763
0.0561779169132918 0.0158003685946038 0.0348470317311184 0.0339601766294809
0.0246559859819981 0.0576248856320557 -0.00550084214328599 0.0245001617765497
-0.00804710879874103 0.0713227789615287 0.00294547241855525 -0.028534890556362
-0.0230856043196529 0.0385602614102638 0.0208887772056082 -0.0704757444851805
-0.00823096121360776 0.0527581690292092 0.0430822728334993 -0.0704167626787193
0.0281507113413268 0.038666899530242 0.0171312072053636 -0.0694570485570142
0.0455955454558883 -0.00184940163267406 -0.0172862896863265 -0.0517953352095226
0.0280420210589814 -0.0268141825617314 -0.0263790383082105 -0.0283880013744474
0.00704626574803867 -0.0332564792540719 -0.0228768794816371 -0.0210212279315432
-0.0126321681267112 -0.028648162044788 -0.0210007315616713 -0.0245774365408205
-0.0191539115020854 -0.0213444216277373 -0.0192689036826238 -0.0266497345065049
-0.0203738276780806 -0.0224834786091403 -0.0111846711573661 -0.0361019494336264
-0.00740628770486736 -0.0319592066115548 0.00664558254910673 -0.0435621216117923
0.0124263861708563 -0.0333866443665197 0.0337264910906807 -0.037658883321526
0.0380487145571916 -0.0251556941443037 0.0492937805267618 -0.00405450552811394
0.0419412423631357 0.0170374307927025 0.0362504368592344 0.0269504678860067
0.0125179487959834 0.0462885568678881 -0.00285052276219572 0.0170472169993773
-0.0142317482485782 0.0498290254133008 0.0102802355006773 -0.0432054213362735
-0.0176281546156056 0.00877228352589077 0.0316853735516694 -0.0841161913399766
-0.0128995831974627 0.0219724240450122 0.0437647565715232 -0.0764479915544248
0.00811186388695688 0.0207676795294702 0.0226508277357108 -0.068489759537965
0.0198906869846387 0.000816675771933405 -0.00929643243286122 -0.0539259537977607
0.0132298068401249 -0.0113484964563396 -0.0202673000345454 -0.0359726376481717
0.00398510730125758 -0.0149469753255215 -0.0236296749885383 -0.0304647248686611
-0.00568771983902685 -0.0134757260999288 -0.0255087801240875 -0.0318315629593352
-0.010226462566887 -0.0101084644057221 -0.0242360750545151 -0.0333626933564322
-0.0117594447070067 -0.0114055269499633 -0.0158370454613557 -0.043051472771401
-0.00529455822218591 -0.0181502011246218 0.00581761986045989 -0.0508763447006965
0.00742422839901095 -0.0214451380662855 0.0357013230865371 -0.0440045106388415
0.0256767322038044 -0.0133523190537495 0.0523124551203498 -0.00712013483053766
0.0244218614347833 0.0165324111426101 0.0370729421558813 0.0234741359399854
0.000691724982512268 0.0298781040396161 -0.000854560617869333 0.013595140531888
-0.0179439288945453 0.022318044617569 0.0161290581992439 -0.0503021187729622
0.0126941451100054 0.0041532441896464 -0.00988101149236157 0.0576860904983596
0.00427436252947839 -0.00959591230662266 0.0170862144401068 -0.00612083356626042
-0.00662038338501445 -0.00637985164417819 -0.0347223564792743 -0.0327144698389197
-0.00671146811951712 0.00447909829043532 -0.0616305507485687 0.00254136587444231
0.000672541350815928 0.00483096141464666 -0.044647681322966 0.0495529771456392
0.000711844149332278 0.000148051246501987 -0.00680677329726595 0.0591395828458263
-0.00084956260629313 0.000512900818322731 0.0174305739620613 0.0455886811306155
-0.000614837391014236 -0.00095859730957045 0.0267967258273966 0.0352593637570197
-0.00408811219264891 -0.00271344846178008 0.0300606179152375 0.0305047468371243
-0.00238511445678455 -0.00676629236166858 0.0285746752425212 0.0314410488238732
0.00196020342841121 -0.00505650565431423 0.0223751293866248 0.0372552824280697
0.00494479512908018 -0.00697318748939268 0.0101262024634757 0.0526842824865983
0.0111239955042895 -0.00240346864600953 -0.016797955354832 0.0640234436137801
0.0161978560190766 0.00862232625424072 -0.0451674055523016 0.0667998711059374
0.0101828408102763 0.018160827869762 -0.0341411036350374 0.0800187039313821
0.010698540985993 0.030656885075435 -0.0172938310449047 0.0525308827209767
0.0145109459028666 0.0129590986648116 0.0169582856013883 -0.00796038220767714
0.0141506705695424 -6.20812717472621E-05 -0.033713086495646 -0.0371932601485796
0.0114206639523101 -0.00693924398019277 -0.0641830762716106 -0.00187963254984731
0.00776333069438313 -0.0115695780826635 -0.0493887225941294 0.0462941345631521
-0.000384071225354473 -0.0156328211549492 -0.00984851789932101 0.056267688359015
-0.00968500681008418 -0.0125771180795919 0.0144106517754476 0.042350170535902
-0.0108631677086242 -0.0122532125368284 0.0233420362277671 0.031706385233181
-0.0131731263785938 -0.0162258166168466 0.0283640160548208 0.0244948430930032
-0.00202217551588283 -0.0258797146658904 0.029537363483312 0.0245970521825992
0.013584237147202 -0.0219698368758526 0.0275456500348473 0.0313066416687404
0.0287434532513149 -0.0145597889943239 0.0186893796824202 0.0497665940959386
0.0332331308282986 0.011998148567426 -0.00598066451549512 0.0632107637936236
0.0211694873710075 0.0378071080654973 -0.0342133540349978 0.0612934002260542
0.00419176030593062 0.0499882427374892 -0.0261616313236361 0.0663704524561788
0.00431724865411708 0.0536863507282079 -0.0204346385027586 0.0373807240906807
0.0207252478150402 0.0379194390217945 0.0188923901469443 -0.0156054165121946
0.0342743252660681 0.010562932079772 -0.0299004081129079 -0.0459505113364963
0.0309721854379797 -0.016203019152988 -0.0651097479515362 -0.0113253099056965
0.0162652723062016 -0.0267841688758523 -0.0530414021464538 0.0380965296272424
0.000211086970127599 -0.0309652949082038 -0.0145500534448918 0.0484632582569618
-0.0165758140164487 -0.0250248908558689 0.00837660958938836 0.0341482032345643
-0.0188366079004115 -0.0212630966348212 0.0165897531816224 0.0231392952422009
-0.0211171580077021 -0.0262933085602709 0.0233479757091403 0.0142444231684352
-0.00514807953158146 -0.0398320363264206 0.0286575679323788 0.0118508334731411
0.0185007520622395 -0.0363359256799252 0.0334316780182909 0.0186100437793948
0.0440054071641158 -0.0270055144834182 0.0304427266695512 0.041105537729631
0.0522659428925263 0.0160388304684878 0.00812821385289323 0.0596382503326341
0.0291608424774226 0.0565244980076043 -0.0224744210595285 0.0532452124400045
0.00262099103660239 0.0729496884263072 -0.0178121428082198 0.0447064708121092
-0.00521384796616496 0.0684403885794482 -0.0174711916561211 0.0130214711673373
0.0203919238602057 0.0604317360804003 0.0223979968382281 -0.0276219332170728
0.0489249193582819 0.024433048293278 -0.021784127458946 -0.0552843642425274
0.0496970211910358 -0.0199123451336256 -0.0606919686248983 -0.0235247870492805
0.0254527469619389 -0.0386629257294693 -0.0530746767575466 0.0241217613511507
0.0021425760285363 -0.0432636130657759 -0.0190339323193675 0.0346056866399005
-0.0207791910407032 -0.0346644498508954 0.000709673256448805 0.0216930992797426
-0.024737856841082 -0.0274509968022797 0.00707137699065523 0.0111806197260252
-0.0262631567053885 -0.0311340084417137 0.0147265964130565 0.00106552308162141
-0.00877439611334343 -0.0466066639477763 0.0242174867152328 -0.00390012686685684
0.017976233089772 -0.0456140567820109 0.0360958073995857 0.00167484336851402
0.0496052462442752 -0.0375384611397341 0.0401774758432959 0.027907939039604
0.0625847110578502 0.0139196536334342 0.0213639006273992 0.0522358487411941
0.0349440869482455 0.0632570929181103 -0.0136397463475919 0.0437608287703365
0.00120452417371372 0.0835564717372227 -0.00972656734756894 0.019020690742605
-0.0149442558150662 0.0711178097036034 -0.00814945636182863 -0.0166532728279991
0.0130209243342312 0.073062445793984 0.0287024947156249 -0.0428282717360421
0.0527765097482876 0.0379786451114574 -0.00955307499991824 -0.0633131816129705
0.0609087710718631 -0.0164354787214998 -0.0486540127486749 -0.0361512426273909
0.0324428867463286 -0.0428468573402143 -0.0474376425709598 0.00535648975985532
0.00501046685394856 -0.0482065552774551 -0.0220021234704124 0.0162399327222351
-0.0209892897931276 -0.0394655017940331 -0.00736537018200812 0.00586831205063588
-0.0264891579290562 -0.0293958451835853 -0.00281750875633878 -0.0021389525941582
-0.0284761265349763 -0.0315223496590937 0.00507353344239724 -0.0119181782197568
-0.0106758921091414 -0.0465604432154285 0.0169073728654322 -0.0186749176140828
0.016157436353738 -0.0469519355500357 0.0348954899493763 -0.0148653374256414
0.0485812402944692 -0.0401216304550858 0.045191932940913 0.014092146266422
0.0626473130616402 0.0125966247623955 0.0302273933025188 0.0412822120875424
0.0334804631249429 0.0621611198601352 -0.00833755750156845 0.0329813191968969
-0.00151144558102632 0.081245117228806 -0.00370184924104683 -0.00595561218268406
-0.0207953803778642 0.0601386241011743 0.00521192135751164 -0.0458418681086614
0.00230193984312845 0.069779269182106 0.0352486735570635 -0.0576229251292571
0.0443607895501165 0.043589112291213 0.00440486346208604 -0.0671779315705611
0.0588797564392318 -0.00930445407373039 -0.0324448176646797 -0.0451353956379863
0.0333613462989701 -0.0381939230551617 -0.0370476974838128 -0.0125084294308449
0.00654478381986057 -0.0443465013488853 -0.0227967859684398 -0.00329409906419233
-0.0181279093021558 -0.0369359865656934 -0.0151290783732246 -0.0100858355104845
-0.0247698206195866 -0.0270236891985209 -0.0122149387861055 -0.0145512825490182
-0.0258361576367737 -0.0274850003914864 -0.00434174925181631 -0.0241542469068636
-0.0101721608972177 -0.0403853312340827 0.0100318840449927 -0.0317453561982313
0.0136186670303671 -0.0417917485953912 0.0325619133804662 -0.0277034956236908
0.0439155368153816 -0.0350265819876531 0.046410141610251 0.00225384910245623
0.0544970872213319 0.0136816577260657 0.0344065208379218 0.0314084109479004
0.0251516390927102 0.05543213538378 -0.00496162434328776 0.0238866788413543
-0.00621549959641159 0.0687513388792049 0.00193043046229653 -0.02733207901946
-0.0210602564813726 0.037927533669178 0.0187438669332459 -0.0688927764235734
-0.00716730842931371 0.0511708011735132 0.040245144891186 -0.0683496288010718
0.0275324621949702 0.0368983532146021 0.0156022039999254 -0.0674178644582734
0.0435312321996342 -0.00289860115560435 -0.0178670111744896 -0.0495566171137633
0.0263110481113991 -0.026922280427501 -0.0260069797806099 -0.0271149073502448
0.00565483699692557 -0.0323487033154046 -0.0228811610817583 -0.0200562221128778
-0.0127863113325213 -0.0275085168786127 -0.0212331438547679 -0.0230569659145486
-0.0187343705033527 -0.0197120198022207 -0.0201531375853403 -0.025144347227215
-0.0200032813913672 -0.0202677355944409 -0.011783925983204 -0.0344561427364489
-0.00814484756779572 -0.0305194771826398 0.00526344978690628 -0.0418282233036659
0.0111677075665074 -0.0323485465917814 0.0317647457053051 -0.0373302660146481
0.0356012772542932 -0.0248247108230014 0.0478985910792098 -0.00481342039723854
0.040992997837529 0.0155657069570002 0.0356049918055445 0.0247540697036335
0.0128763655101609 0.0446401535630722 -0.00239977718951416 0.0164320135345478
-0.0128510106711131 0.0482364771087411 0.00796542198062655 -0.0416316259814283
-0.016834703526862 0.00863136272117442 0.0287395080356401 -0.0820518856133598
-0.0119939755105042 0.0215500965691047 0.0402927303460099 -0.0742306841764774
0.00795652410784791 0.0196326867393865 0.020693878905235 -0.0664316256546087
0.0187214291799077 0.000503408281508358 -0.00964753606678709 -0.0518955936390384
0.0125053424097572 -0.011419171542225 -0.0202216806407835 -0.0346477959173311
0.00332048281472544 -0.0147600360474036 -0.0239053871306008 -0.0293449886416362
-0.00598273907925533 -0.0129297691877958 -0.0260761555388374 -0.0301572234036755
-0.00979194326605765 -0.0095025317707161 -0.0246172389760583 -0.0314490332603809
-0.0110056008647016 -0.0107064048528136 -0.016695467086865 -0.0409428180175183
-0.00539516550944454 -0.0172966697250644 0.00390283989932589 -0.0496275820596432
0.00657461450699338 -0.0206901080925946 0.0335780134586626 -0.043564171902056
0.023977852681519 -0.013163096343046 0.0506265584769703 -0.00823991659976146
0.0239495605532067 0.0153344252685532 0.0365782302802174 0.0219143772136427
0.000908878146811977 0.0285291509711293 -0.000906806225297235 0.012689543398646
-0.0163491520000597 0.0219556917601495 0.0135696181679585 -0.0488400427474503
0.0127970437726822 0.00499558935891881 -0.0128203068892253 0.0545521032364009
0.00460367298770577 -0.00907861224161086 0.0168341979451564 -0.00507849727145689
-0.00604431034174308 -0.00598820633151335 -0.030955483699043 -0.0334002477292672
-0.0062528367105007 0.00424328457721695 -0.0595478042107241 -0.000753485999994876
0.000805136450809056 0.004692154369677 -0.0454812523874067 0.0452655631526483
0.000478502137389472 0.000542593347053822 -0.00921539520633741 0.056166343427557
-0.00154175792460752 0.00129628765097174 0.0147478301586916 0.0445130213515229
-0.000983279783053051 -0.00130483885630808 0.0251965581005999 0.0348700140462471
-0.0036759649541903 -0.00240760010319156 0.0284415729521829 0.0301776126390265
-0.00266417937210614 -0.00670786194190315 0.026633952655531 0.0316133206923752
0.00247107047116978 -0.00487779632582387 0.0196582999782467 0.0371992285707538
0.0054492418648521 -0.00550905760921279 0.00729881661846519 0.0510407983806846
0.0107765536106368 -0.000562446298667735 -0.0201024869441302 0.0597781267189296
0.014339058289582 0.0100499923044394 -0.0478221256199997 0.0618512920553887
0.00864007802553716 0.0190340512675174 -0.0380664544311836 0.0749174742984557
0.00860880375915801 0.0309024536812809 -0.0183816330446501 0.0497033531240531
0.0129295376862699 0.0136764517262675 0.017557472315452 -0.00707208934992619
0.0133143164294328 0.00116169089531058 -0.029540427367611 -0.0383786725809941
0.0111739619934861 -0.00576448138390327 -0.0615223687326283 -0.00648666289957402
0.00864701444793942 -0.0105376396030534 -0.0503176458480826 0.0418353492529014
0.000447723598366278 -0.0151921563259077 -0.0128047737709393 0.0534683967375491
-0.00876977359177086 -0.0122583706070532 0.0116356187989631 0.0417170688382755
-0.00998492712837961 -0.0127859739228815 0.0218408897403825 0.0313829107141388
-0.0121909465472242 -0.0165956046972297 0.0272054505994328 0.0247381872245717
-0.000932212653687342 -0.0255526418816497 0.0283992283398668 0.0248241966133445
0.0149576254027167 -0.0211654728411234 0.0259907805761547 0.0318544962148464
0.0291996124728497 -0.0122929646921197 0.0165381189308479 0.0492187041849728
0.0315959059919864 0.0142555141865428 -0.00937773424390715 0.0606679893554832
0.0178932427121874 0.0388749872961945 -0.03758797320816 0.0578575955272733
0.00184563236280882 0.0494942756919403 -0.031099623095378 0.0623319414588093
0.000470802907831902 0.0530945432216887 -0.0198657765132246 0.035310814695435
0.0171082874245402 0.0385998236342464 0.0208811135466311 -0.0143041040382245
0.0321197104448052 0.0129985094654693 -0.025250412359929 -0.0466718543566305
0.0308986089599946 -0.0129240721228498 -0.0615047661324879 -0.0159223501375533
0.0176556464312785 -0.0247532354806748 -0.0532034673666665 0.0331796938762996
0.001857829270761 -0.0303093374067654 -0.0171167221856949 0.0452184698832678
-0.0146645451423707 -0.0246843590718593 0.00576926497151099 0.0335764844373236
-0.0177395269247659 -0.0220964875208645 0.0150069875121943 0.0227686995870866
-0.0192338264892206 -0.0261050812196245 0.0224698568395576 0.0139043480791129
-0.00332799411887511 -0.0399153165186143 0.0277199987116119 0.0122168013134665
0.0205324851467412 -0.0354180582781459 0.0329188553091858 0.0197510012956622
0.0444377336752656 -0.023564567074312 0.0297104374129578 0.0417799325044916
0.0503755679020086 0.0192778874006233 0.00461342525878233 0.0591457330998009
0.0253360246043388 0.0575785961051778 -0.0262774219534135 0.051113078761257
-0.000429856359651189 0.0713432074065163 -0.0218248397946832 0.0422975971346258
-0.0102243429225484 0.0667312470141123 -0.0149769256772623 0.012423355304618
0.0153227017915202 0.0605101393350403 0.0256793233932964 -0.0260140980913849
0.0454737309572837 0.0276817296160386 -0.0159788995331543 -0.0561701417126813
0.04846061628689 -0.0156121017809642 -0.0558161248965236 -0.0282666219802845
0.0272943730748201 -0.0357664618479544 -0.0527835670995762 0.0185620638526499
0.00453912996231352 -0.0418117355470864 -0.02093847936743 0.0316902866136384
-0.0178734102790184 -0.034578947113058 -0.00167872753783084 0.0206651328003994
-0.0228678327797306 -0.0283685938807649 0.00615319262638271 0.0110668801797798
-0.0245909259588838 -0.0315204287435928 0.0145406475270484 0.00105840434599078
-0.00669076311430624 -0.0468180566412304 0.0239110108318024 -0.00295179124964644
0.0202676573724113 -0.0444738487798288 0.036633370537236 0.00343989434252211
0.0506041188983452 -0.0338126775800907 0.0402848677254547 0.0293029121603752
0.0606584628182716 0.0178075662051208 0.0183469814559971 0.0525877811321701
0.0307573931515011 0.0642017185319898 -0.0174212914165751 0.0426657129872323
-0.00174576194296173 0.0814152753350407 -0.0133010005043889 0.0183777650952709
-0.0205250862740912 0.0685698325095492 -0.00436687472300314 -0.0148095580565088
0.0071236506987587 0.0721900090415969 0.0327244183062543 -0.0397718908374967
0.0476876712875007 0.0409686184572185 -0.00289487402682253 -0.0630893749931126
0.0588667882421015 -0.0118578213307627 -0.0433240221343128 -0.0401098548072715
0.033945481120885 -0.0394231165876875 -0.0462989285356347 0.000792517260410244
0.00747125501110722 -0.0468860562266069 -0.0231915802711164 0.0136736750627464
-0.0180584358471837 -0.0395730789105296 -0.0089832977151935 0.00501964458439297
-0.024535112421515 -0.0306129740929384 -0.00321893363508202 -0.00223564190351542
-0.0265561736666745 -0.0318771847907118 0.00560405174674604 -0.0120226033020616
-0.00881243009658776 -0.0463679321599445 0.0177346873770361 -0.0177931027915713
0.0182133213747971 -0.0457924222997828 0.0363759739246272 -0.0125670752795419
0.0494818704655786 -0.0372170657080785 0.0458526282214203 0.0159016437761313
0.0611590815229099 0.0158059239551277 0.0272775032144981 0.0426646958592714
0.0295507385274787 0.0625213970213521 -0.0117268233913173 0.0327606797286748
-0.00427929532978378 0.0787994837220123 -0.00574899895122044 -0.00533827287846057
-0.025301737832517 0.0573710742755659 0.0101489543208716 -0.04192006088603
-0.00326266101638787 0.0681632516967957 0.0398213671014137 -0.0533207162257019
0.0393561924627845 0.045492793652999 0.0106193569656898 -0.0655047555953409
0.0562445787999585 -0.00509600171101147 -0.0269077012145936 -0.047510573006301
0.0343382106107164 -0.0344418732493237 -0.035425512988434 -0.0161432181321908
0.00856227846509215 -0.0429603395606301 -0.022670434249975 -0.00579203531805899
-0.0158656181689239 -0.0370680368542804 -0.0156754680082438 -0.010676190709931
-0.022427848616279 -0.0280217692202754 -0.0120013463451339 -0.0148298456089414
-0.0239778020621319 -0.0280755992373411 -0.00360517773601089 -0.0242646687550419
-0.00861039477021777 -0.0406284302953019 0.0115053910027269 -0.0308594771192277
0.0157123592258321 -0.0409103727874118 0.0343558638958071 -0.0256101775861112
0.0446084683225838 -0.0321281984056796 0.0474409528511722 0.00512536045326556
0.0532006927198286 0.0164661831637824 0.0315137687637242 0.033675740844784
0.0217277296823406 0.0555927637684172 -0.0075225129169693 0.0232148007481733
-0.00868025547576421 0.0662694738176485 0.001254983877377 -0.0255727336040191
-0.024156492240041 0.0356118827299946 0.0243164875139395 -0.0635393240824198
-0.0112058088099956 0.0493913822091 0.0448487290792561 -0.0631401153540374
0.0231543192572047 0.0377744710739502 0.0213508615671057 -0.0642933304812741
0.0412879054006128 0.000228504576417203 -0.012633045893108 -0.0503568169560698
0.0267995013742143 -0.0239601712523921 -0.0240307051296464 -0.0286545330411064
0.00731134589324135 -0.0313132102386609 -0.0218063520819236 -0.021277577642749
-0.0107941454638762 -0.0278548954510568 -0.0212119060299194 -0.023713201901647
-0.0166769915693874 -0.0207342888550366 -0.019150065573752 -0.0250015072131138
-0.0183980074904766 -0.0212137855689401 -0.0107464996404242 -0.0342488806437458
-0.00691082458487183 -0.0305997914584038 0.00705792392515116 -0.0407794400699742
0.0126485162141485 -0.03203555932328 0.0333052083562807 -0.034708512925269
0.0363904124236503 -0.0229995466868712 0.0482087785932889 -0.00190843659483686
0.0395643365558032 0.0176185719626447 0.0328820089171358 0.0270691132296724
0.0102288889100656 0.0442852866198366 -0.00479657447287565 0.016362091568423
-0.0137233001865298 0.045882663300264 0.00854252610130376 -0.0396325724375533
-0.0181058636843815 0.00709465090200252 0.0332680978662909 -0.0767065313986878
-0.014049603129273 0.0198298374992196 0.0446759357620405 -0.0683301716155818
0.00545986442426265 0.0197445564853912 0.025785524911866 -0.0621665748554436
0.0170991305157479 0.00168242642695612 -0.00552924535449072 -0.0511358603089867
0.0124005114573224 -0.0102302282943141 -0.0178974383930252 -0.0349640885635578
0.00387657999353709 -0.0138025960720867 -0.0218891682970295 -0.0299529225584851
-0.00486269109217734 -0.0131902472271064 -0.0247569411657075 -0.0305114740050889
-0.00884287049940975 -0.00973025674035121 -0.0231943977373001 -0.0311234059749163
-0.0101822497797733 -0.0110770125717641 -0.014898552021914 -0.0406033009188395
-0.00472713206450147 -0.0171953924754108 0.00594871169178799 -0.047814309321933
0.00755001839057558 -0.0201997546822239 0.0349350847419263 -0.0404754292672554
0.0242539642410153 -0.0124497925854828 0.0505558840370369 -0.00501512548476949
0.022790393861914 0.0165122457052174 0.0336333125498592 0.0239555411595533
-0.000662983849246584 0.028343122905084 -0.00222107868526868 0.0125150023827241
-0.0166048144670378 0.0199015435747383 0.0149859407606986 -0.0460982148031916
0.0120604822502267 0.00550622523600605 -0.0135476783895789 0.0537136405275022
0.00478997813633594 -0.00855078902551498 0.0170963164867764 -0.00475184136028219
-0.00604504434205498 -0.00616622886117466 -0.0301989108324682 -0.0340652675182117
-0.00607562669613494 0.00392739259975982 -0.0595017670509457 -0.00271599067221717
0.000465042379811933 0.00455709682244406 -0.0459459014819833 0.0443585663954285
0.000574215146678121 0.000551031418029001 -0.0103106407448953 0.0566203176651222
-0.00106688352398847 0.00110765726336286 0.0136283337986549 0.0453391019292673
-0.000989029571514142 -0.00127240252480846 0.0244325321262184 0.0354230735724569
-0.0039755918389278 -0.00259229718681164 0.0281619054968838 0.0309261308485119
-0.00212361933199171 -0.00676441272932781 0.0260933702377293 0.0322019194328205
0.00309344113069705 -0.00506748521948843 0.0187191839669329 0.0371640386628391
0.0053492056318174 -0.00532515555457479 0.00619662142025506 0.0505192003834822
0.010707480459897 -7.15372125169242E-05 -0.0219670862257881 0.0588056588170995
0.0139126225349908 0.0102611532757358 -0.0495177016530321 0.0605845004296993
0.00749497329972234 0.0189773783733224 -0.0396760470373448 0.0739977808482118
0.00744596006097766 0.0308092562933129 -0.0188693421123709 0.0488320364122141
0.012670990574058 0.014060436093517 0.0186009805535818 -0.00700840187688248
0.0133259081217049 0.00147395043273469 -0.0286197331854579 -0.039098952395305
0.0112388112055951 -0.00534379023808642 -0.0610927197137516 -0.0076417249668835
0.00840664528514704 -0.00984888917806766 -0.0502088924099555 0.0407994679473974
0.000558868698942917 -0.0152975126847965 -0.0137141822770751 0.0533280074765105
-0.00886323532952567 -0.012027462504442 0.0106901980233801 0.0420442235433568
-0.00983783699277786 -0.012655996972478 0.021243938128158 0.0312905458306802
-0.0118110296446022 -0.0164827192711627 0.0271233483058375 0.024593565864422
-0.00115718290948034 -0.0258161702677421 0.0278805725631473 0.0255073400323754
0.0156344418473575 -0.0210544676161158 0.0250818941909738 0.0325778733797953
0.0293212966508956 -0.0114736039835406 0.015324402688288 0.048895959380596
0.0311377282183994 0.0153367837074423 -0.0112267891553642 0.059693236100792
0.0166079136310866 0.0393663605683255 -0.0386526672146589 0.0565879639611984
0.000374005733122374 0.0494438251437623 -0.0323680423222521 0.061489252067658
-0.00064997583453876 0.0523511164073214 -0.0202272381817342 0.0343624737094431
0.0166877021282308 0.0386614447826142 0.0214713833507269 -0.0135391111087618
0.0315725991384008 0.013286186658715 -0.0236809300032441 -0.0470485793767591
0.0304508945015788 -0.0127479558682243 -0.0606358480667552 -0.0173763243085035
0.0176484746983136 -0.0244832217354659 -0.0533042590072352 0.0323312694890595
0.002023694409483 -0.0301897685666829 -0.0177425744736453 0.0450184933731541
-0.0141905194433695 -0.025117521307898 0.00481900488527946 0.033357711250631
-0.0172769314412187 -0.0223638473861668 0.0145202926523305 0.0231612807687951
-0.0187459979569312 -0.0264210198259604 0.0217449483819982 0.0143158644649822
-0.00283346023700149 -0.0397414466003326 0.0274474926774795 0.0128838876226939
0.0208924549592852 -0.0352683521971627 0.0323254258096581 0.0205182904194121
0.0447251304089371 -0.0229117969316186 0.0283719521337978 0.0422450085910388
0.049561098984415 0.0204492413285716 0.00280704776124465 0.0583543183462889
0.0236749989758755 0.0575594207153846 -0.027518234678686 0.0504771198062706
-0.00242112609401903 0.0708641866570714 -0.0229827418037999 0.0420485043198925
-0.0118015230893732 0.0655845759991388 -0.0145697411134287 0.0125619325713476
0.0142050290556667 0.0605808494560836 0.0264675501665067 -0.0245110899044885
0.0445249088707556 0.0283124596626601 -0.0140477516441609 -0.0559745517444682
0.048336095652021 -0.0145350796770178 -0.0547079867101944 -0.029426342994688
0.02731140255708 -0.0351559571169564 -0.0526388486173646 0.0179136337934994
0.00470189010506167 -0.0417852288129408 -0.0215974276205338 0.0310376197968212
-0.017488798008292 -0.0351133924427041 -0.00205523910603276 0.0205826606050809
-0.0222532686748525 -0.0288550573666926 0.00605902581398896 0.0114509875137256
-0.0237562269929174 -0.0314803493855191 0.0144089515541939 0.00137797389994017
-0.00611179026479417 -0.0468270487999824 0.0240526792494639 -0.00250553796041363
0.0210709179623371 -0.0441301787603959 0.0364635376911605 0.00410345874783818
0.0508559697979233 -0.0328483559515259 0.0388288596628564 0.0304121020219046
0.0601953085770634 0.0186319505472292 0.0167879467629939 0.0525799448938905
0.0289540543703633 0.0646836731104539 -0.0184075841828634 0.0421782319043447
-0.00383432368838914 0.0807679792758752 -0.0138193707062168 0.017928740944827
-0.021675786072742 0.0672114828175289 -0.00386650780407126 -0.0144911241687885
0.00576184732684335 0.0720879936983959 0.0333414990945168 -0.038463315208679
0.0464024280156787 0.0412465568463113 -0.0010774540360441 -0.0625222798241556
0.0585539637187671 -0.0107422317345601 -0.0415738614018909 -0.0407134897997626
0.0342339210089934 -0.0385337972520567 -0.045889167284271 3.52873436704948E-05
0.00775005592940107 -0.0466844292458122 -0.0232844295938534 0.0127176066440829
-0.0173382857940016 -0.0397869867922574 -0.00913396824559544 0.00512543513243059
-0.0238060565635179 -0.0310583552236284 -0.00319546972793999 -0.00178049719395342
-0.0255642059068876 -0.0320102943461728 0.00566911499567739 -0.0120114974744315
-0.0081467795759276 -0.0465810039594261 0.0183740976218215 -0.01769794276337
0.0189393357028603 -0.0456563480190982 0.0364702374593261 -0.0119894126950593
0.0494987590982637 -0.0361568612409375 0.0449540044294344 0.0170988368248719
0.0603972981971945 0.0172236389652814 0.0263537759755445 0.0431375719398489
0.0278195770397993 0.0633393656528999 -0.0124832190456463 0.032156755163531
-0.00620203493659597 0.0782577393236754 -0.00577608946642816 -0.00535092666948353
-0.026515370032492 0.0561685693415101 0.0112608703911692 -0.0409089414226505
-0.00481973506054799 0.067962457928497 0.0407088613510411 -0.0514413118894178
0.0378108326308916 0.0458537972002479 0.0124961495116561 -0.0641201122469874
0.0560567293938792 -0.00381598668463585 -0.0252988995733033 -0.0475030511708389
0.0344926725819101 -0.0338079153190473 -0.0344034754541311 -0.0166908715599548
0.00889611068938243 -0.0431704801577468 -0.0226937681791721 -0.00626445377627857
-0.0148921328808883 -0.0373710913264048 -0.0160320649978084 -0.0109368501295106
-0.021903171313877 -0.0280890905207257 -0.0118057546815234 -0.0142148901179906
-0.0232011517434116 -0.0283843254819161 -0.00323010381138172 -0.0241705229852612
-0.00810705983467118 -0.0406566741354612 0.0119127493651775 -0.0304655534943345
0.0161344883518846 -0.0405190843357264 0.0348630244991976 -0.0248969823198209
0.0446022743831558 -0.031399891340492 0.0469319002587958 0.00615688890220001
0.0525059501476873 0.0172694448390508 0.0304811704279185 0.0339560999063404
0.0199585587206335 0.0558196670877015 -0.00827767370297705 0.0231080645596266
-0.0105548995417704 0.0652575814367558 0.00100877990961251 -0.0251080376011983
-0.0247372383498631 0.0344726972526413 0.0255939466784599 -0.0622603958835351
-0.0122615329026739 0.048709775032753 0.0462092993992767 -0.0610936432566914
0.0222747437550391 0.0385601045286468 0.0233502604621723 -0.063067426781134
0.0403032916489662 0.0011021435446991 -0.0111891061532156 -0.0505123807179384
0.0265873276993735 -0.0235627713435085 -0.0233816673760879 -0.0288482909381212
0.00730017607022003 -0.0311231191825166 -0.0217020920767913 -0.0220693696843246
-0.0104098080674593 -0.0279989462509996 -0.0211404268019249 -0.0240414128515188
-0.0165122933483974 -0.0208198070844628 -0.0189799688916943 -0.0250383080268351
-0.0176694908273491 -0.0210749870311608 -0.010403692370547 -0.0339934836664978
-0.00637350684820038 -0.0305178278283506 0.00782052039618855 -0.0405517124937154
0.0131298470450002 -0.0317055100046084 0.0340767275499046 -0.0338825755725575
0.0359441405981411 -0.0223501628239639 0.0482728249219274 -0.000715730468742867
0.0387048472259853 0.018190288094883 0.0322910954061875 0.0277784042519175
0.00902291490801889 0.0444008595786212 -0.00521504294864441 0.0159953057566302
-0.014612205596505 0.0448093503036548 0.00840842155472944 -0.0390552479941481
-0.0178532060540091 0.00659250960515221 0.0351490338197932 -0.0750285013247898
-0.014509009411899 0.0191845099945411 0.0460020108480705 -0.0666067823539365
0.00517870793777816 0.0193931633828992 0.027161043911846 -0.0608686836190787
0.0170442420795356 0.0024626603146151 -0.00418775086880702 -0.0508879403319184
0.012255715033049 -0.00967555561376894 -0.017332673091061 -0.0354499799810962
0.00406604245126976 -0.013685214292472 -0.0215851484922861 -0.0304916303781299
-0.00453953743569395 -0.0134059903533094 -0.0249806021770633 -0.0310480545038278
-0.00837607262267107 -0.00966891757924206 -0.0231901461479735 -0.0311706893208647
-0.00967024551931369 -0.0107508748277701 -0.0141683455887548 -0.0400784880914021
-0.00441037081297169 -0.0173482291085327 0.00672368232907862 -0.0476106118877708
0.00797058735964246 -0.020120638982621 0.0358190620118243 -0.0395273345103926
0.0241981952519757 -0.0114520511035429 0.0501323735885461 -0.00375576742195234
0.0221889967115157 0.0166881567033051 0.0325950449535647 0.0245398446359458
-0.00170487809041788 0.0278914885997828 -0.00296126024219188 0.0123160540865165
-0.0170874970356563 0.0191596934130702 0.0151024847534017 -0.045322384056653
0.0120310302565936 0.00601914774850917 -0.0147944099227868 0.0543351134735513
0.00538168656246131 -0.00841320208308243 0.0178987058800853 -0.00486494699280479
-0.00608417924225739 -0.00677388679930564 -0.0303804413891144 -0.0352568551673548
-0.00626205859578221 0.00418426264060237 -0.0611240172339946 -0.0036623970952986
0.000660222408155532 0.00469325825011707 -0.0475530859675829 0.0446953728967514
0.000540246221347075 0.00086689499945626 -0.0110536783791788 0.0582413216521467
-0.00107126079949163 0.00114235846949121 0.0139092238071256 0.0462336675325358
-0.00137559478931928 -0.00126137494061612 0.0253204588185849 0.0362240315721917
-0.00413443832848645 -0.00275991878836396 0.0288170795000341 0.0317291418885539
-0.00240019908731534 -0.00702660323875393 0.0262417513042776 0.0337471013712215
0.00321038816359283 -0.00555979566703719 0.0183639986030785 0.0388479866071073
0.00573374084114449 -0.00534842422582367 0.00480193692186681 0.0515831362152027
0.0110748078209082 0.000391012563550732 -0.0242257577704355 0.059285796597387
0.0140462584495476 0.0104866632170647 -0.0519249316529194 0.0609931030426497
0.00710335023730401 0.0200437378421132 -0.0419907890503251 0.075259608727854
0.00700458884029614 0.0316268801999827 -0.0200474922402127 0.0494443209115298
0.0128437898994866 0.0146465474763176 0.018835191777626 -0.00668928381836845
0.0134317375449246 0.00134464111670543 -0.0286186233746091 -0.0402296027518461
0.0119756669495408 -0.00542094947866102 -0.0625824082962959 -0.00962352611515918
0.00864203075706924 -0.0105283944698142 -0.0519045716483255 0.0413006219210025
0.000462279736588744 -0.0153883479671381 -0.0147025020543599 0.0546893382292123
-0.00868757369835258 -0.0128573727954218 0.0104656544179556 0.0429140024933944
-0.0100877266163321 -0.0130527870870115 0.021335259939125 0.032172051823809
-0.0121800510793421 -0.0171806112492208 0.0275820469886918 0.025848312794238
-0.00101153036739722 -0.026700555263735 0.0284108595953495 0.0265583359370494
0.0164970352572109 -0.0217853067060767 0.0248509750232373 0.0337772589748769
0.0305394661044656 -0.0115270352259698 0.0142200883923501 0.0500983428774884
0.0318433043728987 0.0160258397522522 -0.0135796281468317 0.0606626226727081
0.0163115629603294 0.0406176442655573 -0.0411523198654341 0.0573052056724842
-0.00102354467032565 0.0507896141985239 -0.0343695532631566 0.0624540510551689
-0.00185817022344199 0.0530570287779452 -0.020960329090037 0.0347280546633835
0.0163417521852328 0.0400734140596183 0.0226675578309778 -0.0130852109214043
0.0317753815863307 0.0136535389372854 -0.02290616912944 -0.0485798953558105
0.0312429129874391 -0.012452079155496 -0.0619630008164229 -0.0187535989461011
0.0179969755060796 -0.0249705811102053 -0.0546823668265992 0.0325335587170552
0.00201599514939635 -0.0312550916945674 -0.019288234325682 0.0457004379977537
-0.0145699134261356 -0.0256277664849262 0.0044124287714222 0.0344540639186738
-0.0173646602862622 -0.0230814979886754 0.014665321940091 0.0238312830607291
-0.0190717922753576 -0.0269549549471749 0.0223887205927753 0.0150005661232549
-0.0029080960085259 -0.040970403158524 0.0283506687662153 0.0132964315084436
0.0222210264299505 -0.0363039414707423 0.0325876337312429 0.0216803164578491
0.0460588958603576 -0.0229020171266876 0.027961134671305 0.0433137582060296
0.0505045807309623 0.0218702063502373 0.00154295533410445 0.0593684817666066
0.0232440142254318 0.0599292942884348 -0.029485149705196 0.05136819971365
-0.00428755781298452 0.072399759577808 -0.0240859211117282 0.0425152636325716
-0.0133422908716113 0.066261877378724 -0.015033400078902 0.0125584227172735
0.0132428437505246 0.0622726703681313 0.028133003855314 -0.0245661690155354
0.044653690462841 0.0295421234266994 -0.0130801165686248 -0.0572757197692271
0.0493031870429674 -0.0148078732039393 -0.0551903901013795 -0.0310071093581168
0.0284632558248564 -0.0356161132471222 -0.0536092332286122 0.0178559530232998
0.00472752061366544 -0.0430013371223367 -0.0223688526623662 0.0315352137731478
-0.0176919801298521 -0.0361486631848954 -0.00286821898931028 0.0216066707323495
-0.0224006602936804 -0.0298871741382253 0.00563239832616641 0.0119291969619519
-0.0241634509474688 -0.0326150201392404 0.0148305275014519 0.00191577496837593
-0.00611700741284792 -0.0482910743979632 0.0251120722852148 -0.00195247636446761
0.0222303736743772 -0.0452712154165013 0.0371436167841171 0.00494286162670823
0.0519468644401369 -0.0333418160664893 0.0393804503184455 0.031587559882047
0.0613810453258883 0.0204946436605421 0.015928476143375 0.05349332439063
0.0289863107012949 0.0668889305813643 -0.0198774376389927 0.0428737797705473
-0.00599929327849989 0.0824317936229832 -0.0147325686698053 0.0188329042912229
-0.0235501263300942 0.0676927523466022 -0.00345122428360201 -0.0145934730040759
0.00432579980071778 0.073979718913603 0.0354874119099284 -0.0382511545553291
0.0463820297693276 0.0432072721882062 0.000691036120976429 -0.0633592738054062
0.0596509198318035 -0.00989913050862871 -0.041791362192492 -0.0424356613927406
0.0353821084090626 -0.0390954083190116 -0.046355593807317 -0.000156526042468011
0.00805607927026346 -0.0480468882880403 -0.024240087521542 0.0128685824171481
-0.0178987118212292 -0.0408177161510293 -0.00991100445506954 0.0052214800168179
-0.0239184887105254 -0.0318543485957984 -0.00361289050018347 -0.00166851212723024
-0.0253641767398577 -0.032667524743197 0.00567124134386076 -0.0123542921800665
-0.00802089556860076 -0.0480287555634813 0.0191561431596719 -0.0172296382164499
0.0200618011251337 -0.0463301519021261 0.0376692771716912 -0.011706720628853
0.0512029124343655 -0.0368139179446178 0.0456773441798904 0.0182642600757818
0.061658589292219 0.0182061047269226 0.0255317453705493 0.0440191101777655
0.0275005504215058 0.0651780850940886 -0.0133624400660075 0.0328407282336359
-0.00843807989921425 0.0797803278398371 -0.00647372452802668 -0.0050375678419419
-0.0279210332673249 0.0566420292314396 0.0125415885991041 -0.0417180501895845
-0.00604258427919589 0.0696635210683374 0.0432964889267138 -0.0511572187555044
0.0375219294525167 0.0474930879060976 0.0147083318306677 -0.0654733120928049
0.0567914419993528 -0.00295757614735243 -0.0246715515406909 -0.049317030767049
0.0354253645981087 -0.0343627753439509 -0.034893387698552 -0.0170135622362172
0.0092548348117646 -0.0442694176449075 -0.0231892938618152 -0.00727996480523361
-0.0153315706628303 -0.0384003133094924 -0.0169590633554761 -0.011657281163834
-0.021440006259152 -0.0291763089637424 -0.0124135979088033 -0.0144240101824776
-0.0230625467002288 -0.0291780687108914 -0.00326529569698333 -0.0243939471486516
-0.00808120885812134 -0.0415792773240086 0.0124583967773408 -0.0307091768596331
0.0171534973959866 -0.0414707222161713 0.0360904796375295 -0.0251829419103766
0.0455833228181822 -0.0318450693988692 0.0480950280728321 0.00729074504997012
0.0533332767517161 0.0183811323566713 0.030647350493221 0.0351843875341942
0.0195926268379476 0.0576285866944869 -0.00895352153416894 0.0234841769334733
-0.0117184828329365 0.0663292532965346 0.000778863735624635 -0.0254034129571726
-0.0260244119689724 0.034543395158712 0.0274655878467473 -0.0628894157034389
-0.0133439103071575 0.0496237334117366 0.0482843608252162 -0.061020473625455
0.0221935309638987 0.0388065120387383 0.0255139621143247 -0.0640661626745478
0.0412539066663415 0.0021476059683508 -0.010089295500991 -0.0512831097107
0.0274097380847465 -0.0237250317873706 -0.023139906781252 -0.0297310622734719
0.00754853633478328 -0.031695159710337 -0.022142232629721 -0.0232192770076365
-0.010940799291848 -0.0286738353741546 -0.021784716472615 -0.0246370900062176
-0.0162889414610911 -0.021444599481847 -0.0195396011905734 -0.0250646395456469
-0.0176337006588457 -0.0214030785345495 -0.0105827739329456 -0.0345366695521499
-0.00615781004189326 -0.0312097004566069 0.00883783581603849 -0.0412127997721145
0.013276639914358 -0.0320680218232202 0.0355106378090744 -0.0345750663341197
0.0369478214527581 -0.0223796343625709 0.049266429537259 0.000270911723542113
0.0392515649770675 0.0191094777218885 0.0321210050013503 0.0286588408129391
0.0085944433593175 0.04548311268947 -0.00556977626509998 0.0163950683193271
-0.0158676472579107 0.0453614117075557 0.00888492567381499 -0.0394195786614745
-0.0184486573074015 0.0063413127188954 0.0376579814273231 -0.075794873331448
-0.0148461669708088 0.0191045136222711 0.0483551583576172 -0.0667378241667245
0.00484618646852119 0.0196452577526619 0.0296314564494256 -0.061941576548405
0.0169327882418608 0.00284385239601817 -0.00295488569134142 -0.0518763825486779
0.0122837758866496 -0.0101020624925689 -0.0169718073519105 -0.0367380312599207
0.00422478318928799 -0.0138483581681426 -0.0220326514114988 -0.0318587527792093
-0.00484029756523944 -0.013651805806474 -0.0257271828640718 -0.0319430995713857
-0.00813465541055887 -0.0101543213436931 -0.0235589548777574 -0.0315829288931388
-0.00934833669804564 -0.0112376498946289 -0.014057183166575 -0.040929936364851
-0.00429574372557271 -0.0175828858166186 0.00744734065570117 -0.0486052968820909
0.00816911826973553 -0.0201299521443432 0.0371906207334639 -0.0402797919195864
0.025131817567639 -0.0114467281704298 0.0514062571927353 -0.00275480323765803
0.0228918354166051 0.0175342873056811 0.033019803142638 0.0254808512826452
-0.00212330791227529 0.0285873375956127 -0.00326703683565254 0.0125549604800109
-0.0177325882673027 0.0189345956551714 0.015455476826983 -0.0459466332521747
0.0119621631339727 0.00645935760295425 -0.0145791814732139 0.0566627507752098
0.00568252198297866 -0.00904356836290855 0.0194949184499627 -0.00537963709941754
-0.00616197603312009 -0.00680300706093238 -0.0316524384290937 -0.0370768033676623
-0.0062028662244349 0.00426170816795993 -0.0636876964180055 -0.00329168431017544
0.000511377484508166 0.00508677361021139 -0.0486358923233327 0.0473716214437587
0.000763429713605892 0.00090679769012984 -0.0101940426358198 0.0609120023389649
-0.00143525665577581 0.00144652233697606 0.0150782283676225 0.0486232540489353
-0.00136439033837676 -0.00180548306679275 0.0269129456930857 0.036946149654048
-0.00444020665068102 -0.00297993083301226 0.0314847255921429 0.0329702970342974
-0.00236357249859149 -0.00756916464622535 0.0279718773522142 0.034900606047982
0.00333780895327407 -0.00616955452940542 0.0190635847427249 0.0407439354436456
0.00638095536978485 -0.00550724140992125 0.00512189476532066 0.053569350643925
0.0116828539243349 0.000287332959138673 -0.0257338717177088 0.0617914807398028
0.0143700236455092 0.0108138056028442 -0.0539429583788546 0.0639307644253176
0.00715794406327243 0.020878110542429 -0.0429189924421871 0.0785920888346028
0.00696250489050074 0.0325673040921323 -0.0202064392754232 0.0513374475071099
0.0135692037753587 0.0156682329362991 0.0201517281356279 -0.00687630838704515
0.0138895968333226 0.00134384319500705 -0.0298595332961226 -0.0417359880174483
0.0123582304026647 -0.00614789038597503 -0.0661092575067693 -0.00921043289452465
0.00891891870569171 -0.0107798978458187 -0.0533946583468905 0.0438332706811683
0.000109351491069745 -0.016141250252114 -0.0144910008613711 0.0570197036916443
-0.00926515667304053 -0.0129447023644713 0.0117223002999031 0.0444616922618969
-0.0109211812391155 -0.0138229235402023 0.0235073696350988 0.0332974824047949
-0.0129990899215392 -0.0179200450755334 0.0288580531389741 0.0263725016525718
-0.0016824783299244 -0.0280740943254337 0.0300457887980737 0.0279790923210419
0.0169831492186536 -0.0230383443766554 0.0262562620017133 0.0356560330037986
0.0314638516772858 -0.0124027920370828 0.0153208077121069 0.0522335367346887
0.0334714731526996 0.0166349964045546 -0.0144005411281913 0.0627235536405251
0.0175218987285006 0.0423024179557751 -0.0427250967591859 0.060030040948879
-0.00105321752121641 0.0526611112191016 -0.0348643666686293 0.0654447423000965
-0.00178516973995831 0.0549065617717045 -0.020869923097027 0.0362284758394367
0.0173188462603282 0.0414975923236147 0.0237075611274485 -0.0138384330181392
0.0328572409012704 0.0135644535151779 -0.0239457480869883 -0.0505605342184051
0.0321174769679855 -0.0136942366235247 -0.0648467404540631 -0.0193001932444362
0.018375557728957 -0.026255562117277 -0.0567717348921779 0.0347422037370449
0.00125925701990069 -0.0320683394685596 -0.0189597898225344 0.0480540092651222
-0.0158573567036757 -0.0268377333664157 0.00505423283182697 0.0358860730061949
-0.0183470184093695 -0.0239384487180516 0.0158671762478101 0.024972369857471
-0.0203969266861453 -0.0281222531203719 0.0232982797924168 0.0149745838734273
-0.00403005530684325 -0.0432439876630354 0.0295865745849656 0.0142096387555747
0.0226767967577763 -0.0382611792758479 0.0339719037555318 0.0221950112893438
0.0478299123139857 -0.0248415565730178 0.0292257383232636 0.045248148865282
0.053108281447747 0.022109713456295 0.00152521276345584 0.0614616946211991
0.0248152679214715 0.0626500086800351 -0.0304599413711507 0.053416344838558
-0.00438475271962747 0.0754551836763984 -0.0249752644267299 0.0446282124025702
-0.0138287216237024 0.0683158659175286 -0.0150459194008131 0.0131541567595607
0.0142442595303584 0.064800713708455 0.0297360962305133 -0.0251263646502606
0.0458672048141362 0.0298427875660392 -0.0135718887886803 -0.0595576471548807
0.0512051133409124 -0.0156380213719121 -0.0575677842653055 -0.0321463816610352
0.0285413139372246 -0.0379301549858012 -0.0553625693104968 0.0198748384566578
0.0040985461415022 -0.0450596331519231 -0.0231219483978061 0.0331650379375698
-0.0190518648002544 -0.0372648905185619 -0.00291077961528787 0.022296271329433
-0.0239053917997902 -0.0306631935244878 0.00630473147116114 0.0127396652315063
-0.0252372981388459 -0.0333911740795393 0.015641188011985 0.00120142186240309
-0.00751054470586183 -0.0502051174749193 0.0261230171763541 -0.00202889217071966
0.0229109825923706 -0.0475739517737731 0.0390183804251901 0.00434225505994032
0.0536913172420958 -0.0354993448322803 0.0414238165875361 0.0328865846639204
0.0640433062356567 0.0203510105220188 0.0167349700107157 0.0550184456933592
0.0304249033275805 0.069811109429703 -0.0202745631576092 0.044282604197435
-0.00579543198390548 0.085448311312607 -0.0159884558992011 0.0200891137494265
-0.0241664617957974 0.0702825772395695 -0.00290682787801741 -0.0148738005770342
0.0049923973649915 0.0773918196177361 0.0369040931375838 -0.0392671473329025
0.0487202463341077 0.0440249549635184 0.000773794176658345 -0.0660126996722598
0.0617122586671702 -0.0111139397237838 -0.0433688852828045 -0.0436117820688336
0.0354608986556064 -0.0413527187650389 -0.0483766378087429 0.000892617119937867
0.00696114872875889 -0.0504580454780587 -0.0251533690836875 0.0136477229306614
-0.0193851544831813 -0.0425310486155166 -0.0105690721479056 0.00555781767491376
-0.0253445852930121 -0.0326969096526065 -0.00396059881673442 -0.00093873741389403
-0.0270374157270719 -0.0337321191980258 0.00558398045459799 -0.0125232228400688
-0.00944498879202673 -0.04978887253552 0.0196871948065959 -0.0182311293669894
0.0205277739704703 -0.0490987999987468 0.0390756074505528 -0.0126581361704837
0.0523713529294966 -0.039122847456118 0.0475919880736417 0.0185791171952588
0.0644809151761638 0.0180479993115748 0.0268861522507366 0.0454011515290772
0.0296385556114331 0.067965877339179 -0.0137751946369092 0.0342351539660159
-0.0082357849791657 0.0828340341104823 -0.0073368008703156 -0.00477256830669695
-0.0290658276159939 0.0584491413913646 0.0134381394931922 -0.0430405475073892
-0.00561199786331456 0.0728345325639687 0.0447592048881455 -0.0527156661565641
0.0391698120867873 0.0489748632769618 0.0156937640173315 -0.0676962361182595
0.0589368843527767 -0.00383612561693357 -0.0253832555799262 -0.0509578937823799
0.0360533400124665 -0.0365039832078729 -0.0360029281465601 -0.0169372325289401
0.00851820845339742 -0.0461892526281445 -0.0246831075606632 -0.00705286596111868
-0.0168518489879941 -0.0399833475752409 -0.0181684390772132 -0.0116847605617206
-0.023171376425196 -0.0297193004815572 -0.0131927564619837 -0.0145537960242517
-0.0244993506501765 -0.0296196547301919 -0.00423199083429695 -0.0251728956953076
-0.00898053081406306 -0.0436047116597341 0.0129105818214987 -0.0320632186855963
0.0174404584206591 -0.0436377417053209 0.0372018403674276 -0.0264092938018409
0.0465447948460376 -0.0337986553495525 0.0500233651671382 0.00733757859452363
0.0556095685707149 0.0183579426286829 0.0321784056386566 0.0360453345132697
0.0212374964556085 0.060093215326243 -0.00959119582792257 0.024415219878744
-0.0121036471220449 0.0687159982886426 9.4876156854767E-05 -0.0259933955514948
-0.0269760402850793 0.0357127025002795 0.0284301607103454 -0.0658251718850675
-0.0135152794765318 0.0518576738830375 0.0500641315005476 -0.0631021471028793
0.0231728149285058 0.0405075147965535 0.0265106236110877 -0.0664131124263205
0.0427288217755084 0.00170083326823975 -0.0104861128389138 -0.0535040515479665
0.0279544411989073 -0.025160737242942 -0.0238947329204913 -0.0303147529427079
0.00714484268472925 -0.0336389783954231 -0.0237323565691622 -0.0241899798006607
-0.0117623280714083 -0.0294712376769468 -0.0238042683177742 -0.0252712581383975
-0.0172369779529543 -0.0222300870977311 -0.0207951150266696 -0.0256219747041823
-0.0182643204160236 -0.0220249895364919 -0.0114216223770585 -0.0357121056955683
-0.00694019073554822 -0.0321331782312232 0.00815906746895716 -0.0429533644535247
0.013577424223044 -0.0333247737361912 0.0366761679649262 -0.0360023473587843
0.0379330951020637 -0.023842268893158 0.0515381541913834 -3.43471351950551E-05
0.0414000275404547 0.0193629765633542 0.0337866455890933 0.0297653742668499
0.00908930194513631 0.0473491715731764 -0.00627130347337135 0.0172485777616371
-0.0163111469507728 0.0467512750198901 0.00761454667608066 -0.0407350690984481
-0.0190646254289295 0.00659438833931919 0.038400352490387 -0.0789131165445376
-0.0154851798035574 0.0201998325437615 0.0497403118282482 -0.0692188266990058
0.00555509340405108 0.0203233849044072 0.0307422711020098 -0.0643717251115627
0.0173371713358825 0.00276788728171268 -0.00306646420387762 -0.0537157463192184
0.0125788413719912 -0.0103516470889487 -0.0179596864000514 -0.0377170761956314
0.00373379421418653 -0.0143842579926093 -0.0239469696742726 -0.0332566956693541
-0.00517277035195487 -0.0140046988536905 -0.027799821199705 -0.032621235191894
-0.00830824610533785 -0.010507267480419 -0.0253934037754401 -0.0319168812709852
-0.0095961359050481 -0.0116251899069618 -0.0158011972099635 -0.0422031139089891
-0.00430713173050827 -0.0177997196437608 0.00702857770951818 -0.0504124980054399
0.00821379825240029 -0.020928828391828 0.0381502591345511 -0.0423727402310237
0.0249951688471644 -0.0120876988543733 0.0539646750242286 -0.00333406225176155
0.0233746618308989 0.0177503234682678 0.034681440822986 0.026479840716558
-0.00193169599386113 0.0294954495270155 -0.0036608282849028 0.0131417418503322
-0.0178651124669632 0.0194867705058034 0.0148184037936399 -0.0475324370739065
0.0119718920843703 0.00651108490094607 -0.0128619394375422 0.0586979435097488
0.00553515166688093 -0.00942059655331886 0.0201297829537222 -0.00605174035883531
-0.00655712595655372 -0.00685071579181975 -0.0346777227187249 -0.0370109442503695
-0.00608180603266271 0.00472580363450777 -0.0668239248152675 -0.000712969028279011
0.000933483009848922 0.00510200426273387 -0.0486033267272618 0.051430543797948
0.000243815234877641 0.00117823462264705 -0.00780013267701518 0.063670449401985
-0.00107288588742466 0.00132577308225282 0.0180199532626713 0.049173420275073
-0.00142117282067726 -0.00153684978804551 0.0299461884734101 0.0365576038601568
-0.00488537951290146 -0.0030086030348161 0.0341662562421728 0.0322566835838565
-0.00318070989910199 -0.00759948529152588 0.0309739608911347 0.0355641601973768
0.00356197997229761 -0.00676066676731792 0.0211150841213674 0.0419148305930028
0.00656662889265327 -0.00609238463636486 0.00718755792067818 0.0547407602053102
0.0119907820261048 -0.000122633006462188 -0.0247152116810536 0.0645050130197494
0.0152086178336313 0.0106144775985928 -0.0534134917699906 0.0683600748919423
0.00808675563765197 0.0215412845000667 -0.0408517216291832 0.0826877705920561
0.00809717616384459 0.0330999142807884 -0.0188085182481509 0.053761043574638
0.0147739311823336 0.0151066228352846 0.0213327455366924 -0.00758652420578209
0.0140864312235201 0.000728602663821163 -0.0326799689916217 -0.0419999677350025
0.0124209949685957 -0.00693436676977548 -0.0684668005433123 -0.00685037239839246
0.00848612901060332 -0.0114438526322845 -0.0530399672941415 0.0474529277772597
-0.000712891383089443 -0.0165982351728129 -0.0121580069191361 0.0599417339202263
-0.0105274511381043 -0.0127884039011213 0.0137653733078333 0.0459169482291203
-0.0116507799852707 -0.0136105342944252 0.0258699507588125 0.0331561406862727
-0.0143721314464197 -0.0177851163265678 0.0316284282974436 0.0258999437607022
-0.00357597530739158 -0.0291011559538355 0.0326659444567377 0.0277259181380693
0.016956598345949 -0.0252392361820585 0.0284918330173025 0.0359137943553299
0.0323241115850205 -0.0143020629659813 0.0172559794873724 0.053278430867281
0.0353928357877639 0.016174594268366 -0.0128328745336381 0.0654281342762854
0.019779248779449 0.0433467016149875 -0.0419769683724842 0.0639367468301112
0.000729843015234614 0.0543974287226784 -0.0334752885211498 0.069249724193859
-0.000405326373089055 0.0565277300046388 -0.0199714300570506 0.0383831217728052
0.0196819571880139 0.0423571936450221 0.0246193535961239 -0.0150524475650115
0.0345015429555694 0.0130225209150042 -0.0267926593200716 -0.050939016852331
0.0327897454369846 -0.0157699529684662 -0.0678151248678895 -0.0172604876524527
0.0176813016260355 -0.0281352915826843 -0.0566399209072814 0.0385318762318615
-0.0004700980021097 -0.0337180111607869 -0.017862172102936 0.0509483432304
-0.0174769540399129 -0.0269166961820518 0.00667638972494386 0.0367720880373697
-0.0201716883891812 -0.0238261452895447 0.0176522193512901 0.0249728211924006
-0.0225129397977832 -0.0280183656542858 0.0255919466192339 0.0145803784418321
-0.00678025286406913 -0.044419665189496 0.0317081506120547 0.0140677872559156
0.0222177222841923 -0.040803125049938 0.0363659560821371 0.0214580044099927
0.0481482104303691 -0.0278520821184736 0.0319889563216559 0.045883988940795
0.0559341738890768 0.0210137167187362 0.00350230394469721 0.0632951332159467
0.0285522605977191 0.0639067639634079 -0.0295314780618292 0.0564813064921515
-0.00181530463505075 0.0782233120629386 -0.0241565677905068 0.0476616868278655
-0.0116709035079238 0.0710389864520406 -0.014481398486028 0.0147725355236603
0.0179495735096066 0.0668230806020005 0.030317187352472 -0.0268397389965921
0.0487691960559208 0.0290616428512646 -0.0159298159506144 -0.0607223986742707
0.0521084305597354 -0.0186322772907985 -0.0606006045823287 -0.0309925119783003
0.0274239079487891 -0.0404582441321658 -0.0559187326044708 0.0232786967375582
0.00169976952332855 -0.0465273361685006 -0.0223934746698256 0.0353630257560404
-0.0221707129647357 -0.037665812062394 -0.00175826574525253 0.0230524699126489
-0.0259794982466254 -0.0306143618143564 0.00754216245649983 0.0126070341406976
-0.0278498092499909 -0.0333015071336721 0.0161281230146362 0.000915953426037827
-0.0104955394375261 -0.0516590297230588 0.0271612939854478 -0.0033248152442602
0.021607700281291 -0.0506938553332813 0.0406022059883342 0.00294616379482602
0.0538279662561555 -0.0397813321373346 0.0439827415404746 0.0324614230107743
0.0673089115780041 0.018632461076529 0.0191512754656094 0.0559546307354868
0.0348318957368827 0.0714341382953943 -0.019159923995839 0.0468698496029834
-0.00286895918733769 0.0885289255656191 -0.0159631378027949 0.0216132502277265
-0.0229202751678759 0.0731238044854163 -0.0031981606997777 -0.0152495362743732
0.00883596141496373 0.0796231270721564 0.0373145921995059 -0.04146560162647
0.0518156547095222 0.0433532449270734 -0.00111068389344917 -0.0681991079177913
0.0630268868501211 -0.0146130967392233 -0.0461129912294905 -0.0434848491031191
0.034874373182249 -0.0445339367005673 -0.049026420571041 0.00359317474114442
0.00415968240155137 -0.0525104105143302 -0.0258786429085993 0.015380023803557
-0.0224783332385687 -0.0426544886376197 -0.0113360439364065 0.00656175791283408
-0.0276652325863464 -0.0326144124896672 -0.00388689013288606 -0.000454355073557597
-0.0294072555850573 -0.0331386269293258 0.0053516514368269 -0.0131243831800374
-0.012717771297375 -0.0513767465995347 0.0197529317124561 -0.0196873822413314
0.0190336508204186 -0.0522660170849887 0.0400943643870519 -0.0148364661281967
0.0521605981967941 -0.0429946586886077 0.0505024209543963 0.0176516426059681
0.0678415111227353 0.0161370629116331 0.0294408732785472 0.0458611248591613
0.0334457263445202 0.069546049333636 -0.0126398045054099 0.0361335469521979
-0.00538727415778695 0.0861150070221452 -0.00830640087485966 -0.00459300826714782
-0.0281812745276146 0.0613581452738436 0.012783636726062 -0.0454786668965464
-0.00283628327889424 0.075515858155225 0.0446458775510226 -0.0559584675831332
0.0425267667037736 0.0489728247279456 0.014162815158934 -0.0707013479647097
0.0605138195368563 -0.0063712628324967 -0.0282775249576604 -0.0514674039573916
0.0353603243737373 -0.0393501487410853 -0.0372422620686508 -0.0158234720362503
0.00590915302515436 -0.0481578781054931 -0.0260008655528576 -0.00616533084500329
-0.0197784685766761 -0.0404271818297171 -0.0196160630741393 -0.0111854461672691
-0.0255533839797413 -0.0297608782368806 -0.0147450742934771 -0.0140692159099121
-0.0267005691903439 -0.029228558313303 -0.00489652681937181 -0.0260838589451926
-0.0116710704253732 -0.0439886259668399 0.012018253341776 -0.0335895624785036
0.0160803152913998 -0.0463964146737404 0.0378322548506578 -0.0291572518238592
0.0465749916719509 -0.0372164042765835 0.052529842194178 0.00589411655198977
0.0585716544029719 0.0165593804389469 0.0344086095451875 0.0356401292404836
0.0247786716016444 0.0614705336027093 -0.0092025589122445 0.0258214274805263
-0.00983235626483074 0.0715353118260281 -0.00190404556948904 -0.0263980758578226
-0.0263354497887565 0.0377840706337161 0.0275842195339414 -0.0691842600385214
-0.0117620684502317 0.0543972358641034 0.0494444787755606 -0.0665174770953764
0.0253075506011371 0.0407399881148104 0.0249745477252748 -0.0695194357004552
0.0437848306218094 -0.000346070518546669 -0.0122169492504367 -0.054306049461227
0.0276143534352673 -0.0275427016964998 -0.0256587701492589 -0.0303390414170755
0.00568916975280927 -0.0347120240326682 -0.0256306623148124 -0.0240269404345984
-0.0139340362736094 -0.0298627819276394 -0.0266687072083301 -0.0247578600267541
-0.0190067734644609 -0.0221767134150734 -0.0229214619025973 -0.0249366585447084
-0.0200235649885801 -0.0218676555778355 -0.0135349890572309 -0.035777156810391
-0.00858244707274495 -0.0328104462776616 0.00664132574845993 -0.0447867939130486
0.0125061205101922 -0.0354069864204258 0.0365880047819196 -0.0390044455816208
0.0377481944844342 -0.0265632787341784 0.0535875948524596 -0.0017094791460788
0.0435347793645563 0.0178825659861415 0.0357259515568987 0.0291598862613483
0.0117681940181382 0.0482505152238532 -0.00591488013237235 0.0180825718519582
-0.0151398313055549 0.0488128962420709 0.00555502479014873 -0.0420080856486992
-0.0194754039536405 0.0073949638418414 0.0374263708865585 -0.0833164783773974
-0.0154770492323164 0.0213506919719499 0.0491431075492289 -0.0728340954919225
0.00646388142037656 0.0211223331524797 0.0298458259194897 -0.06818318605632
0.0176941581198657 0.00207723946618523 -0.0046176529475047 -0.0553164006132682
0.01234740540776 -0.0115880500139357 -0.0199673793312076 -0.0380312240025361
0.00314963622377147 -0.014888689395863 -0.0266785263434018 -0.0336036114399624
-0.00577294421997745 -0.0143441358554812 -0.0308228652743397 -0.0322707081797603
-0.00909951518583701 -0.0106167783696071 -0.0278804952283469 -0.0316763685488921
-0.0103177688477754 -0.0115157675821678 -0.0181234262472821 -0.0423345896768466
-0.00490093383188524 -0.0180550011932618 0.00477416851603784 -0.0523060097336892
0.00771199384422526 -0.0216759881474388 0.0380380194433547 -0.0454176061810671
0.0252733627696737 -0.01333820977693 0.0559392798347244 -0.00567212977013347
0.0249329203412585 0.0173483078976143 0.0367690044555898 0.0256575978385287
-0.000511245671007581 0.030275270454745 -0.00387596499628648 0.0137550053203159
-0.0179913032652468 0.0206278333633225 0.0123877712375716 -0.0490443365349209
0.00865987131477798 0.0114301195474209 -0.0380639786154468 0.0478387134031153
0.00873406840353805 -0.00613767816066811 0.0214656836309139 0.00332536804168353
-0.0034842838826146 -0.00858730366661659 -0.0149555098044463 -0.0482164948211499
-0.00655476182955665 0.00184176583768831 -0.060646225567592 -0.0299681130490597
-0.000371829986249595 0.00538669653661366 -0.0666979468951274 0.0253367190288189
0.000306309444336558 0.00156503418674975 -0.0351600999560184 0.0542312686390569
-0.00103342181008862 0.00124519486480635 -0.00523210907421036 0.0525637919104301
-0.000587484266398921 -0.0020136164159911 0.0114702745795337 0.045945678857505
-0.0030762960109894 -0.00511107463698347 0.0175362014733835 0.0438674485599447
0.000384313736247668 -0.00869925175282597 0.0130474818836662 0.0454563349225003
0.00669133952256591 -0.00462290161451208 0.000931502350774336 0.0474954937229393
0.00896843649244536 -0.00207272204857862 -0.0181941118280878 0.0524994663749345
0.0106605522291515 0.00649743146531759 -0.0522410925632925 0.0470988550223731
0.00843894502578821 0.0171948631498143 -0.0810493978956709 0.0378226358753684
-0.00229529529945 0.0231234674305311 -0.0773627423666911 0.0555271311712389
-0.00752346990396141 0.0340673173148975 -0.0404381638811286 0.0407562210702244
0.00627681911130381 0.0205303829502087 0.0231013584519182 0.00154768190578067
0.0123155906622043 0.0075646684328002 -0.0109097368155617 -0.0529481217661797
0.0147622274964529 -0.000451084790976193 -0.0595151244830081 -0.0374125268988923
0.0139033598972346 -0.00649888159315803 -0.069894369958065 0.0195412780819063
0.0067359311645543 -0.0153504089533726 -0.038388339792614 0.0494345325762359
-0.00364719532474199 -0.0158696460358983 -0.00811433941024001 0.0474428534233673
-0.00448044456642146 -0.0181237367325629 0.00899068063645851 0.0406899022889537
-0.00530616946474498 -0.0223090633723832 0.0178143477188526 0.0367850247744465
0.00943499561290078 -0.0283313774414706 0.0180171033417904 0.0390615166230703
0.0269103103060063 -0.0158318281912003 0.010669973805678 0.0450014039684698
0.0356435641687211 0.00148336243624577 -0.00722443412680104 0.0561841805368888
0.024682675875983 0.0316038755070246 -0.0421063174482777 0.0538932676838138
-0.00196547878509724 0.0490003729023802 -0.0695031673193572 0.0389926542759586
-0.0233224249999804 0.049952905088116 -0.0647190504353105 0.0465230460511484
-0.025783404910702 0.0509083427763162 -0.0335677617243781 0.0265221249206772
-0.000701280542785503 0.0477651540030688 0.0300050350397524 -0.00366159382732905
0.0251838164225439 0.0275991622188949 -0.00154357494343065 -0.0593354387056708
0.0367727145751992 0.000627085717042365 -0.0543696505983337 -0.0467549074003279
0.0292541892269117 -0.0172311440445558 -0.0695011017425474 0.0090469520228087
0.0143441882777091 -0.0309773788546931 -0.0394435421336984 0.0386063917474727
-0.00455778238513578 -0.0320922261679776 -0.010654132297062 0.0364700284648762
-0.00841343190191645 -0.0310198448190666 0.00507306862191019 0.0301086331684811
-0.0084883658889566 -0.0350237785839591 0.0170153842843609 0.0238615072062709
0.0127388840643435 -0.0437556588946937 0.023614609808865 0.026020288741734
0.0385044322780375 -0.0285092312263012 0.0247523086801913 0.0360529558019735
0.0559372689768685 -0.00420007729614381 0.00990579094927357 0.056035168484424
0.0413924079666271 0.0448869147080096 -0.025942128301761 0.0600759876021083
-0.00270978404242434 0.0716803270022781 -0.0550848353405996 0.038090811650959
-0.0358763378701703 0.0700577724346116 -0.0463387608216187 0.0309583994946763
-0.043206838373977 0.0590774509696715 -0.0177787858937978 0.00739328850301367
-0.0134769039692831 0.0692462296775189 0.0406929831262996 -0.0125113358955063
0.0308013527563525 0.0486757697509042 0.0130660593780604 -0.0637786308576527
0.0550418115890668 0.00625113345195026 -0.0418873892525871 -0.0565465016706236
0.0434627225380294 -0.0237524454171892 -0.0625915064480041 -0.00448507421497928
0.0218404323946815 -0.0425200013778101 -0.0373826469412081 0.0224805922902589
-0.00393126440313197 -0.0441721700002488 -0.0127886679005258 0.0201852498572853
-0.0103246560567999 -0.03934600078929 0.000953165582771728 0.0151906712950642
-0.0108372900811104 -0.0422206240653534 0.0143347761370732 0.00749021724872845
0.0119863415412995 -0.0524868996808985 0.0265542169653565 0.00866010226321494
0.0419001003722683 -0.0375899694187123 0.0368066966114039 0.0204246607350715
0.0661907270984066 -0.0125637342470859 0.0270156126193905 0.049788917583069
0.0531720138277651 0.0477433869577091 -0.00847836940727129 0.060691943605944
-8.91844893537944E-06 0.0811077383590446 -0.0416534667787383 0.0337910788012318
-0.0417107701795395 0.0791829091906658 -0.0265629026042499 0.0114608399064586
-0.0539377348764176 0.0561949866046677 0.00591332505343343 -0.014330453554091
-0.0278471582097814 0.0775896881445083 0.0541159419098037 -0.0226245191056194
0.0269334585368562 0.0635292850684103 0.0301896003437904 -0.0641080651692791
0.0631761165564813 0.0149847401150371 -0.0230987399858233 -0.0622224437580936
0.0513937158270328 -0.0246297349860523 -0.0476634024745205 -0.0197841112450056
0.0267167590351673 -0.0462099916084266 -0.0311749238242968 0.00229961378774002
-0.00256653118244365 -0.0494902595673412 -0.0140980375014949 0.000825764666589569
-0.0114174676039144 -0.0421743552095982 -0.00364642328402909 -0.00201768335936918
-0.0127729007678763 -0.0428629723197202 0.0103830629788538 -0.00976502739688705
0.0101714976952643 -0.0525016729343085 0.0268979886079405 -0.00911967543706675
0.0398855397777958 -0.0402951049397525 0.0440429063295746 0.0038118065792141
0.0660341578969772 -0.0168239875356491 0.0398042490736319 0.039317243421104
0.0546296205418318 0.0454241321130266 0.00629994807109307 0.056420074177058
-0.000314447995955584 0.0783530937124492 -0.0304834495059047 0.0268520483546116
-0.0426037190436147 0.0754014148194124 -0.00735908529431768 -0.00840501303239694
-0.0540679239427285 0.0435868115101477 0.0339231215004553 -0.0345846519181391
-0.03685287523181 0.0686318270317885 0.0671465734240443 -0.0324230244702651
0.0162258851687739 0.0641562352695032 0.0451350101431288 -0.0592257147999193
0.0574953274206407 0.0212176299639795 -0.00208298208078934 -0.0605398787855864
0.0494478389978461 -0.0195987266662876 -0.0280885012234002 -0.0320509528855095
0.0264069115099356 -0.0411830130050373 -0.0220132178529448 -0.0176310309515671
-0.00117330787343047 -0.0455820723796633 -0.0140099304954885 -0.0189354603329724
-0.0102398687084202 -0.0387447501010993 -0.00774797411498291 -0.0185840066608149
-0.0118542187597863 -0.0378640390781037 0.00653081136269306 -0.0258980389553461
0.00782393193816222 -0.0455264627237773 0.0259009212777515 -0.0252045296100092
0.0348605851642453 -0.0360734927487885 0.0483204107723043 -0.010153924881707
0.0582351121065891 -0.0144550746179181 0.0468655586891008 0.0289319126347329
0.046258077079126 0.0413379119528974 0.0151370455107015 0.0491090688054862
-0.00476328799599853 0.0667563525271548 -0.0220826044843967 0.0189524835466101
-0.0399550483101783 0.0606700353075103 0.00943851175592685 -0.0256016389239305
-0.0426009711118484 0.0226597082099845 0.0577941525488183 -0.0500688004727135
-0.035794308090398 0.045098300669527 0.0764026881195339 -0.0392576231453415
0.00384279065828234 0.0490922397347806 0.054923812187816 -0.0528201833432851
0.0392863151862564 0.0194734544591589 0.0133028234669866 -0.0560949623135079
0.0366301052817652 -0.0123514078949415 -0.0104374391365783 -0.0396277788402215
0.019706362356014 -0.0291918850179647 -0.0137298176785899 -0.0335745382522563
-0.000213618274617699 -0.0338866526999923 -0.0139396956772316 -0.0342111135229048
-0.00763692507403012 -0.0289094890704923 -0.010803556989254 -0.0321693137760565
-0.00871924381470949 -0.0283203698773167 0.00324397251743972 -0.0383199449874725
0.00590929523731389 -0.0340732831803192 0.025658959344034 -0.0375542190356392
0.0268500947076489 -0.0273637296201524 0.0510008343908423 -0.0197177849204727
0.0460944092782428 -0.00818914243535742 0.0505474501292466 0.0227789803417015
0.0317581960942456 0.0362768070860243 0.0197241992287287 0.0435368650462435
-0.010394126185572 0.0495176707055134 -0.0154668947328524 0.0133754269054564
-0.0347726020430685 0.0373575409711735 0.0236437440630574 -0.0355364981976343
-0.0224443603664007 -0.00165160057707656 0.0720429764715591 -0.058545542033632
-0.0244745019536209 0.0130853951373155 0.0782471912487479 -0.0446284984371593
-0.00432831952949623 0.0224928442829201 0.0582529883528959 -0.0487171233458576
0.0146225535893017 0.0102839325638813 0.0204818054031841 -0.0525822448993513
0.0156801061229994 -0.00431581801773883 -0.00131490936042295 -0.0437055905447478
0.00890428444955333 -0.0123082888791344 -0.00981188649531684 -0.0426557926926033
0.000102316941457 -0.0157121964902728 -0.0149123154859954 -0.042432345591665
-0.00340271908487895 -0.0136761732069988 -0.0124090324359157 -0.0403411692172518
-0.00447653889500738 -0.0150216954655505 0.00172217854701289 -0.0461147103211592
0.0027234214860143 -0.0189994197830109 0.0271359960626711 -0.0451243305082137
0.0162895769236488 -0.0169327116675822 0.0549863227603103 -0.0254218522302537
0.0294366570541885 -0.00202887217954046 0.0538445365432054 0.0200465319005693
0.0156637073927403 0.027023348672902 0.0214926612319187 0.0403542619341977
-0.0141977646629137 0.027379958268771 -0.0107276601501076 0.0104030352794351
-0.0254090885316912 0.0103902950700278 0.0341308796927528 -0.038851678140436
0.0086026168566968 0.011244022400589 -0.0350790951003443 0.0488949118748946
0.00818154208280198 -0.00647032382516992 0.0206918601646943 0.00284584767069943
-0.00376043131292911 -0.0079103321652014 -0.0173953074038102 -0.0467396954224779
-0.00629474455099544 0.00211371706626786 -0.0617411395197789 -0.0261609624130212
-0.000214791659042348 0.00533031560488672 -0.064219023914749 0.028543605301237
0.000575722377124201 0.00141181243297029 -0.0315206337188041 0.0556700638937923
-0.00104578831735551 0.00108606147339529 -0.0023077788694579 0.0520721091519717
-0.000973488428968783 -0.00225302939585469 0.0141516921683684 0.0441711887279378
-0.00362459612727184 -0.00430578832637514 0.0201375401596394 0.04218810106874
4.81965962794979E-05 -0.00830346039119477 0.015515918806336 0.0444115594373179
0.00644236680298876 -0.00499038326827558 0.0031319169629806 0.0468973470234775
0.00879874169296006 -0.00224619760617766 -0.0156589158447109 0.0521900747730895
0.0107394680928915 0.00625469486095139 -0.0497905711496538 0.0486070268086929
0.00932608528500991 0.0165380137104013 -0.0778388239985245 0.0412580311532916
-0.00131382402746506 0.0227886653797596 -0.0730361352184487 0.0587059276141137
-0.00610974117116973 0.0335803878887723 -0.0375708427798621 0.0420126065092411
0.00786771206783768 0.0199143449385887 0.0232756925660119 0.000707310816506799
0.0125704922174297 0.00665904559724427 -0.0133900810828657 -0.0514349544318051
0.014696053931514 -0.00147866491508486 -0.0613414905635586 -0.0333549795260358
0.0132290068144936 -0.00724152631075756 -0.0674039098419752 0.0232771080846823
0.00552321219317393 -0.0154531565238042 -0.0348285795428251 0.0508306023236119
-0.00432815074893381 -0.0157446558106238 -0.00508703297503654 0.0469489819236886
-0.00581447725524809 -0.0172457484862956 0.0113931065691017 0.0394746514659384
-0.00674550373844893 -0.0217067831857639 0.0199015357455039 0.035479041972775
0.00726209184669549 -0.0285966177621078 0.0199793229555653 0.0379062737655084
0.0258249956108902 -0.0175620454614647 0.0126108171971229 0.0443549710149267
0.0352528206465582 -0.000297345024864039 -0.0047787608374286 0.0554553938469112
0.0261567864546848 0.0300240548101907 -0.0391823933237022 0.0547475422997554
0.000624979338245584 0.0483331359183461 -0.0664310616121266 0.0419171080296112
-0.0208444911142078 0.0501402305575651 -0.0612438399975101 0.04927555370238
-0.0233275452399468 0.051049413551827 -0.0317670185987229 0.0282606529460688
0.00149536180161439 0.0471043700248246 0.0296639582972732 -0.00477232807981199
0.0259062561742376 0.0258480179124339 -0.00419859997554846 -0.0579188750725029
0.0359377370937657 -0.00226465142711211 -0.0561677671574012 -0.0433609916430114
0.027559292788915 -0.018659521119908 -0.0676539986466533 0.0131037121312431
0.0123072209069767 -0.0311932790106837 -0.0366331756036596 0.0404411728907741
-0.00669715236409517 -0.0311145918646641 -0.00842158389712449 0.0366516684400853
-0.00988130472679588 -0.0299624575419865 0.00711380397471578 0.0290160403479774
-0.010458223953101 -0.0340211932170082 0.0180914653582184 0.0227034890038857
0.00965563118801191 -0.0441740285056514 0.0250470635456931 0.0250525579356214
0.0364453541299137 -0.0305601334767818 0.0263997578981113 0.0342378691134864
0.0548567269056255 -0.0072015817292667 0.0124432646008972 0.0547081191021886
0.0433177474289078 0.0420004814164486 -0.0226846484414083 0.0601688738822758
0.00107878754037402 0.0706661153469407 -0.052518828656182 0.0404462534127366
-0.0323502496432274 0.0706695674080125 -0.0440784569076845 0.0330833846714752
-0.0399501124161254 0.059931543760964 -0.0165747649697817 0.00810391107298797
-0.00965719993269937 0.0690971763484803 0.0401688059109658 -0.0137350369532938
0.0326097604455173 0.0461277257156428 0.00977959856166687 -0.0631667436663688
0.054391159487055 0.00276342261119724 -0.0437835247034636 -0.053425120324902
0.0410787646371003 -0.0261385587232783 -0.0612242590549314 -0.00111037622312525
0.0188139299570123 -0.0424893500093804 -0.0354706182713723 0.0245273812351384
-0.00669361787821506 -0.0427985912361351 -0.0117628234694887 0.0202693851980626
-0.0125235454539091 -0.0384275811664061 0.00166506425986678 0.0147741755111581
-0.0134226663273917 -0.0407748887958961 0.0147632123359959 0.00647286965169896
0.00859847734392653 -0.0524128087359365 0.0273882305435105 0.00757575928416859
0.0397660110974727 -0.0398358741138809 0.0373732879284805 0.0186547760304532
0.064380782714835 -0.0161231950846097 0.0292613442416388 0.0478094225528083
0.0550765074265591 0.0440581614233896 -0.00528840439546928 0.0598338158358726
0.00395931161021174 0.0803150844845703 -0.0393117133789029 0.0355364681964872
-0.0370370829119877 0.0799642438955921 -0.0257959489403066 0.0125709341238006
-0.050919685305484 0.0579935204835924 0.00578164481524415 -0.0142798848747831
-0.0233638100578924 0.0777839716549539 0.0521372284662241 -0.0243844783372642
0.0293692786518504 0.0612176387877276 0.0266907559536672 -0.0638302434997764
0.0630673233622555 0.0113353042988872 -0.0251112067710142 -0.0598857560292096
0.0491174089426962 -0.0269429137696329 -0.0468923531734955 -0.0168577262348337
0.0232553521744338 -0.0469084660450027 -0.0307638746304826 0.00425807659214767
-0.00574407443925348 -0.047835745162494 -0.0142081083846721 0.00142873719119057
-0.0137258997135613 -0.0409998583310817 -0.00351397898918919 -0.00172004979808878
-0.0150147167046514 -0.0413278796397665 0.00968186492526535 -0.0103646056050996
0.00669186623314244 -0.0520557470623967 0.0259221828054391 -0.0108628491566365
0.0372637582407554 -0.0424248540289808 0.0439067307525149 0.00154091430703949
0.0638204432744534 -0.020254723185691 0.0409319435891059 0.0365656039921054
0.0561643481108445 0.0416808510692875 0.00891202294063476 0.0545203387683099
0.00384408046151939 0.077353488970196 -0.0288343527940376 0.0280148313919928
-0.0380465176786882 0.0763973071869969 -0.00843534893202274 -0.00815593951390211
-0.0512282184965667 0.0453172139155165 0.0320187892084329 -0.0354634925918058
-0.0326537174603492 0.0696586460722331 0.0647421602185155 -0.0341509319536971
0.0187316865422982 0.0623512680771665 0.0419429283785415 -0.0599898348161964
0.0573120766236795 0.0175626551518709 -0.00492313159713071 -0.0598760643825784
0.0472867882224837 -0.0221749623976376 -0.0284580375608466 -0.0295722051945191
0.0228682673109178 -0.0419285141249363 -0.0227529641119112 -0.0161467741084956
-0.00410712156285832 -0.0444649610244464 -0.0153986816196415 -0.0177377416889611
-0.0125845858423302 -0.0372615957666004 -0.00890974237770069 -0.017406633926413
-0.0137409909131491 -0.0366004908201616 0.00472257112619971 -0.02546267699163
0.00488186445429529 -0.0452467584522502 0.0240030228104742 -0.0260240565349958
0.0321755961129566 -0.0374303704419593 0.0469145802676826 -0.0127564272705345
0.0561139412786999 -0.0176287729477952 0.0478514670647458 0.0265053425736103
0.0478098834509171 0.0381529592965693 0.017200403475429 0.0474197462265711
-0.000759717024125743 0.0660117236389215 -0.0209304000811251 0.0199390857414675
-0.0366486303866 0.0614661361211086 0.00729712930987535 -0.0254086414829134
-0.0407002466905443 0.0245803877259521 0.0547257830399031 -0.0518321680245588
-0.0328417054911006 0.0464271731164187 0.0728163747567812 -0.0417417760308521
0.0063209648600889 0.0478914546403854 0.0518876672333554 -0.0540172091162985
0.0391685091899798 0.0171727252205874 0.011126023307662 -0.0554196161104264
0.0349425664967248 -0.0143387312032415 -0.011819913138348 -0.0384585097258682
0.0175349667034234 -0.0297925613148594 -0.0154142878217071 -0.032659830551696
-0.00288072760572853 -0.0326474467400881 -0.0163677972247361 -0.0326682839925512
-0.00918244196077531 -0.0276295530917971 -0.0127362938915262 -0.0302571882834452
-0.0101667942555966 -0.0271716284824707 0.00110374541148944 -0.0373359874735797
0.00342716247357924 -0.0334569398328858 0.0228837056923216 -0.0381717316083789
0.0247247771648359 -0.0283932361873566 0.0494080914835558 -0.0223157789436033
0.0443483558861578 -0.0107512014769794 0.0516242850513417 0.0199249096207098
0.0334736015810953 0.0335926604183306 0.021834347806747 0.041846410417755
-0.00814010225565265 0.0491750731539529 -0.0144405156625878 0.013714402119941
-0.0325051226997795 0.0382428991650892 0.0207579440011983 -0.0360622794755526
-0.021697406834418 -0.000230182876262317 0.0684460734853397 -0.0612603931235706
-0.0232204655849897 0.0139782583079763 0.0744214741052105 -0.0466701664574111
-0.00308407111480876 0.0218445183176771 0.0551487157719952 -0.0504707498640164
0.0145453359519429 0.00964495833560234 0.0183511817143823 -0.0523543300927618
0.0149302784508229 -0.00538924776360931 -0.00267719781065632 -0.0428145188709886
0.00817310823300286 -0.0124161353478809 -0.0119284441264465 -0.0416904950764319
-0.00105121488925139 -0.0152032014806003 -0.017415604115559 -0.0408764173659419
-0.00430063706514958 -0.0134877643812267 -0.0146367178910243 -0.0382532094644755
-0.00520947202059144 -0.014222499405095 -0.000954020154129998 -0.0448973540744338
0.00188632383935267 -0.0183149081402668 0.0237129324979236 -0.0458208013857686
0.0150875844654032 -0.0175206268103235 0.052918295049142 -0.0274767774262348
0.0288337594250761 -0.00343120998106648 0.0541473063594497 0.0174849932890951
0.0166718034725993 0.0257432779107954 0.0234172214522561 0.0390731837818781
-0.0126439293656033 0.027148968809211 -0.0107217644336465 0.011066592358126
-0.0240452788715713 0.0108213340593458 0.0303515119856788 -0.039579154196063
0.00868866008519385 0.0108984986662315 -0.0325062537609241 0.0487616764706889
0.008029936616484 -0.00662870633615117 0.0211720388585127 0.00229574336212788
-0.00332815585623588 -0.0074817675793286 -0.0185136463342351 -0.0450026618293924
-0.00569281945766508 0.00201632166947505 -0.0608797762874688 -0.0233278149625829
0.000148070830150282 0.00482447080351664 -0.0610754571952194 0.0299603441147833
0.00087775434971098 0.00139927555450635 -0.0280815557817202 0.0555265467139242
-0.000711835035514311 0.00115034303463715 -6.57739330792744E-05 0.0507458945631955
-0.000686068574495006 -0.00209744904561941 0.0153807516501638 0.0423023814764238
-0.00340927739858196 -0.00410173562404949 0.0216633290723159 0.0399865123382812
-0.000344964440623508 -0.00837306037122191 0.0171997482742401 0.0427058088635236
0.0063067849767554 -0.00527005186399994 0.0044660542169869 0.0460150738849316
0.00858570328809475 -0.00270575581477876 -0.0138767899104913 0.0511434609553537
0.0110767499978527 0.00586561759787902 -0.0473905138353216 0.048832244814674
0.00923409562959284 0.015759242774642 -0.0744023302091267 0.0430077706289696
-0.000748923338127873 0.022078203233446 -0.0691938723418134 0.0592269741563435
-0.00498205519667312 0.033027208701015 -0.0345484743656789 0.0427469280759623
0.00826608520381373 0.0193285818043113 0.0231569207307882 0.00066417476266666
0.0124569548433395 0.00641433982720713 -0.0147998389629686 -0.0492259869211175
0.0138146919207828 -0.00254006641844459 -0.0608040164754819 -0.0305180546516777
0.0128692638396164 -0.00756861919448008 -0.0644270157621272 0.0251151301208167
0.00510797122704108 -0.0151103558349591 -0.0311365095360742 0.0506656869216668
-0.00513202880615896 -0.0149139197756559 -0.00316876242830454 0.0464793802637294
-0.00594115105288914 -0.016753481338034 0.0128219661423287 0.0375164614783922
-0.00755343050207877 -0.0206365469160744 0.0208780843911801 0.0336949264156384
0.0060932837924651 -0.0279473078159326 0.0213842809358731 0.0363913794350582
0.0246735179009793 -0.0183657789076061 0.0135643670147211 0.0433649686773799
0.0347643276582948 -0.0016761855181743 -0.00286458625541102 0.0540416570524073
0.0264466561941015 0.0286274019773167 -0.0366778297598825 0.0543931597963876
0.00231247077894987 0.0473052771337526 -0.0633944879458424 0.0425818513740981
-0.0187512713046182 0.0495119723010093 -0.0579211692570956 0.0499840242056587
-0.0214182405657378 0.0504873592173078 -0.0296568265430712 0.0285241498973264
0.00333764888109863 0.0461212566964122 0.0293878461771827 -0.0050488407152931
0.0258600821208724 0.0241016660255209 -0.00613216935278974 -0.0555473536505348
0.034635324039871 -0.00377525677868018 -0.055964678212276 -0.0403493077968727
0.0265869843919628 -0.019202578125402 -0.0647431801438386 0.0153208838421265
0.010473039557421 -0.0309281271774864 -0.0337190034754707 0.0407839939885698
-0.00806263791231165 -0.0298988354352773 -0.00720359793375288 0.0359625699757105
-0.0106637801041179 -0.0283672616807062 0.00846295659180168 0.0278285696216086
-0.0115246242532156 -0.0326084657511377 0.0187511092720036 0.0211503171754447
0.00741418699527488 -0.0434084358845422 0.025734579951262 0.0228955617924824
0.0348071623274701 -0.0315520771822034 0.0267608637357933 0.0326338643767329
0.0533752213937753 -0.00922118393674211 0.0138536907144529 0.053166317813329
0.0438877373286499 0.039804491221256 -0.0210149824891788 0.0588139707710965
0.00338711402707509 0.0692821838489703 -0.0497561338724506 0.040945136099918
-0.0294129723226041 0.0697355437258703 -0.0423431540462611 0.0338798441015565
-0.0372640169616418 0.0595273091754875 -0.0155684484352819 0.00879878877773375
-0.007032610887838 0.0678636644485748 0.0390432363603217 -0.0136936751307912
0.0332511740359456 0.0439242823581364 0.00783668248697233 -0.061274520893235
0.0529139930110402 0.000559281696807545 -0.0442337126580812 -0.0504847652360117
0.0391236987396582 -0.0269994452264344 -0.0588008804742849 0.00146399237503184
0.0164153009143226 -0.0421601094525959 -0.0332455769575405 0.0249667491552293
-0.00868687009568668 -0.0413464173826967 -0.0109415586835811 0.0203377536650806
-0.0138935299161523 -0.0367306277939814 0.00239560133531171 0.0143181254315885
-0.0150314447910505 -0.0388838283503391 0.0146119369561111 0.0056869485804397
0.00580957687034807 -0.0513955063700224 0.0270842513238849 0.00631013254466478
0.0369888407756746 -0.0408670777751522 0.0371366064478344 0.0167153913425888
0.0617840332540616 -0.018414140127753 0.0304374861986056 0.0454998864358785
0.0554622228594945 0.0412507259724615 -0.0036267028783287 0.0581321355495725
0.00698925226770499 0.0781873015902795 -0.0373803454905129 0.0356960177661447
-0.0336652730528085 0.0788163865978377 -0.0251327629631685 0.0134198202579028
-0.0479267970822432 0.0577705375498415 0.00583556572920325 -0.014068114739972
-0.0198595616683453 0.0770499182158786 0.0507125196904822 -0.0245521207895454
0.0307722042085281 0.0583613045235553 0.0246389299418377 -0.0625378791922189
0.0610935039965187 0.00815675829311088 -0.0262663747191294 -0.0572299603913898
0.0468070301392594 -0.0284143297344385 -0.0455646816527546 -0.0140108134438085
0.0199416532534889 -0.0465414714610782 -0.0291499097644053 0.0051654482572524
-0.00795348403710791 -0.0462555017087316 -0.0141366013572489 0.00175797816574606
-0.0149379033786671 -0.0390155008107138 -0.00373218014613867 -0.00101129366042853
-0.0161414349445448 -0.0395506631809171 0.00919092053194641 -0.0103287763787326
0.00401138818160755 -0.0509021085001609 0.0252836743727171 -0.0108104050996925
0.0348046026579939 -0.0433109448377052 0.0427546577770787 -0.000413471113397996
0.0607923087704899 -0.0224241488112278 0.0416003325706474 0.0344131871745434
0.0565400247980458 0.0384441370000718 0.0102665823484235 0.0521993775901511
0.00681899121641948 0.0755550995154886 -0.027371404255157 0.0281912086205459
-0.0347246650348607 0.0757320492900675 -0.00893838118168885 -0.00706693895268277
-0.0486664758023846 0.0451182140489121 0.0304154561029178 -0.0354926929191676
-0.029258349878012 0.0690876580491407 0.0622600900967838 -0.035107284769131
0.0201403519531428 0.0598889664122289 0.0395827238913088 -0.0596179507828495
0.0558418200522098 0.015076764145954 -0.00622696011928799 -0.0577105296605694
0.045047772766099 -0.0236522238958211 -0.0275582786866072 -0.0275641073315023
0.0202707701117858 -0.0419622153810007 -0.0224482024237336 -0.0148835076669512
-0.00639278403795811 -0.0427688687136551 -0.0162002848850549 -0.0166013324927079
-0.0136335543851046 -0.035588652946747 -0.00897944222075054 -0.0163804874499228
-0.0146408777253875 -0.0347683586531657 0.00354427205594847 -0.0246393211902821
0.00287532371595305 -0.0441667688331556 0.0228540997296003 -0.0261217056557733
0.0298261811954827 -0.037996118223637 0.0452920314088366 -0.0140837548235557
0.0536932159763351 -0.0195122347177587 0.0475799494764541 0.0243911603981749
0.0475715228722252 0.0350827802858671 0.0184491618050415 0.0450612149867514
0.00171927531098693 0.0644624631705663 -0.019746587893666 0.0199134180072753
-0.0334246586463433 0.0607722366556153 0.00544922409042111 -0.0245382247609281
-0.0387281380203704 0.0250752182658265 0.0515714955233303 -0.052741655291534
-0.0302256426103874 0.0465208896302775 0.0697894650167849 -0.0422214229558992
0.00780927659287824 0.0461283893846352 0.0493193839455216 -0.0539636731762353
0.0387919541740446 0.0150125562477347 0.00921322864593417 -0.0544199862637095
0.0333041328910072 -0.0154633647446159 -0.0117808184540051 -0.0366703759931566
0.0154057468746279 -0.0294830431817949 -0.0160537538374512 -0.0311226818295448
-0.00421180019474037 -0.0315025910592895 -0.0174395336917592 -0.031029531032766
-0.00985319855398045 -0.0261356508625693 -0.0136979393436903 -0.0289305024439161
-0.0111350496944609 -0.0260482069642753 -0.000833587211566212 -0.0365030656849613
0.00218076972996329 -0.0323461320781039 0.0205757275963814 -0.0380250691243566
0.0229881929420603 -0.0287442974089383 0.0476105816941498 -0.0237443676608841
0.0422135314041137 -0.0120829520433325 0.0515476802350464 0.0176458329807293
0.0336901910491467 0.0312719085495734 0.0224316910808413 0.0394080003701732
-0.00585049147810722 0.048204116647347 -0.014122779681837 0.0139531093768184
-0.0304589846648352 0.0380527307617193 0.0178233858696134 -0.035526818972316
-0.0213378513964808 0.000273168533652902 0.064679538837638 -0.0617404272716596
-0.0221961181262957 0.0146340127441001 0.0711915959021955 -0.0470506132996293
-0.00271611374676438 0.0212792745210095 0.0523076689426367 -0.0502161345279036
0.0145028312226075 0.00881603587490809 0.0164292292146578 -0.0511284939573133
0.0141911239723586 -0.00564052527546262 -0.00360364885015754 -0.0417097458140619
0.00714733658236554 -0.0121113668250783 -0.013265585429772 -0.0402300283690159
-0.00161694268006655 -0.0144965451104943 -0.0190035523469176 -0.0389021943233394
-0.00443759195009526 -0.0125914653354904 -0.0158935433969586 -0.0360578572926955
-0.0053787271594675 -0.0133192679432531 -0.00263579781162201 -0.0432115711266258
0.00150979321303763 -0.0181137180502856 0.0216573280979702 -0.0454877796370071
0.0137166915268104 -0.0175727421674344 0.0502770248215043 -0.0286103752058123
0.0273508874734022 -0.00474103246192752 0.0537001476041643 0.0150033584036126
0.017016379829652 0.0242981524422398 0.0239766055104343 0.0371183545073662
-0.0112602670992328 0.0270103196988561 -0.0103386724003471 0.0111083420128873
-0.0233568658252808 0.0111698298715624 0.0274476453941139 -0.0394251306826428
0.00847783007349041 0.0105132919059613 -0.0305574612959427 0.0482796987022666
0.00774944094221849 -0.00659616409747792 0.0209057878082807 0.00176130770574121
-0.00328686375177074 -0.00699340563991502 -0.0187321963791635 -0.0431770218753293
-0.00581848373646191 0.00195657166288292 -0.059914987456203 -0.0213749582352398
0.000248741849682864 0.00461765468410849 -0.0589269267107663 0.0305469524022855
0.00125622399735246 0.00130730104304348 -0.0259714040047689 0.0550118550351744
-0.000478595599301381 0.000959801970398842 0.00124401742215316 0.0496424169216742
-0.000845586952563274 -0.00221493928329814 0.0162186968263703 0.0406674768283652
-0.00385843530947901 -0.00386694566401833 0.0223066555359001 0.0384860523884173
-0.000750581678897303 -0.00815428998990831 0.0179467807804795 0.0422289053616384
0.00624937531626819 -0.00544187807386766 0.00519987838864668 0.0454190371307234
0.00895679783535271 -0.00229750295125603 -0.0128918355557947 0.0500180963813284
0.0108833200266789 0.00604972157989148 -0.0460322750172279 0.0483395692756435
0.00909581440210686 0.014965268410981 -0.0717889768898821 0.0431180739491842
-0.000681952872662818 0.0215753679807026 -0.0662331681868154 0.0592024633039117
-0.00463528491075477 0.0326853349852713 -0.0327406080491529 0.0421426236048999
0.00895559464244613 0.0189282056030894 0.0233546436904316 0.000271983065391673
0.0122847505607752 0.00581985519016708 -0.0150235904447774 -0.0477163885696594
0.0134591095521442 -0.00307072512441582 -0.0597579147913882 -0.0280758274535784
0.0122943937808159 -0.00787580887687343 -0.0620917180687829 0.0257418551462174
0.00444258045500565 -0.015149062621754 -0.0289822060507746 0.0504909387937976
-0.00506514810485165 -0.0142488045486706 -0.00159878668779941 0.0449961394207255
-0.00636282737735302 -0.0160804698222674 0.0135655390888018 0.0361728344090692
-0.00770125407445065 -0.0197182930039815 0.0215411487408105 0.0318780647036545
0.00488399642802814 -0.027824515978915 0.0225874709716089 0.0354975735498982
0.0239112373900168 -0.0185972451597355 0.0145714876882094 0.0420475218898823
0.0338447346908308 -0.00254858964661892 -0.00218915012202613 0.0526890958301121
0.0265425330989087 0.0276782191726763 -0.0354548759835146 0.0535568282434104
0.00307438241715469 0.0458674956524547 -0.0609632702388458 0.0428611255482297
-0.0174617110426115 0.0483112549803579 -0.0558718093294322 0.0497590779543128
-0.0199842627878101 0.0496073936349931 -0.0276671747527217 0.0281914706962376
0.00452824572423544 0.0449906731559103 0.0293084634029493 -0.00525329531699045
0.0257280043033947 0.0230151278557185 -0.00643707409655582 -0.0538843586752203
0.033568083465107 -0.00429267992960977 -0.0551882808964183 -0.0381308177127914
0.0248527339280932 -0.0197076740889253 -0.0623675800654459 0.0165167094420171
0.00908836511939947 -0.0301855937822199 -0.0314049150239807 0.0403959849441507
-0.0087293318669452 -0.0287933458457982 -0.00578712121812008 0.0351938869275378
-0.0112566753849967 -0.0276093012907393 0.00906430684496193 0.0268994638661578
-0.0123055934052066 -0.0312494145685118 0.0189114405190218 0.0201068950231331
0.00593187668727248 -0.0426429391338671 0.0261863455413713 0.0223682082410781
0.0330786601208222 -0.0323350155620535 0.0269969769025744 0.0319770834768734
0.0515055956889117 -0.0104814035156222 0.0148512018360992 0.051637548032634
0.0437272313995583 0.0378437450268078 -0.0198419062883386 0.0573078610404454
0.00498108530434653 0.0677024520134992 -0.047902925286802 0.0408007544917399
-0.0274354393625806 0.0685746703880089 -0.0408582772285605 0.034055468538705
-0.0352210202126477 0.058775210040241 -0.0142826079119792 0.00916808753339105
-0.00514538949817975 0.066576204338716 0.0388831095895845 -0.0138055853685574
0.032650488304528 0.0420785377647463 0.0067922307312161 -0.0598114579861274
0.0512378603359793 -0.000914237003992211 -0.0438957530164511 -0.0483378954930605
0.0371767194561097 -0.027497778630492 -0.0563711474398101 0.00281268862719806
0.0144018791683491 -0.0417542188507416 -0.0314535652063239 0.0245980530210373
-0.00976195596246247 -0.0401204867076511 -0.0101438719831582 0.020148800804976
-0.0143848352586328 -0.0351197919708351 0.00306524655431975 0.0140466116646813
-0.0154636107988699 -0.037182474148567 0.0141903961809004 0.00514154317925106
0.00438612165394319 -0.0501887418860961 0.0272477242317166 0.00560524575037294
0.0353730503332596 -0.0410858633936869 0.0369987704551367 0.0159751175798125
0.0596016319647689 -0.0196099583585486 0.0307660191922126 0.0439273242668965
0.0552265281335945 0.038679820450982 -0.00253071762775754 0.0564476810291979
0.00845585729514864 0.0764269501400223 -0.0358214517026271 0.0355978851691033
-0.0314671293008192 0.0774340866961316 -0.0246645472448515 0.0141774672738248
-0.0456812785525331 0.0569415565698155 0.00567213510034571 -0.0134804913966343
-0.0174545225308175 0.0760826734719821 0.049596893101496 -0.0243943260991512
0.0309412918326603 0.056531132570477 0.0235421122398981 -0.0610929497718808
0.0595549183421592 0.00674471216313849 -0.0261530759016078 -0.055211704678644
0.0448280131761898 -0.0292390889074936 -0.0438260486039506 -0.0129200011214851
0.0181162568098353 -0.0459453935694374 -0.0280985790474931 0.00526280477218569
-0.00941419806172557 -0.0447378837935817 -0.0138054204454351 0.00222747159517579
-0.0157099502427716 -0.0377490369004945 -0.00322090587015837 -0.00103720746027584
-0.0168235548387189 -0.0377987847463151 0.00907977103094298 -0.0103244362621127
0.00232204493691123 -0.0502550947608255 0.0251150161817738 -0.0113030789446525
0.0327136722141969 -0.0431867581353928 0.0419852344227732 -0.00128957036456694
0.0583381882001126 -0.0236795788464623 0.0416903920926032 0.0327883186754515
0.0562383338451763 0.0359532326796969 0.0108682267566229 0.0505367452557551
0.0080648423715799 0.0739766349820861 -0.0260679126180377 0.0281720623429085
-0.032269018779328 0.0743555643063302 -0.00961316396571981 -0.00630081963106222
-0.046835252652324 0.0453491046526468 0.0291740633865646 -0.0349206771024508
-0.026981394222896 0.0685804690467964 0.0605023354032701 -0.0341481645317303
0.0203193594263817 0.0581846873843312 0.0379949814251992 -0.0579786471698708
0.0547082910670574 0.0133326359683561 -0.00669041917381871 -0.0559861996867314
0.0431703012935904 -0.0242267621596056 -0.0265518404535546 -0.0262534291604457
0.0185401298173191 -0.0415003391507203 -0.0223020626070711 -0.0147382539868539
-0.00738027870472128 -0.0410955132510988 -0.0165086149032003 -0.0157126937825215
-0.0139981374505502 -0.0341476110566672 -0.00925530741762076 -0.0154820166110539
-0.0153944218410032 -0.0332172892767652 0.00297858914827573 -0.0243146892486228
0.00116438130926793 -0.0431499738963 0.0214645480330581 -0.0263190302628498
0.0280132790843185 -0.0380666015637822 0.0439840321390419 -0.0149384365985971
0.0514761998254271 -0.0205026863098468 0.047439222606657 0.0228624944570954
0.0476211838534447 0.0330535189968476 0.0187747718971687 0.0432795552316713
0.00295441464328459 0.0629586702340409 -0.0191603447820654 0.0197558456589554
-0.0311679545550953 0.0596978564761436 0.00413744111462859 -0.0236553583683498
-0.0376545129572029 0.0249570088422382 0.0496223915348197 -0.0518812010729043
-0.0285070462262965 0.0457841106749485 0.06783078657216 -0.0416839758015208
0.00817863070010805 0.0450023955140921 0.047536052661774 -0.053243311472859
0.0379830198028565 0.0141124909460876 0.00831308961842594 -0.0530093009657837
0.0319379992564416 -0.0160023810527022 -0.0114258113197548 -0.035395937494458
0.0140898084317908 -0.0294946078520211 -0.0165886297961415 -0.0306308258987413
-0.00516567589844898 -0.0302240480215365 -0.0188509057852328 -0.029752653654676
-0.0103140995614005 -0.0251232533981084 -0.0138543641863726 -0.0271151952857299
-0.0113562154069773 -0.0247474302908732 -0.00156290490655659 -0.0352535565633014
0.00106416818802573 -0.0318676920183082 0.0196170513841376 -0.0374767726506335
0.0216743276533416 -0.0287325407610639 0.046095555241033 -0.024293153182897
0.0405994967864286 -0.0130584900084837 0.0508158146945881 0.0161032980978002
0.0335869132704556 0.0295351193582058 0.0226611833143527 0.0376079838038219
-0.00480939181434 0.0471657775869067 -0.0136429045972697 0.0140225755157447
-0.0289673013616964 0.0373077921862934 0.0160861921726505 -0.0347500698987258
-0.0204692591334791 0.000637342973871341 0.0620705237209423 -0.0615195453016961
-0.0215790046569936 0.0144825111784431 0.0688361613510635 -0.0469106944356275
-0.0022483781662893 0.0206122327890642 0.0509931713389575 -0.0503425977651701
0.0142638019291349 0.00840485385666494 0.0153348577691231 -0.0500140245926091
0.0132896409834383 -0.0059421112497333 -0.00382726769540757 -0.0407643594820841
0.00681513834838269 -0.0114837509251739 -0.0143436745565583 -0.0397764883215336
-0.00158520431346048 -0.0137403361627757 -0.0201618430126418 -0.0373023282380493
-0.00464234751886625 -0.0123932889697484 -0.0163301667324473 -0.034051998100115
-0.00554019654837915 -0.0130295568608413 -0.00348387877226382 -0.041896258714157
0.000890783697923219 -0.0175066634943746 0.0200023268136096 -0.0446033424675386
0.0128047272426112 -0.0172454803975622 0.0487756584197237 -0.0293067609985083
0.0262003384954834 -0.00503647310273918 0.0532145899146328 0.0134151067502768
0.0169934871258185 0.023116940619631 0.0238970374430198 0.0353747573211847
-0.0107751950634913 0.0262833117805033 -0.00992796986552001 0.0113110226434159
-0.022609038655011 0.011082981124658 0.0253624297425907 -0.0382615601763166
0.00864641291230676 0.0107244477293344 -0.0296553207393112 0.0482633033777873
0.0080809557951009 -0.00616118276792608 0.0215081706252995 0.00184732734606212
-0.0030572164606682 -0.00701573209880003 -0.0186383432522319 -0.0420339646144761
-0.00545658128233411 0.00200894355388529 -0.0593799199482862 -0.0199943093846994
0.000709621037598419 0.00437205145881305 -0.057640115693634 0.0306824261610095
0.0012705814896743 0.00117019572730155 -0.0234350287049533 0.0543877180528317
-0.000758638579878835 0.000850105181277068 0.00268214156217136 0.048696903016975
-0.000673314247523064 -0.00237165339765701 0.0168538803857709 0.0393687307171834
-0.00325726900477423 -0.0037636711923319 0.0228823619430514 0.0377894873816866
-0.00112311074618401 -0.00811937043937465 0.0192578387195813 0.0410777668526993
0.00642026771482314 -0.0057111909797492 0.00578227743062802 0.0448551472058995
0.00863416839954574 -0.00288047994065382 -0.0122353252507084 0.0487197317376165
0.0111706411271811 0.00573343332941975 -0.0448781252779915 0.0478356108532135
0.00951955208350738 0.0144789824475888 -0.0696812045429248 0.0434102237427775
-0.000258130465090857 0.020950800008103 -0.0644020888649212 0.0589175018342452
-0.00412765634714964 0.0324158735823918 -0.0315089550820114 0.042025642877049
0.00915446568446292 0.0187171097461937 0.0240369286016549 0.000213113564177867
0.0118668264092751 0.00530095341862703 -0.0154341411954591 -0.0465797541206766
0.0128515569274611 -0.00342354534241629 -0.059118433017982 -0.0273650891289182
0.0120026060570161 -0.00851905509194253 -0.0602886224671094 0.0261514258130263
0.00453666848258329 -0.01491535019667 -0.0273045431615584 0.0499724273786777
-0.00575422913010093 -0.0140530699883576 -0.000672687959901795 0.0445176725279047
-0.00654199762500665 -0.0155955980408258 0.0141501894433546 0.0350043230391029
-0.00848092649784696 -0.0189398992638586 0.0220456058312597 0.0312275080549623
0.00425277282223394 -0.0273413609551798 0.0231520368429402 0.0345937292915117
0.0230316584040627 -0.0193692654323849 0.0151905923798071 0.0415058481676457
0.0334622410268619 -0.0033267579790446 -0.00114249500394902 0.0517925204211295
0.0268388962828133 0.026972233043166 -0.0346407453195898 0.0529592508412877
0.00354382194137282 0.0454040785293791 -0.0590154135894536 0.0432373706830621
-0.0168841942569053 0.0478395734818657 -0.0539535060735686 0.049833702116276
-0.0192177454950712 0.0494708604056839 -0.026729886089916 0.027982466050798
0.00559016106720967 0.0444846310423405 0.0294397343422187 -0.00515163219036979
0.0254257376697048 0.0221834453141155 -0.00646438566719679 -0.0527388485438318
0.032365218583149 -0.00482816826860792 -0.0543962219419102 -0.0365852420462973
0.0243510583235617 -0.0200931399551421 -0.0601107182783134 0.0170621945602572
0.00790950651579552 -0.0301159529204094 -0.0297817262392316 0.0402556736826688
-0.00895797816981593 -0.027936282835841 -0.00516240131941951 0.0345708549098051
-0.0114293560318836 -0.0269262189086277 0.00926533454186566 0.0264485267366211
-0.013036994503724 -0.030440533332276 0.0194742567666241 0.019413306694866
0.00485851415261886 -0.042158144752536 0.0268231894653899 0.0213039155681025
0.0318192959167814 -0.0328004434292573 0.0274454747202127 0.0310782512088298
0.0504916732139491 -0.0111717069823506 0.0153651159854465 0.0503575008617736
0.0439480549975258 0.0363482041094365 -0.0187234155555657 0.056881816052159
0.00630127788044167 0.0666043261795582 -0.0464639628315648 0.0410222451234989
-0.0259556469591694 0.0672664835432568 -0.039618263191667 0.0347554734221395
-0.0345386343696473 0.0581177622987992 -0.0139575690196603 0.0092544143164991
-0.00371561535632573 0.065724132763532 0.0385646390077167 -0.0133247161323114
0.0329046051993168 0.0409866242064021 0.00645918720602246 -0.0583463037272118
0.050047695299476 -0.00187905861074117 -0.0439841831844036 -0.0467492715639565
0.0353819931728491 -0.0283370013373593 -0.054423377372838 0.00325659056516517
0.0131304467127103 -0.0411304822075264 -0.0299143835323743 0.0247929497763587
-0.010795616100021 -0.0388093491713767 -0.00982160493060402 0.0201629293558726
-0.0147312462819084 -0.0340345401845192 0.00319273701198339 0.0137907017323899
-0.0163106943379531 -0.0359768520413132 0.0142435740917614 0.00490535109930689
0.00274073543761538 -0.049714249591291 0.0270776156097605 0.00471415636044766
0.0337348558500128 -0.0419737524409911 0.0369449931149381 0.0147605645212066
0.0580346903371003 -0.0203234329054438 0.0315911405090764 0.0426680532601927
0.0553021368091424 0.0373867719461665 -0.00245435420729577 0.0548431456374091
0.0101067380499843 0.0755065097501682 -0.0344902653336054 0.0355311207104888
-0.029544890074634 0.0761431132194027 -0.0246739620267697 0.0144901967238108
-0.0448963704992252 0.0569753181418386 0.00595648818516317 -0.0131859040226614
-0.0158268871295218 0.0750599305205202 0.049453327299828 -0.0241154590337213
0.03111691253544 0.0550441892935843 0.0226272445087226 -0.0599709393946477
0.0582795500476741 0.00503256929559473 -0.0265745524412069 -0.0539147607346756
0.0430968133183111 -0.0297874628431519 -0.0424400554649493 -0.0118343229148087
0.0164796907705818 -0.0454822397358412 -0.0272711011635355 0.00572937189084842
-0.0101984369370265 -0.0434021983159023 -0.0140105480135603 0.00249438989123545
-0.0159855098672646 -0.0365615988544309 -0.00308463620793472 -0.000629427698727893
-0.0169980596384771 -0.0363271373603052 0.00837934647366466 -0.0105493216053091
0.0011074554092009 -0.0489901378360307 0.0245518539812457 -0.011677804516327
0.0311583498385757 -0.0433290059485315 0.0413431284234543 -0.00125895876521518
0.0569039817472602 -0.0245097083086306 0.0419522718377688 0.0313776016048404
0.0560762212282894 0.0343046598129862 0.0109256134356458 0.0491882434611206
0.00931977477145127 0.072541084382356 -0.0254720246643058 0.0282390385774419
-0.0302294710132607 0.0729053891296587 -0.00989088175476083 -0.00578843122541146
-0.0455544026539291 0.0450755414351856 0.0285979047581083 -0.0344346292233496
-0.0252339803836572 0.0680818375675776 0.0599357131855149 -0.0343508863659815
0.0210395170265178 0.0569990193863731 0.0369498501391455 -0.0577456355608192
0.0536635429382831 0.0122948426883092 -0.00740115001360475 -0.055141656646018
0.04192985434553 -0.0248835246742792 -0.0260841870653354 -0.0256947641886292
0.0170725285494011 -0.0411503189832028 -0.0217494352541438 -0.0147771341278465
-0.00871038818153019 -0.0399662920137005 -0.0171959921405507 -0.0148280933058313
-0.0145225295722147 -0.0330438218939525 -0.00949287818911034 -0.0149205329512955
-0.0157795164326021 -0.0320584191256516 0.00206051179260215 -0.023880927412538
0.000146621627011584 -0.0421413536136529 0.0212356377737364 -0.0261819910831142
0.0265189959282582 -0.0384872294868287 0.0434056668925649 -0.0151691799485948
0.0498881557613644 -0.0214944381363941 0.0473308615986248 0.0218264914019063
0.0470635771783559 0.0312077715243534 0.0190966226102196 0.0420474714771041
0.00398318029514842 0.0620748390741546 -0.0186212183057782 0.0199094680260926
-0.0301141296842324 0.0586687786918747 0.00314342810305779 -0.0229100703747995
-0.0367220871123643 0.0251499819520309 0.0481746891600838 -0.0514002226059287
-0.0271830212245172 0.0457578688362225 0.0665435856124942 -0.0415198213332437
0.00859137401201782 0.0442079615798945 0.0463729869645493 -0.0527379815788274
0.0371189678158601 0.0126564144347956 0.00762486595093801 -0.0521348007105155
0.0308903610311252 -0.0162444221450928 -0.0108272716697749 -0.0347187208204902
0.0131162126536603 -0.0292998856923245 -0.0169029459553958 -0.0305417410206388
-0.00542912555548035 -0.0294346738884809 -0.019379675598276 -0.0285561206811202
-0.0106375095045077 -0.0244096481365125 -0.0138224229060527 -0.0261368748690565
-0.0114922173805987 -0.0238498073023442 -0.00217551001128899 -0.0342185152228186
0.000148235155325149 -0.0310274406049299 0.0191154528723286 -0.0369038741426625
0.0206750414390849 -0.0288448765421394 0.0448233293992796 -0.0245813371934833
0.0390963693815291 -0.0134083815988209 0.0502024945574719 0.0150972839000727
0.0334809825433263 0.0279070338986901 0.0228642581013598 0.0364601179063162
-0.00364126241613483 0.0459282186147423 -0.0136766097280064 0.0138791311152906
-0.028048777383071 0.0368653416624732 0.0146525045561868 -0.0338951067047764
-0.0200840878024558 0.00107026999586219 0.0601185073074401 -0.0610464675693914
-0.0206293976283334 0.0144692545807654 0.0670958432590348 -0.0467443110936192
-0.00193064359254522 0.0200615139052158 0.0495109330436163 -0.0498180847974562
0.0137183917520054 0.00813470072815086 0.0144342738671554 -0.0491987486743205
0.0129609292551185 -0.00617312846603109 -0.00381753195525613 -0.0404573629196049
0.00650254654624739 -0.0118180086142613 -0.015065077250498 -0.0392144774960876
-0.00189944093688387 -0.0135450063945676 -0.0211260216599382 -0.0362992113029351
-0.00472185140262882 -0.0121715960647786 -0.0168829946300865 -0.0327532078198989
-0.00574580888968337 -0.0125081903987209 -0.00394634110186495 -0.0411364342249663
0.000561149335403537 -0.0172864469298107 0.0188443036777032 -0.0443161487630966
0.0120595009692365 -0.0169486525958359 0.0471277229834202 -0.0300199843173354
0.025279012423944 -0.0057105747842645 0.0528259541126447 0.0124173427399845
0.0174222984504085 0.0220741316564056 0.0244228598307619 0.0340480156392052
-0.0100643002904256 0.0259610264589807 -0.0103421089648983 0.011087944319758
-0.0223248676710497 0.0107493479673036 0.0237210887957711 -0.0380452424245164
0.00560066987254405 0.0116463617647535 -0.0369037488399462 0.0414001119435215
0.00860841690431237 -0.00440438232597993 0.0218449618811376 0.00608833210912637
-0.00105481865908867 -0.00741148331484145 -0.00969565922355211 -0.0436819648453513
-0.00468665697237148 0.000251329484312705 -0.0534293648597695 -0.0308468094673194
0.000224429662706473 0.00346744322651947 -0.0613258799753677 0.0189835312857109
0.00158711896690533 0.000960670280074613 -0.0335784636219076 0.0480690211745437
-0.000371163897337152 0.000811980183398215 -0.00686747635773102 0.0478445679092737
0.000288201573884606 -0.00273115079716005 0.00855680685148773 0.0405966805438657
-0.0025724947332882 -0.00443824873192951 0.0151276108458877 0.0404687986546301
0.000775854130063582 -0.00796945819558875 0.0104901061919348 0.0435728351816987
0.00767436915098942 -0.0049729608183855 -0.00301926906528886 0.0444470569471021
0.00931267542171452 -0.00031458004506588 -0.021889798293013 0.0443834113090738
0.00959753298258197 0.00841691862076135 -0.0538857629801899 0.0374621132903578
0.00607064031280473 0.0162894280571594 -0.0774899790235724 0.0283790274728758
-0.00489919939115844 0.0201244999122327 -0.0764398577255277 0.0447060513310857
-0.0101103710079745 0.0291281547477435 -0.0382644475003313 0.0353171264837938
0.00545678065744152 0.0195675901508044 0.022829292980153 0.0048878175397079
0.0111972302003571 0.00789280755111848 -0.00530431446375073 -0.0463299489256993
0.0132231083838264 -0.000873380998861001 -0.0521013339843807 -0.0370129426296938
0.0135774897131611 -0.00640598682633473 -0.062689378067191 0.0146067690438598
0.00669453812517789 -0.0138372857733898 -0.0355292756002008 0.0431698301671485
-0.0025483601187341 -0.0145793372002811 -0.00928857465758129 0.042912817297533
-0.00328397582464963 -0.0170882378733079 0.00687590855471084 0.0368076889849251
-0.00394313535111966 -0.0199643152273708 0.0159750620521929 0.0344777152448973
0.00899734766668936 -0.0258411337176584 0.0162688130751635 0.0374524078264399
0.0266081533971133 -0.0143497270301074 0.00698475469806127 0.0425591274043185
0.0328849453354351 0.0041128200229986 -0.011446416026797 0.0497021353112765
0.0200162851354959 0.0324350849097581 -0.043988320720839 0.0450824467808843
-0.00554952140196226 0.0450293340997716 -0.0673309383788765 0.0308960776437008
-0.0265100437676072 0.0422004315911094 -0.0641212237352018 0.0382940070131821
-0.0282078958232241 0.0419558364025405 -0.0308402403173247 0.0227428051013703
-0.00273409404738568 0.0432796966030529 0.0287888750417428 0.00082341926377055
0.0201549824987949 0.0259341377340127 0.00340837426065449 -0.0506095488081887
0.0319215508956778 0.00105137091136812 -0.0455943883056486 -0.0449381353492077
0.0275663695247203 -0.0152483541505884 -0.0615544724062065 0.00579583415917677
0.0138605140820908 -0.0277457326787651 -0.0356126778092288 0.033425573996969
-0.0037289817155664 -0.0284551408076533 -0.0117718939830918 0.0326768919523499
-0.00615477218000832 -0.0285679901677359 0.00380598903697482 0.0270296854980152
-0.00622314862186813 -0.0314674716546083 0.0151284912445025 0.0223987396629026
0.0127268238311999 -0.0399149422682748 0.0220177516475131 0.0254067587962226
0.0378363222600117 -0.0252773355957667 0.0211274204939891 0.0342734913068728
0.0510064040733585 3.80322892677776E-05 0.00608722469219286 0.0513194796757338
0.0349387496884915 0.0454903131702347 -0.028972919698094 0.0521133405299535
-0.00840511256125235 0.0667052542590623 -0.0549021429096371 0.0314435402485952
-0.039597317376298 0.0590221759370991 -0.0472083083120706 0.0261426478970035
-0.0443383824997403 0.0482820174504365 -0.0153309152487591 0.00730568610711647
-0.0150606541449226 0.0617252470373046 0.0383879534540976 -0.00613475068155183
0.0239046893028189 0.0455494535951846 0.0169190259122004 -0.0532620262925727
0.047695983150394 0.00730242290426015 -0.0328618760924964 -0.0521872650429263
0.0398788054312972 -0.0204524252334181 -0.0538577195792407 -0.00580096669262815
0.0203206061480992 -0.0372540047680422 -0.0329588100878786 0.0189155112606593
-0.00324390531048735 -0.039009117229124 -0.0135676667770872 0.0173700168294317
-0.00800727526856541 -0.0362376343836022 0.000445127997496695 0.0137717715242573
-0.00829857509025654 -0.0379116656934634 0.0127668769429564 0.00680574450753517
0.0124599307129703 -0.0470560600311228 0.0257535027890782 0.00975540702396951
0.0409313689701655 -0.0333765694286514 0.0336033357995012 0.0205018172887075
0.0599384799928899 -0.00790083195240008 0.0230974145141528 0.0470128748876895
0.0450592902932299 0.0485620956475996 -0.011786146201803 0.0543868877160475
-0.00585755186145005 0.0754524857927884 -0.0415739741121287 0.0289553852929299
-0.0451093558202623 0.06697898622042 -0.0278884797089857 0.0101013933020871
-0.0536773842034749 0.0449134504870326 0.00745678304914687 -0.010998846455825
-0.0282079847543515 0.0694238399909228 0.0505844855946458 -0.0149134092315499
0.0194804480771699 0.0586785895262451 0.0319844803412158 -0.052147894542566
0.0540348570844651 0.0158255781158563 -0.0150519829184406 -0.0554177295908685
0.0467776561003964 -0.0203183919188931 -0.0383482067935447 -0.018593402726634
0.0242941637163414 -0.0405028640986051 -0.0262541676352653 0.000277192455453993
-0.00221529182895851 -0.0430319427222344 -0.014131244605505 -0.000641306298158092
-0.00830531805148288 -0.038437251593964 -0.00291824446427686 -0.00104331303084038
-0.00952289895831095 -0.0378693948275923 0.00984793957590279 -0.00851275753823521
0.0103200495212121 -0.0469309595627951 0.026699425397114 -0.00640945630608888
0.0385426818018614 -0.0361227575765493 0.0411086526850413 0.00511018697584848
0.0585512665852303 -0.0123812650169001 0.0360769550920757 0.0378946547372829
0.0470783628384576 0.0457720570813911 0.00268440535350018 0.0510619807372441
-0.00587359842622167 0.0728115047805664 -0.0316287142407473 0.0230849655382104
-0.0450167103396777 0.0638333884459532 -0.0088357553798209 -0.00693463111459703
-0.0521889104292889 0.0340835809524793 0.0335815126845819 -0.0276379554030744
-0.0358752920476022 0.0609564842661088 0.0619088078664803 -0.0227830632427352
0.00941982775588954 0.0589979638426839 0.0446639668583922 -0.047224954676608
0.0482755944352036 0.0215125506241801 0.00378825709633071 -0.0526037038997504
0.0444502680817646 -0.015480641362856 -0.0199564704082309 -0.0287697433451509
0.0240879964014175 -0.0358243178054099 -0.0179427807227643 -0.0179707636386062
-0.00145830086332269 -0.0397422746230763 -0.0138354513653787 -0.0182771072408498
-0.0080781634232049 -0.0351811774377713 -0.00595324602408264 -0.0155549763603207
-0.00885318441445638 -0.0333924172858372 0.00721297061979451 -0.0225837565905288
0.00829943319820506 -0.0402607452464724 0.0258908454400755 -0.021336002836888
0.0333209872166105 -0.0320131335728472 0.0457133365537199 -0.00790243857528974
0.051157893018804 -0.0104702085069335 0.0432473339113697 0.029790571069349
0.0389185000111319 0.0406139214924917 0.0114671659647968 0.0453799438652828
-0.00888606277183717 0.0606210878495777 -0.0234981304581432 0.0164491726117058
-0.0413765184926857 0.0502142996661952 0.00743765114650591 -0.0215825352383301
-0.0394710637884102 0.0175831785848166 0.0557326033742782 -0.0401894312638425
-0.0339115612255154 0.0394282941481465 0.0710249688156197 -0.0286429682827755
-0.000159804435811417 0.0444599800357601 0.0539114223471553 -0.041307100966489
0.0331615166377457 0.0196214062134628 0.0175073067991202 -0.0470519413581878
0.0322397724726435 -0.00938490077505993 -0.00386432530842996 -0.0357774838691208
0.0178618308618273 -0.0248793336476806 -0.0102339748171187 -0.0325397116318283
-0.000496245901028631 -0.0288546451048768 -0.0134397709959346 -0.031971265747319
-0.0053824256370765 -0.0258889957536438 -0.00812608909364955 -0.0275050637788682
-0.00605212506934553 -0.0247222921464379 0.0047221243665937 -0.0335313448073875
0.00640453654207261 -0.0297361390188103 0.0258544622802825 -0.0318615680035911
0.025255844907825 -0.0230563185037477 0.048443029029635 -0.0159377005058869
0.0396019146082547 -0.00540337794367819 0.0471441599233534 0.0243120096255913
0.0260597147162275 0.0343278005260588 0.0158300986979269 0.040489841287838
-0.0132278417276139 0.0438579522983394 -0.0174109014132562 0.0114264959519311
-0.0348998010583994 0.0294940588368986 0.0212397918581939 -0.0300453976965277
-0.019235096112205 -0.00192546372831199 0.0698209990977823 -0.0472933858689947
-0.0223335885530137 0.0113085299028676 0.0735950464100367 -0.0327365608079012
-0.00585875113134594 0.0201355222411914 0.0567058208110205 -0.0384405909944939
0.0115557878488238 0.0106348589322849 0.0238762835452965 -0.0439966735040619
0.0133942110313151 -0.00299498170925864 0.00395873954920409 -0.0392214573997327
0.00810911186119554 -0.00923012593519536 -0.00710557782413853 -0.0412226855578872
0.000176869775236081 -0.0128358329152727 -0.0130830262952236 -0.0392049910330285
-0.00260354353430919 -0.0128262411121683 -0.0094716940240656 -0.0345352594778361
-0.00293199784791656 -0.0131162171915251 0.00391135667762519 -0.0399382597501239
0.00344198430815991 -0.0165632525287145 0.026863362167151 -0.0389864620226115
0.0147670523749434 -0.0138544293658463 0.0521200309287861 -0.01996040179246
0.0251797884605207 -0.000600980491099122 0.0493143012068658 0.0220228213579981
0.0122230751987909 0.0250601273828467 0.0175805612945412 0.0386775161393678
-0.014982985477895 0.0227383742201255 -0.0131916676597419 0.00926695159187206
-0.0239436326102438 0.00608750453772797 0.0308934994109858 -0.032470836679957
0.005790333152771 0.0108867374294209 -0.0355487467810442 0.0407546463514137
0.00825813210009457 -0.00458283334753666 0.0217721378356141 0.00564522134501462
-0.00140728613717445 -0.00701656944021076 -0.00924828698180587 -0.0424762127414354
-0.00468862673373267 0.000568521426215605 -0.0526391138159758 -0.0292719086554821
0.000439792224652879 0.00306863205516432 -0.0597266772541571 0.0192009256732403
0.00159902096909653 0.000403014985469339 -0.0308589378229906 0.0467782304530713
-2.56361471161889E-05 0.0007020303800166 -0.00535910582415877 0.0467776598070043
-0.000337293103609184 -0.00282193294429207 0.00952722415459813 0.0396111050999844
-0.00224509011284747 -0.00452355001825989 0.0159419593573185 0.0389508893934584
0.000823271899297934 -0.00775885889528437 0.011512200521172 0.0424227296797219
0.0071599704728715 -0.00469492086837331 -0.00257518403407614 0.0439311731195267
0.00878931571289707 -0.000526759891314463 -0.0210880937254174 0.0434578221708687
0.00938476856374337 0.00863233325462331 -0.0523265545629656 0.0368254461048091
0.0059694383052589 0.0158064096867072 -0.0754776025821758 0.0287054212761215
-0.004645560569902 0.0193776015750217 -0.0736534868641078 0.04443799920902
-0.0100146552934507 0.0286708314733538 -0.0366939124577135 0.0353626602911655
0.00593339762052215 0.0185405049879051 0.0230040438291603 0.00481540626836826
0.0105010885989082 0.00711788684752761 -0.00538074073678702 -0.045024260500397
0.012795779322499 -0.00115305245163718 -0.0507732528091867 -0.0348624653351159
0.0132516766481007 -0.00684952661198398 -0.0607192602131554 0.0145971031330178
0.00666861878066925 -0.0138683006921939 -0.0337290960200326 0.0428959710056643
-0.00270538787181958 -0.0139754179615607 -0.0082416104688926 0.0421126679861656
-0.00353964722474453 -0.0164878353125794 0.0074127278008159 0.0352495291524128
-0.00407677586362368 -0.0191805568625327 0.016216022116062 0.032888884592302
0.0081729084949293 -0.0254271643295868 0.0167241008099649 0.0364853671234773
0.025408129818645 -0.0148642658675831 0.00763562793956149 0.0418843180287164
0.0318553669214529 0.0037436891180495 -0.0104248802965101 0.0488386082113382
0.0202378218377111 0.0314772614175442 -0.0425901612319956 0.0443759963650976
-0.00545559890183648 0.0447035486406435 -0.065368228981351 0.0306486246430917
-0.0255565558525418 0.0413200075612029 -0.0620709524009422 0.0379060680094242
-0.0272738320572822 0.0414562411021901 -0.0298426306172483 0.0226733433733992
-0.0018683507103575 0.0420284665442267 0.0292009698277215 0.000547157071169675
0.0202901478597242 0.0251017954356469 0.00322993608850135 -0.0491976104021245
0.0307787972397865 0.000522206046031347 -0.0450109331032582 -0.0433895521700789
0.0265912951762444 -0.0155978802356356 -0.0595442272563742 0.00634377374977194
0.0126283335943663 -0.0273602178634571 -0.0337986081878354 0.03287319793253
-0.00442433082672825 -0.0276913374036431 -0.0109347559477473 0.0319025805791834
-0.00640480738950484 -0.0283890354420104 0.00437855103458454 0.0262234753887267
-0.00662053085510254 -0.0303171834866767 0.0154999720889854 0.0216794933409721
0.0108669200986225 -0.0389215082469446 0.0228530343126284 0.0243484589039655
0.0364775773489888 -0.0258348767324349 0.0211577923808044 0.0333882309713722
0.0497962993624648 -0.00132755044114688 0.0061957377267938 0.0501147362839855
0.0349175867195602 0.0439472532511955 -0.0279188753678545 0.0511870196208053
-0.00713303678914423 0.0653907381435835 -0.0531301343011162 0.0313063010270815
-0.0382738127079436 0.0579536603544704 -0.0459178123631085 0.0263422958541967
-0.0427842826774582 0.0470674971975601 -0.0146756717596161 0.00723225553549878
-0.0136707449784813 0.060811408505915 0.0381285194550907 -0.0065264052029699
0.0237646751683311 0.0442617040648484 0.0161935995291004 -0.0522375884789264
0.0462651504293859 0.00628628948125081 -0.0327393635463013 -0.050640019027437
0.0384210898567249 -0.0209046136995615 -0.0513863744500161 -0.0053814441443953
0.0186967887166241 -0.0369292169840117 -0.0320865581920319 0.0181927665426487
-0.00412820639440419 -0.0376576522233658 -0.0125211037867615 0.0170683121189392
-0.00836901526894174 -0.0349814823009989 0.000731603894438012 0.0134594521127468
-0.0088105401687344 -0.0363141781363732 0.013106107557382 0.00704286518273776
0.0106854923026097 -0.046077519241358 0.0258764097123835 0.0086007520377552
0.0394448776819464 -0.0340458347062488 0.0332311021453347 0.0198066485885644
0.0580901643786878 -0.0089497979111485 0.0235559124993439 0.0452729216592594
0.0454146328994997 0.0464287803367898 -0.0109006264611938 0.0528906658871604
-0.00490630383693347 0.0737348678491082 -0.0404831899466633 0.0284025484398549
-0.0432566359468345 0.0658663678128346 -0.0269481425415258 0.010399536725185
-0.0522535115931301 0.0446307367152986 0.00776316670516479 -0.0108695538742687
-0.0263560947984929 0.0682461100515671 0.0492573131018719 -0.014503391648467
0.0195007537040735 0.0574140115493697 0.0307853967843044 -0.0512048761504328
0.0525783471829057 0.0145642070550386 -0.0148586742578641 -0.0538640734935512
0.045117574894689 -0.0205175016055001 -0.0366644940428409 -0.0177529130669824
0.0229776789842042 -0.0396392545242616 -0.0257109428476589 0.000142531895801481
-0.0036195734731255 -0.0412986644816905 -0.0136207784840471 -0.000694959930489243
-0.00916486594277249 -0.0380783027058026 -0.00217119680747862 -0.000800918966397652
-0.009819084059082 -0.0366986139025697 0.00996813179165353 -0.00839940413189715
0.00883861328678268 -0.046133141332557 0.0264919195802954 -0.00715300203989858
0.0371578051158782 -0.0363073151494623 0.0408743636160426 0.00440173967511595
0.0569435651655252 -0.0129083746363951 0.0356222868756313 0.0368270792467523
0.0468998869650456 0.0438846626665993 0.00311578041546584 0.0496112476109033
-0.00472507097406759 0.0709402360272659 -0.0307249084825435 0.0228398771913963
-0.0429247249985278 0.0627711540215334 -0.0093237956819556 -0.00635428730454854
-0.0505344099251646 0.0338929360095009 0.0324718097515834 -0.0270214219268704
-0.0341131523367282 0.0598587602619627 0.0613092839719391 -0.0228804014747163
0.00977013956714399 0.0575302376779068 0.043945370677038 -0.0462396045456653
0.0475314698844129 0.0201527595208773 0.00339672107774341 -0.051456282248809
0.042728765238779 -0.0159361479462028 -0.0188441099765111 -0.0280083306310696
0.0224523580957561 -0.0351936443548675 -0.0180344368037665 -0.0181225186154022
-0.00212629159198142 -0.0383916402276177 -0.0143088143154825 -0.017164897669318
-0.00858565186194903 -0.0340391921607437 -0.00593692809219698 -0.0153931933383082
-0.00928321091241658 -0.0320466125607578 0.00660947491542152 -0.0220613378744809
0.0070024172350944 -0.0395585302758964 0.0250776516148715 -0.021425331663641
0.0317872325145717 -0.0316823856778138 0.0445161910792896 -0.00843623660396954
0.0493290574088106 -0.0109050577415864 0.0430038776931007 0.0280396127559009
0.0390569595131717 0.0388591965262879 0.011474481938605 0.0435578562303805
-0.00758820566480685 0.0594800137882303 -0.0227273123070483 0.016253125348417
-0.0394900802701572 0.0490758768197855 0.00639651864695727 -0.0206921119964336
-0.038740274313229 0.0175510313332631 0.0544440644467767 -0.0395179069012065
-0.0324048609882561 0.0393698166932907 0.0687408002014909 -0.0283623305228741
0.000930552938875356 0.0437787593502515 0.0520625143022016 -0.0407017595724655
0.0320695488871542 0.0185687845388322 0.0169609951160421 -0.0462655339119563
0.0312486198968447 -0.0101032088119249 -0.00322610632772265 -0.034916507407903
0.0167552285227157 -0.02469950399688 -0.0106311704732205 -0.0320991089564235
-0.000924745151234297 -0.0279730445203039 -0.0144729477177662 -0.0309906277296495
-0.00630835625054231 -0.0256532330641614 -0.00853812409813454 -0.026002405357275
-0.00640823667633929 -0.0237017463227428 0.00407024172477602 -0.032808512438404
0.00550275684114116 -0.0291528139283744 0.024633475726539 -0.031814488431556
0.0241684355958322 -0.0233050770699889 0.047675877144789 -0.0162437148386194
0.0384178736837146 -0.00591881904372332 0.0463261472620186 0.0228335595257404
0.0259677707240484 0.0329948327258764 0.0162660581352555 0.0389896018880687
-0.01233034189439 0.0426292891420347 -0.0163539568181303 0.0113658369938406
-0.0333894797884064 0.0289143954119702 0.0196079132712258 -0.0291436134750813
-0.0189040910220336 -0.00174161282264282 0.0676334617824734 -0.0469297145284455
-0.0213488711089534 0.0112801554979323 0.0714923478317906 -0.0325329174538585
-0.00511545942412751 0.0197267070200154 0.0553804965785232 -0.0379838826136165
0.0115343965008035 0.0103438460169281 0.0228640580426219 -0.0429115095422747
0.0128899147539328 -0.00296173736027828 0.00402533660140348 -0.0385369911389179
0.00767779344200643 -0.00948358087168585 -0.00812315453286534 -0.0404533783052277
0.000486326452547129 -0.0121679892818071 -0.0140985529954059 -0.0377971492912182
-0.00275446471257702 -0.0123397840616619 -0.00996999870206311 -0.0335394886864126
-0.00288790722637103 -0.0124706252784961 0.00315780598560721 -0.0393348261508532
0.00351512701092254 -0.0158992578126499 0.0254657904263652 -0.0379993814505399
0.0138742182511999 -0.0136771287025884 0.0505597483433147 -0.0200893947263036
0.0243107310465359 -0.000726917800521088 0.0488174963909808 0.0214064405088954
0.0117774441008917 0.024109834010797 0.0173829294329011 0.0372435486787522
-0.0146406268937495 0.022158412597392 -0.0127947396561041 0.0093581963132751
-0.0235187989259134 0.00589055988647983 0.0291863836521104 -0.0317457974543505
0.00542806735815257 0.0109863148432067 -0.0347912713184794 0.0401589696560295
0.00801016564786484 -0.00429622884386292 0.0215250405028781 0.00577289929633144
-0.00113387694888088 -0.00670097805034788 -0.00876865139559307 -0.0414048861917556
-0.00447760720631543 0.000289829717365292 -0.0510299130496342 -0.0286236616960808
0.00078557877000237 0.00302286557438323 -0.0581795017787579 0.0184405687929887
0.0017085028911718 0.000454547780029437 -0.029863912569983 0.0458536727254472
-4.8943096340186E-05 0.000158874563309075 -0.00447133315985447 0.0454904572515099
-0.000435334954462337 -0.00316661205363065 0.00964710880132844 0.0384180052771824
-0.0019180737346798 -0.00426282946562872 0.0162755423412121 0.0377060042348083
0.00048203534381547 -0.00768995240092948 0.0111324700341816 0.0411410175455823
0.0072106996441548 -0.00461998623249542 -0.00286746618425909 0.0429546847965413
0.00864732957034833 -0.000668614172906749 -0.0213790174894945 0.0420892892424448
0.00941303810022748 0.00826531369511301 -0.0516931042730124 0.0357574780954229
0.00585563925354134 0.0152834552455561 -0.0728480555582383 0.0272687782683948
-0.00499498619263538 0.0188324623811442 -0.0717412138225635 0.0430409507592684
-0.0098766426894404 0.0279475773377257 -0.0352306894262575 0.0342629973359969
0.00551023072212251 0.0182313801613596 0.0235384172179715 0.00450203600469102
0.0104130306987815 0.00707299038618382 -0.00521745429358683 -0.0435640125376395
0.0121671643858474 -0.00142149230764335 -0.0494897494615458 -0.0345200723369008
0.0127350799114949 -0.0066195865673116 -0.0595346106057864 0.0145228067038403
0.00648994798198224 -0.0138128838083302 -0.03235254370421 0.0414066307341559
-0.00293587925554633 -0.0135550126158792 -0.00737542186912951 0.0411820611587945
-0.00354244487784513 -0.0165804059554755 0.00758417158820821 0.0345483728189747
-0.00391875657342277 -0.0190473278035826 0.0165394621464186 0.031887969697763
0.00778720387628571 -0.0248477563509983 0.0166396615621755 0.035755751448609
0.0251304614430528 -0.01466652372928 0.00780799366260564 0.0412195018751243
0.0313911723317704 0.00297068030955384 -0.0104441106951246 0.0470608159847943
0.0198104692195618 0.0309076979773946 -0.0421947634519277 0.043043022072827
-0.00491995648906132 0.0431485264871101 -0.0637477614476381 0.0294013177898786
-0.024912921463453 0.0397932794693688 -0.0608139718403003 0.0374757600694773
-0.0271531839286401 0.0403333785283736 -0.0289858238182896 0.0224824501337485
-0.00154492643589074 0.0411777484979347 0.0288806203739746 0.000609829847652927
0.0193432886651113 0.0248938952594695 0.003736082518683 -0.0472872180522935
0.0299698289663387 1.69424980173998E-05 -0.0436090618197172 -0.0422101453706876
0.0256116477919766 -0.0152504957744017 -0.0575189256003593 0.00646496455910486
0.012383139821229 -0.0266921708400119 -0.0333622546993163 0.0318125986517069
-0.00435355304835443 -0.0264708503173257 -0.0102594769223041 0.0312277970596862
-0.00640144817916613 -0.0272848327186652 0.00483736304915765 0.0258165787869503
-0.00642521048457568 -0.0296710486277861 0.0153179857851239 0.0209710461662034
0.0104622415253269 -0.0381987250523598 0.0223857047964097 0.0240803448159365
0.0355010029332316 -0.0256623777743016 0.0207447712213977 0.0327129774674675
0.0484014603069083 -0.00152246271381918 0.00615829846782231 0.0488254928197191
0.0341981493735135 0.042887396349237 -0.0274581815238615 0.0496768879015691
-0.0067874792212725 0.0636219252599018 -0.0517175273181058 0.0303175794236293
-0.0373532100792856 0.0560215389566053 -0.0449978470463075 0.0257217272537762
-0.0422310068614454 0.0461078345415173 -0.0135091380749426 0.00683191993950353
-0.0129075380947864 0.0594329816067657 0.0376622707502572 -0.00595619728928591
0.0227297356651474 0.0431203122072307 0.0161757566797922 -0.0501156871878672
0.0449918724018405 0.00601839342249433 -0.0313892002372652 -0.0497298168064347
0.0370890281174149 -0.0205152256062993 -0.0496274074709766 -0.00539059361042957
0.0181666134313367 -0.0364506916417016 -0.0309843488714412 0.0175724223253494
-0.00448942935419819 -0.036288165038954 -0.0124046992802766 0.0167658329355248
-0.00855759565824528 -0.0344502920074177 0.000877704679816529 0.0131327453156607
-0.00885888240629756 -0.0353395443712068 0.0127840381457674 0.00661410378520474
0.00971339208421904 -0.0448432713392074 0.0261061144214801 0.00831798464010342
0.0382145924026249 -0.034091090246239 0.0326861745197689 0.0192080049018084
0.0562245681585936 -0.00910411405407887 0.0230848896097851 0.044089818254906
0.044719246852572 0.0453816355987674 -0.0111138339072244 0.0515329680233597
-0.00468234950349924 0.072244682347921 -0.0396982083978447 0.0273780572484656
-0.041754994188776 0.0634218385843416 -0.0268009585438017 0.0104449483815984
-0.0509994945022981 0.0430824202636868 0.00803408127925553 -0.0103869290987899
-0.0254145113425631 0.0665807442752634 0.0490982966825341 -0.0137104273311314
0.0187638781087008 0.0559342909784796 0.0304477825381811 -0.0488418027980058
0.0514387845781439 0.0143382090113361 -0.0141149581468134 -0.0525047740745761
0.043621026157483 -0.0202596891862813 -0.0351426991564557 -0.0176698767503695
0.0218458410510525 -0.0388602650483457 -0.0248738705292747 -0.000489233245214241
-0.0037050813526598 -0.0398279968103854 -0.0136846532195341 -0.000318027221847292
-0.00935833776139944 -0.0368498695430825 -0.00268525249400237 -0.00104569946512876
-0.00984023018026703 -0.0355052502497409 0.00944750215450156 -0.00841369817927089
0.00782422450361223 -0.0448577290947318 0.0263495938987428 -0.00733569476116704
0.0355195495669288 -0.0355581355357431 0.0397277506390295 0.00413325704277729
0.0550323788377371 -0.0128637915029194 0.0357337049043507 0.0356870260773336
0.0456910790280714 0.0422726079557155 0.00278901267826637 0.0476579159858883
-0.00410858965146511 0.0692118474605208 -0.0295830874098664 0.0222077801476161
-0.0420724672019031 0.0603666448467634 -0.00996060609510022 -0.00595085754011519
-0.0494882768050516 0.0325821557820981 0.0324115255791189 -0.0261305068283475
-0.0328360500856592 0.0589979899889991 0.0595466968928718 -0.0217115496958933
0.00941920994121617 0.0566977486193902 0.0433187811974552 -0.0444199218969887
0.0461803029245925 0.0194371968488746 0.00370321789876726 -0.0497701298911533
0.0417707997276217 -0.0161234681732021 -0.0178371167685308 -0.0276639156558023
0.0217871647639227 -0.0344064238210869 -0.0179191083411485 -0.0179111767880253
-0.00231757511154928 -0.0369697478189537 -0.0143172055089882 -0.0169638125592425
-0.00854791031550388 -0.0330144794215644 -0.00547227901376514 -0.0145084434555127
-0.0085102042957918 -0.0311462854992663 0.00619724288755681 -0.0217067483309697
0.00665676598202527 -0.0383045162256991 0.0249611548405323 -0.0207061868883288
0.0304583499117949 -0.0313940495002868 0.0440107311262675 -0.00841559900903562
0.0475750303888541 -0.0111916270090167 0.0422692807873707 0.0275832570868995
0.0377139963517259 0.0374177551931431 0.0111480691402494 0.0423585232978755
-0.0073876711950021 0.0583220657174951 -0.0219228656152344 0.0153514241354669
-0.039163908349214 0.0472842084574349 0.00595890191988004 -0.0193908990095957
-0.0376469593830799 0.0166460321680113 0.0536453825711621 -0.0383826042923523
-0.0315313842941449 0.038406165956537 0.0672207091209513 -0.0270251877688635
0.000472956656406408 0.0428083535257883 0.0508707918562144 -0.0393612216619823
0.0313339258555476 0.0177135047548099 0.0171170260071775 -0.0445112395145649
0.0302586013156478 -0.00946973879824846 -0.00306012575002104 -0.0340482401606217
0.0165419158582898 -0.024003887310169 -0.0112533297032337 -0.0320624658684488
-0.00128951896533893 -0.0267738084868624 -0.0140301968153709 -0.0298506137719986
-0.00642475576902998 -0.0244583186939659 -0.00850724020738341 -0.0256746109393997
-0.00629371654318386 -0.0229480281414449 0.00343916193635452 -0.0319247878587621
0.00536143426701341 -0.0279921004624599 0.0242392973928157 -0.0310106170427835
0.0233309568944847 -0.0230260293507644 0.0461171999219301 -0.0164235499529251
0.0369889866202753 -0.00605590087826594 0.0458152436683529 0.0221220034382438
0.0255169683919093 0.0320439552961931 0.0154406467223354 0.0375557217465227
-0.012115592629041 0.0419872048610324 -0.016549334825864 0.0110096177490086
-0.032543333974702 0.0280364327405772 0.018416562490212 -0.0283341294663257
-0.018159322244334 -0.00172424834269556 0.0662675780986475 -0.0456900667939012
-0.020703174280366 0.0113875266965383 0.0694847363170688 -0.0315075885030324
-0.00481120468630758 0.0193232389917391 0.0538806918918252 -0.0365617865551925
0.0113907369538854 0.0100268614336092 0.0231335698587226 -0.0413347313758292
0.0121154494057707 -0.00316824256105652 0.00451334547223682 -0.0379192958706855
0.0073025536932034 -0.00909461031010063 -0.00873732757887677 -0.0396225502540319
-0.000116596551428123 -0.0119836446496189 -0.0149193286432982 -0.0370392532286103
-0.00279737433535279 -0.0120820794507264 -0.00967824486595252 -0.0322997270816442
-0.0029462632529973 -0.0119475168832016 0.00293868431712363 -0.0381677591823315
0.0031995358513555 -0.0154707831151153 0.0245776932397002 -0.0372642657672379
0.0135868812609797 -0.0134655013489843 0.0492311187520368 -0.0202193307637711
0.0231841167879668 -0.000748295261520851 0.0478326195678117 0.0208649595915882
0.0117213096586215 0.0232785091229079 0.0168424079912361 0.0363149733000996
-0.0146292800458469 0.0216289763940218 -0.012860843664916 0.00920580569147669
-0.0229949076331533 0.00595077256752419 0.0278172670945606 -0.0303670724321176
0.00537859349188309 0.0112073735550658 -0.0340766988374418 0.0390689532370037
0.00776694919711854 -0.00486441262118662 0.0223146853933613 0.00631161273156974
-0.000896806374017308 -0.00692810149985674 -0.00793384927466456 -0.0408605115787225
-0.00465248969933455 0.000305972513521008 -0.0503335580956423 -0.0288956819812388
0.000741897273734299 0.00254468915991946 -0.057998794078232 0.0173338537971905
0.00161185733421705 3.65042633578485E-05 -0.0297238554261349 0.044675677523076
3.02903275643546E-05 -0.000179606852050057 -0.0042243580778526 0.0444057656649856
-0.000251303349675732 -0.00321218550619677 0.00929040879729591 0.038212063538187
-0.00215586659851719 -0.00400987349843625 0.015786997730202 0.0370747914999361
0.00023607107214119 -0.00744545343229386 0.0113281350829042 0.0410024149122544
0.00686554435485506 -0.00496442233244965 -0.00312988529230489 0.0427198914307672
0.00894679880707486 -0.000355511789223036 -0.0214839846623904 0.0406065055300218
0.00947837661518741 0.00803016926364989 -0.0518884063377306 0.0347617895733918
0.00514137862454034 0.0151628650445501 -0.0722565551938772 0.025247533181183
-0.0058421983118404 0.018104083055915 -0.0711458025972973 0.0410782049585541
-0.0100763872640483 0.0273400373038942 -0.0353383907893303 0.032965024814476
0.00478198118498592 0.0177932073354778 0.0236338667939391 0.00515400717238745
0.00997014631821059 0.0071413133156179 -0.00410869359099532 -0.0429248090802341
0.0120965598174409 -0.00158312045410712 -0.0485142693646568 -0.0343262992181965
0.0126330720510226 -0.00711136145382042 -0.0588480805137164 0.0134174929340891
0.00634575224916345 -0.0137339039456046 -0.0320766229975207 0.0403254859576378
-0.00244730844453834 -0.0133076498190146 -0.0073923236890726 0.0401298496009157
-0.00353852222161431 -0.0161962528982042 0.00709710635348331 0.0341302645808691
-0.0039704935634388 -0.0190663957310905 0.0164171493348836 0.0320223306811026
0.00786262085721042 -0.0245361308859566 0.0169748816742032 0.0351549810946419
0.0247365437087075 -0.0143213066548721 0.00694578717254355 0.041156723708177
0.0307477173153163 0.00323661660205084 -0.0110451740578542 0.04601218049965
0.01911723406426 0.0309505704527044 -0.042886498294371 0.0418248526896527
-0.00513903813023484 0.042395051691297 -0.0631461117359307 0.0278385540281656
-0.0258065446494257 0.0382405556164594 -0.0603419350137498 0.0358524872229549
-0.0274374139431437 0.0393387452138279 -0.0285262504932409 0.0219342415564596
-0.00201494239600311 0.040482098682428 0.0292570484214427 0.000995023399306763
0.0185928366825858 0.0241252780104976 0.00481588466190277 -0.0467897911913692
0.0292029961745083 0.00028994734561571 -0.0420674522499062 -0.0421471753271
0.0250937329434294 -0.0152149305517933 -0.0559689760171084 0.00478571202967468
0.0120325654674362 -0.0263892020682158 -0.032794721571003 0.0308806478851259
-0.0039957964786946 -0.0262209712243457 -0.00990797767397368 0.0306317716197342
-0.00582993152284231 -0.0272266049864432 0.0041299677100568 0.025543102132021
-0.0060581067452899 -0.029733273447514 0.0150337794649815 0.020702772952254
0.0105144846837267 -0.0375809162134227 0.0224662973504663 0.0236008177564977
0.0350952640048256 -0.0254427928945061 0.0204173829603418 0.0329691405009621
0.0472615928416048 -0.001294186206832 0.00580844614569084 0.0480028037361284
0.0333807074531255 0.0428775599732192 -0.0281741558526039 0.0482624388465206
-0.00757646165841227 0.0624250760393692 -0.0512572504650143 0.0288547066727535
-0.0378866363937409 0.0540360652726358 -0.0450228042299038 0.0253979536670836
-0.0427633313691358 0.0447302077748366 -0.0135182147165761 0.00704933842044177
-0.0135249150157131 0.0586651574117148 0.0377675162065487 -0.00493743012801283
0.0219137099360392 0.0426893110017005 0.0172590157592242 -0.048946265234887
0.0438471118486122 0.00628454128946222 -0.0299879985146023 -0.049280485530368
0.036954351973793 -0.0199575823092321 -0.0477393064665837 -0.00620869961092264
0.0179897564013816 -0.0356880344825976 -0.030518763364264 0.0167527548959021
-0.00414160650664935 -0.0354788159443882 -0.012707399585675 0.0161145625372989
-0.0082873033995216 -0.0343139486094443 0.00105380764257122 0.0131060619789532
-0.00821893784625902 -0.0346202319569182 0.012929727174224 0.00666227828439739
0.010084517310898 -0.044235729641977 0.0259460870712586 0.00840336629821204
0.0381493605571962 -0.033799049211876 0.0321944213508536 0.0192927311792601
0.0550252614784894 -0.00883806784823296 0.0223216321830812 0.0437661122637097
0.0435067525747632 0.0448266562870805 -0.0118455190990009 0.0499150411283877
-0.00540986056858082 0.0716805756679147 -0.0395570999200633 0.0264131988123124
-0.0429165851786158 0.0613849337725247 -0.026582693537439 0.0105999264904325
-0.0512866970735521 0.0418508595537566 0.00835736069713086 -0.0099859961989714
-0.0255047036364546 0.0653508738767772 0.048844078350396 -0.0127477841511643
0.0178769960702911 0.0556097383698965 0.0311276665978167 -0.0475927157048764
0.0500155835967249 0.0145931738006946 -0.0124718618904897 -0.0521048379915814
0.0431178025897707 -0.0196916089956812 -0.0336152568768613 -0.0179532878284019
0.0216743204093587 -0.0383368497632686 -0.025230302414269 -0.00114421905061908
-0.00339621504902812 -0.0393275325720858 -0.0140020733706201 -0.000446433828699271
-0.00915720814589028 -0.0357203675608348 -0.00191678600538621 -0.000938860547630201
-0.00915254622400186 -0.0346985061660046 0.0094743092386315 -0.00778335869998535
0.00824846629457695 -0.0435369311230049 0.0262987180261079 -0.0075124992274576
0.0353953664918755 -0.0353704756586426 0.0393723512029438 0.0045340090315597
0.0535863643106073 -0.0123612731713057 0.0353418693423408 0.0357483383749477
0.0445822465743991 0.0417274728444166 0.00138691936991702 0.0469837069227892
-0.00502658855203214 0.0685190272042554 -0.0296792964762487 0.0213954132776878
-0.0426367360344558 0.0582340229644433 -0.0095433270841418 -0.00543218643335666
-0.049611849927382 0.0318379738415783 0.0329186288782741 -0.025480684943645
-0.0328968258855328 0.057929931745098 0.0591323072702042 -0.0201237932184084
0.00894324625110576 0.0557465340929644 0.0434723906003684 -0.0424923121408216
0.0451355460966547 0.0197433173471865 0.00504083405776723 -0.0488046450256517
0.041232200124834 -0.0152017381966462 -0.0163416371477435 -0.0276390018762093
0.0213405207570231 -0.0337207470776551 -0.0177602066245937 -0.0180835561242634
-0.00207333235740429 -0.0364397293511414 -0.0145123524853785 -0.0167962487768251
-0.00836541778672855 -0.0323820485692136 -0.00537976525201422 -0.014894737479104
-0.00796130989624608 -0.0305432566325469 0.00626837755826794 -0.0209476609879855
0.00611353029649559 -0.0372805260298509 0.025085242860514 -0.0203773946998535
0.0302255387917863 -0.0309919059894901 0.0428383330646896 -0.00790016728073556
0.0465675001296838 -0.0106880570570476 0.0417263831655484 0.0271965053722257
0.0368476263754524 0.0376207726990546 0.0100678496910639 0.041537742230924
-0.00809713259529942 0.0568113714649178 -0.0224021752633686 0.0155035037132946
-0.0389577626220234 0.0461555375626575 0.00563286628789767 -0.0190189620423392
-0.0376142290596977 0.0163187650930359 0.0541029595516111 -0.0368328615152244
-0.0311236401415083 0.0377429770184097 0.0673800138962244 -0.0254518207953802
0.000314062623896712 0.0423852124531843 0.0512408634108165 -0.0374088980379851
0.030428488162352 0.0181416839120939 0.0181755119021257 -0.0432383840455395
0.0298300626653687 -0.00904022523813064 -0.00129156448599633 -0.0338055512581775
0.0162282712442564 -0.0232218794194292 -0.0112242798344758 -0.0317272325661092
-0.00101057146704672 -0.0265037705187751 -0.0143277167602318 -0.029282766370102
-0.00603649417722911 -0.0241745978380775 -0.00795567334787103 -0.02512006691125
-0.00586237484251288 -0.0226295933535206 0.00420780883223347 -0.030999472574454
0.00592159935404888 -0.0274310037209343 0.0237998211016723 -0.030298002835382
0.0228043494781474 -0.0225096458158587 0.0456473852033386 -0.0157232135298478
0.0358270389988493 -0.00539634379044236 0.04492830408135 0.0223615866607382
0.0245394807807176 0.0315368023504325 0.0145079929630619 0.0369535744896982
-0.0123453310294049 0.0406320370026405 -0.0165079510418565 0.0110529093156656
-0.0326152409701633 0.0269708406103428 0.0177209940156857 -0.0274385632554575
-0.0178727173898238 -0.00210550234974291 0.0665873889766448 -0.0434987381662207
-0.0202192588403706 0.0110963425642865 0.0694535570959673 -0.0296380380298388
-0.00465475147697371 0.0189777432369528 0.0539098073963041 -0.0348784763537145
0.0112587012857381 0.010090203590721 0.0238832398375273 -0.0397672941874579
0.0122371605603402 -0.00281008835019131 0.00548503490582714 -0.0373664969724515
0.00729913486639569 -0.00897136540896327 -0.00832270478220635 -0.0395254466558515
0.000330461034577394 -0.0116040255449702 -0.0147522722101518 -0.0366010734305451
-0.00248036433822929 -0.0119726536197275 -0.0093173916639156 -0.0318199632346219
-0.00249714318655394 -0.0119031115982092 0.00297844703511076 -0.0369688016697642
0.00344793521889351 -0.0150284651755951 0.0248040153543221 -0.0364559149139128
0.0127396874019589 -0.0127551018622363 0.0483934466852008 -0.0195381265780813
0.0224727399082577 -0.000613900079348753 0.0471866600444868 0.0207801509878028
0.0110303472097791 0.023031720595012 0.0160194041882146 0.0353530100123069
-0.0147694367591731 0.0212464454224363 -0.0125304186047915 0.008975611661828
-0.0225866191914406 0.00555343906849625 0.0270625698217763 -0.0295786785093094
0.00500844991270198 0.011175956838884 -0.0349573760366711 0.0391987360227088
0.00764936149623957 -0.00482085090329717 0.0227098989729022 0.00643514372313701
-0.00107297346862441 -0.00713298559947462 -0.00714728638103717 -0.0413197150646519
-0.0046586300225543 5.98667972142074E-05 -0.050141931122053 -0.0295444373952968
0.000402885550024967 0.0026115538201325 -0.0585183906240201 0.0168429207556502
0.00133747505901701 -0.000221460437576168 -0.0303997973447639 0.0445459224029105
-8.45154383387548E-05 0.000161069041263882 -0.00498480829644485 0.0439838554339356
-0.00013215396905247 -0.00330193517033796 0.00872945180931832 0.0383112518919163
-0.00210423538173553 -0.00448240176912145 0.015921435825181 0.0379246955526516
0.000964459024860454 -0.00746422669607539 0.0109426463952649 0.041090930735858
0.00731716509581404 -0.00454348039493119 -0.00398118795869549 0.0431697496435845
0.00887840238361954 -0.000127850105265419 -0.0231977385479015 0.0404318677446598
0.00927186172852569 0.00838983553608266 -0.0532082986472821 0.0331696876403787
0.00521235556155198 0.0148905666378884 -0.0730011778640774 0.0238901660590552
-0.0068436758357815 0.0182471730887089 -0.0721926995760558 0.0399426111426688
-0.0108687838872471 0.0273278042547661 -0.0360406562319793 0.0330522619340617
0.00473593577885869 0.0177907890158894 0.0244742617394525 0.00564356852792269
0.00977832691507212 0.00691923894679541 -0.00269385089897524 -0.0431619104466531
0.0117257642513956 -0.000973363495760818 -0.0481249331923601 -0.0355316366333027
0.0125165348042318 -0.00705658999645724 -0.0592698899476762 0.0121439008040611
0.00662364876495678 -0.0139332717320053 -0.0328749871485304 0.0400619264477828
-0.00253343671935244 -0.0140792953780988 -0.00788884584529961 0.0400743457327838
-0.0032274925540313 -0.0169505743361324 0.00714035195802418 0.0341750489562364
-0.00371937208436883 -0.0189920942209974 0.0162811690173202 0.0319891617262949
0.00817037863019308 -0.0249287630213342 0.0168113486026471 0.0358191951042709
0.0252518353328237 -0.014380958004213 0.00641151199182283 0.041780384666286
0.0310165537113979 0.00343496453022973 -0.0118577607998752 0.0455470063829835
0.0192336463650951 0.0312218839402129 -0.0439948819753337 0.0405276730334124
-0.00659576315092644 0.0426667647442854 -0.0636389765361335 0.0263510651170525
-0.0274138583142681 0.0376343042854035 -0.0613828593733962 0.0346773003355541
-0.0285510024050121 0.0388420708911625 -0.0287113371998441 0.0215284635339665
-0.00270931742910706 0.0405212462637118 0.0301288883143162 0.00197763275208795
0.0181521875852721 0.0250977395003067 0.00603227675657878 -0.0466411995936552
0.0291905775386178 0.00122081001056106 -0.0414612228925828 -0.0433843769936586
0.0254668429773037 -0.0146378969109473 -0.0567223854172692 0.00414970089266795
0.0123999786431892 -0.0266552196189431 -0.033224515232508 0.0304042682166598
-0.0038711911088524 -0.0264748636361099 -0.0104923384686738 0.0304428292292688
-0.00622159738817537 -0.027225024652008 0.00447938902508446 0.0254081196701197
-0.00611037084480553 -0.0294476564715601 0.0155493730150074 0.0210669705915532
0.0107507108280895 -0.0380231306435138 0.0229733261735063 0.0239262123615027
0.0355679999490797 -0.0255631287500741 0.0202847646731865 0.0338896519645234
0.0475474290711581 -0.000867704514727614 0.00478007674579235 0.0482221857349502
0.032913912003879 0.0436718072934589 -0.0297985677381435 0.0476959574141164
-0.00868550915645921 0.062768464059344 -0.0518657427508891 0.0280063535040815
-0.0395188612455684 0.0531258789506342 -0.0453222650275822 0.0246708991628011
-0.044148539122347 0.0440950728609757 -0.0131873947514016 0.00621545708178773
-0.0144931475570324 0.0586295662155944 0.0390390536102893 -0.0039092990884909
0.0212257998903181 0.0435299715131124 0.0185018883620437 -0.0482760656040925
0.0437552929739551 0.00678230463901853 -0.0292906773352052 -0.0500590628294368
0.0368710731252728 -0.0193372244139749 -0.048189514191401 -0.00718268549878382
0.0184433055413905 -0.0352158632726378 -0.0311174990680231 0.0160448974644706
-0.00385533850433224 -0.0357939231115439 -0.013536998913401 0.0163673433401111
-0.0079827714685324 -0.0346043592546758 0.00108961540727598 0.0131652326827304
-0.00799067780064157 -0.0348482739331661 0.0129707423119458 0.00721096200658923
0.0104486689003732 -0.0440964896409215 0.0263656626486742 0.00843395891986745
0.0385780967964035 -0.0334989204325461 0.0320887599130088 0.0200567346262925
0.0553243689992339 -0.00801644969241566 0.0222536691229979 0.0439229263141108
0.0428090314133495 0.0460736053966708 -0.0136937348507797 0.0500057903286018
-0.00659092426538845 0.0714624954129909 -0.0402986035526078 0.0254441784557939
-0.0450056245398081 0.0603963995495392 -0.0270706065699107 0.0102765408213264
-0.0528420165797649 0.0411571060239932 0.00899949347096104 -0.00994397395212828
-0.0269354007207918 0.0652877227465074 0.0500123361563742 -0.0113904881741613
0.0168137425593655 0.056212368944888 0.0330720541731602 -0.0463976409961708
0.0503227603556589 0.0153287424936552 -0.0116491659821896 -0.0523222448357068
0.0435079339482301 -0.0193431305654331 -0.0327696513833571 -0.0193895911435136
0.022243717065584 -0.0381343012459567 -0.0253890906992 -0.00176454532880895
-0.00326121115692519 -0.0395344721686493 -0.0145835492092604 -0.000277548048509703
-0.00902474562192458 -0.0363271793841161 -0.00208925395936717 -0.0014000731331656
-0.00849197439341227 -0.0347955563517854 0.0100076497490678 -0.00759872793131034
0.0085926455335589 -0.0439027412398158 0.0271469199866405 -0.0071159865022925
0.0360832358903162 -0.0351668278082385 0.0392622550284574 0.00525235523108977
0.0539082863652572 -0.0117095631467501 0.035076174943726 0.0363781210682821
0.0442080678359104 0.0430353619481689 0.000240456062883854 0.0464662648508793
-0.00590738231140098 0.0690655655286374 -0.0301399204542906 0.0204360700130326
-0.0442066464744725 0.0573188234443502 -0.00980255495093765 -0.00513723541046337
-0.0510135391406968 0.0308322152172038 0.0338208403173906 -0.0249850905884658
-0.0336714163289504 0.0572937348858877 0.0603067982926561 -0.0186290934937677
0.00819375902453126 0.0564244769581462 0.0449045522104822 -0.0418140189912148
0.0448524878878537 0.0207821299559733 0.00624021589557644 -0.0487861734366974
0.0417249663146257 -0.0149179837831966 -0.0152958715265314 -0.0283322468344926
0.0217594024193496 -0.0335916398438545 -0.0179005656773123 -0.0188148042154605
-0.00165588900152103 -0.0360949860748183 -0.0151426351133372 -0.0165817784806764
-0.00822125529630551 -0.0328270594475189 -0.00528141409143715 -0.0148983167741095
-0.00783592582195926 -0.0306447999151617 0.00655617106798629 -0.0204125312414402
0.00669129996888593 -0.0375179138764466 0.0254361151968841 -0.020249961326511
0.0303933540550337 -0.0303385346360727 0.0434457323755502 -0.006993774105284
0.0462824256714254 -0.0096416615092131 0.0416570859903211 0.0281469212782253
0.0366817825892219 0.0384498465444424 0.00888744682763622 0.0416371104186532
-0.0087077147314387 0.0574490497759151 -0.0227761376834204 0.0147728349598365
-0.0406027163077458 0.0450146188507624 0.00529637871658731 -0.0184064238058038
-0.0384543189240262 0.0152038273580114 0.0552553273909798 -0.0358840689641234
-0.0320217649957148 0.0374640284021375 0.0679431039978203 -0.0237868123385817
-0.000218691172409968 0.0425587763735715 0.0523339346442755 -0.0359525638132755
0.0301746218702944 0.0187833630250641 0.0193447986809187 -0.0431761266927949
0.0303193328105287 -0.00887032753713758 -0.000267316522015453 -0.0341399644470695
0.016653801103947 -0.0231855860785757 -0.0112081922950363 -0.0327863510416779
-0.000574951276565652 -0.0264554667617217 -0.0150454671399602 -0.0299968691012528
-0.00611188058525729 -0.0242099084463275 -0.00765180811446356 -0.025080460210094
-0.00555559492219249 -0.0225149539467451 0.00437519515581821 -0.0310267506851155
0.00562959023584806 -0.0277570680702076 0.0245945621378243 -0.0301054635984796
0.0231514490755363 -0.0223587422139 0.0455161906097967 -0.0151122463162179
0.0356743050397012 -0.00500395992825517 0.0447679198998142 0.0228074031392015
0.0242145710145602 0.0318664757500925 0.0133192587192544 0.0377285586814245
-0.0136606692778054 0.0407025413744291 -0.0171516119264067 0.0105611198466857
-0.0336915242180425 0.0264699906583504 0.0179939505535394 -0.0263510550088454
-0.0182490888838613 -0.00235450426787193 0.0680520672034043 -0.042227762813924
-0.0206689939594476 0.0103172127247907 0.0703355581253138 -0.0282587860886465
-0.00484455839053684 0.0186874237623902 0.0547120919032318 -0.0337745454595691
0.0110137721540884 0.0101623364012129 0.0254067814718766 -0.0395408871310729
0.0124557064742349 -0.00267064615396212 0.00688201122040832 -0.0379721017402145
0.00765653282079633 -0.00850670005819382 -0.00866200267409 -0.0398101058683418
0.000544141025359558 -0.0116556437381079 -0.0147918902328378 -0.0368950342216097
-0.00269797132843633 -0.0117296147171944 -0.00885791504211667 -0.0317427839343924
-0.00213641337995857 -0.0119292815571888 0.00365969570146944 -0.0375675212507673
0.00360291160967723 -0.0151313898170828 0.0256575807127489 -0.0361687414815089
0.0132978779039658 -0.0129628928929583 0.049038746288592 -0.0184876134404215
0.0223824954739426 2.70367346721519E-05 0.0470486195229142 0.0212669855002569
0.0107263161304594 0.0232912785345627 0.0148285664782665 0.0358149407801706
-0.0152636908297563 0.020830013929458 -0.0133565823732642 0.00903771159102761
-0.0226648105589417 0.00543563579125148 0.026933599860572 -0.0287763598065489
0.0110679099616514 0.00685152557894945 -0.00415859271256603 0.0530480337238807
0.00358941920862852 -0.0081979508745296 0.0235219038576585 -0.00921270989606525
-0.00501991461195847 -0.00522510139436481 -0.0302168900249721 -0.0300632210675493
-0.00392608934613866 0.00313085682650424 -0.0597751758956082 0.00533402954092765
0.00210204585242044 0.00185679118582374 -0.0382050844577905 0.0491823553113691
0.000800705666286657 -0.00113233220451611 0.00211327062774202 0.0546478664160675
-4.9677969189286E-05 -2.26324702681398E-05 0.0232867622823404 0.0393097821398584
-0.00234224803795321 -0.00271178595767459 0.0309282552397684 0.0256341014733595
-0.004170616138261 -0.00243236594980885 0.0368283220800549 0.0208590336620184
-0.00374817589002657 -0.00687443034749143 0.0346974574378549 0.0274960696139083
0.00348010231173201 -0.00855338156103983 0.0233608061763742 0.0383856449788836
0.00755598879659025 -0.00500696953747759 0.0049914560315696 0.0473640738577935
0.0136076476538294 0.00246747076430301 -0.0239419995521321 0.0604338326542725
0.0129010626471498 0.0103425020569665 -0.0458214470410065 0.065890178115717
0.00453962943118967 0.0199571711718586 -0.0360000532241554 0.0775134027638235
0.00617809779605592 0.0296203656620547 -0.00732227777760144 0.0493244886279785
0.0138288132482008 0.0117665875128279 0.0251296447569174 -0.0100943514665396
0.011956428950917 0.000126589529214034 -0.0268296326402707 -0.0343949514011342
0.00828800915024643 -0.00734014804662156 -0.0613773880162262 -0.000991903517056061
0.00628163538727191 -0.012647044358682 -0.0413662249128665 0.0454425675078406
-0.00319741240805705 -0.015277444505777 -0.00263520865551961 0.0515305991358431
-0.0101474052025326 -0.00985093236706009 0.0177785850762547 0.0374763654520426
-0.0132518638906982 -0.0115592531509744 0.0270155254091727 0.0234764288468494
-0.0146117233862505 -0.0136445590374518 0.0333318028908893 0.0162312960448907
-0.00852110689110464 -0.0255063091739601 0.0365958736528745 0.019710414872895
0.0122447009513749 -0.0278095659264594 0.0306285909073138 0.0304947785753329
0.0284975165953368 -0.0155451163424434 0.0176870795639404 0.0450941498425545
0.0361768972005467 0.0157846329171857 -0.0118093428398987 0.0607090348134139
0.0206428817050123 0.0411696402337594 -0.0371198320618233 0.0616661027139831
-0.00071631072494712 0.0498088144860262 -0.0303068474408951 0.0658058777597119
-0.0025855303718313 0.0494552210804643 -0.00743286158528314 0.0365878036323067
0.0205029841893249 0.0342117357442636 0.027692892634139 -0.0154178446591355
0.0289858134698814 0.00984084765204847 -0.0205924041875722 -0.0423387563491261
0.0235775404164672 -0.0154447106212661 -0.0595457394765051 -0.0121964455847553
0.0120957012467081 -0.026710414926821 -0.0440868357357048 0.0365974633806514
-0.00534003569367676 -0.0289583899091845 -0.00891246957992903 0.0441961039527913
-0.0188025743325655 -0.0190796991592854 0.00932422612931347 0.0318559721420236
-0.0216861743237386 -0.0190295834767531 0.0192383522271683 0.0184006234653541
-0.0228733857827856 -0.0209334293529199 0.0261635020889505 0.00791425190992896
-0.0139835106142746 -0.0380366022982823 0.034313978421107 0.00559297882452361
0.0140905014243283 -0.0435216253883992 0.0371896544642321 0.0156209846604475
0.0402071483494272 -0.0295425492028226 0.0329711898105668 0.0365237633524123
0.0565431824103127 0.0172895137786195 0.00391428661921704 0.0575324757064997
0.0319118113191136 0.0595587127162478 -0.027371126072948 0.0555024704373836
-0.00145516432263193 0.0711657519988988 -0.0232761213846682 0.0462882241721733
-0.0132234610353234 0.0617789825297301 -0.0027056666757583 0.015861997590817
0.0212884430124183 0.0554096019179627 0.0316925351937083 -0.0249303048619114
0.0422886246743846 0.0236873357455834 -0.0101537689117594 -0.0512018710951316
0.0387085306524472 -0.018564732504975 -0.0524574048497627 -0.0256919093717223
0.0190158966902805 -0.0375564787890771 -0.0437994936176135 0.0216111225127743
-0.00574854345690484 -0.0398147910563067 -0.0158032333304205 0.0306245318755154
-0.0242001045233641 -0.0265134475500708 -0.00154545574060018 0.0215073976319695
-0.0274403088908144 -0.0231805582949884 0.00934395196217649 0.00980455817549465
-0.0281981969730887 -0.0244932936392194 0.0153411850260138 -0.00199907467190619
-0.0185547819170841 -0.0429378932347366 0.0272729791066565 -0.00883459703430798
0.0117251265643355 -0.0523622478440637 0.0383503159261052 -0.00237174782235992
0.04197485046621 -0.0402609659621359 0.0447855565537399 0.0230973280024413
0.0667913565188971 0.0125997401887578 0.0189701464320626 0.0487975993302899
0.0394633914814829 0.0652492883756842 -0.019567101146043 0.0464406003932823
-0.000732863246750165 0.0800695861766834 -0.0175427706104141 0.02255534968275
-0.0218778057306527 0.0642061668941585 0.00449195062742014 -0.0105955532539246
0.0154586621881533 0.067523917127893 0.0356797067157968 -0.0365670217094443
0.0463941353234916 0.0360971241432509 0.00307826688143189 -0.0575467042678263
0.0487066242827392 -0.0159252490156161 -0.038577091365227 -0.0381585084050691
0.0244095830391912 -0.0410598450478517 -0.0380448719237221 0.00249732814663594
-0.00419530052536582 -0.0445769691935446 -0.0219276720047529 0.0129229585409795
-0.0259065046654294 -0.0297684794125209 -0.0132610343042616 0.0085691399941931
-0.0294140703917865 -0.0239929273142768 -0.0023416783580533 0.000127214035025317
-0.028863260388276 -0.0235464717390934 0.00465970842863047 -0.0117820302029702
-0.0199607557845044 -0.0417067057610261 0.0183288591681644 -0.0221499883408848
0.00804933918049271 -0.0520677547796442 0.0354830513201843 -0.0197720744680511
0.038578393719485 -0.0429674758038924 0.0501837595340734 0.0084971285177393
0.0657308070171238 0.0094874697910814 0.027992839296917 0.0379245441762979
0.0382428709194749 0.0624393669053388 -0.014485794259998 0.0360195375883139
-0.00196689978133677 0.0769861990861796 -0.012965665772618 -0.00112558500646232
-0.0260717439408057 0.0546728649004534 0.0157319502066683 -0.0377059300979017
0.00509405649512714 0.0652493028873231 0.0399610022981681 -0.0491679544587104
0.0392582650354846 0.0414205753215049 0.0160149895987139 -0.0601669958515584
0.0478854975966132 -0.00899091946357054 -0.0216882418811366 -0.0459687210370952
0.0251274535061377 -0.0363913796554851 -0.0292704330084686 -0.0159944890965821
-0.00211219765615376 -0.0406379031749107 -0.0265243103071961 -0.0056873269483278
-0.0230397560953039 -0.027312806410302 -0.0235740561240361 -0.00478635607377528
-0.0269689870009093 -0.0218494321170049 -0.0134998813307507 -0.00918483087517954
-0.0255006063103118 -0.0204552032935278 -0.00663894926138054 -0.021004586147349
-0.017297726000526 -0.035821903016567 0.0089706074781458 -0.0325153307259192
0.00653078223115079 -0.0447972901868028 0.030920598182746 -0.0325272208126547
0.0332472612365377 -0.0368704524483561 0.0512925701738298 -0.0023137504652173
0.0559977152366524 0.00973992461462315 0.0321001988371276 0.0283173523470359
0.0281338194838864 0.0546128878966155 -0.0112475290817538 0.0265598302790784
-0.00601471487298148 0.0637177589689345 -0.00810200905894738 -0.021192970624444
-0.0236408966240443 0.0342177338069267 0.0252353589086158 -0.0602786950880315
-0.00480059615124829 0.0475850294573058 0.0422735039724094 -0.0581364422788133
0.0243824811595671 0.0346362751137775 0.0245529015944908 -0.0599484093656815
0.0348557905246663 -0.00241960913775358 -0.00750780540111258 -0.0483273576728873
0.0192829734105552 -0.0247650126551336 -0.0205540977384504 -0.0292304858024679
-0.000126411420149254 -0.0285846977244386 -0.02897459942132 -0.0204127337616808
-0.0160373052997517 -0.0206797330322667 -0.0314455677349728 -0.0152421104866091
-0.019908840120036 -0.0158344428688646 -0.0213335611441779 -0.0163772141375861
-0.0183023038018461 -0.0155845059943461 -0.0149655508079925 -0.0280805399126373
-0.0122726378856484 -0.0265757257084909 0.00228589147821593 -0.0401214008276226
0.00534666063098504 -0.0332278942329293 0.0283809695335558 -0.0400290964355737
0.0270140225146556 -0.0259399783581341 0.0511757101396522 -0.00822638069940152
0.0413751354507596 0.0122503860268596 0.0332850192032348 0.0220834352207481
0.014345183955105 0.0431375979620892 -0.00862875044033175 0.01947066238086
-0.011892974234714 0.0434604601391354 -0.00195136041107405 -0.0347582533744746
-0.016593584297677 0.0080263738117133 0.0306554005272694 -0.0744831665824314
-0.0106227400625144 0.0197413815770454 0.0406380161784191 -0.0633808909575046
0.00686532358112443 0.0175102906820903 0.0264888019776957 -0.0599909152372119
0.0144002619842103 0.00149295446109356 -0.00127000286586806 -0.0484350892739578
0.00845237079681338 -0.00912012542368828 -0.0171187552336429 -0.0355872058847657
0.00123401133835722 -0.0115056940473607 -0.0314989173052728 -0.0273204941339878
-0.00650897994074176 -0.00954378834994382 -0.0355812281777754 -0.0206056455305061
-0.00952507783396168 -0.00821794984028762 -0.0263336134248055 -0.020472650533986
-0.00929239463703404 -0.00859258539916631 -0.0195628732253247 -0.0326788700721729
-0.00642165142159845 -0.0149262728376971 -0.000622194178908875 -0.0452328338716624
0.00376997605057329 -0.0188444110266783 0.0282280078984981 -0.045318145707735
0.0191411451655392 -0.0138212956698791 0.0515697351376902 -0.011144886375531
0.0241151232718499 0.0134604319341554 0.0340091979108609 0.0196725950658545
0.000142450551799746 0.0273813110420307 -0.00594773397395886 0.0155392102507508
-0.0157794469435392 0.0187273727517536 0.00465503430228535 -0.04184859148981
0.0117978441866757 0.00678111922206316 -0.00264135499492455 0.0547860097666842
0.00342411557814381 -0.00853480809631951 0.0250533983398456 -0.0107791104611842
-0.00539736111190367 -0.00546525016206305 -0.0312129541251864 -0.0304521138453463
-0.00394926812096938 0.00318269011941384 -0.0613590658010259 0.00708157927197089
0.00179886280788761 0.00190735626956733 -0.0384765485299243 0.0521091610694816
0.000932592190754682 -0.000920675560284692 0.00334296377334939 0.0564403060783484
0.000243395665475438 -0.000370865777427527 0.0251495241987899 0.0394322976636452
-0.00315673616935553 -0.00301035573109099 0.0323438324905142 0.0256214208329288
-0.00443459449743709 -0.00245357994321659 0.0385347200232716 0.0198806615261249
-0.0039847329446447 -0.00731615811036239 0.0364204077691607 0.0273458125088297
0.00347006653524977 -0.00881972772095791 0.0251848117763444 0.0393562310516641
0.00781808423113864 -0.00577031546838768 0.00561602393537855 0.0489143964302197
0.0136788411178492 0.00235396160125681 -0.0240157118768347 0.0634149125813946
0.0131128464534193 0.0105433063913056 -0.046213659492611 0.0685292829982982
0.00476970168212811 0.0213604906754319 -0.0359974140984616 0.0805788348584366
0.00654751240516197 0.0302920797207779 -0.00605594108513333 0.050898999155449
0.014717299755106 0.011752619335113 0.0259651143965193 -0.0116080977998273
0.0120361809014089 -0.000150884149721141 -0.0280016306615209 -0.0351812041991978
0.0084423877916752 -0.00788463422520272 -0.062958205989715 0.000299512270135419
0.00611560607366458 -0.0133134619515823 -0.0419767334834638 0.0479003489086694
-0.00401415260594405 -0.0153508159597001 -0.00155354300089283 0.0533823528854276
-0.0107502051922651 -0.010095338049419 0.0195081327493963 0.0383707370794617
-0.0143310378931826 -0.011754871809685 0.0287522296678445 0.0235173655223148
-0.0154024782512257 -0.0134390855209792 0.0352758539449318 0.0150480923258827
-0.00905034849990092 -0.0262261002378574 0.0380414248572671 0.0191478134844095
0.0118512386765419 -0.0293230719743711 0.0326329084188268 0.0311942075166553
0.0292992592303963 -0.0164807855001555 0.0189337775167515 0.0463128768380806
0.0382476054819124 0.0158147324991701 -0.0116066479711553 0.0630656475204316
0.0220417010490643 0.042005940550588 -0.0374141613688602 0.0646677829463736
-0.000476469750943326 0.0524559641094913 -0.029658100554565 0.0685513667652457
-0.00179683539394058 0.0514396217219026 -0.00662728414954368 0.037899067928943
0.0221777997974355 0.0347265230208606 0.0285499185603546 -0.0169306820864348
0.029973392163577 0.0100402261228912 -0.0213993988290973 -0.0436273350151808
0.0239936831330516 -0.0162551774735014 -0.0619224026401142 -0.0115769126565149
0.0116527347883616 -0.0281232159603038 -0.0447489238985733 0.0386457808052842
-0.00663224101822267 -0.029689803594992 -0.00847116736127471 0.0454254654030878
-0.0197605354127411 -0.0193104400981002 0.0102422025334407 0.032590942704786
-0.0234629107712153 -0.018809260509474 0.0206479681715656 0.0179783350970357
-0.0245668086383639 -0.0210333496604924 0.0278193492102684 0.00721344413820908
-0.0158200462279556 -0.0394280084890428 0.0355591856708572 0.0049427995199076
0.0131893436035752 -0.0456153304215712 0.0389609354132421 0.0151435242557051
0.0405800602546752 -0.031176372702362 0.0346372986568049 0.0369340311991104
0.058782627801144 0.0167827877398148 0.00488285909212339 0.0597489016873385
0.0345329130657951 0.0608240429723302 -0.0270171696302322 0.0576396353224804
-0.000920169043953505 0.0739145438943812 -0.0231058110100552 0.0481017702889129
-0.0127187222904589 0.0648938180879725 -0.00304374944642068 0.0163283169490769
0.0235160410255687 0.0568513718636346 0.0326415425564545 -0.0268464658873907
0.0441839112671638 0.0237628940959019 -0.0109040807092062 -0.0527177770705853
0.0399350466058737 -0.0195795399552585 -0.054409190748814 -0.025706809245167
0.018408230899237 -0.0393688190305586 -0.0445655767347369 0.0229656943340789
-0.00743674866951753 -0.0409194553272882 -0.0160705711054334 0.0318827429591616
-0.0254784981257874 -0.0266180052255697 -0.0015075400792405 0.0224951373381571
-0.0295085609148299 -0.0231465345584873 0.00958558029376082 0.0100604508758055
-0.0294198401194648 -0.0241762274788181 0.0170729654009617 -0.00317403906063832
-0.0213650224874664 -0.0444104108353052 0.0282953239922257 -0.010228518096356
0.00993249571639293 -0.054747711941585 0.0401893498615592 -0.00403280013522809
0.0422057952394771 -0.0425830634945079 0.0468624301907083 0.0229065157773228
0.0692952826165056 0.0119630031651725 0.0195216781553365 0.0504858540406954
0.0423673934961914 0.0672800570811468 -0.019615559490635 0.0481414262692197
-7.23718816885398E-06 0.0830189081405563 -0.0178442721952677 0.0239641223922219
-0.0218093123086936 0.0675279282936341 0.00537855754249496 -0.0110066090397276
0.0173538913489401 0.0696021683231177 0.0366946257484661 -0.0392696231160073
0.048548926817936 0.0373178072250194 0.00298605069460745 -0.0595342374071432
0.0502158169783637 -0.0172061994918654 -0.0403658731254206 -0.0392567318505628
0.0240720875909105 -0.0428525494743303 -0.0393808819440867 0.00263827989699126
-0.00562365335899215 -0.0458369353147267 -0.0229135227371926 0.0137116210403303
-0.027609648052738 -0.0297304842811521 -0.013512094929692 0.00955508103180248
-0.0311827028220083 -0.0241263339977695 -0.0023142842800324 0.000155377843956367
-0.0302516149592512 -0.0237739337830247 0.00440134130833179 -0.0130835086261315
-0.022042607014644 -0.042592888935547 0.018707509952442 -0.0242735871455674
0.00689219732241898 -0.0545078267476247 0.0364862854598657 -0.0212818499816584
0.0387635128450231 -0.0452822045013531 0.052591787069963 0.0075921787345017
0.0682155564833756 0.0078035133836779 0.0290910168132167 0.0388129893064872
0.0408975969135446 0.0639910841572617 -0.014173083567481 0.0372085099554162
-0.00123538610146872 0.0797927587300825 -0.0130535328271511 -0.000371655892781863
-0.0260706612368798 0.057136272241863 0.0162360571830652 -0.039469786092571
0.00685421116585526 0.0674697249114675 0.0401316323215568 -0.0517637699972043
0.0414734366947513 0.0419110792076829 0.0161639801788991 -0.0622743712433946
0.0492737439296481 -0.0100883153641008 -0.0226432128916458 -0.0469661946737125
0.0248895908021798 -0.0381330833314678 -0.0298380525612945 -0.0163548824411456
-0.0030571815547592 -0.0420235810506516 -0.0278652853612766 -0.00525055074118038
-0.024268774754886 -0.0279169094215153 -0.0247259186527118 -0.00346049482799093
-0.0279348246577708 -0.0212314469328374 -0.0136509632114997 -0.00868204479559189
-0.0264531360514062 -0.0202681709561727 -0.00712367816513957 -0.0214867952710415
-0.0190249339416464 -0.0365457322214439 0.00826820818996163 -0.0346858528204338
0.00578552380687643 -0.0462278171284615 0.0313996361057393 -0.0334805229519764
0.0327265199338611 -0.0386262821176122 0.0533849120866505 -0.00358859531789256
0.0580395440440027 0.00866763130725944 0.033257695218722 0.0286102593737774
0.0306403764783623 0.0557575657633785 -0.011802320155004 0.0271917326036301
-0.00555450036505195 0.0658000300295069 -0.00914600041351096 -0.0208067496185109
-0.024256321517007 0.0364576424950489 0.025244846663039 -0.0631443677593359
-0.00372822052723059 0.0498167260614423 0.042198984275812 -0.0605116907760454
0.0260929182042305 0.0351060952605191 0.0246513847494116 -0.0622159792925405
0.0362868323933378 -0.00316990316537648 -0.00842857352048628 -0.0495906560804038
0.0194606705518264 -0.0261011494543631 -0.0214452514400083 -0.0304564354327019
-0.000680767709540266 -0.0296477949023732 -0.0310366692884727 -0.0205569066386614
-0.017011398687245 -0.0208825091116964 -0.0328210982718233 -0.0138139964438685
-0.0207647273379092 -0.0155785464153632 -0.022756922956956 -0.0162377962475801
-0.0192506648699991 -0.0158919208395049 -0.0160458205742203 -0.0285138283944549
-0.0132992098684394 -0.0270865162767914 0.0017312289390469 -0.0416648750689048
0.00490655167635927 -0.0346364153439165 0.0281787855909077 -0.0423893254248662
0.0268925465907636 -0.0269228984795565 0.0525887005804751 -0.0100777143162544
0.0428350160065711 0.0115158607943819 0.0343696004509195 0.0220636966443203
0.0155985935769826 0.0444882254778923 -0.008717259181513 0.0203477302769127
-0.0115089451185444 0.0453036084123038 -0.00295935881392754 -0.0356473406695963
-0.0172235175839425 0.00858056633094626 0.031025835904959 -0.0780958954520114
-0.0103463843305885 0.0207691213814453 0.0407630853544122 -0.0661581216316053
0.00756997257269535 0.0179001657968907 0.0266285071117354 -0.0625651802360145
0.014860352204408 0.0012932017420599 -0.00166132066367068 -0.0502235615565622
0.00821578416367657 -0.00977040207559864 -0.0178679481449288 -0.0375838520950628
0.00138169590210338 -0.0121803424717544 -0.0330483622907046 -0.0275835810100223
-0.00735695581476435 -0.00974130772134493 -0.0376249044964865 -0.0192950357238983
-0.0102877222349537 -0.00769307043333753 -0.0281380618772009 -0.0206489126683312
-0.00967425059040256 -0.00871676160113336 -0.0206198430271743 -0.0332944959159798
-0.00707693256604749 -0.0156593068674449 -0.00186746956132946 -0.0469270753264481
0.00341053267795097 -0.0196629954779496 0.0281875293849882 -0.0471508897975087
0.0193102494443912 -0.0146148923174668 0.053347536389653 -0.012607701318166
0.0254599994663934 0.01316456297879 0.0345000788127888 0.0199425101342997
0.000900394282252704 0.0286323407601268 -0.00607623473274871 0.0164200441535739
-0.0156884657706011 0.0193508955736855 0.00355501198867755 -0.0423595623849413
0.0120740540753766 0.00635843270865136 0.00030825672274983 0.0562528469998389
0.00294313357953382 -0.00898444796038318 0.0248396496003809 -0.0126459263621939
-0.00560923848169713 -0.00547503965378931 -0.0332402603893583 -0.0299864279008893
-0.00397609339831339 0.00345800819770085 -0.0622558052353176 0.0100300532285024
0.00229071054985666 0.00193374654942152 -0.0367774180840444 0.0551756040089158
0.000484969956106059 -0.000995866478061396 0.00577656424650954 0.0569737447182667
5.0360633428271E-05 -0.000665152678884676 0.0271456763372185 0.038567662888187
-0.00328370484662323 -0.00268327996250955 0.0343477808369903 0.0241258897526588
-0.00466413468550258 -0.00260494735751164 0.040466616910134 0.0184363099471166
-0.0045873075802525 -0.00710518635141067 0.0394818678851507 0.0260529439186979
0.00346048486083471 -0.00943073767337582 0.0272300296336552 0.0393109292426096
0.00796650146158441 -0.00560414765086324 0.00700025203548485 0.049804747385609
0.0144420067315483 0.00131260606711738 -0.0225987403924075 0.0657462077292817
0.0133744057701636 0.0102283996487281 -0.0444866028478467 0.0709354793563797
0.00569639239266808 0.021930817427866 -0.033721965433332 0.0833994029351646
0.0078554815602674 0.0312593147328687 -0.00388950542577598 0.0522768289813071
0.0154064862482543 0.0112897490520412 0.026388802116254 -0.0135403662594598
0.0122318684277289 -0.000378477225614574 -0.0293780258910921 -0.0350961952167894
0.00826070463264436 -0.00799863537086178 -0.0641713879561222 0.0030911849562335
0.00565620217656531 -0.0134621077038099 -0.0408587359072165 0.0510256147158824
-0.00475039781150894 -0.0157769062227663 0.000588442178972059 0.0547099188677924
-0.0112728656680047 -0.00956327906334488 0.021324679360537 0.037814381481633
-0.0153729901384955 -0.0110008952008674 0.0302820394820325 0.0222569933328546
-0.016202441765625 -0.0129148803659893 0.0372016452812776 0.013172626315988
-0.0111379019882858 -0.0263445245721123 0.0402316454592364 0.0175584443334907
0.0105822906894656 -0.0304034413507988 0.0353240385426423 0.0304951846417804
0.0290370314611026 -0.0181082810615305 0.0204413535881826 0.046580134638878
0.0395209011728523 0.0141742483029998 -0.0102259783504166 0.0652968485620374
0.0239942927473642 0.0420695342067549 -0.0350915834183976 0.0670741720584102
0.00118243693460464 0.0538813484514805 -0.0281125675761522 0.0704274692010905
-0.000109747550442502 0.0523612253490347 -0.005149681135593 0.0386088894550409
0.0240574425655284 0.0347945283881891 0.0290319510554941 -0.019373792451832
0.0307074376918353 0.00933371390162141 -0.0226023293148974 -0.0434991892526319
0.0232466060685257 -0.0174052634807603 -0.0633586211424062 -0.00881790814913467
0.0104510829558326 -0.029120072216468 -0.0439137825430667 0.0412001647515532
-0.00846410209283579 -0.0301407116073785 -0.00667308521076714 0.0470308853665938
-0.0208442900845554 -0.0187710095732973 0.0123008200636755 0.0324693362721205
-0.0243019237608773 -0.0179163566279352 0.0218924583194701 0.0167983012202007
-0.0256655640917645 -0.0199418728158808 0.0287106530878497 0.00506947273031738
-0.017897161425588 -0.0388057555848534 0.0363709060675286 0.00300562134819701
0.0111432355936033 -0.0473063026634475 0.0409876930202682 0.0137795371639091
0.0396965704922653 -0.0332213278265634 0.0365637992653746 0.0361568540259412
0.0607342185281468 0.014679904696202 0.00659766054369928 0.0602558893379909
0.0374379140764657 0.0608438080700348 -0.0257930492390571 0.0594019868470377
0.00123890310739604 0.075671722563029 -0.0219771853627325 0.0499965868955242
-0.0103077921064149 0.0667977875253159 -0.00197097900237933 0.0166075986523401
0.0262049046440433 0.0565525740723742 0.032329942278954 -0.0289367744776417
0.0458568657443955 0.022499814809096 -0.011873795878383 -0.0531833152321002
0.0394683276661157 -0.0219997907981228 -0.0568196364047724 -0.0243546781750155
0.016708072621783 -0.0414005041062475 -0.0440577725092217 0.024888125737225
-0.0102045544557825 -0.0415266298257337 -0.0151889015285693 0.0333001357117252
-0.0271302256012725 -0.0256860745615677 -0.000136887946495925 0.0231909323744841
-0.0309176415714072 -0.0218689404959874 0.0102003561798279 0.0089608918930674
-0.031024402854219 -0.0225187776442352 0.0172548056609271 -0.00436721865292135
-0.0234639717209694 -0.0441139187391581 0.0282416966321733 -0.0123456454626104
0.00773589885115413 -0.0558060852276213 0.0406991656989326 -0.00524234482768253
0.0407619869798357 -0.0449547175864353 0.0484560600443777 0.0204278567063373
0.0713448520262536 0.00896924178510845 0.0218324020877141 0.0508459804147639
0.0461217258542744 0.0667165488556373 -0.017973370772981 0.0495971164477656
0.00251819391629283 0.0846477522702135 -0.0167893168941669 0.0255015738517182
-0.0197510177963293 0.0701239043179784 0.00494116778721073 -0.0116186433174715
0.0210805226324289 0.0700865149526351 0.0353678400597786 -0.0416900489776699
0.0513420393234158 0.0357102366559516 0.00159554055736019 -0.0608153086847413
0.0502625520565125 -0.0197386143292731 -0.0427041577999566 -0.0381766754639724
0.0224763756604112 -0.0450480440357169 -0.0394409441781109 0.00401099752148297
-0.00862313200539082 -0.0465369653151549 -0.0227913022692172 0.0150136035217125
-0.0289195925739261 -0.0284211008724694 -0.0130961570128161 0.0109678208050633
-0.0329773437083131 -0.0226224311752678 -0.00275372424833366 0.000282455505246806
-0.0311400473513154 -0.0220158326005558 0.00392583756303581 -0.0138454095488746
-0.0244333938955476 -0.042907157170798 0.0174435687007331 -0.0255772694509318
0.00400511248432893 -0.0553618610807015 0.0363940520468236 -0.0231466478181417
0.0365302978198041 -0.0474204939429792 0.0536996809176222 0.00525206528829153
0.069676647130335 0.00497010050711548 0.0310072934472316 0.0384039842973984
0.044287925987253 0.0636234450722287 -0.01330136050009 0.0383336386764968
0.00113987505540399 0.0813914551817355 -0.0134242234972872 0.000103816625420949
-0.0247759618557925 0.0597561957343886 0.0146920785575772 -0.0407279474676974
0.00960579803950505 0.0685350849055033 0.0387402051771914 -0.0540519571418767
0.0439850087940214 0.0408843761893961 0.0144791997049742 -0.0637402154590485
0.0497738693025681 -0.0124920852511601 -0.0246023426000932 -0.0477366976616133
0.023608401473191 -0.0404036137740468 -0.0316229822276795 -0.016050819870867
-0.00557026508347673 -0.042674857839397 -0.0286667263787089 -0.00416000713418375
-0.0257897446415508 -0.0269305018050215 -0.0253635472036865 -0.00155820703158077
-0.0294075155812738 -0.0199994548183826 -0.0146115384270138 -0.00804843850608949
-0.0274076507903619 -0.0192702660843391 -0.0084465445335082 -0.0217483758327282
-0.0209995206339515 -0.0363429736483566 0.00675820626826436 -0.03584949093486
0.00316854782580211 -0.0473829693953731 0.03086294716342 -0.0356587074453028
0.0317261155165227 -0.0408981648800972 0.0535982828253351 -0.00639419660413781
0.0590262210424054 0.00601245874944622 0.0348182021798019 0.0280142361622403
0.0335058374342814 0.0558695011770028 -0.010965217615699 0.0282702677721415
-0.00345693297030954 0.0674493768098579 -0.00984978646473165 -0.0202857563535496
-0.023346967731958 0.0378871007631826 0.0232486446280297 -0.0651203666521921
-0.00175115919636612 0.0503231743631749 0.0407071921779993 -0.0630065497496545
0.0279522142848096 0.0343597401292767 0.0235692300896135 -0.0643709483703717
0.0364518579887853 -0.00511920858491563 -0.0095873783783094 -0.0511814678866587
0.0182436410988624 -0.0276250012315689 -0.0229312024510397 -0.0309030588044643
-0.00247460007324246 -0.0304895582917683 -0.0326733244440021 -0.0192351400645517
-0.01833281347488 -0.0198465457091808 -0.0341796916979985 -0.0118738576529731
-0.0222747412548121 -0.0145735405382711 -0.0241478730593644 -0.0148242912278826
-0.0202550414026752 -0.0143241690525457 -0.0173229938370345 -0.0282544287719491
-0.0146716550402104 -0.0268076047254285 -0.000360182214053451 -0.0426106055787904
0.00311653839512411 -0.0347113161943082 0.0273861917023191 -0.0440122928865377
0.0262404084385104 -0.028513121585979 0.0532268844864369 -0.0130795660951428
0.0440272477926789 0.00997694705208708 0.035656488051983 0.0213183311545948
0.0179934131602284 0.0442998236430715 -0.008691956841848 0.0213563364094548
-0.0102914011096001 0.0463888032838256 -0.00446489534748257 -0.0352767212457569
-0.0171208115614836 0.00973617528678278 0.0285356457798887 -0.0804671063528867
-0.00993222755296401 0.0211129671917747 0.039272541311543 -0.0685549598199197
0.00856491653888467 0.0176430265083346 0.0254817719727607 -0.0647049045032293
0.0152622961582335 0.000254668030066254 -0.00284992043371066 -0.0512354493748624
0.0077286957027427 -0.0104913338605788 -0.0199066070970032 -0.0376572422318592
0.000590018403185703 -0.0125795946662794 -0.03518203254416 -0.0265619945441221
-0.00797291475637476 -0.00923603319767345 -0.0391018706696915 -0.0178840826391742
-0.0105176483655737 -0.00738736920467985 -0.0293363543913782 -0.0196570244597931
-0.0100815274172835 -0.00819881506136086 -0.0226975953314782 -0.0331514177640086
-0.00824174611575772 -0.0154585508513817 -0.00408052047086979 -0.0473305788577705
0.00253103799737605 -0.0196010822058639 0.0267175065941297 -0.0489204012498958
0.0185422088336568 -0.0154151263490423 0.0532403432594901 -0.0154549993973386
0.0260286365519219 0.0120833923864408 0.0360481265257077 0.01909443131709
0.00183466681291062 0.0290578225719026 -0.00581327556163828 0.0172838660226806
-0.0152567858723013 0.0201086041781464 0.00200451059229185 -0.0425041096609625
0.0123992434428667 0.00570695571212312 0.00293113619888057 0.0551831033732546
0.00258966176131693 -0.00880892255982608 0.0246288187764101 -0.0146510558494533
-0.00599198546165391 -0.00470823822709366 -0.0335055281283733 -0.0288317751452924
-0.00417490327869253 0.00378295089844416 -0.060988873907521 0.0128099256234006
0.00209595512349171 0.00181714726210156 -0.0334330189036539 0.0571560678899463
0.000515220486742534 -0.00119510107131697 0.00902355605315555 0.0564097927512879
-0.000495186383644413 -0.000603954760940544 0.0287378904948104 0.0364677115315287
-0.00340727924238403 -0.0025269865500843 0.0351527885731168 0.0224451839779725
-0.00510953265806733 -0.00196200443912122 0.0412073808934253 0.0157371726348642
-0.00520498570404181 -0.0066028619385678 0.0412776044065378 0.0241470628691915
0.00247004438216082 -0.00934551053559915 0.0292773717310938 0.037927132353553
0.00788171673746368 -0.00608007946108016 0.00815142241622894 0.0497411037979226
0.0140927698885163 0.000649943699325471 -0.0202454274423659 0.0672527486749865
0.0134204508336323 0.00951733550514621 -0.0411665113031717 0.0722269492638276
0.00616688390339938 0.0219417945511525 -0.0301760011912019 0.0838982199926043
0.00922378055541072 0.0308018005845962 -0.00104668194605276 0.0519085788155584
0.0156343350323035 0.0103473900146926 0.0254809344576388 -0.0155979205747755
0.0121346024324991 -0.00136824445959298 -0.0304089774074736 -0.0339494357861977
0.00774896069044627 -0.00795044537274995 -0.0634679099712356 0.00574258357227542
0.00457586468622391 -0.0142185067719867 -0.0379457652083546 0.0530492909714831
-0.00548281725252294 -0.0150080998424599 0.00324458601227922 0.0539209808804425
-0.0118825425333856 -0.00922111247552577 0.0235304045326535 0.0359891422286237
-0.0160795376733454 -0.0101242816280266 0.031140751211939 0.0199763180733506
-0.0171097095277427 -0.0119120454806363 0.0374868546811669 0.01075642085651
-0.012393904656397 -0.0257329800817447 0.0410851751924312 0.0151280788166838
0.00891504776708279 -0.0311889559982391 0.0371999672515499 0.0284911502408691
0.0275876582444062 -0.0193277195067811 0.0216610867938186 0.0452135414473702
0.0401347131376517 0.0119614676612824 -0.00770102352558228 0.0656852593666371
0.0256392063795087 0.0409551414138058 -0.0322713223390373 0.06775604973002
0.00305790887188808 0.0537953674804694 -0.0248375892861992 0.071265293050665
0.00187099611596305 0.0530748347083912 -0.00303276035653258 0.0383056877517472
0.0253171238925991 0.0333940198536963 0.0279252649168542 -0.021066487188438
0.031198104710477 0.0076896730605513 -0.023507430379239 -0.0424571050465209
0.0225429105900435 -0.0185825320757112 -0.0633509839865171 -0.00628119855616211
0.00866348906549168 -0.0294483475606097 -0.0417390799950648 0.0429644292253315
-0.00999981427582109 -0.0292578774685775 -0.00495073682705096 0.0469268120816966
-0.0216170501420338 -0.0172344635060712 0.0136393949699249 0.0320530487391615
-0.0255413703656107 -0.0164649079288267 0.0224137623511415 0.0154124990714458
-0.0264201876990557 -0.018143434232573 0.0289465317917084 0.0031041106593651
-0.0203588824971989 -0.0379131901233129 0.0364327970948442 0.000679645506140755
0.00852326807525694 -0.0479640791152589 0.0419099399409839 0.0120197394624618
0.0380209863038797 -0.0348366767950216 0.0372637793028161 0.0338798163554849
0.0608512718265267 0.0116430998905147 0.00856911415219277 0.0605456348742563
0.0403219794878808 0.0587584666800722 -0.0228579143227737 0.0600159323920262
0.00348032672997419 0.0759022187531672 -0.0190876607397859 0.05099755558786
-0.00773126206574198 0.0671574026340152 -0.00115003585671894 0.0160107679443786
0.028702513975275 0.0549450890995695 0.031457405874574 -0.0307533992254584
0.0468674035502499 0.0205917312486279 -0.0134160582414169 -0.052784493169789
0.0383614629586742 -0.0236399947081948 -0.057079572402287 -0.0213969439098914
0.0148005053346259 -0.0419143551082255 -0.0425571317008463 0.0270004284530917
-0.0122244291884668 -0.0407004022550777 -0.0139909617650853 0.0336155140978196
-0.028361794427875 -0.0234469976259838 0.0012221202111691 0.0234772799738877
-0.0317736446432192 -0.0199579033289299 0.0102047923052903 0.00859204949683608
-0.0321032802331566 -0.0207596610303135 0.0173763072808765 -0.00583214206171393
-0.0258344569290013 -0.042557474950789 0.027629229831603 -0.0145964595689052
0.00444391178845299 -0.0565161658034555 0.0412322395242153 -0.00765453825670854
0.037917907648852 -0.0469354850717687 0.0486853058777002 0.0182510245036746
0.071005115772057 0.00492220715330952 0.0233908230748833 0.0500973908912848
0.0490508478566269 0.0640827187183951 -0.0167071031848145 0.049679980195538
0.00560944724451085 0.0849401195131488 -0.0158866833301941 0.0258785214165437
-0.0168381420142031 0.0708493895578857 0.00440268030032996 -0.0121759694613754
0.0243682987636326 0.0687953247351825 0.0338612532028586 -0.043091915402343
0.0528574561589236 0.0332029013754417 -6.9652344112068E-05 -0.0604491833982513
0.0490293848127063 -0.0221514751592947 -0.043510856845456 -0.0365666533038097
0.0198691457715488 -0.0457528164134484 -0.0390846674194505 0.00564592791172436
-0.0107564050948713 -0.045939601968471 -0.0223971256191709 0.0162832876304683
-0.0302075115087212 -0.0267934472835747 -0.0121829297235962 0.0116912262705368
-0.0337580241663527 -0.0207975501941047 -0.00255829784813367 -0.000101943285799076
-0.0324717089298127 -0.0201849470194431 0.00324375756695738 -0.0140430674907744
-0.0266749001350726 -0.0406892390492025 0.0163142938565942 -0.0264790769502435
0.00121498157341286 -0.0550743881787647 0.0355845933974598 -0.0245842814502543
0.0338148113151739 -0.0487154801141818 0.0533896501910078 0.00229294652250177
0.0694202180708932 0.00145081507772902 0.0318771887377197 0.036821604819094
0.047656357208611 0.0610397805311548 -0.0121022288799733 0.0388527530487722
0.00409841640034713 0.0815888189253056 -0.0132997642849252 0.000943701280559749
-0.0216654830728243 0.0611172961266773 0.013134976811695 -0.0418686763079549
0.0131837015010367 0.0670644477565372 0.0364132393297614 -0.0551952852033877
0.0457658698998417 0.0389287038566496 0.0126626735567262 -0.0645372187960239
0.0488367110258087 -0.0148907045773928 -0.025932306030185 -0.0464406572889135
0.0212597345261981 -0.0412199469941879 -0.0315252265873569 -0.0151145329066852
-0.0074726430645388 -0.0424855780931601 -0.0288103663099358 -0.00257353862821993
-0.0274568419612263 -0.0254882504802987 -0.0252882233107308 0.000213114598857496
-0.0303075209331398 -0.0183280893797047 -0.015361657693531 -0.0077189241843534
-0.0278135170373157 -0.0173990372657269 -0.00903053370217235 -0.0218884663468667
-0.0225822524359105 -0.0345032001375825 0.00519866003730335 -0.035924347395063
0.00078064643507564 -0.0473118716445591 0.029022258214722 -0.0369620863962245
0.0293706304079827 -0.0414183586154103 0.0531620372069841 -0.00934502892992595
0.0593290755676597 0.0031022368903401 0.0355077992429288 0.0260468583792776
0.0358545400447064 0.0539216913440294 -0.0100417757488346 0.028896428268924
-0.000831767835842164 0.0673991058953541 -0.0103852024451245 -0.01970090249724
-0.0213574673729057 0.0397893887811972 0.0209411868564802 -0.0662365523802867
0.00119255326618891 0.0499355622152744 0.0379425046182877 -0.0644322723771253
0.0293485505738397 0.0327230190429086 0.0211132596849149 -0.0653623224699616
0.0357582611612382 -0.00690970673786083 -0.0109327242554851 -0.0506202282021545
0.0166113866063603 -0.0283899674783823 -0.023958472876896 -0.03010985312059
-0.00408052910480741 -0.0305691082721688 -0.0336575961878443 -0.0176858880941254
-0.0192063243506335 -0.0190329262857958 -0.0342564046251343 -0.00984873994430042
-0.0221493631993996 -0.0131658072379878 -0.0248026962057276 -0.0138034896544987
-0.0207597952287725 -0.0138490506264806 -0.0188289722218042 -0.0274776598593528
-0.0162264942862651 -0.026097313208553 -0.00245695854000401 -0.0423039868095903
0.00159577587423114 -0.0346925089671867 0.0253067263844265 -0.0448077073310112
0.0246485469919497 -0.0293455832598348 0.0523102219004444 -0.0152585097920631
0.0437016452245073 0.00760574694799917 0.035907657964723 0.0195725115617016
0.0200788404737625 0.0436617336868288 -0.00777722876591897 0.0217157073083634
-0.00813167869811383 0.0464318394587931 -0.00625999758083843 -0.0342864836264903
-0.016179402230533 0.0103468324841529 0.0252688239090042 -0.0812063205311133
-0.00860797512812371 0.0214419044037057 0.0357555289024729 -0.069256607780953
0.00929636503327581 0.0164018017917215 0.0231250067765427 -0.0654157661534903
0.0148177732713568 -0.000522324531662027 -0.0045299868334808 -0.0515185406241157
0.00664863111887533 -0.0106184999533253 -0.0212925972293294 -0.0371554605638916
-9.79275613640794E-05 -0.0126989689328682 -0.036459774294558 -0.0246313402782209
-0.00782564703822116 -0.00884055263637774 -0.040050943921425 -0.0152201793702872
-0.0107748280845122 -0.00669752337324341 -0.0301203982933534 -0.0176918685524432
-0.010557174677987 -0.00766873021886931 -0.0242396183914619 -0.0316567537856504
-0.00871929996571316 -0.0148233856118364 -0.00666875430448321 -0.0470391009079497
0.0016992242332923 -0.0198865345865386 0.0243382831753936 -0.0502684656737693
0.0179747137528525 -0.0161204870911005 0.0524511739671527 -0.0171813866566752
0.0259266971625245 0.0106572765117599 0.0363731371395297 0.0177146377338646
0.00315019007290692 0.0285478559045485 -0.00538797936488758 0.0176063648270458
-0.0145967779550475 0.0212172573237484 -0.000123470738015393 -0.0419600262586907
0.0121123237088742 0.00504736182766257 0.00467276806147462 0.0537349207842146
0.0022916577867152 -0.00839588375030885 0.0237088672145767 -0.0160686511531084
-0.00584369020086968 -0.00473630084314473 -0.0334603673383859 -0.0279852151661997
-0.00370223494063228 0.00394248862232437 -0.0594303885827829 0.013929388639584
0.00200959323793241 0.00185927042331569 -0.0314658687938889 0.0571961181703716
0.000273388787675598 -0.00128623371913093 0.0103608105515035 0.0543933606995692
-0.000109433537581268 -0.000522551971443641 0.029031133817483 0.0339765377725506
-0.00358451253410296 -0.00212110960854256 0.0352714111147525 0.019973397535746
-0.00511834403191309 -0.00252786711464308 0.0408300976762846 0.0138253083052441
-0.0050202975456035 -0.00679442251066599 0.0412531106244816 0.0217595319712201
0.00189754078720977 -0.00975113878489583 0.0302232406112774 0.0361850473967348
0.00770756013360363 -0.00617620224051565 0.00866988966999047 0.0488405201773421
0.0135215077934575 0.000484911613144981 -0.0177821590484091 0.0667977053699236
0.0132956797397567 0.00960044847733697 -0.0386259060412727 0.0711250880618654
0.00711557064717344 0.021515558255234 -0.0280868267261602 0.0835166325251725
0.00973333179708962 0.0297448736663973 0.000427337298336219 0.0501050293302139
0.0154370998114086 0.00997838971328123 0.0247165686771142 -0.0167154753505777
0.0120054558015257 -0.00131508729481578 -0.0302916820238149 -0.0326231265248218
0.00742600791673606 -0.00812364222761009 -0.0616796492500753 0.00719631568055437
0.00383461189811634 -0.0138012176329347 -0.0353878272822558 0.0531729146879004
-0.00621602575975918 -0.0149005311582398 0.00519659024188928 0.0533029361542676
-0.0119071103116733 -0.00866647432313259 0.0243243019409563 0.0343284394267087
-0.0157712001748546 -0.00890663000704954 0.0310713602456509 0.0184678500366084
-0.017081780150646 -0.0109193592689987 0.0369397311851545 0.00904749825986187
-0.013187289731818 -0.0246494955909657 0.0407944327308446 0.0129177899871415
0.00752279088400639 -0.0311031756314052 0.0374179654791226 0.0269053599938359
0.0270387545787756 -0.0195223382532465 0.021989310121787 0.0438157374625578
0.0392841656672658 0.0106351328498701 -0.00577190359723826 0.0654287474209786
0.0260618791942582 0.0397072173776163 -0.0302209558736341 0.0662177086082804
0.00375626463644637 0.0532333335633258 -0.022904349304146 0.0703579400997623
0.00338682499319996 0.0520093869402453 -0.0013696660742285 0.0373966706116535
0.0263200364965675 0.0315144595168902 0.0270512120082256 -0.0220158367975987
0.030885425203423 0.00688189761236164 -0.0237450714121679 -0.0417142133375834
0.0208733349215902 -0.0183756229466966 -0.062184727788277 -0.00437732129803719
0.00737820305382841 -0.0292673593491064 -0.0396405082249676 0.0434211841400536
-0.0110056550593006 -0.0282610830677304 -0.00305728717264937 0.0461320836173923
-0.0215394294547722 -0.0159878393330069 0.0144016278682751 0.0305181981350486
-0.0257796989754891 -0.0148080061031481 0.0219796797186761 0.0142091638618294
-0.0264175746427343 -0.0168774677157328 0.0285292521081391 0.0015021116665702
-0.0213477019656271 -0.0368356273326338 0.0360206908344595 -0.00101863228009787
0.0062168933779013 -0.0473719392594115 0.0420387965494472 0.0101615581982709
0.0362053270250782 -0.0354926645790766 0.037161695425398 0.0323821825415532
0.0601017400001345 0.00986173601580693 0.0102499424781635 0.0590036503777783
0.0409720856164663 0.0569293314820694 -0.0208706016083703 0.0589630296898405
0.00566388363920214 0.0747467191420797 -0.0180148232933083 0.0501163741314955
-0.00550743885933351 0.0670458080232046 -0.000422723475028514 0.0156409359849487
0.0300001320312841 0.0528844090820654 0.029418244322144 -0.0311187564271926
0.0466797524784313 0.0188836016952282 -0.013604631217864 -0.0517521966713224
0.0366252477835599 -0.02447134162416 -0.0565648492935273 -0.0198193951550157
0.0125417972687096 -0.0410502794082986 -0.04087494795268 0.0270557671374366
-0.0136898225125643 -0.039344204710641 -0.0127108377900254 0.0336753837646789
-0.0279666806769412 -0.0220823150696781 0.00182430242786632 0.0231009264792653
-0.0321328245667722 -0.0183603940535562 0.0104004096461879 0.00772898398925844
-0.0314741203463995 -0.0192363122864846 0.016349190466263 -0.00668562590795476
-0.0268861961919882 -0.0409993850605978 0.0263015846040666 -0.0156799461862029
0.00196738053715518 -0.055598016365704 0.0408289161311087 -0.00920933491171588
0.0360006340952483 -0.0467455444384446 0.0479413965455374 0.0157794779161328
0.0697669247940763 0.00269358378182013 0.0237046485047893 0.0486341164309137
0.0502535736225816 0.0618517780651846 -0.0149326924474661 0.0485536911266382
0.00763403374355439 0.0838826359832127 -0.0146354331842482 0.0259907754296623
-0.0142974406311668 0.0707206997167622 0.00446200234884747 -0.0122720465021592
0.0260409638823867 0.0664061446253161 0.0318790040884881 -0.0430192377034772
0.0527654913084938 0.0310740016617858 -0.000929420595903019 -0.0595502614407346
0.0474131811934885 -0.0231747160145368 -0.0434378331910906 -0.0344088018418226
0.017632062151279 -0.0461497472622051 -0.0384656809893386 0.00619506539745898
-0.0123654628278318 -0.0444218603115158 -0.0218404517070128 0.016517913017564
-0.0300693411091224 -0.0253454745790675 -0.0118491910511951 0.0125782106305725
-0.033929129042897 -0.0186224448938842 -0.00272998612826987 0.000328575774893282
-0.0319277639676601 -0.0185358465683464 0.00306223329941703 -0.0153073308184609
-0.027746432587309 -0.0389249415531739 0.0143010338508251 -0.026851854868739
-0.000897063212475749 -0.0544889423619035 0.0344221741111803 -0.0256517016729964
0.0315732578231659 -0.0484232172659359 0.0522098044356394 -0.000158638232152443
0.0681545354929212 -0.00110524370793985 0.0315217998176548 0.0357100786464756
0.0486399194092437 0.0589234327429197 -0.0117178351025178 0.0385138133676036
0.00559471260019242 0.079800732191518 -0.0127392662008181 0.00209570429863614
-0.0198415198067194 0.060681774226959 0.0116833770490736 -0.0413134096804428
0.0150250378601369 0.0654096052178223 0.0343042959045765 -0.0548002486354055
0.0462814071939025 0.0366040229674559 0.011345423947128 -0.063751028350072
0.0471071479235116 -0.0159229218192112 -0.0266416649661917 -0.0451484139766505
0.0192956497166736 -0.0410289223505069 -0.0317901423333288 -0.0145693724577652
-0.0094403606602336 -0.0413416167401257 -0.0289745495367248 -0.00140100154404244
-0.0270228638064704 -0.0237282774076886 -0.024473489887752 0.00186440133123935
-0.0301992477762808 -0.0163511748464937 -0.0152153437965828 -0.00670163265637949
-0.027908358082101 -0.0162408632618231 -0.00985512472821909 -0.021397451013938
-0.0234436408482371 -0.0335506470995226 0.00311062715899414 -0.0355321311259899
-0.000604136666324393 -0.046188911301695 0.0278821519187315 -0.0369247006158254
0.0272950878387889 -0.0409076196152698 0.051648742249764 -0.0109998797999668
0.0577366682042339 0.000811605805690178 0.0347916848531878 0.0249677865011819
0.0371595216071008 0.051825566495331 -0.00954990242259061 0.0284789965610702
0.000577653816595249 0.0665088046962098 -0.0105628122273566 -0.0188030821250888
-0.0195634931693063 0.0394445766098255 0.0187610342678236 -0.0659090651667963
0.00258019444180052 0.0489623108641423 0.0351888814606696 -0.0633329398515784
0.029708585740744 0.0309625951139849 0.0193511158930169 -0.0641357037376153
0.0347370294696057 -0.0081210532115767 -0.0115956904052536 -0.0495114668731444
0.015103816652563 -0.0284004787122333 -0.0248482928156932 -0.029886916398835
-0.00515978361141955 -0.0298711657923248 -0.0336152708380357 -0.0163263814103261
-0.0189942819180223 -0.0176928539197319 -0.0337527567818502 -0.00743121071052634
-0.0222357338698786 -0.0121717135080833 -0.0248073787723299 -0.0124159844069143
-0.0206552887150429 -0.0124042331523788 -0.0192363274912452 -0.0269480088901417
-0.0166031411855371 -0.025105171706886 -0.00421117210627887 -0.0417901008731881
0.000460617951533011 -0.0338978883903074 0.0235919917822226 -0.0452510732823997
0.0231034418064689 -0.0294641308439113 0.0500946023285904 -0.0172614629058459
0.0429893603341132 0.00607569495068066 0.0351309336949 0.0182206919529727
0.0208368192395143 0.0417982979355719 -0.00762845739144082 0.0215433218730431
-0.00675623365973316 0.0462319684746761 -0.00652231829622977 -0.0330859649989839
-0.0157929335392073 0.0108804367560903 0.0227089434526363 -0.0809769629912295
-0.00740492538270952 0.0209932912159415 0.0331706033528734 -0.0681627919890844
0.0094622980932969 0.0153689650138015 0.0211949958284418 -0.0647327518439402
0.0140451468040389 -0.00116094506458766 -0.00531113603316365 -0.0507561468413102
0.00613419525125808 -0.0106581908097813 -0.0219447694971181 -0.036727191881991
-0.000796624279928426 -0.0126501538282111 -0.0366979290431614 -0.02291340719519
-0.00751047277074802 -0.0083218135363298 -0.0389064697917026 -0.0131721204289889
-0.0107087898591099 -0.00590776536282877 -0.030229775562931 -0.0161796658977584
-0.0110417560873063 -0.0072542282756516 -0.024796321670852 -0.0306566870926603
-0.00906867072664784 -0.0145389714655153 -0.00777176932660859 -0.0456319554500488
0.00122626881360587 -0.0195629080894429 0.0230172621780583 -0.0497982337797594
0.0170824003969566 -0.0160737748371189 0.0506743840598272 -0.0187998060594383
0.0258001804370752 0.00978092282551768 0.0357920211741762 0.0161770643206972
0.00410767810749278 0.0283770587915461 -0.00528047106299337 0.01757857275545
-0.0135181385318046 0.0208855434958748 -0.0016632604934731 -0.0409684617726536
0.00876291454736913 0.0105532405278742 -0.0176682063783684 0.0485449779624167
0.00517736424448723 -0.00638040595428301 0.027540051544756 -0.00550473463999993
-0.00338777134715476 -0.00695716755354012 -0.0188256864690627 -0.0394299238186347
-0.00456747472322619 0.00234854744171232 -0.0595567382965784 -0.0116512801380866
0.00155171272994185 0.0023566095717879 -0.0519325684303991 0.0384365120422354
0.000912697289347741 -0.000995011225502124 -0.0133447086901635 0.0532027216189354
-0.000325754350623401 -0.000700200139733312 0.0119030717815538 0.0422603672983179
-0.00256432554585614 -0.00334278355302494 0.0238327012501645 0.0322835419128796
-0.00320697023042433 -0.00380414778077534 0.0310332174002729 0.0281371613041538
-0.00195915552176513 -0.00809621459048249 0.0282457127689622 0.0363879686712145
0.00610486428116699 -0.00795348315538151 0.0117604305325922 0.0447513305610216
0.00946179532632694 -0.00247247521722747 -0.0131533543613114 0.0478037419170881
0.0134243742896189 0.00655783156190832 -0.0431815975888223 0.0519572071012316
0.00829660538270023 0.014919704335647 -0.0638659990950532 0.0480940650414347
-0.00192834531088697 0.0243196961176561 -0.0612799775446091 0.0627544165659516
-0.00516968924771707 0.0318787404220847 -0.0167150523620219 0.0437868783394757
0.00915367890616551 0.0155639341465544 0.0303989877928354 -0.00623716897870185
0.0109709583137835 0.00413393612139296 -0.0127236933055901 -0.0432125662743441
0.0101571220233626 -0.0036654540563966 -0.0592858300162335 -0.019548372909075
0.00980499196611095 -0.0108850800680865 -0.0543328096873727 0.0327814623250706
0.000569467900757703 -0.0156719886729628 -0.0179697280600451 0.0487260768391535
-0.00715724517931435 -0.0119871275910657 0.00678797740105744 0.0400380675867301
-0.0107494918255183 -0.0149335498243772 0.0204610305457072 0.0287646701076869
-0.010630456036458 -0.0166538250420474 0.0296456276325678 0.0220003557684254
-0.0022211763133992 -0.02755907964637 0.0319677320986807 0.0280378466507053
0.0192817214752786 -0.0256197482720909 0.0224826619371395 0.0394471502942134
0.0325505504503286 -0.00706665486472353 0.0009980956010011 0.0485513136353947
0.0329850058037489 0.0257091240120028 -0.032580734580621 0.0565266638185741
0.00884823530238203 0.0470147466596484 -0.0554424941180462 0.0489573845568387
-0.0166063026598087 0.0517132315644802 -0.0526352644145115 0.0532841322906371
-0.0207216658176178 0.049338618618485 -0.0116732253028063 0.0312161165290098
0.00885868445191679 0.0392656458748832 0.0359524430303285 -0.00993638785914276
0.0244849434238705 0.0192022701807266 -0.00252066498623961 -0.0499269242334761
0.0269483444240855 -0.00658691168281006 -0.0551550565839021 -0.0313819311437208
0.0192618804004266 -0.0232115484135204 -0.0549994125355198 0.0215309624787272
0.00156673097425997 -0.0295574358026841 -0.0230278763146059 0.0396928669997738
-0.0126835401298398 -0.0231322440876465 -7.97948581843961E-06 0.0333974329429228
-0.0171981723614206 -0.0235723635480659 0.01396764056594 0.0216022723222113
-0.0166406082230451 -0.0257658224631095 0.0247121916954588 0.0117279598839676
-0.00513452206941798 -0.0412254195563023 0.0336469963716559 0.0131924084003301
0.0243860122632681 -0.0408636031537514 0.0338077387670963 0.0257794149173933
0.0472454819418424 -0.0180531875411959 0.0200730662562486 0.0442041479297553
0.0524800291271477 0.0322520373526371 -0.0156595008113564 0.057801162874714
0.0159085300564712 0.0680022881984831 -0.0453178949713981 0.0464819328196257
-0.0236537556768708 0.0716050055810808 -0.0405743223095862 0.0368596514886474
-0.0359935245250866 0.0584799024417222 0.00074242072681363 0.0130634522004137
0.003359217558127 0.0597844854491011 0.0431363985414368 -0.0173072165271244
0.0337445629722956 0.0370043468308916 0.0122213530778459 -0.0554421202241488
0.0423786165222173 -0.00534284469360241 -0.0434650526590266 -0.0439645380409204
0.0287607053420721 -0.031505129012776 -0.05021436549268 0.00558635455404249
0.00442034329412079 -0.0404237620166858 -0.0273238987216016 0.0244522299899542
-0.0157438545160699 -0.0308132607271004 -0.00818889322650815 0.0214215538600364
-0.0217220937388706 -0.0291602154961562 0.00607990495358098 0.0109902311925491
-0.0201662875518182 -0.0298908248780671 0.0175472112083392 -0.00043812712814626
-0.00863519390425639 -0.0476324433975115 0.030716617059555 -0.00364801713765363
0.023582559159184 -0.0500472543432714 0.0406616043483092 0.00816924990137284
0.0511250470604174 -0.0283173923641804 0.037153796690381 0.0344669490383763
0.0642134589615841 0.0293606068532221 0.00123866876127362 0.0546896932485486
0.0229243256365157 0.0757176561426724 -0.0357069660156929 0.0405973012411482
-0.024929400789534 0.0804244507874459 -0.0284475459290324 0.015959108138652
-0.0455308369017683 0.0579629690452832 0.0170705897819498 -0.0091021452420313
-0.00626682582651022 0.0700341065969961 0.0501828789353468 -0.0261811374435512
0.0341537413763695 0.0500420361313061 0.0276539920961845 -0.0571762210955271
0.0510925970383136 0.000375902341636385 -0.0250536410542592 -0.052969154434782
0.0351364698604707 -0.0329216370759518 -0.0387181161890356 -0.0128337300785289
0.00704672277619711 -0.0446174278639926 -0.0279714828104498 0.00513533863504392
-0.0161640651046198 -0.0343741529927137 -0.0161897892050255 0.00665575239190114
-0.022638654966026 -0.0302969759829352 -0.0029768008771048 -0.000795808530642079
-0.0208987981786192 -0.0291498863081104 0.0087075040682555 -0.0131054054182134
-0.0095976463218894 -0.0460983180596609 0.0243663303761627 -0.0192111867879632
0.0201212361427061 -0.0502559877244001 0.0419018945481506 -0.00898692348597094
0.0475496252741743 -0.0317290157989917 0.0471666744651716 0.0212914877510265
0.0640229014926894 0.0249235955785084 0.013531556028433 0.0464879353311063
0.0223104337224185 0.0720077322961823 -0.0283003031316473 0.0321781299524821
-0.0252001335243881 0.0761020721367283 -0.0162699911657879 -0.00464311389537865
-0.0455480657789142 0.0470250448223297 0.0345311734386434 -0.0313635983793331
-0.015537780274717 0.0639359428559437 0.0572546542700551 -0.0354068503857301
0.0252637473452124 0.0522346412909151 0.0406315094041101 -0.055011286372037
0.0480463495152694 0.0063180657033608 -0.0048525065092043 -0.0550952457360639
0.0341935740351812 -0.0277653847948014 -0.0238291370840397 -0.0283672935890495
0.0084982028001008 -0.0406139490804075 -0.0265787435438258 -0.0139670328196249
-0.0136943119233918 -0.0320047084272219 -0.0228870414076901 -0.00848404584431326
-0.0210735483544777 -0.0266599326192855 -0.0105481551423771 -0.0121794435206115
-0.0185397839069288 -0.0257930198618559 -0.000133786716211765 -0.0238201608222676
-0.00848790601492054 -0.0391300387777003 0.0182083242507138 -0.0311696447326421
0.0168388585211795 -0.042888597332582 0.0407611663812166 -0.0218284079138626
0.0408621120601442 -0.0265991705320422 0.0514649565927947 0.0111081140370455
0.0531730781677571 0.0228825539317543 0.0208016145933508 0.0377119620701517
0.0144404656794567 0.0614355739256593 -0.0225639700918966 0.0242194317327224
-0.025005019677616 0.0608937711361425 -0.00510501471654021 -0.0218923241163625
-0.0360845053573221 0.026937557655287 0.0491945982513786 -0.0501067267393074
-0.0195053330136809 0.0440870628682159 0.0609686305569222 -0.0414544751483222
0.012826529135587 0.0399149857447754 0.0474026769815956 -0.0512565279191837
0.0335858278919609 0.00825642825348749 0.0107408546230736 -0.0529981764169352
0.0248994567169039 -0.0182145588991039 -0.0105451275344177 -0.0386385542305829
0.00734034747643794 -0.0286833102035837 -0.0248148118198316 -0.029019728101249
-0.00962244215124663 -0.0237891517720935 -0.0276582992187039 -0.0208716929706517
-0.015417376007556 -0.0195142620847024 -0.0172269036142624 -0.0210998607176927
-0.0134056568384049 -0.0192278318163963 -0.00621538286045037 -0.0322964554668008
-0.00577770466901125 -0.0289804656712985 0.013844709041208 -0.0398202577821627
0.0131550785188255 -0.0309995829113787 0.0404300309869365 -0.0306759039187339
0.0323994492052696 -0.01795387616474 0.0527432277431986 0.00576585269437883
0.037980610998694 0.0218008552058384 0.02329704390208 0.0319494627702976
0.00311442895322814 0.0463162651189707 -0.0176390858068095 0.0176861831932068
-0.024035773120443 0.0394834263133788 0.00509163097431558 -0.0331599595458629
-0.0188909633027364 0.00308631009167039 0.0562001061257585 -0.0620382806423279
-0.0160322197028609 0.0150060136929178 0.0593758074159051 -0.0460794428264509
0.0012723707906714 0.0177036431661844 0.047563747962096 -0.0498625434782981
0.0123660019808494 0.00506334208774338 0.0172476169062218 -0.0492454040931252
0.00990865757878227 -0.00595340108028875 -0.00439674330735561 -0.0433777088165403
0.00484258993108733 -0.0110763633918876 -0.0242842002258531 -0.0360208114852273
-0.00334943854509523 -0.0107978529278894 -0.0302706675739353 -0.0275133601928741
-0.00729598640876873 -0.0094514597146161 -0.0207100268236657 -0.0261954173180463
-0.00630184522933979 -0.0107600800910252 -0.00950350217707281 -0.0371038178211746
-0.00283810211581849 -0.0161906416856734 0.0121552489805971 -0.0444186503803864
0.00813973046962207 -0.0173895186314846 0.040686847885796 -0.0350464946715328
0.0215211621902109 -0.00825555619149038 0.0535168765945214 0.00398415702896501
0.0208237072215305 0.0182615908761697 0.0245360441724022 0.029630051530156
-0.00736276565434901 0.0275125281706062 -0.0131005576994779 0.0147147306116705
-0.0203654730031355 0.0137661810398302 0.0147843401817871 -0.037870669105881
0.00876457134848493 0.0103974136145948 -0.0167575905377323 0.0484792559274749
0.00532859114521867 -0.00643282504022982 0.027648908778695 -0.00644847173966954
-0.00364597734335366 -0.00625924696650476 -0.0189273855636905 -0.0394627272682359
-0.00441890088228651 0.0020895054233992 -0.0594656189761086 -0.011167465285626
0.00150390477774476 0.00241095700367371 -0.0512639227575493 0.039716430161981
0.000801041611668722 -0.000998941294829439 -0.0129273427665504 0.0536325185774059
-0.000306742783692678 -0.00126692292967084 0.0126512436464042 0.0424412236650434
-0.00232047019288159 -0.00317461963214015 0.0237682539871343 0.0316165377120731
-0.00349966512837643 -0.00409139487138276 0.0315894310233426 0.0273546795504683
-0.00194731233457714 -0.0081231926036773 0.0291335271424758 0.0357300265433555
0.00648296484796199 -0.00818794400870533 0.0126627677129637 0.0447693604761969
0.00979648056263152 -0.00227556834618957 -0.0135353181692055 0.0475914594182312
0.0133269592230759 0.00614969331421153 -0.0431372202102699 0.0527550636031255
0.0083110072447411 0.0149834200714445 -0.0636287330328161 0.0482740426000588
-0.00177316942913191 0.0245534288589567 -0.061028687622159 0.063264634474767
-0.00486144800430327 0.0321298568980231 -0.0166438860242903 0.0438037531143162
0.00937546818291652 0.0155786803104548 0.0302359751947692 -0.00689382428399179
0.0110631892075547 0.00397152251769488 -0.012507939739645 -0.0438027070158342
0.0100046997629301 -0.00372387509697843 -0.0590989656512333 -0.0190306979526943
0.00993859579956045 -0.0109865889705429 -0.0537506258088465 0.0331934474678757
3.24604050732773E-06 -0.0158972001956166 -0.0175052422026363 0.0492140485043449
-0.00713297506765657 -0.0121161383963831 0.00788420693726151 0.0397252570532215
-0.0106831464933504 -0.0143496657224478 0.0209736887196128 0.0282440065900912
-0.0107019258759652 -0.0167159317480154 0.0300892457824917 0.0210181521848035
-0.00289159830768751 -0.0277032058420696 0.033667861504083 0.0271149346217717
0.0187143153111551 -0.0258991377981829 0.0235576226235934 0.0391537072994655
0.0326686355670944 -0.00731707293022285 0.000999552699447039 0.0485522839352495
0.0332575563856291 0.0251820676576717 -0.0318879561988027 0.0568192585003427
0.00887812104261779 0.0470850105127408 -0.0549006728354893 0.0484968548620803
-0.015992859783216 0.0528108492112937 -0.0526298302694185 0.053360488960125
-0.0203567301497338 0.0499366031265241 -0.0113112403947196 0.0313513781976066
0.00921800074687902 0.0392772670323091 0.0360713583859191 -0.0109321659564215
0.0252369477583125 0.0192439335121082 -0.00183549513193721 -0.0502831886738201
0.0266280540783716 -0.00709312003569009 -0.055328453271766 -0.0309224803159601
0.0190872622670625 -0.0230982197948527 -0.0545458523056138 0.0223436694321507
0.00082932327048123 -0.0297936381987411 -0.0223320584960927 0.0397175088800888
-0.0126848556627608 -0.0229033490882215 0.000434426973817897 0.0327743367295906
-0.0175496773645236 -0.0232798789684287 0.0143216576207179 0.0212148658604597
-0.0166536037272233 -0.0254481126374562 0.0254387218454181 0.0109811973643636
-0.00598682440015477 -0.041393059491614 0.0338357800053291 0.0123043002917158
0.0238160745749917 -0.0417744541064093 0.0343413813026143 0.0256251883023407
0.0468418349871723 -0.0182176713352116 0.019850341670219 0.0446225901972348
0.0533409501432914 0.0313889018772138 -0.0159749986223752 0.0590346050870096
0.0168122803615366 0.0680229201572876 -0.0455145285738434 0.046442566657125
-0.0234453017538555 0.0731586145716623 -0.0408370549753354 0.0371711787175031
-0.0352496172826792 0.0593994685543195 0.000390745855106939 0.0130254107629539
0.00405195552235781 0.0597444320023845 0.0426271677504039 -0.0178201366284654
0.0340740458638782 0.0363708339507984 0.0126348618462077 -0.0557837962319687
0.0422682392620317 -0.00572693891648174 -0.043731877876906 -0.043812804332815
0.0284789337030892 -0.0317014839391466 -0.0496459783607404 0.00622354707317936
0.00333322622156114 -0.0404026233068856 -0.0261540833638213 0.0248077301433578
-0.0160732926683299 -0.0309360564982231 -0.00756494627113343 0.0217452867463355
-0.0220903082583866 -0.0286009733780979 0.00643781619638688 0.0105010815794108
-0.0204984099733117 -0.0292950488910067 0.0177712515662716 -0.00142788954341585
-0.00942482547864232 -0.0475305790623672 0.0305941704813698 -0.00440881268938177
0.0224854568476811 -0.0506665000163028 0.0412296652824771 0.0075974379107337
0.0506780004865197 -0.0288763050898002 0.0367855503798713 0.033670278431058
0.0648322381603365 0.0288186262985887 0.00135594555720608 0.0545493300964459
0.0237336866846709 0.0758568979334162 -0.0360162788856917 0.04121955983524
-0.0249862772652814 0.0815644609700961 -0.0282524052967468 0.0164515471006645
-0.0455388640434151 0.0591046970646698 0.0171833730604221 -0.00960396527358373
-0.00571972805691575 0.0697144459573466 0.0504516393654997 -0.0262818975630923
0.0348103469692145 0.0497557802318173 0.0286770112991275 -0.0581820427858833
0.0510646607445924 -0.000307583683165057 -0.0254986765621825 -0.052712918331798
0.0345596709717163 -0.0335582606043738 -0.0386278603598317 -0.012490645219981
0.00594731303826185 -0.0448415721781979 -0.0283302637367225 0.00547194539475909
-0.0164553307572717 -0.0339486044158817 -0.0162102305255495 0.00700363139852171
-0.0236272149249556 -0.0293732862189823 -0.00277726651946899 -0.000816397315915523
-0.0213025165758112 -0.0293778641429154 0.00847600208551759 -0.013586974436927
-0.0106785155588114 -0.0456844826093147 0.0242562258507073 -0.0199869658989485
0.0191930236824173 -0.0503348154656701 0.0426081527669936 -0.00961022354201017
0.0473343363749896 -0.0319800906048606 0.0471076794208097 0.0209725410678557
0.0640916175885906 0.0242462596503385 0.0133158340465714 0.0461914226320967
0.0233386756812189 0.0721053860510738 -0.0287347226852762 0.0328810113688917
-0.0248144146524185 0.0769198483974209 -0.0163375438575238 -0.00424439519302976
-0.0454851995507649 0.0476058338630876 0.0343357222312328 -0.0317827083759293
-0.0147810908407705 0.0645034539820619 0.0568981636913939 -0.0348662307009532
0.0260213974671006 0.0522575182590061 0.0410438239132848 -0.0558458051227991
0.0480800426010762 0.00583163915089423 -0.0051609478998391 -0.0554116727060789
0.0339474803996812 -0.0281067824136258 -0.0238195020320751 -0.0286683003552076
0.00767178759327387 -0.0407440223174817 -0.0271342715019353 -0.013922068639558
-0.0141297616468433 -0.0317391088746702 -0.022806314530824 -0.00793167043101018
-0.0210058905900494 -0.0260971254734094 -0.0111439560880086 -0.0118033210947681
-0.0188408593318253 -0.0251250278584327 -0.000389995773095601 -0.0242451090000535
-0.00903400575740808 -0.0388780799845896 0.0175669520630419 -0.0317780471836238
0.0160552474029247 -0.0430067596119927 0.0412917183349027 -0.0226415020462935
0.0402141706940437 -0.0268334922387002 0.051432302081667 0.0107433212111017
0.0535340366261403 0.0217938417812251 0.0201282519164115 0.0375532183612928
0.0151995903120877 0.0611601393730374 -0.0225457316008055 0.0246263268274646
-0.0248533192887135 0.0616356884724543 -0.00540458377648117 -0.021441588473453
-0.0363593295532818 0.0280154308056415 0.0489822927126939 -0.0503175387785609
-0.0189594397741744 0.0438670030234916 0.0607635224208997 -0.0413322150233838
0.0135966821251307 0.0402417938068998 0.0479386251547144 -0.0518329022298229
0.0334636860933224 0.00750474936662641 0.0106630868548634 -0.0526177008738686
0.0246653191744835 -0.0188355405256226 -0.0102885052443828 -0.039215412108426
0.00687061001379737 -0.0286540324153384 -0.0255144444854035 -0.0283874797791516
-0.00987831797488366 -0.0232844335676908 -0.0279827732137888 -0.0200860040887904
-0.0158651514732441 -0.018887729985724 -0.0172993354859843 -0.0207933884134143
-0.0133273263253547 -0.0193073392508367 -0.00706905923806177 -0.0320593558963416
-0.00617331685139035 -0.0289163066074154 0.013535936671003 -0.0396208653756123
0.0129234128301386 -0.03101463033511 0.0400973023580761 -0.031314360531867
0.0321132161839803 -0.0176881451005335 0.0528182825476356 0.00507221827698232
0.0374049487215437 0.0208084825175618 0.0233342241479646 0.0319428123443903
0.00376255252246019 0.0468603474235015 -0.0177361772386334 0.0180673193906147
-0.0238715621671623 0.0398679203331276 0.00508991830563539 -0.0331453795792369
-0.0193379413369293 0.00325853802427177 0.0556429858851468 -0.0620070050874155
-0.0159694180733808 0.0154824993225126 0.0596368893422424 -0.0461878240797775
0.00129822355916622 0.0174306587495489 0.0476632520648153 -0.0500028269756147
0.0120739495985468 0.00498558217930503 0.0171708826320023 -0.050139671069611
0.00950256981847778 -0.00635895399562942 -0.00513998536587086 -0.0436908802557855
0.00408171153306721 -0.0111909709373389 -0.0249557862880463 -0.0354429208378161
-0.00329190624791631 -0.0105353389670306 -0.0309439490210685 -0.0269156333755989
-0.0071729813036617 -0.00901579515623236 -0.0211993035390375 -0.0261117570382759
-0.0067840561313375 -0.0107862952473485 -0.010745173388657 -0.0369161359439023
-0.00289090867987425 -0.0161206690948893 0.0115775622670933 -0.0442867397968527
0.00802786668038559 -0.0174101418830314 0.0406391977361708 -0.0361005313869639
0.0214328640326413 -0.00850429758489213 0.0535604935754226 0.00368358406450447
0.0208843762000069 0.0183364003443962 0.0243175122168949 0.0295503416833088
-0.00671473031950573 0.0279218563664664 -0.0136399893065195 0.0152106410124976
-0.020076818601347 0.0142765504332608 0.0141798954763167 -0.0379064206909081
0.00879782738762311 0.0103294523687103 -0.0154901904635795 0.0490015780401614
0.00491111124652725 -0.00637126510160435 0.0277931934757437 -0.00742766107824784
-0.00382525968584023 -0.00664438552464301 -0.019989997307579 -0.0396133546224929
-0.0041532965749814 0.00249013943869712 -0.059824759913983 -0.0104820055807478
0.00189762934138821 0.0020196802126508 -0.0503067402129576 0.041495868050891
0.000610347651159181 -0.00130106915901197 -0.0110994519660045 0.0540823596982729
-0.000196556155544457 -0.0010395207875366 0.0134567095821836 0.0415388719252648
-0.00282411353742473 -0.00355091094201078 0.0250128913452428 0.0309340699809268
-0.00360516563145746 -0.0043340936580751 0.0333603502633461 0.0262201715619573
-0.00211886940268165 -0.00829786026309711 0.0312431359553037 0.0351734464244665
0.00630702973768958 -0.00888436936857186 0.0137369376590404 0.0452734501305205
0.00966793344746203 -0.00247807862992815 -0.0130615656735331 0.0493605311597883
0.0130723817347468 0.00604449562944109 -0.042384573412538 0.0546012651234585
0.00865575808754956 0.015137222572445 -0.0638121814122989 0.0494646579841431
-0.00137628784853624 0.0252139015760499 -0.0606973845803106 0.0653462066024689
-0.00366726718823855 0.0329292495018921 -0.0158614487472321 0.0444138978595548
0.00992269110526474 0.015352436844582 0.030579321704186 -0.0082391724207296
0.0112845353378521 0.00370758292018845 -0.0133287084056687 -0.0443938348060586
0.0101361203481567 -0.00417037739463035 -0.0601461409476476 -0.0182043101172393
0.00937010023515586 -0.0116066111199877 -0.0534175100541057 0.0350681032976709
-0.00064816253500866 -0.0158985731261019 -0.0162312420182605 0.0505819184515365
-0.00773070366755029 -0.0121892356347457 0.00925546375169463 0.0397635288242907
-0.0114176829268512 -0.0141778162233227 0.0217740295585439 0.0275925852251243
-0.0114477395026107 -0.0165390995008583 0.0311733257448025 0.0201977373707308
-0.00357305741377122 -0.0280719618525786 0.03458118866813 0.0260261112443994
0.0181324289459438 -0.0274294043619398 0.0249810818036073 0.0394521740213033
0.0329842098874299 -0.00794339794823153 0.00139568303723211 0.0497057283467583
0.0342944414739152 0.024708231919362 -0.0316172031228554 0.0586587828791487
0.0103601630388853 0.0477625544097662 -0.0555329124726848 0.0493744621388108
-0.0153476672621974 0.0540170964934694 -0.0524977461419942 0.0553384710615967
-0.0193368614724146 0.0515296168514356 -0.0104697826269287 0.0318717434773248
0.0101920540058998 0.0392763625343991 0.035884002762161 -0.0125910767667211
0.0259771758868085 0.018515867874736 -0.00249197753786949 -0.0512990534805787
0.0267849447109276 -0.00770149284048596 -0.0561464132181472 -0.0302384515230941
0.0186108945593465 -0.0242081072801003 -0.053670516675589 0.0238544315426192
-9.20837899937853E-05 -0.0299329655749798 -0.0214904757070516 0.0411207133724242
-0.0138594700293023 -0.022679775006109 0.00202612769602176 0.0330684754054999
-0.0185848810841827 -0.0229791914556575 0.0152302368743531 0.0205963514344885
-0.0176386354681544 -0.0250308013261024 0.0256109412646113 0.0095528467429298
-0.00773037733522748 -0.0419273543167446 0.0349399610755816 0.0112202302683925
0.0227162049335606 -0.0429775172004466 0.0357031367787576 0.0248942292337865
0.0462443377339411 -0.019788746933151 0.020859471050662 0.0443380301027994
0.054597050658339 0.0310921902674516 -0.0147791989004709 0.0598177659753463
0.0187013136381208 0.0689822326466503 -0.0450510760781171 0.0473882519941096
-0.0224909299078688 0.0751214075727663 -0.0400211083604424 0.0385994035339066
-0.0343524691904837 0.0621175222633655 0.00101232822157117 0.0127771654041476
0.0057885055767393 0.0602258121987791 0.0430067452041105 -0.0191018987791679
0.0357756786713084 0.035926898184641 0.0120712428796659 -0.0576999085956956
0.0426429411940515 -0.00696627452384641 -0.0447288521823294 -0.0434178297478571
0.027594709951801 -0.0327862022758733 -0.0497849975313983 0.006819530898136
0.00168710171908885 -0.0413611076096836 -0.0261502730117486 0.0253469728102329
-0.0170894070207301 -0.030937907381363 -0.00672483803056691 0.0220152336618219
-0.0232542141167822 -0.0279160669288579 0.00660168041769392 0.01058569358264
-0.0213420135092387 -0.0292036330967322 0.0180799025699456 -0.0022447951710375
-0.010944493777199 -0.0477851793766493 0.0311252928893137 -0.00564841602211418
0.0209171311134917 -0.0523462610225519 0.0428426190870012 0.00622886149485675
0.0503648472517463 -0.0303609844299376 0.0376673441702808 0.0328617439745451
0.0664362582034111 0.0275015938901912 0.00191434345942268 0.0555240216789031
0.0256782617159748 0.0767475656662544 -0.0360358251588483 0.041446158950432
-0.0238844719338968 0.0835597325047385 -0.028125125240811 0.0175131871953928
-0.0438594295542847 0.061161675487219 0.0167296704903515 -0.0102517401652715
-0.00369219558970653 0.0708370634820537 0.0503945115720881 -0.0275811638970077
0.0363082319115491 0.0499865526705682 0.0281134602153432 -0.0595335216625483
0.0513750911947076 -0.00159148068754941 -0.0264142744656387 -0.0526816920538322
0.0339156341901523 -0.0351042581674994 -0.0391726522857169 -0.0122760515607244
0.00432695586290319 -0.0454650161348908 -0.0284554863860332 0.00631163270896038
-0.017814573940541 -0.034227943792175 -0.0157450643724303 0.00788744231427634
-0.0245121065093404 -0.0284338870401626 -0.00283164200449208 -0.000807898384604346
-0.02185275408037 -0.0286290327080788 0.00793104761615134 -0.014563877399814
-0.0120705167925767 -0.0459791601268991 0.0240753656898967 -0.02110381816508
0.0176562314489546 -0.0519043308026719 0.0433627798831805 -0.0111119821217109
0.0469286036887925 -0.0334226599833164 0.0482285714628662 0.0193857795188269
0.065339270207329 0.0227573743072454 0.0139993756939999 0.0467165312480158
0.0252709813248186 0.0725021285549466 -0.0285177584238671 0.0336885519724385
-0.0237182137304979 0.0789593527076404 -0.0167070735955435 -0.003680811959755
-0.04460386050841 0.049773388344618 0.0345841144608635 -0.0332276512336907
-0.0135187876632516 0.0652472540298721 0.0570417903999469 -0.0363457248199445
0.0276903781436055 0.0520778361304969 0.0411698850012492 -0.0578426947179616
0.0486456668110925 0.00452768151759113 -0.00577057675166905 -0.0560659282314675
0.0333693145207198 -0.0296502964014798 -0.0240981280020091 -0.0292551704192438
0.00584110266402014 -0.0409956852690857 -0.0279301847746232 -0.0131371525997976
-0.0152720815177516 -0.0318450684205228 -0.0232473203915636 -0.00709989823912442
-0.0221830659392396 -0.0256042153170896 -0.0118594363363067 -0.0114590251839306
-0.0196272559080852 -0.0252728758014715 -0.00144032117268023 -0.0244806435034134
-0.0106217472944025 -0.0389752602627626 0.0169048402102935 -0.0329828489590359
0.014862980191635 -0.0440591298781127 0.0417130043507299 -0.0246420325208011
0.0398327095231684 -0.0281243736913639 0.0521566934531976 0.00917859177929019
0.0548052338174309 0.0208760126584452 0.0210185083153317 0.0375019731123716
0.0170179818634137 0.062371714687526 -0.0232005306358773 0.0253351801164108
-0.0238306916692495 0.0633705564745483 -0.00621877164584362 -0.0211128627575571
-0.035735118464222 0.0291686244692803 0.0482906543860054 -0.0519076315029295
-0.0179080448214602 0.0450564544424008 0.0608490646437774 -0.0431296506783098
0.0146743900639084 0.0402246124275728 0.0475056275683031 -0.0537985738154197
0.0338037862598132 0.00667516672362472 0.0101620962118472 -0.0538789879872279
0.0240412897908908 -0.0190546911578278 -0.0112396634106788 -0.0403021736245748
0.00570681440155173 -0.0288606993410493 -0.0267816512749822 -0.0281917660614209
-0.0106295071806427 -0.0232275698847138 -0.0284936545789131 -0.019143814037594
-0.0163878106837253 -0.0182905775643812 -0.0181916270776214 -0.0201853788676859
-0.0142939521309083 -0.0188735003038426 -0.00837215447831411 -0.0323264487002735
-0.0072056396236938 -0.0287262938703097 0.0124123270614013 -0.0404985410398138
0.0120155842602765 -0.0316389345917716 0.0401435114489203 -0.0329768529308536
0.0314301525068733 -0.0183857088371043 0.0540274073075335 0.00358483016490907
0.0389560990785525 0.0201392131689686 0.0239159124349525 0.031710002805941
0.00474186868212023 0.0472330966792002 -0.0179059047323624 0.0190886476527615
-0.0231566919499227 0.0408848823573763 0.004198064732767 -0.0332819268715523
-0.0191546624807712 0.00391326063010824 0.0554856797538593 -0.0643747789302014
-0.0158994678095928 0.0160197985964057 0.0599861686561343 -0.046937989208242
0.00192895072647346 0.0172697187713816 0.0475152565768572 -0.0518358659992115
0.0120642454400693 0.00451400793202685 0.0170259695628031 -0.0510405881088424
0.00935588604898983 -0.00627210701724515 -0.00597159962457049 -0.0448437558773298
0.00356632168984684 -0.011336711887285 -0.0269730575464209 -0.0352262031212625
-0.00390334850351051 -0.0106520502837271 -0.0317909057931804 -0.0258525198078506
-0.00787048906085465 -0.00886395822575652 -0.0220091823281999 -0.0252610038878896
-0.00722339415674976 -0.0103997335086673 -0.011860999141458 -0.0373150110904024
-0.00395495467671944 -0.0164119423307156 0.0103404447009018 -0.0451275384031985
0.00771119617898832 -0.0177622954430952 0.0402089678745563 -0.0371745644035202
0.0213112388732294 -0.00893411635228458 0.0544236745649067 0.00271796644655654
0.0208026009412673 0.0176610614517096 0.0249830355929516 0.0298803531190763
-0.00583252998398871 0.028820420731323 -0.0139070518159832 0.0160935789246531
-0.0202783000153703 0.0147235651233718 0.0135665017105616 -0.0386861193099719
0.00969227042624302 0.00993521115244675 -0.0132801084092148 0.0495938259095774
0.00478103507466898 -0.00651070618600833 0.0267248251223252 -0.00938316398655158
-0.0045442823129549 -0.00654810675857947 -0.021275620055256 -0.0389504140317214
-0.00417495524107392 0.00253077902031629 -0.0604348729779849 -0.0080633370185006
0.00220897177079325 0.00223992567332043 -0.0481738538929804 0.0440395788167945
0.000778643643082301 -0.00137595560854408 -0.00839896958382714 0.0546294306641088
-0.000961196300683351 -0.00137695255134178 0.0149852569165428 0.0399404285533697
-0.00277760061517927 -0.00331129940152198 0.026840689635084 0.0292891511631971
-0.00416177655212122 -0.00422656905009234 0.0341922927332244 0.0237642225595558
-0.0026023640332943 -0.00837137066190045 0.0334864915079839 0.0333586196825932
0.00537987931233029 -0.00908876046549746 0.0162834505112606 0.0451113542017351
0.010195716822294 -0.00291239019617723 -0.0113038354283232 0.050246348240696
0.0138662191317789 0.00533863449998503 -0.0406799850677101 0.0570879532790109
0.00877529520133042 0.0152339201530703 -0.0616351917308581 0.0519249815436725
-0.00023942217256421 0.0257358129019913 -0.0580180285079635 0.0682796837855014
-0.00254329927561422 0.0336790680987804 -0.0137461924267819 0.0451190280086422
0.0105365854883259 0.0148328864807318 0.0299509402706837 -0.00975431121413531
0.0116459570558932 0.00319676876175792 -0.0153600047706215 -0.0444976194723435
0.00985523384426161 -0.0047494042712352 -0.0609355822869143 -0.0151448574371861
0.00862712411637077 -0.0118711790029021 -0.0511146946244553 0.0378953631488252
-0.00144817202849355 -0.015625167366425 -0.0130021309985612 0.050884115076676
-0.00891310728465943 -0.0120788859363698 0.0109874465608431 0.0389868913483561
-0.0124328206429394 -0.0136192755176745 0.023343859177846 0.026136503007742
-0.0122987897347912 -0.0157979735688804 0.0324252373013304 0.0176033248292133
-0.00502192407915622 -0.027772461627786 0.0363855952630068 0.0242685834754235
0.0168818491826921 -0.0279657050706732 0.0270060383542353 0.0377726523064915
0.0328820067401832 -0.00970166480476887 0.00328196328962711 0.0498850734784741
0.0357131788108249 0.0231458978841511 -0.0293727228628255 0.0604581522336917
0.0124476998721978 0.0476467210790065 -0.0533849705763469 0.0514406263792171
-0.0129515914894028 0.0554118901088822 -0.0496954326431102 0.0579240865522506
-0.0170881729173768 0.0527974678666992 -0.00899818679145247 0.0324220508832584
0.0123860781190585 0.0390941690631712 0.0348885281820608 -0.0142565778457991
0.0268493580012541 0.0172003576540501 -0.00453808360407802 -0.0519101412131971
0.0260520353637734 -0.00900896633922582 -0.0571803082096891 -0.0273644385530432
0.0167615559976902 -0.0251393436936386 -0.0526287310816192 0.026536114173968
-0.00193033716139409 -0.0300167224153228 -0.0193860396317608 0.0418812181411837
-0.0147185785190863 -0.0219116314160494 0.00376143843814166 0.0327336700472652
-0.019529518000514 -0.0218137173636423 0.0163055633689154 0.0198799658977946
-0.0192725433921674 -0.0245396163488759 0.0263541591160393 0.00794214514270103
-0.00960493001567224 -0.0413911389119749 0.0355828975572171 0.00892358488828387
0.0200465984634895 -0.0444743168206223 0.0375718825422965 0.0233529384282514
0.045969925852102 -0.0221144497692644 0.0224138322751177 0.0437646480394658
0.0565369395438376 0.0282564102623108 -0.0128727213722723 0.0608141609913019
0.0218937412529639 0.0682319106117932 -0.0433142153730635 0.0490598108449571
-0.0193849412024988 0.0765797276037257 -0.038862820260577 0.0406221742876816
-0.031013242077666 0.0638942530897664 0.0011035666085758 0.0125963237860391
0.00861035645865742 0.0601265148402558 0.0415417354557971 -0.0210297883069847
0.0378259242278126 0.034161659716992 0.00988709152489558 -0.0588908532162658
0.0420007345559474 -0.00900440166893815 -0.0462924068645383 -0.0412515362278365
0.0258030634868915 -0.0346452956403437 -0.0490561643072787 0.0093667048003027
-0.000469050847978291 -0.0410587567812398 -0.0244293193814905 0.026890248391525
-0.0184904044880141 -0.0297934360362394 -0.00583839306064221 0.0226785942507344
-0.0246795965699708 -0.0265080618736702 0.00701474190351606 0.00991685514435923
-0.0228660807623469 -0.027735292927098 0.0172377238088776 -0.00386612608603724
-0.0139847852146348 -0.0467823034340901 0.0307805583753034 -0.00836092572920936
0.0184419082996546 -0.0533252117274719 0.0431021517353487 0.00386793365075369
0.0489631281479759 -0.0329586135926916 0.039120963588459 0.0311276630273029
0.0678148649671852 0.0238077757700928 0.00397229291476797 0.0560042902719733
0.0297911556338265 0.0756574634429946 -0.0347935780126013 0.0433865460444928
-0.0204981702456236 0.0854101299096321 -0.0276112148833858 0.0188850134499579
-0.0412976210541463 0.0640373067994618 0.016156116367002 -0.0109546464108556
-0.000537818297782632 0.0709630912243639 0.0491393184123114 -0.0298646220678643
0.0388202625029113 0.0481557016083552 0.0262147638806915 -0.0615253996833607
0.051806876945977 -0.0042764102910507 -0.0286884457578145 -0.0519195726180309
0.0318370304732833 -0.0367555209997797 -0.0392470406231136 -0.0103842722771865
0.00168409984897687 -0.0453597425935068 -0.0281353142070139 0.00737023288731908
-0.0191867665198232 -0.033433488969625 -0.0149898709418545 0.00846116089677987
-0.0259855140628928 -0.0271002943990387 -0.00293325303437638 -0.000405093001741916
-0.0233041446746109 -0.0273784156615977 0.00664317575296782 -0.0155284954403682
-0.0150058739172522 -0.0455638473266022 0.0231310739138457 -0.0225367325617231
0.0152873771573033 -0.0530674683495005 0.0434843333329219 -0.0140022091029755
0.0454926470866159 -0.0357500319418594 0.0486510075059201 0.0171335895897011
0.0667294241589134 0.0192521359283711 0.0156640929743026 0.0461850177816799
0.0289689588528197 0.0717035898965652 -0.0280552488694678 0.0349604001161109
-0.0203488476777688 0.0808539470542102 -0.0171135527639043 -0.00291959160563025
-0.0423220349355878 0.0520404635517641 0.0329458579772355 -0.0349120440376842
-0.0106657796495598 0.0660407295786711 0.0555145287619369 -0.038428599774128
0.0300841233325699 0.0507681755683319 0.0392701487110283 -0.0597470907148502
0.0486549312922031 0.00235946582773015 -0.00791361484792081 -0.0557636970043231
0.0316865856973927 -0.0312215394132302 -0.0253640801977785 -0.0286151808004557
0.00353809202939113 -0.0414859581987115 -0.0286459751329007 -0.0121844827399148
-0.0169456763754852 -0.0305556262890745 -0.0234552899442586 -0.00555164939352361
-0.0235041017347534 -0.0241147324879751 -0.0125475720027452 -0.0107834033318282
-0.0206501407047048 -0.0239352588589878 -0.00294831271438014 -0.0246995679255505
-0.0129314381165846 -0.0384658571639342 0.0155256084454633 -0.0336012294772916
0.0126853904539718 -0.0445579517347703 0.0402678386406077 -0.027203060708595
0.0386462169800529 -0.0300951135934253 0.0522534652225194 0.00651085025353475
0.0557209939802038 0.0176850908883952 0.0219225049372746 0.0367431556376283
0.0202012353930056 0.061675938187516 -0.0219271083898344 0.0267416016313751
-0.0213898819805203 0.0653149604180248 -0.00683262256907354 -0.0209110892156165
-0.0340435393830547 0.0309934949155047 0.0462761482959172 -0.0544630475193397
-0.0158014905463365 0.0459158323641215 0.0590806336798558 -0.0452327267670875
0.0167955154664698 0.0391901695816216 0.0457577792841201 -0.0562537500366459
0.0336747046871099 0.00504572028650785 0.00840681216792987 -0.0543114159059036
0.0234496564415806 -0.0205197649353386 -0.0131140929796863 -0.0406222917991872
0.00394105049172134 -0.029474453859992 -0.0285471104163841 -0.0271732812218987
-0.0118031671347883 -0.0227726992989446 -0.0294065870473588 -0.017176829385978
-0.017197375220636 -0.0168893287810624 -0.0194781071575986 -0.0188701571452182
-0.0150002565823075 -0.0180256713804637 -0.00980376819904045 -0.0318360386997239
-0.00877233999806413 -0.0282784065805072 0.0103969706025074 -0.0412085481851089
0.0104596037050094 -0.0324523496744359 0.0386446602699356 -0.0354609706815295
0.0310104585174396 -0.0204836691791616 0.0532088714920114 0.000711182639870843
0.0398332282482437 0.0178098772725653 0.0250976633675796 0.0308953825605818
0.00738559382531532 0.0475970902511552 -0.0174653905137441 0.0204244877263777
-0.0213985851039126 0.042751926380149 0.00297918421065612 -0.033576288618249
-0.0187268257908115 0.00484459572829181 0.0529307353152161 -0.0667417607246639
-0.0147219724954056 0.0166038152761805 0.0582339508755701 -0.0489166022969947
0.00268341517775428 0.0177430225294045 0.0458570304353039 -0.0537162866164655
0.0121747696509296 0.0039136084230709 0.0151566669834276 -0.052407554267617
0.00875656701965961 -0.00666809033338112 -0.00760268384276716 -0.0454016477807859
0.00321507225258092 -0.0114222366111466 -0.0282591431280025 -0.0339474960173837
-0.00449903532636472 -0.0100452093118174 -0.0331324804413762 -0.0240246770282928
-0.00794484713327089 -0.00815365121643331 -0.0232443254941126 -0.0242712840197955
-0.00749452500108675 -0.0100080112971016 -0.01365849020589 -0.0362283889002223
-0.00475694900312834 -0.0159215634996589 0.00828601961515436 -0.0456034835509435
0.00710186924171694 -0.0181251916646152 0.0387045235148665 -0.039814724012803
0.0210806623907561 -0.00991235105721665 0.0545734122371381 -0.000308020072365631
0.0218548967924647 0.0165245039379733 0.0259634089757084 0.0286921861579144
-0.0046063472210063 0.0294836408751656 -0.0130925933036172 0.0170331086649653
-0.0190869451027736 0.0152611996410334 0.0116552779585932 -0.0387544623518747
0.00943416533992835 0.00933283541836235 -0.010207135498304 0.0492119163382356
0.00426084313517777 -0.00597586569482122 0.0254859213176187 -0.0104128312479783
-0.00437035060951476 -0.00599448150303057 -0.0231312747520104 -0.0369120032649071
-0.00410825346719111 0.00252213279949086 -0.0592583493185956 -0.00502834706246327
0.00202886386641621 0.00148491664078698 -0.0441445738146734 0.0452051710408395
0.000561178716489071 -0.000900106002168179 -0.00572157775838879 0.0532346208741729
-0.000903701817825433 -0.001367668378143 0.0164737937877903 0.0381429665023011
-0.00306431638112745 -0.00293933892822055 0.0274851723973951 0.0264110422956994
-0.00414204827007292 -0.0038128442775784 0.0345931771341521 0.0215333137837275
-0.00322430517922193 -0.00781563011452753 0.0345078605577817 0.0298681166034733
0.00482052850529952 -0.00911572534074956 0.0182679808200344 0.0430404395947896
0.00973921754780219 -0.00317835147061246 -0.00931434110501483 0.0500308946985565
0.0133886429196784 0.00447549148593947 -0.0366053963187243 0.0575802718662448
0.00947130575271698 0.0140994955108138 -0.057971179424291 0.0527136353645936
0.00125289950757214 0.0246766974659774 -0.0535378252723367 0.0689923028375729
-0.000652006815858706 0.0326538301052311 -0.011263786170672 0.0444875188765454
0.0108912887628717 0.0139922520786397 0.0278734856361039 -0.0110599860625222
0.0109641770240334 0.00239112915805817 -0.0163138327129605 -0.0427075313231467
0.00900068083539219 -0.004929367251567 -0.0593608248697416 -0.0127507843119067
0.00762071887789267 -0.0123222839161286 -0.0476199010638514 0.0393913925442705
-0.00232597266895676 -0.0155968153313664 -0.0102842424827544 0.049930792763498
-0.00935542383440748 -0.0110570429692754 0.0128688454610125 0.0367124152488294
-0.0125248700648171 -0.0124909694895277 0.0239608269438162 0.0241464410912294
-0.0128186500382349 -0.0148230692472432 0.0323030788282285 0.015342092174582
-0.00663358076817861 -0.0268221894302715 0.0366461118208476 0.0210885553971951
0.0144087603052838 -0.0282220857725994 0.0284448479943357 0.035588241008545
0.0312373589382236 -0.0109275969067543 0.00494981187965145 0.0485365583308149
0.0351940206892624 0.0207235877534499 -0.0254477019993315 0.0604829364668973
0.0141929827731541 0.0456880542308037 -0.0497237070827122 0.0520538637987908
-0.0103624812214099 0.0549337709321993 -0.0456076157176881 0.058425553173533
-0.0133664343384582 0.0522429950429168 -0.00751214932222009 0.0320010370716144
0.0140776116263051 0.0368658307592909 0.0333313259042361 -0.0154215603593606
0.0272501703076844 0.0153645738374341 -0.00610879512431332 -0.0508743030242618
0.0249130872618338 -0.0102384168124946 -0.0563947279495736 -0.0241419271442215
0.0150228509674077 -0.0255539242548713 -0.0494056574003766 0.0280359823725349
-0.00384493743540097 -0.0291122038146039 -0.0165527628901425 0.0413971382423002
-0.0158103060575731 -0.020509062037617 0.00520750287447052 0.0315269732073754
-0.0206853724053025 -0.01983197267629 0.0168400500252805 0.0183275999253794
-0.019622959898389 -0.022651634320341 0.0255146367504303 0.00573421281409535
-0.0120870527437229 -0.0400052015344454 0.0354188068822304 0.00603245683319748
0.0169727451781907 -0.044381697971928 0.0381824459945103 0.0201539168293348
0.0431178070222355 -0.0235452769719867 0.0236271303264108 0.0418071233067775
0.0561435216074532 0.0244893683530758 -0.00975366959356638 0.0598953689912939
0.0249743800954696 0.0655708974768523 -0.040619872276409 0.0495975174419445
-0.0146918850213056 0.0767153790651095 -0.03603437189861 0.0409074929964048
-0.026875601029361 0.0641981769477466 0.00178014235299416 0.0125177297976735
0.0110857564162571 0.0578071652390047 0.0400021588814426 -0.0218324163854296
0.0384336841074805 0.0311465398648298 0.00752579751475556 -0.0580594219981042
0.0406451048975581 -0.010896385529485 -0.0467571973419188 -0.0381685359392143
0.022922893246533 -0.0353646700312832 -0.0469049959369136 0.0106271353449015
-0.00314148678275116 -0.0397330881347708 -0.0226646481319395 0.0275189267683502
-0.0197593190923891 -0.0279036752236905 -0.0039896703450825 0.021963956145092
-0.0250258489221846 -0.0239966893607986 0.00748143778193272 0.009330853337457
-0.0236431598042007 -0.0258903259480785 0.0163102344906775 -0.00527101518136746
-0.0163482686917978 -0.0452436978033272 0.0298729227456922 -0.00986510567589105
0.0147640259728988 -0.0530899170308588 0.0425825477669907 0.001753967107325
0.0459225469114545 -0.0345172892347565 0.0392026662980902 0.0286568787105109
0.067125574872651 0.0200875447303396 0.00589942063984595 0.0542871952466086
0.0326497315626699 0.0723815893722625 -0.0322749399616474 0.0434952843175285
-0.0163896120395039 0.0840469214913701 -0.0258720523481924 0.0199113201924501
-0.0368371644352798 0.064206762728733 0.0149173028617336 -0.0113848279553209
0.00298485439096427 0.0685661112120821 0.0465187405439311 -0.0313259680965801
0.0403597219060296 0.044500082917916 0.0232054026634028 -0.0615520122562191
0.0498993814841525 -0.00644244555165522 -0.0289386435615479 -0.0489738735463025
0.02882054129512 -0.0380451731997294 -0.0384183272847922 -0.00948757451269915
-0.000970519754996891 -0.0442541906501034 -0.0267062579141546 0.00881946487340288
-0.020866881413633 -0.0313438783707719 -0.0140252606117219 0.00935682509689554
-0.0265283030966845 -0.024720253622186 -0.00265400057057332 -0.00020569301930857
-0.0240769814526884 -0.0255755884259262 0.00591353633818626 -0.0152257045046934
-0.0170914588756359 -0.0430493217952973 0.0213874206144371 -0.0237559590478384
0.01133835865958 -0.0524372333942968 0.041508439327773 -0.0160996536336629
0.0417288489697502 -0.0373424817865689 0.047872467731651 0.0145607140770013
0.0658247466487477 0.0151736251333984 0.016652238431516 0.044665012943698
0.0321347432109638 0.0681536247221625 -0.0258164749601777 0.0355587916735597
-0.01613101408931 0.0799941216447361 -0.0165703260211222 -0.00204251465334233
-0.0385262849932211 0.052853752142353 0.0307421675920845 -0.035352575703216
-0.00654485706318007 0.0645695232681666 0.0522890846386305 -0.0395541701132432
0.032108506955786 0.047667210880408 0.0362148998887818 -0.0602035188033738
0.0471470983658728 -0.000327366138000132 -0.00930280590742046 -0.0538057015587587
0.0289719980063636 -0.0324763063134746 -0.0261897822645342 -0.0272388671725878
0.000870482099954586 -0.0402109741033751 -0.0286796337068436 -0.010363209894472
-0.0181243335688766 -0.0288173571537432 -0.02277797138453 -0.00420068728366332
-0.0236712852393532 -0.0215066103862301 -0.0121028386107244 -0.0100216791439043
-0.020668938505511 -0.0221419846457748 -0.00402267799694803 -0.0237780251459893
-0.014751411344807 -0.036591872052155 0.013009519697746 -0.0336315665022437
0.00979033816462061 -0.0442525560523743 0.0380446153157119 -0.0290424240455587
0.0354902714370608 -0.0311237492629817 0.051502691726858 0.0036647015999231
0.0547420474865265 0.0139514634620752 0.0225347446901337 0.0350878285595574
0.0228603632083739 0.0586783787996858 -0.0206408480451807 0.0273904275938264
-0.0175667205311193 0.064946935034768 -0.00774424394870247 -0.019960220946286
-0.0311858893026848 0.0318661984390986 0.0426462151448907 -0.0546495185040979
-0.0126735863562893 0.0450605242524107 0.0550966470281367 -0.0460529066926523
0.017933392062644 0.0372074181810638 0.0426375894110823 -0.0566196323556003
0.0334550392825084 0.003501362461278 0.0061987254340705 -0.0534688615668078
0.0211297062854372 -0.0211298699166426 -0.0145353017487953 -0.0394821487805168
0.00218132318893898 -0.0284866673147746 -0.0291766427486821 -0.0249244142778159
-0.0126648408045054 -0.0212846251698106 -0.0291126108877098 -0.0152073197030275
-0.0172002673248095 -0.0154447845669884 -0.019504068039757 -0.0176236184153302
-0.015265939853357 -0.0168320817159633 -0.011750989792635 -0.0304605325436626
-0.0101293320691193 -0.0268113982553244 0.00810847438038445 -0.0407921892702811
0.00841708818691797 -0.0321209543993641 0.0362317179398811 -0.036685247820428
0.0284936649948628 -0.0211541380108728 0.0519177841736466 -0.0020043288167173
0.0392848878313507 0.0152145103766743 0.025487360545151 0.028927555068459
0.00987221164284316 0.0454390356608271 -0.0159767714482684 0.021139469275025
-0.0183730394091697 0.0427706095484275 0.00124693494185296 -0.0324319720413312
-0.0174115635884892 0.00574566555297077 0.0483214523078599 -0.0672497092255483
-0.0133770677872312 0.0170814591184048 0.0544954957436947 -0.0498504103440802
0.003134812288684 0.0164850332635041 0.0420607749398409 -0.0539914618059354
0.0119606420489239 0.00342765817748054 0.012752907128798 -0.0518353162616168
0.00859933838859617 -0.00710877308812129 -0.0101630468355111 -0.0443951920967715
0.00236217759354672 -0.0112428602636054 -0.0292950166622453 -0.0314950478921753
-0.0049013090994732 -0.00970584892851971 -0.0332087313679247 -0.0210810909094043
-0.00812173247715689 -0.00714751065618837 -0.0237760023398122 -0.022168440103641
-0.00778078689568266 -0.00901219598107737 -0.0149016827603121 -0.03455398669987
-0.00550136212823407 -0.0151483663763556 0.00620060665905901 -0.045105921026979
0.00601854144222876 -0.0180678769204292 0.0356475438144346 -0.0410103369237037
0.0195515209267233 -0.0104692257083848 0.0530461601648761 -0.00331858742893053
0.0219221689629136 0.0145534573093022 0.0261146353960561 0.0267108072419675
-0.00261075214260538 0.0285246575383765 -0.0120944146338736 0.0176524307590378
-0.0179064172355906 0.016230494765014 0.00921954478315788 -0.0380291241607046
0.0105341934030785 0.00827402879312108 -0.00525351095703926 0.0470053166506292
0.00305214336903851 -0.00641546384277887 0.0226893075697726 -0.0125747013742521
-0.00544116739703202 -0.00543733711444847 -0.0258538765146487 -0.0320552323855275
-0.00350042332937555 0.00283447214538942 -0.0562942323364379 0.00273062334860724
0.00177623643866644 0.000960712330240162 -0.0361225693307355 0.0486779150546763
0.000206834995468895 -0.000943586337883638 0.00135921044250912 0.0509826046737054
-0.000774293937981167 -0.000900513031416244 0.0198777597076253 0.0344593773139208
-0.00347956793154609 -0.00238057231098014 0.0288014839789585 0.0215570806351528
-0.00397066433016625 -0.00326066498370887 0.0350897531801229 0.0152894049880782
-0.00372016587620028 -0.00724368576818447 0.0357556267571904 0.0237539165811917
0.00334864287061285 -0.00976639093109351 0.021981715042079 0.0384815167272007
0.00908897019166112 -0.00446266352956146 -0.0030094737021463 0.0492055668467931
0.0136237543013915 0.00254796479069873 -0.0278804598478167 0.0581103076562938
0.0114393666474952 0.01278201238975 -0.0479384572286675 0.0563448793844917
0.00519915384192634 0.0230519141682947 -0.042648406328647 0.0732855902708784
0.00405119904013926 0.0320963843328191 -0.00572459296199093 0.0407768787678115
0.0117131070680669 0.0122021375607234 0.0248795619440999 -0.0142121725382514
0.0106548942640453 0.00108950384264976 -0.021184943858454 -0.0391575660704714
0.00796322553454615 -0.00583474445207824 -0.0581637914326226 -0.00405056799659965
0.00570344014936021 -0.0126928090899614 -0.0402575568426678 0.0433521301170622
-0.00404398021945006 -0.014061808426939 -0.00380704154853841 0.048667858003202
-0.00966887891381213 -0.00901138922550525 0.0160314004495131 0.0332256389306337
-0.0136543491606117 -0.00987639741725449 0.0252777559356349 0.0193326170365434
-0.0136820081219627 -0.0127034152376724 0.0314948482266596 0.00995840844615626
-0.0100091095940436 -0.0244125471687026 0.0367795773760507 0.0145344346915243
0.00985171286013417 -0.0286118706657846 0.0308958634075895 0.0298812321322476
0.0279968473070831 -0.0140236754761026 0.00980477050683624 0.0451611995041022
0.0363857389052967 0.0148543427890409 -0.0158367267482131 0.0596683396263884
0.0194830245098649 0.0412304445188297 -0.0395130936583858 0.0567142107001734
-0.00172188560130656 0.0525635202403693 -0.0370433512513958 0.0624409191649727
-0.00574569810797169 0.0529365770312575 -0.00326949290469142 0.0266906234528821
0.0171985631363477 0.0331644223270947 0.0285496296390009 -0.0192512162811955
0.0270209250575909 0.0111586541047852 -0.0126805537074937 -0.0485708435609448
0.0218931767188115 -0.0121361187426609 -0.0573836760943195 -0.0154632080401995
0.0106407732126136 -0.0258868442144859 -0.0438251392099011 0.0331165600380463
-0.00686828174663139 -0.0268447694243056 -0.0113705209309246 0.0417095821098762
-0.0168691299786437 -0.017557373608699 0.00812515604184005 0.0297180348600745
-0.0218115833920955 -0.0159204435210373 0.0176719173987871 0.0144119545971615
-0.021132681115634 -0.0189798514733977 0.0239164718576951 0.00189926199732215
-0.0166717079711778 -0.0355077514241772 0.0332245103616539 0.000733798514185133
0.0100805494335938 -0.0444054052644653 0.0377335079710832 0.0138132713233141
0.0379112278559611 -0.0275778859153429 0.026725397331614 0.0358503638631474
0.056285789182047 0.0152828784611568 -0.000847339204819517 0.0574297102143813
0.0314968000679089 0.05824654974718 -0.0298312815462858 0.0532775190140842
-0.00360114795236003 0.0725611911197851 -0.0300797721039727 0.0459871322698289
-0.0177213061933438 0.0658888094779421 0.00414254252152815 0.0064386209275873
0.0169496630070043 0.0530252739926845 0.0341243535190064 -0.0277420564107211
0.0395059383100674 0.0250378315889329 -0.00038950689330884 -0.0582555249689769
0.036687352671945 -0.0145136952447585 -0.0501294984529729 -0.02995836812002
0.0172400665438983 -0.0359461090831142 -0.0441242607258026 0.016673651614342
-0.00759579648836753 -0.0366515016296496 -0.0191733911857578 0.0295676079966956
-0.0214937813429928 -0.0240948367942616 -0.0025638546517108 0.0214085969098436
-0.0265480067514829 -0.0193508297427989 0.0077821097774685 0.0080284962349045
-0.0252385651724081 -0.0218985210096044 0.0135763974031326 -0.00703408088164884
-0.0212054039286028 -0.0396945192708056 0.0254496816014869 -0.0134629232829338
0.00616402710128828 -0.0519064630725852 0.0395904220084859 -0.00439718650227695
0.0385373220736944 -0.0378580041766715 0.0397650178090638 0.0210238572242907
0.0657435237330838 0.00878291111284484 0.013515599086618 0.049641357232173
0.0392951175789083 0.0630629882790856 -0.0225341652216162 0.0473483147355614
-0.00361565837795272 0.0806074764901227 -0.0229774158626844 0.0244189069936765
-0.0270024497405648 0.0666782047973925 0.014587720872467 -0.0182684188657697
0.0106463555955978 0.0641178276723146 0.0401275178057353 -0.0370165938288059
0.0434130327333364 0.0373673901392764 0.0134165964602067 -0.0641704335711721
0.0458222129933246 -0.0116091915828896 -0.0358213021348877 -0.0433816140978661
0.0226111145727742 -0.0391391616476788 -0.0395340253036177 -0.00339665633709997
-0.0063789691178636 -0.0417084162200253 -0.0258448000336188 0.0124875692699177
-0.0228621488048245 -0.0269438779551606 -0.0134821967962864 0.0103440388513716
-0.0276833988853741 -0.0200346980419931 -0.00303692947736266 -3.75286913384998E-05
-0.0253639765092774 -0.0215271946566405 0.00236075395982565 -0.0152084862732065
-0.0210866047276003 -0.0379247887298626 0.0160116350308829 -0.0256290091513859
0.00366444468885622 -0.0505326002911668 0.0363660633738684 -0.0213809270282088
0.0343069385519441 -0.0395526329165196 0.0460670964343122 0.00676416890044405
0.0636249827508324 0.00488644497895497 0.022715278788239 0.0391894022536909
0.0380367334004365 0.0595440261409876 -0.0173483131808587 0.0391445101163016
-0.00506863389833258 0.0770272258379191 -0.0167543375980033 0.00307124768132483
-0.0301074184258425 0.0558479365000162 0.0270139931432787 -0.0416565942362254
0.000674597830770671 0.0611824119582212 0.0445856873325128 -0.0454213699311615
0.0356264615830374 0.0410616823465671 0.0259454329451323 -0.0638828147048359
0.0442916743598204 -0.00547465075639475 -0.017370509488184 -0.0507246889672252
0.0232462680395163 -0.0338922833749215 -0.0296899246042793 -0.0232427448304551
-0.00416304563903737 -0.0379502874743685 -0.029455577542969 -0.0054569110303122
-0.0203355311770211 -0.0250976770028427 -0.0232772478297644 -0.000759363605183176
-0.0242787993510828 -0.0173320997070415 -0.0133319855998352 -0.00776897594311163
-0.0223417613870346 -0.0185313522310522 -0.00759067947672109 -0.0219321083721041
-0.0178523617507364 -0.0320435118278648 0.00714710434899693 -0.0340790128844096
0.00279193991682972 -0.0427327869841 0.0319783964447092 -0.0326776307924641
0.0293495133291368 -0.0335291390637953 0.0484516514065381 -0.00397865772470679
0.0530931165385468 0.00554677191732009 0.0265994091136931 0.0297654794771478
0.0287750127730955 0.0517427526102261 -0.0141323317692429 0.030511040668015
-0.0081175136793504 0.0624423097578393 -0.0100811202818103 -0.0157505222805753
-0.026276157065183 0.0346710450850992 0.0362199816872202 -0.0600227941543162
-0.00719099048852059 0.0440284875427723 0.0476531929042156 -0.0515337740357774
0.0207024316709892 0.0326128131866405 0.0332888945867973 -0.0606328605233193
0.031310784626038 -0.000301553626257831 -0.00178482974556487 -0.052120370083389
0.0174516245767997 -0.022344727616611 -0.0203703032537275 -0.0365312593208709
-0.00154683019278054 -0.0272440915639546 -0.0315853323684509 -0.0194382983836554
-0.0142060393981989 -0.0186904152862686 -0.0310833477243307 -0.0101311017765589
-0.0176964160019914 -0.0122431691017882 -0.0206633132484507 -0.0138102059868231
-0.0171145069841075 -0.0133207770345815 -0.0148052391015639 -0.0268627769695527
-0.0131197762209604 -0.0237416211332069 0.00211561834822554 -0.0395875796421014
0.00315666763131531 -0.0309437409105106 0.0288218308943607 -0.0394675654066018
0.0235877503662364 -0.0232589703004026 0.0490190846329365 -0.00872674887021731
0.0386096620100146 0.00872698202153136 0.0280528010849319 0.0244762011750015
0.0150396508180002 0.0407472935087511 -0.0112445076463111 0.0234653261528106
-0.0122765938672048 0.041671100844159 -0.00335598532288759 -0.0295957976679402
-0.0158726211998968 0.00761989235946861 0.0400183010973204 -0.0705313623346949
-0.0106451517386063 0.0170185385063797 0.0459455154477582 -0.053902086535044
0.00485405659428845 0.0149694400446999 0.0335981961241487 -0.057390079015565
0.0115505500664096 0.00155057055878609 0.00505205375968187 -0.0513828507112606
0.00700438812053641 -0.00771424686510294 -0.0157914260377918 -0.0414092479753993
0.000731588360102425 -0.0106806046022242 -0.0324503966822185 -0.0260941546670012
-0.00601664409101764 -0.00830022628973721 -0.03439528287697 -0.0161603130021313
-0.00807356701173724 -0.00589640461793248 -0.0247978128871958 -0.0179293873418336
-0.00849337333726427 -0.00742563081669052 -0.0188032753792714 -0.0306548417971397
-0.00701861590392125 -0.0128645264571772 -0.000185132196318593 -0.0433801528111855
0.00287816135388557 -0.0174332274341859 0.028291111494732 -0.0430389326357401
0.0166180230779367 -0.0124110030901702 0.0498962745561175 -0.009230894280443
0.0221093066292699 0.0108246078897386 0.0283555816791252 0.0227199231082331
0.00139156140255887 0.026840269972248 -0.00816284568432715 0.0193300817743552
-0.0145962436162004 0.0166694590965109 0.00342850667633219 -0.0363492534237791
0.0105036369699169 0.00799823046659856 -0.00482531599729769 0.0447839138074168
0.00334230758289415 -0.00621698765136828 0.021350423133191 -0.0114975289855828
-0.00506624097760504 -0.00484726832306295 -0.0237740381304804 -0.0308230094958398
-0.00359508744021873 0.0028015009862217 -0.05304984411017 0.00170645492842339
0.00175993536734891 0.000973648345287789 -0.0344976609205482 0.0453080824779754
0.000413485446641119 -0.00114585018513255 0.000913291225686084 0.0479364348059757
-0.000579540590188702 -0.000887737311680433 0.0182675010663209 0.0326495293780317
-0.00332086475976943 -0.0026028626147001 0.0267956821275491 0.0204569517023996
-0.00373867242856034 -0.00291164788860932 0.0325225580834248 0.0150170874716184
-0.00336135218600367 -0.00733746135047185 0.0343881425358846 0.0221523461172588
0.00319940215331027 -0.00940476023373527 0.0207260311629868 0.0370670539898118
0.00883215663404513 -0.00395664709857401 -0.00341491832249554 0.0472953670036794
0.0129766655548345 0.00257131878150069 -0.027009578237104 0.0547540153961752
0.0107381057460042 0.012036641195882 -0.0464312293111819 0.0529399468939701
0.00464478700279402 0.0224919647411479 -0.0417054232065287 0.068868557484326
0.00378121391342 0.0307968826092139 -0.00617933761749753 0.0388545128619168
0.0111330337755521 0.0116507164938166 0.0233874699707834 -0.0131125653379202
0.00989233322961019 0.00121257847563933 -0.0193511550157907 -0.0373609042733415
0.00711623938487588 -0.00537531221715402 -0.0550911742052892 -0.00465149773862567
0.00529624509513514 -0.0122962822818686 -0.0384584722139492 0.0407539780319501
-0.00358023886647244 -0.0133898213655702 -0.00396886420780917 0.0465650238128808
-0.00903556225173446 -0.00840078776486476 0.0144761662899016 0.03179915676671
-0.0126552181966649 -0.00987370613384671 0.0238013170996319 0.0184472374756272
-0.0130020580867575 -0.0126257082309966 0.0300398797165721 0.00956080769372372
-0.00901887797752092 -0.0231934552440632 0.0348214785742345 0.0134130621342737
0.00926240769048446 -0.0277294604418921 0.0289588397121844 0.0283557352142731
0.0271239534227522 -0.0131859799331373 0.00890025910089889 0.0441272077045872
0.0342639385275704 0.0142246087299961 -0.015728477410185 0.0567042445947051
0.0181336537949842 0.0395034968585133 -0.0385302255870946 0.0526048778035662
-0.00197106017539769 0.0504332619081876 -0.0365155132697807 0.0590169665853333
-0.00608363916991872 0.0502886529806051 -0.00317889099865825 0.0256255043838462
0.0159901526201064 0.0315929926487756 0.0273855218402852 -0.0180936730467093
0.0251828542532106 0.010727101747007 -0.0117822319380443 -0.0463905613270887
0.0207100063419403 -0.0114637304639762 -0.0537660688395865 -0.0159449362356292
0.010510116344591 -0.0245813659228456 -0.0424201544251153 0.030526882286797
-0.00635291139990469 -0.025336485014507 -0.0110550323564548 0.0396164361197607
-0.0159761287169698 -0.0167705842329073 0.00741041272130406 0.0278756884621201
-0.0205877158228468 -0.0151642510930417 0.0170556439234008 0.0139107851604638
-0.0199470559956893 -0.0184469010905434 0.022756011330369 0.00147709932070176
-0.0154115499463031 -0.0341704448907932 0.0313492047794325 0.000228834457148092
0.00935424146921244 -0.0420341667471767 0.0363939275064896 0.0130989268039762
0.0362217212668949 -0.0258308749597569 0.0247273451581215 0.0348254039614967
0.053307713830748 0.0146324144368384 -0.00178826005476016 0.0547452023916611
0.0294394757146267 0.05580841289096 -0.0294773532449688 0.0504446629802196
-0.00419220024133877 0.06949922352581 -0.0294229512774628 0.0435532324135493
-0.0171697310630388 0.0622025689758095 0.00363278385826099 0.00647601735126025
0.0157929735436303 0.0505402018365884 0.0326722543974676 -0.0252051342155011
0.0380058539431687 0.0238878338139547 1.3807129785569E-05 -0.0555612517950743
0.0347571412163896 -0.0130646588281544 -0.0470688458987424 -0.0295772960747369
0.0163580881071058 -0.0343471233848636 -0.0423099831802231 0.0150474331067542
-0.00730385728115177 -0.0351565499602214 -0.0186913736842124 0.0277043392494519
-0.0207096566406335 -0.0225750664401542 -0.00197532796719728 0.020491217153858
-0.0256615623574857 -0.0186432233636076 0.00734158005386502 0.00749654859397636
-0.0239991966261255 -0.0211711756812883 0.012693805947895 -0.00659022701762886
-0.0201045900915471 -0.0378373221081507 0.0243171703552109 -0.0134684627006621
0.00624775519244699 -0.0493354929210845 0.0379353443413166 -0.00477800577611841
0.0368933517547159 -0.0358335028573832 0.037274548130036 0.0209413756051377
0.0619236593079872 0.00895866521332517 0.0116847066130742 0.0474794637437313
0.0372046986211305 0.0602852092616221 -0.0220626356637598 0.044680632459179
-0.00408045420770245 0.0774070861353807 -0.0226229963292305 0.0229482299062056
-0.0267227165324069 0.0635621264782834 0.0145529993325984 -0.017063472160517
0.00942053795012183 0.0611446816921329 0.0388358388083052 -0.0341365162755335
0.041016789985184 0.0355888995638109 0.0137501573138015 -0.0607858836185214
0.0433927027517962 -0.0110341451980421 -0.0329574029916333 -0.0420732950857518
0.0212643126456642 -0.0372422692948494 -0.0373679381485849 -0.00472762370378318
-0.00601574083406585 -0.039258396406311 -0.0250118747324637 0.0112406263369045
-0.0219337214907651 -0.0256416832320473 -0.0126203328685218 0.0104297402335241
-0.0262243665524556 -0.0189569661412828 -0.00268515105873014 -0.000208936803188872
-0.0238899060594667 -0.0203617818007936 0.00209817856689232 -0.0143030501234267
-0.0201533590829703 -0.0363459237630706 0.0149090110176339 -0.0246468155961705
0.00345237298301416 -0.048115705984965 0.0350446928503354 -0.0203623649992947
0.0327638077145139 -0.0372903548340836 0.0436954964128035 0.0066895610587453
0.0600598397755203 0.00513787172949679 0.0203502677530288 0.037935073317202
0.0360606185689504 0.057271931644704 -0.0173276382521732 0.0372853935232905
-0.00479520119017254 0.0733215360672052 -0.0163199793936078 0.00265965186881645
-0.029356599045273 0.0526154849558094 0.0263717712777789 -0.0395441358928728
9.98568719101806E-05 0.0583268366476834 0.0428743192444527 -0.0421946130150846
0.0334246543111347 0.0391374322892543 0.0254962164517559 -0.0608592839500973
0.0419945615394636 -0.0047272293791551 -0.0155037515639107 -0.0491624825314798
0.0220712028888665 -0.0322602279817483 -0.0282922409084388 -0.0228108658910687
-0.00336989137692417 -0.0359115385904965 -0.028655705995002 -0.00531063710737492
-0.0192854819061027 -0.0238472576307689 -0.0220982124449639 -0.000924835772374997
-0.023148012887099 -0.0166381520438465 -0.0119263985141571 -0.00716751347027318
-0.0212351119539719 -0.0178745243093207 -0.00737126570367678 -0.0210674721328452
-0.0170792874934168 -0.0305087964499776 0.00730576679415043 -0.032519055829297
0.00301474768378964 -0.0403551029210089 0.0307861776190013 -0.0313937116554174
0.0278074839483962 -0.0314190706186137 0.0458904545134565 -0.00303683541946243
0.0499525635593209 0.0053317026168239 0.0247072029553107 0.0296110796953331
0.0271128067545788 0.0494533402654685 -0.0140013593065564 0.0293040993824264
-0.00787070626369887 0.0600438247708256 -0.0101024875862591 -0.015494810728511
-0.0250781157008607 0.0326073461849398 0.0352638258788711 -0.0571117698023406
-0.00715517952221168 0.0414949458166154 0.0456789885079644 -0.0477027060003142
0.0194257487551116 0.0310887398836131 0.0326934124717001 -0.0572201056456676
0.0298225366073337 -0.000402816656361981 -0.00107887280323263 -0.0505253511769548
0.0168126104057418 -0.0213559732126445 -0.0191447597415502 -0.0352638417648871
-0.00150241651340171 -0.0253161403371874 -0.0301160545628059 -0.018997446928776
-0.0138018635743589 -0.0174265484794215 -0.028799203783767 -0.0098566223306136
-0.0171370018183698 -0.0117547029407082 -0.0192511693526673 -0.0135269832031533
-0.0157617220924879 -0.0134617332502742 -0.0141742220874586 -0.0258636893759732
-0.0122945411356858 -0.0224426475854833 0.001934131064973 -0.0380395359546311
0.00342752915939483 -0.0293658402467968 0.0280120633206866 -0.0375855673553088
0.0226978816267974 -0.0218613480257403 0.0462844945377094 -0.00795993729048929
0.0359501817843905 0.00835005192354777 0.0257966423631639 0.0239593663079637
0.0139517836433953 0.0387332595504712 -0.010490549387369 0.022946836984344
-0.0118288220090896 0.0397929453065535 -0.00336563558419424 -0.0282088337102154
-0.0151167288553406 0.00681646559049415 0.0386195401065515 -0.0666280135415438
-0.00978352834929436 0.0162634080046757 0.0453067651414909 -0.0504876552532231
0.0043018755816714 0.0140779388331071 0.0328280957141179 -0.0538304859990733
0.0108030723774433 0.00176418481405188 0.00556273424689292 -0.0491841619377345
0.00674809079163865 -0.00717036104088092 -0.0146394008019194 -0.0398153743157961
0.000769888557345516 -0.0102663658056779 -0.0308587749033803 -0.024846898583642
-0.00575306886237683 -0.00794025161307453 -0.0325542397536805 -0.0147020811868659
-0.00778482240868425 -0.00548910397647407 -0.0233722140319915 -0.0172145639029966
-0.00846506407763891 -0.00730940979414428 -0.0171484863689421 -0.028705560787671
-0.0070481856750009 -0.0119265901801197 0.000218585330459356 -0.0409684423911562
0.00307641086465595 -0.0162772353084101 0.0277296894095839 -0.0409945453125308
0.0159601576450465 -0.0119402715686492 0.0470025164034432 -0.0087499520233449
0.0209726053677847 0.00972157727624801 0.0262428306894465 0.022072696896041
0.00143844520214483 0.0251715360045949 -0.00840523647011925 0.0185794575811868
-0.0136674275483593 0.0161146584893328 0.00324232309909124 -0.0345385973155399
0.00988472484162946 0.00800675695283876 -0.00639120424021879 0.043329174482207
0.00342874428104924 -0.00571090507073076 0.0211774668612735 -0.0103117036480771
-0.00527841199300121 -0.00495625794735053 -0.0219865804937593 -0.0307866472769244
-0.00350017362177508 0.00296272841716532 -0.0521343085845578 -0.000349568406996315
0.00192460137880889 0.000990055732750547 -0.035106263921401 0.0435982543162261
0.000115945835430856 -0.00143041714683766 -0.000617622441275254 0.0471307023079178
-0.000891140585690122 -0.00053975424001872 0.0164090329525118 0.0326619946172576
-0.00329719705962577 -0.00270475834341417 0.0255724645460465 0.0202605036974747
-0.00388781659713814 -0.00359296293367902 0.0314858779290725 0.0149488951845163
-0.00307763920779765 -0.00740941273198955 0.0322743270119212 0.022849048996809
0.00354331605307324 -0.00917679107887595 0.0189037029190322 0.0371095233465609
0.00897837911921321 -0.00368243696162075 -0.00520558790550536 0.0464576871746721
0.0120742785382389 0.00293610519667047 -0.02837833560349 0.0526257977747404
0.00985157930367982 0.0122795520044603 -0.0475806940399965 0.0493574043993719
0.00375380302560095 0.0216912542253237 -0.0432487807158816 0.0653042098689925
0.00299001900486543 0.030236109735513 -0.00726369257559289 0.0379449490357449
0.0108937533899651 0.0116164822921965 0.0235068964610412 -0.0120077362380202
0.00943970762242765 0.00135201081476957 -0.0173023924316642 -0.0374488079876661
0.00722706755034681 -0.00465029777082752 -0.0533178754813249 -0.00682769783994829
0.00555727269859922 -0.0114867635377507 -0.0389870560053916 0.0383126783099879
-0.00326844537474309 -0.0129799709110043 -0.00574876253602741 0.044866173104279
-0.00868847549123406 -0.00868143158414094 0.0131819996956032 0.0316474354071661
-0.0122637527820551 -0.00984142360250786 0.0224124876448913 0.0182238573259436
-0.0121147221635727 -0.012580698279314 0.0280586107421018 0.010167925910559
-0.00851272495426091 -0.0229988733383273 0.0333733533161627 0.0140823981387312
0.00981601153415733 -0.0264949745814485 0.0280312594272562 0.0285356015091921
0.0269814993674755 -0.0118302869089142 0.00702080835858777 0.0437407486733065
0.0328690297340896 0.0153152927797332 -0.0177433279887699 0.0549766900360586
0.0163291527257322 0.0395526440435468 -0.0399680700863353 0.0500505493620238
-0.00400109957264018 0.04932002463982 -0.0377172929292335 0.0566204890741854
-0.00770473778392115 0.0492203801575602 -0.00401152728153488 0.0256340320146838
0.0142755038739958 0.0315062315867157 0.0272672234156748 -0.0163902252070528
0.0246876181098705 0.0114045018515579 -0.00942126500390916 -0.0461648649734662
0.0203730472184828 -0.0102664978974946 -0.0519645754778355 -0.0177061323372237
0.0106354756339396 -0.0235938550188069 -0.0420988566701031 0.0283639271800391
-0.00581426156966958 -0.0248651030456227 -0.0122090772400211 0.038283813407439
-0.0154709734962462 -0.0166267795771056 0.00626624455754294 0.0271017758467348
-0.0200014861223523 -0.0152765157462068 0.016165497993544 0.0139163991198319
-0.0185474817703234 -0.0185385723586752 0.0216418912287291 0.00233347612277356
-0.0143887243965514 -0.0332444693154477 0.0305199471791164 0.00135110848056669
0.0102941027335435 -0.0410660765340233 0.0352116500103903 0.0139114334847595
0.0363614529058414 -0.0239136967928762 0.022145322034805 0.0352053655615374
0.0511698491759164 0.015733127714158 -0.00355938818677811 0.0535597445937833
0.0265502390423142 0.0554820757168387 -0.0313292574293341 0.0484040744654026
-0.00622698034473647 0.0681515686719338 -0.030389692860601 0.0413843909653125
-0.0189813856091464 0.0602440815641739 0.00351886152127101 0.00698987851728426
0.0134430927540921 0.0498331600935745 0.0328695685635847 -0.0233611225181999
0.0356442053144583 0.0244137362575438 0.00211604976709443 -0.0546949032702805
0.0341537145495689 -0.0121349182885523 -0.0444092489726149 -0.0308750730022252
0.0166853654618147 -0.0324755261580164 -0.0420666581421663 0.0128968672873839
-0.00644805998055619 -0.034103856496143 -0.019236930054789 0.0265168569600143
-0.019638492554556 -0.0227731730611694 -0.00303552732386775 0.0196748655560877
-0.0240019105054902 -0.0187554448439546 0.00719520105964117 0.00718811818131053
-0.023044226524812 -0.0216412743455233 0.0121089080678764 -0.006060358893954
-0.0184190095969478 -0.0376789692452117 0.0236193071336114 -0.0120368904718888
0.00691184982760238 -0.0484016202690514 0.037297598488472 -0.00366283224402337
0.0372065389623488 -0.0340267336230724 0.0353313743096372 0.0222004867971598
0.0602509064463711 0.0110163918262897 0.0095177788344201 0.0474638660136534
0.0345206931035613 0.0603239299812474 -0.0236359026281288 0.0430753922320481
-0.00692203702499999 0.0756857710137691 -0.0226900694558552 0.0219438194315375
-0.0280405934457 0.0613609676097431 0.0150816118638 -0.0155094855544976
0.00725074322135363 0.0601569167483103 0.038589723583955 -0.0314481825069181
0.0386209543341232 0.0358094737440646 0.015954654055665 -0.0592444120866625
0.0429363002078721 -0.0091706997152716 -0.0300668301930488 -0.0430217461735396
0.0218707750961346 -0.0356339387475767 -0.0365026632935014 -0.0062945276800737
-0.00491764899361795 -0.0385264129855109 -0.0249624803600178 0.0105950281925
-0.0206323855802032 -0.0257140030125041 -0.0126702767888137 0.00969724928543331
-0.0247811607346567 -0.018970171913643 -0.00266861154546712 -0.000657962302338342
-0.0231753248154421 -0.0210869508657803 0.0023007741855166 -0.0139323580177551
-0.0191401906464956 -0.0359210249463959 0.0152752568631594 -0.0237936591550606
0.00436355643053148 -0.047129633061177 0.0348500991747519 -0.019287918946561
0.0328636684294992 -0.0358819376530305 0.0423336585384883 0.00856505314817651
0.0582774151384598 0.00684847424212291 0.0182941381560611 0.0389577355268598
0.0335728761972155 0.0571258210773713 -0.0183947408563032 0.0355906066643403
-0.00766593603454873 0.0716246498438524 -0.0158235832440556 0.00230175018394105
-0.0302429577052736 0.0507651540789039 0.0276039265180231 -0.0372743969338995
-0.0025269342542515 0.0571879166572521 0.0434230247578532 -0.0393382621694125
0.0314552543516636 0.0392388980183963 0.027525740131888 -0.059003418536273
0.0408555565586666 -0.00330364324114382 -0.0122500969206669 -0.0485249250072955
0.0226078782447291 -0.0306856483367704 -0.0266968997887194 -0.023478191923236
-0.00265294585882334 -0.0352460654910046 -0.0279457019062554 -0.00621362503513127
-0.0185307998082618 -0.0236692824272977 -0.0213281560819097 -0.00114069106011763
-0.0218753484765193 -0.0163104688252187 -0.0117377875482949 -0.0076315022392819
-0.0201727614619215 -0.0178029861936988 -0.00652704828272973 -0.0208417712658195
-0.0162423524989975 -0.030032922994097 0.00772829953119406 -0.0317378417351242
0.00402683329173594 -0.0395098208534749 0.031258303303498 -0.0301709995292631
0.028017967495076 -0.0296577965350647 0.0447835183060192 -0.00145244713923581
0.0483069887883303 0.00684763542706815 0.0225344756086003 0.0303002630577494
0.0246781942920673 0.0490003293591858 -0.0150153876686203 0.0280182061549245
-0.00969575838063049 0.0585813141654625 -0.00921731855522787 -0.0150510707119992
-0.025520575442909 0.0311304033740364 0.037100571671136 -0.0543250513735222
-0.00844958569341912 0.0404561717785882 0.0469994127292985 -0.0445048555768139
0.0182011393456659 0.0308757234968116 0.0343205970439676 -0.0553902807072183
0.0288540888637745 0.000628823042039992 0.0015387096010202 -0.049602222168461
0.0166663179887097 -0.0201001458120392 -0.0172744664862185 -0.0353726628736103
-0.000671550345264727 -0.0250725660354564 -0.0287293612431869 -0.019354294380266
-0.013105347591103 -0.0172498482600546 -0.027867475484476 -0.0104316826781117
-0.0157259521901469 -0.0120875673138469 -0.0186052549580951 -0.0137805330221728
-0.0147889505583512 -0.0131030146090117 -0.013237758022664 -0.0252776970805505
-0.0111810632202705 -0.0219001122383816 0.00281026949301494 -0.0370391427452296
0.0039823918362184 -0.0282148481240021 0.0284359464768851 -0.0360186042252064
0.0222973936570432 -0.0204045128551522 0.0458322103305835 -0.00609797630730133
0.0343457575022105 0.00932558399036172 0.0243839758159562 0.0251543374576533
0.0126468131574123 0.0382631681482077 -0.011443277055597 0.0218788850673352
-0.0128498304644719 0.0387073530806288 -0.00205871219017526 -0.0271874601885785
-0.015121229375333 0.00614121519035441 0.0403033904954594 -0.0636240030946208
-0.0104809839624784 0.0155233653372104 0.0460178344380398 -0.0468851517315463
0.00393705391196047 0.0133482694154958 0.0338359248540752 -0.0514847071233351
0.0102862249440206 0.00212712052132015 0.00792963301676078 -0.0487002261344149
0.00669529414448972 -0.006789254578361 -0.0137807050927638 -0.0400537336475021
0.000945690022755356 -0.0101414698959594 -0.0289371183891119 -0.0254457341056371
-0.00546842188158275 -0.00788970761306841 -0.0312103736263035 -0.0155344743539749
-0.00709845424996875 -0.00528956784351425 -0.0224556438418793 -0.0176141430694113
-0.00790377293434941 -0.00707153802038005 -0.0162078935842767 -0.0289661993246621
-0.00635996971324229 -0.0116766385004602 0.00157850033479161 -0.0401934084038003
0.00311404063735515 -0.0161352578197643 0.0280242969992885 -0.0390504579806754
0.0158540578817708 -0.0104075767658628 0.0464112856770563 -0.00639767643883311
0.0198256600601075 0.0102362542429497 0.0246913314343579 0.0225179942256693
0.000456415992442357 0.0245473831375295 -0.00847979718872088 0.0181138980517003
-0.0137810559097638 0.0151285050055512 0.00435117053994668 -0.0334483796055154
0.0099610015336526 0.00858999409414288 -0.00809095746322392 0.0438866387707321
0.0038743152227192 -0.00600413828086763 0.0218245719398105 -0.00932060494958703
-0.00431774576535139 -0.00483114577951185 -0.0207910472059133 -0.0323492316641533
-0.00374165935732905 0.00261596525225482 -0.0531347826081257 -0.00306425347151722
0.00194443418774514 0.00101243486605072 -0.0369737599416354 0.0424899083544562
0.000110158304573984 -0.00113946457045521 -0.00237892296048756 0.0473172013520905
-0.000483741079417924 -0.0010226163440174 0.0151727269779394 0.0331793503330502
-0.00363429912418221 -0.00302732489944775 0.0250894915216481 0.0217440406577038
-0.00381053040373266 -0.00394479160707132 0.03095315292844 0.0164024716384196
-0.00301892421199922 -0.00767775733296377 0.0320190725050547 0.0237314708762517
0.00351940142626559 -0.0090519797543426 0.018350992022433 0.0382085354108089
0.00932834091685322 -0.00312826440720347 -0.00748916598260704 0.047220622238613
0.0119037038552675 0.00402874237494752 -0.0307231213259665 0.0517777032638638
0.00941711000127479 0.0126742541855692 -0.050835227809453 0.0477400707950186
0.00336246545956084 0.0222922982027275 -0.046570365973127 0.0644605249078249
0.00193382984089723 0.0309375098843016 -0.00883316194177652 0.0386383515343382
0.0104391228905824 0.0121074709538135 0.0239069699021833 -0.0105942548936176
0.00975322704580071 0.00167932453293661 -0.0159613485664017 -0.0389918817679728
0.00718103700633883 -0.00471982198988377 -0.0538910978570978 -0.00951132869069274
0.00594260220038672 -0.0114325767712955 -0.0409947138817139 0.0373047969492207
-0.00312736128216447 -0.012838575188655 -0.00739850186734289 0.0449666931745648
-0.00858010064063071 -0.00887839914723363 0.011557409447894 0.0321281858428114
-0.0119853054122482 -0.0100964523931606 0.0220623804758969 0.0192842730256645
-0.012043512889851 -0.0131231092822193 0.0278376234339603 0.0104921481798363
-0.00813262075817441 -0.0237785328741215 0.0329898964750857 0.0152687119368712
0.0108903937252518 -0.026546943127278 0.02733765522176 0.0300902686220052
0.0278899181151187 -0.0110937536319182 0.00522525562678267 0.0444723149551254
0.0329228336616409 0.0167875110870393 -0.0206060042491464 0.0545055696251532
0.0151287477296554 0.0400538159754114 -0.0432551842948146 0.0484835383064139
-0.00579132931961514 0.0499406346947811 -0.0406890917128536 0.0559952064939854
-0.00935573761086268 0.0497587726753436 -0.00504457631669225 0.0258564434582158
0.0135090881745325 0.0320196773660373 0.0282280699296049 -0.0148082935777709
0.0240787116109451 0.0125444076922767 -0.00732909554588625 -0.046823938729687
0.0210178995286877 -0.00950253167935991 -0.0516300683247955 -0.0204158667357736
0.0116662823538755 -0.0235485497574272 -0.0436726964471148 0.0266221452196931
-0.00494612946430696 -0.0256037950927663 -0.0139519520287838 0.038150570106623
-0.0148003497345643 -0.0174504486675653 0.00500969870488734 0.0278416854593092
-0.0190237272217938 -0.0161842525199386 0.0153896228077551 0.0143423119983215
-0.0185312724085091 -0.0201150019892508 0.0213582509743712 0.00229515525902758
-0.0136823452886489 -0.0345379303770802 0.0309484772942491 0.00163399523932536
0.0115107975849158 -0.0415076216783065 0.0351884121983739 0.0152032427999014
0.0376612962687206 -0.0230982075116235 0.0216474347842446 0.0371802607999201
0.0514432056288074 0.0180599734989775 -0.00642117585504225 0.0544707439815016
0.025723224099786 0.0575720430024831 -0.0338873372065882 0.047138318722688
-0.00943773065616763 0.0695218729111997 -0.0326686445192787 0.0412538763675913
-0.0211310683485401 0.0606485127924627 0.00316542684027749 0.00749440313467737
0.0118792071745115 0.0510548280097841 0.0337983235581172 -0.0217144315992685
0.035063828960537 0.0257991519721823 0.00462659289546165 -0.0555157389557299
0.0351944077612592 -0.0109130238858087 -0.0433619316450886 -0.0335442391683631
0.0182035291450802 -0.0329538661818065 -0.0427588004472337 0.0107488664393122
-0.00533662697294784 -0.0348483825620382 -0.0204396518148658 0.0264265643662706
-0.0191497098283314 -0.0233005061585301 -0.00350253411407214 0.0198956079016861
-0.023562108116404 -0.0195276044672592 0.00670846022279158 0.00741023408164961
-0.0222029182904827 -0.022419562344648 0.0121332858112177 -0.00610501911321001
-0.0178520239721676 -0.0386876621906508 0.024167746715953 -0.0119581452732877
0.00828768136578723 -0.0488410694811598 0.0382564875073872 -0.00292347231373871
0.0388396133200842 -0.0327794300104311 0.0349297596278384 0.0239872534029153
0.0606162846109954 0.0126967005021425 0.00763911922395288 0.0492726404408877
0.0335461676011857 0.0625407102285252 -0.0258317889902787 0.0429368893375827
-0.00949325288533534 0.0767854654418339 -0.024084288054897 0.0219569120607369
-0.0303502745988398 0.0611924548369582 0.015767687194226 -0.0151292373341883
0.00491935351155618 0.0614142597519054 0.0400262789175224 -0.0297299646686256
0.0378024354243877 0.0375000145932085 0.0187142559672881 -0.0601914520932338
0.0435812899231899 -0.00740882284040691 -0.0284609143354295 -0.0451693137652348
0.0233283475262035 -0.0353485734645358 -0.0367387600076202 -0.00838818043004642
-0.0037997465097179 -0.0393601418650175 -0.0255524767829964 0.00967641071043071
-0.0200103476688658 -0.0264645773255994 -0.0129500291417904 0.00928349113884699
-0.0243635570995797 -0.0198168036366371 -0.00275262520183579 -0.000603152053295097
-0.0223219918025714 -0.0221413905553266 0.0024025062958737 -0.0141689364569894
-0.017924146869433 -0.0370858563976818 0.0161446790414405 -0.0237926393136612
0.00543325950446449 -0.0475822450583258 0.0365168351087108 -0.0189342156547594
0.0345521591978818 -0.0349435533738494 0.0419847785864102 0.0100412699984988
0.0586283647789672 0.0081209393730558 0.016928275131158 0.0400141972993682
0.0322398300450465 0.0588007715848354 -0.0205036539653247 0.0358466461176311
-0.01029804902721 0.0727426369103639 -0.0162845385499344 0.00160861305993741
-0.0326278161845818 0.0500352381757939 0.0293527741981331 -0.0363420075969074
-0.00400268910570864 0.0576734479059637 0.0455376352715479 -0.0375327913301117
0.0298727499817894 0.0408141871779583 0.0305634163579854 -0.0584715035099189
0.0415723735070836 -0.00184266711741098 -0.0102296522288861 -0.0505076049501504
0.0237157555680858 -0.0302560780180516 -0.0265749633775474 -0.025561802371765
-0.00166899544635674 -0.03594480205802 -0.0280950835758799 -0.0071919823057411
-0.017457331874483 -0.0243302618707848 -0.0211442369116979 -0.00198739457728375
-0.0213646272876116 -0.0172822489179596 -0.0117570680513557 -0.00816916800855532
-0.0194537299303828 -0.0190539333821395 -0.00642554909713663 -0.0214550651599581
-0.0152900716998599 -0.0308604600157399 0.0087185486410785 -0.0320567436139388
0.00486558941211437 -0.0400657398724013 0.0325404177540915 -0.0294059427266065
0.0288513946144416 -0.0286545973960212 0.0452285548999725 0.000443157827884086
0.0483242881955162 0.0088078958624993 0.0215266959167101 0.0319550364112648
0.0242288412572378 0.0506267972287308 -0.0164904565086367 0.028598831908933
-0.0120847049357042 0.0587331106212747 -0.00911391237992675 -0.0157383723445775
-0.0267158323460668 0.0306646892286078 0.0391650599650149 -0.0535975427080576
-0.0100357610330116 0.0405689052662837 0.0493509810232447 -0.0425856892836133
0.0172460464437936 0.0317132097983712 0.0371336528474508 -0.0545530911824992
0.02922099783298 0.0019660513345346 0.00447404145807568 -0.0506319059198223
0.0175821810815797 -0.0199249442285969 -0.0168088151442041 -0.0370742855159684
0.000111487625136027 -0.0254961904012316 -0.0288393223917669 -0.0207742349387956
-0.012362278403694 -0.0184461316621484 -0.0278259364866934 -0.011520744871651
-0.0156579849440051 -0.0123043015760173 -0.0183709249807141 -0.0143786807425072
-0.014416959247097 -0.0135075837812411 -0.0122993954391471 -0.0263231792289739
-0.0105935876608285 -0.0223909457345767 0.00406853045186224 -0.0373283073972765
0.00470057798014388 -0.0286255923976431 0.0301987735894973 -0.0359951420052187
0.023289806277044 -0.0195492617689341 0.0460926590711401 -0.00477223252185738
0.0343283030889264 0.0105298100475034 0.0237146221416385 0.0263865860793927
0.011323032722318 0.0392480472495337 -0.012371487976119 0.0227453637117667
-0.014079531030163 0.0383989214933851 -0.00167552530882783 -0.027826895723225
-0.0158935478554947 0.00547886121749289 0.0434715811761131 -0.063175081390445
-0.0108279040070172 0.0154538334594425 0.0490779499774696 -0.0457142810463801
0.00329830067220553 0.0138638023965991 0.0371205681352317 -0.0509889590573658
0.0100840064309542 0.0025570985509003 0.00998420259218864 -0.0491778559271952
0.00677466936468375 -0.00663405141014062 -0.0122206330213818 -0.0416030431898734
0.00122013812020514 -0.0102385223366104 -0.0288076993775073 -0.0267280980365965
-0.00521636483061645 -0.00817776383231664 -0.0313267617305157 -0.016380066531561
-0.00674994934905758 -0.00527888102304934 -0.0219508985757712 -0.0183458181684249
-0.00772556267309437 -0.00750223694096143 -0.0153824735367465 -0.0292772548801128
-0.00582949511859593 -0.0117281181414035 0.00236787548449951 -0.0408983715003539
0.00426866155467622 -0.015841005490856 0.0297029750384285 -0.0387411350854841
0.0163978441720163 -0.0102175178314788 0.047222233105057 -0.00476209671090451
0.019407577340846 0.0111339652617536 0.0237806412026923 0.0245346662172663
-0.00025132849571775 0.0245583433936537 -0.00952869705363884 0.0181899268100418
-0.01463805901626 0.0147061497147447 0.0056736091862032 -0.033642514774219
0.0103477169208181 0.00904050785138406 -0.00911161071752263 0.0458155257630223
0.00409400890188444 -0.00589464839090152 0.0232527166117782 -0.00898491997493305
-0.00480372005404992 -0.00536733733611009 -0.0208869340367324 -0.0340414146308075
-0.00376059243736688 0.00279140256345072 -0.0559201295983291 -0.00403460309032718
0.00207175626236485 0.000818230944391461 -0.0392659395123517 0.0437728833565245
-2.62633875488696E-05 -0.00139388196128057 -0.00331269044162854 0.0497993927150398
-0.000770130543297387 -0.000676014347879445 0.0149922321944535 0.0348784420081254
-0.00340693413907828 -0.00327808172463901 0.0254228516384968 0.0226362276438168
-0.00385460331165899 -0.00433213257082398 0.0319788788270729 0.0173233172821326
-0.0028189726624376 -0.00806702503561352 0.0332592671502338 0.0246382860199521
0.00414483963763464 -0.00965317680234729 0.0187238111132004 0.0402532611597885
0.010013714239869 -0.00309856545072216 -0.00886998371656875 0.0495650178066751
0.0127136522384094 0.00439797494914308 -0.033194916582358 0.0536566983923302
0.00935989237500925 0.013324606489035 -0.054601542970368 0.0490518337234359
0.00289546868607126 0.0234136238765703 -0.0501610962775863 0.0668857233076436
0.0022139632494191 0.0322592019513346 -0.00921310136461897 0.0404484046816526
0.0108373395908825 0.0128914617030231 0.0254949888437345 -0.0101405322654001
0.00989803738896113 0.00209088079212915 -0.0158007738514449 -0.0410265214380897
0.00794102905415945 -0.00435691840690003 -0.0562212829445392 -0.0110690881117583
0.00606098641498677 -0.0120819569100169 -0.0427257657475276 0.0384870296027198
-0.00314751675594623 -0.0138375978738238 -0.00825303759495225 0.0468916633840779
-0.00873642978505505 -0.00960301761871903 0.0117955363741025 0.0339800616648137
-0.0127348186764414 -0.0105228403372552 0.0228047342899853 0.0201234016252819
-0.012303032822928 -0.0141833262395064 0.0288281806352901 0.0115372787513191
-0.00813638700571326 -0.0249047989685873 0.0347642482911826 0.0155352810654612
0.0113241198907389 -0.0281359249641001 0.0282524572314274 0.03129063601399
0.0295662706959213 -0.0113199956994208 0.00438335378818152 0.0472453520981999
0.0340583662028674 0.0184600269570482 -0.022527726968628 0.0570779475832111
0.0154483086222986 0.0422783284422347 -0.0460973189313078 0.0502833823531213
-0.00695438142633898 0.0522748861576474 -0.0438499134323099 0.0579265555835585
-0.0102497024349223 0.0515847602190099 -0.00518228535957849 0.0279261805585406
0.0139003958434484 0.0336544897793592 0.0297795075570226 -0.0148900950665187
0.0250173067601848 0.0129993518216511 -0.00697029267800538 -0.0499240521351091
0.021646153494856 -0.00926003435829552 -0.0533357461413144 -0.022421379039466
0.0121498615103419 -0.0245567268101213 -0.045975524259822 0.0274057512681622
-0.00529217622189949 -0.026427607576329 -0.0149613475949427 0.0397906704552646
-0.0156924849096834 -0.0183005666742519 0.00488457649026643 0.0287595767955362
-0.019975127403413 -0.0166881907594198 0.0158518863503451 0.0149217287732082
-0.0191317271569416 -0.0206090191074594 0.0216706616175653 0.00320555902418903
-0.0139647993304406 -0.0362970228049592 0.0323436626368587 0.00173875679362817
0.0118723854599774 -0.0431351217434815 0.0371251328267543 0.0154284385083194
0.0397636174767392 -0.0237840364691316 0.0213184766594202 0.0392253549390157
0.0533847041302728 0.0196635610116328 -0.00772462264109573 0.0572111391638219
0.0263241626512566 0.0603525699713695 -0.0365828030811558 0.0490591175964591
-0.0106609663595768 0.0725480470806686 -0.0346845870358155 0.0426737576524897
-0.0228494016379079 0.0634086526654391 0.00378461754996991 0.00835216402260823
0.011911195649006 0.0534590224535682 0.0358951756023547 -0.0210134127053832
0.0368164769960016 0.027288159067994 0.00599935160822968 -0.0581294877966215
0.036528020613328 -0.0110710551669489 -0.0442731022799924 -0.0363465089004429
0.0188932481873374 -0.0342931298859894 -0.0452860541273717 0.0105871366724464
-0.00554259338377387 -0.0367251371003664 -0.0217883488820949 0.0270184815398654
-0.0197032101848686 -0.0251462520281565 -0.00346681303519357 0.0205696706221009
-0.0244266469309274 -0.0201600650118125 0.00733410229159558 0.00742595103403116
-0.0230597378242191 -0.0236871938737625 0.0127824742160795 -0.00639584595278953
-0.0183736876662146 -0.040575641764144 0.0252919048722701 -0.012930486487436
0.00877854791549105 -0.0508800245883783 0.0401296168338212 -0.00334527827335618
0.0407151260856621 -0.0339640429537774 0.0356634733924678 0.0258166060034646
0.0633536626514435 0.014162952934565 0.00711333138941433 0.0515386715364486
0.0346621085417627 0.0661140195208357 -0.0283832554590211 0.0443845473289921
-0.0110370911607672 0.0806820433593367 -0.0255585031787061 0.0226628576554626
-0.0326207038938343 0.06351424936526 0.0165623837728381 -0.0144446677136944
0.00455300700839707 0.0639444036954138 0.0421622755146004 -0.0299588788371847
0.0387627231876055 0.0398086103168871 0.0203752652376254 -0.0618891375623157
0.045472730149285 -0.00748515855928498 -0.0286763609066674 -0.0479321959226922
0.024279073624237 -0.0370057017700112 -0.0383564486906391 -0.00950346993106872
-0.00400329539217568 -0.0410432019563958 -0.0271126693824629 0.00990719071591644
-0.0207737522349712 -0.0277891357144268 -0.0137335694603374 0.00954135966375542
-0.0248393256001821 -0.0209332776815432 -0.00291025442851245 -0.000824871820713737
-0.0235383377753237 -0.0233807636886018 0.00244320938766696 -0.0150508082048139
-0.0188963849366258 -0.0388064698641541 0.0167869927499012 -0.0248705781331969
0.0062742804335888 -0.0499313975478813 0.0383752164545587 -0.0201741637032028
0.036398632743673 -0.0360361167201062 0.0439919920365896 0.0109747417655378
0.0612039651821874 0.00962162199294329 0.0168304568071587 0.042458021419562
0.0333614457183022 0.0621534087453113 -0.0219337776687174 0.0371540712344213
-0.0113030424725341 0.0768721227343256 -0.017267990207239 0.00171955187731418
-0.0342799656253149 0.0523053758395014 0.0309881062575283 -0.0377820296015589
-0.00490173608865721 0.0602174854575545 0.0480321693602595 -0.0378694271846393
0.0310296341213459 0.0430584935956942 0.0330037190066185 -0.0610588335492066
0.0434688317348443 -0.00144285278828601 -0.00959174695437327 -0.0534477943555448
0.0249981362829915 -0.0316373740945913 -0.0275841186105266 -0.0275962827802953
-0.00178098333943117 -0.0377739308237916 -0.0293803056339168 -0.00777719674858606
-0.0179492144520405 -0.0255610933058772 -0.0222824443212419 -0.00212220872449183
-0.0218727899783639 -0.0181276419364326 -0.012569786780008 -0.00900019272796336
-0.0207526214465463 -0.0198063076825891 -0.00633119716362475 -0.0220771307293551
-0.0155792475656762 -0.0325773429282473 0.00943966729107666 -0.0334377161563264
0.00541213584523067 -0.0420151815576892 0.0344766234878732 -0.0311747089671558
0.0303643003478439 -0.0299155656542292 0.0464334556179978 0.0013529924305635
0.0502310549012566 0.00933135768385691 0.021470351681091 0.0339349423901648
0.0247295508446269 0.0530445712923859 -0.0172340829763113 0.0297132274501867
-0.0128982772367886 0.0612002498668616 -0.00886727257193642 -0.0160224921383861
-0.0287928012062889 0.0317651721419243 0.0422519246311666 -0.0551606467527096
-0.0105875476018923 0.0420983999411908 0.051893027256219 -0.0434670721955295
0.0173265721858533 0.0333380480536181 0.0397103104221778 -0.0568701304383117
0.0299817614030454 0.00240511622773105 0.00536484470102342 -0.0531937440051388
0.0179661273564207 -0.0205038001256289 -0.0170174359980851 -0.0392456294871104
4.34261778198077E-05 -0.026806478403419 -0.0302812228200637 -0.0217228536020549
-0.0128748930912334 -0.0189316739615971 -0.0287179202566044 -0.0120294934141253
-0.0157232050684645 -0.0127703853671212 -0.019108864301514 -0.0154751534295199
-0.0150770076263334 -0.0144132452783062 -0.012808249191887 -0.0276095010929465
-0.0108084720455847 -0.0236199613243379 0.00475054961558683 -0.0393143317633733
0.005222053861945 -0.0298796935000662 0.0320346431698101 -0.037819098474898
0.024285257327011 -0.0200547653935076 0.0478391677950989 -0.0037828849275774
0.0354177338776208 0.0111122185832929 0.0238836496494772 0.0281110194757848
0.0116312492842749 0.0411047956284792 -0.0135481594288626 0.0228810621919277
-0.0146994663944043 0.0399174755361508 -0.00180084427133019 -0.028755818675036
-0.0163036299455255 0.00554415334328731 0.0468545732477273 -0.0657994333436632
-0.0111582768058974 0.0160025164793212 0.0521715205137803 -0.0463712796283582
0.00310958630707982 0.0148547935069318 0.0397834049708368 -0.0529554715928647
0.0105277150614882 0.00305245807338624 0.0118630915132221 -0.0517192817017103
0.00733844244410355 -0.00662562834302286 -0.0123684143006754 -0.0445104933165466
0.00156135511747735 -0.0107315677423929 -0.0302366812145404 -0.0284408489987709
-0.00510640408707692 -0.00830510948847499 -0.0321585000191557 -0.0174930258663799
-0.0069275885387786 -0.00572885607386929 -0.0225439144399194 -0.0193211517570413
-0.00824295860023237 -0.00708206608449238 -0.0156573918428373 -0.0310046545621473
-0.00565617386170376 -0.0122286052209881 0.00357600208799945 -0.0425761189323126
0.0045388113058354 -0.0164831570182752 0.031627792448911 -0.0406486656826153
0.0169459342432417 -0.0100020405354811 0.0493574632401735 -0.00480583463112207
0.0198199735016129 0.0118692768688073 0.0247858414510697 0.026172010672182
5.91995550311755E-05 0.0255368508210724 -0.0104697908614914 0.0191764840338739
-0.0150457385083492 0.0152044171008457 0.00636868902611406 -0.0350125119943489
0.0123167550721171 0.00738994746834543 -0.00313821367310861 0.0502943826782823
0.00351771917510802 -0.00660952234659956 0.0230168945376638 -0.0122262233271538
-0.00554836404119525 -0.00412297558884773 -0.0269700523010032 -0.032774708552244
-0.00260638193818937 0.00309453338007134 -0.058800828469773 0.00435945389245332
0.00167934240414528 -0.000144634698219163 -0.0334646168356412 0.0521135485512619
-0.000341737825840875 -0.00140583241433357 0.00424872569983489 0.0528224842193809
-0.000722876372297551 -0.000916790732219059 0.021471526971427 0.034636295173108
-0.00377413472171526 -0.00253625817578517 0.0298228802767493 0.0197924934176753
-0.00511546430421453 -0.0039238814454526 0.0354266178653587 0.0130944887656753
-0.00487682577327515 -0.00803559571129805 0.0385057175552 0.0213091102783187
0.00256426333418327 -0.0102418686266348 0.025075047223911 0.0396219506237688
0.0103250424755798 -0.0051664693607446 -0.00242940427857593 0.0539616390527099
0.0134386048748666 0.00216008216672752 -0.0269397449413297 0.0606285374334217
0.011740371508392 0.0118757557250761 -0.0493394121524896 0.0580451126231935
0.00677527314519073 0.0233375457810917 -0.0438308048654685 0.0772589611304822
0.00735697962877697 0.0337124110723323 -0.00525786027165421 0.0422176091025292
0.0128716792011695 0.0121603207640855 0.0246337627241606 -0.0144578892837185
0.0112444896470682 0.000922185380615952 -0.0234376647255323 -0.0403958112390297
0.00780190262776968 -0.00588240219319029 -0.0608325950773557 -0.00213120024182841
0.00452327920816024 -0.0143484628419098 -0.0388646422944016 0.0473625989991712
-0.00580700145995831 -0.0143106788916636 -0.000875004004693573 0.051132940048431
-0.010331963267316 -0.0087554652161524 0.0175093298680593 0.0339839527252665
-0.0148347301389905 -0.00890383712833171 0.0260199944163527 0.0173163065245268
-0.0152689500605945 -0.012706977018045 0.0312649299542684 0.0076691005499987
-0.0123505253548072 -0.0240896972929754 0.0379369076501067 0.0111284079118155
0.00701080666612484 -0.0304671680064828 0.0337701470854326 0.0293327261229497
0.0290138081361439 -0.0159879883448326 0.010659373034699 0.0495590329938851
0.0380053781837901 0.0130707291503175 -0.0160042496103024 0.0622360006755974
0.0221004015014128 0.0412115767212972 -0.0407462892272313 0.0583785122568812
0.00138517745177729 0.0542837861230404 -0.0378652359802117 0.0670977597415745
-0.00204403622159972 0.0562014268836022 -0.00375796634593105 0.0263320129360187
0.0194472268548904 0.0346644991904809 0.0277746121829843 -0.0202518794533061
0.0282751681343094 0.0102792918169808 -0.0166588228227704 -0.0516515820956631
0.0220494664288012 -0.0130410182747017 -0.0607643942003739 -0.0146900573456343
0.00886665112656481 -0.0280730635455076 -0.0439338647239682 0.0371831760823785
-0.00942642203309121 -0.0268156875830472 -0.00885849480301218 0.044974309620666
-0.0185145059015584 -0.0164366966784556 0.0102139339886672 0.030093179645905
-0.0230038129983121 -0.0144255254973528 0.0184901283812637 0.0127902910718667
-0.0229294012648074 -0.0188136157103591 0.0227639159280795 0.000159119253262388
-0.0200756474945634 -0.0352580700539174 0.0330164489629248 -0.00302190189666975
0.00534611195472895 -0.045776336617786 0.0403028436610888 0.0112257130289811
0.0373255152893653 -0.0296689212136027 0.0272776773277296 0.0385611847684486
0.0580661827711744 0.0119425784389503 -0.000127277584831551 0.0604983677038749
0.0358104842883272 0.0581936935389223 -0.0297335949118432 0.0557948108527883
-0.00022446847032808 0.0765907734881711 -0.0305346171083993 0.0497817239412277
-0.013681137041822 0.0707048406545753 0.00286233582437579 0.00319759640807537
0.0200093590417019 0.0549243097082054 0.0328450949082897 -0.0291332150903611
0.0423698943339609 0.0243213163002328 -0.00461910385848297 -0.0631822476107629
0.0371548580336054 -0.0164691997498658 -0.0541888026507233 -0.0301102092162083
0.0147843148218257 -0.0382717502645398 -0.0461859655653798 0.0196160262217754
-0.0113567034693321 -0.0378066350605633 -0.0176582389040069 0.0332552797800595
-0.0238877486124293 -0.0230735474256745 -0.000393785232963475 0.023170500794282
-0.0280672128416627 -0.0178179723935303 0.00830683047448972 0.00634004987110514
-0.0273301302004747 -0.0211080383448767 0.0117995161660164 -0.00872559394610221
-0.0250307899491503 -0.0386996152178165 0.0237780382346337 -0.0172905001984607
0.000938491342485197 -0.0534755034337753 0.0411992510827548 -0.00924721299850456
0.0369033581059237 -0.0403981153638904 0.0400876764980731 0.022238057156529
0.0673862217749095 0.00463633580917188 0.0141224280613317 0.0526211751630546
0.0451858914154203 0.0628230450103741 -0.0221623388119091 0.0497114695651055
0.000638759417641166 0.0844700281488117 -0.0236293898914517 0.0276416804429225
-0.0237695286235995 0.0733678043904014 0.0136149141621641 -0.0238975377089572
0.0134401618662929 0.067450726147023 0.0382531829750095 -0.0394819670023859
0.0466999893660593 0.0369061685313066 0.00896051081553048 -0.0701201788364817
0.0473451680926064 -0.0140501643588786 -0.0397273391119706 -0.0450357162124424
0.0202546219651904 -0.0420173913685869 -0.0433165588817955 -0.00240403678448725
-0.0101924787934566 -0.0421734449035061 -0.026532277524098 0.0164161555460042
-0.0256576243202217 -0.0256833988037117 -0.0126803574086985 0.0133511984852728
-0.0289781527617713 -0.0177512205794817 -0.00318323260336175 -0.000433614360800214
-0.0277687443110623 -0.0202005903495839 1.11606278334767E-05 -0.01533849353152
-0.025102645764112 -0.0366141830896198 0.0138196806394461 -0.0285112786304696
-0.00168899165226056 -0.0518573881746727 0.0364750385707404 -0.0262835742870146
0.0322488332696027 -0.0420209473746459 0.046345814723666 0.00583350595878668
0.0641304360713523 0.00044051835229609 0.0229094198846014 0.0418151305174522
0.0438653508773279 0.0588479145839614 -0.0159938004291223 0.0417332393969869
-0.000453581976562439 0.0802299910275408 -0.0179451456025283 0.0048044890919888
-0.0279495925563763 0.0618444720727559 0.0257919845445714 -0.0498774863977811
0.00348324281596391 0.0644319996633081 0.0436825075305193 -0.0489273129679684
0.0383382905809436 0.0413454179046497 0.0221294257604631 -0.0709538858296671
0.0458445579914046 -0.00696986167599142 -0.0208448220663654 -0.0544397918797503
0.0212507188614238 -0.0364492545533553 -0.0348884994012537 -0.0230706008256187
-0.00725982240761521 -0.0393144110142335 -0.0321782556693425 -0.00208409950508578
-0.0226362438278286 -0.0243177676511007 -0.0239085446063173 0.00242889698872301
-0.025343753515667 -0.0157256923666398 -0.0138544924711428 -0.00701781258618938
-0.0240955085657257 -0.0170146126217956 -0.0104913023209255 -0.0220370780997554
-0.0204212096706072 -0.0306334946300961 0.00398541523560522 -0.0361772303432175
-0.000642702898668771 -0.0432935885186212 0.031036918323995 -0.0379616982446232
0.0267649635012595 -0.03459035833055 0.0487642357788255 -0.00542017825937113
0.0526848286873801 0.00176054189636435 0.0272077241692773 0.0321480555313405
0.0331022206700782 0.0504662689062352 -0.013023888184772 0.0329061941891901
-0.0037949494515498 0.064966428562181 -0.0119843858038028 -0.0153565081878892
-0.0249701054928698 0.0393338247391763 0.0357943122977431 -0.068850959164893
-0.00505998667551455 0.0469086713591143 0.0479221282253136 -0.0551265398897146
0.022759642216164 0.0334218462151488 0.0316666507273505 -0.0666954416049321
0.0325166177866323 -0.0010330516107716 -0.00460540254923793 -0.0568968477869953
0.0166299126778173 -0.0237048571015588 -0.0256989891088653 -0.0377110190673798
-0.00345900449797945 -0.027932833066442 -0.0346746989478885 -0.0171262358941686
-0.0160929376500441 -0.017732346983782 -0.0326514283346511 -0.00687500289482104
-0.0176317980759901 -0.0115151582775559 -0.021937964640539 -0.0133889374536703
-0.0175954804066125 -0.0126062219078386 -0.0174568498521666 -0.0266417742704125
-0.014382326248395 -0.022416967022262 -0.00135282395264308 -0.04122861470999
0.0012104595316338 -0.0314366055907958 0.0276764910061252 -0.0442912253917774
0.0221430877381506 -0.0235183944707673 0.0493439620606217 -0.011045127694156
0.0374611788685887 0.00633693537175684 0.0289154714997336 0.0260312382544122
0.0178848528945952 0.0400429137730155 -0.00982785932781375 0.026065366599029
-0.00948332347054085 0.0434232233622095 -0.0052932067427336 -0.0297810594287057
-0.0161460636687702 0.00976707673230789 0.0400764959086869 -0.0783559021630043
-0.00958812525033492 0.0190579585111569 0.0480032266789773 -0.0573646820076937
0.00529341435597758 0.0153749317651436 0.0334783806603977 -0.0624017015550586
0.0120712124353918 0.00233704276164142 0.00357921894111798 -0.0565635907753516
0.00664036981768644 -0.00787395336715169 -0.0213352634173791 -0.0439517207093256
-0.000290226383453127 -0.0118070424574548 -0.0359736322357685 -0.0246129778133446
-0.00649140906629102 -0.00813291100748117 -0.0368161289491382 -0.0126883028306405
-0.00770609051281083 -0.00491159309106811 -0.0262836326649348 -0.0167396291575638
-0.00925357627271179 -0.00601376762746721 -0.0209107313090131 -0.0301032681825511
-0.00707607207849644 -0.0117292926453378 -0.00284523380583642 -0.0446601695425384
0.00252815975253106 -0.0177180724851869 0.0272791143867019 -0.0468586571842442
0.0155987347481312 -0.0127179361794436 0.0507406801672257 -0.011892663975876
0.0216847543952205 0.00919586601660475 0.029135272797869 0.0240501636122359
0.00325415249005228 0.0258573094884242 -0.00766001652686998 0.0212501994421793
-0.013653813600693 0.017507926115716 0.00157000194929166 -0.0372572438072393
0.0131139050973809 0.00663916890822183 0.000721569727391187 0.0511178022637921
0.00306106262072888 -0.00659383366077261 0.0233549976753092 -0.0141060852207198
-0.00625834183242561 -0.00349067206279645 -0.0292818663639745 -0.0316453833483728
-0.00248589578737863 0.00326737160770249 -0.0598709661582168 0.00879445944549904
0.00173030796703802 -0.000395349995526941 -0.0300129688138372 0.0550359189135198
-0.000532250876073361 -0.00121159823841561 0.0085579943876601 0.0530540953076566
-0.00101776124785822 -0.000754785939482846 0.0239604825634605 0.033978935600042
-0.00450101046592929 -0.00214875106174284 0.0313564100116625 0.0174136972720629
-0.00594761838560578 -0.00359341107943816 0.0368510108189153 0.0107036295735311
-0.00564223630725597 -0.00773054150275377 0.0405634941211088 0.0187013221379984
0.00113249819943855 -0.0111700869848135 0.0286633951122009 0.0385011773881851
0.010313986551478 -0.00579032571637246 0.00133696546717289 0.0552686819523403
0.0142700158185279 0.0017849260993545 -0.0232887063484511 0.0634318923716389
0.0125416556178379 0.0114761494635116 -0.0465225034650564 0.0620946936684704
0.00875378723099901 0.0232391739265958 -0.0381901614575342 0.0817133163058346
0.00990620481422413 0.0335031603206345 -0.00211147162695748 0.0439687959449838
0.0145912182247834 0.011573157034563 0.0241908990617348 -0.0164644668815236
0.0108584831823343 0.000201454502502536 -0.0260328028845828 -0.0399426481496793
0.00797496289268983 -0.00620717574871669 -0.062245125311471 0.00197803047109387
0.00331241365838556 -0.0151742108812029 -0.0357387433835038 0.0504969837118745
-0.00680810858599737 -0.014014948062094 0.00304210019952666 0.0518256843678609
-0.0112928958323723 -0.00815158592403723 0.019770864766179 0.0335698032078581
-0.0155901756897091 -0.00841475950799277 0.0275872414022756 0.0157253595476876
-0.0164993186800997 -0.0121250790062688 0.0319915078110683 0.00560693176575507
-0.0146178449611069 -0.0236387753278676 0.0391009191048287 0.00793873450050786
0.00436233202115038 -0.0313414861379223 0.0367110998500347 0.0264460717926458
0.028325788547574 -0.0183074016341485 0.0142382310302082 0.0497426003800928
0.0393369774270744 0.0109320234575282 -0.0114470693840599 0.064249615337466
0.0251523916469601 0.0397965787866307 -0.0374230999949097 0.0619331421161357
0.0049802912574787 0.0556386001991254 -0.0338935293402902 0.0711203540482264
0.00229898358174376 0.0570407020465291 -0.00170333703437565 0.0272899592743561
0.0224204288628266 0.0330950104202988 0.0273767914208909 -0.0220479019342195
0.02913202317015 0.00828262938534277 -0.0201158250385414 -0.0516637819299833
0.0214455093001804 -0.0144842579887037 -0.0625842331771759 -0.0110074732377197
0.00679721152450629 -0.0289361285394347 -0.0419905669646576 0.0400851315415089
-0.0118589537420772 -0.0267007922679438 -0.00596070985028702 0.0458623724986456
-0.0198147584823374 -0.0151353719933364 0.0118894080886332 0.0295536418413555
-0.0242152595042513 -0.0129143958843011 0.0196531900585982 0.0115311789702718
-0.0248446417671506 -0.0174388381271182 0.0230004761657322 -0.00205313405392389
-0.0235932641508087 -0.0338135848022036 0.0332367861916597 -0.00583773974509965
0.00144930095490137 -0.0471355043889507 0.0417605395622992 0.00770862053068201
0.0359560563507051 -0.0335044886110379 0.0301044855648387 0.0371780195789325
0.0597501190355347 0.00827461067033452 0.00367012650746479 0.061350834968954
0.0409329067677458 0.0561070567857319 -0.0272862140380534 0.0588012192101071
0.0056874528155104 0.0774924980946656 -0.0273414426059402 0.0534151187109423
-0.00839433409516994 0.072869541373006 0.00331782183828504 0.00329491780021538
0.0244406986676695 0.0539146176155663 0.0316563095109163 -0.0312597498179692
0.0445553163789246 0.0214705306492444 -0.00958924855036535 -0.0637322456713904
0.0365093679114974 -0.018964364500801 -0.0572553521803004 -0.0272039472196239
0.0116955802030645 -0.0401229448469547 -0.0457888100992052 0.0228973932480807
-0.014503657088957 -0.037154464690631 -0.0158595350129372 0.0350543447805026
-0.0261081570888241 -0.0217080469226706 0.000759538522795474 0.0232504585580572
-0.0295453548947999 -0.0157716152640865 0.00854941238173026 0.00660770515273601
-0.0298048694635979 -0.0192380360570525 0.0112881729775591 -0.00904485080067541
-0.0283163643737316 -0.0372895604740792 0.022442290035106 -0.019632614456949
-0.00369140491454164 -0.0544450528143456 0.0407106728576291 -0.0126193877482664
0.0348632587068663 -0.0443182490293572 0.0423370489598077 0.0199714270754509
0.0686434731159049 -0.000414717920518801 0.0178217870820275 0.0530195204355489
0.0505483247124109 0.0599316749248021 -0.0182677410789541 0.0520759615837526
0.00695169176151687 0.0860818979883526 -0.021758013363234 0.0303823301144251
-0.0184268004180233 0.076468646854221 0.0122069477487678 -0.0253653625443889
0.0191078952074549 0.0671692236459937 0.0360204064003683 -0.0422623050737158
0.0500137401562481 0.0336294481358449 0.00436452864211134 -0.0719819177991293
0.046892526206028 -0.0173692868394437 -0.0436156924332145 -0.043309889074301
0.0170873635883862 -0.0439998907710421 -0.0442192449172719 0.00063783762742408
-0.0139829182438948 -0.0419395229032263 -0.0253657046253743 0.0182764910855254
-0.0276311215042749 -0.0239685027528144 -0.0113074699649578 0.0141650030495985
-0.0304951386484465 -0.0159057086237819 -0.0030435761638975 -0.00036684924874695
-0.0297247767957967 -0.0186263897998644 -0.00143874990211351 -0.0160299328637792
-0.028592203811286 -0.0356149594932409 0.0108129779953879 -0.030125634352545
-0.00597168018250665 -0.0524951074371455 0.0348987004604268 -0.0300837711777813
0.0293281537919851 -0.0445619392469496 0.0476061339131391 0.00319411564195826
0.0645982785057559 -0.0044714799573791 0.0268212674229628 0.0411929731049123
0.0490447136955967 0.0560391606998124 -0.0137381929325276 0.0435840822755768
0.00575187161873073 0.0815701742131032 -0.0175268251194283 0.00641199977382211
-0.0235162038921967 0.0648277270353101 0.022692923573353 -0.0524316462525306
0.00829609455216492 0.065216233351299 0.0413324285365889 -0.0519608376438718
0.0418472948199237 0.0390318512814607 0.0178397191545108 -0.0737380938455216
0.0459593602189849 -0.0103739897345895 -0.0249246822229138 -0.0545778287618271
0.0188532934787886 -0.0386524950545976 -0.0375064865531249 -0.0211704325104787
-0.0105014309076526 -0.0390650280531605 -0.0326267099452312 0.000304630477025208
-0.0248591224929116 -0.0227082737189989 -0.0238572770387884 0.00407643246723706
-0.0266059722401676 -0.0140490652544551 -0.0144534297836377 -0.00648484450655745
-0.0255444091769392 -0.0153123957803069 -0.0122313142545202 -0.0214642607119265
-0.0236649170600956 -0.0298200612509777 0.00114374448945158 -0.0374073474892273
-0.00402583165910896 -0.0438866726660938 0.0283882633016078 -0.0415537970588772
0.0250325982432449 -0.037149504171769 0.0489253367599503 -0.0087212098896136
0.0532570056036794 -0.00202374148733367 0.0301637462659721 0.0312059744912669
0.0374773867783166 0.0489398080735384 -0.0106085306468754 0.0350534326993167
0.000677246904522195 0.0659604470755373 -0.0131576431796786 -0.0143096620112498
-0.0222846970969905 0.0419847571868768 0.0311913583033212 -0.0725921031393781
-0.00178143181208898 0.0479259209092971 0.0449338628099675 -0.0588433568255501
0.0252004458183913 0.0323935149089991 0.0271226427977069 -0.0702484967382208
0.0327139005323377 -0.00338009575092096 -0.00860975766333756 -0.0582753214875644
0.0149642470401897 -0.02550642861516 -0.0292087708705894 -0.0370377927987597
-0.00633568893366718 -0.0280459963423983 -0.036812317492112 -0.014716987938553
-0.0173782699273143 -0.0167264865206302 -0.0332353757126209 -0.00478236370872323
-0.0186995071737496 -0.00990025805582013 -0.0231978739783358 -0.0114291983117392
-0.0187304806089298 -0.011288773973794 -0.0200176529872785 -0.0254803882064491
-0.0160839392949658 -0.0215448400986911 -0.00465870972815101 -0.0418262340075937
-0.00140880088167661 -0.0320859926180434 0.0246575056839971 -0.0473437363535791
0.0206718449161084 -0.0252395875303805 0.0489324486496998 -0.0143328785941181
0.0381110989658563 0.00348823949805041 0.0311922920494903 0.0248158303834892
0.0215258522913236 0.0391681662643476 -0.00883970194890847 0.0273065408870416
-0.00648645832261729 0.0444255867020591 -0.00761156532072462 -0.0292029274150319
-0.0152469226540008 0.0109742414833613 0.0351597598548836 -0.0819372945096371
-0.00793931865005556 0.0197408239506735 0.0454216647749249 -0.0619965522067925
0.00638995488141534 0.0151150161375973 0.0293876364886029 -0.0657407642227671
0.0120080444519104 0.00148248548262669 -0.000820243516838816 -0.0576103834339986
0.00592305685135205 -0.00833564329805849 -0.0247691522994937 -0.0434667124244522
-0.00137627497181265 -0.0118337098661818 -0.0383525300432671 -0.0222653403646015
-0.00711370633443452 -0.00781402632761146 -0.0385362558085493 -0.00984751485780735
-0.0079213606829441 -0.00465375799904705 -0.0277873974008866 -0.0149684857656611
-0.00943449805788004 -0.00540397602610822 -0.023524164074129 -0.0284769323571758
-0.00825855647095956 -0.0108549218710867 -0.0066092649852705 -0.0456856207158121
0.00108771726961345 -0.0177726072846708 0.023957410013194 -0.0499086352021577
0.0149070750259565 -0.014066028527942 0.050555701902851 -0.0155688321109243
0.0225891999757113 0.00786258534125378 0.0310686715833842 0.0223621059871557
0.00534739254948294 0.0261764823699131 -0.00592804547518776 0.0228302162994308
-0.012069396884405 0.0182186777064209 -0.00138999577752259 -0.0377160004675453
0.0128226720913588 0.00500249902191902 0.00414675067458039 0.0496317721451376
0.00259798889901238 -0.0071373015153538 0.0219675882745993 -0.0146637867347902
-0.00606110419491841 -0.00303347540101681 -0.0298378207937623 -0.0292854371073109
-0.00183637266735963 0.00329975834876265 -0.0577634970635786 0.0118476289407799
0.00122110469594604 -0.000535830210800062 -0.0257220727729238 0.0549677364426722
-0.000220557357827689 -0.00111010320448019 0.0117656404134695 0.0503686694180383
-0.000709813852815807 -0.00103993096644654 0.0250637342221009 0.0312037823094765
-0.00450118031187446 -0.00169430477088676 0.0314279904728852 0.0148153796617668
-0.00535526981675419 -0.00300961528630943 0.0357969026292329 0.00785476773119709
-0.0060667752639501 -0.00750037910208519 0.0397805454346069 0.014680303865289
0.00100414927644688 -0.0103730520152487 0.0302438309473324 0.0351274068922297
0.00946718520441261 -0.00636249441668249 0.00478616975692329 0.0532546315667768
0.0132258516372796 0.00106377496445833 -0.019038362514442 0.0625940363319422
0.0126897481599589 0.0101784311188005 -0.0418436224784798 0.0625595845232493
0.00965324206418753 0.0218184074413094 -0.0317170226897949 0.0809330711908288
0.0120606065974747 0.0313004009554466 0.0011855469376881 0.0427125425315372
0.0141370693944998 0.0100133822177 0.0233748256027519 -0.0166503986504207
0.0109857657341761 -0.000449832707678643 -0.0276722183687955 -0.0373077602636069
0.00736964243323444 -0.00656851727675204 -0.0603293493221221 0.00498202958842582
0.00219055002962532 -0.0144800914234834 -0.0311001593584634 0.0512323386793481
-0.00730703386729049 -0.012626660300112 0.00609687510924521 0.0495471942715553
-0.0115117639141908 -0.00714244837584905 0.0213753326752781 0.030971176634016
-0.0154934139883363 -0.00681464110995446 0.0273664292970646 0.0136332816110575
-0.0167289666402641 -0.0103368541512471 0.030743320711048 0.00289328807933643
-0.015846847826493 -0.0219968634140818 0.0376953030648103 0.00504858826975242
0.00168644376693769 -0.0306277940009399 0.0368355692273649 0.0234209706640993
0.0262838810114384 -0.0195441203382072 0.0169615747572272 0.047424872306843
0.0386941517772919 0.00830776773658024 -0.00735379777676274 0.0628377996760523
0.0269360918899677 0.0369477984652093 -0.0328134426860242 0.0621603774632424
0.00828409942131472 0.0533187894492903 -0.0275344321210034 0.0707800226829197
0.00617886697808127 0.0548936577373202 0.00067895213726717 0.0268558939942231
0.0232846951278447 0.0300271772741699 0.0254593287981582 -0.0222968851787527
0.0288909919309945 0.00676836298876475 -0.0219316866932331 -0.0488980135917129
0.0199731974134353 -0.0152869626300965 -0.0610760388613306 -0.00694352742275722
0.00418158103715377 -0.0283866506493808 -0.037706526473386 0.0413946848225418
-0.0134199920703992 -0.0245242341646223 -0.00261087128143596 0.0450651626413787
-0.0204860563314554 -0.0133903929353027 0.0136229108218667 0.0282925283026528
-0.0241327681004255 -0.010977404928803 0.0191522091297822 0.0101494960364168
-0.0251358488057111 -0.015164784401228 0.0214563797870872 -0.00326424018811635
-0.0249708563172755 -0.030810843053286 0.0309809791980416 -0.00798946613910992
-0.00151945775460544 -0.0453217382528534 0.0408128042377953 0.00412063108563621
0.0326725217333921 -0.0344228447724679 0.0319243315967567 0.0346659266947022
0.058197529913881 0.00374530312123205 0.00765659282396666 0.0592814033176913
0.0430192947425259 0.0517858973656031 -0.0232474900949272 0.0585101438201016
0.0104271332454955 0.0745550098882889 -0.0230257376986651 0.053258651674996
-0.00296832197953105 0.0708756920053691 0.00400648980859167 0.0037031820328862
0.0270309768494136 0.050374776315414 0.0287052532849231 -0.0317579502023072
0.0442390914385884 0.0173099594643043 -0.0130453077540022 -0.0611923759581804
0.0343961989339946 -0.0208382203028385 -0.0568238377155842 -0.0231720710523557
0.00836274930778805 -0.0395629402972065 -0.0424140197149037 0.024841419410411
-0.0168793610191606 -0.0347742892071064 -0.0129761826119891 0.0346593833176741
-0.0265495895282188 -0.0187517163040455 0.00222008423281369 0.0223047990032341
-0.0296059770506094 -0.0134589211204527 0.00841834495779812 0.0052823016570071
-0.0298895700682466 -0.0166915677487783 0.00978319978754795 -0.00990648990133945
-0.0303815457407057 -0.033741298821919 0.020248091216475 -0.020583359077133
-0.00731017365595035 -0.0518049814908271 0.0384649461844499 -0.0157565623147653
0.0304446903791327 -0.044892189616507 0.0422352671908679 0.0169517722531017
0.0663073866071405 -0.00486022281143525 0.0206217183517295 0.0499175052673541
0.0531997437129372 0.0543293248315838 -0.0155308733005734 0.0517586981392136
0.0124294059790754 0.0829109555585183 -0.0188391989265419 0.0309822368541231
-0.0127288257596834 0.074694997902395 0.010550695688371 -0.0247903204984552
0.0226856844872373 0.0638127073357831 0.032773630418408 -0.0419674937169323
0.0503801662169513 0.0293142631533544 -0.000218356335990079 -0.069914254637426
0.0440298726191453 -0.019585882375908 -0.0448628635157284 -0.0402650243024594
0.0131204412858883 -0.043424194893511 -0.042832203770844 0.00341025235492993
-0.0166090403322073 -0.0395430194748888 -0.0237050679540918 0.0192076640606734
-0.0285940728572361 -0.0212088483041799 -0.0102244890372014 0.0146563536359591
-0.0303000899051304 -0.0130442701003175 -0.00359084059287564 0.000331273345209635
-0.0296212112786154 -0.0159182424926047 -0.00277144336504089 -0.0152018749959579
-0.02985080383847 -0.0323882206267635 0.00830129993151094 -0.0294743548197383
-0.00975276582528357 -0.0502885585439132 0.0312607827702481 -0.0321228483509019
0.0256371416488788 -0.0449536187596406 0.045806152386621 -0.000212391061509386
0.0619581217034931 -0.00891886603942232 0.0283491213355605 0.0387113101546861
0.0513983563453963 0.0504039887736165 -0.0109661664573521 0.0434739109538409
0.0110155593235812 0.0785527617439501 -0.0162845684362661 0.00760694146572412
-0.0186161185072621 0.0642116575447878 0.0186460357727403 -0.0518476329842949
0.0123510391197685 0.062392509493242 0.036707034108681 -0.05222010184652
0.0430344801535482 0.0347744676173103 0.0123510847464424 -0.0723277888383761
0.0436890336425157 -0.0129629543388964 -0.0272645163769906 -0.0511604004427826
0.0154392271644476 -0.0383765158443955 -0.038418137663705 -0.0188740520962653
-0.0131130792312776 -0.0366759818194358 -0.0315011414798619 0.0019679917211266
-0.0257346209691045 -0.0201059697619338 -0.0221074183193798 0.00544339805243075
-0.0261510793916186 -0.0113951692146742 -0.0143680251058796 -0.00474213175875878
-0.0256849417427493 -0.0131301625433646 -0.0138333638280892 -0.0192398196636793
-0.0247714129286712 -0.0270316939270981 -0.00149401546791848 -0.0360636043669684
-0.00757882173409931 -0.0420559885580398 0.0247805257426079 -0.0423340744441187
0.0212858497273637 -0.0374472990231671 0.0461941288438479 -0.0114542277209645
0.0507486627865652 -0.0054242124821724 0.0314422535612732 0.0290479804580966
0.0398156321463173 0.0440388913807404 -0.0082627793294561 0.0342394322190608
0.00492071435836773 0.0631482044896726 -0.0139863357176493 -0.0127218018590037
-0.0184495744549065 0.0418254933887105 0.0257077799054447 -0.0717736525761573
0.00176730027720102 0.0460063830350464 0.0401059784855619 -0.059126326223071
0.0262903829480029 0.0293817007919651 0.021825970779438 -0.0694529343649746
0.0314143598001913 -0.00532557806572937 -0.0114613047180048 -0.055721966151674
0.0128651473687158 -0.0257692701288055 -0.0314340584926517 -0.0341830637997013
-0.00825705943696894 -0.0263296876663129 -0.0368433719534084 -0.011849910558407
-0.0180539904376094 -0.0145930816034032 -0.0319731006236193 -0.00226145902481158
-0.0181884207883602 -0.00820899168013042 -0.0232694790440676 -0.0095464154907836
-0.0184530008678082 -0.00943682559305356 -0.0210278378303224 -0.023391592014534
-0.0173214932331136 -0.0193985390778718 -0.00713943626919344 -0.0402447637103432
-0.00362543919905134 -0.0311347612744925 0.0205505564731686 -0.0476526384656935
0.0183271691347801 -0.025817087605396 0.0463568537431775 -0.0170790303064964
0.0368910860284755 0.00141827584057617 0.0311162170506229 0.0226240655444245
0.0236633030818174 0.0360985465681066 -0.00629364688808405 0.0271360267379931
-0.00377915791611239 0.042924933570138 -0.00925068127383851 -0.0276227833849331
-0.0139469395925636 0.012024034921607 0.0287309485641235 -0.0817793768562073
-0.0063270347878392 0.0193377819901573 0.0402072895591931 -0.0618596336155426
0.00684963357347052 0.0142128902246887 0.024490845193519 -0.0649518219816602
0.0120341099052574 0.000659815261471273 -0.00401518572936958 -0.0561277620239493
0.0057722638158923 -0.0085911806703158 -0.0272712453941361 -0.0405167629102554
-0.00240785259417501 -0.0111800036308428 -0.0391572754227796 -0.0196206350058573
-0.00723936424998536 -0.00701335074377485 -0.0372132245980419 -0.00704163980548101
-0.00746279693003964 -0.00388330634266129 -0.0281888017154003 -0.0123456739958932
-0.00910825052568801 -0.00427569225758483 -0.0248205577496127 -0.0263547915794042
-0.00853558757511931 -0.00963617574152708 -0.00932109855369407 -0.0433835778651999
-0.000681088066482402 -0.0170899201132771 0.0197262732951466 -0.0500387626639399
0.0132539540001415 -0.0138927226729505 0.0476968693774496 -0.0176943528120244
0.0218036049712314 0.00621948473899497 0.0315007469784182 0.0201724830243319
0.00693380432488087 0.0246104618682943 -0.00431602914837193 0.0221769318036385
-0.0108209784831113 0.0181472087108873 -0.00370435870647687 -0.0365307226606432
0.0128467809979878 0.00444092012898301 0.00559266492430812 0.0465984070514678
0.00209567004782077 -0.00710747793367042 0.0207842874595473 -0.014622360198583
-0.00532182009390067 -0.00294255389087061 -0.0288601858770027 -0.0273149372440309
-0.00152546512972298 0.00323476294393691 -0.054350220627656 0.0121100823079961
0.00114559928388451 -0.000735603856452554 -0.0227703252483129 0.0523874916741703
-0.000858536603939286 -0.00119359261186296 0.0125511194065903 0.0472594182092548
-0.00119204737489602 -0.0010457857893856 0.0248580024235156 0.02916861993592
-0.00422409247549084 -0.00158490757310558 0.0300453995944593 0.0134269271586188
-0.00571405047797428 -0.00275601601992143 0.0341800013491397 0.00669917969167242
-0.00607905429682079 -0.0065060863374303 0.0376894069232438 0.0127451510952933
0.000592453166685528 -0.00978693991068371 0.0292392497899213 0.032741871105097
0.00918728194314423 -0.00633799296563648 0.00564168025936313 0.0512552603186449
0.0127102447416824 0.0010092696984013 -0.0168587903212283 0.0589802406836599
0.0118098865280015 0.00965477961188527 -0.0385350994649561 0.0594610368372848
0.00955576279910029 0.020208980459854 -0.0283597440968619 0.077252174162521
0.0117879437586516 0.0291544626985494 0.00275259549661681 0.0401028544508926
0.013721271676867 0.00894842348569141 0.021947900253464 -0.0160056673571691
0.0101427760371746 -0.000413332811463307 -0.0266478999144649 -0.0349133821954938
0.00691871771873445 -0.00608638219338146 -0.0568655581321769 0.0058393052324883
0.0014633923644752 -0.01380735784907 -0.0284851659879145 0.048311860856345
-0.00745951458069379 -0.0116051684398361 0.00724059744168498 0.0467397910647328
-0.0107778440575692 -0.00670808078942434 0.0207051109024116 0.028801887750287
-0.0148254093027582 -0.00628808432022611 0.0257858718254675 0.0120089302676965
-0.016395224875058 -0.00902077665417275 0.0290393422725272 0.00242018133028303
-0.0156388629301967 -0.0199407012173594 0.0353731687525205 0.00363312332680473
0.00121991884451034 -0.0288302558355907 0.0353381951976381 0.0208324621817223
0.0246071424468885 -0.0191341088289442 0.0168675805601907 0.0453889963949127
0.0367280176821218 0.00674125052579325 -0.00585902816112438 0.0594412493505935
0.0257161310821145 0.0346143984781756 -0.0303978455224107 0.0590408740301904
0.0090789461902929 0.0499408741321726 -0.0248349548845487 0.0677663698919851
0.00721181540080389 0.0512839437560578 0.00145543376170473 0.0259154026562248
0.0225375341922674 0.0277310192443649 0.0242127360198174 -0.0209651962819403
0.0274205661886208 0.00560384752638664 -0.0216697113479045 -0.0459990443696605
0.0185304545556431 -0.0146428875652252 -0.0581964206165657 -0.00535254045684426
0.00341674605657278 -0.0268902719343308 -0.0346673877118662 0.0398192171016493
-0.0133462539858267 -0.0227992799609494 -0.000823147239894663 0.0423383320159727
-0.0197704938380854 -0.0125125775589135 0.0130935643525087 0.0259543459237339
-0.0229768222721224 -0.00977518086635993 0.0183461648901319 0.00937068177428633
-0.0242947213465317 -0.0132564928009892 0.0198471340304607 -0.00313709551163493
-0.0245739189515319 -0.028546302835472 0.0288432507505081 -0.00862236322890663
-0.0031717792046201 -0.0426754826778252 0.0379188863698912 0.00325517231477297
0.0296869336018039 -0.0334740897313078 0.0304126109332429 0.0326068492673102
0.0548097227769951 0.00222138036001855 0.00834040799067489 0.0562178020233409
0.0417148637187849 0.047614584688014 -0.0205821663283865 0.0559361260361081
0.0115505885026363 0.069668667004985 -0.0203690027868346 0.050976911088937
-0.0010172185302764 0.0667235014340172 0.00388334837955888 0.0034926302224402
0.0265618999355897 0.0466412151033921 0.0272906675614322 -0.0291178578782016
0.0419108888511514 0.0155219612012411 -0.013144233268198 -0.0577675994759468
0.031705133953622 -0.0203031829805339 -0.0542866128286245 -0.0213527824068851
0.00661510467961332 -0.0375935714220403 -0.0397012191334547 0.0241628229535842
-0.0172396446853661 -0.031699370253272 -0.0116223985690529 0.0326306211181317
-0.025616694932229 -0.0171653679454383 0.00296153479383769 0.0210085727624728
-0.0277984794871017 -0.0116877830329513 0.00821893757738454 0.0050468971766833
-0.028681346513144 -0.0148439970348592 0.00841666798551746 -0.00893371217015214
-0.0296857498654782 -0.0311651635671378 0.0177991703856203 -0.019362392457122
-0.00887810704481699 -0.0486232474144053 0.0354052414873655 -0.0162002309735672
0.0277613631259079 -0.0429675286479951 0.0401641394317297 0.0152440196903109
0.0615496016161035 -0.00622698368135892 0.0206198266297579 0.0475138330990553
0.0511534185411272 0.0497616555256181 -0.0131230579791606 0.049694453303748
0.0136683997152487 0.0778963025470726 -0.0168152486376009 0.0297512455099004
-0.00967023785603502 0.070377585948154 0.00950712221482151 -0.0230292222025894
0.022565811251413 0.0590513852461923 0.0306545178007354 -0.0393278710564922
0.0478220490908017 0.0265346322915687 -0.00150829418861856 -0.0661567066250404
0.0409702872477004 -0.0194393376659159 -0.0426939731902083 -0.0371682513769341
0.0113496660396279 -0.0413914829930461 -0.0408127067454313 0.00341172508520498
-0.0172375510604846 -0.036521556681232 -0.022096980197036 0.0184972688867605
-0.0275014403603219 -0.0191844188342505 -0.00923869231501856 0.0136269163454719
-0.0286414209815915 -0.0123028439197531 -0.00358523313539786 0.000327824768329843
-0.0283052492899331 -0.0138271945777786 -0.00343474926175991 -0.0141498264221012
-0.0296170867267347 -0.0294805635555382 0.00671090928492555 -0.0280516152089156
-0.010938624706922 -0.0469438344917743 0.0281982631028676 -0.0315774676120171
0.0228929342504231 -0.0430677150864753 0.0431324201009607 -0.000525608814246232
0.0577567888332719 -0.00944906085717305 0.0274622349307809 0.0361585246840526
0.0498013306914027 0.0463947739340573 -0.00912350576206787 0.0415735938950597
0.0123118410975815 0.0737049717378731 -0.0154738513562463 0.00741791850566808
-0.015683070412315 0.0605620180174349 0.0162957870999833 -0.0483901055615795
0.0131973376696969 0.0585088512974792 0.034128765923463 -0.0491638539956623
0.0409493446335607 0.0321495936250327 0.0105433466576161 -0.0680949325219736
0.0407755439985536 -0.0134127573404616 -0.0266826899674634 -0.048263488052775
0.0134115094951428 -0.0365098242123668 -0.0366025585399586 -0.016815061948782
-0.0137832403058636 -0.0335695918463393 -0.0304051082245366 0.00276072989806491
-0.0247026814470496 -0.0179857462297974 -0.0211533498405004 0.0057594202212756
-0.0247043307186395 -0.0105723613341263 -0.0138917327201046 -0.00479083327316391
-0.0244142864037577 -0.0115672296607655 -0.0132581284260351 -0.018000874855934
-0.0243154429929929 -0.0245303533152938 -0.00266520622632569 -0.0337211617955771
-0.00855757221807793 -0.0392135982056598 0.0213391068891048 -0.0407423304890898
0.0193169068965088 -0.035486588405802 0.0438047868031694 -0.0113744970291229
0.0475267189886888 -0.00610990986422228 0.0299703763501844 0.0273335340945122
0.0381676493989235 0.0402379925410041 -0.00701901671422401 0.0333685265281553
0.00616846078765225 0.0599197368553884 -0.0128923107371084 -0.0116915759519994
-0.0164021850027995 0.0396921980024143 0.0228465307330227 -0.0675531946108107
0.00264566376295959 0.0436762879310953 0.0367930999418811 -0.055797669126332
0.0255364449492478 0.0273185462892907 0.0191460440468501 -0.0657478934627742
0.0294905805838812 -0.00556435702667211 -0.0118580493614465 -0.052599832369797
0.0114552023019572 -0.0244277890423623 -0.0304641304235283 -0.0314084967108766
-0.00889028881774598 -0.0245278868944622 -0.0351297993859435 -0.0103112949837368
-0.0175690012508389 -0.0134036538258118 -0.0303024884991899 -0.00171475815600421
-0.0172976995395192 -0.00716515962615326 -0.0218992780510993 -0.00862990493755986
-0.0172757153138531 -0.00804235928281217 -0.0206780774113383 -0.0212563984673938
-0.0166767073947464 -0.0179853061059159 -0.00773165409200692 -0.0381347629773343
-0.00465369750992817 -0.028643875653336 0.0176272288198591 -0.0455413002505778
0.0168960213662573 -0.0244023286880907 0.043306599053097 -0.016879395057974
0.0343936153139857 0.000746779096002699 0.030218266831699 0.0213875088376953
0.022803350118949 0.0332656130372616 -0.00492688678453532 0.0263551645088775
-0.00225447767145915 0.0405480574671936 -0.00952225620656869 -0.0259391583176796
-0.0125017447527805 0.0114307704413878 0.025051887966439 -0.0771187408330716
-0.00550067933988302 0.0182636550961805 0.0364916480947294 -0.0592874323013488
0.00644899100318327 0.01309167113046 0.0217953898791627 -0.0619028338575503
0.010671437132776 0.000495725002984375 -0.00485815613235507 -0.053192862525593
0.00518928677610122 -0.00807375045061223 -0.0271667903370196 -0.0376859644273175
-0.00283906758416982 -0.0102786177400022 -0.0378452442659823 -0.0173601267319269
-0.0073283272385315 -0.00636379205970663 -0.0356262445304519 -0.0055117460593457
-0.00702570651343929 -0.00321796308663394 -0.026374194300669 -0.0112259555716416
-0.00884622615967069 -0.00366114387468192 -0.0236589250069577 -0.0236929409308955
-0.00823377210007777 -0.00904168346830847 -0.00989903642258777 -0.0407337769241958
-0.00101295066532903 -0.016076424809039 0.0169492591805652 -0.047503511460112
0.0123414023490035 -0.0139345419990496 0.0445102398964511 -0.0179390303800929
0.0205549562698159 0.00584260794782549 0.0301955963129257 0.0189052129158334
0.00731067566969101 0.0228836249844677 -0.00394836451295503 0.0214881677342991
-0.0097712960603151 0.0173523830634713 -0.0045591135556238 -0.0340471471295382
0.0116857436986925 0.00426162535405343 0.00507932638343462 0.0453690418971669
0.00213071288935859 -0.0064422201919337 0.0210194600822253 -0.013140662542967
-0.00507954921898032 -0.00282826852814728 -0.0267312480763591 -0.0268115376375517
-0.00151026174329405 0.00267025247533647 -0.0527604857317852 0.0109815306163631
0.00145011029952935 -0.000809812690651717 -0.0231034515794343 0.0495632551720442
-0.000511867393211591 -0.00102898195987628 0.0112415192206929 0.045317951255949
-0.00107492621554392 -0.00120533761616749 0.0233063899874322 0.0283826332613724
-0.00405499976988804 -0.00152753072788094 0.0284155878699558 0.0136073929987186
-0.00539783989328251 -0.00258122644307352 0.0325036059331022 0.00724773712189172
-0.00583863389124542 -0.00638693892078725 0.0358044123799686 0.013135464026569
0.000389394777058743 -0.00952926640598391 0.0275674915218284 0.0323571527213005
0.00919518619848292 -0.00600456790200078 0.00436169416313866 0.0494326217631761
0.0122725499305404 0.00102976320674681 -0.0174367636995053 0.0557291057515912
0.0108525371332797 0.00977994745245987 -0.0389808326305418 0.0558992842353275
0.00845581963730339 0.0195245001308722 -0.0286721663203419 0.0732186927376229
0.0108972797020348 0.0274075651989994 0.00202715106069146 0.0392437896011731
0.0129217787812335 0.00867458469669845 0.0221887263323711 -0.0147934977359005
0.00935073622102027 -0.000324187128439691 -0.0247245919272846 -0.034407200109232
0.00695116009377768 -0.00547696782546614 -0.0546525205713804 0.00456660710138026
0.00145778152893276 -0.0134237685253427 -0.028073496184369 0.045608857519031
-0.00715680139577613 -0.0113385987116343 0.00621616436437762 0.0448635813226699
-0.0101894048641748 -0.00660232058373369 0.0198838880848206 0.0280786312293559
-0.014274811683037 -0.00641469371017793 0.0245178856571306 0.012119616776406
-0.0153751854873487 -0.00946338475505272 0.0280286659002196 0.00271443350156783
-0.0145285400626611 -0.0193826207859768 0.0341004675181345 0.0038437515671801
0.00177684328619191 -0.0274562866695499 0.0332744165410241 0.0204725715945045
0.0236482890880868 -0.0180076084938503 0.0154961262736769 0.043549483207885
0.0347695658910372 0.00735689931107575 -0.0068451507870811 0.0572439872043824
0.0239657471458023 0.03353550706432 -0.0304389425574457 0.0559775541297112
0.00773111712258253 0.048156644257606 -0.0246645230496828 0.0642504994860678
0.00617409862495333 0.0489637813883711 0.00143312885355347 0.0253641058384198
0.021041468698424 0.0269177547202729 0.0242937810958905 -0.0193049429477711
0.0258606345880466 0.00576439179175371 -0.0195326878074793 -0.0449587983670301
0.0177116137625457 -0.0137693500565775 -0.0553691407728326 -0.0065662444155529
0.00346951155009366 -0.0256240981588577 -0.0342219920987082 0.0373722726358172
-0.0126888698936041 -0.0223096464694446 -0.00182179139578095 0.0404035729431016
-0.0182109379676703 -0.0121839205935037 0.0123320251728399 0.0254619965106993
-0.0219983520790034 -0.00989635704468765 0.0170585769818786 0.00948400915939544
-0.0232474482571254 -0.0133433633373196 0.0188961070222937 -0.00266914032508614
-0.0234325985404579 -0.0276906446028881 0.0273862164608887 -0.00738557093201369
-0.00240388338882472 -0.0407534508589899 0.0362120163243082 0.00320348206495458
0.0296268661619152 -0.031688224508578 0.0286341819377763 0.032269318545479
0.0518081593975465 0.00309846632756533 0.00687075952801786 0.0541009818234829
0.0388852360061512 0.0464383475331746 -0.0214896926900485 0.0532892051668298
0.00993776188965415 0.0676432575693568 -0.0201675834246871 0.04851488826428
-0.00194101595565105 0.0635023654425548 0.00401307027484017 0.00412052421133222
0.024351312703888 0.0448391598390613 0.0273337700914544 -0.0267704033209866
0.0399363820523749 0.0157830112598216 -0.0114537319897887 -0.0559584054567699
0.0306770414748445 -0.0186371799184938 -0.050916862984984 -0.0215375429537062
0.00713605502517985 -0.0358101642844385 -0.0387119453257196 0.0221643319263115
-0.0162684324396717 -0.0307062686733554 -0.0115207347766758 0.0312019402992974
-0.0238733903698167 -0.0165924051568942 0.00230177109561988 0.0196614269755839
-0.0262658951143888 -0.0112609711583929 0.00749004358043517 0.00511529356227794
-0.0271330521103331 -0.0148062018059933 0.00789765795065268 -0.00814438521358925
-0.0283259408736851 -0.0303047555394989 0.0172957045073708 -0.0185242766399991
-0.00791964767351444 -0.0465497247022373 0.0333663441606415 -0.0154896302335319
0.0272211564527083 -0.0406501668047251 0.0381047755989083 0.0160095970262361
0.0590493174526555 -0.00495071315132084 0.0188987892952665 0.0461811773668539
0.0483833659309367 0.048295393890623 -0.0142109422085483 0.0474937591491791
0.0120034244579338 0.0751161767291079 -0.016725784868047 0.0280840948779573
-0.010318399341472 0.0668104085404468 0.00962541653472173 -0.0211739805796933
0.0208026263113338 0.0567514891234755 0.0306348696369282 -0.0363903654003726
0.0452458415755753 0.0265640332136618 0.000424849579162197 -0.0632465452210405
0.0398693958626759 -0.0179606988428129 -0.040434501720608 -0.0369586572904017
0.0113209984028837 -0.039809951572193 -0.0395658537444132 0.00242646786814396
-0.0161902954286839 -0.034976691254458 -0.0217568085373449 0.0179184368041737
-0.0259873768467601 -0.0189008735616324 -0.00947891623289515 0.012764147238513
-0.0266416245693563 -0.0117103809343735 -0.00321768457047762 0.000386524451305184
-0.0269956688716204 -0.0137206277823182 -0.00331240610597027 -0.0130423825566697
-0.0277742538630003 -0.0287489453137455 0.00716272599431864 -0.0267610100805922
-0.0100863668509679 -0.044914828720583 0.0273464372300716 -0.0297719777147512
0.0225286404299027 -0.0408720373907805 0.0414353553991462 0.000809423042287355
0.0550028982057513 -0.00807745282919425 0.0256817456676583 0.0364107062466871
0.0464424695438626 0.045002385520066 -0.00965828789909972 0.0403142868243438
0.0105616521334018 0.0706358511833633 -0.0146529191635367 0.00680578539840365
-0.0154293350676552 0.0577182700485669 0.0170072185238547 -0.0459453064220854
0.0116555737657291 0.0561522504433556 0.0340792057362426 -0.0456945457139797
0.0386915882468165 0.0318685542247338 0.0117356136816269 -0.0648825220710584
0.0394647820058878 -0.0117822351320706 -0.0243955260017383 -0.0470990240381789
0.0135023865006129 -0.0348962558757479 -0.0351638051593463 -0.0171310614048005
-0.0133297890046531 -0.0324737758565764 -0.0291595977337235 0.00227944036714616
-0.0232170853614114 -0.0178472402528228 -0.0205637724762159 0.00487368777276326
-0.0230590117117624 -0.0105476847281839 -0.0133927343624598 -0.00502761968170846
-0.0229701957779732 -0.0113462026812358 -0.0131679995483725 -0.0171874700521936
-0.0230944036188178 -0.0239734970455526 -0.00215607726488529 -0.0325216351527956
-0.00812174604074155 -0.0375883472750711 0.0208777097981457 -0.0392829306379123
0.0192868934088284 -0.0337245805712032 0.0419511403548516 -0.0100890009666344
0.0454647135945993 -0.00463612402815403 0.0277408122619924 0.0272005507548893
0.0360456431623074 0.0393649359012216 -0.00667598275315033 0.0322201408024493
0.00492165356452017 0.0579933891960597 -0.0118955131031059 -0.0114583012317802
-0.016096720729434 0.0373837017017711 0.0230125519394996 -0.0644933487628812
0.00197323788430422 0.041216262183556 0.0365060057569192 -0.0527690812147013
0.0237012254957426 0.0269444774746416 0.0200301378720152 -0.0619832694026051
0.0285536355511874 -0.00482733564232248 -0.010160700665508 -0.0512124478750532
0.0113148157242893 -0.0231106247855798 -0.0286863493452729 -0.030811029308218
-0.00818557928251199 -0.0233829315871905 -0.0344161317871261 -0.0105660655474089
-0.0167206608138637 -0.0130996312619356 -0.0291562466744504 -0.00205380701555203
-0.0161624380702843 -0.00708030493063177 -0.0206021123412351 -0.00853798818960437
-0.0160334112045352 -0.00777225543502599 -0.0195714572558807 -0.0201652409032428
-0.0154264699110301 -0.0175066211682806 -0.00696321567975712 -0.0363834380865238
-0.00389066899088318 -0.0274781590464264 0.01760293957641 -0.0437705138336375
0.0160544681605819 -0.023232494029216 0.0420351529356226 -0.0151650004143183
0.0328237328518215 0.001633013328311 0.0287670811033929 0.0212917162843165
0.0210023685117651 0.0322510355576933 -0.00524277738170068 0.0250697931510616
-0.00325395191895603 0.0386804271941765 -0.0084834045417179 -0.0253006078711321
-0.0122042633012165 0.0103555264722367 0.0257478566963164 -0.0736022544396619
-0.00513465077330952 0.0176843193134514 0.036566401690278 -0.0556625963926266
0.00586212613531766 0.0129584192384512 0.0227164777249914 -0.0586480684570722
0.0107273848614724 0.000753331243569189 -0.00310919693546296 -0.0510860681036826
0.0048958734756885 -0.00741457312817631 -0.0251924434721553 -0.0368244749211952
-0.00284412331926079 -0.00951875307008559 -0.0362688894133966 -0.0174474779505364
-0.00683047516079724 -0.006527828085458 -0.0342235645117285 -0.00629774356778551
-0.00673848699609505 -0.00335180439810745 -0.0256011080671835 -0.0111079323858858
-0.00797823657544171 -0.00334200026353411 -0.022211019176552 -0.0231697478392918
-0.00796039743155853 -0.0088305229612833 -0.00871096247948105 -0.039323643896129
-0.00097413530413029 -0.0153454456384432 0.0170108422093815 -0.0456271862174757
0.0119908136277846 -0.0129870374393737 0.0435663701786211 -0.0161968762238153
0.0194777306339397 0.00592716316126073 0.028195997582581 0.0189968226780943
0.00632132184796802 0.0219366038387883 -0.0037458038920997 0.0200643187959111
-0.0101596865127844 0.0164206425601859 -0.00407130666867663 -0.0324677325137562
0.0108114210652695 0.0056933834264764 -0.00206241587668999 0.0464360683539437
0.00308362502439509 -0.00573524331747193 0.0239856273516241 -0.00972297361673059
-0.00426951177143393 -0.00353027070526816 -0.02161279662146 -0.031750760215657
-0.00178976912655676 0.0022448779928402 -0.0530099491701305 0.00205622238440884
0.000867424447938944 -0.00100516705250889 -0.0301972532513743 0.0445073836617127
-0.000224819775068584 -0.00131792936457767 0.00345790564371979 0.0469237499878905
-0.000587541473866183 -0.00121873822091335 0.0188206965925119 0.0320693395990897
-0.00350865030422955 -0.0024861881473738 0.0253947708255327 0.0186989577513478
-0.00460857696597304 -0.00367910056059977 0.0306836388848399 0.0129710851311749
-0.00415435026565303 -0.00723711346294041 0.032663624966909 0.0186717246781301
0.00277380469425904 -0.00877976441579846 0.0210180299739819 0.0369164749230913
0.011099512223364 -0.00415058431536535 -0.00494311071289792 0.0495162681892244
0.0122401385843777 0.00413275171824219 -0.0273710278081637 0.051507835953019
0.0090769974234686 0.0123827761072919 -0.0492086368238196 0.0474054453377914
0.00592058962996488 0.0213549419538279 -0.0425319230907419 0.0666256823385918
0.00685072495796636 0.0283539838008661 -0.0053112237911016 0.0390173648700827
0.0106292018222133 0.0105892387261215 0.0244443582422113 -0.0106117443973739
0.00949986782701454 0.00166574441833082 -0.0190776418026243 -0.0376548104442233
0.00805842284473319 -0.00440426031726221 -0.0544088486591049 -0.00402837043577211
0.00336155642008577 -0.0129004169208936 -0.0346248181293483 0.0409493452174401
-0.00466699633500134 -0.0126170181184178 -0.000806892989258963 0.0455240823744834
-0.00886096856553678 -0.00809786715172425 0.0152118962022675 0.0310776248023126
-0.0124017987032714 -0.00846751483594679 0.02167487044717 0.0165252498595994
-0.0134671389406225 -0.0123257536294267 0.0268133150140088 0.00808474750182691
-0.0111493318787776 -0.0217872634656459 0.0316660073948805 0.0103154008230955
0.0067039265818814 -0.0266200369313675 0.0283373726654132 0.0260630230164006
0.0278125990518599 -0.0132088761124149 0.00696906482753757 0.0464946157307817
0.0332987935860279 0.0140894355657558 -0.0175255019904186 0.0541572860323502
0.0172888701671908 0.0375136542723837 -0.0401222022756895 0.048443915446416
-0.000951730937407258 0.0484974966213285 -0.0366844443086448 0.058558730591009
-0.00162163725587883 0.0484377634288603 -0.00531433965617352 0.0241368994398993
0.0155398119271004 0.0295496321736194 0.0263569954882798 -0.0144665284931005
0.024211962680918 0.0102971354570982 -0.0131330082371532 -0.0466995917540344
0.0203153777355747 -0.0103843868233324 -0.0538753309137911 -0.0142721051375477
0.00771283488756198 -0.0249271769058717 -0.0392255090633938 0.0318859653582915
-0.00852032616484533 -0.0236381788414979 -0.0077268700974189 0.0399268726223737
-0.0156782570402465 -0.0151489968880219 0.00834561299316842 0.0274580539125474
-0.0192071093720092 -0.0134353212019101 0.0155042927529425 0.0120717530369142
-0.0204266916041886 -0.017182024428742 0.0187913079083032 0.00133448001684795
-0.0175454856173816 -0.0311235608363888 0.0273943435465833 -0.00215312297425114
0.00480362875875431 -0.0403640116163851 0.0338986442383338 0.00962570566029093
0.0350869608963839 -0.025769491856939 0.0221687678139466 0.0378029058219852
0.0507687412663592 0.0127225320754105 -0.00393921310472124 0.0537029911696103
0.0298833255059569 0.0525949163599178 -0.030278417161953 0.0469792527820522
-0.00262561122403807 0.0684725705195861 -0.0286626098902994 0.0439505641910328
-0.0114755825186992 0.0616288600514331 -0.000274981599878081 0.00236441391385395
0.0161835793223193 0.0480264959007278 0.0296214575325272 -0.0216839077524425
0.0361701192381469 0.0221315126649886 -0.00392923386950083 -0.0556549545147989
0.0333655194112285 -0.013064357139058 -0.0475588486816939 -0.027694857151076
0.0129761038162622 -0.0334858878804145 -0.0414246612669857 0.0170859583092737
-0.0105206608014688 -0.0327400910705681 -0.0156716951090219 0.0294964780962879
-0.0208070154068427 -0.0205931930282189 -0.00067912370952533 0.0206611576441721
-0.023478236110847 -0.0161850273757788 0.00609296314020681 0.00579022687634106
-0.0237655673102459 -0.0188288534360613 0.00898320953366193 -0.00631256532816331
-0.0222880520836427 -0.0345915649507339 0.0191121821450551 -0.0144027203521161
0.000115868597370154 -0.0465926708311857 0.0347123070767178 -0.0090107393270988
0.0343578531090278 -0.0352793314303492 0.0336629293295641 0.0236713158070431
0.0588980793457162 0.00591792226088266 0.00955669310616527 0.0479688019563802
0.038261171871143 0.0558969767487732 -0.0217339526858695 0.0428378296908503
-0.00225270095400105 0.0759047963447705 -0.0209020864469408 0.0243800634902281
-0.0205581164995401 0.0636637356537395 0.00942478461852732 -0.0222890488705922
0.0106800541473247 0.0591253304987007 0.033966699265712 -0.0310401473080841
0.0395817448879481 0.0336042629756559 0.0077162802405424 -0.0610438739689128
0.0420306233291077 -0.0105931923132024 -0.0348716608411637 -0.0408489047926044
0.0177801202251233 -0.0365004077705802 -0.0389781825242054 -0.00164763683390753
-0.0101428686262546 -0.0368326357789245 -0.0231139153299861 0.0150869972220209
-0.0220466850162718 -0.0230874102687684 -0.0106014832823828 0.0121783101773247
-0.0241467185989664 -0.0164099521474366 -0.0034600552555947 -0.000112848788895244
-0.0240378951734834 -0.0185496407579157 -0.00136521459403776 -0.0125886444970316
-0.0221845277639955 -0.0328141678136966 0.0103566473767888 -0.0246760614069386
-0.00217133227448851 -0.0450218669465801 0.0306258961967735 -0.0245284600661086
0.0296245953145343 -0.036233544831419 0.0406448742889877 0.00863466961154719
0.0556914326617844 0.00203353366683579 0.0179312717812026 0.0399365843173268
0.0372923546205753 0.0520748733895086 -0.016313328633313 0.036239875548241
-0.00331432494235482 0.0712986772066069 -0.0146881404309856 0.00346754968233126
-0.0243472606891712 0.0540545621275791 0.0213050591852663 -0.0451477250349693
0.00189629729828886 0.0567514934378592 0.03902676385337 -0.0400598717120988
0.0320732234708511 0.038028673493682 0.0196345738234696 -0.0615679867885687
0.0407553499287319 -0.00455262770549061 -0.0179221541921641 -0.0483773710418322
0.0193111580640384 -0.0313834207488879 -0.0322720567181492 -0.0203355666557414
-0.00748938950663976 -0.0336212357182747 -0.0285290279239937 -0.00111965923481914
-0.0199150937491817 -0.0215952841403332 -0.02060936319991 0.00242638242446546
-0.0207789737510144 -0.0144107666564095 -0.0123529665615604 -0.00696286892807846
-0.0201703098053218 -0.0150078970163295 -0.0102011068997312 -0.0183570008274203
-0.0183879096653395 -0.0274296853373625 0.00287334017065912 -0.0314212193792698
-0.00151563085777283 -0.0380741793890305 0.026448661741088 -0.0348196736692237
0.0250111645075474 -0.0298774576011235 0.042816484512188 -0.00188344821273854
0.0450666133546441 0.00301965787647545 0.0222142307526347 0.0314897826848592
0.0280232717231949 0.0450279682400532 -0.0120340453810313 0.0293912847843835
-0.0063302090674479 0.0574290041592393 -0.00946592507606883 -0.0143476306153437
-0.0218440799559867 0.0343880951319375 0.0314496518961676 -0.0620271575059331
-0.00507551256927055 0.0410288826824187 0.0433219724216689 -0.0466747872380132
0.0184397631221571 0.0307439108846818 0.0277834121676202 -0.0574318886487715
0.0286250617242544 0.000398051235803499 -0.00298497738442964 -0.0508229793982515
0.0152297506446156 -0.0209584937298838 -0.0237066038106293 -0.0335526356412489
-0.00422370381292898 -0.0239730949259818 -0.0315635115429935 -0.0153906289806023
-0.0142441032467996 -0.0160125717311572 -0.0288076482263023 -0.00596973027340777
-0.0141479754458302 -0.0104845678503451 -0.019498007580732 -0.01224747065873
-0.0145502634597764 -0.0106624835353542 -0.0157020316671063 -0.0232678962916657
-0.012398324446374 -0.0196313471313998 -0.000937230187566647 -0.0365096723958258
0.000421913901513874 -0.0277627819326062 0.0241595486846255 -0.0403039463935095
0.0200106621867352 -0.0201956197951525 0.0436421433395872 -0.00753270128737011
0.0320749357612614 0.00715013623847124 0.0239804841819121 0.0263215521113045
0.0149752025201582 0.0348937230077479 -0.00910761963929094 0.023058107496312
-0.011002376135398 0.0372860334284367 -0.00366492082282204 -0.0271883170262111
-0.0132035491941166 0.0082186139095731 0.0365797911057071 -0.0693772139605998
-0.00803164133231721 0.0161510878120869 0.0446810183732247 -0.0491225733113498
0.00387015566759762 0.0140743607949873 0.0310488432103236 -0.0539847578903927
0.0106353472341459 0.00251335844095512 0.00475170928766141 -0.0503690091014446
0.00640606869668826 -0.00679347155395763 -0.0192351680026286 -0.0395914579530417
-0.00125499140436156 -0.00970852942133118 -0.0330752540106551 -0.0225669937041811
-0.00570597591108021 -0.00724830346661327 -0.0325738535134736 -0.0106687681911547
-0.00586086444403351 -0.00457178391306619 -0.0229632587885132 -0.0154480348343713
-0.00741119219827571 -0.00471924377706796 -0.018436600729641 -0.0259722763519624
-0.00598976968722487 -0.00987273446936867 -0.00192482154055355 -0.0397370372946673
0.00136751757474483 -0.0156912581888869 0.0245478305484324 -0.0415655065877392
0.0140898516496375 -0.0113561861032611 0.0458164213121982 -0.00838550307628689
0.0184562545134328 0.00916488348796976 0.0242395169136451 0.0241987766384775
0.00253412020797671 0.0223363872513375 -0.00706282283950875 0.019076912894457
-0.0138336156459461 0.0135883102937769 0.00207781833295311 -0.0331098926205577
0.0106705691421098 0.0059556573623122 -0.00261200156477071 0.0476442655935443
0.00301955504162378 -0.00590672628940946 0.0251033327542798 -0.00965923412955909
-0.00430022172979876 -0.00344781172506411 -0.0212201994579501 -0.032541997364499
-0.00185119422388373 0.00222368650121027 -0.0549304488764131 0.00129466513652447
0.000705470704910073 -0.00106057440405009 -0.0323471500692954 0.0450990599953083
-1.12008006015479E-05 -0.00128066736073207 0.00286487321232572 0.0479756632451257
-0.00059468846961142 -0.00167177064446743 0.0191353582817169 0.0334712638267625
-0.00408818014225207 -0.00283215026233528 0.0263932697587497 0.0195826585997797
-0.005061509923528 -0.0039321859607647 0.0318792744340551 0.0141042257708191
-0.00435108899293916 -0.00786858404745895 0.0330560181445515 0.0203426883378517
0.00299276011722153 -0.00975054894942996 0.0207393536817583 0.0380986174217406
0.0108837975957684 -0.00436011045644596 -0.0062657383272217 0.0515339665938244
0.0125815890661449 0.0046539847706803 -0.0296476200472589 0.0516733770844321
0.00854480426104037 0.0131841285521651 -0.0520343835873723 0.047528217603683
0.00547266539584696 0.0216938229871753 -0.0453046140433683 0.0675760922081646
0.00623874441197627 0.0289307198785443 -0.0059314055202925 0.0403016372690966
0.0107863964602767 0.0110247884883449 0.0258203436655876 -0.0103291000091232
0.00976809047988976 0.00156839816602284 -0.0181366174240178 -0.0391034032550006
0.00828520443923569 -0.00446439824636318 -0.0560041220996108 -0.0052682013061638
0.00367002469180091 -0.0136561711278149 -0.0370400042662749 0.0413652512734845
-0.00476511532632121 -0.0129210786088425 -0.00161015105802731 0.0467375537668917
-0.00904037538902512 -0.00875466654101353 0.0151427112453101 0.0326115218398028
-0.0129214186327499 -0.00942399423329979 0.022217730841031 0.017441071630176
-0.0138678725199436 -0.0123818180043209 0.0272572966936208 0.00917745470532409
-0.010942977969316 -0.0225457466355498 0.0324098983691979 0.0114716464031286
0.00730395352535123 -0.0275607786917525 0.0282759462692422 0.0276305450674615
0.0285578943052709 -0.0131773906211611 0.00582329615125062 0.048208955774716
0.0334357240849939 0.015206354063886 -0.0189266697772305 0.0551685600131689
0.0169150934837697 0.0395025940775124 -0.0426277964340698 0.0490232834691286
-0.0018631486531603 0.050690746387141 -0.0381845484144464 0.0594057826013372
-0.00263070145982427 0.0491337378575532 -0.00506201145589899 0.0254321268014407
0.0154798510693163 0.0306651163869822 0.0283481902123639 -0.0136678648568996
0.024496836950094 0.0109292654773601 -0.0126128442785812 -0.0489807482630521
0.02120985104589 -0.0104346986835919 -0.055308506807314 -0.016216896802511
0.00770671621859718 -0.0257030754336025 -0.041193575446597 0.0323718137612712
-0.00853213215351566 -0.024458022265578 -0.0083148351514927 0.0407043170827159
-0.0162595610872868 -0.0158405546371713 0.00795380047257703 0.0280584815770302
-0.0196880853709684 -0.0142441737613436 0.0153702278765749 0.0129157394812463
-0.0206691142525864 -0.0181136379538788 0.0191204049889537 0.00168048201413983
-0.0183407836862257 -0.0323664879367669 0.0276289940864096 -0.00150761720363715
0.00572639027170138 -0.0412282239325594 0.0345731844824558 0.0105907122954475
0.0364410158355549 -0.0260207150694462 0.0217539984343839 0.0394853982659069
0.0518180766105073 0.0141989402558277 -0.00521762389304362 0.0556266858659551
0.0294910651454072 0.0543593966416707 -0.0317387866837432 0.0479381325556751
-0.00399606138635582 0.0702312056973808 -0.0297677814883606 0.0444678918490471
-0.0130859886895007 0.0623115818902702 0.000205527415321869 0.00327211392814325
0.0160431990010477 0.0495343730239004 0.0319002580442875 -0.0208756862035408
0.0367594567670226 0.0236153076244957 -0.00275055233195117 -0.0579503079886622
0.0346154190194833 -0.0128101369360069 -0.0483883040066919 -0.0297986305906574
0.0135261254159328 -0.0343779848221502 -0.043564999270772 0.0168626723469662
-0.0107653555427087 -0.0336114369575598 -0.0162230732680408 0.0304227185602593
-0.0209555559452325 -0.021199573023725 -0.000820200240745265 0.0211727727619618
-0.0238645870587003 -0.0170294805812686 0.00661775578523838 0.00655330899505594
-0.0243162750514005 -0.0201641987522718 0.00897627769307285 -0.00550806797170408
-0.0228944385941151 -0.0355400030952677 0.0197716935775195 -0.0146000473288182
0.000973096483380834 -0.0481719273075839 0.0353572590125776 -0.00884633612135765
0.0358207854993892 -0.0354741053478047 0.0346331578271393 0.0251447113818858
0.0601185886396024 0.0075989153154298 0.00879950406750947 0.0504908512103241
0.03791384501941 0.0581914220251525 -0.0230287109209947 0.0440040847763
-0.00385441103377793 0.0784117852207687 -0.0214826123151089 0.0244666647312542
-0.0220535963707134 0.0645303628973467 0.0104184681156719 -0.0224659809208522
0.00964787224043859 0.0604558415048695 0.0362143912309667 -0.0307888587639174
0.0401904682828481 0.0353470459137676 0.00935596983577356 -0.0625737185409073
0.043248500741458 -0.00992510263733797 -0.0349639660053849 -0.0435697456139409
0.0184952788495137 -0.0372929053723155 -0.04043476419868 -0.00288360458847102
-0.0102829677735522 -0.0376660581466761 -0.0239582008025217 0.0146444238804496
-0.022729114430598 -0.0240371104909478 -0.0114345423412384 0.0121019749372027
-0.0246596879793338 -0.0171920217920819 -0.00337447141823445 -0.000446223275415684
-0.0242824758345521 -0.0189483857966968 -0.00113745749062666 -0.0127884600650142
-0.0229864806502535 -0.0340359319352427 0.0108871888466589 -0.0249461238515889
-0.00182010735643157 -0.0468438444971229 0.0314402496437737 -0.0246779483872685
0.0310849015479065 -0.0372795573147578 0.0411234281555866 0.0104132222558883
0.0569332720760615 0.00313060237450338 0.0179111707538815 0.0420270250078786
0.0374138401439506 0.0540268269828326 -0.0173335612178153 0.0373562348591361
-0.00456049469684719 0.0736439279986711 -0.0152380694885395 0.00330536997700519
-0.0259624146033477 0.0544831543509812 0.0231148594809172 -0.045812230048373
0.000731005608347602 0.0579971417906901 0.0414520855668208 -0.0398165631357181
0.0325871660353899 0.0397563561242239 0.021581469546098 -0.0625729136155295
0.0420027141301954 -0.00395491851264892 -0.0169762471131214 -0.0507459442563598
0.020215833383538 -0.0322067594896046 -0.0326958977815751 -0.021486684577058
-0.00741016766355509 -0.0344595643754114 -0.0290565332858067 -0.00195040552444832
-0.0204503388036792 -0.0224509108919854 -0.021249986395381 0.00211460863754879
-0.0210833707043593 -0.0152704963738916 -0.0124491905794691 -0.00712217018362121
-0.0203286281961123 -0.0156875617156904 -0.00970840335667224 -0.0191640158397224
-0.018886770474061 -0.0285910018848109 0.00294981927376454 -0.0326271454595016
-0.0012274574678166 -0.0394838699635842 0.0268992664798618 -0.035285505847378
0.0260018002584045 -0.0306281184431926 0.0441347940513117 -0.000663780257586609
0.0460572187414087 0.00421385934510627 0.0223305183478225 0.0334332595875898
0.0278195466713999 0.0464741578575141 -0.0124525122447466 0.0296870351511596
-0.0076660877654751 0.0588915882544565 -0.00908419867065712 -0.0149147315740578
-0.0227342092845811 0.0344153818584063 0.0339858758600969 -0.0624087581066801
-0.00578647276900338 0.0416737058878055 0.0458466721957335 -0.045857317926759
0.018576253917521 0.0318204445884159 0.0304195786061016 -0.0588706754713092
0.0296924912581513 0.000317565691897605 -0.00145525549173217 -0.052531694411064
0.0160224992565503 -0.0210469704431897 -0.0236497292980559 -0.0348570037659291
-0.00392764410039487 -0.0245123959156255 -0.0323348545745817 -0.0159975635883607
-0.0143902314279346 -0.0161676446736834 -0.0297997309267159 -0.00654760647721811
-0.0145626661561347 -0.0112367829792653 -0.0196517833134748 -0.0129749938871679
-0.0144901535476413 -0.0111787573848403 -0.0157141753254396 -0.0235618795815006
-0.0125631581175387 -0.020429730370953 -0.00109699208978414 -0.0377377003761007
0.00063692461609416 -0.0287703306379397 0.0254295861875465 -0.040594307244757
0.0211541870618849 -0.0208532293405424 0.0453452162129546 -0.00628913904191271
0.0324929029033594 0.00812402137342604 0.0242619590137037 0.0283928358480882
0.0148903226560387 0.0357942577337542 -0.00994264131076572 0.0239133985881996
-0.0119830581854375 0.0382614779960256 -0.00322648635686132 -0.0276847610445684
-0.0135632130737437 0.00819345064365378 0.0392523626673214 -0.0708034371403413
-0.00815637026936233 0.0164696597405114 0.0472463846117308 -0.0494876127404323
0.00341427160017249 0.0140989230690087 0.0331819491243958 -0.0544673997191394
0.0110738744405946 0.00292240318925976 0.00623807655237096 -0.05195900466258
0.00674582978518186 -0.0067035322058437 -0.0192898351659847 -0.0413272357584728
-0.0011071388938892 -0.00958629144177805 -0.0333794706962782 -0.0234069966745918
-0.00605847660235889 -0.00762470184457406 -0.0333574640048489 -0.0114908597524584
-0.00578748657663451 -0.00511788874968791 -0.0232936420035053 -0.0165123860113534
-0.00702953337477257 -0.0049731243621968 -0.018709185861595 -0.0275944409231033
-0.0059620921478238 -0.0101371990801012 -0.0012857846289906 -0.0410845857005279
0.00189966830694374 -0.0165378190505705 0.0254379313516483 -0.0426550960363853
0.0142340271812669 -0.0113715948898814 0.0470320151180189 -0.00719197571698367
0.0188094377463517 0.00998570457305208 0.0243767457455239 0.0253907328463255
0.00231001316269863 0.0226241184081276 -0.00723115876102921 0.0194896121060064
-0.0140376172059609 0.0138210523950648 0.00231767004252175 -0.0340302387023024
0.011634824204893 0.00565868683926792 -0.000860263573487859 0.0493997556903134
0.00255408163246583 -0.00625974731389565 0.0268105280311884 -0.0107267100705667
-0.00412867009027485 -0.00382342914408982 -0.0226198082400007 -0.0338691527705426
-0.00181147279896854 0.00183627910769634 -0.0574859673673255 0.00280785777391263
0.000806837473187413 -0.00127655719718022 -0.0326247964954672 0.0479208652148132
-4.53797761307206E-05 -0.00143757518245152 0.0045830508670429 0.0494897230808202
-0.000855154298222552 -0.00155760208577498 0.020658433796352 0.0343767258779707
-0.00457680867639153 -0.00308352552082566 0.027567875765729 0.0201449199587028
-0.0050961877701112 -0.00374969512901125 0.0332724185603747 0.0136958854490571
-0.00496954770179268 -0.00793059416308123 0.035140087960959 0.0208417878015444
0.00320527650270394 -0.0101364295207967 0.0223521088548239 0.0397594396899995
0.0116097510146577 -0.00488318709717625 -0.00549472112293414 0.0535611100677418
0.0130707821190873 0.00489843480541766 -0.0304315949927882 0.0541484116766025
0.00961675406863832 0.0131226381185376 -0.053534953501038 0.0500041015812645
0.00593001338762725 0.0227991291623706 -0.0455408929205177 0.0709247226359918
0.0068953035198091 0.0294609084075319 -0.00435233680390422 0.0420429898792772
0.0109209153459551 0.0109721910131946 0.0278941701048961 -0.0108773509103164
0.010316097392678 0.00154311079723894 -0.0197508834204749 -0.0406093613736553
0.00845631272911325 -0.00495334745225893 -0.0582867644713466 -0.00394326038845303
0.00300824468530439 -0.0137763915930483 -0.0371140490463656 0.0434139085463886
-0.00529206886425979 -0.013040142904583 -0.000576181620968865 0.0481802920934435
-0.00935609859414795 -0.00879339164341849 0.0164353974584848 0.0333544578309892
-0.0136665400393684 -0.00929599169028038 0.0233788340453673 0.0178111342665822
-0.0146162193455878 -0.0123676276488828 0.0282621846534173 0.00897045580239238
-0.0121736704809089 -0.0229450397458261 0.0335136648717575 0.0109192241255405
0.00666989211581195 -0.0286797008116583 0.029659281757248 0.028004996144294
0.0293577968833672 -0.0145651387960905 0.00724128055266327 0.0503101839989777
0.0353515461821786 0.01569082296889 -0.0192559358833593 0.0578184437513726
0.01809286016671 0.0406352779115336 -0.043658123985844 0.0514681332895017
-0.00127217858864824 0.0526283261870667 -0.0382129399319278 0.0624910998498903
-0.00150988383555558 0.0505788265046803 -0.00408023257307455 0.0264248228223553
0.0168331805002086 0.0313470664683879 0.0304107749630463 -0.0151180172873794
0.0255456962356781 0.0108679524122442 -0.0133649841808984 -0.0500062729086623
0.0214543383274333 -0.011083637302881 -0.0569868789287501 -0.0159696974011484
0.00737253882280896 -0.0263413540124206 -0.0424420335169015 0.0342325913410985
-0.00955093585009401 -0.0248821834535192 -0.00769271403629524 0.0429089453028237
-0.0168494564565368 -0.0158863167463407 0.00929039706777735 0.0288900496432613
-0.0206122424485487 -0.0144877225326283 0.0161059977609321 0.0132827072017675
-0.0218899586317658 -0.0182705471821518 0.0197898691133693 0.00189753386208631
-0.0199549273437256 -0.032877619759193 0.0286901871503986 -0.00230976350746598
0.00461964306148496 -0.0432404445210268 0.0355469034610329 0.00993528140658532
0.0372866786471206 -0.0278589123655872 0.0236797929761127 0.0407895920962869
0.0538767331045253 0.0139299962963928 -0.00437473087796515 0.0581538154861357
0.0312076327307843 0.0564035644575508 -0.0326208470966409 0.0501356853414565
-0.00283157110955489 0.073420912653761 -0.0293356060929967 0.0465090029041889
-0.0123852000256731 0.0644477685157361 0.00129106723039163 0.00391188839707172
0.0170694729865592 0.0505169128943569 0.0334311913269797 -0.0216590790120119
0.038431894162525 0.0235651100299331 -0.00378213479255077 -0.0595178838378668
0.0357913335750559 -0.0141053777023654 -0.0510784239259802 -0.030384214588925
0.0131158489764846 -0.0366106896076435 -0.0445804113760249 0.0180622356491451
-0.0123531467295457 -0.0342587988911994 -0.0163152702018798 0.0318650051496394
-0.02227042409339 -0.0214637388482852 -0.000384312003155738 0.0215034678908958
-0.0251760818277034 -0.0171153876490132 0.00638424999965758 0.00690152551073943
-0.025663048290636 -0.0202798419424361 0.00973697765411954 -0.00556912728887679
-0.0250166208581963 -0.036443936466363 0.0205413225974789 -0.0151943728463759
-0.000717883506435537 -0.0500224422337783 0.0351939983400057 -0.0100244691138626
0.0365882589251014 -0.038112826623059 0.0363374723358589 0.0262109464048441
0.062667786781518 0.00660339320427498 0.01055983093682 0.0526226496476215
0.0406364591252602 0.0595380340282189 -0.023302215239996 0.0462365155578087
-0.00245806973839604 0.0813399975073978 -0.0217173774656117 0.0254300691289326
-0.0219312789916285 0.0669253792789418 0.010880775491207 -0.0225681290162808
0.0114478235528935 0.0625558541847056 0.0377354526419255 -0.0316511824920137
0.0421182620720526 0.0361902547320012 0.00905999008710882 -0.0654158568274646
0.0446320541677827 -0.0118080107497914 -0.0369799432283298 -0.0435516710777563
0.0181367806507091 -0.0391699784469402 -0.0420982179496247 -0.00245623894171541
-0.0115623384440937 -0.0382863927837152 -0.0246329465753041 0.0162740956310094
-0.0242543307623973 -0.0241925865744828 -0.0116032918390218 0.0125432879310423
-0.025291823839384 -0.017483393746908 -0.00367706772908307 -0.000183097026267503
-0.0254070693714897 -0.0190607083016056 -0.00157425520784517 -0.0126346710793398
-0.0247062904162935 -0.0343639586333735 0.0106876399573977 -0.0256016750579049
-0.00326116298198381 -0.0483615514435503 0.0309907772447403 -0.027150138624895
0.0309755538282818 -0.0393562389810299 0.0433851856431276 0.0100108871864472
0.0590740878266505 0.00209285201698572 0.0198728266319423 0.0435487061139199
0.0401691445303745 0.0550618259654727 -0.0165311469341437 0.0392482979848062
-0.00310811965911297 0.0763869263947056 -0.0150549817458735 0.0036618664289074
-0.0256728785235271 0.0565850505847652 0.0236111817155399 -0.0475970031147568
0.00223178226087075 0.0601954635065099 0.0427676341241588 -0.0410121294041338
0.034528922986517 0.0409421018630619 0.021610371266472 -0.0652764193353356
0.0435566929110586 -0.00537558224291402 -0.0187724232626207 -0.0518779578097429
0.0201271016241011 -0.0338579889700905 -0.034462200813586 -0.0219493582142712
-0.00903599907510141 -0.0352055204768556 -0.030484623913318 -0.00101484475019181
-0.0216722725001597 -0.0223757166608519 -0.0222370134105912 0.0025544648164226
-0.022024664535728 -0.0155600942561961 -0.0135959791423542 -0.00738277437115115
-0.0216411100681301 -0.016330580690474 -0.0112340066597416 -0.0190082955441319
-0.0202178949969246 -0.0292063166309859 0.00250570613137234 -0.0338007503976523
-0.0025834601403057 -0.0410204600448316 0.0268057862084276 -0.0372328084463477
0.0263015016909062 -0.032537017336526 0.045645777043984 -0.0012145548882611
0.047836825894049 0.00368521824090112 0.0241682684683713 0.03514889839571
0.0299605763903338 0.0471945982136789 -0.0125221991492652 0.0311558561517509
-0.00663536129150934 0.0613697523341633 -0.0100411836773734 -0.01558407063251
-0.022890901066371 0.0357211530843409 0.0339834109772774 -0.0655032087637607
-0.00501000501095071 0.0432622966917311 0.0470146037429636 -0.0477117973813103
0.019997034622496 0.0332269712327142 0.0307294002566649 -0.0610458813063271
0.0310992131309751 -5.89414400570206E-05 -0.00242405272285844 -0.054249520671193
0.0158411110938868 -0.0224801697910422 -0.025231111410645 -0.0359627515754984
-0.00537559783568922 -0.0249653304000032 -0.0337096123749009 -0.0152448276169632
-0.0153725296018216 -0.0166118014730948 -0.0306396152747581 -0.00585571080912234
-0.0151115452523569 -0.0113008777243056 -0.0210352794404646 -0.0129812685414559
-0.0148192122459343 -0.0110551982842993 -0.0170181808617638 -0.0242014814912628
-0.0135724696402322 -0.0209637223589972 -0.00194248425811432 -0.0387229277095532
-9.07485065567492E-05 -0.0297984135148696 0.0247907295927721 -0.0427937305692609
0.0213486558814086 -0.0220074220782665 0.046957925295516 -0.00710042254864693
0.0344852283180209 0.00785443904264086 0.0259576945054695 0.0295981079589009
0.0160331186528642 0.0370088131410074 -0.00915999057205085 0.024827810573056
-0.0114798155644618 0.0397563824574379 -0.00426792998203256 -0.0288756264558689
-0.0140661622331934 0.00829565032428464 0.0395643057583817 -0.0741436055956172
-0.00731380341837607 0.0164757591582968 0.0478744120168083 -0.0517185047921639
0.00371086613228812 0.0149386564032554 0.0337813957003363 -0.0570780487342293
0.0110432601452005 0.0026887112459142 0.0053726726133108 -0.0545977190675328
0.00655275627456577 -0.00740409114832311 -0.0202157211925677 -0.0423704646291819
-0.00156734046043465 -0.00970653284622333 -0.035999278175468 -0.0235375302538986
-0.00648500139314079 -0.00703001724220588 -0.0352415891079037 -0.0113345291361592
-0.00568007584265899 -0.00563557438474293 -0.0252268686571247 -0.0162877065100104
-0.00677669415053416 -0.0049493896013755 -0.0199937069671563 -0.0284119166623556
-0.00660355014644661 -0.0103857630961962 -0.0027728096253641 -0.0427049633729487
0.00120651796277315 -0.0168274710286471 0.0254477669094041 -0.0446057096749215
0.0149433044790194 -0.0120819959335537 0.0487951797616862 -0.00835583243523613
0.0197743630988763 0.0102809440851825 0.025895163835761 0.0267799908098526
0.0025591824019436 0.0233303274339015 -0.00726450707775394 0.0201748747455449
-0.0142503980868914 0.0151210634613038 0.00130098932020279 -0.0355248834606307
0.0115042189185166 0.00496733452666821 0.00245383582785247 0.0498233157616298
0.00239741313219379 -0.00620484671358052 0.0272575248522646 -0.0119779177515499
-0.00457564593624385 -0.00380985956034304 -0.0235713066395723 -0.0335509324977835
-0.00183705484646246 0.00197783053537889 -0.0579636048228844 0.00545908246099297
0.000685990724248969 -0.00113581269202458 -0.0306337260251058 0.0499178809337504
0.000567846587423165 -0.00163535968419207 0.00687337468416177 0.0495538403509818
-0.000641378619901008 -0.00171420440091601 0.0223982152053885 0.0342880101908346
-0.00452383721222173 -0.0029569740687613 0.0292860213175629 0.0194511961460665
-0.0054890648825264 -0.00414932294579631 0.0345749834413385 0.0123324009629563
-0.00533088432705205 -0.00752758948446313 0.0362889933882234 0.0193544177937095
0.00251029034764617 -0.0103840810146113 0.0243915410560956 0.0395990110072339
0.0110705971475727 -0.00522256014240145 -0.00285566327749862 0.0549264649512904
0.0133091737599538 0.00448351724518846 -0.0290154826861313 0.0559964179157765
0.0100983365690534 0.0138556446734205 -0.0522234065547494 0.0531260506152505
0.00694209611190759 0.0227120366981078 -0.0424507475907978 0.0739087559916375
0.00835653948343337 0.0293488291666341 -0.00146671786759409 0.042693347360999
0.0114551813578811 0.0111770706324802 0.0280034973871164 -0.0124457203416099
0.0101793365190188 0.00106977447393195 -0.0210153936036573 -0.0404344943039586
0.00836098633768201 -0.00568796250470703 -0.0593817834813902 -0.00127744512083515
0.00228131909018985 -0.0143896133519082 -0.0360411026870801 0.0457824017350403
-0.00608538976765988 -0.0126938430972 0.00215724381887235 0.048333037753164
-0.00985460325117667 -0.00851243089341622 0.0179689576938971 0.0328088864652939
-0.0142184391643773 -0.00889974813085261 0.0249040931791849 0.017001964606793
-0.0155623661425763 -0.0120444016991842 0.0289044839710881 0.0083447403923932
-0.0138625447542847 -0.0227121237870606 0.034496371780348 0.00947568843159504
0.00562636965287489 -0.0292827052510347 0.0311891159660623 0.0271338137289812
0.0289784464899588 -0.0164245074621725 0.00948328000624787 0.0509544550702162
0.0368787817109748 0.014253201989048 -0.0170921502086869 0.0589927059180177
0.0199761493931406 0.0402351069554634 -0.0421060372441871 0.0540705284319806
0.0016142218537463 0.0533353903452292 -0.0354955309719517 0.0648947022908118
0.000717746292454112 0.0508371852772903 -0.00206282063148106 0.0273155107686338
0.0182476834268917 0.0309732556326983 0.0304352408191216 -0.0162389049091165
0.0262194524918839 0.0100083788717104 -0.015529989943329 -0.0500148190991578
0.021465326924687 -0.0126194251835483 -0.0589152645428591 -0.0134628601268034
0.00556428544177017 -0.0272304231825088 -0.0411440790291038 0.0363331033538268
-0.0109786625350014 -0.0244278267975634 -0.00585598331355486 0.0431788685916469
-0.0179549207370649 -0.0152551298758687 0.0109432284501251 0.0290816462570819
-0.0220820170680602 -0.0138364656470682 0.0168331344908181 0.0130511412890875
-0.0228928939776293 -0.0174702477223597 0.0204653828355155 0.00104199211440706
-0.0223023260929716 -0.0324270298769726 0.0290086651955302 -0.00339789910630975
0.00227253738369541 -0.04331891574302 0.035936281536968 0.00801911486913806
0.036383417103331 -0.0302950453009967 0.0260804713567947 0.0405184667362265
0.0554828699035675 0.0117636588129829 -0.00143429066578555 0.0592092688710365
0.0342086644582632 0.0554315145248916 -0.030455512119806 0.052746482533394
0.00103535064761279 0.0747518523754073 -0.027442400331676 0.0479290667665359
-0.00952181449521002 0.0655976722039257 0.00199072396730765 0.0037825080569397
0.0199379284801751 0.0505095528863051 0.0335841315290455 -0.0231326233842652
0.0398875899014988 0.0222056946547228 -0.00597947369712482 -0.0603351313215417
0.0352224899352976 -0.0162357390091297 -0.0524275395150303 -0.0288546157883217
0.0105535887198187 -0.0371257454974505 -0.0439958995351067 0.0206371741010583
-0.0140765871106449 -0.0336708420564543 -0.0150694770020017 0.0327576598101835
-0.0236218427097647 -0.0203344986948289 0.000590011908469488 0.022113578202542
-0.0262805979279036 -0.0165650015478707 0.00673882238961289 0.00695101493161747
-0.0270441930322963 -0.0191160704216665 0.00916392337714684 -0.00604402240844113
-0.0272536530576217 -0.0353255236693675 0.0192097862212731 -0.016277932086543
-0.00308495566180105 -0.050402392880452 0.0349524173692578 -0.0118512575340273
0.0347066380350173 -0.040457252571122 0.0384758363578056 0.0245966483506033
0.0636077316007594 0.00412797255581231 0.0131302561083116 0.0531637647674578
0.0435111176217186 0.0586634454757862 -0.0215114703807048 0.0474931848499397
0.00228188732794111 0.0825926659089989 -0.0201852235776399 0.0261223881116785
-0.0189484323427813 0.0684251927250524 0.00999613991413568 -0.0229560281418013
0.0144581157176473 0.0627355403379779 0.0377359849334635 -0.0325323168556281
0.0446344520649731 0.0351014695064743 0.00632216076556286 -0.0658982526311096
0.0447043488698479 -0.0138118961476744 -0.0388676469578731 -0.0431252040169635
0.0163220492145222 -0.0407385110309915 -0.0426166910237679 0.000170354487453723
-0.0139978874456114 -0.0376477937935754 -0.0234437608783646 0.0175466752737775
-0.0258727721372476 -0.0229669897402563 -0.0112875852125006 0.0129690465200323
-0.0265690583355163 -0.016801408004492 -0.00375181961761405 -0.000145036607960889
-0.0268078988245837 -0.0181158624071281 -0.00213652702953779 -0.0126518121734143
-0.0273040788532121 -0.0335312410289302 0.00898028806530448 -0.0264580857045806
-0.00585720409341133 -0.0487585773291286 0.0302459729976362 -0.0284570988643998
0.0293953464067218 -0.0413117751992458 0.044174988420908 0.00858768601228868
0.059787167914476 -0.000309679673243637 0.022423516048562 0.0434855527319484
0.0431054977979329 0.0536561261457275 -0.0150783887323306 0.0400213753272854
0.000735725228883504 0.0777838930047635 -0.0152363551512692 0.00395470584142526
-0.0243232695823161 0.0579808112107524 0.0216262633478339 -0.0483516204618401
0.00502301248374408 0.0606040245608802 0.0418886468936386 -0.0425667303782826
0.0371712752021922 0.0400129488229826 0.0191031480917771 -0.0664444106600839
0.0436863858408309 -0.00773819396811289 -0.0209620039704771 -0.0518822579038431
0.0183010441841545 -0.0355265831816731 -0.0354226493679504 -0.0205303060127644
-0.0110364916745326 -0.034690806853053 -0.0308409328605421 0.000788740549101805
-0.0232563579763687 -0.021193187634429 -0.0223870265213705 0.00397300159548904
-0.0227332007428357 -0.0151154814970821 -0.0144844461624539 -0.00692344803979565
-0.0223172319689308 -0.0150300011093188 -0.0121533096676221 -0.0183169092551338
-0.022409381098807 -0.0280313723899607 0.000576405102700629 -0.0339937995289168
-0.00509849164049826 -0.0407571768158005 0.0244637368685259 -0.0388962825230815
0.025051699803827 -0.0338798325098742 0.0456756675071407 -0.00296187329884357
0.0491473559463564 0.00165914811636809 0.0263738620361476 0.0345391094261286
0.0325721624670698 0.0464124451978559 -0.0109613629358297 0.0321629505798044
-0.00326709942065248 0.0625782780219877 -0.0106052950730373 -0.0153552033277881
-0.021389747682042 0.0368129782989995 0.0316931515412508 -0.0674262885016305
-0.00283017269331294 0.0433465987103901 0.0453469888372789 -0.0498904456224991
0.0217379643735271 0.032741095544862 0.0285953742715494 -0.0630858967200287
0.0316142725920576 -0.00155017238966689 -0.00436951032591277 -0.0556054834506867
0.0149168956865228 -0.0234713405212743 -0.0268710434120902 -0.0354805892133315
-0.007035029864754 -0.0246275026740381 -0.0349837482216549 -0.0139684174780931
-0.0166806285519078 -0.0158657788955993 -0.0312946105766106 -0.00426733000467287
-0.0157046180173591 -0.0108070765552042 -0.0223681298204172 -0.0124733979958565
-0.0152420518730245 -0.0106194025851818 -0.0184206173636846 -0.0232211702645378
-0.0152055505702367 -0.0203476876093228 -0.00426655999993339 -0.0389348615297512
-0.00193406850976776 -0.0298636978955167 0.0222617400247898 -0.0445024422723418
0.0203356497119641 -0.0232498447306749 0.0471650090488144 -0.00905090640761503
0.0350641777651023 0.00640356881981134 0.0279284181209419 0.0285949118523598
0.0178168722199097 0.0363280080031219 -0.00805666229769982 0.0251428925386712
-0.00974053692714877 0.0407790606266593 -0.0058598803625598 -0.0289670129351112
-0.0133538191556641 0.00903718069232314 0.0364049217075826 -0.0762098709526568
-0.00678557588828828 0.0170162931750126 0.0464362989900068 -0.0538733694132185
0.00480993961123723 0.014771955940728 0.0318253181629409 -0.0593684506004335
0.0115542992861865 0.00193835823517386 0.00326416914797352 -0.0552135931258251
0.00617380978453366 -0.00792263690950491 -0.0227688083599371 -0.0424802863188072
-0.00230638979113825 -0.00941369649850431 -0.0377267685172007 -0.0214090417954714
-0.00700691894827155 -0.0070774962768622 -0.0370356231264049 -0.00932064945471163
-0.00645924135793964 -0.00530078733261978 -0.0269506784751358 -0.0155022294045848
-0.00724496067379131 -0.00481084029883904 -0.0215650683581448 -0.0271635931375065
-0.00703856903910705 -0.0104000952818862 -0.00512482440963145 -0.0431775965681873
0.000387925531351317 -0.0170369942138897 0.0228258739568394 -0.0457883117239814
0.0142428963952059 -0.0126729581834098 0.0488789075948533 -0.01055661978851
0.020853491039479 0.0092549289880735 0.0274996796172781 0.0261041875097109
0.00348787766753195 0.0233409121514166 -0.00632131775740087 0.0205556366446091
-0.0138378164958832 0.0157148489840792 -0.00111015391205626 -0.0354370162447983
0.0113183695067739 0.00414771373387597 0.00455519684589877 0.0481998588264433
0.002081009883089 -0.00626495737568052 0.0266309988675099 -0.0136348444651541
-0.00483356591802957 -0.00326586411829988 -0.0243691605515524 -0.0318950809695915
-0.00193994595960839 0.00197977551856818 -0.0564756748206225 0.00740260876696712
0.000403989915753752 -0.00135887181252929 -0.0279019081136005 0.0501386386708015
2.53480949430834E-05 -0.00157268990303859 0.00914983981964147 0.0478925700884229
-0.000457659035040502 -0.00170303128224211 0.0237936467506954 0.0322563958654486
-0.00456739262239735 -0.00256094166691581 0.0298876815631639 0.0172975409510005
-0.00593276986460593 -0.00352777290661775 0.0345277167757454 0.0107411111038395
-0.00578434444899111 -0.00732266558263247 0.0364266685029999 0.017271026841935
0.00229816306096561 -0.0103925298964114 0.0257731102390686 0.0374706254586258
0.0107113240026578 -0.00592486305180692 -0.000922450174511455 0.0536851291948171
0.0132674065204156 0.00365935155046283 -0.0261607606150409 0.0549321085577128
0.00982071415407105 0.0131345903271088 -0.0489721706968669 0.0532689464005802
0.00782943579834628 0.0219810616970056 -0.0382670770294336 0.0732766713750682
0.00896110715349245 0.0282026840675245 0.00113040098132143 0.0417685178446085
0.0113610467193349 0.00992220133343561 0.0280777604189814 -0.013121406718066
0.0102262797960859 0.000315102004682193 -0.0220272319176455 -0.0389193737122766
0.00785227311927027 -0.00578162812125161 -0.0582172261002955 0.000868134680423785
0.0016454242325273 -0.0142811884644294 -0.0330013096628395 0.0465199647308529
-0.00661920025148377 -0.0123495208692141 0.00400522948239345 0.0473830098990999
-0.0101267378697923 -0.00801917703886973 0.0194387223768928 0.0311354881245486
-0.0145081398662657 -0.00796341292934415 0.0254913922674798 0.0155061748222421
-0.0156265832324118 -0.011048411481091 0.0292468890280465 0.0065152986618619
-0.0146545892935166 -0.0212562417985916 0.0342063536102334 0.00776746965459797
0.00389751617547372 -0.0286429647328099 0.0314167609164154 0.0254541749191232
0.0276614387047071 -0.0174766377808991 0.0117769036818096 0.0497850378052369
0.0364552100088662 0.0129406297831962 -0.0145478812269471 0.0581289317382082
0.0212316886157253 0.0387876671551721 -0.0388389098998142 0.0535624950376837
0.00387305298073734 0.0519368044445193 -0.031837067864164 0.0641192772080253
0.00235616732290002 0.0494914420399646 -0.000221196997197246 0.0261366622565007
0.0189479530852109 0.0295292910841042 0.0300371677099296 -0.0170320828999999
0.0264277959212393 0.00826726338857269 -0.0172599916749756 -0.0489804092618307
0.01989783001638 -0.0128854384659827 -0.0580148927857971 -0.0109472826163945
0.00424849328411723 -0.0268473704770735 -0.0386200109516898 0.0369469680925121
-0.0122834724409136 -0.0230895363996613 -0.00342813649071635 0.0423822199474933
-0.0180825852452501 -0.0140607301385214 0.0121425405592529 0.0272197784903541
-0.0218820102837998 -0.0124701763422456 0.0175572377403224 0.0120576038602735
-0.0234729958169851 -0.0157736028767057 0.0200770131731818 0.000374847269961348
-0.0233361387676722 -0.0301516828588196 0.0280360667694916 -0.00483820467656861
0.000289421968940941 -0.0429753397696099 0.0351565960416689 0.0072446432188974
0.0340807391310418 -0.0312153594606791 0.0270014634225021 0.0388977894881761
0.054696113692965 0.00979072919296001 0.000962914994553039 0.0577766159897253
0.0360043172143493 0.053344640880234 -0.0281418275360952 0.0519883341688176
0.00437492027231849 0.0726204954662515 -0.0247940315825943 0.0473524833646435
-0.00669645749285692 0.0639103447534669 0.00257214821989441 0.00425978111558255
0.0210142204572995 0.0481852712514528 0.0329016872610818 -0.023709543126675
0.0396735345644135 0.0206252397788437 -0.00808067674255024 -0.0586033239305016
0.0336299483678496 -0.0171226766873457 -0.0523689783798239 -0.0257763489669714
0.00824035119450663 -0.0365891605371142 -0.0418889245931133 0.0215578510387791
-0.0154193991421736 -0.0319394132355405 -0.0127232106297602 0.0326020963553753
-0.0241999080377113 -0.0188816104615804 0.00134441557098274 0.0215110266191215
-0.0264967551433764 -0.0150770424980297 0.00707993426655007 0.00662378709639782
-0.0268364641152908 -0.0173802275011568 0.00872173354682479 -0.00634569725210848
-0.0281698040655038 -0.0331079176820061 0.0182034344630554 -0.016687175040228
-0.00577071930624618 -0.0491449494341296 0.0330728737901819 -0.0128780689066423
0.0316530970592381 -0.0408182863140103 0.0382915820664759 0.0226359186061297
0.0619955194264485 0.00135415946085609 0.0147372983786952 0.0511511643945459
0.0452626668464877 0.0551456420513675 -0.0190880243446341 0.046825505767017
0.00575719702170468 0.0806225630541519 -0.0182586035030769 0.0258080021897527
-0.0154731292513183 0.066969687214532 0.00949738496087409 -0.0225833578823367
0.0165276964917706 0.0603581621209663 0.0362039646896357 -0.0329678989147176
0.044764311249448 0.032561681655713 0.00388027054293602 -0.0646935861869378
0.0429209730164824 -0.0159292321899199 -0.03986674433005 -0.0406849332170249
0.0135242552314444 -0.0402502713921328 -0.0412927016350827 0.00127044765475542
-0.0156189702418137 -0.0358961472777789 -0.0221681514558824 0.0182178810885299
-0.02631747754612 -0.021051810658429 -0.010524540429568 0.0135560083191635
-0.026569517061187 -0.0152697391840874 -0.0039498896858451 9.95935190926655E-05
-0.026788368253806 -0.0162974869976419 -0.00255645745309942 -0.0121318939120704
-0.0284447275221136 -0.0312990899346686 0.0075928956320818 -0.0258437898204798
-0.00832765576994332 -0.0470528074152493 0.0271779502896006 -0.028317328583896
0.0265769954529349 -0.0416347039721211 0.043671356359887 0.00636835157568112
0.0585214789199011 -0.00277931324868652 0.0241408243330607 0.0419375616080889
0.0441875835099537 0.0508576298077934 -0.0128794370764415 0.0391446887386412
0.00472357803243296 0.0755143763111793 -0.0148591661586883 0.00409907525608718
-0.0211647271387621 0.0571938679856371 0.0194033173665984 -0.0477712304534198
0.00711178074549415 0.0585791336961371 0.0398323453810907 -0.0422795177747208
0.0381092580660523 0.0375945390993115 0.0159783900366148 -0.0657985474559373
0.0424993438052558 -0.009541364908137 -0.0219976750371128 -0.0503982094080318
0.0159324686120344 -0.0356329188425681 -0.0357827569002645 -0.0189189802304858
-0.012456735160455 -0.0329926401711324 -0.0298473918234585 0.00221828873765298
-0.0236616138118184 -0.0195640694265208 -0.0217900032759252 0.00474160775709336
-0.0229292340772562 -0.0136008595236114 -0.0147034778102277 -0.00552289421244415
-0.0220427242239664 -0.0138219462813801 -0.0126230034641042 -0.017127345655819
-0.02317214001197 -0.0264419595878387 -0.000815451341623606 -0.0329780569548765
-0.00702587912898413 -0.0397729695970206 0.0220712716329234 -0.0391074194966771
0.0221486069434853 -0.0338232969038751 0.0447957568805027 -0.00501991226391726
0.0478196050079988 -0.000335792427644397 0.0275241328420034 0.0332968193804432
0.0337166653595058 0.0435350073672623 -0.00939679395523926 0.0313291628444871
-0.000385986827827128 0.0611992111620814 -0.0112525511447061 -0.0146585381264628
-0.0194908595380728 0.036428901844489 0.0280280456896977 -0.0663875993672384
-0.00109519160606433 0.042288473069348 0.0427200625887453 -0.0502148212714823
0.0230781734737809 0.0311557367570721 0.0253997264710184 -0.0625303894277547
0.0304101879906685 -0.00321014935558 -0.00641184009758136 -0.0542041523455637
0.0131092426271709 -0.0236478794664832 -0.0280353865477223 -0.0337008128643848
-0.00779921830806819 -0.0231511684907266 -0.0347004010209894 -0.011680125285558
-0.0168312871891846 -0.014194156062294 -0.0305337259220525 -0.00302646492694823
-0.0156715589795539 -0.0105723414151276 -0.0225841176693814 -0.0109962937443697
-0.0152423135459112 -0.00961259928586698 -0.0188366426050945 -0.0217944493213355
-0.0154641675195531 -0.0188752345960027 -0.00563391774347777 -0.0382589277502014
-0.00340368890132333 -0.0285750867207413 0.0197956911382482 -0.0441292458974012
0.0186093428431503 -0.0234876227992812 0.0457986183958521 -0.010938705716657
0.0348193151082026 0.0050118688316555 0.028586492522401 0.0268814531720167
0.0191017534510542 0.0347311941530016 -0.00701858811573549 0.0248386163030144
-0.00724152008140639 0.040295869786934 -0.00710171717419689 -0.0277142785802202
-0.0129445933617395 0.00911902560181822 0.0327167286131039 -0.0756109622630808
-0.00599597357868498 0.0163866271150744 0.043263537704429 -0.0541423758874459
0.00554303324948475 0.0143145956579019 0.0290432506333362 -0.0586271985382959
0.0110457448871295 0.00113232150279727 0.0013217708818038 -0.0542800049068539
0.00519984555121748 -0.00800269818090537 -0.0234820504719013 -0.0400641625073645
-0.00265836394215579 -0.00867322712379138 -0.0375303853549323 -0.019165188519684
-0.00732940972098684 -0.00639707437433364 -0.0359317278706106 -0.00720055322873972
-0.00586875754619622 -0.00507750137726112 -0.0268370147398567 -0.0138332344154402
-0.00653828934623308 -0.00453163007799996 -0.0222497667716303 -0.0252034885473578
-0.00751421344061408 -0.00926650904991428 -0.00697535127611717 -0.0414726273857645
-0.00109616682750125 -0.0164821769882066 0.0194055407939783 -0.0460531695307101
0.0131265984414906 -0.0138593528783619 0.0471630093005634 -0.0121861344499699
0.0208654246756442 0.00822925847942905 0.0280362201052507 0.0251486199135924
0.00459529138626873 0.0227092568464973 -0.00577126288418473 0.0202421530680361
-0.0126681779883604 0.0162898883352756 -0.00256428294636754 -0.0343914286964293
0.00955779978203054 0.00534828249169432 -0.000471747220045571 0.046155946762385
0.00250499676194352 -0.00537849481923914 0.0277683989500603 -0.0104337211973056
-0.00375410244337803 -0.00376134007845415 -0.0183649647606714 -0.0336992026873072
-0.00174414942423414 0.001234524629736 -0.0533752857032587 2.01484738011785E-05
0.000237864988110577 -0.00112671043853669 -0.0317549873597523 0.0436429694439312
0.000263504464277834 -0.00225655073264298 0.00332286309170262 0.0460016444726667
-0.00074462861529788 -0.00237849804449649 0.0191243556214474 0.0334656382663459
-0.00405639388133045 -0.00347779326254429 0.0265405039822857 0.0205924762308113
-0.00527212072354335 -0.00467092730882061 0.0320571623531197 0.0143401121677836
-0.00409666963879848 -0.00789854813250741 0.0327485292540879 0.021201383310295
0.00364232994701268 -0.0098666329996568 0.0198764817178252 0.0397359025893782
0.0115639339104044 -0.00437890438419114 -0.00808175011631767 0.0526407046651541
0.0132043114654207 0.00547007778886238 -0.0335519120367289 0.049499806498924
0.00860080835002855 0.0141434381400921 -0.0546883895760359 0.0451066706301638
0.00510119699594127 0.0217757708594554 -0.0476834082213389 0.065818208448448
0.00419336446656371 0.026963006323172 -0.00453197288281743 0.0397582679025694
0.00893263455658737 0.0109786118645224 0.0280949326170562 -0.00908226534417128
0.00931395349756148 0.00211937094497349 -0.0154892580049028 -0.0385289656333879
0.0082286253776814 -0.00455180263692101 -0.0537142094174319 -0.00606368382857421
0.00320409301013052 -0.0131258170496161 -0.0354049552407177 0.0396370598551276
-0.00454369366374539 -0.0130975148143803 -0.000941757686382808 0.0444893223582532
-0.00820011622366052 -0.00878475825706917 0.0150226192635469 0.0316899394651759
-0.0128047722001762 -0.00934703159227784 0.022022832146262 0.0183137413129189
-0.0140737222396666 -0.0133490067143647 0.0274090425079897 0.0105371309055224
-0.0118075966888656 -0.0225000216385928 0.0315937846842588 0.0126461137085767
0.00735951242051001 -0.0278722330937182 0.0262200976454096 0.0295211665311738
0.0288739704621855 -0.0137433680749195 0.00411679233502327 0.0504222515225453
0.034013754414089 0.0165596759527924 -0.0225528256647982 0.0535859763736604
0.015872423254949 0.0398790555977325 -0.046118322708454 0.045687756767151
-0.00223888873592604 0.0506534156336019 -0.0406255386260445 0.0565542904464937
-0.00448306089661601 0.04596810547733 -0.00540967280566959 0.0262383862230703
0.0138001201665681 0.0298726714463116 0.0304063316828017 -0.0111023345588186
0.023227216198652 0.011971417572115 -0.00958620968575233 -0.0462401066471548
0.0210939311874749 -0.00951740310937265 -0.0518909286014113 -0.0166744635261867
0.00772752115853013 -0.0247467810957559 -0.0393343607582525 0.0304441160629333
-0.00839903979669371 -0.0235237310618831 -0.00745405219309585 0.0388563439019333
-0.0157078014498366 -0.0160128275700385 0.00813328371603485 0.0278027232946755
-0.0197460609752412 -0.0148897566062874 0.0149435229971509 0.0134584413493646
-0.0206131055374572 -0.0185960997563675 0.0196511911147747 0.00352836748145567
-0.0187517527857755 -0.031386340646226 0.0277202393943009 0.00023431734971449
0.0054769463480501 -0.0415520207077521 0.0320566107789478 0.0130480551848362
0.0367822849945666 -0.0260965250007344 0.0201295647510531 0.0416593279234639
0.0520350516468272 0.0151530466732305 -0.00822939198377109 0.0552018114050321
0.0281201085700798 0.0556896087695267 -0.0355923206135863 0.0444425502716631
-0.00448429974830081 0.070962157898874 -0.0319100433910944 0.0406948094046284
-0.0150462086835735 0.0582602797070936 -0.00110053970167054 0.0055501006238712
0.012768794913473 0.0475379760855051 0.0331847432008007 -0.0156895612861238
0.0346065756681683 0.0249787231985821 -0.000474070581282709 -0.0535669707284931
0.0341029817614666 -0.0114717285982861 -0.0445719752572377 -0.0294031079533399
0.0133590795841749 -0.0332036030649061 -0.0403393631999023 0.0158128844103918
-0.0102725193184811 -0.0321120019930518 -0.0144929882172083 0.0288079716508291
-0.0203316946913619 -0.021151197357307 -0.000895458392956768 0.0202801156705804
-0.0237886638488218 -0.0180780128039395 0.00592766104663858 0.00704113944692889
-0.0238081768527927 -0.020363442646394 0.00942376563230068 -0.00373052084516468
-0.0236133859127814 -0.0351397042660006 0.0192378910673783 -0.0121793698093481
0.000202974293680502 -0.0479338036904219 0.032805681868974 -0.0059749206536257
0.0354242549435527 -0.0360309982818404 0.0336867434413247 0.0283755881052147
0.0604697814601207 0.00844697420845877 0.00630959870342065 0.0508690742763021
0.0366558723559337 0.0586141040331312 -0.0260869115106429 0.0407165330250904
-0.00372138003379356 0.0786325781529718 -0.0235361581688903 0.0203461849866337
-0.0235424665622284 0.0603474709588187 0.00737625548616789 -0.0184162887629711
0.00683944899556445 0.0578775520276904 0.0365801596184545 -0.024296330569967
0.0376779591041488 0.0364612074268361 0.010744465076838 -0.0576133708166082
0.0430914886902179 -0.00862448924162239 -0.0316700075941835 -0.0412208485744278
0.0187980951665283 -0.0363583220978008 -0.0373574371273178 -0.00304676482281737
-0.00960664241443853 -0.0358392719873831 -0.0216975950569669 0.0136369709977573
-0.0223286969725101 -0.0228839837186499 -0.0111634595567456 0.0115138981294704
-0.0236876939075997 -0.0184821636884048 -0.00455201088480789 -0.000103444614533876
-0.0232463545550769 -0.0190710540831957 -0.00101384619427579 -0.0109523204640962
-0.0233703852777218 -0.0329778106459138 0.0108827778586811 -0.0228998645887044
-0.00270176356216178 -0.0464918359032627 0.0291830192047244 -0.0220145375345606
0.0304184299838026 -0.0367337685397891 0.0409612280836349 0.0132283347491651
0.0568305151798662 0.00378479128993246 0.0158536795909831 0.0436653250476365
0.0364405067387226 0.0539082238633236 -0.0195154527644628 0.0344997760259017
-0.00410895597864753 0.0739121625453859 -0.0164706365215321 -0.00105514101854827
-0.0273372842407101 0.0505186336643833 0.0197622317690092 -0.0418034266519601
-0.00127805478029503 0.0552611850508745 0.0408944400843859 -0.0328721940266937
0.0306265177147923 0.040579832883137 0.0218467625358631 -0.0567810272505574
0.0411674184290771 -0.00283025875786034 -0.0141478274617974 -0.0475737773950128
0.0204794156506718 -0.0313049912480439 -0.0298755788918904 -0.0207230307023905
-0.00694307505118022 -0.0325166200354145 -0.0274848913536397 -0.00230249176308963
-0.0198352711878626 -0.0213220577047706 -0.0212055852869904 0.0018049592226177
-0.0205622892398946 -0.0160946619788846 -0.0136165580168463 -0.00721434404479199
-0.0190038156073896 -0.0159936606303548 -0.00948107060810654 -0.0176950824955862
-0.0195570410590721 -0.0276883655260588 0.0031338446734191 -0.0303905044736827
-0.0021806279896054 -0.038360297343883 0.0249695512117152 -0.0327075305560123
0.0251428087627642 -0.0302538711978267 0.0436758863847143 0.00194654983002561
0.0462949865061321 0.00523127113168042 0.0210104913825603 0.0352441296662682
0.0275241521173838 0.0459948049456915 -0.0149331962882693 0.0269034275610736
-0.00736610878840716 0.0590822300703612 -0.0105080999440451 -0.0188247322376893
-0.0231009899416785 0.03119860681472 0.031634756723731 -0.0589204060547267
-0.00696878274236826 0.0389020118871086 0.0448221123592781 -0.0404142574299991
0.0173552433990942 0.0323944504128964 0.029805179275856 -0.0535697504350225
0.0291527568162493 0.00174216820745081 0.00118051984106207 -0.0500998253825324
0.0157035543735182 -0.0202621126516464 -0.0211550606230754 -0.0340362474396828
-0.00381989388365596 -0.022887504034509 -0.0306196883281684 -0.0157654631598431
-0.0141562593090067 -0.0153430250533615 -0.0287831332989699 -0.00619951802275319
-0.0140458930210943 -0.0120512182666899 -0.0205609545431136 -0.0132731418354995
-0.013086761720936 -0.0111128352590904 -0.0154536396084294 -0.02304810268477
-0.0127347935558506 -0.0198163652833949 -0.00081476944124198 -0.0362305213601686
0.000406596690742483 -0.0279985636770543 0.0237059051067563 -0.0388000473168905
0.0202326261129741 -0.0206672722919939 0.0453196039033235 -0.00439528146713831
0.0327740365731844 0.00848724367232266 0.0235932434254505 0.0296341646018625
0.0143048204490264 0.0354726788448129 -0.0113173828233296 0.0213461993212602
-0.0112783901222386 0.03812086504647 -0.00427384328652206 -0.0300201178512086
-0.0132478547056601 0.00663750858480422 0.0387304477002235 -0.0672476443702187
-0.00809188475764716 0.0141854239713147 0.0465388023913693 -0.0453189322084918
0.0032555343996798 0.0141401797422682 0.0331097838319817 -0.050961867149772
0.0103836800151406 0.00294779938608128 0.00842243189765263 -0.0504642575031081
0.00657350264594485 -0.00661544146032013 -0.0172630657915636 -0.04028116065694
-0.000799574244884975 -0.00820245662421037 -0.0333843938936308 -0.0225780968428637
-0.00629858525856887 -0.00662102750647323 -0.0335793547195467 -0.0108639310663858
-0.00519579057449029 -0.00581527210669477 -0.0244819786101506 -0.016803677127961
-0.0057567686306175 -0.00497007340192981 -0.0182795275829564 -0.0270046171838885
-0.00595438846148075 -0.00991153840249413 -0.00172604798914589 -0.0403832858628981
0.000998185808699546 -0.0157059535867824 0.0248246468037544 -0.0407916332349091
0.0136568129084772 -0.0113282467281111 0.0470343800261984 -0.00596140343702418
0.0190558237188798 0.00959575110326312 0.0237196498604631 0.0279796403169127
0.00183324355303846 0.0219343163935074 -0.00852683707271018 0.0179792117412342
-0.0141119968275427 0.0141571868379376 0.00173577634978125 -0.0349570303275229
0.00938205725357108 0.00550505028198905 -0.000988284041859086 0.0444408780474976
0.00273212899829657 -0.00485740920697697 0.0275535064803612 -0.00950081912693642
-0.00385460191921916 -0.00355645142146266 -0.0168299850563727 -0.0337223179408022
-0.00180916642703597 0.00187410676402907 -0.0524179844363763 -0.00106480126583489
4.02325599413337E-05 -0.00121126254293838 -0.0323104109623636 0.0420197388654689
0.000113305435914894 -0.00233238024201626 0.00227941897455384 0.0450339524693458
-0.000647118532635107 -0.0023325308789211 0.0178744361032668 0.0334239600155763
-0.00382669855307101 -0.00369667880289375 0.0256123602292303 0.0204292751223175
-0.00542496707666835 -0.00425308073306399 0.0315935048582135 0.0151440003796533
-0.00430850903867304 -0.00802092539074474 0.0316853968417462 0.0213226703612686
0.00386371409870584 -0.0101969788011426 0.0185612550458903 0.0402646809842017
0.0114769664180849 -0.00456776452993312 -0.00925187022249293 0.0516430275482779
0.0128176885511788 0.00586968008244905 -0.0340998967462935 0.0473083829492937
0.00800546389023328 0.0143605025538632 -0.0551766197812039 0.0429019387787153
0.00441877412618354 0.0216766778502993 -0.0479596449842232 0.0627144572216389
0.00383968627399043 0.0263712850635927 -0.00466292439052368 0.0391555256437606
0.00849090523369832 0.0110833152843276 0.0286481796871412 -0.00811112264987644
0.00852052841904024 0.00235448700938431 -0.0136361130405142 -0.038692027817415
0.00811744337794317 -0.00433162875073947 -0.0525084676949375 -0.00752748431736663
0.00288340551562581 -0.0128706293595465 -0.0356045311882049 0.0382720186508312
-0.00442345069736098 -0.0128695221777643 -0.00209660781934864 0.0433768160840893
-0.00825709574227908 -0.00917418529580905 0.0142286341760193 0.0315814890521931
-0.0127282768737749 -0.0100046242854193 0.0213624854171905 0.0185188593659327
-0.0138165916928078 -0.0126655801039357 0.0271853699514719 0.0106118582913157
-0.0112972172410005 -0.0219691320478848 0.0310201818060927 0.0131651287110077
0.0073760925423021 -0.0272542649585837 0.0255857270751359 0.0297466977526558
0.0285281704101828 -0.0128091144893381 0.00264619960570867 0.0496619621658656
0.0334951313276672 0.017200225990763 -0.0238138504236649 0.0516182142496103
0.0143735011861911 0.0401684955521141 -0.0459461362152014 0.04326679247252
-0.00330770405030615 0.0495670346834773 -0.0406643323606626 0.0540895675955788
-0.00545816572097375 0.0449037590683392 -0.00515013662707364 0.0255214839095469
0.0118123324327471 0.0293675472867125 0.0306021736157959 -0.00965523211752903
0.0222061529938644 0.0121526898613155 -0.00766973466183531 -0.0461225299157575
0.0204112299785026 -0.00879567803158236 -0.0504871064002023 -0.0179143700865875
0.00781075583150151 -0.0238392941448284 -0.039310210135785 0.0288248464663127
-0.00828546640123103 -0.0234057988198486 -0.00804924437034053 0.0380488627015676
-0.0147236022465731 -0.01557017656532 0.00759611695990801 0.026883650149533
-0.0191629412313065 -0.0149996127083754 0.0151612050778114 0.0133789646816428
-0.0201613374572974 -0.0184053359533627 0.0192401316108256 0.00387262322540052
-0.0179517651864388 -0.0313302940850425 0.0268016446325225 0.00137598833807499
0.00554508392864147 -0.0406745754210818 0.0309253724588356 0.0138754884596389
0.0364045717412189 -0.0250501897658026 0.0187614983083736 0.042164410212537
0.050890352089602 0.0166891799947516 -0.00928470298585965 0.0535730457071962
0.0262274176043148 0.055541233933799 -0.0355243120173098 0.042606120110476
-0.00560263741327019 0.0696125781349999 -0.031790219516666 0.0381733689590135
-0.0162966975896679 0.0565598505922433 -0.000960390495347659 0.0056769429386976
0.0113027328901223 0.0468183520221647 0.0336564439810356 -0.0151757325985763
0.0332757341839492 0.0254169747649705 0.00145528501939246 -0.0525933694350295
0.0335694517579674 -0.0102387148642551 -0.0432029380235381 -0.0307197043517147
0.0133922393886364 -0.032546396249928 -0.0400652214931083 0.0141587820500688
-0.00997244125915784 -0.031455854283842 -0.0149929669731641 0.0275985683866943
-0.0193073342355705 -0.0209269174877313 -0.00113914183930565 0.0197549007771552
-0.0227523081557074 -0.0182378356911363 0.00558954060364647 0.00706307764295013
-0.0233475994140261 -0.0204882872372747 0.00928513667446501 -0.00367626295398726
-0.0227598812297815 -0.0347555429471228 0.0193618181995044 -0.0114768308167438
0.000858131172672906 -0.0466506387195804 0.0318243283235622 -0.00520018132653648
0.0351545095121662 -0.0345311663214342 0.032871385893465 0.0287508534407199
0.0589517845326191 0.00940674157367152 0.00513634613392938 0.0503979150246059
0.0350012612059401 0.0589307821471718 -0.0268752724956732 0.0381496121759701
-0.00536587105294716 0.0769714351440555 -0.0232080212772383 0.0182351920351965
-0.0248701106059987 0.0580564513544937 0.00829271881986167 -0.0178312703494495
0.00555708415246445 0.056689155496524 0.037692103534836 -0.0224231847456128
0.0363080069984323 0.0370376641859468 0.0124160848295376 -0.0558566077516357
0.0419843794957551 -0.00755897465775684 -0.029142704190213 -0.041473313559675
0.0191275824112543 -0.035042630066628 -0.0366271136685223 -0.00412112732070314
-0.00899342155191303 -0.0347764152185904 -0.0220573639192463 0.0129091696112609
-0.0213151318247296 -0.0229193846134987 -0.0113341129494915 0.011108286919763
-0.0227149032774829 -0.0188490075272262 -0.00427023118191449 -0.000154910902880895
-0.0222934957805077 -0.0194590230097887 -0.000614463684975864 -0.0105386698968166
-0.022952570922901 -0.0327179195720237 0.0111057963544497 -0.0219823931621279
-0.00205487869801016 -0.0454222927059849 0.0285513715159411 -0.020471813071088
0.0301791831514152 -0.0356133832759506 0.0399096680159543 0.0144103005598458
0.0561331346030489 0.00524263174795346 0.0147505955156735 0.042803085395239
0.0348081719784294 0.0541868387830379 -0.0201568094234777 0.031926653479797
-0.00534804551596855 0.0721451135440913 -0.0165520870188057 -0.00211160501559403
-0.0283805841714457 0.0486508174059341 0.0208862122863223 -0.0401440111387559
-0.0027184261779016 0.0538308250188478 0.0411814892919808 -0.0311873747691554
0.0293235829045894 0.0404608904078423 0.0231082721934232 -0.054504070684238
0.040324751070218 -0.00184640176264897 -0.0122723723647805 -0.0475502544794803
0.0202949294586332 -0.0303142259728255 -0.0284004321172835 -0.0217774767210848
-0.00618064684860114 -0.0314268287112047 -0.0268512228965415 -0.00270114707901504
-0.0187813945155612 -0.0211666248259351 -0.0208344332600571 0.00182925819906531
-0.0196128705732022 -0.016387583813953 -0.0137183055982463 -0.00734183921010416
-0.0182849261581039 -0.0162688461062183 -0.0090340805744067 -0.0170661988503664
-0.0183129897797992 -0.0271344571306809 0.0035271253423861 -0.0299417135268612
-0.00159773974166779 -0.0380630344879012 0.0249990305897084 -0.0314077093679157
0.0251484029806774 -0.0291526429518375 0.0427616092122375 0.00309435620518468
0.0453085586698769 0.00608854105347527 0.0203987719037104 0.0354264719316386
0.025897005354298 0.0457398899607736 -0.0149644224334341 0.0259990715965328
-0.00853166923280948 0.0575608841505096 -0.0102741124486372 -0.0189304154618281
-0.0235853229671342 0.0301896571046765 0.0329831773210797 -0.056421126812923
-0.00799305492684937 0.0376326366471431 0.0450217305760386 -0.0382791150229972
0.0168175742679007 0.032300214976489 0.0310247492901923 -0.0506027937375452
0.0282573392909744 0.00228860898237001 0.00260387894874806 -0.0493127141566096
0.0158863504371964 -0.0195407555340832 -0.0200676601246661 -0.0346637683294577
-0.0032802902003151 -0.0221024126218675 -0.0300202113195312 -0.015693617561732
-0.0135688237877085 -0.0155147210868778 -0.0285271763655441 -0.00653836626632408
-0.0134175365325728 -0.0122992543047901 -0.0199783574798673 -0.0135206876876396
-0.0123189119598824 -0.0111991074787896 -0.0149435264891688 -0.0224158555505099
-0.0119075651716796 -0.019319211943957 -0.000458012632329774 -0.0355236790698801
0.000555248940614158 -0.0271430131237038 0.0238197770011845 -0.0374723096553779
0.0197893473106826 -0.0194357649795546 0.0445480808256647 -0.00309819893366556
0.032258446761501 0.00903509066910402 0.0223152798110745 0.0299932662352016
0.0129016246412992 0.0351871863656451 -0.0111748639671919 0.020313237372005
-0.0126129919798531 0.0369456247749192 -0.0041533904777858 -0.0297418416544294
-0.0133744740024363 0.00616437648085798 0.039679475709084 -0.0648019616006669
-0.00787009082057728 0.0138100025461555 0.0464298712918039 -0.0424871648312132
0.00294129823003469 0.0138568682057063 0.0343235787389815 -0.0485823185943847
0.0100929678176441 0.0027211709779964 0.00985796144520943 -0.0494690454243165
0.00613647042474804 -0.00656175267928304 -0.0156893716573193 -0.0406615324820693
-0.000710275359398083 -0.00802959285771699 -0.0320147374777414 -0.0231761834718472
-0.00549760133344493 -0.00655875187920974 -0.0328774167095575 -0.011331817227729
-0.00535084831320556 -0.00612119470277583 -0.0237366295258582 -0.0167751369754953
-0.00533646571284279 -0.00516545752109046 -0.0171554727455866 -0.0264151830416756
-0.00559418575474239 -0.0090696822645933 -0.00106738642258844 -0.0391651247106734
0.00135376478533898 -0.0149568083145447 0.0249745631438675 -0.0393171117285507
0.0135330912306998 -0.0103925431824541 0.0461711070040395 -0.00432394771171552
0.0185108749702691 0.0097993366310367 0.0226608910968647 0.0281847101693793
0.00140883996854299 0.0218056970969181 -0.00919285771958461 0.0169999916819705
-0.0139072854447623 0.0136921291500372 0.0017815196228517 -0.0338833786795138
0.00887587345467573 0.00574842155890456 -0.0019439102587743 0.0453930055176063
0.00272963178696071 -0.00521137829951573 0.0286362230088651 -0.00904721785587529
-0.00360303314104234 -0.00371166540838511 -0.0155060396170869 -0.0355373283527454
-0.00201773280523215 0.00183359334308032 -0.0529315990877814 -0.00277240904755621
9.1140070774169E-05 -0.00127496796646338 -0.0340280804871416 0.042052824722557
1.25216308365239E-05 -0.00240156657819967 0.000903104825159624 0.0455226424587102
-0.000578637363365036 -0.00243347999371986 0.0174575771722665 0.0340722177575878
-0.00424896860156738 -0.00338255651478431 0.0260708239992731 0.021813959791734
-0.00532544662577135 -0.00464259690807625 0.0317930953845129 0.0161187773863212
-0.00457529799402491 -0.00777319465368095 0.0318222714511021 0.0230281288908464
0.0040545808948892 -0.0100554190968224 0.0176311505132517 0.0416287865282414
0.0119729642915357 -0.0038514151687559 -0.0112553865438727 0.0521832378616817
0.0127569369975697 0.00657915254820696 -0.0368374108780762 0.0469708778064348
0.00782232199746394 0.0150733899878591 -0.057769973125664 0.0412157324341849
0.00375848727416559 0.0221120606584265 -0.0513447565302004 0.061231298845175
0.00254619226167126 0.0269426386734654 -0.00558406600086001 0.0390706341140594
0.0082196523002563 0.0116982072097233 0.0299370154665488 -0.00790028552830349
0.00853428654682857 0.00276375678796067 -0.0122756844573492 -0.0403517819106149
0.00826443467675026 -0.00393999253825048 -0.0530639278118343 -0.00979635185684644
0.00320459884177667 -0.0126670819256696 -0.0375537815737633 0.0372678601574606
-0.0042244139036995 -0.0131651070177716 -0.00288459347337402 0.0436669415734776
-0.00829050988257602 -0.00958098506312704 0.0136240000107117 0.0324729904377666
-0.0127065777000825 -0.0106676027627861 0.0220583284316315 0.0192656695214087
-0.0136546385771103 -0.0134841748554377 0.0272988985289852 0.011972280258214
-0.0109724660847661 -0.0226922717422853 0.0309870526593975 0.0140492822257151
0.00842790264025446 -0.0271667922716476 0.0252146914163501 0.0318429196688199
0.0297022437745857 -0.0123300141850921 0.00113455459474845 0.0509562778097325
0.0335418499400729 0.0188627532265507 -0.0259484418867945 0.0514312375784409
0.0134525267340734 0.0413133438794112 -0.0489776041071058 0.0424883846318973
-0.00501530400131612 0.0500034527912344 -0.0431423128685452 0.0527255112474546
-0.007324520410014 0.0455066182015225 -0.00587907380337262 0.0256244587780784
0.0110066931258118 0.0306158833712765 0.0322223629710247 -0.0092004416819837
0.0223471967163616 0.0133394721040729 -0.0057621715056074 -0.0469353813275399
0.0211631857250282 -0.0083399060295138 -0.0504680024409699 -0.0201122521531775
0.00816595096701624 -0.0239667338035495 -0.040726131969751 0.0278945425749967
-0.0073152344844028 -0.0236040653708681 -0.00911947678194642 0.038144952757435
-0.0144118839941506 -0.0166261010685299 0.00685042670861268 0.028113497539829
-0.0188682391993781 -0.0162735337167709 0.0150902077731681 0.014116460308911
-0.0201183013607811 -0.0193712691475471 0.0195740990662519 0.00474701422676707
-0.0179794976443749 -0.0323105557016626 0.0274263020862097 0.00187791585293632
0.006441764626408 -0.0412172992060175 0.030555865841952 0.0154915564839483
0.0373500183695175 -0.0244789989568239 0.0178393265863997 0.0438437867783633
0.0515028324583572 0.0187969037676942 -0.0111302543499611 0.0540262459080279
0.0245850626617591 0.0577663989944816 -0.0378463882971179 0.0417142446638094
-0.00816922876058306 0.0703934813422646 -0.0334991996935805 0.0375751542762493
-0.0183785503717329 0.0565405138215361 -0.00072201357455967 0.00606233818520102
0.00976838626944828 0.0476408312792367 0.0355749432348455 -0.0136981057098358
0.033273277558977 0.026815392486526 0.00343946826385462 -0.0530936354992604
0.0344124499054859 -0.0097264414081439 -0.0428051725161954 -0.0323273785942445
0.0143217096502603 -0.0323727457093956 -0.0411941576498801 0.0129896987004126
-0.00917928850874973 -0.0319570377398369 -0.0163345431550581 0.0270883740276342
-0.0192751150484393 -0.0216984899110056 -0.00217189177035959 0.0206198699947803
-0.0228968280737258 -0.0193120772614577 0.00570292557607169 0.00780082122192262
-0.0228414759101727 -0.0212379351306212 0.00973403287198629 -0.00293778334596392
-0.0225646204611964 -0.0353533818359385 0.0202439185181574 -0.0109616564293667
0.00153444926837663 -0.0477385232737177 0.032142786000088 -0.00363275548859567
0.0367115471210341 -0.0336669204290554 0.0320487759880481 0.0307250307999207
0.0596642522416012 0.011889537523866 0.00323159436735858 0.0509290224562648
0.0341698562194105 0.0609188495677725 -0.0286534580904226 0.0383170628599097
-0.00706854379076851 0.0777151805870848 -0.0243310095234466 0.0172907720140769
-0.0275681477371762 0.0580500184175258 0.00957335699296192 -0.0175267260696498
0.00344608928210208 0.0577782608844162 0.0386445734169918 -0.0210170196939722
0.0358622853805038 0.0389832120002988 0.0148785856560455 -0.0561202399123007
0.0432356154692672 -0.00647235685890678 -0.0284787146754451 -0.0434233754556303
0.0197894388297265 -0.0353620102942993 -0.0366724421253905 -0.00511375935352742
-0.0079553062762929 -0.035493793578713 -0.022383873096242 0.0124856811407595
-0.0207524561767877 -0.0241121936078365 -0.0118251880761409 0.0113340690033695
-0.0227160548249137 -0.0198819280939152 -0.00437039308075318 -0.000467703926821776
-0.022033979465942 -0.0205186886064452 0.000276771098336177 -0.0103741738945851
-0.0222944850688285 -0.0334370957750382 0.0116325411901674 -0.0219360525032646
-0.00140591714348639 -0.0462139523371481 0.0293057500501896 -0.0201608470198376
0.0312608588435691 -0.0351741032247292 0.0400892704927698 0.0155927575063702
0.0567477640126483 0.00698964114732863 0.0135933430498034 0.0437093732151548
0.0338616891272343 0.0558906630160076 -0.0217805979364804 0.0320585734286122
-0.00740518195504864 0.0730769206281569 -0.0171445459646831 -0.00278051962101172
-0.0303871201487361 0.0482183137870474 0.0230738055391207 -0.039850148700419
-0.00470144982536839 0.0543870672161903 0.0433765255120339 -0.0292980357034492
0.0284961656553015 0.042334975186862 0.0259502278983359 -0.0544621026734502
0.041057654605964 -0.000943281010233456 -0.0104645026987 -0.0490141763735389
0.0213450929105224 -0.0300886872647128 -0.028440697365492 -0.0236201323956613
-0.00566005572415514 -0.031942530314119 -0.0270944568444886 -0.00356688795903327
-0.0185838415398895 -0.0217824464609275 -0.021437847878304 0.00138098393813914
-0.0196082210873008 -0.0175712472226807 -0.0130996462017717 -0.00792302168989506
-0.0178271259159629 -0.0171854139764728 -0.0082565119490128 -0.0170997905974181
-0.0182405746920287 -0.0274818076507326 0.00451226527426749 -0.029846900591513
-0.00127267240080796 -0.0383424722722935 0.0259832521867039 -0.0307533946116645
0.025611281468136 -0.0281407528270583 0.0436222701021518 0.00459335812503074
0.0461395456475472 0.00764004582494868 0.0195917876494881 0.0362813762845769
0.0249889135959555 0.0470502173896156 -0.0167131264168956 0.0253544568688456
-0.00982568548277929 0.0575465210404017 -0.0105824208682008 -0.019669039687034
-0.0251586054176204 0.0298534046879108 0.0352612169878185 -0.0561772055327124
-0.00921041016993732 0.0374699167932607 0.0475182388431095 -0.0368899147199163
0.0156520075579847 0.0326767433586136 0.03356048794178 -0.0504663756050596
0.0284367174283568 0.00311864942530575 0.00482583529217407 -0.0504549327346486
0.0163942327053613 -0.0194423493198954 -0.0193659697956742 -0.0360020025907339
-0.00267585579013632 -0.0216943095554443 -0.0301710948247156 -0.0170913228044245
-0.0133789417391919 -0.0158721712235882 -0.0291589644034809 -0.00688489007793903
-0.0136729474472034 -0.0125525308507677 -0.0203060923578387 -0.014011644406302
-0.0119514268024917 -0.0122539357632752 -0.0143788556743626 -0.0230516815793041
-0.0120215346779262 -0.019460944264164 0.000862441252454161 -0.0361052802018921
0.000747542676135669 -0.0274845031515805 0.0251409017451382 -0.0370775751519626
0.0203488604154709 -0.0191662980436864 0.045543107691273 -0.00197730289232976
0.0324916427700215 0.00982865556831423 0.0213825494961097 0.0308606613353527
0.0124497182145583 0.035954591562913 -0.0130661531675339 0.0198803914701179
-0.0136780135927745 0.0371609417804045 -0.00367877002357099 -0.0301717467544248
-0.0139710408451147 0.00583662921748641 0.0426985749435157 -0.0639301951495949
-0.00855687285018626 0.0132739309494982 0.0487610147618637 -0.0407866508475123
0.00301505407389501 0.0139862930579903 0.0370608338348788 -0.0478946521649667
0.00987661143579347 0.00339025556821283 0.0118609379801348 -0.0502173069460045
0.00633750350015882 -0.00615652479036284 -0.0143506593876589 -0.0420677058869231
-0.000378382166139372 -0.00775526570958954 -0.0316071984331198 -0.0242292123912121
-0.00528800370243139 -0.00680846718919949 -0.0328146828244311 -0.0116692927647169
-0.0053065143466873 -0.00622595867269005 -0.0240888440386337 -0.0177324230709737
-0.00507838519860086 -0.00520828066925739 -0.0167080382835266 -0.0274395707076299
-0.00505658445749161 -0.00992118516417909 0.00011184752724908 -0.0396796429827767
0.00164221423675865 -0.015230569217471 0.026171714124733 -0.0391780269001263
0.0142600094321609 -0.0101499593452892 0.0469737160535091 -0.002930890432
0.0187133698646108 0.0106229840780752 0.0217668149770064 0.0293895526182714
0.000638129961636833 0.0221523059535439 -0.0100621047156981 0.0168348151526138
-0.0147268223638765 0.0133439834482454 0.00253775714806704 -0.0341538660118711
