TRXV5
3
4
4
9
string Extension=J
integer IsArchMeasurement=1
integer IsSpherical=1
string Generator=SPM
string GeneratorVersion=1.3.1 Dev
double ArchRadius=0.449999988079071
integer FrequencyAxisIndex=0
integer AzimuthAxisIndex=1
integer ElevationAxisIndex=2
Frequency
5 136 690000000 960000000 LIN
Azimuth
7 8 0 2.74889357189107 LIN
Elevation
7 15 -2.74889357189107 2.74889357189107 LIN
Polar H Real Part
13
Polar H Imaginary Part
14
Polar V Real Part
13
Polar V Imaginary Part
14
Polar H Magnitude (dB)
12 0xC0000002 0 1
Polar H Phase
7 0xC0000003 0 1
Polar V Magnitude (dB)
12 0xC0000002 2 3
Polar V Phase
7 0xC0000003 2 3
-0.0297203063964844 0.0226230621337891 0.0437393188476563 0.0205535888671875
0.00321578979492188 0.0328445434570313 0.0160970687866211 0.0163402557373047
0.0182609558105469 0.0103340148925781 0.00666427612304688 0.0230350494384766
0.0164670944213867 -0.00268840789794922 0.0233421325683594 0.0295391082763672
0.0123224258422852 -0.0102348327636719 0.0380630493164063 0.0189704895019531
0.00649833679199219 -0.0187950134277344 0.0439109802246094 0.00133132934570312
0.00410652160644531 -0.0174961090087891 0.0391807556152344 -0.00480270385742188
0.00559139251708984 -0.0157394409179688 0.0291328430175781 -0.00308036804199219
0.0133171081542969 -0.0181102752685547 0.016632080078125 0.00272083282470703
0.0218372344970703 -0.00551795959472656 0.00369119644165039 0.00300955772399902
0.020843505859375 0.0128307342529297 -0.00581645965576172 -0.0126304626464844
0.00815391540527344 0.0233078002929688 0.00570106506347656 -0.0273094177246094
-0.0151252746582031 0.0230083465576172 0.040069580078125 -0.0286178588867187
-0.0308589935302734 0.0158729553222656 0.05084228515625 -0.0102729797363281
-0.0423126220703125 0.00502395629882812 0.0272541046142578 0.000749588012695313
-0.0437469482421875 0.0165519714355469 0.0307254791259766 0.0284423828125
-0.0135231018066406 0.0341644287109375 0.00603866577148437 0.0258693695068359
0.00795555114746094 0.0194492340087891 0.00341033935546875 0.0322418212890625
0.0137529373168945 0.0100393295288086 0.0214424133300781 0.0371170043945313
0.016301155090332 0.00128555297851563 0.0363998413085938 0.0257377624511719
0.0172262191772461 -0.0104122161865234 0.0440444946289062 0.00821304321289062
0.0163078308105469 -0.013336181640625 0.03765869140625 0.0019378662109375
0.0157194137573242 -0.0111770629882813 0.0255279541015625 0.00343704223632812
0.0236663818359375 -0.0124149322509766 0.0107975006103516 0.00850105285644531
0.0296230316162109 0.00255584716796875 -0.00356769561767578 0.00721120834350586
0.0231056213378906 0.0219211578369141 -0.0145549774169922 -0.0102605819702148
0.00629615783691406 0.0332202911376953 -0.00417327880859375 -0.0270023345947266
-0.0235385894775391 0.0290737152099609 0.0287246704101563 -0.0319423675537109
-0.0424995422363281 0.0161628723144531 0.0352249145507813 -0.0121917724609375
-0.0537300109863281 0.00194931030273438 0.0101699829101562 -0.0008392333984375
-0.053497314453125 0.00567245483398438 0.0110874176025391 0.0326633453369141
-0.0308380126953125 0.0293331146240234 -0.00966072082519531 0.0336074829101562
-0.00657463073730469 0.0262050628662109 -0.00389480590820312 0.0416450500488281
0.00694847106933593 0.0236835479736328 0.0170059204101563 0.0450248718261719
0.0177230834960938 0.0143928527832031 0.0324745178222656 0.0314579010009766
0.0266399383544922 0.00135040283203125 0.039886474609375 0.0140724182128906
0.0266399383544922 -0.00621604919433594 0.0311298370361328 0.00727462768554688
0.0234889984130859 -0.00501632690429688 0.0180912017822266 0.00876617431640625
0.0302715301513672 -0.00526237487792969 0.00211238861083984 0.0137157440185547
0.0330848693847656 0.00846099853515625 -0.0124998092651367 0.0110683441162109
0.0236492156982422 0.0260963439941406 -0.0238590240478516 -0.00720787048339844
0.00533676147460938 0.0367813110351563 -0.0145225524902344 -0.0254917144775391
-0.0247745513916016 0.0319023132324219 0.0154819488525391 -0.0321750640869141
-0.0455093383789062 0.0169448852539063 0.0171489715576172 -0.0104579925537109
-0.0579872131347656 -0.000816345214843759 -0.00941753387451172 -0.00170135498046875
-0.0534820556640625 -0.00465774536132813 -0.0103359222412109 0.0319175720214844
-0.0420188903808594 0.0195846557617188 -0.0296745300292969 0.0365219116210937
-0.0209293365478516 0.0277786254882813 -0.0147247314453125 0.047515869140625
-0.00253868103027344 0.0332107543945313 0.00925064086914062 0.0489883422851563
0.0152378082275391 0.0252895355224609 0.0240383148193359 0.0335330963134766
0.0303955078125 0.0128517150878906 0.0311565399169922 0.0178012847900391
0.0320835113525391 0.00175094604492188 0.0200157165527344 0.0109443664550781
0.0269279479980469 0.00175285339355469 0.0069580078125 0.0120162963867188
0.0322837829589844 0.00159263610839844 -0.00768947601318359 0.0173721313476563
0.032684326171875 0.0128746032714844 -0.0212898254394531 0.0142116546630859
0.0208263397216797 0.0267219543457031 -0.0310134887695313 -0.00302886962890625
0.00404739379882813 0.0354995727539063 -0.0217781066894531 -0.0207805633544922
-0.0234107971191406 0.0302352905273438 0.00325202941894531 -0.0280361175537109
-0.0424995422363281 0.0141372680664063 -6.05583190917996E-05 -0.00580644607543945
-0.0544548034667969 -0.00438308715820313 -0.0279617309570313 -0.00173568725585937
-0.0441970825195312 -0.01409912109375 -0.0307159423828125 0.025115966796875
-0.0432510375976563 0.00649642944335937 -0.0492515563964844 0.0332107543945313
-0.0293903350830078 0.0220012664794922 -0.0273284912109375 0.0491523742675781
-0.0122776031494141 0.034027099609375 0.000350952148437501 0.047760009765625
0.00877189636230468 0.0306816101074219 0.0150661468505859 0.0304775238037109
0.0275154113769531 0.0215339660644531 0.0193710327148438 0.0172843933105469
0.0319328308105469 0.00975227355957031 0.00687599182128906 0.0112743377685547
0.0258865356445312 0.00766181945800781 -0.00535011291503906 0.0135030746459961
0.0300426483154297 0.00813865661621094 -0.0173282623291016 0.0191879272460938
0.0277881622314453 0.0168533325195313 -0.0287208557128906 0.0151462554931641
0.0157260894775391 0.0267829895019531 -0.0355339050292969 -0.000488281249999994
-0.000463485717773441 0.0318183898925781 -0.0254764556884766 -0.0165824890136719
-0.0231380462646484 0.0233306884765625 -0.00373649597167969 -0.0208263397216797
-0.0359764099121094 0.006805419921875 -0.0133037567138672 0.00120735168457031
-0.0454483032226562 -0.0113334655761719 -0.0440597534179688 -0.00223922729492187
-0.0256786346435547 -0.0188179016113281 -0.0444145202636719 0.0165748596191406
-0.0318126678466797 -0.0048065185546875 -0.0619468688964844 0.0255355834960938
-0.0275402069091797 0.0102806091308594 -0.0366859436035156 0.0439834594726563
-0.0178108215332031 0.0245189666748047 -0.00808334350585938 0.04205322265625
-0.000270843505859378 0.0272674560546875 0.00629615783691406 0.0242900848388672
0.0182952880859375 0.0247097015380859 0.00688743591308594 0.0132789611816406
0.0249423980712891 0.0156517028808594 -0.00597763061523437 0.00995731353759766
0.020965576171875 0.0124492645263672 -0.0164403915405273 0.0129594802856445
0.0240135192871094 0.0134143829345703 -0.0256671905517578 0.017425537109375
0.0203895568847656 0.0200824737548828 -0.0345859527587891 0.0128307342529297
0.00821113586425782 0.0257225036621094 -0.0368309020996094 -0.00140380859375
-0.00679397583007812 0.0272083282470703 -0.0252780914306641 -0.0144252777099609
-0.0245285034179688 0.0140972137451172 -0.00815582275390626 -0.0157127380371094
-0.0296173095703125 -0.00351905822753907 -0.0214633941650391 0.00428390502929687
-0.0316123962402344 -0.0200996398925781 -0.0535850524902344 -0.00470352172851563
-0.0026254653930664 -0.0175571441650391 -0.04949951171875 0.008453369140625
-0.0104875564575195 -0.0112075805664062 -0.0655441284179688 0.0172348022460938
-0.0155744552612305 -0.00275325775146484 -0.0407295227050781 0.0378570556640625
-0.0163173675537109 0.00778865814208984 -0.0114593505859375 0.0340194702148437
-0.00748825073242188 0.01507568359375 0.0015106201171875 0.0162668228149414
0.00439834594726563 0.0214462280273438 -0.00292253494262695 0.00684022903442383
0.0128459930419922 0.0187568664550781 -0.0159454345703125 0.00616168975830078
0.0122861862182617 0.0152750015258789 -0.0253944396972656 0.0105152130126953
0.0150527954101562 0.0159997940063477 -0.0332489013671875 0.0143795013427734
0.0115756988525391 0.0213794708251953 -0.0392799377441406 0.00878143310546875
0.00136375427246093 0.0236892700195313 -0.038238525390625 -0.00432968139648438
-0.0123462677001953 0.0221977233886719 -0.0248584747314453 -0.0162010192871094
-0.0255775451660156 0.004119873046875 -0.00910663604736328 -0.0144567489624023
-0.0216922760009766 -0.0153846740722656 -0.0246219635009766 0.00330924987792969
-0.0160408020019531 -0.0286712646484375 -0.05853271484375 -0.0102920532226563
0.0198421478271484 -0.0142898559570313 -0.044036865234375 0.00395965576171875
0.0120840072631836 -0.0147008895874023 -0.0596427917480469 0.0130958557128906
0.000967025756835937 -0.0136899948120117 -0.03790283203125 0.0340652465820313
-0.0103082656860352 -0.00940704345703125 -0.00991439819335937 0.0289764404296875
-0.0133504867553711 0.000341415405273437 0.00179576873779297 0.0107545852661133
-0.0102462768554688 0.013829231262207 -0.00680637359619141 0.000729560852050783
-0.000766754150390626 0.0188312530517578 -0.0212974548339844 0.000835418701171878
0.00203132629394531 0.0158653259277344 -0.0309619903564453 0.00624465942382812
0.0041189193725586 0.0166711807250977 -0.0384178161621094 0.00929641723632813
0.00217819213867187 0.0197868347167969 -0.042327880859375 0.00183486938476563
-0.00499725341796875 0.0189361572265625 -0.0388565063476563 -0.00982666015624999
-0.0159969329833984 0.0155830383300781 -0.0237236022949219 -0.0198879241943359
-0.0242557525634766 -0.00445365905761718 -0.00994300842285156 -0.0175952911376953
-0.0126075744628906 -0.0241641998291016 -0.0251655578613281 -0.00419235229492187
0.00141143798828125 -0.0337696075439453 -0.0559005737304688 -0.0184288024902344
-0.0281295776367188 0.0296154022216797 0.0511093139648438 0.0223617553710938
0.0089263916015625 0.0360984802246094 0.0210494995117188 0.0178775787353516
0.0229091644287109 0.00814247131347656 0.00959014892578125 0.0231189727783203
0.0183677673339844 -0.00676727294921875 0.0260524749755859 0.0305461883544922
0.0112438201904297 -0.0144424438476563 0.0417976379394531 0.0189323425292969
0.00303077697753906 -0.0225124359130859 0.0472564697265625 -0.000473022460937501
0.000518798828124999 -0.0199966430664063 0.0438079833984375 -0.00705337524414063
0.00276374816894531 -0.018341064453125 0.0333385467529297 -0.00380325317382813
0.0105438232421875 -0.0229015350341797 0.0204086303710937 0.00383949279785156
0.0231857299804688 -0.0104293823242188 0.00615215301513672 0.00538253784179687
0.0251731872558594 0.0100975036621094 -0.00703716278076172 -0.0104846954345703
0.0135021209716797 0.0241050720214844 0.00317001342773438 -0.0277595520019531
-0.0131587982177734 0.0289764404296875 0.0400466918945313 -0.0340080261230469
-0.0334415435791016 0.0238170623779297 0.05560302734375 -0.0135421752929687
-0.0465812683105469 0.0121574401855469 0.03106689453125 0.001251220703125
-0.0451850891113281 0.0224838256835938 0.0371894836425781 0.0330581665039063
-0.0100059509277344 0.0376014709472656 0.0107955932617188 0.0291004180908203
0.0112342834472656 0.0186309814453125 0.0066375732421875 0.0340213775634766
0.0155086517333984 0.00790500640869141 0.0251197814941406 0.0388908386230469
0.0162820816040039 -0.00176906585693359 0.0410346984863281 0.0263748168945313
0.0159082412719727 -0.0132503509521484 0.04876708984375 0.00759124755859375
0.0151729583740234 -0.0158348083496094 0.0427780151367188 0.000324249267578124
0.0151424407958984 -0.0134067535400391 0.0310115814208984 0.0032501220703125
0.0232315063476563 -0.0161266326904297 0.0153226852416992 0.0106821060180664
0.0324020385742188 -0.000988006591796875 -0.000788688659667967 0.0111112594604492
0.0277957916259766 0.0210933685302734 -0.0157127380371094 -0.00653266906738281
0.0109748840332031 0.0357742309570312 -0.00734519958496093 -0.0262165069580078
-0.0231056213378906 0.0349998474121094 0.0272331237792969 -0.035858154296875
-0.0465087890625 0.0231170654296875 0.0381622314453125 -0.013946533203125
-0.0602684020996094 0.00856399536132813 0.0121698379516602 0.00260257720947266
-0.0569992065429688 0.00986862182617188 0.016326904296875 0.0392951965332031
-0.030975341796875 0.0332546234130859 -0.00571060180664063 0.0385894775390625
-0.00522804260253906 0.0277118682861328 -0.000350952148437496 0.0444984436035156
0.00826263427734375 0.0239620208740234 0.0212020874023437 0.0474014282226563
0.0188694000244141 0.0134086608886719 0.037445068359375 0.03289794921875
0.0277061462402344 -0.00055694580078125 0.0459403991699219 0.013885498046875
0.0276756286621094 -0.00819206237792969 0.0368804931640625 0.00673675537109375
0.0245399475097656 -0.00655937194824219 0.0231056213378906 0.00902748107910156
0.0318622589111328 -0.00759124755859375 0.00694561004638672 0.0165977478027344
0.0368385314941406 0.00640869140625 -0.0104656219482422 0.0159635543823242
0.0278663635253906 0.0270156860351563 -0.0249958038330078 -0.00266647338867187
0.00928878784179688 0.0405731201171875 -0.0176925659179688 -0.0230903625488281
-0.025543212890625 0.0377388000488281 0.0130634307861328 -0.0346851348876953
-0.0508270263671875 0.0217628479003906 0.0183773040771484 -0.0104999542236328
-0.0653305053710938 0.00368881225585938 -0.00936889648437501 0.00307655334472656
-0.0589752197265625 -0.00386428833007812 -0.00770950317382813 0.0398826599121094
-0.0452880859375 0.0215072631835937 -0.0276527404785156 0.0438385009765625
-0.0219955444335938 0.0303478240966797 -0.0110816955566406 0.0523147583007813
-0.00246047973632812 0.0355453491210938 0.0133781433105469 0.0524444580078125
0.0170955657958984 0.0272064208984375 0.0291557312011719 0.0354499816894531
0.0337657928466797 0.0127372741699219 0.036834716796875 0.0179519653320313
0.0356407165527344 0.000629425048828125 0.0254154205322266 0.0110378265380859
0.0301570892333984 0.00107955932617188 0.0115680694580078 0.0135793685913086
0.0354652404785156 0.000934600830078125 -0.00342559814453125 0.0203781127929688
0.03656005859375 0.0131797790527344 -0.0184650421142578 0.0191116333007812
0.0245914459228516 0.0292243957519531 -0.0315685272216797 0.00177955627441406
0.005828857421875 0.0396041870117188 -0.0252609252929688 -0.0177726745605469
-0.0253543853759766 0.0345535278320313 0.000659942626953121 -0.0283603668212891
-0.0484237670898437 0.0175209045410156 0.000280380249023434 -0.00379872322082519
-0.0621604919433594 -0.00234985351562499 -0.0301151275634766 0.00349807739257812
-0.0503997802734375 -0.0163230895996094 -0.0316390991210938 0.0336227416992188
-0.0486717224121094 0.00652694702148437 -0.0494918823242188 0.0417518615722656
-0.033416748046875 0.0244331359863281 -0.0245895385742188 0.0548667907714844
-0.0137939453125 0.0383453369140625 0.00358200073242187 0.0519790649414063
0.00992393493652344 0.0348224639892578 0.0185966491699219 0.0324554443359375
0.0319919586181641 0.0236854553222656 0.0235748291015625 0.0177974700927734
0.0368385314941406 0.0100021362304688 0.0102901458740234 0.0127124786376953
0.0303726196289063 0.00863265991210938 -0.00192546844482422 0.0155582427978516
0.0349311828613281 0.00907135009765625 -0.0143451690673828 0.0222721099853516
0.0325374603271484 0.0186138153076172 -0.0269489288330078 0.0198402404785156
0.0182819366455078 0.0301780700683594 -0.0358924865722656 0.00406265258789063
0.000202178955078125 0.0366058349609375 -0.0276031494140625 -0.0132999420166016
-0.0267124176025391 0.0271339416503906 -0.00562667846679688 -0.0203189849853516
-0.0429611206054688 0.00773620605468749 -0.0136804580688477 0.00447845458984375
-0.0534019470214844 -0.0123291015625 -0.0475578308105469 0.00337982177734375
-0.0301361083984375 -0.0239276885986328 -0.0482177734375 0.0239105224609375
-0.0376968383789063 -0.00796508789062499 -0.065032958984375 0.0333595275878906
-0.0326652526855469 0.0114917755126953 -0.0354728698730469 0.0503349304199219
-0.0207290649414063 0.0286197662353516 -0.005401611328125 0.0462226867675781
0.000116348266601564 0.0320816040039063 0.00866889953613282 0.0258464813232422
0.0223827362060547 0.0291786193847656 0.00907230377197266 0.0140190124511719
0.0305767059326172 0.0173053741455078 -0.00432586669921875 0.0111627578735352
0.025848388671875 0.0139541625976563 -0.0153989791870117 0.0150213241577148
0.0295886993408203 0.0155124664306641 -0.0247077941894531 0.0205669403076172
0.0255012512207031 0.0234870910644531 -0.0335807800292969 0.0166530609130859
0.0108795166015625 0.030731201171875 -0.0377922058105469 0.00221252441406251
-0.0069732666015625 0.0330905914306641 -0.0270576477050781 -0.0117416381835937
-0.0288848876953125 0.0171051025390625 -0.00943183898925782 -0.0139217376708984
-0.0365829467773438 -0.00521469116210937 -0.0228023529052734 0.00786209106445312
-0.0388374328613281 -0.0236968994140625 -0.0584983825683594 -0.000549316406250007
-0.00404548645019531 -0.0245628356933594 -0.0553436279296875 0.0130157470703125
-0.0143442153930664 -0.0172758102416992 -0.0705795288085938 0.0245285034179687
-0.0204982757568359 -0.004302978515625 -0.0402717590332031 0.0451126098632813
-0.0214214324951172 0.0107841491699219 -0.00930404663085938 0.0367240905761719
-0.0095062255859375 0.0200080871582031 0.00294971466064453 0.016413688659668
0.00721168518066406 0.0266170501708984 -0.0025944709777832 0.00706958770751953
0.0180873870849609 0.0222454071044922 -0.0170021057128906 0.00718593597412109
0.0172576904296875 0.0179367065429688 -0.0266284942626953 0.0130996704101563
0.0204410552978516 0.0192508697509766 -0.03375244140625 0.0173206329345703
0.0164470672607422 0.0254917144775391 -0.0396041870117188 0.0115585327148438
0.00371360778808594 0.0291767120361328 -0.0394401550292969 -0.00176620483398438
-0.0133495330810547 0.028106689453125 -0.0264682769775391 -0.01434326171875
-0.0314388275146484 0.00736045837402343 -0.010289192199707 -0.0132331848144531
-0.0288238525390625 -0.0176563262939453 -0.0269546508789063 0.0061187744140625
-0.0221405029296875 -0.0340690612792969 -0.0644798278808594 -0.00724792480468752
0.021636962890625 -0.0216178894042969 -0.0500297546386719 0.00609588623046874
0.0110054016113281 -0.0220623016357422 -0.0648574829101563 0.0181007385253906
-0.00243377685546875 -0.017913818359375 -0.03753662109375 0.0396842956542969
-0.0153675079345703 -0.00939559936523437 -0.00783348083496094 0.0306072235107422
-0.0169601440429687 0.00373268127441406 0.00256633758544922 0.00975894927978516
-0.00938796997070313 0.0192966461181641 -0.00799179077148438 -0.000452995300292969
0.003143310546875 0.0230636596679688 -0.0240287780761719 0.00127601623535156
0.00582313537597656 0.0188617706298828 -0.0340538024902344 0.00818443298339844
0.00893974304199219 0.0201282501220703 -0.0408363342285156 0.0118446350097656
0.00622367858886719 0.0242462158203125 -0.0445365905761719 0.00416946411132814
-0.00320053100585938 0.0239639282226563 -0.0412635803222656 -0.00865554809570313
-0.0171222686767578 0.0208148956298828 -0.0265426635742188 -0.0190448760986328
-0.0295314788818359 -0.00203323364257812 -0.0117273330688477 -0.0170812606811523
-0.0189380645751953 -0.0273780822753906 -0.0291690826416016 -0.00261116027832031
-0.00281524658203125 -0.0402679443359375 -0.0629310607910156 -0.0187301635742187
-0.0248451232910156 0.03521728515625 0.0581893920898438 0.0227203369140625
0.016082763671875 0.0366554260253906 0.0264453887939453 0.0171222686767578
0.0263042449951172 0.00441932678222656 0.0113773345947266 0.0230159759521484
0.0184421539306641 -0.0110454559326172 0.0279941558837891 0.0300083160400391
0.00895500183105469 -0.0180454254150391 0.0446357727050781 0.0181121826171875
-0.00202178955078125 -0.0244274139404297 0.0501136779785156 -0.00211334228515625
-0.00324440002441406 -0.0209751129150391 0.0469894409179688 -0.00920486450195313
-0.000715255737304689 -0.0197048187255859 0.0371284484863281 -0.0059967041015625
0.00626564025878906 -0.0255870819091797 0.0245380401611328 0.00303459167480469
0.0220489501953125 -0.0155887603759766 0.00948047637939453 0.00708675384521484
0.0286674499511719 0.00621414184570313 -0.00683021545410156 -0.00730037689208984
0.0187473297119141 0.0236873626708984 0.00086784362792969 -0.0262699127197266
-0.00933647155761719 0.0336780548095703 0.037841796875 -0.0378379821777344
-0.0322685241699219 0.03179931640625 0.0589027404785156 -0.0183219909667969
-0.0481185913085937 0.0214920043945313 0.0362434387207031 0.00195693969726563
-0.0441703796386719 0.0280609130859375 0.045074462890625 0.0351333618164062
-0.006072998046875 0.0393295288085938 0.0173301696777344 0.0302085876464844
0.0139236450195313 0.0166559219360352 0.0102272033691406 0.0336570739746094
0.0157718658447266 0.00586986541748047 0.0283775329589844 0.0394821166992188
0.0153837203979492 -0.00382137298583984 0.045013427734375 0.0259742736816406
0.0135211944580078 -0.0155477523803711 0.0534515380859375 0.00549697875976562
0.0129423141479492 -0.0170965194702148 0.0479888916015625 -0.00205612182617188
0.0134620666503906 -0.0149135589599609 0.0359916687011719 0.00128173828125
0.0212764739990234 -0.0188941955566406 0.0208053588867187 0.0108604431152344
0.0327796936035156 -0.00518417358398438 0.00371074676513672 0.0139904022216797
0.03179931640625 0.0187416076660156 -0.0148696899414062 -0.00216293334960937
0.0161285400390625 0.036834716796875 -0.00975036621093749 -0.02362060546875
-0.0203208923339844 0.0405807495117188 0.0245437622070313 -0.0380935668945313
-0.04803466796875 0.0307655334472656 0.0403289794921875 -0.0159912109375
-0.0641746520996094 0.0163116455078125 0.0156755447387695 0.00518798828125
-0.0591049194335937 0.0142745971679688 0.0237846374511719 0.0439491271972656
-0.02996826171875 0.0355072021484375 0.000267028808593747 0.0421600341796875
-0.00446510314941406 0.0278091430664063 0.00400543212890625 0.0457992553710938
0.00880622863769531 0.0238723754882813 0.0252571105957031 0.0486335754394531
0.01959228515625 0.0127277374267578 0.04205322265625 0.03253173828125
0.0275955200195313 -0.00255012512207031 0.0507431030273438 0.0121269226074219
0.0278110504150391 -0.0102958679199219 0.0422706604003906 0.0050048828125
0.0253200531005859 -0.00774192810058594 0.0284347534179688 0.00812339782714844
0.0325603485107422 -0.0104236602783203 0.0125226974487305 0.0174922943115234
0.0390281677246094 0.00440597534179687 -0.00482749938964844 0.0194664001464844
0.0318775177001953 0.0264053344726563 -0.0238800048828125 0.00274085998535157
0.0131568908691406 0.042724609375 -0.0202083587646484 -0.0191116333007812
-0.0249443054199219 0.0430030822753906 0.0101585388183594 -0.0348911285400391
-0.0542144775390625 0.0286483764648437 0.0200386047363281 -0.0104160308837891
-0.0707015991210938 0.00981140136718751 -0.00697469711303711 0.0077056884765625
-0.0637550354003906 -0.00189208984375001 -0.00262832641601563 0.0469207763671875
-0.0484771728515625 0.0244636535644531 -0.0220489501953125 0.0496444702148438
-0.0229549407958984 0.0325164794921875 -0.00660324096679688 0.0554656982421875
-0.00140380859375 0.0380630493164063 0.0179557800292969 0.0546875
0.0184669494628906 0.0284957885742188 0.0342864990234375 0.0357398986816406
0.0362319946289062 0.0122909545898437 0.0420188903808594 0.0169296264648438
0.0384025573730469 -0.000812530517578125 0.0302963256835938 0.0100593566894531
0.0326786041259766 0.000349044799804688 0.0164918899536133 0.0132932662963867
0.0384521484375 -0.000453948974609375 0.00203895568847656 0.0217323303222656
0.0403327941894531 0.0123252868652344 -0.0136013031005859 0.0225315093994141
0.0281047821044922 0.0305442810058594 -0.0300846099853516 0.00697135925292969
0.00907135009765624 0.0432472229003906 -0.0259819030761719 -0.0132465362548828
-0.0261344909667969 0.0394668579101563 -0.000940322875976566 -0.0274162292480469
-0.0532073974609375 0.0220108032226563 0.00172281265258789 -0.00150227546691894
-0.0685615539550781 0.00152587890625 -0.0293483734130859 0.00991439819335938
-0.0564155578613281 -0.0174217224121094 -0.0297355651855469 0.0414009094238281
-0.0542030334472656 0.00756072998046875 -0.0463180541992188 0.0494232177734375
-0.0364723205566406 0.027374267578125 -0.0200080871582031 0.059051513671875
-0.0142745971679687 0.0429458618164063 0.00792694091796875 0.0542755126953125
0.01214599609375 0.0377922058105469 0.0229167938232422 0.0331859588623047
0.0365943908691406 0.0245704650878906 0.0280323028564453 0.0172996520996094
0.0413093566894531 0.00868606567382813 0.0138568878173828 0.0124883651733398
0.0349006652832031 0.00806236267089844 0.001373291015625 0.0160894393920898
0.03900146484375 0.00855636596679688 -0.0102462768554687 0.0235424041748047
0.03753662109375 0.0194549560546875 -0.0226726531982422 0.0229511260986328
0.0218677520751953 0.0334224700927734 -0.0342121124267578 0.00825119018554687
0.00200271606445313 0.0416793823242188 -0.0276145935058594 -0.00934410095214843
-0.0290203094482422 0.0316276550292969 -0.00677680969238281 -0.0182952880859375
-0.0492057800292969 0.0104141235351563 -0.012486457824707 0.00825119018554688
-0.0607261657714844 -0.0108146667480469 -0.0485496520996094 0.0100784301757813
-0.0363426208496094 -0.0277214050292969 -0.0489387512207031 0.0314788818359375
-0.0445365905761719 -0.00937271118164062 -0.0646018981933594 0.041778564453125
-0.0374488830566406 0.0130386352539062 -0.0318107604980469 0.0557479858398438
-0.0231304168701172 0.0340232849121094 -0.00222396850585938 0.0478439331054688
0.00124359130859375 0.0371971130371094 0.0113086700439453 0.0262432098388672
0.0278854370117188 0.0317802429199219 0.0116863250732422 0.013667106628418
0.0367546081542969 0.0176734924316406 -0.002960205078125 0.0118255615234375
0.0315742492675781 0.0144577026367188 -0.0135765075683594 0.0168066024780273
0.0353622436523438 0.0157394409179688 -0.0221900939941406 0.0225028991699219
0.0314102172851563 0.0253314971923828 -0.0307865142822266 0.0192985534667969
0.0148429870605469 0.0345897674560547 -0.0363731384277344 0.0055084228515625
-0.00566482543945312 0.0385551452636719 -0.0269527435302734 -0.00887298583984375
-0.0327224731445313 0.0217666625976563 -0.00960540771484375 -0.011962890625
-0.0443992614746094 -0.00369262695312499 -0.0224685668945313 0.0121097564697266
-0.0469856262207031 -0.0249366760253906 -0.0610122680664063 0.00547409057617189
-0.00833892822265625 -0.0315284729003906 -0.0586776733398437 0.0193023681640625
-0.0206108093261719 -0.0214042663574219 -0.072296142578125 0.0317840576171875
-0.02606201171875 -0.00445747375488281 -0.0374259948730469 0.0492897033691406
-0.0250759124755859 0.0149421691894531 -0.00710296630859375 0.0384101867675781
-0.00961494445800781 0.0255336761474609 0.00379276275634766 0.0160369873046875
0.0120372772216797 0.0312519073486328 -0.0022125244140625 0.00671815872192383
0.0250015258789063 0.0229988098144531 -0.0177383422851562 0.00848388671875
0.0226249694824219 0.0190200805664063 -0.0268650054931641 0.0150032043457031
0.0262622833251953 0.0202617645263672 -0.033477783203125 0.0193347930908203
0.022613525390625 0.0280933380126953 -0.038665771484375 0.0138320922851563
0.00710296630859375 0.0336418151855469 -0.0396804809570313 0.000564575195312494
-0.0122165679931641 0.0337467193603516 -0.0263576507568359 -0.0120849609375
-0.0358047485351563 0.0115127563476562 -0.0109672546386719 -0.0114059448242188
-0.0370521545410156 -0.0181045532226563 -0.0281467437744141 0.0101356506347656
-0.0297889709472656 -0.0375289916992188 -0.06878662109375 -0.00296783447265626
0.0202522277832031 -0.0292911529541016 -0.0546684265136719 0.00952148437500001
0.007110595703125 -0.0286731719970703 -0.0678367614746094 0.0237350463867187
-0.00764846801757812 -0.0207157135009766 -0.0351486206054688 0.0436592102050781
-0.0205974578857422 -0.00747299194335937 -0.00581169128417969 0.0306529998779297
-0.0183658599853516 0.00862693786621094 0.00293874740600586 0.00822591781616211
-0.005828857421875 0.0245285034179688 -0.00939083099365234 -0.00107955932617187
0.00922012329101562 0.0247859954833984 -0.0268573760986328 0.00237083435058594
0.0110645294189453 0.0207138061523438 -0.0362434387207031 0.0107460021972656
0.0145702362060547 0.021392822265625 -0.0428085327148438 0.0143089294433594
0.01171875 0.0261325836181641 -0.0456085205078125 0.00590133666992187
-0.000211715698242189 0.0278511047363281 -0.0427322387695313 -0.00685882568359376
-0.0163211822509766 0.026275634765625 -0.0273799896240234 -0.0176639556884766
-0.0342197418212891 0.00225257873535157 -0.0129413604736328 -0.0155477523803711
-0.0265083312988281 -0.0285377502441406 -0.0319004058837891 -3.43322753906317E-05
-0.0099029541015625 -0.0455398559570312 -0.0691757202148438 -0.0166587829589844
-0.0199394226074219 0.0395698547363281 0.0644149780273438 0.0214767456054688
0.0217075347900391 0.0348663330078125 0.0302906036376953 0.0149574279785156
0.0277576446533203 0.000337600708007813 0.0131435394287109 0.0217857360839844
0.0171642303466797 -0.0143089294433594 0.0293483734130859 0.0303535461425781
0.00580215454101563 -0.0196456909179688 0.0463905334472656 0.0177040100097656
-0.00691604614257813 -0.0248470306396484 0.0529251098632812 -0.00341796875
-0.00769996643066406 -0.0208206176757813 0.050262451171875 -0.0120429992675781
-0.00375556945800781 -0.0195159912109375 0.04034423828125 -0.00875473022460938
0.0018463134765625 -0.0268650054931641 0.0288295745849609 0.00231361389160156
0.0200386047363281 -0.019256591796875 0.0136032104492188 0.00774574279785156
0.0305328369140625 0.00130081176757813 -0.0052652359008789 -0.00444650650024414
0.0228652954101563 0.021240234375 1.33514404296871E-05 -0.0241889953613281
-0.004302978515625 0.0368614196777344 0.0357856750488281 -0.0391960144042969
-0.0294532775878906 0.0382881164550781 0.0612030029296875 -0.0218544006347656
-0.046722412109375 0.0287513732910156 0.0413589477539063 0.00181961059570313
-0.0422859191894531 0.0316009521484375 0.052093505859375 0.0357246398925781
-0.00238037109375 0.0398406982421875 0.0227184295654297 0.0291748046875
0.0147686004638672 0.0144338607788086 0.0125102996826172 0.0330581665039063
0.0148286819458008 0.00353431701660156 0.0306167602539063 0.0397605895996094
0.0137443542480469 -0.00527858734130859 0.0481452941894531 0.0255126953125
0.0101718902587891 -0.016057014465332 0.0563583374023438 0.003753662109375
0.0107622146606445 -0.0175132751464844 0.0521507263183594 -0.005218505859375
0.0120773315429688 -0.0150651931762695 0.0405235290527344 -0.00151824951171875
0.0191783905029297 -0.0206584930419922 0.0267314910888672 0.0100040435791016
0.0325832366943359 -0.00815963745117188 0.00846576690673828 0.0154132843017578
0.0343208312988281 0.0156536102294922 -0.012873649597168 0.00138378143310547
0.0198860168457031 0.0362319946289063 -0.0105266571044922 -0.0200672149658203
-0.0172309875488281 0.0444984436035156 0.0227470397949219 -0.0385627746582031
-0.0480613708496094 0.0371017456054688 0.0432815551757813 -0.0176429748535156
-0.0654106140136719 0.0235404968261719 0.0209388732910156 0.00733566284179688
-0.060791015625 0.0175704956054688 0.0308876037597656 0.0467605590820313
-0.0291328430175781 0.0376167297363281 0.00634765625 0.0431594848632813
-0.00417327880859375 0.0274639129638672 0.00721359252929688 0.0454444885253906
0.00908470153808594 0.0241870880126953 0.0279388427734375 0.049163818359375
0.0196666717529297 0.0126705169677734 0.0460968017578125 0.0323333740234375
0.0271987915039063 -0.00298881530761719 0.0549468994140625 0.0101814270019531
0.0282649993896484 -0.0112895965576172 0.0471000671386719 0.00215530395507812
0.0259075164794922 -0.00890541076660156 0.0333290100097656 0.00572776794433594
0.0326557159423828 -0.0117664337158203 0.0187435150146484 0.0165252685546875
0.0407257080078125 0.00204849243164063 0.00073814392089844 0.020904541015625
0.0346412658691406 0.0256729125976563 -0.0205707550048828 0.00652313232421875
0.0170478820800781 0.0440902709960938 -0.0194644927978516 -0.0149326324462891
-0.0235977172851562 0.0471382141113281 0.0085601806640625 -0.0341110229492188
-0.0562019348144531 0.0344963073730469 0.0224685668945313 -0.00997352600097656
-0.0743637084960938 0.0156631469726562 -0.00293064117431641 0.0114679336547852
-0.0682754516601563 0.00016403198242189 0.00333786010742187 0.0514106750488281
-0.050933837890625 0.0268173217773437 -0.01678466796875 0.05230712890625
-0.0240612030029297 0.0342979431152344 -0.002838134765625 0.0559463500976563
-0.00135421752929688 0.0408668518066406 0.021484375 0.0549201965332031
0.0200977325439453 0.0301246643066406 0.0380477905273438 0.0352897644042969
0.0382843017578125 0.0116653442382813 0.0465049743652344 0.0148887634277344
0.0408096313476563 -0.00239181518554688 0.0345783233642578 0.008056640625
0.0353507995605469 -0.0009613037109375 0.0208797454833984 0.0110683441162109
0.0411949157714844 -0.00168991088867187 0.00737190246582032 0.0209884643554688
0.0434837341308594 0.0114974975585938 -0.00848388671875 0.0236053466796875
0.0313453674316406 0.0317497253417969 -0.0261497497558594 0.0106582641601562
0.0118560791015625 0.0462303161621094 -0.0250968933105469 -0.00936317443847656
-0.026336669921875 0.0438117980957031 -0.00176048278808594 -0.0253467559814453
-0.0571861267089844 0.0268516540527344 0.00433087348937988 0.000133514404296877
-0.0740509033203125 0.005767822265625 -0.0262947082519531 0.0149917602539063
-0.0630264282226563 -0.017303466796875 -0.0257987976074219 0.0475120544433594
-0.0598297119140625 0.00961685180664062 -0.0422859191894531 0.0536842346191406
-0.0394287109375 0.0305747985839844 -0.0162773132324219 0.0607643127441406
-0.0140228271484375 0.0472412109375 0.0109138488769531 0.0551567077636719
0.0144805908203125 0.0412979125976563 0.0261669158935547 0.0330410003662109
0.0407600402832031 0.0248603820800781 0.0310516357421875 0.015777587890625
0.0459022521972656 0.00692367553710938 0.0173797607421875 0.01171875
0.0393409729003906 0.0069427490234375 0.00486946105957032 0.0158061981201172
0.0440864562988281 0.00734329223632812 -0.00559616088867187 0.0236320495605469
0.0423660278320313 0.0194587707519531 -0.0180397033691406 0.0239791870117187
0.0262527465820313 0.0358772277832031 -0.030731201171875 0.0110416412353516
0.00471115112304687 0.0463066101074219 -0.0262241363525391 -0.00653457641601562
-0.0310287475585937 0.0362052917480469 -0.00638294219970704 -0.0168066024780273
-0.0551300048828125 0.0143699645996094 -0.0096731185913086 0.0109691619873047
-0.0680465698242188 -0.00835037231445312 -0.0466270446777344 0.0153884887695313
-0.0432586669921875 -0.0303535461425781 -0.0485191345214844 0.0374717712402344
-0.0518302917480469 -0.00916671752929687 -0.0632781982421875 0.0477790832519531
-0.0423088073730469 0.01617431640625 -0.028533935546875 0.0579643249511719
-0.024322509765625 0.0393714904785156 0.000461578369140624 0.0487289428710938
0.00371551513671875 0.0418472290039063 0.0132923126220703 0.0259838104248047
0.0335845947265625 0.0332622528076172 0.0140161514282227 0.0129766464233398
0.0425491333007813 0.0163421630859375 -0.00101470947265625 0.011988639831543
0.0366859436035156 0.0134696960449219 -0.0116825103759766 0.0170459747314453
0.0410041809082031 0.0148735046386719 -0.0200672149658203 0.0230140686035156
0.0373687744140625 0.0259208679199219 -0.0280132293701172 0.0202064514160156
0.0185928344726563 0.03790283203125 -0.0342922210693359 0.00744056701660156
-0.00362396240234375 0.0439033508300781 -0.0255336761474609 -0.0067138671875
-0.0358390808105469 0.0268096923828125 -0.00840663909912109 -0.0103588104248047
-0.0515937805175781 -0.000900268554687508 -0.0208473205566406 0.0154247283935547
-0.0551490783691406 -0.0241928100585937 -0.0617179870605469 0.0102043151855469
-0.0143699645996094 -0.036224365234375 -0.0609169006347656 0.0241546630859375
-0.0278205871582031 -0.0246143341064453 -0.072662353515625 0.0376815795898438
-0.0318107604980469 -0.00321006774902344 -0.0346412658691406 0.0520706176757813
-0.0279140472412109 0.0196723937988281 -0.00529861450195313 0.0390243530273438
-0.00841522216796876 0.0308265686035156 0.00414943695068359 0.0155582427978516
0.0176181793212891 0.0344791412353516 -0.00212287902832031 0.00643825531005859
0.0310783386230469 0.0228862762451172 -0.0181045532226562 0.00926399230957032
0.0282535552978516 0.0184097290039063 -0.0270195007324219 0.0166034698486328
0.0328330993652344 0.020233154296875 -0.0332889556884766 0.0207328796386719
0.0287151336669922 0.0288047790527344 -0.0377044677734375 0.0146751403808594
0.0114402770996094 0.0369148254394531 -0.0388679504394531 0.00130081176757814
-0.0101432800292969 0.0397605895996094 -0.0264205932617188 -0.0113391876220703
-0.0383567810058594 0.0170669555664062 -0.00970268249511719 -0.0103111267089844
-0.0449028015136719 -0.0162429809570312 -0.0281734466552734 0.013427734375
-0.038482666015625 -0.0387535095214844 -0.0713272094726563 0.000366210937500001
0.0167274475097656 -0.0360221862792969 -0.0588493347167969 0.0126304626464844
0.00165557861328125 -0.0335884094238281 -0.0696144104003906 0.02838134765625
-0.0128021240234375 -0.0217514038085938 -0.0328521728515625 0.0456886291503906
-0.024658203125 -0.00394821166992187 -0.00445938110351563 0.0300407409667969
-0.0191059112548828 0.0136623382568359 0.00170183181762695 0.00651979446411133
-0.00143814086914063 0.0286216735839844 -0.0114212036132813 -0.00137615203857422
0.0145359039306641 0.0257434844970703 -0.0290203094482422 0.00408363342285157
0.0159072875976563 0.0203895568847656 -0.038330078125 0.0133285522460938
0.0201568603515625 0.0215930938720703 -0.0439834594726563 0.0161972045898438
0.0174846649169922 0.0271739959716797 -0.0467414855957031 0.00727462768554688
0.0040130615234375 0.0308017730712891 -0.0435066223144531 -0.00638961791992187
-0.0142650604248047 0.0311203002929688 -0.0277481079101563 -0.0170059204101562
-0.0366859436035156 0.00711441040039063 -0.0126619338989258 -0.0146207809448242
-0.0332889556884766 -0.0275516510009766 -0.0338783264160156 0.00311851501464843
-0.01727294921875 -0.0481643676757813 -0.074127197265625 -0.0143356323242188
-0.0157661437988281 0.0414657592773438 0.0709152221679688 0.02020263671875
0.0259532928466797 0.0333805084228516 0.0343074798583984 0.0123958587646484
0.0284175872802734 -0.00311088562011719 0.0134925842285156 0.0211887359619141
0.0154304504394531 -0.0178699493408203 0.0306835174560547 0.0311775207519531
0.00231170654296875 -0.0211658477783203 0.0493927001953125 0.0183067321777344
-0.0105800628662109 -0.0241260528564453 0.0556793212890625 -0.004058837890625
-0.0103073120117187 -0.0196952819824219 0.0540313720703125 -0.0147209167480469
-0.00671577453613281 -0.0187969207763672 0.044097900390625 -0.01116943359375
-0.00202751159667969 -0.0271530151367188 0.0330982208251953 0.000251770019531248
0.0175609588623047 -0.0222396850585938 0.0182838439941406 0.00801277160644531
0.0307426452636719 -0.00252532958984375 -0.0025022029876709 -0.00262999534606934
0.0262260437011719 0.0188121795654297 0.000572204589843749 -0.0224819183349609
-5.34057617187485E-05 0.0386238098144531 0.0350456237792969 -0.0396080017089844
-0.0260734558105469 0.0439872741699219 0.0638313293457031 -0.0251350402832031
-0.0447463989257813 0.0351715087890625 0.0477142333984375 0.000778198242187502
-0.041259765625 0.0342979431152344 0.0597267150878906 0.0364761352539063
0.000179290771484373 0.0399856567382812 0.0277633666992188 0.0279083251953125
0.0145540237426758 0.0121746063232422 0.0136909484863281 0.0327472686767578
0.014225959777832 0.00250911712646484 0.0325164794921875 0.0412063598632813
0.0120372772216797 -0.00566291809082031 0.0518264770507812 0.0255508422851562
0.00827312469482422 -0.0157899856567383 0.0607109069824219 0.00177383422851562
0.00966835021972656 -0.0173025131225586 0.0569686889648438 -0.007965087890625
0.0111856460571289 -0.015131950378418 0.0448684692382813 -0.00494003295898438
0.0170669555664063 -0.0210437774658203 0.0318679809570313 0.00779151916503906
0.0322628021240234 -0.0100822448730469 0.0142288208007813 0.015263557434082
0.0360755920410156 0.0136260986328125 -0.00929737091064453 0.00410366058349609
0.02301025390625 0.0355644226074219 -0.00834941864013672 -0.0171823501586914
-0.0151939392089844 0.0480003356933594 0.0217933654785156 -0.0380897521972656
-0.0474510192871094 0.0433769226074219 0.0462760925292969 -0.0194587707519531
-0.0664710998535156 0.0296211242675781 0.0268878936767578 0.00864982604980469
-0.0630874633789063 0.0198898315429687 0.0383071899414063 0.0484619140625
-0.0300407409667969 0.0390892028808594 0.0116043090820312 0.0432090759277344
-0.00510215759277344 0.0280742645263672 0.00919342041015625 0.0449409484863281
0.00885581970214844 0.025238037109375 0.0306205749511719 0.0504035949707031
0.0193958282470703 0.0134696960449219 0.0498008728027344 0.0325508117675781
0.0272789001464844 -0.00320816040039063 0.0596961975097656 0.00855255126953125
0.0288505554199219 -0.0116157531738281 0.0518455505371094 -0.000911712646484376
0.0273914337158203 -0.00890159606933594 0.0378875732421875 0.00248336791992187
0.0337619781494141 -0.0124855041503906 0.0238265991210938 0.0145454406738281
0.0425872802734375 0.000949859619140625 0.00633811950683594 0.0211048126220703
0.0377388000488281 0.0256843566894531 -0.0165557861328125 0.00911903381347656
0.0200119018554688 0.0454635620117188 -0.0176639556884766 -0.0116825103759766
-0.0226516723632812 0.051361083984375 0.00847434997558594 -0.0331630706787109
-0.0584869384765625 0.0402908325195312 0.0259819030761719 -0.0103416442871094
-0.0780792236328125 0.0209732055664062 0.00220584869384765 0.014373779296875
-0.0735549926757813 0.00141143798828124 0.00891113281249999 0.0550308227539063
-0.054473876953125 0.0290184020996094 -0.0120429992675781 0.054229736328125
-0.0263099670410156 0.0365829467773438 -0.00019073486328125 0.0561904907226563
-0.001129150390625 0.0438766479492188 0.0237045288085938 0.0566673278808594
0.0215530395507813 0.0322322845458984 0.0416450500488281 0.0352745056152344
0.0412101745605469 0.0120429992675781 0.050567626953125 0.0131454467773438
0.0434684753417969 -0.004119873046875 0.0389823913574219 0.00553512573242187
0.0385971069335938 -0.00128173828125 0.0250911712646484 0.00940132141113281
0.0444908142089844 -0.00264358520507813 0.0116462707519531 0.0196552276611328
0.0472373962402344 0.0111198425292969 -0.00319480895996094 0.0241012573242188
0.0352859497070313 0.0337677001953125 -0.0226974487304687 0.0120830535888672
0.0151405334472656 0.0497016906738281 -0.0226688385009766 -0.00653457641601562
-0.0271797180175781 0.0486564636230469 -0.000614166259765625 -0.0244407653808594
-0.0616950988769531 0.0316658020019531 0.00732040405273437 0.00136470794677735
-0.0797882080078125 0.00941467285156249 -0.0223426818847656 0.0187950134277344
-0.0703506469726562 -0.0171356201171875 -0.0226097106933594 0.0522232055664063
-0.066009521484375 0.0121650695800781 -0.0391082763671875 0.0572853088378906
-0.0434913635253906 0.0341644287109375 -0.014373779296875 0.061553955078125
-0.0140495300292969 0.052276611328125 0.0131340026855469 0.0564994812011719
0.0169296264648437 0.0443878173828125 0.0281791687011719 0.0329971313476563
0.0456314086914063 0.0255546569824219 0.0343189239501953 0.0146808624267578
0.0505638122558594 0.00541305541992187 0.0198898315429688 0.0106239318847656
0.0438995361328125 0.00619125366210938 0.00762557983398438 0.0136957168579102
0.04876708984375 0.00652694702148438 -0.00290107727050781 0.0226802825927734
0.0475845336914063 0.0192794799804688 -0.0143241882324219 0.0234413146972656
0.0303001403808594 0.0389556884765625 -0.0275821685791016 0.0120162963867188
0.00675201416015625 0.0511054992675781 -0.0241718292236328 -0.00446891784667968
-0.0327911376953125 0.0412750244140625 -0.00488853454589844 -0.0157155990600586
-0.0612640380859375 0.0179367065429687 -0.00664615631103516 0.0130329132080078
-0.07525634765625 -0.00603485107421875 -0.044677734375 0.0192642211914063
-0.05126953125 -0.0324020385742187 -0.0478935241699219 0.0427093505859375
-0.0597190856933594 -0.0083770751953125 -0.0614967346191406 0.0520362854003906
-0.0475120544433594 0.0193710327148438 -0.0266304016113281 0.0597801208496094
-0.0258255004882813 0.0452919006347656 0.00153350830078125 0.0498847961425781
0.00598526000976562 0.046875 0.0143318176269531 0.0262622833251953
0.0390396118164063 0.0347442626953125 0.0150814056396484 0.0122232437133789
0.0481643676757813 0.0145606994628906 0.000109672546386721 0.011871337890625
0.0418853759765625 0.0122947692871094 -0.0106105804443359 0.016810417175293
0.0471153259277344 0.0138130187988281 -0.0188713073730469 0.0226955413818359
0.0435295104980469 0.0259437561035156 -0.0260391235351562 0.0198993682861328
0.0236434936523438 0.0415916442871094 -0.0325946807861328 0.00740242004394532
-0.000564575195312504 0.0492973327636719 -0.0241184234619141 -0.00614547729492187
-0.038177490234375 0.0323753356933594 -0.00702381134033203 -0.00996780395507812
-0.0585670471191406 0.00239944458007813 -0.0184745788574219 0.0173931121826172
-0.0633277893066406 -0.0228958129882813 -0.0620269775390625 0.0140762329101563
-0.02105712890625 -0.0403633117675781 -0.06365966796875 0.0291519165039063
-0.0352821350097656 -0.0258903503417969 -0.0736465454101563 0.0422286987304688
-0.0373878479003906 -0.00157546997070312 -0.0333099365234375 0.053680419921875
-0.0299949645996094 0.0252456665039063 -0.00489044189453125 0.0390586853027344
-0.00692367553710937 0.0360641479492187 0.00364017486572266 0.014373779296875
0.0236053466796875 0.036529541015625 -0.00236272811889648 0.00608253479003907
0.0371551513671875 0.0220489501953125 -0.0192737579345703 0.0106372833251953
0.0333728790283203 0.0173721313476563 -0.0272159576416016 0.0180149078369141
0.0387802124023438 0.0187797546386719 -0.0334529876708984 0.0215015411376953
0.0353279113769531 0.0288276672363281 -0.0378875732421875 0.0146675109863281
0.0163764953613281 0.0404701232910156 -0.0385780334472656 0.0018310546875
-0.00752639770507812 0.0449447631835938 -0.0256481170654297 -0.0108966827392578
-0.0416145324707031 0.0222854614257813 -0.00844001770019532 -0.0100622177124023
-0.0517196655273438 -0.013397216796875 -0.0277976989746094 0.0161838531494141
-0.0462760925292969 -0.0391807556152344 -0.0743408203125 0.00389862060546875
0.0121574401855469 -0.0415725708007813 -0.0634498596191406 0.0157432556152344
-0.00476455688476563 -0.0373878479003906 -0.0714874267578125 0.032379150390625
-0.0181846618652344 -0.0215320587158203 -0.0319747924804687 0.0470657348632813
-0.0278854370117188 -0.000621795654296878 -0.00491142272949219 0.0290489196777344
-0.0184574127197266 0.0184535980224609 -0.000388145446777345 0.00539493560791016
0.00358390808105469 0.0313758850097656 -0.014068603515625 -0.00144195556640625
0.0198287963867187 0.0253715515136719 -0.0323562622070313 0.00617599487304687
0.0204982757568359 0.0196170806884766 -0.0405349731445312 0.01544189453125
0.0252742767333984 0.0205516815185547 -0.0464591979980469 0.0177955627441406
0.0226364135742188 0.0273113250732422 -0.0484504699707031 0.00721359252929689
0.00810813903808594 0.0332279205322266 -0.0444145202636719 -0.00632095336914063
-0.0113372802734375 0.0354843139648438 -0.0284175872802734 -0.0177745819091797
-0.0389785766601563 0.0113449096679687 -0.0117979049682617 -0.014216423034668
-0.0400543212890625 -0.0257339477539063 -0.0351009368896484 0.00632476806640625
-0.0245780944824219 -0.0488204956054688 -0.0792312622070312 -0.0125350952148438
-0.0120773315429688 0.0442771911621094 0.0783843994140625 0.0187149047851563
0.0308113098144531 0.0314579010009766 0.0376968383789063 0.00996017456054688
0.0290546417236328 -0.00657844543457031 0.0140151977539063 0.0212383270263672
0.0137577056884766 -0.0203266143798828 0.0325202941894531 0.033233642578125
0.000133514404296875 -0.0219841003417969 0.0531539916992187 0.0191383361816406
-0.0148372650146484 -0.0235805511474609 0.0611343383789063 -0.0053253173828125
-0.0132331848144531 -0.0183830261230469 0.0587272644042969 -0.0183067321777344
-0.00934028625488281 -0.0180015563964844 0.0487098693847656 -0.0150642395019531
-0.00585746765136719 -0.0270557403564453 0.0376968383789063 -0.002685546875
0.0145702362060547 -0.0242900848388672 0.0225601196289062 0.00713729858398437
0.0317211151123047 -0.00612449645996094 0.000586867332458498 -0.00116586685180664
0.0287513732910156 0.0164604187011719 0.00207710266113282 -0.0211467742919922
0.00424957275390625 0.041259765625 0.035736083984375 -0.0415916442871094
-0.0225334167480469 0.0497360229492188 0.067779541015625 -0.0288124084472656
-0.0429878234863281 0.0415916442871094 0.0549507141113281 -0.000331878662109373
-0.041229248046875 0.036895751953125 0.0682144165039063 0.0361366271972656
0.001861572265625 0.0398635864257812 0.0315589904785156 0.0263633728027344
0.0144147872924805 0.0109663009643555 0.0146961212158203 0.0332889556884766
0.0130634307861328 0.00186824798583984 0.0356941223144531 0.0430717468261719
0.0108728408813477 -0.00532245635986328 0.0564994812011719 0.02667236328125
0.00699329376220703 -0.0153188705444336 0.0663871765136719 0.000846862792968749
0.00880718231201172 -0.0172128677368164 0.0623893737792969 -0.012115478515625
0.0103740692138672 -0.0151424407958984 0.0500602722167969 -0.00844573974609375
0.0165138244628906 -0.0221309661865234 0.0369720458984375 0.0042572021484375
0.0323696136474609 -0.0119724273681641 0.0199737548828125 0.0147418975830078
0.0382614135742188 0.0121231079101562 -0.00538492202758789 0.00565195083618164
0.0265235900878906 0.0358352661132813 -0.00679588317871093 -0.0152759552001953
-0.01214599609375 0.0519180297851563 0.0226058959960938 -0.0385284423828125
-0.0474128723144531 0.0500335693359375 0.050262451171875 -0.0220413208007812
-0.0680694580078125 0.0360069274902344 0.0337772369384766 0.00940704345703125
-0.0665969848632813 0.0227394104003906 0.046783447265625 0.0506401062011719
-0.0312919616699219 0.0410842895507813 0.0161972045898438 0.0428314208984375
-0.00663185119628906 0.0294933319091797 0.0112953186035156 0.0461311340332031
0.00882720947265625 0.0271110534667969 0.0339813232421875 0.0527000427246094
0.0206413269042969 0.0157051086425781 0.0547027587890625 0.0327415466308594
0.0284900665283203 -0.0026702880859375 0.0653076171875 0.00687408447265625
0.0306835174560547 -0.0128231048583984 0.0571708679199219 -0.00469207763671875
0.0295085906982422 -0.00953865051269531 0.0429344177246094 -0.00156021118164063
0.0358467102050781 -0.0138320922851563 0.0291671752929688 0.0118465423583984
0.0447654724121094 0.000331878662109375 0.0121879577636719 0.0204124450683594
0.041046142578125 0.0260581970214844 -0.0131025314331055 0.0102148056030273
0.0231590270996094 0.0482025146484375 -0.0156669616699219 -0.00963115692138671
-0.0220375061035156 0.0564918518066406 0.00972938537597656 -0.0331363677978516
-0.0617408752441406 0.0467605590820313 0.0297756195068359 -0.0112018585205078
-0.082611083984375 0.027099609375 0.00863552093505859 0.0163784027099609
-0.0805816650390625 0.00373077392578127 0.0151710510253906 0.0586662292480469
-0.0592269897460938 0.0328903198242187 -0.00827789306640625 0.0557327270507813
-0.0294227600097656 0.0403556823730469 0.00165939331054687 0.0572738647460938
-0.000633239746093751 0.0490455627441406 0.0264396667480469 0.0592231750488281
0.0242385864257813 0.0354537963867188 0.0457534790039063 0.0360908508300781
0.0447463989257813 0.0118865966796875 0.0554351806640625 0.0113372802734375
0.0472488403320313 -0.00571060180664063 0.0437202453613281 0.00316619873046875
0.0427970886230469 -0.00319290161132813 0.0288887023925781 0.00623130798339844
0.0487174987792969 -0.004730224609375 0.0158424377441406 0.0173797607421875
0.0526199340820313 0.0103187561035156 0.00152778625488282 0.0226554870605469
0.0401229858398438 0.03594970703125 -0.0194091796875 0.0129909515380859
0.0184326171875 0.0540695190429688 -0.0206470489501953 -0.0052490234375
-0.0282478332519531 0.05419921875 0.00078010559082031 -0.0243511199951172
-0.0669631958007813 0.0382919311523438 0.0112209320068359 0.00131702423095703
-0.0866546630859375 0.0149612426757812 -0.0179443359375 0.021575927734375
-0.079345703125 -0.0164566040039063 -0.0191993713378906 0.0573883056640625
-0.0742034912109375 0.0158004760742187 -0.0372581481933594 0.0611228942871094
-0.0476188659667969 0.0390472412109375 -0.0124549865722656 0.0636329650878906
-0.0144691467285156 0.0592155456542969 0.0150947570800781 0.0590858459472656
0.0201988220214844 0.04949951171875 0.0312023162841797 0.0336341857910156
0.0513648986816406 0.0258216857910156 0.0373420715332031 0.01287841796875
0.0558853149414062 0.00342941284179687 0.0226974487304688 0.00885009765625
0.0490913391113281 0.00402069091796875 0.00990104675292969 0.0127553939819336
0.0548286437988281 0.00423431396484375 -0.000694274902343748 0.0213565826416016
0.0541000366210938 0.0193901062011719 -0.0118274688720703 0.0230522155761719
0.0360870361328125 0.0422325134277344 -0.026397705078125 0.0118579864501953
0.0109214782714844 0.0565261840820313 -0.0222930908203125 -0.00392532348632812
-0.0349655151367188 0.0476264953613281 -0.00322055816650391 -0.015315055847168
-0.068511962890625 0.0241928100585937 -0.00374221801757813 0.0147695541381836
-0.0832977294921875 -0.00196838378906251 -0.0426483154296875 0.0225639343261719
-0.0606651306152344 -0.0331268310546875 -0.0480613708496094 0.0488548278808594
-0.0686149597167969 -0.00571060180664062 -0.0619316101074219 0.0568428039550781
-0.0531692504882812 0.0242385864257813 -0.0260963439941406 0.0618782043457031
-0.0264739990234375 0.0521354675292969 0.00298309326171875 0.0516090393066406
0.0095977783203125 0.0517807006835938 0.0153179168701172 0.0267677307128906
0.0457611083984375 0.0358619689941406 0.0164985656738281 0.0114231109619141
0.0548858642578125 0.0121345520019531 0.000897407531738284 0.0117883682250977
0.047607421875 0.0107765197753906 -0.0101242065429687 0.0167922973632813
0.0539512634277344 0.0115928649902344 -0.0185680389404297 0.02294921875
0.05120849609375 0.0252342224121094 -0.0254364013671875 0.0191001892089844
0.029541015625 0.0445823669433594 -0.0319747924804688 0.00684738159179688
0.00305557250976563 0.0554084777832031 -0.0233745574951172 -0.00638771057128905
-0.0406303405761719 0.038665771484375 -0.00556182861328125 -0.0100698471069336
-0.0665359497070313 0.00724792480468749 -0.0165309906005859 0.0199089050292969
-0.0720443725585938 -0.0204696655273438 -0.0627975463867188 0.0174713134765625
-0.0288658142089844 -0.0430488586425781 -0.066619873046875 0.0345191955566406
-0.0447158813476563 -0.025390625 -0.0760345458984375 0.04754638671875
-0.0437355041503906 0.00138854980468749 -0.0326652526855469 0.0555992126464844
-0.0330657958984375 0.0311775207519531 -0.00534820556640625 0.0402717590332031
-0.00470352172851563 0.04168701171875 0.00312709808349609 0.0153017044067383
0.0298957824707031 0.0378227233886719 -0.00348424911499023 0.00636005401611328
0.043212890625 0.0199813842773438 -0.0202960968017578 0.0119991302490234
0.0391387939453125 0.0159683227539062 -0.0287456512451172 0.0193977355957031
0.0450096130371094 0.0173530578613281 -0.0353279113769531 0.0229148864746094
0.0422401428222656 0.0286178588867188 -0.0392532348632813 0.0146636962890625
0.0216560363769531 0.0427780151367188 -0.0395736694335938 0.000591278076171871
-0.00389862060546875 0.0499725341796875 -0.0255012512207031 -0.0120258331298828
-0.0441055297851563 0.0279617309570312 -0.00745105743408204 -0.0100793838500977
-0.0605392456054688 -0.00935363769531249 -0.0271930694580078 0.0191688537597656
-0.0552978515625 -0.0380134582519531 -0.078125 0.00636291503906251
0.00711822509765625 -0.0459442138671875 -0.0693016052246094 0.0200614929199219
-0.0114822387695313 -0.039337158203125 -0.0754318237304688 0.037200927734375
-0.023712158203125 -0.0214672088623047 -0.0322418212890625 0.0489578247070312
-0.0311565399169922 0.00387763977050782 -0.00587844848632812 0.0290908813476562
-0.0174465179443359 0.0230674743652344 -0.00221586227416992 0.00478792190551758
0.00847434997558594 0.0336132049560547 -0.0170135498046875 -0.000956535339355466
0.0251636505126953 0.0242595672607422 -0.0358085632324219 0.00859451293945313
0.0247516632080078 0.0184249877929688 -0.0429306030273438 0.0189933776855469
0.030059814453125 0.0193080902099609 -0.0491065979003906 0.0208854675292969
0.0282344818115234 0.0267047882080078 -0.0520439147949219 0.00884246826171876
0.0125770568847656 0.0360069274902344 -0.0470085144042969 -0.00715637207031249
-0.00881195068359375 0.0398712158203125 -0.0294284820556641 -0.0189838409423828
-0.0413017272949219 0.0163688659667969 -0.0117101669311523 -0.0146141052246094
-0.0465927124023438 -0.0234336853027344 -0.0365982055664062 0.00908279418945313
-0.0316963195800781 -0.0504188537597656 -0.085174560546875 -0.0104751586914063
-0.00817108154296874 0.0460433959960938 0.0869674682617188 0.0150833129882813
0.0350341796875 0.0292530059814453 0.0410003662109375 0.00643157958984375
0.0292816162109375 -0.0106983184814453 0.0145072937011719 0.0216789245605469
0.0116939544677734 -0.0232753753662109 0.0363845825195313 0.0349273681640625
-0.00324440002441406 -0.0234451293945313 0.058746337890625 0.0196418762207031
-0.0188465118408203 -0.0216236114501953 0.0667572021484375 -0.00787734985351563
-0.0160055160522461 -0.016413688659668 0.0640678405761719 -0.0235786437988281
-0.0115566253662109 -0.0164680480957031 0.0524940490722656 -0.0205459594726562
-0.00970268249511719 -0.0268115997314453 0.0423583984375 -0.00799942016601563
0.0119953155517578 -0.0267429351806641 0.0281600952148437 0.00489997863769531
0.0319366455078125 -0.0105819702148437 0.00429415702819824 -0.000817298889160157
0.0318374633789063 0.0139274597167969 0.00370979309082031 -0.020782470703125
0.00969314575195313 0.0425872802734375 0.0365943908691406 -0.0440177917480469
-0.0175018310546875 0.0552520751953125 0.0722274780273438 -0.0349960327148438
-0.0400390625 0.048126220703125 0.06292724609375 -0.00445175170898437
-0.041534423828125 0.04119873046875 0.0780410766601563 0.034576416015625
0.00385665893554687 0.0405006408691406 0.0366363525390625 0.0237655639648438
0.0141592025756836 0.0105142593383789 0.0160350799560547 0.0331878662109375
0.0128803253173828 0.00167465209960938 0.0395965576171875 0.0454673767089844
0.0102720260620117 -0.00556850433349609 0.0629348754882813 0.0263633728027344
0.00547409057617188 -0.0143947601318359 0.0732421875 -0.002716064453125
0.008636474609375 -0.0178413391113281 0.0683326721191406 -0.0179824829101563
0.0109653472900391 -0.0152654647827148 0.0546798706054688 -0.0149688720703125
0.0155372619628906 -0.0232925415039062 0.0427589416503906 -0.000423431396484376
0.0327892303466797 -0.0144786834716797 0.0262641906738281 0.0125732421875
0.0410308837890625 0.0103073120117188 -0.00125598907470703 0.00585412979125977
0.0304336547851563 0.0359001159667969 -0.00471973419189453 -0.0141687393188477
-0.00870895385742187 0.0560226440429687 0.0229873657226562 -0.0404624938964844
-0.0460319519042969 0.05828857421875 0.0551719665527344 -0.0263175964355469
-0.0694007873535156 0.0436630249023437 0.0424003601074219 0.00710678100585938
-0.0712509155273438 0.0279617309570312 0.0555000305175781 0.051239013671875
-0.0327033996582031 0.0456695556640625 0.0213165283203125 0.042633056640625
-0.00768089294433593 0.0320377349853516 0.0131416320800781 0.0473861694335937
0.009490966796875 0.0299434661865234 0.0390090942382812 0.0556297302246094
0.0222930908203125 0.0167274475097656 0.0610313415527344 0.0332450866699219
0.0299129486083984 -0.00301933288574219 0.0715560913085938 0.0028839111328125
0.0326881408691406 -0.0148773193359375 0.0630836486816406 -0.0100593566894531
0.0322990417480469 -0.0118522644042969 0.0470428466796875 -0.00629806518554688
0.0379562377929688 -0.0159454345703125 0.0346851348876953 0.00774574279785156
0.0491981506347656 -0.00244140625 0.0177326202392578 0.0181026458740234
0.0465278625488281 0.0258750915527344 -0.00878906249999999 0.0106582641601563
0.0281944274902344 0.0509872436523437 -0.012913703918457 -0.0083169937133789
-0.020355224609375 0.0627250671386719 0.0104007720947266 -0.0341815948486328
-0.0638351440429687 0.0556831359863281 0.0339260101318359 -0.0141925811767578
-0.0876541137695313 0.035186767578125 0.0152177810668945 0.0170412063598633
-0.0890426635742188 0.00836944580078125 0.0226936340332031 0.0620040893554687
-0.0646133422851562 0.0396270751953125 -0.00403594970703125 0.0577964782714844
-0.032470703125 0.0464706420898438 0.00363540649414062 0.0594558715820313
0.00094223022460937 0.0549278259277344 0.0313758850097656 0.0620880126953125
0.02850341796875 0.03875732421875 0.0511894226074219 0.0362358093261719
0.0499076843261719 0.0111465454101562 0.0607376098632812 0.00792312622070313
0.0518913269042969 -0.00928497314453125 0.0482635498046875 -0.00107192993164063
0.0477828979492188 -0.00576019287109375 0.0323162078857422 0.00207901000976562
0.0542755126953125 -0.00775527954101562 0.0196266174316406 0.0145969390869141
0.0587539672851562 0.00824737548828125 0.00588607788085938 0.0214481353759766
0.0467109680175781 0.0369949340820313 -0.0163440704345703 0.0130367279052734
0.0240249633789063 0.0585098266601563 -0.0181941986083984 -0.00425338745117187
-0.0279312133789063 0.0623970031738281 0.00194931030273437 -0.0249843597412109
-0.071868896484375 0.0475540161132812 0.0152063369750977 0.000790596008300784
-0.0944747924804688 0.02239990234375 -0.0132732391357422 0.0240535736083984
-0.0898895263671875 -0.0131759643554688 -0.0153694152832031 0.0628929138183594
-0.08209228515625 0.022857666015625 -0.0348472595214844 0.0653800964355469
-0.052032470703125 0.0464134216308594 -0.0105094909667969 0.0664901733398438
-0.0121650695800781 0.0673446655273438 0.0185356140136719 0.0621109008789063
0.0259857177734375 0.0538444519042969 0.0354156494140625 0.0344467163085938
0.0584297180175781 0.025421142578125 0.0414810180664063 0.0109481811523438
0.0622367858886719 -0.00070953369140625 0.0261440277099609 0.00673294067382813
0.0553741455078125 0.0011444091796875 0.0119600296020508 0.010920524597168
0.0623245239257813 0.000217437744140625 0.00130844116210938 0.0199546813964844
0.06231689453125 0.0172004699707031 -0.0090179443359375 0.0223464965820313
0.0435295104980469 0.0442695617675781 -0.0246658325195312 0.0116920471191406
0.0174064636230469 0.062103271484375 -0.0213756561279297 -0.00319099426269531
-0.0356903076171875 0.05633544921875 -0.00172233581542969 -0.0165519714355469
-0.0755844116210938 0.0332107543945313 9.05990600585895E-05 0.0149717330932617
-0.0930709838867187 0.00469207763671875 -0.0409698486328125 0.0266456604003906
-0.071868896484375 -0.0321121215820312 -0.0480690002441406 0.0556564331054687
-0.0784149169921875 -0.000473022460937487 -0.0624122619628906 0.0633392333984375
-0.0590324401855469 0.0307426452636719 -0.0245285034179688 0.0654029846191406
-0.0260658264160156 0.0616607666015625 0.00436019897460937 0.0550651550292969
0.0148963928222656 0.0577011108398437 0.0166130065917969 0.0272483825683594
0.0541839599609375 0.0351371765136719 0.0181903839111328 0.0104408264160156
0.0616264343261719 0.00844955444335938 0.00141334533691406 0.0122051239013672
0.0541496276855469 0.00724411010742188 -0.0102863311767578 0.0176601409912109
0.0615921020507813 0.00776290893554688 -0.0185546875 0.0240478515625
0.0594902038574219 0.0235061645507813 -0.0254116058349609 0.0196151733398438
0.0372276306152344 0.0473709106445313 -0.0329360961914063 0.00683021545410156
0.00870132446289062 0.0618705749511719 -0.0233230590820313 -0.0064563751220703
-0.0424690246582031 0.0473098754882813 -0.00392436981201172 -0.0114297866821289
-0.0745925903320313 0.0149002075195312 -0.0142230987548828 0.0219898223876953
-0.083160400390625 -0.01617431640625 -0.0642433166503906 0.021881103515625
-0.0387229919433594 -0.0444602966308594 -0.0701637268066406 0.0416259765625
-0.0536155700683594 -0.0236892700195313 -0.0786056518554688 0.0545120239257812
-0.0502967834472656 0.0063018798828125 -0.0329170227050781 0.0602035522460937
-0.0337066650390625 0.0396232604980469 -0.00477981567382813 0.0426902770996094
-0.000617980957031249 0.0475807189941406 0.00263595581054688 0.0159807205200195
0.0376777648925781 0.0386962890625 -0.00458908081054687 0.00630426406860352
0.0496330261230469 0.0168571472167969 -0.0221920013427734 0.0145149230957031
0.0454673767089844 0.0124435424804687 -0.0303840637207031 0.0224685668945313
0.0522613525390625 0.0135879516601563 -0.0373954772949219 0.0255584716796875
0.0497589111328125 0.0265541076660156 -0.0416984558105469 0.0157890319824219
0.0288734436035156 0.0459136962890625 -0.0421562194824219 0.000350952148437505
0.00106811523437499 0.0561599731445313 -0.0266075134277344 -0.01275634765625
-0.0458755493164063 0.0359764099121094 -0.00668048858642578 -0.0110616683959961
-0.0682754516601563 -0.00332260131835938 -0.0267314910888672 0.0220489501953125
-0.0657539367675781 -0.035247802734375 -0.0830612182617188 0.0112228393554687
0.000869750976562505 -0.0504074096679688 -0.0758514404296875 0.02618408203125
-0.0187873840332031 -0.04119873046875 -0.0801162719726563 0.0435867309570312
-0.0298213958740234 -0.0203933715820312 -0.0323143005371094 0.0518684387207031
-0.0344257354736328 0.00923919677734374 -0.00730895996093751 0.0303192138671875
-0.0156593322753906 0.0284500122070313 -0.00473785400390625 0.00531244277954102
0.0147743225097656 0.0350418090820313 -0.0204639434814453 0.000627517700195313
0.0308055877685547 0.0224609375 -0.039215087890625 0.0128555297851562
0.0294017791748047 0.0159530639648438 -0.0461883544921875 0.0232620239257813
0.035369873046875 0.0167999267578125 -0.0532417297363281 0.0251312255859375
0.0343036651611328 0.0252208709716797 -0.0564498901367187 0.0104866027832031
0.0180931091308594 0.0375747680664063 -0.0514335632324219 -0.00693511962890625
-0.00495529174804687 0.0444374084472656 -0.0314292907714844 -0.0199775695800781
-0.0428314208984375 0.0222892761230469 -0.0119075775146484 -0.0154314041137695
-0.0543441772460937 -0.0192451477050781 -0.0380630493164062 0.0130996704101563
-0.0405197143554688 -0.0497322082519531 -0.0930709838867188 -0.00682830810546875
-0.00345230102539062 0.0483551025390625 0.09527587890625 0.00749969482421875
0.0394287109375 0.0249176025390625 0.043365478515625 0.00128173828125
0.0293025970458984 -0.0146350860595703 0.0154247283935547 0.0225105285644531
0.00897026062011719 -0.0260066986083984 0.0412445068359375 0.0353584289550781
-0.00680351257324219 -0.0230140686035156 0.0658683776855469 0.016754150390625
-0.0233612060546875 -0.0196971893310547 0.072052001953125 -0.0138015747070313
-0.0188274383544922 -0.0140781402587891 0.0673828125 -0.0325889587402344
-0.0135011672973633 -0.0143775939941406 0.0558967590332031 -0.0281219482421875
-0.0136642456054688 -0.0258750915527344 0.0466842651367188 -0.0139884948730469
0.00785446166992188 -0.0286083221435547 0.0333538055419922 0.000286102294921873
0.0311927795410156 -0.0146961212158203 0.0080404281616211 -0.00171184539794922
0.0348796844482422 0.00946807861328125 0.00573539733886719 -0.0216388702392578
0.0158653259277344 0.0424079895019531 0.0372276306152344 -0.0480308532714844
-0.0101814270019531 0.0607223510742187 0.0755462646484375 -0.0433502197265625
-0.0353927612304688 0.0549049377441406 0.0713348388671875 -0.011383056640625
-0.0406303405761719 0.0459671020507813 0.0885162353515625 0.0287933349609375
0.00763320922851563 0.041534423828125 0.0406761169433594 0.0191268920898438
0.0134868621826172 0.00998115539550781 0.0191535949707031 0.0333805084228516
0.0122823715209961 0.00142192840576172 0.0458984375 0.0459518432617188
0.00960731506347656 -0.00496292114257813 0.0701675415039063 0.0235633850097656
0.0042266845703125 -0.0139436721801758 0.079559326171875 -0.009918212890625
0.00804901123046875 -0.0177135467529297 0.072601318359375 -0.0267791748046875
0.011113166809082 -0.0163993835449219 0.0577659606933594 -0.0235786437988281
0.0142307281494141 -0.0242958068847656 0.0466156005859375 -0.00745773315429688
0.0323944091796875 -0.0179271697998047 0.0322513580322266 0.00749969482421875
0.0437774658203125 0.0069580078125 0.00366783142089844 0.00537586212158203
0.0352935791015625 0.0347900390625 -0.00272941589355468 -0.0137825012207031
-0.00368118286132812 0.0605239868164062 0.0227317810058594 -0.043365478515625
-0.0421371459960937 0.0666313171386719 0.0580482482910156 -0.0334396362304687
-0.0683937072753906 0.0541725158691406 0.0500755310058594 0.00319671630859375
-0.0744781494140625 0.0346832275390625 0.0665779113769531 0.0485916137695313
-0.0324172973632813 0.0510749816894531 0.0268478393554687 0.0409049987792969
-0.00804519653320312 0.0362663269042969 0.0166435241699219 0.0481758117675781
0.0124759674072266 0.0335025787353516 0.045928955078125 0.055908203125
0.0251522064208984 0.0177726745605469 0.0688400268554688 0.0300140380859375
0.0329990386962891 -0.00486946105957031 0.0781478881835938 -0.004302978515625
0.0340366363525391 -0.0183010101318359 0.0677413940429688 -0.017822265625
0.0347118377685547 -0.0145320892333984 0.0503463745117188 -0.0143318176269531
0.0403594970703125 -0.0203285217285156 0.0388069152832031 0.00123977661132812
0.0527496337890625 -0.00605010986328125 0.0236129760742188 0.0148601531982422
0.0521202087402344 0.0239410400390625 -0.00397777557373046 0.0105323791503906
0.0346717834472656 0.0518455505371094 -0.0101470947265625 -0.00792217254638671
-0.0165824890136719 0.0701217651367188 0.0105056762695313 -0.0363388061523437
-0.0628585815429687 0.0663070678710938 0.0375213623046875 -0.0188980102539062
-0.09014892578125 0.0468521118164063 0.0225467681884766 0.0159988403320313
-0.0974578857421875 0.0172576904296875 0.0323295593261719 0.0635147094726563
-0.0673408508300781 0.048797607421875 0.00186538696289062 0.0592269897460937
-0.0328292846679688 0.0544319152832031 0.00707626342773437 0.0618934631347656
0.00590896606445313 0.06085205078125 0.0374565124511719 0.0634384155273438
0.0345611572265625 0.0406532287597656 0.0582695007324219 0.0335693359375
0.0553169250488281 0.00796890258789063 0.0661964416503906 0.00147628784179688
0.0558929443359375 -0.0143356323242188 0.052154541015625 -0.008148193359375
0.0527610778808594 -0.0103569030761719 0.0350017547607422 -0.00301742553710938
0.0594482421875 -0.0142364501953125 0.0230655670166016 0.0110282897949219
0.0655250549316406 0.00308609008789063 0.00965499877929688 0.0181427001953125
0.0549964904785156 0.0360794067382813 -0.0129890441894531 0.0127811431884766
0.0322227478027344 0.0624275207519531 -0.0161905288696289 -0.00339317321777344
-0.0249710083007812 0.0713729858398437 0.00229644775390625 -0.0267887115478516
-0.07403564453125 0.0600738525390625 0.0192031860351562 -0.00169563293457031
-0.100639343261719 0.03424072265625 -0.00736045837402345 0.0255451202392578
-0.101455688476563 -0.0045928955078125 -0.00899887084960939 0.0688552856445313
-0.0890045166015625 0.0330734252929688 -0.0309677124023437 0.0707778930664063
-0.053741455078125 0.0568008422851562 -0.007659912109375 0.0692710876464844
-0.00701141357421876 0.0762786865234375 0.0237083435058594 0.064239501953125
0.0334243774414062 0.0573768615722656 0.0394515991210938 0.0333290100097656
0.0670242309570313 0.0220832824707031 0.0445671081542969 0.00622177124023438
0.0680885314941406 -0.00798416137695313 0.0290126800537109 0.00269508361816406
0.061553955078125 -0.00495529174804687 0.0129756927490234 0.00933647155761719
0.0691032409667969 -0.00634002685546875 0.00273323059082032 0.0191173553466797
0.071258544921875 0.0115127563476562 -0.00676918029785156 0.020660400390625
0.0532569885253906 0.044586181640625 -0.0232563018798828 0.0123767852783203
0.0252532958984375 0.067108154296875 -0.0197467803955078 -0.00330352783203124
-0.0338783264160156 0.0660858154296875 -0.00115966796875 -0.0180397033691406
-0.0799484252929688 0.045166015625 0.00454139709472656 0.0144844055175781
-0.101234436035156 0.0158615112304688 -0.0380134582519531 0.0310859680175781
-0.0839385986328125 -0.027008056640625 -0.045379638671875 0.0637168884277344
-0.0873870849609375 0.00831604003906252 -0.0601959228515625 0.0718154907226563
-0.0634002685546875 0.0411643981933594 -0.0217208862304687 0.0699882507324219
-0.022247314453125 0.0716705322265625 0.00771331787109375 0.05780029296875
0.0229873657226563 0.0619163513183594 0.0189781188964844 0.0273227691650391
0.0636405944824219 0.0324211120605469 0.01934814453125 0.00925636291503906
0.0682182312011719 0.00142288208007813 0.00215339660644532 0.0122785568237305
0.0608329772949219 0.00117111206054688 -0.00965499877929687 0.0185050964355469
0.0688552856445312 0.00019073486328125 -0.0186405181884766 0.0251617431640625
0.0686912536621094 0.0184860229492188 -0.0256996154785156 0.0202236175537109
0.0471420288085938 0.0478248596191406 -0.0337562561035156 0.00748825073242187
0.0172157287597656 0.0670547485351563 -0.0240478515625 -0.00672340393066405
-0.042022705078125 0.0569114685058594 -0.00371646881103516 -0.0132541656494141
-0.0808334350585937 0.0269012451171875 -0.0111770629882813 0.0239315032958984
-0.0927886962890625 -0.00674438476562499 -0.0640525817871094 0.0287208557128906
-0.0486907958984375 -0.0437469482421875 -0.0723800659179688 0.0508575439453125
-0.0642204284667969 -0.017974853515625 -0.0796127319335937 0.06451416015625
-0.0557823181152344 0.013427734375 -0.0305747985839844 0.0641555786132812
-0.0328559875488281 0.0481491088867187 -0.00394821166992188 0.044769287109375
0.00599288940429687 0.0531272888183594 0.00216197967529297 0.0172042846679688
0.0466117858886719 0.0371818542480469 -0.00631141662597656 0.00702047348022461
0.0571861267089844 0.0106124877929688 -0.0224151611328125 0.0176124572753906
0.0511436462402344 0.00735855102539062 -0.0305843353271484 0.0270271301269531
0.0581321716308594 0.00701904296875 -0.0385398864746094 0.029327392578125
0.0577888488769531 0.021575927734375 -0.0439605712890625 0.0188865661621094
0.0373115539550781 0.0462532043457031 -0.0454635620117188 0.00223922729492188
0.00840759277343749 0.061370849609375 -0.0288925170898438 -0.0135746002197266
-0.0458450317382813 0.0442123413085937 -0.00604534149169922 -0.0129098892211914
-0.0755844116210938 0.00630950927734376 -0.0246601104736328 0.02581787109375
-0.0761260986328125 -0.0287857055664062 -0.086395263671875 0.0192718505859375
-0.00658416748046874 -0.0531425476074219 -0.0807723999023437 0.0360031127929688
-0.0282173156738281 -0.0410614013671875 -0.0820541381835938 0.0534210205078125
-0.0367546081542969 -0.01641845703125 -0.0310745239257813 0.0566024780273438
-0.035980224609375 0.0169105529785156 -0.00806617736816407 0.0325679779052734
-0.0121421813964844 0.0336742401123047 -0.00722122192382813 0.0058894157409668
0.0218372344970703 0.0344257354736328 -0.0239200592041016 0.00305747985839844
0.0353240966796875 0.0183601379394531 -0.0419425964355469 0.0188865661621094
0.033935546875 0.0121307373046875 -0.0484275817871094 0.0307159423828125
0.0411109924316406 0.0123634338378906 -0.0559616088867188 0.0318412780761719
0.0404014587402344 0.0217323303222656 -0.0608406066894531 0.0148963928222656
0.0243034362792969 0.0382041931152344 -0.0559272766113281 -0.0047454833984375
0.00104141235351562 0.04815673828125 -0.0348491668701172 -0.0204429626464844
-0.0431556701660156 0.029571533203125 -0.0126066207885742 -0.0160703659057617
-0.0609016418457031 -0.0124168395996094 -0.0385246276855469 0.0181770324707031
-0.0492973327636719 -0.0472373962402344 -0.100830078125 0.000755310058593748
0.00172805786132813 0.0482101440429688 0.10107421875 -0.002471923828125
0.0430030822753906 0.018890380859375 0.0439949035644531 -0.00396347045898437
0.0265827178955078 -0.0193843841552734 0.0165863037109375 0.0208015441894531
0.00486373901367188 -0.0261898040771484 0.0473670959472656 0.0338211059570313
-0.0116252899169922 -0.0218315124511719 0.0706710815429688 0.011474609375
-0.0258655548095703 -0.0152645111083984 0.074615478515625 -0.0224151611328125
-0.02008056640625 -0.0111751556396484 0.0672607421875 -0.0426597595214844
-0.0160589218139648 -0.0123729705810547 0.0547904968261719 -0.0373497009277344
-0.0185108184814453 -0.0233936309814453 0.047760009765625 -0.0225791931152344
0.0033111572265625 -0.0295658111572266 0.0367546081542969 -0.00602340698242188
0.0284900665283203 -0.0203475952148438 0.0125856399536133 -0.0045928955078125
0.0348472595214844 0.00489234924316406 0.00637817382812501 -0.0226287841796875
0.0227928161621094 0.04046630859375 0.0333480834960938 -0.0517730712890625
-0.00197601318359375 0.0614471435546875 0.0743789672851562 -0.0539627075195312
-0.02728271484375 0.0590744018554687 0.0766525268554688 -0.0223007202148438
-0.0384597778320313 0.0502052307128906 0.0970687866210937 0.0198287963867188
0.00965118408203125 0.0401954650878906 0.0434799194335938 0.0133552551269531
0.0132122039794922 0.0092315673828125 0.0201816558837891 0.0320510864257813
0.0121393203735352 0.001800537109375 0.0526123046875 0.0442848205566406
0.00883102416992188 -0.00422477722167969 0.0769729614257813 0.0169143676757813
0.00333690643310547 -0.0149812698364258 0.0832061767578125 -0.0192184448242188
0.00727272033691406 -0.0189533233642578 0.0727386474609375 -0.0391082763671875
0.0104188919067383 -0.0172100067138672 0.0576629638671875 -0.0332679748535156
0.0121994018554687 -0.0260467529296875 0.0474700927734375 -0.016326904296875
0.0310916900634766 -0.0206241607666016 0.0363578796386719 0.00153350830078125
0.0460243225097656 0.00139999389648438 0.0080714225769043 0.0031585693359375
0.0408821105957031 0.0326156616210938 -0.000865936279296871 -0.0148305892944336
0.00305557250976563 0.0629234313964844 0.0210762023925781 -0.04632568359375
-0.0351791381835938 0.07275390625 0.05731201171875 -0.0412368774414062
-0.0632286071777344 0.0624465942382813 0.0563011169433594 -0.00531005859375
-0.0755462646484375 0.0453567504882813 0.0754318237304688 0.0419921875
-0.0295677185058594 0.0567970275878906 0.0315399169921875 0.0354728698730469
-0.00534439086914062 0.03887939453125 0.0201301574707031 0.0474700927734375
0.0156631469726563 0.0362091064453125 0.0519638061523438 0.0540237426757813
0.0285835266113281 0.0175151824951172 0.0735855102539063 0.0238037109375
0.0336475372314453 -0.0066680908203125 0.0807418823242188 -0.0143966674804687
0.0344085693359375 -0.0231857299804688 0.0689582824707031 -0.0283584594726562
0.0354499816894531 -0.019561767578125 0.0509986877441406 -0.0232048034667969
0.0403022766113281 -0.0244369506835938 0.039794921875 -0.00717544555664063
0.0546913146972656 -0.0119094848632813 0.0273723602294922 0.0080718994140625
0.0572433471679688 0.0198249816894531 -0.000631332397460934 0.00847625732421875
0.0426445007324219 0.0512619018554688 -0.00741910934448242 -0.00781154632568359
-0.00884246826171875 0.0751800537109375 0.00947189331054687 -0.0380172729492187
-0.0571441650390625 0.077545166015625 0.0389060974121094 -0.0259780883789063
-0.0885162353515625 0.0585708618164062 0.0287094116210937 0.0113945007324219
-0.102264404296875 0.0286865234375 0.0403823852539062 0.061737060546875
-0.0673408508300781 0.0595245361328125 0.00708007812499999 0.05975341796875
-0.02947998046875 0.0615730285644531 0.0118179321289062 0.0611038208007813
0.0125389099121094 0.0645408630371094 0.0446586608886719 0.0624580383300781
0.0419807434082031 0.0406570434570313 0.06219482421875 0.0294685363769531
0.0587921142578125 0.00263214111328125 0.069091796875 -0.00607681274414063
0.0571784973144531 -0.0212440490722656 0.0530509948730469 -0.0155181884765625
0.0550193786621094 -0.0178375244140625 0.0353431701660156 -0.00964736938476563
0.0616645812988281 -0.0226860046386719 0.0255508422851563 0.00528144836425781
0.0701065063476562 -0.0047607421875 0.0139656066894531 0.0149164199829102
0.0634689331054688 0.0320549011230469 -0.00983333587646484 0.0115880966186523
0.0418777465820313 0.0613861083984375 -0.0142002105712891 -0.00480842590332031
-0.0184097290039063 0.0784912109375 0.00122451782226563 -0.0287456512451172
-0.0715179443359375 0.0729446411132813 0.0222034454345703 -0.00538063049316406
-0.101638793945313 0.047393798828125 -0.00120162963867188 0.0258655548095703
-0.108970642089844 0.00705718994140627 -0.000518798828125007 0.0717391967773438
-0.091400146484375 0.0476150512695312 -0.0244674682617188 0.0741958618164063
-0.0529975891113281 0.0676956176757813 -0.00130462646484376 0.0700759887695313
0.00243377685546875 0.0823745727539063 0.0305442810058594 0.0639228820800781
0.0431594848632813 0.0567207336425781 0.0437049865722656 0.030914306640625
0.0731887817382813 0.0152435302734375 0.0465927124023438 0.00243377685546875
0.07110595703125 -0.0154876708984375 0.0312252044677734 -0.000507354736328126
0.0641746520996094 -0.0143852233886719 0.0141143798828125 0.00442886352539063
0.0732574462890625 -0.0168304443359375 0.00471782684326172 0.015772819519043
0.0762786865234375 0.00298309326171875 -0.00485038757324218 0.0194759368896484
0.0625534057617188 0.0412940979003906 -0.0218677520751953 0.0125026702880859
0.0358352661132813 0.0677719116210938 -0.019195556640625 -0.00413513183593749
-0.0280227661132813 0.0750885009765625 -0.00180625915527344 -0.0193843841552734
-0.0799179077148438 0.0594863891601563 0.00682640075683593 0.012751579284668
-0.105133056640625 0.0302581787109375 -0.0324420928955078 0.0340824127197266
-0.0932998657226562 -0.0177841186523438 -0.0401077270507813 0.0709304809570312
-0.092376708984375 0.0201950073242187 -0.0542831420898437 0.0790939331054688
-0.0639266967773437 0.0510597229003906 -0.0170516967773437 0.0715408325195313
-0.014312744140625 0.079681396484375 0.0126953125 0.0582008361816406
0.0318603515625 0.0627517700195313 0.0213642120361328 0.0266265869140625
0.0715179443359375 0.025115966796875 0.0196380615234375 0.00724029541015625
0.0717849731445313 -0.00730133056640625 0.00348663330078126 0.0112876892089844
0.0649642944335938 -0.00701904296875 -0.00836563110351562 0.0199794769287109
0.0730209350585937 -0.0093231201171875 -0.0178451538085937 0.0263538360595703
0.0747833251953125 0.00981903076171875 -0.0248165130615234 0.0217647552490234
0.0562553405761719 0.04425048828125 -0.0336685180664063 0.00913047790527343
0.0270652770996094 0.0687294006347656 -0.0240821838378906 -0.00672721862792968
-0.0367851257324219 0.0660285949707031 -0.00432109832763672 -0.0142374038696289
-0.0829086303710937 0.0401077270507812 -0.00735282897949219 0.0247573852539063
-0.0984115600585938 0.00520324707031249 -0.0620346069335938 0.0348396301269531
-0.060760498046875 -0.0382614135742188 -0.071624755859375 0.061798095703125
-0.0704421997070313 -0.00879669189453125 -0.07501220703125 0.0741806030273438
-0.0581016540527344 0.0222396850585937 -0.0261802673339844 0.0672378540039063
-0.028076171875 0.0571861267089844 -0.00164031982421875 0.0469703674316406
0.0142860412597656 0.0546531677246094 0.00216865539550781 0.0178413391113281
0.0538902282714844 0.0314292907714844 -0.00736713409423828 0.00902748107910156
0.0606040954589844 0.00224685668945313 -0.0217056274414062 0.0216064453125
0.0546302795410156 -0.00077056884765625 -0.0307197570800781 0.0302143096923828
0.0628814697265625 -0.0022430419921875 -0.0386466979980469 0.0337104797363281
0.0643043518066406 0.0149345397949219 -0.044677734375 0.0225181579589844
0.0458984375 0.042877197265625 -0.0476112365722656 0.00457382202148437
0.0182456970214844 0.0626335144042969 -0.0313282012939453 -0.0130615234375
-0.0418319702148438 0.0532455444335937 -0.00776576995849609 -0.0152311325073242
-0.0794906616210938 0.0192337036132812 -0.0217227935791016 0.0285835266113281
-0.0847320556640625 -0.019500732421875 -0.0870590209960938 0.0274200439453125
-0.0149192810058594 -0.0540733337402344 -0.0807266235351563 0.0472412109375
-0.0356826782226563 -0.0378341674804687 -0.07940673828125 0.0633087158203125
-0.0411415100097656 -0.0107574462890625 -0.0276679992675781 0.0599136352539063
-0.0340328216552734 0.0233116149902344 -0.00782012939453125 0.0337638854980469
-0.00623321533203125 0.03759765625 -0.00940990447998047 0.00789546966552735
0.0289096832275391 0.0308761596679688 -0.0263252258300781 0.00804519653320313
0.0384864807128906 0.0135269165039062 -0.0410041809082031 0.0254936218261719
0.0364151000976563 0.0076446533203125 -0.04742431640625 0.038299560546875
0.0447883605957031 0.00562667846679688 -0.0566825866699219 0.0387229919433594
0.0459213256835938 0.0165863037109375 -0.0626716613769531 0.0210685729980469
0.0316925048828125 0.0357398986816406 -0.0607414245605469 -0.000686645507812485
0.00745391845703125 0.0495529174804688 -0.0373764038085938 -0.0197486877441406
-0.0406227111816406 0.0364227294921875 -0.0130243301391602 -0.0168943405151367
-0.0646896362304688 -0.00369644165039061 -0.0362968444824219 0.0227470397949219
-0.0582160949707031 -0.0400772094726563 -0.104026794433594 0.0117874145507813
0.00746536254882813 0.0461921691894531 0.101280212402344 -0.0123977661132812
0.0428504943847656 0.0133056640625 0.0425796508789063 -0.0103492736816406
0.0228691101074219 -0.0211601257324219 0.0180492401123047 0.0209503173828125
0.00152397155761719 -0.0264129638671875 0.0492134094238281 0.0304946899414062
-0.0133533477783203 -0.0205192565917969 0.0731277465820313 0.00525665283203125
-0.0270576477050781 -0.0107498168945312 0.0744094848632813 -0.0301513671875
-0.0203475952148438 -0.00808143615722656 0.0647315979003906 -0.0509719848632812
-0.0155735015869141 -0.00989627838134765 0.0509605407714844 -0.0451698303222656
-0.0191764831542969 -0.0187168121337891 0.0456085205078125 -0.0294189453125
-0.000461578369140623 -0.0285243988037109 0.0372886657714844 -0.0120124816894531
0.0249061584472656 -0.0228424072265625 0.0137042999267578 -0.00703811645507813
0.03472900390625 0.00048828125 0.00734710693359375 -0.0230331420898438
0.0265312194824219 0.0374565124511719 0.0311927795410156 -0.0541572570800781
0.00572204589843749 0.0601119995117188 0.0704193115234375 -0.060272216796875
-0.01959228515625 0.0609703063964844 0.0769500732421875 -0.0313262939453125
-0.0335044860839844 0.0531883239746094 0.0986785888671875 0.00923919677734375
0.0120468139648438 0.0392494201660156 0.0432090759277344 0.0075836181640625
0.0124063491821289 0.00866317749023438 0.0222454071044922 0.0306739807128906
0.0113859176635742 0.0016632080078125 0.0560989379882813 0.03973388671875
0.00870704650878906 -0.00499391555786133 0.0785980224609375 0.0108566284179688
0.00232601165771484 -0.0124778747558594 0.0818710327148438 -0.0274810791015625
0.00638771057128906 -0.0184707641601563 0.0696182250976562 -0.0479393005371094
0.0103282928466797 -0.0183696746826172 0.0538444519042969 -0.0414695739746094
0.0105514526367187 -0.0255260467529297 0.0466194152832031 -0.0239982604980469
0.0289592742919922 -0.0234527587890625 0.0376052856445313 -0.00498580932617188
0.0447502136230469 -0.0020751953125 0.0103483200073242 -0.000239372253417969
0.0423583984375 0.0274505615234375 0.00206089019775391 -0.0155019760131836
0.00986480712890625 0.0615158081054688 0.0192451477050781 -0.0468788146972656
-0.0266571044921875 0.0769119262695312 0.0557708740234375 -0.0482063293457031
-0.0565338134765625 0.0679740905761719 0.0600357055664063 -0.013336181640625
-0.073333740234375 0.0516586303710937 0.0804214477539063 0.0336227416992188
-0.0260238647460938 0.0595359802246094 0.0342769622802734 0.0308170318603516
-0.00467300415039062 0.0415115356445313 0.0221672058105469 0.044830322265625
0.0193386077880859 0.0348548889160156 0.0567474365234375 0.0501594543457031
0.0312862396240234 0.0162830352783203 0.0767669677734375 0.0170135498046875
0.0336666107177734 -0.00981903076171875 0.07952880859375 -0.0224380493164063
0.0338630676269531 -0.0258636474609375 0.0658950805664062 -0.0376625061035156
0.0346641540527344 -0.0232295989990234 0.0480422973632813 -0.0300674438476563
0.0386505126953125 -0.0295181274414063 0.0390892028808594 -0.0138320922851563
0.0535812377929688 -0.0179290771484375 0.0291786193847656 0.00264739990234375
0.0597953796386719 0.0135383605957031 0.00251817703247071 0.00562810897827149
0.0477294921875 0.04718017578125 -0.00624370574951172 -0.00888252258300781
-0.00228118896484375 0.0761566162109375 0.00768280029296875 -0.0391998291015625
-0.0507888793945313 0.083892822265625 0.0386924743652344 -0.0299110412597656
-0.0824966430664062 0.0680084228515625 0.0339946746826172 0.0059967041015625
-0.100936889648438 0.0397720336914063 0.0483016967773437 0.0549545288085937
-0.0628280639648437 0.0667724609375 0.0129356384277344 0.0552215576171875
-0.02606201171875 0.0669021606445313 0.0154495239257812 0.0593185424804688
0.0201530456542969 0.0653457641601563 0.04962158203125 0.0587081909179688
0.0470199584960937 0.0366706848144531 0.0653076171875 0.0235862731933594
0.0608329772949219 -0.00262069702148438 0.0672874450683594 -0.0132331848144531
0.0565261840820312 -0.0279808044433594 0.0521087646484375 -0.0222892761230469
0.0544090270996094 -0.0245742797851563 0.0338115692138672 -0.0148754119873047
0.0600395202636719 -0.029388427734375 0.024810791015625 0.000280380249023436
0.0701980590820313 -0.0120582580566406 0.0147600173950195 0.00969600677490234
0.0678977966308594 0.0252418518066406 -0.00761985778808593 0.00943660736083985
0.0488739013671875 0.0586166381835938 -0.012176513671875 -0.00517368316650391
-0.0112075805664062 0.0820083618164063 0.000478744506835938 -0.0292415618896484
-0.0655136108398438 0.0822906494140625 0.0229206085205078 -0.00928878784179687
-0.0973281860351563 0.0586776733398438 0.00452804565429687 0.0222988128662109
-0.110748291015625 0.018280029296875 0.00704574584960937 0.0700912475585938
-0.088165283203125 0.057373046875 -0.0174331665039063 0.0740280151367188
-0.0475311279296875 0.0745086669921875 0.00235366821289062 0.0693016052246094
0.0104217529296875 0.0841140747070313 0.0345535278320313 0.061737060546875
0.0509986877441406 0.0542221069335937 0.0454444885253906 0.0264129638671875
0.0756301879882813 0.0063323974609375 0.0457992553710938 -0.00355911254882813
0.070220947265625 -0.0249290466308594 0.0302505493164063 -0.00471305847167969
0.0644645690917969 -0.02154541015625 0.0146665573120117 0.003143310546875
0.0723342895507813 -0.0257034301757813 0.00583934783935547 0.0136795043945312
0.0785980224609375 -0.006195068359375 -0.00391292572021484 0.0162487030029297
0.0688896179199219 0.033721923828125 -0.0197372436523437 0.0104217529296875
0.0443916320800781 0.0653800964355469 -0.0178852081298828 -0.00360107421875
-0.0214614868164062 0.0799179077148438 -0.00217056274414062 -0.0213909149169922
-0.0750732421875 0.0701980590820313 0.0101490020751953 0.0101709365844727
-0.103179931640625 0.041351318359375 -0.0271663665771485 0.0345859527587891
-0.0984268188476563 -0.00695037841796877 -0.0333404541015625 0.0743637084960938
-0.0918960571289063 0.032257080078125 -0.047332763671875 0.0819778442382813
-0.0603523254394531 0.060882568359375 -0.0119705200195312 0.0716476440429688
-0.00536346435546875 0.08306884765625 0.0161323547363281 0.0567855834960938
0.0413436889648437 0.06085205078125 0.0216655731201172 0.0248031616210938
0.0753326416015625 0.0173263549804688 0.0186786651611328 0.00484848022460938
0.071807861328125 -0.0167312622070312 0.00468826293945313 0.0114173889160156
0.0651168823242188 -0.0156784057617188 -0.00729179382324218 0.0200023651123047
0.073211669921875 -0.0188217163085937 -0.0154781341552734 0.0269718170166016
0.0767059326171875 -0.0002288818359375 -0.0239601135253906 0.0218009948730469
0.0635490417480469 0.0382843017578125 -0.0336532592773437 0.0101814270019531
0.0364723205566406 0.066436767578125 -0.0240917205810547 -0.00636100769042968
-0.030059814453125 0.0721054077148438 -0.00455474853515625 -0.0155754089355469
-0.0800247192382813 0.0513916015625 -0.00381278991699219 0.0236396789550781
-0.0996627807617188 0.018035888671875 -0.0563430786132813 0.0381698608398438
-0.0652427673339844 -0.0306282043457031 -0.0641593933105469 0.0685958862304688
-0.0734634399414063 -0.000129699707031243 -0.068695068359375 0.079833984375
-0.058013916015625 0.0303306579589844 -0.0217971801757813 0.0682373046875
-0.0206298828125 0.0624198913574219 0.00141143798828124 0.046875
0.0216217041015625 0.0541152954101563 0.00130462646484375 0.0177383422851563
0.0591163635253906 0.0246658325195313 -0.00716209411621093 0.0103626251220703
0.0616836547851563 -0.00577545166015625 -0.0206642150878906 0.0243949890136719
0.0546226501464844 -0.00768661499023438 -0.0278377532958984 0.0345096588134766
0.0630226135253906 -0.00939559936523438 -0.03570556640625 0.0375480651855469
0.0668373107910156 0.0054473876953125 -0.0443229675292969 0.0259590148925781
0.0523185729980469 0.0382881164550781 -0.0475959777832031 0.00738525390625
0.0259742736816406 0.0613136291503906 -0.0320796966552734 -0.0115032196044922
-0.0360946655273438 0.0588493347167969 -0.00771427154541016 -0.0149173736572266
-0.077301025390625 0.028839111328125 -0.0171394348144531 0.030120849609375
-0.0865554809570313 -0.0084075927734375 -0.0836410522460938 0.0347824096679688
-0.0228538513183594 -0.0506401062011719 -0.0785446166992188 0.0555496215820313
-0.0410423278808594 -0.0311203002929688 -0.0754318237304688 0.0704879760742188
-0.0434036254882813 -0.00515365600585937 -0.0234832763671875 0.0601119995117188
-0.0308704376220703 0.0285186767578125 -0.00687789916992188 0.0347747802734375
-0.000373840332031248 0.0378189086914063 -0.0111074447631836 0.00996971130371094
0.0326766967773438 0.0266895294189453 -0.0265731811523437 0.0115413665771484
0.041259765625 0.0064239501953125 -0.039642333984375 0.0321083068847656
0.0383872985839844 0.0016021728515625 -0.0434646606445312 0.0435829162597656
0.0450248718261719 -0.00089263916015625 -0.0530128479003906 0.0446281433105469
0.0472183227539063 0.0093536376953125 -0.0624542236328125 0.0271644592285156
0.0361976623535156 0.031646728515625 -0.0610885620117188 0.00446319580078124
0.0148582458496094 0.0485877990722656 -0.0399971008300781 -0.0166397094726563
-0.035400390625 0.041229248046875 -0.0141878128051758 -0.0169820785522461
-0.0652503967285156 0.00513458251953124 -0.0329875946044922 0.0262298583984375
-0.0619163513183594 -0.0324592590332031 -0.103218078613281 0.0204010009765625
0.00952911376953125 0.0438385009765625 0.0988388061523437 -0.018798828125
0.041351318359375 0.00957870483398438 0.0400810241699219 -0.0138435363769531
0.0208511352539063 -0.0225086212158203 0.0176010131835938 0.0199604034423828
-0.00134468078613281 -0.0258293151855469 0.0505104064941406 0.0282859802246094
-0.014678955078125 -0.0186653137207031 0.0735702514648437 0.000656127929687499
-0.0271072387695313 -0.00726127624511719 0.0736236572265625 -0.0342483520507813
-0.0194778442382812 -0.00594711303710938 0.0602493286132813 -0.0556564331054688
-0.0156850814819336 -0.00872039794921875 0.0475883483886719 -0.0495986938476563
-0.0199623107910156 -0.0158481597900391 0.0423927307128906 -0.0344352722167969
-0.00321388244628906 -0.0269546508789063 0.0365486145019531 -0.0170402526855469
0.0217208862304688 -0.0234622955322266 0.01544189453125 -0.00958919525146485
0.0338268280029297 -0.00184059143066406 0.00872230529785156 -0.0236072540283203
0.0291194915771484 0.0335712432861328 0.0297431945800781 -0.0534133911132813
0.0104942321777344 0.0566444396972656 0.0667495727539063 -0.0637016296386719
-0.0142555236816406 0.0597000122070313 0.0761184692382813 -0.0374755859375
-0.0310173034667969 0.05487060546875 0.0977249145507812 0.00238800048828125
0.0124855041503906 0.0373001098632813 0.0418472290039063 0.00357818603515625
0.0118227005004883 0.00914573669433594 0.0223407745361328 0.0300693511962891
0.0116348266601563 0.00159263610839844 0.0568923950195312 0.0365104675292969
0.00865316390991211 -0.00434970855712891 0.07861328125 0.0059814453125
0.00261020660400391 -0.011103630065918 0.0797042846679688 -0.0331649780273438
0.00646400451660156 -0.0181217193603516 0.0654182434082031 -0.0530357360839844
0.00969505310058594 -0.0187530517578125 0.0497245788574219 -0.0461006164550781
0.00949478149414062 -0.0255527496337891 0.0442886352539063 -0.0293769836425781
0.0270633697509766 -0.0243873596191406 0.0369949340820313 -0.0111503601074219
0.0437736511230469 -0.00506973266601563 0.0123605728149414 -0.00344276428222656
0.0433769226074219 0.0244293212890625 0.00391578674316407 -0.0163345336914063
0.0133476257324219 0.0593452453613281 0.0179862976074219 -0.0467910766601562
-0.0209884643554688 0.0760955810546875 0.0529556274414063 -0.0508155822753906
-0.0502204895019531 0.0695571899414063 0.060577392578125 -0.018829345703125
-0.070831298828125 0.055572509765625 0.0814437866210938 0.0270309448242188
-0.0236587524414062 0.0607147216796875 0.0342636108398438 0.026611328125
-0.00302505493164062 0.0433158874511719 0.0228347778320313 0.0428009033203125
0.0217399597167969 0.034454345703125 0.0581741333007812 0.0462570190429687
0.0323944091796875 0.0141429901123047 0.0763168334960938 0.0123138427734375
0.0341148376464844 -0.0113391876220703 0.0771942138671875 -0.0272750854492188
0.0329036712646484 -0.0281047821044922 0.0616531372070313 -0.0430831909179687
0.0339889526367188 -0.0260791778564453 0.0440025329589844 -0.0353164672851563
0.0370635986328125 -0.03173828125 0.03692626953125 -0.0185813903808594
0.0523223876953125 -0.0213584899902344 0.0290126800537109 -0.00318145751953125
0.0600776672363281 0.00979995727539063 0.00474119186401367 0.00224018096923828
0.0505599975585937 0.0432586669921875 -0.00354385375976562 -0.0105752944946289
0.00269317626953124 0.0757904052734375 0.0073699951171875 -0.0394783020019531
-0.0446014404296875 0.087158203125 0.0375404357910156 -0.0334892272949219
-0.0769195556640625 0.07244873046875 0.0369186401367187 0.00078964233398438
-0.099334716796875 0.0463180541992188 0.0510749816894531 0.0509071350097656
-0.0592041015625 0.071044921875 0.0150299072265625 0.0517959594726563
-0.0228805541992187 0.0700836181640625 0.0160408020019531 0.0570030212402344
0.0245323181152344 0.0648918151855469 0.0514907836914062 0.0549774169921875
0.0498275756835938 0.0340385437011719 0.064788818359375 0.0193901062011719
0.0606956481933594 -0.00667572021484375 0.0645027160644531 -0.0177764892578125
0.054840087890625 -0.0324134826660156 0.049163818359375 -0.0265655517578125
0.05303955078125 -0.0290298461914063 0.0316562652587891 -0.0184898376464844
0.0585289001464844 -0.0339698791503906 0.0233631134033203 -0.00409889221191406
0.0699005126953125 -0.017913818359375 0.0148639678955078 0.00588321685791015
0.0702667236328125 0.0203361511230469 -0.00637483596801757 0.0068211555480957
0.05316162109375 0.0550193786621094 -0.0100946426391602 -0.00594425201416015
-0.00597381591796875 0.083099365234375 3.62396240234368E-05 -0.0293407440185547
-0.0593719482421875 0.0875244140625 0.0235557556152344 -0.0123214721679687
-0.0928268432617188 0.0656967163085938 0.00814628601074218 0.0188140869140625
-0.110664367675781 0.0267181396484375 0.0115509033203125 0.0677719116210938
-0.0845565795898438 0.0640029907226562 -0.0132369995117188 0.0715866088867188
-0.0433807373046875 0.0795059204101563 0.004058837890625 0.0674552917480469
0.01715087890625 0.0840072631835938 0.036224365234375 0.0585594177246094
0.0553703308105469 0.0506477355957031 0.0450706481933594 0.0238609313964844
0.0758895874023438 0.0009918212890625 0.0432891845703125 -0.00637054443359375
0.068115234375 -0.0304718017578125 0.0286426544189453 -0.00743484497070313
0.0633773803710938 -0.0273323059082031 0.0136232376098633 0.00110530853271484
0.0702629089355469 -0.0319633483886719 0.00486850738525391 0.01165771484375
0.0786895751953125 -0.012939453125 -0.00352954864501953 0.014491081237793
0.0726318359375 0.0284194946289062 -0.0196781158447266 0.00972938537597656
0.0502433776855469 0.0618400573730469 -0.0168485641479492 -0.00503826141357422
-0.015716552734375 0.0820388793945313 -0.00245285034179688 -0.0219364166259766
-0.0704803466796875 0.0769729614257813 0.0117654800415039 0.00808334350585938
-0.100250244140625 0.0495452880859375 -0.0222015380859375 0.0329723358154297
-0.0988540649414062 0.000846862792968741 -0.0281982421875 0.0745468139648437
-0.0896759033203125 0.039794921875 -0.0421371459960937 0.0820159912109375
-0.0564231872558594 0.0665245056152344 -0.00965118408203125 0.0705413818359375
0.00127410888671875 0.0840377807617188 0.0177841186523438 0.055389404296875
0.0461006164550781 0.0579910278320313 0.0214710235595703 0.0236396789550781
0.076324462890625 0.0104904174804688 0.0176963806152344 0.00408744812011719
0.070159912109375 -0.0229530334472656 0.00468730926513672 0.0110359191894531
0.0636978149414063 -0.0216331481933594 -0.0063629150390625 0.0196990966796875
0.0712051391601562 -0.0257720947265625 -0.0152359008789062 0.0263290405273438
0.0771484375 -0.0072479248046875 -0.0239715576171875 0.0212497711181641
0.0669898986816406 0.0328559875488281 -0.0337467193603516 0.00994110107421875
0.0416336059570313 0.06317138671875 -0.023590087890625 -0.00677871704101562
-0.0246658325195312 0.07464599609375 -0.00498008728027344 -0.0167360305786133
-0.0758438110351562 0.0587997436523438 -0.000944137573242194 0.0223674774169922
-0.0977706909179688 0.0261611938476562 -0.0521659851074219 0.0392951965332031
-0.0686607360839844 -0.0250320434570312 -0.0598068237304688 0.07171630859375
-0.0740127563476563 0.00730895996093751 -0.0632400512695313 0.08099365234375
-0.0566864013671875 0.0358619689941406 -0.01910400390625 0.0670547485351563
-0.0149917602539062 0.0640106201171875 0.00249481201171875 0.0462303161621094
0.0271263122558594 0.0527229309082031 0.00098991394042969 0.0183753967285156
0.0609207153320313 0.0183143615722656 -0.00761890411376953 0.0110254287719727
0.0600929260253906 -0.0113029479980469 -0.0185737609863281 0.0260753631591797
0.0546646118164063 -0.0126113891601563 -0.024810791015625 0.035858154296875
0.0623130798339844 -0.0163078308105469 -0.0340919494628906 0.0394325256347656
0.0666007995605469 -0.000988006591796875 -0.0429801940917969 0.0270843505859375
0.0555763244628906 0.0329475402832031 -0.0481681823730469 0.00906372070312499
0.0310173034667969 0.0582122802734375 -0.031768798828125 -0.0107040405273437
-0.0312232971191406 0.0619659423828125 -0.00811481475830078 -0.0157318115234375
-0.0748977661132813 0.0356292724609375 -0.0144920349121094 0.0296211242675781
-0.085296630859375 -0.000541687011718762 -0.0794754028320312 0.0375213623046875
-0.0275726318359375 -0.0469932556152344 -0.0748977661132813 0.0609283447265625
-0.0436210632324219 -0.0260200500488281 -0.0705947875976562 0.0738525390625
-0.0441932678222656 -0.000438690185546878 -0.0220603942871094 0.059783935546875
-0.0269603729248047 0.0319404602050781 -0.00689697265625 0.0351524353027344
0.00357818603515625 0.0373764038085938 -0.0120306015014648 0.0118083953857422
0.0349502563476563 0.0222740173339844 -0.0260276794433594 0.014678955078125
0.040802001953125 0.0018310546875 -0.0360527038574219 0.0351905822753906
0.0376167297363281 -0.00212478637695313 -0.0397987365722656 0.0462837219238281
0.0444068908691406 -0.0052337646484375 -0.0497627258300781 0.0476951599121094
0.0475540161132813 0.00422286987304688 -0.0606880187988281 0.0301933288574219
0.0389747619628906 0.0280036926269531 -0.0607376098632813 0.0069580078125
0.0191459655761719 0.0463943481445313 -0.0405426025390625 -0.0152587890625
-0.0318489074707031 0.0428848266601563 -0.0147924423217773 -0.0173978805541992
-0.0641403198242188 0.0111236572265625 -0.0297756195068359 0.0277633666992188
-0.0629997253417969 -0.0263519287109375 -0.100692749023438 0.0257110595703125
0.0102615356445312 0.04248046875 0.0984344482421875 -0.0212326049804687
0.0402107238769531 0.00755691528320313 0.0379371643066406 -0.0150108337402344
0.0189933776855469 -0.0219841003417969 0.0175991058349609 0.0199985504150391
-0.00290679931640625 -0.0249500274658203 0.0512351989746094 0.027679443359375
-0.0156726837158203 -0.0172481536865234 0.0744094848632813 -0.00148773193359375
-0.0262260437011719 -0.00527191162109375 0.0736312866210937 -0.0375747680664062
-0.019378662109375 -0.00452995300292968 0.0584526062011719 -0.0584526062011719
-0.0152387619018555 -0.00800323486328125 0.0451736450195313 -0.052001953125
-0.0197677612304688 -0.0140666961669922 0.04083251953125 -0.0374031066894531
-0.004119873046875 -0.0257625579833984 0.0364723205566406 -0.0206680297851562
0.0196685791015625 -0.0243511199951172 0.0165061950683594 -0.0120763778686523
0.0330791473388672 -0.00350761413574219 0.0111770629882813 -0.0245838165283203
0.0298843383789062 0.0314979553222656 0.0299148559570313 -0.0534515380859375
0.0131759643554688 0.0551185607910156 0.0655250549316406 -0.0653419494628906
-0.0117416381835938 0.0582351684570312 0.07696533203125 -0.041351318359375
-0.0300788879394531 0.0554542541503906 0.0975418090820313 -0.000686645507812497
0.0124969482421875 0.0368003845214844 0.040557861328125 0.00143814086914063
0.0111827850341797 0.0105180740356445 0.0216865539550781 0.0294990539550781
0.0115013122558594 0.00231456756591797 0.0576400756835938 0.0353927612304688
0.00877761840820312 -0.00408124923706055 0.0788497924804688 0.00334930419921875
0.003082275390625 -0.009796142578125 0.0793838500976562 -0.0361251831054687
0.00681686401367188 -0.0186653137207031 0.063018798828125 -0.0562095642089844
0.00955772399902344 -0.0193386077880859 0.0473403930664063 -0.049407958984375
0.00928878784179688 -0.0251998901367188 0.0421028137207031 -0.0328140258789063
0.0260410308837891 -0.0244636535644531 0.0366668701171875 -0.0151901245117188
0.0428047180175781 -0.00670242309570312 0.01373291015625 -0.00631427764892578
0.0438919067382813 0.0228462219238281 0.00555801391601563 -0.0178165435791016
0.0150833129882812 0.0586624145507813 0.0185127258300781 -0.0469398498535156
-0.0188446044921875 0.0759735107421875 0.0528602600097656 -0.053497314453125
-0.0476226806640625 0.0703353881835938 0.0624656677246094 -0.022674560546875
-0.0697250366210938 0.0587997436523437 0.0821380615234375 0.0238418579101563
-0.0230331420898437 0.0620346069335937 0.0333938598632813 0.0240955352783203
-0.00229644775390625 0.0452995300292969 0.0222396850585937 0.0424423217773438
0.0232982635498047 0.0344257354736328 0.0592613220214844 0.0451850891113281
0.0337257385253906 0.0135078430175781 0.0765914916992188 0.0106201171875
0.0339374542236328 -0.0116291046142578 0.0759201049804688 -0.0301971435546875
0.0323257446289063 -0.0293350219726563 0.0597267150878906 -0.0463981628417969
0.0338401794433594 -0.0280990600585938 0.0421409606933594 -0.037933349609375
0.0365142822265625 -0.03326416015625 0.0351676940917969 -0.0218009948730469
0.0517768859863281 -0.0236244201660156 0.0289020538330078 -0.00695991516113281
0.0613327026367188 0.00746536254882813 0.0053253173828125 -0.00068521499633789
0.0527420043945313 0.0415153503417969 -0.0015106201171875 -0.0118618011474609
0.00489044189453126 0.076568603515625 0.00761032104492187 -0.0395584106445313
-0.041595458984375 0.0890579223632812 0.0375823974609375 -0.0356521606445313
-0.0747222900390625 0.0746994018554688 0.0390777587890625 -0.0033111572265625
-0.0994415283203125 0.0507583618164062 0.0528335571289062 0.0477676391601562
-0.0576934814453125 0.0737228393554688 0.0152397155761719 0.0488319396972656
-0.0215301513671875 0.0729293823242188 0.0158615112304688 0.05621337890625
0.0277442932128906 0.0650634765625 0.0517730712890625 0.0534782409667969
0.0525093078613281 0.0326042175292969 0.065032958984375 0.01800537109375
0.0611572265625 -0.00960540771484375 0.0634803771972656 -0.0197868347167969
0.0542640686035156 -0.0351600646972656 0.0478668212890625 -0.0291252136230469
0.0525588989257813 -0.0321044921875 0.0302925109863281 -0.0206089019775391
0.057647705078125 -0.0373802185058594 0.0219478607177734 -0.00716400146484375
0.0695915222167969 -0.0213241577148438 0.0146646499633789 0.00223541259765625
0.0720977783203125 0.0174560546875 -0.00552320480346679 0.00392961502075196
0.05645751953125 0.0533638000488281 -0.00911903381347656 -0.00780677795410156
-0.00289916992187499 0.0848388671875 0.000513076782226565 -0.0304489135742188
-0.056640625 0.0910263061523438 0.0242919921875 -0.0143585205078125
-0.091033935546875 0.0694580078125 0.0106697082519531 0.0156192779541016
-0.111518859863281 0.031402587890625 0.0134162902832031 0.0659027099609375
-0.0830841064453125 0.0680770874023438 -0.0116996765136719 0.0700263977050781
-0.0415802001953125 0.0830764770507813 0.00354385375976561 0.0665664672851562
0.0209808349609375 0.0845870971679688 0.0366859436035156 0.0578536987304688
0.0589141845703125 0.0491142272949219 0.0448799133300781 0.0232696533203125
0.0770645141601563 -0.0021514892578125 0.04168701171875 -0.0069122314453125
0.0678291320800781 -0.0343132019042969 0.0281352996826172 -0.00875473022460938
0.0630340576171875 -0.03131103515625 0.0130386352539063 -2.19345092773457E-05
0.0695953369140625 -0.0361175537109375 0.0043487548828125 0.0102300643920898
0.0792312622070313 -0.017242431640625 -0.00371646881103515 0.0123519897460937
0.075164794921875 0.0254058837890625 -0.0192718505859375 0.00799751281738281
0.0540809631347656 0.0604476928710938 -0.0160131454467773 -0.00651359558105468
-0.0127334594726563 0.084991455078125 -0.00262451171875 -0.022979736328125
-0.0674819946289063 0.0811843872070312 0.0131406784057617 0.00613212585449219
-0.0986099243164063 0.0536422729492188 -0.0199337005615234 0.0311851501464844
-0.101020812988281 0.00596618652343748 -0.0266342163085938 0.0747299194335938
-0.08929443359375 0.0446929931640625 -0.0400848388671875 0.08111572265625
-0.0559158325195313 0.0707473754882812 -0.00963592529296875 0.0695571899414063
0.00556182861328125 0.0850143432617188 0.0176124572753906 0.0551643371582031
0.0503005981445313 0.0563240051269531 0.0209121704101563 0.0239486694335938
0.0772247314453125 0.0064544677734375 0.0162954330444336 0.00413417816162109
0.0696487426757813 -0.0265541076660156 0.00516128540039063 0.010920524597168
0.0635032653808594 -0.0256195068359375 -0.00592422485351562 0.0194416046142578
0.0705490112304688 -0.0304107666015625 -0.0151500701904297 0.0266799926757812
0.0775070190429688 -0.01177978515625 -0.0239887237548828 0.0210075378417969
0.0696907043457031 0.0294609069824219 -0.0338096618652344 0.00927734375000001
0.0455169677734375 0.0618782043457031 -0.0240154266357422 -0.00789070129394531
-0.0222702026367188 0.077178955078125 -0.005279541015625 -0.0179309844970703
-0.0738143920898438 0.0635986328125 0.000595092773437494 0.0208358764648438
-0.096893310546875 0.0307159423828125 -0.0498924255371094 0.0388755798339844
-0.07049560546875 -0.0209503173828125 -0.0582962036132813 0.0731124877929688
-0.0739974975585938 0.0111541748046875 -0.06103515625 0.0818862915039063
-0.055877685546875 0.0402641296386719 -0.0193939208984375 0.0660667419433594
-0.0114707946777344 0.0659713745117188 0.00200653076171875 0.0460128784179688
0.0303192138671875 0.051361083984375 -0.000310897827148435 0.0196609497070313
0.06243896484375 0.0144577026367187 -0.00873184204101563 0.012537956237793
0.0599174499511719 -0.0148658752441406 -0.0171031951904297 0.0271453857421875
0.0541191101074219 -0.01611328125 -0.0237655639648438 0.0368309020996094
0.0617141723632813 -0.0204277038574219 -0.0332069396972656 0.0401191711425781
0.0671424865722656 -0.00515365600585938 -0.0433883666992187 0.0277862548828125
0.0581741333007812 0.0296211242675781 -0.0485115051269531 0.00963211059570313
0.0344047546386719 0.0565986633300781 -0.0323734283447266 -0.0114707946777344
-0.0286674499511719 0.0640716552734375 -0.00894355773925782 -0.0165309906005859
-0.07305908203125 0.0404129028320313 -0.0124912261962891 0.0285186767578125
-0.085174560546875 0.00394439697265625 -0.0774688720703125 0.0378570556640625
-0.0299949645996094 -0.0450286865234375 -0.0740203857421875 0.0636825561523437
-0.0452919006347656 -0.0231399536132812 -0.0689773559570313 0.0748443603515625
-0.0445518493652344 0.00285720825195313 -0.0219650268554688 0.059173583984375
-0.0249900817871094 0.0341129302978516 -0.00767135620117187 0.0355720520019531
0.00704574584960937 0.0369987487792969 -0.0133953094482422 0.0137844085693359
0.0364112854003906 0.0194892883300781 -0.0267333984375 0.0172443389892578
0.04095458984375 -0.00115203857421875 -0.03436279296875 0.0376129150390625
0.0374031066894531 -0.00470352172851563 -0.0378265380859375 0.0485572814941406
0.0439987182617188 -0.00830459594726563 -0.0482406616210938 0.0496101379394531
0.0478553771972656 0.0010528564453125 -0.060943603515625 0.0316200256347656
0.0406303405761719 0.0253257751464844 -0.0612945556640625 0.0081329345703125
0.0214004516601563 0.0449180603027344 -0.0412178039550781 -0.0154342651367188
-0.0304832458496094 0.0443687438964844 -0.0145092010498047 -0.0181140899658203
-0.062713623046875 0.0148544311523437 -0.0276737213134766 0.0282096862792969
-0.0627326965332031 -0.0223655700683594 -0.09918212890625 0.0278472900390625
0.0112571716308594 0.0426712036132813 0.0999374389648438 -0.0228424072265625
0.0398979187011719 0.00679397583007812 0.037322998046875 -0.0161476135253906
0.0188121795654297 -0.0222644805908203 0.0175056457519531 0.0211067199707031
-0.00345802307128906 -0.0247707366943359 0.0530967712402344 0.0281257629394531
-0.0164966583251953 -0.0167036056518555 0.0770263671875 -0.0032196044921875
-0.0264148712158203 -0.00369071960449219 0.0762176513671875 -0.0407333374023438
-0.0191555023193359 -0.00409507751464844 0.0586357116699219 -0.0623741149902344
-0.0153026580810547 -0.00810623168945312 0.0448150634765625 -0.0555152893066406
-0.0199623107910156 -0.013336181640625 0.0404853820800781 -0.0408706665039062
-0.00511932373046875 -0.0250816345214844 0.0373992919921875 -0.02435302734375
0.0186519622802734 -0.0248546600341797 0.0184879302978516 -0.0145359039306641
0.0330657958984375 -0.00499153137207031 0.0129241943359375 -0.0262184143066406
0.0312995910644531 0.0305881500244141 0.0314445495605469 -0.0545501708984375
0.0142936706542969 0.0547142028808594 0.0671463012695313 -0.0685997009277344
-0.0102653503417969 0.0587158203125 0.079986572265625 -0.0455551147460938
-0.0302696228027344 0.0570030212402344 0.100028991699219 -0.00250244140625
0.0123748779296875 0.0378913879394531 0.040283203125 0.000301361083984377
0.0109443664550781 0.0120878219604492 0.0219650268554688 0.03045654296875
0.0121192932128906 0.00308799743652344 0.0595855712890625 0.0361175537109375
0.00950050354003906 -0.00358676910400391 0.0817184448242188 0.0020904541015625
0.00439643859863281 -0.00964832305908203 0.0811538696289063 -0.0394210815429688
0.00701522827148438 -0.0198726654052734 0.0631675720214844 -0.0603408813476563
0.0104923248291016 -0.0201835632324219 0.0467300415039063 -0.0530166625976563
0.00976181030273437 -0.0256786346435547 0.0411872863769531 -0.036773681640625
0.0262947082519531 -0.0253067016601563 0.0378646850585938 -0.0191841125488281
0.0433883666992188 -0.00738525390625 0.0153303146362305 -0.00897502899169922
0.0448875427246094 0.0223274230957031 0.00757026672363282 -0.0196876525878906
0.0161972045898438 0.0595436096191406 0.0198211669921875 -0.0482215881347656
-0.0178375244140625 0.0783615112304688 0.0539016723632812 -0.0560569763183594
-0.047515869140625 0.0725173950195313 0.0656318664550781 -0.0270309448242187
-0.071868896484375 0.062469482421875 0.0844955444335938 0.0222625732421875
-0.0228538513183594 0.0648574829101563 0.0332717895507813 0.0228691101074219
-0.00236892700195313 0.0485572814941406 0.0218315124511719 0.0438461303710938
0.025482177734375 0.0361671447753906 0.0606918334960938 0.0457305908203125
0.0358848571777344 0.0134315490722656 0.0786666870117188 0.00963592529296875
0.0358238220214844 -0.0125846862792969 0.077239990234375 -0.0326995849609375
0.0334548950195313 -0.0317630767822266 0.0596122741699219 -0.0499534606933594
0.0346031188964844 -0.0305461883544922 0.0414619445800781 -0.0414810180664063
0.0375633239746094 -0.0359153747558594 0.0341587066650391 -0.0256404876708984
0.0530815124511719 -0.0256423950195313 0.0293235778808594 -0.0109958648681641
0.0635795593261719 0.00623703002929687 0.00628709793090821 -0.00361108779907226
0.0552139282226563 0.0416679382324219 -0.000438690185546871 -0.0141105651855469
0.00646209716796876 0.0795440673828125 0.00855636596679687 -0.0407180786132812
-0.0409774780273437 0.0933914184570313 0.0385704040527344 -0.038360595703125
-0.0756149291992188 0.077880859375 0.0423049926757812 -0.00650405883789062
-0.102691650390625 0.0556488037109375 0.0544929504394531 0.04766845703125
-0.0583648681640625 0.0783462524414063 0.0150337219238281 0.0482215881347656
-0.02130126953125 0.0778732299804688 0.0152397155761719 0.0572128295898438
0.0308609008789063 0.0675125122070313 0.0530891418457031 0.0543937683105469
0.0558547973632813 0.0326728820800781 0.066314697265625 0.0176811218261719
0.0630722045898438 -0.0112686157226562 0.0638809204101563 -0.0208663940429688
0.0557899475097656 -0.0384788513183594 0.0479812622070313 -0.031646728515625
0.0538482666015625 -0.0358810424804688 0.02947998046875 -0.0230770111083984
0.0589179992675781 -0.041107177734375 0.0209941864013672 -0.00946807861328125
0.0716400146484375 -0.024810791015625 0.0151033401489258 -0.000215530395507814
0.0756607055664063 0.0157852172851563 -0.00568532943725586 0.00206565856933594
0.0599899291992188 0.0540008544921875 -0.00818061828613281 -0.0101661682128906
-0.00141143798828125 0.0892791748046875 0.00127410888671875 -0.0318336486816406
-0.0561370849609375 0.0962295532226562 0.0256843566894531 -0.0171222686767578
-0.0927276611328125 0.0734405517578125 0.0133028030395508 0.0133237838745117
-0.115135192871094 0.03631591796875 0.0142936706542969 0.0669708251953125
-0.0843429565429688 0.0734329223632812 -0.0121498107910156 0.0698432922363281
-0.0415878295898438 0.089111328125 0.00283432006835937 0.067352294921875
0.0243377685546875 0.0879058837890625 0.0370826721191406 0.0589065551757813
0.0630302429199219 0.0494308471679688 0.045379638671875 0.0240287780761719
0.0794143676757813 -0.00433349609375 0.0414695739746094 -0.00733184814453125
0.0690345764160156 -0.0382156372070313 0.0283222198486328 -0.0100765228271484
0.064239501953125 -0.0352973937988281 0.012873649597168 -0.00130271911621094
0.0709991455078125 -0.040985107421875 0.00318431854248047 0.00889110565185547
0.08123779296875 -0.0216522216796875 -0.00384998321533203 0.0112400054931641
0.0793609619140625 0.02288818359375 -0.0202617645263672 0.00669288635253906
0.0585975646972656 0.0602073669433594 -0.0163545608520508 -0.00821113586425781
-0.0105667114257812 0.0892715454101563 -0.00244522094726562 -0.0242900848388672
-0.0673370361328125 0.0878372192382812 0.0141839981079102 0.00436496734619141
-0.100143432617188 0.0584640502929687 -0.01824951171875 0.0300979614257813
-0.105171203613281 0.0101089477539062 -0.0261154174804688 0.0767059326171875
-0.090972900390625 0.0488967895507812 -0.0405731201171875 0.0820999145507813
-0.0561294555664063 0.076202392578125 -0.0109024047851563 0.0709686279296875
0.00868988037109374 0.0886917114257813 0.0177536010742188 0.0561103820800781
0.0545883178710938 0.0565299987792969 0.0206737518310547 0.0256824493408203
0.0799789428710937 0.0040435791015625 0.015625 0.00529289245605469
0.0708465576171875 -0.030792236328125 0.00568199157714844 0.0112762451171875
0.0645675659179688 -0.0296974182128906 -0.00570869445800781 0.0200061798095703
0.0722579956054688 -0.0346145629882813 -0.0156040191650391 0.0269184112548828
0.0799636840820313 -0.0156631469726563 -0.0250282287597656 0.0207290649414062
0.0742645263671875 0.0279083251953125 -0.0356025695800781 0.00874710083007813
0.0498008728027344 0.0618209838867188 -0.0243606567382812 -0.00905036926269531
-0.0204696655273438 0.0816421508789062 -0.00516128540039063 -0.0194225311279297
-0.0739974975585938 0.0695343017578125 0.00177574157714843 0.0201168060302734
-0.0986862182617187 0.0346450805664063 -0.0495033264160156 0.038848876953125
-0.0745697021484375 -0.01861572265625 -0.0595932006835938 0.0760955810546875
-0.0761871337890625 0.0143585205078125 -0.0623703002929688 0.0833740234375
-0.0570220947265625 0.0448265075683594 -0.0203170776367188 0.06744384765625
-0.00909805297851563 0.0689048767089844 0.000823974609375004 0.0475959777832031
0.0344696044921875 0.0518417358398438 -0.000835418701171873 0.0214252471923828
0.0647354125976563 0.012420654296875 -0.00936698913574218 0.0145034790039063
0.0605392456054688 -0.0183753967285156 -0.0167026519775391 0.0286102294921875
0.0556640625 -0.0197563171386719 -0.02325439453125 0.0386123657226563
0.0628929138183594 -0.0241203308105469 -0.0339584350585937 0.0419692993164063
0.0692291259765625 -0.0084075927734375 -0.0446357727050781 0.0291595458984375
0.0615730285644531 0.0285606384277344 -0.0512733459472656 0.00989151000976563
0.0377235412597656 0.0568313598632813 -0.0336742401123047 -0.0124645233154297
-0.0275611877441406 0.0672225952148438 -0.00901603698730469 -0.0180873870849609
-0.0735015869140625 0.0449905395507812 -0.011566162109375 0.0284442901611328
-0.087005615234375 0.00727844238281251 -0.0786972045898438 0.039459228515625
-0.0329208374023438 -0.0445976257324219 -0.0760345458984375 0.0673065185546875
-0.0472488403320313 -0.0212974548339844 -0.0701751708984375 0.077178955078125
-0.0459632873535156 0.00560379028320312 -0.0227432250976563 0.0603294372558594
-0.0236282348632812 0.0368194580078125 -0.0085296630859375 0.037017822265625
0.00911712646484375 0.0371246337890625 -0.0145158767700195 0.0161600112915039
0.0380516052246094 0.0175895690917969 -0.0278263092041016 0.0198211669921875
0.0412063598632813 -0.00371932983398437 -0.0337677001953125 0.0401535034179688
0.0384254455566406 -0.00706100463867187 -0.0370712280273438 0.051025390625
0.0446891784667969 -0.0109748840332031 -0.0488433837890625 0.0528411865234375
0.0487632751464844 -0.0018463134765625 -0.0621986389160156 0.03436279296875
0.0428810119628906 0.0244979858398438 -0.0640068054199219 0.00902175903320312
0.0236892700195313 0.0448722839355469 -0.0429344177246094 -0.0163459777832031
-0.0297317504882813 0.0462837219238281 -0.0152606964111328 -0.0192279815673828
-0.0634498596191406 0.0173873901367188 -0.02691650390625 0.0285987854003906
-0.063751220703125 -0.020355224609375 -0.101524353027344 0.0294418334960937
0.0128593444824219 0.0437812805175781 0.105422973632813 -0.0266571044921875
0.0412483215332031 0.006317138671875 0.0380325317382813 -0.017791748046875
0.0185527801513672 -0.0233192443847656 0.0184440612792969 0.0222759246826172
-0.00437545776367188 -0.0256118774414063 0.0567626953125 0.0286788940429688
-0.0183753967285156 -0.016632080078125 0.08135986328125 -0.00580596923828125
-0.0270729064941406 -0.00194358825683594 0.0794906616210938 -0.0470123291015625
-0.0199317932128906 -0.00317955017089844 0.0594062805175781 -0.0685768127441406
-0.0162668228149414 -0.00730133056640625 0.0441551208496094 -0.0613288879394531
-0.0205230712890625 -0.0121135711669922 0.0404853820800781 -0.0461883544921875
-0.00623512268066406 -0.0253963470458984 0.0383491516113281 -0.0295028686523437
0.0175952911376953 -0.0262775421142578 0.0206756591796875 -0.0181159973144531
0.0337238311767578 -0.00604820251464844 0.0147075653076172 -0.0288734436035156
0.0338115692138672 0.0308475494384766 0.032989501953125 -0.0577049255371094
0.0170478820800781 0.0558280944824219 0.069793701171875 -0.0740737915039063
-0.008575439453125 0.0609893798828125 0.0849685668945313 -0.0520401000976562
-0.0308685302734375 0.0610923767089844 0.105094909667969 -0.0057220458984375
0.0129852294921875 0.0402984619140625 0.0410385131835937 -0.00135421752929687
0.0119009017944336 0.0136575698852539 0.022552490234375 0.0321369171142578
0.0130691528320313 0.00373554229736328 0.0635185241699219 0.0369873046875
0.0105838775634766 -0.00387859344482422 0.085906982421875 -0.00037384033203125
0.00471115112304688 -0.00960540771484375 0.0843582153320313 -0.0450668334960938
0.00739669799804687 -0.021026611328125 0.0637054443359375 -0.0668716430664063
0.0102272033691406 -0.022705078125 0.0459022521972656 -0.0583915710449219
0.0101852416992188 -0.0275115966796875 0.0409736633300781 -0.0415458679199219
0.0272254943847656 -0.0274028778076172 0.0386314392089844 -0.0242156982421875
0.0451736450195313 -0.00951385498046875 0.0175485610961914 -0.0125970840454102
0.0476837158203125 0.0220565795898438 0.00948524475097657 -0.0219688415527344
0.0191078186035156 0.0624008178710937 0.02105712890625 -0.0509033203125
-0.0164031982421875 0.08245849609375 0.0559577941894531 -0.0613441467285156
-0.0478515625 0.0771408081054688 0.070465087890625 -0.0327224731445312
-0.07452392578125 0.06884765625 0.089324951171875 0.0208892822265625
-0.0228919982910156 0.0699348449707031 0.034393310546875 0.0220165252685547
-0.000713348388671877 0.0532073974609375 0.0221099853515625 0.0456619262695313
0.0287513732910156 0.0379600524902344 0.0643692016601563 0.0464210510253906
0.0390357971191406 0.0130119323730469 0.0829620361328125 0.008087158203125
0.0382843017578125 -0.01483154296875 0.0802536010742187 -0.0370635986328125
0.0343971252441406 -0.0355720520019531 0.0603218078613281 -0.0554542541503906
0.0356788635253906 -0.0345497131347656 0.0411796569824219 -0.0462379455566406
0.038665771484375 -0.0397834777832031 0.0337810516357422 -0.0295028686523438
0.0553207397460938 -0.0293617248535156 0.0302524566650391 -0.0153026580810547
0.0673599243164063 0.00379180908203125 0.00744819641113282 -0.00647830963134766
0.060516357421875 0.0421562194824219 0.000698089599609378 -0.0165300369262695
0.00975799560546876 0.08441162109375 0.00985336303710937 -0.0435218811035156
-0.0395965576171875 0.100044250488281 0.0401535034179688 -0.0423698425292969
-0.0773239135742188 0.0845870971679688 0.0460700988769531 -0.0109786987304687
-0.106727600097656 0.0634384155273437 0.0586585998535156 0.0479774475097656
-0.059326171875 0.0857772827148438 0.0158767700195312 0.0489120483398438
-0.019500732421875 0.0853424072265625 0.0159034729003906 0.0599822998046875
0.0360336303710937 0.0710372924804687 0.05621337890625 0.0562896728515625
0.0614280700683594 0.0324630737304688 0.0698204040527344 0.0178451538085938
0.0670547485351563 -0.0140953063964844 0.0659904479980469 -0.0237312316894531
0.0571212768554687 -0.0440025329589844 0.0485687255859375 -0.0358352661132813
0.05523681640625 -0.0413856506347656 0.0293521881103516 -0.0263652801513672
0.0607223510742188 -0.0469474792480469 0.0201072692871094 -0.011993408203125
0.0751876831054688 -0.0301055908203125 0.015019416809082 -0.00348854064941406
0.08135986328125 0.0132064819335938 -0.0057082176208496 0.000260353088378906
0.0668754577636719 0.0547637939453125 -0.00806999206542968 -0.0123929977416992
0.002197265625 0.0953369140625 0.00132560729980469 -0.0339698791503906
-0.055755615234375 0.105079650878906 0.0270442962646484 -0.0199699401855469
-0.095245361328125 0.0811996459960938 0.0162229537963867 0.0110349655151367
-0.120864868164063 0.0441513061523437 0.0164642333984375 0.0696296691894531
-0.0865859985351562 0.0815658569335938 -0.0120162963867188 0.0716781616210937
-0.040771484375 0.098052978515625 0.00325775146484375 0.0709152221679688
0.03021240234375 0.0924835205078125 0.0396385192871094 0.0608024597167969
0.0695877075195313 0.0495262145996094 0.0477828979492188 0.0249900817871094
0.084625244140625 -0.0084991455078125 0.0429763793945313 -0.00804901123046875
0.0712432861328125 -0.0441970825195313 0.0293064117431641 -0.0120105743408203
0.06634521484375 -0.0416831970214844 0.0131664276123047 -0.00275516510009766
0.0733261108398438 -0.0472564697265625 0.00261878967285157 0.0089578628540039
0.0850143432617188 -0.0274276733398438 -0.00477218627929687 0.00992393493652344
0.0857315063476562 0.019866943359375 -0.0214672088623047 0.00578689575195312
0.0656547546386719 0.0617103576660156 -0.0167732238769531 -0.00995826721191406
-0.00782012939453125 0.0960464477539062 -0.00267601013183594 -0.0263957977294922
-0.0675811767578125 0.0965728759765625 0.0152339935302734 0.00263786315917969
-0.104110717773437 0.0662307739257813 -0.0173053741455078 0.0292949676513672
-0.111404418945313 0.0160064697265625 -0.0259323120117188 0.0810775756835938
-0.0944671630859375 0.0562210083007813 -0.041168212890625 0.0859146118164063
-0.0564804077148438 0.0849838256835937 -0.0107803344726563 0.0740814208984375
0.013641357421875 0.0938949584960938 0.0187034606933594 0.0587158203125
0.0613021850585938 0.0574684143066406 0.0215511322021484 0.0276336669921875
0.0848312377929688 0.0001983642578125 0.0158233642578125 0.00671482086181641
0.0735092163085938 -0.0364761352539063 0.0061788558959961 0.0116643905639648
0.0672798156738281 -0.0356407165527344 -0.00493621826171875 0.0211868286132812
0.0747146606445313 -0.0416030883789063 -0.0170059204101563 0.0286769866943359
0.0835494995117188 -0.021728515625 -0.0260524749755859 0.0219764709472656
0.0806198120117188 0.0253829956054688 -0.0377349853515625 0.00936508178710937
0.0568008422851563 0.0633087158203125 -0.0260848999023438 -0.0102195739746094
-0.0179901123046875 0.0883331298828125 -0.00573158264160156 -0.0210933685302734
-0.0750885009765625 0.0780258178710938 0.00284767150878906 0.0193881988525391
-0.102699279785156 0.0416336059570313 -0.0501747131347656 0.04071044921875
-0.0802993774414062 -0.0152816772460938 -0.0610122680664063 0.0821533203125
-0.0797042846679687 0.0192718505859375 -0.0637435913085937 0.088775634765625
-0.0586891174316406 0.0512199401855469 -0.0208282470703125 0.0706710815429688
-0.00564575195312501 0.0738067626953125 0.00100326538085938 0.0497817993164063
0.0398979187011719 0.0529098510742188 -0.00141716003417969 0.0240955352783203
0.0687141418457031 0.0095062255859375 -0.0101718902587891 0.0177192687988281
0.0631942749023438 -0.0231170654296875 -0.0161418914794922 0.0315513610839844
0.0574913024902344 -0.0243682861328125 -0.02203369140625 0.0413703918457031
0.0653038024902344 -0.0296478271484375 -0.0346260070800781 0.0454902648925781
0.0720062255859375 -0.0134963989257813 -0.0470962524414063 0.0320205688476562
0.0671348571777344 0.0261726379394531 -0.0541000366210937 0.0114631652832031
0.0433158874511719 0.0584945678710938 -0.0364418029785156 -0.0132675170898437
-0.0263900756835937 0.0727157592773438 -0.0101070404052734 -0.0195522308349609
-0.0750198364257813 0.0516738891601563 -0.0110664367675781 0.0297584533691406
-0.0906524658203125 0.0120849609375 -0.0812454223632813 0.0425262451171875
-0.0368118286132813 -0.0444068908691406 -0.0793380737304687 0.0736312866210938
-0.0508384704589844 -0.0198097229003906 -0.0723190307617187 0.0829315185546875
-0.0481452941894531 0.00901412963867187 -0.0234718322753906 0.0630264282226563
-0.0221633911132813 0.0398101806640625 -0.00974273681640625 0.0394058227539063
0.0123062133789062 0.0385246276855469 -0.0161857604980469 0.0189762115478516
0.0412254333496094 0.0162086486816406 -0.0285091400146484 0.0239334106445312
0.0430564880371094 -0.00667572021484375 -0.0328445434570312 0.0445976257324219
0.0398521423339844 -0.00994491577148438 -0.0363960266113281 0.055328369140625
0.046478271484375 -0.0149955749511719 -0.0499916076660156 0.0578193664550781
0.0513877868652344 -0.004791259765625 -0.0653724670410156 0.0382308959960937
0.0464324951171875 0.0231437683105469 -0.0683174133300781 0.0115699768066406
0.027374267578125 0.0457992553710938 -0.0460433959960938 -0.0168037414550781
-0.0293083190917969 0.0504302978515625 -0.0165271759033203 -0.0207881927490234
-0.0652008056640625 0.0218925476074219 -0.0263652801513672 0.0304183959960937
-0.0666160583496094 -0.0183448791503906 -0.105789184570313 0.0335769653320312
0.0158805847167969 0.044891357421875 0.110038757324219 -0.0338363647460938
0.0427093505859375 0.00416946411132813 0.0375251770019531 -0.0207939147949219
0.0180225372314453 -0.0250682830810547 0.0196590423583984 0.0233306884765625
-0.00643348693847656 -0.0258007049560547 0.0616111755371094 0.0279922485351563
-0.0203323364257812 -0.0152053833007813 0.0855636596679688 -0.0113677978515625
-0.0279541015625 0.000545501708984371 0.0810012817382813 -0.0557632446289063
-0.0207672119140625 -0.00189018249511719 0.0581130981445313 -0.0771102905273438
-0.0172595977783203 -0.00652408599853515 0.0419044494628906 -0.0683326721191406
-0.0216903686523438 -0.0109062194824219 0.0383796691894531 -0.0526199340820313
-0.00845909118652344 -0.0254936218261719 0.0383377075195313 -0.03570556640625
0.0158824920654297 -0.0285758972167969 0.0217132568359375 -0.0225486755371094
0.0350360870361328 -0.0092010498046875 0.0163364410400391 -0.0320606231689453
0.0376434326171875 0.0290031433105469 0.0330924987792969 -0.0620613098144531
0.0212440490722656 0.0572242736816406 0.0696487426757813 -0.0822830200195313
-0.00557708740234374 0.0638236999511719 0.0885467529296875 -0.0625762939453125
-0.0292205810546875 0.0670204162597656 0.110748291015625 -0.0116424560546875
0.0155525207519531 0.0423927307128906 0.0414505004882812 -0.00410079956054687
0.0138015747070313 0.0150308609008789 0.0245418548583984 0.0337142944335938
0.0148038864135742 0.00356006622314453 0.0689964294433594 0.0356025695800781
0.0108432769775391 -0.00406360626220703 0.0906524658203125 -0.0055694580078125
0.00522804260253906 -0.0102987289428711 0.0857162475585938 -0.0531005859375
0.00653266906738281 -0.0229873657226563 0.06231689453125 -0.0753402709960938
0.00959968566894531 -0.0247573852539063 0.0431747436523438 -0.0656204223632813
0.009674072265625 -0.0299129486083984 0.0394020080566406 -0.0481605529785156
0.0267925262451172 -0.0304718017578125 0.0385017395019531 -0.0307464599609375
0.0465049743652344 -0.01275634765625 0.0182037353515625 -0.0171585083007813
0.0519981384277344 0.02008056640625 0.0103740692138672 -0.025238037109375
0.0240478515625 0.0649223327636719 0.021087646484375 -0.0549201965332031
-0.0124053955078125 0.0881729125976562 0.056060791015625 -0.0682640075683594
-0.045928955078125 0.0836029052734375 0.0743560791015625 -0.041259765625
-0.0749588012695312 0.078277587890625 0.0955276489257813 0.016754150390625
-0.02044677734375 0.0762481689453125 0.0355987548828125 0.0206718444824219
0.00271987915039063 0.0583992004394531 0.0249862670898437 0.0473136901855469
0.0332870483398438 0.0390968322753906 0.07000732421875 0.0462150573730469
0.0428962707519531 0.0111618041992188 0.08746337890625 0.00354766845703125
0.0400161743164063 -0.0178565979003906 0.0819778442382813 -0.044158935546875
0.0341110229492188 -0.0404090881347656 0.0592155456542969 -0.0631179809570313
0.0351181030273438 -0.0396842956542969 0.0391311645507813 -0.0526275634765625
0.038665771484375 -0.0450859069824219 0.0322971343994141 -0.0348606109619141
0.0566024780273438 -0.0352134704589844 0.0298423767089844 -0.0210514068603516
0.0720901489257813 -0.00104522705078125 0.0078268051147461 -0.0100116729736328
0.0668144226074219 0.0408973693847656 0.00123405456542969 -0.0193138122558594
0.0159225463867187 0.0896224975585937 0.0083160400390625 -0.0465583801269531
-0.0360183715820313 0.109039306640625 0.0405158996582031 -0.0480995178222656
-0.0767440795898438 0.09405517578125 0.0499305725097656 -0.0171775817871094
-0.109458923339844 0.0750885009765625 0.0640716552734375 0.04693603515625
-0.05743408203125 0.0955123901367187 0.0180130004882812 0.0494308471679688
-0.014801025390625 0.093994140625 0.0182342529296875 0.0623397827148438
0.0434494018554687 0.0732040405273438 0.0615730285644531 0.0562019348144531
0.0683670043945313 0.02972412109375 0.0738906860351563 0.0150604248046875
0.0702896118164063 -0.0200424194335938 0.067840576171875 -0.0284042358398438
0.0573768615722656 -0.0510978698730469 0.0482826232910156 -0.041473388671875
0.0552635192871094 -0.0489387512207031 0.0282211303710938 -0.0310401916503906
0.0611457824707031 -0.0550537109375 0.0191326141357422 -0.0147724151611328
0.0775299072265625 -0.037750244140625 0.0142059326171875 -0.00708866119384766
0.0880584716796875 0.00771331787109375 -0.00621318817138671 -0.00199747085571289
0.0752029418945312 0.0528945922851562 -0.00849819183349609 -0.014063835144043
0.00914764404296874 0.102584838867188 0.00025177001953125 -0.0367355346679687
-0.0515213012695313 0.116043090820313 0.027557373046875 -0.0240745544433594
-0.0954742431640625 0.0923995971679688 0.0189418792724609 0.00804328918457032
-0.125755310058594 0.0563430786132812 0.0211868286132812 0.07244873046875
-0.0863113403320313 0.0923919677734375 -0.00915527343750001 0.0749435424804687
-0.0365142822265625 0.109031677246094 0.00569915771484375 0.0738372802734375
0.0391464233398438 0.0963058471679688 0.0437545776367188 0.0620002746582031
0.0783462524414063 0.0467681884765625 0.0512046813964844 0.0245895385742188
0.0891036987304688 -0.0150833129882813 0.0440444946289063 -0.00942611694335938
0.0718002319335938 -0.0529632568359375 0.029571533203125 -0.0149974822998047
0.0670814514160156 -0.0504302978515625 0.0132322311401367 -0.00439453125
0.0741653442382812 -0.0567398071289063 0.00217294692993165 0.00828409194946289
0.0874786376953125 -0.0362930297851563 -0.00518703460693359 0.00904083251953125
0.0932235717773437 0.0145339965820312 -0.0227203369140625 0.00577545166015625
0.0744781494140625 0.060272216796875 -0.01849365234375 -0.0112323760986328
-0.000770568847656256 0.103813171386719 -0.00390052795410157 -0.0280609130859375
-0.06427001953125 0.108749389648438 0.0167684555053711 0.000557899475097663
-0.105667114257813 0.0777511596679688 -0.0153121948242188 0.0300884246826172
-0.117355346679688 0.0259552001953125 -0.0236053466796875 0.0875015258789063
-0.0963211059570313 0.0664443969726562 -0.0398101806640625 0.0912857055664062
-0.0542449951171875 0.0957489013671875 -0.00897979736328126 0.0780029296875
0.0217666625976563 0.0987014770507813 0.0215339660644531 0.0608100891113281
0.0700492858886719 0.0557975769042969 0.0236873626708984 0.0295639038085938
0.0900650024414063 -0.00601959228515625 0.0167560577392578 0.00814437866210938
0.0747528076171875 -0.0450820922851563 0.00740814208984376 0.0120363235473633
0.068115234375 -0.0439720153808594 -0.00401687622070312 0.0221748352050781
0.0758132934570313 -0.0505523681640625 -0.016693115234375 0.0315589904785156
0.0866546630859375 -0.0302886962890625 -0.0273971557617188 0.0238227844238281
0.0881729125976563 0.0195236206054688 -0.0403480529785156 0.0115699768066406
0.0652732849121094 0.0627632141113281 -0.0286674499511719 -0.0103511810302734
-0.0125579833984375 0.0961990356445313 -0.00748062133789063 -0.0225887298583984
-0.0733871459960938 0.0892715454101563 0.00481224060058593 0.019256591796875
-0.105316162109375 0.0514678955078125 -0.0501861572265625 0.043975830078125
-0.08642578125 -0.00916290283203124 -0.0611038208007813 0.0902786254882812
-0.0833892822265625 0.0266876220703125 -0.0631103515625 0.0959396362304688
-0.0587501525878906 0.0601692199707031 -0.0192337036132813 0.07525634765625
-1.52587890625059E-05 0.07916259765625 0.00249862670898438 0.0529747009277344
0.0467681884765625 0.0525588989257813 -0.00070953369140625 0.0273246765136719
0.07366943359375 0.0040283203125 -0.00951576232910156 0.0214385986328125
0.0647659301757813 -0.0301742553710938 -0.0143871307373047 0.0341701507568359
0.0585823059082031 -0.0310440063476563 -0.0203933715820312 0.0446357727050781
0.0663032531738281 -0.0370521545410156 -0.0340423583984375 0.0509452819824219
0.074920654296875 -0.0206451416015625 -0.0484275817871094 0.0363273620605469
0.0734176635742188 0.0223846435546875 -0.0571517944335937 0.0151481628417969
0.0509033203125 0.0580482482910156 -0.0397148132324219 -0.0124893188476563
-0.0229034423828125 0.0795974731445313 -0.0120601654052734 -0.0207881927490234
-0.07525634765625 0.0613784790039062 -0.00881958007812501 0.0308856964111328
-0.0942001342773438 0.0193710327148437 -0.0829620361328125 0.0485076904296875
-0.0422592163085938 -0.0432167053222656 -0.0813980102539063 0.0834197998046875
-0.055084228515625 -0.0161781311035156 -0.0722198486328125 0.0908966064453125
-0.0502853393554687 0.0144119262695313 -0.0219306945800781 0.0673332214355469
-0.0196762084960938 0.0442619323730469 -0.00955963134765625 0.04248046875
0.0166473388671875 0.0390129089355469 -0.0167770385742188 0.0232391357421875
0.0445480346679687 0.0130386352539063 -0.0281753540039062 0.0293636322021484
0.0443687438964844 -0.0108833312988281 -0.0306968688964844 0.0499687194824219
0.0407867431640625 -0.0143699645996094 -0.0337066650390625 0.0612030029296875
0.0476188659667969 -0.0195732116699219 -0.0486640930175781 0.0651702880859375
0.0533561706542969 -0.00965499877929687 -0.0668716430664063 0.0443801879882813
0.0512123107910156 0.0207977294921875 -0.0719833374023438 0.0164108276367187
0.0325469970703125 0.0457649230957031 -0.0502090454101562 -0.0154380798339844
-0.0271720886230469 0.0552902221679688 -0.018035888671875 -0.0218982696533203
-0.0663909912109375 0.0283126831054688 -0.0245628356933594 0.0332126617431641
-0.0702781677246094 -0.014251708984375 -0.109855651855469 0.041229248046875
0.0197868347167969 0.0449028015136719 0.112190246582031 -0.04296875
0.0437698364257813 0.001373291015625 0.0362930297851563 -0.0235939025878906
0.0168361663818359 -0.0271129608154297 0.0216102600097656 0.0238208770751953
-0.00868415832519531 -0.0258560180664063 0.0658683776855469 0.0251007080078125
-0.0222988128662109 -0.0135135650634766 0.0871963500976562 -0.0186691284179688
-0.0282421112060547 0.00356483459472657 0.0787124633789063 -0.065643310546875
-0.0213890075683594 0.000423431396484372 0.0525894165039062 -0.0853652954101563
-0.0183181762695312 -0.00533485412597657 0.0363235473632812 -0.0746688842773437
-0.02239990234375 -0.00881004333496093 0.0347175598144531 -0.0589790344238281
-0.0108242034912109 -0.0246658325195313 0.0350227355957031 -0.0423126220703125
0.0132045745849609 -0.0302467346191406 0.0216407775878906 -0.0270137786865234
0.0345344543457031 -0.0117454528808594 0.0164451599121094 -0.035552978515625
0.0407829284667969 0.0268669128417969 0.0306282043457031 -0.0662422180175781
0.0261039733886719 0.0568008422851562 0.0663909912109375 -0.0903778076171875
-0.000827789306640632 0.0658493041992188 0.088043212890625 -0.0736923217773438
-0.0254669189453125 0.072052001953125 0.114143371582031 -0.02020263671875
0.0187759399414062 0.0436744689941406 0.04144287109375 -0.00719070434570312
0.0157146453857422 0.0157032012939453 0.0269107818603516 0.0333919525146484
0.0158729553222656 0.00301361083984375 0.073455810546875 0.0325469970703125
0.0112075805664063 -0.00525665283203125 0.0924530029296875 -0.0128860473632813
0.00534629821777344 -0.0106105804443359 0.0837173461914063 -0.0630874633789063
0.00483131408691406 -0.02435302734375 0.0564727783203125 -0.08367919921875
0.00775909423828125 -0.0271110534667969 0.0377655029296875 -0.0725784301757813
0.0077972412109375 -0.0317668914794922 0.0349998474121094 -0.0538291931152344
0.0256595611572266 -0.0333232879638672 0.03607177734375 -0.0379753112792969
0.0468482971191406 -0.0168075561523438 0.0178718566894531 -0.0212764739990234
0.0548248291015625 0.01654052734375 0.0104312896728516 -0.0281448364257813
0.0302276611328125 0.0653495788574219 0.0183906555175781 -0.0581512451171875
-0.00546264648437501 0.0923919677734375 0.053253173828125 -0.0750656127929687
-0.0409698486328125 0.0899658203125 0.0749359130859375 -0.0513153076171875
-0.0709762573242188 0.088409423828125 0.100105285644531 0.0101165771484375
-0.0151748657226563 0.0821685791015625 0.0368003845214844 0.0182418823242188
0.0082855224609375 0.0616798400878906 0.0279121398925781 0.0475502014160156
0.0385971069335938 0.0380973815917969 0.07464599609375 0.0429916381835937
0.0458755493164063 0.00813674926757813 0.0901641845703125 -0.00262451171875
0.0405693054199219 -0.0219612121582031 0.0805740356445313 -0.0518569946289063
0.0313606262207031 -0.0453948974609375 0.0550308227539062 -0.0706863403320312
0.0325736999511719 -0.0452041625976563 0.0340614318847656 -0.0579795837402344
0.0361404418945313 -0.0503501892089844 0.0292129516601563 -0.0395774841308594
0.0556449890136719 -0.0415725708007813 0.0279731750488281 -0.0269336700439453
0.0742416381835938 -0.007415771484375 0.00723457336425782 -0.0136489868164063
0.0727005004882813 0.0364913940429688 0.00113677978515626 -0.0217456817626953
0.02435302734375 0.0922012329101563 0.00609588623046875 -0.0484962463378906
-0.0276336669921875 0.116531372070313 0.0383110046386719 -0.0535850524902344
-0.0719985961914063 0.103652954101563 0.0519447326660156 -0.0242729187011719
-0.107551574707031 0.0879135131835938 0.0698127746582031 0.0439071655273438
-0.0518722534179687 0.104904174804688 0.0209732055664063 0.0487709045410156
-0.00690460205078126 0.100296020507813 0.0218963623046875 0.0630302429199219
0.0524826049804688 0.072509765625 0.06640625 0.0539817810058594
0.07391357421875 0.0245132446289063 0.0768356323242187 0.010589599609375
0.0713729858398438 -0.0268402099609375 0.0673942565917969 -0.0336570739746094
0.0540122985839844 -0.0589332580566406 0.045440673828125 -0.0473213195800781
0.0526771545410156 -0.0562477111816406 0.0254039764404297 -0.0349025726318359
0.0579757690429688 -0.0634117126464844 0.0172157287597656 -0.0177383422851563
0.0767059326171875 -0.04681396484375 0.013275146484375 -0.0109491348266602
0.0920562744140625 -0.0008087158203125 -0.00708675384521484 -0.00362062454223633
0.0836563110351563 0.0479965209960938 -0.00980281829833984 -0.0155735015869141
0.0189361572265625 0.106704711914063 -0.00207901000976562 -0.0383758544921875
-0.0431671142578125 0.1259765625 0.0268001556396484 -0.0283184051513672
-0.0916213989257813 0.104576110839844 0.0213985443115234 0.00397109985351563
-0.125862121582031 0.0699920654296875 0.0265121459960937 0.0732955932617188
-0.081451416015625 0.104179382324219 -0.00548553466796875 0.0774993896484375
-0.0277252197265625 0.117790222167969 0.0097503662109375 0.0758819580078125
0.0491943359375 0.0971145629882813 0.0483970642089844 0.0614776611328125
0.085418701171875 0.041015625 0.0539970397949219 0.0226783752441406
0.0909271240234375 -0.0238494873046875 0.0448112487792969 -0.0117607116699219
0.0690994262695313 -0.0619735717773438 0.0290431976318359 -0.0179576873779297
0.0641212463378906 -0.0590972900390625 0.0125579833984375 -0.00658893585205078
0.0709457397460938 -0.0666275024414063 0.00170040130615235 0.00837421417236328
0.087005615234375 -0.0467605590820313 -0.0060896873474121 0.00811147689819336
0.0982818603515625 0.00562286376953125 -0.0240097045898437 0.00621604919433593
0.0838241577148438 0.0555038452148438 -0.0200881958007812 -0.0113410949707031
0.00871276855468751 0.109329223632813 -0.00628471374511719 -0.0298042297363281
-0.0569381713867188 0.119735717773438 0.0176887512207031 -0.00216293334960937
-0.102500915527344 0.09002685546875 -0.0125846862792969 0.0298042297363281
-0.119888305664063 0.038116455078125 -0.0186843872070313 0.0925674438476563
-0.0937881469726563 0.078338623046875 -0.0350112915039063 0.09674072265625
-0.0473709106445312 0.105888366699219 -0.005126953125 0.0806961059570313
0.0317611694335938 0.101310729980469 0.0249404907226563 0.0611381530761719
0.0780181884765625 0.0508041381835938 0.0258255004882813 0.0300426483154297
0.0929794311523438 -0.0147476196289063 0.0179405212402344 0.00945854187011718
0.0725631713867188 -0.0544815063476563 0.00905895233154297 0.01177978515625
0.0656585693359375 -0.0529975891113281 -0.00224876403808593 0.0226287841796875
0.0731658935546875 -0.0604248046875 -0.0150890350341797 0.0338172912597656
0.0867843627929688 -0.04022216796875 -0.0266780853271484 0.0261154174804687
0.0936813354492188 0.0118865966796875 -0.0414352416992188 0.0145835876464844
0.0743026733398438 0.058258056640625 -0.0311031341552734 -0.00968933105468749
-0.00377655029296876 0.101837158203125 -0.00927352905273437 -0.0234737396240234
-0.0674057006835938 0.0999526977539063 0.00715255737304687 0.0183563232421875
-0.103843688964844 0.0631179809570313 -0.0475730895996094 0.0478782653808594
-0.0907363891601563 -0.00075531005859376 -0.0574493408203125 0.0994873046875
-0.0838088989257813 0.036163330078125 -0.0587158203125 0.103378295898437
-0.0550003051757812 0.0693321228027344 -0.0161590576171875 0.0779571533203125
0.0075836181640625 0.0825576782226563 0.00440216064453126 0.0547599792480469
0.053955078125 0.0493202209472656 0.000406265258789065 0.0305652618408203
0.0765228271484375 -0.00301361083984375 -0.00741577148437499 0.0252056121826172
0.0635147094726563 -0.0374832153320312 -0.0109710693359375 0.0369758605957031
0.0574150085449219 -0.0388526916503906 -0.016754150390625 0.0479888916015625
0.0648231506347656 -0.0457725524902344 -0.0308570861816406 0.0559577941894531
0.075408935546875 -0.0293502807617188 -0.0473594665527344 0.0415458679199219
0.078338623046875 0.0160598754882813 -0.0587310791015625 0.020111083984375
0.0578651428222656 0.0548248291015625 -0.0424461364746094 -0.0101280212402344
-0.0158767700195312 0.0850906372070313 -0.0137748718261719 -0.0210208892822266
-0.0715484619140625 0.0708465576171875 -0.00592613220214844 0.0314617156982422
-0.0947494506835938 0.0289306640625 -0.0817642211914063 0.0551376342773437
-0.0468254089355469 -0.0397377014160156 -0.078857421875 0.0936431884765625
-0.0576972961425781 -0.0111236572265625 -0.0684432983398437 0.0989227294921875
-0.0507545471191406 0.0208625793457031 -0.0197257995605469 0.069915771484375
-0.0157814025878906 0.0477447509765625 -0.00832748413085938 0.0452346801757813
0.021728515625 0.0379714965820312 -0.0160179138183594 0.0276107788085938
0.0471954345703125 0.008453369140625 -0.0259761810302734 0.0348720550537109
0.0438995361328125 -0.0159416198730469 -0.0266532897949219 0.0544929504394531
0.0402412414550781 -0.0191078186035156 -0.0285186767578125 0.0659523010253906
0.047027587890625 -0.0253524780273438 -0.0446014404296875 0.071807861328125
0.05364990234375 -0.0154533386230469 -0.065704345703125 0.052337646484375
0.0550270080566406 0.0162010192871094 -0.0738677978515625 0.02313232421875
0.0374908447265625 0.0441131591796875 -0.0536346435546875 -0.0123481750488281
-0.02313232421875 0.0597724914550781 -0.0204830169677734 -0.0216636657714844
-0.0652236938476562 0.0352249145507812 -0.0218544006347656 0.0355377197265625
-0.0724716186523438 -0.00844573974609374 -0.110359191894531 0.0509567260742188
0.0224189758300781 0.0436477661132813 0.110198974609375 -0.0509185791015625
0.0430488586425781 -0.00113296508789063 0.03436279296875 -0.0255966186523438
0.0149135589599609 -0.0278377532958984 0.0231761932373047 0.0234203338623047
-0.0108547210693359 -0.0254783630371094 0.06805419921875 0.0213279724121094
-0.0235099792480469 -0.0109500885009766 0.0860061645507813 -0.0250930786132813
-0.0273075103759766 0.00646018981933594 0.0735397338867188 -0.0723114013671875
-0.0208625793457031 0.00286102294921875 0.0454788208007813 -0.0894317626953125
-0.0188770294189453 -0.00356483459472656 0.02972412109375 -0.077789306640625
-0.0229625701904297 -0.00688362121582031 0.0285873413085937 -0.0628929138183594
-0.0127067565917969 -0.0229091644287109 0.0309181213378906 -0.04718017578125
0.0105743408203125 -0.0307292938232422 0.0201873779296875 -0.0310840606689453
0.0335464477539063 -0.0143871307373047 0.0152473449707031 -0.0380592346191406
0.0429534912109375 0.0231590270996094 0.027587890625 -0.0682029724121094
0.0304412841796875 0.0548133850097656 0.0608978271484375 -0.0957107543945313
0.00383377075195312 0.0654220581054688 0.0843734741210938 -0.0826644897460938
-0.0209503173828125 0.0746612548828125 0.114021301269531 -0.0284652709960937
0.0218544006347656 0.0433273315429688 0.0400848388671875 -0.00987625122070312
0.0175180435180664 0.015894889831543 0.0282516479492187 0.0325641632080078
0.0166692733764648 0.00194263458251953 0.07574462890625 0.0283889770507813
0.0110950469970703 -0.00526142120361328 0.091827392578125 -0.0190963745117188
0.00531101226806641 -0.0108976364135742 0.0789718627929687 -0.0696182250976563
0.0030517578125 -0.0248146057128906 0.0500411987304687 -0.0884552001953125
0.00513267517089844 -0.0276985168457031 0.030914306640625 -0.0752639770507813
0.00559425354003906 -0.0326976776123047 0.0292778015136719 -0.0581130981445313
0.0229682922363281 -0.0354843139648438 0.0319023132324219 -0.0428543090820313
0.04559326171875 -0.0199241638183594 0.0167427062988281 -0.0252628326416016
0.0566864013671875 0.0127754211425781 0.0102767944335938 -0.0305862426757813
0.0350418090820313 0.0637092590332031 0.0153923034667969 -0.0592460632324219
0.00118255615234376 0.09375 0.0487060546875 -0.0800018310546875
-0.0355072021484375 0.0934066772460938 0.0729751586914063 -0.0594711303710937
-0.0657119750976562 0.0948715209960938 0.101287841796875 0.00325012207031251
-0.00925445556640625 0.0842437744140625 0.03656005859375 0.0156784057617188
0.0139541625976562 0.0635528564453125 0.0297126770019531 0.0464096069335938
0.0426254272460938 0.0359992980957031 0.0775070190429687 0.0386276245117187
0.0473289489746094 0.00444793701171875 0.0898284912109375 -0.00833892822265625
0.0399208068847656 -0.0252113342285156 0.0767669677734375 -0.0578460693359375
0.0276412963867188 -0.0484695434570312 0.0488357543945313 -0.0750732421875
0.0282402038574219 -0.0485610961914063 0.0283355712890625 -0.061126708984375
0.0322456359863281 -0.0551300048828125 0.0241508483886719 -0.0427284240722656
0.0525016784667969 -0.0468215942382813 0.0241012573242188 -0.0314426422119141
0.0743789672851563 -0.0135726928710938 0.00583076477050782 -0.0164985656738281
0.0765304565429687 0.0310821533203125 0.000291824340820315 -0.0235061645507812
0.0318069458007813 0.0917205810546875 0.00370407104492188 -0.0496101379394531
-0.0194473266601563 0.120468139648438 0.0352935791015625 -0.0576820373535156
-0.0651702880859375 0.109886169433594 0.0510482788085938 -0.0309028625488281
-0.102088928222656 0.0982208251953125 0.0729904174804688 0.0389785766601563
-0.0438308715820313 0.110275268554688 0.0226364135742187 0.0468063354492188
0.00160217285156249 0.104049682617188 0.0244941711425781 0.0622024536132813
0.0589752197265625 0.0695533752441406 0.0691719055175781 0.0505027770996094
0.076568603515625 0.0182952880859375 0.0774383544921875 0.00623321533203125
0.0703277587890625 -0.0328369140625 0.0651397705078125 -0.0378875732421875
0.0494613647460938 -0.0640068054199219 0.041412353515625 -0.0509529113769531
0.0473060607910156 -0.0616989135742188 0.0213851928710938 -0.0376853942871094
0.0531158447265625 -0.0696144104003906 0.0143947601318359 -0.0195598602294922
0.0728759765625 -0.0542831420898438 0.0104494094848633 -0.0140933990478516
0.09283447265625 -0.008575439453125 -0.00825309753417968 -0.00487375259399414
0.0879440307617188 0.0419769287109375 -0.0104160308837891 -0.0161409378051758
0.0275955200195312 0.106658935546875 -0.0042266845703125 -0.0388259887695312
-0.0337600708007813 0.131462097167969 0.0256118774414062 -0.0311203002929687
-0.0849075317382812 0.112022399902344 0.0224609375 -0.000564575195312493
-0.121246337890625 0.0820083618164063 0.0315322875976562 0.0719985961914063
-0.074127197265625 0.11187744140625 -0.00183868408203125 0.0774917602539062
-0.0185623168945313 0.122787475585938 0.0128402709960938 0.075408935546875
0.05853271484375 0.0945053100585938 0.0509300231933594 0.0588874816894531
0.0897140502929688 0.03375244140625 0.0552864074707031 0.0200958251953125
0.0898590087890625 -0.0318374633789062 0.0447425842285156 -0.0137100219726563
0.064178466796875 -0.0687332153320313 0.0276699066162109 -0.0202999114990234
0.0588607788085938 -0.0655364990234375 0.0110988616943359 -0.00755691528320313
0.0652008056640625 -0.0741500854492187 0.00161600112915039 0.00820350646972656
0.0833816528320312 -0.055206298828125 -0.00667619705200195 0.00714111328125
0.100250244140625 -0.00323486328125 -0.0245494842529297 0.00696754455566406
0.0891952514648437 0.0486907958984375 -0.0211944580078125 -0.0111179351806641
0.0183181762695313 0.110511779785156 -0.00809288024902344 -0.029693603515625
-0.04736328125 0.126594543457031 0.0178432464599609 -0.00456047058105468
-0.0968780517578125 0.099090576171875 -0.00956535339355469 0.0283756256103516
-0.118148803710938 0.04913330078125 -0.01312255859375 0.0954742431640625
-0.0882568359375 0.0869064331054688 -0.0301437377929687 0.0988388061523438
-0.0391921997070313 0.112632751464844 -0.00184631347656251 0.0808639526367187
0.0412750244140625 0.0998611450195313 0.0273590087890625 0.0609512329101563
0.0830001831054687 0.0444412231445312 0.0274658203125 0.0298385620117188
0.0921707153320313 -0.0228729248046875 0.0194664001464844 0.00984573364257812
0.0677719116210938 -0.0608634948730469 0.0100994110107422 0.0111923217773437
0.0611763000488281 -0.0590858459472656 -0.00142478942871093 0.0224437713623047
0.0680465698242188 -0.0682563781738281 -0.0131378173828125 0.0354576110839844
0.0833740234375 -0.048736572265625 -0.0260639190673828 0.0274181365966797
0.0956802368164063 0.003448486328125 -0.0414505004882812 0.0169181823730469
0.0802154541015625 0.0523223876953125 -0.0323715209960937 -0.00790977478027343
0.00479888916015625 0.103790283203125 -0.0113296508789063 -0.0234355926513672
-0.05950927734375 0.10748291015625 0.00897598266601562 0.0171041488647461
-0.0994644165039063 0.07208251953125 -0.0442390441894531 0.0498237609863281
-0.09149169921875 0.00773620605468748 -0.0519332885742188 0.105445861816406
-0.0813522338867188 0.0435638427734375 -0.0528335571289063 0.107101440429687
-0.049560546875 0.0758209228515625 -0.0128250122070313 0.078521728515625
0.015228271484375 0.0825347900390625 0.0065155029296875 0.0557174682617188
0.0586395263671875 0.0450706481933594 0.00248146057128907 0.0326995849609375
0.0764236450195313 -0.00954437255859375 -0.00505638122558593 0.0278816223144531
0.0598602294921875 -0.0435829162597656 -0.00780487060546874 0.038330078125
0.0534400939941406 -0.0441856384277344 -0.0130500793457031 0.0490608215332031
0.0605850219726563 -0.0521430969238281 -0.0268325805664062 0.05889892578125
0.072723388671875 -0.036376953125 -0.044952392578125 0.0450057983398438
0.0804290771484375 0.008270263671875 -0.0581169128417969 0.0246810913085938
0.0631217956542969 0.0505180358886719 -0.0441474914550781 -0.00790786743164061
-0.00923156738281251 0.0879058837890625 -0.0154857635498047 -0.0205020904541016
-0.0658035278320313 0.0777130126953125 -0.00337791442871094 0.0312900543212891
-0.091766357421875 0.0365753173828125 -0.0780868530273438 0.060791015625
-0.0499076843261719 -0.0350303649902344 -0.0740203857421875 0.101631164550781
-0.0588798522949219 -0.00552749633789064 -0.0629348754882812 0.103836059570313
-0.0486602783203125 0.0261688232421875 -0.0166397094726563 0.0706863403320313
-0.0108871459960938 0.0497245788574219 -0.00717544555664063 0.0467453002929688
0.0252876281738281 0.0362510681152344 -0.0140647888183594 0.0309257507324219
0.0478401184082031 0.00394058227539063 -0.0224723815917969 0.038818359375
0.0424079895019531 -0.0200271606445313 -0.0212821960449219 0.0573310852050781
0.0381584167480469 -0.0232467651367188 -0.022369384765625 0.0682182312011719
0.0446128845214844 -0.0302047729492188 -0.0391464233398438 0.076324462890625
0.0523757934570312 -0.0204391479492188 -0.0619735717773438 0.0576400756835937
0.0566902160644531 0.0116348266601563 -0.072967529296875 0.028656005859375
0.041412353515625 0.0408134460449219 -0.055328369140625 -0.00883865356445311
-0.0183525085449219 0.0623245239257812 -0.0218791961669922 -0.0210723876953125
-0.0620994567871094 0.0407295227050781 -0.0186233520507813 0.0360298156738281
-0.0720291137695313 -0.00311279296875002 -0.107322692871094 0.0587387084960938
0.0236854553222656 0.0426750183105469 0.108474731445313 -0.0560379028320313
0.0429916381835938 -0.0024871826171875 0.0324630737304688 -0.0260543823242188
0.0138759613037109 -0.0283164978027344 0.0234737396240234 0.0231971740722656
-0.0116138458251953 -0.0248088836669922 0.0688133239746094 0.0193214416503906
-0.0236663818359375 -0.00898170471191406 0.0840911865234375 -0.0281982421875
-0.0258235931396484 0.00837326049804688 0.0689620971679688 -0.0753097534179688
-0.0204734802246094 0.00415420532226563 0.04010009765625 -0.0918807983398438
-0.0189456939697266 -0.00242996215820313 0.02471923828125 -0.0788803100585938
-0.0226173400878906 -0.00546836853027344 0.0242767333984375 -0.0649185180664063
-0.0137367248535156 -0.0218658447265625 0.0268058776855469 -0.0497970581054688
0.00806427001953125 -0.0301494598388672 0.0189800262451172 -0.0338573455810547
0.0321044921875 -0.0160350799560547 0.0152244567871094 -0.0397720336914063
0.0435028076171875 0.0213623046875 0.0261039733886719 -0.0682640075683594
0.032196044921875 0.0529594421386719 0.0573196411132812 -0.0981597900390625
0.00596237182617188 0.064544677734375 0.0815582275390625 -0.088104248046875
-0.017822265625 0.0759429931640625 0.113082885742187 -0.03289794921875
0.0238494873046875 0.0429649353027344 0.0379524230957031 -0.0109939575195312
0.0186519622802734 0.0156307220458984 0.0289974212646484 0.0319652557373047
0.017512321472168 0.00158119201660156 0.0766067504882813 0.0262985229492188
0.0113859176635742 -0.00569915771484375 0.0899200439453125 -0.0228042602539063
0.00536537170410156 -0.0111417770385742 0.074554443359375 -0.0728836059570313
0.001739501953125 -0.0250949859619141 0.0445022583007813 -0.0906524658203125
0.00329780578613282 -0.0278091430664063 0.0256576538085937 -0.0763397216796875
0.00400352478027344 -0.0332126617431641 0.0249519348144531 -0.0602493286132812
0.0210914611816406 -0.0364990234375 0.0275535583496094 -0.0458526611328125
0.0441970825195313 -0.0222854614257813 0.0148468017578125 -0.0281524658203125
0.0571136474609375 0.0100860595703125 0.00987815856933594 -0.0322170257568359
0.0380516052246094 0.0622901916503906 0.0141677856445313 -0.0597801208496094
0.0049591064453125 0.0939102172851563 0.0450973510742188 -0.081787109375
-0.0317306518554688 0.0944747924804687 0.0714263916015625 -0.065582275390625
-0.0616226196289063 0.0984115600585937 0.10198974609375 -0.000434875488281244
-0.00550079345703125 0.0851364135742188 0.0360031127929687 0.0143318176269531
0.0179061889648437 0.0635528564453125 0.0301475524902344 0.0460128784179688
0.0451545715332031 0.033905029296875 0.0778884887695312 0.0364303588867187
0.047515869140625 0.00201416015625 0.088592529296875 -0.011810302734375
0.0392608642578125 -0.0278587341308594 0.0737457275390625 -0.0609054565429688
0.0248908996582031 -0.0498847961425781 0.0441131591796875 -0.0775299072265625
0.0250663757324219 -0.0499153137207031 0.0237808227539063 -0.0620880126953125
0.0285682678222656 -0.0567398071289063 0.0204429626464844 -0.0439453125
0.0495796203613281 -0.0497817993164063 0.0202579498291016 -0.0341510772705078
0.0739898681640625 -0.0177383422851563 0.00477981567382813 -0.0186767578125
0.0781021118164063 0.0275039672851563 -6.48498535156227E-05 -0.0244884490966797
0.0364837646484375 0.0908584594726563 0.00272369384765625 -0.0500106811523438
-0.0130386352539062 0.121910095214844 0.0328826904296875 -0.0593452453613281
-0.0606155395507813 0.112777709960937 0.0501251220703125 -0.0362625122070312
-0.0973358154296875 0.103912353515625 0.0742034912109375 0.0359954833984375
-0.0382919311523438 0.112876892089844 0.022674560546875 0.0458145141601563
0.0074920654296875 0.104904174804688 0.0248603820800781 0.0609664916992188
0.063018798828125 0.0669021606445313 0.0696830749511719 0.048370361328125
0.0772171020507813 0.0142288208007813 0.0767135620117187 0.00397491455078125
0.0683670043945313 -0.0368270874023438 0.0632400512695313 -0.0397148132324219
0.0455169677734375 -0.0671424865722656 0.0384597778320313 -0.0529251098632813
0.0430908203125 -0.0643424987792969 0.018310546875 -0.0384788513183594
0.0482711791992187 -0.073028564453125 0.0121059417724609 -0.0206012725830078
0.0697135925292969 -0.0588226318359375 0.00805091857910157 -0.0158395767211914
0.0927581787109375 -0.01434326171875 -0.00889110565185546 -0.00660991668701172
0.0907821655273438 0.0373382568359375 -0.0109443664550781 -0.0171585083007812
0.0340347290039062 0.106231689453125 -0.00551605224609375 -0.0390434265136719
-0.0264816284179688 0.134635925292969 0.0238170623779297 -0.0329933166503906
-0.0798797607421875 0.116325378417969 0.0229454040527344 -0.00487136840820312
-0.117347717285156 0.0885543823242188 0.0341262817382812 0.0709915161132813
-0.0680999755859375 0.116043090820312 -0.000114440917968751 0.076507568359375
-0.0114364624023437 0.125114440917969 0.0139694213867187 0.0743942260742188
0.0639572143554687 0.0916824340820312 0.05157470703125 0.0576896667480469
0.0914077758789062 0.02862548828125 0.0554580688476563 0.0191154479980469
0.0878829956054687 -0.037078857421875 0.0445022583007813 -0.01434326171875
0.0591964721679687 -0.072479248046875 0.0262718200683594 -0.0214576721191406
0.0542030334472656 -0.0690116882324219 0.00940227508544922 -0.00841903686523438
0.0603866577148438 -0.0785980224609375 0.00122880935668946 0.00781822204589843
0.0802154541015625 -0.0602874755859375 -0.00799179077148437 0.00603961944580078
0.100006103515625 -0.00927734375 -0.0247116088867187 0.00695228576660157
0.0922317504882813 0.0439453125 -0.0218563079833984 -0.0111045837402344
0.02496337890625 0.110633850097656 -0.00931358337402344 -0.0296230316162109
-0.040069580078125 0.130470275878906 0.0180339813232422 -0.00658035278320312
-0.0917129516601563 0.103622436523437 -0.00823211669921876 0.0263767242431641
-0.115547180175781 0.0561065673828125 -0.0102386474609375 0.0961761474609375
-0.0836105346679687 0.091278076171875 -0.0270156860351563 0.0990371704101563
-0.0322952270507813 0.115577697753906 -0.000633239746093749 0.0797271728515625
0.0467605590820313 0.0982513427734375 0.027862548828125 0.0604324340820313
0.0851287841796875 0.0393600463867187 0.0284309387207031 0.0299701690673828
0.0906753540039063 -0.0284500122070313 0.0208473205566406 0.0103111267089844
0.0634269714355469 -0.0649642944335938 0.0106573104858398 0.0107421875
0.0565948486328125 -0.0629692077636719 -0.000562667846679684 0.0222988128662109
0.0634307861328125 -0.0723724365234375 -0.0113143920898437 0.0358695983886719
0.0800094604492188 -0.054351806640625 -0.0254364013671875 0.027740478515625
0.09619140625 -0.0028076171875 -0.041046142578125 0.0181083679199219
0.0831146240234375 0.0476760864257813 -0.0327644348144531 -0.0070209503173828
0.0105667114257812 0.104476928710938 -0.0121536254882812 -0.0233592987060547
-0.0530929565429687 0.111373901367188 0.00979042053222656 0.0152645111083984
-0.0955429077148438 0.0769729614257812 -0.0419082641601563 0.0491218566894531
-0.0908737182617188 0.0128631591796875 -0.0481338500976563 0.108436584472656
-0.0786361694335938 0.04833984375 -0.0494842529296875 0.108345031738281
-0.04510498046875 0.0795364379882813 -0.0117645263671875 0.0779571533203125
0.0198974609375 0.082489013671875 0.0069122314453125 0.0560836791992188
0.0609664916992188 0.0412063598632813 0.00349044799804688 0.0340137481689453
0.0757369995117188 -0.0141830444335937 -0.00254440307617187 0.0290775299072266
0.0565528869628906 -0.0473213195800781 -0.0051727294921875 0.0387344360351562
0.0506553649902344 -0.0474205017089844 -0.0107994079589844 0.0488395690917969
0.0569572448730469 -0.0561180114746094 -0.0235404968261719 0.0604629516601563
0.0703125 -0.0408859252929688 -0.042999267578125 0.0468521118164063
0.0811080932617187 0.00353240966796875 -0.0571823120117187 0.0268516540527344
0.0659637451171875 0.0464324951171875 -0.0444564819335937 -0.00598526000976562
-0.00449371337890624 0.0888137817382813 -0.0162715911865234 -0.0203933715820312
-0.0609588623046875 0.0818023681640625 -0.00147247314453125 0.0308570861816406
-0.0892410278320313 0.0408782958984375 -0.0752716064453125 0.0626296997070312
-0.0515251159667969 -0.0316734313964844 -0.0700836181640625 0.106185913085938
-0.0588874816894531 -0.00223541259765626 -0.059661865234375 0.105865478515625
-0.0465126037597656 0.0295257568359375 -0.0154495239257813 0.0706710815429687
-0.00748062133789063 0.0507316589355469 -0.00694656372070313 0.0479278564453125
0.0271415710449219 0.0340290069580078 -0.01300048828125 0.0334682464599609
0.0477523803710938 0.00102996826171875 -0.01898193359375 0.0412712097167969
0.0404930114746094 -0.0228805541992188 -0.0172920227050781 0.0581779479980469
0.0365715026855469 -0.0255088806152344 -0.0188446044921875 0.0685615539550781
0.0418663024902344 -0.0326271057128906 -0.0343093872070313 0.0779495239257813
0.0507049560546875 -0.0238418579101563 -0.0591583251953125 0.0605506896972656
0.0571174621582031 0.00800323486328125 -0.071685791015625 0.0320358276367187
0.0431900024414063 0.038421630859375 -0.0557746887207031 -0.00666809082031249
-0.0153236389160156 0.0629806518554688 -0.0223197937011719 -0.0209083557128906
-0.0595245361328125 0.0444679260253906 -0.0159759521484375 0.0360336303710938
-0.0705947875976563 0.000114440917968742 -0.104446411132813 0.0626373291015625
0.0252342224121094 0.0424156188964844 0.109535217285156 -0.0586700439453125
0.0430450439453125 -0.00312423706054688 0.0318107604980469 -0.0268688201904297
0.0129127502441406 -0.0286369323730469 0.0239791870117188 0.0243263244628906
-0.0127162933349609 -0.0243911743164063 0.0698661804199219 0.0189590454101563
-0.0236358642578125 -0.00813102722167968 0.08392333984375 -0.0303802490234375
-0.0247859954833984 0.00935745239257813 0.066802978515625 -0.077880859375
-0.0201091766357422 0.0050201416015625 0.037200927734375 -0.0938949584960938
-0.0195331573486328 -0.00170516967773438 0.0214920043945312 -0.080596923828125
-0.0229415893554688 -0.00487518310546875 0.0209999084472656 -0.0664253234863281
-0.0147991180419922 -0.0210685729980469 0.0243949890136719 -0.0520553588867188
0.00684547424316406 -0.0305252075195313 0.0183143615722656 -0.0368995666503906
0.0317802429199219 -0.0167217254638672 0.0160255432128906 -0.0418586730957031
0.0450401306152344 0.0198478698730469 0.0261421203613281 -0.069305419921875
0.0336723327636719 0.0527191162109375 0.0566940307617188 -0.100486755371094
0.00693130493164063 0.0650520324707031 0.0817031860351563 -0.0931015014648438
-0.0166549682617187 0.077972412109375 0.114608764648438 -0.035614013671875
0.0250968933105469 0.043487548828125 0.0380020141601563 -0.0111122131347656
0.0197906494140625 0.015899658203125 0.0288124084472656 0.0333213806152344
0.0179214477539063 0.00110244750976563 0.0777664184570313 0.0254364013671875
0.011897087097168 -0.00598716735839844 0.0900497436523438 -0.0244674682617188
0.00619697570800781 -0.0116100311279297 0.0730514526367188 -0.0754318237304688
0.00128364562988281 -0.0252170562744141 0.0414886474609375 -0.0928421020507812
0.00230026245117188 -0.0286693572998047 0.0228042602539062 -0.0775299072265625
0.00320243835449219 -0.0338611602783203 0.0220413208007813 -0.061492919921875
0.0201339721679687 -0.0377044677734375 0.0247116088867187 -0.0484161376953125
0.0437469482421875 -0.0234375 0.0144100189208984 -0.0307979583740234
0.0579566955566406 0.00876998901367188 0.0107097625732422 -0.0340900421142578
0.040283203125 0.06207275390625 0.0144157409667969 -0.060150146484375
0.00809478759765625 0.0951080322265625 0.0443191528320313 -0.0841827392578125
-0.0305862426757812 0.096710205078125 0.0712356567382813 -0.0698623657226563
-0.0600509643554687 0.102027893066406 0.103485107421875 -0.00302124023437499
-0.0028533935546875 0.0872650146484375 0.0353469848632813 0.0136833190917969
0.0206222534179687 0.064910888671875 0.0299720764160156 0.0465240478515625
0.0469627380371094 0.0329818725585938 0.07879638671875 0.0364303588867187
0.0486335754394531 0.000335693359375 0.0890884399414062 -0.012847900390625
0.0396385192871094 -0.0296211242675781 0.0724258422851563 -0.0629806518554688
0.0234146118164062 -0.0514068603515625 0.0413665771484375 -0.0791473388671875
0.0234031677246094 -0.0518112182617188 0.0207366943359375 -0.0631675720214844
0.0270042419433594 -0.0590972900390625 0.0178947448730469 -0.0456390380859375
0.0486068725585938 -0.0522842407226563 0.0174484252929688 -0.0368309020996094
0.0738906860351563 -0.02020263671875 0.00332832336425781 -0.0212554931640625
0.0802459716796875 0.0252456665039063 0.000253677368164066 -0.0265216827392578
0.0400238037109375 0.0915374755859375 0.00260162353515626 -0.0502510070800781
-0.00937652587890624 0.124969482421875 0.0324630737304688 -0.0613670349121094
-0.0592041015625 0.11602783203125 0.05029296875 -0.0411567687988281
-0.0956192016601563 0.109054565429688 0.076416015625 0.0357131958007813
-0.0356063842773438 0.116355895996094 0.0226211547851562 0.0452766418457031
0.0116119384765625 0.106826782226562 0.0245704650878906 0.0617828369140625
0.0666122436523438 0.0657691955566406 0.0699729919433594 0.048492431640625
0.0785751342773438 0.0118484497070313 0.0774765014648438 0.003143310546875
0.0687446594238281 -0.0402488708496094 0.0633735656738281 -0.0407638549804687
0.0435447692871094 -0.0694770812988281 0.03643798828125 -0.0548858642578125
0.0407295227050781 -0.066680908203125 0.0160865783691406 -0.0393104553222656
0.0456619262695313 -0.0761260986328125 0.0103130340576172 -0.0217761993408203
0.068145751953125 -0.0625801086425781 0.00577735900878907 -0.0179920196533203
0.09344482421875 -0.0182723999023437 -0.0104732513427734 -0.00783920288085938
0.0936965942382812 0.0345230102539063 -0.0111598968505859 -0.0184307098388672
0.0384979248046875 0.107917785644531 -0.00557327270507813 -0.0393714904785156
-0.0220947265625 0.138496398925781 0.0239963531494141 -0.0347709655761719
-0.0782546997070312 0.1204833984375 0.0232791900634766 -0.00784492492675781
-0.116607666015625 0.094329833984375 0.0355453491210938 0.0717697143554688
-0.0653610229492188 0.1199951171875 7.6293945312393E-06 0.0771255493164063
-0.00674438476562499 0.128219604492188 0.0132675170898438 0.0748748779296875
0.0686569213867188 0.0914382934570313 0.0519752502441406 0.0586051940917969
0.093292236328125 0.0261611938476562 0.0561256408691406 0.01971435546875
0.0882720947265625 -0.0409164428710938 0.0451927185058594 -0.0146598815917969
0.0571365356445313 -0.0754547119140625 0.0257530212402344 -0.0224761962890625
0.0518798828125 -0.0720062255859375 0.00891780853271485 -0.00894260406494141
0.0575714111328125 -0.0821609497070313 0.000642776489257816 0.00761079788208007
0.0782623291015625 -0.0651092529296875 -0.00935077667236328 0.00531864166259765
0.101524353027344 -0.01409912109375 -0.0257148742675781 0.00630378723144531
0.0957489013671875 0.0411758422851563 -0.0223407745361328 -0.0112628936767578
0.0295867919921875 0.112480163574219 -0.00944328308105469 -0.03009033203125
-0.035552978515625 0.134620666503906 0.0181159973144531 -0.00806617736816405
-0.0903472900390625 0.10791015625 -0.00809478759765626 0.0238742828369141
-0.11541748046875 0.0610733032226563 -0.00838470458984377 0.099212646484375
-0.0818634033203125 0.0952606201171875 -0.0267105102539063 0.100212097167969
-0.0287246704101562 0.119049072265625 -0.00146484374999999 0.0804977416992188
0.0513687133789063 0.0986251831054688 0.02789306640625 0.061553955078125
0.087188720703125 0.0371246337890625 0.0290641784667969 0.0312385559082031
0.0911331176757813 -0.032012939453125 0.0223274230957031 0.0109920501708984
0.0615730285644531 -0.0682525634765625 0.0111560821533203 0.0108070373535156
0.0545654296875 -0.0657005310058594 -0.000312805175781245 0.0223350524902344
0.0607681274414062 -0.0765609741210938 -0.0107040405273437 0.0366020202636719
0.0789413452148438 -0.0584564208984375 -0.0260906219482422 0.0279731750488281
0.0976638793945313 -0.00691986083984375 -0.0418968200683594 0.0190620422363281
0.0862350463867188 0.0453948974609375 -0.0338859558105469 -0.00681304931640625
0.0151596069335937 0.107109069824219 -0.0126094818115234 -0.0236587524414062
-0.0495986938476562 0.115921020507813 0.0107269287109375 0.0142984390258789
-0.0942459106445312 0.0808486938476563 -0.0408287048339844 0.0493125915527344
-0.091064453125 0.0167083740234375 -0.0466461181640625 0.1123046875
-0.0784759521484375 0.051513671875 -0.049102783203125 0.11065673828125
-0.0432281494140625 0.0833511352539063 -0.0125503540039063 0.0787200927734375
0.0237655639648438 0.0830459594726562 0.00615310668945313 0.0574798583984375
0.0630226135253906 0.0391578674316406 0.00425338745117188 0.0354728698730469
0.0764236450195313 -0.0178146362304688 -0.000806808471679683 0.0311794281005859
0.0553703308105469 -0.0499114990234375 -0.00374984741210937 0.0392684936523438
0.0486564636230469 -0.0499382019042969 -0.00908660888671874 0.0500030517578125
0.0548782348632812 -0.0595436096191406 -0.0217552185058594 0.0618515014648437
0.0692138671875 -0.0448570251464844 -0.0430793762207031 0.0477523803710938
0.08245849609375 0.0003814697265625 -0.0578880310058594 0.028839111328125
0.0683860778808594 0.0447845458984375 -0.0456809997558594 -0.00515747070312499
-0.00115966796875001 0.0909576416015625 -0.01708984375 -0.0206527709960937
-0.058380126953125 0.0856094360351563 -0.000295639038085938 0.0300045013427734
-0.0888900756835938 0.0437698364257812 -0.0752029418945313 0.0637359619140625
-0.0529289245605469 -0.0297622680664062 -0.0702133178710938 0.1107177734375
-0.0596084594726563 9.918212890625E-05 -0.0594863891601563 0.108505249023438
-0.0459785461425781 0.0320892333984375 -0.0163497924804687 0.0711212158203125
-0.00515365600585937 0.0518112182617188 -0.00763320922851563 0.0499305725097656
0.0287265777587891 0.0332450866699219 -0.0126113891601562 0.0355644226074219
0.0482521057128906 -0.001190185546875 -0.016998291015625 0.0436553955078125
0.0398178100585938 -0.0245552062988281 -0.0151252746582031 0.0591812133789062
0.0355453491210938 -0.0272598266601563 -0.0168266296386719 0.0694427490234375
0.0408363342285156 -0.0350837707519531 -0.0319595336914063 0.0796279907226563
0.0499534606933594 -0.0261001586914063 -0.058349609375 0.0625190734863281
0.0582427978515625 0.00569915771484375 -0.07135009765625 0.0347671508789062
0.0445823669433594 0.0374221801757813 -0.0572891235351563 -0.005767822265625
-0.01361083984375 0.065032958984375 -0.0230579376220703 -0.0212955474853516
-0.0583152770996094 0.0468406677246094 -0.0150413513183594 0.0359001159667969
-0.070770263671875 0.00127410888671876 -0.104408264160156 0.0654525756835937
0.0264358520507812 0.0436859130859375 0.113494873046875 -0.0635299682617188
0.0448570251464844 -0.0039215087890625 0.0323219299316406 -0.0283069610595703
0.0122394561767578 -0.0300407409667969 0.0243930816650391 0.0255260467529297
-0.0138893127441406 -0.0250759124755859 0.0731201171875 0.01837158203125
-0.0248737335205078 -0.00753974914550782 0.0860824584960938 -0.0322341918945313
-0.0247287750244141 0.00966644287109375 0.0672531127929688 -0.0822906494140625
-0.0203857421875 0.00585746765136719 0.035491943359375 -0.0984268188476562
-0.0204505920410156 -0.00131988525390625 0.0193023681640625 -0.0835647583007813
-0.0238857269287109 -0.00448799133300781 0.0192146301269531 -0.0695571899414063
-0.015472412109375 -0.0212173461914063 0.0227279663085937 -0.0549354553222656
0.00625228881835938 -0.0307750701904297 0.01824951171875 -0.0405387878417969
0.0322246551513672 -0.0183887481689453 0.01751708984375 -0.0456314086914063
0.0463829040527344 0.0194664001464844 0.0274810791015625 -0.0719375610351563
0.0359382629394531 0.0535736083984375 0.057647705078125 -0.10546875
0.00833511352539063 0.0675125122070313 0.0839004516601563 -0.100654602050781
-0.015869140625 0.0821380615234375 0.11859130859375 -0.0399551391601562
0.0269813537597656 0.0456199645996094 0.0385551452636719 -0.011962890625
0.021636962890625 0.0165767669677734 0.0295486450195313 0.0347423553466797
0.0184040069580078 0.00101280212402344 0.0810317993164063 0.0255203247070313
0.0117683410644531 -0.00636577606201172 0.0926132202148437 -0.0262374877929687
0.00661849975585938 -0.0121250152587891 0.0732345581054688 -0.0794219970703125
0.000448226928710937 -0.0261898040771484 0.040130615234375 -0.0974655151367188
0.000751495361328124 -0.0297336578369141 0.02044677734375 -0.0810165405273437
0.001800537109375 -0.0353126525878906 0.0194244384765625 -0.0647048950195313
0.0194473266601563 -0.0396842956542969 0.0226287841796875 -0.0517120361328125
0.0445785522460938 -0.0256919860839844 0.0137138366699219 -0.0341205596923828
0.0607261657714844 0.00785064697265625 0.0115394592285156 -0.0371627807617188
0.0434074401855469 0.063262939453125 0.0152397155761719 -0.0627288818359375
0.0106048583984375 0.0991134643554688 0.0453948974609375 -0.0884475708007813
-0.03021240234375 0.101554870605469 0.0733566284179688 -0.0772247314453125
-0.0601959228515625 0.1082763671875 0.107650756835938 -0.00499725341796874
-0.000717163085937493 0.091461181640625 0.0358772277832031 0.0136680603027344
0.0240440368652344 0.0681076049804688 0.0307960510253906 0.048370361328125
0.0508651733398438 0.0330047607421875 0.0817031860351563 0.0370712280273438
0.0506019592285156 -0.000988006591796875 0.0915374755859375 -0.0140762329101563
0.0404739379882813 -0.032012939453125 0.07366943359375 -0.0663833618164063
0.0223922729492187 -0.0540237426757813 0.0404434204101563 -0.0834197998046875
0.0225067138671875 -0.0542488098144531 0.0189132690429687 -0.0660133361816406
0.025604248046875 -0.0627822875976563 0.0160865783691406 -0.048095703125
0.0485076904296875 -0.0564651489257813 0.0154151916503906 -0.0398330688476563
0.0760879516601563 -0.023406982421875 0.00229263305664063 -0.0236034393310547
0.084625244140625 0.0241317749023438 0.000576019287109377 -0.0287570953369141
0.0446243286132813 0.094757080078125 0.00304412841796876 -0.0523605346679687
-0.00603485107421876 0.130744934082031 0.0326881408691406 -0.0652542114257812
-0.0594024658203125 0.122406005859375 0.0519599914550781 -0.04608154296875
-0.0971832275390625 0.116600036621094 0.080047607421875 0.0357742309570313
-0.033660888671875 0.1221923828125 0.0229911804199219 0.046417236328125
0.0166015625 0.111862182617188 0.0245933532714844 0.0645790100097656
0.0721282958984375 0.0668563842773438 0.0726470947265625 0.0504150390625
0.0824050903320312 0.0099029541015625 0.079925537109375 0.0034637451171875
0.0707244873046875 -0.0440521240234375 0.0650863647460938 -0.0430793762207031
0.0423736572265625 -0.0731048583984375 0.035888671875 -0.0574913024902344
0.039642333984375 -0.071136474609375 0.0150337219238281 -0.041351318359375
0.04412841796875 -0.0814056396484375 0.00935173034667969 -0.0227222442626953
0.0683555603027344 -0.0680618286132813 0.00368118286132813 -0.0199947357177734
0.096466064453125 -0.0221176147460937 -0.0115442276000977 -0.00975513458251953
0.0988693237304688 0.03302001953125 -0.0114784240722656 -0.0202083587646484
0.0440521240234375 0.111770629882812 -0.0054931640625 -0.0410919189453125
-0.018402099609375 0.145233154296875 0.0241661071777344 -0.0377769470214844
-0.0793075561523437 0.12738037109375 0.0237884521484375 -0.0116252899169922
-0.119209289550781 0.101394653320312 0.0385894775390625 0.0748748779296875
-0.064788818359375 0.126800537109375 -0.000129699707031246 0.079742431640625
-0.00267791748046876 0.134529113769531 0.0123748779296875 0.0777511596679688
0.0746078491210938 0.0933685302734375 0.0533065795898438 0.0605735778808594
0.0982589721679688 0.0244674682617188 0.0583648681640625 0.0205879211425781
0.0907211303710938 -0.046051025390625 0.0474662780761719 -0.0153732299804688
0.0564498901367188 -0.0801620483398438 0.0259685516357422 -0.024322509765625
0.0506362915039063 -0.076202392578125 0.008331298828125 -0.0100421905517578
0.05615234375 -0.08837890625 0.000358581542968754 0.00773477554321289
0.0787582397460938 -0.0715103149414063 -0.0112838745117187 0.00460052490234375
0.105812072753906 -0.018310546875 -0.0271816253662109 0.00625228881835937
0.10107421875 0.0393142700195313 -0.022918701171875 -0.0123805999755859
0.0351715087890625 0.116661071777344 -0.00947380065917968 -0.031036376953125
-0.0320281982421875 0.141769409179688 0.0193042755126953 -0.00950241088867187
-0.0910110473632812 0.114585876464844 -0.00793266296386719 0.0228843688964844
-0.118179321289063 0.067596435546875 -0.00733184814453126 0.104324340820312
-0.0822067260742188 0.101570129394531 -0.0267562866210938 0.104408264160156
-0.0257644653320313 0.12542724609375 -0.00236511230468751 0.0836257934570313
0.0573501586914062 0.101036071777344 0.0281982421875 0.0649948120117188
0.0917816162109375 0.0358200073242188 0.0307807922363281 0.0332851409912109
0.0938262939453125 -0.0365982055664063 0.0240364074707031 0.0124053955078125
0.0615386962890625 -0.0731277465820313 0.0125102996826172 0.0113725662231445
0.054443359375 -0.0704498291015625 3.2424926757815E-05 0.0229625701904297
0.0598602294921875 -0.0823822021484375 -0.0100059509277344 0.0381240844726562
0.0789718627929687 -0.0643310546875 -0.0277652740478516 0.0289573669433594
0.101646423339844 -0.011199951171875 -0.0437545776367187 0.0201530456542969
0.0914230346679688 0.044464111328125 -0.0350894927978515 -0.00676536560058593
0.0198287963867188 0.111640930175781 -0.0131301879882812 -0.0247974395751953
-0.0467758178710937 0.122627258300781 0.0119524002075195 0.0134296417236328
-0.0962982177734375 0.0864028930664063 -0.0416336059570312 0.0502395629882813
-0.094207763671875 0.0212783813476563 -0.0475692749023438 0.119010925292969
-0.0805587768554687 0.0559158325195313 -0.0507659912109375 0.115257263183594
-0.0416641235351562 0.0882415771484375 -0.0142135620117188 0.0818328857421875
0.0282135009765625 0.0855941772460938 0.00554275512695312 0.0607414245605469
0.06640625 0.038848876953125 0.00503921508789063 0.0389404296875
0.0788497924804687 -0.0216522216796875 0.00177001953125001 0.0334014892578125
0.0551300048828125 -0.0537071228027344 -0.00238800048828125 0.041015625
0.048675537109375 -0.0537834167480469 -0.00805282592773438 0.0516242980957031
0.0543098449707031 -0.0642051696777344 -0.0207901000976563 0.0639839172363281
0.0698204040527344 -0.0495872497558594 -0.04376220703125 0.0506134033203125
0.0858078002929687 -0.00305938720703125 -0.0596466064453125 0.0311813354492187
0.0723342895507813 0.0444869995117188 -0.0477294921875 -0.00455856323242188
0.00197601318359376 0.0959014892578125 -0.0178413391113281 -0.0217952728271484
-0.0573043823242188 0.090911865234375 0.000612258911132812 0.0296821594238281
-0.0909423828125 0.0472488403320312 -0.076995849609375 0.0664291381835938
-0.0552406311035156 -0.0289039611816406 -0.07171630859375 0.118377685546875
-0.0617790222167969 0.00199127197265624 -0.061065673828125 0.113235473632813
-0.046600341796875 0.0349693298339844 -0.0180587768554688 0.0739822387695313
-0.00291824340820312 0.053985595703125 -0.00866317749023437 0.053070068359375
0.0313053131103516 0.0335731506347656 -0.0121116638183594 0.0391616821289063
0.0496063232421875 -0.0029449462890625 -0.0151252746582031 0.0466766357421875
0.0400238037109375 -0.0270233154296875 -0.0136566162109375 0.0616722106933594
0.0351905822753906 -0.029754638671875 -0.0152206420898437 0.0716934204101563
0.0410499572753906 -0.0380668640136719 -0.0306930541992188 0.0829315185546875
0.0510025024414062 -0.0293960571289062 -0.058868408203125 0.0662765502929688
0.0608291625976562 0.00379180908203125 -0.0739974975585938 0.0378494262695312
0.0471954345703125 0.0373954772949219 -0.05987548828125 -0.00516510009765624
-0.0122528076171875 0.0688705444335938 -0.0241355895996094 -0.0217723846435547
-0.0582695007324219 0.0502471923828125 -0.0140037536621094 0.0364418029785156
-0.072509765625 0.00246429443359377 -0.107269287109375 0.069091796875
0.0296440124511719 0.0456504821777344 0.118400573730469 -0.0728302001953125
0.0474853515625 -0.00566864013671875 0.0334033966064453 -0.0315341949462891
0.0118484497070313 -0.0319938659667969 0.0269317626953125 0.0265560150146484
-0.0164070129394531 -0.0257930755615234 0.077972412109375 0.0175018310546875
-0.0267333984375 -0.00665092468261719 0.0895919799804687 -0.0369720458984375
-0.0254573822021484 0.0110435485839844 0.0667877197265625 -0.088897705078125
-0.0208396911621094 0.006927490234375 0.0325851440429688 -0.105010986328125
-0.0215835571289063 -6.4849853515626E-05 0.0160140991210938 -0.0892333984375
-0.0252342224121094 -0.00341224670410156 0.0155563354492187 -0.0743637084960938
-0.0175361633300781 -0.0209999084472656 0.0203361511230469 -0.0600967407226563
0.00438690185546875 -0.0320625305175781 0.0173187255859375 -0.0454826354980469
0.0327301025390625 -0.0210399627685547 0.018280029296875 -0.0503654479980469
0.0500831604003906 0.0179252624511719 0.0283737182617188 -0.0772476196289063
0.0395927429199219 0.0547370910644531 0.0572662353515625 -0.1136474609375
0.0114059448242188 0.0712203979492188 0.0854263305664063 -0.112091064453125
-0.0137863159179688 0.087615966796875 0.124839782714844 -0.0471267700195312
0.0311050415039063 0.047027587890625 0.0395774841308594 -0.0146446228027344
0.0242023468017578 0.0174484252929688 0.0322036743164063 0.0362663269042969
0.0206069946289063 -0.000104904174804687 0.08624267578125 0.0250091552734375
0.012939453125 -0.00768089294433594 0.0970077514648437 -0.0303802490234375
0.00704574584960938 -0.0141763687133789 0.0739288330078125 -0.086517333984375
-0.00023460388183594 -0.0276699066162109 0.03704833984375 -0.104141235351563
-0.000671386718750001 -0.0311222076416016 0.0172653198242188 -0.0856399536132813
4.57763671875027E-05 -0.0382575988769531 0.0169639587402344 -0.0692138671875
0.0183067321777344 -0.0428657531738281 0.0201377868652344 -0.0567550659179687
0.045623779296875 -0.0293045043945313 0.0126800537109375 -0.0387344360351562
0.0645332336425781 0.00566482543945313 0.0118026733398438 -0.0415115356445312
0.0489501953125 0.0651321411132813 0.0154228210449219 -0.0668601989746094
0.015533447265625 0.10430908203125 0.0449600219726563 -0.0960617065429688
-0.0282211303710937 0.109397888183594 0.0749664306640625 -0.0873565673828125
-0.059051513671875 0.117828369140625 0.114097595214844 -0.00986480712890624
0.00395965576171875 0.0970230102539063 0.0380020141601562 0.0128173828125
0.0298385620117187 0.0713348388671875 0.0326499938964844 0.05126953125
0.0555915832519531 0.0326766967773438 0.0873565673828125 0.0370407104492188
0.0537033081054688 -0.003570556640625 0.096405029296875 -0.0173797607421875
0.0417518615722656 -0.0363235473632813 0.0751953125 -0.0725936889648438
0.0210990905761719 -0.058319091796875 0.03851318359375 -0.0894775390625
0.0203857421875 -0.0583114624023438 0.0159683227539062 -0.0701217651367188
0.0236930847167969 -0.0679283142089844 0.013519287109375 -0.0521965026855469
0.0476760864257813 -0.0626335144042969 0.0122871398925781 -0.0435600280761719
0.0792160034179688 -0.0289230346679688 0.000528335571289065 -0.0267353057861328
0.0907440185546875 0.0212478637695312 0.000642776489257819 -0.0320510864257813
0.05267333984375 0.0983657836914063 0.00249862670898437 -0.0553932189941406
0.000404357910156255 0.139228820800781 0.032440185546875 -0.07073974609375
-0.0582275390625 0.132583618164063 0.053466796875 -0.0538101196289062
-0.0974044799804688 0.128631591796875 0.0863723754882813 0.0351638793945313
-0.02923583984375 0.130790710449219 0.0249176025390625 0.0485572814941406
0.0240478515625 0.118125915527344 0.0264739990234375 0.067779541015625
0.080108642578125 0.0668716430664063 0.0773239135742187 0.0515365600585937
0.0885772705078125 0.00637054443359375 0.0845108032226563 0.00156402587890625
0.0731582641601563 -0.05120849609375 0.0672645568847656 -0.047943115234375
0.0408172607421875 -0.0795822143554687 0.0352935791015625 -0.0622634887695313
0.0377731323242188 -0.076995849609375 0.013031005859375 -0.0439834594726563
0.0415267944335938 -0.0886688232421875 0.00804710388183594 -0.0250129699707031
0.0674591064453125 -0.076171875 0.000719070434570318 -0.0221366882324219
0.101158142089844 -0.0294265747070313 -0.0136480331420898 -0.0108537673950195
0.106330871582031 0.0299224853515625 -0.0117111206054687 -0.0219001770019531
0.0530776977539063 0.116668701171875 -0.00615310668945312 -0.0433311462402344
-0.01141357421875 0.155364990234375 0.0245437622070312 -0.0416259765625
-0.0780487060546875 0.138893127441406 0.0247898101806641 -0.0157737731933594
-0.120864868164063 0.114151000976562 0.0440673828125 0.07904052734375
-0.062347412109375 0.137138366699219 0.00222778320312499 0.0837631225585938
0.004852294921875 0.142776489257812 0.0135955810546875 0.0823135375976563
0.084625244140625 0.0948333740234375 0.0570907592773438 0.0634765625
0.105216979980469 0.0206069946289062 0.0621528625488281 0.0212745666503906
0.0942153930664063 -0.05316162109375 0.0503616333007813 -0.0170364379882813
0.0549468994140625 -0.0876388549804688 0.0264739990234375 -0.0267486572265625
0.04913330078125 -0.0836868286132813 0.00776767730712891 -0.0109472274780274
0.05413818359375 -0.09698486328125 0.000318527221679691 0.0070357322692871
0.078643798828125 -0.0801239013671875 -0.0132255554199219 0.00490379333496093
0.110435485839844 -0.0258331298828125 -0.0293254852294922 0.00668144226074219
0.109848022460938 0.0364837646484375 -0.0246181488037109 -0.0127525329589844
0.0439376831054688 0.122795104980469 -0.0106239318847656 -0.0330791473388672
-0.0256195068359375 0.152542114257813 0.0198631286621094 -0.0122337341308594
-0.0917205810546875 0.12579345703125 -0.00799369812011719 0.0220241546630859
-0.121726989746094 0.0775375366210938 -0.00321197509765626 0.112052917480469
-0.08245849609375 0.111465454101563 -0.0262451171875 0.11090087890625
-0.020050048828125 0.134468078613281 -0.0021514892578125 0.0887222290039063
0.0667953491210938 0.103843688964844 0.0305747985839844 0.0685882568359375
0.0992813110351563 0.0334701538085938 0.0338821411132813 0.0357475280761719
0.0970458984375 -0.0442581176757813 0.0272541046142578 0.0126552581787109
0.0610885620117188 -0.0803756713867188 0.0135908126831055 0.010894775390625
0.05303955078125 -0.077301025390625 0.00114250183105469 0.0236396789550781
0.05792236328125 -0.0904312133789063 -0.00893402099609374 0.0398483276367188
0.0796890258789063 -0.073028564453125 -0.0287570953369141 0.0311851501464844
0.107040405273437 -0.0178985595703125 -0.0455398559570313 0.0226516723632812
0.099517822265625 0.041656494140625 -0.0370597839355469 -0.00624084472656249
0.0275955200195313 0.118064880371094 -0.0138225555419922 -0.0258979797363281
-0.042388916015625 0.132537841796875 0.0129470825195312 0.0129051208496094
-0.0978469848632813 0.0956649780273437 -0.0424385070800781 0.0533218383789063
-0.0989532470703125 0.02752685546875 -0.0459365844726563 0.129638671875
-0.0817794799804687 0.062744140625 -0.0503616333007813 0.124061584472656
-0.0395278930664063 0.0955123901367188 -0.014678955078125 0.0867996215820313
0.0350494384765625 0.0898284912109375 0.00634384155273438 0.0653762817382813
0.0722579956054688 0.0379867553710938 0.00666427612304688 0.0418014526367188
0.0816497802734375 -0.0267791748046875 0.0039520263671875 0.0360450744628906
0.0549697875976563 -0.0597801208496094 0.000434875488281256 0.043182373046875
0.0481681823730469 -0.0593223571777344 -0.00572586059570312 0.0543212890625
0.0538253784179687 -0.0710067749023437 -0.0189247131347656 0.0681419372558594
0.0708999633789063 -0.0564804077148437 -0.04449462890625 0.0550346374511719
0.0911712646484375 -0.00774383544921875 -0.0619621276855469 0.0350494384765625
0.07952880859375 0.043426513671875 -0.0506019592285156 -0.0034027099609375
0.00749206542968751 0.101341247558594 -0.0192623138427734 -0.0228462219238281
-0.055267333984375 0.099273681640625 0.00208854675292968 0.0305080413818359
-0.0933837890625 0.0530319213867187 -0.0792465209960937 0.0723953247070313
-0.0597572326660156 -0.0274620056152344 -0.0717315673828125 0.130302429199219
-0.0647239685058594 0.00521087646484376 -0.061431884765625 0.122673034667969
-0.0468788146972656 0.0395698547363281 -0.0186767578125 0.0786666870117188
0.000671386718749995 0.0573196411132813 -0.008575439453125 0.0583839416503906
0.0344486236572266 0.0337314605712891 -0.0111465454101562 0.0432968139648438
0.0525741577148438 -0.00652313232421875 -0.0132026672363281 0.0508956909179688
0.0407752990722656 -0.0304031372070313 -0.0106430053710937 0.065521240234375
0.0354537963867188 -0.0333786010742188 -0.0122528076171875 0.0761337280273438
0.0411224365234375 -0.0422630310058594 -0.0280075073242187 0.0887603759765625
0.0520591735839844 -0.0335350036621094 -0.0597381591796875 0.0725479125976562
0.0645866394042969 0.000957489013671875 -0.0769500732421875 0.0428848266601563
0.0518798828125 0.0371818542480469 -0.0636253356933594 -0.00265884399414063
-0.0092926025390625 0.07366943359375 -0.0263004302978516 -0.0232315063476563
-0.0586700439453125 0.0557365417480469 -0.0127792358398438 0.0381927490234375
-0.0766677856445313 0.00518798828125 -0.111160278320312 0.0772781372070313
0.0345382690429687 0.0457534790039062 0.120658874511719 -0.0855178833007813
0.04949951171875 -0.00966262817382813 0.032562255859375 -0.0355224609375
0.0105209350585938 -0.0344619750976562 0.0300941467285156 0.0272789001464844
-0.0196456909179687 -0.0257339477539063 0.083770751953125 0.0140762329101562
-0.0282993316650391 -0.00456809997558594 0.091827392578125 -0.044525146484375
-0.0252628326416016 0.0131244659423828 0.0637054443359375 -0.09759521484375
-0.0205669403076172 0.00876808166503906 0.0259246826171875 -0.112884521484375
-0.0228500366210938 0.002044677734375 0.00886535644531249 -0.0947341918945312
-0.0270843505859375 -0.00163078308105469 0.00975799560546876 -0.0792694091796875
-0.0199642181396484 -0.0206851959228516 0.0154533386230469 -0.0648231506347656
0.00193214416503906 -0.0336494445800781 0.0144119262695312 -0.0512351989746094
0.0329627990722656 -0.0244255065917969 0.0171089172363281 -0.056396484375
0.0537261962890625 0.0149765014648438 0.0259246826171875 -0.082763671875
0.0459098815917969 0.0550117492675781 0.053131103515625 -0.123466491699219
0.0169143676757813 0.074432373046875 0.0825653076171875 -0.126480102539063
-0.00790405273437501 0.093994140625 0.129493713378906 -0.0588607788085937
0.0367546081542969 0.0476455688476563 0.0406684875488281 -0.0183525085449219
0.0276012420654297 0.0163593292236328 0.0353050231933594 0.0372581481933594
0.0213203430175781 -0.00180625915527344 0.0924224853515625 0.0214462280273438
0.0135526657104492 -0.00882911682128906 0.0995407104492188 -0.0379180908203125
0.00696659088134766 -0.0164470672607422 0.0716705322265625 -0.0957870483398438
-0.00250244140625 -0.0290393829345703 0.0309677124023437 -0.111618041992188
-0.00346565246582031 -0.0325126647949219 0.010833740234375 -0.0909271240234375
-0.00348663330078125 -0.0398712158203125 0.0111465454101563 -0.0742263793945313
0.0159111022949219 -0.0464134216308594 0.0149459838867188 -0.0618782043457031
0.0457725524902344 -0.0336570739746094 0.00948715209960938 -0.0437583923339844
0.06817626953125 0.000904083251953125 0.0111045837402344 -0.0468559265136719
0.0569419860839844 0.0652351379394531 0.013458251953125 -0.0714797973632813
0.0244522094726562 0.108711242675781 0.0416107177734375 -0.104141235351563
-0.0228424072265625 0.117622375488281 0.0729904174804688 -0.0999603271484375
-0.053466796875 0.129264831542969 0.120689392089844 -0.0184555053710937
0.0115890502929688 0.101722717285156 0.040435791015625 0.0115165710449219
0.0373153686523437 0.0731124877929688 0.0364570617675781 0.052398681640625
0.0618629455566406 0.0299835205078125 0.093658447265625 0.0344467163085938
0.0570411682128906 -0.00780105590820313 0.0998382568359375 -0.0235061645507813
0.0416908264160156 -0.0428619384765625 0.0738449096679688 -0.0810089111328125
0.017578125 -0.0626182556152344 0.033416748046875 -0.0969467163085937
0.0165252685546875 -0.0627212524414062 0.0109329223632812 -0.074798583984375
0.0188369750976562 -0.0735549926757813 0.00953292846679687 -0.0557518005371094
0.0449638366699219 -0.0700187683105469 0.00740432739257813 -0.0477714538574219
0.0810546875 -0.036895751953125 -0.00236320495605468 -0.0301876068115234
0.0976181030273438 0.0155410766601563 -0.000228881835937491 -0.0357627868652344
0.0634613037109375 0.0997467041015625 0.0007476806640625 -0.0588150024414063
0.0114288330078125 0.146621704101563 0.029937744140625 -0.07696533203125
-0.0523834228515625 0.144927978515625 0.0519256591796875 -0.0630035400390625
-0.0930023193359375 0.143112182617188 0.0946578979492188 0.0308685302734375
-0.0203704833984375 0.139884948730469 0.0292854309082031 0.0491867065429688
0.0353622436523438 0.122573852539063 0.0302581787109375 0.070343017578125
0.0905685424804688 0.0644149780273438 0.08428955078125 0.0504302978515625
0.0937042236328125 -0.00084686279296875 0.0895538330078125 -0.00269317626953125
0.0730209350585938 -0.0604400634765625 0.0681304931640625 -0.0544586181640625
0.0363998413085937 -0.08673095703125 0.0323104858398437 -0.0677528381347656
0.0330657958984375 -0.0839614868164062 0.0095367431640625 -0.0472755432128906
0.0362930297851563 -0.0970916748046875 0.00585174560546875 -0.0268592834472656
0.0644302368164063 -0.08642578125 -0.00248146057128906 -0.0239391326904297
0.104713439941406 -0.0397796630859375 -0.0162172317504883 -0.0120534896850586
0.1156005859375 0.0227127075195313 -0.0130538940429687 -0.0236358642578125
0.06597900390625 0.11907958984375 -0.00825119018554687 -0.04595947265625
0.00146484374999999 0.164505004882813 0.0232391357421875 -0.0463638305664062
-0.0723114013671875 0.152572631835938 0.0248966217041016 -0.0210189819335937
-0.118904113769531 0.12994384765625 0.052581787109375 0.0802459716796875
-0.054351806640625 0.149139404296875 0.0066986083984375 0.0881271362304688
0.01690673828125 0.1502685546875 0.01788330078125 0.0866546630859375
0.0967025756835938 0.0929641723632813 0.06341552734375 0.0648994445800781
0.112762451171875 0.0129547119140625 0.0674209594726563 0.01934814453125
0.0944900512695313 -0.0643310546875 0.0528297424316406 -0.0211296081542969
0.0507049560546875 -0.0965347290039062 0.0257568359375 -0.0301876068115234
0.04461669921875 -0.0916595458984375 0.00695323944091797 -0.0121078491210938
0.0482406616210937 -0.106735229492188 0.000435829162597659 0.00751399993896484
0.0753250122070313 -0.09136962890625 -0.0153408050537109 0.0053567886352539
0.114669799804688 -0.0371932983398438 -0.0309295654296875 0.00848579406738281
0.119316101074219 0.0291213989257813 -0.0257472991943359 -0.0126857757568359
0.0575637817382813 0.125785827636719 -0.0124130249023438 -0.0353889465332031
-0.013580322265625 0.162216186523438 0.0206489562988281 -0.0150928497314453
-0.0880279541015625 0.139739990234375 -0.00719451904296875 0.0215625762939453
-0.122283935546875 0.0915451049804688 0.00489807128906251 0.119422912597656
-0.0781173706054687 0.124298095703125 -0.021148681640625 0.118659973144531
-0.0101165771484375 0.143341064453125 0.00152587890624999 0.09442138671875
0.0789871215820313 0.10443115234375 0.0353775024414063 0.071929931640625
0.107276916503906 0.0277252197265625 0.0381355285644531 0.0368576049804688
0.098663330078125 -0.0549774169921875 0.0308723449707031 0.0119457244873047
0.0572586059570313 -0.0894012451171875 0.0156040191650391 0.0100364685058594
0.048797607421875 -0.0855941772460938 0.00256538391113282 0.0242824554443359
0.0533065795898438 -0.100196838378906 -0.00685501098632813 0.04205322265625
0.077301025390625 -0.0837326049804688 -0.0289707183837891 0.0343456268310547
0.111312866210937 -0.0282821655273437 -0.0466804504394531 0.0271415710449219
0.108932495117188 0.0360107421875 -0.0390586853027344 -0.00441741943359374
0.03948974609375 0.122146606445313 -0.0161094665527344 -0.0272979736328125
-0.0330657958984375 0.142913818359375 0.0151605606079102 0.0112104415893555
-0.0966339111328125 0.108146667480469 -0.0417633056640625 0.0575981140136719
-0.101882934570313 0.0365753173828125 -0.03924560546875 0.1416015625
-0.0811996459960938 0.0732345581054688 -0.0455322265625 0.133903503417969
-0.0338211059570313 0.104095458984375 -0.0115814208984375 0.092681884765625
0.0445175170898437 0.0915298461914063 0.00998306274414062 0.0702743530273438
0.079345703125 0.0341262817382812 0.0105247497558594 0.0454902648925781
0.0842819213867188 -0.0351638793945313 0.00812149047851563 0.0382156372070313
0.0528373718261719 -0.06756591796875 0.00383377075195312 0.0453071594238281
0.0454254150390625 -0.0662612915039062 -0.002105712890625 0.0567054748535156
0.0502471923828125 -0.0797271728515625 -0.0146713256835938 0.0727691650390625
0.0687751770019531 -0.0660285949707031 -0.0434341430664062 0.0608978271484375
0.095489501953125 -0.01641845703125 -0.062591552734375 0.0416488647460938
0.0872268676757813 0.0394515991210937 -0.0530548095703125 0.000503540039062506
0.0167236328125 0.106918334960937 -0.0213565826416016 -0.0234565734863281
-0.0494003295898438 0.108749389648438 0.00506973266601562 0.0308208465576172
-0.094818115234375 0.062835693359375 -0.0785064697265625 0.0813446044921875
-0.064300537109375 -0.0234832763671875 -0.06658935546875 0.144622802734375
-0.0676956176757813 0.0108299255371094 -0.0577392578125 0.133285522460938
-0.0463981628417969 0.0455513000488281 -0.0166168212890625 0.0844345092773437
0.00551605224609376 0.05975341796875 -0.00667572021484374 0.0633811950683594
0.0387535095214844 0.0321846008300781 -0.00835418701171875 0.0476608276367188
0.0546112060546875 -0.0117645263671875 -0.00854873657226562 0.0547142028808594
0.0396804809570313 -0.0353813171386719 -0.00563430786132813 0.0694389343261719
0.0345306396484375 -0.0378990173339844 -0.0067901611328125 0.0797576904296875
0.0397453308105469 -0.0481338500976563 -0.02264404296875 0.0947036743164063
0.0517768859863281 -0.0402908325195313 -0.0572052001953125 0.08038330078125
0.068389892578125 -0.0044708251953125 -0.0772857666015625 0.0505218505859375
0.0577201843261719 0.0351982116699219 -0.0666465759277344 0.00136566162109375
-0.00397491455078124 0.0786972045898437 -0.029083251953125 -0.0234165191650391
-0.0567588806152344 0.06292724609375 -0.0108299255371094 0.0398178100585938
-0.0796661376953125 0.0101089477539062 -0.1116943359375 0.08929443359375
0.0392837524414063 0.0439071655273438 0.116714477539063 -0.0993194580078125
0.0504531860351563 -0.0141372680664063 0.0298652648925781 -0.0402488708496094
0.007965087890625 -0.0357551574707031 0.0326881408691406 0.0263481140136719
-0.02215576171875 -0.0244121551513672 0.0874099731445313 0.007598876953125
-0.0291233062744141 -0.00225448608398438 0.0909805297851563 -0.052276611328125
-0.02459716796875 0.0150794982910156 0.0566024780273437 -0.105072021484375
-0.0208415985107422 0.0105514526367188 0.0169296264648438 -0.118133544921875
-0.0237827301025391 0.00504302978515625 0.000518798828125003 -0.0970077514648438
-0.0277080535888672 0.000913619995117191 0.00273132324218751 -0.0821533203125
-0.0219173431396484 -0.0188827514648437 0.00921249389648437 -0.0685997009277344
-0.00118064880371094 -0.0347537994384766 0.0100288391113281 -0.0556488037109375
0.0314807891845703 -0.0281753540039063 0.0140724182128906 -0.0622138977050781
0.0569496154785156 0.0103721618652344 0.0212783813476563 -0.0866165161132813
0.0512199401855469 0.052093505859375 0.045562744140625 -0.131401062011719
0.0229034423828125 0.0753555297851563 0.075103759765625 -0.139183044433594
-0.000816345214843754 0.0969085693359375 0.128349304199219 -0.0723114013671875
0.0427360534667969 0.0454330444335938 0.0397911071777344 -0.0223808288574219
0.03033447265625 0.0149555206298828 0.0384941101074219 0.0363693237304688
0.0225181579589844 -0.00394630432128906 0.0963592529296875 0.0160293579101562
0.0132417678833008 -0.0103893280029297 0.100013732910156 -0.0461578369140625
0.00564002990722656 -0.0184803009033203 0.0653076171875 -0.103721618652344
-0.00515556335449219 -0.0298061370849609 0.021942138671875 -0.1173095703125
-0.00642776489257813 -0.0329475402832031 0.00265502929687499 -0.0934371948242188
-0.00724411010742187 -0.0408706665039063 0.00389099121093751 -0.0771255493164063
0.0116233825683594 -0.04931640625 0.00854110717773438 -0.065155029296875
0.0438423156738281 -0.0390167236328125 0.00537490844726563 -0.0475349426269531
0.0699043273925781 -0.00500106811523438 0.00875473022460938 -0.0510597229003906
0.0643768310546875 0.06207275390625 0.01007080078125 -0.0747909545898438
0.0351943969726563 0.109725952148438 0.035064697265625 -0.110084533691406
-0.0130081176757813 0.124000549316406 0.0667572021484375 -0.112022399902344
-0.0439682006835938 0.1376953125 0.124313354492187 -0.029632568359375
0.0213088989257812 0.10321044921875 0.041748046875 0.00756835937500001
0.0455780029296875 0.0712661743164063 0.040008544921875 0.0523643493652344
0.0666122436523438 0.0252227783203125 0.0992507934570312 0.0286331176757812
0.0581283569335938 -0.0137443542480469 0.101097106933594 -0.0313644409179688
0.0384674072265625 -0.0490760803222656 0.0698089599609375 -0.0886001586914063
0.012451171875 -0.0668220520019531 0.025360107421875 -0.1005859375
0.0110282897949219 -0.0659675598144531 0.00362396240234374 -0.076873779296875
0.0125274658203125 -0.0769577026367188 0.00334548950195313 -0.0581550598144531
0.0390396118164063 -0.0761032104492188 0.00172805786132813 -0.0498046875
0.079864501953125 -0.0454864501953125 -0.00584602355957031 -0.0326576232910156
0.102577209472656 0.006683349609375 -0.00228118896484374 -0.0387191772460938
0.0748443603515625 0.0966033935546875 -0.00253677368164061 -0.0606460571289062
0.0257110595703125 0.149383544921875 0.0254898071289062 -0.0819091796875
-0.0410919189453125 0.153884887695313 0.0478363037109375 -0.0716018676757812
-0.0825347900390625 0.155792236328125 0.100242614746094 0.0234909057617188
-0.00761413574218751 0.145355224609375 0.0332870483398438 0.0474586486816406
0.0478668212890625 0.12225341796875 0.0352554321289063 0.0714111328125
0.0994949340820313 0.0573043823242188 0.090301513671875 0.046600341796875
0.09649658203125 -0.00890350341796875 0.0919647216796875 -0.0091400146484375
0.0691375732421875 -0.0690193176269531 0.0659637451171875 -0.0616455078125
0.0295944213867188 -0.0926742553710938 0.0269927978515625 -0.0716476440429688
0.0262527465820313 -0.0896148681640625 0.00546646118164062 -0.0490036010742188
0.0272369384765625 -0.103103637695313 0.00255203247070312 -0.0287628173828125
0.0571441650390625 -0.0944442749023437 -0.00703048706054687 -0.0250091552734375
0.1038818359375 -0.0522232055664062 -0.0184383392333984 -0.0115203857421875
0.120895385742187 0.01214599609375 -0.014373779296875 -0.0250434875488281
0.0795364379882812 0.116798400878906 -0.0110244750976562 -0.0470542907714844
0.0173187255859375 0.16839599609375 0.0204963684082031 -0.0496406555175781
-0.0618438720703125 0.164031982421875 0.0230236053466797 -0.0260467529296875
-0.109451293945312 0.144683837890625 0.0615921020507812 0.0787429809570313
-0.04205322265625 0.157684326171875 0.0132522583007813 0.0898513793945313
0.0318145751953125 0.153060913085938 0.0230331420898437 0.0887908935546875
0.1094970703125 0.086761474609375 0.0697288513183594 0.0628509521484375
0.117118835449219 0.0033721923828125 0.07147216796875 0.0158767700195312
0.0908432006835938 -0.0763320922851563 0.0537033081054688 -0.0260505676269531
0.042449951171875 -0.103355407714844 0.0238170623779297 -0.0335845947265625
0.0370254516601563 -0.0980224609375 0.00541973114013672 -0.0133161544799805
0.0385665893554688 -0.114532470703125 0.000635623931884769 0.00742673873901366
0.0675277709960938 -0.101570129394531 -0.0166406631469727 0.0059680938720703
0.112998962402344 -0.0490798950195312 -0.0318698883056641 0.0115585327148437
0.126060485839844 0.0181198120117188 -0.0267925262451172 -0.0126876831054688
0.071502685546875 0.1241455078125 -0.0142250061035156 -0.0356674194335937
0.00231933593750002 0.167984008789063 0.0203838348388672 -0.0185928344726562
-0.0787506103515625 0.151473999023438 -0.00580024719238282 0.0208511352539063
-0.1165771484375 0.106246948242187 0.0151824951171875 0.123481750488281
-0.06854248046875 0.134101867675781 -0.0125808715820313 0.123283386230469
0.00238037109375001 0.148849487304688 0.00724792480468751 0.0977401733398438
0.0912551879882813 0.0993499755859375 0.0412750244140625 0.0725860595703125
0.113136291503906 0.0179519653320313 0.0428276062011719 0.0361289978027344
0.0962600708007813 -0.0666656494140625 0.0346813201904297 0.0102787017822266
0.0494842529296875 -0.09759521484375 0.0175065994262695 0.00933742523193359
0.0421676635742187 -0.0920562744140625 0.00470733642578125 0.0237331390380859
0.0449676513671875 -0.109161376953125 -0.0034332275390625 0.0428924560546875
0.0707626342773438 -0.0939178466796875 -0.0277252197265625 0.0371246337890625
0.111671447753906 -0.0408172607421875 -0.0460014343261719 0.031524658203125
0.115974426269531 0.0264511108398438 -0.0398483276367187 -0.00179672241210938
0.0532760620117187 0.121383666992188 -0.0180778503417969 -0.02764892578125
-0.0199432373046875 0.149749755859375 0.0169858932495117 0.00943374633789063
-0.089630126953125 0.119621276855469 -0.0384254455566406 0.0613174438476563
-0.0997314453125 0.047393798828125 -0.0290374755859375 0.1507568359375
-0.0764694213867187 0.08209228515625 -0.0362548828125 0.141647338867187
-0.0249557495117188 0.110191345214844 -0.0064544677734375 0.0969085693359375
0.0545730590820312 0.0888519287109375 0.01458740234375 0.0732345581054688
0.0856246948242188 0.0282363891601563 0.0150642395019531 0.04718017578125
0.083221435546875 -0.0449295043945313 0.0140342712402344 0.0397415161132813
0.047882080078125 -0.0740585327148438 0.00836563110351563 0.0462799072265625
0.0405197143554688 -0.0723037719726562 0.002349853515625 0.0582351684570312
0.0432815551757813 -0.0871658325195313 -0.008941650390625 0.074798583984375
0.0636444091796875 -0.0751724243164063 -0.0404777526855469 0.0654373168945313
0.0969390869140625 -0.0264968872070313 -0.06121826171875 0.0475044250488281
0.094635009765625 0.0322494506835938 -0.0541114807128906 0.00422668457031251
0.0284042358398438 0.108039855957031 -0.0234146118164062 -0.0228862762451172
-0.0399169921875 0.115699768066406 0.00838088989257813 0.0298271179199219
-0.092132568359375 0.072662353515625 -0.0734939575195313 0.0899734497070313
-0.0676040649414062 -0.0181732177734375 -0.055694580078125 0.157089233398438
-0.0681114196777344 0.017791748046875 -0.04864501953125 0.142593383789063
-0.0427932739257813 0.0510292053222656 -0.01202392578125 0.0890350341796875
0.0118904113769531 0.0612678527832031 -0.00234603881835938 0.0672340393066406
0.0437431335449219 0.0297317504882812 -0.00404739379882813 0.0506858825683594
0.0545578002929687 -0.017425537109375 -0.0027008056640625 0.0574226379394531
0.0372085571289063 -0.0407066345214844 0.00166320800781251 0.0713729858398438
0.03155517578125 -0.0426597595214844 0.00042724609375 0.0816879272460938
0.0369987487792969 -0.0537185668945312 -0.0145416259765625 0.09881591796875
0.0488662719726563 -0.0461883544921875 -0.052001953125 0.0868072509765625
0.0701904296875 -0.0111198425292969 -0.0751571655273438 0.0586395263671875
0.0627593994140625 0.0312309265136719 -0.0680351257324219 0.00665664672851562
0.00349426269531251 0.0815200805664063 -0.0309906005859375 -0.0222816467285156
-0.0523643493652344 0.0685920715332031 -0.00688934326171876 0.0406112670898438
-0.081085205078125 0.0169448852539062 -0.106826782226563 0.101242065429687
0.041015625 0.0425186157226563 0.10906982421875 -0.108787536621094
0.0498199462890625 -0.0178451538085938 0.0259628295898437 -0.0435371398925781
0.00585174560546875 -0.0370941162109375 0.0337448120117188 0.0255641937255859
-0.0239391326904297 -0.0233917236328125 0.08770751953125 0.0026397705078125
-0.0288791656494141 -0.000432968139648434 0.0862579345703125 -0.0595626831054688
-0.0224761962890625 0.0177249908447266 0.0497817993164062 -0.109390258789063
-0.0201015472412109 0.0128803253173828 0.00816345214843749 -0.119010925292969
-0.0230293273925781 0.00759506225585937 -0.00780487060546875 -0.0958786010742187
-0.0284748077392578 0.003875732421875 -0.00467681884765626 -0.081787109375
-0.0236377716064453 -0.0153865814208984 0.00289535522460937 -0.0683364868164063
-0.00544929504394532 -0.0331268310546875 0.00523757934570313 -0.058563232421875
0.0289897918701172 -0.0308704376220703 0.0100021362304688 -0.0643653869628906
0.0556449890136719 0.00601959228515625 0.0174484252929688 -0.088958740234375
0.0556716918945312 0.0487327575683594 0.0371170043945313 -0.1339111328125
0.0282821655273438 0.0750579833984375 0.0652313232421875 -0.147964477539063
0.00765228271484376 0.0967788696289062 0.124229431152344 -0.082916259765625
0.0463600158691406 0.0428619384765625 0.0376777648925781 -0.0259628295898437
0.0317192077636719 0.0125923156738281 0.0399818420410156 0.0352210998535156
0.0220947265625 -0.00620079040527344 0.0983505249023437 0.0094757080078125
0.0129127502441406 -0.0115022659301758 0.096832275390625 -0.0517578125
0.003265380859375 -0.0181121826171875 0.0581207275390625 -0.107376098632813
-0.00785446166992188 -0.0305061340332031 0.0113754272460938 -0.118820190429688
-0.00835800170898438 -0.0326023101806641 -0.00515747070312499 -0.093353271484375
-0.0110321044921875 -0.0393753051757812 -0.0034942626953125 -0.0775833129882813
0.00744628906250001 -0.0500946044921875 0.00166702270507813 -0.0665740966796875
0.0412330627441406 -0.0417098999023438 0.000438690185546876 -0.0491714477539063
0.070220947265625 -0.0112266540527344 0.00600051879882813 -0.0539360046386719
0.0690193176269531 0.0553550720214844 0.005950927734375 -0.0759811401367188
0.0432357788085938 0.107002258300781 0.0287246704101563 -0.113395690917969
-0.00357055664062501 0.124031066894531 0.0580368041992188 -0.118881225585937
-0.032745361328125 0.141250610351563 0.12115478515625 -0.0398178100585937
0.0297470092773437 0.101371765136719 0.0411262512207031 0.00403213500976563
0.0529594421386719 0.06951904296875 0.04296875 0.0505828857421875
0.0687675476074219 0.0193557739257813 0.0997543334960938 0.0234375
0.0579986572265625 -0.0190544128417969 0.0983200073242188 -0.0372314453125
0.0338668823242188 -0.0525550842285156 0.0624771118164062 -0.093017578125
0.00800704956054688 -0.06768798828125 0.0175247192382813 -0.103805541992188
0.00530624389648438 -0.0669822692871094 -0.00153350830078125 -0.0772247314453125
0.00489807128906251 -0.07806396484375 -0.0015106201171875 -0.0576553344726563
0.0325698852539063 -0.079559326171875 -0.00371170043945312 -0.0504379272460938
0.0766372680664063 -0.0529098510742188 -0.0098876953125 -0.0330886840820313
0.102066040039062 -0.00228118896484375 -0.00386047363281249 -0.0413131713867187
0.0825958251953125 0.0910568237304688 -0.00447845458984375 -0.0609893798828125
0.0384674072265625 0.147140502929688 0.019744873046875 -0.08367919921875
-0.029388427734375 0.158782958984375 0.0411605834960938 -0.0772857666015625
-0.071258544921875 0.162490844726562 0.102516174316406 0.0155487060546875
0.0041961669921875 0.144805908203125 0.0357666015625 0.0437889099121094
0.0582427978515625 0.119895935058594 0.0384788513183594 0.0700607299804688
0.104019165039062 0.0491561889648437 0.092315673828125 0.04132080078125
0.0951309204101563 -0.0171279907226563 0.0912322998046875 -0.0151596069335938
0.063140869140625 -0.0764617919921875 0.0629425048828125 -0.0651779174804688
0.0215377807617187 -0.0946426391601563 0.0211944580078125 -0.07464599609375
0.0184249877929688 -0.0903854370117187 0.000457763671875006 -0.04852294921875
0.0190582275390625 -0.105491638183594 0.000400543212890626 -0.0297451019287109
0.0486221313476563 -0.0999984741210938 -0.0101680755615234 -0.0253887176513672
0.099090576171875 -0.0597686767578125 -0.0204410552978516 -0.0110664367675781
0.122299194335937 0.0018310546875 -0.0150547027587891 -0.0259418487548828
0.0900650024414062 0.107559204101563 -0.0126724243164062 -0.0480079650878906
0.031707763671875 0.166168212890625 0.0167922973632813 -0.0528221130371094
-0.049346923828125 0.16943359375 0.0189495086669922 -0.0295562744140625
-0.0967559814453125 0.152481079101563 0.0688095092773438 0.0732803344726563
-0.028076171875 0.159820556640625 0.0191497802734375 0.0879745483398438
0.04443359375 0.14984130859375 0.0271987915039062 0.0881195068359375
0.116264343261719 0.0771331787109375 0.0731658935546875 0.0609512329101563
0.117561340332031 -0.00662994384765625 0.072601318359375 0.0115890502929687
0.0844955444335938 -0.0840377807617188 0.0529212951660156 -0.02978515625
0.0345230102539063 -0.107475280761719 0.0223426818847656 -0.0361595153808594
0.0281600952148438 -0.100631713867188 0.00383281707763672 -0.0145130157470703
0.0284881591796875 -0.117767333984375 2.95639038085955E-05 0.00746631622314452
0.0564727783203125 -0.107612609863281 -0.0185050964355469 0.00686454772949218
0.109230041503906 -0.0604171752929687 -0.0314502716064453 0.0120162963867187
0.1280517578125 0.00695037841796875 -0.0268535614013672 -0.0122261047363281
0.0833358764648437 0.117057800292969 -0.0164680480957031 -0.0363922119140625
0.0172271728515625 0.167068481445313 0.0183181762695313 -0.0211105346679687
-0.0666961669921875 0.157318115234375 -0.00449943542480469 0.0206813812255859
-0.10809326171875 0.115325927734375 0.0263748168945313 0.123046875
-0.057342529296875 0.139228820800781 -0.00360107421875001 0.123039245605469
0.014892578125 0.148681640625 0.011016845703125 0.0987472534179688
0.0998916625976562 0.0919113159179688 0.0452804565429687 0.07171630859375
0.11480712890625 0.00885009765625 0.0450630187988281 0.034210205078125
0.0904312133789063 -0.0745468139648438 0.0368156433105469 0.0071868896484375
0.0421218872070312 -0.102264404296875 0.0187664031982422 0.00797653198242187
0.0336380004882813 -0.0957794189453125 0.00569343566894532 0.0222663879394531
0.0347518920898437 -0.113029479980469 -9.53674316406191E-05 0.0433387756347656
0.0613861083984375 -0.100349426269531 -0.025970458984375 0.0394096374511719
0.108688354492187 -0.0504531860351562 -0.0438232421875 0.0343055725097656
0.118553161621094 0.0157089233398438 -0.0391807556152344 -0.000469207763671866
0.0639572143554687 0.117729187011719 -0.0193347930908203 -0.0272159576416016
-0.00576782226562499 0.150222778320313 0.0172519683837891 0.00659370422363282
-0.08050537109375 0.126022338867188 -0.0342292785644531 0.0633430480957031
-0.0960311889648437 0.0558624267578125 -0.0173797607421875 0.154678344726563
-0.0686111450195313 0.0880126953125 -0.026336669921875 0.14349365234375
-0.0153045654296875 0.111373901367188 -0.00167846679687501 0.09722900390625
0.0620346069335937 0.0837860107421875 0.019134521484375 0.073150634765625
0.0874786376953125 0.0207977294921875 0.0178909301757813 0.0466728210449219
0.0783920288085938 -0.0532379150390625 0.0189628601074219 0.039215087890625
0.0398483276367187 -0.0787734985351563 0.0127372741699219 0.0454940795898437
0.0346527099609375 -0.0760650634765625 0.00647354125976562 0.0558967590332031
0.03570556640625 -0.090057373046875 -0.00251007080078125 0.0765457153320313
0.0574493408203125 -0.0807037353515625 -0.0360679626464844 0.0676841735839844
0.095245361328125 -0.034912109375 -0.0584030151367187 0.0517959594726563
0.0972213745117188 0.0242538452148438 -0.0532302856445312 0.00696563720703125
0.0372314453125 0.106880187988281 -0.0252552032470703 -0.0228366851806641
-0.0303497314453125 0.117500305175781 0.0101203918457031 0.0290184020996094
-0.0869064331054687 0.0795745849609375 -0.0677642822265625 0.0949172973632812
-0.0679130554199219 -0.012298583984375 -0.044097900390625 0.1634521484375
-0.0651817321777344 0.0244903564453125 -0.03851318359375 0.1480712890625
-0.0384597778320312 0.0543632507324219 -0.00703430175781249 0.0903091430664063
0.0171432495117188 0.0601310729980469 0.000774383544921871 0.0692520141601563
0.0466461181640625 0.0265426635742187 0.00057601928710938 0.0539398193359375
0.0533828735351563 -0.0223312377929688 0.00304031372070313 0.0572624206542969
0.0330123901367188 -0.0429306030273438 0.00769805908203126 0.0715560913085938
0.0277557373046875 -0.0438652038574219 0.0055084228515625 0.0804901123046875
0.0319671630859375 -0.0553092956542969 -0.00813293457031251 0.0995407104492188
0.0451087951660156 -0.05108642578125 -0.0449295043945313 0.0896453857421875
0.0699806213378906 -0.0173416137695313 -0.0705642700195312 0.0638961791992188
0.0656166076660156 0.0260009765625 -0.0666084289550781 0.0119781494140625
0.01043701171875 0.0808181762695313 -0.03302001953125 -0.0214157104492188
-0.0454635620117188 0.0726394653320312 -0.00347137451171875 0.0407981872558594
-0.079803466796875 0.023101806640625 -0.0988922119140625 0.109413146972656
0.0440025329589844 0.0390205383300781 0.102676391601563 -0.114761352539063
0.048248291015625 -0.0203399658203125 0.0228462219238281 -0.0444717407226563
0.00457763671875 -0.0364456176757813 0.0338516235351563 0.0247325897216797
-0.0249004364013672 -0.0208320617675781 0.0878524780273438 -0.00101470947265625
-0.029510498046875 0.00225830078125 0.08416748046875 -0.0616455078125
-0.0223770141601562 0.0183334350585938 0.0426559448242188 -0.1094970703125
-0.0184402465820313 0.0130290985107422 0.00111389160156249 -0.116775512695313
-0.0221672058105469 0.00963783264160156 -0.01214599609375 -0.093841552734375
-0.0275230407714844 0.00540351867675781 -0.0105361938476563 -0.0812301635742188
-0.0244941711425781 -0.0145587921142578 -0.00155258178710937 -0.0692825317382813
-0.00655364990234375 -0.0327129364013672 0.00165939331054688 -0.0595741271972656
0.0264568328857422 -0.0317878723144531 0.0073699951171875 -0.0667762756347656
0.05615234375 0.00244522094726563 0.0152359008789063 -0.0883941650390625
0.05694580078125 0.0452384948730469 0.0323028564453125 -0.134864807128906
0.0330276489257813 0.072845458984375 0.05718994140625 -0.15191650390625
0.0118560791015625 0.0967330932617188 0.118843078613281 -0.0892333984375
0.0482711791992188 0.0386581420898438 0.0352668762207031 -0.0291099548339844
0.0331707000732422 0.0109348297119141 0.0406723022460938 0.0341720581054688
0.0222625732421875 -0.00706291198730469 0.0982666015625 0.0061798095703125
0.0123157501220703 -0.0124216079711914 0.0938262939453125 -0.0563583374023438
0.00210189819335938 -0.01995849609375 0.0522003173828125 -0.109107971191406
-0.00934219360351562 -0.0295219421386719 0.00601959228515625 -0.11761474609375
-0.0114517211914063 -0.0305767059326172 -0.0107803344726563 -0.091796875
-0.0132369995117188 -0.038787841796875 -0.00782012939453125 -0.0766754150390625
0.0035552978515625 -0.0490036010742188 -0.00255966186523437 -0.0660324096679688
0.0377311706542969 -0.0442314147949219 -0.0019073486328125 -0.0506515502929687
0.0685958862304688 -0.0151748657226563 0.00330352783203126 -0.0566177368164063
0.071563720703125 0.0518417358398438 0.00492095947265625 -0.075714111328125
0.0490036010742188 0.103630065917969 0.0237579345703125 -0.113693237304688
0.00173187255859376 0.125160217285156 0.0519332885742187 -0.123573303222656
-0.02587890625 0.142578125 0.118942260742187 -0.0458145141601562
0.035736083984375 0.0981826782226563 0.0402870178222656 0.000942230224609381
0.056182861328125 0.0649986267089844 0.0435371398925781 0.0498313903808594
0.070892333984375 0.0151138305664062 0.101387023925781 0.019683837890625
0.05609130859375 -0.0219612121582031 0.0964431762695312 -0.0409774780273437
0.0301780700683594 -0.0550575256347656 0.0583572387695312 -0.0951156616210938
0.00363922119140625 -0.0680770874023438 0.0121536254882813 -0.102737426757813
0.00110626220703125 -0.0658645629882813 -0.00762939453125 -0.0761337280273438
-4.57763671875061E-05 -0.077789306640625 -0.00548934936523438 -0.0579452514648438
0.0263519287109375 -0.0798492431640625 -0.00823211669921874 -0.0492401123046875
0.0723342895507813 -0.056671142578125 -0.0111427307128906 -0.0332317352294922
0.102096557617187 -0.00800323486328125 -0.00601577758789062 -0.0431671142578125
0.0867385864257813 0.08563232421875 -0.00614547729492186 -0.0609550476074219
0.0458984375 0.144546508789063 0.0172958374023438 -0.0853271484375
-0.0216827392578125 0.158584594726563 0.037506103515625 -0.0812835693359375
-0.061248779296875 0.164901733398438 0.102981567382813 0.00975799560546876
0.0114593505859375 0.143630981445313 0.0369758605957031 0.0421295166015625
0.06414794921875 0.115699768066406 0.0403060913085938 0.069671630859375
0.107124328613281 0.0423736572265625 0.0937423706054688 0.0384368896484375
0.0941543579101562 -0.0232772827148437 0.090240478515625 -0.0177078247070313
0.0571823120117187 -0.0800628662109375 0.0595893859863281 -0.0677070617675781
0.0159454345703125 -0.0960006713867187 0.0175018310546875 -0.0745391845703125
0.012847900390625 -0.0915451049804688 -0.00276565551757812 -0.0490531921386719
0.011016845703125 -0.105377197265625 -0.00288009643554687 -0.0288162231445313
0.0406265258789063 -0.101707458496094 -0.0133342742919922 -0.0241203308105469
0.0946273803710937 -0.0662002563476562 -0.0212936401367187 -0.0111675262451172
0.121932983398438 -0.0061798095703125 -0.0170078277587891 -0.0276451110839844
0.0951080322265625 0.103630065917969 -0.0136032104492187 -0.0474739074707031
0.0404815673828125 0.163787841796875 0.0160980224609375 -0.0535087585449219
-0.0407257080078125 0.170989990234375 0.0174007415771484 -0.032012939453125
-0.089080810546875 0.157638549804688 0.0719528198242188 0.06915283203125
-0.0204620361328125 0.159805297851563 0.0229110717773438 0.0852584838867188
0.0524139404296875 0.147705078125 0.029571533203125 0.0871963500976563
0.120414733886719 0.069549560546875 0.0748825073242188 0.05780029296875
0.116203308105469 -0.0132980346679688 0.0730438232421875 0.0097503662109375
0.0778656005859375 -0.0893325805664063 0.0519981384277344 -0.0318870544433594
0.0271682739257812 -0.108848571777344 0.0196990966796875 -0.036285400390625
0.022796630859375 -0.102149963378906 0.00222301483154297 -0.0147867202758789
0.0208663940429688 -0.118888854980469 0.000220775604248048 0.00637817382812499
0.0508880615234375 -0.109481811523437 -0.0189266204833984 0.00766944885253905
0.104957580566406 -0.0668563842773437 -0.0311546325683594 0.0128974914550781
0.127365112304687 -0.00096893310546875 -0.0270423889160156 -0.0127506256103516
0.0894393920898438 0.112533569335938 -0.0170822143554687 -0.03607177734375
0.026153564453125 0.1639404296875 0.0187149047851563 -0.0223140716552734
-0.058349609375 0.160690307617187 -0.00469017028808594 0.0183124542236328
-0.1002197265625 0.120246887207031 0.031829833984375 0.120834350585938
-0.0493927001953125 0.139923095703125 0.00141906738281249 0.12261962890625
0.0224151611328125 0.146865844726563 0.014434814453125 0.09747314453125
0.104866027832031 0.0851898193359375 0.0479202270507813 0.0709075927734375
0.114364624023438 0.00176239013671875 0.0475234985351563 0.0333442687988281
0.08447265625 -0.081024169921875 0.0377960205078125 0.00575637817382812
0.03546142578125 -0.103401184082031 0.0182571411132813 0.00565338134765624
0.0286865234375 -0.0970993041992187 0.00603103637695313 0.0217494964599609
0.027313232421875 -0.114509582519531 0.00175094604492188 0.0418624877929687
0.0541458129882812 -0.102622985839844 -0.0250473022460938 0.0400199890136719
0.105010986328125 -0.057342529296875 -0.0413932800292969 0.0361366271972656
0.119331359863281 0.0084686279296875 -0.0387420654296875 -0.000629425048828118
0.0704345703125 0.112899780273438 -0.0202617645263672 -0.0275669097900391
0.00205993652343749 0.149551391601563 0.0186595916748047 0.00509643554687501
-0.0735931396484375 0.130317687988281 -0.0314064025878906 0.0635566711425782
-0.0914688110351563 0.0608673095703125 -0.00738525390625002 0.155029296875
-0.0635910034179688 0.0906524658203125 -0.0199432373046875 0.144439697265625
-0.010101318359375 0.112998962402344 0.000770568847656247 0.0981292724609375
0.0673446655273438 0.08013916015625 0.0205841064453125 0.0740280151367188
0.0884552001953125 0.0145416259765625 0.0209999084472656 0.0473785400390625
0.0742721557617188 -0.0574111938476563 0.0206756591796875 0.0370254516601562
0.0360870361328125 -0.081085205078125 0.0153884887695313 0.0430488586425781
0.029266357421875 -0.0777130126953125 0.00864028930664063 0.055145263671875
0.030303955078125 -0.0933837890625 0.0007781982421875 0.0745391845703125
0.0514984130859375 -0.0828170776367187 -0.0322608947753906 0.0691452026367188
0.0927734375 -0.0410842895507813 -0.0541267395019531 0.0538825988769531
0.0978469848632813 0.0183944702148438 -0.0521240234375 0.00853729248046876
0.0430908203125 0.102592468261719 -0.0254631042480469 -0.0222358703613281
-0.0234146118164062 0.118324279785156 0.0116920471191406 0.0264854431152344
-0.0816268920898437 0.0833053588867188 -0.0631637573242187 0.0966720581054688
-0.0672340393066406 -0.00851058959960937 -0.0343780517578125 0.16534423828125
-0.0637893676757813 0.0261306762695312 -0.032562255859375 0.148193359375
-0.0360946655273437 0.0570487976074219 -0.00550079345703124 0.090850830078125
0.0206069946289063 0.057708740234375 0.003448486328125 0.0704727172851563
0.0476226806640625 0.0225143432617188 0.00268936157226563 0.0530548095703125
0.05084228515625 -0.0259246826171875 0.00728225708007813 0.0576972961425781
0.0306663513183594 -0.0456466674804687 0.0116386413574219 0.0696525573730469
0.0255088806152344 -0.0469169616699219 0.010101318359375 0.0791778564453125
0.0282669067382813 -0.0586128234863281 -0.00201416015624999 0.0981826782226563
0.0411872863769531 -0.0523490905761719 -0.0405426025390625 0.0911712646484375
0.0683708190917969 -0.0214958190917969 -0.066436767578125 0.0667724609375
0.0670356750488281 0.0224494934082031 -0.0658187866210938 0.0135231018066406
0.0146026611328125 0.080047607421875 -0.0336418151855469 -0.0209827423095703
-0.0424346923828125 0.0734481811523438 -0.00152206420898438 0.0389785766601563
-0.0784072875976563 0.0253524780273437 -0.0932998657226563 0.112831115722656
0.0447273254394531 0.0386619567871094 0.0997772216796875 -0.118453979492188
0.0479850769042969 -0.0222969055175781 0.0202713012695313 -0.0449256896972656
0.00324249267578125 -0.036834716796875 0.0345726013183594 0.0251846313476562
-0.0260410308837891 -0.0201835632324219 0.0892791748046875 -0.0027313232421875
-0.0291519165039063 0.0028076171875 0.0838241577148438 -0.0636825561523438
-0.0221729278564453 0.0193958282470703 0.0401611328125 -0.110481262207031
-0.0182609558105469 0.01434326171875 -0.00250244140625001 -0.116981506347656
-0.0216884613037109 0.0108585357666016 -0.0158615112304688 -0.0938644409179688
-0.0270805358886719 0.00762557983398438 -0.0135421752929688 -0.0809783935546875
-0.0251026153564453 -0.0131301879882812 -0.00497817993164062 -0.0693092346191406
-0.00756072998046875 -0.0322742462158203 -0.0012359619140625 -0.0610275268554687
0.0257663726806641 -0.0327415466308594 0.00537872314453126 -0.0687980651855469
0.0564079284667969 0.000713348388671875 0.0149917602539062 -0.0895767211914063
0.0592117309570312 0.0441665649414062 0.0298538208007812 -0.136909484863281
0.0357818603515625 0.0724334716796875 0.05352783203125 -0.156265258789062
0.0143280029296875 0.0986709594726563 0.116493225097656 -0.094451904296875
0.0498847961425781 0.0373191833496094 0.0333232879638672 -0.030120849609375
0.0349597930908203 0.0100593566894531 0.0417251586914063 0.0350112915039063
0.0232009887695312 -0.008087158203125 0.0991744995117188 0.0042724609375
0.01202392578125 -0.0133838653564453 0.0934677124023438 -0.0576934814453125
0.000823974609375001 -0.0203094482421875 0.0496826171875 -0.110466003417969
-0.0105571746826172 -0.0294952392578125 0.00193786621093749 -0.117660522460938
-0.0125446319580078 -0.0297298431396484 -0.014190673828125 -0.09124755859375
-0.0149917602539062 -0.0378913879394531 -0.011199951171875 -0.0762710571289063
0.00191879272460937 -0.0491371154785156 -0.00638198852539062 -0.0655517578125
0.0359268188476563 -0.0454483032226563 -0.00491714477539062 -0.0515708923339844
0.0685882568359375 -0.0178489685058594 0.00214004516601563 -0.0587806701660156
0.07330322265625 0.0504074096679688 0.00470733642578126 -0.076568603515625
0.05340576171875 0.103179931640625 0.0223464965820313 -0.115943908691406
0.00617218017578126 0.12628173828125 0.048614501953125 -0.127647399902344
-0.0219573974609375 0.1448974609375 0.118614196777344 -0.050994873046875
0.0386199951171875 0.0974502563476563 0.0394134521484375 -0.000148773193359369
0.0587654113769531 0.0644111633300781 0.0447196960449219 0.0510063171386719
0.0722579956054687 0.0119705200195312 0.102142333984375 0.0190200805664062
0.0552406311035156 -0.0246124267578125 0.0969161987304688 -0.0425033569335938
0.0279388427734375 -0.0566635131835938 0.0562973022460938 -0.0970306396484375
0.000473022460937499 -0.0687370300292969 0.00846862792968749 -0.103317260742187
-0.00127792358398437 -0.0661125183105469 -0.0107650756835937 -0.0758514404296875
-0.0034332275390625 -0.0776748657226563 -0.00839614868164063 -0.0577239990234375
0.0223617553710937 -0.0807266235351562 -0.0110588073730469 -0.0494613647460938
0.0702323913574219 -0.0598907470703125 -0.0135021209716797 -0.0340805053710938
0.102249145507813 -0.0124359130859375 -0.00737380981445312 -0.0457000732421875
0.090667724609375 0.0830917358398438 -0.00680541992187499 -0.0620460510253906
0.0516510009765625 0.143630981445313 0.0164718627929687 -0.0864791870117187
-0.0172271728515625 0.16162109375 0.034881591796875 -0.0847930908203125
-0.056427001953125 0.16802978515625 0.104423522949219 0.00637817382812501
0.0161895751953125 0.142959594726563 0.0369606018066406 0.0400428771972656
0.06903076171875 0.114814758300781 0.0409584045410156 0.0701560974121094
0.110237121582031 0.038177490234375 0.0950775146484375 0.0382003784179688
0.0940933227539063 -0.0268478393554688 0.0906829833984375 -0.0183944702148438
0.0540237426757813 -0.0828323364257813 0.0583381652832031 -0.069549560546875
0.0125656127929688 -0.0976333618164062 0.014678955078125 -0.075439453125
0.009307861328125 -0.0922698974609375 -0.005859375 -0.0490341186523438
0.00624847412109375 -0.106536865234375 -0.00467109680175781 -0.0292434692382813
0.036651611328125 -0.103080749511719 -0.0163021087646484 -0.0236549377441406
0.0924530029296875 -0.070831298828125 -0.0228843688964844 -0.0110855102539063
0.122444152832031 -0.011505126953125 -0.0178127288818359 -0.0301322937011719
0.0998992919921875 0.100822448730469 -0.0141105651855469 -0.0482864379882812
0.0471038818359375 0.162918090820313 0.0158615112304688 -0.0553131103515625
-0.036041259765625 0.173675537109375 0.0156192779541016 -0.0343589782714844
-0.084442138671875 0.161407470703125 0.074951171875 0.0669174194335938
-0.0151824951171875 0.160629272460938 0.024444580078125 0.0845947265625
0.0570831298828125 0.146926879882813 0.030029296875 0.0885086059570313
0.124092102050781 0.0649261474609375 0.0756301879882813 0.0580215454101563
0.116889953613281 -0.017578125 0.0735931396484375 0.0093841552734375
0.073822021484375 -0.09295654296875 0.0525741577148438 -0.0334320068359375
0.0232162475585937 -0.110946655273438 0.0183868408203125 -0.03717041015625
0.0182342529296875 -0.103874206542969 0.000326156616210937 -0.0148239135742188
0.0152511596679687 -0.120590209960938 -0.00056934356689453 0.00569486618041991
0.0451507568359375 -0.112350463867187 -0.0200405120849609 0.00824928283691406
0.102813720703125 -0.0721969604492188 -0.0316238403320312 0.0139636993408203
0.128036499023438 -0.00659942626953125 -0.0278816223144531 -0.0143966674804687
0.0945053100585938 0.109848022460938 -0.0175895690917969 -0.0370330810546875
0.0325469970703125 0.164413452148437 0.0189361572265625 -0.0240402221679687
-0.0542144775390625 0.16400146484375 -0.00510215759277344 0.0173311233520508
-0.0965957641601562 0.124137878417969 0.0361251831054687 0.120521545410156
-0.0449371337890625 0.141830444335938 0.00421905517578124 0.122550964355469
0.027069091796875 0.147994995117188 0.0148468017578125 0.0986251831054688
0.108505249023438 0.0816650390625 0.0489501953125 0.0718307495117188
0.114707946777344 -0.0028839111328125 0.0488700866699219 0.0339279174804688
0.0810775756835938 -0.0848617553710938 0.039215087890625 0.00457382202148437
0.0311813354492188 -0.105804443359375 0.0191879272460938 0.00474166870117187
0.024383544921875 -0.0995330810546875 0.00562858581542969 0.0213298797607422
0.0224227905273438 -0.1163330078125 0.00235366821289062 0.0413169860839844
0.0496368408203125 -0.105690002441406 -0.0248146057128906 0.0405502319335937
0.103324890136719 -0.0632705688476563 -0.0410537719726562 0.0372581481933594
0.120208740234375 0.003753662109375 -0.0385856628417969 -0.000953674316406245
0.0752792358398437 0.111129760742187 -0.0211105346679688 -0.0284919738769531
0.00759887695312501 0.149627685546875 0.0187664031982422 0.00356674194335938
-0.070892333984375 0.133544921875 -0.0303192138671875 0.0639228820800782
-0.089996337890625 0.063873291015625 -0.00250244140625001 0.15679931640625
-0.0613479614257812 0.092437744140625 -0.017120361328125 0.1448974609375
-0.00659942626953124 0.114089965820312 0.00148010253906249 0.0997543334960938
0.0707473754882813 0.0784683227539063 0.0224456787109375 0.0758132934570312
0.0898590087890625 0.0113754272460938 0.023162841796875 0.0490188598632813
0.0721359252929688 -0.0609283447265625 0.02294921875 0.0363616943359375
0.0328521728515625 -0.0828475952148438 0.0168914794921875 0.0428314208984375
0.0265121459960938 -0.0795364379882813 0.0101318359375 0.0547027587890625
0.0265960693359375 -0.0952911376953125 0.00328826904296876 0.0739822387695312
0.0479278564453125 -0.0855941772460938 -0.0309944152832031 0.070037841796875
0.0919189453125 -0.0459060668945313 -0.0529289245605469 0.0559234619140625
0.0995330810546875 0.0141448974609375 -0.0521049499511719 0.00888824462890626
0.0477828979492188 0.102561950683594 -0.0259952545166016 -0.0229873657226562
-0.0189056396484375 0.119400024414062 0.0122756958007813 0.0255756378173828
-0.0802688598632813 0.0868301391601563 -0.0603179931640625 0.0988082885742187
-0.0668373107910156 -0.00610351562499999 -0.0294342041015625 0.1688232421875
-0.0628852844238281 0.0282707214355469 -0.0295867919921875 0.149642944335938
-0.0344505310058594 0.0586814880371094 -0.00507354736328126 0.0922317504882812
0.0236854553222656 0.057769775390625 0.00433349609375 0.0724868774414063
0.04931640625 0.0204811096191406 0.00505065917968751 0.0549659729003906
0.0498161315917969 -0.0286102294921875 0.0103340148925781 0.0571556091308594
0.0284385681152344 -0.0471000671386719 0.0143051147460938 0.0694084167480469
0.0239410400390625 -0.0476531982421875 0.0126876831054688 0.0792617797851563
0.0259208679199219 -0.0607757568359375 0.000854492187500006 0.098388671875
0.0393562316894531 -0.0546417236328125 -0.038543701171875 0.0927505493164063
0.0683746337890625 -0.0244903564453125 -0.0652236938476563 0.0687332153320313
0.0686111450195313 0.0205764770507813 -0.0656814575195313 0.01434326171875
0.0180892944335938 0.0797042846679688 -0.0341587066650391 -0.0208683013916016
-0.0395126342773437 0.0752792358398438 -0.000423431396484377 0.038543701171875
-0.0775833129882813 0.028228759765625 -0.0901107788085937 0.115921020507813
0.0459480285644531 0.0392417907714844 0.0985870361328125 -0.124908447265625
0.048614501953125 -0.0247344970703125 0.017913818359375 -0.0467758178710938
0.00341415405273438 -0.0375556945800781 0.0352745056152344 0.0264739990234375
-0.0271453857421875 -0.0196495056152344 0.092254638671875 -0.0040435791015625
-0.029510498046875 0.00438880920410156 0.085174560546875 -0.0670013427734375
-0.0224742889404297 0.0206241607666016 0.0385971069335938 -0.113670349121094
-0.0177040100097656 0.0154933929443359 -0.00639343261718749 -0.119895935058594
-0.021697998046875 0.0127849578857422 -0.0196304321289063 -0.0949859619140625
-0.0277652740478516 0.0093231201171875 -0.0168838500976562 -0.0821685791015625
-0.0261077880859375 -0.0121250152587891 -0.00782775878906251 -0.07122802734375
-0.00910186767578125 -0.0324020385742188 -0.00389480590820313 -0.0635414123535156
0.025054931640625 -0.0342750549316406 0.00395965576171876 -0.0726470947265625
0.0576705932617188 -0.00055694580078125 0.0158615112304687 -0.09271240234375
0.0620613098144531 0.0439834594726563 0.028411865234375 -0.14208984375
0.0385208129882813 0.0738143920898437 0.050140380859375 -0.1644287109375
0.0172119140625 0.1015625 0.11700439453125 -0.100944519042969
0.05291748046875 0.0368499755859375 0.0322589874267578 -0.0321407318115234
0.0368537902832031 0.00976181030273438 0.0426177978515625 0.036376953125
0.0235538482666016 -0.00919723510742188 0.101600646972656 0.002960205078125
0.0113601684570313 -0.0143613815307617 0.0947113037109375 -0.06097412109375
-0.000846862792968749 -0.0212173461914063 0.0481948852539062 -0.113754272460938
-0.0119533538818359 -0.0295448303222656 -0.001434326171875 -0.120468139648438
-0.0139026641845703 -0.0300388336181641 -0.0181732177734375 -0.0925827026367188
-0.0170326232910156 -0.0376815795898438 -0.0147552490234375 -0.0777969360351563
-0.00069808959960937 -0.0500564575195312 -0.00975799560546875 -0.0671958923339844
0.0352516174316406 -0.0476951599121094 -0.00740814208984375 -0.0536880493164063
0.069488525390625 -0.0199356079101563 0.000270843505859384 -0.0625686645507813
0.076568603515625 0.0496673583984375 0.005096435546875 -0.0790786743164063
0.0579833984375 0.104537963867188 0.0214920043945313 -0.120132446289062
0.00989532470703123 0.130409240722656 0.0457763671875 -0.13470458984375
-0.0182342529296875 0.150161743164062 0.120018005371094 -0.0565643310546875
0.04327392578125 0.0983200073242188 0.0395050048828125 -0.00202560424804687
0.0638084411621094 0.0643501281738281 0.0456886291503906 0.05322265625
0.0744400024414063 0.00885772705078125 0.104736328125 0.018310546875
0.0559654235839844 -0.0274581909179688 0.0991744995117188 -0.0448455810546875
0.0257225036621094 -0.0596351623535156 0.0556716918945313 -0.100639343261719
-0.00223541259765625 -0.0707626342773438 0.00540161132812501 -0.105636596679688
-0.00407028198242188 -0.0672645568847656 -0.0141143798828125 -0.0763473510742187
-0.00708770751953126 -0.0793533325195313 -0.0115585327148438 -0.0590400695800781
0.0196609497070312 -0.0832748413085938 -0.0145034790039062 -0.0502853393554688
0.0691642761230469 -0.0643653869628906 -0.0154991149902344 -0.0357627868652344
0.104209899902344 -0.0159835815429688 -0.00888824462890624 -0.0492095947265625
0.0953292846679687 0.0827407836914063 -0.00703430175781249 -0.0647735595703125
0.0576324462890625 0.145584106445313 0.0158004760742187 -0.0907821655273437
-0.0134429931640625 0.1669921875 0.0322265625 -0.09002685546875
-0.0533447265625 0.174407958984375 0.107437133789062 0.00242614746093751
0.020782470703125 0.145278930664063 0.0377655029296875 0.0393104553222656
0.0749740600585938 0.115745544433594 0.04205322265625 0.0728378295898438
0.1141357421875 0.034637451171875 0.0977554321289063 0.0389175415039062
0.0950546264648438 -0.0307388305664062 0.0929489135742188 -0.0192489624023438
0.051116943359375 -0.0871963500976563 0.0583343505859375 -0.073028564453125
0.00858306884765625 -0.10076904296875 0.0125350952148437 -0.077423095703125
0.00556945800781249 -0.0946502685546875 -0.00851821899414063 -0.0492744445800781
0.00183868408203126 -0.109092712402344 -0.00679588317871094 -0.0301647186279297
0.0324478149414062 -0.106407165527344 -0.0189971923828125 -0.0233802795410156
0.0913009643554687 -0.0770263671875 -0.0241260528564453 -0.0119781494140625
0.124740600585938 -0.016326904296875 -0.0194644927978516 -0.0329875946044922
0.1060791015625 0.10040283203125 -0.0145416259765625 -0.0507888793945312
0.0541534423828125 0.165176391601563 0.0156631469726563 -0.0583419799804687
-0.0326690673828125 0.1805419921875 0.014434814453125 -0.0375175476074219
-0.0814361572265625 0.168441772460938 0.0790557861328125 0.0667190551757813
-0.0106964111328125 0.164291381835938 0.0258331298828125 0.084808349609375
0.0634765625 0.149017333984375 0.0307388305664063 0.091400146484375
0.129318237304688 0.061737060546875 0.0781021118164063 0.0599136352539063
0.118682861328125 -0.0225601196289063 0.0763168334960938 0.0100860595703125
0.0713729858398437 -0.09796142578125 0.0533065795898438 -0.0356788635253906
0.01922607421875 -0.114707946777344 0.0174026489257812 -0.0385856628417969
0.0142898559570312 -0.106971740722656 -0.00143623352050781 -0.015049934387207
0.0101089477539063 -0.124153137207031 -0.00118732452392578 0.00502395629882812
0.0412445068359375 -0.116310119628906 -0.0219707489013672 0.00957489013671874
0.102668762207031 -0.078765869140625 -0.0322914123535156 0.0143241882324219
0.131378173828125 -0.0118179321289063 -0.029296875 -0.0164070129394531
0.100975036621094 0.109504699707031 -0.0186119079589844 -0.0389213562011719
0.0388946533203125 0.167282104492188 0.0189857482910156 -0.0259628295898437
-0.0511627197265625 0.170166015625 -0.00548744201660156 0.0167980194091797
-0.095550537109375 0.130126953125 0.04144287109375 0.122856140136719
-0.0420074462890625 0.145858764648438 0.00617218017578124 0.124786376953125
0.0323638916015625 0.151092529296875 0.0156173706054688 0.101959228515625
0.114524841308594 0.07952880859375 0.0508575439453125 0.0744552612304688
0.117897033691406 -0.006591796875 0.05096435546875 0.0357246398925781
0.0785598754882812 -0.0900115966796875 0.0412445068359375 0.00375747680664062
0.027252197265625 -0.109870910644531 0.0197067260742187 0.00443267822265624
0.020782470703125 -0.103218078613281 0.00567626953125 0.0220680236816406
0.0176010131835938 -0.121025085449219 0.00299072265625 0.0418510437011719
0.0461578369140625 -0.110214233398438 -0.0250701904296875 0.0423622131347656
0.103485107421875 -0.0695571899414063 -0.0414047241210937 0.0386466979980469
0.123374938964844 -0.00124359130859375 -0.040252685546875 -0.00191497802734375
0.0814590454101563 0.111648559570313 -0.0227012634277344 -0.0296859741210937
0.013031005859375 0.15301513671875 0.0200710296630859 0.00226402282714845
-0.0691070556640625 0.139801025390625 -0.0298309326171875 0.0656471252441406
-0.0889816284179687 0.0683670043945313 0.00222778320312498 0.161468505859375
-0.0601654052734375 0.0965728759765625 -0.014556884765625 0.148956298828125
-0.00366210937500001 0.117790222167969 0.00184631347656251 0.102676391601563
0.0753860473632812 0.0776596069335938 0.0240020751953125 0.07904052734375
0.0926055908203125 0.0084228515625 0.02496337890625 0.0509414672851563
0.0709991455078125 -0.0652618408203125 0.0257797241210938 0.0367317199707031
0.0301055908203125 -0.0859832763671875 0.0188484191894531 0.0433998107910156
0.0237045288085937 -0.0830001831054687 0.0111885070800781 0.0559158325195312
0.0223846435546875 -0.0995712280273437 0.0050201416015625 0.0752105712890625
0.04498291015625 -0.0899429321289063 -0.031036376953125 0.0725555419921875
0.092376708984375 -0.0512008666992187 -0.0522689819335937 0.0587196350097656
0.103103637695313 0.0103302001953125 -0.0532150268554687 0.008697509765625
0.0526351928710938 0.103660583496094 -0.0278778076171875 -0.0244140625
-0.0151748657226563 0.122932434082031 0.0139904022216797 0.0251197814941406
-0.0799560546875 0.0914993286132813 -0.0589981079101563 0.102493286132813
-0.067718505859375 -0.00458145141601563 -0.024810791015625 0.174911499023438
-0.0635910034179688 0.0299072265625 -0.0273284912109375 0.154312133789063
-0.0340080261230469 0.0619697570800781 -0.00504302978515624 0.0954437255859375
0.0261077880859375 0.057830810546875 0.00565338134765626 0.0762710571289063
0.0508766174316406 0.0190658569335937 0.00695419311523437 0.0574722290039063
0.04931640625 -0.0311050415039063 0.0129508972167969 0.0581817626953125
0.027069091796875 -0.0492286682128906 0.0173873901367187 0.070556640625
0.0224266052246094 -0.0502510070800781 0.0150222778320312 0.0800552368164063
0.0240287780761719 -0.0642242431640625 0.00389099121093751 0.100372314453125
0.03814697265625 -0.0579452514648438 -0.0373001098632813 0.095977783203125
0.0696182250976563 -0.0286674499511719 -0.0644607543945312 0.0716476440429688
0.0711822509765625 0.0181961059570313 -0.0675544738769531 0.0154914855957031
0.0212326049804687 0.081695556640625 -0.0354347229003906 -0.0218887329101562
-0.038604736328125 0.0776596069335938 0.00112533569335938 0.0388145446777344
-0.0792007446289063 0.03076171875 -0.088897705078125 0.12103271484375
0.0493278503417969 0.0394744873046875 0.0961761474609375 -0.13446044921875
0.0494422912597656 -0.0281906127929688 0.0154914855957031 -0.0490036010742188
0.00276947021484375 -0.0400390625 0.0377464294433594 0.0279769897460937
-0.0292110443115234 -0.0188732147216797 0.0953521728515625 -0.0075836181640625
-0.0307598114013672 0.00572013854980469 0.085906982421875 -0.0728530883789063
-0.02227783203125 0.0233230590820313 0.0357894897460937 -0.119216918945313
-0.0179405212402344 0.0170536041259766 -0.0119094848632813 -0.123619079589844
-0.0215206146240234 0.0148506164550781 -0.0244903564453125 -0.0968170166015625
-0.0280933380126953 0.0119762420654297 -0.02239990234375 -0.0841827392578125
-0.0279388427734375 -0.0107536315917969 -0.0118865966796875 -0.0733642578125
-0.0108737945556641 -0.0331077575683594 -0.00796508789062501 -0.066864013671875
0.0245704650878906 -0.0362548828125 0.0011138916015625 -0.0773544311523438
0.0598373413085938 -0.00310897827148438 0.014617919921875 -0.0978546142578125
0.0669212341308594 0.0431671142578125 0.0243377685546875 -0.149871826171875
0.043670654296875 0.0757904052734375 0.04473876953125 -0.176010131835938
0.0221176147460938 0.106048583984375 0.116432189941406 -0.110305786132813
0.056732177734375 0.0353546142578125 0.0306015014648438 -0.0344276428222656
0.0394210815429687 0.00786590576171875 0.045379638671875 0.0385093688964844
0.0238208770751953 -0.0113887786865234 0.10626220703125 0.000213623046874999
0.0109481811523438 -0.0154085159301758 0.0969924926757813 -0.0664901733398437
-0.00233078002929688 -0.0216636657714844 0.04541015625 -0.120437622070313
-0.01422119140625 -0.0303707122802734 -0.00670623779296876 -0.124397277832031
-0.0157299041748047 -0.0295639038085937 -0.0232696533203125 -0.0941696166992188
-0.01983642578125 -0.0377235412597656 -0.0197372436523438 -0.079833984375
-0.0035858154296875 -0.0511894226074219 -0.0143089294433594 -0.0689811706542969
0.0334815979003906 -0.05120849609375 -0.010894775390625 -0.0566215515136719
0.0711746215820313 -0.0242233276367188 -0.00240325927734374 -0.0672149658203125
0.0819473266601563 0.0484771728515625 0.00408172607421876 -0.0837631225585938
0.0654449462890625 0.106300354003906 0.0179443359375 -0.12677001953125
0.0162734985351563 0.136100769042969 0.0409393310546875 -0.144119262695313
-0.012969970703125 0.157577514648437 0.122261047363281 -0.06463623046875
0.0495376586914063 0.0993804931640625 0.0392379760742188 -0.00386047363281249
0.0700187683105469 0.0640754699707031 0.048187255859375 0.0556488037109375
0.077850341796875 0.00521087646484375 0.109855651855469 0.01611328125
0.056365966796875 -0.0317649841308594 0.101905822753906 -0.0494613647460938
0.0224990844726562 -0.0629196166992188 0.0543594360351563 -0.106826782226563
-0.00652313232421875 -0.0731353759765625 0.000801086425781257 -0.110092163085937
-0.00774002075195313 -0.069183349609375 -0.0192413330078125 -0.0778884887695312
-0.0118255615234375 -0.0814743041992188 -0.0156745910644531 -0.0606956481933594
0.0150985717773437 -0.0867691040039063 -0.0190582275390625 -0.0511322021484375
0.0680694580078125 -0.0705413818359375 -0.0186843872070313 -0.0375938415527344
0.107002258300781 -0.0224609375 -0.0120201110839844 -0.0528678894042969
0.103096008300781 0.0816879272460937 -0.00786590576171875 -0.0681037902832031
0.0672760009765625 0.148849487304688 0.0136489868164063 -0.0960617065429687
-0.0070343017578125 0.175308227539063 0.0285415649414062 -0.097198486328125
-0.04754638671875 0.184829711914063 0.111579895019531 -0.00212097167968749
0.0280303955078125 0.149642944335937 0.0393447875976563 0.0386428833007813
0.0840530395507813 0.117576599121094 0.0447311401367188 0.0763702392578125
0.1207275390625 0.0298614501953125 0.103073120117188 0.038543701171875
0.0969924926757813 -0.037139892578125 0.097076416015625 -0.02197265625
0.0476226806640625 -0.0933074951171875 0.0585250854492188 -0.0779495239257813
0.00302124023437501 -0.104736328125 0.00916290283203125 -0.0810928344726563
0.000434875488281246 -0.0979766845703125 -0.0120697021484375 -0.0499343872070313
-0.00483703613281249 -0.114013671875 -0.00937461853027344 -0.0313129425048828
0.0275115966796875 -0.111946105957031 -0.0221805572509766 -0.0231876373291016
0.090240478515625 -0.0852203369140625 -0.0264167785644531 -0.0117950439453125
0.128662109375 -0.0237808227539063 -0.0226364135742187 -0.0354652404785156
0.114883422851562 0.0993270874023437 -0.0165519714355469 -0.0532188415527344
0.0638580322265625 0.169265747070313 0.0147933959960937 -0.0624809265136719
-0.026092529296875 0.190078735351562 0.0125961303710938 -0.041229248046875
-0.077728271484375 0.177841186523438 0.0854873657226563 0.0651092529296875
-0.00445556640625002 0.170425415039063 0.0289306640625 0.086334228515625
0.07305908203125 0.152969360351563 0.033538818359375 0.0960769653320313
0.137245178222656 0.0571060180664063 0.0829925537109375 0.0613784790039063
0.12200927734375 -0.0298385620117188 0.0805130004882813 0.0095062255859375
0.0678176879882813 -0.1058349609375 0.055084228515625 -0.0392913818359375
0.0132827758789062 -0.120338439941406 0.0156326293945312 -0.0410537719726563
0.00882720947265625 -0.111862182617187 -0.00332832336425781 -0.0149040222167969
0.00299072265625 -0.129837036132812 -0.00238990783691406 0.00531864166259765
0.0358200073242188 -0.122817993164062 -0.0238513946533203 0.0109462738037109
0.101554870605469 -0.0884017944335938 -0.0332565307617188 0.0152454376220703
0.135330200195313 -0.0195693969726563 -0.0324916839599609 -0.0179691314697266
0.110427856445313 0.108711242675781 -0.0205192565917969 -0.0410652160644531
0.0490264892578125 0.1712646484375 0.019622802734375 -0.0295658111572266
-0.045806884765625 0.180435180664063 -0.00568103790283203 0.0165195465087891
-0.0927963256835937 0.139663696289063 0.0482635498046875 0.125778198242188
-0.03729248046875 0.152633666992188 0.00988006591796875 0.128494262695313
0.0402374267578125 0.15643310546875 0.0180206298828125 0.107093811035156
0.122688293457031 0.0762863159179688 0.0553207397460938 0.0775680541992188
0.121833801269531 -0.0134735107421875 0.055419921875 0.0369720458984375
0.0760421752929688 -0.0976791381835937 0.0440826416015625 0.00205993652343749
0.0222015380859375 -0.115562438964844 0.0208797454833984 0.00324630737304687
0.0158843994140625 -0.10809326171875 0.00540542602539063 0.0229740142822266
0.0103530883789062 -0.127204895019531 0.00403594970703125 0.0424995422363281
0.0410842895507813 -0.117019653320313 -0.0256080627441406 0.0452537536621094
0.103187561035156 -0.0789337158203125 -0.0411796569824219 0.0414848327636719
0.128395080566406 -0.00838470458984375 -0.0428466796875 -0.00174331665039062
0.0904769897460938 0.112159729003906 -0.0244522094726562 -0.0311927795410156
0.0213623046875 0.157821655273438 0.0211582183837891 0.000101089477539072
-0.0653533935546875 0.1490478515625 -0.0285873413085938 0.0686111450195313
-0.08966064453125 0.0746383666992188 0.01055908203125 0.167755126953125
-0.0583267211914062 0.102157592773438 -0.0100250244140625 0.155059814453125
0.00119781494140625 0.123641967773438 0.00396728515625 0.107841491699219
0.0819320678710938 0.076019287109375 0.0276107788085937 0.0836029052734375
0.0965728759765625 0.003631591796875 0.0286407470703125 0.053924560546875
0.068878173828125 -0.0718002319335938 0.0288200378417969 0.0369071960449219
0.0263214111328125 -0.0914459228515625 0.0219612121582031 0.0439796447753906
0.0199661254882813 -0.0875091552734375 0.0136337280273438 0.0570030212402344
0.0171966552734375 -0.105491638183594 0.00801849365234376 0.0770111083984375
0.041839599609375 -0.0957489013671875 -0.0295486450195312 0.077392578125
0.0935440063476563 -0.0592117309570313 -0.0516014099121094 0.0620384216308594
0.10797119140625 0.0053558349609375 -0.0558090209960937 0.0102462768554687
0.0601882934570313 0.105308532714844 -0.0306396484375 -0.0246715545654297
-0.00990295410156251 0.127784729003906 0.0162200927734375 0.0249958038330078
-0.0796890258789062 0.0988998413085938 -0.0568618774414063 0.108734130859375
-0.0704727172851563 -0.00228118896484374 -0.0169677734375 0.183929443359375
-0.0647468566894531 0.0336380004882813 -0.022796630859375 0.161636352539063
-0.0325775146484375 0.0664710998535156 -0.00305938720703125 0.100616455078125
0.0304031372070313 0.0586013793945312 0.00859832763671876 0.08087158203125
0.053802490234375 0.0166854858398438 0.0101394653320313 0.0612411499023438
0.0488433837890625 -0.0354194641113281 0.01702880859375 0.0597763061523438
0.0253143310546875 -0.0527496337890625 0.0218353271484375 0.072265625
0.020263671875 -0.0535469055175781 0.018707275390625 0.0824661254882813
0.0206832885742187 -0.0689430236816406 0.00827789306640626 0.103614807128906
0.0363540649414063 -0.0625953674316406 -0.0354690551757813 0.101310729980469
0.070953369140625 -0.0338973999023438 -0.0637741088867188 0.076873779296875
0.075164794921875 0.0155487060546875 -0.0701560974121094 0.0179595947265625
0.0260086059570312 0.0837631225585938 -0.0388946533203125 -0.0220794677734375
-0.036895751953125 0.082183837890625 0.00334167480468749 0.0400543212890625
-0.0818862915039063 0.035186767578125 -0.0871124267578125 0.130050659179688
0.0531082153320313 0.0390625 0.090301513671875 -0.145355224609375
0.0488739013671875 -0.0332527160644531 0.0112838745117188 -0.0513648986816406
0.000389099121093754 -0.0421028137207031 0.0411758422851563 0.0289535522460937
-0.0313892364501953 -0.0173587799072266 0.098297119140625 -0.01263427734375
-0.0314254760742188 0.00834274291992188 0.084320068359375 -0.0806732177734375
-0.0215167999267578 0.0258617401123047 0.0293197631835938 -0.125045776367187
-0.0174579620361328 0.0188770294189453 -0.0206375122070313 -0.12652587890625
-0.0205650329589844 0.0172863006591797 -0.0314559936523438 -0.0979843139648438
-0.0276260375976562 0.0155887603759766 -0.0296859741210938 -0.0850830078125
-0.0292682647705078 -0.00838088989257813 -0.0178604125976563 -0.0756912231445312
-0.0142574310302734 -0.0326004028320313 -0.0134696960449219 -0.0699348449707031
0.0224342346191406 -0.038726806640625 -0.00354003906249999 -0.0814666748046875
0.0620803833007813 -0.00718307495117188 0.0115432739257813 -0.103195190429688
0.0722732543945313 0.0398788452148438 0.0169525146484375 -0.156784057617188
0.050750732421875 0.0760116577148438 0.0334320068359375 -0.18572998046875
0.0296783447265625 0.109535217285156 0.112945556640625 -0.122337341308594
0.0606346130371094 0.0318641662597656 0.0278892517089844 -0.0378684997558594
0.0424613952636719 0.00482177734375 0.0486907958984375 0.039276123046875
0.0240020751953125 -0.0138072967529297 0.109840393066406 -0.00511932373046875
0.00992965698242188 -0.0171184539794922 0.0966415405273438 -0.0743179321289063
-0.00501632690429688 -0.0219154357910156 0.0398025512695313 -0.126686096191406
-0.0174922943115234 -0.0299339294433594 -0.0155487060546875 -0.127677917480469
-0.0182704925537109 -0.0288600921630859 -0.0307540893554688 -0.0944747924804687
-0.0236015319824219 -0.0366744995117187 -0.0268630981445313 -0.0807647705078125
-0.00802993774414062 -0.0517349243164063 -0.0203170776367188 -0.0703353881835938
0.0301895141601563 -0.054962158203125 -0.0160675048828125 -0.0593948364257812
0.071136474609375 -0.0297393798828125 -0.00708770751953125 -0.0710525512695312
0.0877685546875 0.0448074340820313 0.000816345214843756 -0.087432861328125
0.0750045776367188 0.105148315429688 0.0117034912109375 -0.133262634277344
0.025238037109375 0.140098571777344 0.0314483642578125 -0.153228759765625
-0.00343322753906251 0.164718627929688 0.122306823730469 -0.0750274658203125
0.0565643310546875 0.0986404418945313 0.0385055541992188 -0.00717163085937499
0.0774917602539063 0.0614089965820313 0.0526580810546875 0.0567512512207031
0.080657958984375 -0.0006256103515625 0.114852905273438 0.0118179321289063
0.0554847717285156 -0.0365180969238281 0.103271484375 -0.0561065673828125
0.0174217224121094 -0.0662040710449219 0.0500717163085938 -0.112899780273437
-0.0130538940429687 -0.0746612548828125 -0.0068359375 -0.113090515136719
-0.0129241943359375 -0.0705032348632813 -0.0252456665039062 -0.0772247314453125
-0.0191268920898437 -0.082855224609375 -0.0216636657714844 -0.0616188049316406
0.00881958007812499 -0.0895767211914063 -0.0239791870117188 -0.05108642578125
0.064239501953125 -0.0775070190429688 -0.0227165222167969 -0.0388374328613281
0.108001708984375 -0.0305252075195312 -0.0168266296386719 -0.0557594299316406
0.111663818359375 0.07781982421875 -0.0108871459960937 -0.0707778930664063
0.0794830322265625 0.148895263671875 0.00881958007812501 -0.101295471191406
0.00421142578124998 0.182083129882813 0.0215606689453125 -0.10345458984375
-0.03814697265625 0.1943359375 0.115074157714844 -0.0104751586914062
0.0380706787109375 0.151168823242188 0.0410194396972656 0.0369033813476563
0.09490966796875 0.115974426269531 0.049652099609375 0.0783157348632813
0.125579833984375 0.0216598510742188 0.108200073242188 0.0355148315429688
0.0967483520507813 -0.0453109741210938 0.100013732910156 -0.0269546508789063
0.0406112670898437 -0.0992279052734375 0.0562286376953125 -0.0844192504882813
-0.00540161132812501 -0.108200073242187 0.003875732421875 -0.083740234375
-0.00652313232421875 -0.100631713867188 -0.0162887573242188 -0.0496826171875
-0.0142669677734375 -0.116363525390625 -0.01324462890625 -0.0318775177001953
0.0192108154296875 -0.116722106933594 -0.0258293151855469 -0.0220298767089844
0.0855941772460937 -0.0947799682617187 -0.0286617279052734 -0.0119342803955078
0.130180358886719 -0.0339508056640625 -0.0267143249511719 -0.0372085571289062
0.125816345214844 0.0948257446289063 -0.0190620422363281 -0.0552940368652344
0.078277587890625 0.169815063476562 0.0118865966796875 -0.0670509338378906
-0.0150604248046875 0.198501586914063 0.00879669189453125 -0.0446357727050781
-0.0691375732421875 0.189254760742188 0.0918731689453125 0.0615463256835938
0.00653076171875001 0.174423217773438 0.0330886840820313 0.0866165161132813
0.0859832763671875 0.153228759765625 0.0381622314453125 0.0989761352539063
0.145263671875 0.04864501953125 0.0896759033203125 0.0605850219726563
0.122856140136719 -0.0393524169921875 0.0851898193359375 0.0067291259765625
0.0608749389648438 -0.113243103027344 0.0550765991210938 -0.0441360473632813
0.00450134277343751 -0.124946594238281 0.0141220092773438 -0.0432815551757813
0.000762939453124988 -0.11517333984375 -0.00551319122314453 -0.0141220092773438
-0.0079498291015625 -0.133773803710938 -0.00324296951293945 0.00496196746826171
0.0267257690429688 -0.128089904785156 -0.0254344940185547 0.0130977630615234
0.0972518920898438 -0.0987548828125 -0.0337352752685547 0.017120361328125
0.137603759765625 -0.030548095703125 -0.0357093811035156 -0.0177345275878906
0.121345520019531 0.104591369628906 -0.0236320495605469 -0.0418853759765625
0.0624542236328125 0.172821044921875 0.0184726715087891 -0.0330524444580078
-0.0363311767578125 0.1898193359375 -0.00588130950927735 0.0158519744873047
-0.08697509765625 0.149444580078125 0.0584487915039062 0.126708984375
-0.029083251953125 0.159011840820313 0.016754150390625 0.130989074707031
0.0526275634765625 0.15966796875 0.0229721069335938 0.111083984375
0.131050109863281 0.06927490234375 0.06097412109375 0.0787887573242188
0.124267578125 -0.022491455078125 0.0601730346679688 0.0364303588867188
0.0702667236328125 -0.105636596679688 0.0467033386230469 -0.00117874145507813
0.0138778686523438 -0.120643615722656 0.0215740203857422 0.00192260742187499
0.00776672363281249 -0.112098693847656 0.00622749328613281 0.0236263275146484
0.000251770019531256 -0.131736755371094 0.00614166259765625 0.0431175231933594
0.0323257446289063 -0.123390197753906 -0.024444580078125 0.0485420227050781
0.0994644165039063 -0.0893096923828125 -0.0401611328125 0.0440559387207031
0.131248474121094 -0.0182418823242188 -0.045562744140625 -0.000511169433593758
0.101188659667969 0.109542846679688 -0.0276222229003906 -0.0316543579101562
0.032867431640625 0.160888671875 0.0224704742431641 -0.0025196075439453
-0.058258056640625 0.158767700195313 -0.025604248046875 0.0716400146484375
-0.0872573852539063 0.0824508666992187 0.0219268798828125 0.172821044921875
-0.053985595703125 0.108299255371094 -0.00253295898437501 0.16070556640625
0.009368896484375 0.128311157226563 0.00872802734374999 0.112510681152344
0.0899887084960938 0.0723648071289063 0.0328598022460938 0.0862884521484375
0.09912109375 -0.00304412841796875 0.0343780517578125 0.0560836791992188
0.0648956298828125 -0.079132080078125 0.0333786010742188 0.0361557006835937
0.0199432373046875 -0.0957412719726563 0.0254440307617188 0.0431861877441406
0.0138168334960938 -0.0919265747070313 0.017181396484375 0.0581779479980469
0.00841522216796874 -0.110519409179688 0.01324462890625 0.0787277221679688
0.0354537963867188 -0.101943969726563 -0.0261764526367187 0.0812149047851563
0.0910568237304687 -0.0690078735351563 -0.049560546875 0.0667991638183594
0.111518859863281 -0.00258636474609375 -0.0579643249511719 0.0132408142089844
0.0689849853515625 0.104698181152344 -0.0332317352294922 -0.0245704650878906
-0.00172424316406251 0.131813049316406 0.0187110900878906 0.0235233306884766
-0.0760726928710937 0.107337951660156 -0.0518798828125 0.115028381347656
-0.0725784301757812 0.00126647949218751 -0.00532531738281251 0.191543579101563
-0.0649604797363281 0.0384597778320313 -0.014373779296875 0.168701171875
-0.0298690795898438 0.0716018676757813 0.00131988525390625 0.104827880859375
0.0351943969726563 0.0577011108398438 0.0131378173828125 0.0848922729492188
0.056610107421875 0.0131492614746094 0.0148963928222656 0.064056396484375
0.0471763610839844 -0.04010009765625 0.02227783203125 0.0608291625976563
0.0219192504882812 -0.0556259155273437 0.0279083251953125 0.0728530883789062
0.0165214538574219 -0.0570755004882813 0.0245285034179688 0.0832672119140625
0.0154342651367188 -0.073638916015625 0.0154571533203125 0.105850219726562
0.032470703125 -0.0677261352539063 -0.030120849609375 0.10675048828125
0.0705032348632812 -0.0409774780273438 -0.060577392578125 0.0828704833984375
0.0791549682617188 0.0104217529296875 -0.071807861328125 0.0216064453125
0.0321807861328125 0.0846939086914063 -0.042144775390625 -0.021392822265625
-0.032989501953125 0.0864028930664063 0.00662612915039062 0.0406074523925781
-0.0823822021484375 0.0417556762695313 -0.0811691284179688 0.139175415039062
0.0568084716796875 0.0372352600097656 0.08087158203125 -0.153427124023438
0.0468597412109375 -0.0374526977539063 0.006744384765625 -0.0521392822265625
-0.0021209716796875 -0.0430412292480469 0.0439414978027344 0.0284233093261719
-0.0323638916015625 -0.0156707763671875 0.0987701416015625 -0.018463134765625
-0.0309619903564453 0.0100688934326172 0.0803451538085938 -0.0868072509765625
-0.0200672149658203 0.0283012390136719 0.021881103515625 -0.127464294433594
-0.0165081024169922 0.0210895538330078 -0.029510498046875 -0.125839233398438
-0.0189285278320313 0.019744873046875 -0.0385665893554687 -0.09552001953125
-0.0261154174804688 0.0183238983154297 -0.036865234375 -0.0833892822265625
-0.0302028656005859 -0.00539588928222656 -0.0240020751953125 -0.0750656127929688
-0.0170269012451172 -0.0312633514404297 -0.019683837890625 -0.0706329345703125
0.020294189453125 -0.0410957336425781 -0.0088958740234375 -0.083831787109375
0.06207275390625 -0.0114326477050781 0.0070648193359375 -0.106063842773438
0.0759124755859375 0.0355072021484375 0.00695800781250002 -0.160018920898438
0.055877685546875 0.07379150390625 0.0196075439453125 -0.190933227539063
0.0379180908203125 0.110191345214844 0.10498046875 -0.131546020507813
0.0626564025878906 0.0273780822753906 0.0237159729003906 -0.0401611328125
0.0439491271972656 0.000965118408203125 0.0521354675292969 0.0386848449707031
0.0225048065185547 -0.0162258148193359 0.110748291015625 -0.011016845703125
0.00809288024902344 -0.0180625915527344 0.0933380126953125 -0.0811996459960938
-0.00716400146484375 -0.0213832855224609 0.0324020385742188 -0.130180358886719
-0.0206336975097656 -0.0285167694091797 -0.0248031616210938 -0.127685546875
-0.0201969146728516 -0.0271720886230469 -0.0372467041015625 -0.0926361083984375
-0.0267143249511719 -0.0344696044921875 -0.0337982177734375 -0.0790939331054688
-0.0121612548828125 -0.0506439208984375 -0.0267333984375 -0.0695533752441406
0.0255241394042969 -0.0572013854980469 -0.0213737487792969 -0.0597419738769531
0.0693092346191406 -0.0349540710449219 -0.012451171875 -0.0730819702148438
0.0920257568359375 0.03936767578125 -0.00283050537109374 -0.0896835327148437
0.0831756591796875 0.100814819335937 0.00361633300781251 -0.136405944824219
0.0354156494140625 0.140792846679688 0.020050048828125 -0.15838623046875
0.00801086425781249 0.168121337890625 0.117813110351563 -0.08514404296875
0.0636215209960938 0.0951919555664063 0.0366592407226563 -0.0101280212402344
0.0831680297851563 0.0563430786132813 0.0563507080078125 0.0565986633300781
0.0807113647460938 -0.00708770751953125 0.116874694824219 0.00618743896484375
0.0525932312011719 -0.0409317016601563 0.102203369140625 -0.0625839233398437
0.011932373046875 -0.0679779052734375 0.0435638427734375 -0.117530822753906
-0.019622802734375 -0.0741348266601562 -0.01495361328125 -0.113578796386719
-0.0182380676269531 -0.0693244934082031 -0.031341552734375 -0.0757904052734375
-0.025970458984375 -0.0811004638671875 -0.0273513793945313 -0.0602798461914063
0.00121307373046876 -0.0901947021484375 -0.0293540954589844 -0.0496330261230469
0.0577774047851563 -0.0828704833984375 -0.0268974304199219 -0.0387458801269531
0.106765747070313 -0.0390243530273438 -0.0211410522460937 -0.05682373046875
0.118438720703125 0.0710601806640625 -0.0142669677734375 -0.0723495483398438
0.0906524658203125 0.144287109375 0.00258636474609375 -0.104568481445312
0.0165863037109375 0.184600830078125 0.0136184692382813 -0.107429504394531
-0.02569580078125 0.1998291015625 0.115524291992188 -0.019195556640625
0.04827880859375 0.14923095703125 0.0419692993164063 0.0338935852050781
0.104873657226563 0.110519409179688 0.0539398193359375 0.0785980224609375
0.12786865234375 0.0124130249023438 0.111686706542969 0.0305938720703125
0.0938796997070313 -0.0525360107421875 0.100822448730469 -0.0329360961914063
0.0325775146484375 -0.102577209472656 0.0517501831054688 -0.0887374877929688
-0.0139999389648437 -0.108505249023437 -0.00210571289062501 -0.0850448608398438
-0.0139541625976562 -0.100021362304688 -0.020599365234375 -0.0480003356933594
-0.0244903564453125 -0.115760803222656 -0.0171852111816406 -0.0309925079345703
0.00943756103515624 -0.117691040039062 -0.0286731719970703 -0.0201034545898438
0.078033447265625 -0.102264404296875 -0.0311985015869141 -0.0117740631103516
0.12860107421875 -0.0438003540039063 -0.0306167602539062 -0.0372085571289063
0.133583068847656 0.0870208740234375 -0.0219383239746094 -0.0558052062988281
0.091217041015625 0.165664672851563 0.00773239135742187 -0.0702018737792968
-0.00149536132812501 0.2030029296875 0.00451278686523437 -0.0468978881835937
-0.0569000244140625 0.195571899414063 0.09698486328125 0.0549697875976563
0.0172576904296875 0.17474365234375 0.0372848510742188 0.0843734741210938
0.097930908203125 0.14984130859375 0.0439224243164063 0.0996322631835938
0.14892578125 0.03839111328125 0.0942306518554687 0.0577011108398437
0.120536804199219 -0.0481643676757813 0.08795166015625 0.00254058837890625
0.0515594482421875 -0.118385314941406 0.0535621643066406 -0.0486297607421875
-0.00589752197265625 -0.126083374023438 0.0109138488769531 -0.0449943542480469
-0.00827789306640624 -0.115509033203125 -0.00742340087890625 -0.0126810073852539
-0.0195083618164063 -0.134002685546875 -0.0042567253112793 0.00496768951416015
0.01617431640625 -0.131095886230469 -0.0256309509277344 0.0151004791259766
0.0888442993164062 -0.108001708984375 -0.0338249206542969 0.0182380676269531
0.135917663574219 -0.0411376953125 -0.0385932922363281 -0.0168113708496094
0.130226135253906 0.0971450805664063 -0.0261039733886719 -0.0416831970214844
0.07562255859375 0.169815063476563 0.0169105529785156 -0.036529541015625
-0.0236358642578125 0.195281982421875 -0.00626277923583985 0.0157556533813477
-0.077606201171875 0.157623291015625 0.0679855346679688 0.123435974121094
-0.018951416015625 0.161911010742188 0.0239334106445312 0.130844116210938
0.064117431640625 0.158248901367188 0.028045654296875 0.112541198730469
0.136726379394531 0.0601425170898437 0.0663070678710938 0.0780715942382812
0.12322998046875 -0.0313720703125 0.06500244140625 0.0345687866210938
0.0614547729492188 -0.111129760742188 0.0479850769042969 -0.00424194335937501
0.00437927246093749 -0.122520446777344 0.0218334197998047 -7.820129394532E-05
-0.000564575195312512 -0.113349914550781 0.00741958618164062 0.0240898132324219
-0.0119400024414063 -0.132858276367188 0.00802230834960937 0.0425910949707031
0.0227737426757812 -0.126701354980469 -0.0222511291503906 0.0508613586425781
0.092376708984375 -0.09869384765625 -0.0377578735351562 0.0462226867675781
0.13043212890625 -0.0289230346679688 -0.0472068786621094 0.00162506103515624
0.110191345214844 0.103324890136719 -0.0297946929931641 -0.0311641693115234
0.0449371337890625 0.159515380859375 0.0225772857666016 -0.00537872314453124
-0.048736572265625 0.164596557617188 -0.0219039916992188 0.0729217529296875
-0.0824050903320313 0.0885391235351563 0.034271240234375 0.173370361328125
-0.0479965209960937 0.112457275390625 0.00714111328124999 0.161529541015625
0.0185699462890625 0.130195617675781 0.0137100219726562 0.114433288574219
0.095184326171875 0.0660552978515625 0.038177490234375 0.0867767333984375
0.0997390747070313 -0.01007080078125 0.0394325256347656 0.0559310913085938
0.0591812133789063 -0.0840911865234375 0.0369377136230469 0.034088134765625
0.0122451782226563 -0.0985031127929688 0.0291786193847656 0.0414352416992187
0.00673675537109375 -0.093414306640625 0.0208778381347656 0.057861328125
-0.001434326171875 -0.112159729003906 0.0178070068359375 0.0775375366210938
0.0270156860351562 -0.106002807617188 -0.020965576171875 0.0840377807617188
0.0859909057617188 -0.0769805908203125 -0.0453224182128906 0.0698165893554688
0.112281799316406 -0.0114898681640625 -0.0583000183105469 0.0162925720214844
0.0774688720703125 0.100898742675781 -0.0353660583496094 -0.02349853515625
0.00723266601562499 0.133125305175781 0.0213451385498047 0.0214977264404297
-0.0697860717773437 0.114006042480469 -0.04486083984375 0.118637084960938
-0.07330322265625 0.00571441650390624 0.0088653564453125 0.194442749023438
-0.0633621215820313 0.0425376892089844 -0.0041656494140625 0.1717529296875
-0.0248641967773437 0.0759124755859375 0.00631713867187499 0.106880187988281
0.0396575927734375 0.0556602478027344 0.0184860229492188 0.0864944458007812
0.0580253601074219 0.00885772705078125 0.0201416015625 0.0653266906738281
0.0441741943359375 -0.0437698364257813 0.0276451110839844 0.0600357055664062
0.018280029296875 -0.0582733154296875 0.0340194702148438 0.0710220336914063
0.0124664306640625 -0.0586624145507813 0.030059814453125 0.08233642578125
0.00896453857421876 -0.0758209228515625 0.0231552124023438 0.105178833007812
0.0273284912109375 -0.0714111328125 -0.0232467651367187 0.109519958496094
0.0679512023925781 -0.0469741821289063 -0.0553970336914063 0.0867385864257812
0.0808258056640625 0.00470733642578125 -0.0715103149414062 0.0261611938476563
0.0382919311523437 0.083953857421875 -0.0436363220214844 -0.0196495056152344
-0.0279541015625 0.0897598266601562 0.00987243652343749 0.0394515991210938
-0.0800857543945313 0.0474853515625 -0.0719451904296875 0.145355224609375
0.0590400695800781 0.03546142578125 0.0719451904296875 -0.156417846679687
0.0445060729980469 -0.0401611328125 0.00185394287109376 -0.052093505859375
-0.00434494018554687 -0.0439720153808594 0.045623779296875 0.0276870727539063
-0.0331249237060547 -0.0139656066894531 0.0984878540039063 -0.02203369140625
-0.0306282043457031 0.0120525360107422 0.0765380859375 -0.0900650024414063
-0.0186519622802734 0.0293159484863281 0.0157699584960938 -0.127143859863281
-0.0154953002929687 0.0223541259765625 -0.0357284545898438 -0.123336791992187
-0.0169734954833984 0.0210208892822266 -0.042877197265625 -0.0926132202148438
-0.0241603851318359 0.0205516815185547 -0.0414581298828125 -0.0800857543945313
-0.0307807922363281 -0.00289154052734375 -0.0290985107421875 -0.0732650756835938
-0.0185756683349609 -0.0296630859375 -0.024017333984375 -0.0698928833007813
0.0178489685058594 -0.0424919128417969 -0.0126724243164062 -0.0845565795898438
0.0612335205078125 -0.0147705078125 0.00365447998046876 -0.107460021972656
0.07781982421875 0.0311279296875 0.000244140625000001 -0.160140991210937
0.0598068237304688 0.0707855224609375 0.00915527343750002 -0.192169189453125
0.043792724609375 0.109451293945313 0.0971755981445313 -0.136993408203125
0.0631675720214844 0.0234642028808594 0.019744873046875 -0.0417137145996094
0.0441932678222656 -0.00194168090820313 0.0537528991699219 0.0374946594238281
0.0216522216796875 -0.0178928375244141 0.110633850097656 -0.0150909423828125
0.00680923461914062 -0.0183200836181641 0.0898208618164063 -0.0847930908203125
-0.00902938842773438 -0.0206260681152344 0.0260696411132812 -0.131088256835937
-0.0226917266845703 -0.026611328125 -0.0311203002929688 -0.125328063964844
-0.0210895538330078 -0.0255165100097656 -0.0418624877929687 -0.0892791748046875
-0.0282649993896484 -0.0319900512695313 -0.0384597778320312 -0.076141357421875
-0.0155067443847656 -0.0487556457519531 -0.0309219360351563 -0.0675048828125
0.0217437744140625 -0.0579643249511719 -0.0254478454589844 -0.0592460632324219
0.0669517517089844 -0.0390396118164062 -0.0160446166992187 -0.0741653442382813
0.093841552734375 0.0341873168945313 -0.00532531738281249 -0.090789794921875
0.0885772705078125 0.0954437255859375 -0.00237274169921873 -0.137313842773437
0.04241943359375 0.138931274414063 0.0110321044921875 -0.15960693359375
0.0165252685546875 0.168167114257813 0.112457275390625 -0.0908355712890625
0.0674057006835938 0.0901412963867188 0.033782958984375 -0.0123062133789062
0.08673095703125 0.0510025024414063 0.0587654113769531 0.0557060241699219
0.0795135498046875 -0.01190185546875 0.117080688476562 0.002410888671875
0.0494155883789063 -0.0432929992675781 0.100082397460938 -0.0668792724609375
0.006805419921875 -0.0673255920410156 0.0383377075195313 -0.119354248046875
-0.0241928100585938 -0.0723724365234375 -0.020751953125 -0.112335205078125
-0.0215911865234375 -0.0675468444824219 -0.0346755981445312 -0.0722274780273438
-0.0308837890625 -0.07867431640625 -0.0315475463867188 -0.0580406188964844
-0.0045318603515625 -0.0883407592773438 -0.0327568054199219 -0.0475578308105469
0.05169677734375 -0.0852279663085938 -0.0298957824707031 -0.0383224487304688
0.103607177734375 -0.0442276000976563 -0.0243072509765625 -0.0572700500488281
0.122413635253906 0.0647354125976563 -0.0158920288085938 -0.0731582641601563
0.0981826782226562 0.138252258300781 -0.00157928466796875 -0.105110168457031
0.025848388671875 0.183822631835938 0.00680541992187501 -0.108001708984375
-0.01544189453125 0.200958251953125 0.113189697265625 -0.0253448486328125
0.05419921875 0.145095825195313 0.0413818359375 0.0311698913574219
0.110649108886719 0.104850769042969 0.0565948486328125 0.07806396484375
0.126869201660156 0.0046539306640625 0.112716674804688 0.0277862548828125
0.08953857421875 -0.0571212768554688 0.1004638671875 -0.0363693237304688
0.0257568359375 -0.102951049804687 0.0479049682617188 -0.0908737182617188
-0.0209808349609375 -0.107017517089844 -0.00621795654296875 -0.084625244140625
-0.0194320678710937 -0.0982284545898438 -0.0234909057617188 -0.0454292297363281
-0.0318603515625 -0.112716674804688 -0.0201072692871094 -0.0297527313232422
0.001922607421875 -0.116844177246094 -0.0307540893554688 -0.018402099609375
0.0703201293945313 -0.105850219726563 -0.0328006744384765 -0.0112838745117188
0.124839782714844 -0.0508499145507813 -0.0327644348144531 -0.0367889404296875
0.1378173828125 0.0800933837890625 -0.0234451293945312 -0.0561027526855469
0.099365234375 0.159286499023438 0.00489807128906251 -0.0718154907226562
0.00820922851562498 0.202728271484375 0.000579833984374997 -0.0477485656738281
-0.0472412109375 0.198822021484375 0.0985031127929688 0.0494155883789063
0.02459716796875 0.171920776367187 0.03887939453125 0.08172607421875
0.105606079101562 0.14453125 0.0467529296875 0.099029541015625
0.149673461914063 0.030059814453125 0.0961761474609375 0.0551605224609375
0.11669921875 -0.0539627075195313 0.0894546508789063 -0.000289916992187503
0.0434722900390625 -0.119499206542969 0.0519294738769531 -0.0514945983886719
-0.013519287109375 -0.124626159667969 0.0085601806640625 -0.0456695556640625
-0.0142135620117188 -0.114128112792969 -0.00839614868164063 -0.0116338729858399
-0.0287551879882813 -0.13128662109375 -0.0054779052734375 0.0051283836364746
0.0075225830078125 -0.130393981933594 -0.0258636474609375 0.0161952972412109
0.08099365234375 -0.112548828125 -0.0337467193603516 0.0179347991943359
0.132286071777344 -0.0487060546875 -0.0400772094726562 -0.0159339904785156
0.135299682617188 0.0899581909179688 -0.0272560119628906 -0.0414657592773437
0.083770751953125 0.164199829101563 0.0151863098144531 -0.0386466979980469
-0.0141143798828125 0.196426391601562 -0.00667953491210938 0.0152769088745117
-0.069580078125 0.160491943359375 0.0736618041992188 0.119255065917969
-0.01220703125 0.1605224609375 0.0285415649414062 0.128395080566406
0.072357177734375 0.155258178710938 0.0316390991210938 0.112594604492188
0.138290405273437 0.0523605346679687 0.0692367553710938 0.0765838623046875
0.120384216308594 -0.0374069213867188 0.0679702758789063 0.0330314636230469
0.0542984008789062 -0.113014221191406 0.048431396484375 -0.00742340087890626
-0.00321960449218751 -0.121864318847656 0.0221157073974609 -0.00158119201660157
-0.00684356689453125 -0.112625122070312 0.00814628601074219 0.0244102478027344
-0.0208358764648438 -0.131088256835938 0.00914764404296874 0.0414199829101562
0.01385498046875 -0.126670837402344 -0.02008056640625 0.0515975952148438
0.0849761962890625 -0.103874206542969 -0.0359725952148438 0.0461006164550781
0.128013610839844 -0.0361328125 -0.0477333068847656 0.00339508056640624
0.115638732910156 0.0970077514648437 -0.0311050415039063 -0.0302886962890625
0.05279541015625 0.15545654296875 0.0224800109863281 -0.00805091857910155
-0.0400390625 0.1673583984375 -0.0193710327148438 0.0730361938476563
-0.0775833129882813 0.0921707153320313 0.0430755615234375 0.1705322265625
-0.0424957275390625 0.113510131835937 0.01324462890625 0.160324096679688
0.0253677368164062 0.12994384765625 0.0172348022460937 0.114631652832031
0.0977859497070313 0.060699462890625 0.0417556762695313 0.087066650390625
0.0982131958007813 -0.0149917602539063 0.0431938171386719 0.0552024841308594
0.0531997680664063 -0.0863037109375 0.0394821166992187 0.0316581726074219
0.0066680908203125 -0.0988006591796875 0.0316848754882813 0.0393104553222656
0.00146484375000001 -0.0931396484375 0.0230865478515625 0.0566368103027344
-0.00921630859375 -0.111335754394531 0.0209884643554687 0.0755615234375
0.0202560424804687 -0.106658935546875 -0.0173263549804688 0.0838623046875
0.0806427001953125 -0.0821533203125 -0.0417861938476563 0.07086181640625
0.11102294921875 -0.0177154541015625 -0.0578422546386719 0.0184135437011719
0.0829315185546875 0.09619140625 -0.0363235473632812 -0.0221900939941406
0.0141220092773438 0.131683349609375 0.0225753784179688 0.0185928344726563
-0.0638809204101562 0.117355346679687 -0.0387725830078125 0.119674682617188
-0.072509765625 0.00896453857421876 0.01898193359375 0.193191528320313
-0.061553955078125 0.0455703735351562 0.00299072265624998 0.171676635742187
-0.0203704833984375 0.0779495239257813 0.00942230224609374 0.107452392578125
0.0424003601074219 0.053192138671875 0.0221099853515625 0.0872650146484375
0.057708740234375 0.00585556030273438 0.0239295959472656 0.0648880004882813
0.0412063598632813 -0.0460395812988281 0.03167724609375 0.0583343505859375
0.0149421691894531 -0.059478759765625 0.0380287170410156 0.068267822265625
0.0092620849609375 -0.0597381591796875 0.0339126586914062 0.080169677734375
0.00329589843750001 -0.0754318237304688 0.0279006958007813 0.102188110351563
0.0228271484375 -0.0728530883789062 -0.018157958984375 0.109642028808594
0.0650291442871094 -0.0514144897460937 -0.0514297485351563 0.0883712768554688
0.0807952880859375 6.866455078125E-05 -0.0704345703125 0.0287857055664062
0.0427627563476562 0.0819015502929688 -0.0449371337890625 -0.018341064453125
-0.0234527587890625 0.0901336669921875 0.0125732421875 0.0375709533691406
-0.078033447265625 0.0512924194335938 -0.0642242431640625 0.147125244140625
0.0609855651855469 0.035552978515625 0.066741943359375 -0.158676147460938
0.0426673889160156 -0.0410995483398438 -0.0015716552734375 -0.0512886047363281
-0.00597763061523437 -0.0450592041015625 0.0474357604980469 0.028167724609375
-0.0337944030761719 -0.0131816864013672 0.0985794067382812 -0.0237579345703125
-0.0306110382080078 0.0129013061523438 0.0742874145507813 -0.0917816162109375
-0.0182895660400391 0.0302009582519531 0.0133819580078125 -0.127044677734375
-0.0145511627197266 0.0234146118164063 -0.0392684936523437 -0.121917724609375
-0.0156650543212891 0.0213527679443359 -0.0450363159179688 -0.0914077758789063
-0.0223274230957031 0.0214042663574219 -0.044158935546875 -0.0784835815429688
-0.0307941436767578 -0.0011749267578125 -0.032073974609375 -0.07232666015625
-0.0201129913330078 -0.0283756256103516 -0.026458740234375 -0.06988525390625
0.0163726806640625 -0.0433845520019531 -0.0150527954101562 -0.0862884521484375
0.0611763000488281 -0.0167427062988281 0.00305938720703125 -0.109031677246094
0.0788116455078125 0.0283966064453125 -0.00270080566406249 -0.160903930664063
0.06207275390625 0.069732666015625 0.00334167480468751 -0.19317626953125
0.047607421875 0.109687805175781 0.0924530029296875 -0.139930725097656
0.0630645751953125 0.0210723876953125 0.0164833068847656 -0.041717529296875
0.0445709228515625 -0.00431442260742188 0.0554580688476563 0.0386085510253906
0.0204830169677734 -0.0192794799804688 0.110908508300781 -0.0169143676757813
0.00520706176757812 -0.0186042785644531 0.0883865356445313 -0.0864486694335938
-0.0107917785644531 -0.0191650390625 0.0231170654296875 -0.131111145019531
-0.0241413116455078 -0.0250244140625 -0.034515380859375 -0.124153137207031
-0.0214920043945313 -0.0243797302246094 -0.0437469482421875 -0.0874404907226563
-0.0293502807617187 -0.0299854278564453 -0.0414581298828125 -0.0747299194335938
-0.0171012878417969 -0.046630859375 -0.0337295532226563 -0.0663642883300781
0.0193138122558594 -0.0575675964355469 -0.0278434753417969 -0.0594902038574219
0.0657119750976563 -0.0411605834960938 -0.0177536010742188 -0.07537841796875
0.0949478149414063 0.0317230224609375 -0.00570678710937499 -0.0922622680664063
0.0912551879882813 0.0925445556640625 -0.00476074218749998 -0.138160705566406
0.046356201171875 0.138565063476563 0.00567626953125001 -0.160308837890625
0.0213165283203125 0.169052124023438 0.1090087890625 -0.0940475463867188
0.0682601928710938 0.087860107421875 0.0311927795410156 -0.0134239196777344
0.0885391235351563 0.0479507446289063 0.0601463317871094 0.0567626953125
0.0783920288085937 -0.0147857666015625 0.117767333984375 0.00136566162109375
0.0474662780761719 -0.0449142456054687 0.099700927734375 -0.0684890747070313
0.00387191772460938 -0.0665283203125 0.0355453491210938 -0.120368957519531
-0.0274810791015625 -0.0708236694335938 -0.0240554809570313 -0.111503601074219
-0.0231895446777344 -0.0661544799804688 -0.0366287231445313 -0.0707321166992188
-0.0337753295898438 -0.07598876953125 -0.0343170166015625 -0.0567359924316406
-0.00759124755859374 -0.0869674682617188 -0.0349235534667969 -0.0465621948242188
0.047698974609375 -0.0864105224609375 -0.0319023132324219 -0.0386772155761719
0.101799011230469 -0.0475311279296875 -0.0263328552246094 -0.0583419799804688
0.124008178710937 0.0616302490234375 -0.016021728515625 -0.0747299194335938
0.102706909179687 0.134872436523437 -0.00380706787109375 -0.106803894042969
0.0307159423828125 0.184188842773438 0.00304412841796875 -0.108856201171875
-0.010162353515625 0.202560424804688 0.111839294433594 -0.0284423828125
0.0567626953125 0.142578125 0.0395660400390625 0.0299186706542969
0.114402770996094 0.1016845703125 0.057861328125 0.0793533325195313
0.126846313476563 0.0007781982421875 0.11395263671875 0.0273208618164063
0.0873031616210938 -0.05938720703125 0.101539611816406 -0.0379867553710938
0.0212554931640625 -0.102546691894531 0.0460281372070313 -0.0928802490234375
-0.0250396728515625 -0.105636596679687 -0.00936889648437501 -0.0843048095703125
-0.0219345092773437 -0.0973358154296875 -0.0245628356933594 -0.0432662963867188
-0.0361328125 -0.110389709472656 -0.0222930908203125 -0.028778076171875
-0.00257110595703124 -0.115699768066406 -0.0321693420410156 -0.017303466796875
0.065704345703125 -0.107490539550781 -0.0343170166015625 -0.0117664337158203
0.122489929199219 -0.0542678833007813 -0.0345115661621094 -0.0374603271484375
0.140899658203125 0.0763092041015625 -0.0238113403320312 -0.0571517944335937
0.104598999023437 0.15570068359375 0.00341796875 -0.07379150390625
0.013092041015625 0.203460693359375 -0.00152969360351562 -0.0481834411621094
-0.042510986328125 0.2003173828125 0.0997695922851563 0.0461349487304688
0.02783203125 0.170211791992187 0.03924560546875 0.0798263549804688
0.1103515625 0.141952514648438 0.0476531982421875 0.100631713867188
0.149765014648438 0.025054931640625 0.097442626953125 0.0553131103515625
0.114395141601563 -0.0569610595703125 0.0913009643554688 -0.001129150390625
0.03948974609375 -0.119659423828125 0.0510520935058594 -0.0533256530761719
-0.0180740356445312 -0.123603820800781 0.006927490234375 -0.04571533203125
-0.0174713134765625 -0.113517761230469 -0.00891494750976563 -0.0101518630981445
-0.03375244140625 -0.128700256347656 -0.00642776489257813 0.00520753860473632
0.00249481201171876 -0.129844665527344 -0.0264854431152344 0.0170936584472656
0.07598876953125 -0.114784240722656 -0.0340747833251953 0.0180339813232422
0.130538940429688 -0.05279541015625 -0.0409507751464844 -0.0163917541503906
0.138420104980469 0.0863723754882813 -0.02740478515625 -0.0426559448242187
0.08905029296875 0.16168212890625 0.0141754150390625 -0.0407066345214844
-0.00878906250000002 0.197525024414063 -0.00742912292480469 0.0147075653076172
-0.0657958984375 0.162338256835938 0.0765914916992188 0.116325378417969
-0.00898742675781251 0.15972900390625 0.0296401977539062 0.1273193359375
0.0774383544921875 0.1536865234375 0.0323104858398438 0.113861083984375
0.139251708984375 0.0483856201171875 0.0709915161132813 0.077362060546875
0.119056701660156 -0.0404586791992188 0.070343017578125 0.0326919555664063
0.0499343872070313 -0.114082336425781 0.0490875244140625 -0.00903320312500001
-0.00762176513671876 -0.121795654296875 0.0224285125732422 -0.00264930725097657
-0.0103378295898437 -0.112129211425781 0.00860786437988281 0.0245208740234375
-0.0264511108398437 -0.129226684570313 0.00877380371093749 0.0408401489257812
0.00882720947265624 -0.12664794921875 -0.0197105407714844 0.0518302917480469
0.0802993774414063 -0.106887817382813 -0.0356407165527344 0.0462150573730469
0.126861572265625 -0.0404586791992188 -0.0479507446289062 0.00382232666015624
0.118659973144531 0.0940628051757812 -0.0314044952392578 -0.0307598114013672
0.057342529296875 0.153945922851563 0.0224514007568359 -0.0102481842041016
-0.0358428955078125 0.169021606445313 -0.0176849365234375 0.0729141235351563
-0.0756607055664062 0.094268798828125 0.0483245849609375 0.168731689453125
-0.040496826171875 0.114372253417969 0.0161590576171875 0.159805297851562
0.0293960571289062 0.130645751953125 0.0180587768554687 0.116096496582031
0.099395751953125 0.0581207275390625 0.0434799194335938 0.0882644653320313
0.0976028442382813 -0.0176315307617187 0.0458793640136719 0.0554962158203125
0.0500106811523438 -0.087677001953125 0.0417709350585938 0.0302009582519531
0.00272369384765625 -0.0991439819335938 0.0328712463378906 0.0379791259765625
-0.0017852783203125 -0.093231201171875 0.0242958068847656 0.0562896728515625
-0.014007568359375 -0.110458374023438 0.0222930908203125 0.0738601684570313
0.0155487060546875 -0.107315063476563 -0.0152587890625 0.083984375
0.076995849609375 -0.0851364135742188 -0.0403251647949219 0.0701560974121094
0.110466003417969 -0.0211257934570313 -0.0578956604003906 0.0193252563476562
0.085968017578125 0.0944976806640625 -0.0368881225585938 -0.0225448608398437
0.017486572265625 0.131149291992188 0.0236186981201172 0.0169448852539063
-0.0611038208007812 0.119049072265625 -0.0360260009765625 0.119453430175781
-0.0724716186523438 0.00997924804687499 0.0245208740234375 0.192398071289063
-0.0612373352050781 0.0467567443847656 0.00659179687499999 0.171493530273438
-0.0180587768554688 0.0796966552734375 0.0105514526367187 0.108261108398437
0.0439300537109375 0.0519371032714844 0.0238418579101563 0.08892822265625
0.0579109191894531 0.00445938110351563 0.0267829895019531 0.0659980773925781
0.0398139953613281 -0.0472412109375 0.034393310546875 0.0570716857910156
0.0126914978027344 -0.0606040954589844 0.0403175354003906 0.0667533874511719
0.00723648071289062 -0.0602531433105469 0.035888671875 0.0788650512695313
-9.15527343750015E-05 -0.0755996704101563 0.029693603515625 0.101005554199219
0.0198898315429688 -0.0736083984375 -0.0152816772460937 0.109367370605469
0.0632438659667969 -0.0541954040527344 -0.0490570068359375 0.0884475708007813
0.0811767578125 -0.0023193359375 -0.0697822570800781 0.0301628112792969
0.0453414916992187 0.0811843872070313 -0.0452003479003906 -0.018096923828125
-0.0218505859375 0.0906448364257813 0.0142555236816406 0.0364570617675781
-0.0770492553710938 0.0532989501953125 -0.060638427734375 0.148208618164063
0.0648422241210938 0.036956787109375 0.0655364990234375 -0.162582397460938
0.0426673889160156 -0.0429496765136719 -0.00423812866210937 -0.0517807006835938
-0.0075225830078125 -0.0470962524414063 0.0495719909667969 0.02972412109375
-0.0349979400634766 -0.0136070251464844 0.101394653320313 -0.0244064331054688
-0.0316886901855469 0.0139904022216797 0.075408935546875 -0.0943984985351562
-0.0182971954345703 0.0325202941894531 0.013031005859375 -0.129608154296875
-0.0142822265625 0.0251445770263672 -0.0419082641601562 -0.123641967773438
-0.0153675079345703 0.0223541259765625 -0.0471572875976562 -0.0923309326171875
-0.0219001770019531 0.0228195190429688 -0.0470352172851563 -0.0788497924804688
-0.0312442779541016 0.000576019287109371 -0.0344009399414062 -0.0735855102539063
-0.02099609375 -0.0285148620605469 -0.0288619995117188 -0.0717620849609375
0.0163612365722656 -0.0450973510742188 -0.0161666870117187 -0.08990478515625
0.0628890991210937 -0.0183563232421875 0.003662109375 -0.113555908203125
0.0813980102539063 0.0278778076171875 -0.0036773681640625 -0.16552734375
0.0646896362304688 0.0712966918945313 0.000457763671875003 -0.19879150390625
0.051422119140625 0.112930297851563 0.0923919677734375 -0.143875122070313
0.0640602111816406 0.0206947326660156 0.0135993957519531 -0.042327880859375
0.0455360412597656 -0.00605010986328125 0.0579414367675781 0.0400772094726563
0.0202808380126953 -0.0208892822265625 0.114028930664063 -0.01702880859375
0.00461769104003906 -0.0189342498779297 0.0907821655273438 -0.089599609375
-0.0119590759277344 -0.0183353424072266 0.0226211547851563 -0.134513854980469
-0.0255031585693359 -0.0246753692626953 -0.037322998046875 -0.1260986328125
-0.0219497680664062 -0.0242538452148438 -0.0457992553710937 -0.0882949829101563
-0.0298061370849609 -0.0291633605957031 -0.044036865234375 -0.0750656127929688
-0.01849365234375 -0.0460205078125 -0.0365486145019531 -0.0673179626464844
0.0179786682128906 -0.058380126953125 -0.0300750732421875 -0.0607337951660156
0.0658721923828125 -0.0432395935058594 -0.0194625854492188 -0.0792160034179688
0.098358154296875 0.0310134887695312 -0.00469207763671874 -0.096710205078125
0.095458984375 0.09271240234375 -0.00601196289062499 -0.1424560546875
0.049468994140625 0.142440795898437 0.003387451171875 -0.164840698242188
0.025238037109375 0.174591064453125 0.109619140625 -0.0982742309570312
0.0699615478515625 0.0886383056640625 0.0290737152099609 -0.0141773223876953
0.0920333862304688 0.0473098754882813 0.0622596740722656 0.0593910217285156
0.0796051025390625 -0.016998291015625 0.121635437011719 0.001373291015625
0.0478477478027344 -0.0462265014648438 0.103141784667969 -0.0708465576171875
0.00179672241210937 -0.0669441223144531 0.0357513427734375 -0.123916625976563
-0.0297393798828125 -0.071319580078125 -0.026397705078125 -0.113479614257813
-0.0249481201171875 -0.0669670104980469 -0.0377197265625 -0.0713043212890625
-0.0357894897460937 -0.0759124755859375 -0.0368156433105469 -0.057098388671875
-0.0102005004882813 -0.0876388549804688 -0.0375289916992188 -0.0467567443847656
0.0466461181640625 -0.0879592895507813 -0.0343170166015625 -0.0399894714355469
0.103134155273438 -0.0503768920898438 -0.0277099609375 -0.0615348815917969
0.128448486328125 0.0608673095703125 -0.015716552734375 -0.0786514282226562
0.107269287109375 0.135749816894531 -0.00452423095703125 -0.11114501953125
0.033355712890625 0.188949584960938 0.000556945800781244 -0.111839294433594
-0.0078277587890625 0.2091064453125 0.1136474609375 -0.0309600830078125
0.05841064453125 0.144729614257813 0.038299560546875 0.0297126770019531
0.119308471679688 0.102371215820313 0.0590362548828125 0.0828781127929688
0.128692626953125 -0.00156402587890625 0.117691040039063 0.028656005859375
0.0885009765625 -0.0614242553710938 0.105880737304688 -0.039154052734375
0.0192794799804687 -0.104469299316406 0.046722412109375 -0.0958709716796875
-0.0279922485351562 -0.107032775878906 -0.0106658935546875 -0.0860824584960938
-0.0240707397460938 -0.0990676879882813 -0.0256233215332031 -0.0433692932128906
-0.0394363403320313 -0.110862731933594 -0.0240325927734375 -0.0288772583007813
-0.00551605224609374 -0.116981506347656 -0.0344028472900391 -0.0172157287597656
0.0638885498046875 -0.110588073730469 -0.0363082885742187 -0.0121078491210938
0.124244689941406 -0.057952880859375 -0.036285400390625 -0.0397834777832031
0.14544677734375 0.0762939453125 -0.0234565734863281 -0.060272216796875
0.109222412109375 0.157318115234375 0.00306701660156251 -0.0771942138671875
0.0165557861328125 0.209548950195313 -0.00286102294921875 -0.049530029296875
-0.0407867431640625 0.206268310546875 0.102378845214844 0.0454483032226563
0.0288848876953125 0.173614501953125 0.0382766723632813 0.0811233520507813
0.116058349609375 0.1439208984375 0.0482254028320313 0.105216979980469
0.152847290039063 0.0236053466796875 0.100387573242188 0.0581741333007813
0.116508483886719 -0.0593719482421875 0.0955963134765625 -0.000984191894531254
0.0373077392578125 -0.122116088867188 0.0526199340820312 -0.0556182861328125
-0.0209732055664063 -0.125640869140625 0.00630569458007813 -0.0473556518554688
-0.0196914672851562 -0.115631103515625 -0.00871562957763672 -0.00956249237060548
-0.0380020141601563 -0.130172729492188 -0.00811052322387696 0.00532293319702148
-0.000846862792968747 -0.131523132324219 -0.0279579162597656 0.0179977416992187
0.07421875 -0.119049072265625 -0.0360450744628906 0.018280029296875
0.132400512695313 -0.0563278198242188 -0.0424156188964844 -0.0172882080078125
0.143844604492188 0.086273193359375 -0.0278968811035156 -0.0449256896972656
0.093841552734375 0.163131713867188 0.0146636962890625 -0.0432052612304687
-0.0070037841796875 0.203475952148437 -0.00812435150146484 0.0153369903564453
-0.065093994140625 0.167312622070313 0.0795364379882813 0.117996215820313
-0.0087738037109375 0.162841796875 0.0301742553710937 0.129241943359375
0.08209228515625 0.157257080078125 0.0325393676757813 0.118354797363281
0.142715454101563 0.0475921630859375 0.0732345581054688 0.081695556640625
0.121345520019531 -0.0424346923828125 0.074676513671875 0.0338821411132813
0.0487594604492188 -0.116996765136719 0.0512847900390625 -0.0105628967285156
-0.0106964111328125 -0.124443054199219 0.0222492218017578 -0.00363540649414063
-0.0126953125 -0.114852905273438 0.00902557373046875 0.0256671905517578
-0.030426025390625 -0.130661010742188 0.0084381103515625 0.0413017272949219
0.0056304931640625 -0.12890625 -0.0202903747558594 0.0530052185058594
0.07891845703125 -0.111289978027344 -0.0365715026855469 0.0463371276855469
0.12847900390625 -0.0434951782226563 -0.049163818359375 0.00292587280273436
0.123527526855469 0.0949554443359375 -0.0319557189941406 -0.0323810577392578
0.0613555908203125 0.155990600585938 0.0235557556152344 -0.0118236541748047
-0.0344085693359375 0.174179077148438 -0.0181655883789063 0.07501220703125
-0.0764923095703125 0.0965423583984375 0.0514373779296875 0.171615600585938
-0.0416946411132813 0.117034912109375 0.0175018310546875 0.162551879882813
0.0328140258789063 0.134048461914063 0.0174560546875 0.120460510253906
0.102455139160156 0.0579833984375 0.0449142456054688 0.09259033203125
0.100135803222656 -0.018585205078125 0.0492591857910156 0.0578346252441406
0.0492019653320312 -0.0901947021484375 0.0440826416015625 0.0297164916992187
0.000457763671875005 -0.101585388183594 0.0345268249511719 0.0376091003417969
-0.00323486328125 -0.0956192016601563 0.025634765625 0.0574874877929687
-0.0174484252929688 -0.112197875976563 0.0226974487304687 0.0752182006835938
0.0131912231445312 -0.109977722167969 -0.015869140625 0.085540771484375
0.0762176513671875 -0.088653564453125 -0.0408477783203125 0.0713119506835938
0.11236572265625 -0.0241851806640625 -0.058685302734375 0.019195556640625
0.0901641845703125 0.0956192016601563 -0.0377922058105469 -0.0231513977050781
0.0195465087890625 0.13397216796875 0.0249118804931641 0.0158786773681641
-0.0607833862304687 0.12322998046875 -0.0356903076171875 0.122566223144531
-0.0748748779296875 0.0103378295898438 0.0287322998046875 0.196746826171875
-0.0627555847167969 0.0486259460449219 0.00816345214843752 0.17474365234375
-0.0168991088867188 0.0825881958007813 0.00961303710937499 0.112358093261719
0.0462570190429688 0.0526657104492188 0.024810791015625 0.0929107666015625
0.0595741271972656 0.00399398803710937 0.0295257568359375 0.0685386657714844
0.0398750305175781 -0.0489120483398437 0.0372085571289063 0.0574798583984375
0.0115165710449219 -0.0629196166992188 0.043182373046875 0.0669975280761719
0.00640869140625 -0.0623283386230469 0.0376968383789063 0.0802230834960938
-0.00199127197265625 -0.0778732299804688 0.0307388305664062 0.102622985839844
0.0179824829101563 -0.07635498046875 -0.0150527954101562 0.111778259277344
0.0635795593261719 -0.0570564270019531 -0.049346923828125 0.0900192260742188
0.0835113525390625 -0.00389862060546875 -0.0710372924804687 0.0310897827148438
0.0477294921875 0.0832061767578125 -0.0466232299804687 -0.01873779296875
-0.0217971801757812 0.0936355590820313 0.0162010192871094 0.0357208251953125
-0.0788650512695313 0.0557174682617187 -0.05999755859375 0.151611328125
0.0709609985351563 0.037628173828125 0.0646514892578125 -0.171371459960938
0.0433769226074219 -0.046295166015625 -0.00797653198242188 -0.0529556274414062
-0.00925445556640625 -0.0503692626953125 0.0537834167480469 0.0314102172851563
-0.0377960205078125 -0.01434326171875 0.106346130371094 -0.0279083251953125
-0.0333576202392578 0.0154457092285156 0.0774307250976563 -0.10040283203125
-0.0183372497558594 0.035430908203125 0.0115203857421875 -0.1357421875
-0.01416015625 0.0276279449462891 -0.0460662841796875 -0.1285400390625
-0.014678955078125 0.0244674682617187 -0.0514907836914063 -0.0955810546875
-0.0214138031005859 0.0254135131835937 -0.0514144897460938 -0.0813140869140625
-0.0324172973632813 0.00265312194824219 -0.038330078125 -0.0760345458984375
-0.0233325958251953 -0.0282058715820313 -0.032318115234375 -0.0752334594726563
0.014984130859375 -0.0483283996582031 -0.018646240234375 -0.0961990356445313
0.0654640197753906 -0.0216026306152344 0.00309753417968751 -0.121452331542969
0.0863800048828125 0.026397705078125 -0.0069122314453125 -0.174468994140625
0.0704879760742188 0.0741348266601563 -0.00497436523437497 -0.209152221679688
0.0587158203125 0.118370056152344 0.093109130859375 -0.152938842773437
0.0676078796386719 0.019989013671875 0.0113258361816406 -0.0442314147949219
0.0475883483886719 -0.00851821899414063 0.0621070861816406 0.0430335998535156
0.0199241638183594 -0.0231723785400391 0.1202392578125 -0.0197372436523438
0.00419235229492187 -0.0200977325439453 0.0948028564453125 -0.0960693359375
-0.0134162902832031 -0.0179939270019531 0.0216064453125 -0.1416015625
-0.0273971557617188 -0.0241069793701172 -0.0421829223632812 -0.131553649902344
-0.0231361389160156 -0.0244464874267578 -0.0498809814453125 -0.0908660888671875
-0.0316963195800781 -0.0290145874023437 -0.0490493774414062 -0.077392578125
-0.0206298828125 -0.046356201171875 -0.0403366088867188 -0.0694160461425781
0.0164756774902344 -0.0611991882324219 -0.0340156555175781 -0.0646705627441406
0.067474365234375 -0.0476036071777344 -0.0220947265625 -0.0844955444335938
0.104423522949219 0.0294342041015625 -0.00565338134765625 -0.103782653808594
0.102668762207031 0.0943374633789063 -0.00880432128906249 -0.150833129882813
0.0557403564453125 0.149398803710938 -0.000961303710937505 -0.174301147460938
0.031005859375 0.183975219726563 0.112510681152344 -0.105766296386719
0.0748214721679688 0.0916213989257813 0.0278282165527344 -0.0150794982910156
0.0984573364257812 0.04638671875 0.0665855407714844 0.0638809204101563
0.0824508666992188 -0.02056884765625 0.128593444824219 0.000701904296874999
0.0487709045410156 -0.0499038696289063 0.108261108398437 -0.07659912109375
-0.000579833984375 -0.0689315795898438 0.0351181030273438 -0.130790710449219
-0.034088134765625 -0.073028564453125 -0.0307159423828125 -0.118293762207031
-0.0275688171386719 -0.0693931579589844 -0.0411911010742188 -0.0728530883789063
-0.0396652221679687 -0.0777206420898438 -0.040679931640625 -0.0582847595214844
-0.0131988525390625 -0.0898361206054687 -0.0414962768554687 -0.0482254028320313
0.04541015625 -0.093109130859375 -0.038238525390625 -0.0423088073730469
0.106346130371094 -0.0556640625 -0.0306282043457031 -0.0663108825683594
0.137588500976562 0.0608291625976562 -0.0168304443359375 -0.0844879150390625
0.116539001464844 0.138984680175781 -0.00710296630859375 -0.117813110351562
0.0402069091796875 0.199188232421875 -0.00257873535156249 -0.118110656738281
-0.0026397705078125 0.22052001953125 0.11810302734375 -0.0352783203125
0.063323974609375 0.150543212890625 0.0380973815917969 0.0300750732421875
0.128669738769531 0.104202270507813 0.0631179809570313 0.0890274047851563
0.134849548339844 -0.00514984130859375 0.125 0.030242919921875
0.0915374755859375 -0.0664138793945312 0.112190246582031 -0.0430755615234375
0.016876220703125 -0.108718872070313 0.0473175048828125 -0.102920532226562
-0.0331497192382813 -0.110679626464844 -0.0134124755859375 -0.0901260375976563
-0.0278701782226563 -0.103660583496094 -0.0274658203125 -0.04388427734375
-0.0449676513671875 -0.114372253417969 -0.0275535583496094 -0.0292434692382813
-0.00946044921875 -0.12115478515625 -0.0377426147460938 -0.0172386169433594
0.0630035400390625 -0.117156982421875 -0.0395469665527344 -0.0131187438964844
0.128501892089844 -0.064300537109375 -0.039093017578125 -0.0429878234863281
0.156082153320312 0.07611083984375 -0.0251884460449219 -0.0651206970214844
0.119415283203125 0.161285400390625 0.00164031982421877 -0.0824508666992187
0.021820068359375 0.220977783203125 -0.0050201416015625 -0.0520477294921875
-0.0382080078125 0.218643188476562 0.107933044433594 0.0454330444335938
0.0326385498046875 0.181304931640625 0.0396804809570313 0.0836639404296875
0.125823974609375 0.148605346679688 0.0519866943359375 0.112480163574219
0.1605224609375 0.020751953125 0.107582092285156 0.0623855590820312
0.121246337890625 -0.0644989013671875 0.103141784667969 -0.002532958984375
0.0350341796875 -0.128005981445313 0.0545616149902344 -0.0604667663574219
-0.0265884399414062 -0.131004333496094 0.005279541015625 -0.050048828125
-0.0239791870117188 -0.120948791503906 -0.00965404510498047 -0.00890731811523438
-0.044158935546875 -0.134239196777344 -0.00983524322509766 0.0060291290283203
-0.00525665283203126 -0.136955261230469 -0.0301418304443359 0.0195293426513672
0.0732345581054688 -0.126274108886719 -0.0385360717773437 0.0186080932617187
0.13726806640625 -0.0627670288085938 -0.0455474853515625 -0.0188102722167969
0.153732299804688 0.0867462158203125 -0.0296707153320312 -0.0484809875488281
0.1026611328125 0.167984008789062 0.0147933959960938 -0.0475273132324219
-0.00248718261718749 0.215072631835938 -0.00887775421142578 0.0158052444458008
-0.0648040771484375 0.177490234375 0.0859909057617188 0.121604919433594
-0.00749206542968751 0.1715087890625 0.032623291015625 0.134185791015625
0.09136962890625 0.16400146484375 0.0347747802734375 0.126533508300781
0.15081787109375 0.046722412109375 0.0791473388671875 0.0867538452148438
0.127059936523438 -0.0468292236328125 0.0814971923828125 0.0348587036132813
0.0472183227539063 -0.122871398925781 0.0544853210449219 -0.0134811401367188
-0.0157928466796875 -0.129920959472656 0.023468017578125 -0.00469207763671876
-0.0164108276367188 -0.120719909667969 0.00982666015625 0.0277042388916016
-0.0365447998046875 -0.134902954101563 0.00859451293945313 0.0431327819824219
0.00135803222656251 -0.134918212890625 -0.0217399597167969 0.0560226440429687
0.0786056518554688 -0.118331909179688 -0.0383415222167969 0.0483474731445312
0.13385009765625 -0.0496978759765625 -0.0519065856933594 0.00260925292968749
0.133468627929688 0.0965423583984375 -0.0335502624511719 -0.0343780517578125
0.0682220458984375 0.161911010742188 0.0251502990722656 -0.0149116516113281
-0.0325164794921875 0.184539794921875 -0.0175704956054688 0.0788803100585938
-0.0785903930664062 0.10321044921875 0.0580596923828125 0.178787231445313
-0.0421981811523438 0.123626708984375 0.0204620361328125 0.169784545898438
0.0384368896484375 0.140670776367188 0.0190048217773438 0.128532409667969
0.109375 0.05859375 0.0498275756835938 0.0992050170898438
0.104751586914063 -0.0215606689453125 0.0550155639648438 0.0603256225585938
0.0494537353515625 -0.095794677734375 0.0475654602050781 0.0292434692382812
-0.0026702880859375 -0.106903076171875 0.0374984741210938 0.0378265380859375
-0.00615692138671876 -0.10125732421875 0.0281181335449219 0.0605506896972656
-0.0219802856445312 -0.116233825683594 0.0243301391601563 0.0781936645507812
0.00964355468749999 -0.11517333984375 -0.0155792236328125 0.0898895263671875
0.0768280029296875 -0.0960922241210938 -0.042083740234375 0.0745468139648438
0.117645263671875 -0.0283432006835938 -0.0612030029296875 0.0204544067382812
0.0976943969726563 0.0989761352539063 -0.0394973754882812 -0.0247344970703125
0.0239639282226562 0.139869689941406 0.0273418426513672 0.0151004791259766
-0.0615768432617187 0.131393432617188 -0.0348663330078125 0.12908935546875
-0.0780563354492188 0.0126495361328125 0.03485107421875 0.204986572265625
-0.06591796875 0.0529518127441406 0.011688232421875 0.183563232421875
-0.0151290893554688 0.0882415771484375 0.0106124877929687 0.119522094726563
0.0502128601074219 0.0543212890625 0.0280075073242187 0.0998458862304688
0.0634346008300781 0.00297927856445313 0.0336837768554688 0.0726165771484375
0.0399665832519531 -0.0525054931640625 0.0414466857910156 0.0585746765136719
0.00997161865234376 -0.0671157836914063 0.046844482421875 0.0683784484863281
0.00501632690429688 -0.0660896301269531 0.0411758422851563 0.08355712890625
-0.00482940673828124 -0.080902099609375 0.0342330932617187 0.106460571289063
0.0164108276367187 -0.0806503295898438 -0.0139389038085937 0.117233276367187
0.0647964477539063 -0.0622825622558594 -0.0504608154296875 0.09429931640625
0.0883636474609375 -0.00669097900390625 -0.0748519897460938 0.0331878662109375
0.0528717041015625 0.0874710083007813 -0.0492134094238281 -0.0196952819824219
-0.0209579467773437 0.099273681640625 0.0193061828613281 0.0361175537109375
-0.0813140869140625 0.0604476928710937 -0.0596771240234375 0.159759521484375
0.0794143676757813 0.0366134643554688 0.060150146484375 -0.184768676757813
0.0437850952148438 -0.0513648986816406 -0.01287841796875 -0.053680419921875
-0.0131416320800781 -0.0538902282714844 0.059417724609375 0.0318412780761719
-0.041015625 -0.01348876953125 0.112052917480469 -0.0336761474609375
-0.0352401733398438 0.0184669494628906 0.0773468017578125 -0.109344482421875
-0.0171890258789063 0.0401573181152344 0.00648498535156251 -0.144012451171875
-0.0126628875732422 0.0313301086425781 -0.055084228515625 -0.133613586425781
-0.0132732391357422 0.0268573760986328 -0.0590286254882813 -0.0984115600585938
-0.0203590393066406 0.0285415649414063 -0.0588760375976562 -0.0831222534179688
-0.0330562591552734 0.00607490539550782 -0.0449066162109375 -0.0786666870117188
-0.0265903472900391 -0.0280055999755859 -0.0380935668945313 -0.0787734985351563
0.012908935546875 -0.0525932312011719 -0.02520751953125 -0.103492736816406
0.068572998046875 -0.0274162292480469 -0.00147247314453124 -0.131233215332031
0.0927505493164063 0.02301025390625 -0.0153045654296875 -0.184890747070313
0.0792617797851562 0.0760498046875 -0.016448974609375 -0.22271728515625
0.0704879760742188 0.123306274414063 0.0906829833984375 -0.166656494140625
0.0720291137695312 0.0175933837890625 0.00704193115234376 -0.0458641052246094
0.0497245788574219 -0.0127944946289062 0.0683059692382813 0.0441474914550781
0.0192813873291016 -0.0260486602783203 0.127304077148438 -0.0255508422851563
0.00263786315917969 -0.0210475921630859 0.0963897705078125 -0.1064453125
-0.0150375366210938 -0.0166788101196289 0.016632080078125 -0.151138305664063
-0.0302715301513672 -0.0222949981689453 -0.05120849609375 -0.136764526367188
-0.0255184173583984 -0.0246162414550781 -0.0572586059570312 -0.0935287475585938
-0.0343399047851562 -0.0279827117919922 -0.05633544921875 -0.0787353515625
-0.0236930847167969 -0.0466232299804688 -0.0472030639648438 -0.0720672607421875
0.0131263732910156 -0.0648689270019531 -0.0400314331054687 -0.0672187805175781
0.06866455078125 -0.0537643432617188 -0.0276336669921875 -0.0910415649414063
0.112739562988281 0.0251007080078125 -0.00942230224609374 -0.112503051757812
0.114021301269531 0.0935745239257813 -0.0164031982421875 -0.160446166992188
0.067169189453125 0.157135009765625 -0.0106048583984375 -0.185440063476563
0.0443572998046875 0.194549560546875 0.11395263671875 -0.117584228515625
0.0831069946289062 0.0933380126953125 0.0262413024902344 -0.0165786743164062
0.107398986816406 0.0429458618164062 0.0739364624023438 0.0670928955078125
0.0854873657226563 -0.0265274047851563 0.137443542480469 -0.00384521484375
0.0484733581542969 -0.0549507141113281 0.112838745117187 -0.0865020751953125
-0.00504302978515625 -0.0715408325195313 0.0316009521484375 -0.141036987304688
-0.0402374267578125 -0.0740432739257812 -0.0381393432617188 -0.123336791992188
-0.0326461791992187 -0.0721893310546875 -0.0469970703125 -0.0746536254882813
-0.046142578125 -0.0789108276367188 -0.0469512939453125 -0.0592689514160156
-0.0186614990234375 -0.092926025390625 -0.0472869873046875 -0.0486335754394531
0.0419082641601563 -0.100166320800781 -0.0435943603515625 -0.0436630249023438
0.109642028808594 -0.0643234252929688 -0.036346435546875 -0.0710601806640625
0.149642944335938 0.056488037109375 -0.0205001831054687 -0.09161376953125
0.130821228027344 0.140052795410156 -0.0131301879882812 -0.126426696777344
0.052947998046875 0.210800170898438 -0.00887298583984374 -0.125869750976563
0.0093231201171875 0.23541259765625 0.123237609863281 -0.0438766479492187
0.0733642578125 0.156829833984375 0.039306640625 0.0304183959960938
0.142959594726563 0.103408813476563 0.0714111328125 0.0943222045898438
0.141845703125 -0.01275634765625 0.135269165039063 0.0283584594726563
0.0941848754882813 -0.0746841430664063 0.119148254394531 -0.0510711669921875
0.0113296508789062 -0.114570617675781 0.045989990234375 -0.111709594726563
-0.0418472290039063 -0.114410400390625 -0.0193634033203125 -0.0946884155273438
-0.035125732421875 -0.107826232910156 -0.0308570861816406 -0.044342041015625
-0.0539321899414062 -0.116943359375 -0.0314464569091797 -0.0289592742919922
-0.0169601440429687 -0.125961303710938 -0.042022705078125 -0.0159645080566406
0.0592117309570313 -0.1265869140625 -0.0441627502441406 -0.012847900390625
0.132469177246094 -0.0743637084960938 -0.0441856384277344 -0.0458145141601563
0.170791625976562 0.07177734375 -0.0287017822265625 -0.070648193359375
0.134902954101563 0.163742065429688 -0.00218200683593749 -0.08953857421875
0.03497314453125 0.234786987304688 -0.00838088989257812 -0.0556068420410156
-0.0288848876953125 0.234970092773438 0.116386413574219 0.0424270629882813
0.042236328125 0.190750122070312 0.0433731079101562 0.0867080688476563
0.142547607421875 0.151260375976563 0.059173583984375 0.120185852050781
0.170562744140625 0.013641357421875 0.117698669433594 0.0636367797851563
0.125968933105469 -0.0743026733398438 0.111885070800781 -0.00736999511718751
0.0299224853515625 -0.13616943359375 0.0552024841308594 -0.067840576171875
-0.0359420776367188 -0.136749267578125 0.00256729125976562 -0.0534172058105469
-0.0324249267578125 -0.127120971679688 -0.0099477767944336 -0.00776863098144532
-0.0547332763671875 -0.138320922851563 -0.0116062164306641 0.00764846801757812
-0.0140380859375 -0.14306640625 -0.0323963165283203 0.0221710205078125
0.0696868896484375 -0.136810302734375 -0.0412178039550781 0.0204505920410156
0.141525268554688 -0.0739288330078125 -0.0495796203613281 -0.0203056335449219
0.168975830078125 0.0837860107421875 -0.0332298278808594 -0.0521163940429687
0.117843627929688 0.17181396484375 0.0137596130371094 -0.0530357360839844
0.00875854492187502 0.230087280273437 -0.00905990600585938 0.0169687271118164
-0.0601959228515625 0.192169189453125 0.0971832275390625 0.124458312988281
-0.000579833984375019 0.1826171875 0.03900146484375 0.14013671875
0.10589599609375 0.169906616210938 0.0416336059570313 0.135665893554688
0.161788940429687 0.0414581298828125 0.0892257690429688 0.0917510986328125
0.132423400878906 -0.055999755859375 0.090789794921875 0.03338623046875
0.0429458618164063 -0.132133483886719 0.0572280883789063 -0.0181465148925781
-0.0247955322265625 -0.136756896972656 0.0240535736083984 -0.00660133361816407
-0.0245742797851562 -0.126815795898437 0.0121746063232422 0.0296077728271484
-0.046844482421875 -0.140045166015625 0.00957107543945312 0.0456008911132812
-0.00743103027343749 -0.141571044921875 -0.0214424133300781 0.0605201721191406
0.0753173828125 -0.129936218261719 -0.0393295288085937 0.0521888732910156
0.139366149902344 -0.0597457885742188 -0.055389404296875 0.00381469726562499
0.147369384765625 0.0950927734375 -0.0368423461914062 -0.0369529724121094
0.0813751220703125 0.167312622070313 0.0266819000244141 -0.0186500549316406
-0.02490234375 0.198287963867188 -0.0147857666015625 0.0840072631835938
-0.0785293579101563 0.113960266113281 0.070465087890625 0.1861572265625
-0.040191650390625 0.133522033691406 0.0285186767578125 0.178115844726562
0.0486907958984375 0.148223876953125 0.0248870849609375 0.138160705566406
0.118583679199219 0.0572280883789062 0.0578460693359375 0.10577392578125
0.111160278320313 -0.0281524658203125 0.063812255859375 0.0625381469726562
0.0465240478515625 -0.104072570800781 0.0527763366699219 0.0275802612304687
-0.00965118408203125 -0.113609313964844 0.0418357849121094 0.0377349853515625
-0.0125503540039063 -0.107444763183594 0.032806396484375 0.0628471374511719
-0.03076171875 -0.121452331542969 0.028411865234375 0.081787109375
0.00289916992187499 -0.122352600097656 -0.0132827758789062 0.0958786010742188
0.07550048828125 -0.106315612792969 -0.04156494140625 0.0799026489257812
0.123458862304688 -0.0372695922851563 -0.0644645690917969 0.0238075256347656
0.109832763671875 0.100135803222656 -0.0427894592285156 -0.02569580078125
0.0327911376953125 0.146957397460938 0.0309562683105469 0.0122509002685547
-0.0584869384765625 0.143096923828125 -0.0305557250976562 0.138465881347656
-0.0826797485351563 0.0170440673828125 0.0469207763671875 0.215347290039063
-0.0682792663574219 0.0597076416015625 0.0206298828125 0.193496704101563
-0.011077880859375 0.0956649780273438 0.0158920288085937 0.128448486328125
0.0568580627441406 0.0552215576171875 0.0354232788085937 0.107284545898438
0.0682373046875 0.000202178955078125 0.041046142578125 0.0763931274414063
0.0393142700195313 -0.0583229064941406 0.0477561950683594 0.0593910217285156
0.00602722167968751 -0.0723037719726563 0.0537223815917969 0.0690231323242188
0.00116729736328124 -0.0713119506835938 0.0480422973632813 0.0867996215820313
-0.0103302001953125 -0.0857391357421875 0.0407180786132813 0.110931396484375
0.0119476318359375 -0.0866928100585938 -0.0101470947265625 0.124336242675781
0.0651512145996094 -0.0702400207519531 -0.0489883422851562 0.101509094238281
0.0937957763671875 -0.0123367309570313 -0.0779800415039063 0.0378646850585938
0.0609054565429688 0.091094970703125 -0.0523872375488281 -0.0195846557617187
-0.017181396484375 0.106941223144531 0.0237388610839844 0.0354270935058594
-0.0834884643554688 0.0681304931640625 -0.05511474609375 0.172073364257813
0.08819580078125 0.0312957763671875 0.0479888916015625 -0.198287963867188
0.0411491394042969 -0.0576744079589844 -0.0196914672851562 -0.053131103515625
-0.0195159912109375 -0.0561866760253906 0.0653572082519531 0.0295372009277344
-0.0455360412597656 -0.0114326477050781 0.115180969238281 -0.043243408203125
-0.0365371704101563 0.0225715637207031 0.0727462768554688 -0.120162963867188
-0.0137100219726563 0.0446929931640625 -0.00326538085937501 -0.150772094726562
-0.0100212097167969 0.0352745056152344 -0.0681076049804688 -0.13525390625
-0.0108222961425781 0.0292816162109375 -0.0690994262695313 -0.0983428955078125
-0.0169143676757813 0.031646728515625 -0.0686111450195313 -0.081695556640625
-0.0333404541015625 0.00996780395507813 -0.0535354614257813 -0.0791549682617188
-0.0305671691894531 -0.0258979797363281 -0.0473785400390625 -0.0805130004882813
0.00802993774414063 -0.0560417175292969 -0.0345687866210938 -0.108718872070313
0.0691642761230469 -0.0348281860351563 -0.01116943359375 -0.139427185058594
0.098968505859375 0.0162887573242188 -0.0297088623046875 -0.192245483398437
0.0907821655273438 0.0738143920898438 -0.0349884033203125 -0.231903076171875
0.0856475830078125 0.123954772949219 0.081787109375 -0.181854248046875
0.0760879516601563 0.0129623413085938 0.00147628784179688 -0.0475234985351562
0.0507545471191406 -0.0189018249511719 0.076324462890625 0.0428924560546875
0.0167427062988281 -0.0296764373779297 0.132270812988281 -0.0356063842773438
0.000133514404296877 -0.0220298767089844 0.0937042236328125 -0.118453979492188
-0.0172233581542969 -0.0143136978149414 0.006683349609375 -0.159072875976563
-0.0336151123046875 -0.0193939208984375 -0.064117431640625 -0.138603210449219
-0.0280647277832031 -0.0230789184570312 -0.0665664672851563 -0.0932693481445312
-0.0372161865234375 -0.0253753662109375 -0.0653915405273438 -0.077392578125
-0.0284194946289063 -0.0449333190917969 -0.0556793212890625 -0.0714187622070312
0.00809860229492188 -0.0675048828125 -0.0482902526855469 -0.0682830810546875
0.06695556640625 -0.0626220703125 -0.0371246337890625 -0.0961380004882813
0.119956970214844 0.016357421875 -0.0182342529296875 -0.120025634765625
0.126213073730469 0.0875244140625 -0.0292816162109375 -0.167037963867188
0.0842742919921875 0.16009521484375 -0.026275634765625 -0.193695068359375
0.064178466796875 0.201339721679687 0.110000610351563 -0.132194519042969
0.093597412109375 0.0915985107421875 0.0231590270996094 -0.0184974670410156
0.115837097167969 0.0353012084960938 0.0831375122070313 0.0670623779296875
0.0865097045898438 -0.0356903076171875 0.1451416015625 -0.0125732421875
0.0462684631347656 -0.061798095703125 0.112815856933594 -0.0998458862304687
-0.0115127563476563 -0.0727767944335938 0.0225067138671875 -0.150314331054688
-0.048248291015625 -0.072845458984375 -0.0501937866210937 -0.126144409179688
-0.040130615234375 -0.0723114013671875 -0.0543060302734375 -0.0739593505859375
-0.0544662475585938 -0.0776901245117188 -0.0543670654296875 -0.0574073791503906
-0.0272598266601563 -0.0936431884765625 -0.0544891357421875 -0.0472602844238281
0.035186767578125 -0.106613159179688 -0.0506095886230469 -0.0433425903320313
0.108779907226563 -0.0764846801757813 -0.0445327758789063 -0.0747528076171875
0.1611328125 0.0457305908203125 -0.028106689453125 -0.0976715087890625
0.147171020507813 0.134780883789063 -0.0232086181640625 -0.132469177246094
0.072845458984375 0.21826171875 -0.0198974609375 -0.131507873535156
0.02978515625 0.246856689453125 0.125640869140625 -0.0559616088867187
0.0883026123046875 0.159317016601562 0.0403480529785156 0.029144287109375
0.15850830078125 0.095733642578125 0.0822372436523438 0.0967788696289063
0.146652221679688 -0.0254364013671875 0.145584106445312 0.0218353271484375
0.0927352905273438 -0.0860061645507813 0.123245239257813 -0.063079833984375
0.00209808349609376 -0.119331359863281 0.0397262573242187 -0.121360778808594
-0.0535964965820313 -0.115119934082031 -0.0280685424804687 -0.0972213745117188
-0.04559326171875 -0.109825134277344 -0.0351371765136719 -0.0431365966796875
-0.0663986206054687 -0.116653442382813 -0.0363616943359375 -0.0270614624023438
-0.0285720825195313 -0.12872314453125 -0.0470771789550781 -0.0129241943359375
0.0504913330078125 -0.135780334472656 -0.0485115051269531 -0.0111312866210938
0.132308959960938 -0.0894775390625 -0.0506935119628906 -0.0474777221679688
0.18499755859375 0.0609283447265625 -0.0349578857421875 -0.0750656127929688
0.154251098632813 0.15924072265625 -0.00904083251953125 -0.0950927734375
0.0559539794921875 0.244857788085937 -0.0135612487792969 -0.0577201843261719
-0.0117034912109375 0.249588012695313 0.125205993652344 0.03497314453125
0.05792236328125 0.19708251953125 0.0493087768554687 0.0872268676757813
0.161849975585938 0.1470947265625 0.0708084106445313 0.125137329101562
0.1793212890625 0.0002899169921875 0.130073547363281 0.0603485107421875
0.126533508300781 -0.0881271362304688 0.119140625 -0.01654052734375
0.0193328857421875 -0.143600463867188 0.052764892578125 -0.0760498046875
-0.0501785278320313 -0.138809204101563 -0.00147628784179688 -0.0559959411621094
-0.0447463989257813 -0.130210876464844 -0.0106382369995117 -0.00656986236572267
-0.0690994262695312 -0.138626098632813 -0.0128288269042969 0.010009765625
-0.0273284912109375 -0.146804809570313 -0.0337314605712891 0.0262527465820312
0.0601348876953125 -0.148513793945313 -0.0432662963867187 0.023773193359375
0.141799926757812 -0.0890960693359375 -0.0546455383300781 -0.0193443298339844
0.184722900390625 0.073333740234375 -0.0380401611328125 -0.0546836853027344
0.136947631835938 0.169021606445313 0.0103645324707031 -0.0585708618164062
0.027587890625 0.241409301757813 -0.00847244262695312 0.0182971954345703
-0.048187255859375 0.206710815429688 0.111442565917969 0.122001647949219
0.011871337890625 0.191360473632813 0.048828125 0.143447875976562
0.124786376953125 0.1700439453125 0.052764892578125 0.14227294921875
0.17230224609375 0.031158447265625 0.10205078125 0.092132568359375
0.135597229003906 -0.0692825317382813 0.0999298095703125 0.0283737182617187
0.033843994140625 -0.140670776367188 0.0585174560546875 -0.0240478515625
-0.0380783081054688 -0.140327453613281 0.0246562957763672 -0.00874519348144532
-0.0363311767578125 -0.130714416503906 0.0155429840087891 0.0308113098144531
-0.0617523193359375 -0.141189575195313 0.0123519897460937 0.0478935241699219
-0.0204010009765625 -0.14617919921875 -0.0195503234863281 0.0651435852050781
0.0669403076171875 -0.141632080078125 -0.0383834838867187 0.0568084716796875
0.140083312988281 -0.0745162963867188 -0.0583419799804687 0.00637435913085937
0.162887573242188 0.087646484375 -0.0411109924316406 -0.037689208984375
0.0984039306640625 0.16754150390625 0.0267257690429688 -0.0238304138183594
-0.010009765625 0.211105346679688 -0.00942230224609376 0.0891571044921875
-0.073455810546875 0.125892639160156 0.087860107421875 0.188720703125
-0.03253173828125 0.143722534179688 0.041595458984375 0.18402099609375
0.0632476806640625 0.152572631835938 0.0354156494140625 0.146011352539063
0.129058837890625 0.0502471923828125 0.0704269409179688 0.108802795410156
0.115440368652344 -0.0379104614257813 0.0736083984375 0.0609588623046875
0.0396881103515625 -0.111923217773437 0.0574913024902344 0.0235862731933594
-0.0210647583007813 -0.118125915527344 0.0464591979980469 0.0360298156738281
-0.022430419921875 -0.111709594726562 0.0393524169921875 0.0637664794921875
-0.0432281494140625 -0.124092102050781 0.0350418090820313 0.084014892578125
-0.00839233398437501 -0.127601623535156 -0.00750732421875001 0.1019287109375
0.0694198608398438 -0.117576599121094 -0.0387039184570313 0.0861434936523438
0.126815795898437 -0.049285888671875 -0.06622314453125 0.0283393859863281
0.124160766601562 0.0962677001953125 -0.0460128784179687 -0.025543212890625
0.0456695556640625 0.150802612304688 0.0339832305908203 0.00826263427734376
-0.0502777099609375 0.1552734375 -0.0206298828125 0.147430419921875
-0.0860137939453125 0.0241928100585937 0.06585693359375 0.221405029296875
-0.0670509338378906 0.068695068359375 0.0356292724609375 0.200180053710937
-0.00325012207031251 0.102729797363281 0.025177001953125 0.135879516601563
0.0643653869628906 0.0535621643066406 0.0460433959960938 0.112205505371094
0.0725784301757813 -0.00516510009765625 0.05072021484375 0.0776901245117188
0.0358543395996094 -0.0644607543945313 0.0552635192871094 0.0579757690429688
-0.00102996826171875 -0.0771713256835937 0.061859130859375 0.0675888061523438
-0.0050811767578125 -0.0752639770507813 0.056976318359375 0.087615966796875
-0.0185317993164063 -0.0892333984375 0.0501785278320312 0.112960815429688
0.00411224365234375 -0.0916366577148438 -0.00197601318359374 0.131088256835938
0.0623703002929687 -0.0793685913085937 -0.0447921752929687 0.109130859375
0.0977859497070313 -0.020355224609375 -0.07916259765625 0.0446319580078125
0.0728759765625 0.0912551879882812 -0.0562705993652344 -0.0180892944335938
-0.00973510742187501 0.113883972167969 0.0285205841064453 0.0326213836669922
-0.0822372436523438 0.078857421875 -0.0440826416015625 0.184066772460938
0.0946044921875 0.0230560302734375 0.0323028564453125 -0.205780029296875
0.03680419921875 -0.06231689453125 -0.0260047912597656 -0.0496978759765625
-0.025970458984375 -0.055572509765625 0.0695075988769531 0.0261802673339844
-0.0485076904296875 -0.00785064697265625 0.114578247070313 -0.0523529052734375
-0.0357513427734375 0.0271339416503906 0.0646286010742187 -0.12664794921875
-0.00875091552734375 0.0474281311035156 -0.014007568359375 -0.152938842773438
-0.0051422119140625 0.0375099182128906 -0.080108642578125 -0.1312255859375
-0.00744056701660157 0.0310916900634766 -0.0781326293945312 -0.0941238403320313
-0.0131111145019531 0.0335407257080078 -0.0764694213867187 -0.0766677856445313
-0.0316314697265625 0.0145816802978516 -0.0616912841796875 -0.0761489868164063
-0.033233642578125 -0.0223560333251953 -0.0555038452148438 -0.0794219970703125
0.0028076171875 -0.0583572387695313 -0.0450668334960938 -0.110076904296875
0.0665283203125 -0.0424270629882813 -0.022003173828125 -0.142059326171875
0.101860046386719 0.00792694091796875 -0.04547119140625 -0.192733764648437
0.100326538085938 0.0673141479492188 -0.056243896484375 -0.232986450195312
0.0999069213867188 0.11773681640625 0.0677947998046875 -0.19232177734375
0.0784149169921875 0.0063018798828125 -0.00496292114257812 -0.0462837219238281
0.0485572814941406 -0.0242767333984375 0.0817794799804688 0.0390701293945313
0.0130081176757812 -0.0316734313964844 0.13287353515625 -0.0452423095703125
-0.00232887268066406 -0.0219173431396484 0.0858078002929688 -0.127975463867187
-0.0179672241210937 -0.0116233825683594 -0.0052490234375 -0.162567138671875
-0.0347270965576172 -0.015228271484375 -0.0769805908203125 -0.135414123535156
-0.0294933319091797 -0.0204963684082031 -0.0745620727539063 -0.0890045166015625
-0.0388069152832031 -0.0221061706542969 -0.0737991333007812 -0.0726165771484375
-0.0315208435058594 -0.0417976379394531 -0.0633773803710937 -0.0674591064453125
0.0020599365234375 -0.06732177734375 -0.05548095703125 -0.066314697265625
0.0613822937011719 -0.0691909790039063 -0.04632568359375 -0.0972213745117188
0.122962951660156 0.00475311279296875 -0.0278549194335937 -0.122444152832031
0.134773254394531 0.0772628784179687 -0.0429534912109375 -0.167999267578125
0.10052490234375 0.155868530273437 -0.04364013671875 -0.194976806640625
0.084442138671875 0.199005126953125 0.100967407226563 -0.144851684570313
0.102394104003906 0.0851669311523438 0.0189418792724609 -0.0194854736328125
0.120399475097656 0.0250396728515625 0.0909652709960938 0.0636978149414063
0.083526611328125 -0.0436248779296875 0.14801025390625 -0.02276611328125
0.0413093566894531 -0.0664749145507812 0.107444763183594 -0.110847473144531
-0.01763916015625 -0.0714340209960938 0.0108642578125 -0.154998779296875
-0.055328369140625 -0.0677871704101563 -0.0614395141601562 -0.123863220214844
-0.0463142395019531 -0.0695381164550781 -0.0607986450195312 -0.0701904296875
-0.0611495971679688 -0.0723648071289063 -0.0611381530761719 -0.0531349182128906
-0.0352783203125 -0.09063720703125 -0.0601882934570313 -0.0428276062011719
0.025390625 -0.109626770019531 -0.0559005737304687 -0.0408668518066406
0.103096008300781 -0.0870285034179688 -0.0528411865234375 -0.074981689453125
0.16802978515625 0.03173828125 -0.0361785888671875 -0.0993270874023438
0.160797119140625 0.122650146484375 -0.0342254638671875 -0.134330749511719
0.0948028564453125 0.216354370117188 -0.0319747924804688 -0.132362365722656
0.0523834228515625 0.248748779296875 0.123176574707031 -0.0679168701171875
0.102310180664063 0.154708862304688 0.0406570434570313 0.0273094177246094
0.169937133789062 0.0835418701171875 0.0920257568359375 0.0951309204101563
0.14569091796875 -0.0381622314453125 0.151885986328125 0.0126190185546875
0.0868988037109375 -0.0958404541015625 0.122016906738281 -0.0746917724609375
-0.00837707519531249 -0.119575500488281 0.0301895141601563 -0.126945495605469
-0.0651702880859375 -0.110252380371094 -0.0366592407226563 -0.0960922241210938
-0.0556411743164062 -0.106918334960938 -0.0385856628417969 -0.0405464172363281
-0.0767822265625 -0.111167907714844 -0.0404777526855469 -0.0236282348632813
-0.0402145385742188 -0.126312255859375 -0.0502052307128906 -0.0081634521484375
0.03851318359375 -0.141189575195313 -0.0515289306640625 -0.00792312622070314
0.1260986328125 -0.10211181640625 -0.0568122863769531 -0.0468368530273438
0.193771362304688 0.0449066162109375 -0.041748046875 -0.0763778686523437
0.169387817382813 0.147003173828125 -0.0173797607421875 -0.0978622436523438
0.0789031982421875 0.245468139648438 -0.0189437866210938 -0.0578956604003906
0.010162353515625 0.254501342773438 0.130363464355469 0.0244064331054688
0.0739593505859375 0.195892333984375 0.0541152954101563 0.0854034423828125
0.17779541015625 0.135787963867188 0.0819320678710938 0.124908447265625
0.181594848632813 -0.01470947265625 0.13934326171875 0.0532150268554687
0.12139892578125 -0.100723266601563 0.122032165527344 -0.0271377563476563
0.00683593749999998 -0.145965576171875 0.0470809936523438 -0.0823516845703125
-0.0639419555664062 -0.135597229003906 -0.00620269775390625 -0.0564842224121094
-0.0569000244140625 -0.128402709960938 -0.0106058120727539 -0.00523853302001954
-0.0824966430664063 -0.132965087890625 -0.0134286880493164 0.0120716094970703
-0.0413665771484375 -0.144683837890625 -0.0333423614501953 0.0301761627197266
0.047271728515625 -0.154495239257813 -0.0434722900390625 0.0268936157226562
0.135498046875 -0.1031494140625 -0.058563232421875 -0.0174484252929688
0.19427490234375 0.0578460693359375 -0.0436553955078125 -0.0552597045898438
0.153167724609375 0.15863037109375 0.00564575195312501 -0.0621452331542969
0.04937744140625 0.243988037109375 -0.00703811645507812 0.0189495086669922
-0.0312042236328125 0.214111328125 0.123069763183594 0.113784790039063
0.02679443359375 0.1947021484375 0.058563232421875 0.141372680664063
0.142257690429688 0.1629638671875 0.0650177001953125 0.143829345703125
0.177505493164063 0.016876220703125 0.113525390625 0.0875701904296875
0.132919311523438 -0.0821914672851563 0.106094360351563 0.0200576782226562
0.02117919921875 -0.144821166992188 0.0573501586914063 -0.0300445556640625
-0.05242919921875 -0.138198852539063 0.0241241455078125 -0.0112552642822266
-0.0492095947265625 -0.129837036132813 0.0188312530517578 0.0303535461425781
-0.0756072998046875 -0.136917114257813 0.0151329040527344 0.0484237670898437
-0.034454345703125 -0.145309448242188 -0.0158729553222656 0.0685997009277344
0.054718017578125 -0.14971923828125 -0.0357704162597656 0.0598487854003906
0.135971069335938 -0.0881195068359375 -0.0598373413085937 0.00955581665039062
0.174026489257813 0.0740814208984375 -0.0449790954589844 -0.0381355285644531
0.113525390625 0.160659790039063 0.0252342224121094 -0.0290851593017578
0.00796508789062501 0.216461181640625 -0.00207519531250001 0.0909271240234375
-0.06475830078125 0.134292602539063 0.105133056640625 0.184234619140625
-0.0225067138671875 0.149444580078125 0.05535888671875 0.18280029296875
0.078094482421875 0.151153564453125 0.0468292236328125 0.147872924804688
0.136085510253906 0.0404205322265625 0.0817413330078125 0.107452392578125
0.115005493164063 -0.0494155883789063 0.0815887451171875 0.0563201904296875
0.0301971435546875 -0.116600036621094 0.060302734375 0.0190773010253906
-0.0331268310546875 -0.117744445800781 0.0500717163085938 0.03167724609375
-0.0336761474609375 -0.111747741699219 0.0460357666015625 0.062042236328125
-0.0555648803710938 -0.121269226074219 0.0414276123046875 0.0832061767578125
-0.02081298828125 -0.127593994140625 -0.000717163085937493 0.104629516601562
0.0589370727539063 -0.125732421875 -0.0331192016601562 0.0898513793945312
0.124610900878906 -0.06097412109375 -0.0661697387695313 0.0326461791992187
0.135574340820313 0.0873184204101563 -0.04974365234375 -0.0246238708496094
0.0592041015625 0.149551391601563 0.035736083984375 0.00275802612304688
-0.0377197265625 0.163101196289063 -0.00904846191406251 0.150802612304688
-0.085906982421875 0.0319442749023438 0.08551025390625 0.219070434570313
-0.0635910034179688 0.07586669921875 0.051177978515625 0.200393676757813
0.00650787353515626 0.105743408203125 0.0355300903320312 0.138282775878906
0.07061767578125 0.048919677734375 0.0578842163085938 0.112190246582031
0.0745086669921875 -0.0122909545898437 0.0599441528320313 0.0753631591796875
0.0307044982910156 -0.0687484741210938 0.0613441467285156 0.0535049438476562
-0.00977325439453126 -0.0784072875976563 0.0685462951660156 0.0630111694335938
-0.0126953125 -0.07696533203125 0.0658035278320313 0.084442138671875
-0.027618408203125 -0.0887908935546875 0.0600128173828125 0.11126708984375
-0.00478363037109374 -0.0932235717773438 0.00762176513671874 0.133781433105469
0.0557098388671875 -0.0873260498046875 -0.0376129150390625 0.113922119140625
0.09808349609375 -0.0304946899414063 -0.0772628784179688 0.0503768920898438
0.0822219848632813 0.0875778198242188 -0.058685302734375 -0.0160369873046875
-0.000709533691406254 0.117301940917969 0.0328178405761719 0.0283756256103516
-0.0772018432617187 0.0875473022460938 -0.029632568359375 0.19012451171875
0.0970382690429688 0.0153121948242188 0.018585205078125 -0.207687377929688
0.0321388244628906 -0.0649986267089844 -0.0301895141601563 -0.0451469421386719
-0.0310249328613281 -0.0545578002929688 0.07220458984375 0.0231170654296875
-0.0506668090820313 -0.004669189453125 0.11224365234375 -0.0575637817382812
-0.0348987579345703 0.0303363800048828 0.0574874877929688 -0.129447937011719
-0.00401687622070312 0.0485305786132813 -0.0218658447265625 -0.152053833007813
-0.00128936767578125 0.0385284423828125 -0.0872573852539063 -0.126045227050781
-0.00445365905761719 0.0312576293945313 -0.0833587646484375 -0.0892181396484375
-0.00907135009765625 0.0339107513427734 -0.0816116333007813 -0.0709457397460937
-0.0289573669433594 0.0173053741455078 -0.0669097900390625 -0.0723419189453125
-0.0345649719238281 -0.0186328887939453 -0.0606765747070313 -0.0775604248046875
-0.00217437744140625 -0.0583572387695313 -0.0531387329101562 -0.108596801757813
0.0630035400390625 -0.0474853515625 -0.0305328369140625 -0.141555786132813
0.102035522460938 0.00077056884765625 -0.0555877685546875 -0.189346313476563
0.106216430664063 0.0601425170898438 -0.071441650390625 -0.228729248046875
0.109077453613281 0.109657287597656 0.0543670654296875 -0.197006225585938
0.0781784057617188 0.00109100341796875 -0.0100440979003906 -0.0432510375976562
0.0461387634277344 -0.0280189514160156 0.0854034423828125 0.0359954833984375
0.00918769836425781 -0.0322513580322266 0.131195068359375 -0.0518798828125
-0.00485801696777344 -0.0212116241455078 0.0789566040039063 -0.132514953613281
-0.017974853515625 -0.00864791870117187 -0.0145111083984375 -0.161849975585938
-0.0343151092529297 -0.0115489959716797 -0.0848541259765625 -0.129592895507813
-0.030029296875 -0.0183029174804687 -0.0792770385742187 -0.0842437744140625
-0.0385971069335938 -0.0190925598144531 -0.0783462524414063 -0.06719970703125
-0.0328369140625 -0.0378608703613281 -0.0683860778808594 -0.0634651184082031
-0.00241851806640624 -0.06524658203125 -0.06036376953125 -0.0643806457519531
0.0561141967773438 -0.0728225708007813 -0.0536270141601562 -0.0965423583984375
0.122055053710938 -0.00388336181640625 -0.0352401733398438 -0.122947692871094
0.1387939453125 0.0675277709960937 -0.0527801513671875 -0.165390014648438
0.112030029296875 0.149429321289063 -0.056610107421875 -0.191635131835938
0.0986175537109375 0.192855834960938 0.0906219482421875 -0.151748657226563
0.107177734375 0.0787200927734375 0.0148830413818359 -0.0187416076660156
0.121856689453125 0.0163650512695313 0.0959091186523438 0.0604324340820312
0.0789947509765625 -0.049285888671875 0.1483154296875 -0.030517578125
0.0363960266113281 -0.0688972473144531 0.10186767578125 -0.117500305175781
-0.0222969055175781 -0.0681724548339844 0.00144958496093749 -0.155426025390625
-0.0594367980957031 -0.0622749328613281 -0.0690460205078125 -0.119476318359375
-0.0505943298339844 -0.0658760070800781 -0.06414794921875 -0.0662117004394531
-0.0649337768554687 -0.0674057006835938 -0.0649833679199219 -0.0481681823730469
-0.0403518676757813 -0.0862197875976563 -0.0637626647949219 -0.0386428833007813
0.0183486938476563 -0.109169006347656 -0.0598220825195313 -0.0383186340332031
0.09674072265625 -0.0931854248046875 -0.059051513671875 -0.07415771484375
0.168975830078125 0.0197296142578125 -0.042633056640625 -0.0998764038085938
0.167144775390625 0.111129760742188 -0.0421600341796875 -0.132644653320313
0.109451293945312 0.210556030273438 -0.0406341552734375 -0.130744934082031
0.06964111328125 0.244964599609375 0.118598937988281 -0.0767822265625
0.11126708984375 0.148666381835938 0.038909912109375 0.0255851745605469
0.175033569335938 0.0718994140625 0.098419189453125 0.0927810668945313
0.142120361328125 -0.0478057861328125 0.154556274414063 0.0053253173828125
0.0802536010742188 -0.100944519042969 0.118804931640625 -0.0825653076171875
-0.0161361694335938 -0.11688232421875 0.0222549438476563 -0.128715515136719
-0.0729141235351562 -0.1038818359375 -0.0424652099609375 -0.0937118530273437
-0.062774658203125 -0.102920532226563 -0.039947509765625 -0.0379638671875
-0.083587646484375 -0.104278564453125 -0.0424270629882813 -0.0197296142578125
-0.0481719970703125 -0.121231079101563 -0.05145263671875 -0.00444030761718751
0.028228759765625 -0.141708374023438 -0.0536384582519531 -0.00565719604492188
0.118637084960938 -0.109718322753906 -0.0617103576660156 -0.0456581115722656
0.19586181640625 0.0310821533203125 -0.0470123291015625 -0.0763168334960937
0.177337646484375 0.134292602539063 -0.0234603881835937 -0.0980911254882813
0.0957794189453125 0.240509033203125 -0.0227241516113281 -0.0573463439941406
0.0272064208984375 0.2542724609375 0.131134033203125 0.0150070190429688
0.0853729248046875 0.191574096679687 0.056121826171875 0.0821075439453125
0.186676025390625 0.124374389648438 0.09051513671875 0.123832702636719
0.17999267578125 -0.026153564453125 0.145126342773438 0.047027587890625
0.115264892578125 -0.108543395996094 0.121849060058594 -0.0351409912109375
-0.00260925292968749 -0.144485473632813 0.04180908203125 -0.0849761962890625
-0.07366943359375 -0.128868103027344 -0.0102462768554687 -0.0559463500976563
-0.0651779174804688 -0.123939514160156 -0.0101480484008789 -0.00423717498779298
-0.0911712646484375 -0.125846862792969 -0.013758659362793 0.0138826370239258
-0.050750732421875 -0.139167785644531 -0.033050537109375 0.033355712890625
0.0357666015625 -0.156509399414062 -0.0430221557617188 0.0288238525390625
0.128181457519531 -0.111572265625 -0.0613021850585937 -0.0161018371582031
0.197906494140625 0.044769287109375 -0.0476188659667968 -0.0555305480957031
0.161758422851563 0.147369384765625 0.00159454345703126 -0.0643234252929687
0.066314697265625 0.242034912109375 -0.00623893737792968 0.0189762115478516
-0.01727294921875 0.2161865234375 0.129585266113281 0.104766845703125
0.0378875732421875 0.193130493164062 0.0645370483398438 0.137550354003906
0.153594970703125 0.154159545898438 0.0740509033203125 0.143157958984375
0.1781005859375 0.0052032470703125 0.120323181152344 0.0826034545898437
0.128181457519531 -0.0912017822265625 0.109306335449219 0.0134963989257812
0.01165771484375 -0.1448974609375 0.0549468994140625 -0.033599853515625
-0.0623550415039063 -0.1326904296875 0.0229568481445313 -0.0128021240234375
-0.0578994750976562 -0.12640380859375 0.0215587615966797 0.0295562744140625
-0.0850830078125 -0.130142211914062 0.017333984375 0.0488052368164062
-0.0446929931640625 -0.140419006347656 -0.0128173828125 0.070404052734375
0.0435638427734375 -0.152145385742188 -0.0338249206542969 0.0615577697753906
0.129684448242188 -0.0972137451171875 -0.0608749389648438 0.010955810546875
0.17926025390625 0.062408447265625 -0.0479278564453125 -0.0377120971679687
0.1224365234375 0.152572631835938 0.0230216979980469 -0.0326004028320313
0.0229949951171875 0.21630859375 0.0036468505859375 0.0902023315429688
-0.0566864013671875 0.138534545898438 0.116165161132813 0.1759033203125
-0.0136566162109375 0.15179443359375 0.064117431640625 0.1793212890625
0.0890655517578125 0.147308349609375 0.0554656982421875 0.147903442382813
0.138046264648438 0.0316848754882813 0.0899505615234375 0.104248046875
0.112396240234375 -0.0575103759765625 0.086578369140625 0.05078125
0.0220489501953125 -0.118034362792969 0.0611915588378906 0.0146903991699219
-0.0428390502929688 -0.114173889160156 0.0518760681152344 0.0280799865722656
-0.0416259765625 -0.109199523925781 0.05035400390625 0.0591545104980469
-0.0646591186523438 -0.117088317871094 0.0454788208007812 0.0814132690429687
-0.0304489135742187 -0.124519348144531 0.0044403076171875 0.105010986328125
0.0496444702148438 -0.129379272460938 -0.0289230346679687 0.0910186767578125
0.119834899902344 -0.0704116821289063 -0.0653839111328125 0.0348548889160156
0.142074584960938 0.0782928466796875 -0.0511665344238281 -0.0238151550292969
0.06768798828125 0.144821166992188 0.0358963012695313 -0.00218963623046874
-0.026397705078125 0.16571044921875 0.000640869140625 0.14990234375
-0.084228515625 0.0374221801757813 0.09893798828125 0.21240234375
-0.0590438842773438 0.0805892944335938 0.0616302490234375 0.196517944335938
0.0146026611328125 0.106498718261719 0.0429611206054688 0.137916564941406
0.074371337890625 0.0443115234375 0.06561279296875 0.110031127929688
0.07476806640625 -0.01776123046875 0.0660629272460938 0.0723800659179688
0.0253219604492188 -0.070953369140625 0.064239501953125 0.0491905212402344
-0.0164337158203125 -0.0772247314453125 0.072784423828125 0.058013916015625
-0.019561767578125 -0.0765151977539063 0.0710525512695313 0.07989501953125
-0.03472900390625 -0.087188720703125 0.0654525756835938 0.107917785644531
-0.0120925903320312 -0.092559814453125 0.0147933959960937 0.134017944335938
0.048919677734375 -0.092010498046875 -0.0314483642578125 0.115348815917969
0.0962295532226563 -0.0372543334960938 -0.0753250122070313 0.05426025390625
0.0896759033203125 0.0824966430664063 -0.060028076171875 -0.0146408081054687
0.00682830810546875 0.117576599121094 0.0343418121337891 0.0232963562011719
-0.0716476440429687 0.09222412109375 -0.0171661376953125 0.191192626953125
0.0985870361328125 0.00986480712890625 0.009796142578125 -0.208892822265625
0.0294876098632813 -0.0667877197265625 -0.0327262878417969 -0.0416221618652344
-0.0346908569335938 -0.0528106689453125 0.0745468139648438 0.0219650268554687
-0.0527267456054688 -0.00148391723632813 0.11181640625 -0.0607681274414063
-0.0341606140136719 0.0333576202392578 0.0544967651367187 -0.131248474121094
-0.000701904296874998 0.0497093200683594 -0.0260772705078125 -0.152313232421875
0.00265884399414063 0.0388565063476563 -0.091949462890625 -0.122642517089844
-0.00261116027832031 0.0312004089355469 -0.0867080688476563 -0.0866622924804687
-0.0065460205078125 0.0335540771484375 -0.0841140747070313 -0.0680999755859375
-0.0263404846191406 0.0194797515869141 -0.07025146484375 -0.0699501037597656
-0.0350589752197266 -0.0158214569091797 -0.064910888671875 -0.0767745971679688
-0.00570297241210938 -0.0580329895019531 -0.0587310791015625 -0.108627319335938
0.0597991943359375 -0.0508308410644531 -0.0349273681640625 -0.141632080078125
0.101638793945313 -0.0040130615234375 -0.061187744140625 -0.187576293945312
0.109992980957031 0.0550537109375 -0.0811309814453125 -0.226272583007813
0.115425109863281 0.104095458984375 0.0452117919921875 -0.200454711914063
0.0777511596679688 -0.00250244140625 -0.0136070251464844 -0.0406646728515625
0.0436592102050781 -0.0305557250976563 0.0877609252929687 0.0348434448242187
0.00589179992675781 -0.0321865081787109 0.131454467773438 -0.0558319091796875
-0.00634574890136719 -0.0199260711669922 0.075164794921875 -0.135986328125
-0.0173139572143555 -0.00646877288818359 -0.019683837890625 -0.16217041015625
-0.0333099365234375 -0.00889205932617188 -0.0899581909179687 -0.126327514648438
-0.0298538208007812 -0.0170783996582031 -0.0824203491210938 -0.0818557739257812
-0.0383071899414063 -0.0172157287597656 -0.081298828125 -0.0636825561523437
-0.0327281951904297 -0.0349807739257813 -0.071624755859375 -0.0606307983398437
-0.00499725341796874 -0.0634307861328125 -0.0641593933105469 -0.0635337829589844
0.05218505859375 -0.074951171875 -0.0592727661132812 -0.0969467163085938
0.120948791503906 -0.00971221923828125 -0.0396194458007813 -0.123138427734375
0.140762329101562 0.0606231689453125 -0.0583038330078125 -0.1636962890625
0.119964599609375 0.144546508789063 -0.0648345947265625 -0.19012451171875
0.108688354492188 0.18853759765625 0.0837249755859375 -0.157363891601563
0.110183715820313 0.0740280151367188 0.0114250183105469 -0.0172920227050781
0.122512817382813 0.0102767944335938 0.100273132324219 0.0601119995117188
0.0750274658203125 -0.052337646484375 0.149444580078125 -0.0347900390625
0.0325660705566406 -0.07025146484375 0.0992584228515625 -0.121795654296875
-0.0242156982421875 -0.0655250549316406 -0.00378417968750002 -0.1556396484375
-0.0614852905273437 -0.0578346252441406 -0.0740127563476563 -0.116020202636719
-0.0526084899902344 -0.0636367797851563 -0.0660476684570313 -0.0639419555664062
-0.0668106079101563 -0.06396484375 -0.067535400390625 -0.0449028015136719
-0.0424728393554688 -0.0824356079101562 -0.0663528442382813 -0.0353927612304688
0.0138168334960938 -0.108390808105469 -0.0628128051757813 -0.0372238159179688
0.0918121337890625 -0.096954345703125 -0.0636978149414063 -0.0745925903320312
0.169647216796875 0.012481689453125 -0.0468063354492187 -0.100715637207031
0.170745849609375 0.103347778320313 -0.0468978881835937 -0.132110595703125
0.119537353515625 0.20635986328125 -0.0463485717773437 -0.129661560058594
0.0811004638671875 0.242218017578125 0.114341735839844 -0.082855224609375
0.116622924804688 0.14471435546875 0.0370826721191406 0.0260581970214844
0.178909301757813 0.063995361328125 0.104133605957031 0.0922775268554688
0.139358520507813 -0.0537948608398438 0.157958984375 0.000656127929687497
0.0758056640625 -0.105278015136719 0.117332458496094 -0.0884933471679688
-0.020721435546875 -0.114501953125 0.01800537109375 -0.129814147949219
-0.0771865844726563 -0.099090576171875 -0.04644775390625 -0.091888427734375
-0.066864013671875 -0.100517272949219 -0.0404434204101563 -0.0366096496582031
-0.0877761840820313 -0.0995330810546875 -0.0440330505371094 -0.0171127319335938
-0.0525894165039062 -0.11627197265625 -0.0527229309082031 -0.00184249877929689
0.021820068359375 -0.141464233398438 -0.0553741455078125 -0.00395584106445314
0.113388061523437 -0.11456298828125 -0.0658493041992187 -0.0458526611328125
0.196731567382812 0.0227508544921875 -0.0511245727539062 -0.0770645141601562
0.181243896484375 0.126678466796875 -0.0272216796875 -0.098876953125
0.1070556640625 0.237869262695313 -0.0261650085449219 -0.0569915771484375
0.0385894775390625 0.25384521484375 0.131256103515625 0.00816345214843752
0.0920562744140625 0.18927001953125 0.05621337890625 0.0811843872070313
0.193618774414062 0.116439819335937 0.0966949462890625 0.123687744140625
0.178604125976563 -0.03350830078125 0.149581909179688 0.04315185546875
0.111129760742188 -0.114456176757813 0.12249755859375 -0.040435791015625
-0.00904846191406249 -0.1427001953125 0.0383148193359375 -0.0873870849609375
-0.0797653198242188 -0.123878479003906 -0.0123519897460938 -0.0559310913085938
-0.0710296630859375 -0.121246337890625 -0.00937080383300782 -0.00367546081542969
-0.0962600708007813 -0.120170593261719 -0.0138559341430664 0.0163402557373047
-0.0566024780273437 -0.13470458984375 -0.0326461791992188 0.0357131958007812
0.0283660888671875 -0.15704345703125 -0.0438041687011719 0.0302658081054687
0.123367309570313 -0.117103576660156 -0.0640487670898437 -0.0160789489746094
0.200103759765625 0.0359039306640625 -0.0508499145507812 -0.0561027526855469
0.166336059570313 0.140670776367188 -0.00142288208007811 -0.0662460327148437
0.076324462890625 0.24029541015625 -0.00617408752441406 0.0187435150146485
-0.00833129882812499 0.217987060546875 0.133377075195313 0.0984954833984375
0.044158935546875 0.192840576171875 0.0667190551757813 0.135543823242187
0.161239624023438 0.148941040039063 0.0800933837890625 0.144012451171875
0.178375244140625 -0.00146484375 0.125663757324219 0.0799484252929687
0.125213623046875 -0.09771728515625 0.111701965332031 0.00894165039062499
0.00512695312499999 -0.143951416015625 0.0535354614257813 -0.0358352661132813
-0.0695724487304688 -0.128257751464844 0.0225582122802734 -0.0138816833496094
-0.064422607421875 -0.123672485351562 0.0235118865966797 0.0291252136230469
-0.09112548828125 -0.125007629394531 0.0183982849121094 0.049530029296875
-0.050933837890625 -0.136680603027344 -0.0111160278320313 0.0719833374023438
0.035858154296875 -0.153823852539063 -0.0323905944824219 0.0619888305664062
0.124801635742187 -0.103126525878906 -0.0624732971191406 0.0117263793945312
0.1822509765625 0.0546875 -0.0509834289550781 -0.0386962890625
0.128204345703125 0.147262573242188 0.0210838317871094 -0.0359687805175781
0.032257080078125 0.216140747070313 0.00675201416015625 0.0894775390625
-0.051727294921875 0.141448974609375 0.12261962890625 0.170516967773438
-0.00923156738281251 0.153411865234375 0.068267822265625 0.176544189453125
0.0967559814453125 0.145156860351563 0.061187744140625 0.14849853515625
0.140380859375 0.0260086059570312 0.095977783203125 0.102294921875
0.111183166503906 -0.062957763671875 0.090362548828125 0.0480804443359375
0.0161209106445312 -0.118064880371094 0.0618171691894531 0.012054443359375
-0.0491714477539062 -0.111312866210938 0.0528831481933594 0.0256843566894531
-0.047760009765625 -0.108116149902344 0.053466796875 0.0576286315917969
-0.070587158203125 -0.113388061523438 0.0476837158203125 0.0809478759765625
-0.03643798828125 -0.122138977050781 0.00759124755859375 0.105804443359375
0.0428619384765625 -0.1322021484375 -0.0267791748046875 0.0918426513671875
0.117301940917969 -0.0755462646484375 -0.0657424926757812 0.0360946655273437
0.14617919921875 0.072479248046875 -0.0538139343261719 -0.0243949890136719
0.073089599609375 0.142654418945313 0.0351486206054688 -0.00568771362304687
-0.019256591796875 0.167449951171875 0.00643920898437501 0.1500244140625
-0.0838088989257813 0.0414962768554688 0.1070556640625 0.208206176757813
-0.0562973022460937 0.084320068359375 0.06756591796875 0.193801879882813
0.02032470703125 0.10723876953125 0.0475616455078125 0.138641357421875
0.076934814453125 0.0409164428710938 0.0709075927734375 0.109184265136719
0.0746688842773437 -0.0216827392578125 0.0702972412109375 0.0704727172851563
0.021636962890625 -0.0721054077148438 0.0665435791015625 0.0463333129882812
-0.02191162109375 -0.07598876953125 0.0747756958007813 0.0542678833007812
-0.0237579345703125 -0.076141357421875 0.0745391845703125 0.077667236328125
-0.0400848388671875 -0.0851364135742188 0.0695037841796875 0.106796264648437
-0.016998291015625 -0.0915908813476563 0.0191421508789062 0.134353637695313
0.0446853637695312 -0.0951309204101563 -0.028717041015625 0.11639404296875
0.094940185546875 -0.0422821044921875 -0.0750350952148438 0.05615234375
0.0945663452148438 0.0791549682617188 -0.0621566772460937 -0.0147552490234375
0.0112380981445313 0.118766784667969 0.0350227355957031 0.0190582275390625
-0.0679473876953125 0.095458984375 -0.00942993164062501 0.191253662109375
0.101799011230469 0.005828857421875 0.00282287597656251 -0.213897705078125
0.0279464721679688 -0.0696296691894531 -0.0356025695800781 -0.0385704040527344
-0.0387115478515625 -0.0526695251464844 0.0780181884765625 0.02191162109375
-0.0552787780761719 0.00115203857421874 0.114402770996094 -0.0638656616210938
-0.0341415405273438 0.0363960266113281 0.0536880493164063 -0.135055541992188
0.00238800048828126 0.0513687133789063 -0.02923583984375 -0.155792236328125
0.00628662109375 0.0392799377441406 -0.097381591796875 -0.12353515625
-0.000251770019531248 0.0318222045898438 -0.0912857055664062 -0.0868911743164063
-0.00432777404785156 0.0338592529296875 -0.0882568359375 -0.06707763671875
-0.0244026184082031 0.0206661224365234 -0.0746231079101563 -0.06976318359375
-0.0354766845703125 -0.0134162902832031 -0.070220947265625 -0.0777816772460937
-0.00885772705078124 -0.0589752197265625 -0.0641860961914062 -0.11163330078125
0.0590362548828125 -0.0541534423828125 -0.03778076171875 -0.144973754882812
0.1036376953125 -0.00746917724609375 -0.0655670166015625 -0.190750122070313
0.114738464355469 0.0524749755859375 -0.0897369384765625 -0.228408813476563
0.122383117675781 0.101577758789062 0.0396881103515625 -0.206436157226563
0.0791244506835937 -0.005126953125 -0.0165023803710938 -0.0380325317382813
0.0427436828613281 -0.0325469970703125 0.0930633544921875 0.034912109375
0.00380706787109375 -0.0319576263427734 0.135093688964844 -0.0598831176757813
-0.00825691223144531 -0.0189228057861328 0.07476806640625 -0.140731811523438
-0.0159482955932617 -0.00446128845214844 -0.02337646484375 -0.1658935546875
-0.0320701599121094 -0.00697708129882813 -0.0950546264648437 -0.127334594726563
-0.030059814453125 -0.0164432525634766 -0.0860519409179688 -0.0822219848632813
-0.0381393432617188 -0.0160369873046875 -0.0852279663085937 -0.0628662109375
-0.0322418212890625 -0.0336208343505859 -0.0755081176757813 -0.0601577758789062
-0.00595474243164062 -0.0629692077636719 -0.0689811706542969 -0.0642738342285156
0.0504989624023438 -0.0776290893554688 -0.0650482177734375 -0.0996246337890625
0.122024536132813 -0.0136871337890625 -0.0430068969726562 -0.126251220703125
0.144393920898438 0.057769775390625 -0.0625152587890625 -0.166900634765625
0.127334594726562 0.143768310546875 -0.0718994140625 -0.192596435546875
0.117904663085938 0.188156127929687 0.0796966552734375 -0.16351318359375
0.11395263671875 0.0726470947265625 0.00891590118408204 -0.0154800415039062
0.125175476074219 0.00658416748046875 0.106407165527344 0.0608139038085937
0.0736160278320313 -0.0550537109375 0.154449462890625 -0.038238525390625
0.0303421020507813 -0.0723114013671875 0.0998687744140625 -0.127685546875
-0.0256385803222656 -0.0638198852539063 -0.00700378417968751 -0.159698486328125
-0.0629653930664063 -0.05548095703125 -0.0788116455078125 -0.117301940917969
-0.0551567077636719 -0.0635604858398438 -0.0690460205078125 -0.0642280578613281
-0.068939208984375 -0.0627059936523438 -0.0706329345703125 -0.0440444946289063
-0.0442276000976563 -0.0813446044921875 -0.0695419311523438 -0.0343093872070313
0.0112228393554688 -0.108940124511719 -0.0672073364257813 -0.0376853942871094
0.0905609130859375 -0.101486206054688 -0.0699005126953125 -0.077239990234375
0.172637939453125 0.0078125 -0.0504074096679688 -0.104049682617188
0.175827026367188 0.100692749023438 -0.05096435546875 -0.135154724121094
0.129135131835938 0.207534790039063 -0.0520095825195313 -0.132064819335938
0.0914459228515625 0.245330810546875 0.113121032714844 -0.0893630981445312
0.122146606445313 0.145156860351563 0.0351142883300781 0.0270786285400391
0.185028076171875 0.0600738525390625 0.111366271972656 0.094635009765625
0.139686584472656 -0.0582351684570312 0.16412353515625 -0.0023651123046875
0.073516845703125 -0.110000610351563 0.119461059570313 -0.0941848754882813
-0.0239639282226562 -0.113990783691406 0.0153656005859375 -0.133834838867187
-0.0810165405273438 -0.0963973999023437 -0.0501327514648438 -0.0928573608398437
-0.0710983276367187 -0.100250244140625 -0.042144775390625 -0.0365867614746094
-0.09197998046875 -0.0979766845703125 -0.0460090637207031 -0.0151557922363281
-0.0561294555664062 -0.115303039550781 -0.0550727844238281 0.000537872314453108
0.018280029296875 -0.143585205078125 -0.0586051940917969 -0.00368881225585939
0.112495422363281 -0.1201171875 -0.0712051391601563 -0.047637939453125
0.201309204101563 0.0172882080078125 -0.0549240112304687 -0.0798110961914063
0.187225341796875 0.123825073242187 -0.0302047729492188 -0.10125732421875
0.116989135742188 0.240768432617187 -0.0287055969238281 -0.0580711364746094
0.0467071533203125 0.258773803710938 0.133087158203125 0.00364685058593752
0.0980224609375 0.192092895507812 0.05584716796875 0.0825958251953125
0.20220947265625 0.113433837890625 0.104377746582031 0.127662658691406
0.180587768554688 -0.0392913818359375 0.156219482421875 0.042022705078125
0.11016845703125 -0.120925903320312 0.125968933105469 -0.045196533203125
-0.0133514404296875 -0.14373779296875 0.0370025634765625 -0.0901870727539063
-0.0853118896484375 -0.121795654296875 -0.0146980285644531 -0.0567359924316406
-0.076629638671875 -0.121253967285156 -0.00856351852416993 -0.00356197357177735
-0.102241516113281 -0.118560791015625 -0.0140953063964844 0.0180683135986328
-0.0613327026367188 -0.133949279785156 -0.0335311889648438 0.0382041931152344
0.0235443115234375 -0.160247802734375 -0.0454444885253906 0.0308570861816406
0.122039794921875 -0.123214721679688 -0.0680923461914062 -0.0172271728515625
0.205184936523438 0.03094482421875 -0.0545883178710937 -0.058135986328125
0.173049926757812 0.13848876953125 -0.00327682495117186 -0.0698013305664062
0.0861663818359375 0.243362426757813 -0.00641441345214843 0.0188922882080078
-0.0027923583984375 0.223236083984375 0.137954711914063 0.0960464477539063
0.049652099609375 0.197250366210937 0.0682144165039063 0.137382507324219
0.170806884765625 0.147842407226563 0.0865478515625 0.148941040039063
0.182266235351563 -0.0060272216796875 0.132843017578125 0.0796966552734375
0.124961853027344 -0.104499816894531 0.115737915039063 0.00541687011718749
0.00103759765625 -0.145492553710937 0.0538711547851562 -0.0384140014648438
-0.07586669921875 -0.126914978027344 0.0222358703613281 -0.0153484344482422
-0.0702667236328125 -0.124412536621094 0.0258979797363281 0.0291347503662109
-0.0972213745117188 -0.123786926269531 0.0195350646972656 0.0513801574707031
-0.0561904907226563 -0.1361083984375 -0.0101776123046875 0.0749893188476563
0.03045654296875 -0.157684326171875 -0.0333442687988281 0.0637664794921875
0.124412536621094 -0.109268188476563 -0.0658721923828125 0.0120201110839844
0.18853759765625 0.05047607421875 -0.0548782348632812 -0.0395774841308594
0.134262084960938 0.1475830078125 0.0203704833984375 -0.0392723083496094
0.0396575927734375 0.220870971679688 0.00904083251953125 0.0911636352539063
-0.0496063232421875 0.147018432617188 0.12921142578125 0.1700439453125
-0.00619506835937499 0.158157348632813 0.07147216796875 0.178390502929688
0.103927612304687 0.146087646484375 0.0661163330078125 0.15301513671875
0.144195556640625 0.0227508544921875 0.102005004882813 0.103607177734375
0.112617492675781 -0.0692367553710938 0.0951995849609375 0.0466537475585937
0.0127182006835938 -0.120407104492187 0.0634841918945313 0.0103721618652344
-0.0551223754882812 -0.110008239746094 0.0542411804199219 0.0240898132324219
-0.0533981323242187 -0.108512878417969 0.0567474365234375 0.0573577880859375
-0.0767745971679687 -0.112510681152344 0.0505905151367187 0.082550048828125
-0.0416336059570313 -0.122215270996094 0.0097198486328125 0.109352111816406
0.03851318359375 -0.136123657226563 -0.0266876220703125 0.0935821533203125
0.117591857910156 -0.0814437866210938 -0.0676956176757812 0.0371170043945312
0.1524658203125 0.070037841796875 -0.0574111938476562 -0.0249290466308594
0.0780792236328125 0.14471435546875 0.0348834991455078 -0.00905990600585937
-0.015380859375 0.172134399414062 0.010467529296875 0.153045654296875
-0.0853347778320313 0.0456314086914062 0.114944458007813 0.208816528320313
-0.0560302734375 0.0887603759765625 0.07135009765625 0.195892333984375
0.0257034301757812 0.110054016113281 0.051361083984375 0.142410278320313
0.0805206298828125 0.0391006469726563 0.0762405395507813 0.111236572265625
0.0764999389648438 -0.0260772705078125 0.0750961303710938 0.070404052734375
0.0193939208984375 -0.073974609375 0.0692520141601563 0.0448837280273437
-0.0264053344726563 -0.0760955810546875 0.0777053833007813 0.0531539916992187
-0.028656005859375 -0.0767898559570313 0.0793304443359375 0.07757568359375
-0.0451126098632813 -0.0855484008789063 0.073638916015625 0.108436584472656
-0.0214004516601563 -0.0924911499023438 0.02239990234375 0.137947082519531
0.041168212890625 -0.0993728637695313 -0.0278091430664063 0.119102478027344
0.0963821411132813 -0.0465774536132813 -0.0766677856445312 0.0584793090820313
0.100296020507813 0.078704833984375 -0.0657958984375 -0.014739990234375
0.014495849609375 0.122177124023438 0.0356216430664063 0.0165138244628906
-0.0673675537109375 0.0999069213867188 -0.0045928955078125 0.194992065429688
0.10748291015625 0.00040435791015625 -0.00645446777343751 -0.223373413085938
0.0255889892578125 -0.0747222900390625 -0.0385169982910156 -0.0360221862792969
-0.0434684753417969 -0.0529937744140625 0.084014892578125 0.0211868286132812
-0.0588417053222656 0.00517272949218749 0.11981201171875 -0.0704421997070313
-0.0345001220703125 0.0414314270019531 0.0533599853515625 -0.1427001953125
0.00622940063476563 0.0539169311523438 -0.0346832275390625 -0.162673950195313
0.0104827880859375 0.0404472351074219 -0.105682373046875 -0.12548828125
0.00221633911132812 0.0329799652099609 -0.0993881225585938 -0.0885162353515625
-0.00240135192871093 0.034820556640625 -0.0951614379882813 -0.0673294067382812
-0.0225563049316406 0.0225791931152344 -0.0817794799804688 -0.0702590942382813
-0.0366592407226562 -0.0111312866210937 -0.0778121948242188 -0.0801239013671875
-0.0125465393066406 -0.0611228942871094 -0.0727157592773438 -0.115684509277344
0.0582695007324219 -0.0591697692871094 -0.04278564453125 -0.152114868164063
0.107650756835938 -0.0123214721679688 -0.07330322265625 -0.19744873046875
0.122901916503906 0.0494842529296875 -0.102569580078125 -0.23431396484375
0.132354736328125 0.100135803222656 0.031829833984375 -0.217269897460938
0.0818939208984375 -0.00848388671875 -0.0198211669921875 -0.0361289978027344
0.0426139831542969 -0.0357246398925781 0.101058959960938 0.0348358154296875
0.000545501708984373 -0.03179931640625 0.141159057617188 -0.0666961669921875
-0.00933647155761719 -0.0181865692138672 0.0743560791015625 -0.149642944335937
-0.0153055191040039 -0.00277042388916015 -0.0294189453125 -0.172775268554688
-0.0314121246337891 -0.00543403625488282 -0.104637145996094 -0.12933349609375
-0.0308647155761719 -0.0160064697265625 -0.0934219360351563 -0.083465576171875
-0.0392723083496094 -0.0156478881835937 -0.091796875 -0.0626678466796875
-0.0328159332275391 -0.0328540802001953 -0.082366943359375 -0.0597763061523437
-0.00770187377929687 -0.0637245178222656 -0.0766754150390625 -0.06658935546875
0.0486526489257813 -0.0823822021484375 -0.073760986328125 -0.104293823242187
0.1258544921875 -0.0189132690429688 -0.0480194091796875 -0.132659912109375
0.151962280273438 0.0542755126953125 -0.069976806640625 -0.173126220703125
0.139556884765625 0.14495849609375 -0.0834808349609375 -0.197982788085938
0.1317138671875 0.191299438476563 0.0753936767578125 -0.1749267578125
0.121101379394531 0.0718307495117187 0.00608921051025391 -0.0135917663574219
0.130218505859375 0.00188446044921875 0.116462707519531 0.062225341796875
0.0733413696289063 -0.0590133666992188 0.16259765625 -0.045501708984375
0.0281906127929688 -0.0756301879882813 0.100814819335938 -0.137802124023438
-0.0283889770507812 -0.0640296936035156 -0.012786865234375 -0.167190551757813
-0.0656204223632813 -0.0542030334472656 -0.0869216918945313 -0.119422912597656
-0.0594444274902344 -0.0635337829589844 -0.0743484497070313 -0.0655517578125
-0.0734405517578125 -0.0619583129882812 -0.07574462890625 -0.0425491333007813
-0.0472488403320313 -0.0815353393554687 -0.074981689453125 -0.032806396484375
0.00759887695312499 -0.1124267578125 -0.0739212036132812 -0.038238525390625
0.0903854370117188 -0.108650207519531 -0.0782699584960938 -0.0803756713867188
0.179672241210937 0.0009918212890625 -0.0563812255859375 -0.108589172363281
0.1859130859375 0.098114013671875 -0.0578994750976562 -0.140510559082031
0.143890380859375 0.212295532226562 -0.0598220825195312 -0.135231018066406
0.106689453125 0.252182006835938 0.113456726074219 -0.0986862182617187
0.132568359375 0.147979736328125 0.0348548889160156 0.0298347473144531
0.197006225585938 0.0550079345703125 0.122726440429687 0.0974655151367187
0.142410278320313 -0.0655517578125 0.174072265625 -0.00701904296875
0.07177734375 -0.117286682128906 0.123115539550781 -0.103302001953125
-0.0287017822265625 -0.116378784179688 0.0108795166015625 -0.140716552734375
-0.0871429443359375 -0.0952301025390625 -0.0562286376953125 -0.0950851440429688
-0.0780410766601563 -0.101539611816406 -0.0445137023925781 -0.0375289916992188
-0.0992202758789062 -0.0975341796875 -0.0492706298828125 -0.0130691528320313
-0.0614395141601563 -0.11627197265625 -0.0584030151367188 0.00337982177734374
0.0130462646484375 -0.148818969726563 -0.0635108947753906 -0.00275421142578127
0.112281799316406 -0.129638671875 -0.0791244506835938 -0.0494842529296875
0.210525512695313 0.010101318359375 -0.061309814453125 -0.0835418701171875
0.1986083984375 0.122024536132813 -0.0356063842773437 -0.1065673828125
0.1324462890625 0.247024536132813 -0.0332565307617187 -0.0594444274902344
0.0599365234375 0.268325805664063 0.137718200683594 -0.00283813476562498
0.108657836914063 0.19842529296875 0.057891845703125 0.0860443115234375
0.217041015625 0.110809326171875 0.115989685058594 0.13250732421875
0.186294555664063 -0.0472564697265625 0.16766357421875 0.0395355224609375
0.110092163085937 -0.13140869140625 0.131942749023438 -0.0527801513671875
-0.018585205078125 -0.147857666015625 0.0350494384765625 -0.09588623046875
-0.0931243896484375 -0.121299743652344 -0.0177268981933594 -0.0587654113769531
-0.0852432250976563 -0.123344421386719 -0.0084519386291504 -0.00396347045898438
-0.111442565917969 -0.119224548339844 -0.0146694183349609 0.0210494995117187
-0.0686416625976563 -0.135467529296875 -0.0347328186035156 0.0426788330078125
0.0174102783203125 -0.166671752929688 -0.0487098693847656 0.0333137512207031
0.122283935546875 -0.133575439453125 -0.0750579833984375 -0.0170211791992188
0.216140747070313 0.024261474609375 -0.0608329772949218 -0.0605125427246094
0.184326171875 0.138275146484375 -0.006744384765625 -0.0742263793945312
0.0996551513671875 0.252593994140625 -0.00674438476562499 0.0200901031494141
0.00585937500000001 0.233673095703125 0.146682739257813 0.093841552734375
0.05792236328125 0.205322265625 0.0724029541015625 0.141769409179688
0.18548583984375 0.148208618164063 0.0972900390625 0.1546630859375
0.190017700195312 -0.0131988525390625 0.14349365234375 0.0801544189453125
0.126304626464844 -0.115234375 0.123245239257813 0.00122833251953124
-0.00436401367187499 -0.151443481445312 0.0545768737792969 -0.0425491333007813
-0.0842971801757812 -0.127265930175781 0.0220527648925781 -0.0169143676757813
-0.0794448852539063 -0.126716613769531 0.0289421081542969 0.028839111328125
-0.107009887695312 -0.124053955078125 0.0220146179199219 0.0547103881835937
-0.0642242431640625 -0.138236999511719 -0.00904083251953125 0.0799102783203125
0.0248260498046875 -0.16510009765625 -0.0344696044921875 0.0670204162597656
0.125572204589844 -0.119224548339844 -0.0710220336914062 0.0130081176757813
0.199600219726563 0.045166015625 -0.0604133605957031 -0.0409889221191406
0.144912719726563 0.149200439453125 0.0187911987304688 -0.04376220703125
0.0499267578125 0.230270385742187 0.0123291015625 0.094970703125
-0.0462799072265625 0.155868530273438 0.14044189453125 0.17181396484375
-0.00146484375 0.167190551757813 0.077484130859375 0.184066772460938
0.116653442382813 0.149429321289063 0.074981689453125 0.159622192382813
0.1514892578125 0.0184173583984375 0.111709594726563 0.105728149414063
0.114891052246094 -0.077789306640625 0.102989196777344 0.0449600219726563
0.00882720947265624 -0.125740051269531 0.0662040710449219 0.00835800170898437
-0.0629653930664063 -0.11077880859375 0.0571098327636719 0.0229415893554687
-0.0620880126953125 -0.111312866210938 0.0628318786621094 0.057342529296875
-0.0858306884765625 -0.11328125 0.0562362670898437 0.08642578125
-0.048858642578125 -0.12457275390625 0.0128555297851562 0.115531921386719
0.0330963134765625 -0.144058227539063 -0.0262603759765625 0.098388671875
0.119224548339844 -0.0904388427734375 -0.071807861328125 0.0403213500976563
0.163330078125 0.0672607421875 -0.0631523132324219 -0.0251693725585938
0.0870513916015625 0.148651123046875 0.0357017517089844 -0.0130729675292969
-0.009765625 0.180877685546875 0.015838623046875 0.15887451171875
-0.0879440307617187 0.05157470703125 0.127044677734375 0.212692260742188
-0.055267333984375 0.0960464477539062 0.0789642333984375 0.201873779296875
0.0325469970703125 0.114730834960937 0.0577545166015625 0.148513793945313
0.085723876953125 0.0373992919921875 0.08526611328125 0.115226745605469
0.0793304443359375 -0.0317001342773438 0.0831069946289063 0.0715560913085938
0.017181396484375 -0.078704833984375 0.07373046875 0.0444412231445312
-0.0321426391601562 -0.0771560668945313 0.0832977294921875 0.0520858764648437
-0.0346908569335938 -0.0790481567382813 0.0862045288085937 0.0777664184570313
-0.0521011352539062 -0.087371826171875 0.081298828125 0.111770629882813
-0.0268630981445313 -0.0953750610351563 0.027496337890625 0.144485473632813
0.0376968383789062 -0.106597900390625 -0.0263671875 0.125083923339844
0.0990219116210938 -0.0535659790039062 -0.0799942016601563 0.0626144409179688
0.109878540039063 0.0784683227539063 -0.0716094970703125 -0.0147247314453125
0.0202484130859375 0.128715515136719 0.03790283203125 0.0131378173828125
-0.0667190551757813 0.107437133789062 0.00204467773437502 0.203872680664063
0.11334228515625 -0.00838470458984375 -0.0225982666015625 -0.232955932617188
0.0215530395507813 -0.0799942016601563 -0.0430221557617188 -0.0318756103515625
-0.0503311157226563 -0.0522727966308594 0.0911636352539063 0.0179290771484375
-0.0625457763671875 0.0108528137207031 0.123176574707031 -0.08123779296875
-0.033355712890625 0.0483055114746094 0.048858642578125 -0.15374755859375
0.0126914978027344 0.0564918518066406 -0.0452728271484375 -0.170578002929688
0.016357421875 0.0407600402832031 -0.119178771972656 -0.125419616699219
0.00560569763183593 0.0339698791503906 -0.11114501953125 -0.0867462158203125
0.00101852416992187 0.0362281799316406 -0.10546875 -0.0649490356445313
-0.0205211639404297 0.0249366760253906 -0.0910797119140625 -0.069061279296875
-0.0383720397949219 -0.00849533081054688 -0.0893020629882812 -0.0796127319335938
-0.0188713073730469 -0.0627899169921875 -0.0856857299804687 -0.1185302734375
0.0562629699707031 -0.06622314453125 -0.0524749755859375 -0.15911865234375
0.111572265625 -0.0205001831054688 -0.08758544921875 -0.204345703125
0.133590698242188 0.043243408203125 -0.123092651367188 -0.239349365234375
0.146469116210938 0.094818115234375 0.0175933837890625 -0.229339599609375
0.0844039916992188 -0.014617919921875 -0.0240077972412109 -0.0330123901367188
0.0415763854980469 -0.0396881103515625 0.110702514648438 0.0312042236328125
-0.00231170654296875 -0.0315589904785156 0.146438598632813 -0.0788116455078125
-0.0118093490600586 -0.0162267684936523 0.0702667236328125 -0.162765502929688
-0.0144405364990234 -0.000664710998535159 -0.0406036376953125 -0.180740356445313
-0.0308742523193359 -0.00343132019042968 -0.117927551269531 -0.129402160644531
-0.0323371887207031 -0.014862060546875 -0.104446411132812 -0.0821533203125
-0.0410957336425781 -0.0139122009277344 -0.101669311523438 -0.0597915649414063
-0.0341701507568359 -0.031829833984375 -0.0911865234375 -0.0580215454101562
-0.0112380981445313 -0.064422607421875 -0.0868682861328125 -0.0657272338867187
0.0448150634765625 -0.0889129638671875 -0.0867767333984375 -0.106712341308594
0.1298828125 -0.0274505615234375 -0.057769775390625 -0.138191223144531
0.1617431640625 0.046539306640625 -0.082794189453125 -0.178787231445313
0.156875610351563 0.14276123046875 -0.100723266601563 -0.202285766601562
0.151840209960938 0.190460205078125 0.06536865234375 -0.188629150390625
0.131004333496094 0.0678176879882812 0.00400352478027345 -0.011204719543457
0.136863708496094 -0.00733184814453125 0.129631042480469 0.0590591430664063
0.07196044921875 -0.0656356811523437 0.1707763671875 -0.0573883056640625
0.0233154296875 -0.0802993774414063 0.0986328125 -0.151947021484375
-0.0320701599121094 -0.0633087158203125 -0.023468017578125 -0.175323486328125
-0.0702972412109375 -0.0514450073242188 -0.098846435546875 -0.120315551757812
-0.0653762817382813 -0.0628585815429688 -0.0824127197265625 -0.065185546875
-0.080322265625 -0.060089111328125 -0.0833511352539063 -0.0393295288085937
-0.0526504516601563 -0.0816726684570312 -0.0821685791015625 -0.0293655395507813
0.00170135498046874 -0.116325378417969 -0.082183837890625 -0.0359954833984375
0.0875015258789062 -0.119590759277344 -0.0904159545898438 -0.0817184448242188
0.187713623046875 -0.0106658935546875 -0.06536865234375 -0.113273620605469
0.199905395507813 0.090911865234375 -0.0686798095703125 -0.145462036132812
0.16680908203125 0.213912963867188 -0.0725250244140625 -0.137939453125
0.129287719726562 0.257888793945312 0.110710144042969 -0.11199951171875
0.148529052734375 0.147064208984375 0.0353889465332031 0.0322723388671875
0.211044311523438 0.044158935546875 0.137992858886719 0.0963287353515625
0.144088745117188 -0.0772705078125 0.184921264648438 -0.0179901123046875
0.0670089721679688 -0.128173828125 0.124214172363281 -0.117637634277344
-0.036407470703125 -0.118217468261719 0.003387451171875 -0.149078369140625
-0.0961380004882812 -0.092254638671875 -0.0657272338867188 -0.0962753295898438
-0.0883712768554688 -0.101356506347656 -0.0494575500488281 -0.0371170043945313
-0.109909057617187 -0.095062255859375 -0.0533866882324219 -0.00965499877929689
-0.07025146484375 -0.11688232421875 -0.062225341796875 0.00767135620117188
0.004425048828125 -0.155441284179688 -0.0699310302734375 0.000389099121093738
0.109146118164063 -0.14276123046875 -0.0893783569335937 -0.0492401123046875
0.222000122070312 -0.0030364990234375 -0.0698165893554687 -0.0860519409179688
0.215927124023438 0.116043090820313 -0.0438919067382812 -0.111587524414062
0.1561279296875 0.251983642578125 -0.0394210815429688 -0.0601539611816406
0.0809173583984375 0.2781982421875 0.142654418945313 -0.0129241943359375
0.126556396484375 0.202346801757813 0.0633544921875 0.0890655517578125
0.236557006835937 0.10198974609375 0.132881164550781 0.133491516113281
0.19281005859375 -0.060791015625 0.181198120117188 0.0321044921875
0.105911254882812 -0.1455078125 0.136734008789063 -0.0648269653320313
-0.028656005859375 -0.152755737304688 0.031280517578125 -0.103187561035156
-0.104835510253906 -0.118972778320313 -0.0230827331542969 -0.0607681274414063
-0.09771728515625 -0.123756408691406 -0.0089254379272461 -0.0046072006225586
-0.124382019042969 -0.116279602050781 -0.0141372680664063 0.0246047973632812
-0.0798568725585937 -0.135658264160156 -0.0348091125488281 0.0480880737304687
0.00672912597656251 -0.174545288085938 -0.0520401000976563 0.0376014709472656
0.119415283203125 -0.148056030273438 -0.083343505859375 -0.01513671875
0.22894287109375 0.011383056640625 -0.0688056945800781 -0.0611495971679688
0.2017822265625 0.133865356445313 -0.0124435424804687 -0.0797119140625
0.122329711914063 0.259368896484375 -0.00640678405761718 0.0221347808837891
0.021697998046875 0.245758056640625 0.157928466796875 0.0879974365234375
0.0727386474609375 0.213897705078125 0.0811309814453125 0.146087646484375
0.206161499023438 0.143798828125 0.113967895507813 0.158660888671875
0.19830322265625 -0.025848388671875 0.157943725585938 0.076324462890625
0.124603271484375 -0.130455017089844 0.131126403808594 -0.00731658935546876
-0.0142974853515625 -0.157577514648438 0.0542678833007813 -0.0479965209960938
-0.0968475341796875 -0.125350952148438 0.0213031768798828 -0.0195560455322266
-0.0922088623046875 -0.126953125 0.0326824188232422 0.0275840759277344
-0.121162414550781 -0.121978759765625 0.0269699096679687 0.05780029296875
-0.0758285522460938 -0.138778686523438 -0.00561523437499999 0.0861053466796875
0.013397216796875 -0.173721313476563 -0.034637451171875 0.0724639892578125
0.123725891113281 -0.134086608886719 -0.0766677856445312 0.0169830322265625
0.213241577148438 0.03460693359375 -0.0678024291992187 -0.0403594970703125
0.161392211914063 0.1483154296875 0.0166702270507813 -0.0494880676269531
0.067291259765625 0.239227294921875 0.0186004638671875 0.099273681640625
-0.0384063720703125 0.167510986328125 0.157058715820313 0.169921875
0.008544921875 0.177764892578125 0.0892181396484375 0.1888427734375
0.133834838867188 0.150131225585938 0.089263916015625 0.165298461914063
0.160842895507813 0.009613037109375 0.125114440917969 0.105873107910156
0.115371704101563 -0.0909194946289063 0.112594604492188 0.0405426025390625
0.000694274902343752 -0.132400512695312 0.0696754455566406 0.00506210327148437
-0.0737228393554687 -0.110206604003906 0.0611915588378906 0.0205001831054687
-0.0735855102539063 -0.1116943359375 0.0701713562011719 0.0557975769042969
-0.0986175537109375 -0.112503051757812 0.0648040771484375 0.0882949829101563
-0.0602035522460938 -0.126373291015625 0.02044677734375 0.122085571289062
0.024078369140625 -0.153701782226563 -0.0236129760742188 0.104454040527344
0.119422912597656 -0.104110717773438 -0.0753402709960937 0.0454788208007812
0.17779541015625 0.0601654052734375 -0.0700111389160156 -0.023284912109375
0.100692749023438 0.15191650390625 0.0355758666992188 -0.0185317993164062
0.00132751464843751 0.19158935546875 0.027313232421875 0.165802001953125
-0.0897750854492187 0.0607452392578125 0.1461181640625 0.213729858398438
-0.0524520874023438 0.105262756347656 0.0920562744140625 0.20684814453125
0.0441665649414062 0.119338989257813 0.068878173828125 0.15484619140625
0.093017578125 0.0331344604492188 0.0973358154296875 0.117111206054687
0.0811386108398438 -0.040771484375 0.093719482421875 0.0700149536132812
0.0117340087890625 -0.0840606689453125 0.080413818359375 0.0421066284179687
-0.0400924682617187 -0.0772018432617188 0.0904998779296875 0.0483856201171875
-0.0433197021484375 -0.080230712890625 0.096588134765625 0.0755615234375
-0.062713623046875 -0.0877227783203125 0.093292236328125 0.113479614257813
-0.0360565185546875 -0.0981292724609375 0.037384033203125 0.151702880859375
0.0303726196289062 -0.1151123046875 -0.0217514038085937 0.133041381835938
0.101043701171875 -0.0641021728515625 -0.0815048217773438 0.0703277587890625
0.122566223144531 0.074920654296875 -0.0782089233398437 -0.0116653442382812
0.030059814453125 0.134933471679687 0.0394630432128906 0.00859069824218751
-0.0640106201171875 0.117652893066406 0.015289306640625 0.213897705078125
0.116729736328125 -0.0200958251953125 -0.0446624755859375 -0.238510131835938
0.0144119262695313 -0.0849533081054688 -0.0465431213378906 -0.0259819030761719
-0.0571174621582031 -0.0487022399902344 0.0978012084960938 0.011474609375
-0.063568115234375 0.01873779296875 0.122970581054688 -0.0941696166992188
-0.029296875 0.0555496215820313 0.0393524169921875 -0.16302490234375
0.0210342407226562 0.0574150085449219 -0.0600738525390625 -0.1739501953125
0.0225143432617187 0.0387954711914063 -0.13421630859375 -0.120628356933594
0.0105628967285156 0.0339374542236328 -0.123382568359375 -0.0805130004882812
0.00619125366210938 0.0365829467773438 -0.116035461425781 -0.056671142578125
-0.0168266296386719 0.026885986328125 -0.101577758789063 -0.0633468627929687
-0.03851318359375 -0.00405120849609376 -0.101463317871094 -0.0751800537109375
-0.02655029296875 -0.0617790222167969 -0.100662231445313 -0.116653442382812
0.05084228515625 -0.07318115234375 -0.0660247802734375 -0.162750244140625
0.114013671875 -0.0315170288085938 -0.106430053710937 -0.2047119140625
0.142364501953125 0.0318450927734375 -0.148239135742187 -0.23541259765625
0.159957885742188 0.08319091796875 -0.0039520263671875 -0.237579345703125
0.0850982666015625 -0.0224227905273438 -0.0280113220214844 -0.0282783508300781
0.0382499694824219 -0.0453109741210938 0.120010375976563 0.0234146118164062
-0.00571632385253906 -0.0305309295654297 0.147415161132813 -0.093505859375
-0.0132818222045898 -0.0128679275512695 0.0602874755859375 -0.1746826171875
-0.0119256973266602 0.00139617919921875 -0.056243896484375 -0.18487548828125
-0.0291919708251953 -0.001739501953125 -0.132904052734375 -0.123878479003906
-0.0330886840820312 -0.0130615234375 -0.116020202636719 -0.0764694213867188
-0.0419158935546875 -0.0108375549316406 -0.111808776855469 -0.05230712890625
-0.0356025695800781 -0.0300064086914063 -0.100540161132813 -0.05181884765625
-0.0157051086425781 -0.0641403198242188 -0.0981979370117188 -0.0609054565429688
0.0377120971679687 -0.094696044921875 -0.101394653320313 -0.104324340820313
0.130630493164062 -0.03955078125 -0.0705947875976562 -0.140541076660156
0.170745849609375 0.034454345703125 -0.0999908447265625 -0.179229736328125
0.176223754882813 0.133331298828125 -0.122329711914062 -0.199142456054687
0.175033569335937 0.1822509765625 0.0490264892578125 -0.200302124023437
0.140975952148438 0.05914306640625 0.00162458419799805 -0.00810670852661132
0.140426635742187 -0.0211868286132812 0.141830444335938 0.0501251220703125
0.0680007934570313 -0.0722503662109375 0.174270629882813 -0.0735931396484375
0.0168380737304688 -0.0830764770507813 0.0901336669921875 -0.166549682617188
-0.0362701416015625 -0.0613784790039063 -0.0383148193359375 -0.18035888671875
-0.0746994018554688 -0.04608154296875 -0.113304138183594 -0.115409851074219
-0.0719451904296875 -0.0592727661132813 -0.091888427734375 -0.0605850219726563
-0.0868377685546875 -0.0541763305664063 -0.0910110473632813 -0.0326690673828125
-0.0591812133789062 -0.079254150390625 -0.0886001586914063 -0.0227737426757813
-0.00714874267578125 -0.118949890136719 -0.0909805297851563 -0.0302581787109375
0.0793609619140625 -0.130622863769531 -0.104454040527344 -0.0784683227539063
0.193008422851563 -0.0264739990234375 -0.0771255493164062 -0.113700866699219
0.213653564453125 0.076873779296875 -0.0830535888671875 -0.14630126953125
0.191864013671875 0.206436157226563 -0.0879364013671874 -0.135665893554688
0.157211303710938 0.25390625 0.102119445800781 -0.125236511230469
0.165908813476563 0.140655517578125 0.0373764038085938 0.0338325500488281
0.222076416015625 0.025787353515625 0.154449462890625 0.0883331298828125
0.141693115234375 -0.09112548828125 0.192352294921875 -0.0337677001953125
0.0571060180664063 -0.137542724609375 0.119766235351563 -0.133544921875
-0.04669189453125 -0.117874145507813 -0.00915527343750002 -0.154708862304688
-0.10546875 -0.0856094360351563 -0.0769424438476563 -0.0941314697265625
-0.099639892578125 -0.096588134765625 -0.0545005798339844 -0.0352973937988281
-0.121559143066406 -0.0873260498046875 -0.056365966796875 -0.00393676757812501
-0.0809478759765625 -0.112968444824219 -0.0649604797363281 0.0145683288574219
-0.00860595703124999 -0.159164428710938 -0.0752792358398438 0.00640869140624999
0.0997161865234375 -0.15728759765625 -0.10107421875 -0.0445327758789063
0.229171752929687 -0.021881103515625 -0.080078125 -0.0847625732421875
0.232147216796875 0.101654052734375 -0.05499267578125 -0.113456726074219
0.184539794921875 0.247207641601563 -0.0468368530273437 -0.0574989318847656
0.108963012695312 0.280197143554688 0.143997192382813 -0.0263671875
0.147705078125 0.200454711914063 0.0697402954101563 0.0896759033203125
0.255081176757813 0.083251953125 0.151412963867188 0.127792358398438
0.193405151367188 -0.0789947509765625 0.1929931640625 0.0181884765625
0.0955047607421875 -0.160186767578125 0.137176513671875 -0.0799484252929688
-0.041534423828125 -0.153915405273438 0.0234909057617188 -0.109748840332031
-0.117042541503906 -0.111770629882813 -0.0303611755371094 -0.0609474182128906
-0.11224365234375 -0.118766784667969 -0.00962352752685548 -0.00458908081054688
-0.139366149902344 -0.107666015625 -0.0129318237304688 0.0280590057373047
-0.0931015014648437 -0.132179260253906 -0.0328826904296875 0.0543327331542969
-0.00901794433593749 -0.1795654296875 -0.0535392761230469 0.0428390502929687
0.109954833984375 -0.16424560546875 -0.0914535522460937 -0.0102005004882812
0.23809814453125 -0.0084381103515625 -0.0773162841796875 -0.0591583251953125
0.219482421875 0.121749877929688 -0.020294189453125 -0.0837020874023437
0.15081787109375 0.258590698242188 -0.00480651855468749 0.0238475799560547
0.04388427734375 0.252548217773438 0.168975830078125 0.0756378173828125
0.093292236328125 0.216537475585938 0.0927886962890625 0.146148681640625
0.227813720703125 0.12982177734375 0.132919311523438 0.154678344726563
0.202850341796875 -0.0433197021484375 0.172225952148438 0.0664215087890625
0.116912841796875 -0.146469116210938 0.137001037597656 -0.019989013671875
-0.0281829833984375 -0.160720825195313 0.0518760681152344 -0.0542831420898438
-0.110252380371094 -0.119186401367187 0.0197334289550781 -0.0221366882324219
-0.107521057128906 -0.122879028320312 0.0363502502441406 0.0249786376953125
-0.136978149414063 -0.1134033203125 0.0330581665039063 0.05902099609375
-0.0900344848632813 -0.135269165039063 0.000946044921874994 0.0913925170898438
-0.0023193359375 -0.179595947265625 -0.03216552734375 0.0771942138671875
0.115798950195313 -0.15020751953125 -0.0813980102539062 0.0229034423828125
0.225082397460938 0.0166015625 -0.0745697021484375 -0.03668212890625
0.179351806640625 0.140457153320312 0.0118827819824219 -0.0547065734863281
0.0916595458984375 0.242538452148438 0.0279388427734375 0.101150512695313
-0.025177001953125 0.177078247070313 0.175552368164063 0.16070556640625
0.0236968994140625 0.184585571289063 0.104721069335937 0.189529418945312
0.153976440429687 0.143463134765625 0.10626220703125 0.16497802734375
0.167190551757813 -0.004180908203125 0.139854431152344 0.099578857421875
0.110580444335938 -0.1060791015625 0.121856689453125 0.0313873291015625
-0.0115585327148437 -0.136703491210938 0.0727996826171875 -0.000938415527343758
-0.0860519409179688 -0.105636596679688 0.0642890930175781 0.0147056579589844
-0.0868453979492188 -0.108634948730469 0.0780487060546875 0.0507659912109375
-0.113998413085938 -0.105972290039063 0.0752792358398437 0.0869598388671875
-0.0738906860351563 -0.124343872070312 0.0309219360351562 0.125892639160156
0.0087127685546875 -0.16070556640625 -0.0177459716796875 0.110343933105469
0.11395263671875 -0.119232177734375 -0.07708740234375 0.0527191162109375
0.190994262695313 0.0458526611328125 -0.075347900390625 -0.0183944702148437
0.117294311523438 0.1494140625 0.0342178344726563 -0.0253639221191406
0.0185546875 0.199493408203125 0.04266357421875 0.169036865234375
-0.0875930786132813 0.0709609985351563 0.167617797851563 0.207412719726563
-0.0449066162109375 0.114715576171875 0.109786987304688 0.207229614257813
0.0585556030273438 0.119888305664062 0.0831756591796875 0.156494140625
0.099212646484375 0.025482177734375 0.111846923828125 0.114173889160156
0.0799179077148438 -0.0508041381835937 0.104843139648438 0.0636749267578125
0.00389099121093749 -0.0883255004882812 0.0865402221679688 0.0364761352539062
-0.0494766235351562 -0.0748291015625 0.09771728515625 0.0420303344726562
-0.0538558959960938 -0.0784530639648438 0.107414245605469 0.068878173828125
-0.074920654296875 -0.0842437744140625 0.107650756835938 0.110008239746094
-0.0474624633789063 -0.0973968505859375 0.051544189453125 0.15533447265625
0.0189437866210938 -0.122528076171875 -0.0128250122070312 0.139739990234375
0.0985183715820313 -0.0773391723632813 -0.0805206298828125 0.0787582397460937
0.135986328125 0.0665740966796875 -0.08319091796875 -0.00561523437500001
0.0433807373046875 0.138214111328125 0.0405960083007813 0.00255584716796876
-0.0561370849609375 0.128776550292969 0.0348663330078125 0.21923828125
0.115005493164063 -0.0329360961914063 -0.06683349609375 -0.233718872070312
0.0064849853515625 -0.0870819091796875 -0.0477294921875 -0.0193328857421875
-0.062286376953125 -0.0430107116699219 0.100822448730469 0.00384521484375
-0.0619392395019531 0.0267486572265625 0.117591857910156 -0.105247497558594
-0.0218963623046875 0.0607757568359375 0.0266571044921875 -0.168228149414063
0.0289306640625 0.0550308227539063 -0.0741424560546875 -0.171966552734375
0.0278968811035156 0.0343475341796875 -0.145294189453125 -0.109695434570313
0.0148277282714844 0.0318012237548828 -0.131721496582031 -0.0696334838867188
0.0106029510498047 0.0350131988525391 -0.122978210449219 -0.046142578125
-0.012664794921875 0.0280227661132813 -0.108474731445312 -0.0548095703125
-0.0372161865234375 0.000320434570312492 -0.110267639160156 -0.0668487548828125
-0.0334091186523438 -0.05828857421875 -0.113327026367188 -0.108879089355469
0.0433731079101562 -0.0776290893554688 -0.07940673828125 -0.160369873046875
0.110786437988281 -0.0420074462890625 -0.12322998046875 -0.197372436523438
0.146774291992188 0.018341064453125 -0.169143676757813 -0.221359252929688
0.16839599609375 0.0668487548828125 -0.0261077880859375 -0.236923217773438
0.0830612182617187 -0.0299453735351563 -0.0301589965820312 -0.0221920013427734
0.0336227416992188 -0.0486259460449219 0.124183654785156 0.0129165649414062
-0.00914955139160156 -0.0279922485351563 0.142410278320313 -0.106796264648438
-0.0133390426635742 -0.00954627990722656 0.0469512939453125 -0.180770874023438
-0.00875663757324219 0.00284433364868164 -0.072235107421875 -0.182464599609375
-0.0268993377685547 -0.000432968139648438 -0.144805908203125 -0.112640380859375
-0.0329704284667969 -0.0106849670410156 -0.124488830566406 -0.066436767578125
-0.0411109924316406 -0.0070343017578125 -0.1181640625 -0.0408096313476563
-0.0361824035644531 -0.0270614624023438 -0.106559753417969 -0.0431900024414063
-0.0193710327148437 -0.0618400573730469 -0.106353759765625 -0.0522842407226562
0.0282516479492187 -0.0972137451171875 -0.113861083984375 -0.0968856811523438
0.126594543457031 -0.0507659912109375 -0.0817642211914063 -0.137718200683594
0.1728515625 0.0198516845703125 -0.115921020507813 -0.1722412109375
0.189346313476563 0.116989135742188 -0.140396118164063 -0.187103271484375
0.192489624023438 0.164993286132813 0.0294189453125 -0.20458984375
0.146469116210938 0.047271728515625 0.00033736228942872 -0.00428175926208496
0.138526916503906 -0.0341339111328125 0.149139404296875 0.0380401611328125
0.0609283447265625 -0.0769119262695313 0.171035766601563 -0.0883941650390625
0.00958251953125 -0.0828323364257812 0.0770416259765625 -0.175872802734375
-0.0393486022949219 -0.0571556091308594 -0.0538787841796875 -0.178543090820313
-0.076629638671875 -0.0397491455078125 -0.124259948730469 -0.105865478515625
-0.0765762329101563 -0.0533523559570312 -0.098541259765625 -0.0530471801757812
-0.0903701782226563 -0.0461349487304688 -0.0949630737304688 -0.0234298706054688
-0.0638809204101562 -0.0736465454101563 -0.0924530029296875 -0.01416015625
-0.0161895751953125 -0.116920471191406 -0.0969161987304688 -0.0224533081054688
0.0672378540039062 -0.137306213378906 -0.115531921386719 -0.0705413818359375
0.19097900390625 -0.0426483154296875 -0.087371826171875 -0.109481811523437
0.219894409179687 0.0584259033203125 -0.096160888671875 -0.141021728515625
0.212066650390625 0.189361572265625 -0.10028076171875 -0.126823425292969
0.181350708007813 0.239395141601563 0.088592529296875 -0.135116577148437
0.178375244140625 0.126846313476562 0.0383987426757813 0.0342025756835938
0.224853515625 0.0040435791015625 0.16461181640625 0.0748443603515625
0.133438110351563 -0.103446960449219 0.193206787109375 -0.0503082275390625
0.04412841796875 -0.141845703125 0.109817504882813 -0.145004272460937
-0.0557937622070313 -0.112373352050781 -0.0224609375 -0.1546630859375
-0.110977172851562 -0.0759963989257813 -0.0860519409179687 -0.0869522094726563
-0.108390808105469 -0.0880050659179688 -0.0584335327148438 -0.031005859375
-0.128578186035156 -0.0755996704101563 -0.0576820373535156 0.00236129760742188
-0.0893707275390625 -0.105606079101563 -0.0650596618652344 0.0220527648925781
-0.0219573974609375 -0.157012939453125 -0.0778884887695313 0.0131607055664062
0.0851898193359375 -0.165969848632812 -0.109512329101563 -0.0368881225585938
0.228240966796875 -0.0419464111328125 -0.0878372192382813 -0.0805740356445313
0.2408447265625 0.0816802978515625 -0.06561279296875 -0.110931396484375
0.20892333984375 0.2322998046875 -0.0518035888671875 -0.0528564453125
0.134628295898438 0.2705078125 0.139259338378906 -0.0395736694335937
0.165603637695313 0.189285278320313 0.0750198364257813 0.0872955322265625
0.263900756835938 0.05938720703125 0.16522216796875 0.11492919921875
0.186431884765625 -0.09588623046875 0.197952270507812 0.00198364257812499
0.0810089111328125 -0.168853759765625 0.132064819335938 -0.0934066772460938
-0.05499267578125 -0.149551391601562 0.0137710571289063 -0.111961364746094
-0.126388549804688 -0.100189208984375 -0.036407470703125 -0.0581703186035156
-0.123245239257813 -0.108802795410156 -0.0104198455810547 -0.00475788116455079
-0.148605346679687 -0.0937957763671875 -0.0103282928466797 0.0303840637207031
-0.103775024414062 -0.122581481933594 -0.0293731689453125 0.0591087341308594
-0.0254364013671875 -0.177780151367188 -0.0530166625976563 0.048095703125
0.09503173828125 -0.174331665039063 -0.096893310546875 -0.00270843505859375
0.238662719726563 -0.029693603515625 -0.0836944580078125 -0.054443359375
0.230300903320313 0.103729248046875 -0.0288543701171875 -0.0841522216796875
0.175003051757813 0.246505737304688 -0.00272369384765624 0.0249347686767578
0.066375732421875 0.249526977539063 0.17352294921875 0.06024169921875
0.1121826171875 0.210433959960938 0.10247802734375 0.140731811523438
0.241500854492188 0.109130859375 0.147659301757813 0.14459228515625
0.199661254882813 -0.061126708984375 0.180511474609375 0.0525360107421875
0.1029052734375 -0.158538818359375 0.13653564453125 -0.0332183837890625
-0.042633056640625 -0.15789794921875 0.0472030639648438 -0.058380126953125
-0.119697570800781 -0.108238220214844 0.0167694091796875 -0.0235786437988281
-0.119369506835937 -0.113357543945313 0.0386810302734375 0.0210762023925781
-0.14776611328125 -0.09942626953125 0.0389747619628906 0.0571937561035156
-0.102264404296875 -0.126380920410156 0.00826263427734375 0.0928268432617188
-0.019866943359375 -0.178237915039063 -0.0286636352539063 0.0810775756835937
0.1014404296875 -0.161956787109375 -0.0833969116210937 0.029327392578125
0.228485107421875 -0.0039825439453125 -0.0790634155273437 -0.0316390991210938
0.192001342773438 0.125442504882813 0.00588226318359376 -0.0582847595214844
0.11395263671875 0.235931396484375 0.0373153686523438 0.0990066528320313
-0.00921630859375001 0.180068969726563 0.187515258789063 0.1439208984375
0.0397491455078125 0.184646606445313 0.117935180664063 0.182464599609375
0.169540405273438 0.129592895507813 0.120834350585938 0.157608032226562
0.168045043945313 -0.018890380859375 0.151016235351563 0.0890045166015625
0.100387573242187 -0.117393493652344 0.126373291015625 0.0198135375976562
-0.0243301391601563 -0.135894775390625 0.07269287109375 -0.00668334960937501
-0.0954818725585938 -0.0966567993164063 0.0651130676269531 0.00972747802734374
-0.09814453125 -0.100639343261719 0.0825119018554688 0.0429306030273437
-0.125190734863281 -0.0945205688476562 0.0842132568359375 0.0812530517578125
-0.0861358642578125 -0.116752624511719 0.04193115234375 0.125244140625
-0.00761413574218751 -0.160598754882813 -0.0106582641601563 0.112136840820312
0.102752685546875 -0.131340026855469 -0.0758132934570312 0.0593414306640625
0.197555541992187 0.0277862548828125 -0.0786972045898437 -0.0128097534179688
0.131500244140625 0.140083312988281 0.0307197570800781 -0.0306835174560547
0.036468505859375 0.19952392578125 0.058074951171875 0.165206909179688
-0.0815353393554687 0.0795364379882813 0.184661865234375 0.192214965820313
-0.0348281860351562 0.12060546875 0.124969482421875 0.199539184570313
0.0717010498046875 0.11444091796875 0.09625244140625 0.1519775390625
0.102455139160156 0.01617431640625 0.123245239257813 0.105690002441406
0.0741348266601563 -0.0596542358398438 0.112129211425781 0.053619384765625
-0.00542449951171876 -0.0891036987304688 0.0895309448242188 0.0298233032226562
-0.0571136474609375 -0.0694541931152344 0.101455688476563 0.0333099365234375
-0.0625228881835938 -0.0730819702148438 0.11419677734375 0.058563232421875
-0.0849075317382813 -0.076446533203125 0.119346618652344 0.101043701171875
-0.0575180053710937 -0.0927886962890625 0.065338134765625 0.153060913085938
0.00567626953124999 -0.124298095703125 -0.0031890869140625 0.141693115234375
0.0914764404296875 -0.0882568359375 -0.0763702392578125 0.0858383178710937
0.144485473632813 0.053802490234375 -0.0856246948242187 0.000778198242187492
0.0571212768554688 0.13623046875 0.0393104553222656 -0.00392913818359374
-0.0451278686523438 0.13543701171875 0.054595947265625 0.215927124023438
0.110198974609375 -0.0422515869140625 -0.0814361572265625 -0.224533081054688
-0.000160217285156259 -0.086395263671875 -0.0467185974121094 -0.0134696960449219
-0.0652198791503906 -0.0370674133300781 0.101287841796875 -0.00215911865234375
-0.0595626831054687 0.0323944091796875 0.112045288085937 -0.112434387207031
-0.0154685974121094 0.0636482238769531 0.01812744140625 -0.168548583984375
0.0348930358886719 0.0513648986816406 -0.084564208984375 -0.168167114257813
0.0311622619628906 0.0295257568359375 -0.150970458984375 -0.0989227294921875
0.0172481536865234 0.0289020538330078 -0.135307312011719 -0.0597076416015625
0.0142478942871094 0.0324783325195313 -0.124946594238281 -0.03582763671875
-0.00892829895019531 0.0276718139648438 -0.111495971679687 -0.0466537475585938
-0.0349521636962891 0.00349617004394531 -0.115104675292969 -0.0588607788085938
-0.0378036499023438 -0.0534820556640625 -0.120613098144531 -0.101181030273438
0.0363311767578125 -0.078857421875 -0.087860107421875 -0.15655517578125
0.106819152832031 -0.0491561889648438 -0.1329345703125 -0.1884765625
0.14691162109375 0.0068511962890625 -0.1795654296875 -0.20550537109375
0.170272827148438 0.0524749755859375 -0.0420989990234375 -0.230987548828125
0.079071044921875 -0.0351791381835938 -0.0305633544921875 -0.0169963836669922
0.0290069580078125 -0.04974365234375 0.124954223632812 0.00504302978515625
-0.0114955902099609 -0.0250205993652344 0.136459350585938 -0.115119934082031
-0.0123043060302734 -0.00596714019775391 0.0365753173828125 -0.182052612304688
-0.00539684295654297 0.00314188003540039 -0.082183837890625 -0.177398681640625
-0.0250377655029297 -0.000478744506835936 -0.150527954101563 -0.102249145507813
-0.0321464538574219 -0.00989151000976563 -0.127876281738281 -0.0574798583984375
-0.0395431518554688 -0.00551605224609375 -0.120315551757813 -0.03167724609375
-0.0349216461181641 -0.0248146057128906 -0.10943603515625 -0.0347518920898437
-0.02093505859375 -0.0585784912109375 -0.110740661621094 -0.0448760986328125
0.0212020874023438 -0.09588623046875 -0.121635437011719 -0.0892181396484375
0.120689392089844 -0.0572052001953125 -0.0893783569335937 -0.1339111328125
0.170883178710938 0.0089569091796875 -0.124160766601562 -0.164016723632812
0.19512939453125 0.102127075195313 -0.149581909179688 -0.174057006835938
0.200698852539062 0.148452758789063 0.0136566162109375 -0.202651977539063
0.14727783203125 0.0375518798828125 -0.000115633010864249 -0.000898480415344236
0.133132934570313 -0.043243408203125 0.151321411132813 0.0277252197265625
0.0544586181640625 -0.07763671875 0.166351318359375 -0.0988311767578125
0.00471496582031249 -0.0800094604492187 0.066070556640625 -0.17901611328125
-0.0401077270507813 -0.0533866882324219 -0.063995361328125 -0.173934936523438
-0.0760650634765625 -0.03515625 -0.130500793457031 -0.096466064453125
-0.078460693359375 -0.0486679077148438 -0.101463317871094 -0.0459136962890625
-0.0905303955078125 -0.0396041870117187 -0.0958938598632813 -0.0156402587890625
-0.0653076171875 -0.0682182312011719 -0.0939178466796875 -0.00666809082031251
-0.0216751098632813 -0.113021850585937 -0.099853515625 -0.015777587890625
0.0569915771484375 -0.1383056640625 -0.122062683105469 -0.0630950927734375
0.185302734375 -0.05401611328125 -0.0930023193359375 -0.10638427734375
0.219863891601563 0.0447845458984375 -0.103866577148437 -0.134590148925781
0.222824096679688 0.173355102539062 -0.106925964355469 -0.116981506347656
0.19482421875 0.22235107421875 0.076263427734375 -0.138259887695312
0.184417724609375 0.115066528320312 0.0385780334472656 0.0352096557617188
0.221160888671875 -0.011962890625 0.16888427734375 0.063690185546875
0.124313354492188 -0.109306335449219 0.190582275390625 -0.0617218017578125
0.034088134765625 -0.141448974609375 0.100128173828125 -0.15130615234375
-0.060150146484375 -0.106483459472656 -0.031768798828125 -0.151519775390625
-0.112937927246094 -0.06768798828125 -0.0919189453125 -0.0801239013671875
-0.112411499023438 -0.0798492431640625 -0.0608673095703125 -0.0268592834472656
-0.130477905273438 -0.0653305053710938 -0.056671142578125 0.00737380981445313
-0.0928802490234375 -0.0974655151367188 -0.0641555786132812 0.0272216796875
-0.03125 -0.151824951171875 -0.0791473388671875 0.018524169921875
0.0727081298828125 -0.168869018554688 -0.115127563476563 -0.0299758911132813
0.222900390625 -0.0560150146484375 -0.0925216674804687 -0.076446533203125
0.241897583007812 0.0657958984375 -0.0725021362304687 -0.107261657714844
0.222671508789063 0.215423583984375 -0.0543403625488281 -0.0475959777832031
0.151077270507812 0.256790161132813 0.1319580078125 -0.0482864379882812
0.175125122070313 0.177658081054688 0.0771255493164063 0.084716796875
0.264617919921875 0.04022216796875 0.170822143554688 0.103073120117188
0.17724609375 -0.106292724609375 0.198287963867187 -0.010040283203125
0.0675811767578125 -0.17120361328125 0.125770568847656 -0.101799011230469
-0.06268310546875 -0.142868041992188 0.00702667236328124 -0.111495971679688
-0.129325866699219 -0.0903549194335937 -0.0408859252929688 -0.0543441772460938
-0.129440307617188 -0.0998382568359375 -0.011566162109375 -0.00430107116699219
-0.153060913085938 -0.0814056396484375 -0.00804901123046876 0.0319538116455078
-0.10906982421875 -0.11346435546875 -0.0261383056640625 0.0619544982910156
-0.036468505859375 -0.171493530273438 -0.0526313781738281 0.0515594482421875
0.0809783935546875 -0.1783447265625 -0.100349426269531 0.00287628173828122
0.23480224609375 -0.045501708984375 -0.0868301391601563 -0.0504226684570312
0.23321533203125 0.0875701904296875 -0.034759521484375 -0.0834884643554688
0.190032958984375 0.23223876953125 -0.000717163085937491 0.0249042510986328
0.0820770263671875 0.241165161132812 0.172073364257813 0.0477142333984375
0.124343872070312 0.202713012695313 0.106742858886719 0.1358642578125
0.246719360351563 0.090545654296875 0.154876708984375 0.134552001953125
0.1929931640625 -0.0729522705078125 0.183929443359375 0.0413360595703125
0.0902099609375 -0.162689208984375 0.133537292480469 -0.042572021484375
-0.05230712890625 -0.152069091796875 0.0432395935058594 -0.0601272583007813
-0.124382019042969 -0.0979843139648437 0.0142078399658203 -0.0239009857177734
-0.126411437988281 -0.103736877441406 0.0391502380371094 0.0178947448730469
-0.152938842773438 -0.0869140625 0.0427360534667969 0.0547256469726562
-0.108589172363281 -0.116561889648437 0.0137100219726562 0.0936355590820312
-0.031982421875 -0.173233032226563 -0.0257110595703125 0.0826339721679687
0.08795166015625 -0.167205810546875 -0.0844192504882813 0.033905029296875
0.226852416992188 -0.0197906494140625 -0.0810165405273437 -0.02801513671875
0.19781494140625 0.112045288085937 -7.6293945312493E-05 -0.0600814819335937
0.129531860351563 0.226089477539063 0.04302978515625 0.0950164794921875
0.00204467773437501 0.17828369140625 0.191268920898438 0.129257202148438
0.051177978515625 0.181198120117188 0.124923706054688 0.175643920898438
0.17742919921875 0.115676879882813 0.128616333007813 0.149215698242188
0.164199829101562 -0.030120849609375 0.1563720703125 0.0794525146484375
0.0907135009765625 -0.122688293457031 0.12701416015625 0.0103378295898437
-0.0333633422851562 -0.132225036621094 0.07135009765625 -0.0107650756835938
-0.100578308105469 -0.0878753662109375 0.0644340515136719 0.00533676147460937
-0.105354309082031 -0.0927505493164063 0.0838165283203125 0.036468505859375
-0.130241394042969 -0.0828323364257812 0.0893783569335937 0.0753860473632813
-0.09295654296875 -0.108451843261719 0.049530029296875 0.122749328613281
-0.01971435546875 -0.157180786132813 -0.00624084472656249 0.112419128417969
0.0910186767578125 -0.137405395507813 -0.073944091796875 0.0626220703125
0.198822021484375 0.0131072998046875 -0.0792388916015625 -0.00915527343750001
0.14013671875 0.131332397460938 0.0267391204833984 -0.0346412658691406
0.05023193359375 0.195343017578125 0.0682373046875 0.1585693359375
-0.07568359375 0.0841522216796875 0.191574096679688 0.176589965820313
-0.0265350341796875 0.122459411621094 0.132659912109375 0.190750122070312
0.0803985595703125 0.107719421386719 0.103591918945313 0.147262573242188
0.101936340332031 0.0089569091796875 0.129623413085938 0.098175048828125
0.0680198669433594 -0.0649871826171875 0.1151123046875 0.045257568359375
-0.012786865234375 -0.0875473022460938 0.0914382934570313 0.0243377685546875
-0.0615463256835938 -0.0635643005371094 0.102424621582031 0.025665283203125
-0.0678749084472656 -0.0671653747558594 0.116439819335938 0.04931640625
-0.0903091430664062 -0.0677413940429688 0.12493896484375 0.092041015625
-0.0644302368164062 -0.0864028930664063 0.075164794921875 0.148605346679688
-0.004486083984375 -0.122505187988281 0.00432586669921874 0.140525817871094
0.082916259765625 -0.0949783325195313 -0.07196044921875 0.08917236328125
0.148147583007813 0.0415191650390625 -0.0854949951171875 0.00564575195312502
0.0670700073242188 0.131881713867188 0.0371322631835938 -0.00893020629882812
-0.035369873046875 0.137466430664062 0.06817626953125 0.208221435546875
0.105995178222656 -0.0478363037109375 -0.089385986328125 -0.2186279296875
-0.00508880615234374 -0.08642578125 -0.0459213256835937 -0.00973892211914063
-0.0673942565917969 -0.0328025817871094 0.101463317871094 -0.00598907470703125
-0.0576133728027344 0.0367546081542969 0.108810424804688 -0.116592407226563
-0.0104904174804687 0.0652732849121094 0.013458251953125 -0.1688232421875
0.0390701293945313 0.0475044250488281 -0.090362548828125 -0.165756225585938
0.0324916839599609 0.0256900787353516 -0.154022216796875 -0.0932769775390625
0.0192470550537109 0.027130126953125 -0.1380615234375 -0.0534744262695313
0.0164623260498047 0.0304775238037109 -0.125938415527344 -0.0292816162109375
-0.00581550598144531 0.0269412994384766 -0.114151000976562 -0.0411300659179688
-0.0327434539794922 0.00550842285156251 -0.118370056152344 -0.0537948608398437
-0.0406494140625 -0.0491104125976563 -0.125808715820312 -0.0961685180664063
0.0313796997070313 -0.0792388916015625 -0.0928192138671875 -0.154983520507813
0.103477478027344 -0.0534439086914063 -0.13751220703125 -0.182708740234375
0.146804809570313 -0.0008544921875 -0.184066772460938 -0.195159912109375
0.169586181640625 0.043670654296875 -0.0520782470703125 -0.225479125976563
0.0764617919921875 -0.0382537841796875 -0.0304679870605469 -0.0125408172607422
0.0251312255859375 -0.0497665405273437 0.125541687011719 0.000213623046874997
-0.0120277404785156 -0.0219478607177734 0.133460998535156 -0.119888305664062
-0.0102663040161133 -0.00339126586914062 0.0307159423828125 -0.182754516601563
-0.00271368026733398 0.00239133834838867 -0.0886688232421875 -0.175018310546875
-0.0236129760742188 -0.0010833740234375 -0.154525756835938 -0.096038818359375
-0.0321884155273438 -0.00963973999023438 -0.130645751953125 -0.051422119140625
-0.0379486083984375 -0.00459671020507813 -0.121635437011719 -0.0254058837890625
-0.0335941314697266 -0.0238780975341797 -0.111862182617188 -0.0293350219726562
-0.021026611328125 -0.0565299987792969 -0.113990783691406 -0.0397415161132812
0.0166397094726562 -0.093994140625 -0.127342224121094 -0.08416748046875
0.116584777832031 -0.0601959228515625 -0.09375 -0.132408142089844
0.168899536132813 0.0023040771484375 -0.12896728515625 -0.158950805664062
0.198577880859375 0.09307861328125 -0.154159545898438 -0.165451049804688
0.204238891601562 0.13641357421875 0.0033721923828125 -0.200515747070312
0.146575927734375 0.03125 -0.000634193420410147 0.00259852409362793
0.129287719726562 -0.048309326171875 0.152099609375 0.0218353271484375
0.050262451171875 -0.0776443481445313 0.163726806640625 -0.10546875
0.00235748291015625 -0.0777359008789062 0.05999755859375 -0.181182861328125
-0.0389938354492188 -0.0510902404785156 -0.0703887939453125 -0.171585083007813
-0.0750656127929688 -0.032745361328125 -0.134262084960938 -0.0901718139648438
-0.0793914794921875 -0.0459060668945312 -0.103813171386719 -0.04144287109375
-0.0900955200195313 -0.0358810424804687 -0.0966415405273438 -0.0100631713867187
-0.0660285949707031 -0.0651016235351563 -0.0947113037109375 -0.00150299072265625
-0.0242919921875 -0.110641479492188 -0.1024169921875 -0.0108261108398437
0.0510711669921875 -0.137908935546875 -0.127975463867187 -0.0581817626953125
0.181411743164063 -0.059722900390625 -0.0970306396484375 -0.104873657226562
0.21868896484375 0.036041259765625 -0.108283996582031 -0.130805969238281
0.229156494140625 0.162185668945313 -0.109382629394531 -0.111198425292969
0.201065063476563 0.210205078125 0.0669021606445313 -0.13983154296875
0.187225341796875 0.107223510742188 0.0385551452636719 0.0367774963378906
0.218643188476562 -0.0209197998046875 0.170333862304687 0.0567169189453125
0.118629455566406 -0.112457275390625 0.189926147460937 -0.0694122314453125
0.0280303955078125 -0.14031982421875 0.09466552734375 -0.15472412109375
-0.0618209838867188 -0.10235595703125 -0.037139892578125 -0.150283813476562
-0.113410949707031 -0.0627059936523438 -0.0956344604492188 -0.0750656127929687
-0.115211486816406 -0.0759201049804687 -0.06243896484375 -0.0241470336914062
-0.131057739257813 -0.0588836669921875 -0.0562362670898438 0.01068115234375
-0.0946884155273438 -0.0926589965820313 -0.0637588500976563 0.0313873291015625
-0.0357208251953125 -0.147659301757813 -0.0807723999023438 0.0226287841796875
0.0645904541015625 -0.169387817382813 -0.119903564453125 -0.0255966186523438
0.219146728515625 -0.06378173828125 -0.0956954956054688 -0.0756454467773437
0.242034912109375 0.05682373046875 -0.076995849609375 -0.104927062988281
0.23065185546875 0.2047119140625 -0.0548896789550781 -0.0449409484863281
0.15924072265625 0.247314453125 0.125129699707031 -0.0529861450195312
0.181045532226563 0.170135498046875 0.077484130859375 0.0846786499023438
0.264404296875 0.027862548828125 0.173843383789063 0.0969696044921875
0.171478271484375 -0.111358642578125 0.199554443359375 -0.01751708984375
0.059783935546875 -0.171707153320313 0.121795654296875 -0.106941223144531
-0.0667190551757812 -0.138160705566406 0.00267791748046876 -0.110977172851563
-0.131088256835937 -0.0845108032226563 -0.0435104370117188 -0.051422119140625
-0.133049011230469 -0.093536376953125 -0.0121965408325195 -0.00432968139648438
-0.153976440429688 -0.07318115234375 -0.0065135955810547 0.0331230163574219
-0.111831665039062 -0.107223510742188 -0.0240058898925781 0.0643959045410156
-0.0426025390625 -0.167129516601563 -0.0531425476074219 0.0542068481445312
0.072174072265625 -0.1795654296875 -0.104087829589844 0.00693511962890624
0.231903076171875 -0.0552978515625 -0.0895156860351562 -0.0494918823242188
0.234268188476563 0.078826904296875 -0.03924560546875 -0.0831146240234375
0.199813842773437 0.2230224609375 0.000677108764648451 0.0249614715576172
0.09033203125 0.235427856445313 0.168746948242188 0.0401153564453125
0.131881713867187 0.1976318359375 0.108856201171875 0.133995056152344
0.248825073242188 0.0792236328125 0.158538818359375 0.129119873046875
0.188888549804687 -0.0798797607421875 0.186737060546875 0.034149169921875
0.0830535888671875 -0.164901733398438 0.132057189941406 -0.0484161376953125
-0.0572357177734375 -0.148208618164062 0.0408935546875 -0.0613136291503906
-0.127059936523437 -0.091583251953125 0.0122451782226562 -0.0240077972412109
-0.130439758300781 -0.0975265502929687 0.0386238098144531 0.0155296325683594
-0.1552734375 -0.0780181884765625 0.0448493957519531 0.0531272888183594
-0.112442016601563 -0.110099792480469 0.0174636840820312 0.0941696166992188
-0.039581298828125 -0.169036865234375 -0.0255661010742187 0.0839080810546875
0.079498291015625 -0.169326782226563 -0.086761474609375 0.036834716796875
0.2249755859375 -0.030120849609375 -0.0829391479492187 -0.026947021484375
0.201370239257812 0.104141235351562 -0.00417709350585937 -0.0619277954101562
0.138946533203125 0.219558715820313 0.04669189453125 0.0917892456054688
0.00885009765625 0.176834106445313 0.191329956054688 0.120254516601563
0.058013916015625 0.18035888671875 0.127548217773438 0.17144775390625
0.181991577148438 0.10736083984375 0.133010864257813 0.145904541015625
0.162246704101563 -0.0357818603515625 0.160064697265625 0.0737762451171875
0.0842056274414062 -0.126396179199219 0.126998901367187 0.00446319580078124
-0.0390167236328125 -0.128974914550781 0.0711212158203125 -0.0129165649414063
-0.103370666503906 -0.0823287963867188 0.0638465881347656 0.00313949584960937
-0.1090087890625 -0.0868072509765625 0.0849151611328125 0.0321731567382812
-0.134071350097656 -0.0744400024414063 0.0921630859375 0.0708999633789063
-0.0967941284179688 -0.102210998535156 0.0539627075195312 0.121658325195312
-0.0276641845703125 -0.153884887695312 -0.00450897216796876 0.112335205078125
0.0830078125 -0.141143798828125 -0.0742263793945312 0.0648727416992187
0.199249267578125 0.003448486328125 -0.0804595947265625 -0.0072784423828125
0.145263671875 0.125244140625 0.0229530334472656 -0.0376625061035156
0.05902099609375 0.19244384765625 0.0732269287109375 0.153350830078125
-0.0723114013671875 0.0864486694335938 0.193878173828125 0.166275024414063
-0.0214996337890625 0.123405456542969 0.136383056640625 0.185775756835937
0.0861892700195313 0.102577209472656 0.10748291015625 0.144760131835938
0.102035522460938 0.0041656494140625 0.133682250976562 0.0938873291015625
0.0643196105957031 -0.0683555603027344 0.11676025390625 0.0398406982421875
-0.01727294921875 -0.0860748291015625 0.0923843383789063 0.0207977294921875
-0.064544677734375 -0.0594253540039063 0.102470397949219 0.021484375
-0.0716476440429688 -0.0631561279296875 0.118125915527344 0.0434417724609375
-0.0938720703125 -0.0615386962890625 0.128631591796875 0.0861129760742188
-0.0689926147460937 -0.0819091796875 0.080902099609375 0.145767211914063
-0.0115509033203125 -0.121025085449219 0.00755310058593751 0.140716552734375
0.0767288208007813 -0.098876953125 -0.0707778930664063 0.0903091430664063
0.15069580078125 0.0330963134765625 -0.086273193359375 0.00753021240234373
0.07366943359375 0.129379272460938 0.0344371795654297 -0.0128498077392578
-0.0288314819335938 0.138832092285156 0.075225830078125 0.202407836914063
0.103981018066406 -0.0522994995117188 -0.0974884033203125 -0.218124389648438
-0.00887298583984375 -0.0876312255859375 -0.045501708984375 -0.00643920898437501
-0.0698318481445313 -0.0311660766601563 0.104225158691406 -0.00780487060546875
-0.0564041137695313 0.0419158935546875 0.109413146972656 -0.122428894042969
-0.00531005859375 0.0674095153808594 0.010894775390625 -0.172897338867187
0.0426979064941406 0.04461669921875 -0.0975341796875 -0.168060302734375
0.0342597961425781 0.0225906372070313 -0.160507202148438 -0.0906524658203125
0.0203838348388672 0.0255241394042969 -0.142562866210937 -0.050018310546875
0.0181636810302734 0.0285987854003906 -0.12872314453125 -0.0249099731445313
-0.00337982177734375 0.0267314910888672 -0.117652893066406 -0.0386505126953125
-0.0312366485595703 0.00647163391113282 -0.123847961425781 -0.0506820678710938
-0.0428504943847656 -0.0461845397949219 -0.132293701171875 -0.0942459106445313
0.0285263061523437 -0.0799102783203125 -0.0980224609375 -0.158096313476563
0.102981567382813 -0.0575408935546875 -0.14263916015625 -0.18267822265625
0.14849853515625 -0.0074005126953125 -0.189483642578125 -0.191635131835937
0.170944213867188 0.0382232666015625 -0.0602874755859375 -0.225601196289062
0.0750579833984375 -0.0409698486328125 -0.0307598114013672 -0.00959396362304688
0.023101806640625 -0.0506134033203125 0.128273010253906 -0.00276947021484375
-0.0126991271972656 -0.0191116333007813 0.133934020996094 -0.126792907714844
-0.00819540023803711 -0.00176620483398438 0.0281524658203125 -0.187850952148437
-0.000138282775878906 0.000659942626953125 -0.09564208984375 -0.176620483398437
-0.0231838226318359 -0.00207328796386718 -0.160781860351562 -0.0924072265625
-0.0327796936035156 -0.00985527038574219 -0.135482788085938 -0.0485916137695313
-0.037567138671875 -0.00512313842773438 -0.1243896484375 -0.020660400390625
-0.0325756072998047 -0.0239505767822266 -0.11553955078125 -0.025299072265625
-0.020355224609375 -0.0565261840820312 -0.11895751953125 -0.037139892578125
0.0138778686523438 -0.0938186645507813 -0.135124206542969 -0.0821685791015625
0.115982055664063 -0.0631179809570313 -0.0987319946289062 -0.135215759277344
0.1708984375 -0.0025634765625 -0.133941650390625 -0.1590576171875
0.204635620117188 0.08642578125 -0.159210205078125 -0.162445068359375
0.209014892578125 0.130874633789063 -0.00466918945312497 -0.201492309570313
0.148773193359375 0.0279541015625 -0.000748634338378897 0.00582313537597656
0.128448486328125 -0.0529022216796875 0.15570068359375 0.0185699462890625
0.04852294921875 -0.0779647827148438 0.165847778320313 -0.112030029296875
0.00162506103515625 -0.0769805908203125 0.058135986328125 -0.186630249023437
-0.0380859375 -0.0512275695800781 -0.0764312744140625 -0.173583984375
-0.0761642456054688 -0.0318527221679688 -0.139869689941406 -0.0871353149414062
-0.0823974609375 -0.0450057983398438 -0.108116149902344 -0.0389480590820313
-0.09075927734375 -0.0346755981445312 -0.099151611328125 -0.00582122802734377
-0.066162109375 -0.0648689270019531 -0.0972518920898438 0.00258636474609376
-0.0254898071289063 -0.110374450683594 -0.107307434082031 -0.00777435302734374
0.0470046997070313 -0.139640808105469 -0.135398864746094 -0.0550537109375
0.18206787109375 -0.065460205078125 -0.1021728515625 -0.107170104980469
0.22186279296875 0.0316314697265625 -0.113227844238281 -0.130607604980469
0.237823486328125 0.157257080078125 -0.112709045410156 -0.108993530273437
0.208526611328125 0.206878662109375 0.0610198974609375 -0.142196655273438
0.192276000976563 0.104095458984375 0.0390472412109375 0.0399360656738281
0.220413208007813 -0.02838134765625 0.175201416015625 0.053497314453125
0.116455078125 -0.115692138671875 0.19317626953125 -0.0762939453125
0.0249481201171875 -0.141387939453125 0.093414306640625 -0.1610107421875
-0.0633392333984375 -0.101913452148438 -0.04217529296875 -0.152435302734375
-0.115226745605469 -0.060943603515625 -0.0997543334960938 -0.0731658935546875
-0.119834899902344 -0.0740432739257812 -0.0651321411132813 -0.0225868225097656
-0.13360595703125 -0.0556716918945313 -0.0574798583984375 0.0137481689453125
-0.096466064453125 -0.0910873413085938 -0.06512451171875 0.0354194641113281
-0.0390777587890625 -0.148193359375 -0.0848007202148438 0.026458740234375
0.060638427734375 -0.172500610351563 -0.127403259277344 -0.022308349609375
0.22076416015625 -0.07147216796875 -0.100318908691406 -0.077484130859375
0.246353149414063 0.0512847900390625 -0.0820541381835937 -0.105979919433594
0.24102783203125 0.200515747070313 -0.0563697814941406 -0.0430526733398437
0.16680908203125 0.245452880859375 0.122772216796875 -0.0564498901367187
0.188018798828125 0.168731689453125 0.0790863037109375 0.0873794555664063
0.267898559570313 0.0198211669921875 0.179168701171875 0.0946044921875
0.170150756835938 -0.117034912109375 0.2037353515625 -0.0243988037109375
0.0557098388671875 -0.175216674804688 0.121749877929687 -0.113189697265625
-0.0699310302734375 -0.137771606445313 7.62939453125596E-06 -0.112884521484375
-0.134239196777344 -0.0814437866210938 -0.0466842651367188 -0.05047607421875
-0.138748168945312 -0.0916061401367187 -0.0139522552490234 -0.00398826599121094
-0.157562255859375 -0.0687408447265625 -0.00567054748535157 0.0343761444091797
-0.114967346191406 -0.104400634765625 -0.0231781005859375 0.0676116943359375
-0.047332763671875 -0.166885375976563 -0.055633544921875 0.0578575134277344
0.0677032470703125 -0.183334350585938 -0.110527038574219 0.0106735229492187
0.234207153320313 -0.0637054443359375 -0.0930023193359375 -0.0509414672851563
0.239761352539063 0.07379150390625 -0.0435714721679687 -0.0850906372070313
0.210037231445313 0.22064208984375 0.00197029113769533 0.0252761840820313
0.09661865234375 0.235061645507813 0.168914794921875 0.0367889404296875
0.139495849609375 0.198501586914063 0.111198425292969 0.136215209960938
0.255447387695313 0.07244873046875 0.164291381835938 0.12860107421875
0.188827514648438 -0.0861053466796875 0.192428588867188 0.0296478271484375
0.0789947509765625 -0.170211791992188 0.133293151855469 -0.0538558959960938
-0.0614471435546875 -0.148269653320313 0.0402565002441406 -0.0633087158203125
-0.130989074707031 -0.0882110595703125 0.0111713409423828 -0.0237998962402344
-0.136802673339844 -0.0952835083007813 0.0387649536132812 0.0142860412597656
-0.159896850585938 -0.073272705078125 0.04693603515625 0.0531501770019531
-0.116203308105469 -0.107040405273438 0.0197982788085937 0.0966262817382813
-0.0454559326171875 -0.168869018554688 -0.0269012451171875 0.0869979858398437
0.0743560791015625 -0.17364501953125 -0.0915603637695313 0.03985595703125
0.228622436523438 -0.039031982421875 -0.0865631103515625 -0.0274581909179687
0.207443237304688 0.100082397460938 -0.00753402709960936 -0.064453125
0.1483154296875 0.218643188476563 0.050201416015625 0.0914459228515625
0.01312255859375 0.179458618164063 0.194061279296875 0.116378784179688
0.0640411376953125 0.18280029296875 0.131210327148438 0.173538208007813
0.189727783203125 0.102340698242188 0.138397216796875 0.147125244140625
0.1639404296875 -0.0414276123046875 0.166275024414063 0.071075439453125
0.0816879272460937 -0.131240844726563 0.129348754882813 0.000755310058593742
-0.0438385009765625 -0.129295349121094 0.0716705322265625 -0.0147476196289063
-0.107376098632813 -0.0792007446289063 0.0643730163574219 0.001434326171875
-0.114639282226563 -0.0843963623046875 0.0862045288085937 0.0291671752929687
-0.138664245605469 -0.0699920654296875 0.0958786010742187 0.069610595703125
-0.101669311523437 -0.0995559692382813 0.0586166381835937 0.123268127441406
-0.033538818359375 -0.154266357421875 -0.004180908203125 0.115455627441406
0.078826904296875 -0.14581298828125 -0.0774459838867187 0.0680999755859375
0.203399658203125 -0.005096435546875 -0.083160400390625 -0.00731658935546874
0.15216064453125 0.123214721679688 0.0203971862792969 -0.0409202575683594
0.0660552978515625 0.19415283203125 0.078399658203125 0.152389526367188
-0.0721282958984375 0.0905303955078125 0.197586059570313 0.163467407226562
-0.0181655883789063 0.127639770507813 0.140274047851563 0.1871337890625
0.091888427734375 0.100296020507813 0.112503051757813 0.147415161132813
0.103668212890625 0.00095367431640625 0.139595031738281 0.0933685302734375
0.0625152587890625 -0.0718612670898438 0.119895935058594 0.0370407104492187
-0.0213851928710937 -0.0871734619140625 0.094696044921875 0.0189132690429687
-0.0686149597167969 -0.0570526123046875 0.104026794433594 0.0182571411132813
-0.0762481689453125 -0.0611572265625 0.120864868164063 0.0395431518554687
-0.0985488891601563 -0.0567474365234375 0.133232116699219 0.0829849243164063
-0.0734024047851563 -0.0797119140625 0.0867919921875 0.146453857421875
-0.017120361328125 -0.121177673339844 0.0091705322265625 0.14349365234375
0.073394775390625 -0.103874206542969 -0.0724105834960938 0.094268798828125
0.154983520507813 0.026641845703125 -0.0888519287109375 0.00876617431640627
0.0803909301757813 0.128921508789063 0.0324687957763672 -0.0163536071777344
-0.0240936279296875 0.142059326171875 0.081634521484375 0.202545166015625
0.104873657226563 -0.0583038330078125 -0.109893798828125 -0.221588134765625
-0.0145492553710938 -0.0906753540039063 -0.0468406677246094 -0.00295257568359375
-0.075225830078125 -0.0283889770507813 0.109718322753906 -0.0108871459960938
-0.0559158325195313 0.0482063293457031 0.111618041992187 -0.132011413574219
0.00014495849609375 0.0707244873046875 0.00706481933593749 -0.181991577148438
0.0469894409179688 0.0419464111328125 -0.1090087890625 -0.172775268554687
0.0359153747558594 0.0206222534179688 -0.171890258789062 -0.08758544921875
0.0228404998779297 0.0246086120605469 -0.151473999023438 -0.0452728271484375
0.0205478668212891 0.0278491973876953 -0.135475158691406 -0.0194625854492188
-0.0008544921875 0.0263309478759766 -0.124809265136719 -0.0347900390625
-0.0310897827148438 0.00797271728515624 -0.132591247558594 -0.047760009765625
-0.0465354919433594 -0.0442314147949219 -0.143203735351563 -0.092864990234375
0.0255813598632813 -0.0827102661132813 -0.108184814453125 -0.163497924804688
0.1043701171875 -0.0648117065429688 -0.153182983398438 -0.186126708984375
0.153213500976563 -0.0152435302734375 -0.201766967773437 -0.191177368164063
0.177276611328125 0.032562255859375 -0.0722503662109375 -0.230300903320313
0.0748748779296875 -0.0450363159179688 -0.0315818786621094 -0.00581932067871094
0.0209846496582031 -0.0526618957519531 0.134117126464844 -0.00672149658203125
-0.01300048828125 -0.0168161392211914 0.136955261230469 -0.137527465820313
-0.00575447082519531 -0.000752449035644532 0.0236358642578125 -0.197784423828125
0.00190520286560059 -0.00138890743255615 -0.106765747070313 -0.181900024414062
-0.0237140655517578 -0.00312232971191406 -0.171524047851563 -0.08966064453125
-0.0345668792724609 -0.0104999542236328 -0.14447021484375 -0.04400634765625
-0.0385093688964844 -0.00492477416992187 -0.131027221679688 -0.0147323608398438
-0.0326347351074219 -0.0250110626220703 -0.122085571289063 -0.0214767456054687
-0.0216178894042969 -0.0579452514648437 -0.128044128417969 -0.033447265625
0.0112533569335938 -0.0952987670898438 -0.14593505859375 -0.0796966552734375
0.117942810058594 -0.0683822631835938 -0.108512878417969 -0.140541076660156
0.176254272460938 -0.0084075927734375 -0.14447021484375 -0.161605834960938
0.21563720703125 0.080841064453125 -0.169937133789063 -0.161773681640625
0.219863891601563 0.128036499023438 -0.014373779296875 -0.207199096679688
0.154800415039063 0.023651123046875 -0.000943183898925773 0.0102291107177734
0.129776000976563 -0.0597000122070313 0.163040161132813 0.01483154296875
0.0474472045898437 -0.0803375244140625 0.170684814453125 -0.124374389648438
0.000473022460937502 -0.0789108276367188 0.0554962158203125 -0.197525024414063
-0.0398406982421875 -0.0532646179199219 -0.087005615234375 -0.178939819335938
-0.0798492431640625 -0.0312042236328125 -0.150619506835938 -0.0843658447265625
-0.0880584716796875 -0.0446701049804687 -0.115631103515625 -0.0354843139648438
-0.0950775146484375 -0.03314208984375 -0.104049682617188 -0.000808715820312517
-0.0690574645996094 -0.0655670166015625 -0.102279663085937 0.00772094726562502
-0.02838134765625 -0.113784790039063 -0.114891052246094 -0.00273895263671874
0.04443359375 -0.144927978515625 -0.14727783203125 -0.0514678955078125
0.187255859375 -0.0737152099609375 -0.111854553222656 -0.111213684082031
0.231109619140625 0.0251312255859375 -0.122161865234375 -0.133430480957031
0.253494262695313 0.152801513671875 -0.120216369628906 -0.107887268066406
0.222579956054687 0.206588745117187 0.0554962158203125 -0.14813232421875
0.203445434570312 0.101852416992188 0.0409507751464844 0.0442733764648438
0.226669311523438 -0.0384674072265625 0.18438720703125 0.050628662109375
0.116050720214844 -0.12261962890625 0.2000732421875 -0.08770751953125
0.021728515625 -0.14666748046875 0.0927734375 -0.17218017578125
-0.06768798828125 -0.104011535644531 -0.049896240234375 -0.158111572265625
-0.121299743652344 -0.0594024658203125 -0.108116149902344 -0.0712814331054687
-0.128173828125 -0.0723114013671875 -0.0702629089355469 -0.0209922790527344
-0.139686584472656 -0.0530014038085937 -0.0596122741699219 0.0175323486328125
-0.10186767578125 -0.0910110473632812 -0.0667724609375 0.0408210754394531
-0.0438232421875 -0.151779174804688 -0.0908660888671875 0.0317840576171875
0.056671142578125 -0.180084228515625 -0.138786315917969 -0.0171279907226563
0.226821899414063 -0.0823822021484375 -0.10955810546875 -0.0802536010742187
0.257415771484375 0.044891357421875 -0.0898361206054687 -0.108474731445313
0.259109497070313 0.198532104492187 -0.0595779418945312 -0.0423507690429687
0.18133544921875 0.248992919921875 0.121879577636719 -0.0621414184570312
0.202239990234375 0.169845581054687 0.0831451416015625 0.0921173095703125
0.27911376953125 0.0095062255859375 0.18994140625 0.0934600830078125
0.172988891601563 -0.126678466796875 0.213836669921875 -0.032867431640625
0.0513916015625 -0.18365478515625 0.123756408691406 -0.12335205078125
-0.0765533447265625 -0.140975952148438 -0.00440216064453127 -0.118545532226563
-0.14208984375 -0.079681396484375 -0.0518836975097656 -0.0493316650390625
-0.148971557617188 -0.0900421142578125 -0.0157566070556641 -0.0038595199584961
-0.166046142578125 -0.0648345947265625 -0.00495147705078126 0.0369300842285156
-0.12158203125 -0.10369873046875 -0.0220489501953125 0.0732269287109375
-0.054779052734375 -0.170806884765625 -0.0593605041503906 0.0639572143554688
0.0630950927734375 -0.19268798828125 -0.12042236328125 0.0163421630859375
0.241653442382813 -0.0761566162109375 -0.102043151855469 -0.0527114868164063
0.252334594726563 0.0682373046875 -0.0499725341796875 -0.088592529296875
0.228042602539062 0.220733642578125 0.00355911254882814 0.0255603790283203
0.107955932617188 0.241729736328125 0.17315673828125 0.032470703125
0.1524658203125 0.203079223632813 0.118209838867188 0.140579223632813
0.269088745117187 0.0650787353515625 0.175506591796875 0.12957763671875
0.194290161132813 -0.095611572265625 0.20306396484375 0.0234527587890625
0.0752716064453125 -0.180084228515625 0.138160705566406 -0.061248779296875
-0.0688629150390625 -0.15185546875 0.039825439453125 -0.0675010681152344
-0.139266967773437 -0.086151123046875 0.00961303710937499 -0.0244026184082031
-0.147796630859375 -0.093475341796875 0.0398521423339844 0.0129432678222656
-0.1689453125 -0.068450927734375 0.0511512756347656 0.05401611328125
-0.123603820800781 -0.105583190917969 0.0244522094726562 0.101654052734375
-0.0533447265625 -0.172149658203125 -0.0281524658203125 0.0934677124023438
0.06927490234375 -0.1832275390625 -0.0991134643554688 0.0464706420898437
0.236358642578125 -0.051055908203125 -0.0930633544921875 -0.0278854370117188
0.220230102539063 0.09698486328125 -0.0121726989746094 -0.0688095092773438
0.1634521484375 0.221359252929688 0.0552291870117188 0.0923385620117188
0.0183563232421875 0.18682861328125 0.201644897460937 0.114227294921875
0.0738525390625 0.18865966796875 0.140243530273438 0.178512573242188
0.202255249023438 0.0988311767578125 0.148910522460938 0.150161743164063
0.16937255859375 -0.0492401123046875 0.177322387695313 0.0688018798828125
0.079071044921875 -0.140869140625 0.135589599609375 -0.00477600097656251
-0.0504608154296875 -0.133232116699219 0.0751724243164062 -0.0177230834960938
-0.11505126953125 -0.0773239135742187 0.0661964416503906 -0.00094223022460938
-0.12457275390625 -0.082794189453125 0.0902633666992187 0.0262451171875
-0.1475830078125 -0.0649261474609375 0.102996826171875 0.0690841674804688
-0.108833312988281 -0.0978240966796875 0.0662765502929688 0.127525329589844
-0.0419464111328125 -0.157440185546875 -0.00277709960937499 0.121734619140625
0.0749053955078125 -0.155029296875 -0.0828857421875 0.0741195678710937
0.211700439453125 -0.0155181884765625 -0.0892486572265625 -0.00670623779296876
0.164474487304688 0.122222900390625 0.0171546936035156 -0.0456428527832031
0.077239990234375 0.198898315429687 0.0872802734375 0.154617309570312
-0.0723800659179687 0.0973129272460938 0.206787109375 0.162200927734375
-0.012939453125 0.134689331054688 0.150405883789063 0.191848754882812
0.101242065429688 0.100181579589844 0.122650146484375 0.152542114257812
0.108375549316406 -0.00360870361328125 0.150787353515625 0.0928802490234375
0.0610885620117188 -0.0788726806640625 0.127548217773438 0.0343246459960937
-0.0268096923828125 -0.0898056030273438 0.100021362304687 0.0165939331054687
-0.0741806030273438 -0.055023193359375 0.108573913574219 0.014495849609375
-0.0835800170898438 -0.0595474243164062 0.126823425292969 0.0352935791015625
-0.105918884277344 -0.0531692504882812 0.142684936523438 0.0804443359375
-0.0798797607421875 -0.0783462524414062 0.0971221923828125 0.1495361328125
-0.02423095703125 -0.124702453613281 0.0126495361328125 0.149795532226563
0.070404052734375 -0.111801147460937 -0.0754165649414062 0.100982666015625
0.163375854492188 0.018798828125 -0.0940170288085938 0.01092529296875
0.0911941528320313 0.131187438964844 0.0311870574951172 -0.0209312438964844
-0.01959228515625 0.148086547851563 0.0916900634765625 0.206192016601563
0.104652404785156 -0.0673751831054688 -0.128768920898438 -0.22296142578125
-0.0233001708984375 -0.0937728881835937 -0.0480232238769531 0.00234985351562499
-0.0815277099609375 -0.0229339599609375 0.115577697753906 -0.0166854858398438
-0.0531082153320313 0.0563735961914063 0.109359741210938 -0.146408081054688
0.00806427001953125 0.0738601684570313 -0.0023345947265625 -0.193252563476563
0.0530204772949219 0.0381736755371094 -0.126449584960938 -0.175857543945313
0.0383148193359375 0.0170097351074219 -0.18658447265625 -0.080902099609375
0.0257854461669922 0.0232009887695313 -0.162948608398438 -0.036346435546875
0.0238723754882812 0.0257778167724609 -0.142822265625 -0.01031494140625
0.00239944458007813 0.0261211395263672 -0.133468627929688 -0.0278701782226563
-0.0297298431396484 0.0100536346435547 -0.144317626953125 -0.0411834716796875
-0.0513572692871094 -0.0407371520996094 -0.157501220703125 -0.0881500244140625
0.0211410522460938 -0.0869598388671875 -0.12396240234375 -0.16741943359375
0.103599548339844 -0.0750885009765625 -0.169830322265625 -0.186721801757812
0.158432006835937 -0.0278472900390625 -0.220138549804688 -0.186676025390625
0.185821533203125 0.022552490234375 -0.0908355712890625 -0.2344970703125
0.0737228393554688 -0.0519180297851563 -0.0328636169433594 -0.000656127929687497
0.0168838500976562 -0.055450439453125 0.141403198242188 -0.0140838623046875
-0.0133771896362305 -0.0139312744140625 0.136337280273438 -0.153839111328125
-0.00365376472473145 0.000212192535400391 0.0139617919921875 -0.211380004882813
0.00336360931396484 -0.00336956977844238 -0.124755859375 -0.185562133789063
-0.0247974395751953 -0.00361251831054687 -0.186981201171875 -0.082183837890625
-0.0366706848144531 -0.00988388061523438 -0.155548095703125 -0.035430908203125
-0.039703369140625 -0.00490188598632812 -0.138626098632813 -0.005401611328125
-0.0337696075439453 -0.0258922576904297 -0.130195617675781 -0.0136337280273437
-0.0237846374511719 -0.0595016479492188 -0.138717651367188 -0.0261764526367187
0.00621795654296875 -0.0982284545898438 -0.160720825195313 -0.0735931396484375
0.119049072265625 -0.0780105590820313 -0.123214721679688 -0.143814086914062
0.182937622070313 -0.019500732421875 -0.159469604492188 -0.161895751953125
0.229766845703125 0.0689239501953125 -0.185165405273438 -0.157516479492188
0.236923217773438 0.11962890625 -0.029510498046875 -0.213668823242188
0.162445068359375 0.0149993896484375 -0.000350952148437489 0.0143222808837891
0.13037109375 -0.0702133178710938 0.172134399414063 0.0062713623046875
0.045257568359375 -0.0840911865234375 0.1729736328125 -0.141952514648438
-0.00273132324218751 -0.0819168090820313 0.0467071533203125 -0.2127685546875
-0.04315185546875 -0.0546531677246094 -0.10260009765625 -0.183425903320312
-0.0844345092773438 -0.0290298461914062 -0.1641845703125 -0.0777587890625
-0.0952987670898438 -0.0416641235351562 -0.124809265136719 -0.028656005859375
-0.100608825683594 -0.0303115844726563 -0.109672546386719 0.00740814208984373
-0.0739669799804688 -0.0655975341796875 -0.107666015625 0.0161209106445313
-0.03424072265625 -0.117401123046875 -0.123931884765625 0.00524902343749998
0.03778076171875 -0.152847290039062 -0.162353515625 -0.043212890625
0.191146850585938 -0.0884552001953125 -0.125633239746094 -0.113258361816406
0.242050170898437 0.01202392578125 -0.135749816894531 -0.133377075195313
0.274215698242188 0.142181396484375 -0.130943298339844 -0.104621887207031
0.244918823242188 0.20220947265625 0.045867919921875 -0.156326293945313
0.219070434570313 0.0942535400390625 0.0445556640625 0.0482139587402344
0.233322143554688 -0.0553741455078125 0.196258544921875 0.042633056640625
0.113319396972656 -0.133209228515625 0.206573486328125 -0.106185913085938
0.014129638671875 -0.154373168945313 0.08734130859375 -0.188690185546875
-0.0760345458984375 -0.105255126953125 -0.0624847412109375 -0.163497924804688
-0.129898071289063 -0.0546875 -0.118804931640625 -0.0659637451171875
-0.14013671875 -0.0678329467773438 -0.0767745971679688 -0.0165481567382812
-0.149124145507813 -0.0471038818359375 -0.061920166015625 0.0234527587890625
-0.110458374023437 -0.08990478515625 -0.0685272216796875 0.0493736267089844
-0.0539703369140625 -0.155426025390625 -0.0965957641601563 0.040802001953125
0.0479583740234375 -0.191009521484375 -0.151382446289062 -0.00688171386718748
0.232330322265625 -0.101394653320313 -0.122535705566406 -0.080718994140625
0.271102905273438 0.031951904296875 -0.101394653320313 -0.10968017578125
0.28375244140625 0.18975830078125 -0.0642356872558593 -0.0407638549804687
0.203582763671875 0.250259399414063 0.119483947753906 -0.0709762573242187
0.222305297851563 0.165771484375 0.0913772583007813 0.095123291015625
0.292510986328125 -0.00848388671875 0.204452514648438 0.087310791015625
0.172271728515625 -0.141616821289063 0.224334716796875 -0.049407958984375
0.0428619384765625 -0.195632934570313 0.12310791015625 -0.138397216796875
-0.08782958984375 -0.143081665039063 -0.0114593505859375 -0.124702453613281
-0.153167724609375 -0.0734405517578125 -0.05841064453125 -0.0473213195800781
-0.163543701171875 -0.083709716796875 -0.0181121826171875 -0.00238990783691407
-0.17724609375 -0.05670166015625 -0.00355911254882813 0.0398139953613281
-0.132408142089844 -0.1007080078125 -0.0187835693359375 0.0802459716796875
-0.06695556640625 -0.174392700195313 -0.0616302490234375 0.0726776123046875
0.0529632568359375 -0.204513549804688 -0.129859924316406 0.027099609375
0.248611450195313 -0.096435546875 -0.113143920898437 -0.051483154296875
0.26763916015625 0.0557861328125 -0.059478759765625 -0.0912399291992188
0.253036499023438 0.215347290039063 0.00514984130859377 0.0267906188964844
0.127044677734375 0.247299194335938 0.179046630859375 0.0240936279296875
0.172882080078125 0.204010009765625 0.130020141601563 0.1435546875
0.28656005859375 0.04925537109375 0.1912841796875 0.126815795898438
0.197052001953125 -0.111679077148438 0.216720581054687 0.0110931396484375
0.066925048828125 -0.193771362304687 0.14166259765625 -0.0739593505859375
-0.0816192626953125 -0.1544189453125 0.0382308959960938 -0.0733718872070313
-0.150650024414063 -0.0803375244140625 0.00762557983398437 -0.0251693725585938
-0.162429809570312 -0.0869293212890625 0.0418014526367187 0.0108757019042969
-0.180938720703125 -0.0597991943359375 0.0571517944335937 0.0537643432617188
-0.135597229003906 -0.101936340332031 0.0321807861328125 0.106697082519531
-0.0670928955078125 -0.175201416015625 -0.0265579223632812 0.101577758789062
0.0601654052734375 -0.195587158203125 -0.105522155761719 0.0565414428710937
0.243927001953125 -0.0710296630859375 -0.102012634277344 -0.0257110595703125
0.237106323242188 0.08734130859375 -0.0189208984375 -0.0730743408203125
0.186294555664063 0.220352172851563 0.0635223388671875 0.092498779296875
0.0300445556640625 0.195632934570313 0.2130126953125 0.107467651367188
0.0905914306640625 0.1947021484375 0.15509033203125 0.181427001953125
0.219268798828125 0.088623046875 0.164901733398438 0.151123046875
0.174957275390625 -0.0619964599609375 0.192047119140625 0.0603485107421875
0.0728912353515625 -0.153350830078125 0.14263916015625 -0.0136260986328125
-0.0622177124023438 -0.135841369628906 0.0783462524414063 -0.023284912109375
-0.125457763671875 -0.0717010498046875 0.0689506530761719 -0.00449752807617188
-0.137344360351563 -0.0769577026367187 0.09539794921875 0.0213241577148437
-0.159194946289063 -0.0565338134765625 0.112220764160156 0.0650863647460938
-0.120361328125 -0.093505859375 0.0781097412109375 0.130622863769531
-0.0552825927734375 -0.1605224609375 0.00180816650390626 0.130104064941406
0.0664215087890625 -0.167068481445313 -0.0860671997070313 0.0842437744140625
0.22076416015625 -0.03289794921875 -0.0961151123046875 -0.00289916992187501
0.181533813476562 0.116973876953125 0.0129318237304688 -0.0508880615234375
0.093536376953125 0.202377319335938 0.099700927734375 0.155105590820313
-0.0703964233398438 0.108505249023437 0.22259521484375 0.157379150390625
-0.00360107421874999 0.142471313476563 0.166275024414063 0.194122314453125
0.114120483398437 0.0959930419921875 0.138534545898438 0.155197143554688
0.113960266113281 -0.0117645263671875 0.165573120117188 0.0888214111328125
0.05792236328125 -0.08782958984375 0.137062072753906 0.0275802612304687
-0.036102294921875 -0.0918350219726563 0.107192993164063 0.0111618041992187
-0.0813751220703125 -0.0507965087890625 0.114738464355469 0.00811004638671875
-0.0933837890625 -0.055023193359375 0.134635925292969 0.027618408203125
-0.115180969238281 -0.0464630126953125 0.154815673828125 0.07501220703125
-0.0890655517578125 -0.0753097534179688 0.111953735351563 0.151565551757813
-0.0352630615234375 -0.127830505371094 0.0205535888671875 0.157943725585937
0.0645523071289063 -0.121818542480469 -0.0762405395507813 0.111396789550781
0.17279052734375 0.005889892578125 -0.099700927734375 0.0164794921875
0.106109619140625 0.129829406738281 0.0285816192626953 -0.0262184143066406
-0.0103759765625 0.156402587890625 0.107925415039063 0.20867919921875
0.101081848144531 -0.0782623291015625 -0.152099609375 -0.217697143554688
-0.034515380859375 -0.0941085815429688 -0.0477523803710938 0.008819580078125
-0.0873870849609375 -0.014923095703125 0.120223999023437 -0.0262069702148437
-0.0474739074707031 0.0645713806152344 0.1031494140625 -0.160797119140625
0.0177001953125 0.0748214721679688 -0.018096923828125 -0.201705932617188
0.0580291748046875 0.0320205688476562 -0.146835327148438 -0.172225952148438
0.0405464172363281 0.0123138427734375 -0.201065063476563 -0.067291259765625
0.0288047790527344 0.0204334259033203 -0.172256469726563 -0.0215911865234375
0.0272846221923828 0.0223560333251953 -0.147903442382813 0.00308227539062499
0.00621795654296875 0.02423095703125 -0.141876220703125 -0.0171966552734375
-0.0284156799316406 0.0126094818115234 -0.154815673828125 -0.02880859375
-0.0562210083007813 -0.0352439880371094 -0.171142578125 -0.076934814453125
0.0134429931640625 -0.0898971557617187 -0.142730712890625 -0.16552734375
0.0989761352539063 -0.0869293212890625 -0.189407348632812 -0.179733276367188
0.158966064453125 -0.04412841796875 -0.239501953125 -0.17254638671875
0.192596435546875 0.007476806640625 -0.1138916015625 -0.23162841796875
0.0695915222167969 -0.0590782165527344 -0.0327911376953125 0.00532341003417969
0.0111045837402344 -0.0569038391113281 0.14666748046875 -0.0250091552734375
-0.0126304626464844 -0.0106220245361328 0.129501342773438 -0.17169189453125
-0.000589609146118164 0.000219762325286865 -0.00225830078124998 -0.221633911132813
0.0041356086730957 -0.00623798370361328 -0.146163940429688 -0.181976318359375
-0.0258731842041016 -0.00354957580566406 -0.2012939453125 -0.06707763671875
-0.03887939453125 -0.00814437866210937 -0.16473388671875 -0.021240234375
-0.040771484375 -0.0036163330078125 -0.1435546875 0.00814819335937497
-0.0350608825683594 -0.0263290405273437 -0.137283325195313 -0.00194549560546872
-0.0276718139648437 -0.0602302551269531 -0.148422241210937 -0.01409912109375
-0.000915527343749993 -0.0999526977539062 -0.17559814453125 -0.0613555908203125
0.115928649902344 -0.0894088745117188 -0.140533447265625 -0.140899658203125
0.185546875 -0.0355072021484375 -0.176834106445313 -0.15533447265625
0.241256713867188 0.0495758056640625 -0.2012939453125 -0.145782470703125
0.2528076171875 0.10302734375 -0.049346923828125 -0.215118408203125
0.167343139648438 0.001739501953125 0.00131988525390626 0.0191860198974609
0.126319885253906 -0.0825424194335937 0.179458618164063 -0.00677490234375001
0.04107666015625 -0.0883407592773438 0.168121337890625 -0.16290283203125
-0.007781982421875 -0.083770751953125 0.0306854248046875 -0.225723266601563
-0.0473289489746094 -0.0543327331542969 -0.12322998046875 -0.181655883789063
-0.0891036987304687 -0.0238113403320312 -0.176559448242188 -0.064422607421875
-0.10260009765625 -0.0352325439453125 -0.133560180664063 -0.0168533325195313
-0.105812072753906 -0.0236434936523437 -0.113067626953125 0.0195159912109375
-0.0801544189453125 -0.0634384155273438 -0.110771179199219 0.027618408203125
-0.0435562133789063 -0.118576049804688 -0.131126403808594 0.0180435180664063
0.026885986328125 -0.159317016601563 -0.175186157226562 -0.0290069580078125
0.190277099609375 -0.106887817382813 -0.141342163085938 -0.109710693359375
0.249740600585937 -0.007415771484375 -0.151031494140625 -0.128097534179688
0.2945556640625 0.1214599609375 -0.141647338867188 -0.0964202880859375
0.268051147460938 0.187088012695313 0.0316009521484375 -0.162857055664063
0.232757568359375 0.0783843994140625 0.0494880676269531 0.0501937866210938
0.234634399414063 -0.0771942138671875 0.207290649414063 0.02911376953125
0.106719970703125 -0.144866943359375 0.206069946289063 -0.128128051757813
0.0022735595703125 -0.160247802734375 0.0753326416015625 -0.20452880859375
-0.0854110717773438 -0.103126525878906 -0.0789794921875 -0.164215087890625
-0.137336730957031 -0.0454940795898438 -0.128768920898438 -0.0562515258789063
-0.151947021484375 -0.0575714111328125 -0.0820388793945313 -0.00912475585937501
-0.15753173828125 -0.035858154296875 -0.0627975463867188 0.0317573547363281
-0.119697570800781 -0.0843887329101562 -0.066497802734375 0.0586585998535156
-0.0668487548828125 -0.155975341796875 -0.0995559692382813 0.052947998046875
0.0334014892578125 -0.199920654296875 -0.161178588867188 0.00892639160156249
0.23162841796875 -0.12469482421875 -0.136062622070312 -0.075927734375
0.281707763671875 0.010101318359375 -0.114936828613281 -0.106513977050781
0.30877685546875 0.169403076171875 -0.0681343078613281 -0.0361442565917969
0.230926513671875 0.2406005859375 0.114173889160156 -0.0809783935546875
0.243606567382813 0.152389526367188 0.100616455078125 0.0949554443359375
0.30035400390625 -0.03460693359375 0.21875 0.074493408203125
0.166397094726563 -0.15948486328125 0.228591918945312 -0.071563720703125
0.02728271484375 -0.20574951171875 0.116561889648438 -0.1556396484375
-0.101654052734375 -0.14080810546875 -0.0234298706054688 -0.128173828125
-0.162689208984375 -0.063079833984375 -0.0643653869628907 -0.04205322265625
-0.1773681640625 -0.0717620849609375 -0.020294189453125 -0.00013351440429688
-0.18780517578125 -0.0430908203125 -0.000492095947265641 0.0423812866210938
-0.143402099609375 -0.0929718017578125 -0.0121307373046875 0.0861358642578125
-0.082763671875 -0.173507690429688 -0.0604171752929687 0.0830230712890625
0.0371246337890625 -0.214828491210938 -0.137016296386719 0.0419998168945312
0.247711181640625 -0.121780395507813 -0.124595642089844 -0.0460662841796875
0.280914306640625 0.03448486328125 -0.0704269409179687 -0.090850830078125
0.27947998046875 0.198486328125 0.00853729248046877 0.0266914367675781
0.151214599609375 0.24578857421875 0.182144165039062 0.0118255615234375
0.196868896484375 0.196441650390625 0.14410400390625 0.141616821289062
0.300140380859375 0.025115966796875 0.209060668945313 0.1168212890625
0.194732666015625 -0.13134765625 0.22637939453125 -0.00764465332031251
0.052093505859375 -0.206619262695313 0.140762329101563 -0.09051513671875
-0.097442626953125 -0.152481079101563 0.032867431640625 -0.0794219970703125
-0.161605834960938 -0.0691680908203125 0.00563812255859374 -0.0250415802001953
-0.177078247070313 -0.07391357421875 0.042755126953125 0.00772857666015625
-0.191864013671875 -0.0442352294921875 0.0633277893066406 0.0511360168457031
-0.147384643554687 -0.0930938720703125 0.0428695678710937 0.109100341796875
-0.083526611328125 -0.174102783203125 -0.02166748046875 0.109733581542969
0.0448150634765625 -0.205947875976563 -0.108680725097656 0.0702972412109375
0.245590209960938 -0.0958251953125 -0.111083984375 -0.0198440551757813
0.252197265625 0.0690155029296875 -0.0281219482421875 -0.0757293701171875
0.210708618164062 0.210098266601562 0.0731658935546875 0.0893707275390625
0.04730224609375 0.2012939453125 0.22491455078125 0.094451904296875
0.111343383789062 0.194229125976563 0.172500610351563 0.177658081054688
0.23565673828125 0.07086181640625 0.183624267578125 0.144073486328125
0.176193237304688 -0.07965087890625 0.20489501953125 0.0452880859375
0.060791015625 -0.165557861328125 0.147781372070313 -0.027252197265625
-0.0768814086914063 -0.134651184082031 0.0801010131835938 -0.0313873291015625
-0.135345458984375 -0.0619659423828125 0.0701942443847656 -0.0102043151855469
-0.150527954101563 -0.0658721923828125 0.0991439819335937 0.0131072998046875
-0.1690673828125 -0.0423583984375 0.121353149414062 0.0572357177734375
-0.131927490234375 -0.0851593017578125 0.093170166015625 0.128952026367188
-0.0708770751953125 -0.159225463867187 0.010955810546875 0.136299133300781
0.0529632568359375 -0.177413940429688 -0.0855331420898437 0.0968551635742187
0.224609375 -0.0560302734375 -0.10211181640625 0.00366210937499997
0.198959350585938 0.1041259765625 0.00631713867187501 -0.0559768676757812
0.11480712890625 0.199905395507812 0.115310668945313 0.1502685546875
-0.06329345703125 0.119895935058594 0.238082885742188 0.145065307617188
0.00968933105468749 0.148666381835938 0.185531616210938 0.188949584960938
0.127876281738281 0.0871505737304688 0.15667724609375 0.151962280273438
0.117012023925781 -0.0230178833007812 0.180465698242188 0.077362060546875
0.0498123168945312 -0.0968399047851563 0.145050048828125 0.0160675048828125
-0.0465240478515625 -0.09112548828125 0.113082885742188 0.00213623046874999
-0.0888595581054688 -0.0429153442382812 0.118301391601562 -0.00200653076171875
-0.102783203125 -0.0464630126953125 0.140205383300781 0.0159454345703125
-0.123489379882813 -0.0352096557617188 0.16680908203125 0.0628204345703125
-0.098968505859375 -0.068328857421875 0.129913330078125 0.147232055664063
-0.0490341186523438 -0.127372741699219 0.0326080322265625 0.163726806640625
0.0543670654296875 -0.131622314453125 -0.0725784301757813 0.123329162597656
0.178054809570313 -0.01190185546875 -0.103813171386719 0.0240631103515625
0.122566223144531 0.123893737792969 0.0246429443359375 -0.0318508148193359
0.00294494628906252 0.162460327148438 0.128585815429688 0.205108642578125
0.0939102172851563 -0.0877838134765625 -0.17169189453125 -0.205490112304688
-0.0451507568359375 -0.0900115966796875 -0.0454292297363281 0.0150871276855469
-0.0895309448242188 -0.00502014160156249 0.121482849121094 -0.0356521606445313
-0.0392532348632813 0.0699615478515625 0.0915069580078125 -0.172897338867188
0.0266647338867188 0.072601318359375 -0.034881591796875 -0.204360961914063
0.0613174438476563 0.0247001647949219 -0.16436767578125 -0.162216186523437
0.0411605834960938 0.00689697265625 -0.209808349609375 -0.0490264892578125
0.0305156707763672 0.0166263580322266 -0.175537109375 -0.00489807128906253
0.029632568359375 0.0179405212402344 -0.147750854492188 0.017486572265625
0.00913429260253906 0.0209846496582031 -0.146026611328125 -0.0042877197265625
-0.0262794494628906 0.0144748687744141 -0.160629272460938 -0.014495849609375
-0.0584068298339844 -0.0282249450683594 -0.180633544921875 -0.0628814697265625
0.00562286376953126 -0.0906906127929688 -0.157974243164063 -0.157150268554688
0.090087890625 -0.0970077514648438 -0.204330444335938 -0.1669921875
0.154342651367188 -0.05908203125 -0.251174926757812 -0.152847290039063
0.192947387695313 -0.0092620849609375 -0.134918212890625 -0.221511840820313
0.062744140625 -0.0646209716796875 -0.0307331085205078 0.0110130310058594
0.0052337646484375 -0.0563011169433594 0.147384643554688 -0.036895751953125
-0.0110368728637695 -0.00791740417480469 0.117019653320313 -0.185958862304688
0.00156962871551514 -4.55379486083984E-05 -0.021575927734375 -0.225830078125
0.00422191619873047 -0.00925731658935547 -0.164581298828125 -0.172134399414062
-0.0264072418212891 -0.00315475463867188 -0.2099609375 -0.0495147705078125
-0.0403213500976562 -0.005859375 -0.168563842773437 -0.00485229492187502
-0.0415077209472656 -0.00205230712890626 -0.143463134765625 0.0227508544921875
-0.03680419921875 -0.026458740234375 -0.139350891113281 0.0111618041992188
-0.031005859375 -0.0595474243164062 -0.153518676757812 0.000549316406250018
-0.00794219970703126 -0.0987014770507813 -0.184173583984375 -0.0455169677734375
0.109245300292969 -0.098876953125 -0.155120849609375 -0.133193969726563
0.181991577148438 -0.051513671875 -0.190414428710937 -0.143035888671875
0.245925903320313 0.028106689453125 -0.211624145507812 -0.129379272460938
0.262313842773438 0.081268310546875 -0.069488525390625 -0.210205078125
0.166854858398438 -0.011871337890625 0.00396347045898439 0.0233516693115234
0.118934631347656 -0.0931625366210938 0.181900024414063 -0.0201416015625
0.035736083984375 -0.0899581909179688 0.157180786132813 -0.17987060546875
-0.0134506225585937 -0.0840072631835938 0.0117950439453125 -0.233154296875
-0.0513381958007812 -0.0523681640625 -0.141326904296875 -0.17315673828125
-0.0914688110351563 -0.0178985595703125 -0.183990478515625 -0.0480194091796875
-0.106964111328125 -0.02734375 -0.13671875 -0.00344085693359375
-0.108833312988281 -0.0163803100585938 -0.112411499023437 0.0314865112304688
-0.0845184326171875 -0.0592498779296875 -0.109931945800781 0.0388717651367188
-0.0517120361328125 -0.11724853515625 -0.133193969726563 0.0319976806640625
0.0146331787109375 -0.161773681640625 -0.181869506835938 -0.011444091796875
0.18267822265625 -0.123489379882812 -0.154037475585938 -0.1015625
0.249252319335938 -0.0277557373046875 -0.16314697265625 -0.117996215820313
0.30535888671875 0.095123291015625 -0.14801025390625 -0.08465576171875
0.28558349609375 0.1658935546875 0.0161895751953125 -0.163299560546875
0.240341186523437 0.059173583984375 0.0544967651367188 0.0511856079101563
0.228439331054688 -0.0973663330078125 0.212249755859375 0.013702392578125
0.095947265625 -0.15301513671875 0.197906494140625 -0.149017333984375
-0.0107574462890625 -0.161453247070313 0.0582733154296875 -0.215301513671875
-0.0938644409179688 -0.0975112915039062 -0.09503173828125 -0.1595458984375
-0.141921997070313 -0.034942626953125 -0.134384155273438 -0.0431900024414062
-0.158828735351563 -0.0446929931640625 -0.08453369140625 -0.000320434570312494
-0.161209106445313 -0.0234375 -0.0605049133300781 0.0393180847167969
-0.126235961914062 -0.075897216796875 -0.0621070861816406 0.0667839050292969
-0.0791778564453125 -0.152450561523438 -0.0986862182617187 0.0646591186523438
0.017791748046875 -0.203216552734375 -0.166030883789063 0.025909423828125
0.222259521484375 -0.146270751953125 -0.147491455078125 -0.067352294921875
0.283782958984375 -0.013275146484375 -0.125526428222656 -0.099456787109375
0.3245849609375 0.1422119140625 -0.0695304870605469 -0.0303993225097656
0.251708984375 0.22357177734375 0.105079650878906 -0.0881118774414063
0.258529663085938 0.132904052734375 0.109169006347656 0.0918807983398438
0.298980712890625 -0.0618896484375 0.227508544921875 0.0589141845703125
0.154739379882813 -0.173934936523438 0.2257080078125 -0.0935211181640625
0.0099945068359375 -0.20965576171875 0.10455322265625 -0.169845581054687
-0.113883972167969 -0.132919311523437 -0.0347900390625 -0.128143310546875
-0.168731689453125 -0.0490570068359375 -0.0682907104492188 -0.0347213745117187
-0.1864013671875 -0.0554351806640625 -0.0217838287353516 0.00292205810546875
-0.192550659179688 -0.0258636474609375 0.00278854370117187 0.0444755554199219
-0.15142822265625 -0.0814971923828125 -0.00404357910156251 0.0897216796875
-0.0968475341796875 -0.167083740234375 -0.0564804077148438 0.0926513671875
0.0191650390625 -0.218551635742188 -0.138351440429688 0.058074951171875
0.238052368164063 -0.145355224609375 -0.133277893066406 -0.037841796875
0.285614013671875 0.0107421875 -0.0809783935546875 -0.087921142578125
0.297637939453125 0.17474365234375 0.0111446380615235 0.0258331298828125
0.173507690429688 0.236221313476563 0.181365966796875 -0.000640869140624986
0.215240478515625 0.181503295898438 0.155960083007813 0.135162353515625
0.304656982421875 -0.0025634765625 0.22100830078125 0.10223388671875
0.186004638671875 -0.14910888671875 0.228805541992188 -0.0287322998046875
0.03375244140625 -0.2132568359375 0.1351318359375 -0.105552673339844
-0.111068725585938 -0.145278930664063 0.0269317626953125 -0.083831787109375
-0.167709350585938 -0.0546875 0.00359344482421874 -0.0247039794921875
-0.186004638671875 -0.0572662353515625 0.0426254272460937 0.00476837158203125
-0.19659423828125 -0.0261383056640625 0.0679588317871094 0.0467338562011719
-0.155288696289063 -0.079925537109375 0.0539932250976562 0.107559204101563
-0.0984649658203125 -0.166946411132813 -0.01470947265625 0.116065979003906
0.026580810546875 -0.210739135742187 -0.107337951660156 0.084136962890625
0.238357543945312 -0.11968994140625 -0.117080688476562 -0.0122833251953125
0.26007080078125 0.047210693359375 -0.0371856689453125 -0.0759811401367188
0.230316162109375 0.192214965820313 0.0814666748046875 0.0829391479492188
0.065673828125 0.200973510742188 0.230636596679688 0.078826904296875
0.130126953125 0.186126708984375 0.186508178710938 0.168228149414063
0.244461059570313 0.0487060546875 0.1981201171875 0.13232421875
0.17108154296875 -0.09588623046875 0.211654663085938 0.0275726318359375
0.0460205078125 -0.173492431640625 0.147506713867187 -0.04168701171875
-0.089874267578125 -0.128486633300781 0.0789794921875 -0.0386734008789063
-0.140960693359375 -0.0489044189453125 0.0700492858886719 -0.0150527954101563
-0.158645629882813 -0.050018310546875 0.0995941162109375 0.00446319580078125
-0.173980712890625 -0.0252227783203125 0.127418518066406 0.047210693359375
-0.139511108398438 -0.0725250244140625 0.106040954589844 0.122695922851562
-0.085296630859375 -0.152679443359375 0.0206222534179687 0.139900207519531
0.0365753173828125 -0.182525634765625 -0.081817626953125 0.108268737792969
0.219940185546875 -0.0785064697265625 -0.105827331542969 0.01123046875
0.209625244140625 0.0860748291015625 -0.00150299072265623 -0.05914306640625
0.132843017578125 0.190933227539063 0.128616333007813 0.140357971191406
-0.0524673461914062 0.128425598144531 0.248703002929687 0.127700805664062
0.024658203125 0.148880004882813 0.200042724609375 0.178543090820313
0.138351440429688 0.0736160278320312 0.171798706054688 0.14251708984375
0.116584777832031 -0.03564453125 0.190032958984375 0.0622406005859375
0.0403060913085938 -0.1026611328125 0.149322509765625 0.00270080566406249
-0.0566482543945313 -0.0866622924804688 0.115753173828125 -0.00865936279296875
-0.0927658081054687 -0.033172607421875 0.119354248046875 -0.0124588012695313
-0.108184814453125 -0.0349884033203125 0.140975952148438 0.00244140625
-0.127403259277344 -0.0208740234375 0.173797607421875 0.0482635498046875
-0.105827331542969 -0.058197021484375 0.14501953125 0.137252807617188
-0.061492919921875 -0.122337341308594 0.045745849609375 0.164474487304688
0.0415420532226563 -0.136756896972656 -0.06500244140625 0.132293701171875
0.178054809570312 -0.0308990478515625 -0.105453491210937 0.0323944091796875
0.13555908203125 0.112030029296875 0.01837158203125 -0.0362167358398437
0.0178070068359375 0.163955688476563 0.145416259765625 0.194625854492188
0.0863571166992188 -0.0940017700195313 -0.184661865234375 -0.190643310546875
-0.0527572631835937 -0.0844192504882813 -0.0420112609863281 0.019805908203125
-0.0898590087890625 0.00372314453125001 0.120933532714844 -0.0434722900390625
-0.0311050415039063 0.072723388671875 0.0805206298828125 -0.180526733398438
0.0340385437011719 0.0687789916992188 -0.048736572265625 -0.204025268554687
0.0621986389160156 0.0176467895507813 -0.176834106445313 -0.151275634765625
0.0403823852539063 0.00198745727539063 -0.213348388671875 -0.0326690673828125
0.0315322875976562 0.0126972198486328 -0.174789428710937 0.00979614257812503
0.0299453735351563 0.013763427734375 -0.144775390625 0.0285186767578125
0.0107545852661133 0.0174341201782227 -0.14703369140625 0.00686645507812499
-0.0234165191650391 0.0156993865966797 -0.162811279296875 -0.00161743164062498
-0.0583915710449219 -0.021209716796875 -0.18511962890625 -0.050140380859375
-0.00116729736328125 -0.0895156860351562 -0.169143676757813 -0.148788452148437
0.0801773071289063 -0.102821350097656 -0.212722778320313 -0.15509033203125
0.146621704101563 -0.0701446533203125 -0.255996704101563 -0.135528564453125
0.189971923828125 -0.023101806640625 -0.149032592773437 -0.2093505859375
0.0563430786132812 -0.0669059753417969 -0.0274333953857422 0.0161056518554687
0.000606536865234373 -0.0535697937011719 0.146759033203125 -0.045745849609375
-0.00870227813720703 -0.00608491897583008 0.104934692382813 -0.194580078125
0.00390076637268066 -0.00107884407043457 -0.0373077392578125 -0.225921630859375
0.00413417816162109 -0.0117321014404297 -0.177383422851563 -0.160400390625
-0.0267410278320313 -0.00318717956542969 -0.213043212890625 -0.0328369140625
-0.0411758422851563 -0.00436782836914063 -0.168899536132812 0.009368896484375
-0.0416374206542969 -0.00133132934570312 -0.140251159667969 0.0342864990234375
-0.0377998352050781 -0.0266456604003906 -0.139129638671875 0.0223236083984375
-0.0334014892578125 -0.0584945678710938 -0.155227661132813 0.0131378173828125
-0.0132293701171875 -0.0955352783203125 -0.188308715820312 -0.031494140625
0.101829528808594 -0.105079650878906 -0.164825439453125 -0.1256103515625
0.17559814453125 -0.0636749267578125 -0.197769165039062 -0.131866455078125
0.243377685546875 0.0099639892578125 -0.214675903320313 -0.115081787109375
0.265411376953125 0.0626068115234375 -0.084259033203125 -0.201095581054688
0.163330078125 -0.022613525390625 0.00737190246582032 0.0268039703369141
0.110610961914063 -0.0991134643554688 0.182205200195313 -0.0317840576171875
0.0316162109375 -0.0904159545898438 0.14447021484375 -0.19183349609375
-0.017547607421875 -0.08233642578125 -0.00456237792968752 -0.235488891601563
-0.0533866882324219 -0.050506591796875 -0.154067993164063 -0.163101196289063
-0.091522216796875 -0.0132369995117187 -0.186965942382813 -0.0330810546875
-0.109298706054688 -0.0197219848632813 -0.137092590332031 0.00866699218749997
-0.108833312988281 -0.00999450683593752 -0.109230041503906 0.0413894653320313
-0.087493896484375 -0.0557022094726562 -0.106979370117187 0.0481491088867188
-0.058135986328125 -0.1143798828125 -0.132987976074219 0.0437545776367188
0.00511169433593749 -0.160598754882813 -0.184646606445313 0.00386047363281247
0.173126220703125 -0.135299682617188 -0.163894653320312 -0.09320068359375
0.245086669921875 -0.0440216064453125 -0.1702880859375 -0.108230590820313
0.30804443359375 0.0731201171875 -0.149734497070312 -0.07440185546875
0.293487548828125 0.1448974609375 0.00312805175781251 -0.160446166992188
0.242080688476562 0.0424652099609375 0.0592193603515625 0.0518417358398438
0.218673706054688 -0.113143920898438 0.213851928710937 0.000717163085937493
0.087158203125 -0.157318115234375 0.187820434570313 -0.1632080078125
-0.0203704833984375 -0.159637451171875 0.043121337890625 -0.22100830078125
-0.099029541015625 -0.0916671752929688 -0.107208251953125 -0.152725219726562
-0.142440795898438 -0.0260467529296875 -0.136817932128906 -0.0322036743164062
-0.161697387695313 -0.0327301025390625 -0.0849075317382813 0.00772094726562499
-0.16217041015625 -0.012176513671875 -0.057525634765625 0.04559326171875
-0.129554748535156 -0.0685958862304688 -0.0570602416992188 0.0727386474609375
-0.088348388671875 -0.147140502929688 -0.0961990356445312 0.0748519897460937
0.00474548339843749 -0.20245361328125 -0.166168212890625 0.041290283203125
0.210830688476562 -0.1611328125 -0.1549072265625 -0.059478759765625
0.280364990234375 -0.0320892333984375 -0.132881164550781 -0.0921707153320312
0.330657958984375 0.1177978515625 -0.0696029663085937 -0.0260124206542969
0.266036987304688 0.205001831054687 0.0960540771484375 -0.0915298461914062
0.2662353515625 0.114410400390625 0.115364074707031 0.0890121459960938
0.291778564453125 -0.0831298828125 0.232376098632813 0.0449981689453125
0.143630981445313 -0.18292236328125 0.21856689453125 -0.110275268554688
-0.00494384765625002 -0.209304809570313 0.092254638671875 -0.179107666015625
-0.121864318847656 -0.124885559082031 -0.0438690185546875 -0.125259399414063
-0.17010498046875 -0.0376739501953125 -0.0700607299804688 -0.0286102294921875
-0.189804077148438 -0.0403289794921875 -0.0219612121582031 0.00625228881835937
-0.192596435546875 -0.0112762451171875 0.00639343261718748 0.0461349487304688
-0.154556274414063 -0.07110595703125 0.00292968749999999 0.0913162231445313
-0.10675048828125 -0.159942626953125 -0.0521011352539063 0.100074768066406
0.00469970703124999 -0.217971801757813 -0.136871337890625 0.0717391967773437
0.225967407226563 -0.16204833984375 -0.13922119140625 -0.0307464599609375
0.28436279296875 -0.008453369140625 -0.0884628295898437 -0.0833053588867188
0.307342529296875 0.152099609375 0.014394760131836 0.0242233276367188
0.188568115234375 0.223556518554688 0.177139282226563 -0.00956726074218749
0.227676391601562 0.165664672851562 0.163650512695313 0.12860107421875
0.30316162109375 -0.02545166015625 0.227523803710938 0.08905029296875
0.175384521484375 -0.161331176757812 0.226043701171875 -0.045745849609375
0.0181121826171875 -0.215103149414062 0.127799987792969 -0.115821838378906
-0.120460510253906 -0.136672973632813 0.0213394165039063 -0.0854949951171875
-0.169448852539062 -0.042449951171875 0.00276756286621092 -0.0229282379150391
-0.1900634765625 -0.042022705078125 0.0419044494628906 0.00268936157226562
-0.196441650390625 -0.0101470947265625 0.0712432861328125 0.0428390502929687
-0.158462524414062 -0.0683135986328125 0.0619659423828125 0.104011535644531
-0.10919189453125 -0.158309936523438 -0.00854492187500001 0.120460510253906
0.0118408203125 -0.210845947265625 -0.104156494140625 0.095916748046875
0.227569580078125 -0.137496948242188 -0.1209716796875 -0.00561523437499999
0.262710571289063 0.02825927734375 -0.0450057983398438 -0.0749282836914062
0.241897583007813 0.174636840820313 0.0866317749023438 0.0761489868164063
0.0793609619140625 0.1971435546875 0.23089599609375 0.065521240234375
0.143646240234375 0.17669677734375 0.196029663085938 0.158782958984375
0.247299194335938 0.0287017822265625 0.207061767578125 0.120574951171875
0.164154052734375 -0.10882568359375 0.213226318359375 0.0130615234375
0.03204345703125 -0.176055908203125 0.144943237304688 -0.053466796875
-0.09918212890625 -0.120475769042969 0.0765380859375 -0.0447158813476563
-0.142410278320313 -0.037445068359375 0.069366455078125 -0.0193252563476563
-0.161941528320312 -0.0359039306640625 0.0984573364257812 -0.0019683837890625
-0.173797607421875 -0.0101470947265625 0.130294799804688 0.03863525390625
-0.142974853515625 -0.061767578125 0.115074157714844 0.11529541015625
-0.0958099365234375 -0.144546508789062 0.0284576416015625 0.141143798828125
0.02276611328125 -0.18359375 -0.0764083862304687 0.117080688476563
0.21240234375 -0.0955963134765625 -0.107177734375 0.0174026489257812
0.214920043945313 0.0694122314453125 -0.00881576538085937 -0.0599861145019531
0.145263671875 0.1807861328125 0.136985778808594 0.130508422851563
-0.041473388671875 0.133651733398438 0.251907348632813 0.112472534179688
0.0366973876953125 0.146652221679688 0.209930419921875 0.167510986328125
0.143447875976563 0.059844970703125 0.1817626953125 0.13299560546875
0.11309814453125 -0.044677734375 0.194931030273438 0.0490264892578125
0.0308303833007812 -0.105667114257813 0.150192260742188 -0.00888061523437501
-0.0633697509765625 -0.0804672241210938 0.115531921386719 -0.0172119140625
-0.0934371948242187 -0.0242691040039062 0.117813110351562 -0.020263671875
-0.110748291015625 -0.0240249633789062 0.139945983886719 -0.00756072998046875
-0.127593994140625 -0.00830841064453122 0.175704956054688 0.035308837890625
-0.108833312988281 -0.0486984252929687 0.15545654296875 0.126296997070313
-0.0707015991210937 -0.115760803222656 0.055511474609375 0.164047241210938
0.0296478271484375 -0.138755798339844 -0.0579986572265625 0.139358520507813
0.173538208007812 -0.045989990234375 -0.10546875 0.038604736328125
0.144454956054688 0.099853515625 0.0125312805175781 -0.0391883850097656
0.0294189453125 0.162063598632813 0.157623291015625 0.183181762695312
0.0802536010742187 -0.0991134643554688 -0.19488525390625 -0.180023193359375
-0.0594253540039063 -0.07940673828125 -0.0393333435058594 0.023712158203125
-0.0892715454101563 0.0114898681640625 0.1217041015625 -0.0500259399414063
-0.0244140625 0.0737762451171875 0.0726776123046875 -0.186447143554687
0.0402336120605469 0.0655593872070313 -0.0597991943359375 -0.204452514648438
0.0624465942382813 0.0119781494140625 -0.18658447265625 -0.143325805664063
0.0395088195800781 -0.00177383422851563 -0.216842651367188 -0.019805908203125
0.0318813323974609 0.00967025756835938 -0.174102783203125 0.0211181640625
0.0298652648925781 0.00923919677734375 -0.142364501953125 0.036468505859375
0.0113229751586914 0.0141973495483398 -0.148025512695312 0.015289306640625
-0.0211315155029297 0.0156040191650391 -0.164794921875 0.00894165039062499
-0.0579376220703125 -0.0155410766601563 -0.189239501953125 -0.0402374267578125
-0.00601959228515624 -0.088134765625 -0.177993774414062 -0.143844604492188
0.0720367431640625 -0.107200622558594 -0.219863891601563 -0.14642333984375
0.140731811523438 -0.0779571533203125 -0.2578125 -0.1251220703125
0.187362670898438 -0.033447265625 -0.160125732421875 -0.199356079101562
0.0507125854492187 -0.0681686401367188 -0.0242233276367188 0.0202541351318359
-0.0022125244140625 -0.0516815185546875 0.147186279296875 -0.0534210205078125
-0.00589323043823242 -0.00549650192260742 0.095703125 -0.202499389648437
0.00641679763793945 -0.0022273063659668 -0.0495147705078125 -0.226821899414063
0.00389671325683594 -0.014256477355957 -0.187911987304688 -0.152130126953125
-0.0277080535888672 -0.00401306152343749 -0.215576171875 -0.02008056640625
-0.0418014526367188 -0.00289535522460938 -0.168060302734375 0.02099609375
-0.0427780151367188 -0.00133514404296874 -0.137908935546875 0.0432510375976562
-0.0388450622558594 -0.0276641845703125 -0.139503479003906 0.0310821533203125
-0.0349464416503906 -0.0586128234863281 -0.157058715820312 0.02386474609375
-0.0159912109375 -0.0938491821289063 -0.192214965820313 -0.020263671875
0.0963211059570313 -0.109657287597656 -0.173675537109375 -0.120742797851563
0.1702880859375 -0.07196044921875 -0.20465087890625 -0.124282836914063
0.2430419921875 -0.002655029296875 -0.216705322265625 -0.10595703125
0.266952514648438 0.048431396484375 -0.0945587158203125 -0.1944580078125
0.161056518554688 -0.0301666259765625 0.0119495391845703 0.0299930572509766
0.104713439941406 -0.103897094726563 0.18328857421875 -0.0404205322265625
0.0292816162109375 -0.0913772583007812 0.1353759765625 -0.202163696289063
-0.0199203491210938 -0.0822296142578125 -0.017791748046875 -0.238845825195313
-0.0555877685546875 -0.0495452880859375 -0.16455078125 -0.155899047851562
-0.0926437377929688 -0.0100326538085938 -0.188735961914063 -0.021392822265625
-0.111366271972656 -0.0143661499023437 -0.136550903320313 0.018646240234375
-0.110466003417969 -0.00549316406249998 -0.106025695800781 0.0490264892578125
-0.0899734497070313 -0.0538101196289063 -0.105445861816406 0.0549545288085937
-0.0629501342773438 -0.113807678222656 -0.133010864257813 0.0537261962890625
-0.00122070312499999 -0.160324096679688 -0.186981201171875 0.0158233642578125
0.1663818359375 -0.144058227539063 -0.171783447265625 -0.0880889892578125
0.241119384765625 -0.055938720703125 -0.176559448242188 -0.102218627929687
0.310150146484375 0.05682373046875 -0.150741577148437 -0.06890869140625
0.300872802734375 0.129852294921875 -0.00636291503906249 -0.157333374023438
0.24359130859375 0.0308685302734375 0.0640144348144531 0.05291748046875
0.211929321289063 -0.123916625976563 0.217315673828125 -0.00921630859375001
0.080841064453125 -0.160873413085938 0.180130004882813 -0.17547607421875
-0.0276947021484375 -0.15875244140625 0.0306854248046875 -0.22686767578125
-0.102485656738281 -0.0882797241210938 -0.116378784179688 -0.14776611328125
-0.143585205078125 -0.0198211669921875 -0.138099670410156 -0.0233230590820312
-0.164520263671875 -0.023590087890625 -0.085174560546875 0.0143280029296875
-0.162994384765625 -0.00398254394531252 -0.0539970397949219 0.0511741638183594
-0.132240295410156 -0.063690185546875 -0.0525436401367188 0.0774688720703125
-0.0946807861328125 -0.143783569335938 -0.0946273803710938 0.0838088989257812
-0.00460815429687502 -0.203033447265625 -0.167572021484375 0.0541534423828125
0.2020263671875 -0.172592163085937 -0.16229248046875 -0.05389404296875
0.277679443359375 -0.0458831787109375 -0.139053344726563 -0.0874099731445313
0.33636474609375 0.100921630859375 -0.0683326721191406 -0.0240859985351563
0.276992797851563 0.192428588867188 0.0898590087890625 -0.093597412109375
0.272293090820313 0.1015625 0.121330261230469 0.087890625
0.287261962890625 -0.099517822265625 0.236587524414063 0.0348052978515625
0.135482788085938 -0.189651489257813 0.214111328125 -0.122726440429688
-0.0149078369140625 -0.209548950195312 0.0831756591796875 -0.186859130859375
-0.127647399902344 -0.119483947753906 -0.0516815185546875 -0.123779296875
-0.171722412109375 -0.029205322265625 -0.0708847045898438 -0.0233840942382813
-0.193405151367188 -0.028564453125 -0.0221233367919922 0.00897979736328125
-0.19281005859375 -0.000915527343750033 0.00898742675781249 0.0478858947753906
-0.157440185546875 -0.063873291015625 0.00853729248046874 0.0925750732421875
-0.114532470703125 -0.155029296875 -0.0481338500976563 0.107231140136719
-0.00630187988281248 -0.217742919921875 -0.136116027832031 0.0836715698242187
0.217178344726563 -0.174835205078125 -0.145034790039063 -0.024505615234375
0.28411865234375 -0.023193359375 -0.0949325561523438 -0.0805816650390625
0.314300537109375 0.135498046875 0.0165863037109375 0.0225925445556641
0.202056884765625 0.2159423828125 0.174285888671875 -0.0157318115234375
0.237380981445313 0.15484619140625 0.170791625976563 0.124969482421875
0.3016357421875 -0.0430908203125 0.234222412109375 0.0799560546875
0.168319702148437 -0.170257568359375 0.224777221679688 -0.058013916015625
0.00639343261718752 -0.216659545898438 0.122154235839844 -0.125648498535156
-0.127578735351563 -0.130180358886719 0.0165252685546875 -0.0874099731445313
-0.170974731445313 -0.03338623046875 0.0022907257080078 -0.0223789215087891
-0.192779541015625 -0.029510498046875 0.0417251586914062 0.00193405151367187
-0.196182250976563 0.00160217285156253 0.0739059448242187 0.0404891967773438
-0.160995483398438 -0.0598907470703125 0.0691070556640625 0.102218627929688
-0.117599487304688 -0.15252685546875 -0.00353240966796877 0.125450134277344
0.000366210937499978 -0.210769653320312 -0.101531982421875 0.105712890625
0.218826293945313 -0.151138305664063 -0.125358581542969 -0.00045776367187499
0.264175415039063 0.014556884765625 -0.0515518188476562 -0.0741195678710938
0.250320434570313 0.162246704101563 0.0909500122070313 0.071014404296875
0.09246826171875 0.194778442382813 0.231643676757813 0.0562286376953125
0.154693603515625 0.169464111328125 0.203262329101563 0.153610229492188
0.248947143554688 0.0127410888671875 0.214736938476563 0.112319946289063
0.15887451171875 -0.118453979492188 0.214523315429688 0.00100708007812499
0.0211334228515625 -0.178543090820313 0.142776489257813 -0.063018798828125
-0.106346130371094 -0.114700317382812 0.0750579833984375 -0.0495758056640625
-0.143692016601563 -0.02880859375 0.0692100524902344 -0.0223617553710938
-0.1641845703125 -0.0247650146484375 0.097930908203125 -0.00605010986328125
-0.17333984375 0.00207519531250001 0.132843017578125 0.031890869140625
-0.145065307617187 -0.052734375 0.122550964355469 0.110099792480469
-0.103485107421875 -0.137954711914063 0.035247802734375 0.144119262695312
0.0124969482421875 -0.184051513671875 -0.0722427368164063 0.125251770019531
0.205703735351563 -0.10931396484375 -0.110115051269531 0.0222091674804687
0.219757080078125 0.0564117431640625 -0.0155220031738281 -0.0609054565429687
0.155441284179688 0.173904418945313 0.14288330078125 0.123062133789063
-0.0321426391601563 0.137092590332031 0.2547607421875 0.10302734375
0.0461578369140625 0.143783569335938 0.216873168945313 0.1605224609375
0.146774291992188 0.049102783203125 0.190567016601563 0.126022338867188
0.11016845703125 -0.0525665283203125 0.198699951171875 0.03887939453125
0.0234298706054687 -0.107437133789062 0.151565551757813 -0.017608642578125
-0.068695068359375 -0.0758438110351563 0.11614990234375 -0.0245895385742188
-0.093414306640625 -0.0178604125976563 0.117706298828125 -0.0267868041992188
-0.111961364746094 -0.0154876708984375 0.138221740722656 -0.0149002075195312
-0.126869201660156 0.00156402587890623 0.178359985351563 0.0252838134765625
-0.111015319824219 -0.0412673950195312 0.162872314453125 0.117843627929688
-0.0777969360351563 -0.110389709472656 0.063812255859375 0.16455078125
0.0210113525390625 -0.14007568359375 -0.05255126953125 0.145751953125
0.169967651367187 -0.05767822265625 -0.105789184570312 0.0436859130859375
0.150192260742188 0.089691162109375 0.00661087036132814 -0.0409164428710937
0.0389251708984375 0.160720825195313 0.166152954101563 0.17547607421875
0.0755386352539063 -0.105018615722656 -0.205978393554687 -0.172775268554688
-0.06494140625 -0.0749359130859375 -0.0363388061523438 0.0271224975585937
-0.08892822265625 0.01904296875 0.124656677246094 -0.0572128295898438
-0.019073486328125 0.076202392578125 0.0654754638671875 -0.195571899414063
0.0463981628417969 0.0630645751953125 -0.0720672607421875 -0.207901000976563
0.0636215209960937 0.00653076171875 -0.199600219726563 -0.13763427734375
0.0379867553710938 -0.00555419921875 -0.222213745117188 -0.00736999511718747
0.0324077606201172 0.00690078735351563 -0.175567626953125 0.03192138671875
0.0294952392578125 0.00592803955078125 -0.142242431640625 0.0441131591796875
0.0113239288330078 0.0115385055541992 -0.151473999023438 0.0240478515625
-0.019561767578125 0.0160999298095703 -0.168899536132812 0.01995849609375
-0.056640625 -0.0113716125488281 -0.197021484375 -0.0318756103515625
-0.0111846923828125 -0.087982177734375 -0.1900634765625 -0.141586303710938
0.065093994140625 -0.111167907714844 -0.229522705078125 -0.140213012695312
0.137687683105469 -0.0858993530273438 -0.263748168945312 -0.117340087890625
0.187332153320313 -0.0434722900390625 -0.171890258789063 -0.193557739257813
0.0469551086425781 -0.0696830749511719 -0.0206642150878906 0.0236301422119141
-0.00484848022460938 -0.0499458312988281 0.15008544921875 -0.0617218017578125
-0.00379276275634765 -0.00531387329101563 0.0883331298828125 -0.212722778320313
0.00833368301391602 -0.00387144088745117 -0.0626068115234375 -0.23114013671875
0.00312423706054688 -0.0172042846679688 -0.200698852539062 -0.146072387695313
-0.0296611785888672 -0.0043792724609375 -0.22027587890625 -0.00744628906249998
-0.0436477661132813 -0.00190353393554687 -0.169281005859375 0.032379150390625
-0.0448265075683594 -0.00124359130859375 -0.137832641601563 0.0514297485351563
-0.0413856506347656 -0.0293960571289063 -0.140975952148438 0.039794921875
-0.0373039245605469 -0.0597076416015625 -0.160720825195313 0.03509521484375
-0.017669677734375 -0.0930938720703125 -0.19921875 -0.00990295410156247
0.0927047729492188 -0.115325927734375 -0.185516357421875 -0.118499755859375
0.167205810546875 -0.07958984375 -0.212921142578125 -0.11895751953125
0.244430541992188 -0.013916015625 -0.221054077148437 -0.0997314453125
0.27239990234375 0.036285400390625 -0.105819702148437 -0.190536499023438
0.160919189453125 -0.0368804931640625 0.0161838531494141 0.0328273773193359
0.101097106933594 -0.109237670898437 0.187408447265625 -0.050140380859375
0.0280914306640625 -0.093658447265625 0.128616333007813 -0.21392822265625
-0.0221481323242187 -0.083404541015625 -0.0308074951171875 -0.2454833984375
-0.0577049255371094 -0.0500831604003906 -0.1773681640625 -0.151016235351563
-0.09478759765625 -0.00710296630859374 -0.19281005859375 -0.010772705078125
-0.115242004394531 -0.00972747802734373 -0.137664794921875 0.0284042358398438
-0.113349914550781 -0.00128936767578123 -0.104881286621094 0.0569686889648438
-0.0941314697265625 -0.0531997680664062 -0.105224609375 0.0632858276367188
-0.0685882568359375 -0.114616394042969 -0.135086059570312 0.064849853515625
-0.00683593749999999 -0.162582397460938 -0.192520141601563 0.0285491943359375
0.1622314453125 -0.154464721679688 -0.1832275390625 -0.08453369140625
0.241134643554688 -0.06683349609375 -0.185287475585937 -0.097503662109375
0.3167724609375 0.043121337890625 -0.153228759765625 -0.0649871826171875
0.3109130859375 0.11767578125 -0.0140380859375 -0.156906127929688
0.248428344726563 0.0198516845703125 0.070465087890625 0.0549774169921875
0.208984375 -0.13677978515625 0.222885131835938 -0.01922607421875
0.076629638671875 -0.167144775390625 0.175613403320312 -0.189178466796875
-0.0352325439453125 -0.16070556640625 0.019195556640625 -0.235504150390625
-0.108001708984375 -0.0861740112304687 -0.127090454101562 -0.14508056640625
-0.147048950195313 -0.014373779296875 -0.141281127929688 -0.015472412109375
-0.169692993164063 -0.014984130859375 -0.0857315063476563 0.0212631225585937
-0.166366577148437 0.00375366210937498 -0.0515632629394531 0.0566673278808594
-0.137359619140625 -0.0605239868164062 -0.0500640869140625 0.0830612182617188
-0.102493286132812 -0.144012451171875 -0.0935440063476563 0.0939712524414062
-0.01220703125 -0.206192016601563 -0.169662475585938 0.067657470703125
0.197265625 -0.185226440429687 -0.171920776367188 -0.048614501953125
0.280136108398438 -0.0586090087890625 -0.147140502929688 -0.084442138671875
0.345458984375 0.086761474609375 -0.0685157775878906 -0.0229034423828125
0.2916259765625 0.18255615234375 0.0860214233398438 -0.0958480834960938
0.2816162109375 0.090118408203125 0.129486083984375 0.0877609252929688
0.286224365234375 -0.115997314453125 0.244979858398438 0.0260009765625
0.130447387695313 -0.199493408203125 0.212890625 -0.136474609375
-0.026123046875 -0.213333129882813 0.0743255615234375 -0.19720458984375
-0.135040283203125 -0.116279602050781 -0.0589447021484375 -0.12353515625
-0.175216674804688 -0.0216827392578125 -0.0723419189453125 -0.0193023681640625
-0.198455810546875 -0.0180816650390625 -0.0223026275634766 0.0122432708740234
-0.195816040039063 0.00970458984374998 0.0128974914550781 0.0499038696289063
-0.16204833984375 -0.058929443359375 0.0139999389648437 0.0951690673828125
-0.123687744140625 -0.152542114257813 -0.0448989868164063 0.115730285644531
-0.015289306640625 -0.221267700195313 -0.136199951171875 0.0967254638671875
0.2119140625 -0.188995361328125 -0.153427124023438 -0.01885986328125
0.287322998046875 -0.036956787109375 -0.103233337402344 -0.0789413452148437
0.32574462890625 0.123199462890625 0.0191097259521485 0.0207424163818359
0.2174072265625 0.210311889648438 0.174758911132813 -0.0207061767578125
0.249542236328125 0.14605712890625 0.180648803710938 0.123703002929688
0.30401611328125 -0.061065673828125 0.244522094726563 0.0721282958984375
0.163604736328125 -0.181930541992188 0.226776123046875 -0.0703277587890625
-0.00473022460937499 -0.220993041992187 0.1182861328125 -0.136634826660156
-0.135879516601562 -0.126564025878906 0.0126876831054687 -0.0903167724609375
-0.174758911132813 -0.0256195068359375 0.00220298767089843 -0.0223217010498047
-0.197845458984375 -0.017852783203125 0.0425491333007812 0.00145721435546875
-0.198226928710938 0.0133209228515625 0.0782012939453125 0.038970947265625
-0.165542602539063 -0.05328369140625 0.0762710571289062 0.101341247558594
-0.12640380859375 -0.148788452148438 0.00215911865234373 0.132232666015625
-0.00952148437499999 -0.213638305664063 -0.0994720458984375 0.117568969726563
0.21435546875 -0.165557861328125 -0.131904602050781 0.00553131103515622
0.269332885742188 0.001129150390625 -0.06011962890625 -0.0736846923828125
0.2623291015625 0.15325927734375 0.09588623046875 0.0671463012695313
0.104782104492188 0.194290161132813 0.236175537109375 0.0502777099609375
0.1666259765625 0.164459228515625 0.214340209960938 0.151321411132813
0.2537841796875 -0.00164794921875 0.225357055664063 0.10723876953125
0.156600952148437 -0.129135131835938 0.21929931640625 -0.00907897949218751
0.01104736328125 -0.183517456054688 0.1434326171875 -0.07330322265625
-0.113677978515625 -0.110374450683594 0.0746307373046875 -0.0548858642578125
-0.146133422851562 -0.0222015380859375 0.0702133178710937 -0.026092529296875
-0.168182373046875 -0.0141754150390625 0.0992889404296875 -0.0108871459960938
-0.1741943359375 0.0131072998046875 0.137474060058594 0.0268020629882812
-0.149093627929688 -0.0461883544921875 0.131126403808594 0.106269836425781
-0.112403869628906 -0.134498596191406 0.0426483154296875 0.148910522460938
0.0027923583984375 -0.187744140625 -0.0691375732421875 0.135368347167969
0.20269775390625 -0.122665405273438 -0.114631652832031 0.0272903442382813
0.226791381835938 0.045318603515625 -0.0226554870605469 -0.0622024536132813
0.166778564453125 0.169830322265625 0.151275634765625 0.11834716796875
-0.023345947265625 0.142349243164063 0.261077880859375 0.0960693359375
0.0555877685546875 0.143630981445313 0.227783203125 0.157455444335938
0.151153564453125 0.03955078125 0.201858520507812 0.12213134765625
0.109039306640625 -0.059967041015625 0.206298828125 0.0305328369140625
0.0163421630859375 -0.11090087890625 0.154571533203125 -0.0273895263671875
-0.0747299194335937 -0.0718841552734375 0.118057250976563 -0.0322799682617188
-0.0949630737304688 -0.0118942260742187 0.118820190429688 -0.0338287353515625
-0.114303588867188 -0.00715637207031252 0.1395263671875 -0.0220794677734375
-0.1268310546875 0.0104522705078125 0.18310546875 0.0164642333984375
-0.114555358886719 -0.034576416015625 0.172622680664063 0.111343383789063
-0.0850906372070313 -0.106689453125 0.07318115234375 0.167572021484375
0.0135955810546875 -0.142623901367188 -0.0475616455078125 0.15380859375
0.168228149414063 -0.0695343017578125 -0.108909606933594 0.0491409301757812
0.158645629882812 0.0815887451171875 0.000747680664062507 -0.0425376892089844
0.048675537109375 0.16278076171875 0.177017211914063 0.170150756835938
0.068939208984375 -0.11334228515625 -0.22393798828125 -0.163375854492187
-0.0723724365234375 -0.0699234008789063 -0.0336036682128906 0.0315628051757812
-0.0890350341796875 0.0279083251953125 0.127334594726563 -0.0677566528320313
-0.0125350952148438 0.0791854858398438 0.0557403564453125 -0.2076416015625
0.0544853210449219 0.0594711303710938 -0.08892822265625 -0.2122802734375
0.0647354125976563 0.000736236572265625 -0.217269897460938 -0.129058837890625
0.0367050170898438 -0.0092315673828125 -0.229904174804688 0.00828552246093754
0.0330524444580078 0.00327301025390625 -0.177459716796875 0.0462646484375
0.0290908813476563 0.00239753723144531 -0.14398193359375 0.05413818359375
0.0109319686889648 0.00859546661376953 -0.155914306640625 0.035797119140625
-0.0176010131835938 0.0159149169921875 -0.1741943359375 0.033905029296875
-0.0559616088867188 -0.00708770751953125 -0.206893920898438 -0.01947021484375
-0.0171432495117187 -0.0884780883789063 -0.20733642578125 -0.1370849609375
0.0570068359375 -0.116584777832031 -0.243728637695313 -0.133041381835937
0.134353637695313 -0.0970535278320313 -0.2750244140625 -0.108795166015625
0.18780517578125 -0.056488037109375 -0.189453125 -0.186187744140625
0.0430679321289063 -0.07232666015625 -0.0168552398681641 0.0271873474121094
-0.00693893432617187 -0.0490837097167969 0.153549194335938 -0.0740509033203125
-0.00181341171264648 -0.00534772872924805 0.0771942138671875 -0.226837158203125
0.0110673904418945 -0.00612449645996094 -0.080902099609375 -0.237274169921875
0.00170516967773437 -0.0206546783447266 -0.218826293945312 -0.137741088867187
-0.0324211120605469 -0.00440025329589843 -0.227752685546875 0.00857543945312505
-0.046173095703125 -0.00028228759765625 -0.171371459960938 0.04718017578125
-0.0479965209960938 -3.81469726561674E-06 -0.137603759765625 0.063079833984375
-0.0454673767089844 -0.0300102233886719 -0.14453125 0.051910400390625
-0.0414085388183594 -0.06121826171875 -0.164932250976563 0.0500335693359375
-0.0211105346679687 -0.0943984985351563 -0.208023071289063 0.00395202636718747
0.0882492065429688 -0.123199462890625 -0.20220947265625 -0.113006591796875
0.16497802734375 -0.0906829833984375 -0.226547241210938 -0.111312866210938
0.248977661132813 -0.0292816162109375 -0.230804443359375 -0.092987060546875
0.28118896484375 0.02001953125 -0.120681762695312 -0.187454223632813
0.16180419921875 -0.046478271484375 0.0225486755371094 0.0353355407714844
0.0971450805664063 -0.117317199707031 0.192901611328125 -0.0631103515625
0.025634765625 -0.097991943359375 0.119003295898438 -0.230392456054687
-0.0264816284179687 -0.085235595703125 -0.049560546875 -0.252944946289063
-0.0627708435058594 -0.0502967834472656 -0.193679809570313 -0.144195556640625
-0.0989608764648438 -0.00288391113281252 -0.199310302734375 0.00360107421875004
-0.119819641113281 -0.0023040771484375 -0.139457702636719 0.0407943725585938
-0.117988586425781 0.00461578369140626 -0.103302001953125 0.0668869018554688
-0.101226806640625 -0.05194091796875 -0.104843139648438 0.0735702514648438
-0.0778427124023437 -0.116012573242188 -0.136825561523438 0.0799026489257812
-0.01422119140625 -0.167282104492188 -0.198822021484375 0.045196533203125
0.15765380859375 -0.168777465820313 -0.198760986328125 -0.0777435302734375
0.243148803710938 -0.081756591796875 -0.19720458984375 -0.091156005859375
0.32794189453125 0.026031494140625 -0.159561157226562 -0.0605316162109375
0.32696533203125 0.101776123046875 -0.0245819091796875 -0.15771484375
0.256118774414063 0.0061798095703125 0.0792999267578125 0.0555877685546875
0.205902099609375 -0.153305053710938 0.231277465820313 -0.0331573486328125
0.0705108642578125 -0.17681884765625 0.1688232421875 -0.207901000976563
-0.0451812744140625 -0.164138793945312 0.00221252441406249 -0.247177124023438
-0.11602783203125 -0.0844573974609375 -0.1419677734375 -0.140899658203125
-0.152786254882813 -0.00648498535156251 -0.146270751953125 -0.00521850585937502
-0.176284790039063 -0.00341796875000003 -0.086090087890625 0.0304107666015625
-0.17156982421875 0.0139312744140625 -0.0480232238769531 0.06353759765625
-0.145111083984375 -0.0560760498046875 -0.045806884765625 0.0904388427734375
-0.114395141601562 -0.143295288085938 -0.0919036865234375 0.1077880859375
-0.0234527587890625 -0.21240234375 -0.172164916992188 0.0848693847656249
0.191207885742188 -0.203948974609375 -0.185943603515625 -0.04107666015625
0.284271240234375 -0.076812744140625 -0.15863037109375 -0.079376220703125
0.360321044921875 0.06903076171875 -0.0705490112304687 -0.0219879150390625
0.311737060546875 0.169830322265625 0.0816650390625 -0.101112365722656
0.29510498046875 0.0758056640625 0.141555786132813 0.08624267578125
0.286163330078125 -0.13812255859375 0.25640869140625 0.0123291015625
0.123611450195313 -0.213134765625 0.211212158203125 -0.155517578125
-0.040435791015625 -0.218505859375 0.0624847412109375 -0.21148681640625
-0.145950317382812 -0.112640380859375 -0.0695419311523438 -0.124153137207031
-0.18194580078125 -0.012054443359375 -0.0748672485351563 -0.0139541625976562
-0.206100463867188 -0.00451660156250001 -0.0213203430175781 0.0165061950683594
-0.200775146484375 0.0229339599609375 0.0183486938476562 0.0526046752929688
-0.170455932617188 -0.0513916015625 0.0211563110351563 0.0987777709960938
-0.136886596679688 -0.150390625 -0.0397872924804688 0.127716064453125
-0.0293426513671875 -0.227645874023438 -0.135147094726563 0.113548278808594
0.20599365234375 -0.208816528320313 -0.164474487304688 -0.010345458984375
0.293701171875 -0.0552978515625 -0.114044189453125 -0.0759735107421875
0.34326171875 0.107879638671875 0.0218372344970703 0.0183429718017578
0.238418579101563 0.203811645507813 0.177215576171875 -0.029205322265625
0.26617431640625 0.134811401367188 0.19586181640625 0.120880126953125
0.308258056640625 -0.083648681640625 0.25848388671875 0.060882568359375
0.158843994140625 -0.198638916015625 0.229751586914063 -0.0877227783203125
-0.02001953125 -0.228195190429688 0.112258911132813 -0.15142822265625
-0.148117065429688 -0.122085571289062 0.00697326660156249 -0.0941390991210938
-0.181121826171875 -0.0155487060546875 0.00178909301757811 -0.0227680206298828
-0.20452880859375 -0.00375366210937501 0.0446052551269531 0.0001678466796875
-0.20257568359375 0.0277557373046875 0.0845489501953125 0.0362167358398438
-0.173095703125 -0.0451507568359375 0.0860671997070312 0.100807189941406
-0.13970947265625 -0.144973754882813 0.0108489990234375 0.141159057617188
-0.0223236083984375 -0.219955444335938 -0.0961074829101563 0.132881164550781
0.209030151367188 -0.185226440429688 -0.140625 0.013702392578125
0.277252197265625 -0.016357421875 -0.070068359375 -0.0728912353515625
0.2806396484375 0.142364501953125 0.103309631347656 0.0624542236328125
0.122604370117188 0.193817138671875 0.244232177734375 0.0405731201171875
0.18267822265625 0.15863037109375 0.230911254882812 0.146926879882813
0.260116577148438 -0.02001953125 0.241256713867188 0.098876953125
0.153884887695313 -0.14385986328125 0.227554321289063 -0.02337646484375
-0.00135803222656248 -0.189895629882813 0.143341064453125 -0.0870361328125
-0.124641418457031 -0.106117248535156 0.0735855102539062 -0.0619277954101563
-0.151092529296875 -0.01202392578125 0.0714797973632812 -0.0315475463867188
-0.173583984375 -0.00119018554687501 0.101272583007812 -0.0165176391601563
-0.1767578125 0.0265350341796875 0.144638061523438 0.01904296875
-0.155868530273438 -0.0369720458984375 0.1431884765625 0.101806640625
-0.125068664550781 -0.129959106445313 0.0541839599609375 0.155258178710938
-0.00857543945312501 -0.192962646484375 -0.062957763671875 0.147674560546875
0.199172973632813 -0.14031982421875 -0.120559692382812 0.0354995727539063
0.236663818359375 0.030670166015625 -0.0312042236328125 -0.0626792907714844
0.183609008789063 0.164688110351563 0.16278076171875 0.112380981445313
-0.0123443603515625 0.147705078125 0.2720947265625 0.087158203125
0.0677032470703125 0.143096923828125 0.24456787109375 0.1524658203125
0.157196044921875 0.02880859375 0.218154907226563 0.115478515625
0.107704162597656 -0.0700454711914063 0.216583251953125 0.0189666748046875
0.00757598876953126 -0.114883422851563 0.1585693359375 -0.0400543212890625
-0.0829315185546875 -0.067108154296875 0.120445251464844 -0.0420761108398438
-0.0976028442382812 -0.00486755371093748 0.1212158203125 -0.042877197265625
-0.116729736328125 0.00294494628906251 0.142166137695313 -0.03143310546875
-0.127693176269531 0.0216751098632813 0.190338134765625 0.00408935546875
-0.119873046875 -0.0273056030273438 0.185653686523438 0.103759765625
-0.0952987670898437 -0.102699279785156 0.087249755859375 0.17205810546875
0.0041656494140625 -0.146896362304688 -0.0399017333984375 0.165130615234375
0.16705322265625 -0.08465576171875 -0.112510681152344 0.0578460693359375
0.1689453125 0.071014404296875 -0.00624084472656249 -0.0441551208496094
0.0618743896484375 0.165267944335938 0.193038940429688 0.164657592773438
-0.0988256934179275 0.0248288304539212 0.00938946633301157 -0.269974616456998
-0.00202452951364921 0.0999683227330787 -0.0275104335617349 -0.0151639275822477
0.0708712029115014 0.0635388065312102 0.142383502761004 0.0567757888573293
0.0724616543429427 -0.0320265557720615 0.198941628875944 -0.0771114512801549
0.00950324224994253 -0.064960734112667 0.130117901211054 -0.206458448998498
-0.0221720931357692 -0.0306089232511611 0.00331734385473861 -0.251121822772365
-0.0152544860938176 -0.0262662922179516 -0.105310019580357 -0.207920965084206
-0.0086635607629841 -0.0296351740850553 -0.141420750059618 -0.141084570338274
-0.00532187953941995 -0.0247469997187793 -0.119741437061292 -0.106239203751949
0.00676185608397994 -0.01723182593089 -0.11518149456331 -0.113486029253732
0.0317220746289635 0.000741607248478811 -0.12819207684312 -0.144471509039464
0.0418325938960168 0.0498997197684856 -0.0889067636219799 -0.205899664489654
-0.0300417293700891 0.0910637836806584 -0.00477315386974704 -0.249948783221177
-0.105979831500674 0.0399473277694631 -0.0141967296138939 -0.266997090015885
-0.130722722756534 -0.0459944469429876 -0.100551076737743 -0.264328520493514
-0.124842918468307 -0.098645150452492 0.0328217441953183 -0.243718672719267
-0.0842003676034589 0.0104952829374919 -0.0284998801319575 0.0181493470180312
-0.0469341583863418 0.0472789741485693 0.172896157096236 0.104650948535748
-0.00787729100774387 0.0241993227744971 0.249431269998042 -0.0554033123923362
-0.00294561603587892 0.0189809732218975 0.168694903076844 -0.219843824574517
0.00339071837390014 0.0314616252929494 0.0164957126536697 -0.263167662727713
0.0287316681929337 0.0317021929276083 -0.0964019956651294 -0.213946136865614
0.0427356178913957 0.0287120763927863 -0.136169337057092 -0.14108892173934
0.0403002648348077 0.0413616358270982 -0.119264832386125 -0.102454493132704
0.0142768609203542 0.0531288714884594 -0.112761760640895 -0.0956887199134309
-0.00743270059034275 0.073496364849318 -0.128534265839243 -0.122157335231824
-0.0556073495121295 0.0775878564690702 -0.10693171400946 -0.179012476886472
-0.134129279093625 0.0473635762065855 -0.0255814782521011 -0.221321086719167
-0.156274202936019 -0.0584057270539083 -0.0365190147839547 -0.237802357999493
-0.142475477803653 -0.170889692835233 -0.0980705873949195 -0.228146451601246
-0.125509708533179 -0.215891523960073 0.0564016617547729 -0.179569215212049
-0.149733533983178 -0.101033232323347 -0.0335326826394732 0.0764363339501167
-0.172481955545065 0.00668653169249381 0.191478891541568 0.179287465416779
-0.10982072707771 0.072572534443126 0.297790706866124 -0.00266142663060393
-0.0320073837532941 0.108750459104459 0.216196002993204 -0.2053670441687
0.0215287609609615 0.0993309297970744 0.0420961328902941 -0.25122385546896
0.0663357615537157 0.0899533525132234 -0.0714089302380883 -0.196590960443456
0.089789726741751 0.0827351340875814 -0.110132710120105 -0.120887355628581
0.0865336467578977 0.0965726889437629 -0.101629670459693 -0.0742832595629805
0.0332597488083994 0.109485501527456 -0.102553569418808 -0.053383885167014
-0.0217380097928467 0.137657360405244 -0.132330142673218 -0.0774796123156223
-0.122238948014657 0.11944478580952 -0.13253580670877 -0.137567553823569
-0.215592038961384 0.0343545028018778 -0.0539505775165629 -0.188984643496845
-0.201722145188116 -0.122469999062692 -0.0475500314409742 -0.199167923604624
-0.146454537256605 -0.261759235382829 -0.0865513651977248 -0.158899058856462
-0.0982552560867912 -0.301067314350523 0.0750886505364961 -0.0814982953213125
-0.178669694271827 -0.21266253814923 -0.0430008468987932 0.150031964909733
-0.2766692114579 -0.0599175447813983 0.183422083126466 0.263301361977468
-0.214810936055383 0.0937707227338869 0.320698426490702 0.0760463462375483
-0.0774090090097865 0.184547449652081 0.255120367075012 -0.155285913977366
0.0268904083068395 0.161126416335821 0.0736925610719344 -0.209215745730384
0.0902751228483515 0.139383229845555 -0.0343705812924794 -0.154424771820418
0.124223678560533 0.124365517458958 -0.0691120547719976 -0.0806859774811774
0.124954899673604 0.134508175473901 -0.0687528403767045 -0.0294540161682249
0.0568761962824404 0.145996058985012 -0.0798464506817419 0.00174645235378524
-0.0164205534897019 0.181776394811226 -0.127475785259849 -0.0215536668997275
-0.155439623218578 0.154702830888816 -0.149643553164295 -0.0865101086323171
-0.264524059625962 0.0371784857752193 -0.0767861406512761 -0.15114025843979
-0.226514283288604 -0.156740183397862 -0.0419556057878441 -0.158963424253337
-0.136145239914301 -0.31086664274584 -0.0635388938682608 -0.0724539006582336
-0.0498275960122243 -0.332864077290924 0.0833335173837665 0.0355028983863373
-0.157719831334643 -0.293456762827643 -0.0551659848072201 0.223005621436477
-0.320410249331559 -0.138765538728922 0.1432413694529 0.331737732338433
-0.289988083645063 0.0735970859533084 0.300729965211393 0.160824544804445
-0.125900820141403 0.22121696704589 0.267935233986814 -0.0766733042903594
0.0192495345794834 0.199307953011013 0.100253502306945 -0.139250991812134
0.0980506849168468 0.168637161758028 0.00701498218683439 -0.0930126964081057
0.139397285289328 0.146899823761149 -0.0195698365294582 -0.0289716935872263
0.145854966507209 0.151946430813798 -0.0256066010398006 0.0238600505829866
0.0735966833107584 0.162209923298356 -0.0489751681498705 0.0602311762667947
-0.00714531345208032 0.201256964755589 -0.114517956027068 0.0362182869783839
-0.166526338747541 0.168449567586388 -0.153531998672631 -0.035264508937165
-0.279941206851015 0.0299799351639229 -0.0899795551342137 -0.113888664379847
-0.220243365301819 -0.177439537269958 -0.0245210396322282 -0.121004858187914
-0.101610812412176 -0.320586909518922 -0.0346246788334781 0.018401852557375
0.00568243723220721 -0.300727795400175 0.0820282064521129 0.147344096792045
-0.0972579089753117 -0.31278343492684 -0.0651029191079227 0.279341382414563
-0.291662836494718 -0.195871992321432 0.0831003580616009 0.362325083962601
-0.30753049251642 0.0275995871238248 0.242169183844298 0.224281436125695
-0.153505310612874 0.210198404403177 0.244550225631112 0.00914598567970381
0.00690674526885247 0.20312338174725 0.113979075287277 -0.0556112770099536
0.0907915609612308 0.170026858634377 0.046959140039116 -0.0233040754363084
0.134846125935309 0.146563386442189 0.0309556383864498 0.0249652760691727
0.145731812247519 0.148884042824633 0.0210208750692653 0.0776765219834577
0.0773567992071361 0.159925251383648 -0.0167298870264963 0.11519581146671
-0.00308253104927586 0.1974819674875 -0.0997231129737265 0.0900284723303156
-0.165094485562574 0.156694338803513 -0.151110215702686 0.0110127058849959
-0.268639154510233 0.00825421859751883 -0.0970925902981378 -0.0808667253336644
-0.184603801892165 -0.189518609824735 -0.004137730241316 -0.0866181926227201
-0.0468704371661729 -0.293281427225459 -0.0103752274536245 0.103289479385687
0.0543185589865158 -0.210563401490107 0.0739495060846415 0.231583776128151
-0.0254130502243827 -0.263584091064803 -0.0643364631445559 0.308416676429481
-0.209450837008311 -0.200167352945525 0.0283928958799527 0.350270642509653
-0.258265088487333 -0.0134266298249806 0.169137737119042 0.250093856401989
-0.144700385019479 0.161597346143557 0.198351199903386 0.0798200580874942
-0.00201030164047067 0.170500341067831 0.115646387870224 0.0217527311745081
0.0719982776661038 0.1415097319089 0.0797620668381339 0.0413527435127304
0.111680551673377 0.123778967698675 0.076394939398421 0.0731220285597412
0.124985733463591 0.12698966169607 0.062299063387662 0.126363561901284
0.0689630579189619 0.14155855280126 0.0101903258222851 0.164149392004554
-0.00467719358088042 0.174086082662657 -0.0917920583802137 0.137489040385596
-0.152832919464236 0.126197587505607 -0.151556666589934 0.0474373017532506
-0.232952670822267 -0.0200578653235403 -0.105655261669053 -0.0543362277253104
-0.126789237785153 -0.189079743904898 0.00904509183721162 -0.0546731377193452
0.0188678355365178 -0.233473567104058 -0.000312816976132702 0.177449247563139
0.090007142464192 -0.0808580418042418 0.069424715372851 0.270044715559746
0.0390089190578752 -0.161170649586652 -0.0456411600371175 0.307193027908642
-0.10212496583406 -0.148657655332208 -0.00199882085706964 0.309019857837435
-0.160385374624698 -0.0343453062575729 0.110895981666412 0.243105106252329
-0.101008617453979 0.0929595908406043 0.154312466790706 0.122675258076036
-0.00518473462007034 0.109854600890928 0.113524154069119 0.0773050928703829
0.0452544974826702 0.0898365536136317 0.102777114322266 0.0881551870068071
0.0732410173503086 0.0820615169876313 0.109921161693301 0.108557471790391
0.0866522107715426 0.0882668570137553 0.0949053173215346 0.165801247702253
0.0503019524481093 0.10718192441735 0.0259184720165259 0.2034405983065
-0.00671316507448312 0.132303257069448 -0.0935579760054619 0.176998797707451
-0.12357567171287 0.0842437472031641 -0.160891479448064 0.0730991141972326
-0.172384498428082 -0.0428005565916352 -0.121016857694955 -0.0399792307014899
-0.0559797585629841 -0.165029380951719 0.0114695533587329 -0.0304873508645923
0.0813332097843184 -0.143485185699853 -0.00793362715266458 0.23259986874383
-0.0955299941985706 0.0354391665645261 -0.018920756092711 -0.271891864162353
0.00925916358382651 0.0986113815893702 -0.0300288855691922 -0.0102453500346274
0.0774781080248483 0.0543093884594497 0.15086460668216 0.044898021792884
0.0676037620459655 -0.0401751813512691 0.195569060474981 -0.0974001929452888
-0.000548078506813137 -0.0652308634232142 0.111311409802165 -0.223361286264165
-0.025397167954388 -0.0263562663216678 -0.0231081256011197 -0.255676686394351
-0.0173118923671951 -0.0231803677426569 -0.127594237754041 -0.198194593570057
-0.0121483573294152 -0.0275743572768043 -0.156514595185459 -0.125343064370219
-0.00713476058905049 -0.0220923487517157 -0.13161624621319 -0.0959632815804153
0.00484846282283745 -0.0162081555453817 -0.129758694113188 -0.102304181106314
0.030211779806395 -0.00174440339627926 -0.145261162231365 -0.130688322793039
0.0452968457334735 0.0434666867330474 -0.112048398968332 -0.199305673964787
-0.0201767463538853 0.0933330929999985 -0.0293944904590934 -0.255615387790498
-0.0995095364958132 0.0497046192067715 -0.0362931497726288 -0.267852731246748
-0.134470258751802 -0.0319356165534717 -0.121957774154844 -0.258389711405838
-0.13375337962504 -0.0868478199180647 0.00739038911453148 -0.246925766285213
-0.0815523655712727 0.0171977025114867 -0.0264162718986802 0.0239625005037223
-0.0416664985477144 0.0502888356387659 0.18637966583926 0.0903412082799472
-0.00798611363272111 0.0240033185130314 0.247814572821543 -0.0806891273195944
-0.00456874941275816 0.0201099274599113 0.148751495560847 -0.240668686209647
0.00572936941131077 0.0340510084119984 -0.0109071903080226 -0.268771395301681
0.0324921678600179 0.0310484889816825 -0.120230874553059 -0.204769012757429
0.0464218421654869 0.02577956180784 -0.151543790485409 -0.125874786232155
0.0456012807718135 0.0396909096682471 -0.130594695204815 -0.090897951232733
0.0190959260403952 0.0542854811686955 -0.125789332487441 -0.084529450613952
-0.00166884870225578 0.0759818629732627 -0.145505880730792 -0.108443042723578
-0.0510852352441575 0.0817371904283789 -0.128399837656969 -0.169651267510724
-0.129493703478347 0.0596896161588395 -0.0485899976226097 -0.225538665474724
-0.160402194578986 -0.0452940905320256 -0.0572939323835683 -0.237346444618054
-0.158891180188142 -0.157619100580185 -0.116219164665512 -0.222045125350779
-0.145841517248878 -0.204203467832899 0.037724865808041 -0.185132441035229
-0.158660201773744 -0.0877571555140762 -0.0260206937293198 0.0837327149835159
-0.172409888288881 0.0229074445958389 0.212067323376854 0.163661809155906
-0.106150257408177 0.0824659466099854 0.301315980781874 -0.0318631637392409
-0.024271456728314 0.113202954929537 0.197026064320291 -0.231319057052815
0.0299098694760213 0.100171695514225 0.016412935187075 -0.258615300924926
0.0751677984595698 0.0857179192001636 -0.0927684860644922 -0.18860632446262
0.0994543207249307 0.0751849258956634 -0.124217682959598 -0.107280549352395
0.0978331243643219 0.0904092710685925 -0.109908195078595 -0.0629166051663995
0.0429830578437125 0.1095541053997 -0.110891738865768 -0.0425512808139198
-0.0092336960286611 0.142662033585801 -0.145253098994069 -0.0630967550852191
-0.114173757588555 0.130665227058823 -0.151446458564838 -0.124494599775301
-0.213632960915923 0.0558789926212181 -0.0753595410397473 -0.189823869714811
-0.213015744289338 -0.105341464443735 -0.0658742306522073 -0.1977477419731
-0.172758556070391 -0.24931815468901 -0.0992550743734885 -0.153911901126538
-0.128119991535671 -0.293753773949214 0.0649248510636436 -0.087589077757146
-0.199346995511512 -0.197028484735153 -0.0283021109572983 0.158833614780286
-0.283149329122947 -0.0333903221822652 0.211658314023667 0.249155642079987
-0.20960108536033 0.113674739360835 0.331809107080386 0.0451988448272834
-0.0613583489901263 0.194019828907025 0.241713383969183 -0.185829387323334
0.0417257495909216 0.161211479459448 0.0526771704077827 -0.218492087454294
0.104604227359457 0.132324023393074 -0.0510187653490422 -0.150593528552798
0.137950202230542 0.113270402131932 -0.0786406792549507 -0.0715563118041475
0.139718531860598 0.123475612819604 -0.0724603104618678 -0.0205549926305488
0.0702865203594334 0.143104063030027 -0.0821964642271166 0.0111673429394231
0.000547131877840001 0.186143930327013 -0.135468598162047 -0.00582895962708226
-0.14360957063832 0.171001940658568 -0.16404925150326 -0.0703592614058411
-0.263026415340774 0.0629093855638271 -0.0958733748975275 -0.149328261413459
-0.242471909476559 -0.137381215429531 -0.0583290923407393 -0.158773140573787
-0.16681236723177 -0.300436359767829 -0.068612495547125 -0.0682489689682163
-0.0824727066296636 -0.330665754574018 0.0842603228182027 0.0285694503673915
-0.186288725814782 -0.280068108447656 -0.0344227977392339 0.233649945461901
-0.335555467388379 -0.10765283279352 0.177710675354779 0.3227650214671
-0.287675370408299 0.101445960212972 0.320166920977108 0.132840678042949
-0.104867664853343 0.235992779583617 0.262148347056341 -0.107456514524439
0.0378817101830397 0.199982711163485 0.0869035137935397 -0.150287220353926
0.115293984311334 0.160515255702572 -0.00300126596996454 -0.0930515691312614
0.15632843335915 0.132457431152668 -0.0234901996997776 -0.024668439399622
0.16263013035167 0.137608101465964 -0.0233064537165418 0.0290654257081802
0.0892153726031868 0.157141378822648 -0.0444834096764041 0.0675194438081758
0.0120745820547869 0.203603705304951 -0.115861776435604 0.0519964623443221
-0.153073401756878 0.185573676264863 -0.162619077021278 -0.0170938028966439
-0.278641654032225 0.0584070254183543 -0.105269873603856 -0.110230410362445
-0.238953767803685 -0.157337561277647 -0.0379192717250208 -0.122376150875645
-0.133831060002797 -0.313487533476753 -0.0317576943341385 0.0208607394725423
-0.0246401762097187 -0.304984676052767 0.0929084263030762 0.14145447495466
-0.128118572617081 -0.30581678682708 -0.0393652232348886 0.290909939878791
-0.313551169376534 -0.167341493509368 0.120581613218025 0.359619164802406
-0.308817866067587 0.0584079775214735 0.267072504206853 0.20263929016152
-0.133520193073312 0.228647182935143 0.247877074013678 -0.0183782095457421
0.0270496610131254 0.20447654642328 0.109157103569648 -0.0676861118878942
0.108224843240115 0.16175610273604 0.0447751506686557 -0.0273790131315906
0.151636873797706 0.132261592593988 0.0331822134507533 0.0238626614659712
0.162502067427823 0.13356244642755 0.0287530176656023 0.0780211621699718
0.0934635965542317 0.153287553981437 -0.00580762802482202 0.119382789845169
0.0168218315219699 0.198924044036788 -0.095757270671494 0.104745335830766
-0.152334915559348 0.174498477033764 -0.155109544040688 0.0289228245503151
-0.268961276229584 0.0359659955904943 -0.109670566232695 -0.0746114573168622
-0.204613329626904 -0.172773553039038 -0.0152203093890097 -0.0893992735571577
-0.0761104349687192 -0.292617655151811 0.000413807423039733 0.1046891163808
0.0334400132599994 -0.219181085657122 0.0926575790785063 0.226828013765245
-0.0511798679678072 -0.264173095191409 -0.0375788761445472 0.320746663773179
-0.231643612476846 -0.178911500127708 0.0629615819564409 0.352985773395601
-0.263592969994879 0.0125296330824748 0.196041537412812 0.237042510491401
-0.127872902534822 0.178858917546263 0.209281312384405 0.0580358802479883
0.0159680658738557 0.171910825193205 0.118850117593726 0.0104143423104438
0.0867892006369134 0.134290597709569 0.0846769334564094 0.0345226808998387
0.125660948102452 0.111423765236022 0.0836801041893664 0.0671337573863942
0.138634550945921 0.113518445277053 0.076513098731873 0.121998764767921
0.0833744862908515 0.134671862672222 0.0261688417013971 0.166537556708117
0.0137239613559323 0.174934089696182 -0.0817609076292042 0.151574977885462
-0.141783120517412 0.142501956860455 -0.151259472087249 0.0652257165230586
-0.235601207102675 0.0042379864390495 -0.115616393253279 -0.0476547743148208
-0.147024706823044 -0.176747822131918 0.000548057868753207 -0.0587668345038639
-0.00481672252325519 -0.238446288652995 0.0170733896491114 0.178136681964949
0.0809809685780023 -0.0920949271529176 0.091070214238515 0.266405635464175
0.0225779139867363 -0.166504179720692 -0.0196753153109946 0.315781070545194
-0.118994360055818 -0.137400488213165 0.0283564142403919 0.314755652460114
-0.165712853728545 -0.0168565433011631 0.13719026393734 0.235305600892987
-0.0904243976746102 0.104419091401989 0.168583048249258 0.107192750092933
0.00751658496586541 0.110195157428034 0.12270372102102 0.0661020849217215
0.0552371969061744 0.0837269096737023 0.112827397466873 0.0781852073166136
0.0820830230937332 0.0725938806226413 0.121006832142778 0.0975770949501439
0.0958937214528793 0.0773225709145412 0.112584516306112 0.157461234829687
0.0619683267148222 0.101288404280691 0.046194250192661 0.203413421660971
0.00749468239765782 0.132612167459045 -0.0791859525731356 0.19120289106502
-0.115320800286997 0.0976918101076005 -0.157581070072245 0.0910105945884959
-0.176130187726912 -0.0242765738494002 -0.12898181866133 -0.0310620871599042
-0.073785421636105 -0.159444500506026 0.00531980346533572 -0.0341214789356621
0.0663967345930685 -0.153920155169441 0.0149603807537331 0.235360594529547
-0.0885975998387897 0.0446882229522862 -0.0433829855076163 -0.264521653915216
0.0194314079872875 0.0939808895549998 -0.0298436144943826 -0.0049091631346437
0.0808173499667149 0.0436466047208963 0.154486370502299 0.0325694948014452
0.0603782019747954 -0.0463604065148409 0.186038679955451 -0.114358898848435
-0.00981528810073122 -0.0614136783684292 0.0904869791865111 -0.232558267259597
-0.0272325312641976 -0.0212512751313769 -0.0478106102512766 -0.251195123980371
-0.0186942195346064 -0.019475527770708 -0.144935627904605 -0.181673912817737
-0.014787336361937 -0.024594921541508 -0.164952445440347 -0.10698278695659
-0.00856868672803188 -0.0191723539495834 -0.139413728929368 -0.0827926978811594
0.00340029830924909 -0.0143553870017831 -0.138726235943051 -0.0884695124386306
0.0280985857298909 -0.00399980978231598 -0.156566174449675 -0.113436757069292
0.0460116559728739 0.0369195195191028 -0.130438518487551 -0.185512242374332
-0.00946622534044291 0.0925923720855301 -0.053090632793301 -0.252288748042309
-0.0906936488090752 0.0565192778886834 -0.0566498164407135 -0.26204068073751
-0.134070547595859 -0.0177478276125112 -0.137724439100055 -0.245281268035071
-0.137468569914317 -0.0727990339525313 -0.0162815516672088 -0.242015285148207
-0.0772805081763759 0.0225354782164486 -0.0231330754503883 0.028489675904534
-0.0363075009599092 0.0507585889650275 0.193543914730488 0.0735651376837819
-0.00857545877051026 0.02303842562511 0.238049911018281 -0.102567493326319
-0.00573138478834531 0.0222655281110843 0.124273097525127 -0.252814225915511
0.0083817294143204 0.035140356036784 -0.0364963554585985 -0.264364014395269
0.0350799422786571 0.029167102668643 -0.137651837464773 -0.188551411499322
0.0483696799764518 0.0219201063346712 -0.160852898659343 -0.106465724504248
0.0493735125003504 0.0365221001349451 -0.137921594722625 -0.0767762559048602
0.0237775549475886 0.05427597488903 -0.133734634966614 -0.0703043894343249
0.0040329119972108 0.0762986289553716 -0.155032277591372 -0.0909196642817914
-0.0456795771597606 0.0840824318989868 -0.144465719335662 -0.154537319467221
-0.121415940498657 0.0691495159677346 -0.0702567628467839 -0.222095053679069
-0.159528297652636 -0.0315079880144725 -0.0748093924483681 -0.230272948354849
-0.169330440977546 -0.1399234442863 -0.130085027090247 -0.210096204560956
-0.16091946065483 -0.187250270602859 0.0190258022292886 -0.183513038812644
-0.162156687803773 -0.073599290321455 -0.016947360437669 0.0877155573671166
-0.166511290705129 0.036603605220481 0.22581264739517 0.143134322765802
-0.0998286942147927 0.0892240518971118 0.294794612471586 -0.0591148760846883
-0.0157439377192925 0.114709087279426 0.172085605431098 -0.248520650085837
0.0379372758928133 0.0982817697115646 -0.0085972241086244 -0.257539905190628
0.0819246844883305 0.0788221154138076 -0.110328696278457 -0.175290645527681
0.105292294763578 0.0650573678644075 -0.132261645007096 -0.091111796419662
0.10549636497153 0.0809024929781819 -0.115003988543858 -0.0504228611841509
0.0521240604530136 0.106411505597738 -0.114242848007624 -0.0297857144728783
0.00290369912322208 0.142914270965765 -0.152269341299515 -0.0450755724698615
-0.103344552337061 0.138664913100164 -0.163585304283073 -0.106821951772676
-0.205054257294442 0.0735913259334828 -0.0949058794152054 -0.184407957589833
-0.217590217572276 -0.0863843846645661 -0.0815695236042534 -0.19146704813935
-0.191353509285964 -0.229292970876535 -0.108052044387761 -0.144230890449511
-0.151825054022315 -0.277161106718303 0.0535796685807763 -0.0908162993810914
-0.21247996093381 -0.17689198784543 -0.0127618050732548 0.162415457292195
-0.280431439894243 -0.00715420968022874 0.232662559914768 0.227479870720584
-0.198572215415237 0.129761603467539 0.331827873126066 0.0141750689241661
-0.0436415543953543 0.197266241135215 0.219463194490693 -0.207756436482528
0.0546036461335262 0.156540167078768 0.0304050849217145 -0.220531916350323
0.114982959399968 0.121750762276146 -0.0649975510351101 -0.141687361286785
0.147386649272787 0.0976484115138733 -0.0846311414859265 -0.0599620503396261
0.150067683914589 0.108417588785578 -0.073839745238138 -0.0114404203557912
0.0813930630256889 0.136576161652556 -0.0815364078253984 0.0209334017609934
0.017462614573848 0.184183015777588 -0.137877411015006 0.0109549620183635
-0.128026222172753 0.181448352275347 -0.17138173743481 -0.0514639702697275
-0.253087044108653 0.0857556773631896 -0.112059982514928 -0.142465233284916
-0.250199359596586 -0.114632329480741 -0.0722499454135025 -0.153545880076103
-0.190864723578136 -0.280672239949777 -0.0713539500558166 -0.062476837349335
-0.111244766682585 -0.31867108370447 0.0820883648276125 0.0218967963542935
-0.20790599232314 -0.259768906580634 -0.0130734277457294 0.236436228304002
-0.339687675653731 -0.074222060408926 0.205757079412146 0.304062336928816
-0.277147812610726 0.125743234419014 0.328048421041341 0.102697303549214
-0.0817535365323537 0.242963323976544 0.247298046849766 -0.133335092963224
0.0557879193558088 0.195171301334219 0.0710629864438535 -0.15600261338495
0.128084636509369 0.147892589923275 -0.0120869298114332 -0.089998683010961
0.167322835475036 0.115138869161948 -0.0261736047470118 -0.0200610047216905
0.174077020515247 0.119915164087515 -0.0201338232932467 0.0327407831131852
0.101285464486818 0.147508944481132 -0.0383651357780688 0.0728121076558248
0.0304841214112333 0.199615235048402 -0.113155563088554 0.066211399469459
-0.135684361847148 0.19748081408062 -0.165397036675548 0.00123614851280351
-0.268542461693253 0.0828691373557401 -0.118792446613416 -0.10195240200035
-0.248769136603732 -0.133946168073697 -0.0502104808177325 -0.11942126109502
-0.159951068445544 -0.297288043094098 -0.027701280757044 0.022210101800399
-0.0525276577859996 -0.299173115076429 0.0995655914765104 0.13207818695393
-0.153606370906061 -0.291228499933091 -0.0138457787851145 0.293701886892922
-0.323423290807609 -0.134111375182903 0.15237355003725 0.345089957651047
-0.300933684645935 0.0855531817749792 0.282287146078 0.176089769462087
-0.109100272843115 0.237869387378424 0.241503792593746 -0.0436760657489859
0.0461449689911607 0.199865994899621 0.100992842100927 -0.0771020011251582
0.121176712525707 0.149142805073221 0.0413361315931458 -0.0296001032596271
0.162737885783795 0.114914701657381 0.034669463072957 0.021668917239881
0.172924507931547 0.114930197962413 0.0364475936170562 0.0752100209509366
0.105604379590158 0.14295414953923 0.00507963213882421 0.120622170137964
0.035047283067592 0.194017053809705 -0.0870569054496102 0.116858985946542
-0.134696148845982 0.18576651900508 -0.153413726692054 0.0454965094086993
-0.260643223619354 0.0609072407338865 -0.11917616631327 -0.0664255056805443
-0.217100001319236 -0.150807586138455 -0.0260812005381203 -0.0886969230587819
-0.102495055943447 -0.281849304177564 0.010711196639462 0.102549967126835
0.0113695472802147 -0.220027459816252 0.106767465752113 0.216188899238755
-0.0746380951576627 -0.255798754515448 -0.00954247393761485 0.32204191047211
-0.244613221924111 -0.15322525994568 0.0953383662100927 0.344748561961843
-0.258830455173195 0.0371190876596954 0.215209176851854 0.21606640517396
-0.108114399449539 0.18923590529208 0.210804327875375 0.0356256953410932
0.032728695437812 0.167186520479426 0.118122845504586 -0.00127051969608845
0.0981661290096847 0.123306632140814 0.0864685951588096 0.0262440954048591
0.134396022572655 0.0962708003801251 0.0887823862290252 0.0584635871973165
0.147079870307142 0.0961760473131593 0.0875232301906058 0.113465476084251
0.0943068001444939 0.124681890539019 0.0417793559486544 0.162882422331762
0.0302885550506137 0.169671092398885 -0.0678921123741364 0.160941930672407
-0.126109004362079 0.153580290047932 -0.145660154005827 0.0802010641362515
-0.229722664695383 0.0279626669522859 -0.121726538715636 -0.0386759984502368
-0.161093283999384 -0.15926537635763 -0.00790916876353105 -0.0594455688917188
-0.0277965247954578 -0.235781844163431 0.0338095392626506 0.173962478606548
0.0696257816831151 -0.0989056733986096 0.108668816775619 0.255276046213823
0.00597445091715125 -0.166077966575179 0.00694461344358117 0.316156408906052
-0.130355777983528 -0.121024498478395 0.0581117072761372 0.310081161207778
-0.164226890213669 0.000481162911305308 0.158356050190719 0.220165200319125
-0.0767337864340992 0.112063540545359 0.17673425996081 0.0876164356366276
0.0196930822066801 0.106491212110105 0.12670059645305 0.0526813269818941
0.0620911542963799 0.0757098116563082 0.118800602625632 0.0658199825444537
0.0876948414131295 0.0618012875729753 0.12877194784407 0.084696894083111
0.10137295640011 0.0638366769273456 0.125895689862763 0.14409984931606
0.0709092872851841 0.0926262576092726 0.0651949383287563 0.197022935970164
0.0211224128248894 0.128545900262915 -0.0611830334566861 0.199208869314475
-0.103827727370801 0.106957017730321 -0.149802642887602 0.105675116152392
-0.174160556116591 -0.00496216399130406 -0.132654002492166 -0.0208022972128711
-0.0883968642302124 -0.147235291910375 -0.00112666356177117 -0.0359015248198592
0.0499700484411035 -0.158516489984291 0.0371929013086672 0.230358448570346
-0.0651181138469753 0.0746526382378961 -0.13589353274873 -0.228111263746312
0.0545508808927583 0.0761928452345878 -0.0326420489226992 0.00684343405307787
0.0896325135052307 0.00477545734117524 0.151491880326676 -0.0221489677980366
0.0343453430324279 -0.0664843886533147 0.13193967992291 -0.170012041976705
-0.0332887200706105 -0.0505042813873554 0.000569510076996464 -0.246832874619393
-0.0317648562615907 -0.0102665956448239 -0.138492665933275 -0.211790511025869
-0.0245035993158466 -0.0114848333188711 -0.199214666422309 -0.107864714022166
-0.0228580459225771 -0.0154682782800614 -0.186198085388947 -0.0324445615065542
-0.0136556228979324 -0.0124417686663295 -0.156600056523441 -0.0241045461441818
-0.00151143559415893 -0.0124556132902901 -0.158826713439887 -0.0287774219860794
0.0231666962393179 -0.0127594294735459 -0.182541495559497 -0.0424025498651742
0.0528766499114326 0.0155104167889216 -0.186400649186175 -0.121280470207796
0.0244612307559603 0.0851308485429738 -0.139488785041822 -0.214243143022474
-0.0600284656624103 0.085086621192874 -0.13895069765143 -0.22114293494463
-0.126461371165313 0.0323291192530756 -0.201931210348948 -0.174055629662866
-0.156169280032053 -0.0153552177165862 -0.0975964851385598 -0.215928174382787
-0.0608467364953669 0.0490748390791943 -0.00798993200166446 0.0325228713769322
-0.0132153695965166 0.0569935881936927 0.203551975577515 -0.00579390113968021
-0.000429258531770924 0.023483279562423 0.181265865571727 -0.183258083921311
0.0012793392623768 0.0219536320373441 0.019496241524472 -0.278235942072654
0.0203645754856459 0.0272590582906339 -0.13538960820214 -0.226388630551174
0.0428060274318636 0.0138443067979924 -0.197772576080301 -0.116666340867769
0.050987603624763 0.00296534096590105 -0.184414531100698 -0.031444785043269
0.0591807018046525 0.015452789834547 -0.154176418522115 -0.0176922693974275
0.0420223522108755 0.0432508774515462 -0.148885038141346 -0.0146546790593342
0.0311768063768616 0.0689360614371102 -0.175188236204203 -0.0230847738471755
-0.013484225576549 0.0934234850866452 -0.186636580436187 -0.088964296823005
-0.0846002844361483 0.105553767431277 -0.143692389851728 -0.179721781791556
-0.154875794875247 0.029219314274991 -0.146282342536628 -0.184036597685775
-0.201936245581596 -0.0679804831823668 -0.186224915194412 -0.141658173742118
-0.221866500991465 -0.112725182546768 -0.0407753865350017 -0.1737885712407
-0.175784185332066 -0.00532912018621334 0.0259672136236373 0.0829730246063728
-0.135310762002793 0.0948048199128174 0.261255913114658 0.0387190860792356
-0.0558373732205405 0.119068374091653 0.245937593862217 -0.169795054068104
0.0276815133367259 0.108751709444358 0.0604520272383949 -0.293019308540078
0.0699106828478988 0.0733608575284059 -0.109219999736184 -0.229286257207669
0.104480760089878 0.0421530998590861 -0.169712517201331 -0.116163297229119
0.118032761473768 0.0200433496742701 -0.154372977243534 -0.0265272888360404
0.12565575365207 0.0339908720251254 -0.123874724115908 -0.000723054137768767
0.086203471049628 0.079749520719162 -0.118140595587232 0.0158790277269449
0.0543923944739194 0.128831089208177 -0.157497323135957 0.0167732018680156
-0.0456910914818606 0.164347685233988 -0.186680738539372 -0.0391401048070752
-0.159449946580996 0.139604232728626 -0.151870763859473 -0.135862233827409
-0.228443420288078 0.000625245444867299 -0.140342687819604 -0.143802225805337
-0.254812267272261 -0.143128270753072 -0.146115928845989 -0.0868462356015276
-0.248250261148515 -0.198812267085106 0.0264629962773217 -0.0988761939590965
-0.26160951308463 -0.0792646747035018 0.0625393750357868 0.150416715408588
-0.254517980174335 0.0998939664385555 0.302287784946624 0.107751399943188
-0.128026931757205 0.195283147677703 0.306289174007029 -0.122110207080896
0.0351341324258381 0.19287892582646 0.11425741933694 -0.275116191991892
0.107054616110367 0.119957534005122 -0.0621969604221456 -0.210696290441354
0.150819775237772 0.0690499675633423 -0.117953753327284 -0.103590587950521
0.167601292464706 0.0338830854394743 -0.101165581490461 -0.0165462640627362
0.17554065801307 0.0423059969970446 -0.0720838290068221 0.0200065940038454
0.123722377193951 0.0959294918678569 -0.0697313914996537 0.0497271725301945
0.0827064930564063 0.160624694354254 -0.124529361572695 0.0621234959896354
-0.0517985443168194 0.212536467404882 -0.174351105814467 0.0136379311276175
-0.198660590074609 0.168317230782976 -0.152171768676555 -0.0903357814275055
-0.268403228846325 -0.0124441297765455 -0.119952756449854 -0.111028093431397
-0.274057308924825 -0.191502281973406 -0.0872141401282944 -0.0244690766584755
-0.227246621383849 -0.252653077368975 0.0930383819827392 -0.00359565220091056
-0.2896280789729 -0.156466553992057 0.0921265706299853 0.221026697168735
-0.333436205102319 0.0635714795715712 0.31059099872881 0.184247964395623
-0.199116110976347 0.223128595350831 0.336063125625502 -0.0437226591610836
0.0192599545074828 0.248507135921895 0.165082179251031 -0.219605151537007
0.122331029131032 0.153801063305429 -0.00262376464160275 -0.16774761654381
0.172855865020464 0.087672725156645 -0.0506231990300767 -0.0780346658566203
0.191516317001265 0.0414853142157159 -0.0342754778841712 -0.00291903416599986
0.20068315116678 0.0430901156297115 -0.00725758950867012 0.0402252288446906
0.145884168611947 0.098222975675072 -0.011945334396299 0.0810334002306778
0.10031337705507 0.168871111119134 -0.0824028709574786 0.103407132467425
-0.0516556187583305 0.229343381548408 -0.149595058484312 0.0588200599220478
-0.212267594624727 0.172423441400826 -0.143423490869988 -0.0506871227795093
-0.274653605962551 -0.0301337771614526 -0.0895844625565675 -0.0869319762670381
-0.253130363458756 -0.217256549686073 -0.0205671009340304 0.0373563790694314
-0.16444220652684 -0.257009941373285 0.146551969088031 0.0918883080744339
-0.252594182451162 -0.205727531166638 0.110849469021056 0.277401356429405
-0.342747022759459 0.00443322446226892 0.280002176448028 0.244387767110272
-0.236479651101032 0.197949408115229 0.323543206301141 0.0406060065436321
-0.00626326363686945 0.254812966752349 0.193470786646716 -0.137476344997063
0.116485218077385 0.161631284841641 0.0544571121687916 -0.107625368031706
0.167696946961681 0.0913018429095105 0.0205335658220383 -0.0450802710545213
0.187169356404301 0.0428441377869129 0.0356847923048989 0.0105630800912204
0.197410056661695 0.0382773250415732 0.0592850445607311 0.0574672766703976
0.147513845853802 0.0906168041718606 0.0451780330382872 0.108022672692597
0.101973104973779 0.160806846217155 -0.0402385008741499 0.138769662550601
-0.0551724974898812 0.21813871727666 -0.123240315472637 0.0945267070509222
-0.212623451967131 0.150072074278089 -0.13155894413408 -0.0174353716161809
-0.2520350944924 -0.0562818888813975 -0.0576824471741431 -0.0675390310504565
-0.195095242616703 -0.224189907114221 0.0404605302936048 0.0954235529404164
-0.074612483435637 -0.207772698236515 0.179638454063367 0.166782759758931
-0.167450689832132 -0.204341931750296 0.120623044289003 0.305167706311305
-0.277978934370355 -0.0418945642738393 0.22744504433471 0.269864718918811
-0.216742372429557 0.13942722379574 0.279979784332087 0.104914792963153
-0.0231411827911252 0.210668822061382 0.197552890207151 -0.0531474590382554
0.0930286948101161 0.137312734630393 0.0993644205864008 -0.0456744645706541
0.136428247562446 0.0753649301284316 0.0838483862405004 -0.0116115921356102
0.154888656227698 0.0358895553252347 0.0985585675989879 0.021643807285392
0.16680592497309 0.029942694757562 0.119290956823932 0.0724739786552839
0.130693099185752 0.0768356035018763 0.0941965477613716 0.132694498728698
0.0897101482026596 0.140656692408878 -0.00588617613567737 0.171287713351557
-0.0583023888098625 0.185485939618334 -0.104022045323098 0.123526547750238
-0.196686361705779 0.109394004966434 -0.123729386325927 0.00974956420317844
-0.204272528082709 -0.083085380102672 -0.0317558912845 -0.0473633919007106
-0.11063771856648 -0.208225317165508 0.0852625673557481 0.149545773180567
0.0263892482886303 -0.118657653312477 0.190120538187504 0.201416199443702
-0.0579500806480697 -0.15285577920365 0.126054945526882 0.294446607950118
-0.161923473026923 -0.0571920780413405 0.177298466645457 0.258422995786871
-0.145347467331338 0.0685733971925884 0.230273604050323 0.135044369939337
-0.0231910726844302 0.129922621054756 0.18932260521998 0.00932893998969614
0.0593267260458377 0.0864209928836122 0.130111036155265 -0.000440148547883424
0.0858223751682353 0.0452767986314922 0.130438484537068 0.011903159064689
0.100389921531661 0.0221718850202314 0.144618151967851 0.0285624684620879
0.113623175310013 0.0181748921210362 0.165218909443494 0.0844667180082828
0.0984490840101547 0.0557743615758594 0.128541509955835 0.154605615688249
0.0660223065281739 0.10633896018451 0.0158851853742869 0.20264535649378
-0.0543696025850396 0.134487340671096 -0.0981961174038269 0.14799482771914
-0.156920136878217 0.0598289401253111 -0.127801834496271 0.0301205725708699
-0.134348407100203 -0.0987232643188261 -0.0174161641153736 -0.0292042524055
-0.0129133520934452 -0.164560828614064 0.107742201179666 0.196441389415228
-0.0575940553468099 0.0763989682784754 -0.146010052676368 -0.214817277298381
0.0579566809993126 0.0691225931155462 -0.0298580279702232 0.0102004246962683
0.0859586144482047 -0.00257357616974491 0.150632115793489 -0.0297443018249073
0.0271676912398641 -0.0662069001780983 0.121543408344292 -0.176845033075531
-0.0361662053210777 -0.0437325588255387 -0.0146694103433868 -0.24583650042418
-0.0307110960766191 -0.00725142714938925 -0.150914906792382 -0.200142095541483
-0.0239485308270677 -0.0086968500216662 -0.201968516337473 -0.0925384731084779
-0.0227885968402289 -0.0125636341442138 -0.183445464209355 -0.0195970014552702
-0.0131642773638862 -0.0109831383720339 -0.156545001348049 -0.0135861082418212
-0.00127051034343033 -0.0108176237817702 -0.159200418200421 -0.0170354239971357
0.0214546172640496 -0.0128296232567646 -0.182491107258145 -0.0286128615239079
0.0504529923197863 0.012200235974766 -0.192170919636585 -0.107007120588689
0.0291460141121588 0.0801947885517799 -0.152194594003995 -0.204655168875554
-0.0532749286894413 0.0853060340648635 -0.146937435296123 -0.212726956189223
-0.120220431537119 0.0394835812648652 -0.205733842439538 -0.163809578300914
-0.15270620322873 -0.0066702013296448 -0.108538686113533 -0.205085291896619
-0.0569351251265664 0.0491406451889649 -0.00452939821614042 0.0344481171735776
-0.0111232007504949 0.0545345286557635 0.201660730504879 -0.017288598771318
-0.00252764993106575 0.0240066483410411 0.168526745405899 -0.191410380626567
0.00167296552776092 0.0251500289387295 0.00152140192616966 -0.277208740157041
0.022586586370898 0.0278223054312125 -0.148047143477203 -0.21544165233156
0.0437447511506169 0.0122937617306908 -0.20104633086773 -0.100981986972042
0.0511270778335705 0.000556348676818282 -0.180877999687153 -0.0182478251552832
0.0605290213187655 0.0119085372534934 -0.153241767517851 -0.00610423239134628
0.0448095153855758 0.0416884040445722 -0.148287548990929 -0.00305119981913825
0.0342370204164659 0.0671999456589006 -0.17442074717984 -0.00916646725006039
-0.0109499063115728 0.0929710861857532 -0.19043262787655 -0.0745936754969406
-0.0775837662264079 0.10738704399172 -0.154654741511572 -0.170047357959001
-0.150650418074281 0.0355159313862184 -0.153048923089504 -0.175315699950248
-0.201265109402413 -0.0549089621650234 -0.188969326254582 -0.132323684455724
-0.223808767651944 -0.0980789665166949 -0.0506222263032068 -0.165690369619274
-0.172741272064319 0.00231432907323371 0.0318440166673057 0.0819373050070985
-0.128061120224526 0.0994299274440045 0.261177885282704 0.0229595184957238
-0.0513442112316443 0.121023214024527 0.232668188047051 -0.18162789284726
0.032749160576015 0.107588659942303 0.040093234405736 -0.29307836646081
0.0737120647731524 0.0697175836556244 -0.122412480510317 -0.21892244192352
0.105988651831233 0.0366216980235205 -0.173271786337171 -0.102273897081295
0.117645712944869 0.012369428299568 -0.151424460970158 -0.0140228255390786
0.126635118644381 0.0256113754594987 -0.121704405938265 0.00899193953227546
0.0905861789072034 0.0753930452814774 -0.115747722060269 0.0251378089070777
0.0613377059827399 0.124849463217375 -0.15444593706688 0.030180565667426
-0.0375260823710545 0.165248488567853 -0.188121973828737 -0.0249859217208073
-0.149170683215767 0.146131585012931 -0.161893920123861 -0.126093867119634
-0.224943392877837 0.0125051679542217 -0.146379327919008 -0.135446846533013
-0.258798167110944 -0.126107164569282 -0.147396295814334 -0.080449804012066
-0.255894023314781 -0.180994791853415 0.0193174691784605 -0.0952380169846385
-0.261401478910587 -0.0649547867002683 0.0717494197775388 0.146581437404594
-0.243815738397191 0.112553879123375 0.306424839383555 0.088561666112822
-0.117042294675916 0.200410179371775 0.29448661650727 -0.138209813304502
0.0455119942689181 0.189128288031591 0.094155739385245 -0.279386629061088
0.113093670097357 0.112986686200222 -0.0746398236628979 -0.203081027538352
0.152659131765069 0.0604534074758921 -0.121452162023135 -0.0929248486721447
0.166985754072206 0.0223277858346062 -0.0985837408496169 -0.00722966961209879
0.175935213204888 0.0300389768071162 -0.0689924948929866 0.02603335143262
0.128166961717846 0.0889378214495052 -0.0651255521758328 0.0560253025946099
0.0912557090791896 0.154148783099507 -0.118596357204123 0.0740685509054712
-0.0400922803375061 0.213382113469817 -0.171915555369414 0.0273424194121147
-0.185082515196894 0.177147953683281 -0.160325610310204 -0.0805834968719207
-0.265178533063518 0.00197251302233223 -0.125660232478196 -0.103764335054337
-0.281441359017609 -0.172372587027849 -0.0861813025244775 -0.0213471029046215
-0.238695367151349 -0.235456632338214 0.089186551443894 -0.00555025924978838
-0.29431575457511 -0.139222772873861 0.104093543864095 0.214438614292904
-0.323126766300675 0.0818920548094911 0.318480780461093 0.163672908262878
-0.184390408936295 0.232564263052895 0.329852721602987 -0.062313540159747
0.0343185876880579 0.244200695838789 0.146887809914523 -0.227701906251021
0.130227893407821 0.145014893661539 -0.0135079379540473 -0.164560953357701
0.175166848862211 0.0768219621779466 -0.0538558325046891 -0.0718925600115141
0.191146993810222 0.027756230596258 -0.0332200393840674 0.00151190069699932
0.199515684812951 0.0280769499762451 -0.00371013647339507 0.0415979022014636
0.14974820854842 0.0884106610969406 -0.00590424492411663 0.0828914865717714
0.109343112906417 0.159888858829704 -0.0738792158352797 0.112080358301386
-0.0385014015365545 0.229727277346702 -0.145075510041448 0.0706889053390807
-0.19873216214465 0.183081276212489 -0.149383781529323 -0.0409663205041947
-0.272043935128994 -0.0143797970566118 -0.0952330807402807 -0.0809309907121165
-0.262996096776288 -0.199827563001112 -0.0171471550246425 0.0366890926753331
-0.17750644128794 -0.243075518561353 0.146563005368083 0.086078257037801
-0.261230767404447 -0.188801165811706 0.125743096924927 0.26945830896721
-0.335217315872042 0.0252028540501477 0.291947252868105 0.224808856185601
-0.222210071503476 0.210383919349808 0.322736560261266 0.021121051498727
0.0108744269627978 0.251616906800062 0.179854226051053 -0.148033268697888
0.124792573277194 0.15166028074068 0.046446486868992 -0.108304251215933
0.169783427434401 0.0798997224740353 0.0183442070922087 -0.044200681550831
0.186864459253676 0.0287860670016887 0.0362107826440529 0.00924041985296185
0.195787415951177 0.023149528889239 0.062931041322082 0.0538801043493342
0.150633604403042 0.0809362163004021 0.0522328708116515 0.105180973130296
0.109882902352619 0.151346766317433 -0.0299938065285611 0.144206466782357
-0.0414129988939988 0.21872536835692 -0.116530412846032 0.104668960036099
-0.199754152888471 0.160870112924929 -0.135540074027274 -0.00875387539361467
-0.250830639128338 -0.0400055173182303 -0.0634806617940057 -0.0627778063884998
-0.206492403772403 -0.209585741544756 0.0457751622517923 0.0899865631104135
-0.0872820470347381 -0.200344848240271 0.182372053447362 0.158592638416705
-0.178106076580006 -0.191946463917241 0.135009192210763 0.297056535173831
-0.275381881536988 -0.0234392983978276 0.240710918375486 0.25349389869776
-0.205080001588932 0.151831839894454 0.283735480593947 0.0867426812549154
-0.00718828576650673 0.20819312618125 0.190020542734206 -0.0651302013847371
0.100906769677226 0.127374917450225 0.0948115448874912 -0.0506768286699234
0.138487521791471 0.0656672455975934 0.0826043195088258 -0.016190043523959
0.154339214822829 0.0242352089695136 0.097869290181804 0.015836188473945
0.164141986276484 0.0173659814737044 0.122652542203242 0.0638928490528098
0.132811098144265 0.0668071017248589 0.10216727674157 0.126030983416351
0.0962838103048279 0.131326936589175 0.0061332829743318 0.172542542787464
-0.0460593257126545 0.185858738815231 -0.0965554079655151 0.131394917232838
-0.184656694522444 0.120208904495412 -0.125617831552459 0.0176780080530089
-0.205526912439763 -0.068905049581632 -0.0369672384711076 -0.0440325203778318
-0.123483176378359 -0.198297455008826 0.0927374327831481 0.141260640986628
0.0171533979389818 -0.117842979369163 0.194805659905471 0.191190244633131
-0.0674421871719378 -0.146766645014311 0.140527980846799 0.286764177705355
-0.161643643542945 -0.0442895771819981 0.190891724819544 0.245383786298458
-0.138125449535435 0.0773579979882497 0.236992886362444 0.119194850870768
-0.0124045807967334 0.128441189124985 0.186159609806397 -0.00339287568003335
0.064282110508693 0.0788715612259506 0.127644570878874 -0.00818878966643388
0.0859620750303676 0.0375588254953824 0.128537378808656 0.0031012439531844
0.0994806247115336 0.0137730678379982 0.143504832153947 0.0190613699066073
0.111210233340909 0.00835354939588792 0.168011617382832 0.0720522884419927
0.0999017502578629 0.0468694561329311 0.136910233993663 0.144310422327093
0.0716949898470555 0.0988868215289959 0.0289621768158456 0.201028853150743
-0.044540585926188 0.135898743576692 -0.0891444545991344 0.154311143837905
-0.148415979929937 0.069084543067714 -0.1278393746281 0.0379307391161356
-0.137135586582753 -0.0871449804794378 -0.0213829546419682 -0.0273035215667792
-0.0248533399245651 -0.160986319621194 0.118060069889573 0.186117938711653
-0.0514384271108635 0.0783032410644246 -0.158456587279677 -0.204566172465118
0.0609360456856754 0.0632088920271445 -0.0274803657108328 0.014572308533402
0.0830507007673901 -0.00964122003097168 0.152082887887247 -0.0377460750891297
0.0207689164063869 -0.0668115445428216 0.111937491774261 -0.184896677878668
-0.0390108242061597 -0.0375829710202489 -0.0301829181014393 -0.247185038705493
-0.0302339596368789 -0.00408683671368164 -0.164809698481 -0.192029163577109
-0.0236457128195375 -0.00676135168971315 -0.20641292467574 -0.0796412920031448
-0.0231242828986613 -0.00964485653036807 -0.18184968477452 -0.00756674993571828
-0.012627407906301 -0.00954481207602305 -0.158299633551881 -0.0029538364028774
-0.00155555732183141 -0.00920374362779135 -0.160086358809142 -0.00554446772681923
0.0200250129667183 -0.0124056769089181 -0.183599784910829 -0.0157890202888146
0.0481642785498731 0.00956770119935511 -0.198751755294179 -0.0942841642419814
0.0338486597530235 0.0762568489196677 -0.16636854282744 -0.197557567438644
-0.0476338849255648 0.0863419209570202 -0.157337806334265 -0.207644090375484
-0.115445301126684 0.0464603439468541 -0.212417783421236 -0.15570993837488
-0.151302340220237 0.00135382059366632 -0.120202197090381 -0.196412666351794
-0.0546126015827317 0.0495710650504431 -0.000463098544274948 0.0362268151317138
-0.0102779098505992 0.0534302570030623 0.203460631385522 -0.0283378949694532
-0.00369753641959017 0.0253045415116808 0.158176513870887 -0.202311201565874
0.00244100257930924 0.0277436068499896 -0.0167628876524773 -0.278514997104252
0.0245189821441951 0.0277447626157577 -0.162658395682991 -0.205960891092545
0.0457801133687569 0.0109324692037883 -0.205699904343095 -0.0874192375232539
0.0514415759803323 -0.00162893743260195 -0.179479187505651 -0.00534721203531006
0.0621529329694148 0.00870743866248742 -0.153598111613133 0.00467645562664901
0.0482690457826852 0.0410911676246409 -0.148484127216543 0.0083644729973697
0.0383457516025418 0.0666166168107385 -0.17424540029561 0.00425959794670173
-0.00823182957885061 0.0942756288226721 -0.196009818707782 -0.0612763303595959
-0.0716255074332855 0.109888375036565 -0.168363894201918 -0.162558060151311
-0.148339549550856 0.0425804495543491 -0.161757347205841 -0.169242335792175
-0.202286453612912 -0.0431863050855377 -0.194177438150676 -0.125066338771544
-0.22804985741606 -0.0850452061374672 -0.0602592904972608 -0.159476854927982
-0.172289592474962 0.0105061622461537 0.038426849899078 0.0813618711222803
-0.122787926694551 0.10495648165074 0.265231497855514 0.00812655362635899
-0.0464279548042005 0.125234583165781 0.223009413631498 -0.195875150863834
0.0384700001980216 0.107801792960974 0.0208655193215003 -0.29680317305262
0.0781156075770326 0.0669634683986388 -0.136298408834374 -0.210839528553012
0.108825594799053 0.031347450113144 -0.177851910566187 -0.0896056319102548
0.119030754765176 0.00560444150053461 -0.149600133116903 -0.00258190466821784
0.128886637912514 0.0176193658200597 -0.120988705113767 0.0183364133631263
0.0964091923259236 0.0722017453363717 -0.113634961137438 0.0350580016207065
0.0687173686955666 0.122104697608934 -0.151597592977616 0.0436465611865594
-0.0302043461849858 0.168975196995231 -0.190508469439938 -0.011103732693288
-0.140873175427626 0.154013371508755 -0.173741642021287 -0.117393666803798
-0.224123539237445 0.0233732251840146 -0.153859675095844 -0.129010530799898
-0.264671621773033 -0.111265136569494 -0.150476600760802 -0.0749764949135137
-0.264844007644016 -0.166049566336289 0.0128662168254587 -0.0929047396565166
-0.264844689384804 -0.052151850034333 0.0816612146600475 0.144133073246487
-0.236042137428734 0.124709690015466 0.313192469338009 0.0700800946985805
-0.108102388277454 0.208129563124675 0.287735623104137 -0.155792403291857
0.0564305866001957 0.187297884290742 0.0744662757469158 -0.285133530465999
0.120089034111212 0.107030802088269 -0.0873171396364239 -0.197671690071679
0.157081718405462 0.052212218927465 -0.125725424951359 -0.0832320335112298
0.168859476751908 0.0111827101442732 -0.0971082133718756 0.00136407587242674
0.177610223900664 0.0173172328542325 -0.0668855891268396 0.0324906298464356
0.134163593290602 0.0831962807583798 -0.0608737455653541 0.0623013058697679
0.0999655733445202 0.148879057199611 -0.113221240429542 0.0858470284636353
-0.0289465514376834 0.217359415004656 -0.171628830108673 0.0411466861810796
-0.174177260873104 0.188048413564952 -0.169581468376766 -0.0709424098701884
-0.265253036948933 0.0161810194446253 -0.132467181373384 -0.0971174172208165
-0.290979817199681 -0.156612607970456 -0.0866489194951523 -0.0184340621579617
-0.251726334175352 -0.220527896725343 0.0866022749229356 -0.0063575732168621
-0.301973061638707 -0.124202785686941 0.117307172985415 0.21069839141793
-0.316752625494408 0.100174926849497 0.32940032889879 0.144942125619517
-0.17293462856479 0.244474695054226 0.326879080232404 -0.08155112843802
0.0499987059606019 0.242155047046888 0.130693380448601 -0.237138363219265
0.139453255585138 0.137155646063704 -0.0238276903277037 -0.16237015920248
0.180483033889774 0.0666955861150915 -0.0573155998170241 -0.0669261603365744
0.192758992745688 0.0149583395129767 -0.0311471558249518 0.00553732636150426
0.200420005317754 0.0134433297061613 -0.000477764567665293 0.0431313276804341
0.155227502425658 0.0807022967116166 0.000399038266963201 0.0852784517512925
0.118497058233566 0.153446662985409 -0.0660503956133075 0.121246608199873
-0.0256963596922165 0.232742229721823 -0.142253497022341 0.0831170149441014
-0.187355948840201 0.19493037450484 -0.157406438054053 -0.0310754081149164
-0.273139694386442 0.000618542134562469 -0.101555224904394 -0.0755045189294252
-0.275236535810954 -0.184056598942491 -0.0146290388397592 0.0353463902541256
-0.192271394336284 -0.23194305707134 0.14841166307297 0.0821887320288022
-0.272150533292098 -0.175474974262518 0.140498833322094 0.26504689211852
-0.33202258255582 0.0453522593393402 0.305813008943204 0.207748674402529
-0.20988679515622 0.224304068805115 0.32558411982114 0.00158073701146617
0.027568905112732 0.250503732884226 0.168256870049443 -0.159375924454493
0.134746504109255 0.142699894335177 0.0396174849652965 -0.109930892886462
0.175116690338976 0.0695801351921666 0.0163421719793182 -0.0442326933943509
0.188091060296401 0.0155853777735446 0.0374971436846813 0.0091716519712485
0.195935646699251 0.0089753754457211 0.0664944250671168 0.0508465157725811
0.155002859918492 0.0718653962677705 0.0604862021492263 0.10339434238653
0.119116377069197 0.144272396240742 -0.0192622312871326 0.149443621045694
-0.0291854756447468 0.221871385353261 -0.111403892943643 0.115513853149247
-0.188629318459019 0.172779867759124 -0.141024995971714 0.000834543209220371
-0.252941066251373 -0.0253245425744066 -0.0690411963922374 -0.0586380564794588
-0.220130004995841 -0.197219790908177 0.0510217638077561 0.0858674072454119
-0.0995820554263373 -0.194437691807243 0.188315455019149 0.152180112341025
-0.189396606960908 -0.182244906726306 0.151536971584715 0.291757137976188
-0.274390735948645 -0.00561273216407072 0.257467354104975 0.238694876788847
-0.19517071425686 0.164488332225632 0.289939610915127 0.0690318548568739
0.00726995344966955 0.207833153344682 0.183686425528328 -0.0778116160048171
0.108918048378931 0.119358874375712 0.0912347419075987 -0.0552636464844149
0.14175170321712 0.0567394015685516 0.0813844213014388 -0.0205908207450527
0.154758567587301 0.0124752811098997 0.0985302902256204 0.0105609357376027
0.163448885932454 0.00509146667628857 0.127055104560362 0.0562099258422183
0.137111125372571 0.0577900497277861 0.111239018252151 0.120157155700393
0.103911338917597 0.123820916145304 0.0179766163398247 0.176150700079055
-0.0346580995249769 0.189233101078011 -0.0893970754213186 0.139903841891608
-0.175679696334386 0.131945796241253 -0.128979306793336 0.0261932240741571
-0.208256978852311 -0.0554208131142613 -0.0414932655334917 -0.0413184074846123
-0.13721425325721 -0.190366735779737 0.101247090445618 0.134452741888571
0.00891763338934339 -0.118120532353213 0.20261486594126 0.184966269641433
-0.0768127304099636 -0.14295026227379 0.155479475537086 0.28163642064212
-0.162411084018554 -0.0328331830072651 0.206928392633453 0.234576273602342
-0.131609926478838 0.0862411733966165 0.246117227172524 0.104161207325783
-0.00254875902436965 0.127433496503468 0.184965707065493 -0.0158523886336662
0.0691158447490745 0.0716362056413549 0.126920180260929 -0.0157195196230706
0.0873755844696646 0.0310576363835908 0.1281554979204 -0.00492655750431175
0.098817407627555 0.00592315421864585 0.142904542793785 0.0102877936150447
0.109327707913515 -0.000273769520926399 0.171532726489171 0.0609130558914948
0.102188007439694 0.0392647531022437 0.146837057086603 0.135431173474134
0.0781177253846395 0.0919388136614406 0.0422580148590641 0.201377149609257
-0.035362605046839 0.138291810624373 -0.0806852532669362 0.162036920231457
-0.141188395761828 0.078566255283073 -0.128785898035603 0.0462685781591178
-0.141342151875026 -0.0771903962951924 -0.024783495744676 -0.0253026859703046
-0.0361276739198216 -0.15881835477416 0.129214999663562 0.177581988613872
-0.0441458007755638 0.0800547961560447 -0.173746217152565 -0.192260804676511
0.0650897315108365 0.0564349084927976 -0.0244412207661215 0.0179697409703297
0.0794928189475395 -0.0166618631199285 0.152553840814429 -0.0502797872173938
0.0134179193931373 -0.0667493727983624 0.0995534075163003 -0.195651010089543
-0.041467610921414 -0.0316176493411225 -0.051454548438688 -0.247090771812883
-0.0296197553462534 -0.000711675844023211 -0.182558116268158 -0.179735032718607
-0.0230160617816267 -0.00447508648757693 -0.212865794447596 -0.0636266438084235
-0.0232497782015974 -0.00651544094805895 -0.181219676333332 0.00619694708480174
-0.0126930608553746 -0.00802599454500153 -0.159474545118355 0.0111066899643804
-0.000820809019706562 -0.00834892873028503 -0.161193054453594 0.00831119632642243
0.0194050560904953 -0.0125764335833947 -0.184406750293741 4.45442415081969E-06
0.046746629697118 0.0063190079469005 -0.206801480742391 -0.0780382301944388
0.0386002159673477 0.0716294541976892 -0.184529228224862 -0.187149312964304
-0.0406567422056246 0.0885636692930473 -0.17196921771766 -0.199888296745349
-0.109719802628188 0.0553431028455006 -0.222362941809719 -0.144705615486516
-0.150424280053681 0.0112193462019371 -0.134458745249931 -0.186763199294295
-0.0513943717783391 0.0510872314567613 0.00418628368623538 0.037796144981642
-0.00818245764986323 0.052381559631076 0.204599209317582 -0.0443414914562085
-0.00422972894384766 0.0274351508542014 0.144119054055431 -0.215699797122588
0.0049148052299598 0.0306380827834073 -0.039994777859533 -0.279110854894369
0.0278717399493953 0.0275786825762646 -0.180835103496966 -0.19433209465485
0.0481200882981479 0.0080121664510148 -0.212713893242001 -0.0705558569591074
0.0525316503812938 -0.00497281224443777 -0.176969161825973 0.0091324635708351
0.0636867978717555 0.00384279266094208 -0.153520809037953 0.0188069365487675
0.0529149855816491 0.0388290975683307 -0.148122052172174 0.0228608890771732
0.0436553010245688 0.0654789327834726 -0.173670569990435 0.0204948640093228
-0.00330477985348439 0.0966956304046089 -0.202051396539568 -0.0442773497800244
-0.0642621625183942 0.114198171110632 -0.184112987205195 -0.151136716036764
-0.14535956603217 0.0520912092870424 -0.173953612117051 -0.160908345722949
-0.204236587602311 -0.0285849596933801 -0.202605605430785 -0.115157204771177
-0.233858717884216 -0.0695717117500417 -0.0715837310721658 -0.153492870819162
-0.172930835118079 0.0205460582247492 0.0465851874142719 0.0801630542954815
-0.116766859706003 0.112599228162914 0.267997343537259 -0.0123433962060182
-0.0404961573446078 0.130757397697111 0.21030042681891 -0.213438876800963
0.0466357446835135 0.107383843827994 -0.00414910872427212 -0.299712167837012
0.0840719492667695 0.0627302749099756 -0.153850506187041 -0.200371951533754
0.11327017377008 0.0242802220746369 -0.184691028927296 -0.0750967716301773
0.120662763748355 -0.00400964399776348 -0.146860323884119 0.01036675827314
0.130916113153131 0.00679141582543268 -0.119180346058329 0.0303604353310891
0.103526088249747 0.0664998121906232 -0.110644899094827 0.0466923413914156
0.0785962001733621 0.118698049567887 -0.147953222061194 0.0592563933847523
-0.0190380524018618 0.173978443654305 -0.19296987264887 0.00666509794801341
-0.130069742868684 0.164437784968323 -0.187375330755849 -0.104689157196576
-0.223307965385863 0.0387516960194637 -0.163641260050986 -0.120770732794095
-0.273435874997004 -0.0917262507075574 -0.155394650877042 -0.0672887973882899
-0.277434119060339 -0.147189643842626 0.0058903407494555 -0.0904908615841359
-0.270249174614718 -0.0344577129501665 0.0937663492401093 0.139985487649505
-0.227680531029305 0.141387529283607 0.320764502167017 0.0464698458827971
-0.0947419936879983 0.218469629551639 0.278150603404111 -0.177516867630647
0.0715804660539038 0.184438989288964 0.0502346848881659 -0.292339593736921
0.129378999380472 0.0993233712600119 -0.103266614201067 -0.19064988574611
0.162956152875869 0.041454458522218 -0.131220729721392 -0.072448978049426
0.17049854331308 -0.0028061359627042 -0.0945077788884856 0.0107966410244083
0.179322691250438 0.00259391113722651 -0.0629354427530624 0.0398182014828337
0.142436431353718 0.0747804010353491 -0.0550262577243329 0.0701274968413857
0.111935232281875 0.142609523778942 -0.10584606015058 0.0996965170317963
-0.0140080057038073 0.22216182829396 -0.169989448605004 0.0580248577564479
-0.160504419400463 0.201835914181138 -0.180496391192133 -0.0568476618161653
-0.265473946795294 0.0350047315059482 -0.140371625040434 -0.0888662381275306
-0.304469266922539 -0.134808789200902 -0.0877910237035936 -0.0145375309961634
-0.268391489947224 -0.202666659572322 0.085855166976014 -0.00842162927932746
-0.312512555552858 -0.1036128496068 0.13429938598405 0.204671724914248
-0.308692649015424 0.123174893355574 0.341991712253944 0.120323969781113
-0.157000346210062 0.259256991928351 0.323308184648792 -0.106580089162152
0.0699721287496828 0.2390628887976 0.109068683598014 -0.247631029092048
0.150696950048594 0.127072297023806 -0.0363475524956074 -0.159746890879491
0.187041980271406 0.0538581870596553 -0.0613485480537321 -0.0613433471875347
0.194630377872041 -0.00202340189581354 -0.0288845310413416 0.00987345795271129
0.201601819224652 -0.00364043201956695 0.00373886711124995 0.0449671225865138
0.162460948207349 0.0696008375079417 0.00871532333159761 0.087248456873648
0.130538136139719 0.144560720633569 -0.0548499236167391 0.131216700395027
-0.00899714623173863 0.237350194667686 -0.136973242822637 0.0988833820670926
-0.171986420959215 0.210004734427453 -0.164524834198706 -0.0176680375011316
-0.274123910002375 0.0214133253489085 -0.108613791840845 -0.0682182680506665
-0.290871855212074 -0.163133562726044 -0.011916022866318 0.0346332492076374
-0.210756053377117 -0.21789420667447 0.153854248380874 0.0766297341966604
-0.287803007748013 -0.156321431129495 0.161456917002865 0.258203067987474
-0.328547283260837 0.0702429703352499 0.323398105426752 0.184879465377908
-0.194438277371335 0.243179877233246 0.327916103784198 -0.0237373042971462
0.048506120661069 0.248236458093058 0.153851520352457 -0.173525058682212
0.146065004066563 0.131974418257535 0.0313791450983438 -0.112096678374143
0.180907457635465 0.0559017160831799 0.0135444491785174 -0.0444610045240557
0.189837910944842 -0.000425681383282691 0.0394726278928259 0.00726528464057069
0.195451157211306 -0.008138701693345 0.0717440444639351 0.0466411998724537
0.161366524145236 0.060306636982966 0.0706122047498439 0.1007288875228
0.130005276997338 0.134279290646095 -0.00568150356145235 0.155834358632013
-0.012721104118538 0.225729170921618 -0.103484661266401 0.128620198026559
-0.174232696041358 0.188417380877499 -0.145774208484773 0.0133428783830458
-0.255182415826157 -0.00559003435239455 -0.0751398664944889 -0.0529018917882461
-0.237231640196117 -0.180494754601536 0.0575294009089223 0.0806473836570849
-0.115336414839843 -0.187112952670017 0.197762450295139 0.14422519034762
-0.20516263909828 -0.168666702253167 0.174089016622004 0.285045130825932
-0.274811928650801 0.015942451242634 0.277519344767565 0.220142914082396
-0.183491887109766 0.181620365433434 0.298128150952528 0.0469485510960843
0.0252157809715443 0.206248853894706 0.176128553665625 -0.092536681398492
0.118500590926462 0.109224409108032 0.0879897487530928 -0.0613194607828026
0.146514106840968 0.0451184518341641 0.0804996714589387 -0.0264469649499115
0.155472825307007 -0.00154158753734313 0.0994581384591729 0.00409636914779151
0.162513870256427 -0.00992337631190181 0.132096727310246 0.0468551258581489
0.141295764860019 0.0465490159323636 0.122501340269977 0.112168306336379
0.113271742349324 0.114074079209422 0.0337415104963678 0.178000316016986
-0.0200658397494822 0.193033184283634 -0.0799334107376237 0.150951175681603
-0.164295631735812 0.14579744063957 -0.131382860585099 0.0381223900973197
-0.212387569721625 -0.0390750828839721 -0.0463813597065869 -0.037446695574343
-0.153729268430042 -0.179723474959164 0.111464603078694 0.126737648110727
-0.000898656557024303 -0.118405854658959 0.214325549835561 0.175293425509365
-0.0897897960698815 -0.136967345376529 0.177430266036054 0.275042313444764
-0.163743952567065 -0.0196202289119684 0.22656577096215 0.219585387474535
-0.123880688833914 0.0975337576655848 0.256227992947643 0.0846129350183319
0.00975926805587743 0.126324481039389 0.183530336625065 -0.0309120471379725
0.0743210111381916 0.0637877155950621 0.126175843583302 -0.0244089828877028
0.0885802653746791 0.0230882804989929 0.127724717391632 -0.014708363374323
0.0983273335670337 -0.00323348286683759 0.143080356476455 -0.00065715245159785
0.107131880277125 -0.0105751360447876 0.176758774031442 0.0471129814647773
0.104189086202079 0.0297687631856626 0.159132679987483 0.123944169371614
0.0853715812891937 0.084161392746763 0.0596063310627829 0.200513369753677
-0.024009180945637 0.141982585624822 -0.0695055347557074 0.171406411372566
-0.133326997135426 0.0899399779987281 -0.129138129359999 0.0574932592745161
-0.146286328721694 -0.0649984673821447 -0.0285359459022682 -0.0234400662974198
-0.0501508354505158 -0.155743115764729 0.143253095874216 0.167212516906373
-0.035407802424629 0.0812413110494342 -0.188781197196415 -0.173397835815844
0.0678529073945829 0.0474378253996692 -0.0201529307581251 0.0206147264036276
0.0737071621388713 -0.0241852555934271 0.15007695409039 -0.064253640640719
0.00531232882373566 -0.0656143735179141 0.0809080370836615 -0.204366123732422
-0.0428762215161236 -0.0247775484310421 -0.0751717186025259 -0.240849273071948
-0.0285207074916422 0.00320712062357498 -0.200056451953503 -0.161072015194836
-0.0216450016344492 -0.00180832368099972 -0.216662920534279 -0.0427405316402283
-0.0217534765809461 -0.002632226168931 -0.176751356419771 0.0219797792028039
-0.0122930428380052 -0.00596439143568936 -0.156521634716703 0.0268258403327136
-0.000789908514346821 -0.0074377148953952 -0.158881556666354 0.0247943766158028
0.0181453288496181 -0.0135645841370024 -0.18138066966195 0.0183060393121994
0.0444287937083928 0.00265107437102088 -0.2112970903611 -0.0564301599818345
0.0437894724558651 0.0659909059858594 -0.201764370189903 -0.169107830903344
-0.0312691425304955 0.0896301039281806 -0.187204642979679 -0.186405654791915
-0.101234561797581 0.0630969085634977 -0.231558690792177 -0.127905525519863
-0.146571733630424 0.0223693204755647 -0.149364957777879 -0.170934514930536
-0.0478118007990466 0.0531111862695218 0.0103426994282466 0.0376311992138334
-0.00611096038776483 0.0518778544036528 0.201138398953916 -0.0629127187401155
-0.00403825620850094 0.0291896640653792 0.123760422632675 -0.227351685933652
0.0083456870914298 0.0327177745905594 -0.0669722277787274 -0.272393569307387
0.0307701273911761 0.0262601425749586 -0.198371167962503 -0.174360234270167
0.0504077526785624 0.00410087464352639 -0.216232102078869 -0.0496998980897764
0.0526114563047602 -0.00933024545166689 -0.171549007110346 0.0254248021267056
0.0640979552295599 -0.00161852091417327 -0.149039253727141 0.0353964267058239
0.0572697030850784 0.0346015561442847 -0.14410902715799 0.0382137426601663
0.0496788331514211 0.0618965907096399 -0.169083254748462 0.0383039972994794
0.0033126062759095 0.0975876911548985 -0.203995470632925 -0.0223905212392598
-0.054708600134836 0.117022266651207 -0.199757569821098 -0.133225036461087
-0.138746332229418 0.0626332932421734 -0.186493847578242 -0.146233218409888
-0.203149194880217 -0.0109885564419031 -0.209973379188498 -0.0994141803438415
-0.236482145128004 -0.0492007125803716 -0.0838729092535409 -0.142823321318696
-0.169831858709486 0.0334077794517715 0.054723373189734 0.0759906574269607
-0.106153491104684 0.120766786549474 0.265662442496703 -0.0369450817358705
-0.0306331778974226 0.134543519216669 0.189243853939613 -0.230307668414365
0.056240798516773 0.103342438448672 -0.0341438193647881 -0.29536479618261
0.0899411692334708 0.0563692566854042 -0.171952677372763 -0.183536062616579
0.116625073067264 0.0142008928994993 -0.188044610413552 -0.0560407092746964
0.119299794880478 -0.0152478324409484 -0.140690775662372 0.0248145537282631
0.130566519707357 -0.00576838304263885 -0.113597205723378 0.0432558407187135
0.110320699155719 0.058085404249685 -0.103685042926871 0.0586784735581072
0.0886543249726106 0.111297492998628 -0.139480171788812 0.0751891712313622
-0.00495990189644864 0.175814878159904 -0.190333982061526 0.0274974956313544
-0.115041750457817 0.173607734338871 -0.198865369671527 -0.085490589659692
-0.217743457985031 0.057014302215676 -0.173023400563348 -0.107003407803922
-0.277326595142355 -0.0661433187701665 -0.158913034439561 -0.0550929260606872
-0.286610387579626 -0.120401672854183 -0.00157145161570965 -0.0867419063775757
-0.270968133436239 -0.0119026564052401 0.106520546581363 0.130990750356491
-0.212579931622807 0.158920138086505 0.322587879584252 0.0165342731077088
-0.0769127090920604 0.226231080898967 0.260200222519603 -0.201258229327283
0.0877525551798155 0.176319299252649 0.0199669918801204 -0.292732216958223
0.137073696720992 0.0878708862117657 -0.120015635222384 -0.178556267095299
0.166205534742482 0.0260209410629421 -0.135662004444734 -0.0581915314203625
0.168406557069723 -0.0192592032879519 -0.0890008436360348 0.0206225754127812
0.176538997827305 -0.0151358551097265 -0.0573667057237479 0.0474913457820022
0.149311115999816 0.0616285883006914 -0.046159913480628 0.0764325442623595
0.124498256222991 0.131098792942788 -0.0930651644244139 0.111922587072798
0.00560667736745737 0.223514646393218 -0.163462718733745 0.0770410030040601
-0.140575359032522 0.213989555564892 -0.187928662404475 -0.038380209719243
-0.259666636806318 0.0579899188415394 -0.147785151610996 -0.0765373579240542
-0.312633386106591 -0.105747463038436 -0.0877344603867709 -0.00886973146056024
-0.283546365848272 -0.175837558456594 0.084448486632497 -0.0118475024300159
-0.319968013578639 -0.0760009699914145 0.152262328797957 0.192326831717501
-0.294107019194918 0.148431135817314 0.350421448863279 0.087859204538512
-0.133286974888099 0.272950376229769 0.310923414325274 -0.13483782878155
0.0913350743071759 0.229387390374317 0.0831245745607905 -0.254236460504093
0.161196331780928 0.111902665569818 -0.0503470615068569 -0.153645410139625
0.191446485133206 0.0360534491208573 -0.0654255970903715 -0.0536282879889303
0.191942350118025 -0.0214963700501644 -0.0251844170975194 0.0135291912072392
0.197432111940802 -0.0240143239451915 0.0099040640522097 0.0455890859065703
0.168053274627355 0.0545358565022713 0.0187363723610833 0.0874381118746127
0.141875462342371 0.131340263054705 -0.0396897804351649 0.138759781804345
0.012395963687047 0.237845525264753 -0.126703235121657 0.114670355390457
-0.150828577035395 0.22294120714763 -0.168530812454406 0.000820839640498599
-0.269771294956711 0.0461869286285893 -0.114848916148767 -0.0582973404001979
-0.303137107524058 -0.134712327489823 -0.00852903515700016 0.0336776999823321
-0.228050801981009 -0.19580570833658 0.158255736951342 0.0666238496468616
-0.299574449240528 -0.129866555188054 0.184391557353229 0.242767189559293
-0.31749507001368 0.0989901081650787 0.336697881083669 0.153838292897884
-0.171464415753952 0.259540743377479 0.323616713566532 -0.0533828772597873
0.071898438318299 0.239536618554191 0.133825015861437 -0.18451480703087
0.156338704793828 0.115969874064068 0.0212806592728752 -0.112534125729417
0.185308875962292 0.038620667441658 0.0101859438323868 -0.0441810570508564
0.1866461279016 -0.0197340163944339 0.0410031011953237 0.0049115238019247
0.190508240263737 -0.0281325436017169 0.0763584730948912 0.0397709490055799
0.165322431102305 0.0448491208930078 0.0809884438102513 0.0937526996003015
0.140016778966684 0.12012354955746 0.0111411032061282 0.158255976619976
0.00884905333458273 0.225881006984473 -0.0907937578611275 0.140708130026544
-0.153750968744254 0.202603845832918 -0.146743113715645 0.0295586691585604
-0.252605547628883 0.0180653739667583 -0.0802482491442888 -0.0451446673494532
-0.252468833269055 -0.155182452726037 0.0639652619484084 0.0732455889053826
-0.132271204542899 -0.174101214108548 0.208054756901675 0.130167718825828
-0.219947748884179 -0.14935468700237 0.198793013957144 0.269860445693164
-0.269048983800988 0.040482372048894 0.29372420089243 0.193624435708421
-0.164712572203837 0.197717570282474 0.300014901890373 0.0183214299530522
0.0453739209251554 0.199981789527135 0.163620283878211 -0.107803489587675
0.126502635285466 0.0953311872688883 0.0819483972209277 -0.0680685475835664
0.148791472865873 0.0301231794359538 0.0772721534532797 -0.0332845257401263
0.152420004203176 -0.017408116427417 0.0990799212756701 -0.00409932629410045
0.156729928176398 -0.0264972304462472 0.135281303217997 0.0340941535116406
0.143346510166932 0.0325239552668024 0.133195857342744 0.0993588698015265
0.12132753724828 0.101206438349998 0.0519688464969527 0.175526218954131
-0.000990041802959562 0.193388374657027 -0.0645870613513946 0.16039625825417
-0.146845424004689 0.159298174675073 -0.129627205105857 0.0516337265808904
-0.212965111470226 -0.0179516437641418 -0.05030868566563 -0.0321820908042374
-0.169232504552757 -0.162185682787355 0.121741909330703 0.11365965542696
-0.012592373170554 -0.116685100831401 0.226445452876635 0.159822030368263
-0.102418268213188 -0.127432956409102 0.200729243153683 0.259760874029867
-0.162042007248988 -0.00371089358097341 0.244263186512749 0.197314232721358
-0.112596367309848 0.108254693375518 0.262400862389167 0.0591732946770888
0.0224189427332385 0.12127641559147 0.177268861841074 -0.0483376382633016
0.0786695983133284 0.0535971701933062 0.123505580909499 -0.0356683421580079
0.0886375884362917 0.013636337649219 0.124610891107305 -0.026044530070292
0.0956960950738211 -0.0138239376668082 0.140278304514584 -0.0131959733176913
0.102557021777057 -0.0215202617656051 0.178718243800359 0.0293398102319073
0.104905028676554 0.0182738688163383 0.169794893320296 0.106856193586481
0.091531241926999 0.0731718514662651 0.0794645006376175 0.194001340642612
-0.0093059171521542 0.142066511388961 -0.0534287957464482 0.179225560797777
-0.121621566448863 0.100365044590648 -0.124761614030742 0.0712494327295521
-0.149270124559171 -0.0487700771775236 -0.031506952854189 -0.0198063467015244
-0.0653755571587381 -0.147803965569379 0.156727977797535 0.151019046198361
-0.0216063508979008 0.0819308800651239 -0.212200984314156 -0.129140119666688
0.0719330539783258 0.0294590402809891 -0.0164487065739752 0.0248000558079749
0.063368591738619 -0.0401725453865204 0.13171869714473 -0.087060935971816
-0.0104430484225694 -0.0651661590127529 0.0403275341523587 -0.20839388051414
-0.0478887938710187 -0.0164519641376374 -0.118525531633724 -0.216116338268814
-0.0316124530053962 0.00890881270611086 -0.220965040264608 -0.112520417828844
-0.0234345976739459 0.00457879847657329 -0.212255206583791 0.00101083044636647
-0.0211611205210928 0.00415716310214809 -0.160838364758712 0.0521357255675699
-0.0123254612808693 -0.00106992272911894 -0.144468430516905 0.0540541874270366
-0.000659910186553547 -0.00455841089364631 -0.147921585824539 0.0518775534827767
0.0146000412960764 -0.0136661054948164 -0.168349217578605 0.0491736852678279
0.0412441790088957 -0.00186826323316725 -0.211351858281172 -0.0185199922707176
0.0513776072226333 0.0567614778654015 -0.224282745559753 -0.130965092638146
-0.0127302485006727 0.0917331260064561 -0.208923875954995 -0.151044663135811
-0.0843598899575307 0.0787256376443971 -0.236981258316964 -0.089287054139174
-0.138083293903812 0.0495844513108468 -0.169649703114928 -0.136514079170227
-0.0352269070052353 0.0589346713728678 0.0169853077355753 0.0305314712996348
0.00468565972836428 0.0472274257445551 0.177241064351345 -0.100772611954533
0.00103292175305105 0.0258707186195309 0.0730803943868051 -0.240820838054107
0.0108101668789491 0.0266923909960523 -0.120543021385453 -0.24551897207054
0.0285900775827321 0.0190537537181218 -0.222798204113874 -0.124184727144384
0.0478449753125655 -0.00532010720860271 -0.214902258998739 -0.00425146274802085
0.0474514107092871 -0.0159921143660624 -0.154642424660448 0.0554186004261895
0.0614385578155718 -0.0124682478493425 -0.135386581990022 0.0614207921054103
0.0635393846021562 0.0243860376120565 -0.132227021653033 0.0622755988342373
0.0596634074940658 0.0512131855991821 -0.154004489150641 0.0663575431542583
0.0219730289070851 0.0975456557768227 -0.1985497027075 0.0107464836420212
-0.0317142056824715 0.124565143512586 -0.213171675955333 -0.0967315367451987
-0.120256814025493 0.086028295435138 -0.201334290195863 -0.10998757998035
-0.195553026426391 0.0259154059627679 -0.212386597539507 -0.0608889603520101
-0.236529822548758 0.00103048191622059 -0.0973550404468216 -0.123910830516191
-0.15187570992359 0.0667224175216974 0.0695424647978489 0.0535352770909048
-0.0741127680956135 0.132314949571284 0.241030317212129 -0.0949400864923399
-0.000518989198573391 0.130044363991135 0.129962852270846 -0.260450841213014
0.0700942090348271 0.0819961206216055 -0.0969248903481074 -0.271753521589198
0.089874402585413 0.0351940184218606 -0.20028877713574 -0.135997777382321
0.11382418524866 -0.00999481764536047 -0.192522140526457 -0.0144337544081993
0.109066530414023 -0.0345787376125997 -0.125127385162794 0.0508437570771392
0.122923919750962 -0.0303162393280117 -0.0993011526864079 0.0635916809158904
0.118953264198611 0.0357352334993001 -0.0906828420885078 0.0754370456042511
0.107029277568967 0.0900201950235304 -0.120013953826413 0.0968667249312565
0.0308730641785524 0.174373446366978 -0.177631980938634 0.055492144368773
-0.0773503002710133 0.18906722535495 -0.203325125877127 -0.0510431236593132
-0.196324774000952 0.0948763291693086 -0.181631798755794 -0.0714073978455235
-0.277088216357566 -0.0138146759479578 -0.157436357682907 -0.0234880839863772
-0.296607938697538 -0.055836241911372 -0.00592799854037826 -0.0868820655246645
-0.254273829721876 0.0453730240324105 0.132347976539301 0.0922515345908911
-0.164391258681697 0.190031972916446 0.304282923811931 -0.0607788198040451
-0.0227830277409383 0.226328694178888 0.200079349240319 -0.250795860076472
0.115512139151749 0.14320491622903 -0.0482568948193617 -0.27838076400759
0.141113056373058 0.0546935002184442 -0.151089320238358 -0.139904966488602
0.165364677819854 -0.00959387828476374 -0.144851146269318 -0.0264376339384452
0.153946963458715 -0.0483891178406676 -0.0770536270924531 0.0388380686710489
0.165446303191648 -0.0493378347175119 -0.044501511486318 0.0576755898248338
0.157331711532111 0.0309540667568781 -0.0323551310123576 0.0828884445149009
0.144599609410913 0.101681734545375 -0.0703810739702552 0.12416708911701
0.0509670253519748 0.217271635307311 -0.143348041929031 0.0982445627044147
-0.0933020052879074 0.232226929679932 -0.184298950226361 -0.00700260281027547
-0.236067253325402 0.10364956661199 -0.152133822507607 -0.0444209852331773
-0.318151110178369 -0.0450188721246682 -0.0831040450412549 0.0119713734742443
-0.303016939158223 -0.108081736479944 0.0911111403337056 -0.0310500120165635
-0.312769204937491 -0.00349208111760656 0.190905357074814 0.140673450540977
-0.24123193311613 0.198424647912008 0.346123339171467 -0.00268594144165245
-0.0646004693106228 0.283010294583472 0.260168088183283 -0.201597000777285
0.130226892523709 0.191567293269637 0.0166082448550801 -0.253873189130116
0.16936461905298 0.0715874022660751 -0.0812598184238572 -0.129606386241276
0.191960756768409 -0.0057040395288833 -0.0786023728184996 -0.0362571210343996
0.175917086637319 -0.0553922383789613 -0.0183472548545104 0.0207838228800992
0.183101046544622 -0.0624636639850617 0.0187923911833025 0.044138604646613
0.173608407299656 0.0197732199888216 0.0319105543832423 0.0819084578736552
0.160955139256065 0.0969694970231844 -0.0144424476217648 0.140412059672769
0.0611237741843065 0.228894905828479 -0.102570553138363 0.128072702741625
-0.0996039367686151 0.242162530229446 -0.158710613698204 0.0270926318887973
-0.247172685012822 0.0941897775261443 -0.11747740551657 -0.0307608670378743
-0.314498098025596 -0.0746617168685987 -0.00231185865523256 0.0407888196842348
-0.252892507488278 -0.13800010435992 0.174587526381568 0.0319266653497723
-0.30533569435013 -0.0577468757335041 0.232462316208728 0.186119620018842
-0.273250903902005 0.157273968019328 0.34887968813775 0.0626209667310877
-0.101731295999051 0.27958263444072 0.288865803140523 -0.127928005500647
0.11624371413345 0.205007871584869 0.0779450380103926 -0.199224834512971
0.167807556486283 0.0756172060088522 -0.00546999549420975 -0.105294152742581
0.186843580596398 -0.00335422567299177 -0.00522774650358404 -0.0419335356615471
0.171479567424308 -0.0541791737554298 0.040948325834244 0.000797806696203215
0.175106976952236 -0.0662693493864242 0.0810701980044007 0.0264609447628049
0.167732410623397 0.00879302712744039 0.0921153980726927 0.0769263502496358
0.156959675265785 0.0857178605314865 0.0372391024862621 0.150158906150806
0.0560325190604539 0.216083239216965 -0.0640764442222445 0.147523450750397
-0.105538569661729 0.221797949086887 -0.132232452797977 0.0520176023828578
-0.236038274440519 0.0645568745934243 -0.0832251204729245 -0.0235718873511023
-0.269351046989172 -0.103795947433401 0.0720212906022932 0.0667557899241279
-0.15666056209878 -0.13674432711382 0.229956267188167 0.0863447804117702
-0.233308826274043 -0.0914294914017742 0.250719633165695 0.212189427883468
-0.239060458187117 0.0938734473498061 0.318309568307017 0.112428648005542
-0.107884591427541 0.220120460754176 0.282992013402592 -0.0543323249886793
0.0852803173156921 0.173511204533022 0.124321771564042 -0.132959573353131
0.136386201638716 0.0608943481913793 0.061220975334009 -0.0751310149036217
0.149803674613874 -0.00397046048129302 0.0616278250137798 -0.0448195707742581
0.140038187983008 -0.0460052030941498 0.093368078046298 -0.0190499800189796
0.14361762185023 -0.0586640973886222 0.134984062161671 0.0104812028069951
0.14366665207265 0.000610989999966529 0.143120031878558 0.0731926438113277
0.135555397055025 0.070880791621421 0.0792667933978408 0.159388367375697
0.0399798930150483 0.185512954888115 -0.0359785508390244 0.162222072305121
-0.105961382988762 0.178879631646811 -0.112507646271346 0.0709794929730235
-0.204547491074929 0.0231986461717853 -0.0534613894707726 -0.016913844430031
-0.191205183751219 -0.125898352031776 0.131116703783342 0.0945017648841936
-0.031424301031849 -0.107436006761326 0.247898778808605 0.114056528275334
-0.117564457827384 -0.0948339631481263 0.248301415315226 0.20809213037017
-0.147493082559057 0.030730410757119 0.272484543574653 0.132225800283324
-0.0772156479231498 0.125884210154812 0.257881240702525 -0.0042857705743193
0.0491134897563545 0.105001163278215 0.152264938336522 -0.0806115101076512
0.0844376726981164 0.030623595214182 0.107861381914071 -0.0544331339861313
0.0881202851591492 -0.00776356070101956 0.109916125621712 -0.0480362588362055
0.0871410760783124 -0.0327383067703349 0.129237109928452 -0.0355002649955878
0.0927441836330677 -0.0428815812995263 0.175776542077516 -0.00223727442419541
0.103332746873601 -0.00672260329931572 0.179409086089284 0.0734530058583204
0.101327925411768 0.0491163096067365 0.108248952438594 0.17225511179204
0.022860171512241 0.137341463029203 -0.0210108735566384 0.179015654505298
-0.0925451257937959 0.118576524474867 -0.105310074649812 0.0895176949071576
-0.149012142775744 -0.0181140599108631 -0.0349843703192761 -0.0091268876912469
-0.088911652470078 -0.130644111313313 0.169407222117002 0.121804146601834
-0.014883086519191 0.0772117784941397 -0.208581668983686 -0.105707123089481
0.068064968269895 0.0223004456000789 -0.0131908615855962 0.0241635106707848
0.0551485386491808 -0.0410530099915934 0.120072086294781 -0.0941443974524658
-0.0150885831842917 -0.0585930851822885 0.0236923402379709 -0.201106514639426
-0.0448028239393354 -0.00979373915669033 -0.128792236097984 -0.195397124429013
-0.0279378533308844 0.0111536733490519 -0.219261995568322 -0.0889425963192385
-0.0209063040728174 0.00604985243736951 -0.200443219996081 0.0165077723660953
-0.0179471403926743 0.00580912653243891 -0.147841653408812 0.0592745129843004
-0.0102941239035295 0.000625660898794866 -0.132024956582677 0.0618952640351899
-0.000262319784242394 -0.00378929134755866 -0.136032625567258 0.0607238120943055
0.0128727662866498 -0.0131843702095805 -0.154690610779186 0.0593452328545385
0.0375604197466249 -0.00344903851321338 -0.200214645858273 -0.00288217167739882
0.0511104619074226 0.0493967200360433 -0.222961142633107 -0.108121065063646
-0.00570798202768667 0.0850338328875864 -0.208874827033305 -0.131399030022556
-0.0732403103726807 0.0783786830856242 -0.230166070809693 -0.072187293914178
-0.127107618883519 0.055069327270613 -0.16821781787625 -0.116169275312106
-0.0307017489332909 0.0568126284309299 0.0187587489867146 0.0268495462180673
0.0051570503772063 0.0452666504133477 0.161893595078249 -0.109305037425361
0.00140981880840941 0.027011638124373 0.0524425349285609 -0.234003769527333
0.0132004941662771 0.0261045896787043 -0.131993579583097 -0.222438081386044
0.0296529251501678 0.0171667546231032 -0.221275510157544 -0.100177648594822
0.0458460813085066 -0.00910393829662432 -0.203547093442124 0.0122263364692793
0.0453187236406536 -0.0186865421510125 -0.140868113012063 0.0626144783913393
0.0579844122603352 -0.0162591955027043 -0.122087923698465 0.0693428102394111
0.0633453906719171 0.0194708050675171 -0.119264729849615 0.0694023321446183
0.0602327327467586 0.0452931867898011 -0.139562433014351 0.0751535656599921
0.0263133693898728 0.0928923431838397 -0.186169674354111 0.0253258450451541
-0.0226776721515684 0.119099802585404 -0.211577436880607 -0.075851726344938
-0.107768082741738 0.0867948420444179 -0.199329689283563 -0.0929446588219106
-0.181915051970802 0.0364179491798069 -0.205293281592356 -0.0464606462440098
-0.222666818247354 0.0156716755916497 -0.0993342034791098 -0.109261165988729
-0.140676516829912 0.0719673821055725 0.070577619182241 0.0450868787188832
-0.0627318961206315 0.129638691915973 0.222367204585098 -0.106486875572689
0.00730232837679333 0.125800865104987 0.105676941542104 -0.25659248854445
0.0724490665440058 0.0742793451250086 -0.112111087973091 -0.248272773754251
0.0886935931427481 0.0282193280063374 -0.199999988021614 -0.113146191741194
0.108054499528157 -0.0179377840275958 -0.182377432621763 0.00166468277732408
0.101498018954509 -0.0409058072459968 -0.112569598530697 0.0564738338787694
0.114267721654526 -0.0376729712110228 -0.08736715110718 0.0682515653925859
0.116633229973834 0.0253243965837211 -0.0786429224642049 0.0792429801541044
0.108303266357309 0.0780620891762685 -0.104770669810769 0.102329125393094
0.0405838188100726 0.165319761904685 -0.162845223237971 0.0674983862631397
-0.061028926117433 0.18335468434096 -0.198635098135453 -0.0322764839312277
-0.179380774101925 0.101588811487893 -0.17827794700919 -0.0569904872900994
-0.261526804715991 0.00474613391394005 -0.150815126612139 -0.0144693698738361
-0.283119718991648 -0.0336750720266688 -0.00994137467331843 -0.0798355697951922
-0.239481451880237 0.0592395752392183 0.132818643750333 0.0783581328765736
-0.143546121465613 0.189526840142269 0.283996194568573 -0.0778994404601076
-0.00697988734093041 0.218460633403985 0.172983464187328 -0.252021086412301
0.119101474453216 0.128238751750809 -0.0662175488458209 -0.257606394672222
0.138457369940994 0.0429437684829382 -0.152633040173672 -0.120682184813373
0.15726332438071 -0.0220100966988245 -0.137432772873897 -0.0132608070170146
0.143048513800416 -0.0576049626835061 -0.0676877886347011 0.0410013073537803
0.151901180938561 -0.0586666678269574 -0.0356465589958027 0.0587606514550632
0.152516567688034 0.0180972035672166 -0.0226883735711129 0.0815446440578481
0.14419752540318 0.0863494982745156 -0.0549937211789893 0.124696086889981
0.0637549223869175 0.204262807363698 -0.127558556286929 0.105989050362448
-0.0723510267790074 0.225833926175914 -0.177332636643314 0.00858162365587229
-0.216365302506098 0.113218735264102 -0.148597732044574 -0.0329469373481646
-0.303092742271876 -0.0211807199167887 -0.0779512793018828 0.0142916506435673
-0.292941315209365 -0.0821301454945354 0.0854162224427167 -0.033450631825961
-0.297456911220702 0.0175292606601869 0.191374405698083 0.120735808664717
-0.215446907928537 0.202281813330737 0.327363565195742 -0.025355362742609
-0.0420515563933226 0.275092179324622 0.233521623467533 -0.21025368420866
0.137274082103899 0.172036963858299 -0.00425866776888906 -0.239149171138513
0.165610601584319 0.056466082687687 -0.0855792702044343 -0.116307300394006
0.182571397139458 -0.0208240111665836 -0.0757601095947477 -0.0271687566869761
0.162521117120397 -0.066143423572445 -0.0139384918459654 0.0209460305912049
0.166483043128835 -0.0730118207322518 0.0228881844333396 0.0411474329065664
0.166423495759866 0.00559604112418813 0.0379968660886682 0.0754441551361364
0.15873604765543 0.0809255811334341 -0.000707746800392008 0.136532929518288
0.0750820228208789 0.213336028297034 -0.0866924590663733 0.131836326216436
-0.0774411067983061 0.235035776760507 -0.150778420083968 0.0398788676182805
-0.226852459237251 0.105920166878165 -0.114576520798085 -0.0217159483094464
-0.301660364974725 -0.048667135482882 0.000351379613276899 0.037261655464174
-0.248952854798409 -0.112968854108818 0.168910583977932 0.0215677197308829
-0.294072270079765 -0.0345599476787899 0.234060023249369 0.161263842770475
-0.248072998360109 0.167367073550433 0.334961915998737 0.0359139875650679
-0.0770533740951212 0.274023384904619 0.264816398457712 -0.142073755403968
0.124371366716585 0.184680976014902 0.0579975198501939 -0.191891210735264
0.162822432124041 0.0593658688611697 -0.0115745404944145 -0.0989646995561943
0.176723142940041 -0.0177234133517004 -0.00695953309849803 -0.0381778195508
0.157386930628837 -0.0644625144354684 0.0406601088934909 -0.00199051001730697
0.158271740661514 -0.0754237236309107 0.0794157198813387 0.0196729172087097
0.159286066528308 -0.00425760620079144 0.094520027359694 0.06541015531397
0.153543557982129 0.0698309602927052 0.0482840965034037 0.141382448787697
0.0689486266062454 0.201680349832219 -0.0489468858824463 0.147263385269926
-0.0833253827855989 0.216769545429895 -0.123232882241668 0.061678895580057
-0.217641143151462 0.077566202110991 -0.0815620371399434 -0.0171761459494974
-0.261795652584816 -0.079082149561349 0.072246538806224 0.0574712065623333
-0.158044566475873 -0.118434953657987 0.223845128355728 0.0697205394945933
-0.228402738322533 -0.0699141052060063 0.253427341364179 0.185668785059631
-0.218991419516451 0.104685936449253 0.309243069053567 0.0848912878629976
-0.0863887189783987 0.217702627844016 0.265026220694617 -0.0716173768851964
0.0929367539657151 0.156516631251816 0.106339615385494 -0.133295132579125
0.131611821548083 0.0469820965345837 0.0536524403434064 -0.0755804505528228
0.140855036698538 -0.0154493797481058 0.05578551793506 -0.0461701493587524
0.128010055414412 -0.0545257567541727 0.0873770184098653 -0.024094331432301
0.12883864648639 -0.0655592448033223 0.128772754502144 -8.67073446286214E-05
0.135078146472566 -0.0104265239903693 0.141728392191794 0.057467321237188
0.132476046473208 0.0565411581004637 0.0880707919186024 0.14621179867183
0.0519358503981002 0.172895879644589 -0.0216087388584204 0.158725005309419
-0.0861527325946145 0.175965001296997 -0.102240078121248 0.078319205358864
-0.189696067154703 0.0367402808192757 -0.0529156075347042 -0.0123140284591227
-0.19049890653765 -0.104698488124538 0.129866951642512 0.0797734022965753
-0.0382508918543942 -0.099215400064887 0.24263296198384 0.0955024347789133
-0.118600637324929 -0.0806737326960448 0.251193223015896 0.181733464382094
-0.13648873137538 0.0393419081502418 0.267302358954817 0.107092013081536
-0.0629390639656046 0.124943398895955 0.24418157237462 -0.0235350387283154
0.0538727773912184 0.0937187383628337 0.136980508923643 -0.0865352052287884
0.0794744335543102 0.0214116481133998 0.0993190206077645 -0.0594217640076931
0.081011589125041 -0.0136003322000694 0.101220184358912 -0.0527476528207064
0.0784426496133915 -0.0376112696506621 0.119492298903189 -0.0419803383360035
0.0820510716513527 -0.0474665427258537 0.164969199899144 -0.0143468532253446
0.096079954175108 -0.0145153451652613 0.174941357072168 0.0552490226460609
0.0979768133037899 0.0375857684753875 0.115780828793603 0.155746908078496
0.0323437759826483 0.127654588897482 -0.00679548454066998 0.17281720550523
-0.0776055097226256 0.117487923970913 -0.0942474643259597 0.0942393724312197
-0.140248260630205 -0.00558763974997425 -0.0346031025268286 -0.00624081694940678
-0.094101121804688 -0.115830278916067 0.167970477789773 0.102290168945432
-0.0115134516450314 0.0722520292965779 -0.201680528719265 -0.090453957532521
0.0638813387069966 0.0174651016413743 -0.0110501119434594 0.0234998152380606
0.0484711241123912 -0.039669475420991 0.110799799313624 -0.0961025355751542
-0.017482666389276 -0.0530839549452862 0.0140331492366983 -0.193034681106811
-0.0409576887033866 -0.00582783873458705 -0.132112845235147 -0.179248297554608
-0.0245427901468404 0.0128431124527012 -0.213405273670344 -0.0723939256558732
-0.0189752197973964 0.00694398978802961 -0.189655414337218 0.0251417252652584
-0.0158710655064335 0.0063784045554808 -0.137979090399414 0.0623730429896825
-0.00837490248757429 0.000965225153625778 -0.122156477562639 0.065549035902398
0.00074487106295936 -0.00310417200121204 -0.126302022346444 0.0651500330296717
0.0115982604492488 -0.0127704435730534 -0.142526579981814 0.0631104971528252
0.0340045706573599 -0.0035491322682619 -0.189649521865016 0.00574843879013446
0.0492869415755261 0.0437546137357826 -0.218392199236583 -0.0928754950527669
-0.00270754885945174 0.0781579639854976 -0.204269415148393 -0.118359474358066
-0.0659305869086534 0.0753435088530454 -0.221707521845641 -0.0631415271074563
-0.117960591469357 0.0561207366088255 -0.162822980322764 -0.102107936220341
-0.0282642060793905 0.0542747138005481 0.0189512016241636 0.0244895715164255
0.00543369080426246 0.043663708052561 0.15006484947657 -0.111706449287635
0.00163879685226964 0.0281698386972277 0.0404634842317385 -0.225227744825714
0.0148139855054071 0.0263002899125519 -0.135534000050259 -0.204382101604682
0.0309436175128295 0.016166111819219 -0.215538622913043 -0.0832029456054182
0.0436367085720088 -0.0107293722189959 -0.1915336285549 0.0220674925439214
0.0432424367907081 -0.02022979485178 -0.129948350883386 0.0645460756333636
0.0550556699949533 -0.0178251227661494 -0.111096221770394 0.0718260282402364
0.062652595009589 0.0159623101261797 -0.109410837029538 0.0725193119952141
0.0593051705527516 0.0404433811960999 -0.127648980301387 0.0786797402842359
0.028478121626985 0.0892092274153811 -0.174725402321786 0.0327678406178739
-0.0175617714207286 0.113448281569333 -0.206115704018945 -0.062092951514647
-0.0995607075793128 0.0844500609002738 -0.194651615052907 -0.0819655148372858
-0.170697085385537 0.0404147532294382 -0.197134153552216 -0.0391749623432359
-0.210034441894801 0.0230890568172774 -0.0973426201161243 -0.0984958641273199
-0.131958575934078 0.0730832263824331 0.0688263513956209 0.0396528232041741
-0.0562110994107408 0.1260035154512 0.207354332892138 -0.111309100675842
0.0112519956775661 0.122224296681884 0.0902903118398752 -0.24905283473733
0.0725612839692927 0.0686844717126524 -0.117557350445156 -0.228577600231279
0.0870851367842809 0.0239874924324063 -0.195568892864969 -0.0973284126849264
0.102648299018937 -0.0232313429782315 -0.171612844081593 0.0113102626898331
0.0954573643698799 -0.0442433141908474 -0.102524652815176 0.0570992245332015
0.106867507562761 -0.0407835047055291 -0.0775026156341219 0.0698143144994582
0.113970117775656 0.0193610377527493 -0.0695523427751518 0.0795536913315806
0.106791313374808 0.0700084057367522 -0.0926935497037433 0.103235643922459
0.0459043101006292 0.157469715262712 -0.150354487799867 0.0729247876739784
-0.0510652789638068 0.176691605322044 -0.192218355882538 -0.0214620220748941
-0.166366800716235 0.101508939517973 -0.173538512312689 -0.0483801878434295
-0.247494506749916 0.0140995179166932 -0.144475060224474 -0.0100554074539046
-0.269617576130835 -0.0209684589195597 -0.0110258573777228 -0.0736948716438827
-0.225423324438403 0.0654090550630131 0.129689967469754 0.0685154305746781
-0.130069672578034 0.18556109774285 0.267884286064205 -0.0861920264671627
0.00225185337713196 0.211164596967924 0.154166652906356 -0.247500849615598
0.118700193259984 0.11750890571161 -0.0747302807149637 -0.239159164139427
0.134164938460321 0.0355853197257415 -0.150636789780884 -0.106644411073874
0.14926079213533 -0.0291379286627097 -0.130090880143882 -0.00464599516524417
0.133689364435748 -0.062355893848734 -0.0603417928726391 0.0408141409799076
0.140550932443839 -0.0627267283391894 -0.0288371163494908 0.0576327432042874
0.146542189616853 0.0105419939852828 -0.0160169021181432 0.0785682102012328
0.14084712367381 0.0759388640807214 -0.043708115270277 0.122621350433146
0.0703230358539529 0.193382098184553 -0.114959179487495 0.108888645283837
-0.0593946283836733 0.217129130694198 -0.169490699380591 0.0184307677298033
-0.200779960081453 0.11536418236503 -0.144012865271892 -0.0264108713577327
-0.288278235597736 -0.00842887985442997 -0.0742070068302552 0.0152309089777763
-0.280532689062705 -0.0662201100801644 0.080764391856265 -0.0332181510033875
-0.283451822249994 0.0281224966654932 0.187700213928312 0.106953352378779
-0.197222110315651 0.200687752271555 0.310340718497696 -0.0377618537340934
-0.0286564797030237 0.265353458481331 0.213151198259372 -0.210735335776904
0.137207292118412 0.1574349565515 -0.0149469223412261 -0.223975690996318
0.159891774320877 0.0468234866986597 -0.0857194694273485 -0.105764050182365
0.172430864068955 -0.0291885336234691 -0.071672830060005 -0.0208125993219778
0.151196424164198 -0.0710183180414236 -0.00987898726528324 0.0198076848455022
0.15340032078903 -0.0763792411388395 0.0254303555546272 0.0383521590714635
0.159280577926857 -0.00204541850058448 0.0410871022224968 0.0697455125518717
0.154518193460839 0.0692933725139038 0.00779771286733446 0.131202879896807
0.0818050129711188 0.200819355365804 -0.0748883764380476 0.131864344218823
-0.0624992051602229 0.226259286360266 -0.142238800379905 0.0470978780495176
-0.210025229887818 0.109087577542274 -0.111479717701563 -0.0165027357451235
-0.288011347265228 -0.033372601590132 0.00104261576034836 0.0337798345785577
-0.240413985024344 -0.0970374733433199 0.161936400615074 0.0157068091931729
-0.281247201594326 -0.0198399807204383 0.229763491968423 0.143622155340196
-0.228851747337713 0.168389587888667 0.319954442208717 0.0212768230212781
-0.0604535780415916 0.266210736058288 0.247009255396563 -0.147531152152991
0.126364194537403 0.169174395052261 0.0454758805943155 -0.182160792326607
0.15625934970079 0.0490576892378215 -0.0148472807358458 -0.0927854849112268
0.166810627158573 -0.0259129386852258 -0.00709086020833282 -0.0350027550656828
0.146114693354719 -0.0694959658602357 0.040337087088822 -0.00407715457762853
0.144708495344379 -0.0787286115387316 0.0777784434270779 0.0155741638370934
0.15138622663545 -0.0114855687178443 0.0934285629375794 0.0573531072516989
0.148128239797223 0.0593925790055585 0.0550041188109849 0.133291929451215
0.075688531656371 0.188859572415967 -0.038169781301134 0.144491531662368
-0.0690869117094677 0.208241778012767 -0.115567008824377 0.0665749627374094
-0.201889438977086 0.0831927088096019 -0.0799034100074845 -0.0126840633505323
-0.251562445940413 -0.0632704138871854 0.0699647105059865 0.0504671696094428
-0.154867879067608 -0.106197240569576 0.216354452700902 0.0597861913458547
-0.221038902618933 -0.0563200818617742 0.249790598843152 0.166305152983286
-0.203728348610028 0.108343175356101 0.297494951034475 0.068969989876151
-0.0713254300766356 0.212469698913257 0.249309311992504 -0.0808123613599783
0.0956315911143675 0.142960198057318 0.0943861721914658 -0.129801771613416
0.125270269539063 0.038172882040207 0.0488297933859413 -0.0744657655093773
0.132167915512519 -0.0216355149430698 0.0523068460053766 -0.0456474189417156
0.118052408008356 -0.0582873136620432 0.08299046988423 -0.0262801044289082
0.117115988942552 -0.0680216676244424 0.123083046338549 -0.00536817231957904
0.127191979943665 -0.016158284351974 0.137388278729186 0.0471624983791831
0.12704552980018 0.0468815301031451 0.0917002753357344 0.135806539721886
0.0582484272400282 0.161706305491871 -0.0120604560465551 0.1536532423355
-0.0731265351853848 0.168893313059809 -0.0950410729287244 0.0813714030169645
-0.176720727430388 0.0428428811593473 -0.0522090145916226 -0.00894263561949576
-0.185372335894804 -0.0898281701542785 0.126324168864838 0.06955692478884
-0.0412095167446412 -0.0921570665800875 0.235100251179993 0.0842213790525551
-0.116674584169037 -0.0704880947582223 0.247109988633436 0.163194230287904
-0.127292837956278 0.0432322413900069 0.259124092036731 0.0911954372198097
-0.0526219143709182 0.121967964992708 0.231200978335026 -0.0338391563697613
0.0552181368007568 0.0846788625605498 0.125317142536905 -0.0876660521552032
0.0737533307040378 0.0161203068135587 0.0925537802978413 -0.061408573467277
0.0753812127889138 -0.0167519062038668 0.0938452238921962 -0.0549663250237328
0.0714035465222568 -0.0392721925253189 0.111733692447866 -0.0439477156289357
0.0735404046277058 -0.0479767210100192 0.155445646029512 -0.02097924709229
0.0891460987126722 -0.0184842162422344 0.168212988383647 0.0434691052122866
0.093611637130144 0.030809878330067 0.118080650957039 0.143096420307375
0.0370536013271955 0.118839178113473 0.00238156039602182 0.165862570843695
-0.0669234872616737 0.113526679833681 -0.0869354218040428 0.0953124936842589
-0.130875170861183 0.000918351235885561 -0.0347384291370635 -0.00451399067653601
-0.0943602368682488 -0.10443069556573 0.163211375936002 0.0899468615928251
-0.00994246520316797 0.0687108367110049 -0.196038225851353 -0.081003378255251
0.0600106776677166 0.01435028067664 -0.0104434187717349 0.0234477294719914
0.0450010823891683 -0.0381160536180808 0.105178051134391 -0.0979052502634687
-0.0184086031516668 -0.0488362077327384 0.00861479347136712 -0.188468141337382
-0.0375736195076791 -0.00337829636407309 -0.133429061136135 -0.169231340774426
-0.021217377643932 0.0141898926155788 -0.209380440414922 -0.0609716014728298
-0.0169648907978626 0.00739890957949125 -0.183026378909729 0.0311242531813138
-0.0135186339535518 0.00621514189174441 -0.131832416711985 0.0630681417253963
-0.00659354737575225 0.00159467047464579 -0.115668636005564 0.0672304944395143
0.00171984815528482 -0.00261715840272876 -0.119742066162672 0.0676940273379904
0.0107061115595659 -0.0118083754558969 -0.134859628499431 0.0652130702443489
0.0320370002894284 -0.00310016806075993 -0.182718960827421 0.0103406078666888
0.0476493183466481 0.0404859185768254 -0.215647223763608 -0.0834128057438786
-0.00153808802007293 0.0727942735949617 -0.201155396737018 -0.11068527171591
-0.0612000495444473 0.0729013283115145 -0.216704531297317 -0.0594666328392589
-0.112430381565296 0.0556431443791169 -0.158977562277331 -0.0937972288679152
-0.0273529799084696 0.0523343776200024 0.0186395774565942 0.0234096459607024
0.00492765503523732 0.0429647683391566 0.142743384696569 -0.112988454032735
0.00202961352950799 0.0299340244732904 0.033455301048865 -0.220002110392488
0.0167871420028466 0.0260128488677032 -0.137710466563236 -0.192641676024129
0.0319901532213115 0.0156276490449074 -0.21168562181689 -0.0719669870363785
0.042862740841838 -0.0120875018968197 -0.183382020850073 0.0284793870041524
0.0425627110523221 -0.0215740538675085 -0.122879261626359 0.0653145304655967
0.0540349875192924 -0.0189675044460471 -0.104182859108063 0.0735081232618096
0.0623571459029676 0.0135662439919304 -0.102785795281997 0.0747343532057407
0.0590336924599509 0.0383642274276916 -0.119350745451292 0.0803762741660868
0.0293596644457863 0.0875096997961025 -0.167485264503966 0.0371398947771009
-0.0151237232034713 0.109486905025696 -0.20303326384008 -0.0535237189093255
-0.0953805980054337 0.0814872735849989 -0.190886321266429 -0.0756167882316995
-0.163869979360507 0.041554667305523 -0.192202431351385 -0.0363907736591
-0.201975892668544 0.025963498646451 -0.0954155989698446 -0.0915422188159914
-0.126422739197212 0.0730725530505175 0.0672267723929864 0.0367971715669498
-0.0523255241685302 0.123619115131077 0.198043108928068 -0.113245817249801
0.0141950245631643 0.120505021846236 0.0814637303890838 -0.244390586556226
0.073193578635898 0.0658030696416977 -0.120193495280041 -0.216053178491776
0.086632675269867 0.0214364449961473 -0.192001149928842 -0.0862426368894273
0.0992495622692516 -0.0260936764413426 -0.163869568236436 0.0172839096944361
0.092173225088928 -0.0467502283404584 -0.0962917655978018 0.0568555457917148
0.102738410100784 -0.042262869771959 -0.0707968778889239 0.0702524119537006
0.112034651930986 0.0156855780604057 -0.0636796933823733 0.0800634901636911
0.105348662678331 0.0652003524012692 -0.0847232232266905 0.103758949478378
0.0489730876405362 0.152941577832795 -0.142838473900408 0.0762373661700632
-0.0455347875432601 0.171880721141844 -0.188306305856303 -0.0135439722253421
-0.159337290399817 0.100976678543913 -0.169997594511469 -0.0433471197675103
-0.238767894657879 0.0187894870661991 -0.140409486390145 -0.00865217788559813
-0.259767937492089 -0.0144191493691822 -0.0119340847084776 -0.0702712342786113
-0.217749260641443 0.0681665654914383 0.127381412281398 0.0631496082110782
-0.122409316533543 0.183001074082373 0.257467332575019 -0.0902249146560799
0.00786904430558687 0.206830853748785 0.142858240010274 -0.245098505649762
0.118334952219451 0.111021900051486 -0.0792026039731487 -0.226520676449743
0.132126754127169 0.0313317130784809 -0.148644260048511 -0.0976059780935689
0.143830911902377 -0.0338473699187213 -0.123739954566695 0.000745333870183237
0.127796901431838 -0.0651659066125681 -0.0555682021214937 0.0398355856197229
0.133509759208208 -0.0644452768146364 -0.0242923778581014 0.0570622461961995
0.143556835614015 0.0056713454384811 -0.0120621764524953 0.0769617167399129
0.138724482360637 0.069975672802499 -0.0361639445235121 0.121182762190235
0.0741081404579466 0.186750790544477 -0.106163173119088 0.110071421898839
-0.0523253669326124 0.211150474622131 -0.165274162445792 0.0241608459106058
-0.190808026082664 0.115079832797721 -0.142014694020519 -0.0224725436429192
-0.278602151245735 -0.00140961778206029 -0.0718931496312126 0.0146421708582186
-0.272277361265767 -0.0580194757629803 0.0782022767560886 -0.032720926144362
-0.273726249328545 0.0342339054056595 0.184067748075213 0.0986094138022936
-0.186652274612331 0.199236880418484 0.299819113661036 -0.0438331040970041
-0.0193848031046158 0.26078257531052 0.200936324018945 -0.21103314912965
0.137387971204317 0.148395716423356 -0.0211773487419775 -0.213675907894959
0.1559950726166 0.0410581381773728 -0.0859240807913274 -0.0990890181330548
0.16579079992059 -0.0346682059483695 -0.0682596086256394 -0.0166416740090558
0.144389110550757 -0.0741627332205294 -0.00740876302209052 0.0182571181371947
0.145083063122335 -0.0781257550867308 0.0281927045304414 0.036155816449669
0.154060921285248 -0.00706364584513761 0.042804912232889 0.0658186524459935
0.151143632238821 0.0632391770797557 0.0139365812049811 0.127562846516494
0.0858548431864065 0.193062711884775 -0.0664088465743767 0.132463518652294
-0.0550469302886151 0.220291904770831 -0.137422969176121 0.0518070715385533
-0.199940041388139 0.110493404266903 -0.109640949849392 -0.0128780868514178
-0.279182645294037 -0.0249998184339886 0.00135585617296119 0.0312890493201291
-0.2341458310181 -0.0886723036522729 0.157578685083844 0.0130995235051993
-0.273480674831172 -0.0116558407611128 0.226748116385481 0.132907338196749
-0.21754706217026 0.16866274339036 0.310445716003603 0.0124909610858958
-0.0504601930293214 0.261120656380522 0.234558484820278 -0.151021627911978
0.126750069903043 0.159092448676611 0.0386896013331499 -0.17493666713005
0.152179180162954 0.0431031316671195 -0.0163844579286685 -0.0891027817705336
0.160209112192179 -0.0309923317573676 -0.00660109616089206 -0.0326559875736067
0.138769150185915 -0.0723913842365793 0.0398855395210326 -0.00555525762091991
0.136073330513975 -0.0798460071115794 0.0770080809262136 0.0122656428570671
0.145382236709612 -0.0158817966581853 0.092895873531701 0.0518739793006892
0.144196825071242 0.0527422624348127 0.0591798148335692 0.128184821629705
0.0797899972733763 0.181066899398781 -0.0308804770294323 0.143373143680818
-0.0605394898749236 0.202666092692013 -0.110573298136136 0.0697027630185058
-0.191873700426338 0.0844602025645121 -0.0789485384905862 -0.00980594538844024
-0.244700293342798 -0.0539075942653274 0.0686684601867296 0.0462752893739518
-0.153220469622951 -0.0990771939991138 0.210820415629249 0.0553680109162636
-0.215841342557666 -0.0479163549111513 0.247099874329254 0.155214292310602
-0.194018754724011 0.111032485217381 0.290112770612006 0.0590614143332984
-0.0613179892045685 0.208347947003977 0.23824099983173 -0.0869741463506587
0.0964094990283383 0.134564449652827 0.0868331638851921 -0.126817790139354
0.12037859712677 0.0337021337409821 0.0460219406523658 -0.0734952126821543
0.126707741198502 -0.0255373983399862 0.0496064840658085 -0.0456924738524194
0.111486496701134 -0.0604222122273784 0.0806663646873858 -0.0276809063230826
0.109418733698372 -0.0683660606459151 0.118935665822068 -0.0084954278798002
0.121587118042229 -0.0199959622569111 0.134255391004541 0.0402315296580354
0.122777333553551 0.0414516134525667 0.095021919906551 0.129104761802734
0.0615802852586186 0.154437724351218 -0.00568639959265285 0.151301387626112
-0.0650702725454336 0.164676460793534 -0.0897633467577817 0.0830289190447923
-0.167632526935375 0.0464473348080699 -0.0519996889113158 -0.00713180841465519
-0.181322572036816 -0.0807584103498571 0.123636730002415 0.0629359681625667
-0.0430344764243473 -0.0880214258071908 0.229922022774684 0.0788130220878418
-0.115141089503101 -0.0638170671234496 0.244451174678824 0.152820692585676
-0.120934735507125 0.0456272431935162 0.253655856828584 0.0816184759764374
-0.0457263114419723 0.118847510522818 0.222320287606256 -0.0410818770206682
0.0557572879248032 0.0784640697289559 0.117998658914668 -0.0872085869474753
0.0698706024992266 0.0135111219039402 0.0882189196495741 -0.0625723207402133
0.0710439238024805 -0.0184045120237004 0.08880060133034 -0.0557901941786022
0.0667361400845633 -0.0403134051794024 0.107417396216108 -0.0450334514218996
0.0680681882912759 -0.0478744928753815 0.149277651924137 -0.0250501927074851
0.0845372254912891 -0.0209458130526567 0.162756495588911 0.0361060218138526
0.0901747520850188 0.0261976769404295 0.119256421409153 0.135842307797945
0.0404313303550652 0.113094029159342 0.00754307272576526 0.161923338889212
-0.0604873468643096 0.110251161381854 -0.0818421162535598 0.0958019185772
-0.124218734015435 0.00454970196109899 -0.0346693662181569 -0.00316364952325798
-0.0948864701190461 -0.0968760153926936 0.159924769985528 0.0817632451834388
-0.00846418892882336 0.0672776647165166 -0.195020486518448 -0.0740669304872673
0.058266973712192 0.0115931211659897 -0.00975572701855837 0.0247959177225257
0.0424809934358307 -0.0379154902240066 0.101639865530085 -0.100812526153392
-0.0198761556245357 -0.0458066022308338 0.00312872141262873 -0.187593425187542
-0.0356716464565303 -0.0010260740792574 -0.137989503792645 -0.163657471111667
-0.0188850810167757 0.0149131439855617 -0.209251139827539 -0.0511560162505607
-0.0154026992636387 0.00794108929424087 -0.179860182353129 0.0374788738011382
-0.0119102173684384 0.00606074326756935 -0.128941217966586 0.0664468581313089
-0.00512855158741339 0.00149420330749826 -0.111612124486371 0.0706690374529505
0.00262021745074029 -0.00253412740240928 -0.115435928209734 0.0720452621668416
0.00997293035931471 -0.0114716545053097 -0.130308936895545 0.0683705256595571
0.0306321386898853 -0.00190606845393211 -0.180466815221717 0.0153222524524394
0.0473388932167005 0.0381262408796643 -0.217352663970581 -0.0754791944135517
-0.00184287984428793 0.0697128870520532 -0.202088829240046 -0.104949234493383
-0.0585236861015903 0.072702550985865 -0.217461576928617 -0.0565491665430499
-0.110206160680342 0.0570627648844866 -0.158701253586146 -0.0877246003060531
-0.027058308406739 0.0515982918026911 0.0190608035247074 0.0235528370185819
0.00509430704488294 0.0434591825233367 0.138486098151536 -0.116902660125138
0.00293422754197391 0.0316917223823773 0.0272138753494227 -0.219794205819716
0.0189473845536491 0.0268199952108462 -0.142130908875806 -0.185597993191945
0.034253018579421 0.0148184913409965 -0.211465643179965 -0.0618504536742935
0.042891786984297 -0.0138627932291853 -0.179425345623053 0.0351078443960949
0.0423238581629627 -0.0234885967433062 -0.119252954862014 0.0679756009594687
0.0540560917280849 -0.0204086352051311 -0.0993579708059649 0.0761327723663033
0.0636818189912811 0.0116174220937418 -0.0982945748004273 0.0782920199510736
0.059720735534077 0.0369129446481159 -0.114198290052431 0.0834856093989757
0.0318917820226805 0.0877030366008324 -0.164190055163768 0.0415221035521507
-0.0131892356383429 0.108476912685951 -0.20484123794001 -0.0457502115044566
-0.0934373576158234 0.0811257970587906 -0.192006753937494 -0.0711909200370803
-0.160964090177815 0.0443840141356485 -0.192369192755723 -0.0340310718923839
-0.198854923958952 0.0303342213601289 -0.0957344635280197 -0.0876034208068848
-0.124427094694431 0.0751294295956291 0.0673394530621872 0.0350786167624691
-0.0491963252320285 0.124653685687501 0.193611145798063 -0.11876076448594
0.0180571745669809 0.12190343438127 0.0736679367589682 -0.245634010073168
0.0753347500575395 0.0641316041889854 -0.125195442980034 -0.208420989841559
0.0881829980585812 0.0195942124532401 -0.192148033607927 -0.0773243549208992
0.0978355967492611 -0.030021541698039 -0.159455805666488 0.0236988494710307
0.0903619108996266 -0.0507584979322241 -0.0928471741350183 0.0577489374901129
0.100892626964228 -0.0451376858137295 -0.0662263615311835 0.0717777157781826
0.113095721991364 0.0113590851556727 -0.0594278772580051 0.0820154025438203
0.107145836282891 0.0619801565257476 -0.0786202336469197 0.106040107602805
0.0539892542295105 0.151709768395995 -0.137583329423106 0.0802001109611008
-0.0407720162568836 0.171788917122606 -0.189113369091064 -0.00658268360508812
-0.155985545985647 0.102123398315953 -0.171020699944272 -0.0392630229156584
-0.236600179042075 0.0239380443434807 -0.140157831072102 -0.0073350909670325
-0.257323041074818 -0.00873143037743329 -0.0126694711509235 -0.0682967395622969
-0.214220398931918 0.0727978800992438 0.127235908809652 0.058862737993106
-0.116961380253666 0.185045852425288 0.252995382478613 -0.097088841960392
0.0146940040592094 0.207844567344788 0.13453506319828 -0.248114895969332
0.120938753208172 0.107026183020754 -0.0848756199378422 -0.219703384302258
0.132916141138727 0.0279553512509252 -0.149384449734246 -0.0905895289482017
0.141284272359743 -0.03910407448358 -0.120036566218936 0.0059333196015804
0.124729669634657 -0.0705278754797717 -0.0526092961061235 0.0399759277859996
0.130077190915269 -0.0681825145110127 -0.020071460900501 0.057336118512596
0.143422896559004 0.00063147793209641 -0.00833295985490141 0.0767635174306815
0.139741461854308 0.0651218035409392 -0.0295979818720679 0.122075340231227
0.0804948218820849 0.184097238458963 -0.100116393638988 0.114462632920505
-0.0460701110527073 0.211032324336681 -0.164640480532274 0.0306024393052882
-0.186848893734055 0.117840238791085 -0.142644760812443 -0.0181105479231088
-0.276117653209806 0.00583790523948861 -0.0714622826787865 0.0147802512063588
-0.270338829260939 -0.0507096820312483 0.0769172215933406 -0.0332976425505749
-0.271107209220502 0.0412767393657243 0.185370132790005 0.092445113401597
-0.180388144881402 0.20282225465408 0.296491559026624 -0.0518435939889169
-0.010268916029843 0.261087088559162 0.192675910268208 -0.216871358131393
0.140716419565475 0.142298851725667 -0.0272164350205758 -0.208047001399285
0.156532909682721 0.0365010408164328 -0.0870934237308536 -0.0947834697547534
0.162988652345836 -0.040342706930913 -0.0655566400374448 -0.0133735260264692
0.14048353667424 -0.0796295444161596 -0.00572493514845778 0.0170567992173959
0.139817482927129 -0.0816026402690277 0.0306168290659113 0.0347050508247912
0.15320421168796 -0.0125584439599137 0.0453734877103082 0.0635391247341639
0.151994897772273 0.0576057801516832 0.0202917399634609 0.126790224141841
0.0922872081714613 0.189602034104327 -0.0597861011937786 0.134683683453773
-0.0479126544183454 0.219287383023502 -0.13603198480015 0.0577250400919779
-0.194362221871631 0.113651274866974 -0.110638661368921 -0.00997482497617222
-0.277566597719701 -0.0165986444563606 0.00196305092328637 0.0299755328638057
-0.234472826168059 -0.0815391030975528 0.156946004332943 0.0106816182432761
-0.271612861490387 -0.00375218948135614 0.22791315543684 0.125575435043192
-0.210596197747991 0.173775587290592 0.308634246199514 0.00376173305711182
-0.0404775180561248 0.262021027681795 0.227538109753335 -0.158202255976526
0.131224436747793 0.153479305939363 0.032851951937439 -0.172353480221165
0.151248857641617 0.0386637224849095 -0.0178973754140859 -0.0876536438950939
0.157333163916369 -0.0368200262260988 -0.00582848964404993 -0.0314453721917417
0.134411897335581 -0.0773690342504957 0.0408289841831877 -0.00741241241640493
0.130677522605395 -0.0824669609877189 0.0776690424276343 0.00951002689664995
0.143370682923559 -0.020317859438843 0.0931090905057024 0.0476034492776274
0.144222384751723 0.0479729876077605 0.0652325568696509 0.125490695072672
0.0854770671716041 0.177052387282473 -0.0240312636317272 0.144975765459427
-0.053425072610381 0.201700257015473 -0.108557171198015 0.0742892828473229
-0.186265667686647 0.0884800641907168 -0.0799592039362094 -0.0075246782971187
-0.244613859362655 -0.0457712856040315 0.0688708488166783 0.0429385579896091
-0.154451625532417 -0.0934365884035126 0.211071736234304 0.0514894052435633
-0.215193028306717 -0.0399283621708495 0.248917819098138 0.146700641884598
-0.188289659041417 0.116172911973087 0.28976442481876 0.0505385291606586
-0.0524355808578488 0.209256495419428 0.232706179685644 -0.0952776203163803
0.0997155403942559 0.12847949859539 0.0816816668821266 -0.126184750695305
0.119188726003381 0.0298183743611466 0.0436193356231552 -0.0745355989037782
0.123495627446238 -0.02996275522359 0.0483695670308227 -0.0458456991159873
0.107262676649842 -0.0643765455101668 0.0796170951155794 -0.0302442926405493
0.104342570602203 -0.0703644434801983 0.118457812006764 -0.0130199417906477
0.11838498119176 -0.0237169688449471 0.133366412166548 0.0353707914122482
0.121925541233991 0.0365400522806013 0.099598489467842 0.125529133461603
0.0664729634090485 0.150747636612705 0.000649052000583607 0.151466460140075
-0.0587327669052411 0.163949754406095 -0.0877406872377907 0.0865843548002317
-0.163247619538546 0.0496589338986353 -0.0532477418107818 -0.00526275004070691
-0.182363146396589 -0.0738680959696327 0.123303845508899 0.058455127487296
-0.0460153971385957 -0.0854264063866303 0.230465860855292 0.0751923960123088
-0.115615489919303 -0.0585807568331047 0.246807229317862 0.144991155515169
-0.11669726473416 0.0493973068687307 0.254349395836992 0.0731871173762963
-0.0401102336401993 0.119011432067696 0.217866238424046 -0.0490735926117487
0.0578410868780726 0.0742896771105059 0.112864899274682 -0.0899240645511655
0.0670179578039676 0.0113250052924127 0.0862388551207592 -0.0654388751204312
0.0689355286417659 -0.0204347812184287 0.0861430116033163 -0.0582018824996203
0.0641223879135047 -0.0425283548122382 0.104986923872214 -0.0476464024366571
0.0636907305395919 -0.0487711473371333 0.146729051980608 -0.0295523447982112
0.0814799712997501 -0.0234931949215232 0.160794364574256 0.0297992196706393
0.0888646804635188 0.022433182286997 0.123620997654318 0.130714684749724
0.0442835260555047 0.110163782861031 0.013269431113487 0.161275999336326
-0.0556406103121415 0.110132001078857 -0.0782747143185861 0.0986966244291503
-0.121281223395544 0.00738187890307715 -0.035551679170927 -0.0021427031089052
-0.0970783168111487 -0.0913626238841342 0.160055786312217 0.075549838308363
-0.00184883397889314 0.0679787934027061 -0.202825351820518 -0.0581700880018542
0.0564811480948994 0.00408097315071077 -0.00798110629445531 0.0301754213160905
0.0349821694648486 -0.0437148382469926 0.0938633580680356 -0.106763695803318
-0.0276174364727083 -0.0423187799558263 -0.0111208758736932 -0.188520191092433
-0.0366238823422582 0.00390250201975464 -0.154682539826789 -0.149639589343054
-0.0171928271495615 0.0188767887478469 -0.212181479394106 -0.0285976219835841
-0.0142286612762655 0.010935243820663 -0.172760610500951 0.0562123533478163
-0.0104310015933838 0.0079920932144914 -0.120966869430252 0.0801410312032866
-0.00386082399541125 0.00179647738484301 -0.105053252081358 0.0842986340547928
0.00320059320013688 -0.00414076355061059 -0.109916215497164 0.0866379856169901
0.00832817257526448 -0.013641878265235 -0.124434072662197 0.0831355086886801
0.0305314090934775 -0.00776383543134038 -0.183588470626765 0.0344804560589744
0.0524134240096461 0.0280361718595078 -0.233421163476005 -0.0545609687186881
0.00707869276264666 0.0661694956962265 -0.215248283128665 -0.0925701274843344
-0.0511290122753272 0.0759820033425771 -0.220915050169814 -0.0448416296254635
-0.101814645851794 0.0710605043934433 -0.167196173426769 -0.0821936629032838
-0.0207756580365609 0.0533088824229645 0.0182652561577583 0.0212409760468631
0.0093806044755635 0.040786527726535 0.122931920085001 -0.129463031154998
0.00615919339299278 0.0298031548000921 0.00289218325567372 -0.221513590573184
0.0188472185474231 0.0244054777856637 -0.161748549116885 -0.16679834735808
0.0346674194007499 0.013455284623526 -0.2157050614512 -0.0363447283490259
0.0404235613344747 -0.0195065990494765 -0.173848937401883 0.0583662833185076
0.0396261220777469 -0.0279715861726062 -0.10980832965114 0.0798604951019333
0.0508856785352421 -0.0272792131651426 -0.0908534362726014 0.0880756118540108
0.0655336892364179 0.00221269201593405 -0.0922284953799444 0.0918188970134845
0.0626958926596449 0.0279254321973044 -0.107043530005184 0.097725544208206
0.0436148697600341 0.0810085416773656 -0.165930192203776 0.0577993310936861
0.000557204429189712 0.10635190426769 -0.215762573315015 -0.0294084302023946
-0.0853279829673081 0.0879779918000853 -0.196768326309615 -0.0564128811119273
-0.159059548783509 0.0581082418416108 -0.189153323361577 -0.0182716552127949
-0.19094154574249 0.0558459871517186 -0.102368896726431 -0.0929476437778409
-0.111753636349821 0.0872608932439078 0.0662782416316588 0.0218212912091536
-0.0321514084359549 0.126610344557753 0.170562957548809 -0.141984038071676
0.0343162669222889 0.115506809742306 0.0382269799691484 -0.252308696789517
0.0783485819304804 0.0527383090877237 -0.148967883423267 -0.18695944822171
0.0878560284678894 0.0116859443989296 -0.198287035631033 -0.0512805658629463
0.092039066209844 -0.0434301285910322 -0.156239464466414 0.0481392320799853
0.0832877190137368 -0.0591592898988095 -0.0836209322819969 0.0677160709831767
0.0936904283004542 -0.0581090165292357 -0.0576336528979042 0.0797473881266153
0.113940815598828 -0.00384516531890064 -0.0525411582787146 0.0916631241325464
0.11170311659776 0.0470318966846164 -0.0691067946243909 0.117549422979094
0.0734634159840495 0.142529079566038 -0.135821724390345 0.0934042304085211
-0.0202022523195603 0.172212244095267 -0.195187350090349 0.00717043287196588
-0.146640970522167 0.116627404241478 -0.168621998276071 -0.0241012578675534
-0.23898543267882 0.0457817020751525 -0.13055283520088 0.00955325572381304
-0.251180309935257 0.02496477931454 -0.0161298719578416 -0.0842445510695987
-0.19830109830481 0.0963250953256064 0.127740939714727 0.0346830838285328
-0.0894418930193364 0.193928907477406 0.226802067004974 -0.132002078050592
0.044297676457445 0.198681279521958 0.0918910226299627 -0.262707907635091
0.128389739014255 0.0883141032767857 -0.11299855719308 -0.198957713845783
0.132527520807586 0.0141201197115893 -0.157988325746255 -0.066859272301826
0.133715058979291 -0.059032207826306 -0.120095120969769 0.0293585070863709
0.114941908194168 -0.0825499666385804 -0.0450372851022841 0.045925521399139
0.118384660485612 -0.0834604328317226 -0.0122691526974261 0.0595767987007844
0.142473702559234 -0.0182440015259465 -0.00192066955518089 0.0813633361444522
0.143989654741238 0.0462882549479352 -0.0184886948429747 0.128762219246908
0.103738553872522 0.169898055331379 -0.0947654778837055 0.124367674782859
-0.020377069213373 0.212188770746002 -0.166581864306747 0.0407100587344812
-0.17518316490872 0.136418848368806 -0.135874279927259 -0.00501456377175632
-0.281072163385116 0.0328534851583019 -0.0568470865546269 0.0285323547174766
-0.269382664459573 -0.0150130011384779 0.0785509362328929 -0.0567409146788085
-0.255985586553641 0.0727042505170225 0.18951358024698 0.0588142971768591
-0.147457318201685 0.220102424255781 0.272868194089014 -0.0970347907765178
0.0287566402184537 0.254251823448864 0.147867601154015 -0.240013708171583
0.152552604921596 0.118844483578202 -0.0569928541846142 -0.192011250497014
0.156327904902995 0.0194516008124489 -0.097498923413921 -0.0765847834792435
0.155195010716989 -0.0642365473121973 -0.0698594140005622 0.00563644928878738
0.128754589934829 -0.0941614754769764 -0.000282228312093929 0.0176098218538131
0.12600138155983 -0.0973986167511469 0.0359869531987058 0.030991808570535
0.149284034462707 -0.0312253878974627 0.0513113121619713 0.0623246367686019
0.154092462411195 0.0381173274389219 0.0335453713671706 0.129259746790179
0.115405385539975 0.174044203917005 -0.0513149840407013 0.141070007803639
-0.0216387746588808 0.221044689855789 -0.134254615839486 0.0650036559264457
-0.182745289563129 0.133092599009656 -0.1023791039034 0.00152053142832977
-0.284908044117571 0.0111252454422262 0.0176708419610466 0.0391125993519955
-0.23741617928852 -0.0503416331800807 0.163622293266836 -0.0159347417453635
-0.262404984685056 0.029018192919932 0.238228966632085 0.0883844351793817
-0.180191700352105 0.195589161545096 0.292325493227448 -0.0447964482759581
0.00121033351403216 0.258486777834397 0.187771299667195 -0.188320785084852
0.14505585916331 0.129879833901608 0.00513677910584293 -0.163582738640376
0.1514660024323 0.0210162727292055 -0.0278392190519693 -0.0780812444783375
0.14988998909332 -0.059778431006484 -0.0133752061965564 -0.0194830964052137
0.123045564393458 -0.0911966276655984 0.042695447850533 -0.0118755663386411
0.116847425372925 -0.0966758778127941 0.0806675969912641 0.000457586738077381
0.138345374000334 -0.0376777497859384 0.0988700547370167 0.0405522314258257
0.145068023254422 0.0293541477624087 0.0787934921091092 0.122811967994069
0.106678789325928 0.16261956221944 -0.0128604711983598 0.147742442405391
-0.0291865866315342 0.204021964888829 -0.103629515395547 0.0796222261537291
-0.177185787236851 0.107385799327414 -0.0716055936531593 0.00210434138105682
-0.254455329045894 -0.0199100986922216 0.0841374598610928 0.0474143466575769
-0.161384608953415 -0.0725565415045635 0.221166830021265 0.026482957515155
-0.211133149768178 -0.0134713511444827 0.262736123478853 0.110976191749481
-0.164934493454284 0.136643859022607 0.283278821209854 0.00473618417019674
-0.0176591906391287 0.20821950381547 0.203099020657361 -0.125152716132113
0.112295865876404 0.108418985919779 0.0591221895720116 -0.125235171207823
0.118965573788833 0.0153182805614499 0.0348972029322438 -0.0729147889416793
0.117841168509367 -0.0482956647269672 0.0392177306633491 -0.0428247048172162
0.0980976991366647 -0.0752422757336374 0.0783451638759896 -0.0383398945229364
0.092114334548145 -0.0814211193919775 0.118551437110533 -0.0260485644419174
0.11290331539254 -0.0373368892669385 0.137740721415658 0.0235717590844809
0.121001772802913 0.0214697149148541 0.114338225695414 0.118798653956094
0.0838650377668054 0.138831484122119 0.0132669026667275 0.152973351216881
-0.0390797452861444 0.16756605181237 -0.0802284783044595 0.0915217062036998
-0.158002979930671 0.0659152002213966 -0.0467582414931348 0.00257587734983416
-0.1945989686541 -0.0532631621388678 0.136971106860206 0.0583087690170835
-0.05514623093525 -0.0791582053378466 0.241717405670125 0.0558722791067243
-0.115896298060092 -0.0437258113721054 0.261795531243721 0.115563598412747
-0.104008212439056 0.0614272407910915 0.255644962743357 0.0381379059435857
-0.0184183706548767 0.118279220153818 0.200420093241236 -0.0764320110517465
0.0653731461063966 0.0609615973689579 0.0969560010867467 -0.0958395329702248
0.0658748493544527 0.00230346399034077 0.0783793994008157 -0.0705151942502397
0.0648517976165173 -0.0309444383112019 0.0768782618867894 -0.0622849724566575
0.0571852537161109 -0.0486695831457238 0.1005361532047 -0.0585367064619912
0.0556492951785086 -0.0549485329700355 0.144672731310792 -0.0458063549285248
0.0754992638834296 -0.0319400966004336 0.165419096376434 0.0148166146864925
0.0864123884247721 0.0118701640496256 0.139076748662619 0.121446968163597
0.0560904009220636 0.101080150424693 0.0282660973984067 0.161524287115641
-0.0418418155929873 0.11324479154459 -0.0696927821354098 0.10454043479141
-0.119785844989832 0.0195444017329639 -0.0313681562716668 0.00518118927000368
-0.109448730406694 -0.0796094274451265 0.169905743556555 0.0699137358109098
0.00199797789011974 0.0666053801937014 -0.203360441503114 -0.0432688666536078
0.0543220865360829 0.000310058264079354 -0.00415119309986279 0.0318054030920729
0.0309114359155015 -0.0447050348708057 0.0863038236667238 -0.113350677068999
-0.0297671954943315 -0.0380782611384367 -0.0251740679775122 -0.186477587953386
-0.0338527790758628 0.00662743928499187 -0.163562320706696 -0.136233307277739
-0.0137606105969656 0.019444619745974 -0.210426641630701 -0.0100381884667258
-0.0123942183257324 0.0116613448870379 -0.165389639781417 0.0694653333383568
-0.00900644055732584 0.00805215384498546 -0.113574175831485 0.0875230627731717
-0.00268094423961831 0.00151318804183953 -0.0967914907452212 0.0910519653957558
0.00399811220346888 -0.0044600185283743 -0.100564345794285 0.0940925872671927
0.00729406048196769 -0.0134225793369315 -0.1165680759996 0.0897787056997868
0.0297191810936767 -0.00800201704150718 -0.179808135072222 0.0467420809667751
0.0520626193324593 0.0235173476048729 -0.235094619646479 -0.0351616033175196
0.00910919648280422 0.0646345797242882 -0.219086622590961 -0.0780997338314614
-0.045158453882759 0.0778152709100654 -0.223153222694478 -0.0320332541697016
-0.0962933543705465 0.0765647768024116 -0.169688222159395 -0.0694215564344672
-0.0188519206858036 0.0534625797957155 0.0199692068767912 0.0204298835000825
0.0114768096530594 0.0404803386899996 0.112780062520443 -0.137359122513638
0.00952978387827355 0.0316125135132272 -0.0131677135561119 -0.220224487506102
0.0220928647830914 0.0231941724448617 -0.171069356583139 -0.151645158771252
0.0373745632894996 0.0100909301217105 -0.213957479945155 -0.0183403562472143
0.0390429349429995 -0.0225451915676497 -0.164703289783631 0.070756697610361
0.037538262244678 -0.0314304374570744 -0.102231297875449 0.0865683124872692
0.0490334082225797 -0.0318570082120105 -0.0816836325605513 0.0938598441745859
0.0660203932865337 -0.00293636032961713 -0.0825566406395081 0.0980789936263192
0.064474843160407 0.0236501030967169 -0.0975189821022405 0.103735522830009
0.0496687511860793 0.0788151652544693 -0.159512466095341 0.0689726685582829
0.00644445893545876 0.104238342927613 -0.216715669052976 -0.011258449791639
-0.0810415207970809 0.0920519057479035 -0.198700012432358 -0.0428470638486396
-0.153437577532285 0.0675372670077432 -0.189453201562594 -0.00728423527251639
-0.184546054242525 0.0672655694703001 -0.106815101215948 -0.0844791088279539
-0.10551335299847 0.0943024668627737 0.066547054614881 0.0176618110152761
-0.0238583684649749 0.128505055456102 0.158888730168182 -0.153014734563787
0.0432718606422508 0.113848275971148 0.0200208789740443 -0.253120643219249
0.0825834900807387 0.0476183245487322 -0.159164739855959 -0.172607582628672
0.0898499599012252 0.00440164636221046 -0.198093422437202 -0.0345649442834593
0.0881799205392224 -0.0504726561914444 -0.148064893047453 0.0595366478918528
0.0780660726107038 -0.0661805226245371 -0.0769816768159519 0.071996624224684
0.0889120091945957 -0.064328939150232 -0.0490440017190583 0.0827090413883135
0.113479202533568 -0.0130016974998607 -0.0433719468898907 0.0951111372401151
0.11454629645579 0.038521466393938 -0.0579803798063513 0.120960098060527
0.0843330863330787 0.136750818693965 -0.126382623695243 0.102364880649725
-0.00861546647721723 0.17132747627111 -0.1936639307452 0.022991443371991
-0.138567537367311 0.12408703145038 -0.168815153711921 -0.0128454857580881
-0.232855678289183 0.0607071511159786 -0.129696176338409 0.0158193863640595
-0.246982551502738 0.0410129526381897 -0.0211223167285291 -0.0810330475405518
-0.190061139037169 0.108189655386344 0.128200175326492 0.026378812550701
-0.0752030153945631 0.199223722521029 0.21494608907912 -0.146935170678133
0.0595296973171966 0.195104256272451 0.0712835500597844 -0.266598662436161
0.133612398450861 0.0783358271511415 -0.124225217443565 -0.186864236819233
0.13354715586544 0.00406464747506441 -0.159528939012391 -0.0537440911878507
0.127593934669557 -0.0690486835414059 -0.113479840827753 0.0379297020379592
0.106724170696607 -0.0918030780667018 -0.0405118695174233 0.0469494897198436
0.111414152919469 -0.091428315791254 -0.00608926863071859 0.0584770570946353
0.14027173828811 -0.028812483320365 0.00610801399553036 0.0809022443588587
0.145959378822433 0.0359772536420026 -0.00589254306818157 0.128543887107412
0.116692958398716 0.16218115669013 -0.0828522523024493 0.130073439856579
-0.00582633829387259 0.211803363282267 -0.162938414088101 0.0545570953586213
-0.164773363158675 0.145927230349497 -0.135677240689729 0.00399182794614411
-0.27578991464709 0.0521716841050371 -0.0556705606906909 0.0302790265344033
-0.267431012639882 0.00265643401710824 0.0740394434115552 -0.0597233560149344
-0.248935189252881 0.0892146034316287 0.191052639407813 0.0459904356195828
-0.130683577119721 0.228714345838625 0.26310892807108 -0.115309891414357
0.0489269003564466 0.250094572860624 0.127568942746782 -0.248187292611163
0.159207128346146 0.106995564871247 -0.0686815997805226 -0.183322563892575
0.156705616976759 0.00750936409019089 -0.100807833557011 -0.068545600920873
0.147663544999173 -0.0757721636205179 -0.0654908068566519 0.0104809288050685
0.119504590676499 -0.10374771673957 0.00137556838420901 0.0160906074486908
0.117252416094344 -0.105335262930921 0.0393084390540853 0.0265875692723962
0.145421638853936 -0.0423038037345824 0.0562317428126496 0.0576012028470953
0.154853159572934 0.0271314902244032 0.0455696880328876 0.124728254390589
0.128559457358535 0.163809089524141 -0.0381175313574063 0.144068948213367
-0.00565645809031125 0.219678904563315 -0.128648232774717 0.0762520312443057
-0.171751211690546 0.142984675144141 -0.102271193158567 0.00883601143341511
-0.281185451552049 0.031975945440091 0.0195669096261999 0.0364074470899567
-0.238611863545736 -0.0339079549017524 0.160769407886511 -0.0247999718357539
-0.257393141051892 0.0472987606413331 0.240921441829401 0.071249322112097
-0.164823098625905 0.206508915762723 0.28602820049619 -0.0647507186374817
0.0216960470994334 0.255896122956476 0.17050739631186 -0.199620595529711
0.1523853358831 0.116637564892702 -0.00553726027226876 -0.159602632662087
0.151515847558023 0.0104757792753582 -0.032478734677943 -0.0750607881772652
0.142373841782717 -0.0707636353090656 -0.0119917589000433 -0.0184844326762066
0.113640289009283 -0.100399468464716 0.0417604171614426 -0.0154740541503701
0.107643361740392 -0.103913238580855 0.0805244051430303 -0.00665628682053259
0.133418892883423 -0.0479564810211997 0.10079887874004 0.0330555629288259
0.144434486029259 0.0190790807144929 0.0895272197320895 0.115452096189484
0.118557056585361 0.152884946496507 -0.000333641931415549 0.147823642363714
-0.0137059832202602 0.203282386579676 -0.097274237474478 0.0884292477776515
-0.167779325258799 0.117151583652349 -0.0718532699886199 0.00755009577529957
-0.253173211005875 -0.000607911728386468 0.0857464335542956 0.040206125532296
-0.165501007879585 -0.0600280757873809 0.221254021580552 0.0137995598867976
-0.210017379693772 0.00187020846086124 0.267306001034728 0.0918988961011624
-0.152337629818423 0.147193440665109 0.280347703530596 -0.0146644397465417
-0.000403472170648695 0.207235342053761 0.19008463013346 -0.138937885605691
0.118234077163713 0.0982748305492397 0.0499070027781295 -0.125804975434733
0.118117128080154 0.00687565376345985 0.0294932532496136 -0.0752762283334633
0.111638457545911 -0.0569225461910238 0.0372686676972416 -0.0450345150448215
0.0903605563783258 -0.082701594479443 0.0747823582004589 -0.0439772805999582
0.0844273038991787 -0.0863145208268114 0.115603096677589 -0.0350015000044926
0.107841173391772 -0.0454746974874919 0.137063178912524 0.013059475907333
0.119859903378288 0.0127519721593288 0.123228059011833 0.109249566688121
0.0940972808966062 0.130830567028971 0.0261504354355512 0.15044142483883
-0.025589069361865 0.167491132782785 -0.0736738330987759 0.0977822073558012
-0.150370207723473 0.0753241220090009 -0.0472071403329014 0.00623259803940621
-0.195746625346747 -0.0373674176718348 0.13824114567033 0.0468390087481191
-0.0610788636172165 -0.0731179163488711 0.243804793899824 0.0422123220865099
-0.117818627552935 -0.0342782776981596 0.267246945737195 0.0969674653802802
-0.0966073360053352 0.0681319478833211 0.255039738145788 0.0200120220843418
-0.00837186053168943 0.116985659924004 0.190288077923289 -0.0902303975799887
0.067771593619782 0.0534024354152844 0.088693017452272 -0.100356770815471
0.063861205689071 -0.00180766063245322 0.0722218644101326 -0.076010851121961
0.0607140005901512 -0.0349927558721742 0.0714116769340081 -0.0668183315308568
0.0521690668144786 -0.0527240595391522 0.0953212626270724 -0.0644981460030493
0.0495352042388069 -0.0573814800954923 0.139211478505145 -0.0560268575761291
0.0712272740666082 -0.0372382604185778 0.163521703582729 0.0028473163168787
0.0847447671047768 0.00507598906952797 0.147322643546263 0.10929475352779
0.0633611631500604 0.0950429615136325 0.040407715141678 0.158198660396123
-0.0323775434538846 0.11391564183975 -0.0614997912532707 0.109538557117421
-0.11590093257879 0.0273685785750488 -0.0319582681647219 0.00710228279515504
-0.113616238674884 -0.0685840011202767 0.172249666814089 0.056454156536579
0.00582236038115669 0.0637916365068082 -0.197701115327306 -0.0276110284104113
0.0501894618154481 -0.00304411144002789 -0.000783044349146269 0.0320796391008151
0.0258228087027236 -0.0439651463075457 0.0757924125074847 -0.117120640602542
-0.0305788960439132 -0.032683871966054 -0.0382586179701119 -0.178541824878731
-0.0299868781208285 0.00885546331752205 -0.167083561629429 -0.11787490503153
-0.0101807061463139 0.0192453490193575 -0.201552773780587 0.00726200923985046
-0.0103976185221642 0.0117333447807727 -0.153149780930751 0.0793827241792509
-0.00709557568425187 0.0080117314665132 -0.102405938697346 0.0926691030428538
-0.0019421423744603 0.000986329034609859 -0.0852863914880979 0.0948544402689141
0.00426418122225414 -0.00457353284871284 -0.0885484083294105 0.098068751073772
0.00638310487845333 -0.0124964753534208 -0.105348362988752 0.0938329774468923
0.0283965216795769 -0.00893548880225005 -0.169426828286246 0.0583221378741307
0.0497296796409663 0.0182736963653199 -0.228397572061068 -0.0152751473357582
0.0111106487196969 0.0612543555680239 -0.215776492082659 -0.0620221565246489
-0.0377470445864584 0.0769365126332092 -0.218938937704724 -0.0174347273630141
-0.0880024924973917 0.0795985910071886 -0.167334774914732 -0.0550077482381327
-0.0163504507194974 0.0532986246616593 0.0217428261457504 0.0197842847806883
0.0134639471422841 0.0394686611256192 0.0991431889138328 -0.141558466915891
0.0125664757226742 0.0311090435590055 -0.0289730502145423 -0.211371841923178
0.0248139523783853 0.0211159711226555 -0.174498387307793 -0.133180016278725
0.0382712438264785 0.00624620828672317 -0.20509467632675 -0.000482176394120243
0.0359062905238707 -0.0249782970625306 -0.151211014420838 0.0799493110136592
0.0339574576117748 -0.0338851855686224 -0.0918695362018749 0.090022835002012
0.0457218601991262 -0.0348650476658755 -0.0702023226104789 0.0958771548394404
0.0640416134903325 -0.00828728524143307 -0.0699236301734653 0.100450374238702
0.0641478143733372 0.0184877185683227 -0.0851195057188502 0.105988440356689
0.054514939894204 0.0735106476713354 -0.148529115821678 0.0780344472246717
0.0124751045692199 0.0995357818002647 -0.209603503525302 0.00669179475701412
-0.0738792833690749 0.0938113383002458 -0.194816385908902 -0.0287974868631775
-0.142402948748941 0.0753363368731891 -0.184391870551148 0.00397755893835301
-0.173086950488958 0.0771122691043044 -0.10749313143872 -0.073671883105507
-0.0964213070829662 0.097218690225336 0.0655234123107825 0.0134819742955152
-0.014070085127953 0.126368399144101 0.142896249504787 -0.159493982221093
0.0518856076153587 0.1076507296148 6.28605172005092E-05 -0.245045270409258
0.0835539811557285 0.0404189246188013 -0.163626604064191 -0.153334967620033
0.0883888877026669 -0.00267436430500555 -0.191243204612094 -0.0180037502025848
0.0809518509209163 -0.0555921784900212 -0.13493979921109 0.0674783203190088
0.0693615426165252 -0.0706529092920739 -0.0682095334977807 0.0741906255365017
0.0807426012240014 -0.0690499751385635 -0.0393471615881913 0.082429056799399
0.109193682360731 -0.0215406564142965 -0.0327238250890639 0.0947057229176312
0.113153017240715 0.0293036196798968 -0.0447416944404975 0.120119902746344
0.0931352982535802 0.126313514625062 -0.113479244096495 0.108027937763561
0.00327576582760236 0.166088541482699 -0.185531804602436 0.0387597195584877
-0.126498926469958 0.129094466996375 -0.164859361005405 -0.000749673228847495
-0.219747264732328 0.0749174041714587 -0.124846497472206 0.0221848495270577
-0.235224531867157 0.0554451871765511 -0.0253045253213875 -0.0753143529716222
-0.177098248813718 0.116863346716929 0.124903572651305 0.0174468547833769
-0.0586751040117167 0.19748579741173 0.19695179317288 -0.157434646077683
0.0735080725313963 0.184403340012756 0.0478458799140383 -0.262061567904564
0.134623806403751 0.0659904407664034 -0.130517131514127 -0.169009507886552
0.130120265565143 -0.006364611779228 -0.156055909341137 -0.0391459823895668
0.116796405890333 -0.0763711199728943 -0.103042406823407 0.0442777331332388
0.0946406699137564 -0.0977278179900571 -0.0352312109248036 0.0473766530516404
0.099914799468322 -0.0960736426427367 0.000399452975717259 0.0558447601683274
0.132851248367777 -0.0394033983381615 0.0133628736593843 0.0772010395316633
0.143561625633277 0.0238842283204404 0.00613156807211868 0.123746456082015
0.12587164989934 0.147409443214417 -0.0691575672957588 0.131551794523583
0.00885768407828848 0.203881137453156 -0.152918799684615 0.0674580301415662
-0.149950488177561 0.151573664503875 -0.131162235700775 0.0142236863411746
-0.261079968327354 0.0696599185141329 -0.0525940905202896 0.0310737151112717
-0.257302102003567 0.0205174850785438 0.0678244874489855 -0.0608824964287059
-0.234515156556451 0.102628522791003 0.186418604994198 0.0317899789269806
-0.109024078132176 0.229646594796674 0.245254589627011 -0.12971631197177
0.0669221603804549 0.23746076061363 0.103225746986151 -0.248030554740015
0.160898249841236 0.0909472387069741 -0.0775584015351091 -0.170305436020455
0.15210746829574 -0.00433444098305526 -0.100855641866259 -0.0583817896432219
0.135125452525057 -0.0847052346608369 -0.0594582461303411 0.0140424171854263
0.105479251367179 -0.110272526690536 0.00273741355188587 0.0146717656518769
0.104477761867014 -0.109849483172403 0.0407615202693264 0.0218849318378648
0.136195271053195 -0.0518468334675222 0.0594411410442903 0.0510265707234527
0.151124693335041 0.0145388777087245 0.0556236158542033 0.116036351686881
0.137129528607614 0.148677896885649 -0.0241621034171477 0.141853378049747
0.01109974803354 0.211531934178023 -0.118575755596912 0.0851298779754194
-0.155991118527335 0.149289350216596 -0.0989220070637032 0.0168464426623683
-0.267617232702072 0.0520633506295766 0.0201283246427508 0.0319368894907618
-0.232713963962571 -0.0163265722897345 0.15393890552561 -0.0323546265697341
-0.244940732893506 0.0633230732702205 0.235686531022562 0.0525878818533588
-0.142330675065113 0.2108521101169 0.270777069594477 -0.0829805688988461
0.0419272554731631 0.244433175543614 0.147189341611946 -0.204337867684804
0.154173468590736 0.100922426422806 -0.0157245596405266 -0.151195487284462
0.14689395657979 -0.00169323023454342 -0.0363348293316753 -0.069991846083008
0.130369927343121 -0.0793550062441412 -0.0108022493031756 -0.0173130999229036
0.100555805243205 -0.105818816916558 0.0389391558780796 -0.0188266269429731
0.0949976051250139 -0.107335519316742 0.077279450177528 -0.013228221165353
0.124081637165711 -0.0560065502885447 0.0997918763537374 0.0240294564327723
0.140194915484231 0.00785029167076265 0.0968926254552874 0.103827948782289
0.127103541928638 0.137777230957538 0.0126334712818524 0.142333453098337
0.00197856806768171 0.19580320859229 -0.0874840608478743 0.094791125125231
-0.152916115320833 0.123496960380609 -0.0697331620872528 0.013198273617674
-0.242415424917447 0.0194369473388553 0.0842019604559014 0.0311698007845297
-0.164275709518843 -0.0464510797400535 0.214882357215529 0.000480765198015538
-0.202066357085198 0.0174339961483799 0.263381916756312 0.070571231784467
-0.135479812523066 0.152440730387608 0.268560016371921 -0.0330121819804893
0.0164737259415293 0.19829375773836 0.170763712471911 -0.147116515501886
0.119509746972534 0.0851357551055032 0.0398348067824986 -0.122891364997958
0.113869108313605 -0.00173744118523955 0.0228692105568057 -0.0747238534790718
0.101929828558849 -0.0631163319737048 0.0337050028564069 -0.0459614703124031
0.0789314856752209 -0.0870535112692137 0.0692732385090737 -0.0478544134801071
0.074131999959447 -0.0889078307714878 0.108025406120188 -0.0433282069517047
0.0990660908944093 -0.0516727808495448 0.133190763919711 0.00255745453870618
0.115575424095623 0.00395690473354063 0.128471923176901 0.0946602244108722
0.10123180767999 0.117666962993058 0.0374690191777024 0.143055622415566
-0.0117608951120915 0.161449247225322 -0.0638178218308955 0.101443149272988
-0.139592123807697 0.0819583586584508 -0.0457082925107934 0.0103340110193243
-0.190366831181286 -0.0198985761067524 0.135321730859824 0.0341288340617839
-0.065165414438421 -0.0651859874475928 0.239506705617007 0.0263681129780644
-0.115438313070382 -0.0237204627479015 0.263471575136632 0.0755009854258253
-0.087333507686969 0.0718927153142233 0.24650570793481 0.00173484232848495
0.00197492071274251 0.11241923596295 0.174458551706476 -0.0999387380262399
0.0672735620203661 0.0453167770028291 0.078165411314311 -0.10164982186074
0.0601273879631891 -0.00628326237926119 0.0634216797891376 -0.0793441738952373
0.0542528273141481 -0.0379967249807722 0.0642027222489502 -0.0691721475221151
0.0452375557537958 -0.0545823545048912 0.0869133935951128 -0.0690767059822158
0.0432560454688317 -0.0579341474035271 0.129132332805981 -0.0648783070524042
0.0642123674188161 -0.0413808350918302 0.156332210244388 -0.00934526051621569
0.0809597132967173 -0.00157823807121839 0.150980676247011 0.0936857134802245
0.0686630358528642 0.0857000615727062 0.0513313299081917 0.149209505658104
-0.0218411529363851 0.110218953351929 -0.0518261388774522 0.111492362540547
-0.109064286287484 0.0336632313813622 -0.0314391033192961 0.00939481325182758
-0.113315463995714 -0.055795813256667 0.168378720178283 0.0409543896604729
0.00792976098753129 0.0595888936126533 -0.187300737228044 -0.0170479939304854
0.0458158257011594 -0.00436311286962998 0.00257248750186951 0.0306308908228902
0.0218570028470482 -0.0416666133982699 0.065354484665942 -0.115887703645714
-0.0295062201987473 -0.0279182456031285 -0.0456413019099419 -0.16730233965327
-0.0261918871120382 0.00929150670981896 -0.163289532867111 -0.102718967702832
-0.00715952635929767 0.0176240053046603 -0.187745354094252 0.0175664029109588
-0.00882824009439855 0.0113831795281101 -0.138849852189278 0.0831919500334717
-0.00618269168219771 0.00687569476046116 -0.0919182066273244 0.0925813752399465
-0.000726836307257567 0.000578447500887506 -0.0748936890326256 0.0936143052029704
0.00404325252976164 -0.00497545381268346 -0.077575462642956 0.0969423537478713
0.00507445379832958 -0.0113619179557062 -0.0940681801133813 0.0933918604541131
0.0264989883240097 -0.00901230698208797 -0.157608403008658 0.063228624083112
0.046241291026696 0.0145613956757541 -0.215272917347525 -0.00147243936457859
0.0115734154234753 0.0578021590804619 -0.206580717575016 -0.0503441147014431
-0.0316925526268933 0.0730570035160465 -0.210136778298554 -0.00837474927811589
-0.0797172537109981 0.0790202676344131 -0.159722261165805 -0.0438640225925477
-0.0143011684839629 0.0513591132897177 0.0231963512160938 0.0181280275152738
0.0148168244835356 0.0375855902490186 0.0869748022719887 -0.140640498730735
0.0148821120070754 0.0301103669189189 -0.0388623956836647 -0.199330885709469
0.0258185535163817 0.0184858941844008 -0.16994759972831 -0.116651953369526
0.0381129411440025 0.00320309779536068 -0.191321195429418 0.0106380169970036
0.032731225666445 -0.0256331145595464 -0.136489930619845 0.082879972188716
0.0297359762055803 -0.0345615959939574 -0.081670930959839 0.0890746585515768
0.0417775488575024 -0.0360512272904162 -0.0597512429453708 0.0935784373828807
0.0611989650027192 -0.0115346371264427 -0.0594683457068417 0.0981769849131547
0.0617418607797497 0.014893454304144 -0.0737449514782368 0.103488001616106
0.0561535595533422 0.0677842281454547 -0.136587737258156 0.0808260123803481
0.0147526781491826 0.0936162393542584 -0.197054550368435 0.0189710134214767
-0.0668934955144143 0.092659256546961 -0.185064918574668 -0.0191291491042923
-0.130545636921186 0.0771740604768428 -0.175872461368116 0.00991527507340037
-0.160607234156326 0.0803096892380875 -0.104465968534782 -0.0640107086908281
-0.0877515711783249 0.0961561815507772 0.0634672080206314 0.0106210335260179
-0.0078664648212301 0.120868519420047 0.127733341529021 -0.158855054273315
0.0555078320429963 0.100448476210522 -0.0123249402270931 -0.232173512619549
0.0824180908766364 0.0342356366365056 -0.160486440216897 -0.136699415184518
0.0846025395081727 -0.00772085633700751 -0.180066381897196 -0.00647492098844707
0.0734150453363119 -0.0571695956016164 -0.121356270863714 0.0693705882840594
0.061343232189142 -0.0716614314242148 -0.0600736067379491 0.0723104389167568
0.0728253989270889 -0.0704036690636543 -0.0313744510741222 0.0785921494607896
0.10239301672751 -0.0265472315850549 -0.0244383146697775 0.0907323569040888
0.108956795481146 0.0224858009666426 -0.0346495782697757 0.114544200349356
0.0957215419286624 0.11506950478229 -0.101615051698682 0.107788222918633
0.00961529872441301 0.156168558241393 -0.172470531493105 0.0481021179750916
-0.115001736672971 0.127884333474054 -0.15606031643815 0.00595919334082826
-0.203155859035556 0.0814935444166574 -0.118207420162816 0.0250322142407817
-0.220177798147917 0.0629155463104566 -0.0267499483195764 -0.0693723333295241
-0.162698520113418 0.118452038853613 0.11879627859546 0.0113640382977115
-0.0457844562746011 0.189856097360334 0.178621829664053 -0.159022217965907
0.0803488242737217 0.170491056807667 0.0315688374862875 -0.249920431610084
0.130863582169543 0.0560233666929179 -0.129811441625162 -0.152992897850791
0.123906413656569 -0.013482378877585 -0.147912643804561 -0.0290866596779287
0.105225940952678 -0.078590524948696 -0.0921223636540022 0.0454337849574977
0.0834261329642873 -0.0981162635419114 -0.0301647248857947 0.045412216726006
0.0896742838687303 -0.096623204900602 0.00400431606914117 0.0514531559658333
0.123802291473895 -0.0441336180984309 0.0181869713108673 0.0717886364092778
0.137061268841942 0.0155580325410799 0.0143919327192517 0.115446623213399
0.128792243642572 0.133087293502097 -0.0579619637963593 0.127928157405253
0.018165924182986 0.191984381976355 -0.141057035397696 0.0739233101601428
-0.135333872463931 0.149977875859101 -0.124187236938681 0.0193787456732893
-0.243050382357346 0.0790942821089813 -0.0491386634770937 0.0304970244178161
-0.243009089599228 0.0307819036928206 0.0616729024711971 -0.0590868834418119
-0.217806190015397 0.107982455680613 0.177203936252386 0.0223853688370257
-0.0923795397711233 0.222340406637135 0.225475428470866 -0.134921329601939
0.077012769274625 0.220939366519965 0.0843564298090706 -0.239006360070479
0.156181995201894 0.0781171217356854 -0.0793418254164771 -0.156235650874772
0.14415397961845 -0.0120753846604349 -0.0977403655303979 -0.0501355540976327
0.122463713314755 -0.0870044671409463 -0.0526453448055666 0.0147276948553279
0.0921276878269611 -0.11016793499104 0.00396516525163844 0.0130859235562188
0.0925546182919539 -0.109237887513493 0.0402181467424655 0.0174475408363402
0.125727448497665 -0.0567135017660499 0.0601612889670282 0.044920348290986
0.143558659588 0.00657796225091768 0.0602579163674624 0.10563717795784
0.138922161282255 0.132864832062086 -0.0143218320149165 0.134974525654581
0.0206184800991425 0.198743960373855 -0.107763625393482 0.0891019199149476
-0.140809533900794 0.147792929879278 -0.093474654626516 0.0210691926040374
-0.24991215363424 0.062496048485095 0.0192148611171498 0.0281327158341069
-0.221088377831288 -0.00401363601075532 0.144797463061056 -0.0358710700825981
-0.229310126898026 0.0717888145068146 0.225229502059638 0.0391991978891889
-0.124176234077454 0.207112516600784 0.251886921536126 -0.091714646905022
0.0534259430746419 0.228498436449073 0.127636366281949 -0.199699371294719
0.149811656538886 0.0875579323662012 -0.0207330853963066 -0.14135434635895
0.138480354233265 -0.00921089542147408 -0.0379368707444672 -0.0641574672456562
0.117600793747039 -0.0816709036736658 -0.00883300400613603 -0.016891622195578
0.0873861338225659 -0.106152154473172 0.0361544228448501 -0.0200007203547178
0.0835029451309347 -0.105656947084012 0.0727348871419643 -0.0171936096772266
0.113493250119405 -0.0596223584257315 0.0959832339941713 0.0173520771771247
0.132233758557411 0.000718389499724549 0.0986921690569434 0.0917359079337529
0.127898036053777 0.122966777920215 0.0201439770940112 0.133931174246181
0.0119480588446123 0.184359603101504 -0.0778330029137744 0.0958949447516211
-0.138770557073976 0.123235798019489 -0.0664725987839626 0.016597249105333
-0.22686079208678 0.0312676312249942 0.0797385915521337 0.0245926238178625
-0.158574464458051 -0.0345774201466826 0.204885742732311 -0.00727387645341577
-0.190606171914764 0.0267007855091358 0.251959236033099 0.0558274905824158
-0.119765650288668 0.150490381926617 0.252227725589565 -0.0445753429295174
0.0263460636383862 0.18552640841235 0.15186982950809 -0.146068933910669
0.116113223952576 0.0735398117649806 0.0322070608251724 -0.117153637392681
0.106771534790343 -0.00730252029304372 0.0173797212882848 -0.0722548743791863
0.0912798489125279 -0.0643589727357089 0.030844692957723 -0.0456322905161544
0.067984207616668 -0.0866901513945767 0.0631375553477259 -0.0492097327754751
0.064550565661998 -0.0871360797175397 0.0995771778609931 -0.0466893876319538
0.0903825432885291 -0.0536333562423379 0.124990474573922 -0.0045928630576074
0.10885295663012 -0.00241262770938499 0.127615016830242 0.0821841914117145
0.10289202368251 0.104628462922327 0.0430227190211884 0.133598570120442
-0.0026989080905533 0.151958665072304 -0.0554901251357744 0.100555212370308
-0.127010847978157 0.0835979917349761 -0.0437964024808057 0.0125694267651143
-0.17916147123133 -0.00780600917779587 0.128109920762058 0.0250786086861792
-0.0655582021552854 -0.0565690458101329 0.22936606054834 0.0163923485575983
-0.110264237542475 -0.0156774147163076 0.252664379775881 0.0597329731725922
-0.0783830168177502 0.0717784601373251 0.233586092029624 -0.0100103844012041
0.00801897056817775 0.104440077673067 0.157701245519108 -0.102127382247879
0.063831964354002 0.038418707712269 0.0686298921388491 -0.0987515410474592
0.0555909967649145 -0.008224844015037 0.0556615400258745 -0.0784588139479147
0.0486908716973025 -0.0383350338277982 0.0576046374398452 -0.0683651297853738
0.0387595840758826 -0.0540786697476886 0.0790382695664099 -0.0695026681100498
0.0369716765014392 -0.0563689065131388 0.117583954513557 -0.0671474745098652
0.0575288018232967 -0.0420486651187328 0.14588614475997 -0.0162095090319218
0.0753120476223757 -0.00521742496209368 0.148126104071699 0.0802182083961144
0.0697323082023668 0.0758786661148848 0.0566466373630444 0.138838941772599
-0.0145319000857286 0.103919949263934 -0.0436041482352423 0.108985605988765
-0.100243140691198 0.0363713756408846 -0.0305002992871449 0.0109164700375034
-0.108367202219487 -0.0452830711537712 0.159760430763246 0.0303246222149329
0.00811984181513126 0.0568139246260326 -0.177887959617691 -0.012644284556577
0.042143530952358 -0.00377551938661539 0.00508506441598578 0.0287705472934801
0.0198047034839885 -0.0388529956875445 0.0593803498152748 -0.113704914261395
-0.0274083669810937 -0.0254581064874296 -0.0482239323508232 -0.158992108675051
-0.0233781250719122 0.00908385411154508 -0.15728404665471 -0.0937403994695957
-0.0053172239819948 0.0161766021749283 -0.176830579425233 0.0219057576614622
-0.00738154882184914 0.0109783243108634 -0.129168704130151 0.0825392621909283
-0.00518189194862339 0.00658161759474641 -0.0856202556045947 0.0898657972769166
-6.35869231364623E-05 -0.00022968252015705 -0.0682234182844195 0.0906929278741532
0.0045312115802597 -0.00480998270294853 -0.0707429615573376 0.0933278544052334
0.0049439892538407 -0.0104397719314129 -0.0878197634016181 0.0900888926320699
0.0253848114030051 -0.00830343292292261 -0.148718976398137 0.0640174779881675
0.0427016122820142 0.0127958404815035 -0.203862900254322 0.00396140123093392
0.0109733955430126 0.0553241238906822 -0.197986061007781 -0.0452881320157511
-0.0287347112549669 0.0692095070213551 -0.202126969638289 -0.00639294195847069
-0.0747045779425888 0.0769268707938792 -0.152340852391327 -0.0391265588985363
-0.0134065359917684 0.0496141949325711 0.0231628421462976 0.0169100696075429
0.014388123642608 0.0364236937648538 0.079626541152058 -0.137260906352851
0.0164402576205549 0.0293630505181774 -0.0418019954652582 -0.189308899305035
0.0267279223653202 0.0169652917244419 -0.162936104829815 -0.107579479958423
0.037956763116888 0.00102611439930594 -0.180477437356953 0.014652730561585
0.0306364260718967 -0.0253552150556662 -0.126687502320808 0.081042528561051
0.0273508088996798 -0.0345710434883456 -0.0756536488132634 0.0856905077706483
0.0394248966841367 -0.0358999649574839 -0.053951475371596 0.0896302629092856
0.0584303375254514 -0.0130690854975135 -0.0529518856157091 0.0944143806218165
0.0594721907246152 0.0134477705602017 -0.0677373195210096 0.0995211456423679
0.0556419105778248 0.0635237330815969 -0.127773056110276 0.0805269772542148
0.0145947226330999 0.0889975723181085 -0.186472758876898 0.0236075910832346
-0.063702428239791 0.0899895652336614 -0.177296162023789 -0.016200157246788
-0.122757610380636 0.0751129472973026 -0.168759058783012 0.0105994015383078
-0.151746829020738 0.0793340482857464 -0.0997631177441134 -0.0586495303013783
-0.0833336270163289 0.0931924392197306 0.0612993980069757 0.00930476231861087
-0.00453671590032069 0.115904158803687 0.117770064220631 -0.155277115158592
0.0567496775269334 0.0949372696544977 -0.0173320202411366 -0.220477138602528
0.0804871453044049 0.0309689427139977 -0.154360501059224 -0.127483662375483
0.0815593809102711 -0.0104571343467334 -0.169730354598955 -0.00248129887267719
0.06818683810838 -0.0560640511910156 -0.111958739843202 0.0673703842790019
0.0557141769861626 -0.0705629160355715 -0.0555983142351564 0.0692685728411274
0.0674105861516429 -0.0688809674293335 -0.0266368264700474 0.0744842991393372
0.0972317323091207 -0.0282377864100351 -0.0194870098889453 0.086353351279055
0.104540771215861 0.0190332303940474 -0.029153924590268 0.109447991535133
0.0952642908734686 0.107631366093609 -0.0938090102313058 0.1055828450345
0.0115654896177488 0.148701681208402 -0.162567840733851 0.0514296354497658
-0.108480156839841 0.124122468516287 -0.149463293118347 0.00827540986206653
-0.191603800371274 0.0808499823324601 -0.113872811433906 0.0244052273286216
-0.208520031197314 0.0634278973142248 -0.0261640450904254 -0.064502404359781
-0.153760600973912 0.115637823883262 0.113463905858212 0.00952220439758894
-0.0396834242083068 0.182425987983287 0.166082899574486 -0.156097509948642
0.0817029268713442 0.161404945568588 0.02384098648774 -0.238690903633331
0.126534673763696 0.0508458583230332 -0.125530004266983 -0.143127004345909
0.118378227647511 -0.0160635795031852 -0.140422179187818 -0.0241438728389437
0.0981966323899037 -0.0773194872811679 -0.0846602781382131 0.0437552134440662
0.0754701787823555 -0.0962869170861743 -0.0279034286013846 0.0431861656498801
0.0826879060640326 -0.0944231728191801 0.00620314957452715 0.0471931192156089
0.116768704227971 -0.0451190058383361 0.0203772101677069 0.0671333228381251
0.131425187442018 0.0117132946367122 0.0176707759322793 0.108754516883267
0.126887221497126 0.123718227308814 -0.050609528244917 0.123354494856271
0.0211660665611597 0.182409646612417 -0.132320422148383 0.0754365538665075
-0.126685774142751 0.145054757520422 -0.118715640572377 0.0208167305625509
-0.228763382419636 0.0797904795280247 -0.0478525108921231 0.0285084567964718
-0.231206318948326 0.0343895589434876 0.0588707862166733 -0.0558637668608301
-0.205999802939768 0.106570311012846 0.168871787215371 0.0187992167882106
-0.0824127505413456 0.214628508863723 0.211441241214978 -0.134051278600064
0.0796093632700448 0.208722354776054 0.0739815908662891 -0.229386796173355
0.150697648860714 0.0711189773335083 -0.0775596837548165 -0.146897423327714
0.137295517080721 -0.015427834678595 -0.0936337389903247 -0.0454483805204715
0.113656106046678 -0.0854390986269559 -0.0477840731034548 0.0141269463505542
0.0832509722483239 -0.108175858837249 0.00392090914204336 0.0115383490298402
0.0850995656376999 -0.106452322412261 0.039214531570493 0.0138910246937689
0.118335895035394 -0.0571513332634939 0.0590201167472601 0.0408416328997634
0.137037054007318 0.00316815953791638 0.0611028174386284 0.0974553851360464
0.136582666762394 0.122743829102435 -0.00976205679720308 0.128693267295086
0.0241517854316032 0.188305686874602 -0.100169433300911 0.0896272585140679
-0.131942673055617 0.143709104068246 -0.088842114302105 0.0220435518022964
-0.235575506977666 0.0643830720542538 0.0174915409703619 0.0256576798593676
-0.21176376911319 0.00095554525869013 0.138249518139496 -0.0351652770643385
-0.217355138970073 0.0734053602368636 0.214529833712732 0.0338744361310597
-0.113414505726815 0.199126874284174 0.237121576199342 -0.0926064788107141
0.0567418991048703 0.215825757441209 0.11551871901483 -0.192013854102835
0.14457391627194 0.0794046926547252 -0.0220041642092236 -0.133414958754547
0.13135796507794 -0.0119210710258907 -0.0373136994711648 -0.0603494737804124
0.108995917952943 -0.0805419592623106 -0.00711416473527311 -0.0168770901623591
0.0788913785021411 -0.103969819026428 0.034071477776598 -0.020307513909646
0.076471010170947 -0.10286104252751 0.0684838460536876 -0.0188418315016907
0.106033540841844 -0.0589471411609868 0.0919065550467699 0.0140227730774139
0.125666688937255 -0.00183691655966657 0.0971058743257604 0.0838204795262483
0.125871544159507 0.113081583064534 0.0230231983516276 0.127001075586396
0.0159457131028209 0.173906752639145 -0.072033047910918 0.0951053441892433
-0.129887479255 0.119833984577613 -0.0634914923364311 0.0174913257675567
-0.214195666601326 0.0350279046322437 0.0749437897428062 0.0217250171108628
-0.152342725263055 -0.0288849928806546 0.196200048931683 -0.00873680404009307
-0.181106370486765 0.0297707545721371 0.240358670322818 0.0485717650529723
-0.110026454343997 0.145403400553477 0.238774655195854 -0.0473794255267918
0.030043793161364 0.175288367927958 0.139831162578622 -0.14199545749801
0.11110061540434 0.0669808617041308 0.0284659159728663 -0.111216666601905
0.100933979622138 -0.00895506863291195 0.0147623863775284 -0.06916737922456
0.0840134483746783 -0.063160340271477 0.0294061454086818 -0.0446679105045518
0.0615908920081466 -0.0843505320523778 0.0589903331474632 -0.0479534937703979
0.0589118764989742 -0.084265481235612 0.0931219120884904 -0.0472266152244412
0.08347253797255 -0.0529801358476453 0.118802558206686 -0.00707952247827424
0.102860774999412 -0.00440209662329908 0.124210194053961 0.074178371112373
0.100613561092311 0.0957371114881541 0.0450078058608192 0.12586566347932
0.00176513734232317 0.143284733235316 -0.0504822682846789 0.098669261457222
-0.119120185801559 0.081481984864013 -0.0425206381816864 0.0134900076093045
-0.169396526108911 -0.00272284211379938 0.12129402203867 0.0214680768666815
-0.0643245718574788 -0.0510758189183569 0.22050197127439 0.0131974494803138
-0.104996303566604 -0.0118027410971276 0.242054565535496 0.0521680477871636
-0.0725456068608534 0.069649271357141 0.221806081315605 -0.0145454059032422
0.0101621753431892 0.0982131729298745 0.146236323276935 -0.100272557586625
0.0606042993733073 0.0346949750273822 0.0631437311680103 -0.0940688061700494
0.0515324732030836 -0.00867011287985854 0.050747434014537 -0.07611676729272
0.0442148917114158 -0.03690920589189 0.0534634779479975 -0.066323269062973
0.0340310548225622 -0.0524285131381856 0.073942865034634 -0.0669299795752593
0.0332742240065015 -0.0538942370267032 0.109493120685637 -0.0668000276872198
0.0525369331185973 -0.0410603607367569 0.137886608948911 -0.0186559477710946
0.0706582307520499 -0.00633686403005111 0.142916979271189 0.0724095608956222
0.0686322323159035 0.0687111520323618 0.0573328197275513 0.131104273722349
-0.0110621544199136 0.0974313792618258 -0.0393002241099631 0.10612424086394
-0.0942867873912521 0.0364480044132387 -0.0298819103226323 0.0116616306646589
-0.102980148384221 -0.0394345552761738 0.151185150227662 0.0253034912198222
0.0169010530946383 0.0511858713227038 -0.180466380378528 0.0246144542637611
0.0381041319631736 -0.010804915985265 0.0124569822515743 0.0284866690450023
0.0105255733447316 -0.040438561007311 0.0385665288299588 -0.1238604754081
-0.0313285135210997 -0.0177708168896956 -0.0765369431473426 -0.149091265559672
-0.0212236939449973 0.0130536348510583 -0.172739646061958 -0.0613763649923847
-0.00104014786866246 0.0171882521279197 -0.166665845786857 0.0540506584553773
-0.00397493157126208 0.0123561328340113 -0.109294133567785 0.102232234092214
-0.00329739221363353 0.00720093498092475 -0.0649924485441867 0.102559040426186
-7.98958575786855E-05 -0.000246137455700367 -0.049220486768786 0.101292917040023
0.00314166698368449 -0.00496155216826225 -0.0503663241220131 0.105813901409286
0.00152552115430436 -0.00877533840953471 -0.0674974590464619 0.105685563363295
0.0195797367347615 -0.012894886040367 -0.132608766843877 0.0940452533953982
0.0381722545697346 0.0025075037471306 -0.198924948003041 0.0476960749172928
0.0188634492470226 0.0481782903367973 -0.207121363902022 -0.00668035615044767
-0.0170631802432797 0.0699306151590718 -0.202306349824278 0.0265642241764968
-0.0555664566676896 0.0839318845802646 -0.165286907820063 -0.00927479913395018
-0.00364923961782887 0.049430841437065 0.0248087342949635 0.0134477758694352
0.0204011314254834 0.0307008923983399 0.0485603781659078 -0.147572813710568
0.019830347348946 0.0228968086155591 -0.078622626517186 -0.174745844502813
0.0274110852861574 0.0114517386273814 -0.179695862752656 -0.071332393257213
0.0364322355381002 -0.0050109921524321 -0.169541066859914 0.0493427495465866
0.0235024212167908 -0.0292015954617128 -0.103280882128699 0.101511696659983
0.0193718252256423 -0.0370717615544727 -0.0556830421464369 0.0965683195588045
0.0305225703014359 -0.0407510703669951 -0.0352699332359018 0.0971595437293755
0.0524932745592144 -0.0226637495995403 -0.0332884602652504 0.104259479588319
0.0569140924834723 0.00317153819015946 -0.046072022477196 0.111577711042667
0.062409826861728 0.0490323113510158 -0.110391744471721 0.106158867395094
0.0269121639357109 0.0792467053590745 -0.180938755824501 0.0614295426672656
-0.0452303599271711 0.095982527942734 -0.178214758295234 0.0141894065520369
-0.105444612296187 0.0939705613676347 -0.162523772566322 0.0340225280150929
-0.126264801990152 0.0995422524060069 -0.120164680061666 -0.0419914782036575
-0.0597617290839562 0.102724420854504 0.0565583192729823 -0.00262594424320854
0.0184386039596658 0.107447171708796 0.0765839889602069 -0.169602183257296
0.0710191234443921 0.0744736984141613 -0.0646840986106012 -0.204963026278015
0.0794171713259162 0.0139164236016638 -0.172125852438006 -0.0891943340276672
0.0753103925689231 -0.0241294137908682 -0.161083145227756 0.0327184823100642
0.0514133956431959 -0.0655248940328541 -0.0885876947329834 0.0873498833301783
0.0393554520458716 -0.0761175497417244 -0.039473711947432 0.076713239506008
0.0507052001104984 -0.0766657835879017 -0.011835018251427 0.0772030062367642
0.0869870264202194 -0.0439798965483767 -0.0019635359197091 0.0900629284692243
0.0999989156708292 0.000545007512383491 -0.00606555347208699 0.113375920181411
0.107774738190177 0.0832106885563162 -0.0727985817125733 0.123413131217422
0.0358088131456262 0.135590283639921 -0.154977281873131 0.0843035821987311
-0.0815289447843671 0.137936755683338 -0.144873731476559 0.029712734645312
-0.169320650064763 0.113249078563017 -0.102506551643561 0.034533914770527
-0.181308752284188 0.0957021973908346 -0.0491163964232102 -0.0646327990176332
-0.121214892899531 0.136649618195417 0.1053876614293 -0.0143852270363787
-0.00110912972745206 0.175712386016007 0.118379414951708 -0.178772739995086
0.107753477757662 0.129705072331973 -0.0317760618619545 -0.226132516678908
0.125827338928001 0.0238465409399718 -0.145433053021764 -0.106969932959516
0.108234615482019 -0.0365405098830253 -0.135266615208382 0.00712489610937389
0.074706522053461 -0.0908793859652541 -0.0643642644384502 0.0608277022267506
0.0528393455287304 -0.103848022494623 -0.017380880347323 0.0465795003646591
0.0599992167887839 -0.103562329969633 0.0137332635997431 0.0450489276281297
0.101797706765903 -0.0637659211968381 0.0330330999055362 0.0641736899069693
0.123774080348464 -0.0104373052739667 0.039759143047919 0.103383434027647
0.140786947775994 0.092761746316103 -0.0279212363411644 0.132887891292259
0.0513247384996579 0.165458693460636 -0.121365736367409 0.101869747761435
-0.0947179019747059 0.162036154317841 -0.111686851854531 0.0349590387114363
-0.204654027611524 0.120786854617479 -0.0349353736696512 0.0250178521702993
-0.207201015059966 0.0726405922175346 0.0372527388743212 -0.0740632672734838
-0.171064065946683 0.138698928743027 0.160330169513803 -0.0182574348528844
-0.0339429599895711 0.212841567491454 0.162731230470365 -0.166320998080494
0.116297276649033 0.17309847821708 0.0154508343557086 -0.22449136298688
0.15219003813374 0.0376015504720328 -0.0996062724736022 -0.117439820848558
0.125490537332919 -0.0392475575993408 -0.0932928915817138 -0.0212389609122213
0.0867359215208703 -0.102116135111427 -0.033002031775669 0.0270190728028649
0.0581542482167077 -0.116264326030835 0.00692521656273595 0.0101594584311459
0.0602284475914042 -0.114770935524682 0.0396001691350945 0.0069448562011679
0.10125296604124 -0.0745428094726216 0.0658274911687196 0.0306561944616225
0.127600366351082 -0.0198024552670721 0.0803241945316309 0.0840283614807637
0.149971214095116 0.0895297695584774 0.0137263898828372 0.13020407886431
0.0555869892148186 0.170865595508908 -0.0871991726243025 0.108752782259371
-0.0986383892657839 0.161364262504738 -0.0823655867448898 0.0303650077847267
-0.211801487420564 0.107858442436304 0.0296953753483306 0.0104744420419316
-0.194972782170232 0.0393151632976735 0.122846913717638 -0.0692064548920211
-0.188263118643512 0.10941222702164 0.209705265546555 -0.0131154198986179
-0.0645210391417494 0.204974656480028 0.195224813566527 -0.133504813592951
0.0969760656781554 0.184413652440984 0.0620568864019165 -0.197017034900948
0.147915313376075 0.0460381103228171 -0.0435255148878703 -0.114631858945812
0.120363874003835 -0.0351164524417667 -0.0422733950769959 -0.0462025292945125
0.0836085289425226 -0.0964134597536691 -0.000663169829006124 -0.0100194145784489
0.0543023060139241 -0.111616028295983 0.0304977619891803 -0.0257468714042198
0.0528703297628982 -0.109871982219557 0.0618621968874151 -0.0308716919613116
0.0895041127086965 -0.07439839424002 0.0927880145222404 -0.0022359994536907
0.116449150056464 -0.0226149284053264 0.112616650664756 0.0628720259360753
0.137856797912472 0.0831118985642872 0.0465039842966987 0.121443711268259
0.0453792685252211 0.158471208321349 -0.0575530509265775 0.109103477664847
-0.100062764533261 0.138239230992414 -0.0571933758006744 0.0219299102539696
-0.196500837240838 0.0759388389346362 0.0855605865099467 -0.00173736290996935
-0.144973572112905 0.00197923711953711 0.189301140619718 -0.0532852041608177
-0.162036114468055 0.061859157597965 0.241007394788212 -0.00374336859439133
-0.0720378486859497 0.154315117109553 0.209239133844543 -0.0918959949065878
0.0649118086904133 0.152297778480532 0.0974090724506005 -0.155453882769325
0.114345714293215 0.0401632070246965 0.00880500139962637 -0.104620181866551
0.0921423358361275 -0.0271352076412298 0.00510847643979624 -0.0655117256556868
0.0644865090325536 -0.0760773156626358 0.0275466832063398 -0.0441568643011786
0.0417225028965057 -0.0902373427883199 0.0488517314960366 -0.0568063224075123
0.0400265033639237 -0.0890854433079132 0.0801836334780185 -0.0630871032557742
0.0690575377848534 -0.0647698989524256 0.114444635101484 -0.0281842350006747
0.0948240341313197 -0.0204196656512927 0.137053380556532 0.0480572494346678
0.111443883995529 0.0717959197934666 0.0675574966660102 0.115358610380743
0.0265797896256107 0.131986495032063 -0.0350968453886962 0.107270177976439
-0.0971654742561123 0.0997924799698618 -0.0369621482427329 0.0158716049482887
-0.159753217572837 0.0317276566966425 0.130030833769535 -0.00770393963215142
-0.0674248035145356 -0.0337383996130403 0.222899717426837 -0.0328733213346485
-0.0990566492390272 0.00901829389468428 0.247639826118385 0.00185963319398793
-0.0518634242266861 0.0771378694113764 0.206091482201997 -0.0578221762808551
0.0303132940080949 0.0855503149674186 0.116366976555428 -0.11969753430688
0.0616928291265463 0.0194124900544508 0.0445950438773829 -0.0981866415671285
0.0453834252604768 -0.0176774811778093 0.0366665015697974 -0.0812433631933415
0.0324917335962487 -0.043303104349475 0.0440201925847566 -0.0706501148608625
0.0220063365244351 -0.0549147404134585 0.0591805731082381 -0.0781146598675644
0.0215048323449164 -0.0561812084791067 0.0926182531080949 -0.0852030669863741
0.0425014013539454 -0.047468822145732 0.131379121462531 -0.0436188613086256
0.064753662252239 -0.0166326855535298 0.155100411656868 0.0419525511090558
0.0753414502934576 0.0526772712142563 0.0815344771979945 0.117273290235669
0.00667124722536489 0.0916406966766668 -0.0202583038347985 0.111731876107533
-0.0819536445062148 0.0520896576811863 -0.0248507290725766 0.0140534823962211
-0.103163079604544 -0.0157766097325795 0.158492133440115 -0.00545501921495982
0.0182658001578386 0.0511024528069487 -0.180271554525349 0.0274711042368772
0.0374208520970921 -0.0103797433539279 0.0134187504748636 0.0282875847662614
0.0104461412212136 -0.0396986866199978 0.0346910770293501 -0.12501018091469
-0.031286553560404 -0.0169396475463396 -0.0797248571577542 -0.146946013787515
-0.0204292025397122 0.0124780412702853 -0.173808110267618 -0.0581807618946368
0.000103030927008558 0.0159828343218954 -0.1646672122253 0.0570715384805162
-0.00289241910048583 0.0116207139904279 -0.106323747231032 0.103774810713524
-0.00320397102378148 0.00646263861653711 -0.0628111023004761 0.103775057364584
0.000584651273362478 -0.000944960100869243 -0.0467118624327801 0.10163215840461
0.00357600819796658 -0.00536103864689789 -0.0477217586243779 0.10692383688227
0.00210916096657637 -0.00846396304159647 -0.0658354766706643 0.106165430924353
0.0190768251689712 -0.0131134854339565 -0.130284950775103 0.0974298749922324
0.0366496057492257 0.00254078980844899 -0.196925836977514 0.0510178698799095
0.0187332869130346 0.048208428893112 -0.207713140217246 -0.00508335410120531
-0.016088699374766 0.0692337869617153 -0.20481778341197 0.0290509378221457
-0.0539872646484741 0.0848395005435565 -0.164860855874963 -0.00660532000634076
-0.00339484496734348 0.0502780440669082 0.0252216642172297 0.0126001116660142
0.0216584103080826 0.0306874985052625 0.0445507728457186 -0.148567729121981
0.0218383359742018 0.022850835726307 -0.0830166661547177 -0.173486716576303
0.0282117249666367 0.0101395460662872 -0.180448692725094 -0.0684139327450871
0.037014880275077 -0.00709622957544056 -0.16789511284079 0.0523110523763153
0.0231153965018591 -0.0300574927904767 -0.100365690681911 0.1027062891347
0.0186267559837185 -0.0379654115677338 -0.0540451621557499 0.0973927880582979
0.0297264433765204 -0.0424281469982198 -0.0332363825951913 0.0968377137080321
0.0522543067849624 -0.0246098830570431 -0.0304756361838493 0.104079173851226
0.0576412674924704 0.0029264736800278 -0.0436012392778851 0.111599675816129
0.0640366062544816 0.0476125488733905 -0.108999578117393 0.109230940112091
0.0270334438663816 0.0796808176014535 -0.179198121192119 0.0650571094238514
-0.0445752133503344 0.0973806457250358 -0.17919968340814 0.0158159433032682
-0.104286437656364 0.0952645080264921 -0.164183117348643 0.0353826496071247
-0.125011563895445 0.101839967942839 -0.119934059627725 -0.0400197561971429
-0.0590390633733364 0.103998566462075 0.0567104310258466 -0.00334710826242818
0.0208553961255164 0.107683496461052 0.0719193501639178 -0.171070263233987
0.0738749320024485 0.0733887010299333 -0.0693673604193435 -0.203444385334738
0.0809135671081376 0.0125125035561858 -0.173860736069572 -0.0865474407045791
0.0753502798913446 -0.0269610778902027 -0.159183055021361 0.0356373435528482
0.0504322418576162 -0.0668015550491861 -0.0860562352556109 0.0872550712400545
0.0366990192144345 -0.0773176042794887 -0.0378565647956616 0.0770551603339762
0.0492517833616623 -0.0786909325102522 -0.0104582318033195 0.076010502374235
0.0865578770287969 -0.0466170433099084 0.000481507028568076 0.0898293249943421
0.100783608634741 -0.00142211692463696 -0.00346218698893524 0.112436672137488
0.110202774366282 0.0804610202791034 -0.0706032928049466 0.125542082028914
0.0378004743196182 0.136029802310964 -0.152899487272516 0.0882536425903707
-0.079888949923809 0.139947964933765 -0.145275834505297 0.0314663674110271
-0.167600007606092 0.115938291074173 -0.104422264394795 0.0354029226647079
-0.179870401524215 0.0982905103375581 -0.0496321899904645 -0.0638407519062109
-0.120211653430821 0.138952582266119 0.104905847553426 -0.0153766401822265
0.00283828227423838 0.176316659815664 0.112631076383168 -0.181063822245016
0.111676357400017 0.127899406481934 -0.0372892691704036 -0.224712571142576
0.12772360359107 0.0214626714744034 -0.14758593602798 -0.104733191578702
0.107696531260304 -0.03946105520873 -0.134249427932456 0.0100854436550808
0.0727080698687586 -0.092878487607179 -0.0622297423509229 0.0598904357135346
0.0493291983740028 -0.104928519708695 -0.0164980268274492 0.0459360703917709
0.0576938437849306 -0.10518502218143 0.0154298635263428 0.0436859355669976
0.101173975195051 -0.0662116415177089 0.0352507566118482 0.0627086937011509
0.124286694588098 -0.0130522959140308 0.0423697625044559 0.101753933344406
0.143512244709771 0.0888199513859308 -0.0248475110269709 0.133907320482027
0.0538641522323324 0.165208326691388 -0.118664376950606 0.105486810212942
-0.0925977455989805 0.1637451397073 -0.112265408569298 0.0368918284179153
-0.202095610086719 0.123750464105514 -0.0363974620734408 0.0250626529744559
-0.206268561519318 0.0768010472305575 0.0371506355155649 -0.0741581392932428
-0.169730682925991 0.141902819238734 0.15970101311662 -0.0198694525834505
-0.0295880269940666 0.214095075495734 0.157755382249559 -0.169518058916829
0.120606726332068 0.17100240522629 0.00972025122353744 -0.222986176639107
0.153415065777059 0.0349538913023164 -0.101189993509323 -0.115418342173644
0.125013485856816 -0.0422036541523061 -0.0935780987090525 -0.0187954509424175
0.0845709546989414 -0.103921054985418 -0.0320091369195574 0.0253732127779881
0.0539719373058687 -0.117809680574361 0.00738441789968529 0.00933429260400266
0.0572109105487058 -0.116065048982105 0.0392425748253493 0.00510095512542044
0.0998343877960684 -0.0768488588180139 0.0667508695480477 0.0286941773521526
0.128033675309939 -0.0222608309205454 0.0828874083956042 0.0811268370299111
0.152486779429914 0.0856664399234202 0.0173963372823362 0.130312853813588
0.0589620924734198 0.16952907570078 -0.0842549908756434 0.112616189622526
-0.0968585852653076 0.163069853873683 -0.08268288854345 0.0323682412771545
-0.210088880976668 0.111960362905603 0.0285920529300978 0.0100670391800525
-0.194654800367617 0.0435123783575813 0.123116969189506 -0.0700096186304098
-0.186842517271926 0.113409419472004 0.209662645333021 -0.0161420271206995
-0.0603022173002821 0.206055316700856 0.191707744055384 -0.136911509880815
0.101509816708751 0.181740032272198 0.0567618330844471 -0.196376997236098
0.148647297919748 0.043631987609902 -0.0452821030057378 -0.113616910603171
0.119877395127652 -0.0374151332349424 -0.0428837859912761 -0.0447047925611315
0.0812450636487571 -0.0978132595564982 -0.000165405015388608 -0.0116338883320805
0.0502920679081834 -0.112423727898384 0.0301553949240735 -0.0270021750925285
0.0498750851545046 -0.110910733792737 0.0605516827931984 -0.0327348685290699
0.0880736065311277 -0.0756966387973711 0.0926608994145591 -0.00466739807761111
0.115813529361493 -0.0245519826915398 0.114625516820739 0.0597131330249343
0.139605525002227 0.0787314448627692 0.0492180292204517 0.120807397526186
0.0484537863111251 0.157027586700841 -0.0553425893529109 0.111625506109804
-0.0982845798195414 0.139703761337232 -0.0579575284103914 0.0244365199338767
-0.194296563460631 0.0797499380321757 0.0843562384020538 -0.00314141377628979
-0.144989253503862 0.0058653456290206 0.190615919150673 -0.0549146905172936
-0.160872540106918 0.0658671893926904 0.240807011411294 -0.00743085741550272
-0.0685400525547226 0.156145593477603 0.206824019867872 -0.0954026732434786
0.0679395280799203 0.15051635809486 0.0934157180589459 -0.155498739476938
0.11460825697447 0.038075285353416 0.00734824974269207 -0.104235530235097
0.0911169273806108 -0.028421492628384 0.00398797973045322 -0.0648861019116353
0.0619321191162512 -0.076715026910094 0.0272668993571449 -0.0458718670909902
0.0378688793945654 -0.0906575294353671 0.0480585175181156 -0.0584180301098526
0.0371586417481776 -0.0895633284880008 0.0784079308402184 -0.0646755694529617
0.0676708713899413 -0.0653223636734779 0.113828748540057 -0.0307867214145578
0.0937328896625457 -0.0218064039502577 0.138018018770064 0.0442799456127874
0.112239026757759 0.0683100627154026 0.0705908955189491 0.113664590233431
0.0290025763758445 0.130479112160024 -0.0324557529783364 0.109327904298887
-0.0951428362699545 0.100870878269593 -0.0376843421083041 0.017612553647395
-0.158420618266904 0.0351522498643432 0.129563995743701 -0.00970662800018045
-0.0676446645245923 -0.0305378446044661 0.2247907038408 -0.0352752167283164
-0.0983350930402637 0.0119018447682805 0.24754881734798 -0.00208127969806312
-0.0500684603101955 0.078175258788541 0.204387167146773 -0.0609397105783552
0.0312083916287141 0.0844364039494974 0.11348143075707 -0.119827926265771
0.0606437546441038 0.0183500000160382 0.0432381753968323 -0.0980919523596473
0.0444828323837418 -0.01758191521577 0.0351322181769282 -0.0810998241525848
0.0312209989946388 -0.0433108379005489 0.0430759876020699 -0.0720862360551095
0.0197514020066531 -0.055410828369976 0.0585365191216863 -0.0795679886790835
0.0203999791714997 -0.0563143928888526 0.0907577422154902 -0.0868071716921247
0.0406115393951217 -0.0475693512452531 0.130468222718018 -0.045397788825473
0.0638025165327105 -0.0177892472680145 0.155766307035623 0.0381829217809815
0.0762525061576894 0.0495922502478933 0.0841058631538063 0.115856269151594
0.0081364387713436 0.0903292445786023 -0.0180859374214548 0.113572050172672
-0.0804196667315556 0.052960166482431 -0.0256512754833044 0.0157334319550943
-0.1024814653397 -0.0134729202141119 0.158069528309706 -0.0081571393282717
0.0208292851399434 0.0503786002062845 -0.180477684416319 0.0356616634006245
0.036931803319896 -0.011165500966722 0.0148177106709543 0.0273767741465918
0.00880903863085128 -0.0403872074033012 0.0275897850075863 -0.127111275746453
-0.0314348654502171 -0.0151480275361997 -0.087343788986325 -0.144235209021654
-0.0192179766998813 0.0127666067436188 -0.178007892123544 -0.0502470375235159
0.00150322852770675 0.0142494679897442 -0.161872575290806 0.0647021334630565
-0.00176234706985154 0.0110639511915822 -0.101438344883037 0.110220061920955
-0.00232169304063096 0.00662399101457376 -0.0579010193966121 0.107279975318043
0.000557574843179201 -0.00156606211869382 -0.0419580273817331 0.104709207918915
0.00389240207772535 -0.0060937993075289 -0.042230062647934 0.109346610094142
0.0028185254708498 -0.00811211973202343 -0.0610478048430339 0.110225872623536
0.0184804074587698 -0.0135041198584426 -0.126169773421438 0.105394539129236
0.035503801979979 0.00186124758724547 -0.19459108582282 0.0604163520326256
0.0205418994242925 0.0485371494351852 -0.210133621823474 0.00258746601700883
-0.0128815785694139 0.0696444133295387 -0.206892065234124 0.0378913160186958
-0.0502739705196444 0.0874550983634519 -0.1665933337945 0.000803403516449001
-0.00130944015523923 0.0514971644128422 0.0258104399763581 0.011550046666675
0.0237560986487723 0.0301704174384968 0.0361663780033031 -0.151326839684816
0.0246051303144305 0.0222150940417517 -0.092046947083521 -0.170329104382064
0.029465909644372 0.0080999945722171 -0.184486817693115 -0.0602760840391498
0.0373772557099948 -0.0105954280380922 -0.165386511401693 0.0607142501220385
0.0227444131077538 -0.0318568201299117 -0.0953483498916982 0.106883417997551
0.0165556061915363 -0.0394990689383916 -0.0495357689169009 0.10035651462763
0.0274279706732647 -0.0450912394720062 -0.0284757326613763 0.0985296576732225
0.0527725069280215 -0.0279282050526452 -0.0251907496649655 0.105548622126376
0.0590170576153912 -0.00032472451662309 -0.0385294993039996 0.114131609255358
0.0670361507457189 0.04501727322243 -0.10344327651202 0.116099836868888
0.0299959314694427 0.079624443485271 -0.176351399757745 0.074656847439932
-0.0411161529506306 0.100649286473727 -0.181156440514137 0.0226780117525106
-0.100193630816759 0.100420484039877 -0.166331603775723 0.0423681441167862
-0.120483898563026 0.107577685648278 -0.12318146242289 -0.0345263481180487
-0.0551811264492733 0.108325982636478 0.0568114308406996 -0.00618369797581256
0.0267813564711723 0.107504891305727 0.0625938771808362 -0.174928916597746
0.079475828929288 0.0704396037532203 -0.0802362004898088 -0.201102384163994
0.0828093406022794 0.00788196023022717 -0.179603591470411 -0.0785766175242506
0.0748687864468791 -0.0319718036367012 -0.158138042125961 0.043533174331613
0.0477141789903332 -0.0701747033745404 -0.0822098640878619 0.0902170598064803
0.0321484546450821 -0.0797211491340518 -0.0343921027806662 0.0786136997830294
0.0452454233981483 -0.0827065714144167 -0.00683492648967656 0.0761544859084184
0.0856375718036328 -0.0519499551565952 0.0053455515744759 0.0889191499773399
0.102368078407863 -0.00623998332980834 0.0023738550138471 0.112651827562585
0.115633744545295 0.0753635165098954 -0.0647272991359659 0.130743697579715
0.0439421687449499 0.135975514774439 -0.148835262057174 0.096560301838317
-0.0743584106001476 0.145213560393614 -0.146490380021284 0.0376664759343923
-0.162784331424917 0.124345530185599 -0.1057599061669 0.0393819202497422
-0.176462055196266 0.107145264757939 -0.0529170337328286 -0.0617629437826244
-0.115176943268289 0.145845683999201 0.104648704523414 -0.0201186596715843
0.0118003042286531 0.178065269229427 0.103441750134989 -0.186674358243563
0.119899101526471 0.123346202300386 -0.0489480360858275 -0.222607129373158
0.130392276303045 0.0151136544707111 -0.153563692085559 -0.0981495255626174
0.106786784567149 -0.0457759164451579 -0.133877965288298 0.0168595444287866
0.0684753225037268 -0.0970783997922017 -0.0593898566196322 0.0614390185434229
0.0429167383226665 -0.108282609415196 -0.0142657935315954 0.0462627157234682
0.0521786561309423 -0.109236245007425 0.0170233468958601 0.0420823990394381
0.099142469827812 -0.0723244743117735 0.0390146550710017 0.0596993003209383
0.125376817322064 -0.0194399866029165 0.0480921157213221 0.0990126222625732
0.149925916206737 0.0814583216322575 -0.018133771510807 0.136456524820631
0.0618820312144203 0.164270644127579 -0.113265247172369 0.113234149138063
-0.0864569540053414 0.170022480393364 -0.11247024295559 0.0423534696957734
-0.196957921895651 0.134776133602348 -0.0370173873628415 0.0264577157319696
-0.204158281614902 0.0866614699913215 0.0345969748026489 -0.0758295503767261
-0.165096923531716 0.15117666552394 0.159693360948588 -0.0271211665077175
-0.0190144505616957 0.217516429974505 0.14897914394645 -0.177264342104744
0.13047585795687 0.165831232936526 -0.00206834670330546 -0.223346426753862
0.156569744910201 0.0275060590417725 -0.107931727186419 -0.111576603912006
0.124005978887638 -0.0487675227776208 -0.0941102103429568 -0.0136486372668209
0.0793932883440121 -0.108379823270437 -0.03059954238767 0.0249310064552281
0.0471070507107136 -0.120679519192094 0.00831169565263317 0.0083301407369817
0.0507575327549744 -0.120133938160138 0.0394259187980705 0.00253919712681017
0.0971865462674606 -0.0826999783395608 0.0688435166709565 0.0244995542925767
0.127589938328912 -0.0287666457306402 0.0876906256068141 0.0764911557215152
0.157877604191164 0.0775963186121561 0.0242129025490306 0.130493459210284
0.0679143212461952 0.1678880785667 -0.0790159906063691 0.118450717208151
-0.0901827591895248 0.168467329244287 -0.083017622061777 0.0373978714625849
-0.205297479753696 0.122442951780558 0.0279543617295884 0.00844652190864353
-0.193231197514348 0.0531023027121548 0.121729706425449 -0.0756443062288695
-0.182582302867742 0.123494942945526 0.209293759701694 -0.0253291348665691
-0.0497520100135173 0.210968465897375 0.184535450683993 -0.145706950598155
0.111222979296507 0.177569623540368 0.0475481292998009 -0.198227378035343
0.152035999692706 0.0367412177084895 -0.0508856750229701 -0.111485164960431
0.118504022072164 -0.0432383739003724 -0.0448313661185688 -0.041960647030968
0.076376600458351 -0.101999559750253 5.70605383936029E-05 -0.0133534927752806
0.0435759668900175 -0.115049847858755 0.0294821332060614 -0.0295657427662903
0.0436534573408747 -0.113595041675705 0.0592520577922696 -0.0362202004606483
0.0845760443577809 -0.0804475427417484 0.0933432644557895 -0.00983525137385441
0.115494992517452 -0.0303295246377789 0.118501513004194 0.0534619537353765
0.144626948460332 0.0714062010201142 0.0556185444573439 0.118949346288505
0.0566850249105933 0.155225898276046 -0.0491227581437801 0.116520070231029
-0.0926649192597343 0.14479281956064 -0.0576161009030223 0.028462491438115
-0.190572021537265 0.0898895513738291 0.0844440360611955 -0.0071163617872942
-0.1449455854866 0.0138741444976833 0.191100490419872 -0.0625786858393153
-0.158130708608593 0.0750800052869638 0.240712331210805 -0.0181581747487973
-0.0608505159877971 0.160426959326266 0.201729245155508 -0.104796794375842
0.0760040932298686 0.147154654048303 0.0860078534269438 -0.158621902828478
0.116881679138627 0.0331898282631953 0.00293846505916284 -0.104355598209744
0.0902700343118606 -0.0322158653553495 0.00156932842108917 -0.0649014961908888
0.0582853333870501 -0.0794463167473063 0.0258084435332309 -0.0487326998774372
0.0324579913431233 -0.0921768232780472 0.0465800995786155 -0.0616446399927357
0.0324038836117701 -0.0913419267585428 0.0755450873457891 -0.0689138629616166
0.0642625050519293 -0.0686722623154428 0.113268532237061 -0.0363527896641338
0.0933904163812227 -0.026415821626762 0.141483482524285 0.0367347783678208
0.116278892670903 0.061797894036695 0.0769355191191173 0.111565379833312
0.0353819897722087 0.129197554180459 -0.0266702145624466 0.113033992809949
-0.0911010232714111 0.105499456260266 -0.037620300803797 0.0205272909917961
-0.156036186825053 0.0431728232764134 0.12968421814359 -0.0158962840263896
-0.0686583851048328 -0.0264635664909081 0.227235096644671 -0.0445392815137002
-0.0971038328786734 0.0178533929442829 0.24857890729927 -0.013088993035997
-0.0461188722828722 0.0807375378831161 0.202725743893965 -0.0700691053214273
0.0354728876076829 0.0823162280756345 0.107657757278447 -0.124243123496379
0.0615074168508384 0.0159677719942592 0.0392758881220935 -0.0999784140831596
0.0439466068955111 -0.0188875833431492 0.0314803240421943 -0.0828345817449171
0.0289011493350438 -0.0444415188065332 0.0404439284471971 -0.0750113690496187
0.0161129683422819 -0.0557550649891977 0.0553967426622293 -0.0830034102994322
0.0170445686636617 -0.0570723480779418 0.0864172471623947 -0.0911833985519708
0.0378510719556857 -0.0492150535364741 0.129164561306346 -0.0521718752570362
0.0622167051864654 -0.0205846509767805 0.158585796567045 0.0303366769036702
0.0778564344379943 0.0447837767613559 0.0902062591509884 0.112958253995858
0.0122589472264206 0.0890444034901931 -0.012417891860116 0.116593039654138
-0.0781582513171696 0.0561518153372752 -0.0256394759212252 0.0181322216680397
-0.102635557356992 -0.00773765343792432 0.158768809330923 -0.0160930244298733
0.0249450371259778 0.0481915123840249 -0.174914504357319 0.0472109201928763
0.0359400169952024 -0.0127458925086444 0.0162497326270904 0.0266935111371051
0.00574650772637649 -0.0401026182494441 0.0172631780816802 -0.126174786497871
-0.0307656766310598 -0.0127684188403049 -0.0965355309885381 -0.135638557657987
-0.0176179246895784 0.0135828102491511 -0.178074876132591 -0.0368313983364586
0.00262115402235437 0.0129223090974151 -0.153852525995956 0.0755381897218625
-0.000228336171492546 0.00989814899327124 -0.0915187917911133 0.115125053443981
-0.00171015274444247 0.00589504300795708 -0.0490618938512626 0.110145538014897
0.000338101932102997 -0.00279211174432356 -0.033893026407267 0.105871450709627
0.0036117086163723 -0.00653997094040995 -0.0333674007730118 0.110035587608394
0.00279030841219532 -0.00774546271032477 -0.0523234051621207 0.112170585286555
0.0174233424464774 -0.0136324070544632 -0.11528675490652 0.11305204956257
0.0339654361399252 0.000436250842006995 -0.186249569142035 0.0727447177790643
0.0232706316233816 0.0470691102627735 -0.207604401147034 0.0153111674516127
-0.00771180690895029 0.0685340653241902 -0.204265480298264 0.0512268176901933
-0.0430468632924133 0.0892901899425193 -0.164220995841702 0.0120332159270853
0.00187504090621683 0.0510343335523416 0.026252116590216 0.0101889931114958
0.0258281784500037 0.0279561873446513 0.0236424523371171 -0.150452910555485
0.0268772746389552 0.0204708129283186 -0.102655461585497 -0.160255514733364
0.030518088592321 0.00549283728303253 -0.18574358837279 -0.0458186348230325
0.0362709478102764 -0.0139484930816609 -0.157182568697106 0.0709524779386549
0.0201010675021091 -0.0341965748499688 -0.0862807535188046 0.111432526335963
0.0127916084276937 -0.0405662124716499 -0.0419319541944897 0.101757200332022
0.0237735853849596 -0.0471934657175824 -0.0208854717056505 0.0980100295280165
0.0501588821151706 -0.0320602339326199 -0.0164303720342451 0.104452677114108
0.0591429963170305 -0.00391109912288019 -0.0297952916969392 0.113893968440537
0.0697553105447106 0.0395298883586737 -0.0928690570064519 0.121896227167445
0.0340565062982018 0.0779643452116221 -0.167165898168561 0.0857093908241105
-0.0342133222498215 0.102292076200613 -0.177842256642751 0.0344829184201657
-0.0911902339009431 0.105005731860977 -0.163228923983959 0.052321249813374
-0.110675608833019 0.113264702494858 -0.124075829572394 -0.0257780471076965
-0.0474248939954355 0.110096038696294 0.0551010652763108 -0.00892445931849865
0.0343162603239451 0.103713407434043 0.0477354280880139 -0.175248507884534
0.0845469347279652 0.0640328454816165 -0.093142305672294 -0.191108107935026
0.0829443979848977 0.00176668746309732 -0.181525320828778 -0.065010118532737
0.0717671808509598 -0.0375488026839488 -0.151462879764075 0.0539464580776776
0.0416053597365774 -0.0728264138663348 -0.0737194647068884 0.0932771818425245
0.0249100434185474 -0.0808166496465144 -0.0286330985242773 0.078955413976706
0.0381963374123303 -0.0850330737341285 -0.00162074048282737 0.074703757915105
0.0805561509870046 -0.0581494770798816 0.0125482130478316 0.0858517976311051
0.101381482573144 -0.0135612608651131 0.0102798149118393 0.109360669518983
0.120070237787529 0.065213405483505 -0.053427237449379 0.134237304922316
0.0524960855420876 0.132056699176839 -0.138539344122338 0.10556184152219
-0.0642642951216634 0.14842348838775 -0.142564464769046 0.0469284120360348
-0.151307821670114 0.133513809195209 -0.103671853613026 0.0453504348633815
-0.166281128073241 0.116713032285193 -0.0561276134512432 -0.0566487692878222
-0.103749767246818 0.151478918115575 0.100749330803349 -0.0263768929711365
0.0248824712647189 0.173792137497463 0.087001812514639 -0.189433111740147
0.128052799695051 0.113022243461133 -0.0644358565976828 -0.214222730525439
0.129991413893185 0.00533952996552301 -0.158270591473912 -0.0854674741358392
0.102067328477148 -0.053476652625812 -0.12961589098649 0.0262761518607625
0.0602949853566903 -0.100463887138607 -0.0538968358879401 0.0630276168876553
0.0334759130074825 -0.109144333723537 -0.0107501367685635 0.0454324473387769
0.0430217701696477 -0.11135793398176 0.0194075989420142 0.0392751457042964
0.0928105079388643 -0.0788314187024703 0.0427986984819065 0.0554720487974335
0.122541869660549 -0.0280177840051039 0.0545613379085046 0.0924996291168506
0.153720386272386 0.0687115862387097 -0.00725039143523564 0.136511226118006
0.0728511531393765 0.157763909915135 -0.102976340791824 0.120077251210121
-0.0739613637001605 0.172928551047679 -0.108874213812841 0.0503154534961824
-0.183968785968547 0.14604361056254 -0.0364685724591138 0.0281258124094071
-0.19426113698225 0.0985631145351015 0.0288834978348019 -0.0765047024996244
-0.151802120841478 0.160356403036142 0.15426770082442 -0.036936299990611
-0.00237110269545364 0.215202607383386 0.132608818985558 -0.183331988905287
0.14117679733349 0.154131489537966 -0.0175631452818958 -0.217584598479471
0.156530308636718 0.0158668400967753 -0.113279474645128 -0.101200596366313
0.118968937524428 -0.0570860776620829 -0.0930548534396927 -0.00661904685594227
0.0704290397545734 -0.111940120381545 -0.0280187021598891 0.0248572452334978
0.0359220582170497 -0.121086088590981 0.00883957501388042 0.00671198597915416
0.0405093404612346 -0.121437402896653 0.0389098060929048 -0.00125380890745297
0.089851062809738 -0.0885761167853941 0.0695892441138485 0.0181737737864117
0.124183299768523 -0.0373546597218501 0.0918665394137664 0.0676191043087795
0.161472027637924 0.0636554735453007 0.0339003522425169 0.12712051394957
0.0782672173128025 0.160591662845227 -0.067976905516557 0.123135585870449
-0.077209866538048 0.171885151957981 -0.0794336364142867 0.0429921363496849
-0.191474511841518 0.135369145955518 0.0271979016688632 0.00589318730231449
-0.186025740070942 0.0658387573471011 0.115736737224357 -0.0816400234930117
-0.170762047176693 0.134460492748926 0.202790015852118 -0.0385143991040048
-0.0331790410464657 0.21106389818707 0.169503405552471 -0.155164289499705
0.122852948201233 0.166854811949159 0.0320997299634368 -0.196217216952143
0.152217458960211 0.0254021019746545 -0.0568999109715211 -0.105100042595371
0.114241701278204 -0.0506512070671446 -0.0460122825525057 -0.0377942162819692
0.067633396729759 -0.105279578061456 -0.000834581797470574 -0.0148561393930379
0.0330652958599315 -0.1155117487166 0.0270708349589243 -0.031774180161527
0.0337979265363568 -0.114220451384252 0.0553120677041526 -0.0401474830198489
0.0772924781385482 -0.0850909105447908 0.09084454483565 -0.0167328499872956
0.111646070947662 -0.037477805485159 0.120339464706516 0.0425758466231299
0.147324546345464 0.0584224440220726 0.0643292655394508 0.113900114827609
0.0665865161269251 0.148285230500799 -0.0391539568962922 0.118809776745388
-0.0811693045106281 0.148347583229749 -0.0553298366402013 0.0329425443181109
-0.180092891146375 0.101846363957394 0.0817244518729997 -0.013494658681727
-0.140949027243661 0.0242325455622634 0.185595383823817 -0.0738128189959511
-0.14894595113863 0.0855663987365252 0.234490150211526 -0.0336426944664805
-0.0472330175594967 0.161919454849282 0.190355598524381 -0.115790216232705
0.0852704342103026 0.13942383278626 0.0732800392232213 -0.15954637954534
0.117227660579443 0.0246996562870746 -0.00352511559561964 -0.101259408465524
0.0864719391540573 -0.0376672973226926 -0.00209430857923724 -0.0638529414701043
0.0516701083986213 -0.0816710818418255 0.0223325838102192 -0.0509719951073073
0.0241516105102121 -0.0923152599212303 0.0419821142523094 -0.0642922973972404
0.0245801551657759 -0.0915312333339638 0.0692074102587534 -0.072855343011382
0.0580168945107815 -0.0714540553520105 0.108348525767132 -0.0436327099987018
0.0894910546229004 -0.0326248073868102 0.141471147453866 0.0252183466750126
0.118006699446912 0.0515587332910453 0.0840138154575879 0.104168105587331
0.0437138050757573 0.123500030821429 -0.0173910863082835 0.11415563491126
-0.0819962727749063 0.109621085400914 -0.0360930220132281 0.0243190119329605
-0.149418943000194 0.054111660098344 0.12586236886389 -0.0248418901376042
-0.0680790636904095 -0.0200034421956716 0.222254258245015 -0.0579324713972969
-0.0924539836851368 0.0250654049719729 0.242833939582954 -0.0298391170409361
-0.0384408557617285 0.0825459239358414 0.193852909996254 -0.081927862187403
0.040650378167877 0.0786379560587795 0.0980251059832221 -0.127860138402345
0.0606777557321325 0.0119110651166133 0.0328120446950272 -0.100395477161416
0.0419794497727176 -0.02067258271753 0.0260299221554381 -0.0834448166620138
0.0248827785370246 -0.0450135458696198 0.0352154945327547 -0.0772351381959508
0.0109529875500016 -0.055325296075079 0.0497356967614688 -0.0861176621460388
0.01247063366753 -0.0566816747838449 0.078079632590502 -0.0959835616568839
0.0332246330520855 -0.0503612850013834 0.122401590520498 -0.059619280056421
0.0595625278875427 -0.0240737592514977 0.158057051720235 0.0176881364903888
0.0790800581320545 0.0374738554205112 0.0969390710004436 0.104995742407163
0.0177534617041312 0.0859730427153571 -0.00299806933161081 0.115921227622036
-0.072560448849099 0.0600006483139756 -0.0239288947965342 0.021150780317306
-0.0996583977841627 0.000233396603129021 0.154754033036306 -0.0269808383066254
0.0269871821752878 0.0437431425246797 -0.163554040545412 0.0550235442556291
0.0337187978538826 -0.0131285934827896 0.0174580679787785 0.0248078082878247
0.00266145399066906 -0.0381977119994681 0.00834005060773616 -0.119735388897136
-0.0292468514997353 -0.00982494600202594 -0.0998826239904466 -0.122650817057625
-0.0153749769577081 0.0134527243230857 -0.171210306949424 -0.0237056406350314
0.0033863829105079 0.0107091433066561 -0.140351354989821 0.0807936702216295
0.000948914085671039 0.00865130506287694 -0.0784629619980734 0.115051196024995
-0.00068589643992633 0.00523431694377741 -0.0399349454037426 0.107460960047889
0.000428910304390928 -0.00326104204811326 -0.0257700868647395 0.102221372338758
0.00340112171101151 -0.00696802079925387 -0.0250516911920285 0.105856521976936
0.00285963937158917 -0.00739790388656403 -0.0430004165137594 0.108954572038799
0.0158039269363765 -0.0130179029154092 -0.10111030226034 0.113795250177453
0.0313606106936116 -0.000300701546883593 -0.17088770592581 0.0796791249651736
0.0243399527601789 0.0433357672467369 -0.197461825897754 0.0256162437674222
-0.00305119786650002 0.0646497935418442 -0.192725826048866 0.0599753357767016
-0.0348380013508955 0.086571787577419 -0.155842463109633 0.0213201189126591
0.0046688832321388 0.0487546613543076 0.0255594675994416 0.00876404437603119
0.0262020947796324 0.0247058884960297 0.012470396756924 -0.142545274567845
0.0280932497910189 0.0176101153889734 -0.107573036828127 -0.145203081086419
0.0300567527094847 0.00324083685813172 -0.179073483845006 -0.0324406549831671
0.033803144458846 -0.016946686583569 -0.143931641669437 0.0770724559841347
0.0169763785184377 -0.0341062280799195 -0.0745927657926281 0.110449936750391
0.00928915479553825 -0.0393526113800615 -0.0335143772283627 0.0984324627721574
0.0192989415271731 -0.0465698105837815 -0.0137169385663497 0.0937349927887728
0.0460306986317697 -0.0342100326140108 -0.00867719485384161 0.0992268485481381
0.05673912132037 -0.00799502063625065 -0.0213907515968436 0.109132755674334
0.0689482899840752 0.0333980143045383 -0.0792534662482445 0.12171588312014
0.0365738438630295 0.0728593554282322 -0.152326839847564 0.0914468818839633
-0.0266922122001827 0.0993193659623463 -0.1677894031491 0.0423684979452908
-0.0795951687775781 0.104175845780007 -0.154334413076002 0.0594943206911768
-0.0980791299323154 0.113842543784246 -0.120247675791301 -0.0169410798672792
-0.0388374213704693 0.107766953589468 0.0513348927303382 -0.0109470209128608
0.0394712533762154 0.0961812358893999 0.0335788302704434 -0.167779367196117
0.0853909403864256 0.0545949509014891 -0.100535194645375 -0.174596725437023
0.0795472915703303 -0.0039647392070465 -0.176496041716995 -0.0501089895137857
0.0659582602477021 -0.040772826935744 -0.139023182592049 0.0604195206785319
0.0351665786459942 -0.0723416638665352 -0.0644059380553551 0.0917986785300249
0.0179403953516507 -0.0778934342861061 -0.0223818912626311 0.0757845427200173
0.0300673560027282 -0.0834050752208288 0.00295237562177052 0.0698366002998084
0.0730213271413632 -0.0609879322081185 0.0172668225267473 0.0797117245246455
0.0957253132573523 -0.0197084540417736 0.0169222316989164 0.102539364025919
0.118643483367994 0.0541548577861381 -0.0413390252132555 0.13095757493875
0.0575880916923466 0.122764185999778 -0.124242776412404 0.109032849003201
-0.0526833794638712 0.145059649720375 -0.133666509595813 0.0531550351737655
-0.134465524273496 0.135489490170019 -0.0977969148998052 0.04890800060184
-0.150213782817354 0.120442946248532 -0.0566161806781822 -0.0501028927258265
-0.0900496453120551 0.150215659604016 0.0931727534220084 -0.0296778421942136
0.0348569395585312 0.162808717097291 0.0698797301800607 -0.183554156648329
0.129287293277169 0.0987305042501018 -0.0740542873293024 -0.198441944043646
0.124222916011779 -0.00317531039176207 -0.155127509345702 -0.0710980134206469
0.0939522849687495 -0.0574965768519661 -0.120486061708597 0.0331758521655608
0.0508559203386379 -0.0993730084146179 -0.0471453643823937 0.0615441129275551
0.0239923090916639 -0.104972718955807 -0.00759747739900063 0.0430621880243432
0.032521156066317 -0.108214453520472 0.0205146391981206 0.0348093171676615
0.0832194950268435 -0.0813399500477524 0.0442158783369431 0.0483978477791327
0.115041217473985 -0.034949533057999 0.0573487865254965 0.0834956265531112
0.150625781656884 0.0543943626058114 0.00270731769409225 0.130364685432041
0.0792711020592987 0.145432669774422 -0.0893616525853898 0.120685730408917
-0.059809346361854 0.168878411631793 -0.100796761399825 0.054355409395807
-0.164097472432936 0.149098410468764 -0.0347033124932151 0.028235063372348
-0.178338831328307 0.105196362331555 0.0232737849221272 -0.0736209746393477
-0.134819457181494 0.161553654982956 0.142711913564107 -0.0427370415555038
0.0120962984532317 0.204072872402948 0.113413327286229 -0.179672275065183
0.144724747216361 0.136995649535037 -0.0295622347482105 -0.203339273143054
0.15038344548978 0.00557023895429504 -0.113204929952632 -0.088395414814979
0.109488556815887 -0.061599798001628 -0.0872003111945513 -0.000302300983265463
0.0596771894170378 -0.110475546066584 -0.0252958487167745 0.0235929383681957
0.0255538429867274 -0.116386147255786 0.00846975372414535 0.00508475989171351
0.029948040924037 -0.11728355206559 0.0361861143536711 -0.00413486520596796
0.079677280037895 -0.0899437301567548 0.0671472404739928 0.012330683560971
0.115996509123627 -0.043292956562233 0.0914787127907235 0.0573470553467807
0.157518714677582 0.0496965858107603 0.0412654094100157 0.118631499735344
0.0852085664762305 0.147561542653311 -0.0560964372261268 0.121335683370211
-0.0632988732388553 0.167400359477372 -0.072935531265698 0.0464423917851623
-0.172286472549437 0.139547138796368 0.0247731002166185 0.00338006217915626
-0.172058929632179 0.0738472598476801 0.105463617875254 -0.0836032277907192
-0.153239533628788 0.138094126667874 0.189026182570356 -0.0473396090373378
-0.0170969926017921 0.201384617052729 0.150434719252595 -0.155566219838465
0.127587467358971 0.150263995733763 0.0189737921686683 -0.18593877402649
0.146284242040046 0.0150288253543677 -0.0597746055642565 -0.0954792728759523
0.105530708248871 -0.0554496735413664 -0.0451279927118762 -0.0329295777208979
0.0571198186030498 -0.103556748658426 -0.00166384609523752 -0.0157485749258142
0.0231889776903285 -0.110489588092955 0.023825945404464 -0.0330405383848372
0.0241798696627772 -0.109973021953492 0.0498454215171789 -0.0422053108669093
0.0680105272647285 -0.0855110578598224 0.0852711002033694 -0.0220511903661725
0.103820937169443 -0.0426243509567019 0.116692269577432 0.0323297710390289
0.143012958093255 0.0454449209993729 0.0688536580999535 0.104013931855437
0.0721309997492509 0.136072122277454 -0.0287926854349569 0.116006649840844
-0.0681607259319631 0.145286900902304 -0.0507155647969426 0.0351918225286222
-0.162412785977279 0.108082772466421 0.075938926020533 -0.0182613242950022
-0.131118963846141 0.0320635652814182 0.17264347909112 -0.0804621190951949
-0.1350112977892 0.0903733732849586 0.219180025493259 -0.0445731399500554
-0.0332910316527912 0.155973712877004 0.173107162866722 -0.119862259197519
0.0900464571052984 0.126582613437384 0.0600787491469311 -0.154220055767083
0.113103157384101 0.0162403578446813 -0.00896577361811585 -0.0953741010010779
0.0802929368803085 -0.040820519211445 -0.00503517949672497 -0.0599225830790404
0.0435724437261643 -0.0800607429801255 0.0185463617164718 -0.0511595815980825
0.0162289149833502 -0.0877059698974526 0.0356706247349549 -0.0647675092293388
0.017125077466082 -0.0875036569894348 0.0608489876887957 -0.0738069112403234
0.0501299737503395 -0.0712116266312045 0.0997933623488907 -0.0483938675553165
0.0831759658491976 -0.0355663199715546 0.135403187247407 0.0141070677072098
0.11453620665595 0.0406403015023844 0.0871745926162356 0.0941229941076423
0.049431154922264 0.113384764905364 -0.00889299952956284 0.109965586974973
-0.0709322977473447 0.108070559356133 -0.0326450579669949 0.0260407116200454
-0.136547403604766 0.0608354823344942 0.117475133829144 -0.0321940265668631
-0.0645135311664733 -0.0138131028747162 0.209426872217621 -0.0681129534635602
-0.0844481199094737 0.0298658085218143 0.227527218945261 -0.0413153585314261
-0.0304695624028891 0.0800378291015447 0.178524831105517 -0.0884827857003946
0.0442435751753151 0.0718716670118636 0.0848443518302715 -0.125995409031489
0.0583550538576059 0.00761695753277497 0.0250167777396117 -0.0966185508733567
0.0385024516990634 -0.0217136436120645 0.0204242378219923 -0.08106025470751
0.0208308641942412 -0.0435322828337635 0.0290223385524374 -0.0765493859570494
0.00617440014622673 -0.0523078840402546 0.0427666410526642 -0.0855656938694165
0.0077237175842365 -0.0539785547096412 0.0680749423689091 -0.0952620253498353
0.0279094042068703 -0.0491331034489946 0.112339178486419 -0.0643009599004653
0.0545523330931324 -0.0256600087041753 0.150718987544161 0.00635990617263013
0.0769371705682841 0.0304587061576619 0.0992753393061996 0.0932795439834673
0.0222665092838165 0.0792016504255428 0.00425666013463307 0.110450853580588
-0.0651637530661477 0.0610028379995554 -0.0216277205264264 0.0221725528090305
-0.0932148288703984 0.00700965120806814 0.144668156320643 -0.0359048386657669
0.0290730239708917 0.0384511348390774 -0.140222308982991 0.081208222266577
0.0292549239402522 -0.0164503552841737 0.0227412510766858 0.0204605963064978
-0.00449398140191711 -0.0356842160553436 -0.0106094893925637 -0.114507602869443
-0.0297766958321152 -0.00352089880961612 -0.115076671257041 -0.100341834066718
-0.0130408392446998 0.0174942469250505 -0.164671091401106 0.0059495111188329
0.00540353014880377 0.010232653246611 -0.118012908127854 0.0976638356758069
0.00268249464839903 0.00773059596466727 -0.0565700453258118 0.120831913587755
0.00061884591108392 0.00539463154417723 -0.0214222187185442 0.106037693064687
0.000683740758195024 -0.00303227757171589 -0.00772626054714044 0.0999314822822364
0.00287352253945742 -0.00671419355204262 -0.00554198367601667 0.102822601737528
0.00244095277623522 -0.00635081117843888 -0.0222506628813762 0.108049081818504
0.0117412584028795 -0.0123468260427091 -0.0745355391852157 0.1208147529504
0.026062363262647 -0.00236083654636565 -0.144677808131991 0.101390892534717
0.0252562296145319 0.0365705904051675 -0.179312356506876 0.0551469925700866
0.00288670640837009 0.0612059086430218 -0.172089257666131 0.083295624407085
-0.0230315703349355 0.0846560907206051 -0.141723809402845 0.0507080827353107
0.0109028180939402 0.0434446834740531 0.0254488472793048 0.00666189805968259
0.0250624720009211 0.0177991018154629 -0.0104631917512436 -0.13129485647319
0.0253750822794542 0.0125283006314657 -0.122732910213846 -0.116339033280358
0.0268780763191496 0.00194438114257676 -0.170345817815036 -0.000608017103552671
0.0297995947346569 -0.0191774076746441 -0.120880495074588 0.0933102472449617
0.0117653775241167 -0.0336526974484399 -0.0520020131698812 0.113668539040319
0.00398279054328559 -0.0368930216013706 -0.0161913858371667 0.0964257890763517
0.0116714473372739 -0.0457048231778774 0.00172336453438653 0.0905769282748733
0.0383027166710743 -0.0379573801064007 0.00867418018562551 0.0949651738631034
0.0519631514512748 -0.013269575517283 -0.00204820322526624 0.104742863513619
0.0678403320546511 0.0232478438101011 -0.0539578688687642 0.12520409269814
0.0403964969647816 0.0636410633983937 -0.126484946038884 0.110962257506566
-0.0139224971978239 0.095102830695904 -0.15001094042688 0.0647297492028745
-0.0627626751100021 0.107499643455061 -0.136408938099404 0.0758444881472581
-0.077346860131041 0.11625371923989 -0.118215181385737 0.0100159002466908
-0.0206945061299249 0.102256849480234 0.0436969390228109 -0.0136981428450728
0.0462324498954506 0.0797434914000386 0.00506835277959908 -0.152226609581997
0.082107949666015 0.0371626001253853 -0.118151632696286 -0.139545013962819
0.0705605302011748 -0.011216730602968 -0.166551807228801 -0.0174245080382714
0.0564248671120503 -0.0453855342052982 -0.117032006319349 0.0759671695028453
0.0225493932952924 -0.070702362311524 -0.0446100172910688 0.0929966545652641
0.00686825125597713 -0.0735542939764865 -0.00925794393758965 0.0730760441683182
0.0166012646100123 -0.0814162288476455 0.0140558721842093 0.0663283564644355
0.0599487065980869 -0.0671390232038338 0.0303852193789673 0.0728696129100211
0.0873754162585695 -0.0284999625721222 0.0320611946008531 0.0917693002659048
0.117294380306373 0.0355238580074414 -0.0184026883028109 0.127644497739024
0.0666193662034676 0.10678208878173 -0.0974394033480868 0.12377046836917
-0.0307091593449937 0.141252889179329 -0.117307633193843 0.0685493342439209
-0.108917273762744 0.142848734091724 -0.0856620956165725 0.0572239598274721
-0.123968704219231 0.127610856352686 -0.0683627754853605 -0.0309051743537601
-0.0616665844380778 0.147315991867298 0.0768855014706571 -0.0371681824824588
0.0517458363677523 0.139991756157917 0.0342788730756484 -0.168152745343215
0.128093678499179 0.0694026293782008 -0.0960947270547201 -0.161285122941518
0.110957808969372 -0.0172665172744606 -0.146936719458861 -0.0398739401369783
0.0796747441965106 -0.0642271005398029 -0.102301859614583 0.0465774013030586
0.0329068397092386 -0.0977026031438677 -0.0314745862492941 0.0606175987102409
0.00836670224949891 -0.098794108021879 9.88112744345718E-05 0.0400680249322683
0.0152244299219611 -0.104218800011108 0.0254949630923875 0.0312636179809483
0.0663936669144663 -0.0872642521504271 0.0509457413589666 0.0396299595849688
0.103770203355524 -0.0453890025883872 0.0665561932194696 0.0675472242345002
0.147226833479958 0.0313228828215293 0.0217365537459061 0.120590313997753
0.0891087964522043 0.124592799208339 -0.0632027207839515 0.12988082996883
-0.0340820030465817 0.163914598236102 -0.0868472507571388 0.0643596534159698
-0.133796868663383 0.158734399701703 -0.0309780267354635 0.0290275942131863
-0.150235563400829 0.116075228697258 0.000821389221784827 -0.0670339399877688
-0.100076304981541 0.162617001669881 0.11871655449618 -0.057042787820802
0.0367874442380303 0.178953332507141 0.0729415527218121 -0.169861337101401
0.146980033654333 0.100602021878338 -0.0559687906817735 -0.170065216980739
0.135256475373971 -0.0138606876789954 -0.109343153342528 -0.0620052518074265
0.0933544385903785 -0.0704802210743709 -0.0758041164660915 0.0100626963191266
0.0388309120009959 -0.109215387917375 -0.015725338929431 0.0214735093476095
0.00887357374763112 -0.109560534508133 0.00959723906006803 0.00164938686817288
0.0112614391147313 -0.11214683043374 0.0343464705109265 -0.00802836964710464
0.0620082799837213 -0.0949121213058809 0.0662646826185115 0.00156710319461632
0.102923470350807 -0.0535969122726627 0.0943178076181143 0.0377802666088047
0.153285445124117 0.0258364113250037 0.0553708880259362 0.103778947671565
0.0945953729185062 0.125271141517478 -0.0319241473780298 0.125195585098917
-0.0367813253491547 0.162956135024974 -0.0619716872549534 0.0524023134682612
-0.141302552603004 0.151000877708433 0.0211612067458917 -0.0028376092117618
-0.147014189378889 0.0856617185496931 0.0758706694138471 -0.0913050496653132
-0.119120635542104 0.142954295478294 0.160396907921796 -0.0694088949800948
0.0114395550295962 0.179628859061228 0.110245397132529 -0.153874689349102
0.134478423013893 0.114535188822363 -0.00879898917329727 -0.161435396339205
0.133171984091711 -0.00581316780911846 -0.0608042051537138 -0.0768168563819924
0.0898400387159496 -0.0641910088776208 -0.0414285071351512 -0.0265777905362416
0.0377757029182522 -0.102457661347175 0.00079345184241852 -0.0189822881393492
0.00661844324731361 -0.103477836700141 0.0183822182027 -0.0357312457295841
0.00692945204080526 -0.104919389309276 0.0406637480632788 -0.0458043455941234
0.0515998709709781 -0.088752130373258 0.0769560782752249 -0.0330982922840221
0.0917626652025433 -0.0512605840445876 0.113458623451186 0.00969970182090427
0.139498299528199 0.0238063627811188 0.0790591131649405 0.0850048012055542
0.0817063877176929 0.115894369107751 -0.00763862347078706 0.115165828157547
-0.04344400348183 0.14314662101213 -0.0425364041926706 0.0380554864618003
-0.135587696546616 0.119407639612047 0.0660206153074703 -0.029988636798575
-0.113152474184434 0.0424864030509676 0.140061951805334 -0.101866649569019
-0.109286707760078 0.0965851293430381 0.190963781157511 -0.0741992983841584
-0.00916260506336854 0.140599843741148 0.136143151657252 -0.12832244968367
0.0978560379977533 0.0977428436210653 0.033026042634011 -0.14133920189153
0.10273273941409 -0.000816098445884504 -0.0156305427019361 -0.0853195452448982
0.0681071425790578 -0.0477138510256198 -0.00962958954458498 -0.0580836228547133
0.0281221402143964 -0.0790983111299667 0.0138584617161324 -0.0545108891342408
0.0032512702090534 -0.0825700707787223 0.0248403692904857 -0.0676162195021492
0.00313730735225044 -0.0834579761176222 0.0459298887574731 -0.0767615239210406
0.0369089963910713 -0.073052070123853 0.0866563555087537 -0.0601603796552671
0.0733507677154965 -0.0423469096831128 0.1277774207235 -0.00974520643454141
0.112079766875296 0.0233637767046722 0.0941817627228136 0.072880152676395
0.0573614241873176 0.0981903325679629 0.00994231015377053 0.106139409080981
-0.0514226071822456 0.109139969850937 -0.0260279964893227 0.0276162501931551
-0.116680588128417 0.0723446859385175 0.10293934667497 -0.0482913538552968
-0.0572281234845698 -0.00787607965011431 0.180294066492129 -0.0987847424175865
-0.0707447510634156 0.0340345516786169 0.201517326594832 -0.0745709824827301
-0.0158762457207972 0.0718492376685286 0.148038911416558 -0.105077608880069
0.0489820801356017 0.054987138476991 0.0599333211229571 -0.123815379897176
0.051984801903702 -0.00127399428777876 0.0125590877654847 -0.0931017261854722
0.0319972779720719 -0.0248840330139563 0.00886041470131181 -0.0806823216781212
0.0121701526938933 -0.0425125938841176 0.0183473004212905 -0.0793559800950311
-0.00176502250672774 -0.0486193949171348 0.027284597818001 -0.0877773037968851
-0.000989590217262393 -0.0509698982319388 0.0492448500558285 -0.0986366914897993
0.0190708531448084 -0.0495536479954502 0.0952269193517163 -0.0771270665693234
0.0483025732853777 -0.0302603995730586 0.140253693314433 -0.0197015899372166
0.075030244045004 0.0184601878386903 0.105840140348961 0.0703189029407855
0.0286696074433647 0.0697236246234412 0.0221090897927239 0.103316858639942
-0.0514128051050326 0.0650312318176984 -0.0160163513740709 0.0225079568763381
-0.0828349684071179 0.0174235235945526 0.127549398314037 -0.0555213091666908
0.0275875387147779 0.0353530540845634 -0.133832010658605 0.0759952764009435
0.0282762538803103 -0.015177611043543 0.0220697266577036 0.0201015762631667
-0.00391912564066379 -0.0329439864765885 -0.00875384941347634 -0.107952321985698
-0.0276430625892166 -0.00326165112035655 -0.108674616771216 -0.0956993318513841
-0.0114396067556654 0.0155892620761781 -0.156282502551724 0.00441496018811611
0.00481437126590431 0.00902917916347848 -0.111941220233945 0.0910182139520379
0.00282302592207723 0.00658913691502757 -0.0535884817566158 0.11340640956817
0.000560312804027285 0.00445972798839697 -0.0212709776579283 0.100526911448789
0.000464781752012395 -0.00337860270470545 -0.00831048726169602 0.0947357164969967
0.0030992677443613 -0.00655992731271594 -0.00626218441135574 0.0972448884243926
0.00263029477341026 -0.0059445286621911 -0.0222917230972361 0.101793062125031
0.0117700139103944 -0.0109068673784173 -0.0710260405978601 0.112759812465114
0.0245807231939113 -0.000660593633381631 -0.136925947385593 0.0942601674841657
0.0231169419340294 0.0348814851947341 -0.171805712698762 0.0499843072344729
0.00185086413128169 0.0568837752618936 -0.165956896638426 0.0778176086546164
-0.0221042291849635 0.0791427933034415 -0.136081861207843 0.0473901592415824
0.00948721489181335 0.041658037616947 0.0242311997818369 0.00725089979442752
0.0236238977690134 0.0173397129759586 -0.00866444368952339 -0.123746186330025
0.0247221608276539 0.0119470754240582 -0.115950915220299 -0.110993797248458
0.0261551755385027 0.00152532076303649 -0.161158575556966 -0.00202584403268151
0.02841214825359 -0.0187636850288848 -0.114553915671116 0.0867908853350831
0.0111101118601813 -0.0323603629149672 -0.0502121717266437 0.10670062057838
0.00388788313063943 -0.0348475068394512 -0.0168270961537415 0.0907883888252761
0.0114273079284421 -0.0433577768897028 0.000846372697392402 0.0854231786059893
0.0369667644824746 -0.0361186830339949 0.00726849666457947 0.0895959458220128
0.0501323313713314 -0.0121860738780136 -0.00314529722549954 0.0987575319169693
0.0645861573919423 0.0228495454669205 -0.0514635278801287 0.117360135207067
0.0378195702837002 0.0617818384855073 -0.120071741232959 0.103991137021767
-0.0145030690339889 0.0905200341108356 -0.143978788026623 0.0599815778752069
-0.0603280928170224 0.0999662119545866 -0.13277449968437 0.0711860413382406
-0.074505411006403 0.10907812973933 -0.112760276963957 0.00922377640297724
-0.0212440080727398 0.0976757623466548 0.0416024386910987 -0.0114865693679719
0.0437297818597112 0.0758321407336691 0.00598517483562036 -0.143112505266321
0.07876932875861 0.0359781404526587 -0.110939409275633 -0.132786356648022
0.0682167442458021 -0.0105386461920888 -0.157813897271246 -0.0183343146499829
0.0539179694858662 -0.0434544416540932 -0.110775488531373 0.0705749681382983
0.02211914160156 -0.0673240606153995 -0.0427133221955645 0.0869684795468847
0.00675903035698762 -0.0691499808912518 -0.00976667066477709 0.0688902812891129
0.0156275684907802 -0.0767083768615201 0.0127724089566451 0.0623080502923455
0.0575963320054691 -0.063290424171849 0.027844992468325 0.0682604752116154
0.0833351106289134 -0.0271127603388941 0.0295052085672238 0.086635041737193
0.111610930336447 0.0342591384350526 -0.0175814295090392 0.120421365594614
0.0620513935141165 0.10286198429766 -0.0934120696741382 0.116925166004519
-0.0311955063336902 0.133634651420191 -0.112813054088318 0.0641454465874312
-0.104590724638528 0.133203483855781 -0.0843027951767038 0.0538928952116324
-0.118262864702533 0.119404238944087 -0.0643488996207398 -0.0287656237886884
-0.0602119841786932 0.139957956072578 0.0735316765333116 -0.0330570423023525
0.0478851724836117 0.13302426571474 0.0341974244104977 -0.157733291900785
0.122041298934295 0.0664219324785453 -0.0891966208863844 -0.152953586957055
0.106429684079204 -0.0155731380748805 -0.13874898986588 -0.0390745495956875
0.0761205061945203 -0.0612520895160566 -0.0963462534263898 0.0431324276547774
0.0317870340133548 -0.0928995196765868 -0.0305929562708084 0.0557148125525024
0.00819454891080863 -0.0931116288048762 -0.00098834779321107 0.0370390451744339
0.0142582147113093 -0.0982540709609914 0.0236669138603017 0.0294490266867615
0.0635866093280057 -0.0831664349739828 0.0473812530957295 0.037313134031911
0.0987308385084904 -0.0424226384289058 0.0629817709478209 0.0637225503736992
0.139671367529339 0.0302984931833336 0.0211848581050171 0.113478706035422
0.0843006148333108 0.119628267567232 -0.0606697848544462 0.122817398564945
-0.0343962973191907 0.155180095405036 -0.0835213406177801 0.0607428083965388
-0.127549370331894 0.148815835422221 -0.0311071259419866 0.0272709970202322
-0.14294798599523 0.108962769729788 0.00138333800996275 -0.0624795778370723
-0.0969701315103383 0.153950927364151 0.113260036455711 -0.0510534881987893
0.0342080397448707 0.169010739478983 0.0709242316048491 -0.158903391337621
0.140213688631984 0.0961765114699853 -0.0511247257069154 -0.160801547816471
0.129104280979821 -0.0123017315687756 -0.102409953157439 -0.0597163797984297
0.0893636412929455 -0.066581724584397 -0.0708578442854029 0.00820852586677879
0.0374874683481806 -0.103385836359 -0.0155153325633605 0.0184892166951757
0.0082340629667434 -0.103118188767545 0.00878878998539582 0.00096564250600277
0.0112380505573011 -0.105720834602442 0.032578952186307 -0.00840834257039335
0.0594690879827856 -0.0895878204628457 0.0626350197746692 0.0010737703112632
0.0984564594736864 -0.0502626355023099 0.088949388916795 0.0355332741090922
0.144881016184856 0.0249392163952462 0.0529401526451032 0.0984241795355954
0.0890729993461447 0.119475606979381 -0.0307050233133009 0.119234680061843
-0.0367286630995741 0.154479584822265 -0.0592418578700576 0.0495822142720893
-0.134515217765801 0.14122299778021 0.0187858680192689 -0.0026474073516093
-0.139326889284374 0.080056201575804 0.0737827062599216 -0.0847479567568968
-0.114848993631802 0.134715037658488 0.152778317554215 -0.0621465304162139
0.00973851026659086 0.169915322827427 0.105684446422601 -0.14357712787838
0.127648535314415 0.108701321889513 -0.00651023869928413 -0.152236832689247
0.126510688148263 -0.00455387048899415 -0.0560763166177424 -0.0733708398978052
0.0860844827140321 -0.0602742344089095 -0.0385201719146157 -0.0262161980971584
0.0362566864677788 -0.0964773808029027 0.000913279156287755 -0.0197589993326954
0.00639716460828428 -0.0977246484429483 0.017242761281351 -0.0345399232162783
0.0066408231372612 -0.0984946346493799 0.0391639991018644 -0.0439377629224747
0.0495792398986963 -0.0842279493402513 0.0731340341484979 -0.0312253710267639
0.0878810609564204 -0.0480449938386657 0.107198865992481 0.00931231595566611
0.131804482650529 0.0230939844559109 0.0756926797285491 0.0810765884859297
0.0764801265785806 0.110117812627209 -0.00748042065439426 0.109699799525726
-0.0430118163891998 0.135503435109194 -0.0404911236800743 0.0366830746805423
-0.128507085934525 0.111919485346848 0.0617711021148524 -0.0280349080867961
-0.10705768522272 0.0394070845033061 0.135804178791028 -0.0941509530324543
-0.103709774771137 0.0905066936806239 0.181706756258386 -0.0659538076484232
-0.0088129494098388 0.132159975386292 0.130330337347608 -0.119046599170638
0.0935903204438573 0.0931126134679877 0.032699589206764 -0.132960766160047
0.0974915957703613 -0.000133395955475762 -0.0130072197207299 -0.0811304807510096
0.0654156460515267 -0.0447685948314067 -0.00798365631815908 -0.0557000046553027
0.026761411594892 -0.0741618992298008 0.0131835101898078 -0.053353119898081
0.00322484490519424 -0.0772971222057842 0.0238514944164493 -0.0648884478882756
0.0028271268466481 -0.0780633729550173 0.0440200790562629 -0.0730811495034274
0.0353709189038724 -0.0686535429238918 0.0822801470439342 -0.0568453475989387
0.0696901316188291 -0.0398473342384406 0.121337377251823 -0.00919659299872595
0.105641813195809 0.0224637947438415 0.0896304350287274 0.0695028841060022
0.0535981126098591 0.0926844134349744 0.00937434432887492 0.101082811844915
-0.0494833662205661 0.102864271164448 -0.0253936337450389 0.0264766035521885
-0.110241410365679 0.0674841854360722 0.0972237402498731 -0.0451768150872914
-0.0535851070622538 -0.00757985489207974 0.17389205288552 -0.0918594206592593
-0.0660391650948847 0.0319754488188411 0.192374868629405 -0.0670233938487334
-0.0149294548964218 0.0673584788742032 0.141657574003147 -0.0975721419714457
0.0462551065014485 0.0518968662707376 0.0583888717833633 -0.116218526809082
0.0490486470837957 -0.00114709213607543 0.0131450809606536 -0.0876169192825379
0.0306922526397385 -0.022798688079326 0.00937664151380815 -0.077155699142015
0.0118347823375121 -0.0399013439541748 0.0183948730692917 -0.0764063921502344
-0.00156027319501074 -0.0450582211066056 0.027048045999838 -0.0845044243478263
-0.00059239971877827 -0.0476170358994077 0.047430824248605 -0.0930339928818894
0.0181591521416668 -0.0459741418628065 0.0910320165314932 -0.0725354290766799
0.0461679020350184 -0.0279916046412631 0.133152951037908 -0.0181560577589604
0.0707676274944471 0.0175371607440541 0.100171042056426 0.0672240052357321
0.0259929438711942 0.065674629510312 0.0208810503236666 0.0986156854519733
-0.0492056848158288 0.0609046469132772 -0.0153236392563552 0.0215868068903016
-0.0773452483736174 0.0157254408912908 0.120882947318407 -0.0523344206926724
0.0263208189990974 0.0347955921544339 -0.133871364785599 0.072154382614469
0.0280154469230191 -0.0139151527270237 0.0219074538213651 0.0209061109674225
-0.00352387287160224 -0.0320248720456933 -0.0060039105428699 -0.106114000919936
-0.0261702900395477 -0.0042446011542715 -0.104797795105985 -0.0958429384211267
-0.0110481279969399 0.0149292054100272 -0.153955551696594 0.000910222618609029
0.00411134003699429 0.0080099380858846 -0.111873301887858 0.0867325360215086
0.00276238619965365 0.00613346890387294 -0.0544905379209865 0.109880750626727
0.000691871772744792 0.00413745163938185 -0.0231552647150467 0.0987653793444277
0.000919424647236982 -0.0036300481832364 -0.0106083687750663 0.0930195650365707
0.00327029455281982 -0.00683296980764003 -0.00845298570093807 0.0952193303804182
0.00322041360635262 -0.00556463549954934 -0.0246746941837428 0.0993502284591963
0.0124675260623216 -0.0098216081537098 -0.0728808937350881 0.10777739258733
0.0241055032555023 0.000679651833104346 -0.136653670441594 0.0882633164691807
0.0215133774497898 0.0354848645116278 -0.171692288288083 0.044356791609217
-1.8396808125667E-05 0.0549302449751608 -0.167379074963118 0.0728855132871419
-0.023592650490796 0.0765589282510717 -0.135063253107634 0.0435772020583102
0.00827279178569203 0.0414848203693116 0.0244275648364627 0.00862736870213525
0.0224564102427092 0.0177938876954965 -0.00478014289036154 -0.12115140169196
0.025009147276892 0.0120196765580662 -0.110964439244024 -0.111146460035161
0.0266284408629079 0.00136662656548372 -0.158649832870407 -0.00607258750706838
0.0282317767294853 -0.0186405220409749 -0.113776447923813 0.0823279997097088
0.0115960862295887 -0.0320415095020551 -0.0512682226773371 0.102820931276269
0.00463360078988959 -0.0342946770809287 -0.0188777570661743 0.0888494670821049
0.0117711324377012 -0.0427598785562566 -0.00124256845446687 0.0841247238158074
0.0373286880529792 -0.035370889385318 0.00459553930376482 0.0875779985229059
0.0499390565473701 -0.0113661868974036 -0.00557180554629154 0.0965641819263988
0.0638596490527315 0.0242861453182112 -0.0525415257626375 0.113343839143789
0.0359395843475186 0.0626462976343285 -0.120363670362349 0.0980971932511352
-0.0175773773135816 0.0892969185443123 -0.144337154972874 0.0547469807185371
-0.0619417527753232 0.0959624186955444 -0.134262125805668 0.0670820855058025
-0.0755459004881739 0.104832871942242 -0.111780978481153 0.00756709555948299
-0.0235634475749718 0.0961719340135484 0.0415330487552159 -0.00931639628955877
0.0413037591221039 0.0758375369463131 0.00983405148608743 -0.139211484413125
0.0775348358535996 0.0362944281021258 -0.105714888530234 -0.132947145014237
0.0683948745770612 -0.00934574081848604 -0.154162905769302 -0.0212626347990849
0.0540024983771316 -0.0425410989425524 -0.109844342316032 0.0660443169639576
0.0228784851209892 -0.0665170617174359 -0.0438685274446931 0.0833688999915573
0.00783838992787402 -0.067486512362357 -0.0114314999182905 0.0673008847795261
0.0172753077018718 -0.0749054147343958 0.0109661336139599 0.0610863663231594
0.0581294348082802 -0.0619227078044977 0.0251655558830967 0.0672283796123012
0.0833319791609942 -0.0250149785277349 0.0267004687516848 0.0851955427876247
0.109446992528472 0.0362259993133475 -0.018968997350619 0.117154333054896
0.0594285539154665 0.103092850248344 -0.0943124767949881 0.112790487934434
-0.0348678994043251 0.131179422844192 -0.11322917070596 0.0604567938655527
-0.105818385954749 0.127900042154812 -0.0857543560664875 0.0513189267890513
-0.119136255497276 0.114568468372481 -0.063005845283244 -0.0285201640062779
-0.0632791873924186 0.136483095285722 0.0729894758187808 -0.0290461577049837
0.0444518919821945 0.131150527323222 0.0374343748458925 -0.152759326039113
0.119744187114961 0.0674825541726135 -0.0838112277090266 -0.151547617342193
0.10604443499757 -0.0134825802316831 -0.134860437829284 -0.0421257984826357
0.0769928112707269 -0.0591853042960651 -0.0946660188662362 0.0391084169530103
0.0328751924310637 -0.0908465401976599 -0.0317983189575163 0.0529935904162099
0.00994135736525927 -0.0907948293424766 -0.00194466565714238 0.0357944928338103
0.0160018173350805 -0.0959036881070088 0.0224038016050413 0.0285387248979797
0.0643720472223428 -0.0808000884822836 0.0454834434393183 0.0364418493778576
0.098401058746114 -0.0402545154443913 0.060226090645465 0.0630388862946149
0.137179336680924 0.0330460256851188 0.0193868979171415 0.111870944230595
0.0804542266670061 0.1199357007263 -0.0619307613866573 0.119816597530788
-0.0381557514536507 0.152438280679152 -0.0841021453586829 0.0577392283877223
-0.129093232349556 0.142660693681498 -0.0331083958542387 0.0265255783804853
-0.143301264555125 0.103272166472583 0.0032050375801963 -0.0599800125419233
-0.0992616025388758 0.149513223342729 0.112450385139908 -0.0454461512716931
0.0301907792976907 0.166615203851997 0.0734626824742924 -0.15257401764248
0.136734736713775 0.0973002620153493 -0.0457116638447394 -0.158748841335765
0.128320882609563 -0.00943756295335179 -0.0983894938599367 -0.0612070504696458
0.0899336783535022 -0.0640307029067176 -0.06918125553992 0.00564308077837118
0.0387398821270289 -0.100759569077122 -0.0159428026826822 0.015928792989978
0.00964083306642505 -0.100409611507861 0.00806567717078627 0.000240936282381025
0.0127519860697319 -0.103095674253831 0.0319199858474538 -0.00774795575281092
0.0605063278355563 -0.087141395826361 0.0609908212019775 0.0023682820128644
0.0981675658652108 -0.047753324097925 0.0869731112626978 0.035683722798892
0.142543141678741 0.0275391829454846 0.051556807057215 0.0968236697052181
0.0853469746520946 0.119401485216186 -0.0321508448308967 0.117022944520267
-0.0402299206821043 0.151300243272942 -0.0597780442477275 0.0479798192560447
-0.134759744368001 0.134933336554612 0.0172959810931586 -0.00188275949848326
-0.138578781123253 0.0755966077082241 0.075796754279131 -0.0803113246905382
-0.116199045962879 0.130184821221529 0.151616518811751 -0.0553659345886759
0.00596508396997236 0.166400572836442 0.107028879697999 -0.136900409212908
0.124337588051563 0.109233320626373 -0.00224304819625575 -0.149097420077816
0.125279008932849 -0.00142484223283539 -0.0525868990486068 -0.0735058416370349
0.0865051729947863 -0.0577924500494307 -0.036126468682371 -0.0273418228746424
0.037847676302867 -0.0941835866484556 0.000280382402112832 -0.0209958195358535
0.00780068958095721 -0.0954569630787235 0.017423028994577 -0.0349233818703332
0.00827365480531848 -0.0958737842602909 0.0393924431508189 -0.0424046314760193
0.0505398276029828 -0.081553784649034 0.0723338108738245 -0.0293400762524159
0.0876195098511702 -0.0457970523812915 0.105303569872714 0.0106899455829028
0.129065517475814 0.0251898746522494 0.073482521339365 0.0808591082735666
0.0729787212640908 0.109621619727102 -0.00891236312249691 0.108397268495995
-0.0456219177121636 0.131888922618551 -0.0409956400131593 0.0355130177036989
-0.127986583031168 0.106105426078019 0.0603930999841778 -0.0262521338672689
-0.105646177711544 0.0361370033560732 0.137724822094326 -0.0883134245015044
-0.103672950018923 0.0866409410740745 0.180844545519459 -0.0590512997987283
-0.0115300044534959 0.128954232910992 0.131377533845884 -0.112777310802425
0.0898572281610597 0.0927963915653218 0.0361750667829186 -0.129056952081143
0.0960641943205638 0.00201058442373687 -0.010205490899386 -0.0799673460293876
0.0653195405629682 -0.042536763187005 -0.00607375780471403 -0.0557377833398911
0.028056600054275 -0.0723255913020296 0.013767535772836 -0.0536484972841517
0.00460253952589768 -0.0753604216316475 0.0251650229471407 -0.0647069070651187
0.00387480394677275 -0.0765109418494554 0.0452669691046316 -0.0707761770781785
0.0363948157323574 -0.0664714513659997 0.0825772881755951 -0.05377777368228
0.0695254667416814 -0.0373514093453511 0.118867501056667 -0.00637663669194656
0.102896131937541 0.0242990274817693 0.0873772231611997 0.0701642954276026
0.0503040522257595 0.0918368742007639 0.00741131468939805 0.100121591739775
-0.0512154280019581 0.099925363522192 -0.0254017096332305 0.0257120315003839
-0.108170621525347 0.0631485387203336 0.0959873349053674 -0.0428600951537224
-0.0518103459269217 -0.00867251080228588 0.175185289491518 -0.0853417376746909
-0.0650200452349201 0.0293182333827649 0.191053655258016 -0.0592651430124947
-0.0159251719074923 0.0647405919396949 0.141827117629689 -0.0914103054005466
0.0450390178682756 0.0517516554345303 0.0604269631131632 -0.112341835516783
0.0478262794843284 0.000216245478972036 0.0158209889227877 -0.0857340108469205
0.0309247551201582 -0.0213706682265516 0.0112168588899397 -0.0760757044469012
0.0125272580281251 -0.0388872993620357 0.0193176640558655 -0.0756002251588491
-0.000938459062323973 -0.0436158759058296 0.0279710505349532 -0.0840164831101558
7.93251780745238E-05 -0.0463704371376526 0.0488381662100924 -0.0908267367066724
0.0188783215740103 -0.0441937143246857 0.0912895581842012 -0.0687896430063742
0.0459789822036342 -0.0266024309068381 0.130753641557802 -0.0148001832873587
0.0684496859258979 0.0190799327166371 0.0972612474674703 0.0681960221816883
0.0237232303446208 0.0644693483011412 0.0188389129288212 0.0977140339474487
-0.0492113917804738 0.0584421502522353 -0.0158467465212752 0.0211527840669632
-0.0750196549760192 0.0137582159998679 0.119716995307981 -0.0488490717391225
0.0265249039129573 0.0345716581273454 -0.13803869035694 0.073256333735378
0.0286736991466743 -0.0142662757245989 0.0234487766938672 0.0216971794987325
-0.00315837973437758 -0.0321483092708238 -0.00445295078104012 -0.107872242650267
-0.0257769125738413 -0.00443506590646515 -0.106172135213033 -0.0985369007339231
-0.0108309925187111 0.0141736866309571 -0.157067322155905 -0.000910237263418729
0.00406660838938116 0.00756595205444375 -0.114758795980057 0.0865814016847135
0.00259537821483893 0.00552404337942924 -0.055925226868598 0.111153025580068
0.000896341915930777 0.00384081792451211 -0.0249163785326282 0.101087762231219
0.00120042758734155 -0.00410667407123162 -0.0116990861692868 0.0953043713436612
0.00402718214570454 -0.00702269019619505 -0.00990223110295504 0.0968979080492663
0.0038637506173163 -0.0056827689968588 -0.0268489116128368 0.100634418246471
0.0132859239502397 -0.00948231614778541 -0.0752927055969586 0.108051175727363
0.0243313006582346 0.00246407716415696 -0.139761572712579 0.0875732890529805
0.0209281666841422 0.0371177979487994 -0.176497330828635 0.0421615260860268
-0.000760472084930254 0.0552625308208978 -0.173704886311154 0.0717313691300644
-0.0250634226043468 0.0766033636108798 -0.138792066660315 0.0439201960353254
0.00764378772358739 0.0428644769529331 0.0254904477648279 0.00977832697992355
0.02275531888714 0.018978967356734 -0.0028538821250059 -0.122462196260238
0.0267182629983127 0.0122429532506147 -0.111736099402011 -0.11473750468812
0.028498846081952 0.00107019601933302 -0.161359984094003 -0.00810430066549693
0.0290968742845743 -0.0196402048100248 -0.116290582825674 0.0819144083509357
0.0121138482260686 -0.032966428982856 -0.0527446794038898 0.103879847718545
0.00479002893717066 -0.0348725814169971 -0.0206446615454949 0.0903687358841713
0.0125852064244938 -0.0435841246545712 -0.00259403836548657 0.0855477996477717
0.0384168667636679 -0.0362790946686233 0.00356155015999315 0.0892615277837456
0.0516886370524521 -0.0106141738264225 -0.00736968917015992 0.0977087177221411
0.0650902251623504 0.0255605254995132 -0.0547590768144105 0.114003611251994
0.0363604028859798 0.0653488433022168 -0.123479516365619 0.099020812203102
-0.0195430154813361 0.0914578248729878 -0.148957438035459 0.0538662322477201
-0.0647439935815123 0.096548256866451 -0.139440858491801 0.0668760644088045
-0.0789863274388019 0.104977550154855 -0.114463604624375 0.00736959336525387
-0.0261037060821961 0.0985803976286637 0.0432349293166208 -0.00764264706278556
0.0412886811236937 0.0780621753142687 0.0121183953513495 -0.140764842239781
0.0800618552021505 0.0383150746496631 -0.105711647822768 -0.136256653124723
0.0708589847185939 -0.00921894728803648 -0.15677857299361 -0.0243846396772835
0.056024953635602 -0.0437127305969941 -0.111841986995934 0.0655728161880537
0.0236400962344023 -0.0674847922881568 -0.045965321110731 0.083349888771755
0.00851697969396336 -0.068937346681207 -0.0127706208286267 0.0680341269906692
0.017988646926956 -0.0763004618969194 0.0102164856255353 0.0618849460250296
0.0601011613920108 -0.0632102115904008 0.0248021186185928 0.068279956362572
0.0853733205741294 -0.0249569591977099 0.0259137409010985 0.0867010343421373
0.111929357464859 0.0380405692367036 -0.0198383403175645 0.119210646467322
0.0598346268791728 0.106749125291729 -0.0969400036039671 0.113819834476294
-0.0378450533502895 0.134328865994706 -0.117222170909247 0.0602619355062025
-0.109276310978956 0.127995720130438 -0.0904298433702225 0.0512559990449098
-0.123092782151727 0.114718284931262 -0.0635353927974692 -0.0286949188412005
-0.0667687438138341 0.139609075392081 0.0751688478158997 -0.0265506770603036
0.0439117941400427 0.134623692011317 0.0408782612392137 -0.154027141051755
0.123035359506507 0.0703086836639856 -0.0831499444621333 -0.155487865096054
0.109558323212537 -0.012954266729813 -0.136859219156983 -0.0451952452685948
0.0798363512201663 -0.0601732262732693 -0.0964849702547581 0.037893950283089
0.0343011826718497 -0.0925925879050423 -0.0333156335147887 0.0522107632520452
0.0104838077343978 -0.0926260666542595 -0.00312285910829696 0.0355258089029472
0.0171004709919099 -0.0974122357255771 0.0220918937075475 0.0282500876210939
0.0662845329537821 -0.0823686019759785 0.0452661483310355 0.0373386271481628
0.101408032515261 -0.0404439573302323 0.0606402299337658 0.06434453662967
0.140568858957336 0.0349269192862774 0.0192829794156081 0.113625442460512
0.0811120939314584 0.123575843473503 -0.0642315247705996 0.122110609992223
-0.0415635670855041 0.15591495122912 -0.0868803015190264 0.0586551109861478
-0.133148245770261 0.142507578659386 -0.0356907668679596 0.0268651348487841
-0.147309494822639 0.103445230590498 0.0050017211228843 -0.0596485212458286
-0.103667011220017 0.152224557835517 0.116036046986593 -0.0429157288784835
0.0287998103348024 0.169883562555244 0.0770416181732752 -0.153192468876836
0.139813304367183 0.099988953728729 -0.0444393074364372 -0.162058740110212
0.131941366900977 -0.0085275845871694 -0.0988164373503414 -0.064233708197549
0.0929255642868132 -0.0652848603591556 -0.0697921609314373 0.00440224551422962
0.0404883486724833 -0.102440216970001 -0.0169732226113565 0.014940164851689
0.0105573509241894 -0.102326923375142 0.00814792227621885 -0.000862314069789119
0.0137696017141825 -0.10418174425142 0.032686386470334 -0.00859101555724373
0.0623947664903426 -0.088842359490337 0.0619735817371139 0.00252077202539296
0.100733739986154 -0.0481791064059502 0.087875967128739 0.0367314108174525
0.145636767995379 0.0292647285221697 0.0528454844275853 0.0984193936430034
0.0862871033073522 0.122930681020834 -0.0332793091678715 0.119654674814851
-0.0433430556706443 0.154369760082554 -0.0616600659817359 0.048610324976744
-0.138880543972236 0.135022552399498 0.0164906749372006 -0.00196378544000535
-0.141875598399787 0.0753804980700674 0.0798948822035878 -0.0800233553007141
-0.12061745171148 0.131492764553327 0.156475158248096 -0.0523764431527917
0.0043380553525506 0.169371661040745 0.111834981849611 -0.137108361935584
0.126949083448823 0.111946566747088 -0.000148722934865161 -0.151143844493408
0.128487781361807 -0.000297217206030662 -0.052177809425868 -0.0758250393075779
0.0895187600245962 -0.0581902059347229 -0.0360681220294598 -0.0293792478111607
0.0389863016038297 -0.0954477283479146 0.000171740033649101 -0.0230315828383205
0.0084725969968062 -0.0967372542043052 0.0179741746399006 -0.037019566215419
0.00930857833129528 -0.0973506782525312 0.0405724105964037 -0.0437325593619976
0.0522386445701282 -0.0827455920895891 0.073975024588925 -0.0292854963923397
0.0895854789376434 -0.0458722899677084 0.107134154616317 0.0114307509197569
0.131818924371121 0.0274962113705015 0.075332519194187 0.0821143013419946
0.073391198289398 0.112670027305782 -0.0097307515546398 0.110980884866103
-0.0484907450226386 0.134028604809805 -0.0418996472943902 0.0364607983533212
-0.130895910637378 0.106186254072216 0.0612396093182691 -0.0264048890100091
-0.107480476233508 0.0356226632655536 0.143659310920092 -0.087823364758349
-0.106622679806442 0.0868807689582722 0.186057697016421 -0.0554649739238486
-0.0126510482032503 0.130728448158067 0.135486918285351 -0.111990993786049
0.0922929594752331 0.0947891942808062 0.038422840894454 -0.130069973981051
0.098299980376937 0.00326526623475772 -0.00936309564157144 -0.0816965900568558
0.0679686880051696 -0.0426821912630736 -0.00536196378804317 -0.0577812846483508
0.0291614727359444 -0.0728279735634744 0.014263090108006 -0.0558691079317142
0.00456018317198079 -0.0761849187455162 0.0250752383917767 -0.0676761707751395
0.00501939058597841 -0.0768900039222943 0.0469215367704679 -0.0725959122889715
0.0375096485313918 -0.0670736986534586 0.085045103478579 -0.0541493791034532
0.0716278769741613 -0.0373904241759245 0.121383816063973 -0.00605774738641633
0.104684475273583 0.0257909777825151 0.0893199588751359 0.0722819790974275
0.0500036165757243 0.0938661884854239 0.00692031735096869 0.102964195306674
-0.0534582856791956 0.101018268615118 -0.0262546613713532 0.0264252644714593
-0.110169723337984 0.0629279208914184 0.0980462181564101 -0.0428087230036106
-0.0517469294210076 -0.00903957985361194 0.182218058959024 -0.085050171580853
-0.0660082803609019 0.0287780645325309 0.197594463348029 -0.0570080270103957
-0.0168717814056459 0.0649900591103227 0.145996728573735 -0.0912008418421569
0.0457832335181664 0.0520229317489801 0.063062921930875 -0.112932064623403
0.048946084242811 0.001190163061795 0.0174987831165055 -0.0870898002343735
0.0317119509399244 -0.0209866592945405 0.0127709631771502 -0.0781519387938793
0.0131229342164588 -0.0391086422909663 0.0201918226216975 -0.0784215183714834
-0.000875211107574671 -0.0438622705654898 0.0292339385313566 -0.0867129235229018
0.000390806410525685 -0.0467344365056286 0.051089470764395 -0.0921114313442435
0.0188829140922436 -0.044706162110739 0.094442277837137 -0.0687312318845335
0.0469967709165733 -0.0264007666427132 0.132821799933177 -0.0136717343572601
0.0692542704603444 0.0197244088106938 0.0987351294366164 0.0711092952157553
0.0229281463973593 0.0651803018226558 0.0185529149676057 0.0999701016157484
-0.0502572343728505 0.0589850347836042 -0.0166222150370014 0.0215836471857392
-0.0748993440663665 0.012782888514204 0.121959932789973 -0.0497340235148744
0.027976029896183 0.033831122873556 -0.141861266606091 0.0804676264926629
0.0297283176051327 -0.015214912941591 0.0257192225464762 0.0223054147778884
-0.00423850589213942 -0.0328971554740322 -0.00656060408365078 -0.111976873271429
-0.0260840756497039 -0.00398408494826573 -0.112455139237512 -0.0992180558091806
-0.0108585877098685 0.0143476837895048 -0.163235504113476 0.00331779595266904
0.00408253437211751 0.00690919351536735 -0.117165762222814 0.0924079378623702
0.0029214223363899 0.00515949898168673 -0.0545670720155701 0.116485615468126
0.00157891937872946 0.00374568257021399 -0.023295078791321 0.106218083865869
0.00115026536915213 -0.00472218005785367 -0.0100767743497868 0.100045496568808
0.00423514863697514 -0.00741923396047028 -0.00812006106152904 0.100731292247813
0.00443667886505649 -0.00577099118310347 -0.0265188259308079 0.104938146659177
0.0139914106423155 -0.00965139905730284 -0.0758886731055447 0.113909938352246
0.0254942694128706 0.00320410864932448 -0.142806036279419 0.0926247383923048
0.0226058073546288 0.0389587350686129 -0.183570488247133 0.0471324102163994
0.000263978991793245 0.056877234838101 -0.18099243079391 0.0801660490713767
-0.0239708497793008 0.0795439783578846 -0.143625056814275 0.0510737466411026
0.00876608552254379 0.0450229692197207 0.0274605762565842 0.0106119223376363
0.0243629116428386 0.0196910395723418 -0.00545871795605958 -0.127430243129054
0.0292071363969248 0.0119195434548609 -0.119208891364716 -0.115440239445822
0.0303309165821575 -0.000451751187294691 -0.168581635510795 -0.00419683911200796
0.0293713056831911 -0.0221824611303128 -0.118834262366031 0.0876113041088716
0.0114809612723947 -0.0354075018741825 -0.0525404015185527 0.108184558222303
0.00407967392577075 -0.0365542968620466 -0.0192748006028461 0.0952234086409107
0.0120183506480608 -0.0463754068470984 -0.00086576862618387 0.0887409244237952
0.0393769897703989 -0.0391691661152314 0.00550618799104549 0.0924793064921047
0.0540351254545805 -0.0127006340892626 -0.00611322492065035 0.100998825948065
0.0695283525069687 0.0250947196459885 -0.0539336793687232 0.119211768828888
0.0395731107861058 0.068188538777182 -0.12573453691034 0.105447072345596
-0.0185420256597322 0.096341069133049 -0.15436839717912 0.0590981137915541
-0.0651215982420457 0.101044539364714 -0.145872895648678 0.0734139945006908
-0.0790325856957699 0.110493002998059 -0.118745739490573 0.012024340093337
-0.0250847955573304 0.104013293955489 0.0453425354353976 -0.00737196027582346
0.0454774331388726 0.0801958482805782 0.00928997764934759 -0.146018901836242
0.0856234788200202 0.036840834007872 -0.113692341001699 -0.138710010030212
0.0745522133172995 -0.0120574424440985 -0.163693664282535 -0.0213947582016089
0.0569524357616592 -0.0479185252899178 -0.114703860658845 0.0699313241008413
0.0227749119754277 -0.0713188066689909 -0.0457539905720162 0.0869183222794402
0.00660351788615191 -0.0717088038138431 -0.0120965457109342 0.0710545186938631
0.0167470431994631 -0.0801288824336952 0.0116067993223366 0.0634784405937881
0.0608550989534681 -0.0678442352027207 0.0271396191477794 0.069985142368859
0.0886670647248446 -0.0286007707753171 0.028062798668397 0.0886128963081215
0.118246509660301 0.036273988073047 -0.0166294467881911 0.123396089580338
0.0658769215244753 0.110050210023475 -0.0973077764203665 0.120768021090034
-0.037069692705047 0.141110309266868 -0.121009940853547 0.0654677568428231
-0.110579901482714 0.135169981522166 -0.0947918916915889 0.0559131574216229
-0.125532776341326 0.121674658127219 -0.0661969531702882 -0.0266499115839366
-0.0663251755179599 0.147415622433722 0.0785145285908304 -0.0281372800586936
0.0497542530412141 0.138580830512835 0.0387285379744905 -0.159740186692462
0.13089200460126 0.0689849946562805 -0.0907836763358058 -0.15884721852811
0.115269834745717 -0.0168898343332202 -0.142893886827925 -0.0436331519115762
0.0816383859824818 -0.0661551695532026 -0.0993299215409928 0.0411770770480942
0.033216425988505 -0.0970032910344744 -0.0343347992246257 0.0539892638969178
0.00767731590035017 -0.0963179861020796 -0.0029271559268223 0.0362510889609612
0.0150419151009542 -0.101799343098595 0.0232692087631922 0.0281640947020733
0.0669847517412241 -0.0877272079303129 0.0479705079492052 0.0370111701112305
0.104400042893604 -0.0453460358971145 0.0638279525933844 0.0645289690643696
0.147971021138112 0.0323840567466929 0.0242930505254583 0.116591304262732
0.0885692557558568 0.1267087349811 -0.0632403321122957 0.129169770188014
-0.0400553153706011 0.163552508584132 -0.0889657240290989 0.0631780885220548
-0.135046844220687 0.151351230350451 -0.0377935130593919 0.0289581179226876
-0.150435395690968 0.11081978584021 0.00543740721735389 -0.0613263160517109
-0.104536111405653 0.161370869963854 0.120565244233678 -0.0458875067501048
0.0343806719771892 0.175658434132438 0.0768975189441709 -0.159815448495281
0.149248314195624 0.0997776470975172 -0.0500189052156374 -0.166460564494641
0.138086480537247 -0.0128412081624247 -0.104173557353343 -0.0643116810675255
0.0954173702068277 -0.0709981892341665 -0.0715920434172235 0.00536134918065245
0.0394354673843575 -0.10771506064756 -0.0183198632499236 0.0139367539905277
0.0074848597731463 -0.10575167757699 0.00727507436891437 -0.00213910092638161
0.0109742908483256 -0.108520069015372 0.0331520980650599 -0.0102604550426069
0.0628489685375103 -0.0941160678435787 0.0643123344730435 0.000705228104660248
0.103620477135277 -0.0529029237525704 0.0918607836396433 0.0350842745884844
0.152937868273654 0.0266198734906309 0.058684031609498 0.0998398674127797
0.0933924579528302 0.125190667724522 -0.0312119338880169 0.126331139483406
-0.0419810452808745 0.162193849235055 -0.0629070936125165 0.0528885444772577
-0.140549354619156 0.143729192634186 0.0160980755803396 -0.0022485748513876
-0.145509042142533 0.081477341935522 0.0828371295874407 -0.0846540276942267
-0.121827671335235 0.14024557180268 0.162693604304134 -0.0570913939413914
0.00889941838560209 0.175001500476638 0.1130426261004 -0.14395647779102
0.136133498823747 0.11249230392822 -0.00424891108922782 -0.15585146529276
0.134160978919201 -0.00428324728133197 -0.0555606907268583 -0.0775042898442504
0.0918740856093274 -0.0637147212673477 -0.0372958962487873 -0.0305579485400038
0.0378466114405768 -0.100042481054461 -0.00099062747051268 -0.0252315772847279
0.00568422490728859 -0.100068898493328 0.0164411985882346 -0.0405213122287005
0.00667892261293501 -0.100546839577509 0.0407007676682864 -0.0471714796476558
0.0517705021301685 -0.0872683034259728 0.0762676579678149 -0.0330944985449013
0.0921004692521012 -0.0503621630570705 0.111019580581037 0.00823881349796976
0.138460331934553 0.0246241620492868 0.0814510695613088 0.082335765959065
0.0789840180316991 0.114183735981923 -0.00609438335469747 0.116557726290127
-0.0477758332504754 0.14096340514553 -0.042153300663165 0.0396191098404409
-0.132664536805624 0.112979282292144 0.0625674348435629 -0.0292575305340678
-0.109971927696616 0.0396368247893031 0.14911857933819 -0.0950420762135305
-0.108639348926304 0.0930756866866787 0.193693582313675 -0.0617918112777889
-0.0102224630773253 0.135581596005465 0.137938997348687 -0.118911935767361
0.0990945192795022 0.0949683773642343 0.0371267780613717 -0.135269578087456
0.102535261944225 0.00068202314770642 -0.0108415148531029 -0.0846668926034189
0.0701103252616381 -0.0464669333144453 -0.00646200429049265 -0.0605839133036705
0.0283140322374793 -0.0763295830617196 0.0130128384754226 -0.0596303692927569
0.00209950887707199 -0.0787874194813878 0.0236712236634037 -0.0719680472800729
0.00302692191725048 -0.0797937311177053 0.0466267726222421 -0.0773780876678649
0.036957644756935 -0.070451860297182 0.0869434677294362 -0.0582619840813888
0.0728931245628169 -0.0409021692013661 0.125386857047177 -0.00946668395372021
0.109736953773654 0.0237867322164995 0.0951225788580647 0.0721448215391361
0.0541358501291282 0.0956537849621748 0.0109787539385458 0.107699670098511
-0.0527645813522169 0.106184858427072 -0.0263448125536776 0.028658218125079
-0.111699726941838 0.06830142634019 0.10025150739007 -0.0477776903144252
-0.0533397851872258 -0.00827638577815077 0.189659461282678 -0.0930296728618777
-0.0671827120704383 0.0313400817436773 0.204910319689997 -0.0637038733125481
-0.0156015710988021 0.0674200665047686 0.149639287692397 -0.0977642592035389
0.0501592128617214 0.0516088090556103 0.0629898873691987 -0.117686395855646
0.0507915343080474 9.50489177969607E-05 0.0168231738095044 -0.0908999346501245
0.0332411857672095 -0.0227779446154165 0.0110861998961041 -0.0819969992922839
0.0122973094387832 -0.0402528879218098 0.0187085242316978 -0.083088607366574
-0.00245585667441936 -0.045107030871825 0.0269622666605407 -0.0923387153595675
-0.000796253448338004 -0.0482890868401721 0.0503784369710051 -0.0976294936246646
0.0184872749861402 -0.0461380356948414 0.0967071103552939 -0.0740993775537191
0.0477281121977345 -0.0289812820817634 0.137779499682587 -0.0176322974158272
0.0722802831483433 0.0189543353205184 0.105103851635456 0.0710476788191513
0.0249019178652392 0.0666571774488219 0.0224674861640685 0.104225646214672
-0.0501756075485021 0.0620996515080388 -0.0169324082676847 0.0231771366648538
-0.0764235180583946 0.0150760729260475 0.124990266435352 -0.0550549810537534
0.0214650889159124 0.040554354860169 -0.153820979272929 0.0609778761546363
0.0323589921619921 -0.0105091604445238 0.0248849103003032 0.0259023175878851
-0.000281398359401352 -0.0332437811424428 0.0101674720838427 -0.115904434513722
-0.0270895843489446 -0.00673106616547273 -0.100919278026057 -0.11928289742549
-0.0132545352315974 0.0150377511993905 -0.167497738292262 -0.0198608072362564
0.00304763138851638 0.00881607680615083 -0.133013821814838 0.0765777198071623
0.002055318593932 0.00584402620338837 -0.0731639166187223 0.111455797231669
0.00145889641386033 0.0045018510141361 -0.0403202756017276 0.105792795964364
0.00213658463105127 -0.00535716235088185 -0.025031630617365 0.102314142799322
0.00620400070545327 -0.00675364261848355 -0.0233831750072496 0.102128818210546
0.0057700444382244 -0.00380819091983433 -0.0425362629449404 0.103305259094946
0.0142040957325736 -0.00618268882013832 -0.0954402525966771 0.103724808235944
0.0228656136483672 0.00892262868519618 -0.158687310534355 0.0718712993153019
0.0134088356621438 0.0438325635292698 -0.194550075316293 0.0160707147116307
-0.0121141503297413 0.0597160290649335 -0.198688378774084 0.0472816196475562
-0.0393023503973971 0.0768013958010319 -0.153307893463279 0.0325714160029132
0.00104587417576683 0.0461179208797446 0.0278879971562921 0.0168879894802888
0.0194183580871209 0.0232673532835972 0.0157001870454914 -0.127971488273198
0.0255191618109518 0.0175106350184758 -0.102620559027524 -0.134182054457173
0.0301644606118004 0.00706570583610623 -0.169446183810659 -0.0300243989694654
0.0337182450953457 -0.0165573953803955 -0.13271499370939 0.0711321487754955
0.017257007260782 -0.0333894288384698 -0.0688128895295077 0.102746624247004
0.0113858629870387 -0.0358244904990465 -0.0348966119774698 0.0951320842702195
0.0203635719942807 -0.0453028350775106 -0.0137454395842867 0.0925969291204026
0.0472955296257254 -0.0327814149839558 -0.00818461241523776 0.0960153852827392
0.0580857039014721 -0.00165885224656141 -0.02330042183399 0.102172400656164
0.0659863273128335 0.0380567762869924 -0.0773431746299536 0.112408352515301
0.0247383803967707 0.0781904498482826 -0.143422703915478 0.0862007238232738
-0.0392979436553438 0.0951705127679476 -0.164844529595235 0.0310830103279714
-0.0891679359010308 0.093618734165556 -0.158086062775635 0.0469841518360692
-0.100240442971734 0.0976082946362002 -0.124018500898805 -0.00112342144820132
-0.0421264045403888 0.0992377593520592 0.0470110906513585 0.00308598473725244
0.0296149293763923 0.0867275751827875 0.034881471240612 -0.140433288707531
0.077236355546436 0.0499224782134345 -0.0897488005403398 -0.154769719844202
0.0766337448042848 0.00253295900191419 -0.159735573194474 -0.047926322859374
0.0660678676319836 -0.0381078647164074 -0.125051082645182 0.0527324653347505
0.0339128891180842 -0.0679553775559888 -0.058473110408618 0.0801331819050055
0.0201716837572709 -0.0708777786608566 -0.0239315051352383 0.070660787596275
0.0304978012834244 -0.0784779376533491 0.00284905642949528 0.068156753966068
0.0741767268018594 -0.0588257437910215 0.0172177311523619 0.0773599868111013
0.0967974111145657 -0.0114604022562049 0.0124993098007084 0.0944436612698225
0.114555176844988 0.0578558728695362 -0.0428749033756748 0.122308677278242
0.0436217843701382 0.125717508440858 -0.116983566232154 0.106263274262807
-0.0659671072791569 0.138484277389005 -0.130889490786548 0.0407392322842979
-0.143238405480416 0.120863448108775 -0.0992891417352009 0.0370818511443344
-0.147654390354245 0.0997219473360468 -0.0669899875989256 -0.0324203465489997
-0.0908200895255375 0.134801397873984 0.0821672088257982 -0.0111684585420578
0.023967187846762 0.144737952696024 0.066756454933464 -0.146453758410259
0.117455235078861 0.0882342408751967 -0.0611732350211175 -0.167961002896673
0.117288432568143 0.00407514736721081 -0.13317253120614 -0.0678045358643026
0.0939972809489601 -0.0527655800921109 -0.104181701397299 0.0252842537931418
0.0484064335465151 -0.0925027403607718 -0.0407130213943652 0.0474266347132047
0.0257477161411591 -0.0955269069934774 -0.00913927042814101 0.0364735646908705
0.0327036671417646 -0.100181751881482 0.0200421126435576 0.0336264118591521
0.0839767811504041 -0.0777155116494993 0.0439437348935883 0.047180454410712
0.116954123860868 -0.0251395184130759 0.0514781943198019 0.0754838841205922
0.146008862153543 0.0587090291668736 -0.000906939693364359 0.122793613743188
0.0642714415301063 0.14682219066843 -0.0839557219069755 0.119037996894681
-0.0730148517888922 0.160894526261471 -0.0977536202494569 0.0431217328291069
-0.170559224859486 0.132935422976465 -0.0348336120241219 0.0182404754544806
-0.17010521358459 0.0830359934289095 0.00968988268509559 -0.0562790857255981
-0.130721645309698 0.142048163042506 0.126958740874287 -0.0223172323086246
0.00301468559590211 0.178180111657626 0.103709536660215 -0.138671536995213
0.130669084302776 0.120582995565276 -0.0185785796187711 -0.166954091090222
0.139249148752839 0.0112182742959704 -0.0882579066980993 -0.0835858520827005
0.108724671011381 -0.0560250486707638 -0.0706506302460022 -0.00744399567879421
0.056569459165309 -0.101751696356149 -0.0178374360771713 0.00937122603116939
0.0275086735728107 -0.106080812706612 0.00690844048659418 -0.00204471849837584
0.029960797404503 -0.107645511953794 0.0360594072473331 -0.00519412934003054
0.0804750422168131 -0.085544189822782 0.0662411391053508 0.0123235889459536
0.117542326332912 -0.0337496177736977 0.0839322411276561 0.0492842442808433
0.153216564490461 0.0535229385844026 0.0358310450267427 0.111554189983483
0.0694473315026207 0.146529038693446 -0.0508391640445488 0.120816968394629
-0.0742754411559675 0.15840157540048 -0.0693613282764118 0.0365498706106305
-0.174621861442738 0.122923329790192 0.0254151330679319 -0.00353878255572503
-0.159341688059571 0.0527877636871901 0.0921201268188673 -0.0689603329700419
-0.143912942017127 0.117233173998815 0.171096419626102 -0.028109699367203
-0.0218645963935578 0.172470891882017 0.136080143376868 -0.116392691234516
0.11608001603552 0.13021535976337 0.026734448596536 -0.14857552685654
0.1341407075799 0.0180239086069243 -0.0368791526249362 -0.0887508523728831
0.104045373216863 -0.0491620824886938 -0.0305301451393725 -0.0388461380313772
0.0542367761166882 -0.0947223395776244 0.00530621807817787 -0.0293030473902667
0.0237006993224661 -0.100234283265487 0.0224273552962376 -0.0399372594796539
0.0240469682440986 -0.100254737896894 0.0491909724019534 -0.0418205680410876
0.0682494418898819 -0.0800055239406176 0.0836585978412315 -0.0203911855206031
0.10489871079853 -0.0337432785132446 0.108495205884765 0.0250819090922522
0.137824760408986 0.0487753634755656 0.0623111148011276 0.0970792897980406
0.0570824278556878 0.132521974525932 -0.0239153850448663 0.115540251021466
-0.0754245096554178 0.135487175472223 -0.0460145297685203 0.0275387340783098
-0.1596804986087 0.0925399337778457 0.0772267945507472 -0.0224165654244285
-0.116009794752292 0.0161659658966436 0.161800078003279 -0.0701082662017515
-0.122833961091471 0.0713684200261026 0.203784209204029 -0.0299170787818948
-0.0333278584144643 0.12911140803118 0.157410298194 -0.089816124800677
0.0823138799413503 0.106448520891395 0.06293074292748 -0.122818103441068
0.100845757938864 0.0174208808738582 0.00866180335697541 -0.0882777809473455
0.0784391469405689 -0.0358675377339011 0.00504271624815264 -0.0643960270559121
0.0403734177460057 -0.0725507377269945 0.024447957496119 -0.0617992652360527
0.0155873922014668 -0.0792156604478698 0.0348955093757513 -0.0714466014882632
0.016495755325802 -0.0797190407364951 0.060048208482598 -0.072522253837196
0.0500295317694017 -0.0651305720639415 0.0985631872476146 -0.0459990877575751
0.083697661099228 -0.0273397931642829 0.12641697481173 0.00887846452595205
0.109263291653238 0.0436512051722457 0.0801429174234254 0.088378127364189
0.0348435261380406 0.108258570829964 -0.00478418287699272 0.109128503695247
-0.073983826524566 0.0986000676166773 -0.0287586453447858 0.0208500017276639
-0.128094229827689 0.048742387616438 0.116509082186794 -0.0334235699755257
-0.0497374351625783 -0.0222181403643687 0.205099809724 -0.064626785198421
-0.0711683869910478 0.0167065051839042 0.216665703981786 -0.0326826972806905
-0.027140863307788 0.0612121689983057 0.16512466155172 -0.0705792078465724
0.0401546702224634 0.0558151051527805 0.0850097010425323 -0.105559074256883
0.0492376546784644 0.00770621706350611 0.0344270416518446 -0.089671533693831
0.0368405609151918 -0.018011213169586 0.0249801306681692 -0.0831929641800765
0.0184014471642157 -0.0387761609483168 0.0329366959067429 -0.0846819437610492
0.00512852039329016 -0.0461735687118162 0.0409548706512485 -0.0915224996049469
0.00689706670049742 -0.0481558939651463 0.0668802173594563 -0.0923818115172065
0.0268053942845362 -0.0438969136010274 0.110661009957682 -0.0609722937914078
0.0556474372194757 -0.0203153741289322 0.140193080873873 0.00270155125192009
0.0711478320878548 0.0322262413587197 0.0914003962442135 0.0887641986387591
0.0104123737699184 0.0735115956466354 0.00806548157119533 0.108207434037469
-0.0626933057070019 0.0541221677792459 -0.0182315291712596 0.0184518442341671
-0.0799859922025978 -0.000271522291616861 0.140299734107962 -0.0347343374511757
0.0238403340002489 0.0367776422839936 -0.145449845951462 0.0739256540911139
0.0305135380885314 -0.0128564096340823 0.027051683813946 0.0237807067736618
-0.00297871447475017 -0.0320843177820134 0.00117572670425073 -0.114809201673854
-0.0264419829693464 -0.00435191168975967 -0.108865016239163 -0.108022477128422
-0.0111351364079106 0.0154436978832249 -0.166204979687305 -0.00569677169999801
0.00346840082702526 0.00783422756262881 -0.124411634433239 0.0862303669507489
0.00245908128441929 0.00446669003113051 -0.0616646399905859 0.114929430447788
0.00215738202627359 0.00391885117719304 -0.0303394303930914 0.107814969878363
0.00160328763321779 -0.0061136460445715 -0.0161071358624412 0.103342367600723
0.00611050119349945 -0.00761610906872427 -0.014786872972679 0.101822634016091
0.00589812344607892 -0.00420405058735326 -0.0336155405316651 0.104459472373826
0.0141086063494554 -0.00734674379970606 -0.0851176280530754 0.109203905766977
0.0234023107941034 0.00798055299542693 -0.149684132031114 0.082084751087307
0.0167622067013317 0.0421781949036736 -0.19088174945949 0.0307211231182009
-0.00734063891746917 0.0584011875751369 -0.19341934152189 0.0638474489893683
-0.0326231032569931 0.077369209685595 -0.14777171291461 0.046606057777366
0.00492617843897261 0.0457439320037749 0.0293746504410691 0.0147761621632271
0.0210227735443322 0.0215894525633695 0.00528563221340832 -0.126362833854796
0.0277442575236211 0.01449623413652 -0.111286237968516 -0.122841668063999
0.0309329754123751 0.00368703602809177 -0.169123829967312 -0.0153856636610604
0.0312977273755905 -0.0198866304237756 -0.124637328213426 0.0797866340250667
0.0138362346752635 -0.0349338367640209 -0.0591305081251479 0.105543414659034
0.00823047612619536 -0.0362191197820401 -0.0263467042481025 0.0968672713482752
0.0159907589621412 -0.0468626704212963 -0.00629583795630536 0.0926845770877271
0.0442201632451408 -0.0366730600745818 -0.000355099454998275 0.0951915082491137
0.0578500660308729 -0.00621166681499842 -0.0148817053829102 0.102226358125401
0.0684049111894199 0.0321102585066885 -0.0661579294606601 0.116025474128182
0.0313433818669873 0.0752532504639179 -0.133236964181038 0.0959448141271372
-0.0314681145108672 0.0978791383690863 -0.160096201045545 0.0436479953093942
-0.0799854892134576 0.0984786107457841 -0.15321261840318 0.0595591877127568
-0.0902006035179616 0.103271257600084 -0.121846314015142 0.0106548843693839
-0.0334905923594712 0.10175946835132 0.047344016800148 0.000138663667707664
0.0364879114754011 0.0829239516463107 0.0232725850994976 -0.140003907741121
0.0816495336070858 0.0418400107512829 -0.10094539163234 -0.143103273275382
0.0764507891891259 -0.00512356329818636 -0.160982679526907 -0.0341702711664386
0.0614217305322333 -0.0443821414133856 -0.118328919537 0.0614402746615536
0.0274556078496084 -0.0703077235674406 -0.0511056981052572 0.0830579459372366
0.0135703236992174 -0.0710541662183194 -0.0183201318088952 0.0716373000624342
0.0230470952195514 -0.0802016470728111 0.00783778581088197 0.0667780242925474
0.0680497069758239 -0.0648014980062016 0.0231665636244098 0.074180029978441
0.0949193243544532 -0.0194162338267604 0.0190316006002396 0.0911609664516671
0.118383457681554 0.0469154959326129 -0.0313615762891979 0.123038352589393
0.0538702080936974 0.120484902027471 -0.105760031966878 0.114134069262129
-0.0538946841202097 0.142356096174959 -0.125418039863394 0.0511260351427904
-0.130324493682753 0.129492630143883 -0.0961224289364983 0.0448834867667958
-0.136948863283087 0.109632255927742 -0.0676651309750826 -0.0248566391749484
-0.0781909879824765 0.141016353474699 0.0806273630861658 -0.0163555062371433
0.03609829295319 0.140056414431531 0.0537834259470886 -0.147984825342012
0.124443576591183 0.0756144518125879 -0.0737610241910432 -0.158581596160873
0.116174675957012 -0.0071835511374475 -0.136204950728796 -0.0558379522884028
0.0875143783720098 -0.0607822888977302 -0.099923332172221 0.0327098425817618
0.0396820509125363 -0.0956306625572635 -0.0369877235463006 0.0493322075970224
0.0161801880175839 -0.0958070796265506 -0.00700928328208884 0.0369695741881281
0.0233736662181142 -0.101203886775023 0.0218223731849376 0.0309093630049026
0.0760051037313699 -0.0844576066893661 0.0471699533572441 0.0419785696383786
0.112430295884375 -0.0348414275823948 0.056377454009987 0.0689454007232902
0.149783903814118 0.0445298438996315 0.00971487270980447 0.119472041688299
0.0755119236188946 0.138727045704718 -0.0712904109743879 0.124526784524152
-0.0590499622965976 0.165223253999575 -0.0924475882230314 0.0503061274965709
-0.155533488656841 0.143915591853753 -0.0343326031815301 0.0209380629447831
-0.160617832893447 0.0946947239336029 0.00611792443470293 -0.0557661276949728
-0.116788669061232 0.150803730494119 0.123598056488001 -0.0314632282122327
0.0183254527814635 0.174421333139363 0.0910033954201933 -0.142464873468574
0.140127701703361 0.106069479625818 -0.0319586862287111 -0.16047202262731
0.138567152507037 -0.00153605316329864 -0.0934841340188016 -0.0746362104605041
0.101791078031795 -0.0651176767781129 -0.069549974169217 -0.0027608200995732
0.046752190051775 -0.105607382111127 -0.0179819057654704 0.00974784074978052
0.016424559892206 -0.105874150912508 0.00555365368456997 -0.00325133589745841
0.0202415971892001 -0.108410966239781 0.0340462774709066 -0.00846424236842601
0.0717042956878611 -0.0911650328062799 0.0659120609938617 0.00562387030558252
0.112856369688216 -0.0432002890268019 0.0863395686113491 0.0410526559375145
0.155859955516801 0.0384031292006676 0.0453032990100193 0.105756185065871
0.0803876872547548 0.137388440856086 -0.0382898693773183 0.123651007853009
-0.0606473054596677 0.162186566534975 -0.064973862912912 0.04185125634843
-0.160378308944117 0.13474246867224 0.0237325951675332 -0.0061576738063447
-0.151814225012827 0.0646411157230815 0.0862359786845092 -0.0753855409078932
-0.132179284971337 0.127714541970934 0.165834627611853 -0.0410230126473012
-0.00702616097893534 0.170923816837434 0.124380288020058 -0.12402239343189
0.126099580184132 0.116221911529113 0.014040734006228 -0.146506230518289
0.133526397227166 0.0058356351752865 -0.0425879583537439 -0.084030513882674
0.0980732009107992 -0.0581460222497798 -0.0326640416751288 -0.0365561768351436
0.0453750028446901 -0.0977320316931134 0.00211960722072919 -0.0299890480171963
0.0138928019401953 -0.0998450409375123 0.0175684996205714 -0.042031176006049
0.0147036329476575 -0.100692930640489 0.0442828283331288 -0.0463906021727637
0.0600253134681885 -0.0846560755936705 0.0808530807787653 -0.0276665764626927
0.100535326345012 -0.0415456799793742 0.107960829110708 0.0152510505685175
0.140497708045757 0.0356577170923056 0.0701670502425015 0.0895514375236209
0.0669721641222612 0.124538133121098 -0.0125262547794667 0.116104496764074
-0.0633257071873375 0.139563893873229 -0.0430963557950433 0.0310293166927909
-0.14751259975472 0.103785043445111 0.0732810517030321 -0.0291978436160298
-0.112005334034224 0.0252868059728556 0.154497185823039 -0.0828246570683815
-0.114445604203011 0.0808533777451406 0.197809894657808 -0.045562724230989
-0.0219216488935947 0.129240276189237 0.146930380844598 -0.099718370591388
0.0902512320519666 0.0963192862476039 0.0524722769889618 -0.124585091328789
0.100944933216685 0.00778145896285999 0.00209448847034236 -0.0870802791126295
0.0740075185999922 -0.0424309103113519 0.000261417821048672 -0.064427328781841
0.0331474222864191 -0.0745950219956452 0.0180571406679102 -0.064035754477424
0.00832244942076207 -0.078903284929394 0.0265968884651862 -0.0736979710331699
0.00900127762053359 -0.0791146854450275 0.0519947757489587 -0.0768246194407731
0.04319329014392 -0.0678019420285897 0.0929428136408496 -0.0536767018720876
0.0797782781368618 -0.0340751213189394 0.12425951419415 -0.00220698516131152
0.111105688287182 0.0323466342718097 0.0857317192908025 0.0796994926168817
0.0427300627760135 0.102747420814818 0.00580321096612414 0.107941827910645
-0.0643460107779933 0.103107057385608 -0.0259706978937184 0.0227206502971991
-0.119871347935804 0.0579862719140569 0.110808161913181 -0.0433814439717567
-0.0502827528754425 -0.0175072112165362 0.197507735389298 -0.0812824264980281
-0.0679590433455968 0.0218878221527999 0.210720154699066 -0.0493458802154266
-0.0216222314047828 0.0612684513980276 0.156865496737022 -0.0823347775599721
0.0442890657228985 0.0498861868963094 0.0757310566202848 -0.109233520449897
0.0486809730335146 0.00314113736760263 0.0276581556448222 -0.0908744877677575
0.0349742183616976 -0.0208085909152242 0.0179099314477376 -0.0842857466542136
0.0150569615144561 -0.0390496567553282 0.0248419055203886 -0.086800426802126
0.000440679956404462 -0.0450748401750378 0.0315672642319515 -0.0941773989033846
0.00226139751184299 -0.0478507151738181 0.0575892473777016 -0.0969580657387969
0.0225293697187245 -0.0446613731380161 0.104359078845866 -0.0695202975146896
0.0522762267656173 -0.0247196240871471 0.138209575218568 -0.00932813194808624
0.0723047677291549 0.0246681766750532 0.0980753621614875 0.0792741926850822
0.0160270572913984 0.0708010722710031 0.0173552474312434 0.105747525533005
-0.0567405809259672 0.0574350856081401 -0.0164753651727346 0.0200276517104823
-0.0769476019167974 0.00633323142740112 0.133665496626244 -0.0472035085346083
0.0236792275048928 0.0325202103183052 -0.132055424339532 0.0796049510750895
0.0279665761511412 -0.0136256307417114 0.0279937525335713 0.0214113316165026
-0.00465611747897113 -0.0294807245945666 -0.00538213166357494 -0.108822618868624
-0.0244515611329764 -0.00277259926430526 -0.108616129244963 -0.095473001681539
-0.00930810598277046 0.0145446488853958 -0.15753923360868 0.00478329433421788
0.0035228250065267 0.0066334419402684 -0.112274375595582 0.0886778521044852
0.00239959650580312 0.00348864097358712 -0.0508112491907989 0.112067903719671
0.00235529136845325 0.00293504163906923 -0.0218690331997393 0.10430185393463
0.00119111759963691 -0.00663643776485003 -0.00898063887171918 0.0995092883986606
0.00575262617232667 -0.00803300610051628 -0.00822886188584163 0.0972232311467439
0.00587730465653243 -0.00414031507513085 -0.0256753024885591 0.101064887173225
0.0134455040237224 -0.00766238439500849 -0.074536509979654 0.107919015967491
0.0233266791834747 0.00726974507744933 -0.137272328635556 0.0853269678552092
0.0188822849446532 0.0393754071968467 -0.179286653596191 0.0400632664030384
-0.00417041557836433 0.0543689576286869 -0.180729512954517 0.0731050927223429
-0.0268991949452415 0.0740929986720527 -0.135679603017197 0.0538334462289847
0.0069796801774272 0.0433876795979068 0.0297067736608644 0.0127749123981969
0.0215687295222181 0.0197765851742771 -0.00156539133487396 -0.119309556622772
0.0277210976012002 0.0115825940935606 -0.112045665298953 -0.108941547471899
0.0296587746784956 0.000589402756783998 -0.160583218160151 -0.00474469127053607
0.0281046878342723 -0.0216794238188321 -0.113194999726004 0.0826309847969626
0.0109074106111436 -0.0347901113357522 -0.0496257496386289 0.103126636919341
0.00581254611259592 -0.0347816532316844 -0.0189356056944325 0.0933007308891996
0.0117756060985146 -0.046049440368356 -0.000354907562250293 0.0882661357782921
0.0401639441493332 -0.038066654299947 0.00511121412502104 0.0898583144430306
0.0546617050505781 -0.00997838282148764 -0.00874861192927632 0.0978382992693106
0.0670487945060604 0.025922639590605 -0.0559330563724724 0.113516346547025
0.0346234969164804 0.0698444154249976 -0.12012904083206 0.0977728531995751
-0.0241482796552501 0.0951837288705772 -0.149396041748479 0.05008645371004
-0.0701370668930153 0.0962753664508984 -0.142924660193924 0.066641334085931
-0.0797856524426678 0.102290649630255 -0.113518215748932 0.0185684794351529
-0.0252065511788335 0.0984808640071717 0.0453961998703764 -0.00131260885376211
0.0402740872520226 0.0760938764641417 0.0145515760769038 -0.132830552154325
0.0808876098915713 0.0337395598106592 -0.103325728644868 -0.128950715245951
0.0721659382772754 -0.0103297680071016 -0.154358082757297 -0.0231109160448881
0.0548039571145515 -0.0467408359454938 -0.108096291490714 0.064397057069787
0.0213154812733159 -0.0688496036871316 -0.0431810637900314 0.08141524370388
0.00770901502670588 -0.0681334579127668 -0.01268467066499 0.0692919101104433
0.0163125700127765 -0.0775931611351221 0.0110299040532892 0.0629931057687157
0.0609840798979925 -0.065887259717595 0.0259134349012692 0.0686116168925205
0.0892418681588626 -0.0241297385926382 0.0230485683181218 0.0856996197776545
0.115335327390589 0.0365697620539134 -0.022391909198423 0.117651930635119
0.0592190504112288 0.110779526748403 -0.0929246121339252 0.113948166082415
-0.0430331074109356 0.138885251131336 -0.116040877577642 0.0551994839729714
-0.115405746694041 0.129460068644011 -0.0901263074579583 0.0484135338025129
-0.123524307291091 0.110855509118745 -0.0644068928764497 -0.0185362484257768
-0.0656962319846725 0.138931823045974 0.0760108185050718 -0.0189726431585635
0.043249497183461 0.130113797843565 0.0432870239660866 -0.141450851396446
0.12307148559045 0.0626783521102634 -0.0780364158433567 -0.145423690411454
0.110627175467316 -0.0149911973632723 -0.132207387715461 -0.0449449247782259
0.078966084587383 -0.0642997438734162 -0.0927733806992132 0.0360700370812626
0.0315035073628591 -0.0936756691802128 -0.0325971756804075 0.0485378446343036
0.00925815412297076 -0.0913083191639037 -0.00487761144636912 0.0352179930647676
0.0154928040904568 -0.0980176169380166 0.0218188852600902 0.028294157037824
0.0666315752799273 -0.0848770975851813 0.0471827461253635 0.0368287840525305
0.1050129897151 -0.0404439428293431 0.0571263386904467 0.0619049770642495
0.144885319436854 0.0321320441515374 0.0169876568745982 0.111420826741188
0.0805362344502643 0.126580896986775 -0.0588993457983421 0.121989389916483
-0.0464870061876956 0.160580370774739 -0.0843715738479564 0.0528207662124955
-0.138039259174486 0.144739516305263 -0.0321014854033003 0.0221093630366984
-0.146425101232278 0.0988569770353444 0.00355368489326487 -0.0521920770507689
-0.101416807615768 0.150106803531145 0.11499537801072 -0.0356074640762145
0.0280274824560795 0.16324488995633 0.0787321553683173 -0.138474514021781
0.140203352744599 0.0902918213038 -0.0376541286282934 -0.149480159096677
0.131818648811569 -0.0112083236379157 -0.0923314344724766 -0.0654316874167301
0.0923149381137191 -0.0687807501454022 -0.0660583166851271 0.000665163697267767
0.0373566008078961 -0.10322035027495 -0.0171212411992621 0.00958428722099384
0.00829685194292298 -0.100744692115047 0.00439089933879566 -0.00330980271815581
0.0116982981942079 -0.103737410405901 0.0309533028503401 -0.0102376532553051
0.0624930484386675 -0.0908671597136275 0.062829377563591 0.000880026631038156
0.104468649215644 -0.0479511162349676 0.0833303975506872 0.0333726524200712
0.150098390138708 0.0261542156304336 0.0501715369130802 0.0960979738303116
0.0844313201538412 0.125044605472263 -0.0273226183359336 0.119816633037393
-0.0480012960164032 0.158066125109632 -0.0585786082759824 0.0435202501286425
-0.142938604230039 0.136424315645599 0.0211645633400885 -0.0074022537830558
-0.139832741556647 0.0699092518537148 0.0784776688551272 -0.0759826160161047
-0.117201847051775 0.128888110565134 0.155109634564257 -0.0479556718823079
0.00428514501258498 0.161409530788583 0.111233095887354 -0.12290052721819
0.127316198395936 0.101094929334742 0.00592977819050115 -0.138694327572559
0.127364405493325 -0.00346827484907095 -0.0443604138207352 -0.0771096726047174
0.0889821940929462 -0.0619782473154804 -0.0328401286552468 -0.0336805621139573
0.0364431621027232 -0.0959913664557379 -0.000564588059559043 -0.0295105167813025
0.00629130435808358 -0.0951441341184476 0.0132627203874156 -0.041039614164361
0.00711619351141428 -0.0960742381493112 0.0378546181743028 -0.0462213991320994
0.0516462814158078 -0.0837866167483183 0.074843322965591 -0.0317641334997791
0.0928731008764062 -0.0458892842310627 0.102874037857329 0.00742031614294001
0.135657171249677 0.0240047086839128 0.0720437785144007 0.0794023639045865
0.0704563109002691 0.11377780259731 -0.00368999616202279 0.110785615350958
-0.0518238023839327 0.135893010151135 -0.0380949373693102 0.0315324766083929
-0.132601214648763 0.105849261232447 0.0665064301153941 -0.032756737129403
-0.104523885439506 0.0304476070568209 0.142240682848885 -0.088243222921829
-0.103118874556798 0.0827518249285111 0.184982338922666 -0.0540511788910567
-0.0128395724592493 0.122589310426885 0.133799834180009 -0.101688744822811
0.0911173728579881 0.0838656976714763 0.0432092580131626 -0.119585309033916
0.0959752851524734 0.000419686696084238 -0.00211192367107898 -0.0828100843510867
0.0672570322773264 -0.0452725602594939 -0.00317554115274628 -0.0620681098194869
0.0273243588030113 -0.0726602979443211 0.0128932567326351 -0.0626810767439329
0.00197486093802239 -0.0741936241161588 0.0197939647866635 -0.0718831114227434
0.00323836220475118 -0.0752875232507883 0.044178344894779 -0.075848462200335
0.0365869000132908 -0.0667622358029908 0.0851861428639532 -0.0570022721524728
0.0735941936768525 -0.0370198168198698 0.117165027631605 -0.00997832962046631
0.107335689595502 0.0234340188873155 0.0869860610293223 0.0695407721341557
0.0460305215064141 0.0943248554224899 0.01328486457615 0.101931786559933
-0.054903261147807 0.101153890724228 -0.0227879622798151 0.023079455863971
-0.108681287399909 0.06140770427898 0.101477623235461 -0.0487037657350994
-0.0484007209649008 -0.0135346689699081 0.183069776338236 -0.0898225617628405
-0.0622978394908419 0.0246579534968883 0.197003384896206 -0.0593004974395889
-0.0163910422143838 0.0586846091659437 0.143626197863865 -0.0860483423035173
0.0445786367814365 0.0430496907772554 0.06603791537868 -0.106992558588749
0.046079814862132 0.000234356725494556 0.0218562617953882 -0.0875644330723347
0.031224087838676 -0.021893107668266 0.0119370924771725 -0.081359578030448
0.0114011202065767 -0.0374508085982261 0.018000599981677 -0.0848394541315937
-0.00276675944106289 -0.0419445220431589 0.0232436446028046 -0.091731838429047
-0.00140145312678273 -0.0450091869831396 0.0477297471750602 -0.0949801049670034
0.0183534160502735 -0.0432776582691825 0.0943819662447229 -0.0721255068136738
0.0477756504081873 -0.0270757847692966 0.129575669152966 -0.0171737165732374
0.0694508676737858 0.0189186368217488 0.0981448854957549 0.0690830283049172
0.0182760304931229 0.0657099906467932 0.0239098376631172 0.0990403794922849
-0.0498785120371692 0.0572754656816074 -0.0143089193477701 0.0198792331412572
-0.071248167093659 0.00972829313246373 0.121993635361517 -0.0531706214240957
0.022131606020992 0.0291563476897242 -0.121833321838011 0.0788244482560176
0.0258458596260636 -0.01317011588253 0.0278972803988629 0.0197612883277087
-0.00486533948685682 -0.0271313637607477 -0.006715604762316 -0.102489731835973
-0.0225860550147283 -0.00238495879256096 -0.103405859101849 -0.0872573053398717
-0.00803468073617022 0.0134809034531939 -0.148479970153679 0.00792773431891148
0.00301802250042825 0.0056616083485559 -0.103806714310771 0.0857198803941401
0.00209270584430935 0.00272796269162473 -0.0453737535155669 0.106336432496392
0.00270936684568463 0.00228287908164422 -0.0176654136848653 0.0998702273946332
0.000982430393736257 -0.00654315762759565 -0.00544310538045241 0.0942729037598105
0.0058520815580743 -0.00818401551514175 -0.00643076799703 0.0922041926656839
0.00594906094826918 -0.00400828464749071 -0.0225703187983373 0.0957981092950253
0.0126111186382522 -0.00724086341783051 -0.0675296443910165 0.102777714877136
0.0220588621404302 0.00674568892926254 -0.126908788215059 0.0823255438326692
0.0183472035587004 0.0368243330635183 -0.16946197174153 0.0406619407542143
-0.00332898506135662 0.0502522736893733 -0.169658288037476 0.0735496064008891
-0.0249705222185409 0.0698387451243149 -0.125441040928466 0.0547822542977126
0.00728650057510822 0.0412283077896646 0.0288885247736017 0.01193739146948
0.0211950302373778 0.017885722628357 -0.00339961769633003 -0.112085859720559
0.0270588619465506 0.00928874156703003 -0.106853821889033 -0.100282899233381
0.0287859409446451 -0.00105976570224841 -0.15161161845206 -0.00120538364041152
0.0258979180932411 -0.0213667922497505 -0.10475256147943 0.0800330936294043
0.00896729604831413 -0.0335147283174666 -0.0438324570371124 0.098324718052119
0.0046390836371718 -0.0333177430224485 -0.0154309575146778 0.0892242393531588
0.00979974013397068 -0.0438509168481756 0.00181065916675486 0.0842027472256039
0.0370457451310692 -0.0375862640304033 0.00636610305078479 0.0851949328737221
0.0515846986891231 -0.0106135809037387 -0.00667527353683393 0.0924511190199696
0.0644721343667802 0.0230043826919241 -0.0499453362077703 0.107094198855876
0.0345708071355261 0.0654435809231853 -0.110242884496037 0.0943076872942703
-0.0204742192268837 0.0908486208570277 -0.140513136807768 0.04985261756982
-0.0643299939081317 0.0914583413837902 -0.134683133229001 0.0666997117342869
-0.0740025429820945 0.0977424778476978 -0.105274468198853 0.0209876288921508
-0.0219805749906426 0.0938000837840695 0.0435903756692047 -0.00103970524795328
0.039945283192971 0.0705720898314314 0.0119078456153475 -0.124606141963
0.0776024891422914 0.0281937885644728 -0.0988988162949022 -0.118829271380444
0.0684701435798095 -0.0126465247269984 -0.145846873529436 -0.0184737001451526
0.0499329121563354 -0.0458057704328693 -0.100450062069287 0.0627196060017777
0.0179243812745004 -0.0658267536049081 -0.0395108989585796 0.0772866727058323
0.00585092865585966 -0.0643237377172312 -0.0104734296936416 0.0662471073214579
0.0129772806311291 -0.0738597791739828 0.0118773133488637 0.0600321924490667
0.0560847241860207 -0.0643609640588718 0.0258855011317727 0.0640927922605945
0.0841801309745008 -0.0255057127424006 0.0230886330751314 0.0800129081045583
0.109998358271836 0.0312309870511495 -0.0176182420970124 0.110817479516537
0.05805010556154 0.102962977265054 -0.0843333474281613 0.109561039894721
-0.0378794721004109 0.132514819272079 -0.108281099036952 0.0542839097532452
-0.10590422930085 0.12340882228714 -0.0850109509090549 0.0482036114094403
-0.114678731510937 0.106743574810531 -0.0600067140327998 -0.0155660898380529
-0.0587546751984417 0.133061954132156 0.0717217211634075 -0.0185349936873987
0.0437002776491784 0.121170503230135 0.0389109241091716 -0.132928778874518
0.118230733735979 0.0545975931125893 -0.0752899009702828 -0.134134830376064
0.104271910486032 -0.0181074187755631 -0.125350382242793 -0.040061853055575
0.0726978661038914 -0.0626491887597038 -0.0864799401566898 0.0353799064588617
0.0267376642860904 -0.0894281140966218 -0.0298122283594122 0.0461368581180707
0.00553627688176886 -0.0859587979455034 -0.00374314303992716 0.0334307340955373
0.0114912436998667 -0.0926237522573466 0.0209360505289905 0.0264608059148225
0.0609114308837751 -0.0823476450856904 0.0447179002987865 0.0332563637567569
0.0980501063446495 -0.0409605856727729 0.0546759535366874 0.0576443497258669
0.137621970458476 0.0258136739912119 0.0187608986244848 0.103606801465129
0.0784313718423568 0.117410414538268 -0.0516992408996214 0.11640070872508
-0.0410474549137071 0.153073322723685 -0.0781392667279468 0.0509874804761276
-0.126622863412568 0.137976081469059 -0.0314467330590738 0.0218025085470476
-0.136536135638235 0.0960265691059821 0.00347505010451043 -0.0486569608090034
-0.0925660362736111 0.144219649230104 0.108594161465671 -0.0347625794301909
0.0307038909755784 0.152467065657352 0.0725850222919136 -0.130655920450076
0.134723410555026 0.0802380074711671 -0.0380878566288873 -0.138943531105554
0.124501150923983 -0.0146312671425796 -0.0876393840119422 -0.0600208959573819
0.0850472127979209 -0.067544243360015 -0.0619931708947717 0.00141328912295863
0.0325780064295896 -0.09873455241361 -0.0164814164316022 0.00865014859239732
0.00478500348098849 -0.09471856815736 0.00371292211478877 -0.00344642143515861
0.0082574597535743 -0.0979555193600025 0.0283489062236953 -0.00993597276928374
0.0568146551293156 -0.0878226645167637 0.0587598096052025 -0.000891179004115548
0.0974373092815657 -0.0482185884189001 0.079164878479202 0.0292966594844174
0.142882735119589 0.020019688539664 0.0491875433437491 0.0885114457594777
0.0820857336527155 0.115644157984652 -0.0222135330098913 0.113552570373061
-0.041734011301292 0.150151334430368 -0.0543595715882426 0.0414909732556774
-0.130664975056473 0.130403854642186 0.018622857160947 -0.0076803097093368
-0.130494182758091 0.0683980357652789 0.0728933027769217 -0.0733097918411122
-0.107798752938523 0.124051514068548 0.145879653068236 -0.0472326912940852
0.00795107515370923 0.151265201370711 0.102703459883867 -0.116811201251177
0.121967070660631 0.0902328652424171 0.00384659983333158 -0.129814004208349
0.119849718002201 -0.00691929928511353 -0.0426348568194804 -0.0724378960487377
0.08227166625857 -0.0606893763189203 -0.0316280517818462 -0.0318268336297117
0.0317601965392391 -0.0911740807636273 -0.00171667094310202 -0.0287248555713027
0.00266184525587967 -0.0889966482402076 0.0107383157068114 -0.0392165822283695
0.00415792937848673 -0.0906288661750717 0.0339097523109991 -0.0443462081367826
0.0468235935320818 -0.0797642826601285 0.0692815461246117 -0.0323078615838688
0.0860153556744205 -0.045528116615217 0.0966041975437138 0.00480492537910393
0.128676727924087 0.0182828142635432 0.0698746533712131 0.0725476490132006
0.0688248046447948 0.10527466275983 0.000532973051819613 0.104297527336832
-0.0459344500712582 0.129550632503046 -0.0349034638916019 0.0305731582338339
-0.121638825722792 0.101596698231508 0.0610131744481795 -0.0326111681733369
-0.0975632807649242 0.0309109640847697 0.13332362401544 -0.0863269067742198
-0.0951822968395026 0.0801233450030816 0.17364523084082 -0.0545024785008375
-0.00889128976572451 0.114865991239452 0.124357934585128 -0.0974310125161653
0.0880424208463344 0.0754594776302024 0.0385307507816354 -0.112935496162243
0.0905264481947295 -0.00190686103699532 -0.00330392584238979 -0.0784022889789614
0.0621275680567047 -0.0444746793920469 -0.00454412052616753 -0.0589834266000189
0.023264718114564 -0.0691758634230902 0.00997573621679035 -0.0605588524785317
-0.000620136953133695 -0.0691568658060287 0.0161207462621526 -0.0684326943539701
0.000689080904255901 -0.0706156167935454 0.0396105750452469 -0.0725313537493409
0.0327416762575775 -0.0634805219267433 0.0789191797544231 -0.0565138679355671
0.0684816307103002 -0.036786739019784 0.109716278041559 -0.0118462356399693
0.10142535466687 0.0184346772496219 0.0836772702912958 0.0632725886010647
0.0448799627093505 0.0878623538716022 0.0157963763882933 0.0958039490761688
-0.0490372263036762 0.0962721683959907 -0.020835224482093 0.0221454078314362
-0.100112250704983 0.0591345426599304 0.0935309905605696 -0.0481186314549073
-0.045420372959964 -0.0116559902122653 0.171220948862152 -0.0891213620026482
-0.0581145143038696 0.0240912145302589 0.184574936524246 -0.0596872278120775
-0.0140780835041021 0.0549548459402772 0.134272091106449 -0.0832947752541142
0.0426655279571417 0.0382812415981508 0.0601086284080464 -0.101372856714439
0.0435962719661207 -0.00110718265271889 0.019113809955529 -0.0832280268920597
0.0294795954276653 -0.0214091818778528 0.00974946840947428 -0.0780152666545033
0.00997902889002946 -0.0358517952465968 0.0141953775741858 -0.0812236217241045
-0.00395660635094446 -0.0388172630704396 0.0190608096851498 -0.0875896746452309
-0.00281386966206133 -0.0420120760493825 0.0426424123719898 -0.0908711361260877
0.0161807225463974 -0.0403505611073555 0.0873740827416362 -0.0709787317066812
0.0441760866207888 -0.02617762488772 0.121879487222034 -0.0193647733541891
0.0659113616331528 0.0154930379607759 0.0943531744677196 0.0623850798881136
0.0179876667169932 0.0615341386624925 0.0254331752546588 0.09227454975757
-0.0450562585235056 0.0544673229031957 -0.0133972656768793 0.0189239586540292
-0.0660744689207992 0.00991592588824879 0.112921601147564 -0.0532657785334176
0.0203309131269554 0.0278545470186115 -0.116394449519365 0.0759451183212044
0.0245557613638641 -0.0124610037325823 0.0275737141380513 0.0184913310180984
-0.00395956854509645 -0.0256823964402941 -0.00589338594373201 -0.0990188054397868
-0.0214574528611413 -0.00251098085041251 -0.0984717091414574 -0.0848034435981092
-0.00776916518596674 0.0122466738170317 -0.143555479820536 0.00689248766052371
0.00280585725167534 0.00485217062575539 -0.100437305442418 0.0820526888247443
0.00175145768400016 0.0022177458121175 -0.0433400932931266 0.101606259120444
0.00277780726866241 0.0015506757367469 -0.0165630287911537 0.0966141297132763
0.000538439333055349 -0.00670480853131038 -0.00530077158757658 0.0918308618537626
0.00559983123399043 -0.00824080291901683 -0.00682038599603038 0.0896390200628326
0.00586173736556042 -0.00366167578792632 -0.0222304342203069 0.091883515098371
0.0123662219778867 -0.00639862527542837 -0.0655167041933362 0.0982841586042021
0.0215537240360558 0.00676618673990231 -0.122603008116759 0.077627007809651
0.0181716800673344 0.0358560515850832 -0.164227264400639 0.0378354321750154
-0.00397839242602943 0.0476024362278528 -0.165040446735811 0.0711403391355737
-0.0249064653732709 0.0666254985288108 -0.120062063946761 0.0530842844577263
0.00688363969906312 0.0399264683598107 0.0286789965538082 0.0128062695865645
0.0206165931691723 0.0178213769770703 -0.00220552496401954 -0.107496842628356
0.0263146336151886 0.00803113080318732 -0.101628638332031 -0.0969318317654722
0.0278415269787426 -0.00176545543554811 -0.146187435043432 -0.00244007228284826
0.0246573848600588 -0.0208513670652264 -0.101329319497457 0.076166335393846
0.00838355505991332 -0.0324759523848099 -0.0420821241121099 0.0943274783264592
0.00442449790155594 -0.0326382616821429 -0.0141881464145751 0.0864874432809908
0.00926239036286154 -0.0425772010531449 0.00208107191434067 0.0816597879124957
0.0365917482509847 -0.0364377982261686 0.00556549364429727 0.0818492977029921
0.05003859007475 -0.0100681339326913 -0.00688698338608067 0.0894525159106393
0.06249230765295 0.0222548938975667 -0.0480687208432238 0.102710112604671
0.0331808310464737 0.0630551642559777 -0.106625409959739 0.0897072342956834
-0.020269869059807 0.0874866440884492 -0.136687270176262 0.0469128630866456
-0.0624860190229765 0.0864934532282956 -0.131225975657407 0.0640238736243302
-0.0721475200910887 0.0934188349859816 -0.10008548990808 0.0201134758834558
-0.021558366553064 0.0912268117424274 0.0429725863063571 -0.000239312887488331
0.0383469808200716 0.068300843767547 0.0132926131232822 -0.119823336582847
0.0754324870427809 0.0264235933261545 -0.093954256344438 -0.114228124911433
0.0663578085025441 -0.0132157795252284 -0.140879399713514 -0.018986197767202
0.0485147708046255 -0.0444853431690782 -0.0972763394720029 0.0595646836002776
0.0169001881878765 -0.0638982033594359 -0.0382144005255429 0.0742299402435222
0.00514265064957186 -0.0619865693915626 -0.00995596109152649 0.063856784458978
0.0127269285227306 -0.0714518355519174 0.010900662559318 0.0581958832305916
0.0545568621249855 -0.062471973315476 0.0242157906633452 0.0615378372924505
0.0811680040797331 -0.0248809220448778 0.0215055268162962 0.0771453244340223
0.10683202455532 0.0299565371102329 -0.0173283815245567 0.105765408454027
0.056009093493918 0.0994954349978444 -0.0802636400216403 0.104735466294448
-0.0372034010231571 0.128121431133317 -0.105441314241628 0.0513487243187897
-0.102629602150433 0.117426048606806 -0.0833479047662019 0.0472206458975822
-0.11162766256358 0.102381634509862 -0.056375519101476 -0.0142602951691794
-0.0569959025937505 0.128316549254046 0.0704237053667804 -0.0162538696160436
0.0419593820520134 0.116381828310557 0.0393514693726595 -0.127128611685628
0.114028041240672 0.0511141580344611 -0.0709654596718281 -0.1293818756776
0.100984782976315 -0.0184217356685737 -0.120537038358079 -0.0395281621822811
0.0696511867261548 -0.0610184893211699 -0.0832235870317477 0.033408881324895
0.0253352522596863 -0.0866788754625169 -0.0291906412312609 0.0441096279125191
0.00489270406838702 -0.0823528036692928 -0.00367277001472287 0.0321541344194438
0.0107528929846984 -0.0895055582759511 0.0198305468717585 0.026000539036077
0.0591045115286536 -0.0803538733643951 0.0425890825634118 0.0322460169893916
0.0948135597271658 -0.0396978660812311 0.0518001716534106 0.0553288970282589
0.132927367116431 0.0245888463519619 0.0179821777764548 0.0989733402400075
0.0748810888032942 0.113504462005177 -0.0489469568811652 0.111727612189515
-0.0401510494867741 0.14784094522338 -0.0762465327404464 0.0486343462289714
-0.122546919670247 0.131804402076789 -0.0311073906768788 0.0209927799013782
-0.131933079732213 0.0916050393900917 0.00420768361695649 -0.0470996457949404
-0.0897393274617987 0.138825106873773 0.105325811219157 -0.0322474338659566
0.0288994271076927 0.146945084072156 0.0707354927700674 -0.125022759657449
0.129779533252061 0.0760877760578833 -0.0346697432225291 -0.133672811234024
0.12003801960795 -0.0148016667208216 -0.0844370688514604 -0.0587910722788637
0.0819928572301764 -0.0656166831936329 -0.0596990542784125 0.000864806281146977
0.0308970679135718 -0.095113114998878 -0.0164326054519254 0.00805736521432385
0.00411804699317193 -0.0904724123632889 0.00295030424927154 -0.00314280086658551
0.00731414718772374 -0.0943905084794258 0.0270365393348526 -0.00942157887237854
0.054595543967645 -0.0848187507631217 0.0567468305545527 -0.000858721777668211
0.0937896125652868 -0.0468190767386893 0.075370104556375 0.029018216545035
0.137805460665827 0.0187326725562991 0.0474651024056357 0.0844444973803233
0.0783959417100322 0.111616712197921 -0.020552630984974 0.109180269879353
-0.0413983570916043 0.145151791472087 -0.0525869170851888 0.0400267055886941
-0.125638251284537 0.123592928333917 0.0170596139979191 -0.00746306567719829
-0.126473985336622 0.0653302720921618 0.0714776294435641 -0.0707298719190257
-0.103933277246523 0.119365234688024 0.141091670480737 -0.0444155997122025
0.00728699059806884 0.145072590384414 0.100116918865966 -0.111126164259829
0.117505436712636 0.0857502639182645 0.00530668728032765 -0.124051661552387
0.116009674978616 -0.00747440685196988 -0.0408911576507756 -0.0706558244205168
0.0796829796713283 -0.0589158805147344 -0.0303378143468265 -0.0313190727325384
0.0301000787776714 -0.0882292455806419 -0.00221615435225289 -0.0281702850999929
0.00214388229324689 -0.0851425646730012 0.00999104760714495 -0.037888474423364
0.00338139485390967 -0.0868360497623223 0.0326028887853817 -0.042360634285173
0.0452938544572256 -0.0774263999375091 0.0667923838878593 -0.0316565107372275
0.0832400798914169 -0.0440889010465624 0.0921906961949281 0.00477791175121857
0.124187395281386 0.0167379413323709 0.0675003418105386 0.0692303326969664
0.0653694406251874 0.10157976996674 0.00184527124273797 0.100520880263286
-0.0448286894322088 0.124875468577305 -0.0342868020008996 0.0288166795494915
-0.117066130116197 0.0961672172202844 0.0575998046439998 -0.0315623363878522
-0.094143321774903 0.0297008182216265 0.129227580577656 -0.0829799067184808
-0.0917840957528356 0.0767534199146983 0.167593325395657 -0.0511031090868576
-0.00938552092580359 0.110211536381384 0.120539723882448 -0.0927037810198743
0.0843700653196383 0.0713515901076506 0.0385823076707495 -0.108054207948104
0.0873510342633528 -0.00232707983671625 -0.00229762494850359 -0.0761193920188541
0.0600744722337496 -0.0430734094884845 -0.00414932506380086 -0.0577566425817047
0.022210872797317 -0.0664466630618934 0.00901887495529993 -0.059156236518781
-0.00110944846069811 -0.0658584193802454 0.0151243338260808 -0.0665157226326627
-6.75524966437379E-05 -0.0678876672173803 0.0377490288313477 -0.0700456020577858
0.0320818592676294 -0.061065484068516 0.0756152781065763 -0.055095324566401
0.0657195474772718 -0.0354582717153297 0.105180742825199 -0.0106448560888577
0.0975450806013816 0.0172447928011431 0.0804590354919348 0.0602912248710171
0.0425220281998253 0.0847107656650633 0.0157494978130093 0.0919027411944539
-0.0473729691379341 0.0921073857437509 -0.0204476131931598 0.0207993356535942
-0.0958192478682363 0.055319511940984 0.0894744980884878 -0.0470565841138785
-0.0437126031771597 -0.0114883012157372 0.165718915101906 -0.0856348836562535
-0.0552228981093592 0.0227705183646584 0.17799893444546 -0.0576435464034286
-0.0138113538441122 0.0521630769838421 0.129696153650012 -0.0793164520460665
0.040469450017479 0.0361117558869259 0.0587098058861682 -0.0968342518528817
0.0419424233316835 -0.00113178666475694 0.0195110354593792 -0.0805447399066395
0.0287279025185723 -0.0203360353166341 0.00961655831378007 -0.0761272133682881
0.00902488794528537 -0.0340824519837494 0.0136111806119666 -0.0794617115952055
-0.00419356258238514 -0.0363797858933944 0.0172848504225309 -0.0848908936382702
-0.00298623264477753 -0.039944980280189 0.0412533512518362 -0.087649089707408
0.0155358655540946 -0.0386275289730521 0.0843563572439949 -0.0688586757053135
0.04242065804456 -0.0254083903942253 0.11773008482645 -0.0174361628124949
0.0628141041705056 0.0143122774223303 0.0905039692683243 0.0600096732143373
0.016867427373636 0.0595069672453204 0.0241804510065746 0.0890184689246671
-0.0432820142872191 0.0515662293092889 -0.0134338891943045 0.01809774282069
-0.062977158601611 0.00808075328428868 0.107827094197059 -0.0514299724654197
0.030180935515088 0.017745075955553 -0.0723372581841043 0.116169602203767
0.0169107938066671 -0.0206871082193192 0.0331732010151622 0.0047238781305345
-0.0138330916483008 -0.0198390892500137 -0.0469330717072528 -0.0868153006369224
-0.019936543784008 0.008005425844954 -0.125166240786112 -0.0350191408724099
-0.000178395653438887 0.015058804010125 -0.125504653275098 0.0671427174174241
0.00536171986873848 0.00382492179880102 -0.0558119012321945 0.116206852097892
0.00210655978708032 0.00165259105759699 0.00401883758463591 0.109632378499091
0.00357396049151075 -0.00056994494524207 0.0268897779833218 0.0939656009830432
-0.00243247584116901 -0.00619308576565891 0.0353303097607062 0.0850790750393898
0.00227068049741231 -0.0102023607233505 0.0326548750096102 0.0838457514804874
0.00446413709513204 -0.00552208927264062 0.0185535689032188 0.0916075252714189
0.00804926703227942 -0.00928002398494589 -0.0177122479885227 0.115745564561485
0.0213697682364287 -0.00174886797836463 -0.0778967397368749 0.119562738644136
0.0291220160967536 0.0251415887284744 -0.134991251661532 0.101839987282055
0.0151495631974016 0.0466355293870393 -0.124184977581762 0.131468890836005
0.00439595494518089 0.0708721878257975 -0.084249821893752 0.0992185755184763
0.0211918722863341 0.0330554452052643 0.0333659971070443 -0.000805118772155006
0.024762053092004 0.00920937865476987 -0.0451957544599076 -0.0971281848148369
0.0266278554007424 -0.00155682945381852 -0.131201100577363 -0.046125263304982
0.0257539388467987 -0.0117486794623021 -0.131814319133348 0.0587355691892851
0.0143074565702366 -0.0287006351351446 -0.0585887698573566 0.110302544038525
-0.0064342771924263 -0.0324045280724218 0.000978968386232758 0.101064335643644
-0.00871051187032307 -0.0320777002334084 0.0245902157798246 0.083360406630755
-0.00924388659938823 -0.0424551609387453 0.0378128677396814 0.0728420983502755
0.0183004185768863 -0.0491028437676829 0.0414349346167608 0.0723180205847545
0.0430431805965972 -0.0299440283498489 0.0320057784172877 0.0849092108635545
0.0649747903653312 -0.0046487543639205 -0.000499436986828583 0.116552763292524
0.0553846379335921 0.045488170436367 -0.0599368208443026 0.125355851876906
0.0161694952902416 0.0892449784567695 -0.108962294854072 0.0970377045272236
-0.0217224926226327 0.108353782324605 -0.0970868447516137 0.108482611503004
-0.0287506176671575 0.113507958796607 -0.0798386842538772 0.063869478002336
0.0157444745134346 0.0898477811469785 0.0422190757484793 -0.0168824785812627
0.0598243432008855 0.0471980373070232 -0.0330516859528461 -0.11386189126946
0.0762683956055261 -0.00557228896307995 -0.128838333527319 -0.066434974910324
0.0556790222402189 -0.0374060937857078 -0.134158065320003 0.0396608881881806
0.0261901257311331 -0.0594634531935244 -0.0619326518610812 0.0924741788481444
-0.0114093400057804 -0.0638904198921028 -0.00371025571105692 0.0804891264966492
-0.0199858128970661 -0.0592857210123573 0.0189767544752284 0.0617651969458906
-0.0182442580286136 -0.0701402400438155 0.0364326042447678 0.0475306068829347
0.0238741225529179 -0.0800091987751222 0.0511435249694942 0.0452490971434934
0.0654554695735976 -0.0565838757311423 0.0534768363743537 0.0641456107540635
0.108387148192334 -0.0166107283185287 0.029981276423545 0.10939003224495
0.0913374757200242 0.0698131023589727 -0.0312016366884291 0.129311853493735
0.0183091035792073 0.133710007028031 -0.0805309316592795 0.0873374404704587
-0.0441575110889626 0.154276468608643 -0.0625119450081578 0.0706218480107963
-0.0620582103501921 0.136740422050421 -0.0551258162496068 0.0153985852291025
-0.00214337512028923 0.136351988440509 0.0608583253476968 -0.0414342138124322
0.081573773464462 0.0889031347912224 -0.0106445821384989 -0.130803769597882
0.120055429682491 0.000933173223332913 -0.111814506053396 -0.0895481402549614
0.083512586796103 -0.0557844108148888 -0.125095050309513 0.0108678895869148
0.0384896664186129 -0.0831401290509498 -0.0608554474144726 0.062359237171585
-0.0127686787320924 -0.0875734422286587 -0.00853473536907109 0.0488463195503852
-0.0283940483551093 -0.077832566777516 0.0109571834696473 0.0300337569601078
-0.0273543366985082 -0.0856439552816203 0.0308277293660431 0.014931226172434
0.0212556353993577 -0.0980480144079065 0.0546149785676816 0.0108218267894449
0.0716124398669579 -0.0763179930844122 0.0720623205987136 0.0323804933987877
0.130205827032601 -0.0332484617921983 0.0601553671604656 0.0903175429441089
0.114959449569689 0.0748143608638347 -0.000238879714222805 0.123583180435349
0.0245537580803583 0.152923782705764 -0.0564493175996777 0.0729397694070359
-0.0555139341528334 0.175434583482172 -0.0262179735807835 0.0238722728223801
-0.0854577089467367 0.134269807718892 -0.013771976866977 -0.0381693295392066
-0.0277830587408537 0.159119840156851 0.0854009508913114 -0.0698562490144771
0.080899976851234 0.120809682150266 0.0202526593343277 -0.140234497131151
0.143009249624791 0.0159559355392184 -0.0799070855206835 -0.10841104827676
0.101337938843742 -0.060464807102672 -0.0997504358712751 -0.0224842381396968
0.0475903727654217 -0.0925563808451848 -0.0535256240273399 0.0225244978308366
-0.0114780582310804 -0.0978683363260746 -0.0127808513435767 0.0105458163101457
-0.0328058880428196 -0.084195683037042 0.0016319294188768 -0.00476911387605773
-0.0321470572384934 -0.0887469550827601 0.0217688939955565 -0.0202709146849735
0.0153803612839336 -0.100511943679221 0.0528426076313479 -0.0251209814292431
0.0679036473385255 -0.0820272841829674 0.0819819167614388 -0.00206266229977208
0.131680301802273 -0.041371633367993 0.081179324190904 0.0652639746057434
0.117545739437116 0.0719597310518436 0.024525571187521 0.109172845566073
0.0227762976388857 0.150785575408048 -0.0388957124511614 0.054968228139262
-0.0617158965966617 0.169469745511244 0.00645256532323356 -0.021659423773343
-0.0910963323099759 0.107881288415225 0.03682092142258 -0.0875987202943805
-0.0487404299279288 0.146327293626533 0.111219078996752 -0.09537970505304
0.060327826328412 0.127411739517287 0.0512748163402494 -0.138786251064456
0.135315198344167 0.0290643134263798 -0.0397160942884891 -0.115574663346921
0.0997127042564306 -0.0520500679269173 -0.0651787684048654 -0.0511131590171578
0.0477782070950285 -0.0855315795781382 -0.0405883271273535 -0.0186482787365741
-0.00871237736397602 -0.09115919617969 -0.015452547312109 -0.0289719524277923
-0.0321877553650152 -0.0780987622929447 -0.00722432916620833 -0.0391275462594963
-0.032632273231317 -0.0801350895729326 0.0125079580414926 -0.0524988696604331
0.00953213231720853 -0.0896547134767371 0.0488652762801574 -0.0572481708158747
0.0589144881162983 -0.0758047318836149 0.087186122442761 -0.0305512664684678
0.11875594587578 -0.0366574782193534 0.0922643164932399 0.0424145662452405
0.1015660962223 0.0678791051258807 0.0403128125862346 0.0913606645438288
0.0112024875687192 0.133133210245094 -0.0256286223118133 0.03804933767765
-0.0651117112037306 0.139834144577436 0.0347730271863081 -0.0599251282261813
-0.0764378801341672 0.0620423613930354 0.0827559767427292 -0.124133060111428
-0.0542046001056532 0.103256214964242 0.131209986909138 -0.113490840934826
0.0319126324127659 0.101929080375966 0.0751884281753506 -0.130214036972455
0.1002207033117 0.0292443920824709 -0.00446643346000764 -0.114365069093345
0.0763011064133449 -0.0362104504574065 -0.0328105409899847 -0.0715152562229809
0.0363901846608953 -0.0630867024626342 -0.0279167448611915 -0.0528704981687708
-0.00671174279673224 -0.0686117276430971 -0.0182073294886795 -0.0610458635508765
-0.0274540583251403 -0.0593110602933835 -0.0153542358739841 -0.0670173232596966
-0.027630698961828 -0.0614427510676886 0.00458608372580995 -0.0792763420216111
0.00437086627255518 -0.0688654439143165 0.0464900227584173 -0.0823831467034961
0.045896191009763 -0.0602929562695851 0.0918294533728105 -0.0511590711954646
0.0950999093248463 -0.0249625584139851 0.099470275954833 0.0271717503668048
0.0734392971627104 0.0619796415873767 0.0496887396600224 0.0770923224043958
-0.00496293023354918 0.104008511655909 -0.0148688496381308 0.0249284820155741
-0.0639278532374214 0.0920814473904299 0.0590369332512272 -0.0848204012804026
-0.0464628587093584 0.00532710619657824 0.114320254886159 -0.143714152958644
-0.0431101652464169 0.0405883265297717 0.136785865703704 -0.124150660022707
0.00537115629062306 0.051341399993 0.0857529985671009 -0.122436381067637
0.0473292800625549 0.015182520822601 0.0151971905866132 -0.11206548413163
0.036024602898805 -0.0169765969856367 -0.0157349387257106 -0.0827227712402689
0.0170307880266523 -0.0300204379657103 -0.0234351171630489 -0.0739868388330955
-0.00523588319946691 -0.0341719844375097 -0.0229926549659558 -0.0796157261236533
-0.0187753453985009 -0.0305439045026988 -0.02120375968708 -0.0842149345785251
-0.0189421271053631 -0.0348256370526533 -0.000344179574476451 -0.0969521352778746
-0.00137117419824169 -0.0420396186046509 0.0469125276754198 -0.0981040942782641
0.0287863308784337 -0.0410930830807395 0.0993153482597175 -0.0633518025983007
0.0629573445673335 -0.0123746024757724 0.107403200326429 0.0204667755323776
0.0396147526872938 0.0492555815051287 0.0562883151670193 0.0698255542034907
-0.0183833998275391 0.0646797639070327 -0.00740498997103815 0.0198797124540813
-0.0538046997637042 0.0338636902592909 0.0759337059827708 -0.094245020713444
0.0299857434619365 0.0174176879683733 -0.0700728738073254 0.118656836249391
0.01682429460401 -0.0210789584454724 0.0342766458282393 0.00383599748690708
-0.0139155738849835 -0.0193269071699416 -0.0488648582395152 -0.0870294099407852
-0.0198617213746737 0.00821551223323319 -0.127138262363594 -0.0344592900544254
-0.000258432884513525 0.0146757636608217 -0.126421686192413 0.0703593905105174
0.00515298484869184 0.00351192812205209 -0.0544148209093946 0.118704324352226
0.00164957337099208 0.00139151159765484 0.0062126421505111 0.11024422182527
0.00351382396914916 -0.00104222432584448 0.0294796908308663 0.0944322137908387
-0.00271678959480979 -0.00649793842032199 0.0379607181918596 0.0854845515141702
0.00180648702628988 -0.0110850251567371 0.0348492885388092 0.0846487404184398
0.00469777059667952 -0.00534779749088957 0.0196063974023102 0.0924782462855738
0.00850678859053129 -0.00927351155398745 -0.016331783358756 0.116617770007042
0.0218529395504851 -0.00205775293314758 -0.0774181395813673 0.121580748278652
0.0299535991773394 0.0246973335564823 -0.135653446305673 0.105031902658524
0.0150835029480231 0.0460475431911118 -0.123328024956873 0.136467624859791
0.00495616244336299 0.0715950529552138 -0.0821033466918298 0.101461747889239
0.0224452927449501 0.0337447270294594 0.0347598446472431 -0.00171922468354629
0.0254992630099078 0.0087187769550368 -0.046777020031184 -0.0974311053777943
0.0263083938909137 -0.00294997794424014 -0.132414272565344 -0.0450381306753403
0.0257732995550175 -0.013477424291563 -0.133397774459139 0.0619120705141524
0.014118621615334 -0.0298713373966282 -0.0575293176969716 0.112374953589388
-0.00732772791791525 -0.0324412314480362 0.00307628603246068 0.101802629200284
-0.0098011003375851 -0.0326770582669894 0.0271590551333718 0.0840231069592539
-0.0104091213467317 -0.0430395992459471 0.0404543692258965 0.0727360196978861
0.0174464775016026 -0.0506445602169396 0.0428933886195304 0.0723765981995376
0.0428614092533428 -0.0312301475356834 0.0336461938343325 0.0851920743414833
0.0658531435033352 -0.00596269964267401 0.00164914950172395 0.117353263733165
0.0566442936394163 0.0450625146810911 -0.0583951826774817 0.126845017993996
0.0181139719717979 0.0902874361266267 -0.109072917165659 0.0993779712216801
-0.0207499836501885 0.108995144533612 -0.0971131766945504 0.112103853697288
-0.0274361876533196 0.115378074907363 -0.078559544573654 0.0657463145488088
0.0175929678191529 0.0908356179965811 0.0435231482530312 -0.0177054195797017
0.0616651557485808 0.0463071597148638 -0.0347956901603519 -0.114312087240884
0.0762003427646247 -0.00770425589445714 -0.130610763278141 -0.0654244498840309
0.0548344197823194 -0.0398180140715017 -0.135935986170198 0.0425569763466542
0.0251620529953234 -0.0613218815924533 -0.0616449848765504 0.0943810650268424
-0.013337007191405 -0.0644382703063918 -0.00254213281555082 0.081003947204071
-0.0214127558409903 -0.0593238028757862 0.0205127551290866 0.0615370852258566
-0.0206655878003431 -0.0705494685364319 0.0382061933108594 0.0475159849462875
0.022561932336227 -0.0821402531598733 0.052082676619916 0.0453158281540409
0.0651154847437064 -0.0588106124537967 0.0547845691791812 0.0641779567962833
0.108684827536405 -0.019296892177495 0.0318351730242575 0.109387048595123
0.0934088854771395 0.0691580107545573 -0.0292696961417067 0.130336801862778
0.0209394102428401 0.135267859455581 -0.0809859212976417 0.0895484385780073
-0.0431553791295398 0.155740877623726 -0.0623458106523596 0.0730789304973359
-0.0596962364300392 0.139219589164027 -0.0546828123473946 0.0169624860693005
0.000457887061446684 0.138573233752488 0.0618178548960699 -0.0425969349062173
0.0838128242457659 0.0878994746004615 -0.0119459508854191 -0.131786281196438
0.120665458295484 -0.00292319907131084 -0.114108545686454 -0.0890502031400772
0.0833127116718113 -0.0587233381567158 -0.126342240289245 0.0134856534118256
0.0373821061892112 -0.0853944531981992 -0.0607593935238854 0.0634963402668597
-0.0150802164600808 -0.0882839990215896 -0.00835549193092561 0.0492178607372894
-0.0306672205677335 -0.0774202646008129 0.0117949935255817 0.0301195892248036
-0.0298512403421979 -0.0858566366365902 0.0317327911381244 0.0142671820231016
0.0191513352015088 -0.100303191061151 0.0554499070720581 0.00995780598544015
0.070668916649517 -0.0790618266752119 0.0734622614086921 0.0315566765459095
0.130769972832866 -0.0373548361681564 0.062077546703456 0.089345362961179
0.117806051779843 0.073362596170569 0.002416045791356 0.124180534580252
0.027778673399982 0.154803778779563 -0.0565605061909915 0.0745761037396726
-0.0541343928156816 0.177119531178891 -0.0270476478190873 0.0254799386582698
-0.0843427346992219 0.137681453383349 -0.0140277084369246 -0.0383836982387441
-0.0248704922069987 0.161265373965643 0.085955203819676 -0.0715028698204952
0.0837643196202324 0.11950251221896 0.0188395217469583 -0.141653593178712
0.143952532823291 0.0122327955502248 -0.0816205977758564 -0.108318469801617
0.101252121189855 -0.064144664261942 -0.102095288816587 -0.0206633904887271
0.0464796050631405 -0.095277060102362 -0.0538209111459017 0.0229335071033457
-0.0139201038138222 -0.0987951770734945 -0.0132260878984604 0.0103734201574141
-0.0349328786723038 -0.0838944731813352 0.00114385735248088 -0.00506740542940829
-0.0349782239916762 -0.0887208074934477 0.0218839203244112 -0.0210076724457269
0.0133043323059234 -0.102541178849443 0.0523390248735107 -0.0264497007148234
0.0668438415159318 -0.0847859019680283 0.0829868368507023 -0.0030861455495289
0.132114126914609 -0.0452707264511764 0.0824372681942128 0.0637767107042225
0.120452954132078 0.0704635293507752 0.0269727802523918 0.109062239731823
0.0253956429121007 0.152081830100347 -0.0384798575446122 0.0566768445706737
-0.0598342254754553 0.171332058657645 0.00481549068015041 -0.0221624176673117
-0.0897373812514088 0.110855685350675 0.0356192540541163 -0.0891878433842579
-0.0470928174124722 0.149232659189968 0.111321528682818 -0.0974560759171062
0.063095923257113 0.126660456703755 0.050308519681951 -0.140369446158404
0.136341125251568 0.0261937788772416 -0.0416700943622552 -0.116188258872939
0.10004191604512 -0.0551525796376171 -0.0675707764703746 -0.0507391433494891
0.0463995331260222 -0.0882673334098266 -0.0413886728831439 -0.0188602565500187
-0.0111999908688628 -0.0921374780351224 -0.016885564420165 -0.0290993451284017
-0.0338906637367416 -0.0774125287257573 -0.00912069742425629 -0.0397894538163924
-0.0348150744132139 -0.0795077098089654 0.010989889719705 -0.0539032617197857
0.00773808521290826 -0.0909997368764697 0.0474012092322429 -0.0588788190349922
0.0577504652946312 -0.0775613770424943 0.0873688461183497 -0.0324867871541164
0.118648709370096 -0.0405466156740466 0.0932772326164515 0.0406761219554199
0.10420024049548 0.0667730551023553 0.0434076752251941 0.0906605809267816
0.013753923196249 0.13429332076444 -0.0258030890818108 0.0389854315133302
-0.0637544028606126 0.141474825197355 0.0329491251252005 -0.0611891692337135
-0.076071841679165 0.0643331488407464 0.0821773832355622 -0.12708661881634
-0.0533826230527518 0.105461678915092 0.130439540949121 -0.116159838478816
0.0337842773846355 0.101567517092706 0.0740742489270655 -0.131792186916952
0.100630375067975 0.0266035594091198 -0.0058143872266564 -0.115238670935453
0.0764348206143186 -0.0382542882377407 -0.034544598112677 -0.0715643681309567
0.0357134706651076 -0.065021737611838 -0.029616465131771 -0.0538084593006422
-0.0087055576236338 -0.0689064590707664 -0.0204230301746007 -0.0619215138691791
-0.0283284156030363 -0.0582445086447486 -0.0179803528671786 -0.0676425167833722
-0.0292266506976812 -0.0605780089772469 0.00237836463919105 -0.0808323267930711
0.00318214129580705 -0.0698486880915715 0.0443524416065956 -0.0841147414173285
0.0450039355521881 -0.0620026176384768 0.09217442795557 -0.0529040838258261
0.0955102379497746 -0.0277663897910266 0.100358497708098 0.0256088419269827
0.0757252358323834 0.0614297329947283 0.0520315341593869 0.0769743423920637
-0.0034612864117617 0.104740256201748 -0.0149902956200599 0.0258616360554059
-0.0630205842692918 0.0934922858416157 0.0567718840690104 -0.0869889305121945
-0.0461597457512407 0.00608900078679057 0.112743670305735 -0.14752654064115
-0.042490690006496 0.0413174915991662 0.135798315377801 -0.127459900301034
0.00612912928088939 0.0514967549921584 0.0851159108763382 -0.124392818878254
0.0474343741553583 0.0140993103829999 0.0139189558879057 -0.113442698900682
0.0361075575057108 -0.0178698254127137 -0.0170458709078561 -0.0842043959273467
0.0163422229489032 -0.0310243817503054 -0.0252113234753354 -0.0747895309188723
-0.00613759041438758 -0.0337535917971177 -0.0259675025672212 -0.081008634461838
-0.0190727058725676 -0.0295738172923739 -0.0243881924015942 -0.0846220704908685
-0.0201243148450949 -0.0339036375608362 -0.00267932334963645 -0.0980181928454024
-0.00199001631376848 -0.0418717648515289 0.0447951230372069 -0.100265188491353
0.0277210306190295 -0.0418828456690027 0.0991583122893457 -0.065689944510134
0.0630040808045436 -0.014376733023765 0.108746232904107 0.0186983226802292
0.0412085806480406 0.0492922427962883 0.0582174074516456 0.0692428081299598
-0.0175018408348187 0.0646958545415473 -0.00744525537724903 0.0207623440446667
-0.0542145971448476 0.0347423165509637 0.0737555306675972 -0.0969677650457781
0.0297500527728256 0.0159190540707118 -0.0638063867943756 0.120835338471404
0.01603940892402 -0.0212697707948076 0.035193195628068 0.00199764336674942
-0.0143210790935385 -0.0186686647338912 -0.0521509449052637 -0.0859774380020454
-0.0194372189150457 0.00918142407807021 -0.128695527455931 -0.0297253191230215
0.000170120534651181 0.0141243157635706 -0.124076131939348 0.0762300076337084
0.00495928502431203 0.00280623555120211 -0.0498476371070138 0.12126204241136
0.00172084949923643 0.00110088262777496 0.0109775130922973 0.109703540140355
0.00317853819623682 -0.0015332683660396 0.0349761961101621 0.0929066983056981
-0.00319099811852629 -0.00638715931463528 0.042870111805763 0.0842108025971905
0.00106139675450172 -0.0116990277236436 0.0385400855734021 0.0837104435464241
0.00494222292927714 -0.00565129354579462 0.0232322779522133 0.0918555717936729
0.00834214581040884 -0.00924445368851816 -0.0113103198594983 0.116956569285639
0.0218383343207338 -0.00257816216569382 -0.0723756480651769 0.12369192784814
0.0312522392757069 0.0237411937597229 -0.132259454005786 0.110393426259169
0.0159349122794399 0.0455597538599681 -0.117643552095206 0.142796722210247
0.00716111941610848 0.0712535848789381 -0.0769894743516749 0.104483828429767
0.0240551561956219 0.0327172813962546 0.0355130435377064 -0.00334352604554746
0.0264446379145355 0.00774793482176927 -0.049908960905605 -0.0965646864759628
0.0259766154212848 -0.00459423723082026 -0.134250550937196 -0.0401426229208282
0.0245627818484927 -0.0151663568936326 -0.131369410593888 0.0683764923781691
0.0119746644261833 -0.0306788734250315 -0.0529343095209965 0.114738764644358
-0.00935044833571447 -0.0322906817587866 0.00744326218884237 0.10145157660309
-0.0115576527224827 -0.0321115395262316 0.0315082713564227 0.0828486123983069
-0.0133037847917376 -0.0427120675418494 0.0444178781780689 0.0709969885506222
0.0147915348012521 -0.0530021417658267 0.0467780517238534 0.0711250765489508
0.042039126874613 -0.0333497942652988 0.037310469543948 0.0846982086752266
0.0659225440792776 -0.00869434565570651 0.00618872086692647 0.116179675046571
0.0590002416947563 0.0434573990714041 -0.0528830897192681 0.128092705110419
0.0221114610530653 0.0896338720464413 -0.105972590598509 0.103766645394852
-0.0166740430187219 0.109727383523773 -0.0923421055749562 0.117165213969845
-0.0227719883579381 0.116441918647679 -0.0747210487662703 0.0688419265051369
0.0218724155271489 0.0907171633232584 0.0438837913672873 -0.0195497439021674
0.0641045091600354 0.0432507540255224 -0.0389218252752209 -0.113608743118278
0.0754821221988551 -0.0119945316779551 -0.132777178551369 -0.0604362903441379
0.052594226476156 -0.0429069527551419 -0.135175634034298 0.049242149526708
0.0218929044806018 -0.0631866792059457 -0.0576167825955453 0.0968380066177821
-0.0166875621425694 -0.0636620623224918 0.000907060084257994 0.0809144395969335
-0.0246239128263254 -0.0582166771487765 0.0236445826422644 0.0604557448473852
-0.0241558798396498 -0.069302430166587 0.041203745254574 0.0458358702178217
0.0182401622609716 -0.0848396024404845 0.0539633588746137 0.0433987391586305
0.0629016474809239 -0.0620245300735046 0.0582921721423306 0.0622407740641918
0.108764110908504 -0.0245461573137269 0.0358879860360712 0.1072797280417
0.0965764492438812 0.0652476208812077 -0.0228128796911186 0.130651513115281
0.0267782826167489 0.13474743631122 -0.0776120061449638 0.0933860380005674
-0.0369827700295325 0.156940870918664 -0.059370549364846 0.0766862886199172
-0.054302521827501 0.141837263716003 -0.0528376237347078 0.0191795752065052
0.00628151604217726 0.139133200369096 0.0608189454485618 -0.0447691714964738
0.0879399296077556 0.0836189124448485 -0.0167461114456143 -0.13101191193696
0.11962237847454 -0.00904094791483582 -0.117678644049732 -0.0847441772069216
0.0799992516762534 -0.06391518902654 -0.127220615358666 0.0195040534160937
0.0332018878234943 -0.0878413064730019 -0.0582917946257568 0.0661864164607772
-0.0196768077774191 -0.0875978286043198 -0.0064929119259111 0.0493117213245784
-0.0339946361613136 -0.0755681175860669 0.0128142400508177 0.0295828884820665
-0.0345038427434806 -0.0844426733313357 0.0328427117154303 0.0127915596116661
0.01399314559823 -0.102301360681837 0.0555555643981676 0.00779605566333756
0.0673426026302845 -0.0823627472643454 0.0751156256888483 0.0287876803958173
0.128857521460456 -0.0443373543134843 0.0654984304950122 0.0864088671393373
0.121308012384593 0.068203529893698 0.00882604723257542 0.12285680774215
0.0344585265050153 0.153962411221898 -0.0538972398568526 0.0774017210181516
-0.0463006818259413 0.179265476356892 -0.0265565392487466 0.027188018670863
-0.0778841877885848 0.141399719251163 -0.015099035857872 -0.0374687241829915
-0.0181314694457021 0.162724766383849 0.0830400109336851 -0.0745637331961337
0.0890004593857869 0.115533150809179 0.0138209708771348 -0.142068506554363
0.143461102546216 0.00480308721625824 -0.0857407150650732 -0.10507056914974
0.0981670996541241 -0.0693422837499579 -0.104293555830816 -0.0159958435694068
0.0418611435513364 -0.0985382556825135 -0.0532671418851362 0.0253378105623661
-0.019251881950834 -0.0979980996585067 -0.0138050570248545 0.0101747680228532
-0.0387061052826565 -0.0815737986246728 0.000290530274295868 -0.00523532520352826
-0.0394451037833999 -0.0866475129702602 0.0207841102588366 -0.0218652449319476
0.00795869510539047 -0.103483106036622 0.0509209902871328 -0.0288550456129012
0.0629120287821024 -0.0881531366559791 0.0836070729587056 -0.00625234820061588
0.129745537055984 -0.052262705986098 0.0844817249678481 0.0599358701315452
0.124001181905174 0.0654089295425124 0.0330427106079302 0.106751144519901
0.0326167549016674 0.151169208322024 -0.0366524926324885 0.0585176425794548
-0.0529306982094145 0.1732555012281 0.00311472541463965 -0.022041865702089
-0.0850116292273941 0.114637940647335 0.0322264156644535 -0.090454467667811
-0.0403784261656206 0.151540014614951 0.107424557756212 -0.101520440159396
0.067978225510208 0.123713032505256 0.0452157934687931 -0.14189372387942
0.136863998861852 0.0192641658603195 -0.0458266645440288 -0.114403412054815
0.0975237682983712 -0.0604162550814048 -0.0700635376552413 -0.0477416284529444
0.0422687216603439 -0.0911711757668999 -0.0425747502363651 -0.0175135312900002
-0.0157389949248263 -0.0913425764588278 -0.0191425617364265 -0.0290862920174904
-0.0374605384084553 -0.0748188065706364 -0.0116705978536461 -0.0392737495516644
-0.0391236835742156 -0.0773028944800939 0.00856419492706018 -0.0542452043158492
0.0033435601940528 -0.0923149662552569 0.0444824136102449 -0.0607335117085185
0.0544002260611986 -0.0806243518752457 0.0864404392415008 -0.0358402691700222
0.116429549631793 -0.046708190028364 0.0950522853343973 0.0364048829658199
0.107404779180314 0.0624710756562927 0.04742278912539 0.0882612738934117
0.0193966718226747 0.133715421731539 -0.0239019653590356 0.0401405260042449
-0.0580449499026486 0.143391103076371 0.0288974371490902 -0.0622943686161981
-0.0722999448756315 0.0674378747479609 0.0770763857771636 -0.13049478254035
-0.0490031161729433 0.107773212613993 0.125116535726785 -0.121138935699634
0.0379389197073267 0.0997489504855293 0.0689814029457811 -0.134157409655207
0.101325479293272 0.0214593063302403 -0.010215829558291 -0.114482306444724
0.0747368387922469 -0.0423257653910463 -0.0381069316571623 -0.0701848841422769
0.0328784617118492 -0.0670968867966213 -0.0320785646729051 -0.0527019144776835
-0.0119744942837836 -0.0686802338398676 -0.0245401104302609 -0.0614335427927898
-0.030916372510198 -0.0561138413833534 -0.0220158737908653 -0.0668572997595112
-0.0324966675187694 -0.0585750930455636 -0.00114225977201104 -0.0810659089941296
-0.000592645816921813 -0.0704148089165002 0.0402465058339566 -0.0856183380036583
0.042079842128036 -0.0637515696111745 0.0898621079127406 -0.0569981644097689
0.0933983716148647 -0.0327040526806987 0.101474087955975 0.0206450247957237
0.0785301160864051 0.0583104141550996 0.0559401793742374 0.0736295589158623
0.00102389243840178 0.104385024377741 -0.0143355309562239 0.0263841244004913
-0.0594895145110429 0.0959436848311655 0.0516153804368819 -0.0896071580587001
-0.0454306592832125 0.00786283098256371 0.107102406850452 -0.152447669201752
-0.0405470889952014 0.0429462703277559 0.129523538155763 -0.132278517691246
0.00812797090921145 0.0508164854303695 0.0806642976681065 -0.127170760627084
0.046930000606408 0.0114085417933059 0.0095920607064881 -0.113293308403836
0.0352665693100245 -0.0199720742498414 -0.0208298026736282 -0.0837279519180571
0.015002813302028 -0.0316861197260478 -0.0289457908271049 -0.0747139886543138
-0.00728016555244783 -0.0332084726272928 -0.0310366470654625 -0.08037597650434
-0.0199374880746254 -0.0278747217717146 -0.0293527172623024 -0.0833125141162395
-0.0213701182053139 -0.0316944024081392 -0.00762347634162645 -0.098024277313197
-0.00395538540629236 -0.0417417815974805 0.0400834390467597 -0.102379503346485
0.0254357145675664 -0.0429565281881149 0.0966379444066585 -0.0696765864515785
0.0622020868265513 -0.0170463294728403 0.109206600820387 0.014214198385759
0.0436575162788931 0.0475705161112327 0.0611949676971965 0.0665712793541121
-0.014783469830326 0.0648060480739188 -0.00691956363486407 0.0210835126941259
-0.0523096667814424 0.0366445193540983 0.0685656498849787 -0.100295404253358
0.0287874512271072 0.0143722670144857 -0.0554185386575155 0.11968131059892
0.0145442115027267 -0.021431526746503 0.035010298409438 5.18429740104112E-05
-0.0143706637453748 -0.0174634834322511 -0.0545556477701886 -0.0816168152502411
-0.0183150055538724 0.00978266918985684 -0.127091692956715 -0.0235193038627113
0.000403906372144333 0.0133411662997601 -0.117391554733454 0.0809189913373025
0.00450996438002044 0.00221567181682825 -0.0427235102522639 0.121533138453767
0.00130124192817571 0.000921046979263297 0.0155085110080329 0.105964250052322
0.00274657559438067 -0.00215957528556632 0.0389794548649554 0.0888404382104379
-0.00378633418927782 -0.00630783243971575 0.0467033239459368 0.080086985598717
-0.000140641321593102 -0.0119110393034689 0.0419067019191633 0.0805819138083689
0.00535569493469364 -0.0054401527607871 0.0264106740426825 0.0885679067977644
0.00810808413116914 -0.00952399982706389 -0.00636870123881552 0.113936122886262
0.0208017694118561 -0.00322205421205136 -0.0652078082384333 0.122606956979854
0.0314670180796589 0.0216402883985175 -0.124348552515129 0.11373411584393
0.0166602668450977 0.0429342017013091 -0.107773453001373 0.145990003869921
0.0101147873182744 0.069156561456846 -0.0685888228915348 0.105284695710918
0.0252155819032167 0.0314336943509993 0.0347357212636232 -0.00498797929054037
0.0264880872206177 0.00596886102954491 -0.053058971335205 -0.0913262064608972
0.0249527902840648 -0.0059719377648845 -0.133133978504939 -0.0332239199233018
0.0227626459456773 -0.0165467735342087 -0.125183815982587 0.073620562746693
0.00968828105880689 -0.0314091313380887 -0.046821275626977 0.114902792459199
-0.0113616702724081 -0.0312055324536624 0.0119200110139576 0.0980549736986833
-0.0130143878204848 -0.0312736304784075 0.0350878982737976 0.0792194435111256
-0.0155321784952038 -0.0407367966612961 0.0478144613858413 0.0672888845104727
0.0109702429653105 -0.0525290299265798 0.0489937473926161 0.0673459347599503
0.039597636085081 -0.0347916112276014 0.0402901002493964 0.0806316530290899
0.0643146196274075 -0.0121026365013396 0.0111510666709263 0.112555331658707
0.0594480882264473 0.0396718603653128 -0.0456244514969939 0.126214363637833
0.025618816032938 0.0866088653612212 -0.0988616206793459 0.106379830005487
-0.0123191246012127 0.106557455140615 -0.0844238833499287 0.119658944618405
-0.0169329179611476 0.114864385078445 -0.0684626834986437 0.0706091542242314
0.0255803907241732 0.0872145338600447 0.0425659730458724 -0.0210534965237749
0.0645920585167555 0.0383796342423143 -0.0427315196891788 -0.108940792724057
0.0721880115141479 -0.016291483423871 -0.132498216015161 -0.052921071762658
0.0484439419817325 -0.0455828919994468 -0.129833927751485 0.0554428803454828
0.0177807682951727 -0.0636282721184518 -0.0518039260312576 0.0974675551444093
-0.0200640440516003 -0.0610912744612017 0.0045153159330158 0.078412650669668
-0.0269662569408968 -0.0551978578335238 0.0259625698244938 0.0579199390519445
-0.0278692620124228 -0.0661685296954646 0.0428503220340504 0.042280966583515
0.0127789488016968 -0.0842587284387935 0.0548731468334693 0.0399766219232849
0.0585708149969702 -0.063848644976144 0.0596723031498008 0.0581387267028368
0.104514321211887 -0.029889879887685 0.0399719403728817 0.102421007556892
0.0975565059574861 0.0592264522155419 -0.0156932923858508 0.126791107454251
0.0324462991049095 0.130303438660165 -0.0718387591680223 0.094801242827997
-0.0287906135503503 0.153829313010737 -0.0547700323948667 0.0785431844259812
-0.045661471269182 0.14060204914827 -0.0502885282834763 0.021371596420486
0.0131048692019893 0.136005102272157 0.0576042359078365 -0.0458467345739948
0.0892251281701236 0.0766529816707419 -0.0217615590886564 -0.126604605633851
0.115186033215855 -0.0154192719672836 -0.118425919658456 -0.076722645401903
0.0740062138218865 -0.0672798063174511 -0.12357354018426 0.0262754056796827
0.0273607861147211 -0.0884950823813565 -0.0542431359594493 0.0672153201338044
-0.0241492986624671 -0.0844882576143147 -0.00453627181811271 0.0479541115663884
-0.0369720658473308 -0.0715509281599328 0.013497067339576 0.0281368781578861
-0.0382580406042716 -0.0796886071078765 0.0329386832734309 0.0104880800510734
0.00774487236357968 -0.101466876904076 0.0543317263706897 0.00501452088062029
0.0618567980205251 -0.0842366829074326 0.0747204949062742 0.0246400808651834
0.122669099633938 -0.0501185653880265 0.067355085824503 0.0807709039554546
0.121494049230695 0.060890826592226 0.014907671542191 0.118497935894796
0.0407729230536606 0.148657032656954 -0.0492209311166116 0.0780534657922002
-0.0378767458585743 0.175647367492334 -0.0252461573020961 0.0285272429719894
-0.0686924062015034 0.141263608835055 -0.0159099722153822 -0.0355850185184361
-0.00958116566169136 0.160218645496946 0.0780647448681381 -0.0753193869243536
0.091822271237097 0.10796705493056 0.00730159191624174 -0.138599573415153
0.138887417804471 -0.0032157970626532 -0.0879584418481184 -0.0982038914789177
0.0916381481168679 -0.0738702365724477 -0.102754638438058 -0.00991114111801484
0.0356707676041849 -0.098728451088383 -0.0511453670277868 0.0271277292420787
-0.023968151870374 -0.0946411492027962 -0.0132840229294216 0.0103802023964324
-0.041667233390762 -0.0772045833892238 -0.000630214756664594 -0.00568386749095944
-0.0431565357327516 -0.0811581715181439 0.0195158050559501 -0.0226086701081066
0.00195503987336136 -0.10259996496832 0.0480703513914207 -0.0301984411712643
0.0568412775164302 -0.0893910561448441 0.0812334593789073 -0.00957154645989909
0.122878474553389 -0.0584944689557966 0.0847848507429892 0.0544014746934718
0.123958575115969 0.0577393654477885 0.0378384370089904 0.101783266718629
0.0387790157589458 0.146363566457597 -0.0328308728915467 0.0588650161754825
-0.043698213054383 0.170424678453728 0.000863989465472868 -0.0209249402496459
-0.076961529854033 0.115640727570756 0.02754075315406 -0.0894387771660446
-0.0323576802712776 0.149532253246728 0.0992746167144298 -0.102768515029982
0.0716047509341784 0.116706718112513 0.0379241061369003 -0.13916399296581
0.133397658978072 0.0114457801191945 -0.0493774071869315 -0.109131122140954
0.0918790773005425 -0.0650429285214732 -0.071017507880525 -0.0421495184790842
0.0365946798137035 -0.0918833627582691 -0.0427201397421859 -0.0154143766340664
-0.0202801887051181 -0.0884707697513111 -0.02130488687996 -0.0282439962987997
-0.0398568542835909 -0.0704156093860729 -0.0141250140910675 -0.0376975659753269
-0.0421735226913658 -0.072384681550523 0.00530968210292215 -0.0538446458375822
-0.00173628232569769 -0.0901365255051649 0.0399101591662139 -0.0609467927220502
0.0490945232654372 -0.0811110239928589 0.0831157082282978 -0.0388701384871414
0.110426642505756 -0.0519745400787221 0.0937532030786258 0.0311534172878593
0.107701601614195 0.0555893474389993 0.0509914974983344 0.0830386346357923
0.0254614251124583 0.129151810329306 -0.0219880510535589 0.0404903322041237
-0.049343601695666 0.141723673347176 0.0238498323542385 -0.0620682743576528
-0.0670088364867507 0.0687730240037684 0.0687504274142959 -0.130123182980551
-0.0422098972900538 0.107079585961826 0.11571879464889 -0.122964460710914
0.0412718849797029 0.0949317329027548 0.0619211926108856 -0.133028007165372
0.0984354400227246 0.015805596562524 -0.0145677586338218 -0.110558391225342
0.0703884597195835 -0.0455452901951247 -0.0405349094017365 -0.0667845678192677
0.0282268973240455 -0.0677730274240719 -0.0342910356634416 -0.0508428998380365
-0.0151780207187499 -0.0659761585270198 -0.0283714178508878 -0.0592069417365615
-0.0326281498352767 -0.0522693716027505 -0.0258862841339849 -0.0638389745703996
-0.0344074451576211 -0.0539890247783797 -0.00648170302474702 -0.0788203782978595
-0.00362058317843811 -0.0683651804363074 0.0341027326884401 -0.0852868276285926
0.0379000877192005 -0.0643285877950551 0.085369248250101 -0.0599973185778183
0.088641398589248 -0.0366810335031044 0.0995182849093964 0.0156713906054456
0.0793910886245137 0.0529819156783179 0.0580880410356128 0.0686927245703347
0.0058530541984537 0.101699523674659 -0.0125409026793734 0.0265162420582236
-0.0530327655672443 0.0956512855946626 0.0443922527872191 -0.089918599731474
-0.0431803795223594 0.00980074427731941 0.0966568692208769 -0.153571002551552
-0.0369158531231354 0.0434956120962783 0.119567021125582 -0.133847256169064
0.0100202474226506 0.0486228994139152 0.0732031583063127 -0.126321221413506
0.0455069993029999 0.00865567015860785 0.00476075601952492 -0.11016943792975
0.0335725691899401 -0.0212573751654171 -0.0238514931087534 -0.0807135569860263
0.0127645862441173 -0.0320008049061866 -0.0321093074765627 -0.0721658046338137
-0.00857965880254965 -0.0317751754054749 -0.035657065485073 -0.0775139065516915
-0.0202374806078047 -0.0258007869959293 -0.0341169253028213 -0.0794026538133533
-0.0221453624911364 -0.0287007374653746 -0.0135256765258564 -0.0952560751601865
-0.00586066636821581 -0.039980572578664 0.0336285825902236 -0.101499979787556
0.0224085028099903 -0.0426791714368093 0.0910006532238561 -0.0726409133829502
0.0587782678848853 -0.0197830966939493 0.10686969944899 0.00889162062004614
0.0450021356824798 0.0442406157173553 0.0628427791363624 0.0616086573679225
-0.0120792218602706 0.0636498827045692 -0.00614020501486667 0.0208348703293375
-0.0492284618429811 0.0382202707740139 0.0598876102917075 -0.100943824121098
0.0270343573705727 0.0130866909650571 -0.0488598292351411 0.115688938096772
0.0133922654317702 -0.0209288725509377 0.0337986410488777 -0.000775156866146504
-0.0139732568322666 -0.0164641893902997 -0.0543219437082624 -0.0766720317989088
-0.0170605556023272 0.00979813792586739 -0.122041044740482 -0.0199831868415934
0.000428350020989439 0.0128877542919227 -0.110139122042058 0.0809429103483935
0.00398516389031284 0.00184535991089971 -0.0372484554849559 0.117842148100213
0.000749572694471446 0.00120792243759125 0.0176666710015521 0.100788291124675
0.001993942458462 -0.00209372908199838 0.0404171065914424 0.0837662234087094
-0.00389165011453447 -0.00600122127036243 0.0478278658152381 0.0752449020764391
-0.000657029349219426 -0.0115959773330509 0.0426080546726039 0.0761214572187856
0.00575227426858346 -0.0055969700693016 0.0271234501244414 0.0840576851470481
0.00780384300776446 -0.00926535988021335 -0.00299822709264681 0.108835973549947
0.019899109986633 -0.00324141905904887 -0.0601979666446714 0.117327961588792
0.0306611990795503 0.0194206298263579 -0.117078187635665 0.112113105045815
0.0159121452555742 0.0406212670130715 -0.098485406062043 0.14250250534397
0.0106871882577572 0.0657426791180915 -0.0624820002763929 0.102288340303642
0.0248167873585047 0.0290459006766391 0.0343918675218569 -0.00588537634706756
0.025530488446658 0.00421412564204451 -0.0529973462344337 -0.0865278930360565
0.023535715262426 -0.00663070074552481 -0.128182061339854 -0.0287153445924331
0.0206614685772783 -0.0169288347461176 -0.117441628744436 0.0749066342220551
0.00766352858869277 -0.0305113160848246 -0.041277999984048 0.111959043081421
-0.0120340580707483 -0.0295258595574374 0.0142962141171123 0.0933946285509527
-0.0135829876114381 -0.0295273803763251 0.0364790222380154 0.0745730810253809
-0.0166385786741801 -0.0384501042541052 0.0482469587767788 0.062949085308017
0.00869800729737817 -0.0513099695224815 0.0489518594219117 0.0637282801938504
0.0375003736799453 -0.0347729908606318 0.0403690863865679 0.0761778515724184
0.0614239106173036 -0.0138596427539248 0.0135722671498853 0.106806526561455
0.0578672230264593 0.0362983606388842 -0.0407361790640406 0.12062979126166
0.0267443185332835 0.0820735927485137 -0.0924377864675893 0.104684324225313
-0.00988041344775387 0.102079514307177 -0.0772084956651114 0.117553349322463
-0.0129315023580617 0.109604377250389 -0.0628007684308727 0.0691616040792075
0.0270515775248331 0.0834206825459648 0.0408512851429358 -0.0204266291682362
0.0626589862033176 0.0342659093774117 -0.0435510336086992 -0.103321283967416
0.0681856790244238 -0.0181350794669969 -0.127797342021346 -0.0469829037153844
0.0444857066183315 -0.0461550968575242 -0.122884221916626 0.0579901653047087
0.0144798686980662 -0.0619441506481288 -0.0469220740795227 0.0949154674972672
-0.0211907583796666 -0.0573334116864603 0.00632642473644952 0.0746889428717023
-0.027708069966107 -0.0518331150788189 0.0265114469471569 0.0544627839985319
-0.029396115099545 -0.062287995719106 0.0428762331770558 0.0393222741099769
0.00936396225250101 -0.0817725549072265 0.0536759358979407 0.0370100386953977
0.0543242486012235 -0.063562994772698 0.0588457314190305 0.0542590583487989
0.0985709723312191 -0.0321283727441766 0.0406089365663927 0.0967790714151732
0.094784057159558 0.0540298243006174 -0.0115896129684264 0.120530482913218
0.034994055700778 0.124008313020336 -0.0667913136967662 0.0927567361146293
-0.0247733786672425 0.147124216114002 -0.0504896882333204 0.0771539262249668
-0.0393841200281162 0.13530004267405 -0.0467044010301365 0.0219578793394685
0.0162716140932251 0.129622334139305 0.0542458921062305 -0.0450810007970338
0.0874182169321275 0.0700854283345463 -0.0235080671556328 -0.120176387237256
0.108917964397626 -0.018810997965203 -0.114938465646957 -0.0704310509413781
0.0683733893970019 -0.0672058274038173 -0.117596862666354 0.0299911199806635
0.0228935044694598 -0.0864287339618867 -0.0501765144137499 0.0656674577752727
-0.0259360607176965 -0.0794799840663588 -0.00330951782744377 0.0455692603579743
-0.0376199429799532 -0.0672377598993305 0.0132693232187675 0.0266095377500184
-0.0394501522607756 -0.0747041026825255 0.0317288284725815 0.00889628618914176
0.00378295973994885 -0.0980150755191284 0.051886176125518 0.00385096418887449
0.056975529272322 -0.0830522439943331 0.0728055572734787 0.0215740633125549
0.115961074506144 -0.0524375315628434 0.0660905384921223 0.0754613357554603
0.118100664111305 0.05503124334217 0.0175940358685954 0.111415921343199
0.0431063248817199 0.141005737534632 -0.045223806851126 0.0763536294390669
-0.0324540638741519 0.168269947515463 -0.0240460863007643 0.0284709702038223
-0.0612327716789491 0.136388499506305 -0.0160607467451203 -0.0335180347411024
-0.00457512269527407 0.153725038282605 0.0728319416094251 -0.0732739461217925
0.0904078237690245 0.10010969394684 0.0037458594101816 -0.132051671422727
0.13203948858993 -0.00727751904790782 -0.0860345329073076 -0.0911397654684433
0.0848264612399087 -0.0740870324154673 -0.0985442689683144 -0.00500349051643967
0.0305965242155549 -0.0969293336523562 -0.0483602741706398 0.0272428139051649
-0.0260860605006507 -0.0895734984665244 -0.0131793417903935 0.0103489343970193
-0.0418964857220802 -0.0718622544801451 -0.00149935517536651 -0.0048942282505459
-0.0442964891121268 -0.0756254176688013 0.0178075063695576 -0.022265417144677
-0.00176790073139805 -0.0983899966967429 0.0447954693513433 -0.0300725230887017
0.0517409786244699 -0.0876940284227701 0.0781395584771702 -0.0117249708899124
0.115163175232821 -0.0601198613643941 0.0821641521880393 0.0495014498997487
0.120470400708968 0.0514627152867486 0.0390331812061224 0.0948298772665876
0.0412252213818634 0.138679588094949 -0.0302660424194694 0.0574586375464111
-0.037889719344454 0.163585691573524 -0.000614943753881671 -0.0195171393756643
-0.0694536733982568 0.112181338768255 0.0243954589128366 -0.0860563194784049
-0.0263488657865818 0.144279992954919 0.0925866424608563 -0.0993925704600814
0.0715307891758416 0.109108614853821 0.0334750656623101 -0.133312307510244
0.126847883978847 0.00657265277053347 -0.0492720552024307 -0.102506423824625
0.0854910008490993 -0.0656440099996976 -0.0689574053287266 -0.0375539173097232
0.0317730169244676 -0.089806385121167 -0.0418629765121434 -0.01398587103283
-0.0222453108744431 -0.0834627455327066 -0.0217706457796848 -0.0263288312184686
-0.039900208706721 -0.0655416398972056 -0.0156626665750552 -0.0355965542548712
-0.0424670484127864 -0.0668732918587972 0.00322491654790911 -0.0514614757796335
-0.00509077913582755 -0.0865290873481112 0.0358688914698175 -0.0594851220380826
0.044257502488139 -0.0793462240830843 0.0788606894814661 -0.0397643763733437
0.103294317050323 -0.0536389734912457 0.0902673807033481 0.0271837329761883
0.104895449023682 0.0498335993822598 0.0509648954816851 0.0770226745692537
0.0273690037535275 0.122869222091446 -0.019916566790969 0.0397425304839514
-0.0437091357823313 0.136259400449988 0.0197801466919789 -0.0594286599437826
-0.061686437855457 0.067090329358507 0.0622807203929489 -0.126424944688804
-0.037158434964773 0.103511355167694 0.106954432621924 -0.119123668118609
0.0418436490551176 0.0894794896291769 0.0563644939766015 -0.127702926535014
0.0935225404633108 0.0121934794369133 -0.0165549980078495 -0.105136285420256
0.0659011562151205 -0.0462894211885815 -0.0407948153470491 -0.0622500098532191
0.0245546678256845 -0.0661351511323171 -0.0346875826783595 -0.0488474209247592
-0.0165244610749861 -0.0626097266514116 -0.030299917401439 -0.0561353604043075
-0.0321769534879596 -0.048599155684028 -0.0280187894470838 -0.0597397356878517
-0.0343418044950194 -0.0497116625806894 -0.0084095266373459 -0.0750525351912881
-0.00625513667356089 -0.0654646919188269 0.0303412003502123 -0.082174367626867
0.0339864321832983 -0.0626575803488895 0.0801457358048008 -0.0595754911404459
0.0831611639200084 -0.0378630491394803 0.0948776675298267 0.0124542096249228
0.0776894629882837 0.0482930163571071 0.0574903122555553 0.0632097422830715
0.00786992071854349 0.0969772769899702 -0.0114489713932692 0.0258995542272651
-0.0480769612050214 0.0923555973706196 0.0383406967423115 -0.0867495731612099
-0.0406346001848629 0.0104410710557093 0.0884121813419517 -0.149406603532059
-0.0340506938420336 0.0420529404600817 0.110475171388443 -0.12987729151283
0.0109035469292173 0.0461683248247189 0.0678433164928563 -0.122153762858711
0.0423863331145194 0.00686603685849551 0.00180198019902407 -0.104901186314954
0.0311154913209258 -0.0220163487797941 -0.0247547968488373 -0.0764464547437282
0.0112227253769565 -0.0313342839676773 -0.0333927350858348 -0.0689360793026669
-0.00878069767830203 -0.0301907997418673 -0.0376499069316664 -0.073167867748206
-0.0192664956477414 -0.0234422771367801 -0.0359714182218064 -0.0749815773345808
-0.021195383214132 -0.0259781495414356 -0.0164842019893064 -0.0909013190925444
-0.00669607107104844 -0.0377535935228205 0.0287457189149419 -0.0985008950223535
0.0199487745421186 -0.0411841046571464 0.0850931463901834 -0.0722723129055461
0.0549174645038185 -0.0208093337414647 0.102098144974894 0.00576561723173113
0.0443013567432914 0.0407533751674011 0.0614534873910396 0.0567346864795645
-0.00999767227066 0.0606532772466059 -0.00533811850515626 0.0201237488184483
-0.0458990821635301 0.0375753040500082 0.0533882158607261 -0.0977021849611801
0.0258900350004442 0.0146349450531561 -0.0524039406459665 0.106616602553391
0.0138572754416715 -0.0190186764341332 0.0326416913001118 0.000780219498525307
-0.0127388457913777 -0.0161022971891123 -0.0479106573962492 -0.0757830087157157
-0.0161546936124032 0.00981046905218376 -0.116404604600195 -0.025034053498708
0.000854130751196857 0.0127822245999457 -0.107872371584236 0.0730703844335391
0.00350940871564468 0.0024851061396369 -0.0401872965854728 0.110565832766812
0.000762671314884462 0.00192880119188467 0.013176797734478 0.0974981574309881
0.0018432754915342 -0.00223890842605872 0.0370134789517837 0.0814877412137478
-0.00333695632495557 -0.00572768906419539 0.044528887795646 0.0744213325738552
0.000172777102381855 -0.0114537618634239 0.0389505761787298 0.0749174980403096
0.00654725674583286 -0.00491273078190629 0.0224175769036769 0.0819024223581662
0.00848760084652234 -0.00606157859728443 -0.0075654423742925 0.102693392787993
0.0184023529478885 -0.000257220717390086 -0.0635106291510552 0.107880449837656
0.0264778283554065 0.0214617283023626 -0.117995555067787 0.10142495268604
0.0132338304298164 0.0413549232565546 -0.103144206527858 0.130243061922185
0.00689820017556313 0.0647840407970504 -0.0624167100751131 0.0949052536751019
0.0216461028627785 0.0300391367297691 0.0349692630063813 -0.00389688378529768
0.0237528187097871 0.00629118627163307 -0.0449386703159678 -0.0857368750609526
0.0227948171177992 -0.00373798295036392 -0.120575716307011 -0.0352090596460348
0.0219720991611047 -0.014828455923509 -0.115138978997248 0.0655026208558274
0.00912056423046575 -0.0291853534257932 -0.0447436086838101 0.103702827875838
-0.0104120374485359 -0.0276852382500577 0.00892579866760612 0.089272880320273
-0.0119313344536658 -0.0297765796361449 0.0329190958369371 0.0721071266386291
-0.0145091620156558 -0.0377120218785901 0.0452892909134134 0.0618371283045105
0.0105367284769018 -0.0502691401410223 0.0464079794601105 0.0623443340444827
0.0391759518265794 -0.0324651445021475 0.03676277932032 0.0757825924538584
0.0597789381243865 -0.0089954368198888 0.010147365221014 0.103476205608065
0.0533228123719269 0.0399010992235852 -0.0450601790997678 0.113727712336735
0.0204297810056446 0.0816430884514399 -0.096501244828781 0.0962365432290916
-0.0134726898564628 0.0992644720270445 -0.0840661511605323 0.107274054080257
-0.0193685466605847 0.105859834240059 -0.0598030071836256 0.0647215595263782
0.0203471750734158 0.081858824120648 0.0430640517170337 -0.0181992911962844
0.0574918127890001 0.0376556280573116 -0.0330242661315732 -0.102483408992364
0.0653150132528251 -0.0123043266627658 -0.118348229662844 -0.054494393077377
0.0456334273741748 -0.0407659429241817 -0.119482667297869 0.0481420631550195
0.0169732418156275 -0.0592498361883936 -0.0499400081035112 0.0869674240064142
-0.0176150626630143 -0.0561604961253381 0.00145027012570637 0.0711148079282195
-0.0243264994329394 -0.0522868046701278 0.0234215287353697 0.0525777533655024
-0.0258119882019687 -0.0609916426743902 0.0407311509473117 0.0384238602564969
0.0117098240853017 -0.0800790609870909 0.0520848248515122 0.036974675612503
0.0568481309786866 -0.0599167655696159 0.0570260746730333 0.0552190494907056
0.0970612934601942 -0.0255486766595352 0.0384014787520027 0.0957803374904731
0.0889821345646381 0.0584453714762769 -0.0176752932627879 0.116570214705977
0.0271632951216416 0.122634479175835 -0.0723755955414418 0.0864256525689772
-0.0287671823021521 0.141573502958933 -0.0574332879281093 0.070776730944678
-0.0473980200078413 0.12886036231726 -0.0410575594506621 0.0220882689396255
0.00637290075604415 0.125964175778422 0.0590151187784524 -0.0397955976694654
0.0784395146421127 0.0734788772264323 -0.011630324420501 -0.118067055770768
0.103835754493017 -0.0108054603663477 -0.102877158083784 -0.0764066088864629
0.0696935976445492 -0.0599728364136599 -0.113777916586081 0.0203106427311777
0.0265126818624966 -0.0828454855109005 -0.0521619044721863 0.0584571552483066
-0.0213713639857851 -0.0775414017414153 -0.00757666994039079 0.0424267414586773
-0.033221399429857 -0.0673240030875769 0.010949235514508 0.0253792919035974
-0.0353513020276175 -0.0734440001468133 0.0313350750510009 0.00875885523339595
0.00683983943388011 -0.0960733736034457 0.0515304270098637 0.00468528339514438
0.0595442804403572 -0.0794719428806075 0.0721957573245862 0.0245422111298348
0.114430297036429 -0.0447665065038142 0.0649578270453473 0.0767619452642439
0.112275324615548 0.0601510644733581 0.0111709663624372 0.109630931754703
0.0350295849197744 0.13953623341294 -0.0511986859664006 0.0722835383197695
-0.0364306028313166 0.160693537619256 -0.0299117383799223 0.0263864244621801
-0.069322288163633 0.128378502102802 -0.00850520866215591 -0.0281887198555406
-0.0159322427310964 0.14783179890584 0.0784499421747675 -0.0653976159018249
0.0789091098130156 0.102812637357033 0.0164276405495837 -0.127548418342938
0.124590493774919 0.000903904654731236 -0.0734741667355652 -0.095743526942619
0.0858385592414638 -0.0657117609150872 -0.093921942917302 -0.0131776115566118
0.0338451994609366 -0.0924331185901771 -0.0487132420424099 0.0208730105436914
-0.0206069501854877 -0.087491789548098 -0.0158724941192412 0.00785694846832902
-0.0368540804092324 -0.0723519708580441 -0.0025260129006347 -0.0051110844257702
-0.0394525386921614 -0.0753956214190349 0.0180757775194686 -0.021937089235442
0.00123601269584137 -0.0969280390266825 0.0457519076664496 -0.0283669514049356
0.0551177735405038 -0.0842476365588028 0.0785109333524037 -0.00792486537579826
0.114044861536073 -0.0529080624897792 0.081702416343807 0.0524649111798228
0.114942240997406 0.0565173392934261 0.0325886671108469 0.0950738982834577
0.0332855899010085 0.136776003187045 -0.0357280154824933 0.054942613197365
-0.0417419102278947 0.155258417965902 -0.00520439573619537 -0.0177966840913028
-0.0767449783681582 0.104053620833241 0.0318116864679092 -0.0764202839703063
-0.0362841399241927 0.137223053582576 0.098482479014929 -0.0890152398925026
0.0596922729946795 0.109783697159928 0.0444930788793962 -0.126437578680109
0.118233664178145 0.0136262884245751 -0.0376724243806424 -0.103596368161559
0.085018923468621 -0.0571286325020971 -0.0641429206550136 -0.0430775476136915
0.0344283263300585 -0.0850587374427465 -0.0406205219342685 -0.0177747766535057
-0.0175031615599024 -0.0824052090494019 -0.0232764533926963 -0.0275529194164063
-0.0350956913130717 -0.0659099763203068 -0.0154833222808345 -0.0348786658437145
-0.038349419616488 -0.0666215592058049 0.00465378767548672 -0.0498846306416752
-0.00189873845961094 -0.0854519490008686 0.0374996577431782 -0.0563781214297717
0.0469206849783845 -0.0767834356366463 0.0798952952157088 -0.0346094326877939
0.102143604755251 -0.0475903278217805 0.089732134329037 0.0310990921957068
0.100168818462725 0.0540394737445869 0.0450409989522828 0.0792511746790924
0.0206448216061487 0.120741477482882 -0.0244594834910251 0.0380876727095154
-0.0466388393611348 0.128700100327935 0.0172511481969505 -0.0554844416502049
-0.0663186735267255 0.0606132114721504 0.0695818429545724 -0.113851875473397
-0.0447101966827973 0.0973745302681695 0.11217102359277 -0.106667896385632
0.0325488918149955 0.0885658039697068 0.0658030254505715 -0.11874022563333
0.0865168920772426 0.0169488133773624 -0.0067426984322549 -0.103009275034343
0.0648533093735576 -0.0401885765677685 -0.0357460779869964 -0.0642170703781271
0.0264880949401106 -0.0624995020408959 -0.032227201139123 -0.0499000547001774
-0.0127577632319028 -0.0619198096396548 -0.0297728821554084 -0.0560206373920831
-0.0285459641905226 -0.0490818065012269 -0.0264510855597188 -0.0584859113579191
-0.0311012947869458 -0.0498194598684552 -0.00640542455691572 -0.072807897938627
-0.00410559364313177 -0.0644350138966987 0.0323138147072249 -0.0788455732330236
0.0361493819694555 -0.0606354313050299 0.081232807367692 -0.0540026606430919
0.0822169755819847 -0.0338259328993765 0.0943021657191599 0.017921393184218
0.0739134867288911 0.0506749265887595 0.0511666964135243 0.0658636998962868
0.00306579737238786 0.0942260623887878 -0.0150896753522735 0.0244937038167436
-0.0490060634252758 0.0864372992737728 0.0380774420653187 -0.0806342447149638
-0.0423004130309888 0.00696618038237258 0.0937600969049247 -0.136228209075797
-0.0372020890835757 0.0375136721472904 0.113880770282667 -0.116808370729334
0.00524164028116332 0.0446839317688802 0.0743621687729869 -0.111894168823468
0.0381290205994805 0.00942240716499982 0.00950086237805523 -0.101218605131605
0.03015304008135 -0.0188947486394007 -0.0203741488277973 -0.0763342023325191
0.0117513422578264 -0.0290158393661102 -0.029346408549399 -0.068545102480038
-0.00716990945546906 -0.0296509416511 -0.0353780553046265 -0.072519314169403
-0.0171817083236859 -0.0238456189218918 -0.0334617902539951 -0.0725441222288275
-0.019304937857494 -0.0261486904180149 -0.0132168980504246 -0.0878372452586261
-0.00535464908263211 -0.0376509748752117 0.0307601869185863 -0.093427630051367
0.0216343049004881 -0.0399873630776326 0.085844950117688 -0.0656806792735712
0.0549472549039173 -0.0177061655011576 0.0999529514164615 0.0114725541821968
0.0416225183182071 0.0419764542902466 0.054795904070609 0.059044308869807
-0.0127052645959347 0.0583139170030258 -0.00821483252559191 0.0189808166325978
-0.0444338005148263 0.0333871174006188 0.0538661786585697 -0.0905250704478223
0.0244606452463924 0.015406101344272 -0.0532411752923981 0.103827243780744
0.0138208080046421 -0.0181825619784123 0.0328295148739862 0.00139209971668688
-0.0121702411058581 -0.0160752047093239 -0.0459730497138226 -0.0757518991344587
-0.0157723939689263 0.00932314320766771 -0.114665994912255 -0.0267165577207005
0.000246512628804514 0.0126753510592034 -0.107161670091891 0.0710178772458745
0.00286666610936095 0.00255748546809179 -0.0412469088508948 0.10920732506076
0.000346715555836869 0.00201296175238999 0.0115689993059633 0.0964117182495003
0.00172087409352432 -0.00237067980720568 0.0365655450478258 0.0806245853828011
-0.00340593712933697 -0.00568867677258977 0.0436347390749721 0.0735598954880823
-7.79532168483209E-05 -0.0114561481493778 0.0378308980087938 0.0749812814758028
0.00726083245677022 -0.00524760680629754 0.0202146841770617 0.0815048249130498
0.00874440302442865 -0.00601337867904762 -0.00930520276978351 0.100642528638748
0.0179233330684725 0.000855245008468185 -0.0656828162077192 0.104156449050789
0.0254047720603252 0.0213182428533475 -0.118669120024224 0.0979228254145042
0.0112629412454658 0.0411799605451906 -0.103631127406137 0.127105629919019
0.00533867444154909 0.0639278451399525 -0.0624553587695874 0.0918765058228137
0.0208652337670944 0.029910182329345 0.0346529369907129 -0.00314491424374692
0.0234437252085065 0.00637016570012494 -0.0427993538894451 -0.085775090675671
0.0225509877404319 -0.00408552884025654 -0.118430555148293 -0.0373960894632298
0.0211961758264575 -0.0142659972532296 -0.11465697799277 0.0638244579514905
0.0086965147024484 -0.0286897932271087 -0.0455877537375244 0.102147798994791
-0.0101959436021017 -0.0277734979231908 0.00798267357321622 0.0882041446416648
-0.0117998803687563 -0.029373310846685 0.0317777643018812 0.0716953809264295
-0.0142064762875356 -0.0370958937032651 0.0445113460757319 0.0610908583400757
0.0103303571141149 -0.0496372246547568 0.0451151084479693 0.0628170028188186
0.0397013045242007 -0.0320385387895306 0.0348867857146032 0.075593215946122
0.0596160886706362 -0.00846007528239464 0.0077722897909511 0.101657020498612
0.0520870386460601 0.0406158052751745 -0.047307865707011 0.110227864945553
0.0186873586393089 0.0812479537883956 -0.0969024122401207 0.0931002316459421
-0.0159946307477805 0.0975556040493445 -0.0839569445468785 0.105133204768033
-0.021067238826825 0.103300170575611 -0.0591984029090894 0.063132031778685
0.0186026873319927 0.0812098726351047 0.0434368010252396 -0.0165718998090472
0.0555657418032942 0.0373607790451398 -0.0308418635177327 -0.10120928383552
0.06408647506405 -0.0114717581738342 -0.115304455337538 -0.0558921672100867
0.044691621041091 -0.0400492879648157 -0.118352425462644 0.0463690144837765
0.0167122545148636 -0.0589296835668354 -0.0504062210251552 0.0851237502858467
-0.0170999751568029 -0.0551505352527544 0.000232131177493879 0.0703430953560343
-0.0233782683644376 -0.0517607818724461 0.022788401317647 0.052562007987101
-0.0250742920560916 -0.0600704606223452 0.0401165096846837 0.03819003402911
0.0118955263120979 -0.0794627908674579 0.0506224807736523 0.0378575337319611
0.0571099484140743 -0.0589154290839653 0.0549429818041468 0.0555575971212749
0.0963665936798911 -0.024415663508851 0.0357873901526831 0.0948285406696606
0.0871819870634526 0.0592277376504937 -0.0198584343751953 0.113240800299698
0.0243296320099029 0.121461059887901 -0.0730208257728449 0.0844640371070893
-0.031902673296334 0.138785001514349 -0.0578695758758837 0.0694324029369151
-0.0488378634971142 0.125213849701408 -0.0398467641249055 0.0215813841998442
0.00482835037717315 0.124708541707359 0.0597843786346917 -0.0373721803052364
0.0757636204880291 0.0731338599013957 -0.00939783584986188 -0.116332202865681
0.101660855129844 -0.00967721097289793 -0.0994516388278472 -0.0775618543229889
0.0688219435286493 -0.0588312637277815 -0.111763601281361 0.0189316830504618
0.0261782730011762 -0.0816292727274807 -0.0522023449524308 0.0568383785377565
-0.0205539894701247 -0.0770421766223009 -0.00867209705027858 0.0418942347028052
-0.0319086667504202 -0.0668867197669999 0.0100763147822012 0.0256679280573919
-0.0337941303996442 -0.0728413719832911 0.0305521906745909 0.00933970382416788
0.00714313357531436 -0.0953325300035385 0.0508792656723167 0.00561028927616716
0.0600939359539876 -0.0780754515432272 0.0709103839202816 0.0252699533567445
0.112655445888936 -0.0434786158365449 0.0623810399391157 0.0766924576354762
0.109568302837631 0.0610287404599534 0.00890098107816484 0.107225247554916
0.0322465984796274 0.138454776390652 -0.0516651118937807 0.0707899852681532
-0.0393441563716287 0.157266764729651 -0.0308159491686909 0.0258991198791314
-0.0702553841454543 0.123809132438989 -0.00732374152437469 -0.0273774200709563
-0.0177758002668449 0.145682635834329 0.0789162366571566 -0.0617873178535152
0.0757211293797417 0.10216712463571 0.0193898767435451 -0.124496132387257
0.121981509846752 0.0025232418108882 -0.0702271432767744 -0.0950828836526417
0.0844356842061714 -0.0643705419864355 -0.0919658202663221 -0.0135284615637676
0.0335532522477899 -0.0912844472907036 -0.0484423591910549 0.0197453736174069
-0.0198608537525061 -0.0869351507670093 -0.0170344521220827 0.00744206462552091
-0.0355192514806201 -0.0717424002647423 -0.00312344681949175 -0.0046404454582508
-0.037949103956578 -0.0739013464394823 0.0178385651795217 -0.0212721624934129
0.00210110236775124 -0.0959826751198724 0.0451751462084885 -0.0266154749391195
0.0555559984535499 -0.0829080052850097 0.0777181486540314 -0.00651659243794146
0.112811768787029 -0.0515373851938855 0.0792138781718804 0.0534343560312396
0.11247791037656 0.0572711515629703 0.0306713993130818 0.0938301384151655
0.0302103355311708 0.135426607842217 -0.03655640761657 0.0533997108808809
-0.0443250430468715 0.152003435138245 -0.00594016731723654 -0.0174275440990463
-0.0770187777866788 0.0998489272095691 0.033236887599511 -0.0739400192675734
-0.0382926109035316 0.134834443322098 0.0988223513570742 -0.084825353173499
0.0568087609007712 0.10885626384454 0.0471296019778559 -0.122677074481268
0.115416726811772 0.0151166211088202 -0.0342977674124933 -0.102286317405064
0.0838293695197208 -0.0559555521916765 -0.0623447903010567 -0.0428274248926305
0.0346216182868785 -0.0842888200191113 -0.0400283354660877 -0.0186341069152173
-0.0163348174291225 -0.0818313398705562 -0.0235653019828766 -0.0275997772964469
-0.0335944836092376 -0.0652801198432856 -0.0158168895583343 -0.0334610865887623
-0.036913700693518 -0.0654197960747391 0.00513434376820636 -0.0491423061409938
-0.00146535912849759 -0.0840136719099004 0.0383603910136678 -0.0549277670588968
0.0473350276686312 -0.0751883279946009 0.0797918680577866 -0.0330884795573723
0.100702019943425 -0.0460778862822338 0.0875539773002226 0.0329228525811617
0.097655083452167 0.0542673202263152 0.0428568446660096 0.0775653920886782
0.0189119310344715 0.119306137524979 -0.02482145078475 0.0367816828969091
-0.0481495306067114 0.125496106251898 0.0163797500903335 -0.0539366409124831
-0.0660618564832208 0.0580202502344007 0.0708362982500473 -0.110899668851388
-0.0453183760423727 0.095029712013083 0.112796273450289 -0.101447434694368
0.0302849509581496 0.0875836190861711 0.0675115190430613 -0.114623574841373
0.0841670565604042 0.0181017867823817 -0.0040108922709039 -0.101171530164164
0.0638131745509678 -0.0394129312614263 -0.0339036929816321 -0.063878378850764
0.0266325235820673 -0.0618841191498121 -0.0315461509379319 -0.0501162406687541
-0.0119194072147341 -0.0611749381720532 -0.0297440688923874 -0.0561381309655433
-0.0270109893395929 -0.0483374793539583 -0.0262509117778551 -0.0570883083623695
-0.0290736035487095 -0.0488901424544886 -0.0054073038717376 -0.0716077157233078
-0.00324276775183753 -0.0635680837805228 0.0326360112029053 -0.0768050277977411
0.036434417335832 -0.0593618475071001 0.0811368594232227 -0.051751170122336
0.0808936763069448 -0.0326762630555054 0.0927622702408235 0.0196955297798333
0.0720023867387452 0.0511326488064368 0.0494502640550482 0.0648608548535005
0.00138862150459117 0.0929398458470512 -0.0154083817639073 0.0239380116092026
-0.0494957483537279 0.083628580429288 0.0373530369760793 -0.0786482861614962
-0.0412419203866524 0.00543366742148736 0.0950466830394662 -0.131615768468276
-0.0373277294329933 0.0363623819427658 0.114240458468039 -0.111868035822822
0.00455969051928479 0.0440250227620537 0.075448643866608 -0.108513959581198
0.0372167965984483 0.0102602893205197 0.0116079083087001 -0.0988458140877213
0.0294362470384402 -0.0184460091512663 -0.0188502047450903 -0.0754980440970844
0.0119493772250916 -0.0286110812744 -0.0282495959565274 -0.0689246115405507
-0.00662323835707317 -0.0300032976094464 -0.0352656771390098 -0.071718823021975
-0.0160903262623324 -0.0235425146222347 -0.0330604499850067 -0.0714396649161457
-0.0181206149875577 -0.0255927693351508 -0.0126163626516405 -0.0862216884863805
-0.00499573326610453 -0.036413814911544 0.0318360728542813 -0.0919532081663319
0.0215504611718713 -0.0390579374922546 0.0858901621551816 -0.0637341736333752
0.0535781120802703 -0.017060589808166 0.0985709507014787 0.0130988363366234
0.040298721546928 0.0420915784544386 0.0531517289999198 0.0585558549456541
-0.0133374667565462 0.0574131762262441 -0.00860293341047255 0.0181677254622364
-0.0442314650219414 0.0317284821823218 0.0527851588524523 -0.0881996500951815
0.0238487145748817 0.0161420520932553 -0.054821427483643 0.104374340624945
0.0143981927828534 -0.0183289812788109 0.033977772893452 0.00160982451845033
-0.0123054012534637 -0.0165843123129321 -0.0452315716261854 -0.0775607438006074
-0.0157752150427839 0.00943597694416032 -0.116274071481425 -0.0288414244778771
0.00021692327941931 0.0129130293409263 -0.109144219545608 0.0712035679688119
0.00306833490321023 0.00281638422091345 -0.0428486367623191 0.110867653683588
0.000545099616035942 0.00222178803672655 0.0112609400292973 0.0978450793654535
0.00166930582185458 -0.00276685920701592 0.0368587442118989 0.0819478249502547
-0.0037812842711753 -0.00611111807368222 0.0445135088830586 0.0752140476377001
-0.000103021262690533 -0.0117716644141957 0.0381772574413122 0.0773150023469122
0.00790848312750437 -0.00556422582216669 0.018744847115466 0.0830701244445244
0.0092726189443857 -0.00600240609520111 -0.0113342388739563 0.100793352462803
0.0182215678016369 0.00124095841133381 -0.0689153683680193 0.103486147774739
0.0252364434869909 0.0219078467284968 -0.122187073558721 0.0977185954204924
0.0101058820506157 0.0419504400525749 -0.106631087345308 0.127954519096393
0.00403950155027503 0.0640508356737537 -0.0636411401717274 0.0926651339243043
0.0213017361397586 0.031010434733331 0.0365820419108227 -0.0027474129797586
0.0234005861440034 0.00637468489354479 -0.0417316779352171 -0.0875500127614879
0.0229513728400236 -0.00370416400736492 -0.11959207515941 -0.0396670886644787
0.0214844580267791 -0.0144861661324153 -0.116520632014399 0.063694510803812
0.00830724624456893 -0.0290781767334069 -0.0471208012125196 0.103826037667294
-0.00993729799507174 -0.0282457562074844 0.0066852203445498 0.0896463545114649
-0.0119599176541944 -0.0299078927628572 0.032610035185954 0.0727938894369517
-0.0144588272289419 -0.0379304738305858 0.0452032478232121 0.0623763367452462
0.0102755349797197 -0.0508066210593873 0.0451868412503988 0.0646656770410592
0.0411622364884448 -0.032274254988953 0.0345706501597639 0.0771403282299963
0.0609888507739566 -0.00792289780898299 0.00604668346553257 0.103103425457319
0.0526095917694065 0.0421504234962998 -0.0506042193859757 0.110054126268916
0.0174167568852673 0.0829635616601282 -0.0999278283968899 0.0932068150943761
-0.0183444419290189 0.0987117430217413 -0.0867578113070255 0.105686808034139
-0.0228025422695494 0.103685469510831 -0.0600067803224672 0.0633665341584923
0.0179884415844367 0.0829082528762266 0.0458410332250343 -0.0157287829365692
0.055805832785851 0.0377320111848578 -0.0296920227065483 -0.102883726662917
0.0651666459760914 -0.0115942552587939 -0.11598941433782 -0.0581052860952412
0.0453215577727266 -0.0402496080199539 -0.119920767263025 0.0463071207743586
0.0165643842495618 -0.0596492187521489 -0.0520254296613589 0.086240095425924
-0.0171497798105715 -0.0561944719282271 -0.000799573514051155 0.07132034969211
-0.0236958568171486 -0.0528331868084194 0.0227618686419363 0.0536149090339816
-0.025305818405743 -0.0616437660112923 0.0403718940513551 0.0391642415917993
0.0121032904416521 -0.080866655071964 0.0516483577630006 0.0393141931631282
0.0590304496528936 -0.0600372138746185 0.0555823325546311 0.0569369125975677
0.0975213775438957 -0.0242832195920829 0.0347160750736982 0.0969467812772876
0.088066453471786 0.0615743331927398 -0.0222931248279079 0.113543338813269
0.023412673485776 0.123994008986365 -0.0750910504308986 0.084337484339199
-0.0349601819146204 0.140001574124471 -0.059779071720281 0.0699607233584105
-0.0511398829198658 0.125112403481807 -0.0401074708767217 0.0217752885367809
0.00287565040462109 0.126588761006537 0.0617755277215495 -0.036271314520944
0.0756902008288273 0.0740939281468031 -0.00714986785059671 -0.117654261295075
0.102936296352326 -0.00912555881297715 -0.0995817309242686 -0.0800626372797075
0.069633536774635 -0.0592302265598981 -0.11321540419849 0.0192701794671929
0.0262214259388407 -0.0836512876668236 -0.0539926819339056 0.0572576978734126
-0.0204529908382657 -0.0783525169181283 -0.00948696948828286 0.0424684451898032
-0.0318867963467813 -0.0680382943121956 0.0100137575393285 0.0265622131245691
-0.0335907232645356 -0.0736999390329821 0.0308013738081676 0.00933589187368386
0.00749107138147673 -0.0973887572222005 0.0518324597116029 0.00695093540619914
0.0619183827548075 -0.0790740673571027 0.0720154113073363 0.0261865605734143
0.114632306359787 -0.0435629808390304 0.0616517358763263 0.0789369637088573
0.111080487803787 0.0628828216819158 0.00732236280356923 0.108230959488949
0.0306225699865408 0.141467587790542 -0.053716521097405 0.0709730649613569
-0.0425355016055119 0.158528733229166 -0.0323393217099948 0.0263854049497961
-0.0729089786797656 0.123907458457585 -0.00625728002848884 -0.0273181657165611
-0.0197634794386989 0.147639297182464 0.081575254515338 -0.0605608470019203
0.0754268461037759 0.103557582170605 0.0219951475196828 -0.124937215519052
0.122979880788642 0.00365351648435841 -0.0693808589072747 -0.0970033392050556
0.0851197681159699 -0.0647211618725984 -0.0925046333217524 -0.0136534850691789
0.0341517468814624 -0.0930659668897014 -0.0496708985950031 0.0195199484215172
-0.0200051147120929 -0.0885788925645488 -0.0179874774405294 0.00720177223373136
-0.0353956016105435 -0.0726043038200377 -0.00320584280832927 -0.00351952475347698
-0.0381012237394412 -0.074888319744518 0.0181817319969282 -0.021159585893511
0.00220575642979021 -0.0979557700167611 0.0462746624314707 -0.026197060419673
0.0575162185957686 -0.0843434584972393 0.0795753637963724 -0.00599814846659544
0.114168848515656 -0.0519788057602451 0.0799973980432942 0.0553363470507659
0.11407016938099 0.0589330925841119 0.0297115891033464 0.0945935613207236
0.0293669590431411 0.138663755305592 -0.0373924218180452 0.0538687972559192
-0.04712814666943 0.152737194864513 -0.00673629556201443 -0.017222442660671
-0.0793277071340707 0.0995426447028529 0.0352355533030162 -0.0741531610066997
-0.0401481326127092 0.136702061164887 0.101790130657596 -0.0832701216389306
0.0563048910754902 0.110707617369691 0.0506439441622858 -0.123229352161367
0.116481830466969 0.0165102871344154 -0.0329031966992562 -0.104315757890476
0.0850812226286764 -0.056491936382047 -0.0621399223679287 -0.0431253732490827
0.0347119281861528 -0.0858202960272563 -0.0408000024376181 -0.0197338988567695
-0.0166983257868228 -0.0832974898187247 -0.0248859268577134 -0.0283257653835892
-0.0336893483308981 -0.0664718242560119 -0.0166123332214708 -0.0335291256307401
-0.0364677417470128 -0.0660829920125204 0.00516803963797627 -0.049789953549551
-0.00136953415128565 -0.0855294239262504 0.0390531586983956 -0.0553630986324952
0.048832909595493 -0.075991844603866 0.0815675637849246 -0.0331371700067564
0.101480950479912 -0.0468111416182324 0.0886058769103956 0.0346924615514822
0.0984258204884397 0.0559466693396987 0.0425118202706284 0.0786370462998973
0.0172115114825404 0.121400612889668 -0.0257335682180479 0.0368764086291956
-0.0503430343815493 0.126302136549845 0.0161452638542793 -0.0542837234059767
-0.0675705801742918 0.0573904147317859 0.0738182823264762 -0.110228374363052
-0.0472343101996197 0.0959630396145887 0.115600823786184 -0.100086682385904
0.0294724036991452 0.0887823639014416 0.071080582489644 -0.114708638823265
0.0845696237094919 0.0191772094696161 -0.00219274817723821 -0.102049092064887
0.0647104536167456 -0.0396432702570937 -0.0336489731081082 -0.0640834654642136
0.0267379329445519 -0.0628323646428356 -0.0318075999262613 -0.0519527033424432
-0.0121041425465526 -0.0624916994269598 -0.0308859431289939 -0.0573263372637778
-0.0268172723955118 -0.0491271963682751 -0.0272823750302688 -0.0575722350232117
-0.0290259425922489 -0.0494145038544243 -0.00575877637279275 -0.0725613119787698
-0.00312737068910932 -0.0639686738563212 0.0339530576115239 -0.0780534975855527
0.037279531866008 -0.0596006330509537 0.083562369026357 -0.0520226869756642
0.0814826618992589 -0.0329030010350791 0.0939712545791077 0.0214699046065262
0.0725752747993408 0.0519880020171963 0.0490907516872452 0.0663389202662098
0.0005115019347237 0.0941610437041513 -0.0163904316745195 0.0239451034277509
-0.0507195731642316 0.0833514169273973 0.0370385624976658 -0.0788762038165326
-0.0417413069923212 0.00482532396596789 0.0982747919477293 -0.13163537255117
-0.0380832410665867 0.0361914979430978 0.117548677170059 -0.110628113789762
0.00417236531593301 0.0445419827934088 0.0788682956991015 -0.108797221325108
0.036684180406982 0.0108347180942925 0.0136025174458707 -0.0993197319003496
0.029740955111732 -0.018574353595339 -0.0179691990897952 -0.0763158136800564
0.0120539246841977 -0.0287494133629465 -0.0288336507835285 -0.0707053371389374
-0.00656462078363971 -0.0301406996414855 -0.0366233369802304 -0.0729021781744891
-0.0155539557408417 -0.0236511276792996 -0.0341774566633597 -0.0720788576231072
-0.0175606851765494 -0.0254979483422263 -0.0126254254825456 -0.0867715895329001
-0.00445486900808661 -0.0364984602617367 0.0328907749082598 -0.0926688089650275
0.021960931858286 -0.0390695881237929 0.0877293223545322 -0.0636180151651469
0.0542685942629631 -0.0168284837167064 0.0998656305744748 0.014606509991326
0.0403530297574401 0.0428963913327731 0.0529320889938887 0.0603589607031237
-0.0143336703434258 0.0576406449896019 -0.00953784412742642 0.0181176868054187
-0.0449139367765273 0.0309168149081907 0.0530852660173633 -0.0889414739674864
0.0239979543412944 0.0168413522494816 -0.0546046972233819 0.107298872781422
0.0148212733213339 -0.0185279182854393 0.0358660743310903 0.00105629864268171
-0.013073989601549 -0.016993065013861 -0.047847252758434 -0.080019917707689
-0.0155288606712923 0.00949718568595253 -0.121361033837662 -0.0288380213463827
0.000448335331606752 0.0132714219021918 -0.111428253496692 0.0756780829774639
0.00287933660401888 0.00339330596112521 -0.0417861441973169 0.116113992169334
0.000371220782749624 0.00224039560182305 0.0137087488539183 0.101360106523158
0.00123874013753578 -0.00321470077834054 0.0407660816011628 0.0831321587576279
-0.00459142746056463 -0.00619683857178179 0.0485966877388597 0.0766267052106941
-0.000844319875579893 -0.0122810764844863 0.040639920206206 0.0798776691371449
0.00851778669161754 -0.00649087662814427 0.0198444809774177 0.0859227059160769
0.00981950853582773 -0.00638153395556202 -0.0110182487408774 0.103749624364866
0.0190749945783214 0.00158623665468529 -0.0713127306410305 0.107232728298652
0.0263174257637024 0.0223589707814147 -0.125748446024979 0.101792201340391
0.0100677374780315 0.0432310429281504 -0.108489413231196 0.133351203527649
0.00403563396096072 0.0658035034279988 -0.063937337112246 0.0956842052888422
0.0225304387252285 0.0314665361368942 0.0386652407580854 -0.0030570255395083
0.0239161823556684 0.00562361555807754 -0.0442250399583094 -0.0897830554373655
0.023624418844659 -0.00469331483281108 -0.124631780597233 -0.0400298950134805
0.0215425692177985 -0.0152315779184403 -0.118548148565211 0.0678599275147929
0.00779755639667646 -0.0299244725690732 -0.0465461523609978 0.108449649860332
-0.0110517807106986 -0.028547976145718 0.00861497604141261 0.0931511326047738
-0.0128539729775491 -0.0308403427501522 0.0349967841750615 0.0742975279771311
-0.0155179904793627 -0.0392235504994298 0.0483345862519484 0.0639850046177147
0.00944275770297383 -0.0533076613430016 0.0481049774276355 0.0668032464095
0.0423493063135799 -0.0349497794535029 0.0360113199192374 0.0796280456229508
0.0627519713740537 -0.00937902065298066 0.00743084439430068 0.10576937414897
0.0549344904608597 0.0432837954069711 -0.0516478711476731 0.11303661264977
0.0194213712793573 0.0854373949995678 -0.102628241743322 0.0975277314022757
-0.0182092325796734 0.101819539516605 -0.0883649640933206 0.11053965695537
-0.0226434672001329 0.105998835841404 -0.0605069752331151 0.0659799697517699
0.0200513812576505 0.0855306552223572 0.0477654312352918 -0.0163946723577054
0.0572908085730892 0.037466144437868 -0.0306626638639596 -0.105931595649768
0.066803556709857 -0.0131240542767211 -0.120817100335683 -0.0590617275922103
0.0457662156074819 -0.0427546546660071 -0.122852743146684 0.0502544463786366
0.0155210463867086 -0.0618989354427564 -0.0525662163652498 0.0902870014317412
-0.0195014505144975 -0.0579831297563738 0.000286141179263119 0.0737126688997822
-0.0253961438199701 -0.0541769007614139 0.024768331412666 0.0553451437924343
-0.0270570879406777 -0.0627673639780882 0.042784478702842 0.039642469010373
0.0101453681738298 -0.084707188124571 0.0543911133603304 0.0405115582030829
0.0602591290843543 -0.0637521288153066 0.0577365751976675 0.0584091682519631
0.100242169241192 -0.027354600989154 0.0364054626439131 0.0992726530730951
0.0919480231827299 0.0626124293437846 -0.0222359190718709 0.116550734056257
0.0254252099772844 0.128638824307037 -0.0773082893442462 0.0882881355792439
-0.0353268376501479 0.144581694331667 -0.0613502828370059 0.0735398295809818
-0.0516666722977322 0.128222311076359 -0.0404397460520749 0.0231900197699794
0.00489262988630525 0.13095728512685 0.0643975959089904 -0.0368932782308171
0.0781975417053799 0.075115071537659 -0.00763867767757872 -0.120443871598408
0.105582976418505 -0.0114190380084242 -0.103506345787739 -0.0813426301563188
0.0701593768361085 -0.062567814347553 -0.115671004876716 0.0222524686220768
0.025214315354981 -0.0870575287295018 -0.0545443895017568 0.0600321288646503
-0.0228804024745397 -0.0810384132691525 -0.0094639332487896 0.0441225316908383
-0.0343463757412701 -0.0696470213085009 0.0110477311346516 0.0278845120846711
-0.0361898736412269 -0.0757834760732116 0.0319925326119503 0.00932087852019942
0.00528691645760548 -0.100703627999856 0.0539266837703568 0.00648288047333727
0.0632249844631997 -0.0831610101626879 0.0745561539000684 0.025969845028743
0.117610463564696 -0.0477848076320782 0.0644495632776077 0.0811902943022961
0.115477292320676 0.0634048264115182 0.00895215248864669 0.11068314380052
0.0332811444740962 0.145975776743362 -0.0547958066439483 0.0741735071665522
-0.0427789372608185 0.163827416375338 -0.0337429857941404 0.0279991653687303
-0.0739957210212348 0.127205911597291 -0.00645235104957101 -0.0274498502730044
-0.0187674116203363 0.153539418939887 0.0845301195392231 -0.0623208454424251
0.0782875120680459 0.105643557517006 0.0223507588760167 -0.128589364169151
0.126764166127817 0.00115943625140203 -0.071939705693558 -0.0997171648186338
0.0865209053454356 -0.0686864235884846 -0.0949905907371053 -0.0119873509919563
0.0327043827175312 -0.0976098933011876 -0.051291831357957 0.0206107481900446
-0.0227996285679384 -0.0913643845254054 -0.0189256906808105 0.00801715326575202
-0.0379114508795897 -0.0749007361177555 -0.00338438909134159 -0.00339057223187775
-0.0403737985623667 -0.0762549140230539 0.0183566823218511 -0.0223502653782024
-0.000204100383270118 -0.101446511811221 0.0478165701502043 -0.0274936456518922
0.0581261815907177 -0.0885069148138724 0.0820652118815621 -0.00746012802286928
0.116525459662365 -0.0567560955389198 0.0828034888673431 0.0565780388131139
0.118396990422926 0.0591469178761238 0.0316890004888462 0.0965908094817713
0.0318737497743632 0.143214774175934 -0.0382199752762096 0.0560637386312227
-0.0477245737353362 0.158225626215916 -0.00830440442054278 -0.0173726949356091
-0.0804115536332978 0.102727504632104 0.036349893639904 -0.0761416726305453
-0.0397421578612294 0.142262391699993 0.104105725032617 -0.0859628918748795
0.058768153263532 0.113353381366374 0.051253543054303 -0.126522183906255
0.120166029243614 0.0154226366354691 -0.0345411893093677 -0.106492977520177
0.0862346555403003 -0.0602683983899344 -0.0643332280604552 -0.0425951464526473
0.0337614223305994 -0.0896884078486263 -0.0424399649610263 -0.0202523061478316
-0.0193630740628509 -0.0859815484444068 -0.0273525267526393 -0.0287810873220049
-0.0356981504637 -0.0679050114669449 -0.018137005033273 -0.0336547625204851
-0.0387843910995724 -0.0674523605462171 0.00375291836009344 -0.0510074037415684
-0.00328226895347352 -0.08837088494424 0.0395386949285765 -0.0572259277986134
0.0492069618078336 -0.0795546935667445 0.0838831422603655 -0.0353254485425654
0.104243960064421 -0.050545209343311 0.0916748753041224 0.0352742392360225
0.102788023866379 0.0562080072155928 0.0448517784634335 0.0800686856572812
0.0195128267435565 0.125630273335661 -0.026449711830123 0.038369792649402
-0.0507003079868157 0.130235717224565 0.0144645725626143 -0.055483593477111
-0.0691434654399509 0.0593418900920306 0.0753969310399975 -0.114413967472169
-0.047463978853256 0.099514173924706 0.118581433388538 -0.103511786635753
0.0311385892803205 0.0908495942386695 0.0729249898228102 -0.118657273985092
0.0871446827425685 0.0187472243231663 -0.00290443269006196 -0.105252831506307
0.065514470641674 -0.0420745659350875 -0.035002724265022 -0.065022533031711
0.0260970872568024 -0.0656092428451442 -0.0341845847217255 -0.0537981792818908
-0.0142030122186268 -0.0644660312532877 -0.0344394220517219 -0.0583912563580389
-0.0281681377731761 -0.0499153544450823 -0.0298843349372506 -0.0582375274891532
-0.0306174559010131 -0.0498113608373256 -0.00786998462464452 -0.0741982326134567
-0.00465788008029465 -0.0660361876959005 0.0337883241963002 -0.0806074885822331
0.0374372252544961 -0.0623937193282324 0.0853323557783279 -0.0552405291417726
0.0833371516516443 -0.0355512401587603 0.0973567995902909 0.0210350860386498
0.0756529559948964 0.052424001390621 0.0513869728661189 0.0677386744443814
0.00133288886605591 0.0967883575503645 -0.0170769133144653 0.0250451248064633
-0.0512995141338619 0.0862596106083173 0.0352447770578636 -0.0816584353402582
-0.0429081642907139 0.00540196676026539 0.101033674945775 -0.136680563198883
-0.039019512301221 0.0372294573598379 0.11984613852828 -0.114616692044434
0.0049999592625778 0.0454965389342749 0.0811491571592675 -0.112812488359561
0.0376916566091303 0.0108548628690646 0.0133310628630502 -0.10238987908381
0.029586512357492 -0.0195979160298862 -0.0195315326398186 -0.07840296254407
0.0115329707230226 -0.0299786603756578 -0.0316064949637563 -0.0733701126117811
-0.00740697046521534 -0.031060388984423 -0.0404980989889549 -0.0746292265662491
-0.0160979731258377 -0.0244506765801558 -0.0372580105324577 -0.0728942853477008
-0.0179302071003313 -0.0261355124719497 -0.0151714318830538 -0.0886482117379389
-0.00479607550459367 -0.0373695819424489 0.0322981799990566 -0.0963399750566427
0.0219551987960353 -0.0404900949899273 0.0897553175515236 -0.0676093445390002
0.0552760281706846 -0.0181604310831631 0.103796879627148 0.0142918831475625
0.0422515243544969 0.0433224085420026 0.0554172359581027 0.0616664204970996
-0.0143699186760884 0.0593992098979839 -0.0100538068842678 0.0186745984265234
-0.0453880623538812 0.0315957943966391 0.0515813279457895 -0.0919446697928262
0.0244765036952003 0.0163444776597784 -0.0513163927973675 0.112067298632889
0.0144459024624417 -0.0195558022568093 0.0377195800269529 -0.000591029973004906
-0.0140443244453424 -0.0167397007138407 -0.0531106073148263 -0.0804035429429605
-0.0152161508409479 0.0103498454120368 -0.126432005280273 -0.0239860325862939
0.00122591573130043 0.0135551249628909 -0.110580319259001 0.0831398805620293
0.00307950173307328 0.0038643996708858 -0.0365478445279452 0.121567351826218
0.000628024931093781 0.00238062187931751 0.0195840330406092 0.103512332934065
0.00132257700638301 -0.0036608597030502 0.046556351909103 0.0830166715406441
-0.00482380343705393 -0.0064870951955899 0.0542906544892097 0.0761376599588546
-0.00145003946224292 -0.0129371209665289 0.0462064657877116 0.0803672365754667
0.00862796986116863 -0.00762347250611713 0.0240132118009593 0.0883229929800697
0.0102768706224085 -0.00667799367435397 -0.00740842551231214 0.106218868858403
0.0200101485682466 0.00134694077385033 -0.0697304169846216 0.112301886616482
0.0279344974776721 0.0216922417125332 -0.12444712358839 0.110118447442715
0.0118543550421536 0.0441772535368586 -0.104869935230769 0.141869790874821
0.00634210535284266 0.0673209578995377 -0.0607988693499424 0.10093973547419
0.0246297888158031 0.0319205271442894 0.0404872464157785 -0.00524210122749317
0.0245030986496694 0.00452884295592893 -0.0489970986006798 -0.0906852995624966
0.0240986951184007 -0.00658950379298356 -0.130260067302619 -0.0353233570949307
0.0217326467195642 -0.0166361988350898 -0.118358872073705 0.0759360217347724
0.00608659251015918 -0.0310328396261125 -0.0423829418316867 0.114365357011447
-0.0128620866897525 -0.028908150540811 0.0141236934137599 0.0947819506100343
-0.0149779000945265 -0.0311352741128692 0.0406530036812119 0.0742034642425161
-0.018545313654366 -0.039295259120954 0.052864250131167 0.0628060623424262
0.00607431894475381 -0.0556025855628499 0.0537146978662256 0.0672574983994335
0.0420168865800349 -0.03822455012711 0.0404715566915746 0.0808502813469466
0.063966493650901 -0.0126345127212018 0.0116698645398238 0.108394391546752
0.0587745859139774 0.0423170740782984 -0.0491633240526382 0.117660278615379
0.0232962765687019 0.0871034665434463 -0.10163153816974 0.105118059681639
-0.015017933205288 0.105752084461103 -0.0857451518419477 0.118030171224456
-0.0196372987743683 0.109267037272093 -0.0583513747692165 0.0703663567220388
0.0247168389329472 0.0869074350719249 0.049338118197227 -0.0186585026307309
0.0600629065829821 0.035361096773157 -0.0361497226060745 -0.106886026383104
0.0678529849911972 -0.0175280313875022 -0.126492694607678 -0.0556010573952699
0.0445461160384874 -0.0464167893786175 -0.123017829835522 0.0577588691977632
0.0123880676199695 -0.0645486993742628 -0.0493125511631716 0.0954317666688454
-0.0233179846811811 -0.0586899402019168 0.00375643705974669 0.0757062033350471
-0.029042548594753 -0.0541926039173573 0.0288676897060622 0.0552260070320682
-0.031190661202076 -0.0631330960166095 0.0460456566405104 0.038319048096807
0.00555793457160722 -0.0878509870633653 0.0582381552638689 0.0394996769759828
0.0591888767288113 -0.0690011236221115 0.0621329892125706 0.0577028407665065
0.10200328552934 -0.0333998046387096 0.0413792359073202 0.100710784556626
0.0974576928644544 0.0599924129332061 -0.0182008041049864 0.120101931375069
0.0317648838391996 0.13147566793369 -0.0756548548696479 0.0942608403097539
-0.0303756447511199 0.150163970551046 -0.0603325512812153 0.0787829687107519
-0.0483693341838288 0.133108281580433 -0.0396258224651216 0.0258254933085182
0.0110413614081522 0.13460440680433 0.0654028412795033 -0.0402316140414994
0.083386901905101 0.0732910796499608 -0.012442723369044 -0.123190968128284
0.107777868117753 -0.017497641383807 -0.109689486007383 -0.0790735346336934
0.0683633370128336 -0.0682434532410087 -0.117235675087019 0.0294994643804497
0.0204698647744265 -0.0909872154860864 -0.0529177402185437 0.0643244245623091
-0.0288815649891807 -0.0819624300522716 -0.0081405703896931 0.0456617781580681
-0.0388966476284654 -0.0698208746858272 0.012933216744978 0.0285010669804165
-0.0412491873201102 -0.0750013490557736 0.0335036866771372 0.00781186697107478
-0.000374187388811931 -0.104321166653055 0.0565167207646794 0.00486497543762657
0.0611954653750955 -0.0896648661396212 0.0778680311953478 0.0234573037096114
0.117962797204919 -0.0551496207760434 0.0700597293691464 0.0805139212492673
0.122098129116148 0.0600826639845979 0.0133100201186818 0.112390108940881
0.0411981830249416 0.148980102735525 -0.0534062520369821 0.0785346617259161
-0.0373506801000677 0.170134691486152 -0.0342758494075436 0.0309987417694392
-0.0711779747057222 0.13309073542352 -0.0065326809309264 -0.0272302369671653
-0.0120837359282483 0.158974176968567 0.0847713743518816 -0.066188956552373
0.0848114751450652 0.10468258446808 0.0182635318306493 -0.132469328522022
0.129862696285827 -0.00455193313271136 -0.0775663556872322 -0.0988396259138426
0.0850597128074827 -0.0749615327877172 -0.0968941440574402 -0.00637143081932587
0.0276519491681457 -0.102029179766205 -0.0518152467658385 0.0239339493463803
-0.0294218206800896 -0.0925427863589866 -0.0198931472246766 0.00901975015327408
-0.042683064698726 -0.074576089274262 -0.00428777276941255 -0.00254415963411433
-0.0454702649994784 -0.0762659224460254 0.0173347250712324 -0.0240030892909457
-0.00607357766551879 -0.103874418492373 0.0480728063055834 -0.0304567209291063
0.0552583519987569 -0.0944653076244236 0.0841450609086805 -0.011851941099978
0.116091485587373 -0.0642705361152705 0.0880119156920221 0.0551316452470667
0.124312871483291 0.0547606673444095 0.0362375121679617 0.0971439631545255
0.0397380151123703 0.146446707796394 -0.0371787923122959 0.0590543562408258
-0.0417407426147747 0.164153869633578 -0.010705314239777 -0.0168745556397253
-0.0790646797449746 0.108309527168401 0.0351818446360555 -0.0794257164031575
-0.0344015402633022 0.148191832967287 0.103810867907324 -0.0915506963240975
0.0649709497866206 0.113168073864815 0.0483155384476002 -0.13183165059343
0.123589731188715 0.0096512210698133 -0.0394180823373044 -0.107644047180989
0.0849053521732483 -0.0662470772045367 -0.0666455786005537 -0.0398258970977526
0.0289374544971017 -0.0942377989674847 -0.0451280779817181 -0.018599302469205
-0.0253780428235342 -0.0867543682028503 -0.0308820072115747 -0.0279996892875502
-0.0402621775494896 -0.067841513204497 -0.0204242622881908 -0.0327101367053819
-0.0428338058478626 -0.0670842035941063 0.00104802057974332 -0.0524649258225815
-0.00801341507626138 -0.0903790926322372 0.0376008812568145 -0.0610597389216708
0.0466026351235758 -0.0847918828296115 0.0845848002786846 -0.0408953880439586
0.103381504069146 -0.0570929147784364 0.0965023681204977 0.0322847503791518
0.108282289849381 0.0522792790763377 0.0497286380813869 0.0796765170174055
0.0262871201395749 0.128440190255039 -0.0257353786819719 0.0405233247859278
-0.0464234976157109 0.135900875284789 0.010703449699028 -0.0572055587417428
-0.0685651632407578 0.0634159515834414 0.0734581611085611 -0.120614765246042
-0.0441808346866373 0.104733939164988 0.117420544083823 -0.110620291191087
0.0358799064550816 0.09190927373234 0.0705438360708397 -0.124432600468163
0.0896429069958365 0.0152470117174235 -0.00646946579332574 -0.106905109334291
0.0648393813779002 -0.0465930422475151 -0.0381412145109195 -0.0643991427858922
0.0226275097874106 -0.0686037623159128 -0.0384533717345723 -0.0542363518908571
-0.0187406782215633 -0.0652487177979019 -0.0399381225124725 -0.0583446489719254
-0.0313396572290359 -0.0501355543586135 -0.0340990860917389 -0.0572106281923874
-0.033258974711574 -0.0495129288950813 -0.0121362832102821 -0.0750202453773719
-0.00789824971724912 -0.0671956969390787 0.0303848960831818 -0.0846344572008603
0.0356025110201747 -0.0659658976729049 0.0850421700851897 -0.0612519423195542
0.0830233571275991 -0.0406238137331929 0.101452058213085 0.0176871057979658
0.0801555628460416 0.0501047462345015 0.056024483133637 0.0667265180968036
0.00643974572975665 0.0998212881465206 -0.0168785020791101 0.0262367137673088
-0.0489893330015349 0.0902696765646784 0.0309756120371382 -0.0847584928901133
-0.0439065961294756 0.00740230573345953 0.0979665454910653 -0.144077873488821
-0.0383261804306725 0.0398361752823248 0.118084917740241 -0.12171009217117
0.0070435644356068 0.0460615685524582 0.0789713583700351 -0.118565961408494
0.0387345991392645 0.00935046363096983 0.0103906197422034 -0.104634623873004
0.0293760042053616 -0.0217992592678458 -0.0229868649531057 -0.0790635986015855
0.00991923200320822 -0.0314146976633465 -0.0368330657845325 -0.0742027410742996
-0.0095365270417674 -0.0311300551416992 -0.0471221554733544 -0.0743000087075005
-0.0170178807541007 -0.0242279743570198 -0.0425755906534139 -0.0718806824843773
-0.0193550879045083 -0.0256285272018065 -0.0205879176094516 -0.0894696400964744
-0.00650633639891661 -0.0376935270269405 0.0280982885969459 -0.100390660904149
0.0210345994741616 -0.0423141435778882 0.08925366438848 -0.0736784002398109
0.0555694390390632 -0.0210264033934956 0.107005493752772 0.00992158829023361
0.0453668321924109 0.04254850735751 0.0600146340091257 0.0604854863861132
-0.0119402997172746 0.0611623873533479 -0.0106859548258714 0.0200252270001381
-0.0450428526373134 0.0340212439839762 0.0470697861204292 -0.0957661494163971
0.0151434480968334 0.0257570066926577 -0.0958012341674858 0.0791993994665575
0.021121369793278 -0.0118261597945063 0.0340797502044629 0.0160495978492897
-0.00561819676955866 -0.019853907396818 -0.0128523145125665 -0.0947707304211891
-0.0168711884683763 0.00384659823728111 -0.105229250249026 -0.0764192447049571
-0.00277867217416628 0.0135703180299725 -0.135454628699319 0.0275328421544689
0.00227218933831161 0.00538868990823543 -0.0858692607868964 0.0941534206005155
8.84055603009907E-05 0.00334728332871348 -0.0272953811050282 0.101426833251254
0.00268981046657176 -0.00264257145275698 0.00722241919718695 0.0936379277671845
-0.001448420235523 -0.0079745152629801 0.0176432799788329 0.0916839776640661
0.00449922593707043 -0.0121681085028535 0.00800147601378686 0.0922762927186117
0.0117069303826034 -0.00292925252110488 -0.016487686156649 0.0907560224874982
0.0126955722887872 -0.000140130029542508 -0.0537440500703296 0.091694950268254
0.016421535408452 0.0116450489817323 -0.114218931557732 0.0696535814382715
0.0136969614335477 0.0333538003792171 -0.164643656850407 0.0435810056916901
-0.0090216246512384 0.0454672084864847 -0.162487361841027 0.0786239003253604
-0.0234367373487894 0.0633053782963299 -0.0980803194113038 0.0651613295596319
0.00798911143526767 0.0397035609223083 0.039238189336198 0.0123658351444079
0.0194610593776735 0.0160080727965999 -0.00543809296130042 -0.103987020861533
0.0255333008626531 0.00538868692683721 -0.103364741675537 -0.0893271486770735
0.0283092516725947 -0.00481495476060209 -0.140426108329691 0.0166665491392327
0.0196449419501616 -0.0252881378553361 -0.0890630901607542 0.0852866846888027
0.000858953168352689 -0.0309061373856481 -0.0290438711466472 0.0914647220461243
-2.36486095977998E-05 -0.0347170284270451 0.00526672846134836 0.0834611523982454
6.74285338191113E-05 -0.0437357623702132 0.0223602681024141 0.0790738276256218
0.0292909199285386 -0.0485298940247207 0.0208157617536541 0.083215773930414
0.0565156115543176 -0.017324618301836 0.0025155190359121 0.0913837840855017
0.0641278056639245 0.0171721047140864 -0.0358700250180233 0.103021426922427
0.0337176042788362 0.0658232523608923 -0.0982568894041917 0.0851462767941498
-0.0182125910712175 0.0905141286469337 -0.142871360448192 0.0485406077880778
-0.0593459554460841 0.0887314179205884 -0.13480378779122 0.0648099068252906
-0.0657010486754489 0.0896329307062091 -0.0809331969498426 0.0393818073541128
-0.0163387391817124 0.0902141654475486 0.0543916952977743 0.00316851962153752
0.038096615634795 0.0599521574594735 0.0147450988218961 -0.114467947910734
0.0689228745215277 0.0143866754240683 -0.0916557433540981 -0.107450414918044
0.0619724092755237 -0.0212686410894075 -0.137789330663447 -0.00290246191340366
0.0391564478200199 -0.0534479998255751 -0.0879932504330204 0.0647932679634371
0.00372335164967631 -0.0631333335336195 -0.0302631206838781 0.0698007608468694
-0.00270020073958676 -0.0622975217883193 0.00235587031223318 0.0617580430198285
-0.00131328988284806 -0.0704847746761322 0.0260117418784042 0.0540066114565708
0.0418050721540832 -0.0784485190234909 0.0367973323759399 0.0604848957386505
0.0843166289892343 -0.0384588691036479 0.0331520438767659 0.0798171178832431
0.10687210651695 0.014306772236183 -0.00418684197756998 0.109900061819091
0.0613990353048329 0.0988122998208704 -0.0715603019992629 0.102138579341896
-0.0292681404396554 0.134252602060148 -0.115629970663086 0.050075437250149
-0.0922353607517799 0.122274902593795 -0.094053739330592 0.0411025812969511
-0.102596099100113 0.0989718362999862 -0.0433269257777341 0.00807667637552737
-0.0493422427529201 0.127879225959991 0.0795894964494649 -0.0107271795830249
0.0421302869489843 0.10451668141666 0.0437797443254979 -0.119235540450205
0.104035297883828 0.0320446593612443 -0.0651907743129367 -0.122599795221667
0.0926623048387481 -0.0308203008077108 -0.120671363310126 -0.0267506280198575
0.0573731733987264 -0.0740272927052483 -0.0788061773986947 0.0347319160126312
0.00824033809194455 -0.0868022507998053 -0.0285962168223329 0.0376160273045069
-0.00535142458002241 -0.0805367544177114 -0.000884996238178741 0.0311498476061766
-0.00555078441245417 -0.0857931265344871 0.0274510127059994 0.0210308927042337
0.0427893334401292 -0.0961011031683287 0.0501761105405027 0.0279513791020017
0.0950341396318847 -0.0566294838085932 0.0632836211778125 0.0552052871029775
0.130322877836625 0.000965289109980351 0.0309005628442695 0.104961272569736
0.0840627674485722 0.109404326548818 -0.0391541794087952 0.110306374784329
-0.0283787821512988 0.154543387440049 -0.0883644150404687 0.0460769905602043
-0.107641479283284 0.137252072238633 -0.0484826344969189 0.0099447381141917
-0.124678879554621 0.0889155460029824 0.0103777574000559 -0.0252035967579594
-0.0814200087423552 0.14017440762768 0.109547609161225 -0.0254571429760647
0.0295468123482235 0.133426331083971 0.0766027690887787 -0.114630500400694
0.117881641036074 0.0523591393053768 -0.0267983718676744 -0.126925371938837
0.109686544686208 -0.0294890952314251 -0.0875377685099575 -0.0514876030658267
0.0686381773804116 -0.0806871196689112 -0.0599780557255877 -0.00146946681942013
0.0125562684369507 -0.0972506711726497 -0.0241520578020218 -0.000801994118914217
-0.00739645772630822 -0.0870681045533616 -0.00327154602108426 -0.00377960534479851
-0.00909392152951587 -0.08816294505048 0.0264197089244566 -0.0138858620334339
0.0375504328377254 -0.098284426341713 0.0573421602358977 -0.00715726346779017
0.0913416810925246 -0.0637158083841534 0.0839576557945625 0.0257625497497021
0.132685764794554 -0.00824221063371954 0.0586809507375906 0.0896795382075935
0.0887299632939307 0.105648110862575 -0.0102606335988428 0.10651331339389
-0.0278907726544945 0.150747071278064 -0.0652639383591713 0.0356358867240202
-0.109038362231173 0.130527065079732 -0.00419281794512782 -0.0219348515287488
-0.121241665671038 0.0631563275537506 0.0706679387874513 -0.0543163586230576
-0.09800387714496 0.120788954758755 0.138456073712989 -0.0392333904818136
0.00713154733621679 0.132859874330443 0.103885194673191 -0.099739044357941
0.105559028130062 0.0626475427411421 0.0124206691646914 -0.117592321875935
0.10489692394691 -0.0216290063752558 -0.0446601595760064 -0.0678486409793733
0.0659676525686571 -0.0731691548072183 -0.035386465941217 -0.0375895321799683
0.0125507384736656 -0.0912201005355929 -0.0176214511711109 -0.0390943824402458
-0.00765571983171188 -0.0799255236847624 -0.00562036906528179 -0.0375190415358223
-0.0111862634766931 -0.0784308836916898 0.0231774797438424 -0.0465950217728488
0.0296994172079982 -0.086493330260153 0.0607188098065078 -0.0386587353280595
0.0788810902131029 -0.0583384712250841 0.0964920746939638 -0.000535356993934757
0.118272474355243 -0.00853244831697203 0.0761112554575645 0.0729838441305782
0.0756802480152912 0.0956105129085093 0.00910723190466975 0.0965198619507791
-0.0320224337558959 0.128256834643605 -0.0456768178642607 0.0240491248519073
-0.100726831651712 0.101833087600507 0.0342480159566946 -0.0481363223378887
-0.0926700915003013 0.0275602879912869 0.122829404842092 -0.0747198245320658
-0.0881154635841641 0.0766345014761564 0.158117939334143 -0.0494382278942486
-0.00982030404882025 0.099824695475896 0.120538726627883 -0.082419426219542
0.0724855236392599 0.0534026298222812 0.0421175177541976 -0.101967414894292
0.0780295879202558 -0.0133449016452951 -0.00719668739981533 -0.0767762813327005
0.0491517453033434 -0.0524404148414795 -0.0126364929009363 -0.0667265076368548
0.00971238761259708 -0.0676252054238216 -0.0123760013944511 -0.0699454203517207
-0.00719893467564872 -0.0596310011826645 -0.00728249317592451 -0.0655491877064111
-0.00938781478930267 -0.058764691612771 0.02035398664676 -0.0724953087338465
0.0204843124395331 -0.0649379323279285 0.0637510002124048 -0.0629935058538406
0.0606425510967824 -0.0460233702293597 0.1052453578823 -0.0184611386506661
0.0925576640261372 -0.00195626776028195 0.0860458944698501 0.0613855431101452
0.0509988719846526 0.0807588736462096 0.0205539132162352 0.0871943267972022
-0.037443430198505 0.093441646323945 -0.0302425263462903 0.015233591925152
-0.083055125702486 0.0595404396953221 0.0651957423230609 -0.0633374345972667
-0.0454933436051761 -0.0124683626647765 0.154506448022698 -0.0867766072850337
-0.0546645778634164 0.0201129801533632 0.161918121305248 -0.0580099152459779
-0.0159509901920094 0.0456268474674686 0.125018183679764 -0.0718890142490069
0.0292262835265227 0.0258258313267546 0.0564250273932881 -0.0912534068526716
0.0344038457440563 -0.00619543439029244 0.0136301512346387 -0.0822169345836216
0.0218822669214408 -0.0239577127359533 -0.00181565923222585 -0.0840987040275068
0.0036909482877016 -0.033028063640258 -0.0120268514674543 -0.0876265541862758
-0.0050683255454235 -0.0293691234723008 -0.00909787672044662 -0.0816834503525469
-0.00700529293654295 -0.0315005925868949 0.0189282249335574 -0.0886376132760844
0.00958353615348687 -0.0376649898300942 0.0675931183223396 -0.0782977215255885
0.0365332026867191 -0.0305466296112612 0.113494038158957 -0.02792324259679
0.0599356261715446 0.00405832056776118 0.0940492305875787 0.0571756554148462
0.0226995329954854 0.0589215371700764 0.0263368759892906 0.0828687644036335
-0.0372477939460122 0.0499518135392541 -0.0205920070912908 0.0121359582942694
-0.0556257570880254 0.0105736442938408 0.0860370037896036 -0.0651276203782128
0.0155021869011394 0.0251304438008914 -0.0890867410462761 0.0824371191437886
0.0201872663563265 -0.0125427847708572 0.0343330764042412 0.0145236701346622
-0.00651463861640225 -0.0186310878808021 -0.0180346386195557 -0.0920228805791948
-0.0161199430427131 0.00464432551077512 -0.107288168127387 -0.0686256967458693
-0.00207733356177877 0.0134894357767581 -0.130799044263167 0.0343521707063516
0.0027460293747515 0.00538352864968048 -0.077837649191181 0.0974405173752056
0.000551626117298455 0.00355478895867654 -0.0201289894766123 0.100823132820635
0.0022572892069169 -0.00299328320010701 0.0134875561515022 0.0908981279151514
-0.00220347415160204 -0.00802589512624222 0.0236652585726788 0.0883814464821316
0.00371510406430414 -0.0124520021451332 0.013671501223336 0.0904824111438989
0.0121222879323217 -0.00390421433147023 -0.0121163333278111 0.0899767474563816
0.0128052989615547 -0.000722542546508402 -0.0480143144979373 0.0915665433789437
0.0170288655215524 0.0111424035684707 -0.108928315545484 0.0735783210481505
0.0152253851668384 0.0316361870776741 -0.159162304546984 0.0518204979007224
-0.00664392846330943 0.0447526216936371 -0.154089393843003 0.0857999924547979
-0.020467157292435 0.0633469849979275 -0.0918790944551046 0.0687986486463884
0.00992590960915667 0.0382807393571546 0.0394313467779527 0.0107566016275823
0.0197918572952304 0.0146655905462217 -0.0108351651961148 -0.100905233874086
0.025176622538922 0.00344433166110393 -0.106448942755662 -0.0815899625804487
0.0274610087335458 -0.00656489867560846 -0.136136650544432 0.0245615726749572
0.017599464627334 -0.0258542874354654 -0.0813494052249028 0.0889497421445881
-0.00115069641550843 -0.0304923724121524 -0.0229956767544458 0.0910398466618211
-0.00206781459336815 -0.0343661196704426 0.0107134177994854 0.0810407367445844
-0.00275650095239838 -0.0426662923931879 0.0270086334064309 0.0760162361584012
0.0254574037170343 -0.0494067576406302 0.0255916811881378 0.0809229844901869
0.0543939813827325 -0.0210644338083721 0.00735190680940954 0.0899458738349687
0.0635734741546147 0.013081918427883 -0.0302718602512407 0.102404036958563
0.0367839940174452 0.0631154376150119 -0.0922517020996767 0.0873084294145714
-0.0129030456734496 0.0897253647129522 -0.137159981144445 0.0553565287984994
-0.0535360172407969 0.0896217353803768 -0.128098036893229 0.0706253542792454
-0.0602629195865532 0.0907642300158759 -0.0762394708892668 0.0428984337847178
-0.0104830064551204 0.0895700474355709 0.0540343151367762 0.000914524862719554
0.0400762448260293 0.0562337797685334 0.00794035634569184 -0.111792695110943
0.0679323648834756 0.00955773366086998 -0.0950304161787183 -0.0997766745570815
0.0592425814924669 -0.0246815009491605 -0.134144353148981 0.00604852093788177
0.0346033626131875 -0.0545589920976638 -0.0818034735990251 0.0688778895591099
-0.000695347557002846 -0.0616198039279877 -0.0257540521589607 0.0695199179303769
-0.0068490063246943 -0.0606010948140587 0.0065297455407724 0.0602265476595233
-0.00566366867681471 -0.0682807787376884 0.0293588070508546 0.0512404703952025
0.0354338461141061 -0.0794304291932973 0.0405902860545458 0.0572339614226841
0.0808472598422691 -0.0429775707251084 0.0370056030759395 0.0765034863268077
0.104974831398766 0.00693563568009314 0.00137730172689651 0.10819750434179
0.0658114651829294 0.0937744772390252 -0.0651150927127285 0.102444850418674
-0.0211911053058613 0.133255811769827 -0.110671198502656 0.0557258255642519
-0.0835821133035204 0.124328761227477 -0.0900220479109954 0.0455500059336527
-0.0959610805303584 0.101627984592296 -0.0412046621962865 0.0103164847274068
-0.0409934938635082 0.128420355591681 0.0780057674350182 -0.0129000168292616
0.0464894346724272 0.099189294510024 0.0369884590088421 -0.118058911932892
0.103377535721288 0.0244379694807536 -0.0701596153517185 -0.116507497224127
0.0880831033792036 -0.0357888839398278 -0.118559444191258 -0.0182006958202088
0.0510339214666974 -0.0758769135752337 -0.0745442148545427 0.0389401204840111
0.00195124946541139 -0.0853963105595675 -0.0261259376091188 0.0380902267771313
-0.0103962560414595 -0.0785407374735595 0.00136505561130928 0.0303854866423654
-0.0112240138631735 -0.0831948966969851 0.0284261776381599 0.0187493818098299
0.0353294627003758 -0.0968689307560695 0.0516075089670065 0.0245437051954104
0.0895873015075656 -0.0614621010557343 0.0650798561341002 0.050532496558938
0.127182715402589 -0.00772015038085326 0.0362568183557542 0.101108295824724
0.088680873874152 0.102008199758675 -0.0326132880706552 0.108690517175591
-0.0192316946775047 0.153291023076076 -0.0840712863036035 0.0498207441094134
-0.0977671730943677 0.13965999083712 -0.0476634328816514 0.0126428511988945
-0.117286529678534 0.0930707927087006 0.00948178715604962 -0.024856276084989
-0.0717529521834185 0.142365919974513 0.105972151738326 -0.0290333887028022
0.0355599063453518 0.128270464277635 0.0694654821475367 -0.115281109325707
0.118020968472668 0.0441075736837051 -0.0324771440445934 -0.122589368245931
0.105166034904459 -0.0357752768397309 -0.0868540501740865 -0.043888915416505
0.0612713265886788 -0.0835244603436544 -0.0581523906329624 0.00187987965318409
0.00486061223714474 -0.0957909072584368 -0.0238685267065511 0.000483651744707938
-0.0122787479084584 -0.0845493752113184 -0.0033822738535996 -0.00314681135962694
-0.0142043349624967 -0.0852283575642745 0.0248020622411737 -0.0154088411131085
0.0302421920090068 -0.098509160450235 0.0561859662549723 -0.00972258461629727
0.0858151880250073 -0.0681825848384742 0.0835386603450037 0.0203488108427301
0.128727526844588 -0.0170103462697944 0.0625880923291941 0.0850402537079593
0.0932950465858851 0.098025257423374 -0.00452145963426975 0.103727490183665
-0.0190809917512066 0.149132026947546 -0.0619314761210191 0.0389539463997199
-0.0996941878482618 0.132924709351049 -0.00695027206566925 -0.0210928006259539
-0.11544788294624 0.067800657095764 0.0669918084830555 -0.0565511689656582
-0.0884054885929301 0.124002261552048 0.133030180131674 -0.0443222196261301
0.0140210884543228 0.12913911714486 0.0972620897425764 -0.102181954662403
0.106517301535156 0.0550656859947566 0.00672019305616331 -0.114879400437693
0.101119987392085 -0.0278611485574678 -0.0461037800851676 -0.062587569110012
0.0593875451406514 -0.075766963747036 -0.0363779960494642 -0.0350356330686841
0.00616331311868827 -0.089046542029466 -0.0203720245408004 -0.037259316021736
-0.0128417295671454 -0.0775015066751304 -0.00796508417128698 -0.035886001787286
-0.0153381606834134 -0.0755837801719999 0.0195065509141016 -0.0467243328192487
0.0234712840532271 -0.085865047135321 0.0571903707879314 -0.0410841309295095
0.0736826531198057 -0.0624075767671653 0.0945320757128092 -0.00625587312380228
0.11438943344435 -0.0158382557184685 0.0785892059269626 0.0678493387662691
0.0795006036971799 0.0885902920954297 0.0143030570937359 0.0931407575213666
-0.0244166760624207 0.127416983505446 -0.0435652536094352 0.0260034067773393
-0.09270651140937 0.10482856953447 0.0290919283746529 -0.04879113559345
-0.0891474753145369 0.031362197959131 0.116154736031081 -0.0793986851806873
-0.0816745381707049 0.0802608540972198 0.150848994233535 -0.0550101273206505
-0.00469730172116196 0.0980857871985979 0.114195406952496 -0.0864783012217077
0.0737921711958075 0.047492310374444 0.0365930510014795 -0.101303233279848
0.0747927184651835 -0.0179602140033425 -0.0101484063353368 -0.0742260719564562
0.0442241154505515 -0.0544613911030889 -0.0162693479432559 -0.0649775783602645
0.00454231010705919 -0.0662938144429384 -0.0173857714443381 -0.0676291511092219
-0.0108664928365615 -0.0575200598364018 -0.0118749612318182 -0.0624277011559332
-0.0129183724500679 -0.0563262457826931 0.0156459644006733 -0.0718986040872876
0.0161023013447799 -0.064470145612581 0.0580515484129487 -0.0649900269446791
0.0559729611874734 -0.0488087209816888 0.101861500722399 -0.0240814240484042
0.0902484386533694 -0.00808620367924278 0.0882271312229095 0.0562584455046383
0.0543647037532894 0.0757415332076321 0.0256639360790462 0.0839402162518169
-0.0314606218838396 0.0931582730838443 -0.0294173859404148 0.0164237762883559
-0.0775768487194747 0.0619953105174543 0.0584535258649534 -0.0652963782166521
-0.045142186287544 -0.00978912910677919 0.146713292030891 -0.0926793984972122
-0.0523037108257664 0.0224944834336854 0.154817161309089 -0.0640366645246742
-0.0132063373208963 0.0450361184832928 0.11967990800213 -0.0765419969984947
0.0295424498188082 0.0237365177031515 0.0509192333145725 -0.091052327358829
0.0329432211362221 -0.00826837291351626 0.00981359073698408 -0.0806512108142221
0.0192599743524401 -0.0241693222768963 -0.00652951829197119 -0.0825343829273695
0.00113366359704949 -0.0317580078901384 -0.0179412400296868 -0.084306937431853
-0.00675055662632936 -0.0286322025881884 -0.0143024695474271 -0.0783068252889876
-0.00848022717142537 -0.0299017164372622 0.013465622556516 -0.0868500352353464
0.00749612338670753 -0.037128256161006 0.0610744304092951 -0.0801301716115602
0.0338298786830115 -0.0318670221927055 0.109626198393374 -0.0342314148376975
0.0583566813216624 -0.00011354460568538 0.0956756150835298 0.0513613524317745
0.0256748765378496 0.0558375622697547 0.0307016884872701 0.0787142292946668
-0.0337609762154707 0.0504978462320879 -0.0201063680097299 0.0129060728645452
-0.0532788287904138 0.0125002805133604 0.0786980609456502 -0.0682108883421986
0.015557803216697 0.0242892027988098 -0.0830195823790438 0.0832141148608195
0.0189290602397636 -0.0128075758657127 0.0349228789183475 0.0136002293442862
-0.00679785306769917 -0.0172268911787294 -0.0215524844289909 -0.0872283580667965
-0.0150146258962407 0.00467723178502678 -0.106837818289353 -0.0620744200774001
-0.000972395913797941 0.0130818965613382 -0.124734063841987 0.0375688690782276
0.00311097692314267 0.00486417008893936 -0.0701170169339716 0.0979186758048502
0.00101223512111649 0.0032590662995287 -0.0146864150495906 0.0981876487720467
0.00248762077809566 -0.00319009439916608 0.0168932884338677 0.0868709946889687
-0.00304285061055089 -0.00751156894707629 0.0272486929232442 0.084254498346025
0.00273206033219889 -0.0123444625239435 0.0174092761454695 0.0876410009261832
0.011896202741046 -0.00455692277537554 -0.00850282169196802 0.0885134093110949
0.0126102012826331 -0.000918134828044282 -0.0436677803874273 0.0898811771848196
0.0167846058270687 0.0105892781739872 -0.103608891275779 0.074272379818222
0.0158618624440704 0.0297085261046066 -0.151779682994532 0.0555758082637977
-0.00520819638836423 0.0432943575497493 -0.145696330880821 0.0884702905026315
-0.0180534898201971 0.0623487388392047 -0.0858968065973896 0.070032029799475
0.0115162630365184 0.0373186013110435 0.0397592269246575 0.00983073659506209
0.0197435092017527 0.013637057316801 -0.0143396092182848 -0.0962476624200806
0.0243684356731587 0.00200726125556695 -0.10623590668497 -0.0745636575101913
0.0264494666625164 -0.00783768391271737 -0.129804769194025 0.0292346252843207
0.0157120391235716 -0.0257719343333438 -0.0744137866946709 0.0891233126985142
-0.00268117806563603 -0.0292247288804964 -0.0182493919179189 0.0887424067086099
-0.00355369864111219 -0.0330907912008279 0.0140911698408749 0.0772833259522376
-0.00502568434892062 -0.0409109822178133 0.0301907354389737 0.0723132492129544
0.0222128792899848 -0.049261184871561 0.0288154135848946 0.0781938970057407
0.0522950258055162 -0.0233351618505243 0.0106364217556154 0.0872202290889095
0.0625120654292742 0.0099095546052121 -0.0259040794339894 0.0996926171691887
0.0383396952567872 0.0600960695693197 -0.0871897508341204 0.087052161207079
-0.00908674721463332 0.0875168624186528 -0.130831072836744 0.0586547509872421
-0.0488625243632266 0.0882130400569679 -0.121398354122064 0.0732518583387237
-0.0555960645469597 0.0897799122944652 -0.0717379335923292 0.0446975494453155
-0.00666755367458443 0.0873492827736814 0.0535680135990103 6.33887828526745E-05
0.0404381721176232 0.0523997168528678 0.00405779015890596 -0.107674429482601
0.0657110384759386 0.00597491713576447 -0.0956359171929034 -0.0927383120950677
0.0559945141720308 -0.0263219971986051 -0.128407219365891 0.0116424602744929
0.0306323887753701 -0.0542464488566896 -0.0756473502531772 0.0700433390040254
-0.00361877236741096 -0.0594062097722583 -0.0219317280249995 0.068296828219377
-0.00906101230499448 -0.0581686015633556 0.00900477998290399 0.0579379494989481
-0.00921926000989377 -0.0653993855601492 0.0309016072935206 0.0479481460147816
0.0299910848522363 -0.0784052505930015 0.0419107335766268 0.0543188704591869
0.0768474613231879 -0.0457909241855037 0.0387454813763584 0.0731224484619416
0.10164649524419 0.00226244967748595 0.0056472851874645 0.104500808122983
0.0674212370936524 0.0883820165409481 -0.0600076113121509 0.1009484293253
-0.0154730505686229 0.130403265924453 -0.104583440278064 0.057604894343544
-0.077029576166534 0.122772898253264 -0.0860953984340386 0.0478665110876061
-0.0896806259513637 0.101362882847714 -0.0384512595162028 0.0122136255649398
-0.0344183168777103 0.126394581476023 0.075970421027248 -0.0140604044456791
0.0481648348207886 0.0938901839032481 0.0315069917961935 -0.114793399374088
0.100344024605205 0.0187846897090376 -0.0717092059315084 -0.109318397677922
0.0836383910328045 -0.0387100950748588 -0.11387629456462 -0.0126096218843749
0.0449903646710701 -0.0756097048815625 -0.0697077069388077 0.0408932606298238
-0.00240707300966337 -0.0820711312063292 -0.0240296308515048 0.0378531899019184
-0.0135066568695089 -0.075117977511763 0.0030699426091442 0.0295748085779951
-0.0144142476867899 -0.0793328373565645 0.0281000829496082 0.0169591772438633
0.0297909577351045 -0.0955723674602686 0.0510148639618817 0.0223445968458192
0.084259402959624 -0.0642726330161898 0.065069282436772 0.0469279359797358
0.122442856906614 -0.0131430554909041 0.0393651484993855 0.0969667953942975
0.0902645144431789 0.095653565900093 -0.0277447580956079 0.105353910306034
-0.0126681807302265 0.149492372543138 -0.0797730197661278 0.0515119014066712
-0.0894422809425346 0.13866819251607 -0.0465490509199196 0.014840502817493
-0.110886338562046 0.093712063341252 0.0091071177804403 -0.0238863259426918
-0.0642032055069986 0.140847908373805 0.102375810556778 -0.0307480696828088
0.0388557035930755 0.122334659174074 0.0635648905832951 -0.11292884002358
0.115850716085791 0.0373484608013082 -0.035073044936854 -0.116921908292782
0.0999258018188229 -0.0395213238874938 -0.0840546288108546 -0.0382610474013976
0.0545603362558521 -0.083181465343467 -0.0557106929797911 0.00404784597216531
-0.000329403685480412 -0.0919725913112398 -0.0236493562730023 0.0014795909807085
-0.0159651653098226 -0.0803617623698423 -0.00344844225439508 -0.00240516639043724
-0.0180750579431744 -0.0811948537529347 0.0236222240113043 -0.0158102338706673
0.0243678683565943 -0.0964356252473665 0.0544269544470567 -0.0117989913696174
0.0801707554347415 -0.0702941371352443 0.081452091799993 0.0166887212247147
0.123152506553016 -0.0226992284981314 0.0641415508997472 0.0798695639432363
0.0941563100407816 0.0911205532709566 -0.000754911223478637 0.0997985222413647
-0.0121577322856838 0.145746327500616 -0.0587832759349794 0.039387457801424
-0.0914492627878256 0.132001360974783 -0.00895489236884358 -0.0194434892095895
-0.10944347311456 0.0692892175342762 0.0633011925612238 -0.0565885024243592
-0.0809905116633272 0.12375316836617 0.127350675542069 -0.0455655886025336
0.0179741413916072 0.123549648382061 0.0910122344674532 -0.101315184023092
0.104649692092273 0.0485519049967366 0.00312700129527344 -0.111061301495061
0.0964219640361649 -0.0317173257132218 -0.0452391242027954 -0.0577910886088948
0.0535032297306232 -0.0757122067223334 -0.0361071583132496 -0.0328130381652629
0.000933797227589067 -0.0858446583223381 -0.0221124865702802 -0.035302817740948
-0.0156213692690161 -0.073655972608479 -0.00938361009521274 -0.0335961254047468
-0.0181255769020861 -0.0721888601380326 0.0168416157489929 -0.0458390369215843
0.0185038457724139 -0.0842575113216734 0.0536739853559005 -0.0417054249001677
0.0683914616869506 -0.0638998617622252 0.0918138898761537 -0.00985843192622704
0.108690768057246 -0.0208565078708136 0.0793858880932778 0.0628774557534774
0.0803367665645568 0.0821451651934529 0.0176393982744726 0.0889328090925788
-0.018123691478743 0.12426272076276 -0.0414747462199201 0.0263325435354068
-0.0853590727166 0.104398869693761 0.024578048753631 -0.0479000403513199
-0.0852866230175538 0.0335969673979496 0.109917670921373 -0.0809735742999483
-0.0755751790919402 0.0808800338821284 0.144223331294691 -0.0574859812222172
-0.000920080146274119 0.0944663101934797 0.108373641099844 -0.0867501046479919
0.0726495002670389 0.0430410076011755 0.0328312624987247 -0.0985605138670086
0.071257162702667 -0.0208150792276229 -0.0109333027448539 -0.0705180993186322
0.0399272770170787 -0.0544525897705137 -0.018457758313087 -0.062683391242997
0.000690959410073824 -0.0641575133562745 -0.0210969211202045 -0.0648438607410133
-0.0125241655423646 -0.0546049590972613 -0.0145617239918668 -0.0590675657658017
-0.0146834252207785 -0.0535612934538347 0.0119348587002624 -0.0694783416311007
0.0125623462146408 -0.0626172858887843 0.0535003202891985 -0.0653790445956921
0.0522697694847941 -0.0497640893241378 0.0977506057952616 -0.0277020573048866
0.0854912155788053 -0.0121538026939976 0.0881884780980814 0.0511593443569786
0.0556955549411568 0.0704849755681798 0.0277569962590848 0.0792514636522998
-0.0271510128737491 0.0911831791177679 -0.0285860409547507 0.0171026167273526
-0.0727050246416604 0.0625073405346819 0.0524636965616101 -0.0648411962748254
-0.0437966657959867 -0.00776270059234146 0.138615906399855 -0.0949010156275261
-0.049845023933218 0.0234298949134316 0.147685405136222 -0.0662680169817873
-0.0113133794948385 0.0436827170435856 0.113200662023089 -0.0775759801402617
0.0294790046007515 0.0217640390701433 0.0465323679913358 -0.0894465601562511
0.031246996509924 -0.00942653104269924 0.00782715417744232 -0.0780572126817178
0.0174498784284334 -0.0241967860897474 -0.0100891998221441 -0.0802390975835438
-0.000216330157539282 -0.0303150541377012 -0.0217592437384832 -0.0806463293692143
-0.00780670318456292 -0.0271982491309302 -0.0178350940435758 -0.0742989811240472
-0.00931288530656951 -0.0284062391369002 0.00899275882582298 -0.0842104389097698
0.00580720367702589 -0.0359108401828438 0.0558672336533447 -0.0798231079881599
0.0310026978272638 -0.0320175774519867 0.104862284084727 -0.0375428800626704
0.055816245312624 -0.00293885220947344 0.0951960342160117 0.0460963616249635
0.0269821687069044 0.0527898369030957 0.0328811098875333 0.0750808717385792
-0.0307815502532536 0.0498516752007838 -0.0198774548597005 0.0133100224220834
-0.0510835537481607 0.0133763751335863 0.0718220947125637 -0.0679505313173725
0.0153805300867783 0.0239942885134114 -0.0783941831869181 0.0827094805202247
0.0183754616396801 -0.012505124189626 0.0349323252080269 0.0129163776289588
-0.00654149279912507 -0.0165694828352214 -0.0223736189126847 -0.0840282656768889
-0.0144271412142583 0.00451096078318619 -0.10530529017925 -0.0579110415762608
-0.000474902972690463 0.012687966646891 -0.119667163623197 0.0401883481335964
0.0037235383782792 0.00490552803131356 -0.0644522022012832 0.0968031751438757
0.00135282922509555 0.00281869922056641 -0.0112748076659443 0.0955377318701291
0.00255508715762201 -0.00353534132021417 0.0196873611949654 0.0831969428934563
-0.00295330363602004 -0.00701189871324188 0.0296417697295819 0.0811856500001883
0.00230143850063181 -0.0124757938459786 0.0195682628283885 0.0854506418871653
0.0116146272086616 -0.00511173771652328 -0.00619510712586809 0.0866876676967625
0.0124512343603224 -0.00107817025608405 -0.0405749040292551 0.0877169285853268
0.0173025098612615 0.0100268342482791 -0.100056910822172 0.0737237152568896
0.0161420049057695 0.0284461340322572 -0.145748249223167 0.0576583431638294
-0.00429791431113317 0.0421146271958472 -0.138528506017088 0.0895739553449971
-0.0165079506536633 0.0611193655025063 -0.0812463066366767 0.0702534786999613
0.0125005600406031 0.0359991058942829 0.0398697704345282 0.00920622143258393
0.0195280018620898 0.012846870697987 -0.0157527085224423 -0.0924945017565246
0.0235039746513366 0.000546203685946471 -0.104922964431349 -0.0698213069356202
0.0254119175677384 -0.00836661945552429 -0.12471357690631 0.0319175985748427
0.0145812612920791 -0.025246795137489 -0.0687142827603663 0.0886814732972885
-0.0034738187349528 -0.0286265235371864 -0.0152259211263627 0.086950930862883
-0.00449542161386431 -0.0320519026029532 0.0162867461389381 0.0744123856169714
-0.0061895477882653 -0.0390758657397201 0.0318426308553897 0.0690280850385419
0.0196393407156808 -0.0485958612238609 0.0306765367039994 0.0753858262479219
0.0504469874978276 -0.0244456384646127 0.0123285796279481 0.0852182639093077
0.0610682035391292 0.00782785383862072 -0.0228448338191253 0.0972814838814836
0.0391883425190134 0.0579337041564271 -0.0837567798611316 0.0856483767635306
-0.00674097581074809 0.0851763632466467 -0.12521258290105 0.0598706482392258
-0.0461237365810134 0.0869888317790096 -0.115711509227323 0.07461833137711
-0.0526816827389446 0.0881654106585364 -0.067751707840914 0.0454312144568289
-0.00403386110935185 0.0849617411958428 0.0529630494140348 -0.000117108438323666
0.0401298310718042 0.0499796542214851 0.0020315177976668 -0.103611952315095
0.0631290495855705 0.00307873488064319 -0.0946659910908546 -0.0877759679191227
0.0537710467308488 -0.027705343911932 -0.123743366445053 0.0148964248022636
0.0278322945666816 -0.0535733083558557 -0.0704566998226368 0.070000126193607
-0.00539614241047474 -0.0569747645442211 -0.019643613348035 0.0668701684411113
-0.0104731574981522 -0.0560466719781048 0.0105089486558296 0.055654761248401
-0.0112035732048915 -0.0630294722557304 0.0315294346018319 0.0456079189365691
0.0266148705125068 -0.0774541998561417 0.0432714234521413 0.0523625006759088
0.0736246401092608 -0.0474257667999812 0.039872229680516 0.0702990492710853
0.0988015206802459 -0.000880743900728393 0.00811467099298209 0.101458142047281
0.0684668620566399 0.0841514700457109 -0.0566193752262149 0.0983413015439411
-0.0117927029721063 0.127296926916131 -0.100382121494585 0.058766092006313
-0.0718480001060563 0.12072520331788 -0.0829869436539285 0.0490073995699116
-0.0855846790096892 0.099999605883968 -0.0360626741575908 0.0134969095814215
-0.0298892305136399 0.123854128675733 0.0745748975901095 -0.0138854515224961
0.0484968612472285 0.0902716132150476 0.029002488577693 -0.110884226872767
0.0971903158305973 0.0150639235596417 -0.0717753833952094 -0.104159348737216
0.079938338873635 -0.0402962204287379 -0.109138901789031 -0.00875918396519742
0.0412293486950785 -0.074775844856111 -0.0656197337985708 0.0411288848922459
-0.00563825398655602 -0.0790221462203849 -0.0223616809183174 0.0372086296068217
-0.0154332160866344 -0.0722534412701559 0.00421050476882395 0.0287834893624296
-0.0169710377032691 -0.0764622616792427 0.0278413816912823 0.0155403240068884
0.0251422242410775 -0.0933150254197325 0.0512285893981088 0.0206472664566486
0.0803833381254041 -0.0656101318007033 0.0643608029249575 0.0440700098047979
0.118301159140839 -0.0168548879901564 0.0410976782605845 0.0931085088675102
0.0905731042200406 0.090051653056713 -0.0251173490951277 0.102236970042308
-0.0084383550033811 0.146069917466633 -0.0762386933734863 0.0516282117672154
-0.0837276278349146 0.135946014131403 -0.0458866859844917 0.015822232162178
-0.10594902414755 0.0930886641461355 0.00906478617651764 -0.0229112090015052
-0.0580350212342596 0.138633769805671 0.0998066739218687 -0.0305062596934458
0.0399602651883512 0.117555907965529 0.0604238438109254 -0.109899547546512
0.112567201737782 0.0322301274448111 -0.0362009798107632 -0.112105110154672
0.0952805212780939 -0.0417090329729608 -0.081126628344154 -0.0345719482323392
0.0498974827734136 -0.0827373768887161 -0.0533373220853493 0.00523080182940874
-0.00388655584789635 -0.088761314414188 -0.024205017907764 0.00186352851866438
-0.0179986659653748 -0.0775123996627365 -0.00287853857383044 -0.00222205363551523
-0.0201685678072148 -0.0776951715640751 0.0220135512111525 -0.0160093818197409
0.02026428776635 -0.0943448744142418 0.053171064679148 -0.0124124655308373
0.0756960195047788 -0.0710380010910674 0.0803419454692391 0.0140046537565334
0.118472000966857 -0.0256527128149647 0.0652719361245667 0.0764026178479666
0.0946059216092676 0.0858725181280925 0.00134653153951102 0.0957860915030141
-0.00835521500196838 0.142453099570367 -0.0558614412602756 0.0399445662900381
-0.0854904788683552 0.129930275396171 -0.0100064814107811 -0.0178404461526907
-0.1052073392102 0.069739812897833 0.0609244781273541 -0.0559586137055347
-0.0752909311296074 0.12244736400828 0.12336815082201 -0.0459547276496616
0.0198136680831894 0.119707232935219 0.08734008531517 -0.0995641552872338
0.102534888003502 0.0438731991464292 0.00113310578195277 -0.107665798400756
0.0920538761883834 -0.0336499679687724 -0.0435416413121963 -0.0545817659244492
0.0489610273410927 -0.0750315161424678 -0.0355686040697468 -0.0314801168881508
-0.00231180711873621 -0.0824009815840707 -0.0232348971320666 -0.0337295261170044
-0.0174425168046642 -0.070710860946177 -0.0100900196157019 -0.0321187319933852
-0.0200353793794308 -0.0686334619422543 0.015171582069108 -0.0445819694717823
0.0153268462927187 -0.0822492110355369 0.0511794536843 -0.0419805489100653
0.0644863350484665 -0.0644662024300718 0.088809937467946 -0.0120040268509932
0.104195389114043 -0.0238966303795535 0.0794927668353827 0.059139418743796
0.0804436865453033 0.0770638012301952 0.018893800358326 0.0851597444706277
-0.0140494722731199 0.121178534361811 -0.040306467343209 0.0267468789036931
-0.0801329696899265 0.102587505449931 0.0215399101189904 -0.0463239258369658
-0.0820832005055642 0.0343690491410353 0.105330306456864 -0.0807310100688808
-0.0712341590876338 0.0803407353425664 0.139269850276668 -0.0575784745273087
0.00129256385254643 0.0916938736096227 0.10403173110054 -0.0861448164863295
0.0713913557799423 0.0396201941644854 0.0297962378385705 -0.0960783574531236
0.0681939074353802 -0.0221053512402548 -0.0105968857183062 -0.0678126298526281
0.0364620631859696 -0.053745284682643 -0.0193044764970622 -0.0611259382389845
-0.00156232656569896 -0.0614729310227438 -0.0230479466238958 -0.0619487055790905
-0.0141855276312213 -0.0525524542097851 -0.0156114671437549 -0.0560791999369454
-0.0161353636302522 -0.0511722975893003 0.00980912922549564 -0.0676315444623266
0.0104282456727946 -0.0612336381994162 0.050439862922102 -0.0643460875994944
0.0490713241178301 -0.0499134496564291 0.0946763641558561 -0.0294568252228199
0.0820248413174124 -0.0145199267000517 0.0876640651809434 0.0474451223193365
0.0558673427963515 0.0663959420601737 0.029094666802681 0.0754298487325453
-0.0238221862666712 0.0888074901996104 -0.0278056149261584 0.0171374860335134
-0.0690568056635143 0.0616774781008802 0.0478650793511699 -0.0632586907130668
-0.0428487892660175 -0.00616195216666036 0.13245172302632 -0.0949805564401628
-0.0474200649075192 0.0243753847567535 0.141933700340191 -0.0662396773631855
-0.0100090790889907 0.0425808510363229 0.109189630959348 -0.0777343293323426
0.0286983691979569 0.0204359617501538 0.0437255556513126 -0.0876462576990398
0.0293155332430752 -0.0101754082852796 0.00659610377159354 -0.0762025434962675
0.0160701807750667 -0.0237636787907992 -0.0123312888507368 -0.0787800803187756
-0.0010252093772857 -0.0291641143370432 -0.0243736649016501 -0.0777727256884054
-0.00820821779994592 -0.0258264569156539 -0.019224832189798 -0.0707247335731038
-0.00966641585206725 -0.0269084978450082 0.00642176863685199 -0.0810071557381604
0.0046887845963588 -0.03484040367421 0.0516582536710399 -0.0782116350089558
0.0289704306966598 -0.0318920200796706 0.100958827755017 -0.0396011070694966
0.0534346230601667 -0.00484181618340292 0.093940145232636 0.0423690289176861
0.0275351679583411 0.0499900794606626 0.0337655993914063 0.0713799027239914
-0.0290544423183375 0.0487747625596302 -0.0194368528651278 0.0136707440468261
-0.0492157882535988 0.0140895197976116 0.0666717012630835 -0.0677172750385969
0.0154240525485374 0.0238044782505265 -0.0743164472416789 0.0826314682834155
0.0179324789780374 -0.012302051286464 0.0358749524726563 0.0120814703132257
-0.00651886996936812 -0.0162685971654873 -0.0233757466500736 -0.080891434258192
-0.0141018700213445 0.00478946752192621 -0.103916836941824 -0.0538195895969344
0.00054007481513224 0.012142153666058 -0.116061502970771 0.0413573482365447
0.00417456464002457 0.00421039219142408 -0.059540362433064 0.0959687743487549
0.00154875272314204 0.0025001568964213 -0.00848670442229055 0.0935137833476886
0.00221640567726629 -0.00411100595206827 0.0213621606045183 0.08057878117254
-0.00278236782474662 -0.00658618437737714 0.0315797017281509 0.0781591189015036
0.00176219326624278 -0.0125141792931209 0.021815056247643 0.0832342199035874
0.0114483316068455 -0.00547131839129154 -0.0041287303305794 0.0853985732696213
0.0130199874840238 -0.00169768782216376 -0.0385452645756834 0.0857015646142599
0.0172453179763897 0.00991876906211904 -0.0970313025773279 0.073588466171266
0.016488490940037 0.0269474944835971 -0.141097810455595 0.0588881865175936
-0.00348657377457788 0.04072902854336 -0.133075892551765 0.0905137686186225
-0.0151056405012891 0.0602175274279808 -0.0773461052060648 0.0705048325651493
0.0134809898547325 0.0348326427677547 0.0403295951076991 0.00877323528453066
0.0192394929540872 0.0117235265798718 -0.0166679381548634 -0.0893448929856258
0.0228569601039302 -0.000486829031125322 -0.103898173227137 -0.0659409107785618
0.0246970455846207 -0.00922269943279282 -0.120788405736391 0.0337038692149991
0.0137562047631148 -0.0255307584411317 -0.0641962552968936 0.0880887029224374
-0.0041827794828783 -0.0279244626470982 -0.0126905798964775 0.0856073778220592
-0.00492563826264177 -0.0314638885023292 0.0179747499419004 0.0723876336740262
-0.00698866501384396 -0.0379447463919956 0.0332713344848777 0.0665175729613473
0.01751930051691 -0.0483777010060554 0.0321298252569764 0.0733930510785773
0.0488592035452527 -0.0256692125249109 0.0138373215039207 0.0839484557834945
0.0600152710920369 0.00653949061997383 -0.0204374545050207 0.0951900623754315
0.0399922516532179 0.0556656143469275 -0.0808109267396549 0.084666721563574
-0.0052495465762924 0.0836438361542989 -0.120731156621833 0.0607961040801669
-0.0432123618839234 0.0851592268624184 -0.111658824334916 0.075777827727832
-0.0499668642461865 0.0875401018258321 -0.064528286606852 0.0459411852249435
-0.00184813476775775 0.0834835142812076 0.0533220418306726 -6.14862465273086E-05
0.0400174365324346 0.0478834601333782 0.000513921012532561 -0.100442696509081
0.0615103654721263 0.00124591798308065 -0.0944787266450016 -0.0838884885977528
0.0516471404929616 -0.0290551576079243 -0.119576628543138 0.0176229683281387
0.0257506173093411 -0.053181470953938 -0.0668370169636678 0.0702562027501084
-0.00715998199086877 -0.0553851306113121 -0.01747447850781 0.0657853260142773
-0.0113927453204843 -0.0545822794621337 0.0121358962323676 0.0540040412168331
-0.0125319670757264 -0.0611172181262134 0.0321190649239954 0.0439336303129607
0.0233296856393431 -0.0764749984439198 0.0440732666351642 0.0502634985814789
0.0710385461979028 -0.049013507366566 0.0405414148960484 0.0688765641744052
0.0970068884013593 -0.00343048969180111 0.00999579199667839 0.0990698563207745
0.0687091183698778 0.0805101519014296 -0.0544498356432203 0.0971336560166061
-0.00864770939216681 0.125033281066751 -0.0968613838121058 0.0591624688968162
-0.0683370408530543 0.118876088021697 -0.0807585312990024 0.0503190186693771
-0.0818763862015017 0.0988546755385937 -0.0344865629536226 0.0142461544216454
-0.026473766198546 0.121748021263593 0.0736845182690687 -0.0141282308256422
0.0487095168926822 0.086677218752228 0.0271452555002255 -0.108428385304942
0.0947478209434658 0.0117985990517052 -0.0717904141108301 -0.0998526327188342
0.0765460736818829 -0.0414582694759824 -0.105525040627601 -0.00561625564956175
0.0379303360126474 -0.0740731839499335 -0.0624630120681198 0.0413275448305027
-0.00773664984081266 -0.0770387849498539 -0.0215076676990152 0.0368752488038716
-0.0167060476908003 -0.0697686749211347 0.00471907251253242 0.0277969982473724
-0.018241765583424 -0.0735435665007341 0.0275601544894879 0.014840773166512
0.0218848441434289 -0.0925441932102687 0.0511210302319792 0.0198023894991913
0.0772189571620872 -0.0671256051440031 0.0642164825985538 0.0420575539400271
0.114668186460332 -0.0197595538923886 0.0420251322619927 0.0900588112186268
0.0908244112773461 0.0863780154463443 -0.0230208074042968 0.0997936941758888
-0.00478471799212529 0.143677108311686 -0.0732174318991777 0.0521230702561822
-0.0790514312281553 0.134424097918339 -0.0453381221847047 0.0173810312286185
-0.102457329254719 0.0932095412026988 0.00928545778453017 -0.0220804515660583
-0.0534871005571902 0.136953631402018 0.0977666571265679 -0.0306984137927152
0.040592013082473 0.114584871683397 0.0578491777245791 -0.107817020575683
0.109959663335814 0.0294206472217718 -0.0373892185436719 -0.108713737812519
0.0919176792356228 -0.0432220870876879 -0.0774756010255123 -0.0312117397765453
0.0461632494057921 -0.0822106013776802 -0.0513385643822789 0.00575133880172307
-0.00646891387336108 -0.0862557507069267 -0.0238902704937802 0.00209356497058519
-0.019393848142049 -0.0746270149101372 -0.00294670785665908 -0.00153852523678662
-0.0219930947804848 -0.0745812557866915 0.0213585344695052 -0.0162713479540894
0.0168677115140556 -0.0927555047273947 0.05249240242283 -0.0130896171607937
0.0721832082817791 -0.0721983605381653 0.0791723133768667 0.0117933576058217
0.114352846964636 -0.0286323689708142 0.0657122269642362 0.073146488842138
0.09428303260353 0.0812495695984187 0.0024858482015391 0.0930426603792436
-0.00423110981985495 0.139765563918663 -0.0537137531569667 0.0397079687031746
-0.0810137096703222 0.128069054819724 -0.0114472308282148 -0.0165627478359202
-0.101522627100367 0.0701657635165085 0.0590366283444203 -0.0551294700872913
-0.0708108408323227 0.121597132633054 0.120024891152466 -0.0459598839430266
0.0216828615678259 0.116472992499317 0.083959859999817 -0.0982056366532201
0.100165740849707 0.040559718240898 -0.000307435331381674 -0.104783982495081
0.0890801361619444 -0.0353266991052358 -0.0419208196495857 -0.05248473292481
0.0450978588041054 -0.0744262949486943 -0.0346273719018943 -0.0308626101659462
-0.00494237316192473 -0.0798705017292511 -0.0250251594008461 -0.0324866949349175
-0.0191024265590696 -0.0681761878537777 -0.0100951420693399 -0.0300532296174433
-0.0214045464881074 -0.065765734447929 0.0134609172405579 -0.043795745994283
0.0126121950439472 -0.0804899405268291 0.0496437891792628 -0.0421276261553327
0.0608868301535351 -0.0648086029219049 0.0868063490709835 -0.0136067418840037
0.100616289955558 -0.0263934275455911 0.0797093975754739 0.0565288089567728
0.0806215429756989 0.0734877442177789 0.0203219088640059 0.0818447752603152
-0.0112129605037821 0.118900972480069 -0.0388837728984778 0.026973509408263
-0.0760806320930481 0.101562115449662 0.0189282150723116 -0.0450196970871002
-0.0793616544040242 0.0349939170916958 0.101616335949516 -0.0801411365576717
-0.0677833659745395 0.0801426848311797 0.135635822991344 -0.0576474217573266
0.00219705329655255 0.0895841021387904 0.100665668372456 -0.0852809437460387
0.0700623297392105 0.0369911596089405 0.0275819641348098 -0.0936664026052475
0.0657481093562838 -0.0237250704461815 -0.0103790190548034 -0.0660797023816239
0.033945562597795 -0.0536115163979268 -0.0209702764247187 -0.0603157785751121
-0.00326369116068304 -0.0594388922802878 -0.0251232683459418 -0.0595229857764812
-0.0148369894364741 -0.0508696125997864 -0.0166620488129114 -0.0534139385265302
-0.0166185539686193 -0.0489108725532609 0.00749445896226153 -0.0659740900005858
0.00873706007461071 -0.0596087704541975 0.0478773359161639 -0.0638951963870632
0.0463049581286079 -0.0501260796558845 0.0918303297908131 -0.0315659276986818
0.0789257511351084 -0.0165726355193172 0.0872465105178732 0.0440961275176915
0.0560230279363151 0.0633508590115617 0.0300918174714798 0.0727228004415643
-0.0213641848833277 0.0874869131732285 -0.0272407677026563 0.017728584099388
-0.0661045470633763 0.0610369514281502 0.0433842791386145 -0.0622896043042668
-0.0415457314505536 -0.00551423843356762 0.127799918485567 -0.0953588186264003
-0.0459695467352797 0.0239753967597372 0.137929169340759 -0.0666576252487083
-0.00912883369217962 0.041676519393703 0.105441112586412 -0.0779255359388447
0.0279829485309377 0.0190351481840426 0.0414268624552099 -0.0860136240610197
0.0282063271587073 -0.010773606884604 0.0058865784845269 -0.074860360965908
0.0149990941315011 -0.0232370191070834 -0.0141666782653145 -0.0774150050677328
-0.00189995637599869 -0.0279921234686421 -0.026876866555001 -0.0753477912607834
-0.00823370647781427 -0.0254743366293497 -0.0203259347767567 -0.0674932467498806
-0.00977366298846628 -0.0259901999561822 0.00414065978030632 -0.0788288150300572
0.00377220173796512 -0.0343127587432546 0.0486795742233043 -0.0779382535873191
0.0270712959806282 -0.031687174991905 0.0977831681990124 -0.0415115032426394
0.0516613266422876 -0.00576349333636202 0.093200210667826 0.039269917416214
0.0281492008927437 0.0474676096083467 0.0345284314003739 0.0686310485102827
-0.0275601179798122 0.047888348040109 -0.0193185978199342 0.0143547269830209
-0.0481120862092164 0.0139942385485204 0.0624288742668485 -0.0665126694721651
0.00981714022518904 0.0244828427750262 -0.0865311258422016 0.0668811723285539
0.0188434123268967 -0.00858991963078498 0.0337228684608573 0.0196025095322594
-0.0018744370769616 -0.0160694318412677 -0.00588035724579344 -0.0813021335414074
-0.0124296059736192 0.00179935979786372 -0.0903057378828081 -0.071061645332739
-0.000594904784250055 0.010201660464773 -0.118739334812941 0.0180734070785508
0.00375916644391737 0.0039500318103888 -0.0751056360511665 0.0817010081614236
0.00181424054058255 0.00233409926971801 -0.0253846519036748 0.088980988915134
0.00357506190709834 -0.00359285855387093 0.00492373925576506 0.080358850165925
-0.00161921173642222 -0.00708130512241135 0.0167689756122734 0.0811859763047141
0.00431869605760368 -0.0113828577791006 0.00526741983449243 0.0837059569092831
0.0127123759254404 -0.00316220483847115 -0.0205326908396579 0.0811059524265849
0.0130619541547754 0.00216148338601575 -0.0549584499347118 0.0735655582460381
0.0149714886943701 0.0144792388461267 -0.108526475697173 0.0516413863246935
0.00960300318363454 0.0301331741565083 -0.149488016684551 0.0301135982663245
-0.0125006584966863 0.0384484724422085 -0.150462825731985 0.0610619283628561
-0.0259220600307458 0.0527249317982117 -0.0871181837458384 0.0550020080467666
0.00623764553442425 0.0357009714845712 0.0373493551436564 0.0164987201317027
0.0174521962650651 0.0151507149268233 0.00133929911848231 -0.087262143934699
0.0222564405263558 0.00328487487201368 -0.0872767808576782 -0.0818367594769154
0.0269225922098079 -0.00578578973823795 -0.122327284310367 0.0106599059060273
0.0183825074366834 -0.0223112661387762 -0.0775638145608218 0.0736243942894761
0.00133706395403297 -0.0271140763009935 -0.0282630771836382 0.0800882040358874
0.00117020168053306 -0.031804937529183 0.00370210101000537 0.0719267037382257
0.000654012304511596 -0.0376069764275045 0.0200530482993673 0.0701459224789156
0.0258325145647875 -0.0430658181214561 0.0179696278495156 0.0763163515047278
0.0525767083170659 -0.0156044965246661 -0.00089740647622931 0.0821930042486277
0.0561952107593546 0.0182948495309499 -0.0375495049484646 0.0870530693784128
0.0268286111202524 0.0636848547121376 -0.094392506278603 0.0676214480165
-0.0221154783992328 0.0802307995816264 -0.131342662094567 0.0365506732505718
-0.0594855499891683 0.0718617833224696 -0.1269254717042 0.0516673980793374
-0.0640143526331084 0.0713506483731277 -0.0713223885719361 0.0336834467293128
-0.0161264243269221 0.0790713252674949 0.0499313131650823 0.00959078571330832
0.0300950666888148 0.0529536505888472 0.0184561762341462 -0.0937195361942604
0.0577437543258111 0.0119467047901833 -0.0744496894907406 -0.0960113803338508
0.0556828584720935 -0.0189138085260383 -0.117913886960054 -0.00401676961057112
0.0346297315344151 -0.0467387560737283 -0.076314872535757 0.0557556692527381
0.0031238478064524 -0.0536873454955994 -0.029378506932229 0.0600680816753159
-0.00105474286466579 -0.0551162221987109 0.0013601910782101 0.0536488339368761
-0.000176859887893883 -0.0605724153097213 0.0234317912499115 0.0479403028969198
0.0366682314929344 -0.0689711488540796 0.0341476914809771 0.0562737773895263
0.0780481563907181 -0.0336843027845774 0.0279682099268495 0.0725805875586831
0.0925484524845503 0.0164429075655767 -0.00715352231426739 0.0967842204515226
0.0494377645606884 0.093690497037916 -0.0699298163908818 0.0855117235031298
-0.0339907982559774 0.119580671975947 -0.108276379829758 0.0404678701978552
-0.0901115820849125 0.099522169299154 -0.09043649644342 0.0337511500658663
-0.096734557516616 0.0769199002597107 -0.0364135216889041 0.00810031264577634
-0.0460349693577277 0.11148462320692 0.0707675491144966 -0.000988118080550982
0.0309194104041928 0.091832722146739 0.044056496883506 -0.09609628223485
0.0872751750515629 0.0280414443090838 -0.0497465493325806 -0.107050707480375
0.0808336542878236 -0.0259557251966183 -0.100159549535743 -0.0234776786995561
0.0495049950662889 -0.0635458169453452 -0.0663616939037404 0.0290930989584849
0.00565171979921868 -0.0741069329856703 -0.027468823070759 0.0314241608188669
-0.0033290101685585 -0.070521231235885 -0.000323198540731123 0.0280374572928317
-0.00324584818606358 -0.0737597735357488 0.0241814195359275 0.0191023018219037
0.0376440878234955 -0.0843601986501031 0.0470954671187647 0.027599974487116
0.0870742623163913 -0.0494650620298655 0.0560949932953737 0.0507708734324109
0.112711899244496 0.00422077393338176 0.0263394889501628 0.094350840268551
0.0694007874435313 0.103316322626437 -0.0394780661078907 0.0944798292231082
-0.0335469448216758 0.13780130599165 -0.0843774438383366 0.0380965671561496
-0.103666868756774 0.112428709775642 -0.0490392257556826 0.0089823330674471
-0.114306913458872 0.0676219834846523 0.0117945166978175 -0.0188345360477091
-0.0741011192810225 0.1214845942492 0.0961954814655409 -0.0135028302052232
0.0183875123733457 0.117226061726553 0.0725225945750489 -0.0901504998217248
0.0980743958250667 0.0471475208718067 -0.0154980546291595 -0.108250548361275
0.0955185744155566 -0.024146664522811 -0.0688858285014669 -0.0434736874092363
0.0588102679565356 -0.069741933366511 -0.0489067960706043 -0.00317247792552489
0.00857687645526146 -0.0826014934503259 -0.023232978934587 -0.00325701918824914
-0.00513958504137533 -0.0763252584510493 -0.00264965791305979 -0.00182432353397773
-0.00658669106186797 -0.0750009606524221 0.0237603294581664 -0.0118678881095772
0.0330310773282746 -0.0853972133868088 0.0540447429168149 -0.00343891926809952
0.0833906761241874 -0.0556437032790261 0.0764804128735387 0.0243482346301605
0.113655025583629 -0.00477599147989731 0.0525769063870513 0.0828297831713129
0.0738180640941877 0.0988109619405023 -0.0125266339396032 0.0925784698891686
-0.0325405864160622 0.13325451784659 -0.06297487153605 0.030060561086839
-0.104064905675061 0.105503253619569 -0.00883168820323289 -0.0176754207620047
-0.109419109030983 0.0473530014582123 0.0658638131154604 -0.0417889142607322
-0.0877610938571327 0.104365852260433 0.121177398585739 -0.0250499816267916
-0.000773866578008334 0.115956357261337 0.0952202874026261 -0.0766672494890599
0.0865672299541674 0.0566448464132258 0.0187010631552178 -0.0975319696303245
0.0908191744641269 -0.016698935186568 -0.0307138565009598 -0.0568381804483911
0.0565749706974108 -0.0622671464183027 -0.0271516239054277 -0.0359492429938605
0.00896940637368252 -0.0767257560546442 -0.0177797893449258 -0.0362238592125447
-0.00600451299543748 -0.069397247003874 -0.00429246219168626 -0.0304407955532795
-0.00752200876839377 -0.0664993593308033 0.021787336878033 -0.0401186975827706
0.0266247897213496 -0.0741341739593666 0.0567841540167224 -0.0309581737843048
0.071042918440196 -0.0505937241948029 0.0882867578584019 0.00116623228103934
0.0999294497285619 -0.00529406833098803 0.0689845713715066 0.0690778958170173
0.0619386891481421 0.0879089319244098 0.00611640043293646 0.084483925695416
-0.0349710421709725 0.111704297667383 -0.0456107376577436 0.0198754596812423
-0.0939588555721521 0.0812033532605744 0.0261544379325169 -0.0391907140872469
-0.0817157200010337 0.0192451921297591 0.111646919595366 -0.0581975443860799
-0.0778485319228813 0.0660587345184484 0.13884148627051 -0.0331103868871293
-0.0142997696546853 0.0872926437315761 0.109889231239265 -0.062568194460257
0.0588686521955777 0.047803941053881 0.0438099103384519 -0.0827499950201945
0.0664367014149842 -0.00976082627452006 0.00242260545012211 -0.0648001997821221
0.0419273334299917 -0.0438146566043965 -0.00843897501927766 -0.0615645497625741
0.00633412826239253 -0.0567096287311126 -0.0133066995800217 -0.062968055856453
-0.00469131424971233 -0.0518819487508274 -0.00600891831174951 -0.0537286913978213
-0.00642569585314859 -0.0497724344391033 0.0201373148758048 -0.0612904025173085
0.0189127701784367 -0.0552131489777833 0.0585653142261825 -0.0518409166525846
0.0534451692941891 -0.0389862925726304 0.0956977131627085 -0.0143908651803537
0.0775357531649449 -0.00062598067625956 0.0779445805584762 0.0598175000725947
0.0405697818283889 0.0729236128122157 0.0168521977942911 0.0775951413103497
-0.03835835835835 0.0794966765679237 -0.0320778115497311 0.0132749845936783
-0.0763691616976655 0.044827206967576 0.0550571625935237 -0.0516001672349191
-0.0383017933344859 -0.0110330052234557 0.139980630932086 -0.0679992612861902
-0.0478570759136054 0.0173441961474968 0.143892347987777 -0.040042716384524
-0.0162929352936249 0.0399729105736334 0.114318682833292 -0.0544451065588468
0.0224068838011675 0.024434895319353 0.0557205984426108 -0.0732645854011917
0.0284659100876755 -0.00389793276724478 0.019674038353827 -0.0701597721714612
0.0182069172853357 -0.0183223997783853 0.000378684643493811 -0.0776915547414717
0.00280612435848722 -0.0265221797093379 -0.0117293832316492 -0.0782119096358808
-0.00318091565459501 -0.025983325662185 -0.00672754655353141 -0.0677134050898326
-0.00393297180912887 -0.0261559200744346 0.0196152626906872 -0.0746516099163288
0.00996935581130118 -0.0315119802317928 0.0616228678102379 -0.0646614149894796
0.0313423104240332 -0.0249119071434495 0.102318301041357 -0.0218443535867596
0.0493280759517801 0.00443152047218472 0.0839134231851055 0.0558601017222877
0.0167658667748646 0.0517488452791708 0.0211040016316712 0.0743542259755366
-0.0360672688227943 0.0401194051742368 -0.0236030369793941 0.0104855786400198
-0.0494596197115744 0.00370001855339422 0.0741132429496133 -0.052111875130114
0.010023892836164 0.0237386394113885 -0.0827664187924349 0.0664222342154974
0.0186033546410294 -0.00893321488536149 0.0341680290528911 0.0189098132002757
-0.00197863691404049 -0.0157785286869965 -0.00639254706465862 -0.0783006356421004
-0.0115995451555887 0.00163736944069972 -0.0884599219793051 -0.0673901497096963
2.68721115705418E-05 0.00924364990029813 -0.114925994150025 0.0197471884282522
0.00431362931436021 0.00340967501432299 -0.0702239623862276 0.0801993445866353
0.00198848322726673 0.0019616262283118 -0.0218194566643848 0.0868020200793525
0.00330876131856518 -0.00397263418059187 0.00705666702619886 0.0773589914362576
-0.00094765586166311 -0.00665550341247606 0.0184362380564649 0.0780589859148275
0.00379370841023505 -0.0109105975401437 0.00777500140180993 0.0818721952791711
0.0125484781868322 -0.0038135014675565 -0.018692295169585 0.0796892551065593
0.0128437580286724 0.00119445199414257 -0.0526733161055229 0.0714510567393747
0.014621103259142 0.0138743207820183 -0.105135601877569 0.0514177651589112
0.0101537163863751 0.0290333833567349 -0.143961378256265 0.0315221507613241
-0.0118191207060593 0.0369096722712776 -0.144297470262962 0.0613500667977829
-0.0244962588339561 0.0516697393894549 -0.0833942931058543 0.0551506664868181
0.0070624692171494 0.0347049086588963 0.0380884915785902 0.016378716338349
0.0168116489023481 0.0141680302506104 0.00033709038133345 -0.084028743394379
0.0218470892910839 0.00247889424983804 -0.086246187463976 -0.0776278633419607
0.0260359025954769 -0.00637153352293978 -0.117540684954375 0.0123459546369703
0.0175869725922672 -0.0226058744757428 -0.0727290452386049 0.0723715292204604
0.000757972328274245 -0.0265014732117237 -0.0249951934385981 0.0786003387796128
0.000708014818028256 -0.0312685029980554 0.00551993476305498 0.069575328949934
-5.47755951695746E-05 -0.0366664988767177 0.0216932116000842 0.0674590538618313
0.023785361433047 -0.0424124841969764 0.0201165316007276 0.0736742878942236
0.0503896550915037 -0.0168359749730271 0.000330244029880389 0.0804877929021165
0.0550379863523067 0.0166261317464878 -0.0351785291104491 0.0843919491161477
0.0273986967762364 0.0611184665347254 -0.0916010408787717 0.0660608749411224
-0.0200238841258294 0.0789122161420427 -0.126321497207227 0.0371883525517451
-0.0566769530790461 0.0701784940229714 -0.121364644371239 0.052326106820114
-0.0614731834073547 0.0700325202188511 -0.0677016658044654 0.0343190656866076
-0.0138294817466239 0.0768707714277646 0.0498556774805327 0.00969686583579777
0.0297738670473227 0.050724787972013 0.0171982131761087 -0.0907785278310168
0.0560282756149589 0.00983604371372443 -0.0739299614669237 -0.091368350425054
0.0532667553391236 -0.0201786519558739 -0.113330543450902 -0.00156648162666137
0.0322442846643604 -0.0460650924253692 -0.0718365721398595 0.0554725546222284
0.0017666122256277 -0.0522355839723513 -0.0269490552190539 0.058854762024089
-0.00240165687166121 -0.0538962945912965 0.00275981522020002 0.0520836135634571
-0.00151668176383029 -0.0585059940949554 0.0239814798630065 0.0459070428197845
0.0336161079196969 -0.0681357880130122 0.0352025146570013 0.0540438858004135
0.0750639700108786 -0.0348923571305778 0.0290880100663724 0.0701280313280535
0.0906243839796271 0.0135601079501165 -0.00562543004929053 0.0937501649016442
0.0502263648476718 0.0903730172204071 -0.0673665480809905 0.0829768208809833
-0.0303827172854655 0.116833801173672 -0.103798099841046 0.0406210291958941
-0.0859039447627901 0.0973505711955046 -0.0873768043826438 0.0348126156824381
-0.0930110799261027 0.0757382843678727 -0.0345833038933238 0.00896305020117406
-0.0423045109221687 0.108821573096858 0.07004679629528 -0.00127933422611707
0.0309258252185893 0.0884305383363664 0.0421602059400335 -0.0931311240721377
0.084460042470638 0.0251216449391042 -0.0497967269699314 -0.102653309299275
0.0780213701789825 -0.0272820507239624 -0.0962544639620778 -0.0208131428945925
0.0464142761132708 -0.0632114953002271 -0.0635328430851935 0.0289482732754743
0.00336406546993199 -0.0713702154402975 -0.0262512856651855 0.0309234288383759
-0.00461039605448792 -0.0686579451923335 0.000636904089778653 0.0266962269214527
-0.00474239213906212 -0.0706084819685086 0.024016005869386 0.0177087048904357
0.0335546709653049 -0.0825309558205257 0.0471882054401626 0.0259002018465669
0.0834759784714818 -0.0509532518151212 0.0558630812217218 0.0481500292436297
0.109327182741936 0.000829627610709628 0.0278106674080259 0.0914748732219852
0.069936521912934 0.0988160581860602 -0.0373183684558968 0.0911161701798726
-0.030099518814236 0.134614480477888 -0.0808343816629502 0.03769746140291
-0.0988695943674192 0.109617314189729 -0.0482393919378834 0.0104741078475649
-0.110404972904634 0.0675122049241274 0.0118627088845268 -0.0181409327960763
-0.0696019419091986 0.119212654517041 0.0942574681752329 -0.0136901561401708
0.019196195371485 0.113827295990671 0.0695858888947716 -0.0876838765442577
0.0956608271677497 0.0434129569647371 -0.0162234395405643 -0.104297330486764
0.0919033688803843 -0.025997175041338 -0.0656996753715846 -0.0401340867465962
0.0548633579975164 -0.0691246856062516 -0.0472716437954253 -0.0028343207525037
0.00598346107086517 -0.0800810219937899 -0.0233817024967649 -0.00223896413857891
-0.00643821110832795 -0.0736278058004063 -0.00192993183483743 -0.00136047396187704
-0.00795287495698016 -0.072267338027323 0.0226248326016291 -0.0120937159318593
0.0298444598270559 -0.0835271959435836 0.0528672858651819 -0.00447592991240361
0.079238310420306 -0.0564645539518231 0.0745087774578477 0.0220388408409663
0.109451994264604 -0.0076743297247894 0.0530207365298969 0.0795759162970623
0.0740745713436768 0.0940605809602001 -0.0106729742928329 0.0891749647733817
-0.0291852421149568 0.130578543577527 -0.0603342148565322 0.0300604564885625
-0.0989211374528741 0.10342764439119 -0.00972269920656174 -0.0160324121156413
-0.105663622438126 0.0474678648221449 0.0640875275707388 -0.0414714374120209
-0.083040196959029 0.103205016068205 0.117762933170199 -0.0253264632993316
0.00105252611156309 0.11272057731524 0.0919743736933593 -0.0751762684220057
0.0847785328413395 0.052740018137657 0.0172679618715379 -0.0944521233274733
0.0868973686465738 -0.0186875423580305 -0.0289182160841834 -0.0548321524528889
0.0528008674744155 -0.0617692294122655 -0.0265836574019687 -0.0351327160509445
0.00602067896914863 -0.0739348075696267 -0.0187960014325185 -0.0349616257964743
-0.0076746379303943 -0.0671886781970688 -0.00445408629320706 -0.0293202993287159
-0.00877123268135452 -0.0636706176598255 0.0198499755085039 -0.0392252348751351
0.023251817054822 -0.0726096016840284 0.0549487447096235 -0.0315954641446432
0.0675286772915809 -0.0512849038764771 0.0856467169976595 -0.000405382678653489
0.096053784477727 -0.00762479026627397 0.0687258479749897 0.065673650476388
0.0618820931384483 0.0835431282678332 0.00739977183696351 0.081418682393723
-0.0315631086256406 0.109302613230664 -0.0438047984925105 0.0200301343008399
-0.0899193645625667 0.0797065723520677 0.0238042338185165 -0.0378559530074605
-0.0792586083945794 0.0199857861270959 0.108408866900932 -0.058118427377014
-0.0742099203103014 0.0655649295788638 0.134374874590406 -0.033520156340184
-0.0120435201115064 0.0849519231922568 0.105744461866674 -0.0614680823702026
0.0578049682038999 0.0454742772736347 0.0418502188367666 -0.0796846911659547
0.0638807721267159 -0.0109235073122118 0.00301777351278748 -0.0630323169854419
0.0394591131710979 -0.0435099459458393 -0.0094917566806178 -0.0609353876721702
0.00480416758976002 -0.0547291629642384 -0.0151641475561003 -0.0607781140238764
-0.00614050521274725 -0.0500074110383471 -0.00650691697990783 -0.0518117613001224
-0.00701287143402861 -0.0469908924706915 0.017522781316517 -0.0601656222276213
0.0169005752862286 -0.0538036590721388 0.0562806253163014 -0.0515849167788228
0.0508606833395035 -0.0389961201692236 0.0924500659705374 -0.0159593715828575
0.0743306323819515 -0.00243101158065636 0.0772143415205105 0.0561878912237395
0.0408263096792923 0.0690107885184854 0.0174780617031535 0.0740181744545814
-0.0355724794897682 0.0773997413095631 -0.0311645309542469 0.0128702594543875
-0.0732773457313008 0.043745723293917 0.0509824676536565 -0.0501735854441403
-0.0372636588460199 -0.00967560752857385 0.134764678390895 -0.0674900851376387
-0.0458702279074893 0.0178687699164694 0.139019101425731 -0.0407158483777977
-0.0153257224724523 0.0391487085882558 0.110419706423392 -0.0545680392195572
0.0225855797905921 0.0230788874477228 0.0534351224304014 -0.0709484184370249
0.0273993632466215 -0.00429394197181391 0.0191666800445275 -0.0684400822084854
0.0171903439132008 -0.0181622976255349 -0.00212106440366279 -0.076511613928699
0.00227126653561661 -0.0255654556214858 -0.0142094969685451 -0.0757952910348259
-0.00373995151492815 -0.0251882204766295 -0.00800851878359595 -0.0655163256437612
-0.00408634793965141 -0.0253746781902435 0.0169431412282492 -0.0723498199238211
0.00886826184975759 -0.0305245819972029 0.05833107345748 -0.0640784364961879
0.0297234178396087 -0.0245364997097794 0.0988415650584741 -0.0235142778554332
0.0473045825651666 0.00304468899985901 0.0829089079936734 0.0522213843609303
0.0176387620670991 0.0495978145949832 0.021657520415596 0.070909648970272
-0.0348351985328592 0.0394792797307649 -0.0228155466860308 0.0102482072876236
-0.0477537773481206 0.00422465327030283 0.0695151490253028 -0.051660406753176
0.00986015351145785 0.0235259038287395 -0.0794317686108052 0.0653511819657769
0.0176385429083356 -0.00867848646930829 0.0346172312697489 0.0183547312860386
-0.00176689103549954 -0.0152044438280654 -0.00653180605335961 -0.0760564638278099
-0.0114020088487904 0.00140432518504623 -0.0864012994216052 -0.0647381779223821
0.000372859066946772 0.00880801655785797 -0.111515983037003 0.0193557975444611
0.00418435270684962 0.00294322200404658 -0.0673577541834849 0.0782448247917451
0.00190059322895249 0.00171411475142538 -0.0195296218317118 0.0843002254599167
0.00307706897622655 -0.00436737484655767 0.00758742659747502 0.0749671163024991
-0.000915733425289061 -0.00643089221732811 0.0194106120262213 0.075557663779266
0.00359583003158128 -0.0111569515214479 0.00887262429124891 0.0794146935832547
0.0122586659464124 -0.00411555139825655 -0.0178125308604133 0.0776880829888479
0.0122834124492801 0.00134917794978467 -0.0513407861618356 0.0692884382756937
0.0144500383772957 0.0136963352999695 -0.102469747486869 0.0497716519024497
0.00983536954921116 0.0279063956153617 -0.139106181397317 0.0301668798143302
-0.0113395831282537 0.0351870174822228 -0.139832473150565 0.0595577926785187
-0.023979215726033 0.0501713117587271 -0.0803732018923752 0.0534204492565989
0.00699126540792591 0.0328320077950006 0.0384500943520318 0.0158645765393153
0.0164196366386603 0.0135625236399733 0.000110899858084652 -0.0807069852999619
0.0208799624589339 0.0017496427768224 -0.0836363266862289 -0.0749471065147355
0.0251595995701849 -0.00721455811858889 -0.113999886199414 0.012718306905642
0.0166758089116473 -0.0220577296705232 -0.0697277964972575 0.0705993248596841
0.000466561590006864 -0.0254601945726096 -0.0230176991749077 0.0759541609396005
-2.42912185633546E-05 -0.0307125047369402 0.00626600777190485 0.0675395151670114
-8.6115549539792E-05 -0.0351794886887939 0.0221595908566743 0.064920088470032
0.0227209521827582 -0.0414698560481793 0.0205665534139655 0.0717693393404357
0.0494720152149414 -0.0170736504000707 0.00115205208518237 0.078977944251552
0.0532472312850253 0.0151862634367142 -0.0336267425270822 0.0818892837975331
0.0266047727582864 0.0592347864885387 -0.0890935783641074 0.0644036869772392
-0.018918378843806 0.0761655022766483 -0.121880610867188 0.0360552157450691
-0.0550248467842938 0.0675895171542578 -0.117801929515257 0.0512197374308966
-0.0597557079263665 0.0679188017114996 -0.0651784692028082 0.0333864681820013
-0.0129528237426828 0.0747978874241861 0.0501866997205408 0.0092305094941064
0.0286420475463344 0.0491511289314482 0.0169199819747026 -0.0869870568652172
0.0539000300727546 0.00898536717328283 -0.0715734598598251 -0.0882696977731416
0.0511927116601701 -0.0201648526145455 -0.109274667571037 -0.00131628428378038
0.0299549890767364 -0.0453611159590843 -0.0690500620382324 0.0538227334994006
0.000832613196892526 -0.0503746725742914 -0.0254752898912867 0.0574199953734367
-0.00254075220404289 -0.0523280636901591 0.00379991132582114 0.0503300705142876
-0.00194657026250218 -0.0567613109156687 0.0237943980053015 0.0443978489384488
0.03178850715233 -0.0660023334986687 0.0353015547480898 0.052102469367857
0.0727888687550705 -0.0352055263237015 0.0285311059447089 0.0682900335874245
0.0875695018825333 0.0119844384457209 -0.0049135225032792 0.0907053344897152
0.0493815220295215 0.0871534008641862 -0.0653776747523782 0.080217920380517
-0.0291546740307047 0.113887669017417 -0.100200662899662 0.039718245897402
-0.0834550609686554 0.093596132091156 -0.084993448449466 0.0345505835980616
-0.0904994817783162 0.0735250885280016 -0.03325969570988 0.00878545781221116
-0.0401245633997334 0.105930563137177 0.0691740946723628 -0.000584685422089561
0.0302674639514803 0.0858894015388273 0.04091596521175 -0.089900875750557
0.0815750174684804 0.0235480404051 -0.0477284325280648 -0.0989995129235984
0.0751372363275089 -0.0274358895691978 -0.092231219717358 -0.0199744609499225
0.043955558030954 -0.0622094606798057 -0.0612984498819306 0.0277840895014874
0.0024086000123507 -0.0687163372187928 -0.0255848515616101 0.0300090237816632
-0.00535543289762402 -0.0667067392487539 0.000978953361102307 0.0265043738910219
-0.00534117767160557 -0.0683240365016128 0.0239151228484849 0.0178030037911996
0.0312378921332119 -0.0802003238245361 0.0463037964790811 0.0244795248639276
0.0806384120385928 -0.0509574207995657 0.054443917463705 0.0468876411522828
0.105201753402764 -0.000772104401204249 0.0277177200929916 0.087955827456066
0.068325666462506 0.0954012589308015 -0.0359571130429095 0.0881805920322605
-0.0283190165766013 0.130658815712582 -0.0777067951718697 0.0367264571749604
-0.0954918344330632 0.105408635437007 -0.0468065840563444 0.0105858806782059
-0.107143159466644 0.0656233197106788 0.0126090334496323 -0.0172033541510132
-0.0667459504666874 0.116051815146739 0.0921525808043561 -0.0132316487006974
0.0191586915663135 0.110270038087361 0.0671568736788115 -0.0844960154289216
0.0925408077825545 0.0416778518936508 -0.0154681418759149 -0.100655006047364
0.0886450679196417 -0.0259801326561345 -0.0627136662456785 -0.0391045706016975
0.0522168071091671 -0.0676113518645351 -0.04582447948647 -0.00371911802774454
0.00396063999136602 -0.0772987246590639 -0.0232379869273615 -0.00217578849057837
-0.00767388778545316 -0.0714120474776233 -0.0017833676253961 -0.00131211845064535
-0.00830246217016442 -0.0699119652824267 0.0217414671688144 -0.0111356291064608
0.0271477680088006 -0.08108073884289 0.0520386810310781 -0.00522631829566602
0.0759909030289817 -0.0562174582134382 0.072371610970127 0.0208991106124175
0.105372471026294 -0.00867642352696406 0.0526475919868994 0.0767413480539144
0.0722593387205822 0.0905379907444926 -0.0105122659277469 0.0859635675475723
-0.0273713126949198 0.127000909608567 -0.0586168331552896 0.028731103396812
-0.0950484313054223 0.0993216657509886 -0.010589159959435 -0.014769777542813
-0.102978603958807 0.0456197309762254 0.0624494126420212 -0.0397394195498093
-0.0793340708640939 0.100709936458014 0.114441218059959 -0.0239814561840046
0.00165250494037183 0.109300180577911 0.0891788154358827 -0.0726608308665588
0.0825275233394337 0.0505286582610349 0.0173066953103608 -0.0909866043745943
0.0841717203918638 -0.0188050978545979 -0.0269170875086451 -0.0529265125905626
0.0506392015529836 -0.060118422026924 -0.0267143579645693 -0.0349938137663211
0.00537646001113251 -0.0710301866352652 -0.019244846724061 -0.0339710798810647
-0.00827040560571099 -0.0652164187263979 -0.00417256647233971 -0.0283111417984321
-0.00882556426169101 -0.0611253610031063 0.019022916321888 -0.0379884365324598
0.0218752850509676 -0.0701662190271022 0.0534623234822365 -0.0308377791236341
0.0650229141303003 -0.050416128632816 0.0823733745863818 -0.00150500461589006
0.0919585064217221 -0.00864974100337578 0.0677422309650343 0.0626865038605865
0.0605922506222817 0.0802256622205256 0.00743040601576034 0.0782754646745878
-0.0299567905958563 0.10621766368689 -0.0427277920797408 0.0191663129845488
-0.0868504552885221 0.0767948821060282 0.0220167111433114 -0.035767994023213
-0.0767667009669303 0.0196044246351946 0.105144579080035 -0.0562243396522979
-0.0711245513180358 0.0643883427631534 0.130074510283879 -0.0325712219634527
-0.0113180194426888 0.0825401541244499 0.102436835183584 -0.059008836574399
0.0561982518261533 0.0433666554564172 0.0411908550715694 -0.0771046788339179
0.0614244830793488 -0.0111108476928614 0.00352196479558568 -0.0611011128816935
0.0374846711054264 -0.0424557321624367 -0.0101730953661123 -0.0600199866516978
0.00416348179327972 -0.0519870701299904 -0.0164889892838752 -0.0589394340302292
-0.00711473564939762 -0.0483289539145433 -0.0069887201343647 -0.0496700794943071
-0.00727935509941519 -0.0454679450093257 0.0168419139756998 -0.0579533234802339
0.015932933735046 -0.0520308444589988 0.0541782194206178 -0.0504581868613759
0.0486633439653615 -0.038158735382958 0.08933975328056 -0.0163040386116815
0.0712527745745963 -0.00337013087242795 0.0761370329221156 0.0537717870253701
0.0399460397560601 0.0666306388396727 0.0168019915145943 0.0710160717615085
-0.0344813248543581 0.0751738556919737 -0.0303014949837366 0.0130156775101268
-0.0707102881316241 0.0424490422019082 0.0480590801189476 -0.0483695893561755
-0.0361041238915339 -0.00954001684091413 0.131034099665499 -0.0657238708863846
-0.0442401842906722 0.0175577095928346 0.134497292486155 -0.0389422106328827
-0.0143464158235486 0.0382631188046606 0.106750628654666 -0.0527054121674953
0.0218793743473169 0.0225355795876789 0.0520826873814667 -0.0681049051343282
0.0264149737849017 -0.00415350175680403 0.0192765357021863 -0.0667470726535673
0.016486018196794 -0.0172201031991442 -0.00343371526821931 -0.0747290502417085
0.00220711428800408 -0.0245921312135953 -0.0156852761118713 -0.0731594949112933
-0.00401796889049798 -0.0244423522564022 -0.00791350280092336 -0.0632082382865889
-0.00395843459169497 -0.0238574949577372 0.0156379173754445 -0.0704420910362959
0.00861197247949571 -0.0295452057967466 0.0555755334858699 -0.0622549226914041
0.0282898499005582 -0.0238221125632867 0.095479970020242 -0.0240465672576238
0.0453714631475571 0.00220916954030802 0.0809775469658979 0.0504610843995185
0.0171812785251874 0.0476639147096291 0.0209438306589275 0.0682851974326525
-0.0337960086461622 0.0379744852897327 -0.0225808004784421 0.0104821834353009
-0.0461781849737927 0.00391713260096702 0.0657360523401284 -0.049901800354444
0.00967520674915278 0.0228791639527632 -0.078625837965156 0.0632049543586167
0.0172260781826949 -0.00876781039946563 0.0347154081800337 0.0186731848482297
-0.00133302253534722 -0.015387520727861 -0.00479264364292624 -0.0741098124807779
-0.0114708707971238 0.00111473989591706 -0.0837627459329767 -0.0638085358997904
1.02569867244299E-05 0.00810425955533667 -0.110093434057963 0.018170699205811
0.00386907707846739 0.00246002567538471 -0.0663676065736009 0.0762451572548369
0.00236312533024877 0.00133330197891223 -0.0188436638850492 0.0819077068606503
0.00286550077362456 -0.00496200028969933 0.0072431094508948 0.0737305674389883
-0.000465607817889106 -0.00651873927028392 0.0191202684604403 0.0738081021084503
0.00361836210303344 -0.0105751676490457 0.00867237871234265 0.0784097634911601
0.0122747645254077 -0.00385589765479706 -0.0185843076624438 0.0768372396252702
0.0123877773730761 0.00155283926761449 -0.0510841496775971 0.0665551469694378
0.014027085998761 0.0137260736442786 -0.101589939690449 0.0466994849361283
0.00932218950379366 0.0270138825980913 -0.136075925907672 0.0270219400892633
-0.0123940429737886 0.0334399006461295 -0.136664341453053 0.0561896883263393
-0.0242295002559762 0.0492346581297575 -0.0789599083386897 0.0520800423596169
0.00682277092570845 0.0322819179264217 0.0385024599761361 0.0163378331510213
0.0157203766943846 0.0131702716566981 0.00238410788660698 -0.0786138515018819
0.0201937665587627 0.00179379974558865 -0.0811791690800067 -0.0739727522178759
0.0243415136439447 -0.00704913410762604 -0.111505965225587 0.0113386917862741
0.0163308507056006 -0.0222786036916539 -0.0686942534200382 0.068180389034903
0.000907962586944287 -0.025101451076554 -0.0224911792408219 0.0743477657718853
3.96947476503605E-05 -0.0303994917833636 0.00601816062603731 0.0658660928792049
0.0001738670005053 -0.034973359528732 0.021654182802324 0.0640467587315802
0.0220129398200681 -0.0406532264541194 0.0205876850489042 0.0703378205180678
0.0482603568322193 -0.017051101939294 -0.000219373789549157 0.0777602847293071
0.0520363596695811 0.0153367398987238 -0.0339827148729915 0.079601806050153
0.025993324635648 0.0586094321231556 -0.0886130227387532 0.0614655180984128
-0.0196535302346172 0.0744162182274613 -0.119424842870933 0.0338076843617862
-0.0551857898366337 0.064562691332043 -0.115918717271942 0.0488097728507662
-0.0595718934633906 0.0660739086131849 -0.0635075847752518 0.0319644790815588
-0.0130581873237938 0.0726819288947949 0.0499858000098659 0.0100434625825351
0.0275697129710105 0.0478589744052324 0.0181911197629677 -0.0843453380531531
0.052344336582678 0.00873394671158867 -0.0688783009067002 -0.0868035941824517
0.0503797327959575 -0.019829613096715 -0.105941627020648 -0.00235683975694867
0.0300013646023242 -0.0445261534073369 -0.0675510343757107 0.051222934091445
0.00105742471791292 -0.0494816897431308 -0.0252196094976959 0.0559218334246179
-0.00263102382713167 -0.0518644666753631 0.0036025066252212 0.0493373527648668
-0.00184181884145007 -0.0553455517070428 0.0237869671043614 0.0439849262641127
0.0310453064874401 -0.0648295426738755 0.035558396915156 0.0512970515380019
0.0711946986928467 -0.0350725505271722 0.0272844610443885 0.0679312547387901
0.0851160758946302 0.011757626240112 -0.00526251464771444 0.0886086396975119
0.0478711032334745 0.08563181529456 -0.0653381811967663 0.0774385650424331
-0.0295583940122143 0.110971722648354 -0.0983752014736046 0.0369687711526077
-0.0833433885268284 0.0894169751080767 -0.0838480008027669 0.0333374571335362
-0.0902577000113289 0.0707313569964463 -0.0315642396261153 0.00850751030297793
-0.039485186938243 0.103470074626563 0.0687288668365494 0.000421622919877164
0.0285773494122321 0.0841880429251844 0.0417891797316138 -0.0862440540889346
0.079117468977711 0.023545962847384 -0.0453219444146745 -0.0972213585674307
0.0735736992628479 -0.0267391088998909 -0.0887074251144065 -0.0209194570783378
0.0431738385832488 -0.0609741651385861 -0.059873217227 0.0259584324109062
0.00244923352900417 -0.0673028313971471 -0.0252578726409531 0.0290179464336539
-0.00533844613552614 -0.065413664169341 0.000936947825961452 0.0256174843044974
-0.0051321313537266 -0.0673214127308052 0.023407853567784 0.0173882492121108
0.0310971188209455 -0.0784708736441 0.0462733638119004 0.0238810088818897
0.079178079196719 -0.0502029763985355 0.0531427448855348 0.0462806963106062
0.102598237399987 -0.000340483836703175 0.0269249100334775 0.0862340269583748
0.0667007218756238 0.0939527399661511 -0.0365263334024267 0.0851130507200176
-0.0290585013508366 0.127974794420181 -0.0767148086215209 0.0346531763110798
-0.0947198774799533 0.101005013815171 -0.0467221011869382 0.0108102575298163
-0.105929146508179 0.0625162769960633 0.0128413958710855 -0.0164990952467363
-0.0651983776700757 0.113744409543164 0.0913086252867617 -0.0109803075913997
0.0174619450962712 0.108164983881378 0.0680947825156788 -0.0803463000208087
0.0894682282353494 0.041059335785151 -0.0133754719737624 -0.0985365441947735
0.0863652800693597 -0.0250403308433488 -0.0593302754454241 -0.0391132092911911
0.0511239376069879 -0.0658594557827348 -0.0448326054693756 -0.0050473716741745
0.00444048192129554 -0.0747674501749901 -0.0235163754720436 -0.00223015736064827
-0.00707884133673325 -0.0700385798549016 -0.00148326806872137 -0.00159556618713761
-0.00820190307132539 -0.068160783462731 0.0214996791785256 -0.010782560142775
0.026745507837454 -0.0790536278308761 0.0520180972131949 -0.00487299489606769
0.0747031801035263 -0.0555405952411872 0.0710047784859752 0.0211097516649393
0.102098833395797 -0.00873264534282472 0.0515367952831589 0.0751396938267143
0.070097769729851 0.0887566443953615 -0.0118338622840033 0.0832355681085695
-0.0273794640932702 0.124310244252271 -0.0576377081099068 0.0270721696313774
-0.0945122234452914 0.0955373479188154 -0.0108195681478496 -0.0137847554898703
-0.101391901314648 0.0435244057738428 0.0623018992242959 -0.0383422584992553
-0.0781515698768991 0.0977882777341622 0.113186169903893 -0.0213412177106402
0.000203484524737969 0.107566021379285 0.088389458322828 -0.068586613620472
0.0795980209466971 0.0499395920403106 0.0186241255630493 -0.0882264203563006
0.0821790801413311 -0.0179250668635545 -0.0242395181660632 -0.0521488806116718
0.0495622754756126 -0.0583720507199565 -0.0262441938848002 -0.035144781745525
0.00533961253081026 -0.0692642575719302 -0.0197566857716482 -0.0329755644971546
-0.00798027585675282 -0.0633465676689417 -0.00379380190289197 -0.0278113162725289
-0.0082269983767121 -0.0599749539528523 0.0183217912835397 -0.0364558143779027
0.0212517279237409 -0.0684439073667271 0.0529342047619661 -0.0302700851358316
0.0631697756986592 -0.0494531098977775 0.0809021286101417 -0.000671418243013611
0.0891251218453026 -0.00826126308675928 0.0666990625046129 0.0616439137459827
0.0589088814455669 0.0789517405991842 0.00607082653280881 0.0755975779199452
-0.0304495701914609 0.103555765348827 -0.0422960758975667 0.0185601955242413
-0.0857746088702947 0.0735552212867954 0.0208581623094025 -0.0341534450706111
-0.0757038877016913 0.0183885716201066 0.104274367129597 -0.0531464141238637
-0.0698492260445303 0.0624934227972558 0.127781145210317 -0.0292473432318594
-0.0115800259712345 0.0808800677745373 0.101348881640863 -0.0557156487656476
0.0541890157499507 0.0429772948374889 0.0418651985471071 -0.0740216831592289
0.060285946828264 -0.0102425051356526 0.00547581697491837 -0.0601347731001929
0.0367153004963018 -0.0411767512449459 -0.0108464973035886 -0.0593332238058624
0.00415308147980617 -0.0511531169018576 -0.0169191899776189 -0.0578580864327943
-0.0068952514302244 -0.0475036335396866 -0.0058272877020493 -0.049081737186221
-0.00701924589682017 -0.0442601543706218 0.0164745095009957 -0.0562232996709579
0.0158807397958934 -0.0504732550793457 0.0536245980683864 -0.049151618208153
0.0473666426355306 -0.0376524760942477 0.0878160505207758 -0.0155093508832351
0.0683926565077352 -0.00293691855001044 0.0747731583247493 0.0532381198653499
0.0384461753236894 0.0652421395885243 0.0155247948309084 0.0694635508945019
-0.0344393487859342 0.0731603947063496 -0.0301874169677749 0.0123940354652523
-0.0694366961208732 0.0405526634642799 0.0461542892333975 -0.0459346301208947
-0.0353295867707027 -0.00998861425321271 0.129558347235848 -0.0623213973220366
-0.0430408339360678 0.0170382411728939 0.132574685073556 -0.0363483076191355
-0.0138422726271782 0.0373042748058195 0.105356647852969 -0.0494837811023316
0.0213690109034909 0.0219625563175017 0.0527422254548429 -0.0649142552194392
0.025734266523128 -0.00416909853893983 0.0209147470609241 -0.0654525432447608
0.0161689609565545 -0.0167261993608503 -0.00344610816677678 -0.0737568033252892
0.00190658636027712 -0.0239413881554894 -0.0156663523838811 -0.0716858496980294
-0.00445333298511969 -0.0237742049355634 -0.00729908446515412 -0.061661714099601
-0.0034075401183252 -0.0235608476604418 0.0159135386376931 -0.0686088729268887
0.00862235944697189 -0.0289851016865442 0.055162953373867 -0.0606050030818163
0.0275967696737476 -0.0229211338673945 0.0935003134175062 -0.0227242826363811
0.043398218792105 0.00280200076159039 0.0791888663833814 0.049254663007007
0.0162169893258638 0.0464949142515021 0.0193955258244093 0.0664184148401598
-0.0334554367300163 0.0369838851816296 -0.0227430897664406 0.0102752324834156
-0.0457626605538183 0.00359668417747758 0.0638793546537808 -0.047731320925259
0.009565900897874 0.0232671759608728 -0.0789295668668354 0.0627409099776498
0.0171772694959631 -0.00876321020193708 0.0360011995880452 0.0190927251196823
-0.00135522103506777 -0.0151857676597036 -0.0036533720460635 -0.074098452964806
-0.0109997198650706 0.000824570501616331 -0.082669227427661 -0.0648677580156915
0.000239977022055159 0.0077423124111032 -0.110541413749997 0.0167188529069585
0.00398226041255099 0.00229774026912827 -0.0662312584486025 0.0748421772383316
0.00240353228099898 0.0009888800393001 -0.0187388476187445 0.0815825686415008
0.00268668790075768 -0.00533492893425359 0.00730344783394056 0.0735191485048724
-0.000301041137166801 -0.00682495022666313 0.01925116336528 0.074107063058657
0.00364533480014578 -0.0109580954424879 0.00830460028324293 0.0787957528664781
0.0124511926219965 -0.00424334437456262 -0.0199558814130621 0.0767451912788848
0.01210526014119 0.00192289012288784 -0.0525636403987775 0.0651748837650539
0.014216131914967 0.013855588838119 -0.10344679990851 0.0449483459282459
0.00859312425276841 0.02647388949045 -0.135958418716645 0.0251438518181992
-0.0138377908892226 0.0333571060738855 -0.136637602995091 0.0538801581184647
-0.0251883326331876 0.0484616810742738 -0.0794653807577907 0.0510680736867142
0.00621995746932705 0.0322979733752468 0.0398818693446407 0.0170213802947054
0.0151821120576036 0.0127144242149993 0.00371711220326965 -0.0782647941864105
0.0200488677727303 0.00146079310513969 -0.0797189582897846 -0.0753787646996835
0.0243294229943404 -0.00753388585050349 -0.111769452201128 0.00978664525769991
0.0158730437753917 -0.0224098176131595 -0.0693071357026432 0.0673090370853197
0.000572430290378846 -0.0252597775340341 -0.0224864730617365 0.0735430716038286
0.000262608647471096 -0.030712739815322 0.00573617893451554 0.0657150867710282
-3.05402057424104E-05 -0.034885186856855 0.021909061542991 0.0643675887548056
0.022463537837881 -0.0407765685150043 0.0206936902617338 0.0711122579475392
0.0486191587097007 -0.0172298117375004 -0.00128632067471335 0.0781878274730506
0.0515748043644165 0.0157001505674406 -0.035358082027858 0.0783116071319324
0.0254179077550958 0.0589293129579095 -0.0906119358783687 0.059617193012395
-0.0206498966420295 0.0739898967153009 -0.119568530740329 0.0315952466350873
-0.0572810829081559 0.062893118186262 -0.115950530435086 0.0470226254404521
-0.0613098301864105 0.0647810490517284 -0.063446533393743 0.0312563027424563
-0.0138452682559734 0.0722718387783502 0.0511947767925721 0.0108353056634428
0.0263913310890587 0.0484485918483204 0.0203070682962634 -0.0832965119308238
0.0517918618523733 0.00951492157645296 -0.0671941663412508 -0.0882720393371341
0.0507328226952677 -0.0198918036386092 -0.105595092671562 -0.00431089540089966
0.0299900360858221 -0.0444761101669467 -0.0682865145798274 0.050243330879991
0.000801912659644171 -0.0491527104152808 -0.0255265814900565 0.0557525657399182
-0.00238987603802298 -0.0519105675595994 0.003578653708856 0.0493659063509019
-0.00130541789776203 -0.0556984293182083 0.0238802955983358 0.04414354275973
0.0311633619116884 -0.0647137804602685 0.0356225010850626 0.051634848146657
0.0719474925365102 -0.0350545056810677 0.0266622085156273 0.0687678373073971
0.0845101874761309 0.0123236764497201 -0.00601756382798192 0.088187862362798
0.0467970900803334 0.0859947354332191 -0.0671717237321475 0.0758625434811417
-0.0311890156739484 0.110627434003051 -0.0987900465046901 0.0356527825962035
-0.0848684186121227 0.0874464892692711 -0.0839325295472654 0.0325080117874969
-0.0916562101257236 0.0691457914859293 -0.0310207803597699 0.00791387904540376
-0.0407165505572655 0.102803214302734 0.0697202520141843 0.00185714333076983
0.0272385669104429 0.0849579798646058 0.0443606591536556 -0.0845235624561999
0.0778571270958766 0.0240948041858664 -0.0437831631309251 -0.0980631080591667
0.0736324559922583 -0.0264084968324113 -0.0873830130224799 -0.0226434577002856
0.0431128960477374 -0.0610773629071075 -0.0600410683436213 0.0247824004356187
0.00271948268592304 -0.066969619748967 -0.0261786056522865 0.0286072586779246
-0.00526056584405733 -0.0653991231681835 0.00115410619392466 0.0257348100138868
-0.00444363393925426 -0.0667205975613507 0.0237522145958727 0.0179289128750977
0.0316288053357724 -0.0781269973542075 0.0471101958721146 0.0244893462747756
0.0789941933376276 -0.0503120366302398 0.0531498464262731 0.0473559606003618
0.101837551222175 0.000529018029997571 0.0262163076686338 0.0864759055894333
0.0654992038758858 0.0945392833452617 -0.0385489552308064 0.0839637860437857
-0.0305535426756911 0.12825114839036 -0.0771469461777462 0.0332480169587661
-0.0971808360398045 0.098524163774152 -0.0468849547600132 0.0105704996947313
-0.10793958644395 0.060390156264309 0.0138525114485643 -0.0164314623456245
-0.0663716847110079 0.112874183707227 0.0926420379099679 -0.00922937290184795
0.0159828430196896 0.108435862673429 0.0696009347865376 -0.0786471524435207
0.0890381188488231 0.04183310914615 -0.0113613373480386 -0.0983718564384662
0.0865329261155169 -0.024236733213718 -0.0575038101619087 -0.0406058128655318
0.0518070522145107 -0.0654758733786266 -0.0452389023073314 -0.00617891148067467
0.00465286430175698 -0.0744239775719024 -0.0242217912243009 -0.00288464297669235
-0.00707667712258233 -0.0701130796203385 -0.000958157529359798 -0.00134426315644206
-0.00757649028831159 -0.0675388340458974 0.0221419949330546 -0.0103553593294569
0.0275569134509231 -0.0786712670319978 0.0524155327545938 -0.00477832100385479
0.0748273354034903 -0.0554938409966416 0.0705429621987435 0.0221768090640534
0.101578650055285 -0.00775667645977853 0.0514089122257846 0.0755695210073023
0.069416070963237 0.089380765627581 -0.013564398105014 0.082291941124892
-0.0290962057563158 0.124085824534851 -0.0579628480242678 0.0260397509469762
-0.096282362015513 0.0931531478507137 -0.0106355850423905 -0.013525393636826
-0.102728118093255 0.0419342906469469 0.0635746420173258 -0.0368663271540147
-0.0787517071096327 0.0972461985521581 0.113733056058296 -0.0192271286412157
-0.00104489272198112 0.107889882116757 0.0902240266208699 -0.0660984788128231
0.0789352620089343 0.0513213471698468 0.0203819352538012 -0.0874801922484855
0.0823961565243138 -0.0175757852963226 -0.0221884185004814 -0.053278453380867
0.0501310289269315 -0.0580875003737586 -0.0263127927623668 -0.0359897968928986
0.00552164606024748 -0.0687516507225408 -0.0203640469541376 -0.0332377472291207
-0.00802367845162481 -0.0633441175626347 -0.00344587590339155 -0.0281080529699694
-0.00785072857027793 -0.0595219055422036 0.0190883703538251 -0.0361305793125354
0.0222033163484602 -0.0680062251733976 0.0537575795654407 -0.0296183898733298
0.0631157080520899 -0.0492865975507811 0.0813864739280113 6.41189225648411E-05
0.0879859064454139 -0.00771051377123985 0.0662671747574096 0.0628662086313568
0.0576678218327709 0.0790915002639408 0.00450261190730731 0.0751193413234309
-0.0314952546111304 0.103006271227408 -0.0424269301417964 0.0176965531632042
-0.0870073167053631 0.0716651918239415 0.0205813969989004 -0.033212405088449
-0.0766527247405878 0.0166392793589161 0.105597458117356 -0.0512348707816513
-0.070471866022094 0.0614848143887007 0.128513116006083 -0.0264105796416228
-0.0124457961379159 0.0811194002626026 0.102849225785923 -0.0532435326641725
0.053813736438529 0.0434207205647435 0.0440102344392801 -0.072672947010419
0.0601620708194904 -0.00983331357565859 0.00746995605569631 -0.0602875314164357
0.0372047287434954 -0.040581342489782 -0.0106558585776933 -0.060304930469515
0.00451569571880029 -0.0508001507230371 -0.017616574131285 -0.0575834338724729
-0.0067442576902488 -0.0471197987897568 -0.00575954096930909 -0.0491601407402621
-0.00658756702011672 -0.0439821308144756 0.0170633103528382 -0.0557515071144568
0.0159624374665586 -0.0502027244191629 0.0545319303729998 -0.0485889308262815
0.0474776774275588 -0.0370683943801233 0.0875608597305365 -0.014502591719201
0.0677553532518694 -0.00252578613455502 0.0739481564016978 0.0535194620875311
0.03810304099061 0.064912006214541 0.0143513352395745 0.0687192573657362
-0.0355366480714893 0.072898987300545 -0.0304004115734354 0.0119741286943095
-0.0704910413057527 0.0392552278421043 0.0462590979025585 -0.0449135790427075
-0.0354410851632959 -0.0103000661754298 0.131215796474126 -0.0599891446911366
-0.043231058670922 0.0160529962513984 0.13257713951511 -0.0336001868997592
-0.0137772125468192 0.0369379793652561 0.106319287197609 -0.0471647222581402
0.0212583665771806 0.0222296762962668 0.0547736707769947 -0.063554730644543
0.0255360225461056 -0.0037231207558903 0.0224471223725299 -0.0655740360158575
0.0166801507525595 -0.0164062158856991 -0.00377574074177766 -0.0739554535097766
0.00229510146524211 -0.0234781033767971 -0.0162298737525039 -0.0711407287502586
-0.00401755460752462 -0.0235279621844065 -0.0073076655950232 -0.0617631988520919
-0.00381324661781125 -0.0234270392694929 0.0166638773934797 -0.0681199746959562
0.00917877777388088 -0.0290152152034787 0.0556014298448278 -0.0601549658477165
0.027483068464116 -0.0222710395309556 0.0932515031408459 -0.0222551722200692
0.0430720136092114 0.00339639985481912 0.0785907908157097 0.049858677295338
0.015471046650601 0.0464163346711389 0.0179050606024925 0.0660408541012156
-0.0339306441551849 0.0360899471974897 -0.0234297924026193 0.0103340464337902
-0.0459195941527518 0.00326886872169017 0.0636109905953819 -0.0470119422328267
0.0209736348322343 0.0150952910441561 -0.0245818793409367 0.0979721754843443
0.00869419428705879 -0.0169214369797052 0.0421499558180487 -0.00761746205810318
-0.0103386526614284 -0.0118636091497045 -0.0470105245989322 -0.0597111898081982
-0.00924022607725458 0.00714464460509041 -0.107875171576103 -0.00313123646835783
0.00468138009781373 0.0065353627157211 -0.079667718987015 0.0806822888074228
0.00445379874203671 -0.000773490216767613 -0.00811222375381813 0.100254083130778
0.00259010131620921 -0.000788847347851018 0.034938482703844 0.0775055527203761
-0.00110400691956833 -0.00603338595109072 0.0504443333052129 0.0551471552459632
-0.00444342432167571 -0.00557414068168605 0.0614371155791731 0.0478259594241016
-0.00274047673925096 -0.011185919472908 0.0555792620805429 0.0596547123370692
0.00801615028221784 -0.0110634324749841 0.0309838863956079 0.0751573886995025
0.0118826916548788 -0.0052827033566676 -0.00476225244499062 0.0850973355706524
0.0200194490359642 0.00433652937435521 -0.0574989400637475 0.100710339689574
0.0226408249478867 0.0179662122943255 -0.0967824539885671 0.106067279910237
0.0068528608053531 0.0380354940190858 -0.0806250168848038 0.128754134263832
0.00591617892989228 0.0548103109794379 -0.0298018561735098 0.0900685214249051
0.0230179364860587 0.0220371198429191 0.0445988477931758 -0.010034974313862
0.0192432659255591 0.00173664685572343 -0.0415478381587744 -0.0669486918876104
0.0160549148668923 -0.00925735883339843 -0.110069087071695 -0.0141168554685627
0.0154215868511439 -0.0197043111721223 -0.0845760271209179 0.0742104996888946
-0.000280934832554356 -0.027482353214069 -0.0154853885106075 0.0951183286027445
-0.0142658413358663 -0.0208707562830068 0.0267426316644573 0.0736215746825286
-0.0189912878376252 -0.025375257405957 0.0450538600896305 0.0498274003260073
-0.0206144274854541 -0.0288745669567755 0.0581446173887621 0.0382891179886435
-0.00627422608489948 -0.0473795575267313 0.0610041929850689 0.045284364407002
0.0302179141544752 -0.0448858118031138 0.0468105812034112 0.0642657035151328
0.0533974660545734 -0.0179893688063179 0.0177873776193647 0.0855614726115077
0.0589160689713676 0.0358424019386161 -0.0381000660966051 0.103879312989657
0.0280490691397921 0.0761949044945141 -0.0802795956720137 0.100298528365715
-0.0113351267382576 0.0901693081018189 -0.0680916207934425 0.108068710759593
-0.0157788897681149 0.0889699468500751 -0.0273497413985632 0.067091849061325
0.0301136370679037 0.0657497620710175 0.0510350102335594 -0.0201125279949364
0.0487387985226002 0.0243290220602555 -0.0289745931777901 -0.0807651661864263
0.0462306125423577 -0.0210299013189021 -0.106736266079333 -0.0339899561122891
0.0295456274762766 -0.0446166516937366 -0.0881543183367442 0.0580836989378958
-0.00193749242058212 -0.0538582090904716 -0.0247092419570269 0.0796566407454143
-0.0279590267897181 -0.0401508850953945 0.0125438217332042 0.0604550890649187
-0.0339872408836224 -0.0408101077882853 0.033614844050635 0.0379681144995981
-0.0352979903652553 -0.0449755581497574 0.0478678004794437 0.0213010604075429
-0.0143064021110555 -0.0726116162990753 0.061284366008826 0.0202808422545554
0.0378309201184324 -0.074318143704469 0.063056035891245 0.0392501595926621
0.0789722244547781 -0.0407375202297369 0.0476796462953439 0.075235599556308
0.0950902452322594 0.0451612714695974 -0.00960922323306464 0.102359200878769
0.0429923819685829 0.113806120188779 -0.0619794686847198 0.0904368175780664
-0.0191658770080707 0.128384914847213 -0.0503502400987196 0.0741559685075033
-0.0388102286403251 0.10958244087985 -0.0144521482057971 0.030725419156075
0.0251392287354086 0.105248576302072 0.0613109038338181 -0.0367897415597502
0.0704899251468279 0.0532866090079659 -0.00862188194373721 -0.0949746487569169
0.0756887069605201 -0.0238547321259196 -0.0917257905338143 -0.0569510055647814
0.0449147131268657 -0.0637455361405382 -0.0839171173428224 0.0317188134286167
-0.000650731055986892 -0.0748518912568356 -0.0336339377095334 0.0541183357293632
-0.0374218841211168 -0.0553042738605846 -0.00481462253438426 0.0389684334635476
-0.0443424331012369 -0.0497622475587403 0.0171405623967858 0.0195277549004343
-0.0446117100500048 -0.0523997623317605 0.0319988735981587 -0.00019285162287066
-0.0220656417963641 -0.0839880261442591 0.0541680685146217 -0.00881655016014592
0.0348084110793004 -0.0918527284532302 0.0713710810825745 0.00644309106110605
0.085785264561611 -0.0616066193123882 0.0731472483710088 0.0540821641147389
0.116155984866203 0.0399828884267235 0.0188076748835354 0.0917260640377179
0.0547947932259673 0.127886242236851 -0.0462418335497475 0.0749301602516815
-0.0209960635438323 0.14514733912082 -0.0337399179038153 0.0322409162884339
-0.0569447455101708 0.111545817753449 0.00706759690754394 -0.0148354035795804
0.0102289963388981 0.127610249525713 0.0717873554216078 -0.0582490874394804
0.0751957340765606 0.0792505676802048 0.0163934643880766 -0.104126335251682
0.0943173953916734 -0.0159371780256482 -0.0637616777227503 -0.0768799812823355
0.055985119638253 -0.0698274707615167 -0.0701542281081542 -0.0014573948940422
0.00296320555184674 -0.083633008781848 -0.0407535867337037 0.0200260148854978
-0.0400003239989317 -0.062151936777382 -0.0232509425976163 0.0121479742481929
-0.0486844202043328 -0.052433415536447 -0.00138183108727871 -0.000928229678902046
-0.047403765595768 -0.0510492688128226 0.0129265263228051 -0.0217475734634686
-0.0260912896931741 -0.0817814285168397 0.0411306012289963 -0.0362557872542334
0.0276379909955715 -0.0928959956345018 0.0700892861372748 -0.025140328776187
0.0800768144158344 -0.0683986615728081 0.0872057099230102 0.0301298013940695
0.116527868550213 0.0334160766767076 0.037880028749408 0.074151782198964
0.053322200839498 0.122869747320549 -0.0351691835800647 0.0573114785574821
-0.0232009663927685 0.139239789040042 -0.0191162328967137 -0.00985055929052658
-0.0629157231694583 0.0921197020434439 0.0340330089138521 -0.0616172829567549
-0.00880242161561543 0.121730138559839 0.0822562428462463 -0.0788194567891975
0.0612026841666389 0.0876729918951549 0.0402069979510668 -0.104703346828918
0.0918495842526507 -0.00326089962847536 -0.0305172076939753 -0.0864336042147732
0.0562759543054951 -0.0615299103897017 -0.048741446785996 -0.0324336575993269
0.00621994449114334 -0.0765713218809502 -0.0436187839947692 -0.015412725060736
-0.0361759836917792 -0.0581075266600851 -0.0394262509394002 -0.0144796624613749
-0.0450631167192964 -0.0462504390018851 -0.0195399998461092 -0.0205472326199281
-0.0430026668562151 -0.0438990821347948 -0.00528721400625031 -0.0406861136437914
-0.0240203625405785 -0.0696720743094753 0.0261594219334618 -0.0575905201488744
0.0218588325396006 -0.0806237909850044 0.0652524427935932 -0.0487402109468913
0.0689724877567214 -0.0599001627689924 0.0918770948094746 0.0102266836530987
0.100129230099653 0.0314988758394349 0.0481086661519154 0.0581654823054892
0.0385881796956591 0.106997113348437 -0.0269663062256064 0.0407053792420459
-0.0283656018045146 0.114563105314223 -0.00500265183805846 -0.0446401647709211
-0.0550669681711018 0.0563124791662572 0.0574746741709099 -0.100614307977169
-0.0220033239034903 0.088494183299742 0.0887107700641075 -0.0947297495948672
0.036409571620145 0.0720900452356733 0.0567439578320914 -0.101640641004008
0.0674234727674504 0.00447593436044617 -0.00308544661561533 -0.0865963895403392
0.0424856281712767 -0.0427610890749147 -0.0288630013775156 -0.0558759307608048
0.00624647034526521 -0.0549040057585059 -0.0450815214295137 -0.0436674347211763
-0.0263650846513286 -0.0428150539594802 -0.0513442766807958 -0.0361750127866838
-0.0346505985647855 -0.0340232044534135 -0.0344674257295249 -0.0360599728857495
-0.0323857337424728 -0.032655302820473 -0.019428557269917 -0.0553619500024437
-0.0179002835610008 -0.0517069378658516 0.0151447161575713 -0.0729061560166687
0.0163761043292139 -0.0602224111413056 0.0616569182222416 -0.0648213169247636
0.0557127253185002 -0.0429564241484444 0.0929938264226375 -0.00185074318631233
0.0739842860124615 0.0316782079005091 0.0529262704416694 0.046254409066107
0.0159183416416437 0.083404433258814 -0.0200208488958388 0.0281998177375972
-0.0345516429829508 0.076895139137207 0.00938867609903953 -0.0687175691829844
-0.0352427805475351 0.0105559740565725 0.0705235732898116 -0.124740747556527
-0.0253200433320671 0.0365768113852019 0.0873453426692434 -0.104205573192206
0.0103602198188646 0.0370001990627925 0.0611231981801436 -0.100397058642641
0.0290731725280463 0.00511940294935062 0.00968733426315768 -0.0853131950630079
0.0181188082620568 -0.0177869890333028 -0.0201031283457767 -0.0678810108948016
0.0040184387258471 -0.0229646943093663 -0.0483514839612089 -0.0581405288981497
-0.0124786494811528 -0.0200782684906936 -0.0587128111453271 -0.0474539769983981
-0.0180494333725812 -0.0165888520389061 -0.0432839757227313 -0.0453778993190455
-0.0174281203457981 -0.0174155296666359 -0.0277555511803342 -0.0648526315075012
-0.0107836380835467 -0.0295903280749074 0.00949993806259261 -0.082779804119082
0.00950513236806352 -0.0356781953230022 0.0618241715519314 -0.074784773572648
0.0380999242476968 -0.0236662500123369 0.0941845062672177 -0.00705745233493285
0.0434506793894231 0.0295774412162149 0.0544158320156747 0.0420556364566638
-0.00621345545938042 0.0520556382551939 -0.0143274006477459 0.0224388810323974
-0.0356322403645925 0.0309713988823082 0.0234404764736107 -0.07939965203269
0.0220686675292817 0.014715895473337 -0.0223581812108915 0.101018882181872
0.00837740499254984 -0.0175645466087982 0.0440143738720541 -0.00969381117862645
-0.0112002699714332 -0.0122158912290279 -0.0488826786436783 -0.0599885100741613
-0.00919444053202504 0.00779237227464502 -0.110017782592099 -0.000140885248127967
0.00454169755425237 0.00651833372117213 -0.080320368390228 0.0853826619298187
0.00411895517926182 -0.00100580136661502 -0.00616412567794675 0.103166883230395
0.00254892765872137 -0.00134120182914525 0.0373854493595335 0.0776719238570573
-0.00175774320727111 -0.00673902646885965 0.0538110139929608 0.0540638126570756
-0.00505167804305399 -0.00568505967250088 0.0649433157631329 0.0467536250666972
-0.00332497425221078 -0.0112471449369314 0.0591151030088038 0.0596832893773246
0.00813662678074726 -0.0116904734155687 0.03377931851619 0.0769349805435189
0.0123856998830186 -0.00537961539676235 -0.00413006369034323 0.0878916554916973
0.0211971373519044 0.00364975611760475 -0.0583351509104068 0.105087714102532
0.0227456272570442 0.0178543871072443 -0.0969786636434389 0.110110272945699
0.00747546597842862 0.0394033500057433 -0.0803482755558389 0.133591653984035
0.00660887326354316 0.0565991341968631 -0.0283440180399392 0.0937321346372372
0.0240166382456652 0.0220862363233305 0.0471655090124582 -0.0125912889042684
0.0199275697217358 0.00112012584103572 -0.0431628633629293 -0.0679138418579831
0.015835604398758 -0.00961520044961097 -0.113142281442214 -0.0122838054953191
0.0151705596629166 -0.0210319212084406 -0.0853332234611791 0.0786406897809252
-0.00153163401759237 -0.0285396810335495 -0.013113355994305 0.0975675845694779
-0.0151844871113817 -0.0211944534399895 0.0292339216708808 0.0741200194578995
-0.0204933042953779 -0.0255159482529186 0.0480475195928527 0.0489837110977302
-0.0223286032250443 -0.0289805632522485 0.0617921198859715 0.037207027501712
-0.00804165445931271 -0.0484542726651524 0.0645589880006866 0.0447288858702524
0.0295520431761639 -0.0473546441265948 0.0503457322108905 0.0655246762755755
0.0542124425658092 -0.0197916963165284 0.0191164148499363 0.0869077648636787
0.0612184991409175 0.0351218336736756 -0.0380293178363187 0.107966292216126
0.0300219399253679 0.0775054888690644 -0.0803839857539539 0.104376466944865
-0.010522050502886 0.0935138512555773 -0.0671963447955922 0.112027327797385
-0.0144065986925658 0.0921397284937855 -0.0259459045881062 0.0692269380927818
0.0322029202299418 0.0663120488512787 0.0529760987196906 -0.0222909957877026
0.0504573906536181 0.0239083238155525 -0.0302169354122841 -0.0821525358040767
0.0466047019548662 -0.0227861004040166 -0.109814372795365 -0.0325540581430239
0.0283968924358488 -0.0468873739705227 -0.0891787501535591 0.0619611960913228
-0.00390665649382268 -0.0552572743036952 -0.0237355680159548 0.082690047118842
-0.0295916869300558 -0.0401269084698072 0.0141456763962692 0.0615126855306713
-0.0362561527719816 -0.0410124302043392 0.0354644922373034 0.0372146623162339
-0.0375454160623754 -0.0450389646281974 0.0506139693166261 0.0198877679291198
-0.0169397572909523 -0.0741530686711132 0.0645237664075312 0.0191418761891954
0.036386379947843 -0.0779029683701006 0.0664337361843347 0.0395079004059653
0.0802040358306442 -0.0438025321760112 0.0499071972406904 0.0758216282714316
0.0985491063484045 0.044038579555392 -0.00842773170294916 0.106054447938104
0.0464386628729644 0.116512570183231 -0.0617916375840306 0.0939129971571284
-0.0184665323525359 0.132357150666089 -0.0504870229438285 0.0774495250939719
-0.0382645587923141 0.114135290806667 -0.0133998179413955 0.0312753537667701
0.0286908778748976 0.107497056139662 0.0625373947343409 -0.0400011944988114
0.0735337527742183 0.0533033538371806 -0.00944270365875697 -0.0967946611960013
0.0770415504950286 -0.0263003045855207 -0.0947943822949745 -0.057000876722191
0.0440083269849433 -0.0666700087290865 -0.085252400473635 0.0342346175167337
-0.00315567961494319 -0.0766415248567966 -0.0336930559883099 0.0562307335351619
-0.039712017740802 -0.0551284386544432 -0.00439124412448377 0.0408660486463088
-0.0469572680380566 -0.0498780926719025 0.018129142395576 0.0192261653379592
-0.0474429624390307 -0.0517476468900165 0.0333158363750288 -0.00123429396483706
-0.0258055623663293 -0.0857014445614703 0.0552396461985047 -0.0115554206371113
0.0323811208080751 -0.095140618886756 0.0741588399352996 0.00507700101749765
0.0863634045720513 -0.0652293228781511 0.0761662990257169 0.0535605074096827
0.120593538161681 0.038358380459711 0.0200264078040533 0.094159193947876
0.059401759111986 0.130196897445017 -0.0461280850646858 0.0770966490855064
-0.0201689961571925 0.149534579555896 -0.0339211102570339 0.0343536139295508
-0.0566938305503303 0.116365075005949 0.00745497014071999 -0.0161185798634376
0.0134319025454804 0.130726942020889 0.0732237227465635 -0.0617667001960508
0.0792803289872378 0.0799583021154178 0.0164042986765288 -0.10688233698996
0.0963590408257138 -0.0181769294678035 -0.0667427428418475 -0.0777158607745775
0.0551466434419371 -0.0735603789801435 -0.0720596646674559 -0.000563494624351223
0.000743675395506694 -0.085739623663062 -0.0416133329830764 0.0214539837976666
-0.0431179693601461 -0.0620366496080993 -0.023798489943316 0.0144903979025973
-0.0515105824188285 -0.0516844058654749 -0.00168021591577453 -0.000958883004793352
-0.0497497838248834 -0.0512604996348622 0.0133340499872316 -0.0227919280701135
-0.0292597911326757 -0.0831387363679806 0.0407717971271504 -0.0392272862182299
0.0253832609147801 -0.0963622663441725 0.0722605746014152 -0.0272697894790679
0.0800426427679647 -0.0718398091223581 0.0903824340558008 0.0288547309563491
0.120307870452314 0.0312103082509265 0.0400624788630453 0.0753842210973426
0.05828238813912 0.124899332942266 -0.0349432246401161 0.0592535572685485
-0.0220344523210508 0.143496428719737 -0.0194940529506959 -0.00871804886221518
-0.0636260506585449 0.0964357683795594 0.0337339575162522 -0.0646334476672318
-0.00605480082777197 0.125357947276997 0.082950031184038 -0.0827773370386293
0.0651776263284914 0.0888959473552306 0.040750721344371 -0.108412808346773
0.0942687057319173 -0.00595073466658199 -0.0320776451337055 -0.0884248607207653
0.0560984084380247 -0.0649924005541434 -0.0503664058997582 -0.0335757982837015
0.00410980852364401 -0.0791556174689805 -0.0456054931715417 -0.0148094640306809
-0.038901665484608 -0.058005511540093 -0.0412087523363035 -0.0127461684257501
-0.0478287692526554 -0.0458008301856985 -0.0212028476675982 -0.0206028052032242
-0.0448596921186373 -0.0435055701785224 -0.00617109456552045 -0.0418170109508357
-0.0265286975322502 -0.070786431677821 0.0253483210068572 -0.0603745070569106
0.0202962213360184 -0.0834259209251014 0.0659051633488274 -0.0519425961546645
0.0692222199840745 -0.0630765713026058 0.0941453809277327 0.0077791404053557
0.103507869418032 0.0289603777647668 0.0499540332805755 0.0585631892377519
0.0419620533815776 0.109334272977069 -0.0273535759985374 0.0422605052017093
-0.0276935689273428 0.117961782562443 -0.0060565752671993 -0.0449557753128683
-0.0552429310977749 0.0598549177374383 0.0573236186194387 -0.104588845988155
-0.0201508532769386 0.0911770275717914 0.0893721518631414 -0.0991266046307737
0.0396654676410124 0.07268637811706 0.0571143118157828 -0.105266851443825
0.0692831781181562 0.0028558332554204 -0.00405874270378803 -0.0896017862978136
0.0423050486832822 -0.0450401738871299 -0.0304055981276653 -0.0572413104151508
0.00489990056981018 -0.056625626058676 -0.0482374435280934 -0.0437678980266764
-0.0283539986959397 -0.0430641104764755 -0.0541547257795864 -0.033807188574997
-0.0362346507276739 -0.0333971513840514 -0.0364827488900025 -0.0355396997787463
-0.0337676295149939 -0.0319726314192879 -0.0211616582321841 -0.056487931811976
-0.0198952781450367 -0.0522236721705222 0.0132381278283647 -0.0756862647445655
0.0152663888882262 -0.0625019927374958 0.0620950890858734 -0.0678916858448064
0.0557151774826543 -0.0451212203816984 0.0955073849973159 -0.00465692097167647
0.076701879856103 0.0302727366393419 0.0542542840481235 0.0465759282003498
0.0182747594684342 0.0853824850055383 -0.0199918059911756 0.0293713022488494
-0.0337407796723042 0.0794377118775699 0.00763206151727836 -0.0696500390642151
-0.0362310527555655 0.0119331864643764 0.0711836458025147 -0.130027318567892
-0.0251879382828644 0.0381407084061872 0.0876030430962675 -0.108166352485577
0.0117917762354762 0.0372093633705158 0.0618517824760266 -0.103677213592652
0.0301092151388786 0.00422522465630461 0.00931362120498914 -0.0879844325145486
0.0178702644024573 -0.0187543675942132 -0.0217134243420971 -0.0701162037382961
0.00355045375364566 -0.0238622727325635 -0.0515661586684597 -0.0584326028789192
-0.0130426434468214 -0.0200716649488646 -0.0616928549939485 -0.0460383534789588
-0.0188482260854499 -0.0161790981487682 -0.0459504906159695 -0.0445651233809337
-0.0181395068428372 -0.0170608316343725 -0.0299693035807922 -0.0661357342643381
-0.0118455043286018 -0.0298695590541344 0.00754802729666572 -0.0851720260301248
0.00843936632431068 -0.0366964569967709 0.0616371978488523 -0.0777941100890462
0.0383381542588735 -0.0246955653891484 0.0965554088569001 -0.00971023586467466
0.0452473848094938 0.0294495465361379 0.0564111493099313 0.0420196993114282
-0.00545326169164951 0.0535921171044348 -0.0143854949024774 0.0233956288284899
-0.0358904218007395 0.0321828241404027 0.0221308602796682 -0.0813791055095923
0.022856040147481 0.0136621973855891 -0.0176398544455601 0.103254946331049
0.00738704578749325 -0.0178526644865734 0.0453644227186913 -0.0133810003384023
-0.0119135269026302 -0.0114917061770037 -0.0514331705066084 -0.058914507012371
-0.00899350424444692 0.00875848745888014 -0.111600471734865 0.00491567131162364
0.00491107157794892 0.00643149844976292 -0.0775271313255063 0.0908242227690647
0.00407057899851596 -0.000981657258617864 -0.0010219290304257 0.104687221510804
0.00282743414923257 -0.00159567658901938 0.0419347303482866 0.0760107689505604
-0.00258967947105759 -0.00614310498712271 0.0569252296074569 0.0521327393881487
-0.00527270323793619 -0.00573429011204708 0.0682663130499783 0.0432994891471216
-0.00428430178221662 -0.0115519673998836 0.0632074993139928 0.0574975215059212
0.00834469815938776 -0.0121564410523331 0.0385339751252481 0.0768156890570904
0.0122965456916967 -0.00621350778722794 -0.00155611230888078 0.08927509447735
0.0219301391900678 0.00283327010573843 -0.0553282726202741 0.109013319925998
0.0229339332122532 0.0171779300870643 -0.0928506879321358 0.114683774743637
0.0086864532319802 0.0402359562339899 -0.0762488187370798 0.13778405378809
0.00902946251841188 0.0569570612592612 -0.0236737955496327 0.0960522135545027
0.0250514290941623 0.0210364955899774 0.0475924102650098 -0.0157296203285169
0.0202839398907697 0.000775410371389515 -0.0456906276982366 -0.0673311261980033
0.015361463021161 -0.0103608720918718 -0.115035160551398 -0.0069339542460984
0.0139932666161625 -0.0216815630369848 -0.0827654629814224 0.0839935292743071
-0.00307348279108832 -0.0288149385612776 -0.00857562922631267 0.0993875221940834
-0.0163125346085097 -0.020613619565332 0.0334510029639216 0.0727135230351371
-0.0228881807113196 -0.024898804021043 0.0512074628330561 0.0468232391088649
-0.0242318381433873 -0.0277940790280476 0.0643649152143487 0.033099773280056
-0.010996231743437 -0.0488815935346696 0.0675959656048214 0.0412400770600988
0.0273760919150123 -0.0495560342038235 0.0543431434674226 0.0640641748101832
0.0538490094817501 -0.0221604520704508 0.0225217063325541 0.0870241227214754
0.0638451274245236 0.0328085514403186 -0.0346994809811956 0.111462543479822
0.0335173129021913 0.0774272663778746 -0.076687761280973 0.108341900965925
-0.00803887532611885 0.0956081855583311 -0.0635059667670322 0.116000657040814
-0.0113026367377678 0.0945641353231824 -0.0227912089866363 0.0711687700019349
0.0355597003503836 0.0659427886657389 0.0533293734968568 -0.0263076207564088
0.0519907573711311 0.0224974282996705 -0.0325640665657357 -0.0816479698496942
0.0453798005784816 -0.0246736310291949 -0.112525766827255 -0.0281610308755585
0.0264386306433051 -0.0489106644371494 -0.0871503038917951 0.0666940108523067
-0.0071803392712815 -0.0555751139465946 -0.0201775646098501 0.0842129860501737
-0.0320442257164362 -0.0389414636026783 0.017725389249779 0.0614406601526912
-0.0391219836750381 -0.0389122067136845 0.0377204198350601 0.0350909475790928
-0.0401333371558627 -0.0432084496594445 0.0525445140316254 0.0165031328698232
-0.0211359800093545 -0.0742064308061696 0.0660477482790601 0.0150537954364166
0.0326696285530152 -0.0803483381373114 0.0697576043767125 0.0369241888248999
0.0783024634555443 -0.0477018138193384 0.0533568202824497 0.0741363392237835
0.10218343746722 0.0400568443862126 -0.00502535374079041 0.10803268159687
0.0524840591564124 0.115792849383512 -0.0585321865840458 0.0969037714887459
-0.0141876207341426 0.135526707523786 -0.0473865306024508 0.0804977700881215
-0.0345315824438702 0.117876660553304 -0.0122738365146972 0.0321585181278831
0.0341142131455518 0.107286960554532 0.0622100130970312 -0.0436581607940649
0.0769696088899673 0.0513700277737447 -0.0119584870761283 -0.0976853747612903
0.0766154667201418 -0.0302272729151328 -0.0981419337071963 -0.0535431623341163
0.0406043083019035 -0.0697353914973618 -0.084650550011034 0.0381720509124174
-0.0073300301868071 -0.0776145242317498 -0.0318928431230267 0.0584438547155767
-0.0431844117358936 -0.0531644705928973 -0.00233017388950524 0.0419537326768219
-0.0503590925364286 -0.04752905216908 0.0194915964097556 0.0180643295490439
-0.0502525150499523 -0.0496488420833483 0.0344485738635238 -0.00382405814689112
-0.0307316401675416 -0.0853418113602515 0.0556202964381616 -0.0153233000136422
0.0277408416925882 -0.098302453484587 0.0761847164790778 0.00189518595991814
0.083914321860557 -0.0700761001866754 0.0791481931976721 0.05035154573928
0.124205248747519 0.0328540598949272 0.0237959665343765 0.0944371287832534
0.0663882143171729 0.129147080902392 -0.0434518742869142 0.0799910687823726
-0.0150648614830497 0.152514871393647 -0.0322162513554619 0.0365443453933037
-0.0532445856489548 0.12137544398387 0.00737211488182445 -0.0169153203655177
0.0201185981675219 0.131567760868457 0.0716064121090382 -0.0659323376383539
0.0837193938213318 0.0780581226771515 0.0138781910462338 -0.108532133762776
0.0967471781207142 -0.0230915161355492 -0.0701884826450662 -0.0764739505081759
0.0520921579437563 -0.0773550963618712 -0.0728544417319658 0.00143040583355028
-0.00431750353138243 -0.0871028005964492 -0.0417379078706848 0.023563224950877
-0.0462219140397079 -0.060161379109547 -0.0234790431314066 0.0166006568502076
-0.0544227702307587 -0.0492422230569449 -0.00192805950518066 -0.00112101341246596
-0.0525724622661117 -0.0482508317002058 0.0126818479094589 -0.0244429220079453
-0.0339126375284822 -0.0827058840388352 0.0392028159638064 -0.0421827918014261
0.0208058308934161 -0.0988331623773679 0.0721333070590745 -0.0308376396753618
0.0770684462733444 -0.0756638733258249 0.0922668475620602 0.0241492334614096
0.123115001046197 0.0252342740106896 0.0433666437695536 0.0750109693115884
0.0652022147463227 0.124235380174312 -0.0333754364965005 0.0614959465284469
-0.0175020654960924 0.146270155673223 -0.0200642935922777 -0.00754757020313605
-0.0601616957021409 0.101271149056429 0.0321536719591293 -0.0673710322547439
0.000146283448974049 0.126878865743219 0.0804231276282277 -0.0879188912627338
0.0696917836158576 0.0868508271359192 0.0378041125002672 -0.111241384878037
0.094998136789711 -0.0105082597877823 -0.0356438033386678 -0.0884834835292807
0.0533211915605707 -0.0690740758664009 -0.051681229910516 -0.0333053339562534
-0.000223637469381047 -0.0806749526943384 -0.0477671665385723 -0.0124989222677869
-0.0423205152164423 -0.0558973353367949 -0.0421768225354559 -0.00924835480746859
-0.050528522989223 -0.0435007725144518 -0.0225232219872786 -0.0196361069253413
-0.0471307431217661 -0.0415895933231385 -0.00824577312326021 -0.0420519795451951
-0.0303251590510303 -0.0700318554775963 0.022264539965175 -0.0628245037073869
0.015532652076767 -0.0848282542870751 0.0648477892065905 -0.0551731496479528
0.0658926931901069 -0.0665983612698122 0.0964834613191104 0.00296840707732001
0.105362873417151 0.0244269501148221 0.052265790547947 0.0568361451386929
0.0474858566986341 0.108401936112045 -0.0263553965250835 0.0433763728984379
-0.023664358281555 0.120690046710713 -0.0084099151635319 -0.0446513845173603
-0.0538851476211251 0.0633051457460552 0.0539821222384067 -0.108287200706407
-0.0162612871806337 0.0929849837232832 0.0861163292726005 -0.10347682125642
0.0434860008907808 0.0713878690346719 0.054423886019757 -0.108883184916643
0.0703889582030573 -0.000783210226429061 -0.0064860271238062 -0.0906578853933717
0.0404150219570366 -0.0481758304393356 -0.033089074764056 -0.0581620265223516
0.00195986746629725 -0.0582953744469499 -0.0514716970061607 -0.0415997592174752
-0.0307991751997666 -0.0418258206549802 -0.0567045050684484 -0.0308662116672136
-0.038250998645236 -0.0313808410260651 -0.0386055967694714 -0.033963524148145
-0.03542217937505 -0.0305365673227572 -0.0236585766567023 -0.0564531670669151
-0.0227104687376692 -0.0518898245072122 0.00985622303284997 -0.0776899841996008
0.0125783000079943 -0.0634167379795356 0.0597759667766176 -0.0715512132682876
0.0538197610291522 -0.0479509736222328 0.0961636041026989 -0.0092474058655889
0.0785232207768986 0.0271484857531515 0.0561332615124008 0.0443091972672002
0.022128277515439 0.0855405810789238 -0.0197602482224252 0.0309391492629273
-0.0311688477121613 0.0815750160151464 0.00477889928310043 -0.0695974423710175
-0.0355728669458524 0.0139744582387977 0.066511822924147 -0.134893418905489
-0.0234594416376444 0.039198947365363 0.0834056385038146 -0.112447009116763
0.0138926104317389 0.03656770461385 0.0584530694149092 -0.107935948399792
0.0304465747555643 0.00272803498962219 0.00735564849075334 -0.0898028178225826
0.0166375830306623 -0.0204452631186788 -0.0248595761976552 -0.0714523699704309
0.00230475638088252 -0.0248130183081943 -0.0554202816340247 -0.0563112431456665
-0.014031839456318 -0.0191281195423016 -0.0647835917190645 -0.0420917316957425
-0.019945964598755 -0.0150490860896549 -0.0486040843567922 -0.0430649543932209
-0.0188738480928269 -0.0163340018021146 -0.0337149864729424 -0.0649692879922794
-0.0130656365894416 -0.0295865383505789 0.00354802241188631 -0.0863944562753606
0.00751325032076886 -0.0372801126401097 0.0589870817208651 -0.0812145318341364
0.0372846552421551 -0.0264060012911513 0.0970544804237988 -0.0144567377924841
0.0463294589734349 0.0273759630735856 0.0578754156218226 0.0400440113613284
-0.00314058548304559 0.0549827002394979 -0.0142061508856016 0.0249515093748418
-0.0348265332296548 0.0341973938243601 0.0182648366528881 -0.0817402590599385
0.0231370260986013 0.0127566965615438 -0.0110828364501244 0.102358584918152
0.00609501797546979 -0.0179913491482123 0.0447178300117772 -0.0162035770974841
-0.0121591676415476 -0.0107079358211645 -0.0534002923510962 -0.0560993645664674
-0.00835418458817612 0.00867322292439242 -0.109301865517331 0.00987250109856379
0.00495114428765121 0.00644487994426023 -0.0719301131659979 0.0945013022857942
0.0037708413091598 -0.00157122832224677 0.0044831374600728 0.103001575667502
0.00220370278139341 -0.00190871710640298 0.0450945574137084 0.0721730777019725
-0.00309395893140738 -0.00591563609018564 0.0592408756760639 0.0479490309496895
-0.00602629563572206 -0.0053946590908026 0.0700343589940566 0.0387539134828137
-0.00485282090658216 -0.0114561634378406 0.0666009817732458 0.053375920639534
0.00711288988996841 -0.0129530110861926 0.0413595286516156 0.0745993646703027
0.0121561461293098 -0.006605100914908 0.000921691174806298 0.0886706771213561
0.0217080877936364 0.0011752194516897 -0.0503326513704451 0.11136847746498
0.0230356986418914 0.0161487719335844 -0.0873211836720367 0.116606271471531
0.0101217476916806 0.0403606729983138 -0.0702343934343198 0.139566125618081
0.0117341787914823 0.0565485268591437 -0.0182073673682394 0.0954614817469128
0.0260019434381559 0.019688857055652 0.0469099608631982 -0.0190638554614894
0.0199549760415479 -0.000233191275193937 -0.047387763212208 -0.0649863135968067
0.0145580807826797 -0.0109700709988638 -0.114189041181898 -0.00169230153011118
0.0124469272510177 -0.0221926220333813 -0.077859289641913 0.0871226094429994
-0.00459647635310761 -0.0278218522348744 -0.00376666253825915 0.0984999514841686
-0.0169281523481612 -0.0193426804109426 0.0365151244453894 0.0699041522544453
-0.0235564618322292 -0.0226801726608799 0.0530471704072793 0.043048618401826
-0.0258199441495923 -0.0260857307226557 0.065745972404627 0.0288116797694315
-0.013914419084228 -0.0476160724517632 0.069788856156172 0.0372387662631184
0.0245095197552604 -0.0507967290923064 0.0579129295095421 0.0612417184024266
0.0522750578999825 -0.0244783033211137 0.0252275565495545 0.0848445251893205
0.0650002025641784 0.0294339016106994 -0.0300973306647888 0.11229187885499
0.0364164428635113 0.074778171105295 -0.0708913024440707 0.109505660085957
-0.00405780341506424 0.0956602692624192 -0.0577396990382659 0.11725248784743
-0.00719095725782819 0.0948701310487249 -0.0186240036043515 0.0711095430317008
0.0383412921924747 0.0633075907662568 0.0524840592489898 -0.0296764874851353
0.0527875601285973 0.0198279897082441 -0.0347873448135757 -0.0797114797017242
0.0436977098246656 -0.0264080099746186 -0.112267804161524 -0.0220924547527197
0.0232133426350159 -0.049881627957981 -0.0834511759986868 0.0702126182632818
-0.0104488887248689 -0.0546910659476791 -0.0161170150979617 0.0846320561549405
-0.033964130925298 -0.0364451663255257 0.0206922131334076 0.0601855752299551
-0.0410839521795672 -0.036073103350765 0.0392811991772169 0.032500391393903
-0.0416830169871693 -0.0404556732774067 0.0533841547801088 0.0125593553463302
-0.0254304695479598 -0.0725902873985105 0.0663698783962854 0.0107981526726301
0.0280931656491031 -0.081664673092919 0.0720298929128672 0.0334431643174622
0.0748618205317104 -0.0510055396630879 0.0559946437550647 0.0705724217732522
0.102965158969065 0.0345346557340945 -0.000730789587173384 0.107352979751995
0.0572998756408194 0.112112568523738 -0.0538544157000865 0.0981860622715999
-0.00931531532461496 0.135431439647232 -0.0433567949844633 0.0816397247426555
-0.0288254890761685 0.119042756746584 -0.0100280486167307 0.0321951791708246
0.0389013779670751 0.104296837761811 0.0600625796217588 -0.0468337821357455
0.0787613247571341 0.0472144932985473 -0.0142577684867606 -0.096247580036753
0.0742325642317789 -0.0333260888168649 -0.0991736674425844 -0.0483071305630371
0.0363567562495223 -0.0713478657553088 -0.0819356907254444 0.0414087874659464
-0.0121698836174074 -0.0763057928195139 -0.0293314204269827 0.0595722077634965
-0.0451019663137893 -0.0500266897176288 -6.30832433059079E-05 0.0419679384603163
-0.0525634189125042 -0.0440125976330847 0.0195791753498976 0.0164466001615281
-0.051851064691076 -0.0461130236365431 0.034067862521557 -0.00708150132585697
-0.0350739781047208 -0.0826294601524648 0.0541204288158282 -0.0184164369420058
0.0222149133593323 -0.0990228675070911 0.0763404147870436 -0.00245187589469908
0.0788294538828816 -0.0728502173011271 0.0805777049252727 0.0454975172746363
0.124176473288777 0.0264117841587835 0.0269003167116907 0.0928802510769457
0.0719193277658609 0.124744967328001 -0.0398293017670963 0.0805717721913836
-0.00937482311784974 0.152139751612903 -0.0302475319440368 0.0379212415092227
-0.0474506131772229 0.12283638666959 0.00657624160822723 -0.0173535294325209
0.02649561840497 0.128920132727574 0.0681370395283213 -0.0686332413577755
0.087257858432716 0.0728740302744229 0.0108563849831819 -0.108258032905373
0.0942003130953602 -0.0275953918658227 -0.0723747339234054 -0.0722112173608759
0.0469912218341601 -0.0794614154696214 -0.0712039930555614 0.00437984269779879
-0.00924468572237083 -0.0862206261864866 -0.0410233154367871 0.0254077767404999
-0.0485291542075863 -0.0564934914641681 -0.0216444720709421 0.0185584088571091
-0.0567485455448944 -0.0452082311624313 -0.00193368818692506 -0.0013066781703947
-0.0541290439532466 -0.0443640459385682 0.011592617598203 -0.0254141286732873
-0.0381610324193092 -0.0794307481963546 0.0364268296232069 -0.0442323964033706
0.0148188477342774 -0.0988749000129275 0.0709927306481305 -0.0339944895604724
0.0717934001351452 -0.0786258154077135 0.0925201880382268 0.0186532421814547
0.12301136251995 0.0186780276194386 0.0446823442228178 0.0718922551943005
0.0701958780502008 0.120467398242977 -0.0308011231358361 0.0616162891659448
-0.0115770079212975 0.145797512264359 -0.0201229263956888 -0.00588762215822827
-0.0554024912905266 0.10380342516342 0.0287136244913234 -0.0685497679653748
0.00616299692310438 0.12562026127233 0.0755318640075557 -0.0897604011546871
0.0733417463820851 0.0827406770102832 0.0337890904073126 -0.111881795054869
0.0932687994125503 -0.0153404228395024 -0.0385579566888199 -0.0858885607403203
0.0482712414248514 -0.0706630004991773 -0.052978930036531 -0.0313296360430023
-0.00474608127663945 -0.0799625702714414 -0.0484567644980028 -0.00986813528991457
-0.0440667352382179 -0.0530557663464726 -0.0422168760452122 -0.00587058348118099
-0.0521182340815173 -0.039925857645519 -0.0232553001149527 -0.0182330237141675
-0.048406600350332 -0.0380086150915329 -0.00964700008941645 -0.0414747714339966
-0.0333524562720557 -0.0677227324694218 0.0186971137529545 -0.0636498432374283
0.0111237299715686 -0.0851833767452161 0.061892653736658 -0.0578061919232153
0.0618392146093801 -0.068634701161734 0.0948319172102646 -0.00202857519712243
0.10530425047179 0.0186176921675801 0.0534777780167708 0.0536936826831366
0.0522524993456267 0.104818198579303 -0.0243787131481067 0.0442190443823288
-0.0186839973293461 0.121160414871331 -0.00994204265647951 -0.0427530359138779
-0.0504661838094302 0.0657035134653343 0.0485981454755004 -0.110292213756058
-0.0111222188885842 0.0926266620054791 0.0805664891522384 -0.105783901652838
0.0461119843582499 0.0685803480166264 0.0496746529173655 -0.110059128319598
0.0689218410951698 -0.00428028858815328 -0.00968307463367035 -0.0897390101976754
0.0368443212520754 -0.0494827918044664 -0.0349362529875221 -0.0571291203783655
-0.0014930279165715 -0.0574189801734996 -0.0535774784377166 -0.0382427713083283
-0.0320358291198366 -0.0393214592143751 -0.0575493431551664 -0.0265059101085684
-0.0393543410682364 -0.0289497609916928 -0.040052631808727 -0.0317123782585762
-0.0363355940123273 -0.0281503614299801 -0.0262976683559686 -0.0544476453241146
-0.0249556479042037 -0.0498277624317057 0.00584095134830612 -0.0768187102033955
0.00847350532077473 -0.0629685972537084 0.0560785644816895 -0.0734512947298479
0.0501470948395249 -0.0493730483861171 0.09454717785993 -0.0142488052234779
0.0785946958066106 0.022443421813102 0.056824171027683 0.0410849265556089
0.0258341496138439 0.0835159931526126 -0.0193563381552554 0.0314945829108984
-0.0272462844355091 0.0822592433210089 0.00196618014492827 -0.068524333979475
-0.0347621130286055 0.0156508898604775 0.0599330866989117 -0.136882722009646
-0.020969458387818 0.0400359683859665 0.0776301124442231 -0.11384659582442
0.0152810131243405 0.0349690894475374 0.0533126106702266 -0.109066881120987
0.0300665013990052 0.000788606947753589 0.00401883842330965 -0.0899234118600465
0.0150889479031142 -0.0204567677523572 -0.0273672480348045 -0.0705969913016047
0.000728935632084675 -0.0248441694014308 -0.0581337688004747 -0.0527155474889166
-0.0147113935706206 -0.0183112505628461 -0.0661600062921259 -0.0376031838499089
-0.0205303775148673 -0.014055451552641 -0.0500351885390454 -0.0397809566727536
-0.0194576240987977 -0.0156456196332746 -0.0364757267023464 -0.0627945841167504
-0.014549050996558 -0.0288446985077816 -0.000830725495723388 -0.0853719923666228
0.00536082838278872 -0.0371072865472909 0.0543264658414645 -0.0832052774474043
0.0352749801794448 -0.0276278666131286 0.0950964873798998 -0.0189276437585959
0.0468511388449975 0.0246907739122563 0.0584242283812907 0.0369085143955678
-0.000585005179888599 0.0546656492910361 -0.0130229079419745 0.0256004913512696
-0.0325785326251766 0.0352337966884973 0.0140951033601911 -0.0805612124549449
0.0228251584821491 0.011417983313261 -0.00711776055350583 0.0996151952682123
0.00532405316393829 -0.0171725607987117 0.043332023873957 -0.0189882358105826
-0.0123162770585181 -0.0103139785035349 -0.0530990201595403 -0.0536872547978387
-0.00767578819615717 0.00921395260920133 -0.10570837045345 0.0129442014714645
0.00522117637063499 0.00569029590508862 -0.0666304436228973 0.0947163928883672
0.00377230299749507 -0.00166959917834794 0.00785846261878125 0.100014252333072
0.00185237013378723 -0.00220586859199121 0.0460763071784468 0.0679208000560355
-0.00374661168787231 -0.00582799705271164 0.0591336084718537 0.0440514103174656
-0.00575880451288273 -0.00509722215790386 0.0694862549453261 0.0347274703279442
-0.00520672061615148 -0.0110330086732011 0.0674042172588001 0.0493357513703336
0.00636507702475925 -0.013022510224975 0.0433544346890996 0.0713588289678006
0.0118205238097004 -0.00680618454032492 0.00250154233894208 0.0868878543081619
0.0211349481030426 0.000467362780147473 -0.0458134511420965 0.11076049367045
0.0223184473399066 0.0155533566334953 -0.0820523074224443 0.115190501512304
0.0108902402903374 0.039835958477776 -0.0649320753390702 0.1374269907736
0.0128781067686883 0.0552954169275336 -0.0141816616615235 0.0931443830552062
0.0257650576838642 0.0185877987065932 0.0454023441355129 -0.021640288452818
0.0193500708772774 -0.000428258224055874 -0.0467040679302423 -0.0624839226079898
0.0141500126429541 -0.0109835459388059 -0.110427820389661 0.00205277137473097
0.0111583124647154 -0.022312799554497 -0.0727408053180739 0.0879656083217913
-0.00577081867558061 -0.0268783776126691 -0.000123468018651295 0.095820772926809
-0.0178703708660931 -0.0184943111566665 0.0380254164371307 0.0663703487398088
-0.0242210296634578 -0.0209915601165461 0.0534103983512088 0.0395624112785508
-0.0258345870806271 -0.0245835542323871 0.0649297320596347 0.0245225660811423
-0.015005928638732 -0.0458891076845619 0.0699793766117522 0.0333913416702041
0.0213838641353126 -0.0505199287672474 0.0588060690903056 0.058055408288212
0.0502676902255366 -0.0257779260877056 0.0261268106822758 0.0823680560159376
0.0639962735772359 0.0264190331518267 -0.0258426892643291 0.110927545554263
0.0376501291108399 0.0723828418866779 -0.0666964285509119 0.107395311075424
-0.00160667110432364 0.0945207741232549 -0.0530378548949594 0.115595396330216
-0.00437029078727793 0.0929910514793627 -0.0158256540100076 0.0691420247926174
0.0392374633521724 0.0603115831250064 0.0502237979719006 -0.0311980240162216
0.0519707636115092 0.0179641968786599 -0.0347575886228062 -0.0772871639445692
0.0414807927788151 -0.0267867646958454 -0.1097788094518 -0.0190074082748069
0.0204968222662343 -0.0495302925992894 -0.0783755421038487 0.0708599097198448
-0.0123562110692986 -0.0524522435863404 -0.0133122473576589 0.082971107396673
-0.0340352540743951 -0.0342437628812891 0.0228549243501311 0.0577276546085374
-0.0413497302372232 -0.0332206880579074 0.0391400347264509 0.029823711653746
-0.0416909134604193 -0.0371498041334089 0.0524115956142636 0.00922989505029301
-0.0273236898840843 -0.0698642231194409 0.065691883616192 0.00770279618810202
0.0238327302423402 -0.0811662361940913 0.0721529751941195 0.029822375904877
0.0710939175996381 -0.0519174120646319 0.055657529869972 0.0672265058556476
0.101615122551446 0.0301460249199158 0.00177748207813013 0.105459685395822
0.0597961260710833 0.107664266226926 -0.0500880211173886 0.095348120643093
-0.0051531499492728 0.133303894775885 -0.04006011908532 0.0809375288166835
-0.0246699220226295 0.118009045888625 -0.00891866209342528 0.0310040774374803
0.0416749030092721 0.100335132882181 0.0567559800187877 -0.0481944928825783
0.0785791018376702 0.043805762970788 -0.0157364090056781 -0.0942640923769922
0.0705267693033592 -0.0348645464358776 -0.0974363061373077 -0.0443269288210001
0.0323534052052119 -0.0707114773940715 -0.0782625139105541 0.042394628968733
-0.0150828004259213 -0.0738293368863649 -0.0266681378745646 0.0591532709711922
-0.0452125039735941 -0.0468462567650113 0.00202615010131068 0.0414941402967487
-0.0525558771025635 -0.0406099762607118 0.0197095023763372 0.0153220279276205
-0.0518773823060553 -0.0422763959214316 0.0328937952114598 -0.00872614695844748
-0.0375254229383643 -0.079229199560128 0.0521024089619312 -0.0207665589952541
0.0174767933635334 -0.0976944663349427 0.0747449779067666 -0.00496743418312534
0.0743360423895409 -0.0730649097739257 0.0793865437663144 0.0410715504052611
0.122097200617031 0.021415185896825 0.0280023865335419 0.0898004318960726
0.0746921793059063 0.11928446444758 -0.0369370393042953 0.0794574307584428
-0.00572172836000555 0.14962394763721 -0.0285980056434687 0.0378623356115377
-0.0424341198203334 0.121794158033032 0.00551519379417079 -0.0178779770153123
0.0303050377179014 0.124413898617143 0.0643824906541638 -0.0693802178107984
0.0872537292722166 0.0684313446748171 0.00870892236723987 -0.106484656462398
0.0909395013238294 -0.0299696736762472 -0.0725859239547769 -0.0684642769682552
0.0425967972183047 -0.0789523711079447 -0.0694083614697798 0.00598364046790581
-0.0130810710954142 -0.0838531150941181 -0.0391275631848363 0.0266242555239625
-0.0492454472944307 -0.0526877778099413 -0.020355208753578 0.0195493932542381
-0.0567476500473738 -0.0415523955948966 -0.00263284586921169 -0.00134397974121171
-0.0533528238068722 -0.0412449093375007 0.0103444407631539 -0.0263826881172093
-0.0398163706550394 -0.0765348010007214 0.0337494594774367 -0.0453553639611848
0.0103616082492385 -0.0969993456765626 0.0690487901125672 -0.0360450995086228
0.0671623801101221 -0.0788466157424577 0.0900486928763667 0.0147598466181461
0.120365336880164 0.0137869052199325 0.0449199010575433 0.0692750433059193
0.0720824175826755 0.115008174541401 -0.028924136530433 0.0608846661489638
-0.00764570767101698 0.143283707267606 -0.019590705157253 -0.00475750846898643
-0.0506653465358753 0.103465433000035 0.0255297474165197 -0.067389453583301
0.0105386811177472 0.121700178446996 0.070968962234151 -0.0890195360441222
0.074122279831997 0.0783037807766136 0.0313252385466097 -0.10998443582462
0.0901876847482903 -0.0181507851313926 -0.0393932456201531 -0.0831021989658245
0.0443683871414241 -0.070617768041683 -0.05221712644116 -0.0297476925522509
-0.00807233566571343 -0.0777378531447423 -0.0478730883215426 -0.00800600095276634
-0.0446675728969304 -0.0499004865590224 -0.0410709017462192 -0.00361562449288426
-0.052035068627415 -0.036504920140285 -0.0236230742271617 -0.0168415461749967
-0.0477347979157408 -0.0350452614575945 -0.0113777833170851 -0.0411671491144364
-0.0352270599549426 -0.0645878521350681 0.0153947553058379 -0.0630118320382814
0.00788324736877076 -0.0833118292363673 0.0590560435718856 -0.0589486866845531
0.0574976084389525 -0.0679735573260516 0.0920813594314425 -0.00557825832415245
0.103310728334501 0.0145840351242453 0.0527428893095908 0.0509156091395786
0.0545802107010172 0.100719386534307 -0.0235243206249905 0.0437390597536411
-0.0149981296703489 0.118625446208352 -0.01106230672715 -0.0406408768874947
-0.0467420455210782 0.0657830705008466 0.0445173736327767 -0.109122545665613
-0.00805366825654348 0.0902709953933737 0.075300848241262 -0.104225760278987
0.0474225788979974 0.0651342679015067 0.0465862717014844 -0.10915040778783
0.06682843425607 -0.00688070903739209 -0.0113150767513217 -0.0879751089494857
0.0336623495292725 -0.0495952509965688 -0.0356101957634847 -0.0562041330040577
-0.00428082160775779 -0.0565031905574366 -0.0536853170713761 -0.0355075767089158
-0.0322466581692859 -0.0373109328784683 -0.0566238530450546 -0.0225371977724185
-0.0392145194133171 -0.0259818112114124 -0.0400315126603133 -0.0289129605566438
-0.0358604836312949 -0.0255473036941752 -0.0277787086241048 -0.0528278277747937
-0.0263124763400641 -0.0479187778519678 0.00253323196267752 -0.0755355532440616
0.00686168379146144 -0.0618239691433637 0.0525981524540988 -0.0737399578210695
0.0465363762564004 -0.0493720842962027 0.0915335589414729 -0.0168676125306365
0.0770356246317173 0.0195883428942651 0.0556826636502556 0.0391134909194622
0.0277396126584938 0.0807688134188412 -0.0180281554528863 0.0313957355743806
-0.0247875751654845 0.0810876315854006 -0.000118425479197792 -0.0654487146601699
-0.0330726852427175 0.0165549349771364 0.0548427014142039 -0.135187551436615
-0.0189388530627548 0.0392979543334426 0.0723590772681001 -0.112154743626587
0.015638542372642 0.0334695728709354 0.0494061527842482 -0.107589070658154
0.0286751363855545 -0.000342777209341485 0.00247824755559152 -0.0883528109512048
0.0135688280439262 -0.0201687108563397 -0.0288766347258061 -0.0689486686129736
-0.000431714657852364 -0.0242780007344857 -0.0584594214904572 -0.0492429339656936
-0.0145968908659365 -0.0174659799352051 -0.0656292650549013 -0.0333035417770516
-0.0204281193679037 -0.0122649501672395 -0.0503572492338077 -0.0366755558854113
-0.0193717293073582 -0.0140198743740042 -0.0375827015323888 -0.0598901832645209
-0.0153371344504469 -0.0271057505040637 -0.00392628356578096 -0.0828919949137615
0.00434333051972875 -0.0358240022873011 0.0504823730345034 -0.0832395789597249
0.0332750097243962 -0.0278938634897509 0.0923964132323212 -0.0217436084645239
0.0462433835057246 0.0223365637315116 0.0572483015065181 0.0345657732754282
0.00113035889678362 0.0532986587062657 -0.0124368600456592 0.0258402281354461
-0.0307287990735543 0.0354331171663997 0.010921087657521 -0.0784518621368536
0.0150233495813841 0.0209060207223404 -0.0461875486722177 0.0830134338391462
0.0116978513779928 -0.0124801286255688 0.0458322252769106 -0.000835312591665512
-0.00671395059776996 -0.0142929385308743 -0.0248257901925722 -0.0703024070462124
-0.0101631484072578 0.00497787745577081 -0.100281521383303 -0.0313539880447976
0.00309114827680878 0.00695921343811735 -0.0978974476348642 0.0572087035300648
0.00407122233972452 -6.59673286952087E-05 -0.0340304185726032 0.0917504027041146
0.00231492176044169 -0.00160697268983187 0.013336659566252 0.0781159986308481
-0.00121553423597043 -0.00644130867162491 0.0352926103485515 0.0626866188016271
-0.00233898763566066 -0.00759381871534939 0.0485030709346209 0.0579705109276699
0.000191385587103883 -0.0124974582734961 0.040980212268042 0.0711512986153083
0.0118626119718144 -0.00982639470784571 0.00921477747533854 0.0809451508850912
0.0140190384161752 -0.000573549986596675 -0.0351194796689463 0.0785798753561648
0.0198913066638696 0.0104178123018361 -0.0863274501752802 0.0796792296471271
0.014111292024854 0.0247862504977838 -0.119639441382151 0.0699155026984475
-0.00519363244521734 0.0431091145044603 -0.116794925967026 0.0957975971454752
-0.0135417974292354 0.0561249020235666 -0.0447761856190717 0.0746608603173983
0.0141401992018468 0.027612810892585 0.0512611533930569 -0.00274113329841613
0.0171331657964665 0.00790408691674165 -0.0148160895153579 -0.0773055923211981
0.0167351036117285 -0.00327945132168614 -0.100641520774948 -0.044875677617491
0.0200001535159153 -0.0150690677451151 -0.101887253394004 0.0477993737583592
0.00582771894170874 -0.0263008719458755 -0.0404388001325252 0.0846090539701621
-0.00793908234835508 -0.0235222115975973 0.0066837248748923 0.0742767348796554
-0.0136248662654966 -0.0283201195015014 0.0314161133439151 0.0559492077036312
-0.0128648504648978 -0.03221201037699 0.0486156653777811 0.0467024173408724
0.00446297907972373 -0.0478375115758602 0.050608262746164 0.0574673479299386
0.0397500582956817 -0.0373607892675834 0.0290519105979581 0.0747741018189641
0.0561260663916492 -0.00290709095509541 -0.0113650308827495 0.0842639517919243
0.0498289017702271 0.0501331301091231 -0.0692407104321343 0.0887582384857342
0.00669254595200384 0.0814187462471695 -0.105185982925141 0.0710473253957265
-0.0378878947483825 0.0881630693418886 -0.0997536378318472 0.079503609682748
-0.0465635539660633 0.0828790929743686 -0.0326337603529901 0.053947353446419
0.00825107378088485 0.0703774846711953 0.0618695654887596 -0.00996728991326216
0.0386033666132486 0.0379361834110807 0.00424340981701035 -0.0874578597120436
0.0479017069688525 -0.00543748308679503 -0.0919982374362392 -0.0648679630526724
0.0396598282554309 -0.0348933010916786 -0.101364908527414 0.0292603179970353
0.0103842574564887 -0.0518131321295431 -0.0472851399067085 0.067352747806308
-0.0158884240205911 -0.043513966653102 -0.00390277643975464 0.0602988161608159
-0.0240622267877524 -0.0459686167253558 0.0232323106097299 0.041979646715135
-0.022079820391705 -0.0500415027545553 0.0435427108137342 0.0277378153439142
0.00197467571879859 -0.0736617464556253 0.0568987711457608 0.0318078460653367
0.0530908185139083 -0.0648052734028768 0.0524492852291265 0.0554576347536897
0.0849247295291613 -0.0191374517910876 0.0224785547131005 0.0827759079505437
0.0831285493404385 0.0669208115954394 -0.0420894132599571 0.0959401190439596
0.0134976846633053 0.120944803421731 -0.0872496808099182 0.0689674911464038
-0.0560714978631065 0.121736358856192 -0.0754341467206144 0.0532377817466681
-0.0761958160386011 0.0962642807254274 -0.00742916519704849 0.0242903995998213
-0.00729784293637452 0.106096389297864 0.0770903067870272 -0.0212062239840228
0.0510884918142994 0.0722904515804697 0.0305754131348972 -0.0960051275466122
0.0763741170072099 0.00018799838236093 -0.070420510866344 -0.0851419826530421
0.0585186361417666 -0.0489360436633532 -0.0899771030950974 0.00292887381869095
0.0169667420084061 -0.0710096143078716 -0.0507546710676321 0.0398566822721135
-0.0207082914577761 -0.0593336573744195 -0.0161022142835293 0.0376770907590919
-0.0314428866086947 -0.056807531798855 0.0112667251183934 0.0209352063197251
-0.0289421906750915 -0.0581890752094733 0.0335887517076943 0.00321469770163349
-0.0030548595530553 -0.0856399929706152 0.0565170476675556 0.00100190030055724
0.053360721914083 -0.082099079123758 0.0698058237496497 0.0259349406936262
0.0958385145586042 -0.0373352196656142 0.0547303835252204 0.0693036096783805
0.105194649200128 0.0660058945021406 -0.0119818382802753 0.0931721095897871
0.0230389921851717 0.137304773386607 -0.069784796354917 0.060001633131185
-0.0619277670623581 0.135743882647319 -0.0479261220512256 0.0193145696563894
-0.0945170172327667 0.0921905797124249 0.0266850134541162 -0.0114267270616763
-0.0275158056556593 0.122500409440231 0.0935868784096914 -0.0358078734131516
0.0483399947290497 0.0976558790024741 0.0589050270230896 -0.0965492770623357
0.0916777821378054 0.0125938302792007 -0.0367492177977397 -0.0977603663737697
0.0711471703638357 -0.0512805832946731 -0.0669480777040357 -0.027378991725716
0.0226023291571581 -0.0787202568794181 -0.0488172214897949 0.00541609527608075
-0.0214056255160198 -0.0660594685293265 -0.0274536461657998 0.00903102686229835
-0.0346563721899577 -0.0596248146731807 -0.0018277917724576 -0.00211349170783647
-0.0313880230077126 -0.0572303929010879 0.020428888939411 -0.0211004834466026
-0.0067875092078598 -0.0839411298446436 0.0494160545676419 -0.0282487798054517
0.046898833643466 -0.0843261968787908 0.0765500043055921 -0.00450263024929909
0.0913533250599701 -0.0450207585591307 0.0754783131055604 0.0497151971466607
0.106482093637602 0.058360420464996 0.0110632181285516 0.0821176357805437
0.0231445064719994 0.131693728578386 -0.0560339498889395 0.046865257199164
-0.061885277841074 0.128493057571546 -0.0223834051414127 -0.0146153757239977
-0.0932606408865862 0.0713723177587143 0.063902567789174 -0.046569431961361
-0.0439463854112275 0.110924658619352 0.107124424363323 -0.0496204524144842
0.0324153146650685 0.100534503515421 0.0812188005757871 -0.089767938765913
0.0853984558173105 0.022745474706413 0.000122249519127929 -0.0973064923239607
0.0686625812815518 -0.0430960281296364 -0.0362753762440848 -0.0522021815712588
0.0242306243980393 -0.0721584766651856 -0.0423602447899712 -0.0285771573685675
-0.0183697310794405 -0.0615907831106626 -0.0356988453401941 -0.0193533449605985
-0.0323514338540466 -0.0527192597792069 -0.0144912465705476 -0.0241582347268501
-0.0285597571579044 -0.0503228137905403 0.00703463514138163 -0.0423923145956436
-0.00729233448700689 -0.0716561632789655 0.0402222605792245 -0.0509339547633485
0.038445493278458 -0.0727552075516856 0.0774869519454483 -0.0287395358133151
0.0778992625444229 -0.0396953727146504 0.0858467543960913 0.0325450519367785
0.0899865333941771 0.0519891717388321 0.0252195644376406 0.0687635288418596
0.0115553528856118 0.112020271116846 -0.0435270900702765 0.0332198981194197
-0.0584904942985206 0.102798041973366 0.00130274093562874 -0.0432228351207265
-0.0724783476287897 0.0392647249199633 0.0933672942685363 -0.0755275169472809
-0.0462588248909338 0.0752247937376221 0.115694256862376 -0.0599688473781626
0.0139788509121146 0.0771950672753452 0.0930974318466344 -0.0803263271217115
0.0606042909145057 0.0224531959223044 0.0278640493292354 -0.0879961828915699
0.0499631545975499 -0.0287144928779427 -0.00960015098456647 -0.0680181877694386
0.0192998094462347 -0.0515631684900141 -0.0353252936865936 -0.0551364931707667
-0.0131224442177409 -0.0455594129701013 -0.0421907166700445 -0.0430249604705911
-0.0248134694239128 -0.0386697066811817 -0.0240922803532497 -0.0417523245993218
-0.0221385515109294 -0.0374437969001223 -0.00353824866973328 -0.0588170544195453
-0.00557903348468638 -0.0529127481570546 0.0336813971431247 -0.0669307821351916
0.0290812410114962 -0.0538156081442919 0.0774507602430683 -0.0439542528894517
0.0610972652484483 -0.0265408135086831 0.0900192195933846 0.0221473018101743
0.0638471602364744 0.0458725983270986 0.0326651469450665 0.0588597999901865
-0.00472267429542291 0.0839699443737498 -0.0327680058788654 0.0234358434300568
-0.0531650886949899 0.0643839928576798 0.0231114543308836 -0.0613022121398824
-0.0371797120544459 0.000396569232572349 0.10781565752769 -0.0948365630996719
-0.0341324858818932 0.0262852220310094 0.112884205037436 -0.0676864283513244
-0.000262968641027029 0.0353362284165862 0.0925309708145677 -0.0763094111496301
0.0247225260798604 0.0114639783194412 0.040199673093195 -0.0812107144690183
0.0200559965736011 -0.0113381231389377 0.00267852826651185 -0.0754815070472761
0.00972016477025483 -0.0214805359046527 -0.0329451013908032 -0.0682567400041643
-0.00581910211644116 -0.021197007809698 -0.0453876897676612 -0.0561595316862974
-0.0131554447113313 -0.0189545693881057 -0.0300415819151126 -0.0521894680688151
-0.0119967769527607 -0.0206486099030518 -0.00919304270228938 -0.0689529737887535
-0.00400187310309757 -0.0302743190415028 0.0304996142839118 -0.0761925641559923
0.0173701353580155 -0.0319888337478286 0.0791450742287463 -0.0529046172258247
0.0406043095711722 -0.012576438127625 0.0917417097161324 0.0184263318881255
0.0345796774080014 0.0375571068380145 0.0358325850135376 0.0552494759593828
-0.0188960354019539 0.0492650510811585 -0.0247285226088473 0.018832914188964
-0.0409226563341174 0.0197199419333606 0.04035200065779 -0.0667737138415629
0.0151081662515247 0.020920983549661 -0.0445014289785065 0.0831166470183063
0.0116521705495661 -0.0124789610367923 0.0459668667134332 -0.0023032326920944
-0.00678178647184769 -0.0141598156816606 -0.0253090065119022 -0.0700160029768942
-0.0102192504618877 0.00516517288157097 -0.100052092792374 -0.030097075244734
0.00304995992539241 0.00689051186686784 -0.0967271988244642 0.0586479472445268
0.00371637960443617 -0.000543300061748863 -0.0322181556419487 0.0920259182462259
0.00188141973224148 -0.00210568659823711 0.014403789026274 0.0770784786194818
-0.00116163854993587 -0.00645081891013682 0.0364006755922868 0.0615379577315462
-0.00270391688544668 -0.00755847224126401 0.0496092144035522 0.0562810475618077
0.000118957061298822 -0.0119564887360706 0.0425813215433686 0.0703692177732923
0.0118620616680078 -0.00993816499876148 0.0103553523898404 0.0811304174475845
0.0143473323524864 -0.000829777284869907 -0.0352459138457202 0.0787740918921899
0.0194459911969377 0.00964826287189755 -0.0854051878089177 0.0805211188147066
0.0137540245904041 0.0245966143308335 -0.118381593328855 0.0702381116613613
-0.00507663011334313 0.0430039905449711 -0.11630401299964 0.0965499021656562
-0.0129678645969745 0.0568499855319174 -0.0441192081667023 0.0745514505400704
0.0142909095157306 0.0273189273481509 0.0512071316193254 -0.00434378178756941
0.0173180314869907 0.00781410410658662 -0.0148841175529078 -0.0774332329792494
0.0168568413625084 -0.00315856349773306 -0.100182132832743 -0.0439308303594747
0.0195820694063478 -0.0152761093811534 -0.100708809619594 0.0493793603018284
0.00524729142616567 -0.026451602765938 -0.0390811996055355 0.084875391121347
-0.008552776878248 -0.023164416059783 0.00832915953979316 0.0729411846643089
-0.0137510393064624 -0.0278751359889313 0.0320273380076514 0.0549519545211785
-0.0136454024905544 -0.031533260110237 0.0494037252790357 0.0448686726076855
0.00362772037102385 -0.0476499878112435 0.0518790355647093 0.0559278278553835
0.0389251945392548 -0.0387395377345857 0.0304539861276658 0.074612495556223
0.0555456924329246 -0.00329675679705613 -0.0110560820561315 0.0841884929926223
0.0500027668398486 0.049238447545932 -0.0683972957203057 0.0894599927673405
0.00711900157400811 0.0814171987576204 -0.104061204801644 0.0710999672449704
-0.0374318445521935 0.0891271992645376 -0.0988086749485295 0.0801346779316456
-0.0458732610452383 0.0842359789973631 -0.0319852801289652 0.0537491621248076
0.00890788041545511 0.0695971935417931 0.0617344625249552 -0.0114282289334124
0.0392477085368314 0.0375556676246382 0.00490903854046827 -0.0884894752381382
0.0473585438173281 -0.00584487691674516 -0.0917278166981452 -0.0638036171839922
0.0386174157360475 -0.0358899043205851 -0.100028822100379 0.0305094781272918
0.00918740370500225 -0.0518450691731618 -0.0461062798498809 0.0677188889796387
-0.0163416006937164 -0.0434931726498986 -0.00262580866079926 0.060193801449157
-0.0248282642137023 -0.0451360592838639 0.0235204087362665 0.0408942180797387
-0.0227931071339533 -0.0495316897345079 0.0442602660999827 0.0257093375136626
0.000797420572398899 -0.0736979847226788 0.057578553849066 0.0305569462333265
0.0520563796337448 -0.0658491854739335 0.0538871408758729 0.054739096834421
0.0842436576942934 -0.0197445593487262 0.0223712743363678 0.081654539719034
0.0836283159107912 0.0660653919591706 -0.0415210395479782 0.0961651987174167
0.0150494758639388 0.121156580562414 -0.0866704825974021 0.0685401250299277
-0.0552906625888488 0.122415082721306 -0.0747928386620755 0.0535332934734466
-0.0749991446875287 0.097847408177817 -0.00742678673192166 0.0235505766362024
-0.0054150997482859 0.105777367923471 0.0767450317360391 -0.0223617437097516
0.0519221688470519 0.07181233855547 0.0310199265338329 -0.0961874850740129
0.0760419669511088 -0.000730598584344989 -0.0701974812592312 -0.0843201755841854
0.0575373121062309 -0.0499784512091824 -0.0888420821014803 0.00378058057175562
0.0150495067069742 -0.07136326808741 -0.0496011088386362 0.040732987329854
-0.0214806950271363 -0.0584811606885768 -0.0149840040344839 0.037652514435858
-0.032257834324778 -0.0558105310218838 0.0112367038063315 0.020977625354885
-0.0289988809216687 -0.0573378040870237 0.0337324574743552 0.00163163041549025
-0.00481281081240655 -0.0855404992881976 0.0559839901559387 -0.000422272530861896
0.0516151824199919 -0.0833420557228688 0.0708089912324221 0.0248569468495463
0.0946099772524932 -0.0385388778536173 0.0545277085345906 0.0676099813837953
0.106230478121113 0.0638884536343463 -0.0118786787265759 0.093453318146543
0.0244020900046797 0.136716941423498 -0.0693871653103469 0.0599203353953447
-0.0612076908369347 0.136984508457325 -0.048014141726792 0.0198776313256772
-0.0930902732029697 0.0939970095966126 0.026334155473128 -0.0121487249268512
-0.0259348671099711 0.1218577142115 0.0929406574567848 -0.036122115083191
0.0497190992810113 0.0971449933546779 0.0593184462006111 -0.0970865519373344
0.0913880386507093 0.0114362970062081 -0.0365509854127836 -0.0968474394817528
0.0699656853022144 -0.0519704010151062 -0.066140589527057 -0.0270665361746632
0.0209228703652212 -0.0791684692428548 -0.0488504378341194 0.00619516148987792
-0.0221352260928643 -0.0655301851253474 -0.0265703787060774 0.0101695794340348
-0.0354896425751382 -0.0580505705966696 -0.00209009795413902 -0.00190459201899704
-0.0320958347029264 -0.0568043548774555 0.0197257279214021 -0.0221724666732519
-0.00863742622333524 -0.0835589116865175 0.0492276552309035 -0.0293985953251409
0.0448442157474421 -0.0848607176301336 0.0775989555511046 -0.00592064932019963
0.0899545013025302 -0.0453788525060417 0.075804755491913 0.048601690415091
0.107093530160728 0.0564374333972806 0.0114547133355789 0.0815978758726022
0.0244350501001337 0.131077635109003 -0.055501290492726 0.0468943458507582
-0.0610403187441746 0.12969312471216 -0.0226858628273197 -0.0142939107983019
-0.0924261698239407 0.072863153718906 0.0628325772408148 -0.0472427320349724
-0.0419871532901105 0.111208781912928 0.10656731107834 -0.0497498937125085
0.0336442630190742 0.100012718252138 0.0816811970730614 -0.0902832547560352
0.0855363897291844 0.0217760193436765 -0.000127907506477758 -0.0969943337450126
0.0674940637478834 -0.0440509272244096 -0.036003783834499 -0.0522298968006755
0.0223155508527113 -0.072142107434407 -0.0423588817368389 -0.0278799027022385
-0.0194268434097366 -0.0605978896148073 -0.0359942212112834 -0.0184357470147663
-0.0333281051521264 -0.051690179451742 -0.0152510463612282 -0.023676708988861
-0.0292903005350814 -0.0490458554365049 0.00617145979782742 -0.0430151834867863
-0.00846853211166718 -0.071227007942272 0.0392832836177551 -0.0518109178265192
0.0368322903452391 -0.0732100806651868 0.0780413272901632 -0.0296219555689161
0.0769585306778391 -0.03997354484684 0.0852429190134061 0.0307402328944028
0.0902892438830891 0.0500071990908152 0.0252347172087925 0.0677398422684927
0.0131905249746611 0.111752267253119 -0.043788894244277 0.0337036017381189
-0.0582133647596981 0.103626052801519 0.000595466798386474 -0.0425196873206627
-0.0722764956428095 0.0402147343833282 0.0921154497004053 -0.0762536054509721
-0.0450801577933478 0.075470982624342 0.114403536881246 -0.0599063353404271
0.0145454618913729 0.0765479686679937 0.092888814113062 -0.0806788792935775
0.0602512406941811 0.021542297841997 0.0280394925920747 -0.0885805983580459
0.0489459585627086 -0.0291286908355605 -0.0100410500875515 -0.0688347863077475
0.0178884320479756 -0.0518137503608043 -0.0366953520628548 -0.0545471239763564
-0.0142125968936626 -0.0451277508553507 -0.0424612002326789 -0.0411669296972226
-0.0254082030810731 -0.0371999377241332 -0.0251410180268822 -0.0407526840493901
-0.022435689046346 -0.0366444457090197 -0.00463582194496675 -0.0591046473367009
-0.00660247177684756 -0.0528815273595429 0.0325996652441499 -0.0670991267325468
0.0280362649478357 -0.0535936910184512 0.0775109895678869 -0.0452586353689194
0.0602458253386364 -0.0267601666153213 0.0893829367210488 0.0205046742687142
0.0643276526181027 0.0449533889025394 0.032230316850497 0.0583691657676018
-0.004034311569955 0.0841352460843007 -0.0337125242841462 0.0240670916086693
-0.0529405807758134 0.0647270547769544 0.0221572260872842 -0.0603951674408973
-0.0369387069807828 0.000854587206590861 0.106957651498922 -0.0959206157968729
-0.0337722061180153 0.0261523615183947 0.112132806339027 -0.0670372995328952
-0.000547399390966475 0.0348644786721563 0.0920980640791522 -0.0765876249027891
0.02408824358332 0.0112467088317413 0.0405674458706507 -0.0813259966434668
0.0197587447841123 -0.0111902629327176 0.00242099385515363 -0.0765351978101445
0.00940750894151463 -0.0216501650685283 -0.0342297580530461 -0.0677229115362019
-0.00596113882863555 -0.0204971619890094 -0.0468149287463601 -0.0544882065797166
-0.0140246397588997 -0.0184046000655021 -0.0307217645694444 -0.0514812639747465
-0.0118091389742817 -0.0199929614187391 -0.0103076351562691 -0.0682168523065195
-0.00458132989201276 -0.0300542800209839 0.0295468533822675 -0.0759541619694402
0.0165931239177072 -0.0316941271254165 0.0784251403646731 -0.0538685701332352
0.0407516656243248 -0.0129837796854775 0.0915155197011756 0.0176019373355613
0.0347394116007539 0.0367837201019988 0.0354897981512701 0.0544536309583073
-0.0180739117739992 0.0498776480495243 -0.0251598279597741 0.0196182622956783
-0.041206748356967 0.0205248218107483 0.0393184127516196 -0.0664378656715953
0.0157255779828633 0.0207687948201382 -0.0422161799479431 0.0843259408380986
0.0112353364336349 -0.0127198499212708 0.0459758507249379 -0.00514249298173695
-0.00745891870907331 -0.0141634545255749 -0.0272509548866893 -0.0703744817598072
-0.00993279801258524 0.00549871062040733 -0.100907676134359 -0.0281335388724346
0.00332424157267294 0.00706149453504928 -0.0949002232958095 0.0625943231280112
0.00362913258180675 -0.000655559163548646 -0.0294930641239203 0.0935001312437993
0.00208052735337582 -0.00214281869288393 0.0164935150406462 0.0760508247583394
-0.00150032766980096 -0.00672280627449368 0.0386131108155907 0.0600926937731413
-0.00309915656045665 -0.00781303745033407 0.0519977489245818 0.0540734276515865
-0.000269944107361115 -0.0123354627789844 0.045911912212709 0.068833943617833
0.0114780790929498 -0.0105548818743307 0.0124297335211945 0.081960229746426
0.0141999049252702 -0.0011445534870946 -0.0350574086598019 0.0810390184605313
0.019871447422569 0.00909152915328786 -0.0846593101442317 0.084016891932831
0.0138010501181417 0.0244845627737466 -0.117913150054975 0.071953471939628
-0.00420606201467826 0.0442591856026452 -0.115265607023171 0.0996457143582144
-0.011446255576469 0.0580947119708925 -0.0420754464586584 0.076258661521254
0.0151997006847376 0.0273842000893673 0.050873157090301 -0.00649674983593459
0.0176093755275228 0.00712791961108417 -0.0160113795245946 -0.0780606090948597
0.0166508174817746 -0.00353420221199238 -0.101063562329876 -0.0417184513382412
0.0191000204953717 -0.0165373069083258 -0.0991969314193616 0.0530443515600224
0.00404027345448621 -0.0270248707280114 -0.0367906515234067 0.0868936006515134
-0.0092625737040349 -0.0234335178890632 0.0102572697634313 0.0726532217765888
-0.0154168650985957 -0.0277373534564056 0.0343584253542382 0.0536836980373403
-0.0141717247469493 -0.0314124303875007 0.0514876955987802 0.0427638983868675
0.00171822922149444 -0.0484152734823365 0.054717543161899 0.0542649953330084
0.0378804866563838 -0.0404104877269652 0.0338062362861085 0.0743669129168894
0.0561219353846562 -0.00502872366804713 -0.010453309569198 0.0855812221885489
0.0520318215414586 0.0482444790218896 -0.067351036938221 0.0927018670811358
0.00927044485644117 0.0820889673050512 -0.103578321403528 0.0730586861654716
-0.0361355588703853 0.0915415403607309 -0.0983913404447461 0.0833861802924604
-0.0440797199470198 0.0871135073523369 -0.0304756664756319 0.0545825338314818
0.0113052247625282 0.069909516500029 0.0612841162969516 -0.0131649643499269
0.0407302031772532 0.0369588851899877 0.00360534667238092 -0.0895563929515464
0.0472535493634612 -0.00723437501939687 -0.093322504562385 -0.0622077477680183
0.0375721602530698 -0.0373478807993932 -0.0990353331545354 0.0334968220011534
0.00731409641383526 -0.0520256876312929 -0.0442305272022605 0.070037545830332
-0.0182157948343154 -0.0435129515202351 -0.000472479469750743 0.0595728720465894
-0.0268141960527526 -0.0443424509017747 0.0246930332027879 0.0401026785019908
-0.0241666202347795 -0.0485339408741379 0.0452325302709343 0.023439745904846
-0.00224833502676547 -0.074046732236225 0.059545686200751 0.0283246612424395
0.0498837772846046 -0.0683964041298983 0.05644475176609 0.0535114002087394
0.0846121560073123 -0.0224319603394444 0.0235116509940896 0.0820930755543771
0.0863159134966301 0.0642648918239664 -0.0403293142960384 0.0983002256482809
0.0179612117032809 0.12219848881874 -0.0861492603100039 0.0702656852941855
-0.0538278932484387 0.1259774605611 -0.0741503351965379 0.0564565301059642
-0.0729187076210242 0.101269585498954 -0.00704623237654319 0.0240388718208169
-0.00243263197643015 0.106545397533271 0.0764929022718043 -0.0250382520609467
0.054493686460827 0.07104715858431 0.0306505321655965 -0.0987308915892291
0.076282519820894 -0.00288282285225633 -0.0721064040910079 -0.083063929940391
0.0564042384815953 -0.0523220197319662 -0.0888603112510669 0.00583065929046625
0.0126516943383487 -0.0721496334787828 -0.0491264337264169 0.0423273044113013
-0.023218541233595 -0.0582760733029849 -0.0134658407964105 0.0383657179621501
-0.0345354245448931 -0.0545793630287243 0.0119663753887593 0.0200894721636346
-0.0311437421426105 -0.0566331793309794 0.0339045472912173 -0.000197307533377447
-0.00802525956106847 -0.0862714634352815 0.0572469494762297 -0.00265948559237958
0.0489962833808232 -0.0862885656798908 0.073289229825183 0.0228224190619834
0.0940741155292073 -0.0410827740022641 0.0562319672167818 0.0662637705693567
0.10825584928776 0.0621108780971592 -0.0105516453223965 0.0942584109435516
0.0282596764821392 0.137794024259153 -0.0697096297475517 0.0613606207588921
-0.0595175078773332 0.140830746992269 -0.0474704758558157 0.0217634069838904
-0.0912017974228393 0.0980164874096376 0.0259335479347306 -0.0129561831633129
-0.0222523761525756 0.123436546496093 0.0923091456021172 -0.038685429939419
0.0530768078773762 0.0966728620357297 0.0593019494097592 -0.100202714937318
0.0923426908565658 0.00901948990226429 -0.0387429990417355 -0.0968282496070649
0.0683786578094341 -0.0553007163311364 -0.0667358417920925 -0.0263334148113845
0.017821749296417 -0.0803369063398764 -0.0490821299224127 0.00797023825967581
-0.0242420139555792 -0.0652204974859639 -0.0262845410320272 0.0110665118063506
-0.0375244110746237 -0.0570399373460765 -0.00250110132751249 -0.00173028720622607
-0.0334401312117985 -0.055973101423524 0.0193217383787696 -0.0239788043051533
-0.0115426373167181 -0.0838797294791984 0.0488715362673957 -0.0316396745523703
0.0419002326798304 -0.0871247400802586 0.0787840873691003 -0.00834135578234893
0.088787773279331 -0.0485270319500573 0.0771453678396045 0.0458727367161921
0.109365901409218 0.053297303061186 0.0117179101645208 0.0819372423600462
0.0282019125775626 0.132074850766561 -0.0560021615054151 0.0486959019779389
-0.0589025640909274 0.132835107552483 -0.0233010623189311 -0.0136573107647257
-0.0913692762396131 0.0768843331679353 0.0624205372383964 -0.0493913743123848
-0.0393889831290223 0.112462228374873 0.105719581182129 -0.0522539666228062
0.0366993868136712 0.0999865491134105 0.0812986097720949 -0.0933993375286963
0.0865126140374896 0.0193075258577263 -0.0016292932554875 -0.097466268361813
0.0665111134257104 -0.0464134327314423 -0.0372560693589667 -0.0528568480410185
0.0198174665798504 -0.0735313745801479 -0.0441047382036335 -0.027069062666121
-0.0213679023066303 -0.0605884387403883 -0.0364329753529184 -0.0169481331086706
-0.0351788231198446 -0.0504297876987794 -0.0158449335544846 -0.0233274019768431
-0.0303497048089737 -0.0483251954436288 0.00438965683839275 -0.0438531984179723
-0.011241374760994 -0.0717172546639112 0.0377952066865901 -0.0536859912073648
0.0348173896470396 -0.0750803474515122 0.0783522333104702 -0.0322704655483718
0.0759268830926661 -0.0423845104034247 0.0869277598239424 0.0281178474746737
0.0921667134037579 0.0475346400519392 0.025943221173066 0.0680420434820062
0.0166639114104825 0.112716701702388 -0.0445217696621079 0.0352074755851189
-0.0563330771385832 0.10613668566898 -0.000381085038739432 -0.0428401154638084
-0.0710151865982858 0.0425958312391284 0.0915833661083046 -0.0790012267679226
-0.0436631527082303 0.0771323234768297 0.113681209127841 -0.06213847709491
0.0167851202871207 0.076886217867135 0.09233464152475 -0.0838352086630091
0.0612957286668984 0.0200096275754302 0.0266924058374955 -0.089609657469816
0.0486175969750293 -0.0308225942719193 -0.011541055670508 -0.0701704808020224
0.0159949594505129 -0.0522546365127269 -0.0387495625053855 -0.0538441691092797
-0.0152730760603469 -0.0448556169026728 -0.0439695366679181 -0.0395417445700558
-0.0267215235184449 -0.0361945978200913 -0.0260166310941533 -0.0401949864095807
-0.0232544832750628 -0.0362111417795783 -0.00662749901060126 -0.0591671174197473
-0.00886260855864745 -0.0526127611639022 0.0310281362219938 -0.0687504947298285
0.0266083003295043 -0.0546403088490229 0.0773818291876159 -0.0480165780735862
0.0595540027438418 -0.0286443021210126 0.0903164971554766 0.0180506972935081
0.0656102624577944 0.0427947096181114 0.0326274788099415 0.0582885570270331
-0.00121205811942954 0.0852535067515449 -0.0342677532326619 0.0252818036212242
-0.0514719328808821 0.0675458186492471 0.0207275267757379 -0.0612873669188094
-0.0369804459327469 0.00231618525355063 0.105844117940488 -0.0988771027061319
-0.0328786760388367 0.0273439987710554 0.111538385035649 -0.069094008320925
0.000595083155354465 0.0349876006693153 0.0910857448326183 -0.0794259708678769
0.0240402092307229 0.0103852710924423 0.0395197993494651 -0.08338060572399
0.0192682276560127 -0.0119291211200186 0.000552423244257052 -0.0784527622477323
0.00799816527834984 -0.0221766474267196 -0.0370291012533411 -0.0672005470819683
-0.00688784616864127 -0.0208553857693698 -0.0486495804406262 -0.0525115662479677
-0.0145513467799669 -0.0172644443928231 -0.0328384539930247 -0.0500248995520157
-0.0129437679677677 -0.0199429696261669 -0.0129319135538122 -0.0686075889588628
-0.00568637133846859 -0.0300326874114745 0.0278285337984472 -0.0773664795083385
0.01575796087766 -0.0321841993702929 0.078241602030954 -0.0567513167439688
0.0403535865339294 -0.0140458400709969 0.0924403408802168 0.0148511036119344
0.0358374085565962 0.0354412372299896 0.0364434368241369 0.0543313269884344
-0.0168205777227302 0.0509657305827226 -0.0257417658163569 0.020959695645322
-0.0405775429044835 0.0215043885124564 0.0376121019542971 -0.0671587245417147
0.0168022512159858 0.0199074802627305 -0.0381679605462999 0.0857878124484346
0.0102293106133097 -0.0132596689057163 0.0451364238436685 -0.00753880169578447
-0.00820337671164441 -0.0136730128564293 -0.0299523366609815 -0.0693191486314427
-0.0091689119348262 0.00588238772339348 -0.101519507441931 -0.0237758690873138
0.00389055662403592 0.00627880096301781 -0.0913249910033211 0.0672778710429594
0.00331959307473992 -0.000913082039464816 -0.0241357256712538 0.094340304834579
0.000966282935882759 -0.00282034890793517 0.0199492176293374 0.0747012866564875
-0.00244948125729408 -0.00679220228546284 0.0416475927075552 0.0570938851869838
-0.00369046631116887 -0.00741335805588312 0.0547251542985579 0.0504668352089178
-0.000726346787237195 -0.0126074230971555 0.0500088852221059 0.0658572453994065
0.0108669125468667 -0.0109351393456376 0.0166898618174141 0.0814201812351147
0.0147247015921392 -0.00127909294178481 -0.0316923498620401 0.0831853841604319
0.0203134806819084 0.00842543824212384 -0.0801148523009725 0.087811060880295
0.0147914663568055 0.0242551223121082 -0.114445597377629 0.0764900554478023
-0.00197368126182742 0.0447418010552472 -0.111063401823595 0.104671131320141
-0.00866445575218259 0.0589772986543145 -0.0383832892945981 0.0775404021820779
0.0166635064242562 0.0261910986862568 0.0502374023090977 -0.00961727788062911
0.0176620124163002 0.00660584231309047 -0.0190636840801869 -0.0779748048491946
0.0164726567014502 -0.00448255843274654 -0.102162996776152 -0.0374106732450115
0.0181504225710801 -0.0169967341878601 -0.0959226415555577 0.0575677509792519
0.00189934732922438 -0.0267975083291715 -0.0311423801112982 0.0884615649733823
-0.0110408946584673 -0.0229714191646671 0.013776179282783 0.0705929893677828
-0.016991307548171 -0.026919822415342 0.0370591076642708 0.051517246132364
-0.015699233181332 -0.0307344418500168 0.053637014532428 0.0392456177833259
-0.001116068825178 -0.0484492135243212 0.0575154955334876 0.0507460321007199
0.0355762464384248 -0.0430827404733163 0.0371113212102715 0.0730238709626651
0.0553276252477964 -0.00720774486784414 -0.00739516462097496 0.0864466357059491
0.0538871403101762 0.0455543752349531 -0.0629601281297304 0.0954452637335271
0.0125963742258366 0.0820243735123895 -0.100257487533382 0.0763671659999251
-0.0315580508179493 0.0936742555882474 -0.0942823772214416 0.0875051823008822
-0.0394811247180233 0.0894677492983326 -0.0281708947599786 0.0560005599228273
0.0147004268654721 0.0689931401012909 0.0609367156486098 -0.0165333118821011
0.0425862379070009 0.0349221378652601 6.96136941120114E-05 -0.0900065245153781
0.0463528522421993 -0.00986614425607731 -0.0953175624238413 -0.0574348046861599
0.0354114557798767 -0.0394355642510715 -0.0965151670430709 0.0377507000516202
0.00399313624343448 -0.0524771593662437 -0.0401118108280634 0.0714524411015824
-0.0205852692927862 -0.0418038131265721 0.0025532510519362 0.0593418422338836
-0.0288193341061915 -0.0427998725065361 0.0267557107697054 0.0387299036025719
-0.026683380828993 -0.0475611307435868 0.0456998737622771 0.0198020052182534
-0.00629133996144558 -0.0737228437661453 0.0613297775692239 0.0246527328139041
0.045944752674571 -0.0714293036308667 0.0596850760323032 0.0505083750295558
0.083046146705886 -0.0263054227624086 0.0262876703356959 0.0804792502365071
0.0895766492339111 0.0595258789859568 -0.0362220812156862 0.100529437024312
0.023647127301615 0.121695732050898 -0.0836106786690617 0.0732100654292545
-0.0483172538590138 0.129136193424335 -0.0714196294474838 0.0602591850196689
-0.0675790813867116 0.105225349139906 -0.00635314902327074 0.0243980748736423
0.00293485029922479 0.106093480014795 0.0752346047247092 -0.0279364975911478
0.058389281761925 0.0678186899204731 0.0271228172706488 -0.100270656941874
0.0758470572453559 -0.00645523127648401 -0.0750946012913521 -0.0793436169939937
0.053064131303736 -0.0553583704788546 -0.087909110678725 0.00936967136302794
0.0079660050391011 -0.0726892264514822 -0.0466272662994533 0.044486456667388
-0.0265662236736633 -0.0567073213765764 -0.0112755331541225 0.03866456153186
-0.0373839235669378 -0.052506948413102 0.0127520221531135 0.0195280276878233
-0.0336666373685105 -0.0546587180709639 0.0331586837101596 -0.00277446392140065
-0.0135050061422319 -0.0851107625149236 0.0569691212937745 -0.00612265914424503
0.0437217544875544 -0.08872675227823 0.074919482545969 0.0184611681713559
0.091913497034753 -0.0458546117564229 0.058315782214177 0.0634703253517104
0.111233312104934 0.055736283543675 -0.00696519804825092 0.0953500185057977
0.0353429965737653 0.136879900128539 -0.0675999611829081 0.0641895883772316
-0.0530003616290496 0.144560837068773 -0.0466893271664022 0.0239082449577878
-0.0863434798296196 0.102725798900167 0.0247539763016262 -0.0138161115952782
-0.0163142855778928 0.123767631808452 0.0901614100151667 -0.041761138176172
0.0579678165713991 0.0934655331633858 0.0556960313343414 -0.10286994878096
0.0923437431056547 0.00457329102310913 -0.0420857447674214 -0.094355449254621
0.0649364636327468 -0.058560718631832 -0.0670747521123731 -0.0240525807675902
0.0125693613707616 -0.0809323711070056 -0.0480766745474805 0.010008675005466
-0.0278727255769159 -0.0637540503004154 -0.0251840547690548 0.0123966598036845
-0.0402741805146492 -0.0540630796654621 -0.00246899183172858 -0.00160083305390186
-0.0360165687949609 -0.0538946995882402 0.017629340790274 -0.0255088833354084
-0.0167241450486446 -0.0829276852433591 0.047121095899335 -0.0342193898829114
0.0369927453297904 -0.0895227562392889 0.0790649671836558 -0.0131626870425815
0.0858749842143864 -0.0530426825537733 0.0780297352599704 0.0415128027128122
0.111734605089942 0.0473894273265512 0.0148035679377827 0.0814968503774859
0.034988064118594 0.130805525215798 -0.0542644503684763 0.0507879252528506
-0.0531560798163732 0.136461053820098 -0.0240867688580602 -0.0121538787303217
-0.0869375620220653 0.0811869746141098 0.0590333468298487 -0.051846212462824
-0.0340797498707464 0.113680533278686 0.103097615374185 -0.0560489869963316
0.0417614794862096 0.0978004906123697 0.0776302300622615 -0.0969425832182466
0.0871315445669309 0.0151808168097857 -0.00549567726891092 -0.0973190738556363
0.0634906771151411 -0.0502013157529818 -0.0388276281598609 -0.0523134013369266
0.0149255490681144 -0.0740772396658675 -0.045486062756511 -0.0248308978377015
-0.0244012803270297 -0.0591853135362034 -0.0370639895109969 -0.0149066236867281
-0.0373146369476371 -0.0477611663359932 -0.0170821432908339 -0.0222453362127498
-0.0324758481572534 -0.0463584585507716 0.00151474538675562 -0.0440736905227247
-0.0155941797931414 -0.0704447842860721 0.0349615618602895 -0.0558487137584376
0.0302706247236713 -0.0761742866281634 0.0774240280911483 -0.0369591824380704
0.0729327926199765 -0.0458145999320853 0.0874476414092779 0.0232544208233918
0.0946688601124488 0.0419883834046974 0.0281581063498041 0.0671525818152702
0.0223195647591312 0.111645116536846 -0.0432258729409041 0.0375247698398335
-0.0517799588661269 0.10951858000786 -0.00226688246722867 -0.0422430724298465
-0.0689867200628615 0.0470498731032206 0.0876154123927542 -0.0829048125270752
-0.0393794383318863 0.0787276907989927 0.110488731266716 -0.0662369488034973
0.0206712894356519 0.075673916578291 0.0889163982006938 -0.0874741671610606
0.0613050579173967 0.0167175773746571 0.0236582997098338 -0.0907179560053071
0.0466129579735158 -0.0333867878088704 -0.0138261245470851 -0.0706682491476276
0.0127989239990369 -0.0530244151500575 -0.0413953982851896 -0.0516615983913779
-0.0177985111652909 -0.0437135534588386 -0.0458748628358679 -0.0368482665618824
-0.0286431575484608 -0.0339602977495263 -0.0283088210539506 -0.0378767487593331
-0.0247009012690565 -0.0345961102250566 -0.010372007913875 -0.0587937680433314
-0.0115826798468342 -0.0519648767523908 0.0271720292166351 -0.0701080431462496
0.0233692075842858 -0.0562453450948138 0.0752413031793604 -0.0522409462002536
0.0579229857664198 -0.0313741086722403 0.0907747120335592 0.0136861759979769
0.0673230891873761 0.0394887320558289 0.0348677838063886 0.0565575307026733
0.00299275608691686 0.0852446213374621 -0.0333605610194434 0.0273860058517559
-0.0482648038445444 0.0699052563051264 0.0176185483471643 -0.0614222269195009
-0.0365096743614145 0.00477558909793996 0.101622380984145 -0.103347605323703
-0.0316841117461456 0.0288897592774417 0.109012198404657 -0.0728204537248503
0.00208815454351395 0.0343558400138453 0.0881712618088774 -0.0829702217831351
0.0239652187302156 0.00904373335168853 0.0365229941543548 -0.084956339540143
0.0186947430572053 -0.0128401528059997 -0.00306672208661382 -0.0791781443717181
0.00676758170403125 -0.0222212053305754 -0.0406013193257926 -0.0650847499329871
-0.00787890762787535 -0.020627100285318 -0.0513286215199184 -0.0489148288629139
-0.0150944705531882 -0.0158071806605879 -0.0346272528818497 -0.048284658137945
-0.014136996029446 -0.0187143717521121 -0.0164109283129961 -0.0671549813426995
-0.00749806297250953 -0.0295256352461782 0.0238446978344328 -0.0782704993711176
0.0142239931544176 -0.0324705015851932 0.0748400120655837 -0.0608880402063912
0.0394563996619862 -0.0161976694096558 0.0928079168715894 0.0102005256718615
0.0374308208707823 0.0334241026433345 0.0378491519247471 0.0529603000175562
-0.014005636552903 0.0518980394569393 -0.0246287116075653 0.0230650356933584
-0.0392433579730084 0.0236923070369846 0.0343319516245408 -0.068560697528099
0.0169636680114957 0.0187309797752986 -0.0321559835546912 0.0849415260902906
0.00917593591373559 -0.0128920610156368 0.0430767012309918 -0.00988774972290601
-0.00889739807144913 -0.0130384914228722 -0.0322229760140387 -0.0656031136603106
-0.00862354059745817 0.00635754717512398 -0.09908924284537 -0.0189035561102732
0.00453815263065132 0.00612266867864858 -0.0842429892347506 0.0697287010194716
0.00299975429103522 -0.000855660972607375 -0.0180836291570438 0.0919956557956024
0.0010611435132727 -0.00262883110939039 0.0230120598336514 0.0702346821669256
-0.00267621567989248 -0.00639873613687825 0.0431326461054613 0.0529890358053533
-0.00382398466567127 -0.00726649152790957 0.0558488048571585 0.0450582260078862
-0.00121272827211188 -0.0120524455053458 0.0522631434106058 0.0601277116691345
0.010071987966524 -0.0116236804937518 0.020677508374641 0.0786761342135616
0.0140417362023425 -0.00197134214944405 -0.0274134250399699 0.0833231570978795
0.0196321548387335 0.00690147233856143 -0.0731449020607338 0.0890250636749672
0.0155524191236402 0.0229339556954702 -0.107430697502767 0.078357810048247
0.000449585583181747 0.043548677233739 -0.102326130326806 0.107352752656907
-0.0056386022942376 0.0576440105662397 -0.0333898194783912 0.0772849594988686
0.017191751000103 0.0248020498535831 0.0476527261695568 -0.011950162466223
0.0174524688137309 0.00505005739313663 -0.021710157292328 -0.0750565931086854
0.0154494333733747 -0.00515576946248484 -0.100031590701346 -0.0310876386410783
0.0166571762484306 -0.0180073244657986 -0.0889771073883369 0.0607774606045374
0.000391551645012415 -0.0261758749452374 -0.0251526271796233 0.0860685326430605
-0.0120761173201983 -0.0213885847115677 0.0172699364288911 0.0671811684123757
-0.0175112669102028 -0.0249904076356941 0.038578726349163 0.0470748680409832
-0.0169141341635846 -0.0287020613193821 0.0537339729721006 0.0340181991396298
-0.00376049150469647 -0.0468390509838883 0.059119620882831 0.0456069487916803
0.0315718540193336 -0.0437037147578408 0.0404223988936461 0.0686546171874663
0.0537898898158942 -0.00965015427288008 -0.00388680005801333 0.0846494054175829
0.0539936170251152 0.0409548564246491 -0.0569452528536685 0.0963858956036154
0.0166898937707026 0.0790370533003299 -0.0939451370537898 0.0780065578387985
-0.0265510083223328 0.0926426303329733 -0.0873807618209148 0.0895277775077883
-0.0334785269121046 0.0890988093562122 -0.0248726014081064 0.0559633633808556
0.0179451820588312 0.0657839082852294 0.0577352286029116 -0.0190235870156078
0.0432240254991664 0.0314107017301575 -0.00323960564508004 -0.0881937755213891
0.0443462982509598 -0.0122731135383457 -0.0942191130864795 -0.0509126964752213
0.031700555379295 -0.0402240235627232 -0.0907470751573669 0.0417111008404542
0.000568014973874551 -0.050988456355559 -0.0348391774319276 0.0705981886514473
-0.0221513347046988 -0.0393331090581469 0.0063258332089406 0.0568748314136247
-0.0302192196355742 -0.0394713657302261 0.0279601857364429 0.035222556674783
-0.0283664351420716 -0.044380076624209 0.0452748014568319 0.0161141820214516
-0.010617677091006 -0.0712874918123806 0.0609386391562662 0.0199270988108077
0.039949709805803 -0.0716133570052761 0.0615868840841761 0.0451284829468524
0.0790974746360038 -0.0297580026626627 0.0290148141924368 0.0772498102620384
0.0897041758541508 0.0526397923807096 -0.0307227898378715 0.0991212354044135
0.0297486035959499 0.116829557433572 -0.0778164411127748 0.0740922028773265
-0.0405137958894182 0.128613787803564 -0.0667926134415116 0.0609735786881983
-0.0603231175516393 0.105820387459099 -0.00535960730484805 0.0244558381253123
0.00799222271056471 0.101789995952106 0.0711885162911952 -0.0307025704074453
0.0602422069155703 0.0625636158148706 0.0221589835298017 -0.0994127458794775
0.072951997785316 -0.0104296445480727 -0.076245958252959 -0.0731997432108641
0.0476436156461474 -0.0565540405048289 -0.0836041929412819 0.0129003952980865
0.00303865204199478 -0.0706584682408447 -0.042373108536474 0.0454691171585545
-0.0289555777455205 -0.0535272718049967 -0.00874801626113987 0.0376461009515315
-0.0388836491459372 -0.0479228427930202 0.0134951498195773 0.0178959865004871
-0.0352307160063398 -0.0512012060790724 0.0314976906324549 -0.00505746360905919
-0.0176660675156186 -0.0820418859794889 0.0546953083720183 -0.00981527741240171
0.0371720596623081 -0.0886304070761743 0.0742869415919102 0.0129929191134923
0.0864850458468338 -0.0496215303159736 0.0586833993407307 0.0583385981956381
0.110726195224496 0.048089283616245 -0.00282363727463552 0.0926156651149305
0.0413075442657667 0.130416257494309 -0.0632840722499279 0.0653191824198843
-0.0447061991603736 0.143125181340606 -0.0445241642645056 0.025616823676106
-0.0776922640838398 0.104137203186692 0.0231313642718196 -0.0145220502555804
-0.00976822525090114 0.120442740867334 0.0853922219328347 -0.0446650433266019
0.0609699150341594 0.0872624109706564 0.0495010266644277 -0.102930078563812
0.0894912729708808 -0.00042462760368321 -0.0444127607361747 -0.0890703192347868
0.0593166474608119 -0.06091160119036 -0.0655144186402699 -0.020549055499613
0.00742632969725806 -0.0789679695884619 -0.0463174747366052 0.0121283629101982
-0.030365055989119 -0.0598559001143784 -0.0234395713685 0.0133752163151397
-0.041817491126025 -0.049931142010467 -0.00215384583703131 -0.0016525293801804
-0.0371148798501977 -0.0504569340308458 0.0153517775210863 -0.025602176041964
-0.0209621614140488 -0.079257627186206 0.0432776737864798 -0.0364842387897731
0.0308179784309208 -0.0889947898359737 0.0764405952509094 -0.0173290526311395
0.0801717112040106 -0.055479291740833 0.0768719528970536 0.0362845540261679
0.110292989719988 0.0392890643143689 0.0176543710405093 0.0788397470985311
0.0407019372905846 0.125043588577479 -0.0513139077673268 0.0519422432804934
-0.0453322595016593 0.13578453114941 -0.0235136631590648 -0.00994732986045798
-0.0793329037100348 0.083455457995215 0.0551375433846368 -0.0527246797982826
-0.0268377910583551 0.111646189478328 0.0971826718093508 -0.0582884055305545
0.0459005187942981 0.0926789590468103 0.0718676571035504 -0.0982018606286538
0.0846139097071165 0.0101552806044933 -0.00854513828804272 -0.0935053821104912
0.0586777385157173 -0.051688381758868 -0.0396528267482219 -0.0494334545014289
0.00998889259562973 -0.072501503870266 -0.0454898700952145 -0.0219669605479708
-0.0273297491543023 -0.0556691833764742 -0.0363184140923938 -0.0116083133958089
-0.0383008837176313 -0.0434044878334319 -0.017407670839177 -0.0200722073894122
-0.033347678938899 -0.0436581106026515 -0.00170283611255918 -0.0424104478812211
-0.0189251057744365 -0.0672173017550989 0.0310807576364211 -0.0562429559356614
0.0249815998237536 -0.0754369669434452 0.073204040701794 -0.0409061361025182
0.068084211993251 -0.0482500436221387 0.0851001456321068 0.018430174954769
0.0930631289202541 0.0353813655158152 0.0297560131626048 0.0637566073919259
0.0277364751950758 0.107349324916033 -0.0406151086825272 0.0388724214261629
-0.0450110831728127 0.109419299183136 -0.00459413955945119 -0.0402210873129997
-0.0637529623423733 0.0484466994978762 0.0809010485430914 -0.0841247819416641
-0.0338091909291254 0.078483024467968 0.104442565416664 -0.0685348952794224
0.023843431481618 0.0718160389293323 0.082702809620822 -0.0893011334781222
0.0600815422996532 0.0130948213073857 0.0194195579023375 -0.0889770483496635
0.0426784049296096 -0.0345093159283695 -0.016877244386987 -0.0690034790492652
0.00897981699807991 -0.0515750206472776 -0.0431143236251183 -0.0485002988484881
-0.0196976286108777 -0.0411158367721082 -0.0460215226321691 -0.0326124423932432
-0.0289661000090394 -0.0308567161276932 -0.0292735696188273 -0.0356000082971716
-0.025724942481992 -0.032044445493 -0.0131898390320696 -0.0557933350096712
-0.0148041673492455 -0.0495797604760652 0.0230023015933363 -0.0694840255086167
0.0194844913255869 -0.0552147014254162 0.070200376633056 -0.0554930983715728
0.0540208534581426 -0.0335128577005136 0.0881179529407289 0.00816878038757735
0.0669768553159347 0.0337240102845695 0.0356679099014098 0.0534035000094113
0.00784094490582158 0.0824776807339496 -0.0311828729648173 0.0286613533304476
-0.0431926948408228 0.0706908030542001 0.0140892179725943 -0.0596626345214574
-0.0344598877976069 0.00586765274472728 0.0936948149271222 -0.10477569253513
-0.0287197853155226 0.029750739695824 0.102323356905533 -0.0750717883102989
0.00370570743126729 0.0333807845649201 0.0818582622322971 -0.0844400677751677
0.0235427132868919 0.00741974728442648 0.0320034755322079 -0.0846467343045299
0.0173938115722705 -0.0134299769121594 -0.00706149649919439 -0.0779726918503233
0.00552635300730457 -0.0217626470383192 -0.0430005879018181 -0.0609922646832718
-0.00911071909363089 -0.0193516526772753 -0.0521104253205718 -0.0444730446489185
-0.0153480231163112 -0.014000452771894 -0.0360927925075066 -0.0442488004743512
-0.0143137579887966 -0.0177136049300428 -0.0197281637515318 -0.0636312222729456
-0.00925513752022871 -0.02799850995755 0.018832025176912 -0.0773260047501783
0.0120001600663644 -0.0319845362577349 0.0694433023806741 -0.0629622933573996
0.0366546543145793 -0.0174887998803503 0.0895145354482901 0.00518279748094166
0.0377765088671351 0.0301574581620704 0.0387330705017306 0.0493625859347328
-0.0106249519260607 0.0513252238418588 -0.0228723903128538 0.0242674855075061
-0.0368662608938418 0.0249423215676124 0.0294663317357031 -0.0679517315198741
0.0192937006529699 0.016736951609476 -0.0221638851041236 0.0828856090453805
0.0076669964589239 -0.0129970426504765 0.0383997433089029 -0.0138995558122533
-0.010673984790734 -0.0110093171837757 -0.0379979074642715 -0.0577493963147571
-0.00787501687117472 0.00703599777149366 -0.0953407065308637 -0.00483797602256512
0.0042889444313414 0.00468952751829239 -0.070199651003014 0.076582089868664
0.00276958711030926 -0.0012534347752271 -0.00649475282850987 0.0884746174015155
0.000668312843662019 -0.00206885322736993 0.0294042566552262 0.0639508879098921
-0.00349867083216991 -0.0057526877081895 0.0468850686652494 0.0435084605831756
-0.00452863874941721 -0.00655070849389638 0.0571195947361194 0.0349817791803556
-0.00293250828232234 -0.0116901813577536 0.0566936968750452 0.049095411249258
0.00826818741471928 -0.0128091351869928 0.0283844545151147 0.0712704456136387
0.0137540321382894 -0.00328069957579274 -0.0172686420942924 0.082713498471625
0.0198293242827335 0.00425930426615491 -0.0583071999695773 0.0920702100683619
0.0182034243883456 0.0202818373452991 -0.0904294351888438 0.0867377744472952
0.00743243562338652 0.0413957692051901 -0.084486023538226 0.115043680919832
0.00272984533898406 0.0571842844831545 -0.0226484885092495 0.0719354918576212
0.0192759562776029 0.021045099502139 0.0422963261345178 -0.0177608689928954
0.0161184217674643 0.00235464170500582 -0.0302258250586949 -0.0690814167347211
0.013085093604075 -0.00646376564648487 -0.099012653441933 -0.0160026455803802
0.0127778137251415 -0.0190986172379282 -0.0768751160348209 0.0688881491030548
-0.00243458348033172 -0.0244535679685607 -0.0142721157143548 0.084947348520732
-0.0133886432494816 -0.018043669584496 0.0233403449028696 0.0617710320907427
-0.0199135338984715 -0.0209108149809045 0.0411230422234431 0.0390572409752074
-0.0194304332409436 -0.0253050029606271 0.0534716978046119 0.0242642504823473
-0.0100013278982866 -0.0435051618947763 0.0600884424046716 0.0337353348836964
0.0241379672312136 -0.0453096273433049 0.0456023131017732 0.0587082916888712
0.0492739169708558 -0.0161506154090611 0.00603476368659041 0.0802218214944705
0.0564548922921639 0.0312493926256691 -0.0405173081204958 0.0965312032814882
0.0257982657152103 0.0719676980059038 -0.0765892346044419 0.0868021390940477
-0.0110319508607307 0.0899478595258131 -0.0732709053028079 0.0980875683742082
-0.0200479465339445 0.0912366323126126 -0.0153984200597588 0.0476222966019524
0.0242070824535858 0.0593154970642907 0.0509481109570218 -0.0265332796191899
0.0436695977976013 0.0240556710931637 -0.0153017951873068 -0.085161905670787
0.0394845226138627 -0.0158442165855013 -0.0969327184941771 -0.0357014908911854
0.02433193487084 -0.0418323667856471 -0.0818407503875794 0.050743577887805
-0.00542455135233922 -0.0476010881938811 -0.0257370329036447 0.0719404153181423
-0.0250223876124511 -0.0338606762804534 0.0111092780266569 0.0530203027789866
-0.0330966522139497 -0.0333858400420096 0.0305108896879947 0.0291476047239763
-0.0316892905734733 -0.0382752955227249 0.0431240025312484 0.00883461027313842
-0.0193200602573672 -0.0649778781462664 0.0582687858013592 0.00911900237595557
0.0276514602007128 -0.0729163358001918 0.0619373183045356 0.0338082294538803
0.070451449958424 -0.0376858236998113 0.0355129827123204 0.0680695455820616
0.0911466753896302 0.0372279638892299 -0.0141641326028696 0.0964428701006669
0.0419480983977665 0.104584759885796 -0.0604406903430195 0.0831648560905308
-0.019906070946719 0.124554527861756 -0.0570912804120899 0.0696743028417696
-0.0437488295131686 0.110363249386827 0.0012320044852683 0.0138654312021056
0.0188432895029439 0.0947697273201116 0.0625753852379369 -0.0406067263690777
0.0633396209095173 0.0510127246670636 0.00732615074828639 -0.100046042433908
0.0665515913313812 -0.0177538383913798 -0.0829320946385373 -0.0598089233835059
0.0379241784787871 -0.0589091133173356 -0.0796539776729419 0.0230956891973082
-0.00552300175654051 -0.0662777708220868 -0.0367543293095365 0.0488151152228232
-0.0324979472389797 -0.046743130649411 -0.0051977437661889 0.0372670068775375
-0.0420149192145537 -0.0403097607252255 0.0147419355357906 0.0150422484230448
-0.0391617282343793 -0.0436212615087446 0.0270395236630348 -0.00934943841493341
-0.027024441561934 -0.0737182880969951 0.0486676958667392 -0.0178086475151423
0.0225792923266862 -0.0878925802647363 0.0694363520932367 0.00168189115606901
0.0743631172272053 -0.0564251821046916 0.0614052789637658 0.0458210182634708
0.109577689678793 0.0291892841912428 0.0111857200471176 0.0864024006606107
0.0552062528339082 0.115814769278626 -0.0471512990319798 0.0730253819080094
-0.0225036354809134 0.138292000274758 -0.0405067749869251 0.0340133420910882
-0.0612181952913226 0.110726723587192 0.0252146658448029 -0.0258462608602796
0.00440593014867998 0.113800929874216 0.0748840767743634 -0.0560065342191975
0.0670219633465402 0.0745966311341479 0.0335374498886532 -0.108157804985484
0.0835336638463834 -0.0103123399150062 -0.0560637267275876 -0.0802544854144737
0.0485511200055955 -0.0641697598421175 -0.0677052116690486 -0.0112963209147977
-0.00236449271984141 -0.0748380586432616 -0.0452543496113661 0.0177646026172451
-0.0351596379838823 -0.0521621090913147 -0.0224007181219487 0.0161583871948704
-0.0448838556285949 -0.0409713648225075 -0.00294556044177585 -0.00109613246067762
-0.0409758340231135 -0.0424318176059542 0.00916998567085491 -0.0261403754530201
-0.0296089953699581 -0.0709473108054074 0.0341424266554235 -0.0411586001328664
0.0161704570844549 -0.0867207428434052 0.0680880108685799 -0.0273072752718804
0.0672945830971923 -0.06144823080026 0.0763694144106711 0.0226065786920469
0.108129105259924 0.0208025607701097 0.0283421447131812 0.0706662854963785
0.053729222505987 0.110449323044906 -0.0369417223874247 0.0595103290737301
-0.0238466808682546 0.131210169767732 -0.0250283055501133 -0.00291777614737446
-0.0653622672766211 0.0900781959629862 0.0507509267085793 -0.0643622124329619
-0.0130012823122897 0.10769947849268 0.0850249344708903 -0.069983731720305
0.0533687518606625 0.080455102410544 0.0552264662183797 -0.105966039789509
0.0801203160518095 8.54953660644739E-05 -0.0219874158855533 -0.0896458350049103
0.0488448839616466 -0.0555682855797658 -0.0467409588666658 -0.0425394919910525
0.0011553218535215 -0.0685470474999953 -0.0483259673519415 -0.0142514096114949
-0.031944529980675 -0.0486046073274643 -0.0381566933220489 -0.00627203729129718
-0.0410905169306731 -0.035346922393496 -0.0188458888422656 -0.0167243326567657
-0.036517908450564 -0.0366407050991554 -0.00756886807836116 -0.0404205618792635
-0.0261541368982079 -0.0596563170074687 0.0206668276879875 -0.0576235480313907
0.0130574993757253 -0.073866260716911 0.0626111255864544 -0.0485067326971925
0.0567852077455311 -0.0531862564446963 0.0822778157917335 0.00469232024098602
0.0911054990374474 0.0196495685935876 0.0372836365849685 0.0555471494194465
0.0392968266014087 0.0955240174386262 -0.0300666649610428 0.0457439549491806
-0.0275815032564887 0.106724554492958 -0.0103264063392452 -0.0343252129883838
-0.0546673478934685 0.0544100981974109 0.0711717999099842 -0.0945789285595323
-0.0231829778805365 0.07651232885869 0.0909971934823709 -0.0792992641071632
0.0307150259940886 0.0639027027740477 0.0670381287166235 -0.0981953518814042
0.0572886045907965 0.00598315479011964 0.00591569892357442 -0.0883978589203987
0.0361353458425994 -0.0379087742500186 -0.0270502837194952 -0.0638652726157715
0.0022910335836098 -0.0494718530688107 -0.0487576053690818 -0.0396418839528489
-0.0232696294128192 -0.0360602350088624 -0.0492309746761844 -0.0250225995953511
-0.0304197280853592 -0.0250870179433837 -0.0316914524306718 -0.0292383825674004
-0.028057947490683 -0.0265635661675489 -0.0200280483978504 -0.0510920683630488
-0.0201976105848087 -0.0434312713815352 0.0114191756299163 -0.0686694016937404
0.0105514712090623 -0.0536626564979811 0.0584359054872892 -0.0613975716286724
0.0452426171112559 -0.0377783668069798 0.0838160369626777 -0.00460625500404457
0.0665392189987007 0.0218888661225522 0.0415173839205238 0.0460166903863719
0.0177118792582978 0.0751097737552619 -0.0228461920901271 0.0352034044630435
-0.0311114025823 0.0709964849864074 0.00424194939210008 -0.0563496210876116
-0.0321642697349721 0.00915291587032651 0.0793339633280742 -0.111021677582235
-0.0236513253232104 0.0306634478906456 0.0888561443502413 -0.0836989531332554
0.00733499495942006 0.0300888914284789 0.0681410460423076 -0.0910332890864727
0.0226706568883237 0.00438203100633562 0.0191162507057884 -0.0851498207157259
0.0145250583136138 -0.0146319972158612 -0.0173622464701568 -0.0735080221096478
0.0020727477318814 -0.0210954073164054 -0.0487068874215188 -0.051848638480376
-0.0108588628634652 -0.016695450184277 -0.0555121334288541 -0.0356043966554096
-0.0160048737293416 -0.010958950436177 -0.0390687363202445 -0.0371407913434531
-0.0158548277484287 -0.0143232663823054 -0.0264220610627519 -0.0570499815572909
-0.0125561751105732 -0.0239928386428216 0.00756391549533934 -0.0749000889014125
0.00641605896993054 -0.0313460728804046 0.0572920860774863 -0.0680836022984521
0.0313252536517693 -0.0210721100252759 0.0859134861405692 -0.0064820795120546
0.0386385143861727 0.0221006673531912 0.0432601559372383 0.0421359744306612
-0.00236405146161479 0.0482336135733546 -0.0176947781971521 0.0283946654130733
-0.030732248192323 0.0273597251571343 0.018404001071427 -0.0671163054439789
0.0184970102072258 0.0162259912594334 -0.0217628062118405 0.0783365890009378
0.00747692497380777 -0.0120594993200382 0.03650753102698 -0.0125136445691369
-0.0100990125998104 -0.0105336460282086 -0.0350981639015882 -0.054997533326922
-0.00759330521657104 0.00650144653922222 -0.0905096308090648 -0.00644549865155727
0.0043780551519421 0.00386145897650002 -0.0668962028748172 0.0720372034764638
0.0025675686197561 -0.00149769517812594 -0.00634881193670389 0.0840816557757284
0.000599300746866087 -0.00200194143293294 0.02672150085098 0.0600406937161678
-0.00322106846540952 -0.00554406127323784 0.0440544112657812 0.0409852648218737
-0.00414145324525785 -0.00685214171328977 0.0535192171771463 0.0326726430484119
-0.00255061697279088 -0.011434515876563 0.0537504779122626 0.0463006442217299
0.00754983032689229 -0.012258143131902 0.0272622375962766 0.0684744095368504
0.013092501560328 -0.00296098330021925 -0.0169547340776113 0.0791027997093515
0.0186543399755038 0.00422606163965811 -0.0556079230451228 0.0863360902492039
0.0172465545784069 0.0194712314513231 -0.0870329278793099 0.0800820469871387
0.00656088809348635 0.038911581950082 -0.0812952269265497 0.108172214977451
0.00253564355629351 0.0548392765788233 -0.02220483974631 0.0680895222778844
0.0177222696424019 0.0201604926967859 0.0404125149048298 -0.0160861409442608
0.015324608580737 0.00239633273920012 -0.02798473777756 -0.0657379576653425
0.0124861801616869 -0.00614878512248037 -0.0939704201887492 -0.0169877556800433
0.0122901318003965 -0.0180696093923795 -0.0726637495564656 0.064355889909599
-0.00219896487729279 -0.0231388252938921 -0.0143653573987513 0.0799878901788066
-0.012892234368109 -0.0174761204479901 0.0214584383401217 0.058168403624231
-0.0187053919985472 -0.019595595105056 0.0391909758006573 0.0362318217769241
-0.0179664123411199 -0.0240311632379802 0.0500043070778837 0.0227631338264416
-0.00927454917602175 -0.04100619163761 0.0570047219801873 0.0311408843355517
0.0227947052222273 -0.0433945291083666 0.0431882441183802 0.0559999410235617
0.0471458126389438 -0.0145125698403822 0.004077333098769 0.076152459880727
0.0535266411514478 0.0300228554381293 -0.0390961412562733 0.0916642380979551
0.0236882310310295 0.0683006741069984 -0.0742880396640596 0.0809858122816213
-0.0111835823916904 0.0856349222689019 -0.070185739702968 0.0920872024928478
-0.0197523089481639 0.0864097735960889 -0.0150999485232837 0.0460105893209915
0.0221502029263393 0.0565716045565215 0.0482875598100808 -0.0244630292374585
0.041030983038658 0.0222974379125479 -0.0132770205988134 -0.0812767719693281
0.0373702088538371 -0.014972757101211 -0.0911265512682219 -0.0353093372205397
0.0230128813533922 -0.0394876059228828 -0.0776391608196774 0.0473861639448797
-0.00523188760220454 -0.0448333843886291 -0.0248448162613621 0.0678523666790459
-0.0239628131579136 -0.0321541180381197 0.010070130384427 0.0499396452117823
-0.0314235747346824 -0.0313051386693032 0.0286936224589325 0.0272623009776316
-0.0298888464850828 -0.036201411685569 0.0403356524739146 0.00839038760261849
-0.0183122656712495 -0.0613304153278737 0.0549329453392061 0.00815728825010428
0.0259739398725632 -0.0696865483015915 0.0590879286785245 0.0321482147450693
0.0669069072738542 -0.0353479350712312 0.0332475479790583 0.0656600431042616
0.0859024800849275 0.0355542718407173 -0.0149705421430357 0.0918308987842954
0.0391927495822683 0.100053125612234 -0.0588543741283113 0.0780820444345245
-0.0198547704262162 0.118511789762993 -0.0552817749475845 0.0661437394184826
-0.042040664635712 0.104434899881492 0.00063128235503579 0.0140239119240338
0.0172719073324134 0.0899263453194992 0.0592824263237465 -0.0372466877174188
0.0599310587234324 0.0486513544328002 0.00847866528765911 -0.0958650058425081
0.063228696004832 -0.0162017683430367 -0.0775411990483827 -0.0579446936905635
0.0356981594728627 -0.0553451269025545 -0.0754429645667476 0.0203364587426052
-0.00535177849107841 -0.062535057115177 -0.0352647578737449 0.0461007521561653
-0.030745145649903 -0.0442554662519172 -0.00497865220967905 0.0354498720257681
-0.039718083355663 -0.0379563332790135 0.0133399797174926 0.0140219907233694
-0.0369493493733244 -0.0416878424774154 0.0253228540372797 -0.00903844989099153
-0.0259684576345518 -0.0700444256850486 0.0457550140855017 -0.0172119631353083
0.0212736964867592 -0.0836284060474928 0.0664048415159702 0.00128187526375725
0.0704713088052496 -0.0533516518346706 0.0576564964851034 0.0449229545908716
0.103932305341289 0.0278188066497485 0.00905686099331887 0.0825349907299746
0.0513810195169219 0.110672085889489 -0.0459745325761161 0.0687242056764806
-0.0227827211885683 0.132225979352362 -0.0386285983722697 0.0321962243638946
-0.0587493580374261 0.104840147967463 0.0237362323764992 -0.0240609874288817
0.00318976563875031 0.1079581590778 0.0711042811259356 -0.0517312592776654
0.0639089605986835 0.0706996230304925 0.0327318282154521 -0.102998891978389
0.0790169239201858 -0.00947149021168449 -0.0512196781006787 -0.0770315859901802
0.0455688159781341 -0.0608121322240773 -0.0637129353200746 -0.0122818989201628
-0.00264174447985841 -0.0704991342143541 -0.042910459394644 0.0168790030578903
-0.0337281349907983 -0.0494433475203801 -0.0214191920857791 0.0157261408879298
-0.0422544543640169 -0.0386589685298984 -0.00235194446716418 -0.0015421549115435
-0.0383854436998775 -0.0404337008434187 0.0082600650619631 -0.0251191861686913
-0.0280253830264008 -0.0667666949245053 0.0324873590687491 -0.0390523152463072
0.0156548201340801 -0.0828579920220493 0.0653210009948639 -0.0262425685223452
0.0638882449164076 -0.0579098884473385 0.0716191266532266 0.0222573570064868
0.10227408981854 0.0205942481400368 0.0262193296996594 0.0681700548668362
0.0510323873147795 0.105600297455621 -0.0365154631053546 0.0563324209158718
-0.0242081229996417 0.124753163441658 -0.0237098977405427 -0.00221894362884304
-0.0630693175240197 0.0853292410255981 0.0490331890700455 -0.0604366517691403
-0.0133472844459707 0.102054143562967 0.0811198862295469 -0.064772581415297
0.0499141386355918 0.0765138184333743 0.0534361676010718 -0.100312543683181
0.0760666808258295 0.000782795540772793 -0.0187546072702804 -0.0854200800956106
0.0458169626453757 -0.0528192448922678 -0.0442013855410781 -0.0413730068190092
0.000544680791887036 -0.0650389482631526 -0.0460227609990076 -0.0136536068530011
-0.0301021480713279 -0.0465674938466169 -0.0353945419301013 -0.00540697246164604
-0.0383754700756007 -0.0331396411320853 -0.018132817114732 -0.0162987663929253
-0.0342228627006111 -0.0346932809222921 -0.00748138799595747 -0.0378129670765759
-0.0250053901762911 -0.056205313851879 0.0195989120859209 -0.0547725633721225
0.0122942064136847 -0.0700349486210715 0.0599260881948863 -0.0465537651654018
0.0540689807236212 -0.0498006685397966 0.0771740095328658 0.00517822015180292
0.0857768250463776 0.0189302704857033 0.0341707264915563 0.0535311945279558
0.0366931319455431 0.0910867728224038 -0.0287387067721766 0.0433322323131349
-0.0269151611944472 0.101356071251597 -0.009498819656107 -0.032698090872861
-0.0524447501838558 0.0511093803085067 0.0685361861785923 -0.0882520196029091
-0.0222784080699307 0.0727983306892082 0.0869158112449332 -0.0728154600710567
0.0285121169031791 0.0606597938122894 0.0650481084999969 -0.0925478799732222
0.0541885389362467 0.00580020590704349 0.00746523991945742 -0.084538844753819
0.0341430839949233 -0.0357234798790171 -0.0253495882046145 -0.0618163825796103
0.00212796944541211 -0.0466016815612365 -0.0464149934726653 -0.0379825045314265
-0.0223385490119728 -0.0341901301057624 -0.0464996314380504 -0.023504436550708
-0.0285145190378722 -0.0235041336084842 -0.0295851077525914 -0.0282370325169728
-0.0264015497112817 -0.0248028928691789 -0.019135898077496 -0.0479930485559503
-0.0190714527463245 -0.0409954683506554 0.0110454971303628 -0.0652867717321655
0.0104871300740279 -0.0511594658873154 0.0561885802239994 -0.0585712666477527
0.0429630140387645 -0.0351779334468026 0.0795726066984659 -0.00365080796335746
0.0619339061800528 0.0208398251192589 0.0384088146790324 0.0443805139807084
0.0168471323362951 0.070965039011481 -0.0225085576500904 0.0329901603743672
-0.0297108890672358 0.067043636658718 0.00442090903861761 -0.0532212326611493
-0.0304089639829199 0.00839413707231301 0.0763380718226501 -0.104978665527628
-0.0222583037385803 0.0290292698849411 0.0853703328735922 -0.0775323357466021
0.00662879781774374 0.0281893010928615 0.0652674549603522 -0.0856804396107212
0.0208485071537152 0.0045820185534584 0.0196285233977214 -0.0811279609159901
0.0135697233067506 -0.0137355931608565 -0.0161694851293588 -0.0705604001249014
0.00210233394568967 -0.0198685292521989 -0.0462824689196881 -0.0494783301781097
-0.0103010908204753 -0.0159273352528803 -0.0526152439866461 -0.0333132811143646
-0.0144363506042248 -0.0105339174410607 -0.0368943729033655 -0.0351691088171114
-0.0151369151077777 -0.013235653557993 -0.0251380710200504 -0.0538777648029382
-0.0114368016891876 -0.0222218210430034 0.00757068845059969 -0.0712662207838789
0.00650171260371181 -0.0294557576034153 0.0548143969204288 -0.0644620269438762
0.029748080478464 -0.019636677222818 0.0810540802436453 -0.00557921357093136
0.0360653547076137 0.0210792481855564 0.0394962913009647 0.0414652328267042
-0.0024741035383043 0.0455521136513472 -0.0164422823349975 0.027173450916949
-0.0294244785652086 0.0258346751062467 0.0176231849422974 -0.0631710060745235
0.0175807058088827 0.0163091848145574 -0.0236579144572195 0.0753560857840685
0.00752254784224522 -0.0114556333867574 0.0354449584078263 -0.0105741870013037
-0.00960926116149684 -0.0101563106093161 -0.0319747029771771 -0.0546380557988143
-0.00753265680458135 0.00605534543456027 -0.0879821616728872 -0.00985297688423416
0.00388922275256641 0.00408413705633775 -0.066846154014373 0.0679963013465441
0.00261278526015736 -0.00131661881941494 -0.00879909158388152 0.0811295792181038
0.000551391460404133 -0.00197058707563404 0.0237594575538767 0.0588841100836298
-0.00296609383054061 -0.0058146946630066 0.041148297682609 0.0405396863126226
-0.00374693448427879 -0.00649628028938154 0.0509325991861575 0.0328837331808789
-0.00197489904014544 -0.0119344995344792 0.0506914335722932 0.0463227300735519
0.00781505489045245 -0.0119408042109639 0.0240689559160065 0.0673706349783963
0.0133801285748285 -0.00237784244622248 -0.0197005235436901 0.0771689937838785
0.017502680709773 0.0048535772872758 -0.0573862199514186 0.0821347281570409
0.0157963120468133 0.0194860774841887 -0.0884374097890174 0.0743145308416415
0.00502923587857772 0.0381776980254153 -0.083382854785001 0.102500157999419
0.00102993425265674 0.0531169851849625 -0.0239108040406665 0.0661198091699855
0.0171569711472215 0.0197953785625781 0.0394789706004316 -0.0138390113910946
0.0147193036387593 0.00292896578812367 -0.0244874923090088 -0.065247473657709
0.012169687228314 -0.00558266030769183 -0.09008532342513 -0.0196851148776746
0.0124287231756368 -0.0172797985990933 -0.0728061415469886 0.0601005668467943
-0.00195112643870267 -0.0225697956283012 -0.015748079134114 0.0771782554520699
-0.0116742836732673 -0.0173199100209558 0.0188188159832278 0.0567756960608425
-0.0178731425474759 -0.0198396557872932 0.036548975986369 0.036289690991473
-0.0169394420661345 -0.0245393272131133 0.0472708014068645 0.0234862119045064
-0.00782245518389545 -0.0403715939428963 0.0545924369665879 0.0316828571407364
0.02285557703904 -0.0413720342066533 0.0409281766024308 0.0555470831398407
0.0464877739762631 -0.0123152492470381 0.00137887954977051 0.0753640895732253
0.0510316853268872 0.0311834478796182 -0.0414524997759358 0.0872726771969657
0.0210027126193142 0.0672319299667372 -0.0756266861722876 0.0755222498061587
-0.0139868042213971 0.0831704898686506 -0.0719650455202535 0.0873949272286249
-0.0213715504028344 0.0837203619323386 -0.0159612806908755 0.0446165734392855
0.0200028212229712 0.0555008576125779 0.0472170252375537 -0.0217426148790448
0.0390313001818705 0.0230670674200449 -0.00979301484940785 -0.0800067078785885
0.0361741110723376 -0.0131636736595566 -0.0871808135774326 -0.0380967308702375
0.0231478893268536 -0.0378652339837015 -0.0769974700639624 0.0431791927788497
-0.00392173768222214 -0.0436735826681181 -0.0259193702342732 0.0650376397494639
-0.0219695957378555 -0.0318916739699068 0.00786546523062942 0.0483007936680179
-0.0296393140176753 -0.0312186555172495 0.0269518931361566 0.0273780137007617
-0.0273522566680764 -0.0363828914288238 0.0384111903584484 0.00849582525698032
-0.0165224705809394 -0.0601798754483987 0.0531874024129503 0.0087666361910936
0.0264574564354888 -0.0671726844712468 0.0572298131734821 0.0321855348208442
0.0659790877789248 -0.0323053822718296 0.0296491088586576 0.0649975381358274
0.0821879196566511 0.0372516190955857 -0.0183867028995173 0.0888652841661973
0.0357593856220757 0.0986513316238199 -0.0610078296789706 0.0735580231015132
-0.0238590383779401 0.115483519103174 -0.0562250102805126 0.0624472065168773
-0.0434626755128895 0.100731565657805 3.74012730721242E-05 0.0142178625900207
0.0138496555313384 0.0876662467531284 0.0583481616390892 -0.0333342494414274
0.0567188893124394 0.0489349418028839 0.0119788544637261 -0.0929867992611836
0.0615461774416967 -0.0141112159591788 -0.0729177309135375 -0.0595383732039999
0.0359058717080853 -0.053263628989974 -0.0742569448637226 0.0168461591710716
-0.00352701327338595 -0.0612417305144521 -0.0357233535349876 0.0437302662624466
-0.0291463335154199 -0.0435518254782852 -0.00583558708174362 0.0338075964014715
-0.0375081608969143 -0.0377115022880147 0.013056993044014 0.0135910712463765
-0.034618088945142 -0.0420652165504282 0.0241638844005872 -0.00837089338383248
-0.0233312341511016 -0.0687916416423703 0.0446277846648444 -0.0162830652685171
0.0223711122713153 -0.0810739381571075 0.0652385655326699 0.00269198960316158
0.0696313521126584 -0.0496786237654962 0.0541332797401737 0.0456825701873577
0.100070452890493 0.0300937148446929 0.00531152486143281 0.0814564616624848
0.0472066326667468 0.1096493312851 -0.04761327626351 0.0658306828897873
-0.0258408251241514 0.128784280838669 -0.0393473420100589 0.0300412721798039
-0.0606398347143367 0.100160738828058 0.0239273281107979 -0.0213255768980773
-0.000538331819708936 0.104791111711852 0.0705918762482881 -0.0469955060021472
0.0595286304509331 0.0706010923171713 0.0361230193392054 -0.0997788688452212
0.0770798996421993 -0.00688771668956304 -0.0463519326928634 -0.0768844816605567
0.046115276748297 -0.0579710653220769 -0.0616845580626342 -0.0143612586965846
-0.000754759739859173 -0.0688551695552869 -0.0426397242172122 0.0149553546482804
-0.0311061187666269 -0.049120060918724 -0.0207167352718584 0.014285402812985
-0.0400124229945321 -0.038296452412431 -0.00240047813363518 -0.00171972207500464
-0.0361015853082419 -0.0411068492000113 0.00855782330466611 -0.0240674921090455
-0.0254943082989319 -0.065945926181325 0.0327257544093026 -0.0377169739283831
0.0166987912687637 -0.0801131094828337 0.0647412671684138 -0.0248067217455903
0.0639415659808509 -0.0545716373983062 0.0689693309952312 0.0243057085268062
0.098516809871877 0.0223334597608857 0.0218043529353595 0.0677575887086807
0.046643637330874 0.104011471500705 -0.03806951014781 0.0539588033033163
-0.0270659221433765 0.121850108314574 -0.0233827131957973 -0.00295549754849902
-0.0637422952531001 0.0807824950762279 0.0500422183820803 -0.0565367281961259
-0.0158024027797867 0.098802571491169 0.0809928484550376 -0.0593332159747671
0.0461789995753588 0.0756527187878159 0.055807805770937 -0.0963203413016345
0.0736245733944885 0.00298837689966912 -0.0147761320251121 -0.0842887949096875
0.0459032070686784 -0.0502432834230473 -0.0415924553244042 -0.0430502716160753
0.00203237146701369 -0.0632368027825924 -0.0446884426886918 -0.0144233134200519
-0.0281298885415578 -0.0456928139400315 -0.0342446816084755 -0.00640288573422518
-0.0361722007284305 -0.0328873466587096 -0.0168708901223102 -0.0163385668412803
-0.0324016371582242 -0.0347399411419101 -0.00615975786516288 -0.0372438560295712
-0.0224957277631985 -0.0555413164353763 0.0203280288502681 -0.0529444719256451
0.0137913779174078 -0.0680487017534941 0.059952487703249 -0.0442684421203562
0.0535043043820764 -0.0467201509085027 0.074866195775139 0.00754342925905901
0.0823676272957225 0.0204813579529424 0.0305337749845923 0.0540168811211419
0.033809223729004 0.0898343891633015 -0.0303901409650444 0.0422101267296139
-0.0288565999421303 0.0986042282403179 -0.00874215600187379 -0.0317833238728209
-0.0523365259639182 0.048324427734834 0.0699595701216014 -0.0834510900942971
-0.0240643038832228 0.070023072411523 0.0871882635921701 -0.0678950705698753
0.0257621070044549 0.0596911518140878 0.0666727926058609 -0.0880898086709822
0.0522961381745786 0.0073470300472025 0.0109237845778193 -0.0824025284018709
0.0337472365331329 -0.0333937319294737 -0.0222795296180456 -0.0618878916677179
0.00326909608749113 -0.0454529686731047 -0.0441799437506313 -0.0380464398158304
-0.0203352264508624 -0.0340069967914886 -0.044058421465905 -0.0238434923653646
-0.0266440656127292 -0.0231748289748344 -0.0280945957677886 -0.0284942652251062
-0.024893998910655 -0.0251127090879981 -0.0171891018173964 -0.0468681320206462
-0.0171563240635176 -0.040191544532607 0.0126167014305851 -0.0634578701999216
0.011192950528831 -0.0495549269413299 0.0563323925013416 -0.0556387963504726
0.0417784629017 -0.0324066567288159 0.0771314280385024 -0.00142990017873947
0.0591519651905275 0.0217896989955472 0.0350263460823777 0.045053967287779
0.0142375540079191 0.0694482164278669 -0.0234985807002311 0.0320085992914458
-0.0309777110832231 0.0642650601558005 0.00596919075797649 -0.0516357889889997
-0.0297870341838721 0.00717226166740102 0.0781464720559062 -0.0998939645004272
-0.0227285024979827 0.0275381552487042 0.0863870403107414 -0.0719146519995484
0.00531914875314886 0.0275971215551869 0.0670761165289528 -0.0818126906958438
0.0199635715687744 0.00519087395201291 0.022888161657425 -0.0791301878084099
0.0134072399155074 -0.0127938514096414 -0.0136591306980752 -0.0700523202933399
0.00278253438262742 -0.019829732813666 -0.0441323707694987 -0.0494058856915824
-0.00944274381424218 -0.0155657332798847 -0.0497346990677693 -0.0336321589624355
-0.0135821769599728 -0.0102295957210868 -0.0350109033323106 -0.0351696330273792
-0.0142010235697174 -0.0129399423355439 -0.0228106206023093 -0.0529197713322335
-0.0106178665395942 -0.0218603073889988 0.00954036306477327 -0.0688321913100381
0.00730358236822298 -0.0285529299335333 0.0550288491330995 -0.0615672557758907
0.0295990726845191 -0.0177853966619295 0.078928368658342 -0.00307690460908996
0.0338954011156598 0.0213930397684991 0.0369066605906581 0.041546217485825
-0.00321623425164403 0.0438504827115322 -0.0175316523863728 0.0261135630485047
-0.0290451071264482 0.0240741033477052 0.0187570475001883 -0.060468029454668
0.0177364792869078 0.0171780403332617 -0.0263567619807483 0.0755672685898282
0.00825473907508833 -0.0110545322183417 0.0364222292150632 -0.00912001187013161
-0.00928792072319637 -0.0102116371972421 -0.0302737326018073 -0.0565812475878357
-0.00768659509533113 0.0060959083858724 -0.0889123851465067 -0.013582352939566
0.00412135660345142 0.00393345541670279 -0.0699396471315326 0.0660012511525711
0.00255835605893245 -0.00132097561155055 -0.0115624101798942 0.0814308067960698
0.000474589229735914 -0.00152712278719928 0.0214309373254273 0.0604373901947975
-0.00323734280308982 -0.00552515255848864 0.0398429120673752 0.042077831959203
-0.00361221412942635 -0.00736758168136891 0.0497084506941754 0.0348020538424358
-0.00198561117196368 -0.011746018177376 0.0496677628978789 0.0474310040401911
0.00857665958384366 -0.0119944082049891 0.0222622570567023 0.0688564030982433
0.0139140060792553 -0.00190656253123358 -0.0228812440021309 0.0778304215868955
0.0176506648888407 0.00570785896563927 -0.0610724490670295 0.0801064654353844
0.0148793939197188 0.0200972125557943 -0.0926872104943814 0.0714743895370118
0.00386554020862244 0.0386362445751268 -0.0877964517218906 0.100139657570366
-0.000505633546540314 0.0538924321861605 -0.0262257331190613 0.0657019321715181
0.0165737352580856 0.020724473486687 0.0398757274795812 -0.0117914162714019
0.0147223626440598 0.00331209962284437 -0.0217953228982536 -0.0669205774850709
0.0121675503569264 -0.00452702997708627 -0.0902667711903834 -0.0242208690062121
0.0130430550606697 -0.016939714252014 -0.075217104223352 0.0576560928171248
-0.00137672855569938 -0.0226262097802793 -0.0184493979486481 0.0769768826530753
-0.0116005708752679 -0.0175124937664247 0.0162524003294745 0.0572532435564459
-0.0173429085919958 -0.0201745708099621 0.0356074515861039 0.0372332776791202
-0.0165349889805027 -0.0253487044739514 0.0468631534211146 0.0246189061713303
-0.00666930318014832 -0.0414247108096363 0.0539781680817426 0.0327506423668224
0.0242152160297622 -0.0416947276577252 0.0395532998184941 0.0572391394660565
0.0472835280259833 -0.0116287143194807 -0.00192700324241023 0.0767937426289603
0.0501092782071678 0.0329021882876135 -0.0453361334477107 0.0868643654881065
0.0188905291475075 0.0687581905425782 -0.080142415671632 0.0734308609004197
-0.0168880270995653 0.0839789668084511 -0.0758747247659402 0.0858031547735018
-0.0241753084149994 0.0840151806347989 -0.0179818888547773 0.0451866290214984
0.018044338401482 0.0566076564992119 0.0481062344720946 -0.0192054275579622
0.0383423942621894 0.024405773776019 -0.00656928110322637 -0.081186631356528
0.0367563647731609 -0.0115930971556599 -0.085756770730022 -0.0418764208230704
0.024481680216964 -0.0377890782864317 -0.0790281445450257 0.0405064198874985
-0.0029681748493018 -0.0441969791962602 -0.0285687687095593 0.064989423941241
-0.0215111146529808 -0.0327641826365196 0.0062298656310608 0.0493977099239707
-0.0291410897999551 -0.0320008922642342 0.0258787758219957 0.0278709984019478
-0.0264588238820766 -0.0378152580621436 0.0377569122040669 0.00949704234326142
-0.0146255060569115 -0.0614721949688453 0.0534315868785532 0.0101797353639782
0.0286814096052566 -0.0668835281631706 0.056796085303373 0.0342641470864053
0.0680280404579067 -0.0304303272637062 0.0271354620997802 0.0673660821737215
0.0820138293392972 0.0402871643096571 -0.0219126456245805 0.0892179206625752
0.0326152504765634 0.101120535476037 -0.06485538970211 0.0718325832962662
-0.0277658310736007 0.116595859573777 -0.0593511982521051 0.0610014280708967
-0.0477661213401071 0.100207543447998 1.62291859595187E-05 0.0152302057220864
0.0110206736275282 0.0888885502210601 0.0599846295595435 -0.0300736888741511
0.0552265968742389 0.0508054634020356 0.01570511258681 -0.0943686771916052
0.0622558731619691 -0.0121272607441901 -0.0704072409277493 -0.0630563123675903
0.037619730426845 -0.0528341633346339 -0.0756079122162404 0.0135649724840925
-0.00239685079171544 -0.0616705642669183 -0.037617376070871 0.0432711984741006
-0.0278804200109434 -0.0445969432006794 -0.00733348363712742 0.0340149729077909
-0.0364602132630037 -0.0388584977750049 0.0125805115328146 0.0139739562657217
-0.0334061573828949 -0.0435317216309825 0.0242189376478891 -0.00833470717133192
-0.0220269604033081 -0.0701620492772116 0.0456643974066366 -0.015602014337493
0.0240986830943032 -0.0812666840916377 0.0660631733728437 0.00372358997011388
0.0723737647385457 -0.0480441342648854 0.052870792986031 0.0479507045397156
0.100131735664311 0.0336378784852955 0.00198981259339562 0.0825973587628766
0.0445753728469628 0.112448054666507 -0.051367734233243 0.0646488051282839
-0.031007517104846 0.129625907962022 -0.0408319027680278 0.0292551987619791
-0.0641917151025318 0.0989221083988912 0.0250085738037869 -0.0203773798601796
-0.0040033794426723 0.106256949853358 0.0723644533413538 -0.0441589848298578
0.0572802234541627 0.0729212317885099 0.0401147947609046 -0.0994824687175764
0.0776391644741894 -0.00425882232278592 -0.0434781691488558 -0.0803328702430462
0.0474154896851573 -0.0569731683851896 -0.0616260325166217 -0.0177162265004209
0.000617294501659284 -0.0693933067197944 -0.0434970893542433 0.0137103524223059
-0.0299407177866221 -0.0501786620517282 -0.0210824063868448 0.0140327723751265
-0.0390302807250303 -0.03959668209767 -0.00238086905333216 -0.00200926267494291
-0.035148594475508 -0.0427371100904932 0.00904097182388586 -0.0244195377453087
-0.0241092934999677 -0.0672567970386225 0.0336431568141222 -0.0375089648094201
0.0190619207137625 -0.0810737224643174 0.0662543781706038 -0.0237159450532186
0.0654978258631029 -0.0529145641830836 0.0681566742198621 0.0267370094391653
0.0982732612950198 0.0255527931974533 0.0187611013158114 0.0699181535406445
0.0443051439364419 0.107154476289691 -0.0406154829975925 0.0538783783491192
-0.0319732984311685 0.12264786015144 -0.0235842037356221 -0.003425469112448
-0.0671083771313979 0.0795619856650714 0.0521207918738665 -0.0549047253602536
-0.0194518379257049 0.0992076155211492 0.083855638822496 -0.0564155678084664
0.0439407517265036 0.0781072577738994 0.0606283372032341 -0.0953155832757557
0.0739743090450379 0.00544157554541927 -0.0109853083152964 -0.0864410078131033
0.0477152448907905 -0.0491661428266893 -0.0407286343135684 -0.0463039681093434
0.00413014773782742 -0.063975391392417 -0.0445993166767181 -0.0162314707286876
-0.0269313655422357 -0.0466320394222041 -0.0341210052012117 -0.00722268893554385
-0.0354879750525697 -0.0344515903820499 -0.0166493649239853 -0.0171228518470284
-0.0318844482091682 -0.0359778409139742 -0.0055678205011418 -0.0380693389138525
-0.0214459241608544 -0.0562234608084572 0.0222989378533458 -0.0535990674766608
0.0153799376608057 -0.0687336873608262 0.0615320081579554 -0.0435178851653762
0.0552361354957499 -0.045445573244151 0.0750341921121035 0.0103895117878755
0.0822284483988806 0.0229428710567449 0.0285222728666449 0.0566127848990647
0.0314388641710505 0.0921355927233958 -0.0328032792334012 0.0410299445322056
-0.0322610166716401 0.0988514843657526 -0.00761714991363124 -0.0322183059120372
-0.0545322597867577 0.0464906583999154 0.0736608169014903 -0.0817796342817107
-0.0266109523708729 0.0697587038672774 0.0906253080313502 -0.0641545168153027
0.0238086185937293 0.0607417186945155 0.071003352085598 -0.0865733405232496
0.0524140810570816 0.00916770329172863 0.0149211257665278 -0.0836830536153913
0.0354536680598774 -0.0327775617166133 -0.0210373424734415 -0.0643347206125647
0.00460314044056568 -0.0455917735731597 -0.0434723855838419 -0.0395984606806511
-0.0195893594135637 -0.0344863679991671 -0.0436358611247511 -0.0250715362490242
-0.0256444150716768 -0.0236961014730206 -0.0277196515295419 -0.0295190488266246
-0.0243306097752497 -0.0256648473986498 -0.0157174794320569 -0.0475815100512413
-0.015990228975465 -0.0406320613873955 0.0141770953377566 -0.0635558484801504
0.0126996046004696 -0.0497792736419905 0.0584091469345607 -0.0550286090581364
0.0432409010160776 -0.0312864409959589 0.0776732456725159 0.00197215735297676
0.0591676163086089 0.0240242443886719 0.0332684549164882 0.0472821211307821
0.0126374109128778 0.0703204133336769 -0.024597622559369 0.0317069961976847
-0.0330637399284581 0.0640613097695036 0.00723689791544773 -0.051547384562776
-0.0304291355758983 0.00661792028844293 0.0829328592473681 -0.0977745472892346
-0.0231805434219383 0.0269007685317182 0.0903792741219565 -0.0687393334176558
0.00442025725911472 0.0274896329806451 0.0708172016461095 -0.079646315981474
0.019799277811235 0.00605613248089429 0.0263057033264133 -0.0795695721955571
0.0139120485980714 -0.0124532533544578 -0.0117887736352466 -0.0723656626555877
0.00289366362138219 -0.0196368033408672 -0.0423151119388065 -0.0513254065676226
-0.00912065367712274 -0.0156257294655261 -0.0493048120602375 -0.0350239025210399
-0.0131011375815689 -0.0103010019556286 -0.034247746725853 -0.0367637363027593
-0.0138916783384369 -0.0130988146415434 -0.0213887216423605 -0.0537557014668851
-0.0103694557290582 -0.0218966363715644 0.0114160721452249 -0.0694625193319297
0.0081985485240178 -0.0284954644329422 0.0578406649195774 -0.0605044078990749
0.029325246972855 -0.0169888181104038 0.0796793229201374 0.000239685247345048
0.033286854665248 0.02255561413522 0.0356951623711366 0.0440489196214189
-0.00465097748523106 0.0441564870789872 -0.0183592860157987 0.0258900381310741
-0.0292621503953089 0.0231497866112431 0.0206537120670512 -0.0601354008206372
0.0183078331571015 0.0177326719584001 -0.028212348865633 0.0790107723887214
0.0090351981844426 -0.011650650370384 0.0381936892343864 -0.00857276363851804
-0.00954617255805581 -0.0109647907878333 -0.0299770681093337 -0.0590753854212004
-0.00801970757746183 0.00664271694581826 -0.0924833377126087 -0.0154416466832972
0.00426182896324191 0.00393809330335276 -0.0731016643689421 0.068250422857802
0.00238170470459549 -0.00123372580223202 -0.0127729315740689 0.0846645914297699
0.000931917299845677 -0.00192784861679437 0.0209201713225004 0.062630552232671
-0.00291338799959998 -0.006305939452233 0.0408644360057092 0.0439195148319969
-0.00375505449812298 -0.00783439890833424 0.0512089883222464 0.0364750423424706
-0.00194784257686412 -0.0125967675176715 0.0511761721520813 0.0498303595981961
0.00838625736992021 -0.01266556870182 0.0224643320039964 0.0720342098749891
0.0148304608675045 -0.00198004136423231 -0.0254031025816098 0.0814935232635202
0.0181362833899749 0.00647718764327403 -0.0645286386843957 0.0826853276513324
0.0153013029860369 0.0209857392256431 -0.097575818490356 0.072351836210953
0.00375571039419506 0.040586282156215 -0.0934713231053721 0.103335941537261
-0.000744519329498516 0.0562072688200108 -0.0282415807238604 0.0689632262323033
0.0170108417208969 0.0219166025216397 0.0419920155569711 -0.0114408332836598
0.0150632843193169 0.00360697516721 -0.0218022888142121 -0.0701208845004565
0.0124822505083534 -0.00444372330774185 -0.093699036613536 -0.02661177111755
0.0136225104327332 -0.0181321929978692 -0.0786329323130937 0.0592099708773272
-0.00169498603703643 -0.023768703443253 -0.0198956054766163 0.0801188448490246
-0.0116482804581753 -0.0186195868534692 0.0161510153923104 0.0599778234766475
-0.0179303440618199 -0.0210777644891241 0.0362374126964568 0.0386508312296107
-0.0170898679334104 -0.0265897414850703 0.0478055758433926 0.0255540551788602
-0.00717263080370312 -0.043484191567147 0.0557588456030004 0.0338342138240461
0.0251964575608202 -0.0435792243059934 0.041115921094983 0.0595168474644969
0.0501473462305368 -0.0116024535880529 -0.00270477569261438 0.0805860594039993
0.0519412310073454 0.0349279885954819 -0.0488529507633705 0.0901059827423102
0.0190627866037707 0.0719235133966999 -0.0848994101384577 0.0742627289399284
-0.0187375378051297 0.0876231875705514 -0.0806880348830972 0.0886807097710414
-0.025640209749185 0.0871307528591812 -0.0193844341340018 0.0476947900045726
0.0184721325083009 0.0593122614321991 0.0504802472066576 -0.0185329467454785
0.0396727180644229 0.0257255790235071 -0.00498003589099543 -0.085415003105477
0.0383364607861051 -0.0117368591222012 -0.088955329022228 -0.0456425709956473
0.0256203417361914 -0.0392576642642068 -0.0827679660336872 0.0409038319318241
-0.00308974373242165 -0.0459278937611713 -0.0301924037498007 0.0673992723538693
-0.0219415588204046 -0.0339937853284878 0.00606360308936084 0.0509167466171146
-0.0297645366596778 -0.0336862221272331 0.0263188500377402 0.0286940851474231
-0.0275314634151944 -0.0403360008678306 0.0388940094305789 0.00981397094270333
-0.0156721070165755 -0.0643240618075785 0.0552912795117375 0.0101167846861211
0.029405478432768 -0.0698585120674144 0.0591537055642791 0.0351199540130011
0.0706829722107894 -0.0312578135256584 0.0268709677521466 0.0711112429784953
0.0847662515704126 0.0428953560880812 -0.0245462325890066 0.0936160802395788
0.0333656754663694 0.105819192265356 -0.0695356113742333 0.0738830709718091
-0.0301172558444216 0.121571141985055 -0.0634932398450036 0.0631141251452294
-0.0504104857944976 0.104242887638465 -0.000397920673067733 0.0166317824213702
0.0108271825371915 0.0927208894493242 0.0626452119668132 -0.0300637165184962
0.0572026691788285 0.0536057984436134 0.0180575070862306 -0.098353562239604
0.0646948214309336 -0.0118712831522892 -0.0720083903198697 -0.0678255480454148
0.0391634971512053 -0.055052734234262 -0.0790083857644367 0.0129570617617829
-0.00233868729957583 -0.0644287646158191 -0.0392522699921808 0.0441835638135662
-0.0289786277895417 -0.0465882293413518 -0.00761520449763788 0.035186031672431
-0.0378085848469865 -0.040406718888055 0.0124951779010236 0.0142300611760025
-0.0346919405602405 -0.0459391177521161 0.0248222722945291 -0.00827950272185072
-0.0227110690808713 -0.0736616488623666 0.0472467544945455 -0.0162134964571028
0.0253771978738833 -0.0850088565205758 0.0688346892774844 0.00389677848613034
0.0751299401496746 -0.0495139884151834 0.0540128718618451 0.0513955063244583
0.103844681519034 0.0359178840664794 0.000536008126004594 0.0870572328380105
0.0457339725941409 0.117554556528136 -0.0547549228391107 0.0673090993969481
-0.033309928303831 0.135372682193453 -0.0432662080322535 0.0307071279360471
-0.0675446652452403 0.10308850905038 0.0263156434007849 -0.0207107337498146
-0.00491655589816966 0.110591460574935 0.0752576127954023 -0.0440060209923737
0.0593548921632944 0.0762874803975183 0.0431896158930151 -0.103603889915595
0.080913976162725 -0.00371970002220879 -0.0430190512037967 -0.0849325467774269
0.0495078814518574 -0.0597918152853601 -0.0644837646479891 -0.0206025372192312
0.00106085193671888 -0.0723649881765798 -0.0457183816970053 0.0136330982585736
-0.0311408018042084 -0.0522044251795158 -0.0221658828028365 0.0143918223180954
-0.0400976369146756 -0.041044940320676 -0.00288550526467267 -0.0022124092199508
-0.0367136276769205 -0.0447792324561198 0.00865172653372534 -0.0257364122688922
-0.0252560074374581 -0.0702733964987296 0.0348139930426321 -0.039314742699984
0.0198531848919867 -0.0845576473729882 0.0692443235324494 -0.0253934025898633
0.0681886434216094 -0.0544160031757921 0.0699980878554424 0.0292141720726631
0.101973244060647 0.0272472955991342 0.0189047620044722 0.0740427233415898
0.0456402674165158 0.11208844506664 -0.0434100843644458 0.0557757761009319
-0.0339991422081878 0.128383120309194 -0.0252170135949372 -0.00377243851993564
-0.0710247603734512 0.0824226647571604 0.0552206824504387 -0.0561111152613614
-0.0212691428073641 0.103598045806896 0.088068656807872 -0.0557897017606156
0.0450213113443846 0.0816225087068333 0.0642856432792744 -0.0991165222537322
0.0768792380805857 0.00648082803917662 -0.00933893647406945 -0.0909338931870118
0.0495690613884237 -0.0512168117390654 -0.0425229999169111 -0.0498517349205012
0.00402721050379042 -0.0668805001042135 -0.0468627626910334 -0.0173433433494445
-0.0281159247882826 -0.0486460042318957 -0.0352372945154212 -0.00796373359592761
-0.0361470437888802 -0.0354299980561912 -0.0173171661136599 -0.0183816944561715
-0.0328240027561068 -0.0375967623289081 -0.00592742974765098 -0.0397782867790008
-0.0219411123699027 -0.0590804935928571 0.0230175224048964 -0.0557254760692069
0.0159907667869472 -0.0710548737418547 0.0646673409586062 -0.0457238628424264
0.0569362538096989 -0.0465419078098641 0.0773780952649301 0.0122374436009499
0.0847891119574297 0.0244204057307785 0.0285242654644154 0.0603576749485594
0.0324769804914267 0.0959967992906537 -0.0345605815550963 0.0432950597945325
-0.0346778953125934 0.103112195304385 -0.00800369887308922 -0.0332737986070996
-0.057520913620555 0.0485768855780224 0.0784518057111864 -0.0843595616398199
-0.0281754224053456 0.0725358563496415 0.0957154305970687 -0.0649801118505355
0.0235934995345126 0.0638321081474712 0.0755772131798077 -0.0895372472089855
0.0538644462995926 0.0101958051409252 0.0174746491986448 -0.0876786021486401
0.036588229093912 -0.0338143445621095 -0.0213472718709946 -0.0680691697996547
0.00495162263886327 -0.0478139663325566 -0.0453490171602919 -0.0419568323906957
-0.0200540873322994 -0.0358367514253955 -0.0452756184349579 -0.02616798692133
-0.0268103801171134 -0.0248774832474656 -0.0286454797621764 -0.030719885798172
-0.0252142611674557 -0.0265736503719078 -0.0161983527699792 -0.0503691315187897
-0.0162013565991655 -0.0422663466645504 0.0153310804553055 -0.0662939388487115
0.013447182481856 -0.0518201358672682 0.0615208120033301 -0.057318422116637
0.0451917367674275 -0.031756630960668 0.0803098146882096 0.00276686900203191
0.0604170513267695 0.0253029262030671 0.0332431202001597 0.0502395219375898
0.0128592590759755 0.0733452174312574 -0.0259921400461509 0.0333236281051602
-0.0344298232483105 0.065986218691651 0.00799456955846566 -0.0531621655846007
-0.0315539027266405 0.0066278168523147 0.0882944932464173 -0.10088553393506
-0.024199272902219 0.0278003802634742 0.0948842830912113 -0.0695790144166807
0.00422708390445592 0.0285359628150019 0.0749316710704339 -0.081842105347598
0.0205473169519671 0.00648310012677118 0.0295123758035715 -0.0832134243259273
0.0144501599982167 -0.0128809246111344 -0.0118318965702684 -0.0762869773980262
0.00320149982148696 -0.0209716635376499 -0.0440539979287695 -0.0537315472222325
-0.00928530049312021 -0.0164776317235231 -0.0507809308863707 -0.03644660053632
-0.0132327364425618 -0.0104488297926607 -0.035542055705313 -0.0385928839915279
-0.0144447637871815 -0.0135304507838569 -0.0216475996804134 -0.0562305651406929
-0.0103329919309471 -0.0226189243950025 0.01298626751177 -0.0723676769256092
0.00893348248401583 -0.0297478833764983 0.0600928473412801 -0.0627458625065438
0.0309102114622036 -0.0170431511715781 0.0825009966537036 0.00101221460565947
0.0341957144136443 0.023791308506516 0.0359967656044809 0.0468252959319644
-0.00505063178599433 0.0452952141492921 -0.0193588679926461 0.0270452556356215
-0.030478901460416 0.0235948680845454 0.0219237487390705 -0.0621212508012954
0.0219992683043298 0.0150474850407313 -0.0187834178630914 0.0873347227230539
0.00795127457729012 -0.013062104081025 0.039266983131317 -0.0134915887751667
-0.0110295890784287 -0.00927666329651249 -0.039474684592602 -0.0572062454506892
-0.00640188357329477 0.00708397775695217 -0.0984321015878955 -0.00110637953867252
0.00418165953067916 0.00186571267916898 -0.0643437612033619 0.0826247666097584
0.00155625314402722 -0.00203003815535483 -0.00014610788080693 0.0906884736505832
0.00067488353900761 -0.00253052731496104 0.0320473116057941 0.0631903859697158
-0.00475338485861808 -0.00566571535357871 0.0482612064535984 0.0393027903937283
-0.00533842587593379 -0.00698700420360126 0.058381479762363 0.0297667268551073
-0.00444824803268968 -0.0126353064552653 0.0601123212151744 0.0437846100600842
0.00585407517080934 -0.0144464281742291 0.034068962413004 0.0724289365143538
0.0156093881751796 -0.00475098784318594 -0.0149016226415288 0.0892125270111714
0.0194734953402487 0.00396348939553406 -0.0559787108044796 0.0951557449523431
0.0188093403891435 0.0186839658711846 -0.0911804796432796 0.08815675238863
0.0105619558655761 0.0409576422225437 -0.0830973015133983 0.12138821250979
0.00862848438650543 0.0587358253895559 -0.0215712256010905 0.0736217209884144
0.020652913884492 0.0208652667320607 0.0411784033720822 -0.0177028633715004
0.0166904849693393 0.00229348157681859 -0.0339741679524507 -0.0705680148316052
0.0134289897437114 -0.0069972440117544 -0.102591429237365 -0.0118177444663032
0.0109103430993448 -0.0219100738770098 -0.0726429313413819 0.0756923102391081
-0.00527493562255468 -0.0248465138927495 -0.00815106758440767 0.0876456840276378
-0.0149755623640659 -0.0169988661338501 0.0265025632223768 0.0605199737387489
-0.0216306993692728 -0.0193385823389839 0.0430179165660685 0.0343917297286175
-0.0215095630033994 -0.0248198687941267 0.0532419449020167 0.0193504490430689
-0.0143366600233362 -0.0431192214402942 0.0623059210551191 0.0268056952130784
0.0183289450226475 -0.0482955625012009 0.0510873399503743 0.0564902947971433
0.0501775893932313 -0.0192029883052053 0.00707211833855434 0.0852224060104797
0.0587443316289934 0.0280567897180903 -0.0379727197960395 0.0999036106197982
0.0306430951616874 0.0706595771964991 -0.0760685215633747 0.0888778261162047
-0.00550686856354835 0.0921476818468916 -0.0716694933671874 0.104626863421367
-0.0121455655139497 0.0959164678156142 -0.0160704029836244 0.0465679587932576
0.0276136154268203 0.0598416437870478 0.0479289141717397 -0.0279604236643527
0.0455887540950664 0.0221160362333982 -0.0212865103643511 -0.088659950967021
0.0392563054276391 -0.0178094090424918 -0.10162062142593 -0.0319807725126537
0.020525469391104 -0.0453770420796819 -0.0804181765938202 0.0577655404781799
-0.0103531548834654 -0.0480311329123779 -0.0203675461965613 0.0765523629157157
-0.0277870557568554 -0.0323864321571402 0.015163586419528 0.0535767620461291
-0.0359581235910456 -0.0298826553267065 0.0313813054946905 0.0251846205325874
-0.0348248279596448 -0.0369473667088661 0.04096638883457 0.00429099253803553
-0.0262741265888433 -0.0637523768612588 0.0576449394623932 0.00174929829399266
0.018391889840992 -0.0759822926458935 0.0662784284157874 0.0282805398202948
0.0688242769353839 -0.0419937502451877 0.0366869882266826 0.0707440331517986
0.0934842896309211 0.0307134201669169 -0.0126954786445822 0.0995161345099591
0.0500943713528315 0.102982211479302 -0.0593768922329845 0.0858911335537694
-0.0127538162072653 0.129005377142726 -0.0570149996039866 0.0758090357476017
-0.0359949599540294 0.11896520136098 -0.000769705843829306 0.00800379573357272
0.0242855595303622 0.096679819890011 0.0588710333090725 -0.0436062433533413
0.0679524226692055 0.0483025943950514 -0.00067487926409329 -0.107318803163306
0.0664414965497282 -0.0212625940303101 -0.0888730180542074 -0.0579830286763701
0.0324728425971149 -0.0633836313403861 -0.0815154095336974 0.0284852778325362
-0.0118634026881799 -0.0666435444129775 -0.0339213575746377 0.055145339274301
-0.036880353751863 -0.0442130885425868 -0.00135969787081923 0.0396141636265195
-0.0448333806406005 -0.0361512019791874 0.0151095158147155 0.0123556761887255
-0.0429376874402445 -0.041674256021669 0.0236367776471185 -0.0124561254086505
-0.0346620281684022 -0.0713986253747001 0.0453349200422196 -0.0248175031647887
0.012039198405238 -0.0904635015598485 0.071674519885254 -0.00645280144948952
0.0699741515989877 -0.0609479387704569 0.061906552087489 0.0464751728818841
0.111855833753085 0.0201184917470305 0.0122649334642328 0.0894572224165247
0.0645833358616571 0.113304794717353 -0.0449207988781296 0.0771072425090869
-0.0137745198593534 0.143698507218255 -0.0411367345988707 0.0388677771018516
-0.0540895229783726 0.120741803065532 0.0224879035192827 -0.0360424454625682
0.0105834981708763 0.118073668246811 0.0708787458901147 -0.0611639544180935
0.0733798983657716 0.0724266790906982 0.0245517059017082 -0.118198238287999
0.0846374204211654 -0.0147571479619097 -0.0627540850851051 -0.08158496497021
0.0430130083858721 -0.0692188595611853 -0.0727627880035513 -0.00788675403525303
-0.00970275442703621 -0.0755950279995916 -0.0450616709271423 0.0248049887161925
-0.0396510715350208 -0.0497366610211532 -0.020816379748164 0.0205960963683031
-0.0470714202633082 -0.0359892404677251 -0.00320210127425939 -0.00204162004970841
-0.0440169805978908 -0.0399768246812205 0.00496231522710408 -0.0276794412105593
-0.0364040500492823 -0.0682783381096415 0.0289041982021184 -0.045890227053293
0.00617845453971244 -0.0891176004746213 0.0679975092505004 -0.0363003670485525
0.0622745869596071 -0.065598728177702 0.0754506137435836 0.0207398040194252
0.108329405151368 0.0116370658312016 0.029127107873845 0.0737345149843501
0.0638715396388462 0.108048164454709 -0.0348066449362396 0.0637228986290712
-0.0153930727127455 0.136321837396828 -0.0270149226642968 0.000942630581091548
-0.0608020206723622 0.100223623815751 0.0488429360597479 -0.0775583731294409
-0.00740737555819168 0.112562495717489 0.0816841822413038 -0.0760252811871786
0.0587286527274897 0.0798153860110315 0.0475389037138288 -0.117214923990286
0.0816958770734981 -0.00329096787912063 -0.0284298286099543 -0.0940511817580103
0.0444287766934402 -0.0598080206468972 -0.0546022913515245 -0.0426803060065815
-0.00610036399475476 -0.0699926894859658 -0.05161572655909 -0.007703657687538
-0.0359022326869114 -0.0461388025902286 -0.0382142521020899 -0.000814922775977619
-0.0419575279155528 -0.0316264247072495 -0.0205150249110295 -0.0163272316273906
-0.0390721831151361 -0.0336506941334123 -0.0123680469826864 -0.0399426618511092
-0.0308196649586608 -0.0568088447050198 0.0141276167401029 -0.0615092042728924
0.00560610357475753 -0.074991311662173 0.0602037736590689 -0.0570672333676302
0.0520668706324201 -0.0552285265359756 0.081383166372623 0.00135665923821691
0.0903000321769531 0.0118880000965559 0.0376567413519596 0.0577167662934188
0.0475580976894582 0.0930058827264428 -0.0273770152036156 0.0496476956967167
-0.0197751269948229 0.110770553884362 -0.0134312863856893 -0.0324199260792467
-0.0519956789105034 0.0618359532646037 0.0690977330408142 -0.107996892358675
-0.0190444160855505 0.0815652270219787 0.0893571747058577 -0.0853047329930919
0.0340159573162634 0.0641382113856062 0.0618586328349054 -0.108250124356287
0.058504634367488 0.00410177593479821 0.000900251268512517 -0.0951179994238298
0.0334534348103553 -0.0400160321931849 -0.0358436155529409 -0.0664082061728539
-0.00205116661249574 -0.0505759408494015 -0.0540805509963188 -0.0347369026824736
-0.0256407224929269 -0.0340826057393506 -0.0514512061788668 -0.0189045981805738
-0.0301960495098419 -0.0217981302105263 -0.0338459160731823 -0.0273051013135296
-0.0289435231845774 -0.0233955809973946 -0.0250748163766742 -0.0493575045171065
-0.0223863145403368 -0.0406353632400822 0.00525144268739716 -0.0713151450634351
0.00626553250716907 -0.054185912171403 0.0550538820196863 -0.0689110543783207
0.0415663883260362 -0.0385786323088923 0.0833637989318686 -0.00859100195870152
0.0648142554114486 0.0165794200966312 0.0421175815669562 0.047753605864192
0.0242160860383849 0.0728333479261254 -0.0210721120452068 0.0381546952447055
-0.0257130004576306 0.0723739170402101 0.000668841874754624 -0.055936735142572
-0.0316322570784525 0.0134411990640153 0.0781596162927404 -0.122938703004854
-0.0210481255596528 0.0339620535636209 0.0898412911906191 -0.0889307227370732
0.00817300848710655 0.0303080438022559 0.065223949172202 -0.0993531466203903
0.0227726158543139 0.00501513886331648 0.0158173282868459 -0.0922121900516492
0.0136908070328993 -0.0150391943492021 -0.0263549034293202 -0.0774405528005234
0.000222325208689117 -0.0220406956401763 -0.0550398199538488 -0.0487390555405793
-0.0116624647129025 -0.0156083522889612 -0.0593039014282446 -0.0298187372174933
-0.0141369834442954 -0.00941073434200553 -0.0422019059232117 -0.0341762573059535
-0.0167796245853203 -0.0113660086406385 -0.0309663587050061 -0.055228699641838
-0.0127524609644526 -0.0213383159585604 0.00216905316406145 -0.077220959215799
0.00491437970011324 -0.0304393975800744 0.0537500045396619 -0.0742043453961335
0.029043841978645 -0.0215624387528084 0.0857700641133 -0.0109377358175991
0.0381018424944285 0.0195584223060304 0.0438930926637099 0.0434086468936992
0.00183891917231069 0.0468278145480141 -0.015563912272542 0.0312751735253156
-0.0276844390204727 0.0284482750843467 0.013537488893555 -0.0680314014594464
0.0238622746235322 0.0132497289461082 -0.0125440567864894 0.0903524924110967
0.00697743253661615 -0.0138488662540876 0.0393713375895911 -0.016323523940455
-0.0117998982412998 -0.00816884510879506 -0.0436452462610402 -0.0556369958157113
-0.00550999923479068 0.00766270556613478 -0.100770915745503 0.00539017681140102
0.0046365407280702 0.00164771690274898 -0.0588166968996873 0.0881127432611812
0.00167243658067033 -0.00204549706595751 0.00715309749660777 0.0910517431484328
0.000430160013521575 -0.00285471101221876 0.0366101456188955 0.0620146824632343
-0.00502354707544368 -0.00575101428427255 0.0510537882987939 0.0358025510649031
-0.00646811588340113 -0.00715602654573214 0.0605645887128754 0.025937166101719
-0.00567520013500701 -0.0127197554837287 0.0640258053900075 0.0394317688329029
0.00492797865242264 -0.0149322613253793 0.0399506838989068 0.0705991576518893
0.0160416399722938 -0.00609043395554924 -0.00895625686717657 0.0924349166516213
0.0197462375888133 0.00258012920318987 -0.0496997347205158 0.099967400769509
0.0200492913428861 0.0175219143725005 -0.086661822048716 0.0947919419248611
0.0138403097090924 0.0402828414567144 -0.0746959398131942 0.128478546438176
0.0135574734851355 0.0583261791859627 -0.0162146183629156 0.0774054122593607
0.0223885424585857 0.0192309268542671 0.0413045454599083 -0.0205487322424262
0.0172222629805938 0.00112477870653121 -0.0389306166625901 -0.068820041453245
0.0134126820230444 -0.00729217073777488 -0.104489784837756 -0.00537209420551689
0.0088844035243134 -0.0230342549313181 -0.0675327776050704 0.0811912483693191
-0.007327590781566 -0.0241227872990588 -0.00140968194015135 0.088552501752567
-0.016281217011339 -0.0163439017285738 0.0306622985075573 0.0596448668377759
-0.0234716245597387 -0.0178398271469191 0.0455031566491501 0.0314630001702981
-0.0243664424089598 -0.0238288022118276 0.0543132710835424 0.0156606003132296
-0.018282844690507 -0.0424619824619145 0.0650186412827439 0.0216822829039872
0.0146463251907182 -0.0496635396696933 0.0560522813548088 0.0528196291591224
0.0491019897083461 -0.0228999051163603 0.0134834147893637 0.0860482834970263
0.0615988025184623 0.0241571741543257 -0.0306504720987106 0.103793467306823
0.0361128746573334 0.0687571372335994 -0.0715772458577444 0.09469084084581
0.0011974419203213 0.0934353006287756 -0.0655922008249062 0.111177867801571
-0.00481874948348829 0.0976804186663145 -0.0122829780613052 0.0493307217253999
0.0323634257765392 0.0584543365479366 0.0475129496510989 -0.0307399444398272
0.0477526749811832 0.0187467707064655 -0.0275398265725736 -0.0890754952601871
0.0381530646623887 -0.0208240216336578 -0.104926266713409 -0.0259356566395458
0.0167622094495213 -0.0475058142605157 -0.0762970116721719 0.0640976263826576
-0.014362447641471 -0.0472170492075419 -0.0146789375532054 0.0788753492546912
-0.0304139063717115 -0.0301065545254385 0.0187793181028696 0.0525293713860134
-0.0383169782919994 -0.0272200238884333 0.0331904541357548 0.0229757096717448
-0.0380592301650045 -0.0347757775640772 0.0410097911716925 0.00138613880724525
-0.0320213764522775 -0.0622569808836751 0.0577525983066858 -0.00359849220687418
0.0126869685953917 -0.0781376060990556 0.0690746487753932 0.0224846444730663
0.0660541697151599 -0.0481791985968558 0.0420227087716377 0.0696039998878002
0.0972011319355834 0.0236638333067735 -0.00576943100126947 0.102333810949008
0.0585511456808222 0.0999095351401428 -0.054462341529773 0.0910744679582922
-0.00314678670617013 0.131571731923433 -0.0521355366892025 0.0819076087813657
-0.0262072964535451 0.122638196057204 8.39246875968514E-06 0.00911407753801371
0.0320532456722324 0.0955606511071847 0.0561285371000082 -0.0466689509708833
0.0718760645537249 0.0433468088144065 -0.00827786410722908 -0.109204131059106
0.0656954765544167 -0.0264994730647955 -0.0941679727127373 -0.0525594469992492
0.0272474577786609 -0.0668873005408907 -0.0800118233210518 0.0350223199139848
-0.0180445827905368 -0.0662357002858438 -0.029379784101848 0.058644307548835
-0.0407005232469386 -0.0416826132555321 0.00108176711301616 0.0398618564516816
-0.0475575672655954 -0.0325530707263119 0.0159409692521579 0.0109568539038507
-0.0465583704104447 -0.0390771208070079 0.0225243038237258 -0.0143739177042801
-0.0413563188886674 -0.0689914607610938 0.0431393457692195 -0.0283828271659985
0.00470840238528376 -0.0920411856045682 0.0717332583436015 -0.0131002704494602
0.0660305256653036 -0.0674779851636837 0.0658834818730394 0.042975165316785
0.114072401657575 0.0115315583617323 0.01901293352217 0.0899582181849996
0.0744825606675098 0.109309481809595 -0.0403100417235948 0.081428716449541
-0.00260551612866576 0.146864697586877 -0.0385583703017416 0.0428651079910519
-0.0453396951386779 0.126176295454132 0.020175356827547 -0.0374417714461013
0.0194569769863274 0.117755793562636 0.0670407711152713 -0.0650875876576559
0.0792590867600273 0.067341178588468 0.0163221604958738 -0.121571596626986
0.0846336312096957 -0.0213111399742164 -0.0693344733663111 -0.0784472956408687
0.0374514595267385 -0.0730727408142241 -0.07451512059401 -0.00335217070551563
-0.0165459499889168 -0.0754543564976709 -0.0440246023766993 0.0284930844705662
-0.0445175985704901 -0.0469343679376227 -0.0194202233166774 0.0217717684058526
-0.0496578851441021 -0.0328700486367411 -0.00353866904662786 -0.00189816336304089
-0.0477814977173037 -0.0372257595891702 0.0018219070763272 -0.0279907450250332
-0.0425223503573324 -0.0655714773077968 0.0249401240508656 -0.048763826728296
-0.00142931537306431 -0.0905559772611206 0.0654005804582811 -0.0430442107275603
0.0574257506903753 -0.0708438536871476 0.0774294511980435 0.0156085424122245
0.110143576555011 0.00328781555788148 0.0345376333762748 0.0727586252049386
0.0734390906082688 0.103422918778136 -0.0312432448011597 0.0671808184579863
-0.00494713242059861 0.13896270721774 -0.0264759095297668 0.00304246492974128
-0.0534385055608438 0.105534450140354 0.0433508863121449 -0.0813571283054469
0.00128759591104425 0.114240185161643 0.0772503906384336 -0.0814575322622661
0.0650737657215 0.0765469275108706 0.0397558885069281 -0.122226005130697
0.0823757578818355 -0.00959780079750738 -0.0351869803056947 -0.0932005876245787
0.0402796968509603 -0.0638310428237152 -0.0594580406874561 -0.0398350172014153
-0.0120097134524513 -0.0699752319030077 -0.0529077308916611 -0.00411362950532764
-0.0396183334910287 -0.0438878967215599 -0.0386270771218312 0.00258864296718868
-0.0440181267136879 -0.0281718129495824 -0.0220134013759795 -0.0147282883486563
-0.0419619591866615 -0.0309188152953605 -0.0161419455552934 -0.0392005903195918
-0.0360833389732738 -0.0546309977321356 0.00974259591149669 -0.0631415374857727
-0.00095679339959082 -0.0763965476789762 0.056293977333195 -0.0633453903903589
0.047792298663646 -0.0597580021941567 0.0818354088965451 -0.00428895941342951
0.0915206787790475 0.00522547304860514 0.0423106530226588 0.0565053616893568
0.0553332365632982 0.0901867085001547 -0.0243026803509135 0.0528929965165334
-0.0114236713073514 0.112924212576241 -0.0156265406105252 -0.0316062056887189
-0.0474327187965595 0.06692110489717 0.0619546154500795 -0.114168461891032
-0.0130729090327907 0.0835029443846746 0.0851153417788025 -0.0924669843425893
0.0388514094835665 0.0627330568883182 0.0552363601939345 -0.114072817644088
0.0595385311207019 1.377898894201E-05 -0.00540721967594203 -0.0963184310638735
0.0308046791135108 -0.0429556065115258 -0.042016628443153 -0.0655253919013001
-0.00669055627756646 -0.050858464751323 -0.0575698186607284 -0.0311777221342022
-0.0287933793223356 -0.0323219995631432 -0.0536231905857761 -0.0150471306264582
-0.0318146609580604 -0.0196013447306504 -0.0366977547392598 -0.0250145948518147
-0.0310828046448701 -0.0210624368882193 -0.0288800934052561 -0.0476163147350454
-0.0256128206099647 -0.0391964679331106 -0.000259560811600572 -0.0722697539852934
0.00170600591709545 -0.0555246987562068 0.0499214628649239 -0.0747416690173878
0.0388294538480627 -0.0417248720473432 0.0835118912595726 -0.014929550786626
0.0665631323252526 0.0121736968386036 0.0458538577410574 0.045698935178948
0.0303409893714235 0.0716437919231525 -0.0182426263260488 0.0405293398899109
-0.0200095451507823 0.0747150954805822 -0.00394703412584022 -0.0560663986638329
-0.0306367250334461 0.0164430498046071 0.069651568335857 -0.12982776086681
-0.0183307506447942 0.0357444182270136 0.0846628273366928 -0.0961250799239112
0.0103215666965623 0.0299984791974767 0.0583628836124206 -0.104873037238768
0.0235856033202285 0.00382280952514197 0.00947750770301773 -0.0948179694947351
0.0127420839577668 -0.0157537856545536 -0.0329192364700029 -0.0765588114564697
-0.00175492582885496 -0.0221788434169581 -0.0594966647248913 -0.0455271074413202
-0.0128189707087407 -0.01491603226232 -0.0617680068311085 -0.024643697802969
-0.0150545893136487 -0.00815403908415299 -0.0452705876390758 -0.031113935498758
-0.0170764026441577 -0.0101068324444407 -0.0355154803516433 -0.0531782399670055
-0.014708999814612 -0.0204157953605474 -0.00416634480513183 -0.0782102539583781
0.00230928320741062 -0.0316762590665837 0.0483501966245556 -0.0791454017711115
0.0276998443851337 -0.0234985079941228 0.0858258804221842 -0.0177144486226173
0.0393180400563043 0.0165500651764118 0.0474993901671289 0.0411331414574533
0.00545927760037773 0.0472641362446578 -0.0135279806567939 0.0328683315751911
-0.0256677477540929 0.0301954658024859 0.00864067043631208 -0.0689918160414771
0.0241461820832666 0.0104161349825202 -0.005313154869681 0.088385718169726
0.00536840931775001 -0.0138516811084319 0.0375386463388278 -0.0180496357023045
-0.011513362642239 -0.00724617776128284 -0.0447938114551602 -0.0508518240416052
-0.00417732624678836 0.00770640629702188 -0.0960880256620357 0.011624483113721
0.00457548661916722 0.00069943476975324 -0.0509436553862683 0.0881440595929126
0.00111197811001116 -0.00193043218956107 0.0129345881121001 0.0873579568117682
0.000402921078259786 -0.00250566144665801 0.0392460336618187 0.0572894842172347
-0.00542880684899688 -0.00523374048671827 0.0511999540181703 0.031332114446288
-0.00714912955565213 -0.00632006862127801 0.0602535311230026 0.0207046862345651
-0.00666550474894627 -0.0116006907716856 0.0640400375170613 0.0330082531457028
0.00372877546542305 -0.0148438136761229 0.0429800553118128 0.0652635862129583
0.0148008490136527 -0.00699687409230741 -0.0024625689717158 0.0897008796043658
0.0194527497887566 0.00149448473636989 -0.0414492301856819 0.0990247505671148
0.0199412387041729 0.0156299071142898 -0.0779752662631643 0.0958587834651185
0.0156993799758848 0.0378155870789221 -0.0635108106344814 0.128293799287184
0.017090576388304 0.0543375075675846 -0.00948241620089255 0.0758275421390526
0.0229364453565477 0.0165553885154941 0.039378919117928 -0.0216557275036985
0.0160492723870615 5.08326036115062E-05 -0.0412866081568259 -0.0639896875536796
0.0125846112267907 -0.00803581757209145 -0.10137758843003 0.00149921820278174
0.00691171374213759 -0.0229395559675036 -0.0597394413894499 0.0822998338496924
-0.0091152490992789 -0.0228808271825976 0.00480746452052474 0.0853428414161475
-0.0164120673947218 -0.0148095195207727 0.0335377118324812 0.0553516897005404
-0.0239085947334281 -0.0154593214930389 0.0457195005283276 0.0273062047075517
-0.0250693643011777 -0.0210139865859765 0.0526831254089845 0.0112171900323801
-0.0209501426053121 -0.0394478268449119 0.0632549512154486 0.0161167529255479
0.0101607610253351 -0.048441987296365 0.0574434476777697 0.0467289717425881
0.0463078438167669 -0.0254148524589978 0.0181550957082701 0.0826600385424776
0.0604377878015384 0.019260783675342 -0.0235912032905443 0.102209547153139
0.0387436682638602 0.0637403733990661 -0.0639168771199958 0.0957690263839272
0.0071349576986794 0.0900201305439426 -0.0553227502216482 0.111476790686483
0.00244969005180433 0.0939846762515015 -0.00835340233626485 0.0490695694786019
0.0351721928278364 0.0533595038319481 0.044138795593421 -0.0316057275271943
0.0470392523911959 0.0147524369420404 -0.031053674139707 -0.0843234626879849
0.0354443202127999 -0.021793745840473 -0.102578389335756 -0.018990430123113
0.0124409275445448 -0.0469186781294511 -0.0692563911555871 0.0660697346026621
-0.0175474643121146 -0.0438971787680286 -0.00906611866706976 0.0761937919503361
-0.0313977180404591 -0.0268874399056016 0.0209710295478865 0.0494735601283951
-0.0383683585280258 -0.0235212984909278 0.0327811989249603 0.0198962128727744
-0.0392983816873318 -0.0310336052357932 0.0391090003205578 -0.00129447467166426
-0.0354119849223511 -0.0567144586160852 0.054802440426595 -0.00696237931535995
0.00640696065632586 -0.0757088763134522 0.0674489310864207 0.0165364815993001
0.060109002457307 -0.0502784696967062 0.0446291160364759 0.0648397694164084
0.0945198687039041 0.016208014192077 0.000843022431699992 0.0992694145322299
0.0631233525381884 0.0917172796025332 -0.0470105652178789 0.0910030855565481
0.00559517468787852 0.127053343063226 -0.0443785072584706 0.0822766188502682
-0.0168483229471016 0.119398139008437 0.00126706694114526 0.00991008091827556
0.0372020835016197 0.0892678388771513 0.0521630041060081 -0.0470165289490517
0.0717754719764069 0.036670003364797 -0.0140591434387214 -0.104705162018492
0.0614201996266521 -0.0294542577998223 -0.093860961177347 -0.045667270525311
0.0220339258741854 -0.0659612811005719 -0.0752616159115797 0.0379300969952742
-0.0223433389853915 -0.0617799530945535 -0.0249648245723209 0.0575173689391798
-0.0423408838921814 -0.0367240385985402 0.00347032690538261 0.0381001582297313
-0.0476549105053178 -0.0280669943819603 0.0153997840235963 0.00989783816151747
-0.0476470983420376 -0.0340141028338036 0.0191755948913696 -0.0149260926600513
-0.0449019213931318 -0.0636103185162938 0.0386824319737599 -0.0306419267494747
-0.00286814197218322 -0.0890744156184491 0.0675763470677443 -0.018199777804574
0.0589681892871957 -0.0689908375444344 0.0655252878513432 0.0373123227952871
0.11036413661743 0.00381578267317077 0.0237080811075161 0.0863273915669446
0.0788984404448645 0.0998511841108925 -0.034243141861087 0.0810835923516211
0.00705690192406123 0.141612235441689 -0.033736630750589 0.0446702805946274
-0.0345102231295087 0.124248868657457 0.0173109800085591 -0.0367269788827768
0.0266357549258036 0.112063225470204 0.0611791300645198 -0.0656742317399205
0.0800746236709012 0.0592392613042227 0.00855232145570175 -0.118051407003887
0.0794483358204378 -0.0259260595558739 -0.0709351512610009 -0.071891999920336
0.0307114605839922 -0.073029168949415 -0.0725065677309156 0.000980772133766949
-0.021623821334304 -0.0708781853511237 -0.0407401238796681 0.0298592876678047
-0.0455746897046278 -0.0414928178850867 -0.0168912690894525 0.0224230437456327
-0.0496472196615474 -0.0279939805634087 -0.00384904700493551 -0.00143692008847892
-0.0485986475914024 -0.0324865615614069 -0.000583895410129768 -0.0268309794297901
-0.045859347842655 -0.0599649685031754 0.0202433407897486 -0.0489707494548562
-0.0079002549828323 -0.0865713253286149 0.0593758108230843 -0.0472232249206035
0.0505817376364841 -0.0720487027113767 0.0754161901683565 0.0102635179758626
0.105509235519485 -0.00424292595495426 0.0381794375923734 0.0687010212675529
0.0775137167901132 0.0938877891921696 -0.0259119219721899 0.067386813374079
0.00475581652211961 0.133702938860291 -0.0258229222946934 0.00535362876530805
-0.0438117554980796 0.105433655659404 0.0366844111853306 -0.0804662821275535
0.00849602649622912 0.109470079775702 0.0694371398448131 -0.0819290065791781
0.0671079471750203 0.0693297426681321 0.0306954849749612 -0.119542729108959
0.0786642856490477 -0.0144493743394626 -0.0395016676724498 -0.0880762232559394
0.0339353119594277 -0.0642834840436567 -0.0603338422510174 -0.0347964008571484
-0.0168940507681204 -0.0662440377349488 -0.0521018188270598 -0.000648856063606513
-0.0413854746696115 -0.0388267832075195 -0.0368770027695927 0.00458161027316298
-0.0440039222599276 -0.0240883666837206 -0.0227707047224344 -0.0125714241813169
-0.0423472025742528 -0.0263276006715911 -0.0186351799243375 -0.0362543853244753
-0.0385285292196925 -0.0500199918309098 0.00458678936780946 -0.061035699520441
-0.00651439348420956 -0.0728797131253557 0.0491883164705769 -0.0657075160254647
0.0419827402479012 -0.0604676226572662 0.078056887759621 -0.00884075377812882
0.0874946786210554 -0.0013969207025814 0.0440195495568546 0.0523756776809618
0.0597076572247333 0.0824029279483673 -0.0199173702914191 0.0530984024481073
-0.00350135631378759 0.109221981592605 -0.0171568508935445 -0.0291575051729394
-0.0411111375320665 0.0674462804612896 0.0524063347024397 -0.113172861890714
-0.00669613298032818 0.0809937559615736 0.0759703376511464 -0.0928531438316344
0.0410128834108922 0.0573723501728793 0.0458627392501228 -0.112722262757394
0.0569944568899071 -0.00382162029501814 -0.0109672441646244 -0.0930837931781024
0.0261964645874408 -0.0431444504776054 -0.045557280435142 -0.0605590774518069
-0.0107203651684698 -0.0480187643369444 -0.0581874021566187 -0.0264192463015175
-0.0296327259275142 -0.0289749862946633 -0.0519615215038347 -0.0105771705307901
-0.0312156373935221 -0.0163757618231214 -0.0367371692775707 -0.0215321955353945
-0.0309695785657592 -0.0180556336802694 -0.0315159170128179 -0.0435015439604084
-0.027324554198111 -0.035725912109276 -0.00538184442393214 -0.0695409492337118
-0.00269035785195886 -0.0532457442732993 0.0427299392707912 -0.0759817462640733
0.0346945786490902 -0.042951885716174 0.0795248512650197 -0.0188159800157782
0.0634476336025488 0.007256364565724 0.0464568987354215 0.0413276180043552
0.0337677103373639 0.0664331137192122 -0.0146948534727454 0.0406220584601473
-0.0141910036493588 0.0727002174669768 -0.00727339257031086 -0.053754275815839
-0.0280754905295001 0.0180132369959928 0.0586251268021913 -0.129345261474753
-0.0150659265644784 0.0353375599803392 0.0758429660682742 -0.0975894505625413
0.0116453600753865 0.028080463569593 0.0496867623768846 -0.104011557334094
0.0227003172069874 0.00213997653367174 0.00325596706127619 -0.0924599833758426
0.0109209479712541 -0.0160845174839362 -0.037347167510526 -0.0718256507787415
-0.00391333966332399 -0.0212846821347229 -0.0612201509444127 -0.0399472961178818
-0.0136143739384241 -0.013260526068869 -0.0612309609403526 -0.0196697849408057
-0.0146930573695761 -0.00693904883452797 -0.045644905670029 -0.0272308053890805
-0.016776661325282 -0.00793215938013381 -0.0379550512791725 -0.0489924526387967
-0.0151247505452642 -0.0182005859721422 -0.00945778246053515 -0.0748167298839667
-0.000102802624289082 -0.0307392822276185 0.0406297301159997 -0.0799636161823509
0.024996072256653 -0.024463714097936 0.0812422854896204 -0.0218978109168237
0.0384423545747595 0.0137625151487454 0.0478529511468311 0.0369850631850236
0.00830270637809426 0.0446194842017092 -0.0104650723272599 0.0331322587469851
-0.0228492102416967 0.0302966656467717 0.00377690876648513 -0.0667551068051749
0.0225804103024136 0.00931543487672023 -0.00183826483597065 0.0832587017688159
0.00511765269302662 -0.013581887155775 0.035971583843773 -0.0176783432078808
-0.0108330384052649 -0.0061964267796502 -0.0428880217628348 -0.0471054391046524
-0.00396287118964204 0.00712517021348097 -0.0907500764271374 0.0129631098264933
0.00376472451706165 0.000183734173162121 -0.0448793858580588 0.0839818235236032
0.00116865593885593 -0.00175861526238161 0.0148098920735744 0.081261614108755
-0.00017071687611139 -0.00294041731169984 0.0381991729426269 0.0532296254454901
-0.00534421931926611 -0.00484466159490154 0.0487181687781002 0.0282870299118923
-0.00725821460321267 -0.00559324541487561 0.0566414265916436 0.0177953713016641
-0.00651047651681858 -0.0109019974301234 0.0601922990175238 0.0293656492925998
0.00288669769822595 -0.013809282771166 0.0419170454746605 0.0606509050515379
0.0145116876124976 -0.00672110857715618 -0.000482333744565242 0.0845873239744654
0.0182572014926414 0.000997400668235536 -0.0369432457794679 0.0928376032135987
0.0186016981184095 0.0146888025390078 -0.0720309665832152 0.0920342084361332
0.0154729370524221 0.0354016531716241 -0.0567812556622668 0.121683755202741
0.0179250200266317 0.0506377734873261 -0.00659954423595247 0.0721860108167324
0.0217328348137327 0.0149418337435467 0.0374154834335277 -0.0211886113737067
0.0152201194664451 -0.000455006555824626 -0.0400151376270881 -0.059916684030025
0.0117920288380893 -0.00759040936642892 -0.0953207579563758 0.0027033356323729
0.0058152249357416 -0.0218315317414913 -0.0534418098733359 0.0782774245209163
-0.00943869934701787 -0.0210472975360599 0.00673647414394174 0.0797475343849963
-0.0158572696993065 -0.0137641665538928 0.0328138232204551 0.0513690918972492
-0.0227595306735424 -0.0142315852502776 0.0428873201693877 0.0244460685831477
-0.0243743461982865 -0.0193061323903191 0.0494756783153686 0.00932942850464049
-0.0206672773887343 -0.036497250957623 0.0590315644618791 0.0136549825836321
0.00808730983572288 -0.0463020911893273 0.0545286191035951 0.0423445390575675
0.0430803113954521 -0.0252986921344718 0.0190496675221891 0.0780716755773982
0.0568506113047898 0.0163555150505735 -0.0205689704274056 0.0961941872578009
0.0372048711179095 0.0589799847966639 -0.0582994475717423 0.0912013543884009
0.0086987225567223 0.0847646867058258 -0.049417683927182 0.105971436953645
0.00514094302994127 0.0876658250749412 -0.00552377198186195 0.0470612625568398
0.0339483461079732 0.048882481974364 0.0421705924853196 -0.0301988490451522
0.0440712304947347 0.0130697356997462 -0.0308617128609801 -0.07890909159278
0.0330629936119569 -0.0214304572001709 -0.09700275841846 -0.0158991230981319
0.0103354422991247 -0.0446359863704674 -0.0636826230482154 0.0634254783422572
-0.0182051462915922 -0.0407557163566835 -0.00647917698341029 0.071742447557254
-0.0301493185545514 -0.0244751956958707 0.0208968030409525 0.0459908031037589
-0.0365388873291133 -0.0208350161196791 0.0309993601597456 0.0180000061367042
-0.0379420779562351 -0.0278123115504136 0.0358558208297507 -0.00213192624911781
-0.0348607893463795 -0.0525027407228895 0.050280089478237 -0.00793288348801782
0.0034730094764847 -0.0710705358688001 0.063268680442477 0.0131507567446171
0.0555881691014161 -0.0492567628116023 0.0432819060404985 0.060649875864538
0.0887030159028059 0.0128766263262396 0.00296621771165995 0.0930247639736619
0.0614300309114056 0.0850010874005474 -0.042613858423644 0.0871709545768833
0.00838083732560998 0.119443608161067 -0.039130734382545 0.0787925363238658
-0.012119351529487 0.112482223476188 0.00179773823724052 0.0101347358550482
0.0366987084168439 0.0825234446387134 0.0490169225010792 -0.0443366797817539
0.0678789392186594 0.0329408678508088 -0.0151680185767564 -0.0980938930235189
0.0573379197945363 -0.028880967541945 -0.0896140672993686 -0.0413257385627523
0.0178182309693189 -0.0622392429817587 -0.0699167571926075 0.0370100165962998
-0.0232552682246686 -0.0577421426695979 -0.0222474778541989 0.0549505732499359
-0.0402925280091437 -0.0332047009671584 0.00445387277241041 0.0354185202060881
-0.0455051788431279 -0.0248181471625439 0.0146396377164987 0.00873301614401347
-0.0461860636665312 -0.0307209224444307 0.0171894264364149 -0.0143655004585274
-0.0440451983599188 -0.0584781980876051 0.0348700705213289 -0.0297497538895233
-0.00565370337127177 -0.0829988910704374 0.0627609159773322 -0.0198407003064705
0.0532566939609459 -0.066188797072246 0.0623507930592628 0.0340189454114108
0.103103015675891 0.000224768392766168 0.0242141495781875 0.0812155589246193
0.0769685432816055 0.0910042626290373 -0.0303702487022073 0.0774801210971396
0.00988063228433655 0.133221066784899 -0.0301346902214898 0.0428111092335659
-0.0287726785662997 0.116793805896927 0.0151507272698433 -0.0337756224053235
0.0280066493110574 0.104047172233852 0.05645201959776 -0.0617112874329177
0.0763767175727889 0.0535863558874048 0.00536827857123289 -0.111119009398928
0.0739655946058877 -0.0263607535567581 -0.0682996032290912 -0.0663129411783111
0.0266456828428244 -0.069459602089652 -0.0686305525598803 0.00226081404982862
-0.0233089672610646 -0.0659616517555753 -0.0376510191366519 0.0291360921648743
-0.0438968114325272 -0.0378130419665878 -0.0155925413192202 0.0212432719411421
-0.0472021539824035 -0.0247452002164113 -0.00413035687504596 -0.000912668522663731
-0.046607777559165 -0.0285873463889441 -0.00221733279545273 -0.0251287069893766
-0.0446453895541821 -0.0548083504856347 0.0170066761905349 -0.0461351081788713
-0.0105285662424715 -0.0808693632307103 0.0534191978563979 -0.0465241975415979
0.0453955616872438 -0.0686858137244937 0.0711960329220598 0.00886444047952523
0.0982732490573715 -0.00649593026914681 0.0369371603447844 0.0645004846843415
0.0754402568804869 0.0858312329137891 -0.0232810028917666 0.0646058935546978
0.00776420290474858 0.125982967352986 -0.0233168346372445 0.00534376945704103
-0.0377354793273357 0.0996340568900932 0.0322513746920961 -0.0757887601421582
0.0109540253998735 0.102393504062718 0.0640470752547933 -0.0769938979831407
0.0639220685939263 0.0632476794008573 0.0262957511233993 -0.11317058822121
0.0733321504867871 -0.0153475637024425 -0.0389671091745886 -0.0826005624746134
0.029924780496725 -0.0610639446977154 -0.0581015897846444 -0.0318651981806239
-0.0184338758641973 -0.0610850709557139 -0.0490011257534847 0.00091291078176591
-0.0399989694258323 -0.0353430390318974 -0.0344339263380853 0.00531898217259925
-0.0412903438296026 -0.0213868659669314 -0.0217430985831012 -0.0112811709536447
-0.0400855193448632 -0.0235628370370448 -0.0192068145937551 -0.0332084908257274
-0.0377316888132503 -0.0456340098351705 0.00217604981285804 -0.0579409470309567
-0.00884066741621591 -0.0681460923908309 0.0434363599363563 -0.0632632173848954
0.0373599896785894 -0.0574828553503992 0.0733341190871665 -0.0101820383487913
0.0811207652928616 -0.00321551728790679 0.0427612921083487 0.0492569585437906
0.0582319196998369 0.0749731000011909 -0.0176025607912847 0.0506806026176442
-0.000981309176122642 0.102496263537523 -0.0160098423928908 -0.0265017950249061
-0.0360491571712073 0.0643381429444724 0.0466116763037454 -0.10671580783776
-0.00440768990970731 0.0761749070524739 0.0694913211740178 -0.0880676749085577
0.0395371198309123 0.0526938801659854 0.0408269356030998 -0.106651401857786
0.0533583420081167 -0.00497357676983747 -0.0123789329855784 -0.08788898056037
0.02372819604577 -0.0412626714304991 -0.0444322868363259 -0.056038225821063
-0.0118108717542532 -0.0446946179505346 -0.0558797020653379 -0.0230604220263769
-0.0288835481387256 -0.0263362439427933 -0.0493405477385369 -0.00856217217199906
-0.0295118216471318 -0.0148184736387445 -0.0352193913323641 -0.0192424910945732
-0.0293996732037894 -0.0151847163796824 -0.0308319905703289 -0.0396992986831849
-0.0270918529878185 -0.0326792657887099 -0.00710862075749848 -0.0655284585900038
-0.00450375010141342 -0.0498404952956745 0.037389624978646 -0.0726040898002202
0.0311678553707594 -0.0406558519023672 0.0738776472835824 -0.019343420194013
0.0592867981143752 0.00563313241846001 0.0450396613641662 0.0387547724586331
0.0335735917507638 0.0609406046772132 -0.0129012985765168 0.038931491339371
-0.0122075076179333 0.068817732503629 -0.00768262360795859 -0.0503794689558384
-0.0254981955226151 0.0171942393992012 0.0518336654199879 -0.122804914368345
-0.0132057300327341 0.0333848875741963 0.0691883184383925 -0.0930655007369962
0.0113506342818155 0.0262034366625703 0.044612681192679 -0.0985894512195355
0.0215152498025902 0.00100418111120671 0.00112849083060912 -0.0876333028835594
0.0100436978383365 -0.0146770556028861 -0.0370428695302583 -0.066632845451907
-0.00460780166845023 -0.0196968946931823 -0.0584819048584383 -0.0363326770638595
-0.0130853831824026 -0.0120334612130519 -0.0580279878366096 -0.0165306279440785
-0.0133677795857877 -0.00614016776974285 -0.0432678007268106 -0.024141975003412
-0.0154377827615012 -0.00681056681472527 -0.0370827925968718 -0.0440741793967192
-0.0150639760192173 -0.016486518934909 -0.0107624574095552 -0.0700656288977385
-0.00106779009274945 -0.028617596488641 0.0356087750844534 -0.0761129322251328
0.0227054919090792 -0.0233955470843571 0.0756569476233427 -0.0231403316850541
0.0359502714327744 0.0122149161091151 0.0457450598367839 0.0342883502472933
0.00895444732694566 0.0412462990220557 -0.00933128722473786 0.0315694801309827
-0.0211165059121125 0.0286027104673041 0.00142450123700877 -0.062865019247605
0.0212979800286809 0.00875527789401727 -0.00259957904896094 0.0799514590670099
0.00480083143359368 -0.0129582135902551 0.0353592724672545 -0.0162466915774782
-0.0101417892222397 -0.00603474968862646 -0.0398069808259428 -0.0464200026422955
-0.00328031993761999 0.00661635557107127 -0.0874534894839842 0.0107955591559082
0.00370647079704211 0.00042056470644683 -0.044478966955519 0.0788853441571494
0.0011845244770357 -0.00166620132415045 0.0130100736586217 0.0778780313276791
-0.000278053568968417 -0.00244258492832664 0.0358798596531301 0.0518990334116205
-0.00506846761858466 -0.00449504455538179 0.0465725803652461 0.0277215201295703
-0.0068835385633655 -0.00590149912476804 0.0538872208797384 0.0183536852306576
-0.00662476781634567 -0.0106821197240887 0.0573404214212957 0.0289519484130335
0.00326753177548704 -0.0134394631781305 0.0391877093991881 0.0585325113320087
0.0134785902297738 -0.00677094157602703 -0.00229487118838083 0.0808985520201524
0.0170087699131286 0.0013138231128775 -0.0373015148840979 0.08810264479803
0.0170694978673538 0.0140148818019867 -0.0715627927961316 0.085632895447417
0.0141882897565073 0.0335604864957343 -0.0565461371161303 0.115141654757131
0.0158240297023267 0.0481230013902359 -0.00665004398813634 0.0700204059086336
0.0202077025406413 0.0142645178309911 0.0374089111843796 -0.0184933487721492
0.0145248546406951 -3.01107196198015E-05 -0.0363710754418196 -0.0587498154281211
0.0117519268407115 -0.00723946654169922 -0.091844704059317 0.00100100680261461
0.00571532850724557 -0.0209454763025321 -0.0525025601790292 0.0733720127935293
-0.00852607067881426 -0.0199039619102413 0.00529851914764029 0.0766121776479551
-0.0150607400574614 -0.0134598018531701 0.0303075550574149 0.0498274001902838
-0.0216518191058856 -0.0137480876620289 0.0403890960860059 0.0245096718897654
-0.0233511155529244 -0.0190234731438632 0.0469590273184999 0.00982147563271484
-0.0198303923844824 -0.0350586460910312 0.0553271972979264 0.01364405142045
0.00832293760522504 -0.0437564137255629 0.0513252327224096 0.0410097125502815
0.0416433750456455 -0.0230193202274032 0.0170233893210915 0.0748059327035875
0.0538438037880923 0.0168050004091029 -0.0215220067400204 0.0911413926461834
0.0344564375504716 0.0570466357974865 -0.0578859688885245 0.0862684059727563
0.00678350040842429 0.0813074729140527 -0.0485816926098181 0.100115069393692
0.00389666599018071 0.0829567687716153 -0.00550788161208685 0.0456267816024346
0.0317136686334688 0.0469038202328487 0.0415859195878976 -0.0269667735608087
0.0414556780330123 0.0128734035561684 -0.0278199986292243 -0.0764506581478312
0.0317195087789365 -0.0197855525406466 -0.0925832491450281 -0.0169666188060539
0.010301415996554 -0.0425652002356289 -0.0620720872418775 0.0592751029317981
-0.0167660575288271 -0.0390861829137923 -0.00757848627266319 0.0683225722970834
-0.0283650543908684 -0.023719045823677 0.019532366326665 0.0439980824730438
-0.0344184673260092 -0.0207270587202806 0.0293733960351203 0.0177779539731087
-0.036334368543028 -0.0274373078193864 0.0338105140209782 -0.00118075666263829
-0.032967557333043 -0.0506551292143581 0.0475305734999431 -0.00721145776405806
0.00394390004470926 -0.0677270617503077 0.0594483375724931 0.0128696012093551
0.0537095815280185 -0.0464976373258611 0.0402329824386905 0.059456294172101
0.0847473562865308 0.0136786397117091 0.000791497518943581 0.0890418877582951
0.0568954312994718 0.0819132284790414 -0.0431477612009087 0.08231813309558
0.00590025792422249 0.114215049457139 -0.0385784449107572 0.0746678415662953
-0.0127906066823622 0.106441595720168 0.00219678289987962 0.0103936157999512
0.0341879568310894 0.0791328353636949 0.0483018643186608 -0.0405089026715153
0.064260785848461 0.0326213744856897 -0.0125081759326152 -0.0944820763915083
0.0546896058145939 -0.0270928708783313 -0.0843573863220794 -0.0418547277189528
0.0178517222942398 -0.0593216052257345 -0.067759315529498 0.033780658837572
-0.0218861242810611 -0.0547295249911886 -0.0218755030466413 0.0514319876252216
-0.0380907158850725 -0.032432583824425 0.00333009960162256 0.0333706800065553
-0.042750221995846 -0.024645419197473 0.0134559787506012 0.00896724510074077
-0.0437409389410523 -0.0300051447721167 0.0165241874163799 -0.012817995278143
-0.042051326358943 -0.0560989894655476 0.0335172566377086 -0.0276896599208425
-0.00477269157563361 -0.0789778987138392 0.0592338619397913 -0.0187624984641243
0.0520984152314294 -0.0627230620100028 0.0594465893524287 0.0345347006475195
0.0978750902800201 0.0022141520936851 0.0217491717342439 0.0786218600848181
0.071999653096204 0.0883686089232175 -0.0306551137208737 0.0739037794295207
0.00756144621411148 0.127793277134847 -0.0287979093437489 0.0403416556044634
-0.0288552506591433 0.110801674118867 0.0158970347690548 -0.0310364316219259
0.0251115633609947 0.0992772475675004 0.0560933227512635 -0.0560285100950568
0.0716446874624149 0.0528307245920581 0.00731096830284675 -0.106401043585579
0.0708376199798288 -0.0241148676182119 -0.0641983406779286 -0.0651580119601426
0.0261143424603447 -0.0656337182175161 -0.0660413877184551 0.0010314754725696
-0.0219454321925808 -0.0626687060315301 -0.0365631054367477 0.0275530265761934
-0.0418859353411286 -0.0365561841856902 -0.0151175943085889 0.0200001727505057
-0.0443976931447509 -0.0244959669161609 -0.00410382745690154 -0.000844285831159502
-0.0440225015441972 -0.0280013956072866 -0.00173404332624528 -0.0231776899200379
-0.0423043036962816 -0.0528005928233225 0.0168271438420564 -0.0439304688180698
-0.00970418324079478 -0.0769828010569018 0.0508684117355893 -0.0444943618217203
0.0438781616222898 -0.0647583540972782 0.0676989198995321 0.00974535208216553
0.0934773919357945 -0.00486141721898006 0.0340741213252293 0.0630705820600757
0.0705612441374139 0.0825844310913916 -0.0230434811435302 0.0619683059882332
0.00529762658568162 0.120588316826304 -0.0217591981313558 0.00504471611945698
-0.0374993716237575 0.0942355513368674 0.0326585864533027 -0.0714686175850749
0.00899043074851752 0.0976485557030582 0.0631535376098477 -0.0714446534835243
0.0599403393791307 0.0617321476211415 0.0275770134838926 -0.106967252102335
0.0705627134068691 -0.0136160543197544 -0.0353661139796231 -0.0801922431361231
0.0290852148291077 -0.0580702939030788 -0.0554398125027503 -0.0311820276695854
-0.0177011895542731 -0.0584393843069097 -0.0473331717145941 0.000345813953849064
-0.0376613157606037 -0.0341770952953724 -0.0329383407618736 0.00401610401423948
-0.0389033674045833 -0.0207521484903092 -0.0205662381607175 -0.0107548025964196
-0.0380267516003395 -0.0225513808033377 -0.01823282445888 -0.0316400568968007
-0.0356997000971497 -0.0439033961982915 0.00241302992712777 -0.0547567451975251
-0.00826776784798135 -0.0648382261651583 0.0420075530344982 -0.0605313837501434
0.0369874739808218 -0.0543197139848745 0.0699611180410251 -0.00797965999183125
0.0772023794206454 -0.00114230114781106 0.0398033309648231 0.0483457906493139
0.0543083689945391 0.0723740389228618 -0.017458003708078 0.0488440661686467
-0.00237438480761671 0.0978198568425233 -0.0151118049985602 -0.0256628466277818
-0.0352723679834851 0.0602054164508403 0.04604881710122 -0.101171385904082
-0.00508585847837856 0.0723013885054593 0.0684752093206899 -0.0819449119853538
0.0367062592135669 0.0517973957221141 0.0411717318749796 -0.100383354450948
0.0511796612336003 -0.0035620739765681 -0.00984400540523581 -0.0841619340133547
0.0230905289554242 -0.0390673552628819 -0.0418871869077064 -0.0539822526061047
-0.0115088023998645 -0.0423586841954054 -0.053451781648782 -0.0224909721696437
-0.0270081191028719 -0.0256283663154541 -0.0469235671218681 -0.00904477558822735
-0.0275561547175627 -0.014604767120485 -0.0335801937812663 -0.0187404047210797
-0.0273660464937678 -0.0155097112034976 -0.0291806624865529 -0.0381208952002001
-0.024989367649904 -0.0312977119257269 -0.00594860168782471 -0.0623917661146777
-0.00401372004478483 -0.0473899528747747 0.0365727863515164 -0.0694066834784971
0.0305903519165203 -0.0384467405089283 0.0709558367746108 -0.0175208125624527
0.0561516548205599 0.00665112709777915 0.0419184944532139 0.0389942909573976
0.0307085622755142 0.0583484073601778 -0.0127492392485117 0.037767869530752
-0.0132854867921896 0.0651078135793885 -0.00688530505443166 -0.0479815511174983
-0.0243639627598454 0.0156904249467609 0.0515890928960672 -0.115848167787695
-0.0124344604924582 0.0313766561645893 0.0678143865977435 -0.0867301084820046
0.010169205807155 0.0249831938853772 0.044725721178193 -0.0929205320469544
0.0207349725679966 0.00164972735828207 0.00295928463943557 -0.0835844335587851
0.00992746451474433 -0.0143080163667642 -0.0343459228790891 -0.0642979967987266
-0.00479832580287995 -0.018235494840724 -0.0563881749034383 -0.0348312080461517
-0.0123586609176247 -0.0119279984453584 -0.0554354404470337 -0.017059744329403
-0.0122259236936548 -0.00600872039367021 -0.0413537322733221 -0.0239955535739408
-0.0140784925492101 -0.00625670141153475 -0.0345968040479967 -0.0432083872719423
-0.0139067684251395 -0.0156887792949569 -0.00938182997998389 -0.0670092337218408
-0.000495787703050458 -0.0273933218886645 0.0351975402720487 -0.0722534481420086
0.0221354895099795 -0.0227660962647055 0.0730283638795501 -0.019918233560364
0.0340027252115759 0.0125485382080126 0.0428936954241426 0.0343696949700282
0.00773945835227541 0.0389332657286286 -0.00923978010890807 0.0299306833799984
-0.0210014923673107 0.0269915900319051 0.00188639425380223 -0.0597649236243897
0.0193072629107178 0.0110588366053879 -0.0151606068692271 0.0796903242012608
0.00628659693071925 -0.0116273122475163 0.0392351215976096 -0.00954965707644436
-0.00845696094869432 -0.00732274085281333 -0.0308453061318365 -0.0523872238621232
-0.00438424351099107 0.00536386175032958 -0.0871586812497413 -0.00320196386166069
0.00343942458022278 0.000457901192037472 -0.0555998274634318 0.0698532820975911
0.00185280488517842 -0.0015072844989231 0.000222408807600137 0.0785431891184186
0.000594051752837663 -0.00293480419615421 0.0271797419171827 0.0573250972533638
-0.003898514780439 -0.00538797494036497 0.0403440617843605 0.035592564591308
-0.0054892989415965 -0.00714856772569784 0.0495043469649815 0.0275970473465
-0.00421945109140431 -0.0113894937160736 0.050412877444354 0.0382262697066266
0.00657109934959749 -0.0118738988726123 0.0276134030738136 0.0646365641154856
0.0159887086148271 -0.00395983170297002 -0.0171729311444863 0.0806364791747313
0.0173206493336238 0.00614993617027213 -0.0529603639290049 0.0782916819751751
0.0141836025379355 0.0185486644137589 -0.0859962828278866 0.0700822274424636
0.00877799717311792 0.0365768483023573 -0.0780083844728517 0.102324084667074
0.00845880279666895 0.0488389221560756 -0.0200466171801589 0.0673412324400156
0.0169655020371432 0.0173166903787143 0.0394221456589267 -0.0117031550941277
0.0141269536344013 0.00277763688835846 -0.0266375093225916 -0.0631673971239201
0.0129458015804339 -0.00533027899480528 -0.089677775364638 -0.0123250227561203
0.00863112970083321 -0.0197528262687751 -0.062899756834684 0.0640221000817492
-0.004692190375388 -0.0214167885850391 -0.00637771330600148 0.0764225314170922
-0.0121535279821137 -0.015594987679205 0.0227232600549939 0.0541641791144452
-0.0185052594699011 -0.0173867600657915 0.0351916466978198 0.0307798828669752
-0.0188700035548709 -0.022512993627229 0.0438910257449575 0.0183068810149709
-0.0129207304860611 -0.0372757092267572 0.051253498444644 0.0234766059415409
0.0165871980350216 -0.0409212999480406 0.0415022352381337 0.0490772263434831
0.0461873363325186 -0.0156792938947057 0.00201246757229232 0.0776894895876414
0.0502647574792588 0.0270571800283282 -0.0379489170214692 0.0844874114925157
0.023068449048645 0.0630884999270649 -0.0714979613163189 0.0718760531051166
-0.00750291797775459 0.0811339651542985 -0.0664015697684458 0.0891793252153592
-0.00901424071987367 0.081478299242497 -0.0166018158696069 0.0412968103854664
0.0223532683389291 0.0512307259773142 0.043784994132063 -0.0195810995074802
0.0384009391555174 0.0197957810012723 -0.0167381639011629 -0.0783204403797409
0.0347478192776181 -0.0135684843187595 -0.0883676189305333 -0.0300772719761639
0.0167904408606511 -0.0395588035689538 -0.0692722848287525 0.0498741434870379
-0.00947335163440582 -0.0404828062754314 -0.0170945829175074 0.0669069789550309
-0.0237725205523668 -0.0282025934946476 0.0125521605366593 0.0468032335424291
-0.0298591401898707 -0.0263980678907834 0.0248225705736079 0.0221492652235723
-0.0299395397763864 -0.0329566304224954 0.0324264406949406 0.00531449141458361
-0.0231535131534945 -0.054719947082672 0.0467016641299654 0.00196278963496398
0.0157304617613447 -0.0646942274999848 0.0547566851951579 0.0231917617068261
0.0618970225912914 -0.0357989222906236 0.0281393765019303 0.0666456743145766
0.0802058703660254 0.028909674622997 -0.0156245984492495 0.0862661782942593
0.0406611869763539 0.0902388673427979 -0.0557463371903692 0.0713674492754995
-0.014461708088639 0.112881415711462 -0.050915365093589 0.0657219337604125
-0.0289024049458667 0.101027629364315 -0.0046128539284336 0.00637048866992636
0.0195481269552055 0.0824619928776551 0.0510129087507796 -0.0317664541668065
0.0571986398778267 0.0431240644995163 -0.00104021998252382 -0.0928057772058986
0.0582246156542626 -0.0163213121026901 -0.0774539172014643 -0.0516718660779992
0.0277455655292039 -0.0548484135821379 -0.0718972590833539 0.0251884667078402
-0.0121842042567688 -0.0569172865952999 -0.02828823456854 0.0488692676808717
-0.0315332787996472 -0.0383086103471167 -0.00113300634890713 0.0343407449705861
-0.0372564883874428 -0.0316559177040191 0.0114176604699123 0.0110060886958999
-0.0367514700652228 -0.0366298953335432 0.0173402989596313 -0.00892525084207101
-0.0311890918121071 -0.0616217302846677 0.0356318168717251 -0.0207661973073961
0.00903864126473837 -0.0776951433020692 0.0595064670390888 -0.00789518771490568
0.0628664216528071 -0.0521342374652618 0.0504895971947784 0.0455464073656913
0.0958089690927647 0.0196261254254805 0.00602790668074114 0.0794764053998235
0.0541499837276023 0.0984893496587945 -0.0422515206904036 0.0644384448875805
-0.0157354790001289 0.126187532011074 -0.0347438654236449 0.033402809557606
-0.0446274106115906 0.103306609140304 0.0146374468859706 -0.0338490869443084
0.007696283193152 0.101015898368804 0.0596560021998829 -0.0474831320078033
0.0605785569787509 0.063796197610964 0.0191952980645952 -0.101363562934112
0.0730776073543495 -0.0104439660918046 -0.0543890732912365 -0.0708514729449349
0.036562685111355 -0.0590656826925001 -0.0647036355541012 -0.00626945601882073
-0.0108591870547436 -0.0642555866163126 -0.0382682924580624 0.0227581856971621
-0.0345214205753327 -0.0427503779212812 -0.0171872576961443 0.0177931127091343
-0.0386231071680349 -0.0321559556956128 -0.00399602785953966 -0.00224047107415832
-0.0376318248463461 -0.0346940472273731 0.00137129683546639 -0.02203448764915
-0.0323716534668029 -0.0589990458452968 0.0223711655419848 -0.0393568388401842
0.00349778611893917 -0.0768457651393337 0.0556844087376604 -0.0348626330219563
0.0553347577578646 -0.0555384891676832 0.0636900446665956 0.0227459941205933
0.0920492611266432 0.0118302721948616 0.0213531712426499 0.0671781809094912
0.0540850333033386 0.0926936268995327 -0.0319311826930314 0.0542462208624235
-0.0170627249683104 0.118569560603829 -0.0207376529697992 -0.000265336424087259
-0.0505867609098413 0.0860980848633384 0.0383539318506128 -0.0702681496564485
-0.00762353095812715 0.0966244057554096 0.069869006626183 -0.0615275660568125
0.047937471282621 0.0703545578199143 0.0389785423061424 -0.0998639812490025
0.0709334250535582 -0.000698721660465162 -0.0246132776084372 -0.0816415680638491
0.0386422035779681 -0.0508737949206243 -0.0499356493055484 -0.0362891786214931
-0.00771632183115751 -0.0591481730231112 -0.0445114614296003 -0.00533289965145325
-0.0309949972414376 -0.0401225492588634 -0.032958759318403 6.38919781213115E-05
-0.0338240328052483 -0.0274358945626108 -0.0185631719214074 -0.0145683385735853
-0.0326800554453168 -0.0285624676566678 -0.0129625980675237 -0.0331289064648528
-0.0273561208164248 -0.0488918026076064 0.0106193702768308 -0.0526971175132667
0.00285254660999315 -0.0647245756889782 0.0500661913811208 -0.0523538527681265
0.0459830691428125 -0.0469787638537157 0.0693718352216332 0.00514289767122754
0.075605968912125 0.0118993226368918 0.0297215759801175 0.0543818723264529
0.0397767039677263 0.0790736089299823 -0.0247121356589077 0.0428468995726765
-0.0210142370021228 0.0944861617298238 -0.00902744140568682 -0.0292445446968949
-0.0437021353331354 0.0531573731639883 0.0589381544509126 -0.0959395265763077
-0.0169005871303345 0.0699079708116773 0.0778280911334216 -0.0712932342724743
0.0266806440717279 0.0568440133426895 0.0532802189757003 -0.0916431832880254
0.0506856980084334 0.00559301193273427 0.00160333955372846 -0.0827492899470478
0.0294073183758328 -0.0334805968962102 -0.0332809893068325 -0.0574890808060341
-0.00391601346456865 -0.0423717660520583 -0.0478642663988605 -0.0295378673156534
-0.0227921377686152 -0.0295069906208857 -0.0448163781011052 -0.0152620899924298
-0.0242032967864366 -0.0190786358865361 -0.0298528226664487 -0.0243004044653325
-0.0240384080940899 -0.0193747575760946 -0.0222639902750827 -0.0417837182545438
-0.019753723458652 -0.0350937042722905 0.00401786440976034 -0.0613163310865853
0.00401153001020422 -0.0475436264375868 0.0465618385557908 -0.06193409198396
0.0369067855911431 -0.0326238504655852 0.071897973562389 -0.00395746876252043
0.0538722863354526 0.0162173182240785 0.0333428246754381 0.0452895121708493
0.0199807013508562 0.0616971146017693 -0.0180150681611197 0.0331986764577622
-0.0257563329763499 0.0610027293141086 0.00290739415046636 -0.049312605153951
-0.0258344349051901 0.0118379322970827 0.0687741990354837 -0.108063252997262
-0.016762675289533 0.029083289342551 0.0803937439813189 -0.0755352306807798
0.00575993840462292 0.0267052929476662 0.0568809236166131 -0.0840270486049089
0.019849959462349 0.00523953891512156 0.0155270155664753 -0.0806616139655066
0.0122386440291398 -0.012072560035459 -0.024221737564978 -0.0678448876594648
-0.00163674617903354 -0.0182923344617872 -0.0497085836257517 -0.0430284690362565
-0.0104325071264195 -0.0132097697463403 -0.0517264754546642 -0.0245308583070689
-0.0109352617220209 -0.0079530589436201 -0.0362192741170787 -0.0308298386105108
-0.0125030473022012 -0.0084776632402138 -0.0265456418723028 -0.0473085573552217
-0.0107143080817767 -0.0177815577263058 0.00228246361063716 -0.0670523088692471
0.00324335297678342 -0.0274208048608846 0.0462024678211082 -0.064860528941217
0.0255906472582293 -0.0185821542976675 0.074779663897998 -0.00642456212671003
0.03166257976204 0.018255915329213 0.0352673711236911 0.0412964671756536
0.000924397427791762 0.0392805632613817 -0.0132973734404106 0.0275860646339032
-0.0265090239837553 0.0219155899907028 0.0132144771370351 -0.0593135428445231
0.0193050136093198 0.012064689464638 -0.0157639633506329 0.0813020739123629
0.00658890069877248 -0.0115586026148486 0.0413803164052673 -0.00900064885792848
-0.00830968067383185 -0.00768103994623386 -0.0298676869428499 -0.0548933942861291
-0.0045816332007404 0.00526676801323559 -0.0901742999878796 -0.00520674098151439
0.0029861098965514 0.000484363023938834 -0.0587800866265444 0.0704130630664632
0.0021223521802116 -0.00166094507754093 -0.000823111085160292 0.0807036308024502
0.00103150400326259 -0.00290839070110261 0.0274632816867948 0.0591422132715671
-0.00421896294325186 -0.00596206830362409 0.040710935457079 0.0370846486156899
-0.00533329661592693 -0.00752927128713694 0.0503313245201187 0.0293542242971779
-0.00393146131500042 -0.0120044053392146 0.0509523161709656 0.0400374063952725
0.00687333819708996 -0.0122246291281656 0.0266900345970248 0.0668326464155479
0.0165733564418563 -0.00404547285904549 -0.0194421990785997 0.0826802502936968
0.017388464743535 0.00680370392307247 -0.0564792981844805 0.0782556821225637
0.0137197397948653 0.0196629055102795 -0.0902929007350647 0.0697290582340438
0.00796026923579772 0.037591323086264 -0.0813635044111186 0.103389658321707
0.00769527267604932 0.0495429425910728 -0.0200449688174939 0.0690899371588366
0.0168738818732769 0.0183439775429928 0.0424016054101113 -0.010510795860628
0.0145472429022599 0.00299581061132136 -0.0256238028636395 -0.0657288545602417
0.013400372268416 -0.00526093899131578 -0.0918168558314245 -0.014664699767685
0.00873091403731261 -0.0201661381781589 -0.0651614755774797 0.0646546911485468
-0.00458480305755664 -0.021703137749444 -0.00746947385165243 0.077525862351947
-0.0124316563797859 -0.0165567824975809 0.0224640581306016 0.0559881635081732
-0.0188362615285138 -0.0182944993553805 0.035279972567929 0.0322131493068107
-0.0193652190962308 -0.0234411259363608 0.0449154054811535 0.0195960913233671
-0.0132074156693651 -0.0390545348935291 0.0519087049545725 0.0248470256383284
0.0170795977039781 -0.0419188344457902 0.0414739214065795 0.0510190524386079
0.0477130879276152 -0.015298967493267 0.00102888475441341 0.0798316926473167
0.0504400387322585 0.0294410636954715 -0.0406332343321377 0.0855958442805355
0.0222694996872687 0.0646274589965536 -0.0759823188461499 0.0721721912932591
-0.00926077073933885 0.0833924814761128 -0.0691975188397211 0.0905586180115626
-0.0104699220213141 0.0822593857201576 -0.0168148752490273 0.0429280921224391
0.0219535541532258 0.0523697050213289 0.0464130353349795 -0.01771325786097
0.0388482491204898 0.0210261716922311 -0.01559718476629 -0.0807738569690088
0.0360362858085118 -0.0137528202809695 -0.0900104425975525 -0.0325585452376634
0.0175080192430122 -0.0402487384496915 -0.0723723572047815 0.0495184600909389
-0.00957173039449904 -0.0417909080126626 -0.0180305201256275 0.0684513731371312
-0.0237085256344457 -0.029306221020053 0.0118765784815283 0.0480720489269155
-0.0305405096055569 -0.0277758372432314 0.0253546486929664 0.023695778010317
-0.0306598097165669 -0.033945738629822 0.0332188670748327 0.00676724859099997
-0.023708626546224 -0.0563924410990096 0.0474036413314164 0.00292575075789349
0.0169494682647976 -0.0662134911818032 0.0552582762032651 0.0247710253457967
0.0635776835709355 -0.0358422484982598 0.0273192416581044 0.0692305809226048
0.081385489825644 0.031691292534156 -0.0178445066602034 0.0886117841051998
0.0395686443164496 0.0932429923506884 -0.0585077547084861 0.0717095311740826
-0.017034282630048 0.116049526542668 -0.0528170847672362 0.0662037892736063
-0.0311415865010049 0.102265850136758 -0.00415370489088497 0.00742340713363731
0.0185022615328362 0.0846113818316542 0.0540273719449364 -0.0300146214496206
0.0571890584864214 0.0449042399887581 0.00140699884102402 -0.095612862461894
0.0601216553156885 -0.0156237319388647 -0.0781210723776491 -0.0548417698732172
0.0285121967002996 -0.0556299778398838 -0.0742105457994438 0.0240818017054386
-0.0118820956741725 -0.0581407140093203 -0.0296954254177671 0.0496710142251542
-0.0319307942426981 -0.0394563901682308 -0.00217027691732325 0.0352610498479361
-0.0373785783283914 -0.0327105791994189 0.0112603226262162 0.0115105279415302
-0.0369434882676194 -0.0380978539296214 0.0172030212325584 -0.00875604125960124
-0.031580890572911 -0.0634866165847904 0.0366545289953692 -0.0203519702609961
0.00978017008992246 -0.0794500389868829 0.0597717089526028 -0.00748896133074958
0.0645966743876502 -0.0527068471791382 0.0515291585900438 0.0480798810500601
0.0969154122306418 0.0216484721503261 0.00460105744286711 0.0828473531697528
0.0537864927454445 0.101815182641833 -0.0443350353091896 0.0655703042097911
-0.0183910277609321 0.129215954605573 -0.0358641254685832 0.0340782386282918
-0.0475280773047748 0.10401160296587 0.0163235890953656 -0.03323098080334
0.00635151209989542 0.103038244462888 0.0635795662098529 -0.0458345333974274
0.0608308036931452 0.0665594051074063 0.0227593298935885 -0.102882999654347
0.0755443460654564 -0.00942518360524735 -0.0544505004408346 -0.0746470788963114
0.0380052050685554 -0.0601278456917456 -0.0663890982478865 -0.00787765609305584
-0.0108654042085022 -0.065262546000109 -0.0399063378118801 0.0230437057406312
-0.0349092758893614 -0.0441531991739788 -0.0180762820467416 0.0179535449949704
-0.0384724937347666 -0.0330989854224094 -0.00435214811515537 -0.00183077560936479
-0.0375581097706079 -0.0362642833172648 0.00145603154598727 -0.0223592065406647
-0.0330714505081795 -0.0607254104134066 0.0230164641914079 -0.0398292071245646
0.00375112006988378 -0.0781259701613091 0.0568335439596281 -0.0350580488961638
0.0571651056603354 -0.056541073846067 0.064978262059729 0.0252419478254521
0.0936736932129098 0.0130600774172628 0.0204732805759258 0.070086531211206
0.0536391008168326 0.0954450635804761 -0.0336951233975802 0.0552569043653412
-0.0193915800866628 0.121607947053847 -0.0213165428653852 -0.000384010458597844
-0.0530551622895437 0.0867117986307655 0.0411747170540598 -0.0707785981192824
-0.00918175004355212 0.0985642045146169 0.0730615288355014 -0.0599804093622776
0.0477965478976398 0.0735220322562862 0.0423362296898711 -0.101029815316101
0.0727077329289287 0.000359682676772408 -0.0234933603875631 -0.0843795224810912
0.0400551258210787 -0.0517204078196012 -0.0506407138141399 -0.0379980906222206
-0.00767900541778271 -0.0605530713443376 -0.0461699310395804 -0.0062530125480273
-0.0316902918133064 -0.0416497933785074 -0.0336823602662247 -0.000270720969484248
-0.0342381526428547 -0.0288804225796241 -0.0187479745830751 -0.0149393386781293
-0.0328109961783188 -0.029294628384279 -0.0130080402657938 -0.0341179775735665
-0.0274298266241823 -0.0504443839622975 0.0112236989314762 -0.0532012723799138
0.00359116863443285 -0.0659863457488258 0.0510383072907684 -0.0529194744392248
0.0478637984668522 -0.0476424227037327 0.0705131039470613 0.00715181486107361
0.0767772668131545 0.0139607295225112 0.0296452955608607 0.0573208834754909
0.0394945409385894 0.0818675719144249 -0.0256156114996942 0.0434697814434044
-0.0230179112998837 0.0971633854895507 -0.00822200289555919 -0.0300838253625419
-0.0452182724521465 0.053378195579581 0.0624241582243946 -0.0967484410915403
-0.018273152574862 0.0711262190546146 0.0820315833087386 -0.0703016838043506
0.0264510685942607 0.0591721733480009 0.0560858462793448 -0.0926999534745683
0.0519529549079695 0.00640517590159333 0.00371786963002133 -0.0851206549166706
0.0308300569992473 -0.0344843644755976 -0.0332819269606395 -0.0592472779747773
-0.00419066654370897 -0.0434136221742949 -0.0491454889003479 -0.0307445865007462
-0.023423665136884 -0.0305063806762152 -0.0460306318418558 -0.0161912614984543
-0.0242568549524669 -0.0201959533928136 -0.0303141660054365 -0.0257097917406159
-0.0241307005048633 -0.0201330075332725 -0.0222792132981784 -0.0427398608743306
-0.0195680723380085 -0.0358644915487399 0.00457208560725929 -0.0627889751286495
0.00443181045813458 -0.0479299053741387 0.0478468813100115 -0.06294662125125
0.0380852779566106 -0.0330386878939435 0.0736829852574721 -0.00243040728859273
0.0552597308480418 0.0181191843592643 0.0333887804565315 0.0481085205849692
0.0188301652713302 0.0633200594023537 -0.0186677355401621 0.0340683240019741
-0.0269740454012685 0.0621913386461384 0.00334744187162788 -0.0507006087611209
-0.0264475075946887 0.0115602053562719 0.0725775480942283 -0.109195724035021
-0.0173273309544067 0.0289254516783359 0.0838357653130166 -0.0750597958929928
0.00522673631325179 0.0273241609637207 0.0610562083133767 -0.0848722505290527
0.0204409861074793 0.00569899170885378 0.017611196717039 -0.0826241397646781
0.0127784689125432 -0.0123908799446033 -0.0234792093552671 -0.0693625209160439
-0.00196663700123771 -0.0180730870284976 -0.0507111777132954 -0.0446242491153964
-0.0108280473719877 -0.0137948622482899 -0.0536118982300475 -0.0258699428767465
-0.0107725099426346 -0.00889643533252998 -0.0367476768041248 -0.0321303500798986
-0.0128417922811528 -0.00838229542941801 -0.0268629908452901 -0.0488534650709624
-0.0108565827581082 -0.0181272463889964 0.00316989072671893 -0.0687434557594653
0.00392965390023034 -0.0278755224941371 0.0481522225568151 -0.0657103062517934
0.0263491533692903 -0.0189234921838698 0.0767633178365263 -0.00481469288208035
0.0317612454147934 0.0192794607583104 0.035726636190171 0.0444708593938259
-7.13488658284588E-05 0.0397619501171492 -0.0140413772617718 0.027739855054954
-0.0272313462394176 0.0219138426535337 0.0136787994832235 -0.0598921047347051
0.0201167582309886 0.0114647629363516 -0.0132192343493101 0.0845171939938981
0.00686446759514713 -0.0123363586434649 0.0439409068002715 -0.0103761238544897
-0.00878505450664777 -0.00780000341568458 -0.0315658206857056 -0.0561308726894015
-0.00421494099039332 0.00530136016631293 -0.0930951293313073 -0.00331802287611444
0.00273398260968284 -0.000210427602879057 -0.0592767686818848 0.0742698980697648
0.00256416404482288 -0.00157909681190438 0.00139516653725734 0.0828307013682731
0.000746471224589994 -0.0036400522339392 0.0300825681672471 0.0604036931786184
-0.00458476020976013 -0.00623952990608008 0.0430100140178098 0.0380987983728881
-0.00619778022364632 -0.00761089311954811 0.0535967196873192 0.0292934579863815
-0.00445665114629534 -0.012286584942146 0.0536473118511431 0.0401578872982898
0.00703481969913776 -0.0131087370685941 0.0291990730671 0.0691596901900759
0.0170895675260367 -0.00438705175247672 -0.0185826431515367 0.0859277904556293
0.0181399916547866 0.00723408155303543 -0.0571550114874697 0.081908709764188
0.0144515120090288 0.0207153136553639 -0.0925948090204858 0.0737264070835891
0.00902454817411966 0.0387275467240249 -0.0815210463475756 0.108255016762582
0.00902127031469625 0.0507157583360604 -0.0178222115622408 0.0718413347093211
0.0175984146979071 0.0182326932231277 0.0448944381639206 -0.0117102319883187
0.0148519421323992 0.00308354839247322 -0.027776467334962 -0.0675863657448686
0.0135921107812082 -0.00611818605755117 -0.0956031026964801 -0.0133880190688608
0.00847157591403327 -0.0213546102837469 -0.0663118081240673 0.0679155324571601
-0.00555880121162473 -0.0221168615336282 -0.00564508479871655 0.0804163231003846
-0.0131184058453803 -0.0165102562142411 0.0243944505466908 0.0574085441782071
-0.0195410217936206 -0.0188508577836258 0.037893349679342 0.0332113625590568
-0.0207468398059916 -0.0238992234625083 0.0466032760637456 0.0202190978647997
-0.0149915590910148 -0.0397985966530897 0.0536758251621792 0.0243432149419178
0.0165752649828026 -0.0440434797501121 0.0436748172654266 0.0524669383409847
0.048835178516315 -0.016944578742443 0.00275212613365151 0.0832807266574433
0.0528461713225592 0.0291888669682721 -0.0408380851091643 0.0897653613425266
0.0238529630028105 0.0673796567475496 -0.0773038913563716 0.0763559761770645
-0.00743164074322449 0.0862720781938026 -0.0693029780805269 0.0953632792624942
-0.00885768091234718 0.084446378135183 -0.0152882802130783 0.0453365417666443
0.0237909270857411 0.0536216501362043 0.0490274519570969 -0.0188269086796749
0.0398936279311543 0.0209034641642105 -0.0169486127893704 -0.0836279229067403
0.0367127107436095 -0.0150330039520767 -0.0937823968781168 -0.0320543844535401
0.0161862732477341 -0.0419152279341636 -0.0737848404497952 0.0525267561847127
-0.011514913971127 -0.0427320079148965 -0.016722329487425 0.0706315385467189
-0.025216224796394 -0.0295171522392223 0.0136167582490915 0.0497486987575279
-0.0318383084668119 -0.0280760332537486 0.0264512298926998 0.0243162104790006
-0.032363062248737 -0.0346176604203608 0.0344975827880866 0.00654790485414478
-0.0260223550911642 -0.0572157497453557 0.0485129980980506 0.00175482668701279
0.0152878124093513 -0.0692559405350613 0.0566480214627574 0.0237087378680734
0.0656885536742205 -0.0384055526957508 0.0301673497082015 0.0716895161466805
0.0851042404701822 0.0310047425969653 -0.0167329203641445 0.0927369289590593
0.0426252071478307 0.0954967655254291 -0.059682485104832 0.0754148289128795
-0.0148940009547903 0.120706350039044 -0.0525010214271727 0.0691878877913239
-0.0297857043898171 0.105492670157471 -0.00312991500184755 0.00862553186902785
0.0208696573390473 0.0866219666169242 0.0565656672685051 -0.0312373778781534
0.0597245334868472 0.0452948616548697 -7.51909212628724E-05 -0.0987990477459471
0.0615058551454149 -0.0177533563692249 -0.0819595001918345 -0.0552496392613595
0.0275199173218234 -0.0581857314193732 -0.0763588608927318 0.0264668061943863
-0.0145132263179094 -0.0593675363340976 -0.0296059690318369 0.0518412516332257
-0.0340300330619012 -0.0400099795612955 -0.00171997054363633 0.0359522335230735
-0.0391418449576959 -0.0335579331442667 0.0119472247179055 0.0115871992145847
-0.0394683264118458 -0.0382617196788412 0.0180117109101754 -0.00829828163801278
-0.0347470641389291 -0.0647232417372681 0.0370202110995619 -0.0218593870866558
0.00785674566917105 -0.0824114890665652 0.0605570706349662 -0.00920343866937907
0.0653602913612704 -0.056188368892876 0.0543197012753721 0.0492418333887849
0.100961854588852 0.0208958057583012 0.00692590841293094 0.0860804951766722
0.057353794388071 0.10368337280997 -0.0442846321449621 0.0686017934250779
-0.0155663657133806 0.134219119920942 -0.035625561070683 0.0353031399791959
-0.047253904176744 0.107667448266837 0.0169643038786451 -0.0339492313252912
0.00824745637065728 0.106135925134048 0.0659846914060063 -0.0464655237181907
0.0643275148072374 0.0683150073758963 0.0215881732520559 -0.107195038181285
0.0776199717297921 -0.0119214216623448 -0.0572980911348728 -0.0758871653836453
0.0372873608435996 -0.063292847540338 -0.0688139555935767 -0.00670722639141792
-0.0134373103184135 -0.0669140055018547 -0.041000856906755 0.024770314726339
-0.0371724000887653 -0.0446705304352962 -0.018720663859286 0.0192344995299644
-0.0404666228736005 -0.0334924403088309 -0.0045575314816691 -0.00184126387522236
-0.0395617787748441 -0.0359986714814042 0.000496435692004287 -0.0222686158611733
-0.0361303877404329 -0.0616966296250523 0.0225781458629656 -0.0413581853826035
0.00211516387323354 -0.0811294970165694 0.0567532826381564 -0.0372460639256924
0.0576035939716172 -0.0600414519862989 0.0675585468020253 0.0247209801747159
0.0970651042184395 0.0124026523459308 0.0231763618619323 0.0732414404313509
0.0575127308417987 0.0974204235226197 -0.033014967384918 0.0579935255079912
-0.0168412900944953 0.126246540136661 -0.02172183543246 -0.000361376668478334
-0.0531519777186634 0.0898133709915937 0.0412394503340807 -0.0724617275825376
-0.00737695104778463 0.101669938803835 0.0757177896712568 -0.062079449009619
0.0512613420970174 0.0755263130927039 0.0416976717783401 -0.105415539757187
0.0755522987706175 -0.00163054771869055 -0.024985008253302 -0.0872088523313317
0.0400285465252188 -0.0546306489322497 -0.0528962062848368 -0.0385469178504362
-0.00982955195949655 -0.0617151652955159 -0.0479821279033716 -0.00488776438985507
-0.0339934985494601 -0.0416209468259137 -0.0350175738345415 0.000883047736781664
-0.0354956414314495 -0.0292322872807458 -0.0204035200165021 -0.0152978944289494
-0.0341662771280708 -0.0296283234619932 -0.0144216430460192 -0.0339334285189959
-0.0301418969011138 -0.0512634214916209 0.0100333580643938 -0.0558104119295784
0.0014056365073569 -0.0680746986512194 0.0508631185299764 -0.0562205529877332
0.0478041129293046 -0.0503679356677638 0.0733921284217172 0.0064101963184491
0.0793066735024731 0.0134613616539934 0.0322089297137317 0.0595761569895225
0.0426900402686894 0.0834466806209184 -0.0248828934207999 0.0458179463735823
-0.0207992015141371 0.100984059189136 -0.00973199484741924 -0.0311390452829478
-0.0456687420908606 0.0554407302340371 0.0624525999450492 -0.100475231117124
-0.0169466555846363 0.0730008142935194 0.0834100438323364 -0.0730487315048934
0.0287527536196866 0.0610942111081242 0.0569345110286943 -0.0969021168005586
0.0537745145705176 0.0050217062153224 0.00262916066454499 -0.0880489480975515
0.0307378670058615 -0.0363909847050742 -0.0352092541370287 -0.061112675373728
-0.00569811004292454 -0.0439258227303061 -0.051679668236456 -0.0299490352837264
-0.0251607067355498 -0.0304514711434606 -0.0480426369937101 -0.0156979229322979
-0.0249785400016169 -0.0208392043063136 -0.0324980730622014 -0.0259824423991189
-0.0241965968205999 -0.020328933698899 -0.0245439873876239 -0.0439274460034819
-0.0209852774077012 -0.0366261178204464 0.00290342955417848 -0.0649323553832723
0.0030530359271449 -0.0500395785786522 0.0473039312036721 -0.0657629747398116
0.0384504511223933 -0.0353395831564066 0.0764303501215816 -0.00351006544073422
0.0571973132946385 0.017806597362778 0.0360781589418167 0.0496129263529463
0.0212481902977826 0.0650642258557809 -0.0182627288375009 0.0354161791763128
-0.0262032516094255 0.0648982798085716 0.00221936657718111 -0.0522771468396355
-0.0270851474717853 0.0119107552181575 0.0727468484775488 -0.113181893555198
-0.0169525800751142 0.0295563744884523 0.0853020425203652 -0.0783010090477742
0.00592891224911637 0.0282545670641867 0.0615176197616916 -0.0882909198991799
0.0211730782089688 0.00515855729715082 0.017271208995589 -0.0862630144929284
0.0128588224963989 -0.0134363240330065 -0.025899665537624 -0.0715776698780461
-0.00250714229677864 -0.0185058514482542 -0.0537159243170465 -0.0444901974082754
-0.0117001614491096 -0.0136620642035716 -0.0554687719973183 -0.0251604038414415
-0.0107344435602645 -0.00924203294356173 -0.0397794797320766 -0.0323706457677981
-0.0129366448282134 -0.00885057106249333 -0.0291807790732034 -0.0496692075795042
-0.0114916061975372 -0.0186301421189494 0.0014015429172647 -0.0710957519860421
0.00264625301282652 -0.0287807405479646 0.0476874801456319 -0.0691804120683119
0.0264540938492892 -0.0202314061993563 0.0795221599953634 -0.00622702698025292
0.0333143544667596 0.0197583573054229 0.0377336694944898 0.045744545883584
0.000769343006777297 0.0409921803714615 -0.0140284578053031 0.0289243894811506
-0.0277186016732556 0.0232442346215094 0.0122003025199334 -0.0624726442461127
0.0208768466720515 0.0100147210547787 -0.00862309434995374 0.0852527168538181
0.00566712309241715 -0.0126483617984834 0.0446781639648361 -0.0132297829449297
-0.00881364328383769 -0.0076840894015279 -0.0336687637069876 -0.0559301611238066
-0.0039175543854299 0.00550428335235856 -0.0941923890752297 0.00105763812085532
0.00277301378180608 -0.000252274556499928 -0.0568154110863593 0.0782083836572814
0.00261948928394855 -0.0022449040941317 0.0057083141617094 0.0833667047444845
0.000401969032207973 -0.00354287553667051 0.0336758025808804 0.059245197409864
-0.0049590341268536 -0.00591536211836075 0.0463947223498899 0.0366488803306565
-0.00696332752244931 -0.00735562129402922 0.055527705899702 0.0265575026352042
-0.00562263800367333 -0.0119198004761884 0.0560251762723325 0.0383485999409496
0.0064793752726437 -0.0139991456723913 0.0325977140375668 0.0691141933454792
0.0168228723315711 -0.00514346689343144 -0.0147355490999743 0.087813604266954
0.0182670389663461 0.00639627512110292 -0.0541819946885873 0.0847931205261187
0.0152097015209291 0.020687540862782 -0.0904296220771345 0.0782085023533818
0.011069032803361 0.0387051605037982 -0.0772246879565171 0.112759556591564
0.0108929446338411 0.0501818871721509 -0.013454738577105 0.0728773678380496
0.018474077899923 0.0174919796966927 0.0461908157301709 -0.0145036676946042
0.0153909909001675 0.00227885106949945 -0.0304477937957228 -0.0670233559914819
0.013490086020548 -0.00671246068608807 -0.0970106738950335 -0.00917580275696983
0.00687160517474218 -0.0221905753514705 -0.0637521461048488 0.0721115300029402
-0.00626150527894948 -0.0221141647660873 -0.0013391664570337 0.0811429777667678
-0.0144191516213172 -0.015830366945125 0.0276617958754083 0.056919597699619
-0.0211317967668473 -0.0177422215567442 0.0396827276408873 0.0319255853001718
-0.0224664092734707 -0.0232457992975984 0.0484709667762355 0.0180925549351331
-0.0175388032737951 -0.039165441199443 0.0554616739077561 0.0221458074579407
0.0149297275600075 -0.0450547398653994 0.0465626660564089 0.0506771719936399
0.0482560581069644 -0.0196917751137917 0.00631317920838038 0.0843049282923373
0.0548193977726904 0.0274838560407548 -0.0375420323462109 0.0915808893140401
0.0268459607431546 0.0665666527062223 -0.0747438332043656 0.0798837517749041
-0.00340686177691649 0.0875062540987616 -0.0642800255619586 0.0982099123231769
-0.0053660306452841 0.0850729737763011 -0.0125177348029975 0.046606852048596
0.0259184139605831 0.0524961003602008 0.050555331060993 -0.0207082595471964
0.0414018017607972 0.0191510506192084 -0.0206263948038849 -0.0839543982181805
0.0365382817476019 -0.0171002671328348 -0.0957972767909916 -0.028277443633971
0.0137367476024292 -0.0435926052593301 -0.0714146305299982 0.0566319858350575
-0.0139595973304227 -0.0422268746499932 -0.0135352831539956 0.072054454830114
-0.0269739037737649 -0.0284102106570939 0.0164328127171157 0.0492527680461392
-0.0339142092411488 -0.0268252639726345 0.0285241836356614 0.0235005423855591
-0.0347519014183333 -0.0328970433715984 0.0354602922638034 0.00576364246846257
-0.0301798300512102 -0.0564900597185725 0.0487515225769705 -0.000407099513022792
0.0115747666043242 -0.0707076979107238 0.0578398553342456 0.0209929508937687
0.0639087041594201 -0.0423611794645943 0.033841070756952 0.0707086711653687
0.0871094842574635 0.0278903994156899 -0.0125635167444674 0.0945094365227388
0.0474957776150885 0.0943866634285122 -0.0567014939229279 0.0783423769845217
-0.00859996269146234 0.122872558815278 -0.0489209708201348 0.0718050990704671
-0.0252686979597095 0.106873594195903 -0.00201192546555105 0.00977780927532784
0.0248887878990128 0.0859351123352766 0.0575174442878096 -0.0330359401122283
0.062427060226241 0.0431669084978804 -0.00403929737828025 -0.100036850066033
0.0611307944998724 -0.0214331683840877 -0.0847779410843922 -0.052279204715458
0.0243174255234644 -0.0600691507300185 -0.0752268699492225 0.0301468732854932
-0.0177487052466469 -0.05848956346832 -0.0269682764549594 0.0535909418782509
-0.0365380775080197 -0.037752402977162 5.97755291934049E-05 0.0365257701941249
-0.0413755837958157 -0.0314734400868302 0.0122376978877956 0.0114112980805624
-0.0418630574731705 -0.0369534010597321 0.0178927056122814 -0.00877938535241916
-0.0390883039544115 -0.0633292045198686 0.035757987745694 -0.0238098415660622
0.00313844366295978 -0.0832946803084196 0.0594839884973997 -0.0124261577662906
0.0633889994587106 -0.0601960703533955 0.056923980763673 0.0476081328801071
0.102535980105047 0.0166002150220382 0.0110955071076583 0.0870622149121332
0.063085829131579 0.101749285371331 -0.0415071589183615 0.0710218109505766
-0.00874644996376588 0.136334567269828 -0.0333784144727789 0.0367582516676491
-0.0422617378853775 0.110204658838699 0.0161221115983472 -0.0343657369702766
0.013931818472648 0.106178533096106 0.0656831339463666 -0.0492189573203952
0.0684682656604018 0.0658901093641044 0.0169442312978384 -0.109230486010872
0.0774790117652597 -0.0160705055438972 -0.0608280977090742 -0.0742691065457745
0.0340893031920333 -0.0658916289457842 -0.0695500143467638 -0.00334392759853762
-0.0173622428303924 -0.0660179261316725 -0.0399988302545092 0.0269269807210051
-0.0401332576423564 -0.0428308752012381 -0.0180526854877984 0.019905940545204
-0.0425654106688225 -0.0322806366564119 -0.00505333114076487 -0.00154390500057545
-0.0419969906177138 -0.0345790038551986 -4.24002507337344E-06 -0.0220008547398268
-0.0401064803201632 -0.0602355336806505 0.0200871061933597 -0.0424373436753461
-0.00288458591203011 -0.0813282313783138 0.0540785686113291 -0.0411521411602563
0.0544479055977568 -0.0631999967388288 0.0694739403429197 0.0223352548499739
0.0977528580817112 0.00822130915550108 0.0272189618331737 0.0735153927675089
0.0623846720729815 0.095494194046094 -0.0300705733849761 0.0595354398956268
-0.0103388477106653 0.1279802507272 -0.0213649915076597 0.000199546196190074
-0.0493663937216473 0.0924017028651632 0.0388598319854156 -0.0745099736363412
-0.00233129774512617 0.102019770665125 0.0746581784383785 -0.0648908232391299
0.0553200298552333 0.0741523535309683 0.0381508764020783 -0.107816531292842
0.0758340692810925 -0.00542036669867087 -0.0294170528551201 -0.0867790504675712
0.0370025906875152 -0.0572436226632708 -0.0550440112128051 -0.0363370633600663
-0.0133156246167332 -0.060981698923246 -0.0487848042216559 -0.00231846517975268
-0.0365770505250623 -0.0398363731049068 -0.0352487205244005 0.00225847236916632
-0.0370109151297243 -0.0280635205022544 -0.0215474967814898 -0.01434513513304
-0.0355823931553576 -0.02799455253026 -0.016319451216334 -0.032829450456451
-0.0335509766421832 -0.0503755426002415 0.00713028566912661 -0.0563248030882625
-0.00254594846931176 -0.0691110677636048 0.0468901316082183 -0.0593879377930922
0.0454453861303382 -0.0531997874496314 0.0742534625775845 0.00314774910825628
0.0810917004116326 0.00951688658136846 0.0354925334414564 0.0593375121806551
0.0470535238355933 0.0817094448726061 -0.0221118398821959 0.0470920218122266
-0.0159516503203469 0.103200010601384 -0.0111166768779837 -0.0311745343842638
-0.0430877222926723 0.057199349338709 0.0585168148986897 -0.103710688451293
-0.0132432374361755 0.0740788863065281 0.0817168398615385 -0.0760627416898799
0.0322039607824679 0.0598448939621841 0.0530192264730495 -0.0997956303571952
0.0547176042388761 0.00217830101818602 -0.000981013683554372 -0.0894589032052706
0.0287946364742426 -0.0385561637180003 -0.0382894857365342 -0.0599628853090249
-0.00829821726311042 -0.0433675793527305 -0.0538678680617598 -0.0275603487950853
-0.0270823370266456 -0.0294157369931417 -0.049883007941088 -0.0130614320427
-0.0260408913870767 -0.0200904215877019 -0.0344263666401637 -0.0246642180920164
-0.0253341978500544 -0.0187815011806822 -0.0266768961233472 -0.0424498197593381
-0.0233212186111291 -0.0358277412727878 -0.00072961349591615 -0.0655571863903268
0.00014503680179681 -0.0509579488516111 0.0435843605168687 -0.0688172682309939
0.0368072895569868 -0.0372035232328265 0.0765695235566892 -0.00738336025708033
0.0584562379641822 0.015458989363577 0.0388059130253132 0.049039271371977
0.0243878047927424 0.0640823424303089 -0.0166042472846717 0.0363320035325285
-0.0232715104152721 0.066302177894826 -0.000427090979178604 -0.0527401383217227
-0.0262224297490177 0.0129363814234888 0.0681632038181655 -0.117413488029524
-0.0151382156893594 0.0298458618649989 0.0824991924988872 -0.082462349454719
0.0077934523458022 0.0284857677770933 0.058144194991195 -0.0917926113476621
0.0215827383225999 0.00388646372895867 0.0141565446940718 -0.0877863215160955
0.0121753828353623 -0.0144771796209208 -0.0294413112164716 -0.0711437884508859
-0.00375173561445567 -0.0175901272779339 -0.0569022996550506 -0.041867216461179
-0.0124399683776455 -0.0133194319247123 -0.0581565424031555 -0.0222791848874116
-0.0110889124505461 -0.00885256735594257 -0.0421821787875071 -0.0312901292176594
-0.0129193430303601 -0.00806879469547063 -0.0321113474634067 -0.048466106378867
-0.0126164269938191 -0.0178723510098348 -0.00306333962932255 -0.0716559120579258
0.000975713577206125 -0.029040563590339 0.0440241769267682 -0.0719959175720273
0.025369279070984 -0.0213575882910847 0.0796156845811321 -0.0101604144773873
0.0349402845892089 0.0182033244218764 0.0401110607072961 0.0452613707324449
0.0028346521709828 0.0412653600988326 -0.0125872836362302 0.029411575382106
-0.0265410748204396 0.0249070295387928 0.00866744846552947 -0.0630195548089763
0.0201112628207482 0.00922719724718555 -0.0031804678977328 0.0829805521807986
0.00477288365135708 -0.0126146714762846 0.0444716487735648 -0.0153534708125294
-0.00920725635406866 -0.00723709209843797 -0.0344649862618644 -0.0533796487275223
-0.00370219478510729 0.00560060881188945 -0.0914217589068034 0.00513268189045466
0.00202755848872421 -0.000565675418661111 -0.0519334824188535 0.0779426461643997
0.00220668103829964 -0.0025301273746833 0.00956671810884478 0.0798748368526492
0.000485728808846296 -0.00350983046947033 0.0356425211091191 0.056106356120663
-0.00569087200216028 -0.00595969894741577 0.046906695971112 0.0339931177780204
-0.00714815325759422 -0.00685563857062236 0.0551849122597986 0.0235413112240029
-0.00592040900978583 -0.011276895955116 0.0561896424823341 0.0349552401749161
0.00569343684928797 -0.0137845064711308 0.0348896968217451 0.0662264182362673
0.0163460649632988 -0.00593533479208479 -0.0108377146432773 0.0864352428126437
0.0182334114464671 0.00642173058121572 -0.0501114752882767 0.0838143565351744
0.0155486431901275 0.0196786112448085 -0.0854378902744205 0.0794325723385448
0.0119399025811777 0.0369036701805617 -0.0699290655845586 0.11189259313359
0.0128026714141339 0.0477924243808181 -0.00906339678331704 0.0716909606256469
0.0181681182083204 0.0162801318020787 0.0454102133711471 -0.0157182370011644
0.0146557906793721 0.00144953448239689 -0.0314202354040294 -0.0644550494755679
0.0126160484105096 -0.00712317588221973 -0.0946344359050498 -0.00541464757264811
0.00501319445148414 -0.021681571054133 -0.0591054938756911 0.0723260564899125
-0.00736813296168665 -0.0214844603875894 0.00231885620105219 0.0786196304574401
-0.0142876528576891 -0.0152621265902873 0.0298263231382961 0.0537938462554646
-0.021721405658705 -0.0164018944089126 0.0406134269068423 0.0293173297322928
-0.0229009260494834 -0.0215472493392932 0.0481015563805336 0.0155530740737526
-0.0190513561545791 -0.0370116182224666 0.0552476662070836 0.0193214155057954
0.0124149655311418 -0.0448705578992756 0.0467251658202073 0.0473635191432112
0.0459108414259999 -0.0218311905663013 0.00931653673650501 0.081832043473192
0.0545418829918115 0.0251735704193182 -0.0324634575136794 0.0904197367437847
0.0291896418604195 0.0643886514163948 -0.0698884916357107 0.0806513916153564
0.000171508095438363 0.08533444016449 -0.058074074886561 0.0975108979041905
-0.00181963253660064 0.0818674724667915 -0.00828899004017955 0.0464295525887075
0.0273168323169341 0.0497968742014321 0.049412701393871 -0.0223413538484609
0.0410063150280966 0.0172136398681386 -0.0224344958166948 -0.0810529505032205
0.0346536924239505 -0.0180359510726424 -0.0940184986667505 -0.0238374678334849
0.011005254259139 -0.0426416635589078 -0.0671684488662987 0.05760207291309
-0.0155907410939566 -0.0401434736432868 -0.00948135696567393 0.0705271080828596
-0.0273712799957406 -0.0264443931459257 0.0173009974023047 0.0470645575443498
-0.0340844200141084 -0.0246710299437587 0.0287515254945726 0.0216164600557672
-0.0356384744910464 -0.0305263258033901 0.0345373888061923 0.00380217709534538
-0.0326012416342477 -0.0533157215986783 0.0475566684222979 -0.00203221877776392
0.00776165772987347 -0.0692512879977539 0.0561479171719181 0.0187860062988449
0.059974168954378 -0.0441814617829046 0.0360564230457662 0.0680130930719959
0.0860169311673635 0.0237491280474815 -0.00818041320116029 0.0922358010570297
0.0500999457341943 0.0902870975406279 -0.0515954693891377 0.0786280093445888
-0.0029974652461303 0.11968884292306 -0.0438431303195279 0.0709280757617392
-0.0201343369209846 0.104234416361299 -0.000621226394592265 0.0101762916750302
0.0278372612180838 0.0822032220262255 0.0556823175784785 -0.0343714633837015
0.0626615859773531 0.0397402171273383 -0.00753504790386964 -0.0971096315212102
0.0583403216417261 -0.0228618079142177 -0.0843826593290424 -0.0478231502088706
0.0200078074857187 -0.059890850115072 -0.0719184168222936 0.0325882609996969
-0.0204133204342295 -0.0553914801226102 -0.0232875608059276 0.0533299100312706
-0.0372421723049108 -0.0349664594098039 0.00187889806502103 0.0352842377124248
-0.0417420177502235 -0.0291180670484156 0.012773015111552 0.0110274902956538
-0.0422735658719648 -0.0341300571138577 0.0169561775541955 -0.00910384714275458
-0.0415509129322998 -0.0593896999421847 0.0334835869341277 -0.0239994981537487
-0.000950257977543388 -0.0810539669804756 0.0563811753105307 -0.0145005948215976
0.0580933799346771 -0.0611812617956786 0.0570109603556301 0.0443295121346353
0.100268787874884 0.0119268564447276 0.01495824941641 0.0846702516252628
0.0655889597032698 0.0964373453182838 -0.0367122564027249 0.0704747096475876
-0.00241404957643918 0.133079886328087 -0.0303365323208017 0.0359692214233327
-0.0370624577026366 0.108389351250742 0.0151662582594623 -0.0329048212896134
0.0173698166174374 0.101951800364016 0.0635530536303976 -0.0496960416154518
0.0695644043526202 0.061586577806972 0.0124227673406176 -0.106607672393198
0.0745585049093159 -0.01921595570872 -0.0619779483835205 -0.0704531825935223
0.0294797203046912 -0.0655482461045073 -0.0675510900357111 -0.000954548715642053
-0.0203222625815624 -0.062793769561218 -0.0374268258931882 0.0281293219932223
-0.0410657091417053 -0.0388678020455397 -0.0170610689680336 0.0202100967270968
-0.0427311765423832 -0.0294011479303341 -0.005354278701565 -0.000890158975765862
-0.0422038709002363 -0.0316000656761724 -0.00133349273411945 -0.0206297223360142
-0.0424372097782264 -0.0560307260807167 0.0177041160122401 -0.0416054769995871
-0.00697671703170029 -0.079265489389686 0.0497544567422277 -0.0415079828432016
0.0497114672593536 -0.0638460045504802 0.0686381407406341 0.0191216354716634
0.0957426721867536 0.00404973352131073 0.0300387043448613 0.0704504054888786
0.0648658114166974 0.0897072948835947 -0.0266702280471899 0.0588068840915588
-0.00399185837593102 0.125457294900517 -0.0206435771810169 0.0001892414866514
-0.044281963284463 0.0913511796599362 0.035235587839875 -0.0731289934528486
0.00204322327461767 0.0987253511776134 0.0709476898221932 -0.0651793652769292
0.0571687287600004 0.0695414139580843 0.0325423263073488 -0.105907349301459
0.0733980269533612 -0.00912648020541534 -0.031260261347332 -0.0837186029842039
0.0327967862672448 -0.0577495737050022 -0.0546713827247044 -0.0334164949268385
-0.0160156953455392 -0.057623204534011 -0.0474050092369651 5.85015838623281E-05
-0.0374948142980974 -0.0365951763168004 -0.0348933516970419 0.00391520625983663
-0.0370303307960666 -0.0257751987584695 -0.0218523869054283 -0.0126572452584955
-0.0357508757746569 -0.0259416710217103 -0.0173589046836738 -0.0310674602145653
-0.0354073332083091 -0.0468259688395216 0.00394417479889392 -0.0544559954810814
-0.00645160371444121 -0.0667839954087734 0.0417202165338224 -0.0598256151806383
0.0412129141940125 -0.0537837777831321 0.0725005834761962 9.64708327131651E-05
0.0790061070416851 0.00631918030221352 0.0377813507480983 0.0566429996521162
0.0490299151250728 0.0775452089710176 -0.0198513900505143 0.0462363800421716
-0.0107610398278046 0.100668796141608 -0.0120900472758098 -0.0304897236977675
-0.0399270044780904 0.0570606441818633 0.053223976425092 -0.101829077455576
-0.00981974576422959 0.0716715361424529 0.0771548766442064 -0.076174921338946
0.0338513375327801 0.0568135805821549 0.047474583148038 -0.0981525708529969
0.0530403391117588 -0.000413960809833281 -0.00390285704771854 -0.0875243509412317
0.0259260595151077 -0.0389206915205155 -0.0397978257079959 -0.0569816978931106
-0.00983481065007404 -0.0413506170288204 -0.0531691503205415 -0.0241071501518914
-0.0274814178328775 -0.0266220598863453 -0.0491515024308498 -0.0102064357946617
-0.0260706567035596 -0.0189188670651003 -0.0351740417823925 -0.0224726121966783
-0.0248608353612697 -0.0177069263199044 -0.0278790260865745 -0.0392028470201385
-0.0243997554331645 -0.0331681501337204 -0.00372728427762335 -0.0632339769587529
-0.00260220015654759 -0.0489790540495174 0.0386571458563065 -0.0689134168262528
0.0333200431451455 -0.0374308925003753 0.0742442705926846 -0.0101226549249406
0.0576967514575845 0.0125994667354693 0.0405584475531636 0.0466034940738355
0.0266235412290095 0.0610254048006778 -0.0146714679508898 0.0347988020458764
-0.019364205759633 0.0656976514752674 -0.00321376346432703 -0.0509712753182151
-0.0250179974505667 0.0130099027919158 0.0617756379450964 -0.116272446643838
-0.0132587607962369 0.0290286419227381 0.0770300068950863 -0.0819584418275452
0.00891939815174368 0.0272884770377946 0.0531233085472499 -0.0909063637952765
0.0208502851805515 0.00243635993787894 0.0104299474712215 -0.0865005672105761
0.0110183648882338 -0.0145286860402311 -0.0310359178124797 -0.0687897479745245
-0.00451839853130838 -0.0164995428737567 -0.057072750073278 -0.0377879785494542
-0.0125305013838345 -0.0116898263623791 -0.0580808191242436 -0.0189044581066755
-0.0113952100673751 -0.0085714100165504 -0.0427082697458203 -0.0283469500243661
-0.0122883321900139 -0.0072977408968465 -0.0338397240157569 -0.0456070147044935
-0.0130943458536997 -0.016513512443094 -0.00615446063099373 -0.0689541668116974
-0.000505342622404311 -0.0282099240324585 0.0388387981455087 -0.0720046072910965
0.0236490839235554 -0.0219226901440157 0.0766136846661685 -0.0137560473571372
0.0348667154370659 0.0159154621394754 0.0410969839385253 0.0424794693754783
0.00442099193870768 0.0394251355049864 -0.0117563663062496 0.0288806196296901
-0.0243744254147715 0.0254320661447211 0.00503293265911641 -0.0612548495169982
0.0171079615577829 0.0105019532916377 -0.011593629572661 0.0778323579838624
0.00565403148046669 -0.0108622123905951 0.0447719649627846 -0.0101427301961381
-0.00764098401740316 -0.0079215938638476 -0.025308807107348 -0.0550801448419222
-0.00444531927250623 0.00389040916326037 -0.0859280820362764 -0.00611806622009754
0.00153268173942473 -0.000444106738537623 -0.0573315970081284 0.0672608492452403
0.00241809714588053 -0.00264143151935265 0.000329214067789909 0.0760990204047598
0.000910250168666039 -0.00396296022989674 0.0275801993038461 0.0574056062639826
-0.00446600538585998 -0.00642234879438832 0.0406658998227343 0.038010931388793
-0.00605876882121353 -0.00799225226548277 0.0505033174622497 0.0298369365409544
-0.00421291718757806 -0.011829406426907 0.0499492796048003 0.0404297938773504
0.00748891114613863 -0.01316704783923 0.0254388100976029 0.0688159521219658
0.0165886376448234 -0.00458878545905284 -0.0219361885370491 0.0828675440342599
0.0181351190841271 0.00812465917599925 -0.0603801716727667 0.0737639791178952
0.0130586352563826 0.0208847776025558 -0.0940130394789169 0.0649861426533148
0.00788914574086397 0.0369129244111235 -0.0832332348573986 0.098711941636867
0.00521627850679499 0.0457512907561224 -0.0176095460500365 0.067348011510098
0.014216620915926 0.0178790247091657 0.0455449005199571 -0.00926624114283798
0.0135424995701649 0.00374584564509386 -0.0210274042917552 -0.0639065886825143
0.0129112915778125 -0.00518625996899434 -0.0865242899075603 -0.0157864731948226
0.00726713046699985 -0.0200078566847062 -0.0622901868959094 0.0616176471433288
-0.00434859740218122 -0.021580371257103 -0.00597763174484388 0.073168178176745
-0.0117836408667609 -0.0164732520343382 0.0224584907039972 0.0542301024575163
-0.0187758902685676 -0.0188727372170011 0.0350680215141928 0.0332428582003362
-0.0194821088242579 -0.0236532640468705 0.0442215142616624 0.0213458142242254
-0.0140185504868902 -0.0376952903514381 0.0498882970986695 0.026639470439085
0.0171630767232306 -0.0417877493015611 0.0379788037066379 0.0535034319105862
0.0473428264269175 -0.015751241451031 -0.00237347386450664 0.081543569445563
0.0508759404568958 0.0303441350040531 -0.0450994662504442 0.0818327588604708
0.0203521620254518 0.0653321334724184 -0.0789186447560138 0.0664243072753941
-0.00904911277301358 0.0824100692635865 -0.0706503916894454 0.084245602181814
-0.0126728944239764 0.0757483908378454 -0.0174415654766306 0.0445327497498509
0.0180578716464005 0.0496863733045613 0.0493693449194522 -0.0127553424302816
0.0354276442314012 0.022052225463069 -0.0107384367116449 -0.0759582512710172
0.0346846956875025 -0.0119388970714774 -0.0831700518929411 -0.0322941822103602
0.0161941046076401 -0.0390813439033558 -0.0681099272180182 0.0472293771439378
-0.00985704252492504 -0.040283822036913 -0.0153270191439311 0.0640573727014548
-0.0228899166343527 -0.0282655082080755 0.0118809210206269 0.0467249244920262
-0.0298138319643602 -0.028273766753158 0.0245701261089021 0.0248967182769621
-0.0302438447707653 -0.0338151756598747 0.0331250461287817 0.00899907505352744
-0.0248709123032981 -0.0549641326605841 0.0452055234835769 0.00570600313407043
0.0161239494371275 -0.0657497991491642 0.050001167402957 0.0271794986237283
0.0630424458281269 -0.0359696736048662 0.0244656235189772 0.0721457445977353
0.0808765570626694 0.0326611943313414 -0.0225188219576046 0.0863212160975456
0.0374693870946492 0.0929059143148 -0.0620290228195838 0.0657404697477281
-0.0164972163174807 0.115005324503922 -0.0535698874603072 0.0590374580925406
-0.0325127004776263 0.093804509979556 -0.00760145793196558 0.0111686970967645
0.0138808346441911 0.0798815574890471 0.055386923503414 -0.0217885844073863
0.0526922918082965 0.0459482397316231 0.00454310494700492 -0.0878644144829064
0.0578993409164544 -0.0136083749458357 -0.0712182790828789 -0.0523490808516379
0.0275617780854574 -0.0532563665230073 -0.0682991287915738 0.023110991390237
-0.0120971010028453 -0.0550020338107745 -0.0263522684972601 0.0457429894902996
-0.0305545892710846 -0.0380765610899165 -0.00193510159699463 0.0339013351710042
-0.0362185479882573 -0.03344635307826 0.0104100032756348 0.0123146022145498
-0.0360207560764887 -0.0378356393960126 0.0177825803511484 -0.00489297020129027
-0.0326674714660364 -0.061892456043279 0.0348936841564248 -0.0164203972430164
0.00848650819118732 -0.0781081042994957 0.054437552983197 -0.00363512945125721
0.0631560827051486 -0.052120267839783 0.0488035919907063 0.052349327264937
0.095997932900766 0.0229880153953553 0.000434243567988491 0.0822736174240854
0.0516926215551057 0.100428580964342 -0.0473001403289083 0.0591888909761164
-0.0175927485966567 0.128102788163147 -0.0367834543369279 0.0266472482797142
-0.0481821571778254 0.0954849655612075 0.0110677641868807 -0.0279412406672029
0.00226040830309011 0.0964277376577287 0.0624255291569619 -0.035008470477155
0.056025887834229 0.0675435480562748 0.023372828287424 -0.0932642382758011
0.0725177882375026 -0.00735626860990122 -0.0476633647457477 -0.0697421326845173
0.0372413908685055 -0.0573019062052666 -0.0607570544522384 -0.00706617483349584
-0.0108310436011304 -0.0615321902964474 -0.0356875243709231 0.02054425759255
-0.0338704071804836 -0.0417681489352277 -0.017450017029064 0.0175880088118182
-0.0371988789677946 -0.0339921780294704 -0.00562945489667208 -0.00133056720477337
-0.036276042317225 -0.0356850164420448 0.00155091770253841 -0.0185134214085571
-0.0341275436361217 -0.0585900555469146 0.0215950745429639 -0.0354639702747384
0.00241980573322167 -0.0767901676213382 0.0511381437379424 -0.0303487722604583
0.0548374725345325 -0.0555249107084324 0.0630557448251112 0.0291916309798703
0.0918837452532509 0.0143964941075367 0.017268973884368 0.0713477566021726
0.0517375476001317 0.0940374494317834 -0.0361125365719246 0.0493664455275678
-0.0180201780295084 0.120318021698554 -0.0225699984231368 -0.00762121624188362
-0.0533696248975807 0.0785444893490243 0.0347902450139527 -0.0634496942757955
-0.0118667848581563 0.0916640227367535 0.0710277567662644 -0.0493222443388001
0.0440964441595712 0.0734931593800139 0.041189691952526 -0.0904347902579677
0.0702113328504773 0.00245699752131458 -0.0183952068696839 -0.0786107354212083
0.0392100260628906 -0.0494877268679587 -0.045176713830394 -0.0362161519860724
-0.00675582595922837 -0.0560715169394591 -0.0423198740741 -0.00643268187890627
-0.0309468219757443 -0.038991799280327 -0.0325798210586424 -9.11898938972973E-05
-0.0323265505789783 -0.0301538356418275 -0.0197721943226471 -0.0142972349477896
-0.0301766318434533 -0.0293016416044813 -0.0122781537580339 -0.0308104307687468
-0.0281489940328719 -0.0484526388534253 0.0107058642839492 -0.0496802558362402
0.00139753404384885 -0.064649918573717 0.0466257853680212 -0.0492377571680535
0.0450476847066002 -0.0464132665045773 0.0691925368651167 0.010669514230035
0.0755339603848744 0.0146328336658763 0.0268479461367459 0.0584428012143038
0.0377620219047483 0.0800190931323683 -0.0269685711553641 0.0383425170061715
-0.0216156156597779 0.0961905645272093 -0.0101443994037941 -0.035252644485816
-0.044378178123575 0.0479306849603497 0.0568223656041288 -0.0898916258384543
-0.0190504309736225 0.0647449564554343 0.0783695902768108 -0.0608527117914102
0.0242122558775889 0.0581887078173851 0.0544124932220444 -0.0830837222071604
0.0496993048221037 0.00737168938483942 0.00753262121899429 -0.0790183250849829
0.0301959910242402 -0.0327982448869596 -0.0289537555839744 -0.0568178272352211
-0.00366273562322611 -0.0396603318129863 -0.0461050317792622 -0.0298274819993873
-0.0228453980891999 -0.0282632208133759 -0.0450509878016817 -0.0149039911096289
-0.0226827380167871 -0.0212213966204849 -0.0315980157380629 -0.0257713344109457
-0.0210410788842838 -0.0200154581502422 -0.0214823286181758 -0.0405933556820232
-0.0194417764961555 -0.0343053787450518 0.00397969107630475 -0.0593357991437368
0.0030187580229617 -0.0466514905855775 0.0442451755506638 -0.0593672024693506
0.0356713376692409 -0.032402994531906 0.0725395028285135 0.000642700216162156
0.0543611741538391 0.0179816871539255 0.0315913076361289 0.0497999592286556
0.0183376806480726 0.0617526428516571 -0.019922891570512 0.029150196313619
-0.0265831264848258 0.0611139467077912 0.0016766324873959 -0.0534766444550135
-0.0250554236539571 0.00898741759552017 0.0694642862843445 -0.10256658336636
-0.0162553924655302 0.0244398092795459 0.080223078680664 -0.0675479511988573
0.00510887367716529 0.0269165318673238 0.0595566820878553 -0.0777154736385885
0.0193307624242205 0.00574585022953618 0.0203663114867457 -0.0781937619012099
0.0120586918071007 -0.0119669389861693 -0.0203860227467085 -0.0673531358360556
-0.00103421849701392 -0.0153277794296225 -0.0490975684454913 -0.0423486962711194
-0.010930691991079 -0.0122364524765222 -0.0526013001635068 -0.0240210234261324
-0.010031096688184 -0.00962623506940909 -0.0380451512841859 -0.0318269717105972
-0.0104130130607858 -0.00834730085599682 -0.0267985259226522 -0.0469242935145077
-0.0103170627916512 -0.0170096706466776 0.00234896750054852 -0.0656849765267307
0.00248531745581574 -0.0265771604361271 0.0455831392138162 -0.0633020420370379
0.0241527999221975 -0.0182663780735173 0.0756270115243927 -0.00248232396949061
0.03154283203794 0.0186449044107815 0.0330426678892516 0.0462115982297288
-0.00025014836355647 0.0382227204046443 -0.0156978403154593 0.0245562674455747
-0.0265534627249946 0.0220060118840689 0.0117921171973198 -0.0606464919879018
0.0163138366775414 0.0107152105231211 -0.0121083138423405 0.0752590970071258
0.00558313024122485 -0.00992365731596783 0.0443174966750957 -0.00951279804058116
-0.00771544503422309 -0.00793141329101126 -0.0225177704185814 -0.0550632287667695
-0.00461110432113058 0.00408624817386354 -0.0835529212962332 -0.00815800133470245
0.00158024286437001 -0.000255312542906357 -0.0572960745307964 0.064363349792322
0.00234006514967213 -0.00286690398108459 -0.00144993894480907 0.0740768426433481
0.000992334621048739 -0.00395308332890005 0.0262128023477674 0.0569033283804692
-0.00506996272585135 -0.00623251324093899 0.0401382740758208 0.0378495899394285
-0.00592690518209372 -0.00775385884030258 0.0493389065434623 0.0295280755264145
-0.00443417237357271 -0.0117099833494883 0.0479233943331474 0.0408048756321817
0.00752871577000737 -0.0131802796632447 0.0231124000229052 0.0682143667281165
0.016551444681384 -0.00378070150875381 -0.023476948675006 0.0807631794427396
0.0176230192676741 0.00850398798909404 -0.0614453600581453 0.0696119774657573
0.0124552684049458 0.0213489900874811 -0.0938794249163082 0.0608087683493543
0.00676056283406244 0.0357618401171474 -0.0838940602128141 0.094270469513011
0.00376039329279481 0.044312907235041 -0.0178931157606127 0.0653120545699448
0.0133401674966432 0.0175935415745268 0.0457388080918592 -0.00789082463153627
0.0126526255883885 0.0040320165868492 -0.0183334248191521 -0.0632577573888307
0.0122924058057707 -0.00463299935457995 -0.0843834356036234 -0.017632542089055
0.00745915592540247 -0.0193518527024752 -0.062378036955054 0.0584212488672106
-0.00432137057182 -0.0213797226617231 -0.00742713365144095 0.071310100238045
-0.0109578467566063 -0.0164177375278968 0.0207021865331058 0.0537621328508912
-0.0176700334210804 -0.018321371162169 0.0345913547995949 0.0333000177746216
-0.0188415870892894 -0.0233297639147019 0.0433391755628787 0.0222900161399356
-0.0133165057658391 -0.0373511266766962 0.0485227106339279 0.027070801243931
0.0173880086184054 -0.0409212283367802 0.0357083983723156 0.053638855935174
0.0469752735608469 -0.0145892186999365 -0.00415865180696662 0.0804707817355032
0.0486962188891003 0.03155357872788 -0.0464123856842734 0.078140584275713
0.0182291351204019 0.0647430803869961 -0.0790037471072874 0.0625742812521586
-0.0112498275338051 0.0795886003978299 -0.0706359064354381 0.0796384767918223
-0.0142817568614582 0.0730373905848467 -0.0168242531801866 0.042664855257937
0.0160060306149532 0.0490584509998763 0.0497730098159384 -0.0113639812214199
0.0340087366079488 0.0223991910176116 -0.00817817157513084 -0.0752735391548421
0.0341511013896001 -0.0109174761933106 -0.0806574419982739 -0.0340888979182342
0.0159942559132233 -0.037264803227696 -0.0673548836028948 0.044113887747008
-0.00870374075125985 -0.0391605900278955 -0.016453801686658 0.061946802161126
-0.021221085810075 -0.0286150341253383 0.0107534422878459 0.0462310351382887
-0.0284986188396282 -0.0285401149073213 0.0239508322534833 0.0244323983363175
-0.0291562121981125 -0.0336008958046121 0.0322571913746862 0.00963168117794456
-0.0238117625490753 -0.0542170406358194 0.0443996405548391 0.00663622088237467
0.0162862671235921 -0.0642467373150694 0.0479342418878778 0.0284891779919522
0.0620989551204146 -0.0332329424900695 0.0222480695678374 0.0715685885809048
0.0780293813701429 0.0342272950556814 -0.0242934491145554 0.0836890398839872
0.0345889470652627 0.0925199896254497 -0.0628970032160987 0.0612915952112474
-0.0185371773794067 0.111723353225665 -0.0535466269556001 0.0552844457911093
-0.0341110578194767 0.0902525099793843 -0.00653620724020376 0.0108296824967549
0.0114811989660372 0.0779152603537411 0.055595584687275 -0.0195778640008357
0.0503893776282109 0.0463589507572139 0.00713066707704751 -0.0855877206409873
0.0568091718797107 -0.0118675642193848 -0.0681431568177334 -0.0531468331592238
0.0271393340680086 -0.0515363049112574 -0.0675711170642374 0.0205119798685543
-0.0108849864087376 -0.0535771906633897 -0.0266017056408278 0.0441227211732969
-0.0291445265736454 -0.0374142673974655 -0.00259073158089666 0.0327313599516209
-0.0349581816377295 -0.033824530604733 0.0100552516742026 0.0126928192928186
-0.0348189669529333 -0.0378322261704695 0.0179552359974594 -0.00445109639302721
-0.0318560935827777 -0.0605381231961927 0.0348531110550476 -0.0153023405101253
0.00873773347006668 -0.0763342010775327 0.0529005344705662 -0.00164610617664249
0.0625507404301584 -0.0497638078741862 0.0464068552527342 0.0525397240427591
0.0931961302379467 0.0245674204104244 -0.00123062790397601 0.0801437439663159
0.0479788225884428 0.0994251474722533 -0.048046565555176 0.0561423106716419
-0.0193460474370898 0.124553251595446 -0.0364644431040924 0.0238195415315899
-0.0499573665252137 0.0915550062174293 0.0123145563468579 -0.0260367439023032
-0.000517925325049494 0.0938973486502391 0.0631336273333146 -0.0317674330456965
0.0537884497136121 0.0673474324048581 0.0254079119539466 -0.0902903669626399
0.0709463357682873 -0.00540409992444213 -0.0446519074314467 -0.0697565229885629
0.0372190805830128 -0.055375272452465 -0.0587985290350069 -0.00893414581856894
-0.00968064279882819 -0.0595150519927559 -0.0356140352320897 0.0197480861966604
-0.0323834092317688 -0.0418125125833208 -0.0180249684304924 0.016173761724352
-0.0357730136142435 -0.0344112843791198 -0.00540270839155582 -0.00106440937082584
-0.0343856092538909 -0.03537856683528 0.00214454515687085 -0.0178757418056963
-0.032960576102481 -0.0574174476591898 0.0221224884424842 -0.0336880142568246
0.00316661640241454 -0.0749904382804249 0.0503088666940153 -0.0284101975378025
0.0543606074946695 -0.0527457505626143 0.0609693194347131 0.0297596121721166
0.0902600511944619 0.0167571457876488 0.0158630243052407 0.069967307377718
0.0485497476252297 0.0931202152100929 -0.0367235693361191 0.0467148470471216
-0.0202263951917948 0.117301428547721 -0.0219584791741546 -0.00839714746441261
-0.0545451581251093 0.0751800456643477 0.0364276584741721 -0.0605325121993862
-0.0138546900956852 0.0886995347770083 0.0710243416534853 -0.0454114492781789
0.0417479244613245 0.072436911547873 0.0428263512889415 -0.0866765167504902
0.0683621499653774 0.00411576661739289 -0.0151031186480716 -0.0777005154592044
0.0390416045745315 -0.0479336287378257 -0.043302261355013 -0.0366619275271799
-0.00600017621675587 -0.0545097246766416 -0.041284931145747 -0.0075169788173705
-0.0294043596604806 -0.0384134436428897 -0.0322527117401962 -0.000620686586048364
-0.0308385544141392 -0.0304342956426752 -0.0192952427732709 -0.0144260163960407
-0.0293635677848108 -0.0294857315021684 -0.0118089320180119 -0.0297409920428779
-0.0275663847681588 -0.0475128152665462 0.0112573180637485 -0.047963848649259
0.00203025642794659 -0.0627338223484596 0.0457219940926761 -0.0466839944772997
0.0446948737454069 -0.0443796296796721 0.0675583428557095 0.0123249935016826
0.0738038805895084 0.0161547289555569 0.0250877388822586 0.0581439487333114
0.0354766338852059 0.0793805156971686 -0.0277514082752214 0.0361340532782255
-0.0233766651126009 0.0929699657049213 -0.00933541534235835 -0.0355724793507686
-0.0452879679690056 0.045462255950891 0.0581724534599393 -0.0859172234208208
-0.0201012908712823 0.0624121580817943 0.0783277382513759 -0.0567763070211389
0.022863686426426 0.0575137465373833 0.0551071905426994 -0.0790555287170521
0.0485477169750677 0.0084745470673937 0.0099765588176143 -0.078075517395757
0.0300308023415768 -0.0315406597671513 -0.0268316399560934 -0.0571669503424157
-0.00268058716626592 -0.0381934371348315 -0.0446130627478637 -0.0298290853697204
-0.0213504480273325 -0.028145210986933 -0.0441923172777774 -0.0154202776376582
-0.0218659092600847 -0.021920773280378 -0.0306216358554828 -0.0254280757474302
-0.0201927302105222 -0.0200364696765911 -0.0209631929084383 -0.0395563168579259
-0.0186439658484365 -0.0333887979979885 0.00512115883736774 -0.0579850549635424
0.00314803150565976 -0.045694430772427 0.0440613019497539 -0.0564712013827345
0.0351145715329321 -0.0307569321290255 0.0708589637115919 0.00243859287826336
0.0527407250601704 0.0185256715184126 0.0302124198490976 0.0495312619336881
0.0163529972265246 0.0603691610084504 -0.0208439213358308 0.0276250989143926
-0.0266957290391999 0.0592596334377742 0.00221751703148907 -0.0528022792412102
-0.0246550535422083 0.00802938190349854 0.0707009426583481 -0.0978415191912493
-0.0167709488352312 0.0231747241687822 0.0799823353506043 -0.0628302151049301
0.00402416458373786 0.026347575567702 0.0602310248527579 -0.0737249174253153
0.0185314763472565 0.00615373127141324 0.0225712516785822 -0.0764588788453085
0.0115227236275703 -0.01159227153824 -0.018263769860234 -0.0672117171031542
-0.000876790933624577 -0.0147104870591627 -0.0470809251106937 -0.0428027055494787
-0.0104854087690498 -0.0119694080349091 -0.0510963094841507 -0.0241952813139556
-0.00958441725253385 -0.0100272284084702 -0.0367607767899286 -0.0319682867580816
-0.00991620845539922 -0.00886270530555631 -0.0248879329558185 -0.0462286168786819
-0.00960508421518079 -0.0165743988391095 0.00328592132566533 -0.0643333009021041
0.00273045979447375 -0.0255669248051654 0.0451835387194823 -0.060416424866377
0.0238017474750902 -0.0172418124422044 0.0738559820093647 -0.000391989161404223
0.0303480167495963 0.0188133368195581 0.0313780971990066 0.04638537737744
-0.00124918228790677 0.037347274505407 -0.0162619612119766 0.023166369423837
-0.026568398092732 0.0199718988624043 0.0125244255276389 -0.05878606710516
0.0157784957105667 0.0114112012840695 -0.0141017678152909 0.0749908179580639
0.00579220476359339 -0.00982017313544762 0.0461634991979223 -0.00882447537316218
-0.00736648769671263 -0.0081569305690969 -0.0201012266508368 -0.0572740899195746
-0.0045622076789273 0.00413447414694603 -0.0842932640760578 -0.010802565106419
0.00113763485202252 -0.000148959702153487 -0.0600172204226132 0.0635240937312932
0.00241620460787511 -0.00316751927818709 -0.00354430888266868 0.0748816414924901
0.000772644678371766 -0.00453079033691575 0.0250539858135579 0.0582213879434448
-0.00484333036915635 -0.00669643356555538 0.0398204374345203 0.0393718626893611
-0.00606999180843687 -0.00819548509008709 0.0494131335319445 0.031622925727535
-0.00406656898029541 -0.0119175406274635 0.047558758002125 0.0426889808060162
0.00777154233505791 -0.0130045704909414 0.0215863264098907 0.0700081673522324
0.0169139561727814 -0.00380064624329697 -0.0266008937656542 0.0812267918755504
0.0174816480851554 0.0098066468396404 -0.0648660575028744 0.0685030496235545
0.0118471028234087 0.0224516416167783 -0.0972540668260182 0.0580802577670593
0.00532770197100146 0.0368206763746933 -0.0883170357173364 0.0918951523026989
0.00198129380111792 0.0445599191792796 -0.019672558518529 0.0653377758227642
0.0127031266428447 0.0179479767260141 0.047454741929448 -0.00670963706635274
0.0126962650329227 0.00472698843238978 -0.0155083739104756 -0.0650082077208105
0.012741176490523 -0.00426833683986295 -0.0843566378403603 -0.0209298663429916
0.00749942706346995 -0.0194554373436425 -0.0652677886876449 0.0570048065223076
-0.00396262528338884 -0.0218527344144257 -0.00927362589190842 0.0717785210130815
-0.0110124253804996 -0.0171713329731744 0.0198557686162322 0.0546697307149669
-0.0179138061499307 -0.0195392169826328 0.0345759034873534 0.0345354740197822
-0.0188676575618182 -0.0242898963453209 0.0439057430360916 0.0236482911326444
-0.0127925714203651 -0.0380714483744921 0.0487048888085645 0.0290267513274339
0.0183373004173643 -0.0410919372270026 0.0348238924595192 0.05589751927722
0.047804615637011 -0.0131969628450914 -0.00693771761044115 0.0817555871556903
0.0487862298824391 0.0336995238764507 -0.0499031609657614 0.0771320373665553
0.0164103329694424 0.0671431483935803 -0.0827160949520319 0.0597874254331572
-0.0129245622243382 0.0804766063267288 -0.0740739735260676 0.0777599852803565
-0.0171706064166264 0.0731863486068256 -0.0174179473101177 0.0427455141946553
0.0145511896374927 0.0503376935113313 0.0520042553106824 -0.00987388202410537
0.0337430342776051 0.0243843461084413 -0.00476105693132556 -0.0761326574703571
0.034594514913672 -0.0101264998938882 -0.0803949096887231 -0.0377913360452
0.0167807721542688 -0.0376836796798307 -0.069520100003078 0.0420252304482131
-0.00821055669069689 -0.03968556408701 -0.0179026784675989 0.0621875860635562
-0.020817869485092 -0.0297428586087825 0.00932670000610068 0.0467078848602294
-0.0284653944666966 -0.029631618954874 0.0237833469066587 0.0259252117025329
-0.0286821683667951 -0.035341549502643 0.0328525838472314 0.0110886394870701
-0.0232955618521839 -0.0553370798986325 0.0450359933973548 0.00799901685714689
0.0173190601936112 -0.0648713948539171 0.0474423506084087 0.0309477245808474
0.0639559385393557 -0.0325513502962852 0.0201944563958641 0.0735302931746318
0.0787986621046295 0.0372092011994973 -0.026772543328755 0.083390927689018
0.0323439878826683 0.095062469399256 -0.0661397147158932 0.0597333501865838
-0.0219549685775332 0.112824736010248 -0.0565127026048332 0.0536017030849852
-0.0380270969244653 0.0903197131598417 -0.00607595300247886 0.0109362901533699
0.0089589545516739 0.0790612310461733 0.0582243449899875 -0.0170498461749431
0.0501412396324912 0.04822477193827 0.0108016362494172 -0.0862484957495187
0.0576862078608913 -0.0106258732645737 -0.0672847749430693 -0.0569527840101467
0.0283010165973525 -0.051492083602429 -0.0688013904169335 0.0184264711872343
-0.0101638852189051 -0.0543005871234165 -0.0280215448761649 0.0439535376922808
-0.0281190742500324 -0.0392112599499543 -0.0035660099554099 0.0332847890875465
-0.0342979068392 -0.0353189639316203 0.00998019615315495 0.0126399280035544
-0.0343639261142758 -0.0395708174376413 0.0187065611715289 -0.00360589414084764
-0.0311744602824858 -0.0621644142167445 0.0354379223472543 -0.0144164600525167
0.0103268919325114 -0.0772599800065838 0.0529649712461948 0.000185792966727538
0.064450901844374 -0.0485265910288312 0.045559323517389 0.0549262283832726
0.0943354681475647 0.0278550312720608 -0.00395950916802258 0.0808705911112059
0.0461602019187986 0.102606955353142 -0.0507245766561422 0.0547086510890689
-0.0233723846759255 0.125591932830754 -0.0379821351223084 0.022215825981838
-0.0537293483367263 0.0906298995757476 0.014257658279357 -0.0260483696218028
-0.00405307084592303 0.0951624818775814 0.0658652017168274 -0.0296380397827022
0.0526294539487479 0.06994885508094 0.0295456797169507 -0.0902779535547009
0.0721775448462411 -0.00355308422974569 -0.04233008622405 -0.0727523016701447
0.0384048866579194 -0.0551387547399713 -0.0595982867810058 -0.0112032325767696
-0.00859170932601967 -0.0602965393173939 -0.0362513145187025 0.0187173290709709
-0.0312625081151809 -0.0427728524815084 -0.0186872685146262 0.0166111625283258
-0.0358099545730833 -0.0363008282603692 -0.00529103341498707 -0.00132581058683819
-0.0341041399341574 -0.0371596688636969 0.00300204566228619 -0.0178367004821957
-0.0315861884101329 -0.058425258085968 0.0232397634410399 -0.0337349008051471
0.00422952080926305 -0.0759101055291828 0.0507167256075585 -0.0266767659050658
0.0561860656620522 -0.0519286340277392 0.0606386300050326 0.032580575880209
0.0910099595244426 0.0192806716588801 0.0139229439834058 0.0715185289257034
0.0471129683359569 0.0956120557272803 -0.0394143905890222 0.0452976066639629
-0.0233703311190011 0.117584663083602 -0.0225287470321052 -0.0103353969244292
-0.0578066273313966 0.0743082648476374 0.0394327740182987 -0.0599096081555075
-0.0173107835180336 0.0892965962052228 0.0738841418314918 -0.0427010152188321
0.0403328361111717 0.0753521660890771 0.046454098862167 -0.0858889917899468
0.0692281224980579 0.00570941752533171 -0.012409684562014 -0.0797275170231796
0.0403075155774405 -0.0474512119436022 -0.042308554712161 -0.0394619861992375
-0.00475749281686337 -0.0550513127890162 -0.0414382548535184 -0.00862950548196174
-0.0288769796446677 -0.0398077339878342 -0.0332538590827478 -0.00123670594872733
-0.0308902668830519 -0.0318932034081098 -0.0196678307644627 -0.0151398619288098
-0.028220819722111 -0.0308314778220109 -0.010735523330057 -0.0301963090480632
-0.0266224813545138 -0.0484584919674721 0.0127344915213112 -0.0483154937885474
0.00301441070543679 -0.0635177595399433 0.0476077861204602 -0.0456816079588897
0.0463213956125677 -0.043711508691679 0.0682026872429414 0.0145932885811532
0.0749560508219659 0.0183005572202644 0.0240459027510869 0.0599454229918847
0.0339394214234077 0.081124435106248 -0.0296651186242105 0.0352599289705953
-0.0259518720013 0.0933320372328579 -0.00923975380357375 -0.0366357360865615
-0.0471513447822517 0.0442808286403008 0.0619915546091144 -0.0843885530316055
-0.0227308648817037 0.0621806882355436 0.0813475970025067 -0.0537836644300653
0.0211894602484642 0.0591266691878412 0.0585312371068195 -0.077811677856861
0.0485175031145203 0.00977561194112891 0.0132865468264823 -0.0791723246015992
0.030405551009677 -0.0311122433825464 -0.0251665276316476 -0.0594279863058001
-0.00190953884035446 -0.0382831852712698 -0.0439977711442664 -0.0318123009339701
-0.0213187265602894 -0.02903114773115 -0.0444167913063777 -0.0161587033750909
-0.0220053178672876 -0.022949316023423 -0.0308296018180944 -0.0265651184799545
-0.0196962210733701 -0.0213114167137351 -0.0197920969837315 -0.0403203077726006
-0.0178576576760543 -0.0341227743560268 0.00644336987422806 -0.0581765519875676
0.0037743115301642 -0.0454608172061536 0.0458221954637282 -0.0558050593334228
0.0359920756062032 -0.0296756473089566 0.0715875343080114 0.00414792777064512
0.0528998433550261 0.0207782208588412 0.0291286671806709 0.051166119995108
0.0150613023463504 0.0615884750317363 -0.0224158526259799 0.0268439102268914
-0.0287953504875422 0.0586690575256787 0.00331922264750305 -0.0529776676610685
-0.0254022437400232 0.007137980273939 0.0751889857367419 -0.0966239092264151
-0.0177934278850159 0.0230562668494402 0.0832516233446077 -0.0609308778933202
0.0036915929252519 0.0263395380971578 0.0633988800827343 -0.0722115416451382
0.0188308196339338 0.00663090409841128 0.0263024096530169 -0.0774774746074315
0.0119779857690945 -0.011258380338587 -0.0164693432210941 -0.069154620605473
-0.00043246416930797 -0.0143755483474284 -0.0467523987461711 -0.0444172809169413
-0.0100068314966162 -0.0120572472973436 -0.0513588662055264 -0.0254271731171432
-0.00956122553713707 -0.0108469750149281 -0.037426853813669 -0.0330188940757524
-0.00930374286387481 -0.00920973580558486 -0.0240254737789863 -0.0472070597295839
-0.00886287993775868 -0.0166097403031559 0.0050997305083483 -0.0647707166447728
0.0031663524445003 -0.0255373886963691 0.0479248571478579 -0.0599014695698248
0.0241710947014116 -0.0164564311077708 0.0749386728979915 0.0016191391542532
0.0307818002993419 0.0198692983262195 0.0306800527379346 0.0480190057947701
-0.00231887748550164 0.0379921307425602 -0.0174313897212355 0.0224460008803135
-0.0278527477899573 0.0197629687497549 0.0141246673585548 -0.0589425292826013
